#1 0 80000000 595552b7 r 05         59555000  lui      x5, 0x59555
#2 0 80000004 55528293 r 05         59555555  addi     x5, x5, 0x555
#3 0 80000008 7c029073 c 07c0       59555555  csrrw    x0, mrac, x5
#4 0 8000000c 70041117 r 02         f004100c  auipc    x2, 0x70041
#5 0 80000010 03410113 r 02         f0041040  addi     x2, x2, 0x34
#6 0 80000014     2479 r 01         80000016  c.jal    . + 0x28e
#7 0 800002a2     7179 r 02         f0041010  c.addi16sp -0x3
#8 0 800002a4 70040697 r 0d         f00402a4  auipc    x13, 0x70040
#9 0 800002a8 d806a823 m f0040034   00000000  sw       x0, -0x270(x13)
#10 0 800002ac     d606 m f004103c   80000016  c.swsp   x1, 0x2c
#11 0 800002ae 70040797 r 0f         f00402ae  auipc    x15, 0x70040
#12 0 800002b2 d5278793 r 0f         f0040000  addi     x15, x15, -0x2ae
#13 0 800002b6 06300693 r 0d         00000063  addi     x13, x0, 0x63
#14 0 800002ba     db94 m f0040030   00000063  c.sw     x13, 0x30(x15)
#15 0 800002bc 70040697 r 0d         f00402bc  auipc    x13, 0x70040
#16 0 800002c0 d4c68693 r 0d         f0040008  addi     x13, x13, -0x2b4
#17 0 800002c4     c3d4 m f0040004   f0040008  c.sw     x13, 0x4(x15)
#18 0 800002c6 70040697 r 0d         f00402c6  auipc    x13, 0x70040
#19 0 800002ca d206ad23 m f0040000   00000000  sw       x0, -0x2c6(x13)
#20 0 800002ce 70040697 r 0d         f00402ce  auipc    x13, 0x70040
#21 0 800002d2 d4268693 r 0d         f0040010  addi     x13, x13, -0x2be
#22 0 800002d6     c7d4 m f004000c   f0040010  c.sw     x13, 0xc(x15)
#23 0 800002d8     4685 r 0d         00000001  c.li     x13, 0x1
#24 0 800002da     c794 m f0040008   00000001  c.sw     x13, 0x8(x15)
#25 0 800002dc 70040697 r 0d         f00402dc  auipc    x13, 0x70040
#26 0 800002e0 d3c68693 r 0d         f0040018  addi     x13, x13, -0x2c4
#27 0 800002e4     cbd4 m f0040014   f0040018  c.sw     x13, 0x14(x15)
#28 0 800002e6     4689 r 0d         00000002  c.li     x13, 0x2
#29 0 800002e8     cb94 m f0040010   00000002  c.sw     x13, 0x10(x15)
#30 0 800002ea 70040697 r 0d         f00402ea  auipc    x13, 0x70040
#31 0 800002ee d3668693 r 0d         f0040020  addi     x13, x13, -0x2ca
#32 0 800002f2     cfd4 m f004001c   f0040020  c.sw     x13, 0x1c(x15)
#33 0 800002f4     468d r 0d         00000003  c.li     x13, 0x3
#34 0 800002f6     cf94 m f0040018   00000003  c.sw     x13, 0x18(x15)
#35 0 800002f8 70040697 r 0d         f00402f8  auipc    x13, 0x70040
#36 0 800002fc d3068693 r 0d         f0040028  addi     x13, x13, -0x2d0
#37 0 80000300     d3d4 m f0040024   f0040028  c.sw     x13, 0x24(x15)
#38 0 80000302     4691 r 0d         00000004  c.li     x13, 0x4
#39 0 80000304     d394 m f0040020   00000004  c.sw     x13, 0x20(x15)
#40 0 80000306 70040697 r 0d         f0040306  auipc    x13, 0x70040
#41 0 8000030a d2a68693 r 0d         f0040030  addi     x13, x13, -0x2d6
#42 0 8000030e     471d r 0e         00000007  c.li     x14, 0x7
#43 0 80000310 70040897 r 11         f0040310  auipc    x17, 0x70040
#44 0 80000314 d2888893 r 11         f0040038  addi     x17, x17, -0x2d8
#45 0 80000318     d7d4 m f004002c   f0040030  c.sw     x13, 0x2c(x15)
#46 0 8000031a     4695 r 0d         00000005  c.li     x13, 0x5
#47 0 8000031c     d794 m f0040028   00000005  c.sw     x13, 0x28(x15)
#48 0 8000031e 00e8a023 m f0040038   00000007  sw       x14, 0x0(x17)
#49 0 80000322     c03a m f0041010   00000007  c.swsp   x14, 0x0
#50 0 80000324     c202 m f0041014   00000000  c.swsp   x0, 0x4
#51 0 80000326     c802 m f0041020   00000000  c.swsp   x0, 0x10
#52 0 80000328     ca02 m f0041024   00000000  c.swsp   x0, 0x14
#53 0 8000032a     cc02 m f0041028   00000000  c.swsp   x0, 0x18
#54 0 8000032c     ce02 m f004102c   00000000  c.swsp   x0, 0x1c
#55 0 8000032e     4681 r 0d         00000000  c.li     x13, 0x0
#56 0 80000330     a011 r 00         00000000  c.j      . + 0x4
#57 0 80000334 0047a803 r 10         f0040008  lw       x16, 0x4(x15)
#58 0 80000338     c398 m f0040000   00000007  c.sw     x14, 0x0(x15)
#59 0 8000033a     c3d4 m f0040004   00000000  c.sw     x13, 0x4(x15)
#60 0 8000033c     177d r 0e         00000006  c.addi   x14, -0x1
#61 0 8000033e     86be r 0d         f0040000  c.mv     x13, x15
#62 0 80000340     fb6d r 00         00000000  c.bnez   x14, . - 0xe
#63 0 80000332     87c2 r 0f         f0040008  c.mv     x15, x16
#64 0 80000334 0047a803 r 10         f0040010  lw       x16, 0x4(x15)
#65 0 80000338     c398 m f0040008   00000006  c.sw     x14, 0x0(x15)
#66 0 8000033a     c3d4 m f004000c   f0040000  c.sw     x13, 0x4(x15)
#67 0 8000033c     177d r 0e         00000005  c.addi   x14, -0x1
#68 0 8000033e     86be r 0d         f0040008  c.mv     x13, x15
#69 0 80000340     fb6d r 00         00000000  c.bnez   x14, . - 0xe
#70 0 80000332     87c2 r 0f         f0040010  c.mv     x15, x16
#71 0 80000334 0047a803 r 10         f0040018  lw       x16, 0x4(x15)
#72 0 80000338     c398 m f0040010   00000005  c.sw     x14, 0x0(x15)
#73 0 8000033a     c3d4 m f0040014   f0040008  c.sw     x13, 0x4(x15)
#74 0 8000033c     177d r 0e         00000004  c.addi   x14, -0x1
#75 0 8000033e     86be r 0d         f0040010  c.mv     x13, x15
#76 0 80000340     fb6d r 00         00000000  c.bnez   x14, . - 0xe
#77 0 80000332     87c2 r 0f         f0040018  c.mv     x15, x16
#78 0 80000334 0047a803 r 10         f0040020  lw       x16, 0x4(x15)
#79 0 80000338     c398 m f0040018   00000004  c.sw     x14, 0x0(x15)
#80 0 8000033a     c3d4 m f004001c   f0040010  c.sw     x13, 0x4(x15)
#81 0 8000033c     177d r 0e         00000003  c.addi   x14, -0x1
#82 0 8000033e     86be r 0d         f0040018  c.mv     x13, x15
#83 0 80000340     fb6d r 00         00000000  c.bnez   x14, . - 0xe
#84 0 80000332     87c2 r 0f         f0040020  c.mv     x15, x16
#85 0 80000334 0047a803 r 10         f0040028  lw       x16, 0x4(x15)
#86 0 80000338     c398 m f0040020   00000003  c.sw     x14, 0x0(x15)
#87 0 8000033a     c3d4 m f0040024   f0040018  c.sw     x13, 0x4(x15)
#88 0 8000033c     177d r 0e         00000002  c.addi   x14, -0x1
#89 0 8000033e     86be r 0d         f0040020  c.mv     x13, x15
#90 0 80000340     fb6d r 00         00000000  c.bnez   x14, . - 0xe
#91 0 80000332     87c2 r 0f         f0040028  c.mv     x15, x16
#92 0 80000334 0047a803 r 10         f0040030  lw       x16, 0x4(x15)
#93 0 80000338     c398 m f0040028   00000002  c.sw     x14, 0x0(x15)
#94 0 8000033a     c3d4 m f004002c   f0040020  c.sw     x13, 0x4(x15)
#95 0 8000033c     177d r 0e         00000001  c.addi   x14, -0x1
#96 0 8000033e     86be r 0d         f0040028  c.mv     x13, x15
#97 0 80000340     fb6d r 00         00000000  c.bnez   x14, . - 0xe
#98 0 80000332     87c2 r 0f         f0040030  c.mv     x15, x16
#99 0 80000334 0047a803 r 10         00000000  lw       x16, 0x4(x15)
#100 0 80000338     c398 m f0040030   00000001  c.sw     x14, 0x0(x15)
#101 0 8000033a     c3d4 m f0040034   f0040028  c.sw     x13, 0x4(x15)
#102 0 8000033c     177d r 0e         00000000  c.addi   x14, -0x1
#103 0 8000033e     86be r 0d         f0040030  c.mv     x13, x15
#104 0 80000340     fb6d r 00         00000000  c.bnez   x14, . - 0xe
#105 0 80000342     459d r 0b         00000007  c.li     x11, 0x7
#106 0 80000344     0838 r 0e         f0041028  c.addi4spn  x14, 0x6
#107 0 80000346     0814 r 0d         f0041020  c.addi4spn  x13, 0x4
#108 0 80000348     0030 r 0c         f0041018  c.addi4spn  x12, 0x2
#109 0 8000034a     850a r 0a         f0041010  c.mv     x10, x2
#110 0 8000034c     c63e m f004101c   f0040030  c.swsp   x15, 0xc
#111 0 8000034e     479d r 0f         00000007  c.li     x15, 0x7
#112 0 80000350     c43e m f0041018   00000007  c.swsp   x15, 0x8
#113 0 80000352 0108a223 m f004003c   00000000  sw       x16, 0x4(x17)
#114 0 80000356     3545 r 01         80000358  c.jal    . - 0x160
#115 0 800001f6     1101 r 02         f0040ff0  c.addi   x2, -0x20
#116 0 800001f8     cc22 m f0041008   00000000  c.swsp   x8, 0x18
#117 0 800001fa     ca26 m f0041004   00000000  c.swsp   x9, 0x14
#118 0 800001fc     c84a m f0041000   00000000  c.swsp   x18, 0x10
#119 0 800001fe     c64e m f0040ffc   00000000  c.swsp   x19, 0xc
#120 0 80000200     c452 m f0040ff8   00000000  c.swsp   x20, 0x8
#121 0 80000202     ce06 m f004100c   80000358  c.swsp   x1, 0x1c
#122 0 80000204     4785 r 0f         00000001  c.li     x15, 0x1
#123 0 80000206     8a2a r 14         f0041010  c.mv     x20, x10
#124 0 80000208     8932 r 12         f0041018  c.mv     x18, x12
#125 0 8000020a     89ba r 13         f0041028  c.mv     x19, x14
#126 0 8000020c     84ae r 09         00000007  c.mv     x9, x11
#127 0 8000020e     8436 r 08         f0041020  c.mv     x8, x13
#128 0 80000210 02f58663 r 00         00000000  beq      x11, x15, . + 0x2c
#129 0 80000214     14fd r 09         00000006  c.addi   x9, -0x1
#130 0 80000216     85a6 r 0b         00000006  c.mv     x11, x9
#131 0 80000218     8552 r 0a         f0041010  c.mv     x10, x20
#132 0 8000021a     8722 r 0e         f0041020  c.mv     x14, x8
#133 0 8000021c     86ce r 0d         f0041028  c.mv     x13, x19
#134 0 8000021e     864a r 0c         f0041018  c.mv     x12, x18
#135 0 80000220     3fd9 r 01         80000222  c.jal    . - 0x2a
#136 0 800001f6     1101 r 02         f0040fd0  c.addi   x2, -0x20
#137 0 800001f8     cc22 m f0040fe8   f0041020  c.swsp   x8, 0x18
#138 0 800001fa     ca26 m f0040fe4   00000006  c.swsp   x9, 0x14
#139 0 800001fc     c84a m f0040fe0   f0041018  c.swsp   x18, 0x10
#140 0 800001fe     c64e m f0040fdc   f0041028  c.swsp   x19, 0xc
#141 0 80000200     c452 m f0040fd8   f0041010  c.swsp   x20, 0x8
#142 0 80000202     ce06 m f0040fec   80000222  c.swsp   x1, 0x1c
#143 0 80000204     4785 r 0f         00000001  c.li     x15, 0x1
#144 0 80000206     8a2a r 14         f0041010  c.mv     x20, x10
#145 0 80000208     8932 r 12         f0041018  c.mv     x18, x12
#146 0 8000020a     89ba r 13         f0041020  c.mv     x19, x14
#147 0 8000020c     84ae r 09         00000006  c.mv     x9, x11
#148 0 8000020e     8436 r 08         f0041028  c.mv     x8, x13
#149 0 80000210 02f58663 r 00         00000000  beq      x11, x15, . + 0x2c
#150 0 80000214     14fd r 09         00000005  c.addi   x9, -0x1
#151 0 80000216     85a6 r 0b         00000005  c.mv     x11, x9
#152 0 80000218     8552 r 0a         f0041010  c.mv     x10, x20
#153 0 8000021a     8722 r 0e         f0041028  c.mv     x14, x8
#154 0 8000021c     86ce r 0d         f0041020  c.mv     x13, x19
#155 0 8000021e     864a r 0c         f0041018  c.mv     x12, x18
#156 0 80000220     3fd9 r 01         80000222  c.jal    . - 0x2a
#157 0 800001f6     1101 r 02         f0040fb0  c.addi   x2, -0x20
#158 0 800001f8     cc22 m f0040fc8   f0041028  c.swsp   x8, 0x18
#159 0 800001fa     ca26 m f0040fc4   00000005  c.swsp   x9, 0x14
#160 0 800001fc     c84a m f0040fc0   f0041018  c.swsp   x18, 0x10
#161 0 800001fe     c64e m f0040fbc   f0041020  c.swsp   x19, 0xc
#162 0 80000200     c452 m f0040fb8   f0041010  c.swsp   x20, 0x8
#163 0 80000202     ce06 m f0040fcc   80000222  c.swsp   x1, 0x1c
#164 0 80000204     4785 r 0f         00000001  c.li     x15, 0x1
#165 0 80000206     8a2a r 14         f0041010  c.mv     x20, x10
#166 0 80000208     8932 r 12         f0041018  c.mv     x18, x12
#167 0 8000020a     89ba r 13         f0041028  c.mv     x19, x14
#168 0 8000020c     84ae r 09         00000005  c.mv     x9, x11
#169 0 8000020e     8436 r 08         f0041020  c.mv     x8, x13
#170 0 80000210 02f58663 r 00         00000000  beq      x11, x15, . + 0x2c
#171 0 80000214     14fd r 09         00000004  c.addi   x9, -0x1
#172 0 80000216     85a6 r 0b         00000004  c.mv     x11, x9
#173 0 80000218     8552 r 0a         f0041010  c.mv     x10, x20
#174 0 8000021a     8722 r 0e         f0041020  c.mv     x14, x8
#175 0 8000021c     86ce r 0d         f0041028  c.mv     x13, x19
#176 0 8000021e     864a r 0c         f0041018  c.mv     x12, x18
#177 0 80000220     3fd9 r 01         80000222  c.jal    . - 0x2a
#178 0 800001f6     1101 r 02         f0040f90  c.addi   x2, -0x20
#179 0 800001f8     cc22 m f0040fa8   f0041020  c.swsp   x8, 0x18
#180 0 800001fa     ca26 m f0040fa4   00000004  c.swsp   x9, 0x14
#181 0 800001fc     c84a m f0040fa0   f0041018  c.swsp   x18, 0x10
#182 0 800001fe     c64e m f0040f9c   f0041028  c.swsp   x19, 0xc
#183 0 80000200     c452 m f0040f98   f0041010  c.swsp   x20, 0x8
#184 0 80000202     ce06 m f0040fac   80000222  c.swsp   x1, 0x1c
#185 0 80000204     4785 r 0f         00000001  c.li     x15, 0x1
#186 0 80000206     8a2a r 14         f0041010  c.mv     x20, x10
#187 0 80000208     8932 r 12         f0041018  c.mv     x18, x12
#188 0 8000020a     89ba r 13         f0041020  c.mv     x19, x14
#189 0 8000020c     84ae r 09         00000004  c.mv     x9, x11
#190 0 8000020e     8436 r 08         f0041028  c.mv     x8, x13
#191 0 80000210 02f58663 r 00         00000000  beq      x11, x15, . + 0x2c
#192 0 80000214     14fd r 09         00000003  c.addi   x9, -0x1
#193 0 80000216     85a6 r 0b         00000003  c.mv     x11, x9
#194 0 80000218     8552 r 0a         f0041010  c.mv     x10, x20
#195 0 8000021a     8722 r 0e         f0041028  c.mv     x14, x8
#196 0 8000021c     86ce r 0d         f0041020  c.mv     x13, x19
#197 0 8000021e     864a r 0c         f0041018  c.mv     x12, x18
#198 0 80000220     3fd9 r 01         80000222  c.jal    . - 0x2a
#199 0 800001f6     1101 r 02         f0040f70  c.addi   x2, -0x20
#200 0 800001f8     cc22 m f0040f88   f0041028  c.swsp   x8, 0x18
#201 0 800001fa     ca26 m f0040f84   00000003  c.swsp   x9, 0x14
#202 0 800001fc     c84a m f0040f80   f0041018  c.swsp   x18, 0x10
#203 0 800001fe     c64e m f0040f7c   f0041020  c.swsp   x19, 0xc
#204 0 80000200     c452 m f0040f78   f0041010  c.swsp   x20, 0x8
#205 0 80000202     ce06 m f0040f8c   80000222  c.swsp   x1, 0x1c
#206 0 80000204     4785 r 0f         00000001  c.li     x15, 0x1
#207 0 80000206     8a2a r 14         f0041010  c.mv     x20, x10
#208 0 80000208     8932 r 12         f0041018  c.mv     x18, x12
#209 0 8000020a     89ba r 13         f0041028  c.mv     x19, x14
#210 0 8000020c     84ae r 09         00000003  c.mv     x9, x11
#211 0 8000020e     8436 r 08         f0041020  c.mv     x8, x13
#212 0 80000210 02f58663 r 00         00000000  beq      x11, x15, . + 0x2c
#213 0 80000214     14fd r 09         00000002  c.addi   x9, -0x1
#214 0 80000216     85a6 r 0b         00000002  c.mv     x11, x9
#215 0 80000218     8552 r 0a         f0041010  c.mv     x10, x20
#216 0 8000021a     8722 r 0e         f0041020  c.mv     x14, x8
#217 0 8000021c     86ce r 0d         f0041028  c.mv     x13, x19
#218 0 8000021e     864a r 0c         f0041018  c.mv     x12, x18
#219 0 80000220     3fd9 r 01         80000222  c.jal    . - 0x2a
#220 0 800001f6     1101 r 02         f0040f50  c.addi   x2, -0x20
#221 0 800001f8     cc22 m f0040f68   f0041020  c.swsp   x8, 0x18
#222 0 800001fa     ca26 m f0040f64   00000002  c.swsp   x9, 0x14
#223 0 800001fc     c84a m f0040f60   f0041018  c.swsp   x18, 0x10
#224 0 800001fe     c64e m f0040f5c   f0041028  c.swsp   x19, 0xc
#225 0 80000200     c452 m f0040f58   f0041010  c.swsp   x20, 0x8
#226 0 80000202     ce06 m f0040f6c   80000222  c.swsp   x1, 0x1c
#227 0 80000204     4785 r 0f         00000001  c.li     x15, 0x1
#228 0 80000206     8a2a r 14         f0041010  c.mv     x20, x10
#229 0 80000208     8932 r 12         f0041018  c.mv     x18, x12
#230 0 8000020a     89ba r 13         f0041020  c.mv     x19, x14
#231 0 8000020c     84ae r 09         00000002  c.mv     x9, x11
#232 0 8000020e     8436 r 08         f0041028  c.mv     x8, x13
#233 0 80000210 02f58663 r 00         00000000  beq      x11, x15, . + 0x2c
#234 0 80000214     14fd r 09         00000001  c.addi   x9, -0x1
#235 0 80000216     85a6 r 0b         00000001  c.mv     x11, x9
#236 0 80000218     8552 r 0a         f0041010  c.mv     x10, x20
#237 0 8000021a     8722 r 0e         f0041028  c.mv     x14, x8
#238 0 8000021c     86ce r 0d         f0041020  c.mv     x13, x19
#239 0 8000021e     864a r 0c         f0041018  c.mv     x12, x18
#240 0 80000220     3fd9 r 01         80000222  c.jal    . - 0x2a
#241 0 800001f6     1101 r 02         f0040f30  c.addi   x2, -0x20
#242 0 800001f8     cc22 m f0040f48   f0041028  c.swsp   x8, 0x18
#243 0 800001fa     ca26 m f0040f44   00000001  c.swsp   x9, 0x14
#244 0 800001fc     c84a m f0040f40   f0041018  c.swsp   x18, 0x10
#245 0 800001fe     c64e m f0040f3c   f0041020  c.swsp   x19, 0xc
#246 0 80000200     c452 m f0040f38   f0041010  c.swsp   x20, 0x8
#247 0 80000202     ce06 m f0040f4c   80000222  c.swsp   x1, 0x1c
#248 0 80000204     4785 r 0f         00000001  c.li     x15, 0x1
#249 0 80000206     8a2a r 14         f0041010  c.mv     x20, x10
#250 0 80000208     8932 r 12         f0041018  c.mv     x18, x12
#251 0 8000020a     89ba r 13         f0041028  c.mv     x19, x14
#252 0 8000020c     84ae r 09         00000001  c.mv     x9, x11
#253 0 8000020e     8436 r 08         f0041020  c.mv     x8, x13
#254 0 80000210 02f58663 r 00         00000000  beq      x11, x15, . + 0x2c
#255 0 8000023c     8432 r 08         f0041018  c.mv     x8, x12
#256 0 8000023e     405c r 0f         f0040030  c.lw     x15, 0x4(x8)
#257 0 80000240     4014 r 0d         00000007  c.lw     x13, 0x0(x8)
#258 0 80000242 004a2703 r 0e         00000000  lw       x14, 0x4(x20)
#259 0 80000246     43cc r 0b         f0040028  c.lw     x11, 0x4(x15)
#260 0 80000248     4390 r 0c         00000001  c.lw     x12, 0x0(x15)
#261 0 8000024a     16fd r 0d         00000006  c.addi   x13, -0x1
#262 0 8000024c     c04c m f004101c   f0040028  c.sw     x11, 0x4(x8)
#263 0 8000024e 0049a583 r 0b         00000000  lw       x11, 0x4(x19)
#264 0 80000252     c014 m f0041018   00000006  c.sw     x13, 0x0(x8)
#265 0 80000254 0009a683 r 0d         00000000  lw       x13, 0x0(x19)
#266 0 80000258     c3cc m f0040034   00000000  c.sw     x11, 0x4(x15)
#267 0 8000025a 00f9a223 m f004102c   f0040030  sw       x15, 0x4(x19)
#268 0 8000025e     c390 m f0040030   00000001  c.sw     x12, 0x0(x15)
#269 0 80000260     40f2 r 01         80000222  c.lwsp   x1, 0x1c
#270 0 80000262     4462 r 08         f0041028  c.lwsp   x8, 0x18
#271 0 80000264 00168793 r 0f         00000001  addi     x15, x13, 0x1
#272 0 80000268 00f9a023 m f0041028   00000001  sw       x15, 0x0(x19)
#273 0 8000026c 00170793 r 0f         00000001  addi     x15, x14, 0x1
#274 0 80000270 00fa2223 m f0041014   00000001  sw       x15, 0x4(x20)
#275 0 80000274     44d2 r 09         00000001  c.lwsp   x9, 0x14
#276 0 80000276     4942 r 12         f0041018  c.lwsp   x18, 0x10
#277 0 80000278     49b2 r 13         f0041020  c.lwsp   x19, 0xc
#278 0 8000027a     4a22 r 14         f0041010  c.lwsp   x20, 0x8
#279 0 8000027c     6105 r 02         f0040f50  c.addi16sp 0x2
#280 0 8000027e     8082 r 00         00000000  c.jr     x1
#281 0 80000222     874e r 0e         f0041020  c.mv     x14, x19
#282 0 80000224     86a2 r 0d         f0041028  c.mv     x13, x8
#283 0 80000226     864a r 0c         f0041018  c.mv     x12, x18
#284 0 80000228     4585 r 0b         00000001  c.li     x11, 0x1
#285 0 8000022a     8552 r 0a         f0041010  c.mv     x10, x20
#286 0 8000022c     37e9 r 01         8000022e  c.jal    . - 0x36
#287 0 800001f6     1101 r 02         f0040f30  c.addi   x2, -0x20
#288 0 800001f8     cc22 m f0040f48   f0041028  c.swsp   x8, 0x18
#289 0 800001fa     ca26 m f0040f44   00000001  c.swsp   x9, 0x14
#290 0 800001fc     c84a m f0040f40   f0041018  c.swsp   x18, 0x10
#291 0 800001fe     c64e m f0040f3c   f0041020  c.swsp   x19, 0xc
#292 0 80000200     c452 m f0040f38   f0041010  c.swsp   x20, 0x8
#293 0 80000202     ce06 m f0040f4c   8000022e  c.swsp   x1, 0x1c
#294 0 80000204     4785 r 0f         00000001  c.li     x15, 0x1
#295 0 80000206     8a2a r 14         f0041010  c.mv     x20, x10
#296 0 80000208     8932 r 12         f0041018  c.mv     x18, x12
#297 0 8000020a     89ba r 13         f0041020  c.mv     x19, x14
#298 0 8000020c     84ae r 09         00000001  c.mv     x9, x11
#299 0 8000020e     8436 r 08         f0041028  c.mv     x8, x13
#300 0 80000210 02f58663 r 00         00000000  beq      x11, x15, . + 0x2c
#301 0 8000023c     8432 r 08         f0041018  c.mv     x8, x12
#302 0 8000023e     405c r 0f         f0040028  c.lw     x15, 0x4(x8)
#303 0 80000240     4014 r 0d         00000006  c.lw     x13, 0x0(x8)
#304 0 80000242 004a2703 r 0e         00000001  lw       x14, 0x4(x20)
#305 0 80000246     43cc r 0b         f0040020  c.lw     x11, 0x4(x15)
#306 0 80000248     4390 r 0c         00000002  c.lw     x12, 0x0(x15)
#307 0 8000024a     16fd r 0d         00000005  c.addi   x13, -0x1
#308 0 8000024c     c04c m f004101c   f0040020  c.sw     x11, 0x4(x8)
#309 0 8000024e 0049a583 r 0b         00000000  lw       x11, 0x4(x19)
#310 0 80000252     c014 m f0041018   00000005  c.sw     x13, 0x0(x8)
#311 0 80000254 0009a683 r 0d         00000000  lw       x13, 0x0(x19)
#312 0 80000258     c3cc m f004002c   00000000  c.sw     x11, 0x4(x15)
#313 0 8000025a 00f9a223 m f0041024   f0040028  sw       x15, 0x4(x19)
#314 0 8000025e     c390 m f0040028   00000002  c.sw     x12, 0x0(x15)
#315 0 80000260     40f2 r 01         8000022e  c.lwsp   x1, 0x1c
#316 0 80000262     4462 r 08         f0041028  c.lwsp   x8, 0x18
#317 0 80000264 00168793 r 0f         00000001  addi     x15, x13, 0x1
#318 0 80000268 00f9a023 m f0041020   00000001  sw       x15, 0x0(x19)
#319 0 8000026c 00170793 r 0f         00000002  addi     x15, x14, 0x1
#320 0 80000270 00fa2223 m f0041014   00000002  sw       x15, 0x4(x20)
#321 0 80000274     44d2 r 09         00000001  c.lwsp   x9, 0x14
#322 0 80000276     4942 r 12         f0041018  c.lwsp   x18, 0x10
#323 0 80000278     49b2 r 13         f0041020  c.lwsp   x19, 0xc
#324 0 8000027a     4a22 r 14         f0041010  c.lwsp   x20, 0x8
#325 0 8000027c     6105 r 02         f0040f50  c.addi16sp 0x2
#326 0 8000027e     8082 r 00         00000000  c.jr     x1
#327 0 8000022e     4785 r 0f         00000001  c.li     x15, 0x1
#328 0 80000230     874a r 0e         f0041018  c.mv     x14, x18
#329 0 80000232 00f48663 r 00         00000000  beq      x9, x15, . + 0xc
#330 0 8000023e     405c r 0f         f0040030  c.lw     x15, 0x4(x8)
#331 0 80000240     4014 r 0d         00000001  c.lw     x13, 0x0(x8)
#332 0 80000242 004a2703 r 0e         00000002  lw       x14, 0x4(x20)
#333 0 80000246     43cc r 0b         00000000  c.lw     x11, 0x4(x15)
#334 0 80000248     4390 r 0c         00000001  c.lw     x12, 0x0(x15)
#335 0 8000024a     16fd r 0d         00000000  c.addi   x13, -0x1
#336 0 8000024c     c04c m f004102c   00000000  c.sw     x11, 0x4(x8)
#337 0 8000024e 0049a583 r 0b         f0040028  lw       x11, 0x4(x19)
#338 0 80000252     c014 m f0041028   00000000  c.sw     x13, 0x0(x8)
#339 0 80000254 0009a683 r 0d         00000001  lw       x13, 0x0(x19)
#340 0 80000258     c3cc m f0040034   f0040028  c.sw     x11, 0x4(x15)
#341 0 8000025a 00f9a223 m f0041024   f0040030  sw       x15, 0x4(x19)
#342 0 8000025e     c390 m f0040030   00000001  c.sw     x12, 0x0(x15)
#343 0 80000260     40f2 r 01         80000222  c.lwsp   x1, 0x1c
#344 0 80000262     4462 r 08         f0041020  c.lwsp   x8, 0x18
#345 0 80000264 00168793 r 0f         00000002  addi     x15, x13, 0x1
#346 0 80000268 00f9a023 m f0041020   00000002  sw       x15, 0x0(x19)
#347 0 8000026c 00170793 r 0f         00000003  addi     x15, x14, 0x1
#348 0 80000270 00fa2223 m f0041014   00000003  sw       x15, 0x4(x20)
#349 0 80000274     44d2 r 09         00000002  c.lwsp   x9, 0x14
#350 0 80000276     4942 r 12         f0041018  c.lwsp   x18, 0x10
#351 0 80000278     49b2 r 13         f0041028  c.lwsp   x19, 0xc
#352 0 8000027a     4a22 r 14         f0041010  c.lwsp   x20, 0x8
#353 0 8000027c     6105 r 02         f0040f70  c.addi16sp 0x2
#354 0 8000027e     8082 r 00         00000000  c.jr     x1
#355 0 80000222     874e r 0e         f0041028  c.mv     x14, x19
#356 0 80000224     86a2 r 0d         f0041020  c.mv     x13, x8
#357 0 80000226     864a r 0c         f0041018  c.mv     x12, x18
#358 0 80000228     4585 r 0b         00000001  c.li     x11, 0x1
#359 0 8000022a     8552 r 0a         f0041010  c.mv     x10, x20
#360 0 8000022c     37e9 r 01         8000022e  c.jal    . - 0x36
#361 0 800001f6     1101 r 02         f0040f50  c.addi   x2, -0x20
#362 0 800001f8     cc22 m f0040f68   f0041020  c.swsp   x8, 0x18
#363 0 800001fa     ca26 m f0040f64   00000002  c.swsp   x9, 0x14
#364 0 800001fc     c84a m f0040f60   f0041018  c.swsp   x18, 0x10
#365 0 800001fe     c64e m f0040f5c   f0041028  c.swsp   x19, 0xc
#366 0 80000200     c452 m f0040f58   f0041010  c.swsp   x20, 0x8
#367 0 80000202     ce06 m f0040f6c   8000022e  c.swsp   x1, 0x1c
#368 0 80000204     4785 r 0f         00000001  c.li     x15, 0x1
#369 0 80000206     8a2a r 14         f0041010  c.mv     x20, x10
#370 0 80000208     8932 r 12         f0041018  c.mv     x18, x12
#371 0 8000020a     89ba r 13         f0041028  c.mv     x19, x14
#372 0 8000020c     84ae r 09         00000001  c.mv     x9, x11
#373 0 8000020e     8436 r 08         f0041020  c.mv     x8, x13
#374 0 80000210 02f58663 r 00         00000000  beq      x11, x15, . + 0x2c
#375 0 8000023c     8432 r 08         f0041018  c.mv     x8, x12
#376 0 8000023e     405c r 0f         f0040020  c.lw     x15, 0x4(x8)
#377 0 80000240     4014 r 0d         00000005  c.lw     x13, 0x0(x8)
#378 0 80000242 004a2703 r 0e         00000003  lw       x14, 0x4(x20)
#379 0 80000246     43cc r 0b         f0040018  c.lw     x11, 0x4(x15)
#380 0 80000248     4390 r 0c         00000003  c.lw     x12, 0x0(x15)
#381 0 8000024a     16fd r 0d         00000004  c.addi   x13, -0x1
#382 0 8000024c     c04c m f004101c   f0040018  c.sw     x11, 0x4(x8)
#383 0 8000024e 0049a583 r 0b         00000000  lw       x11, 0x4(x19)
#384 0 80000252     c014 m f0041018   00000004  c.sw     x13, 0x0(x8)
#385 0 80000254 0009a683 r 0d         00000000  lw       x13, 0x0(x19)
#386 0 80000258     c3cc m f0040024   00000000  c.sw     x11, 0x4(x15)
#387 0 8000025a 00f9a223 m f004102c   f0040020  sw       x15, 0x4(x19)
#388 0 8000025e     c390 m f0040020   00000003  c.sw     x12, 0x0(x15)
#389 0 80000260     40f2 r 01         8000022e  c.lwsp   x1, 0x1c
#390 0 80000262     4462 r 08         f0041020  c.lwsp   x8, 0x18
#391 0 80000264 00168793 r 0f         00000001  addi     x15, x13, 0x1
#392 0 80000268 00f9a023 m f0041028   00000001  sw       x15, 0x0(x19)
#393 0 8000026c 00170793 r 0f         00000004  addi     x15, x14, 0x1
#394 0 80000270 00fa2223 m f0041014   00000004  sw       x15, 0x4(x20)
#395 0 80000274     44d2 r 09         00000002  c.lwsp   x9, 0x14
#396 0 80000276     4942 r 12         f0041018  c.lwsp   x18, 0x10
#397 0 80000278     49b2 r 13         f0041028  c.lwsp   x19, 0xc
#398 0 8000027a     4a22 r 14         f0041010  c.lwsp   x20, 0x8
#399 0 8000027c     6105 r 02         f0040f70  c.addi16sp 0x2
#400 0 8000027e     8082 r 00         00000000  c.jr     x1
#401 0 8000022e     4785 r 0f         00000001  c.li     x15, 0x1
#402 0 80000230     874a r 0e         f0041018  c.mv     x14, x18
#403 0 80000232 00f48663 r 00         00000000  beq      x9, x15, . + 0xc
#404 0 80000236     8922 r 12         f0041020  c.mv     x18, x8
#405 0 80000238     843a r 08         f0041018  c.mv     x8, x14
#406 0 8000023a     bfe9 r 00         00000000  c.j      . - 0x26
#407 0 80000214     14fd r 09         00000001  c.addi   x9, -0x1
#408 0 80000216     85a6 r 0b         00000001  c.mv     x11, x9
#409 0 80000218     8552 r 0a         f0041010  c.mv     x10, x20
#410 0 8000021a     8722 r 0e         f0041018  c.mv     x14, x8
#411 0 8000021c     86ce r 0d         f0041028  c.mv     x13, x19
#412 0 8000021e     864a r 0c         f0041020  c.mv     x12, x18
#413 0 80000220     3fd9 r 01         80000222  c.jal    . - 0x2a
#414 0 800001f6     1101 r 02         f0040f50  c.addi   x2, -0x20
#415 0 800001f8     cc22 m f0040f68   f0041018  c.swsp   x8, 0x18
#416 0 800001fa     ca26 m f0040f64   00000001  c.swsp   x9, 0x14
#417 0 800001fc     c84a m f0040f60   f0041020  c.swsp   x18, 0x10
#418 0 800001fe     c64e m f0040f5c   f0041028  c.swsp   x19, 0xc
#419 0 80000200     c452 m f0040f58   f0041010  c.swsp   x20, 0x8
#420 0 80000202     ce06 m f0040f6c   80000222  c.swsp   x1, 0x1c
#421 0 80000204     4785 r 0f         00000001  c.li     x15, 0x1
#422 0 80000206     8a2a r 14         f0041010  c.mv     x20, x10
#423 0 80000208     8932 r 12         f0041020  c.mv     x18, x12
#424 0 8000020a     89ba r 13         f0041018  c.mv     x19, x14
#425 0 8000020c     84ae r 09         00000001  c.mv     x9, x11
#426 0 8000020e     8436 r 08         f0041028  c.mv     x8, x13
#427 0 80000210 02f58663 r 00         00000000  beq      x11, x15, . + 0x2c
#428 0 8000023c     8432 r 08         f0041020  c.mv     x8, x12
#429 0 8000023e     405c r 0f         f0040030  c.lw     x15, 0x4(x8)
#430 0 80000240     4014 r 0d         00000002  c.lw     x13, 0x0(x8)
#431 0 80000242 004a2703 r 0e         00000004  lw       x14, 0x4(x20)
#432 0 80000246     43cc r 0b         f0040028  c.lw     x11, 0x4(x15)
#433 0 80000248     4390 r 0c         00000001  c.lw     x12, 0x0(x15)
#434 0 8000024a     16fd r 0d         00000001  c.addi   x13, -0x1
#435 0 8000024c     c04c m f0041024   f0040028  c.sw     x11, 0x4(x8)
#436 0 8000024e 0049a583 r 0b         f0040018  lw       x11, 0x4(x19)
#437 0 80000252     c014 m f0041020   00000001  c.sw     x13, 0x0(x8)
#438 0 80000254 0009a683 r 0d         00000004  lw       x13, 0x0(x19)
#439 0 80000258     c3cc m f0040034   f0040018  c.sw     x11, 0x4(x15)
#440 0 8000025a 00f9a223 m f004101c   f0040030  sw       x15, 0x4(x19)
#441 0 8000025e     c390 m f0040030   00000001  c.sw     x12, 0x0(x15)
#442 0 80000260     40f2 r 01         80000222  c.lwsp   x1, 0x1c
#443 0 80000262     4462 r 08         f0041018  c.lwsp   x8, 0x18
#444 0 80000264 00168793 r 0f         00000005  addi     x15, x13, 0x1
#445 0 80000268 00f9a023 m f0041018   00000005  sw       x15, 0x0(x19)
#446 0 8000026c 00170793 r 0f         00000005  addi     x15, x14, 0x1
#447 0 80000270 00fa2223 m f0041014   00000005  sw       x15, 0x4(x20)
#448 0 80000274     44d2 r 09         00000001  c.lwsp   x9, 0x14
#449 0 80000276     4942 r 12         f0041020  c.lwsp   x18, 0x10
#450 0 80000278     49b2 r 13         f0041028  c.lwsp   x19, 0xc
#451 0 8000027a     4a22 r 14         f0041010  c.lwsp   x20, 0x8
#452 0 8000027c     6105 r 02         f0040f70  c.addi16sp 0x2
#453 0 8000027e     8082 r 00         00000000  c.jr     x1
#454 0 80000222     874e r 0e         f0041028  c.mv     x14, x19
#455 0 80000224     86a2 r 0d         f0041018  c.mv     x13, x8
#456 0 80000226     864a r 0c         f0041020  c.mv     x12, x18
#457 0 80000228     4585 r 0b         00000001  c.li     x11, 0x1
#458 0 8000022a     8552 r 0a         f0041010  c.mv     x10, x20
#459 0 8000022c     37e9 r 01         8000022e  c.jal    . - 0x36
#460 0 800001f6     1101 r 02         f0040f50  c.addi   x2, -0x20
#461 0 800001f8     cc22 m f0040f68   f0041018  c.swsp   x8, 0x18
#462 0 800001fa     ca26 m f0040f64   00000001  c.swsp   x9, 0x14
#463 0 800001fc     c84a m f0040f60   f0041020  c.swsp   x18, 0x10
#464 0 800001fe     c64e m f0040f5c   f0041028  c.swsp   x19, 0xc
#465 0 80000200     c452 m f0040f58   f0041010  c.swsp   x20, 0x8
#466 0 80000202     ce06 m f0040f6c   8000022e  c.swsp   x1, 0x1c
#467 0 80000204     4785 r 0f         00000001  c.li     x15, 0x1
#468 0 80000206     8a2a r 14         f0041010  c.mv     x20, x10
#469 0 80000208     8932 r 12         f0041020  c.mv     x18, x12
#470 0 8000020a     89ba r 13         f0041028  c.mv     x19, x14
#471 0 8000020c     84ae r 09         00000001  c.mv     x9, x11
#472 0 8000020e     8436 r 08         f0041018  c.mv     x8, x13
#473 0 80000210 02f58663 r 00         00000000  beq      x11, x15, . + 0x2c
#474 0 8000023c     8432 r 08         f0041020  c.mv     x8, x12
#475 0 8000023e     405c r 0f         f0040028  c.lw     x15, 0x4(x8)
#476 0 80000240     4014 r 0d         00000001  c.lw     x13, 0x0(x8)
#477 0 80000242 004a2703 r 0e         00000005  lw       x14, 0x4(x20)
#478 0 80000246     43cc r 0b         00000000  c.lw     x11, 0x4(x15)
#479 0 80000248     4390 r 0c         00000002  c.lw     x12, 0x0(x15)
#480 0 8000024a     16fd r 0d         00000000  c.addi   x13, -0x1
#481 0 8000024c     c04c m f0041024   00000000  c.sw     x11, 0x4(x8)
#482 0 8000024e 0049a583 r 0b         f0040020  lw       x11, 0x4(x19)
#483 0 80000252     c014 m f0041020   00000000  c.sw     x13, 0x0(x8)
#484 0 80000254 0009a683 r 0d         00000001  lw       x13, 0x0(x19)
#485 0 80000258     c3cc m f004002c   f0040020  c.sw     x11, 0x4(x15)
#486 0 8000025a 00f9a223 m f004102c   f0040028  sw       x15, 0x4(x19)
#487 0 8000025e     c390 m f0040028   00000002  c.sw     x12, 0x0(x15)
#488 0 80000260     40f2 r 01         8000022e  c.lwsp   x1, 0x1c
#489 0 80000262     4462 r 08         f0041018  c.lwsp   x8, 0x18
#490 0 80000264 00168793 r 0f         00000002  addi     x15, x13, 0x1
#491 0 80000268 00f9a023 m f0041028   00000002  sw       x15, 0x0(x19)
#492 0 8000026c 00170793 r 0f         00000006  addi     x15, x14, 0x1
#493 0 80000270 00fa2223 m f0041014   00000006  sw       x15, 0x4(x20)
#494 0 80000274     44d2 r 09         00000001  c.lwsp   x9, 0x14
#495 0 80000276     4942 r 12         f0041020  c.lwsp   x18, 0x10
#496 0 80000278     49b2 r 13         f0041028  c.lwsp   x19, 0xc
#497 0 8000027a     4a22 r 14         f0041010  c.lwsp   x20, 0x8
#498 0 8000027c     6105 r 02         f0040f70  c.addi16sp 0x2
#499 0 8000027e     8082 r 00         00000000  c.jr     x1
#500 0 8000022e     4785 r 0f         00000001  c.li     x15, 0x1
#501 0 80000230     874a r 0e         f0041020  c.mv     x14, x18
#502 0 80000232 00f48663 r 00         00000000  beq      x9, x15, . + 0xc
#503 0 8000023e     405c r 0f         f0040030  c.lw     x15, 0x4(x8)
#504 0 80000240     4014 r 0d         00000005  c.lw     x13, 0x0(x8)
#505 0 80000242 004a2703 r 0e         00000006  lw       x14, 0x4(x20)
#506 0 80000246     43cc r 0b         f0040018  c.lw     x11, 0x4(x15)
#507 0 80000248     4390 r 0c         00000001  c.lw     x12, 0x0(x15)
#508 0 8000024a     16fd r 0d         00000004  c.addi   x13, -0x1
#509 0 8000024c     c04c m f004101c   f0040018  c.sw     x11, 0x4(x8)
#510 0 8000024e 0049a583 r 0b         f0040028  lw       x11, 0x4(x19)
#511 0 80000252     c014 m f0041018   00000004  c.sw     x13, 0x0(x8)
#512 0 80000254 0009a683 r 0d         00000002  lw       x13, 0x0(x19)
#513 0 80000258     c3cc m f0040034   f0040028  c.sw     x11, 0x4(x15)
#514 0 8000025a 00f9a223 m f004102c   f0040030  sw       x15, 0x4(x19)
#515 0 8000025e     c390 m f0040030   00000001  c.sw     x12, 0x0(x15)
#516 0 80000260     40f2 r 01         80000222  c.lwsp   x1, 0x1c
#517 0 80000262     4462 r 08         f0041028  c.lwsp   x8, 0x18
#518 0 80000264 00168793 r 0f         00000003  addi     x15, x13, 0x1
#519 0 80000268 00f9a023 m f0041028   00000003  sw       x15, 0x0(x19)
#520 0 8000026c 00170793 r 0f         00000007  addi     x15, x14, 0x1
#521 0 80000270 00fa2223 m f0041014   00000007  sw       x15, 0x4(x20)
#522 0 80000274     44d2 r 09         00000003  c.lwsp   x9, 0x14
#523 0 80000276     4942 r 12         f0041018  c.lwsp   x18, 0x10
#524 0 80000278     49b2 r 13         f0041020  c.lwsp   x19, 0xc
#525 0 8000027a     4a22 r 14         f0041010  c.lwsp   x20, 0x8
#526 0 8000027c     6105 r 02         f0040f90  c.addi16sp 0x2
#527 0 8000027e     8082 r 00         00000000  c.jr     x1
#528 0 80000222     874e r 0e         f0041020  c.mv     x14, x19
#529 0 80000224     86a2 r 0d         f0041028  c.mv     x13, x8
#530 0 80000226     864a r 0c         f0041018  c.mv     x12, x18
#531 0 80000228     4585 r 0b         00000001  c.li     x11, 0x1
#532 0 8000022a     8552 r 0a         f0041010  c.mv     x10, x20
#533 0 8000022c     37e9 r 01         8000022e  c.jal    . - 0x36
#534 0 800001f6     1101 r 02         f0040f70  c.addi   x2, -0x20
#535 0 800001f8     cc22 m f0040f88   f0041028  c.swsp   x8, 0x18
#536 0 800001fa     ca26 m f0040f84   00000003  c.swsp   x9, 0x14
#537 0 800001fc     c84a m f0040f80   f0041018  c.swsp   x18, 0x10
#538 0 800001fe     c64e m f0040f7c   f0041020  c.swsp   x19, 0xc
#539 0 80000200     c452 m f0040f78   f0041010  c.swsp   x20, 0x8
#540 0 80000202     ce06 m f0040f8c   8000022e  c.swsp   x1, 0x1c
#541 0 80000204     4785 r 0f         00000001  c.li     x15, 0x1
#542 0 80000206     8a2a r 14         f0041010  c.mv     x20, x10
#543 0 80000208     8932 r 12         f0041018  c.mv     x18, x12
#544 0 8000020a     89ba r 13         f0041020  c.mv     x19, x14
#545 0 8000020c     84ae r 09         00000001  c.mv     x9, x11
#546 0 8000020e     8436 r 08         f0041028  c.mv     x8, x13
#547 0 80000210 02f58663 r 00         00000000  beq      x11, x15, . + 0x2c
#548 0 8000023c     8432 r 08         f0041018  c.mv     x8, x12
#549 0 8000023e     405c r 0f         f0040018  c.lw     x15, 0x4(x8)
#550 0 80000240     4014 r 0d         00000004  c.lw     x13, 0x0(x8)
#551 0 80000242 004a2703 r 0e         00000007  lw       x14, 0x4(x20)
#552 0 80000246     43cc r 0b         f0040010  c.lw     x11, 0x4(x15)
#553 0 80000248     4390 r 0c         00000004  c.lw     x12, 0x0(x15)
#554 0 8000024a     16fd r 0d         00000003  c.addi   x13, -0x1
#555 0 8000024c     c04c m f004101c   f0040010  c.sw     x11, 0x4(x8)
#556 0 8000024e 0049a583 r 0b         00000000  lw       x11, 0x4(x19)
#557 0 80000252     c014 m f0041018   00000003  c.sw     x13, 0x0(x8)
#558 0 80000254 0009a683 r 0d         00000000  lw       x13, 0x0(x19)
#559 0 80000258     c3cc m f004001c   00000000  c.sw     x11, 0x4(x15)
#560 0 8000025a 00f9a223 m f0041024   f0040018  sw       x15, 0x4(x19)
#561 0 8000025e     c390 m f0040018   00000004  c.sw     x12, 0x0(x15)
#562 0 80000260     40f2 r 01         8000022e  c.lwsp   x1, 0x1c
#563 0 80000262     4462 r 08         f0041028  c.lwsp   x8, 0x18
#564 0 80000264 00168793 r 0f         00000001  addi     x15, x13, 0x1
#565 0 80000268 00f9a023 m f0041020   00000001  sw       x15, 0x0(x19)
#566 0 8000026c 00170793 r 0f         00000008  addi     x15, x14, 0x1
#567 0 80000270 00fa2223 m f0041014   00000008  sw       x15, 0x4(x20)
#568 0 80000274     44d2 r 09         00000003  c.lwsp   x9, 0x14
#569 0 80000276     4942 r 12         f0041018  c.lwsp   x18, 0x10
#570 0 80000278     49b2 r 13         f0041020  c.lwsp   x19, 0xc
#571 0 8000027a     4a22 r 14         f0041010  c.lwsp   x20, 0x8
#572 0 8000027c     6105 r 02         f0040f90  c.addi16sp 0x2
#573 0 8000027e     8082 r 00         00000000  c.jr     x1
#574 0 8000022e     4785 r 0f         00000001  c.li     x15, 0x1
#575 0 80000230     874a r 0e         f0041018  c.mv     x14, x18
#576 0 80000232 00f48663 r 00         00000000  beq      x9, x15, . + 0xc
#577 0 80000236     8922 r 12         f0041028  c.mv     x18, x8
#578 0 80000238     843a r 08         f0041018  c.mv     x8, x14
#579 0 8000023a     bfe9 r 00         00000000  c.j      . - 0x26
#580 0 80000214     14fd r 09         00000002  c.addi   x9, -0x1
#581 0 80000216     85a6 r 0b         00000002  c.mv     x11, x9
#582 0 80000218     8552 r 0a         f0041010  c.mv     x10, x20
#583 0 8000021a     8722 r 0e         f0041018  c.mv     x14, x8
#584 0 8000021c     86ce r 0d         f0041020  c.mv     x13, x19
#585 0 8000021e     864a r 0c         f0041028  c.mv     x12, x18
#586 0 80000220     3fd9 r 01         80000222  c.jal    . - 0x2a
#587 0 800001f6     1101 r 02         f0040f70  c.addi   x2, -0x20
#588 0 800001f8     cc22 m f0040f88   f0041018  c.swsp   x8, 0x18
#589 0 800001fa     ca26 m f0040f84   00000002  c.swsp   x9, 0x14
#590 0 800001fc     c84a m f0040f80   f0041028  c.swsp   x18, 0x10
#591 0 800001fe     c64e m f0040f7c   f0041020  c.swsp   x19, 0xc
#592 0 80000200     c452 m f0040f78   f0041010  c.swsp   x20, 0x8
#593 0 80000202     ce06 m f0040f8c   80000222  c.swsp   x1, 0x1c
#594 0 80000204     4785 r 0f         00000001  c.li     x15, 0x1
#595 0 80000206     8a2a r 14         f0041010  c.mv     x20, x10
#596 0 80000208     8932 r 12         f0041028  c.mv     x18, x12
#597 0 8000020a     89ba r 13         f0041018  c.mv     x19, x14
#598 0 8000020c     84ae r 09         00000002  c.mv     x9, x11
#599 0 8000020e     8436 r 08         f0041020  c.mv     x8, x13
#600 0 80000210 02f58663 r 00         00000000  beq      x11, x15, . + 0x2c
#601 0 80000214     14fd r 09         00000001  c.addi   x9, -0x1
#602 0 80000216     85a6 r 0b         00000001  c.mv     x11, x9
#603 0 80000218     8552 r 0a         f0041010  c.mv     x10, x20
#604 0 8000021a     8722 r 0e         f0041020  c.mv     x14, x8
#605 0 8000021c     86ce r 0d         f0041018  c.mv     x13, x19
#606 0 8000021e     864a r 0c         f0041028  c.mv     x12, x18
#607 0 80000220     3fd9 r 01         80000222  c.jal    . - 0x2a
#608 0 800001f6     1101 r 02         f0040f50  c.addi   x2, -0x20
#609 0 800001f8     cc22 m f0040f68   f0041020  c.swsp   x8, 0x18
#610 0 800001fa     ca26 m f0040f64   00000001  c.swsp   x9, 0x14
#611 0 800001fc     c84a m f0040f60   f0041028  c.swsp   x18, 0x10
#612 0 800001fe     c64e m f0040f5c   f0041018  c.swsp   x19, 0xc
#613 0 80000200     c452 m f0040f58   f0041010  c.swsp   x20, 0x8
#614 0 80000202     ce06 m f0040f6c   80000222  c.swsp   x1, 0x1c
#615 0 80000204     4785 r 0f         00000001  c.li     x15, 0x1
#616 0 80000206     8a2a r 14         f0041010  c.mv     x20, x10
#617 0 80000208     8932 r 12         f0041028  c.mv     x18, x12
#618 0 8000020a     89ba r 13         f0041020  c.mv     x19, x14
#619 0 8000020c     84ae r 09         00000001  c.mv     x9, x11
#620 0 8000020e     8436 r 08         f0041018  c.mv     x8, x13
#621 0 80000210 02f58663 r 00         00000000  beq      x11, x15, . + 0x2c
#622 0 8000023c     8432 r 08         f0041028  c.mv     x8, x12
#623 0 8000023e     405c r 0f         f0040030  c.lw     x15, 0x4(x8)
#624 0 80000240     4014 r 0d         00000003  c.lw     x13, 0x0(x8)
#625 0 80000242 004a2703 r 0e         00000008  lw       x14, 0x4(x20)
#626 0 80000246     43cc r 0b         f0040028  c.lw     x11, 0x4(x15)
#627 0 80000248     4390 r 0c         00000001  c.lw     x12, 0x0(x15)
#628 0 8000024a     16fd r 0d         00000002  c.addi   x13, -0x1
#629 0 8000024c     c04c m f004102c   f0040028  c.sw     x11, 0x4(x8)
#630 0 8000024e 0049a583 r 0b         f0040018  lw       x11, 0x4(x19)
#631 0 80000252     c014 m f0041028   00000002  c.sw     x13, 0x0(x8)
#632 0 80000254 0009a683 r 0d         00000001  lw       x13, 0x0(x19)
#633 0 80000258     c3cc m f0040034   f0040018  c.sw     x11, 0x4(x15)
#634 0 8000025a 00f9a223 m f0041024   f0040030  sw       x15, 0x4(x19)
#635 0 8000025e     c390 m f0040030   00000001  c.sw     x12, 0x0(x15)
#636 0 80000260     40f2 r 01         80000222  c.lwsp   x1, 0x1c
#637 0 80000262     4462 r 08         f0041020  c.lwsp   x8, 0x18
#638 0 80000264 00168793 r 0f         00000002  addi     x15, x13, 0x1
#639 0 80000268 00f9a023 m f0041020   00000002  sw       x15, 0x0(x19)
#640 0 8000026c 00170793 r 0f         00000009  addi     x15, x14, 0x1
#641 0 80000270 00fa2223 m f0041014   00000009  sw       x15, 0x4(x20)
#642 0 80000274     44d2 r 09         00000001  c.lwsp   x9, 0x14
#643 0 80000276     4942 r 12         f0041028  c.lwsp   x18, 0x10
#644 0 80000278     49b2 r 13         f0041018  c.lwsp   x19, 0xc
#645 0 8000027a     4a22 r 14         f0041010  c.lwsp   x20, 0x8
#646 0 8000027c     6105 r 02         f0040f70  c.addi16sp 0x2
#647 0 8000027e     8082 r 00         00000000  c.jr     x1
#648 0 80000222     874e r 0e         f0041018  c.mv     x14, x19
#649 0 80000224     86a2 r 0d         f0041020  c.mv     x13, x8
#650 0 80000226     864a r 0c         f0041028  c.mv     x12, x18
#651 0 80000228     4585 r 0b         00000001  c.li     x11, 0x1
#652 0 8000022a     8552 r 0a         f0041010  c.mv     x10, x20
#653 0 8000022c     37e9 r 01         8000022e  c.jal    . - 0x36
#654 0 800001f6     1101 r 02         f0040f50  c.addi   x2, -0x20
#655 0 800001f8     cc22 m f0040f68   f0041020  c.swsp   x8, 0x18
#656 0 800001fa     ca26 m f0040f64   00000001  c.swsp   x9, 0x14
#657 0 800001fc     c84a m f0040f60   f0041028  c.swsp   x18, 0x10
#658 0 800001fe     c64e m f0040f5c   f0041018  c.swsp   x19, 0xc
#659 0 80000200     c452 m f0040f58   f0041010  c.swsp   x20, 0x8
#660 0 80000202     ce06 m f0040f6c   8000022e  c.swsp   x1, 0x1c
#661 0 80000204     4785 r 0f         00000001  c.li     x15, 0x1
#662 0 80000206     8a2a r 14         f0041010  c.mv     x20, x10
#663 0 80000208     8932 r 12         f0041028  c.mv     x18, x12
#664 0 8000020a     89ba r 13         f0041018  c.mv     x19, x14
#665 0 8000020c     84ae r 09         00000001  c.mv     x9, x11
#666 0 8000020e     8436 r 08         f0041020  c.mv     x8, x13
#667 0 80000210 02f58663 r 00         00000000  beq      x11, x15, . + 0x2c
#668 0 8000023c     8432 r 08         f0041028  c.mv     x8, x12
#669 0 8000023e     405c r 0f         f0040028  c.lw     x15, 0x4(x8)
#670 0 80000240     4014 r 0d         00000002  c.lw     x13, 0x0(x8)
#671 0 80000242 004a2703 r 0e         00000009  lw       x14, 0x4(x20)
#672 0 80000246     43cc r 0b         f0040020  c.lw     x11, 0x4(x15)
#673 0 80000248     4390 r 0c         00000002  c.lw     x12, 0x0(x15)
#674 0 8000024a     16fd r 0d         00000001  c.addi   x13, -0x1
#675 0 8000024c     c04c m f004102c   f0040020  c.sw     x11, 0x4(x8)
#676 0 8000024e 0049a583 r 0b         f0040010  lw       x11, 0x4(x19)
#677 0 80000252     c014 m f0041028   00000001  c.sw     x13, 0x0(x8)
#678 0 80000254 0009a683 r 0d         00000003  lw       x13, 0x0(x19)
#679 0 80000258     c3cc m f004002c   f0040010  c.sw     x11, 0x4(x15)
#680 0 8000025a 00f9a223 m f004101c   f0040028  sw       x15, 0x4(x19)
#681 0 8000025e     c390 m f0040028   00000002  c.sw     x12, 0x0(x15)
#682 0 80000260     40f2 r 01         8000022e  c.lwsp   x1, 0x1c
#683 0 80000262     4462 r 08         f0041020  c.lwsp   x8, 0x18
#684 0 80000264 00168793 r 0f         00000004  addi     x15, x13, 0x1
#685 0 80000268 00f9a023 m f0041018   00000004  sw       x15, 0x0(x19)
#686 0 8000026c 00170793 r 0f         0000000a  addi     x15, x14, 0x1
#687 0 80000270 00fa2223 m f0041014   0000000a  sw       x15, 0x4(x20)
#688 0 80000274     44d2 r 09         00000001  c.lwsp   x9, 0x14
#689 0 80000276     4942 r 12         f0041028  c.lwsp   x18, 0x10
#690 0 80000278     49b2 r 13         f0041018  c.lwsp   x19, 0xc
#691 0 8000027a     4a22 r 14         f0041010  c.lwsp   x20, 0x8
#692 0 8000027c     6105 r 02         f0040f70  c.addi16sp 0x2
#693 0 8000027e     8082 r 00         00000000  c.jr     x1
#694 0 8000022e     4785 r 0f         00000001  c.li     x15, 0x1
#695 0 80000230     874a r 0e         f0041028  c.mv     x14, x18
#696 0 80000232 00f48663 r 00         00000000  beq      x9, x15, . + 0xc
#697 0 8000023e     405c r 0f         f0040030  c.lw     x15, 0x4(x8)
#698 0 80000240     4014 r 0d         00000002  c.lw     x13, 0x0(x8)
#699 0 80000242 004a2703 r 0e         0000000a  lw       x14, 0x4(x20)
#700 0 80000246     43cc r 0b         f0040018  c.lw     x11, 0x4(x15)
#701 0 80000248     4390 r 0c         00000001  c.lw     x12, 0x0(x15)
#702 0 8000024a     16fd r 0d         00000001  c.addi   x13, -0x1
#703 0 8000024c     c04c m f0041024   f0040018  c.sw     x11, 0x4(x8)
#704 0 8000024e 0049a583 r 0b         f0040028  lw       x11, 0x4(x19)
#705 0 80000252     c014 m f0041020   00000001  c.sw     x13, 0x0(x8)
#706 0 80000254 0009a683 r 0d         00000004  lw       x13, 0x0(x19)
#707 0 80000258     c3cc m f0040034   f0040028  c.sw     x11, 0x4(x15)
#708 0 8000025a 00f9a223 m f004101c   f0040030  sw       x15, 0x4(x19)
#709 0 8000025e     c390 m f0040030   00000001  c.sw     x12, 0x0(x15)
#710 0 80000260     40f2 r 01         80000222  c.lwsp   x1, 0x1c
#711 0 80000262     4462 r 08         f0041018  c.lwsp   x8, 0x18
#712 0 80000264 00168793 r 0f         00000005  addi     x15, x13, 0x1
#713 0 80000268 00f9a023 m f0041018   00000005  sw       x15, 0x0(x19)
#714 0 8000026c 00170793 r 0f         0000000b  addi     x15, x14, 0x1
#715 0 80000270 00fa2223 m f0041014   0000000b  sw       x15, 0x4(x20)
#716 0 80000274     44d2 r 09         00000002  c.lwsp   x9, 0x14
#717 0 80000276     4942 r 12         f0041028  c.lwsp   x18, 0x10
#718 0 80000278     49b2 r 13         f0041020  c.lwsp   x19, 0xc
#719 0 8000027a     4a22 r 14         f0041010  c.lwsp   x20, 0x8
#720 0 8000027c     6105 r 02         f0040f90  c.addi16sp 0x2
#721 0 8000027e     8082 r 00         00000000  c.jr     x1
#722 0 80000222     874e r 0e         f0041020  c.mv     x14, x19
#723 0 80000224     86a2 r 0d         f0041018  c.mv     x13, x8
#724 0 80000226     864a r 0c         f0041028  c.mv     x12, x18
#725 0 80000228     4585 r 0b         00000001  c.li     x11, 0x1
#726 0 8000022a     8552 r 0a         f0041010  c.mv     x10, x20
#727 0 8000022c     37e9 r 01         8000022e  c.jal    . - 0x36
#728 0 800001f6     1101 r 02         f0040f70  c.addi   x2, -0x20
#729 0 800001f8     cc22 m f0040f88   f0041018  c.swsp   x8, 0x18
#730 0 800001fa     ca26 m f0040f84   00000002  c.swsp   x9, 0x14
#731 0 800001fc     c84a m f0040f80   f0041028  c.swsp   x18, 0x10
#732 0 800001fe     c64e m f0040f7c   f0041020  c.swsp   x19, 0xc
#733 0 80000200     c452 m f0040f78   f0041010  c.swsp   x20, 0x8
#734 0 80000202     ce06 m f0040f8c   8000022e  c.swsp   x1, 0x1c
#735 0 80000204     4785 r 0f         00000001  c.li     x15, 0x1
#736 0 80000206     8a2a r 14         f0041010  c.mv     x20, x10
#737 0 80000208     8932 r 12         f0041028  c.mv     x18, x12
#738 0 8000020a     89ba r 13         f0041020  c.mv     x19, x14
#739 0 8000020c     84ae r 09         00000001  c.mv     x9, x11
#740 0 8000020e     8436 r 08         f0041018  c.mv     x8, x13
#741 0 80000210 02f58663 r 00         00000000  beq      x11, x15, . + 0x2c
#742 0 8000023c     8432 r 08         f0041028  c.mv     x8, x12
#743 0 8000023e     405c r 0f         f0040020  c.lw     x15, 0x4(x8)
#744 0 80000240     4014 r 0d         00000001  c.lw     x13, 0x0(x8)
#745 0 80000242 004a2703 r 0e         0000000b  lw       x14, 0x4(x20)
#746 0 80000246     43cc r 0b         00000000  c.lw     x11, 0x4(x15)
#747 0 80000248     4390 r 0c         00000003  c.lw     x12, 0x0(x15)
#748 0 8000024a     16fd r 0d         00000000  c.addi   x13, -0x1
#749 0 8000024c     c04c m f004102c   00000000  c.sw     x11, 0x4(x8)
#750 0 8000024e 0049a583 r 0b         f0040018  lw       x11, 0x4(x19)
#751 0 80000252     c014 m f0041028   00000000  c.sw     x13, 0x0(x8)
#752 0 80000254 0009a683 r 0d         00000001  lw       x13, 0x0(x19)
#753 0 80000258     c3cc m f0040024   f0040018  c.sw     x11, 0x4(x15)
#754 0 8000025a 00f9a223 m f0041024   f0040020  sw       x15, 0x4(x19)
#755 0 8000025e     c390 m f0040020   00000003  c.sw     x12, 0x0(x15)
#756 0 80000260     40f2 r 01         8000022e  c.lwsp   x1, 0x1c
#757 0 80000262     4462 r 08         f0041018  c.lwsp   x8, 0x18
#758 0 80000264 00168793 r 0f         00000002  addi     x15, x13, 0x1
#759 0 80000268 00f9a023 m f0041020   00000002  sw       x15, 0x0(x19)
#760 0 8000026c 00170793 r 0f         0000000c  addi     x15, x14, 0x1
#761 0 80000270 00fa2223 m f0041014   0000000c  sw       x15, 0x4(x20)
#762 0 80000274     44d2 r 09         00000002  c.lwsp   x9, 0x14
#763 0 80000276     4942 r 12         f0041028  c.lwsp   x18, 0x10
#764 0 80000278     49b2 r 13         f0041020  c.lwsp   x19, 0xc
#765 0 8000027a     4a22 r 14         f0041010  c.lwsp   x20, 0x8
#766 0 8000027c     6105 r 02         f0040f90  c.addi16sp 0x2
#767 0 8000027e     8082 r 00         00000000  c.jr     x1
#768 0 8000022e     4785 r 0f         00000001  c.li     x15, 0x1
#769 0 80000230     874a r 0e         f0041028  c.mv     x14, x18
#770 0 80000232 00f48663 r 00         00000000  beq      x9, x15, . + 0xc
#771 0 80000236     8922 r 12         f0041018  c.mv     x18, x8
#772 0 80000238     843a r 08         f0041028  c.mv     x8, x14
#773 0 8000023a     bfe9 r 00         00000000  c.j      . - 0x26
#774 0 80000214     14fd r 09         00000001  c.addi   x9, -0x1
#775 0 80000216     85a6 r 0b         00000001  c.mv     x11, x9
#776 0 80000218     8552 r 0a         f0041010  c.mv     x10, x20
#777 0 8000021a     8722 r 0e         f0041028  c.mv     x14, x8
#778 0 8000021c     86ce r 0d         f0041020  c.mv     x13, x19
#779 0 8000021e     864a r 0c         f0041018  c.mv     x12, x18
#780 0 80000220     3fd9 r 01         80000222  c.jal    . - 0x2a
#781 0 800001f6     1101 r 02         f0040f70  c.addi   x2, -0x20
#782 0 800001f8     cc22 m f0040f88   f0041028  c.swsp   x8, 0x18
#783 0 800001fa     ca26 m f0040f84   00000001  c.swsp   x9, 0x14
#784 0 800001fc     c84a m f0040f80   f0041018  c.swsp   x18, 0x10
#785 0 800001fe     c64e m f0040f7c   f0041020  c.swsp   x19, 0xc
#786 0 80000200     c452 m f0040f78   f0041010  c.swsp   x20, 0x8
#787 0 80000202     ce06 m f0040f8c   80000222  c.swsp   x1, 0x1c
#788 0 80000204     4785 r 0f         00000001  c.li     x15, 0x1
#789 0 80000206     8a2a r 14         f0041010  c.mv     x20, x10
#790 0 80000208     8932 r 12         f0041018  c.mv     x18, x12
#791 0 8000020a     89ba r 13         f0041028  c.mv     x19, x14
#792 0 8000020c     84ae r 09         00000001  c.mv     x9, x11
#793 0 8000020e     8436 r 08         f0041020  c.mv     x8, x13
#794 0 80000210 02f58663 r 00         00000000  beq      x11, x15, . + 0x2c
#795 0 8000023c     8432 r 08         f0041018  c.mv     x8, x12
#796 0 8000023e     405c r 0f         f0040030  c.lw     x15, 0x4(x8)
#797 0 80000240     4014 r 0d         00000005  c.lw     x13, 0x0(x8)
#798 0 80000242 004a2703 r 0e         0000000c  lw       x14, 0x4(x20)
#799 0 80000246     43cc r 0b         f0040028  c.lw     x11, 0x4(x15)
#800 0 80000248     4390 r 0c         00000001  c.lw     x12, 0x0(x15)
#801 0 8000024a     16fd r 0d         00000004  c.addi   x13, -0x1
#802 0 8000024c     c04c m f004101c   f0040028  c.sw     x11, 0x4(x8)
#803 0 8000024e 0049a583 r 0b         00000000  lw       x11, 0x4(x19)
#804 0 80000252     c014 m f0041018   00000004  c.sw     x13, 0x0(x8)
#805 0 80000254 0009a683 r 0d         00000000  lw       x13, 0x0(x19)
#806 0 80000258     c3cc m f0040034   00000000  c.sw     x11, 0x4(x15)
#807 0 8000025a 00f9a223 m f004102c   f0040030  sw       x15, 0x4(x19)
#808 0 8000025e     c390 m f0040030   00000001  c.sw     x12, 0x0(x15)
#809 0 80000260     40f2 r 01         80000222  c.lwsp   x1, 0x1c
#810 0 80000262     4462 r 08         f0041028  c.lwsp   x8, 0x18
#811 0 80000264 00168793 r 0f         00000001  addi     x15, x13, 0x1
#812 0 80000268 00f9a023 m f0041028   00000001  sw       x15, 0x0(x19)
#813 0 8000026c 00170793 r 0f         0000000d  addi     x15, x14, 0x1
#814 0 80000270 00fa2223 m f0041014   0000000d  sw       x15, 0x4(x20)
#815 0 80000274     44d2 r 09         00000001  c.lwsp   x9, 0x14
#816 0 80000276     4942 r 12         f0041018  c.lwsp   x18, 0x10
#817 0 80000278     49b2 r 13         f0041020  c.lwsp   x19, 0xc
#818 0 8000027a     4a22 r 14         f0041010  c.lwsp   x20, 0x8
#819 0 8000027c     6105 r 02         f0040f90  c.addi16sp 0x2
#820 0 8000027e     8082 r 00         00000000  c.jr     x1
#821 0 80000222     874e r 0e         f0041020  c.mv     x14, x19
#822 0 80000224     86a2 r 0d         f0041028  c.mv     x13, x8
#823 0 80000226     864a r 0c         f0041018  c.mv     x12, x18
#824 0 80000228     4585 r 0b         00000001  c.li     x11, 0x1
#825 0 8000022a     8552 r 0a         f0041010  c.mv     x10, x20
#826 0 8000022c     37e9 r 01         8000022e  c.jal    . - 0x36
#827 0 800001f6     1101 r 02         f0040f70  c.addi   x2, -0x20
#828 0 800001f8     cc22 m f0040f88   f0041028  c.swsp   x8, 0x18
#829 0 800001fa     ca26 m f0040f84   00000001  c.swsp   x9, 0x14
#830 0 800001fc     c84a m f0040f80   f0041018  c.swsp   x18, 0x10
#831 0 800001fe     c64e m f0040f7c   f0041020  c.swsp   x19, 0xc
#832 0 80000200     c452 m f0040f78   f0041010  c.swsp   x20, 0x8
#833 0 80000202     ce06 m f0040f8c   8000022e  c.swsp   x1, 0x1c
#834 0 80000204     4785 r 0f         00000001  c.li     x15, 0x1
#835 0 80000206     8a2a r 14         f0041010  c.mv     x20, x10
#836 0 80000208     8932 r 12         f0041018  c.mv     x18, x12
#837 0 8000020a     89ba r 13         f0041020  c.mv     x19, x14
#838 0 8000020c     84ae r 09         00000001  c.mv     x9, x11
#839 0 8000020e     8436 r 08         f0041028  c.mv     x8, x13
#840 0 80000210 02f58663 r 00         00000000  beq      x11, x15, . + 0x2c
#841 0 8000023c     8432 r 08         f0041018  c.mv     x8, x12
#842 0 8000023e     405c r 0f         f0040028  c.lw     x15, 0x4(x8)
#843 0 80000240     4014 r 0d         00000004  c.lw     x13, 0x0(x8)
#844 0 80000242 004a2703 r 0e         0000000d  lw       x14, 0x4(x20)
#845 0 80000246     43cc r 0b         f0040010  c.lw     x11, 0x4(x15)
#846 0 80000248     4390 r 0c         00000002  c.lw     x12, 0x0(x15)
#847 0 8000024a     16fd r 0d         00000003  c.addi   x13, -0x1
#848 0 8000024c     c04c m f004101c   f0040010  c.sw     x11, 0x4(x8)
#849 0 8000024e 0049a583 r 0b         f0040020  lw       x11, 0x4(x19)
#850 0 80000252     c014 m f0041018   00000003  c.sw     x13, 0x0(x8)
#851 0 80000254 0009a683 r 0d         00000002  lw       x13, 0x0(x19)
#852 0 80000258     c3cc m f004002c   f0040020  c.sw     x11, 0x4(x15)
#853 0 8000025a 00f9a223 m f0041024   f0040028  sw       x15, 0x4(x19)
#854 0 8000025e     c390 m f0040028   00000002  c.sw     x12, 0x0(x15)
#855 0 80000260     40f2 r 01         8000022e  c.lwsp   x1, 0x1c
#856 0 80000262     4462 r 08         f0041028  c.lwsp   x8, 0x18
#857 0 80000264 00168793 r 0f         00000003  addi     x15, x13, 0x1
#858 0 80000268 00f9a023 m f0041020   00000003  sw       x15, 0x0(x19)
#859 0 8000026c 00170793 r 0f         0000000e  addi     x15, x14, 0x1
#860 0 80000270 00fa2223 m f0041014   0000000e  sw       x15, 0x4(x20)
#861 0 80000274     44d2 r 09         00000001  c.lwsp   x9, 0x14
#862 0 80000276     4942 r 12         f0041018  c.lwsp   x18, 0x10
#863 0 80000278     49b2 r 13         f0041020  c.lwsp   x19, 0xc
#864 0 8000027a     4a22 r 14         f0041010  c.lwsp   x20, 0x8
#865 0 8000027c     6105 r 02         f0040f90  c.addi16sp 0x2
#866 0 8000027e     8082 r 00         00000000  c.jr     x1
#867 0 8000022e     4785 r 0f         00000001  c.li     x15, 0x1
#868 0 80000230     874a r 0e         f0041018  c.mv     x14, x18
#869 0 80000232 00f48663 r 00         00000000  beq      x9, x15, . + 0xc
#870 0 8000023e     405c r 0f         f0040030  c.lw     x15, 0x4(x8)
#871 0 80000240     4014 r 0d         00000001  c.lw     x13, 0x0(x8)
#872 0 80000242 004a2703 r 0e         0000000e  lw       x14, 0x4(x20)
#873 0 80000246     43cc r 0b         00000000  c.lw     x11, 0x4(x15)
#874 0 80000248     4390 r 0c         00000001  c.lw     x12, 0x0(x15)
#875 0 8000024a     16fd r 0d         00000000  c.addi   x13, -0x1
#876 0 8000024c     c04c m f004102c   00000000  c.sw     x11, 0x4(x8)
#877 0 8000024e 0049a583 r 0b         f0040028  lw       x11, 0x4(x19)
#878 0 80000252     c014 m f0041028   00000000  c.sw     x13, 0x0(x8)
#879 0 80000254 0009a683 r 0d         00000003  lw       x13, 0x0(x19)
#880 0 80000258     c3cc m f0040034   f0040028  c.sw     x11, 0x4(x15)
#881 0 8000025a 00f9a223 m f0041024   f0040030  sw       x15, 0x4(x19)
#882 0 8000025e     c390 m f0040030   00000001  c.sw     x12, 0x0(x15)
#883 0 80000260     40f2 r 01         80000222  c.lwsp   x1, 0x1c
#884 0 80000262     4462 r 08         f0041020  c.lwsp   x8, 0x18
#885 0 80000264 00168793 r 0f         00000004  addi     x15, x13, 0x1
#886 0 80000268 00f9a023 m f0041020   00000004  sw       x15, 0x0(x19)
#887 0 8000026c 00170793 r 0f         0000000f  addi     x15, x14, 0x1
#888 0 80000270 00fa2223 m f0041014   0000000f  sw       x15, 0x4(x20)
#889 0 80000274     44d2 r 09         00000004  c.lwsp   x9, 0x14
#890 0 80000276     4942 r 12         f0041018  c.lwsp   x18, 0x10
#891 0 80000278     49b2 r 13         f0041028  c.lwsp   x19, 0xc
#892 0 8000027a     4a22 r 14         f0041010  c.lwsp   x20, 0x8
#893 0 8000027c     6105 r 02         f0040fb0  c.addi16sp 0x2
#894 0 8000027e     8082 r 00         00000000  c.jr     x1
#895 0 80000222     874e r 0e         f0041028  c.mv     x14, x19
#896 0 80000224     86a2 r 0d         f0041020  c.mv     x13, x8
#897 0 80000226     864a r 0c         f0041018  c.mv     x12, x18
#898 0 80000228     4585 r 0b         00000001  c.li     x11, 0x1
#899 0 8000022a     8552 r 0a         f0041010  c.mv     x10, x20
#900 0 8000022c     37e9 r 01         8000022e  c.jal    . - 0x36
#901 0 800001f6     1101 r 02         f0040f90  c.addi   x2, -0x20
#902 0 800001f8     cc22 m f0040fa8   f0041020  c.swsp   x8, 0x18
#903 0 800001fa     ca26 m f0040fa4   00000004  c.swsp   x9, 0x14
#904 0 800001fc     c84a m f0040fa0   f0041018  c.swsp   x18, 0x10
#905 0 800001fe     c64e m f0040f9c   f0041028  c.swsp   x19, 0xc
#906 0 80000200     c452 m f0040f98   f0041010  c.swsp   x20, 0x8
#907 0 80000202     ce06 m f0040fac   8000022e  c.swsp   x1, 0x1c
#908 0 80000204     4785 r 0f         00000001  c.li     x15, 0x1
#909 0 80000206     8a2a r 14         f0041010  c.mv     x20, x10
#910 0 80000208     8932 r 12         f0041018  c.mv     x18, x12
#911 0 8000020a     89ba r 13         f0041028  c.mv     x19, x14
#912 0 8000020c     84ae r 09         00000001  c.mv     x9, x11
#913 0 8000020e     8436 r 08         f0041020  c.mv     x8, x13
#914 0 80000210 02f58663 r 00         00000000  beq      x11, x15, . + 0x2c
#915 0 8000023c     8432 r 08         f0041018  c.mv     x8, x12
#916 0 8000023e     405c r 0f         f0040010  c.lw     x15, 0x4(x8)
#917 0 80000240     4014 r 0d         00000003  c.lw     x13, 0x0(x8)
#918 0 80000242 004a2703 r 0e         0000000f  lw       x14, 0x4(x20)
#919 0 80000246     43cc r 0b         f0040008  c.lw     x11, 0x4(x15)
#920 0 80000248     4390 r 0c         00000005  c.lw     x12, 0x0(x15)
#921 0 8000024a     16fd r 0d         00000002  c.addi   x13, -0x1
#922 0 8000024c     c04c m f004101c   f0040008  c.sw     x11, 0x4(x8)
#923 0 8000024e 0049a583 r 0b         00000000  lw       x11, 0x4(x19)
#924 0 80000252     c014 m f0041018   00000002  c.sw     x13, 0x0(x8)
#925 0 80000254 0009a683 r 0d         00000000  lw       x13, 0x0(x19)
#926 0 80000258     c3cc m f0040014   00000000  c.sw     x11, 0x4(x15)
#927 0 8000025a 00f9a223 m f004102c   f0040010  sw       x15, 0x4(x19)
#928 0 8000025e     c390 m f0040010   00000005  c.sw     x12, 0x0(x15)
#929 0 80000260     40f2 r 01         8000022e  c.lwsp   x1, 0x1c
#930 0 80000262     4462 r 08         f0041020  c.lwsp   x8, 0x18
#931 0 80000264 00168793 r 0f         00000001  addi     x15, x13, 0x1
#932 0 80000268 00f9a023 m f0041028   00000001  sw       x15, 0x0(x19)
#933 0 8000026c 00170793 r 0f         00000010  addi     x15, x14, 0x1
#934 0 80000270 00fa2223 m f0041014   00000010  sw       x15, 0x4(x20)
#935 0 80000274     44d2 r 09         00000004  c.lwsp   x9, 0x14
#936 0 80000276     4942 r 12         f0041018  c.lwsp   x18, 0x10
#937 0 80000278     49b2 r 13         f0041028  c.lwsp   x19, 0xc
#938 0 8000027a     4a22 r 14         f0041010  c.lwsp   x20, 0x8
#939 0 8000027c     6105 r 02         f0040fb0  c.addi16sp 0x2
#940 0 8000027e     8082 r 00         00000000  c.jr     x1
#941 0 8000022e     4785 r 0f         00000001  c.li     x15, 0x1
#942 0 80000230     874a r 0e         f0041018  c.mv     x14, x18
#943 0 80000232 00f48663 r 00         00000000  beq      x9, x15, . + 0xc
#944 0 80000236     8922 r 12         f0041020  c.mv     x18, x8
#945 0 80000238     843a r 08         f0041018  c.mv     x8, x14
#946 0 8000023a     bfe9 r 00         00000000  c.j      . - 0x26
#947 0 80000214     14fd r 09         00000003  c.addi   x9, -0x1
#948 0 80000216     85a6 r 0b         00000003  c.mv     x11, x9
#949 0 80000218     8552 r 0a         f0041010  c.mv     x10, x20
#950 0 8000021a     8722 r 0e         f0041018  c.mv     x14, x8
#951 0 8000021c     86ce r 0d         f0041028  c.mv     x13, x19
#952 0 8000021e     864a r 0c         f0041020  c.mv     x12, x18
#953 0 80000220     3fd9 r 01         80000222  c.jal    . - 0x2a
#954 0 800001f6     1101 r 02         f0040f90  c.addi   x2, -0x20
#955 0 800001f8     cc22 m f0040fa8   f0041018  c.swsp   x8, 0x18
#956 0 800001fa     ca26 m f0040fa4   00000003  c.swsp   x9, 0x14
#957 0 800001fc     c84a m f0040fa0   f0041020  c.swsp   x18, 0x10
#958 0 800001fe     c64e m f0040f9c   f0041028  c.swsp   x19, 0xc
#959 0 80000200     c452 m f0040f98   f0041010  c.swsp   x20, 0x8
#960 0 80000202     ce06 m f0040fac   80000222  c.swsp   x1, 0x1c
#961 0 80000204     4785 r 0f         00000001  c.li     x15, 0x1
#962 0 80000206     8a2a r 14         f0041010  c.mv     x20, x10
#963 0 80000208     8932 r 12         f0041020  c.mv     x18, x12
#964 0 8000020a     89ba r 13         f0041018  c.mv     x19, x14
#965 0 8000020c     84ae r 09         00000003  c.mv     x9, x11
#966 0 8000020e     8436 r 08         f0041028  c.mv     x8, x13
#967 0 80000210 02f58663 r 00         00000000  beq      x11, x15, . + 0x2c
#968 0 80000214     14fd r 09         00000002  c.addi   x9, -0x1
#969 0 80000216     85a6 r 0b         00000002  c.mv     x11, x9
#970 0 80000218     8552 r 0a         f0041010  c.mv     x10, x20
#971 0 8000021a     8722 r 0e         f0041028  c.mv     x14, x8
#972 0 8000021c     86ce r 0d         f0041018  c.mv     x13, x19
#973 0 8000021e     864a r 0c         f0041020  c.mv     x12, x18
#974 0 80000220     3fd9 r 01         80000222  c.jal    . - 0x2a
#975 0 800001f6     1101 r 02         f0040f70  c.addi   x2, -0x20
#976 0 800001f8     cc22 m f0040f88   f0041028  c.swsp   x8, 0x18
#977 0 800001fa     ca26 m f0040f84   00000002  c.swsp   x9, 0x14
#978 0 800001fc     c84a m f0040f80   f0041020  c.swsp   x18, 0x10
#979 0 800001fe     c64e m f0040f7c   f0041018  c.swsp   x19, 0xc
#980 0 80000200     c452 m f0040f78   f0041010  c.swsp   x20, 0x8
#981 0 80000202     ce06 m f0040f8c   80000222  c.swsp   x1, 0x1c
#982 0 80000204     4785 r 0f         00000001  c.li     x15, 0x1
#983 0 80000206     8a2a r 14         f0041010  c.mv     x20, x10
#984 0 80000208     8932 r 12         f0041020  c.mv     x18, x12
#985 0 8000020a     89ba r 13         f0041028  c.mv     x19, x14
#986 0 8000020c     84ae r 09         00000002  c.mv     x9, x11
#987 0 8000020e     8436 r 08         f0041018  c.mv     x8, x13
#988 0 80000210 02f58663 r 00         00000000  beq      x11, x15, . + 0x2c
#989 0 80000214     14fd r 09         00000001  c.addi   x9, -0x1
#990 0 80000216     85a6 r 0b         00000001  c.mv     x11, x9
#991 0 80000218     8552 r 0a         f0041010  c.mv     x10, x20
#992 0 8000021a     8722 r 0e         f0041018  c.mv     x14, x8
#993 0 8000021c     86ce r 0d         f0041028  c.mv     x13, x19
#994 0 8000021e     864a r 0c         f0041020  c.mv     x12, x18
#995 0 80000220     3fd9 r 01         80000222  c.jal    . - 0x2a
#996 0 800001f6     1101 r 02         f0040f50  c.addi   x2, -0x20
#997 0 800001f8     cc22 m f0040f68   f0041018  c.swsp   x8, 0x18
#998 0 800001fa     ca26 m f0040f64   00000001  c.swsp   x9, 0x14
#999 0 800001fc     c84a m f0040f60   f0041020  c.swsp   x18, 0x10
#1000 0 800001fe     c64e m f0040f5c   f0041028  c.swsp   x19, 0xc
#1001 0 80000200     c452 m f0040f58   f0041010  c.swsp   x20, 0x8
#1002 0 80000202     ce06 m f0040f6c   80000222  c.swsp   x1, 0x1c
#1003 0 80000204     4785 r 0f         00000001  c.li     x15, 0x1
#1004 0 80000206     8a2a r 14         f0041010  c.mv     x20, x10
#1005 0 80000208     8932 r 12         f0041020  c.mv     x18, x12
#1006 0 8000020a     89ba r 13         f0041018  c.mv     x19, x14
#1007 0 8000020c     84ae r 09         00000001  c.mv     x9, x11
#1008 0 8000020e     8436 r 08         f0041028  c.mv     x8, x13
#1009 0 80000210 02f58663 r 00         00000000  beq      x11, x15, . + 0x2c
#1010 0 8000023c     8432 r 08         f0041020  c.mv     x8, x12
#1011 0 8000023e     405c r 0f         f0040030  c.lw     x15, 0x4(x8)
#1012 0 80000240     4014 r 0d         00000004  c.lw     x13, 0x0(x8)
#1013 0 80000242 004a2703 r 0e         00000010  lw       x14, 0x4(x20)
#1014 0 80000246     43cc r 0b         f0040028  c.lw     x11, 0x4(x15)
#1015 0 80000248     4390 r 0c         00000001  c.lw     x12, 0x0(x15)
#1016 0 8000024a     16fd r 0d         00000003  c.addi   x13, -0x1
#1017 0 8000024c     c04c m f0041024   f0040028  c.sw     x11, 0x4(x8)
#1018 0 8000024e 0049a583 r 0b         f0040008  lw       x11, 0x4(x19)
#1019 0 80000252     c014 m f0041020   00000003  c.sw     x13, 0x0(x8)
#1020 0 80000254 0009a683 r 0d         00000002  lw       x13, 0x0(x19)
#1021 0 80000258     c3cc m f0040034   f0040008  c.sw     x11, 0x4(x15)
#1022 0 8000025a 00f9a223 m f004101c   f0040030  sw       x15, 0x4(x19)
#1023 0 8000025e     c390 m f0040030   00000001  c.sw     x12, 0x0(x15)
#1024 0 80000260     40f2 r 01         80000222  c.lwsp   x1, 0x1c
#1025 0 80000262     4462 r 08         f0041018  c.lwsp   x8, 0x18
#1026 0 80000264 00168793 r 0f         00000003  addi     x15, x13, 0x1
#1027 0 80000268 00f9a023 m f0041018   00000003  sw       x15, 0x0(x19)
#1028 0 8000026c 00170793 r 0f         00000011  addi     x15, x14, 0x1
#1029 0 80000270 00fa2223 m f0041014   00000011  sw       x15, 0x4(x20)
#1030 0 80000274     44d2 r 09         00000001  c.lwsp   x9, 0x14
#1031 0 80000276     4942 r 12         f0041020  c.lwsp   x18, 0x10
#1032 0 80000278     49b2 r 13         f0041028  c.lwsp   x19, 0xc
#1033 0 8000027a     4a22 r 14         f0041010  c.lwsp   x20, 0x8
#1034 0 8000027c     6105 r 02         f0040f70  c.addi16sp 0x2
#1035 0 8000027e     8082 r 00         00000000  c.jr     x1
#1036 0 80000222     874e r 0e         f0041028  c.mv     x14, x19
#1037 0 80000224     86a2 r 0d         f0041018  c.mv     x13, x8
#1038 0 80000226     864a r 0c         f0041020  c.mv     x12, x18
#1039 0 80000228     4585 r 0b         00000001  c.li     x11, 0x1
#1040 0 8000022a     8552 r 0a         f0041010  c.mv     x10, x20
#1041 0 8000022c     37e9 r 01         8000022e  c.jal    . - 0x36
#1042 0 800001f6     1101 r 02         f0040f50  c.addi   x2, -0x20
#1043 0 800001f8     cc22 m f0040f68   f0041018  c.swsp   x8, 0x18
#1044 0 800001fa     ca26 m f0040f64   00000001  c.swsp   x9, 0x14
#1045 0 800001fc     c84a m f0040f60   f0041020  c.swsp   x18, 0x10
#1046 0 800001fe     c64e m f0040f5c   f0041028  c.swsp   x19, 0xc
#1047 0 80000200     c452 m f0040f58   f0041010  c.swsp   x20, 0x8
#1048 0 80000202     ce06 m f0040f6c   8000022e  c.swsp   x1, 0x1c
#1049 0 80000204     4785 r 0f         00000001  c.li     x15, 0x1
#1050 0 80000206     8a2a r 14         f0041010  c.mv     x20, x10
#1051 0 80000208     8932 r 12         f0041020  c.mv     x18, x12
#1052 0 8000020a     89ba r 13         f0041028  c.mv     x19, x14
#1053 0 8000020c     84ae r 09         00000001  c.mv     x9, x11
#1054 0 8000020e     8436 r 08         f0041018  c.mv     x8, x13
#1055 0 80000210 02f58663 r 00         00000000  beq      x11, x15, . + 0x2c
#1056 0 8000023c     8432 r 08         f0041020  c.mv     x8, x12
#1057 0 8000023e     405c r 0f         f0040028  c.lw     x15, 0x4(x8)
#1058 0 80000240     4014 r 0d         00000003  c.lw     x13, 0x0(x8)
#1059 0 80000242 004a2703 r 0e         00000011  lw       x14, 0x4(x20)
#1060 0 80000246     43cc r 0b         f0040020  c.lw     x11, 0x4(x15)
#1061 0 80000248     4390 r 0c         00000002  c.lw     x12, 0x0(x15)
#1062 0 8000024a     16fd r 0d         00000002  c.addi   x13, -0x1
#1063 0 8000024c     c04c m f0041024   f0040020  c.sw     x11, 0x4(x8)
#1064 0 8000024e 0049a583 r 0b         f0040010  lw       x11, 0x4(x19)
#1065 0 80000252     c014 m f0041020   00000002  c.sw     x13, 0x0(x8)
#1066 0 80000254 0009a683 r 0d         00000001  lw       x13, 0x0(x19)
#1067 0 80000258     c3cc m f004002c   f0040010  c.sw     x11, 0x4(x15)
#1068 0 8000025a 00f9a223 m f004102c   f0040028  sw       x15, 0x4(x19)
#1069 0 8000025e     c390 m f0040028   00000002  c.sw     x12, 0x0(x15)
#1070 0 80000260     40f2 r 01         8000022e  c.lwsp   x1, 0x1c
#1071 0 80000262     4462 r 08         f0041018  c.lwsp   x8, 0x18
#1072 0 80000264 00168793 r 0f         00000002  addi     x15, x13, 0x1
#1073 0 80000268 00f9a023 m f0041028   00000002  sw       x15, 0x0(x19)
#1074 0 8000026c 00170793 r 0f         00000012  addi     x15, x14, 0x1
#1075 0 80000270 00fa2223 m f0041014   00000012  sw       x15, 0x4(x20)
#1076 0 80000274     44d2 r 09         00000001  c.lwsp   x9, 0x14
#1077 0 80000276     4942 r 12         f0041020  c.lwsp   x18, 0x10
#1078 0 80000278     49b2 r 13         f0041028  c.lwsp   x19, 0xc
#1079 0 8000027a     4a22 r 14         f0041010  c.lwsp   x20, 0x8
#1080 0 8000027c     6105 r 02         f0040f70  c.addi16sp 0x2
#1081 0 8000027e     8082 r 00         00000000  c.jr     x1
#1082 0 8000022e     4785 r 0f         00000001  c.li     x15, 0x1
#1083 0 80000230     874a r 0e         f0041020  c.mv     x14, x18
#1084 0 80000232 00f48663 r 00         00000000  beq      x9, x15, . + 0xc
#1085 0 8000023e     405c r 0f         f0040030  c.lw     x15, 0x4(x8)
#1086 0 80000240     4014 r 0d         00000003  c.lw     x13, 0x0(x8)
#1087 0 80000242 004a2703 r 0e         00000012  lw       x14, 0x4(x20)
#1088 0 80000246     43cc r 0b         f0040008  c.lw     x11, 0x4(x15)
#1089 0 80000248     4390 r 0c         00000001  c.lw     x12, 0x0(x15)
#1090 0 8000024a     16fd r 0d         00000002  c.addi   x13, -0x1
#1091 0 8000024c     c04c m f004101c   f0040008  c.sw     x11, 0x4(x8)
#1092 0 8000024e 0049a583 r 0b         f0040028  lw       x11, 0x4(x19)
#1093 0 80000252     c014 m f0041018   00000002  c.sw     x13, 0x0(x8)
#1094 0 80000254 0009a683 r 0d         00000002  lw       x13, 0x0(x19)
#1095 0 80000258     c3cc m f0040034   f0040028  c.sw     x11, 0x4(x15)
#1096 0 8000025a 00f9a223 m f004102c   f0040030  sw       x15, 0x4(x19)
#1097 0 8000025e     c390 m f0040030   00000001  c.sw     x12, 0x0(x15)
#1098 0 80000260     40f2 r 01         80000222  c.lwsp   x1, 0x1c
#1099 0 80000262     4462 r 08         f0041028  c.lwsp   x8, 0x18
#1100 0 80000264 00168793 r 0f         00000003  addi     x15, x13, 0x1
#1101 0 80000268 00f9a023 m f0041028   00000003  sw       x15, 0x0(x19)
#1102 0 8000026c 00170793 r 0f         00000013  addi     x15, x14, 0x1
#1103 0 80000270 00fa2223 m f0041014   00000013  sw       x15, 0x4(x20)
#1104 0 80000274     44d2 r 09         00000002  c.lwsp   x9, 0x14
#1105 0 80000276     4942 r 12         f0041020  c.lwsp   x18, 0x10
#1106 0 80000278     49b2 r 13         f0041018  c.lwsp   x19, 0xc
#1107 0 8000027a     4a22 r 14         f0041010  c.lwsp   x20, 0x8
#1108 0 8000027c     6105 r 02         f0040f90  c.addi16sp 0x2
#1109 0 8000027e     8082 r 00         00000000  c.jr     x1
#1110 0 80000222     874e r 0e         f0041018  c.mv     x14, x19
#1111 0 80000224     86a2 r 0d         f0041028  c.mv     x13, x8
#1112 0 80000226     864a r 0c         f0041020  c.mv     x12, x18
#1113 0 80000228     4585 r 0b         00000001  c.li     x11, 0x1
#1114 0 8000022a     8552 r 0a         f0041010  c.mv     x10, x20
#1115 0 8000022c     37e9 r 01         8000022e  c.jal    . - 0x36
#1116 0 800001f6     1101 r 02         f0040f70  c.addi   x2, -0x20
#1117 0 800001f8     cc22 m f0040f88   f0041028  c.swsp   x8, 0x18
#1118 0 800001fa     ca26 m f0040f84   00000002  c.swsp   x9, 0x14
#1119 0 800001fc     c84a m f0040f80   f0041020  c.swsp   x18, 0x10
#1120 0 800001fe     c64e m f0040f7c   f0041018  c.swsp   x19, 0xc
#1121 0 80000200     c452 m f0040f78   f0041010  c.swsp   x20, 0x8
#1122 0 80000202     ce06 m f0040f8c   8000022e  c.swsp   x1, 0x1c
#1123 0 80000204     4785 r 0f         00000001  c.li     x15, 0x1
#1124 0 80000206     8a2a r 14         f0041010  c.mv     x20, x10
#1125 0 80000208     8932 r 12         f0041020  c.mv     x18, x12
#1126 0 8000020a     89ba r 13         f0041018  c.mv     x19, x14
#1127 0 8000020c     84ae r 09         00000001  c.mv     x9, x11
#1128 0 8000020e     8436 r 08         f0041028  c.mv     x8, x13
#1129 0 80000210 02f58663 r 00         00000000  beq      x11, x15, . + 0x2c
#1130 0 8000023c     8432 r 08         f0041020  c.mv     x8, x12
#1131 0 8000023e     405c r 0f         f0040020  c.lw     x15, 0x4(x8)
#1132 0 80000240     4014 r 0d         00000002  c.lw     x13, 0x0(x8)
#1133 0 80000242 004a2703 r 0e         00000013  lw       x14, 0x4(x20)
#1134 0 80000246     43cc r 0b         f0040018  c.lw     x11, 0x4(x15)
#1135 0 80000248     4390 r 0c         00000003  c.lw     x12, 0x0(x15)
#1136 0 8000024a     16fd r 0d         00000001  c.addi   x13, -0x1
#1137 0 8000024c     c04c m f0041024   f0040018  c.sw     x11, 0x4(x8)
#1138 0 8000024e 0049a583 r 0b         f0040008  lw       x11, 0x4(x19)
#1139 0 80000252     c014 m f0041020   00000001  c.sw     x13, 0x0(x8)
#1140 0 80000254 0009a683 r 0d         00000002  lw       x13, 0x0(x19)
#1141 0 80000258     c3cc m f0040024   f0040008  c.sw     x11, 0x4(x15)
#1142 0 8000025a 00f9a223 m f004101c   f0040020  sw       x15, 0x4(x19)
#1143 0 8000025e     c390 m f0040020   00000003  c.sw     x12, 0x0(x15)
#1144 0 80000260     40f2 r 01         8000022e  c.lwsp   x1, 0x1c
#1145 0 80000262     4462 r 08         f0041028  c.lwsp   x8, 0x18
#1146 0 80000264 00168793 r 0f         00000003  addi     x15, x13, 0x1
#1147 0 80000268 00f9a023 m f0041018   00000003  sw       x15, 0x0(x19)
#1148 0 8000026c 00170793 r 0f         00000014  addi     x15, x14, 0x1
#1149 0 80000270 00fa2223 m f0041014   00000014  sw       x15, 0x4(x20)
#1150 0 80000274     44d2 r 09         00000002  c.lwsp   x9, 0x14
#1151 0 80000276     4942 r 12         f0041020  c.lwsp   x18, 0x10
#1152 0 80000278     49b2 r 13         f0041018  c.lwsp   x19, 0xc
#1153 0 8000027a     4a22 r 14         f0041010  c.lwsp   x20, 0x8
#1154 0 8000027c     6105 r 02         f0040f90  c.addi16sp 0x2
#1155 0 8000027e     8082 r 00         00000000  c.jr     x1
#1156 0 8000022e     4785 r 0f         00000001  c.li     x15, 0x1
#1157 0 80000230     874a r 0e         f0041020  c.mv     x14, x18
#1158 0 80000232 00f48663 r 00         00000000  beq      x9, x15, . + 0xc
#1159 0 80000236     8922 r 12         f0041028  c.mv     x18, x8
#1160 0 80000238     843a r 08         f0041020  c.mv     x8, x14
#1161 0 8000023a     bfe9 r 00         00000000  c.j      . - 0x26
#1162 0 80000214     14fd r 09         00000001  c.addi   x9, -0x1
#1163 0 80000216     85a6 r 0b         00000001  c.mv     x11, x9
#1164 0 80000218     8552 r 0a         f0041010  c.mv     x10, x20
#1165 0 8000021a     8722 r 0e         f0041020  c.mv     x14, x8
#1166 0 8000021c     86ce r 0d         f0041018  c.mv     x13, x19
#1167 0 8000021e     864a r 0c         f0041028  c.mv     x12, x18
#1168 0 80000220     3fd9 r 01         80000222  c.jal    . - 0x2a
#1169 0 800001f6     1101 r 02         f0040f70  c.addi   x2, -0x20
#1170 0 800001f8     cc22 m f0040f88   f0041020  c.swsp   x8, 0x18
#1171 0 800001fa     ca26 m f0040f84   00000001  c.swsp   x9, 0x14
#1172 0 800001fc     c84a m f0040f80   f0041028  c.swsp   x18, 0x10
#1173 0 800001fe     c64e m f0040f7c   f0041018  c.swsp   x19, 0xc
#1174 0 80000200     c452 m f0040f78   f0041010  c.swsp   x20, 0x8
#1175 0 80000202     ce06 m f0040f8c   80000222  c.swsp   x1, 0x1c
#1176 0 80000204     4785 r 0f         00000001  c.li     x15, 0x1
#1177 0 80000206     8a2a r 14         f0041010  c.mv     x20, x10
#1178 0 80000208     8932 r 12         f0041028  c.mv     x18, x12
#1179 0 8000020a     89ba r 13         f0041020  c.mv     x19, x14
#1180 0 8000020c     84ae r 09         00000001  c.mv     x9, x11
#1181 0 8000020e     8436 r 08         f0041018  c.mv     x8, x13
#1182 0 80000210 02f58663 r 00         00000000  beq      x11, x15, . + 0x2c
#1183 0 8000023c     8432 r 08         f0041028  c.mv     x8, x12
#1184 0 8000023e     405c r 0f         f0040030  c.lw     x15, 0x4(x8)
#1185 0 80000240     4014 r 0d         00000003  c.lw     x13, 0x0(x8)
#1186 0 80000242 004a2703 r 0e         00000014  lw       x14, 0x4(x20)
#1187 0 80000246     43cc r 0b         f0040028  c.lw     x11, 0x4(x15)
#1188 0 80000248     4390 r 0c         00000001  c.lw     x12, 0x0(x15)
#1189 0 8000024a     16fd r 0d         00000002  c.addi   x13, -0x1
#1190 0 8000024c     c04c m f004102c   f0040028  c.sw     x11, 0x4(x8)
#1191 0 8000024e 0049a583 r 0b         f0040018  lw       x11, 0x4(x19)
#1192 0 80000252     c014 m f0041028   00000002  c.sw     x13, 0x0(x8)
#1193 0 80000254 0009a683 r 0d         00000001  lw       x13, 0x0(x19)
#1194 0 80000258     c3cc m f0040034   f0040018  c.sw     x11, 0x4(x15)
#1195 0 8000025a 00f9a223 m f0041024   f0040030  sw       x15, 0x4(x19)
#1196 0 8000025e     c390 m f0040030   00000001  c.sw     x12, 0x0(x15)
#1197 0 80000260     40f2 r 01         80000222  c.lwsp   x1, 0x1c
#1198 0 80000262     4462 r 08         f0041020  c.lwsp   x8, 0x18
#1199 0 80000264 00168793 r 0f         00000002  addi     x15, x13, 0x1
#1200 0 80000268 00f9a023 m f0041020   00000002  sw       x15, 0x0(x19)
#1201 0 8000026c 00170793 r 0f         00000015  addi     x15, x14, 0x1
#1202 0 80000270 00fa2223 m f0041014   00000015  sw       x15, 0x4(x20)
#1203 0 80000274     44d2 r 09         00000001  c.lwsp   x9, 0x14
#1204 0 80000276     4942 r 12         f0041028  c.lwsp   x18, 0x10
#1205 0 80000278     49b2 r 13         f0041018  c.lwsp   x19, 0xc
#1206 0 8000027a     4a22 r 14         f0041010  c.lwsp   x20, 0x8
#1207 0 8000027c     6105 r 02         f0040f90  c.addi16sp 0x2
#1208 0 8000027e     8082 r 00         00000000  c.jr     x1
#1209 0 80000222     874e r 0e         f0041018  c.mv     x14, x19
#1210 0 80000224     86a2 r 0d         f0041020  c.mv     x13, x8
#1211 0 80000226     864a r 0c         f0041028  c.mv     x12, x18
#1212 0 80000228     4585 r 0b         00000001  c.li     x11, 0x1
#1213 0 8000022a     8552 r 0a         f0041010  c.mv     x10, x20
#1214 0 8000022c     37e9 r 01         8000022e  c.jal    . - 0x36
#1215 0 800001f6     1101 r 02         f0040f70  c.addi   x2, -0x20
#1216 0 800001f8     cc22 m f0040f88   f0041020  c.swsp   x8, 0x18
#1217 0 800001fa     ca26 m f0040f84   00000001  c.swsp   x9, 0x14
#1218 0 800001fc     c84a m f0040f80   f0041028  c.swsp   x18, 0x10
#1219 0 800001fe     c64e m f0040f7c   f0041018  c.swsp   x19, 0xc
#1220 0 80000200     c452 m f0040f78   f0041010  c.swsp   x20, 0x8
#1221 0 80000202     ce06 m f0040f8c   8000022e  c.swsp   x1, 0x1c
#1222 0 80000204     4785 r 0f         00000001  c.li     x15, 0x1
#1223 0 80000206     8a2a r 14         f0041010  c.mv     x20, x10
#1224 0 80000208     8932 r 12         f0041028  c.mv     x18, x12
#1225 0 8000020a     89ba r 13         f0041018  c.mv     x19, x14
#1226 0 8000020c     84ae r 09         00000001  c.mv     x9, x11
#1227 0 8000020e     8436 r 08         f0041020  c.mv     x8, x13
#1228 0 80000210 02f58663 r 00         00000000  beq      x11, x15, . + 0x2c
#1229 0 8000023c     8432 r 08         f0041028  c.mv     x8, x12
#1230 0 8000023e     405c r 0f         f0040028  c.lw     x15, 0x4(x8)
#1231 0 80000240     4014 r 0d         00000002  c.lw     x13, 0x0(x8)
#1232 0 80000242 004a2703 r 0e         00000015  lw       x14, 0x4(x20)
#1233 0 80000246     43cc r 0b         f0040010  c.lw     x11, 0x4(x15)
#1234 0 80000248     4390 r 0c         00000002  c.lw     x12, 0x0(x15)
#1235 0 8000024a     16fd r 0d         00000001  c.addi   x13, -0x1
#1236 0 8000024c     c04c m f004102c   f0040010  c.sw     x11, 0x4(x8)
#1237 0 8000024e 0049a583 r 0b         f0040020  lw       x11, 0x4(x19)
#1238 0 80000252     c014 m f0041028   00000001  c.sw     x13, 0x0(x8)
#1239 0 80000254 0009a683 r 0d         00000003  lw       x13, 0x0(x19)
#1240 0 80000258     c3cc m f004002c   f0040020  c.sw     x11, 0x4(x15)
#1241 0 8000025a 00f9a223 m f004101c   f0040028  sw       x15, 0x4(x19)
#1242 0 8000025e     c390 m f0040028   00000002  c.sw     x12, 0x0(x15)
#1243 0 80000260     40f2 r 01         8000022e  c.lwsp   x1, 0x1c
#1244 0 80000262     4462 r 08         f0041020  c.lwsp   x8, 0x18
#1245 0 80000264 00168793 r 0f         00000004  addi     x15, x13, 0x1
#1246 0 80000268 00f9a023 m f0041018   00000004  sw       x15, 0x0(x19)
#1247 0 8000026c 00170793 r 0f         00000016  addi     x15, x14, 0x1
#1248 0 80000270 00fa2223 m f0041014   00000016  sw       x15, 0x4(x20)
#1249 0 80000274     44d2 r 09         00000001  c.lwsp   x9, 0x14
#1250 0 80000276     4942 r 12         f0041028  c.lwsp   x18, 0x10
#1251 0 80000278     49b2 r 13         f0041018  c.lwsp   x19, 0xc
#1252 0 8000027a     4a22 r 14         f0041010  c.lwsp   x20, 0x8
#1253 0 8000027c     6105 r 02         f0040f90  c.addi16sp 0x2
#1254 0 8000027e     8082 r 00         00000000  c.jr     x1
#1255 0 8000022e     4785 r 0f         00000001  c.li     x15, 0x1
#1256 0 80000230     874a r 0e         f0041028  c.mv     x14, x18
#1257 0 80000232 00f48663 r 00         00000000  beq      x9, x15, . + 0xc
#1258 0 8000023e     405c r 0f         f0040030  c.lw     x15, 0x4(x8)
#1259 0 80000240     4014 r 0d         00000002  c.lw     x13, 0x0(x8)
#1260 0 80000242 004a2703 r 0e         00000016  lw       x14, 0x4(x20)
#1261 0 80000246     43cc r 0b         f0040018  c.lw     x11, 0x4(x15)
#1262 0 80000248     4390 r 0c         00000001  c.lw     x12, 0x0(x15)
#1263 0 8000024a     16fd r 0d         00000001  c.addi   x13, -0x1
#1264 0 8000024c     c04c m f0041024   f0040018  c.sw     x11, 0x4(x8)
#1265 0 8000024e 0049a583 r 0b         f0040028  lw       x11, 0x4(x19)
#1266 0 80000252     c014 m f0041020   00000001  c.sw     x13, 0x0(x8)
#1267 0 80000254 0009a683 r 0d         00000004  lw       x13, 0x0(x19)
#1268 0 80000258     c3cc m f0040034   f0040028  c.sw     x11, 0x4(x15)
#1269 0 8000025a 00f9a223 m f004101c   f0040030  sw       x15, 0x4(x19)
#1270 0 8000025e     c390 m f0040030   00000001  c.sw     x12, 0x0(x15)
#1271 0 80000260     40f2 r 01         80000222  c.lwsp   x1, 0x1c
#1272 0 80000262     4462 r 08         f0041018  c.lwsp   x8, 0x18
#1273 0 80000264 00168793 r 0f         00000005  addi     x15, x13, 0x1
#1274 0 80000268 00f9a023 m f0041018   00000005  sw       x15, 0x0(x19)
#1275 0 8000026c 00170793 r 0f         00000017  addi     x15, x14, 0x1
#1276 0 80000270 00fa2223 m f0041014   00000017  sw       x15, 0x4(x20)
#1277 0 80000274     44d2 r 09         00000003  c.lwsp   x9, 0x14
#1278 0 80000276     4942 r 12         f0041020  c.lwsp   x18, 0x10
#1279 0 80000278     49b2 r 13         f0041028  c.lwsp   x19, 0xc
#1280 0 8000027a     4a22 r 14         f0041010  c.lwsp   x20, 0x8
#1281 0 8000027c     6105 r 02         f0040fb0  c.addi16sp 0x2
#1282 0 8000027e     8082 r 00         00000000  c.jr     x1
#1283 0 80000222     874e r 0e         f0041028  c.mv     x14, x19
#1284 0 80000224     86a2 r 0d         f0041018  c.mv     x13, x8
#1285 0 80000226     864a r 0c         f0041020  c.mv     x12, x18
#1286 0 80000228     4585 r 0b         00000001  c.li     x11, 0x1
#1287 0 8000022a     8552 r 0a         f0041010  c.mv     x10, x20
#1288 0 8000022c     37e9 r 01         8000022e  c.jal    . - 0x36
#1289 0 800001f6     1101 r 02         f0040f90  c.addi   x2, -0x20
#1290 0 800001f8     cc22 m f0040fa8   f0041018  c.swsp   x8, 0x18
#1291 0 800001fa     ca26 m f0040fa4   00000003  c.swsp   x9, 0x14
#1292 0 800001fc     c84a m f0040fa0   f0041020  c.swsp   x18, 0x10
#1293 0 800001fe     c64e m f0040f9c   f0041028  c.swsp   x19, 0xc
#1294 0 80000200     c452 m f0040f98   f0041010  c.swsp   x20, 0x8
#1295 0 80000202     ce06 m f0040fac   8000022e  c.swsp   x1, 0x1c
#1296 0 80000204     4785 r 0f         00000001  c.li     x15, 0x1
#1297 0 80000206     8a2a r 14         f0041010  c.mv     x20, x10
#1298 0 80000208     8932 r 12         f0041020  c.mv     x18, x12
#1299 0 8000020a     89ba r 13         f0041028  c.mv     x19, x14
#1300 0 8000020c     84ae r 09         00000001  c.mv     x9, x11
#1301 0 8000020e     8436 r 08         f0041018  c.mv     x8, x13
#1302 0 80000210 02f58663 r 00         00000000  beq      x11, x15, . + 0x2c
#1303 0 8000023c     8432 r 08         f0041020  c.mv     x8, x12
#1304 0 8000023e     405c r 0f         f0040018  c.lw     x15, 0x4(x8)
#1305 0 80000240     4014 r 0d         00000001  c.lw     x13, 0x0(x8)
#1306 0 80000242 004a2703 r 0e         00000017  lw       x14, 0x4(x20)
#1307 0 80000246     43cc r 0b         00000000  c.lw     x11, 0x4(x15)
#1308 0 80000248     4390 r 0c         00000004  c.lw     x12, 0x0(x15)
#1309 0 8000024a     16fd r 0d         00000000  c.addi   x13, -0x1
#1310 0 8000024c     c04c m f0041024   00000000  c.sw     x11, 0x4(x8)
#1311 0 8000024e 0049a583 r 0b         f0040010  lw       x11, 0x4(x19)
#1312 0 80000252     c014 m f0041020   00000000  c.sw     x13, 0x0(x8)
#1313 0 80000254 0009a683 r 0d         00000001  lw       x13, 0x0(x19)
#1314 0 80000258     c3cc m f004001c   f0040010  c.sw     x11, 0x4(x15)
#1315 0 8000025a 00f9a223 m f004102c   f0040018  sw       x15, 0x4(x19)
#1316 0 8000025e     c390 m f0040018   00000004  c.sw     x12, 0x0(x15)
#1317 0 80000260     40f2 r 01         8000022e  c.lwsp   x1, 0x1c
#1318 0 80000262     4462 r 08         f0041018  c.lwsp   x8, 0x18
#1319 0 80000264 00168793 r 0f         00000002  addi     x15, x13, 0x1
#1320 0 80000268 00f9a023 m f0041028   00000002  sw       x15, 0x0(x19)
#1321 0 8000026c 00170793 r 0f         00000018  addi     x15, x14, 0x1
#1322 0 80000270 00fa2223 m f0041014   00000018  sw       x15, 0x4(x20)
#1323 0 80000274     44d2 r 09         00000003  c.lwsp   x9, 0x14
#1324 0 80000276     4942 r 12         f0041020  c.lwsp   x18, 0x10
#1325 0 80000278     49b2 r 13         f0041028  c.lwsp   x19, 0xc
#1326 0 8000027a     4a22 r 14         f0041010  c.lwsp   x20, 0x8
#1327 0 8000027c     6105 r 02         f0040fb0  c.addi16sp 0x2
#1328 0 8000027e     8082 r 00         00000000  c.jr     x1
#1329 0 8000022e     4785 r 0f         00000001  c.li     x15, 0x1
#1330 0 80000230     874a r 0e         f0041020  c.mv     x14, x18
#1331 0 80000232 00f48663 r 00         00000000  beq      x9, x15, . + 0xc
#1332 0 80000236     8922 r 12         f0041018  c.mv     x18, x8
#1333 0 80000238     843a r 08         f0041020  c.mv     x8, x14
#1334 0 8000023a     bfe9 r 00         00000000  c.j      . - 0x26
#1335 0 80000214     14fd r 09         00000002  c.addi   x9, -0x1
#1336 0 80000216     85a6 r 0b         00000002  c.mv     x11, x9
#1337 0 80000218     8552 r 0a         f0041010  c.mv     x10, x20
#1338 0 8000021a     8722 r 0e         f0041020  c.mv     x14, x8
#1339 0 8000021c     86ce r 0d         f0041028  c.mv     x13, x19
#1340 0 8000021e     864a r 0c         f0041018  c.mv     x12, x18
#1341 0 80000220     3fd9 r 01         80000222  c.jal    . - 0x2a
#1342 0 800001f6     1101 r 02         f0040f90  c.addi   x2, -0x20
#1343 0 800001f8     cc22 m f0040fa8   f0041020  c.swsp   x8, 0x18
#1344 0 800001fa     ca26 m f0040fa4   00000002  c.swsp   x9, 0x14
#1345 0 800001fc     c84a m f0040fa0   f0041018  c.swsp   x18, 0x10
#1346 0 800001fe     c64e m f0040f9c   f0041028  c.swsp   x19, 0xc
#1347 0 80000200     c452 m f0040f98   f0041010  c.swsp   x20, 0x8
#1348 0 80000202     ce06 m f0040fac   80000222  c.swsp   x1, 0x1c
#1349 0 80000204     4785 r 0f         00000001  c.li     x15, 0x1
#1350 0 80000206     8a2a r 14         f0041010  c.mv     x20, x10
#1351 0 80000208     8932 r 12         f0041018  c.mv     x18, x12
#1352 0 8000020a     89ba r 13         f0041020  c.mv     x19, x14
#1353 0 8000020c     84ae r 09         00000002  c.mv     x9, x11
#1354 0 8000020e     8436 r 08         f0041028  c.mv     x8, x13
#1355 0 80000210 02f58663 r 00         00000000  beq      x11, x15, . + 0x2c
#1356 0 80000214     14fd r 09         00000001  c.addi   x9, -0x1
#1357 0 80000216     85a6 r 0b         00000001  c.mv     x11, x9
#1358 0 80000218     8552 r 0a         f0041010  c.mv     x10, x20
#1359 0 8000021a     8722 r 0e         f0041028  c.mv     x14, x8
#1360 0 8000021c     86ce r 0d         f0041020  c.mv     x13, x19
#1361 0 8000021e     864a r 0c         f0041018  c.mv     x12, x18
#1362 0 80000220     3fd9 r 01         80000222  c.jal    . - 0x2a
#1363 0 800001f6     1101 r 02         f0040f70  c.addi   x2, -0x20
#1364 0 800001f8     cc22 m f0040f88   f0041028  c.swsp   x8, 0x18
#1365 0 800001fa     ca26 m f0040f84   00000001  c.swsp   x9, 0x14
#1366 0 800001fc     c84a m f0040f80   f0041018  c.swsp   x18, 0x10
#1367 0 800001fe     c64e m f0040f7c   f0041020  c.swsp   x19, 0xc
#1368 0 80000200     c452 m f0040f78   f0041010  c.swsp   x20, 0x8
#1369 0 80000202     ce06 m f0040f8c   80000222  c.swsp   x1, 0x1c
#1370 0 80000204     4785 r 0f         00000001  c.li     x15, 0x1
#1371 0 80000206     8a2a r 14         f0041010  c.mv     x20, x10
#1372 0 80000208     8932 r 12         f0041018  c.mv     x18, x12
#1373 0 8000020a     89ba r 13         f0041028  c.mv     x19, x14
#1374 0 8000020c     84ae r 09         00000001  c.mv     x9, x11
#1375 0 8000020e     8436 r 08         f0041020  c.mv     x8, x13
#1376 0 80000210 02f58663 r 00         00000000  beq      x11, x15, . + 0x2c
#1377 0 8000023c     8432 r 08         f0041018  c.mv     x8, x12
#1378 0 8000023e     405c r 0f         f0040030  c.lw     x15, 0x4(x8)
#1379 0 80000240     4014 r 0d         00000005  c.lw     x13, 0x0(x8)
#1380 0 80000242 004a2703 r 0e         00000018  lw       x14, 0x4(x20)
#1381 0 80000246     43cc r 0b         f0040028  c.lw     x11, 0x4(x15)
#1382 0 80000248     4390 r 0c         00000001  c.lw     x12, 0x0(x15)
#1383 0 8000024a     16fd r 0d         00000004  c.addi   x13, -0x1
#1384 0 8000024c     c04c m f004101c   f0040028  c.sw     x11, 0x4(x8)
#1385 0 8000024e 0049a583 r 0b         f0040018  lw       x11, 0x4(x19)
#1386 0 80000252     c014 m f0041018   00000004  c.sw     x13, 0x0(x8)
#1387 0 80000254 0009a683 r 0d         00000002  lw       x13, 0x0(x19)
#1388 0 80000258     c3cc m f0040034   f0040018  c.sw     x11, 0x4(x15)
#1389 0 8000025a 00f9a223 m f004102c   f0040030  sw       x15, 0x4(x19)
#1390 0 8000025e     c390 m f0040030   00000001  c.sw     x12, 0x0(x15)
#1391 0 80000260     40f2 r 01         80000222  c.lwsp   x1, 0x1c
#1392 0 80000262     4462 r 08         f0041028  c.lwsp   x8, 0x18
#1393 0 80000264 00168793 r 0f         00000003  addi     x15, x13, 0x1
#1394 0 80000268 00f9a023 m f0041028   00000003  sw       x15, 0x0(x19)
#1395 0 8000026c 00170793 r 0f         00000019  addi     x15, x14, 0x1
#1396 0 80000270 00fa2223 m f0041014   00000019  sw       x15, 0x4(x20)
#1397 0 80000274     44d2 r 09         00000001  c.lwsp   x9, 0x14
#1398 0 80000276     4942 r 12         f0041018  c.lwsp   x18, 0x10
#1399 0 80000278     49b2 r 13         f0041020  c.lwsp   x19, 0xc
#1400 0 8000027a     4a22 r 14         f0041010  c.lwsp   x20, 0x8
#1401 0 8000027c     6105 r 02         f0040f90  c.addi16sp 0x2
#1402 0 8000027e     8082 r 00         00000000  c.jr     x1
#1403 0 80000222     874e r 0e         f0041020  c.mv     x14, x19
#1404 0 80000224     86a2 r 0d         f0041028  c.mv     x13, x8
#1405 0 80000226     864a r 0c         f0041018  c.mv     x12, x18
#1406 0 80000228     4585 r 0b         00000001  c.li     x11, 0x1
#1407 0 8000022a     8552 r 0a         f0041010  c.mv     x10, x20
#1408 0 8000022c     37e9 r 01         8000022e  c.jal    . - 0x36
#1409 0 800001f6     1101 r 02         f0040f70  c.addi   x2, -0x20
#1410 0 800001f8     cc22 m f0040f88   f0041028  c.swsp   x8, 0x18
#1411 0 800001fa     ca26 m f0040f84   00000001  c.swsp   x9, 0x14
#1412 0 800001fc     c84a m f0040f80   f0041018  c.swsp   x18, 0x10
#1413 0 800001fe     c64e m f0040f7c   f0041020  c.swsp   x19, 0xc
#1414 0 80000200     c452 m f0040f78   f0041010  c.swsp   x20, 0x8
#1415 0 80000202     ce06 m f0040f8c   8000022e  c.swsp   x1, 0x1c
#1416 0 80000204     4785 r 0f         00000001  c.li     x15, 0x1
#1417 0 80000206     8a2a r 14         f0041010  c.mv     x20, x10
#1418 0 80000208     8932 r 12         f0041018  c.mv     x18, x12
#1419 0 8000020a     89ba r 13         f0041020  c.mv     x19, x14
#1420 0 8000020c     84ae r 09         00000001  c.mv     x9, x11
#1421 0 8000020e     8436 r 08         f0041028  c.mv     x8, x13
#1422 0 80000210 02f58663 r 00         00000000  beq      x11, x15, . + 0x2c
#1423 0 8000023c     8432 r 08         f0041018  c.mv     x8, x12
#1424 0 8000023e     405c r 0f         f0040028  c.lw     x15, 0x4(x8)
#1425 0 80000240     4014 r 0d         00000004  c.lw     x13, 0x0(x8)
#1426 0 80000242 004a2703 r 0e         00000019  lw       x14, 0x4(x20)
#1427 0 80000246     43cc r 0b         f0040020  c.lw     x11, 0x4(x15)
#1428 0 80000248     4390 r 0c         00000002  c.lw     x12, 0x0(x15)
#1429 0 8000024a     16fd r 0d         00000003  c.addi   x13, -0x1
#1430 0 8000024c     c04c m f004101c   f0040020  c.sw     x11, 0x4(x8)
#1431 0 8000024e 0049a583 r 0b         00000000  lw       x11, 0x4(x19)
#1432 0 80000252     c014 m f0041018   00000003  c.sw     x13, 0x0(x8)
#1433 0 80000254 0009a683 r 0d         00000000  lw       x13, 0x0(x19)
#1434 0 80000258     c3cc m f004002c   00000000  c.sw     x11, 0x4(x15)
#1435 0 8000025a 00f9a223 m f0041024   f0040028  sw       x15, 0x4(x19)
#1436 0 8000025e     c390 m f0040028   00000002  c.sw     x12, 0x0(x15)
#1437 0 80000260     40f2 r 01         8000022e  c.lwsp   x1, 0x1c
#1438 0 80000262     4462 r 08         f0041028  c.lwsp   x8, 0x18
#1439 0 80000264 00168793 r 0f         00000001  addi     x15, x13, 0x1
#1440 0 80000268 00f9a023 m f0041020   00000001  sw       x15, 0x0(x19)
#1441 0 8000026c 00170793 r 0f         0000001a  addi     x15, x14, 0x1
#1442 0 80000270 00fa2223 m f0041014   0000001a  sw       x15, 0x4(x20)
#1443 0 80000274     44d2 r 09         00000001  c.lwsp   x9, 0x14
#1444 0 80000276     4942 r 12         f0041018  c.lwsp   x18, 0x10
#1445 0 80000278     49b2 r 13         f0041020  c.lwsp   x19, 0xc
#1446 0 8000027a     4a22 r 14         f0041010  c.lwsp   x20, 0x8
#1447 0 8000027c     6105 r 02         f0040f90  c.addi16sp 0x2
#1448 0 8000027e     8082 r 00         00000000  c.jr     x1
#1449 0 8000022e     4785 r 0f         00000001  c.li     x15, 0x1
#1450 0 80000230     874a r 0e         f0041018  c.mv     x14, x18
#1451 0 80000232 00f48663 r 00         00000000  beq      x9, x15, . + 0xc
#1452 0 8000023e     405c r 0f         f0040030  c.lw     x15, 0x4(x8)
#1453 0 80000240     4014 r 0d         00000003  c.lw     x13, 0x0(x8)
#1454 0 80000242 004a2703 r 0e         0000001a  lw       x14, 0x4(x20)
#1455 0 80000246     43cc r 0b         f0040018  c.lw     x11, 0x4(x15)
#1456 0 80000248     4390 r 0c         00000001  c.lw     x12, 0x0(x15)
#1457 0 8000024a     16fd r 0d         00000002  c.addi   x13, -0x1
#1458 0 8000024c     c04c m f004102c   f0040018  c.sw     x11, 0x4(x8)
#1459 0 8000024e 0049a583 r 0b         f0040028  lw       x11, 0x4(x19)
#1460 0 80000252     c014 m f0041028   00000002  c.sw     x13, 0x0(x8)
#1461 0 80000254 0009a683 r 0d         00000001  lw       x13, 0x0(x19)
#1462 0 80000258     c3cc m f0040034   f0040028  c.sw     x11, 0x4(x15)
#1463 0 8000025a 00f9a223 m f0041024   f0040030  sw       x15, 0x4(x19)
#1464 0 8000025e     c390 m f0040030   00000001  c.sw     x12, 0x0(x15)
#1465 0 80000260     40f2 r 01         80000222  c.lwsp   x1, 0x1c
#1466 0 80000262     4462 r 08         f0041020  c.lwsp   x8, 0x18
#1467 0 80000264 00168793 r 0f         00000002  addi     x15, x13, 0x1
#1468 0 80000268 00f9a023 m f0041020   00000002  sw       x15, 0x0(x19)
#1469 0 8000026c 00170793 r 0f         0000001b  addi     x15, x14, 0x1
#1470 0 80000270 00fa2223 m f0041014   0000001b  sw       x15, 0x4(x20)
#1471 0 80000274     44d2 r 09         00000002  c.lwsp   x9, 0x14
#1472 0 80000276     4942 r 12         f0041018  c.lwsp   x18, 0x10
#1473 0 80000278     49b2 r 13         f0041028  c.lwsp   x19, 0xc
#1474 0 8000027a     4a22 r 14         f0041010  c.lwsp   x20, 0x8
#1475 0 8000027c     6105 r 02         f0040fb0  c.addi16sp 0x2
#1476 0 8000027e     8082 r 00         00000000  c.jr     x1
#1477 0 80000222     874e r 0e         f0041028  c.mv     x14, x19
#1478 0 80000224     86a2 r 0d         f0041020  c.mv     x13, x8
#1479 0 80000226     864a r 0c         f0041018  c.mv     x12, x18
#1480 0 80000228     4585 r 0b         00000001  c.li     x11, 0x1
#1481 0 8000022a     8552 r 0a         f0041010  c.mv     x10, x20
#1482 0 8000022c     37e9 r 01         8000022e  c.jal    . - 0x36
#1483 0 800001f6     1101 r 02         f0040f90  c.addi   x2, -0x20
#1484 0 800001f8     cc22 m f0040fa8   f0041020  c.swsp   x8, 0x18
#1485 0 800001fa     ca26 m f0040fa4   00000002  c.swsp   x9, 0x14
#1486 0 800001fc     c84a m f0040fa0   f0041018  c.swsp   x18, 0x10
#1487 0 800001fe     c64e m f0040f9c   f0041028  c.swsp   x19, 0xc
#1488 0 80000200     c452 m f0040f98   f0041010  c.swsp   x20, 0x8
#1489 0 80000202     ce06 m f0040fac   8000022e  c.swsp   x1, 0x1c
#1490 0 80000204     4785 r 0f         00000001  c.li     x15, 0x1
#1491 0 80000206     8a2a r 14         f0041010  c.mv     x20, x10
#1492 0 80000208     8932 r 12         f0041018  c.mv     x18, x12
#1493 0 8000020a     89ba r 13         f0041028  c.mv     x19, x14
#1494 0 8000020c     84ae r 09         00000001  c.mv     x9, x11
#1495 0 8000020e     8436 r 08         f0041020  c.mv     x8, x13
#1496 0 80000210 02f58663 r 00         00000000  beq      x11, x15, . + 0x2c
#1497 0 8000023c     8432 r 08         f0041018  c.mv     x8, x12
#1498 0 8000023e     405c r 0f         f0040020  c.lw     x15, 0x4(x8)
#1499 0 80000240     4014 r 0d         00000003  c.lw     x13, 0x0(x8)
#1500 0 80000242 004a2703 r 0e         0000001b  lw       x14, 0x4(x20)
#1501 0 80000246     43cc r 0b         f0040008  c.lw     x11, 0x4(x15)
#1502 0 80000248     4390 r 0c         00000003  c.lw     x12, 0x0(x15)
#1503 0 8000024a     16fd r 0d         00000002  c.addi   x13, -0x1
#1504 0 8000024c     c04c m f004101c   f0040008  c.sw     x11, 0x4(x8)
#1505 0 8000024e 0049a583 r 0b         f0040018  lw       x11, 0x4(x19)
#1506 0 80000252     c014 m f0041018   00000002  c.sw     x13, 0x0(x8)
#1507 0 80000254 0009a683 r 0d         00000002  lw       x13, 0x0(x19)
#1508 0 80000258     c3cc m f0040024   f0040018  c.sw     x11, 0x4(x15)
#1509 0 8000025a 00f9a223 m f004102c   f0040020  sw       x15, 0x4(x19)
#1510 0 8000025e     c390 m f0040020   00000003  c.sw     x12, 0x0(x15)
#1511 0 80000260     40f2 r 01         8000022e  c.lwsp   x1, 0x1c
#1512 0 80000262     4462 r 08         f0041020  c.lwsp   x8, 0x18
#1513 0 80000264 00168793 r 0f         00000003  addi     x15, x13, 0x1
#1514 0 80000268 00f9a023 m f0041028   00000003  sw       x15, 0x0(x19)
#1515 0 8000026c 00170793 r 0f         0000001c  addi     x15, x14, 0x1
#1516 0 80000270 00fa2223 m f0041014   0000001c  sw       x15, 0x4(x20)
#1517 0 80000274     44d2 r 09         00000002  c.lwsp   x9, 0x14
#1518 0 80000276     4942 r 12         f0041018  c.lwsp   x18, 0x10
#1519 0 80000278     49b2 r 13         f0041028  c.lwsp   x19, 0xc
#1520 0 8000027a     4a22 r 14         f0041010  c.lwsp   x20, 0x8
#1521 0 8000027c     6105 r 02         f0040fb0  c.addi16sp 0x2
#1522 0 8000027e     8082 r 00         00000000  c.jr     x1
#1523 0 8000022e     4785 r 0f         00000001  c.li     x15, 0x1
#1524 0 80000230     874a r 0e         f0041018  c.mv     x14, x18
#1525 0 80000232 00f48663 r 00         00000000  beq      x9, x15, . + 0xc
#1526 0 80000236     8922 r 12         f0041020  c.mv     x18, x8
#1527 0 80000238     843a r 08         f0041018  c.mv     x8, x14
#1528 0 8000023a     bfe9 r 00         00000000  c.j      . - 0x26
#1529 0 80000214     14fd r 09         00000001  c.addi   x9, -0x1
#1530 0 80000216     85a6 r 0b         00000001  c.mv     x11, x9
#1531 0 80000218     8552 r 0a         f0041010  c.mv     x10, x20
#1532 0 8000021a     8722 r 0e         f0041018  c.mv     x14, x8
#1533 0 8000021c     86ce r 0d         f0041028  c.mv     x13, x19
#1534 0 8000021e     864a r 0c         f0041020  c.mv     x12, x18
#1535 0 80000220     3fd9 r 01         80000222  c.jal    . - 0x2a
#1536 0 800001f6     1101 r 02         f0040f90  c.addi   x2, -0x20
#1537 0 800001f8     cc22 m f0040fa8   f0041018  c.swsp   x8, 0x18
#1538 0 800001fa     ca26 m f0040fa4   00000001  c.swsp   x9, 0x14
#1539 0 800001fc     c84a m f0040fa0   f0041020  c.swsp   x18, 0x10
#1540 0 800001fe     c64e m f0040f9c   f0041028  c.swsp   x19, 0xc
#1541 0 80000200     c452 m f0040f98   f0041010  c.swsp   x20, 0x8
#1542 0 80000202     ce06 m f0040fac   80000222  c.swsp   x1, 0x1c
#1543 0 80000204     4785 r 0f         00000001  c.li     x15, 0x1
#1544 0 80000206     8a2a r 14         f0041010  c.mv     x20, x10
#1545 0 80000208     8932 r 12         f0041020  c.mv     x18, x12
#1546 0 8000020a     89ba r 13         f0041018  c.mv     x19, x14
#1547 0 8000020c     84ae r 09         00000001  c.mv     x9, x11
#1548 0 8000020e     8436 r 08         f0041028  c.mv     x8, x13
#1549 0 80000210 02f58663 r 00         00000000  beq      x11, x15, . + 0x2c
#1550 0 8000023c     8432 r 08         f0041020  c.mv     x8, x12
#1551 0 8000023e     405c r 0f         f0040030  c.lw     x15, 0x4(x8)
#1552 0 80000240     4014 r 0d         00000002  c.lw     x13, 0x0(x8)
#1553 0 80000242 004a2703 r 0e         0000001c  lw       x14, 0x4(x20)
#1554 0 80000246     43cc r 0b         f0040028  c.lw     x11, 0x4(x15)
#1555 0 80000248     4390 r 0c         00000001  c.lw     x12, 0x0(x15)
#1556 0 8000024a     16fd r 0d         00000001  c.addi   x13, -0x1
#1557 0 8000024c     c04c m f0041024   f0040028  c.sw     x11, 0x4(x8)
#1558 0 8000024e 0049a583 r 0b         f0040008  lw       x11, 0x4(x19)
#1559 0 80000252     c014 m f0041020   00000001  c.sw     x13, 0x0(x8)
#1560 0 80000254 0009a683 r 0d         00000002  lw       x13, 0x0(x19)
#1561 0 80000258     c3cc m f0040034   f0040008  c.sw     x11, 0x4(x15)
#1562 0 8000025a 00f9a223 m f004101c   f0040030  sw       x15, 0x4(x19)
#1563 0 8000025e     c390 m f0040030   00000001  c.sw     x12, 0x0(x15)
#1564 0 80000260     40f2 r 01         80000222  c.lwsp   x1, 0x1c
#1565 0 80000262     4462 r 08         f0041018  c.lwsp   x8, 0x18
#1566 0 80000264 00168793 r 0f         00000003  addi     x15, x13, 0x1
#1567 0 80000268 00f9a023 m f0041018   00000003  sw       x15, 0x0(x19)
#1568 0 8000026c 00170793 r 0f         0000001d  addi     x15, x14, 0x1
#1569 0 80000270 00fa2223 m f0041014   0000001d  sw       x15, 0x4(x20)
#1570 0 80000274     44d2 r 09         00000001  c.lwsp   x9, 0x14
#1571 0 80000276     4942 r 12         f0041020  c.lwsp   x18, 0x10
#1572 0 80000278     49b2 r 13         f0041028  c.lwsp   x19, 0xc
#1573 0 8000027a     4a22 r 14         f0041010  c.lwsp   x20, 0x8
#1574 0 8000027c     6105 r 02         f0040fb0  c.addi16sp 0x2
#1575 0 8000027e     8082 r 00         00000000  c.jr     x1
#1576 0 80000222     874e r 0e         f0041028  c.mv     x14, x19
#1577 0 80000224     86a2 r 0d         f0041018  c.mv     x13, x8
#1578 0 80000226     864a r 0c         f0041020  c.mv     x12, x18
#1579 0 80000228     4585 r 0b         00000001  c.li     x11, 0x1
#1580 0 8000022a     8552 r 0a         f0041010  c.mv     x10, x20
#1581 0 8000022c     37e9 r 01         8000022e  c.jal    . - 0x36
#1582 0 800001f6     1101 r 02         f0040f90  c.addi   x2, -0x20
#1583 0 800001f8     cc22 m f0040fa8   f0041018  c.swsp   x8, 0x18
#1584 0 800001fa     ca26 m f0040fa4   00000001  c.swsp   x9, 0x14
#1585 0 800001fc     c84a m f0040fa0   f0041020  c.swsp   x18, 0x10
#1586 0 800001fe     c64e m f0040f9c   f0041028  c.swsp   x19, 0xc
#1587 0 80000200     c452 m f0040f98   f0041010  c.swsp   x20, 0x8
#1588 0 80000202     ce06 m f0040fac   8000022e  c.swsp   x1, 0x1c
#1589 0 80000204     4785 r 0f         00000001  c.li     x15, 0x1
#1590 0 80000206     8a2a r 14         f0041010  c.mv     x20, x10
#1591 0 80000208     8932 r 12         f0041020  c.mv     x18, x12
#1592 0 8000020a     89ba r 13         f0041028  c.mv     x19, x14
#1593 0 8000020c     84ae r 09         00000001  c.mv     x9, x11
#1594 0 8000020e     8436 r 08         f0041018  c.mv     x8, x13
#1595 0 80000210 02f58663 r 00         00000000  beq      x11, x15, . + 0x2c
#1596 0 8000023c     8432 r 08         f0041020  c.mv     x8, x12
#1597 0 8000023e     405c r 0f         f0040028  c.lw     x15, 0x4(x8)
#1598 0 80000240     4014 r 0d         00000001  c.lw     x13, 0x0(x8)
#1599 0 80000242 004a2703 r 0e         0000001d  lw       x14, 0x4(x20)
#1600 0 80000246     43cc r 0b         00000000  c.lw     x11, 0x4(x15)
#1601 0 80000248     4390 r 0c         00000002  c.lw     x12, 0x0(x15)
#1602 0 8000024a     16fd r 0d         00000000  c.addi   x13, -0x1
#1603 0 8000024c     c04c m f0041024   00000000  c.sw     x11, 0x4(x8)
#1604 0 8000024e 0049a583 r 0b         f0040020  lw       x11, 0x4(x19)
#1605 0 80000252     c014 m f0041020   00000000  c.sw     x13, 0x0(x8)
#1606 0 80000254 0009a683 r 0d         00000003  lw       x13, 0x0(x19)
#1607 0 80000258     c3cc m f004002c   f0040020  c.sw     x11, 0x4(x15)
#1608 0 8000025a 00f9a223 m f004102c   f0040028  sw       x15, 0x4(x19)
#1609 0 8000025e     c390 m f0040028   00000002  c.sw     x12, 0x0(x15)
#1610 0 80000260     40f2 r 01         8000022e  c.lwsp   x1, 0x1c
#1611 0 80000262     4462 r 08         f0041018  c.lwsp   x8, 0x18
#1612 0 80000264 00168793 r 0f         00000004  addi     x15, x13, 0x1
#1613 0 80000268 00f9a023 m f0041028   00000004  sw       x15, 0x0(x19)
#1614 0 8000026c 00170793 r 0f         0000001e  addi     x15, x14, 0x1
#1615 0 80000270 00fa2223 m f0041014   0000001e  sw       x15, 0x4(x20)
#1616 0 80000274     44d2 r 09         00000001  c.lwsp   x9, 0x14
#1617 0 80000276     4942 r 12         f0041020  c.lwsp   x18, 0x10
#1618 0 80000278     49b2 r 13         f0041028  c.lwsp   x19, 0xc
#1619 0 8000027a     4a22 r 14         f0041010  c.lwsp   x20, 0x8
#1620 0 8000027c     6105 r 02         f0040fb0  c.addi16sp 0x2
#1621 0 8000027e     8082 r 00         00000000  c.jr     x1
#1622 0 8000022e     4785 r 0f         00000001  c.li     x15, 0x1
#1623 0 80000230     874a r 0e         f0041020  c.mv     x14, x18
#1624 0 80000232 00f48663 r 00         00000000  beq      x9, x15, . + 0xc
#1625 0 8000023e     405c r 0f         f0040030  c.lw     x15, 0x4(x8)
#1626 0 80000240     4014 r 0d         00000003  c.lw     x13, 0x0(x8)
#1627 0 80000242 004a2703 r 0e         0000001e  lw       x14, 0x4(x20)
#1628 0 80000246     43cc r 0b         f0040008  c.lw     x11, 0x4(x15)
#1629 0 80000248     4390 r 0c         00000001  c.lw     x12, 0x0(x15)
#1630 0 8000024a     16fd r 0d         00000002  c.addi   x13, -0x1
#1631 0 8000024c     c04c m f004101c   f0040008  c.sw     x11, 0x4(x8)
#1632 0 8000024e 0049a583 r 0b         f0040028  lw       x11, 0x4(x19)
#1633 0 80000252     c014 m f0041018   00000002  c.sw     x13, 0x0(x8)
#1634 0 80000254 0009a683 r 0d         00000004  lw       x13, 0x0(x19)
#1635 0 80000258     c3cc m f0040034   f0040028  c.sw     x11, 0x4(x15)
#1636 0 8000025a 00f9a223 m f004102c   f0040030  sw       x15, 0x4(x19)
#1637 0 8000025e     c390 m f0040030   00000001  c.sw     x12, 0x0(x15)
#1638 0 80000260     40f2 r 01         80000222  c.lwsp   x1, 0x1c
#1639 0 80000262     4462 r 08         f0041028  c.lwsp   x8, 0x18
#1640 0 80000264 00168793 r 0f         00000005  addi     x15, x13, 0x1
#1641 0 80000268 00f9a023 m f0041028   00000005  sw       x15, 0x0(x19)
#1642 0 8000026c 00170793 r 0f         0000001f  addi     x15, x14, 0x1
#1643 0 80000270 00fa2223 m f0041014   0000001f  sw       x15, 0x4(x20)
#1644 0 80000274     44d2 r 09         00000005  c.lwsp   x9, 0x14
#1645 0 80000276     4942 r 12         f0041018  c.lwsp   x18, 0x10
#1646 0 80000278     49b2 r 13         f0041020  c.lwsp   x19, 0xc
#1647 0 8000027a     4a22 r 14         f0041010  c.lwsp   x20, 0x8
#1648 0 8000027c     6105 r 02         f0040fd0  c.addi16sp 0x2
#1649 0 8000027e     8082 r 00         00000000  c.jr     x1
#1650 0 80000222     874e r 0e         f0041020  c.mv     x14, x19
#1651 0 80000224     86a2 r 0d         f0041028  c.mv     x13, x8
#1652 0 80000226     864a r 0c         f0041018  c.mv     x12, x18
#1653 0 80000228     4585 r 0b         00000001  c.li     x11, 0x1
#1654 0 8000022a     8552 r 0a         f0041010  c.mv     x10, x20
#1655 0 8000022c     37e9 r 01         8000022e  c.jal    . - 0x36
#1656 0 800001f6     1101 r 02         f0040fb0  c.addi   x2, -0x20
#1657 0 800001f8     cc22 m f0040fc8   f0041028  c.swsp   x8, 0x18
#1658 0 800001fa     ca26 m f0040fc4   00000005  c.swsp   x9, 0x14
#1659 0 800001fc     c84a m f0040fc0   f0041018  c.swsp   x18, 0x10
#1660 0 800001fe     c64e m f0040fbc   f0041020  c.swsp   x19, 0xc
#1661 0 80000200     c452 m f0040fb8   f0041010  c.swsp   x20, 0x8
#1662 0 80000202     ce06 m f0040fcc   8000022e  c.swsp   x1, 0x1c
#1663 0 80000204     4785 r 0f         00000001  c.li     x15, 0x1
#1664 0 80000206     8a2a r 14         f0041010  c.mv     x20, x10
#1665 0 80000208     8932 r 12         f0041018  c.mv     x18, x12
#1666 0 8000020a     89ba r 13         f0041020  c.mv     x19, x14
#1667 0 8000020c     84ae r 09         00000001  c.mv     x9, x11
#1668 0 8000020e     8436 r 08         f0041028  c.mv     x8, x13
#1669 0 80000210 02f58663 r 00         00000000  beq      x11, x15, . + 0x2c
#1670 0 8000023c     8432 r 08         f0041018  c.mv     x8, x12
#1671 0 8000023e     405c r 0f         f0040008  c.lw     x15, 0x4(x8)
#1672 0 80000240     4014 r 0d         00000002  c.lw     x13, 0x0(x8)
#1673 0 80000242 004a2703 r 0e         0000001f  lw       x14, 0x4(x20)
#1674 0 80000246     43cc r 0b         f0040000  c.lw     x11, 0x4(x15)
#1675 0 80000248     4390 r 0c         00000006  c.lw     x12, 0x0(x15)
#1676 0 8000024a     16fd r 0d         00000001  c.addi   x13, -0x1
#1677 0 8000024c     c04c m f004101c   f0040000  c.sw     x11, 0x4(x8)
#1678 0 8000024e 0049a583 r 0b         00000000  lw       x11, 0x4(x19)
#1679 0 80000252     c014 m f0041018   00000001  c.sw     x13, 0x0(x8)
#1680 0 80000254 0009a683 r 0d         00000000  lw       x13, 0x0(x19)
#1681 0 80000258     c3cc m f004000c   00000000  c.sw     x11, 0x4(x15)
#1682 0 8000025a 00f9a223 m f0041024   f0040008  sw       x15, 0x4(x19)
#1683 0 8000025e     c390 m f0040008   00000006  c.sw     x12, 0x0(x15)
#1684 0 80000260     40f2 r 01         8000022e  c.lwsp   x1, 0x1c
#1685 0 80000262     4462 r 08         f0041028  c.lwsp   x8, 0x18
#1686 0 80000264 00168793 r 0f         00000001  addi     x15, x13, 0x1
#1687 0 80000268 00f9a023 m f0041020   00000001  sw       x15, 0x0(x19)
#1688 0 8000026c 00170793 r 0f         00000020  addi     x15, x14, 0x1
#1689 0 80000270 00fa2223 m f0041014   00000020  sw       x15, 0x4(x20)
#1690 0 80000274     44d2 r 09         00000005  c.lwsp   x9, 0x14
#1691 0 80000276     4942 r 12         f0041018  c.lwsp   x18, 0x10
#1692 0 80000278     49b2 r 13         f0041020  c.lwsp   x19, 0xc
#1693 0 8000027a     4a22 r 14         f0041010  c.lwsp   x20, 0x8
#1694 0 8000027c     6105 r 02         f0040fd0  c.addi16sp 0x2
#1695 0 8000027e     8082 r 00         00000000  c.jr     x1
#1696 0 8000022e     4785 r 0f         00000001  c.li     x15, 0x1
#1697 0 80000230     874a r 0e         f0041018  c.mv     x14, x18
#1698 0 80000232 00f48663 r 00         00000000  beq      x9, x15, . + 0xc
#1699 0 80000236     8922 r 12         f0041028  c.mv     x18, x8
#1700 0 80000238     843a r 08         f0041018  c.mv     x8, x14
#1701 0 8000023a     bfe9 r 00         00000000  c.j      . - 0x26
#1702 0 80000214     14fd r 09         00000004  c.addi   x9, -0x1
#1703 0 80000216     85a6 r 0b         00000004  c.mv     x11, x9
#1704 0 80000218     8552 r 0a         f0041010  c.mv     x10, x20
#1705 0 8000021a     8722 r 0e         f0041018  c.mv     x14, x8
#1706 0 8000021c     86ce r 0d         f0041020  c.mv     x13, x19
#1707 0 8000021e     864a r 0c         f0041028  c.mv     x12, x18
#1708 0 80000220     3fd9 r 01         80000222  c.jal    . - 0x2a
#1709 0 800001f6     1101 r 02         f0040fb0  c.addi   x2, -0x20
#1710 0 800001f8     cc22 m f0040fc8   f0041018  c.swsp   x8, 0x18
#1711 0 800001fa     ca26 m f0040fc4   00000004  c.swsp   x9, 0x14
#1712 0 800001fc     c84a m f0040fc0   f0041028  c.swsp   x18, 0x10
#1713 0 800001fe     c64e m f0040fbc   f0041020  c.swsp   x19, 0xc
#1714 0 80000200     c452 m f0040fb8   f0041010  c.swsp   x20, 0x8
#1715 0 80000202     ce06 m f0040fcc   80000222  c.swsp   x1, 0x1c
#1716 0 80000204     4785 r 0f         00000001  c.li     x15, 0x1
#1717 0 80000206     8a2a r 14         f0041010  c.mv     x20, x10
#1718 0 80000208     8932 r 12         f0041028  c.mv     x18, x12
#1719 0 8000020a     89ba r 13         f0041018  c.mv     x19, x14
#1720 0 8000020c     84ae r 09         00000004  c.mv     x9, x11
#1721 0 8000020e     8436 r 08         f0041020  c.mv     x8, x13
#1722 0 80000210 02f58663 r 00         00000000  beq      x11, x15, . + 0x2c
#1723 0 80000214     14fd r 09         00000003  c.addi   x9, -0x1
#1724 0 80000216     85a6 r 0b         00000003  c.mv     x11, x9
#1725 0 80000218     8552 r 0a         f0041010  c.mv     x10, x20
#1726 0 8000021a     8722 r 0e         f0041020  c.mv     x14, x8
#1727 0 8000021c     86ce r 0d         f0041018  c.mv     x13, x19
#1728 0 8000021e     864a r 0c         f0041028  c.mv     x12, x18
#1729 0 80000220     3fd9 r 01         80000222  c.jal    . - 0x2a
#1730 0 800001f6     1101 r 02         f0040f90  c.addi   x2, -0x20
#1731 0 800001f8     cc22 m f0040fa8   f0041020  c.swsp   x8, 0x18
#1732 0 800001fa     ca26 m f0040fa4   00000003  c.swsp   x9, 0x14
#1733 0 800001fc     c84a m f0040fa0   f0041028  c.swsp   x18, 0x10
#1734 0 800001fe     c64e m f0040f9c   f0041018  c.swsp   x19, 0xc
#1735 0 80000200     c452 m f0040f98   f0041010  c.swsp   x20, 0x8
#1736 0 80000202     ce06 m f0040fac   80000222  c.swsp   x1, 0x1c
#1737 0 80000204     4785 r 0f         00000001  c.li     x15, 0x1
#1738 0 80000206     8a2a r 14         f0041010  c.mv     x20, x10
#1739 0 80000208     8932 r 12         f0041028  c.mv     x18, x12
#1740 0 8000020a     89ba r 13         f0041020  c.mv     x19, x14
#1741 0 8000020c     84ae r 09         00000003  c.mv     x9, x11
#1742 0 8000020e     8436 r 08         f0041018  c.mv     x8, x13
#1743 0 80000210 02f58663 r 00         00000000  beq      x11, x15, . + 0x2c
#1744 0 80000214     14fd r 09         00000002  c.addi   x9, -0x1
#1745 0 80000216     85a6 r 0b         00000002  c.mv     x11, x9
#1746 0 80000218     8552 r 0a         f0041010  c.mv     x10, x20
#1747 0 8000021a     8722 r 0e         f0041018  c.mv     x14, x8
#1748 0 8000021c     86ce r 0d         f0041020  c.mv     x13, x19
#1749 0 8000021e     864a r 0c         f0041028  c.mv     x12, x18
#1750 0 80000220     3fd9 r 01         80000222  c.jal    . - 0x2a
#1751 0 800001f6     1101 r 02         f0040f70  c.addi   x2, -0x20
#1752 0 800001f8     cc22 m f0040f88   f0041018  c.swsp   x8, 0x18
#1753 0 800001fa     ca26 m f0040f84   00000002  c.swsp   x9, 0x14
#1754 0 800001fc     c84a m f0040f80   f0041028  c.swsp   x18, 0x10
#1755 0 800001fe     c64e m f0040f7c   f0041020  c.swsp   x19, 0xc
#1756 0 80000200     c452 m f0040f78   f0041010  c.swsp   x20, 0x8
#1757 0 80000202     ce06 m f0040f8c   80000222  c.swsp   x1, 0x1c
#1758 0 80000204     4785 r 0f         00000001  c.li     x15, 0x1
#1759 0 80000206     8a2a r 14         f0041010  c.mv     x20, x10
#1760 0 80000208     8932 r 12         f0041028  c.mv     x18, x12
#1761 0 8000020a     89ba r 13         f0041018  c.mv     x19, x14
#1762 0 8000020c     84ae r 09         00000002  c.mv     x9, x11
#1763 0 8000020e     8436 r 08         f0041020  c.mv     x8, x13
#1764 0 80000210 02f58663 r 00         00000000  beq      x11, x15, . + 0x2c
#1765 0 80000214     14fd r 09         00000001  c.addi   x9, -0x1
#1766 0 80000216     85a6 r 0b         00000001  c.mv     x11, x9
#1767 0 80000218     8552 r 0a         f0041010  c.mv     x10, x20
#1768 0 8000021a     8722 r 0e         f0041020  c.mv     x14, x8
#1769 0 8000021c     86ce r 0d         f0041018  c.mv     x13, x19
#1770 0 8000021e     864a r 0c         f0041028  c.mv     x12, x18
#1771 0 80000220     3fd9 r 01         80000222  c.jal    . - 0x2a
#1772 0 800001f6     1101 r 02         f0040f50  c.addi   x2, -0x20
#1773 0 800001f8     cc22 m f0040f68   f0041020  c.swsp   x8, 0x18
#1774 0 800001fa     ca26 m f0040f64   00000001  c.swsp   x9, 0x14
#1775 0 800001fc     c84a m f0040f60   f0041028  c.swsp   x18, 0x10
#1776 0 800001fe     c64e m f0040f5c   f0041018  c.swsp   x19, 0xc
#1777 0 80000200     c452 m f0040f58   f0041010  c.swsp   x20, 0x8
#1778 0 80000202     ce06 m f0040f6c   80000222  c.swsp   x1, 0x1c
#1779 0 80000204     4785 r 0f         00000001  c.li     x15, 0x1
#1780 0 80000206     8a2a r 14         f0041010  c.mv     x20, x10
#1781 0 80000208     8932 r 12         f0041028  c.mv     x18, x12
#1782 0 8000020a     89ba r 13         f0041020  c.mv     x19, x14
#1783 0 8000020c     84ae r 09         00000001  c.mv     x9, x11
#1784 0 8000020e     8436 r 08         f0041018  c.mv     x8, x13
#1785 0 80000210 02f58663 r 00         00000000  beq      x11, x15, . + 0x2c
#1786 0 8000023c     8432 r 08         f0041028  c.mv     x8, x12
#1787 0 8000023e     405c r 0f         f0040030  c.lw     x15, 0x4(x8)
#1788 0 80000240     4014 r 0d         00000005  c.lw     x13, 0x0(x8)
#1789 0 80000242 004a2703 r 0e         00000020  lw       x14, 0x4(x20)
#1790 0 80000246     43cc r 0b         f0040028  c.lw     x11, 0x4(x15)
#1791 0 80000248     4390 r 0c         00000001  c.lw     x12, 0x0(x15)
#1792 0 8000024a     16fd r 0d         00000004  c.addi   x13, -0x1
#1793 0 8000024c     c04c m f004102c   f0040028  c.sw     x11, 0x4(x8)
#1794 0 8000024e 0049a583 r 0b         f0040008  lw       x11, 0x4(x19)
#1795 0 80000252     c014 m f0041028   00000004  c.sw     x13, 0x0(x8)
#1796 0 80000254 0009a683 r 0d         00000001  lw       x13, 0x0(x19)
#1797 0 80000258     c3cc m f0040034   f0040008  c.sw     x11, 0x4(x15)
#1798 0 8000025a 00f9a223 m f0041024   f0040030  sw       x15, 0x4(x19)
#1799 0 8000025e     c390 m f0040030   00000001  c.sw     x12, 0x0(x15)
#1800 0 80000260     40f2 r 01         80000222  c.lwsp   x1, 0x1c
#1801 0 80000262     4462 r 08         f0041020  c.lwsp   x8, 0x18
#1802 0 80000264 00168793 r 0f         00000002  addi     x15, x13, 0x1
#1803 0 80000268 00f9a023 m f0041020   00000002  sw       x15, 0x0(x19)
#1804 0 8000026c 00170793 r 0f         00000021  addi     x15, x14, 0x1
#1805 0 80000270 00fa2223 m f0041014   00000021  sw       x15, 0x4(x20)
#1806 0 80000274     44d2 r 09         00000001  c.lwsp   x9, 0x14
#1807 0 80000276     4942 r 12         f0041028  c.lwsp   x18, 0x10
#1808 0 80000278     49b2 r 13         f0041018  c.lwsp   x19, 0xc
#1809 0 8000027a     4a22 r 14         f0041010  c.lwsp   x20, 0x8
#1810 0 8000027c     6105 r 02         f0040f70  c.addi16sp 0x2
#1811 0 8000027e     8082 r 00         00000000  c.jr     x1
#1812 0 80000222     874e r 0e         f0041018  c.mv     x14, x19
#1813 0 80000224     86a2 r 0d         f0041020  c.mv     x13, x8
#1814 0 80000226     864a r 0c         f0041028  c.mv     x12, x18
#1815 0 80000228     4585 r 0b         00000001  c.li     x11, 0x1
#1816 0 8000022a     8552 r 0a         f0041010  c.mv     x10, x20
#1817 0 8000022c     37e9 r 01         8000022e  c.jal    . - 0x36
#1818 0 800001f6     1101 r 02         f0040f50  c.addi   x2, -0x20
#1819 0 800001f8     cc22 m f0040f68   f0041020  c.swsp   x8, 0x18
#1820 0 800001fa     ca26 m f0040f64   00000001  c.swsp   x9, 0x14
#1821 0 800001fc     c84a m f0040f60   f0041028  c.swsp   x18, 0x10
#1822 0 800001fe     c64e m f0040f5c   f0041018  c.swsp   x19, 0xc
#1823 0 80000200     c452 m f0040f58   f0041010  c.swsp   x20, 0x8
#1824 0 80000202     ce06 m f0040f6c   8000022e  c.swsp   x1, 0x1c
#1825 0 80000204     4785 r 0f         00000001  c.li     x15, 0x1
#1826 0 80000206     8a2a r 14         f0041010  c.mv     x20, x10
#1827 0 80000208     8932 r 12         f0041028  c.mv     x18, x12
#1828 0 8000020a     89ba r 13         f0041018  c.mv     x19, x14
#1829 0 8000020c     84ae r 09         00000001  c.mv     x9, x11
#1830 0 8000020e     8436 r 08         f0041020  c.mv     x8, x13
#1831 0 80000210 02f58663 r 00         00000000  beq      x11, x15, . + 0x2c
#1832 0 8000023c     8432 r 08         f0041028  c.mv     x8, x12
#1833 0 8000023e     405c r 0f         f0040028  c.lw     x15, 0x4(x8)
#1834 0 80000240     4014 r 0d         00000004  c.lw     x13, 0x0(x8)
#1835 0 80000242 004a2703 r 0e         00000021  lw       x14, 0x4(x20)
#1836 0 80000246     43cc r 0b         f0040020  c.lw     x11, 0x4(x15)
#1837 0 80000248     4390 r 0c         00000002  c.lw     x12, 0x0(x15)
#1838 0 8000024a     16fd r 0d         00000003  c.addi   x13, -0x1
#1839 0 8000024c     c04c m f004102c   f0040020  c.sw     x11, 0x4(x8)
#1840 0 8000024e 0049a583 r 0b         f0040000  lw       x11, 0x4(x19)
#1841 0 80000252     c014 m f0041028   00000003  c.sw     x13, 0x0(x8)
#1842 0 80000254 0009a683 r 0d         00000001  lw       x13, 0x0(x19)
#1843 0 80000258     c3cc m f004002c   f0040000  c.sw     x11, 0x4(x15)
#1844 0 8000025a 00f9a223 m f004101c   f0040028  sw       x15, 0x4(x19)
#1845 0 8000025e     c390 m f0040028   00000002  c.sw     x12, 0x0(x15)
#1846 0 80000260     40f2 r 01         8000022e  c.lwsp   x1, 0x1c
#1847 0 80000262     4462 r 08         f0041020  c.lwsp   x8, 0x18
#1848 0 80000264 00168793 r 0f         00000002  addi     x15, x13, 0x1
#1849 0 80000268 00f9a023 m f0041018   00000002  sw       x15, 0x0(x19)
#1850 0 8000026c 00170793 r 0f         00000022  addi     x15, x14, 0x1
#1851 0 80000270 00fa2223 m f0041014   00000022  sw       x15, 0x4(x20)
#1852 0 80000274     44d2 r 09         00000001  c.lwsp   x9, 0x14
#1853 0 80000276     4942 r 12         f0041028  c.lwsp   x18, 0x10
#1854 0 80000278     49b2 r 13         f0041018  c.lwsp   x19, 0xc
#1855 0 8000027a     4a22 r 14         f0041010  c.lwsp   x20, 0x8
#1856 0 8000027c     6105 r 02         f0040f70  c.addi16sp 0x2
#1857 0 8000027e     8082 r 00         00000000  c.jr     x1
#1858 0 8000022e     4785 r 0f         00000001  c.li     x15, 0x1
#1859 0 80000230     874a r 0e         f0041028  c.mv     x14, x18
#1860 0 80000232 00f48663 r 00         00000000  beq      x9, x15, . + 0xc
#1861 0 8000023e     405c r 0f         f0040030  c.lw     x15, 0x4(x8)
#1862 0 80000240     4014 r 0d         00000002  c.lw     x13, 0x0(x8)
#1863 0 80000242 004a2703 r 0e         00000022  lw       x14, 0x4(x20)
#1864 0 80000246     43cc r 0b         f0040008  c.lw     x11, 0x4(x15)
#1865 0 80000248     4390 r 0c         00000001  c.lw     x12, 0x0(x15)
#1866 0 8000024a     16fd r 0d         00000001  c.addi   x13, -0x1
#1867 0 8000024c     c04c m f0041024   f0040008  c.sw     x11, 0x4(x8)
#1868 0 8000024e 0049a583 r 0b         f0040028  lw       x11, 0x4(x19)
#1869 0 80000252     c014 m f0041020   00000001  c.sw     x13, 0x0(x8)
#1870 0 80000254 0009a683 r 0d         00000002  lw       x13, 0x0(x19)
#1871 0 80000258     c3cc m f0040034   f0040028  c.sw     x11, 0x4(x15)
#1872 0 8000025a 00f9a223 m f004101c   f0040030  sw       x15, 0x4(x19)
#1873 0 8000025e     c390 m f0040030   00000001  c.sw     x12, 0x0(x15)
#1874 0 80000260     40f2 r 01         80000222  c.lwsp   x1, 0x1c
#1875 0 80000262     4462 r 08         f0041018  c.lwsp   x8, 0x18
#1876 0 80000264 00168793 r 0f         00000003  addi     x15, x13, 0x1
#1877 0 80000268 00f9a023 m f0041018   00000003  sw       x15, 0x0(x19)
#1878 0 8000026c 00170793 r 0f         00000023  addi     x15, x14, 0x1
#1879 0 80000270 00fa2223 m f0041014   00000023  sw       x15, 0x4(x20)
#1880 0 80000274     44d2 r 09         00000002  c.lwsp   x9, 0x14
#1881 0 80000276     4942 r 12         f0041028  c.lwsp   x18, 0x10
#1882 0 80000278     49b2 r 13         f0041020  c.lwsp   x19, 0xc
#1883 0 8000027a     4a22 r 14         f0041010  c.lwsp   x20, 0x8
#1884 0 8000027c     6105 r 02         f0040f90  c.addi16sp 0x2
#1885 0 8000027e     8082 r 00         00000000  c.jr     x1
#1886 0 80000222     874e r 0e         f0041020  c.mv     x14, x19
#1887 0 80000224     86a2 r 0d         f0041018  c.mv     x13, x8
#1888 0 80000226     864a r 0c         f0041028  c.mv     x12, x18
#1889 0 80000228     4585 r 0b         00000001  c.li     x11, 0x1
#1890 0 8000022a     8552 r 0a         f0041010  c.mv     x10, x20
#1891 0 8000022c     37e9 r 01         8000022e  c.jal    . - 0x36
#1892 0 800001f6     1101 r 02         f0040f70  c.addi   x2, -0x20
#1893 0 800001f8     cc22 m f0040f88   f0041018  c.swsp   x8, 0x18
#1894 0 800001fa     ca26 m f0040f84   00000002  c.swsp   x9, 0x14
#1895 0 800001fc     c84a m f0040f80   f0041028  c.swsp   x18, 0x10
#1896 0 800001fe     c64e m f0040f7c   f0041020  c.swsp   x19, 0xc
#1897 0 80000200     c452 m f0040f78   f0041010  c.swsp   x20, 0x8
#1898 0 80000202     ce06 m f0040f8c   8000022e  c.swsp   x1, 0x1c
#1899 0 80000204     4785 r 0f         00000001  c.li     x15, 0x1
#1900 0 80000206     8a2a r 14         f0041010  c.mv     x20, x10
#1901 0 80000208     8932 r 12         f0041028  c.mv     x18, x12
#1902 0 8000020a     89ba r 13         f0041020  c.mv     x19, x14
#1903 0 8000020c     84ae r 09         00000001  c.mv     x9, x11
#1904 0 8000020e     8436 r 08         f0041018  c.mv     x8, x13
#1905 0 80000210 02f58663 r 00         00000000  beq      x11, x15, . + 0x2c
#1906 0 8000023c     8432 r 08         f0041028  c.mv     x8, x12
#1907 0 8000023e     405c r 0f         f0040020  c.lw     x15, 0x4(x8)
#1908 0 80000240     4014 r 0d         00000003  c.lw     x13, 0x0(x8)
#1909 0 80000242 004a2703 r 0e         00000023  lw       x14, 0x4(x20)
#1910 0 80000246     43cc r 0b         f0040018  c.lw     x11, 0x4(x15)
#1911 0 80000248     4390 r 0c         00000003  c.lw     x12, 0x0(x15)
#1912 0 8000024a     16fd r 0d         00000002  c.addi   x13, -0x1
#1913 0 8000024c     c04c m f004102c   f0040018  c.sw     x11, 0x4(x8)
#1914 0 8000024e 0049a583 r 0b         f0040008  lw       x11, 0x4(x19)
#1915 0 80000252     c014 m f0041028   00000002  c.sw     x13, 0x0(x8)
#1916 0 80000254 0009a683 r 0d         00000001  lw       x13, 0x0(x19)
#1917 0 80000258     c3cc m f0040024   f0040008  c.sw     x11, 0x4(x15)
#1918 0 8000025a 00f9a223 m f0041024   f0040020  sw       x15, 0x4(x19)
#1919 0 8000025e     c390 m f0040020   00000003  c.sw     x12, 0x0(x15)
#1920 0 80000260     40f2 r 01         8000022e  c.lwsp   x1, 0x1c
#1921 0 80000262     4462 r 08         f0041018  c.lwsp   x8, 0x18
#1922 0 80000264 00168793 r 0f         00000002  addi     x15, x13, 0x1
#1923 0 80000268 00f9a023 m f0041020   00000002  sw       x15, 0x0(x19)
#1924 0 8000026c 00170793 r 0f         00000024  addi     x15, x14, 0x1
#1925 0 80000270 00fa2223 m f0041014   00000024  sw       x15, 0x4(x20)
#1926 0 80000274     44d2 r 09         00000002  c.lwsp   x9, 0x14
#1927 0 80000276     4942 r 12         f0041028  c.lwsp   x18, 0x10
#1928 0 80000278     49b2 r 13         f0041020  c.lwsp   x19, 0xc
#1929 0 8000027a     4a22 r 14         f0041010  c.lwsp   x20, 0x8
#1930 0 8000027c     6105 r 02         f0040f90  c.addi16sp 0x2
#1931 0 8000027e     8082 r 00         00000000  c.jr     x1
#1932 0 8000022e     4785 r 0f         00000001  c.li     x15, 0x1
#1933 0 80000230     874a r 0e         f0041028  c.mv     x14, x18
#1934 0 80000232 00f48663 r 00         00000000  beq      x9, x15, . + 0xc
#1935 0 80000236     8922 r 12         f0041018  c.mv     x18, x8
#1936 0 80000238     843a r 08         f0041028  c.mv     x8, x14
#1937 0 8000023a     bfe9 r 00         00000000  c.j      . - 0x26
#1938 0 80000214     14fd r 09         00000001  c.addi   x9, -0x1
#1939 0 80000216     85a6 r 0b         00000001  c.mv     x11, x9
#1940 0 80000218     8552 r 0a         f0041010  c.mv     x10, x20
#1941 0 8000021a     8722 r 0e         f0041028  c.mv     x14, x8
#1942 0 8000021c     86ce r 0d         f0041020  c.mv     x13, x19
#1943 0 8000021e     864a r 0c         f0041018  c.mv     x12, x18
#1944 0 80000220     3fd9 r 01         80000222  c.jal    . - 0x2a
#1945 0 800001f6     1101 r 02         f0040f70  c.addi   x2, -0x20
#1946 0 800001f8     cc22 m f0040f88   f0041028  c.swsp   x8, 0x18
#1947 0 800001fa     ca26 m f0040f84   00000001  c.swsp   x9, 0x14
#1948 0 800001fc     c84a m f0040f80   f0041018  c.swsp   x18, 0x10
#1949 0 800001fe     c64e m f0040f7c   f0041020  c.swsp   x19, 0xc
#1950 0 80000200     c452 m f0040f78   f0041010  c.swsp   x20, 0x8
#1951 0 80000202     ce06 m f0040f8c   80000222  c.swsp   x1, 0x1c
#1952 0 80000204     4785 r 0f         00000001  c.li     x15, 0x1
#1953 0 80000206     8a2a r 14         f0041010  c.mv     x20, x10
#1954 0 80000208     8932 r 12         f0041018  c.mv     x18, x12
#1955 0 8000020a     89ba r 13         f0041028  c.mv     x19, x14
#1956 0 8000020c     84ae r 09         00000001  c.mv     x9, x11
#1957 0 8000020e     8436 r 08         f0041020  c.mv     x8, x13
#1958 0 80000210 02f58663 r 00         00000000  beq      x11, x15, . + 0x2c
#1959 0 8000023c     8432 r 08         f0041018  c.mv     x8, x12
#1960 0 8000023e     405c r 0f         f0040030  c.lw     x15, 0x4(x8)
#1961 0 80000240     4014 r 0d         00000003  c.lw     x13, 0x0(x8)
#1962 0 80000242 004a2703 r 0e         00000024  lw       x14, 0x4(x20)
#1963 0 80000246     43cc r 0b         f0040028  c.lw     x11, 0x4(x15)
#1964 0 80000248     4390 r 0c         00000001  c.lw     x12, 0x0(x15)
#1965 0 8000024a     16fd r 0d         00000002  c.addi   x13, -0x1
#1966 0 8000024c     c04c m f004101c   f0040028  c.sw     x11, 0x4(x8)
#1967 0 8000024e 0049a583 r 0b         f0040018  lw       x11, 0x4(x19)
#1968 0 80000252     c014 m f0041018   00000002  c.sw     x13, 0x0(x8)
#1969 0 80000254 0009a683 r 0d         00000002  lw       x13, 0x0(x19)
#1970 0 80000258     c3cc m f0040034   f0040018  c.sw     x11, 0x4(x15)
#1971 0 8000025a 00f9a223 m f004102c   f0040030  sw       x15, 0x4(x19)
#1972 0 8000025e     c390 m f0040030   00000001  c.sw     x12, 0x0(x15)
#1973 0 80000260     40f2 r 01         80000222  c.lwsp   x1, 0x1c
#1974 0 80000262     4462 r 08         f0041028  c.lwsp   x8, 0x18
#1975 0 80000264 00168793 r 0f         00000003  addi     x15, x13, 0x1
#1976 0 80000268 00f9a023 m f0041028   00000003  sw       x15, 0x0(x19)
#1977 0 8000026c 00170793 r 0f         00000025  addi     x15, x14, 0x1
#1978 0 80000270 00fa2223 m f0041014   00000025  sw       x15, 0x4(x20)
#1979 0 80000274     44d2 r 09         00000001  c.lwsp   x9, 0x14
#1980 0 80000276     4942 r 12         f0041018  c.lwsp   x18, 0x10
#1981 0 80000278     49b2 r 13         f0041020  c.lwsp   x19, 0xc
#1982 0 8000027a     4a22 r 14         f0041010  c.lwsp   x20, 0x8
#1983 0 8000027c     6105 r 02         f0040f90  c.addi16sp 0x2
#1984 0 8000027e     8082 r 00         00000000  c.jr     x1
#1985 0 80000222     874e r 0e         f0041020  c.mv     x14, x19
#1986 0 80000224     86a2 r 0d         f0041028  c.mv     x13, x8
#1987 0 80000226     864a r 0c         f0041018  c.mv     x12, x18
#1988 0 80000228     4585 r 0b         00000001  c.li     x11, 0x1
#1989 0 8000022a     8552 r 0a         f0041010  c.mv     x10, x20
#1990 0 8000022c     37e9 r 01         8000022e  c.jal    . - 0x36
#1991 0 800001f6     1101 r 02         f0040f70  c.addi   x2, -0x20
#1992 0 800001f8     cc22 m f0040f88   f0041028  c.swsp   x8, 0x18
#1993 0 800001fa     ca26 m f0040f84   00000001  c.swsp   x9, 0x14
#1994 0 800001fc     c84a m f0040f80   f0041018  c.swsp   x18, 0x10
#1995 0 800001fe     c64e m f0040f7c   f0041020  c.swsp   x19, 0xc
#1996 0 80000200     c452 m f0040f78   f0041010  c.swsp   x20, 0x8
#1997 0 80000202     ce06 m f0040f8c   8000022e  c.swsp   x1, 0x1c
#1998 0 80000204     4785 r 0f         00000001  c.li     x15, 0x1
#1999 0 80000206     8a2a r 14         f0041010  c.mv     x20, x10
#2000 0 80000208     8932 r 12         f0041018  c.mv     x18, x12
#2001 0 8000020a     89ba r 13         f0041020  c.mv     x19, x14
#2002 0 8000020c     84ae r 09         00000001  c.mv     x9, x11
#2003 0 8000020e     8436 r 08         f0041028  c.mv     x8, x13
#2004 0 80000210 02f58663 r 00         00000000  beq      x11, x15, . + 0x2c
#2005 0 8000023c     8432 r 08         f0041018  c.mv     x8, x12
#2006 0 8000023e     405c r 0f         f0040028  c.lw     x15, 0x4(x8)
#2007 0 80000240     4014 r 0d         00000002  c.lw     x13, 0x0(x8)
#2008 0 80000242 004a2703 r 0e         00000025  lw       x14, 0x4(x20)
#2009 0 80000246     43cc r 0b         f0040000  c.lw     x11, 0x4(x15)
#2010 0 80000248     4390 r 0c         00000002  c.lw     x12, 0x0(x15)
#2011 0 8000024a     16fd r 0d         00000001  c.addi   x13, -0x1
#2012 0 8000024c     c04c m f004101c   f0040000  c.sw     x11, 0x4(x8)
#2013 0 8000024e 0049a583 r 0b         f0040020  lw       x11, 0x4(x19)
#2014 0 80000252     c014 m f0041018   00000001  c.sw     x13, 0x0(x8)
#2015 0 80000254 0009a683 r 0d         00000002  lw       x13, 0x0(x19)
#2016 0 80000258     c3cc m f004002c   f0040020  c.sw     x11, 0x4(x15)
#2017 0 8000025a 00f9a223 m f0041024   f0040028  sw       x15, 0x4(x19)
#2018 0 8000025e     c390 m f0040028   00000002  c.sw     x12, 0x0(x15)
#2019 0 80000260     40f2 r 01         8000022e  c.lwsp   x1, 0x1c
#2020 0 80000262     4462 r 08         f0041028  c.lwsp   x8, 0x18
#2021 0 80000264 00168793 r 0f         00000003  addi     x15, x13, 0x1
#2022 0 80000268 00f9a023 m f0041020   00000003  sw       x15, 0x0(x19)
#2023 0 8000026c 00170793 r 0f         00000026  addi     x15, x14, 0x1
#2024 0 80000270 00fa2223 m f0041014   00000026  sw       x15, 0x4(x20)
#2025 0 80000274     44d2 r 09         00000001  c.lwsp   x9, 0x14
#2026 0 80000276     4942 r 12         f0041018  c.lwsp   x18, 0x10
#2027 0 80000278     49b2 r 13         f0041020  c.lwsp   x19, 0xc
#2028 0 8000027a     4a22 r 14         f0041010  c.lwsp   x20, 0x8
#2029 0 8000027c     6105 r 02         f0040f90  c.addi16sp 0x2
#2030 0 8000027e     8082 r 00         00000000  c.jr     x1
#2031 0 8000022e     4785 r 0f         00000001  c.li     x15, 0x1
#2032 0 80000230     874a r 0e         f0041018  c.mv     x14, x18
#2033 0 80000232 00f48663 r 00         00000000  beq      x9, x15, . + 0xc
#2034 0 8000023e     405c r 0f         f0040030  c.lw     x15, 0x4(x8)
#2035 0 80000240     4014 r 0d         00000003  c.lw     x13, 0x0(x8)
#2036 0 80000242 004a2703 r 0e         00000026  lw       x14, 0x4(x20)
#2037 0 80000246     43cc r 0b         f0040018  c.lw     x11, 0x4(x15)
#2038 0 80000248     4390 r 0c         00000001  c.lw     x12, 0x0(x15)
#2039 0 8000024a     16fd r 0d         00000002  c.addi   x13, -0x1
#2040 0 8000024c     c04c m f004102c   f0040018  c.sw     x11, 0x4(x8)
#2041 0 8000024e 0049a583 r 0b         f0040028  lw       x11, 0x4(x19)
#2042 0 80000252     c014 m f0041028   00000002  c.sw     x13, 0x0(x8)
#2043 0 80000254 0009a683 r 0d         00000003  lw       x13, 0x0(x19)
#2044 0 80000258     c3cc m f0040034   f0040028  c.sw     x11, 0x4(x15)
#2045 0 8000025a 00f9a223 m f0041024   f0040030  sw       x15, 0x4(x19)
#2046 0 8000025e     c390 m f0040030   00000001  c.sw     x12, 0x0(x15)
#2047 0 80000260     40f2 r 01         80000222  c.lwsp   x1, 0x1c
#2048 0 80000262     4462 r 08         f0041020  c.lwsp   x8, 0x18
#2049 0 80000264 00168793 r 0f         00000004  addi     x15, x13, 0x1
#2050 0 80000268 00f9a023 m f0041020   00000004  sw       x15, 0x0(x19)
#2051 0 8000026c 00170793 r 0f         00000027  addi     x15, x14, 0x1
#2052 0 80000270 00fa2223 m f0041014   00000027  sw       x15, 0x4(x20)
#2053 0 80000274     44d2 r 09         00000003  c.lwsp   x9, 0x14
#2054 0 80000276     4942 r 12         f0041028  c.lwsp   x18, 0x10
#2055 0 80000278     49b2 r 13         f0041018  c.lwsp   x19, 0xc
#2056 0 8000027a     4a22 r 14         f0041010  c.lwsp   x20, 0x8
#2057 0 8000027c     6105 r 02         f0040fb0  c.addi16sp 0x2
#2058 0 8000027e     8082 r 00         00000000  c.jr     x1
#2059 0 80000222     874e r 0e         f0041018  c.mv     x14, x19
#2060 0 80000224     86a2 r 0d         f0041020  c.mv     x13, x8
#2061 0 80000226     864a r 0c         f0041028  c.mv     x12, x18
#2062 0 80000228     4585 r 0b         00000001  c.li     x11, 0x1
#2063 0 8000022a     8552 r 0a         f0041010  c.mv     x10, x20
#2064 0 8000022c     37e9 r 01         8000022e  c.jal    . - 0x36
#2065 0 800001f6     1101 r 02         f0040f90  c.addi   x2, -0x20
#2066 0 800001f8     cc22 m f0040fa8   f0041020  c.swsp   x8, 0x18
#2067 0 800001fa     ca26 m f0040fa4   00000003  c.swsp   x9, 0x14
#2068 0 800001fc     c84a m f0040fa0   f0041028  c.swsp   x18, 0x10
#2069 0 800001fe     c64e m f0040f9c   f0041018  c.swsp   x19, 0xc
#2070 0 80000200     c452 m f0040f98   f0041010  c.swsp   x20, 0x8
#2071 0 80000202     ce06 m f0040fac   8000022e  c.swsp   x1, 0x1c
#2072 0 80000204     4785 r 0f         00000001  c.li     x15, 0x1
#2073 0 80000206     8a2a r 14         f0041010  c.mv     x20, x10
#2074 0 80000208     8932 r 12         f0041028  c.mv     x18, x12
#2075 0 8000020a     89ba r 13         f0041018  c.mv     x19, x14
#2076 0 8000020c     84ae r 09         00000001  c.mv     x9, x11
#2077 0 8000020e     8436 r 08         f0041020  c.mv     x8, x13
#2078 0 80000210 02f58663 r 00         00000000  beq      x11, x15, . + 0x2c
#2079 0 8000023c     8432 r 08         f0041028  c.mv     x8, x12
#2080 0 8000023e     405c r 0f         f0040018  c.lw     x15, 0x4(x8)
#2081 0 80000240     4014 r 0d         00000002  c.lw     x13, 0x0(x8)
#2082 0 80000242 004a2703 r 0e         00000027  lw       x14, 0x4(x20)
#2083 0 80000246     43cc r 0b         f0040010  c.lw     x11, 0x4(x15)
#2084 0 80000248     4390 r 0c         00000004  c.lw     x12, 0x0(x15)
#2085 0 8000024a     16fd r 0d         00000001  c.addi   x13, -0x1
#2086 0 8000024c     c04c m f004102c   f0040010  c.sw     x11, 0x4(x8)
#2087 0 8000024e 0049a583 r 0b         f0040000  lw       x11, 0x4(x19)
#2088 0 80000252     c014 m f0041028   00000001  c.sw     x13, 0x0(x8)
#2089 0 80000254 0009a683 r 0d         00000001  lw       x13, 0x0(x19)
#2090 0 80000258     c3cc m f004001c   f0040000  c.sw     x11, 0x4(x15)
#2091 0 8000025a 00f9a223 m f004101c   f0040018  sw       x15, 0x4(x19)
#2092 0 8000025e     c390 m f0040018   00000004  c.sw     x12, 0x0(x15)
#2093 0 80000260     40f2 r 01         8000022e  c.lwsp   x1, 0x1c
#2094 0 80000262     4462 r 08         f0041020  c.lwsp   x8, 0x18
#2095 0 80000264 00168793 r 0f         00000002  addi     x15, x13, 0x1
#2096 0 80000268 00f9a023 m f0041018   00000002  sw       x15, 0x0(x19)
#2097 0 8000026c 00170793 r 0f         00000028  addi     x15, x14, 0x1
#2098 0 80000270 00fa2223 m f0041014   00000028  sw       x15, 0x4(x20)
#2099 0 80000274     44d2 r 09         00000003  c.lwsp   x9, 0x14
#2100 0 80000276     4942 r 12         f0041028  c.lwsp   x18, 0x10
#2101 0 80000278     49b2 r 13         f0041018  c.lwsp   x19, 0xc
#2102 0 8000027a     4a22 r 14         f0041010  c.lwsp   x20, 0x8
#2103 0 8000027c     6105 r 02         f0040fb0  c.addi16sp 0x2
#2104 0 8000027e     8082 r 00         00000000  c.jr     x1
#2105 0 8000022e     4785 r 0f         00000001  c.li     x15, 0x1
#2106 0 80000230     874a r 0e         f0041028  c.mv     x14, x18
#2107 0 80000232 00f48663 r 00         00000000  beq      x9, x15, . + 0xc
#2108 0 80000236     8922 r 12         f0041020  c.mv     x18, x8
#2109 0 80000238     843a r 08         f0041028  c.mv     x8, x14
#2110 0 8000023a     bfe9 r 00         00000000  c.j      . - 0x26
#2111 0 80000214     14fd r 09         00000002  c.addi   x9, -0x1
#2112 0 80000216     85a6 r 0b         00000002  c.mv     x11, x9
#2113 0 80000218     8552 r 0a         f0041010  c.mv     x10, x20
#2114 0 8000021a     8722 r 0e         f0041028  c.mv     x14, x8
#2115 0 8000021c     86ce r 0d         f0041018  c.mv     x13, x19
#2116 0 8000021e     864a r 0c         f0041020  c.mv     x12, x18
#2117 0 80000220     3fd9 r 01         80000222  c.jal    . - 0x2a
#2118 0 800001f6     1101 r 02         f0040f90  c.addi   x2, -0x20
#2119 0 800001f8     cc22 m f0040fa8   f0041028  c.swsp   x8, 0x18
#2120 0 800001fa     ca26 m f0040fa4   00000002  c.swsp   x9, 0x14
#2121 0 800001fc     c84a m f0040fa0   f0041020  c.swsp   x18, 0x10
#2122 0 800001fe     c64e m f0040f9c   f0041018  c.swsp   x19, 0xc
#2123 0 80000200     c452 m f0040f98   f0041010  c.swsp   x20, 0x8
#2124 0 80000202     ce06 m f0040fac   80000222  c.swsp   x1, 0x1c
#2125 0 80000204     4785 r 0f         00000001  c.li     x15, 0x1
#2126 0 80000206     8a2a r 14         f0041010  c.mv     x20, x10
#2127 0 80000208     8932 r 12         f0041020  c.mv     x18, x12
#2128 0 8000020a     89ba r 13         f0041028  c.mv     x19, x14
#2129 0 8000020c     84ae r 09         00000002  c.mv     x9, x11
#2130 0 8000020e     8436 r 08         f0041018  c.mv     x8, x13
#2131 0 80000210 02f58663 r 00         00000000  beq      x11, x15, . + 0x2c
#2132 0 80000214     14fd r 09         00000001  c.addi   x9, -0x1
#2133 0 80000216     85a6 r 0b         00000001  c.mv     x11, x9
#2134 0 80000218     8552 r 0a         f0041010  c.mv     x10, x20
#2135 0 8000021a     8722 r 0e         f0041018  c.mv     x14, x8
#2136 0 8000021c     86ce r 0d         f0041028  c.mv     x13, x19
#2137 0 8000021e     864a r 0c         f0041020  c.mv     x12, x18
#2138 0 80000220     3fd9 r 01         80000222  c.jal    . - 0x2a
#2139 0 800001f6     1101 r 02         f0040f70  c.addi   x2, -0x20
#2140 0 800001f8     cc22 m f0040f88   f0041018  c.swsp   x8, 0x18
#2141 0 800001fa     ca26 m f0040f84   00000001  c.swsp   x9, 0x14
#2142 0 800001fc     c84a m f0040f80   f0041020  c.swsp   x18, 0x10
#2143 0 800001fe     c64e m f0040f7c   f0041028  c.swsp   x19, 0xc
#2144 0 80000200     c452 m f0040f78   f0041010  c.swsp   x20, 0x8
#2145 0 80000202     ce06 m f0040f8c   80000222  c.swsp   x1, 0x1c
#2146 0 80000204     4785 r 0f         00000001  c.li     x15, 0x1
#2147 0 80000206     8a2a r 14         f0041010  c.mv     x20, x10
#2148 0 80000208     8932 r 12         f0041020  c.mv     x18, x12
#2149 0 8000020a     89ba r 13         f0041018  c.mv     x19, x14
#2150 0 8000020c     84ae r 09         00000001  c.mv     x9, x11
#2151 0 8000020e     8436 r 08         f0041028  c.mv     x8, x13
#2152 0 80000210 02f58663 r 00         00000000  beq      x11, x15, . + 0x2c
#2153 0 8000023c     8432 r 08         f0041020  c.mv     x8, x12
#2154 0 8000023e     405c r 0f         f0040030  c.lw     x15, 0x4(x8)
#2155 0 80000240     4014 r 0d         00000004  c.lw     x13, 0x0(x8)
#2156 0 80000242 004a2703 r 0e         00000028  lw       x14, 0x4(x20)
#2157 0 80000246     43cc r 0b         f0040028  c.lw     x11, 0x4(x15)
#2158 0 80000248     4390 r 0c         00000001  c.lw     x12, 0x0(x15)
#2159 0 8000024a     16fd r 0d         00000003  c.addi   x13, -0x1
#2160 0 8000024c     c04c m f0041024   f0040028  c.sw     x11, 0x4(x8)
#2161 0 8000024e 0049a583 r 0b         f0040018  lw       x11, 0x4(x19)
#2162 0 80000252     c014 m f0041020   00000003  c.sw     x13, 0x0(x8)
#2163 0 80000254 0009a683 r 0d         00000002  lw       x13, 0x0(x19)
#2164 0 80000258     c3cc m f0040034   f0040018  c.sw     x11, 0x4(x15)
#2165 0 8000025a 00f9a223 m f004101c   f0040030  sw       x15, 0x4(x19)
#2166 0 8000025e     c390 m f0040030   00000001  c.sw     x12, 0x0(x15)
#2167 0 80000260     40f2 r 01         80000222  c.lwsp   x1, 0x1c
#2168 0 80000262     4462 r 08         f0041018  c.lwsp   x8, 0x18
#2169 0 80000264 00168793 r 0f         00000003  addi     x15, x13, 0x1
#2170 0 80000268 00f9a023 m f0041018   00000003  sw       x15, 0x0(x19)
#2171 0 8000026c 00170793 r 0f         00000029  addi     x15, x14, 0x1
#2172 0 80000270 00fa2223 m f0041014   00000029  sw       x15, 0x4(x20)
#2173 0 80000274     44d2 r 09         00000001  c.lwsp   x9, 0x14
#2174 0 80000276     4942 r 12         f0041020  c.lwsp   x18, 0x10
#2175 0 80000278     49b2 r 13         f0041028  c.lwsp   x19, 0xc
#2176 0 8000027a     4a22 r 14         f0041010  c.lwsp   x20, 0x8
#2177 0 8000027c     6105 r 02         f0040f90  c.addi16sp 0x2
#2178 0 8000027e     8082 r 00         00000000  c.jr     x1
#2179 0 80000222     874e r 0e         f0041028  c.mv     x14, x19
#2180 0 80000224     86a2 r 0d         f0041018  c.mv     x13, x8
#2181 0 80000226     864a r 0c         f0041020  c.mv     x12, x18
#2182 0 80000228     4585 r 0b         00000001  c.li     x11, 0x1
#2183 0 8000022a     8552 r 0a         f0041010  c.mv     x10, x20
#2184 0 8000022c     37e9 r 01         8000022e  c.jal    . - 0x36
#2185 0 800001f6     1101 r 02         f0040f70  c.addi   x2, -0x20
#2186 0 800001f8     cc22 m f0040f88   f0041018  c.swsp   x8, 0x18
#2187 0 800001fa     ca26 m f0040f84   00000001  c.swsp   x9, 0x14
#2188 0 800001fc     c84a m f0040f80   f0041020  c.swsp   x18, 0x10
#2189 0 800001fe     c64e m f0040f7c   f0041028  c.swsp   x19, 0xc
#2190 0 80000200     c452 m f0040f78   f0041010  c.swsp   x20, 0x8
#2191 0 80000202     ce06 m f0040f8c   8000022e  c.swsp   x1, 0x1c
#2192 0 80000204     4785 r 0f         00000001  c.li     x15, 0x1
#2193 0 80000206     8a2a r 14         f0041010  c.mv     x20, x10
#2194 0 80000208     8932 r 12         f0041020  c.mv     x18, x12
#2195 0 8000020a     89ba r 13         f0041028  c.mv     x19, x14
#2196 0 8000020c     84ae r 09         00000001  c.mv     x9, x11
#2197 0 8000020e     8436 r 08         f0041018  c.mv     x8, x13
#2198 0 80000210 02f58663 r 00         00000000  beq      x11, x15, . + 0x2c
#2199 0 8000023c     8432 r 08         f0041020  c.mv     x8, x12
#2200 0 8000023e     405c r 0f         f0040028  c.lw     x15, 0x4(x8)
#2201 0 80000240     4014 r 0d         00000003  c.lw     x13, 0x0(x8)
#2202 0 80000242 004a2703 r 0e         00000029  lw       x14, 0x4(x20)
#2203 0 80000246     43cc r 0b         f0040020  c.lw     x11, 0x4(x15)
#2204 0 80000248     4390 r 0c         00000002  c.lw     x12, 0x0(x15)
#2205 0 8000024a     16fd r 0d         00000002  c.addi   x13, -0x1
#2206 0 8000024c     c04c m f0041024   f0040020  c.sw     x11, 0x4(x8)
#2207 0 8000024e 0049a583 r 0b         f0040010  lw       x11, 0x4(x19)
#2208 0 80000252     c014 m f0041020   00000002  c.sw     x13, 0x0(x8)
#2209 0 80000254 0009a683 r 0d         00000001  lw       x13, 0x0(x19)
#2210 0 80000258     c3cc m f004002c   f0040010  c.sw     x11, 0x4(x15)
#2211 0 8000025a 00f9a223 m f004102c   f0040028  sw       x15, 0x4(x19)
#2212 0 8000025e     c390 m f0040028   00000002  c.sw     x12, 0x0(x15)
#2213 0 80000260     40f2 r 01         8000022e  c.lwsp   x1, 0x1c
#2214 0 80000262     4462 r 08         f0041018  c.lwsp   x8, 0x18
#2215 0 80000264 00168793 r 0f         00000002  addi     x15, x13, 0x1
#2216 0 80000268 00f9a023 m f0041028   00000002  sw       x15, 0x0(x19)
#2217 0 8000026c 00170793 r 0f         0000002a  addi     x15, x14, 0x1
#2218 0 80000270 00fa2223 m f0041014   0000002a  sw       x15, 0x4(x20)
#2219 0 80000274     44d2 r 09         00000001  c.lwsp   x9, 0x14
#2220 0 80000276     4942 r 12         f0041020  c.lwsp   x18, 0x10
#2221 0 80000278     49b2 r 13         f0041028  c.lwsp   x19, 0xc
#2222 0 8000027a     4a22 r 14         f0041010  c.lwsp   x20, 0x8
#2223 0 8000027c     6105 r 02         f0040f90  c.addi16sp 0x2
#2224 0 8000027e     8082 r 00         00000000  c.jr     x1
#2225 0 8000022e     4785 r 0f         00000001  c.li     x15, 0x1
#2226 0 80000230     874a r 0e         f0041020  c.mv     x14, x18
#2227 0 80000232 00f48663 r 00         00000000  beq      x9, x15, . + 0xc
#2228 0 8000023e     405c r 0f         f0040030  c.lw     x15, 0x4(x8)
#2229 0 80000240     4014 r 0d         00000003  c.lw     x13, 0x0(x8)
#2230 0 80000242 004a2703 r 0e         0000002a  lw       x14, 0x4(x20)
#2231 0 80000246     43cc r 0b         f0040018  c.lw     x11, 0x4(x15)
#2232 0 80000248     4390 r 0c         00000001  c.lw     x12, 0x0(x15)
#2233 0 8000024a     16fd r 0d         00000002  c.addi   x13, -0x1
#2234 0 8000024c     c04c m f004101c   f0040018  c.sw     x11, 0x4(x8)
#2235 0 8000024e 0049a583 r 0b         f0040028  lw       x11, 0x4(x19)
#2236 0 80000252     c014 m f0041018   00000002  c.sw     x13, 0x0(x8)
#2237 0 80000254 0009a683 r 0d         00000002  lw       x13, 0x0(x19)
#2238 0 80000258     c3cc m f0040034   f0040028  c.sw     x11, 0x4(x15)
#2239 0 8000025a 00f9a223 m f004102c   f0040030  sw       x15, 0x4(x19)
#2240 0 8000025e     c390 m f0040030   00000001  c.sw     x12, 0x0(x15)
#2241 0 80000260     40f2 r 01         80000222  c.lwsp   x1, 0x1c
#2242 0 80000262     4462 r 08         f0041028  c.lwsp   x8, 0x18
#2243 0 80000264 00168793 r 0f         00000003  addi     x15, x13, 0x1
#2244 0 80000268 00f9a023 m f0041028   00000003  sw       x15, 0x0(x19)
#2245 0 8000026c 00170793 r 0f         0000002b  addi     x15, x14, 0x1
#2246 0 80000270 00fa2223 m f0041014   0000002b  sw       x15, 0x4(x20)
#2247 0 80000274     44d2 r 09         00000002  c.lwsp   x9, 0x14
#2248 0 80000276     4942 r 12         f0041020  c.lwsp   x18, 0x10
#2249 0 80000278     49b2 r 13         f0041018  c.lwsp   x19, 0xc
#2250 0 8000027a     4a22 r 14         f0041010  c.lwsp   x20, 0x8
#2251 0 8000027c     6105 r 02         f0040fb0  c.addi16sp 0x2
#2252 0 8000027e     8082 r 00         00000000  c.jr     x1
#2253 0 80000222     874e r 0e         f0041018  c.mv     x14, x19
#2254 0 80000224     86a2 r 0d         f0041028  c.mv     x13, x8
#2255 0 80000226     864a r 0c         f0041020  c.mv     x12, x18
#2256 0 80000228     4585 r 0b         00000001  c.li     x11, 0x1
#2257 0 8000022a     8552 r 0a         f0041010  c.mv     x10, x20
#2258 0 8000022c     37e9 r 01         8000022e  c.jal    . - 0x36
#2259 0 800001f6     1101 r 02         f0040f90  c.addi   x2, -0x20
#2260 0 800001f8     cc22 m f0040fa8   f0041028  c.swsp   x8, 0x18
#2261 0 800001fa     ca26 m f0040fa4   00000002  c.swsp   x9, 0x14
#2262 0 800001fc     c84a m f0040fa0   f0041020  c.swsp   x18, 0x10
#2263 0 800001fe     c64e m f0040f9c   f0041018  c.swsp   x19, 0xc
#2264 0 80000200     c452 m f0040f98   f0041010  c.swsp   x20, 0x8
#2265 0 80000202     ce06 m f0040fac   8000022e  c.swsp   x1, 0x1c
#2266 0 80000204     4785 r 0f         00000001  c.li     x15, 0x1
#2267 0 80000206     8a2a r 14         f0041010  c.mv     x20, x10
#2268 0 80000208     8932 r 12         f0041020  c.mv     x18, x12
#2269 0 8000020a     89ba r 13         f0041018  c.mv     x19, x14
#2270 0 8000020c     84ae r 09         00000001  c.mv     x9, x11
#2271 0 8000020e     8436 r 08         f0041028  c.mv     x8, x13
#2272 0 80000210 02f58663 r 00         00000000  beq      x11, x15, . + 0x2c
#2273 0 8000023c     8432 r 08         f0041020  c.mv     x8, x12
#2274 0 8000023e     405c r 0f         f0040020  c.lw     x15, 0x4(x8)
#2275 0 80000240     4014 r 0d         00000002  c.lw     x13, 0x0(x8)
#2276 0 80000242 004a2703 r 0e         0000002b  lw       x14, 0x4(x20)
#2277 0 80000246     43cc r 0b         f0040008  c.lw     x11, 0x4(x15)
#2278 0 80000248     4390 r 0c         00000003  c.lw     x12, 0x0(x15)
#2279 0 8000024a     16fd r 0d         00000001  c.addi   x13, -0x1
#2280 0 8000024c     c04c m f0041024   f0040008  c.sw     x11, 0x4(x8)
#2281 0 8000024e 0049a583 r 0b         f0040018  lw       x11, 0x4(x19)
#2282 0 80000252     c014 m f0041020   00000001  c.sw     x13, 0x0(x8)
#2283 0 80000254 0009a683 r 0d         00000002  lw       x13, 0x0(x19)
#2284 0 80000258     c3cc m f0040024   f0040018  c.sw     x11, 0x4(x15)
#2285 0 8000025a 00f9a223 m f004101c   f0040020  sw       x15, 0x4(x19)
#2286 0 8000025e     c390 m f0040020   00000003  c.sw     x12, 0x0(x15)
#2287 0 80000260     40f2 r 01         8000022e  c.lwsp   x1, 0x1c
#2288 0 80000262     4462 r 08         f0041028  c.lwsp   x8, 0x18
#2289 0 80000264 00168793 r 0f         00000003  addi     x15, x13, 0x1
#2290 0 80000268 00f9a023 m f0041018   00000003  sw       x15, 0x0(x19)
#2291 0 8000026c 00170793 r 0f         0000002c  addi     x15, x14, 0x1
#2292 0 80000270 00fa2223 m f0041014   0000002c  sw       x15, 0x4(x20)
#2293 0 80000274     44d2 r 09         00000002  c.lwsp   x9, 0x14
#2294 0 80000276     4942 r 12         f0041020  c.lwsp   x18, 0x10
#2295 0 80000278     49b2 r 13         f0041018  c.lwsp   x19, 0xc
#2296 0 8000027a     4a22 r 14         f0041010  c.lwsp   x20, 0x8
#2297 0 8000027c     6105 r 02         f0040fb0  c.addi16sp 0x2
#2298 0 8000027e     8082 r 00         00000000  c.jr     x1
#2299 0 8000022e     4785 r 0f         00000001  c.li     x15, 0x1
#2300 0 80000230     874a r 0e         f0041020  c.mv     x14, x18
#2301 0 80000232 00f48663 r 00         00000000  beq      x9, x15, . + 0xc
#2302 0 80000236     8922 r 12         f0041028  c.mv     x18, x8
#2303 0 80000238     843a r 08         f0041020  c.mv     x8, x14
#2304 0 8000023a     bfe9 r 00         00000000  c.j      . - 0x26
#2305 0 80000214     14fd r 09         00000001  c.addi   x9, -0x1
#2306 0 80000216     85a6 r 0b         00000001  c.mv     x11, x9
#2307 0 80000218     8552 r 0a         f0041010  c.mv     x10, x20
#2308 0 8000021a     8722 r 0e         f0041020  c.mv     x14, x8
#2309 0 8000021c     86ce r 0d         f0041018  c.mv     x13, x19
#2310 0 8000021e     864a r 0c         f0041028  c.mv     x12, x18
#2311 0 80000220     3fd9 r 01         80000222  c.jal    . - 0x2a
#2312 0 800001f6     1101 r 02         f0040f90  c.addi   x2, -0x20
#2313 0 800001f8     cc22 m f0040fa8   f0041020  c.swsp   x8, 0x18
#2314 0 800001fa     ca26 m f0040fa4   00000001  c.swsp   x9, 0x14
#2315 0 800001fc     c84a m f0040fa0   f0041028  c.swsp   x18, 0x10
#2316 0 800001fe     c64e m f0040f9c   f0041018  c.swsp   x19, 0xc
#2317 0 80000200     c452 m f0040f98   f0041010  c.swsp   x20, 0x8
#2318 0 80000202     ce06 m f0040fac   80000222  c.swsp   x1, 0x1c
#2319 0 80000204     4785 r 0f         00000001  c.li     x15, 0x1
#2320 0 80000206     8a2a r 14         f0041010  c.mv     x20, x10
#2321 0 80000208     8932 r 12         f0041028  c.mv     x18, x12
#2322 0 8000020a     89ba r 13         f0041020  c.mv     x19, x14
#2323 0 8000020c     84ae r 09         00000001  c.mv     x9, x11
#2324 0 8000020e     8436 r 08         f0041018  c.mv     x8, x13
#2325 0 80000210 02f58663 r 00         00000000  beq      x11, x15, . + 0x2c
#2326 0 8000023c     8432 r 08         f0041028  c.mv     x8, x12
#2327 0 8000023e     405c r 0f         f0040030  c.lw     x15, 0x4(x8)
#2328 0 80000240     4014 r 0d         00000003  c.lw     x13, 0x0(x8)
#2329 0 80000242 004a2703 r 0e         0000002c  lw       x14, 0x4(x20)
#2330 0 80000246     43cc r 0b         f0040028  c.lw     x11, 0x4(x15)
#2331 0 80000248     4390 r 0c         00000001  c.lw     x12, 0x0(x15)
#2332 0 8000024a     16fd r 0d         00000002  c.addi   x13, -0x1
#2333 0 8000024c     c04c m f004102c   f0040028  c.sw     x11, 0x4(x8)
#2334 0 8000024e 0049a583 r 0b         f0040008  lw       x11, 0x4(x19)
#2335 0 80000252     c014 m f0041028   00000002  c.sw     x13, 0x0(x8)
#2336 0 80000254 0009a683 r 0d         00000001  lw       x13, 0x0(x19)
#2337 0 80000258     c3cc m f0040034   f0040008  c.sw     x11, 0x4(x15)
#2338 0 8000025a 00f9a223 m f0041024   f0040030  sw       x15, 0x4(x19)
#2339 0 8000025e     c390 m f0040030   00000001  c.sw     x12, 0x0(x15)
#2340 0 80000260     40f2 r 01         80000222  c.lwsp   x1, 0x1c
#2341 0 80000262     4462 r 08         f0041020  c.lwsp   x8, 0x18
#2342 0 80000264 00168793 r 0f         00000002  addi     x15, x13, 0x1
#2343 0 80000268 00f9a023 m f0041020   00000002  sw       x15, 0x0(x19)
#2344 0 8000026c 00170793 r 0f         0000002d  addi     x15, x14, 0x1
#2345 0 80000270 00fa2223 m f0041014   0000002d  sw       x15, 0x4(x20)
#2346 0 80000274     44d2 r 09         00000001  c.lwsp   x9, 0x14
#2347 0 80000276     4942 r 12         f0041028  c.lwsp   x18, 0x10
#2348 0 80000278     49b2 r 13         f0041018  c.lwsp   x19, 0xc
#2349 0 8000027a     4a22 r 14         f0041010  c.lwsp   x20, 0x8
#2350 0 8000027c     6105 r 02         f0040fb0  c.addi16sp 0x2
#2351 0 8000027e     8082 r 00         00000000  c.jr     x1
#2352 0 80000222     874e r 0e         f0041018  c.mv     x14, x19
#2353 0 80000224     86a2 r 0d         f0041020  c.mv     x13, x8
#2354 0 80000226     864a r 0c         f0041028  c.mv     x12, x18
#2355 0 80000228     4585 r 0b         00000001  c.li     x11, 0x1
#2356 0 8000022a     8552 r 0a         f0041010  c.mv     x10, x20
#2357 0 8000022c     37e9 r 01         8000022e  c.jal    . - 0x36
#2358 0 800001f6     1101 r 02         f0040f90  c.addi   x2, -0x20
#2359 0 800001f8     cc22 m f0040fa8   f0041020  c.swsp   x8, 0x18
#2360 0 800001fa     ca26 m f0040fa4   00000001  c.swsp   x9, 0x14
#2361 0 800001fc     c84a m f0040fa0   f0041028  c.swsp   x18, 0x10
#2362 0 800001fe     c64e m f0040f9c   f0041018  c.swsp   x19, 0xc
#2363 0 80000200     c452 m f0040f98   f0041010  c.swsp   x20, 0x8
#2364 0 80000202     ce06 m f0040fac   8000022e  c.swsp   x1, 0x1c
#2365 0 80000204     4785 r 0f         00000001  c.li     x15, 0x1
#2366 0 80000206     8a2a r 14         f0041010  c.mv     x20, x10
#2367 0 80000208     8932 r 12         f0041028  c.mv     x18, x12
#2368 0 8000020a     89ba r 13         f0041018  c.mv     x19, x14
#2369 0 8000020c     84ae r 09         00000001  c.mv     x9, x11
#2370 0 8000020e     8436 r 08         f0041020  c.mv     x8, x13
#2371 0 80000210 02f58663 r 00         00000000  beq      x11, x15, . + 0x2c
#2372 0 8000023c     8432 r 08         f0041028  c.mv     x8, x12
#2373 0 8000023e     405c r 0f         f0040028  c.lw     x15, 0x4(x8)
#2374 0 80000240     4014 r 0d         00000002  c.lw     x13, 0x0(x8)
#2375 0 80000242 004a2703 r 0e         0000002d  lw       x14, 0x4(x20)
#2376 0 80000246     43cc r 0b         f0040010  c.lw     x11, 0x4(x15)
#2377 0 80000248     4390 r 0c         00000002  c.lw     x12, 0x0(x15)
#2378 0 8000024a     16fd r 0d         00000001  c.addi   x13, -0x1
#2379 0 8000024c     c04c m f004102c   f0040010  c.sw     x11, 0x4(x8)
#2380 0 8000024e 0049a583 r 0b         f0040020  lw       x11, 0x4(x19)
#2381 0 80000252     c014 m f0041028   00000001  c.sw     x13, 0x0(x8)
#2382 0 80000254 0009a683 r 0d         00000003  lw       x13, 0x0(x19)
#2383 0 80000258     c3cc m f004002c   f0040020  c.sw     x11, 0x4(x15)
#2384 0 8000025a 00f9a223 m f004101c   f0040028  sw       x15, 0x4(x19)
#2385 0 8000025e     c390 m f0040028   00000002  c.sw     x12, 0x0(x15)
#2386 0 80000260     40f2 r 01         8000022e  c.lwsp   x1, 0x1c
#2387 0 80000262     4462 r 08         f0041020  c.lwsp   x8, 0x18
#2388 0 80000264 00168793 r 0f         00000004  addi     x15, x13, 0x1
#2389 0 80000268 00f9a023 m f0041018   00000004  sw       x15, 0x0(x19)
#2390 0 8000026c 00170793 r 0f         0000002e  addi     x15, x14, 0x1
#2391 0 80000270 00fa2223 m f0041014   0000002e  sw       x15, 0x4(x20)
#2392 0 80000274     44d2 r 09         00000001  c.lwsp   x9, 0x14
#2393 0 80000276     4942 r 12         f0041028  c.lwsp   x18, 0x10
#2394 0 80000278     49b2 r 13         f0041018  c.lwsp   x19, 0xc
#2395 0 8000027a     4a22 r 14         f0041010  c.lwsp   x20, 0x8
#2396 0 8000027c     6105 r 02         f0040fb0  c.addi16sp 0x2
#2397 0 8000027e     8082 r 00         00000000  c.jr     x1
#2398 0 8000022e     4785 r 0f         00000001  c.li     x15, 0x1
#2399 0 80000230     874a r 0e         f0041028  c.mv     x14, x18
#2400 0 80000232 00f48663 r 00         00000000  beq      x9, x15, . + 0xc
#2401 0 8000023e     405c r 0f         f0040030  c.lw     x15, 0x4(x8)
#2402 0 80000240     4014 r 0d         00000002  c.lw     x13, 0x0(x8)
#2403 0 80000242 004a2703 r 0e         0000002e  lw       x14, 0x4(x20)
#2404 0 80000246     43cc r 0b         f0040008  c.lw     x11, 0x4(x15)
#2405 0 80000248     4390 r 0c         00000001  c.lw     x12, 0x0(x15)
#2406 0 8000024a     16fd r 0d         00000001  c.addi   x13, -0x1
#2407 0 8000024c     c04c m f0041024   f0040008  c.sw     x11, 0x4(x8)
#2408 0 8000024e 0049a583 r 0b         f0040028  lw       x11, 0x4(x19)
#2409 0 80000252     c014 m f0041020   00000001  c.sw     x13, 0x0(x8)
#2410 0 80000254 0009a683 r 0d         00000004  lw       x13, 0x0(x19)
#2411 0 80000258     c3cc m f0040034   f0040028  c.sw     x11, 0x4(x15)
#2412 0 8000025a 00f9a223 m f004101c   f0040030  sw       x15, 0x4(x19)
#2413 0 8000025e     c390 m f0040030   00000001  c.sw     x12, 0x0(x15)
#2414 0 80000260     40f2 r 01         80000222  c.lwsp   x1, 0x1c
#2415 0 80000262     4462 r 08         f0041018  c.lwsp   x8, 0x18
#2416 0 80000264 00168793 r 0f         00000005  addi     x15, x13, 0x1
#2417 0 80000268 00f9a023 m f0041018   00000005  sw       x15, 0x0(x19)
#2418 0 8000026c 00170793 r 0f         0000002f  addi     x15, x14, 0x1
#2419 0 80000270 00fa2223 m f0041014   0000002f  sw       x15, 0x4(x20)
#2420 0 80000274     44d2 r 09         00000004  c.lwsp   x9, 0x14
#2421 0 80000276     4942 r 12         f0041028  c.lwsp   x18, 0x10
#2422 0 80000278     49b2 r 13         f0041020  c.lwsp   x19, 0xc
#2423 0 8000027a     4a22 r 14         f0041010  c.lwsp   x20, 0x8
#2424 0 8000027c     6105 r 02         f0040fd0  c.addi16sp 0x2
#2425 0 8000027e     8082 r 00         00000000  c.jr     x1
#2426 0 80000222     874e r 0e         f0041020  c.mv     x14, x19
#2427 0 80000224     86a2 r 0d         f0041018  c.mv     x13, x8
#2428 0 80000226     864a r 0c         f0041028  c.mv     x12, x18
#2429 0 80000228     4585 r 0b         00000001  c.li     x11, 0x1
#2430 0 8000022a     8552 r 0a         f0041010  c.mv     x10, x20
#2431 0 8000022c     37e9 r 01         8000022e  c.jal    . - 0x36
#2432 0 800001f6     1101 r 02         f0040fb0  c.addi   x2, -0x20
#2433 0 800001f8     cc22 m f0040fc8   f0041018  c.swsp   x8, 0x18
#2434 0 800001fa     ca26 m f0040fc4   00000004  c.swsp   x9, 0x14
#2435 0 800001fc     c84a m f0040fc0   f0041028  c.swsp   x18, 0x10
#2436 0 800001fe     c64e m f0040fbc   f0041020  c.swsp   x19, 0xc
#2437 0 80000200     c452 m f0040fb8   f0041010  c.swsp   x20, 0x8
#2438 0 80000202     ce06 m f0040fcc   8000022e  c.swsp   x1, 0x1c
#2439 0 80000204     4785 r 0f         00000001  c.li     x15, 0x1
#2440 0 80000206     8a2a r 14         f0041010  c.mv     x20, x10
#2441 0 80000208     8932 r 12         f0041028  c.mv     x18, x12
#2442 0 8000020a     89ba r 13         f0041020  c.mv     x19, x14
#2443 0 8000020c     84ae r 09         00000001  c.mv     x9, x11
#2444 0 8000020e     8436 r 08         f0041018  c.mv     x8, x13
#2445 0 80000210 02f58663 r 00         00000000  beq      x11, x15, . + 0x2c
#2446 0 8000023c     8432 r 08         f0041028  c.mv     x8, x12
#2447 0 8000023e     405c r 0f         f0040010  c.lw     x15, 0x4(x8)
#2448 0 80000240     4014 r 0d         00000001  c.lw     x13, 0x0(x8)
#2449 0 80000242 004a2703 r 0e         0000002f  lw       x14, 0x4(x20)
#2450 0 80000246     43cc r 0b         00000000  c.lw     x11, 0x4(x15)
#2451 0 80000248     4390 r 0c         00000005  c.lw     x12, 0x0(x15)
#2452 0 8000024a     16fd r 0d         00000000  c.addi   x13, -0x1
#2453 0 8000024c     c04c m f004102c   00000000  c.sw     x11, 0x4(x8)
#2454 0 8000024e 0049a583 r 0b         f0040008  lw       x11, 0x4(x19)
#2455 0 80000252     c014 m f0041028   00000000  c.sw     x13, 0x0(x8)
#2456 0 80000254 0009a683 r 0d         00000001  lw       x13, 0x0(x19)
#2457 0 80000258     c3cc m f0040014   f0040008  c.sw     x11, 0x4(x15)
#2458 0 8000025a 00f9a223 m f0041024   f0040010  sw       x15, 0x4(x19)
#2459 0 8000025e     c390 m f0040010   00000005  c.sw     x12, 0x0(x15)
#2460 0 80000260     40f2 r 01         8000022e  c.lwsp   x1, 0x1c
#2461 0 80000262     4462 r 08         f0041018  c.lwsp   x8, 0x18
#2462 0 80000264 00168793 r 0f         00000002  addi     x15, x13, 0x1
#2463 0 80000268 00f9a023 m f0041020   00000002  sw       x15, 0x0(x19)
#2464 0 8000026c 00170793 r 0f         00000030  addi     x15, x14, 0x1
#2465 0 80000270 00fa2223 m f0041014   00000030  sw       x15, 0x4(x20)
#2466 0 80000274     44d2 r 09         00000004  c.lwsp   x9, 0x14
#2467 0 80000276     4942 r 12         f0041028  c.lwsp   x18, 0x10
#2468 0 80000278     49b2 r 13         f0041020  c.lwsp   x19, 0xc
#2469 0 8000027a     4a22 r 14         f0041010  c.lwsp   x20, 0x8
#2470 0 8000027c     6105 r 02         f0040fd0  c.addi16sp 0x2
#2471 0 8000027e     8082 r 00         00000000  c.jr     x1
#2472 0 8000022e     4785 r 0f         00000001  c.li     x15, 0x1
#2473 0 80000230     874a r 0e         f0041028  c.mv     x14, x18
#2474 0 80000232 00f48663 r 00         00000000  beq      x9, x15, . + 0xc
#2475 0 80000236     8922 r 12         f0041018  c.mv     x18, x8
#2476 0 80000238     843a r 08         f0041028  c.mv     x8, x14
#2477 0 8000023a     bfe9 r 00         00000000  c.j      . - 0x26
#2478 0 80000214     14fd r 09         00000003  c.addi   x9, -0x1
#2479 0 80000216     85a6 r 0b         00000003  c.mv     x11, x9
#2480 0 80000218     8552 r 0a         f0041010  c.mv     x10, x20
#2481 0 8000021a     8722 r 0e         f0041028  c.mv     x14, x8
#2482 0 8000021c     86ce r 0d         f0041020  c.mv     x13, x19
#2483 0 8000021e     864a r 0c         f0041018  c.mv     x12, x18
#2484 0 80000220     3fd9 r 01         80000222  c.jal    . - 0x2a
#2485 0 800001f6     1101 r 02         f0040fb0  c.addi   x2, -0x20
#2486 0 800001f8     cc22 m f0040fc8   f0041028  c.swsp   x8, 0x18
#2487 0 800001fa     ca26 m f0040fc4   00000003  c.swsp   x9, 0x14
#2488 0 800001fc     c84a m f0040fc0   f0041018  c.swsp   x18, 0x10
#2489 0 800001fe     c64e m f0040fbc   f0041020  c.swsp   x19, 0xc
#2490 0 80000200     c452 m f0040fb8   f0041010  c.swsp   x20, 0x8
#2491 0 80000202     ce06 m f0040fcc   80000222  c.swsp   x1, 0x1c
#2492 0 80000204     4785 r 0f         00000001  c.li     x15, 0x1
#2493 0 80000206     8a2a r 14         f0041010  c.mv     x20, x10
#2494 0 80000208     8932 r 12         f0041018  c.mv     x18, x12
#2495 0 8000020a     89ba r 13         f0041028  c.mv     x19, x14
#2496 0 8000020c     84ae r 09         00000003  c.mv     x9, x11
#2497 0 8000020e     8436 r 08         f0041020  c.mv     x8, x13
#2498 0 80000210 02f58663 r 00         00000000  beq      x11, x15, . + 0x2c
#2499 0 80000214     14fd r 09         00000002  c.addi   x9, -0x1
#2500 0 80000216     85a6 r 0b         00000002  c.mv     x11, x9
#2501 0 80000218     8552 r 0a         f0041010  c.mv     x10, x20
#2502 0 8000021a     8722 r 0e         f0041020  c.mv     x14, x8
#2503 0 8000021c     86ce r 0d         f0041028  c.mv     x13, x19
#2504 0 8000021e     864a r 0c         f0041018  c.mv     x12, x18
#2505 0 80000220     3fd9 r 01         80000222  c.jal    . - 0x2a
#2506 0 800001f6     1101 r 02         f0040f90  c.addi   x2, -0x20
#2507 0 800001f8     cc22 m f0040fa8   f0041020  c.swsp   x8, 0x18
#2508 0 800001fa     ca26 m f0040fa4   00000002  c.swsp   x9, 0x14
#2509 0 800001fc     c84a m f0040fa0   f0041018  c.swsp   x18, 0x10
#2510 0 800001fe     c64e m f0040f9c   f0041028  c.swsp   x19, 0xc
#2511 0 80000200     c452 m f0040f98   f0041010  c.swsp   x20, 0x8
#2512 0 80000202     ce06 m f0040fac   80000222  c.swsp   x1, 0x1c
#2513 0 80000204     4785 r 0f         00000001  c.li     x15, 0x1
#2514 0 80000206     8a2a r 14         f0041010  c.mv     x20, x10
#2515 0 80000208     8932 r 12         f0041018  c.mv     x18, x12
#2516 0 8000020a     89ba r 13         f0041020  c.mv     x19, x14
#2517 0 8000020c     84ae r 09         00000002  c.mv     x9, x11
#2518 0 8000020e     8436 r 08         f0041028  c.mv     x8, x13
#2519 0 80000210 02f58663 r 00         00000000  beq      x11, x15, . + 0x2c
#2520 0 80000214     14fd r 09         00000001  c.addi   x9, -0x1
#2521 0 80000216     85a6 r 0b         00000001  c.mv     x11, x9
#2522 0 80000218     8552 r 0a         f0041010  c.mv     x10, x20
#2523 0 8000021a     8722 r 0e         f0041028  c.mv     x14, x8
#2524 0 8000021c     86ce r 0d         f0041020  c.mv     x13, x19
#2525 0 8000021e     864a r 0c         f0041018  c.mv     x12, x18
#2526 0 80000220     3fd9 r 01         80000222  c.jal    . - 0x2a
#2527 0 800001f6     1101 r 02         f0040f70  c.addi   x2, -0x20
#2528 0 800001f8     cc22 m f0040f88   f0041028  c.swsp   x8, 0x18
#2529 0 800001fa     ca26 m f0040f84   00000001  c.swsp   x9, 0x14
#2530 0 800001fc     c84a m f0040f80   f0041018  c.swsp   x18, 0x10
#2531 0 800001fe     c64e m f0040f7c   f0041020  c.swsp   x19, 0xc
#2532 0 80000200     c452 m f0040f78   f0041010  c.swsp   x20, 0x8
#2533 0 80000202     ce06 m f0040f8c   80000222  c.swsp   x1, 0x1c
#2534 0 80000204     4785 r 0f         00000001  c.li     x15, 0x1
#2535 0 80000206     8a2a r 14         f0041010  c.mv     x20, x10
#2536 0 80000208     8932 r 12         f0041018  c.mv     x18, x12
#2537 0 8000020a     89ba r 13         f0041028  c.mv     x19, x14
#2538 0 8000020c     84ae r 09         00000001  c.mv     x9, x11
#2539 0 8000020e     8436 r 08         f0041020  c.mv     x8, x13
#2540 0 80000210 02f58663 r 00         00000000  beq      x11, x15, . + 0x2c
#2541 0 8000023c     8432 r 08         f0041018  c.mv     x8, x12
#2542 0 8000023e     405c r 0f         f0040030  c.lw     x15, 0x4(x8)
#2543 0 80000240     4014 r 0d         00000005  c.lw     x13, 0x0(x8)
#2544 0 80000242 004a2703 r 0e         00000030  lw       x14, 0x4(x20)
#2545 0 80000246     43cc r 0b         f0040028  c.lw     x11, 0x4(x15)
#2546 0 80000248     4390 r 0c         00000001  c.lw     x12, 0x0(x15)
#2547 0 8000024a     16fd r 0d         00000004  c.addi   x13, -0x1
#2548 0 8000024c     c04c m f004101c   f0040028  c.sw     x11, 0x4(x8)
#2549 0 8000024e 0049a583 r 0b         00000000  lw       x11, 0x4(x19)
#2550 0 80000252     c014 m f0041018   00000004  c.sw     x13, 0x0(x8)
#2551 0 80000254 0009a683 r 0d         00000000  lw       x13, 0x0(x19)
#2552 0 80000258     c3cc m f0040034   00000000  c.sw     x11, 0x4(x15)
#2553 0 8000025a 00f9a223 m f004102c   f0040030  sw       x15, 0x4(x19)
#2554 0 8000025e     c390 m f0040030   00000001  c.sw     x12, 0x0(x15)
#2555 0 80000260     40f2 r 01         80000222  c.lwsp   x1, 0x1c
#2556 0 80000262     4462 r 08         f0041028  c.lwsp   x8, 0x18
#2557 0 80000264 00168793 r 0f         00000001  addi     x15, x13, 0x1
#2558 0 80000268 00f9a023 m f0041028   00000001  sw       x15, 0x0(x19)
#2559 0 8000026c 00170793 r 0f         00000031  addi     x15, x14, 0x1
#2560 0 80000270 00fa2223 m f0041014   00000031  sw       x15, 0x4(x20)
#2561 0 80000274     44d2 r 09         00000001  c.lwsp   x9, 0x14
#2562 0 80000276     4942 r 12         f0041018  c.lwsp   x18, 0x10
#2563 0 80000278     49b2 r 13         f0041020  c.lwsp   x19, 0xc
#2564 0 8000027a     4a22 r 14         f0041010  c.lwsp   x20, 0x8
#2565 0 8000027c     6105 r 02         f0040f90  c.addi16sp 0x2
#2566 0 8000027e     8082 r 00         00000000  c.jr     x1
#2567 0 80000222     874e r 0e         f0041020  c.mv     x14, x19
#2568 0 80000224     86a2 r 0d         f0041028  c.mv     x13, x8
#2569 0 80000226     864a r 0c         f0041018  c.mv     x12, x18
#2570 0 80000228     4585 r 0b         00000001  c.li     x11, 0x1
#2571 0 8000022a     8552 r 0a         f0041010  c.mv     x10, x20
#2572 0 8000022c     37e9 r 01         8000022e  c.jal    . - 0x36
#2573 0 800001f6     1101 r 02         f0040f70  c.addi   x2, -0x20
#2574 0 800001f8     cc22 m f0040f88   f0041028  c.swsp   x8, 0x18
#2575 0 800001fa     ca26 m f0040f84   00000001  c.swsp   x9, 0x14
#2576 0 800001fc     c84a m f0040f80   f0041018  c.swsp   x18, 0x10
#2577 0 800001fe     c64e m f0040f7c   f0041020  c.swsp   x19, 0xc
#2578 0 80000200     c452 m f0040f78   f0041010  c.swsp   x20, 0x8
#2579 0 80000202     ce06 m f0040f8c   8000022e  c.swsp   x1, 0x1c
#2580 0 80000204     4785 r 0f         00000001  c.li     x15, 0x1
#2581 0 80000206     8a2a r 14         f0041010  c.mv     x20, x10
#2582 0 80000208     8932 r 12         f0041018  c.mv     x18, x12
#2583 0 8000020a     89ba r 13         f0041020  c.mv     x19, x14
#2584 0 8000020c     84ae r 09         00000001  c.mv     x9, x11
#2585 0 8000020e     8436 r 08         f0041028  c.mv     x8, x13
#2586 0 80000210 02f58663 r 00         00000000  beq      x11, x15, . + 0x2c
#2587 0 8000023c     8432 r 08         f0041018  c.mv     x8, x12
#2588 0 8000023e     405c r 0f         f0040028  c.lw     x15, 0x4(x8)
#2589 0 80000240     4014 r 0d         00000004  c.lw     x13, 0x0(x8)
#2590 0 80000242 004a2703 r 0e         00000031  lw       x14, 0x4(x20)
#2591 0 80000246     43cc r 0b         f0040020  c.lw     x11, 0x4(x15)
#2592 0 80000248     4390 r 0c         00000002  c.lw     x12, 0x0(x15)
#2593 0 8000024a     16fd r 0d         00000003  c.addi   x13, -0x1
#2594 0 8000024c     c04c m f004101c   f0040020  c.sw     x11, 0x4(x8)
#2595 0 8000024e 0049a583 r 0b         f0040010  lw       x11, 0x4(x19)
#2596 0 80000252     c014 m f0041018   00000003  c.sw     x13, 0x0(x8)
#2597 0 80000254 0009a683 r 0d         00000002  lw       x13, 0x0(x19)
#2598 0 80000258     c3cc m f004002c   f0040010  c.sw     x11, 0x4(x15)
#2599 0 8000025a 00f9a223 m f0041024   f0040028  sw       x15, 0x4(x19)
#2600 0 8000025e     c390 m f0040028   00000002  c.sw     x12, 0x0(x15)
#2601 0 80000260     40f2 r 01         8000022e  c.lwsp   x1, 0x1c
#2602 0 80000262     4462 r 08         f0041028  c.lwsp   x8, 0x18
#2603 0 80000264 00168793 r 0f         00000003  addi     x15, x13, 0x1
#2604 0 80000268 00f9a023 m f0041020   00000003  sw       x15, 0x0(x19)
#2605 0 8000026c 00170793 r 0f         00000032  addi     x15, x14, 0x1
#2606 0 80000270 00fa2223 m f0041014   00000032  sw       x15, 0x4(x20)
#2607 0 80000274     44d2 r 09         00000001  c.lwsp   x9, 0x14
#2608 0 80000276     4942 r 12         f0041018  c.lwsp   x18, 0x10
#2609 0 80000278     49b2 r 13         f0041020  c.lwsp   x19, 0xc
#2610 0 8000027a     4a22 r 14         f0041010  c.lwsp   x20, 0x8
#2611 0 8000027c     6105 r 02         f0040f90  c.addi16sp 0x2
#2612 0 8000027e     8082 r 00         00000000  c.jr     x1
#2613 0 8000022e     4785 r 0f         00000001  c.li     x15, 0x1
#2614 0 80000230     874a r 0e         f0041018  c.mv     x14, x18
#2615 0 80000232 00f48663 r 00         00000000  beq      x9, x15, . + 0xc
#2616 0 8000023e     405c r 0f         f0040030  c.lw     x15, 0x4(x8)
#2617 0 80000240     4014 r 0d         00000001  c.lw     x13, 0x0(x8)
#2618 0 80000242 004a2703 r 0e         00000032  lw       x14, 0x4(x20)
#2619 0 80000246     43cc r 0b         00000000  c.lw     x11, 0x4(x15)
#2620 0 80000248     4390 r 0c         00000001  c.lw     x12, 0x0(x15)
#2621 0 8000024a     16fd r 0d         00000000  c.addi   x13, -0x1
#2622 0 8000024c     c04c m f004102c   00000000  c.sw     x11, 0x4(x8)
#2623 0 8000024e 0049a583 r 0b         f0040028  lw       x11, 0x4(x19)
#2624 0 80000252     c014 m f0041028   00000000  c.sw     x13, 0x0(x8)
#2625 0 80000254 0009a683 r 0d         00000003  lw       x13, 0x0(x19)
#2626 0 80000258     c3cc m f0040034   f0040028  c.sw     x11, 0x4(x15)
#2627 0 8000025a 00f9a223 m f0041024   f0040030  sw       x15, 0x4(x19)
#2628 0 8000025e     c390 m f0040030   00000001  c.sw     x12, 0x0(x15)
#2629 0 80000260     40f2 r 01         80000222  c.lwsp   x1, 0x1c
#2630 0 80000262     4462 r 08         f0041020  c.lwsp   x8, 0x18
#2631 0 80000264 00168793 r 0f         00000004  addi     x15, x13, 0x1
#2632 0 80000268 00f9a023 m f0041020   00000004  sw       x15, 0x0(x19)
#2633 0 8000026c 00170793 r 0f         00000033  addi     x15, x14, 0x1
#2634 0 80000270 00fa2223 m f0041014   00000033  sw       x15, 0x4(x20)
#2635 0 80000274     44d2 r 09         00000002  c.lwsp   x9, 0x14
#2636 0 80000276     4942 r 12         f0041018  c.lwsp   x18, 0x10
#2637 0 80000278     49b2 r 13         f0041028  c.lwsp   x19, 0xc
#2638 0 8000027a     4a22 r 14         f0041010  c.lwsp   x20, 0x8
#2639 0 8000027c     6105 r 02         f0040fb0  c.addi16sp 0x2
#2640 0 8000027e     8082 r 00         00000000  c.jr     x1
#2641 0 80000222     874e r 0e         f0041028  c.mv     x14, x19
#2642 0 80000224     86a2 r 0d         f0041020  c.mv     x13, x8
#2643 0 80000226     864a r 0c         f0041018  c.mv     x12, x18
#2644 0 80000228     4585 r 0b         00000001  c.li     x11, 0x1
#2645 0 8000022a     8552 r 0a         f0041010  c.mv     x10, x20
#2646 0 8000022c     37e9 r 01         8000022e  c.jal    . - 0x36
#2647 0 800001f6     1101 r 02         f0040f90  c.addi   x2, -0x20
#2648 0 800001f8     cc22 m f0040fa8   f0041020  c.swsp   x8, 0x18
#2649 0 800001fa     ca26 m f0040fa4   00000002  c.swsp   x9, 0x14
#2650 0 800001fc     c84a m f0040fa0   f0041018  c.swsp   x18, 0x10
#2651 0 800001fe     c64e m f0040f9c   f0041028  c.swsp   x19, 0xc
#2652 0 80000200     c452 m f0040f98   f0041010  c.swsp   x20, 0x8
#2653 0 80000202     ce06 m f0040fac   8000022e  c.swsp   x1, 0x1c
#2654 0 80000204     4785 r 0f         00000001  c.li     x15, 0x1
#2655 0 80000206     8a2a r 14         f0041010  c.mv     x20, x10
#2656 0 80000208     8932 r 12         f0041018  c.mv     x18, x12
#2657 0 8000020a     89ba r 13         f0041028  c.mv     x19, x14
#2658 0 8000020c     84ae r 09         00000001  c.mv     x9, x11
#2659 0 8000020e     8436 r 08         f0041020  c.mv     x8, x13
#2660 0 80000210 02f58663 r 00         00000000  beq      x11, x15, . + 0x2c
#2661 0 8000023c     8432 r 08         f0041018  c.mv     x8, x12
#2662 0 8000023e     405c r 0f         f0040020  c.lw     x15, 0x4(x8)
#2663 0 80000240     4014 r 0d         00000003  c.lw     x13, 0x0(x8)
#2664 0 80000242 004a2703 r 0e         00000033  lw       x14, 0x4(x20)
#2665 0 80000246     43cc r 0b         f0040018  c.lw     x11, 0x4(x15)
#2666 0 80000248     4390 r 0c         00000003  c.lw     x12, 0x0(x15)
#2667 0 8000024a     16fd r 0d         00000002  c.addi   x13, -0x1
#2668 0 8000024c     c04c m f004101c   f0040018  c.sw     x11, 0x4(x8)
#2669 0 8000024e 0049a583 r 0b         00000000  lw       x11, 0x4(x19)
#2670 0 80000252     c014 m f0041018   00000002  c.sw     x13, 0x0(x8)
#2671 0 80000254 0009a683 r 0d         00000000  lw       x13, 0x0(x19)
#2672 0 80000258     c3cc m f0040024   00000000  c.sw     x11, 0x4(x15)
#2673 0 8000025a 00f9a223 m f004102c   f0040020  sw       x15, 0x4(x19)
#2674 0 8000025e     c390 m f0040020   00000003  c.sw     x12, 0x0(x15)
#2675 0 80000260     40f2 r 01         8000022e  c.lwsp   x1, 0x1c
#2676 0 80000262     4462 r 08         f0041020  c.lwsp   x8, 0x18
#2677 0 80000264 00168793 r 0f         00000001  addi     x15, x13, 0x1
#2678 0 80000268 00f9a023 m f0041028   00000001  sw       x15, 0x0(x19)
#2679 0 8000026c 00170793 r 0f         00000034  addi     x15, x14, 0x1
#2680 0 80000270 00fa2223 m f0041014   00000034  sw       x15, 0x4(x20)
#2681 0 80000274     44d2 r 09         00000002  c.lwsp   x9, 0x14
#2682 0 80000276     4942 r 12         f0041018  c.lwsp   x18, 0x10
#2683 0 80000278     49b2 r 13         f0041028  c.lwsp   x19, 0xc
#2684 0 8000027a     4a22 r 14         f0041010  c.lwsp   x20, 0x8
#2685 0 8000027c     6105 r 02         f0040fb0  c.addi16sp 0x2
#2686 0 8000027e     8082 r 00         00000000  c.jr     x1
#2687 0 8000022e     4785 r 0f         00000001  c.li     x15, 0x1
#2688 0 80000230     874a r 0e         f0041018  c.mv     x14, x18
#2689 0 80000232 00f48663 r 00         00000000  beq      x9, x15, . + 0xc
#2690 0 80000236     8922 r 12         f0041020  c.mv     x18, x8
#2691 0 80000238     843a r 08         f0041018  c.mv     x8, x14
#2692 0 8000023a     bfe9 r 00         00000000  c.j      . - 0x26
#2693 0 80000214     14fd r 09         00000001  c.addi   x9, -0x1
#2694 0 80000216     85a6 r 0b         00000001  c.mv     x11, x9
#2695 0 80000218     8552 r 0a         f0041010  c.mv     x10, x20
#2696 0 8000021a     8722 r 0e         f0041018  c.mv     x14, x8
#2697 0 8000021c     86ce r 0d         f0041028  c.mv     x13, x19
#2698 0 8000021e     864a r 0c         f0041020  c.mv     x12, x18
#2699 0 80000220     3fd9 r 01         80000222  c.jal    . - 0x2a
#2700 0 800001f6     1101 r 02         f0040f90  c.addi   x2, -0x20
#2701 0 800001f8     cc22 m f0040fa8   f0041018  c.swsp   x8, 0x18
#2702 0 800001fa     ca26 m f0040fa4   00000001  c.swsp   x9, 0x14
#2703 0 800001fc     c84a m f0040fa0   f0041020  c.swsp   x18, 0x10
#2704 0 800001fe     c64e m f0040f9c   f0041028  c.swsp   x19, 0xc
#2705 0 80000200     c452 m f0040f98   f0041010  c.swsp   x20, 0x8
#2706 0 80000202     ce06 m f0040fac   80000222  c.swsp   x1, 0x1c
#2707 0 80000204     4785 r 0f         00000001  c.li     x15, 0x1
#2708 0 80000206     8a2a r 14         f0041010  c.mv     x20, x10
#2709 0 80000208     8932 r 12         f0041020  c.mv     x18, x12
#2710 0 8000020a     89ba r 13         f0041018  c.mv     x19, x14
#2711 0 8000020c     84ae r 09         00000001  c.mv     x9, x11
#2712 0 8000020e     8436 r 08         f0041028  c.mv     x8, x13
#2713 0 80000210 02f58663 r 00         00000000  beq      x11, x15, . + 0x2c
#2714 0 8000023c     8432 r 08         f0041020  c.mv     x8, x12
#2715 0 8000023e     405c r 0f         f0040030  c.lw     x15, 0x4(x8)
#2716 0 80000240     4014 r 0d         00000004  c.lw     x13, 0x0(x8)
#2717 0 80000242 004a2703 r 0e         00000034  lw       x14, 0x4(x20)
#2718 0 80000246     43cc r 0b         f0040028  c.lw     x11, 0x4(x15)
#2719 0 80000248     4390 r 0c         00000001  c.lw     x12, 0x0(x15)
#2720 0 8000024a     16fd r 0d         00000003  c.addi   x13, -0x1
#2721 0 8000024c     c04c m f0041024   f0040028  c.sw     x11, 0x4(x8)
#2722 0 8000024e 0049a583 r 0b         f0040018  lw       x11, 0x4(x19)
#2723 0 80000252     c014 m f0041020   00000003  c.sw     x13, 0x0(x8)
#2724 0 80000254 0009a683 r 0d         00000002  lw       x13, 0x0(x19)
#2725 0 80000258     c3cc m f0040034   f0040018  c.sw     x11, 0x4(x15)
#2726 0 8000025a 00f9a223 m f004101c   f0040030  sw       x15, 0x4(x19)
#2727 0 8000025e     c390 m f0040030   00000001  c.sw     x12, 0x0(x15)
#2728 0 80000260     40f2 r 01         80000222  c.lwsp   x1, 0x1c
#2729 0 80000262     4462 r 08         f0041018  c.lwsp   x8, 0x18
#2730 0 80000264 00168793 r 0f         00000003  addi     x15, x13, 0x1
#2731 0 80000268 00f9a023 m f0041018   00000003  sw       x15, 0x0(x19)
#2732 0 8000026c 00170793 r 0f         00000035  addi     x15, x14, 0x1
#2733 0 80000270 00fa2223 m f0041014   00000035  sw       x15, 0x4(x20)
#2734 0 80000274     44d2 r 09         00000001  c.lwsp   x9, 0x14
#2735 0 80000276     4942 r 12         f0041020  c.lwsp   x18, 0x10
#2736 0 80000278     49b2 r 13         f0041028  c.lwsp   x19, 0xc
#2737 0 8000027a     4a22 r 14         f0041010  c.lwsp   x20, 0x8
#2738 0 8000027c     6105 r 02         f0040fb0  c.addi16sp 0x2
#2739 0 8000027e     8082 r 00         00000000  c.jr     x1
#2740 0 80000222     874e r 0e         f0041028  c.mv     x14, x19
#2741 0 80000224     86a2 r 0d         f0041018  c.mv     x13, x8
#2742 0 80000226     864a r 0c         f0041020  c.mv     x12, x18
#2743 0 80000228     4585 r 0b         00000001  c.li     x11, 0x1
#2744 0 8000022a     8552 r 0a         f0041010  c.mv     x10, x20
#2745 0 8000022c     37e9 r 01         8000022e  c.jal    . - 0x36
#2746 0 800001f6     1101 r 02         f0040f90  c.addi   x2, -0x20
#2747 0 800001f8     cc22 m f0040fa8   f0041018  c.swsp   x8, 0x18
#2748 0 800001fa     ca26 m f0040fa4   00000001  c.swsp   x9, 0x14
#2749 0 800001fc     c84a m f0040fa0   f0041020  c.swsp   x18, 0x10
#2750 0 800001fe     c64e m f0040f9c   f0041028  c.swsp   x19, 0xc
#2751 0 80000200     c452 m f0040f98   f0041010  c.swsp   x20, 0x8
#2752 0 80000202     ce06 m f0040fac   8000022e  c.swsp   x1, 0x1c
#2753 0 80000204     4785 r 0f         00000001  c.li     x15, 0x1
#2754 0 80000206     8a2a r 14         f0041010  c.mv     x20, x10
#2755 0 80000208     8932 r 12         f0041020  c.mv     x18, x12
#2756 0 8000020a     89ba r 13         f0041028  c.mv     x19, x14
#2757 0 8000020c     84ae r 09         00000001  c.mv     x9, x11
#2758 0 8000020e     8436 r 08         f0041018  c.mv     x8, x13
#2759 0 80000210 02f58663 r 00         00000000  beq      x11, x15, . + 0x2c
#2760 0 8000023c     8432 r 08         f0041020  c.mv     x8, x12
#2761 0 8000023e     405c r 0f         f0040028  c.lw     x15, 0x4(x8)
#2762 0 80000240     4014 r 0d         00000003  c.lw     x13, 0x0(x8)
#2763 0 80000242 004a2703 r 0e         00000035  lw       x14, 0x4(x20)
#2764 0 80000246     43cc r 0b         f0040010  c.lw     x11, 0x4(x15)
#2765 0 80000248     4390 r 0c         00000002  c.lw     x12, 0x0(x15)
#2766 0 8000024a     16fd r 0d         00000002  c.addi   x13, -0x1
#2767 0 8000024c     c04c m f0041024   f0040010  c.sw     x11, 0x4(x8)
#2768 0 8000024e 0049a583 r 0b         f0040020  lw       x11, 0x4(x19)
#2769 0 80000252     c014 m f0041020   00000002  c.sw     x13, 0x0(x8)
#2770 0 80000254 0009a683 r 0d         00000001  lw       x13, 0x0(x19)
#2771 0 80000258     c3cc m f004002c   f0040020  c.sw     x11, 0x4(x15)
#2772 0 8000025a 00f9a223 m f004102c   f0040028  sw       x15, 0x4(x19)
#2773 0 8000025e     c390 m f0040028   00000002  c.sw     x12, 0x0(x15)
#2774 0 80000260     40f2 r 01         8000022e  c.lwsp   x1, 0x1c
#2775 0 80000262     4462 r 08         f0041018  c.lwsp   x8, 0x18
#2776 0 80000264 00168793 r 0f         00000002  addi     x15, x13, 0x1
#2777 0 80000268 00f9a023 m f0041028   00000002  sw       x15, 0x0(x19)
#2778 0 8000026c 00170793 r 0f         00000036  addi     x15, x14, 0x1
#2779 0 80000270 00fa2223 m f0041014   00000036  sw       x15, 0x4(x20)
#2780 0 80000274     44d2 r 09         00000001  c.lwsp   x9, 0x14
#2781 0 80000276     4942 r 12         f0041020  c.lwsp   x18, 0x10
#2782 0 80000278     49b2 r 13         f0041028  c.lwsp   x19, 0xc
#2783 0 8000027a     4a22 r 14         f0041010  c.lwsp   x20, 0x8
#2784 0 8000027c     6105 r 02         f0040fb0  c.addi16sp 0x2
#2785 0 8000027e     8082 r 00         00000000  c.jr     x1
#2786 0 8000022e     4785 r 0f         00000001  c.li     x15, 0x1
#2787 0 80000230     874a r 0e         f0041020  c.mv     x14, x18
#2788 0 80000232 00f48663 r 00         00000000  beq      x9, x15, . + 0xc
#2789 0 8000023e     405c r 0f         f0040030  c.lw     x15, 0x4(x8)
#2790 0 80000240     4014 r 0d         00000003  c.lw     x13, 0x0(x8)
#2791 0 80000242 004a2703 r 0e         00000036  lw       x14, 0x4(x20)
#2792 0 80000246     43cc r 0b         f0040018  c.lw     x11, 0x4(x15)
#2793 0 80000248     4390 r 0c         00000001  c.lw     x12, 0x0(x15)
#2794 0 8000024a     16fd r 0d         00000002  c.addi   x13, -0x1
#2795 0 8000024c     c04c m f004101c   f0040018  c.sw     x11, 0x4(x8)
#2796 0 8000024e 0049a583 r 0b         f0040028  lw       x11, 0x4(x19)
#2797 0 80000252     c014 m f0041018   00000002  c.sw     x13, 0x0(x8)
#2798 0 80000254 0009a683 r 0d         00000002  lw       x13, 0x0(x19)
#2799 0 80000258     c3cc m f0040034   f0040028  c.sw     x11, 0x4(x15)
#2800 0 8000025a 00f9a223 m f004102c   f0040030  sw       x15, 0x4(x19)
#2801 0 8000025e     c390 m f0040030   00000001  c.sw     x12, 0x0(x15)
#2802 0 80000260     40f2 r 01         80000222  c.lwsp   x1, 0x1c
#2803 0 80000262     4462 r 08         f0041028  c.lwsp   x8, 0x18
#2804 0 80000264 00168793 r 0f         00000003  addi     x15, x13, 0x1
#2805 0 80000268 00f9a023 m f0041028   00000003  sw       x15, 0x0(x19)
#2806 0 8000026c 00170793 r 0f         00000037  addi     x15, x14, 0x1
#2807 0 80000270 00fa2223 m f0041014   00000037  sw       x15, 0x4(x20)
#2808 0 80000274     44d2 r 09         00000003  c.lwsp   x9, 0x14
#2809 0 80000276     4942 r 12         f0041018  c.lwsp   x18, 0x10
#2810 0 80000278     49b2 r 13         f0041020  c.lwsp   x19, 0xc
#2811 0 8000027a     4a22 r 14         f0041010  c.lwsp   x20, 0x8
#2812 0 8000027c     6105 r 02         f0040fd0  c.addi16sp 0x2
#2813 0 8000027e     8082 r 00         00000000  c.jr     x1
#2814 0 80000222     874e r 0e         f0041020  c.mv     x14, x19
#2815 0 80000224     86a2 r 0d         f0041028  c.mv     x13, x8
#2816 0 80000226     864a r 0c         f0041018  c.mv     x12, x18
#2817 0 80000228     4585 r 0b         00000001  c.li     x11, 0x1
#2818 0 8000022a     8552 r 0a         f0041010  c.mv     x10, x20
#2819 0 8000022c     37e9 r 01         8000022e  c.jal    . - 0x36
#2820 0 800001f6     1101 r 02         f0040fb0  c.addi   x2, -0x20
#2821 0 800001f8     cc22 m f0040fc8   f0041028  c.swsp   x8, 0x18
#2822 0 800001fa     ca26 m f0040fc4   00000003  c.swsp   x9, 0x14
#2823 0 800001fc     c84a m f0040fc0   f0041018  c.swsp   x18, 0x10
#2824 0 800001fe     c64e m f0040fbc   f0041020  c.swsp   x19, 0xc
#2825 0 80000200     c452 m f0040fb8   f0041010  c.swsp   x20, 0x8
#2826 0 80000202     ce06 m f0040fcc   8000022e  c.swsp   x1, 0x1c
#2827 0 80000204     4785 r 0f         00000001  c.li     x15, 0x1
#2828 0 80000206     8a2a r 14         f0041010  c.mv     x20, x10
#2829 0 80000208     8932 r 12         f0041018  c.mv     x18, x12
#2830 0 8000020a     89ba r 13         f0041020  c.mv     x19, x14
#2831 0 8000020c     84ae r 09         00000001  c.mv     x9, x11
#2832 0 8000020e     8436 r 08         f0041028  c.mv     x8, x13
#2833 0 80000210 02f58663 r 00         00000000  beq      x11, x15, . + 0x2c
#2834 0 8000023c     8432 r 08         f0041018  c.mv     x8, x12
#2835 0 8000023e     405c r 0f         f0040018  c.lw     x15, 0x4(x8)
#2836 0 80000240     4014 r 0d         00000002  c.lw     x13, 0x0(x8)
#2837 0 80000242 004a2703 r 0e         00000037  lw       x14, 0x4(x20)
#2838 0 80000246     43cc r 0b         f0040000  c.lw     x11, 0x4(x15)
#2839 0 80000248     4390 r 0c         00000004  c.lw     x12, 0x0(x15)
#2840 0 8000024a     16fd r 0d         00000001  c.addi   x13, -0x1
#2841 0 8000024c     c04c m f004101c   f0040000  c.sw     x11, 0x4(x8)
#2842 0 8000024e 0049a583 r 0b         f0040010  lw       x11, 0x4(x19)
#2843 0 80000252     c014 m f0041018   00000001  c.sw     x13, 0x0(x8)
#2844 0 80000254 0009a683 r 0d         00000002  lw       x13, 0x0(x19)
#2845 0 80000258     c3cc m f004001c   f0040010  c.sw     x11, 0x4(x15)
#2846 0 8000025a 00f9a223 m f0041024   f0040018  sw       x15, 0x4(x19)
#2847 0 8000025e     c390 m f0040018   00000004  c.sw     x12, 0x0(x15)
#2848 0 80000260     40f2 r 01         8000022e  c.lwsp   x1, 0x1c
#2849 0 80000262     4462 r 08         f0041028  c.lwsp   x8, 0x18
#2850 0 80000264 00168793 r 0f         00000003  addi     x15, x13, 0x1
#2851 0 80000268 00f9a023 m f0041020   00000003  sw       x15, 0x0(x19)
#2852 0 8000026c 00170793 r 0f         00000038  addi     x15, x14, 0x1
#2853 0 80000270 00fa2223 m f0041014   00000038  sw       x15, 0x4(x20)
#2854 0 80000274     44d2 r 09         00000003  c.lwsp   x9, 0x14
#2855 0 80000276     4942 r 12         f0041018  c.lwsp   x18, 0x10
#2856 0 80000278     49b2 r 13         f0041020  c.lwsp   x19, 0xc
#2857 0 8000027a     4a22 r 14         f0041010  c.lwsp   x20, 0x8
#2858 0 8000027c     6105 r 02         f0040fd0  c.addi16sp 0x2
#2859 0 8000027e     8082 r 00         00000000  c.jr     x1
#2860 0 8000022e     4785 r 0f         00000001  c.li     x15, 0x1
#2861 0 80000230     874a r 0e         f0041018  c.mv     x14, x18
#2862 0 80000232 00f48663 r 00         00000000  beq      x9, x15, . + 0xc
#2863 0 80000236     8922 r 12         f0041028  c.mv     x18, x8
#2864 0 80000238     843a r 08         f0041018  c.mv     x8, x14
#2865 0 8000023a     bfe9 r 00         00000000  c.j      . - 0x26
#2866 0 80000214     14fd r 09         00000002  c.addi   x9, -0x1
#2867 0 80000216     85a6 r 0b         00000002  c.mv     x11, x9
#2868 0 80000218     8552 r 0a         f0041010  c.mv     x10, x20
#2869 0 8000021a     8722 r 0e         f0041018  c.mv     x14, x8
#2870 0 8000021c     86ce r 0d         f0041020  c.mv     x13, x19
#2871 0 8000021e     864a r 0c         f0041028  c.mv     x12, x18
#2872 0 80000220     3fd9 r 01         80000222  c.jal    . - 0x2a
#2873 0 800001f6     1101 r 02         f0040fb0  c.addi   x2, -0x20
#2874 0 800001f8     cc22 m f0040fc8   f0041018  c.swsp   x8, 0x18
#2875 0 800001fa     ca26 m f0040fc4   00000002  c.swsp   x9, 0x14
#2876 0 800001fc     c84a m f0040fc0   f0041028  c.swsp   x18, 0x10
#2877 0 800001fe     c64e m f0040fbc   f0041020  c.swsp   x19, 0xc
#2878 0 80000200     c452 m f0040fb8   f0041010  c.swsp   x20, 0x8
#2879 0 80000202     ce06 m f0040fcc   80000222  c.swsp   x1, 0x1c
#2880 0 80000204     4785 r 0f         00000001  c.li     x15, 0x1
#2881 0 80000206     8a2a r 14         f0041010  c.mv     x20, x10
#2882 0 80000208     8932 r 12         f0041028  c.mv     x18, x12
#2883 0 8000020a     89ba r 13         f0041018  c.mv     x19, x14
#2884 0 8000020c     84ae r 09         00000002  c.mv     x9, x11
#2885 0 8000020e     8436 r 08         f0041020  c.mv     x8, x13
#2886 0 80000210 02f58663 r 00         00000000  beq      x11, x15, . + 0x2c
#2887 0 80000214     14fd r 09         00000001  c.addi   x9, -0x1
#2888 0 80000216     85a6 r 0b         00000001  c.mv     x11, x9
#2889 0 80000218     8552 r 0a         f0041010  c.mv     x10, x20
#2890 0 8000021a     8722 r 0e         f0041020  c.mv     x14, x8
#2891 0 8000021c     86ce r 0d         f0041018  c.mv     x13, x19
#2892 0 8000021e     864a r 0c         f0041028  c.mv     x12, x18
#2893 0 80000220     3fd9 r 01         80000222  c.jal    . - 0x2a
#2894 0 800001f6     1101 r 02         f0040f90  c.addi   x2, -0x20
#2895 0 800001f8     cc22 m f0040fa8   f0041020  c.swsp   x8, 0x18
#2896 0 800001fa     ca26 m f0040fa4   00000001  c.swsp   x9, 0x14
#2897 0 800001fc     c84a m f0040fa0   f0041028  c.swsp   x18, 0x10
#2898 0 800001fe     c64e m f0040f9c   f0041018  c.swsp   x19, 0xc
#2899 0 80000200     c452 m f0040f98   f0041010  c.swsp   x20, 0x8
#2900 0 80000202     ce06 m f0040fac   80000222  c.swsp   x1, 0x1c
#2901 0 80000204     4785 r 0f         00000001  c.li     x15, 0x1
#2902 0 80000206     8a2a r 14         f0041010  c.mv     x20, x10
#2903 0 80000208     8932 r 12         f0041028  c.mv     x18, x12
#2904 0 8000020a     89ba r 13         f0041020  c.mv     x19, x14
#2905 0 8000020c     84ae r 09         00000001  c.mv     x9, x11
#2906 0 8000020e     8436 r 08         f0041018  c.mv     x8, x13
#2907 0 80000210 02f58663 r 00         00000000  beq      x11, x15, . + 0x2c
#2908 0 8000023c     8432 r 08         f0041028  c.mv     x8, x12
#2909 0 8000023e     405c r 0f         f0040030  c.lw     x15, 0x4(x8)
#2910 0 80000240     4014 r 0d         00000003  c.lw     x13, 0x0(x8)
#2911 0 80000242 004a2703 r 0e         00000038  lw       x14, 0x4(x20)
#2912 0 80000246     43cc r 0b         f0040028  c.lw     x11, 0x4(x15)
#2913 0 80000248     4390 r 0c         00000001  c.lw     x12, 0x0(x15)
#2914 0 8000024a     16fd r 0d         00000002  c.addi   x13, -0x1
#2915 0 8000024c     c04c m f004102c   f0040028  c.sw     x11, 0x4(x8)
#2916 0 8000024e 0049a583 r 0b         f0040018  lw       x11, 0x4(x19)
#2917 0 80000252     c014 m f0041028   00000002  c.sw     x13, 0x0(x8)
#2918 0 80000254 0009a683 r 0d         00000003  lw       x13, 0x0(x19)
#2919 0 80000258     c3cc m f0040034   f0040018  c.sw     x11, 0x4(x15)
#2920 0 8000025a 00f9a223 m f0041024   f0040030  sw       x15, 0x4(x19)
#2921 0 8000025e     c390 m f0040030   00000001  c.sw     x12, 0x0(x15)
#2922 0 80000260     40f2 r 01         80000222  c.lwsp   x1, 0x1c
#2923 0 80000262     4462 r 08         f0041020  c.lwsp   x8, 0x18
#2924 0 80000264 00168793 r 0f         00000004  addi     x15, x13, 0x1
#2925 0 80000268 00f9a023 m f0041020   00000004  sw       x15, 0x0(x19)
#2926 0 8000026c 00170793 r 0f         00000039  addi     x15, x14, 0x1
#2927 0 80000270 00fa2223 m f0041014   00000039  sw       x15, 0x4(x20)
#2928 0 80000274     44d2 r 09         00000001  c.lwsp   x9, 0x14
#2929 0 80000276     4942 r 12         f0041028  c.lwsp   x18, 0x10
#2930 0 80000278     49b2 r 13         f0041018  c.lwsp   x19, 0xc
#2931 0 8000027a     4a22 r 14         f0041010  c.lwsp   x20, 0x8
#2932 0 8000027c     6105 r 02         f0040fb0  c.addi16sp 0x2
#2933 0 8000027e     8082 r 00         00000000  c.jr     x1
#2934 0 80000222     874e r 0e         f0041018  c.mv     x14, x19
#2935 0 80000224     86a2 r 0d         f0041020  c.mv     x13, x8
#2936 0 80000226     864a r 0c         f0041028  c.mv     x12, x18
#2937 0 80000228     4585 r 0b         00000001  c.li     x11, 0x1
#2938 0 8000022a     8552 r 0a         f0041010  c.mv     x10, x20
#2939 0 8000022c     37e9 r 01         8000022e  c.jal    . - 0x36
#2940 0 800001f6     1101 r 02         f0040f90  c.addi   x2, -0x20
#2941 0 800001f8     cc22 m f0040fa8   f0041020  c.swsp   x8, 0x18
#2942 0 800001fa     ca26 m f0040fa4   00000001  c.swsp   x9, 0x14
#2943 0 800001fc     c84a m f0040fa0   f0041028  c.swsp   x18, 0x10
#2944 0 800001fe     c64e m f0040f9c   f0041018  c.swsp   x19, 0xc
#2945 0 80000200     c452 m f0040f98   f0041010  c.swsp   x20, 0x8
#2946 0 80000202     ce06 m f0040fac   8000022e  c.swsp   x1, 0x1c
#2947 0 80000204     4785 r 0f         00000001  c.li     x15, 0x1
#2948 0 80000206     8a2a r 14         f0041010  c.mv     x20, x10
#2949 0 80000208     8932 r 12         f0041028  c.mv     x18, x12
#2950 0 8000020a     89ba r 13         f0041018  c.mv     x19, x14
#2951 0 8000020c     84ae r 09         00000001  c.mv     x9, x11
#2952 0 8000020e     8436 r 08         f0041020  c.mv     x8, x13
#2953 0 80000210 02f58663 r 00         00000000  beq      x11, x15, . + 0x2c
#2954 0 8000023c     8432 r 08         f0041028  c.mv     x8, x12
#2955 0 8000023e     405c r 0f         f0040028  c.lw     x15, 0x4(x8)
#2956 0 80000240     4014 r 0d         00000002  c.lw     x13, 0x0(x8)
#2957 0 80000242 004a2703 r 0e         00000039  lw       x14, 0x4(x20)
#2958 0 80000246     43cc r 0b         f0040020  c.lw     x11, 0x4(x15)
#2959 0 80000248     4390 r 0c         00000002  c.lw     x12, 0x0(x15)
#2960 0 8000024a     16fd r 0d         00000001  c.addi   x13, -0x1
#2961 0 8000024c     c04c m f004102c   f0040020  c.sw     x11, 0x4(x8)
#2962 0 8000024e 0049a583 r 0b         f0040000  lw       x11, 0x4(x19)
#2963 0 80000252     c014 m f0041028   00000001  c.sw     x13, 0x0(x8)
#2964 0 80000254 0009a683 r 0d         00000001  lw       x13, 0x0(x19)
#2965 0 80000258     c3cc m f004002c   f0040000  c.sw     x11, 0x4(x15)
#2966 0 8000025a 00f9a223 m f004101c   f0040028  sw       x15, 0x4(x19)
#2967 0 8000025e     c390 m f0040028   00000002  c.sw     x12, 0x0(x15)
#2968 0 80000260     40f2 r 01         8000022e  c.lwsp   x1, 0x1c
#2969 0 80000262     4462 r 08         f0041020  c.lwsp   x8, 0x18
#2970 0 80000264 00168793 r 0f         00000002  addi     x15, x13, 0x1
#2971 0 80000268 00f9a023 m f0041018   00000002  sw       x15, 0x0(x19)
#2972 0 8000026c 00170793 r 0f         0000003a  addi     x15, x14, 0x1
#2973 0 80000270 00fa2223 m f0041014   0000003a  sw       x15, 0x4(x20)
#2974 0 80000274     44d2 r 09         00000001  c.lwsp   x9, 0x14
#2975 0 80000276     4942 r 12         f0041028  c.lwsp   x18, 0x10
#2976 0 80000278     49b2 r 13         f0041018  c.lwsp   x19, 0xc
#2977 0 8000027a     4a22 r 14         f0041010  c.lwsp   x20, 0x8
#2978 0 8000027c     6105 r 02         f0040fb0  c.addi16sp 0x2
#2979 0 8000027e     8082 r 00         00000000  c.jr     x1
#2980 0 8000022e     4785 r 0f         00000001  c.li     x15, 0x1
#2981 0 80000230     874a r 0e         f0041028  c.mv     x14, x18
#2982 0 80000232 00f48663 r 00         00000000  beq      x9, x15, . + 0xc
#2983 0 8000023e     405c r 0f         f0040030  c.lw     x15, 0x4(x8)
#2984 0 80000240     4014 r 0d         00000004  c.lw     x13, 0x0(x8)
#2985 0 80000242 004a2703 r 0e         0000003a  lw       x14, 0x4(x20)
#2986 0 80000246     43cc r 0b         f0040018  c.lw     x11, 0x4(x15)
#2987 0 80000248     4390 r 0c         00000001  c.lw     x12, 0x0(x15)
#2988 0 8000024a     16fd r 0d         00000003  c.addi   x13, -0x1
#2989 0 8000024c     c04c m f0041024   f0040018  c.sw     x11, 0x4(x8)
#2990 0 8000024e 0049a583 r 0b         f0040028  lw       x11, 0x4(x19)
#2991 0 80000252     c014 m f0041020   00000003  c.sw     x13, 0x0(x8)
#2992 0 80000254 0009a683 r 0d         00000002  lw       x13, 0x0(x19)
#2993 0 80000258     c3cc m f0040034   f0040028  c.sw     x11, 0x4(x15)
#2994 0 8000025a 00f9a223 m f004101c   f0040030  sw       x15, 0x4(x19)
#2995 0 8000025e     c390 m f0040030   00000001  c.sw     x12, 0x0(x15)
#2996 0 80000260     40f2 r 01         80000222  c.lwsp   x1, 0x1c
#2997 0 80000262     4462 r 08         f0041018  c.lwsp   x8, 0x18
#2998 0 80000264 00168793 r 0f         00000003  addi     x15, x13, 0x1
#2999 0 80000268 00f9a023 m f0041018   00000003  sw       x15, 0x0(x19)
#3000 0 8000026c 00170793 r 0f         0000003b  addi     x15, x14, 0x1
#3001 0 80000270 00fa2223 m f0041014   0000003b  sw       x15, 0x4(x20)
#3002 0 80000274     44d2 r 09         00000002  c.lwsp   x9, 0x14
#3003 0 80000276     4942 r 12         f0041028  c.lwsp   x18, 0x10
#3004 0 80000278     49b2 r 13         f0041020  c.lwsp   x19, 0xc
#3005 0 8000027a     4a22 r 14         f0041010  c.lwsp   x20, 0x8
#3006 0 8000027c     6105 r 02         f0040fd0  c.addi16sp 0x2
#3007 0 8000027e     8082 r 00         00000000  c.jr     x1
#3008 0 80000222     874e r 0e         f0041020  c.mv     x14, x19
#3009 0 80000224     86a2 r 0d         f0041018  c.mv     x13, x8
#3010 0 80000226     864a r 0c         f0041028  c.mv     x12, x18
#3011 0 80000228     4585 r 0b         00000001  c.li     x11, 0x1
#3012 0 8000022a     8552 r 0a         f0041010  c.mv     x10, x20
#3013 0 8000022c     37e9 r 01         8000022e  c.jal    . - 0x36
#3014 0 800001f6     1101 r 02         f0040fb0  c.addi   x2, -0x20
#3015 0 800001f8     cc22 m f0040fc8   f0041018  c.swsp   x8, 0x18
#3016 0 800001fa     ca26 m f0040fc4   00000002  c.swsp   x9, 0x14
#3017 0 800001fc     c84a m f0040fc0   f0041028  c.swsp   x18, 0x10
#3018 0 800001fe     c64e m f0040fbc   f0041020  c.swsp   x19, 0xc
#3019 0 80000200     c452 m f0040fb8   f0041010  c.swsp   x20, 0x8
#3020 0 80000202     ce06 m f0040fcc   8000022e  c.swsp   x1, 0x1c
#3021 0 80000204     4785 r 0f         00000001  c.li     x15, 0x1
#3022 0 80000206     8a2a r 14         f0041010  c.mv     x20, x10
#3023 0 80000208     8932 r 12         f0041028  c.mv     x18, x12
#3024 0 8000020a     89ba r 13         f0041020  c.mv     x19, x14
#3025 0 8000020c     84ae r 09         00000001  c.mv     x9, x11
#3026 0 8000020e     8436 r 08         f0041018  c.mv     x8, x13
#3027 0 80000210 02f58663 r 00         00000000  beq      x11, x15, . + 0x2c
#3028 0 8000023c     8432 r 08         f0041028  c.mv     x8, x12
#3029 0 8000023e     405c r 0f         f0040020  c.lw     x15, 0x4(x8)
#3030 0 80000240     4014 r 0d         00000001  c.lw     x13, 0x0(x8)
#3031 0 80000242 004a2703 r 0e         0000003b  lw       x14, 0x4(x20)
#3032 0 80000246     43cc r 0b         00000000  c.lw     x11, 0x4(x15)
#3033 0 80000248     4390 r 0c         00000003  c.lw     x12, 0x0(x15)
#3034 0 8000024a     16fd r 0d         00000000  c.addi   x13, -0x1
#3035 0 8000024c     c04c m f004102c   00000000  c.sw     x11, 0x4(x8)
#3036 0 8000024e 0049a583 r 0b         f0040018  lw       x11, 0x4(x19)
#3037 0 80000252     c014 m f0041028   00000000  c.sw     x13, 0x0(x8)
#3038 0 80000254 0009a683 r 0d         00000003  lw       x13, 0x0(x19)
#3039 0 80000258     c3cc m f0040024   f0040018  c.sw     x11, 0x4(x15)
#3040 0 8000025a 00f9a223 m f0041024   f0040020  sw       x15, 0x4(x19)
#3041 0 8000025e     c390 m f0040020   00000003  c.sw     x12, 0x0(x15)
#3042 0 80000260     40f2 r 01         8000022e  c.lwsp   x1, 0x1c
#3043 0 80000262     4462 r 08         f0041018  c.lwsp   x8, 0x18
#3044 0 80000264 00168793 r 0f         00000004  addi     x15, x13, 0x1
#3045 0 80000268 00f9a023 m f0041020   00000004  sw       x15, 0x0(x19)
#3046 0 8000026c 00170793 r 0f         0000003c  addi     x15, x14, 0x1
#3047 0 80000270 00fa2223 m f0041014   0000003c  sw       x15, 0x4(x20)
#3048 0 80000274     44d2 r 09         00000002  c.lwsp   x9, 0x14
#3049 0 80000276     4942 r 12         f0041028  c.lwsp   x18, 0x10
#3050 0 80000278     49b2 r 13         f0041020  c.lwsp   x19, 0xc
#3051 0 8000027a     4a22 r 14         f0041010  c.lwsp   x20, 0x8
#3052 0 8000027c     6105 r 02         f0040fd0  c.addi16sp 0x2
#3053 0 8000027e     8082 r 00         00000000  c.jr     x1
#3054 0 8000022e     4785 r 0f         00000001  c.li     x15, 0x1
#3055 0 80000230     874a r 0e         f0041028  c.mv     x14, x18
#3056 0 80000232 00f48663 r 00         00000000  beq      x9, x15, . + 0xc
#3057 0 80000236     8922 r 12         f0041018  c.mv     x18, x8
#3058 0 80000238     843a r 08         f0041028  c.mv     x8, x14
#3059 0 8000023a     bfe9 r 00         00000000  c.j      . - 0x26
#3060 0 80000214     14fd r 09         00000001  c.addi   x9, -0x1
#3061 0 80000216     85a6 r 0b         00000001  c.mv     x11, x9
#3062 0 80000218     8552 r 0a         f0041010  c.mv     x10, x20
#3063 0 8000021a     8722 r 0e         f0041028  c.mv     x14, x8
#3064 0 8000021c     86ce r 0d         f0041020  c.mv     x13, x19
#3065 0 8000021e     864a r 0c         f0041018  c.mv     x12, x18
#3066 0 80000220     3fd9 r 01         80000222  c.jal    . - 0x2a
#3067 0 800001f6     1101 r 02         f0040fb0  c.addi   x2, -0x20
#3068 0 800001f8     cc22 m f0040fc8   f0041028  c.swsp   x8, 0x18
#3069 0 800001fa     ca26 m f0040fc4   00000001  c.swsp   x9, 0x14
#3070 0 800001fc     c84a m f0040fc0   f0041018  c.swsp   x18, 0x10
#3071 0 800001fe     c64e m f0040fbc   f0041020  c.swsp   x19, 0xc
#3072 0 80000200     c452 m f0040fb8   f0041010  c.swsp   x20, 0x8
#3073 0 80000202     ce06 m f0040fcc   80000222  c.swsp   x1, 0x1c
#3074 0 80000204     4785 r 0f         00000001  c.li     x15, 0x1
#3075 0 80000206     8a2a r 14         f0041010  c.mv     x20, x10
#3076 0 80000208     8932 r 12         f0041018  c.mv     x18, x12
#3077 0 8000020a     89ba r 13         f0041028  c.mv     x19, x14
#3078 0 8000020c     84ae r 09         00000001  c.mv     x9, x11
#3079 0 8000020e     8436 r 08         f0041020  c.mv     x8, x13
#3080 0 80000210 02f58663 r 00         00000000  beq      x11, x15, . + 0x2c
#3081 0 8000023c     8432 r 08         f0041018  c.mv     x8, x12
#3082 0 8000023e     405c r 0f         f0040030  c.lw     x15, 0x4(x8)
#3083 0 80000240     4014 r 0d         00000003  c.lw     x13, 0x0(x8)
#3084 0 80000242 004a2703 r 0e         0000003c  lw       x14, 0x4(x20)
#3085 0 80000246     43cc r 0b         f0040028  c.lw     x11, 0x4(x15)
#3086 0 80000248     4390 r 0c         00000001  c.lw     x12, 0x0(x15)
#3087 0 8000024a     16fd r 0d         00000002  c.addi   x13, -0x1
#3088 0 8000024c     c04c m f004101c   f0040028  c.sw     x11, 0x4(x8)
#3089 0 8000024e 0049a583 r 0b         00000000  lw       x11, 0x4(x19)
#3090 0 80000252     c014 m f0041018   00000002  c.sw     x13, 0x0(x8)
#3091 0 80000254 0009a683 r 0d         00000000  lw       x13, 0x0(x19)
#3092 0 80000258     c3cc m f0040034   00000000  c.sw     x11, 0x4(x15)
#3093 0 8000025a 00f9a223 m f004102c   f0040030  sw       x15, 0x4(x19)
#3094 0 8000025e     c390 m f0040030   00000001  c.sw     x12, 0x0(x15)
#3095 0 80000260     40f2 r 01         80000222  c.lwsp   x1, 0x1c
#3096 0 80000262     4462 r 08         f0041028  c.lwsp   x8, 0x18
#3097 0 80000264 00168793 r 0f         00000001  addi     x15, x13, 0x1
#3098 0 80000268 00f9a023 m f0041028   00000001  sw       x15, 0x0(x19)
#3099 0 8000026c 00170793 r 0f         0000003d  addi     x15, x14, 0x1
#3100 0 80000270 00fa2223 m f0041014   0000003d  sw       x15, 0x4(x20)
#3101 0 80000274     44d2 r 09         00000001  c.lwsp   x9, 0x14
#3102 0 80000276     4942 r 12         f0041018  c.lwsp   x18, 0x10
#3103 0 80000278     49b2 r 13         f0041020  c.lwsp   x19, 0xc
#3104 0 8000027a     4a22 r 14         f0041010  c.lwsp   x20, 0x8
#3105 0 8000027c     6105 r 02         f0040fd0  c.addi16sp 0x2
#3106 0 8000027e     8082 r 00         00000000  c.jr     x1
#3107 0 80000222     874e r 0e         f0041020  c.mv     x14, x19
#3108 0 80000224     86a2 r 0d         f0041028  c.mv     x13, x8
#3109 0 80000226     864a r 0c         f0041018  c.mv     x12, x18
#3110 0 80000228     4585 r 0b         00000001  c.li     x11, 0x1
#3111 0 8000022a     8552 r 0a         f0041010  c.mv     x10, x20
#3112 0 8000022c     37e9 r 01         8000022e  c.jal    . - 0x36
#3113 0 800001f6     1101 r 02         f0040fb0  c.addi   x2, -0x20
#3114 0 800001f8     cc22 m f0040fc8   f0041028  c.swsp   x8, 0x18
#3115 0 800001fa     ca26 m f0040fc4   00000001  c.swsp   x9, 0x14
#3116 0 800001fc     c84a m f0040fc0   f0041018  c.swsp   x18, 0x10
#3117 0 800001fe     c64e m f0040fbc   f0041020  c.swsp   x19, 0xc
#3118 0 80000200     c452 m f0040fb8   f0041010  c.swsp   x20, 0x8
#3119 0 80000202     ce06 m f0040fcc   8000022e  c.swsp   x1, 0x1c
#3120 0 80000204     4785 r 0f         00000001  c.li     x15, 0x1
#3121 0 80000206     8a2a r 14         f0041010  c.mv     x20, x10
#3122 0 80000208     8932 r 12         f0041018  c.mv     x18, x12
#3123 0 8000020a     89ba r 13         f0041020  c.mv     x19, x14
#3124 0 8000020c     84ae r 09         00000001  c.mv     x9, x11
#3125 0 8000020e     8436 r 08         f0041028  c.mv     x8, x13
#3126 0 80000210 02f58663 r 00         00000000  beq      x11, x15, . + 0x2c
#3127 0 8000023c     8432 r 08         f0041018  c.mv     x8, x12
#3128 0 8000023e     405c r 0f         f0040028  c.lw     x15, 0x4(x8)
#3129 0 80000240     4014 r 0d         00000002  c.lw     x13, 0x0(x8)
#3130 0 80000242 004a2703 r 0e         0000003d  lw       x14, 0x4(x20)
#3131 0 80000246     43cc r 0b         f0040000  c.lw     x11, 0x4(x15)
#3132 0 80000248     4390 r 0c         00000002  c.lw     x12, 0x0(x15)
#3133 0 8000024a     16fd r 0d         00000001  c.addi   x13, -0x1
#3134 0 8000024c     c04c m f004101c   f0040000  c.sw     x11, 0x4(x8)
#3135 0 8000024e 0049a583 r 0b         f0040020  lw       x11, 0x4(x19)
#3136 0 80000252     c014 m f0041018   00000001  c.sw     x13, 0x0(x8)
#3137 0 80000254 0009a683 r 0d         00000004  lw       x13, 0x0(x19)
#3138 0 80000258     c3cc m f004002c   f0040020  c.sw     x11, 0x4(x15)
#3139 0 8000025a 00f9a223 m f0041024   f0040028  sw       x15, 0x4(x19)
#3140 0 8000025e     c390 m f0040028   00000002  c.sw     x12, 0x0(x15)
#3141 0 80000260     40f2 r 01         8000022e  c.lwsp   x1, 0x1c
#3142 0 80000262     4462 r 08         f0041028  c.lwsp   x8, 0x18
#3143 0 80000264 00168793 r 0f         00000005  addi     x15, x13, 0x1
#3144 0 80000268 00f9a023 m f0041020   00000005  sw       x15, 0x0(x19)
#3145 0 8000026c 00170793 r 0f         0000003e  addi     x15, x14, 0x1
#3146 0 80000270 00fa2223 m f0041014   0000003e  sw       x15, 0x4(x20)
#3147 0 80000274     44d2 r 09         00000001  c.lwsp   x9, 0x14
#3148 0 80000276     4942 r 12         f0041018  c.lwsp   x18, 0x10
#3149 0 80000278     49b2 r 13         f0041020  c.lwsp   x19, 0xc
#3150 0 8000027a     4a22 r 14         f0041010  c.lwsp   x20, 0x8
#3151 0 8000027c     6105 r 02         f0040fd0  c.addi16sp 0x2
#3152 0 8000027e     8082 r 00         00000000  c.jr     x1
#3153 0 8000022e     4785 r 0f         00000001  c.li     x15, 0x1
#3154 0 80000230     874a r 0e         f0041018  c.mv     x14, x18
#3155 0 80000232 00f48663 r 00         00000000  beq      x9, x15, . + 0xc
#3156 0 8000023e     405c r 0f         f0040030  c.lw     x15, 0x4(x8)
#3157 0 80000240     4014 r 0d         00000001  c.lw     x13, 0x0(x8)
#3158 0 80000242 004a2703 r 0e         0000003e  lw       x14, 0x4(x20)
#3159 0 80000246     43cc r 0b         00000000  c.lw     x11, 0x4(x15)
#3160 0 80000248     4390 r 0c         00000001  c.lw     x12, 0x0(x15)
#3161 0 8000024a     16fd r 0d         00000000  c.addi   x13, -0x1
#3162 0 8000024c     c04c m f004102c   00000000  c.sw     x11, 0x4(x8)
#3163 0 8000024e 0049a583 r 0b         f0040028  lw       x11, 0x4(x19)
#3164 0 80000252     c014 m f0041028   00000000  c.sw     x13, 0x0(x8)
#3165 0 80000254 0009a683 r 0d         00000005  lw       x13, 0x0(x19)
#3166 0 80000258     c3cc m f0040034   f0040028  c.sw     x11, 0x4(x15)
#3167 0 8000025a 00f9a223 m f0041024   f0040030  sw       x15, 0x4(x19)
#3168 0 8000025e     c390 m f0040030   00000001  c.sw     x12, 0x0(x15)
#3169 0 80000260     40f2 r 01         80000222  c.lwsp   x1, 0x1c
#3170 0 80000262     4462 r 08         f0041020  c.lwsp   x8, 0x18
#3171 0 80000264 00168793 r 0f         00000006  addi     x15, x13, 0x1
#3172 0 80000268 00f9a023 m f0041020   00000006  sw       x15, 0x0(x19)
#3173 0 8000026c 00170793 r 0f         0000003f  addi     x15, x14, 0x1
#3174 0 80000270 00fa2223 m f0041014   0000003f  sw       x15, 0x4(x20)
#3175 0 80000274     44d2 r 09         00000006  c.lwsp   x9, 0x14
#3176 0 80000276     4942 r 12         f0041018  c.lwsp   x18, 0x10
#3177 0 80000278     49b2 r 13         f0041028  c.lwsp   x19, 0xc
#3178 0 8000027a     4a22 r 14         f0041010  c.lwsp   x20, 0x8
#3179 0 8000027c     6105 r 02         f0040ff0  c.addi16sp 0x2
#3180 0 8000027e     8082 r 00         00000000  c.jr     x1
#3181 0 80000222     874e r 0e         f0041028  c.mv     x14, x19
#3182 0 80000224     86a2 r 0d         f0041020  c.mv     x13, x8
#3183 0 80000226     864a r 0c         f0041018  c.mv     x12, x18
#3184 0 80000228     4585 r 0b         00000001  c.li     x11, 0x1
#3185 0 8000022a     8552 r 0a         f0041010  c.mv     x10, x20
#3186 0 8000022c     37e9 r 01         8000022e  c.jal    . - 0x36
#3187 0 800001f6     1101 r 02         f0040fd0  c.addi   x2, -0x20
#3188 0 800001f8     cc22 m f0040fe8   f0041020  c.swsp   x8, 0x18
#3189 0 800001fa     ca26 m f0040fe4   00000006  c.swsp   x9, 0x14
#3190 0 800001fc     c84a m f0040fe0   f0041018  c.swsp   x18, 0x10
#3191 0 800001fe     c64e m f0040fdc   f0041028  c.swsp   x19, 0xc
#3192 0 80000200     c452 m f0040fd8   f0041010  c.swsp   x20, 0x8
#3193 0 80000202     ce06 m f0040fec   8000022e  c.swsp   x1, 0x1c
#3194 0 80000204     4785 r 0f         00000001  c.li     x15, 0x1
#3195 0 80000206     8a2a r 14         f0041010  c.mv     x20, x10
#3196 0 80000208     8932 r 12         f0041018  c.mv     x18, x12
#3197 0 8000020a     89ba r 13         f0041028  c.mv     x19, x14
#3198 0 8000020c     84ae r 09         00000001  c.mv     x9, x11
#3199 0 8000020e     8436 r 08         f0041020  c.mv     x8, x13
#3200 0 80000210 02f58663 r 00         00000000  beq      x11, x15, . + 0x2c
#3201 0 8000023c     8432 r 08         f0041018  c.mv     x8, x12
#3202 0 8000023e     405c r 0f         f0040000  c.lw     x15, 0x4(x8)
#3203 0 80000240     4014 r 0d         00000001  c.lw     x13, 0x0(x8)
#3204 0 80000242 004a2703 r 0e         0000003f  lw       x14, 0x4(x20)
#3205 0 80000246     43cc r 0b         00000000  c.lw     x11, 0x4(x15)
#3206 0 80000248     4390 r 0c         00000007  c.lw     x12, 0x0(x15)
#3207 0 8000024a     16fd r 0d         00000000  c.addi   x13, -0x1
#3208 0 8000024c     c04c m f004101c   00000000  c.sw     x11, 0x4(x8)
#3209 0 8000024e 0049a583 r 0b         00000000  lw       x11, 0x4(x19)
#3210 0 80000252     c014 m f0041018   00000000  c.sw     x13, 0x0(x8)
#3211 0 80000254 0009a683 r 0d         00000000  lw       x13, 0x0(x19)
#3212 0 80000258     c3cc m f0040004   00000000  c.sw     x11, 0x4(x15)
#3213 0 8000025a 00f9a223 m f004102c   f0040000  sw       x15, 0x4(x19)
#3214 0 8000025e     c390 m f0040000   00000007  c.sw     x12, 0x0(x15)
#3215 0 80000260     40f2 r 01         8000022e  c.lwsp   x1, 0x1c
#3216 0 80000262     4462 r 08         f0041020  c.lwsp   x8, 0x18
#3217 0 80000264 00168793 r 0f         00000001  addi     x15, x13, 0x1
#3218 0 80000268 00f9a023 m f0041028   00000001  sw       x15, 0x0(x19)
#3219 0 8000026c 00170793 r 0f         00000040  addi     x15, x14, 0x1
#3220 0 80000270 00fa2223 m f0041014   00000040  sw       x15, 0x4(x20)
#3221 0 80000274     44d2 r 09         00000006  c.lwsp   x9, 0x14
#3222 0 80000276     4942 r 12         f0041018  c.lwsp   x18, 0x10
#3223 0 80000278     49b2 r 13         f0041028  c.lwsp   x19, 0xc
#3224 0 8000027a     4a22 r 14         f0041010  c.lwsp   x20, 0x8
#3225 0 8000027c     6105 r 02         f0040ff0  c.addi16sp 0x2
#3226 0 8000027e     8082 r 00         00000000  c.jr     x1
#3227 0 8000022e     4785 r 0f         00000001  c.li     x15, 0x1
#3228 0 80000230     874a r 0e         f0041018  c.mv     x14, x18
#3229 0 80000232 00f48663 r 00         00000000  beq      x9, x15, . + 0xc
#3230 0 80000236     8922 r 12         f0041020  c.mv     x18, x8
#3231 0 80000238     843a r 08         f0041018  c.mv     x8, x14
#3232 0 8000023a     bfe9 r 00         00000000  c.j      . - 0x26
#3233 0 80000214     14fd r 09         00000005  c.addi   x9, -0x1
#3234 0 80000216     85a6 r 0b         00000005  c.mv     x11, x9
#3235 0 80000218     8552 r 0a         f0041010  c.mv     x10, x20
#3236 0 8000021a     8722 r 0e         f0041018  c.mv     x14, x8
#3237 0 8000021c     86ce r 0d         f0041028  c.mv     x13, x19
#3238 0 8000021e     864a r 0c         f0041020  c.mv     x12, x18
#3239 0 80000220     3fd9 r 01         80000222  c.jal    . - 0x2a
#3240 0 800001f6     1101 r 02         f0040fd0  c.addi   x2, -0x20
#3241 0 800001f8     cc22 m f0040fe8   f0041018  c.swsp   x8, 0x18
#3242 0 800001fa     ca26 m f0040fe4   00000005  c.swsp   x9, 0x14
#3243 0 800001fc     c84a m f0040fe0   f0041020  c.swsp   x18, 0x10
#3244 0 800001fe     c64e m f0040fdc   f0041028  c.swsp   x19, 0xc
#3245 0 80000200     c452 m f0040fd8   f0041010  c.swsp   x20, 0x8
#3246 0 80000202     ce06 m f0040fec   80000222  c.swsp   x1, 0x1c
#3247 0 80000204     4785 r 0f         00000001  c.li     x15, 0x1
#3248 0 80000206     8a2a r 14         f0041010  c.mv     x20, x10
#3249 0 80000208     8932 r 12         f0041020  c.mv     x18, x12
#3250 0 8000020a     89ba r 13         f0041018  c.mv     x19, x14
#3251 0 8000020c     84ae r 09         00000005  c.mv     x9, x11
#3252 0 8000020e     8436 r 08         f0041028  c.mv     x8, x13
#3253 0 80000210 02f58663 r 00         00000000  beq      x11, x15, . + 0x2c
#3254 0 80000214     14fd r 09         00000004  c.addi   x9, -0x1
#3255 0 80000216     85a6 r 0b         00000004  c.mv     x11, x9
#3256 0 80000218     8552 r 0a         f0041010  c.mv     x10, x20
#3257 0 8000021a     8722 r 0e         f0041028  c.mv     x14, x8
#3258 0 8000021c     86ce r 0d         f0041018  c.mv     x13, x19
#3259 0 8000021e     864a r 0c         f0041020  c.mv     x12, x18
#3260 0 80000220     3fd9 r 01         80000222  c.jal    . - 0x2a
#3261 0 800001f6     1101 r 02         f0040fb0  c.addi   x2, -0x20
#3262 0 800001f8     cc22 m f0040fc8   f0041028  c.swsp   x8, 0x18
#3263 0 800001fa     ca26 m f0040fc4   00000004  c.swsp   x9, 0x14
#3264 0 800001fc     c84a m f0040fc0   f0041020  c.swsp   x18, 0x10
#3265 0 800001fe     c64e m f0040fbc   f0041018  c.swsp   x19, 0xc
#3266 0 80000200     c452 m f0040fb8   f0041010  c.swsp   x20, 0x8
#3267 0 80000202     ce06 m f0040fcc   80000222  c.swsp   x1, 0x1c
#3268 0 80000204     4785 r 0f         00000001  c.li     x15, 0x1
#3269 0 80000206     8a2a r 14         f0041010  c.mv     x20, x10
#3270 0 80000208     8932 r 12         f0041020  c.mv     x18, x12
#3271 0 8000020a     89ba r 13         f0041028  c.mv     x19, x14
#3272 0 8000020c     84ae r 09         00000004  c.mv     x9, x11
#3273 0 8000020e     8436 r 08         f0041018  c.mv     x8, x13
#3274 0 80000210 02f58663 r 00         00000000  beq      x11, x15, . + 0x2c
#3275 0 80000214     14fd r 09         00000003  c.addi   x9, -0x1
#3276 0 80000216     85a6 r 0b         00000003  c.mv     x11, x9
#3277 0 80000218     8552 r 0a         f0041010  c.mv     x10, x20
#3278 0 8000021a     8722 r 0e         f0041018  c.mv     x14, x8
#3279 0 8000021c     86ce r 0d         f0041028  c.mv     x13, x19
#3280 0 8000021e     864a r 0c         f0041020  c.mv     x12, x18
#3281 0 80000220     3fd9 r 01         80000222  c.jal    . - 0x2a
#3282 0 800001f6     1101 r 02         f0040f90  c.addi   x2, -0x20
#3283 0 800001f8     cc22 m f0040fa8   f0041018  c.swsp   x8, 0x18
#3284 0 800001fa     ca26 m f0040fa4   00000003  c.swsp   x9, 0x14
#3285 0 800001fc     c84a m f0040fa0   f0041020  c.swsp   x18, 0x10
#3286 0 800001fe     c64e m f0040f9c   f0041028  c.swsp   x19, 0xc
#3287 0 80000200     c452 m f0040f98   f0041010  c.swsp   x20, 0x8
#3288 0 80000202     ce06 m f0040fac   80000222  c.swsp   x1, 0x1c
#3289 0 80000204     4785 r 0f         00000001  c.li     x15, 0x1
#3290 0 80000206     8a2a r 14         f0041010  c.mv     x20, x10
#3291 0 80000208     8932 r 12         f0041020  c.mv     x18, x12
#3292 0 8000020a     89ba r 13         f0041018  c.mv     x19, x14
#3293 0 8000020c     84ae r 09         00000003  c.mv     x9, x11
#3294 0 8000020e     8436 r 08         f0041028  c.mv     x8, x13
#3295 0 80000210 02f58663 r 00         00000000  beq      x11, x15, . + 0x2c
#3296 0 80000214     14fd r 09         00000002  c.addi   x9, -0x1
#3297 0 80000216     85a6 r 0b         00000002  c.mv     x11, x9
#3298 0 80000218     8552 r 0a         f0041010  c.mv     x10, x20
#3299 0 8000021a     8722 r 0e         f0041028  c.mv     x14, x8
#3300 0 8000021c     86ce r 0d         f0041018  c.mv     x13, x19
#3301 0 8000021e     864a r 0c         f0041020  c.mv     x12, x18
#3302 0 80000220     3fd9 r 01         80000222  c.jal    . - 0x2a
#3303 0 800001f6     1101 r 02         f0040f70  c.addi   x2, -0x20
#3304 0 800001f8     cc22 m f0040f88   f0041028  c.swsp   x8, 0x18
#3305 0 800001fa     ca26 m f0040f84   00000002  c.swsp   x9, 0x14
#3306 0 800001fc     c84a m f0040f80   f0041020  c.swsp   x18, 0x10
#3307 0 800001fe     c64e m f0040f7c   f0041018  c.swsp   x19, 0xc
#3308 0 80000200     c452 m f0040f78   f0041010  c.swsp   x20, 0x8
#3309 0 80000202     ce06 m f0040f8c   80000222  c.swsp   x1, 0x1c
#3310 0 80000204     4785 r 0f         00000001  c.li     x15, 0x1
#3311 0 80000206     8a2a r 14         f0041010  c.mv     x20, x10
#3312 0 80000208     8932 r 12         f0041020  c.mv     x18, x12
#3313 0 8000020a     89ba r 13         f0041028  c.mv     x19, x14
#3314 0 8000020c     84ae r 09         00000002  c.mv     x9, x11
#3315 0 8000020e     8436 r 08         f0041018  c.mv     x8, x13
#3316 0 80000210 02f58663 r 00         00000000  beq      x11, x15, . + 0x2c
#3317 0 80000214     14fd r 09         00000001  c.addi   x9, -0x1
#3318 0 80000216     85a6 r 0b         00000001  c.mv     x11, x9
#3319 0 80000218     8552 r 0a         f0041010  c.mv     x10, x20
#3320 0 8000021a     8722 r 0e         f0041018  c.mv     x14, x8
#3321 0 8000021c     86ce r 0d         f0041028  c.mv     x13, x19
#3322 0 8000021e     864a r 0c         f0041020  c.mv     x12, x18
#3323 0 80000220     3fd9 r 01         80000222  c.jal    . - 0x2a
#3324 0 800001f6     1101 r 02         f0040f50  c.addi   x2, -0x20
#3325 0 800001f8     cc22 m f0040f68   f0041018  c.swsp   x8, 0x18
#3326 0 800001fa     ca26 m f0040f64   00000001  c.swsp   x9, 0x14
#3327 0 800001fc     c84a m f0040f60   f0041020  c.swsp   x18, 0x10
#3328 0 800001fe     c64e m f0040f5c   f0041028  c.swsp   x19, 0xc
#3329 0 80000200     c452 m f0040f58   f0041010  c.swsp   x20, 0x8
#3330 0 80000202     ce06 m f0040f6c   80000222  c.swsp   x1, 0x1c
#3331 0 80000204     4785 r 0f         00000001  c.li     x15, 0x1
#3332 0 80000206     8a2a r 14         f0041010  c.mv     x20, x10
#3333 0 80000208     8932 r 12         f0041020  c.mv     x18, x12
#3334 0 8000020a     89ba r 13         f0041018  c.mv     x19, x14
#3335 0 8000020c     84ae r 09         00000001  c.mv     x9, x11
#3336 0 8000020e     8436 r 08         f0041028  c.mv     x8, x13
#3337 0 80000210 02f58663 r 00         00000000  beq      x11, x15, . + 0x2c
#3338 0 8000023c     8432 r 08         f0041020  c.mv     x8, x12
#3339 0 8000023e     405c r 0f         f0040030  c.lw     x15, 0x4(x8)
#3340 0 80000240     4014 r 0d         00000006  c.lw     x13, 0x0(x8)
#3341 0 80000242 004a2703 r 0e         00000040  lw       x14, 0x4(x20)
#3342 0 80000246     43cc r 0b         f0040028  c.lw     x11, 0x4(x15)
#3343 0 80000248     4390 r 0c         00000001  c.lw     x12, 0x0(x15)
#3344 0 8000024a     16fd r 0d         00000005  c.addi   x13, -0x1
#3345 0 8000024c     c04c m f0041024   f0040028  c.sw     x11, 0x4(x8)
#3346 0 8000024e 0049a583 r 0b         00000000  lw       x11, 0x4(x19)
#3347 0 80000252     c014 m f0041020   00000005  c.sw     x13, 0x0(x8)
#3348 0 80000254 0009a683 r 0d         00000000  lw       x13, 0x0(x19)
#3349 0 80000258     c3cc m f0040034   00000000  c.sw     x11, 0x4(x15)
#3350 0 8000025a 00f9a223 m f004101c   f0040030  sw       x15, 0x4(x19)
#3351 0 8000025e     c390 m f0040030   00000001  c.sw     x12, 0x0(x15)
#3352 0 80000260     40f2 r 01         80000222  c.lwsp   x1, 0x1c
#3353 0 80000262     4462 r 08         f0041018  c.lwsp   x8, 0x18
#3354 0 80000264 00168793 r 0f         00000001  addi     x15, x13, 0x1
#3355 0 80000268 00f9a023 m f0041018   00000001  sw       x15, 0x0(x19)
#3356 0 8000026c 00170793 r 0f         00000041  addi     x15, x14, 0x1
#3357 0 80000270 00fa2223 m f0041014   00000041  sw       x15, 0x4(x20)
#3358 0 80000274     44d2 r 09         00000001  c.lwsp   x9, 0x14
#3359 0 80000276     4942 r 12         f0041020  c.lwsp   x18, 0x10
#3360 0 80000278     49b2 r 13         f0041028  c.lwsp   x19, 0xc
#3361 0 8000027a     4a22 r 14         f0041010  c.lwsp   x20, 0x8
#3362 0 8000027c     6105 r 02         f0040f70  c.addi16sp 0x2
#3363 0 8000027e     8082 r 00         00000000  c.jr     x1
#3364 0 80000222     874e r 0e         f0041028  c.mv     x14, x19
#3365 0 80000224     86a2 r 0d         f0041018  c.mv     x13, x8
#3366 0 80000226     864a r 0c         f0041020  c.mv     x12, x18
#3367 0 80000228     4585 r 0b         00000001  c.li     x11, 0x1
#3368 0 8000022a     8552 r 0a         f0041010  c.mv     x10, x20
#3369 0 8000022c     37e9 r 01         8000022e  c.jal    . - 0x36
#3370 0 800001f6     1101 r 02         f0040f50  c.addi   x2, -0x20
#3371 0 800001f8     cc22 m f0040f68   f0041018  c.swsp   x8, 0x18
#3372 0 800001fa     ca26 m f0040f64   00000001  c.swsp   x9, 0x14
#3373 0 800001fc     c84a m f0040f60   f0041020  c.swsp   x18, 0x10
#3374 0 800001fe     c64e m f0040f5c   f0041028  c.swsp   x19, 0xc
#3375 0 80000200     c452 m f0040f58   f0041010  c.swsp   x20, 0x8
#3376 0 80000202     ce06 m f0040f6c   8000022e  c.swsp   x1, 0x1c
#3377 0 80000204     4785 r 0f         00000001  c.li     x15, 0x1
#3378 0 80000206     8a2a r 14         f0041010  c.mv     x20, x10
#3379 0 80000208     8932 r 12         f0041020  c.mv     x18, x12
#3380 0 8000020a     89ba r 13         f0041028  c.mv     x19, x14
#3381 0 8000020c     84ae r 09         00000001  c.mv     x9, x11
#3382 0 8000020e     8436 r 08         f0041018  c.mv     x8, x13
#3383 0 80000210 02f58663 r 00         00000000  beq      x11, x15, . + 0x2c
#3384 0 8000023c     8432 r 08         f0041020  c.mv     x8, x12
#3385 0 8000023e     405c r 0f         f0040028  c.lw     x15, 0x4(x8)
#3386 0 80000240     4014 r 0d         00000005  c.lw     x13, 0x0(x8)
#3387 0 80000242 004a2703 r 0e         00000041  lw       x14, 0x4(x20)
#3388 0 80000246     43cc r 0b         f0040020  c.lw     x11, 0x4(x15)
#3389 0 80000248     4390 r 0c         00000002  c.lw     x12, 0x0(x15)
#3390 0 8000024a     16fd r 0d         00000004  c.addi   x13, -0x1
#3391 0 8000024c     c04c m f0041024   f0040020  c.sw     x11, 0x4(x8)
#3392 0 8000024e 0049a583 r 0b         f0040000  lw       x11, 0x4(x19)
#3393 0 80000252     c014 m f0041020   00000004  c.sw     x13, 0x0(x8)
#3394 0 80000254 0009a683 r 0d         00000001  lw       x13, 0x0(x19)
#3395 0 80000258     c3cc m f004002c   f0040000  c.sw     x11, 0x4(x15)
#3396 0 8000025a 00f9a223 m f004102c   f0040028  sw       x15, 0x4(x19)
#3397 0 8000025e     c390 m f0040028   00000002  c.sw     x12, 0x0(x15)
#3398 0 80000260     40f2 r 01         8000022e  c.lwsp   x1, 0x1c
#3399 0 80000262     4462 r 08         f0041018  c.lwsp   x8, 0x18
#3400 0 80000264 00168793 r 0f         00000002  addi     x15, x13, 0x1
#3401 0 80000268 00f9a023 m f0041028   00000002  sw       x15, 0x0(x19)
#3402 0 8000026c 00170793 r 0f         00000042  addi     x15, x14, 0x1
#3403 0 80000270 00fa2223 m f0041014   00000042  sw       x15, 0x4(x20)
#3404 0 80000274     44d2 r 09         00000001  c.lwsp   x9, 0x14
#3405 0 80000276     4942 r 12         f0041020  c.lwsp   x18, 0x10
#3406 0 80000278     49b2 r 13         f0041028  c.lwsp   x19, 0xc
#3407 0 8000027a     4a22 r 14         f0041010  c.lwsp   x20, 0x8
#3408 0 8000027c     6105 r 02         f0040f70  c.addi16sp 0x2
#3409 0 8000027e     8082 r 00         00000000  c.jr     x1
#3410 0 8000022e     4785 r 0f         00000001  c.li     x15, 0x1
#3411 0 80000230     874a r 0e         f0041020  c.mv     x14, x18
#3412 0 80000232 00f48663 r 00         00000000  beq      x9, x15, . + 0xc
#3413 0 8000023e     405c r 0f         f0040030  c.lw     x15, 0x4(x8)
#3414 0 80000240     4014 r 0d         00000001  c.lw     x13, 0x0(x8)
#3415 0 80000242 004a2703 r 0e         00000042  lw       x14, 0x4(x20)
#3416 0 80000246     43cc r 0b         00000000  c.lw     x11, 0x4(x15)
#3417 0 80000248     4390 r 0c         00000001  c.lw     x12, 0x0(x15)
#3418 0 8000024a     16fd r 0d         00000000  c.addi   x13, -0x1
#3419 0 8000024c     c04c m f004101c   00000000  c.sw     x11, 0x4(x8)
#3420 0 8000024e 0049a583 r 0b         f0040028  lw       x11, 0x4(x19)
#3421 0 80000252     c014 m f0041018   00000000  c.sw     x13, 0x0(x8)
#3422 0 80000254 0009a683 r 0d         00000002  lw       x13, 0x0(x19)
#3423 0 80000258     c3cc m f0040034   f0040028  c.sw     x11, 0x4(x15)
#3424 0 8000025a 00f9a223 m f004102c   f0040030  sw       x15, 0x4(x19)
#3425 0 8000025e     c390 m f0040030   00000001  c.sw     x12, 0x0(x15)
#3426 0 80000260     40f2 r 01         80000222  c.lwsp   x1, 0x1c
#3427 0 80000262     4462 r 08         f0041028  c.lwsp   x8, 0x18
#3428 0 80000264 00168793 r 0f         00000003  addi     x15, x13, 0x1
#3429 0 80000268 00f9a023 m f0041028   00000003  sw       x15, 0x0(x19)
#3430 0 8000026c 00170793 r 0f         00000043  addi     x15, x14, 0x1
#3431 0 80000270 00fa2223 m f0041014   00000043  sw       x15, 0x4(x20)
#3432 0 80000274     44d2 r 09         00000002  c.lwsp   x9, 0x14
#3433 0 80000276     4942 r 12         f0041020  c.lwsp   x18, 0x10
#3434 0 80000278     49b2 r 13         f0041018  c.lwsp   x19, 0xc
#3435 0 8000027a     4a22 r 14         f0041010  c.lwsp   x20, 0x8
#3436 0 8000027c     6105 r 02         f0040f90  c.addi16sp 0x2
#3437 0 8000027e     8082 r 00         00000000  c.jr     x1
#3438 0 80000222     874e r 0e         f0041018  c.mv     x14, x19
#3439 0 80000224     86a2 r 0d         f0041028  c.mv     x13, x8
#3440 0 80000226     864a r 0c         f0041020  c.mv     x12, x18
#3441 0 80000228     4585 r 0b         00000001  c.li     x11, 0x1
#3442 0 8000022a     8552 r 0a         f0041010  c.mv     x10, x20
#3443 0 8000022c     37e9 r 01         8000022e  c.jal    . - 0x36
#3444 0 800001f6     1101 r 02         f0040f70  c.addi   x2, -0x20
#3445 0 800001f8     cc22 m f0040f88   f0041028  c.swsp   x8, 0x18
#3446 0 800001fa     ca26 m f0040f84   00000002  c.swsp   x9, 0x14
#3447 0 800001fc     c84a m f0040f80   f0041020  c.swsp   x18, 0x10
#3448 0 800001fe     c64e m f0040f7c   f0041018  c.swsp   x19, 0xc
#3449 0 80000200     c452 m f0040f78   f0041010  c.swsp   x20, 0x8
#3450 0 80000202     ce06 m f0040f8c   8000022e  c.swsp   x1, 0x1c
#3451 0 80000204     4785 r 0f         00000001  c.li     x15, 0x1
#3452 0 80000206     8a2a r 14         f0041010  c.mv     x20, x10
#3453 0 80000208     8932 r 12         f0041020  c.mv     x18, x12
#3454 0 8000020a     89ba r 13         f0041018  c.mv     x19, x14
#3455 0 8000020c     84ae r 09         00000001  c.mv     x9, x11
#3456 0 8000020e     8436 r 08         f0041028  c.mv     x8, x13
#3457 0 80000210 02f58663 r 00         00000000  beq      x11, x15, . + 0x2c
#3458 0 8000023c     8432 r 08         f0041020  c.mv     x8, x12
#3459 0 8000023e     405c r 0f         f0040020  c.lw     x15, 0x4(x8)
#3460 0 80000240     4014 r 0d         00000004  c.lw     x13, 0x0(x8)
#3461 0 80000242 004a2703 r 0e         00000043  lw       x14, 0x4(x20)
#3462 0 80000246     43cc r 0b         f0040018  c.lw     x11, 0x4(x15)
#3463 0 80000248     4390 r 0c         00000003  c.lw     x12, 0x0(x15)
#3464 0 8000024a     16fd r 0d         00000003  c.addi   x13, -0x1
#3465 0 8000024c     c04c m f0041024   f0040018  c.sw     x11, 0x4(x8)
#3466 0 8000024e 0049a583 r 0b         00000000  lw       x11, 0x4(x19)
#3467 0 80000252     c014 m f0041020   00000003  c.sw     x13, 0x0(x8)
#3468 0 80000254 0009a683 r 0d         00000000  lw       x13, 0x0(x19)
#3469 0 80000258     c3cc m f0040024   00000000  c.sw     x11, 0x4(x15)
#3470 0 8000025a 00f9a223 m f004101c   f0040020  sw       x15, 0x4(x19)
#3471 0 8000025e     c390 m f0040020   00000003  c.sw     x12, 0x0(x15)
#3472 0 80000260     40f2 r 01         8000022e  c.lwsp   x1, 0x1c
#3473 0 80000262     4462 r 08         f0041028  c.lwsp   x8, 0x18
#3474 0 80000264 00168793 r 0f         00000001  addi     x15, x13, 0x1
#3475 0 80000268 00f9a023 m f0041018   00000001  sw       x15, 0x0(x19)
#3476 0 8000026c 00170793 r 0f         00000044  addi     x15, x14, 0x1
#3477 0 80000270 00fa2223 m f0041014   00000044  sw       x15, 0x4(x20)
#3478 0 80000274     44d2 r 09         00000002  c.lwsp   x9, 0x14
#3479 0 80000276     4942 r 12         f0041020  c.lwsp   x18, 0x10
#3480 0 80000278     49b2 r 13         f0041018  c.lwsp   x19, 0xc
#3481 0 8000027a     4a22 r 14         f0041010  c.lwsp   x20, 0x8
#3482 0 8000027c     6105 r 02         f0040f90  c.addi16sp 0x2
#3483 0 8000027e     8082 r 00         00000000  c.jr     x1
#3484 0 8000022e     4785 r 0f         00000001  c.li     x15, 0x1
#3485 0 80000230     874a r 0e         f0041020  c.mv     x14, x18
#3486 0 80000232 00f48663 r 00         00000000  beq      x9, x15, . + 0xc
#3487 0 80000236     8922 r 12         f0041028  c.mv     x18, x8
#3488 0 80000238     843a r 08         f0041020  c.mv     x8, x14
#3489 0 8000023a     bfe9 r 00         00000000  c.j      . - 0x26
#3490 0 80000214     14fd r 09         00000001  c.addi   x9, -0x1
#3491 0 80000216     85a6 r 0b         00000001  c.mv     x11, x9
#3492 0 80000218     8552 r 0a         f0041010  c.mv     x10, x20
#3493 0 8000021a     8722 r 0e         f0041020  c.mv     x14, x8
#3494 0 8000021c     86ce r 0d         f0041018  c.mv     x13, x19
#3495 0 8000021e     864a r 0c         f0041028  c.mv     x12, x18
#3496 0 80000220     3fd9 r 01         80000222  c.jal    . - 0x2a
#3497 0 800001f6     1101 r 02         f0040f70  c.addi   x2, -0x20
#3498 0 800001f8     cc22 m f0040f88   f0041020  c.swsp   x8, 0x18
#3499 0 800001fa     ca26 m f0040f84   00000001  c.swsp   x9, 0x14
#3500 0 800001fc     c84a m f0040f80   f0041028  c.swsp   x18, 0x10
#3501 0 800001fe     c64e m f0040f7c   f0041018  c.swsp   x19, 0xc
#3502 0 80000200     c452 m f0040f78   f0041010  c.swsp   x20, 0x8
#3503 0 80000202     ce06 m f0040f8c   80000222  c.swsp   x1, 0x1c
#3504 0 80000204     4785 r 0f         00000001  c.li     x15, 0x1
#3505 0 80000206     8a2a r 14         f0041010  c.mv     x20, x10
#3506 0 80000208     8932 r 12         f0041028  c.mv     x18, x12
#3507 0 8000020a     89ba r 13         f0041020  c.mv     x19, x14
#3508 0 8000020c     84ae r 09         00000001  c.mv     x9, x11
#3509 0 8000020e     8436 r 08         f0041018  c.mv     x8, x13
#3510 0 80000210 02f58663 r 00         00000000  beq      x11, x15, . + 0x2c
#3511 0 8000023c     8432 r 08         f0041028  c.mv     x8, x12
#3512 0 8000023e     405c r 0f         f0040030  c.lw     x15, 0x4(x8)
#3513 0 80000240     4014 r 0d         00000003  c.lw     x13, 0x0(x8)
#3514 0 80000242 004a2703 r 0e         00000044  lw       x14, 0x4(x20)
#3515 0 80000246     43cc r 0b         f0040028  c.lw     x11, 0x4(x15)
#3516 0 80000248     4390 r 0c         00000001  c.lw     x12, 0x0(x15)
#3517 0 8000024a     16fd r 0d         00000002  c.addi   x13, -0x1
#3518 0 8000024c     c04c m f004102c   f0040028  c.sw     x11, 0x4(x8)
#3519 0 8000024e 0049a583 r 0b         f0040018  lw       x11, 0x4(x19)
#3520 0 80000252     c014 m f0041028   00000002  c.sw     x13, 0x0(x8)
#3521 0 80000254 0009a683 r 0d         00000003  lw       x13, 0x0(x19)
#3522 0 80000258     c3cc m f0040034   f0040018  c.sw     x11, 0x4(x15)
#3523 0 8000025a 00f9a223 m f0041024   f0040030  sw       x15, 0x4(x19)
#3524 0 8000025e     c390 m f0040030   00000001  c.sw     x12, 0x0(x15)
#3525 0 80000260     40f2 r 01         80000222  c.lwsp   x1, 0x1c
#3526 0 80000262     4462 r 08         f0041020  c.lwsp   x8, 0x18
#3527 0 80000264 00168793 r 0f         00000004  addi     x15, x13, 0x1
#3528 0 80000268 00f9a023 m f0041020   00000004  sw       x15, 0x0(x19)
#3529 0 8000026c 00170793 r 0f         00000045  addi     x15, x14, 0x1
#3530 0 80000270 00fa2223 m f0041014   00000045  sw       x15, 0x4(x20)
#3531 0 80000274     44d2 r 09         00000001  c.lwsp   x9, 0x14
#3532 0 80000276     4942 r 12         f0041028  c.lwsp   x18, 0x10
#3533 0 80000278     49b2 r 13         f0041018  c.lwsp   x19, 0xc
#3534 0 8000027a     4a22 r 14         f0041010  c.lwsp   x20, 0x8
#3535 0 8000027c     6105 r 02         f0040f90  c.addi16sp 0x2
#3536 0 8000027e     8082 r 00         00000000  c.jr     x1
#3537 0 80000222     874e r 0e         f0041018  c.mv     x14, x19
#3538 0 80000224     86a2 r 0d         f0041020  c.mv     x13, x8
#3539 0 80000226     864a r 0c         f0041028  c.mv     x12, x18
#3540 0 80000228     4585 r 0b         00000001  c.li     x11, 0x1
#3541 0 8000022a     8552 r 0a         f0041010  c.mv     x10, x20
#3542 0 8000022c     37e9 r 01         8000022e  c.jal    . - 0x36
#3543 0 800001f6     1101 r 02         f0040f70  c.addi   x2, -0x20
#3544 0 800001f8     cc22 m f0040f88   f0041020  c.swsp   x8, 0x18
#3545 0 800001fa     ca26 m f0040f84   00000001  c.swsp   x9, 0x14
#3546 0 800001fc     c84a m f0040f80   f0041028  c.swsp   x18, 0x10
#3547 0 800001fe     c64e m f0040f7c   f0041018  c.swsp   x19, 0xc
#3548 0 80000200     c452 m f0040f78   f0041010  c.swsp   x20, 0x8
#3549 0 80000202     ce06 m f0040f8c   8000022e  c.swsp   x1, 0x1c
#3550 0 80000204     4785 r 0f         00000001  c.li     x15, 0x1
#3551 0 80000206     8a2a r 14         f0041010  c.mv     x20, x10
#3552 0 80000208     8932 r 12         f0041028  c.mv     x18, x12
#3553 0 8000020a     89ba r 13         f0041018  c.mv     x19, x14
#3554 0 8000020c     84ae r 09         00000001  c.mv     x9, x11
#3555 0 8000020e     8436 r 08         f0041020  c.mv     x8, x13
#3556 0 80000210 02f58663 r 00         00000000  beq      x11, x15, . + 0x2c
#3557 0 8000023c     8432 r 08         f0041028  c.mv     x8, x12
#3558 0 8000023e     405c r 0f         f0040028  c.lw     x15, 0x4(x8)
#3559 0 80000240     4014 r 0d         00000002  c.lw     x13, 0x0(x8)
#3560 0 80000242 004a2703 r 0e         00000045  lw       x14, 0x4(x20)
#3561 0 80000246     43cc r 0b         f0040000  c.lw     x11, 0x4(x15)
#3562 0 80000248     4390 r 0c         00000002  c.lw     x12, 0x0(x15)
#3563 0 8000024a     16fd r 0d         00000001  c.addi   x13, -0x1
#3564 0 8000024c     c04c m f004102c   f0040000  c.sw     x11, 0x4(x8)
#3565 0 8000024e 0049a583 r 0b         f0040020  lw       x11, 0x4(x19)
#3566 0 80000252     c014 m f0041028   00000001  c.sw     x13, 0x0(x8)
#3567 0 80000254 0009a683 r 0d         00000001  lw       x13, 0x0(x19)
#3568 0 80000258     c3cc m f004002c   f0040020  c.sw     x11, 0x4(x15)
#3569 0 8000025a 00f9a223 m f004101c   f0040028  sw       x15, 0x4(x19)
#3570 0 8000025e     c390 m f0040028   00000002  c.sw     x12, 0x0(x15)
#3571 0 80000260     40f2 r 01         8000022e  c.lwsp   x1, 0x1c
#3572 0 80000262     4462 r 08         f0041020  c.lwsp   x8, 0x18
#3573 0 80000264 00168793 r 0f         00000002  addi     x15, x13, 0x1
#3574 0 80000268 00f9a023 m f0041018   00000002  sw       x15, 0x0(x19)
#3575 0 8000026c 00170793 r 0f         00000046  addi     x15, x14, 0x1
#3576 0 80000270 00fa2223 m f0041014   00000046  sw       x15, 0x4(x20)
#3577 0 80000274     44d2 r 09         00000001  c.lwsp   x9, 0x14
#3578 0 80000276     4942 r 12         f0041028  c.lwsp   x18, 0x10
#3579 0 80000278     49b2 r 13         f0041018  c.lwsp   x19, 0xc
#3580 0 8000027a     4a22 r 14         f0041010  c.lwsp   x20, 0x8
#3581 0 8000027c     6105 r 02         f0040f90  c.addi16sp 0x2
#3582 0 8000027e     8082 r 00         00000000  c.jr     x1
#3583 0 8000022e     4785 r 0f         00000001  c.li     x15, 0x1
#3584 0 80000230     874a r 0e         f0041028  c.mv     x14, x18
#3585 0 80000232 00f48663 r 00         00000000  beq      x9, x15, . + 0xc
#3586 0 8000023e     405c r 0f         f0040030  c.lw     x15, 0x4(x8)
#3587 0 80000240     4014 r 0d         00000004  c.lw     x13, 0x0(x8)
#3588 0 80000242 004a2703 r 0e         00000046  lw       x14, 0x4(x20)
#3589 0 80000246     43cc r 0b         f0040018  c.lw     x11, 0x4(x15)
#3590 0 80000248     4390 r 0c         00000001  c.lw     x12, 0x0(x15)
#3591 0 8000024a     16fd r 0d         00000003  c.addi   x13, -0x1
#3592 0 8000024c     c04c m f0041024   f0040018  c.sw     x11, 0x4(x8)
#3593 0 8000024e 0049a583 r 0b         f0040028  lw       x11, 0x4(x19)
#3594 0 80000252     c014 m f0041020   00000003  c.sw     x13, 0x0(x8)
#3595 0 80000254 0009a683 r 0d         00000002  lw       x13, 0x0(x19)
#3596 0 80000258     c3cc m f0040034   f0040028  c.sw     x11, 0x4(x15)
#3597 0 8000025a 00f9a223 m f004101c   f0040030  sw       x15, 0x4(x19)
#3598 0 8000025e     c390 m f0040030   00000001  c.sw     x12, 0x0(x15)
#3599 0 80000260     40f2 r 01         80000222  c.lwsp   x1, 0x1c
#3600 0 80000262     4462 r 08         f0041018  c.lwsp   x8, 0x18
#3601 0 80000264 00168793 r 0f         00000003  addi     x15, x13, 0x1
#3602 0 80000268 00f9a023 m f0041018   00000003  sw       x15, 0x0(x19)
#3603 0 8000026c 00170793 r 0f         00000047  addi     x15, x14, 0x1
#3604 0 80000270 00fa2223 m f0041014   00000047  sw       x15, 0x4(x20)
#3605 0 80000274     44d2 r 09         00000003  c.lwsp   x9, 0x14
#3606 0 80000276     4942 r 12         f0041020  c.lwsp   x18, 0x10
#3607 0 80000278     49b2 r 13         f0041028  c.lwsp   x19, 0xc
#3608 0 8000027a     4a22 r 14         f0041010  c.lwsp   x20, 0x8
#3609 0 8000027c     6105 r 02         f0040fb0  c.addi16sp 0x2
#3610 0 8000027e     8082 r 00         00000000  c.jr     x1
#3611 0 80000222     874e r 0e         f0041028  c.mv     x14, x19
#3612 0 80000224     86a2 r 0d         f0041018  c.mv     x13, x8
#3613 0 80000226     864a r 0c         f0041020  c.mv     x12, x18
#3614 0 80000228     4585 r 0b         00000001  c.li     x11, 0x1
#3615 0 8000022a     8552 r 0a         f0041010  c.mv     x10, x20
#3616 0 8000022c     37e9 r 01         8000022e  c.jal    . - 0x36
#3617 0 800001f6     1101 r 02         f0040f90  c.addi   x2, -0x20
#3618 0 800001f8     cc22 m f0040fa8   f0041018  c.swsp   x8, 0x18
#3619 0 800001fa     ca26 m f0040fa4   00000003  c.swsp   x9, 0x14
#3620 0 800001fc     c84a m f0040fa0   f0041020  c.swsp   x18, 0x10
#3621 0 800001fe     c64e m f0040f9c   f0041028  c.swsp   x19, 0xc
#3622 0 80000200     c452 m f0040f98   f0041010  c.swsp   x20, 0x8
#3623 0 80000202     ce06 m f0040fac   8000022e  c.swsp   x1, 0x1c
#3624 0 80000204     4785 r 0f         00000001  c.li     x15, 0x1
#3625 0 80000206     8a2a r 14         f0041010  c.mv     x20, x10
#3626 0 80000208     8932 r 12         f0041020  c.mv     x18, x12
#3627 0 8000020a     89ba r 13         f0041028  c.mv     x19, x14
#3628 0 8000020c     84ae r 09         00000001  c.mv     x9, x11
#3629 0 8000020e     8436 r 08         f0041018  c.mv     x8, x13
#3630 0 80000210 02f58663 r 00         00000000  beq      x11, x15, . + 0x2c
#3631 0 8000023c     8432 r 08         f0041020  c.mv     x8, x12
#3632 0 8000023e     405c r 0f         f0040018  c.lw     x15, 0x4(x8)
#3633 0 80000240     4014 r 0d         00000003  c.lw     x13, 0x0(x8)
#3634 0 80000242 004a2703 r 0e         00000047  lw       x14, 0x4(x20)
#3635 0 80000246     43cc r 0b         f0040010  c.lw     x11, 0x4(x15)
#3636 0 80000248     4390 r 0c         00000004  c.lw     x12, 0x0(x15)
#3637 0 8000024a     16fd r 0d         00000002  c.addi   x13, -0x1
#3638 0 8000024c     c04c m f0041024   f0040010  c.sw     x11, 0x4(x8)
#3639 0 8000024e 0049a583 r 0b         f0040000  lw       x11, 0x4(x19)
#3640 0 80000252     c014 m f0041020   00000002  c.sw     x13, 0x0(x8)
#3641 0 80000254 0009a683 r 0d         00000001  lw       x13, 0x0(x19)
#3642 0 80000258     c3cc m f004001c   f0040000  c.sw     x11, 0x4(x15)
#3643 0 8000025a 00f9a223 m f004102c   f0040018  sw       x15, 0x4(x19)
#3644 0 8000025e     c390 m f0040018   00000004  c.sw     x12, 0x0(x15)
#3645 0 80000260     40f2 r 01         8000022e  c.lwsp   x1, 0x1c
#3646 0 80000262     4462 r 08         f0041018  c.lwsp   x8, 0x18
#3647 0 80000264 00168793 r 0f         00000002  addi     x15, x13, 0x1
#3648 0 80000268 00f9a023 m f0041028   00000002  sw       x15, 0x0(x19)
#3649 0 8000026c 00170793 r 0f         00000048  addi     x15, x14, 0x1
#3650 0 80000270 00fa2223 m f0041014   00000048  sw       x15, 0x4(x20)
#3651 0 80000274     44d2 r 09         00000003  c.lwsp   x9, 0x14
#3652 0 80000276     4942 r 12         f0041020  c.lwsp   x18, 0x10
#3653 0 80000278     49b2 r 13         f0041028  c.lwsp   x19, 0xc
#3654 0 8000027a     4a22 r 14         f0041010  c.lwsp   x20, 0x8
#3655 0 8000027c     6105 r 02         f0040fb0  c.addi16sp 0x2
#3656 0 8000027e     8082 r 00         00000000  c.jr     x1
#3657 0 8000022e     4785 r 0f         00000001  c.li     x15, 0x1
#3658 0 80000230     874a r 0e         f0041020  c.mv     x14, x18
#3659 0 80000232 00f48663 r 00         00000000  beq      x9, x15, . + 0xc
#3660 0 80000236     8922 r 12         f0041018  c.mv     x18, x8
#3661 0 80000238     843a r 08         f0041020  c.mv     x8, x14
#3662 0 8000023a     bfe9 r 00         00000000  c.j      . - 0x26
#3663 0 80000214     14fd r 09         00000002  c.addi   x9, -0x1
#3664 0 80000216     85a6 r 0b         00000002  c.mv     x11, x9
#3665 0 80000218     8552 r 0a         f0041010  c.mv     x10, x20
#3666 0 8000021a     8722 r 0e         f0041020  c.mv     x14, x8
#3667 0 8000021c     86ce r 0d         f0041028  c.mv     x13, x19
#3668 0 8000021e     864a r 0c         f0041018  c.mv     x12, x18
#3669 0 80000220     3fd9 r 01         80000222  c.jal    . - 0x2a
#3670 0 800001f6     1101 r 02         f0040f90  c.addi   x2, -0x20
#3671 0 800001f8     cc22 m f0040fa8   f0041020  c.swsp   x8, 0x18
#3672 0 800001fa     ca26 m f0040fa4   00000002  c.swsp   x9, 0x14
#3673 0 800001fc     c84a m f0040fa0   f0041018  c.swsp   x18, 0x10
#3674 0 800001fe     c64e m f0040f9c   f0041028  c.swsp   x19, 0xc
#3675 0 80000200     c452 m f0040f98   f0041010  c.swsp   x20, 0x8
#3676 0 80000202     ce06 m f0040fac   80000222  c.swsp   x1, 0x1c
#3677 0 80000204     4785 r 0f         00000001  c.li     x15, 0x1
#3678 0 80000206     8a2a r 14         f0041010  c.mv     x20, x10
#3679 0 80000208     8932 r 12         f0041018  c.mv     x18, x12
#3680 0 8000020a     89ba r 13         f0041020  c.mv     x19, x14
#3681 0 8000020c     84ae r 09         00000002  c.mv     x9, x11
#3682 0 8000020e     8436 r 08         f0041028  c.mv     x8, x13
#3683 0 80000210 02f58663 r 00         00000000  beq      x11, x15, . + 0x2c
#3684 0 80000214     14fd r 09         00000001  c.addi   x9, -0x1
#3685 0 80000216     85a6 r 0b         00000001  c.mv     x11, x9
#3686 0 80000218     8552 r 0a         f0041010  c.mv     x10, x20
#3687 0 8000021a     8722 r 0e         f0041028  c.mv     x14, x8
#3688 0 8000021c     86ce r 0d         f0041020  c.mv     x13, x19
#3689 0 8000021e     864a r 0c         f0041018  c.mv     x12, x18
#3690 0 80000220     3fd9 r 01         80000222  c.jal    . - 0x2a
#3691 0 800001f6     1101 r 02         f0040f70  c.addi   x2, -0x20
#3692 0 800001f8     cc22 m f0040f88   f0041028  c.swsp   x8, 0x18
#3693 0 800001fa     ca26 m f0040f84   00000001  c.swsp   x9, 0x14
#3694 0 800001fc     c84a m f0040f80   f0041018  c.swsp   x18, 0x10
#3695 0 800001fe     c64e m f0040f7c   f0041020  c.swsp   x19, 0xc
#3696 0 80000200     c452 m f0040f78   f0041010  c.swsp   x20, 0x8
#3697 0 80000202     ce06 m f0040f8c   80000222  c.swsp   x1, 0x1c
#3698 0 80000204     4785 r 0f         00000001  c.li     x15, 0x1
#3699 0 80000206     8a2a r 14         f0041010  c.mv     x20, x10
#3700 0 80000208     8932 r 12         f0041018  c.mv     x18, x12
#3701 0 8000020a     89ba r 13         f0041028  c.mv     x19, x14
#3702 0 8000020c     84ae r 09         00000001  c.mv     x9, x11
#3703 0 8000020e     8436 r 08         f0041020  c.mv     x8, x13
#3704 0 80000210 02f58663 r 00         00000000  beq      x11, x15, . + 0x2c
#3705 0 8000023c     8432 r 08         f0041018  c.mv     x8, x12
#3706 0 8000023e     405c r 0f         f0040030  c.lw     x15, 0x4(x8)
#3707 0 80000240     4014 r 0d         00000003  c.lw     x13, 0x0(x8)
#3708 0 80000242 004a2703 r 0e         00000048  lw       x14, 0x4(x20)
#3709 0 80000246     43cc r 0b         f0040028  c.lw     x11, 0x4(x15)
#3710 0 80000248     4390 r 0c         00000001  c.lw     x12, 0x0(x15)
#3711 0 8000024a     16fd r 0d         00000002  c.addi   x13, -0x1
#3712 0 8000024c     c04c m f004101c   f0040028  c.sw     x11, 0x4(x8)
#3713 0 8000024e 0049a583 r 0b         f0040018  lw       x11, 0x4(x19)
#3714 0 80000252     c014 m f0041018   00000002  c.sw     x13, 0x0(x8)
#3715 0 80000254 0009a683 r 0d         00000002  lw       x13, 0x0(x19)
#3716 0 80000258     c3cc m f0040034   f0040018  c.sw     x11, 0x4(x15)
#3717 0 8000025a 00f9a223 m f004102c   f0040030  sw       x15, 0x4(x19)
#3718 0 8000025e     c390 m f0040030   00000001  c.sw     x12, 0x0(x15)
#3719 0 80000260     40f2 r 01         80000222  c.lwsp   x1, 0x1c
#3720 0 80000262     4462 r 08         f0041028  c.lwsp   x8, 0x18
#3721 0 80000264 00168793 r 0f         00000003  addi     x15, x13, 0x1
#3722 0 80000268 00f9a023 m f0041028   00000003  sw       x15, 0x0(x19)
#3723 0 8000026c 00170793 r 0f         00000049  addi     x15, x14, 0x1
#3724 0 80000270 00fa2223 m f0041014   00000049  sw       x15, 0x4(x20)
#3725 0 80000274     44d2 r 09         00000001  c.lwsp   x9, 0x14
#3726 0 80000276     4942 r 12         f0041018  c.lwsp   x18, 0x10
#3727 0 80000278     49b2 r 13         f0041020  c.lwsp   x19, 0xc
#3728 0 8000027a     4a22 r 14         f0041010  c.lwsp   x20, 0x8
#3729 0 8000027c     6105 r 02         f0040f90  c.addi16sp 0x2
#3730 0 8000027e     8082 r 00         00000000  c.jr     x1
#3731 0 80000222     874e r 0e         f0041020  c.mv     x14, x19
#3732 0 80000224     86a2 r 0d         f0041028  c.mv     x13, x8
#3733 0 80000226     864a r 0c         f0041018  c.mv     x12, x18
#3734 0 80000228     4585 r 0b         00000001  c.li     x11, 0x1
#3735 0 8000022a     8552 r 0a         f0041010  c.mv     x10, x20
#3736 0 8000022c     37e9 r 01         8000022e  c.jal    . - 0x36
#3737 0 800001f6     1101 r 02         f0040f70  c.addi   x2, -0x20
#3738 0 800001f8     cc22 m f0040f88   f0041028  c.swsp   x8, 0x18
#3739 0 800001fa     ca26 m f0040f84   00000001  c.swsp   x9, 0x14
#3740 0 800001fc     c84a m f0040f80   f0041018  c.swsp   x18, 0x10
#3741 0 800001fe     c64e m f0040f7c   f0041020  c.swsp   x19, 0xc
#3742 0 80000200     c452 m f0040f78   f0041010  c.swsp   x20, 0x8
#3743 0 80000202     ce06 m f0040f8c   8000022e  c.swsp   x1, 0x1c
#3744 0 80000204     4785 r 0f         00000001  c.li     x15, 0x1
#3745 0 80000206     8a2a r 14         f0041010  c.mv     x20, x10
#3746 0 80000208     8932 r 12         f0041018  c.mv     x18, x12
#3747 0 8000020a     89ba r 13         f0041020  c.mv     x19, x14
#3748 0 8000020c     84ae r 09         00000001  c.mv     x9, x11
#3749 0 8000020e     8436 r 08         f0041028  c.mv     x8, x13
#3750 0 80000210 02f58663 r 00         00000000  beq      x11, x15, . + 0x2c
#3751 0 8000023c     8432 r 08         f0041018  c.mv     x8, x12
#3752 0 8000023e     405c r 0f         f0040028  c.lw     x15, 0x4(x8)
#3753 0 80000240     4014 r 0d         00000002  c.lw     x13, 0x0(x8)
#3754 0 80000242 004a2703 r 0e         00000049  lw       x14, 0x4(x20)
#3755 0 80000246     43cc r 0b         f0040020  c.lw     x11, 0x4(x15)
#3756 0 80000248     4390 r 0c         00000002  c.lw     x12, 0x0(x15)
#3757 0 8000024a     16fd r 0d         00000001  c.addi   x13, -0x1
#3758 0 8000024c     c04c m f004101c   f0040020  c.sw     x11, 0x4(x8)
#3759 0 8000024e 0049a583 r 0b         f0040010  lw       x11, 0x4(x19)
#3760 0 80000252     c014 m f0041018   00000001  c.sw     x13, 0x0(x8)
#3761 0 80000254 0009a683 r 0d         00000002  lw       x13, 0x0(x19)
#3762 0 80000258     c3cc m f004002c   f0040010  c.sw     x11, 0x4(x15)
#3763 0 8000025a 00f9a223 m f0041024   f0040028  sw       x15, 0x4(x19)
#3764 0 8000025e     c390 m f0040028   00000002  c.sw     x12, 0x0(x15)
#3765 0 80000260     40f2 r 01         8000022e  c.lwsp   x1, 0x1c
#3766 0 80000262     4462 r 08         f0041028  c.lwsp   x8, 0x18
#3767 0 80000264 00168793 r 0f         00000003  addi     x15, x13, 0x1
#3768 0 80000268 00f9a023 m f0041020   00000003  sw       x15, 0x0(x19)
#3769 0 8000026c 00170793 r 0f         0000004a  addi     x15, x14, 0x1
#3770 0 80000270 00fa2223 m f0041014   0000004a  sw       x15, 0x4(x20)
#3771 0 80000274     44d2 r 09         00000001  c.lwsp   x9, 0x14
#3772 0 80000276     4942 r 12         f0041018  c.lwsp   x18, 0x10
#3773 0 80000278     49b2 r 13         f0041020  c.lwsp   x19, 0xc
#3774 0 8000027a     4a22 r 14         f0041010  c.lwsp   x20, 0x8
#3775 0 8000027c     6105 r 02         f0040f90  c.addi16sp 0x2
#3776 0 8000027e     8082 r 00         00000000  c.jr     x1
#3777 0 8000022e     4785 r 0f         00000001  c.li     x15, 0x1
#3778 0 80000230     874a r 0e         f0041018  c.mv     x14, x18
#3779 0 80000232 00f48663 r 00         00000000  beq      x9, x15, . + 0xc
#3780 0 8000023e     405c r 0f         f0040030  c.lw     x15, 0x4(x8)
#3781 0 80000240     4014 r 0d         00000003  c.lw     x13, 0x0(x8)
#3782 0 80000242 004a2703 r 0e         0000004a  lw       x14, 0x4(x20)
#3783 0 80000246     43cc r 0b         f0040018  c.lw     x11, 0x4(x15)
#3784 0 80000248     4390 r 0c         00000001  c.lw     x12, 0x0(x15)
#3785 0 8000024a     16fd r 0d         00000002  c.addi   x13, -0x1
#3786 0 8000024c     c04c m f004102c   f0040018  c.sw     x11, 0x4(x8)
#3787 0 8000024e 0049a583 r 0b         f0040028  lw       x11, 0x4(x19)
#3788 0 80000252     c014 m f0041028   00000002  c.sw     x13, 0x0(x8)
#3789 0 80000254 0009a683 r 0d         00000003  lw       x13, 0x0(x19)
#3790 0 80000258     c3cc m f0040034   f0040028  c.sw     x11, 0x4(x15)
#3791 0 8000025a 00f9a223 m f0041024   f0040030  sw       x15, 0x4(x19)
#3792 0 8000025e     c390 m f0040030   00000001  c.sw     x12, 0x0(x15)
#3793 0 80000260     40f2 r 01         80000222  c.lwsp   x1, 0x1c
#3794 0 80000262     4462 r 08         f0041020  c.lwsp   x8, 0x18
#3795 0 80000264 00168793 r 0f         00000004  addi     x15, x13, 0x1
#3796 0 80000268 00f9a023 m f0041020   00000004  sw       x15, 0x0(x19)
#3797 0 8000026c 00170793 r 0f         0000004b  addi     x15, x14, 0x1
#3798 0 80000270 00fa2223 m f0041014   0000004b  sw       x15, 0x4(x20)
#3799 0 80000274     44d2 r 09         00000002  c.lwsp   x9, 0x14
#3800 0 80000276     4942 r 12         f0041018  c.lwsp   x18, 0x10
#3801 0 80000278     49b2 r 13         f0041028  c.lwsp   x19, 0xc
#3802 0 8000027a     4a22 r 14         f0041010  c.lwsp   x20, 0x8
#3803 0 8000027c     6105 r 02         f0040fb0  c.addi16sp 0x2
#3804 0 8000027e     8082 r 00         00000000  c.jr     x1
#3805 0 80000222     874e r 0e         f0041028  c.mv     x14, x19
#3806 0 80000224     86a2 r 0d         f0041020  c.mv     x13, x8
#3807 0 80000226     864a r 0c         f0041018  c.mv     x12, x18
#3808 0 80000228     4585 r 0b         00000001  c.li     x11, 0x1
#3809 0 8000022a     8552 r 0a         f0041010  c.mv     x10, x20
#3810 0 8000022c     37e9 r 01         8000022e  c.jal    . - 0x36
#3811 0 800001f6     1101 r 02         f0040f90  c.addi   x2, -0x20
#3812 0 800001f8     cc22 m f0040fa8   f0041020  c.swsp   x8, 0x18
#3813 0 800001fa     ca26 m f0040fa4   00000002  c.swsp   x9, 0x14
#3814 0 800001fc     c84a m f0040fa0   f0041018  c.swsp   x18, 0x10
#3815 0 800001fe     c64e m f0040f9c   f0041028  c.swsp   x19, 0xc
#3816 0 80000200     c452 m f0040f98   f0041010  c.swsp   x20, 0x8
#3817 0 80000202     ce06 m f0040fac   8000022e  c.swsp   x1, 0x1c
#3818 0 80000204     4785 r 0f         00000001  c.li     x15, 0x1
#3819 0 80000206     8a2a r 14         f0041010  c.mv     x20, x10
#3820 0 80000208     8932 r 12         f0041018  c.mv     x18, x12
#3821 0 8000020a     89ba r 13         f0041028  c.mv     x19, x14
#3822 0 8000020c     84ae r 09         00000001  c.mv     x9, x11
#3823 0 8000020e     8436 r 08         f0041020  c.mv     x8, x13
#3824 0 80000210 02f58663 r 00         00000000  beq      x11, x15, . + 0x2c
#3825 0 8000023c     8432 r 08         f0041018  c.mv     x8, x12
#3826 0 8000023e     405c r 0f         f0040020  c.lw     x15, 0x4(x8)
#3827 0 80000240     4014 r 0d         00000001  c.lw     x13, 0x0(x8)
#3828 0 80000242 004a2703 r 0e         0000004b  lw       x14, 0x4(x20)
#3829 0 80000246     43cc r 0b         00000000  c.lw     x11, 0x4(x15)
#3830 0 80000248     4390 r 0c         00000003  c.lw     x12, 0x0(x15)
#3831 0 8000024a     16fd r 0d         00000000  c.addi   x13, -0x1
#3832 0 8000024c     c04c m f004101c   00000000  c.sw     x11, 0x4(x8)
#3833 0 8000024e 0049a583 r 0b         f0040018  lw       x11, 0x4(x19)
#3834 0 80000252     c014 m f0041018   00000000  c.sw     x13, 0x0(x8)
#3835 0 80000254 0009a683 r 0d         00000002  lw       x13, 0x0(x19)
#3836 0 80000258     c3cc m f0040024   f0040018  c.sw     x11, 0x4(x15)
#3837 0 8000025a 00f9a223 m f004102c   f0040020  sw       x15, 0x4(x19)
#3838 0 8000025e     c390 m f0040020   00000003  c.sw     x12, 0x0(x15)
#3839 0 80000260     40f2 r 01         8000022e  c.lwsp   x1, 0x1c
#3840 0 80000262     4462 r 08         f0041020  c.lwsp   x8, 0x18
#3841 0 80000264 00168793 r 0f         00000003  addi     x15, x13, 0x1
#3842 0 80000268 00f9a023 m f0041028   00000003  sw       x15, 0x0(x19)
#3843 0 8000026c 00170793 r 0f         0000004c  addi     x15, x14, 0x1
#3844 0 80000270 00fa2223 m f0041014   0000004c  sw       x15, 0x4(x20)
#3845 0 80000274     44d2 r 09         00000002  c.lwsp   x9, 0x14
#3846 0 80000276     4942 r 12         f0041018  c.lwsp   x18, 0x10
#3847 0 80000278     49b2 r 13         f0041028  c.lwsp   x19, 0xc
#3848 0 8000027a     4a22 r 14         f0041010  c.lwsp   x20, 0x8
#3849 0 8000027c     6105 r 02         f0040fb0  c.addi16sp 0x2
#3850 0 8000027e     8082 r 00         00000000  c.jr     x1
#3851 0 8000022e     4785 r 0f         00000001  c.li     x15, 0x1
#3852 0 80000230     874a r 0e         f0041018  c.mv     x14, x18
#3853 0 80000232 00f48663 r 00         00000000  beq      x9, x15, . + 0xc
#3854 0 80000236     8922 r 12         f0041020  c.mv     x18, x8
#3855 0 80000238     843a r 08         f0041018  c.mv     x8, x14
#3856 0 8000023a     bfe9 r 00         00000000  c.j      . - 0x26
#3857 0 80000214     14fd r 09         00000001  c.addi   x9, -0x1
#3858 0 80000216     85a6 r 0b         00000001  c.mv     x11, x9
#3859 0 80000218     8552 r 0a         f0041010  c.mv     x10, x20
#3860 0 8000021a     8722 r 0e         f0041018  c.mv     x14, x8
#3861 0 8000021c     86ce r 0d         f0041028  c.mv     x13, x19
#3862 0 8000021e     864a r 0c         f0041020  c.mv     x12, x18
#3863 0 80000220     3fd9 r 01         80000222  c.jal    . - 0x2a
#3864 0 800001f6     1101 r 02         f0040f90  c.addi   x2, -0x20
#3865 0 800001f8     cc22 m f0040fa8   f0041018  c.swsp   x8, 0x18
#3866 0 800001fa     ca26 m f0040fa4   00000001  c.swsp   x9, 0x14
#3867 0 800001fc     c84a m f0040fa0   f0041020  c.swsp   x18, 0x10
#3868 0 800001fe     c64e m f0040f9c   f0041028  c.swsp   x19, 0xc
#3869 0 80000200     c452 m f0040f98   f0041010  c.swsp   x20, 0x8
#3870 0 80000202     ce06 m f0040fac   80000222  c.swsp   x1, 0x1c
#3871 0 80000204     4785 r 0f         00000001  c.li     x15, 0x1
#3872 0 80000206     8a2a r 14         f0041010  c.mv     x20, x10
#3873 0 80000208     8932 r 12         f0041020  c.mv     x18, x12
#3874 0 8000020a     89ba r 13         f0041018  c.mv     x19, x14
#3875 0 8000020c     84ae r 09         00000001  c.mv     x9, x11
#3876 0 8000020e     8436 r 08         f0041028  c.mv     x8, x13
#3877 0 80000210 02f58663 r 00         00000000  beq      x11, x15, . + 0x2c
#3878 0 8000023c     8432 r 08         f0041020  c.mv     x8, x12
#3879 0 8000023e     405c r 0f         f0040030  c.lw     x15, 0x4(x8)
#3880 0 80000240     4014 r 0d         00000004  c.lw     x13, 0x0(x8)
#3881 0 80000242 004a2703 r 0e         0000004c  lw       x14, 0x4(x20)
#3882 0 80000246     43cc r 0b         f0040028  c.lw     x11, 0x4(x15)
#3883 0 80000248     4390 r 0c         00000001  c.lw     x12, 0x0(x15)
#3884 0 8000024a     16fd r 0d         00000003  c.addi   x13, -0x1
#3885 0 8000024c     c04c m f0041024   f0040028  c.sw     x11, 0x4(x8)
#3886 0 8000024e 0049a583 r 0b         00000000  lw       x11, 0x4(x19)
#3887 0 80000252     c014 m f0041020   00000003  c.sw     x13, 0x0(x8)
#3888 0 80000254 0009a683 r 0d         00000000  lw       x13, 0x0(x19)
#3889 0 80000258     c3cc m f0040034   00000000  c.sw     x11, 0x4(x15)
#3890 0 8000025a 00f9a223 m f004101c   f0040030  sw       x15, 0x4(x19)
#3891 0 8000025e     c390 m f0040030   00000001  c.sw     x12, 0x0(x15)
#3892 0 80000260     40f2 r 01         80000222  c.lwsp   x1, 0x1c
#3893 0 80000262     4462 r 08         f0041018  c.lwsp   x8, 0x18
#3894 0 80000264 00168793 r 0f         00000001  addi     x15, x13, 0x1
#3895 0 80000268 00f9a023 m f0041018   00000001  sw       x15, 0x0(x19)
#3896 0 8000026c 00170793 r 0f         0000004d  addi     x15, x14, 0x1
#3897 0 80000270 00fa2223 m f0041014   0000004d  sw       x15, 0x4(x20)
#3898 0 80000274     44d2 r 09         00000001  c.lwsp   x9, 0x14
#3899 0 80000276     4942 r 12         f0041020  c.lwsp   x18, 0x10
#3900 0 80000278     49b2 r 13         f0041028  c.lwsp   x19, 0xc
#3901 0 8000027a     4a22 r 14         f0041010  c.lwsp   x20, 0x8
#3902 0 8000027c     6105 r 02         f0040fb0  c.addi16sp 0x2
#3903 0 8000027e     8082 r 00         00000000  c.jr     x1
#3904 0 80000222     874e r 0e         f0041028  c.mv     x14, x19
#3905 0 80000224     86a2 r 0d         f0041018  c.mv     x13, x8
#3906 0 80000226     864a r 0c         f0041020  c.mv     x12, x18
#3907 0 80000228     4585 r 0b         00000001  c.li     x11, 0x1
#3908 0 8000022a     8552 r 0a         f0041010  c.mv     x10, x20
#3909 0 8000022c     37e9 r 01         8000022e  c.jal    . - 0x36
#3910 0 800001f6     1101 r 02         f0040f90  c.addi   x2, -0x20
#3911 0 800001f8     cc22 m f0040fa8   f0041018  c.swsp   x8, 0x18
#3912 0 800001fa     ca26 m f0040fa4   00000001  c.swsp   x9, 0x14
#3913 0 800001fc     c84a m f0040fa0   f0041020  c.swsp   x18, 0x10
#3914 0 800001fe     c64e m f0040f9c   f0041028  c.swsp   x19, 0xc
#3915 0 80000200     c452 m f0040f98   f0041010  c.swsp   x20, 0x8
#3916 0 80000202     ce06 m f0040fac   8000022e  c.swsp   x1, 0x1c
#3917 0 80000204     4785 r 0f         00000001  c.li     x15, 0x1
#3918 0 80000206     8a2a r 14         f0041010  c.mv     x20, x10
#3919 0 80000208     8932 r 12         f0041020  c.mv     x18, x12
#3920 0 8000020a     89ba r 13         f0041028  c.mv     x19, x14
#3921 0 8000020c     84ae r 09         00000001  c.mv     x9, x11
#3922 0 8000020e     8436 r 08         f0041018  c.mv     x8, x13
#3923 0 80000210 02f58663 r 00         00000000  beq      x11, x15, . + 0x2c
#3924 0 8000023c     8432 r 08         f0041020  c.mv     x8, x12
#3925 0 8000023e     405c r 0f         f0040028  c.lw     x15, 0x4(x8)
#3926 0 80000240     4014 r 0d         00000003  c.lw     x13, 0x0(x8)
#3927 0 80000242 004a2703 r 0e         0000004d  lw       x14, 0x4(x20)
#3928 0 80000246     43cc r 0b         f0040010  c.lw     x11, 0x4(x15)
#3929 0 80000248     4390 r 0c         00000002  c.lw     x12, 0x0(x15)
#3930 0 8000024a     16fd r 0d         00000002  c.addi   x13, -0x1
#3931 0 8000024c     c04c m f0041024   f0040010  c.sw     x11, 0x4(x8)
#3932 0 8000024e 0049a583 r 0b         f0040020  lw       x11, 0x4(x19)
#3933 0 80000252     c014 m f0041020   00000002  c.sw     x13, 0x0(x8)
#3934 0 80000254 0009a683 r 0d         00000003  lw       x13, 0x0(x19)
#3935 0 80000258     c3cc m f004002c   f0040020  c.sw     x11, 0x4(x15)
#3936 0 8000025a 00f9a223 m f004102c   f0040028  sw       x15, 0x4(x19)
#3937 0 8000025e     c390 m f0040028   00000002  c.sw     x12, 0x0(x15)
#3938 0 80000260     40f2 r 01         8000022e  c.lwsp   x1, 0x1c
#3939 0 80000262     4462 r 08         f0041018  c.lwsp   x8, 0x18
#3940 0 80000264 00168793 r 0f         00000004  addi     x15, x13, 0x1
#3941 0 80000268 00f9a023 m f0041028   00000004  sw       x15, 0x0(x19)
#3942 0 8000026c 00170793 r 0f         0000004e  addi     x15, x14, 0x1
#3943 0 80000270 00fa2223 m f0041014   0000004e  sw       x15, 0x4(x20)
#3944 0 80000274     44d2 r 09         00000001  c.lwsp   x9, 0x14
#3945 0 80000276     4942 r 12         f0041020  c.lwsp   x18, 0x10
#3946 0 80000278     49b2 r 13         f0041028  c.lwsp   x19, 0xc
#3947 0 8000027a     4a22 r 14         f0041010  c.lwsp   x20, 0x8
#3948 0 8000027c     6105 r 02         f0040fb0  c.addi16sp 0x2
#3949 0 8000027e     8082 r 00         00000000  c.jr     x1
#3950 0 8000022e     4785 r 0f         00000001  c.li     x15, 0x1
#3951 0 80000230     874a r 0e         f0041020  c.mv     x14, x18
#3952 0 80000232 00f48663 r 00         00000000  beq      x9, x15, . + 0xc
#3953 0 8000023e     405c r 0f         f0040030  c.lw     x15, 0x4(x8)
#3954 0 80000240     4014 r 0d         00000001  c.lw     x13, 0x0(x8)
#3955 0 80000242 004a2703 r 0e         0000004e  lw       x14, 0x4(x20)
#3956 0 80000246     43cc r 0b         00000000  c.lw     x11, 0x4(x15)
#3957 0 80000248     4390 r 0c         00000001  c.lw     x12, 0x0(x15)
#3958 0 8000024a     16fd r 0d         00000000  c.addi   x13, -0x1
#3959 0 8000024c     c04c m f004101c   00000000  c.sw     x11, 0x4(x8)
#3960 0 8000024e 0049a583 r 0b         f0040028  lw       x11, 0x4(x19)
#3961 0 80000252     c014 m f0041018   00000000  c.sw     x13, 0x0(x8)
#3962 0 80000254 0009a683 r 0d         00000004  lw       x13, 0x0(x19)
#3963 0 80000258     c3cc m f0040034   f0040028  c.sw     x11, 0x4(x15)
#3964 0 8000025a 00f9a223 m f004102c   f0040030  sw       x15, 0x4(x19)
#3965 0 8000025e     c390 m f0040030   00000001  c.sw     x12, 0x0(x15)
#3966 0 80000260     40f2 r 01         80000222  c.lwsp   x1, 0x1c
#3967 0 80000262     4462 r 08         f0041028  c.lwsp   x8, 0x18
#3968 0 80000264 00168793 r 0f         00000005  addi     x15, x13, 0x1
#3969 0 80000268 00f9a023 m f0041028   00000005  sw       x15, 0x0(x19)
#3970 0 8000026c 00170793 r 0f         0000004f  addi     x15, x14, 0x1
#3971 0 80000270 00fa2223 m f0041014   0000004f  sw       x15, 0x4(x20)
#3972 0 80000274     44d2 r 09         00000004  c.lwsp   x9, 0x14
#3973 0 80000276     4942 r 12         f0041020  c.lwsp   x18, 0x10
#3974 0 80000278     49b2 r 13         f0041018  c.lwsp   x19, 0xc
#3975 0 8000027a     4a22 r 14         f0041010  c.lwsp   x20, 0x8
#3976 0 8000027c     6105 r 02         f0040fd0  c.addi16sp 0x2
#3977 0 8000027e     8082 r 00         00000000  c.jr     x1
#3978 0 80000222     874e r 0e         f0041018  c.mv     x14, x19
#3979 0 80000224     86a2 r 0d         f0041028  c.mv     x13, x8
#3980 0 80000226     864a r 0c         f0041020  c.mv     x12, x18
#3981 0 80000228     4585 r 0b         00000001  c.li     x11, 0x1
#3982 0 8000022a     8552 r 0a         f0041010  c.mv     x10, x20
#3983 0 8000022c     37e9 r 01         8000022e  c.jal    . - 0x36
#3984 0 800001f6     1101 r 02         f0040fb0  c.addi   x2, -0x20
#3985 0 800001f8     cc22 m f0040fc8   f0041028  c.swsp   x8, 0x18
#3986 0 800001fa     ca26 m f0040fc4   00000004  c.swsp   x9, 0x14
#3987 0 800001fc     c84a m f0040fc0   f0041020  c.swsp   x18, 0x10
#3988 0 800001fe     c64e m f0040fbc   f0041018  c.swsp   x19, 0xc
#3989 0 80000200     c452 m f0040fb8   f0041010  c.swsp   x20, 0x8
#3990 0 80000202     ce06 m f0040fcc   8000022e  c.swsp   x1, 0x1c
#3991 0 80000204     4785 r 0f         00000001  c.li     x15, 0x1
#3992 0 80000206     8a2a r 14         f0041010  c.mv     x20, x10
#3993 0 80000208     8932 r 12         f0041020  c.mv     x18, x12
#3994 0 8000020a     89ba r 13         f0041018  c.mv     x19, x14
#3995 0 8000020c     84ae r 09         00000001  c.mv     x9, x11
#3996 0 8000020e     8436 r 08         f0041028  c.mv     x8, x13
#3997 0 80000210 02f58663 r 00         00000000  beq      x11, x15, . + 0x2c
#3998 0 8000023c     8432 r 08         f0041020  c.mv     x8, x12
#3999 0 8000023e     405c r 0f         f0040010  c.lw     x15, 0x4(x8)
#4000 0 80000240     4014 r 0d         00000002  c.lw     x13, 0x0(x8)
#4001 0 80000242 004a2703 r 0e         0000004f  lw       x14, 0x4(x20)
#4002 0 80000246     43cc r 0b         f0040008  c.lw     x11, 0x4(x15)
#4003 0 80000248     4390 r 0c         00000005  c.lw     x12, 0x0(x15)
#4004 0 8000024a     16fd r 0d         00000001  c.addi   x13, -0x1
#4005 0 8000024c     c04c m f0041024   f0040008  c.sw     x11, 0x4(x8)
#4006 0 8000024e 0049a583 r 0b         00000000  lw       x11, 0x4(x19)
#4007 0 80000252     c014 m f0041020   00000001  c.sw     x13, 0x0(x8)
#4008 0 80000254 0009a683 r 0d         00000000  lw       x13, 0x0(x19)
#4009 0 80000258     c3cc m f0040014   00000000  c.sw     x11, 0x4(x15)
#4010 0 8000025a 00f9a223 m f004101c   f0040010  sw       x15, 0x4(x19)
#4011 0 8000025e     c390 m f0040010   00000005  c.sw     x12, 0x0(x15)
#4012 0 80000260     40f2 r 01         8000022e  c.lwsp   x1, 0x1c
#4013 0 80000262     4462 r 08         f0041028  c.lwsp   x8, 0x18
#4014 0 80000264 00168793 r 0f         00000001  addi     x15, x13, 0x1
#4015 0 80000268 00f9a023 m f0041018   00000001  sw       x15, 0x0(x19)
#4016 0 8000026c 00170793 r 0f         00000050  addi     x15, x14, 0x1
#4017 0 80000270 00fa2223 m f0041014   00000050  sw       x15, 0x4(x20)
#4018 0 80000274     44d2 r 09         00000004  c.lwsp   x9, 0x14
#4019 0 80000276     4942 r 12         f0041020  c.lwsp   x18, 0x10
#4020 0 80000278     49b2 r 13         f0041018  c.lwsp   x19, 0xc
#4021 0 8000027a     4a22 r 14         f0041010  c.lwsp   x20, 0x8
#4022 0 8000027c     6105 r 02         f0040fd0  c.addi16sp 0x2
#4023 0 8000027e     8082 r 00         00000000  c.jr     x1
#4024 0 8000022e     4785 r 0f         00000001  c.li     x15, 0x1
#4025 0 80000230     874a r 0e         f0041020  c.mv     x14, x18
#4026 0 80000232 00f48663 r 00         00000000  beq      x9, x15, . + 0xc
#4027 0 80000236     8922 r 12         f0041028  c.mv     x18, x8
#4028 0 80000238     843a r 08         f0041020  c.mv     x8, x14
#4029 0 8000023a     bfe9 r 00         00000000  c.j      . - 0x26
#4030 0 80000214     14fd r 09         00000003  c.addi   x9, -0x1
#4031 0 80000216     85a6 r 0b         00000003  c.mv     x11, x9
#4032 0 80000218     8552 r 0a         f0041010  c.mv     x10, x20
#4033 0 8000021a     8722 r 0e         f0041020  c.mv     x14, x8
#4034 0 8000021c     86ce r 0d         f0041018  c.mv     x13, x19
#4035 0 8000021e     864a r 0c         f0041028  c.mv     x12, x18
#4036 0 80000220     3fd9 r 01         80000222  c.jal    . - 0x2a
#4037 0 800001f6     1101 r 02         f0040fb0  c.addi   x2, -0x20
#4038 0 800001f8     cc22 m f0040fc8   f0041020  c.swsp   x8, 0x18
#4039 0 800001fa     ca26 m f0040fc4   00000003  c.swsp   x9, 0x14
#4040 0 800001fc     c84a m f0040fc0   f0041028  c.swsp   x18, 0x10
#4041 0 800001fe     c64e m f0040fbc   f0041018  c.swsp   x19, 0xc
#4042 0 80000200     c452 m f0040fb8   f0041010  c.swsp   x20, 0x8
#4043 0 80000202     ce06 m f0040fcc   80000222  c.swsp   x1, 0x1c
#4044 0 80000204     4785 r 0f         00000001  c.li     x15, 0x1
#4045 0 80000206     8a2a r 14         f0041010  c.mv     x20, x10
#4046 0 80000208     8932 r 12         f0041028  c.mv     x18, x12
#4047 0 8000020a     89ba r 13         f0041020  c.mv     x19, x14
#4048 0 8000020c     84ae r 09         00000003  c.mv     x9, x11
#4049 0 8000020e     8436 r 08         f0041018  c.mv     x8, x13
#4050 0 80000210 02f58663 r 00         00000000  beq      x11, x15, . + 0x2c
#4051 0 80000214     14fd r 09         00000002  c.addi   x9, -0x1
#4052 0 80000216     85a6 r 0b         00000002  c.mv     x11, x9
#4053 0 80000218     8552 r 0a         f0041010  c.mv     x10, x20
#4054 0 8000021a     8722 r 0e         f0041018  c.mv     x14, x8
#4055 0 8000021c     86ce r 0d         f0041020  c.mv     x13, x19
#4056 0 8000021e     864a r 0c         f0041028  c.mv     x12, x18
#4057 0 80000220     3fd9 r 01         80000222  c.jal    . - 0x2a
#4058 0 800001f6     1101 r 02         f0040f90  c.addi   x2, -0x20
#4059 0 800001f8     cc22 m f0040fa8   f0041018  c.swsp   x8, 0x18
#4060 0 800001fa     ca26 m f0040fa4   00000002  c.swsp   x9, 0x14
#4061 0 800001fc     c84a m f0040fa0   f0041028  c.swsp   x18, 0x10
#4062 0 800001fe     c64e m f0040f9c   f0041020  c.swsp   x19, 0xc
#4063 0 80000200     c452 m f0040f98   f0041010  c.swsp   x20, 0x8
#4064 0 80000202     ce06 m f0040fac   80000222  c.swsp   x1, 0x1c
#4065 0 80000204     4785 r 0f         00000001  c.li     x15, 0x1
#4066 0 80000206     8a2a r 14         f0041010  c.mv     x20, x10
#4067 0 80000208     8932 r 12         f0041028  c.mv     x18, x12
#4068 0 8000020a     89ba r 13         f0041018  c.mv     x19, x14
#4069 0 8000020c     84ae r 09         00000002  c.mv     x9, x11
#4070 0 8000020e     8436 r 08         f0041020  c.mv     x8, x13
#4071 0 80000210 02f58663 r 00         00000000  beq      x11, x15, . + 0x2c
#4072 0 80000214     14fd r 09         00000001  c.addi   x9, -0x1
#4073 0 80000216     85a6 r 0b         00000001  c.mv     x11, x9
#4074 0 80000218     8552 r 0a         f0041010  c.mv     x10, x20
#4075 0 8000021a     8722 r 0e         f0041020  c.mv     x14, x8
#4076 0 8000021c     86ce r 0d         f0041018  c.mv     x13, x19
#4077 0 8000021e     864a r 0c         f0041028  c.mv     x12, x18
#4078 0 80000220     3fd9 r 01         80000222  c.jal    . - 0x2a
#4079 0 800001f6     1101 r 02         f0040f70  c.addi   x2, -0x20
#4080 0 800001f8     cc22 m f0040f88   f0041020  c.swsp   x8, 0x18
#4081 0 800001fa     ca26 m f0040f84   00000001  c.swsp   x9, 0x14
#4082 0 800001fc     c84a m f0040f80   f0041028  c.swsp   x18, 0x10
#4083 0 800001fe     c64e m f0040f7c   f0041018  c.swsp   x19, 0xc
#4084 0 80000200     c452 m f0040f78   f0041010  c.swsp   x20, 0x8
#4085 0 80000202     ce06 m f0040f8c   80000222  c.swsp   x1, 0x1c
#4086 0 80000204     4785 r 0f         00000001  c.li     x15, 0x1
#4087 0 80000206     8a2a r 14         f0041010  c.mv     x20, x10
#4088 0 80000208     8932 r 12         f0041028  c.mv     x18, x12
#4089 0 8000020a     89ba r 13         f0041020  c.mv     x19, x14
#4090 0 8000020c     84ae r 09         00000001  c.mv     x9, x11
#4091 0 8000020e     8436 r 08         f0041018  c.mv     x8, x13
#4092 0 80000210 02f58663 r 00         00000000  beq      x11, x15, . + 0x2c
#4093 0 8000023c     8432 r 08         f0041028  c.mv     x8, x12
#4094 0 8000023e     405c r 0f         f0040030  c.lw     x15, 0x4(x8)
#4095 0 80000240     4014 r 0d         00000005  c.lw     x13, 0x0(x8)
#4096 0 80000242 004a2703 r 0e         00000050  lw       x14, 0x4(x20)
#4097 0 80000246     43cc r 0b         f0040028  c.lw     x11, 0x4(x15)
#4098 0 80000248     4390 r 0c         00000001  c.lw     x12, 0x0(x15)
#4099 0 8000024a     16fd r 0d         00000004  c.addi   x13, -0x1
#4100 0 8000024c     c04c m f004102c   f0040028  c.sw     x11, 0x4(x8)
#4101 0 8000024e 0049a583 r 0b         f0040008  lw       x11, 0x4(x19)
#4102 0 80000252     c014 m f0041028   00000004  c.sw     x13, 0x0(x8)
#4103 0 80000254 0009a683 r 0d         00000001  lw       x13, 0x0(x19)
#4104 0 80000258     c3cc m f0040034   f0040008  c.sw     x11, 0x4(x15)
#4105 0 8000025a 00f9a223 m f0041024   f0040030  sw       x15, 0x4(x19)
#4106 0 8000025e     c390 m f0040030   00000001  c.sw     x12, 0x0(x15)
#4107 0 80000260     40f2 r 01         80000222  c.lwsp   x1, 0x1c
#4108 0 80000262     4462 r 08         f0041020  c.lwsp   x8, 0x18
#4109 0 80000264 00168793 r 0f         00000002  addi     x15, x13, 0x1
#4110 0 80000268 00f9a023 m f0041020   00000002  sw       x15, 0x0(x19)
#4111 0 8000026c 00170793 r 0f         00000051  addi     x15, x14, 0x1
#4112 0 80000270 00fa2223 m f0041014   00000051  sw       x15, 0x4(x20)
#4113 0 80000274     44d2 r 09         00000001  c.lwsp   x9, 0x14
#4114 0 80000276     4942 r 12         f0041028  c.lwsp   x18, 0x10
#4115 0 80000278     49b2 r 13         f0041018  c.lwsp   x19, 0xc
#4116 0 8000027a     4a22 r 14         f0041010  c.lwsp   x20, 0x8
#4117 0 8000027c     6105 r 02         f0040f90  c.addi16sp 0x2
#4118 0 8000027e     8082 r 00         00000000  c.jr     x1
#4119 0 80000222     874e r 0e         f0041018  c.mv     x14, x19
#4120 0 80000224     86a2 r 0d         f0041020  c.mv     x13, x8
#4121 0 80000226     864a r 0c         f0041028  c.mv     x12, x18
#4122 0 80000228     4585 r 0b         00000001  c.li     x11, 0x1
#4123 0 8000022a     8552 r 0a         f0041010  c.mv     x10, x20
#4124 0 8000022c     37e9 r 01         8000022e  c.jal    . - 0x36
#4125 0 800001f6     1101 r 02         f0040f70  c.addi   x2, -0x20
#4126 0 800001f8     cc22 m f0040f88   f0041020  c.swsp   x8, 0x18
#4127 0 800001fa     ca26 m f0040f84   00000001  c.swsp   x9, 0x14
#4128 0 800001fc     c84a m f0040f80   f0041028  c.swsp   x18, 0x10
#4129 0 800001fe     c64e m f0040f7c   f0041018  c.swsp   x19, 0xc
#4130 0 80000200     c452 m f0040f78   f0041010  c.swsp   x20, 0x8
#4131 0 80000202     ce06 m f0040f8c   8000022e  c.swsp   x1, 0x1c
#4132 0 80000204     4785 r 0f         00000001  c.li     x15, 0x1
#4133 0 80000206     8a2a r 14         f0041010  c.mv     x20, x10
#4134 0 80000208     8932 r 12         f0041028  c.mv     x18, x12
#4135 0 8000020a     89ba r 13         f0041018  c.mv     x19, x14
#4136 0 8000020c     84ae r 09         00000001  c.mv     x9, x11
#4137 0 8000020e     8436 r 08         f0041020  c.mv     x8, x13
#4138 0 80000210 02f58663 r 00         00000000  beq      x11, x15, . + 0x2c
#4139 0 8000023c     8432 r 08         f0041028  c.mv     x8, x12
#4140 0 8000023e     405c r 0f         f0040028  c.lw     x15, 0x4(x8)
#4141 0 80000240     4014 r 0d         00000004  c.lw     x13, 0x0(x8)
#4142 0 80000242 004a2703 r 0e         00000051  lw       x14, 0x4(x20)
#4143 0 80000246     43cc r 0b         f0040020  c.lw     x11, 0x4(x15)
#4144 0 80000248     4390 r 0c         00000002  c.lw     x12, 0x0(x15)
#4145 0 8000024a     16fd r 0d         00000003  c.addi   x13, -0x1
#4146 0 8000024c     c04c m f004102c   f0040020  c.sw     x11, 0x4(x8)
#4147 0 8000024e 0049a583 r 0b         f0040010  lw       x11, 0x4(x19)
#4148 0 80000252     c014 m f0041028   00000003  c.sw     x13, 0x0(x8)
#4149 0 80000254 0009a683 r 0d         00000001  lw       x13, 0x0(x19)
#4150 0 80000258     c3cc m f004002c   f0040010  c.sw     x11, 0x4(x15)
#4151 0 8000025a 00f9a223 m f004101c   f0040028  sw       x15, 0x4(x19)
#4152 0 8000025e     c390 m f0040028   00000002  c.sw     x12, 0x0(x15)
#4153 0 80000260     40f2 r 01         8000022e  c.lwsp   x1, 0x1c
#4154 0 80000262     4462 r 08         f0041020  c.lwsp   x8, 0x18
#4155 0 80000264 00168793 r 0f         00000002  addi     x15, x13, 0x1
#4156 0 80000268 00f9a023 m f0041018   00000002  sw       x15, 0x0(x19)
#4157 0 8000026c 00170793 r 0f         00000052  addi     x15, x14, 0x1
#4158 0 80000270 00fa2223 m f0041014   00000052  sw       x15, 0x4(x20)
#4159 0 80000274     44d2 r 09         00000001  c.lwsp   x9, 0x14
#4160 0 80000276     4942 r 12         f0041028  c.lwsp   x18, 0x10
#4161 0 80000278     49b2 r 13         f0041018  c.lwsp   x19, 0xc
#4162 0 8000027a     4a22 r 14         f0041010  c.lwsp   x20, 0x8
#4163 0 8000027c     6105 r 02         f0040f90  c.addi16sp 0x2
#4164 0 8000027e     8082 r 00         00000000  c.jr     x1
#4165 0 8000022e     4785 r 0f         00000001  c.li     x15, 0x1
#4166 0 80000230     874a r 0e         f0041028  c.mv     x14, x18
#4167 0 80000232 00f48663 r 00         00000000  beq      x9, x15, . + 0xc
#4168 0 8000023e     405c r 0f         f0040030  c.lw     x15, 0x4(x8)
#4169 0 80000240     4014 r 0d         00000002  c.lw     x13, 0x0(x8)
#4170 0 80000242 004a2703 r 0e         00000052  lw       x14, 0x4(x20)
#4171 0 80000246     43cc r 0b         f0040008  c.lw     x11, 0x4(x15)
#4172 0 80000248     4390 r 0c         00000001  c.lw     x12, 0x0(x15)
#4173 0 8000024a     16fd r 0d         00000001  c.addi   x13, -0x1
#4174 0 8000024c     c04c m f0041024   f0040008  c.sw     x11, 0x4(x8)
#4175 0 8000024e 0049a583 r 0b         f0040028  lw       x11, 0x4(x19)
#4176 0 80000252     c014 m f0041020   00000001  c.sw     x13, 0x0(x8)
#4177 0 80000254 0009a683 r 0d         00000002  lw       x13, 0x0(x19)
#4178 0 80000258     c3cc m f0040034   f0040028  c.sw     x11, 0x4(x15)
#4179 0 8000025a 00f9a223 m f004101c   f0040030  sw       x15, 0x4(x19)
#4180 0 8000025e     c390 m f0040030   00000001  c.sw     x12, 0x0(x15)
#4181 0 80000260     40f2 r 01         80000222  c.lwsp   x1, 0x1c
#4182 0 80000262     4462 r 08         f0041018  c.lwsp   x8, 0x18
#4183 0 80000264 00168793 r 0f         00000003  addi     x15, x13, 0x1
#4184 0 80000268 00f9a023 m f0041018   00000003  sw       x15, 0x0(x19)
#4185 0 8000026c 00170793 r 0f         00000053  addi     x15, x14, 0x1
#4186 0 80000270 00fa2223 m f0041014   00000053  sw       x15, 0x4(x20)
#4187 0 80000274     44d2 r 09         00000002  c.lwsp   x9, 0x14
#4188 0 80000276     4942 r 12         f0041028  c.lwsp   x18, 0x10
#4189 0 80000278     49b2 r 13         f0041020  c.lwsp   x19, 0xc
#4190 0 8000027a     4a22 r 14         f0041010  c.lwsp   x20, 0x8
#4191 0 8000027c     6105 r 02         f0040fb0  c.addi16sp 0x2
#4192 0 8000027e     8082 r 00         00000000  c.jr     x1
#4193 0 80000222     874e r 0e         f0041020  c.mv     x14, x19
#4194 0 80000224     86a2 r 0d         f0041018  c.mv     x13, x8
#4195 0 80000226     864a r 0c         f0041028  c.mv     x12, x18
#4196 0 80000228     4585 r 0b         00000001  c.li     x11, 0x1
#4197 0 8000022a     8552 r 0a         f0041010  c.mv     x10, x20
#4198 0 8000022c     37e9 r 01         8000022e  c.jal    . - 0x36
#4199 0 800001f6     1101 r 02         f0040f90  c.addi   x2, -0x20
#4200 0 800001f8     cc22 m f0040fa8   f0041018  c.swsp   x8, 0x18
#4201 0 800001fa     ca26 m f0040fa4   00000002  c.swsp   x9, 0x14
#4202 0 800001fc     c84a m f0040fa0   f0041028  c.swsp   x18, 0x10
#4203 0 800001fe     c64e m f0040f9c   f0041020  c.swsp   x19, 0xc
#4204 0 80000200     c452 m f0040f98   f0041010  c.swsp   x20, 0x8
#4205 0 80000202     ce06 m f0040fac   8000022e  c.swsp   x1, 0x1c
#4206 0 80000204     4785 r 0f         00000001  c.li     x15, 0x1
#4207 0 80000206     8a2a r 14         f0041010  c.mv     x20, x10
#4208 0 80000208     8932 r 12         f0041028  c.mv     x18, x12
#4209 0 8000020a     89ba r 13         f0041020  c.mv     x19, x14
#4210 0 8000020c     84ae r 09         00000001  c.mv     x9, x11
#4211 0 8000020e     8436 r 08         f0041018  c.mv     x8, x13
#4212 0 80000210 02f58663 r 00         00000000  beq      x11, x15, . + 0x2c
#4213 0 8000023c     8432 r 08         f0041028  c.mv     x8, x12
#4214 0 8000023e     405c r 0f         f0040020  c.lw     x15, 0x4(x8)
#4215 0 80000240     4014 r 0d         00000003  c.lw     x13, 0x0(x8)
#4216 0 80000242 004a2703 r 0e         00000053  lw       x14, 0x4(x20)
#4217 0 80000246     43cc r 0b         f0040018  c.lw     x11, 0x4(x15)
#4218 0 80000248     4390 r 0c         00000003  c.lw     x12, 0x0(x15)
#4219 0 8000024a     16fd r 0d         00000002  c.addi   x13, -0x1
#4220 0 8000024c     c04c m f004102c   f0040018  c.sw     x11, 0x4(x8)
#4221 0 8000024e 0049a583 r 0b         f0040008  lw       x11, 0x4(x19)
#4222 0 80000252     c014 m f0041028   00000002  c.sw     x13, 0x0(x8)
#4223 0 80000254 0009a683 r 0d         00000001  lw       x13, 0x0(x19)
#4224 0 80000258     c3cc m f0040024   f0040008  c.sw     x11, 0x4(x15)
#4225 0 8000025a 00f9a223 m f0041024   f0040020  sw       x15, 0x4(x19)
#4226 0 8000025e     c390 m f0040020   00000003  c.sw     x12, 0x0(x15)
#4227 0 80000260     40f2 r 01         8000022e  c.lwsp   x1, 0x1c
#4228 0 80000262     4462 r 08         f0041018  c.lwsp   x8, 0x18
#4229 0 80000264 00168793 r 0f         00000002  addi     x15, x13, 0x1
#4230 0 80000268 00f9a023 m f0041020   00000002  sw       x15, 0x0(x19)
#4231 0 8000026c 00170793 r 0f         00000054  addi     x15, x14, 0x1
#4232 0 80000270 00fa2223 m f0041014   00000054  sw       x15, 0x4(x20)
#4233 0 80000274     44d2 r 09         00000002  c.lwsp   x9, 0x14
#4234 0 80000276     4942 r 12         f0041028  c.lwsp   x18, 0x10
#4235 0 80000278     49b2 r 13         f0041020  c.lwsp   x19, 0xc
#4236 0 8000027a     4a22 r 14         f0041010  c.lwsp   x20, 0x8
#4237 0 8000027c     6105 r 02         f0040fb0  c.addi16sp 0x2
#4238 0 8000027e     8082 r 00         00000000  c.jr     x1
#4239 0 8000022e     4785 r 0f         00000001  c.li     x15, 0x1
#4240 0 80000230     874a r 0e         f0041028  c.mv     x14, x18
#4241 0 80000232 00f48663 r 00         00000000  beq      x9, x15, . + 0xc
#4242 0 80000236     8922 r 12         f0041018  c.mv     x18, x8
#4243 0 80000238     843a r 08         f0041028  c.mv     x8, x14
#4244 0 8000023a     bfe9 r 00         00000000  c.j      . - 0x26
#4245 0 80000214     14fd r 09         00000001  c.addi   x9, -0x1
#4246 0 80000216     85a6 r 0b         00000001  c.mv     x11, x9
#4247 0 80000218     8552 r 0a         f0041010  c.mv     x10, x20
#4248 0 8000021a     8722 r 0e         f0041028  c.mv     x14, x8
#4249 0 8000021c     86ce r 0d         f0041020  c.mv     x13, x19
#4250 0 8000021e     864a r 0c         f0041018  c.mv     x12, x18
#4251 0 80000220     3fd9 r 01         80000222  c.jal    . - 0x2a
#4252 0 800001f6     1101 r 02         f0040f90  c.addi   x2, -0x20
#4253 0 800001f8     cc22 m f0040fa8   f0041028  c.swsp   x8, 0x18
#4254 0 800001fa     ca26 m f0040fa4   00000001  c.swsp   x9, 0x14
#4255 0 800001fc     c84a m f0040fa0   f0041018  c.swsp   x18, 0x10
#4256 0 800001fe     c64e m f0040f9c   f0041020  c.swsp   x19, 0xc
#4257 0 80000200     c452 m f0040f98   f0041010  c.swsp   x20, 0x8
#4258 0 80000202     ce06 m f0040fac   80000222  c.swsp   x1, 0x1c
#4259 0 80000204     4785 r 0f         00000001  c.li     x15, 0x1
#4260 0 80000206     8a2a r 14         f0041010  c.mv     x20, x10
#4261 0 80000208     8932 r 12         f0041018  c.mv     x18, x12
#4262 0 8000020a     89ba r 13         f0041028  c.mv     x19, x14
#4263 0 8000020c     84ae r 09         00000001  c.mv     x9, x11
#4264 0 8000020e     8436 r 08         f0041020  c.mv     x8, x13
#4265 0 80000210 02f58663 r 00         00000000  beq      x11, x15, . + 0x2c
#4266 0 8000023c     8432 r 08         f0041018  c.mv     x8, x12
#4267 0 8000023e     405c r 0f         f0040030  c.lw     x15, 0x4(x8)
#4268 0 80000240     4014 r 0d         00000003  c.lw     x13, 0x0(x8)
#4269 0 80000242 004a2703 r 0e         00000054  lw       x14, 0x4(x20)
#4270 0 80000246     43cc r 0b         f0040028  c.lw     x11, 0x4(x15)
#4271 0 80000248     4390 r 0c         00000001  c.lw     x12, 0x0(x15)
#4272 0 8000024a     16fd r 0d         00000002  c.addi   x13, -0x1
#4273 0 8000024c     c04c m f004101c   f0040028  c.sw     x11, 0x4(x8)
#4274 0 8000024e 0049a583 r 0b         f0040018  lw       x11, 0x4(x19)
#4275 0 80000252     c014 m f0041018   00000002  c.sw     x13, 0x0(x8)
#4276 0 80000254 0009a683 r 0d         00000002  lw       x13, 0x0(x19)
#4277 0 80000258     c3cc m f0040034   f0040018  c.sw     x11, 0x4(x15)
#4278 0 8000025a 00f9a223 m f004102c   f0040030  sw       x15, 0x4(x19)
#4279 0 8000025e     c390 m f0040030   00000001  c.sw     x12, 0x0(x15)
#4280 0 80000260     40f2 r 01         80000222  c.lwsp   x1, 0x1c
#4281 0 80000262     4462 r 08         f0041028  c.lwsp   x8, 0x18
#4282 0 80000264 00168793 r 0f         00000003  addi     x15, x13, 0x1
#4283 0 80000268 00f9a023 m f0041028   00000003  sw       x15, 0x0(x19)
#4284 0 8000026c 00170793 r 0f         00000055  addi     x15, x14, 0x1
#4285 0 80000270 00fa2223 m f0041014   00000055  sw       x15, 0x4(x20)
#4286 0 80000274     44d2 r 09         00000001  c.lwsp   x9, 0x14
#4287 0 80000276     4942 r 12         f0041018  c.lwsp   x18, 0x10
#4288 0 80000278     49b2 r 13         f0041020  c.lwsp   x19, 0xc
#4289 0 8000027a     4a22 r 14         f0041010  c.lwsp   x20, 0x8
#4290 0 8000027c     6105 r 02         f0040fb0  c.addi16sp 0x2
#4291 0 8000027e     8082 r 00         00000000  c.jr     x1
#4292 0 80000222     874e r 0e         f0041020  c.mv     x14, x19
#4293 0 80000224     86a2 r 0d         f0041028  c.mv     x13, x8
#4294 0 80000226     864a r 0c         f0041018  c.mv     x12, x18
#4295 0 80000228     4585 r 0b         00000001  c.li     x11, 0x1
#4296 0 8000022a     8552 r 0a         f0041010  c.mv     x10, x20
#4297 0 8000022c     37e9 r 01         8000022e  c.jal    . - 0x36
#4298 0 800001f6     1101 r 02         f0040f90  c.addi   x2, -0x20
#4299 0 800001f8     cc22 m f0040fa8   f0041028  c.swsp   x8, 0x18
#4300 0 800001fa     ca26 m f0040fa4   00000001  c.swsp   x9, 0x14
#4301 0 800001fc     c84a m f0040fa0   f0041018  c.swsp   x18, 0x10
#4302 0 800001fe     c64e m f0040f9c   f0041020  c.swsp   x19, 0xc
#4303 0 80000200     c452 m f0040f98   f0041010  c.swsp   x20, 0x8
#4304 0 80000202     ce06 m f0040fac   8000022e  c.swsp   x1, 0x1c
#4305 0 80000204     4785 r 0f         00000001  c.li     x15, 0x1
#4306 0 80000206     8a2a r 14         f0041010  c.mv     x20, x10
#4307 0 80000208     8932 r 12         f0041018  c.mv     x18, x12
#4308 0 8000020a     89ba r 13         f0041020  c.mv     x19, x14
#4309 0 8000020c     84ae r 09         00000001  c.mv     x9, x11
#4310 0 8000020e     8436 r 08         f0041028  c.mv     x8, x13
#4311 0 80000210 02f58663 r 00         00000000  beq      x11, x15, . + 0x2c
#4312 0 8000023c     8432 r 08         f0041018  c.mv     x8, x12
#4313 0 8000023e     405c r 0f         f0040028  c.lw     x15, 0x4(x8)
#4314 0 80000240     4014 r 0d         00000002  c.lw     x13, 0x0(x8)
#4315 0 80000242 004a2703 r 0e         00000055  lw       x14, 0x4(x20)
#4316 0 80000246     43cc r 0b         f0040010  c.lw     x11, 0x4(x15)
#4317 0 80000248     4390 r 0c         00000002  c.lw     x12, 0x0(x15)
#4318 0 8000024a     16fd r 0d         00000001  c.addi   x13, -0x1
#4319 0 8000024c     c04c m f004101c   f0040010  c.sw     x11, 0x4(x8)
#4320 0 8000024e 0049a583 r 0b         f0040020  lw       x11, 0x4(x19)
#4321 0 80000252     c014 m f0041018   00000001  c.sw     x13, 0x0(x8)
#4322 0 80000254 0009a683 r 0d         00000002  lw       x13, 0x0(x19)
#4323 0 80000258     c3cc m f004002c   f0040020  c.sw     x11, 0x4(x15)
#4324 0 8000025a 00f9a223 m f0041024   f0040028  sw       x15, 0x4(x19)
#4325 0 8000025e     c390 m f0040028   00000002  c.sw     x12, 0x0(x15)
#4326 0 80000260     40f2 r 01         8000022e  c.lwsp   x1, 0x1c
#4327 0 80000262     4462 r 08         f0041028  c.lwsp   x8, 0x18
#4328 0 80000264 00168793 r 0f         00000003  addi     x15, x13, 0x1
#4329 0 80000268 00f9a023 m f0041020   00000003  sw       x15, 0x0(x19)
#4330 0 8000026c 00170793 r 0f         00000056  addi     x15, x14, 0x1
#4331 0 80000270 00fa2223 m f0041014   00000056  sw       x15, 0x4(x20)
#4332 0 80000274     44d2 r 09         00000001  c.lwsp   x9, 0x14
#4333 0 80000276     4942 r 12         f0041018  c.lwsp   x18, 0x10
#4334 0 80000278     49b2 r 13         f0041020  c.lwsp   x19, 0xc
#4335 0 8000027a     4a22 r 14         f0041010  c.lwsp   x20, 0x8
#4336 0 8000027c     6105 r 02         f0040fb0  c.addi16sp 0x2
#4337 0 8000027e     8082 r 00         00000000  c.jr     x1
#4338 0 8000022e     4785 r 0f         00000001  c.li     x15, 0x1
#4339 0 80000230     874a r 0e         f0041018  c.mv     x14, x18
#4340 0 80000232 00f48663 r 00         00000000  beq      x9, x15, . + 0xc
#4341 0 8000023e     405c r 0f         f0040030  c.lw     x15, 0x4(x8)
#4342 0 80000240     4014 r 0d         00000003  c.lw     x13, 0x0(x8)
#4343 0 80000242 004a2703 r 0e         00000056  lw       x14, 0x4(x20)
#4344 0 80000246     43cc r 0b         f0040018  c.lw     x11, 0x4(x15)
#4345 0 80000248     4390 r 0c         00000001  c.lw     x12, 0x0(x15)
#4346 0 8000024a     16fd r 0d         00000002  c.addi   x13, -0x1
#4347 0 8000024c     c04c m f004102c   f0040018  c.sw     x11, 0x4(x8)
#4348 0 8000024e 0049a583 r 0b         f0040028  lw       x11, 0x4(x19)
#4349 0 80000252     c014 m f0041028   00000002  c.sw     x13, 0x0(x8)
#4350 0 80000254 0009a683 r 0d         00000003  lw       x13, 0x0(x19)
#4351 0 80000258     c3cc m f0040034   f0040028  c.sw     x11, 0x4(x15)
#4352 0 8000025a 00f9a223 m f0041024   f0040030  sw       x15, 0x4(x19)
#4353 0 8000025e     c390 m f0040030   00000001  c.sw     x12, 0x0(x15)
#4354 0 80000260     40f2 r 01         80000222  c.lwsp   x1, 0x1c
#4355 0 80000262     4462 r 08         f0041020  c.lwsp   x8, 0x18
#4356 0 80000264 00168793 r 0f         00000004  addi     x15, x13, 0x1
#4357 0 80000268 00f9a023 m f0041020   00000004  sw       x15, 0x0(x19)
#4358 0 8000026c 00170793 r 0f         00000057  addi     x15, x14, 0x1
#4359 0 80000270 00fa2223 m f0041014   00000057  sw       x15, 0x4(x20)
#4360 0 80000274     44d2 r 09         00000003  c.lwsp   x9, 0x14
#4361 0 80000276     4942 r 12         f0041028  c.lwsp   x18, 0x10
#4362 0 80000278     49b2 r 13         f0041018  c.lwsp   x19, 0xc
#4363 0 8000027a     4a22 r 14         f0041010  c.lwsp   x20, 0x8
#4364 0 8000027c     6105 r 02         f0040fd0  c.addi16sp 0x2
#4365 0 8000027e     8082 r 00         00000000  c.jr     x1
#4366 0 80000222     874e r 0e         f0041018  c.mv     x14, x19
#4367 0 80000224     86a2 r 0d         f0041020  c.mv     x13, x8
#4368 0 80000226     864a r 0c         f0041028  c.mv     x12, x18
#4369 0 80000228     4585 r 0b         00000001  c.li     x11, 0x1
#4370 0 8000022a     8552 r 0a         f0041010  c.mv     x10, x20
#4371 0 8000022c     37e9 r 01         8000022e  c.jal    . - 0x36
#4372 0 800001f6     1101 r 02         f0040fb0  c.addi   x2, -0x20
#4373 0 800001f8     cc22 m f0040fc8   f0041020  c.swsp   x8, 0x18
#4374 0 800001fa     ca26 m f0040fc4   00000003  c.swsp   x9, 0x14
#4375 0 800001fc     c84a m f0040fc0   f0041028  c.swsp   x18, 0x10
#4376 0 800001fe     c64e m f0040fbc   f0041018  c.swsp   x19, 0xc
#4377 0 80000200     c452 m f0040fb8   f0041010  c.swsp   x20, 0x8
#4378 0 80000202     ce06 m f0040fcc   8000022e  c.swsp   x1, 0x1c
#4379 0 80000204     4785 r 0f         00000001  c.li     x15, 0x1
#4380 0 80000206     8a2a r 14         f0041010  c.mv     x20, x10
#4381 0 80000208     8932 r 12         f0041028  c.mv     x18, x12
#4382 0 8000020a     89ba r 13         f0041018  c.mv     x19, x14
#4383 0 8000020c     84ae r 09         00000001  c.mv     x9, x11
#4384 0 8000020e     8436 r 08         f0041020  c.mv     x8, x13
#4385 0 80000210 02f58663 r 00         00000000  beq      x11, x15, . + 0x2c
#4386 0 8000023c     8432 r 08         f0041028  c.mv     x8, x12
#4387 0 8000023e     405c r 0f         f0040018  c.lw     x15, 0x4(x8)
#4388 0 80000240     4014 r 0d         00000002  c.lw     x13, 0x0(x8)
#4389 0 80000242 004a2703 r 0e         00000057  lw       x14, 0x4(x20)
#4390 0 80000246     43cc r 0b         f0040000  c.lw     x11, 0x4(x15)
#4391 0 80000248     4390 r 0c         00000004  c.lw     x12, 0x0(x15)
#4392 0 8000024a     16fd r 0d         00000001  c.addi   x13, -0x1
#4393 0 8000024c     c04c m f004102c   f0040000  c.sw     x11, 0x4(x8)
#4394 0 8000024e 0049a583 r 0b         f0040010  lw       x11, 0x4(x19)
#4395 0 80000252     c014 m f0041028   00000001  c.sw     x13, 0x0(x8)
#4396 0 80000254 0009a683 r 0d         00000001  lw       x13, 0x0(x19)
#4397 0 80000258     c3cc m f004001c   f0040010  c.sw     x11, 0x4(x15)
#4398 0 8000025a 00f9a223 m f004101c   f0040018  sw       x15, 0x4(x19)
#4399 0 8000025e     c390 m f0040018   00000004  c.sw     x12, 0x0(x15)
#4400 0 80000260     40f2 r 01         8000022e  c.lwsp   x1, 0x1c
#4401 0 80000262     4462 r 08         f0041020  c.lwsp   x8, 0x18
#4402 0 80000264 00168793 r 0f         00000002  addi     x15, x13, 0x1
#4403 0 80000268 00f9a023 m f0041018   00000002  sw       x15, 0x0(x19)
#4404 0 8000026c 00170793 r 0f         00000058  addi     x15, x14, 0x1
#4405 0 80000270 00fa2223 m f0041014   00000058  sw       x15, 0x4(x20)
#4406 0 80000274     44d2 r 09         00000003  c.lwsp   x9, 0x14
#4407 0 80000276     4942 r 12         f0041028  c.lwsp   x18, 0x10
#4408 0 80000278     49b2 r 13         f0041018  c.lwsp   x19, 0xc
#4409 0 8000027a     4a22 r 14         f0041010  c.lwsp   x20, 0x8
#4410 0 8000027c     6105 r 02         f0040fd0  c.addi16sp 0x2
#4411 0 8000027e     8082 r 00         00000000  c.jr     x1
#4412 0 8000022e     4785 r 0f         00000001  c.li     x15, 0x1
#4413 0 80000230     874a r 0e         f0041028  c.mv     x14, x18
#4414 0 80000232 00f48663 r 00         00000000  beq      x9, x15, . + 0xc
#4415 0 80000236     8922 r 12         f0041020  c.mv     x18, x8
#4416 0 80000238     843a r 08         f0041028  c.mv     x8, x14
#4417 0 8000023a     bfe9 r 00         00000000  c.j      . - 0x26
#4418 0 80000214     14fd r 09         00000002  c.addi   x9, -0x1
#4419 0 80000216     85a6 r 0b         00000002  c.mv     x11, x9
#4420 0 80000218     8552 r 0a         f0041010  c.mv     x10, x20
#4421 0 8000021a     8722 r 0e         f0041028  c.mv     x14, x8
#4422 0 8000021c     86ce r 0d         f0041018  c.mv     x13, x19
#4423 0 8000021e     864a r 0c         f0041020  c.mv     x12, x18
#4424 0 80000220     3fd9 r 01         80000222  c.jal    . - 0x2a
#4425 0 800001f6     1101 r 02         f0040fb0  c.addi   x2, -0x20
#4426 0 800001f8     cc22 m f0040fc8   f0041028  c.swsp   x8, 0x18
#4427 0 800001fa     ca26 m f0040fc4   00000002  c.swsp   x9, 0x14
#4428 0 800001fc     c84a m f0040fc0   f0041020  c.swsp   x18, 0x10
#4429 0 800001fe     c64e m f0040fbc   f0041018  c.swsp   x19, 0xc
#4430 0 80000200     c452 m f0040fb8   f0041010  c.swsp   x20, 0x8
#4431 0 80000202     ce06 m f0040fcc   80000222  c.swsp   x1, 0x1c
#4432 0 80000204     4785 r 0f         00000001  c.li     x15, 0x1
#4433 0 80000206     8a2a r 14         f0041010  c.mv     x20, x10
#4434 0 80000208     8932 r 12         f0041020  c.mv     x18, x12
#4435 0 8000020a     89ba r 13         f0041028  c.mv     x19, x14
#4436 0 8000020c     84ae r 09         00000002  c.mv     x9, x11
#4437 0 8000020e     8436 r 08         f0041018  c.mv     x8, x13
#4438 0 80000210 02f58663 r 00         00000000  beq      x11, x15, . + 0x2c
#4439 0 80000214     14fd r 09         00000001  c.addi   x9, -0x1
#4440 0 80000216     85a6 r 0b         00000001  c.mv     x11, x9
#4441 0 80000218     8552 r 0a         f0041010  c.mv     x10, x20
#4442 0 8000021a     8722 r 0e         f0041018  c.mv     x14, x8
#4443 0 8000021c     86ce r 0d         f0041028  c.mv     x13, x19
#4444 0 8000021e     864a r 0c         f0041020  c.mv     x12, x18
#4445 0 80000220     3fd9 r 01         80000222  c.jal    . - 0x2a
#4446 0 800001f6     1101 r 02         f0040f90  c.addi   x2, -0x20
#4447 0 800001f8     cc22 m f0040fa8   f0041018  c.swsp   x8, 0x18
#4448 0 800001fa     ca26 m f0040fa4   00000001  c.swsp   x9, 0x14
#4449 0 800001fc     c84a m f0040fa0   f0041020  c.swsp   x18, 0x10
#4450 0 800001fe     c64e m f0040f9c   f0041028  c.swsp   x19, 0xc
#4451 0 80000200     c452 m f0040f98   f0041010  c.swsp   x20, 0x8
#4452 0 80000202     ce06 m f0040fac   80000222  c.swsp   x1, 0x1c
#4453 0 80000204     4785 r 0f         00000001  c.li     x15, 0x1
#4454 0 80000206     8a2a r 14         f0041010  c.mv     x20, x10
#4455 0 80000208     8932 r 12         f0041020  c.mv     x18, x12
#4456 0 8000020a     89ba r 13         f0041018  c.mv     x19, x14
#4457 0 8000020c     84ae r 09         00000001  c.mv     x9, x11
#4458 0 8000020e     8436 r 08         f0041028  c.mv     x8, x13
#4459 0 80000210 02f58663 r 00         00000000  beq      x11, x15, . + 0x2c
#4460 0 8000023c     8432 r 08         f0041020  c.mv     x8, x12
#4461 0 8000023e     405c r 0f         f0040030  c.lw     x15, 0x4(x8)
#4462 0 80000240     4014 r 0d         00000004  c.lw     x13, 0x0(x8)
#4463 0 80000242 004a2703 r 0e         00000058  lw       x14, 0x4(x20)
#4464 0 80000246     43cc r 0b         f0040028  c.lw     x11, 0x4(x15)
#4465 0 80000248     4390 r 0c         00000001  c.lw     x12, 0x0(x15)
#4466 0 8000024a     16fd r 0d         00000003  c.addi   x13, -0x1
#4467 0 8000024c     c04c m f0041024   f0040028  c.sw     x11, 0x4(x8)
#4468 0 8000024e 0049a583 r 0b         f0040018  lw       x11, 0x4(x19)
#4469 0 80000252     c014 m f0041020   00000003  c.sw     x13, 0x0(x8)
#4470 0 80000254 0009a683 r 0d         00000002  lw       x13, 0x0(x19)
#4471 0 80000258     c3cc m f0040034   f0040018  c.sw     x11, 0x4(x15)
#4472 0 8000025a 00f9a223 m f004101c   f0040030  sw       x15, 0x4(x19)
#4473 0 8000025e     c390 m f0040030   00000001  c.sw     x12, 0x0(x15)
#4474 0 80000260     40f2 r 01         80000222  c.lwsp   x1, 0x1c
#4475 0 80000262     4462 r 08         f0041018  c.lwsp   x8, 0x18
#4476 0 80000264 00168793 r 0f         00000003  addi     x15, x13, 0x1
#4477 0 80000268 00f9a023 m f0041018   00000003  sw       x15, 0x0(x19)
#4478 0 8000026c 00170793 r 0f         00000059  addi     x15, x14, 0x1
#4479 0 80000270 00fa2223 m f0041014   00000059  sw       x15, 0x4(x20)
#4480 0 80000274     44d2 r 09         00000001  c.lwsp   x9, 0x14
#4481 0 80000276     4942 r 12         f0041020  c.lwsp   x18, 0x10
#4482 0 80000278     49b2 r 13         f0041028  c.lwsp   x19, 0xc
#4483 0 8000027a     4a22 r 14         f0041010  c.lwsp   x20, 0x8
#4484 0 8000027c     6105 r 02         f0040fb0  c.addi16sp 0x2
#4485 0 8000027e     8082 r 00         00000000  c.jr     x1
#4486 0 80000222     874e r 0e         f0041028  c.mv     x14, x19
#4487 0 80000224     86a2 r 0d         f0041018  c.mv     x13, x8
#4488 0 80000226     864a r 0c         f0041020  c.mv     x12, x18
#4489 0 80000228     4585 r 0b         00000001  c.li     x11, 0x1
#4490 0 8000022a     8552 r 0a         f0041010  c.mv     x10, x20
#4491 0 8000022c     37e9 r 01         8000022e  c.jal    . - 0x36
#4492 0 800001f6     1101 r 02         f0040f90  c.addi   x2, -0x20
#4493 0 800001f8     cc22 m f0040fa8   f0041018  c.swsp   x8, 0x18
#4494 0 800001fa     ca26 m f0040fa4   00000001  c.swsp   x9, 0x14
#4495 0 800001fc     c84a m f0040fa0   f0041020  c.swsp   x18, 0x10
#4496 0 800001fe     c64e m f0040f9c   f0041028  c.swsp   x19, 0xc
#4497 0 80000200     c452 m f0040f98   f0041010  c.swsp   x20, 0x8
#4498 0 80000202     ce06 m f0040fac   8000022e  c.swsp   x1, 0x1c
#4499 0 80000204     4785 r 0f         00000001  c.li     x15, 0x1
#4500 0 80000206     8a2a r 14         f0041010  c.mv     x20, x10
#4501 0 80000208     8932 r 12         f0041020  c.mv     x18, x12
#4502 0 8000020a     89ba r 13         f0041028  c.mv     x19, x14
#4503 0 8000020c     84ae r 09         00000001  c.mv     x9, x11
#4504 0 8000020e     8436 r 08         f0041018  c.mv     x8, x13
#4505 0 80000210 02f58663 r 00         00000000  beq      x11, x15, . + 0x2c
#4506 0 8000023c     8432 r 08         f0041020  c.mv     x8, x12
#4507 0 8000023e     405c r 0f         f0040028  c.lw     x15, 0x4(x8)
#4508 0 80000240     4014 r 0d         00000003  c.lw     x13, 0x0(x8)
#4509 0 80000242 004a2703 r 0e         00000059  lw       x14, 0x4(x20)
#4510 0 80000246     43cc r 0b         f0040020  c.lw     x11, 0x4(x15)
#4511 0 80000248     4390 r 0c         00000002  c.lw     x12, 0x0(x15)
#4512 0 8000024a     16fd r 0d         00000002  c.addi   x13, -0x1
#4513 0 8000024c     c04c m f0041024   f0040020  c.sw     x11, 0x4(x8)
#4514 0 8000024e 0049a583 r 0b         f0040000  lw       x11, 0x4(x19)
#4515 0 80000252     c014 m f0041020   00000002  c.sw     x13, 0x0(x8)
#4516 0 80000254 0009a683 r 0d         00000001  lw       x13, 0x0(x19)
#4517 0 80000258     c3cc m f004002c   f0040000  c.sw     x11, 0x4(x15)
#4518 0 8000025a 00f9a223 m f004102c   f0040028  sw       x15, 0x4(x19)
#4519 0 8000025e     c390 m f0040028   00000002  c.sw     x12, 0x0(x15)
#4520 0 80000260     40f2 r 01         8000022e  c.lwsp   x1, 0x1c
#4521 0 80000262     4462 r 08         f0041018  c.lwsp   x8, 0x18
#4522 0 80000264 00168793 r 0f         00000002  addi     x15, x13, 0x1
#4523 0 80000268 00f9a023 m f0041028   00000002  sw       x15, 0x0(x19)
#4524 0 8000026c 00170793 r 0f         0000005a  addi     x15, x14, 0x1
#4525 0 80000270 00fa2223 m f0041014   0000005a  sw       x15, 0x4(x20)
#4526 0 80000274     44d2 r 09         00000001  c.lwsp   x9, 0x14
#4527 0 80000276     4942 r 12         f0041020  c.lwsp   x18, 0x10
#4528 0 80000278     49b2 r 13         f0041028  c.lwsp   x19, 0xc
#4529 0 8000027a     4a22 r 14         f0041010  c.lwsp   x20, 0x8
#4530 0 8000027c     6105 r 02         f0040fb0  c.addi16sp 0x2
#4531 0 8000027e     8082 r 00         00000000  c.jr     x1
#4532 0 8000022e     4785 r 0f         00000001  c.li     x15, 0x1
#4533 0 80000230     874a r 0e         f0041020  c.mv     x14, x18
#4534 0 80000232 00f48663 r 00         00000000  beq      x9, x15, . + 0xc
#4535 0 8000023e     405c r 0f         f0040030  c.lw     x15, 0x4(x8)
#4536 0 80000240     4014 r 0d         00000003  c.lw     x13, 0x0(x8)
#4537 0 80000242 004a2703 r 0e         0000005a  lw       x14, 0x4(x20)
#4538 0 80000246     43cc r 0b         f0040018  c.lw     x11, 0x4(x15)
#4539 0 80000248     4390 r 0c         00000001  c.lw     x12, 0x0(x15)
#4540 0 8000024a     16fd r 0d         00000002  c.addi   x13, -0x1
#4541 0 8000024c     c04c m f004101c   f0040018  c.sw     x11, 0x4(x8)
#4542 0 8000024e 0049a583 r 0b         f0040028  lw       x11, 0x4(x19)
#4543 0 80000252     c014 m f0041018   00000002  c.sw     x13, 0x0(x8)
#4544 0 80000254 0009a683 r 0d         00000002  lw       x13, 0x0(x19)
#4545 0 80000258     c3cc m f0040034   f0040028  c.sw     x11, 0x4(x15)
#4546 0 8000025a 00f9a223 m f004102c   f0040030  sw       x15, 0x4(x19)
#4547 0 8000025e     c390 m f0040030   00000001  c.sw     x12, 0x0(x15)
#4548 0 80000260     40f2 r 01         80000222  c.lwsp   x1, 0x1c
#4549 0 80000262     4462 r 08         f0041028  c.lwsp   x8, 0x18
#4550 0 80000264 00168793 r 0f         00000003  addi     x15, x13, 0x1
#4551 0 80000268 00f9a023 m f0041028   00000003  sw       x15, 0x0(x19)
#4552 0 8000026c 00170793 r 0f         0000005b  addi     x15, x14, 0x1
#4553 0 80000270 00fa2223 m f0041014   0000005b  sw       x15, 0x4(x20)
#4554 0 80000274     44d2 r 09         00000002  c.lwsp   x9, 0x14
#4555 0 80000276     4942 r 12         f0041020  c.lwsp   x18, 0x10
#4556 0 80000278     49b2 r 13         f0041018  c.lwsp   x19, 0xc
#4557 0 8000027a     4a22 r 14         f0041010  c.lwsp   x20, 0x8
#4558 0 8000027c     6105 r 02         f0040fd0  c.addi16sp 0x2
#4559 0 8000027e     8082 r 00         00000000  c.jr     x1
#4560 0 80000222     874e r 0e         f0041018  c.mv     x14, x19
#4561 0 80000224     86a2 r 0d         f0041028  c.mv     x13, x8
#4562 0 80000226     864a r 0c         f0041020  c.mv     x12, x18
#4563 0 80000228     4585 r 0b         00000001  c.li     x11, 0x1
#4564 0 8000022a     8552 r 0a         f0041010  c.mv     x10, x20
#4565 0 8000022c     37e9 r 01         8000022e  c.jal    . - 0x36
#4566 0 800001f6     1101 r 02         f0040fb0  c.addi   x2, -0x20
#4567 0 800001f8     cc22 m f0040fc8   f0041028  c.swsp   x8, 0x18
#4568 0 800001fa     ca26 m f0040fc4   00000002  c.swsp   x9, 0x14
#4569 0 800001fc     c84a m f0040fc0   f0041020  c.swsp   x18, 0x10
#4570 0 800001fe     c64e m f0040fbc   f0041018  c.swsp   x19, 0xc
#4571 0 80000200     c452 m f0040fb8   f0041010  c.swsp   x20, 0x8
#4572 0 80000202     ce06 m f0040fcc   8000022e  c.swsp   x1, 0x1c
#4573 0 80000204     4785 r 0f         00000001  c.li     x15, 0x1
#4574 0 80000206     8a2a r 14         f0041010  c.mv     x20, x10
#4575 0 80000208     8932 r 12         f0041020  c.mv     x18, x12
#4576 0 8000020a     89ba r 13         f0041018  c.mv     x19, x14
#4577 0 8000020c     84ae r 09         00000001  c.mv     x9, x11
#4578 0 8000020e     8436 r 08         f0041028  c.mv     x8, x13
#4579 0 80000210 02f58663 r 00         00000000  beq      x11, x15, . + 0x2c
#4580 0 8000023c     8432 r 08         f0041020  c.mv     x8, x12
#4581 0 8000023e     405c r 0f         f0040020  c.lw     x15, 0x4(x8)
#4582 0 80000240     4014 r 0d         00000002  c.lw     x13, 0x0(x8)
#4583 0 80000242 004a2703 r 0e         0000005b  lw       x14, 0x4(x20)
#4584 0 80000246     43cc r 0b         f0040008  c.lw     x11, 0x4(x15)
#4585 0 80000248     4390 r 0c         00000003  c.lw     x12, 0x0(x15)
#4586 0 8000024a     16fd r 0d         00000001  c.addi   x13, -0x1
#4587 0 8000024c     c04c m f0041024   f0040008  c.sw     x11, 0x4(x8)
#4588 0 8000024e 0049a583 r 0b         f0040018  lw       x11, 0x4(x19)
#4589 0 80000252     c014 m f0041020   00000001  c.sw     x13, 0x0(x8)
#4590 0 80000254 0009a683 r 0d         00000002  lw       x13, 0x0(x19)
#4591 0 80000258     c3cc m f0040024   f0040018  c.sw     x11, 0x4(x15)
#4592 0 8000025a 00f9a223 m f004101c   f0040020  sw       x15, 0x4(x19)
#4593 0 8000025e     c390 m f0040020   00000003  c.sw     x12, 0x0(x15)
#4594 0 80000260     40f2 r 01         8000022e  c.lwsp   x1, 0x1c
#4595 0 80000262     4462 r 08         f0041028  c.lwsp   x8, 0x18
#4596 0 80000264 00168793 r 0f         00000003  addi     x15, x13, 0x1
#4597 0 80000268 00f9a023 m f0041018   00000003  sw       x15, 0x0(x19)
#4598 0 8000026c 00170793 r 0f         0000005c  addi     x15, x14, 0x1
#4599 0 80000270 00fa2223 m f0041014   0000005c  sw       x15, 0x4(x20)
#4600 0 80000274     44d2 r 09         00000002  c.lwsp   x9, 0x14
#4601 0 80000276     4942 r 12         f0041020  c.lwsp   x18, 0x10
#4602 0 80000278     49b2 r 13         f0041018  c.lwsp   x19, 0xc
#4603 0 8000027a     4a22 r 14         f0041010  c.lwsp   x20, 0x8
#4604 0 8000027c     6105 r 02         f0040fd0  c.addi16sp 0x2
#4605 0 8000027e     8082 r 00         00000000  c.jr     x1
#4606 0 8000022e     4785 r 0f         00000001  c.li     x15, 0x1
#4607 0 80000230     874a r 0e         f0041020  c.mv     x14, x18
#4608 0 80000232 00f48663 r 00         00000000  beq      x9, x15, . + 0xc
#4609 0 80000236     8922 r 12         f0041028  c.mv     x18, x8
#4610 0 80000238     843a r 08         f0041020  c.mv     x8, x14
#4611 0 8000023a     bfe9 r 00         00000000  c.j      . - 0x26
#4612 0 80000214     14fd r 09         00000001  c.addi   x9, -0x1
#4613 0 80000216     85a6 r 0b         00000001  c.mv     x11, x9
#4614 0 80000218     8552 r 0a         f0041010  c.mv     x10, x20
#4615 0 8000021a     8722 r 0e         f0041020  c.mv     x14, x8
#4616 0 8000021c     86ce r 0d         f0041018  c.mv     x13, x19
#4617 0 8000021e     864a r 0c         f0041028  c.mv     x12, x18
#4618 0 80000220     3fd9 r 01         80000222  c.jal    . - 0x2a
#4619 0 800001f6     1101 r 02         f0040fb0  c.addi   x2, -0x20
#4620 0 800001f8     cc22 m f0040fc8   f0041020  c.swsp   x8, 0x18
#4621 0 800001fa     ca26 m f0040fc4   00000001  c.swsp   x9, 0x14
#4622 0 800001fc     c84a m f0040fc0   f0041028  c.swsp   x18, 0x10
#4623 0 800001fe     c64e m f0040fbc   f0041018  c.swsp   x19, 0xc
#4624 0 80000200     c452 m f0040fb8   f0041010  c.swsp   x20, 0x8
#4625 0 80000202     ce06 m f0040fcc   80000222  c.swsp   x1, 0x1c
#4626 0 80000204     4785 r 0f         00000001  c.li     x15, 0x1
#4627 0 80000206     8a2a r 14         f0041010  c.mv     x20, x10
#4628 0 80000208     8932 r 12         f0041028  c.mv     x18, x12
#4629 0 8000020a     89ba r 13         f0041020  c.mv     x19, x14
#4630 0 8000020c     84ae r 09         00000001  c.mv     x9, x11
#4631 0 8000020e     8436 r 08         f0041018  c.mv     x8, x13
#4632 0 80000210 02f58663 r 00         00000000  beq      x11, x15, . + 0x2c
#4633 0 8000023c     8432 r 08         f0041028  c.mv     x8, x12
#4634 0 8000023e     405c r 0f         f0040030  c.lw     x15, 0x4(x8)
#4635 0 80000240     4014 r 0d         00000003  c.lw     x13, 0x0(x8)
#4636 0 80000242 004a2703 r 0e         0000005c  lw       x14, 0x4(x20)
#4637 0 80000246     43cc r 0b         f0040028  c.lw     x11, 0x4(x15)
#4638 0 80000248     4390 r 0c         00000001  c.lw     x12, 0x0(x15)
#4639 0 8000024a     16fd r 0d         00000002  c.addi   x13, -0x1
#4640 0 8000024c     c04c m f004102c   f0040028  c.sw     x11, 0x4(x8)
#4641 0 8000024e 0049a583 r 0b         f0040008  lw       x11, 0x4(x19)
#4642 0 80000252     c014 m f0041028   00000002  c.sw     x13, 0x0(x8)
#4643 0 80000254 0009a683 r 0d         00000001  lw       x13, 0x0(x19)
#4644 0 80000258     c3cc m f0040034   f0040008  c.sw     x11, 0x4(x15)
#4645 0 8000025a 00f9a223 m f0041024   f0040030  sw       x15, 0x4(x19)
#4646 0 8000025e     c390 m f0040030   00000001  c.sw     x12, 0x0(x15)
#4647 0 80000260     40f2 r 01         80000222  c.lwsp   x1, 0x1c
#4648 0 80000262     4462 r 08         f0041020  c.lwsp   x8, 0x18
#4649 0 80000264 00168793 r 0f         00000002  addi     x15, x13, 0x1
#4650 0 80000268 00f9a023 m f0041020   00000002  sw       x15, 0x0(x19)
#4651 0 8000026c 00170793 r 0f         0000005d  addi     x15, x14, 0x1
#4652 0 80000270 00fa2223 m f0041014   0000005d  sw       x15, 0x4(x20)
#4653 0 80000274     44d2 r 09         00000001  c.lwsp   x9, 0x14
#4654 0 80000276     4942 r 12         f0041028  c.lwsp   x18, 0x10
#4655 0 80000278     49b2 r 13         f0041018  c.lwsp   x19, 0xc
#4656 0 8000027a     4a22 r 14         f0041010  c.lwsp   x20, 0x8
#4657 0 8000027c     6105 r 02         f0040fd0  c.addi16sp 0x2
#4658 0 8000027e     8082 r 00         00000000  c.jr     x1
#4659 0 80000222     874e r 0e         f0041018  c.mv     x14, x19
#4660 0 80000224     86a2 r 0d         f0041020  c.mv     x13, x8
#4661 0 80000226     864a r 0c         f0041028  c.mv     x12, x18
#4662 0 80000228     4585 r 0b         00000001  c.li     x11, 0x1
#4663 0 8000022a     8552 r 0a         f0041010  c.mv     x10, x20
#4664 0 8000022c     37e9 r 01         8000022e  c.jal    . - 0x36
#4665 0 800001f6     1101 r 02         f0040fb0  c.addi   x2, -0x20
#4666 0 800001f8     cc22 m f0040fc8   f0041020  c.swsp   x8, 0x18
#4667 0 800001fa     ca26 m f0040fc4   00000001  c.swsp   x9, 0x14
#4668 0 800001fc     c84a m f0040fc0   f0041028  c.swsp   x18, 0x10
#4669 0 800001fe     c64e m f0040fbc   f0041018  c.swsp   x19, 0xc
#4670 0 80000200     c452 m f0040fb8   f0041010  c.swsp   x20, 0x8
#4671 0 80000202     ce06 m f0040fcc   8000022e  c.swsp   x1, 0x1c
#4672 0 80000204     4785 r 0f         00000001  c.li     x15, 0x1
#4673 0 80000206     8a2a r 14         f0041010  c.mv     x20, x10
#4674 0 80000208     8932 r 12         f0041028  c.mv     x18, x12
#4675 0 8000020a     89ba r 13         f0041018  c.mv     x19, x14
#4676 0 8000020c     84ae r 09         00000001  c.mv     x9, x11
#4677 0 8000020e     8436 r 08         f0041020  c.mv     x8, x13
#4678 0 80000210 02f58663 r 00         00000000  beq      x11, x15, . + 0x2c
#4679 0 8000023c     8432 r 08         f0041028  c.mv     x8, x12
#4680 0 8000023e     405c r 0f         f0040028  c.lw     x15, 0x4(x8)
#4681 0 80000240     4014 r 0d         00000002  c.lw     x13, 0x0(x8)
#4682 0 80000242 004a2703 r 0e         0000005d  lw       x14, 0x4(x20)
#4683 0 80000246     43cc r 0b         f0040000  c.lw     x11, 0x4(x15)
#4684 0 80000248     4390 r 0c         00000002  c.lw     x12, 0x0(x15)
#4685 0 8000024a     16fd r 0d         00000001  c.addi   x13, -0x1
#4686 0 8000024c     c04c m f004102c   f0040000  c.sw     x11, 0x4(x8)
#4687 0 8000024e 0049a583 r 0b         f0040020  lw       x11, 0x4(x19)
#4688 0 80000252     c014 m f0041028   00000001  c.sw     x13, 0x0(x8)
#4689 0 80000254 0009a683 r 0d         00000003  lw       x13, 0x0(x19)
#4690 0 80000258     c3cc m f004002c   f0040020  c.sw     x11, 0x4(x15)
#4691 0 8000025a 00f9a223 m f004101c   f0040028  sw       x15, 0x4(x19)
#4692 0 8000025e     c390 m f0040028   00000002  c.sw     x12, 0x0(x15)
#4693 0 80000260     40f2 r 01         8000022e  c.lwsp   x1, 0x1c
#4694 0 80000262     4462 r 08         f0041020  c.lwsp   x8, 0x18
#4695 0 80000264 00168793 r 0f         00000004  addi     x15, x13, 0x1
#4696 0 80000268 00f9a023 m f0041018   00000004  sw       x15, 0x0(x19)
#4697 0 8000026c 00170793 r 0f         0000005e  addi     x15, x14, 0x1
#4698 0 80000270 00fa2223 m f0041014   0000005e  sw       x15, 0x4(x20)
#4699 0 80000274     44d2 r 09         00000001  c.lwsp   x9, 0x14
#4700 0 80000276     4942 r 12         f0041028  c.lwsp   x18, 0x10
#4701 0 80000278     49b2 r 13         f0041018  c.lwsp   x19, 0xc
#4702 0 8000027a     4a22 r 14         f0041010  c.lwsp   x20, 0x8
#4703 0 8000027c     6105 r 02         f0040fd0  c.addi16sp 0x2
#4704 0 8000027e     8082 r 00         00000000  c.jr     x1
#4705 0 8000022e     4785 r 0f         00000001  c.li     x15, 0x1
#4706 0 80000230     874a r 0e         f0041028  c.mv     x14, x18
#4707 0 80000232 00f48663 r 00         00000000  beq      x9, x15, . + 0xc
#4708 0 8000023e     405c r 0f         f0040030  c.lw     x15, 0x4(x8)
#4709 0 80000240     4014 r 0d         00000002  c.lw     x13, 0x0(x8)
#4710 0 80000242 004a2703 r 0e         0000005e  lw       x14, 0x4(x20)
#4711 0 80000246     43cc r 0b         f0040008  c.lw     x11, 0x4(x15)
#4712 0 80000248     4390 r 0c         00000001  c.lw     x12, 0x0(x15)
#4713 0 8000024a     16fd r 0d         00000001  c.addi   x13, -0x1
#4714 0 8000024c     c04c m f0041024   f0040008  c.sw     x11, 0x4(x8)
#4715 0 8000024e 0049a583 r 0b         f0040028  lw       x11, 0x4(x19)
#4716 0 80000252     c014 m f0041020   00000001  c.sw     x13, 0x0(x8)
#4717 0 80000254 0009a683 r 0d         00000004  lw       x13, 0x0(x19)
#4718 0 80000258     c3cc m f0040034   f0040028  c.sw     x11, 0x4(x15)
#4719 0 8000025a 00f9a223 m f004101c   f0040030  sw       x15, 0x4(x19)
#4720 0 8000025e     c390 m f0040030   00000001  c.sw     x12, 0x0(x15)
#4721 0 80000260     40f2 r 01         80000222  c.lwsp   x1, 0x1c
#4722 0 80000262     4462 r 08         f0041018  c.lwsp   x8, 0x18
#4723 0 80000264 00168793 r 0f         00000005  addi     x15, x13, 0x1
#4724 0 80000268 00f9a023 m f0041018   00000005  sw       x15, 0x0(x19)
#4725 0 8000026c 00170793 r 0f         0000005f  addi     x15, x14, 0x1
#4726 0 80000270 00fa2223 m f0041014   0000005f  sw       x15, 0x4(x20)
#4727 0 80000274     44d2 r 09         00000005  c.lwsp   x9, 0x14
#4728 0 80000276     4942 r 12         f0041020  c.lwsp   x18, 0x10
#4729 0 80000278     49b2 r 13         f0041028  c.lwsp   x19, 0xc
#4730 0 8000027a     4a22 r 14         f0041010  c.lwsp   x20, 0x8
#4731 0 8000027c     6105 r 02         f0040ff0  c.addi16sp 0x2
#4732 0 8000027e     8082 r 00         00000000  c.jr     x1
#4733 0 80000222     874e r 0e         f0041028  c.mv     x14, x19
#4734 0 80000224     86a2 r 0d         f0041018  c.mv     x13, x8
#4735 0 80000226     864a r 0c         f0041020  c.mv     x12, x18
#4736 0 80000228     4585 r 0b         00000001  c.li     x11, 0x1
#4737 0 8000022a     8552 r 0a         f0041010  c.mv     x10, x20
#4738 0 8000022c     37e9 r 01         8000022e  c.jal    . - 0x36
#4739 0 800001f6     1101 r 02         f0040fd0  c.addi   x2, -0x20
#4740 0 800001f8     cc22 m f0040fe8   f0041018  c.swsp   x8, 0x18
#4741 0 800001fa     ca26 m f0040fe4   00000005  c.swsp   x9, 0x14
#4742 0 800001fc     c84a m f0040fe0   f0041020  c.swsp   x18, 0x10
#4743 0 800001fe     c64e m f0040fdc   f0041028  c.swsp   x19, 0xc
#4744 0 80000200     c452 m f0040fd8   f0041010  c.swsp   x20, 0x8
#4745 0 80000202     ce06 m f0040fec   8000022e  c.swsp   x1, 0x1c
#4746 0 80000204     4785 r 0f         00000001  c.li     x15, 0x1
#4747 0 80000206     8a2a r 14         f0041010  c.mv     x20, x10
#4748 0 80000208     8932 r 12         f0041020  c.mv     x18, x12
#4749 0 8000020a     89ba r 13         f0041028  c.mv     x19, x14
#4750 0 8000020c     84ae r 09         00000001  c.mv     x9, x11
#4751 0 8000020e     8436 r 08         f0041018  c.mv     x8, x13
#4752 0 80000210 02f58663 r 00         00000000  beq      x11, x15, . + 0x2c
#4753 0 8000023c     8432 r 08         f0041020  c.mv     x8, x12
#4754 0 8000023e     405c r 0f         f0040008  c.lw     x15, 0x4(x8)
#4755 0 80000240     4014 r 0d         00000001  c.lw     x13, 0x0(x8)
#4756 0 80000242 004a2703 r 0e         0000005f  lw       x14, 0x4(x20)
#4757 0 80000246     43cc r 0b         00000000  c.lw     x11, 0x4(x15)
#4758 0 80000248     4390 r 0c         00000006  c.lw     x12, 0x0(x15)
#4759 0 8000024a     16fd r 0d         00000000  c.addi   x13, -0x1
#4760 0 8000024c     c04c m f0041024   00000000  c.sw     x11, 0x4(x8)
#4761 0 8000024e 0049a583 r 0b         f0040000  lw       x11, 0x4(x19)
#4762 0 80000252     c014 m f0041020   00000000  c.sw     x13, 0x0(x8)
#4763 0 80000254 0009a683 r 0d         00000001  lw       x13, 0x0(x19)
#4764 0 80000258     c3cc m f004000c   f0040000  c.sw     x11, 0x4(x15)
#4765 0 8000025a 00f9a223 m f004102c   f0040008  sw       x15, 0x4(x19)
#4766 0 8000025e     c390 m f0040008   00000006  c.sw     x12, 0x0(x15)
#4767 0 80000260     40f2 r 01         8000022e  c.lwsp   x1, 0x1c
#4768 0 80000262     4462 r 08         f0041018  c.lwsp   x8, 0x18
#4769 0 80000264 00168793 r 0f         00000002  addi     x15, x13, 0x1
#4770 0 80000268 00f9a023 m f0041028   00000002  sw       x15, 0x0(x19)
#4771 0 8000026c 00170793 r 0f         00000060  addi     x15, x14, 0x1
#4772 0 80000270 00fa2223 m f0041014   00000060  sw       x15, 0x4(x20)
#4773 0 80000274     44d2 r 09         00000005  c.lwsp   x9, 0x14
#4774 0 80000276     4942 r 12         f0041020  c.lwsp   x18, 0x10
#4775 0 80000278     49b2 r 13         f0041028  c.lwsp   x19, 0xc
#4776 0 8000027a     4a22 r 14         f0041010  c.lwsp   x20, 0x8
#4777 0 8000027c     6105 r 02         f0040ff0  c.addi16sp 0x2
#4778 0 8000027e     8082 r 00         00000000  c.jr     x1
#4779 0 8000022e     4785 r 0f         00000001  c.li     x15, 0x1
#4780 0 80000230     874a r 0e         f0041020  c.mv     x14, x18
#4781 0 80000232 00f48663 r 00         00000000  beq      x9, x15, . + 0xc
#4782 0 80000236     8922 r 12         f0041018  c.mv     x18, x8
#4783 0 80000238     843a r 08         f0041020  c.mv     x8, x14
#4784 0 8000023a     bfe9 r 00         00000000  c.j      . - 0x26
#4785 0 80000214     14fd r 09         00000004  c.addi   x9, -0x1
#4786 0 80000216     85a6 r 0b         00000004  c.mv     x11, x9
#4787 0 80000218     8552 r 0a         f0041010  c.mv     x10, x20
#4788 0 8000021a     8722 r 0e         f0041020  c.mv     x14, x8
#4789 0 8000021c     86ce r 0d         f0041028  c.mv     x13, x19
#4790 0 8000021e     864a r 0c         f0041018  c.mv     x12, x18
#4791 0 80000220     3fd9 r 01         80000222  c.jal    . - 0x2a
#4792 0 800001f6     1101 r 02         f0040fd0  c.addi   x2, -0x20
#4793 0 800001f8     cc22 m f0040fe8   f0041020  c.swsp   x8, 0x18
#4794 0 800001fa     ca26 m f0040fe4   00000004  c.swsp   x9, 0x14
#4795 0 800001fc     c84a m f0040fe0   f0041018  c.swsp   x18, 0x10
#4796 0 800001fe     c64e m f0040fdc   f0041028  c.swsp   x19, 0xc
#4797 0 80000200     c452 m f0040fd8   f0041010  c.swsp   x20, 0x8
#4798 0 80000202     ce06 m f0040fec   80000222  c.swsp   x1, 0x1c
#4799 0 80000204     4785 r 0f         00000001  c.li     x15, 0x1
#4800 0 80000206     8a2a r 14         f0041010  c.mv     x20, x10
#4801 0 80000208     8932 r 12         f0041018  c.mv     x18, x12
#4802 0 8000020a     89ba r 13         f0041020  c.mv     x19, x14
#4803 0 8000020c     84ae r 09         00000004  c.mv     x9, x11
#4804 0 8000020e     8436 r 08         f0041028  c.mv     x8, x13
#4805 0 80000210 02f58663 r 00         00000000  beq      x11, x15, . + 0x2c
#4806 0 80000214     14fd r 09         00000003  c.addi   x9, -0x1
#4807 0 80000216     85a6 r 0b         00000003  c.mv     x11, x9
#4808 0 80000218     8552 r 0a         f0041010  c.mv     x10, x20
#4809 0 8000021a     8722 r 0e         f0041028  c.mv     x14, x8
#4810 0 8000021c     86ce r 0d         f0041020  c.mv     x13, x19
#4811 0 8000021e     864a r 0c         f0041018  c.mv     x12, x18
#4812 0 80000220     3fd9 r 01         80000222  c.jal    . - 0x2a
#4813 0 800001f6     1101 r 02         f0040fb0  c.addi   x2, -0x20
#4814 0 800001f8     cc22 m f0040fc8   f0041028  c.swsp   x8, 0x18
#4815 0 800001fa     ca26 m f0040fc4   00000003  c.swsp   x9, 0x14
#4816 0 800001fc     c84a m f0040fc0   f0041018  c.swsp   x18, 0x10
#4817 0 800001fe     c64e m f0040fbc   f0041020  c.swsp   x19, 0xc
#4818 0 80000200     c452 m f0040fb8   f0041010  c.swsp   x20, 0x8
#4819 0 80000202     ce06 m f0040fcc   80000222  c.swsp   x1, 0x1c
#4820 0 80000204     4785 r 0f         00000001  c.li     x15, 0x1
#4821 0 80000206     8a2a r 14         f0041010  c.mv     x20, x10
#4822 0 80000208     8932 r 12         f0041018  c.mv     x18, x12
#4823 0 8000020a     89ba r 13         f0041028  c.mv     x19, x14
#4824 0 8000020c     84ae r 09         00000003  c.mv     x9, x11
#4825 0 8000020e     8436 r 08         f0041020  c.mv     x8, x13
#4826 0 80000210 02f58663 r 00         00000000  beq      x11, x15, . + 0x2c
#4827 0 80000214     14fd r 09         00000002  c.addi   x9, -0x1
#4828 0 80000216     85a6 r 0b         00000002  c.mv     x11, x9
#4829 0 80000218     8552 r 0a         f0041010  c.mv     x10, x20
#4830 0 8000021a     8722 r 0e         f0041020  c.mv     x14, x8
#4831 0 8000021c     86ce r 0d         f0041028  c.mv     x13, x19
#4832 0 8000021e     864a r 0c         f0041018  c.mv     x12, x18
#4833 0 80000220     3fd9 r 01         80000222  c.jal    . - 0x2a
#4834 0 800001f6     1101 r 02         f0040f90  c.addi   x2, -0x20
#4835 0 800001f8     cc22 m f0040fa8   f0041020  c.swsp   x8, 0x18
#4836 0 800001fa     ca26 m f0040fa4   00000002  c.swsp   x9, 0x14
#4837 0 800001fc     c84a m f0040fa0   f0041018  c.swsp   x18, 0x10
#4838 0 800001fe     c64e m f0040f9c   f0041028  c.swsp   x19, 0xc
#4839 0 80000200     c452 m f0040f98   f0041010  c.swsp   x20, 0x8
#4840 0 80000202     ce06 m f0040fac   80000222  c.swsp   x1, 0x1c
#4841 0 80000204     4785 r 0f         00000001  c.li     x15, 0x1
#4842 0 80000206     8a2a r 14         f0041010  c.mv     x20, x10
#4843 0 80000208     8932 r 12         f0041018  c.mv     x18, x12
#4844 0 8000020a     89ba r 13         f0041020  c.mv     x19, x14
#4845 0 8000020c     84ae r 09         00000002  c.mv     x9, x11
#4846 0 8000020e     8436 r 08         f0041028  c.mv     x8, x13
#4847 0 80000210 02f58663 r 00         00000000  beq      x11, x15, . + 0x2c
#4848 0 80000214     14fd r 09         00000001  c.addi   x9, -0x1
#4849 0 80000216     85a6 r 0b         00000001  c.mv     x11, x9
#4850 0 80000218     8552 r 0a         f0041010  c.mv     x10, x20
#4851 0 8000021a     8722 r 0e         f0041028  c.mv     x14, x8
#4852 0 8000021c     86ce r 0d         f0041020  c.mv     x13, x19
#4853 0 8000021e     864a r 0c         f0041018  c.mv     x12, x18
#4854 0 80000220     3fd9 r 01         80000222  c.jal    . - 0x2a
#4855 0 800001f6     1101 r 02         f0040f70  c.addi   x2, -0x20
#4856 0 800001f8     cc22 m f0040f88   f0041028  c.swsp   x8, 0x18
#4857 0 800001fa     ca26 m f0040f84   00000001  c.swsp   x9, 0x14
#4858 0 800001fc     c84a m f0040f80   f0041018  c.swsp   x18, 0x10
#4859 0 800001fe     c64e m f0040f7c   f0041020  c.swsp   x19, 0xc
#4860 0 80000200     c452 m f0040f78   f0041010  c.swsp   x20, 0x8
#4861 0 80000202     ce06 m f0040f8c   80000222  c.swsp   x1, 0x1c
#4862 0 80000204     4785 r 0f         00000001  c.li     x15, 0x1
#4863 0 80000206     8a2a r 14         f0041010  c.mv     x20, x10
#4864 0 80000208     8932 r 12         f0041018  c.mv     x18, x12
#4865 0 8000020a     89ba r 13         f0041028  c.mv     x19, x14
#4866 0 8000020c     84ae r 09         00000001  c.mv     x9, x11
#4867 0 8000020e     8436 r 08         f0041020  c.mv     x8, x13
#4868 0 80000210 02f58663 r 00         00000000  beq      x11, x15, . + 0x2c
#4869 0 8000023c     8432 r 08         f0041018  c.mv     x8, x12
#4870 0 8000023e     405c r 0f         f0040030  c.lw     x15, 0x4(x8)
#4871 0 80000240     4014 r 0d         00000005  c.lw     x13, 0x0(x8)
#4872 0 80000242 004a2703 r 0e         00000060  lw       x14, 0x4(x20)
#4873 0 80000246     43cc r 0b         f0040028  c.lw     x11, 0x4(x15)
#4874 0 80000248     4390 r 0c         00000001  c.lw     x12, 0x0(x15)
#4875 0 8000024a     16fd r 0d         00000004  c.addi   x13, -0x1
#4876 0 8000024c     c04c m f004101c   f0040028  c.sw     x11, 0x4(x8)
#4877 0 8000024e 0049a583 r 0b         f0040008  lw       x11, 0x4(x19)
#4878 0 80000252     c014 m f0041018   00000004  c.sw     x13, 0x0(x8)
#4879 0 80000254 0009a683 r 0d         00000002  lw       x13, 0x0(x19)
#4880 0 80000258     c3cc m f0040034   f0040008  c.sw     x11, 0x4(x15)
#4881 0 8000025a 00f9a223 m f004102c   f0040030  sw       x15, 0x4(x19)
#4882 0 8000025e     c390 m f0040030   00000001  c.sw     x12, 0x0(x15)
#4883 0 80000260     40f2 r 01         80000222  c.lwsp   x1, 0x1c
#4884 0 80000262     4462 r 08         f0041028  c.lwsp   x8, 0x18
#4885 0 80000264 00168793 r 0f         00000003  addi     x15, x13, 0x1
#4886 0 80000268 00f9a023 m f0041028   00000003  sw       x15, 0x0(x19)
#4887 0 8000026c 00170793 r 0f         00000061  addi     x15, x14, 0x1
#4888 0 80000270 00fa2223 m f0041014   00000061  sw       x15, 0x4(x20)
#4889 0 80000274     44d2 r 09         00000001  c.lwsp   x9, 0x14
#4890 0 80000276     4942 r 12         f0041018  c.lwsp   x18, 0x10
#4891 0 80000278     49b2 r 13         f0041020  c.lwsp   x19, 0xc
#4892 0 8000027a     4a22 r 14         f0041010  c.lwsp   x20, 0x8
#4893 0 8000027c     6105 r 02         f0040f90  c.addi16sp 0x2
#4894 0 8000027e     8082 r 00         00000000  c.jr     x1
#4895 0 80000222     874e r 0e         f0041020  c.mv     x14, x19
#4896 0 80000224     86a2 r 0d         f0041028  c.mv     x13, x8
#4897 0 80000226     864a r 0c         f0041018  c.mv     x12, x18
#4898 0 80000228     4585 r 0b         00000001  c.li     x11, 0x1
#4899 0 8000022a     8552 r 0a         f0041010  c.mv     x10, x20
#4900 0 8000022c     37e9 r 01         8000022e  c.jal    . - 0x36
#4901 0 800001f6     1101 r 02         f0040f70  c.addi   x2, -0x20
#4902 0 800001f8     cc22 m f0040f88   f0041028  c.swsp   x8, 0x18
#4903 0 800001fa     ca26 m f0040f84   00000001  c.swsp   x9, 0x14
#4904 0 800001fc     c84a m f0040f80   f0041018  c.swsp   x18, 0x10
#4905 0 800001fe     c64e m f0040f7c   f0041020  c.swsp   x19, 0xc
#4906 0 80000200     c452 m f0040f78   f0041010  c.swsp   x20, 0x8
#4907 0 80000202     ce06 m f0040f8c   8000022e  c.swsp   x1, 0x1c
#4908 0 80000204     4785 r 0f         00000001  c.li     x15, 0x1
#4909 0 80000206     8a2a r 14         f0041010  c.mv     x20, x10
#4910 0 80000208     8932 r 12         f0041018  c.mv     x18, x12
#4911 0 8000020a     89ba r 13         f0041020  c.mv     x19, x14
#4912 0 8000020c     84ae r 09         00000001  c.mv     x9, x11
#4913 0 8000020e     8436 r 08         f0041028  c.mv     x8, x13
#4914 0 80000210 02f58663 r 00         00000000  beq      x11, x15, . + 0x2c
#4915 0 8000023c     8432 r 08         f0041018  c.mv     x8, x12
#4916 0 8000023e     405c r 0f         f0040028  c.lw     x15, 0x4(x8)
#4917 0 80000240     4014 r 0d         00000004  c.lw     x13, 0x0(x8)
#4918 0 80000242 004a2703 r 0e         00000061  lw       x14, 0x4(x20)
#4919 0 80000246     43cc r 0b         f0040020  c.lw     x11, 0x4(x15)
#4920 0 80000248     4390 r 0c         00000002  c.lw     x12, 0x0(x15)
#4921 0 8000024a     16fd r 0d         00000003  c.addi   x13, -0x1
#4922 0 8000024c     c04c m f004101c   f0040020  c.sw     x11, 0x4(x8)
#4923 0 8000024e 0049a583 r 0b         00000000  lw       x11, 0x4(x19)
#4924 0 80000252     c014 m f0041018   00000003  c.sw     x13, 0x0(x8)
#4925 0 80000254 0009a683 r 0d         00000000  lw       x13, 0x0(x19)
#4926 0 80000258     c3cc m f004002c   00000000  c.sw     x11, 0x4(x15)
#4927 0 8000025a 00f9a223 m f0041024   f0040028  sw       x15, 0x4(x19)
#4928 0 8000025e     c390 m f0040028   00000002  c.sw     x12, 0x0(x15)
#4929 0 80000260     40f2 r 01         8000022e  c.lwsp   x1, 0x1c
#4930 0 80000262     4462 r 08         f0041028  c.lwsp   x8, 0x18
#4931 0 80000264 00168793 r 0f         00000001  addi     x15, x13, 0x1
#4932 0 80000268 00f9a023 m f0041020   00000001  sw       x15, 0x0(x19)
#4933 0 8000026c 00170793 r 0f         00000062  addi     x15, x14, 0x1
#4934 0 80000270 00fa2223 m f0041014   00000062  sw       x15, 0x4(x20)
#4935 0 80000274     44d2 r 09         00000001  c.lwsp   x9, 0x14
#4936 0 80000276     4942 r 12         f0041018  c.lwsp   x18, 0x10
#4937 0 80000278     49b2 r 13         f0041020  c.lwsp   x19, 0xc
#4938 0 8000027a     4a22 r 14         f0041010  c.lwsp   x20, 0x8
#4939 0 8000027c     6105 r 02         f0040f90  c.addi16sp 0x2
#4940 0 8000027e     8082 r 00         00000000  c.jr     x1
#4941 0 8000022e     4785 r 0f         00000001  c.li     x15, 0x1
#4942 0 80000230     874a r 0e         f0041018  c.mv     x14, x18
#4943 0 80000232 00f48663 r 00         00000000  beq      x9, x15, . + 0xc
#4944 0 8000023e     405c r 0f         f0040030  c.lw     x15, 0x4(x8)
#4945 0 80000240     4014 r 0d         00000003  c.lw     x13, 0x0(x8)
#4946 0 80000242 004a2703 r 0e         00000062  lw       x14, 0x4(x20)
#4947 0 80000246     43cc r 0b         f0040008  c.lw     x11, 0x4(x15)
#4948 0 80000248     4390 r 0c         00000001  c.lw     x12, 0x0(x15)
#4949 0 8000024a     16fd r 0d         00000002  c.addi   x13, -0x1
#4950 0 8000024c     c04c m f004102c   f0040008  c.sw     x11, 0x4(x8)
#4951 0 8000024e 0049a583 r 0b         f0040028  lw       x11, 0x4(x19)
#4952 0 80000252     c014 m f0041028   00000002  c.sw     x13, 0x0(x8)
#4953 0 80000254 0009a683 r 0d         00000001  lw       x13, 0x0(x19)
#4954 0 80000258     c3cc m f0040034   f0040028  c.sw     x11, 0x4(x15)
#4955 0 8000025a 00f9a223 m f0041024   f0040030  sw       x15, 0x4(x19)
#4956 0 8000025e     c390 m f0040030   00000001  c.sw     x12, 0x0(x15)
#4957 0 80000260     40f2 r 01         80000222  c.lwsp   x1, 0x1c
#4958 0 80000262     4462 r 08         f0041020  c.lwsp   x8, 0x18
#4959 0 80000264 00168793 r 0f         00000002  addi     x15, x13, 0x1
#4960 0 80000268 00f9a023 m f0041020   00000002  sw       x15, 0x0(x19)
#4961 0 8000026c 00170793 r 0f         00000063  addi     x15, x14, 0x1
#4962 0 80000270 00fa2223 m f0041014   00000063  sw       x15, 0x4(x20)
#4963 0 80000274     44d2 r 09         00000002  c.lwsp   x9, 0x14
#4964 0 80000276     4942 r 12         f0041018  c.lwsp   x18, 0x10
#4965 0 80000278     49b2 r 13         f0041028  c.lwsp   x19, 0xc
#4966 0 8000027a     4a22 r 14         f0041010  c.lwsp   x20, 0x8
#4967 0 8000027c     6105 r 02         f0040fb0  c.addi16sp 0x2
#4968 0 8000027e     8082 r 00         00000000  c.jr     x1
#4969 0 80000222     874e r 0e         f0041028  c.mv     x14, x19
#4970 0 80000224     86a2 r 0d         f0041020  c.mv     x13, x8
#4971 0 80000226     864a r 0c         f0041018  c.mv     x12, x18
#4972 0 80000228     4585 r 0b         00000001  c.li     x11, 0x1
#4973 0 8000022a     8552 r 0a         f0041010  c.mv     x10, x20
#4974 0 8000022c     37e9 r 01         8000022e  c.jal    . - 0x36
#4975 0 800001f6     1101 r 02         f0040f90  c.addi   x2, -0x20
#4976 0 800001f8     cc22 m f0040fa8   f0041020  c.swsp   x8, 0x18
#4977 0 800001fa     ca26 m f0040fa4   00000002  c.swsp   x9, 0x14
#4978 0 800001fc     c84a m f0040fa0   f0041018  c.swsp   x18, 0x10
#4979 0 800001fe     c64e m f0040f9c   f0041028  c.swsp   x19, 0xc
#4980 0 80000200     c452 m f0040f98   f0041010  c.swsp   x20, 0x8
#4981 0 80000202     ce06 m f0040fac   8000022e  c.swsp   x1, 0x1c
#4982 0 80000204     4785 r 0f         00000001  c.li     x15, 0x1
#4983 0 80000206     8a2a r 14         f0041010  c.mv     x20, x10
#4984 0 80000208     8932 r 12         f0041018  c.mv     x18, x12
#4985 0 8000020a     89ba r 13         f0041028  c.mv     x19, x14
#4986 0 8000020c     84ae r 09         00000001  c.mv     x9, x11
#4987 0 8000020e     8436 r 08         f0041020  c.mv     x8, x13
#4988 0 80000210 02f58663 r 00         00000000  beq      x11, x15, . + 0x2c
#4989 0 8000023c     8432 r 08         f0041018  c.mv     x8, x12
#4990 0 8000023e     405c r 0f         f0040020  c.lw     x15, 0x4(x8)
#4991 0 80000240     4014 r 0d         00000003  c.lw     x13, 0x0(x8)
#4992 0 80000242 004a2703 r 0e         00000063  lw       x14, 0x4(x20)
#4993 0 80000246     43cc r 0b         f0040018  c.lw     x11, 0x4(x15)
#4994 0 80000248     4390 r 0c         00000003  c.lw     x12, 0x0(x15)
#4995 0 8000024a     16fd r 0d         00000002  c.addi   x13, -0x1
#4996 0 8000024c     c04c m f004101c   f0040018  c.sw     x11, 0x4(x8)
#4997 0 8000024e 0049a583 r 0b         f0040008  lw       x11, 0x4(x19)
#4998 0 80000252     c014 m f0041018   00000002  c.sw     x13, 0x0(x8)
#4999 0 80000254 0009a683 r 0d         00000002  lw       x13, 0x0(x19)
#5000 0 80000258     c3cc m f0040024   f0040008  c.sw     x11, 0x4(x15)
#5001 0 8000025a 00f9a223 m f004102c   f0040020  sw       x15, 0x4(x19)
#5002 0 8000025e     c390 m f0040020   00000003  c.sw     x12, 0x0(x15)
#5003 0 80000260     40f2 r 01         8000022e  c.lwsp   x1, 0x1c
#5004 0 80000262     4462 r 08         f0041020  c.lwsp   x8, 0x18
#5005 0 80000264 00168793 r 0f         00000003  addi     x15, x13, 0x1
#5006 0 80000268 00f9a023 m f0041028   00000003  sw       x15, 0x0(x19)
#5007 0 8000026c 00170793 r 0f         00000064  addi     x15, x14, 0x1
#5008 0 80000270 00fa2223 m f0041014   00000064  sw       x15, 0x4(x20)
#5009 0 80000274     44d2 r 09         00000002  c.lwsp   x9, 0x14
#5010 0 80000276     4942 r 12         f0041018  c.lwsp   x18, 0x10
#5011 0 80000278     49b2 r 13         f0041028  c.lwsp   x19, 0xc
#5012 0 8000027a     4a22 r 14         f0041010  c.lwsp   x20, 0x8
#5013 0 8000027c     6105 r 02         f0040fb0  c.addi16sp 0x2
#5014 0 8000027e     8082 r 00         00000000  c.jr     x1
#5015 0 8000022e     4785 r 0f         00000001  c.li     x15, 0x1
#5016 0 80000230     874a r 0e         f0041018  c.mv     x14, x18
#5017 0 80000232 00f48663 r 00         00000000  beq      x9, x15, . + 0xc
#5018 0 80000236     8922 r 12         f0041020  c.mv     x18, x8
#5019 0 80000238     843a r 08         f0041018  c.mv     x8, x14
#5020 0 8000023a     bfe9 r 00         00000000  c.j      . - 0x26
#5021 0 80000214     14fd r 09         00000001  c.addi   x9, -0x1
#5022 0 80000216     85a6 r 0b         00000001  c.mv     x11, x9
#5023 0 80000218     8552 r 0a         f0041010  c.mv     x10, x20
#5024 0 8000021a     8722 r 0e         f0041018  c.mv     x14, x8
#5025 0 8000021c     86ce r 0d         f0041028  c.mv     x13, x19
#5026 0 8000021e     864a r 0c         f0041020  c.mv     x12, x18
#5027 0 80000220     3fd9 r 01         80000222  c.jal    . - 0x2a
#5028 0 800001f6     1101 r 02         f0040f90  c.addi   x2, -0x20
#5029 0 800001f8     cc22 m f0040fa8   f0041018  c.swsp   x8, 0x18
#5030 0 800001fa     ca26 m f0040fa4   00000001  c.swsp   x9, 0x14
#5031 0 800001fc     c84a m f0040fa0   f0041020  c.swsp   x18, 0x10
#5032 0 800001fe     c64e m f0040f9c   f0041028  c.swsp   x19, 0xc
#5033 0 80000200     c452 m f0040f98   f0041010  c.swsp   x20, 0x8
#5034 0 80000202     ce06 m f0040fac   80000222  c.swsp   x1, 0x1c
#5035 0 80000204     4785 r 0f         00000001  c.li     x15, 0x1
#5036 0 80000206     8a2a r 14         f0041010  c.mv     x20, x10
#5037 0 80000208     8932 r 12         f0041020  c.mv     x18, x12
#5038 0 8000020a     89ba r 13         f0041018  c.mv     x19, x14
#5039 0 8000020c     84ae r 09         00000001  c.mv     x9, x11
#5040 0 8000020e     8436 r 08         f0041028  c.mv     x8, x13
#5041 0 80000210 02f58663 r 00         00000000  beq      x11, x15, . + 0x2c
#5042 0 8000023c     8432 r 08         f0041020  c.mv     x8, x12
#5043 0 8000023e     405c r 0f         f0040030  c.lw     x15, 0x4(x8)
#5044 0 80000240     4014 r 0d         00000002  c.lw     x13, 0x0(x8)
#5045 0 80000242 004a2703 r 0e         00000064  lw       x14, 0x4(x20)
#5046 0 80000246     43cc r 0b         f0040028  c.lw     x11, 0x4(x15)
#5047 0 80000248     4390 r 0c         00000001  c.lw     x12, 0x0(x15)
#5048 0 8000024a     16fd r 0d         00000001  c.addi   x13, -0x1
#5049 0 8000024c     c04c m f0041024   f0040028  c.sw     x11, 0x4(x8)
#5050 0 8000024e 0049a583 r 0b         f0040018  lw       x11, 0x4(x19)
#5051 0 80000252     c014 m f0041020   00000001  c.sw     x13, 0x0(x8)
#5052 0 80000254 0009a683 r 0d         00000002  lw       x13, 0x0(x19)
#5053 0 80000258     c3cc m f0040034   f0040018  c.sw     x11, 0x4(x15)
#5054 0 8000025a 00f9a223 m f004101c   f0040030  sw       x15, 0x4(x19)
#5055 0 8000025e     c390 m f0040030   00000001  c.sw     x12, 0x0(x15)
#5056 0 80000260     40f2 r 01         80000222  c.lwsp   x1, 0x1c
#5057 0 80000262     4462 r 08         f0041018  c.lwsp   x8, 0x18
#5058 0 80000264 00168793 r 0f         00000003  addi     x15, x13, 0x1
#5059 0 80000268 00f9a023 m f0041018   00000003  sw       x15, 0x0(x19)
#5060 0 8000026c 00170793 r 0f         00000065  addi     x15, x14, 0x1
#5061 0 80000270 00fa2223 m f0041014   00000065  sw       x15, 0x4(x20)
#5062 0 80000274     44d2 r 09         00000001  c.lwsp   x9, 0x14
#5063 0 80000276     4942 r 12         f0041020  c.lwsp   x18, 0x10
#5064 0 80000278     49b2 r 13         f0041028  c.lwsp   x19, 0xc
#5065 0 8000027a     4a22 r 14         f0041010  c.lwsp   x20, 0x8
#5066 0 8000027c     6105 r 02         f0040fb0  c.addi16sp 0x2
#5067 0 8000027e     8082 r 00         00000000  c.jr     x1
#5068 0 80000222     874e r 0e         f0041028  c.mv     x14, x19
#5069 0 80000224     86a2 r 0d         f0041018  c.mv     x13, x8
#5070 0 80000226     864a r 0c         f0041020  c.mv     x12, x18
#5071 0 80000228     4585 r 0b         00000001  c.li     x11, 0x1
#5072 0 8000022a     8552 r 0a         f0041010  c.mv     x10, x20
#5073 0 8000022c     37e9 r 01         8000022e  c.jal    . - 0x36
#5074 0 800001f6     1101 r 02         f0040f90  c.addi   x2, -0x20
#5075 0 800001f8     cc22 m f0040fa8   f0041018  c.swsp   x8, 0x18
#5076 0 800001fa     ca26 m f0040fa4   00000001  c.swsp   x9, 0x14
#5077 0 800001fc     c84a m f0040fa0   f0041020  c.swsp   x18, 0x10
#5078 0 800001fe     c64e m f0040f9c   f0041028  c.swsp   x19, 0xc
#5079 0 80000200     c452 m f0040f98   f0041010  c.swsp   x20, 0x8
#5080 0 80000202     ce06 m f0040fac   8000022e  c.swsp   x1, 0x1c
#5081 0 80000204     4785 r 0f         00000001  c.li     x15, 0x1
#5082 0 80000206     8a2a r 14         f0041010  c.mv     x20, x10
#5083 0 80000208     8932 r 12         f0041020  c.mv     x18, x12
#5084 0 8000020a     89ba r 13         f0041028  c.mv     x19, x14
#5085 0 8000020c     84ae r 09         00000001  c.mv     x9, x11
#5086 0 8000020e     8436 r 08         f0041018  c.mv     x8, x13
#5087 0 80000210 02f58663 r 00         00000000  beq      x11, x15, . + 0x2c
#5088 0 8000023c     8432 r 08         f0041020  c.mv     x8, x12
#5089 0 8000023e     405c r 0f         f0040028  c.lw     x15, 0x4(x8)
#5090 0 80000240     4014 r 0d         00000001  c.lw     x13, 0x0(x8)
#5091 0 80000242 004a2703 r 0e         00000065  lw       x14, 0x4(x20)
#5092 0 80000246     43cc r 0b         00000000  c.lw     x11, 0x4(x15)
#5093 0 80000248     4390 r 0c         00000002  c.lw     x12, 0x0(x15)
#5094 0 8000024a     16fd r 0d         00000000  c.addi   x13, -0x1
#5095 0 8000024c     c04c m f0041024   00000000  c.sw     x11, 0x4(x8)
#5096 0 8000024e 0049a583 r 0b         f0040020  lw       x11, 0x4(x19)
#5097 0 80000252     c014 m f0041020   00000000  c.sw     x13, 0x0(x8)
#5098 0 80000254 0009a683 r 0d         00000003  lw       x13, 0x0(x19)
#5099 0 80000258     c3cc m f004002c   f0040020  c.sw     x11, 0x4(x15)
#5100 0 8000025a 00f9a223 m f004102c   f0040028  sw       x15, 0x4(x19)
#5101 0 8000025e     c390 m f0040028   00000002  c.sw     x12, 0x0(x15)
#5102 0 80000260     40f2 r 01         8000022e  c.lwsp   x1, 0x1c
#5103 0 80000262     4462 r 08         f0041018  c.lwsp   x8, 0x18
#5104 0 80000264 00168793 r 0f         00000004  addi     x15, x13, 0x1
#5105 0 80000268 00f9a023 m f0041028   00000004  sw       x15, 0x0(x19)
#5106 0 8000026c 00170793 r 0f         00000066  addi     x15, x14, 0x1
#5107 0 80000270 00fa2223 m f0041014   00000066  sw       x15, 0x4(x20)
#5108 0 80000274     44d2 r 09         00000001  c.lwsp   x9, 0x14
#5109 0 80000276     4942 r 12         f0041020  c.lwsp   x18, 0x10
#5110 0 80000278     49b2 r 13         f0041028  c.lwsp   x19, 0xc
#5111 0 8000027a     4a22 r 14         f0041010  c.lwsp   x20, 0x8
#5112 0 8000027c     6105 r 02         f0040fb0  c.addi16sp 0x2
#5113 0 8000027e     8082 r 00         00000000  c.jr     x1
#5114 0 8000022e     4785 r 0f         00000001  c.li     x15, 0x1
#5115 0 80000230     874a r 0e         f0041020  c.mv     x14, x18
#5116 0 80000232 00f48663 r 00         00000000  beq      x9, x15, . + 0xc
#5117 0 8000023e     405c r 0f         f0040030  c.lw     x15, 0x4(x8)
#5118 0 80000240     4014 r 0d         00000003  c.lw     x13, 0x0(x8)
#5119 0 80000242 004a2703 r 0e         00000066  lw       x14, 0x4(x20)
#5120 0 80000246     43cc r 0b         f0040018  c.lw     x11, 0x4(x15)
#5121 0 80000248     4390 r 0c         00000001  c.lw     x12, 0x0(x15)
#5122 0 8000024a     16fd r 0d         00000002  c.addi   x13, -0x1
#5123 0 8000024c     c04c m f004101c   f0040018  c.sw     x11, 0x4(x8)
#5124 0 8000024e 0049a583 r 0b         f0040028  lw       x11, 0x4(x19)
#5125 0 80000252     c014 m f0041018   00000002  c.sw     x13, 0x0(x8)
#5126 0 80000254 0009a683 r 0d         00000004  lw       x13, 0x0(x19)
#5127 0 80000258     c3cc m f0040034   f0040028  c.sw     x11, 0x4(x15)
#5128 0 8000025a 00f9a223 m f004102c   f0040030  sw       x15, 0x4(x19)
#5129 0 8000025e     c390 m f0040030   00000001  c.sw     x12, 0x0(x15)
#5130 0 80000260     40f2 r 01         80000222  c.lwsp   x1, 0x1c
#5131 0 80000262     4462 r 08         f0041028  c.lwsp   x8, 0x18
#5132 0 80000264 00168793 r 0f         00000005  addi     x15, x13, 0x1
#5133 0 80000268 00f9a023 m f0041028   00000005  sw       x15, 0x0(x19)
#5134 0 8000026c 00170793 r 0f         00000067  addi     x15, x14, 0x1
#5135 0 80000270 00fa2223 m f0041014   00000067  sw       x15, 0x4(x20)
#5136 0 80000274     44d2 r 09         00000003  c.lwsp   x9, 0x14
#5137 0 80000276     4942 r 12         f0041018  c.lwsp   x18, 0x10
#5138 0 80000278     49b2 r 13         f0041020  c.lwsp   x19, 0xc
#5139 0 8000027a     4a22 r 14         f0041010  c.lwsp   x20, 0x8
#5140 0 8000027c     6105 r 02         f0040fd0  c.addi16sp 0x2
#5141 0 8000027e     8082 r 00         00000000  c.jr     x1
#5142 0 80000222     874e r 0e         f0041020  c.mv     x14, x19
#5143 0 80000224     86a2 r 0d         f0041028  c.mv     x13, x8
#5144 0 80000226     864a r 0c         f0041018  c.mv     x12, x18
#5145 0 80000228     4585 r 0b         00000001  c.li     x11, 0x1
#5146 0 8000022a     8552 r 0a         f0041010  c.mv     x10, x20
#5147 0 8000022c     37e9 r 01         8000022e  c.jal    . - 0x36
#5148 0 800001f6     1101 r 02         f0040fb0  c.addi   x2, -0x20
#5149 0 800001f8     cc22 m f0040fc8   f0041028  c.swsp   x8, 0x18
#5150 0 800001fa     ca26 m f0040fc4   00000003  c.swsp   x9, 0x14
#5151 0 800001fc     c84a m f0040fc0   f0041018  c.swsp   x18, 0x10
#5152 0 800001fe     c64e m f0040fbc   f0041020  c.swsp   x19, 0xc
#5153 0 80000200     c452 m f0040fb8   f0041010  c.swsp   x20, 0x8
#5154 0 80000202     ce06 m f0040fcc   8000022e  c.swsp   x1, 0x1c
#5155 0 80000204     4785 r 0f         00000001  c.li     x15, 0x1
#5156 0 80000206     8a2a r 14         f0041010  c.mv     x20, x10
#5157 0 80000208     8932 r 12         f0041018  c.mv     x18, x12
#5158 0 8000020a     89ba r 13         f0041020  c.mv     x19, x14
#5159 0 8000020c     84ae r 09         00000001  c.mv     x9, x11
#5160 0 8000020e     8436 r 08         f0041028  c.mv     x8, x13
#5161 0 80000210 02f58663 r 00         00000000  beq      x11, x15, . + 0x2c
#5162 0 8000023c     8432 r 08         f0041018  c.mv     x8, x12
#5163 0 8000023e     405c r 0f         f0040018  c.lw     x15, 0x4(x8)
#5164 0 80000240     4014 r 0d         00000002  c.lw     x13, 0x0(x8)
#5165 0 80000242 004a2703 r 0e         00000067  lw       x14, 0x4(x20)
#5166 0 80000246     43cc r 0b         f0040010  c.lw     x11, 0x4(x15)
#5167 0 80000248     4390 r 0c         00000004  c.lw     x12, 0x0(x15)
#5168 0 8000024a     16fd r 0d         00000001  c.addi   x13, -0x1
#5169 0 8000024c     c04c m f004101c   f0040010  c.sw     x11, 0x4(x8)
#5170 0 8000024e 0049a583 r 0b         00000000  lw       x11, 0x4(x19)
#5171 0 80000252     c014 m f0041018   00000001  c.sw     x13, 0x0(x8)
#5172 0 80000254 0009a683 r 0d         00000000  lw       x13, 0x0(x19)
#5173 0 80000258     c3cc m f004001c   00000000  c.sw     x11, 0x4(x15)
#5174 0 8000025a 00f9a223 m f0041024   f0040018  sw       x15, 0x4(x19)
#5175 0 8000025e     c390 m f0040018   00000004  c.sw     x12, 0x0(x15)
#5176 0 80000260     40f2 r 01         8000022e  c.lwsp   x1, 0x1c
#5177 0 80000262     4462 r 08         f0041028  c.lwsp   x8, 0x18
#5178 0 80000264 00168793 r 0f         00000001  addi     x15, x13, 0x1
#5179 0 80000268 00f9a023 m f0041020   00000001  sw       x15, 0x0(x19)
#5180 0 8000026c 00170793 r 0f         00000068  addi     x15, x14, 0x1
#5181 0 80000270 00fa2223 m f0041014   00000068  sw       x15, 0x4(x20)
#5182 0 80000274     44d2 r 09         00000003  c.lwsp   x9, 0x14
#5183 0 80000276     4942 r 12         f0041018  c.lwsp   x18, 0x10
#5184 0 80000278     49b2 r 13         f0041020  c.lwsp   x19, 0xc
#5185 0 8000027a     4a22 r 14         f0041010  c.lwsp   x20, 0x8
#5186 0 8000027c     6105 r 02         f0040fd0  c.addi16sp 0x2
#5187 0 8000027e     8082 r 00         00000000  c.jr     x1
#5188 0 8000022e     4785 r 0f         00000001  c.li     x15, 0x1
#5189 0 80000230     874a r 0e         f0041018  c.mv     x14, x18
#5190 0 80000232 00f48663 r 00         00000000  beq      x9, x15, . + 0xc
#5191 0 80000236     8922 r 12         f0041028  c.mv     x18, x8
#5192 0 80000238     843a r 08         f0041018  c.mv     x8, x14
#5193 0 8000023a     bfe9 r 00         00000000  c.j      . - 0x26
#5194 0 80000214     14fd r 09         00000002  c.addi   x9, -0x1
#5195 0 80000216     85a6 r 0b         00000002  c.mv     x11, x9
#5196 0 80000218     8552 r 0a         f0041010  c.mv     x10, x20
#5197 0 8000021a     8722 r 0e         f0041018  c.mv     x14, x8
#5198 0 8000021c     86ce r 0d         f0041020  c.mv     x13, x19
#5199 0 8000021e     864a r 0c         f0041028  c.mv     x12, x18
#5200 0 80000220     3fd9 r 01         80000222  c.jal    . - 0x2a
#5201 0 800001f6     1101 r 02         f0040fb0  c.addi   x2, -0x20
#5202 0 800001f8     cc22 m f0040fc8   f0041018  c.swsp   x8, 0x18
#5203 0 800001fa     ca26 m f0040fc4   00000002  c.swsp   x9, 0x14
#5204 0 800001fc     c84a m f0040fc0   f0041028  c.swsp   x18, 0x10
#5205 0 800001fe     c64e m f0040fbc   f0041020  c.swsp   x19, 0xc
#5206 0 80000200     c452 m f0040fb8   f0041010  c.swsp   x20, 0x8
#5207 0 80000202     ce06 m f0040fcc   80000222  c.swsp   x1, 0x1c
#5208 0 80000204     4785 r 0f         00000001  c.li     x15, 0x1
#5209 0 80000206     8a2a r 14         f0041010  c.mv     x20, x10
#5210 0 80000208     8932 r 12         f0041028  c.mv     x18, x12
#5211 0 8000020a     89ba r 13         f0041018  c.mv     x19, x14
#5212 0 8000020c     84ae r 09         00000002  c.mv     x9, x11
#5213 0 8000020e     8436 r 08         f0041020  c.mv     x8, x13
#5214 0 80000210 02f58663 r 00         00000000  beq      x11, x15, . + 0x2c
#5215 0 80000214     14fd r 09         00000001  c.addi   x9, -0x1
#5216 0 80000216     85a6 r 0b         00000001  c.mv     x11, x9
#5217 0 80000218     8552 r 0a         f0041010  c.mv     x10, x20
#5218 0 8000021a     8722 r 0e         f0041020  c.mv     x14, x8
#5219 0 8000021c     86ce r 0d         f0041018  c.mv     x13, x19
#5220 0 8000021e     864a r 0c         f0041028  c.mv     x12, x18
#5221 0 80000220     3fd9 r 01         80000222  c.jal    . - 0x2a
#5222 0 800001f6     1101 r 02         f0040f90  c.addi   x2, -0x20
#5223 0 800001f8     cc22 m f0040fa8   f0041020  c.swsp   x8, 0x18
#5224 0 800001fa     ca26 m f0040fa4   00000001  c.swsp   x9, 0x14
#5225 0 800001fc     c84a m f0040fa0   f0041028  c.swsp   x18, 0x10
#5226 0 800001fe     c64e m f0040f9c   f0041018  c.swsp   x19, 0xc
#5227 0 80000200     c452 m f0040f98   f0041010  c.swsp   x20, 0x8
#5228 0 80000202     ce06 m f0040fac   80000222  c.swsp   x1, 0x1c
#5229 0 80000204     4785 r 0f         00000001  c.li     x15, 0x1
#5230 0 80000206     8a2a r 14         f0041010  c.mv     x20, x10
#5231 0 80000208     8932 r 12         f0041028  c.mv     x18, x12
#5232 0 8000020a     89ba r 13         f0041020  c.mv     x19, x14
#5233 0 8000020c     84ae r 09         00000001  c.mv     x9, x11
#5234 0 8000020e     8436 r 08         f0041018  c.mv     x8, x13
#5235 0 80000210 02f58663 r 00         00000000  beq      x11, x15, . + 0x2c
#5236 0 8000023c     8432 r 08         f0041028  c.mv     x8, x12
#5237 0 8000023e     405c r 0f         f0040030  c.lw     x15, 0x4(x8)
#5238 0 80000240     4014 r 0d         00000005  c.lw     x13, 0x0(x8)
#5239 0 80000242 004a2703 r 0e         00000068  lw       x14, 0x4(x20)
#5240 0 80000246     43cc r 0b         f0040028  c.lw     x11, 0x4(x15)
#5241 0 80000248     4390 r 0c         00000001  c.lw     x12, 0x0(x15)
#5242 0 8000024a     16fd r 0d         00000004  c.addi   x13, -0x1
#5243 0 8000024c     c04c m f004102c   f0040028  c.sw     x11, 0x4(x8)
#5244 0 8000024e 0049a583 r 0b         f0040018  lw       x11, 0x4(x19)
#5245 0 80000252     c014 m f0041028   00000004  c.sw     x13, 0x0(x8)
#5246 0 80000254 0009a683 r 0d         00000001  lw       x13, 0x0(x19)
#5247 0 80000258     c3cc m f0040034   f0040018  c.sw     x11, 0x4(x15)
#5248 0 8000025a 00f9a223 m f0041024   f0040030  sw       x15, 0x4(x19)
#5249 0 8000025e     c390 m f0040030   00000001  c.sw     x12, 0x0(x15)
#5250 0 80000260     40f2 r 01         80000222  c.lwsp   x1, 0x1c
#5251 0 80000262     4462 r 08         f0041020  c.lwsp   x8, 0x18
#5252 0 80000264 00168793 r 0f         00000002  addi     x15, x13, 0x1
#5253 0 80000268 00f9a023 m f0041020   00000002  sw       x15, 0x0(x19)
#5254 0 8000026c 00170793 r 0f         00000069  addi     x15, x14, 0x1
#5255 0 80000270 00fa2223 m f0041014   00000069  sw       x15, 0x4(x20)
#5256 0 80000274     44d2 r 09         00000001  c.lwsp   x9, 0x14
#5257 0 80000276     4942 r 12         f0041028  c.lwsp   x18, 0x10
#5258 0 80000278     49b2 r 13         f0041018  c.lwsp   x19, 0xc
#5259 0 8000027a     4a22 r 14         f0041010  c.lwsp   x20, 0x8
#5260 0 8000027c     6105 r 02         f0040fb0  c.addi16sp 0x2
#5261 0 8000027e     8082 r 00         00000000  c.jr     x1
#5262 0 80000222     874e r 0e         f0041018  c.mv     x14, x19
#5263 0 80000224     86a2 r 0d         f0041020  c.mv     x13, x8
#5264 0 80000226     864a r 0c         f0041028  c.mv     x12, x18
#5265 0 80000228     4585 r 0b         00000001  c.li     x11, 0x1
#5266 0 8000022a     8552 r 0a         f0041010  c.mv     x10, x20
#5267 0 8000022c     37e9 r 01         8000022e  c.jal    . - 0x36
#5268 0 800001f6     1101 r 02         f0040f90  c.addi   x2, -0x20
#5269 0 800001f8     cc22 m f0040fa8   f0041020  c.swsp   x8, 0x18
#5270 0 800001fa     ca26 m f0040fa4   00000001  c.swsp   x9, 0x14
#5271 0 800001fc     c84a m f0040fa0   f0041028  c.swsp   x18, 0x10
#5272 0 800001fe     c64e m f0040f9c   f0041018  c.swsp   x19, 0xc
#5273 0 80000200     c452 m f0040f98   f0041010  c.swsp   x20, 0x8
#5274 0 80000202     ce06 m f0040fac   8000022e  c.swsp   x1, 0x1c
#5275 0 80000204     4785 r 0f         00000001  c.li     x15, 0x1
#5276 0 80000206     8a2a r 14         f0041010  c.mv     x20, x10
#5277 0 80000208     8932 r 12         f0041028  c.mv     x18, x12
#5278 0 8000020a     89ba r 13         f0041018  c.mv     x19, x14
#5279 0 8000020c     84ae r 09         00000001  c.mv     x9, x11
#5280 0 8000020e     8436 r 08         f0041020  c.mv     x8, x13
#5281 0 80000210 02f58663 r 00         00000000  beq      x11, x15, . + 0x2c
#5282 0 8000023c     8432 r 08         f0041028  c.mv     x8, x12
#5283 0 8000023e     405c r 0f         f0040028  c.lw     x15, 0x4(x8)
#5284 0 80000240     4014 r 0d         00000004  c.lw     x13, 0x0(x8)
#5285 0 80000242 004a2703 r 0e         00000069  lw       x14, 0x4(x20)
#5286 0 80000246     43cc r 0b         f0040020  c.lw     x11, 0x4(x15)
#5287 0 80000248     4390 r 0c         00000002  c.lw     x12, 0x0(x15)
#5288 0 8000024a     16fd r 0d         00000003  c.addi   x13, -0x1
#5289 0 8000024c     c04c m f004102c   f0040020  c.sw     x11, 0x4(x8)
#5290 0 8000024e 0049a583 r 0b         f0040010  lw       x11, 0x4(x19)
#5291 0 80000252     c014 m f0041028   00000003  c.sw     x13, 0x0(x8)
#5292 0 80000254 0009a683 r 0d         00000001  lw       x13, 0x0(x19)
#5293 0 80000258     c3cc m f004002c   f0040010  c.sw     x11, 0x4(x15)
#5294 0 8000025a 00f9a223 m f004101c   f0040028  sw       x15, 0x4(x19)
#5295 0 8000025e     c390 m f0040028   00000002  c.sw     x12, 0x0(x15)
#5296 0 80000260     40f2 r 01         8000022e  c.lwsp   x1, 0x1c
#5297 0 80000262     4462 r 08         f0041020  c.lwsp   x8, 0x18
#5298 0 80000264 00168793 r 0f         00000002  addi     x15, x13, 0x1
#5299 0 80000268 00f9a023 m f0041018   00000002  sw       x15, 0x0(x19)
#5300 0 8000026c 00170793 r 0f         0000006a  addi     x15, x14, 0x1
#5301 0 80000270 00fa2223 m f0041014   0000006a  sw       x15, 0x4(x20)
#5302 0 80000274     44d2 r 09         00000001  c.lwsp   x9, 0x14
#5303 0 80000276     4942 r 12         f0041028  c.lwsp   x18, 0x10
#5304 0 80000278     49b2 r 13         f0041018  c.lwsp   x19, 0xc
#5305 0 8000027a     4a22 r 14         f0041010  c.lwsp   x20, 0x8
#5306 0 8000027c     6105 r 02         f0040fb0  c.addi16sp 0x2
#5307 0 8000027e     8082 r 00         00000000  c.jr     x1
#5308 0 8000022e     4785 r 0f         00000001  c.li     x15, 0x1
#5309 0 80000230     874a r 0e         f0041028  c.mv     x14, x18
#5310 0 80000232 00f48663 r 00         00000000  beq      x9, x15, . + 0xc
#5311 0 8000023e     405c r 0f         f0040030  c.lw     x15, 0x4(x8)
#5312 0 80000240     4014 r 0d         00000002  c.lw     x13, 0x0(x8)
#5313 0 80000242 004a2703 r 0e         0000006a  lw       x14, 0x4(x20)
#5314 0 80000246     43cc r 0b         f0040018  c.lw     x11, 0x4(x15)
#5315 0 80000248     4390 r 0c         00000001  c.lw     x12, 0x0(x15)
#5316 0 8000024a     16fd r 0d         00000001  c.addi   x13, -0x1
#5317 0 8000024c     c04c m f0041024   f0040018  c.sw     x11, 0x4(x8)
#5318 0 8000024e 0049a583 r 0b         f0040028  lw       x11, 0x4(x19)
#5319 0 80000252     c014 m f0041020   00000001  c.sw     x13, 0x0(x8)
#5320 0 80000254 0009a683 r 0d         00000002  lw       x13, 0x0(x19)
#5321 0 80000258     c3cc m f0040034   f0040028  c.sw     x11, 0x4(x15)
#5322 0 8000025a 00f9a223 m f004101c   f0040030  sw       x15, 0x4(x19)
#5323 0 8000025e     c390 m f0040030   00000001  c.sw     x12, 0x0(x15)
#5324 0 80000260     40f2 r 01         80000222  c.lwsp   x1, 0x1c
#5325 0 80000262     4462 r 08         f0041018  c.lwsp   x8, 0x18
#5326 0 80000264 00168793 r 0f         00000003  addi     x15, x13, 0x1
#5327 0 80000268 00f9a023 m f0041018   00000003  sw       x15, 0x0(x19)
#5328 0 8000026c 00170793 r 0f         0000006b  addi     x15, x14, 0x1
#5329 0 80000270 00fa2223 m f0041014   0000006b  sw       x15, 0x4(x20)
#5330 0 80000274     44d2 r 09         00000002  c.lwsp   x9, 0x14
#5331 0 80000276     4942 r 12         f0041028  c.lwsp   x18, 0x10
#5332 0 80000278     49b2 r 13         f0041020  c.lwsp   x19, 0xc
#5333 0 8000027a     4a22 r 14         f0041010  c.lwsp   x20, 0x8
#5334 0 8000027c     6105 r 02         f0040fd0  c.addi16sp 0x2
#5335 0 8000027e     8082 r 00         00000000  c.jr     x1
#5336 0 80000222     874e r 0e         f0041020  c.mv     x14, x19
#5337 0 80000224     86a2 r 0d         f0041018  c.mv     x13, x8
#5338 0 80000226     864a r 0c         f0041028  c.mv     x12, x18
#5339 0 80000228     4585 r 0b         00000001  c.li     x11, 0x1
#5340 0 8000022a     8552 r 0a         f0041010  c.mv     x10, x20
#5341 0 8000022c     37e9 r 01         8000022e  c.jal    . - 0x36
#5342 0 800001f6     1101 r 02         f0040fb0  c.addi   x2, -0x20
#5343 0 800001f8     cc22 m f0040fc8   f0041018  c.swsp   x8, 0x18
#5344 0 800001fa     ca26 m f0040fc4   00000002  c.swsp   x9, 0x14
#5345 0 800001fc     c84a m f0040fc0   f0041028  c.swsp   x18, 0x10
#5346 0 800001fe     c64e m f0040fbc   f0041020  c.swsp   x19, 0xc
#5347 0 80000200     c452 m f0040fb8   f0041010  c.swsp   x20, 0x8
#5348 0 80000202     ce06 m f0040fcc   8000022e  c.swsp   x1, 0x1c
#5349 0 80000204     4785 r 0f         00000001  c.li     x15, 0x1
#5350 0 80000206     8a2a r 14         f0041010  c.mv     x20, x10
#5351 0 80000208     8932 r 12         f0041028  c.mv     x18, x12
#5352 0 8000020a     89ba r 13         f0041020  c.mv     x19, x14
#5353 0 8000020c     84ae r 09         00000001  c.mv     x9, x11
#5354 0 8000020e     8436 r 08         f0041018  c.mv     x8, x13
#5355 0 80000210 02f58663 r 00         00000000  beq      x11, x15, . + 0x2c
#5356 0 8000023c     8432 r 08         f0041028  c.mv     x8, x12
#5357 0 8000023e     405c r 0f         f0040020  c.lw     x15, 0x4(x8)
#5358 0 80000240     4014 r 0d         00000003  c.lw     x13, 0x0(x8)
#5359 0 80000242 004a2703 r 0e         0000006b  lw       x14, 0x4(x20)
#5360 0 80000246     43cc r 0b         f0040008  c.lw     x11, 0x4(x15)
#5361 0 80000248     4390 r 0c         00000003  c.lw     x12, 0x0(x15)
#5362 0 8000024a     16fd r 0d         00000002  c.addi   x13, -0x1
#5363 0 8000024c     c04c m f004102c   f0040008  c.sw     x11, 0x4(x8)
#5364 0 8000024e 0049a583 r 0b         f0040018  lw       x11, 0x4(x19)
#5365 0 80000252     c014 m f0041028   00000002  c.sw     x13, 0x0(x8)
#5366 0 80000254 0009a683 r 0d         00000001  lw       x13, 0x0(x19)
#5367 0 80000258     c3cc m f0040024   f0040018  c.sw     x11, 0x4(x15)
#5368 0 8000025a 00f9a223 m f0041024   f0040020  sw       x15, 0x4(x19)
#5369 0 8000025e     c390 m f0040020   00000003  c.sw     x12, 0x0(x15)
#5370 0 80000260     40f2 r 01         8000022e  c.lwsp   x1, 0x1c
#5371 0 80000262     4462 r 08         f0041018  c.lwsp   x8, 0x18
#5372 0 80000264 00168793 r 0f         00000002  addi     x15, x13, 0x1
#5373 0 80000268 00f9a023 m f0041020   00000002  sw       x15, 0x0(x19)
#5374 0 8000026c 00170793 r 0f         0000006c  addi     x15, x14, 0x1
#5375 0 80000270 00fa2223 m f0041014   0000006c  sw       x15, 0x4(x20)
#5376 0 80000274     44d2 r 09         00000002  c.lwsp   x9, 0x14
#5377 0 80000276     4942 r 12         f0041028  c.lwsp   x18, 0x10
#5378 0 80000278     49b2 r 13         f0041020  c.lwsp   x19, 0xc
#5379 0 8000027a     4a22 r 14         f0041010  c.lwsp   x20, 0x8
#5380 0 8000027c     6105 r 02         f0040fd0  c.addi16sp 0x2
#5381 0 8000027e     8082 r 00         00000000  c.jr     x1
#5382 0 8000022e     4785 r 0f         00000001  c.li     x15, 0x1
#5383 0 80000230     874a r 0e         f0041028  c.mv     x14, x18
#5384 0 80000232 00f48663 r 00         00000000  beq      x9, x15, . + 0xc
#5385 0 80000236     8922 r 12         f0041018  c.mv     x18, x8
#5386 0 80000238     843a r 08         f0041028  c.mv     x8, x14
#5387 0 8000023a     bfe9 r 00         00000000  c.j      . - 0x26
#5388 0 80000214     14fd r 09         00000001  c.addi   x9, -0x1
#5389 0 80000216     85a6 r 0b         00000001  c.mv     x11, x9
#5390 0 80000218     8552 r 0a         f0041010  c.mv     x10, x20
#5391 0 8000021a     8722 r 0e         f0041028  c.mv     x14, x8
#5392 0 8000021c     86ce r 0d         f0041020  c.mv     x13, x19
#5393 0 8000021e     864a r 0c         f0041018  c.mv     x12, x18
#5394 0 80000220     3fd9 r 01         80000222  c.jal    . - 0x2a
#5395 0 800001f6     1101 r 02         f0040fb0  c.addi   x2, -0x20
#5396 0 800001f8     cc22 m f0040fc8   f0041028  c.swsp   x8, 0x18
#5397 0 800001fa     ca26 m f0040fc4   00000001  c.swsp   x9, 0x14
#5398 0 800001fc     c84a m f0040fc0   f0041018  c.swsp   x18, 0x10
#5399 0 800001fe     c64e m f0040fbc   f0041020  c.swsp   x19, 0xc
#5400 0 80000200     c452 m f0040fb8   f0041010  c.swsp   x20, 0x8
#5401 0 80000202     ce06 m f0040fcc   80000222  c.swsp   x1, 0x1c
#5402 0 80000204     4785 r 0f         00000001  c.li     x15, 0x1
#5403 0 80000206     8a2a r 14         f0041010  c.mv     x20, x10
#5404 0 80000208     8932 r 12         f0041018  c.mv     x18, x12
#5405 0 8000020a     89ba r 13         f0041028  c.mv     x19, x14
#5406 0 8000020c     84ae r 09         00000001  c.mv     x9, x11
#5407 0 8000020e     8436 r 08         f0041020  c.mv     x8, x13
#5408 0 80000210 02f58663 r 00         00000000  beq      x11, x15, . + 0x2c
#5409 0 8000023c     8432 r 08         f0041018  c.mv     x8, x12
#5410 0 8000023e     405c r 0f         f0040030  c.lw     x15, 0x4(x8)
#5411 0 80000240     4014 r 0d         00000003  c.lw     x13, 0x0(x8)
#5412 0 80000242 004a2703 r 0e         0000006c  lw       x14, 0x4(x20)
#5413 0 80000246     43cc r 0b         f0040028  c.lw     x11, 0x4(x15)
#5414 0 80000248     4390 r 0c         00000001  c.lw     x12, 0x0(x15)
#5415 0 8000024a     16fd r 0d         00000002  c.addi   x13, -0x1
#5416 0 8000024c     c04c m f004101c   f0040028  c.sw     x11, 0x4(x8)
#5417 0 8000024e 0049a583 r 0b         f0040008  lw       x11, 0x4(x19)
#5418 0 80000252     c014 m f0041018   00000002  c.sw     x13, 0x0(x8)
#5419 0 80000254 0009a683 r 0d         00000002  lw       x13, 0x0(x19)
#5420 0 80000258     c3cc m f0040034   f0040008  c.sw     x11, 0x4(x15)
#5421 0 8000025a 00f9a223 m f004102c   f0040030  sw       x15, 0x4(x19)
#5422 0 8000025e     c390 m f0040030   00000001  c.sw     x12, 0x0(x15)
#5423 0 80000260     40f2 r 01         80000222  c.lwsp   x1, 0x1c
#5424 0 80000262     4462 r 08         f0041028  c.lwsp   x8, 0x18
#5425 0 80000264 00168793 r 0f         00000003  addi     x15, x13, 0x1
#5426 0 80000268 00f9a023 m f0041028   00000003  sw       x15, 0x0(x19)
#5427 0 8000026c 00170793 r 0f         0000006d  addi     x15, x14, 0x1
#5428 0 80000270 00fa2223 m f0041014   0000006d  sw       x15, 0x4(x20)
#5429 0 80000274     44d2 r 09         00000001  c.lwsp   x9, 0x14
#5430 0 80000276     4942 r 12         f0041018  c.lwsp   x18, 0x10
#5431 0 80000278     49b2 r 13         f0041020  c.lwsp   x19, 0xc
#5432 0 8000027a     4a22 r 14         f0041010  c.lwsp   x20, 0x8
#5433 0 8000027c     6105 r 02         f0040fd0  c.addi16sp 0x2
#5434 0 8000027e     8082 r 00         00000000  c.jr     x1
#5435 0 80000222     874e r 0e         f0041020  c.mv     x14, x19
#5436 0 80000224     86a2 r 0d         f0041028  c.mv     x13, x8
#5437 0 80000226     864a r 0c         f0041018  c.mv     x12, x18
#5438 0 80000228     4585 r 0b         00000001  c.li     x11, 0x1
#5439 0 8000022a     8552 r 0a         f0041010  c.mv     x10, x20
#5440 0 8000022c     37e9 r 01         8000022e  c.jal    . - 0x36
#5441 0 800001f6     1101 r 02         f0040fb0  c.addi   x2, -0x20
#5442 0 800001f8     cc22 m f0040fc8   f0041028  c.swsp   x8, 0x18
#5443 0 800001fa     ca26 m f0040fc4   00000001  c.swsp   x9, 0x14
#5444 0 800001fc     c84a m f0040fc0   f0041018  c.swsp   x18, 0x10
#5445 0 800001fe     c64e m f0040fbc   f0041020  c.swsp   x19, 0xc
#5446 0 80000200     c452 m f0040fb8   f0041010  c.swsp   x20, 0x8
#5447 0 80000202     ce06 m f0040fcc   8000022e  c.swsp   x1, 0x1c
#5448 0 80000204     4785 r 0f         00000001  c.li     x15, 0x1
#5449 0 80000206     8a2a r 14         f0041010  c.mv     x20, x10
#5450 0 80000208     8932 r 12         f0041018  c.mv     x18, x12
#5451 0 8000020a     89ba r 13         f0041020  c.mv     x19, x14
#5452 0 8000020c     84ae r 09         00000001  c.mv     x9, x11
#5453 0 8000020e     8436 r 08         f0041028  c.mv     x8, x13
#5454 0 80000210 02f58663 r 00         00000000  beq      x11, x15, . + 0x2c
#5455 0 8000023c     8432 r 08         f0041018  c.mv     x8, x12
#5456 0 8000023e     405c r 0f         f0040028  c.lw     x15, 0x4(x8)
#5457 0 80000240     4014 r 0d         00000002  c.lw     x13, 0x0(x8)
#5458 0 80000242 004a2703 r 0e         0000006d  lw       x14, 0x4(x20)
#5459 0 80000246     43cc r 0b         f0040010  c.lw     x11, 0x4(x15)
#5460 0 80000248     4390 r 0c         00000002  c.lw     x12, 0x0(x15)
#5461 0 8000024a     16fd r 0d         00000001  c.addi   x13, -0x1
#5462 0 8000024c     c04c m f004101c   f0040010  c.sw     x11, 0x4(x8)
#5463 0 8000024e 0049a583 r 0b         f0040020  lw       x11, 0x4(x19)
#5464 0 80000252     c014 m f0041018   00000001  c.sw     x13, 0x0(x8)
#5465 0 80000254 0009a683 r 0d         00000002  lw       x13, 0x0(x19)
#5466 0 80000258     c3cc m f004002c   f0040020  c.sw     x11, 0x4(x15)
#5467 0 8000025a 00f9a223 m f0041024   f0040028  sw       x15, 0x4(x19)
#5468 0 8000025e     c390 m f0040028   00000002  c.sw     x12, 0x0(x15)
#5469 0 80000260     40f2 r 01         8000022e  c.lwsp   x1, 0x1c
#5470 0 80000262     4462 r 08         f0041028  c.lwsp   x8, 0x18
#5471 0 80000264 00168793 r 0f         00000003  addi     x15, x13, 0x1
#5472 0 80000268 00f9a023 m f0041020   00000003  sw       x15, 0x0(x19)
#5473 0 8000026c 00170793 r 0f         0000006e  addi     x15, x14, 0x1
#5474 0 80000270 00fa2223 m f0041014   0000006e  sw       x15, 0x4(x20)
#5475 0 80000274     44d2 r 09         00000001  c.lwsp   x9, 0x14
#5476 0 80000276     4942 r 12         f0041018  c.lwsp   x18, 0x10
#5477 0 80000278     49b2 r 13         f0041020  c.lwsp   x19, 0xc
#5478 0 8000027a     4a22 r 14         f0041010  c.lwsp   x20, 0x8
#5479 0 8000027c     6105 r 02         f0040fd0  c.addi16sp 0x2
#5480 0 8000027e     8082 r 00         00000000  c.jr     x1
#5481 0 8000022e     4785 r 0f         00000001  c.li     x15, 0x1
#5482 0 80000230     874a r 0e         f0041018  c.mv     x14, x18
#5483 0 80000232 00f48663 r 00         00000000  beq      x9, x15, . + 0xc
#5484 0 8000023e     405c r 0f         f0040030  c.lw     x15, 0x4(x8)
#5485 0 80000240     4014 r 0d         00000003  c.lw     x13, 0x0(x8)
#5486 0 80000242 004a2703 r 0e         0000006e  lw       x14, 0x4(x20)
#5487 0 80000246     43cc r 0b         f0040008  c.lw     x11, 0x4(x15)
#5488 0 80000248     4390 r 0c         00000001  c.lw     x12, 0x0(x15)
#5489 0 8000024a     16fd r 0d         00000002  c.addi   x13, -0x1
#5490 0 8000024c     c04c m f004102c   f0040008  c.sw     x11, 0x4(x8)
#5491 0 8000024e 0049a583 r 0b         f0040028  lw       x11, 0x4(x19)
#5492 0 80000252     c014 m f0041028   00000002  c.sw     x13, 0x0(x8)
#5493 0 80000254 0009a683 r 0d         00000003  lw       x13, 0x0(x19)
#5494 0 80000258     c3cc m f0040034   f0040028  c.sw     x11, 0x4(x15)
#5495 0 8000025a 00f9a223 m f0041024   f0040030  sw       x15, 0x4(x19)
#5496 0 8000025e     c390 m f0040030   00000001  c.sw     x12, 0x0(x15)
#5497 0 80000260     40f2 r 01         80000222  c.lwsp   x1, 0x1c
#5498 0 80000262     4462 r 08         f0041020  c.lwsp   x8, 0x18
#5499 0 80000264 00168793 r 0f         00000004  addi     x15, x13, 0x1
#5500 0 80000268 00f9a023 m f0041020   00000004  sw       x15, 0x0(x19)
#5501 0 8000026c 00170793 r 0f         0000006f  addi     x15, x14, 0x1
#5502 0 80000270 00fa2223 m f0041014   0000006f  sw       x15, 0x4(x20)
#5503 0 80000274     44d2 r 09         00000004  c.lwsp   x9, 0x14
#5504 0 80000276     4942 r 12         f0041018  c.lwsp   x18, 0x10
#5505 0 80000278     49b2 r 13         f0041028  c.lwsp   x19, 0xc
#5506 0 8000027a     4a22 r 14         f0041010  c.lwsp   x20, 0x8
#5507 0 8000027c     6105 r 02         f0040ff0  c.addi16sp 0x2
#5508 0 8000027e     8082 r 00         00000000  c.jr     x1
#5509 0 80000222     874e r 0e         f0041028  c.mv     x14, x19
#5510 0 80000224     86a2 r 0d         f0041020  c.mv     x13, x8
#5511 0 80000226     864a r 0c         f0041018  c.mv     x12, x18
#5512 0 80000228     4585 r 0b         00000001  c.li     x11, 0x1
#5513 0 8000022a     8552 r 0a         f0041010  c.mv     x10, x20
#5514 0 8000022c     37e9 r 01         8000022e  c.jal    . - 0x36
#5515 0 800001f6     1101 r 02         f0040fd0  c.addi   x2, -0x20
#5516 0 800001f8     cc22 m f0040fe8   f0041020  c.swsp   x8, 0x18
#5517 0 800001fa     ca26 m f0040fe4   00000004  c.swsp   x9, 0x14
#5518 0 800001fc     c84a m f0040fe0   f0041018  c.swsp   x18, 0x10
#5519 0 800001fe     c64e m f0040fdc   f0041028  c.swsp   x19, 0xc
#5520 0 80000200     c452 m f0040fd8   f0041010  c.swsp   x20, 0x8
#5521 0 80000202     ce06 m f0040fec   8000022e  c.swsp   x1, 0x1c
#5522 0 80000204     4785 r 0f         00000001  c.li     x15, 0x1
#5523 0 80000206     8a2a r 14         f0041010  c.mv     x20, x10
#5524 0 80000208     8932 r 12         f0041018  c.mv     x18, x12
#5525 0 8000020a     89ba r 13         f0041028  c.mv     x19, x14
#5526 0 8000020c     84ae r 09         00000001  c.mv     x9, x11
#5527 0 8000020e     8436 r 08         f0041020  c.mv     x8, x13
#5528 0 80000210 02f58663 r 00         00000000  beq      x11, x15, . + 0x2c
#5529 0 8000023c     8432 r 08         f0041018  c.mv     x8, x12
#5530 0 8000023e     405c r 0f         f0040010  c.lw     x15, 0x4(x8)
#5531 0 80000240     4014 r 0d         00000001  c.lw     x13, 0x0(x8)
#5532 0 80000242 004a2703 r 0e         0000006f  lw       x14, 0x4(x20)
#5533 0 80000246     43cc r 0b         00000000  c.lw     x11, 0x4(x15)
#5534 0 80000248     4390 r 0c         00000005  c.lw     x12, 0x0(x15)
#5535 0 8000024a     16fd r 0d         00000000  c.addi   x13, -0x1
#5536 0 8000024c     c04c m f004101c   00000000  c.sw     x11, 0x4(x8)
#5537 0 8000024e 0049a583 r 0b         f0040008  lw       x11, 0x4(x19)
#5538 0 80000252     c014 m f0041018   00000000  c.sw     x13, 0x0(x8)
#5539 0 80000254 0009a683 r 0d         00000002  lw       x13, 0x0(x19)
#5540 0 80000258     c3cc m f0040014   f0040008  c.sw     x11, 0x4(x15)
#5541 0 8000025a 00f9a223 m f004102c   f0040010  sw       x15, 0x4(x19)
#5542 0 8000025e     c390 m f0040010   00000005  c.sw     x12, 0x0(x15)
#5543 0 80000260     40f2 r 01         8000022e  c.lwsp   x1, 0x1c
#5544 0 80000262     4462 r 08         f0041020  c.lwsp   x8, 0x18
#5545 0 80000264 00168793 r 0f         00000003  addi     x15, x13, 0x1
#5546 0 80000268 00f9a023 m f0041028   00000003  sw       x15, 0x0(x19)
#5547 0 8000026c 00170793 r 0f         00000070  addi     x15, x14, 0x1
#5548 0 80000270 00fa2223 m f0041014   00000070  sw       x15, 0x4(x20)
#5549 0 80000274     44d2 r 09         00000004  c.lwsp   x9, 0x14
#5550 0 80000276     4942 r 12         f0041018  c.lwsp   x18, 0x10
#5551 0 80000278     49b2 r 13         f0041028  c.lwsp   x19, 0xc
#5552 0 8000027a     4a22 r 14         f0041010  c.lwsp   x20, 0x8
#5553 0 8000027c     6105 r 02         f0040ff0  c.addi16sp 0x2
#5554 0 8000027e     8082 r 00         00000000  c.jr     x1
#5555 0 8000022e     4785 r 0f         00000001  c.li     x15, 0x1
#5556 0 80000230     874a r 0e         f0041018  c.mv     x14, x18
#5557 0 80000232 00f48663 r 00         00000000  beq      x9, x15, . + 0xc
#5558 0 80000236     8922 r 12         f0041020  c.mv     x18, x8
#5559 0 80000238     843a r 08         f0041018  c.mv     x8, x14
#5560 0 8000023a     bfe9 r 00         00000000  c.j      . - 0x26
#5561 0 80000214     14fd r 09         00000003  c.addi   x9, -0x1
#5562 0 80000216     85a6 r 0b         00000003  c.mv     x11, x9
#5563 0 80000218     8552 r 0a         f0041010  c.mv     x10, x20
#5564 0 8000021a     8722 r 0e         f0041018  c.mv     x14, x8
#5565 0 8000021c     86ce r 0d         f0041028  c.mv     x13, x19
#5566 0 8000021e     864a r 0c         f0041020  c.mv     x12, x18
#5567 0 80000220     3fd9 r 01         80000222  c.jal    . - 0x2a
#5568 0 800001f6     1101 r 02         f0040fd0  c.addi   x2, -0x20
#5569 0 800001f8     cc22 m f0040fe8   f0041018  c.swsp   x8, 0x18
#5570 0 800001fa     ca26 m f0040fe4   00000003  c.swsp   x9, 0x14
#5571 0 800001fc     c84a m f0040fe0   f0041020  c.swsp   x18, 0x10
#5572 0 800001fe     c64e m f0040fdc   f0041028  c.swsp   x19, 0xc
#5573 0 80000200     c452 m f0040fd8   f0041010  c.swsp   x20, 0x8
#5574 0 80000202     ce06 m f0040fec   80000222  c.swsp   x1, 0x1c
#5575 0 80000204     4785 r 0f         00000001  c.li     x15, 0x1
#5576 0 80000206     8a2a r 14         f0041010  c.mv     x20, x10
#5577 0 80000208     8932 r 12         f0041020  c.mv     x18, x12
#5578 0 8000020a     89ba r 13         f0041018  c.mv     x19, x14
#5579 0 8000020c     84ae r 09         00000003  c.mv     x9, x11
#5580 0 8000020e     8436 r 08         f0041028  c.mv     x8, x13
#5581 0 80000210 02f58663 r 00         00000000  beq      x11, x15, . + 0x2c
#5582 0 80000214     14fd r 09         00000002  c.addi   x9, -0x1
#5583 0 80000216     85a6 r 0b         00000002  c.mv     x11, x9
#5584 0 80000218     8552 r 0a         f0041010  c.mv     x10, x20
#5585 0 8000021a     8722 r 0e         f0041028  c.mv     x14, x8
#5586 0 8000021c     86ce r 0d         f0041018  c.mv     x13, x19
#5587 0 8000021e     864a r 0c         f0041020  c.mv     x12, x18
#5588 0 80000220     3fd9 r 01         80000222  c.jal    . - 0x2a
#5589 0 800001f6     1101 r 02         f0040fb0  c.addi   x2, -0x20
#5590 0 800001f8     cc22 m f0040fc8   f0041028  c.swsp   x8, 0x18
#5591 0 800001fa     ca26 m f0040fc4   00000002  c.swsp   x9, 0x14
#5592 0 800001fc     c84a m f0040fc0   f0041020  c.swsp   x18, 0x10
#5593 0 800001fe     c64e m f0040fbc   f0041018  c.swsp   x19, 0xc
#5594 0 80000200     c452 m f0040fb8   f0041010  c.swsp   x20, 0x8
#5595 0 80000202     ce06 m f0040fcc   80000222  c.swsp   x1, 0x1c
#5596 0 80000204     4785 r 0f         00000001  c.li     x15, 0x1
#5597 0 80000206     8a2a r 14         f0041010  c.mv     x20, x10
#5598 0 80000208     8932 r 12         f0041020  c.mv     x18, x12
#5599 0 8000020a     89ba r 13         f0041028  c.mv     x19, x14
#5600 0 8000020c     84ae r 09         00000002  c.mv     x9, x11
#5601 0 8000020e     8436 r 08         f0041018  c.mv     x8, x13
#5602 0 80000210 02f58663 r 00         00000000  beq      x11, x15, . + 0x2c
#5603 0 80000214     14fd r 09         00000001  c.addi   x9, -0x1
#5604 0 80000216     85a6 r 0b         00000001  c.mv     x11, x9
#5605 0 80000218     8552 r 0a         f0041010  c.mv     x10, x20
#5606 0 8000021a     8722 r 0e         f0041018  c.mv     x14, x8
#5607 0 8000021c     86ce r 0d         f0041028  c.mv     x13, x19
#5608 0 8000021e     864a r 0c         f0041020  c.mv     x12, x18
#5609 0 80000220     3fd9 r 01         80000222  c.jal    . - 0x2a
#5610 0 800001f6     1101 r 02         f0040f90  c.addi   x2, -0x20
#5611 0 800001f8     cc22 m f0040fa8   f0041018  c.swsp   x8, 0x18
#5612 0 800001fa     ca26 m f0040fa4   00000001  c.swsp   x9, 0x14
#5613 0 800001fc     c84a m f0040fa0   f0041020  c.swsp   x18, 0x10
#5614 0 800001fe     c64e m f0040f9c   f0041028  c.swsp   x19, 0xc
#5615 0 80000200     c452 m f0040f98   f0041010  c.swsp   x20, 0x8
#5616 0 80000202     ce06 m f0040fac   80000222  c.swsp   x1, 0x1c
#5617 0 80000204     4785 r 0f         00000001  c.li     x15, 0x1
#5618 0 80000206     8a2a r 14         f0041010  c.mv     x20, x10
#5619 0 80000208     8932 r 12         f0041020  c.mv     x18, x12
#5620 0 8000020a     89ba r 13         f0041018  c.mv     x19, x14
#5621 0 8000020c     84ae r 09         00000001  c.mv     x9, x11
#5622 0 8000020e     8436 r 08         f0041028  c.mv     x8, x13
#5623 0 80000210 02f58663 r 00         00000000  beq      x11, x15, . + 0x2c
#5624 0 8000023c     8432 r 08         f0041020  c.mv     x8, x12
#5625 0 8000023e     405c r 0f         f0040030  c.lw     x15, 0x4(x8)
#5626 0 80000240     4014 r 0d         00000004  c.lw     x13, 0x0(x8)
#5627 0 80000242 004a2703 r 0e         00000070  lw       x14, 0x4(x20)
#5628 0 80000246     43cc r 0b         f0040028  c.lw     x11, 0x4(x15)
#5629 0 80000248     4390 r 0c         00000001  c.lw     x12, 0x0(x15)
#5630 0 8000024a     16fd r 0d         00000003  c.addi   x13, -0x1
#5631 0 8000024c     c04c m f0041024   f0040028  c.sw     x11, 0x4(x8)
#5632 0 8000024e 0049a583 r 0b         00000000  lw       x11, 0x4(x19)
#5633 0 80000252     c014 m f0041020   00000003  c.sw     x13, 0x0(x8)
#5634 0 80000254 0009a683 r 0d         00000000  lw       x13, 0x0(x19)
#5635 0 80000258     c3cc m f0040034   00000000  c.sw     x11, 0x4(x15)
#5636 0 8000025a 00f9a223 m f004101c   f0040030  sw       x15, 0x4(x19)
#5637 0 8000025e     c390 m f0040030   00000001  c.sw     x12, 0x0(x15)
#5638 0 80000260     40f2 r 01         80000222  c.lwsp   x1, 0x1c
#5639 0 80000262     4462 r 08         f0041018  c.lwsp   x8, 0x18
#5640 0 80000264 00168793 r 0f         00000001  addi     x15, x13, 0x1
#5641 0 80000268 00f9a023 m f0041018   00000001  sw       x15, 0x0(x19)
#5642 0 8000026c 00170793 r 0f         00000071  addi     x15, x14, 0x1
#5643 0 80000270 00fa2223 m f0041014   00000071  sw       x15, 0x4(x20)
#5644 0 80000274     44d2 r 09         00000001  c.lwsp   x9, 0x14
#5645 0 80000276     4942 r 12         f0041020  c.lwsp   x18, 0x10
#5646 0 80000278     49b2 r 13         f0041028  c.lwsp   x19, 0xc
#5647 0 8000027a     4a22 r 14         f0041010  c.lwsp   x20, 0x8
#5648 0 8000027c     6105 r 02         f0040fb0  c.addi16sp 0x2
#5649 0 8000027e     8082 r 00         00000000  c.jr     x1
#5650 0 80000222     874e r 0e         f0041028  c.mv     x14, x19
#5651 0 80000224     86a2 r 0d         f0041018  c.mv     x13, x8
#5652 0 80000226     864a r 0c         f0041020  c.mv     x12, x18
#5653 0 80000228     4585 r 0b         00000001  c.li     x11, 0x1
#5654 0 8000022a     8552 r 0a         f0041010  c.mv     x10, x20
#5655 0 8000022c     37e9 r 01         8000022e  c.jal    . - 0x36
#5656 0 800001f6     1101 r 02         f0040f90  c.addi   x2, -0x20
#5657 0 800001f8     cc22 m f0040fa8   f0041018  c.swsp   x8, 0x18
#5658 0 800001fa     ca26 m f0040fa4   00000001  c.swsp   x9, 0x14
#5659 0 800001fc     c84a m f0040fa0   f0041020  c.swsp   x18, 0x10
#5660 0 800001fe     c64e m f0040f9c   f0041028  c.swsp   x19, 0xc
#5661 0 80000200     c452 m f0040f98   f0041010  c.swsp   x20, 0x8
#5662 0 80000202     ce06 m f0040fac   8000022e  c.swsp   x1, 0x1c
#5663 0 80000204     4785 r 0f         00000001  c.li     x15, 0x1
#5664 0 80000206     8a2a r 14         f0041010  c.mv     x20, x10
#5665 0 80000208     8932 r 12         f0041020  c.mv     x18, x12
#5666 0 8000020a     89ba r 13         f0041028  c.mv     x19, x14
#5667 0 8000020c     84ae r 09         00000001  c.mv     x9, x11
#5668 0 8000020e     8436 r 08         f0041018  c.mv     x8, x13
#5669 0 80000210 02f58663 r 00         00000000  beq      x11, x15, . + 0x2c
#5670 0 8000023c     8432 r 08         f0041020  c.mv     x8, x12
#5671 0 8000023e     405c r 0f         f0040028  c.lw     x15, 0x4(x8)
#5672 0 80000240     4014 r 0d         00000003  c.lw     x13, 0x0(x8)
#5673 0 80000242 004a2703 r 0e         00000071  lw       x14, 0x4(x20)
#5674 0 80000246     43cc r 0b         f0040020  c.lw     x11, 0x4(x15)
#5675 0 80000248     4390 r 0c         00000002  c.lw     x12, 0x0(x15)
#5676 0 8000024a     16fd r 0d         00000002  c.addi   x13, -0x1
#5677 0 8000024c     c04c m f0041024   f0040020  c.sw     x11, 0x4(x8)
#5678 0 8000024e 0049a583 r 0b         f0040010  lw       x11, 0x4(x19)
#5679 0 80000252     c014 m f0041020   00000002  c.sw     x13, 0x0(x8)
#5680 0 80000254 0009a683 r 0d         00000003  lw       x13, 0x0(x19)
#5681 0 80000258     c3cc m f004002c   f0040010  c.sw     x11, 0x4(x15)
#5682 0 8000025a 00f9a223 m f004102c   f0040028  sw       x15, 0x4(x19)
#5683 0 8000025e     c390 m f0040028   00000002  c.sw     x12, 0x0(x15)
#5684 0 80000260     40f2 r 01         8000022e  c.lwsp   x1, 0x1c
#5685 0 80000262     4462 r 08         f0041018  c.lwsp   x8, 0x18
#5686 0 80000264 00168793 r 0f         00000004  addi     x15, x13, 0x1
#5687 0 80000268 00f9a023 m f0041028   00000004  sw       x15, 0x0(x19)
#5688 0 8000026c 00170793 r 0f         00000072  addi     x15, x14, 0x1
#5689 0 80000270 00fa2223 m f0041014   00000072  sw       x15, 0x4(x20)
#5690 0 80000274     44d2 r 09         00000001  c.lwsp   x9, 0x14
#5691 0 80000276     4942 r 12         f0041020  c.lwsp   x18, 0x10
#5692 0 80000278     49b2 r 13         f0041028  c.lwsp   x19, 0xc
#5693 0 8000027a     4a22 r 14         f0041010  c.lwsp   x20, 0x8
#5694 0 8000027c     6105 r 02         f0040fb0  c.addi16sp 0x2
#5695 0 8000027e     8082 r 00         00000000  c.jr     x1
#5696 0 8000022e     4785 r 0f         00000001  c.li     x15, 0x1
#5697 0 80000230     874a r 0e         f0041020  c.mv     x14, x18
#5698 0 80000232 00f48663 r 00         00000000  beq      x9, x15, . + 0xc
#5699 0 8000023e     405c r 0f         f0040030  c.lw     x15, 0x4(x8)
#5700 0 80000240     4014 r 0d         00000001  c.lw     x13, 0x0(x8)
#5701 0 80000242 004a2703 r 0e         00000072  lw       x14, 0x4(x20)
#5702 0 80000246     43cc r 0b         00000000  c.lw     x11, 0x4(x15)
#5703 0 80000248     4390 r 0c         00000001  c.lw     x12, 0x0(x15)
#5704 0 8000024a     16fd r 0d         00000000  c.addi   x13, -0x1
#5705 0 8000024c     c04c m f004101c   00000000  c.sw     x11, 0x4(x8)
#5706 0 8000024e 0049a583 r 0b         f0040028  lw       x11, 0x4(x19)
#5707 0 80000252     c014 m f0041018   00000000  c.sw     x13, 0x0(x8)
#5708 0 80000254 0009a683 r 0d         00000004  lw       x13, 0x0(x19)
#5709 0 80000258     c3cc m f0040034   f0040028  c.sw     x11, 0x4(x15)
#5710 0 8000025a 00f9a223 m f004102c   f0040030  sw       x15, 0x4(x19)
#5711 0 8000025e     c390 m f0040030   00000001  c.sw     x12, 0x0(x15)
#5712 0 80000260     40f2 r 01         80000222  c.lwsp   x1, 0x1c
#5713 0 80000262     4462 r 08         f0041028  c.lwsp   x8, 0x18
#5714 0 80000264 00168793 r 0f         00000005  addi     x15, x13, 0x1
#5715 0 80000268 00f9a023 m f0041028   00000005  sw       x15, 0x0(x19)
#5716 0 8000026c 00170793 r 0f         00000073  addi     x15, x14, 0x1
#5717 0 80000270 00fa2223 m f0041014   00000073  sw       x15, 0x4(x20)
#5718 0 80000274     44d2 r 09         00000002  c.lwsp   x9, 0x14
#5719 0 80000276     4942 r 12         f0041020  c.lwsp   x18, 0x10
#5720 0 80000278     49b2 r 13         f0041018  c.lwsp   x19, 0xc
#5721 0 8000027a     4a22 r 14         f0041010  c.lwsp   x20, 0x8
#5722 0 8000027c     6105 r 02         f0040fd0  c.addi16sp 0x2
#5723 0 8000027e     8082 r 00         00000000  c.jr     x1
#5724 0 80000222     874e r 0e         f0041018  c.mv     x14, x19
#5725 0 80000224     86a2 r 0d         f0041028  c.mv     x13, x8
#5726 0 80000226     864a r 0c         f0041020  c.mv     x12, x18
#5727 0 80000228     4585 r 0b         00000001  c.li     x11, 0x1
#5728 0 8000022a     8552 r 0a         f0041010  c.mv     x10, x20
#5729 0 8000022c     37e9 r 01         8000022e  c.jal    . - 0x36
#5730 0 800001f6     1101 r 02         f0040fb0  c.addi   x2, -0x20
#5731 0 800001f8     cc22 m f0040fc8   f0041028  c.swsp   x8, 0x18
#5732 0 800001fa     ca26 m f0040fc4   00000002  c.swsp   x9, 0x14
#5733 0 800001fc     c84a m f0040fc0   f0041020  c.swsp   x18, 0x10
#5734 0 800001fe     c64e m f0040fbc   f0041018  c.swsp   x19, 0xc
#5735 0 80000200     c452 m f0040fb8   f0041010  c.swsp   x20, 0x8
#5736 0 80000202     ce06 m f0040fcc   8000022e  c.swsp   x1, 0x1c
#5737 0 80000204     4785 r 0f         00000001  c.li     x15, 0x1
#5738 0 80000206     8a2a r 14         f0041010  c.mv     x20, x10
#5739 0 80000208     8932 r 12         f0041020  c.mv     x18, x12
#5740 0 8000020a     89ba r 13         f0041018  c.mv     x19, x14
#5741 0 8000020c     84ae r 09         00000001  c.mv     x9, x11
#5742 0 8000020e     8436 r 08         f0041028  c.mv     x8, x13
#5743 0 80000210 02f58663 r 00         00000000  beq      x11, x15, . + 0x2c
#5744 0 8000023c     8432 r 08         f0041020  c.mv     x8, x12
#5745 0 8000023e     405c r 0f         f0040020  c.lw     x15, 0x4(x8)
#5746 0 80000240     4014 r 0d         00000002  c.lw     x13, 0x0(x8)
#5747 0 80000242 004a2703 r 0e         00000073  lw       x14, 0x4(x20)
#5748 0 80000246     43cc r 0b         f0040018  c.lw     x11, 0x4(x15)
#5749 0 80000248     4390 r 0c         00000003  c.lw     x12, 0x0(x15)
#5750 0 8000024a     16fd r 0d         00000001  c.addi   x13, -0x1
#5751 0 8000024c     c04c m f0041024   f0040018  c.sw     x11, 0x4(x8)
#5752 0 8000024e 0049a583 r 0b         00000000  lw       x11, 0x4(x19)
#5753 0 80000252     c014 m f0041020   00000001  c.sw     x13, 0x0(x8)
#5754 0 80000254 0009a683 r 0d         00000000  lw       x13, 0x0(x19)
#5755 0 80000258     c3cc m f0040024   00000000  c.sw     x11, 0x4(x15)
#5756 0 8000025a 00f9a223 m f004101c   f0040020  sw       x15, 0x4(x19)
#5757 0 8000025e     c390 m f0040020   00000003  c.sw     x12, 0x0(x15)
#5758 0 80000260     40f2 r 01         8000022e  c.lwsp   x1, 0x1c
#5759 0 80000262     4462 r 08         f0041028  c.lwsp   x8, 0x18
#5760 0 80000264 00168793 r 0f         00000001  addi     x15, x13, 0x1
#5761 0 80000268 00f9a023 m f0041018   00000001  sw       x15, 0x0(x19)
#5762 0 8000026c 00170793 r 0f         00000074  addi     x15, x14, 0x1
#5763 0 80000270 00fa2223 m f0041014   00000074  sw       x15, 0x4(x20)
#5764 0 80000274     44d2 r 09         00000002  c.lwsp   x9, 0x14
#5765 0 80000276     4942 r 12         f0041020  c.lwsp   x18, 0x10
#5766 0 80000278     49b2 r 13         f0041018  c.lwsp   x19, 0xc
#5767 0 8000027a     4a22 r 14         f0041010  c.lwsp   x20, 0x8
#5768 0 8000027c     6105 r 02         f0040fd0  c.addi16sp 0x2
#5769 0 8000027e     8082 r 00         00000000  c.jr     x1
#5770 0 8000022e     4785 r 0f         00000001  c.li     x15, 0x1
#5771 0 80000230     874a r 0e         f0041020  c.mv     x14, x18
#5772 0 80000232 00f48663 r 00         00000000  beq      x9, x15, . + 0xc
#5773 0 80000236     8922 r 12         f0041028  c.mv     x18, x8
#5774 0 80000238     843a r 08         f0041020  c.mv     x8, x14
#5775 0 8000023a     bfe9 r 00         00000000  c.j      . - 0x26
#5776 0 80000214     14fd r 09         00000001  c.addi   x9, -0x1
#5777 0 80000216     85a6 r 0b         00000001  c.mv     x11, x9
#5778 0 80000218     8552 r 0a         f0041010  c.mv     x10, x20
#5779 0 8000021a     8722 r 0e         f0041020  c.mv     x14, x8
#5780 0 8000021c     86ce r 0d         f0041018  c.mv     x13, x19
#5781 0 8000021e     864a r 0c         f0041028  c.mv     x12, x18
#5782 0 80000220     3fd9 r 01         80000222  c.jal    . - 0x2a
#5783 0 800001f6     1101 r 02         f0040fb0  c.addi   x2, -0x20
#5784 0 800001f8     cc22 m f0040fc8   f0041020  c.swsp   x8, 0x18
#5785 0 800001fa     ca26 m f0040fc4   00000001  c.swsp   x9, 0x14
#5786 0 800001fc     c84a m f0040fc0   f0041028  c.swsp   x18, 0x10
#5787 0 800001fe     c64e m f0040fbc   f0041018  c.swsp   x19, 0xc
#5788 0 80000200     c452 m f0040fb8   f0041010  c.swsp   x20, 0x8
#5789 0 80000202     ce06 m f0040fcc   80000222  c.swsp   x1, 0x1c
#5790 0 80000204     4785 r 0f         00000001  c.li     x15, 0x1
#5791 0 80000206     8a2a r 14         f0041010  c.mv     x20, x10
#5792 0 80000208     8932 r 12         f0041028  c.mv     x18, x12
#5793 0 8000020a     89ba r 13         f0041020  c.mv     x19, x14
#5794 0 8000020c     84ae r 09         00000001  c.mv     x9, x11
#5795 0 8000020e     8436 r 08         f0041018  c.mv     x8, x13
#5796 0 80000210 02f58663 r 00         00000000  beq      x11, x15, . + 0x2c
#5797 0 8000023c     8432 r 08         f0041028  c.mv     x8, x12
#5798 0 8000023e     405c r 0f         f0040030  c.lw     x15, 0x4(x8)
#5799 0 80000240     4014 r 0d         00000005  c.lw     x13, 0x0(x8)
#5800 0 80000242 004a2703 r 0e         00000074  lw       x14, 0x4(x20)
#5801 0 80000246     43cc r 0b         f0040028  c.lw     x11, 0x4(x15)
#5802 0 80000248     4390 r 0c         00000001  c.lw     x12, 0x0(x15)
#5803 0 8000024a     16fd r 0d         00000004  c.addi   x13, -0x1
#5804 0 8000024c     c04c m f004102c   f0040028  c.sw     x11, 0x4(x8)
#5805 0 8000024e 0049a583 r 0b         f0040018  lw       x11, 0x4(x19)
#5806 0 80000252     c014 m f0041028   00000004  c.sw     x13, 0x0(x8)
#5807 0 80000254 0009a683 r 0d         00000001  lw       x13, 0x0(x19)
#5808 0 80000258     c3cc m f0040034   f0040018  c.sw     x11, 0x4(x15)
#5809 0 8000025a 00f9a223 m f0041024   f0040030  sw       x15, 0x4(x19)
#5810 0 8000025e     c390 m f0040030   00000001  c.sw     x12, 0x0(x15)
#5811 0 80000260     40f2 r 01         80000222  c.lwsp   x1, 0x1c
#5812 0 80000262     4462 r 08         f0041020  c.lwsp   x8, 0x18
#5813 0 80000264 00168793 r 0f         00000002  addi     x15, x13, 0x1
#5814 0 80000268 00f9a023 m f0041020   00000002  sw       x15, 0x0(x19)
#5815 0 8000026c 00170793 r 0f         00000075  addi     x15, x14, 0x1
#5816 0 80000270 00fa2223 m f0041014   00000075  sw       x15, 0x4(x20)
#5817 0 80000274     44d2 r 09         00000001  c.lwsp   x9, 0x14
#5818 0 80000276     4942 r 12         f0041028  c.lwsp   x18, 0x10
#5819 0 80000278     49b2 r 13         f0041018  c.lwsp   x19, 0xc
#5820 0 8000027a     4a22 r 14         f0041010  c.lwsp   x20, 0x8
#5821 0 8000027c     6105 r 02         f0040fd0  c.addi16sp 0x2
#5822 0 8000027e     8082 r 00         00000000  c.jr     x1
#5823 0 80000222     874e r 0e         f0041018  c.mv     x14, x19
#5824 0 80000224     86a2 r 0d         f0041020  c.mv     x13, x8
#5825 0 80000226     864a r 0c         f0041028  c.mv     x12, x18
#5826 0 80000228     4585 r 0b         00000001  c.li     x11, 0x1
#5827 0 8000022a     8552 r 0a         f0041010  c.mv     x10, x20
#5828 0 8000022c     37e9 r 01         8000022e  c.jal    . - 0x36
#5829 0 800001f6     1101 r 02         f0040fb0  c.addi   x2, -0x20
#5830 0 800001f8     cc22 m f0040fc8   f0041020  c.swsp   x8, 0x18
#5831 0 800001fa     ca26 m f0040fc4   00000001  c.swsp   x9, 0x14
#5832 0 800001fc     c84a m f0040fc0   f0041028  c.swsp   x18, 0x10
#5833 0 800001fe     c64e m f0040fbc   f0041018  c.swsp   x19, 0xc
#5834 0 80000200     c452 m f0040fb8   f0041010  c.swsp   x20, 0x8
#5835 0 80000202     ce06 m f0040fcc   8000022e  c.swsp   x1, 0x1c
#5836 0 80000204     4785 r 0f         00000001  c.li     x15, 0x1
#5837 0 80000206     8a2a r 14         f0041010  c.mv     x20, x10
#5838 0 80000208     8932 r 12         f0041028  c.mv     x18, x12
#5839 0 8000020a     89ba r 13         f0041018  c.mv     x19, x14
#5840 0 8000020c     84ae r 09         00000001  c.mv     x9, x11
#5841 0 8000020e     8436 r 08         f0041020  c.mv     x8, x13
#5842 0 80000210 02f58663 r 00         00000000  beq      x11, x15, . + 0x2c
#5843 0 8000023c     8432 r 08         f0041028  c.mv     x8, x12
#5844 0 8000023e     405c r 0f         f0040028  c.lw     x15, 0x4(x8)
#5845 0 80000240     4014 r 0d         00000004  c.lw     x13, 0x0(x8)
#5846 0 80000242 004a2703 r 0e         00000075  lw       x14, 0x4(x20)
#5847 0 80000246     43cc r 0b         f0040010  c.lw     x11, 0x4(x15)
#5848 0 80000248     4390 r 0c         00000002  c.lw     x12, 0x0(x15)
#5849 0 8000024a     16fd r 0d         00000003  c.addi   x13, -0x1
#5850 0 8000024c     c04c m f004102c   f0040010  c.sw     x11, 0x4(x8)
#5851 0 8000024e 0049a583 r 0b         f0040020  lw       x11, 0x4(x19)
#5852 0 80000252     c014 m f0041028   00000003  c.sw     x13, 0x0(x8)
#5853 0 80000254 0009a683 r 0d         00000001  lw       x13, 0x0(x19)
#5854 0 80000258     c3cc m f004002c   f0040020  c.sw     x11, 0x4(x15)
#5855 0 8000025a 00f9a223 m f004101c   f0040028  sw       x15, 0x4(x19)
#5856 0 8000025e     c390 m f0040028   00000002  c.sw     x12, 0x0(x15)
#5857 0 80000260     40f2 r 01         8000022e  c.lwsp   x1, 0x1c
#5858 0 80000262     4462 r 08         f0041020  c.lwsp   x8, 0x18
#5859 0 80000264 00168793 r 0f         00000002  addi     x15, x13, 0x1
#5860 0 80000268 00f9a023 m f0041018   00000002  sw       x15, 0x0(x19)
#5861 0 8000026c 00170793 r 0f         00000076  addi     x15, x14, 0x1
#5862 0 80000270 00fa2223 m f0041014   00000076  sw       x15, 0x4(x20)
#5863 0 80000274     44d2 r 09         00000001  c.lwsp   x9, 0x14
#5864 0 80000276     4942 r 12         f0041028  c.lwsp   x18, 0x10
#5865 0 80000278     49b2 r 13         f0041018  c.lwsp   x19, 0xc
#5866 0 8000027a     4a22 r 14         f0041010  c.lwsp   x20, 0x8
#5867 0 8000027c     6105 r 02         f0040fd0  c.addi16sp 0x2
#5868 0 8000027e     8082 r 00         00000000  c.jr     x1
#5869 0 8000022e     4785 r 0f         00000001  c.li     x15, 0x1
#5870 0 80000230     874a r 0e         f0041028  c.mv     x14, x18
#5871 0 80000232 00f48663 r 00         00000000  beq      x9, x15, . + 0xc
#5872 0 8000023e     405c r 0f         f0040030  c.lw     x15, 0x4(x8)
#5873 0 80000240     4014 r 0d         00000002  c.lw     x13, 0x0(x8)
#5874 0 80000242 004a2703 r 0e         00000076  lw       x14, 0x4(x20)
#5875 0 80000246     43cc r 0b         f0040018  c.lw     x11, 0x4(x15)
#5876 0 80000248     4390 r 0c         00000001  c.lw     x12, 0x0(x15)
#5877 0 8000024a     16fd r 0d         00000001  c.addi   x13, -0x1
#5878 0 8000024c     c04c m f0041024   f0040018  c.sw     x11, 0x4(x8)
#5879 0 8000024e 0049a583 r 0b         f0040028  lw       x11, 0x4(x19)
#5880 0 80000252     c014 m f0041020   00000001  c.sw     x13, 0x0(x8)
#5881 0 80000254 0009a683 r 0d         00000002  lw       x13, 0x0(x19)
#5882 0 80000258     c3cc m f0040034   f0040028  c.sw     x11, 0x4(x15)
#5883 0 8000025a 00f9a223 m f004101c   f0040030  sw       x15, 0x4(x19)
#5884 0 8000025e     c390 m f0040030   00000001  c.sw     x12, 0x0(x15)
#5885 0 80000260     40f2 r 01         80000222  c.lwsp   x1, 0x1c
#5886 0 80000262     4462 r 08         f0041018  c.lwsp   x8, 0x18
#5887 0 80000264 00168793 r 0f         00000003  addi     x15, x13, 0x1
#5888 0 80000268 00f9a023 m f0041018   00000003  sw       x15, 0x0(x19)
#5889 0 8000026c 00170793 r 0f         00000077  addi     x15, x14, 0x1
#5890 0 80000270 00fa2223 m f0041014   00000077  sw       x15, 0x4(x20)
#5891 0 80000274     44d2 r 09         00000003  c.lwsp   x9, 0x14
#5892 0 80000276     4942 r 12         f0041020  c.lwsp   x18, 0x10
#5893 0 80000278     49b2 r 13         f0041028  c.lwsp   x19, 0xc
#5894 0 8000027a     4a22 r 14         f0041010  c.lwsp   x20, 0x8
#5895 0 8000027c     6105 r 02         f0040ff0  c.addi16sp 0x2
#5896 0 8000027e     8082 r 00         00000000  c.jr     x1
#5897 0 80000222     874e r 0e         f0041028  c.mv     x14, x19
#5898 0 80000224     86a2 r 0d         f0041018  c.mv     x13, x8
#5899 0 80000226     864a r 0c         f0041020  c.mv     x12, x18
#5900 0 80000228     4585 r 0b         00000001  c.li     x11, 0x1
#5901 0 8000022a     8552 r 0a         f0041010  c.mv     x10, x20
#5902 0 8000022c     37e9 r 01         8000022e  c.jal    . - 0x36
#5903 0 800001f6     1101 r 02         f0040fd0  c.addi   x2, -0x20
#5904 0 800001f8     cc22 m f0040fe8   f0041018  c.swsp   x8, 0x18
#5905 0 800001fa     ca26 m f0040fe4   00000003  c.swsp   x9, 0x14
#5906 0 800001fc     c84a m f0040fe0   f0041020  c.swsp   x18, 0x10
#5907 0 800001fe     c64e m f0040fdc   f0041028  c.swsp   x19, 0xc
#5908 0 80000200     c452 m f0040fd8   f0041010  c.swsp   x20, 0x8
#5909 0 80000202     ce06 m f0040fec   8000022e  c.swsp   x1, 0x1c
#5910 0 80000204     4785 r 0f         00000001  c.li     x15, 0x1
#5911 0 80000206     8a2a r 14         f0041010  c.mv     x20, x10
#5912 0 80000208     8932 r 12         f0041020  c.mv     x18, x12
#5913 0 8000020a     89ba r 13         f0041028  c.mv     x19, x14
#5914 0 8000020c     84ae r 09         00000001  c.mv     x9, x11
#5915 0 8000020e     8436 r 08         f0041018  c.mv     x8, x13
#5916 0 80000210 02f58663 r 00         00000000  beq      x11, x15, . + 0x2c
#5917 0 8000023c     8432 r 08         f0041020  c.mv     x8, x12
#5918 0 8000023e     405c r 0f         f0040018  c.lw     x15, 0x4(x8)
#5919 0 80000240     4014 r 0d         00000001  c.lw     x13, 0x0(x8)
#5920 0 80000242 004a2703 r 0e         00000077  lw       x14, 0x4(x20)
#5921 0 80000246     43cc r 0b         00000000  c.lw     x11, 0x4(x15)
#5922 0 80000248     4390 r 0c         00000004  c.lw     x12, 0x0(x15)
#5923 0 8000024a     16fd r 0d         00000000  c.addi   x13, -0x1
#5924 0 8000024c     c04c m f0041024   00000000  c.sw     x11, 0x4(x8)
#5925 0 8000024e 0049a583 r 0b         f0040010  lw       x11, 0x4(x19)
#5926 0 80000252     c014 m f0041020   00000000  c.sw     x13, 0x0(x8)
#5927 0 80000254 0009a683 r 0d         00000003  lw       x13, 0x0(x19)
#5928 0 80000258     c3cc m f004001c   f0040010  c.sw     x11, 0x4(x15)
#5929 0 8000025a 00f9a223 m f004102c   f0040018  sw       x15, 0x4(x19)
#5930 0 8000025e     c390 m f0040018   00000004  c.sw     x12, 0x0(x15)
#5931 0 80000260     40f2 r 01         8000022e  c.lwsp   x1, 0x1c
#5932 0 80000262     4462 r 08         f0041018  c.lwsp   x8, 0x18
#5933 0 80000264 00168793 r 0f         00000004  addi     x15, x13, 0x1
#5934 0 80000268 00f9a023 m f0041028   00000004  sw       x15, 0x0(x19)
#5935 0 8000026c 00170793 r 0f         00000078  addi     x15, x14, 0x1
#5936 0 80000270 00fa2223 m f0041014   00000078  sw       x15, 0x4(x20)
#5937 0 80000274     44d2 r 09         00000003  c.lwsp   x9, 0x14
#5938 0 80000276     4942 r 12         f0041020  c.lwsp   x18, 0x10
#5939 0 80000278     49b2 r 13         f0041028  c.lwsp   x19, 0xc
#5940 0 8000027a     4a22 r 14         f0041010  c.lwsp   x20, 0x8
#5941 0 8000027c     6105 r 02         f0040ff0  c.addi16sp 0x2
#5942 0 8000027e     8082 r 00         00000000  c.jr     x1
#5943 0 8000022e     4785 r 0f         00000001  c.li     x15, 0x1
#5944 0 80000230     874a r 0e         f0041020  c.mv     x14, x18
#5945 0 80000232 00f48663 r 00         00000000  beq      x9, x15, . + 0xc
#5946 0 80000236     8922 r 12         f0041018  c.mv     x18, x8
#5947 0 80000238     843a r 08         f0041020  c.mv     x8, x14
#5948 0 8000023a     bfe9 r 00         00000000  c.j      . - 0x26
#5949 0 80000214     14fd r 09         00000002  c.addi   x9, -0x1
#5950 0 80000216     85a6 r 0b         00000002  c.mv     x11, x9
#5951 0 80000218     8552 r 0a         f0041010  c.mv     x10, x20
#5952 0 8000021a     8722 r 0e         f0041020  c.mv     x14, x8
#5953 0 8000021c     86ce r 0d         f0041028  c.mv     x13, x19
#5954 0 8000021e     864a r 0c         f0041018  c.mv     x12, x18
#5955 0 80000220     3fd9 r 01         80000222  c.jal    . - 0x2a
#5956 0 800001f6     1101 r 02         f0040fd0  c.addi   x2, -0x20
#5957 0 800001f8     cc22 m f0040fe8   f0041020  c.swsp   x8, 0x18
#5958 0 800001fa     ca26 m f0040fe4   00000002  c.swsp   x9, 0x14
#5959 0 800001fc     c84a m f0040fe0   f0041018  c.swsp   x18, 0x10
#5960 0 800001fe     c64e m f0040fdc   f0041028  c.swsp   x19, 0xc
#5961 0 80000200     c452 m f0040fd8   f0041010  c.swsp   x20, 0x8
#5962 0 80000202     ce06 m f0040fec   80000222  c.swsp   x1, 0x1c
#5963 0 80000204     4785 r 0f         00000001  c.li     x15, 0x1
#5964 0 80000206     8a2a r 14         f0041010  c.mv     x20, x10
#5965 0 80000208     8932 r 12         f0041018  c.mv     x18, x12
#5966 0 8000020a     89ba r 13         f0041020  c.mv     x19, x14
#5967 0 8000020c     84ae r 09         00000002  c.mv     x9, x11
#5968 0 8000020e     8436 r 08         f0041028  c.mv     x8, x13
#5969 0 80000210 02f58663 r 00         00000000  beq      x11, x15, . + 0x2c
#5970 0 80000214     14fd r 09         00000001  c.addi   x9, -0x1
#5971 0 80000216     85a6 r 0b         00000001  c.mv     x11, x9
#5972 0 80000218     8552 r 0a         f0041010  c.mv     x10, x20
#5973 0 8000021a     8722 r 0e         f0041028  c.mv     x14, x8
#5974 0 8000021c     86ce r 0d         f0041020  c.mv     x13, x19
#5975 0 8000021e     864a r 0c         f0041018  c.mv     x12, x18
#5976 0 80000220     3fd9 r 01         80000222  c.jal    . - 0x2a
#5977 0 800001f6     1101 r 02         f0040fb0  c.addi   x2, -0x20
#5978 0 800001f8     cc22 m f0040fc8   f0041028  c.swsp   x8, 0x18
#5979 0 800001fa     ca26 m f0040fc4   00000001  c.swsp   x9, 0x14
#5980 0 800001fc     c84a m f0040fc0   f0041018  c.swsp   x18, 0x10
#5981 0 800001fe     c64e m f0040fbc   f0041020  c.swsp   x19, 0xc
#5982 0 80000200     c452 m f0040fb8   f0041010  c.swsp   x20, 0x8
#5983 0 80000202     ce06 m f0040fcc   80000222  c.swsp   x1, 0x1c
#5984 0 80000204     4785 r 0f         00000001  c.li     x15, 0x1
#5985 0 80000206     8a2a r 14         f0041010  c.mv     x20, x10
#5986 0 80000208     8932 r 12         f0041018  c.mv     x18, x12
#5987 0 8000020a     89ba r 13         f0041028  c.mv     x19, x14
#5988 0 8000020c     84ae r 09         00000001  c.mv     x9, x11
#5989 0 8000020e     8436 r 08         f0041020  c.mv     x8, x13
#5990 0 80000210 02f58663 r 00         00000000  beq      x11, x15, . + 0x2c
#5991 0 8000023c     8432 r 08         f0041018  c.mv     x8, x12
#5992 0 8000023e     405c r 0f         f0040030  c.lw     x15, 0x4(x8)
#5993 0 80000240     4014 r 0d         00000003  c.lw     x13, 0x0(x8)
#5994 0 80000242 004a2703 r 0e         00000078  lw       x14, 0x4(x20)
#5995 0 80000246     43cc r 0b         f0040028  c.lw     x11, 0x4(x15)
#5996 0 80000248     4390 r 0c         00000001  c.lw     x12, 0x0(x15)
#5997 0 8000024a     16fd r 0d         00000002  c.addi   x13, -0x1
#5998 0 8000024c     c04c m f004101c   f0040028  c.sw     x11, 0x4(x8)
#5999 0 8000024e 0049a583 r 0b         f0040018  lw       x11, 0x4(x19)
#6000 0 80000252     c014 m f0041018   00000002  c.sw     x13, 0x0(x8)
#6001 0 80000254 0009a683 r 0d         00000004  lw       x13, 0x0(x19)
#6002 0 80000258     c3cc m f0040034   f0040018  c.sw     x11, 0x4(x15)
#6003 0 8000025a 00f9a223 m f004102c   f0040030  sw       x15, 0x4(x19)
#6004 0 8000025e     c390 m f0040030   00000001  c.sw     x12, 0x0(x15)
#6005 0 80000260     40f2 r 01         80000222  c.lwsp   x1, 0x1c
#6006 0 80000262     4462 r 08         f0041028  c.lwsp   x8, 0x18
#6007 0 80000264 00168793 r 0f         00000005  addi     x15, x13, 0x1
#6008 0 80000268 00f9a023 m f0041028   00000005  sw       x15, 0x0(x19)
#6009 0 8000026c 00170793 r 0f         00000079  addi     x15, x14, 0x1
#6010 0 80000270 00fa2223 m f0041014   00000079  sw       x15, 0x4(x20)
#6011 0 80000274     44d2 r 09         00000001  c.lwsp   x9, 0x14
#6012 0 80000276     4942 r 12         f0041018  c.lwsp   x18, 0x10
#6013 0 80000278     49b2 r 13         f0041020  c.lwsp   x19, 0xc
#6014 0 8000027a     4a22 r 14         f0041010  c.lwsp   x20, 0x8
#6015 0 8000027c     6105 r 02         f0040fd0  c.addi16sp 0x2
#6016 0 8000027e     8082 r 00         00000000  c.jr     x1
#6017 0 80000222     874e r 0e         f0041020  c.mv     x14, x19
#6018 0 80000224     86a2 r 0d         f0041028  c.mv     x13, x8
#6019 0 80000226     864a r 0c         f0041018  c.mv     x12, x18
#6020 0 80000228     4585 r 0b         00000001  c.li     x11, 0x1
#6021 0 8000022a     8552 r 0a         f0041010  c.mv     x10, x20
#6022 0 8000022c     37e9 r 01         8000022e  c.jal    . - 0x36
#6023 0 800001f6     1101 r 02         f0040fb0  c.addi   x2, -0x20
#6024 0 800001f8     cc22 m f0040fc8   f0041028  c.swsp   x8, 0x18
#6025 0 800001fa     ca26 m f0040fc4   00000001  c.swsp   x9, 0x14
#6026 0 800001fc     c84a m f0040fc0   f0041018  c.swsp   x18, 0x10
#6027 0 800001fe     c64e m f0040fbc   f0041020  c.swsp   x19, 0xc
#6028 0 80000200     c452 m f0040fb8   f0041010  c.swsp   x20, 0x8
#6029 0 80000202     ce06 m f0040fcc   8000022e  c.swsp   x1, 0x1c
#6030 0 80000204     4785 r 0f         00000001  c.li     x15, 0x1
#6031 0 80000206     8a2a r 14         f0041010  c.mv     x20, x10
#6032 0 80000208     8932 r 12         f0041018  c.mv     x18, x12
#6033 0 8000020a     89ba r 13         f0041020  c.mv     x19, x14
#6034 0 8000020c     84ae r 09         00000001  c.mv     x9, x11
#6035 0 8000020e     8436 r 08         f0041028  c.mv     x8, x13
#6036 0 80000210 02f58663 r 00         00000000  beq      x11, x15, . + 0x2c
#6037 0 8000023c     8432 r 08         f0041018  c.mv     x8, x12
#6038 0 8000023e     405c r 0f         f0040028  c.lw     x15, 0x4(x8)
#6039 0 80000240     4014 r 0d         00000002  c.lw     x13, 0x0(x8)
#6040 0 80000242 004a2703 r 0e         00000079  lw       x14, 0x4(x20)
#6041 0 80000246     43cc r 0b         f0040020  c.lw     x11, 0x4(x15)
#6042 0 80000248     4390 r 0c         00000002  c.lw     x12, 0x0(x15)
#6043 0 8000024a     16fd r 0d         00000001  c.addi   x13, -0x1
#6044 0 8000024c     c04c m f004101c   f0040020  c.sw     x11, 0x4(x8)
#6045 0 8000024e 0049a583 r 0b         00000000  lw       x11, 0x4(x19)
#6046 0 80000252     c014 m f0041018   00000001  c.sw     x13, 0x0(x8)
#6047 0 80000254 0009a683 r 0d         00000000  lw       x13, 0x0(x19)
#6048 0 80000258     c3cc m f004002c   00000000  c.sw     x11, 0x4(x15)
#6049 0 8000025a 00f9a223 m f0041024   f0040028  sw       x15, 0x4(x19)
#6050 0 8000025e     c390 m f0040028   00000002  c.sw     x12, 0x0(x15)
#6051 0 80000260     40f2 r 01         8000022e  c.lwsp   x1, 0x1c
#6052 0 80000262     4462 r 08         f0041028  c.lwsp   x8, 0x18
#6053 0 80000264 00168793 r 0f         00000001  addi     x15, x13, 0x1
#6054 0 80000268 00f9a023 m f0041020   00000001  sw       x15, 0x0(x19)
#6055 0 8000026c 00170793 r 0f         0000007a  addi     x15, x14, 0x1
#6056 0 80000270 00fa2223 m f0041014   0000007a  sw       x15, 0x4(x20)
#6057 0 80000274     44d2 r 09         00000001  c.lwsp   x9, 0x14
#6058 0 80000276     4942 r 12         f0041018  c.lwsp   x18, 0x10
#6059 0 80000278     49b2 r 13         f0041020  c.lwsp   x19, 0xc
#6060 0 8000027a     4a22 r 14         f0041010  c.lwsp   x20, 0x8
#6061 0 8000027c     6105 r 02         f0040fd0  c.addi16sp 0x2
#6062 0 8000027e     8082 r 00         00000000  c.jr     x1
#6063 0 8000022e     4785 r 0f         00000001  c.li     x15, 0x1
#6064 0 80000230     874a r 0e         f0041018  c.mv     x14, x18
#6065 0 80000232 00f48663 r 00         00000000  beq      x9, x15, . + 0xc
#6066 0 8000023e     405c r 0f         f0040030  c.lw     x15, 0x4(x8)
#6067 0 80000240     4014 r 0d         00000005  c.lw     x13, 0x0(x8)
#6068 0 80000242 004a2703 r 0e         0000007a  lw       x14, 0x4(x20)
#6069 0 80000246     43cc r 0b         f0040018  c.lw     x11, 0x4(x15)
#6070 0 80000248     4390 r 0c         00000001  c.lw     x12, 0x0(x15)
#6071 0 8000024a     16fd r 0d         00000004  c.addi   x13, -0x1
#6072 0 8000024c     c04c m f004102c   f0040018  c.sw     x11, 0x4(x8)
#6073 0 8000024e 0049a583 r 0b         f0040028  lw       x11, 0x4(x19)
#6074 0 80000252     c014 m f0041028   00000004  c.sw     x13, 0x0(x8)
#6075 0 80000254 0009a683 r 0d         00000001  lw       x13, 0x0(x19)
#6076 0 80000258     c3cc m f0040034   f0040028  c.sw     x11, 0x4(x15)
#6077 0 8000025a 00f9a223 m f0041024   f0040030  sw       x15, 0x4(x19)
#6078 0 8000025e     c390 m f0040030   00000001  c.sw     x12, 0x0(x15)
#6079 0 80000260     40f2 r 01         80000222  c.lwsp   x1, 0x1c
#6080 0 80000262     4462 r 08         f0041020  c.lwsp   x8, 0x18
#6081 0 80000264 00168793 r 0f         00000002  addi     x15, x13, 0x1
#6082 0 80000268 00f9a023 m f0041020   00000002  sw       x15, 0x0(x19)
#6083 0 8000026c 00170793 r 0f         0000007b  addi     x15, x14, 0x1
#6084 0 80000270 00fa2223 m f0041014   0000007b  sw       x15, 0x4(x20)
#6085 0 80000274     44d2 r 09         00000002  c.lwsp   x9, 0x14
#6086 0 80000276     4942 r 12         f0041018  c.lwsp   x18, 0x10
#6087 0 80000278     49b2 r 13         f0041028  c.lwsp   x19, 0xc
#6088 0 8000027a     4a22 r 14         f0041010  c.lwsp   x20, 0x8
#6089 0 8000027c     6105 r 02         f0040ff0  c.addi16sp 0x2
#6090 0 8000027e     8082 r 00         00000000  c.jr     x1
#6091 0 80000222     874e r 0e         f0041028  c.mv     x14, x19
#6092 0 80000224     86a2 r 0d         f0041020  c.mv     x13, x8
#6093 0 80000226     864a r 0c         f0041018  c.mv     x12, x18
#6094 0 80000228     4585 r 0b         00000001  c.li     x11, 0x1
#6095 0 8000022a     8552 r 0a         f0041010  c.mv     x10, x20
#6096 0 8000022c     37e9 r 01         8000022e  c.jal    . - 0x36
#6097 0 800001f6     1101 r 02         f0040fd0  c.addi   x2, -0x20
#6098 0 800001f8     cc22 m f0040fe8   f0041020  c.swsp   x8, 0x18
#6099 0 800001fa     ca26 m f0040fe4   00000002  c.swsp   x9, 0x14
#6100 0 800001fc     c84a m f0040fe0   f0041018  c.swsp   x18, 0x10
#6101 0 800001fe     c64e m f0040fdc   f0041028  c.swsp   x19, 0xc
#6102 0 80000200     c452 m f0040fd8   f0041010  c.swsp   x20, 0x8
#6103 0 80000202     ce06 m f0040fec   8000022e  c.swsp   x1, 0x1c
#6104 0 80000204     4785 r 0f         00000001  c.li     x15, 0x1
#6105 0 80000206     8a2a r 14         f0041010  c.mv     x20, x10
#6106 0 80000208     8932 r 12         f0041018  c.mv     x18, x12
#6107 0 8000020a     89ba r 13         f0041028  c.mv     x19, x14
#6108 0 8000020c     84ae r 09         00000001  c.mv     x9, x11
#6109 0 8000020e     8436 r 08         f0041020  c.mv     x8, x13
#6110 0 80000210 02f58663 r 00         00000000  beq      x11, x15, . + 0x2c
#6111 0 8000023c     8432 r 08         f0041018  c.mv     x8, x12
#6112 0 8000023e     405c r 0f         f0040020  c.lw     x15, 0x4(x8)
#6113 0 80000240     4014 r 0d         00000001  c.lw     x13, 0x0(x8)
#6114 0 80000242 004a2703 r 0e         0000007b  lw       x14, 0x4(x20)
#6115 0 80000246     43cc r 0b         00000000  c.lw     x11, 0x4(x15)
#6116 0 80000248     4390 r 0c         00000003  c.lw     x12, 0x0(x15)
#6117 0 8000024a     16fd r 0d         00000000  c.addi   x13, -0x1
#6118 0 8000024c     c04c m f004101c   00000000  c.sw     x11, 0x4(x8)
#6119 0 8000024e 0049a583 r 0b         f0040018  lw       x11, 0x4(x19)
#6120 0 80000252     c014 m f0041018   00000000  c.sw     x13, 0x0(x8)
#6121 0 80000254 0009a683 r 0d         00000004  lw       x13, 0x0(x19)
#6122 0 80000258     c3cc m f0040024   f0040018  c.sw     x11, 0x4(x15)
#6123 0 8000025a 00f9a223 m f004102c   f0040020  sw       x15, 0x4(x19)
#6124 0 8000025e     c390 m f0040020   00000003  c.sw     x12, 0x0(x15)
#6125 0 80000260     40f2 r 01         8000022e  c.lwsp   x1, 0x1c
#6126 0 80000262     4462 r 08         f0041020  c.lwsp   x8, 0x18
#6127 0 80000264 00168793 r 0f         00000005  addi     x15, x13, 0x1
#6128 0 80000268 00f9a023 m f0041028   00000005  sw       x15, 0x0(x19)
#6129 0 8000026c 00170793 r 0f         0000007c  addi     x15, x14, 0x1
#6130 0 80000270 00fa2223 m f0041014   0000007c  sw       x15, 0x4(x20)
#6131 0 80000274     44d2 r 09         00000002  c.lwsp   x9, 0x14
#6132 0 80000276     4942 r 12         f0041018  c.lwsp   x18, 0x10
#6133 0 80000278     49b2 r 13         f0041028  c.lwsp   x19, 0xc
#6134 0 8000027a     4a22 r 14         f0041010  c.lwsp   x20, 0x8
#6135 0 8000027c     6105 r 02         f0040ff0  c.addi16sp 0x2
#6136 0 8000027e     8082 r 00         00000000  c.jr     x1
#6137 0 8000022e     4785 r 0f         00000001  c.li     x15, 0x1
#6138 0 80000230     874a r 0e         f0041018  c.mv     x14, x18
#6139 0 80000232 00f48663 r 00         00000000  beq      x9, x15, . + 0xc
#6140 0 80000236     8922 r 12         f0041020  c.mv     x18, x8
#6141 0 80000238     843a r 08         f0041018  c.mv     x8, x14
#6142 0 8000023a     bfe9 r 00         00000000  c.j      . - 0x26
#6143 0 80000214     14fd r 09         00000001  c.addi   x9, -0x1
#6144 0 80000216     85a6 r 0b         00000001  c.mv     x11, x9
#6145 0 80000218     8552 r 0a         f0041010  c.mv     x10, x20
#6146 0 8000021a     8722 r 0e         f0041018  c.mv     x14, x8
#6147 0 8000021c     86ce r 0d         f0041028  c.mv     x13, x19
#6148 0 8000021e     864a r 0c         f0041020  c.mv     x12, x18
#6149 0 80000220     3fd9 r 01         80000222  c.jal    . - 0x2a
#6150 0 800001f6     1101 r 02         f0040fd0  c.addi   x2, -0x20
#6151 0 800001f8     cc22 m f0040fe8   f0041018  c.swsp   x8, 0x18
#6152 0 800001fa     ca26 m f0040fe4   00000001  c.swsp   x9, 0x14
#6153 0 800001fc     c84a m f0040fe0   f0041020  c.swsp   x18, 0x10
#6154 0 800001fe     c64e m f0040fdc   f0041028  c.swsp   x19, 0xc
#6155 0 80000200     c452 m f0040fd8   f0041010  c.swsp   x20, 0x8
#6156 0 80000202     ce06 m f0040fec   80000222  c.swsp   x1, 0x1c
#6157 0 80000204     4785 r 0f         00000001  c.li     x15, 0x1
#6158 0 80000206     8a2a r 14         f0041010  c.mv     x20, x10
#6159 0 80000208     8932 r 12         f0041020  c.mv     x18, x12
#6160 0 8000020a     89ba r 13         f0041018  c.mv     x19, x14
#6161 0 8000020c     84ae r 09         00000001  c.mv     x9, x11
#6162 0 8000020e     8436 r 08         f0041028  c.mv     x8, x13
#6163 0 80000210 02f58663 r 00         00000000  beq      x11, x15, . + 0x2c
#6164 0 8000023c     8432 r 08         f0041020  c.mv     x8, x12
#6165 0 8000023e     405c r 0f         f0040030  c.lw     x15, 0x4(x8)
#6166 0 80000240     4014 r 0d         00000002  c.lw     x13, 0x0(x8)
#6167 0 80000242 004a2703 r 0e         0000007c  lw       x14, 0x4(x20)
#6168 0 80000246     43cc r 0b         f0040028  c.lw     x11, 0x4(x15)
#6169 0 80000248     4390 r 0c         00000001  c.lw     x12, 0x0(x15)
#6170 0 8000024a     16fd r 0d         00000001  c.addi   x13, -0x1
#6171 0 8000024c     c04c m f0041024   f0040028  c.sw     x11, 0x4(x8)
#6172 0 8000024e 0049a583 r 0b         00000000  lw       x11, 0x4(x19)
#6173 0 80000252     c014 m f0041020   00000001  c.sw     x13, 0x0(x8)
#6174 0 80000254 0009a683 r 0d         00000000  lw       x13, 0x0(x19)
#6175 0 80000258     c3cc m f0040034   00000000  c.sw     x11, 0x4(x15)
#6176 0 8000025a 00f9a223 m f004101c   f0040030  sw       x15, 0x4(x19)
#6177 0 8000025e     c390 m f0040030   00000001  c.sw     x12, 0x0(x15)
#6178 0 80000260     40f2 r 01         80000222  c.lwsp   x1, 0x1c
#6179 0 80000262     4462 r 08         f0041018  c.lwsp   x8, 0x18
#6180 0 80000264 00168793 r 0f         00000001  addi     x15, x13, 0x1
#6181 0 80000268 00f9a023 m f0041018   00000001  sw       x15, 0x0(x19)
#6182 0 8000026c 00170793 r 0f         0000007d  addi     x15, x14, 0x1
#6183 0 80000270 00fa2223 m f0041014   0000007d  sw       x15, 0x4(x20)
#6184 0 80000274     44d2 r 09         00000001  c.lwsp   x9, 0x14
#6185 0 80000276     4942 r 12         f0041020  c.lwsp   x18, 0x10
#6186 0 80000278     49b2 r 13         f0041028  c.lwsp   x19, 0xc
#6187 0 8000027a     4a22 r 14         f0041010  c.lwsp   x20, 0x8
#6188 0 8000027c     6105 r 02         f0040ff0  c.addi16sp 0x2
#6189 0 8000027e     8082 r 00         00000000  c.jr     x1
#6190 0 80000222     874e r 0e         f0041028  c.mv     x14, x19
#6191 0 80000224     86a2 r 0d         f0041018  c.mv     x13, x8
#6192 0 80000226     864a r 0c         f0041020  c.mv     x12, x18
#6193 0 80000228     4585 r 0b         00000001  c.li     x11, 0x1
#6194 0 8000022a     8552 r 0a         f0041010  c.mv     x10, x20
#6195 0 8000022c     37e9 r 01         8000022e  c.jal    . - 0x36
#6196 0 800001f6     1101 r 02         f0040fd0  c.addi   x2, -0x20
#6197 0 800001f8     cc22 m f0040fe8   f0041018  c.swsp   x8, 0x18
#6198 0 800001fa     ca26 m f0040fe4   00000001  c.swsp   x9, 0x14
#6199 0 800001fc     c84a m f0040fe0   f0041020  c.swsp   x18, 0x10
#6200 0 800001fe     c64e m f0040fdc   f0041028  c.swsp   x19, 0xc
#6201 0 80000200     c452 m f0040fd8   f0041010  c.swsp   x20, 0x8
#6202 0 80000202     ce06 m f0040fec   8000022e  c.swsp   x1, 0x1c
#6203 0 80000204     4785 r 0f         00000001  c.li     x15, 0x1
#6204 0 80000206     8a2a r 14         f0041010  c.mv     x20, x10
#6205 0 80000208     8932 r 12         f0041020  c.mv     x18, x12
#6206 0 8000020a     89ba r 13         f0041028  c.mv     x19, x14
#6207 0 8000020c     84ae r 09         00000001  c.mv     x9, x11
#6208 0 8000020e     8436 r 08         f0041018  c.mv     x8, x13
#6209 0 80000210 02f58663 r 00         00000000  beq      x11, x15, . + 0x2c
#6210 0 8000023c     8432 r 08         f0041020  c.mv     x8, x12
#6211 0 8000023e     405c r 0f         f0040028  c.lw     x15, 0x4(x8)
#6212 0 80000240     4014 r 0d         00000001  c.lw     x13, 0x0(x8)
#6213 0 80000242 004a2703 r 0e         0000007d  lw       x14, 0x4(x20)
#6214 0 80000246     43cc r 0b         00000000  c.lw     x11, 0x4(x15)
#6215 0 80000248     4390 r 0c         00000002  c.lw     x12, 0x0(x15)
#6216 0 8000024a     16fd r 0d         00000000  c.addi   x13, -0x1
#6217 0 8000024c     c04c m f0041024   00000000  c.sw     x11, 0x4(x8)
#6218 0 8000024e 0049a583 r 0b         f0040020  lw       x11, 0x4(x19)
#6219 0 80000252     c014 m f0041020   00000000  c.sw     x13, 0x0(x8)
#6220 0 80000254 0009a683 r 0d         00000005  lw       x13, 0x0(x19)
#6221 0 80000258     c3cc m f004002c   f0040020  c.sw     x11, 0x4(x15)
#6222 0 8000025a 00f9a223 m f004102c   f0040028  sw       x15, 0x4(x19)
#6223 0 8000025e     c390 m f0040028   00000002  c.sw     x12, 0x0(x15)
#6224 0 80000260     40f2 r 01         8000022e  c.lwsp   x1, 0x1c
#6225 0 80000262     4462 r 08         f0041018  c.lwsp   x8, 0x18
#6226 0 80000264 00168793 r 0f         00000006  addi     x15, x13, 0x1
#6227 0 80000268 00f9a023 m f0041028   00000006  sw       x15, 0x0(x19)
#6228 0 8000026c 00170793 r 0f         0000007e  addi     x15, x14, 0x1
#6229 0 80000270 00fa2223 m f0041014   0000007e  sw       x15, 0x4(x20)
#6230 0 80000274     44d2 r 09         00000001  c.lwsp   x9, 0x14
#6231 0 80000276     4942 r 12         f0041020  c.lwsp   x18, 0x10
#6232 0 80000278     49b2 r 13         f0041028  c.lwsp   x19, 0xc
#6233 0 8000027a     4a22 r 14         f0041010  c.lwsp   x20, 0x8
#6234 0 8000027c     6105 r 02         f0040ff0  c.addi16sp 0x2
#6235 0 8000027e     8082 r 00         00000000  c.jr     x1
#6236 0 8000022e     4785 r 0f         00000001  c.li     x15, 0x1
#6237 0 80000230     874a r 0e         f0041020  c.mv     x14, x18
#6238 0 80000232 00f48663 r 00         00000000  beq      x9, x15, . + 0xc
#6239 0 8000023e     405c r 0f         f0040030  c.lw     x15, 0x4(x8)
#6240 0 80000240     4014 r 0d         00000001  c.lw     x13, 0x0(x8)
#6241 0 80000242 004a2703 r 0e         0000007e  lw       x14, 0x4(x20)
#6242 0 80000246     43cc r 0b         00000000  c.lw     x11, 0x4(x15)
#6243 0 80000248     4390 r 0c         00000001  c.lw     x12, 0x0(x15)
#6244 0 8000024a     16fd r 0d         00000000  c.addi   x13, -0x1
#6245 0 8000024c     c04c m f004101c   00000000  c.sw     x11, 0x4(x8)
#6246 0 8000024e 0049a583 r 0b         f0040028  lw       x11, 0x4(x19)
#6247 0 80000252     c014 m f0041018   00000000  c.sw     x13, 0x0(x8)
#6248 0 80000254 0009a683 r 0d         00000006  lw       x13, 0x0(x19)
#6249 0 80000258     c3cc m f0040034   f0040028  c.sw     x11, 0x4(x15)
#6250 0 8000025a 00f9a223 m f004102c   f0040030  sw       x15, 0x4(x19)
#6251 0 8000025e     c390 m f0040030   00000001  c.sw     x12, 0x0(x15)
#6252 0 80000260     40f2 r 01         80000358  c.lwsp   x1, 0x1c
#6253 0 80000262     4462 r 08         00000000  c.lwsp   x8, 0x18
#6254 0 80000264 00168793 r 0f         00000007  addi     x15, x13, 0x1
#6255 0 80000268 00f9a023 m f0041028   00000007  sw       x15, 0x0(x19)
#6256 0 8000026c 00170793 r 0f         0000007f  addi     x15, x14, 0x1
#6257 0 80000270 00fa2223 m f0041014   0000007f  sw       x15, 0x4(x20)
#6258 0 80000274     44d2 r 09         00000000  c.lwsp   x9, 0x14
#6259 0 80000276     4942 r 12         00000000  c.lwsp   x18, 0x10
#6260 0 80000278     49b2 r 13         00000000  c.lwsp   x19, 0xc
#6261 0 8000027a     4a22 r 14         00000000  c.lwsp   x20, 0x8
#6262 0 8000027c     6105 r 02         f0041010  c.addi16sp 0x2
#6263 0 8000027e     8082 r 00         00000000  c.jr     x1
#6264 0 80000358     850a r 0a         f0041010  c.mv     x10, x2
#6265 0 8000035a     3bf9 r 01         8000035c  c.jal    . - 0x222
#6266 0 80000138     4518 r 0e         00000000  c.lw     x14, 0x8(x10)
#6267 0 8000013a 02e05363 r 00         00000000  bge      x0, x14, . + 0x26
#6268 0 80000160     4918 r 0e         00000000  c.lw     x14, 0x10(x10)
#6269 0 80000162 02e05363 r 00         00000000  bge      x0, x14, . + 0x26
#6270 0 80000188     4d18 r 0e         00000007  c.lw     x14, 0x18(x10)
#6271 0 8000018a 02e05063 r 00         00000000  bge      x0, x14, . + 0x20
#6272 0 8000018e 70040597 r 0b         f004018e  auipc    x11, 0x70040
#6273 0 80000192 eaa58593 r 0b         f0040038  addi     x11, x11, -0x156
#6274 0 80000196     4d5c r 0f         f0040030  c.lw     x15, 0x1c(x10)
#6275 0 80000198     41d4 r 0d         00000000  c.lw     x13, 0x4(x11)
#6276 0 8000019a     a011 r 00         00000000  c.j      . + 0x4
#6277 0 8000019e     43d0 r 0c         f0040028  c.lw     x12, 0x4(x15)
#6278 0 800001a0     177d r 0e         00000006  c.addi   x14, -0x1
#6279 0 800001a2     c3d4 m f0040034   00000000  c.sw     x13, 0x4(x15)
#6280 0 800001a4     86be r 0d         f0040030  c.mv     x13, x15
#6281 0 800001a6     fb7d r 00         00000000  c.bnez   x14, . - 0xa
#6282 0 8000019c     87b2 r 0f         f0040028  c.mv     x15, x12
#6283 0 8000019e     43d0 r 0c         f0040020  c.lw     x12, 0x4(x15)
#6284 0 800001a0     177d r 0e         00000005  c.addi   x14, -0x1
#6285 0 800001a2     c3d4 m f004002c   f0040030  c.sw     x13, 0x4(x15)
#6286 0 800001a4     86be r 0d         f0040028  c.mv     x13, x15
#6287 0 800001a6     fb7d r 00         00000000  c.bnez   x14, . - 0xa
#6288 0 8000019c     87b2 r 0f         f0040020  c.mv     x15, x12
#6289 0 8000019e     43d0 r 0c         f0040018  c.lw     x12, 0x4(x15)
#6290 0 800001a0     177d r 0e         00000004  c.addi   x14, -0x1
#6291 0 800001a2     c3d4 m f0040024   f0040028  c.sw     x13, 0x4(x15)
#6292 0 800001a4     86be r 0d         f0040020  c.mv     x13, x15
#6293 0 800001a6     fb7d r 00         00000000  c.bnez   x14, . - 0xa
#6294 0 8000019c     87b2 r 0f         f0040018  c.mv     x15, x12
#6295 0 8000019e     43d0 r 0c         f0040010  c.lw     x12, 0x4(x15)
#6296 0 800001a0     177d r 0e         00000003  c.addi   x14, -0x1
#6297 0 800001a2     c3d4 m f004001c   f0040020  c.sw     x13, 0x4(x15)
#6298 0 800001a4     86be r 0d         f0040018  c.mv     x13, x15
#6299 0 800001a6     fb7d r 00         00000000  c.bnez   x14, . - 0xa
#6300 0 8000019c     87b2 r 0f         f0040010  c.mv     x15, x12
#6301 0 8000019e     43d0 r 0c         f0040008  c.lw     x12, 0x4(x15)
#6302 0 800001a0     177d r 0e         00000002  c.addi   x14, -0x1
#6303 0 800001a2     c3d4 m f0040014   f0040018  c.sw     x13, 0x4(x15)
#6304 0 800001a4     86be r 0d         f0040010  c.mv     x13, x15
#6305 0 800001a6     fb7d r 00         00000000  c.bnez   x14, . - 0xa
#6306 0 8000019c     87b2 r 0f         f0040008  c.mv     x15, x12
#6307 0 8000019e     43d0 r 0c         f0040000  c.lw     x12, 0x4(x15)
#6308 0 800001a0     177d r 0e         00000001  c.addi   x14, -0x1
#6309 0 800001a2     c3d4 m f004000c   f0040010  c.sw     x13, 0x4(x15)
#6310 0 800001a4     86be r 0d         f0040008  c.mv     x13, x15
#6311 0 800001a6     fb7d r 00         00000000  c.bnez   x14, . - 0xa
#6312 0 8000019c     87b2 r 0f         f0040000  c.mv     x15, x12
#6313 0 8000019e     43d0 r 0c         00000000  c.lw     x12, 0x4(x15)
#6314 0 800001a0     177d r 0e         00000000  c.addi   x14, -0x1
#6315 0 800001a2     c3d4 m f0040004   f0040008  c.sw     x13, 0x4(x15)
#6316 0 800001a4     86be r 0d         f0040000  c.mv     x13, x15
#6317 0 800001a6     fb7d r 00         00000000  c.bnez   x14, . - 0xa
#6318 0 800001a8     c1dc m f004003c   f0040000  c.sw     x15, 0x4(x11)
#6319 0 800001aa 00052803 r 10         00000007  lw       x16, 0x0(x10)
#6320 0 800001ae 00052223 m f0041014   00000000  sw       x0, 0x4(x10)
#6321 0 800001b2 00052423 m f0041018   00000000  sw       x0, 0x8(x10)
#6322 0 800001b6 00052623 m f004101c   00000000  sw       x0, 0xc(x10)
#6323 0 800001ba 00052823 m f0041020   00000000  sw       x0, 0x10(x10)
#6324 0 800001be 00052a23 m f0041024   00000000  sw       x0, 0x14(x10)
#6325 0 800001c2 00052c23 m f0041028   00000000  sw       x0, 0x18(x10)
#6326 0 800001c6 00052e23 m f004102c   00000000  sw       x0, 0x1c(x10)
#6327 0 800001ca 03005563 r 00         00000000  bge      x0, x16, . + 0x2a
#6328 0 800001ce 70040597 r 0b         f00401ce  auipc    x11, 0x70040
#6329 0 800001d2 e6a58593 r 0b         f0040038  addi     x11, x11, -0x196
#6330 0 800001d6     41dc r 0f         f0040000  c.lw     x15, 0x4(x11)
#6331 0 800001d8     8742 r 0e         00000007  c.mv     x14, x16
#6332 0 800001da     4681 r 0d         00000000  c.li     x13, 0x0
#6333 0 800001dc     a011 r 00         00000000  c.j      . + 0x4
#6334 0 800001e0     43d0 r 0c         f0040008  c.lw     x12, 0x4(x15)
#6335 0 800001e2     c398 m f0040000   00000007  c.sw     x14, 0x0(x15)
#6336 0 800001e4     c3d4 m f0040004   00000000  c.sw     x13, 0x4(x15)
#6337 0 800001e6     177d r 0e         00000006  c.addi   x14, -0x1
#6338 0 800001e8     86be r 0d         f0040000  c.mv     x13, x15
#6339 0 800001ea     fb75 r 00         00000000  c.bnez   x14, . - 0xc
#6340 0 800001de     87b2 r 0f         f0040008  c.mv     x15, x12
#6341 0 800001e0     43d0 r 0c         f0040010  c.lw     x12, 0x4(x15)
#6342 0 800001e2     c398 m f0040008   00000006  c.sw     x14, 0x0(x15)
#6343 0 800001e4     c3d4 m f004000c   f0040000  c.sw     x13, 0x4(x15)
#6344 0 800001e6     177d r 0e         00000005  c.addi   x14, -0x1
#6345 0 800001e8     86be r 0d         f0040008  c.mv     x13, x15
#6346 0 800001ea     fb75 r 00         00000000  c.bnez   x14, . - 0xc
#6347 0 800001de     87b2 r 0f         f0040010  c.mv     x15, x12
#6348 0 800001e0     43d0 r 0c         f0040018  c.lw     x12, 0x4(x15)
#6349 0 800001e2     c398 m f0040010   00000005  c.sw     x14, 0x0(x15)
#6350 0 800001e4     c3d4 m f0040014   f0040008  c.sw     x13, 0x4(x15)
#6351 0 800001e6     177d r 0e         00000004  c.addi   x14, -0x1
#6352 0 800001e8     86be r 0d         f0040010  c.mv     x13, x15
#6353 0 800001ea     fb75 r 00         00000000  c.bnez   x14, . - 0xc
#6354 0 800001de     87b2 r 0f         f0040018  c.mv     x15, x12
#6355 0 800001e0     43d0 r 0c         f0040020  c.lw     x12, 0x4(x15)
#6356 0 800001e2     c398 m f0040018   00000004  c.sw     x14, 0x0(x15)
#6357 0 800001e4     c3d4 m f004001c   f0040010  c.sw     x13, 0x4(x15)
#6358 0 800001e6     177d r 0e         00000003  c.addi   x14, -0x1
#6359 0 800001e8     86be r 0d         f0040018  c.mv     x13, x15
#6360 0 800001ea     fb75 r 00         00000000  c.bnez   x14, . - 0xc
#6361 0 800001de     87b2 r 0f         f0040020  c.mv     x15, x12
#6362 0 800001e0     43d0 r 0c         f0040028  c.lw     x12, 0x4(x15)
#6363 0 800001e2     c398 m f0040020   00000003  c.sw     x14, 0x0(x15)
#6364 0 800001e4     c3d4 m f0040024   f0040018  c.sw     x13, 0x4(x15)
#6365 0 800001e6     177d r 0e         00000002  c.addi   x14, -0x1
#6366 0 800001e8     86be r 0d         f0040020  c.mv     x13, x15
#6367 0 800001ea     fb75 r 00         00000000  c.bnez   x14, . - 0xc
#6368 0 800001de     87b2 r 0f         f0040028  c.mv     x15, x12
#6369 0 800001e0     43d0 r 0c         f0040030  c.lw     x12, 0x4(x15)
#6370 0 800001e2     c398 m f0040028   00000002  c.sw     x14, 0x0(x15)
#6371 0 800001e4     c3d4 m f004002c   f0040020  c.sw     x13, 0x4(x15)
#6372 0 800001e6     177d r 0e         00000001  c.addi   x14, -0x1
#6373 0 800001e8     86be r 0d         f0040028  c.mv     x13, x15
#6374 0 800001ea     fb75 r 00         00000000  c.bnez   x14, . - 0xc
#6375 0 800001de     87b2 r 0f         f0040030  c.mv     x15, x12
#6376 0 800001e0     43d0 r 0c         00000000  c.lw     x12, 0x4(x15)
#6377 0 800001e2     c398 m f0040030   00000001  c.sw     x14, 0x0(x15)
#6378 0 800001e4     c3d4 m f0040034   f0040028  c.sw     x13, 0x4(x15)
#6379 0 800001e6     177d r 0e         00000000  c.addi   x14, -0x1
#6380 0 800001e8     86be r 0d         f0040030  c.mv     x13, x15
#6381 0 800001ea     fb75 r 00         00000000  c.bnez   x14, . - 0xc
#6382 0 800001ec     c1d0 m f004003c   00000000  c.sw     x12, 0x4(x11)
#6383 0 800001ee     c55c m f004101c   f0040030  c.sw     x15, 0xc(x10)
#6384 0 800001f0 01052423 m f0041018   00000007  sw       x16, 0x8(x10)
#6385 0 800001f4     8082 r 00         00000000  c.jr     x1
#6386 0 8000035c     4582 r 0b         00000007  c.lwsp   x11, 0x0
#6387 0 8000035e     850a r 0a         f0041010  c.mv     x10, x2
#6388 0 80000360     0838 r 0e         f0041028  c.addi4spn  x14, 0x6
#6389 0 80000362     0814 r 0d         f0041020  c.addi4spn  x13, 0x4
#6390 0 80000364     0030 r 0c         f0041018  c.addi4spn  x12, 0x2
#6391 0 80000366     3d41 r 01         80000368  c.jal    . - 0x170
#6392 0 800001f6     1101 r 02         f0040ff0  c.addi   x2, -0x20
#6393 0 800001f8     cc22 m f0041008   00000000  c.swsp   x8, 0x18
#6394 0 800001fa     ca26 m f0041004   00000000  c.swsp   x9, 0x14
#6395 0 800001fc     c84a m f0041000   00000000  c.swsp   x18, 0x10
#6396 0 800001fe     c64e m f0040ffc   00000000  c.swsp   x19, 0xc
#6397 0 80000200     c452 m f0040ff8   00000000  c.swsp   x20, 0x8
#6398 0 80000202     ce06 m f004100c   80000368  c.swsp   x1, 0x1c
#6399 0 80000204     4785 r 0f         00000001  c.li     x15, 0x1
#6400 0 80000206     8a2a r 14         f0041010  c.mv     x20, x10
#6401 0 80000208     8932 r 12         f0041018  c.mv     x18, x12
#6402 0 8000020a     89ba r 13         f0041028  c.mv     x19, x14
#6403 0 8000020c     84ae r 09         00000007  c.mv     x9, x11
#6404 0 8000020e     8436 r 08         f0041020  c.mv     x8, x13
#6405 0 80000210 02f58663 r 00         00000000  beq      x11, x15, . + 0x2c
#6406 0 80000214     14fd r 09         00000006  c.addi   x9, -0x1
#6407 0 80000216     85a6 r 0b         00000006  c.mv     x11, x9
#6408 0 80000218     8552 r 0a         f0041010  c.mv     x10, x20
#6409 0 8000021a     8722 r 0e         f0041020  c.mv     x14, x8
#6410 0 8000021c     86ce r 0d         f0041028  c.mv     x13, x19
#6411 0 8000021e     864a r 0c         f0041018  c.mv     x12, x18
#6412 0 80000220     3fd9 r 01         80000222  c.jal    . - 0x2a
#6413 0 800001f6     1101 r 02         f0040fd0  c.addi   x2, -0x20
#6414 0 800001f8     cc22 m f0040fe8   f0041020  c.swsp   x8, 0x18
#6415 0 800001fa     ca26 m f0040fe4   00000006  c.swsp   x9, 0x14
#6416 0 800001fc     c84a m f0040fe0   f0041018  c.swsp   x18, 0x10
#6417 0 800001fe     c64e m f0040fdc   f0041028  c.swsp   x19, 0xc
#6418 0 80000200     c452 m f0040fd8   f0041010  c.swsp   x20, 0x8
#6419 0 80000202     ce06 m f0040fec   80000222  c.swsp   x1, 0x1c
#6420 0 80000204     4785 r 0f         00000001  c.li     x15, 0x1
#6421 0 80000206     8a2a r 14         f0041010  c.mv     x20, x10
#6422 0 80000208     8932 r 12         f0041018  c.mv     x18, x12
#6423 0 8000020a     89ba r 13         f0041020  c.mv     x19, x14
#6424 0 8000020c     84ae r 09         00000006  c.mv     x9, x11
#6425 0 8000020e     8436 r 08         f0041028  c.mv     x8, x13
#6426 0 80000210 02f58663 r 00         00000000  beq      x11, x15, . + 0x2c
#6427 0 80000214     14fd r 09         00000005  c.addi   x9, -0x1
#6428 0 80000216     85a6 r 0b         00000005  c.mv     x11, x9
#6429 0 80000218     8552 r 0a         f0041010  c.mv     x10, x20
#6430 0 8000021a     8722 r 0e         f0041028  c.mv     x14, x8
#6431 0 8000021c     86ce r 0d         f0041020  c.mv     x13, x19
#6432 0 8000021e     864a r 0c         f0041018  c.mv     x12, x18
#6433 0 80000220     3fd9 r 01         80000222  c.jal    . - 0x2a
#6434 0 800001f6     1101 r 02         f0040fb0  c.addi   x2, -0x20
#6435 0 800001f8     cc22 m f0040fc8   f0041028  c.swsp   x8, 0x18
#6436 0 800001fa     ca26 m f0040fc4   00000005  c.swsp   x9, 0x14
#6437 0 800001fc     c84a m f0040fc0   f0041018  c.swsp   x18, 0x10
#6438 0 800001fe     c64e m f0040fbc   f0041020  c.swsp   x19, 0xc
#6439 0 80000200     c452 m f0040fb8   f0041010  c.swsp   x20, 0x8
#6440 0 80000202     ce06 m f0040fcc   80000222  c.swsp   x1, 0x1c
#6441 0 80000204     4785 r 0f         00000001  c.li     x15, 0x1
#6442 0 80000206     8a2a r 14         f0041010  c.mv     x20, x10
#6443 0 80000208     8932 r 12         f0041018  c.mv     x18, x12
#6444 0 8000020a     89ba r 13         f0041028  c.mv     x19, x14
#6445 0 8000020c     84ae r 09         00000005  c.mv     x9, x11
#6446 0 8000020e     8436 r 08         f0041020  c.mv     x8, x13
#6447 0 80000210 02f58663 r 00         00000000  beq      x11, x15, . + 0x2c
#6448 0 80000214     14fd r 09         00000004  c.addi   x9, -0x1
#6449 0 80000216     85a6 r 0b         00000004  c.mv     x11, x9
#6450 0 80000218     8552 r 0a         f0041010  c.mv     x10, x20
#6451 0 8000021a     8722 r 0e         f0041020  c.mv     x14, x8
#6452 0 8000021c     86ce r 0d         f0041028  c.mv     x13, x19
#6453 0 8000021e     864a r 0c         f0041018  c.mv     x12, x18
#6454 0 80000220     3fd9 r 01         80000222  c.jal    . - 0x2a
#6455 0 800001f6     1101 r 02         f0040f90  c.addi   x2, -0x20
#6456 0 800001f8     cc22 m f0040fa8   f0041020  c.swsp   x8, 0x18
#6457 0 800001fa     ca26 m f0040fa4   00000004  c.swsp   x9, 0x14
#6458 0 800001fc     c84a m f0040fa0   f0041018  c.swsp   x18, 0x10
#6459 0 800001fe     c64e m f0040f9c   f0041028  c.swsp   x19, 0xc
#6460 0 80000200     c452 m f0040f98   f0041010  c.swsp   x20, 0x8
#6461 0 80000202     ce06 m f0040fac   80000222  c.swsp   x1, 0x1c
#6462 0 80000204     4785 r 0f         00000001  c.li     x15, 0x1
#6463 0 80000206     8a2a r 14         f0041010  c.mv     x20, x10
#6464 0 80000208     8932 r 12         f0041018  c.mv     x18, x12
#6465 0 8000020a     89ba r 13         f0041020  c.mv     x19, x14
#6466 0 8000020c     84ae r 09         00000004  c.mv     x9, x11
#6467 0 8000020e     8436 r 08         f0041028  c.mv     x8, x13
#6468 0 80000210 02f58663 r 00         00000000  beq      x11, x15, . + 0x2c
#6469 0 80000214     14fd r 09         00000003  c.addi   x9, -0x1
#6470 0 80000216     85a6 r 0b         00000003  c.mv     x11, x9
#6471 0 80000218     8552 r 0a         f0041010  c.mv     x10, x20
#6472 0 8000021a     8722 r 0e         f0041028  c.mv     x14, x8
#6473 0 8000021c     86ce r 0d         f0041020  c.mv     x13, x19
#6474 0 8000021e     864a r 0c         f0041018  c.mv     x12, x18
#6475 0 80000220     3fd9 r 01         80000222  c.jal    . - 0x2a
#6476 0 800001f6     1101 r 02         f0040f70  c.addi   x2, -0x20
#6477 0 800001f8     cc22 m f0040f88   f0041028  c.swsp   x8, 0x18
#6478 0 800001fa     ca26 m f0040f84   00000003  c.swsp   x9, 0x14
#6479 0 800001fc     c84a m f0040f80   f0041018  c.swsp   x18, 0x10
#6480 0 800001fe     c64e m f0040f7c   f0041020  c.swsp   x19, 0xc
#6481 0 80000200     c452 m f0040f78   f0041010  c.swsp   x20, 0x8
#6482 0 80000202     ce06 m f0040f8c   80000222  c.swsp   x1, 0x1c
#6483 0 80000204     4785 r 0f         00000001  c.li     x15, 0x1
#6484 0 80000206     8a2a r 14         f0041010  c.mv     x20, x10
#6485 0 80000208     8932 r 12         f0041018  c.mv     x18, x12
#6486 0 8000020a     89ba r 13         f0041028  c.mv     x19, x14
#6487 0 8000020c     84ae r 09         00000003  c.mv     x9, x11
#6488 0 8000020e     8436 r 08         f0041020  c.mv     x8, x13
#6489 0 80000210 02f58663 r 00         00000000  beq      x11, x15, . + 0x2c
#6490 0 80000214     14fd r 09         00000002  c.addi   x9, -0x1
#6491 0 80000216     85a6 r 0b         00000002  c.mv     x11, x9
#6492 0 80000218     8552 r 0a         f0041010  c.mv     x10, x20
#6493 0 8000021a     8722 r 0e         f0041020  c.mv     x14, x8
#6494 0 8000021c     86ce r 0d         f0041028  c.mv     x13, x19
#6495 0 8000021e     864a r 0c         f0041018  c.mv     x12, x18
#6496 0 80000220     3fd9 r 01         80000222  c.jal    . - 0x2a
#6497 0 800001f6     1101 r 02         f0040f50  c.addi   x2, -0x20
#6498 0 800001f8     cc22 m f0040f68   f0041020  c.swsp   x8, 0x18
#6499 0 800001fa     ca26 m f0040f64   00000002  c.swsp   x9, 0x14
#6500 0 800001fc     c84a m f0040f60   f0041018  c.swsp   x18, 0x10
#6501 0 800001fe     c64e m f0040f5c   f0041028  c.swsp   x19, 0xc
#6502 0 80000200     c452 m f0040f58   f0041010  c.swsp   x20, 0x8
#6503 0 80000202     ce06 m f0040f6c   80000222  c.swsp   x1, 0x1c
#6504 0 80000204     4785 r 0f         00000001  c.li     x15, 0x1
#6505 0 80000206     8a2a r 14         f0041010  c.mv     x20, x10
#6506 0 80000208     8932 r 12         f0041018  c.mv     x18, x12
#6507 0 8000020a     89ba r 13         f0041020  c.mv     x19, x14
#6508 0 8000020c     84ae r 09         00000002  c.mv     x9, x11
#6509 0 8000020e     8436 r 08         f0041028  c.mv     x8, x13
#6510 0 80000210 02f58663 r 00         00000000  beq      x11, x15, . + 0x2c
#6511 0 80000214     14fd r 09         00000001  c.addi   x9, -0x1
#6512 0 80000216     85a6 r 0b         00000001  c.mv     x11, x9
#6513 0 80000218     8552 r 0a         f0041010  c.mv     x10, x20
#6514 0 8000021a     8722 r 0e         f0041028  c.mv     x14, x8
#6515 0 8000021c     86ce r 0d         f0041020  c.mv     x13, x19
#6516 0 8000021e     864a r 0c         f0041018  c.mv     x12, x18
#6517 0 80000220     3fd9 r 01         80000222  c.jal    . - 0x2a
#6518 0 800001f6     1101 r 02         f0040f30  c.addi   x2, -0x20
#6519 0 800001f8     cc22 m f0040f48   f0041028  c.swsp   x8, 0x18
#6520 0 800001fa     ca26 m f0040f44   00000001  c.swsp   x9, 0x14
#6521 0 800001fc     c84a m f0040f40   f0041018  c.swsp   x18, 0x10
#6522 0 800001fe     c64e m f0040f3c   f0041020  c.swsp   x19, 0xc
#6523 0 80000200     c452 m f0040f38   f0041010  c.swsp   x20, 0x8
#6524 0 80000202     ce06 m f0040f4c   80000222  c.swsp   x1, 0x1c
#6525 0 80000204     4785 r 0f         00000001  c.li     x15, 0x1
#6526 0 80000206     8a2a r 14         f0041010  c.mv     x20, x10
#6527 0 80000208     8932 r 12         f0041018  c.mv     x18, x12
#6528 0 8000020a     89ba r 13         f0041028  c.mv     x19, x14
#6529 0 8000020c     84ae r 09         00000001  c.mv     x9, x11
#6530 0 8000020e     8436 r 08         f0041020  c.mv     x8, x13
#6531 0 80000210 02f58663 r 00         00000000  beq      x11, x15, . + 0x2c
#6532 0 8000023c     8432 r 08         f0041018  c.mv     x8, x12
#6533 0 8000023e     405c r 0f         f0040030  c.lw     x15, 0x4(x8)
#6534 0 80000240     4014 r 0d         00000007  c.lw     x13, 0x0(x8)
#6535 0 80000242 004a2703 r 0e         00000000  lw       x14, 0x4(x20)
#6536 0 80000246     43cc r 0b         f0040028  c.lw     x11, 0x4(x15)
#6537 0 80000248     4390 r 0c         00000001  c.lw     x12, 0x0(x15)
#6538 0 8000024a     16fd r 0d         00000006  c.addi   x13, -0x1
#6539 0 8000024c     c04c m f004101c   f0040028  c.sw     x11, 0x4(x8)
#6540 0 8000024e 0049a583 r 0b         00000000  lw       x11, 0x4(x19)
#6541 0 80000252     c014 m f0041018   00000006  c.sw     x13, 0x0(x8)
#6542 0 80000254 0009a683 r 0d         00000000  lw       x13, 0x0(x19)
#6543 0 80000258     c3cc m f0040034   00000000  c.sw     x11, 0x4(x15)
#6544 0 8000025a 00f9a223 m f004102c   f0040030  sw       x15, 0x4(x19)
#6545 0 8000025e     c390 m f0040030   00000001  c.sw     x12, 0x0(x15)
#6546 0 80000260     40f2 r 01         80000222  c.lwsp   x1, 0x1c
#6547 0 80000262     4462 r 08         f0041028  c.lwsp   x8, 0x18
#6548 0 80000264 00168793 r 0f         00000001  addi     x15, x13, 0x1
#6549 0 80000268 00f9a023 m f0041028   00000001  sw       x15, 0x0(x19)
#6550 0 8000026c 00170793 r 0f         00000001  addi     x15, x14, 0x1
#6551 0 80000270 00fa2223 m f0041014   00000001  sw       x15, 0x4(x20)
#6552 0 80000274     44d2 r 09         00000001  c.lwsp   x9, 0x14
#6553 0 80000276     4942 r 12         f0041018  c.lwsp   x18, 0x10
#6554 0 80000278     49b2 r 13         f0041020  c.lwsp   x19, 0xc
#6555 0 8000027a     4a22 r 14         f0041010  c.lwsp   x20, 0x8
#6556 0 8000027c     6105 r 02         f0040f50  c.addi16sp 0x2
#6557 0 8000027e     8082 r 00         00000000  c.jr     x1
#6558 0 80000222     874e r 0e         f0041020  c.mv     x14, x19
#6559 0 80000224     86a2 r 0d         f0041028  c.mv     x13, x8
#6560 0 80000226     864a r 0c         f0041018  c.mv     x12, x18
#6561 0 80000228     4585 r 0b         00000001  c.li     x11, 0x1
#6562 0 8000022a     8552 r 0a         f0041010  c.mv     x10, x20
#6563 0 8000022c     37e9 r 01         8000022e  c.jal    . - 0x36
#6564 0 800001f6     1101 r 02         f0040f30  c.addi   x2, -0x20
#6565 0 800001f8     cc22 m f0040f48   f0041028  c.swsp   x8, 0x18
#6566 0 800001fa     ca26 m f0040f44   00000001  c.swsp   x9, 0x14
#6567 0 800001fc     c84a m f0040f40   f0041018  c.swsp   x18, 0x10
#6568 0 800001fe     c64e m f0040f3c   f0041020  c.swsp   x19, 0xc
#6569 0 80000200     c452 m f0040f38   f0041010  c.swsp   x20, 0x8
#6570 0 80000202     ce06 m f0040f4c   8000022e  c.swsp   x1, 0x1c
#6571 0 80000204     4785 r 0f         00000001  c.li     x15, 0x1
#6572 0 80000206     8a2a r 14         f0041010  c.mv     x20, x10
#6573 0 80000208     8932 r 12         f0041018  c.mv     x18, x12
#6574 0 8000020a     89ba r 13         f0041020  c.mv     x19, x14
#6575 0 8000020c     84ae r 09         00000001  c.mv     x9, x11
#6576 0 8000020e     8436 r 08         f0041028  c.mv     x8, x13
#6577 0 80000210 02f58663 r 00         00000000  beq      x11, x15, . + 0x2c
#6578 0 8000023c     8432 r 08         f0041018  c.mv     x8, x12
#6579 0 8000023e     405c r 0f         f0040028  c.lw     x15, 0x4(x8)
#6580 0 80000240     4014 r 0d         00000006  c.lw     x13, 0x0(x8)
#6581 0 80000242 004a2703 r 0e         00000001  lw       x14, 0x4(x20)
#6582 0 80000246     43cc r 0b         f0040020  c.lw     x11, 0x4(x15)
#6583 0 80000248     4390 r 0c         00000002  c.lw     x12, 0x0(x15)
#6584 0 8000024a     16fd r 0d         00000005  c.addi   x13, -0x1
#6585 0 8000024c     c04c m f004101c   f0040020  c.sw     x11, 0x4(x8)
#6586 0 8000024e 0049a583 r 0b         00000000  lw       x11, 0x4(x19)
#6587 0 80000252     c014 m f0041018   00000005  c.sw     x13, 0x0(x8)
#6588 0 80000254 0009a683 r 0d         00000000  lw       x13, 0x0(x19)
#6589 0 80000258     c3cc m f004002c   00000000  c.sw     x11, 0x4(x15)
#6590 0 8000025a 00f9a223 m f0041024   f0040028  sw       x15, 0x4(x19)
#6591 0 8000025e     c390 m f0040028   00000002  c.sw     x12, 0x0(x15)
#6592 0 80000260     40f2 r 01         8000022e  c.lwsp   x1, 0x1c
#6593 0 80000262     4462 r 08         f0041028  c.lwsp   x8, 0x18
#6594 0 80000264 00168793 r 0f         00000001  addi     x15, x13, 0x1
#6595 0 80000268 00f9a023 m f0041020   00000001  sw       x15, 0x0(x19)
#6596 0 8000026c 00170793 r 0f         00000002  addi     x15, x14, 0x1
#6597 0 80000270 00fa2223 m f0041014   00000002  sw       x15, 0x4(x20)
#6598 0 80000274     44d2 r 09         00000001  c.lwsp   x9, 0x14
#6599 0 80000276     4942 r 12         f0041018  c.lwsp   x18, 0x10
#6600 0 80000278     49b2 r 13         f0041020  c.lwsp   x19, 0xc
#6601 0 8000027a     4a22 r 14         f0041010  c.lwsp   x20, 0x8
#6602 0 8000027c     6105 r 02         f0040f50  c.addi16sp 0x2
#6603 0 8000027e     8082 r 00         00000000  c.jr     x1
#6604 0 8000022e     4785 r 0f         00000001  c.li     x15, 0x1
#6605 0 80000230     874a r 0e         f0041018  c.mv     x14, x18
#6606 0 80000232 00f48663 r 00         00000000  beq      x9, x15, . + 0xc
#6607 0 8000023e     405c r 0f         f0040030  c.lw     x15, 0x4(x8)
#6608 0 80000240     4014 r 0d         00000001  c.lw     x13, 0x0(x8)
#6609 0 80000242 004a2703 r 0e         00000002  lw       x14, 0x4(x20)
#6610 0 80000246     43cc r 0b         00000000  c.lw     x11, 0x4(x15)
#6611 0 80000248     4390 r 0c         00000001  c.lw     x12, 0x0(x15)
#6612 0 8000024a     16fd r 0d         00000000  c.addi   x13, -0x1
#6613 0 8000024c     c04c m f004102c   00000000  c.sw     x11, 0x4(x8)
#6614 0 8000024e 0049a583 r 0b         f0040028  lw       x11, 0x4(x19)
#6615 0 80000252     c014 m f0041028   00000000  c.sw     x13, 0x0(x8)
#6616 0 80000254 0009a683 r 0d         00000001  lw       x13, 0x0(x19)
#6617 0 80000258     c3cc m f0040034   f0040028  c.sw     x11, 0x4(x15)
#6618 0 8000025a 00f9a223 m f0041024   f0040030  sw       x15, 0x4(x19)
#6619 0 8000025e     c390 m f0040030   00000001  c.sw     x12, 0x0(x15)
#6620 0 80000260     40f2 r 01         80000222  c.lwsp   x1, 0x1c
#6621 0 80000262     4462 r 08         f0041020  c.lwsp   x8, 0x18
#6622 0 80000264 00168793 r 0f         00000002  addi     x15, x13, 0x1
#6623 0 80000268 00f9a023 m f0041020   00000002  sw       x15, 0x0(x19)
#6624 0 8000026c 00170793 r 0f         00000003  addi     x15, x14, 0x1
#6625 0 80000270 00fa2223 m f0041014   00000003  sw       x15, 0x4(x20)
#6626 0 80000274     44d2 r 09         00000002  c.lwsp   x9, 0x14
#6627 0 80000276     4942 r 12         f0041018  c.lwsp   x18, 0x10
#6628 0 80000278     49b2 r 13         f0041028  c.lwsp   x19, 0xc
#6629 0 8000027a     4a22 r 14         f0041010  c.lwsp   x20, 0x8
#6630 0 8000027c     6105 r 02         f0040f70  c.addi16sp 0x2
#6631 0 8000027e     8082 r 00         00000000  c.jr     x1
#6632 0 80000222     874e r 0e         f0041028  c.mv     x14, x19
#6633 0 80000224     86a2 r 0d         f0041020  c.mv     x13, x8
#6634 0 80000226     864a r 0c         f0041018  c.mv     x12, x18
#6635 0 80000228     4585 r 0b         00000001  c.li     x11, 0x1
#6636 0 8000022a     8552 r 0a         f0041010  c.mv     x10, x20
#6637 0 8000022c     37e9 r 01         8000022e  c.jal    . - 0x36
#6638 0 800001f6     1101 r 02         f0040f50  c.addi   x2, -0x20
#6639 0 800001f8     cc22 m f0040f68   f0041020  c.swsp   x8, 0x18
#6640 0 800001fa     ca26 m f0040f64   00000002  c.swsp   x9, 0x14
#6641 0 800001fc     c84a m f0040f60   f0041018  c.swsp   x18, 0x10
#6642 0 800001fe     c64e m f0040f5c   f0041028  c.swsp   x19, 0xc
#6643 0 80000200     c452 m f0040f58   f0041010  c.swsp   x20, 0x8
#6644 0 80000202     ce06 m f0040f6c   8000022e  c.swsp   x1, 0x1c
#6645 0 80000204     4785 r 0f         00000001  c.li     x15, 0x1
#6646 0 80000206     8a2a r 14         f0041010  c.mv     x20, x10
#6647 0 80000208     8932 r 12         f0041018  c.mv     x18, x12
#6648 0 8000020a     89ba r 13         f0041028  c.mv     x19, x14
#6649 0 8000020c     84ae r 09         00000001  c.mv     x9, x11
#6650 0 8000020e     8436 r 08         f0041020  c.mv     x8, x13
#6651 0 80000210 02f58663 r 00         00000000  beq      x11, x15, . + 0x2c
#6652 0 8000023c     8432 r 08         f0041018  c.mv     x8, x12
#6653 0 8000023e     405c r 0f         f0040020  c.lw     x15, 0x4(x8)
#6654 0 80000240     4014 r 0d         00000005  c.lw     x13, 0x0(x8)
#6655 0 80000242 004a2703 r 0e         00000003  lw       x14, 0x4(x20)
#6656 0 80000246     43cc r 0b         f0040018  c.lw     x11, 0x4(x15)
#6657 0 80000248     4390 r 0c         00000003  c.lw     x12, 0x0(x15)
#6658 0 8000024a     16fd r 0d         00000004  c.addi   x13, -0x1
#6659 0 8000024c     c04c m f004101c   f0040018  c.sw     x11, 0x4(x8)
#6660 0 8000024e 0049a583 r 0b         00000000  lw       x11, 0x4(x19)
#6661 0 80000252     c014 m f0041018   00000004  c.sw     x13, 0x0(x8)
#6662 0 80000254 0009a683 r 0d         00000000  lw       x13, 0x0(x19)
#6663 0 80000258     c3cc m f0040024   00000000  c.sw     x11, 0x4(x15)
#6664 0 8000025a 00f9a223 m f004102c   f0040020  sw       x15, 0x4(x19)
#6665 0 8000025e     c390 m f0040020   00000003  c.sw     x12, 0x0(x15)
#6666 0 80000260     40f2 r 01         8000022e  c.lwsp   x1, 0x1c
#6667 0 80000262     4462 r 08         f0041020  c.lwsp   x8, 0x18
#6668 0 80000264 00168793 r 0f         00000001  addi     x15, x13, 0x1
#6669 0 80000268 00f9a023 m f0041028   00000001  sw       x15, 0x0(x19)
#6670 0 8000026c 00170793 r 0f         00000004  addi     x15, x14, 0x1
#6671 0 80000270 00fa2223 m f0041014   00000004  sw       x15, 0x4(x20)
#6672 0 80000274     44d2 r 09         00000002  c.lwsp   x9, 0x14
#6673 0 80000276     4942 r 12         f0041018  c.lwsp   x18, 0x10
#6674 0 80000278     49b2 r 13         f0041028  c.lwsp   x19, 0xc
#6675 0 8000027a     4a22 r 14         f0041010  c.lwsp   x20, 0x8
#6676 0 8000027c     6105 r 02         f0040f70  c.addi16sp 0x2
#6677 0 8000027e     8082 r 00         00000000  c.jr     x1
#6678 0 8000022e     4785 r 0f         00000001  c.li     x15, 0x1
#6679 0 80000230     874a r 0e         f0041018  c.mv     x14, x18
#6680 0 80000232 00f48663 r 00         00000000  beq      x9, x15, . + 0xc
#6681 0 80000236     8922 r 12         f0041020  c.mv     x18, x8
#6682 0 80000238     843a r 08         f0041018  c.mv     x8, x14
#6683 0 8000023a     bfe9 r 00         00000000  c.j      . - 0x26
#6684 0 80000214     14fd r 09         00000001  c.addi   x9, -0x1
#6685 0 80000216     85a6 r 0b         00000001  c.mv     x11, x9
#6686 0 80000218     8552 r 0a         f0041010  c.mv     x10, x20
#6687 0 8000021a     8722 r 0e         f0041018  c.mv     x14, x8
#6688 0 8000021c     86ce r 0d         f0041028  c.mv     x13, x19
#6689 0 8000021e     864a r 0c         f0041020  c.mv     x12, x18
#6690 0 80000220     3fd9 r 01         80000222  c.jal    . - 0x2a
#6691 0 800001f6     1101 r 02         f0040f50  c.addi   x2, -0x20
#6692 0 800001f8     cc22 m f0040f68   f0041018  c.swsp   x8, 0x18
#6693 0 800001fa     ca26 m f0040f64   00000001  c.swsp   x9, 0x14
#6694 0 800001fc     c84a m f0040f60   f0041020  c.swsp   x18, 0x10
#6695 0 800001fe     c64e m f0040f5c   f0041028  c.swsp   x19, 0xc
#6696 0 80000200     c452 m f0040f58   f0041010  c.swsp   x20, 0x8
#6697 0 80000202     ce06 m f0040f6c   80000222  c.swsp   x1, 0x1c
#6698 0 80000204     4785 r 0f         00000001  c.li     x15, 0x1
#6699 0 80000206     8a2a r 14         f0041010  c.mv     x20, x10
#6700 0 80000208     8932 r 12         f0041020  c.mv     x18, x12
#6701 0 8000020a     89ba r 13         f0041018  c.mv     x19, x14
#6702 0 8000020c     84ae r 09         00000001  c.mv     x9, x11
#6703 0 8000020e     8436 r 08         f0041028  c.mv     x8, x13
#6704 0 80000210 02f58663 r 00         00000000  beq      x11, x15, . + 0x2c
#6705 0 8000023c     8432 r 08         f0041020  c.mv     x8, x12
#6706 0 8000023e     405c r 0f         f0040030  c.lw     x15, 0x4(x8)
#6707 0 80000240     4014 r 0d         00000002  c.lw     x13, 0x0(x8)
#6708 0 80000242 004a2703 r 0e         00000004  lw       x14, 0x4(x20)
#6709 0 80000246     43cc r 0b         f0040028  c.lw     x11, 0x4(x15)
#6710 0 80000248     4390 r 0c         00000001  c.lw     x12, 0x0(x15)
#6711 0 8000024a     16fd r 0d         00000001  c.addi   x13, -0x1
#6712 0 8000024c     c04c m f0041024   f0040028  c.sw     x11, 0x4(x8)
#6713 0 8000024e 0049a583 r 0b         f0040018  lw       x11, 0x4(x19)
#6714 0 80000252     c014 m f0041020   00000001  c.sw     x13, 0x0(x8)
#6715 0 80000254 0009a683 r 0d         00000004  lw       x13, 0x0(x19)
#6716 0 80000258     c3cc m f0040034   f0040018  c.sw     x11, 0x4(x15)
#6717 0 8000025a 00f9a223 m f004101c   f0040030  sw       x15, 0x4(x19)
#6718 0 8000025e     c390 m f0040030   00000001  c.sw     x12, 0x0(x15)
#6719 0 80000260     40f2 r 01         80000222  c.lwsp   x1, 0x1c
#6720 0 80000262     4462 r 08         f0041018  c.lwsp   x8, 0x18
#6721 0 80000264 00168793 r 0f         00000005  addi     x15, x13, 0x1
#6722 0 80000268 00f9a023 m f0041018   00000005  sw       x15, 0x0(x19)
#6723 0 8000026c 00170793 r 0f         00000005  addi     x15, x14, 0x1
#6724 0 80000270 00fa2223 m f0041014   00000005  sw       x15, 0x4(x20)
#6725 0 80000274     44d2 r 09         00000001  c.lwsp   x9, 0x14
#6726 0 80000276     4942 r 12         f0041020  c.lwsp   x18, 0x10
#6727 0 80000278     49b2 r 13         f0041028  c.lwsp   x19, 0xc
#6728 0 8000027a     4a22 r 14         f0041010  c.lwsp   x20, 0x8
#6729 0 8000027c     6105 r 02         f0040f70  c.addi16sp 0x2
#6730 0 8000027e     8082 r 00         00000000  c.jr     x1
#6731 0 80000222     874e r 0e         f0041028  c.mv     x14, x19
#6732 0 80000224     86a2 r 0d         f0041018  c.mv     x13, x8
#6733 0 80000226     864a r 0c         f0041020  c.mv     x12, x18
#6734 0 80000228     4585 r 0b         00000001  c.li     x11, 0x1
#6735 0 8000022a     8552 r 0a         f0041010  c.mv     x10, x20
#6736 0 8000022c     37e9 r 01         8000022e  c.jal    . - 0x36
#6737 0 800001f6     1101 r 02         f0040f50  c.addi   x2, -0x20
#6738 0 800001f8     cc22 m f0040f68   f0041018  c.swsp   x8, 0x18
#6739 0 800001fa     ca26 m f0040f64   00000001  c.swsp   x9, 0x14
#6740 0 800001fc     c84a m f0040f60   f0041020  c.swsp   x18, 0x10
#6741 0 800001fe     c64e m f0040f5c   f0041028  c.swsp   x19, 0xc
#6742 0 80000200     c452 m f0040f58   f0041010  c.swsp   x20, 0x8
#6743 0 80000202     ce06 m f0040f6c   8000022e  c.swsp   x1, 0x1c
#6744 0 80000204     4785 r 0f         00000001  c.li     x15, 0x1
#6745 0 80000206     8a2a r 14         f0041010  c.mv     x20, x10
#6746 0 80000208     8932 r 12         f0041020  c.mv     x18, x12
#6747 0 8000020a     89ba r 13         f0041028  c.mv     x19, x14
#6748 0 8000020c     84ae r 09         00000001  c.mv     x9, x11
#6749 0 8000020e     8436 r 08         f0041018  c.mv     x8, x13
#6750 0 80000210 02f58663 r 00         00000000  beq      x11, x15, . + 0x2c
#6751 0 8000023c     8432 r 08         f0041020  c.mv     x8, x12
#6752 0 8000023e     405c r 0f         f0040028  c.lw     x15, 0x4(x8)
#6753 0 80000240     4014 r 0d         00000001  c.lw     x13, 0x0(x8)
#6754 0 80000242 004a2703 r 0e         00000005  lw       x14, 0x4(x20)
#6755 0 80000246     43cc r 0b         00000000  c.lw     x11, 0x4(x15)
#6756 0 80000248     4390 r 0c         00000002  c.lw     x12, 0x0(x15)
#6757 0 8000024a     16fd r 0d         00000000  c.addi   x13, -0x1
#6758 0 8000024c     c04c m f0041024   00000000  c.sw     x11, 0x4(x8)
#6759 0 8000024e 0049a583 r 0b         f0040020  lw       x11, 0x4(x19)
#6760 0 80000252     c014 m f0041020   00000000  c.sw     x13, 0x0(x8)
#6761 0 80000254 0009a683 r 0d         00000001  lw       x13, 0x0(x19)
#6762 0 80000258     c3cc m f004002c   f0040020  c.sw     x11, 0x4(x15)
#6763 0 8000025a 00f9a223 m f004102c   f0040028  sw       x15, 0x4(x19)
#6764 0 8000025e     c390 m f0040028   00000002  c.sw     x12, 0x0(x15)
#6765 0 80000260     40f2 r 01         8000022e  c.lwsp   x1, 0x1c
#6766 0 80000262     4462 r 08         f0041018  c.lwsp   x8, 0x18
#6767 0 80000264 00168793 r 0f         00000002  addi     x15, x13, 0x1
#6768 0 80000268 00f9a023 m f0041028   00000002  sw       x15, 0x0(x19)
#6769 0 8000026c 00170793 r 0f         00000006  addi     x15, x14, 0x1
#6770 0 80000270 00fa2223 m f0041014   00000006  sw       x15, 0x4(x20)
#6771 0 80000274     44d2 r 09         00000001  c.lwsp   x9, 0x14
#6772 0 80000276     4942 r 12         f0041020  c.lwsp   x18, 0x10
#6773 0 80000278     49b2 r 13         f0041028  c.lwsp   x19, 0xc
#6774 0 8000027a     4a22 r 14         f0041010  c.lwsp   x20, 0x8
#6775 0 8000027c     6105 r 02         f0040f70  c.addi16sp 0x2
#6776 0 8000027e     8082 r 00         00000000  c.jr     x1
#6777 0 8000022e     4785 r 0f         00000001  c.li     x15, 0x1
#6778 0 80000230     874a r 0e         f0041020  c.mv     x14, x18
#6779 0 80000232 00f48663 r 00         00000000  beq      x9, x15, . + 0xc
#6780 0 8000023e     405c r 0f         f0040030  c.lw     x15, 0x4(x8)
#6781 0 80000240     4014 r 0d         00000005  c.lw     x13, 0x0(x8)
#6782 0 80000242 004a2703 r 0e         00000006  lw       x14, 0x4(x20)
#6783 0 80000246     43cc r 0b         f0040018  c.lw     x11, 0x4(x15)
#6784 0 80000248     4390 r 0c         00000001  c.lw     x12, 0x0(x15)
#6785 0 8000024a     16fd r 0d         00000004  c.addi   x13, -0x1
#6786 0 8000024c     c04c m f004101c   f0040018  c.sw     x11, 0x4(x8)
#6787 0 8000024e 0049a583 r 0b         f0040028  lw       x11, 0x4(x19)
#6788 0 80000252     c014 m f0041018   00000004  c.sw     x13, 0x0(x8)
#6789 0 80000254 0009a683 r 0d         00000002  lw       x13, 0x0(x19)
#6790 0 80000258     c3cc m f0040034   f0040028  c.sw     x11, 0x4(x15)
#6791 0 8000025a 00f9a223 m f004102c   f0040030  sw       x15, 0x4(x19)
#6792 0 8000025e     c390 m f0040030   00000001  c.sw     x12, 0x0(x15)
#6793 0 80000260     40f2 r 01         80000222  c.lwsp   x1, 0x1c
#6794 0 80000262     4462 r 08         f0041028  c.lwsp   x8, 0x18
#6795 0 80000264 00168793 r 0f         00000003  addi     x15, x13, 0x1
#6796 0 80000268 00f9a023 m f0041028   00000003  sw       x15, 0x0(x19)
#6797 0 8000026c 00170793 r 0f         00000007  addi     x15, x14, 0x1
#6798 0 80000270 00fa2223 m f0041014   00000007  sw       x15, 0x4(x20)
#6799 0 80000274     44d2 r 09         00000003  c.lwsp   x9, 0x14
#6800 0 80000276     4942 r 12         f0041018  c.lwsp   x18, 0x10
#6801 0 80000278     49b2 r 13         f0041020  c.lwsp   x19, 0xc
#6802 0 8000027a     4a22 r 14         f0041010  c.lwsp   x20, 0x8
#6803 0 8000027c     6105 r 02         f0040f90  c.addi16sp 0x2
#6804 0 8000027e     8082 r 00         00000000  c.jr     x1
#6805 0 80000222     874e r 0e         f0041020  c.mv     x14, x19
#6806 0 80000224     86a2 r 0d         f0041028  c.mv     x13, x8
#6807 0 80000226     864a r 0c         f0041018  c.mv     x12, x18
#6808 0 80000228     4585 r 0b         00000001  c.li     x11, 0x1
#6809 0 8000022a     8552 r 0a         f0041010  c.mv     x10, x20
#6810 0 8000022c     37e9 r 01         8000022e  c.jal    . - 0x36
#6811 0 800001f6     1101 r 02         f0040f70  c.addi   x2, -0x20
#6812 0 800001f8     cc22 m f0040f88   f0041028  c.swsp   x8, 0x18
#6813 0 800001fa     ca26 m f0040f84   00000003  c.swsp   x9, 0x14
#6814 0 800001fc     c84a m f0040f80   f0041018  c.swsp   x18, 0x10
#6815 0 800001fe     c64e m f0040f7c   f0041020  c.swsp   x19, 0xc
#6816 0 80000200     c452 m f0040f78   f0041010  c.swsp   x20, 0x8
#6817 0 80000202     ce06 m f0040f8c   8000022e  c.swsp   x1, 0x1c
#6818 0 80000204     4785 r 0f         00000001  c.li     x15, 0x1
#6819 0 80000206     8a2a r 14         f0041010  c.mv     x20, x10
#6820 0 80000208     8932 r 12         f0041018  c.mv     x18, x12
#6821 0 8000020a     89ba r 13         f0041020  c.mv     x19, x14
#6822 0 8000020c     84ae r 09         00000001  c.mv     x9, x11
#6823 0 8000020e     8436 r 08         f0041028  c.mv     x8, x13
#6824 0 80000210 02f58663 r 00         00000000  beq      x11, x15, . + 0x2c
#6825 0 8000023c     8432 r 08         f0041018  c.mv     x8, x12
#6826 0 8000023e     405c r 0f         f0040018  c.lw     x15, 0x4(x8)
#6827 0 80000240     4014 r 0d         00000004  c.lw     x13, 0x0(x8)
#6828 0 80000242 004a2703 r 0e         00000007  lw       x14, 0x4(x20)
#6829 0 80000246     43cc r 0b         f0040010  c.lw     x11, 0x4(x15)
#6830 0 80000248     4390 r 0c         00000004  c.lw     x12, 0x0(x15)
#6831 0 8000024a     16fd r 0d         00000003  c.addi   x13, -0x1
#6832 0 8000024c     c04c m f004101c   f0040010  c.sw     x11, 0x4(x8)
#6833 0 8000024e 0049a583 r 0b         00000000  lw       x11, 0x4(x19)
#6834 0 80000252     c014 m f0041018   00000003  c.sw     x13, 0x0(x8)
#6835 0 80000254 0009a683 r 0d         00000000  lw       x13, 0x0(x19)
#6836 0 80000258     c3cc m f004001c   00000000  c.sw     x11, 0x4(x15)
#6837 0 8000025a 00f9a223 m f0041024   f0040018  sw       x15, 0x4(x19)
#6838 0 8000025e     c390 m f0040018   00000004  c.sw     x12, 0x0(x15)
#6839 0 80000260     40f2 r 01         8000022e  c.lwsp   x1, 0x1c
#6840 0 80000262     4462 r 08         f0041028  c.lwsp   x8, 0x18
#6841 0 80000264 00168793 r 0f         00000001  addi     x15, x13, 0x1
#6842 0 80000268 00f9a023 m f0041020   00000001  sw       x15, 0x0(x19)
#6843 0 8000026c 00170793 r 0f         00000008  addi     x15, x14, 0x1
#6844 0 80000270 00fa2223 m f0041014   00000008  sw       x15, 0x4(x20)
#6845 0 80000274     44d2 r 09         00000003  c.lwsp   x9, 0x14
#6846 0 80000276     4942 r 12         f0041018  c.lwsp   x18, 0x10
#6847 0 80000278     49b2 r 13         f0041020  c.lwsp   x19, 0xc
#6848 0 8000027a     4a22 r 14         f0041010  c.lwsp   x20, 0x8
#6849 0 8000027c     6105 r 02         f0040f90  c.addi16sp 0x2
#6850 0 8000027e     8082 r 00         00000000  c.jr     x1
#6851 0 8000022e     4785 r 0f         00000001  c.li     x15, 0x1
#6852 0 80000230     874a r 0e         f0041018  c.mv     x14, x18
#6853 0 80000232 00f48663 r 00         00000000  beq      x9, x15, . + 0xc
#6854 0 80000236     8922 r 12         f0041028  c.mv     x18, x8
#6855 0 80000238     843a r 08         f0041018  c.mv     x8, x14
#6856 0 8000023a     bfe9 r 00         00000000  c.j      . - 0x26
#6857 0 80000214     14fd r 09         00000002  c.addi   x9, -0x1
#6858 0 80000216     85a6 r 0b         00000002  c.mv     x11, x9
#6859 0 80000218     8552 r 0a         f0041010  c.mv     x10, x20
#6860 0 8000021a     8722 r 0e         f0041018  c.mv     x14, x8
#6861 0 8000021c     86ce r 0d         f0041020  c.mv     x13, x19
#6862 0 8000021e     864a r 0c         f0041028  c.mv     x12, x18
#6863 0 80000220     3fd9 r 01         80000222  c.jal    . - 0x2a
#6864 0 800001f6     1101 r 02         f0040f70  c.addi   x2, -0x20
#6865 0 800001f8     cc22 m f0040f88   f0041018  c.swsp   x8, 0x18
#6866 0 800001fa     ca26 m f0040f84   00000002  c.swsp   x9, 0x14
#6867 0 800001fc     c84a m f0040f80   f0041028  c.swsp   x18, 0x10
#6868 0 800001fe     c64e m f0040f7c   f0041020  c.swsp   x19, 0xc
#6869 0 80000200     c452 m f0040f78   f0041010  c.swsp   x20, 0x8
#6870 0 80000202     ce06 m f0040f8c   80000222  c.swsp   x1, 0x1c
#6871 0 80000204     4785 r 0f         00000001  c.li     x15, 0x1
#6872 0 80000206     8a2a r 14         f0041010  c.mv     x20, x10
#6873 0 80000208     8932 r 12         f0041028  c.mv     x18, x12
#6874 0 8000020a     89ba r 13         f0041018  c.mv     x19, x14
#6875 0 8000020c     84ae r 09         00000002  c.mv     x9, x11
#6876 0 8000020e     8436 r 08         f0041020  c.mv     x8, x13
#6877 0 80000210 02f58663 r 00         00000000  beq      x11, x15, . + 0x2c
#6878 0 80000214     14fd r 09         00000001  c.addi   x9, -0x1
#6879 0 80000216     85a6 r 0b         00000001  c.mv     x11, x9
#6880 0 80000218     8552 r 0a         f0041010  c.mv     x10, x20
#6881 0 8000021a     8722 r 0e         f0041020  c.mv     x14, x8
#6882 0 8000021c     86ce r 0d         f0041018  c.mv     x13, x19
#6883 0 8000021e     864a r 0c         f0041028  c.mv     x12, x18
#6884 0 80000220     3fd9 r 01         80000222  c.jal    . - 0x2a
#6885 0 800001f6     1101 r 02         f0040f50  c.addi   x2, -0x20
#6886 0 800001f8     cc22 m f0040f68   f0041020  c.swsp   x8, 0x18
#6887 0 800001fa     ca26 m f0040f64   00000001  c.swsp   x9, 0x14
#6888 0 800001fc     c84a m f0040f60   f0041028  c.swsp   x18, 0x10
#6889 0 800001fe     c64e m f0040f5c   f0041018  c.swsp   x19, 0xc
#6890 0 80000200     c452 m f0040f58   f0041010  c.swsp   x20, 0x8
#6891 0 80000202     ce06 m f0040f6c   80000222  c.swsp   x1, 0x1c
#6892 0 80000204     4785 r 0f         00000001  c.li     x15, 0x1
#6893 0 80000206     8a2a r 14         f0041010  c.mv     x20, x10
#6894 0 80000208     8932 r 12         f0041028  c.mv     x18, x12
#6895 0 8000020a     89ba r 13         f0041020  c.mv     x19, x14
#6896 0 8000020c     84ae r 09         00000001  c.mv     x9, x11
#6897 0 8000020e     8436 r 08         f0041018  c.mv     x8, x13
#6898 0 80000210 02f58663 r 00         00000000  beq      x11, x15, . + 0x2c
#6899 0 8000023c     8432 r 08         f0041028  c.mv     x8, x12
#6900 0 8000023e     405c r 0f         f0040030  c.lw     x15, 0x4(x8)
#6901 0 80000240     4014 r 0d         00000003  c.lw     x13, 0x0(x8)
#6902 0 80000242 004a2703 r 0e         00000008  lw       x14, 0x4(x20)
#6903 0 80000246     43cc r 0b         f0040028  c.lw     x11, 0x4(x15)
#6904 0 80000248     4390 r 0c         00000001  c.lw     x12, 0x0(x15)
#6905 0 8000024a     16fd r 0d         00000002  c.addi   x13, -0x1
#6906 0 8000024c     c04c m f004102c   f0040028  c.sw     x11, 0x4(x8)
#6907 0 8000024e 0049a583 r 0b         f0040018  lw       x11, 0x4(x19)
#6908 0 80000252     c014 m f0041028   00000002  c.sw     x13, 0x0(x8)
#6909 0 80000254 0009a683 r 0d         00000001  lw       x13, 0x0(x19)
#6910 0 80000258     c3cc m f0040034   f0040018  c.sw     x11, 0x4(x15)
#6911 0 8000025a 00f9a223 m f0041024   f0040030  sw       x15, 0x4(x19)
#6912 0 8000025e     c390 m f0040030   00000001  c.sw     x12, 0x0(x15)
#6913 0 80000260     40f2 r 01         80000222  c.lwsp   x1, 0x1c
#6914 0 80000262     4462 r 08         f0041020  c.lwsp   x8, 0x18
#6915 0 80000264 00168793 r 0f         00000002  addi     x15, x13, 0x1
#6916 0 80000268 00f9a023 m f0041020   00000002  sw       x15, 0x0(x19)
#6917 0 8000026c 00170793 r 0f         00000009  addi     x15, x14, 0x1
#6918 0 80000270 00fa2223 m f0041014   00000009  sw       x15, 0x4(x20)
#6919 0 80000274     44d2 r 09         00000001  c.lwsp   x9, 0x14
#6920 0 80000276     4942 r 12         f0041028  c.lwsp   x18, 0x10
#6921 0 80000278     49b2 r 13         f0041018  c.lwsp   x19, 0xc
#6922 0 8000027a     4a22 r 14         f0041010  c.lwsp   x20, 0x8
#6923 0 8000027c     6105 r 02         f0040f70  c.addi16sp 0x2
#6924 0 8000027e     8082 r 00         00000000  c.jr     x1
#6925 0 80000222     874e r 0e         f0041018  c.mv     x14, x19
#6926 0 80000224     86a2 r 0d         f0041020  c.mv     x13, x8
#6927 0 80000226     864a r 0c         f0041028  c.mv     x12, x18
#6928 0 80000228     4585 r 0b         00000001  c.li     x11, 0x1
#6929 0 8000022a     8552 r 0a         f0041010  c.mv     x10, x20
#6930 0 8000022c     37e9 r 01         8000022e  c.jal    . - 0x36
#6931 0 800001f6     1101 r 02         f0040f50  c.addi   x2, -0x20
#6932 0 800001f8     cc22 m f0040f68   f0041020  c.swsp   x8, 0x18
#6933 0 800001fa     ca26 m f0040f64   00000001  c.swsp   x9, 0x14
#6934 0 800001fc     c84a m f0040f60   f0041028  c.swsp   x18, 0x10
#6935 0 800001fe     c64e m f0040f5c   f0041018  c.swsp   x19, 0xc
#6936 0 80000200     c452 m f0040f58   f0041010  c.swsp   x20, 0x8
#6937 0 80000202     ce06 m f0040f6c   8000022e  c.swsp   x1, 0x1c
#6938 0 80000204     4785 r 0f         00000001  c.li     x15, 0x1
#6939 0 80000206     8a2a r 14         f0041010  c.mv     x20, x10
#6940 0 80000208     8932 r 12         f0041028  c.mv     x18, x12
#6941 0 8000020a     89ba r 13         f0041018  c.mv     x19, x14
#6942 0 8000020c     84ae r 09         00000001  c.mv     x9, x11
#6943 0 8000020e     8436 r 08         f0041020  c.mv     x8, x13
#6944 0 80000210 02f58663 r 00         00000000  beq      x11, x15, . + 0x2c
#6945 0 8000023c     8432 r 08         f0041028  c.mv     x8, x12
#6946 0 8000023e     405c r 0f         f0040028  c.lw     x15, 0x4(x8)
#6947 0 80000240     4014 r 0d         00000002  c.lw     x13, 0x0(x8)
#6948 0 80000242 004a2703 r 0e         00000009  lw       x14, 0x4(x20)
#6949 0 80000246     43cc r 0b         f0040020  c.lw     x11, 0x4(x15)
#6950 0 80000248     4390 r 0c         00000002  c.lw     x12, 0x0(x15)
#6951 0 8000024a     16fd r 0d         00000001  c.addi   x13, -0x1
#6952 0 8000024c     c04c m f004102c   f0040020  c.sw     x11, 0x4(x8)
#6953 0 8000024e 0049a583 r 0b         f0040010  lw       x11, 0x4(x19)
#6954 0 80000252     c014 m f0041028   00000001  c.sw     x13, 0x0(x8)
#6955 0 80000254 0009a683 r 0d         00000003  lw       x13, 0x0(x19)
#6956 0 80000258     c3cc m f004002c   f0040010  c.sw     x11, 0x4(x15)
#6957 0 8000025a 00f9a223 m f004101c   f0040028  sw       x15, 0x4(x19)
#6958 0 8000025e     c390 m f0040028   00000002  c.sw     x12, 0x0(x15)
#6959 0 80000260     40f2 r 01         8000022e  c.lwsp   x1, 0x1c
#6960 0 80000262     4462 r 08         f0041020  c.lwsp   x8, 0x18
#6961 0 80000264 00168793 r 0f         00000004  addi     x15, x13, 0x1
#6962 0 80000268 00f9a023 m f0041018   00000004  sw       x15, 0x0(x19)
#6963 0 8000026c 00170793 r 0f         0000000a  addi     x15, x14, 0x1
#6964 0 80000270 00fa2223 m f0041014   0000000a  sw       x15, 0x4(x20)
#6965 0 80000274     44d2 r 09         00000001  c.lwsp   x9, 0x14
#6966 0 80000276     4942 r 12         f0041028  c.lwsp   x18, 0x10
#6967 0 80000278     49b2 r 13         f0041018  c.lwsp   x19, 0xc
#6968 0 8000027a     4a22 r 14         f0041010  c.lwsp   x20, 0x8
#6969 0 8000027c     6105 r 02         f0040f70  c.addi16sp 0x2
#6970 0 8000027e     8082 r 00         00000000  c.jr     x1
#6971 0 8000022e     4785 r 0f         00000001  c.li     x15, 0x1
#6972 0 80000230     874a r 0e         f0041028  c.mv     x14, x18
#6973 0 80000232 00f48663 r 00         00000000  beq      x9, x15, . + 0xc
#6974 0 8000023e     405c r 0f         f0040030  c.lw     x15, 0x4(x8)
#6975 0 80000240     4014 r 0d         00000002  c.lw     x13, 0x0(x8)
#6976 0 80000242 004a2703 r 0e         0000000a  lw       x14, 0x4(x20)
#6977 0 80000246     43cc r 0b         f0040018  c.lw     x11, 0x4(x15)
#6978 0 80000248     4390 r 0c         00000001  c.lw     x12, 0x0(x15)
#6979 0 8000024a     16fd r 0d         00000001  c.addi   x13, -0x1
#6980 0 8000024c     c04c m f0041024   f0040018  c.sw     x11, 0x4(x8)
#6981 0 8000024e 0049a583 r 0b         f0040028  lw       x11, 0x4(x19)
#6982 0 80000252     c014 m f0041020   00000001  c.sw     x13, 0x0(x8)
#6983 0 80000254 0009a683 r 0d         00000004  lw       x13, 0x0(x19)
#6984 0 80000258     c3cc m f0040034   f0040028  c.sw     x11, 0x4(x15)
#6985 0 8000025a 00f9a223 m f004101c   f0040030  sw       x15, 0x4(x19)
#6986 0 8000025e     c390 m f0040030   00000001  c.sw     x12, 0x0(x15)
#6987 0 80000260     40f2 r 01         80000222  c.lwsp   x1, 0x1c
#6988 0 80000262     4462 r 08         f0041018  c.lwsp   x8, 0x18
#6989 0 80000264 00168793 r 0f         00000005  addi     x15, x13, 0x1
#6990 0 80000268 00f9a023 m f0041018   00000005  sw       x15, 0x0(x19)
#6991 0 8000026c 00170793 r 0f         0000000b  addi     x15, x14, 0x1
#6992 0 80000270 00fa2223 m f0041014   0000000b  sw       x15, 0x4(x20)
#6993 0 80000274     44d2 r 09         00000002  c.lwsp   x9, 0x14
#6994 0 80000276     4942 r 12         f0041028  c.lwsp   x18, 0x10
#6995 0 80000278     49b2 r 13         f0041020  c.lwsp   x19, 0xc
#6996 0 8000027a     4a22 r 14         f0041010  c.lwsp   x20, 0x8
#6997 0 8000027c     6105 r 02         f0040f90  c.addi16sp 0x2
#6998 0 8000027e     8082 r 00         00000000  c.jr     x1
#6999 0 80000222     874e r 0e         f0041020  c.mv     x14, x19
#7000 0 80000224     86a2 r 0d         f0041018  c.mv     x13, x8
#7001 0 80000226     864a r 0c         f0041028  c.mv     x12, x18
#7002 0 80000228     4585 r 0b         00000001  c.li     x11, 0x1
#7003 0 8000022a     8552 r 0a         f0041010  c.mv     x10, x20
#7004 0 8000022c     37e9 r 01         8000022e  c.jal    . - 0x36
#7005 0 800001f6     1101 r 02         f0040f70  c.addi   x2, -0x20
#7006 0 800001f8     cc22 m f0040f88   f0041018  c.swsp   x8, 0x18
#7007 0 800001fa     ca26 m f0040f84   00000002  c.swsp   x9, 0x14
#7008 0 800001fc     c84a m f0040f80   f0041028  c.swsp   x18, 0x10
#7009 0 800001fe     c64e m f0040f7c   f0041020  c.swsp   x19, 0xc
#7010 0 80000200     c452 m f0040f78   f0041010  c.swsp   x20, 0x8
#7011 0 80000202     ce06 m f0040f8c   8000022e  c.swsp   x1, 0x1c
#7012 0 80000204     4785 r 0f         00000001  c.li     x15, 0x1
#7013 0 80000206     8a2a r 14         f0041010  c.mv     x20, x10
#7014 0 80000208     8932 r 12         f0041028  c.mv     x18, x12
#7015 0 8000020a     89ba r 13         f0041020  c.mv     x19, x14
#7016 0 8000020c     84ae r 09         00000001  c.mv     x9, x11
#7017 0 8000020e     8436 r 08         f0041018  c.mv     x8, x13
#7018 0 80000210 02f58663 r 00         00000000  beq      x11, x15, . + 0x2c
#7019 0 8000023c     8432 r 08         f0041028  c.mv     x8, x12
#7020 0 8000023e     405c r 0f         f0040020  c.lw     x15, 0x4(x8)
#7021 0 80000240     4014 r 0d         00000001  c.lw     x13, 0x0(x8)
#7022 0 80000242 004a2703 r 0e         0000000b  lw       x14, 0x4(x20)
#7023 0 80000246     43cc r 0b         00000000  c.lw     x11, 0x4(x15)
#7024 0 80000248     4390 r 0c         00000003  c.lw     x12, 0x0(x15)
#7025 0 8000024a     16fd r 0d         00000000  c.addi   x13, -0x1
#7026 0 8000024c     c04c m f004102c   00000000  c.sw     x11, 0x4(x8)
#7027 0 8000024e 0049a583 r 0b         f0040018  lw       x11, 0x4(x19)
#7028 0 80000252     c014 m f0041028   00000000  c.sw     x13, 0x0(x8)
#7029 0 80000254 0009a683 r 0d         00000001  lw       x13, 0x0(x19)
#7030 0 80000258     c3cc m f0040024   f0040018  c.sw     x11, 0x4(x15)
#7031 0 8000025a 00f9a223 m f0041024   f0040020  sw       x15, 0x4(x19)
#7032 0 8000025e     c390 m f0040020   00000003  c.sw     x12, 0x0(x15)
#7033 0 80000260     40f2 r 01         8000022e  c.lwsp   x1, 0x1c
#7034 0 80000262     4462 r 08         f0041018  c.lwsp   x8, 0x18
#7035 0 80000264 00168793 r 0f         00000002  addi     x15, x13, 0x1
#7036 0 80000268 00f9a023 m f0041020   00000002  sw       x15, 0x0(x19)
#7037 0 8000026c 00170793 r 0f         0000000c  addi     x15, x14, 0x1
#7038 0 80000270 00fa2223 m f0041014   0000000c  sw       x15, 0x4(x20)
#7039 0 80000274     44d2 r 09         00000002  c.lwsp   x9, 0x14
#7040 0 80000276     4942 r 12         f0041028  c.lwsp   x18, 0x10
#7041 0 80000278     49b2 r 13         f0041020  c.lwsp   x19, 0xc
#7042 0 8000027a     4a22 r 14         f0041010  c.lwsp   x20, 0x8
#7043 0 8000027c     6105 r 02         f0040f90  c.addi16sp 0x2
#7044 0 8000027e     8082 r 00         00000000  c.jr     x1
#7045 0 8000022e     4785 r 0f         00000001  c.li     x15, 0x1
#7046 0 80000230     874a r 0e         f0041028  c.mv     x14, x18
#7047 0 80000232 00f48663 r 00         00000000  beq      x9, x15, . + 0xc
#7048 0 80000236     8922 r 12         f0041018  c.mv     x18, x8
#7049 0 80000238     843a r 08         f0041028  c.mv     x8, x14
#7050 0 8000023a     bfe9 r 00         00000000  c.j      . - 0x26
#7051 0 80000214     14fd r 09         00000001  c.addi   x9, -0x1
#7052 0 80000216     85a6 r 0b         00000001  c.mv     x11, x9
#7053 0 80000218     8552 r 0a         f0041010  c.mv     x10, x20
#7054 0 8000021a     8722 r 0e         f0041028  c.mv     x14, x8
#7055 0 8000021c     86ce r 0d         f0041020  c.mv     x13, x19
#7056 0 8000021e     864a r 0c         f0041018  c.mv     x12, x18
#7057 0 80000220     3fd9 r 01         80000222  c.jal    . - 0x2a
#7058 0 800001f6     1101 r 02         f0040f70  c.addi   x2, -0x20
#7059 0 800001f8     cc22 m f0040f88   f0041028  c.swsp   x8, 0x18
#7060 0 800001fa     ca26 m f0040f84   00000001  c.swsp   x9, 0x14
#7061 0 800001fc     c84a m f0040f80   f0041018  c.swsp   x18, 0x10
#7062 0 800001fe     c64e m f0040f7c   f0041020  c.swsp   x19, 0xc
#7063 0 80000200     c452 m f0040f78   f0041010  c.swsp   x20, 0x8
#7064 0 80000202     ce06 m f0040f8c   80000222  c.swsp   x1, 0x1c
#7065 0 80000204     4785 r 0f         00000001  c.li     x15, 0x1
#7066 0 80000206     8a2a r 14         f0041010  c.mv     x20, x10
#7067 0 80000208     8932 r 12         f0041018  c.mv     x18, x12
#7068 0 8000020a     89ba r 13         f0041028  c.mv     x19, x14
#7069 0 8000020c     84ae r 09         00000001  c.mv     x9, x11
#7070 0 8000020e     8436 r 08         f0041020  c.mv     x8, x13
#7071 0 80000210 02f58663 r 00         00000000  beq      x11, x15, . + 0x2c
#7072 0 8000023c     8432 r 08         f0041018  c.mv     x8, x12
#7073 0 8000023e     405c r 0f         f0040030  c.lw     x15, 0x4(x8)
#7074 0 80000240     4014 r 0d         00000005  c.lw     x13, 0x0(x8)
#7075 0 80000242 004a2703 r 0e         0000000c  lw       x14, 0x4(x20)
#7076 0 80000246     43cc r 0b         f0040028  c.lw     x11, 0x4(x15)
#7077 0 80000248     4390 r 0c         00000001  c.lw     x12, 0x0(x15)
#7078 0 8000024a     16fd r 0d         00000004  c.addi   x13, -0x1
#7079 0 8000024c     c04c m f004101c   f0040028  c.sw     x11, 0x4(x8)
#7080 0 8000024e 0049a583 r 0b         00000000  lw       x11, 0x4(x19)
#7081 0 80000252     c014 m f0041018   00000004  c.sw     x13, 0x0(x8)
#7082 0 80000254 0009a683 r 0d         00000000  lw       x13, 0x0(x19)
#7083 0 80000258     c3cc m f0040034   00000000  c.sw     x11, 0x4(x15)
#7084 0 8000025a 00f9a223 m f004102c   f0040030  sw       x15, 0x4(x19)
#7085 0 8000025e     c390 m f0040030   00000001  c.sw     x12, 0x0(x15)
#7086 0 80000260     40f2 r 01         80000222  c.lwsp   x1, 0x1c
#7087 0 80000262     4462 r 08         f0041028  c.lwsp   x8, 0x18
#7088 0 80000264 00168793 r 0f         00000001  addi     x15, x13, 0x1
#7089 0 80000268 00f9a023 m f0041028   00000001  sw       x15, 0x0(x19)
#7090 0 8000026c 00170793 r 0f         0000000d  addi     x15, x14, 0x1
#7091 0 80000270 00fa2223 m f0041014   0000000d  sw       x15, 0x4(x20)
#7092 0 80000274     44d2 r 09         00000001  c.lwsp   x9, 0x14
#7093 0 80000276     4942 r 12         f0041018  c.lwsp   x18, 0x10
#7094 0 80000278     49b2 r 13         f0041020  c.lwsp   x19, 0xc
#7095 0 8000027a     4a22 r 14         f0041010  c.lwsp   x20, 0x8
#7096 0 8000027c     6105 r 02         f0040f90  c.addi16sp 0x2
#7097 0 8000027e     8082 r 00         00000000  c.jr     x1
#7098 0 80000222     874e r 0e         f0041020  c.mv     x14, x19
#7099 0 80000224     86a2 r 0d         f0041028  c.mv     x13, x8
#7100 0 80000226     864a r 0c         f0041018  c.mv     x12, x18
#7101 0 80000228     4585 r 0b         00000001  c.li     x11, 0x1
#7102 0 8000022a     8552 r 0a         f0041010  c.mv     x10, x20
#7103 0 8000022c     37e9 r 01         8000022e  c.jal    . - 0x36
#7104 0 800001f6     1101 r 02         f0040f70  c.addi   x2, -0x20
#7105 0 800001f8     cc22 m f0040f88   f0041028  c.swsp   x8, 0x18
#7106 0 800001fa     ca26 m f0040f84   00000001  c.swsp   x9, 0x14
#7107 0 800001fc     c84a m f0040f80   f0041018  c.swsp   x18, 0x10
#7108 0 800001fe     c64e m f0040f7c   f0041020  c.swsp   x19, 0xc
#7109 0 80000200     c452 m f0040f78   f0041010  c.swsp   x20, 0x8
#7110 0 80000202     ce06 m f0040f8c   8000022e  c.swsp   x1, 0x1c
#7111 0 80000204     4785 r 0f         00000001  c.li     x15, 0x1
#7112 0 80000206     8a2a r 14         f0041010  c.mv     x20, x10
#7113 0 80000208     8932 r 12         f0041018  c.mv     x18, x12
#7114 0 8000020a     89ba r 13         f0041020  c.mv     x19, x14
#7115 0 8000020c     84ae r 09         00000001  c.mv     x9, x11
#7116 0 8000020e     8436 r 08         f0041028  c.mv     x8, x13
#7117 0 80000210 02f58663 r 00         00000000  beq      x11, x15, . + 0x2c
#7118 0 8000023c     8432 r 08         f0041018  c.mv     x8, x12
#7119 0 8000023e     405c r 0f         f0040028  c.lw     x15, 0x4(x8)
#7120 0 80000240     4014 r 0d         00000004  c.lw     x13, 0x0(x8)
#7121 0 80000242 004a2703 r 0e         0000000d  lw       x14, 0x4(x20)
#7122 0 80000246     43cc r 0b         f0040010  c.lw     x11, 0x4(x15)
#7123 0 80000248     4390 r 0c         00000002  c.lw     x12, 0x0(x15)
#7124 0 8000024a     16fd r 0d         00000003  c.addi   x13, -0x1
#7125 0 8000024c     c04c m f004101c   f0040010  c.sw     x11, 0x4(x8)
#7126 0 8000024e 0049a583 r 0b         f0040020  lw       x11, 0x4(x19)
#7127 0 80000252     c014 m f0041018   00000003  c.sw     x13, 0x0(x8)
#7128 0 80000254 0009a683 r 0d         00000002  lw       x13, 0x0(x19)
#7129 0 80000258     c3cc m f004002c   f0040020  c.sw     x11, 0x4(x15)
#7130 0 8000025a 00f9a223 m f0041024   f0040028  sw       x15, 0x4(x19)
#7131 0 8000025e     c390 m f0040028   00000002  c.sw     x12, 0x0(x15)
#7132 0 80000260     40f2 r 01         8000022e  c.lwsp   x1, 0x1c
#7133 0 80000262     4462 r 08         f0041028  c.lwsp   x8, 0x18
#7134 0 80000264 00168793 r 0f         00000003  addi     x15, x13, 0x1
#7135 0 80000268 00f9a023 m f0041020   00000003  sw       x15, 0x0(x19)
#7136 0 8000026c 00170793 r 0f         0000000e  addi     x15, x14, 0x1
#7137 0 80000270 00fa2223 m f0041014   0000000e  sw       x15, 0x4(x20)
#7138 0 80000274     44d2 r 09         00000001  c.lwsp   x9, 0x14
#7139 0 80000276     4942 r 12         f0041018  c.lwsp   x18, 0x10
#7140 0 80000278     49b2 r 13         f0041020  c.lwsp   x19, 0xc
#7141 0 8000027a     4a22 r 14         f0041010  c.lwsp   x20, 0x8
#7142 0 8000027c     6105 r 02         f0040f90  c.addi16sp 0x2
#7143 0 8000027e     8082 r 00         00000000  c.jr     x1
#7144 0 8000022e     4785 r 0f         00000001  c.li     x15, 0x1
#7145 0 80000230     874a r 0e         f0041018  c.mv     x14, x18
#7146 0 80000232 00f48663 r 00         00000000  beq      x9, x15, . + 0xc
#7147 0 8000023e     405c r 0f         f0040030  c.lw     x15, 0x4(x8)
#7148 0 80000240     4014 r 0d         00000001  c.lw     x13, 0x0(x8)
#7149 0 80000242 004a2703 r 0e         0000000e  lw       x14, 0x4(x20)
#7150 0 80000246     43cc r 0b         00000000  c.lw     x11, 0x4(x15)
#7151 0 80000248     4390 r 0c         00000001  c.lw     x12, 0x0(x15)
#7152 0 8000024a     16fd r 0d         00000000  c.addi   x13, -0x1
#7153 0 8000024c     c04c m f004102c   00000000  c.sw     x11, 0x4(x8)
#7154 0 8000024e 0049a583 r 0b         f0040028  lw       x11, 0x4(x19)
#7155 0 80000252     c014 m f0041028   00000000  c.sw     x13, 0x0(x8)
#7156 0 80000254 0009a683 r 0d         00000003  lw       x13, 0x0(x19)
#7157 0 80000258     c3cc m f0040034   f0040028  c.sw     x11, 0x4(x15)
#7158 0 8000025a 00f9a223 m f0041024   f0040030  sw       x15, 0x4(x19)
#7159 0 8000025e     c390 m f0040030   00000001  c.sw     x12, 0x0(x15)
#7160 0 80000260     40f2 r 01         80000222  c.lwsp   x1, 0x1c
#7161 0 80000262     4462 r 08         f0041020  c.lwsp   x8, 0x18
#7162 0 80000264 00168793 r 0f         00000004  addi     x15, x13, 0x1
#7163 0 80000268 00f9a023 m f0041020   00000004  sw       x15, 0x0(x19)
#7164 0 8000026c 00170793 r 0f         0000000f  addi     x15, x14, 0x1
#7165 0 80000270 00fa2223 m f0041014   0000000f  sw       x15, 0x4(x20)
#7166 0 80000274     44d2 r 09         00000004  c.lwsp   x9, 0x14
#7167 0 80000276     4942 r 12         f0041018  c.lwsp   x18, 0x10
#7168 0 80000278     49b2 r 13         f0041028  c.lwsp   x19, 0xc
#7169 0 8000027a     4a22 r 14         f0041010  c.lwsp   x20, 0x8
#7170 0 8000027c     6105 r 02         f0040fb0  c.addi16sp 0x2
#7171 0 8000027e     8082 r 00         00000000  c.jr     x1
#7172 0 80000222     874e r 0e         f0041028  c.mv     x14, x19
#7173 0 80000224     86a2 r 0d         f0041020  c.mv     x13, x8
#7174 0 80000226     864a r 0c         f0041018  c.mv     x12, x18
#7175 0 80000228     4585 r 0b         00000001  c.li     x11, 0x1
#7176 0 8000022a     8552 r 0a         f0041010  c.mv     x10, x20
#7177 0 8000022c     37e9 r 01         8000022e  c.jal    . - 0x36
#7178 0 800001f6     1101 r 02         f0040f90  c.addi   x2, -0x20
#7179 0 800001f8     cc22 m f0040fa8   f0041020  c.swsp   x8, 0x18
#7180 0 800001fa     ca26 m f0040fa4   00000004  c.swsp   x9, 0x14
#7181 0 800001fc     c84a m f0040fa0   f0041018  c.swsp   x18, 0x10
#7182 0 800001fe     c64e m f0040f9c   f0041028  c.swsp   x19, 0xc
#7183 0 80000200     c452 m f0040f98   f0041010  c.swsp   x20, 0x8
#7184 0 80000202     ce06 m f0040fac   8000022e  c.swsp   x1, 0x1c
#7185 0 80000204     4785 r 0f         00000001  c.li     x15, 0x1
#7186 0 80000206     8a2a r 14         f0041010  c.mv     x20, x10
#7187 0 80000208     8932 r 12         f0041018  c.mv     x18, x12
#7188 0 8000020a     89ba r 13         f0041028  c.mv     x19, x14
#7189 0 8000020c     84ae r 09         00000001  c.mv     x9, x11
#7190 0 8000020e     8436 r 08         f0041020  c.mv     x8, x13
#7191 0 80000210 02f58663 r 00         00000000  beq      x11, x15, . + 0x2c
#7192 0 8000023c     8432 r 08         f0041018  c.mv     x8, x12
#7193 0 8000023e     405c r 0f         f0040010  c.lw     x15, 0x4(x8)
#7194 0 80000240     4014 r 0d         00000003  c.lw     x13, 0x0(x8)
#7195 0 80000242 004a2703 r 0e         0000000f  lw       x14, 0x4(x20)
#7196 0 80000246     43cc r 0b         f0040008  c.lw     x11, 0x4(x15)
#7197 0 80000248     4390 r 0c         00000005  c.lw     x12, 0x0(x15)
#7198 0 8000024a     16fd r 0d         00000002  c.addi   x13, -0x1
#7199 0 8000024c     c04c m f004101c   f0040008  c.sw     x11, 0x4(x8)
#7200 0 8000024e 0049a583 r 0b         00000000  lw       x11, 0x4(x19)
#7201 0 80000252     c014 m f0041018   00000002  c.sw     x13, 0x0(x8)
#7202 0 80000254 0009a683 r 0d         00000000  lw       x13, 0x0(x19)
#7203 0 80000258     c3cc m f0040014   00000000  c.sw     x11, 0x4(x15)
#7204 0 8000025a 00f9a223 m f004102c   f0040010  sw       x15, 0x4(x19)
#7205 0 8000025e     c390 m f0040010   00000005  c.sw     x12, 0x0(x15)
#7206 0 80000260     40f2 r 01         8000022e  c.lwsp   x1, 0x1c
#7207 0 80000262     4462 r 08         f0041020  c.lwsp   x8, 0x18
#7208 0 80000264 00168793 r 0f         00000001  addi     x15, x13, 0x1
#7209 0 80000268 00f9a023 m f0041028   00000001  sw       x15, 0x0(x19)
#7210 0 8000026c 00170793 r 0f         00000010  addi     x15, x14, 0x1
#7211 0 80000270 00fa2223 m f0041014   00000010  sw       x15, 0x4(x20)
#7212 0 80000274     44d2 r 09         00000004  c.lwsp   x9, 0x14
#7213 0 80000276     4942 r 12         f0041018  c.lwsp   x18, 0x10
#7214 0 80000278     49b2 r 13         f0041028  c.lwsp   x19, 0xc
#7215 0 8000027a     4a22 r 14         f0041010  c.lwsp   x20, 0x8
#7216 0 8000027c     6105 r 02         f0040fb0  c.addi16sp 0x2
#7217 0 8000027e     8082 r 00         00000000  c.jr     x1
#7218 0 8000022e     4785 r 0f         00000001  c.li     x15, 0x1
#7219 0 80000230     874a r 0e         f0041018  c.mv     x14, x18
#7220 0 80000232 00f48663 r 00         00000000  beq      x9, x15, . + 0xc
#7221 0 80000236     8922 r 12         f0041020  c.mv     x18, x8
#7222 0 80000238     843a r 08         f0041018  c.mv     x8, x14
#7223 0 8000023a     bfe9 r 00         00000000  c.j      . - 0x26
#7224 0 80000214     14fd r 09         00000003  c.addi   x9, -0x1
#7225 0 80000216     85a6 r 0b         00000003  c.mv     x11, x9
#7226 0 80000218     8552 r 0a         f0041010  c.mv     x10, x20
#7227 0 8000021a     8722 r 0e         f0041018  c.mv     x14, x8
#7228 0 8000021c     86ce r 0d         f0041028  c.mv     x13, x19
#7229 0 8000021e     864a r 0c         f0041020  c.mv     x12, x18
#7230 0 80000220     3fd9 r 01         80000222  c.jal    . - 0x2a
#7231 0 800001f6     1101 r 02         f0040f90  c.addi   x2, -0x20
#7232 0 800001f8     cc22 m f0040fa8   f0041018  c.swsp   x8, 0x18
#7233 0 800001fa     ca26 m f0040fa4   00000003  c.swsp   x9, 0x14
#7234 0 800001fc     c84a m f0040fa0   f0041020  c.swsp   x18, 0x10
#7235 0 800001fe     c64e m f0040f9c   f0041028  c.swsp   x19, 0xc
#7236 0 80000200     c452 m f0040f98   f0041010  c.swsp   x20, 0x8
#7237 0 80000202     ce06 m f0040fac   80000222  c.swsp   x1, 0x1c
#7238 0 80000204     4785 r 0f         00000001  c.li     x15, 0x1
#7239 0 80000206     8a2a r 14         f0041010  c.mv     x20, x10
#7240 0 80000208     8932 r 12         f0041020  c.mv     x18, x12
#7241 0 8000020a     89ba r 13         f0041018  c.mv     x19, x14
#7242 0 8000020c     84ae r 09         00000003  c.mv     x9, x11
#7243 0 8000020e     8436 r 08         f0041028  c.mv     x8, x13
#7244 0 80000210 02f58663 r 00         00000000  beq      x11, x15, . + 0x2c
#7245 0 80000214     14fd r 09         00000002  c.addi   x9, -0x1
#7246 0 80000216     85a6 r 0b         00000002  c.mv     x11, x9
#7247 0 80000218     8552 r 0a         f0041010  c.mv     x10, x20
#7248 0 8000021a     8722 r 0e         f0041028  c.mv     x14, x8
#7249 0 8000021c     86ce r 0d         f0041018  c.mv     x13, x19
#7250 0 8000021e     864a r 0c         f0041020  c.mv     x12, x18
#7251 0 80000220     3fd9 r 01         80000222  c.jal    . - 0x2a
#7252 0 800001f6     1101 r 02         f0040f70  c.addi   x2, -0x20
#7253 0 800001f8     cc22 m f0040f88   f0041028  c.swsp   x8, 0x18
#7254 0 800001fa     ca26 m f0040f84   00000002  c.swsp   x9, 0x14
#7255 0 800001fc     c84a m f0040f80   f0041020  c.swsp   x18, 0x10
#7256 0 800001fe     c64e m f0040f7c   f0041018  c.swsp   x19, 0xc
#7257 0 80000200     c452 m f0040f78   f0041010  c.swsp   x20, 0x8
#7258 0 80000202     ce06 m f0040f8c   80000222  c.swsp   x1, 0x1c
#7259 0 80000204     4785 r 0f         00000001  c.li     x15, 0x1
#7260 0 80000206     8a2a r 14         f0041010  c.mv     x20, x10
#7261 0 80000208     8932 r 12         f0041020  c.mv     x18, x12
#7262 0 8000020a     89ba r 13         f0041028  c.mv     x19, x14
#7263 0 8000020c     84ae r 09         00000002  c.mv     x9, x11
#7264 0 8000020e     8436 r 08         f0041018  c.mv     x8, x13
#7265 0 80000210 02f58663 r 00         00000000  beq      x11, x15, . + 0x2c
#7266 0 80000214     14fd r 09         00000001  c.addi   x9, -0x1
#7267 0 80000216     85a6 r 0b         00000001  c.mv     x11, x9
#7268 0 80000218     8552 r 0a         f0041010  c.mv     x10, x20
#7269 0 8000021a     8722 r 0e         f0041018  c.mv     x14, x8
#7270 0 8000021c     86ce r 0d         f0041028  c.mv     x13, x19
#7271 0 8000021e     864a r 0c         f0041020  c.mv     x12, x18
#7272 0 80000220     3fd9 r 01         80000222  c.jal    . - 0x2a
#7273 0 800001f6     1101 r 02         f0040f50  c.addi   x2, -0x20
#7274 0 800001f8     cc22 m f0040f68   f0041018  c.swsp   x8, 0x18
#7275 0 800001fa     ca26 m f0040f64   00000001  c.swsp   x9, 0x14
#7276 0 800001fc     c84a m f0040f60   f0041020  c.swsp   x18, 0x10
#7277 0 800001fe     c64e m f0040f5c   f0041028  c.swsp   x19, 0xc
#7278 0 80000200     c452 m f0040f58   f0041010  c.swsp   x20, 0x8
#7279 0 80000202     ce06 m f0040f6c   80000222  c.swsp   x1, 0x1c
#7280 0 80000204     4785 r 0f         00000001  c.li     x15, 0x1
#7281 0 80000206     8a2a r 14         f0041010  c.mv     x20, x10
#7282 0 80000208     8932 r 12         f0041020  c.mv     x18, x12
#7283 0 8000020a     89ba r 13         f0041018  c.mv     x19, x14
#7284 0 8000020c     84ae r 09         00000001  c.mv     x9, x11
#7285 0 8000020e     8436 r 08         f0041028  c.mv     x8, x13
#7286 0 80000210 02f58663 r 00         00000000  beq      x11, x15, . + 0x2c
#7287 0 8000023c     8432 r 08         f0041020  c.mv     x8, x12
#7288 0 8000023e     405c r 0f         f0040030  c.lw     x15, 0x4(x8)
#7289 0 80000240     4014 r 0d         00000004  c.lw     x13, 0x0(x8)
#7290 0 80000242 004a2703 r 0e         00000010  lw       x14, 0x4(x20)
#7291 0 80000246     43cc r 0b         f0040028  c.lw     x11, 0x4(x15)
#7292 0 80000248     4390 r 0c         00000001  c.lw     x12, 0x0(x15)
#7293 0 8000024a     16fd r 0d         00000003  c.addi   x13, -0x1
#7294 0 8000024c     c04c m f0041024   f0040028  c.sw     x11, 0x4(x8)
#7295 0 8000024e 0049a583 r 0b         f0040008  lw       x11, 0x4(x19)
#7296 0 80000252     c014 m f0041020   00000003  c.sw     x13, 0x0(x8)
#7297 0 80000254 0009a683 r 0d         00000002  lw       x13, 0x0(x19)
#7298 0 80000258     c3cc m f0040034   f0040008  c.sw     x11, 0x4(x15)
#7299 0 8000025a 00f9a223 m f004101c   f0040030  sw       x15, 0x4(x19)
#7300 0 8000025e     c390 m f0040030   00000001  c.sw     x12, 0x0(x15)
#7301 0 80000260     40f2 r 01         80000222  c.lwsp   x1, 0x1c
#7302 0 80000262     4462 r 08         f0041018  c.lwsp   x8, 0x18
#7303 0 80000264 00168793 r 0f         00000003  addi     x15, x13, 0x1
#7304 0 80000268 00f9a023 m f0041018   00000003  sw       x15, 0x0(x19)
#7305 0 8000026c 00170793 r 0f         00000011  addi     x15, x14, 0x1
#7306 0 80000270 00fa2223 m f0041014   00000011  sw       x15, 0x4(x20)
#7307 0 80000274     44d2 r 09         00000001  c.lwsp   x9, 0x14
#7308 0 80000276     4942 r 12         f0041020  c.lwsp   x18, 0x10
#7309 0 80000278     49b2 r 13         f0041028  c.lwsp   x19, 0xc
#7310 0 8000027a     4a22 r 14         f0041010  c.lwsp   x20, 0x8
#7311 0 8000027c     6105 r 02         f0040f70  c.addi16sp 0x2
#7312 0 8000027e     8082 r 00         00000000  c.jr     x1
#7313 0 80000222     874e r 0e         f0041028  c.mv     x14, x19
#7314 0 80000224     86a2 r 0d         f0041018  c.mv     x13, x8
#7315 0 80000226     864a r 0c         f0041020  c.mv     x12, x18
#7316 0 80000228     4585 r 0b         00000001  c.li     x11, 0x1
#7317 0 8000022a     8552 r 0a         f0041010  c.mv     x10, x20
#7318 0 8000022c     37e9 r 01         8000022e  c.jal    . - 0x36
#7319 0 800001f6     1101 r 02         f0040f50  c.addi   x2, -0x20
#7320 0 800001f8     cc22 m f0040f68   f0041018  c.swsp   x8, 0x18
#7321 0 800001fa     ca26 m f0040f64   00000001  c.swsp   x9, 0x14
#7322 0 800001fc     c84a m f0040f60   f0041020  c.swsp   x18, 0x10
#7323 0 800001fe     c64e m f0040f5c   f0041028  c.swsp   x19, 0xc
#7324 0 80000200     c452 m f0040f58   f0041010  c.swsp   x20, 0x8
#7325 0 80000202     ce06 m f0040f6c   8000022e  c.swsp   x1, 0x1c
#7326 0 80000204     4785 r 0f         00000001  c.li     x15, 0x1
#7327 0 80000206     8a2a r 14         f0041010  c.mv     x20, x10
#7328 0 80000208     8932 r 12         f0041020  c.mv     x18, x12
#7329 0 8000020a     89ba r 13         f0041028  c.mv     x19, x14
#7330 0 8000020c     84ae r 09         00000001  c.mv     x9, x11
#7331 0 8000020e     8436 r 08         f0041018  c.mv     x8, x13
#7332 0 80000210 02f58663 r 00         00000000  beq      x11, x15, . + 0x2c
#7333 0 8000023c     8432 r 08         f0041020  c.mv     x8, x12
#7334 0 8000023e     405c r 0f         f0040028  c.lw     x15, 0x4(x8)
#7335 0 80000240     4014 r 0d         00000003  c.lw     x13, 0x0(x8)
#7336 0 80000242 004a2703 r 0e         00000011  lw       x14, 0x4(x20)
#7337 0 80000246     43cc r 0b         f0040020  c.lw     x11, 0x4(x15)
#7338 0 80000248     4390 r 0c         00000002  c.lw     x12, 0x0(x15)
#7339 0 8000024a     16fd r 0d         00000002  c.addi   x13, -0x1
#7340 0 8000024c     c04c m f0041024   f0040020  c.sw     x11, 0x4(x8)
#7341 0 8000024e 0049a583 r 0b         f0040010  lw       x11, 0x4(x19)
#7342 0 80000252     c014 m f0041020   00000002  c.sw     x13, 0x0(x8)
#7343 0 80000254 0009a683 r 0d         00000001  lw       x13, 0x0(x19)
#7344 0 80000258     c3cc m f004002c   f0040010  c.sw     x11, 0x4(x15)
#7345 0 8000025a 00f9a223 m f004102c   f0040028  sw       x15, 0x4(x19)
#7346 0 8000025e     c390 m f0040028   00000002  c.sw     x12, 0x0(x15)
#7347 0 80000260     40f2 r 01         8000022e  c.lwsp   x1, 0x1c
#7348 0 80000262     4462 r 08         f0041018  c.lwsp   x8, 0x18
#7349 0 80000264 00168793 r 0f         00000002  addi     x15, x13, 0x1
#7350 0 80000268 00f9a023 m f0041028   00000002  sw       x15, 0x0(x19)
#7351 0 8000026c 00170793 r 0f         00000012  addi     x15, x14, 0x1
#7352 0 80000270 00fa2223 m f0041014   00000012  sw       x15, 0x4(x20)
#7353 0 80000274     44d2 r 09         00000001  c.lwsp   x9, 0x14
#7354 0 80000276     4942 r 12         f0041020  c.lwsp   x18, 0x10
#7355 0 80000278     49b2 r 13         f0041028  c.lwsp   x19, 0xc
#7356 0 8000027a     4a22 r 14         f0041010  c.lwsp   x20, 0x8
#7357 0 8000027c     6105 r 02         f0040f70  c.addi16sp 0x2
#7358 0 8000027e     8082 r 00         00000000  c.jr     x1
#7359 0 8000022e     4785 r 0f         00000001  c.li     x15, 0x1
#7360 0 80000230     874a r 0e         f0041020  c.mv     x14, x18
#7361 0 80000232 00f48663 r 00         00000000  beq      x9, x15, . + 0xc
#7362 0 8000023e     405c r 0f         f0040030  c.lw     x15, 0x4(x8)
#7363 0 80000240     4014 r 0d         00000003  c.lw     x13, 0x0(x8)
#7364 0 80000242 004a2703 r 0e         00000012  lw       x14, 0x4(x20)
#7365 0 80000246     43cc r 0b         f0040008  c.lw     x11, 0x4(x15)
#7366 0 80000248     4390 r 0c         00000001  c.lw     x12, 0x0(x15)
#7367 0 8000024a     16fd r 0d         00000002  c.addi   x13, -0x1
#7368 0 8000024c     c04c m f004101c   f0040008  c.sw     x11, 0x4(x8)
#7369 0 8000024e 0049a583 r 0b         f0040028  lw       x11, 0x4(x19)
#7370 0 80000252     c014 m f0041018   00000002  c.sw     x13, 0x0(x8)
#7371 0 80000254 0009a683 r 0d         00000002  lw       x13, 0x0(x19)
#7372 0 80000258     c3cc m f0040034   f0040028  c.sw     x11, 0x4(x15)
#7373 0 8000025a 00f9a223 m f004102c   f0040030  sw       x15, 0x4(x19)
#7374 0 8000025e     c390 m f0040030   00000001  c.sw     x12, 0x0(x15)
#7375 0 80000260     40f2 r 01         80000222  c.lwsp   x1, 0x1c
#7376 0 80000262     4462 r 08         f0041028  c.lwsp   x8, 0x18
#7377 0 80000264 00168793 r 0f         00000003  addi     x15, x13, 0x1
#7378 0 80000268 00f9a023 m f0041028   00000003  sw       x15, 0x0(x19)
#7379 0 8000026c 00170793 r 0f         00000013  addi     x15, x14, 0x1
#7380 0 80000270 00fa2223 m f0041014   00000013  sw       x15, 0x4(x20)
#7381 0 80000274     44d2 r 09         00000002  c.lwsp   x9, 0x14
#7382 0 80000276     4942 r 12         f0041020  c.lwsp   x18, 0x10
#7383 0 80000278     49b2 r 13         f0041018  c.lwsp   x19, 0xc
#7384 0 8000027a     4a22 r 14         f0041010  c.lwsp   x20, 0x8
#7385 0 8000027c     6105 r 02         f0040f90  c.addi16sp 0x2
#7386 0 8000027e     8082 r 00         00000000  c.jr     x1
#7387 0 80000222     874e r 0e         f0041018  c.mv     x14, x19
#7388 0 80000224     86a2 r 0d         f0041028  c.mv     x13, x8
#7389 0 80000226     864a r 0c         f0041020  c.mv     x12, x18
#7390 0 80000228     4585 r 0b         00000001  c.li     x11, 0x1
#7391 0 8000022a     8552 r 0a         f0041010  c.mv     x10, x20
#7392 0 8000022c     37e9 r 01         8000022e  c.jal    . - 0x36
#7393 0 800001f6     1101 r 02         f0040f70  c.addi   x2, -0x20
#7394 0 800001f8     cc22 m f0040f88   f0041028  c.swsp   x8, 0x18
#7395 0 800001fa     ca26 m f0040f84   00000002  c.swsp   x9, 0x14
#7396 0 800001fc     c84a m f0040f80   f0041020  c.swsp   x18, 0x10
#7397 0 800001fe     c64e m f0040f7c   f0041018  c.swsp   x19, 0xc
#7398 0 80000200     c452 m f0040f78   f0041010  c.swsp   x20, 0x8
#7399 0 80000202     ce06 m f0040f8c   8000022e  c.swsp   x1, 0x1c
#7400 0 80000204     4785 r 0f         00000001  c.li     x15, 0x1
#7401 0 80000206     8a2a r 14         f0041010  c.mv     x20, x10
#7402 0 80000208     8932 r 12         f0041020  c.mv     x18, x12
#7403 0 8000020a     89ba r 13         f0041018  c.mv     x19, x14
#7404 0 8000020c     84ae r 09         00000001  c.mv     x9, x11
#7405 0 8000020e     8436 r 08         f0041028  c.mv     x8, x13
#7406 0 80000210 02f58663 r 00         00000000  beq      x11, x15, . + 0x2c
#7407 0 8000023c     8432 r 08         f0041020  c.mv     x8, x12
#7408 0 8000023e     405c r 0f         f0040020  c.lw     x15, 0x4(x8)
#7409 0 80000240     4014 r 0d         00000002  c.lw     x13, 0x0(x8)
#7410 0 80000242 004a2703 r 0e         00000013  lw       x14, 0x4(x20)
#7411 0 80000246     43cc r 0b         f0040018  c.lw     x11, 0x4(x15)
#7412 0 80000248     4390 r 0c         00000003  c.lw     x12, 0x0(x15)
#7413 0 8000024a     16fd r 0d         00000001  c.addi   x13, -0x1
#7414 0 8000024c     c04c m f0041024   f0040018  c.sw     x11, 0x4(x8)
#7415 0 8000024e 0049a583 r 0b         f0040008  lw       x11, 0x4(x19)
#7416 0 80000252     c014 m f0041020   00000001  c.sw     x13, 0x0(x8)
#7417 0 80000254 0009a683 r 0d         00000002  lw       x13, 0x0(x19)
#7418 0 80000258     c3cc m f0040024   f0040008  c.sw     x11, 0x4(x15)
#7419 0 8000025a 00f9a223 m f004101c   f0040020  sw       x15, 0x4(x19)
#7420 0 8000025e     c390 m f0040020   00000003  c.sw     x12, 0x0(x15)
#7421 0 80000260     40f2 r 01         8000022e  c.lwsp   x1, 0x1c
#7422 0 80000262     4462 r 08         f0041028  c.lwsp   x8, 0x18
#7423 0 80000264 00168793 r 0f         00000003  addi     x15, x13, 0x1
#7424 0 80000268 00f9a023 m f0041018   00000003  sw       x15, 0x0(x19)
#7425 0 8000026c 00170793 r 0f         00000014  addi     x15, x14, 0x1
#7426 0 80000270 00fa2223 m f0041014   00000014  sw       x15, 0x4(x20)
#7427 0 80000274     44d2 r 09         00000002  c.lwsp   x9, 0x14
#7428 0 80000276     4942 r 12         f0041020  c.lwsp   x18, 0x10
#7429 0 80000278     49b2 r 13         f0041018  c.lwsp   x19, 0xc
#7430 0 8000027a     4a22 r 14         f0041010  c.lwsp   x20, 0x8
#7431 0 8000027c     6105 r 02         f0040f90  c.addi16sp 0x2
#7432 0 8000027e     8082 r 00         00000000  c.jr     x1
#7433 0 8000022e     4785 r 0f         00000001  c.li     x15, 0x1
#7434 0 80000230     874a r 0e         f0041020  c.mv     x14, x18
#7435 0 80000232 00f48663 r 00         00000000  beq      x9, x15, . + 0xc
#7436 0 80000236     8922 r 12         f0041028  c.mv     x18, x8
#7437 0 80000238     843a r 08         f0041020  c.mv     x8, x14
#7438 0 8000023a     bfe9 r 00         00000000  c.j      . - 0x26
#7439 0 80000214     14fd r 09         00000001  c.addi   x9, -0x1
#7440 0 80000216     85a6 r 0b         00000001  c.mv     x11, x9
#7441 0 80000218     8552 r 0a         f0041010  c.mv     x10, x20
#7442 0 8000021a     8722 r 0e         f0041020  c.mv     x14, x8
#7443 0 8000021c     86ce r 0d         f0041018  c.mv     x13, x19
#7444 0 8000021e     864a r 0c         f0041028  c.mv     x12, x18
#7445 0 80000220     3fd9 r 01         80000222  c.jal    . - 0x2a
#7446 0 800001f6     1101 r 02         f0040f70  c.addi   x2, -0x20
#7447 0 800001f8     cc22 m f0040f88   f0041020  c.swsp   x8, 0x18
#7448 0 800001fa     ca26 m f0040f84   00000001  c.swsp   x9, 0x14
#7449 0 800001fc     c84a m f0040f80   f0041028  c.swsp   x18, 0x10
#7450 0 800001fe     c64e m f0040f7c   f0041018  c.swsp   x19, 0xc
#7451 0 80000200     c452 m f0040f78   f0041010  c.swsp   x20, 0x8
#7452 0 80000202     ce06 m f0040f8c   80000222  c.swsp   x1, 0x1c
#7453 0 80000204     4785 r 0f         00000001  c.li     x15, 0x1
#7454 0 80000206     8a2a r 14         f0041010  c.mv     x20, x10
#7455 0 80000208     8932 r 12         f0041028  c.mv     x18, x12
#7456 0 8000020a     89ba r 13         f0041020  c.mv     x19, x14
#7457 0 8000020c     84ae r 09         00000001  c.mv     x9, x11
#7458 0 8000020e     8436 r 08         f0041018  c.mv     x8, x13
#7459 0 80000210 02f58663 r 00         00000000  beq      x11, x15, . + 0x2c
#7460 0 8000023c     8432 r 08         f0041028  c.mv     x8, x12
#7461 0 8000023e     405c r 0f         f0040030  c.lw     x15, 0x4(x8)
#7462 0 80000240     4014 r 0d         00000003  c.lw     x13, 0x0(x8)
#7463 0 80000242 004a2703 r 0e         00000014  lw       x14, 0x4(x20)
#7464 0 80000246     43cc r 0b         f0040028  c.lw     x11, 0x4(x15)
#7465 0 80000248     4390 r 0c         00000001  c.lw     x12, 0x0(x15)
#7466 0 8000024a     16fd r 0d         00000002  c.addi   x13, -0x1
#7467 0 8000024c     c04c m f004102c   f0040028  c.sw     x11, 0x4(x8)
#7468 0 8000024e 0049a583 r 0b         f0040018  lw       x11, 0x4(x19)
#7469 0 80000252     c014 m f0041028   00000002  c.sw     x13, 0x0(x8)
#7470 0 80000254 0009a683 r 0d         00000001  lw       x13, 0x0(x19)
#7471 0 80000258     c3cc m f0040034   f0040018  c.sw     x11, 0x4(x15)
#7472 0 8000025a 00f9a223 m f0041024   f0040030  sw       x15, 0x4(x19)
#7473 0 8000025e     c390 m f0040030   00000001  c.sw     x12, 0x0(x15)
#7474 0 80000260     40f2 r 01         80000222  c.lwsp   x1, 0x1c
#7475 0 80000262     4462 r 08         f0041020  c.lwsp   x8, 0x18
#7476 0 80000264 00168793 r 0f         00000002  addi     x15, x13, 0x1
#7477 0 80000268 00f9a023 m f0041020   00000002  sw       x15, 0x0(x19)
#7478 0 8000026c 00170793 r 0f         00000015  addi     x15, x14, 0x1
#7479 0 80000270 00fa2223 m f0041014   00000015  sw       x15, 0x4(x20)
#7480 0 80000274     44d2 r 09         00000001  c.lwsp   x9, 0x14
#7481 0 80000276     4942 r 12         f0041028  c.lwsp   x18, 0x10
#7482 0 80000278     49b2 r 13         f0041018  c.lwsp   x19, 0xc
#7483 0 8000027a     4a22 r 14         f0041010  c.lwsp   x20, 0x8
#7484 0 8000027c     6105 r 02         f0040f90  c.addi16sp 0x2
#7485 0 8000027e     8082 r 00         00000000  c.jr     x1
#7486 0 80000222     874e r 0e         f0041018  c.mv     x14, x19
#7487 0 80000224     86a2 r 0d         f0041020  c.mv     x13, x8
#7488 0 80000226     864a r 0c         f0041028  c.mv     x12, x18
#7489 0 80000228     4585 r 0b         00000001  c.li     x11, 0x1
#7490 0 8000022a     8552 r 0a         f0041010  c.mv     x10, x20
#7491 0 8000022c     37e9 r 01         8000022e  c.jal    . - 0x36
#7492 0 800001f6     1101 r 02         f0040f70  c.addi   x2, -0x20
#7493 0 800001f8     cc22 m f0040f88   f0041020  c.swsp   x8, 0x18
#7494 0 800001fa     ca26 m f0040f84   00000001  c.swsp   x9, 0x14
#7495 0 800001fc     c84a m f0040f80   f0041028  c.swsp   x18, 0x10
#7496 0 800001fe     c64e m f0040f7c   f0041018  c.swsp   x19, 0xc
#7497 0 80000200     c452 m f0040f78   f0041010  c.swsp   x20, 0x8
#7498 0 80000202     ce06 m f0040f8c   8000022e  c.swsp   x1, 0x1c
#7499 0 80000204     4785 r 0f         00000001  c.li     x15, 0x1
#7500 0 80000206     8a2a r 14         f0041010  c.mv     x20, x10
#7501 0 80000208     8932 r 12         f0041028  c.mv     x18, x12
#7502 0 8000020a     89ba r 13         f0041018  c.mv     x19, x14
#7503 0 8000020c     84ae r 09         00000001  c.mv     x9, x11
#7504 0 8000020e     8436 r 08         f0041020  c.mv     x8, x13
#7505 0 80000210 02f58663 r 00         00000000  beq      x11, x15, . + 0x2c
#7506 0 8000023c     8432 r 08         f0041028  c.mv     x8, x12
#7507 0 8000023e     405c r 0f         f0040028  c.lw     x15, 0x4(x8)
#7508 0 80000240     4014 r 0d         00000002  c.lw     x13, 0x0(x8)
#7509 0 80000242 004a2703 r 0e         00000015  lw       x14, 0x4(x20)
#7510 0 80000246     43cc r 0b         f0040010  c.lw     x11, 0x4(x15)
#7511 0 80000248     4390 r 0c         00000002  c.lw     x12, 0x0(x15)
#7512 0 8000024a     16fd r 0d         00000001  c.addi   x13, -0x1
#7513 0 8000024c     c04c m f004102c   f0040010  c.sw     x11, 0x4(x8)
#7514 0 8000024e 0049a583 r 0b         f0040020  lw       x11, 0x4(x19)
#7515 0 80000252     c014 m f0041028   00000001  c.sw     x13, 0x0(x8)
#7516 0 80000254 0009a683 r 0d         00000003  lw       x13, 0x0(x19)
#7517 0 80000258     c3cc m f004002c   f0040020  c.sw     x11, 0x4(x15)
#7518 0 8000025a 00f9a223 m f004101c   f0040028  sw       x15, 0x4(x19)
#7519 0 8000025e     c390 m f0040028   00000002  c.sw     x12, 0x0(x15)
#7520 0 80000260     40f2 r 01         8000022e  c.lwsp   x1, 0x1c
#7521 0 80000262     4462 r 08         f0041020  c.lwsp   x8, 0x18
#7522 0 80000264 00168793 r 0f         00000004  addi     x15, x13, 0x1
#7523 0 80000268 00f9a023 m f0041018   00000004  sw       x15, 0x0(x19)
#7524 0 8000026c 00170793 r 0f         00000016  addi     x15, x14, 0x1
#7525 0 80000270 00fa2223 m f0041014   00000016  sw       x15, 0x4(x20)
#7526 0 80000274     44d2 r 09         00000001  c.lwsp   x9, 0x14
#7527 0 80000276     4942 r 12         f0041028  c.lwsp   x18, 0x10
#7528 0 80000278     49b2 r 13         f0041018  c.lwsp   x19, 0xc
#7529 0 8000027a     4a22 r 14         f0041010  c.lwsp   x20, 0x8
#7530 0 8000027c     6105 r 02         f0040f90  c.addi16sp 0x2
#7531 0 8000027e     8082 r 00         00000000  c.jr     x1
#7532 0 8000022e     4785 r 0f         00000001  c.li     x15, 0x1
#7533 0 80000230     874a r 0e         f0041028  c.mv     x14, x18
#7534 0 80000232 00f48663 r 00         00000000  beq      x9, x15, . + 0xc
#7535 0 8000023e     405c r 0f         f0040030  c.lw     x15, 0x4(x8)
#7536 0 80000240     4014 r 0d         00000002  c.lw     x13, 0x0(x8)
#7537 0 80000242 004a2703 r 0e         00000016  lw       x14, 0x4(x20)
#7538 0 80000246     43cc r 0b         f0040018  c.lw     x11, 0x4(x15)
#7539 0 80000248     4390 r 0c         00000001  c.lw     x12, 0x0(x15)
#7540 0 8000024a     16fd r 0d         00000001  c.addi   x13, -0x1
#7541 0 8000024c     c04c m f0041024   f0040018  c.sw     x11, 0x4(x8)
#7542 0 8000024e 0049a583 r 0b         f0040028  lw       x11, 0x4(x19)
#7543 0 80000252     c014 m f0041020   00000001  c.sw     x13, 0x0(x8)
#7544 0 80000254 0009a683 r 0d         00000004  lw       x13, 0x0(x19)
#7545 0 80000258     c3cc m f0040034   f0040028  c.sw     x11, 0x4(x15)
#7546 0 8000025a 00f9a223 m f004101c   f0040030  sw       x15, 0x4(x19)
#7547 0 8000025e     c390 m f0040030   00000001  c.sw     x12, 0x0(x15)
#7548 0 80000260     40f2 r 01         80000222  c.lwsp   x1, 0x1c
#7549 0 80000262     4462 r 08         f0041018  c.lwsp   x8, 0x18
#7550 0 80000264 00168793 r 0f         00000005  addi     x15, x13, 0x1
#7551 0 80000268 00f9a023 m f0041018   00000005  sw       x15, 0x0(x19)
#7552 0 8000026c 00170793 r 0f         00000017  addi     x15, x14, 0x1
#7553 0 80000270 00fa2223 m f0041014   00000017  sw       x15, 0x4(x20)
#7554 0 80000274     44d2 r 09         00000003  c.lwsp   x9, 0x14
#7555 0 80000276     4942 r 12         f0041020  c.lwsp   x18, 0x10
#7556 0 80000278     49b2 r 13         f0041028  c.lwsp   x19, 0xc
#7557 0 8000027a     4a22 r 14         f0041010  c.lwsp   x20, 0x8
#7558 0 8000027c     6105 r 02         f0040fb0  c.addi16sp 0x2
#7559 0 8000027e     8082 r 00         00000000  c.jr     x1
#7560 0 80000222     874e r 0e         f0041028  c.mv     x14, x19
#7561 0 80000224     86a2 r 0d         f0041018  c.mv     x13, x8
#7562 0 80000226     864a r 0c         f0041020  c.mv     x12, x18
#7563 0 80000228     4585 r 0b         00000001  c.li     x11, 0x1
#7564 0 8000022a     8552 r 0a         f0041010  c.mv     x10, x20
#7565 0 8000022c     37e9 r 01         8000022e  c.jal    . - 0x36
#7566 0 800001f6     1101 r 02         f0040f90  c.addi   x2, -0x20
#7567 0 800001f8     cc22 m f0040fa8   f0041018  c.swsp   x8, 0x18
#7568 0 800001fa     ca26 m f0040fa4   00000003  c.swsp   x9, 0x14
#7569 0 800001fc     c84a m f0040fa0   f0041020  c.swsp   x18, 0x10
#7570 0 800001fe     c64e m f0040f9c   f0041028  c.swsp   x19, 0xc
#7571 0 80000200     c452 m f0040f98   f0041010  c.swsp   x20, 0x8
#7572 0 80000202     ce06 m f0040fac   8000022e  c.swsp   x1, 0x1c
#7573 0 80000204     4785 r 0f         00000001  c.li     x15, 0x1
#7574 0 80000206     8a2a r 14         f0041010  c.mv     x20, x10
#7575 0 80000208     8932 r 12         f0041020  c.mv     x18, x12
#7576 0 8000020a     89ba r 13         f0041028  c.mv     x19, x14
#7577 0 8000020c     84ae r 09         00000001  c.mv     x9, x11
#7578 0 8000020e     8436 r 08         f0041018  c.mv     x8, x13
#7579 0 80000210 02f58663 r 00         00000000  beq      x11, x15, . + 0x2c
#7580 0 8000023c     8432 r 08         f0041020  c.mv     x8, x12
#7581 0 8000023e     405c r 0f         f0040018  c.lw     x15, 0x4(x8)
#7582 0 80000240     4014 r 0d         00000001  c.lw     x13, 0x0(x8)
#7583 0 80000242 004a2703 r 0e         00000017  lw       x14, 0x4(x20)
#7584 0 80000246     43cc r 0b         00000000  c.lw     x11, 0x4(x15)
#7585 0 80000248     4390 r 0c         00000004  c.lw     x12, 0x0(x15)
#7586 0 8000024a     16fd r 0d         00000000  c.addi   x13, -0x1
#7587 0 8000024c     c04c m f0041024   00000000  c.sw     x11, 0x4(x8)
#7588 0 8000024e 0049a583 r 0b         f0040010  lw       x11, 0x4(x19)
#7589 0 80000252     c014 m f0041020   00000000  c.sw     x13, 0x0(x8)
#7590 0 80000254 0009a683 r 0d         00000001  lw       x13, 0x0(x19)
#7591 0 80000258     c3cc m f004001c   f0040010  c.sw     x11, 0x4(x15)
#7592 0 8000025a 00f9a223 m f004102c   f0040018  sw       x15, 0x4(x19)
#7593 0 8000025e     c390 m f0040018   00000004  c.sw     x12, 0x0(x15)
#7594 0 80000260     40f2 r 01         8000022e  c.lwsp   x1, 0x1c
#7595 0 80000262     4462 r 08         f0041018  c.lwsp   x8, 0x18
#7596 0 80000264 00168793 r 0f         00000002  addi     x15, x13, 0x1
#7597 0 80000268 00f9a023 m f0041028   00000002  sw       x15, 0x0(x19)
#7598 0 8000026c 00170793 r 0f         00000018  addi     x15, x14, 0x1
#7599 0 80000270 00fa2223 m f0041014   00000018  sw       x15, 0x4(x20)
#7600 0 80000274     44d2 r 09         00000003  c.lwsp   x9, 0x14
#7601 0 80000276     4942 r 12         f0041020  c.lwsp   x18, 0x10
#7602 0 80000278     49b2 r 13         f0041028  c.lwsp   x19, 0xc
#7603 0 8000027a     4a22 r 14         f0041010  c.lwsp   x20, 0x8
#7604 0 8000027c     6105 r 02         f0040fb0  c.addi16sp 0x2
#7605 0 8000027e     8082 r 00         00000000  c.jr     x1
#7606 0 8000022e     4785 r 0f         00000001  c.li     x15, 0x1
#7607 0 80000230     874a r 0e         f0041020  c.mv     x14, x18
#7608 0 80000232 00f48663 r 00         00000000  beq      x9, x15, . + 0xc
#7609 0 80000236     8922 r 12         f0041018  c.mv     x18, x8
#7610 0 80000238     843a r 08         f0041020  c.mv     x8, x14
#7611 0 8000023a     bfe9 r 00         00000000  c.j      . - 0x26
#7612 0 80000214     14fd r 09         00000002  c.addi   x9, -0x1
#7613 0 80000216     85a6 r 0b         00000002  c.mv     x11, x9
#7614 0 80000218     8552 r 0a         f0041010  c.mv     x10, x20
#7615 0 8000021a     8722 r 0e         f0041020  c.mv     x14, x8
#7616 0 8000021c     86ce r 0d         f0041028  c.mv     x13, x19
#7617 0 8000021e     864a r 0c         f0041018  c.mv     x12, x18
#7618 0 80000220     3fd9 r 01         80000222  c.jal    . - 0x2a
#7619 0 800001f6     1101 r 02         f0040f90  c.addi   x2, -0x20
#7620 0 800001f8     cc22 m f0040fa8   f0041020  c.swsp   x8, 0x18
#7621 0 800001fa     ca26 m f0040fa4   00000002  c.swsp   x9, 0x14
#7622 0 800001fc     c84a m f0040fa0   f0041018  c.swsp   x18, 0x10
#7623 0 800001fe     c64e m f0040f9c   f0041028  c.swsp   x19, 0xc
#7624 0 80000200     c452 m f0040f98   f0041010  c.swsp   x20, 0x8
#7625 0 80000202     ce06 m f0040fac   80000222  c.swsp   x1, 0x1c
#7626 0 80000204     4785 r 0f         00000001  c.li     x15, 0x1
#7627 0 80000206     8a2a r 14         f0041010  c.mv     x20, x10
#7628 0 80000208     8932 r 12         f0041018  c.mv     x18, x12
#7629 0 8000020a     89ba r 13         f0041020  c.mv     x19, x14
#7630 0 8000020c     84ae r 09         00000002  c.mv     x9, x11
#7631 0 8000020e     8436 r 08         f0041028  c.mv     x8, x13
#7632 0 80000210 02f58663 r 00         00000000  beq      x11, x15, . + 0x2c
#7633 0 80000214     14fd r 09         00000001  c.addi   x9, -0x1
#7634 0 80000216     85a6 r 0b         00000001  c.mv     x11, x9
#7635 0 80000218     8552 r 0a         f0041010  c.mv     x10, x20
#7636 0 8000021a     8722 r 0e         f0041028  c.mv     x14, x8
#7637 0 8000021c     86ce r 0d         f0041020  c.mv     x13, x19
#7638 0 8000021e     864a r 0c         f0041018  c.mv     x12, x18
#7639 0 80000220     3fd9 r 01         80000222  c.jal    . - 0x2a
#7640 0 800001f6     1101 r 02         f0040f70  c.addi   x2, -0x20
#7641 0 800001f8     cc22 m f0040f88   f0041028  c.swsp   x8, 0x18
#7642 0 800001fa     ca26 m f0040f84   00000001  c.swsp   x9, 0x14
#7643 0 800001fc     c84a m f0040f80   f0041018  c.swsp   x18, 0x10
#7644 0 800001fe     c64e m f0040f7c   f0041020  c.swsp   x19, 0xc
#7645 0 80000200     c452 m f0040f78   f0041010  c.swsp   x20, 0x8
#7646 0 80000202     ce06 m f0040f8c   80000222  c.swsp   x1, 0x1c
#7647 0 80000204     4785 r 0f         00000001  c.li     x15, 0x1
#7648 0 80000206     8a2a r 14         f0041010  c.mv     x20, x10
#7649 0 80000208     8932 r 12         f0041018  c.mv     x18, x12
#7650 0 8000020a     89ba r 13         f0041028  c.mv     x19, x14
#7651 0 8000020c     84ae r 09         00000001  c.mv     x9, x11
#7652 0 8000020e     8436 r 08         f0041020  c.mv     x8, x13
#7653 0 80000210 02f58663 r 00         00000000  beq      x11, x15, . + 0x2c
#7654 0 8000023c     8432 r 08         f0041018  c.mv     x8, x12
#7655 0 8000023e     405c r 0f         f0040030  c.lw     x15, 0x4(x8)
#7656 0 80000240     4014 r 0d         00000005  c.lw     x13, 0x0(x8)
#7657 0 80000242 004a2703 r 0e         00000018  lw       x14, 0x4(x20)
#7658 0 80000246     43cc r 0b         f0040028  c.lw     x11, 0x4(x15)
#7659 0 80000248     4390 r 0c         00000001  c.lw     x12, 0x0(x15)
#7660 0 8000024a     16fd r 0d         00000004  c.addi   x13, -0x1
#7661 0 8000024c     c04c m f004101c   f0040028  c.sw     x11, 0x4(x8)
#7662 0 8000024e 0049a583 r 0b         f0040018  lw       x11, 0x4(x19)
#7663 0 80000252     c014 m f0041018   00000004  c.sw     x13, 0x0(x8)
#7664 0 80000254 0009a683 r 0d         00000002  lw       x13, 0x0(x19)
#7665 0 80000258     c3cc m f0040034   f0040018  c.sw     x11, 0x4(x15)
#7666 0 8000025a 00f9a223 m f004102c   f0040030  sw       x15, 0x4(x19)
#7667 0 8000025e     c390 m f0040030   00000001  c.sw     x12, 0x0(x15)
#7668 0 80000260     40f2 r 01         80000222  c.lwsp   x1, 0x1c
#7669 0 80000262     4462 r 08         f0041028  c.lwsp   x8, 0x18
#7670 0 80000264 00168793 r 0f         00000003  addi     x15, x13, 0x1
#7671 0 80000268 00f9a023 m f0041028   00000003  sw       x15, 0x0(x19)
#7672 0 8000026c 00170793 r 0f         00000019  addi     x15, x14, 0x1
#7673 0 80000270 00fa2223 m f0041014   00000019  sw       x15, 0x4(x20)
#7674 0 80000274     44d2 r 09         00000001  c.lwsp   x9, 0x14
#7675 0 80000276     4942 r 12         f0041018  c.lwsp   x18, 0x10
#7676 0 80000278     49b2 r 13         f0041020  c.lwsp   x19, 0xc
#7677 0 8000027a     4a22 r 14         f0041010  c.lwsp   x20, 0x8
#7678 0 8000027c     6105 r 02         f0040f90  c.addi16sp 0x2
#7679 0 8000027e     8082 r 00         00000000  c.jr     x1
#7680 0 80000222     874e r 0e         f0041020  c.mv     x14, x19
#7681 0 80000224     86a2 r 0d         f0041028  c.mv     x13, x8
#7682 0 80000226     864a r 0c         f0041018  c.mv     x12, x18
#7683 0 80000228     4585 r 0b         00000001  c.li     x11, 0x1
#7684 0 8000022a     8552 r 0a         f0041010  c.mv     x10, x20
#7685 0 8000022c     37e9 r 01         8000022e  c.jal    . - 0x36
#7686 0 800001f6     1101 r 02         f0040f70  c.addi   x2, -0x20
#7687 0 800001f8     cc22 m f0040f88   f0041028  c.swsp   x8, 0x18
#7688 0 800001fa     ca26 m f0040f84   00000001  c.swsp   x9, 0x14
#7689 0 800001fc     c84a m f0040f80   f0041018  c.swsp   x18, 0x10
#7690 0 800001fe     c64e m f0040f7c   f0041020  c.swsp   x19, 0xc
#7691 0 80000200     c452 m f0040f78   f0041010  c.swsp   x20, 0x8
#7692 0 80000202     ce06 m f0040f8c   8000022e  c.swsp   x1, 0x1c
#7693 0 80000204     4785 r 0f         00000001  c.li     x15, 0x1
#7694 0 80000206     8a2a r 14         f0041010  c.mv     x20, x10
#7695 0 80000208     8932 r 12         f0041018  c.mv     x18, x12
#7696 0 8000020a     89ba r 13         f0041020  c.mv     x19, x14
#7697 0 8000020c     84ae r 09         00000001  c.mv     x9, x11
#7698 0 8000020e     8436 r 08         f0041028  c.mv     x8, x13
#7699 0 80000210 02f58663 r 00         00000000  beq      x11, x15, . + 0x2c
#7700 0 8000023c     8432 r 08         f0041018  c.mv     x8, x12
#7701 0 8000023e     405c r 0f         f0040028  c.lw     x15, 0x4(x8)
#7702 0 80000240     4014 r 0d         00000004  c.lw     x13, 0x0(x8)
#7703 0 80000242 004a2703 r 0e         00000019  lw       x14, 0x4(x20)
#7704 0 80000246     43cc r 0b         f0040020  c.lw     x11, 0x4(x15)
#7705 0 80000248     4390 r 0c         00000002  c.lw     x12, 0x0(x15)
#7706 0 8000024a     16fd r 0d         00000003  c.addi   x13, -0x1
#7707 0 8000024c     c04c m f004101c   f0040020  c.sw     x11, 0x4(x8)
#7708 0 8000024e 0049a583 r 0b         00000000  lw       x11, 0x4(x19)
#7709 0 80000252     c014 m f0041018   00000003  c.sw     x13, 0x0(x8)
#7710 0 80000254 0009a683 r 0d         00000000  lw       x13, 0x0(x19)
#7711 0 80000258     c3cc m f004002c   00000000  c.sw     x11, 0x4(x15)
#7712 0 8000025a 00f9a223 m f0041024   f0040028  sw       x15, 0x4(x19)
#7713 0 8000025e     c390 m f0040028   00000002  c.sw     x12, 0x0(x15)
#7714 0 80000260     40f2 r 01         8000022e  c.lwsp   x1, 0x1c
#7715 0 80000262     4462 r 08         f0041028  c.lwsp   x8, 0x18
#7716 0 80000264 00168793 r 0f         00000001  addi     x15, x13, 0x1
#7717 0 80000268 00f9a023 m f0041020   00000001  sw       x15, 0x0(x19)
#7718 0 8000026c 00170793 r 0f         0000001a  addi     x15, x14, 0x1
#7719 0 80000270 00fa2223 m f0041014   0000001a  sw       x15, 0x4(x20)
#7720 0 80000274     44d2 r 09         00000001  c.lwsp   x9, 0x14
#7721 0 80000276     4942 r 12         f0041018  c.lwsp   x18, 0x10
#7722 0 80000278     49b2 r 13         f0041020  c.lwsp   x19, 0xc
#7723 0 8000027a     4a22 r 14         f0041010  c.lwsp   x20, 0x8
#7724 0 8000027c     6105 r 02         f0040f90  c.addi16sp 0x2
#7725 0 8000027e     8082 r 00         00000000  c.jr     x1
#7726 0 8000022e     4785 r 0f         00000001  c.li     x15, 0x1
#7727 0 80000230     874a r 0e         f0041018  c.mv     x14, x18
#7728 0 80000232 00f48663 r 00         00000000  beq      x9, x15, . + 0xc
#7729 0 8000023e     405c r 0f         f0040030  c.lw     x15, 0x4(x8)
#7730 0 80000240     4014 r 0d         00000003  c.lw     x13, 0x0(x8)
#7731 0 80000242 004a2703 r 0e         0000001a  lw       x14, 0x4(x20)
#7732 0 80000246     43cc r 0b         f0040018  c.lw     x11, 0x4(x15)
#7733 0 80000248     4390 r 0c         00000001  c.lw     x12, 0x0(x15)
#7734 0 8000024a     16fd r 0d         00000002  c.addi   x13, -0x1
#7735 0 8000024c     c04c m f004102c   f0040018  c.sw     x11, 0x4(x8)
#7736 0 8000024e 0049a583 r 0b         f0040028  lw       x11, 0x4(x19)
#7737 0 80000252     c014 m f0041028   00000002  c.sw     x13, 0x0(x8)
#7738 0 80000254 0009a683 r 0d         00000001  lw       x13, 0x0(x19)
#7739 0 80000258     c3cc m f0040034   f0040028  c.sw     x11, 0x4(x15)
#7740 0 8000025a 00f9a223 m f0041024   f0040030  sw       x15, 0x4(x19)
#7741 0 8000025e     c390 m f0040030   00000001  c.sw     x12, 0x0(x15)
#7742 0 80000260     40f2 r 01         80000222  c.lwsp   x1, 0x1c
#7743 0 80000262     4462 r 08         f0041020  c.lwsp   x8, 0x18
#7744 0 80000264 00168793 r 0f         00000002  addi     x15, x13, 0x1
#7745 0 80000268 00f9a023 m f0041020   00000002  sw       x15, 0x0(x19)
#7746 0 8000026c 00170793 r 0f         0000001b  addi     x15, x14, 0x1
#7747 0 80000270 00fa2223 m f0041014   0000001b  sw       x15, 0x4(x20)
#7748 0 80000274     44d2 r 09         00000002  c.lwsp   x9, 0x14
#7749 0 80000276     4942 r 12         f0041018  c.lwsp   x18, 0x10
#7750 0 80000278     49b2 r 13         f0041028  c.lwsp   x19, 0xc
#7751 0 8000027a     4a22 r 14         f0041010  c.lwsp   x20, 0x8
#7752 0 8000027c     6105 r 02         f0040fb0  c.addi16sp 0x2
#7753 0 8000027e     8082 r 00         00000000  c.jr     x1
#7754 0 80000222     874e r 0e         f0041028  c.mv     x14, x19
#7755 0 80000224     86a2 r 0d         f0041020  c.mv     x13, x8
#7756 0 80000226     864a r 0c         f0041018  c.mv     x12, x18
#7757 0 80000228     4585 r 0b         00000001  c.li     x11, 0x1
#7758 0 8000022a     8552 r 0a         f0041010  c.mv     x10, x20
#7759 0 8000022c     37e9 r 01         8000022e  c.jal    . - 0x36
#7760 0 800001f6     1101 r 02         f0040f90  c.addi   x2, -0x20
#7761 0 800001f8     cc22 m f0040fa8   f0041020  c.swsp   x8, 0x18
#7762 0 800001fa     ca26 m f0040fa4   00000002  c.swsp   x9, 0x14
#7763 0 800001fc     c84a m f0040fa0   f0041018  c.swsp   x18, 0x10
#7764 0 800001fe     c64e m f0040f9c   f0041028  c.swsp   x19, 0xc
#7765 0 80000200     c452 m f0040f98   f0041010  c.swsp   x20, 0x8
#7766 0 80000202     ce06 m f0040fac   8000022e  c.swsp   x1, 0x1c
#7767 0 80000204     4785 r 0f         00000001  c.li     x15, 0x1
#7768 0 80000206     8a2a r 14         f0041010  c.mv     x20, x10
#7769 0 80000208     8932 r 12         f0041018  c.mv     x18, x12
#7770 0 8000020a     89ba r 13         f0041028  c.mv     x19, x14
#7771 0 8000020c     84ae r 09         00000001  c.mv     x9, x11
#7772 0 8000020e     8436 r 08         f0041020  c.mv     x8, x13
#7773 0 80000210 02f58663 r 00         00000000  beq      x11, x15, . + 0x2c
#7774 0 8000023c     8432 r 08         f0041018  c.mv     x8, x12
#7775 0 8000023e     405c r 0f         f0040020  c.lw     x15, 0x4(x8)
#7776 0 80000240     4014 r 0d         00000003  c.lw     x13, 0x0(x8)
#7777 0 80000242 004a2703 r 0e         0000001b  lw       x14, 0x4(x20)
#7778 0 80000246     43cc r 0b         f0040008  c.lw     x11, 0x4(x15)
#7779 0 80000248     4390 r 0c         00000003  c.lw     x12, 0x0(x15)
#7780 0 8000024a     16fd r 0d         00000002  c.addi   x13, -0x1
#7781 0 8000024c     c04c m f004101c   f0040008  c.sw     x11, 0x4(x8)
#7782 0 8000024e 0049a583 r 0b         f0040018  lw       x11, 0x4(x19)
#7783 0 80000252     c014 m f0041018   00000002  c.sw     x13, 0x0(x8)
#7784 0 80000254 0009a683 r 0d         00000002  lw       x13, 0x0(x19)
#7785 0 80000258     c3cc m f0040024   f0040018  c.sw     x11, 0x4(x15)
#7786 0 8000025a 00f9a223 m f004102c   f0040020  sw       x15, 0x4(x19)
#7787 0 8000025e     c390 m f0040020   00000003  c.sw     x12, 0x0(x15)
#7788 0 80000260     40f2 r 01         8000022e  c.lwsp   x1, 0x1c
#7789 0 80000262     4462 r 08         f0041020  c.lwsp   x8, 0x18
#7790 0 80000264 00168793 r 0f         00000003  addi     x15, x13, 0x1
#7791 0 80000268 00f9a023 m f0041028   00000003  sw       x15, 0x0(x19)
#7792 0 8000026c 00170793 r 0f         0000001c  addi     x15, x14, 0x1
#7793 0 80000270 00fa2223 m f0041014   0000001c  sw       x15, 0x4(x20)
#7794 0 80000274     44d2 r 09         00000002  c.lwsp   x9, 0x14
#7795 0 80000276     4942 r 12         f0041018  c.lwsp   x18, 0x10
#7796 0 80000278     49b2 r 13         f0041028  c.lwsp   x19, 0xc
#7797 0 8000027a     4a22 r 14         f0041010  c.lwsp   x20, 0x8
#7798 0 8000027c     6105 r 02         f0040fb0  c.addi16sp 0x2
#7799 0 8000027e     8082 r 00         00000000  c.jr     x1
#7800 0 8000022e     4785 r 0f         00000001  c.li     x15, 0x1
#7801 0 80000230     874a r 0e         f0041018  c.mv     x14, x18
#7802 0 80000232 00f48663 r 00         00000000  beq      x9, x15, . + 0xc
#7803 0 80000236     8922 r 12         f0041020  c.mv     x18, x8
#7804 0 80000238     843a r 08         f0041018  c.mv     x8, x14
#7805 0 8000023a     bfe9 r 00         00000000  c.j      . - 0x26
#7806 0 80000214     14fd r 09         00000001  c.addi   x9, -0x1
#7807 0 80000216     85a6 r 0b         00000001  c.mv     x11, x9
#7808 0 80000218     8552 r 0a         f0041010  c.mv     x10, x20
#7809 0 8000021a     8722 r 0e         f0041018  c.mv     x14, x8
#7810 0 8000021c     86ce r 0d         f0041028  c.mv     x13, x19
#7811 0 8000021e     864a r 0c         f0041020  c.mv     x12, x18
#7812 0 80000220     3fd9 r 01         80000222  c.jal    . - 0x2a
#7813 0 800001f6     1101 r 02         f0040f90  c.addi   x2, -0x20
#7814 0 800001f8     cc22 m f0040fa8   f0041018  c.swsp   x8, 0x18
#7815 0 800001fa     ca26 m f0040fa4   00000001  c.swsp   x9, 0x14
#7816 0 800001fc     c84a m f0040fa0   f0041020  c.swsp   x18, 0x10
#7817 0 800001fe     c64e m f0040f9c   f0041028  c.swsp   x19, 0xc
#7818 0 80000200     c452 m f0040f98   f0041010  c.swsp   x20, 0x8
#7819 0 80000202     ce06 m f0040fac   80000222  c.swsp   x1, 0x1c
#7820 0 80000204     4785 r 0f         00000001  c.li     x15, 0x1
#7821 0 80000206     8a2a r 14         f0041010  c.mv     x20, x10
#7822 0 80000208     8932 r 12         f0041020  c.mv     x18, x12
#7823 0 8000020a     89ba r 13         f0041018  c.mv     x19, x14
#7824 0 8000020c     84ae r 09         00000001  c.mv     x9, x11
#7825 0 8000020e     8436 r 08         f0041028  c.mv     x8, x13
#7826 0 80000210 02f58663 r 00         00000000  beq      x11, x15, . + 0x2c
#7827 0 8000023c     8432 r 08         f0041020  c.mv     x8, x12
#7828 0 8000023e     405c r 0f         f0040030  c.lw     x15, 0x4(x8)
#7829 0 80000240     4014 r 0d         00000002  c.lw     x13, 0x0(x8)
#7830 0 80000242 004a2703 r 0e         0000001c  lw       x14, 0x4(x20)
#7831 0 80000246     43cc r 0b         f0040028  c.lw     x11, 0x4(x15)
#7832 0 80000248     4390 r 0c         00000001  c.lw     x12, 0x0(x15)
#7833 0 8000024a     16fd r 0d         00000001  c.addi   x13, -0x1
#7834 0 8000024c     c04c m f0041024   f0040028  c.sw     x11, 0x4(x8)
#7835 0 8000024e 0049a583 r 0b         f0040008  lw       x11, 0x4(x19)
#7836 0 80000252     c014 m f0041020   00000001  c.sw     x13, 0x0(x8)
#7837 0 80000254 0009a683 r 0d         00000002  lw       x13, 0x0(x19)
#7838 0 80000258     c3cc m f0040034   f0040008  c.sw     x11, 0x4(x15)
#7839 0 8000025a 00f9a223 m f004101c   f0040030  sw       x15, 0x4(x19)
#7840 0 8000025e     c390 m f0040030   00000001  c.sw     x12, 0x0(x15)
#7841 0 80000260     40f2 r 01         80000222  c.lwsp   x1, 0x1c
#7842 0 80000262     4462 r 08         f0041018  c.lwsp   x8, 0x18
#7843 0 80000264 00168793 r 0f         00000003  addi     x15, x13, 0x1
#7844 0 80000268 00f9a023 m f0041018   00000003  sw       x15, 0x0(x19)
#7845 0 8000026c 00170793 r 0f         0000001d  addi     x15, x14, 0x1
#7846 0 80000270 00fa2223 m f0041014   0000001d  sw       x15, 0x4(x20)
#7847 0 80000274     44d2 r 09         00000001  c.lwsp   x9, 0x14
#7848 0 80000276     4942 r 12         f0041020  c.lwsp   x18, 0x10
#7849 0 80000278     49b2 r 13         f0041028  c.lwsp   x19, 0xc
#7850 0 8000027a     4a22 r 14         f0041010  c.lwsp   x20, 0x8
#7851 0 8000027c     6105 r 02         f0040fb0  c.addi16sp 0x2
#7852 0 8000027e     8082 r 00         00000000  c.jr     x1
#7853 0 80000222     874e r 0e         f0041028  c.mv     x14, x19
#7854 0 80000224     86a2 r 0d         f0041018  c.mv     x13, x8
#7855 0 80000226     864a r 0c         f0041020  c.mv     x12, x18
#7856 0 80000228     4585 r 0b         00000001  c.li     x11, 0x1
#7857 0 8000022a     8552 r 0a         f0041010  c.mv     x10, x20
#7858 0 8000022c     37e9 r 01         8000022e  c.jal    . - 0x36
#7859 0 800001f6     1101 r 02         f0040f90  c.addi   x2, -0x20
#7860 0 800001f8     cc22 m f0040fa8   f0041018  c.swsp   x8, 0x18
#7861 0 800001fa     ca26 m f0040fa4   00000001  c.swsp   x9, 0x14
#7862 0 800001fc     c84a m f0040fa0   f0041020  c.swsp   x18, 0x10
#7863 0 800001fe     c64e m f0040f9c   f0041028  c.swsp   x19, 0xc
#7864 0 80000200     c452 m f0040f98   f0041010  c.swsp   x20, 0x8
#7865 0 80000202     ce06 m f0040fac   8000022e  c.swsp   x1, 0x1c
#7866 0 80000204     4785 r 0f         00000001  c.li     x15, 0x1
#7867 0 80000206     8a2a r 14         f0041010  c.mv     x20, x10
#7868 0 80000208     8932 r 12         f0041020  c.mv     x18, x12
#7869 0 8000020a     89ba r 13         f0041028  c.mv     x19, x14
#7870 0 8000020c     84ae r 09         00000001  c.mv     x9, x11
#7871 0 8000020e     8436 r 08         f0041018  c.mv     x8, x13
#7872 0 80000210 02f58663 r 00         00000000  beq      x11, x15, . + 0x2c
#7873 0 8000023c     8432 r 08         f0041020  c.mv     x8, x12
#7874 0 8000023e     405c r 0f         f0040028  c.lw     x15, 0x4(x8)
#7875 0 80000240     4014 r 0d         00000001  c.lw     x13, 0x0(x8)
#7876 0 80000242 004a2703 r 0e         0000001d  lw       x14, 0x4(x20)
#7877 0 80000246     43cc r 0b         00000000  c.lw     x11, 0x4(x15)
#7878 0 80000248     4390 r 0c         00000002  c.lw     x12, 0x0(x15)
#7879 0 8000024a     16fd r 0d         00000000  c.addi   x13, -0x1
#7880 0 8000024c     c04c m f0041024   00000000  c.sw     x11, 0x4(x8)
#7881 0 8000024e 0049a583 r 0b         f0040020  lw       x11, 0x4(x19)
#7882 0 80000252     c014 m f0041020   00000000  c.sw     x13, 0x0(x8)
#7883 0 80000254 0009a683 r 0d         00000003  lw       x13, 0x0(x19)
#7884 0 80000258     c3cc m f004002c   f0040020  c.sw     x11, 0x4(x15)
#7885 0 8000025a 00f9a223 m f004102c   f0040028  sw       x15, 0x4(x19)
#7886 0 8000025e     c390 m f0040028   00000002  c.sw     x12, 0x0(x15)
#7887 0 80000260     40f2 r 01         8000022e  c.lwsp   x1, 0x1c
#7888 0 80000262     4462 r 08         f0041018  c.lwsp   x8, 0x18
#7889 0 80000264 00168793 r 0f         00000004  addi     x15, x13, 0x1
#7890 0 80000268 00f9a023 m f0041028   00000004  sw       x15, 0x0(x19)
#7891 0 8000026c 00170793 r 0f         0000001e  addi     x15, x14, 0x1
#7892 0 80000270 00fa2223 m f0041014   0000001e  sw       x15, 0x4(x20)
#7893 0 80000274     44d2 r 09         00000001  c.lwsp   x9, 0x14
#7894 0 80000276     4942 r 12         f0041020  c.lwsp   x18, 0x10
#7895 0 80000278     49b2 r 13         f0041028  c.lwsp   x19, 0xc
#7896 0 8000027a     4a22 r 14         f0041010  c.lwsp   x20, 0x8
#7897 0 8000027c     6105 r 02         f0040fb0  c.addi16sp 0x2
#7898 0 8000027e     8082 r 00         00000000  c.jr     x1
#7899 0 8000022e     4785 r 0f         00000001  c.li     x15, 0x1
#7900 0 80000230     874a r 0e         f0041020  c.mv     x14, x18
#7901 0 80000232 00f48663 r 00         00000000  beq      x9, x15, . + 0xc
#7902 0 8000023e     405c r 0f         f0040030  c.lw     x15, 0x4(x8)
#7903 0 80000240     4014 r 0d         00000003  c.lw     x13, 0x0(x8)
#7904 0 80000242 004a2703 r 0e         0000001e  lw       x14, 0x4(x20)
#7905 0 80000246     43cc r 0b         f0040008  c.lw     x11, 0x4(x15)
#7906 0 80000248     4390 r 0c         00000001  c.lw     x12, 0x0(x15)
#7907 0 8000024a     16fd r 0d         00000002  c.addi   x13, -0x1
#7908 0 8000024c     c04c m f004101c   f0040008  c.sw     x11, 0x4(x8)
#7909 0 8000024e 0049a583 r 0b         f0040028  lw       x11, 0x4(x19)
#7910 0 80000252     c014 m f0041018   00000002  c.sw     x13, 0x0(x8)
#7911 0 80000254 0009a683 r 0d         00000004  lw       x13, 0x0(x19)
#7912 0 80000258     c3cc m f0040034   f0040028  c.sw     x11, 0x4(x15)
#7913 0 8000025a 00f9a223 m f004102c   f0040030  sw       x15, 0x4(x19)
#7914 0 8000025e     c390 m f0040030   00000001  c.sw     x12, 0x0(x15)
#7915 0 80000260     40f2 r 01         80000222  c.lwsp   x1, 0x1c
#7916 0 80000262     4462 r 08         f0041028  c.lwsp   x8, 0x18
#7917 0 80000264 00168793 r 0f         00000005  addi     x15, x13, 0x1
#7918 0 80000268 00f9a023 m f0041028   00000005  sw       x15, 0x0(x19)
#7919 0 8000026c 00170793 r 0f         0000001f  addi     x15, x14, 0x1
#7920 0 80000270 00fa2223 m f0041014   0000001f  sw       x15, 0x4(x20)
#7921 0 80000274     44d2 r 09         00000005  c.lwsp   x9, 0x14
#7922 0 80000276     4942 r 12         f0041018  c.lwsp   x18, 0x10
#7923 0 80000278     49b2 r 13         f0041020  c.lwsp   x19, 0xc
#7924 0 8000027a     4a22 r 14         f0041010  c.lwsp   x20, 0x8
#7925 0 8000027c     6105 r 02         f0040fd0  c.addi16sp 0x2
#7926 0 8000027e     8082 r 00         00000000  c.jr     x1
#7927 0 80000222     874e r 0e         f0041020  c.mv     x14, x19
#7928 0 80000224     86a2 r 0d         f0041028  c.mv     x13, x8
#7929 0 80000226     864a r 0c         f0041018  c.mv     x12, x18
#7930 0 80000228     4585 r 0b         00000001  c.li     x11, 0x1
#7931 0 8000022a     8552 r 0a         f0041010  c.mv     x10, x20
#7932 0 8000022c     37e9 r 01         8000022e  c.jal    . - 0x36
#7933 0 800001f6     1101 r 02         f0040fb0  c.addi   x2, -0x20
#7934 0 800001f8     cc22 m f0040fc8   f0041028  c.swsp   x8, 0x18
#7935 0 800001fa     ca26 m f0040fc4   00000005  c.swsp   x9, 0x14
#7936 0 800001fc     c84a m f0040fc0   f0041018  c.swsp   x18, 0x10
#7937 0 800001fe     c64e m f0040fbc   f0041020  c.swsp   x19, 0xc
#7938 0 80000200     c452 m f0040fb8   f0041010  c.swsp   x20, 0x8
#7939 0 80000202     ce06 m f0040fcc   8000022e  c.swsp   x1, 0x1c
#7940 0 80000204     4785 r 0f         00000001  c.li     x15, 0x1
#7941 0 80000206     8a2a r 14         f0041010  c.mv     x20, x10
#7942 0 80000208     8932 r 12         f0041018  c.mv     x18, x12
#7943 0 8000020a     89ba r 13         f0041020  c.mv     x19, x14
#7944 0 8000020c     84ae r 09         00000001  c.mv     x9, x11
#7945 0 8000020e     8436 r 08         f0041028  c.mv     x8, x13
#7946 0 80000210 02f58663 r 00         00000000  beq      x11, x15, . + 0x2c
#7947 0 8000023c     8432 r 08         f0041018  c.mv     x8, x12
#7948 0 8000023e     405c r 0f         f0040008  c.lw     x15, 0x4(x8)
#7949 0 80000240     4014 r 0d         00000002  c.lw     x13, 0x0(x8)
#7950 0 80000242 004a2703 r 0e         0000001f  lw       x14, 0x4(x20)
#7951 0 80000246     43cc r 0b         f0040000  c.lw     x11, 0x4(x15)
#7952 0 80000248     4390 r 0c         00000006  c.lw     x12, 0x0(x15)
#7953 0 8000024a     16fd r 0d         00000001  c.addi   x13, -0x1
#7954 0 8000024c     c04c m f004101c   f0040000  c.sw     x11, 0x4(x8)
#7955 0 8000024e 0049a583 r 0b         00000000  lw       x11, 0x4(x19)
#7956 0 80000252     c014 m f0041018   00000001  c.sw     x13, 0x0(x8)
#7957 0 80000254 0009a683 r 0d         00000000  lw       x13, 0x0(x19)
#7958 0 80000258     c3cc m f004000c   00000000  c.sw     x11, 0x4(x15)
#7959 0 8000025a 00f9a223 m f0041024   f0040008  sw       x15, 0x4(x19)
#7960 0 8000025e     c390 m f0040008   00000006  c.sw     x12, 0x0(x15)
#7961 0 80000260     40f2 r 01         8000022e  c.lwsp   x1, 0x1c
#7962 0 80000262     4462 r 08         f0041028  c.lwsp   x8, 0x18
#7963 0 80000264 00168793 r 0f         00000001  addi     x15, x13, 0x1
#7964 0 80000268 00f9a023 m f0041020   00000001  sw       x15, 0x0(x19)
#7965 0 8000026c 00170793 r 0f         00000020  addi     x15, x14, 0x1
#7966 0 80000270 00fa2223 m f0041014   00000020  sw       x15, 0x4(x20)
#7967 0 80000274     44d2 r 09         00000005  c.lwsp   x9, 0x14
#7968 0 80000276     4942 r 12         f0041018  c.lwsp   x18, 0x10
#7969 0 80000278     49b2 r 13         f0041020  c.lwsp   x19, 0xc
#7970 0 8000027a     4a22 r 14         f0041010  c.lwsp   x20, 0x8
#7971 0 8000027c     6105 r 02         f0040fd0  c.addi16sp 0x2
#7972 0 8000027e     8082 r 00         00000000  c.jr     x1
#7973 0 8000022e     4785 r 0f         00000001  c.li     x15, 0x1
#7974 0 80000230     874a r 0e         f0041018  c.mv     x14, x18
#7975 0 80000232 00f48663 r 00         00000000  beq      x9, x15, . + 0xc
#7976 0 80000236     8922 r 12         f0041028  c.mv     x18, x8
#7977 0 80000238     843a r 08         f0041018  c.mv     x8, x14
#7978 0 8000023a     bfe9 r 00         00000000  c.j      . - 0x26
#7979 0 80000214     14fd r 09         00000004  c.addi   x9, -0x1
#7980 0 80000216     85a6 r 0b         00000004  c.mv     x11, x9
#7981 0 80000218     8552 r 0a         f0041010  c.mv     x10, x20
#7982 0 8000021a     8722 r 0e         f0041018  c.mv     x14, x8
#7983 0 8000021c     86ce r 0d         f0041020  c.mv     x13, x19
#7984 0 8000021e     864a r 0c         f0041028  c.mv     x12, x18
#7985 0 80000220     3fd9 r 01         80000222  c.jal    . - 0x2a
#7986 0 800001f6     1101 r 02         f0040fb0  c.addi   x2, -0x20
#7987 0 800001f8     cc22 m f0040fc8   f0041018  c.swsp   x8, 0x18
#7988 0 800001fa     ca26 m f0040fc4   00000004  c.swsp   x9, 0x14
#7989 0 800001fc     c84a m f0040fc0   f0041028  c.swsp   x18, 0x10
#7990 0 800001fe     c64e m f0040fbc   f0041020  c.swsp   x19, 0xc
#7991 0 80000200     c452 m f0040fb8   f0041010  c.swsp   x20, 0x8
#7992 0 80000202     ce06 m f0040fcc   80000222  c.swsp   x1, 0x1c
#7993 0 80000204     4785 r 0f         00000001  c.li     x15, 0x1
#7994 0 80000206     8a2a r 14         f0041010  c.mv     x20, x10
#7995 0 80000208     8932 r 12         f0041028  c.mv     x18, x12
#7996 0 8000020a     89ba r 13         f0041018  c.mv     x19, x14
#7997 0 8000020c     84ae r 09         00000004  c.mv     x9, x11
#7998 0 8000020e     8436 r 08         f0041020  c.mv     x8, x13
#7999 0 80000210 02f58663 r 00         00000000  beq      x11, x15, . + 0x2c
#8000 0 80000214     14fd r 09         00000003  c.addi   x9, -0x1
#8001 0 80000216     85a6 r 0b         00000003  c.mv     x11, x9
#8002 0 80000218     8552 r 0a         f0041010  c.mv     x10, x20
#8003 0 8000021a     8722 r 0e         f0041020  c.mv     x14, x8
#8004 0 8000021c     86ce r 0d         f0041018  c.mv     x13, x19
#8005 0 8000021e     864a r 0c         f0041028  c.mv     x12, x18
#8006 0 80000220     3fd9 r 01         80000222  c.jal    . - 0x2a
#8007 0 800001f6     1101 r 02         f0040f90  c.addi   x2, -0x20
#8008 0 800001f8     cc22 m f0040fa8   f0041020  c.swsp   x8, 0x18
#8009 0 800001fa     ca26 m f0040fa4   00000003  c.swsp   x9, 0x14
#8010 0 800001fc     c84a m f0040fa0   f0041028  c.swsp   x18, 0x10
#8011 0 800001fe     c64e m f0040f9c   f0041018  c.swsp   x19, 0xc
#8012 0 80000200     c452 m f0040f98   f0041010  c.swsp   x20, 0x8
#8013 0 80000202     ce06 m f0040fac   80000222  c.swsp   x1, 0x1c
#8014 0 80000204     4785 r 0f         00000001  c.li     x15, 0x1
#8015 0 80000206     8a2a r 14         f0041010  c.mv     x20, x10
#8016 0 80000208     8932 r 12         f0041028  c.mv     x18, x12
#8017 0 8000020a     89ba r 13         f0041020  c.mv     x19, x14
#8018 0 8000020c     84ae r 09         00000003  c.mv     x9, x11
#8019 0 8000020e     8436 r 08         f0041018  c.mv     x8, x13
#8020 0 80000210 02f58663 r 00         00000000  beq      x11, x15, . + 0x2c
#8021 0 80000214     14fd r 09         00000002  c.addi   x9, -0x1
#8022 0 80000216     85a6 r 0b         00000002  c.mv     x11, x9
#8023 0 80000218     8552 r 0a         f0041010  c.mv     x10, x20
#8024 0 8000021a     8722 r 0e         f0041018  c.mv     x14, x8
#8025 0 8000021c     86ce r 0d         f0041020  c.mv     x13, x19
#8026 0 8000021e     864a r 0c         f0041028  c.mv     x12, x18
#8027 0 80000220     3fd9 r 01         80000222  c.jal    . - 0x2a
#8028 0 800001f6     1101 r 02         f0040f70  c.addi   x2, -0x20
#8029 0 800001f8     cc22 m f0040f88   f0041018  c.swsp   x8, 0x18
#8030 0 800001fa     ca26 m f0040f84   00000002  c.swsp   x9, 0x14
#8031 0 800001fc     c84a m f0040f80   f0041028  c.swsp   x18, 0x10
#8032 0 800001fe     c64e m f0040f7c   f0041020  c.swsp   x19, 0xc
#8033 0 80000200     c452 m f0040f78   f0041010  c.swsp   x20, 0x8
#8034 0 80000202     ce06 m f0040f8c   80000222  c.swsp   x1, 0x1c
#8035 0 80000204     4785 r 0f         00000001  c.li     x15, 0x1
#8036 0 80000206     8a2a r 14         f0041010  c.mv     x20, x10
#8037 0 80000208     8932 r 12         f0041028  c.mv     x18, x12
#8038 0 8000020a     89ba r 13         f0041018  c.mv     x19, x14
#8039 0 8000020c     84ae r 09         00000002  c.mv     x9, x11
#8040 0 8000020e     8436 r 08         f0041020  c.mv     x8, x13
#8041 0 80000210 02f58663 r 00         00000000  beq      x11, x15, . + 0x2c
#8042 0 80000214     14fd r 09         00000001  c.addi   x9, -0x1
#8043 0 80000216     85a6 r 0b         00000001  c.mv     x11, x9
#8044 0 80000218     8552 r 0a         f0041010  c.mv     x10, x20
#8045 0 8000021a     8722 r 0e         f0041020  c.mv     x14, x8
#8046 0 8000021c     86ce r 0d         f0041018  c.mv     x13, x19
#8047 0 8000021e     864a r 0c         f0041028  c.mv     x12, x18
#8048 0 80000220     3fd9 r 01         80000222  c.jal    . - 0x2a
#8049 0 800001f6     1101 r 02         f0040f50  c.addi   x2, -0x20
#8050 0 800001f8     cc22 m f0040f68   f0041020  c.swsp   x8, 0x18
#8051 0 800001fa     ca26 m f0040f64   00000001  c.swsp   x9, 0x14
#8052 0 800001fc     c84a m f0040f60   f0041028  c.swsp   x18, 0x10
#8053 0 800001fe     c64e m f0040f5c   f0041018  c.swsp   x19, 0xc
#8054 0 80000200     c452 m f0040f58   f0041010  c.swsp   x20, 0x8
#8055 0 80000202     ce06 m f0040f6c   80000222  c.swsp   x1, 0x1c
#8056 0 80000204     4785 r 0f         00000001  c.li     x15, 0x1
#8057 0 80000206     8a2a r 14         f0041010  c.mv     x20, x10
#8058 0 80000208     8932 r 12         f0041028  c.mv     x18, x12
#8059 0 8000020a     89ba r 13         f0041020  c.mv     x19, x14
#8060 0 8000020c     84ae r 09         00000001  c.mv     x9, x11
#8061 0 8000020e     8436 r 08         f0041018  c.mv     x8, x13
#8062 0 80000210 02f58663 r 00         00000000  beq      x11, x15, . + 0x2c
#8063 0 8000023c     8432 r 08         f0041028  c.mv     x8, x12
#8064 0 8000023e     405c r 0f         f0040030  c.lw     x15, 0x4(x8)
#8065 0 80000240     4014 r 0d         00000005  c.lw     x13, 0x0(x8)
#8066 0 80000242 004a2703 r 0e         00000020  lw       x14, 0x4(x20)
#8067 0 80000246     43cc r 0b         f0040028  c.lw     x11, 0x4(x15)
#8068 0 80000248     4390 r 0c         00000001  c.lw     x12, 0x0(x15)
#8069 0 8000024a     16fd r 0d         00000004  c.addi   x13, -0x1
#8070 0 8000024c     c04c m f004102c   f0040028  c.sw     x11, 0x4(x8)
#8071 0 8000024e 0049a583 r 0b         f0040008  lw       x11, 0x4(x19)
#8072 0 80000252     c014 m f0041028   00000004  c.sw     x13, 0x0(x8)
#8073 0 80000254 0009a683 r 0d         00000001  lw       x13, 0x0(x19)
#8074 0 80000258     c3cc m f0040034   f0040008  c.sw     x11, 0x4(x15)
#8075 0 8000025a 00f9a223 m f0041024   f0040030  sw       x15, 0x4(x19)
#8076 0 8000025e     c390 m f0040030   00000001  c.sw     x12, 0x0(x15)
#8077 0 80000260     40f2 r 01         80000222  c.lwsp   x1, 0x1c
#8078 0 80000262     4462 r 08         f0041020  c.lwsp   x8, 0x18
#8079 0 80000264 00168793 r 0f         00000002  addi     x15, x13, 0x1
#8080 0 80000268 00f9a023 m f0041020   00000002  sw       x15, 0x0(x19)
#8081 0 8000026c 00170793 r 0f         00000021  addi     x15, x14, 0x1
#8082 0 80000270 00fa2223 m f0041014   00000021  sw       x15, 0x4(x20)
#8083 0 80000274     44d2 r 09         00000001  c.lwsp   x9, 0x14
#8084 0 80000276     4942 r 12         f0041028  c.lwsp   x18, 0x10
#8085 0 80000278     49b2 r 13         f0041018  c.lwsp   x19, 0xc
#8086 0 8000027a     4a22 r 14         f0041010  c.lwsp   x20, 0x8
#8087 0 8000027c     6105 r 02         f0040f70  c.addi16sp 0x2
#8088 0 8000027e     8082 r 00         00000000  c.jr     x1
#8089 0 80000222     874e r 0e         f0041018  c.mv     x14, x19
#8090 0 80000224     86a2 r 0d         f0041020  c.mv     x13, x8
#8091 0 80000226     864a r 0c         f0041028  c.mv     x12, x18
#8092 0 80000228     4585 r 0b         00000001  c.li     x11, 0x1
#8093 0 8000022a     8552 r 0a         f0041010  c.mv     x10, x20
#8094 0 8000022c     37e9 r 01         8000022e  c.jal    . - 0x36
#8095 0 800001f6     1101 r 02         f0040f50  c.addi   x2, -0x20
#8096 0 800001f8     cc22 m f0040f68   f0041020  c.swsp   x8, 0x18
#8097 0 800001fa     ca26 m f0040f64   00000001  c.swsp   x9, 0x14
#8098 0 800001fc     c84a m f0040f60   f0041028  c.swsp   x18, 0x10
#8099 0 800001fe     c64e m f0040f5c   f0041018  c.swsp   x19, 0xc
#8100 0 80000200     c452 m f0040f58   f0041010  c.swsp   x20, 0x8
#8101 0 80000202     ce06 m f0040f6c   8000022e  c.swsp   x1, 0x1c
#8102 0 80000204     4785 r 0f         00000001  c.li     x15, 0x1
#8103 0 80000206     8a2a r 14         f0041010  c.mv     x20, x10
#8104 0 80000208     8932 r 12         f0041028  c.mv     x18, x12
#8105 0 8000020a     89ba r 13         f0041018  c.mv     x19, x14
#8106 0 8000020c     84ae r 09         00000001  c.mv     x9, x11
#8107 0 8000020e     8436 r 08         f0041020  c.mv     x8, x13
#8108 0 80000210 02f58663 r 00         00000000  beq      x11, x15, . + 0x2c
#8109 0 8000023c     8432 r 08         f0041028  c.mv     x8, x12
#8110 0 8000023e     405c r 0f         f0040028  c.lw     x15, 0x4(x8)
#8111 0 80000240     4014 r 0d         00000004  c.lw     x13, 0x0(x8)
#8112 0 80000242 004a2703 r 0e         00000021  lw       x14, 0x4(x20)
#8113 0 80000246     43cc r 0b         f0040020  c.lw     x11, 0x4(x15)
#8114 0 80000248     4390 r 0c         00000002  c.lw     x12, 0x0(x15)
#8115 0 8000024a     16fd r 0d         00000003  c.addi   x13, -0x1
#8116 0 8000024c     c04c m f004102c   f0040020  c.sw     x11, 0x4(x8)
#8117 0 8000024e 0049a583 r 0b         f0040000  lw       x11, 0x4(x19)
#8118 0 80000252     c014 m f0041028   00000003  c.sw     x13, 0x0(x8)
#8119 0 80000254 0009a683 r 0d         00000001  lw       x13, 0x0(x19)
#8120 0 80000258     c3cc m f004002c   f0040000  c.sw     x11, 0x4(x15)
#8121 0 8000025a 00f9a223 m f004101c   f0040028  sw       x15, 0x4(x19)
#8122 0 8000025e     c390 m f0040028   00000002  c.sw     x12, 0x0(x15)
#8123 0 80000260     40f2 r 01         8000022e  c.lwsp   x1, 0x1c
#8124 0 80000262     4462 r 08         f0041020  c.lwsp   x8, 0x18
#8125 0 80000264 00168793 r 0f         00000002  addi     x15, x13, 0x1
#8126 0 80000268 00f9a023 m f0041018   00000002  sw       x15, 0x0(x19)
#8127 0 8000026c 00170793 r 0f         00000022  addi     x15, x14, 0x1
#8128 0 80000270 00fa2223 m f0041014   00000022  sw       x15, 0x4(x20)
#8129 0 80000274     44d2 r 09         00000001  c.lwsp   x9, 0x14
#8130 0 80000276     4942 r 12         f0041028  c.lwsp   x18, 0x10
#8131 0 80000278     49b2 r 13         f0041018  c.lwsp   x19, 0xc
#8132 0 8000027a     4a22 r 14         f0041010  c.lwsp   x20, 0x8
#8133 0 8000027c     6105 r 02         f0040f70  c.addi16sp 0x2
#8134 0 8000027e     8082 r 00         00000000  c.jr     x1
#8135 0 8000022e     4785 r 0f         00000001  c.li     x15, 0x1
#8136 0 80000230     874a r 0e         f0041028  c.mv     x14, x18
#8137 0 80000232 00f48663 r 00         00000000  beq      x9, x15, . + 0xc
#8138 0 8000023e     405c r 0f         f0040030  c.lw     x15, 0x4(x8)
#8139 0 80000240     4014 r 0d         00000002  c.lw     x13, 0x0(x8)
#8140 0 80000242 004a2703 r 0e         00000022  lw       x14, 0x4(x20)
#8141 0 80000246     43cc r 0b         f0040008  c.lw     x11, 0x4(x15)
#8142 0 80000248     4390 r 0c         00000001  c.lw     x12, 0x0(x15)
#8143 0 8000024a     16fd r 0d         00000001  c.addi   x13, -0x1
#8144 0 8000024c     c04c m f0041024   f0040008  c.sw     x11, 0x4(x8)
#8145 0 8000024e 0049a583 r 0b         f0040028  lw       x11, 0x4(x19)
#8146 0 80000252     c014 m f0041020   00000001  c.sw     x13, 0x0(x8)
#8147 0 80000254 0009a683 r 0d         00000002  lw       x13, 0x0(x19)
#8148 0 80000258     c3cc m f0040034   f0040028  c.sw     x11, 0x4(x15)
#8149 0 8000025a 00f9a223 m f004101c   f0040030  sw       x15, 0x4(x19)
#8150 0 8000025e     c390 m f0040030   00000001  c.sw     x12, 0x0(x15)
#8151 0 80000260     40f2 r 01         80000222  c.lwsp   x1, 0x1c
#8152 0 80000262     4462 r 08         f0041018  c.lwsp   x8, 0x18
#8153 0 80000264 00168793 r 0f         00000003  addi     x15, x13, 0x1
#8154 0 80000268 00f9a023 m f0041018   00000003  sw       x15, 0x0(x19)
#8155 0 8000026c 00170793 r 0f         00000023  addi     x15, x14, 0x1
#8156 0 80000270 00fa2223 m f0041014   00000023  sw       x15, 0x4(x20)
#8157 0 80000274     44d2 r 09         00000002  c.lwsp   x9, 0x14
#8158 0 80000276     4942 r 12         f0041028  c.lwsp   x18, 0x10
#8159 0 80000278     49b2 r 13         f0041020  c.lwsp   x19, 0xc
#8160 0 8000027a     4a22 r 14         f0041010  c.lwsp   x20, 0x8
#8161 0 8000027c     6105 r 02         f0040f90  c.addi16sp 0x2
#8162 0 8000027e     8082 r 00         00000000  c.jr     x1
#8163 0 80000222     874e r 0e         f0041020  c.mv     x14, x19
#8164 0 80000224     86a2 r 0d         f0041018  c.mv     x13, x8
#8165 0 80000226     864a r 0c         f0041028  c.mv     x12, x18
#8166 0 80000228     4585 r 0b         00000001  c.li     x11, 0x1
#8167 0 8000022a     8552 r 0a         f0041010  c.mv     x10, x20
#8168 0 8000022c     37e9 r 01         8000022e  c.jal    . - 0x36
#8169 0 800001f6     1101 r 02         f0040f70  c.addi   x2, -0x20
#8170 0 800001f8     cc22 m f0040f88   f0041018  c.swsp   x8, 0x18
#8171 0 800001fa     ca26 m f0040f84   00000002  c.swsp   x9, 0x14
#8172 0 800001fc     c84a m f0040f80   f0041028  c.swsp   x18, 0x10
#8173 0 800001fe     c64e m f0040f7c   f0041020  c.swsp   x19, 0xc
#8174 0 80000200     c452 m f0040f78   f0041010  c.swsp   x20, 0x8
#8175 0 80000202     ce06 m f0040f8c   8000022e  c.swsp   x1, 0x1c
#8176 0 80000204     4785 r 0f         00000001  c.li     x15, 0x1
#8177 0 80000206     8a2a r 14         f0041010  c.mv     x20, x10
#8178 0 80000208     8932 r 12         f0041028  c.mv     x18, x12
#8179 0 8000020a     89ba r 13         f0041020  c.mv     x19, x14
#8180 0 8000020c     84ae r 09         00000001  c.mv     x9, x11
#8181 0 8000020e     8436 r 08         f0041018  c.mv     x8, x13
#8182 0 80000210 02f58663 r 00         00000000  beq      x11, x15, . + 0x2c
#8183 0 8000023c     8432 r 08         f0041028  c.mv     x8, x12
#8184 0 8000023e     405c r 0f         f0040020  c.lw     x15, 0x4(x8)
#8185 0 80000240     4014 r 0d         00000003  c.lw     x13, 0x0(x8)
#8186 0 80000242 004a2703 r 0e         00000023  lw       x14, 0x4(x20)
#8187 0 80000246     43cc r 0b         f0040018  c.lw     x11, 0x4(x15)
#8188 0 80000248     4390 r 0c         00000003  c.lw     x12, 0x0(x15)
#8189 0 8000024a     16fd r 0d         00000002  c.addi   x13, -0x1
#8190 0 8000024c     c04c m f004102c   f0040018  c.sw     x11, 0x4(x8)
#8191 0 8000024e 0049a583 r 0b         f0040008  lw       x11, 0x4(x19)
#8192 0 80000252     c014 m f0041028   00000002  c.sw     x13, 0x0(x8)
#8193 0 80000254 0009a683 r 0d         00000001  lw       x13, 0x0(x19)
#8194 0 80000258     c3cc m f0040024   f0040008  c.sw     x11, 0x4(x15)
#8195 0 8000025a 00f9a223 m f0041024   f0040020  sw       x15, 0x4(x19)
#8196 0 8000025e     c390 m f0040020   00000003  c.sw     x12, 0x0(x15)
#8197 0 80000260     40f2 r 01         8000022e  c.lwsp   x1, 0x1c
#8198 0 80000262     4462 r 08         f0041018  c.lwsp   x8, 0x18
#8199 0 80000264 00168793 r 0f         00000002  addi     x15, x13, 0x1
#8200 0 80000268 00f9a023 m f0041020   00000002  sw       x15, 0x0(x19)
#8201 0 8000026c 00170793 r 0f         00000024  addi     x15, x14, 0x1
#8202 0 80000270 00fa2223 m f0041014   00000024  sw       x15, 0x4(x20)
#8203 0 80000274     44d2 r 09         00000002  c.lwsp   x9, 0x14
#8204 0 80000276     4942 r 12         f0041028  c.lwsp   x18, 0x10
#8205 0 80000278     49b2 r 13         f0041020  c.lwsp   x19, 0xc
#8206 0 8000027a     4a22 r 14         f0041010  c.lwsp   x20, 0x8
#8207 0 8000027c     6105 r 02         f0040f90  c.addi16sp 0x2
#8208 0 8000027e     8082 r 00         00000000  c.jr     x1
#8209 0 8000022e     4785 r 0f         00000001  c.li     x15, 0x1
#8210 0 80000230     874a r 0e         f0041028  c.mv     x14, x18
#8211 0 80000232 00f48663 r 00         00000000  beq      x9, x15, . + 0xc
#8212 0 80000236     8922 r 12         f0041018  c.mv     x18, x8
#8213 0 80000238     843a r 08         f0041028  c.mv     x8, x14
#8214 0 8000023a     bfe9 r 00         00000000  c.j      . - 0x26
#8215 0 80000214     14fd r 09         00000001  c.addi   x9, -0x1
#8216 0 80000216     85a6 r 0b         00000001  c.mv     x11, x9
#8217 0 80000218     8552 r 0a         f0041010  c.mv     x10, x20
#8218 0 8000021a     8722 r 0e         f0041028  c.mv     x14, x8
#8219 0 8000021c     86ce r 0d         f0041020  c.mv     x13, x19
#8220 0 8000021e     864a r 0c         f0041018  c.mv     x12, x18
#8221 0 80000220     3fd9 r 01         80000222  c.jal    . - 0x2a
#8222 0 800001f6     1101 r 02         f0040f70  c.addi   x2, -0x20
#8223 0 800001f8     cc22 m f0040f88   f0041028  c.swsp   x8, 0x18
#8224 0 800001fa     ca26 m f0040f84   00000001  c.swsp   x9, 0x14
#8225 0 800001fc     c84a m f0040f80   f0041018  c.swsp   x18, 0x10
#8226 0 800001fe     c64e m f0040f7c   f0041020  c.swsp   x19, 0xc
#8227 0 80000200     c452 m f0040f78   f0041010  c.swsp   x20, 0x8
#8228 0 80000202     ce06 m f0040f8c   80000222  c.swsp   x1, 0x1c
#8229 0 80000204     4785 r 0f         00000001  c.li     x15, 0x1
#8230 0 80000206     8a2a r 14         f0041010  c.mv     x20, x10
#8231 0 80000208     8932 r 12         f0041018  c.mv     x18, x12
#8232 0 8000020a     89ba r 13         f0041028  c.mv     x19, x14
#8233 0 8000020c     84ae r 09         00000001  c.mv     x9, x11
#8234 0 8000020e     8436 r 08         f0041020  c.mv     x8, x13
#8235 0 80000210 02f58663 r 00         00000000  beq      x11, x15, . + 0x2c
#8236 0 8000023c     8432 r 08         f0041018  c.mv     x8, x12
#8237 0 8000023e     405c r 0f         f0040030  c.lw     x15, 0x4(x8)
#8238 0 80000240     4014 r 0d         00000003  c.lw     x13, 0x0(x8)
#8239 0 80000242 004a2703 r 0e         00000024  lw       x14, 0x4(x20)
#8240 0 80000246     43cc r 0b         f0040028  c.lw     x11, 0x4(x15)
#8241 0 80000248     4390 r 0c         00000001  c.lw     x12, 0x0(x15)
#8242 0 8000024a     16fd r 0d         00000002  c.addi   x13, -0x1
#8243 0 8000024c     c04c m f004101c   f0040028  c.sw     x11, 0x4(x8)
#8244 0 8000024e 0049a583 r 0b         f0040018  lw       x11, 0x4(x19)
#8245 0 80000252     c014 m f0041018   00000002  c.sw     x13, 0x0(x8)
#8246 0 80000254 0009a683 r 0d         00000002  lw       x13, 0x0(x19)
#8247 0 80000258     c3cc m f0040034   f0040018  c.sw     x11, 0x4(x15)
#8248 0 8000025a 00f9a223 m f004102c   f0040030  sw       x15, 0x4(x19)
#8249 0 8000025e     c390 m f0040030   00000001  c.sw     x12, 0x0(x15)
#8250 0 80000260     40f2 r 01         80000222  c.lwsp   x1, 0x1c
#8251 0 80000262     4462 r 08         f0041028  c.lwsp   x8, 0x18
#8252 0 80000264 00168793 r 0f         00000003  addi     x15, x13, 0x1
#8253 0 80000268 00f9a023 m f0041028   00000003  sw       x15, 0x0(x19)
#8254 0 8000026c 00170793 r 0f         00000025  addi     x15, x14, 0x1
#8255 0 80000270 00fa2223 m f0041014   00000025  sw       x15, 0x4(x20)
#8256 0 80000274     44d2 r 09         00000001  c.lwsp   x9, 0x14
#8257 0 80000276     4942 r 12         f0041018  c.lwsp   x18, 0x10
#8258 0 80000278     49b2 r 13         f0041020  c.lwsp   x19, 0xc
#8259 0 8000027a     4a22 r 14         f0041010  c.lwsp   x20, 0x8
#8260 0 8000027c     6105 r 02         f0040f90  c.addi16sp 0x2
#8261 0 8000027e     8082 r 00         00000000  c.jr     x1
#8262 0 80000222     874e r 0e         f0041020  c.mv     x14, x19
#8263 0 80000224     86a2 r 0d         f0041028  c.mv     x13, x8
#8264 0 80000226     864a r 0c         f0041018  c.mv     x12, x18
#8265 0 80000228     4585 r 0b         00000001  c.li     x11, 0x1
#8266 0 8000022a     8552 r 0a         f0041010  c.mv     x10, x20
#8267 0 8000022c     37e9 r 01         8000022e  c.jal    . - 0x36
#8268 0 800001f6     1101 r 02         f0040f70  c.addi   x2, -0x20
#8269 0 800001f8     cc22 m f0040f88   f0041028  c.swsp   x8, 0x18
#8270 0 800001fa     ca26 m f0040f84   00000001  c.swsp   x9, 0x14
#8271 0 800001fc     c84a m f0040f80   f0041018  c.swsp   x18, 0x10
#8272 0 800001fe     c64e m f0040f7c   f0041020  c.swsp   x19, 0xc
#8273 0 80000200     c452 m f0040f78   f0041010  c.swsp   x20, 0x8
#8274 0 80000202     ce06 m f0040f8c   8000022e  c.swsp   x1, 0x1c
#8275 0 80000204     4785 r 0f         00000001  c.li     x15, 0x1
#8276 0 80000206     8a2a r 14         f0041010  c.mv     x20, x10
#8277 0 80000208     8932 r 12         f0041018  c.mv     x18, x12
#8278 0 8000020a     89ba r 13         f0041020  c.mv     x19, x14
#8279 0 8000020c     84ae r 09         00000001  c.mv     x9, x11
#8280 0 8000020e     8436 r 08         f0041028  c.mv     x8, x13
#8281 0 80000210 02f58663 r 00         00000000  beq      x11, x15, . + 0x2c
#8282 0 8000023c     8432 r 08         f0041018  c.mv     x8, x12
#8283 0 8000023e     405c r 0f         f0040028  c.lw     x15, 0x4(x8)
#8284 0 80000240     4014 r 0d         00000002  c.lw     x13, 0x0(x8)
#8285 0 80000242 004a2703 r 0e         00000025  lw       x14, 0x4(x20)
#8286 0 80000246     43cc r 0b         f0040000  c.lw     x11, 0x4(x15)
#8287 0 80000248     4390 r 0c         00000002  c.lw     x12, 0x0(x15)
#8288 0 8000024a     16fd r 0d         00000001  c.addi   x13, -0x1
#8289 0 8000024c     c04c m f004101c   f0040000  c.sw     x11, 0x4(x8)
#8290 0 8000024e 0049a583 r 0b         f0040020  lw       x11, 0x4(x19)
#8291 0 80000252     c014 m f0041018   00000001  c.sw     x13, 0x0(x8)
#8292 0 80000254 0009a683 r 0d         00000002  lw       x13, 0x0(x19)
#8293 0 80000258     c3cc m f004002c   f0040020  c.sw     x11, 0x4(x15)
#8294 0 8000025a 00f9a223 m f0041024   f0040028  sw       x15, 0x4(x19)
#8295 0 8000025e     c390 m f0040028   00000002  c.sw     x12, 0x0(x15)
#8296 0 80000260     40f2 r 01         8000022e  c.lwsp   x1, 0x1c
#8297 0 80000262     4462 r 08         f0041028  c.lwsp   x8, 0x18
#8298 0 80000264 00168793 r 0f         00000003  addi     x15, x13, 0x1
#8299 0 80000268 00f9a023 m f0041020   00000003  sw       x15, 0x0(x19)
#8300 0 8000026c 00170793 r 0f         00000026  addi     x15, x14, 0x1
#8301 0 80000270 00fa2223 m f0041014   00000026  sw       x15, 0x4(x20)
#8302 0 80000274     44d2 r 09         00000001  c.lwsp   x9, 0x14
#8303 0 80000276     4942 r 12         f0041018  c.lwsp   x18, 0x10
#8304 0 80000278     49b2 r 13         f0041020  c.lwsp   x19, 0xc
#8305 0 8000027a     4a22 r 14         f0041010  c.lwsp   x20, 0x8
#8306 0 8000027c     6105 r 02         f0040f90  c.addi16sp 0x2
#8307 0 8000027e     8082 r 00         00000000  c.jr     x1
#8308 0 8000022e     4785 r 0f         00000001  c.li     x15, 0x1
#8309 0 80000230     874a r 0e         f0041018  c.mv     x14, x18
#8310 0 80000232 00f48663 r 00         00000000  beq      x9, x15, . + 0xc
#8311 0 8000023e     405c r 0f         f0040030  c.lw     x15, 0x4(x8)
#8312 0 80000240     4014 r 0d         00000003  c.lw     x13, 0x0(x8)
#8313 0 80000242 004a2703 r 0e         00000026  lw       x14, 0x4(x20)
#8314 0 80000246     43cc r 0b         f0040018  c.lw     x11, 0x4(x15)
#8315 0 80000248     4390 r 0c         00000001  c.lw     x12, 0x0(x15)
#8316 0 8000024a     16fd r 0d         00000002  c.addi   x13, -0x1
#8317 0 8000024c     c04c m f004102c   f0040018  c.sw     x11, 0x4(x8)
#8318 0 8000024e 0049a583 r 0b         f0040028  lw       x11, 0x4(x19)
#8319 0 80000252     c014 m f0041028   00000002  c.sw     x13, 0x0(x8)
#8320 0 80000254 0009a683 r 0d         00000003  lw       x13, 0x0(x19)
#8321 0 80000258     c3cc m f0040034   f0040028  c.sw     x11, 0x4(x15)
#8322 0 8000025a 00f9a223 m f0041024   f0040030  sw       x15, 0x4(x19)
#8323 0 8000025e     c390 m f0040030   00000001  c.sw     x12, 0x0(x15)
#8324 0 80000260     40f2 r 01         80000222  c.lwsp   x1, 0x1c
#8325 0 80000262     4462 r 08         f0041020  c.lwsp   x8, 0x18
#8326 0 80000264 00168793 r 0f         00000004  addi     x15, x13, 0x1
#8327 0 80000268 00f9a023 m f0041020   00000004  sw       x15, 0x0(x19)
#8328 0 8000026c 00170793 r 0f         00000027  addi     x15, x14, 0x1
#8329 0 80000270 00fa2223 m f0041014   00000027  sw       x15, 0x4(x20)
#8330 0 80000274     44d2 r 09         00000003  c.lwsp   x9, 0x14
#8331 0 80000276     4942 r 12         f0041028  c.lwsp   x18, 0x10
#8332 0 80000278     49b2 r 13         f0041018  c.lwsp   x19, 0xc
#8333 0 8000027a     4a22 r 14         f0041010  c.lwsp   x20, 0x8
#8334 0 8000027c     6105 r 02         f0040fb0  c.addi16sp 0x2
#8335 0 8000027e     8082 r 00         00000000  c.jr     x1
#8336 0 80000222     874e r 0e         f0041018  c.mv     x14, x19
#8337 0 80000224     86a2 r 0d         f0041020  c.mv     x13, x8
#8338 0 80000226     864a r 0c         f0041028  c.mv     x12, x18
#8339 0 80000228     4585 r 0b         00000001  c.li     x11, 0x1
#8340 0 8000022a     8552 r 0a         f0041010  c.mv     x10, x20
#8341 0 8000022c     37e9 r 01         8000022e  c.jal    . - 0x36
#8342 0 800001f6     1101 r 02         f0040f90  c.addi   x2, -0x20
#8343 0 800001f8     cc22 m f0040fa8   f0041020  c.swsp   x8, 0x18
#8344 0 800001fa     ca26 m f0040fa4   00000003  c.swsp   x9, 0x14
#8345 0 800001fc     c84a m f0040fa0   f0041028  c.swsp   x18, 0x10
#8346 0 800001fe     c64e m f0040f9c   f0041018  c.swsp   x19, 0xc
#8347 0 80000200     c452 m f0040f98   f0041010  c.swsp   x20, 0x8
#8348 0 80000202     ce06 m f0040fac   8000022e  c.swsp   x1, 0x1c
#8349 0 80000204     4785 r 0f         00000001  c.li     x15, 0x1
#8350 0 80000206     8a2a r 14         f0041010  c.mv     x20, x10
#8351 0 80000208     8932 r 12         f0041028  c.mv     x18, x12
#8352 0 8000020a     89ba r 13         f0041018  c.mv     x19, x14
#8353 0 8000020c     84ae r 09         00000001  c.mv     x9, x11
#8354 0 8000020e     8436 r 08         f0041020  c.mv     x8, x13
#8355 0 80000210 02f58663 r 00         00000000  beq      x11, x15, . + 0x2c
#8356 0 8000023c     8432 r 08         f0041028  c.mv     x8, x12
#8357 0 8000023e     405c r 0f         f0040018  c.lw     x15, 0x4(x8)
#8358 0 80000240     4014 r 0d         00000002  c.lw     x13, 0x0(x8)
#8359 0 80000242 004a2703 r 0e         00000027  lw       x14, 0x4(x20)
#8360 0 80000246     43cc r 0b         f0040010  c.lw     x11, 0x4(x15)
#8361 0 80000248     4390 r 0c         00000004  c.lw     x12, 0x0(x15)
#8362 0 8000024a     16fd r 0d         00000001  c.addi   x13, -0x1
#8363 0 8000024c     c04c m f004102c   f0040010  c.sw     x11, 0x4(x8)
#8364 0 8000024e 0049a583 r 0b         f0040000  lw       x11, 0x4(x19)
#8365 0 80000252     c014 m f0041028   00000001  c.sw     x13, 0x0(x8)
#8366 0 80000254 0009a683 r 0d         00000001  lw       x13, 0x0(x19)
#8367 0 80000258     c3cc m f004001c   f0040000  c.sw     x11, 0x4(x15)
#8368 0 8000025a 00f9a223 m f004101c   f0040018  sw       x15, 0x4(x19)
#8369 0 8000025e     c390 m f0040018   00000004  c.sw     x12, 0x0(x15)
#8370 0 80000260     40f2 r 01         8000022e  c.lwsp   x1, 0x1c
#8371 0 80000262     4462 r 08         f0041020  c.lwsp   x8, 0x18
#8372 0 80000264 00168793 r 0f         00000002  addi     x15, x13, 0x1
#8373 0 80000268 00f9a023 m f0041018   00000002  sw       x15, 0x0(x19)
#8374 0 8000026c 00170793 r 0f         00000028  addi     x15, x14, 0x1
#8375 0 80000270 00fa2223 m f0041014   00000028  sw       x15, 0x4(x20)
#8376 0 80000274     44d2 r 09         00000003  c.lwsp   x9, 0x14
#8377 0 80000276     4942 r 12         f0041028  c.lwsp   x18, 0x10
#8378 0 80000278     49b2 r 13         f0041018  c.lwsp   x19, 0xc
#8379 0 8000027a     4a22 r 14         f0041010  c.lwsp   x20, 0x8
#8380 0 8000027c     6105 r 02         f0040fb0  c.addi16sp 0x2
#8381 0 8000027e     8082 r 00         00000000  c.jr     x1
#8382 0 8000022e     4785 r 0f         00000001  c.li     x15, 0x1
#8383 0 80000230     874a r 0e         f0041028  c.mv     x14, x18
#8384 0 80000232 00f48663 r 00         00000000  beq      x9, x15, . + 0xc
#8385 0 80000236     8922 r 12         f0041020  c.mv     x18, x8
#8386 0 80000238     843a r 08         f0041028  c.mv     x8, x14
#8387 0 8000023a     bfe9 r 00         00000000  c.j      . - 0x26
#8388 0 80000214     14fd r 09         00000002  c.addi   x9, -0x1
#8389 0 80000216     85a6 r 0b         00000002  c.mv     x11, x9
#8390 0 80000218     8552 r 0a         f0041010  c.mv     x10, x20
#8391 0 8000021a     8722 r 0e         f0041028  c.mv     x14, x8
#8392 0 8000021c     86ce r 0d         f0041018  c.mv     x13, x19
#8393 0 8000021e     864a r 0c         f0041020  c.mv     x12, x18
#8394 0 80000220     3fd9 r 01         80000222  c.jal    . - 0x2a
#8395 0 800001f6     1101 r 02         f0040f90  c.addi   x2, -0x20
#8396 0 800001f8     cc22 m f0040fa8   f0041028  c.swsp   x8, 0x18
#8397 0 800001fa     ca26 m f0040fa4   00000002  c.swsp   x9, 0x14
#8398 0 800001fc     c84a m f0040fa0   f0041020  c.swsp   x18, 0x10
#8399 0 800001fe     c64e m f0040f9c   f0041018  c.swsp   x19, 0xc
#8400 0 80000200     c452 m f0040f98   f0041010  c.swsp   x20, 0x8
#8401 0 80000202     ce06 m f0040fac   80000222  c.swsp   x1, 0x1c
#8402 0 80000204     4785 r 0f         00000001  c.li     x15, 0x1
#8403 0 80000206     8a2a r 14         f0041010  c.mv     x20, x10
#8404 0 80000208     8932 r 12         f0041020  c.mv     x18, x12
#8405 0 8000020a     89ba r 13         f0041028  c.mv     x19, x14
#8406 0 8000020c     84ae r 09         00000002  c.mv     x9, x11
#8407 0 8000020e     8436 r 08         f0041018  c.mv     x8, x13
#8408 0 80000210 02f58663 r 00         00000000  beq      x11, x15, . + 0x2c
#8409 0 80000214     14fd r 09         00000001  c.addi   x9, -0x1
#8410 0 80000216     85a6 r 0b         00000001  c.mv     x11, x9
#8411 0 80000218     8552 r 0a         f0041010  c.mv     x10, x20
#8412 0 8000021a     8722 r 0e         f0041018  c.mv     x14, x8
#8413 0 8000021c     86ce r 0d         f0041028  c.mv     x13, x19
#8414 0 8000021e     864a r 0c         f0041020  c.mv     x12, x18
#8415 0 80000220     3fd9 r 01         80000222  c.jal    . - 0x2a
#8416 0 800001f6     1101 r 02         f0040f70  c.addi   x2, -0x20
#8417 0 800001f8     cc22 m f0040f88   f0041018  c.swsp   x8, 0x18
#8418 0 800001fa     ca26 m f0040f84   00000001  c.swsp   x9, 0x14
#8419 0 800001fc     c84a m f0040f80   f0041020  c.swsp   x18, 0x10
#8420 0 800001fe     c64e m f0040f7c   f0041028  c.swsp   x19, 0xc
#8421 0 80000200     c452 m f0040f78   f0041010  c.swsp   x20, 0x8
#8422 0 80000202     ce06 m f0040f8c   80000222  c.swsp   x1, 0x1c
#8423 0 80000204     4785 r 0f         00000001  c.li     x15, 0x1
#8424 0 80000206     8a2a r 14         f0041010  c.mv     x20, x10
#8425 0 80000208     8932 r 12         f0041020  c.mv     x18, x12
#8426 0 8000020a     89ba r 13         f0041018  c.mv     x19, x14
#8427 0 8000020c     84ae r 09         00000001  c.mv     x9, x11
#8428 0 8000020e     8436 r 08         f0041028  c.mv     x8, x13
#8429 0 80000210 02f58663 r 00         00000000  beq      x11, x15, . + 0x2c
#8430 0 8000023c     8432 r 08         f0041020  c.mv     x8, x12
#8431 0 8000023e     405c r 0f         f0040030  c.lw     x15, 0x4(x8)
#8432 0 80000240     4014 r 0d         00000004  c.lw     x13, 0x0(x8)
#8433 0 80000242 004a2703 r 0e         00000028  lw       x14, 0x4(x20)
#8434 0 80000246     43cc r 0b         f0040028  c.lw     x11, 0x4(x15)
#8435 0 80000248     4390 r 0c         00000001  c.lw     x12, 0x0(x15)
#8436 0 8000024a     16fd r 0d         00000003  c.addi   x13, -0x1
#8437 0 8000024c     c04c m f0041024   f0040028  c.sw     x11, 0x4(x8)
#8438 0 8000024e 0049a583 r 0b         f0040018  lw       x11, 0x4(x19)
#8439 0 80000252     c014 m f0041020   00000003  c.sw     x13, 0x0(x8)
#8440 0 80000254 0009a683 r 0d         00000002  lw       x13, 0x0(x19)
#8441 0 80000258     c3cc m f0040034   f0040018  c.sw     x11, 0x4(x15)
#8442 0 8000025a 00f9a223 m f004101c   f0040030  sw       x15, 0x4(x19)
#8443 0 8000025e     c390 m f0040030   00000001  c.sw     x12, 0x0(x15)
#8444 0 80000260     40f2 r 01         80000222  c.lwsp   x1, 0x1c
#8445 0 80000262     4462 r 08         f0041018  c.lwsp   x8, 0x18
#8446 0 80000264 00168793 r 0f         00000003  addi     x15, x13, 0x1
#8447 0 80000268 00f9a023 m f0041018   00000003  sw       x15, 0x0(x19)
#8448 0 8000026c 00170793 r 0f         00000029  addi     x15, x14, 0x1
#8449 0 80000270 00fa2223 m f0041014   00000029  sw       x15, 0x4(x20)
#8450 0 80000274     44d2 r 09         00000001  c.lwsp   x9, 0x14
#8451 0 80000276     4942 r 12         f0041020  c.lwsp   x18, 0x10
#8452 0 80000278     49b2 r 13         f0041028  c.lwsp   x19, 0xc
#8453 0 8000027a     4a22 r 14         f0041010  c.lwsp   x20, 0x8
#8454 0 8000027c     6105 r 02         f0040f90  c.addi16sp 0x2
#8455 0 8000027e     8082 r 00         00000000  c.jr     x1
#8456 0 80000222     874e r 0e         f0041028  c.mv     x14, x19
#8457 0 80000224     86a2 r 0d         f0041018  c.mv     x13, x8
#8458 0 80000226     864a r 0c         f0041020  c.mv     x12, x18
#8459 0 80000228     4585 r 0b         00000001  c.li     x11, 0x1
#8460 0 8000022a     8552 r 0a         f0041010  c.mv     x10, x20
#8461 0 8000022c     37e9 r 01         8000022e  c.jal    . - 0x36
#8462 0 800001f6     1101 r 02         f0040f70  c.addi   x2, -0x20
#8463 0 800001f8     cc22 m f0040f88   f0041018  c.swsp   x8, 0x18
#8464 0 800001fa     ca26 m f0040f84   00000001  c.swsp   x9, 0x14
#8465 0 800001fc     c84a m f0040f80   f0041020  c.swsp   x18, 0x10
#8466 0 800001fe     c64e m f0040f7c   f0041028  c.swsp   x19, 0xc
#8467 0 80000200     c452 m f0040f78   f0041010  c.swsp   x20, 0x8
#8468 0 80000202     ce06 m f0040f8c   8000022e  c.swsp   x1, 0x1c
#8469 0 80000204     4785 r 0f         00000001  c.li     x15, 0x1
#8470 0 80000206     8a2a r 14         f0041010  c.mv     x20, x10
#8471 0 80000208     8932 r 12         f0041020  c.mv     x18, x12
#8472 0 8000020a     89ba r 13         f0041028  c.mv     x19, x14
#8473 0 8000020c     84ae r 09         00000001  c.mv     x9, x11
#8474 0 8000020e     8436 r 08         f0041018  c.mv     x8, x13
#8475 0 80000210 02f58663 r 00         00000000  beq      x11, x15, . + 0x2c
#8476 0 8000023c     8432 r 08         f0041020  c.mv     x8, x12
#8477 0 8000023e     405c r 0f         f0040028  c.lw     x15, 0x4(x8)
#8478 0 80000240     4014 r 0d         00000003  c.lw     x13, 0x0(x8)
#8479 0 80000242 004a2703 r 0e         00000029  lw       x14, 0x4(x20)
#8480 0 80000246     43cc r 0b         f0040020  c.lw     x11, 0x4(x15)
#8481 0 80000248     4390 r 0c         00000002  c.lw     x12, 0x0(x15)
#8482 0 8000024a     16fd r 0d         00000002  c.addi   x13, -0x1
#8483 0 8000024c     c04c m f0041024   f0040020  c.sw     x11, 0x4(x8)
#8484 0 8000024e 0049a583 r 0b         f0040010  lw       x11, 0x4(x19)
#8485 0 80000252     c014 m f0041020   00000002  c.sw     x13, 0x0(x8)
#8486 0 80000254 0009a683 r 0d         00000001  lw       x13, 0x0(x19)
#8487 0 80000258     c3cc m f004002c   f0040010  c.sw     x11, 0x4(x15)
#8488 0 8000025a 00f9a223 m f004102c   f0040028  sw       x15, 0x4(x19)
#8489 0 8000025e     c390 m f0040028   00000002  c.sw     x12, 0x0(x15)
#8490 0 80000260     40f2 r 01         8000022e  c.lwsp   x1, 0x1c
#8491 0 80000262     4462 r 08         f0041018  c.lwsp   x8, 0x18
#8492 0 80000264 00168793 r 0f         00000002  addi     x15, x13, 0x1
#8493 0 80000268 00f9a023 m f0041028   00000002  sw       x15, 0x0(x19)
#8494 0 8000026c 00170793 r 0f         0000002a  addi     x15, x14, 0x1
#8495 0 80000270 00fa2223 m f0041014   0000002a  sw       x15, 0x4(x20)
#8496 0 80000274     44d2 r 09         00000001  c.lwsp   x9, 0x14
#8497 0 80000276     4942 r 12         f0041020  c.lwsp   x18, 0x10
#8498 0 80000278     49b2 r 13         f0041028  c.lwsp   x19, 0xc
#8499 0 8000027a     4a22 r 14         f0041010  c.lwsp   x20, 0x8
#8500 0 8000027c     6105 r 02         f0040f90  c.addi16sp 0x2
#8501 0 8000027e     8082 r 00         00000000  c.jr     x1
#8502 0 8000022e     4785 r 0f         00000001  c.li     x15, 0x1
#8503 0 80000230     874a r 0e         f0041020  c.mv     x14, x18
#8504 0 80000232 00f48663 r 00         00000000  beq      x9, x15, . + 0xc
#8505 0 8000023e     405c r 0f         f0040030  c.lw     x15, 0x4(x8)
#8506 0 80000240     4014 r 0d         00000003  c.lw     x13, 0x0(x8)
#8507 0 80000242 004a2703 r 0e         0000002a  lw       x14, 0x4(x20)
#8508 0 80000246     43cc r 0b         f0040018  c.lw     x11, 0x4(x15)
#8509 0 80000248     4390 r 0c         00000001  c.lw     x12, 0x0(x15)
#8510 0 8000024a     16fd r 0d         00000002  c.addi   x13, -0x1
#8511 0 8000024c     c04c m f004101c   f0040018  c.sw     x11, 0x4(x8)
#8512 0 8000024e 0049a583 r 0b         f0040028  lw       x11, 0x4(x19)
#8513 0 80000252     c014 m f0041018   00000002  c.sw     x13, 0x0(x8)
#8514 0 80000254 0009a683 r 0d         00000002  lw       x13, 0x0(x19)
#8515 0 80000258     c3cc m f0040034   f0040028  c.sw     x11, 0x4(x15)
#8516 0 8000025a 00f9a223 m f004102c   f0040030  sw       x15, 0x4(x19)
#8517 0 8000025e     c390 m f0040030   00000001  c.sw     x12, 0x0(x15)
#8518 0 80000260     40f2 r 01         80000222  c.lwsp   x1, 0x1c
#8519 0 80000262     4462 r 08         f0041028  c.lwsp   x8, 0x18
#8520 0 80000264 00168793 r 0f         00000003  addi     x15, x13, 0x1
#8521 0 80000268 00f9a023 m f0041028   00000003  sw       x15, 0x0(x19)
#8522 0 8000026c 00170793 r 0f         0000002b  addi     x15, x14, 0x1
#8523 0 80000270 00fa2223 m f0041014   0000002b  sw       x15, 0x4(x20)
#8524 0 80000274     44d2 r 09         00000002  c.lwsp   x9, 0x14
#8525 0 80000276     4942 r 12         f0041020  c.lwsp   x18, 0x10
#8526 0 80000278     49b2 r 13         f0041018  c.lwsp   x19, 0xc
#8527 0 8000027a     4a22 r 14         f0041010  c.lwsp   x20, 0x8
#8528 0 8000027c     6105 r 02         f0040fb0  c.addi16sp 0x2
#8529 0 8000027e     8082 r 00         00000000  c.jr     x1
#8530 0 80000222     874e r 0e         f0041018  c.mv     x14, x19
#8531 0 80000224     86a2 r 0d         f0041028  c.mv     x13, x8
#8532 0 80000226     864a r 0c         f0041020  c.mv     x12, x18
#8533 0 80000228     4585 r 0b         00000001  c.li     x11, 0x1
#8534 0 8000022a     8552 r 0a         f0041010  c.mv     x10, x20
#8535 0 8000022c     37e9 r 01         8000022e  c.jal    . - 0x36
#8536 0 800001f6     1101 r 02         f0040f90  c.addi   x2, -0x20
#8537 0 800001f8     cc22 m f0040fa8   f0041028  c.swsp   x8, 0x18
#8538 0 800001fa     ca26 m f0040fa4   00000002  c.swsp   x9, 0x14
#8539 0 800001fc     c84a m f0040fa0   f0041020  c.swsp   x18, 0x10
#8540 0 800001fe     c64e m f0040f9c   f0041018  c.swsp   x19, 0xc
#8541 0 80000200     c452 m f0040f98   f0041010  c.swsp   x20, 0x8
#8542 0 80000202     ce06 m f0040fac   8000022e  c.swsp   x1, 0x1c
#8543 0 80000204     4785 r 0f         00000001  c.li     x15, 0x1
#8544 0 80000206     8a2a r 14         f0041010  c.mv     x20, x10
#8545 0 80000208     8932 r 12         f0041020  c.mv     x18, x12
#8546 0 8000020a     89ba r 13         f0041018  c.mv     x19, x14
#8547 0 8000020c     84ae r 09         00000001  c.mv     x9, x11
#8548 0 8000020e     8436 r 08         f0041028  c.mv     x8, x13
#8549 0 80000210 02f58663 r 00         00000000  beq      x11, x15, . + 0x2c
#8550 0 8000023c     8432 r 08         f0041020  c.mv     x8, x12
#8551 0 8000023e     405c r 0f         f0040020  c.lw     x15, 0x4(x8)
#8552 0 80000240     4014 r 0d         00000002  c.lw     x13, 0x0(x8)
#8553 0 80000242 004a2703 r 0e         0000002b  lw       x14, 0x4(x20)
#8554 0 80000246     43cc r 0b         f0040008  c.lw     x11, 0x4(x15)
#8555 0 80000248     4390 r 0c         00000003  c.lw     x12, 0x0(x15)
#8556 0 8000024a     16fd r 0d         00000001  c.addi   x13, -0x1
#8557 0 8000024c     c04c m f0041024   f0040008  c.sw     x11, 0x4(x8)
#8558 0 8000024e 0049a583 r 0b         f0040018  lw       x11, 0x4(x19)
#8559 0 80000252     c014 m f0041020   00000001  c.sw     x13, 0x0(x8)
#8560 0 80000254 0009a683 r 0d         00000002  lw       x13, 0x0(x19)
#8561 0 80000258     c3cc m f0040024   f0040018  c.sw     x11, 0x4(x15)
#8562 0 8000025a 00f9a223 m f004101c   f0040020  sw       x15, 0x4(x19)
#8563 0 8000025e     c390 m f0040020   00000003  c.sw     x12, 0x0(x15)
#8564 0 80000260     40f2 r 01         8000022e  c.lwsp   x1, 0x1c
#8565 0 80000262     4462 r 08         f0041028  c.lwsp   x8, 0x18
#8566 0 80000264 00168793 r 0f         00000003  addi     x15, x13, 0x1
#8567 0 80000268 00f9a023 m f0041018   00000003  sw       x15, 0x0(x19)
#8568 0 8000026c 00170793 r 0f         0000002c  addi     x15, x14, 0x1
#8569 0 80000270 00fa2223 m f0041014   0000002c  sw       x15, 0x4(x20)
#8570 0 80000274     44d2 r 09         00000002  c.lwsp   x9, 0x14
#8571 0 80000276     4942 r 12         f0041020  c.lwsp   x18, 0x10
#8572 0 80000278     49b2 r 13         f0041018  c.lwsp   x19, 0xc
#8573 0 8000027a     4a22 r 14         f0041010  c.lwsp   x20, 0x8
#8574 0 8000027c     6105 r 02         f0040fb0  c.addi16sp 0x2
#8575 0 8000027e     8082 r 00         00000000  c.jr     x1
#8576 0 8000022e     4785 r 0f         00000001  c.li     x15, 0x1
#8577 0 80000230     874a r 0e         f0041020  c.mv     x14, x18
#8578 0 80000232 00f48663 r 00         00000000  beq      x9, x15, . + 0xc
#8579 0 80000236     8922 r 12         f0041028  c.mv     x18, x8
#8580 0 80000238     843a r 08         f0041020  c.mv     x8, x14
#8581 0 8000023a     bfe9 r 00         00000000  c.j      . - 0x26
#8582 0 80000214     14fd r 09         00000001  c.addi   x9, -0x1
#8583 0 80000216     85a6 r 0b         00000001  c.mv     x11, x9
#8584 0 80000218     8552 r 0a         f0041010  c.mv     x10, x20
#8585 0 8000021a     8722 r 0e         f0041020  c.mv     x14, x8
#8586 0 8000021c     86ce r 0d         f0041018  c.mv     x13, x19
#8587 0 8000021e     864a r 0c         f0041028  c.mv     x12, x18
#8588 0 80000220     3fd9 r 01         80000222  c.jal    . - 0x2a
#8589 0 800001f6     1101 r 02         f0040f90  c.addi   x2, -0x20
#8590 0 800001f8     cc22 m f0040fa8   f0041020  c.swsp   x8, 0x18
#8591 0 800001fa     ca26 m f0040fa4   00000001  c.swsp   x9, 0x14
#8592 0 800001fc     c84a m f0040fa0   f0041028  c.swsp   x18, 0x10
#8593 0 800001fe     c64e m f0040f9c   f0041018  c.swsp   x19, 0xc
#8594 0 80000200     c452 m f0040f98   f0041010  c.swsp   x20, 0x8
#8595 0 80000202     ce06 m f0040fac   80000222  c.swsp   x1, 0x1c
#8596 0 80000204     4785 r 0f         00000001  c.li     x15, 0x1
#8597 0 80000206     8a2a r 14         f0041010  c.mv     x20, x10
#8598 0 80000208     8932 r 12         f0041028  c.mv     x18, x12
#8599 0 8000020a     89ba r 13         f0041020  c.mv     x19, x14
#8600 0 8000020c     84ae r 09         00000001  c.mv     x9, x11
#8601 0 8000020e     8436 r 08         f0041018  c.mv     x8, x13
#8602 0 80000210 02f58663 r 00         00000000  beq      x11, x15, . + 0x2c
#8603 0 8000023c     8432 r 08         f0041028  c.mv     x8, x12
#8604 0 8000023e     405c r 0f         f0040030  c.lw     x15, 0x4(x8)
#8605 0 80000240     4014 r 0d         00000003  c.lw     x13, 0x0(x8)
#8606 0 80000242 004a2703 r 0e         0000002c  lw       x14, 0x4(x20)
#8607 0 80000246     43cc r 0b         f0040028  c.lw     x11, 0x4(x15)
#8608 0 80000248     4390 r 0c         00000001  c.lw     x12, 0x0(x15)
#8609 0 8000024a     16fd r 0d         00000002  c.addi   x13, -0x1
#8610 0 8000024c     c04c m f004102c   f0040028  c.sw     x11, 0x4(x8)
#8611 0 8000024e 0049a583 r 0b         f0040008  lw       x11, 0x4(x19)
#8612 0 80000252     c014 m f0041028   00000002  c.sw     x13, 0x0(x8)
#8613 0 80000254 0009a683 r 0d         00000001  lw       x13, 0x0(x19)
#8614 0 80000258     c3cc m f0040034   f0040008  c.sw     x11, 0x4(x15)
#8615 0 8000025a 00f9a223 m f0041024   f0040030  sw       x15, 0x4(x19)
#8616 0 8000025e     c390 m f0040030   00000001  c.sw     x12, 0x0(x15)
#8617 0 80000260     40f2 r 01         80000222  c.lwsp   x1, 0x1c
#8618 0 80000262     4462 r 08         f0041020  c.lwsp   x8, 0x18
#8619 0 80000264 00168793 r 0f         00000002  addi     x15, x13, 0x1
#8620 0 80000268 00f9a023 m f0041020   00000002  sw       x15, 0x0(x19)
#8621 0 8000026c 00170793 r 0f         0000002d  addi     x15, x14, 0x1
#8622 0 80000270 00fa2223 m f0041014   0000002d  sw       x15, 0x4(x20)
#8623 0 80000274     44d2 r 09         00000001  c.lwsp   x9, 0x14
#8624 0 80000276     4942 r 12         f0041028  c.lwsp   x18, 0x10
#8625 0 80000278     49b2 r 13         f0041018  c.lwsp   x19, 0xc
#8626 0 8000027a     4a22 r 14         f0041010  c.lwsp   x20, 0x8
#8627 0 8000027c     6105 r 02         f0040fb0  c.addi16sp 0x2
#8628 0 8000027e     8082 r 00         00000000  c.jr     x1
#8629 0 80000222     874e r 0e         f0041018  c.mv     x14, x19
#8630 0 80000224     86a2 r 0d         f0041020  c.mv     x13, x8
#8631 0 80000226     864a r 0c         f0041028  c.mv     x12, x18
#8632 0 80000228     4585 r 0b         00000001  c.li     x11, 0x1
#8633 0 8000022a     8552 r 0a         f0041010  c.mv     x10, x20
#8634 0 8000022c     37e9 r 01         8000022e  c.jal    . - 0x36
#8635 0 800001f6     1101 r 02         f0040f90  c.addi   x2, -0x20
#8636 0 800001f8     cc22 m f0040fa8   f0041020  c.swsp   x8, 0x18
#8637 0 800001fa     ca26 m f0040fa4   00000001  c.swsp   x9, 0x14
#8638 0 800001fc     c84a m f0040fa0   f0041028  c.swsp   x18, 0x10
#8639 0 800001fe     c64e m f0040f9c   f0041018  c.swsp   x19, 0xc
#8640 0 80000200     c452 m f0040f98   f0041010  c.swsp   x20, 0x8
#8641 0 80000202     ce06 m f0040fac   8000022e  c.swsp   x1, 0x1c
#8642 0 80000204     4785 r 0f         00000001  c.li     x15, 0x1
#8643 0 80000206     8a2a r 14         f0041010  c.mv     x20, x10
#8644 0 80000208     8932 r 12         f0041028  c.mv     x18, x12
#8645 0 8000020a     89ba r 13         f0041018  c.mv     x19, x14
#8646 0 8000020c     84ae r 09         00000001  c.mv     x9, x11
#8647 0 8000020e     8436 r 08         f0041020  c.mv     x8, x13
#8648 0 80000210 02f58663 r 00         00000000  beq      x11, x15, . + 0x2c
#8649 0 8000023c     8432 r 08         f0041028  c.mv     x8, x12
#8650 0 8000023e     405c r 0f         f0040028  c.lw     x15, 0x4(x8)
#8651 0 80000240     4014 r 0d         00000002  c.lw     x13, 0x0(x8)
#8652 0 80000242 004a2703 r 0e         0000002d  lw       x14, 0x4(x20)
#8653 0 80000246     43cc r 0b         f0040010  c.lw     x11, 0x4(x15)
#8654 0 80000248     4390 r 0c         00000002  c.lw     x12, 0x0(x15)
#8655 0 8000024a     16fd r 0d         00000001  c.addi   x13, -0x1
#8656 0 8000024c     c04c m f004102c   f0040010  c.sw     x11, 0x4(x8)
#8657 0 8000024e 0049a583 r 0b         f0040020  lw       x11, 0x4(x19)
#8658 0 80000252     c014 m f0041028   00000001  c.sw     x13, 0x0(x8)
#8659 0 80000254 0009a683 r 0d         00000003  lw       x13, 0x0(x19)
#8660 0 80000258     c3cc m f004002c   f0040020  c.sw     x11, 0x4(x15)
#8661 0 8000025a 00f9a223 m f004101c   f0040028  sw       x15, 0x4(x19)
#8662 0 8000025e     c390 m f0040028   00000002  c.sw     x12, 0x0(x15)
#8663 0 80000260     40f2 r 01         8000022e  c.lwsp   x1, 0x1c
#8664 0 80000262     4462 r 08         f0041020  c.lwsp   x8, 0x18
#8665 0 80000264 00168793 r 0f         00000004  addi     x15, x13, 0x1
#8666 0 80000268 00f9a023 m f0041018   00000004  sw       x15, 0x0(x19)
#8667 0 8000026c 00170793 r 0f         0000002e  addi     x15, x14, 0x1
#8668 0 80000270 00fa2223 m f0041014   0000002e  sw       x15, 0x4(x20)
#8669 0 80000274     44d2 r 09         00000001  c.lwsp   x9, 0x14
#8670 0 80000276     4942 r 12         f0041028  c.lwsp   x18, 0x10
#8671 0 80000278     49b2 r 13         f0041018  c.lwsp   x19, 0xc
#8672 0 8000027a     4a22 r 14         f0041010  c.lwsp   x20, 0x8
#8673 0 8000027c     6105 r 02         f0040fb0  c.addi16sp 0x2
#8674 0 8000027e     8082 r 00         00000000  c.jr     x1
#8675 0 8000022e     4785 r 0f         00000001  c.li     x15, 0x1
#8676 0 80000230     874a r 0e         f0041028  c.mv     x14, x18
#8677 0 80000232 00f48663 r 00         00000000  beq      x9, x15, . + 0xc
#8678 0 8000023e     405c r 0f         f0040030  c.lw     x15, 0x4(x8)
#8679 0 80000240     4014 r 0d         00000002  c.lw     x13, 0x0(x8)
#8680 0 80000242 004a2703 r 0e         0000002e  lw       x14, 0x4(x20)
#8681 0 80000246     43cc r 0b         f0040008  c.lw     x11, 0x4(x15)
#8682 0 80000248     4390 r 0c         00000001  c.lw     x12, 0x0(x15)
#8683 0 8000024a     16fd r 0d         00000001  c.addi   x13, -0x1
#8684 0 8000024c     c04c m f0041024   f0040008  c.sw     x11, 0x4(x8)
#8685 0 8000024e 0049a583 r 0b         f0040028  lw       x11, 0x4(x19)
#8686 0 80000252     c014 m f0041020   00000001  c.sw     x13, 0x0(x8)
#8687 0 80000254 0009a683 r 0d         00000004  lw       x13, 0x0(x19)
#8688 0 80000258     c3cc m f0040034   f0040028  c.sw     x11, 0x4(x15)
#8689 0 8000025a 00f9a223 m f004101c   f0040030  sw       x15, 0x4(x19)
#8690 0 8000025e     c390 m f0040030   00000001  c.sw     x12, 0x0(x15)
#8691 0 80000260     40f2 r 01         80000222  c.lwsp   x1, 0x1c
#8692 0 80000262     4462 r 08         f0041018  c.lwsp   x8, 0x18
#8693 0 80000264 00168793 r 0f         00000005  addi     x15, x13, 0x1
#8694 0 80000268 00f9a023 m f0041018   00000005  sw       x15, 0x0(x19)
#8695 0 8000026c 00170793 r 0f         0000002f  addi     x15, x14, 0x1
#8696 0 80000270 00fa2223 m f0041014   0000002f  sw       x15, 0x4(x20)
#8697 0 80000274     44d2 r 09         00000004  c.lwsp   x9, 0x14
#8698 0 80000276     4942 r 12         f0041028  c.lwsp   x18, 0x10
#8699 0 80000278     49b2 r 13         f0041020  c.lwsp   x19, 0xc
#8700 0 8000027a     4a22 r 14         f0041010  c.lwsp   x20, 0x8
#8701 0 8000027c     6105 r 02         f0040fd0  c.addi16sp 0x2
#8702 0 8000027e     8082 r 00         00000000  c.jr     x1
#8703 0 80000222     874e r 0e         f0041020  c.mv     x14, x19
#8704 0 80000224     86a2 r 0d         f0041018  c.mv     x13, x8
#8705 0 80000226     864a r 0c         f0041028  c.mv     x12, x18
#8706 0 80000228     4585 r 0b         00000001  c.li     x11, 0x1
#8707 0 8000022a     8552 r 0a         f0041010  c.mv     x10, x20
#8708 0 8000022c     37e9 r 01         8000022e  c.jal    . - 0x36
#8709 0 800001f6     1101 r 02         f0040fb0  c.addi   x2, -0x20
#8710 0 800001f8     cc22 m f0040fc8   f0041018  c.swsp   x8, 0x18
#8711 0 800001fa     ca26 m f0040fc4   00000004  c.swsp   x9, 0x14
#8712 0 800001fc     c84a m f0040fc0   f0041028  c.swsp   x18, 0x10
#8713 0 800001fe     c64e m f0040fbc   f0041020  c.swsp   x19, 0xc
#8714 0 80000200     c452 m f0040fb8   f0041010  c.swsp   x20, 0x8
#8715 0 80000202     ce06 m f0040fcc   8000022e  c.swsp   x1, 0x1c
#8716 0 80000204     4785 r 0f         00000001  c.li     x15, 0x1
#8717 0 80000206     8a2a r 14         f0041010  c.mv     x20, x10
#8718 0 80000208     8932 r 12         f0041028  c.mv     x18, x12
#8719 0 8000020a     89ba r 13         f0041020  c.mv     x19, x14
#8720 0 8000020c     84ae r 09         00000001  c.mv     x9, x11
#8721 0 8000020e     8436 r 08         f0041018  c.mv     x8, x13
#8722 0 80000210 02f58663 r 00         00000000  beq      x11, x15, . + 0x2c
#8723 0 8000023c     8432 r 08         f0041028  c.mv     x8, x12
#8724 0 8000023e     405c r 0f         f0040010  c.lw     x15, 0x4(x8)
#8725 0 80000240     4014 r 0d         00000001  c.lw     x13, 0x0(x8)
#8726 0 80000242 004a2703 r 0e         0000002f  lw       x14, 0x4(x20)
#8727 0 80000246     43cc r 0b         00000000  c.lw     x11, 0x4(x15)
#8728 0 80000248     4390 r 0c         00000005  c.lw     x12, 0x0(x15)
#8729 0 8000024a     16fd r 0d         00000000  c.addi   x13, -0x1
#8730 0 8000024c     c04c m f004102c   00000000  c.sw     x11, 0x4(x8)
#8731 0 8000024e 0049a583 r 0b         f0040008  lw       x11, 0x4(x19)
#8732 0 80000252     c014 m f0041028   00000000  c.sw     x13, 0x0(x8)
#8733 0 80000254 0009a683 r 0d         00000001  lw       x13, 0x0(x19)
#8734 0 80000258     c3cc m f0040014   f0040008  c.sw     x11, 0x4(x15)
#8735 0 8000025a 00f9a223 m f0041024   f0040010  sw       x15, 0x4(x19)
#8736 0 8000025e     c390 m f0040010   00000005  c.sw     x12, 0x0(x15)
#8737 0 80000260     40f2 r 01         8000022e  c.lwsp   x1, 0x1c
#8738 0 80000262     4462 r 08         f0041018  c.lwsp   x8, 0x18
#8739 0 80000264 00168793 r 0f         00000002  addi     x15, x13, 0x1
#8740 0 80000268 00f9a023 m f0041020   00000002  sw       x15, 0x0(x19)
#8741 0 8000026c 00170793 r 0f         00000030  addi     x15, x14, 0x1
#8742 0 80000270 00fa2223 m f0041014   00000030  sw       x15, 0x4(x20)
#8743 0 80000274     44d2 r 09         00000004  c.lwsp   x9, 0x14
#8744 0 80000276     4942 r 12         f0041028  c.lwsp   x18, 0x10
#8745 0 80000278     49b2 r 13         f0041020  c.lwsp   x19, 0xc
#8746 0 8000027a     4a22 r 14         f0041010  c.lwsp   x20, 0x8
#8747 0 8000027c     6105 r 02         f0040fd0  c.addi16sp 0x2
#8748 0 8000027e     8082 r 00         00000000  c.jr     x1
#8749 0 8000022e     4785 r 0f         00000001  c.li     x15, 0x1
#8750 0 80000230     874a r 0e         f0041028  c.mv     x14, x18
#8751 0 80000232 00f48663 r 00         00000000  beq      x9, x15, . + 0xc
#8752 0 80000236     8922 r 12         f0041018  c.mv     x18, x8
#8753 0 80000238     843a r 08         f0041028  c.mv     x8, x14
#8754 0 8000023a     bfe9 r 00         00000000  c.j      . - 0x26
#8755 0 80000214     14fd r 09         00000003  c.addi   x9, -0x1
#8756 0 80000216     85a6 r 0b         00000003  c.mv     x11, x9
#8757 0 80000218     8552 r 0a         f0041010  c.mv     x10, x20
#8758 0 8000021a     8722 r 0e         f0041028  c.mv     x14, x8
#8759 0 8000021c     86ce r 0d         f0041020  c.mv     x13, x19
#8760 0 8000021e     864a r 0c         f0041018  c.mv     x12, x18
#8761 0 80000220     3fd9 r 01         80000222  c.jal    . - 0x2a
#8762 0 800001f6     1101 r 02         f0040fb0  c.addi   x2, -0x20
#8763 0 800001f8     cc22 m f0040fc8   f0041028  c.swsp   x8, 0x18
#8764 0 800001fa     ca26 m f0040fc4   00000003  c.swsp   x9, 0x14
#8765 0 800001fc     c84a m f0040fc0   f0041018  c.swsp   x18, 0x10
#8766 0 800001fe     c64e m f0040fbc   f0041020  c.swsp   x19, 0xc
#8767 0 80000200     c452 m f0040fb8   f0041010  c.swsp   x20, 0x8
#8768 0 80000202     ce06 m f0040fcc   80000222  c.swsp   x1, 0x1c
#8769 0 80000204     4785 r 0f         00000001  c.li     x15, 0x1
#8770 0 80000206     8a2a r 14         f0041010  c.mv     x20, x10
#8771 0 80000208     8932 r 12         f0041018  c.mv     x18, x12
#8772 0 8000020a     89ba r 13         f0041028  c.mv     x19, x14
#8773 0 8000020c     84ae r 09         00000003  c.mv     x9, x11
#8774 0 8000020e     8436 r 08         f0041020  c.mv     x8, x13
#8775 0 80000210 02f58663 r 00         00000000  beq      x11, x15, . + 0x2c
#8776 0 80000214     14fd r 09         00000002  c.addi   x9, -0x1
#8777 0 80000216     85a6 r 0b         00000002  c.mv     x11, x9
#8778 0 80000218     8552 r 0a         f0041010  c.mv     x10, x20
#8779 0 8000021a     8722 r 0e         f0041020  c.mv     x14, x8
#8780 0 8000021c     86ce r 0d         f0041028  c.mv     x13, x19
#8781 0 8000021e     864a r 0c         f0041018  c.mv     x12, x18
#8782 0 80000220     3fd9 r 01         80000222  c.jal    . - 0x2a
#8783 0 800001f6     1101 r 02         f0040f90  c.addi   x2, -0x20
#8784 0 800001f8     cc22 m f0040fa8   f0041020  c.swsp   x8, 0x18
#8785 0 800001fa     ca26 m f0040fa4   00000002  c.swsp   x9, 0x14
#8786 0 800001fc     c84a m f0040fa0   f0041018  c.swsp   x18, 0x10
#8787 0 800001fe     c64e m f0040f9c   f0041028  c.swsp   x19, 0xc
#8788 0 80000200     c452 m f0040f98   f0041010  c.swsp   x20, 0x8
#8789 0 80000202     ce06 m f0040fac   80000222  c.swsp   x1, 0x1c
#8790 0 80000204     4785 r 0f         00000001  c.li     x15, 0x1
#8791 0 80000206     8a2a r 14         f0041010  c.mv     x20, x10
#8792 0 80000208     8932 r 12         f0041018  c.mv     x18, x12
#8793 0 8000020a     89ba r 13         f0041020  c.mv     x19, x14
#8794 0 8000020c     84ae r 09         00000002  c.mv     x9, x11
#8795 0 8000020e     8436 r 08         f0041028  c.mv     x8, x13
#8796 0 80000210 02f58663 r 00         00000000  beq      x11, x15, . + 0x2c
#8797 0 80000214     14fd r 09         00000001  c.addi   x9, -0x1
#8798 0 80000216     85a6 r 0b         00000001  c.mv     x11, x9
#8799 0 80000218     8552 r 0a         f0041010  c.mv     x10, x20
#8800 0 8000021a     8722 r 0e         f0041028  c.mv     x14, x8
#8801 0 8000021c     86ce r 0d         f0041020  c.mv     x13, x19
#8802 0 8000021e     864a r 0c         f0041018  c.mv     x12, x18
#8803 0 80000220     3fd9 r 01         80000222  c.jal    . - 0x2a
#8804 0 800001f6     1101 r 02         f0040f70  c.addi   x2, -0x20
#8805 0 800001f8     cc22 m f0040f88   f0041028  c.swsp   x8, 0x18
#8806 0 800001fa     ca26 m f0040f84   00000001  c.swsp   x9, 0x14
#8807 0 800001fc     c84a m f0040f80   f0041018  c.swsp   x18, 0x10
#8808 0 800001fe     c64e m f0040f7c   f0041020  c.swsp   x19, 0xc
#8809 0 80000200     c452 m f0040f78   f0041010  c.swsp   x20, 0x8
#8810 0 80000202     ce06 m f0040f8c   80000222  c.swsp   x1, 0x1c
#8811 0 80000204     4785 r 0f         00000001  c.li     x15, 0x1
#8812 0 80000206     8a2a r 14         f0041010  c.mv     x20, x10
#8813 0 80000208     8932 r 12         f0041018  c.mv     x18, x12
#8814 0 8000020a     89ba r 13         f0041028  c.mv     x19, x14
#8815 0 8000020c     84ae r 09         00000001  c.mv     x9, x11
#8816 0 8000020e     8436 r 08         f0041020  c.mv     x8, x13
#8817 0 80000210 02f58663 r 00         00000000  beq      x11, x15, . + 0x2c
#8818 0 8000023c     8432 r 08         f0041018  c.mv     x8, x12
#8819 0 8000023e     405c r 0f         f0040030  c.lw     x15, 0x4(x8)
#8820 0 80000240     4014 r 0d         00000005  c.lw     x13, 0x0(x8)
#8821 0 80000242 004a2703 r 0e         00000030  lw       x14, 0x4(x20)
#8822 0 80000246     43cc r 0b         f0040028  c.lw     x11, 0x4(x15)
#8823 0 80000248     4390 r 0c         00000001  c.lw     x12, 0x0(x15)
#8824 0 8000024a     16fd r 0d         00000004  c.addi   x13, -0x1
#8825 0 8000024c     c04c m f004101c   f0040028  c.sw     x11, 0x4(x8)
#8826 0 8000024e 0049a583 r 0b         00000000  lw       x11, 0x4(x19)
#8827 0 80000252     c014 m f0041018   00000004  c.sw     x13, 0x0(x8)
#8828 0 80000254 0009a683 r 0d         00000000  lw       x13, 0x0(x19)
#8829 0 80000258     c3cc m f0040034   00000000  c.sw     x11, 0x4(x15)
#8830 0 8000025a 00f9a223 m f004102c   f0040030  sw       x15, 0x4(x19)
#8831 0 8000025e     c390 m f0040030   00000001  c.sw     x12, 0x0(x15)
#8832 0 80000260     40f2 r 01         80000222  c.lwsp   x1, 0x1c
#8833 0 80000262     4462 r 08         f0041028  c.lwsp   x8, 0x18
#8834 0 80000264 00168793 r 0f         00000001  addi     x15, x13, 0x1
#8835 0 80000268 00f9a023 m f0041028   00000001  sw       x15, 0x0(x19)
#8836 0 8000026c 00170793 r 0f         00000031  addi     x15, x14, 0x1
#8837 0 80000270 00fa2223 m f0041014   00000031  sw       x15, 0x4(x20)
#8838 0 80000274     44d2 r 09         00000001  c.lwsp   x9, 0x14
#8839 0 80000276     4942 r 12         f0041018  c.lwsp   x18, 0x10
#8840 0 80000278     49b2 r 13         f0041020  c.lwsp   x19, 0xc
#8841 0 8000027a     4a22 r 14         f0041010  c.lwsp   x20, 0x8
#8842 0 8000027c     6105 r 02         f0040f90  c.addi16sp 0x2
#8843 0 8000027e     8082 r 00         00000000  c.jr     x1
#8844 0 80000222     874e r 0e         f0041020  c.mv     x14, x19
#8845 0 80000224     86a2 r 0d         f0041028  c.mv     x13, x8
#8846 0 80000226     864a r 0c         f0041018  c.mv     x12, x18
#8847 0 80000228     4585 r 0b         00000001  c.li     x11, 0x1
#8848 0 8000022a     8552 r 0a         f0041010  c.mv     x10, x20
#8849 0 8000022c     37e9 r 01         8000022e  c.jal    . - 0x36
#8850 0 800001f6     1101 r 02         f0040f70  c.addi   x2, -0x20
#8851 0 800001f8     cc22 m f0040f88   f0041028  c.swsp   x8, 0x18
#8852 0 800001fa     ca26 m f0040f84   00000001  c.swsp   x9, 0x14
#8853 0 800001fc     c84a m f0040f80   f0041018  c.swsp   x18, 0x10
#8854 0 800001fe     c64e m f0040f7c   f0041020  c.swsp   x19, 0xc
#8855 0 80000200     c452 m f0040f78   f0041010  c.swsp   x20, 0x8
#8856 0 80000202     ce06 m f0040f8c   8000022e  c.swsp   x1, 0x1c
#8857 0 80000204     4785 r 0f         00000001  c.li     x15, 0x1
#8858 0 80000206     8a2a r 14         f0041010  c.mv     x20, x10
#8859 0 80000208     8932 r 12         f0041018  c.mv     x18, x12
#8860 0 8000020a     89ba r 13         f0041020  c.mv     x19, x14
#8861 0 8000020c     84ae r 09         00000001  c.mv     x9, x11
#8862 0 8000020e     8436 r 08         f0041028  c.mv     x8, x13
#8863 0 80000210 02f58663 r 00         00000000  beq      x11, x15, . + 0x2c
#8864 0 8000023c     8432 r 08         f0041018  c.mv     x8, x12
#8865 0 8000023e     405c r 0f         f0040028  c.lw     x15, 0x4(x8)
#8866 0 80000240     4014 r 0d         00000004  c.lw     x13, 0x0(x8)
#8867 0 80000242 004a2703 r 0e         00000031  lw       x14, 0x4(x20)
#8868 0 80000246     43cc r 0b         f0040020  c.lw     x11, 0x4(x15)
#8869 0 80000248     4390 r 0c         00000002  c.lw     x12, 0x0(x15)
#8870 0 8000024a     16fd r 0d         00000003  c.addi   x13, -0x1
#8871 0 8000024c     c04c m f004101c   f0040020  c.sw     x11, 0x4(x8)
#8872 0 8000024e 0049a583 r 0b         f0040010  lw       x11, 0x4(x19)
#8873 0 80000252     c014 m f0041018   00000003  c.sw     x13, 0x0(x8)
#8874 0 80000254 0009a683 r 0d         00000002  lw       x13, 0x0(x19)
#8875 0 80000258     c3cc m f004002c   f0040010  c.sw     x11, 0x4(x15)
#8876 0 8000025a 00f9a223 m f0041024   f0040028  sw       x15, 0x4(x19)
#8877 0 8000025e     c390 m f0040028   00000002  c.sw     x12, 0x0(x15)
#8878 0 80000260     40f2 r 01         8000022e  c.lwsp   x1, 0x1c
#8879 0 80000262     4462 r 08         f0041028  c.lwsp   x8, 0x18
#8880 0 80000264 00168793 r 0f         00000003  addi     x15, x13, 0x1
#8881 0 80000268 00f9a023 m f0041020   00000003  sw       x15, 0x0(x19)
#8882 0 8000026c 00170793 r 0f         00000032  addi     x15, x14, 0x1
#8883 0 80000270 00fa2223 m f0041014   00000032  sw       x15, 0x4(x20)
#8884 0 80000274     44d2 r 09         00000001  c.lwsp   x9, 0x14
#8885 0 80000276     4942 r 12         f0041018  c.lwsp   x18, 0x10
#8886 0 80000278     49b2 r 13         f0041020  c.lwsp   x19, 0xc
#8887 0 8000027a     4a22 r 14         f0041010  c.lwsp   x20, 0x8
#8888 0 8000027c     6105 r 02         f0040f90  c.addi16sp 0x2
#8889 0 8000027e     8082 r 00         00000000  c.jr     x1
#8890 0 8000022e     4785 r 0f         00000001  c.li     x15, 0x1
#8891 0 80000230     874a r 0e         f0041018  c.mv     x14, x18
#8892 0 80000232 00f48663 r 00         00000000  beq      x9, x15, . + 0xc
#8893 0 8000023e     405c r 0f         f0040030  c.lw     x15, 0x4(x8)
#8894 0 80000240     4014 r 0d         00000001  c.lw     x13, 0x0(x8)
#8895 0 80000242 004a2703 r 0e         00000032  lw       x14, 0x4(x20)
#8896 0 80000246     43cc r 0b         00000000  c.lw     x11, 0x4(x15)
#8897 0 80000248     4390 r 0c         00000001  c.lw     x12, 0x0(x15)
#8898 0 8000024a     16fd r 0d         00000000  c.addi   x13, -0x1
#8899 0 8000024c     c04c m f004102c   00000000  c.sw     x11, 0x4(x8)
#8900 0 8000024e 0049a583 r 0b         f0040028  lw       x11, 0x4(x19)
#8901 0 80000252     c014 m f0041028   00000000  c.sw     x13, 0x0(x8)
#8902 0 80000254 0009a683 r 0d         00000003  lw       x13, 0x0(x19)
#8903 0 80000258     c3cc m f0040034   f0040028  c.sw     x11, 0x4(x15)
#8904 0 8000025a 00f9a223 m f0041024   f0040030  sw       x15, 0x4(x19)
#8905 0 8000025e     c390 m f0040030   00000001  c.sw     x12, 0x0(x15)
#8906 0 80000260     40f2 r 01         80000222  c.lwsp   x1, 0x1c
#8907 0 80000262     4462 r 08         f0041020  c.lwsp   x8, 0x18
#8908 0 80000264 00168793 r 0f         00000004  addi     x15, x13, 0x1
#8909 0 80000268 00f9a023 m f0041020   00000004  sw       x15, 0x0(x19)
#8910 0 8000026c 00170793 r 0f         00000033  addi     x15, x14, 0x1
#8911 0 80000270 00fa2223 m f0041014   00000033  sw       x15, 0x4(x20)
#8912 0 80000274     44d2 r 09         00000002  c.lwsp   x9, 0x14
#8913 0 80000276     4942 r 12         f0041018  c.lwsp   x18, 0x10
#8914 0 80000278     49b2 r 13         f0041028  c.lwsp   x19, 0xc
#8915 0 8000027a     4a22 r 14         f0041010  c.lwsp   x20, 0x8
#8916 0 8000027c     6105 r 02         f0040fb0  c.addi16sp 0x2
#8917 0 8000027e     8082 r 00         00000000  c.jr     x1
#8918 0 80000222     874e r 0e         f0041028  c.mv     x14, x19
#8919 0 80000224     86a2 r 0d         f0041020  c.mv     x13, x8
#8920 0 80000226     864a r 0c         f0041018  c.mv     x12, x18
#8921 0 80000228     4585 r 0b         00000001  c.li     x11, 0x1
#8922 0 8000022a     8552 r 0a         f0041010  c.mv     x10, x20
#8923 0 8000022c     37e9 r 01         8000022e  c.jal    . - 0x36
#8924 0 800001f6     1101 r 02         f0040f90  c.addi   x2, -0x20
#8925 0 800001f8     cc22 m f0040fa8   f0041020  c.swsp   x8, 0x18
#8926 0 800001fa     ca26 m f0040fa4   00000002  c.swsp   x9, 0x14
#8927 0 800001fc     c84a m f0040fa0   f0041018  c.swsp   x18, 0x10
#8928 0 800001fe     c64e m f0040f9c   f0041028  c.swsp   x19, 0xc
#8929 0 80000200     c452 m f0040f98   f0041010  c.swsp   x20, 0x8
#8930 0 80000202     ce06 m f0040fac   8000022e  c.swsp   x1, 0x1c
#8931 0 80000204     4785 r 0f         00000001  c.li     x15, 0x1
#8932 0 80000206     8a2a r 14         f0041010  c.mv     x20, x10
#8933 0 80000208     8932 r 12         f0041018  c.mv     x18, x12
#8934 0 8000020a     89ba r 13         f0041028  c.mv     x19, x14
#8935 0 8000020c     84ae r 09         00000001  c.mv     x9, x11
#8936 0 8000020e     8436 r 08         f0041020  c.mv     x8, x13
#8937 0 80000210 02f58663 r 00         00000000  beq      x11, x15, . + 0x2c
#8938 0 8000023c     8432 r 08         f0041018  c.mv     x8, x12
#8939 0 8000023e     405c r 0f         f0040020  c.lw     x15, 0x4(x8)
#8940 0 80000240     4014 r 0d         00000003  c.lw     x13, 0x0(x8)
#8941 0 80000242 004a2703 r 0e         00000033  lw       x14, 0x4(x20)
#8942 0 80000246     43cc r 0b         f0040018  c.lw     x11, 0x4(x15)
#8943 0 80000248     4390 r 0c         00000003  c.lw     x12, 0x0(x15)
#8944 0 8000024a     16fd r 0d         00000002  c.addi   x13, -0x1
#8945 0 8000024c     c04c m f004101c   f0040018  c.sw     x11, 0x4(x8)
#8946 0 8000024e 0049a583 r 0b         00000000  lw       x11, 0x4(x19)
#8947 0 80000252     c014 m f0041018   00000002  c.sw     x13, 0x0(x8)
#8948 0 80000254 0009a683 r 0d         00000000  lw       x13, 0x0(x19)
#8949 0 80000258     c3cc m f0040024   00000000  c.sw     x11, 0x4(x15)
#8950 0 8000025a 00f9a223 m f004102c   f0040020  sw       x15, 0x4(x19)
#8951 0 8000025e     c390 m f0040020   00000003  c.sw     x12, 0x0(x15)
#8952 0 80000260     40f2 r 01         8000022e  c.lwsp   x1, 0x1c
#8953 0 80000262     4462 r 08         f0041020  c.lwsp   x8, 0x18
#8954 0 80000264 00168793 r 0f         00000001  addi     x15, x13, 0x1
#8955 0 80000268 00f9a023 m f0041028   00000001  sw       x15, 0x0(x19)
#8956 0 8000026c 00170793 r 0f         00000034  addi     x15, x14, 0x1
#8957 0 80000270 00fa2223 m f0041014   00000034  sw       x15, 0x4(x20)
#8958 0 80000274     44d2 r 09         00000002  c.lwsp   x9, 0x14
#8959 0 80000276     4942 r 12         f0041018  c.lwsp   x18, 0x10
#8960 0 80000278     49b2 r 13         f0041028  c.lwsp   x19, 0xc
#8961 0 8000027a     4a22 r 14         f0041010  c.lwsp   x20, 0x8
#8962 0 8000027c     6105 r 02         f0040fb0  c.addi16sp 0x2
#8963 0 8000027e     8082 r 00         00000000  c.jr     x1
#8964 0 8000022e     4785 r 0f         00000001  c.li     x15, 0x1
#8965 0 80000230     874a r 0e         f0041018  c.mv     x14, x18
#8966 0 80000232 00f48663 r 00         00000000  beq      x9, x15, . + 0xc
#8967 0 80000236     8922 r 12         f0041020  c.mv     x18, x8
#8968 0 80000238     843a r 08         f0041018  c.mv     x8, x14
#8969 0 8000023a     bfe9 r 00         00000000  c.j      . - 0x26
#8970 0 80000214     14fd r 09         00000001  c.addi   x9, -0x1
#8971 0 80000216     85a6 r 0b         00000001  c.mv     x11, x9
#8972 0 80000218     8552 r 0a         f0041010  c.mv     x10, x20
#8973 0 8000021a     8722 r 0e         f0041018  c.mv     x14, x8
#8974 0 8000021c     86ce r 0d         f0041028  c.mv     x13, x19
#8975 0 8000021e     864a r 0c         f0041020  c.mv     x12, x18
#8976 0 80000220     3fd9 r 01         80000222  c.jal    . - 0x2a
#8977 0 800001f6     1101 r 02         f0040f90  c.addi   x2, -0x20
#8978 0 800001f8     cc22 m f0040fa8   f0041018  c.swsp   x8, 0x18
#8979 0 800001fa     ca26 m f0040fa4   00000001  c.swsp   x9, 0x14
#8980 0 800001fc     c84a m f0040fa0   f0041020  c.swsp   x18, 0x10
#8981 0 800001fe     c64e m f0040f9c   f0041028  c.swsp   x19, 0xc
#8982 0 80000200     c452 m f0040f98   f0041010  c.swsp   x20, 0x8
#8983 0 80000202     ce06 m f0040fac   80000222  c.swsp   x1, 0x1c
#8984 0 80000204     4785 r 0f         00000001  c.li     x15, 0x1
#8985 0 80000206     8a2a r 14         f0041010  c.mv     x20, x10
#8986 0 80000208     8932 r 12         f0041020  c.mv     x18, x12
#8987 0 8000020a     89ba r 13         f0041018  c.mv     x19, x14
#8988 0 8000020c     84ae r 09         00000001  c.mv     x9, x11
#8989 0 8000020e     8436 r 08         f0041028  c.mv     x8, x13
#8990 0 80000210 02f58663 r 00         00000000  beq      x11, x15, . + 0x2c
#8991 0 8000023c     8432 r 08         f0041020  c.mv     x8, x12
#8992 0 8000023e     405c r 0f         f0040030  c.lw     x15, 0x4(x8)
#8993 0 80000240     4014 r 0d         00000004  c.lw     x13, 0x0(x8)
#8994 0 80000242 004a2703 r 0e         00000034  lw       x14, 0x4(x20)
#8995 0 80000246     43cc r 0b         f0040028  c.lw     x11, 0x4(x15)
#8996 0 80000248     4390 r 0c         00000001  c.lw     x12, 0x0(x15)
#8997 0 8000024a     16fd r 0d         00000003  c.addi   x13, -0x1
#8998 0 8000024c     c04c m f0041024   f0040028  c.sw     x11, 0x4(x8)
#8999 0 8000024e 0049a583 r 0b         f0040018  lw       x11, 0x4(x19)
#9000 0 80000252     c014 m f0041020   00000003  c.sw     x13, 0x0(x8)
#9001 0 80000254 0009a683 r 0d         00000002  lw       x13, 0x0(x19)
#9002 0 80000258     c3cc m f0040034   f0040018  c.sw     x11, 0x4(x15)
#9003 0 8000025a 00f9a223 m f004101c   f0040030  sw       x15, 0x4(x19)
#9004 0 8000025e     c390 m f0040030   00000001  c.sw     x12, 0x0(x15)
#9005 0 80000260     40f2 r 01         80000222  c.lwsp   x1, 0x1c
#9006 0 80000262     4462 r 08         f0041018  c.lwsp   x8, 0x18
#9007 0 80000264 00168793 r 0f         00000003  addi     x15, x13, 0x1
#9008 0 80000268 00f9a023 m f0041018   00000003  sw       x15, 0x0(x19)
#9009 0 8000026c 00170793 r 0f         00000035  addi     x15, x14, 0x1
#9010 0 80000270 00fa2223 m f0041014   00000035  sw       x15, 0x4(x20)
#9011 0 80000274     44d2 r 09         00000001  c.lwsp   x9, 0x14
#9012 0 80000276     4942 r 12         f0041020  c.lwsp   x18, 0x10
#9013 0 80000278     49b2 r 13         f0041028  c.lwsp   x19, 0xc
#9014 0 8000027a     4a22 r 14         f0041010  c.lwsp   x20, 0x8
#9015 0 8000027c     6105 r 02         f0040fb0  c.addi16sp 0x2
#9016 0 8000027e     8082 r 00         00000000  c.jr     x1
#9017 0 80000222     874e r 0e         f0041028  c.mv     x14, x19
#9018 0 80000224     86a2 r 0d         f0041018  c.mv     x13, x8
#9019 0 80000226     864a r 0c         f0041020  c.mv     x12, x18
#9020 0 80000228     4585 r 0b         00000001  c.li     x11, 0x1
#9021 0 8000022a     8552 r 0a         f0041010  c.mv     x10, x20
#9022 0 8000022c     37e9 r 01         8000022e  c.jal    . - 0x36
#9023 0 800001f6     1101 r 02         f0040f90  c.addi   x2, -0x20
#9024 0 800001f8     cc22 m f0040fa8   f0041018  c.swsp   x8, 0x18
#9025 0 800001fa     ca26 m f0040fa4   00000001  c.swsp   x9, 0x14
#9026 0 800001fc     c84a m f0040fa0   f0041020  c.swsp   x18, 0x10
#9027 0 800001fe     c64e m f0040f9c   f0041028  c.swsp   x19, 0xc
#9028 0 80000200     c452 m f0040f98   f0041010  c.swsp   x20, 0x8
#9029 0 80000202     ce06 m f0040fac   8000022e  c.swsp   x1, 0x1c
#9030 0 80000204     4785 r 0f         00000001  c.li     x15, 0x1
#9031 0 80000206     8a2a r 14         f0041010  c.mv     x20, x10
#9032 0 80000208     8932 r 12         f0041020  c.mv     x18, x12
#9033 0 8000020a     89ba r 13         f0041028  c.mv     x19, x14
#9034 0 8000020c     84ae r 09         00000001  c.mv     x9, x11
#9035 0 8000020e     8436 r 08         f0041018  c.mv     x8, x13
#9036 0 80000210 02f58663 r 00         00000000  beq      x11, x15, . + 0x2c
#9037 0 8000023c     8432 r 08         f0041020  c.mv     x8, x12
#9038 0 8000023e     405c r 0f         f0040028  c.lw     x15, 0x4(x8)
#9039 0 80000240     4014 r 0d         00000003  c.lw     x13, 0x0(x8)
#9040 0 80000242 004a2703 r 0e         00000035  lw       x14, 0x4(x20)
#9041 0 80000246     43cc r 0b         f0040010  c.lw     x11, 0x4(x15)
#9042 0 80000248     4390 r 0c         00000002  c.lw     x12, 0x0(x15)
#9043 0 8000024a     16fd r 0d         00000002  c.addi   x13, -0x1
#9044 0 8000024c     c04c m f0041024   f0040010  c.sw     x11, 0x4(x8)
#9045 0 8000024e 0049a583 r 0b         f0040020  lw       x11, 0x4(x19)
#9046 0 80000252     c014 m f0041020   00000002  c.sw     x13, 0x0(x8)
#9047 0 80000254 0009a683 r 0d         00000001  lw       x13, 0x0(x19)
#9048 0 80000258     c3cc m f004002c   f0040020  c.sw     x11, 0x4(x15)
#9049 0 8000025a 00f9a223 m f004102c   f0040028  sw       x15, 0x4(x19)
#9050 0 8000025e     c390 m f0040028   00000002  c.sw     x12, 0x0(x15)
#9051 0 80000260     40f2 r 01         8000022e  c.lwsp   x1, 0x1c
#9052 0 80000262     4462 r 08         f0041018  c.lwsp   x8, 0x18
#9053 0 80000264 00168793 r 0f         00000002  addi     x15, x13, 0x1
#9054 0 80000268 00f9a023 m f0041028   00000002  sw       x15, 0x0(x19)
#9055 0 8000026c 00170793 r 0f         00000036  addi     x15, x14, 0x1
#9056 0 80000270 00fa2223 m f0041014   00000036  sw       x15, 0x4(x20)
#9057 0 80000274     44d2 r 09         00000001  c.lwsp   x9, 0x14
#9058 0 80000276     4942 r 12         f0041020  c.lwsp   x18, 0x10
#9059 0 80000278     49b2 r 13         f0041028  c.lwsp   x19, 0xc
#9060 0 8000027a     4a22 r 14         f0041010  c.lwsp   x20, 0x8
#9061 0 8000027c     6105 r 02         f0040fb0  c.addi16sp 0x2
#9062 0 8000027e     8082 r 00         00000000  c.jr     x1
#9063 0 8000022e     4785 r 0f         00000001  c.li     x15, 0x1
#9064 0 80000230     874a r 0e         f0041020  c.mv     x14, x18
#9065 0 80000232 00f48663 r 00         00000000  beq      x9, x15, . + 0xc
#9066 0 8000023e     405c r 0f         f0040030  c.lw     x15, 0x4(x8)
#9067 0 80000240     4014 r 0d         00000003  c.lw     x13, 0x0(x8)
#9068 0 80000242 004a2703 r 0e         00000036  lw       x14, 0x4(x20)
#9069 0 80000246     43cc r 0b         f0040018  c.lw     x11, 0x4(x15)
#9070 0 80000248     4390 r 0c         00000001  c.lw     x12, 0x0(x15)
#9071 0 8000024a     16fd r 0d         00000002  c.addi   x13, -0x1
#9072 0 8000024c     c04c m f004101c   f0040018  c.sw     x11, 0x4(x8)
#9073 0 8000024e 0049a583 r 0b         f0040028  lw       x11, 0x4(x19)
#9074 0 80000252     c014 m f0041018   00000002  c.sw     x13, 0x0(x8)
#9075 0 80000254 0009a683 r 0d         00000002  lw       x13, 0x0(x19)
#9076 0 80000258     c3cc m f0040034   f0040028  c.sw     x11, 0x4(x15)
#9077 0 8000025a 00f9a223 m f004102c   f0040030  sw       x15, 0x4(x19)
#9078 0 8000025e     c390 m f0040030   00000001  c.sw     x12, 0x0(x15)
#9079 0 80000260     40f2 r 01         80000222  c.lwsp   x1, 0x1c
#9080 0 80000262     4462 r 08         f0041028  c.lwsp   x8, 0x18
#9081 0 80000264 00168793 r 0f         00000003  addi     x15, x13, 0x1
#9082 0 80000268 00f9a023 m f0041028   00000003  sw       x15, 0x0(x19)
#9083 0 8000026c 00170793 r 0f         00000037  addi     x15, x14, 0x1
#9084 0 80000270 00fa2223 m f0041014   00000037  sw       x15, 0x4(x20)
#9085 0 80000274     44d2 r 09         00000003  c.lwsp   x9, 0x14
#9086 0 80000276     4942 r 12         f0041018  c.lwsp   x18, 0x10
#9087 0 80000278     49b2 r 13         f0041020  c.lwsp   x19, 0xc
#9088 0 8000027a     4a22 r 14         f0041010  c.lwsp   x20, 0x8
#9089 0 8000027c     6105 r 02         f0040fd0  c.addi16sp 0x2
#9090 0 8000027e     8082 r 00         00000000  c.jr     x1
#9091 0 80000222     874e r 0e         f0041020  c.mv     x14, x19
#9092 0 80000224     86a2 r 0d         f0041028  c.mv     x13, x8
#9093 0 80000226     864a r 0c         f0041018  c.mv     x12, x18
#9094 0 80000228     4585 r 0b         00000001  c.li     x11, 0x1
#9095 0 8000022a     8552 r 0a         f0041010  c.mv     x10, x20
#9096 0 8000022c     37e9 r 01         8000022e  c.jal    . - 0x36
#9097 0 800001f6     1101 r 02         f0040fb0  c.addi   x2, -0x20
#9098 0 800001f8     cc22 m f0040fc8   f0041028  c.swsp   x8, 0x18
#9099 0 800001fa     ca26 m f0040fc4   00000003  c.swsp   x9, 0x14
#9100 0 800001fc     c84a m f0040fc0   f0041018  c.swsp   x18, 0x10
#9101 0 800001fe     c64e m f0040fbc   f0041020  c.swsp   x19, 0xc
#9102 0 80000200     c452 m f0040fb8   f0041010  c.swsp   x20, 0x8
#9103 0 80000202     ce06 m f0040fcc   8000022e  c.swsp   x1, 0x1c
#9104 0 80000204     4785 r 0f         00000001  c.li     x15, 0x1
#9105 0 80000206     8a2a r 14         f0041010  c.mv     x20, x10
#9106 0 80000208     8932 r 12         f0041018  c.mv     x18, x12
#9107 0 8000020a     89ba r 13         f0041020  c.mv     x19, x14
#9108 0 8000020c     84ae r 09         00000001  c.mv     x9, x11
#9109 0 8000020e     8436 r 08         f0041028  c.mv     x8, x13
#9110 0 80000210 02f58663 r 00         00000000  beq      x11, x15, . + 0x2c
#9111 0 8000023c     8432 r 08         f0041018  c.mv     x8, x12
#9112 0 8000023e     405c r 0f         f0040018  c.lw     x15, 0x4(x8)
#9113 0 80000240     4014 r 0d         00000002  c.lw     x13, 0x0(x8)
#9114 0 80000242 004a2703 r 0e         00000037  lw       x14, 0x4(x20)
#9115 0 80000246     43cc r 0b         f0040000  c.lw     x11, 0x4(x15)
#9116 0 80000248     4390 r 0c         00000004  c.lw     x12, 0x0(x15)
#9117 0 8000024a     16fd r 0d         00000001  c.addi   x13, -0x1
#9118 0 8000024c     c04c m f004101c   f0040000  c.sw     x11, 0x4(x8)
#9119 0 8000024e 0049a583 r 0b         f0040010  lw       x11, 0x4(x19)
#9120 0 80000252     c014 m f0041018   00000001  c.sw     x13, 0x0(x8)
#9121 0 80000254 0009a683 r 0d         00000002  lw       x13, 0x0(x19)
#9122 0 80000258     c3cc m f004001c   f0040010  c.sw     x11, 0x4(x15)
#9123 0 8000025a 00f9a223 m f0041024   f0040018  sw       x15, 0x4(x19)
#9124 0 8000025e     c390 m f0040018   00000004  c.sw     x12, 0x0(x15)
#9125 0 80000260     40f2 r 01         8000022e  c.lwsp   x1, 0x1c
#9126 0 80000262     4462 r 08         f0041028  c.lwsp   x8, 0x18
#9127 0 80000264 00168793 r 0f         00000003  addi     x15, x13, 0x1
#9128 0 80000268 00f9a023 m f0041020   00000003  sw       x15, 0x0(x19)
#9129 0 8000026c 00170793 r 0f         00000038  addi     x15, x14, 0x1
#9130 0 80000270 00fa2223 m f0041014   00000038  sw       x15, 0x4(x20)
#9131 0 80000274     44d2 r 09         00000003  c.lwsp   x9, 0x14
#9132 0 80000276     4942 r 12         f0041018  c.lwsp   x18, 0x10
#9133 0 80000278     49b2 r 13         f0041020  c.lwsp   x19, 0xc
#9134 0 8000027a     4a22 r 14         f0041010  c.lwsp   x20, 0x8
#9135 0 8000027c     6105 r 02         f0040fd0  c.addi16sp 0x2
#9136 0 8000027e     8082 r 00         00000000  c.jr     x1
#9137 0 8000022e     4785 r 0f         00000001  c.li     x15, 0x1
#9138 0 80000230     874a r 0e         f0041018  c.mv     x14, x18
#9139 0 80000232 00f48663 r 00         00000000  beq      x9, x15, . + 0xc
#9140 0 80000236     8922 r 12         f0041028  c.mv     x18, x8
#9141 0 80000238     843a r 08         f0041018  c.mv     x8, x14
#9142 0 8000023a     bfe9 r 00         00000000  c.j      . - 0x26
#9143 0 80000214     14fd r 09         00000002  c.addi   x9, -0x1
#9144 0 80000216     85a6 r 0b         00000002  c.mv     x11, x9
#9145 0 80000218     8552 r 0a         f0041010  c.mv     x10, x20
#9146 0 8000021a     8722 r 0e         f0041018  c.mv     x14, x8
#9147 0 8000021c     86ce r 0d         f0041020  c.mv     x13, x19
#9148 0 8000021e     864a r 0c         f0041028  c.mv     x12, x18
#9149 0 80000220     3fd9 r 01         80000222  c.jal    . - 0x2a
#9150 0 800001f6     1101 r 02         f0040fb0  c.addi   x2, -0x20
#9151 0 800001f8     cc22 m f0040fc8   f0041018  c.swsp   x8, 0x18
#9152 0 800001fa     ca26 m f0040fc4   00000002  c.swsp   x9, 0x14
#9153 0 800001fc     c84a m f0040fc0   f0041028  c.swsp   x18, 0x10
#9154 0 800001fe     c64e m f0040fbc   f0041020  c.swsp   x19, 0xc
#9155 0 80000200     c452 m f0040fb8   f0041010  c.swsp   x20, 0x8
#9156 0 80000202     ce06 m f0040fcc   80000222  c.swsp   x1, 0x1c
#9157 0 80000204     4785 r 0f         00000001  c.li     x15, 0x1
#9158 0 80000206     8a2a r 14         f0041010  c.mv     x20, x10
#9159 0 80000208     8932 r 12         f0041028  c.mv     x18, x12
#9160 0 8000020a     89ba r 13         f0041018  c.mv     x19, x14
#9161 0 8000020c     84ae r 09         00000002  c.mv     x9, x11
#9162 0 8000020e     8436 r 08         f0041020  c.mv     x8, x13
#9163 0 80000210 02f58663 r 00         00000000  beq      x11, x15, . + 0x2c
#9164 0 80000214     14fd r 09         00000001  c.addi   x9, -0x1
#9165 0 80000216     85a6 r 0b         00000001  c.mv     x11, x9
#9166 0 80000218     8552 r 0a         f0041010  c.mv     x10, x20
#9167 0 8000021a     8722 r 0e         f0041020  c.mv     x14, x8
#9168 0 8000021c     86ce r 0d         f0041018  c.mv     x13, x19
#9169 0 8000021e     864a r 0c         f0041028  c.mv     x12, x18
#9170 0 80000220     3fd9 r 01         80000222  c.jal    . - 0x2a
#9171 0 800001f6     1101 r 02         f0040f90  c.addi   x2, -0x20
#9172 0 800001f8     cc22 m f0040fa8   f0041020  c.swsp   x8, 0x18
#9173 0 800001fa     ca26 m f0040fa4   00000001  c.swsp   x9, 0x14
#9174 0 800001fc     c84a m f0040fa0   f0041028  c.swsp   x18, 0x10
#9175 0 800001fe     c64e m f0040f9c   f0041018  c.swsp   x19, 0xc
#9176 0 80000200     c452 m f0040f98   f0041010  c.swsp   x20, 0x8
#9177 0 80000202     ce06 m f0040fac   80000222  c.swsp   x1, 0x1c
#9178 0 80000204     4785 r 0f         00000001  c.li     x15, 0x1
#9179 0 80000206     8a2a r 14         f0041010  c.mv     x20, x10
#9180 0 80000208     8932 r 12         f0041028  c.mv     x18, x12
#9181 0 8000020a     89ba r 13         f0041020  c.mv     x19, x14
#9182 0 8000020c     84ae r 09         00000001  c.mv     x9, x11
#9183 0 8000020e     8436 r 08         f0041018  c.mv     x8, x13
#9184 0 80000210 02f58663 r 00         00000000  beq      x11, x15, . + 0x2c
#9185 0 8000023c     8432 r 08         f0041028  c.mv     x8, x12
#9186 0 8000023e     405c r 0f         f0040030  c.lw     x15, 0x4(x8)
#9187 0 80000240     4014 r 0d         00000003  c.lw     x13, 0x0(x8)
#9188 0 80000242 004a2703 r 0e         00000038  lw       x14, 0x4(x20)
#9189 0 80000246     43cc r 0b         f0040028  c.lw     x11, 0x4(x15)
#9190 0 80000248     4390 r 0c         00000001  c.lw     x12, 0x0(x15)
#9191 0 8000024a     16fd r 0d         00000002  c.addi   x13, -0x1
#9192 0 8000024c     c04c m f004102c   f0040028  c.sw     x11, 0x4(x8)
#9193 0 8000024e 0049a583 r 0b         f0040018  lw       x11, 0x4(x19)
#9194 0 80000252     c014 m f0041028   00000002  c.sw     x13, 0x0(x8)
#9195 0 80000254 0009a683 r 0d         00000003  lw       x13, 0x0(x19)
#9196 0 80000258     c3cc m f0040034   f0040018  c.sw     x11, 0x4(x15)
#9197 0 8000025a 00f9a223 m f0041024   f0040030  sw       x15, 0x4(x19)
#9198 0 8000025e     c390 m f0040030   00000001  c.sw     x12, 0x0(x15)
#9199 0 80000260     40f2 r 01         80000222  c.lwsp   x1, 0x1c
#9200 0 80000262     4462 r 08         f0041020  c.lwsp   x8, 0x18
#9201 0 80000264 00168793 r 0f         00000004  addi     x15, x13, 0x1
#9202 0 80000268 00f9a023 m f0041020   00000004  sw       x15, 0x0(x19)
#9203 0 8000026c 00170793 r 0f         00000039  addi     x15, x14, 0x1
#9204 0 80000270 00fa2223 m f0041014   00000039  sw       x15, 0x4(x20)
#9205 0 80000274     44d2 r 09         00000001  c.lwsp   x9, 0x14
#9206 0 80000276     4942 r 12         f0041028  c.lwsp   x18, 0x10
#9207 0 80000278     49b2 r 13         f0041018  c.lwsp   x19, 0xc
#9208 0 8000027a     4a22 r 14         f0041010  c.lwsp   x20, 0x8
#9209 0 8000027c     6105 r 02         f0040fb0  c.addi16sp 0x2
#9210 0 8000027e     8082 r 00         00000000  c.jr     x1
#9211 0 80000222     874e r 0e         f0041018  c.mv     x14, x19
#9212 0 80000224     86a2 r 0d         f0041020  c.mv     x13, x8
#9213 0 80000226     864a r 0c         f0041028  c.mv     x12, x18
#9214 0 80000228     4585 r 0b         00000001  c.li     x11, 0x1
#9215 0 8000022a     8552 r 0a         f0041010  c.mv     x10, x20
#9216 0 8000022c     37e9 r 01         8000022e  c.jal    . - 0x36
#9217 0 800001f6     1101 r 02         f0040f90  c.addi   x2, -0x20
#9218 0 800001f8     cc22 m f0040fa8   f0041020  c.swsp   x8, 0x18
#9219 0 800001fa     ca26 m f0040fa4   00000001  c.swsp   x9, 0x14
#9220 0 800001fc     c84a m f0040fa0   f0041028  c.swsp   x18, 0x10
#9221 0 800001fe     c64e m f0040f9c   f0041018  c.swsp   x19, 0xc
#9222 0 80000200     c452 m f0040f98   f0041010  c.swsp   x20, 0x8
#9223 0 80000202     ce06 m f0040fac   8000022e  c.swsp   x1, 0x1c
#9224 0 80000204     4785 r 0f         00000001  c.li     x15, 0x1
#9225 0 80000206     8a2a r 14         f0041010  c.mv     x20, x10
#9226 0 80000208     8932 r 12         f0041028  c.mv     x18, x12
#9227 0 8000020a     89ba r 13         f0041018  c.mv     x19, x14
#9228 0 8000020c     84ae r 09         00000001  c.mv     x9, x11
#9229 0 8000020e     8436 r 08         f0041020  c.mv     x8, x13
#9230 0 80000210 02f58663 r 00         00000000  beq      x11, x15, . + 0x2c
#9231 0 8000023c     8432 r 08         f0041028  c.mv     x8, x12
#9232 0 8000023e     405c r 0f         f0040028  c.lw     x15, 0x4(x8)
#9233 0 80000240     4014 r 0d         00000002  c.lw     x13, 0x0(x8)
#9234 0 80000242 004a2703 r 0e         00000039  lw       x14, 0x4(x20)
#9235 0 80000246     43cc r 0b         f0040020  c.lw     x11, 0x4(x15)
#9236 0 80000248     4390 r 0c         00000002  c.lw     x12, 0x0(x15)
#9237 0 8000024a     16fd r 0d         00000001  c.addi   x13, -0x1
#9238 0 8000024c     c04c m f004102c   f0040020  c.sw     x11, 0x4(x8)
#9239 0 8000024e 0049a583 r 0b         f0040000  lw       x11, 0x4(x19)
#9240 0 80000252     c014 m f0041028   00000001  c.sw     x13, 0x0(x8)
#9241 0 80000254 0009a683 r 0d         00000001  lw       x13, 0x0(x19)
#9242 0 80000258     c3cc m f004002c   f0040000  c.sw     x11, 0x4(x15)
#9243 0 8000025a 00f9a223 m f004101c   f0040028  sw       x15, 0x4(x19)
#9244 0 8000025e     c390 m f0040028   00000002  c.sw     x12, 0x0(x15)
#9245 0 80000260     40f2 r 01         8000022e  c.lwsp   x1, 0x1c
#9246 0 80000262     4462 r 08         f0041020  c.lwsp   x8, 0x18
#9247 0 80000264 00168793 r 0f         00000002  addi     x15, x13, 0x1
#9248 0 80000268 00f9a023 m f0041018   00000002  sw       x15, 0x0(x19)
#9249 0 8000026c 00170793 r 0f         0000003a  addi     x15, x14, 0x1
#9250 0 80000270 00fa2223 m f0041014   0000003a  sw       x15, 0x4(x20)
#9251 0 80000274     44d2 r 09         00000001  c.lwsp   x9, 0x14
#9252 0 80000276     4942 r 12         f0041028  c.lwsp   x18, 0x10
#9253 0 80000278     49b2 r 13         f0041018  c.lwsp   x19, 0xc
#9254 0 8000027a     4a22 r 14         f0041010  c.lwsp   x20, 0x8
#9255 0 8000027c     6105 r 02         f0040fb0  c.addi16sp 0x2
#9256 0 8000027e     8082 r 00         00000000  c.jr     x1
#9257 0 8000022e     4785 r 0f         00000001  c.li     x15, 0x1
#9258 0 80000230     874a r 0e         f0041028  c.mv     x14, x18
#9259 0 80000232 00f48663 r 00         00000000  beq      x9, x15, . + 0xc
#9260 0 8000023e     405c r 0f         f0040030  c.lw     x15, 0x4(x8)
#9261 0 80000240     4014 r 0d         00000004  c.lw     x13, 0x0(x8)
#9262 0 80000242 004a2703 r 0e         0000003a  lw       x14, 0x4(x20)
#9263 0 80000246     43cc r 0b         f0040018  c.lw     x11, 0x4(x15)
#9264 0 80000248     4390 r 0c         00000001  c.lw     x12, 0x0(x15)
#9265 0 8000024a     16fd r 0d         00000003  c.addi   x13, -0x1
#9266 0 8000024c     c04c m f0041024   f0040018  c.sw     x11, 0x4(x8)
#9267 0 8000024e 0049a583 r 0b         f0040028  lw       x11, 0x4(x19)
#9268 0 80000252     c014 m f0041020   00000003  c.sw     x13, 0x0(x8)
#9269 0 80000254 0009a683 r 0d         00000002  lw       x13, 0x0(x19)
#9270 0 80000258     c3cc m f0040034   f0040028  c.sw     x11, 0x4(x15)
#9271 0 8000025a 00f9a223 m f004101c   f0040030  sw       x15, 0x4(x19)
#9272 0 8000025e     c390 m f0040030   00000001  c.sw     x12, 0x0(x15)
#9273 0 80000260     40f2 r 01         80000222  c.lwsp   x1, 0x1c
#9274 0 80000262     4462 r 08         f0041018  c.lwsp   x8, 0x18
#9275 0 80000264 00168793 r 0f         00000003  addi     x15, x13, 0x1
#9276 0 80000268 00f9a023 m f0041018   00000003  sw       x15, 0x0(x19)
#9277 0 8000026c 00170793 r 0f         0000003b  addi     x15, x14, 0x1
#9278 0 80000270 00fa2223 m f0041014   0000003b  sw       x15, 0x4(x20)
#9279 0 80000274     44d2 r 09         00000002  c.lwsp   x9, 0x14
#9280 0 80000276     4942 r 12         f0041028  c.lwsp   x18, 0x10
#9281 0 80000278     49b2 r 13         f0041020  c.lwsp   x19, 0xc
#9282 0 8000027a     4a22 r 14         f0041010  c.lwsp   x20, 0x8
#9283 0 8000027c     6105 r 02         f0040fd0  c.addi16sp 0x2
#9284 0 8000027e     8082 r 00         00000000  c.jr     x1
#9285 0 80000222     874e r 0e         f0041020  c.mv     x14, x19
#9286 0 80000224     86a2 r 0d         f0041018  c.mv     x13, x8
#9287 0 80000226     864a r 0c         f0041028  c.mv     x12, x18
#9288 0 80000228     4585 r 0b         00000001  c.li     x11, 0x1
#9289 0 8000022a     8552 r 0a         f0041010  c.mv     x10, x20
#9290 0 8000022c     37e9 r 01         8000022e  c.jal    . - 0x36
#9291 0 800001f6     1101 r 02         f0040fb0  c.addi   x2, -0x20
#9292 0 800001f8     cc22 m f0040fc8   f0041018  c.swsp   x8, 0x18
#9293 0 800001fa     ca26 m f0040fc4   00000002  c.swsp   x9, 0x14
#9294 0 800001fc     c84a m f0040fc0   f0041028  c.swsp   x18, 0x10
#9295 0 800001fe     c64e m f0040fbc   f0041020  c.swsp   x19, 0xc
#9296 0 80000200     c452 m f0040fb8   f0041010  c.swsp   x20, 0x8
#9297 0 80000202     ce06 m f0040fcc   8000022e  c.swsp   x1, 0x1c
#9298 0 80000204     4785 r 0f         00000001  c.li     x15, 0x1
#9299 0 80000206     8a2a r 14         f0041010  c.mv     x20, x10
#9300 0 80000208     8932 r 12         f0041028  c.mv     x18, x12
#9301 0 8000020a     89ba r 13         f0041020  c.mv     x19, x14
#9302 0 8000020c     84ae r 09         00000001  c.mv     x9, x11
#9303 0 8000020e     8436 r 08         f0041018  c.mv     x8, x13
#9304 0 80000210 02f58663 r 00         00000000  beq      x11, x15, . + 0x2c
#9305 0 8000023c     8432 r 08         f0041028  c.mv     x8, x12
#9306 0 8000023e     405c r 0f         f0040020  c.lw     x15, 0x4(x8)
#9307 0 80000240     4014 r 0d         00000001  c.lw     x13, 0x0(x8)
#9308 0 80000242 004a2703 r 0e         0000003b  lw       x14, 0x4(x20)
#9309 0 80000246     43cc r 0b         00000000  c.lw     x11, 0x4(x15)
#9310 0 80000248     4390 r 0c         00000003  c.lw     x12, 0x0(x15)
#9311 0 8000024a     16fd r 0d         00000000  c.addi   x13, -0x1
#9312 0 8000024c     c04c m f004102c   00000000  c.sw     x11, 0x4(x8)
#9313 0 8000024e 0049a583 r 0b         f0040018  lw       x11, 0x4(x19)
#9314 0 80000252     c014 m f0041028   00000000  c.sw     x13, 0x0(x8)
#9315 0 80000254 0009a683 r 0d         00000003  lw       x13, 0x0(x19)
#9316 0 80000258     c3cc m f0040024   f0040018  c.sw     x11, 0x4(x15)
#9317 0 8000025a 00f9a223 m f0041024   f0040020  sw       x15, 0x4(x19)
#9318 0 8000025e     c390 m f0040020   00000003  c.sw     x12, 0x0(x15)
#9319 0 80000260     40f2 r 01         8000022e  c.lwsp   x1, 0x1c
#9320 0 80000262     4462 r 08         f0041018  c.lwsp   x8, 0x18
#9321 0 80000264 00168793 r 0f         00000004  addi     x15, x13, 0x1
#9322 0 80000268 00f9a023 m f0041020   00000004  sw       x15, 0x0(x19)
#9323 0 8000026c 00170793 r 0f         0000003c  addi     x15, x14, 0x1
#9324 0 80000270 00fa2223 m f0041014   0000003c  sw       x15, 0x4(x20)
#9325 0 80000274     44d2 r 09         00000002  c.lwsp   x9, 0x14
#9326 0 80000276     4942 r 12         f0041028  c.lwsp   x18, 0x10
#9327 0 80000278     49b2 r 13         f0041020  c.lwsp   x19, 0xc
#9328 0 8000027a     4a22 r 14         f0041010  c.lwsp   x20, 0x8
#9329 0 8000027c     6105 r 02         f0040fd0  c.addi16sp 0x2
#9330 0 8000027e     8082 r 00         00000000  c.jr     x1
#9331 0 8000022e     4785 r 0f         00000001  c.li     x15, 0x1
#9332 0 80000230     874a r 0e         f0041028  c.mv     x14, x18
#9333 0 80000232 00f48663 r 00         00000000  beq      x9, x15, . + 0xc
#9334 0 80000236     8922 r 12         f0041018  c.mv     x18, x8
#9335 0 80000238     843a r 08         f0041028  c.mv     x8, x14
#9336 0 8000023a     bfe9 r 00         00000000  c.j      . - 0x26
#9337 0 80000214     14fd r 09         00000001  c.addi   x9, -0x1
#9338 0 80000216     85a6 r 0b         00000001  c.mv     x11, x9
#9339 0 80000218     8552 r 0a         f0041010  c.mv     x10, x20
#9340 0 8000021a     8722 r 0e         f0041028  c.mv     x14, x8
#9341 0 8000021c     86ce r 0d         f0041020  c.mv     x13, x19
#9342 0 8000021e     864a r 0c         f0041018  c.mv     x12, x18
#9343 0 80000220     3fd9 r 01         80000222  c.jal    . - 0x2a
#9344 0 800001f6     1101 r 02         f0040fb0  c.addi   x2, -0x20
#9345 0 800001f8     cc22 m f0040fc8   f0041028  c.swsp   x8, 0x18
#9346 0 800001fa     ca26 m f0040fc4   00000001  c.swsp   x9, 0x14
#9347 0 800001fc     c84a m f0040fc0   f0041018  c.swsp   x18, 0x10
#9348 0 800001fe     c64e m f0040fbc   f0041020  c.swsp   x19, 0xc
#9349 0 80000200     c452 m f0040fb8   f0041010  c.swsp   x20, 0x8
#9350 0 80000202     ce06 m f0040fcc   80000222  c.swsp   x1, 0x1c
#9351 0 80000204     4785 r 0f         00000001  c.li     x15, 0x1
#9352 0 80000206     8a2a r 14         f0041010  c.mv     x20, x10
#9353 0 80000208     8932 r 12         f0041018  c.mv     x18, x12
#9354 0 8000020a     89ba r 13         f0041028  c.mv     x19, x14
#9355 0 8000020c     84ae r 09         00000001  c.mv     x9, x11
#9356 0 8000020e     8436 r 08         f0041020  c.mv     x8, x13
#9357 0 80000210 02f58663 r 00         00000000  beq      x11, x15, . + 0x2c
#9358 0 8000023c     8432 r 08         f0041018  c.mv     x8, x12
#9359 0 8000023e     405c r 0f         f0040030  c.lw     x15, 0x4(x8)
#9360 0 80000240     4014 r 0d         00000003  c.lw     x13, 0x0(x8)
#9361 0 80000242 004a2703 r 0e         0000003c  lw       x14, 0x4(x20)
#9362 0 80000246     43cc r 0b         f0040028  c.lw     x11, 0x4(x15)
#9363 0 80000248     4390 r 0c         00000001  c.lw     x12, 0x0(x15)
#9364 0 8000024a     16fd r 0d         00000002  c.addi   x13, -0x1
#9365 0 8000024c     c04c m f004101c   f0040028  c.sw     x11, 0x4(x8)
#9366 0 8000024e 0049a583 r 0b         00000000  lw       x11, 0x4(x19)
#9367 0 80000252     c014 m f0041018   00000002  c.sw     x13, 0x0(x8)
#9368 0 80000254 0009a683 r 0d         00000000  lw       x13, 0x0(x19)
#9369 0 80000258     c3cc m f0040034   00000000  c.sw     x11, 0x4(x15)
#9370 0 8000025a 00f9a223 m f004102c   f0040030  sw       x15, 0x4(x19)
#9371 0 8000025e     c390 m f0040030   00000001  c.sw     x12, 0x0(x15)
#9372 0 80000260     40f2 r 01         80000222  c.lwsp   x1, 0x1c
#9373 0 80000262     4462 r 08         f0041028  c.lwsp   x8, 0x18
#9374 0 80000264 00168793 r 0f         00000001  addi     x15, x13, 0x1
#9375 0 80000268 00f9a023 m f0041028   00000001  sw       x15, 0x0(x19)
#9376 0 8000026c 00170793 r 0f         0000003d  addi     x15, x14, 0x1
#9377 0 80000270 00fa2223 m f0041014   0000003d  sw       x15, 0x4(x20)
#9378 0 80000274     44d2 r 09         00000001  c.lwsp   x9, 0x14
#9379 0 80000276     4942 r 12         f0041018  c.lwsp   x18, 0x10
#9380 0 80000278     49b2 r 13         f0041020  c.lwsp   x19, 0xc
#9381 0 8000027a     4a22 r 14         f0041010  c.lwsp   x20, 0x8
#9382 0 8000027c     6105 r 02         f0040fd0  c.addi16sp 0x2
#9383 0 8000027e     8082 r 00         00000000  c.jr     x1
#9384 0 80000222     874e r 0e         f0041020  c.mv     x14, x19
#9385 0 80000224     86a2 r 0d         f0041028  c.mv     x13, x8
#9386 0 80000226     864a r 0c         f0041018  c.mv     x12, x18
#9387 0 80000228     4585 r 0b         00000001  c.li     x11, 0x1
#9388 0 8000022a     8552 r 0a         f0041010  c.mv     x10, x20
#9389 0 8000022c     37e9 r 01         8000022e  c.jal    . - 0x36
#9390 0 800001f6     1101 r 02         f0040fb0  c.addi   x2, -0x20
#9391 0 800001f8     cc22 m f0040fc8   f0041028  c.swsp   x8, 0x18
#9392 0 800001fa     ca26 m f0040fc4   00000001  c.swsp   x9, 0x14
#9393 0 800001fc     c84a m f0040fc0   f0041018  c.swsp   x18, 0x10
#9394 0 800001fe     c64e m f0040fbc   f0041020  c.swsp   x19, 0xc
#9395 0 80000200     c452 m f0040fb8   f0041010  c.swsp   x20, 0x8
#9396 0 80000202     ce06 m f0040fcc   8000022e  c.swsp   x1, 0x1c
#9397 0 80000204     4785 r 0f         00000001  c.li     x15, 0x1
#9398 0 80000206     8a2a r 14         f0041010  c.mv     x20, x10
#9399 0 80000208     8932 r 12         f0041018  c.mv     x18, x12
#9400 0 8000020a     89ba r 13         f0041020  c.mv     x19, x14
#9401 0 8000020c     84ae r 09         00000001  c.mv     x9, x11
#9402 0 8000020e     8436 r 08         f0041028  c.mv     x8, x13
#9403 0 80000210 02f58663 r 00         00000000  beq      x11, x15, . + 0x2c
#9404 0 8000023c     8432 r 08         f0041018  c.mv     x8, x12
#9405 0 8000023e     405c r 0f         f0040028  c.lw     x15, 0x4(x8)
#9406 0 80000240     4014 r 0d         00000002  c.lw     x13, 0x0(x8)
#9407 0 80000242 004a2703 r 0e         0000003d  lw       x14, 0x4(x20)
#9408 0 80000246     43cc r 0b         f0040000  c.lw     x11, 0x4(x15)
#9409 0 80000248     4390 r 0c         00000002  c.lw     x12, 0x0(x15)
#9410 0 8000024a     16fd r 0d         00000001  c.addi   x13, -0x1
#9411 0 8000024c     c04c m f004101c   f0040000  c.sw     x11, 0x4(x8)
#9412 0 8000024e 0049a583 r 0b         f0040020  lw       x11, 0x4(x19)
#9413 0 80000252     c014 m f0041018   00000001  c.sw     x13, 0x0(x8)
#9414 0 80000254 0009a683 r 0d         00000004  lw       x13, 0x0(x19)
#9415 0 80000258     c3cc m f004002c   f0040020  c.sw     x11, 0x4(x15)
#9416 0 8000025a 00f9a223 m f0041024   f0040028  sw       x15, 0x4(x19)
#9417 0 8000025e     c390 m f0040028   00000002  c.sw     x12, 0x0(x15)
#9418 0 80000260     40f2 r 01         8000022e  c.lwsp   x1, 0x1c
#9419 0 80000262     4462 r 08         f0041028  c.lwsp   x8, 0x18
#9420 0 80000264 00168793 r 0f         00000005  addi     x15, x13, 0x1
#9421 0 80000268 00f9a023 m f0041020   00000005  sw       x15, 0x0(x19)
#9422 0 8000026c 00170793 r 0f         0000003e  addi     x15, x14, 0x1
#9423 0 80000270 00fa2223 m f0041014   0000003e  sw       x15, 0x4(x20)
#9424 0 80000274     44d2 r 09         00000001  c.lwsp   x9, 0x14
#9425 0 80000276     4942 r 12         f0041018  c.lwsp   x18, 0x10
#9426 0 80000278     49b2 r 13         f0041020  c.lwsp   x19, 0xc
#9427 0 8000027a     4a22 r 14         f0041010  c.lwsp   x20, 0x8
#9428 0 8000027c     6105 r 02         f0040fd0  c.addi16sp 0x2
#9429 0 8000027e     8082 r 00         00000000  c.jr     x1
#9430 0 8000022e     4785 r 0f         00000001  c.li     x15, 0x1
#9431 0 80000230     874a r 0e         f0041018  c.mv     x14, x18
#9432 0 80000232 00f48663 r 00         00000000  beq      x9, x15, . + 0xc
#9433 0 8000023e     405c r 0f         f0040030  c.lw     x15, 0x4(x8)
#9434 0 80000240     4014 r 0d         00000001  c.lw     x13, 0x0(x8)
#9435 0 80000242 004a2703 r 0e         0000003e  lw       x14, 0x4(x20)
#9436 0 80000246     43cc r 0b         00000000  c.lw     x11, 0x4(x15)
#9437 0 80000248     4390 r 0c         00000001  c.lw     x12, 0x0(x15)
#9438 0 8000024a     16fd r 0d         00000000  c.addi   x13, -0x1
#9439 0 8000024c     c04c m f004102c   00000000  c.sw     x11, 0x4(x8)
#9440 0 8000024e 0049a583 r 0b         f0040028  lw       x11, 0x4(x19)
#9441 0 80000252     c014 m f0041028   00000000  c.sw     x13, 0x0(x8)
#9442 0 80000254 0009a683 r 0d         00000005  lw       x13, 0x0(x19)
#9443 0 80000258     c3cc m f0040034   f0040028  c.sw     x11, 0x4(x15)
#9444 0 8000025a 00f9a223 m f0041024   f0040030  sw       x15, 0x4(x19)
#9445 0 8000025e     c390 m f0040030   00000001  c.sw     x12, 0x0(x15)
#9446 0 80000260     40f2 r 01         80000222  c.lwsp   x1, 0x1c
#9447 0 80000262     4462 r 08         f0041020  c.lwsp   x8, 0x18
#9448 0 80000264 00168793 r 0f         00000006  addi     x15, x13, 0x1
#9449 0 80000268 00f9a023 m f0041020   00000006  sw       x15, 0x0(x19)
#9450 0 8000026c 00170793 r 0f         0000003f  addi     x15, x14, 0x1
#9451 0 80000270 00fa2223 m f0041014   0000003f  sw       x15, 0x4(x20)
#9452 0 80000274     44d2 r 09         00000006  c.lwsp   x9, 0x14
#9453 0 80000276     4942 r 12         f0041018  c.lwsp   x18, 0x10
#9454 0 80000278     49b2 r 13         f0041028  c.lwsp   x19, 0xc
#9455 0 8000027a     4a22 r 14         f0041010  c.lwsp   x20, 0x8
#9456 0 8000027c     6105 r 02         f0040ff0  c.addi16sp 0x2
#9457 0 8000027e     8082 r 00         00000000  c.jr     x1
#9458 0 80000222     874e r 0e         f0041028  c.mv     x14, x19
#9459 0 80000224     86a2 r 0d         f0041020  c.mv     x13, x8
#9460 0 80000226     864a r 0c         f0041018  c.mv     x12, x18
#9461 0 80000228     4585 r 0b         00000001  c.li     x11, 0x1
#9462 0 8000022a     8552 r 0a         f0041010  c.mv     x10, x20
#9463 0 8000022c     37e9 r 01         8000022e  c.jal    . - 0x36
#9464 0 800001f6     1101 r 02         f0040fd0  c.addi   x2, -0x20
#9465 0 800001f8     cc22 m f0040fe8   f0041020  c.swsp   x8, 0x18
#9466 0 800001fa     ca26 m f0040fe4   00000006  c.swsp   x9, 0x14
#9467 0 800001fc     c84a m f0040fe0   f0041018  c.swsp   x18, 0x10
#9468 0 800001fe     c64e m f0040fdc   f0041028  c.swsp   x19, 0xc
#9469 0 80000200     c452 m f0040fd8   f0041010  c.swsp   x20, 0x8
#9470 0 80000202     ce06 m f0040fec   8000022e  c.swsp   x1, 0x1c
#9471 0 80000204     4785 r 0f         00000001  c.li     x15, 0x1
#9472 0 80000206     8a2a r 14         f0041010  c.mv     x20, x10
#9473 0 80000208     8932 r 12         f0041018  c.mv     x18, x12
#9474 0 8000020a     89ba r 13         f0041028  c.mv     x19, x14
#9475 0 8000020c     84ae r 09         00000001  c.mv     x9, x11
#9476 0 8000020e     8436 r 08         f0041020  c.mv     x8, x13
#9477 0 80000210 02f58663 r 00         00000000  beq      x11, x15, . + 0x2c
#9478 0 8000023c     8432 r 08         f0041018  c.mv     x8, x12
#9479 0 8000023e     405c r 0f         f0040000  c.lw     x15, 0x4(x8)
#9480 0 80000240     4014 r 0d         00000001  c.lw     x13, 0x0(x8)
#9481 0 80000242 004a2703 r 0e         0000003f  lw       x14, 0x4(x20)
#9482 0 80000246     43cc r 0b         00000000  c.lw     x11, 0x4(x15)
#9483 0 80000248     4390 r 0c         00000007  c.lw     x12, 0x0(x15)
#9484 0 8000024a     16fd r 0d         00000000  c.addi   x13, -0x1
#9485 0 8000024c     c04c m f004101c   00000000  c.sw     x11, 0x4(x8)
#9486 0 8000024e 0049a583 r 0b         00000000  lw       x11, 0x4(x19)
#9487 0 80000252     c014 m f0041018   00000000  c.sw     x13, 0x0(x8)
#9488 0 80000254 0009a683 r 0d         00000000  lw       x13, 0x0(x19)
#9489 0 80000258     c3cc m f0040004   00000000  c.sw     x11, 0x4(x15)
#9490 0 8000025a 00f9a223 m f004102c   f0040000  sw       x15, 0x4(x19)
#9491 0 8000025e     c390 m f0040000   00000007  c.sw     x12, 0x0(x15)
#9492 0 80000260     40f2 r 01         8000022e  c.lwsp   x1, 0x1c
#9493 0 80000262     4462 r 08         f0041020  c.lwsp   x8, 0x18
#9494 0 80000264 00168793 r 0f         00000001  addi     x15, x13, 0x1
#9495 0 80000268 00f9a023 m f0041028   00000001  sw       x15, 0x0(x19)
#9496 0 8000026c 00170793 r 0f         00000040  addi     x15, x14, 0x1
#9497 0 80000270 00fa2223 m f0041014   00000040  sw       x15, 0x4(x20)
#9498 0 80000274     44d2 r 09         00000006  c.lwsp   x9, 0x14
#9499 0 80000276     4942 r 12         f0041018  c.lwsp   x18, 0x10
#9500 0 80000278     49b2 r 13         f0041028  c.lwsp   x19, 0xc
#9501 0 8000027a     4a22 r 14         f0041010  c.lwsp   x20, 0x8
#9502 0 8000027c     6105 r 02         f0040ff0  c.addi16sp 0x2
#9503 0 8000027e     8082 r 00         00000000  c.jr     x1
#9504 0 8000022e     4785 r 0f         00000001  c.li     x15, 0x1
#9505 0 80000230     874a r 0e         f0041018  c.mv     x14, x18
#9506 0 80000232 00f48663 r 00         00000000  beq      x9, x15, . + 0xc
#9507 0 80000236     8922 r 12         f0041020  c.mv     x18, x8
#9508 0 80000238     843a r 08         f0041018  c.mv     x8, x14
#9509 0 8000023a     bfe9 r 00         00000000  c.j      . - 0x26
#9510 0 80000214     14fd r 09         00000005  c.addi   x9, -0x1
#9511 0 80000216     85a6 r 0b         00000005  c.mv     x11, x9
#9512 0 80000218     8552 r 0a         f0041010  c.mv     x10, x20
#9513 0 8000021a     8722 r 0e         f0041018  c.mv     x14, x8
#9514 0 8000021c     86ce r 0d         f0041028  c.mv     x13, x19
#9515 0 8000021e     864a r 0c         f0041020  c.mv     x12, x18
#9516 0 80000220     3fd9 r 01         80000222  c.jal    . - 0x2a
#9517 0 800001f6     1101 r 02         f0040fd0  c.addi   x2, -0x20
#9518 0 800001f8     cc22 m f0040fe8   f0041018  c.swsp   x8, 0x18
#9519 0 800001fa     ca26 m f0040fe4   00000005  c.swsp   x9, 0x14
#9520 0 800001fc     c84a m f0040fe0   f0041020  c.swsp   x18, 0x10
#9521 0 800001fe     c64e m f0040fdc   f0041028  c.swsp   x19, 0xc
#9522 0 80000200     c452 m f0040fd8   f0041010  c.swsp   x20, 0x8
#9523 0 80000202     ce06 m f0040fec   80000222  c.swsp   x1, 0x1c
#9524 0 80000204     4785 r 0f         00000001  c.li     x15, 0x1
#9525 0 80000206     8a2a r 14         f0041010  c.mv     x20, x10
#9526 0 80000208     8932 r 12         f0041020  c.mv     x18, x12
#9527 0 8000020a     89ba r 13         f0041018  c.mv     x19, x14
#9528 0 8000020c     84ae r 09         00000005  c.mv     x9, x11
#9529 0 8000020e     8436 r 08         f0041028  c.mv     x8, x13
#9530 0 80000210 02f58663 r 00         00000000  beq      x11, x15, . + 0x2c
#9531 0 80000214     14fd r 09         00000004  c.addi   x9, -0x1
#9532 0 80000216     85a6 r 0b         00000004  c.mv     x11, x9
#9533 0 80000218     8552 r 0a         f0041010  c.mv     x10, x20
#9534 0 8000021a     8722 r 0e         f0041028  c.mv     x14, x8
#9535 0 8000021c     86ce r 0d         f0041018  c.mv     x13, x19
#9536 0 8000021e     864a r 0c         f0041020  c.mv     x12, x18
#9537 0 80000220     3fd9 r 01         80000222  c.jal    . - 0x2a
#9538 0 800001f6     1101 r 02         f0040fb0  c.addi   x2, -0x20
#9539 0 800001f8     cc22 m f0040fc8   f0041028  c.swsp   x8, 0x18
#9540 0 800001fa     ca26 m f0040fc4   00000004  c.swsp   x9, 0x14
#9541 0 800001fc     c84a m f0040fc0   f0041020  c.swsp   x18, 0x10
#9542 0 800001fe     c64e m f0040fbc   f0041018  c.swsp   x19, 0xc
#9543 0 80000200     c452 m f0040fb8   f0041010  c.swsp   x20, 0x8
#9544 0 80000202     ce06 m f0040fcc   80000222  c.swsp   x1, 0x1c
#9545 0 80000204     4785 r 0f         00000001  c.li     x15, 0x1
#9546 0 80000206     8a2a r 14         f0041010  c.mv     x20, x10
#9547 0 80000208     8932 r 12         f0041020  c.mv     x18, x12
#9548 0 8000020a     89ba r 13         f0041028  c.mv     x19, x14
#9549 0 8000020c     84ae r 09         00000004  c.mv     x9, x11
#9550 0 8000020e     8436 r 08         f0041018  c.mv     x8, x13
#9551 0 80000210 02f58663 r 00         00000000  beq      x11, x15, . + 0x2c
#9552 0 80000214     14fd r 09         00000003  c.addi   x9, -0x1
#9553 0 80000216     85a6 r 0b         00000003  c.mv     x11, x9
#9554 0 80000218     8552 r 0a         f0041010  c.mv     x10, x20
#9555 0 8000021a     8722 r 0e         f0041018  c.mv     x14, x8
#9556 0 8000021c     86ce r 0d         f0041028  c.mv     x13, x19
#9557 0 8000021e     864a r 0c         f0041020  c.mv     x12, x18
#9558 0 80000220     3fd9 r 01         80000222  c.jal    . - 0x2a
#9559 0 800001f6     1101 r 02         f0040f90  c.addi   x2, -0x20
#9560 0 800001f8     cc22 m f0040fa8   f0041018  c.swsp   x8, 0x18
#9561 0 800001fa     ca26 m f0040fa4   00000003  c.swsp   x9, 0x14
#9562 0 800001fc     c84a m f0040fa0   f0041020  c.swsp   x18, 0x10
#9563 0 800001fe     c64e m f0040f9c   f0041028  c.swsp   x19, 0xc
#9564 0 80000200     c452 m f0040f98   f0041010  c.swsp   x20, 0x8
#9565 0 80000202     ce06 m f0040fac   80000222  c.swsp   x1, 0x1c
#9566 0 80000204     4785 r 0f         00000001  c.li     x15, 0x1
#9567 0 80000206     8a2a r 14         f0041010  c.mv     x20, x10
#9568 0 80000208     8932 r 12         f0041020  c.mv     x18, x12
#9569 0 8000020a     89ba r 13         f0041018  c.mv     x19, x14
#9570 0 8000020c     84ae r 09         00000003  c.mv     x9, x11
#9571 0 8000020e     8436 r 08         f0041028  c.mv     x8, x13
#9572 0 80000210 02f58663 r 00         00000000  beq      x11, x15, . + 0x2c
#9573 0 80000214     14fd r 09         00000002  c.addi   x9, -0x1
#9574 0 80000216     85a6 r 0b         00000002  c.mv     x11, x9
#9575 0 80000218     8552 r 0a         f0041010  c.mv     x10, x20
#9576 0 8000021a     8722 r 0e         f0041028  c.mv     x14, x8
#9577 0 8000021c     86ce r 0d         f0041018  c.mv     x13, x19
#9578 0 8000021e     864a r 0c         f0041020  c.mv     x12, x18
#9579 0 80000220     3fd9 r 01         80000222  c.jal    . - 0x2a
#9580 0 800001f6     1101 r 02         f0040f70  c.addi   x2, -0x20
#9581 0 800001f8     cc22 m f0040f88   f0041028  c.swsp   x8, 0x18
#9582 0 800001fa     ca26 m f0040f84   00000002  c.swsp   x9, 0x14
#9583 0 800001fc     c84a m f0040f80   f0041020  c.swsp   x18, 0x10
#9584 0 800001fe     c64e m f0040f7c   f0041018  c.swsp   x19, 0xc
#9585 0 80000200     c452 m f0040f78   f0041010  c.swsp   x20, 0x8
#9586 0 80000202     ce06 m f0040f8c   80000222  c.swsp   x1, 0x1c
#9587 0 80000204     4785 r 0f         00000001  c.li     x15, 0x1
#9588 0 80000206     8a2a r 14         f0041010  c.mv     x20, x10
#9589 0 80000208     8932 r 12         f0041020  c.mv     x18, x12
#9590 0 8000020a     89ba r 13         f0041028  c.mv     x19, x14
#9591 0 8000020c     84ae r 09         00000002  c.mv     x9, x11
#9592 0 8000020e     8436 r 08         f0041018  c.mv     x8, x13
#9593 0 80000210 02f58663 r 00         00000000  beq      x11, x15, . + 0x2c
#9594 0 80000214     14fd r 09         00000001  c.addi   x9, -0x1
#9595 0 80000216     85a6 r 0b         00000001  c.mv     x11, x9
#9596 0 80000218     8552 r 0a         f0041010  c.mv     x10, x20
#9597 0 8000021a     8722 r 0e         f0041018  c.mv     x14, x8
#9598 0 8000021c     86ce r 0d         f0041028  c.mv     x13, x19
#9599 0 8000021e     864a r 0c         f0041020  c.mv     x12, x18
#9600 0 80000220     3fd9 r 01         80000222  c.jal    . - 0x2a
#9601 0 800001f6     1101 r 02         f0040f50  c.addi   x2, -0x20
#9602 0 800001f8     cc22 m f0040f68   f0041018  c.swsp   x8, 0x18
#9603 0 800001fa     ca26 m f0040f64   00000001  c.swsp   x9, 0x14
#9604 0 800001fc     c84a m f0040f60   f0041020  c.swsp   x18, 0x10
#9605 0 800001fe     c64e m f0040f5c   f0041028  c.swsp   x19, 0xc
#9606 0 80000200     c452 m f0040f58   f0041010  c.swsp   x20, 0x8
#9607 0 80000202     ce06 m f0040f6c   80000222  c.swsp   x1, 0x1c
#9608 0 80000204     4785 r 0f         00000001  c.li     x15, 0x1
#9609 0 80000206     8a2a r 14         f0041010  c.mv     x20, x10
#9610 0 80000208     8932 r 12         f0041020  c.mv     x18, x12
#9611 0 8000020a     89ba r 13         f0041018  c.mv     x19, x14
#9612 0 8000020c     84ae r 09         00000001  c.mv     x9, x11
#9613 0 8000020e     8436 r 08         f0041028  c.mv     x8, x13
#9614 0 80000210 02f58663 r 00         00000000  beq      x11, x15, . + 0x2c
#9615 0 8000023c     8432 r 08         f0041020  c.mv     x8, x12
#9616 0 8000023e     405c r 0f         f0040030  c.lw     x15, 0x4(x8)
#9617 0 80000240     4014 r 0d         00000006  c.lw     x13, 0x0(x8)
#9618 0 80000242 004a2703 r 0e         00000040  lw       x14, 0x4(x20)
#9619 0 80000246     43cc r 0b         f0040028  c.lw     x11, 0x4(x15)
#9620 0 80000248     4390 r 0c         00000001  c.lw     x12, 0x0(x15)
#9621 0 8000024a     16fd r 0d         00000005  c.addi   x13, -0x1
#9622 0 8000024c     c04c m f0041024   f0040028  c.sw     x11, 0x4(x8)
#9623 0 8000024e 0049a583 r 0b         00000000  lw       x11, 0x4(x19)
#9624 0 80000252     c014 m f0041020   00000005  c.sw     x13, 0x0(x8)
#9625 0 80000254 0009a683 r 0d         00000000  lw       x13, 0x0(x19)
#9626 0 80000258     c3cc m f0040034   00000000  c.sw     x11, 0x4(x15)
#9627 0 8000025a 00f9a223 m f004101c   f0040030  sw       x15, 0x4(x19)
#9628 0 8000025e     c390 m f0040030   00000001  c.sw     x12, 0x0(x15)
#9629 0 80000260     40f2 r 01         80000222  c.lwsp   x1, 0x1c
#9630 0 80000262     4462 r 08         f0041018  c.lwsp   x8, 0x18
#9631 0 80000264 00168793 r 0f         00000001  addi     x15, x13, 0x1
#9632 0 80000268 00f9a023 m f0041018   00000001  sw       x15, 0x0(x19)
#9633 0 8000026c 00170793 r 0f         00000041  addi     x15, x14, 0x1
#9634 0 80000270 00fa2223 m f0041014   00000041  sw       x15, 0x4(x20)
#9635 0 80000274     44d2 r 09         00000001  c.lwsp   x9, 0x14
#9636 0 80000276     4942 r 12         f0041020  c.lwsp   x18, 0x10
#9637 0 80000278     49b2 r 13         f0041028  c.lwsp   x19, 0xc
#9638 0 8000027a     4a22 r 14         f0041010  c.lwsp   x20, 0x8
#9639 0 8000027c     6105 r 02         f0040f70  c.addi16sp 0x2
#9640 0 8000027e     8082 r 00         00000000  c.jr     x1
#9641 0 80000222     874e r 0e         f0041028  c.mv     x14, x19
#9642 0 80000224     86a2 r 0d         f0041018  c.mv     x13, x8
#9643 0 80000226     864a r 0c         f0041020  c.mv     x12, x18
#9644 0 80000228     4585 r 0b         00000001  c.li     x11, 0x1
#9645 0 8000022a     8552 r 0a         f0041010  c.mv     x10, x20
#9646 0 8000022c     37e9 r 01         8000022e  c.jal    . - 0x36
#9647 0 800001f6     1101 r 02         f0040f50  c.addi   x2, -0x20
#9648 0 800001f8     cc22 m f0040f68   f0041018  c.swsp   x8, 0x18
#9649 0 800001fa     ca26 m f0040f64   00000001  c.swsp   x9, 0x14
#9650 0 800001fc     c84a m f0040f60   f0041020  c.swsp   x18, 0x10
#9651 0 800001fe     c64e m f0040f5c   f0041028  c.swsp   x19, 0xc
#9652 0 80000200     c452 m f0040f58   f0041010  c.swsp   x20, 0x8
#9653 0 80000202     ce06 m f0040f6c   8000022e  c.swsp   x1, 0x1c
#9654 0 80000204     4785 r 0f         00000001  c.li     x15, 0x1
#9655 0 80000206     8a2a r 14         f0041010  c.mv     x20, x10
#9656 0 80000208     8932 r 12         f0041020  c.mv     x18, x12
#9657 0 8000020a     89ba r 13         f0041028  c.mv     x19, x14
#9658 0 8000020c     84ae r 09         00000001  c.mv     x9, x11
#9659 0 8000020e     8436 r 08         f0041018  c.mv     x8, x13
#9660 0 80000210 02f58663 r 00         00000000  beq      x11, x15, . + 0x2c
#9661 0 8000023c     8432 r 08         f0041020  c.mv     x8, x12
#9662 0 8000023e     405c r 0f         f0040028  c.lw     x15, 0x4(x8)
#9663 0 80000240     4014 r 0d         00000005  c.lw     x13, 0x0(x8)
#9664 0 80000242 004a2703 r 0e         00000041  lw       x14, 0x4(x20)
#9665 0 80000246     43cc r 0b         f0040020  c.lw     x11, 0x4(x15)
#9666 0 80000248     4390 r 0c         00000002  c.lw     x12, 0x0(x15)
#9667 0 8000024a     16fd r 0d         00000004  c.addi   x13, -0x1
#9668 0 8000024c     c04c m f0041024   f0040020  c.sw     x11, 0x4(x8)
#9669 0 8000024e 0049a583 r 0b         f0040000  lw       x11, 0x4(x19)
#9670 0 80000252     c014 m f0041020   00000004  c.sw     x13, 0x0(x8)
#9671 0 80000254 0009a683 r 0d         00000001  lw       x13, 0x0(x19)
#9672 0 80000258     c3cc m f004002c   f0040000  c.sw     x11, 0x4(x15)
#9673 0 8000025a 00f9a223 m f004102c   f0040028  sw       x15, 0x4(x19)
#9674 0 8000025e     c390 m f0040028   00000002  c.sw     x12, 0x0(x15)
#9675 0 80000260     40f2 r 01         8000022e  c.lwsp   x1, 0x1c
#9676 0 80000262     4462 r 08         f0041018  c.lwsp   x8, 0x18
#9677 0 80000264 00168793 r 0f         00000002  addi     x15, x13, 0x1
#9678 0 80000268 00f9a023 m f0041028   00000002  sw       x15, 0x0(x19)
#9679 0 8000026c 00170793 r 0f         00000042  addi     x15, x14, 0x1
#9680 0 80000270 00fa2223 m f0041014   00000042  sw       x15, 0x4(x20)
#9681 0 80000274     44d2 r 09         00000001  c.lwsp   x9, 0x14
#9682 0 80000276     4942 r 12         f0041020  c.lwsp   x18, 0x10
#9683 0 80000278     49b2 r 13         f0041028  c.lwsp   x19, 0xc
#9684 0 8000027a     4a22 r 14         f0041010  c.lwsp   x20, 0x8
#9685 0 8000027c     6105 r 02         f0040f70  c.addi16sp 0x2
#9686 0 8000027e     8082 r 00         00000000  c.jr     x1
#9687 0 8000022e     4785 r 0f         00000001  c.li     x15, 0x1
#9688 0 80000230     874a r 0e         f0041020  c.mv     x14, x18
#9689 0 80000232 00f48663 r 00         00000000  beq      x9, x15, . + 0xc
#9690 0 8000023e     405c r 0f         f0040030  c.lw     x15, 0x4(x8)
#9691 0 80000240     4014 r 0d         00000001  c.lw     x13, 0x0(x8)
#9692 0 80000242 004a2703 r 0e         00000042  lw       x14, 0x4(x20)
#9693 0 80000246     43cc r 0b         00000000  c.lw     x11, 0x4(x15)
#9694 0 80000248     4390 r 0c         00000001  c.lw     x12, 0x0(x15)
#9695 0 8000024a     16fd r 0d         00000000  c.addi   x13, -0x1
#9696 0 8000024c     c04c m f004101c   00000000  c.sw     x11, 0x4(x8)
#9697 0 8000024e 0049a583 r 0b         f0040028  lw       x11, 0x4(x19)
#9698 0 80000252     c014 m f0041018   00000000  c.sw     x13, 0x0(x8)
#9699 0 80000254 0009a683 r 0d         00000002  lw       x13, 0x0(x19)
#9700 0 80000258     c3cc m f0040034   f0040028  c.sw     x11, 0x4(x15)
#9701 0 8000025a 00f9a223 m f004102c   f0040030  sw       x15, 0x4(x19)
#9702 0 8000025e     c390 m f0040030   00000001  c.sw     x12, 0x0(x15)
#9703 0 80000260     40f2 r 01         80000222  c.lwsp   x1, 0x1c
#9704 0 80000262     4462 r 08         f0041028  c.lwsp   x8, 0x18
#9705 0 80000264 00168793 r 0f         00000003  addi     x15, x13, 0x1
#9706 0 80000268 00f9a023 m f0041028   00000003  sw       x15, 0x0(x19)
#9707 0 8000026c 00170793 r 0f         00000043  addi     x15, x14, 0x1
#9708 0 80000270 00fa2223 m f0041014   00000043  sw       x15, 0x4(x20)
#9709 0 80000274     44d2 r 09         00000002  c.lwsp   x9, 0x14
#9710 0 80000276     4942 r 12         f0041020  c.lwsp   x18, 0x10
#9711 0 80000278     49b2 r 13         f0041018  c.lwsp   x19, 0xc
#9712 0 8000027a     4a22 r 14         f0041010  c.lwsp   x20, 0x8
#9713 0 8000027c     6105 r 02         f0040f90  c.addi16sp 0x2
#9714 0 8000027e     8082 r 00         00000000  c.jr     x1
#9715 0 80000222     874e r 0e         f0041018  c.mv     x14, x19
#9716 0 80000224     86a2 r 0d         f0041028  c.mv     x13, x8
#9717 0 80000226     864a r 0c         f0041020  c.mv     x12, x18
#9718 0 80000228     4585 r 0b         00000001  c.li     x11, 0x1
#9719 0 8000022a     8552 r 0a         f0041010  c.mv     x10, x20
#9720 0 8000022c     37e9 r 01         8000022e  c.jal    . - 0x36
#9721 0 800001f6     1101 r 02         f0040f70  c.addi   x2, -0x20
#9722 0 800001f8     cc22 m f0040f88   f0041028  c.swsp   x8, 0x18
#9723 0 800001fa     ca26 m f0040f84   00000002  c.swsp   x9, 0x14
#9724 0 800001fc     c84a m f0040f80   f0041020  c.swsp   x18, 0x10
#9725 0 800001fe     c64e m f0040f7c   f0041018  c.swsp   x19, 0xc
#9726 0 80000200     c452 m f0040f78   f0041010  c.swsp   x20, 0x8
#9727 0 80000202     ce06 m f0040f8c   8000022e  c.swsp   x1, 0x1c
#9728 0 80000204     4785 r 0f         00000001  c.li     x15, 0x1
#9729 0 80000206     8a2a r 14         f0041010  c.mv     x20, x10
#9730 0 80000208     8932 r 12         f0041020  c.mv     x18, x12
#9731 0 8000020a     89ba r 13         f0041018  c.mv     x19, x14
#9732 0 8000020c     84ae r 09         00000001  c.mv     x9, x11
#9733 0 8000020e     8436 r 08         f0041028  c.mv     x8, x13
#9734 0 80000210 02f58663 r 00         00000000  beq      x11, x15, . + 0x2c
#9735 0 8000023c     8432 r 08         f0041020  c.mv     x8, x12
#9736 0 8000023e     405c r 0f         f0040020  c.lw     x15, 0x4(x8)
#9737 0 80000240     4014 r 0d         00000004  c.lw     x13, 0x0(x8)
#9738 0 80000242 004a2703 r 0e         00000043  lw       x14, 0x4(x20)
#9739 0 80000246     43cc r 0b         f0040018  c.lw     x11, 0x4(x15)
#9740 0 80000248     4390 r 0c         00000003  c.lw     x12, 0x0(x15)
#9741 0 8000024a     16fd r 0d         00000003  c.addi   x13, -0x1
#9742 0 8000024c     c04c m f0041024   f0040018  c.sw     x11, 0x4(x8)
#9743 0 8000024e 0049a583 r 0b         00000000  lw       x11, 0x4(x19)
#9744 0 80000252     c014 m f0041020   00000003  c.sw     x13, 0x0(x8)
#9745 0 80000254 0009a683 r 0d         00000000  lw       x13, 0x0(x19)
#9746 0 80000258     c3cc m f0040024   00000000  c.sw     x11, 0x4(x15)
#9747 0 8000025a 00f9a223 m f004101c   f0040020  sw       x15, 0x4(x19)
#9748 0 8000025e     c390 m f0040020   00000003  c.sw     x12, 0x0(x15)
#9749 0 80000260     40f2 r 01         8000022e  c.lwsp   x1, 0x1c
#9750 0 80000262     4462 r 08         f0041028  c.lwsp   x8, 0x18
#9751 0 80000264 00168793 r 0f         00000001  addi     x15, x13, 0x1
#9752 0 80000268 00f9a023 m f0041018   00000001  sw       x15, 0x0(x19)
#9753 0 8000026c 00170793 r 0f         00000044  addi     x15, x14, 0x1
#9754 0 80000270 00fa2223 m f0041014   00000044  sw       x15, 0x4(x20)
#9755 0 80000274     44d2 r 09         00000002  c.lwsp   x9, 0x14
#9756 0 80000276     4942 r 12         f0041020  c.lwsp   x18, 0x10
#9757 0 80000278     49b2 r 13         f0041018  c.lwsp   x19, 0xc
#9758 0 8000027a     4a22 r 14         f0041010  c.lwsp   x20, 0x8
#9759 0 8000027c     6105 r 02         f0040f90  c.addi16sp 0x2
#9760 0 8000027e     8082 r 00         00000000  c.jr     x1
#9761 0 8000022e     4785 r 0f         00000001  c.li     x15, 0x1
#9762 0 80000230     874a r 0e         f0041020  c.mv     x14, x18
#9763 0 80000232 00f48663 r 00         00000000  beq      x9, x15, . + 0xc
#9764 0 80000236     8922 r 12         f0041028  c.mv     x18, x8
#9765 0 80000238     843a r 08         f0041020  c.mv     x8, x14
#9766 0 8000023a     bfe9 r 00         00000000  c.j      . - 0x26
#9767 0 80000214     14fd r 09         00000001  c.addi   x9, -0x1
#9768 0 80000216     85a6 r 0b         00000001  c.mv     x11, x9
#9769 0 80000218     8552 r 0a         f0041010  c.mv     x10, x20
#9770 0 8000021a     8722 r 0e         f0041020  c.mv     x14, x8
#9771 0 8000021c     86ce r 0d         f0041018  c.mv     x13, x19
#9772 0 8000021e     864a r 0c         f0041028  c.mv     x12, x18
#9773 0 80000220     3fd9 r 01         80000222  c.jal    . - 0x2a
#9774 0 800001f6     1101 r 02         f0040f70  c.addi   x2, -0x20
#9775 0 800001f8     cc22 m f0040f88   f0041020  c.swsp   x8, 0x18
#9776 0 800001fa     ca26 m f0040f84   00000001  c.swsp   x9, 0x14
#9777 0 800001fc     c84a m f0040f80   f0041028  c.swsp   x18, 0x10
#9778 0 800001fe     c64e m f0040f7c   f0041018  c.swsp   x19, 0xc
#9779 0 80000200     c452 m f0040f78   f0041010  c.swsp   x20, 0x8
#9780 0 80000202     ce06 m f0040f8c   80000222  c.swsp   x1, 0x1c
#9781 0 80000204     4785 r 0f         00000001  c.li     x15, 0x1
#9782 0 80000206     8a2a r 14         f0041010  c.mv     x20, x10
#9783 0 80000208     8932 r 12         f0041028  c.mv     x18, x12
#9784 0 8000020a     89ba r 13         f0041020  c.mv     x19, x14
#9785 0 8000020c     84ae r 09         00000001  c.mv     x9, x11
#9786 0 8000020e     8436 r 08         f0041018  c.mv     x8, x13
#9787 0 80000210 02f58663 r 00         00000000  beq      x11, x15, . + 0x2c
#9788 0 8000023c     8432 r 08         f0041028  c.mv     x8, x12
#9789 0 8000023e     405c r 0f         f0040030  c.lw     x15, 0x4(x8)
#9790 0 80000240     4014 r 0d         00000003  c.lw     x13, 0x0(x8)
#9791 0 80000242 004a2703 r 0e         00000044  lw       x14, 0x4(x20)
#9792 0 80000246     43cc r 0b         f0040028  c.lw     x11, 0x4(x15)
#9793 0 80000248     4390 r 0c         00000001  c.lw     x12, 0x0(x15)
#9794 0 8000024a     16fd r 0d         00000002  c.addi   x13, -0x1
#9795 0 8000024c     c04c m f004102c   f0040028  c.sw     x11, 0x4(x8)
#9796 0 8000024e 0049a583 r 0b         f0040018  lw       x11, 0x4(x19)
#9797 0 80000252     c014 m f0041028   00000002  c.sw     x13, 0x0(x8)
#9798 0 80000254 0009a683 r 0d         00000003  lw       x13, 0x0(x19)
#9799 0 80000258     c3cc m f0040034   f0040018  c.sw     x11, 0x4(x15)
#9800 0 8000025a 00f9a223 m f0041024   f0040030  sw       x15, 0x4(x19)
#9801 0 8000025e     c390 m f0040030   00000001  c.sw     x12, 0x0(x15)
#9802 0 80000260     40f2 r 01         80000222  c.lwsp   x1, 0x1c
#9803 0 80000262     4462 r 08         f0041020  c.lwsp   x8, 0x18
#9804 0 80000264 00168793 r 0f         00000004  addi     x15, x13, 0x1
#9805 0 80000268 00f9a023 m f0041020   00000004  sw       x15, 0x0(x19)
#9806 0 8000026c 00170793 r 0f         00000045  addi     x15, x14, 0x1
#9807 0 80000270 00fa2223 m f0041014   00000045  sw       x15, 0x4(x20)
#9808 0 80000274     44d2 r 09         00000001  c.lwsp   x9, 0x14
#9809 0 80000276     4942 r 12         f0041028  c.lwsp   x18, 0x10
#9810 0 80000278     49b2 r 13         f0041018  c.lwsp   x19, 0xc
#9811 0 8000027a     4a22 r 14         f0041010  c.lwsp   x20, 0x8
#9812 0 8000027c     6105 r 02         f0040f90  c.addi16sp 0x2
#9813 0 8000027e     8082 r 00         00000000  c.jr     x1
#9814 0 80000222     874e r 0e         f0041018  c.mv     x14, x19
#9815 0 80000224     86a2 r 0d         f0041020  c.mv     x13, x8
#9816 0 80000226     864a r 0c         f0041028  c.mv     x12, x18
#9817 0 80000228     4585 r 0b         00000001  c.li     x11, 0x1
#9818 0 8000022a     8552 r 0a         f0041010  c.mv     x10, x20
#9819 0 8000022c     37e9 r 01         8000022e  c.jal    . - 0x36
#9820 0 800001f6     1101 r 02         f0040f70  c.addi   x2, -0x20
#9821 0 800001f8     cc22 m f0040f88   f0041020  c.swsp   x8, 0x18
#9822 0 800001fa     ca26 m f0040f84   00000001  c.swsp   x9, 0x14
#9823 0 800001fc     c84a m f0040f80   f0041028  c.swsp   x18, 0x10
#9824 0 800001fe     c64e m f0040f7c   f0041018  c.swsp   x19, 0xc
#9825 0 80000200     c452 m f0040f78   f0041010  c.swsp   x20, 0x8
#9826 0 80000202     ce06 m f0040f8c   8000022e  c.swsp   x1, 0x1c
#9827 0 80000204     4785 r 0f         00000001  c.li     x15, 0x1
#9828 0 80000206     8a2a r 14         f0041010  c.mv     x20, x10
#9829 0 80000208     8932 r 12         f0041028  c.mv     x18, x12
#9830 0 8000020a     89ba r 13         f0041018  c.mv     x19, x14
#9831 0 8000020c     84ae r 09         00000001  c.mv     x9, x11
#9832 0 8000020e     8436 r 08         f0041020  c.mv     x8, x13
#9833 0 80000210 02f58663 r 00         00000000  beq      x11, x15, . + 0x2c
#9834 0 8000023c     8432 r 08         f0041028  c.mv     x8, x12
#9835 0 8000023e     405c r 0f         f0040028  c.lw     x15, 0x4(x8)
#9836 0 80000240     4014 r 0d         00000002  c.lw     x13, 0x0(x8)
#9837 0 80000242 004a2703 r 0e         00000045  lw       x14, 0x4(x20)
#9838 0 80000246     43cc r 0b         f0040000  c.lw     x11, 0x4(x15)
#9839 0 80000248     4390 r 0c         00000002  c.lw     x12, 0x0(x15)
#9840 0 8000024a     16fd r 0d         00000001  c.addi   x13, -0x1
#9841 0 8000024c     c04c m f004102c   f0040000  c.sw     x11, 0x4(x8)
#9842 0 8000024e 0049a583 r 0b         f0040020  lw       x11, 0x4(x19)
#9843 0 80000252     c014 m f0041028   00000001  c.sw     x13, 0x0(x8)
#9844 0 80000254 0009a683 r 0d         00000001  lw       x13, 0x0(x19)
#9845 0 80000258     c3cc m f004002c   f0040020  c.sw     x11, 0x4(x15)
#9846 0 8000025a 00f9a223 m f004101c   f0040028  sw       x15, 0x4(x19)
#9847 0 8000025e     c390 m f0040028   00000002  c.sw     x12, 0x0(x15)
#9848 0 80000260     40f2 r 01         8000022e  c.lwsp   x1, 0x1c
#9849 0 80000262     4462 r 08         f0041020  c.lwsp   x8, 0x18
#9850 0 80000264 00168793 r 0f         00000002  addi     x15, x13, 0x1
#9851 0 80000268 00f9a023 m f0041018   00000002  sw       x15, 0x0(x19)
#9852 0 8000026c 00170793 r 0f         00000046  addi     x15, x14, 0x1
#9853 0 80000270 00fa2223 m f0041014   00000046  sw       x15, 0x4(x20)
#9854 0 80000274     44d2 r 09         00000001  c.lwsp   x9, 0x14
#9855 0 80000276     4942 r 12         f0041028  c.lwsp   x18, 0x10
#9856 0 80000278     49b2 r 13         f0041018  c.lwsp   x19, 0xc
#9857 0 8000027a     4a22 r 14         f0041010  c.lwsp   x20, 0x8
#9858 0 8000027c     6105 r 02         f0040f90  c.addi16sp 0x2
#9859 0 8000027e     8082 r 00         00000000  c.jr     x1
#9860 0 8000022e     4785 r 0f         00000001  c.li     x15, 0x1
#9861 0 80000230     874a r 0e         f0041028  c.mv     x14, x18
#9862 0 80000232 00f48663 r 00         00000000  beq      x9, x15, . + 0xc
#9863 0 8000023e     405c r 0f         f0040030  c.lw     x15, 0x4(x8)
#9864 0 80000240     4014 r 0d         00000004  c.lw     x13, 0x0(x8)
#9865 0 80000242 004a2703 r 0e         00000046  lw       x14, 0x4(x20)
#9866 0 80000246     43cc r 0b         f0040018  c.lw     x11, 0x4(x15)
#9867 0 80000248     4390 r 0c         00000001  c.lw     x12, 0x0(x15)
#9868 0 8000024a     16fd r 0d         00000003  c.addi   x13, -0x1
#9869 0 8000024c     c04c m f0041024   f0040018  c.sw     x11, 0x4(x8)
#9870 0 8000024e 0049a583 r 0b         f0040028  lw       x11, 0x4(x19)
#9871 0 80000252     c014 m f0041020   00000003  c.sw     x13, 0x0(x8)
#9872 0 80000254 0009a683 r 0d         00000002  lw       x13, 0x0(x19)
#9873 0 80000258     c3cc m f0040034   f0040028  c.sw     x11, 0x4(x15)
#9874 0 8000025a 00f9a223 m f004101c   f0040030  sw       x15, 0x4(x19)
#9875 0 8000025e     c390 m f0040030   00000001  c.sw     x12, 0x0(x15)
#9876 0 80000260     40f2 r 01         80000222  c.lwsp   x1, 0x1c
#9877 0 80000262     4462 r 08         f0041018  c.lwsp   x8, 0x18
#9878 0 80000264 00168793 r 0f         00000003  addi     x15, x13, 0x1
#9879 0 80000268 00f9a023 m f0041018   00000003  sw       x15, 0x0(x19)
#9880 0 8000026c 00170793 r 0f         00000047  addi     x15, x14, 0x1
#9881 0 80000270 00fa2223 m f0041014   00000047  sw       x15, 0x4(x20)
#9882 0 80000274     44d2 r 09         00000003  c.lwsp   x9, 0x14
#9883 0 80000276     4942 r 12         f0041020  c.lwsp   x18, 0x10
#9884 0 80000278     49b2 r 13         f0041028  c.lwsp   x19, 0xc
#9885 0 8000027a     4a22 r 14         f0041010  c.lwsp   x20, 0x8
#9886 0 8000027c     6105 r 02         f0040fb0  c.addi16sp 0x2
#9887 0 8000027e     8082 r 00         00000000  c.jr     x1
#9888 0 80000222     874e r 0e         f0041028  c.mv     x14, x19
#9889 0 80000224     86a2 r 0d         f0041018  c.mv     x13, x8
#9890 0 80000226     864a r 0c         f0041020  c.mv     x12, x18
#9891 0 80000228     4585 r 0b         00000001  c.li     x11, 0x1
#9892 0 8000022a     8552 r 0a         f0041010  c.mv     x10, x20
#9893 0 8000022c     37e9 r 01         8000022e  c.jal    . - 0x36
#9894 0 800001f6     1101 r 02         f0040f90  c.addi   x2, -0x20
#9895 0 800001f8     cc22 m f0040fa8   f0041018  c.swsp   x8, 0x18
#9896 0 800001fa     ca26 m f0040fa4   00000003  c.swsp   x9, 0x14
#9897 0 800001fc     c84a m f0040fa0   f0041020  c.swsp   x18, 0x10
#9898 0 800001fe     c64e m f0040f9c   f0041028  c.swsp   x19, 0xc
#9899 0 80000200     c452 m f0040f98   f0041010  c.swsp   x20, 0x8
#9900 0 80000202     ce06 m f0040fac   8000022e  c.swsp   x1, 0x1c
#9901 0 80000204     4785 r 0f         00000001  c.li     x15, 0x1
#9902 0 80000206     8a2a r 14         f0041010  c.mv     x20, x10
#9903 0 80000208     8932 r 12         f0041020  c.mv     x18, x12
#9904 0 8000020a     89ba r 13         f0041028  c.mv     x19, x14
#9905 0 8000020c     84ae r 09         00000001  c.mv     x9, x11
#9906 0 8000020e     8436 r 08         f0041018  c.mv     x8, x13
#9907 0 80000210 02f58663 r 00         00000000  beq      x11, x15, . + 0x2c
#9908 0 8000023c     8432 r 08         f0041020  c.mv     x8, x12
#9909 0 8000023e     405c r 0f         f0040018  c.lw     x15, 0x4(x8)
#9910 0 80000240     4014 r 0d         00000003  c.lw     x13, 0x0(x8)
#9911 0 80000242 004a2703 r 0e         00000047  lw       x14, 0x4(x20)
#9912 0 80000246     43cc r 0b         f0040010  c.lw     x11, 0x4(x15)
#9913 0 80000248     4390 r 0c         00000004  c.lw     x12, 0x0(x15)
#9914 0 8000024a     16fd r 0d         00000002  c.addi   x13, -0x1
#9915 0 8000024c     c04c m f0041024   f0040010  c.sw     x11, 0x4(x8)
#9916 0 8000024e 0049a583 r 0b         f0040000  lw       x11, 0x4(x19)
#9917 0 80000252     c014 m f0041020   00000002  c.sw     x13, 0x0(x8)
#9918 0 80000254 0009a683 r 0d         00000001  lw       x13, 0x0(x19)
#9919 0 80000258     c3cc m f004001c   f0040000  c.sw     x11, 0x4(x15)
#9920 0 8000025a 00f9a223 m f004102c   f0040018  sw       x15, 0x4(x19)
#9921 0 8000025e     c390 m f0040018   00000004  c.sw     x12, 0x0(x15)
#9922 0 80000260     40f2 r 01         8000022e  c.lwsp   x1, 0x1c
#9923 0 80000262     4462 r 08         f0041018  c.lwsp   x8, 0x18
#9924 0 80000264 00168793 r 0f         00000002  addi     x15, x13, 0x1
#9925 0 80000268 00f9a023 m f0041028   00000002  sw       x15, 0x0(x19)
#9926 0 8000026c 00170793 r 0f         00000048  addi     x15, x14, 0x1
#9927 0 80000270 00fa2223 m f0041014   00000048  sw       x15, 0x4(x20)
#9928 0 80000274     44d2 r 09         00000003  c.lwsp   x9, 0x14
#9929 0 80000276     4942 r 12         f0041020  c.lwsp   x18, 0x10
#9930 0 80000278     49b2 r 13         f0041028  c.lwsp   x19, 0xc
#9931 0 8000027a     4a22 r 14         f0041010  c.lwsp   x20, 0x8
#9932 0 8000027c     6105 r 02         f0040fb0  c.addi16sp 0x2
#9933 0 8000027e     8082 r 00         00000000  c.jr     x1
#9934 0 8000022e     4785 r 0f         00000001  c.li     x15, 0x1
#9935 0 80000230     874a r 0e         f0041020  c.mv     x14, x18
#9936 0 80000232 00f48663 r 00         00000000  beq      x9, x15, . + 0xc
#9937 0 80000236     8922 r 12         f0041018  c.mv     x18, x8
#9938 0 80000238     843a r 08         f0041020  c.mv     x8, x14
#9939 0 8000023a     bfe9 r 00         00000000  c.j      . - 0x26
#9940 0 80000214     14fd r 09         00000002  c.addi   x9, -0x1
#9941 0 80000216     85a6 r 0b         00000002  c.mv     x11, x9
#9942 0 80000218     8552 r 0a         f0041010  c.mv     x10, x20
#9943 0 8000021a     8722 r 0e         f0041020  c.mv     x14, x8
#9944 0 8000021c     86ce r 0d         f0041028  c.mv     x13, x19
#9945 0 8000021e     864a r 0c         f0041018  c.mv     x12, x18
#9946 0 80000220     3fd9 r 01         80000222  c.jal    . - 0x2a
#9947 0 800001f6     1101 r 02         f0040f90  c.addi   x2, -0x20
#9948 0 800001f8     cc22 m f0040fa8   f0041020  c.swsp   x8, 0x18
#9949 0 800001fa     ca26 m f0040fa4   00000002  c.swsp   x9, 0x14
#9950 0 800001fc     c84a m f0040fa0   f0041018  c.swsp   x18, 0x10
#9951 0 800001fe     c64e m f0040f9c   f0041028  c.swsp   x19, 0xc
#9952 0 80000200     c452 m f0040f98   f0041010  c.swsp   x20, 0x8
#9953 0 80000202     ce06 m f0040fac   80000222  c.swsp   x1, 0x1c
#9954 0 80000204     4785 r 0f         00000001  c.li     x15, 0x1
#9955 0 80000206     8a2a r 14         f0041010  c.mv     x20, x10
#9956 0 80000208     8932 r 12         f0041018  c.mv     x18, x12
#9957 0 8000020a     89ba r 13         f0041020  c.mv     x19, x14
#9958 0 8000020c     84ae r 09         00000002  c.mv     x9, x11
#9959 0 8000020e     8436 r 08         f0041028  c.mv     x8, x13
#9960 0 80000210 02f58663 r 00         00000000  beq      x11, x15, . + 0x2c
#9961 0 80000214     14fd r 09         00000001  c.addi   x9, -0x1
#9962 0 80000216     85a6 r 0b         00000001  c.mv     x11, x9
#9963 0 80000218     8552 r 0a         f0041010  c.mv     x10, x20
#9964 0 8000021a     8722 r 0e         f0041028  c.mv     x14, x8
#9965 0 8000021c     86ce r 0d         f0041020  c.mv     x13, x19
#9966 0 8000021e     864a r 0c         f0041018  c.mv     x12, x18
#9967 0 80000220     3fd9 r 01         80000222  c.jal    . - 0x2a
#9968 0 800001f6     1101 r 02         f0040f70  c.addi   x2, -0x20
#9969 0 800001f8     cc22 m f0040f88   f0041028  c.swsp   x8, 0x18
#9970 0 800001fa     ca26 m f0040f84   00000001  c.swsp   x9, 0x14
#9971 0 800001fc     c84a m f0040f80   f0041018  c.swsp   x18, 0x10
#9972 0 800001fe     c64e m f0040f7c   f0041020  c.swsp   x19, 0xc
#9973 0 80000200     c452 m f0040f78   f0041010  c.swsp   x20, 0x8
#9974 0 80000202     ce06 m f0040f8c   80000222  c.swsp   x1, 0x1c
#9975 0 80000204     4785 r 0f         00000001  c.li     x15, 0x1
#9976 0 80000206     8a2a r 14         f0041010  c.mv     x20, x10
#9977 0 80000208     8932 r 12         f0041018  c.mv     x18, x12
#9978 0 8000020a     89ba r 13         f0041028  c.mv     x19, x14
#9979 0 8000020c     84ae r 09         00000001  c.mv     x9, x11
#9980 0 8000020e     8436 r 08         f0041020  c.mv     x8, x13
#9981 0 80000210 02f58663 r 00         00000000  beq      x11, x15, . + 0x2c
#9982 0 8000023c     8432 r 08         f0041018  c.mv     x8, x12
#9983 0 8000023e     405c r 0f         f0040030  c.lw     x15, 0x4(x8)
#9984 0 80000240     4014 r 0d         00000003  c.lw     x13, 0x0(x8)
#9985 0 80000242 004a2703 r 0e         00000048  lw       x14, 0x4(x20)
#9986 0 80000246     43cc r 0b         f0040028  c.lw     x11, 0x4(x15)
#9987 0 80000248     4390 r 0c         00000001  c.lw     x12, 0x0(x15)
#9988 0 8000024a     16fd r 0d         00000002  c.addi   x13, -0x1
#9989 0 8000024c     c04c m f004101c   f0040028  c.sw     x11, 0x4(x8)
#9990 0 8000024e 0049a583 r 0b         f0040018  lw       x11, 0x4(x19)
#9991 0 80000252     c014 m f0041018   00000002  c.sw     x13, 0x0(x8)
#9992 0 80000254 0009a683 r 0d         00000002  lw       x13, 0x0(x19)
#9993 0 80000258     c3cc m f0040034   f0040018  c.sw     x11, 0x4(x15)
#9994 0 8000025a 00f9a223 m f004102c   f0040030  sw       x15, 0x4(x19)
#9995 0 8000025e     c390 m f0040030   00000001  c.sw     x12, 0x0(x15)
#9996 0 80000260     40f2 r 01         80000222  c.lwsp   x1, 0x1c
#9997 0 80000262     4462 r 08         f0041028  c.lwsp   x8, 0x18
#9998 0 80000264 00168793 r 0f         00000003  addi     x15, x13, 0x1
#9999 0 80000268 00f9a023 m f0041028   00000003  sw       x15, 0x0(x19)
#10000 0 8000026c 00170793 r 0f         00000049  addi     x15, x14, 0x1
#10001 0 80000270 00fa2223 m f0041014   00000049  sw       x15, 0x4(x20)
#10002 0 80000274     44d2 r 09         00000001  c.lwsp   x9, 0x14
#10003 0 80000276     4942 r 12         f0041018  c.lwsp   x18, 0x10
#10004 0 80000278     49b2 r 13         f0041020  c.lwsp   x19, 0xc
#10005 0 8000027a     4a22 r 14         f0041010  c.lwsp   x20, 0x8
#10006 0 8000027c     6105 r 02         f0040f90  c.addi16sp 0x2
#10007 0 8000027e     8082 r 00         00000000  c.jr     x1
#10008 0 80000222     874e r 0e         f0041020  c.mv     x14, x19
#10009 0 80000224     86a2 r 0d         f0041028  c.mv     x13, x8
#10010 0 80000226     864a r 0c         f0041018  c.mv     x12, x18
#10011 0 80000228     4585 r 0b         00000001  c.li     x11, 0x1
#10012 0 8000022a     8552 r 0a         f0041010  c.mv     x10, x20
#10013 0 8000022c     37e9 r 01         8000022e  c.jal    . - 0x36
#10014 0 800001f6     1101 r 02         f0040f70  c.addi   x2, -0x20
#10015 0 800001f8     cc22 m f0040f88   f0041028  c.swsp   x8, 0x18
#10016 0 800001fa     ca26 m f0040f84   00000001  c.swsp   x9, 0x14
#10017 0 800001fc     c84a m f0040f80   f0041018  c.swsp   x18, 0x10
#10018 0 800001fe     c64e m f0040f7c   f0041020  c.swsp   x19, 0xc
#10019 0 80000200     c452 m f0040f78   f0041010  c.swsp   x20, 0x8
#10020 0 80000202     ce06 m f0040f8c   8000022e  c.swsp   x1, 0x1c
#10021 0 80000204     4785 r 0f         00000001  c.li     x15, 0x1
#10022 0 80000206     8a2a r 14         f0041010  c.mv     x20, x10
#10023 0 80000208     8932 r 12         f0041018  c.mv     x18, x12
#10024 0 8000020a     89ba r 13         f0041020  c.mv     x19, x14
#10025 0 8000020c     84ae r 09         00000001  c.mv     x9, x11
#10026 0 8000020e     8436 r 08         f0041028  c.mv     x8, x13
#10027 0 80000210 02f58663 r 00         00000000  beq      x11, x15, . + 0x2c
#10028 0 8000023c     8432 r 08         f0041018  c.mv     x8, x12
#10029 0 8000023e     405c r 0f         f0040028  c.lw     x15, 0x4(x8)
#10030 0 80000240     4014 r 0d         00000002  c.lw     x13, 0x0(x8)
#10031 0 80000242 004a2703 r 0e         00000049  lw       x14, 0x4(x20)
#10032 0 80000246     43cc r 0b         f0040020  c.lw     x11, 0x4(x15)
#10033 0 80000248     4390 r 0c         00000002  c.lw     x12, 0x0(x15)
#10034 0 8000024a     16fd r 0d         00000001  c.addi   x13, -0x1
#10035 0 8000024c     c04c m f004101c   f0040020  c.sw     x11, 0x4(x8)
#10036 0 8000024e 0049a583 r 0b         f0040010  lw       x11, 0x4(x19)
#10037 0 80000252     c014 m f0041018   00000001  c.sw     x13, 0x0(x8)
#10038 0 80000254 0009a683 r 0d         00000002  lw       x13, 0x0(x19)
#10039 0 80000258     c3cc m f004002c   f0040010  c.sw     x11, 0x4(x15)
#10040 0 8000025a 00f9a223 m f0041024   f0040028  sw       x15, 0x4(x19)
#10041 0 8000025e     c390 m f0040028   00000002  c.sw     x12, 0x0(x15)
#10042 0 80000260     40f2 r 01         8000022e  c.lwsp   x1, 0x1c
#10043 0 80000262     4462 r 08         f0041028  c.lwsp   x8, 0x18
#10044 0 80000264 00168793 r 0f         00000003  addi     x15, x13, 0x1
#10045 0 80000268 00f9a023 m f0041020   00000003  sw       x15, 0x0(x19)
#10046 0 8000026c 00170793 r 0f         0000004a  addi     x15, x14, 0x1
#10047 0 80000270 00fa2223 m f0041014   0000004a  sw       x15, 0x4(x20)
#10048 0 80000274     44d2 r 09         00000001  c.lwsp   x9, 0x14
#10049 0 80000276     4942 r 12         f0041018  c.lwsp   x18, 0x10
#10050 0 80000278     49b2 r 13         f0041020  c.lwsp   x19, 0xc
#10051 0 8000027a     4a22 r 14         f0041010  c.lwsp   x20, 0x8
#10052 0 8000027c     6105 r 02         f0040f90  c.addi16sp 0x2
#10053 0 8000027e     8082 r 00         00000000  c.jr     x1
#10054 0 8000022e     4785 r 0f         00000001  c.li     x15, 0x1
#10055 0 80000230     874a r 0e         f0041018  c.mv     x14, x18
#10056 0 80000232 00f48663 r 00         00000000  beq      x9, x15, . + 0xc
#10057 0 8000023e     405c r 0f         f0040030  c.lw     x15, 0x4(x8)
#10058 0 80000240     4014 r 0d         00000003  c.lw     x13, 0x0(x8)
#10059 0 80000242 004a2703 r 0e         0000004a  lw       x14, 0x4(x20)
#10060 0 80000246     43cc r 0b         f0040018  c.lw     x11, 0x4(x15)
#10061 0 80000248     4390 r 0c         00000001  c.lw     x12, 0x0(x15)
#10062 0 8000024a     16fd r 0d         00000002  c.addi   x13, -0x1
#10063 0 8000024c     c04c m f004102c   f0040018  c.sw     x11, 0x4(x8)
#10064 0 8000024e 0049a583 r 0b         f0040028  lw       x11, 0x4(x19)
#10065 0 80000252     c014 m f0041028   00000002  c.sw     x13, 0x0(x8)
#10066 0 80000254 0009a683 r 0d         00000003  lw       x13, 0x0(x19)
#10067 0 80000258     c3cc m f0040034   f0040028  c.sw     x11, 0x4(x15)
#10068 0 8000025a 00f9a223 m f0041024   f0040030  sw       x15, 0x4(x19)
#10069 0 8000025e     c390 m f0040030   00000001  c.sw     x12, 0x0(x15)
#10070 0 80000260     40f2 r 01         80000222  c.lwsp   x1, 0x1c
#10071 0 80000262     4462 r 08         f0041020  c.lwsp   x8, 0x18
#10072 0 80000264 00168793 r 0f         00000004  addi     x15, x13, 0x1
#10073 0 80000268 00f9a023 m f0041020   00000004  sw       x15, 0x0(x19)
#10074 0 8000026c 00170793 r 0f         0000004b  addi     x15, x14, 0x1
#10075 0 80000270 00fa2223 m f0041014   0000004b  sw       x15, 0x4(x20)
#10076 0 80000274     44d2 r 09         00000002  c.lwsp   x9, 0x14
#10077 0 80000276     4942 r 12         f0041018  c.lwsp   x18, 0x10
#10078 0 80000278     49b2 r 13         f0041028  c.lwsp   x19, 0xc
#10079 0 8000027a     4a22 r 14         f0041010  c.lwsp   x20, 0x8
#10080 0 8000027c     6105 r 02         f0040fb0  c.addi16sp 0x2
#10081 0 8000027e     8082 r 00         00000000  c.jr     x1
#10082 0 80000222     874e r 0e         f0041028  c.mv     x14, x19
#10083 0 80000224     86a2 r 0d         f0041020  c.mv     x13, x8
#10084 0 80000226     864a r 0c         f0041018  c.mv     x12, x18
#10085 0 80000228     4585 r 0b         00000001  c.li     x11, 0x1
#10086 0 8000022a     8552 r 0a         f0041010  c.mv     x10, x20
#10087 0 8000022c     37e9 r 01         8000022e  c.jal    . - 0x36
#10088 0 800001f6     1101 r 02         f0040f90  c.addi   x2, -0x20
#10089 0 800001f8     cc22 m f0040fa8   f0041020  c.swsp   x8, 0x18
#10090 0 800001fa     ca26 m f0040fa4   00000002  c.swsp   x9, 0x14
#10091 0 800001fc     c84a m f0040fa0   f0041018  c.swsp   x18, 0x10
#10092 0 800001fe     c64e m f0040f9c   f0041028  c.swsp   x19, 0xc
#10093 0 80000200     c452 m f0040f98   f0041010  c.swsp   x20, 0x8
#10094 0 80000202     ce06 m f0040fac   8000022e  c.swsp   x1, 0x1c
#10095 0 80000204     4785 r 0f         00000001  c.li     x15, 0x1
#10096 0 80000206     8a2a r 14         f0041010  c.mv     x20, x10
#10097 0 80000208     8932 r 12         f0041018  c.mv     x18, x12
#10098 0 8000020a     89ba r 13         f0041028  c.mv     x19, x14
#10099 0 8000020c     84ae r 09         00000001  c.mv     x9, x11
#10100 0 8000020e     8436 r 08         f0041020  c.mv     x8, x13
#10101 0 80000210 02f58663 r 00         00000000  beq      x11, x15, . + 0x2c
#10102 0 8000023c     8432 r 08         f0041018  c.mv     x8, x12
#10103 0 8000023e     405c r 0f         f0040020  c.lw     x15, 0x4(x8)
#10104 0 80000240     4014 r 0d         00000001  c.lw     x13, 0x0(x8)
#10105 0 80000242 004a2703 r 0e         0000004b  lw       x14, 0x4(x20)
#10106 0 80000246     43cc r 0b         00000000  c.lw     x11, 0x4(x15)
#10107 0 80000248     4390 r 0c         00000003  c.lw     x12, 0x0(x15)
#10108 0 8000024a     16fd r 0d         00000000  c.addi   x13, -0x1
#10109 0 8000024c     c04c m f004101c   00000000  c.sw     x11, 0x4(x8)
#10110 0 8000024e 0049a583 r 0b         f0040018  lw       x11, 0x4(x19)
#10111 0 80000252     c014 m f0041018   00000000  c.sw     x13, 0x0(x8)
#10112 0 80000254 0009a683 r 0d         00000002  lw       x13, 0x0(x19)
#10113 0 80000258     c3cc m f0040024   f0040018  c.sw     x11, 0x4(x15)
#10114 0 8000025a 00f9a223 m f004102c   f0040020  sw       x15, 0x4(x19)
#10115 0 8000025e     c390 m f0040020   00000003  c.sw     x12, 0x0(x15)
#10116 0 80000260     40f2 r 01         8000022e  c.lwsp   x1, 0x1c
#10117 0 80000262     4462 r 08         f0041020  c.lwsp   x8, 0x18
#10118 0 80000264 00168793 r 0f         00000003  addi     x15, x13, 0x1
#10119 0 80000268 00f9a023 m f0041028   00000003  sw       x15, 0x0(x19)
#10120 0 8000026c 00170793 r 0f         0000004c  addi     x15, x14, 0x1
#10121 0 80000270 00fa2223 m f0041014   0000004c  sw       x15, 0x4(x20)
#10122 0 80000274     44d2 r 09         00000002  c.lwsp   x9, 0x14
#10123 0 80000276     4942 r 12         f0041018  c.lwsp   x18, 0x10
#10124 0 80000278     49b2 r 13         f0041028  c.lwsp   x19, 0xc
#10125 0 8000027a     4a22 r 14         f0041010  c.lwsp   x20, 0x8
#10126 0 8000027c     6105 r 02         f0040fb0  c.addi16sp 0x2
#10127 0 8000027e     8082 r 00         00000000  c.jr     x1
#10128 0 8000022e     4785 r 0f         00000001  c.li     x15, 0x1
#10129 0 80000230     874a r 0e         f0041018  c.mv     x14, x18
#10130 0 80000232 00f48663 r 00         00000000  beq      x9, x15, . + 0xc
#10131 0 80000236     8922 r 12         f0041020  c.mv     x18, x8
#10132 0 80000238     843a r 08         f0041018  c.mv     x8, x14
#10133 0 8000023a     bfe9 r 00         00000000  c.j      . - 0x26
#10134 0 80000214     14fd r 09         00000001  c.addi   x9, -0x1
#10135 0 80000216     85a6 r 0b         00000001  c.mv     x11, x9
#10136 0 80000218     8552 r 0a         f0041010  c.mv     x10, x20
#10137 0 8000021a     8722 r 0e         f0041018  c.mv     x14, x8
#10138 0 8000021c     86ce r 0d         f0041028  c.mv     x13, x19
#10139 0 8000021e     864a r 0c         f0041020  c.mv     x12, x18
#10140 0 80000220     3fd9 r 01         80000222  c.jal    . - 0x2a
#10141 0 800001f6     1101 r 02         f0040f90  c.addi   x2, -0x20
#10142 0 800001f8     cc22 m f0040fa8   f0041018  c.swsp   x8, 0x18
#10143 0 800001fa     ca26 m f0040fa4   00000001  c.swsp   x9, 0x14
#10144 0 800001fc     c84a m f0040fa0   f0041020  c.swsp   x18, 0x10
#10145 0 800001fe     c64e m f0040f9c   f0041028  c.swsp   x19, 0xc
#10146 0 80000200     c452 m f0040f98   f0041010  c.swsp   x20, 0x8
#10147 0 80000202     ce06 m f0040fac   80000222  c.swsp   x1, 0x1c
#10148 0 80000204     4785 r 0f         00000001  c.li     x15, 0x1
#10149 0 80000206     8a2a r 14         f0041010  c.mv     x20, x10
#10150 0 80000208     8932 r 12         f0041020  c.mv     x18, x12
#10151 0 8000020a     89ba r 13         f0041018  c.mv     x19, x14
#10152 0 8000020c     84ae r 09         00000001  c.mv     x9, x11
#10153 0 8000020e     8436 r 08         f0041028  c.mv     x8, x13
#10154 0 80000210 02f58663 r 00         00000000  beq      x11, x15, . + 0x2c
#10155 0 8000023c     8432 r 08         f0041020  c.mv     x8, x12
#10156 0 8000023e     405c r 0f         f0040030  c.lw     x15, 0x4(x8)
#10157 0 80000240     4014 r 0d         00000004  c.lw     x13, 0x0(x8)
#10158 0 80000242 004a2703 r 0e         0000004c  lw       x14, 0x4(x20)
#10159 0 80000246     43cc r 0b         f0040028  c.lw     x11, 0x4(x15)
#10160 0 80000248     4390 r 0c         00000001  c.lw     x12, 0x0(x15)
#10161 0 8000024a     16fd r 0d         00000003  c.addi   x13, -0x1
#10162 0 8000024c     c04c m f0041024   f0040028  c.sw     x11, 0x4(x8)
#10163 0 8000024e 0049a583 r 0b         00000000  lw       x11, 0x4(x19)
#10164 0 80000252     c014 m f0041020   00000003  c.sw     x13, 0x0(x8)
#10165 0 80000254 0009a683 r 0d         00000000  lw       x13, 0x0(x19)
#10166 0 80000258     c3cc m f0040034   00000000  c.sw     x11, 0x4(x15)
#10167 0 8000025a 00f9a223 m f004101c   f0040030  sw       x15, 0x4(x19)
#10168 0 8000025e     c390 m f0040030   00000001  c.sw     x12, 0x0(x15)
#10169 0 80000260     40f2 r 01         80000222  c.lwsp   x1, 0x1c
#10170 0 80000262     4462 r 08         f0041018  c.lwsp   x8, 0x18
#10171 0 80000264 00168793 r 0f         00000001  addi     x15, x13, 0x1
#10172 0 80000268 00f9a023 m f0041018   00000001  sw       x15, 0x0(x19)
#10173 0 8000026c 00170793 r 0f         0000004d  addi     x15, x14, 0x1
#10174 0 80000270 00fa2223 m f0041014   0000004d  sw       x15, 0x4(x20)
#10175 0 80000274     44d2 r 09         00000001  c.lwsp   x9, 0x14
#10176 0 80000276     4942 r 12         f0041020  c.lwsp   x18, 0x10
#10177 0 80000278     49b2 r 13         f0041028  c.lwsp   x19, 0xc
#10178 0 8000027a     4a22 r 14         f0041010  c.lwsp   x20, 0x8
#10179 0 8000027c     6105 r 02         f0040fb0  c.addi16sp 0x2
#10180 0 8000027e     8082 r 00         00000000  c.jr     x1
#10181 0 80000222     874e r 0e         f0041028  c.mv     x14, x19
#10182 0 80000224     86a2 r 0d         f0041018  c.mv     x13, x8
#10183 0 80000226     864a r 0c         f0041020  c.mv     x12, x18
#10184 0 80000228     4585 r 0b         00000001  c.li     x11, 0x1
#10185 0 8000022a     8552 r 0a         f0041010  c.mv     x10, x20
#10186 0 8000022c     37e9 r 01         8000022e  c.jal    . - 0x36
#10187 0 800001f6     1101 r 02         f0040f90  c.addi   x2, -0x20
#10188 0 800001f8     cc22 m f0040fa8   f0041018  c.swsp   x8, 0x18
#10189 0 800001fa     ca26 m f0040fa4   00000001  c.swsp   x9, 0x14
#10190 0 800001fc     c84a m f0040fa0   f0041020  c.swsp   x18, 0x10
#10191 0 800001fe     c64e m f0040f9c   f0041028  c.swsp   x19, 0xc
#10192 0 80000200     c452 m f0040f98   f0041010  c.swsp   x20, 0x8
#10193 0 80000202     ce06 m f0040fac   8000022e  c.swsp   x1, 0x1c
#10194 0 80000204     4785 r 0f         00000001  c.li     x15, 0x1
#10195 0 80000206     8a2a r 14         f0041010  c.mv     x20, x10
#10196 0 80000208     8932 r 12         f0041020  c.mv     x18, x12
#10197 0 8000020a     89ba r 13         f0041028  c.mv     x19, x14
#10198 0 8000020c     84ae r 09         00000001  c.mv     x9, x11
#10199 0 8000020e     8436 r 08         f0041018  c.mv     x8, x13
#10200 0 80000210 02f58663 r 00         00000000  beq      x11, x15, . + 0x2c
#10201 0 8000023c     8432 r 08         f0041020  c.mv     x8, x12
#10202 0 8000023e     405c r 0f         f0040028  c.lw     x15, 0x4(x8)
#10203 0 80000240     4014 r 0d         00000003  c.lw     x13, 0x0(x8)
#10204 0 80000242 004a2703 r 0e         0000004d  lw       x14, 0x4(x20)
#10205 0 80000246     43cc r 0b         f0040010  c.lw     x11, 0x4(x15)
#10206 0 80000248     4390 r 0c         00000002  c.lw     x12, 0x0(x15)
#10207 0 8000024a     16fd r 0d         00000002  c.addi   x13, -0x1
#10208 0 8000024c     c04c m f0041024   f0040010  c.sw     x11, 0x4(x8)
#10209 0 8000024e 0049a583 r 0b         f0040020  lw       x11, 0x4(x19)
#10210 0 80000252     c014 m f0041020   00000002  c.sw     x13, 0x0(x8)
#10211 0 80000254 0009a683 r 0d         00000003  lw       x13, 0x0(x19)
#10212 0 80000258     c3cc m f004002c   f0040020  c.sw     x11, 0x4(x15)
#10213 0 8000025a 00f9a223 m f004102c   f0040028  sw       x15, 0x4(x19)
#10214 0 8000025e     c390 m f0040028   00000002  c.sw     x12, 0x0(x15)
#10215 0 80000260     40f2 r 01         8000022e  c.lwsp   x1, 0x1c
#10216 0 80000262     4462 r 08         f0041018  c.lwsp   x8, 0x18
#10217 0 80000264 00168793 r 0f         00000004  addi     x15, x13, 0x1
#10218 0 80000268 00f9a023 m f0041028   00000004  sw       x15, 0x0(x19)
#10219 0 8000026c 00170793 r 0f         0000004e  addi     x15, x14, 0x1
#10220 0 80000270 00fa2223 m f0041014   0000004e  sw       x15, 0x4(x20)
#10221 0 80000274     44d2 r 09         00000001  c.lwsp   x9, 0x14
#10222 0 80000276     4942 r 12         f0041020  c.lwsp   x18, 0x10
#10223 0 80000278     49b2 r 13         f0041028  c.lwsp   x19, 0xc
#10224 0 8000027a     4a22 r 14         f0041010  c.lwsp   x20, 0x8
#10225 0 8000027c     6105 r 02         f0040fb0  c.addi16sp 0x2
#10226 0 8000027e     8082 r 00         00000000  c.jr     x1
#10227 0 8000022e     4785 r 0f         00000001  c.li     x15, 0x1
#10228 0 80000230     874a r 0e         f0041020  c.mv     x14, x18
#10229 0 80000232 00f48663 r 00         00000000  beq      x9, x15, . + 0xc
#10230 0 8000023e     405c r 0f         f0040030  c.lw     x15, 0x4(x8)
#10231 0 80000240     4014 r 0d         00000001  c.lw     x13, 0x0(x8)
#10232 0 80000242 004a2703 r 0e         0000004e  lw       x14, 0x4(x20)
#10233 0 80000246     43cc r 0b         00000000  c.lw     x11, 0x4(x15)
#10234 0 80000248     4390 r 0c         00000001  c.lw     x12, 0x0(x15)
#10235 0 8000024a     16fd r 0d         00000000  c.addi   x13, -0x1
#10236 0 8000024c     c04c m f004101c   00000000  c.sw     x11, 0x4(x8)
#10237 0 8000024e 0049a583 r 0b         f0040028  lw       x11, 0x4(x19)
#10238 0 80000252     c014 m f0041018   00000000  c.sw     x13, 0x0(x8)
#10239 0 80000254 0009a683 r 0d         00000004  lw       x13, 0x0(x19)
#10240 0 80000258     c3cc m f0040034   f0040028  c.sw     x11, 0x4(x15)
#10241 0 8000025a 00f9a223 m f004102c   f0040030  sw       x15, 0x4(x19)
#10242 0 8000025e     c390 m f0040030   00000001  c.sw     x12, 0x0(x15)
#10243 0 80000260     40f2 r 01         80000222  c.lwsp   x1, 0x1c
#10244 0 80000262     4462 r 08         f0041028  c.lwsp   x8, 0x18
#10245 0 80000264 00168793 r 0f         00000005  addi     x15, x13, 0x1
#10246 0 80000268 00f9a023 m f0041028   00000005  sw       x15, 0x0(x19)
#10247 0 8000026c 00170793 r 0f         0000004f  addi     x15, x14, 0x1
#10248 0 80000270 00fa2223 m f0041014   0000004f  sw       x15, 0x4(x20)
#10249 0 80000274     44d2 r 09         00000004  c.lwsp   x9, 0x14
#10250 0 80000276     4942 r 12         f0041020  c.lwsp   x18, 0x10
#10251 0 80000278     49b2 r 13         f0041018  c.lwsp   x19, 0xc
#10252 0 8000027a     4a22 r 14         f0041010  c.lwsp   x20, 0x8
#10253 0 8000027c     6105 r 02         f0040fd0  c.addi16sp 0x2
#10254 0 8000027e     8082 r 00         00000000  c.jr     x1
#10255 0 80000222     874e r 0e         f0041018  c.mv     x14, x19
#10256 0 80000224     86a2 r 0d         f0041028  c.mv     x13, x8
#10257 0 80000226     864a r 0c         f0041020  c.mv     x12, x18
#10258 0 80000228     4585 r 0b         00000001  c.li     x11, 0x1
#10259 0 8000022a     8552 r 0a         f0041010  c.mv     x10, x20
#10260 0 8000022c     37e9 r 01         8000022e  c.jal    . - 0x36
#10261 0 800001f6     1101 r 02         f0040fb0  c.addi   x2, -0x20
#10262 0 800001f8     cc22 m f0040fc8   f0041028  c.swsp   x8, 0x18
#10263 0 800001fa     ca26 m f0040fc4   00000004  c.swsp   x9, 0x14
#10264 0 800001fc     c84a m f0040fc0   f0041020  c.swsp   x18, 0x10
#10265 0 800001fe     c64e m f0040fbc   f0041018  c.swsp   x19, 0xc
#10266 0 80000200     c452 m f0040fb8   f0041010  c.swsp   x20, 0x8
#10267 0 80000202     ce06 m f0040fcc   8000022e  c.swsp   x1, 0x1c
#10268 0 80000204     4785 r 0f         00000001  c.li     x15, 0x1
#10269 0 80000206     8a2a r 14         f0041010  c.mv     x20, x10
#10270 0 80000208     8932 r 12         f0041020  c.mv     x18, x12
#10271 0 8000020a     89ba r 13         f0041018  c.mv     x19, x14
#10272 0 8000020c     84ae r 09         00000001  c.mv     x9, x11
#10273 0 8000020e     8436 r 08         f0041028  c.mv     x8, x13
#10274 0 80000210 02f58663 r 00         00000000  beq      x11, x15, . + 0x2c
#10275 0 8000023c     8432 r 08         f0041020  c.mv     x8, x12
#10276 0 8000023e     405c r 0f         f0040010  c.lw     x15, 0x4(x8)
#10277 0 80000240     4014 r 0d         00000002  c.lw     x13, 0x0(x8)
#10278 0 80000242 004a2703 r 0e         0000004f  lw       x14, 0x4(x20)
#10279 0 80000246     43cc r 0b         f0040008  c.lw     x11, 0x4(x15)
#10280 0 80000248     4390 r 0c         00000005  c.lw     x12, 0x0(x15)
#10281 0 8000024a     16fd r 0d         00000001  c.addi   x13, -0x1
#10282 0 8000024c     c04c m f0041024   f0040008  c.sw     x11, 0x4(x8)
#10283 0 8000024e 0049a583 r 0b         00000000  lw       x11, 0x4(x19)
#10284 0 80000252     c014 m f0041020   00000001  c.sw     x13, 0x0(x8)
#10285 0 80000254 0009a683 r 0d         00000000  lw       x13, 0x0(x19)
#10286 0 80000258     c3cc m f0040014   00000000  c.sw     x11, 0x4(x15)
#10287 0 8000025a 00f9a223 m f004101c   f0040010  sw       x15, 0x4(x19)
#10288 0 8000025e     c390 m f0040010   00000005  c.sw     x12, 0x0(x15)
#10289 0 80000260     40f2 r 01         8000022e  c.lwsp   x1, 0x1c
#10290 0 80000262     4462 r 08         f0041028  c.lwsp   x8, 0x18
#10291 0 80000264 00168793 r 0f         00000001  addi     x15, x13, 0x1
#10292 0 80000268 00f9a023 m f0041018   00000001  sw       x15, 0x0(x19)
#10293 0 8000026c 00170793 r 0f         00000050  addi     x15, x14, 0x1
#10294 0 80000270 00fa2223 m f0041014   00000050  sw       x15, 0x4(x20)
#10295 0 80000274     44d2 r 09         00000004  c.lwsp   x9, 0x14
#10296 0 80000276     4942 r 12         f0041020  c.lwsp   x18, 0x10
#10297 0 80000278     49b2 r 13         f0041018  c.lwsp   x19, 0xc
#10298 0 8000027a     4a22 r 14         f0041010  c.lwsp   x20, 0x8
#10299 0 8000027c     6105 r 02         f0040fd0  c.addi16sp 0x2
#10300 0 8000027e     8082 r 00         00000000  c.jr     x1
#10301 0 8000022e     4785 r 0f         00000001  c.li     x15, 0x1
#10302 0 80000230     874a r 0e         f0041020  c.mv     x14, x18
#10303 0 80000232 00f48663 r 00         00000000  beq      x9, x15, . + 0xc
#10304 0 80000236     8922 r 12         f0041028  c.mv     x18, x8
#10305 0 80000238     843a r 08         f0041020  c.mv     x8, x14
#10306 0 8000023a     bfe9 r 00         00000000  c.j      . - 0x26
#10307 0 80000214     14fd r 09         00000003  c.addi   x9, -0x1
#10308 0 80000216     85a6 r 0b         00000003  c.mv     x11, x9
#10309 0 80000218     8552 r 0a         f0041010  c.mv     x10, x20
#10310 0 8000021a     8722 r 0e         f0041020  c.mv     x14, x8
#10311 0 8000021c     86ce r 0d         f0041018  c.mv     x13, x19
#10312 0 8000021e     864a r 0c         f0041028  c.mv     x12, x18
#10313 0 80000220     3fd9 r 01         80000222  c.jal    . - 0x2a
#10314 0 800001f6     1101 r 02         f0040fb0  c.addi   x2, -0x20
#10315 0 800001f8     cc22 m f0040fc8   f0041020  c.swsp   x8, 0x18
#10316 0 800001fa     ca26 m f0040fc4   00000003  c.swsp   x9, 0x14
#10317 0 800001fc     c84a m f0040fc0   f0041028  c.swsp   x18, 0x10
#10318 0 800001fe     c64e m f0040fbc   f0041018  c.swsp   x19, 0xc
#10319 0 80000200     c452 m f0040fb8   f0041010  c.swsp   x20, 0x8
#10320 0 80000202     ce06 m f0040fcc   80000222  c.swsp   x1, 0x1c
#10321 0 80000204     4785 r 0f         00000001  c.li     x15, 0x1
#10322 0 80000206     8a2a r 14         f0041010  c.mv     x20, x10
#10323 0 80000208     8932 r 12         f0041028  c.mv     x18, x12
#10324 0 8000020a     89ba r 13         f0041020  c.mv     x19, x14
#10325 0 8000020c     84ae r 09         00000003  c.mv     x9, x11
#10326 0 8000020e     8436 r 08         f0041018  c.mv     x8, x13
#10327 0 80000210 02f58663 r 00         00000000  beq      x11, x15, . + 0x2c
#10328 0 80000214     14fd r 09         00000002  c.addi   x9, -0x1
#10329 0 80000216     85a6 r 0b         00000002  c.mv     x11, x9
#10330 0 80000218     8552 r 0a         f0041010  c.mv     x10, x20
#10331 0 8000021a     8722 r 0e         f0041018  c.mv     x14, x8
#10332 0 8000021c     86ce r 0d         f0041020  c.mv     x13, x19
#10333 0 8000021e     864a r 0c         f0041028  c.mv     x12, x18
#10334 0 80000220     3fd9 r 01         80000222  c.jal    . - 0x2a
#10335 0 800001f6     1101 r 02         f0040f90  c.addi   x2, -0x20
#10336 0 800001f8     cc22 m f0040fa8   f0041018  c.swsp   x8, 0x18
#10337 0 800001fa     ca26 m f0040fa4   00000002  c.swsp   x9, 0x14
#10338 0 800001fc     c84a m f0040fa0   f0041028  c.swsp   x18, 0x10
#10339 0 800001fe     c64e m f0040f9c   f0041020  c.swsp   x19, 0xc
#10340 0 80000200     c452 m f0040f98   f0041010  c.swsp   x20, 0x8
#10341 0 80000202     ce06 m f0040fac   80000222  c.swsp   x1, 0x1c
#10342 0 80000204     4785 r 0f         00000001  c.li     x15, 0x1
#10343 0 80000206     8a2a r 14         f0041010  c.mv     x20, x10
#10344 0 80000208     8932 r 12         f0041028  c.mv     x18, x12
#10345 0 8000020a     89ba r 13         f0041018  c.mv     x19, x14
#10346 0 8000020c     84ae r 09         00000002  c.mv     x9, x11
#10347 0 8000020e     8436 r 08         f0041020  c.mv     x8, x13
#10348 0 80000210 02f58663 r 00         00000000  beq      x11, x15, . + 0x2c
#10349 0 80000214     14fd r 09         00000001  c.addi   x9, -0x1
#10350 0 80000216     85a6 r 0b         00000001  c.mv     x11, x9
#10351 0 80000218     8552 r 0a         f0041010  c.mv     x10, x20
#10352 0 8000021a     8722 r 0e         f0041020  c.mv     x14, x8
#10353 0 8000021c     86ce r 0d         f0041018  c.mv     x13, x19
#10354 0 8000021e     864a r 0c         f0041028  c.mv     x12, x18
#10355 0 80000220     3fd9 r 01         80000222  c.jal    . - 0x2a
#10356 0 800001f6     1101 r 02         f0040f70  c.addi   x2, -0x20
#10357 0 800001f8     cc22 m f0040f88   f0041020  c.swsp   x8, 0x18
#10358 0 800001fa     ca26 m f0040f84   00000001  c.swsp   x9, 0x14
#10359 0 800001fc     c84a m f0040f80   f0041028  c.swsp   x18, 0x10
#10360 0 800001fe     c64e m f0040f7c   f0041018  c.swsp   x19, 0xc
#10361 0 80000200     c452 m f0040f78   f0041010  c.swsp   x20, 0x8
#10362 0 80000202     ce06 m f0040f8c   80000222  c.swsp   x1, 0x1c
#10363 0 80000204     4785 r 0f         00000001  c.li     x15, 0x1
#10364 0 80000206     8a2a r 14         f0041010  c.mv     x20, x10
#10365 0 80000208     8932 r 12         f0041028  c.mv     x18, x12
#10366 0 8000020a     89ba r 13         f0041020  c.mv     x19, x14
#10367 0 8000020c     84ae r 09         00000001  c.mv     x9, x11
#10368 0 8000020e     8436 r 08         f0041018  c.mv     x8, x13
#10369 0 80000210 02f58663 r 00         00000000  beq      x11, x15, . + 0x2c
#10370 0 8000023c     8432 r 08         f0041028  c.mv     x8, x12
#10371 0 8000023e     405c r 0f         f0040030  c.lw     x15, 0x4(x8)
#10372 0 80000240     4014 r 0d         00000005  c.lw     x13, 0x0(x8)
#10373 0 80000242 004a2703 r 0e         00000050  lw       x14, 0x4(x20)
#10374 0 80000246     43cc r 0b         f0040028  c.lw     x11, 0x4(x15)
#10375 0 80000248     4390 r 0c         00000001  c.lw     x12, 0x0(x15)
#10376 0 8000024a     16fd r 0d         00000004  c.addi   x13, -0x1
#10377 0 8000024c     c04c m f004102c   f0040028  c.sw     x11, 0x4(x8)
#10378 0 8000024e 0049a583 r 0b         f0040008  lw       x11, 0x4(x19)
#10379 0 80000252     c014 m f0041028   00000004  c.sw     x13, 0x0(x8)
#10380 0 80000254 0009a683 r 0d         00000001  lw       x13, 0x0(x19)
#10381 0 80000258     c3cc m f0040034   f0040008  c.sw     x11, 0x4(x15)
#10382 0 8000025a 00f9a223 m f0041024   f0040030  sw       x15, 0x4(x19)
#10383 0 8000025e     c390 m f0040030   00000001  c.sw     x12, 0x0(x15)
#10384 0 80000260     40f2 r 01         80000222  c.lwsp   x1, 0x1c
#10385 0 80000262     4462 r 08         f0041020  c.lwsp   x8, 0x18
#10386 0 80000264 00168793 r 0f         00000002  addi     x15, x13, 0x1
#10387 0 80000268 00f9a023 m f0041020   00000002  sw       x15, 0x0(x19)
#10388 0 8000026c 00170793 r 0f         00000051  addi     x15, x14, 0x1
#10389 0 80000270 00fa2223 m f0041014   00000051  sw       x15, 0x4(x20)
#10390 0 80000274     44d2 r 09         00000001  c.lwsp   x9, 0x14
#10391 0 80000276     4942 r 12         f0041028  c.lwsp   x18, 0x10
#10392 0 80000278     49b2 r 13         f0041018  c.lwsp   x19, 0xc
#10393 0 8000027a     4a22 r 14         f0041010  c.lwsp   x20, 0x8
#10394 0 8000027c     6105 r 02         f0040f90  c.addi16sp 0x2
#10395 0 8000027e     8082 r 00         00000000  c.jr     x1
#10396 0 80000222     874e r 0e         f0041018  c.mv     x14, x19
#10397 0 80000224     86a2 r 0d         f0041020  c.mv     x13, x8
#10398 0 80000226     864a r 0c         f0041028  c.mv     x12, x18
#10399 0 80000228     4585 r 0b         00000001  c.li     x11, 0x1
#10400 0 8000022a     8552 r 0a         f0041010  c.mv     x10, x20
#10401 0 8000022c     37e9 r 01         8000022e  c.jal    . - 0x36
#10402 0 800001f6     1101 r 02         f0040f70  c.addi   x2, -0x20
#10403 0 800001f8     cc22 m f0040f88   f0041020  c.swsp   x8, 0x18
#10404 0 800001fa     ca26 m f0040f84   00000001  c.swsp   x9, 0x14
#10405 0 800001fc     c84a m f0040f80   f0041028  c.swsp   x18, 0x10
#10406 0 800001fe     c64e m f0040f7c   f0041018  c.swsp   x19, 0xc
#10407 0 80000200     c452 m f0040f78   f0041010  c.swsp   x20, 0x8
#10408 0 80000202     ce06 m f0040f8c   8000022e  c.swsp   x1, 0x1c
#10409 0 80000204     4785 r 0f         00000001  c.li     x15, 0x1
#10410 0 80000206     8a2a r 14         f0041010  c.mv     x20, x10
#10411 0 80000208     8932 r 12         f0041028  c.mv     x18, x12
#10412 0 8000020a     89ba r 13         f0041018  c.mv     x19, x14
#10413 0 8000020c     84ae r 09         00000001  c.mv     x9, x11
#10414 0 8000020e     8436 r 08         f0041020  c.mv     x8, x13
#10415 0 80000210 02f58663 r 00         00000000  beq      x11, x15, . + 0x2c
#10416 0 8000023c     8432 r 08         f0041028  c.mv     x8, x12
#10417 0 8000023e     405c r 0f         f0040028  c.lw     x15, 0x4(x8)
#10418 0 80000240     4014 r 0d         00000004  c.lw     x13, 0x0(x8)
#10419 0 80000242 004a2703 r 0e         00000051  lw       x14, 0x4(x20)
#10420 0 80000246     43cc r 0b         f0040020  c.lw     x11, 0x4(x15)
#10421 0 80000248     4390 r 0c         00000002  c.lw     x12, 0x0(x15)
#10422 0 8000024a     16fd r 0d         00000003  c.addi   x13, -0x1
#10423 0 8000024c     c04c m f004102c   f0040020  c.sw     x11, 0x4(x8)
#10424 0 8000024e 0049a583 r 0b         f0040010  lw       x11, 0x4(x19)
#10425 0 80000252     c014 m f0041028   00000003  c.sw     x13, 0x0(x8)
#10426 0 80000254 0009a683 r 0d         00000001  lw       x13, 0x0(x19)
#10427 0 80000258     c3cc m f004002c   f0040010  c.sw     x11, 0x4(x15)
#10428 0 8000025a 00f9a223 m f004101c   f0040028  sw       x15, 0x4(x19)
#10429 0 8000025e     c390 m f0040028   00000002  c.sw     x12, 0x0(x15)
#10430 0 80000260     40f2 r 01         8000022e  c.lwsp   x1, 0x1c
#10431 0 80000262     4462 r 08         f0041020  c.lwsp   x8, 0x18
#10432 0 80000264 00168793 r 0f         00000002  addi     x15, x13, 0x1
#10433 0 80000268 00f9a023 m f0041018   00000002  sw       x15, 0x0(x19)
#10434 0 8000026c 00170793 r 0f         00000052  addi     x15, x14, 0x1
#10435 0 80000270 00fa2223 m f0041014   00000052  sw       x15, 0x4(x20)
#10436 0 80000274     44d2 r 09         00000001  c.lwsp   x9, 0x14
#10437 0 80000276     4942 r 12         f0041028  c.lwsp   x18, 0x10
#10438 0 80000278     49b2 r 13         f0041018  c.lwsp   x19, 0xc
#10439 0 8000027a     4a22 r 14         f0041010  c.lwsp   x20, 0x8
#10440 0 8000027c     6105 r 02         f0040f90  c.addi16sp 0x2
#10441 0 8000027e     8082 r 00         00000000  c.jr     x1
#10442 0 8000022e     4785 r 0f         00000001  c.li     x15, 0x1
#10443 0 80000230     874a r 0e         f0041028  c.mv     x14, x18
#10444 0 80000232 00f48663 r 00         00000000  beq      x9, x15, . + 0xc
#10445 0 8000023e     405c r 0f         f0040030  c.lw     x15, 0x4(x8)
#10446 0 80000240     4014 r 0d         00000002  c.lw     x13, 0x0(x8)
#10447 0 80000242 004a2703 r 0e         00000052  lw       x14, 0x4(x20)
#10448 0 80000246     43cc r 0b         f0040008  c.lw     x11, 0x4(x15)
#10449 0 80000248     4390 r 0c         00000001  c.lw     x12, 0x0(x15)
#10450 0 8000024a     16fd r 0d         00000001  c.addi   x13, -0x1
#10451 0 8000024c     c04c m f0041024   f0040008  c.sw     x11, 0x4(x8)
#10452 0 8000024e 0049a583 r 0b         f0040028  lw       x11, 0x4(x19)
#10453 0 80000252     c014 m f0041020   00000001  c.sw     x13, 0x0(x8)
#10454 0 80000254 0009a683 r 0d         00000002  lw       x13, 0x0(x19)
#10455 0 80000258     c3cc m f0040034   f0040028  c.sw     x11, 0x4(x15)
#10456 0 8000025a 00f9a223 m f004101c   f0040030  sw       x15, 0x4(x19)
#10457 0 8000025e     c390 m f0040030   00000001  c.sw     x12, 0x0(x15)
#10458 0 80000260     40f2 r 01         80000222  c.lwsp   x1, 0x1c
#10459 0 80000262     4462 r 08         f0041018  c.lwsp   x8, 0x18
#10460 0 80000264 00168793 r 0f         00000003  addi     x15, x13, 0x1
#10461 0 80000268 00f9a023 m f0041018   00000003  sw       x15, 0x0(x19)
#10462 0 8000026c 00170793 r 0f         00000053  addi     x15, x14, 0x1
#10463 0 80000270 00fa2223 m f0041014   00000053  sw       x15, 0x4(x20)
#10464 0 80000274     44d2 r 09         00000002  c.lwsp   x9, 0x14
#10465 0 80000276     4942 r 12         f0041028  c.lwsp   x18, 0x10
#10466 0 80000278     49b2 r 13         f0041020  c.lwsp   x19, 0xc
#10467 0 8000027a     4a22 r 14         f0041010  c.lwsp   x20, 0x8
#10468 0 8000027c     6105 r 02         f0040fb0  c.addi16sp 0x2
#10469 0 8000027e     8082 r 00         00000000  c.jr     x1
#10470 0 80000222     874e r 0e         f0041020  c.mv     x14, x19
#10471 0 80000224     86a2 r 0d         f0041018  c.mv     x13, x8
#10472 0 80000226     864a r 0c         f0041028  c.mv     x12, x18
#10473 0 80000228     4585 r 0b         00000001  c.li     x11, 0x1
#10474 0 8000022a     8552 r 0a         f0041010  c.mv     x10, x20
#10475 0 8000022c     37e9 r 01         8000022e  c.jal    . - 0x36
#10476 0 800001f6     1101 r 02         f0040f90  c.addi   x2, -0x20
#10477 0 800001f8     cc22 m f0040fa8   f0041018  c.swsp   x8, 0x18
#10478 0 800001fa     ca26 m f0040fa4   00000002  c.swsp   x9, 0x14
#10479 0 800001fc     c84a m f0040fa0   f0041028  c.swsp   x18, 0x10
#10480 0 800001fe     c64e m f0040f9c   f0041020  c.swsp   x19, 0xc
#10481 0 80000200     c452 m f0040f98   f0041010  c.swsp   x20, 0x8
#10482 0 80000202     ce06 m f0040fac   8000022e  c.swsp   x1, 0x1c
#10483 0 80000204     4785 r 0f         00000001  c.li     x15, 0x1
#10484 0 80000206     8a2a r 14         f0041010  c.mv     x20, x10
#10485 0 80000208     8932 r 12         f0041028  c.mv     x18, x12
#10486 0 8000020a     89ba r 13         f0041020  c.mv     x19, x14
#10487 0 8000020c     84ae r 09         00000001  c.mv     x9, x11
#10488 0 8000020e     8436 r 08         f0041018  c.mv     x8, x13
#10489 0 80000210 02f58663 r 00         00000000  beq      x11, x15, . + 0x2c
#10490 0 8000023c     8432 r 08         f0041028  c.mv     x8, x12
#10491 0 8000023e     405c r 0f         f0040020  c.lw     x15, 0x4(x8)
#10492 0 80000240     4014 r 0d         00000003  c.lw     x13, 0x0(x8)
#10493 0 80000242 004a2703 r 0e         00000053  lw       x14, 0x4(x20)
#10494 0 80000246     43cc r 0b         f0040018  c.lw     x11, 0x4(x15)
#10495 0 80000248     4390 r 0c         00000003  c.lw     x12, 0x0(x15)
#10496 0 8000024a     16fd r 0d         00000002  c.addi   x13, -0x1
#10497 0 8000024c     c04c m f004102c   f0040018  c.sw     x11, 0x4(x8)
#10498 0 8000024e 0049a583 r 0b         f0040008  lw       x11, 0x4(x19)
#10499 0 80000252     c014 m f0041028   00000002  c.sw     x13, 0x0(x8)
#10500 0 80000254 0009a683 r 0d         00000001  lw       x13, 0x0(x19)
#10501 0 80000258     c3cc m f0040024   f0040008  c.sw     x11, 0x4(x15)
#10502 0 8000025a 00f9a223 m f0041024   f0040020  sw       x15, 0x4(x19)
#10503 0 8000025e     c390 m f0040020   00000003  c.sw     x12, 0x0(x15)
#10504 0 80000260     40f2 r 01         8000022e  c.lwsp   x1, 0x1c
#10505 0 80000262     4462 r 08         f0041018  c.lwsp   x8, 0x18
#10506 0 80000264 00168793 r 0f         00000002  addi     x15, x13, 0x1
#10507 0 80000268 00f9a023 m f0041020   00000002  sw       x15, 0x0(x19)
#10508 0 8000026c 00170793 r 0f         00000054  addi     x15, x14, 0x1
#10509 0 80000270 00fa2223 m f0041014   00000054  sw       x15, 0x4(x20)
#10510 0 80000274     44d2 r 09         00000002  c.lwsp   x9, 0x14
#10511 0 80000276     4942 r 12         f0041028  c.lwsp   x18, 0x10
#10512 0 80000278     49b2 r 13         f0041020  c.lwsp   x19, 0xc
#10513 0 8000027a     4a22 r 14         f0041010  c.lwsp   x20, 0x8
#10514 0 8000027c     6105 r 02         f0040fb0  c.addi16sp 0x2
#10515 0 8000027e     8082 r 00         00000000  c.jr     x1
#10516 0 8000022e     4785 r 0f         00000001  c.li     x15, 0x1
#10517 0 80000230     874a r 0e         f0041028  c.mv     x14, x18
#10518 0 80000232 00f48663 r 00         00000000  beq      x9, x15, . + 0xc
#10519 0 80000236     8922 r 12         f0041018  c.mv     x18, x8
#10520 0 80000238     843a r 08         f0041028  c.mv     x8, x14
#10521 0 8000023a     bfe9 r 00         00000000  c.j      . - 0x26
#10522 0 80000214     14fd r 09         00000001  c.addi   x9, -0x1
#10523 0 80000216     85a6 r 0b         00000001  c.mv     x11, x9
#10524 0 80000218     8552 r 0a         f0041010  c.mv     x10, x20
#10525 0 8000021a     8722 r 0e         f0041028  c.mv     x14, x8
#10526 0 8000021c     86ce r 0d         f0041020  c.mv     x13, x19
#10527 0 8000021e     864a r 0c         f0041018  c.mv     x12, x18
#10528 0 80000220     3fd9 r 01         80000222  c.jal    . - 0x2a
#10529 0 800001f6     1101 r 02         f0040f90  c.addi   x2, -0x20
#10530 0 800001f8     cc22 m f0040fa8   f0041028  c.swsp   x8, 0x18
#10531 0 800001fa     ca26 m f0040fa4   00000001  c.swsp   x9, 0x14
#10532 0 800001fc     c84a m f0040fa0   f0041018  c.swsp   x18, 0x10
#10533 0 800001fe     c64e m f0040f9c   f0041020  c.swsp   x19, 0xc
#10534 0 80000200     c452 m f0040f98   f0041010  c.swsp   x20, 0x8
#10535 0 80000202     ce06 m f0040fac   80000222  c.swsp   x1, 0x1c
#10536 0 80000204     4785 r 0f         00000001  c.li     x15, 0x1
#10537 0 80000206     8a2a r 14         f0041010  c.mv     x20, x10
#10538 0 80000208     8932 r 12         f0041018  c.mv     x18, x12
#10539 0 8000020a     89ba r 13         f0041028  c.mv     x19, x14
#10540 0 8000020c     84ae r 09         00000001  c.mv     x9, x11
#10541 0 8000020e     8436 r 08         f0041020  c.mv     x8, x13
#10542 0 80000210 02f58663 r 00         00000000  beq      x11, x15, . + 0x2c
#10543 0 8000023c     8432 r 08         f0041018  c.mv     x8, x12
#10544 0 8000023e     405c r 0f         f0040030  c.lw     x15, 0x4(x8)
#10545 0 80000240     4014 r 0d         00000003  c.lw     x13, 0x0(x8)
#10546 0 80000242 004a2703 r 0e         00000054  lw       x14, 0x4(x20)
#10547 0 80000246     43cc r 0b         f0040028  c.lw     x11, 0x4(x15)
#10548 0 80000248     4390 r 0c         00000001  c.lw     x12, 0x0(x15)
#10549 0 8000024a     16fd r 0d         00000002  c.addi   x13, -0x1
#10550 0 8000024c     c04c m f004101c   f0040028  c.sw     x11, 0x4(x8)
#10551 0 8000024e 0049a583 r 0b         f0040018  lw       x11, 0x4(x19)
#10552 0 80000252     c014 m f0041018   00000002  c.sw     x13, 0x0(x8)
#10553 0 80000254 0009a683 r 0d         00000002  lw       x13, 0x0(x19)
#10554 0 80000258     c3cc m f0040034   f0040018  c.sw     x11, 0x4(x15)
#10555 0 8000025a 00f9a223 m f004102c   f0040030  sw       x15, 0x4(x19)
#10556 0 8000025e     c390 m f0040030   00000001  c.sw     x12, 0x0(x15)
#10557 0 80000260     40f2 r 01         80000222  c.lwsp   x1, 0x1c
#10558 0 80000262     4462 r 08         f0041028  c.lwsp   x8, 0x18
#10559 0 80000264 00168793 r 0f         00000003  addi     x15, x13, 0x1
#10560 0 80000268 00f9a023 m f0041028   00000003  sw       x15, 0x0(x19)
#10561 0 8000026c 00170793 r 0f         00000055  addi     x15, x14, 0x1
#10562 0 80000270 00fa2223 m f0041014   00000055  sw       x15, 0x4(x20)
#10563 0 80000274     44d2 r 09         00000001  c.lwsp   x9, 0x14
#10564 0 80000276     4942 r 12         f0041018  c.lwsp   x18, 0x10
#10565 0 80000278     49b2 r 13         f0041020  c.lwsp   x19, 0xc
#10566 0 8000027a     4a22 r 14         f0041010  c.lwsp   x20, 0x8
#10567 0 8000027c     6105 r 02         f0040fb0  c.addi16sp 0x2
#10568 0 8000027e     8082 r 00         00000000  c.jr     x1
#10569 0 80000222     874e r 0e         f0041020  c.mv     x14, x19
#10570 0 80000224     86a2 r 0d         f0041028  c.mv     x13, x8
#10571 0 80000226     864a r 0c         f0041018  c.mv     x12, x18
#10572 0 80000228     4585 r 0b         00000001  c.li     x11, 0x1
#10573 0 8000022a     8552 r 0a         f0041010  c.mv     x10, x20
#10574 0 8000022c     37e9 r 01         8000022e  c.jal    . - 0x36
#10575 0 800001f6     1101 r 02         f0040f90  c.addi   x2, -0x20
#10576 0 800001f8     cc22 m f0040fa8   f0041028  c.swsp   x8, 0x18
#10577 0 800001fa     ca26 m f0040fa4   00000001  c.swsp   x9, 0x14
#10578 0 800001fc     c84a m f0040fa0   f0041018  c.swsp   x18, 0x10
#10579 0 800001fe     c64e m f0040f9c   f0041020  c.swsp   x19, 0xc
#10580 0 80000200     c452 m f0040f98   f0041010  c.swsp   x20, 0x8
#10581 0 80000202     ce06 m f0040fac   8000022e  c.swsp   x1, 0x1c
#10582 0 80000204     4785 r 0f         00000001  c.li     x15, 0x1
#10583 0 80000206     8a2a r 14         f0041010  c.mv     x20, x10
#10584 0 80000208     8932 r 12         f0041018  c.mv     x18, x12
#10585 0 8000020a     89ba r 13         f0041020  c.mv     x19, x14
#10586 0 8000020c     84ae r 09         00000001  c.mv     x9, x11
#10587 0 8000020e     8436 r 08         f0041028  c.mv     x8, x13
#10588 0 80000210 02f58663 r 00         00000000  beq      x11, x15, . + 0x2c
#10589 0 8000023c     8432 r 08         f0041018  c.mv     x8, x12
#10590 0 8000023e     405c r 0f         f0040028  c.lw     x15, 0x4(x8)
#10591 0 80000240     4014 r 0d         00000002  c.lw     x13, 0x0(x8)
#10592 0 80000242 004a2703 r 0e         00000055  lw       x14, 0x4(x20)
#10593 0 80000246     43cc r 0b         f0040010  c.lw     x11, 0x4(x15)
#10594 0 80000248     4390 r 0c         00000002  c.lw     x12, 0x0(x15)
#10595 0 8000024a     16fd r 0d         00000001  c.addi   x13, -0x1
#10596 0 8000024c     c04c m f004101c   f0040010  c.sw     x11, 0x4(x8)
#10597 0 8000024e 0049a583 r 0b         f0040020  lw       x11, 0x4(x19)
#10598 0 80000252     c014 m f0041018   00000001  c.sw     x13, 0x0(x8)
#10599 0 80000254 0009a683 r 0d         00000002  lw       x13, 0x0(x19)
#10600 0 80000258     c3cc m f004002c   f0040020  c.sw     x11, 0x4(x15)
#10601 0 8000025a 00f9a223 m f0041024   f0040028  sw       x15, 0x4(x19)
#10602 0 8000025e     c390 m f0040028   00000002  c.sw     x12, 0x0(x15)
#10603 0 80000260     40f2 r 01         8000022e  c.lwsp   x1, 0x1c
#10604 0 80000262     4462 r 08         f0041028  c.lwsp   x8, 0x18
#10605 0 80000264 00168793 r 0f         00000003  addi     x15, x13, 0x1
#10606 0 80000268 00f9a023 m f0041020   00000003  sw       x15, 0x0(x19)
#10607 0 8000026c 00170793 r 0f         00000056  addi     x15, x14, 0x1
#10608 0 80000270 00fa2223 m f0041014   00000056  sw       x15, 0x4(x20)
#10609 0 80000274     44d2 r 09         00000001  c.lwsp   x9, 0x14
#10610 0 80000276     4942 r 12         f0041018  c.lwsp   x18, 0x10
#10611 0 80000278     49b2 r 13         f0041020  c.lwsp   x19, 0xc
#10612 0 8000027a     4a22 r 14         f0041010  c.lwsp   x20, 0x8
#10613 0 8000027c     6105 r 02         f0040fb0  c.addi16sp 0x2
#10614 0 8000027e     8082 r 00         00000000  c.jr     x1
#10615 0 8000022e     4785 r 0f         00000001  c.li     x15, 0x1
#10616 0 80000230     874a r 0e         f0041018  c.mv     x14, x18
#10617 0 80000232 00f48663 r 00         00000000  beq      x9, x15, . + 0xc
#10618 0 8000023e     405c r 0f         f0040030  c.lw     x15, 0x4(x8)
#10619 0 80000240     4014 r 0d         00000003  c.lw     x13, 0x0(x8)
#10620 0 80000242 004a2703 r 0e         00000056  lw       x14, 0x4(x20)
#10621 0 80000246     43cc r 0b         f0040018  c.lw     x11, 0x4(x15)
#10622 0 80000248     4390 r 0c         00000001  c.lw     x12, 0x0(x15)
#10623 0 8000024a     16fd r 0d         00000002  c.addi   x13, -0x1
#10624 0 8000024c     c04c m f004102c   f0040018  c.sw     x11, 0x4(x8)
#10625 0 8000024e 0049a583 r 0b         f0040028  lw       x11, 0x4(x19)
#10626 0 80000252     c014 m f0041028   00000002  c.sw     x13, 0x0(x8)
#10627 0 80000254 0009a683 r 0d         00000003  lw       x13, 0x0(x19)
#10628 0 80000258     c3cc m f0040034   f0040028  c.sw     x11, 0x4(x15)
#10629 0 8000025a 00f9a223 m f0041024   f0040030  sw       x15, 0x4(x19)
#10630 0 8000025e     c390 m f0040030   00000001  c.sw     x12, 0x0(x15)
#10631 0 80000260     40f2 r 01         80000222  c.lwsp   x1, 0x1c
#10632 0 80000262     4462 r 08         f0041020  c.lwsp   x8, 0x18
#10633 0 80000264 00168793 r 0f         00000004  addi     x15, x13, 0x1
#10634 0 80000268 00f9a023 m f0041020   00000004  sw       x15, 0x0(x19)
#10635 0 8000026c 00170793 r 0f         00000057  addi     x15, x14, 0x1
#10636 0 80000270 00fa2223 m f0041014   00000057  sw       x15, 0x4(x20)
#10637 0 80000274     44d2 r 09         00000003  c.lwsp   x9, 0x14
#10638 0 80000276     4942 r 12         f0041028  c.lwsp   x18, 0x10
#10639 0 80000278     49b2 r 13         f0041018  c.lwsp   x19, 0xc
#10640 0 8000027a     4a22 r 14         f0041010  c.lwsp   x20, 0x8
#10641 0 8000027c     6105 r 02         f0040fd0  c.addi16sp 0x2
#10642 0 8000027e     8082 r 00         00000000  c.jr     x1
#10643 0 80000222     874e r 0e         f0041018  c.mv     x14, x19
#10644 0 80000224     86a2 r 0d         f0041020  c.mv     x13, x8
#10645 0 80000226     864a r 0c         f0041028  c.mv     x12, x18
#10646 0 80000228     4585 r 0b         00000001  c.li     x11, 0x1
#10647 0 8000022a     8552 r 0a         f0041010  c.mv     x10, x20
#10648 0 8000022c     37e9 r 01         8000022e  c.jal    . - 0x36
#10649 0 800001f6     1101 r 02         f0040fb0  c.addi   x2, -0x20
#10650 0 800001f8     cc22 m f0040fc8   f0041020  c.swsp   x8, 0x18
#10651 0 800001fa     ca26 m f0040fc4   00000003  c.swsp   x9, 0x14
#10652 0 800001fc     c84a m f0040fc0   f0041028  c.swsp   x18, 0x10
#10653 0 800001fe     c64e m f0040fbc   f0041018  c.swsp   x19, 0xc
#10654 0 80000200     c452 m f0040fb8   f0041010  c.swsp   x20, 0x8
#10655 0 80000202     ce06 m f0040fcc   8000022e  c.swsp   x1, 0x1c
#10656 0 80000204     4785 r 0f         00000001  c.li     x15, 0x1
#10657 0 80000206     8a2a r 14         f0041010  c.mv     x20, x10
#10658 0 80000208     8932 r 12         f0041028  c.mv     x18, x12
#10659 0 8000020a     89ba r 13         f0041018  c.mv     x19, x14
#10660 0 8000020c     84ae r 09         00000001  c.mv     x9, x11
#10661 0 8000020e     8436 r 08         f0041020  c.mv     x8, x13
#10662 0 80000210 02f58663 r 00         00000000  beq      x11, x15, . + 0x2c
#10663 0 8000023c     8432 r 08         f0041028  c.mv     x8, x12
#10664 0 8000023e     405c r 0f         f0040018  c.lw     x15, 0x4(x8)
#10665 0 80000240     4014 r 0d         00000002  c.lw     x13, 0x0(x8)
#10666 0 80000242 004a2703 r 0e         00000057  lw       x14, 0x4(x20)
#10667 0 80000246     43cc r 0b         f0040000  c.lw     x11, 0x4(x15)
#10668 0 80000248     4390 r 0c         00000004  c.lw     x12, 0x0(x15)
#10669 0 8000024a     16fd r 0d         00000001  c.addi   x13, -0x1
#10670 0 8000024c     c04c m f004102c   f0040000  c.sw     x11, 0x4(x8)
#10671 0 8000024e 0049a583 r 0b         f0040010  lw       x11, 0x4(x19)
#10672 0 80000252     c014 m f0041028   00000001  c.sw     x13, 0x0(x8)
#10673 0 80000254 0009a683 r 0d         00000001  lw       x13, 0x0(x19)
#10674 0 80000258     c3cc m f004001c   f0040010  c.sw     x11, 0x4(x15)
#10675 0 8000025a 00f9a223 m f004101c   f0040018  sw       x15, 0x4(x19)
#10676 0 8000025e     c390 m f0040018   00000004  c.sw     x12, 0x0(x15)
#10677 0 80000260     40f2 r 01         8000022e  c.lwsp   x1, 0x1c
#10678 0 80000262     4462 r 08         f0041020  c.lwsp   x8, 0x18
#10679 0 80000264 00168793 r 0f         00000002  addi     x15, x13, 0x1
#10680 0 80000268 00f9a023 m f0041018   00000002  sw       x15, 0x0(x19)
#10681 0 8000026c 00170793 r 0f         00000058  addi     x15, x14, 0x1
#10682 0 80000270 00fa2223 m f0041014   00000058  sw       x15, 0x4(x20)
#10683 0 80000274     44d2 r 09         00000003  c.lwsp   x9, 0x14
#10684 0 80000276     4942 r 12         f0041028  c.lwsp   x18, 0x10
#10685 0 80000278     49b2 r 13         f0041018  c.lwsp   x19, 0xc
#10686 0 8000027a     4a22 r 14         f0041010  c.lwsp   x20, 0x8
#10687 0 8000027c     6105 r 02         f0040fd0  c.addi16sp 0x2
#10688 0 8000027e     8082 r 00         00000000  c.jr     x1
#10689 0 8000022e     4785 r 0f         00000001  c.li     x15, 0x1
#10690 0 80000230     874a r 0e         f0041028  c.mv     x14, x18
#10691 0 80000232 00f48663 r 00         00000000  beq      x9, x15, . + 0xc
#10692 0 80000236     8922 r 12         f0041020  c.mv     x18, x8
#10693 0 80000238     843a r 08         f0041028  c.mv     x8, x14
#10694 0 8000023a     bfe9 r 00         00000000  c.j      . - 0x26
#10695 0 80000214     14fd r 09         00000002  c.addi   x9, -0x1
#10696 0 80000216     85a6 r 0b         00000002  c.mv     x11, x9
#10697 0 80000218     8552 r 0a         f0041010  c.mv     x10, x20
#10698 0 8000021a     8722 r 0e         f0041028  c.mv     x14, x8
#10699 0 8000021c     86ce r 0d         f0041018  c.mv     x13, x19
#10700 0 8000021e     864a r 0c         f0041020  c.mv     x12, x18
#10701 0 80000220     3fd9 r 01         80000222  c.jal    . - 0x2a
#10702 0 800001f6     1101 r 02         f0040fb0  c.addi   x2, -0x20
#10703 0 800001f8     cc22 m f0040fc8   f0041028  c.swsp   x8, 0x18
#10704 0 800001fa     ca26 m f0040fc4   00000002  c.swsp   x9, 0x14
#10705 0 800001fc     c84a m f0040fc0   f0041020  c.swsp   x18, 0x10
#10706 0 800001fe     c64e m f0040fbc   f0041018  c.swsp   x19, 0xc
#10707 0 80000200     c452 m f0040fb8   f0041010  c.swsp   x20, 0x8
#10708 0 80000202     ce06 m f0040fcc   80000222  c.swsp   x1, 0x1c
#10709 0 80000204     4785 r 0f         00000001  c.li     x15, 0x1
#10710 0 80000206     8a2a r 14         f0041010  c.mv     x20, x10
#10711 0 80000208     8932 r 12         f0041020  c.mv     x18, x12
#10712 0 8000020a     89ba r 13         f0041028  c.mv     x19, x14
#10713 0 8000020c     84ae r 09         00000002  c.mv     x9, x11
#10714 0 8000020e     8436 r 08         f0041018  c.mv     x8, x13
#10715 0 80000210 02f58663 r 00         00000000  beq      x11, x15, . + 0x2c
#10716 0 80000214     14fd r 09         00000001  c.addi   x9, -0x1
#10717 0 80000216     85a6 r 0b         00000001  c.mv     x11, x9
#10718 0 80000218     8552 r 0a         f0041010  c.mv     x10, x20
#10719 0 8000021a     8722 r 0e         f0041018  c.mv     x14, x8
#10720 0 8000021c     86ce r 0d         f0041028  c.mv     x13, x19
#10721 0 8000021e     864a r 0c         f0041020  c.mv     x12, x18
#10722 0 80000220     3fd9 r 01         80000222  c.jal    . - 0x2a
#10723 0 800001f6     1101 r 02         f0040f90  c.addi   x2, -0x20
#10724 0 800001f8     cc22 m f0040fa8   f0041018  c.swsp   x8, 0x18
#10725 0 800001fa     ca26 m f0040fa4   00000001  c.swsp   x9, 0x14
#10726 0 800001fc     c84a m f0040fa0   f0041020  c.swsp   x18, 0x10
#10727 0 800001fe     c64e m f0040f9c   f0041028  c.swsp   x19, 0xc
#10728 0 80000200     c452 m f0040f98   f0041010  c.swsp   x20, 0x8
#10729 0 80000202     ce06 m f0040fac   80000222  c.swsp   x1, 0x1c
#10730 0 80000204     4785 r 0f         00000001  c.li     x15, 0x1
#10731 0 80000206     8a2a r 14         f0041010  c.mv     x20, x10
#10732 0 80000208     8932 r 12         f0041020  c.mv     x18, x12
#10733 0 8000020a     89ba r 13         f0041018  c.mv     x19, x14
#10734 0 8000020c     84ae r 09         00000001  c.mv     x9, x11
#10735 0 8000020e     8436 r 08         f0041028  c.mv     x8, x13
#10736 0 80000210 02f58663 r 00         00000000  beq      x11, x15, . + 0x2c
#10737 0 8000023c     8432 r 08         f0041020  c.mv     x8, x12
#10738 0 8000023e     405c r 0f         f0040030  c.lw     x15, 0x4(x8)
#10739 0 80000240     4014 r 0d         00000004  c.lw     x13, 0x0(x8)
#10740 0 80000242 004a2703 r 0e         00000058  lw       x14, 0x4(x20)
#10741 0 80000246     43cc r 0b         f0040028  c.lw     x11, 0x4(x15)
#10742 0 80000248     4390 r 0c         00000001  c.lw     x12, 0x0(x15)
#10743 0 8000024a     16fd r 0d         00000003  c.addi   x13, -0x1
#10744 0 8000024c     c04c m f0041024   f0040028  c.sw     x11, 0x4(x8)
#10745 0 8000024e 0049a583 r 0b         f0040018  lw       x11, 0x4(x19)
#10746 0 80000252     c014 m f0041020   00000003  c.sw     x13, 0x0(x8)
#10747 0 80000254 0009a683 r 0d         00000002  lw       x13, 0x0(x19)
#10748 0 80000258     c3cc m f0040034   f0040018  c.sw     x11, 0x4(x15)
#10749 0 8000025a 00f9a223 m f004101c   f0040030  sw       x15, 0x4(x19)
#10750 0 8000025e     c390 m f0040030   00000001  c.sw     x12, 0x0(x15)
#10751 0 80000260     40f2 r 01         80000222  c.lwsp   x1, 0x1c
#10752 0 80000262     4462 r 08         f0041018  c.lwsp   x8, 0x18
#10753 0 80000264 00168793 r 0f         00000003  addi     x15, x13, 0x1
#10754 0 80000268 00f9a023 m f0041018   00000003  sw       x15, 0x0(x19)
#10755 0 8000026c 00170793 r 0f         00000059  addi     x15, x14, 0x1
#10756 0 80000270 00fa2223 m f0041014   00000059  sw       x15, 0x4(x20)
#10757 0 80000274     44d2 r 09         00000001  c.lwsp   x9, 0x14
#10758 0 80000276     4942 r 12         f0041020  c.lwsp   x18, 0x10
#10759 0 80000278     49b2 r 13         f0041028  c.lwsp   x19, 0xc
#10760 0 8000027a     4a22 r 14         f0041010  c.lwsp   x20, 0x8
#10761 0 8000027c     6105 r 02         f0040fb0  c.addi16sp 0x2
#10762 0 8000027e     8082 r 00         00000000  c.jr     x1
#10763 0 80000222     874e r 0e         f0041028  c.mv     x14, x19
#10764 0 80000224     86a2 r 0d         f0041018  c.mv     x13, x8
#10765 0 80000226     864a r 0c         f0041020  c.mv     x12, x18
#10766 0 80000228     4585 r 0b         00000001  c.li     x11, 0x1
#10767 0 8000022a     8552 r 0a         f0041010  c.mv     x10, x20
#10768 0 8000022c     37e9 r 01         8000022e  c.jal    . - 0x36
#10769 0 800001f6     1101 r 02         f0040f90  c.addi   x2, -0x20
#10770 0 800001f8     cc22 m f0040fa8   f0041018  c.swsp   x8, 0x18
#10771 0 800001fa     ca26 m f0040fa4   00000001  c.swsp   x9, 0x14
#10772 0 800001fc     c84a m f0040fa0   f0041020  c.swsp   x18, 0x10
#10773 0 800001fe     c64e m f0040f9c   f0041028  c.swsp   x19, 0xc
#10774 0 80000200     c452 m f0040f98   f0041010  c.swsp   x20, 0x8
#10775 0 80000202     ce06 m f0040fac   8000022e  c.swsp   x1, 0x1c
#10776 0 80000204     4785 r 0f         00000001  c.li     x15, 0x1
#10777 0 80000206     8a2a r 14         f0041010  c.mv     x20, x10
#10778 0 80000208     8932 r 12         f0041020  c.mv     x18, x12
#10779 0 8000020a     89ba r 13         f0041028  c.mv     x19, x14
#10780 0 8000020c     84ae r 09         00000001  c.mv     x9, x11
#10781 0 8000020e     8436 r 08         f0041018  c.mv     x8, x13
#10782 0 80000210 02f58663 r 00         00000000  beq      x11, x15, . + 0x2c
#10783 0 8000023c     8432 r 08         f0041020  c.mv     x8, x12
#10784 0 8000023e     405c r 0f         f0040028  c.lw     x15, 0x4(x8)
#10785 0 80000240     4014 r 0d         00000003  c.lw     x13, 0x0(x8)
#10786 0 80000242 004a2703 r 0e         00000059  lw       x14, 0x4(x20)
#10787 0 80000246     43cc r 0b         f0040020  c.lw     x11, 0x4(x15)
#10788 0 80000248     4390 r 0c         00000002  c.lw     x12, 0x0(x15)
#10789 0 8000024a     16fd r 0d         00000002  c.addi   x13, -0x1
#10790 0 8000024c     c04c m f0041024   f0040020  c.sw     x11, 0x4(x8)
#10791 0 8000024e 0049a583 r 0b         f0040000  lw       x11, 0x4(x19)
#10792 0 80000252     c014 m f0041020   00000002  c.sw     x13, 0x0(x8)
#10793 0 80000254 0009a683 r 0d         00000001  lw       x13, 0x0(x19)
#10794 0 80000258     c3cc m f004002c   f0040000  c.sw     x11, 0x4(x15)
#10795 0 8000025a 00f9a223 m f004102c   f0040028  sw       x15, 0x4(x19)
#10796 0 8000025e     c390 m f0040028   00000002  c.sw     x12, 0x0(x15)
#10797 0 80000260     40f2 r 01         8000022e  c.lwsp   x1, 0x1c
#10798 0 80000262     4462 r 08         f0041018  c.lwsp   x8, 0x18
#10799 0 80000264 00168793 r 0f         00000002  addi     x15, x13, 0x1
#10800 0 80000268 00f9a023 m f0041028   00000002  sw       x15, 0x0(x19)
#10801 0 8000026c 00170793 r 0f         0000005a  addi     x15, x14, 0x1
#10802 0 80000270 00fa2223 m f0041014   0000005a  sw       x15, 0x4(x20)
#10803 0 80000274     44d2 r 09         00000001  c.lwsp   x9, 0x14
#10804 0 80000276     4942 r 12         f0041020  c.lwsp   x18, 0x10
#10805 0 80000278     49b2 r 13         f0041028  c.lwsp   x19, 0xc
#10806 0 8000027a     4a22 r 14         f0041010  c.lwsp   x20, 0x8
#10807 0 8000027c     6105 r 02         f0040fb0  c.addi16sp 0x2
#10808 0 8000027e     8082 r 00         00000000  c.jr     x1
#10809 0 8000022e     4785 r 0f         00000001  c.li     x15, 0x1
#10810 0 80000230     874a r 0e         f0041020  c.mv     x14, x18
#10811 0 80000232 00f48663 r 00         00000000  beq      x9, x15, . + 0xc
#10812 0 8000023e     405c r 0f         f0040030  c.lw     x15, 0x4(x8)
#10813 0 80000240     4014 r 0d         00000003  c.lw     x13, 0x0(x8)
#10814 0 80000242 004a2703 r 0e         0000005a  lw       x14, 0x4(x20)
#10815 0 80000246     43cc r 0b         f0040018  c.lw     x11, 0x4(x15)
#10816 0 80000248     4390 r 0c         00000001  c.lw     x12, 0x0(x15)
#10817 0 8000024a     16fd r 0d         00000002  c.addi   x13, -0x1
#10818 0 8000024c     c04c m f004101c   f0040018  c.sw     x11, 0x4(x8)
#10819 0 8000024e 0049a583 r 0b         f0040028  lw       x11, 0x4(x19)
#10820 0 80000252     c014 m f0041018   00000002  c.sw     x13, 0x0(x8)
#10821 0 80000254 0009a683 r 0d         00000002  lw       x13, 0x0(x19)
#10822 0 80000258     c3cc m f0040034   f0040028  c.sw     x11, 0x4(x15)
#10823 0 8000025a 00f9a223 m f004102c   f0040030  sw       x15, 0x4(x19)
#10824 0 8000025e     c390 m f0040030   00000001  c.sw     x12, 0x0(x15)
#10825 0 80000260     40f2 r 01         80000222  c.lwsp   x1, 0x1c
#10826 0 80000262     4462 r 08         f0041028  c.lwsp   x8, 0x18
#10827 0 80000264 00168793 r 0f         00000003  addi     x15, x13, 0x1
#10828 0 80000268 00f9a023 m f0041028   00000003  sw       x15, 0x0(x19)
#10829 0 8000026c 00170793 r 0f         0000005b  addi     x15, x14, 0x1
#10830 0 80000270 00fa2223 m f0041014   0000005b  sw       x15, 0x4(x20)
#10831 0 80000274     44d2 r 09         00000002  c.lwsp   x9, 0x14
#10832 0 80000276     4942 r 12         f0041020  c.lwsp   x18, 0x10
#10833 0 80000278     49b2 r 13         f0041018  c.lwsp   x19, 0xc
#10834 0 8000027a     4a22 r 14         f0041010  c.lwsp   x20, 0x8
#10835 0 8000027c     6105 r 02         f0040fd0  c.addi16sp 0x2
#10836 0 8000027e     8082 r 00         00000000  c.jr     x1
#10837 0 80000222     874e r 0e         f0041018  c.mv     x14, x19
#10838 0 80000224     86a2 r 0d         f0041028  c.mv     x13, x8
#10839 0 80000226     864a r 0c         f0041020  c.mv     x12, x18
#10840 0 80000228     4585 r 0b         00000001  c.li     x11, 0x1
#10841 0 8000022a     8552 r 0a         f0041010  c.mv     x10, x20
#10842 0 8000022c     37e9 r 01         8000022e  c.jal    . - 0x36
#10843 0 800001f6     1101 r 02         f0040fb0  c.addi   x2, -0x20
#10844 0 800001f8     cc22 m f0040fc8   f0041028  c.swsp   x8, 0x18
#10845 0 800001fa     ca26 m f0040fc4   00000002  c.swsp   x9, 0x14
#10846 0 800001fc     c84a m f0040fc0   f0041020  c.swsp   x18, 0x10
#10847 0 800001fe     c64e m f0040fbc   f0041018  c.swsp   x19, 0xc
#10848 0 80000200     c452 m f0040fb8   f0041010  c.swsp   x20, 0x8
#10849 0 80000202     ce06 m f0040fcc   8000022e  c.swsp   x1, 0x1c
#10850 0 80000204     4785 r 0f         00000001  c.li     x15, 0x1
#10851 0 80000206     8a2a r 14         f0041010  c.mv     x20, x10
#10852 0 80000208     8932 r 12         f0041020  c.mv     x18, x12
#10853 0 8000020a     89ba r 13         f0041018  c.mv     x19, x14
#10854 0 8000020c     84ae r 09         00000001  c.mv     x9, x11
#10855 0 8000020e     8436 r 08         f0041028  c.mv     x8, x13
#10856 0 80000210 02f58663 r 00         00000000  beq      x11, x15, . + 0x2c
#10857 0 8000023c     8432 r 08         f0041020  c.mv     x8, x12
#10858 0 8000023e     405c r 0f         f0040020  c.lw     x15, 0x4(x8)
#10859 0 80000240     4014 r 0d         00000002  c.lw     x13, 0x0(x8)
#10860 0 80000242 004a2703 r 0e         0000005b  lw       x14, 0x4(x20)
#10861 0 80000246     43cc r 0b         f0040008  c.lw     x11, 0x4(x15)
#10862 0 80000248     4390 r 0c         00000003  c.lw     x12, 0x0(x15)
#10863 0 8000024a     16fd r 0d         00000001  c.addi   x13, -0x1
#10864 0 8000024c     c04c m f0041024   f0040008  c.sw     x11, 0x4(x8)
#10865 0 8000024e 0049a583 r 0b         f0040018  lw       x11, 0x4(x19)
#10866 0 80000252     c014 m f0041020   00000001  c.sw     x13, 0x0(x8)
#10867 0 80000254 0009a683 r 0d         00000002  lw       x13, 0x0(x19)
#10868 0 80000258     c3cc m f0040024   f0040018  c.sw     x11, 0x4(x15)
#10869 0 8000025a 00f9a223 m f004101c   f0040020  sw       x15, 0x4(x19)
#10870 0 8000025e     c390 m f0040020   00000003  c.sw     x12, 0x0(x15)
#10871 0 80000260     40f2 r 01         8000022e  c.lwsp   x1, 0x1c
#10872 0 80000262     4462 r 08         f0041028  c.lwsp   x8, 0x18
#10873 0 80000264 00168793 r 0f         00000003  addi     x15, x13, 0x1
#10874 0 80000268 00f9a023 m f0041018   00000003  sw       x15, 0x0(x19)
#10875 0 8000026c 00170793 r 0f         0000005c  addi     x15, x14, 0x1
#10876 0 80000270 00fa2223 m f0041014   0000005c  sw       x15, 0x4(x20)
#10877 0 80000274     44d2 r 09         00000002  c.lwsp   x9, 0x14
#10878 0 80000276     4942 r 12         f0041020  c.lwsp   x18, 0x10
#10879 0 80000278     49b2 r 13         f0041018  c.lwsp   x19, 0xc
#10880 0 8000027a     4a22 r 14         f0041010  c.lwsp   x20, 0x8
#10881 0 8000027c     6105 r 02         f0040fd0  c.addi16sp 0x2
#10882 0 8000027e     8082 r 00         00000000  c.jr     x1
#10883 0 8000022e     4785 r 0f         00000001  c.li     x15, 0x1
#10884 0 80000230     874a r 0e         f0041020  c.mv     x14, x18
#10885 0 80000232 00f48663 r 00         00000000  beq      x9, x15, . + 0xc
#10886 0 80000236     8922 r 12         f0041028  c.mv     x18, x8
#10887 0 80000238     843a r 08         f0041020  c.mv     x8, x14
#10888 0 8000023a     bfe9 r 00         00000000  c.j      . - 0x26
#10889 0 80000214     14fd r 09         00000001  c.addi   x9, -0x1
#10890 0 80000216     85a6 r 0b         00000001  c.mv     x11, x9
#10891 0 80000218     8552 r 0a         f0041010  c.mv     x10, x20
#10892 0 8000021a     8722 r 0e         f0041020  c.mv     x14, x8
#10893 0 8000021c     86ce r 0d         f0041018  c.mv     x13, x19
#10894 0 8000021e     864a r 0c         f0041028  c.mv     x12, x18
#10895 0 80000220     3fd9 r 01         80000222  c.jal    . - 0x2a
#10896 0 800001f6     1101 r 02         f0040fb0  c.addi   x2, -0x20
#10897 0 800001f8     cc22 m f0040fc8   f0041020  c.swsp   x8, 0x18
#10898 0 800001fa     ca26 m f0040fc4   00000001  c.swsp   x9, 0x14
#10899 0 800001fc     c84a m f0040fc0   f0041028  c.swsp   x18, 0x10
#10900 0 800001fe     c64e m f0040fbc   f0041018  c.swsp   x19, 0xc
#10901 0 80000200     c452 m f0040fb8   f0041010  c.swsp   x20, 0x8
#10902 0 80000202     ce06 m f0040fcc   80000222  c.swsp   x1, 0x1c
#10903 0 80000204     4785 r 0f         00000001  c.li     x15, 0x1
#10904 0 80000206     8a2a r 14         f0041010  c.mv     x20, x10
#10905 0 80000208     8932 r 12         f0041028  c.mv     x18, x12
#10906 0 8000020a     89ba r 13         f0041020  c.mv     x19, x14
#10907 0 8000020c     84ae r 09         00000001  c.mv     x9, x11
#10908 0 8000020e     8436 r 08         f0041018  c.mv     x8, x13
#10909 0 80000210 02f58663 r 00         00000000  beq      x11, x15, . + 0x2c
#10910 0 8000023c     8432 r 08         f0041028  c.mv     x8, x12
#10911 0 8000023e     405c r 0f         f0040030  c.lw     x15, 0x4(x8)
#10912 0 80000240     4014 r 0d         00000003  c.lw     x13, 0x0(x8)
#10913 0 80000242 004a2703 r 0e         0000005c  lw       x14, 0x4(x20)
#10914 0 80000246     43cc r 0b         f0040028  c.lw     x11, 0x4(x15)
#10915 0 80000248     4390 r 0c         00000001  c.lw     x12, 0x0(x15)
#10916 0 8000024a     16fd r 0d         00000002  c.addi   x13, -0x1
#10917 0 8000024c     c04c m f004102c   f0040028  c.sw     x11, 0x4(x8)
#10918 0 8000024e 0049a583 r 0b         f0040008  lw       x11, 0x4(x19)
#10919 0 80000252     c014 m f0041028   00000002  c.sw     x13, 0x0(x8)
#10920 0 80000254 0009a683 r 0d         00000001  lw       x13, 0x0(x19)
#10921 0 80000258     c3cc m f0040034   f0040008  c.sw     x11, 0x4(x15)
#10922 0 8000025a 00f9a223 m f0041024   f0040030  sw       x15, 0x4(x19)
#10923 0 8000025e     c390 m f0040030   00000001  c.sw     x12, 0x0(x15)
#10924 0 80000260     40f2 r 01         80000222  c.lwsp   x1, 0x1c
#10925 0 80000262     4462 r 08         f0041020  c.lwsp   x8, 0x18
#10926 0 80000264 00168793 r 0f         00000002  addi     x15, x13, 0x1
#10927 0 80000268 00f9a023 m f0041020   00000002  sw       x15, 0x0(x19)
#10928 0 8000026c 00170793 r 0f         0000005d  addi     x15, x14, 0x1
#10929 0 80000270 00fa2223 m f0041014   0000005d  sw       x15, 0x4(x20)
#10930 0 80000274     44d2 r 09         00000001  c.lwsp   x9, 0x14
#10931 0 80000276     4942 r 12         f0041028  c.lwsp   x18, 0x10
#10932 0 80000278     49b2 r 13         f0041018  c.lwsp   x19, 0xc
#10933 0 8000027a     4a22 r 14         f0041010  c.lwsp   x20, 0x8
#10934 0 8000027c     6105 r 02         f0040fd0  c.addi16sp 0x2
#10935 0 8000027e     8082 r 00         00000000  c.jr     x1
#10936 0 80000222     874e r 0e         f0041018  c.mv     x14, x19
#10937 0 80000224     86a2 r 0d         f0041020  c.mv     x13, x8
#10938 0 80000226     864a r 0c         f0041028  c.mv     x12, x18
#10939 0 80000228     4585 r 0b         00000001  c.li     x11, 0x1
#10940 0 8000022a     8552 r 0a         f0041010  c.mv     x10, x20
#10941 0 8000022c     37e9 r 01         8000022e  c.jal    . - 0x36
#10942 0 800001f6     1101 r 02         f0040fb0  c.addi   x2, -0x20
#10943 0 800001f8     cc22 m f0040fc8   f0041020  c.swsp   x8, 0x18
#10944 0 800001fa     ca26 m f0040fc4   00000001  c.swsp   x9, 0x14
#10945 0 800001fc     c84a m f0040fc0   f0041028  c.swsp   x18, 0x10
#10946 0 800001fe     c64e m f0040fbc   f0041018  c.swsp   x19, 0xc
#10947 0 80000200     c452 m f0040fb8   f0041010  c.swsp   x20, 0x8
#10948 0 80000202     ce06 m f0040fcc   8000022e  c.swsp   x1, 0x1c
#10949 0 80000204     4785 r 0f         00000001  c.li     x15, 0x1
#10950 0 80000206     8a2a r 14         f0041010  c.mv     x20, x10
#10951 0 80000208     8932 r 12         f0041028  c.mv     x18, x12
#10952 0 8000020a     89ba r 13         f0041018  c.mv     x19, x14
#10953 0 8000020c     84ae r 09         00000001  c.mv     x9, x11
#10954 0 8000020e     8436 r 08         f0041020  c.mv     x8, x13
#10955 0 80000210 02f58663 r 00         00000000  beq      x11, x15, . + 0x2c
#10956 0 8000023c     8432 r 08         f0041028  c.mv     x8, x12
#10957 0 8000023e     405c r 0f         f0040028  c.lw     x15, 0x4(x8)
#10958 0 80000240     4014 r 0d         00000002  c.lw     x13, 0x0(x8)
#10959 0 80000242 004a2703 r 0e         0000005d  lw       x14, 0x4(x20)
#10960 0 80000246     43cc r 0b         f0040000  c.lw     x11, 0x4(x15)
#10961 0 80000248     4390 r 0c         00000002  c.lw     x12, 0x0(x15)
#10962 0 8000024a     16fd r 0d         00000001  c.addi   x13, -0x1
#10963 0 8000024c     c04c m f004102c   f0040000  c.sw     x11, 0x4(x8)
#10964 0 8000024e 0049a583 r 0b         f0040020  lw       x11, 0x4(x19)
#10965 0 80000252     c014 m f0041028   00000001  c.sw     x13, 0x0(x8)
#10966 0 80000254 0009a683 r 0d         00000003  lw       x13, 0x0(x19)
#10967 0 80000258     c3cc m f004002c   f0040020  c.sw     x11, 0x4(x15)
#10968 0 8000025a 00f9a223 m f004101c   f0040028  sw       x15, 0x4(x19)
#10969 0 8000025e     c390 m f0040028   00000002  c.sw     x12, 0x0(x15)
#10970 0 80000260     40f2 r 01         8000022e  c.lwsp   x1, 0x1c
#10971 0 80000262     4462 r 08         f0041020  c.lwsp   x8, 0x18
#10972 0 80000264 00168793 r 0f         00000004  addi     x15, x13, 0x1
#10973 0 80000268 00f9a023 m f0041018   00000004  sw       x15, 0x0(x19)
#10974 0 8000026c 00170793 r 0f         0000005e  addi     x15, x14, 0x1
#10975 0 80000270 00fa2223 m f0041014   0000005e  sw       x15, 0x4(x20)
#10976 0 80000274     44d2 r 09         00000001  c.lwsp   x9, 0x14
#10977 0 80000276     4942 r 12         f0041028  c.lwsp   x18, 0x10
#10978 0 80000278     49b2 r 13         f0041018  c.lwsp   x19, 0xc
#10979 0 8000027a     4a22 r 14         f0041010  c.lwsp   x20, 0x8
#10980 0 8000027c     6105 r 02         f0040fd0  c.addi16sp 0x2
#10981 0 8000027e     8082 r 00         00000000  c.jr     x1
#10982 0 8000022e     4785 r 0f         00000001  c.li     x15, 0x1
#10983 0 80000230     874a r 0e         f0041028  c.mv     x14, x18
#10984 0 80000232 00f48663 r 00         00000000  beq      x9, x15, . + 0xc
#10985 0 8000023e     405c r 0f         f0040030  c.lw     x15, 0x4(x8)
#10986 0 80000240     4014 r 0d         00000002  c.lw     x13, 0x0(x8)
#10987 0 80000242 004a2703 r 0e         0000005e  lw       x14, 0x4(x20)
#10988 0 80000246     43cc r 0b         f0040008  c.lw     x11, 0x4(x15)
#10989 0 80000248     4390 r 0c         00000001  c.lw     x12, 0x0(x15)
#10990 0 8000024a     16fd r 0d         00000001  c.addi   x13, -0x1
#10991 0 8000024c     c04c m f0041024   f0040008  c.sw     x11, 0x4(x8)
#10992 0 8000024e 0049a583 r 0b         f0040028  lw       x11, 0x4(x19)
#10993 0 80000252     c014 m f0041020   00000001  c.sw     x13, 0x0(x8)
#10994 0 80000254 0009a683 r 0d         00000004  lw       x13, 0x0(x19)
#10995 0 80000258     c3cc m f0040034   f0040028  c.sw     x11, 0x4(x15)
#10996 0 8000025a 00f9a223 m f004101c   f0040030  sw       x15, 0x4(x19)
#10997 0 8000025e     c390 m f0040030   00000001  c.sw     x12, 0x0(x15)
#10998 0 80000260     40f2 r 01         80000222  c.lwsp   x1, 0x1c
#10999 0 80000262     4462 r 08         f0041018  c.lwsp   x8, 0x18
#11000 0 80000264 00168793 r 0f         00000005  addi     x15, x13, 0x1
#11001 0 80000268 00f9a023 m f0041018   00000005  sw       x15, 0x0(x19)
#11002 0 8000026c 00170793 r 0f         0000005f  addi     x15, x14, 0x1
#11003 0 80000270 00fa2223 m f0041014   0000005f  sw       x15, 0x4(x20)
#11004 0 80000274     44d2 r 09         00000005  c.lwsp   x9, 0x14
#11005 0 80000276     4942 r 12         f0041020  c.lwsp   x18, 0x10
#11006 0 80000278     49b2 r 13         f0041028  c.lwsp   x19, 0xc
#11007 0 8000027a     4a22 r 14         f0041010  c.lwsp   x20, 0x8
#11008 0 8000027c     6105 r 02         f0040ff0  c.addi16sp 0x2
#11009 0 8000027e     8082 r 00         00000000  c.jr     x1
#11010 0 80000222     874e r 0e         f0041028  c.mv     x14, x19
#11011 0 80000224     86a2 r 0d         f0041018  c.mv     x13, x8
#11012 0 80000226     864a r 0c         f0041020  c.mv     x12, x18
#11013 0 80000228     4585 r 0b         00000001  c.li     x11, 0x1
#11014 0 8000022a     8552 r 0a         f0041010  c.mv     x10, x20
#11015 0 8000022c     37e9 r 01         8000022e  c.jal    . - 0x36
#11016 0 800001f6     1101 r 02         f0040fd0  c.addi   x2, -0x20
#11017 0 800001f8     cc22 m f0040fe8   f0041018  c.swsp   x8, 0x18
#11018 0 800001fa     ca26 m f0040fe4   00000005  c.swsp   x9, 0x14
#11019 0 800001fc     c84a m f0040fe0   f0041020  c.swsp   x18, 0x10
#11020 0 800001fe     c64e m f0040fdc   f0041028  c.swsp   x19, 0xc
#11021 0 80000200     c452 m f0040fd8   f0041010  c.swsp   x20, 0x8
#11022 0 80000202     ce06 m f0040fec   8000022e  c.swsp   x1, 0x1c
#11023 0 80000204     4785 r 0f         00000001  c.li     x15, 0x1
#11024 0 80000206     8a2a r 14         f0041010  c.mv     x20, x10
#11025 0 80000208     8932 r 12         f0041020  c.mv     x18, x12
#11026 0 8000020a     89ba r 13         f0041028  c.mv     x19, x14
#11027 0 8000020c     84ae r 09         00000001  c.mv     x9, x11
#11028 0 8000020e     8436 r 08         f0041018  c.mv     x8, x13
#11029 0 80000210 02f58663 r 00         00000000  beq      x11, x15, . + 0x2c
#11030 0 8000023c     8432 r 08         f0041020  c.mv     x8, x12
#11031 0 8000023e     405c r 0f         f0040008  c.lw     x15, 0x4(x8)
#11032 0 80000240     4014 r 0d         00000001  c.lw     x13, 0x0(x8)
#11033 0 80000242 004a2703 r 0e         0000005f  lw       x14, 0x4(x20)
#11034 0 80000246     43cc r 0b         00000000  c.lw     x11, 0x4(x15)
#11035 0 80000248     4390 r 0c         00000006  c.lw     x12, 0x0(x15)
#11036 0 8000024a     16fd r 0d         00000000  c.addi   x13, -0x1
#11037 0 8000024c     c04c m f0041024   00000000  c.sw     x11, 0x4(x8)
#11038 0 8000024e 0049a583 r 0b         f0040000  lw       x11, 0x4(x19)
#11039 0 80000252     c014 m f0041020   00000000  c.sw     x13, 0x0(x8)
#11040 0 80000254 0009a683 r 0d         00000001  lw       x13, 0x0(x19)
#11041 0 80000258     c3cc m f004000c   f0040000  c.sw     x11, 0x4(x15)
#11042 0 8000025a 00f9a223 m f004102c   f0040008  sw       x15, 0x4(x19)
#11043 0 8000025e     c390 m f0040008   00000006  c.sw     x12, 0x0(x15)
#11044 0 80000260     40f2 r 01         8000022e  c.lwsp   x1, 0x1c
#11045 0 80000262     4462 r 08         f0041018  c.lwsp   x8, 0x18
#11046 0 80000264 00168793 r 0f         00000002  addi     x15, x13, 0x1
#11047 0 80000268 00f9a023 m f0041028   00000002  sw       x15, 0x0(x19)
#11048 0 8000026c 00170793 r 0f         00000060  addi     x15, x14, 0x1
#11049 0 80000270 00fa2223 m f0041014   00000060  sw       x15, 0x4(x20)
#11050 0 80000274     44d2 r 09         00000005  c.lwsp   x9, 0x14
#11051 0 80000276     4942 r 12         f0041020  c.lwsp   x18, 0x10
#11052 0 80000278     49b2 r 13         f0041028  c.lwsp   x19, 0xc
#11053 0 8000027a     4a22 r 14         f0041010  c.lwsp   x20, 0x8
#11054 0 8000027c     6105 r 02         f0040ff0  c.addi16sp 0x2
#11055 0 8000027e     8082 r 00         00000000  c.jr     x1
#11056 0 8000022e     4785 r 0f         00000001  c.li     x15, 0x1
#11057 0 80000230     874a r 0e         f0041020  c.mv     x14, x18
#11058 0 80000232 00f48663 r 00         00000000  beq      x9, x15, . + 0xc
#11059 0 80000236     8922 r 12         f0041018  c.mv     x18, x8
#11060 0 80000238     843a r 08         f0041020  c.mv     x8, x14
#11061 0 8000023a     bfe9 r 00         00000000  c.j      . - 0x26
#11062 0 80000214     14fd r 09         00000004  c.addi   x9, -0x1
#11063 0 80000216     85a6 r 0b         00000004  c.mv     x11, x9
#11064 0 80000218     8552 r 0a         f0041010  c.mv     x10, x20
#11065 0 8000021a     8722 r 0e         f0041020  c.mv     x14, x8
#11066 0 8000021c     86ce r 0d         f0041028  c.mv     x13, x19
#11067 0 8000021e     864a r 0c         f0041018  c.mv     x12, x18
#11068 0 80000220     3fd9 r 01         80000222  c.jal    . - 0x2a
#11069 0 800001f6     1101 r 02         f0040fd0  c.addi   x2, -0x20
#11070 0 800001f8     cc22 m f0040fe8   f0041020  c.swsp   x8, 0x18
#11071 0 800001fa     ca26 m f0040fe4   00000004  c.swsp   x9, 0x14
#11072 0 800001fc     c84a m f0040fe0   f0041018  c.swsp   x18, 0x10
#11073 0 800001fe     c64e m f0040fdc   f0041028  c.swsp   x19, 0xc
#11074 0 80000200     c452 m f0040fd8   f0041010  c.swsp   x20, 0x8
#11075 0 80000202     ce06 m f0040fec   80000222  c.swsp   x1, 0x1c
#11076 0 80000204     4785 r 0f         00000001  c.li     x15, 0x1
#11077 0 80000206     8a2a r 14         f0041010  c.mv     x20, x10
#11078 0 80000208     8932 r 12         f0041018  c.mv     x18, x12
#11079 0 8000020a     89ba r 13         f0041020  c.mv     x19, x14
#11080 0 8000020c     84ae r 09         00000004  c.mv     x9, x11
#11081 0 8000020e     8436 r 08         f0041028  c.mv     x8, x13
#11082 0 80000210 02f58663 r 00         00000000  beq      x11, x15, . + 0x2c
#11083 0 80000214     14fd r 09         00000003  c.addi   x9, -0x1
#11084 0 80000216     85a6 r 0b         00000003  c.mv     x11, x9
#11085 0 80000218     8552 r 0a         f0041010  c.mv     x10, x20
#11086 0 8000021a     8722 r 0e         f0041028  c.mv     x14, x8
#11087 0 8000021c     86ce r 0d         f0041020  c.mv     x13, x19
#11088 0 8000021e     864a r 0c         f0041018  c.mv     x12, x18
#11089 0 80000220     3fd9 r 01         80000222  c.jal    . - 0x2a
#11090 0 800001f6     1101 r 02         f0040fb0  c.addi   x2, -0x20
#11091 0 800001f8     cc22 m f0040fc8   f0041028  c.swsp   x8, 0x18
#11092 0 800001fa     ca26 m f0040fc4   00000003  c.swsp   x9, 0x14
#11093 0 800001fc     c84a m f0040fc0   f0041018  c.swsp   x18, 0x10
#11094 0 800001fe     c64e m f0040fbc   f0041020  c.swsp   x19, 0xc
#11095 0 80000200     c452 m f0040fb8   f0041010  c.swsp   x20, 0x8
#11096 0 80000202     ce06 m f0040fcc   80000222  c.swsp   x1, 0x1c
#11097 0 80000204     4785 r 0f         00000001  c.li     x15, 0x1
#11098 0 80000206     8a2a r 14         f0041010  c.mv     x20, x10
#11099 0 80000208     8932 r 12         f0041018  c.mv     x18, x12
#11100 0 8000020a     89ba r 13         f0041028  c.mv     x19, x14
#11101 0 8000020c     84ae r 09         00000003  c.mv     x9, x11
#11102 0 8000020e     8436 r 08         f0041020  c.mv     x8, x13
#11103 0 80000210 02f58663 r 00         00000000  beq      x11, x15, . + 0x2c
#11104 0 80000214     14fd r 09         00000002  c.addi   x9, -0x1
#11105 0 80000216     85a6 r 0b         00000002  c.mv     x11, x9
#11106 0 80000218     8552 r 0a         f0041010  c.mv     x10, x20
#11107 0 8000021a     8722 r 0e         f0041020  c.mv     x14, x8
#11108 0 8000021c     86ce r 0d         f0041028  c.mv     x13, x19
#11109 0 8000021e     864a r 0c         f0041018  c.mv     x12, x18
#11110 0 80000220     3fd9 r 01         80000222  c.jal    . - 0x2a
#11111 0 800001f6     1101 r 02         f0040f90  c.addi   x2, -0x20
#11112 0 800001f8     cc22 m f0040fa8   f0041020  c.swsp   x8, 0x18
#11113 0 800001fa     ca26 m f0040fa4   00000002  c.swsp   x9, 0x14
#11114 0 800001fc     c84a m f0040fa0   f0041018  c.swsp   x18, 0x10
#11115 0 800001fe     c64e m f0040f9c   f0041028  c.swsp   x19, 0xc
#11116 0 80000200     c452 m f0040f98   f0041010  c.swsp   x20, 0x8
#11117 0 80000202     ce06 m f0040fac   80000222  c.swsp   x1, 0x1c
#11118 0 80000204     4785 r 0f         00000001  c.li     x15, 0x1
#11119 0 80000206     8a2a r 14         f0041010  c.mv     x20, x10
#11120 0 80000208     8932 r 12         f0041018  c.mv     x18, x12
#11121 0 8000020a     89ba r 13         f0041020  c.mv     x19, x14
#11122 0 8000020c     84ae r 09         00000002  c.mv     x9, x11
#11123 0 8000020e     8436 r 08         f0041028  c.mv     x8, x13
#11124 0 80000210 02f58663 r 00         00000000  beq      x11, x15, . + 0x2c
#11125 0 80000214     14fd r 09         00000001  c.addi   x9, -0x1
#11126 0 80000216     85a6 r 0b         00000001  c.mv     x11, x9
#11127 0 80000218     8552 r 0a         f0041010  c.mv     x10, x20
#11128 0 8000021a     8722 r 0e         f0041028  c.mv     x14, x8
#11129 0 8000021c     86ce r 0d         f0041020  c.mv     x13, x19
#11130 0 8000021e     864a r 0c         f0041018  c.mv     x12, x18
#11131 0 80000220     3fd9 r 01         80000222  c.jal    . - 0x2a
#11132 0 800001f6     1101 r 02         f0040f70  c.addi   x2, -0x20
#11133 0 800001f8     cc22 m f0040f88   f0041028  c.swsp   x8, 0x18
#11134 0 800001fa     ca26 m f0040f84   00000001  c.swsp   x9, 0x14
#11135 0 800001fc     c84a m f0040f80   f0041018  c.swsp   x18, 0x10
#11136 0 800001fe     c64e m f0040f7c   f0041020  c.swsp   x19, 0xc
#11137 0 80000200     c452 m f0040f78   f0041010  c.swsp   x20, 0x8
#11138 0 80000202     ce06 m f0040f8c   80000222  c.swsp   x1, 0x1c
#11139 0 80000204     4785 r 0f         00000001  c.li     x15, 0x1
#11140 0 80000206     8a2a r 14         f0041010  c.mv     x20, x10
#11141 0 80000208     8932 r 12         f0041018  c.mv     x18, x12
#11142 0 8000020a     89ba r 13         f0041028  c.mv     x19, x14
#11143 0 8000020c     84ae r 09         00000001  c.mv     x9, x11
#11144 0 8000020e     8436 r 08         f0041020  c.mv     x8, x13
#11145 0 80000210 02f58663 r 00         00000000  beq      x11, x15, . + 0x2c
#11146 0 8000023c     8432 r 08         f0041018  c.mv     x8, x12
#11147 0 8000023e     405c r 0f         f0040030  c.lw     x15, 0x4(x8)
#11148 0 80000240     4014 r 0d         00000005  c.lw     x13, 0x0(x8)
#11149 0 80000242 004a2703 r 0e         00000060  lw       x14, 0x4(x20)
#11150 0 80000246     43cc r 0b         f0040028  c.lw     x11, 0x4(x15)
#11151 0 80000248     4390 r 0c         00000001  c.lw     x12, 0x0(x15)
#11152 0 8000024a     16fd r 0d         00000004  c.addi   x13, -0x1
#11153 0 8000024c     c04c m f004101c   f0040028  c.sw     x11, 0x4(x8)
#11154 0 8000024e 0049a583 r 0b         f0040008  lw       x11, 0x4(x19)
#11155 0 80000252     c014 m f0041018   00000004  c.sw     x13, 0x0(x8)
#11156 0 80000254 0009a683 r 0d         00000002  lw       x13, 0x0(x19)
#11157 0 80000258     c3cc m f0040034   f0040008  c.sw     x11, 0x4(x15)
#11158 0 8000025a 00f9a223 m f004102c   f0040030  sw       x15, 0x4(x19)
#11159 0 8000025e     c390 m f0040030   00000001  c.sw     x12, 0x0(x15)
#11160 0 80000260     40f2 r 01         80000222  c.lwsp   x1, 0x1c
#11161 0 80000262     4462 r 08         f0041028  c.lwsp   x8, 0x18
#11162 0 80000264 00168793 r 0f         00000003  addi     x15, x13, 0x1
#11163 0 80000268 00f9a023 m f0041028   00000003  sw       x15, 0x0(x19)
#11164 0 8000026c 00170793 r 0f         00000061  addi     x15, x14, 0x1
#11165 0 80000270 00fa2223 m f0041014   00000061  sw       x15, 0x4(x20)
#11166 0 80000274     44d2 r 09         00000001  c.lwsp   x9, 0x14
#11167 0 80000276     4942 r 12         f0041018  c.lwsp   x18, 0x10
#11168 0 80000278     49b2 r 13         f0041020  c.lwsp   x19, 0xc
#11169 0 8000027a     4a22 r 14         f0041010  c.lwsp   x20, 0x8
#11170 0 8000027c     6105 r 02         f0040f90  c.addi16sp 0x2
#11171 0 8000027e     8082 r 00         00000000  c.jr     x1
#11172 0 80000222     874e r 0e         f0041020  c.mv     x14, x19
#11173 0 80000224     86a2 r 0d         f0041028  c.mv     x13, x8
#11174 0 80000226     864a r 0c         f0041018  c.mv     x12, x18
#11175 0 80000228     4585 r 0b         00000001  c.li     x11, 0x1
#11176 0 8000022a     8552 r 0a         f0041010  c.mv     x10, x20
#11177 0 8000022c     37e9 r 01         8000022e  c.jal    . - 0x36
#11178 0 800001f6     1101 r 02         f0040f70  c.addi   x2, -0x20
#11179 0 800001f8     cc22 m f0040f88   f0041028  c.swsp   x8, 0x18
#11180 0 800001fa     ca26 m f0040f84   00000001  c.swsp   x9, 0x14
#11181 0 800001fc     c84a m f0040f80   f0041018  c.swsp   x18, 0x10
#11182 0 800001fe     c64e m f0040f7c   f0041020  c.swsp   x19, 0xc
#11183 0 80000200     c452 m f0040f78   f0041010  c.swsp   x20, 0x8
#11184 0 80000202     ce06 m f0040f8c   8000022e  c.swsp   x1, 0x1c
#11185 0 80000204     4785 r 0f         00000001  c.li     x15, 0x1
#11186 0 80000206     8a2a r 14         f0041010  c.mv     x20, x10
#11187 0 80000208     8932 r 12         f0041018  c.mv     x18, x12
#11188 0 8000020a     89ba r 13         f0041020  c.mv     x19, x14
#11189 0 8000020c     84ae r 09         00000001  c.mv     x9, x11
#11190 0 8000020e     8436 r 08         f0041028  c.mv     x8, x13
#11191 0 80000210 02f58663 r 00         00000000  beq      x11, x15, . + 0x2c
#11192 0 8000023c     8432 r 08         f0041018  c.mv     x8, x12
#11193 0 8000023e     405c r 0f         f0040028  c.lw     x15, 0x4(x8)
#11194 0 80000240     4014 r 0d         00000004  c.lw     x13, 0x0(x8)
#11195 0 80000242 004a2703 r 0e         00000061  lw       x14, 0x4(x20)
#11196 0 80000246     43cc r 0b         f0040020  c.lw     x11, 0x4(x15)
#11197 0 80000248     4390 r 0c         00000002  c.lw     x12, 0x0(x15)
#11198 0 8000024a     16fd r 0d         00000003  c.addi   x13, -0x1
#11199 0 8000024c     c04c m f004101c   f0040020  c.sw     x11, 0x4(x8)
#11200 0 8000024e 0049a583 r 0b         00000000  lw       x11, 0x4(x19)
#11201 0 80000252     c014 m f0041018   00000003  c.sw     x13, 0x0(x8)
#11202 0 80000254 0009a683 r 0d         00000000  lw       x13, 0x0(x19)
#11203 0 80000258     c3cc m f004002c   00000000  c.sw     x11, 0x4(x15)
#11204 0 8000025a 00f9a223 m f0041024   f0040028  sw       x15, 0x4(x19)
#11205 0 8000025e     c390 m f0040028   00000002  c.sw     x12, 0x0(x15)
#11206 0 80000260     40f2 r 01         8000022e  c.lwsp   x1, 0x1c
#11207 0 80000262     4462 r 08         f0041028  c.lwsp   x8, 0x18
#11208 0 80000264 00168793 r 0f         00000001  addi     x15, x13, 0x1
#11209 0 80000268 00f9a023 m f0041020   00000001  sw       x15, 0x0(x19)
#11210 0 8000026c 00170793 r 0f         00000062  addi     x15, x14, 0x1
#11211 0 80000270 00fa2223 m f0041014   00000062  sw       x15, 0x4(x20)
#11212 0 80000274     44d2 r 09         00000001  c.lwsp   x9, 0x14
#11213 0 80000276     4942 r 12         f0041018  c.lwsp   x18, 0x10
#11214 0 80000278     49b2 r 13         f0041020  c.lwsp   x19, 0xc
#11215 0 8000027a     4a22 r 14         f0041010  c.lwsp   x20, 0x8
#11216 0 8000027c     6105 r 02         f0040f90  c.addi16sp 0x2
#11217 0 8000027e     8082 r 00         00000000  c.jr     x1
#11218 0 8000022e     4785 r 0f         00000001  c.li     x15, 0x1
#11219 0 80000230     874a r 0e         f0041018  c.mv     x14, x18
#11220 0 80000232 00f48663 r 00         00000000  beq      x9, x15, . + 0xc
#11221 0 8000023e     405c r 0f         f0040030  c.lw     x15, 0x4(x8)
#11222 0 80000240     4014 r 0d         00000003  c.lw     x13, 0x0(x8)
#11223 0 80000242 004a2703 r 0e         00000062  lw       x14, 0x4(x20)
#11224 0 80000246     43cc r 0b         f0040008  c.lw     x11, 0x4(x15)
#11225 0 80000248     4390 r 0c         00000001  c.lw     x12, 0x0(x15)
#11226 0 8000024a     16fd r 0d         00000002  c.addi   x13, -0x1
#11227 0 8000024c     c04c m f004102c   f0040008  c.sw     x11, 0x4(x8)
#11228 0 8000024e 0049a583 r 0b         f0040028  lw       x11, 0x4(x19)
#11229 0 80000252     c014 m f0041028   00000002  c.sw     x13, 0x0(x8)
#11230 0 80000254 0009a683 r 0d         00000001  lw       x13, 0x0(x19)
#11231 0 80000258     c3cc m f0040034   f0040028  c.sw     x11, 0x4(x15)
#11232 0 8000025a 00f9a223 m f0041024   f0040030  sw       x15, 0x4(x19)
#11233 0 8000025e     c390 m f0040030   00000001  c.sw     x12, 0x0(x15)
#11234 0 80000260     40f2 r 01         80000222  c.lwsp   x1, 0x1c
#11235 0 80000262     4462 r 08         f0041020  c.lwsp   x8, 0x18
#11236 0 80000264 00168793 r 0f         00000002  addi     x15, x13, 0x1
#11237 0 80000268 00f9a023 m f0041020   00000002  sw       x15, 0x0(x19)
#11238 0 8000026c 00170793 r 0f         00000063  addi     x15, x14, 0x1
#11239 0 80000270 00fa2223 m f0041014   00000063  sw       x15, 0x4(x20)
#11240 0 80000274     44d2 r 09         00000002  c.lwsp   x9, 0x14
#11241 0 80000276     4942 r 12         f0041018  c.lwsp   x18, 0x10
#11242 0 80000278     49b2 r 13         f0041028  c.lwsp   x19, 0xc
#11243 0 8000027a     4a22 r 14         f0041010  c.lwsp   x20, 0x8
#11244 0 8000027c     6105 r 02         f0040fb0  c.addi16sp 0x2
#11245 0 8000027e     8082 r 00         00000000  c.jr     x1
#11246 0 80000222     874e r 0e         f0041028  c.mv     x14, x19
#11247 0 80000224     86a2 r 0d         f0041020  c.mv     x13, x8
#11248 0 80000226     864a r 0c         f0041018  c.mv     x12, x18
#11249 0 80000228     4585 r 0b         00000001  c.li     x11, 0x1
#11250 0 8000022a     8552 r 0a         f0041010  c.mv     x10, x20
#11251 0 8000022c     37e9 r 01         8000022e  c.jal    . - 0x36
#11252 0 800001f6     1101 r 02         f0040f90  c.addi   x2, -0x20
#11253 0 800001f8     cc22 m f0040fa8   f0041020  c.swsp   x8, 0x18
#11254 0 800001fa     ca26 m f0040fa4   00000002  c.swsp   x9, 0x14
#11255 0 800001fc     c84a m f0040fa0   f0041018  c.swsp   x18, 0x10
#11256 0 800001fe     c64e m f0040f9c   f0041028  c.swsp   x19, 0xc
#11257 0 80000200     c452 m f0040f98   f0041010  c.swsp   x20, 0x8
#11258 0 80000202     ce06 m f0040fac   8000022e  c.swsp   x1, 0x1c
#11259 0 80000204     4785 r 0f         00000001  c.li     x15, 0x1
#11260 0 80000206     8a2a r 14         f0041010  c.mv     x20, x10
#11261 0 80000208     8932 r 12         f0041018  c.mv     x18, x12
#11262 0 8000020a     89ba r 13         f0041028  c.mv     x19, x14
#11263 0 8000020c     84ae r 09         00000001  c.mv     x9, x11
#11264 0 8000020e     8436 r 08         f0041020  c.mv     x8, x13
#11265 0 80000210 02f58663 r 00         00000000  beq      x11, x15, . + 0x2c
#11266 0 8000023c     8432 r 08         f0041018  c.mv     x8, x12
#11267 0 8000023e     405c r 0f         f0040020  c.lw     x15, 0x4(x8)
#11268 0 80000240     4014 r 0d         00000003  c.lw     x13, 0x0(x8)
#11269 0 80000242 004a2703 r 0e         00000063  lw       x14, 0x4(x20)
#11270 0 80000246     43cc r 0b         f0040018  c.lw     x11, 0x4(x15)
#11271 0 80000248     4390 r 0c         00000003  c.lw     x12, 0x0(x15)
#11272 0 8000024a     16fd r 0d         00000002  c.addi   x13, -0x1
#11273 0 8000024c     c04c m f004101c   f0040018  c.sw     x11, 0x4(x8)
#11274 0 8000024e 0049a583 r 0b         f0040008  lw       x11, 0x4(x19)
#11275 0 80000252     c014 m f0041018   00000002  c.sw     x13, 0x0(x8)
#11276 0 80000254 0009a683 r 0d         00000002  lw       x13, 0x0(x19)
#11277 0 80000258     c3cc m f0040024   f0040008  c.sw     x11, 0x4(x15)
#11278 0 8000025a 00f9a223 m f004102c   f0040020  sw       x15, 0x4(x19)
#11279 0 8000025e     c390 m f0040020   00000003  c.sw     x12, 0x0(x15)
#11280 0 80000260     40f2 r 01         8000022e  c.lwsp   x1, 0x1c
#11281 0 80000262     4462 r 08         f0041020  c.lwsp   x8, 0x18
#11282 0 80000264 00168793 r 0f         00000003  addi     x15, x13, 0x1
#11283 0 80000268 00f9a023 m f0041028   00000003  sw       x15, 0x0(x19)
#11284 0 8000026c 00170793 r 0f         00000064  addi     x15, x14, 0x1
#11285 0 80000270 00fa2223 m f0041014   00000064  sw       x15, 0x4(x20)
#11286 0 80000274     44d2 r 09         00000002  c.lwsp   x9, 0x14
#11287 0 80000276     4942 r 12         f0041018  c.lwsp   x18, 0x10
#11288 0 80000278     49b2 r 13         f0041028  c.lwsp   x19, 0xc
#11289 0 8000027a     4a22 r 14         f0041010  c.lwsp   x20, 0x8
#11290 0 8000027c     6105 r 02         f0040fb0  c.addi16sp 0x2
#11291 0 8000027e     8082 r 00         00000000  c.jr     x1
#11292 0 8000022e     4785 r 0f         00000001  c.li     x15, 0x1
#11293 0 80000230     874a r 0e         f0041018  c.mv     x14, x18
#11294 0 80000232 00f48663 r 00         00000000  beq      x9, x15, . + 0xc
#11295 0 80000236     8922 r 12         f0041020  c.mv     x18, x8
#11296 0 80000238     843a r 08         f0041018  c.mv     x8, x14
#11297 0 8000023a     bfe9 r 00         00000000  c.j      . - 0x26
#11298 0 80000214     14fd r 09         00000001  c.addi   x9, -0x1
#11299 0 80000216     85a6 r 0b         00000001  c.mv     x11, x9
#11300 0 80000218     8552 r 0a         f0041010  c.mv     x10, x20
#11301 0 8000021a     8722 r 0e         f0041018  c.mv     x14, x8
#11302 0 8000021c     86ce r 0d         f0041028  c.mv     x13, x19
#11303 0 8000021e     864a r 0c         f0041020  c.mv     x12, x18
#11304 0 80000220     3fd9 r 01         80000222  c.jal    . - 0x2a
#11305 0 800001f6     1101 r 02         f0040f90  c.addi   x2, -0x20
#11306 0 800001f8     cc22 m f0040fa8   f0041018  c.swsp   x8, 0x18
#11307 0 800001fa     ca26 m f0040fa4   00000001  c.swsp   x9, 0x14
#11308 0 800001fc     c84a m f0040fa0   f0041020  c.swsp   x18, 0x10
#11309 0 800001fe     c64e m f0040f9c   f0041028  c.swsp   x19, 0xc
#11310 0 80000200     c452 m f0040f98   f0041010  c.swsp   x20, 0x8
#11311 0 80000202     ce06 m f0040fac   80000222  c.swsp   x1, 0x1c
#11312 0 80000204     4785 r 0f         00000001  c.li     x15, 0x1
#11313 0 80000206     8a2a r 14         f0041010  c.mv     x20, x10
#11314 0 80000208     8932 r 12         f0041020  c.mv     x18, x12
#11315 0 8000020a     89ba r 13         f0041018  c.mv     x19, x14
#11316 0 8000020c     84ae r 09         00000001  c.mv     x9, x11
#11317 0 8000020e     8436 r 08         f0041028  c.mv     x8, x13
#11318 0 80000210 02f58663 r 00         00000000  beq      x11, x15, . + 0x2c
#11319 0 8000023c     8432 r 08         f0041020  c.mv     x8, x12
#11320 0 8000023e     405c r 0f         f0040030  c.lw     x15, 0x4(x8)
#11321 0 80000240     4014 r 0d         00000002  c.lw     x13, 0x0(x8)
#11322 0 80000242 004a2703 r 0e         00000064  lw       x14, 0x4(x20)
#11323 0 80000246     43cc r 0b         f0040028  c.lw     x11, 0x4(x15)
#11324 0 80000248     4390 r 0c         00000001  c.lw     x12, 0x0(x15)
#11325 0 8000024a     16fd r 0d         00000001  c.addi   x13, -0x1
#11326 0 8000024c     c04c m f0041024   f0040028  c.sw     x11, 0x4(x8)
#11327 0 8000024e 0049a583 r 0b         f0040018  lw       x11, 0x4(x19)
#11328 0 80000252     c014 m f0041020   00000001  c.sw     x13, 0x0(x8)
#11329 0 80000254 0009a683 r 0d         00000002  lw       x13, 0x0(x19)
#11330 0 80000258     c3cc m f0040034   f0040018  c.sw     x11, 0x4(x15)
#11331 0 8000025a 00f9a223 m f004101c   f0040030  sw       x15, 0x4(x19)
#11332 0 8000025e     c390 m f0040030   00000001  c.sw     x12, 0x0(x15)
#11333 0 80000260     40f2 r 01         80000222  c.lwsp   x1, 0x1c
#11334 0 80000262     4462 r 08         f0041018  c.lwsp   x8, 0x18
#11335 0 80000264 00168793 r 0f         00000003  addi     x15, x13, 0x1
#11336 0 80000268 00f9a023 m f0041018   00000003  sw       x15, 0x0(x19)
#11337 0 8000026c 00170793 r 0f         00000065  addi     x15, x14, 0x1
#11338 0 80000270 00fa2223 m f0041014   00000065  sw       x15, 0x4(x20)
#11339 0 80000274     44d2 r 09         00000001  c.lwsp   x9, 0x14
#11340 0 80000276     4942 r 12         f0041020  c.lwsp   x18, 0x10
#11341 0 80000278     49b2 r 13         f0041028  c.lwsp   x19, 0xc
#11342 0 8000027a     4a22 r 14         f0041010  c.lwsp   x20, 0x8
#11343 0 8000027c     6105 r 02         f0040fb0  c.addi16sp 0x2
#11344 0 8000027e     8082 r 00         00000000  c.jr     x1
#11345 0 80000222     874e r 0e         f0041028  c.mv     x14, x19
#11346 0 80000224     86a2 r 0d         f0041018  c.mv     x13, x8
#11347 0 80000226     864a r 0c         f0041020  c.mv     x12, x18
#11348 0 80000228     4585 r 0b         00000001  c.li     x11, 0x1
#11349 0 8000022a     8552 r 0a         f0041010  c.mv     x10, x20
#11350 0 8000022c     37e9 r 01         8000022e  c.jal    . - 0x36
#11351 0 800001f6     1101 r 02         f0040f90  c.addi   x2, -0x20
#11352 0 800001f8     cc22 m f0040fa8   f0041018  c.swsp   x8, 0x18
#11353 0 800001fa     ca26 m f0040fa4   00000001  c.swsp   x9, 0x14
#11354 0 800001fc     c84a m f0040fa0   f0041020  c.swsp   x18, 0x10
#11355 0 800001fe     c64e m f0040f9c   f0041028  c.swsp   x19, 0xc
#11356 0 80000200     c452 m f0040f98   f0041010  c.swsp   x20, 0x8
#11357 0 80000202     ce06 m f0040fac   8000022e  c.swsp   x1, 0x1c
#11358 0 80000204     4785 r 0f         00000001  c.li     x15, 0x1
#11359 0 80000206     8a2a r 14         f0041010  c.mv     x20, x10
#11360 0 80000208     8932 r 12         f0041020  c.mv     x18, x12
#11361 0 8000020a     89ba r 13         f0041028  c.mv     x19, x14
#11362 0 8000020c     84ae r 09         00000001  c.mv     x9, x11
#11363 0 8000020e     8436 r 08         f0041018  c.mv     x8, x13
#11364 0 80000210 02f58663 r 00         00000000  beq      x11, x15, . + 0x2c
#11365 0 8000023c     8432 r 08         f0041020  c.mv     x8, x12
#11366 0 8000023e     405c r 0f         f0040028  c.lw     x15, 0x4(x8)
#11367 0 80000240     4014 r 0d         00000001  c.lw     x13, 0x0(x8)
#11368 0 80000242 004a2703 r 0e         00000065  lw       x14, 0x4(x20)
#11369 0 80000246     43cc r 0b         00000000  c.lw     x11, 0x4(x15)
#11370 0 80000248     4390 r 0c         00000002  c.lw     x12, 0x0(x15)
#11371 0 8000024a     16fd r 0d         00000000  c.addi   x13, -0x1
#11372 0 8000024c     c04c m f0041024   00000000  c.sw     x11, 0x4(x8)
#11373 0 8000024e 0049a583 r 0b         f0040020  lw       x11, 0x4(x19)
#11374 0 80000252     c014 m f0041020   00000000  c.sw     x13, 0x0(x8)
#11375 0 80000254 0009a683 r 0d         00000003  lw       x13, 0x0(x19)
#11376 0 80000258     c3cc m f004002c   f0040020  c.sw     x11, 0x4(x15)
#11377 0 8000025a 00f9a223 m f004102c   f0040028  sw       x15, 0x4(x19)
#11378 0 8000025e     c390 m f0040028   00000002  c.sw     x12, 0x0(x15)
#11379 0 80000260     40f2 r 01         8000022e  c.lwsp   x1, 0x1c
#11380 0 80000262     4462 r 08         f0041018  c.lwsp   x8, 0x18
#11381 0 80000264 00168793 r 0f         00000004  addi     x15, x13, 0x1
#11382 0 80000268 00f9a023 m f0041028   00000004  sw       x15, 0x0(x19)
#11383 0 8000026c 00170793 r 0f         00000066  addi     x15, x14, 0x1
#11384 0 80000270 00fa2223 m f0041014   00000066  sw       x15, 0x4(x20)
#11385 0 80000274     44d2 r 09         00000001  c.lwsp   x9, 0x14
#11386 0 80000276     4942 r 12         f0041020  c.lwsp   x18, 0x10
#11387 0 80000278     49b2 r 13         f0041028  c.lwsp   x19, 0xc
#11388 0 8000027a     4a22 r 14         f0041010  c.lwsp   x20, 0x8
#11389 0 8000027c     6105 r 02         f0040fb0  c.addi16sp 0x2
#11390 0 8000027e     8082 r 00         00000000  c.jr     x1
#11391 0 8000022e     4785 r 0f         00000001  c.li     x15, 0x1
#11392 0 80000230     874a r 0e         f0041020  c.mv     x14, x18
#11393 0 80000232 00f48663 r 00         00000000  beq      x9, x15, . + 0xc
#11394 0 8000023e     405c r 0f         f0040030  c.lw     x15, 0x4(x8)
#11395 0 80000240     4014 r 0d         00000003  c.lw     x13, 0x0(x8)
#11396 0 80000242 004a2703 r 0e         00000066  lw       x14, 0x4(x20)
#11397 0 80000246     43cc r 0b         f0040018  c.lw     x11, 0x4(x15)
#11398 0 80000248     4390 r 0c         00000001  c.lw     x12, 0x0(x15)
#11399 0 8000024a     16fd r 0d         00000002  c.addi   x13, -0x1
#11400 0 8000024c     c04c m f004101c   f0040018  c.sw     x11, 0x4(x8)
#11401 0 8000024e 0049a583 r 0b         f0040028  lw       x11, 0x4(x19)
#11402 0 80000252     c014 m f0041018   00000002  c.sw     x13, 0x0(x8)
#11403 0 80000254 0009a683 r 0d         00000004  lw       x13, 0x0(x19)
#11404 0 80000258     c3cc m f0040034   f0040028  c.sw     x11, 0x4(x15)
#11405 0 8000025a 00f9a223 m f004102c   f0040030  sw       x15, 0x4(x19)
#11406 0 8000025e     c390 m f0040030   00000001  c.sw     x12, 0x0(x15)
#11407 0 80000260     40f2 r 01         80000222  c.lwsp   x1, 0x1c
#11408 0 80000262     4462 r 08         f0041028  c.lwsp   x8, 0x18
#11409 0 80000264 00168793 r 0f         00000005  addi     x15, x13, 0x1
#11410 0 80000268 00f9a023 m f0041028   00000005  sw       x15, 0x0(x19)
#11411 0 8000026c 00170793 r 0f         00000067  addi     x15, x14, 0x1
#11412 0 80000270 00fa2223 m f0041014   00000067  sw       x15, 0x4(x20)
#11413 0 80000274     44d2 r 09         00000003  c.lwsp   x9, 0x14
#11414 0 80000276     4942 r 12         f0041018  c.lwsp   x18, 0x10
#11415 0 80000278     49b2 r 13         f0041020  c.lwsp   x19, 0xc
#11416 0 8000027a     4a22 r 14         f0041010  c.lwsp   x20, 0x8
#11417 0 8000027c     6105 r 02         f0040fd0  c.addi16sp 0x2
#11418 0 8000027e     8082 r 00         00000000  c.jr     x1
#11419 0 80000222     874e r 0e         f0041020  c.mv     x14, x19
#11420 0 80000224     86a2 r 0d         f0041028  c.mv     x13, x8
#11421 0 80000226     864a r 0c         f0041018  c.mv     x12, x18
#11422 0 80000228     4585 r 0b         00000001  c.li     x11, 0x1
#11423 0 8000022a     8552 r 0a         f0041010  c.mv     x10, x20
#11424 0 8000022c     37e9 r 01         8000022e  c.jal    . - 0x36
#11425 0 800001f6     1101 r 02         f0040fb0  c.addi   x2, -0x20
#11426 0 800001f8     cc22 m f0040fc8   f0041028  c.swsp   x8, 0x18
#11427 0 800001fa     ca26 m f0040fc4   00000003  c.swsp   x9, 0x14
#11428 0 800001fc     c84a m f0040fc0   f0041018  c.swsp   x18, 0x10
#11429 0 800001fe     c64e m f0040fbc   f0041020  c.swsp   x19, 0xc
#11430 0 80000200     c452 m f0040fb8   f0041010  c.swsp   x20, 0x8
#11431 0 80000202     ce06 m f0040fcc   8000022e  c.swsp   x1, 0x1c
#11432 0 80000204     4785 r 0f         00000001  c.li     x15, 0x1
#11433 0 80000206     8a2a r 14         f0041010  c.mv     x20, x10
#11434 0 80000208     8932 r 12         f0041018  c.mv     x18, x12
#11435 0 8000020a     89ba r 13         f0041020  c.mv     x19, x14
#11436 0 8000020c     84ae r 09         00000001  c.mv     x9, x11
#11437 0 8000020e     8436 r 08         f0041028  c.mv     x8, x13
#11438 0 80000210 02f58663 r 00         00000000  beq      x11, x15, . + 0x2c
#11439 0 8000023c     8432 r 08         f0041018  c.mv     x8, x12
#11440 0 8000023e     405c r 0f         f0040018  c.lw     x15, 0x4(x8)
#11441 0 80000240     4014 r 0d         00000002  c.lw     x13, 0x0(x8)
#11442 0 80000242 004a2703 r 0e         00000067  lw       x14, 0x4(x20)
#11443 0 80000246     43cc r 0b         f0040010  c.lw     x11, 0x4(x15)
#11444 0 80000248     4390 r 0c         00000004  c.lw     x12, 0x0(x15)
#11445 0 8000024a     16fd r 0d         00000001  c.addi   x13, -0x1
#11446 0 8000024c     c04c m f004101c   f0040010  c.sw     x11, 0x4(x8)
#11447 0 8000024e 0049a583 r 0b         00000000  lw       x11, 0x4(x19)
#11448 0 80000252     c014 m f0041018   00000001  c.sw     x13, 0x0(x8)
#11449 0 80000254 0009a683 r 0d         00000000  lw       x13, 0x0(x19)
#11450 0 80000258     c3cc m f004001c   00000000  c.sw     x11, 0x4(x15)
#11451 0 8000025a 00f9a223 m f0041024   f0040018  sw       x15, 0x4(x19)
#11452 0 8000025e     c390 m f0040018   00000004  c.sw     x12, 0x0(x15)
#11453 0 80000260     40f2 r 01         8000022e  c.lwsp   x1, 0x1c
#11454 0 80000262     4462 r 08         f0041028  c.lwsp   x8, 0x18
#11455 0 80000264 00168793 r 0f         00000001  addi     x15, x13, 0x1
#11456 0 80000268 00f9a023 m f0041020   00000001  sw       x15, 0x0(x19)
#11457 0 8000026c 00170793 r 0f         00000068  addi     x15, x14, 0x1
#11458 0 80000270 00fa2223 m f0041014   00000068  sw       x15, 0x4(x20)
#11459 0 80000274     44d2 r 09         00000003  c.lwsp   x9, 0x14
#11460 0 80000276     4942 r 12         f0041018  c.lwsp   x18, 0x10
#11461 0 80000278     49b2 r 13         f0041020  c.lwsp   x19, 0xc
#11462 0 8000027a     4a22 r 14         f0041010  c.lwsp   x20, 0x8
#11463 0 8000027c     6105 r 02         f0040fd0  c.addi16sp 0x2
#11464 0 8000027e     8082 r 00         00000000  c.jr     x1
#11465 0 8000022e     4785 r 0f         00000001  c.li     x15, 0x1
#11466 0 80000230     874a r 0e         f0041018  c.mv     x14, x18
#11467 0 80000232 00f48663 r 00         00000000  beq      x9, x15, . + 0xc
#11468 0 80000236     8922 r 12         f0041028  c.mv     x18, x8
#11469 0 80000238     843a r 08         f0041018  c.mv     x8, x14
#11470 0 8000023a     bfe9 r 00         00000000  c.j      . - 0x26
#11471 0 80000214     14fd r 09         00000002  c.addi   x9, -0x1
#11472 0 80000216     85a6 r 0b         00000002  c.mv     x11, x9
#11473 0 80000218     8552 r 0a         f0041010  c.mv     x10, x20
#11474 0 8000021a     8722 r 0e         f0041018  c.mv     x14, x8
#11475 0 8000021c     86ce r 0d         f0041020  c.mv     x13, x19
#11476 0 8000021e     864a r 0c         f0041028  c.mv     x12, x18
#11477 0 80000220     3fd9 r 01         80000222  c.jal    . - 0x2a
#11478 0 800001f6     1101 r 02         f0040fb0  c.addi   x2, -0x20
#11479 0 800001f8     cc22 m f0040fc8   f0041018  c.swsp   x8, 0x18
#11480 0 800001fa     ca26 m f0040fc4   00000002  c.swsp   x9, 0x14
#11481 0 800001fc     c84a m f0040fc0   f0041028  c.swsp   x18, 0x10
#11482 0 800001fe     c64e m f0040fbc   f0041020  c.swsp   x19, 0xc
#11483 0 80000200     c452 m f0040fb8   f0041010  c.swsp   x20, 0x8
#11484 0 80000202     ce06 m f0040fcc   80000222  c.swsp   x1, 0x1c
#11485 0 80000204     4785 r 0f         00000001  c.li     x15, 0x1
#11486 0 80000206     8a2a r 14         f0041010  c.mv     x20, x10
#11487 0 80000208     8932 r 12         f0041028  c.mv     x18, x12
#11488 0 8000020a     89ba r 13         f0041018  c.mv     x19, x14
#11489 0 8000020c     84ae r 09         00000002  c.mv     x9, x11
#11490 0 8000020e     8436 r 08         f0041020  c.mv     x8, x13
#11491 0 80000210 02f58663 r 00         00000000  beq      x11, x15, . + 0x2c
#11492 0 80000214     14fd r 09         00000001  c.addi   x9, -0x1
#11493 0 80000216     85a6 r 0b         00000001  c.mv     x11, x9
#11494 0 80000218     8552 r 0a         f0041010  c.mv     x10, x20
#11495 0 8000021a     8722 r 0e         f0041020  c.mv     x14, x8
#11496 0 8000021c     86ce r 0d         f0041018  c.mv     x13, x19
#11497 0 8000021e     864a r 0c         f0041028  c.mv     x12, x18
#11498 0 80000220     3fd9 r 01         80000222  c.jal    . - 0x2a
#11499 0 800001f6     1101 r 02         f0040f90  c.addi   x2, -0x20
#11500 0 800001f8     cc22 m f0040fa8   f0041020  c.swsp   x8, 0x18
#11501 0 800001fa     ca26 m f0040fa4   00000001  c.swsp   x9, 0x14
#11502 0 800001fc     c84a m f0040fa0   f0041028  c.swsp   x18, 0x10
#11503 0 800001fe     c64e m f0040f9c   f0041018  c.swsp   x19, 0xc
#11504 0 80000200     c452 m f0040f98   f0041010  c.swsp   x20, 0x8
#11505 0 80000202     ce06 m f0040fac   80000222  c.swsp   x1, 0x1c
#11506 0 80000204     4785 r 0f         00000001  c.li     x15, 0x1
#11507 0 80000206     8a2a r 14         f0041010  c.mv     x20, x10
#11508 0 80000208     8932 r 12         f0041028  c.mv     x18, x12
#11509 0 8000020a     89ba r 13         f0041020  c.mv     x19, x14
#11510 0 8000020c     84ae r 09         00000001  c.mv     x9, x11
#11511 0 8000020e     8436 r 08         f0041018  c.mv     x8, x13
#11512 0 80000210 02f58663 r 00         00000000  beq      x11, x15, . + 0x2c
#11513 0 8000023c     8432 r 08         f0041028  c.mv     x8, x12
#11514 0 8000023e     405c r 0f         f0040030  c.lw     x15, 0x4(x8)
#11515 0 80000240     4014 r 0d         00000005  c.lw     x13, 0x0(x8)
#11516 0 80000242 004a2703 r 0e         00000068  lw       x14, 0x4(x20)
#11517 0 80000246     43cc r 0b         f0040028  c.lw     x11, 0x4(x15)
#11518 0 80000248     4390 r 0c         00000001  c.lw     x12, 0x0(x15)
#11519 0 8000024a     16fd r 0d         00000004  c.addi   x13, -0x1
#11520 0 8000024c     c04c m f004102c   f0040028  c.sw     x11, 0x4(x8)
#11521 0 8000024e 0049a583 r 0b         f0040018  lw       x11, 0x4(x19)
#11522 0 80000252     c014 m f0041028   00000004  c.sw     x13, 0x0(x8)
#11523 0 80000254 0009a683 r 0d         00000001  lw       x13, 0x0(x19)
#11524 0 80000258     c3cc m f0040034   f0040018  c.sw     x11, 0x4(x15)
#11525 0 8000025a 00f9a223 m f0041024   f0040030  sw       x15, 0x4(x19)
#11526 0 8000025e     c390 m f0040030   00000001  c.sw     x12, 0x0(x15)
#11527 0 80000260     40f2 r 01         80000222  c.lwsp   x1, 0x1c
#11528 0 80000262     4462 r 08         f0041020  c.lwsp   x8, 0x18
#11529 0 80000264 00168793 r 0f         00000002  addi     x15, x13, 0x1
#11530 0 80000268 00f9a023 m f0041020   00000002  sw       x15, 0x0(x19)
#11531 0 8000026c 00170793 r 0f         00000069  addi     x15, x14, 0x1
#11532 0 80000270 00fa2223 m f0041014   00000069  sw       x15, 0x4(x20)
#11533 0 80000274     44d2 r 09         00000001  c.lwsp   x9, 0x14
#11534 0 80000276     4942 r 12         f0041028  c.lwsp   x18, 0x10
#11535 0 80000278     49b2 r 13         f0041018  c.lwsp   x19, 0xc
#11536 0 8000027a     4a22 r 14         f0041010  c.lwsp   x20, 0x8
#11537 0 8000027c     6105 r 02         f0040fb0  c.addi16sp 0x2
#11538 0 8000027e     8082 r 00         00000000  c.jr     x1
#11539 0 80000222     874e r 0e         f0041018  c.mv     x14, x19
#11540 0 80000224     86a2 r 0d         f0041020  c.mv     x13, x8
#11541 0 80000226     864a r 0c         f0041028  c.mv     x12, x18
#11542 0 80000228     4585 r 0b         00000001  c.li     x11, 0x1
#11543 0 8000022a     8552 r 0a         f0041010  c.mv     x10, x20
#11544 0 8000022c     37e9 r 01         8000022e  c.jal    . - 0x36
#11545 0 800001f6     1101 r 02         f0040f90  c.addi   x2, -0x20
#11546 0 800001f8     cc22 m f0040fa8   f0041020  c.swsp   x8, 0x18
#11547 0 800001fa     ca26 m f0040fa4   00000001  c.swsp   x9, 0x14
#11548 0 800001fc     c84a m f0040fa0   f0041028  c.swsp   x18, 0x10
#11549 0 800001fe     c64e m f0040f9c   f0041018  c.swsp   x19, 0xc
#11550 0 80000200     c452 m f0040f98   f0041010  c.swsp   x20, 0x8
#11551 0 80000202     ce06 m f0040fac   8000022e  c.swsp   x1, 0x1c
#11552 0 80000204     4785 r 0f         00000001  c.li     x15, 0x1
#11553 0 80000206     8a2a r 14         f0041010  c.mv     x20, x10
#11554 0 80000208     8932 r 12         f0041028  c.mv     x18, x12
#11555 0 8000020a     89ba r 13         f0041018  c.mv     x19, x14
#11556 0 8000020c     84ae r 09         00000001  c.mv     x9, x11
#11557 0 8000020e     8436 r 08         f0041020  c.mv     x8, x13
#11558 0 80000210 02f58663 r 00         00000000  beq      x11, x15, . + 0x2c
#11559 0 8000023c     8432 r 08         f0041028  c.mv     x8, x12
#11560 0 8000023e     405c r 0f         f0040028  c.lw     x15, 0x4(x8)
#11561 0 80000240     4014 r 0d         00000004  c.lw     x13, 0x0(x8)
#11562 0 80000242 004a2703 r 0e         00000069  lw       x14, 0x4(x20)
#11563 0 80000246     43cc r 0b         f0040020  c.lw     x11, 0x4(x15)
#11564 0 80000248     4390 r 0c         00000002  c.lw     x12, 0x0(x15)
#11565 0 8000024a     16fd r 0d         00000003  c.addi   x13, -0x1
#11566 0 8000024c     c04c m f004102c   f0040020  c.sw     x11, 0x4(x8)
#11567 0 8000024e 0049a583 r 0b         f0040010  lw       x11, 0x4(x19)
#11568 0 80000252     c014 m f0041028   00000003  c.sw     x13, 0x0(x8)
#11569 0 80000254 0009a683 r 0d         00000001  lw       x13, 0x0(x19)
#11570 0 80000258     c3cc m f004002c   f0040010  c.sw     x11, 0x4(x15)
#11571 0 8000025a 00f9a223 m f004101c   f0040028  sw       x15, 0x4(x19)
#11572 0 8000025e     c390 m f0040028   00000002  c.sw     x12, 0x0(x15)
#11573 0 80000260     40f2 r 01         8000022e  c.lwsp   x1, 0x1c
#11574 0 80000262     4462 r 08         f0041020  c.lwsp   x8, 0x18
#11575 0 80000264 00168793 r 0f         00000002  addi     x15, x13, 0x1
#11576 0 80000268 00f9a023 m f0041018   00000002  sw       x15, 0x0(x19)
#11577 0 8000026c 00170793 r 0f         0000006a  addi     x15, x14, 0x1
#11578 0 80000270 00fa2223 m f0041014   0000006a  sw       x15, 0x4(x20)
#11579 0 80000274     44d2 r 09         00000001  c.lwsp   x9, 0x14
#11580 0 80000276     4942 r 12         f0041028  c.lwsp   x18, 0x10
#11581 0 80000278     49b2 r 13         f0041018  c.lwsp   x19, 0xc
#11582 0 8000027a     4a22 r 14         f0041010  c.lwsp   x20, 0x8
#11583 0 8000027c     6105 r 02         f0040fb0  c.addi16sp 0x2
#11584 0 8000027e     8082 r 00         00000000  c.jr     x1
#11585 0 8000022e     4785 r 0f         00000001  c.li     x15, 0x1
#11586 0 80000230     874a r 0e         f0041028  c.mv     x14, x18
#11587 0 80000232 00f48663 r 00         00000000  beq      x9, x15, . + 0xc
#11588 0 8000023e     405c r 0f         f0040030  c.lw     x15, 0x4(x8)
#11589 0 80000240     4014 r 0d         00000002  c.lw     x13, 0x0(x8)
#11590 0 80000242 004a2703 r 0e         0000006a  lw       x14, 0x4(x20)
#11591 0 80000246     43cc r 0b         f0040018  c.lw     x11, 0x4(x15)
#11592 0 80000248     4390 r 0c         00000001  c.lw     x12, 0x0(x15)
#11593 0 8000024a     16fd r 0d         00000001  c.addi   x13, -0x1
#11594 0 8000024c     c04c m f0041024   f0040018  c.sw     x11, 0x4(x8)
#11595 0 8000024e 0049a583 r 0b         f0040028  lw       x11, 0x4(x19)
#11596 0 80000252     c014 m f0041020   00000001  c.sw     x13, 0x0(x8)
#11597 0 80000254 0009a683 r 0d         00000002  lw       x13, 0x0(x19)
#11598 0 80000258     c3cc m f0040034   f0040028  c.sw     x11, 0x4(x15)
#11599 0 8000025a 00f9a223 m f004101c   f0040030  sw       x15, 0x4(x19)
#11600 0 8000025e     c390 m f0040030   00000001  c.sw     x12, 0x0(x15)
#11601 0 80000260     40f2 r 01         80000222  c.lwsp   x1, 0x1c
#11602 0 80000262     4462 r 08         f0041018  c.lwsp   x8, 0x18
#11603 0 80000264 00168793 r 0f         00000003  addi     x15, x13, 0x1
#11604 0 80000268 00f9a023 m f0041018   00000003  sw       x15, 0x0(x19)
#11605 0 8000026c 00170793 r 0f         0000006b  addi     x15, x14, 0x1
#11606 0 80000270 00fa2223 m f0041014   0000006b  sw       x15, 0x4(x20)
#11607 0 80000274     44d2 r 09         00000002  c.lwsp   x9, 0x14
#11608 0 80000276     4942 r 12         f0041028  c.lwsp   x18, 0x10
#11609 0 80000278     49b2 r 13         f0041020  c.lwsp   x19, 0xc
#11610 0 8000027a     4a22 r 14         f0041010  c.lwsp   x20, 0x8
#11611 0 8000027c     6105 r 02         f0040fd0  c.addi16sp 0x2
#11612 0 8000027e     8082 r 00         00000000  c.jr     x1
#11613 0 80000222     874e r 0e         f0041020  c.mv     x14, x19
#11614 0 80000224     86a2 r 0d         f0041018  c.mv     x13, x8
#11615 0 80000226     864a r 0c         f0041028  c.mv     x12, x18
#11616 0 80000228     4585 r 0b         00000001  c.li     x11, 0x1
#11617 0 8000022a     8552 r 0a         f0041010  c.mv     x10, x20
#11618 0 8000022c     37e9 r 01         8000022e  c.jal    . - 0x36
#11619 0 800001f6     1101 r 02         f0040fb0  c.addi   x2, -0x20
#11620 0 800001f8     cc22 m f0040fc8   f0041018  c.swsp   x8, 0x18
#11621 0 800001fa     ca26 m f0040fc4   00000002  c.swsp   x9, 0x14
#11622 0 800001fc     c84a m f0040fc0   f0041028  c.swsp   x18, 0x10
#11623 0 800001fe     c64e m f0040fbc   f0041020  c.swsp   x19, 0xc
#11624 0 80000200     c452 m f0040fb8   f0041010  c.swsp   x20, 0x8
#11625 0 80000202     ce06 m f0040fcc   8000022e  c.swsp   x1, 0x1c
#11626 0 80000204     4785 r 0f         00000001  c.li     x15, 0x1
#11627 0 80000206     8a2a r 14         f0041010  c.mv     x20, x10
#11628 0 80000208     8932 r 12         f0041028  c.mv     x18, x12
#11629 0 8000020a     89ba r 13         f0041020  c.mv     x19, x14
#11630 0 8000020c     84ae r 09         00000001  c.mv     x9, x11
#11631 0 8000020e     8436 r 08         f0041018  c.mv     x8, x13
#11632 0 80000210 02f58663 r 00         00000000  beq      x11, x15, . + 0x2c
#11633 0 8000023c     8432 r 08         f0041028  c.mv     x8, x12
#11634 0 8000023e     405c r 0f         f0040020  c.lw     x15, 0x4(x8)
#11635 0 80000240     4014 r 0d         00000003  c.lw     x13, 0x0(x8)
#11636 0 80000242 004a2703 r 0e         0000006b  lw       x14, 0x4(x20)
#11637 0 80000246     43cc r 0b         f0040008  c.lw     x11, 0x4(x15)
#11638 0 80000248     4390 r 0c         00000003  c.lw     x12, 0x0(x15)
#11639 0 8000024a     16fd r 0d         00000002  c.addi   x13, -0x1
#11640 0 8000024c     c04c m f004102c   f0040008  c.sw     x11, 0x4(x8)
#11641 0 8000024e 0049a583 r 0b         f0040018  lw       x11, 0x4(x19)
#11642 0 80000252     c014 m f0041028   00000002  c.sw     x13, 0x0(x8)
#11643 0 80000254 0009a683 r 0d         00000001  lw       x13, 0x0(x19)
#11644 0 80000258     c3cc m f0040024   f0040018  c.sw     x11, 0x4(x15)
#11645 0 8000025a 00f9a223 m f0041024   f0040020  sw       x15, 0x4(x19)
#11646 0 8000025e     c390 m f0040020   00000003  c.sw     x12, 0x0(x15)
#11647 0 80000260     40f2 r 01         8000022e  c.lwsp   x1, 0x1c
#11648 0 80000262     4462 r 08         f0041018  c.lwsp   x8, 0x18
#11649 0 80000264 00168793 r 0f         00000002  addi     x15, x13, 0x1
#11650 0 80000268 00f9a023 m f0041020   00000002  sw       x15, 0x0(x19)
#11651 0 8000026c 00170793 r 0f         0000006c  addi     x15, x14, 0x1
#11652 0 80000270 00fa2223 m f0041014   0000006c  sw       x15, 0x4(x20)
#11653 0 80000274     44d2 r 09         00000002  c.lwsp   x9, 0x14
#11654 0 80000276     4942 r 12         f0041028  c.lwsp   x18, 0x10
#11655 0 80000278     49b2 r 13         f0041020  c.lwsp   x19, 0xc
#11656 0 8000027a     4a22 r 14         f0041010  c.lwsp   x20, 0x8
#11657 0 8000027c     6105 r 02         f0040fd0  c.addi16sp 0x2
#11658 0 8000027e     8082 r 00         00000000  c.jr     x1
#11659 0 8000022e     4785 r 0f         00000001  c.li     x15, 0x1
#11660 0 80000230     874a r 0e         f0041028  c.mv     x14, x18
#11661 0 80000232 00f48663 r 00         00000000  beq      x9, x15, . + 0xc
#11662 0 80000236     8922 r 12         f0041018  c.mv     x18, x8
#11663 0 80000238     843a r 08         f0041028  c.mv     x8, x14
#11664 0 8000023a     bfe9 r 00         00000000  c.j      . - 0x26
#11665 0 80000214     14fd r 09         00000001  c.addi   x9, -0x1
#11666 0 80000216     85a6 r 0b         00000001  c.mv     x11, x9
#11667 0 80000218     8552 r 0a         f0041010  c.mv     x10, x20
#11668 0 8000021a     8722 r 0e         f0041028  c.mv     x14, x8
#11669 0 8000021c     86ce r 0d         f0041020  c.mv     x13, x19
#11670 0 8000021e     864a r 0c         f0041018  c.mv     x12, x18
#11671 0 80000220     3fd9 r 01         80000222  c.jal    . - 0x2a
#11672 0 800001f6     1101 r 02         f0040fb0  c.addi   x2, -0x20
#11673 0 800001f8     cc22 m f0040fc8   f0041028  c.swsp   x8, 0x18
#11674 0 800001fa     ca26 m f0040fc4   00000001  c.swsp   x9, 0x14
#11675 0 800001fc     c84a m f0040fc0   f0041018  c.swsp   x18, 0x10
#11676 0 800001fe     c64e m f0040fbc   f0041020  c.swsp   x19, 0xc
#11677 0 80000200     c452 m f0040fb8   f0041010  c.swsp   x20, 0x8
#11678 0 80000202     ce06 m f0040fcc   80000222  c.swsp   x1, 0x1c
#11679 0 80000204     4785 r 0f         00000001  c.li     x15, 0x1
#11680 0 80000206     8a2a r 14         f0041010  c.mv     x20, x10
#11681 0 80000208     8932 r 12         f0041018  c.mv     x18, x12
#11682 0 8000020a     89ba r 13         f0041028  c.mv     x19, x14
#11683 0 8000020c     84ae r 09         00000001  c.mv     x9, x11
#11684 0 8000020e     8436 r 08         f0041020  c.mv     x8, x13
#11685 0 80000210 02f58663 r 00         00000000  beq      x11, x15, . + 0x2c
#11686 0 8000023c     8432 r 08         f0041018  c.mv     x8, x12
#11687 0 8000023e     405c r 0f         f0040030  c.lw     x15, 0x4(x8)
#11688 0 80000240     4014 r 0d         00000003  c.lw     x13, 0x0(x8)
#11689 0 80000242 004a2703 r 0e         0000006c  lw       x14, 0x4(x20)
#11690 0 80000246     43cc r 0b         f0040028  c.lw     x11, 0x4(x15)
#11691 0 80000248     4390 r 0c         00000001  c.lw     x12, 0x0(x15)
#11692 0 8000024a     16fd r 0d         00000002  c.addi   x13, -0x1
#11693 0 8000024c     c04c m f004101c   f0040028  c.sw     x11, 0x4(x8)
#11694 0 8000024e 0049a583 r 0b         f0040008  lw       x11, 0x4(x19)
#11695 0 80000252     c014 m f0041018   00000002  c.sw     x13, 0x0(x8)
#11696 0 80000254 0009a683 r 0d         00000002  lw       x13, 0x0(x19)
#11697 0 80000258     c3cc m f0040034   f0040008  c.sw     x11, 0x4(x15)
#11698 0 8000025a 00f9a223 m f004102c   f0040030  sw       x15, 0x4(x19)
#11699 0 8000025e     c390 m f0040030   00000001  c.sw     x12, 0x0(x15)
#11700 0 80000260     40f2 r 01         80000222  c.lwsp   x1, 0x1c
#11701 0 80000262     4462 r 08         f0041028  c.lwsp   x8, 0x18
#11702 0 80000264 00168793 r 0f         00000003  addi     x15, x13, 0x1
#11703 0 80000268 00f9a023 m f0041028   00000003  sw       x15, 0x0(x19)
#11704 0 8000026c 00170793 r 0f         0000006d  addi     x15, x14, 0x1
#11705 0 80000270 00fa2223 m f0041014   0000006d  sw       x15, 0x4(x20)
#11706 0 80000274     44d2 r 09         00000001  c.lwsp   x9, 0x14
#11707 0 80000276     4942 r 12         f0041018  c.lwsp   x18, 0x10
#11708 0 80000278     49b2 r 13         f0041020  c.lwsp   x19, 0xc
#11709 0 8000027a     4a22 r 14         f0041010  c.lwsp   x20, 0x8
#11710 0 8000027c     6105 r 02         f0040fd0  c.addi16sp 0x2
#11711 0 8000027e     8082 r 00         00000000  c.jr     x1
#11712 0 80000222     874e r 0e         f0041020  c.mv     x14, x19
#11713 0 80000224     86a2 r 0d         f0041028  c.mv     x13, x8
#11714 0 80000226     864a r 0c         f0041018  c.mv     x12, x18
#11715 0 80000228     4585 r 0b         00000001  c.li     x11, 0x1
#11716 0 8000022a     8552 r 0a         f0041010  c.mv     x10, x20
#11717 0 8000022c     37e9 r 01         8000022e  c.jal    . - 0x36
#11718 0 800001f6     1101 r 02         f0040fb0  c.addi   x2, -0x20
#11719 0 800001f8     cc22 m f0040fc8   f0041028  c.swsp   x8, 0x18
#11720 0 800001fa     ca26 m f0040fc4   00000001  c.swsp   x9, 0x14
#11721 0 800001fc     c84a m f0040fc0   f0041018  c.swsp   x18, 0x10
#11722 0 800001fe     c64e m f0040fbc   f0041020  c.swsp   x19, 0xc
#11723 0 80000200     c452 m f0040fb8   f0041010  c.swsp   x20, 0x8
#11724 0 80000202     ce06 m f0040fcc   8000022e  c.swsp   x1, 0x1c
#11725 0 80000204     4785 r 0f         00000001  c.li     x15, 0x1
#11726 0 80000206     8a2a r 14         f0041010  c.mv     x20, x10
#11727 0 80000208     8932 r 12         f0041018  c.mv     x18, x12
#11728 0 8000020a     89ba r 13         f0041020  c.mv     x19, x14
#11729 0 8000020c     84ae r 09         00000001  c.mv     x9, x11
#11730 0 8000020e     8436 r 08         f0041028  c.mv     x8, x13
#11731 0 80000210 02f58663 r 00         00000000  beq      x11, x15, . + 0x2c
#11732 0 8000023c     8432 r 08         f0041018  c.mv     x8, x12
#11733 0 8000023e     405c r 0f         f0040028  c.lw     x15, 0x4(x8)
#11734 0 80000240     4014 r 0d         00000002  c.lw     x13, 0x0(x8)
#11735 0 80000242 004a2703 r 0e         0000006d  lw       x14, 0x4(x20)
#11736 0 80000246     43cc r 0b         f0040010  c.lw     x11, 0x4(x15)
#11737 0 80000248     4390 r 0c         00000002  c.lw     x12, 0x0(x15)
#11738 0 8000024a     16fd r 0d         00000001  c.addi   x13, -0x1
#11739 0 8000024c     c04c m f004101c   f0040010  c.sw     x11, 0x4(x8)
#11740 0 8000024e 0049a583 r 0b         f0040020  lw       x11, 0x4(x19)
#11741 0 80000252     c014 m f0041018   00000001  c.sw     x13, 0x0(x8)
#11742 0 80000254 0009a683 r 0d         00000002  lw       x13, 0x0(x19)
#11743 0 80000258     c3cc m f004002c   f0040020  c.sw     x11, 0x4(x15)
#11744 0 8000025a 00f9a223 m f0041024   f0040028  sw       x15, 0x4(x19)
#11745 0 8000025e     c390 m f0040028   00000002  c.sw     x12, 0x0(x15)
#11746 0 80000260     40f2 r 01         8000022e  c.lwsp   x1, 0x1c
#11747 0 80000262     4462 r 08         f0041028  c.lwsp   x8, 0x18
#11748 0 80000264 00168793 r 0f         00000003  addi     x15, x13, 0x1
#11749 0 80000268 00f9a023 m f0041020   00000003  sw       x15, 0x0(x19)
#11750 0 8000026c 00170793 r 0f         0000006e  addi     x15, x14, 0x1
#11751 0 80000270 00fa2223 m f0041014   0000006e  sw       x15, 0x4(x20)
#11752 0 80000274     44d2 r 09         00000001  c.lwsp   x9, 0x14
#11753 0 80000276     4942 r 12         f0041018  c.lwsp   x18, 0x10
#11754 0 80000278     49b2 r 13         f0041020  c.lwsp   x19, 0xc
#11755 0 8000027a     4a22 r 14         f0041010  c.lwsp   x20, 0x8
#11756 0 8000027c     6105 r 02         f0040fd0  c.addi16sp 0x2
#11757 0 8000027e     8082 r 00         00000000  c.jr     x1
#11758 0 8000022e     4785 r 0f         00000001  c.li     x15, 0x1
#11759 0 80000230     874a r 0e         f0041018  c.mv     x14, x18
#11760 0 80000232 00f48663 r 00         00000000  beq      x9, x15, . + 0xc
#11761 0 8000023e     405c r 0f         f0040030  c.lw     x15, 0x4(x8)
#11762 0 80000240     4014 r 0d         00000003  c.lw     x13, 0x0(x8)
#11763 0 80000242 004a2703 r 0e         0000006e  lw       x14, 0x4(x20)
#11764 0 80000246     43cc r 0b         f0040008  c.lw     x11, 0x4(x15)
#11765 0 80000248     4390 r 0c         00000001  c.lw     x12, 0x0(x15)
#11766 0 8000024a     16fd r 0d         00000002  c.addi   x13, -0x1
#11767 0 8000024c     c04c m f004102c   f0040008  c.sw     x11, 0x4(x8)
#11768 0 8000024e 0049a583 r 0b         f0040028  lw       x11, 0x4(x19)
#11769 0 80000252     c014 m f0041028   00000002  c.sw     x13, 0x0(x8)
#11770 0 80000254 0009a683 r 0d         00000003  lw       x13, 0x0(x19)
#11771 0 80000258     c3cc m f0040034   f0040028  c.sw     x11, 0x4(x15)
#11772 0 8000025a 00f9a223 m f0041024   f0040030  sw       x15, 0x4(x19)
#11773 0 8000025e     c390 m f0040030   00000001  c.sw     x12, 0x0(x15)
#11774 0 80000260     40f2 r 01         80000222  c.lwsp   x1, 0x1c
#11775 0 80000262     4462 r 08         f0041020  c.lwsp   x8, 0x18
#11776 0 80000264 00168793 r 0f         00000004  addi     x15, x13, 0x1
#11777 0 80000268 00f9a023 m f0041020   00000004  sw       x15, 0x0(x19)
#11778 0 8000026c 00170793 r 0f         0000006f  addi     x15, x14, 0x1
#11779 0 80000270 00fa2223 m f0041014   0000006f  sw       x15, 0x4(x20)
#11780 0 80000274     44d2 r 09         00000004  c.lwsp   x9, 0x14
#11781 0 80000276     4942 r 12         f0041018  c.lwsp   x18, 0x10
#11782 0 80000278     49b2 r 13         f0041028  c.lwsp   x19, 0xc
#11783 0 8000027a     4a22 r 14         f0041010  c.lwsp   x20, 0x8
#11784 0 8000027c     6105 r 02         f0040ff0  c.addi16sp 0x2
#11785 0 8000027e     8082 r 00         00000000  c.jr     x1
#11786 0 80000222     874e r 0e         f0041028  c.mv     x14, x19
#11787 0 80000224     86a2 r 0d         f0041020  c.mv     x13, x8
#11788 0 80000226     864a r 0c         f0041018  c.mv     x12, x18
#11789 0 80000228     4585 r 0b         00000001  c.li     x11, 0x1
#11790 0 8000022a     8552 r 0a         f0041010  c.mv     x10, x20
#11791 0 8000022c     37e9 r 01         8000022e  c.jal    . - 0x36
#11792 0 800001f6     1101 r 02         f0040fd0  c.addi   x2, -0x20
#11793 0 800001f8     cc22 m f0040fe8   f0041020  c.swsp   x8, 0x18
#11794 0 800001fa     ca26 m f0040fe4   00000004  c.swsp   x9, 0x14
#11795 0 800001fc     c84a m f0040fe0   f0041018  c.swsp   x18, 0x10
#11796 0 800001fe     c64e m f0040fdc   f0041028  c.swsp   x19, 0xc
#11797 0 80000200     c452 m f0040fd8   f0041010  c.swsp   x20, 0x8
#11798 0 80000202     ce06 m f0040fec   8000022e  c.swsp   x1, 0x1c
#11799 0 80000204     4785 r 0f         00000001  c.li     x15, 0x1
#11800 0 80000206     8a2a r 14         f0041010  c.mv     x20, x10
#11801 0 80000208     8932 r 12         f0041018  c.mv     x18, x12
#11802 0 8000020a     89ba r 13         f0041028  c.mv     x19, x14
#11803 0 8000020c     84ae r 09         00000001  c.mv     x9, x11
#11804 0 8000020e     8436 r 08         f0041020  c.mv     x8, x13
#11805 0 80000210 02f58663 r 00         00000000  beq      x11, x15, . + 0x2c
#11806 0 8000023c     8432 r 08         f0041018  c.mv     x8, x12
#11807 0 8000023e     405c r 0f         f0040010  c.lw     x15, 0x4(x8)
#11808 0 80000240     4014 r 0d         00000001  c.lw     x13, 0x0(x8)
#11809 0 80000242 004a2703 r 0e         0000006f  lw       x14, 0x4(x20)
#11810 0 80000246     43cc r 0b         00000000  c.lw     x11, 0x4(x15)
#11811 0 80000248     4390 r 0c         00000005  c.lw     x12, 0x0(x15)
#11812 0 8000024a     16fd r 0d         00000000  c.addi   x13, -0x1
#11813 0 8000024c     c04c m f004101c   00000000  c.sw     x11, 0x4(x8)
#11814 0 8000024e 0049a583 r 0b         f0040008  lw       x11, 0x4(x19)
#11815 0 80000252     c014 m f0041018   00000000  c.sw     x13, 0x0(x8)
#11816 0 80000254 0009a683 r 0d         00000002  lw       x13, 0x0(x19)
#11817 0 80000258     c3cc m f0040014   f0040008  c.sw     x11, 0x4(x15)
#11818 0 8000025a 00f9a223 m f004102c   f0040010  sw       x15, 0x4(x19)
#11819 0 8000025e     c390 m f0040010   00000005  c.sw     x12, 0x0(x15)
#11820 0 80000260     40f2 r 01         8000022e  c.lwsp   x1, 0x1c
#11821 0 80000262     4462 r 08         f0041020  c.lwsp   x8, 0x18
#11822 0 80000264 00168793 r 0f         00000003  addi     x15, x13, 0x1
#11823 0 80000268 00f9a023 m f0041028   00000003  sw       x15, 0x0(x19)
#11824 0 8000026c 00170793 r 0f         00000070  addi     x15, x14, 0x1
#11825 0 80000270 00fa2223 m f0041014   00000070  sw       x15, 0x4(x20)
#11826 0 80000274     44d2 r 09         00000004  c.lwsp   x9, 0x14
#11827 0 80000276     4942 r 12         f0041018  c.lwsp   x18, 0x10
#11828 0 80000278     49b2 r 13         f0041028  c.lwsp   x19, 0xc
#11829 0 8000027a     4a22 r 14         f0041010  c.lwsp   x20, 0x8
#11830 0 8000027c     6105 r 02         f0040ff0  c.addi16sp 0x2
#11831 0 8000027e     8082 r 00         00000000  c.jr     x1
#11832 0 8000022e     4785 r 0f         00000001  c.li     x15, 0x1
#11833 0 80000230     874a r 0e         f0041018  c.mv     x14, x18
#11834 0 80000232 00f48663 r 00         00000000  beq      x9, x15, . + 0xc
#11835 0 80000236     8922 r 12         f0041020  c.mv     x18, x8
#11836 0 80000238     843a r 08         f0041018  c.mv     x8, x14
#11837 0 8000023a     bfe9 r 00         00000000  c.j      . - 0x26
#11838 0 80000214     14fd r 09         00000003  c.addi   x9, -0x1
#11839 0 80000216     85a6 r 0b         00000003  c.mv     x11, x9
#11840 0 80000218     8552 r 0a         f0041010  c.mv     x10, x20
#11841 0 8000021a     8722 r 0e         f0041018  c.mv     x14, x8
#11842 0 8000021c     86ce r 0d         f0041028  c.mv     x13, x19
#11843 0 8000021e     864a r 0c         f0041020  c.mv     x12, x18
#11844 0 80000220     3fd9 r 01         80000222  c.jal    . - 0x2a
#11845 0 800001f6     1101 r 02         f0040fd0  c.addi   x2, -0x20
#11846 0 800001f8     cc22 m f0040fe8   f0041018  c.swsp   x8, 0x18
#11847 0 800001fa     ca26 m f0040fe4   00000003  c.swsp   x9, 0x14
#11848 0 800001fc     c84a m f0040fe0   f0041020  c.swsp   x18, 0x10
#11849 0 800001fe     c64e m f0040fdc   f0041028  c.swsp   x19, 0xc
#11850 0 80000200     c452 m f0040fd8   f0041010  c.swsp   x20, 0x8
#11851 0 80000202     ce06 m f0040fec   80000222  c.swsp   x1, 0x1c
#11852 0 80000204     4785 r 0f         00000001  c.li     x15, 0x1
#11853 0 80000206     8a2a r 14         f0041010  c.mv     x20, x10
#11854 0 80000208     8932 r 12         f0041020  c.mv     x18, x12
#11855 0 8000020a     89ba r 13         f0041018  c.mv     x19, x14
#11856 0 8000020c     84ae r 09         00000003  c.mv     x9, x11
#11857 0 8000020e     8436 r 08         f0041028  c.mv     x8, x13
#11858 0 80000210 02f58663 r 00         00000000  beq      x11, x15, . + 0x2c
#11859 0 80000214     14fd r 09         00000002  c.addi   x9, -0x1
#11860 0 80000216     85a6 r 0b         00000002  c.mv     x11, x9
#11861 0 80000218     8552 r 0a         f0041010  c.mv     x10, x20
#11862 0 8000021a     8722 r 0e         f0041028  c.mv     x14, x8
#11863 0 8000021c     86ce r 0d         f0041018  c.mv     x13, x19
#11864 0 8000021e     864a r 0c         f0041020  c.mv     x12, x18
#11865 0 80000220     3fd9 r 01         80000222  c.jal    . - 0x2a
#11866 0 800001f6     1101 r 02         f0040fb0  c.addi   x2, -0x20
#11867 0 800001f8     cc22 m f0040fc8   f0041028  c.swsp   x8, 0x18
#11868 0 800001fa     ca26 m f0040fc4   00000002  c.swsp   x9, 0x14
#11869 0 800001fc     c84a m f0040fc0   f0041020  c.swsp   x18, 0x10
#11870 0 800001fe     c64e m f0040fbc   f0041018  c.swsp   x19, 0xc
#11871 0 80000200     c452 m f0040fb8   f0041010  c.swsp   x20, 0x8
#11872 0 80000202     ce06 m f0040fcc   80000222  c.swsp   x1, 0x1c
#11873 0 80000204     4785 r 0f         00000001  c.li     x15, 0x1
#11874 0 80000206     8a2a r 14         f0041010  c.mv     x20, x10
#11875 0 80000208     8932 r 12         f0041020  c.mv     x18, x12
#11876 0 8000020a     89ba r 13         f0041028  c.mv     x19, x14
#11877 0 8000020c     84ae r 09         00000002  c.mv     x9, x11
#11878 0 8000020e     8436 r 08         f0041018  c.mv     x8, x13
#11879 0 80000210 02f58663 r 00         00000000  beq      x11, x15, . + 0x2c
#11880 0 80000214     14fd r 09         00000001  c.addi   x9, -0x1
#11881 0 80000216     85a6 r 0b         00000001  c.mv     x11, x9
#11882 0 80000218     8552 r 0a         f0041010  c.mv     x10, x20
#11883 0 8000021a     8722 r 0e         f0041018  c.mv     x14, x8
#11884 0 8000021c     86ce r 0d         f0041028  c.mv     x13, x19
#11885 0 8000021e     864a r 0c         f0041020  c.mv     x12, x18
#11886 0 80000220     3fd9 r 01         80000222  c.jal    . - 0x2a
#11887 0 800001f6     1101 r 02         f0040f90  c.addi   x2, -0x20
#11888 0 800001f8     cc22 m f0040fa8   f0041018  c.swsp   x8, 0x18
#11889 0 800001fa     ca26 m f0040fa4   00000001  c.swsp   x9, 0x14
#11890 0 800001fc     c84a m f0040fa0   f0041020  c.swsp   x18, 0x10
#11891 0 800001fe     c64e m f0040f9c   f0041028  c.swsp   x19, 0xc
#11892 0 80000200     c452 m f0040f98   f0041010  c.swsp   x20, 0x8
#11893 0 80000202     ce06 m f0040fac   80000222  c.swsp   x1, 0x1c
#11894 0 80000204     4785 r 0f         00000001  c.li     x15, 0x1
#11895 0 80000206     8a2a r 14         f0041010  c.mv     x20, x10
#11896 0 80000208     8932 r 12         f0041020  c.mv     x18, x12
#11897 0 8000020a     89ba r 13         f0041018  c.mv     x19, x14
#11898 0 8000020c     84ae r 09         00000001  c.mv     x9, x11
#11899 0 8000020e     8436 r 08         f0041028  c.mv     x8, x13
#11900 0 80000210 02f58663 r 00         00000000  beq      x11, x15, . + 0x2c
#11901 0 8000023c     8432 r 08         f0041020  c.mv     x8, x12
#11902 0 8000023e     405c r 0f         f0040030  c.lw     x15, 0x4(x8)
#11903 0 80000240     4014 r 0d         00000004  c.lw     x13, 0x0(x8)
#11904 0 80000242 004a2703 r 0e         00000070  lw       x14, 0x4(x20)
#11905 0 80000246     43cc r 0b         f0040028  c.lw     x11, 0x4(x15)
#11906 0 80000248     4390 r 0c         00000001  c.lw     x12, 0x0(x15)
#11907 0 8000024a     16fd r 0d         00000003  c.addi   x13, -0x1
#11908 0 8000024c     c04c m f0041024   f0040028  c.sw     x11, 0x4(x8)
#11909 0 8000024e 0049a583 r 0b         00000000  lw       x11, 0x4(x19)
#11910 0 80000252     c014 m f0041020   00000003  c.sw     x13, 0x0(x8)
#11911 0 80000254 0009a683 r 0d         00000000  lw       x13, 0x0(x19)
#11912 0 80000258     c3cc m f0040034   00000000  c.sw     x11, 0x4(x15)
#11913 0 8000025a 00f9a223 m f004101c   f0040030  sw       x15, 0x4(x19)
#11914 0 8000025e     c390 m f0040030   00000001  c.sw     x12, 0x0(x15)
#11915 0 80000260     40f2 r 01         80000222  c.lwsp   x1, 0x1c
#11916 0 80000262     4462 r 08         f0041018  c.lwsp   x8, 0x18
#11917 0 80000264 00168793 r 0f         00000001  addi     x15, x13, 0x1
#11918 0 80000268 00f9a023 m f0041018   00000001  sw       x15, 0x0(x19)
#11919 0 8000026c 00170793 r 0f         00000071  addi     x15, x14, 0x1
#11920 0 80000270 00fa2223 m f0041014   00000071  sw       x15, 0x4(x20)
#11921 0 80000274     44d2 r 09         00000001  c.lwsp   x9, 0x14
#11922 0 80000276     4942 r 12         f0041020  c.lwsp   x18, 0x10
#11923 0 80000278     49b2 r 13         f0041028  c.lwsp   x19, 0xc
#11924 0 8000027a     4a22 r 14         f0041010  c.lwsp   x20, 0x8
#11925 0 8000027c     6105 r 02         f0040fb0  c.addi16sp 0x2
#11926 0 8000027e     8082 r 00         00000000  c.jr     x1
#11927 0 80000222     874e r 0e         f0041028  c.mv     x14, x19
#11928 0 80000224     86a2 r 0d         f0041018  c.mv     x13, x8
#11929 0 80000226     864a r 0c         f0041020  c.mv     x12, x18
#11930 0 80000228     4585 r 0b         00000001  c.li     x11, 0x1
#11931 0 8000022a     8552 r 0a         f0041010  c.mv     x10, x20
#11932 0 8000022c     37e9 r 01         8000022e  c.jal    . - 0x36
#11933 0 800001f6     1101 r 02         f0040f90  c.addi   x2, -0x20
#11934 0 800001f8     cc22 m f0040fa8   f0041018  c.swsp   x8, 0x18
#11935 0 800001fa     ca26 m f0040fa4   00000001  c.swsp   x9, 0x14
#11936 0 800001fc     c84a m f0040fa0   f0041020  c.swsp   x18, 0x10
#11937 0 800001fe     c64e m f0040f9c   f0041028  c.swsp   x19, 0xc
#11938 0 80000200     c452 m f0040f98   f0041010  c.swsp   x20, 0x8
#11939 0 80000202     ce06 m f0040fac   8000022e  c.swsp   x1, 0x1c
#11940 0 80000204     4785 r 0f         00000001  c.li     x15, 0x1
#11941 0 80000206     8a2a r 14         f0041010  c.mv     x20, x10
#11942 0 80000208     8932 r 12         f0041020  c.mv     x18, x12
#11943 0 8000020a     89ba r 13         f0041028  c.mv     x19, x14
#11944 0 8000020c     84ae r 09         00000001  c.mv     x9, x11
#11945 0 8000020e     8436 r 08         f0041018  c.mv     x8, x13
#11946 0 80000210 02f58663 r 00         00000000  beq      x11, x15, . + 0x2c
#11947 0 8000023c     8432 r 08         f0041020  c.mv     x8, x12
#11948 0 8000023e     405c r 0f         f0040028  c.lw     x15, 0x4(x8)
#11949 0 80000240     4014 r 0d         00000003  c.lw     x13, 0x0(x8)
#11950 0 80000242 004a2703 r 0e         00000071  lw       x14, 0x4(x20)
#11951 0 80000246     43cc r 0b         f0040020  c.lw     x11, 0x4(x15)
#11952 0 80000248     4390 r 0c         00000002  c.lw     x12, 0x0(x15)
#11953 0 8000024a     16fd r 0d         00000002  c.addi   x13, -0x1
#11954 0 8000024c     c04c m f0041024   f0040020  c.sw     x11, 0x4(x8)
#11955 0 8000024e 0049a583 r 0b         f0040010  lw       x11, 0x4(x19)
#11956 0 80000252     c014 m f0041020   00000002  c.sw     x13, 0x0(x8)
#11957 0 80000254 0009a683 r 0d         00000003  lw       x13, 0x0(x19)
#11958 0 80000258     c3cc m f004002c   f0040010  c.sw     x11, 0x4(x15)
#11959 0 8000025a 00f9a223 m f004102c   f0040028  sw       x15, 0x4(x19)
#11960 0 8000025e     c390 m f0040028   00000002  c.sw     x12, 0x0(x15)
#11961 0 80000260     40f2 r 01         8000022e  c.lwsp   x1, 0x1c
#11962 0 80000262     4462 r 08         f0041018  c.lwsp   x8, 0x18
#11963 0 80000264 00168793 r 0f         00000004  addi     x15, x13, 0x1
#11964 0 80000268 00f9a023 m f0041028   00000004  sw       x15, 0x0(x19)
#11965 0 8000026c 00170793 r 0f         00000072  addi     x15, x14, 0x1
#11966 0 80000270 00fa2223 m f0041014   00000072  sw       x15, 0x4(x20)
#11967 0 80000274     44d2 r 09         00000001  c.lwsp   x9, 0x14
#11968 0 80000276     4942 r 12         f0041020  c.lwsp   x18, 0x10
#11969 0 80000278     49b2 r 13         f0041028  c.lwsp   x19, 0xc
#11970 0 8000027a     4a22 r 14         f0041010  c.lwsp   x20, 0x8
#11971 0 8000027c     6105 r 02         f0040fb0  c.addi16sp 0x2
#11972 0 8000027e     8082 r 00         00000000  c.jr     x1
#11973 0 8000022e     4785 r 0f         00000001  c.li     x15, 0x1
#11974 0 80000230     874a r 0e         f0041020  c.mv     x14, x18
#11975 0 80000232 00f48663 r 00         00000000  beq      x9, x15, . + 0xc
#11976 0 8000023e     405c r 0f         f0040030  c.lw     x15, 0x4(x8)
#11977 0 80000240     4014 r 0d         00000001  c.lw     x13, 0x0(x8)
#11978 0 80000242 004a2703 r 0e         00000072  lw       x14, 0x4(x20)
#11979 0 80000246     43cc r 0b         00000000  c.lw     x11, 0x4(x15)
#11980 0 80000248     4390 r 0c         00000001  c.lw     x12, 0x0(x15)
#11981 0 8000024a     16fd r 0d         00000000  c.addi   x13, -0x1
#11982 0 8000024c     c04c m f004101c   00000000  c.sw     x11, 0x4(x8)
#11983 0 8000024e 0049a583 r 0b         f0040028  lw       x11, 0x4(x19)
#11984 0 80000252     c014 m f0041018   00000000  c.sw     x13, 0x0(x8)
#11985 0 80000254 0009a683 r 0d         00000004  lw       x13, 0x0(x19)
#11986 0 80000258     c3cc m f0040034   f0040028  c.sw     x11, 0x4(x15)
#11987 0 8000025a 00f9a223 m f004102c   f0040030  sw       x15, 0x4(x19)
#11988 0 8000025e     c390 m f0040030   00000001  c.sw     x12, 0x0(x15)
#11989 0 80000260     40f2 r 01         80000222  c.lwsp   x1, 0x1c
#11990 0 80000262     4462 r 08         f0041028  c.lwsp   x8, 0x18
#11991 0 80000264 00168793 r 0f         00000005  addi     x15, x13, 0x1
#11992 0 80000268 00f9a023 m f0041028   00000005  sw       x15, 0x0(x19)
#11993 0 8000026c 00170793 r 0f         00000073  addi     x15, x14, 0x1
#11994 0 80000270 00fa2223 m f0041014   00000073  sw       x15, 0x4(x20)
#11995 0 80000274     44d2 r 09         00000002  c.lwsp   x9, 0x14
#11996 0 80000276     4942 r 12         f0041020  c.lwsp   x18, 0x10
#11997 0 80000278     49b2 r 13         f0041018  c.lwsp   x19, 0xc
#11998 0 8000027a     4a22 r 14         f0041010  c.lwsp   x20, 0x8
#11999 0 8000027c     6105 r 02         f0040fd0  c.addi16sp 0x2
#12000 0 8000027e     8082 r 00         00000000  c.jr     x1
#12001 0 80000222     874e r 0e         f0041018  c.mv     x14, x19
#12002 0 80000224     86a2 r 0d         f0041028  c.mv     x13, x8
#12003 0 80000226     864a r 0c         f0041020  c.mv     x12, x18
#12004 0 80000228     4585 r 0b         00000001  c.li     x11, 0x1
#12005 0 8000022a     8552 r 0a         f0041010  c.mv     x10, x20
#12006 0 8000022c     37e9 r 01         8000022e  c.jal    . - 0x36
#12007 0 800001f6     1101 r 02         f0040fb0  c.addi   x2, -0x20
#12008 0 800001f8     cc22 m f0040fc8   f0041028  c.swsp   x8, 0x18
#12009 0 800001fa     ca26 m f0040fc4   00000002  c.swsp   x9, 0x14
#12010 0 800001fc     c84a m f0040fc0   f0041020  c.swsp   x18, 0x10
#12011 0 800001fe     c64e m f0040fbc   f0041018  c.swsp   x19, 0xc
#12012 0 80000200     c452 m f0040fb8   f0041010  c.swsp   x20, 0x8
#12013 0 80000202     ce06 m f0040fcc   8000022e  c.swsp   x1, 0x1c
#12014 0 80000204     4785 r 0f         00000001  c.li     x15, 0x1
#12015 0 80000206     8a2a r 14         f0041010  c.mv     x20, x10
#12016 0 80000208     8932 r 12         f0041020  c.mv     x18, x12
#12017 0 8000020a     89ba r 13         f0041018  c.mv     x19, x14
#12018 0 8000020c     84ae r 09         00000001  c.mv     x9, x11
#12019 0 8000020e     8436 r 08         f0041028  c.mv     x8, x13
#12020 0 80000210 02f58663 r 00         00000000  beq      x11, x15, . + 0x2c
#12021 0 8000023c     8432 r 08         f0041020  c.mv     x8, x12
#12022 0 8000023e     405c r 0f         f0040020  c.lw     x15, 0x4(x8)
#12023 0 80000240     4014 r 0d         00000002  c.lw     x13, 0x0(x8)
#12024 0 80000242 004a2703 r 0e         00000073  lw       x14, 0x4(x20)
#12025 0 80000246     43cc r 0b         f0040018  c.lw     x11, 0x4(x15)
#12026 0 80000248     4390 r 0c         00000003  c.lw     x12, 0x0(x15)
#12027 0 8000024a     16fd r 0d         00000001  c.addi   x13, -0x1
#12028 0 8000024c     c04c m f0041024   f0040018  c.sw     x11, 0x4(x8)
#12029 0 8000024e 0049a583 r 0b         00000000  lw       x11, 0x4(x19)
#12030 0 80000252     c014 m f0041020   00000001  c.sw     x13, 0x0(x8)
#12031 0 80000254 0009a683 r 0d         00000000  lw       x13, 0x0(x19)
#12032 0 80000258     c3cc m f0040024   00000000  c.sw     x11, 0x4(x15)
#12033 0 8000025a 00f9a223 m f004101c   f0040020  sw       x15, 0x4(x19)
#12034 0 8000025e     c390 m f0040020   00000003  c.sw     x12, 0x0(x15)
#12035 0 80000260     40f2 r 01         8000022e  c.lwsp   x1, 0x1c
#12036 0 80000262     4462 r 08         f0041028  c.lwsp   x8, 0x18
#12037 0 80000264 00168793 r 0f         00000001  addi     x15, x13, 0x1
#12038 0 80000268 00f9a023 m f0041018   00000001  sw       x15, 0x0(x19)
#12039 0 8000026c 00170793 r 0f         00000074  addi     x15, x14, 0x1
#12040 0 80000270 00fa2223 m f0041014   00000074  sw       x15, 0x4(x20)
#12041 0 80000274     44d2 r 09         00000002  c.lwsp   x9, 0x14
#12042 0 80000276     4942 r 12         f0041020  c.lwsp   x18, 0x10
#12043 0 80000278     49b2 r 13         f0041018  c.lwsp   x19, 0xc
#12044 0 8000027a     4a22 r 14         f0041010  c.lwsp   x20, 0x8
#12045 0 8000027c     6105 r 02         f0040fd0  c.addi16sp 0x2
#12046 0 8000027e     8082 r 00         00000000  c.jr     x1
#12047 0 8000022e     4785 r 0f         00000001  c.li     x15, 0x1
#12048 0 80000230     874a r 0e         f0041020  c.mv     x14, x18
#12049 0 80000232 00f48663 r 00         00000000  beq      x9, x15, . + 0xc
#12050 0 80000236     8922 r 12         f0041028  c.mv     x18, x8
#12051 0 80000238     843a r 08         f0041020  c.mv     x8, x14
#12052 0 8000023a     bfe9 r 00         00000000  c.j      . - 0x26
#12053 0 80000214     14fd r 09         00000001  c.addi   x9, -0x1
#12054 0 80000216     85a6 r 0b         00000001  c.mv     x11, x9
#12055 0 80000218     8552 r 0a         f0041010  c.mv     x10, x20
#12056 0 8000021a     8722 r 0e         f0041020  c.mv     x14, x8
#12057 0 8000021c     86ce r 0d         f0041018  c.mv     x13, x19
#12058 0 8000021e     864a r 0c         f0041028  c.mv     x12, x18
#12059 0 80000220     3fd9 r 01         80000222  c.jal    . - 0x2a
#12060 0 800001f6     1101 r 02         f0040fb0  c.addi   x2, -0x20
#12061 0 800001f8     cc22 m f0040fc8   f0041020  c.swsp   x8, 0x18
#12062 0 800001fa     ca26 m f0040fc4   00000001  c.swsp   x9, 0x14
#12063 0 800001fc     c84a m f0040fc0   f0041028  c.swsp   x18, 0x10
#12064 0 800001fe     c64e m f0040fbc   f0041018  c.swsp   x19, 0xc
#12065 0 80000200     c452 m f0040fb8   f0041010  c.swsp   x20, 0x8
#12066 0 80000202     ce06 m f0040fcc   80000222  c.swsp   x1, 0x1c
#12067 0 80000204     4785 r 0f         00000001  c.li     x15, 0x1
#12068 0 80000206     8a2a r 14         f0041010  c.mv     x20, x10
#12069 0 80000208     8932 r 12         f0041028  c.mv     x18, x12
#12070 0 8000020a     89ba r 13         f0041020  c.mv     x19, x14
#12071 0 8000020c     84ae r 09         00000001  c.mv     x9, x11
#12072 0 8000020e     8436 r 08         f0041018  c.mv     x8, x13
#12073 0 80000210 02f58663 r 00         00000000  beq      x11, x15, . + 0x2c
#12074 0 8000023c     8432 r 08         f0041028  c.mv     x8, x12
#12075 0 8000023e     405c r 0f         f0040030  c.lw     x15, 0x4(x8)
#12076 0 80000240     4014 r 0d         00000005  c.lw     x13, 0x0(x8)
#12077 0 80000242 004a2703 r 0e         00000074  lw       x14, 0x4(x20)
#12078 0 80000246     43cc r 0b         f0040028  c.lw     x11, 0x4(x15)
#12079 0 80000248     4390 r 0c         00000001  c.lw     x12, 0x0(x15)
#12080 0 8000024a     16fd r 0d         00000004  c.addi   x13, -0x1
#12081 0 8000024c     c04c m f004102c   f0040028  c.sw     x11, 0x4(x8)
#12082 0 8000024e 0049a583 r 0b         f0040018  lw       x11, 0x4(x19)
#12083 0 80000252     c014 m f0041028   00000004  c.sw     x13, 0x0(x8)
#12084 0 80000254 0009a683 r 0d         00000001  lw       x13, 0x0(x19)
#12085 0 80000258     c3cc m f0040034   f0040018  c.sw     x11, 0x4(x15)
#12086 0 8000025a 00f9a223 m f0041024   f0040030  sw       x15, 0x4(x19)
#12087 0 8000025e     c390 m f0040030   00000001  c.sw     x12, 0x0(x15)
#12088 0 80000260     40f2 r 01         80000222  c.lwsp   x1, 0x1c
#12089 0 80000262     4462 r 08         f0041020  c.lwsp   x8, 0x18
#12090 0 80000264 00168793 r 0f         00000002  addi     x15, x13, 0x1
#12091 0 80000268 00f9a023 m f0041020   00000002  sw       x15, 0x0(x19)
#12092 0 8000026c 00170793 r 0f         00000075  addi     x15, x14, 0x1
#12093 0 80000270 00fa2223 m f0041014   00000075  sw       x15, 0x4(x20)
#12094 0 80000274     44d2 r 09         00000001  c.lwsp   x9, 0x14
#12095 0 80000276     4942 r 12         f0041028  c.lwsp   x18, 0x10
#12096 0 80000278     49b2 r 13         f0041018  c.lwsp   x19, 0xc
#12097 0 8000027a     4a22 r 14         f0041010  c.lwsp   x20, 0x8
#12098 0 8000027c     6105 r 02         f0040fd0  c.addi16sp 0x2
#12099 0 8000027e     8082 r 00         00000000  c.jr     x1
#12100 0 80000222     874e r 0e         f0041018  c.mv     x14, x19
#12101 0 80000224     86a2 r 0d         f0041020  c.mv     x13, x8
#12102 0 80000226     864a r 0c         f0041028  c.mv     x12, x18
#12103 0 80000228     4585 r 0b         00000001  c.li     x11, 0x1
#12104 0 8000022a     8552 r 0a         f0041010  c.mv     x10, x20
#12105 0 8000022c     37e9 r 01         8000022e  c.jal    . - 0x36
#12106 0 800001f6     1101 r 02         f0040fb0  c.addi   x2, -0x20
#12107 0 800001f8     cc22 m f0040fc8   f0041020  c.swsp   x8, 0x18
#12108 0 800001fa     ca26 m f0040fc4   00000001  c.swsp   x9, 0x14
#12109 0 800001fc     c84a m f0040fc0   f0041028  c.swsp   x18, 0x10
#12110 0 800001fe     c64e m f0040fbc   f0041018  c.swsp   x19, 0xc
#12111 0 80000200     c452 m f0040fb8   f0041010  c.swsp   x20, 0x8
#12112 0 80000202     ce06 m f0040fcc   8000022e  c.swsp   x1, 0x1c
#12113 0 80000204     4785 r 0f         00000001  c.li     x15, 0x1
#12114 0 80000206     8a2a r 14         f0041010  c.mv     x20, x10
#12115 0 80000208     8932 r 12         f0041028  c.mv     x18, x12
#12116 0 8000020a     89ba r 13         f0041018  c.mv     x19, x14
#12117 0 8000020c     84ae r 09         00000001  c.mv     x9, x11
#12118 0 8000020e     8436 r 08         f0041020  c.mv     x8, x13
#12119 0 80000210 02f58663 r 00         00000000  beq      x11, x15, . + 0x2c
#12120 0 8000023c     8432 r 08         f0041028  c.mv     x8, x12
#12121 0 8000023e     405c r 0f         f0040028  c.lw     x15, 0x4(x8)
#12122 0 80000240     4014 r 0d         00000004  c.lw     x13, 0x0(x8)
#12123 0 80000242 004a2703 r 0e         00000075  lw       x14, 0x4(x20)
#12124 0 80000246     43cc r 0b         f0040010  c.lw     x11, 0x4(x15)
#12125 0 80000248     4390 r 0c         00000002  c.lw     x12, 0x0(x15)
#12126 0 8000024a     16fd r 0d         00000003  c.addi   x13, -0x1
#12127 0 8000024c     c04c m f004102c   f0040010  c.sw     x11, 0x4(x8)
#12128 0 8000024e 0049a583 r 0b         f0040020  lw       x11, 0x4(x19)
#12129 0 80000252     c014 m f0041028   00000003  c.sw     x13, 0x0(x8)
#12130 0 80000254 0009a683 r 0d         00000001  lw       x13, 0x0(x19)
#12131 0 80000258     c3cc m f004002c   f0040020  c.sw     x11, 0x4(x15)
#12132 0 8000025a 00f9a223 m f004101c   f0040028  sw       x15, 0x4(x19)
#12133 0 8000025e     c390 m f0040028   00000002  c.sw     x12, 0x0(x15)
#12134 0 80000260     40f2 r 01         8000022e  c.lwsp   x1, 0x1c
#12135 0 80000262     4462 r 08         f0041020  c.lwsp   x8, 0x18
#12136 0 80000264 00168793 r 0f         00000002  addi     x15, x13, 0x1
#12137 0 80000268 00f9a023 m f0041018   00000002  sw       x15, 0x0(x19)
#12138 0 8000026c 00170793 r 0f         00000076  addi     x15, x14, 0x1
#12139 0 80000270 00fa2223 m f0041014   00000076  sw       x15, 0x4(x20)
#12140 0 80000274     44d2 r 09         00000001  c.lwsp   x9, 0x14
#12141 0 80000276     4942 r 12         f0041028  c.lwsp   x18, 0x10
#12142 0 80000278     49b2 r 13         f0041018  c.lwsp   x19, 0xc
#12143 0 8000027a     4a22 r 14         f0041010  c.lwsp   x20, 0x8
#12144 0 8000027c     6105 r 02         f0040fd0  c.addi16sp 0x2
#12145 0 8000027e     8082 r 00         00000000  c.jr     x1
#12146 0 8000022e     4785 r 0f         00000001  c.li     x15, 0x1
#12147 0 80000230     874a r 0e         f0041028  c.mv     x14, x18
#12148 0 80000232 00f48663 r 00         00000000  beq      x9, x15, . + 0xc
#12149 0 8000023e     405c r 0f         f0040030  c.lw     x15, 0x4(x8)
#12150 0 80000240     4014 r 0d         00000002  c.lw     x13, 0x0(x8)
#12151 0 80000242 004a2703 r 0e         00000076  lw       x14, 0x4(x20)
#12152 0 80000246     43cc r 0b         f0040018  c.lw     x11, 0x4(x15)
#12153 0 80000248     4390 r 0c         00000001  c.lw     x12, 0x0(x15)
#12154 0 8000024a     16fd r 0d         00000001  c.addi   x13, -0x1
#12155 0 8000024c     c04c m f0041024   f0040018  c.sw     x11, 0x4(x8)
#12156 0 8000024e 0049a583 r 0b         f0040028  lw       x11, 0x4(x19)
#12157 0 80000252     c014 m f0041020   00000001  c.sw     x13, 0x0(x8)
#12158 0 80000254 0009a683 r 0d         00000002  lw       x13, 0x0(x19)
#12159 0 80000258     c3cc m f0040034   f0040028  c.sw     x11, 0x4(x15)
#12160 0 8000025a 00f9a223 m f004101c   f0040030  sw       x15, 0x4(x19)
#12161 0 8000025e     c390 m f0040030   00000001  c.sw     x12, 0x0(x15)
#12162 0 80000260     40f2 r 01         80000222  c.lwsp   x1, 0x1c
#12163 0 80000262     4462 r 08         f0041018  c.lwsp   x8, 0x18
#12164 0 80000264 00168793 r 0f         00000003  addi     x15, x13, 0x1
#12165 0 80000268 00f9a023 m f0041018   00000003  sw       x15, 0x0(x19)
#12166 0 8000026c 00170793 r 0f         00000077  addi     x15, x14, 0x1
#12167 0 80000270 00fa2223 m f0041014   00000077  sw       x15, 0x4(x20)
#12168 0 80000274     44d2 r 09         00000003  c.lwsp   x9, 0x14
#12169 0 80000276     4942 r 12         f0041020  c.lwsp   x18, 0x10
#12170 0 80000278     49b2 r 13         f0041028  c.lwsp   x19, 0xc
#12171 0 8000027a     4a22 r 14         f0041010  c.lwsp   x20, 0x8
#12172 0 8000027c     6105 r 02         f0040ff0  c.addi16sp 0x2
#12173 0 8000027e     8082 r 00         00000000  c.jr     x1
#12174 0 80000222     874e r 0e         f0041028  c.mv     x14, x19
#12175 0 80000224     86a2 r 0d         f0041018  c.mv     x13, x8
#12176 0 80000226     864a r 0c         f0041020  c.mv     x12, x18
#12177 0 80000228     4585 r 0b         00000001  c.li     x11, 0x1
#12178 0 8000022a     8552 r 0a         f0041010  c.mv     x10, x20
#12179 0 8000022c     37e9 r 01         8000022e  c.jal    . - 0x36
#12180 0 800001f6     1101 r 02         f0040fd0  c.addi   x2, -0x20
#12181 0 800001f8     cc22 m f0040fe8   f0041018  c.swsp   x8, 0x18
#12182 0 800001fa     ca26 m f0040fe4   00000003  c.swsp   x9, 0x14
#12183 0 800001fc     c84a m f0040fe0   f0041020  c.swsp   x18, 0x10
#12184 0 800001fe     c64e m f0040fdc   f0041028  c.swsp   x19, 0xc
#12185 0 80000200     c452 m f0040fd8   f0041010  c.swsp   x20, 0x8
#12186 0 80000202     ce06 m f0040fec   8000022e  c.swsp   x1, 0x1c
#12187 0 80000204     4785 r 0f         00000001  c.li     x15, 0x1
#12188 0 80000206     8a2a r 14         f0041010  c.mv     x20, x10
#12189 0 80000208     8932 r 12         f0041020  c.mv     x18, x12
#12190 0 8000020a     89ba r 13         f0041028  c.mv     x19, x14
#12191 0 8000020c     84ae r 09         00000001  c.mv     x9, x11
#12192 0 8000020e     8436 r 08         f0041018  c.mv     x8, x13
#12193 0 80000210 02f58663 r 00         00000000  beq      x11, x15, . + 0x2c
#12194 0 8000023c     8432 r 08         f0041020  c.mv     x8, x12
#12195 0 8000023e     405c r 0f         f0040018  c.lw     x15, 0x4(x8)
#12196 0 80000240     4014 r 0d         00000001  c.lw     x13, 0x0(x8)
#12197 0 80000242 004a2703 r 0e         00000077  lw       x14, 0x4(x20)
#12198 0 80000246     43cc r 0b         00000000  c.lw     x11, 0x4(x15)
#12199 0 80000248     4390 r 0c         00000004  c.lw     x12, 0x0(x15)
#12200 0 8000024a     16fd r 0d         00000000  c.addi   x13, -0x1
#12201 0 8000024c     c04c m f0041024   00000000  c.sw     x11, 0x4(x8)
#12202 0 8000024e 0049a583 r 0b         f0040010  lw       x11, 0x4(x19)
#12203 0 80000252     c014 m f0041020   00000000  c.sw     x13, 0x0(x8)
#12204 0 80000254 0009a683 r 0d         00000003  lw       x13, 0x0(x19)
#12205 0 80000258     c3cc m f004001c   f0040010  c.sw     x11, 0x4(x15)
#12206 0 8000025a 00f9a223 m f004102c   f0040018  sw       x15, 0x4(x19)
#12207 0 8000025e     c390 m f0040018   00000004  c.sw     x12, 0x0(x15)
#12208 0 80000260     40f2 r 01         8000022e  c.lwsp   x1, 0x1c
#12209 0 80000262     4462 r 08         f0041018  c.lwsp   x8, 0x18
#12210 0 80000264 00168793 r 0f         00000004  addi     x15, x13, 0x1
#12211 0 80000268 00f9a023 m f0041028   00000004  sw       x15, 0x0(x19)
#12212 0 8000026c 00170793 r 0f         00000078  addi     x15, x14, 0x1
#12213 0 80000270 00fa2223 m f0041014   00000078  sw       x15, 0x4(x20)
#12214 0 80000274     44d2 r 09         00000003  c.lwsp   x9, 0x14
#12215 0 80000276     4942 r 12         f0041020  c.lwsp   x18, 0x10
#12216 0 80000278     49b2 r 13         f0041028  c.lwsp   x19, 0xc
#12217 0 8000027a     4a22 r 14         f0041010  c.lwsp   x20, 0x8
#12218 0 8000027c     6105 r 02         f0040ff0  c.addi16sp 0x2
#12219 0 8000027e     8082 r 00         00000000  c.jr     x1
#12220 0 8000022e     4785 r 0f         00000001  c.li     x15, 0x1
#12221 0 80000230     874a r 0e         f0041020  c.mv     x14, x18
#12222 0 80000232 00f48663 r 00         00000000  beq      x9, x15, . + 0xc
#12223 0 80000236     8922 r 12         f0041018  c.mv     x18, x8
#12224 0 80000238     843a r 08         f0041020  c.mv     x8, x14
#12225 0 8000023a     bfe9 r 00         00000000  c.j      . - 0x26
#12226 0 80000214     14fd r 09         00000002  c.addi   x9, -0x1
#12227 0 80000216     85a6 r 0b         00000002  c.mv     x11, x9
#12228 0 80000218     8552 r 0a         f0041010  c.mv     x10, x20
#12229 0 8000021a     8722 r 0e         f0041020  c.mv     x14, x8
#12230 0 8000021c     86ce r 0d         f0041028  c.mv     x13, x19
#12231 0 8000021e     864a r 0c         f0041018  c.mv     x12, x18
#12232 0 80000220     3fd9 r 01         80000222  c.jal    . - 0x2a
#12233 0 800001f6     1101 r 02         f0040fd0  c.addi   x2, -0x20
#12234 0 800001f8     cc22 m f0040fe8   f0041020  c.swsp   x8, 0x18
#12235 0 800001fa     ca26 m f0040fe4   00000002  c.swsp   x9, 0x14
#12236 0 800001fc     c84a m f0040fe0   f0041018  c.swsp   x18, 0x10
#12237 0 800001fe     c64e m f0040fdc   f0041028  c.swsp   x19, 0xc
#12238 0 80000200     c452 m f0040fd8   f0041010  c.swsp   x20, 0x8
#12239 0 80000202     ce06 m f0040fec   80000222  c.swsp   x1, 0x1c
#12240 0 80000204     4785 r 0f         00000001  c.li     x15, 0x1
#12241 0 80000206     8a2a r 14         f0041010  c.mv     x20, x10
#12242 0 80000208     8932 r 12         f0041018  c.mv     x18, x12
#12243 0 8000020a     89ba r 13         f0041020  c.mv     x19, x14
#12244 0 8000020c     84ae r 09         00000002  c.mv     x9, x11
#12245 0 8000020e     8436 r 08         f0041028  c.mv     x8, x13
#12246 0 80000210 02f58663 r 00         00000000  beq      x11, x15, . + 0x2c
#12247 0 80000214     14fd r 09         00000001  c.addi   x9, -0x1
#12248 0 80000216     85a6 r 0b         00000001  c.mv     x11, x9
#12249 0 80000218     8552 r 0a         f0041010  c.mv     x10, x20
#12250 0 8000021a     8722 r 0e         f0041028  c.mv     x14, x8
#12251 0 8000021c     86ce r 0d         f0041020  c.mv     x13, x19
#12252 0 8000021e     864a r 0c         f0041018  c.mv     x12, x18
#12253 0 80000220     3fd9 r 01         80000222  c.jal    . - 0x2a
#12254 0 800001f6     1101 r 02         f0040fb0  c.addi   x2, -0x20
#12255 0 800001f8     cc22 m f0040fc8   f0041028  c.swsp   x8, 0x18
#12256 0 800001fa     ca26 m f0040fc4   00000001  c.swsp   x9, 0x14
#12257 0 800001fc     c84a m f0040fc0   f0041018  c.swsp   x18, 0x10
#12258 0 800001fe     c64e m f0040fbc   f0041020  c.swsp   x19, 0xc
#12259 0 80000200     c452 m f0040fb8   f0041010  c.swsp   x20, 0x8
#12260 0 80000202     ce06 m f0040fcc   80000222  c.swsp   x1, 0x1c
#12261 0 80000204     4785 r 0f         00000001  c.li     x15, 0x1
#12262 0 80000206     8a2a r 14         f0041010  c.mv     x20, x10
#12263 0 80000208     8932 r 12         f0041018  c.mv     x18, x12
#12264 0 8000020a     89ba r 13         f0041028  c.mv     x19, x14
#12265 0 8000020c     84ae r 09         00000001  c.mv     x9, x11
#12266 0 8000020e     8436 r 08         f0041020  c.mv     x8, x13
#12267 0 80000210 02f58663 r 00         00000000  beq      x11, x15, . + 0x2c
#12268 0 8000023c     8432 r 08         f0041018  c.mv     x8, x12
#12269 0 8000023e     405c r 0f         f0040030  c.lw     x15, 0x4(x8)
#12270 0 80000240     4014 r 0d         00000003  c.lw     x13, 0x0(x8)
#12271 0 80000242 004a2703 r 0e         00000078  lw       x14, 0x4(x20)
#12272 0 80000246     43cc r 0b         f0040028  c.lw     x11, 0x4(x15)
#12273 0 80000248     4390 r 0c         00000001  c.lw     x12, 0x0(x15)
#12274 0 8000024a     16fd r 0d         00000002  c.addi   x13, -0x1
#12275 0 8000024c     c04c m f004101c   f0040028  c.sw     x11, 0x4(x8)
#12276 0 8000024e 0049a583 r 0b         f0040018  lw       x11, 0x4(x19)
#12277 0 80000252     c014 m f0041018   00000002  c.sw     x13, 0x0(x8)
#12278 0 80000254 0009a683 r 0d         00000004  lw       x13, 0x0(x19)
#12279 0 80000258     c3cc m f0040034   f0040018  c.sw     x11, 0x4(x15)
#12280 0 8000025a 00f9a223 m f004102c   f0040030  sw       x15, 0x4(x19)
#12281 0 8000025e     c390 m f0040030   00000001  c.sw     x12, 0x0(x15)
#12282 0 80000260     40f2 r 01         80000222  c.lwsp   x1, 0x1c
#12283 0 80000262     4462 r 08         f0041028  c.lwsp   x8, 0x18
#12284 0 80000264 00168793 r 0f         00000005  addi     x15, x13, 0x1
#12285 0 80000268 00f9a023 m f0041028   00000005  sw       x15, 0x0(x19)
#12286 0 8000026c 00170793 r 0f         00000079  addi     x15, x14, 0x1
#12287 0 80000270 00fa2223 m f0041014   00000079  sw       x15, 0x4(x20)
#12288 0 80000274     44d2 r 09         00000001  c.lwsp   x9, 0x14
#12289 0 80000276     4942 r 12         f0041018  c.lwsp   x18, 0x10
#12290 0 80000278     49b2 r 13         f0041020  c.lwsp   x19, 0xc
#12291 0 8000027a     4a22 r 14         f0041010  c.lwsp   x20, 0x8
#12292 0 8000027c     6105 r 02         f0040fd0  c.addi16sp 0x2
#12293 0 8000027e     8082 r 00         00000000  c.jr     x1
#12294 0 80000222     874e r 0e         f0041020  c.mv     x14, x19
#12295 0 80000224     86a2 r 0d         f0041028  c.mv     x13, x8
#12296 0 80000226     864a r 0c         f0041018  c.mv     x12, x18
#12297 0 80000228     4585 r 0b         00000001  c.li     x11, 0x1
#12298 0 8000022a     8552 r 0a         f0041010  c.mv     x10, x20
#12299 0 8000022c     37e9 r 01         8000022e  c.jal    . - 0x36
#12300 0 800001f6     1101 r 02         f0040fb0  c.addi   x2, -0x20
#12301 0 800001f8     cc22 m f0040fc8   f0041028  c.swsp   x8, 0x18
#12302 0 800001fa     ca26 m f0040fc4   00000001  c.swsp   x9, 0x14
#12303 0 800001fc     c84a m f0040fc0   f0041018  c.swsp   x18, 0x10
#12304 0 800001fe     c64e m f0040fbc   f0041020  c.swsp   x19, 0xc
#12305 0 80000200     c452 m f0040fb8   f0041010  c.swsp   x20, 0x8
#12306 0 80000202     ce06 m f0040fcc   8000022e  c.swsp   x1, 0x1c
#12307 0 80000204     4785 r 0f         00000001  c.li     x15, 0x1
#12308 0 80000206     8a2a r 14         f0041010  c.mv     x20, x10
#12309 0 80000208     8932 r 12         f0041018  c.mv     x18, x12
#12310 0 8000020a     89ba r 13         f0041020  c.mv     x19, x14
#12311 0 8000020c     84ae r 09         00000001  c.mv     x9, x11
#12312 0 8000020e     8436 r 08         f0041028  c.mv     x8, x13
#12313 0 80000210 02f58663 r 00         00000000  beq      x11, x15, . + 0x2c
#12314 0 8000023c     8432 r 08         f0041018  c.mv     x8, x12
#12315 0 8000023e     405c r 0f         f0040028  c.lw     x15, 0x4(x8)
#12316 0 80000240     4014 r 0d         00000002  c.lw     x13, 0x0(x8)
#12317 0 80000242 004a2703 r 0e         00000079  lw       x14, 0x4(x20)
#12318 0 80000246     43cc r 0b         f0040020  c.lw     x11, 0x4(x15)
#12319 0 80000248     4390 r 0c         00000002  c.lw     x12, 0x0(x15)
#12320 0 8000024a     16fd r 0d         00000001  c.addi   x13, -0x1
#12321 0 8000024c     c04c m f004101c   f0040020  c.sw     x11, 0x4(x8)
#12322 0 8000024e 0049a583 r 0b         00000000  lw       x11, 0x4(x19)
#12323 0 80000252     c014 m f0041018   00000001  c.sw     x13, 0x0(x8)
#12324 0 80000254 0009a683 r 0d         00000000  lw       x13, 0x0(x19)
#12325 0 80000258     c3cc m f004002c   00000000  c.sw     x11, 0x4(x15)
#12326 0 8000025a 00f9a223 m f0041024   f0040028  sw       x15, 0x4(x19)
#12327 0 8000025e     c390 m f0040028   00000002  c.sw     x12, 0x0(x15)
#12328 0 80000260     40f2 r 01         8000022e  c.lwsp   x1, 0x1c
#12329 0 80000262     4462 r 08         f0041028  c.lwsp   x8, 0x18
#12330 0 80000264 00168793 r 0f         00000001  addi     x15, x13, 0x1
#12331 0 80000268 00f9a023 m f0041020   00000001  sw       x15, 0x0(x19)
#12332 0 8000026c 00170793 r 0f         0000007a  addi     x15, x14, 0x1
#12333 0 80000270 00fa2223 m f0041014   0000007a  sw       x15, 0x4(x20)
#12334 0 80000274     44d2 r 09         00000001  c.lwsp   x9, 0x14
#12335 0 80000276     4942 r 12         f0041018  c.lwsp   x18, 0x10
#12336 0 80000278     49b2 r 13         f0041020  c.lwsp   x19, 0xc
#12337 0 8000027a     4a22 r 14         f0041010  c.lwsp   x20, 0x8
#12338 0 8000027c     6105 r 02         f0040fd0  c.addi16sp 0x2
#12339 0 8000027e     8082 r 00         00000000  c.jr     x1
#12340 0 8000022e     4785 r 0f         00000001  c.li     x15, 0x1
#12341 0 80000230     874a r 0e         f0041018  c.mv     x14, x18
#12342 0 80000232 00f48663 r 00         00000000  beq      x9, x15, . + 0xc
#12343 0 8000023e     405c r 0f         f0040030  c.lw     x15, 0x4(x8)
#12344 0 80000240     4014 r 0d         00000005  c.lw     x13, 0x0(x8)
#12345 0 80000242 004a2703 r 0e         0000007a  lw       x14, 0x4(x20)
#12346 0 80000246     43cc r 0b         f0040018  c.lw     x11, 0x4(x15)
#12347 0 80000248     4390 r 0c         00000001  c.lw     x12, 0x0(x15)
#12348 0 8000024a     16fd r 0d         00000004  c.addi   x13, -0x1
#12349 0 8000024c     c04c m f004102c   f0040018  c.sw     x11, 0x4(x8)
#12350 0 8000024e 0049a583 r 0b         f0040028  lw       x11, 0x4(x19)
#12351 0 80000252     c014 m f0041028   00000004  c.sw     x13, 0x0(x8)
#12352 0 80000254 0009a683 r 0d         00000001  lw       x13, 0x0(x19)
#12353 0 80000258     c3cc m f0040034   f0040028  c.sw     x11, 0x4(x15)
#12354 0 8000025a 00f9a223 m f0041024   f0040030  sw       x15, 0x4(x19)
#12355 0 8000025e     c390 m f0040030   00000001  c.sw     x12, 0x0(x15)
#12356 0 80000260     40f2 r 01         80000222  c.lwsp   x1, 0x1c
#12357 0 80000262     4462 r 08         f0041020  c.lwsp   x8, 0x18
#12358 0 80000264 00168793 r 0f         00000002  addi     x15, x13, 0x1
#12359 0 80000268 00f9a023 m f0041020   00000002  sw       x15, 0x0(x19)
#12360 0 8000026c 00170793 r 0f         0000007b  addi     x15, x14, 0x1
#12361 0 80000270 00fa2223 m f0041014   0000007b  sw       x15, 0x4(x20)
#12362 0 80000274     44d2 r 09         00000002  c.lwsp   x9, 0x14
#12363 0 80000276     4942 r 12         f0041018  c.lwsp   x18, 0x10
#12364 0 80000278     49b2 r 13         f0041028  c.lwsp   x19, 0xc
#12365 0 8000027a     4a22 r 14         f0041010  c.lwsp   x20, 0x8
#12366 0 8000027c     6105 r 02         f0040ff0  c.addi16sp 0x2
#12367 0 8000027e     8082 r 00         00000000  c.jr     x1
#12368 0 80000222     874e r 0e         f0041028  c.mv     x14, x19
#12369 0 80000224     86a2 r 0d         f0041020  c.mv     x13, x8
#12370 0 80000226     864a r 0c         f0041018  c.mv     x12, x18
#12371 0 80000228     4585 r 0b         00000001  c.li     x11, 0x1
#12372 0 8000022a     8552 r 0a         f0041010  c.mv     x10, x20
#12373 0 8000022c     37e9 r 01         8000022e  c.jal    . - 0x36
#12374 0 800001f6     1101 r 02         f0040fd0  c.addi   x2, -0x20
#12375 0 800001f8     cc22 m f0040fe8   f0041020  c.swsp   x8, 0x18
#12376 0 800001fa     ca26 m f0040fe4   00000002  c.swsp   x9, 0x14
#12377 0 800001fc     c84a m f0040fe0   f0041018  c.swsp   x18, 0x10
#12378 0 800001fe     c64e m f0040fdc   f0041028  c.swsp   x19, 0xc
#12379 0 80000200     c452 m f0040fd8   f0041010  c.swsp   x20, 0x8
#12380 0 80000202     ce06 m f0040fec   8000022e  c.swsp   x1, 0x1c
#12381 0 80000204     4785 r 0f         00000001  c.li     x15, 0x1
#12382 0 80000206     8a2a r 14         f0041010  c.mv     x20, x10
#12383 0 80000208     8932 r 12         f0041018  c.mv     x18, x12
#12384 0 8000020a     89ba r 13         f0041028  c.mv     x19, x14
#12385 0 8000020c     84ae r 09         00000001  c.mv     x9, x11
#12386 0 8000020e     8436 r 08         f0041020  c.mv     x8, x13
#12387 0 80000210 02f58663 r 00         00000000  beq      x11, x15, . + 0x2c
#12388 0 8000023c     8432 r 08         f0041018  c.mv     x8, x12
#12389 0 8000023e     405c r 0f         f0040020  c.lw     x15, 0x4(x8)
#12390 0 80000240     4014 r 0d         00000001  c.lw     x13, 0x0(x8)
#12391 0 80000242 004a2703 r 0e         0000007b  lw       x14, 0x4(x20)
#12392 0 80000246     43cc r 0b         00000000  c.lw     x11, 0x4(x15)
#12393 0 80000248     4390 r 0c         00000003  c.lw     x12, 0x0(x15)
#12394 0 8000024a     16fd r 0d         00000000  c.addi   x13, -0x1
#12395 0 8000024c     c04c m f004101c   00000000  c.sw     x11, 0x4(x8)
#12396 0 8000024e 0049a583 r 0b         f0040018  lw       x11, 0x4(x19)
#12397 0 80000252     c014 m f0041018   00000000  c.sw     x13, 0x0(x8)
#12398 0 80000254 0009a683 r 0d         00000004  lw       x13, 0x0(x19)
#12399 0 80000258     c3cc m f0040024   f0040018  c.sw     x11, 0x4(x15)
#12400 0 8000025a 00f9a223 m f004102c   f0040020  sw       x15, 0x4(x19)
#12401 0 8000025e     c390 m f0040020   00000003  c.sw     x12, 0x0(x15)
#12402 0 80000260     40f2 r 01         8000022e  c.lwsp   x1, 0x1c
#12403 0 80000262     4462 r 08         f0041020  c.lwsp   x8, 0x18
#12404 0 80000264 00168793 r 0f         00000005  addi     x15, x13, 0x1
#12405 0 80000268 00f9a023 m f0041028   00000005  sw       x15, 0x0(x19)
#12406 0 8000026c 00170793 r 0f         0000007c  addi     x15, x14, 0x1
#12407 0 80000270 00fa2223 m f0041014   0000007c  sw       x15, 0x4(x20)
#12408 0 80000274     44d2 r 09         00000002  c.lwsp   x9, 0x14
#12409 0 80000276     4942 r 12         f0041018  c.lwsp   x18, 0x10
#12410 0 80000278     49b2 r 13         f0041028  c.lwsp   x19, 0xc
#12411 0 8000027a     4a22 r 14         f0041010  c.lwsp   x20, 0x8
#12412 0 8000027c     6105 r 02         f0040ff0  c.addi16sp 0x2
#12413 0 8000027e     8082 r 00         00000000  c.jr     x1
#12414 0 8000022e     4785 r 0f         00000001  c.li     x15, 0x1
#12415 0 80000230     874a r 0e         f0041018  c.mv     x14, x18
#12416 0 80000232 00f48663 r 00         00000000  beq      x9, x15, . + 0xc
#12417 0 80000236     8922 r 12         f0041020  c.mv     x18, x8
#12418 0 80000238     843a r 08         f0041018  c.mv     x8, x14
#12419 0 8000023a     bfe9 r 00         00000000  c.j      . - 0x26
#12420 0 80000214     14fd r 09         00000001  c.addi   x9, -0x1
#12421 0 80000216     85a6 r 0b         00000001  c.mv     x11, x9
#12422 0 80000218     8552 r 0a         f0041010  c.mv     x10, x20
#12423 0 8000021a     8722 r 0e         f0041018  c.mv     x14, x8
#12424 0 8000021c     86ce r 0d         f0041028  c.mv     x13, x19
#12425 0 8000021e     864a r 0c         f0041020  c.mv     x12, x18
#12426 0 80000220     3fd9 r 01         80000222  c.jal    . - 0x2a
#12427 0 800001f6     1101 r 02         f0040fd0  c.addi   x2, -0x20
#12428 0 800001f8     cc22 m f0040fe8   f0041018  c.swsp   x8, 0x18
#12429 0 800001fa     ca26 m f0040fe4   00000001  c.swsp   x9, 0x14
#12430 0 800001fc     c84a m f0040fe0   f0041020  c.swsp   x18, 0x10
#12431 0 800001fe     c64e m f0040fdc   f0041028  c.swsp   x19, 0xc
#12432 0 80000200     c452 m f0040fd8   f0041010  c.swsp   x20, 0x8
#12433 0 80000202     ce06 m f0040fec   80000222  c.swsp   x1, 0x1c
#12434 0 80000204     4785 r 0f         00000001  c.li     x15, 0x1
#12435 0 80000206     8a2a r 14         f0041010  c.mv     x20, x10
#12436 0 80000208     8932 r 12         f0041020  c.mv     x18, x12
#12437 0 8000020a     89ba r 13         f0041018  c.mv     x19, x14
#12438 0 8000020c     84ae r 09         00000001  c.mv     x9, x11
#12439 0 8000020e     8436 r 08         f0041028  c.mv     x8, x13
#12440 0 80000210 02f58663 r 00         00000000  beq      x11, x15, . + 0x2c
#12441 0 8000023c     8432 r 08         f0041020  c.mv     x8, x12
#12442 0 8000023e     405c r 0f         f0040030  c.lw     x15, 0x4(x8)
#12443 0 80000240     4014 r 0d         00000002  c.lw     x13, 0x0(x8)
#12444 0 80000242 004a2703 r 0e         0000007c  lw       x14, 0x4(x20)
#12445 0 80000246     43cc r 0b         f0040028  c.lw     x11, 0x4(x15)
#12446 0 80000248     4390 r 0c         00000001  c.lw     x12, 0x0(x15)
#12447 0 8000024a     16fd r 0d         00000001  c.addi   x13, -0x1
#12448 0 8000024c     c04c m f0041024   f0040028  c.sw     x11, 0x4(x8)
#12449 0 8000024e 0049a583 r 0b         00000000  lw       x11, 0x4(x19)
#12450 0 80000252     c014 m f0041020   00000001  c.sw     x13, 0x0(x8)
#12451 0 80000254 0009a683 r 0d         00000000  lw       x13, 0x0(x19)
#12452 0 80000258     c3cc m f0040034   00000000  c.sw     x11, 0x4(x15)
#12453 0 8000025a 00f9a223 m f004101c   f0040030  sw       x15, 0x4(x19)
#12454 0 8000025e     c390 m f0040030   00000001  c.sw     x12, 0x0(x15)
#12455 0 80000260     40f2 r 01         80000222  c.lwsp   x1, 0x1c
#12456 0 80000262     4462 r 08         f0041018  c.lwsp   x8, 0x18
#12457 0 80000264 00168793 r 0f         00000001  addi     x15, x13, 0x1
#12458 0 80000268 00f9a023 m f0041018   00000001  sw       x15, 0x0(x19)
#12459 0 8000026c 00170793 r 0f         0000007d  addi     x15, x14, 0x1
#12460 0 80000270 00fa2223 m f0041014   0000007d  sw       x15, 0x4(x20)
#12461 0 80000274     44d2 r 09         00000001  c.lwsp   x9, 0x14
#12462 0 80000276     4942 r 12         f0041020  c.lwsp   x18, 0x10
#12463 0 80000278     49b2 r 13         f0041028  c.lwsp   x19, 0xc
#12464 0 8000027a     4a22 r 14         f0041010  c.lwsp   x20, 0x8
#12465 0 8000027c     6105 r 02         f0040ff0  c.addi16sp 0x2
#12466 0 8000027e     8082 r 00         00000000  c.jr     x1
#12467 0 80000222     874e r 0e         f0041028  c.mv     x14, x19
#12468 0 80000224     86a2 r 0d         f0041018  c.mv     x13, x8
#12469 0 80000226     864a r 0c         f0041020  c.mv     x12, x18
#12470 0 80000228     4585 r 0b         00000001  c.li     x11, 0x1
#12471 0 8000022a     8552 r 0a         f0041010  c.mv     x10, x20
#12472 0 8000022c     37e9 r 01         8000022e  c.jal    . - 0x36
#12473 0 800001f6     1101 r 02         f0040fd0  c.addi   x2, -0x20
#12474 0 800001f8     cc22 m f0040fe8   f0041018  c.swsp   x8, 0x18
#12475 0 800001fa     ca26 m f0040fe4   00000001  c.swsp   x9, 0x14
#12476 0 800001fc     c84a m f0040fe0   f0041020  c.swsp   x18, 0x10
#12477 0 800001fe     c64e m f0040fdc   f0041028  c.swsp   x19, 0xc
#12478 0 80000200     c452 m f0040fd8   f0041010  c.swsp   x20, 0x8
#12479 0 80000202     ce06 m f0040fec   8000022e  c.swsp   x1, 0x1c
#12480 0 80000204     4785 r 0f         00000001  c.li     x15, 0x1
#12481 0 80000206     8a2a r 14         f0041010  c.mv     x20, x10
#12482 0 80000208     8932 r 12         f0041020  c.mv     x18, x12
#12483 0 8000020a     89ba r 13         f0041028  c.mv     x19, x14
#12484 0 8000020c     84ae r 09         00000001  c.mv     x9, x11
#12485 0 8000020e     8436 r 08         f0041018  c.mv     x8, x13
#12486 0 80000210 02f58663 r 00         00000000  beq      x11, x15, . + 0x2c
#12487 0 8000023c     8432 r 08         f0041020  c.mv     x8, x12
#12488 0 8000023e     405c r 0f         f0040028  c.lw     x15, 0x4(x8)
#12489 0 80000240     4014 r 0d         00000001  c.lw     x13, 0x0(x8)
#12490 0 80000242 004a2703 r 0e         0000007d  lw       x14, 0x4(x20)
#12491 0 80000246     43cc r 0b         00000000  c.lw     x11, 0x4(x15)
#12492 0 80000248     4390 r 0c         00000002  c.lw     x12, 0x0(x15)
#12493 0 8000024a     16fd r 0d         00000000  c.addi   x13, -0x1
#12494 0 8000024c     c04c m f0041024   00000000  c.sw     x11, 0x4(x8)
#12495 0 8000024e 0049a583 r 0b         f0040020  lw       x11, 0x4(x19)
#12496 0 80000252     c014 m f0041020   00000000  c.sw     x13, 0x0(x8)
#12497 0 80000254 0009a683 r 0d         00000005  lw       x13, 0x0(x19)
#12498 0 80000258     c3cc m f004002c   f0040020  c.sw     x11, 0x4(x15)
#12499 0 8000025a 00f9a223 m f004102c   f0040028  sw       x15, 0x4(x19)
#12500 0 8000025e     c390 m f0040028   00000002  c.sw     x12, 0x0(x15)
#12501 0 80000260     40f2 r 01         8000022e  c.lwsp   x1, 0x1c
#12502 0 80000262     4462 r 08         f0041018  c.lwsp   x8, 0x18
#12503 0 80000264 00168793 r 0f         00000006  addi     x15, x13, 0x1
#12504 0 80000268 00f9a023 m f0041028   00000006  sw       x15, 0x0(x19)
#12505 0 8000026c 00170793 r 0f         0000007e  addi     x15, x14, 0x1
#12506 0 80000270 00fa2223 m f0041014   0000007e  sw       x15, 0x4(x20)
#12507 0 80000274     44d2 r 09         00000001  c.lwsp   x9, 0x14
#12508 0 80000276     4942 r 12         f0041020  c.lwsp   x18, 0x10
#12509 0 80000278     49b2 r 13         f0041028  c.lwsp   x19, 0xc
#12510 0 8000027a     4a22 r 14         f0041010  c.lwsp   x20, 0x8
#12511 0 8000027c     6105 r 02         f0040ff0  c.addi16sp 0x2
#12512 0 8000027e     8082 r 00         00000000  c.jr     x1
#12513 0 8000022e     4785 r 0f         00000001  c.li     x15, 0x1
#12514 0 80000230     874a r 0e         f0041020  c.mv     x14, x18
#12515 0 80000232 00f48663 r 00         00000000  beq      x9, x15, . + 0xc
#12516 0 8000023e     405c r 0f         f0040030  c.lw     x15, 0x4(x8)
#12517 0 80000240     4014 r 0d         00000001  c.lw     x13, 0x0(x8)
#12518 0 80000242 004a2703 r 0e         0000007e  lw       x14, 0x4(x20)
#12519 0 80000246     43cc r 0b         00000000  c.lw     x11, 0x4(x15)
#12520 0 80000248     4390 r 0c         00000001  c.lw     x12, 0x0(x15)
#12521 0 8000024a     16fd r 0d         00000000  c.addi   x13, -0x1
#12522 0 8000024c     c04c m f004101c   00000000  c.sw     x11, 0x4(x8)
#12523 0 8000024e 0049a583 r 0b         f0040028  lw       x11, 0x4(x19)
#12524 0 80000252     c014 m f0041018   00000000  c.sw     x13, 0x0(x8)
#12525 0 80000254 0009a683 r 0d         00000006  lw       x13, 0x0(x19)
#12526 0 80000258     c3cc m f0040034   f0040028  c.sw     x11, 0x4(x15)
#12527 0 8000025a 00f9a223 m f004102c   f0040030  sw       x15, 0x4(x19)
#12528 0 8000025e     c390 m f0040030   00000001  c.sw     x12, 0x0(x15)
#12529 0 80000260     40f2 r 01         80000368  c.lwsp   x1, 0x1c
#12530 0 80000262     4462 r 08         00000000  c.lwsp   x8, 0x18
#12531 0 80000264 00168793 r 0f         00000007  addi     x15, x13, 0x1
#12532 0 80000268 00f9a023 m f0041028   00000007  sw       x15, 0x0(x19)
#12533 0 8000026c 00170793 r 0f         0000007f  addi     x15, x14, 0x1
#12534 0 80000270 00fa2223 m f0041014   0000007f  sw       x15, 0x4(x20)
#12535 0 80000274     44d2 r 09         00000000  c.lwsp   x9, 0x14
#12536 0 80000276     4942 r 12         00000000  c.lwsp   x18, 0x10
#12537 0 80000278     49b2 r 13         00000000  c.lwsp   x19, 0xc
#12538 0 8000027a     4a22 r 14         00000000  c.lwsp   x20, 0x8
#12539 0 8000027c     6105 r 02         f0041010  c.addi16sp 0x2
#12540 0 8000027e     8082 r 00         00000000  c.jr     x1
#12541 0 80000368     47a2 r 0f         00000000  c.lwsp   x15, 0x8
#12542 0 8000036a     4509 r 0a         00000002  c.li     x10, 0x2
#12543 0 8000036c     e791 r 00         00000000  c.bnez   x15, . + 0xc
#12544 0 8000036e     47c2 r 0f         00000000  c.lwsp   x15, 0x10
#12545 0 80000370     450d r 0a         00000003  c.li     x10, 0x3
#12546 0 80000372     e399 r 00         00000000  c.bnez   x15, . + 0x6
#12547 0 80000374     850a r 0a         f0041010  c.mv     x10, x2
#12548 0 80000376     31f9 r 01         80000378  c.jal    . - 0x332
#12549 0 80000044     4110 r 0c         00000007  c.lw     x12, 0x0(x10)
#12550 0 80000046     4d1c r 0f         00000007  c.lw     x15, 0x18(x10)
#12551 0 80000048 00c79e63 r 00         00000000  bne      x15, x12, . + 0x1c
#12552 0 8000004c     4d5c r 0f         f0040030  c.lw     x15, 0x1c(x10)
#12553 0 8000004e     cf89 r 00         00000000  c.beqz   x15, . + 0x1a
#12554 0 80000050     4701 r 0e         00000000  c.li     x14, 0x0
#12555 0 80000052     a019 r 00         00000000  c.j      . + 0x6
#12556 0 80000058     4394 r 0d         00000001  c.lw     x13, 0x0(x15)
#12557 0 8000005a     0705 r 0e         00000001  c.addi   x14, 0x1
#12558 0 8000005c fed70ce3 r 00         00000000  beq      x14, x13, . - 0x8
#12559 0 80000054     43dc r 0f         f0040028  c.lw     x15, 0x4(x15)
#12560 0 80000056     cb89 r 00         00000000  c.beqz   x15, . + 0x12
#12561 0 80000058     4394 r 0d         00000002  c.lw     x13, 0x0(x15)
#12562 0 8000005a     0705 r 0e         00000002  c.addi   x14, 0x1
#12563 0 8000005c fed70ce3 r 00         00000000  beq      x14, x13, . - 0x8
#12564 0 80000054     43dc r 0f         f0040020  c.lw     x15, 0x4(x15)
#12565 0 80000056     cb89 r 00         00000000  c.beqz   x15, . + 0x12
#12566 0 80000058     4394 r 0d         00000003  c.lw     x13, 0x0(x15)
#12567 0 8000005a     0705 r 0e         00000003  c.addi   x14, 0x1
#12568 0 8000005c fed70ce3 r 00         00000000  beq      x14, x13, . - 0x8
#12569 0 80000054     43dc r 0f         f0040018  c.lw     x15, 0x4(x15)
#12570 0 80000056     cb89 r 00         00000000  c.beqz   x15, . + 0x12
#12571 0 80000058     4394 r 0d         00000004  c.lw     x13, 0x0(x15)
#12572 0 8000005a     0705 r 0e         00000004  c.addi   x14, 0x1
#12573 0 8000005c fed70ce3 r 00         00000000  beq      x14, x13, . - 0x8
#12574 0 80000054     43dc r 0f         f0040010  c.lw     x15, 0x4(x15)
#12575 0 80000056     cb89 r 00         00000000  c.beqz   x15, . + 0x12
#12576 0 80000058     4394 r 0d         00000005  c.lw     x13, 0x0(x15)
#12577 0 8000005a     0705 r 0e         00000005  c.addi   x14, 0x1
#12578 0 8000005c fed70ce3 r 00         00000000  beq      x14, x13, . - 0x8
#12579 0 80000054     43dc r 0f         f0040008  c.lw     x15, 0x4(x15)
#12580 0 80000056     cb89 r 00         00000000  c.beqz   x15, . + 0x12
#12581 0 80000058     4394 r 0d         00000006  c.lw     x13, 0x0(x15)
#12582 0 8000005a     0705 r 0e         00000006  c.addi   x14, 0x1
#12583 0 8000005c fed70ce3 r 00         00000000  beq      x14, x13, . - 0x8
#12584 0 80000054     43dc r 0f         f0040000  c.lw     x15, 0x4(x15)
#12585 0 80000056     cb89 r 00         00000000  c.beqz   x15, . + 0x12
#12586 0 80000058     4394 r 0d         00000007  c.lw     x13, 0x0(x15)
#12587 0 8000005a     0705 r 0e         00000007  c.addi   x14, 0x1
#12588 0 8000005c fed70ce3 r 00         00000000  beq      x14, x13, . - 0x8
#12589 0 80000054     43dc r 0f         00000000  c.lw     x15, 0x4(x15)
#12590 0 80000056     cb89 r 00         00000000  c.beqz   x15, . + 0x12
#12591 0 80000068     4158 r 0e         0000007f  c.lw     x14, 0x4(x10)
#12592 0 8000006a     4785 r 0f         00000001  c.li     x15, 0x1
#12593 0 8000006c 00c79633 r 0c         00000080  sll      x12, x15, x12
#12594 0 80000070     167d r 0c         0000007f  c.addi   x12, -0x1
#12595 0 80000072     4501 r 0a         00000000  c.li     x10, 0x0
#12596 0 80000074 fec707e3 r 00         00000000  beq      x14, x12, . - 0x12
#12597 0 80000062     8082 r 00         00000000  c.jr     x1
#12598 0 80000378     50b2 r 01         80000016  c.lwsp   x1, 0x2c
#12599 0 8000037a     6145 r 02         f0041040  c.addi16sp 0x3
#12600 0 8000037c     8082 r 00         00000000  c.jr     x1
#12601 0 80000016 50580297 r 05         d0580016  auipc    x5, 0x50580
#12602 0 8000001a fea28293 r 05         d0580000  addi     x5, x5, -0x16
#12603 0 8000001e 0ff00313 r 06         000000ff  addi     x6, x0, 0xff
#12604 0 80000022 00628023 m d0580000   000000ff  sb       x6, 0x0(x5)
