#1 0 80000000 595552b7 r 05         59555000  lui      x5, 0x59555
#2 0 80000004 55528293 r 05         59555555  addi     x5, x5, 0x555
#3 0 80000008 7c029073 c 07c0       59555555  csrrw    x0, mrac, x5
#4 0 8000000c 70041117 r 02         f004100c  auipc    x2, 0x70041
#5 0 80000010 01410113 r 02         f0041020  addi     x2, x2, 0x14
#6 0 80000014 0ba000ef r 01         80000018  jal      x1, . + 0xba
#7 0 800000ce     7179 r 02         f0040ff0  c.addi16sp -0x3
#8 0 800000d0     d606 m f004101c   80000018  c.swsp   x1, 0x2c
#9 0 800000d2     d422 m f0041018   00000000  c.swsp   x8, 0x28
#10 0 800000d4     1800 r 08         f0041020  c.addi4spn  x8, 0xc
#11 0 800000d6 f00407b7 r 0f         f0040000  lui      x15, -0xffc0
#12 0 800000da 00078793 r 0f         f0040000  addi     x15, x15, 0x0
#13 0 800000de     438c r 0b         00000001  c.lw     x11, 0x0(x15)
#14 0 800000e0     43d0 r 0c         00000014  c.lw     x12, 0x4(x15)
#15 0 800000e2     4794 r 0d         00000006  c.lw     x13, 0x8(x15)
#16 0 800000e4     47d8 r 0e         00000004  c.lw     x14, 0xc(x15)
#17 0 800000e6     4b9c r 0f         00000005  c.lw     x15, 0x10(x15)
#18 0 800000e8 fcb42c23 m f0040ff8   00000001  sw       x11, -0x28(x8)
#19 0 800000ec fcc42e23 m f0040ffc   00000014  sw       x12, -0x24(x8)
#20 0 800000f0 fed42023 m f0041000   00000006  sw       x13, -0x20(x8)
#21 0 800000f4 fee42223 m f0041004   00000004  sw       x14, -0x1c(x8)
#22 0 800000f8 fef42423 m f0041008   00000005  sw       x15, -0x18(x8)
#23 0 800000fc     4795 r 0f         00000005  c.li     x15, 0x5
#24 0 800000fe fef42623 m f004100c   00000005  sw       x15, -0x14(x8)
#25 0 80000102 fd840793 r 0f         f0040ff8  addi     x15, x8, -0x28
#26 0 80000106 fec42583 r 0b         00000005  lw       x11, -0x14(x8)
#27 0 8000010a     853e r 0a         f0040ff8  c.mv     x10, x15
#28 0 8000010c     3f2d r 01         8000010e  c.jal    . - 0xc6
#29 0 80000046     7179 r 02         f0040fc0  c.addi16sp -0x3
#30 0 80000048     d622 m f0040fec   f0041020  c.swsp   x8, 0x2c
#31 0 8000004a     1800 r 08         f0040ff0  c.addi4spn  x8, 0xc
#32 0 8000004c fca42e23 m f0040fcc   f0040ff8  sw       x10, -0x24(x8)
#33 0 80000050 fcb42c23 m f0040fc8   00000005  sw       x11, -0x28(x8)
#34 0 80000054 fe042623 m f0040fdc   00000000  sw       x0, -0x14(x8)
#35 0 80000058 fe042423 m f0040fd8   00000000  sw       x0, -0x18(x8)
#36 0 8000005c     a8a1 r 00         00000000  c.j      . + 0x58
#37 0 800000b4 fd842783 r 0f         00000005  lw       x15, -0x28(x8)
#38 0 800000b8     17fd r 0f         00000004  c.addi   x15, -0x1
#39 0 800000ba fe842703 r 0e         00000000  lw       x14, -0x18(x8)
#40 0 800000be faf740e3 r 00         00000000  blt      x14, x15, . - 0x60
#41 0 8000005e fe842783 r 0f         00000000  lw       x15, -0x18(x8)
#42 0 80000062     0785 r 0f         00000001  c.addi   x15, 0x1
#43 0 80000064 fef42223 m f0040fd4   00000001  sw       x15, -0x1c(x8)
#44 0 80000068     a81d r 00         00000000  c.j      . + 0x36
#45 0 8000009e fe442703 r 0e         00000001  lw       x14, -0x1c(x8)
#46 0 800000a2 fd842783 r 0f         00000005  lw       x15, -0x28(x8)
#47 0 800000a6 fcf742e3 r 00         00000000  blt      x14, x15, . - 0x3c
#48 0 8000006a fe842783 r 0f         00000000  lw       x15, -0x18(x8)
#49 0 8000006e     078a r 0f         00000000  c.slli   x15, 2
#50 0 80000070 fdc42703 r 0e         f0040ff8  lw       x14, -0x24(x8)
#51 0 80000074     97ba r 0f         f0040ff8  c.add    x15, x14
#52 0 80000076     4398 r 0e         00000001  c.lw     x14, 0x0(x15)
#53 0 80000078 fe442783 r 0f         00000001  lw       x15, -0x1c(x8)
#54 0 8000007c     078a r 0f         00000004  c.slli   x15, 2
#55 0 8000007e fdc42683 r 0d         f0040ff8  lw       x13, -0x24(x8)
#56 0 80000082     97b6 r 0f         f0040ffc  c.add    x15, x13
#57 0 80000084     439c r 0f         00000014  c.lw     x15, 0x0(x15)
#58 0 80000086 00e7d763 r 00         00000000  bge      x15, x14, . + 0xe
#59 0 80000094 fe442783 r 0f         00000001  lw       x15, -0x1c(x8)
#60 0 80000098     0785 r 0f         00000002  c.addi   x15, 0x1
#61 0 8000009a fef42223 m f0040fd4   00000002  sw       x15, -0x1c(x8)
#62 0 8000009e fe442703 r 0e         00000002  lw       x14, -0x1c(x8)
#63 0 800000a2 fd842783 r 0f         00000005  lw       x15, -0x28(x8)
#64 0 800000a6 fcf742e3 r 00         00000000  blt      x14, x15, . - 0x3c
#65 0 8000006a fe842783 r 0f         00000000  lw       x15, -0x18(x8)
#66 0 8000006e     078a r 0f         00000000  c.slli   x15, 2
#67 0 80000070 fdc42703 r 0e         f0040ff8  lw       x14, -0x24(x8)
#68 0 80000074     97ba r 0f         f0040ff8  c.add    x15, x14
#69 0 80000076     4398 r 0e         00000001  c.lw     x14, 0x0(x15)
#70 0 80000078 fe442783 r 0f         00000002  lw       x15, -0x1c(x8)
#71 0 8000007c     078a r 0f         00000008  c.slli   x15, 2
#72 0 8000007e fdc42683 r 0d         f0040ff8  lw       x13, -0x24(x8)
#73 0 80000082     97b6 r 0f         f0041000  c.add    x15, x13
#74 0 80000084     439c r 0f         00000006  c.lw     x15, 0x0(x15)
#75 0 80000086 00e7d763 r 00         00000000  bge      x15, x14, . + 0xe
#76 0 80000094 fe442783 r 0f         00000002  lw       x15, -0x1c(x8)
#77 0 80000098     0785 r 0f         00000003  c.addi   x15, 0x1
#78 0 8000009a fef42223 m f0040fd4   00000003  sw       x15, -0x1c(x8)
#79 0 8000009e fe442703 r 0e         00000003  lw       x14, -0x1c(x8)
#80 0 800000a2 fd842783 r 0f         00000005  lw       x15, -0x28(x8)
#81 0 800000a6 fcf742e3 r 00         00000000  blt      x14, x15, . - 0x3c
#82 0 8000006a fe842783 r 0f         00000000  lw       x15, -0x18(x8)
#83 0 8000006e     078a r 0f         00000000  c.slli   x15, 2
#84 0 80000070 fdc42703 r 0e         f0040ff8  lw       x14, -0x24(x8)
#85 0 80000074     97ba r 0f         f0040ff8  c.add    x15, x14
#86 0 80000076     4398 r 0e         00000001  c.lw     x14, 0x0(x15)
#87 0 80000078 fe442783 r 0f         00000003  lw       x15, -0x1c(x8)
#88 0 8000007c     078a r 0f         0000000c  c.slli   x15, 2
#89 0 8000007e fdc42683 r 0d         f0040ff8  lw       x13, -0x24(x8)
#90 0 80000082     97b6 r 0f         f0041004  c.add    x15, x13
#91 0 80000084     439c r 0f         00000004  c.lw     x15, 0x0(x15)
#92 0 80000086 00e7d763 r 00         00000000  bge      x15, x14, . + 0xe
#93 0 80000094 fe442783 r 0f         00000003  lw       x15, -0x1c(x8)
#94 0 80000098     0785 r 0f         00000004  c.addi   x15, 0x1
#95 0 8000009a fef42223 m f0040fd4   00000004  sw       x15, -0x1c(x8)
#96 0 8000009e fe442703 r 0e         00000004  lw       x14, -0x1c(x8)
#97 0 800000a2 fd842783 r 0f         00000005  lw       x15, -0x28(x8)
#98 0 800000a6 fcf742e3 r 00         00000000  blt      x14, x15, . - 0x3c
#99 0 8000006a fe842783 r 0f         00000000  lw       x15, -0x18(x8)
#100 0 8000006e     078a r 0f         00000000  c.slli   x15, 2
#101 0 80000070 fdc42703 r 0e         f0040ff8  lw       x14, -0x24(x8)
#102 0 80000074     97ba r 0f         f0040ff8  c.add    x15, x14
#103 0 80000076     4398 r 0e         00000001  c.lw     x14, 0x0(x15)
#104 0 80000078 fe442783 r 0f         00000004  lw       x15, -0x1c(x8)
#105 0 8000007c     078a r 0f         00000010  c.slli   x15, 2
#106 0 8000007e fdc42683 r 0d         f0040ff8  lw       x13, -0x24(x8)
#107 0 80000082     97b6 r 0f         f0041008  c.add    x15, x13
#108 0 80000084     439c r 0f         00000005  c.lw     x15, 0x0(x15)
#109 0 80000086 00e7d763 r 00         00000000  bge      x15, x14, . + 0xe
#110 0 80000094 fe442783 r 0f         00000004  lw       x15, -0x1c(x8)
#111 0 80000098     0785 r 0f         00000005  c.addi   x15, 0x1
#112 0 8000009a fef42223 m f0040fd4   00000005  sw       x15, -0x1c(x8)
#113 0 8000009e fe442703 r 0e         00000005  lw       x14, -0x1c(x8)
#114 0 800000a2 fd842783 r 0f         00000005  lw       x15, -0x28(x8)
#115 0 800000a6 fcf742e3 r 00         00000000  blt      x14, x15, . - 0x3c
#116 0 800000aa fe842783 r 0f         00000000  lw       x15, -0x18(x8)
#117 0 800000ae     0785 r 0f         00000001  c.addi   x15, 0x1
#118 0 800000b0 fef42423 m f0040fd8   00000001  sw       x15, -0x18(x8)
#119 0 800000b4 fd842783 r 0f         00000005  lw       x15, -0x28(x8)
#120 0 800000b8     17fd r 0f         00000004  c.addi   x15, -0x1
#121 0 800000ba fe842703 r 0e         00000001  lw       x14, -0x18(x8)
#122 0 800000be faf740e3 r 00         00000000  blt      x14, x15, . - 0x60
#123 0 8000005e fe842783 r 0f         00000001  lw       x15, -0x18(x8)
#124 0 80000062     0785 r 0f         00000002  c.addi   x15, 0x1
#125 0 80000064 fef42223 m f0040fd4   00000002  sw       x15, -0x1c(x8)
#126 0 80000068     a81d r 00         00000000  c.j      . + 0x36
#127 0 8000009e fe442703 r 0e         00000002  lw       x14, -0x1c(x8)
#128 0 800000a2 fd842783 r 0f         00000005  lw       x15, -0x28(x8)
#129 0 800000a6 fcf742e3 r 00         00000000  blt      x14, x15, . - 0x3c
#130 0 8000006a fe842783 r 0f         00000001  lw       x15, -0x18(x8)
#131 0 8000006e     078a r 0f         00000004  c.slli   x15, 2
#132 0 80000070 fdc42703 r 0e         f0040ff8  lw       x14, -0x24(x8)
#133 0 80000074     97ba r 0f         f0040ffc  c.add    x15, x14
#134 0 80000076     4398 r 0e         00000014  c.lw     x14, 0x0(x15)
#135 0 80000078 fe442783 r 0f         00000002  lw       x15, -0x1c(x8)
#136 0 8000007c     078a r 0f         00000008  c.slli   x15, 2
#137 0 8000007e fdc42683 r 0d         f0040ff8  lw       x13, -0x24(x8)
#138 0 80000082     97b6 r 0f         f0041000  c.add    x15, x13
#139 0 80000084     439c r 0f         00000006  c.lw     x15, 0x0(x15)
#140 0 80000086 00e7d763 r 00         00000000  bge      x15, x14, . + 0xe
#141 0 8000008a fec42783 r 0f         00000000  lw       x15, -0x14(x8)
#142 0 8000008e     0785 r 0f         00000001  c.addi   x15, 0x1
#143 0 80000090 fef42623 m f0040fdc   00000001  sw       x15, -0x14(x8)
#144 0 80000094 fe442783 r 0f         00000002  lw       x15, -0x1c(x8)
#145 0 80000098     0785 r 0f         00000003  c.addi   x15, 0x1
#146 0 8000009a fef42223 m f0040fd4   00000003  sw       x15, -0x1c(x8)
#147 0 8000009e fe442703 r 0e         00000003  lw       x14, -0x1c(x8)
#148 0 800000a2 fd842783 r 0f         00000005  lw       x15, -0x28(x8)
#149 0 800000a6 fcf742e3 r 00         00000000  blt      x14, x15, . - 0x3c
#150 0 8000006a fe842783 r 0f         00000001  lw       x15, -0x18(x8)
#151 0 8000006e     078a r 0f         00000004  c.slli   x15, 2
#152 0 80000070 fdc42703 r 0e         f0040ff8  lw       x14, -0x24(x8)
#153 0 80000074     97ba r 0f         f0040ffc  c.add    x15, x14
#154 0 80000076     4398 r 0e         00000014  c.lw     x14, 0x0(x15)
#155 0 80000078 fe442783 r 0f         00000003  lw       x15, -0x1c(x8)
#156 0 8000007c     078a r 0f         0000000c  c.slli   x15, 2
#157 0 8000007e fdc42683 r 0d         f0040ff8  lw       x13, -0x24(x8)
#158 0 80000082     97b6 r 0f         f0041004  c.add    x15, x13
#159 0 80000084     439c r 0f         00000004  c.lw     x15, 0x0(x15)
#160 0 80000086 00e7d763 r 00         00000000  bge      x15, x14, . + 0xe
#161 0 8000008a fec42783 r 0f         00000001  lw       x15, -0x14(x8)
#162 0 8000008e     0785 r 0f         00000002  c.addi   x15, 0x1
#163 0 80000090 fef42623 m f0040fdc   00000002  sw       x15, -0x14(x8)
#164 0 80000094 fe442783 r 0f         00000003  lw       x15, -0x1c(x8)
#165 0 80000098     0785 r 0f         00000004  c.addi   x15, 0x1
#166 0 8000009a fef42223 m f0040fd4   00000004  sw       x15, -0x1c(x8)
#167 0 8000009e fe442703 r 0e         00000004  lw       x14, -0x1c(x8)
#168 0 800000a2 fd842783 r 0f         00000005  lw       x15, -0x28(x8)
#169 0 800000a6 fcf742e3 r 00         00000000  blt      x14, x15, . - 0x3c
#170 0 8000006a fe842783 r 0f         00000001  lw       x15, -0x18(x8)
#171 0 8000006e     078a r 0f         00000004  c.slli   x15, 2
#172 0 80000070 fdc42703 r 0e         f0040ff8  lw       x14, -0x24(x8)
#173 0 80000074     97ba r 0f         f0040ffc  c.add    x15, x14
#174 0 80000076     4398 r 0e         00000014  c.lw     x14, 0x0(x15)
#175 0 80000078 fe442783 r 0f         00000004  lw       x15, -0x1c(x8)
#176 0 8000007c     078a r 0f         00000010  c.slli   x15, 2
#177 0 8000007e fdc42683 r 0d         f0040ff8  lw       x13, -0x24(x8)
#178 0 80000082     97b6 r 0f         f0041008  c.add    x15, x13
#179 0 80000084     439c r 0f         00000005  c.lw     x15, 0x0(x15)
#180 0 80000086 00e7d763 r 00         00000000  bge      x15, x14, . + 0xe
#181 0 8000008a fec42783 r 0f         00000002  lw       x15, -0x14(x8)
#182 0 8000008e     0785 r 0f         00000003  c.addi   x15, 0x1
#183 0 80000090 fef42623 m f0040fdc   00000003  sw       x15, -0x14(x8)
#184 0 80000094 fe442783 r 0f         00000004  lw       x15, -0x1c(x8)
#185 0 80000098     0785 r 0f         00000005  c.addi   x15, 0x1
#186 0 8000009a fef42223 m f0040fd4   00000005  sw       x15, -0x1c(x8)
#187 0 8000009e fe442703 r 0e         00000005  lw       x14, -0x1c(x8)
#188 0 800000a2 fd842783 r 0f         00000005  lw       x15, -0x28(x8)
#189 0 800000a6 fcf742e3 r 00         00000000  blt      x14, x15, . - 0x3c
#190 0 800000aa fe842783 r 0f         00000001  lw       x15, -0x18(x8)
#191 0 800000ae     0785 r 0f         00000002  c.addi   x15, 0x1
#192 0 800000b0 fef42423 m f0040fd8   00000002  sw       x15, -0x18(x8)
#193 0 800000b4 fd842783 r 0f         00000005  lw       x15, -0x28(x8)
#194 0 800000b8     17fd r 0f         00000004  c.addi   x15, -0x1
#195 0 800000ba fe842703 r 0e         00000002  lw       x14, -0x18(x8)
#196 0 800000be faf740e3 r 00         00000000  blt      x14, x15, . - 0x60
#197 0 8000005e fe842783 r 0f         00000002  lw       x15, -0x18(x8)
#198 0 80000062     0785 r 0f         00000003  c.addi   x15, 0x1
#199 0 80000064 fef42223 m f0040fd4   00000003  sw       x15, -0x1c(x8)
#200 0 80000068     a81d r 00         00000000  c.j      . + 0x36
#201 0 8000009e fe442703 r 0e         00000003  lw       x14, -0x1c(x8)
#202 0 800000a2 fd842783 r 0f         00000005  lw       x15, -0x28(x8)
#203 0 800000a6 fcf742e3 r 00         00000000  blt      x14, x15, . - 0x3c
#204 0 8000006a fe842783 r 0f         00000002  lw       x15, -0x18(x8)
#205 0 8000006e     078a r 0f         00000008  c.slli   x15, 2
#206 0 80000070 fdc42703 r 0e         f0040ff8  lw       x14, -0x24(x8)
#207 0 80000074     97ba r 0f         f0041000  c.add    x15, x14
#208 0 80000076     4398 r 0e         00000006  c.lw     x14, 0x0(x15)
#209 0 80000078 fe442783 r 0f         00000003  lw       x15, -0x1c(x8)
#210 0 8000007c     078a r 0f         0000000c  c.slli   x15, 2
#211 0 8000007e fdc42683 r 0d         f0040ff8  lw       x13, -0x24(x8)
#212 0 80000082     97b6 r 0f         f0041004  c.add    x15, x13
#213 0 80000084     439c r 0f         00000004  c.lw     x15, 0x0(x15)
#214 0 80000086 00e7d763 r 00         00000000  bge      x15, x14, . + 0xe
#215 0 8000008a fec42783 r 0f         00000003  lw       x15, -0x14(x8)
#216 0 8000008e     0785 r 0f         00000004  c.addi   x15, 0x1
#217 0 80000090 fef42623 m f0040fdc   00000004  sw       x15, -0x14(x8)
#218 0 80000094 fe442783 r 0f         00000003  lw       x15, -0x1c(x8)
#219 0 80000098     0785 r 0f         00000004  c.addi   x15, 0x1
#220 0 8000009a fef42223 m f0040fd4   00000004  sw       x15, -0x1c(x8)
#221 0 8000009e fe442703 r 0e         00000004  lw       x14, -0x1c(x8)
#222 0 800000a2 fd842783 r 0f         00000005  lw       x15, -0x28(x8)
#223 0 800000a6 fcf742e3 r 00         00000000  blt      x14, x15, . - 0x3c
#224 0 8000006a fe842783 r 0f         00000002  lw       x15, -0x18(x8)
#225 0 8000006e     078a r 0f         00000008  c.slli   x15, 2
#226 0 80000070 fdc42703 r 0e         f0040ff8  lw       x14, -0x24(x8)
#227 0 80000074     97ba r 0f         f0041000  c.add    x15, x14
#228 0 80000076     4398 r 0e         00000006  c.lw     x14, 0x0(x15)
#229 0 80000078 fe442783 r 0f         00000004  lw       x15, -0x1c(x8)
#230 0 8000007c     078a r 0f         00000010  c.slli   x15, 2
#231 0 8000007e fdc42683 r 0d         f0040ff8  lw       x13, -0x24(x8)
#232 0 80000082     97b6 r 0f         f0041008  c.add    x15, x13
#233 0 80000084     439c r 0f         00000005  c.lw     x15, 0x0(x15)
#234 0 80000086 00e7d763 r 00         00000000  bge      x15, x14, . + 0xe
#235 0 8000008a fec42783 r 0f         00000004  lw       x15, -0x14(x8)
#236 0 8000008e     0785 r 0f         00000005  c.addi   x15, 0x1
#237 0 80000090 fef42623 m f0040fdc   00000005  sw       x15, -0x14(x8)
#238 0 80000094 fe442783 r 0f         00000004  lw       x15, -0x1c(x8)
#239 0 80000098     0785 r 0f         00000005  c.addi   x15, 0x1
#240 0 8000009a fef42223 m f0040fd4   00000005  sw       x15, -0x1c(x8)
#241 0 8000009e fe442703 r 0e         00000005  lw       x14, -0x1c(x8)
#242 0 800000a2 fd842783 r 0f         00000005  lw       x15, -0x28(x8)
#243 0 800000a6 fcf742e3 r 00         00000000  blt      x14, x15, . - 0x3c
#244 0 800000aa fe842783 r 0f         00000002  lw       x15, -0x18(x8)
#245 0 800000ae     0785 r 0f         00000003  c.addi   x15, 0x1
#246 0 800000b0 fef42423 m f0040fd8   00000003  sw       x15, -0x18(x8)
#247 0 800000b4 fd842783 r 0f         00000005  lw       x15, -0x28(x8)
#248 0 800000b8     17fd r 0f         00000004  c.addi   x15, -0x1
#249 0 800000ba fe842703 r 0e         00000003  lw       x14, -0x18(x8)
#250 0 800000be faf740e3 r 00         00000000  blt      x14, x15, . - 0x60
#251 0 8000005e fe842783 r 0f         00000003  lw       x15, -0x18(x8)
#252 0 80000062     0785 r 0f         00000004  c.addi   x15, 0x1
#253 0 80000064 fef42223 m f0040fd4   00000004  sw       x15, -0x1c(x8)
#254 0 80000068     a81d r 00         00000000  c.j      . + 0x36
#255 0 8000009e fe442703 r 0e         00000004  lw       x14, -0x1c(x8)
#256 0 800000a2 fd842783 r 0f         00000005  lw       x15, -0x28(x8)
#257 0 800000a6 fcf742e3 r 00         00000000  blt      x14, x15, . - 0x3c
#258 0 8000006a fe842783 r 0f         00000003  lw       x15, -0x18(x8)
#259 0 8000006e     078a r 0f         0000000c  c.slli   x15, 2
#260 0 80000070 fdc42703 r 0e         f0040ff8  lw       x14, -0x24(x8)
#261 0 80000074     97ba r 0f         f0041004  c.add    x15, x14
#262 0 80000076     4398 r 0e         00000004  c.lw     x14, 0x0(x15)
#263 0 80000078 fe442783 r 0f         00000004  lw       x15, -0x1c(x8)
#264 0 8000007c     078a r 0f         00000010  c.slli   x15, 2
#265 0 8000007e fdc42683 r 0d         f0040ff8  lw       x13, -0x24(x8)
#266 0 80000082     97b6 r 0f         f0041008  c.add    x15, x13
#267 0 80000084     439c r 0f         00000005  c.lw     x15, 0x0(x15)
#268 0 80000086 00e7d763 r 00         00000000  bge      x15, x14, . + 0xe
#269 0 80000094 fe442783 r 0f         00000004  lw       x15, -0x1c(x8)
#270 0 80000098     0785 r 0f         00000005  c.addi   x15, 0x1
#271 0 8000009a fef42223 m f0040fd4   00000005  sw       x15, -0x1c(x8)
#272 0 8000009e fe442703 r 0e         00000005  lw       x14, -0x1c(x8)
#273 0 800000a2 fd842783 r 0f         00000005  lw       x15, -0x28(x8)
#274 0 800000a6 fcf742e3 r 00         00000000  blt      x14, x15, . - 0x3c
#275 0 800000aa fe842783 r 0f         00000003  lw       x15, -0x18(x8)
#276 0 800000ae     0785 r 0f         00000004  c.addi   x15, 0x1
#277 0 800000b0 fef42423 m f0040fd8   00000004  sw       x15, -0x18(x8)
#278 0 800000b4 fd842783 r 0f         00000005  lw       x15, -0x28(x8)
#279 0 800000b8     17fd r 0f         00000004  c.addi   x15, -0x1
#280 0 800000ba fe842703 r 0e         00000004  lw       x14, -0x18(x8)
#281 0 800000be faf740e3 r 00         00000000  blt      x14, x15, . - 0x60
#282 0 800000c2 fec42783 r 0f         00000005  lw       x15, -0x14(x8)
#283 0 800000c6     853e r 0a         00000005  c.mv     x10, x15
#284 0 800000c8     5432 r 08         f0041020  c.lwsp   x8, 0x2c
#285 0 800000ca     6145 r 02         f0040ff0  c.addi16sp 0x3
#286 0 800000cc     8082 r 00         00000000  c.jr     x1
#287 0 8000010e     0001 r 00         00000000  c.nop
#288 0 80000110     50b2 r 01         80000018  c.lwsp   x1, 0x2c
#289 0 80000112     5422 r 08         00000000  c.lwsp   x8, 0x28
#290 0 80000114     6145 r 02         f0041020  c.addi16sp 0x3
#291 0 80000116     8082 r 00         00000000  c.jr     x1
#292 0 80000018 50580297 r 05         d0580018  auipc    x5, 0x50580
#293 0 8000001c fe828293 r 05         d0580000  addi     x5, x5, -0x18
#294 0 80000020 0ff00313 r 06         000000ff  addi     x6, x0, 0xff
#295 0 80000024 00628023 m d0580000   000000ff  sb       x6, 0x0(x5)
