#1 0 80000000 595552b7 r 05         59555000  lui      x5, 0x59555
#2 0 80000004 55528293 r 05         59555555  addi     x5, x5, 0x555
#3 0 80000008 7c029073 c 07c0       59555555  csrrw    x0, mrac, x5
#4 0 8000000c 70041117 r 02         f004100c  auipc    x2, 0x70041
#5 0 80000010 ff410113 r 02         f0041000  addi     x2, x2, -0xc
#6 0 80000014     2805 r 01         80000016  c.jal    . + 0x30
#7 0 80000044     715d r 02         f0040fb0  c.addi16sp -0x5
#8 0 80000046     c6a2 m f0040ffc   00000000  c.swsp   x8, 0x4c
#9 0 80000048     0880 r 08         f0041000  c.addi4spn  x8, 0x14
#10 0 8000004a fa042823 m f0040fb0   00000000  sw       x0, -0x50(x8)
#11 0 8000004e fa042a23 m f0040fb4   00000000  sw       x0, -0x4c(x8)
#12 0 80000052 fa042c23 m f0040fb8   00000000  sw       x0, -0x48(x8)
#13 0 80000056 fa042e23 m f0040fbc   00000000  sw       x0, -0x44(x8)
#14 0 8000005a fc042023 m f0040fc0   00000000  sw       x0, -0x40(x8)
#15 0 8000005e fc042223 m f0040fc4   00000000  sw       x0, -0x3c(x8)
#16 0 80000062 fc042423 m f0040fc8   00000000  sw       x0, -0x38(x8)
#17 0 80000066 fc042623 m f0040fcc   00000000  sw       x0, -0x34(x8)
#18 0 8000006a fc042823 m f0040fd0   00000000  sw       x0, -0x30(x8)
#19 0 8000006e fc042a23 m f0040fd4   00000000  sw       x0, -0x2c(x8)
#20 0 80000072 fc042c23 m f0040fd8   00000000  sw       x0, -0x28(x8)
#21 0 80000076 06400793 r 0f         00000064  addi     x15, x0, 0x64
#22 0 8000007a faf42823 m f0040fb0   00000064  sw       x15, -0x50(x8)
#23 0 8000007e 05800793 r 0f         00000058  addi     x15, x0, 0x58
#24 0 80000082 faf42a23 m f0040fb4   00000058  sw       x15, -0x4c(x8)
#25 0 80000086 06500793 r 0f         00000065  addi     x15, x0, 0x65
#26 0 8000008a faf42c23 m f0040fb8   00000065  sw       x15, -0x48(x8)
#27 0 8000008e 02000793 r 0f         00000020  addi     x15, x0, 0x20
#28 0 80000092 faf42e23 m f0040fbc   00000020  sw       x15, -0x44(x8)
#29 0 80000096 04300793 r 0f         00000043  addi     x15, x0, 0x43
#30 0 8000009a fcf42023 m f0040fc0   00000043  sw       x15, -0x40(x8)
#31 0 8000009e 0be00793 r 0f         000000be  addi     x15, x0, 0xbe
#32 0 800000a2 fcf42223 m f0040fc4   000000be  sw       x15, -0x3c(x8)
#33 0 800000a6 0e600793 r 0f         000000e6  addi     x15, x0, 0xe6
#34 0 800000aa fcf42423 m f0040fc8   000000e6  sw       x15, -0x38(x8)
#35 0 800000ae 2fd00793 r 0f         000002fd  addi     x15, x0, 0x2fd
#36 0 800000b2 fcf42623 m f0040fcc   000002fd  sw       x15, -0x34(x8)
#37 0 800000b6     47b1 r 0f         0000000c  c.li     x15, 0xc
#38 0 800000b8 fcf42823 m f0040fd0   0000000c  sw       x15, -0x30(x8)
#39 0 800000bc 02d00793 r 0f         0000002d  addi     x15, x0, 0x2d
#40 0 800000c0 fcf42a23 m f0040fd4   0000002d  sw       x15, -0x2c(x8)
#41 0 800000c4     47a9 r 0f         0000000a  c.li     x15, 0xa
#42 0 800000c6 fef42023 m f0040fe0   0000000a  sw       x15, -0x20(x8)
#43 0 800000ca fe042623 m f0040fec   00000000  sw       x0, -0x14(x8)
#44 0 800000ce     a06d r 00         00000000  c.j      . + 0xaa
#45 0 80000178 fe042783 r 0f         0000000a  lw       x15, -0x20(x8)
#46 0 8000017c     17fd r 0f         00000009  c.addi   x15, -0x1
#47 0 8000017e fec42703 r 0e         00000000  lw       x14, -0x14(x8)
#48 0 80000182 f4f747e3 r 00         00000000  blt      x14, x15, . - 0xb2
#49 0 800000d0 fec42783 r 0f         00000000  lw       x15, -0x14(x8)
#50 0 800000d4 fef42223 m f0040fe4   00000000  sw       x15, -0x1c(x8)
#51 0 800000d8 fec42783 r 0f         00000000  lw       x15, -0x14(x8)
#52 0 800000dc     0785 r 0f         00000001  c.addi   x15, 0x1
#53 0 800000de fef42423 m f0040fe8   00000001  sw       x15, -0x18(x8)
#54 0 800000e2     a815 r 00         00000000  c.j      . + 0x34
#55 0 80000116 fe842703 r 0e         00000001  lw       x14, -0x18(x8)
#56 0 8000011a fe042783 r 0f         0000000a  lw       x15, -0x20(x8)
#57 0 8000011e fcf743e3 r 00         00000000  blt      x14, x15, . - 0x3a
#58 0 800000e4 fe442783 r 0f         00000000  lw       x15, -0x1c(x8)
#59 0 800000e8     078a r 0f         00000000  c.slli   x15, 2
#60 0 800000ea     17c1 r 0f         fffffff0  c.addi   x15, -0x10
#61 0 800000ec     97a2 r 0f         f0040ff0  c.add    x15, x8
#62 0 800000ee fc07a703 r 0e         00000064  lw       x14, -0x40(x15)
#63 0 800000f2 fe842783 r 0f         00000001  lw       x15, -0x18(x8)
#64 0 800000f6     078a r 0f         00000004  c.slli   x15, 2
#65 0 800000f8     17c1 r 0f         fffffff4  c.addi   x15, -0x10
#66 0 800000fa     97a2 r 0f         f0040ff4  c.add    x15, x8
#67 0 800000fc fc07a783 r 0f         00000058  lw       x15, -0x40(x15)
#68 0 80000100 00e7d663 r 00         00000000  bge      x15, x14, . + 0xc
#69 0 80000104 fe842783 r 0f         00000001  lw       x15, -0x18(x8)
#70 0 80000108 fef42223 m f0040fe4   00000001  sw       x15, -0x1c(x8)
#71 0 8000010c fe842783 r 0f         00000001  lw       x15, -0x18(x8)
#72 0 80000110     0785 r 0f         00000002  c.addi   x15, 0x1
#73 0 80000112 fef42423 m f0040fe8   00000002  sw       x15, -0x18(x8)
#74 0 80000116 fe842703 r 0e         00000002  lw       x14, -0x18(x8)
#75 0 8000011a fe042783 r 0f         0000000a  lw       x15, -0x20(x8)
#76 0 8000011e fcf743e3 r 00         00000000  blt      x14, x15, . - 0x3a
#77 0 800000e4 fe442783 r 0f         00000001  lw       x15, -0x1c(x8)
#78 0 800000e8     078a r 0f         00000004  c.slli   x15, 2
#79 0 800000ea     17c1 r 0f         fffffff4  c.addi   x15, -0x10
#80 0 800000ec     97a2 r 0f         f0040ff4  c.add    x15, x8
#81 0 800000ee fc07a703 r 0e         00000058  lw       x14, -0x40(x15)
#82 0 800000f2 fe842783 r 0f         00000002  lw       x15, -0x18(x8)
#83 0 800000f6     078a r 0f         00000008  c.slli   x15, 2
#84 0 800000f8     17c1 r 0f         fffffff8  c.addi   x15, -0x10
#85 0 800000fa     97a2 r 0f         f0040ff8  c.add    x15, x8
#86 0 800000fc fc07a783 r 0f         00000065  lw       x15, -0x40(x15)
#87 0 80000100 00e7d663 r 00         00000000  bge      x15, x14, . + 0xc
#88 0 8000010c fe842783 r 0f         00000002  lw       x15, -0x18(x8)
#89 0 80000110     0785 r 0f         00000003  c.addi   x15, 0x1
#90 0 80000112 fef42423 m f0040fe8   00000003  sw       x15, -0x18(x8)
#91 0 80000116 fe842703 r 0e         00000003  lw       x14, -0x18(x8)
#92 0 8000011a fe042783 r 0f         0000000a  lw       x15, -0x20(x8)
#93 0 8000011e fcf743e3 r 00         00000000  blt      x14, x15, . - 0x3a
#94 0 800000e4 fe442783 r 0f         00000001  lw       x15, -0x1c(x8)
#95 0 800000e8     078a r 0f         00000004  c.slli   x15, 2
#96 0 800000ea     17c1 r 0f         fffffff4  c.addi   x15, -0x10
#97 0 800000ec     97a2 r 0f         f0040ff4  c.add    x15, x8
#98 0 800000ee fc07a703 r 0e         00000058  lw       x14, -0x40(x15)
#99 0 800000f2 fe842783 r 0f         00000003  lw       x15, -0x18(x8)
#100 0 800000f6     078a r 0f         0000000c  c.slli   x15, 2
#101 0 800000f8     17c1 r 0f         fffffffc  c.addi   x15, -0x10
#102 0 800000fa     97a2 r 0f         f0040ffc  c.add    x15, x8
#103 0 800000fc fc07a783 r 0f         00000020  lw       x15, -0x40(x15)
#104 0 80000100 00e7d663 r 00         00000000  bge      x15, x14, . + 0xc
#105 0 80000104 fe842783 r 0f         00000003  lw       x15, -0x18(x8)
#106 0 80000108 fef42223 m f0040fe4   00000003  sw       x15, -0x1c(x8)
#107 0 8000010c fe842783 r 0f         00000003  lw       x15, -0x18(x8)
#108 0 80000110     0785 r 0f         00000004  c.addi   x15, 0x1
#109 0 80000112 fef42423 m f0040fe8   00000004  sw       x15, -0x18(x8)
#110 0 80000116 fe842703 r 0e         00000004  lw       x14, -0x18(x8)
#111 0 8000011a fe042783 r 0f         0000000a  lw       x15, -0x20(x8)
#112 0 8000011e fcf743e3 r 00         00000000  blt      x14, x15, . - 0x3a
#113 0 800000e4 fe442783 r 0f         00000003  lw       x15, -0x1c(x8)
#114 0 800000e8     078a r 0f         0000000c  c.slli   x15, 2
#115 0 800000ea     17c1 r 0f         fffffffc  c.addi   x15, -0x10
#116 0 800000ec     97a2 r 0f         f0040ffc  c.add    x15, x8
#117 0 800000ee fc07a703 r 0e         00000020  lw       x14, -0x40(x15)
#118 0 800000f2 fe842783 r 0f         00000004  lw       x15, -0x18(x8)
#119 0 800000f6     078a r 0f         00000010  c.slli   x15, 2
#120 0 800000f8     17c1 r 0f         00000000  c.addi   x15, -0x10
#121 0 800000fa     97a2 r 0f         f0041000  c.add    x15, x8
#122 0 800000fc fc07a783 r 0f         00000043  lw       x15, -0x40(x15)
#123 0 80000100 00e7d663 r 00         00000000  bge      x15, x14, . + 0xc
#124 0 8000010c fe842783 r 0f         00000004  lw       x15, -0x18(x8)
#125 0 80000110     0785 r 0f         00000005  c.addi   x15, 0x1
#126 0 80000112 fef42423 m f0040fe8   00000005  sw       x15, -0x18(x8)
#127 0 80000116 fe842703 r 0e         00000005  lw       x14, -0x18(x8)
#128 0 8000011a fe042783 r 0f         0000000a  lw       x15, -0x20(x8)
#129 0 8000011e fcf743e3 r 00         00000000  blt      x14, x15, . - 0x3a
#130 0 800000e4 fe442783 r 0f         00000003  lw       x15, -0x1c(x8)
#131 0 800000e8     078a r 0f         0000000c  c.slli   x15, 2
#132 0 800000ea     17c1 r 0f         fffffffc  c.addi   x15, -0x10
#133 0 800000ec     97a2 r 0f         f0040ffc  c.add    x15, x8
#134 0 800000ee fc07a703 r 0e         00000020  lw       x14, -0x40(x15)
#135 0 800000f2 fe842783 r 0f         00000005  lw       x15, -0x18(x8)
#136 0 800000f6     078a r 0f         00000014  c.slli   x15, 2
#137 0 800000f8     17c1 r 0f         00000004  c.addi   x15, -0x10
#138 0 800000fa     97a2 r 0f         f0041004  c.add    x15, x8
#139 0 800000fc fc07a783 r 0f         000000be  lw       x15, -0x40(x15)
#140 0 80000100 00e7d663 r 00         00000000  bge      x15, x14, . + 0xc
#141 0 8000010c fe842783 r 0f         00000005  lw       x15, -0x18(x8)
#142 0 80000110     0785 r 0f         00000006  c.addi   x15, 0x1
#143 0 80000112 fef42423 m f0040fe8   00000006  sw       x15, -0x18(x8)
#144 0 80000116 fe842703 r 0e         00000006  lw       x14, -0x18(x8)
#145 0 8000011a fe042783 r 0f         0000000a  lw       x15, -0x20(x8)
#146 0 8000011e fcf743e3 r 00         00000000  blt      x14, x15, . - 0x3a
#147 0 800000e4 fe442783 r 0f         00000003  lw       x15, -0x1c(x8)
#148 0 800000e8     078a r 0f         0000000c  c.slli   x15, 2
#149 0 800000ea     17c1 r 0f         fffffffc  c.addi   x15, -0x10
#150 0 800000ec     97a2 r 0f         f0040ffc  c.add    x15, x8
#151 0 800000ee fc07a703 r 0e         00000020  lw       x14, -0x40(x15)
#152 0 800000f2 fe842783 r 0f         00000006  lw       x15, -0x18(x8)
#153 0 800000f6     078a r 0f         00000018  c.slli   x15, 2
#154 0 800000f8     17c1 r 0f         00000008  c.addi   x15, -0x10
#155 0 800000fa     97a2 r 0f         f0041008  c.add    x15, x8
#156 0 800000fc fc07a783 r 0f         000000e6  lw       x15, -0x40(x15)
#157 0 80000100 00e7d663 r 00         00000000  bge      x15, x14, . + 0xc
#158 0 8000010c fe842783 r 0f         00000006  lw       x15, -0x18(x8)
#159 0 80000110     0785 r 0f         00000007  c.addi   x15, 0x1
#160 0 80000112 fef42423 m f0040fe8   00000007  sw       x15, -0x18(x8)
#161 0 80000116 fe842703 r 0e         00000007  lw       x14, -0x18(x8)
#162 0 8000011a fe042783 r 0f         0000000a  lw       x15, -0x20(x8)
#163 0 8000011e fcf743e3 r 00         00000000  blt      x14, x15, . - 0x3a
#164 0 800000e4 fe442783 r 0f         00000003  lw       x15, -0x1c(x8)
#165 0 800000e8     078a r 0f         0000000c  c.slli   x15, 2
#166 0 800000ea     17c1 r 0f         fffffffc  c.addi   x15, -0x10
#167 0 800000ec     97a2 r 0f         f0040ffc  c.add    x15, x8
#168 0 800000ee fc07a703 r 0e         00000020  lw       x14, -0x40(x15)
#169 0 800000f2 fe842783 r 0f         00000007  lw       x15, -0x18(x8)
#170 0 800000f6     078a r 0f         0000001c  c.slli   x15, 2
#171 0 800000f8     17c1 r 0f         0000000c  c.addi   x15, -0x10
#172 0 800000fa     97a2 r 0f         f004100c  c.add    x15, x8
#173 0 800000fc fc07a783 r 0f         000002fd  lw       x15, -0x40(x15)
#174 0 80000100 00e7d663 r 00         00000000  bge      x15, x14, . + 0xc
#175 0 8000010c fe842783 r 0f         00000007  lw       x15, -0x18(x8)
#176 0 80000110     0785 r 0f         00000008  c.addi   x15, 0x1
#177 0 80000112 fef42423 m f0040fe8   00000008  sw       x15, -0x18(x8)
#178 0 80000116 fe842703 r 0e         00000008  lw       x14, -0x18(x8)
#179 0 8000011a fe042783 r 0f         0000000a  lw       x15, -0x20(x8)
#180 0 8000011e fcf743e3 r 00         00000000  blt      x14, x15, . - 0x3a
#181 0 800000e4 fe442783 r 0f         00000003  lw       x15, -0x1c(x8)
#182 0 800000e8     078a r 0f         0000000c  c.slli   x15, 2
#183 0 800000ea     17c1 r 0f         fffffffc  c.addi   x15, -0x10
#184 0 800000ec     97a2 r 0f         f0040ffc  c.add    x15, x8
#185 0 800000ee fc07a703 r 0e         00000020  lw       x14, -0x40(x15)
#186 0 800000f2 fe842783 r 0f         00000008  lw       x15, -0x18(x8)
#187 0 800000f6     078a r 0f         00000020  c.slli   x15, 2
#188 0 800000f8     17c1 r 0f         00000010  c.addi   x15, -0x10
#189 0 800000fa     97a2 r 0f         f0041010  c.add    x15, x8
#190 0 800000fc fc07a783 r 0f         0000000c  lw       x15, -0x40(x15)
#191 0 80000100 00e7d663 r 00         00000000  bge      x15, x14, . + 0xc
#192 0 80000104 fe842783 r 0f         00000008  lw       x15, -0x18(x8)
#193 0 80000108 fef42223 m f0040fe4   00000008  sw       x15, -0x1c(x8)
#194 0 8000010c fe842783 r 0f         00000008  lw       x15, -0x18(x8)
#195 0 80000110     0785 r 0f         00000009  c.addi   x15, 0x1
#196 0 80000112 fef42423 m f0040fe8   00000009  sw       x15, -0x18(x8)
#197 0 80000116 fe842703 r 0e         00000009  lw       x14, -0x18(x8)
#198 0 8000011a fe042783 r 0f         0000000a  lw       x15, -0x20(x8)
#199 0 8000011e fcf743e3 r 00         00000000  blt      x14, x15, . - 0x3a
#200 0 800000e4 fe442783 r 0f         00000008  lw       x15, -0x1c(x8)
#201 0 800000e8     078a r 0f         00000020  c.slli   x15, 2
#202 0 800000ea     17c1 r 0f         00000010  c.addi   x15, -0x10
#203 0 800000ec     97a2 r 0f         f0041010  c.add    x15, x8
#204 0 800000ee fc07a703 r 0e         0000000c  lw       x14, -0x40(x15)
#205 0 800000f2 fe842783 r 0f         00000009  lw       x15, -0x18(x8)
#206 0 800000f6     078a r 0f         00000024  c.slli   x15, 2
#207 0 800000f8     17c1 r 0f         00000014  c.addi   x15, -0x10
#208 0 800000fa     97a2 r 0f         f0041014  c.add    x15, x8
#209 0 800000fc fc07a783 r 0f         0000002d  lw       x15, -0x40(x15)
#210 0 80000100 00e7d663 r 00         00000000  bge      x15, x14, . + 0xc
#211 0 8000010c fe842783 r 0f         00000009  lw       x15, -0x18(x8)
#212 0 80000110     0785 r 0f         0000000a  c.addi   x15, 0x1
#213 0 80000112 fef42423 m f0040fe8   0000000a  sw       x15, -0x18(x8)
#214 0 80000116 fe842703 r 0e         0000000a  lw       x14, -0x18(x8)
#215 0 8000011a fe042783 r 0f         0000000a  lw       x15, -0x20(x8)
#216 0 8000011e fcf743e3 r 00         00000000  blt      x14, x15, . - 0x3a
#217 0 80000122 fe442703 r 0e         00000008  lw       x14, -0x1c(x8)
#218 0 80000126 fec42783 r 0f         00000000  lw       x15, -0x14(x8)
#219 0 8000012a 04f70263 r 00         00000000  beq      x14, x15, . + 0x44
#220 0 8000012e fec42783 r 0f         00000000  lw       x15, -0x14(x8)
#221 0 80000132     078a r 0f         00000000  c.slli   x15, 2
#222 0 80000134     17c1 r 0f         fffffff0  c.addi   x15, -0x10
#223 0 80000136     97a2 r 0f         f0040ff0  c.add    x15, x8
#224 0 80000138 fc07a783 r 0f         00000064  lw       x15, -0x40(x15)
#225 0 8000013c fcf42e23 m f0040fdc   00000064  sw       x15, -0x24(x8)
#226 0 80000140 fe442783 r 0f         00000008  lw       x15, -0x1c(x8)
#227 0 80000144     078a r 0f         00000020  c.slli   x15, 2
#228 0 80000146     17c1 r 0f         00000010  c.addi   x15, -0x10
#229 0 80000148     97a2 r 0f         f0041010  c.add    x15, x8
#230 0 8000014a fc07a703 r 0e         0000000c  lw       x14, -0x40(x15)
#231 0 8000014e fec42783 r 0f         00000000  lw       x15, -0x14(x8)
#232 0 80000152     078a r 0f         00000000  c.slli   x15, 2
#233 0 80000154     17c1 r 0f         fffffff0  c.addi   x15, -0x10
#234 0 80000156     97a2 r 0f         f0040ff0  c.add    x15, x8
#235 0 80000158 fce7a023 m f0040fb0   0000000c  sw       x14, -0x40(x15)
#236 0 8000015c fe442783 r 0f         00000008  lw       x15, -0x1c(x8)
#237 0 80000160     078a r 0f         00000020  c.slli   x15, 2
#238 0 80000162     17c1 r 0f         00000010  c.addi   x15, -0x10
#239 0 80000164     97a2 r 0f         f0041010  c.add    x15, x8
#240 0 80000166 fdc42703 r 0e         00000064  lw       x14, -0x24(x8)
#241 0 8000016a fce7a023 m f0040fd0   00000064  sw       x14, -0x40(x15)
#242 0 8000016e fec42783 r 0f         00000000  lw       x15, -0x14(x8)
#243 0 80000172     0785 r 0f         00000001  c.addi   x15, 0x1
#244 0 80000174 fef42623 m f0040fec   00000001  sw       x15, -0x14(x8)
#245 0 80000178 fe042783 r 0f         0000000a  lw       x15, -0x20(x8)
#246 0 8000017c     17fd r 0f         00000009  c.addi   x15, -0x1
#247 0 8000017e fec42703 r 0e         00000001  lw       x14, -0x14(x8)
#248 0 80000182 f4f747e3 r 00         00000000  blt      x14, x15, . - 0xb2
#249 0 800000d0 fec42783 r 0f         00000001  lw       x15, -0x14(x8)
#250 0 800000d4 fef42223 m f0040fe4   00000001  sw       x15, -0x1c(x8)
#251 0 800000d8 fec42783 r 0f         00000001  lw       x15, -0x14(x8)
#252 0 800000dc     0785 r 0f         00000002  c.addi   x15, 0x1
#253 0 800000de fef42423 m f0040fe8   00000002  sw       x15, -0x18(x8)
#254 0 800000e2     a815 r 00         00000000  c.j      . + 0x34
#255 0 80000116 fe842703 r 0e         00000002  lw       x14, -0x18(x8)
#256 0 8000011a fe042783 r 0f         0000000a  lw       x15, -0x20(x8)
#257 0 8000011e fcf743e3 r 00         00000000  blt      x14, x15, . - 0x3a
#258 0 800000e4 fe442783 r 0f         00000001  lw       x15, -0x1c(x8)
#259 0 800000e8     078a r 0f         00000004  c.slli   x15, 2
#260 0 800000ea     17c1 r 0f         fffffff4  c.addi   x15, -0x10
#261 0 800000ec     97a2 r 0f         f0040ff4  c.add    x15, x8
#262 0 800000ee fc07a703 r 0e         00000058  lw       x14, -0x40(x15)
#263 0 800000f2 fe842783 r 0f         00000002  lw       x15, -0x18(x8)
#264 0 800000f6     078a r 0f         00000008  c.slli   x15, 2
#265 0 800000f8     17c1 r 0f         fffffff8  c.addi   x15, -0x10
#266 0 800000fa     97a2 r 0f         f0040ff8  c.add    x15, x8
#267 0 800000fc fc07a783 r 0f         00000065  lw       x15, -0x40(x15)
#268 0 80000100 00e7d663 r 00         00000000  bge      x15, x14, . + 0xc
#269 0 8000010c fe842783 r 0f         00000002  lw       x15, -0x18(x8)
#270 0 80000110     0785 r 0f         00000003  c.addi   x15, 0x1
#271 0 80000112 fef42423 m f0040fe8   00000003  sw       x15, -0x18(x8)
#272 0 80000116 fe842703 r 0e         00000003  lw       x14, -0x18(x8)
#273 0 8000011a fe042783 r 0f         0000000a  lw       x15, -0x20(x8)
#274 0 8000011e fcf743e3 r 00         00000000  blt      x14, x15, . - 0x3a
#275 0 800000e4 fe442783 r 0f         00000001  lw       x15, -0x1c(x8)
#276 0 800000e8     078a r 0f         00000004  c.slli   x15, 2
#277 0 800000ea     17c1 r 0f         fffffff4  c.addi   x15, -0x10
#278 0 800000ec     97a2 r 0f         f0040ff4  c.add    x15, x8
#279 0 800000ee fc07a703 r 0e         00000058  lw       x14, -0x40(x15)
#280 0 800000f2 fe842783 r 0f         00000003  lw       x15, -0x18(x8)
#281 0 800000f6     078a r 0f         0000000c  c.slli   x15, 2
#282 0 800000f8     17c1 r 0f         fffffffc  c.addi   x15, -0x10
#283 0 800000fa     97a2 r 0f         f0040ffc  c.add    x15, x8
#284 0 800000fc fc07a783 r 0f         00000020  lw       x15, -0x40(x15)
#285 0 80000100 00e7d663 r 00         00000000  bge      x15, x14, . + 0xc
#286 0 80000104 fe842783 r 0f         00000003  lw       x15, -0x18(x8)
#287 0 80000108 fef42223 m f0040fe4   00000003  sw       x15, -0x1c(x8)
#288 0 8000010c fe842783 r 0f         00000003  lw       x15, -0x18(x8)
#289 0 80000110     0785 r 0f         00000004  c.addi   x15, 0x1
#290 0 80000112 fef42423 m f0040fe8   00000004  sw       x15, -0x18(x8)
#291 0 80000116 fe842703 r 0e         00000004  lw       x14, -0x18(x8)
#292 0 8000011a fe042783 r 0f         0000000a  lw       x15, -0x20(x8)
#293 0 8000011e fcf743e3 r 00         00000000  blt      x14, x15, . - 0x3a
#294 0 800000e4 fe442783 r 0f         00000003  lw       x15, -0x1c(x8)
#295 0 800000e8     078a r 0f         0000000c  c.slli   x15, 2
#296 0 800000ea     17c1 r 0f         fffffffc  c.addi   x15, -0x10
#297 0 800000ec     97a2 r 0f         f0040ffc  c.add    x15, x8
#298 0 800000ee fc07a703 r 0e         00000020  lw       x14, -0x40(x15)
#299 0 800000f2 fe842783 r 0f         00000004  lw       x15, -0x18(x8)
#300 0 800000f6     078a r 0f         00000010  c.slli   x15, 2
#301 0 800000f8     17c1 r 0f         00000000  c.addi   x15, -0x10
#302 0 800000fa     97a2 r 0f         f0041000  c.add    x15, x8
#303 0 800000fc fc07a783 r 0f         00000043  lw       x15, -0x40(x15)
#304 0 80000100 00e7d663 r 00         00000000  bge      x15, x14, . + 0xc
#305 0 8000010c fe842783 r 0f         00000004  lw       x15, -0x18(x8)
#306 0 80000110     0785 r 0f         00000005  c.addi   x15, 0x1
#307 0 80000112 fef42423 m f0040fe8   00000005  sw       x15, -0x18(x8)
#308 0 80000116 fe842703 r 0e         00000005  lw       x14, -0x18(x8)
#309 0 8000011a fe042783 r 0f         0000000a  lw       x15, -0x20(x8)
#310 0 8000011e fcf743e3 r 00         00000000  blt      x14, x15, . - 0x3a
#311 0 800000e4 fe442783 r 0f         00000003  lw       x15, -0x1c(x8)
#312 0 800000e8     078a r 0f         0000000c  c.slli   x15, 2
#313 0 800000ea     17c1 r 0f         fffffffc  c.addi   x15, -0x10
#314 0 800000ec     97a2 r 0f         f0040ffc  c.add    x15, x8
#315 0 800000ee fc07a703 r 0e         00000020  lw       x14, -0x40(x15)
#316 0 800000f2 fe842783 r 0f         00000005  lw       x15, -0x18(x8)
#317 0 800000f6     078a r 0f         00000014  c.slli   x15, 2
#318 0 800000f8     17c1 r 0f         00000004  c.addi   x15, -0x10
#319 0 800000fa     97a2 r 0f         f0041004  c.add    x15, x8
#320 0 800000fc fc07a783 r 0f         000000be  lw       x15, -0x40(x15)
#321 0 80000100 00e7d663 r 00         00000000  bge      x15, x14, . + 0xc
#322 0 8000010c fe842783 r 0f         00000005  lw       x15, -0x18(x8)
#323 0 80000110     0785 r 0f         00000006  c.addi   x15, 0x1
#324 0 80000112 fef42423 m f0040fe8   00000006  sw       x15, -0x18(x8)
#325 0 80000116 fe842703 r 0e         00000006  lw       x14, -0x18(x8)
#326 0 8000011a fe042783 r 0f         0000000a  lw       x15, -0x20(x8)
#327 0 8000011e fcf743e3 r 00         00000000  blt      x14, x15, . - 0x3a
#328 0 800000e4 fe442783 r 0f         00000003  lw       x15, -0x1c(x8)
#329 0 800000e8     078a r 0f         0000000c  c.slli   x15, 2
#330 0 800000ea     17c1 r 0f         fffffffc  c.addi   x15, -0x10
#331 0 800000ec     97a2 r 0f         f0040ffc  c.add    x15, x8
#332 0 800000ee fc07a703 r 0e         00000020  lw       x14, -0x40(x15)
#333 0 800000f2 fe842783 r 0f         00000006  lw       x15, -0x18(x8)
#334 0 800000f6     078a r 0f         00000018  c.slli   x15, 2
#335 0 800000f8     17c1 r 0f         00000008  c.addi   x15, -0x10
#336 0 800000fa     97a2 r 0f         f0041008  c.add    x15, x8
#337 0 800000fc fc07a783 r 0f         000000e6  lw       x15, -0x40(x15)
#338 0 80000100 00e7d663 r 00         00000000  bge      x15, x14, . + 0xc
#339 0 8000010c fe842783 r 0f         00000006  lw       x15, -0x18(x8)
#340 0 80000110     0785 r 0f         00000007  c.addi   x15, 0x1
#341 0 80000112 fef42423 m f0040fe8   00000007  sw       x15, -0x18(x8)
#342 0 80000116 fe842703 r 0e         00000007  lw       x14, -0x18(x8)
#343 0 8000011a fe042783 r 0f         0000000a  lw       x15, -0x20(x8)
#344 0 8000011e fcf743e3 r 00         00000000  blt      x14, x15, . - 0x3a
#345 0 800000e4 fe442783 r 0f         00000003  lw       x15, -0x1c(x8)
#346 0 800000e8     078a r 0f         0000000c  c.slli   x15, 2
#347 0 800000ea     17c1 r 0f         fffffffc  c.addi   x15, -0x10
#348 0 800000ec     97a2 r 0f         f0040ffc  c.add    x15, x8
#349 0 800000ee fc07a703 r 0e         00000020  lw       x14, -0x40(x15)
#350 0 800000f2 fe842783 r 0f         00000007  lw       x15, -0x18(x8)
#351 0 800000f6     078a r 0f         0000001c  c.slli   x15, 2
#352 0 800000f8     17c1 r 0f         0000000c  c.addi   x15, -0x10
#353 0 800000fa     97a2 r 0f         f004100c  c.add    x15, x8
#354 0 800000fc fc07a783 r 0f         000002fd  lw       x15, -0x40(x15)
#355 0 80000100 00e7d663 r 00         00000000  bge      x15, x14, . + 0xc
#356 0 8000010c fe842783 r 0f         00000007  lw       x15, -0x18(x8)
#357 0 80000110     0785 r 0f         00000008  c.addi   x15, 0x1
#358 0 80000112 fef42423 m f0040fe8   00000008  sw       x15, -0x18(x8)
#359 0 80000116 fe842703 r 0e         00000008  lw       x14, -0x18(x8)
#360 0 8000011a fe042783 r 0f         0000000a  lw       x15, -0x20(x8)
#361 0 8000011e fcf743e3 r 00         00000000  blt      x14, x15, . - 0x3a
#362 0 800000e4 fe442783 r 0f         00000003  lw       x15, -0x1c(x8)
#363 0 800000e8     078a r 0f         0000000c  c.slli   x15, 2
#364 0 800000ea     17c1 r 0f         fffffffc  c.addi   x15, -0x10
#365 0 800000ec     97a2 r 0f         f0040ffc  c.add    x15, x8
#366 0 800000ee fc07a703 r 0e         00000020  lw       x14, -0x40(x15)
#367 0 800000f2 fe842783 r 0f         00000008  lw       x15, -0x18(x8)
#368 0 800000f6     078a r 0f         00000020  c.slli   x15, 2
#369 0 800000f8     17c1 r 0f         00000010  c.addi   x15, -0x10
#370 0 800000fa     97a2 r 0f         f0041010  c.add    x15, x8
#371 0 800000fc fc07a783 r 0f         00000064  lw       x15, -0x40(x15)
#372 0 80000100 00e7d663 r 00         00000000  bge      x15, x14, . + 0xc
#373 0 8000010c fe842783 r 0f         00000008  lw       x15, -0x18(x8)
#374 0 80000110     0785 r 0f         00000009  c.addi   x15, 0x1
#375 0 80000112 fef42423 m f0040fe8   00000009  sw       x15, -0x18(x8)
#376 0 80000116 fe842703 r 0e         00000009  lw       x14, -0x18(x8)
#377 0 8000011a fe042783 r 0f         0000000a  lw       x15, -0x20(x8)
#378 0 8000011e fcf743e3 r 00         00000000  blt      x14, x15, . - 0x3a
#379 0 800000e4 fe442783 r 0f         00000003  lw       x15, -0x1c(x8)
#380 0 800000e8     078a r 0f         0000000c  c.slli   x15, 2
#381 0 800000ea     17c1 r 0f         fffffffc  c.addi   x15, -0x10
#382 0 800000ec     97a2 r 0f         f0040ffc  c.add    x15, x8
#383 0 800000ee fc07a703 r 0e         00000020  lw       x14, -0x40(x15)
#384 0 800000f2 fe842783 r 0f         00000009  lw       x15, -0x18(x8)
#385 0 800000f6     078a r 0f         00000024  c.slli   x15, 2
#386 0 800000f8     17c1 r 0f         00000014  c.addi   x15, -0x10
#387 0 800000fa     97a2 r 0f         f0041014  c.add    x15, x8
#388 0 800000fc fc07a783 r 0f         0000002d  lw       x15, -0x40(x15)
#389 0 80000100 00e7d663 r 00         00000000  bge      x15, x14, . + 0xc
#390 0 8000010c fe842783 r 0f         00000009  lw       x15, -0x18(x8)
#391 0 80000110     0785 r 0f         0000000a  c.addi   x15, 0x1
#392 0 80000112 fef42423 m f0040fe8   0000000a  sw       x15, -0x18(x8)
#393 0 80000116 fe842703 r 0e         0000000a  lw       x14, -0x18(x8)
#394 0 8000011a fe042783 r 0f         0000000a  lw       x15, -0x20(x8)
#395 0 8000011e fcf743e3 r 00         00000000  blt      x14, x15, . - 0x3a
#396 0 80000122 fe442703 r 0e         00000003  lw       x14, -0x1c(x8)
#397 0 80000126 fec42783 r 0f         00000001  lw       x15, -0x14(x8)
#398 0 8000012a 04f70263 r 00         00000000  beq      x14, x15, . + 0x44
#399 0 8000012e fec42783 r 0f         00000001  lw       x15, -0x14(x8)
#400 0 80000132     078a r 0f         00000004  c.slli   x15, 2
#401 0 80000134     17c1 r 0f         fffffff4  c.addi   x15, -0x10
#402 0 80000136     97a2 r 0f         f0040ff4  c.add    x15, x8
#403 0 80000138 fc07a783 r 0f         00000058  lw       x15, -0x40(x15)
#404 0 8000013c fcf42e23 m f0040fdc   00000058  sw       x15, -0x24(x8)
#405 0 80000140 fe442783 r 0f         00000003  lw       x15, -0x1c(x8)
#406 0 80000144     078a r 0f         0000000c  c.slli   x15, 2
#407 0 80000146     17c1 r 0f         fffffffc  c.addi   x15, -0x10
#408 0 80000148     97a2 r 0f         f0040ffc  c.add    x15, x8
#409 0 8000014a fc07a703 r 0e         00000020  lw       x14, -0x40(x15)
#410 0 8000014e fec42783 r 0f         00000001  lw       x15, -0x14(x8)
#411 0 80000152     078a r 0f         00000004  c.slli   x15, 2
#412 0 80000154     17c1 r 0f         fffffff4  c.addi   x15, -0x10
#413 0 80000156     97a2 r 0f         f0040ff4  c.add    x15, x8
#414 0 80000158 fce7a023 m f0040fb4   00000020  sw       x14, -0x40(x15)
#415 0 8000015c fe442783 r 0f         00000003  lw       x15, -0x1c(x8)
#416 0 80000160     078a r 0f         0000000c  c.slli   x15, 2
#417 0 80000162     17c1 r 0f         fffffffc  c.addi   x15, -0x10
#418 0 80000164     97a2 r 0f         f0040ffc  c.add    x15, x8
#419 0 80000166 fdc42703 r 0e         00000058  lw       x14, -0x24(x8)
#420 0 8000016a fce7a023 m f0040fbc   00000058  sw       x14, -0x40(x15)
#421 0 8000016e fec42783 r 0f         00000001  lw       x15, -0x14(x8)
#422 0 80000172     0785 r 0f         00000002  c.addi   x15, 0x1
#423 0 80000174 fef42623 m f0040fec   00000002  sw       x15, -0x14(x8)
#424 0 80000178 fe042783 r 0f         0000000a  lw       x15, -0x20(x8)
#425 0 8000017c     17fd r 0f         00000009  c.addi   x15, -0x1
#426 0 8000017e fec42703 r 0e         00000002  lw       x14, -0x14(x8)
#427 0 80000182 f4f747e3 r 00         00000000  blt      x14, x15, . - 0xb2
#428 0 800000d0 fec42783 r 0f         00000002  lw       x15, -0x14(x8)
#429 0 800000d4 fef42223 m f0040fe4   00000002  sw       x15, -0x1c(x8)
#430 0 800000d8 fec42783 r 0f         00000002  lw       x15, -0x14(x8)
#431 0 800000dc     0785 r 0f         00000003  c.addi   x15, 0x1
#432 0 800000de fef42423 m f0040fe8   00000003  sw       x15, -0x18(x8)
#433 0 800000e2     a815 r 00         00000000  c.j      . + 0x34
#434 0 80000116 fe842703 r 0e         00000003  lw       x14, -0x18(x8)
#435 0 8000011a fe042783 r 0f         0000000a  lw       x15, -0x20(x8)
#436 0 8000011e fcf743e3 r 00         00000000  blt      x14, x15, . - 0x3a
#437 0 800000e4 fe442783 r 0f         00000002  lw       x15, -0x1c(x8)
#438 0 800000e8     078a r 0f         00000008  c.slli   x15, 2
#439 0 800000ea     17c1 r 0f         fffffff8  c.addi   x15, -0x10
#440 0 800000ec     97a2 r 0f         f0040ff8  c.add    x15, x8
#441 0 800000ee fc07a703 r 0e         00000065  lw       x14, -0x40(x15)
#442 0 800000f2 fe842783 r 0f         00000003  lw       x15, -0x18(x8)
#443 0 800000f6     078a r 0f         0000000c  c.slli   x15, 2
#444 0 800000f8     17c1 r 0f         fffffffc  c.addi   x15, -0x10
#445 0 800000fa     97a2 r 0f         f0040ffc  c.add    x15, x8
#446 0 800000fc fc07a783 r 0f         00000058  lw       x15, -0x40(x15)
#447 0 80000100 00e7d663 r 00         00000000  bge      x15, x14, . + 0xc
#448 0 80000104 fe842783 r 0f         00000003  lw       x15, -0x18(x8)
#449 0 80000108 fef42223 m f0040fe4   00000003  sw       x15, -0x1c(x8)
#450 0 8000010c fe842783 r 0f         00000003  lw       x15, -0x18(x8)
#451 0 80000110     0785 r 0f         00000004  c.addi   x15, 0x1
#452 0 80000112 fef42423 m f0040fe8   00000004  sw       x15, -0x18(x8)
#453 0 80000116 fe842703 r 0e         00000004  lw       x14, -0x18(x8)
#454 0 8000011a fe042783 r 0f         0000000a  lw       x15, -0x20(x8)
#455 0 8000011e fcf743e3 r 00         00000000  blt      x14, x15, . - 0x3a
#456 0 800000e4 fe442783 r 0f         00000003  lw       x15, -0x1c(x8)
#457 0 800000e8     078a r 0f         0000000c  c.slli   x15, 2
#458 0 800000ea     17c1 r 0f         fffffffc  c.addi   x15, -0x10
#459 0 800000ec     97a2 r 0f         f0040ffc  c.add    x15, x8
#460 0 800000ee fc07a703 r 0e         00000058  lw       x14, -0x40(x15)
#461 0 800000f2 fe842783 r 0f         00000004  lw       x15, -0x18(x8)
#462 0 800000f6     078a r 0f         00000010  c.slli   x15, 2
#463 0 800000f8     17c1 r 0f         00000000  c.addi   x15, -0x10
#464 0 800000fa     97a2 r 0f         f0041000  c.add    x15, x8
#465 0 800000fc fc07a783 r 0f         00000043  lw       x15, -0x40(x15)
#466 0 80000100 00e7d663 r 00         00000000  bge      x15, x14, . + 0xc
#467 0 80000104 fe842783 r 0f         00000004  lw       x15, -0x18(x8)
#468 0 80000108 fef42223 m f0040fe4   00000004  sw       x15, -0x1c(x8)
#469 0 8000010c fe842783 r 0f         00000004  lw       x15, -0x18(x8)
#470 0 80000110     0785 r 0f         00000005  c.addi   x15, 0x1
#471 0 80000112 fef42423 m f0040fe8   00000005  sw       x15, -0x18(x8)
#472 0 80000116 fe842703 r 0e         00000005  lw       x14, -0x18(x8)
#473 0 8000011a fe042783 r 0f         0000000a  lw       x15, -0x20(x8)
#474 0 8000011e fcf743e3 r 00         00000000  blt      x14, x15, . - 0x3a
#475 0 800000e4 fe442783 r 0f         00000004  lw       x15, -0x1c(x8)
#476 0 800000e8     078a r 0f         00000010  c.slli   x15, 2
#477 0 800000ea     17c1 r 0f         00000000  c.addi   x15, -0x10
#478 0 800000ec     97a2 r 0f         f0041000  c.add    x15, x8
#479 0 800000ee fc07a703 r 0e         00000043  lw       x14, -0x40(x15)
#480 0 800000f2 fe842783 r 0f         00000005  lw       x15, -0x18(x8)
#481 0 800000f6     078a r 0f         00000014  c.slli   x15, 2
#482 0 800000f8     17c1 r 0f         00000004  c.addi   x15, -0x10
#483 0 800000fa     97a2 r 0f         f0041004  c.add    x15, x8
#484 0 800000fc fc07a783 r 0f         000000be  lw       x15, -0x40(x15)
#485 0 80000100 00e7d663 r 00         00000000  bge      x15, x14, . + 0xc
#486 0 8000010c fe842783 r 0f         00000005  lw       x15, -0x18(x8)
#487 0 80000110     0785 r 0f         00000006  c.addi   x15, 0x1
#488 0 80000112 fef42423 m f0040fe8   00000006  sw       x15, -0x18(x8)
#489 0 80000116 fe842703 r 0e         00000006  lw       x14, -0x18(x8)
#490 0 8000011a fe042783 r 0f         0000000a  lw       x15, -0x20(x8)
#491 0 8000011e fcf743e3 r 00         00000000  blt      x14, x15, . - 0x3a
#492 0 800000e4 fe442783 r 0f         00000004  lw       x15, -0x1c(x8)
#493 0 800000e8     078a r 0f         00000010  c.slli   x15, 2
#494 0 800000ea     17c1 r 0f         00000000  c.addi   x15, -0x10
#495 0 800000ec     97a2 r 0f         f0041000  c.add    x15, x8
#496 0 800000ee fc07a703 r 0e         00000043  lw       x14, -0x40(x15)
#497 0 800000f2 fe842783 r 0f         00000006  lw       x15, -0x18(x8)
#498 0 800000f6     078a r 0f         00000018  c.slli   x15, 2
#499 0 800000f8     17c1 r 0f         00000008  c.addi   x15, -0x10
#500 0 800000fa     97a2 r 0f         f0041008  c.add    x15, x8
#501 0 800000fc fc07a783 r 0f         000000e6  lw       x15, -0x40(x15)
#502 0 80000100 00e7d663 r 00         00000000  bge      x15, x14, . + 0xc
#503 0 8000010c fe842783 r 0f         00000006  lw       x15, -0x18(x8)
#504 0 80000110     0785 r 0f         00000007  c.addi   x15, 0x1
#505 0 80000112 fef42423 m f0040fe8   00000007  sw       x15, -0x18(x8)
#506 0 80000116 fe842703 r 0e         00000007  lw       x14, -0x18(x8)
#507 0 8000011a fe042783 r 0f         0000000a  lw       x15, -0x20(x8)
#508 0 8000011e fcf743e3 r 00         00000000  blt      x14, x15, . - 0x3a
#509 0 800000e4 fe442783 r 0f         00000004  lw       x15, -0x1c(x8)
#510 0 800000e8     078a r 0f         00000010  c.slli   x15, 2
#511 0 800000ea     17c1 r 0f         00000000  c.addi   x15, -0x10
#512 0 800000ec     97a2 r 0f         f0041000  c.add    x15, x8
#513 0 800000ee fc07a703 r 0e         00000043  lw       x14, -0x40(x15)
#514 0 800000f2 fe842783 r 0f         00000007  lw       x15, -0x18(x8)
#515 0 800000f6     078a r 0f         0000001c  c.slli   x15, 2
#516 0 800000f8     17c1 r 0f         0000000c  c.addi   x15, -0x10
#517 0 800000fa     97a2 r 0f         f004100c  c.add    x15, x8
#518 0 800000fc fc07a783 r 0f         000002fd  lw       x15, -0x40(x15)
#519 0 80000100 00e7d663 r 00         00000000  bge      x15, x14, . + 0xc
#520 0 8000010c fe842783 r 0f         00000007  lw       x15, -0x18(x8)
#521 0 80000110     0785 r 0f         00000008  c.addi   x15, 0x1
#522 0 80000112 fef42423 m f0040fe8   00000008  sw       x15, -0x18(x8)
#523 0 80000116 fe842703 r 0e         00000008  lw       x14, -0x18(x8)
#524 0 8000011a fe042783 r 0f         0000000a  lw       x15, -0x20(x8)
#525 0 8000011e fcf743e3 r 00         00000000  blt      x14, x15, . - 0x3a
#526 0 800000e4 fe442783 r 0f         00000004  lw       x15, -0x1c(x8)
#527 0 800000e8     078a r 0f         00000010  c.slli   x15, 2
#528 0 800000ea     17c1 r 0f         00000000  c.addi   x15, -0x10
#529 0 800000ec     97a2 r 0f         f0041000  c.add    x15, x8
#530 0 800000ee fc07a703 r 0e         00000043  lw       x14, -0x40(x15)
#531 0 800000f2 fe842783 r 0f         00000008  lw       x15, -0x18(x8)
#532 0 800000f6     078a r 0f         00000020  c.slli   x15, 2
#533 0 800000f8     17c1 r 0f         00000010  c.addi   x15, -0x10
#534 0 800000fa     97a2 r 0f         f0041010  c.add    x15, x8
#535 0 800000fc fc07a783 r 0f         00000064  lw       x15, -0x40(x15)
#536 0 80000100 00e7d663 r 00         00000000  bge      x15, x14, . + 0xc
#537 0 8000010c fe842783 r 0f         00000008  lw       x15, -0x18(x8)
#538 0 80000110     0785 r 0f         00000009  c.addi   x15, 0x1
#539 0 80000112 fef42423 m f0040fe8   00000009  sw       x15, -0x18(x8)
#540 0 80000116 fe842703 r 0e         00000009  lw       x14, -0x18(x8)
#541 0 8000011a fe042783 r 0f         0000000a  lw       x15, -0x20(x8)
#542 0 8000011e fcf743e3 r 00         00000000  blt      x14, x15, . - 0x3a
#543 0 800000e4 fe442783 r 0f         00000004  lw       x15, -0x1c(x8)
#544 0 800000e8     078a r 0f         00000010  c.slli   x15, 2
#545 0 800000ea     17c1 r 0f         00000000  c.addi   x15, -0x10
#546 0 800000ec     97a2 r 0f         f0041000  c.add    x15, x8
#547 0 800000ee fc07a703 r 0e         00000043  lw       x14, -0x40(x15)
#548 0 800000f2 fe842783 r 0f         00000009  lw       x15, -0x18(x8)
#549 0 800000f6     078a r 0f         00000024  c.slli   x15, 2
#550 0 800000f8     17c1 r 0f         00000014  c.addi   x15, -0x10
#551 0 800000fa     97a2 r 0f         f0041014  c.add    x15, x8
#552 0 800000fc fc07a783 r 0f         0000002d  lw       x15, -0x40(x15)
#553 0 80000100 00e7d663 r 00         00000000  bge      x15, x14, . + 0xc
#554 0 80000104 fe842783 r 0f         00000009  lw       x15, -0x18(x8)
#555 0 80000108 fef42223 m f0040fe4   00000009  sw       x15, -0x1c(x8)
#556 0 8000010c fe842783 r 0f         00000009  lw       x15, -0x18(x8)
#557 0 80000110     0785 r 0f         0000000a  c.addi   x15, 0x1
#558 0 80000112 fef42423 m f0040fe8   0000000a  sw       x15, -0x18(x8)
#559 0 80000116 fe842703 r 0e         0000000a  lw       x14, -0x18(x8)
#560 0 8000011a fe042783 r 0f         0000000a  lw       x15, -0x20(x8)
#561 0 8000011e fcf743e3 r 00         00000000  blt      x14, x15, . - 0x3a
#562 0 80000122 fe442703 r 0e         00000009  lw       x14, -0x1c(x8)
#563 0 80000126 fec42783 r 0f         00000002  lw       x15, -0x14(x8)
#564 0 8000012a 04f70263 r 00         00000000  beq      x14, x15, . + 0x44
#565 0 8000012e fec42783 r 0f         00000002  lw       x15, -0x14(x8)
#566 0 80000132     078a r 0f         00000008  c.slli   x15, 2
#567 0 80000134     17c1 r 0f         fffffff8  c.addi   x15, -0x10
#568 0 80000136     97a2 r 0f         f0040ff8  c.add    x15, x8
#569 0 80000138 fc07a783 r 0f         00000065  lw       x15, -0x40(x15)
#570 0 8000013c fcf42e23 m f0040fdc   00000065  sw       x15, -0x24(x8)
#571 0 80000140 fe442783 r 0f         00000009  lw       x15, -0x1c(x8)
#572 0 80000144     078a r 0f         00000024  c.slli   x15, 2
#573 0 80000146     17c1 r 0f         00000014  c.addi   x15, -0x10
#574 0 80000148     97a2 r 0f         f0041014  c.add    x15, x8
#575 0 8000014a fc07a703 r 0e         0000002d  lw       x14, -0x40(x15)
#576 0 8000014e fec42783 r 0f         00000002  lw       x15, -0x14(x8)
#577 0 80000152     078a r 0f         00000008  c.slli   x15, 2
#578 0 80000154     17c1 r 0f         fffffff8  c.addi   x15, -0x10
#579 0 80000156     97a2 r 0f         f0040ff8  c.add    x15, x8
#580 0 80000158 fce7a023 m f0040fb8   0000002d  sw       x14, -0x40(x15)
#581 0 8000015c fe442783 r 0f         00000009  lw       x15, -0x1c(x8)
#582 0 80000160     078a r 0f         00000024  c.slli   x15, 2
#583 0 80000162     17c1 r 0f         00000014  c.addi   x15, -0x10
#584 0 80000164     97a2 r 0f         f0041014  c.add    x15, x8
#585 0 80000166 fdc42703 r 0e         00000065  lw       x14, -0x24(x8)
#586 0 8000016a fce7a023 m f0040fd4   00000065  sw       x14, -0x40(x15)
#587 0 8000016e fec42783 r 0f         00000002  lw       x15, -0x14(x8)
#588 0 80000172     0785 r 0f         00000003  c.addi   x15, 0x1
#589 0 80000174 fef42623 m f0040fec   00000003  sw       x15, -0x14(x8)
#590 0 80000178 fe042783 r 0f         0000000a  lw       x15, -0x20(x8)
#591 0 8000017c     17fd r 0f         00000009  c.addi   x15, -0x1
#592 0 8000017e fec42703 r 0e         00000003  lw       x14, -0x14(x8)
#593 0 80000182 f4f747e3 r 00         00000000  blt      x14, x15, . - 0xb2
#594 0 800000d0 fec42783 r 0f         00000003  lw       x15, -0x14(x8)
#595 0 800000d4 fef42223 m f0040fe4   00000003  sw       x15, -0x1c(x8)
#596 0 800000d8 fec42783 r 0f         00000003  lw       x15, -0x14(x8)
#597 0 800000dc     0785 r 0f         00000004  c.addi   x15, 0x1
#598 0 800000de fef42423 m f0040fe8   00000004  sw       x15, -0x18(x8)
#599 0 800000e2     a815 r 00         00000000  c.j      . + 0x34
#600 0 80000116 fe842703 r 0e         00000004  lw       x14, -0x18(x8)
#601 0 8000011a fe042783 r 0f         0000000a  lw       x15, -0x20(x8)
#602 0 8000011e fcf743e3 r 00         00000000  blt      x14, x15, . - 0x3a
#603 0 800000e4 fe442783 r 0f         00000003  lw       x15, -0x1c(x8)
#604 0 800000e8     078a r 0f         0000000c  c.slli   x15, 2
#605 0 800000ea     17c1 r 0f         fffffffc  c.addi   x15, -0x10
#606 0 800000ec     97a2 r 0f         f0040ffc  c.add    x15, x8
#607 0 800000ee fc07a703 r 0e         00000058  lw       x14, -0x40(x15)
#608 0 800000f2 fe842783 r 0f         00000004  lw       x15, -0x18(x8)
#609 0 800000f6     078a r 0f         00000010  c.slli   x15, 2
#610 0 800000f8     17c1 r 0f         00000000  c.addi   x15, -0x10
#611 0 800000fa     97a2 r 0f         f0041000  c.add    x15, x8
#612 0 800000fc fc07a783 r 0f         00000043  lw       x15, -0x40(x15)
#613 0 80000100 00e7d663 r 00         00000000  bge      x15, x14, . + 0xc
#614 0 80000104 fe842783 r 0f         00000004  lw       x15, -0x18(x8)
#615 0 80000108 fef42223 m f0040fe4   00000004  sw       x15, -0x1c(x8)
#616 0 8000010c fe842783 r 0f         00000004  lw       x15, -0x18(x8)
#617 0 80000110     0785 r 0f         00000005  c.addi   x15, 0x1
#618 0 80000112 fef42423 m f0040fe8   00000005  sw       x15, -0x18(x8)
#619 0 80000116 fe842703 r 0e         00000005  lw       x14, -0x18(x8)
#620 0 8000011a fe042783 r 0f         0000000a  lw       x15, -0x20(x8)
#621 0 8000011e fcf743e3 r 00         00000000  blt      x14, x15, . - 0x3a
#622 0 800000e4 fe442783 r 0f         00000004  lw       x15, -0x1c(x8)
#623 0 800000e8     078a r 0f         00000010  c.slli   x15, 2
#624 0 800000ea     17c1 r 0f         00000000  c.addi   x15, -0x10
#625 0 800000ec     97a2 r 0f         f0041000  c.add    x15, x8
#626 0 800000ee fc07a703 r 0e         00000043  lw       x14, -0x40(x15)
#627 0 800000f2 fe842783 r 0f         00000005  lw       x15, -0x18(x8)
#628 0 800000f6     078a r 0f         00000014  c.slli   x15, 2
#629 0 800000f8     17c1 r 0f         00000004  c.addi   x15, -0x10
#630 0 800000fa     97a2 r 0f         f0041004  c.add    x15, x8
#631 0 800000fc fc07a783 r 0f         000000be  lw       x15, -0x40(x15)
#632 0 80000100 00e7d663 r 00         00000000  bge      x15, x14, . + 0xc
#633 0 8000010c fe842783 r 0f         00000005  lw       x15, -0x18(x8)
#634 0 80000110     0785 r 0f         00000006  c.addi   x15, 0x1
#635 0 80000112 fef42423 m f0040fe8   00000006  sw       x15, -0x18(x8)
#636 0 80000116 fe842703 r 0e         00000006  lw       x14, -0x18(x8)
#637 0 8000011a fe042783 r 0f         0000000a  lw       x15, -0x20(x8)
#638 0 8000011e fcf743e3 r 00         00000000  blt      x14, x15, . - 0x3a
#639 0 800000e4 fe442783 r 0f         00000004  lw       x15, -0x1c(x8)
#640 0 800000e8     078a r 0f         00000010  c.slli   x15, 2
#641 0 800000ea     17c1 r 0f         00000000  c.addi   x15, -0x10
#642 0 800000ec     97a2 r 0f         f0041000  c.add    x15, x8
#643 0 800000ee fc07a703 r 0e         00000043  lw       x14, -0x40(x15)
#644 0 800000f2 fe842783 r 0f         00000006  lw       x15, -0x18(x8)
#645 0 800000f6     078a r 0f         00000018  c.slli   x15, 2
#646 0 800000f8     17c1 r 0f         00000008  c.addi   x15, -0x10
#647 0 800000fa     97a2 r 0f         f0041008  c.add    x15, x8
#648 0 800000fc fc07a783 r 0f         000000e6  lw       x15, -0x40(x15)
#649 0 80000100 00e7d663 r 00         00000000  bge      x15, x14, . + 0xc
#650 0 8000010c fe842783 r 0f         00000006  lw       x15, -0x18(x8)
#651 0 80000110     0785 r 0f         00000007  c.addi   x15, 0x1
#652 0 80000112 fef42423 m f0040fe8   00000007  sw       x15, -0x18(x8)
#653 0 80000116 fe842703 r 0e         00000007  lw       x14, -0x18(x8)
#654 0 8000011a fe042783 r 0f         0000000a  lw       x15, -0x20(x8)
#655 0 8000011e fcf743e3 r 00         00000000  blt      x14, x15, . - 0x3a
#656 0 800000e4 fe442783 r 0f         00000004  lw       x15, -0x1c(x8)
#657 0 800000e8     078a r 0f         00000010  c.slli   x15, 2
#658 0 800000ea     17c1 r 0f         00000000  c.addi   x15, -0x10
#659 0 800000ec     97a2 r 0f         f0041000  c.add    x15, x8
#660 0 800000ee fc07a703 r 0e         00000043  lw       x14, -0x40(x15)
#661 0 800000f2 fe842783 r 0f         00000007  lw       x15, -0x18(x8)
#662 0 800000f6     078a r 0f         0000001c  c.slli   x15, 2
#663 0 800000f8     17c1 r 0f         0000000c  c.addi   x15, -0x10
#664 0 800000fa     97a2 r 0f         f004100c  c.add    x15, x8
#665 0 800000fc fc07a783 r 0f         000002fd  lw       x15, -0x40(x15)
#666 0 80000100 00e7d663 r 00         00000000  bge      x15, x14, . + 0xc
#667 0 8000010c fe842783 r 0f         00000007  lw       x15, -0x18(x8)
#668 0 80000110     0785 r 0f         00000008  c.addi   x15, 0x1
#669 0 80000112 fef42423 m f0040fe8   00000008  sw       x15, -0x18(x8)
#670 0 80000116 fe842703 r 0e         00000008  lw       x14, -0x18(x8)
#671 0 8000011a fe042783 r 0f         0000000a  lw       x15, -0x20(x8)
#672 0 8000011e fcf743e3 r 00         00000000  blt      x14, x15, . - 0x3a
#673 0 800000e4 fe442783 r 0f         00000004  lw       x15, -0x1c(x8)
#674 0 800000e8     078a r 0f         00000010  c.slli   x15, 2
#675 0 800000ea     17c1 r 0f         00000000  c.addi   x15, -0x10
#676 0 800000ec     97a2 r 0f         f0041000  c.add    x15, x8
#677 0 800000ee fc07a703 r 0e         00000043  lw       x14, -0x40(x15)
#678 0 800000f2 fe842783 r 0f         00000008  lw       x15, -0x18(x8)
#679 0 800000f6     078a r 0f         00000020  c.slli   x15, 2
#680 0 800000f8     17c1 r 0f         00000010  c.addi   x15, -0x10
#681 0 800000fa     97a2 r 0f         f0041010  c.add    x15, x8
#682 0 800000fc fc07a783 r 0f         00000064  lw       x15, -0x40(x15)
#683 0 80000100 00e7d663 r 00         00000000  bge      x15, x14, . + 0xc
#684 0 8000010c fe842783 r 0f         00000008  lw       x15, -0x18(x8)
#685 0 80000110     0785 r 0f         00000009  c.addi   x15, 0x1
#686 0 80000112 fef42423 m f0040fe8   00000009  sw       x15, -0x18(x8)
#687 0 80000116 fe842703 r 0e         00000009  lw       x14, -0x18(x8)
#688 0 8000011a fe042783 r 0f         0000000a  lw       x15, -0x20(x8)
#689 0 8000011e fcf743e3 r 00         00000000  blt      x14, x15, . - 0x3a
#690 0 800000e4 fe442783 r 0f         00000004  lw       x15, -0x1c(x8)
#691 0 800000e8     078a r 0f         00000010  c.slli   x15, 2
#692 0 800000ea     17c1 r 0f         00000000  c.addi   x15, -0x10
#693 0 800000ec     97a2 r 0f         f0041000  c.add    x15, x8
#694 0 800000ee fc07a703 r 0e         00000043  lw       x14, -0x40(x15)
#695 0 800000f2 fe842783 r 0f         00000009  lw       x15, -0x18(x8)
#696 0 800000f6     078a r 0f         00000024  c.slli   x15, 2
#697 0 800000f8     17c1 r 0f         00000014  c.addi   x15, -0x10
#698 0 800000fa     97a2 r 0f         f0041014  c.add    x15, x8
#699 0 800000fc fc07a783 r 0f         00000065  lw       x15, -0x40(x15)
#700 0 80000100 00e7d663 r 00         00000000  bge      x15, x14, . + 0xc
#701 0 8000010c fe842783 r 0f         00000009  lw       x15, -0x18(x8)
#702 0 80000110     0785 r 0f         0000000a  c.addi   x15, 0x1
#703 0 80000112 fef42423 m f0040fe8   0000000a  sw       x15, -0x18(x8)
#704 0 80000116 fe842703 r 0e         0000000a  lw       x14, -0x18(x8)
#705 0 8000011a fe042783 r 0f         0000000a  lw       x15, -0x20(x8)
#706 0 8000011e fcf743e3 r 00         00000000  blt      x14, x15, . - 0x3a
#707 0 80000122 fe442703 r 0e         00000004  lw       x14, -0x1c(x8)
#708 0 80000126 fec42783 r 0f         00000003  lw       x15, -0x14(x8)
#709 0 8000012a 04f70263 r 00         00000000  beq      x14, x15, . + 0x44
#710 0 8000012e fec42783 r 0f         00000003  lw       x15, -0x14(x8)
#711 0 80000132     078a r 0f         0000000c  c.slli   x15, 2
#712 0 80000134     17c1 r 0f         fffffffc  c.addi   x15, -0x10
#713 0 80000136     97a2 r 0f         f0040ffc  c.add    x15, x8
#714 0 80000138 fc07a783 r 0f         00000058  lw       x15, -0x40(x15)
#715 0 8000013c fcf42e23 m f0040fdc   00000058  sw       x15, -0x24(x8)
#716 0 80000140 fe442783 r 0f         00000004  lw       x15, -0x1c(x8)
#717 0 80000144     078a r 0f         00000010  c.slli   x15, 2
#718 0 80000146     17c1 r 0f         00000000  c.addi   x15, -0x10
#719 0 80000148     97a2 r 0f         f0041000  c.add    x15, x8
#720 0 8000014a fc07a703 r 0e         00000043  lw       x14, -0x40(x15)
#721 0 8000014e fec42783 r 0f         00000003  lw       x15, -0x14(x8)
#722 0 80000152     078a r 0f         0000000c  c.slli   x15, 2
#723 0 80000154     17c1 r 0f         fffffffc  c.addi   x15, -0x10
#724 0 80000156     97a2 r 0f         f0040ffc  c.add    x15, x8
#725 0 80000158 fce7a023 m f0040fbc   00000043  sw       x14, -0x40(x15)
#726 0 8000015c fe442783 r 0f         00000004  lw       x15, -0x1c(x8)
#727 0 80000160     078a r 0f         00000010  c.slli   x15, 2
#728 0 80000162     17c1 r 0f         00000000  c.addi   x15, -0x10
#729 0 80000164     97a2 r 0f         f0041000  c.add    x15, x8
#730 0 80000166 fdc42703 r 0e         00000058  lw       x14, -0x24(x8)
#731 0 8000016a fce7a023 m f0040fc0   00000058  sw       x14, -0x40(x15)
#732 0 8000016e fec42783 r 0f         00000003  lw       x15, -0x14(x8)
#733 0 80000172     0785 r 0f         00000004  c.addi   x15, 0x1
#734 0 80000174 fef42623 m f0040fec   00000004  sw       x15, -0x14(x8)
#735 0 80000178 fe042783 r 0f         0000000a  lw       x15, -0x20(x8)
#736 0 8000017c     17fd r 0f         00000009  c.addi   x15, -0x1
#737 0 8000017e fec42703 r 0e         00000004  lw       x14, -0x14(x8)
#738 0 80000182 f4f747e3 r 00         00000000  blt      x14, x15, . - 0xb2
#739 0 800000d0 fec42783 r 0f         00000004  lw       x15, -0x14(x8)
#740 0 800000d4 fef42223 m f0040fe4   00000004  sw       x15, -0x1c(x8)
#741 0 800000d8 fec42783 r 0f         00000004  lw       x15, -0x14(x8)
#742 0 800000dc     0785 r 0f         00000005  c.addi   x15, 0x1
#743 0 800000de fef42423 m f0040fe8   00000005  sw       x15, -0x18(x8)
#744 0 800000e2     a815 r 00         00000000  c.j      . + 0x34
#745 0 80000116 fe842703 r 0e         00000005  lw       x14, -0x18(x8)
#746 0 8000011a fe042783 r 0f         0000000a  lw       x15, -0x20(x8)
#747 0 8000011e fcf743e3 r 00         00000000  blt      x14, x15, . - 0x3a
#748 0 800000e4 fe442783 r 0f         00000004  lw       x15, -0x1c(x8)
#749 0 800000e8     078a r 0f         00000010  c.slli   x15, 2
#750 0 800000ea     17c1 r 0f         00000000  c.addi   x15, -0x10
#751 0 800000ec     97a2 r 0f         f0041000  c.add    x15, x8
#752 0 800000ee fc07a703 r 0e         00000058  lw       x14, -0x40(x15)
#753 0 800000f2 fe842783 r 0f         00000005  lw       x15, -0x18(x8)
#754 0 800000f6     078a r 0f         00000014  c.slli   x15, 2
#755 0 800000f8     17c1 r 0f         00000004  c.addi   x15, -0x10
#756 0 800000fa     97a2 r 0f         f0041004  c.add    x15, x8
#757 0 800000fc fc07a783 r 0f         000000be  lw       x15, -0x40(x15)
#758 0 80000100 00e7d663 r 00         00000000  bge      x15, x14, . + 0xc
#759 0 8000010c fe842783 r 0f         00000005  lw       x15, -0x18(x8)
#760 0 80000110     0785 r 0f         00000006  c.addi   x15, 0x1
#761 0 80000112 fef42423 m f0040fe8   00000006  sw       x15, -0x18(x8)
#762 0 80000116 fe842703 r 0e         00000006  lw       x14, -0x18(x8)
#763 0 8000011a fe042783 r 0f         0000000a  lw       x15, -0x20(x8)
#764 0 8000011e fcf743e3 r 00         00000000  blt      x14, x15, . - 0x3a
#765 0 800000e4 fe442783 r 0f         00000004  lw       x15, -0x1c(x8)
#766 0 800000e8     078a r 0f         00000010  c.slli   x15, 2
#767 0 800000ea     17c1 r 0f         00000000  c.addi   x15, -0x10
#768 0 800000ec     97a2 r 0f         f0041000  c.add    x15, x8
#769 0 800000ee fc07a703 r 0e         00000058  lw       x14, -0x40(x15)
#770 0 800000f2 fe842783 r 0f         00000006  lw       x15, -0x18(x8)
#771 0 800000f6     078a r 0f         00000018  c.slli   x15, 2
#772 0 800000f8     17c1 r 0f         00000008  c.addi   x15, -0x10
#773 0 800000fa     97a2 r 0f         f0041008  c.add    x15, x8
#774 0 800000fc fc07a783 r 0f         000000e6  lw       x15, -0x40(x15)
#775 0 80000100 00e7d663 r 00         00000000  bge      x15, x14, . + 0xc
#776 0 8000010c fe842783 r 0f         00000006  lw       x15, -0x18(x8)
#777 0 80000110     0785 r 0f         00000007  c.addi   x15, 0x1
#778 0 80000112 fef42423 m f0040fe8   00000007  sw       x15, -0x18(x8)
#779 0 80000116 fe842703 r 0e         00000007  lw       x14, -0x18(x8)
#780 0 8000011a fe042783 r 0f         0000000a  lw       x15, -0x20(x8)
#781 0 8000011e fcf743e3 r 00         00000000  blt      x14, x15, . - 0x3a
#782 0 800000e4 fe442783 r 0f         00000004  lw       x15, -0x1c(x8)
#783 0 800000e8     078a r 0f         00000010  c.slli   x15, 2
#784 0 800000ea     17c1 r 0f         00000000  c.addi   x15, -0x10
#785 0 800000ec     97a2 r 0f         f0041000  c.add    x15, x8
#786 0 800000ee fc07a703 r 0e         00000058  lw       x14, -0x40(x15)
#787 0 800000f2 fe842783 r 0f         00000007  lw       x15, -0x18(x8)
#788 0 800000f6     078a r 0f         0000001c  c.slli   x15, 2
#789 0 800000f8     17c1 r 0f         0000000c  c.addi   x15, -0x10
#790 0 800000fa     97a2 r 0f         f004100c  c.add    x15, x8
#791 0 800000fc fc07a783 r 0f         000002fd  lw       x15, -0x40(x15)
#792 0 80000100 00e7d663 r 00         00000000  bge      x15, x14, . + 0xc
#793 0 8000010c fe842783 r 0f         00000007  lw       x15, -0x18(x8)
#794 0 80000110     0785 r 0f         00000008  c.addi   x15, 0x1
#795 0 80000112 fef42423 m f0040fe8   00000008  sw       x15, -0x18(x8)
#796 0 80000116 fe842703 r 0e         00000008  lw       x14, -0x18(x8)
#797 0 8000011a fe042783 r 0f         0000000a  lw       x15, -0x20(x8)
#798 0 8000011e fcf743e3 r 00         00000000  blt      x14, x15, . - 0x3a
#799 0 800000e4 fe442783 r 0f         00000004  lw       x15, -0x1c(x8)
#800 0 800000e8     078a r 0f         00000010  c.slli   x15, 2
#801 0 800000ea     17c1 r 0f         00000000  c.addi   x15, -0x10
#802 0 800000ec     97a2 r 0f         f0041000  c.add    x15, x8
#803 0 800000ee fc07a703 r 0e         00000058  lw       x14, -0x40(x15)
#804 0 800000f2 fe842783 r 0f         00000008  lw       x15, -0x18(x8)
#805 0 800000f6     078a r 0f         00000020  c.slli   x15, 2
#806 0 800000f8     17c1 r 0f         00000010  c.addi   x15, -0x10
#807 0 800000fa     97a2 r 0f         f0041010  c.add    x15, x8
#808 0 800000fc fc07a783 r 0f         00000064  lw       x15, -0x40(x15)
#809 0 80000100 00e7d663 r 00         00000000  bge      x15, x14, . + 0xc
#810 0 8000010c fe842783 r 0f         00000008  lw       x15, -0x18(x8)
#811 0 80000110     0785 r 0f         00000009  c.addi   x15, 0x1
#812 0 80000112 fef42423 m f0040fe8   00000009  sw       x15, -0x18(x8)
#813 0 80000116 fe842703 r 0e         00000009  lw       x14, -0x18(x8)
#814 0 8000011a fe042783 r 0f         0000000a  lw       x15, -0x20(x8)
#815 0 8000011e fcf743e3 r 00         00000000  blt      x14, x15, . - 0x3a
#816 0 800000e4 fe442783 r 0f         00000004  lw       x15, -0x1c(x8)
#817 0 800000e8     078a r 0f         00000010  c.slli   x15, 2
#818 0 800000ea     17c1 r 0f         00000000  c.addi   x15, -0x10
#819 0 800000ec     97a2 r 0f         f0041000  c.add    x15, x8
#820 0 800000ee fc07a703 r 0e         00000058  lw       x14, -0x40(x15)
#821 0 800000f2 fe842783 r 0f         00000009  lw       x15, -0x18(x8)
#822 0 800000f6     078a r 0f         00000024  c.slli   x15, 2
#823 0 800000f8     17c1 r 0f         00000014  c.addi   x15, -0x10
#824 0 800000fa     97a2 r 0f         f0041014  c.add    x15, x8
#825 0 800000fc fc07a783 r 0f         00000065  lw       x15, -0x40(x15)
#826 0 80000100 00e7d663 r 00         00000000  bge      x15, x14, . + 0xc
#827 0 8000010c fe842783 r 0f         00000009  lw       x15, -0x18(x8)
#828 0 80000110     0785 r 0f         0000000a  c.addi   x15, 0x1
#829 0 80000112 fef42423 m f0040fe8   0000000a  sw       x15, -0x18(x8)
#830 0 80000116 fe842703 r 0e         0000000a  lw       x14, -0x18(x8)
#831 0 8000011a fe042783 r 0f         0000000a  lw       x15, -0x20(x8)
#832 0 8000011e fcf743e3 r 00         00000000  blt      x14, x15, . - 0x3a
#833 0 80000122 fe442703 r 0e         00000004  lw       x14, -0x1c(x8)
#834 0 80000126 fec42783 r 0f         00000004  lw       x15, -0x14(x8)
#835 0 8000012a 04f70263 r 00         00000000  beq      x14, x15, . + 0x44
#836 0 8000016e fec42783 r 0f         00000004  lw       x15, -0x14(x8)
#837 0 80000172     0785 r 0f         00000005  c.addi   x15, 0x1
#838 0 80000174 fef42623 m f0040fec   00000005  sw       x15, -0x14(x8)
#839 0 80000178 fe042783 r 0f         0000000a  lw       x15, -0x20(x8)
#840 0 8000017c     17fd r 0f         00000009  c.addi   x15, -0x1
#841 0 8000017e fec42703 r 0e         00000005  lw       x14, -0x14(x8)
#842 0 80000182 f4f747e3 r 00         00000000  blt      x14, x15, . - 0xb2
#843 0 800000d0 fec42783 r 0f         00000005  lw       x15, -0x14(x8)
#844 0 800000d4 fef42223 m f0040fe4   00000005  sw       x15, -0x1c(x8)
#845 0 800000d8 fec42783 r 0f         00000005  lw       x15, -0x14(x8)
#846 0 800000dc     0785 r 0f         00000006  c.addi   x15, 0x1
#847 0 800000de fef42423 m f0040fe8   00000006  sw       x15, -0x18(x8)
#848 0 800000e2     a815 r 00         00000000  c.j      . + 0x34
#849 0 80000116 fe842703 r 0e         00000006  lw       x14, -0x18(x8)
#850 0 8000011a fe042783 r 0f         0000000a  lw       x15, -0x20(x8)
#851 0 8000011e fcf743e3 r 00         00000000  blt      x14, x15, . - 0x3a
#852 0 800000e4 fe442783 r 0f         00000005  lw       x15, -0x1c(x8)
#853 0 800000e8     078a r 0f         00000014  c.slli   x15, 2
#854 0 800000ea     17c1 r 0f         00000004  c.addi   x15, -0x10
#855 0 800000ec     97a2 r 0f         f0041004  c.add    x15, x8
#856 0 800000ee fc07a703 r 0e         000000be  lw       x14, -0x40(x15)
#857 0 800000f2 fe842783 r 0f         00000006  lw       x15, -0x18(x8)
#858 0 800000f6     078a r 0f         00000018  c.slli   x15, 2
#859 0 800000f8     17c1 r 0f         00000008  c.addi   x15, -0x10
#860 0 800000fa     97a2 r 0f         f0041008  c.add    x15, x8
#861 0 800000fc fc07a783 r 0f         000000e6  lw       x15, -0x40(x15)
#862 0 80000100 00e7d663 r 00         00000000  bge      x15, x14, . + 0xc
#863 0 8000010c fe842783 r 0f         00000006  lw       x15, -0x18(x8)
#864 0 80000110     0785 r 0f         00000007  c.addi   x15, 0x1
#865 0 80000112 fef42423 m f0040fe8   00000007  sw       x15, -0x18(x8)
#866 0 80000116 fe842703 r 0e         00000007  lw       x14, -0x18(x8)
#867 0 8000011a fe042783 r 0f         0000000a  lw       x15, -0x20(x8)
#868 0 8000011e fcf743e3 r 00         00000000  blt      x14, x15, . - 0x3a
#869 0 800000e4 fe442783 r 0f         00000005  lw       x15, -0x1c(x8)
#870 0 800000e8     078a r 0f         00000014  c.slli   x15, 2
#871 0 800000ea     17c1 r 0f         00000004  c.addi   x15, -0x10
#872 0 800000ec     97a2 r 0f         f0041004  c.add    x15, x8
#873 0 800000ee fc07a703 r 0e         000000be  lw       x14, -0x40(x15)
#874 0 800000f2 fe842783 r 0f         00000007  lw       x15, -0x18(x8)
#875 0 800000f6     078a r 0f         0000001c  c.slli   x15, 2
#876 0 800000f8     17c1 r 0f         0000000c  c.addi   x15, -0x10
#877 0 800000fa     97a2 r 0f         f004100c  c.add    x15, x8
#878 0 800000fc fc07a783 r 0f         000002fd  lw       x15, -0x40(x15)
#879 0 80000100 00e7d663 r 00         00000000  bge      x15, x14, . + 0xc
#880 0 8000010c fe842783 r 0f         00000007  lw       x15, -0x18(x8)
#881 0 80000110     0785 r 0f         00000008  c.addi   x15, 0x1
#882 0 80000112 fef42423 m f0040fe8   00000008  sw       x15, -0x18(x8)
#883 0 80000116 fe842703 r 0e         00000008  lw       x14, -0x18(x8)
#884 0 8000011a fe042783 r 0f         0000000a  lw       x15, -0x20(x8)
#885 0 8000011e fcf743e3 r 00         00000000  blt      x14, x15, . - 0x3a
#886 0 800000e4 fe442783 r 0f         00000005  lw       x15, -0x1c(x8)
#887 0 800000e8     078a r 0f         00000014  c.slli   x15, 2
#888 0 800000ea     17c1 r 0f         00000004  c.addi   x15, -0x10
#889 0 800000ec     97a2 r 0f         f0041004  c.add    x15, x8
#890 0 800000ee fc07a703 r 0e         000000be  lw       x14, -0x40(x15)
#891 0 800000f2 fe842783 r 0f         00000008  lw       x15, -0x18(x8)
#892 0 800000f6     078a r 0f         00000020  c.slli   x15, 2
#893 0 800000f8     17c1 r 0f         00000010  c.addi   x15, -0x10
#894 0 800000fa     97a2 r 0f         f0041010  c.add    x15, x8
#895 0 800000fc fc07a783 r 0f         00000064  lw       x15, -0x40(x15)
#896 0 80000100 00e7d663 r 00         00000000  bge      x15, x14, . + 0xc
#897 0 80000104 fe842783 r 0f         00000008  lw       x15, -0x18(x8)
#898 0 80000108 fef42223 m f0040fe4   00000008  sw       x15, -0x1c(x8)
#899 0 8000010c fe842783 r 0f         00000008  lw       x15, -0x18(x8)
#900 0 80000110     0785 r 0f         00000009  c.addi   x15, 0x1
#901 0 80000112 fef42423 m f0040fe8   00000009  sw       x15, -0x18(x8)
#902 0 80000116 fe842703 r 0e         00000009  lw       x14, -0x18(x8)
#903 0 8000011a fe042783 r 0f         0000000a  lw       x15, -0x20(x8)
#904 0 8000011e fcf743e3 r 00         00000000  blt      x14, x15, . - 0x3a
#905 0 800000e4 fe442783 r 0f         00000008  lw       x15, -0x1c(x8)
#906 0 800000e8     078a r 0f         00000020  c.slli   x15, 2
#907 0 800000ea     17c1 r 0f         00000010  c.addi   x15, -0x10
#908 0 800000ec     97a2 r 0f         f0041010  c.add    x15, x8
#909 0 800000ee fc07a703 r 0e         00000064  lw       x14, -0x40(x15)
#910 0 800000f2 fe842783 r 0f         00000009  lw       x15, -0x18(x8)
#911 0 800000f6     078a r 0f         00000024  c.slli   x15, 2
#912 0 800000f8     17c1 r 0f         00000014  c.addi   x15, -0x10
#913 0 800000fa     97a2 r 0f         f0041014  c.add    x15, x8
#914 0 800000fc fc07a783 r 0f         00000065  lw       x15, -0x40(x15)
#915 0 80000100 00e7d663 r 00         00000000  bge      x15, x14, . + 0xc
#916 0 8000010c fe842783 r 0f         00000009  lw       x15, -0x18(x8)
#917 0 80000110     0785 r 0f         0000000a  c.addi   x15, 0x1
#918 0 80000112 fef42423 m f0040fe8   0000000a  sw       x15, -0x18(x8)
#919 0 80000116 fe842703 r 0e         0000000a  lw       x14, -0x18(x8)
#920 0 8000011a fe042783 r 0f         0000000a  lw       x15, -0x20(x8)
#921 0 8000011e fcf743e3 r 00         00000000  blt      x14, x15, . - 0x3a
#922 0 80000122 fe442703 r 0e         00000008  lw       x14, -0x1c(x8)
#923 0 80000126 fec42783 r 0f         00000005  lw       x15, -0x14(x8)
#924 0 8000012a 04f70263 r 00         00000000  beq      x14, x15, . + 0x44
#925 0 8000012e fec42783 r 0f         00000005  lw       x15, -0x14(x8)
#926 0 80000132     078a r 0f         00000014  c.slli   x15, 2
#927 0 80000134     17c1 r 0f         00000004  c.addi   x15, -0x10
#928 0 80000136     97a2 r 0f         f0041004  c.add    x15, x8
#929 0 80000138 fc07a783 r 0f         000000be  lw       x15, -0x40(x15)
#930 0 8000013c fcf42e23 m f0040fdc   000000be  sw       x15, -0x24(x8)
#931 0 80000140 fe442783 r 0f         00000008  lw       x15, -0x1c(x8)
#932 0 80000144     078a r 0f         00000020  c.slli   x15, 2
#933 0 80000146     17c1 r 0f         00000010  c.addi   x15, -0x10
#934 0 80000148     97a2 r 0f         f0041010  c.add    x15, x8
#935 0 8000014a fc07a703 r 0e         00000064  lw       x14, -0x40(x15)
#936 0 8000014e fec42783 r 0f         00000005  lw       x15, -0x14(x8)
#937 0 80000152     078a r 0f         00000014  c.slli   x15, 2
#938 0 80000154     17c1 r 0f         00000004  c.addi   x15, -0x10
#939 0 80000156     97a2 r 0f         f0041004  c.add    x15, x8
#940 0 80000158 fce7a023 m f0040fc4   00000064  sw       x14, -0x40(x15)
#941 0 8000015c fe442783 r 0f         00000008  lw       x15, -0x1c(x8)
#942 0 80000160     078a r 0f         00000020  c.slli   x15, 2
#943 0 80000162     17c1 r 0f         00000010  c.addi   x15, -0x10
#944 0 80000164     97a2 r 0f         f0041010  c.add    x15, x8
#945 0 80000166 fdc42703 r 0e         000000be  lw       x14, -0x24(x8)
#946 0 8000016a fce7a023 m f0040fd0   000000be  sw       x14, -0x40(x15)
#947 0 8000016e fec42783 r 0f         00000005  lw       x15, -0x14(x8)
#948 0 80000172     0785 r 0f         00000006  c.addi   x15, 0x1
#949 0 80000174 fef42623 m f0040fec   00000006  sw       x15, -0x14(x8)
#950 0 80000178 fe042783 r 0f         0000000a  lw       x15, -0x20(x8)
#951 0 8000017c     17fd r 0f         00000009  c.addi   x15, -0x1
#952 0 8000017e fec42703 r 0e         00000006  lw       x14, -0x14(x8)
#953 0 80000182 f4f747e3 r 00         00000000  blt      x14, x15, . - 0xb2
#954 0 800000d0 fec42783 r 0f         00000006  lw       x15, -0x14(x8)
#955 0 800000d4 fef42223 m f0040fe4   00000006  sw       x15, -0x1c(x8)
#956 0 800000d8 fec42783 r 0f         00000006  lw       x15, -0x14(x8)
#957 0 800000dc     0785 r 0f         00000007  c.addi   x15, 0x1
#958 0 800000de fef42423 m f0040fe8   00000007  sw       x15, -0x18(x8)
#959 0 800000e2     a815 r 00         00000000  c.j      . + 0x34
#960 0 80000116 fe842703 r 0e         00000007  lw       x14, -0x18(x8)
#961 0 8000011a fe042783 r 0f         0000000a  lw       x15, -0x20(x8)
#962 0 8000011e fcf743e3 r 00         00000000  blt      x14, x15, . - 0x3a
#963 0 800000e4 fe442783 r 0f         00000006  lw       x15, -0x1c(x8)
#964 0 800000e8     078a r 0f         00000018  c.slli   x15, 2
#965 0 800000ea     17c1 r 0f         00000008  c.addi   x15, -0x10
#966 0 800000ec     97a2 r 0f         f0041008  c.add    x15, x8
#967 0 800000ee fc07a703 r 0e         000000e6  lw       x14, -0x40(x15)
#968 0 800000f2 fe842783 r 0f         00000007  lw       x15, -0x18(x8)
#969 0 800000f6     078a r 0f         0000001c  c.slli   x15, 2
#970 0 800000f8     17c1 r 0f         0000000c  c.addi   x15, -0x10
#971 0 800000fa     97a2 r 0f         f004100c  c.add    x15, x8
#972 0 800000fc fc07a783 r 0f         000002fd  lw       x15, -0x40(x15)
#973 0 80000100 00e7d663 r 00         00000000  bge      x15, x14, . + 0xc
#974 0 8000010c fe842783 r 0f         00000007  lw       x15, -0x18(x8)
#975 0 80000110     0785 r 0f         00000008  c.addi   x15, 0x1
#976 0 80000112 fef42423 m f0040fe8   00000008  sw       x15, -0x18(x8)
#977 0 80000116 fe842703 r 0e         00000008  lw       x14, -0x18(x8)
#978 0 8000011a fe042783 r 0f         0000000a  lw       x15, -0x20(x8)
#979 0 8000011e fcf743e3 r 00         00000000  blt      x14, x15, . - 0x3a
#980 0 800000e4 fe442783 r 0f         00000006  lw       x15, -0x1c(x8)
#981 0 800000e8     078a r 0f         00000018  c.slli   x15, 2
#982 0 800000ea     17c1 r 0f         00000008  c.addi   x15, -0x10
#983 0 800000ec     97a2 r 0f         f0041008  c.add    x15, x8
#984 0 800000ee fc07a703 r 0e         000000e6  lw       x14, -0x40(x15)
#985 0 800000f2 fe842783 r 0f         00000008  lw       x15, -0x18(x8)
#986 0 800000f6     078a r 0f         00000020  c.slli   x15, 2
#987 0 800000f8     17c1 r 0f         00000010  c.addi   x15, -0x10
#988 0 800000fa     97a2 r 0f         f0041010  c.add    x15, x8
#989 0 800000fc fc07a783 r 0f         000000be  lw       x15, -0x40(x15)
#990 0 80000100 00e7d663 r 00         00000000  bge      x15, x14, . + 0xc
#991 0 80000104 fe842783 r 0f         00000008  lw       x15, -0x18(x8)
#992 0 80000108 fef42223 m f0040fe4   00000008  sw       x15, -0x1c(x8)
#993 0 8000010c fe842783 r 0f         00000008  lw       x15, -0x18(x8)
#994 0 80000110     0785 r 0f         00000009  c.addi   x15, 0x1
#995 0 80000112 fef42423 m f0040fe8   00000009  sw       x15, -0x18(x8)
#996 0 80000116 fe842703 r 0e         00000009  lw       x14, -0x18(x8)
#997 0 8000011a fe042783 r 0f         0000000a  lw       x15, -0x20(x8)
#998 0 8000011e fcf743e3 r 00         00000000  blt      x14, x15, . - 0x3a
#999 0 800000e4 fe442783 r 0f         00000008  lw       x15, -0x1c(x8)
#1000 0 800000e8     078a r 0f         00000020  c.slli   x15, 2
#1001 0 800000ea     17c1 r 0f         00000010  c.addi   x15, -0x10
#1002 0 800000ec     97a2 r 0f         f0041010  c.add    x15, x8
#1003 0 800000ee fc07a703 r 0e         000000be  lw       x14, -0x40(x15)
#1004 0 800000f2 fe842783 r 0f         00000009  lw       x15, -0x18(x8)
#1005 0 800000f6     078a r 0f         00000024  c.slli   x15, 2
#1006 0 800000f8     17c1 r 0f         00000014  c.addi   x15, -0x10
#1007 0 800000fa     97a2 r 0f         f0041014  c.add    x15, x8
#1008 0 800000fc fc07a783 r 0f         00000065  lw       x15, -0x40(x15)
#1009 0 80000100 00e7d663 r 00         00000000  bge      x15, x14, . + 0xc
#1010 0 80000104 fe842783 r 0f         00000009  lw       x15, -0x18(x8)
#1011 0 80000108 fef42223 m f0040fe4   00000009  sw       x15, -0x1c(x8)
#1012 0 8000010c fe842783 r 0f         00000009  lw       x15, -0x18(x8)
#1013 0 80000110     0785 r 0f         0000000a  c.addi   x15, 0x1
#1014 0 80000112 fef42423 m f0040fe8   0000000a  sw       x15, -0x18(x8)
#1015 0 80000116 fe842703 r 0e         0000000a  lw       x14, -0x18(x8)
#1016 0 8000011a fe042783 r 0f         0000000a  lw       x15, -0x20(x8)
#1017 0 8000011e fcf743e3 r 00         00000000  blt      x14, x15, . - 0x3a
#1018 0 80000122 fe442703 r 0e         00000009  lw       x14, -0x1c(x8)
#1019 0 80000126 fec42783 r 0f         00000006  lw       x15, -0x14(x8)
#1020 0 8000012a 04f70263 r 00         00000000  beq      x14, x15, . + 0x44
#1021 0 8000012e fec42783 r 0f         00000006  lw       x15, -0x14(x8)
#1022 0 80000132     078a r 0f         00000018  c.slli   x15, 2
#1023 0 80000134     17c1 r 0f         00000008  c.addi   x15, -0x10
#1024 0 80000136     97a2 r 0f         f0041008  c.add    x15, x8
#1025 0 80000138 fc07a783 r 0f         000000e6  lw       x15, -0x40(x15)
#1026 0 8000013c fcf42e23 m f0040fdc   000000e6  sw       x15, -0x24(x8)
#1027 0 80000140 fe442783 r 0f         00000009  lw       x15, -0x1c(x8)
#1028 0 80000144     078a r 0f         00000024  c.slli   x15, 2
#1029 0 80000146     17c1 r 0f         00000014  c.addi   x15, -0x10
#1030 0 80000148     97a2 r 0f         f0041014  c.add    x15, x8
#1031 0 8000014a fc07a703 r 0e         00000065  lw       x14, -0x40(x15)
#1032 0 8000014e fec42783 r 0f         00000006  lw       x15, -0x14(x8)
#1033 0 80000152     078a r 0f         00000018  c.slli   x15, 2
#1034 0 80000154     17c1 r 0f         00000008  c.addi   x15, -0x10
#1035 0 80000156     97a2 r 0f         f0041008  c.add    x15, x8
#1036 0 80000158 fce7a023 m f0040fc8   00000065  sw       x14, -0x40(x15)
#1037 0 8000015c fe442783 r 0f         00000009  lw       x15, -0x1c(x8)
#1038 0 80000160     078a r 0f         00000024  c.slli   x15, 2
#1039 0 80000162     17c1 r 0f         00000014  c.addi   x15, -0x10
#1040 0 80000164     97a2 r 0f         f0041014  c.add    x15, x8
#1041 0 80000166 fdc42703 r 0e         000000e6  lw       x14, -0x24(x8)
#1042 0 8000016a fce7a023 m f0040fd4   000000e6  sw       x14, -0x40(x15)
#1043 0 8000016e fec42783 r 0f         00000006  lw       x15, -0x14(x8)
#1044 0 80000172     0785 r 0f         00000007  c.addi   x15, 0x1
#1045 0 80000174 fef42623 m f0040fec   00000007  sw       x15, -0x14(x8)
#1046 0 80000178 fe042783 r 0f         0000000a  lw       x15, -0x20(x8)
#1047 0 8000017c     17fd r 0f         00000009  c.addi   x15, -0x1
#1048 0 8000017e fec42703 r 0e         00000007  lw       x14, -0x14(x8)
#1049 0 80000182 f4f747e3 r 00         00000000  blt      x14, x15, . - 0xb2
#1050 0 800000d0 fec42783 r 0f         00000007  lw       x15, -0x14(x8)
#1051 0 800000d4 fef42223 m f0040fe4   00000007  sw       x15, -0x1c(x8)
#1052 0 800000d8 fec42783 r 0f         00000007  lw       x15, -0x14(x8)
#1053 0 800000dc     0785 r 0f         00000008  c.addi   x15, 0x1
#1054 0 800000de fef42423 m f0040fe8   00000008  sw       x15, -0x18(x8)
#1055 0 800000e2     a815 r 00         00000000  c.j      . + 0x34
#1056 0 80000116 fe842703 r 0e         00000008  lw       x14, -0x18(x8)
#1057 0 8000011a fe042783 r 0f         0000000a  lw       x15, -0x20(x8)
#1058 0 8000011e fcf743e3 r 00         00000000  blt      x14, x15, . - 0x3a
#1059 0 800000e4 fe442783 r 0f         00000007  lw       x15, -0x1c(x8)
#1060 0 800000e8     078a r 0f         0000001c  c.slli   x15, 2
#1061 0 800000ea     17c1 r 0f         0000000c  c.addi   x15, -0x10
#1062 0 800000ec     97a2 r 0f         f004100c  c.add    x15, x8
#1063 0 800000ee fc07a703 r 0e         000002fd  lw       x14, -0x40(x15)
#1064 0 800000f2 fe842783 r 0f         00000008  lw       x15, -0x18(x8)
#1065 0 800000f6     078a r 0f         00000020  c.slli   x15, 2
#1066 0 800000f8     17c1 r 0f         00000010  c.addi   x15, -0x10
#1067 0 800000fa     97a2 r 0f         f0041010  c.add    x15, x8
#1068 0 800000fc fc07a783 r 0f         000000be  lw       x15, -0x40(x15)
#1069 0 80000100 00e7d663 r 00         00000000  bge      x15, x14, . + 0xc
#1070 0 80000104 fe842783 r 0f         00000008  lw       x15, -0x18(x8)
#1071 0 80000108 fef42223 m f0040fe4   00000008  sw       x15, -0x1c(x8)
#1072 0 8000010c fe842783 r 0f         00000008  lw       x15, -0x18(x8)
#1073 0 80000110     0785 r 0f         00000009  c.addi   x15, 0x1
#1074 0 80000112 fef42423 m f0040fe8   00000009  sw       x15, -0x18(x8)
#1075 0 80000116 fe842703 r 0e         00000009  lw       x14, -0x18(x8)
#1076 0 8000011a fe042783 r 0f         0000000a  lw       x15, -0x20(x8)
#1077 0 8000011e fcf743e3 r 00         00000000  blt      x14, x15, . - 0x3a
#1078 0 800000e4 fe442783 r 0f         00000008  lw       x15, -0x1c(x8)
#1079 0 800000e8     078a r 0f         00000020  c.slli   x15, 2
#1080 0 800000ea     17c1 r 0f         00000010  c.addi   x15, -0x10
#1081 0 800000ec     97a2 r 0f         f0041010  c.add    x15, x8
#1082 0 800000ee fc07a703 r 0e         000000be  lw       x14, -0x40(x15)
#1083 0 800000f2 fe842783 r 0f         00000009  lw       x15, -0x18(x8)
#1084 0 800000f6     078a r 0f         00000024  c.slli   x15, 2
#1085 0 800000f8     17c1 r 0f         00000014  c.addi   x15, -0x10
#1086 0 800000fa     97a2 r 0f         f0041014  c.add    x15, x8
#1087 0 800000fc fc07a783 r 0f         000000e6  lw       x15, -0x40(x15)
#1088 0 80000100 00e7d663 r 00         00000000  bge      x15, x14, . + 0xc
#1089 0 8000010c fe842783 r 0f         00000009  lw       x15, -0x18(x8)
#1090 0 80000110     0785 r 0f         0000000a  c.addi   x15, 0x1
#1091 0 80000112 fef42423 m f0040fe8   0000000a  sw       x15, -0x18(x8)
#1092 0 80000116 fe842703 r 0e         0000000a  lw       x14, -0x18(x8)
#1093 0 8000011a fe042783 r 0f         0000000a  lw       x15, -0x20(x8)
#1094 0 8000011e fcf743e3 r 00         00000000  blt      x14, x15, . - 0x3a
#1095 0 80000122 fe442703 r 0e         00000008  lw       x14, -0x1c(x8)
#1096 0 80000126 fec42783 r 0f         00000007  lw       x15, -0x14(x8)
#1097 0 8000012a 04f70263 r 00         00000000  beq      x14, x15, . + 0x44
#1098 0 8000012e fec42783 r 0f         00000007  lw       x15, -0x14(x8)
#1099 0 80000132     078a r 0f         0000001c  c.slli   x15, 2
#1100 0 80000134     17c1 r 0f         0000000c  c.addi   x15, -0x10
#1101 0 80000136     97a2 r 0f         f004100c  c.add    x15, x8
#1102 0 80000138 fc07a783 r 0f         000002fd  lw       x15, -0x40(x15)
#1103 0 8000013c fcf42e23 m f0040fdc   000002fd  sw       x15, -0x24(x8)
#1104 0 80000140 fe442783 r 0f         00000008  lw       x15, -0x1c(x8)
#1105 0 80000144     078a r 0f         00000020  c.slli   x15, 2
#1106 0 80000146     17c1 r 0f         00000010  c.addi   x15, -0x10
#1107 0 80000148     97a2 r 0f         f0041010  c.add    x15, x8
#1108 0 8000014a fc07a703 r 0e         000000be  lw       x14, -0x40(x15)
#1109 0 8000014e fec42783 r 0f         00000007  lw       x15, -0x14(x8)
#1110 0 80000152     078a r 0f         0000001c  c.slli   x15, 2
#1111 0 80000154     17c1 r 0f         0000000c  c.addi   x15, -0x10
#1112 0 80000156     97a2 r 0f         f004100c  c.add    x15, x8
#1113 0 80000158 fce7a023 m f0040fcc   000000be  sw       x14, -0x40(x15)
#1114 0 8000015c fe442783 r 0f         00000008  lw       x15, -0x1c(x8)
#1115 0 80000160     078a r 0f         00000020  c.slli   x15, 2
#1116 0 80000162     17c1 r 0f         00000010  c.addi   x15, -0x10
#1117 0 80000164     97a2 r 0f         f0041010  c.add    x15, x8
#1118 0 80000166 fdc42703 r 0e         000002fd  lw       x14, -0x24(x8)
#1119 0 8000016a fce7a023 m f0040fd0   000002fd  sw       x14, -0x40(x15)
#1120 0 8000016e fec42783 r 0f         00000007  lw       x15, -0x14(x8)
#1121 0 80000172     0785 r 0f         00000008  c.addi   x15, 0x1
#1122 0 80000174 fef42623 m f0040fec   00000008  sw       x15, -0x14(x8)
#1123 0 80000178 fe042783 r 0f         0000000a  lw       x15, -0x20(x8)
#1124 0 8000017c     17fd r 0f         00000009  c.addi   x15, -0x1
#1125 0 8000017e fec42703 r 0e         00000008  lw       x14, -0x14(x8)
#1126 0 80000182 f4f747e3 r 00         00000000  blt      x14, x15, . - 0xb2
#1127 0 800000d0 fec42783 r 0f         00000008  lw       x15, -0x14(x8)
#1128 0 800000d4 fef42223 m f0040fe4   00000008  sw       x15, -0x1c(x8)
#1129 0 800000d8 fec42783 r 0f         00000008  lw       x15, -0x14(x8)
#1130 0 800000dc     0785 r 0f         00000009  c.addi   x15, 0x1
#1131 0 800000de fef42423 m f0040fe8   00000009  sw       x15, -0x18(x8)
#1132 0 800000e2     a815 r 00         00000000  c.j      . + 0x34
#1133 0 80000116 fe842703 r 0e         00000009  lw       x14, -0x18(x8)
#1134 0 8000011a fe042783 r 0f         0000000a  lw       x15, -0x20(x8)
#1135 0 8000011e fcf743e3 r 00         00000000  blt      x14, x15, . - 0x3a
#1136 0 800000e4 fe442783 r 0f         00000008  lw       x15, -0x1c(x8)
#1137 0 800000e8     078a r 0f         00000020  c.slli   x15, 2
#1138 0 800000ea     17c1 r 0f         00000010  c.addi   x15, -0x10
#1139 0 800000ec     97a2 r 0f         f0041010  c.add    x15, x8
#1140 0 800000ee fc07a703 r 0e         000002fd  lw       x14, -0x40(x15)
#1141 0 800000f2 fe842783 r 0f         00000009  lw       x15, -0x18(x8)
#1142 0 800000f6     078a r 0f         00000024  c.slli   x15, 2
#1143 0 800000f8     17c1 r 0f         00000014  c.addi   x15, -0x10
#1144 0 800000fa     97a2 r 0f         f0041014  c.add    x15, x8
#1145 0 800000fc fc07a783 r 0f         000000e6  lw       x15, -0x40(x15)
#1146 0 80000100 00e7d663 r 00         00000000  bge      x15, x14, . + 0xc
#1147 0 80000104 fe842783 r 0f         00000009  lw       x15, -0x18(x8)
#1148 0 80000108 fef42223 m f0040fe4   00000009  sw       x15, -0x1c(x8)
#1149 0 8000010c fe842783 r 0f         00000009  lw       x15, -0x18(x8)
#1150 0 80000110     0785 r 0f         0000000a  c.addi   x15, 0x1
#1151 0 80000112 fef42423 m f0040fe8   0000000a  sw       x15, -0x18(x8)
#1152 0 80000116 fe842703 r 0e         0000000a  lw       x14, -0x18(x8)
#1153 0 8000011a fe042783 r 0f         0000000a  lw       x15, -0x20(x8)
#1154 0 8000011e fcf743e3 r 00         00000000  blt      x14, x15, . - 0x3a
#1155 0 80000122 fe442703 r 0e         00000009  lw       x14, -0x1c(x8)
#1156 0 80000126 fec42783 r 0f         00000008  lw       x15, -0x14(x8)
#1157 0 8000012a 04f70263 r 00         00000000  beq      x14, x15, . + 0x44
#1158 0 8000012e fec42783 r 0f         00000008  lw       x15, -0x14(x8)
#1159 0 80000132     078a r 0f         00000020  c.slli   x15, 2
#1160 0 80000134     17c1 r 0f         00000010  c.addi   x15, -0x10
#1161 0 80000136     97a2 r 0f         f0041010  c.add    x15, x8
#1162 0 80000138 fc07a783 r 0f         000002fd  lw       x15, -0x40(x15)
#1163 0 8000013c fcf42e23 m f0040fdc   000002fd  sw       x15, -0x24(x8)
#1164 0 80000140 fe442783 r 0f         00000009  lw       x15, -0x1c(x8)
#1165 0 80000144     078a r 0f         00000024  c.slli   x15, 2
#1166 0 80000146     17c1 r 0f         00000014  c.addi   x15, -0x10
#1167 0 80000148     97a2 r 0f         f0041014  c.add    x15, x8
#1168 0 8000014a fc07a703 r 0e         000000e6  lw       x14, -0x40(x15)
#1169 0 8000014e fec42783 r 0f         00000008  lw       x15, -0x14(x8)
#1170 0 80000152     078a r 0f         00000020  c.slli   x15, 2
#1171 0 80000154     17c1 r 0f         00000010  c.addi   x15, -0x10
#1172 0 80000156     97a2 r 0f         f0041010  c.add    x15, x8
#1173 0 80000158 fce7a023 m f0040fd0   000000e6  sw       x14, -0x40(x15)
#1174 0 8000015c fe442783 r 0f         00000009  lw       x15, -0x1c(x8)
#1175 0 80000160     078a r 0f         00000024  c.slli   x15, 2
#1176 0 80000162     17c1 r 0f         00000014  c.addi   x15, -0x10
#1177 0 80000164     97a2 r 0f         f0041014  c.add    x15, x8
#1178 0 80000166 fdc42703 r 0e         000002fd  lw       x14, -0x24(x8)
#1179 0 8000016a fce7a023 m f0040fd4   000002fd  sw       x14, -0x40(x15)
#1180 0 8000016e fec42783 r 0f         00000008  lw       x15, -0x14(x8)
#1181 0 80000172     0785 r 0f         00000009  c.addi   x15, 0x1
#1182 0 80000174 fef42623 m f0040fec   00000009  sw       x15, -0x14(x8)
#1183 0 80000178 fe042783 r 0f         0000000a  lw       x15, -0x20(x8)
#1184 0 8000017c     17fd r 0f         00000009  c.addi   x15, -0x1
#1185 0 8000017e fec42703 r 0e         00000009  lw       x14, -0x14(x8)
#1186 0 80000182 f4f747e3 r 00         00000000  blt      x14, x15, . - 0xb2
#1187 0 80000186 fe042623 m f0040fec   00000000  sw       x0, -0x14(x8)
#1188 0 8000018a     a031 r 00         00000000  c.j      . + 0xc
#1189 0 80000196 fec42703 r 0e         00000000  lw       x14, -0x14(x8)
#1190 0 8000019a fe042783 r 0f         0000000a  lw       x15, -0x20(x8)
#1191 0 8000019e fef747e3 r 00         00000000  blt      x14, x15, . - 0x12
#1192 0 8000018c fec42783 r 0f         00000000  lw       x15, -0x14(x8)
#1193 0 80000190     0785 r 0f         00000001  c.addi   x15, 0x1
#1194 0 80000192 fef42623 m f0040fec   00000001  sw       x15, -0x14(x8)
#1195 0 80000196 fec42703 r 0e         00000001  lw       x14, -0x14(x8)
#1196 0 8000019a fe042783 r 0f         0000000a  lw       x15, -0x20(x8)
#1197 0 8000019e fef747e3 r 00         00000000  blt      x14, x15, . - 0x12
#1198 0 8000018c fec42783 r 0f         00000001  lw       x15, -0x14(x8)
#1199 0 80000190     0785 r 0f         00000002  c.addi   x15, 0x1
#1200 0 80000192 fef42623 m f0040fec   00000002  sw       x15, -0x14(x8)
#1201 0 80000196 fec42703 r 0e         00000002  lw       x14, -0x14(x8)
#1202 0 8000019a fe042783 r 0f         0000000a  lw       x15, -0x20(x8)
#1203 0 8000019e fef747e3 r 00         00000000  blt      x14, x15, . - 0x12
#1204 0 8000018c fec42783 r 0f         00000002  lw       x15, -0x14(x8)
#1205 0 80000190     0785 r 0f         00000003  c.addi   x15, 0x1
#1206 0 80000192 fef42623 m f0040fec   00000003  sw       x15, -0x14(x8)
#1207 0 80000196 fec42703 r 0e         00000003  lw       x14, -0x14(x8)
#1208 0 8000019a fe042783 r 0f         0000000a  lw       x15, -0x20(x8)
#1209 0 8000019e fef747e3 r 00         00000000  blt      x14, x15, . - 0x12
#1210 0 8000018c fec42783 r 0f         00000003  lw       x15, -0x14(x8)
#1211 0 80000190     0785 r 0f         00000004  c.addi   x15, 0x1
#1212 0 80000192 fef42623 m f0040fec   00000004  sw       x15, -0x14(x8)
#1213 0 80000196 fec42703 r 0e         00000004  lw       x14, -0x14(x8)
#1214 0 8000019a fe042783 r 0f         0000000a  lw       x15, -0x20(x8)
#1215 0 8000019e fef747e3 r 00         00000000  blt      x14, x15, . - 0x12
#1216 0 8000018c fec42783 r 0f         00000004  lw       x15, -0x14(x8)
#1217 0 80000190     0785 r 0f         00000005  c.addi   x15, 0x1
#1218 0 80000192 fef42623 m f0040fec   00000005  sw       x15, -0x14(x8)
#1219 0 80000196 fec42703 r 0e         00000005  lw       x14, -0x14(x8)
#1220 0 8000019a fe042783 r 0f         0000000a  lw       x15, -0x20(x8)
#1221 0 8000019e fef747e3 r 00         00000000  blt      x14, x15, . - 0x12
#1222 0 8000018c fec42783 r 0f         00000005  lw       x15, -0x14(x8)
#1223 0 80000190     0785 r 0f         00000006  c.addi   x15, 0x1
#1224 0 80000192 fef42623 m f0040fec   00000006  sw       x15, -0x14(x8)
#1225 0 80000196 fec42703 r 0e         00000006  lw       x14, -0x14(x8)
#1226 0 8000019a fe042783 r 0f         0000000a  lw       x15, -0x20(x8)
#1227 0 8000019e fef747e3 r 00         00000000  blt      x14, x15, . - 0x12
#1228 0 8000018c fec42783 r 0f         00000006  lw       x15, -0x14(x8)
#1229 0 80000190     0785 r 0f         00000007  c.addi   x15, 0x1
#1230 0 80000192 fef42623 m f0040fec   00000007  sw       x15, -0x14(x8)
#1231 0 80000196 fec42703 r 0e         00000007  lw       x14, -0x14(x8)
#1232 0 8000019a fe042783 r 0f         0000000a  lw       x15, -0x20(x8)
#1233 0 8000019e fef747e3 r 00         00000000  blt      x14, x15, . - 0x12
#1234 0 8000018c fec42783 r 0f         00000007  lw       x15, -0x14(x8)
#1235 0 80000190     0785 r 0f         00000008  c.addi   x15, 0x1
#1236 0 80000192 fef42623 m f0040fec   00000008  sw       x15, -0x14(x8)
#1237 0 80000196 fec42703 r 0e         00000008  lw       x14, -0x14(x8)
#1238 0 8000019a fe042783 r 0f         0000000a  lw       x15, -0x20(x8)
#1239 0 8000019e fef747e3 r 00         00000000  blt      x14, x15, . - 0x12
#1240 0 8000018c fec42783 r 0f         00000008  lw       x15, -0x14(x8)
#1241 0 80000190     0785 r 0f         00000009  c.addi   x15, 0x1
#1242 0 80000192 fef42623 m f0040fec   00000009  sw       x15, -0x14(x8)
#1243 0 80000196 fec42703 r 0e         00000009  lw       x14, -0x14(x8)
#1244 0 8000019a fe042783 r 0f         0000000a  lw       x15, -0x20(x8)
#1245 0 8000019e fef747e3 r 00         00000000  blt      x14, x15, . - 0x12
#1246 0 8000018c fec42783 r 0f         00000009  lw       x15, -0x14(x8)
#1247 0 80000190     0785 r 0f         0000000a  c.addi   x15, 0x1
#1248 0 80000192 fef42623 m f0040fec   0000000a  sw       x15, -0x14(x8)
#1249 0 80000196 fec42703 r 0e         0000000a  lw       x14, -0x14(x8)
#1250 0 8000019a fe042783 r 0f         0000000a  lw       x15, -0x20(x8)
#1251 0 8000019e fef747e3 r 00         00000000  blt      x14, x15, . - 0x12
#1252 0 800001a2     0001 r 00         00000000  c.nop
#1253 0 800001a4     0001 r 00         00000000  c.nop
#1254 0 800001a6     4436 r 08         00000000  c.lwsp   x8, 0x4c
#1255 0 800001a8     6161 r 02         f0041000  c.addi16sp 0x5
#1256 0 800001aa     8082 r 00         00000000  c.jr     x1
#1257 0 80000016 50580297 r 05         d0580016  auipc    x5, 0x50580
#1258 0 8000001a fea28293 r 05         d0580000  addi     x5, x5, -0x16
#1259 0 8000001e 0ff00313 r 06         000000ff  addi     x6, x0, 0xff
#1260 0 80000022 00628023 m d0580000   000000ff  sb       x6, 0x0(x5)
