#1 0 80000000 595552b7 r 05         59555000  lui      x5, 0x59555
#2 0 80000004 55528293 r 05         59555555  addi     x5, x5, 0x555
#3 0 80000008 7c029073 c 07c0       59555555  csrrw    x0, mrac, x5
#4 0 8000000c 70041117 r 02         f004100c  auipc    x2, 0x70041
#5 0 80000010 ff410113 r 02         f0041000  addi     x2, x2, -0xc
#6 0 80000014     2805 r 01         80000016  c.jal    . + 0x30
#7 0 80000044     711d r 02         f0040fa0  c.addi16sp -0x6
#8 0 80000046     cea2 m f0040ffc   00000000  c.swsp   x8, 0x5c
#9 0 80000048     1080 r 08         f0041000  c.addi4spn  x8, 0x18
#10 0 8000004a     47b5 r 0f         0000000d  c.li     x15, 0xd
#11 0 8000004c fcf42e23 m f0040fdc   0000000d  sw       x15, -0x24(x8)
#12 0 80000050 fa042023 m f0040fa0   00000000  sw       x0, -0x60(x8)
#13 0 80000054 fa042223 m f0040fa4   00000000  sw       x0, -0x5c(x8)
#14 0 80000058 fa042423 m f0040fa8   00000000  sw       x0, -0x58(x8)
#15 0 8000005c fa042623 m f0040fac   00000000  sw       x0, -0x54(x8)
#16 0 80000060 fa042823 m f0040fb0   00000000  sw       x0, -0x50(x8)
#17 0 80000064 fa042a23 m f0040fb4   00000000  sw       x0, -0x4c(x8)
#18 0 80000068 fa042c23 m f0040fb8   00000000  sw       x0, -0x48(x8)
#19 0 8000006c fa042e23 m f0040fbc   00000000  sw       x0, -0x44(x8)
#20 0 80000070 fc042023 m f0040fc0   00000000  sw       x0, -0x40(x8)
#21 0 80000074 fc042223 m f0040fc4   00000000  sw       x0, -0x3c(x8)
#22 0 80000078 fc042423 m f0040fc8   00000000  sw       x0, -0x38(x8)
#23 0 8000007c fc042623 m f0040fcc   00000000  sw       x0, -0x34(x8)
#24 0 80000080 fc042823 m f0040fd0   00000000  sw       x0, -0x30(x8)
#25 0 80000084 fc042a23 m f0040fd4   00000000  sw       x0, -0x2c(x8)
#26 0 80000088 02d00793 r 0f         0000002d  addi     x15, x0, 0x2d
#27 0 8000008c faf42023 m f0040fa0   0000002d  sw       x15, -0x60(x8)
#28 0 80000090 04300793 r 0f         00000043  addi     x15, x0, 0x43
#29 0 80000094 faf42223 m f0040fa4   00000043  sw       x15, -0x5c(x8)
#30 0 80000098     47b1 r 0f         0000000c  c.li     x15, 0xc
#31 0 8000009a faf42423 m f0040fa8   0000000c  sw       x15, -0x58(x8)
#32 0 8000009e 05900793 r 0f         00000059  addi     x15, x0, 0x59
#33 0 800000a2 faf42623 m f0040fac   00000059  sw       x15, -0x54(x8)
#34 0 800000a6 02c00793 r 0f         0000002c  addi     x15, x0, 0x2c
#35 0 800000aa faf42823 m f0040fb0   0000002c  sw       x15, -0x50(x8)
#36 0 800000ae     47dd r 0f         00000017  c.li     x15, 0x17
#37 0 800000b0 faf42a23 m f0040fb4   00000017  sw       x15, -0x4c(x8)
#38 0 800000b4 05800793 r 0f         00000058  addi     x15, x0, 0x58
#39 0 800000b8 faf42c23 m f0040fb8   00000058  sw       x15, -0x48(x8)
#40 0 800000bc     47ad r 0f         0000000b  c.li     x15, 0xb
#41 0 800000be faf42e23 m f0040fbc   0000000b  sw       x15, -0x44(x8)
#42 0 800000c2 05a00793 r 0f         0000005a  addi     x15, x0, 0x5a
#43 0 800000c6 fcf42023 m f0040fc0   0000005a  sw       x15, -0x40(x8)
#44 0 800000ca 04800793 r 0f         00000048  addi     x15, x0, 0x48
#45 0 800000ce fcf42223 m f0040fc4   00000048  sw       x15, -0x3c(x8)
#46 0 800000d2 04e00793 r 0f         0000004e  addi     x15, x0, 0x4e
#47 0 800000d6 fcf42423 m f0040fc8   0000004e  sw       x15, -0x38(x8)
#48 0 800000da 02200793 r 0f         00000022  addi     x15, x0, 0x22
#49 0 800000de fcf42623 m f0040fcc   00000022  sw       x15, -0x34(x8)
#50 0 800000e2 04200793 r 0f         00000042  addi     x15, x0, 0x42
#51 0 800000e6 fcf42823 m f0040fd0   00000042  sw       x15, -0x30(x8)
#52 0 800000ea fe042623 m f0040fec   00000000  sw       x0, -0x14(x8)
#53 0 800000ee     a851 r 00         00000000  c.j      . + 0x94
#54 0 80000182 fec42703 r 0e         00000000  lw       x14, -0x14(x8)
#55 0 80000186 fdc42783 r 0f         0000000d  lw       x15, -0x24(x8)
#56 0 8000018a f6f743e3 r 00         00000000  blt      x14, x15, . - 0x9a
#57 0 800000f0 fec42783 r 0f         00000000  lw       x15, -0x14(x8)
#58 0 800000f4 fef42023 m f0040fe0   00000000  sw       x15, -0x20(x8)
#59 0 800000f8 fe042783 r 0f         00000000  lw       x15, -0x20(x8)
#60 0 800000fc     17fd r 0f         ffffffff  c.addi   x15, -0x1
#61 0 800000fe 01f7d713 r 0e         00000001  srli     x14, x15, 0x1f
#62 0 80000102     97ba r 0f         00000000  c.add    x15, x14
#63 0 80000104     8785 r 0f         00000000  c.srai   x15, 0x1
#64 0 80000106 fef42223 m f0040fe4   00000000  sw       x15, -0x1c(x8)
#65 0 8000010a fe442783 r 0f         00000000  lw       x15, -0x1c(x8)
#66 0 8000010e     078a r 0f         00000000  c.slli   x15, 2
#67 0 80000110     17c1 r 0f         fffffff0  c.addi   x15, -0x10
#68 0 80000112     97a2 r 0f         f0040ff0  c.add    x15, x8
#69 0 80000114 fb07a703 r 0e         0000002d  lw       x14, -0x50(x15)
#70 0 80000118 fe042783 r 0f         00000000  lw       x15, -0x20(x8)
#71 0 8000011c     078a r 0f         00000000  c.slli   x15, 2
#72 0 8000011e     17c1 r 0f         fffffff0  c.addi   x15, -0x10
#73 0 80000120     97a2 r 0f         f0040ff0  c.add    x15, x8
#74 0 80000122 fb07a783 r 0f         0000002d  lw       x15, -0x50(x15)
#75 0 80000126 04f75263 r 00         00000000  bge      x14, x15, . + 0x44
#76 0 8000016a fe442783 r 0f         00000000  lw       x15, -0x1c(x8)
#77 0 8000016e fef42023 m f0040fe0   00000000  sw       x15, -0x20(x8)
#78 0 80000172 fe042783 r 0f         00000000  lw       x15, -0x20(x8)
#79 0 80000176     f3c9 r 00         00000000  c.bnez   x15, . - 0x7e
#80 0 80000178 fec42783 r 0f         00000000  lw       x15, -0x14(x8)
#81 0 8000017c     0785 r 0f         00000001  c.addi   x15, 0x1
#82 0 8000017e fef42623 m f0040fec   00000001  sw       x15, -0x14(x8)
#83 0 80000182 fec42703 r 0e         00000001  lw       x14, -0x14(x8)
#84 0 80000186 fdc42783 r 0f         0000000d  lw       x15, -0x24(x8)
#85 0 8000018a f6f743e3 r 00         00000000  blt      x14, x15, . - 0x9a
#86 0 800000f0 fec42783 r 0f         00000001  lw       x15, -0x14(x8)
#87 0 800000f4 fef42023 m f0040fe0   00000001  sw       x15, -0x20(x8)
#88 0 800000f8 fe042783 r 0f         00000001  lw       x15, -0x20(x8)
#89 0 800000fc     17fd r 0f         00000000  c.addi   x15, -0x1
#90 0 800000fe 01f7d713 r 0e         00000000  srli     x14, x15, 0x1f
#91 0 80000102     97ba r 0f         00000000  c.add    x15, x14
#92 0 80000104     8785 r 0f         00000000  c.srai   x15, 0x1
#93 0 80000106 fef42223 m f0040fe4   00000000  sw       x15, -0x1c(x8)
#94 0 8000010a fe442783 r 0f         00000000  lw       x15, -0x1c(x8)
#95 0 8000010e     078a r 0f         00000000  c.slli   x15, 2
#96 0 80000110     17c1 r 0f         fffffff0  c.addi   x15, -0x10
#97 0 80000112     97a2 r 0f         f0040ff0  c.add    x15, x8
#98 0 80000114 fb07a703 r 0e         0000002d  lw       x14, -0x50(x15)
#99 0 80000118 fe042783 r 0f         00000001  lw       x15, -0x20(x8)
#100 0 8000011c     078a r 0f         00000004  c.slli   x15, 2
#101 0 8000011e     17c1 r 0f         fffffff4  c.addi   x15, -0x10
#102 0 80000120     97a2 r 0f         f0040ff4  c.add    x15, x8
#103 0 80000122 fb07a783 r 0f         00000043  lw       x15, -0x50(x15)
#104 0 80000126 04f75263 r 00         00000000  bge      x14, x15, . + 0x44
#105 0 8000012a fe442783 r 0f         00000000  lw       x15, -0x1c(x8)
#106 0 8000012e     078a r 0f         00000000  c.slli   x15, 2
#107 0 80000130     17c1 r 0f         fffffff0  c.addi   x15, -0x10
#108 0 80000132     97a2 r 0f         f0040ff0  c.add    x15, x8
#109 0 80000134 fb07a783 r 0f         0000002d  lw       x15, -0x50(x15)
#110 0 80000138 fcf42c23 m f0040fd8   0000002d  sw       x15, -0x28(x8)
#111 0 8000013c fe042783 r 0f         00000001  lw       x15, -0x20(x8)
#112 0 80000140     078a r 0f         00000004  c.slli   x15, 2
#113 0 80000142     17c1 r 0f         fffffff4  c.addi   x15, -0x10
#114 0 80000144     97a2 r 0f         f0040ff4  c.add    x15, x8
#115 0 80000146 fb07a703 r 0e         00000043  lw       x14, -0x50(x15)
#116 0 8000014a fe442783 r 0f         00000000  lw       x15, -0x1c(x8)
#117 0 8000014e     078a r 0f         00000000  c.slli   x15, 2
#118 0 80000150     17c1 r 0f         fffffff0  c.addi   x15, -0x10
#119 0 80000152     97a2 r 0f         f0040ff0  c.add    x15, x8
#120 0 80000154 fae7a823 m f0040fa0   00000043  sw       x14, -0x50(x15)
#121 0 80000158 fe042783 r 0f         00000001  lw       x15, -0x20(x8)
#122 0 8000015c     078a r 0f         00000004  c.slli   x15, 2
#123 0 8000015e     17c1 r 0f         fffffff4  c.addi   x15, -0x10
#124 0 80000160     97a2 r 0f         f0040ff4  c.add    x15, x8
#125 0 80000162 fd842703 r 0e         0000002d  lw       x14, -0x28(x8)
#126 0 80000166 fae7a823 m f0040fa4   0000002d  sw       x14, -0x50(x15)
#127 0 8000016a fe442783 r 0f         00000000  lw       x15, -0x1c(x8)
#128 0 8000016e fef42023 m f0040fe0   00000000  sw       x15, -0x20(x8)
#129 0 80000172 fe042783 r 0f         00000000  lw       x15, -0x20(x8)
#130 0 80000176     f3c9 r 00         00000000  c.bnez   x15, . - 0x7e
#131 0 80000178 fec42783 r 0f         00000001  lw       x15, -0x14(x8)
#132 0 8000017c     0785 r 0f         00000002  c.addi   x15, 0x1
#133 0 8000017e fef42623 m f0040fec   00000002  sw       x15, -0x14(x8)
#134 0 80000182 fec42703 r 0e         00000002  lw       x14, -0x14(x8)
#135 0 80000186 fdc42783 r 0f         0000000d  lw       x15, -0x24(x8)
#136 0 8000018a f6f743e3 r 00         00000000  blt      x14, x15, . - 0x9a
#137 0 800000f0 fec42783 r 0f         00000002  lw       x15, -0x14(x8)
#138 0 800000f4 fef42023 m f0040fe0   00000002  sw       x15, -0x20(x8)
#139 0 800000f8 fe042783 r 0f         00000002  lw       x15, -0x20(x8)
#140 0 800000fc     17fd r 0f         00000001  c.addi   x15, -0x1
#141 0 800000fe 01f7d713 r 0e         00000000  srli     x14, x15, 0x1f
#142 0 80000102     97ba r 0f         00000001  c.add    x15, x14
#143 0 80000104     8785 r 0f         00000000  c.srai   x15, 0x1
#144 0 80000106 fef42223 m f0040fe4   00000000  sw       x15, -0x1c(x8)
#145 0 8000010a fe442783 r 0f         00000000  lw       x15, -0x1c(x8)
#146 0 8000010e     078a r 0f         00000000  c.slli   x15, 2
#147 0 80000110     17c1 r 0f         fffffff0  c.addi   x15, -0x10
#148 0 80000112     97a2 r 0f         f0040ff0  c.add    x15, x8
#149 0 80000114 fb07a703 r 0e         00000043  lw       x14, -0x50(x15)
#150 0 80000118 fe042783 r 0f         00000002  lw       x15, -0x20(x8)
#151 0 8000011c     078a r 0f         00000008  c.slli   x15, 2
#152 0 8000011e     17c1 r 0f         fffffff8  c.addi   x15, -0x10
#153 0 80000120     97a2 r 0f         f0040ff8  c.add    x15, x8
#154 0 80000122 fb07a783 r 0f         0000000c  lw       x15, -0x50(x15)
#155 0 80000126 04f75263 r 00         00000000  bge      x14, x15, . + 0x44
#156 0 8000016a fe442783 r 0f         00000000  lw       x15, -0x1c(x8)
#157 0 8000016e fef42023 m f0040fe0   00000000  sw       x15, -0x20(x8)
#158 0 80000172 fe042783 r 0f         00000000  lw       x15, -0x20(x8)
#159 0 80000176     f3c9 r 00         00000000  c.bnez   x15, . - 0x7e
#160 0 80000178 fec42783 r 0f         00000002  lw       x15, -0x14(x8)
#161 0 8000017c     0785 r 0f         00000003  c.addi   x15, 0x1
#162 0 8000017e fef42623 m f0040fec   00000003  sw       x15, -0x14(x8)
#163 0 80000182 fec42703 r 0e         00000003  lw       x14, -0x14(x8)
#164 0 80000186 fdc42783 r 0f         0000000d  lw       x15, -0x24(x8)
#165 0 8000018a f6f743e3 r 00         00000000  blt      x14, x15, . - 0x9a
#166 0 800000f0 fec42783 r 0f         00000003  lw       x15, -0x14(x8)
#167 0 800000f4 fef42023 m f0040fe0   00000003  sw       x15, -0x20(x8)
#168 0 800000f8 fe042783 r 0f         00000003  lw       x15, -0x20(x8)
#169 0 800000fc     17fd r 0f         00000002  c.addi   x15, -0x1
#170 0 800000fe 01f7d713 r 0e         00000000  srli     x14, x15, 0x1f
#171 0 80000102     97ba r 0f         00000002  c.add    x15, x14
#172 0 80000104     8785 r 0f         00000001  c.srai   x15, 0x1
#173 0 80000106 fef42223 m f0040fe4   00000001  sw       x15, -0x1c(x8)
#174 0 8000010a fe442783 r 0f         00000001  lw       x15, -0x1c(x8)
#175 0 8000010e     078a r 0f         00000004  c.slli   x15, 2
#176 0 80000110     17c1 r 0f         fffffff4  c.addi   x15, -0x10
#177 0 80000112     97a2 r 0f         f0040ff4  c.add    x15, x8
#178 0 80000114 fb07a703 r 0e         0000002d  lw       x14, -0x50(x15)
#179 0 80000118 fe042783 r 0f         00000003  lw       x15, -0x20(x8)
#180 0 8000011c     078a r 0f         0000000c  c.slli   x15, 2
#181 0 8000011e     17c1 r 0f         fffffffc  c.addi   x15, -0x10
#182 0 80000120     97a2 r 0f         f0040ffc  c.add    x15, x8
#183 0 80000122 fb07a783 r 0f         00000059  lw       x15, -0x50(x15)
#184 0 80000126 04f75263 r 00         00000000  bge      x14, x15, . + 0x44
#185 0 8000012a fe442783 r 0f         00000001  lw       x15, -0x1c(x8)
#186 0 8000012e     078a r 0f         00000004  c.slli   x15, 2
#187 0 80000130     17c1 r 0f         fffffff4  c.addi   x15, -0x10
#188 0 80000132     97a2 r 0f         f0040ff4  c.add    x15, x8
#189 0 80000134 fb07a783 r 0f         0000002d  lw       x15, -0x50(x15)
#190 0 80000138 fcf42c23 m f0040fd8   0000002d  sw       x15, -0x28(x8)
#191 0 8000013c fe042783 r 0f         00000003  lw       x15, -0x20(x8)
#192 0 80000140     078a r 0f         0000000c  c.slli   x15, 2
#193 0 80000142     17c1 r 0f         fffffffc  c.addi   x15, -0x10
#194 0 80000144     97a2 r 0f         f0040ffc  c.add    x15, x8
#195 0 80000146 fb07a703 r 0e         00000059  lw       x14, -0x50(x15)
#196 0 8000014a fe442783 r 0f         00000001  lw       x15, -0x1c(x8)
#197 0 8000014e     078a r 0f         00000004  c.slli   x15, 2
#198 0 80000150     17c1 r 0f         fffffff4  c.addi   x15, -0x10
#199 0 80000152     97a2 r 0f         f0040ff4  c.add    x15, x8
#200 0 80000154 fae7a823 m f0040fa4   00000059  sw       x14, -0x50(x15)
#201 0 80000158 fe042783 r 0f         00000003  lw       x15, -0x20(x8)
#202 0 8000015c     078a r 0f         0000000c  c.slli   x15, 2
#203 0 8000015e     17c1 r 0f         fffffffc  c.addi   x15, -0x10
#204 0 80000160     97a2 r 0f         f0040ffc  c.add    x15, x8
#205 0 80000162 fd842703 r 0e         0000002d  lw       x14, -0x28(x8)
#206 0 80000166 fae7a823 m f0040fac   0000002d  sw       x14, -0x50(x15)
#207 0 8000016a fe442783 r 0f         00000001  lw       x15, -0x1c(x8)
#208 0 8000016e fef42023 m f0040fe0   00000001  sw       x15, -0x20(x8)
#209 0 80000172 fe042783 r 0f         00000001  lw       x15, -0x20(x8)
#210 0 80000176     f3c9 r 00         00000000  c.bnez   x15, . - 0x7e
#211 0 800000f8 fe042783 r 0f         00000001  lw       x15, -0x20(x8)
#212 0 800000fc     17fd r 0f         00000000  c.addi   x15, -0x1
#213 0 800000fe 01f7d713 r 0e         00000000  srli     x14, x15, 0x1f
#214 0 80000102     97ba r 0f         00000000  c.add    x15, x14
#215 0 80000104     8785 r 0f         00000000  c.srai   x15, 0x1
#216 0 80000106 fef42223 m f0040fe4   00000000  sw       x15, -0x1c(x8)
#217 0 8000010a fe442783 r 0f         00000000  lw       x15, -0x1c(x8)
#218 0 8000010e     078a r 0f         00000000  c.slli   x15, 2
#219 0 80000110     17c1 r 0f         fffffff0  c.addi   x15, -0x10
#220 0 80000112     97a2 r 0f         f0040ff0  c.add    x15, x8
#221 0 80000114 fb07a703 r 0e         00000043  lw       x14, -0x50(x15)
#222 0 80000118 fe042783 r 0f         00000001  lw       x15, -0x20(x8)
#223 0 8000011c     078a r 0f         00000004  c.slli   x15, 2
#224 0 8000011e     17c1 r 0f         fffffff4  c.addi   x15, -0x10
#225 0 80000120     97a2 r 0f         f0040ff4  c.add    x15, x8
#226 0 80000122 fb07a783 r 0f         00000059  lw       x15, -0x50(x15)
#227 0 80000126 04f75263 r 00         00000000  bge      x14, x15, . + 0x44
#228 0 8000012a fe442783 r 0f         00000000  lw       x15, -0x1c(x8)
#229 0 8000012e     078a r 0f         00000000  c.slli   x15, 2
#230 0 80000130     17c1 r 0f         fffffff0  c.addi   x15, -0x10
#231 0 80000132     97a2 r 0f         f0040ff0  c.add    x15, x8
#232 0 80000134 fb07a783 r 0f         00000043  lw       x15, -0x50(x15)
#233 0 80000138 fcf42c23 m f0040fd8   00000043  sw       x15, -0x28(x8)
#234 0 8000013c fe042783 r 0f         00000001  lw       x15, -0x20(x8)
#235 0 80000140     078a r 0f         00000004  c.slli   x15, 2
#236 0 80000142     17c1 r 0f         fffffff4  c.addi   x15, -0x10
#237 0 80000144     97a2 r 0f         f0040ff4  c.add    x15, x8
#238 0 80000146 fb07a703 r 0e         00000059  lw       x14, -0x50(x15)
#239 0 8000014a fe442783 r 0f         00000000  lw       x15, -0x1c(x8)
#240 0 8000014e     078a r 0f         00000000  c.slli   x15, 2
#241 0 80000150     17c1 r 0f         fffffff0  c.addi   x15, -0x10
#242 0 80000152     97a2 r 0f         f0040ff0  c.add    x15, x8
#243 0 80000154 fae7a823 m f0040fa0   00000059  sw       x14, -0x50(x15)
#244 0 80000158 fe042783 r 0f         00000001  lw       x15, -0x20(x8)
#245 0 8000015c     078a r 0f         00000004  c.slli   x15, 2
#246 0 8000015e     17c1 r 0f         fffffff4  c.addi   x15, -0x10
#247 0 80000160     97a2 r 0f         f0040ff4  c.add    x15, x8
#248 0 80000162 fd842703 r 0e         00000043  lw       x14, -0x28(x8)
#249 0 80000166 fae7a823 m f0040fa4   00000043  sw       x14, -0x50(x15)
#250 0 8000016a fe442783 r 0f         00000000  lw       x15, -0x1c(x8)
#251 0 8000016e fef42023 m f0040fe0   00000000  sw       x15, -0x20(x8)
#252 0 80000172 fe042783 r 0f         00000000  lw       x15, -0x20(x8)
#253 0 80000176     f3c9 r 00         00000000  c.bnez   x15, . - 0x7e
#254 0 80000178 fec42783 r 0f         00000003  lw       x15, -0x14(x8)
#255 0 8000017c     0785 r 0f         00000004  c.addi   x15, 0x1
#256 0 8000017e fef42623 m f0040fec   00000004  sw       x15, -0x14(x8)
#257 0 80000182 fec42703 r 0e         00000004  lw       x14, -0x14(x8)
#258 0 80000186 fdc42783 r 0f         0000000d  lw       x15, -0x24(x8)
#259 0 8000018a f6f743e3 r 00         00000000  blt      x14, x15, . - 0x9a
#260 0 800000f0 fec42783 r 0f         00000004  lw       x15, -0x14(x8)
#261 0 800000f4 fef42023 m f0040fe0   00000004  sw       x15, -0x20(x8)
#262 0 800000f8 fe042783 r 0f         00000004  lw       x15, -0x20(x8)
#263 0 800000fc     17fd r 0f         00000003  c.addi   x15, -0x1
#264 0 800000fe 01f7d713 r 0e         00000000  srli     x14, x15, 0x1f
#265 0 80000102     97ba r 0f         00000003  c.add    x15, x14
#266 0 80000104     8785 r 0f         00000001  c.srai   x15, 0x1
#267 0 80000106 fef42223 m f0040fe4   00000001  sw       x15, -0x1c(x8)
#268 0 8000010a fe442783 r 0f         00000001  lw       x15, -0x1c(x8)
#269 0 8000010e     078a r 0f         00000004  c.slli   x15, 2
#270 0 80000110     17c1 r 0f         fffffff4  c.addi   x15, -0x10
#271 0 80000112     97a2 r 0f         f0040ff4  c.add    x15, x8
#272 0 80000114 fb07a703 r 0e         00000043  lw       x14, -0x50(x15)
#273 0 80000118 fe042783 r 0f         00000004  lw       x15, -0x20(x8)
#274 0 8000011c     078a r 0f         00000010  c.slli   x15, 2
#275 0 8000011e     17c1 r 0f         00000000  c.addi   x15, -0x10
#276 0 80000120     97a2 r 0f         f0041000  c.add    x15, x8
#277 0 80000122 fb07a783 r 0f         0000002c  lw       x15, -0x50(x15)
#278 0 80000126 04f75263 r 00         00000000  bge      x14, x15, . + 0x44
#279 0 8000016a fe442783 r 0f         00000001  lw       x15, -0x1c(x8)
#280 0 8000016e fef42023 m f0040fe0   00000001  sw       x15, -0x20(x8)
#281 0 80000172 fe042783 r 0f         00000001  lw       x15, -0x20(x8)
#282 0 80000176     f3c9 r 00         00000000  c.bnez   x15, . - 0x7e
#283 0 800000f8 fe042783 r 0f         00000001  lw       x15, -0x20(x8)
#284 0 800000fc     17fd r 0f         00000000  c.addi   x15, -0x1
#285 0 800000fe 01f7d713 r 0e         00000000  srli     x14, x15, 0x1f
#286 0 80000102     97ba r 0f         00000000  c.add    x15, x14
#287 0 80000104     8785 r 0f         00000000  c.srai   x15, 0x1
#288 0 80000106 fef42223 m f0040fe4   00000000  sw       x15, -0x1c(x8)
#289 0 8000010a fe442783 r 0f         00000000  lw       x15, -0x1c(x8)
#290 0 8000010e     078a r 0f         00000000  c.slli   x15, 2
#291 0 80000110     17c1 r 0f         fffffff0  c.addi   x15, -0x10
#292 0 80000112     97a2 r 0f         f0040ff0  c.add    x15, x8
#293 0 80000114 fb07a703 r 0e         00000059  lw       x14, -0x50(x15)
#294 0 80000118 fe042783 r 0f         00000001  lw       x15, -0x20(x8)
#295 0 8000011c     078a r 0f         00000004  c.slli   x15, 2
#296 0 8000011e     17c1 r 0f         fffffff4  c.addi   x15, -0x10
#297 0 80000120     97a2 r 0f         f0040ff4  c.add    x15, x8
#298 0 80000122 fb07a783 r 0f         00000043  lw       x15, -0x50(x15)
#299 0 80000126 04f75263 r 00         00000000  bge      x14, x15, . + 0x44
#300 0 8000016a fe442783 r 0f         00000000  lw       x15, -0x1c(x8)
#301 0 8000016e fef42023 m f0040fe0   00000000  sw       x15, -0x20(x8)
#302 0 80000172 fe042783 r 0f         00000000  lw       x15, -0x20(x8)
#303 0 80000176     f3c9 r 00         00000000  c.bnez   x15, . - 0x7e
#304 0 80000178 fec42783 r 0f         00000004  lw       x15, -0x14(x8)
#305 0 8000017c     0785 r 0f         00000005  c.addi   x15, 0x1
#306 0 8000017e fef42623 m f0040fec   00000005  sw       x15, -0x14(x8)
#307 0 80000182 fec42703 r 0e         00000005  lw       x14, -0x14(x8)
#308 0 80000186 fdc42783 r 0f         0000000d  lw       x15, -0x24(x8)
#309 0 8000018a f6f743e3 r 00         00000000  blt      x14, x15, . - 0x9a
#310 0 800000f0 fec42783 r 0f         00000005  lw       x15, -0x14(x8)
#311 0 800000f4 fef42023 m f0040fe0   00000005  sw       x15, -0x20(x8)
#312 0 800000f8 fe042783 r 0f         00000005  lw       x15, -0x20(x8)
#313 0 800000fc     17fd r 0f         00000004  c.addi   x15, -0x1
#314 0 800000fe 01f7d713 r 0e         00000000  srli     x14, x15, 0x1f
#315 0 80000102     97ba r 0f         00000004  c.add    x15, x14
#316 0 80000104     8785 r 0f         00000002  c.srai   x15, 0x1
#317 0 80000106 fef42223 m f0040fe4   00000002  sw       x15, -0x1c(x8)
#318 0 8000010a fe442783 r 0f         00000002  lw       x15, -0x1c(x8)
#319 0 8000010e     078a r 0f         00000008  c.slli   x15, 2
#320 0 80000110     17c1 r 0f         fffffff8  c.addi   x15, -0x10
#321 0 80000112     97a2 r 0f         f0040ff8  c.add    x15, x8
#322 0 80000114 fb07a703 r 0e         0000000c  lw       x14, -0x50(x15)
#323 0 80000118 fe042783 r 0f         00000005  lw       x15, -0x20(x8)
#324 0 8000011c     078a r 0f         00000014  c.slli   x15, 2
#325 0 8000011e     17c1 r 0f         00000004  c.addi   x15, -0x10
#326 0 80000120     97a2 r 0f         f0041004  c.add    x15, x8
#327 0 80000122 fb07a783 r 0f         00000017  lw       x15, -0x50(x15)
#328 0 80000126 04f75263 r 00         00000000  bge      x14, x15, . + 0x44
#329 0 8000012a fe442783 r 0f         00000002  lw       x15, -0x1c(x8)
#330 0 8000012e     078a r 0f         00000008  c.slli   x15, 2
#331 0 80000130     17c1 r 0f         fffffff8  c.addi   x15, -0x10
#332 0 80000132     97a2 r 0f         f0040ff8  c.add    x15, x8
#333 0 80000134 fb07a783 r 0f         0000000c  lw       x15, -0x50(x15)
#334 0 80000138 fcf42c23 m f0040fd8   0000000c  sw       x15, -0x28(x8)
#335 0 8000013c fe042783 r 0f         00000005  lw       x15, -0x20(x8)
#336 0 80000140     078a r 0f         00000014  c.slli   x15, 2
#337 0 80000142     17c1 r 0f         00000004  c.addi   x15, -0x10
#338 0 80000144     97a2 r 0f         f0041004  c.add    x15, x8
#339 0 80000146 fb07a703 r 0e         00000017  lw       x14, -0x50(x15)
#340 0 8000014a fe442783 r 0f         00000002  lw       x15, -0x1c(x8)
#341 0 8000014e     078a r 0f         00000008  c.slli   x15, 2
#342 0 80000150     17c1 r 0f         fffffff8  c.addi   x15, -0x10
#343 0 80000152     97a2 r 0f         f0040ff8  c.add    x15, x8
#344 0 80000154 fae7a823 m f0040fa8   00000017  sw       x14, -0x50(x15)
#345 0 80000158 fe042783 r 0f         00000005  lw       x15, -0x20(x8)
#346 0 8000015c     078a r 0f         00000014  c.slli   x15, 2
#347 0 8000015e     17c1 r 0f         00000004  c.addi   x15, -0x10
#348 0 80000160     97a2 r 0f         f0041004  c.add    x15, x8
#349 0 80000162 fd842703 r 0e         0000000c  lw       x14, -0x28(x8)
#350 0 80000166 fae7a823 m f0040fb4   0000000c  sw       x14, -0x50(x15)
#351 0 8000016a fe442783 r 0f         00000002  lw       x15, -0x1c(x8)
#352 0 8000016e fef42023 m f0040fe0   00000002  sw       x15, -0x20(x8)
#353 0 80000172 fe042783 r 0f         00000002  lw       x15, -0x20(x8)
#354 0 80000176     f3c9 r 00         00000000  c.bnez   x15, . - 0x7e
#355 0 800000f8 fe042783 r 0f         00000002  lw       x15, -0x20(x8)
#356 0 800000fc     17fd r 0f         00000001  c.addi   x15, -0x1
#357 0 800000fe 01f7d713 r 0e         00000000  srli     x14, x15, 0x1f
#358 0 80000102     97ba r 0f         00000001  c.add    x15, x14
#359 0 80000104     8785 r 0f         00000000  c.srai   x15, 0x1
#360 0 80000106 fef42223 m f0040fe4   00000000  sw       x15, -0x1c(x8)
#361 0 8000010a fe442783 r 0f         00000000  lw       x15, -0x1c(x8)
#362 0 8000010e     078a r 0f         00000000  c.slli   x15, 2
#363 0 80000110     17c1 r 0f         fffffff0  c.addi   x15, -0x10
#364 0 80000112     97a2 r 0f         f0040ff0  c.add    x15, x8
#365 0 80000114 fb07a703 r 0e         00000059  lw       x14, -0x50(x15)
#366 0 80000118 fe042783 r 0f         00000002  lw       x15, -0x20(x8)
#367 0 8000011c     078a r 0f         00000008  c.slli   x15, 2
#368 0 8000011e     17c1 r 0f         fffffff8  c.addi   x15, -0x10
#369 0 80000120     97a2 r 0f         f0040ff8  c.add    x15, x8
#370 0 80000122 fb07a783 r 0f         00000017  lw       x15, -0x50(x15)
#371 0 80000126 04f75263 r 00         00000000  bge      x14, x15, . + 0x44
#372 0 8000016a fe442783 r 0f         00000000  lw       x15, -0x1c(x8)
#373 0 8000016e fef42023 m f0040fe0   00000000  sw       x15, -0x20(x8)
#374 0 80000172 fe042783 r 0f         00000000  lw       x15, -0x20(x8)
#375 0 80000176     f3c9 r 00         00000000  c.bnez   x15, . - 0x7e
#376 0 80000178 fec42783 r 0f         00000005  lw       x15, -0x14(x8)
#377 0 8000017c     0785 r 0f         00000006  c.addi   x15, 0x1
#378 0 8000017e fef42623 m f0040fec   00000006  sw       x15, -0x14(x8)
#379 0 80000182 fec42703 r 0e         00000006  lw       x14, -0x14(x8)
#380 0 80000186 fdc42783 r 0f         0000000d  lw       x15, -0x24(x8)
#381 0 8000018a f6f743e3 r 00         00000000  blt      x14, x15, . - 0x9a
#382 0 800000f0 fec42783 r 0f         00000006  lw       x15, -0x14(x8)
#383 0 800000f4 fef42023 m f0040fe0   00000006  sw       x15, -0x20(x8)
#384 0 800000f8 fe042783 r 0f         00000006  lw       x15, -0x20(x8)
#385 0 800000fc     17fd r 0f         00000005  c.addi   x15, -0x1
#386 0 800000fe 01f7d713 r 0e         00000000  srli     x14, x15, 0x1f
#387 0 80000102     97ba r 0f         00000005  c.add    x15, x14
#388 0 80000104     8785 r 0f         00000002  c.srai   x15, 0x1
#389 0 80000106 fef42223 m f0040fe4   00000002  sw       x15, -0x1c(x8)
#390 0 8000010a fe442783 r 0f         00000002  lw       x15, -0x1c(x8)
#391 0 8000010e     078a r 0f         00000008  c.slli   x15, 2
#392 0 80000110     17c1 r 0f         fffffff8  c.addi   x15, -0x10
#393 0 80000112     97a2 r 0f         f0040ff8  c.add    x15, x8
#394 0 80000114 fb07a703 r 0e         00000017  lw       x14, -0x50(x15)
#395 0 80000118 fe042783 r 0f         00000006  lw       x15, -0x20(x8)
#396 0 8000011c     078a r 0f         00000018  c.slli   x15, 2
#397 0 8000011e     17c1 r 0f         00000008  c.addi   x15, -0x10
#398 0 80000120     97a2 r 0f         f0041008  c.add    x15, x8
#399 0 80000122 fb07a783 r 0f         00000058  lw       x15, -0x50(x15)
#400 0 80000126 04f75263 r 00         00000000  bge      x14, x15, . + 0x44
#401 0 8000012a fe442783 r 0f         00000002  lw       x15, -0x1c(x8)
#402 0 8000012e     078a r 0f         00000008  c.slli   x15, 2
#403 0 80000130     17c1 r 0f         fffffff8  c.addi   x15, -0x10
#404 0 80000132     97a2 r 0f         f0040ff8  c.add    x15, x8
#405 0 80000134 fb07a783 r 0f         00000017  lw       x15, -0x50(x15)
#406 0 80000138 fcf42c23 m f0040fd8   00000017  sw       x15, -0x28(x8)
#407 0 8000013c fe042783 r 0f         00000006  lw       x15, -0x20(x8)
#408 0 80000140     078a r 0f         00000018  c.slli   x15, 2
#409 0 80000142     17c1 r 0f         00000008  c.addi   x15, -0x10
#410 0 80000144     97a2 r 0f         f0041008  c.add    x15, x8
#411 0 80000146 fb07a703 r 0e         00000058  lw       x14, -0x50(x15)
#412 0 8000014a fe442783 r 0f         00000002  lw       x15, -0x1c(x8)
#413 0 8000014e     078a r 0f         00000008  c.slli   x15, 2
#414 0 80000150     17c1 r 0f         fffffff8  c.addi   x15, -0x10
#415 0 80000152     97a2 r 0f         f0040ff8  c.add    x15, x8
#416 0 80000154 fae7a823 m f0040fa8   00000058  sw       x14, -0x50(x15)
#417 0 80000158 fe042783 r 0f         00000006  lw       x15, -0x20(x8)
#418 0 8000015c     078a r 0f         00000018  c.slli   x15, 2
#419 0 8000015e     17c1 r 0f         00000008  c.addi   x15, -0x10
#420 0 80000160     97a2 r 0f         f0041008  c.add    x15, x8
#421 0 80000162 fd842703 r 0e         00000017  lw       x14, -0x28(x8)
#422 0 80000166 fae7a823 m f0040fb8   00000017  sw       x14, -0x50(x15)
#423 0 8000016a fe442783 r 0f         00000002  lw       x15, -0x1c(x8)
#424 0 8000016e fef42023 m f0040fe0   00000002  sw       x15, -0x20(x8)
#425 0 80000172 fe042783 r 0f         00000002  lw       x15, -0x20(x8)
#426 0 80000176     f3c9 r 00         00000000  c.bnez   x15, . - 0x7e
#427 0 800000f8 fe042783 r 0f         00000002  lw       x15, -0x20(x8)
#428 0 800000fc     17fd r 0f         00000001  c.addi   x15, -0x1
#429 0 800000fe 01f7d713 r 0e         00000000  srli     x14, x15, 0x1f
#430 0 80000102     97ba r 0f         00000001  c.add    x15, x14
#431 0 80000104     8785 r 0f         00000000  c.srai   x15, 0x1
#432 0 80000106 fef42223 m f0040fe4   00000000  sw       x15, -0x1c(x8)
#433 0 8000010a fe442783 r 0f         00000000  lw       x15, -0x1c(x8)
#434 0 8000010e     078a r 0f         00000000  c.slli   x15, 2
#435 0 80000110     17c1 r 0f         fffffff0  c.addi   x15, -0x10
#436 0 80000112     97a2 r 0f         f0040ff0  c.add    x15, x8
#437 0 80000114 fb07a703 r 0e         00000059  lw       x14, -0x50(x15)
#438 0 80000118 fe042783 r 0f         00000002  lw       x15, -0x20(x8)
#439 0 8000011c     078a r 0f         00000008  c.slli   x15, 2
#440 0 8000011e     17c1 r 0f         fffffff8  c.addi   x15, -0x10
#441 0 80000120     97a2 r 0f         f0040ff8  c.add    x15, x8
#442 0 80000122 fb07a783 r 0f         00000058  lw       x15, -0x50(x15)
#443 0 80000126 04f75263 r 00         00000000  bge      x14, x15, . + 0x44
#444 0 8000016a fe442783 r 0f         00000000  lw       x15, -0x1c(x8)
#445 0 8000016e fef42023 m f0040fe0   00000000  sw       x15, -0x20(x8)
#446 0 80000172 fe042783 r 0f         00000000  lw       x15, -0x20(x8)
#447 0 80000176     f3c9 r 00         00000000  c.bnez   x15, . - 0x7e
#448 0 80000178 fec42783 r 0f         00000006  lw       x15, -0x14(x8)
#449 0 8000017c     0785 r 0f         00000007  c.addi   x15, 0x1
#450 0 8000017e fef42623 m f0040fec   00000007  sw       x15, -0x14(x8)
#451 0 80000182 fec42703 r 0e         00000007  lw       x14, -0x14(x8)
#452 0 80000186 fdc42783 r 0f         0000000d  lw       x15, -0x24(x8)
#453 0 8000018a f6f743e3 r 00         00000000  blt      x14, x15, . - 0x9a
#454 0 800000f0 fec42783 r 0f         00000007  lw       x15, -0x14(x8)
#455 0 800000f4 fef42023 m f0040fe0   00000007  sw       x15, -0x20(x8)
#456 0 800000f8 fe042783 r 0f         00000007  lw       x15, -0x20(x8)
#457 0 800000fc     17fd r 0f         00000006  c.addi   x15, -0x1
#458 0 800000fe 01f7d713 r 0e         00000000  srli     x14, x15, 0x1f
#459 0 80000102     97ba r 0f         00000006  c.add    x15, x14
#460 0 80000104     8785 r 0f         00000003  c.srai   x15, 0x1
#461 0 80000106 fef42223 m f0040fe4   00000003  sw       x15, -0x1c(x8)
#462 0 8000010a fe442783 r 0f         00000003  lw       x15, -0x1c(x8)
#463 0 8000010e     078a r 0f         0000000c  c.slli   x15, 2
#464 0 80000110     17c1 r 0f         fffffffc  c.addi   x15, -0x10
#465 0 80000112     97a2 r 0f         f0040ffc  c.add    x15, x8
#466 0 80000114 fb07a703 r 0e         0000002d  lw       x14, -0x50(x15)
#467 0 80000118 fe042783 r 0f         00000007  lw       x15, -0x20(x8)
#468 0 8000011c     078a r 0f         0000001c  c.slli   x15, 2
#469 0 8000011e     17c1 r 0f         0000000c  c.addi   x15, -0x10
#470 0 80000120     97a2 r 0f         f004100c  c.add    x15, x8
#471 0 80000122 fb07a783 r 0f         0000000b  lw       x15, -0x50(x15)
#472 0 80000126 04f75263 r 00         00000000  bge      x14, x15, . + 0x44
#473 0 8000016a fe442783 r 0f         00000003  lw       x15, -0x1c(x8)
#474 0 8000016e fef42023 m f0040fe0   00000003  sw       x15, -0x20(x8)
#475 0 80000172 fe042783 r 0f         00000003  lw       x15, -0x20(x8)
#476 0 80000176     f3c9 r 00         00000000  c.bnez   x15, . - 0x7e
#477 0 800000f8 fe042783 r 0f         00000003  lw       x15, -0x20(x8)
#478 0 800000fc     17fd r 0f         00000002  c.addi   x15, -0x1
#479 0 800000fe 01f7d713 r 0e         00000000  srli     x14, x15, 0x1f
#480 0 80000102     97ba r 0f         00000002  c.add    x15, x14
#481 0 80000104     8785 r 0f         00000001  c.srai   x15, 0x1
#482 0 80000106 fef42223 m f0040fe4   00000001  sw       x15, -0x1c(x8)
#483 0 8000010a fe442783 r 0f         00000001  lw       x15, -0x1c(x8)
#484 0 8000010e     078a r 0f         00000004  c.slli   x15, 2
#485 0 80000110     17c1 r 0f         fffffff4  c.addi   x15, -0x10
#486 0 80000112     97a2 r 0f         f0040ff4  c.add    x15, x8
#487 0 80000114 fb07a703 r 0e         00000043  lw       x14, -0x50(x15)
#488 0 80000118 fe042783 r 0f         00000003  lw       x15, -0x20(x8)
#489 0 8000011c     078a r 0f         0000000c  c.slli   x15, 2
#490 0 8000011e     17c1 r 0f         fffffffc  c.addi   x15, -0x10
#491 0 80000120     97a2 r 0f         f0040ffc  c.add    x15, x8
#492 0 80000122 fb07a783 r 0f         0000002d  lw       x15, -0x50(x15)
#493 0 80000126 04f75263 r 00         00000000  bge      x14, x15, . + 0x44
#494 0 8000016a fe442783 r 0f         00000001  lw       x15, -0x1c(x8)
#495 0 8000016e fef42023 m f0040fe0   00000001  sw       x15, -0x20(x8)
#496 0 80000172 fe042783 r 0f         00000001  lw       x15, -0x20(x8)
#497 0 80000176     f3c9 r 00         00000000  c.bnez   x15, . - 0x7e
#498 0 800000f8 fe042783 r 0f         00000001  lw       x15, -0x20(x8)
#499 0 800000fc     17fd r 0f         00000000  c.addi   x15, -0x1
#500 0 800000fe 01f7d713 r 0e         00000000  srli     x14, x15, 0x1f
#501 0 80000102     97ba r 0f         00000000  c.add    x15, x14
#502 0 80000104     8785 r 0f         00000000  c.srai   x15, 0x1
#503 0 80000106 fef42223 m f0040fe4   00000000  sw       x15, -0x1c(x8)
#504 0 8000010a fe442783 r 0f         00000000  lw       x15, -0x1c(x8)
#505 0 8000010e     078a r 0f         00000000  c.slli   x15, 2
#506 0 80000110     17c1 r 0f         fffffff0  c.addi   x15, -0x10
#507 0 80000112     97a2 r 0f         f0040ff0  c.add    x15, x8
#508 0 80000114 fb07a703 r 0e         00000059  lw       x14, -0x50(x15)
#509 0 80000118 fe042783 r 0f         00000001  lw       x15, -0x20(x8)
#510 0 8000011c     078a r 0f         00000004  c.slli   x15, 2
#511 0 8000011e     17c1 r 0f         fffffff4  c.addi   x15, -0x10
#512 0 80000120     97a2 r 0f         f0040ff4  c.add    x15, x8
#513 0 80000122 fb07a783 r 0f         00000043  lw       x15, -0x50(x15)
#514 0 80000126 04f75263 r 00         00000000  bge      x14, x15, . + 0x44
#515 0 8000016a fe442783 r 0f         00000000  lw       x15, -0x1c(x8)
#516 0 8000016e fef42023 m f0040fe0   00000000  sw       x15, -0x20(x8)
#517 0 80000172 fe042783 r 0f         00000000  lw       x15, -0x20(x8)
#518 0 80000176     f3c9 r 00         00000000  c.bnez   x15, . - 0x7e
#519 0 80000178 fec42783 r 0f         00000007  lw       x15, -0x14(x8)
#520 0 8000017c     0785 r 0f         00000008  c.addi   x15, 0x1
#521 0 8000017e fef42623 m f0040fec   00000008  sw       x15, -0x14(x8)
#522 0 80000182 fec42703 r 0e         00000008  lw       x14, -0x14(x8)
#523 0 80000186 fdc42783 r 0f         0000000d  lw       x15, -0x24(x8)
#524 0 8000018a f6f743e3 r 00         00000000  blt      x14, x15, . - 0x9a
#525 0 800000f0 fec42783 r 0f         00000008  lw       x15, -0x14(x8)
#526 0 800000f4 fef42023 m f0040fe0   00000008  sw       x15, -0x20(x8)
#527 0 800000f8 fe042783 r 0f         00000008  lw       x15, -0x20(x8)
#528 0 800000fc     17fd r 0f         00000007  c.addi   x15, -0x1
#529 0 800000fe 01f7d713 r 0e         00000000  srli     x14, x15, 0x1f
#530 0 80000102     97ba r 0f         00000007  c.add    x15, x14
#531 0 80000104     8785 r 0f         00000003  c.srai   x15, 0x1
#532 0 80000106 fef42223 m f0040fe4   00000003  sw       x15, -0x1c(x8)
#533 0 8000010a fe442783 r 0f         00000003  lw       x15, -0x1c(x8)
#534 0 8000010e     078a r 0f         0000000c  c.slli   x15, 2
#535 0 80000110     17c1 r 0f         fffffffc  c.addi   x15, -0x10
#536 0 80000112     97a2 r 0f         f0040ffc  c.add    x15, x8
#537 0 80000114 fb07a703 r 0e         0000002d  lw       x14, -0x50(x15)
#538 0 80000118 fe042783 r 0f         00000008  lw       x15, -0x20(x8)
#539 0 8000011c     078a r 0f         00000020  c.slli   x15, 2
#540 0 8000011e     17c1 r 0f         00000010  c.addi   x15, -0x10
#541 0 80000120     97a2 r 0f         f0041010  c.add    x15, x8
#542 0 80000122 fb07a783 r 0f         0000005a  lw       x15, -0x50(x15)
#543 0 80000126 04f75263 r 00         00000000  bge      x14, x15, . + 0x44
#544 0 8000012a fe442783 r 0f         00000003  lw       x15, -0x1c(x8)
#545 0 8000012e     078a r 0f         0000000c  c.slli   x15, 2
#546 0 80000130     17c1 r 0f         fffffffc  c.addi   x15, -0x10
#547 0 80000132     97a2 r 0f         f0040ffc  c.add    x15, x8
#548 0 80000134 fb07a783 r 0f         0000002d  lw       x15, -0x50(x15)
#549 0 80000138 fcf42c23 m f0040fd8   0000002d  sw       x15, -0x28(x8)
#550 0 8000013c fe042783 r 0f         00000008  lw       x15, -0x20(x8)
#551 0 80000140     078a r 0f         00000020  c.slli   x15, 2
#552 0 80000142     17c1 r 0f         00000010  c.addi   x15, -0x10
#553 0 80000144     97a2 r 0f         f0041010  c.add    x15, x8
#554 0 80000146 fb07a703 r 0e         0000005a  lw       x14, -0x50(x15)
#555 0 8000014a fe442783 r 0f         00000003  lw       x15, -0x1c(x8)
#556 0 8000014e     078a r 0f         0000000c  c.slli   x15, 2
#557 0 80000150     17c1 r 0f         fffffffc  c.addi   x15, -0x10
#558 0 80000152     97a2 r 0f         f0040ffc  c.add    x15, x8
#559 0 80000154 fae7a823 m f0040fac   0000005a  sw       x14, -0x50(x15)
#560 0 80000158 fe042783 r 0f         00000008  lw       x15, -0x20(x8)
#561 0 8000015c     078a r 0f         00000020  c.slli   x15, 2
#562 0 8000015e     17c1 r 0f         00000010  c.addi   x15, -0x10
#563 0 80000160     97a2 r 0f         f0041010  c.add    x15, x8
#564 0 80000162 fd842703 r 0e         0000002d  lw       x14, -0x28(x8)
#565 0 80000166 fae7a823 m f0040fc0   0000002d  sw       x14, -0x50(x15)
#566 0 8000016a fe442783 r 0f         00000003  lw       x15, -0x1c(x8)
#567 0 8000016e fef42023 m f0040fe0   00000003  sw       x15, -0x20(x8)
#568 0 80000172 fe042783 r 0f         00000003  lw       x15, -0x20(x8)
#569 0 80000176     f3c9 r 00         00000000  c.bnez   x15, . - 0x7e
#570 0 800000f8 fe042783 r 0f         00000003  lw       x15, -0x20(x8)
#571 0 800000fc     17fd r 0f         00000002  c.addi   x15, -0x1
#572 0 800000fe 01f7d713 r 0e         00000000  srli     x14, x15, 0x1f
#573 0 80000102     97ba r 0f         00000002  c.add    x15, x14
#574 0 80000104     8785 r 0f         00000001  c.srai   x15, 0x1
#575 0 80000106 fef42223 m f0040fe4   00000001  sw       x15, -0x1c(x8)
#576 0 8000010a fe442783 r 0f         00000001  lw       x15, -0x1c(x8)
#577 0 8000010e     078a r 0f         00000004  c.slli   x15, 2
#578 0 80000110     17c1 r 0f         fffffff4  c.addi   x15, -0x10
#579 0 80000112     97a2 r 0f         f0040ff4  c.add    x15, x8
#580 0 80000114 fb07a703 r 0e         00000043  lw       x14, -0x50(x15)
#581 0 80000118 fe042783 r 0f         00000003  lw       x15, -0x20(x8)
#582 0 8000011c     078a r 0f         0000000c  c.slli   x15, 2
#583 0 8000011e     17c1 r 0f         fffffffc  c.addi   x15, -0x10
#584 0 80000120     97a2 r 0f         f0040ffc  c.add    x15, x8
#585 0 80000122 fb07a783 r 0f         0000005a  lw       x15, -0x50(x15)
#586 0 80000126 04f75263 r 00         00000000  bge      x14, x15, . + 0x44
#587 0 8000012a fe442783 r 0f         00000001  lw       x15, -0x1c(x8)
#588 0 8000012e     078a r 0f         00000004  c.slli   x15, 2
#589 0 80000130     17c1 r 0f         fffffff4  c.addi   x15, -0x10
#590 0 80000132     97a2 r 0f         f0040ff4  c.add    x15, x8
#591 0 80000134 fb07a783 r 0f         00000043  lw       x15, -0x50(x15)
#592 0 80000138 fcf42c23 m f0040fd8   00000043  sw       x15, -0x28(x8)
#593 0 8000013c fe042783 r 0f         00000003  lw       x15, -0x20(x8)
#594 0 80000140     078a r 0f         0000000c  c.slli   x15, 2
#595 0 80000142     17c1 r 0f         fffffffc  c.addi   x15, -0x10
#596 0 80000144     97a2 r 0f         f0040ffc  c.add    x15, x8
#597 0 80000146 fb07a703 r 0e         0000005a  lw       x14, -0x50(x15)
#598 0 8000014a fe442783 r 0f         00000001  lw       x15, -0x1c(x8)
#599 0 8000014e     078a r 0f         00000004  c.slli   x15, 2
#600 0 80000150     17c1 r 0f         fffffff4  c.addi   x15, -0x10
#601 0 80000152     97a2 r 0f         f0040ff4  c.add    x15, x8
#602 0 80000154 fae7a823 m f0040fa4   0000005a  sw       x14, -0x50(x15)
#603 0 80000158 fe042783 r 0f         00000003  lw       x15, -0x20(x8)
#604 0 8000015c     078a r 0f         0000000c  c.slli   x15, 2
#605 0 8000015e     17c1 r 0f         fffffffc  c.addi   x15, -0x10
#606 0 80000160     97a2 r 0f         f0040ffc  c.add    x15, x8
#607 0 80000162 fd842703 r 0e         00000043  lw       x14, -0x28(x8)
#608 0 80000166 fae7a823 m f0040fac   00000043  sw       x14, -0x50(x15)
#609 0 8000016a fe442783 r 0f         00000001  lw       x15, -0x1c(x8)
#610 0 8000016e fef42023 m f0040fe0   00000001  sw       x15, -0x20(x8)
#611 0 80000172 fe042783 r 0f         00000001  lw       x15, -0x20(x8)
#612 0 80000176     f3c9 r 00         00000000  c.bnez   x15, . - 0x7e
#613 0 800000f8 fe042783 r 0f         00000001  lw       x15, -0x20(x8)
#614 0 800000fc     17fd r 0f         00000000  c.addi   x15, -0x1
#615 0 800000fe 01f7d713 r 0e         00000000  srli     x14, x15, 0x1f
#616 0 80000102     97ba r 0f         00000000  c.add    x15, x14
#617 0 80000104     8785 r 0f         00000000  c.srai   x15, 0x1
#618 0 80000106 fef42223 m f0040fe4   00000000  sw       x15, -0x1c(x8)
#619 0 8000010a fe442783 r 0f         00000000  lw       x15, -0x1c(x8)
#620 0 8000010e     078a r 0f         00000000  c.slli   x15, 2
#621 0 80000110     17c1 r 0f         fffffff0  c.addi   x15, -0x10
#622 0 80000112     97a2 r 0f         f0040ff0  c.add    x15, x8
#623 0 80000114 fb07a703 r 0e         00000059  lw       x14, -0x50(x15)
#624 0 80000118 fe042783 r 0f         00000001  lw       x15, -0x20(x8)
#625 0 8000011c     078a r 0f         00000004  c.slli   x15, 2
#626 0 8000011e     17c1 r 0f         fffffff4  c.addi   x15, -0x10
#627 0 80000120     97a2 r 0f         f0040ff4  c.add    x15, x8
#628 0 80000122 fb07a783 r 0f         0000005a  lw       x15, -0x50(x15)
#629 0 80000126 04f75263 r 00         00000000  bge      x14, x15, . + 0x44
#630 0 8000012a fe442783 r 0f         00000000  lw       x15, -0x1c(x8)
#631 0 8000012e     078a r 0f         00000000  c.slli   x15, 2
#632 0 80000130     17c1 r 0f         fffffff0  c.addi   x15, -0x10
#633 0 80000132     97a2 r 0f         f0040ff0  c.add    x15, x8
#634 0 80000134 fb07a783 r 0f         00000059  lw       x15, -0x50(x15)
#635 0 80000138 fcf42c23 m f0040fd8   00000059  sw       x15, -0x28(x8)
#636 0 8000013c fe042783 r 0f         00000001  lw       x15, -0x20(x8)
#637 0 80000140     078a r 0f         00000004  c.slli   x15, 2
#638 0 80000142     17c1 r 0f         fffffff4  c.addi   x15, -0x10
#639 0 80000144     97a2 r 0f         f0040ff4  c.add    x15, x8
#640 0 80000146 fb07a703 r 0e         0000005a  lw       x14, -0x50(x15)
#641 0 8000014a fe442783 r 0f         00000000  lw       x15, -0x1c(x8)
#642 0 8000014e     078a r 0f         00000000  c.slli   x15, 2
#643 0 80000150     17c1 r 0f         fffffff0  c.addi   x15, -0x10
#644 0 80000152     97a2 r 0f         f0040ff0  c.add    x15, x8
#645 0 80000154 fae7a823 m f0040fa0   0000005a  sw       x14, -0x50(x15)
#646 0 80000158 fe042783 r 0f         00000001  lw       x15, -0x20(x8)
#647 0 8000015c     078a r 0f         00000004  c.slli   x15, 2
#648 0 8000015e     17c1 r 0f         fffffff4  c.addi   x15, -0x10
#649 0 80000160     97a2 r 0f         f0040ff4  c.add    x15, x8
#650 0 80000162 fd842703 r 0e         00000059  lw       x14, -0x28(x8)
#651 0 80000166 fae7a823 m f0040fa4   00000059  sw       x14, -0x50(x15)
#652 0 8000016a fe442783 r 0f         00000000  lw       x15, -0x1c(x8)
#653 0 8000016e fef42023 m f0040fe0   00000000  sw       x15, -0x20(x8)
#654 0 80000172 fe042783 r 0f         00000000  lw       x15, -0x20(x8)
#655 0 80000176     f3c9 r 00         00000000  c.bnez   x15, . - 0x7e
#656 0 80000178 fec42783 r 0f         00000008  lw       x15, -0x14(x8)
#657 0 8000017c     0785 r 0f         00000009  c.addi   x15, 0x1
#658 0 8000017e fef42623 m f0040fec   00000009  sw       x15, -0x14(x8)
#659 0 80000182 fec42703 r 0e         00000009  lw       x14, -0x14(x8)
#660 0 80000186 fdc42783 r 0f         0000000d  lw       x15, -0x24(x8)
#661 0 8000018a f6f743e3 r 00         00000000  blt      x14, x15, . - 0x9a
#662 0 800000f0 fec42783 r 0f         00000009  lw       x15, -0x14(x8)
#663 0 800000f4 fef42023 m f0040fe0   00000009  sw       x15, -0x20(x8)
#664 0 800000f8 fe042783 r 0f         00000009  lw       x15, -0x20(x8)
#665 0 800000fc     17fd r 0f         00000008  c.addi   x15, -0x1
#666 0 800000fe 01f7d713 r 0e         00000000  srli     x14, x15, 0x1f
#667 0 80000102     97ba r 0f         00000008  c.add    x15, x14
#668 0 80000104     8785 r 0f         00000004  c.srai   x15, 0x1
#669 0 80000106 fef42223 m f0040fe4   00000004  sw       x15, -0x1c(x8)
#670 0 8000010a fe442783 r 0f         00000004  lw       x15, -0x1c(x8)
#671 0 8000010e     078a r 0f         00000010  c.slli   x15, 2
#672 0 80000110     17c1 r 0f         00000000  c.addi   x15, -0x10
#673 0 80000112     97a2 r 0f         f0041000  c.add    x15, x8
#674 0 80000114 fb07a703 r 0e         0000002c  lw       x14, -0x50(x15)
#675 0 80000118 fe042783 r 0f         00000009  lw       x15, -0x20(x8)
#676 0 8000011c     078a r 0f         00000024  c.slli   x15, 2
#677 0 8000011e     17c1 r 0f         00000014  c.addi   x15, -0x10
#678 0 80000120     97a2 r 0f         f0041014  c.add    x15, x8
#679 0 80000122 fb07a783 r 0f         00000048  lw       x15, -0x50(x15)
#680 0 80000126 04f75263 r 00         00000000  bge      x14, x15, . + 0x44
#681 0 8000012a fe442783 r 0f         00000004  lw       x15, -0x1c(x8)
#682 0 8000012e     078a r 0f         00000010  c.slli   x15, 2
#683 0 80000130     17c1 r 0f         00000000  c.addi   x15, -0x10
#684 0 80000132     97a2 r 0f         f0041000  c.add    x15, x8
#685 0 80000134 fb07a783 r 0f         0000002c  lw       x15, -0x50(x15)
#686 0 80000138 fcf42c23 m f0040fd8   0000002c  sw       x15, -0x28(x8)
#687 0 8000013c fe042783 r 0f         00000009  lw       x15, -0x20(x8)
#688 0 80000140     078a r 0f         00000024  c.slli   x15, 2
#689 0 80000142     17c1 r 0f         00000014  c.addi   x15, -0x10
#690 0 80000144     97a2 r 0f         f0041014  c.add    x15, x8
#691 0 80000146 fb07a703 r 0e         00000048  lw       x14, -0x50(x15)
#692 0 8000014a fe442783 r 0f         00000004  lw       x15, -0x1c(x8)
#693 0 8000014e     078a r 0f         00000010  c.slli   x15, 2
#694 0 80000150     17c1 r 0f         00000000  c.addi   x15, -0x10
#695 0 80000152     97a2 r 0f         f0041000  c.add    x15, x8
#696 0 80000154 fae7a823 m f0040fb0   00000048  sw       x14, -0x50(x15)
#697 0 80000158 fe042783 r 0f         00000009  lw       x15, -0x20(x8)
#698 0 8000015c     078a r 0f         00000024  c.slli   x15, 2
#699 0 8000015e     17c1 r 0f         00000014  c.addi   x15, -0x10
#700 0 80000160     97a2 r 0f         f0041014  c.add    x15, x8
#701 0 80000162 fd842703 r 0e         0000002c  lw       x14, -0x28(x8)
#702 0 80000166 fae7a823 m f0040fc4   0000002c  sw       x14, -0x50(x15)
#703 0 8000016a fe442783 r 0f         00000004  lw       x15, -0x1c(x8)
#704 0 8000016e fef42023 m f0040fe0   00000004  sw       x15, -0x20(x8)
#705 0 80000172 fe042783 r 0f         00000004  lw       x15, -0x20(x8)
#706 0 80000176     f3c9 r 00         00000000  c.bnez   x15, . - 0x7e
#707 0 800000f8 fe042783 r 0f         00000004  lw       x15, -0x20(x8)
#708 0 800000fc     17fd r 0f         00000003  c.addi   x15, -0x1
#709 0 800000fe 01f7d713 r 0e         00000000  srli     x14, x15, 0x1f
#710 0 80000102     97ba r 0f         00000003  c.add    x15, x14
#711 0 80000104     8785 r 0f         00000001  c.srai   x15, 0x1
#712 0 80000106 fef42223 m f0040fe4   00000001  sw       x15, -0x1c(x8)
#713 0 8000010a fe442783 r 0f         00000001  lw       x15, -0x1c(x8)
#714 0 8000010e     078a r 0f         00000004  c.slli   x15, 2
#715 0 80000110     17c1 r 0f         fffffff4  c.addi   x15, -0x10
#716 0 80000112     97a2 r 0f         f0040ff4  c.add    x15, x8
#717 0 80000114 fb07a703 r 0e         00000059  lw       x14, -0x50(x15)
#718 0 80000118 fe042783 r 0f         00000004  lw       x15, -0x20(x8)
#719 0 8000011c     078a r 0f         00000010  c.slli   x15, 2
#720 0 8000011e     17c1 r 0f         00000000  c.addi   x15, -0x10
#721 0 80000120     97a2 r 0f         f0041000  c.add    x15, x8
#722 0 80000122 fb07a783 r 0f         00000048  lw       x15, -0x50(x15)
#723 0 80000126 04f75263 r 00         00000000  bge      x14, x15, . + 0x44
#724 0 8000016a fe442783 r 0f         00000001  lw       x15, -0x1c(x8)
#725 0 8000016e fef42023 m f0040fe0   00000001  sw       x15, -0x20(x8)
#726 0 80000172 fe042783 r 0f         00000001  lw       x15, -0x20(x8)
#727 0 80000176     f3c9 r 00         00000000  c.bnez   x15, . - 0x7e
#728 0 800000f8 fe042783 r 0f         00000001  lw       x15, -0x20(x8)
#729 0 800000fc     17fd r 0f         00000000  c.addi   x15, -0x1
#730 0 800000fe 01f7d713 r 0e         00000000  srli     x14, x15, 0x1f
#731 0 80000102     97ba r 0f         00000000  c.add    x15, x14
#732 0 80000104     8785 r 0f         00000000  c.srai   x15, 0x1
#733 0 80000106 fef42223 m f0040fe4   00000000  sw       x15, -0x1c(x8)
#734 0 8000010a fe442783 r 0f         00000000  lw       x15, -0x1c(x8)
#735 0 8000010e     078a r 0f         00000000  c.slli   x15, 2
#736 0 80000110     17c1 r 0f         fffffff0  c.addi   x15, -0x10
#737 0 80000112     97a2 r 0f         f0040ff0  c.add    x15, x8
#738 0 80000114 fb07a703 r 0e         0000005a  lw       x14, -0x50(x15)
#739 0 80000118 fe042783 r 0f         00000001  lw       x15, -0x20(x8)
#740 0 8000011c     078a r 0f         00000004  c.slli   x15, 2
#741 0 8000011e     17c1 r 0f         fffffff4  c.addi   x15, -0x10
#742 0 80000120     97a2 r 0f         f0040ff4  c.add    x15, x8
#743 0 80000122 fb07a783 r 0f         00000059  lw       x15, -0x50(x15)
#744 0 80000126 04f75263 r 00         00000000  bge      x14, x15, . + 0x44
#745 0 8000016a fe442783 r 0f         00000000  lw       x15, -0x1c(x8)
#746 0 8000016e fef42023 m f0040fe0   00000000  sw       x15, -0x20(x8)
#747 0 80000172 fe042783 r 0f         00000000  lw       x15, -0x20(x8)
#748 0 80000176     f3c9 r 00         00000000  c.bnez   x15, . - 0x7e
#749 0 80000178 fec42783 r 0f         00000009  lw       x15, -0x14(x8)
#750 0 8000017c     0785 r 0f         0000000a  c.addi   x15, 0x1
#751 0 8000017e fef42623 m f0040fec   0000000a  sw       x15, -0x14(x8)
#752 0 80000182 fec42703 r 0e         0000000a  lw       x14, -0x14(x8)
#753 0 80000186 fdc42783 r 0f         0000000d  lw       x15, -0x24(x8)
#754 0 8000018a f6f743e3 r 00         00000000  blt      x14, x15, . - 0x9a
#755 0 800000f0 fec42783 r 0f         0000000a  lw       x15, -0x14(x8)
#756 0 800000f4 fef42023 m f0040fe0   0000000a  sw       x15, -0x20(x8)
#757 0 800000f8 fe042783 r 0f         0000000a  lw       x15, -0x20(x8)
#758 0 800000fc     17fd r 0f         00000009  c.addi   x15, -0x1
#759 0 800000fe 01f7d713 r 0e         00000000  srli     x14, x15, 0x1f
#760 0 80000102     97ba r 0f         00000009  c.add    x15, x14
#761 0 80000104     8785 r 0f         00000004  c.srai   x15, 0x1
#762 0 80000106 fef42223 m f0040fe4   00000004  sw       x15, -0x1c(x8)
#763 0 8000010a fe442783 r 0f         00000004  lw       x15, -0x1c(x8)
#764 0 8000010e     078a r 0f         00000010  c.slli   x15, 2
#765 0 80000110     17c1 r 0f         00000000  c.addi   x15, -0x10
#766 0 80000112     97a2 r 0f         f0041000  c.add    x15, x8
#767 0 80000114 fb07a703 r 0e         00000048  lw       x14, -0x50(x15)
#768 0 80000118 fe042783 r 0f         0000000a  lw       x15, -0x20(x8)
#769 0 8000011c     078a r 0f         00000028  c.slli   x15, 2
#770 0 8000011e     17c1 r 0f         00000018  c.addi   x15, -0x10
#771 0 80000120     97a2 r 0f         f0041018  c.add    x15, x8
#772 0 80000122 fb07a783 r 0f         0000004e  lw       x15, -0x50(x15)
#773 0 80000126 04f75263 r 00         00000000  bge      x14, x15, . + 0x44
#774 0 8000012a fe442783 r 0f         00000004  lw       x15, -0x1c(x8)
#775 0 8000012e     078a r 0f         00000010  c.slli   x15, 2
#776 0 80000130     17c1 r 0f         00000000  c.addi   x15, -0x10
#777 0 80000132     97a2 r 0f         f0041000  c.add    x15, x8
#778 0 80000134 fb07a783 r 0f         00000048  lw       x15, -0x50(x15)
#779 0 80000138 fcf42c23 m f0040fd8   00000048  sw       x15, -0x28(x8)
#780 0 8000013c fe042783 r 0f         0000000a  lw       x15, -0x20(x8)
#781 0 80000140     078a r 0f         00000028  c.slli   x15, 2
#782 0 80000142     17c1 r 0f         00000018  c.addi   x15, -0x10
#783 0 80000144     97a2 r 0f         f0041018  c.add    x15, x8
#784 0 80000146 fb07a703 r 0e         0000004e  lw       x14, -0x50(x15)
#785 0 8000014a fe442783 r 0f         00000004  lw       x15, -0x1c(x8)
#786 0 8000014e     078a r 0f         00000010  c.slli   x15, 2
#787 0 80000150     17c1 r 0f         00000000  c.addi   x15, -0x10
#788 0 80000152     97a2 r 0f         f0041000  c.add    x15, x8
#789 0 80000154 fae7a823 m f0040fb0   0000004e  sw       x14, -0x50(x15)
#790 0 80000158 fe042783 r 0f         0000000a  lw       x15, -0x20(x8)
#791 0 8000015c     078a r 0f         00000028  c.slli   x15, 2
#792 0 8000015e     17c1 r 0f         00000018  c.addi   x15, -0x10
#793 0 80000160     97a2 r 0f         f0041018  c.add    x15, x8
#794 0 80000162 fd842703 r 0e         00000048  lw       x14, -0x28(x8)
#795 0 80000166 fae7a823 m f0040fc8   00000048  sw       x14, -0x50(x15)
#796 0 8000016a fe442783 r 0f         00000004  lw       x15, -0x1c(x8)
#797 0 8000016e fef42023 m f0040fe0   00000004  sw       x15, -0x20(x8)
#798 0 80000172 fe042783 r 0f         00000004  lw       x15, -0x20(x8)
#799 0 80000176     f3c9 r 00         00000000  c.bnez   x15, . - 0x7e
#800 0 800000f8 fe042783 r 0f         00000004  lw       x15, -0x20(x8)
#801 0 800000fc     17fd r 0f         00000003  c.addi   x15, -0x1
#802 0 800000fe 01f7d713 r 0e         00000000  srli     x14, x15, 0x1f
#803 0 80000102     97ba r 0f         00000003  c.add    x15, x14
#804 0 80000104     8785 r 0f         00000001  c.srai   x15, 0x1
#805 0 80000106 fef42223 m f0040fe4   00000001  sw       x15, -0x1c(x8)
#806 0 8000010a fe442783 r 0f         00000001  lw       x15, -0x1c(x8)
#807 0 8000010e     078a r 0f         00000004  c.slli   x15, 2
#808 0 80000110     17c1 r 0f         fffffff4  c.addi   x15, -0x10
#809 0 80000112     97a2 r 0f         f0040ff4  c.add    x15, x8
#810 0 80000114 fb07a703 r 0e         00000059  lw       x14, -0x50(x15)
#811 0 80000118 fe042783 r 0f         00000004  lw       x15, -0x20(x8)
#812 0 8000011c     078a r 0f         00000010  c.slli   x15, 2
#813 0 8000011e     17c1 r 0f         00000000  c.addi   x15, -0x10
#814 0 80000120     97a2 r 0f         f0041000  c.add    x15, x8
#815 0 80000122 fb07a783 r 0f         0000004e  lw       x15, -0x50(x15)
#816 0 80000126 04f75263 r 00         00000000  bge      x14, x15, . + 0x44
#817 0 8000016a fe442783 r 0f         00000001  lw       x15, -0x1c(x8)
#818 0 8000016e fef42023 m f0040fe0   00000001  sw       x15, -0x20(x8)
#819 0 80000172 fe042783 r 0f         00000001  lw       x15, -0x20(x8)
#820 0 80000176     f3c9 r 00         00000000  c.bnez   x15, . - 0x7e
#821 0 800000f8 fe042783 r 0f         00000001  lw       x15, -0x20(x8)
#822 0 800000fc     17fd r 0f         00000000  c.addi   x15, -0x1
#823 0 800000fe 01f7d713 r 0e         00000000  srli     x14, x15, 0x1f
#824 0 80000102     97ba r 0f         00000000  c.add    x15, x14
#825 0 80000104     8785 r 0f         00000000  c.srai   x15, 0x1
#826 0 80000106 fef42223 m f0040fe4   00000000  sw       x15, -0x1c(x8)
#827 0 8000010a fe442783 r 0f         00000000  lw       x15, -0x1c(x8)
#828 0 8000010e     078a r 0f         00000000  c.slli   x15, 2
#829 0 80000110     17c1 r 0f         fffffff0  c.addi   x15, -0x10
#830 0 80000112     97a2 r 0f         f0040ff0  c.add    x15, x8
#831 0 80000114 fb07a703 r 0e         0000005a  lw       x14, -0x50(x15)
#832 0 80000118 fe042783 r 0f         00000001  lw       x15, -0x20(x8)
#833 0 8000011c     078a r 0f         00000004  c.slli   x15, 2
#834 0 8000011e     17c1 r 0f         fffffff4  c.addi   x15, -0x10
#835 0 80000120     97a2 r 0f         f0040ff4  c.add    x15, x8
#836 0 80000122 fb07a783 r 0f         00000059  lw       x15, -0x50(x15)
#837 0 80000126 04f75263 r 00         00000000  bge      x14, x15, . + 0x44
#838 0 8000016a fe442783 r 0f         00000000  lw       x15, -0x1c(x8)
#839 0 8000016e fef42023 m f0040fe0   00000000  sw       x15, -0x20(x8)
#840 0 80000172 fe042783 r 0f         00000000  lw       x15, -0x20(x8)
#841 0 80000176     f3c9 r 00         00000000  c.bnez   x15, . - 0x7e
#842 0 80000178 fec42783 r 0f         0000000a  lw       x15, -0x14(x8)
#843 0 8000017c     0785 r 0f         0000000b  c.addi   x15, 0x1
#844 0 8000017e fef42623 m f0040fec   0000000b  sw       x15, -0x14(x8)
#845 0 80000182 fec42703 r 0e         0000000b  lw       x14, -0x14(x8)
#846 0 80000186 fdc42783 r 0f         0000000d  lw       x15, -0x24(x8)
#847 0 8000018a f6f743e3 r 00         00000000  blt      x14, x15, . - 0x9a
#848 0 800000f0 fec42783 r 0f         0000000b  lw       x15, -0x14(x8)
#849 0 800000f4 fef42023 m f0040fe0   0000000b  sw       x15, -0x20(x8)
#850 0 800000f8 fe042783 r 0f         0000000b  lw       x15, -0x20(x8)
#851 0 800000fc     17fd r 0f         0000000a  c.addi   x15, -0x1
#852 0 800000fe 01f7d713 r 0e         00000000  srli     x14, x15, 0x1f
#853 0 80000102     97ba r 0f         0000000a  c.add    x15, x14
#854 0 80000104     8785 r 0f         00000005  c.srai   x15, 0x1
#855 0 80000106 fef42223 m f0040fe4   00000005  sw       x15, -0x1c(x8)
#856 0 8000010a fe442783 r 0f         00000005  lw       x15, -0x1c(x8)
#857 0 8000010e     078a r 0f         00000014  c.slli   x15, 2
#858 0 80000110     17c1 r 0f         00000004  c.addi   x15, -0x10
#859 0 80000112     97a2 r 0f         f0041004  c.add    x15, x8
#860 0 80000114 fb07a703 r 0e         0000000c  lw       x14, -0x50(x15)
#861 0 80000118 fe042783 r 0f         0000000b  lw       x15, -0x20(x8)
#862 0 8000011c     078a r 0f         0000002c  c.slli   x15, 2
#863 0 8000011e     17c1 r 0f         0000001c  c.addi   x15, -0x10
#864 0 80000120     97a2 r 0f         f004101c  c.add    x15, x8
#865 0 80000122 fb07a783 r 0f         00000022  lw       x15, -0x50(x15)
#866 0 80000126 04f75263 r 00         00000000  bge      x14, x15, . + 0x44
#867 0 8000012a fe442783 r 0f         00000005  lw       x15, -0x1c(x8)
#868 0 8000012e     078a r 0f         00000014  c.slli   x15, 2
#869 0 80000130     17c1 r 0f         00000004  c.addi   x15, -0x10
#870 0 80000132     97a2 r 0f         f0041004  c.add    x15, x8
#871 0 80000134 fb07a783 r 0f         0000000c  lw       x15, -0x50(x15)
#872 0 80000138 fcf42c23 m f0040fd8   0000000c  sw       x15, -0x28(x8)
#873 0 8000013c fe042783 r 0f         0000000b  lw       x15, -0x20(x8)
#874 0 80000140     078a r 0f         0000002c  c.slli   x15, 2
#875 0 80000142     17c1 r 0f         0000001c  c.addi   x15, -0x10
#876 0 80000144     97a2 r 0f         f004101c  c.add    x15, x8
#877 0 80000146 fb07a703 r 0e         00000022  lw       x14, -0x50(x15)
#878 0 8000014a fe442783 r 0f         00000005  lw       x15, -0x1c(x8)
#879 0 8000014e     078a r 0f         00000014  c.slli   x15, 2
#880 0 80000150     17c1 r 0f         00000004  c.addi   x15, -0x10
#881 0 80000152     97a2 r 0f         f0041004  c.add    x15, x8
#882 0 80000154 fae7a823 m f0040fb4   00000022  sw       x14, -0x50(x15)
#883 0 80000158 fe042783 r 0f         0000000b  lw       x15, -0x20(x8)
#884 0 8000015c     078a r 0f         0000002c  c.slli   x15, 2
#885 0 8000015e     17c1 r 0f         0000001c  c.addi   x15, -0x10
#886 0 80000160     97a2 r 0f         f004101c  c.add    x15, x8
#887 0 80000162 fd842703 r 0e         0000000c  lw       x14, -0x28(x8)
#888 0 80000166 fae7a823 m f0040fcc   0000000c  sw       x14, -0x50(x15)
#889 0 8000016a fe442783 r 0f         00000005  lw       x15, -0x1c(x8)
#890 0 8000016e fef42023 m f0040fe0   00000005  sw       x15, -0x20(x8)
#891 0 80000172 fe042783 r 0f         00000005  lw       x15, -0x20(x8)
#892 0 80000176     f3c9 r 00         00000000  c.bnez   x15, . - 0x7e
#893 0 800000f8 fe042783 r 0f         00000005  lw       x15, -0x20(x8)
#894 0 800000fc     17fd r 0f         00000004  c.addi   x15, -0x1
#895 0 800000fe 01f7d713 r 0e         00000000  srli     x14, x15, 0x1f
#896 0 80000102     97ba r 0f         00000004  c.add    x15, x14
#897 0 80000104     8785 r 0f         00000002  c.srai   x15, 0x1
#898 0 80000106 fef42223 m f0040fe4   00000002  sw       x15, -0x1c(x8)
#899 0 8000010a fe442783 r 0f         00000002  lw       x15, -0x1c(x8)
#900 0 8000010e     078a r 0f         00000008  c.slli   x15, 2
#901 0 80000110     17c1 r 0f         fffffff8  c.addi   x15, -0x10
#902 0 80000112     97a2 r 0f         f0040ff8  c.add    x15, x8
#903 0 80000114 fb07a703 r 0e         00000058  lw       x14, -0x50(x15)
#904 0 80000118 fe042783 r 0f         00000005  lw       x15, -0x20(x8)
#905 0 8000011c     078a r 0f         00000014  c.slli   x15, 2
#906 0 8000011e     17c1 r 0f         00000004  c.addi   x15, -0x10
#907 0 80000120     97a2 r 0f         f0041004  c.add    x15, x8
#908 0 80000122 fb07a783 r 0f         00000022  lw       x15, -0x50(x15)
#909 0 80000126 04f75263 r 00         00000000  bge      x14, x15, . + 0x44
#910 0 8000016a fe442783 r 0f         00000002  lw       x15, -0x1c(x8)
#911 0 8000016e fef42023 m f0040fe0   00000002  sw       x15, -0x20(x8)
#912 0 80000172 fe042783 r 0f         00000002  lw       x15, -0x20(x8)
#913 0 80000176     f3c9 r 00         00000000  c.bnez   x15, . - 0x7e
#914 0 800000f8 fe042783 r 0f         00000002  lw       x15, -0x20(x8)
#915 0 800000fc     17fd r 0f         00000001  c.addi   x15, -0x1
#916 0 800000fe 01f7d713 r 0e         00000000  srli     x14, x15, 0x1f
#917 0 80000102     97ba r 0f         00000001  c.add    x15, x14
#918 0 80000104     8785 r 0f         00000000  c.srai   x15, 0x1
#919 0 80000106 fef42223 m f0040fe4   00000000  sw       x15, -0x1c(x8)
#920 0 8000010a fe442783 r 0f         00000000  lw       x15, -0x1c(x8)
#921 0 8000010e     078a r 0f         00000000  c.slli   x15, 2
#922 0 80000110     17c1 r 0f         fffffff0  c.addi   x15, -0x10
#923 0 80000112     97a2 r 0f         f0040ff0  c.add    x15, x8
#924 0 80000114 fb07a703 r 0e         0000005a  lw       x14, -0x50(x15)
#925 0 80000118 fe042783 r 0f         00000002  lw       x15, -0x20(x8)
#926 0 8000011c     078a r 0f         00000008  c.slli   x15, 2
#927 0 8000011e     17c1 r 0f         fffffff8  c.addi   x15, -0x10
#928 0 80000120     97a2 r 0f         f0040ff8  c.add    x15, x8
#929 0 80000122 fb07a783 r 0f         00000058  lw       x15, -0x50(x15)
#930 0 80000126 04f75263 r 00         00000000  bge      x14, x15, . + 0x44
#931 0 8000016a fe442783 r 0f         00000000  lw       x15, -0x1c(x8)
#932 0 8000016e fef42023 m f0040fe0   00000000  sw       x15, -0x20(x8)
#933 0 80000172 fe042783 r 0f         00000000  lw       x15, -0x20(x8)
#934 0 80000176     f3c9 r 00         00000000  c.bnez   x15, . - 0x7e
#935 0 80000178 fec42783 r 0f         0000000b  lw       x15, -0x14(x8)
#936 0 8000017c     0785 r 0f         0000000c  c.addi   x15, 0x1
#937 0 8000017e fef42623 m f0040fec   0000000c  sw       x15, -0x14(x8)
#938 0 80000182 fec42703 r 0e         0000000c  lw       x14, -0x14(x8)
#939 0 80000186 fdc42783 r 0f         0000000d  lw       x15, -0x24(x8)
#940 0 8000018a f6f743e3 r 00         00000000  blt      x14, x15, . - 0x9a
#941 0 800000f0 fec42783 r 0f         0000000c  lw       x15, -0x14(x8)
#942 0 800000f4 fef42023 m f0040fe0   0000000c  sw       x15, -0x20(x8)
#943 0 800000f8 fe042783 r 0f         0000000c  lw       x15, -0x20(x8)
#944 0 800000fc     17fd r 0f         0000000b  c.addi   x15, -0x1
#945 0 800000fe 01f7d713 r 0e         00000000  srli     x14, x15, 0x1f
#946 0 80000102     97ba r 0f         0000000b  c.add    x15, x14
#947 0 80000104     8785 r 0f         00000005  c.srai   x15, 0x1
#948 0 80000106 fef42223 m f0040fe4   00000005  sw       x15, -0x1c(x8)
#949 0 8000010a fe442783 r 0f         00000005  lw       x15, -0x1c(x8)
#950 0 8000010e     078a r 0f         00000014  c.slli   x15, 2
#951 0 80000110     17c1 r 0f         00000004  c.addi   x15, -0x10
#952 0 80000112     97a2 r 0f         f0041004  c.add    x15, x8
#953 0 80000114 fb07a703 r 0e         00000022  lw       x14, -0x50(x15)
#954 0 80000118 fe042783 r 0f         0000000c  lw       x15, -0x20(x8)
#955 0 8000011c     078a r 0f         00000030  c.slli   x15, 2
#956 0 8000011e     17c1 r 0f         00000020  c.addi   x15, -0x10
#957 0 80000120     97a2 r 0f         f0041020  c.add    x15, x8
#958 0 80000122 fb07a783 r 0f         00000042  lw       x15, -0x50(x15)
#959 0 80000126 04f75263 r 00         00000000  bge      x14, x15, . + 0x44
#960 0 8000012a fe442783 r 0f         00000005  lw       x15, -0x1c(x8)
#961 0 8000012e     078a r 0f         00000014  c.slli   x15, 2
#962 0 80000130     17c1 r 0f         00000004  c.addi   x15, -0x10
#963 0 80000132     97a2 r 0f         f0041004  c.add    x15, x8
#964 0 80000134 fb07a783 r 0f         00000022  lw       x15, -0x50(x15)
#965 0 80000138 fcf42c23 m f0040fd8   00000022  sw       x15, -0x28(x8)
#966 0 8000013c fe042783 r 0f         0000000c  lw       x15, -0x20(x8)
#967 0 80000140     078a r 0f         00000030  c.slli   x15, 2
#968 0 80000142     17c1 r 0f         00000020  c.addi   x15, -0x10
#969 0 80000144     97a2 r 0f         f0041020  c.add    x15, x8
#970 0 80000146 fb07a703 r 0e         00000042  lw       x14, -0x50(x15)
#971 0 8000014a fe442783 r 0f         00000005  lw       x15, -0x1c(x8)
#972 0 8000014e     078a r 0f         00000014  c.slli   x15, 2
#973 0 80000150     17c1 r 0f         00000004  c.addi   x15, -0x10
#974 0 80000152     97a2 r 0f         f0041004  c.add    x15, x8
#975 0 80000154 fae7a823 m f0040fb4   00000042  sw       x14, -0x50(x15)
#976 0 80000158 fe042783 r 0f         0000000c  lw       x15, -0x20(x8)
#977 0 8000015c     078a r 0f         00000030  c.slli   x15, 2
#978 0 8000015e     17c1 r 0f         00000020  c.addi   x15, -0x10
#979 0 80000160     97a2 r 0f         f0041020  c.add    x15, x8
#980 0 80000162 fd842703 r 0e         00000022  lw       x14, -0x28(x8)
#981 0 80000166 fae7a823 m f0040fd0   00000022  sw       x14, -0x50(x15)
#982 0 8000016a fe442783 r 0f         00000005  lw       x15, -0x1c(x8)
#983 0 8000016e fef42023 m f0040fe0   00000005  sw       x15, -0x20(x8)
#984 0 80000172 fe042783 r 0f         00000005  lw       x15, -0x20(x8)
#985 0 80000176     f3c9 r 00         00000000  c.bnez   x15, . - 0x7e
#986 0 800000f8 fe042783 r 0f         00000005  lw       x15, -0x20(x8)
#987 0 800000fc     17fd r 0f         00000004  c.addi   x15, -0x1
#988 0 800000fe 01f7d713 r 0e         00000000  srli     x14, x15, 0x1f
#989 0 80000102     97ba r 0f         00000004  c.add    x15, x14
#990 0 80000104     8785 r 0f         00000002  c.srai   x15, 0x1
#991 0 80000106 fef42223 m f0040fe4   00000002  sw       x15, -0x1c(x8)
#992 0 8000010a fe442783 r 0f         00000002  lw       x15, -0x1c(x8)
#993 0 8000010e     078a r 0f         00000008  c.slli   x15, 2
#994 0 80000110     17c1 r 0f         fffffff8  c.addi   x15, -0x10
#995 0 80000112     97a2 r 0f         f0040ff8  c.add    x15, x8
#996 0 80000114 fb07a703 r 0e         00000058  lw       x14, -0x50(x15)
#997 0 80000118 fe042783 r 0f         00000005  lw       x15, -0x20(x8)
#998 0 8000011c     078a r 0f         00000014  c.slli   x15, 2
#999 0 8000011e     17c1 r 0f         00000004  c.addi   x15, -0x10
#1000 0 80000120     97a2 r 0f         f0041004  c.add    x15, x8
#1001 0 80000122 fb07a783 r 0f         00000042  lw       x15, -0x50(x15)
#1002 0 80000126 04f75263 r 00         00000000  bge      x14, x15, . + 0x44
#1003 0 8000016a fe442783 r 0f         00000002  lw       x15, -0x1c(x8)
#1004 0 8000016e fef42023 m f0040fe0   00000002  sw       x15, -0x20(x8)
#1005 0 80000172 fe042783 r 0f         00000002  lw       x15, -0x20(x8)
#1006 0 80000176     f3c9 r 00         00000000  c.bnez   x15, . - 0x7e
#1007 0 800000f8 fe042783 r 0f         00000002  lw       x15, -0x20(x8)
#1008 0 800000fc     17fd r 0f         00000001  c.addi   x15, -0x1
#1009 0 800000fe 01f7d713 r 0e         00000000  srli     x14, x15, 0x1f
#1010 0 80000102     97ba r 0f         00000001  c.add    x15, x14
#1011 0 80000104     8785 r 0f         00000000  c.srai   x15, 0x1
#1012 0 80000106 fef42223 m f0040fe4   00000000  sw       x15, -0x1c(x8)
#1013 0 8000010a fe442783 r 0f         00000000  lw       x15, -0x1c(x8)
#1014 0 8000010e     078a r 0f         00000000  c.slli   x15, 2
#1015 0 80000110     17c1 r 0f         fffffff0  c.addi   x15, -0x10
#1016 0 80000112     97a2 r 0f         f0040ff0  c.add    x15, x8
#1017 0 80000114 fb07a703 r 0e         0000005a  lw       x14, -0x50(x15)
#1018 0 80000118 fe042783 r 0f         00000002  lw       x15, -0x20(x8)
#1019 0 8000011c     078a r 0f         00000008  c.slli   x15, 2
#1020 0 8000011e     17c1 r 0f         fffffff8  c.addi   x15, -0x10
#1021 0 80000120     97a2 r 0f         f0040ff8  c.add    x15, x8
#1022 0 80000122 fb07a783 r 0f         00000058  lw       x15, -0x50(x15)
#1023 0 80000126 04f75263 r 00         00000000  bge      x14, x15, . + 0x44
#1024 0 8000016a fe442783 r 0f         00000000  lw       x15, -0x1c(x8)
#1025 0 8000016e fef42023 m f0040fe0   00000000  sw       x15, -0x20(x8)
#1026 0 80000172 fe042783 r 0f         00000000  lw       x15, -0x20(x8)
#1027 0 80000176     f3c9 r 00         00000000  c.bnez   x15, . - 0x7e
#1028 0 80000178 fec42783 r 0f         0000000c  lw       x15, -0x14(x8)
#1029 0 8000017c     0785 r 0f         0000000d  c.addi   x15, 0x1
#1030 0 8000017e fef42623 m f0040fec   0000000d  sw       x15, -0x14(x8)
#1031 0 80000182 fec42703 r 0e         0000000d  lw       x14, -0x14(x8)
#1032 0 80000186 fdc42783 r 0f         0000000d  lw       x15, -0x24(x8)
#1033 0 8000018a f6f743e3 r 00         00000000  blt      x14, x15, . - 0x9a
#1034 0 8000018e fdc42783 r 0f         0000000d  lw       x15, -0x24(x8)
#1035 0 80000192     17fd r 0f         0000000c  c.addi   x15, -0x1
#1036 0 80000194 fef42423 m f0040fe8   0000000c  sw       x15, -0x18(x8)
#1037 0 80000198     a209 r 00         00000000  c.j      . + 0x102
#1038 0 8000029a fe842783 r 0f         0000000c  lw       x15, -0x18(x8)
#1039 0 8000029e ee07dee3 r 00         00000000  bge      x15, x0, . - 0x104
#1040 0 8000019a fa042783 r 0f         0000005a  lw       x15, -0x60(x8)
#1041 0 8000019e fcf42c23 m f0040fd8   0000005a  sw       x15, -0x28(x8)
#1042 0 800001a2 fe842783 r 0f         0000000c  lw       x15, -0x18(x8)
#1043 0 800001a6     078a r 0f         00000030  c.slli   x15, 2
#1044 0 800001a8     17c1 r 0f         00000020  c.addi   x15, -0x10
#1045 0 800001aa     97a2 r 0f         f0041020  c.add    x15, x8
#1046 0 800001ac fb07a783 r 0f         00000022  lw       x15, -0x50(x15)
#1047 0 800001b0 faf42023 m f0040fa0   00000022  sw       x15, -0x60(x8)
#1048 0 800001b4 fe842783 r 0f         0000000c  lw       x15, -0x18(x8)
#1049 0 800001b8     078a r 0f         00000030  c.slli   x15, 2
#1050 0 800001ba     17c1 r 0f         00000020  c.addi   x15, -0x10
#1051 0 800001bc     97a2 r 0f         f0041020  c.add    x15, x8
#1052 0 800001be fd842703 r 0e         0000005a  lw       x14, -0x28(x8)
#1053 0 800001c2 fae7a823 m f0040fd0   0000005a  sw       x14, -0x50(x15)
#1054 0 800001c6 fe042223 m f0040fe4   00000000  sw       x0, -0x1c(x8)
#1055 0 800001ca fe442783 r 0f         00000000  lw       x15, -0x1c(x8)
#1056 0 800001ce     0786 r 0f         00000000  c.slli   x15, 1
#1057 0 800001d0     0785 r 0f         00000001  c.addi   x15, 0x1
#1058 0 800001d2 fef42023 m f0040fe0   00000001  sw       x15, -0x20(x8)
#1059 0 800001d6 fe042783 r 0f         00000001  lw       x15, -0x20(x8)
#1060 0 800001da     078a r 0f         00000004  c.slli   x15, 2
#1061 0 800001dc     17c1 r 0f         fffffff4  c.addi   x15, -0x10
#1062 0 800001de     97a2 r 0f         f0040ff4  c.add    x15, x8
#1063 0 800001e0 fb07a703 r 0e         00000059  lw       x14, -0x50(x15)
#1064 0 800001e4 fe042783 r 0f         00000001  lw       x15, -0x20(x8)
#1065 0 800001e8     0785 r 0f         00000002  c.addi   x15, 0x1
#1066 0 800001ea     078a r 0f         00000008  c.slli   x15, 2
#1067 0 800001ec     17c1 r 0f         fffffff8  c.addi   x15, -0x10
#1068 0 800001ee     97a2 r 0f         f0040ff8  c.add    x15, x8
#1069 0 800001f0 fb07a783 r 0f         00000058  lw       x15, -0x50(x15)
#1070 0 800001f4 00f75e63 r 00         00000000  bge      x14, x15, . + 0x1c
#1071 0 80000210 fe442783 r 0f         00000000  lw       x15, -0x1c(x8)
#1072 0 80000214     078a r 0f         00000000  c.slli   x15, 2
#1073 0 80000216     17c1 r 0f         fffffff0  c.addi   x15, -0x10
#1074 0 80000218     97a2 r 0f         f0040ff0  c.add    x15, x8
#1075 0 8000021a fb07a703 r 0e         00000022  lw       x14, -0x50(x15)
#1076 0 8000021e fe042783 r 0f         00000001  lw       x15, -0x20(x8)
#1077 0 80000222     078a r 0f         00000004  c.slli   x15, 2
#1078 0 80000224     17c1 r 0f         fffffff4  c.addi   x15, -0x10
#1079 0 80000226     97a2 r 0f         f0040ff4  c.add    x15, x8
#1080 0 80000228 fb07a783 r 0f         00000059  lw       x15, -0x50(x15)
#1081 0 8000022c 04f75863 r 00         00000000  bge      x14, x15, . + 0x50
#1082 0 80000230 fe042703 r 0e         00000001  lw       x14, -0x20(x8)
#1083 0 80000234 fe842783 r 0f         0000000c  lw       x15, -0x18(x8)
#1084 0 80000238 04f75263 r 00         00000000  bge      x14, x15, . + 0x44
#1085 0 8000023c fe442783 r 0f         00000000  lw       x15, -0x1c(x8)
#1086 0 80000240     078a r 0f         00000000  c.slli   x15, 2
#1087 0 80000242     17c1 r 0f         fffffff0  c.addi   x15, -0x10
#1088 0 80000244     97a2 r 0f         f0040ff0  c.add    x15, x8
#1089 0 80000246 fb07a783 r 0f         00000022  lw       x15, -0x50(x15)
#1090 0 8000024a fcf42c23 m f0040fd8   00000022  sw       x15, -0x28(x8)
#1091 0 8000024e fe042783 r 0f         00000001  lw       x15, -0x20(x8)
#1092 0 80000252     078a r 0f         00000004  c.slli   x15, 2
#1093 0 80000254     17c1 r 0f         fffffff4  c.addi   x15, -0x10
#1094 0 80000256     97a2 r 0f         f0040ff4  c.add    x15, x8
#1095 0 80000258 fb07a703 r 0e         00000059  lw       x14, -0x50(x15)
#1096 0 8000025c fe442783 r 0f         00000000  lw       x15, -0x1c(x8)
#1097 0 80000260     078a r 0f         00000000  c.slli   x15, 2
#1098 0 80000262     17c1 r 0f         fffffff0  c.addi   x15, -0x10
#1099 0 80000264     97a2 r 0f         f0040ff0  c.add    x15, x8
#1100 0 80000266 fae7a823 m f0040fa0   00000059  sw       x14, -0x50(x15)
#1101 0 8000026a fe042783 r 0f         00000001  lw       x15, -0x20(x8)
#1102 0 8000026e     078a r 0f         00000004  c.slli   x15, 2
#1103 0 80000270     17c1 r 0f         fffffff4  c.addi   x15, -0x10
#1104 0 80000272     97a2 r 0f         f0040ff4  c.add    x15, x8
#1105 0 80000274 fd842703 r 0e         00000022  lw       x14, -0x28(x8)
#1106 0 80000278 fae7a823 m f0040fa4   00000022  sw       x14, -0x50(x15)
#1107 0 8000027c fe042783 r 0f         00000001  lw       x15, -0x20(x8)
#1108 0 80000280 fef42223 m f0040fe4   00000001  sw       x15, -0x1c(x8)
#1109 0 80000284 fe042703 r 0e         00000001  lw       x14, -0x20(x8)
#1110 0 80000288 fe842783 r 0f         0000000c  lw       x15, -0x18(x8)
#1111 0 8000028c f2f74fe3 r 00         00000000  blt      x14, x15, . - 0xc2
#1112 0 800001ca fe442783 r 0f         00000001  lw       x15, -0x1c(x8)
#1113 0 800001ce     0786 r 0f         00000002  c.slli   x15, 1
#1114 0 800001d0     0785 r 0f         00000003  c.addi   x15, 0x1
#1115 0 800001d2 fef42023 m f0040fe0   00000003  sw       x15, -0x20(x8)
#1116 0 800001d6 fe042783 r 0f         00000003  lw       x15, -0x20(x8)
#1117 0 800001da     078a r 0f         0000000c  c.slli   x15, 2
#1118 0 800001dc     17c1 r 0f         fffffffc  c.addi   x15, -0x10
#1119 0 800001de     97a2 r 0f         f0040ffc  c.add    x15, x8
#1120 0 800001e0 fb07a703 r 0e         00000043  lw       x14, -0x50(x15)
#1121 0 800001e4 fe042783 r 0f         00000003  lw       x15, -0x20(x8)
#1122 0 800001e8     0785 r 0f         00000004  c.addi   x15, 0x1
#1123 0 800001ea     078a r 0f         00000010  c.slli   x15, 2
#1124 0 800001ec     17c1 r 0f         00000000  c.addi   x15, -0x10
#1125 0 800001ee     97a2 r 0f         f0041000  c.add    x15, x8
#1126 0 800001f0 fb07a783 r 0f         0000004e  lw       x15, -0x50(x15)
#1127 0 800001f4 00f75e63 r 00         00000000  bge      x14, x15, . + 0x1c
#1128 0 800001f8 fe842783 r 0f         0000000c  lw       x15, -0x18(x8)
#1129 0 800001fc     17fd r 0f         0000000b  c.addi   x15, -0x1
#1130 0 800001fe fe042703 r 0e         00000003  lw       x14, -0x20(x8)
#1131 0 80000202 00f75763 r 00         00000000  bge      x14, x15, . + 0xe
#1132 0 80000206 fe042783 r 0f         00000003  lw       x15, -0x20(x8)
#1133 0 8000020a     0785 r 0f         00000004  c.addi   x15, 0x1
#1134 0 8000020c fef42023 m f0040fe0   00000004  sw       x15, -0x20(x8)
#1135 0 80000210 fe442783 r 0f         00000001  lw       x15, -0x1c(x8)
#1136 0 80000214     078a r 0f         00000004  c.slli   x15, 2
#1137 0 80000216     17c1 r 0f         fffffff4  c.addi   x15, -0x10
#1138 0 80000218     97a2 r 0f         f0040ff4  c.add    x15, x8
#1139 0 8000021a fb07a703 r 0e         00000022  lw       x14, -0x50(x15)
#1140 0 8000021e fe042783 r 0f         00000004  lw       x15, -0x20(x8)
#1141 0 80000222     078a r 0f         00000010  c.slli   x15, 2
#1142 0 80000224     17c1 r 0f         00000000  c.addi   x15, -0x10
#1143 0 80000226     97a2 r 0f         f0041000  c.add    x15, x8
#1144 0 80000228 fb07a783 r 0f         0000004e  lw       x15, -0x50(x15)
#1145 0 8000022c 04f75863 r 00         00000000  bge      x14, x15, . + 0x50
#1146 0 80000230 fe042703 r 0e         00000004  lw       x14, -0x20(x8)
#1147 0 80000234 fe842783 r 0f         0000000c  lw       x15, -0x18(x8)
#1148 0 80000238 04f75263 r 00         00000000  bge      x14, x15, . + 0x44
#1149 0 8000023c fe442783 r 0f         00000001  lw       x15, -0x1c(x8)
#1150 0 80000240     078a r 0f         00000004  c.slli   x15, 2
#1151 0 80000242     17c1 r 0f         fffffff4  c.addi   x15, -0x10
#1152 0 80000244     97a2 r 0f         f0040ff4  c.add    x15, x8
#1153 0 80000246 fb07a783 r 0f         00000022  lw       x15, -0x50(x15)
#1154 0 8000024a fcf42c23 m f0040fd8   00000022  sw       x15, -0x28(x8)
#1155 0 8000024e fe042783 r 0f         00000004  lw       x15, -0x20(x8)
#1156 0 80000252     078a r 0f         00000010  c.slli   x15, 2
#1157 0 80000254     17c1 r 0f         00000000  c.addi   x15, -0x10
#1158 0 80000256     97a2 r 0f         f0041000  c.add    x15, x8
#1159 0 80000258 fb07a703 r 0e         0000004e  lw       x14, -0x50(x15)
#1160 0 8000025c fe442783 r 0f         00000001  lw       x15, -0x1c(x8)
#1161 0 80000260     078a r 0f         00000004  c.slli   x15, 2
#1162 0 80000262     17c1 r 0f         fffffff4  c.addi   x15, -0x10
#1163 0 80000264     97a2 r 0f         f0040ff4  c.add    x15, x8
#1164 0 80000266 fae7a823 m f0040fa4   0000004e  sw       x14, -0x50(x15)
#1165 0 8000026a fe042783 r 0f         00000004  lw       x15, -0x20(x8)
#1166 0 8000026e     078a r 0f         00000010  c.slli   x15, 2
#1167 0 80000270     17c1 r 0f         00000000  c.addi   x15, -0x10
#1168 0 80000272     97a2 r 0f         f0041000  c.add    x15, x8
#1169 0 80000274 fd842703 r 0e         00000022  lw       x14, -0x28(x8)
#1170 0 80000278 fae7a823 m f0040fb0   00000022  sw       x14, -0x50(x15)
#1171 0 8000027c fe042783 r 0f         00000004  lw       x15, -0x20(x8)
#1172 0 80000280 fef42223 m f0040fe4   00000004  sw       x15, -0x1c(x8)
#1173 0 80000284 fe042703 r 0e         00000004  lw       x14, -0x20(x8)
#1174 0 80000288 fe842783 r 0f         0000000c  lw       x15, -0x18(x8)
#1175 0 8000028c f2f74fe3 r 00         00000000  blt      x14, x15, . - 0xc2
#1176 0 800001ca fe442783 r 0f         00000004  lw       x15, -0x1c(x8)
#1177 0 800001ce     0786 r 0f         00000008  c.slli   x15, 1
#1178 0 800001d0     0785 r 0f         00000009  c.addi   x15, 0x1
#1179 0 800001d2 fef42023 m f0040fe0   00000009  sw       x15, -0x20(x8)
#1180 0 800001d6 fe042783 r 0f         00000009  lw       x15, -0x20(x8)
#1181 0 800001da     078a r 0f         00000024  c.slli   x15, 2
#1182 0 800001dc     17c1 r 0f         00000014  c.addi   x15, -0x10
#1183 0 800001de     97a2 r 0f         f0041014  c.add    x15, x8
#1184 0 800001e0 fb07a703 r 0e         0000002c  lw       x14, -0x50(x15)
#1185 0 800001e4 fe042783 r 0f         00000009  lw       x15, -0x20(x8)
#1186 0 800001e8     0785 r 0f         0000000a  c.addi   x15, 0x1
#1187 0 800001ea     078a r 0f         00000028  c.slli   x15, 2
#1188 0 800001ec     17c1 r 0f         00000018  c.addi   x15, -0x10
#1189 0 800001ee     97a2 r 0f         f0041018  c.add    x15, x8
#1190 0 800001f0 fb07a783 r 0f         00000048  lw       x15, -0x50(x15)
#1191 0 800001f4 00f75e63 r 00         00000000  bge      x14, x15, . + 0x1c
#1192 0 800001f8 fe842783 r 0f         0000000c  lw       x15, -0x18(x8)
#1193 0 800001fc     17fd r 0f         0000000b  c.addi   x15, -0x1
#1194 0 800001fe fe042703 r 0e         00000009  lw       x14, -0x20(x8)
#1195 0 80000202 00f75763 r 00         00000000  bge      x14, x15, . + 0xe
#1196 0 80000206 fe042783 r 0f         00000009  lw       x15, -0x20(x8)
#1197 0 8000020a     0785 r 0f         0000000a  c.addi   x15, 0x1
#1198 0 8000020c fef42023 m f0040fe0   0000000a  sw       x15, -0x20(x8)
#1199 0 80000210 fe442783 r 0f         00000004  lw       x15, -0x1c(x8)
#1200 0 80000214     078a r 0f         00000010  c.slli   x15, 2
#1201 0 80000216     17c1 r 0f         00000000  c.addi   x15, -0x10
#1202 0 80000218     97a2 r 0f         f0041000  c.add    x15, x8
#1203 0 8000021a fb07a703 r 0e         00000022  lw       x14, -0x50(x15)
#1204 0 8000021e fe042783 r 0f         0000000a  lw       x15, -0x20(x8)
#1205 0 80000222     078a r 0f         00000028  c.slli   x15, 2
#1206 0 80000224     17c1 r 0f         00000018  c.addi   x15, -0x10
#1207 0 80000226     97a2 r 0f         f0041018  c.add    x15, x8
#1208 0 80000228 fb07a783 r 0f         00000048  lw       x15, -0x50(x15)
#1209 0 8000022c 04f75863 r 00         00000000  bge      x14, x15, . + 0x50
#1210 0 80000230 fe042703 r 0e         0000000a  lw       x14, -0x20(x8)
#1211 0 80000234 fe842783 r 0f         0000000c  lw       x15, -0x18(x8)
#1212 0 80000238 04f75263 r 00         00000000  bge      x14, x15, . + 0x44
#1213 0 8000023c fe442783 r 0f         00000004  lw       x15, -0x1c(x8)
#1214 0 80000240     078a r 0f         00000010  c.slli   x15, 2
#1215 0 80000242     17c1 r 0f         00000000  c.addi   x15, -0x10
#1216 0 80000244     97a2 r 0f         f0041000  c.add    x15, x8
#1217 0 80000246 fb07a783 r 0f         00000022  lw       x15, -0x50(x15)
#1218 0 8000024a fcf42c23 m f0040fd8   00000022  sw       x15, -0x28(x8)
#1219 0 8000024e fe042783 r 0f         0000000a  lw       x15, -0x20(x8)
#1220 0 80000252     078a r 0f         00000028  c.slli   x15, 2
#1221 0 80000254     17c1 r 0f         00000018  c.addi   x15, -0x10
#1222 0 80000256     97a2 r 0f         f0041018  c.add    x15, x8
#1223 0 80000258 fb07a703 r 0e         00000048  lw       x14, -0x50(x15)
#1224 0 8000025c fe442783 r 0f         00000004  lw       x15, -0x1c(x8)
#1225 0 80000260     078a r 0f         00000010  c.slli   x15, 2
#1226 0 80000262     17c1 r 0f         00000000  c.addi   x15, -0x10
#1227 0 80000264     97a2 r 0f         f0041000  c.add    x15, x8
#1228 0 80000266 fae7a823 m f0040fb0   00000048  sw       x14, -0x50(x15)
#1229 0 8000026a fe042783 r 0f         0000000a  lw       x15, -0x20(x8)
#1230 0 8000026e     078a r 0f         00000028  c.slli   x15, 2
#1231 0 80000270     17c1 r 0f         00000018  c.addi   x15, -0x10
#1232 0 80000272     97a2 r 0f         f0041018  c.add    x15, x8
#1233 0 80000274 fd842703 r 0e         00000022  lw       x14, -0x28(x8)
#1234 0 80000278 fae7a823 m f0040fc8   00000022  sw       x14, -0x50(x15)
#1235 0 8000027c fe042783 r 0f         0000000a  lw       x15, -0x20(x8)
#1236 0 80000280 fef42223 m f0040fe4   0000000a  sw       x15, -0x1c(x8)
#1237 0 80000284 fe042703 r 0e         0000000a  lw       x14, -0x20(x8)
#1238 0 80000288 fe842783 r 0f         0000000c  lw       x15, -0x18(x8)
#1239 0 8000028c f2f74fe3 r 00         00000000  blt      x14, x15, . - 0xc2
#1240 0 800001ca fe442783 r 0f         0000000a  lw       x15, -0x1c(x8)
#1241 0 800001ce     0786 r 0f         00000014  c.slli   x15, 1
#1242 0 800001d0     0785 r 0f         00000015  c.addi   x15, 0x1
#1243 0 800001d2 fef42023 m f0040fe0   00000015  sw       x15, -0x20(x8)
#1244 0 800001d6 fe042783 r 0f         00000015  lw       x15, -0x20(x8)
#1245 0 800001da     078a r 0f         00000054  c.slli   x15, 2
#1246 0 800001dc     17c1 r 0f         00000044  c.addi   x15, -0x10
#1247 0 800001de     97a2 r 0f         f0041044  c.add    x15, x8
#1248 0 800001e0 fb07a703 r 0e         00000000  lw       x14, -0x50(x15)
#1249 0 800001e4 fe042783 r 0f         00000015  lw       x15, -0x20(x8)
#1250 0 800001e8     0785 r 0f         00000016  c.addi   x15, 0x1
#1251 0 800001ea     078a r 0f         00000058  c.slli   x15, 2
#1252 0 800001ec     17c1 r 0f         00000048  c.addi   x15, -0x10
#1253 0 800001ee     97a2 r 0f         f0041048  c.add    x15, x8
#1254 0 800001f0 fb07a783 r 0f         00000000  lw       x15, -0x50(x15)
#1255 0 800001f4 00f75e63 r 00         00000000  bge      x14, x15, . + 0x1c
#1256 0 80000210 fe442783 r 0f         0000000a  lw       x15, -0x1c(x8)
#1257 0 80000214     078a r 0f         00000028  c.slli   x15, 2
#1258 0 80000216     17c1 r 0f         00000018  c.addi   x15, -0x10
#1259 0 80000218     97a2 r 0f         f0041018  c.add    x15, x8
#1260 0 8000021a fb07a703 r 0e         00000022  lw       x14, -0x50(x15)
#1261 0 8000021e fe042783 r 0f         00000015  lw       x15, -0x20(x8)
#1262 0 80000222     078a r 0f         00000054  c.slli   x15, 2
#1263 0 80000224     17c1 r 0f         00000044  c.addi   x15, -0x10
#1264 0 80000226     97a2 r 0f         f0041044  c.add    x15, x8
#1265 0 80000228 fb07a783 r 0f         00000000  lw       x15, -0x50(x15)
#1266 0 8000022c 04f75863 r 00         00000000  bge      x14, x15, . + 0x50
#1267 0 8000027c fe042783 r 0f         00000015  lw       x15, -0x20(x8)
#1268 0 80000280 fef42223 m f0040fe4   00000015  sw       x15, -0x1c(x8)
#1269 0 80000284 fe042703 r 0e         00000015  lw       x14, -0x20(x8)
#1270 0 80000288 fe842783 r 0f         0000000c  lw       x15, -0x18(x8)
#1271 0 8000028c f2f74fe3 r 00         00000000  blt      x14, x15, . - 0xc2
#1272 0 80000290 fe842783 r 0f         0000000c  lw       x15, -0x18(x8)
#1273 0 80000294     17fd r 0f         0000000b  c.addi   x15, -0x1
#1274 0 80000296 fef42423 m f0040fe8   0000000b  sw       x15, -0x18(x8)
#1275 0 8000029a fe842783 r 0f         0000000b  lw       x15, -0x18(x8)
#1276 0 8000029e ee07dee3 r 00         00000000  bge      x15, x0, . - 0x104
#1277 0 8000019a fa042783 r 0f         00000059  lw       x15, -0x60(x8)
#1278 0 8000019e fcf42c23 m f0040fd8   00000059  sw       x15, -0x28(x8)
#1279 0 800001a2 fe842783 r 0f         0000000b  lw       x15, -0x18(x8)
#1280 0 800001a6     078a r 0f         0000002c  c.slli   x15, 2
#1281 0 800001a8     17c1 r 0f         0000001c  c.addi   x15, -0x10
#1282 0 800001aa     97a2 r 0f         f004101c  c.add    x15, x8
#1283 0 800001ac fb07a783 r 0f         0000000c  lw       x15, -0x50(x15)
#1284 0 800001b0 faf42023 m f0040fa0   0000000c  sw       x15, -0x60(x8)
#1285 0 800001b4 fe842783 r 0f         0000000b  lw       x15, -0x18(x8)
#1286 0 800001b8     078a r 0f         0000002c  c.slli   x15, 2
#1287 0 800001ba     17c1 r 0f         0000001c  c.addi   x15, -0x10
#1288 0 800001bc     97a2 r 0f         f004101c  c.add    x15, x8
#1289 0 800001be fd842703 r 0e         00000059  lw       x14, -0x28(x8)
#1290 0 800001c2 fae7a823 m f0040fcc   00000059  sw       x14, -0x50(x15)
#1291 0 800001c6 fe042223 m f0040fe4   00000000  sw       x0, -0x1c(x8)
#1292 0 800001ca fe442783 r 0f         00000000  lw       x15, -0x1c(x8)
#1293 0 800001ce     0786 r 0f         00000000  c.slli   x15, 1
#1294 0 800001d0     0785 r 0f         00000001  c.addi   x15, 0x1
#1295 0 800001d2 fef42023 m f0040fe0   00000001  sw       x15, -0x20(x8)
#1296 0 800001d6 fe042783 r 0f         00000001  lw       x15, -0x20(x8)
#1297 0 800001da     078a r 0f         00000004  c.slli   x15, 2
#1298 0 800001dc     17c1 r 0f         fffffff4  c.addi   x15, -0x10
#1299 0 800001de     97a2 r 0f         f0040ff4  c.add    x15, x8
#1300 0 800001e0 fb07a703 r 0e         0000004e  lw       x14, -0x50(x15)
#1301 0 800001e4 fe042783 r 0f         00000001  lw       x15, -0x20(x8)
#1302 0 800001e8     0785 r 0f         00000002  c.addi   x15, 0x1
#1303 0 800001ea     078a r 0f         00000008  c.slli   x15, 2
#1304 0 800001ec     17c1 r 0f         fffffff8  c.addi   x15, -0x10
#1305 0 800001ee     97a2 r 0f         f0040ff8  c.add    x15, x8
#1306 0 800001f0 fb07a783 r 0f         00000058  lw       x15, -0x50(x15)
#1307 0 800001f4 00f75e63 r 00         00000000  bge      x14, x15, . + 0x1c
#1308 0 800001f8 fe842783 r 0f         0000000b  lw       x15, -0x18(x8)
#1309 0 800001fc     17fd r 0f         0000000a  c.addi   x15, -0x1
#1310 0 800001fe fe042703 r 0e         00000001  lw       x14, -0x20(x8)
#1311 0 80000202 00f75763 r 00         00000000  bge      x14, x15, . + 0xe
#1312 0 80000206 fe042783 r 0f         00000001  lw       x15, -0x20(x8)
#1313 0 8000020a     0785 r 0f         00000002  c.addi   x15, 0x1
#1314 0 8000020c fef42023 m f0040fe0   00000002  sw       x15, -0x20(x8)
#1315 0 80000210 fe442783 r 0f         00000000  lw       x15, -0x1c(x8)
#1316 0 80000214     078a r 0f         00000000  c.slli   x15, 2
#1317 0 80000216     17c1 r 0f         fffffff0  c.addi   x15, -0x10
#1318 0 80000218     97a2 r 0f         f0040ff0  c.add    x15, x8
#1319 0 8000021a fb07a703 r 0e         0000000c  lw       x14, -0x50(x15)
#1320 0 8000021e fe042783 r 0f         00000002  lw       x15, -0x20(x8)
#1321 0 80000222     078a r 0f         00000008  c.slli   x15, 2
#1322 0 80000224     17c1 r 0f         fffffff8  c.addi   x15, -0x10
#1323 0 80000226     97a2 r 0f         f0040ff8  c.add    x15, x8
#1324 0 80000228 fb07a783 r 0f         00000058  lw       x15, -0x50(x15)
#1325 0 8000022c 04f75863 r 00         00000000  bge      x14, x15, . + 0x50
#1326 0 80000230 fe042703 r 0e         00000002  lw       x14, -0x20(x8)
#1327 0 80000234 fe842783 r 0f         0000000b  lw       x15, -0x18(x8)
#1328 0 80000238 04f75263 r 00         00000000  bge      x14, x15, . + 0x44
#1329 0 8000023c fe442783 r 0f         00000000  lw       x15, -0x1c(x8)
#1330 0 80000240     078a r 0f         00000000  c.slli   x15, 2
#1331 0 80000242     17c1 r 0f         fffffff0  c.addi   x15, -0x10
#1332 0 80000244     97a2 r 0f         f0040ff0  c.add    x15, x8
#1333 0 80000246 fb07a783 r 0f         0000000c  lw       x15, -0x50(x15)
#1334 0 8000024a fcf42c23 m f0040fd8   0000000c  sw       x15, -0x28(x8)
#1335 0 8000024e fe042783 r 0f         00000002  lw       x15, -0x20(x8)
#1336 0 80000252     078a r 0f         00000008  c.slli   x15, 2
#1337 0 80000254     17c1 r 0f         fffffff8  c.addi   x15, -0x10
#1338 0 80000256     97a2 r 0f         f0040ff8  c.add    x15, x8
#1339 0 80000258 fb07a703 r 0e         00000058  lw       x14, -0x50(x15)
#1340 0 8000025c fe442783 r 0f         00000000  lw       x15, -0x1c(x8)
#1341 0 80000260     078a r 0f         00000000  c.slli   x15, 2
#1342 0 80000262     17c1 r 0f         fffffff0  c.addi   x15, -0x10
#1343 0 80000264     97a2 r 0f         f0040ff0  c.add    x15, x8
#1344 0 80000266 fae7a823 m f0040fa0   00000058  sw       x14, -0x50(x15)
#1345 0 8000026a fe042783 r 0f         00000002  lw       x15, -0x20(x8)
#1346 0 8000026e     078a r 0f         00000008  c.slli   x15, 2
#1347 0 80000270     17c1 r 0f         fffffff8  c.addi   x15, -0x10
#1348 0 80000272     97a2 r 0f         f0040ff8  c.add    x15, x8
#1349 0 80000274 fd842703 r 0e         0000000c  lw       x14, -0x28(x8)
#1350 0 80000278 fae7a823 m f0040fa8   0000000c  sw       x14, -0x50(x15)
#1351 0 8000027c fe042783 r 0f         00000002  lw       x15, -0x20(x8)
#1352 0 80000280 fef42223 m f0040fe4   00000002  sw       x15, -0x1c(x8)
#1353 0 80000284 fe042703 r 0e         00000002  lw       x14, -0x20(x8)
#1354 0 80000288 fe842783 r 0f         0000000b  lw       x15, -0x18(x8)
#1355 0 8000028c f2f74fe3 r 00         00000000  blt      x14, x15, . - 0xc2
#1356 0 800001ca fe442783 r 0f         00000002  lw       x15, -0x1c(x8)
#1357 0 800001ce     0786 r 0f         00000004  c.slli   x15, 1
#1358 0 800001d0     0785 r 0f         00000005  c.addi   x15, 0x1
#1359 0 800001d2 fef42023 m f0040fe0   00000005  sw       x15, -0x20(x8)
#1360 0 800001d6 fe042783 r 0f         00000005  lw       x15, -0x20(x8)
#1361 0 800001da     078a r 0f         00000014  c.slli   x15, 2
#1362 0 800001dc     17c1 r 0f         00000004  c.addi   x15, -0x10
#1363 0 800001de     97a2 r 0f         f0041004  c.add    x15, x8
#1364 0 800001e0 fb07a703 r 0e         00000042  lw       x14, -0x50(x15)
#1365 0 800001e4 fe042783 r 0f         00000005  lw       x15, -0x20(x8)
#1366 0 800001e8     0785 r 0f         00000006  c.addi   x15, 0x1
#1367 0 800001ea     078a r 0f         00000018  c.slli   x15, 2
#1368 0 800001ec     17c1 r 0f         00000008  c.addi   x15, -0x10
#1369 0 800001ee     97a2 r 0f         f0041008  c.add    x15, x8
#1370 0 800001f0 fb07a783 r 0f         00000017  lw       x15, -0x50(x15)
#1371 0 800001f4 00f75e63 r 00         00000000  bge      x14, x15, . + 0x1c
#1372 0 80000210 fe442783 r 0f         00000002  lw       x15, -0x1c(x8)
#1373 0 80000214     078a r 0f         00000008  c.slli   x15, 2
#1374 0 80000216     17c1 r 0f         fffffff8  c.addi   x15, -0x10
#1375 0 80000218     97a2 r 0f         f0040ff8  c.add    x15, x8
#1376 0 8000021a fb07a703 r 0e         0000000c  lw       x14, -0x50(x15)
#1377 0 8000021e fe042783 r 0f         00000005  lw       x15, -0x20(x8)
#1378 0 80000222     078a r 0f         00000014  c.slli   x15, 2
#1379 0 80000224     17c1 r 0f         00000004  c.addi   x15, -0x10
#1380 0 80000226     97a2 r 0f         f0041004  c.add    x15, x8
#1381 0 80000228 fb07a783 r 0f         00000042  lw       x15, -0x50(x15)
#1382 0 8000022c 04f75863 r 00         00000000  bge      x14, x15, . + 0x50
#1383 0 80000230 fe042703 r 0e         00000005  lw       x14, -0x20(x8)
#1384 0 80000234 fe842783 r 0f         0000000b  lw       x15, -0x18(x8)
#1385 0 80000238 04f75263 r 00         00000000  bge      x14, x15, . + 0x44
#1386 0 8000023c fe442783 r 0f         00000002  lw       x15, -0x1c(x8)
#1387 0 80000240     078a r 0f         00000008  c.slli   x15, 2
#1388 0 80000242     17c1 r 0f         fffffff8  c.addi   x15, -0x10
#1389 0 80000244     97a2 r 0f         f0040ff8  c.add    x15, x8
#1390 0 80000246 fb07a783 r 0f         0000000c  lw       x15, -0x50(x15)
#1391 0 8000024a fcf42c23 m f0040fd8   0000000c  sw       x15, -0x28(x8)
#1392 0 8000024e fe042783 r 0f         00000005  lw       x15, -0x20(x8)
#1393 0 80000252     078a r 0f         00000014  c.slli   x15, 2
#1394 0 80000254     17c1 r 0f         00000004  c.addi   x15, -0x10
#1395 0 80000256     97a2 r 0f         f0041004  c.add    x15, x8
#1396 0 80000258 fb07a703 r 0e         00000042  lw       x14, -0x50(x15)
#1397 0 8000025c fe442783 r 0f         00000002  lw       x15, -0x1c(x8)
#1398 0 80000260     078a r 0f         00000008  c.slli   x15, 2
#1399 0 80000262     17c1 r 0f         fffffff8  c.addi   x15, -0x10
#1400 0 80000264     97a2 r 0f         f0040ff8  c.add    x15, x8
#1401 0 80000266 fae7a823 m f0040fa8   00000042  sw       x14, -0x50(x15)
#1402 0 8000026a fe042783 r 0f         00000005  lw       x15, -0x20(x8)
#1403 0 8000026e     078a r 0f         00000014  c.slli   x15, 2
#1404 0 80000270     17c1 r 0f         00000004  c.addi   x15, -0x10
#1405 0 80000272     97a2 r 0f         f0041004  c.add    x15, x8
#1406 0 80000274 fd842703 r 0e         0000000c  lw       x14, -0x28(x8)
#1407 0 80000278 fae7a823 m f0040fb4   0000000c  sw       x14, -0x50(x15)
#1408 0 8000027c fe042783 r 0f         00000005  lw       x15, -0x20(x8)
#1409 0 80000280 fef42223 m f0040fe4   00000005  sw       x15, -0x1c(x8)
#1410 0 80000284 fe042703 r 0e         00000005  lw       x14, -0x20(x8)
#1411 0 80000288 fe842783 r 0f         0000000b  lw       x15, -0x18(x8)
#1412 0 8000028c f2f74fe3 r 00         00000000  blt      x14, x15, . - 0xc2
#1413 0 800001ca fe442783 r 0f         00000005  lw       x15, -0x1c(x8)
#1414 0 800001ce     0786 r 0f         0000000a  c.slli   x15, 1
#1415 0 800001d0     0785 r 0f         0000000b  c.addi   x15, 0x1
#1416 0 800001d2 fef42023 m f0040fe0   0000000b  sw       x15, -0x20(x8)
#1417 0 800001d6 fe042783 r 0f         0000000b  lw       x15, -0x20(x8)
#1418 0 800001da     078a r 0f         0000002c  c.slli   x15, 2
#1419 0 800001dc     17c1 r 0f         0000001c  c.addi   x15, -0x10
#1420 0 800001de     97a2 r 0f         f004101c  c.add    x15, x8
#1421 0 800001e0 fb07a703 r 0e         00000059  lw       x14, -0x50(x15)
#1422 0 800001e4 fe042783 r 0f         0000000b  lw       x15, -0x20(x8)
#1423 0 800001e8     0785 r 0f         0000000c  c.addi   x15, 0x1
#1424 0 800001ea     078a r 0f         00000030  c.slli   x15, 2
#1425 0 800001ec     17c1 r 0f         00000020  c.addi   x15, -0x10
#1426 0 800001ee     97a2 r 0f         f0041020  c.add    x15, x8
#1427 0 800001f0 fb07a783 r 0f         0000005a  lw       x15, -0x50(x15)
#1428 0 800001f4 00f75e63 r 00         00000000  bge      x14, x15, . + 0x1c
#1429 0 800001f8 fe842783 r 0f         0000000b  lw       x15, -0x18(x8)
#1430 0 800001fc     17fd r 0f         0000000a  c.addi   x15, -0x1
#1431 0 800001fe fe042703 r 0e         0000000b  lw       x14, -0x20(x8)
#1432 0 80000202 00f75763 r 00         00000000  bge      x14, x15, . + 0xe
#1433 0 80000210 fe442783 r 0f         00000005  lw       x15, -0x1c(x8)
#1434 0 80000214     078a r 0f         00000014  c.slli   x15, 2
#1435 0 80000216     17c1 r 0f         00000004  c.addi   x15, -0x10
#1436 0 80000218     97a2 r 0f         f0041004  c.add    x15, x8
#1437 0 8000021a fb07a703 r 0e         0000000c  lw       x14, -0x50(x15)
#1438 0 8000021e fe042783 r 0f         0000000b  lw       x15, -0x20(x8)
#1439 0 80000222     078a r 0f         0000002c  c.slli   x15, 2
#1440 0 80000224     17c1 r 0f         0000001c  c.addi   x15, -0x10
#1441 0 80000226     97a2 r 0f         f004101c  c.add    x15, x8
#1442 0 80000228 fb07a783 r 0f         00000059  lw       x15, -0x50(x15)
#1443 0 8000022c 04f75863 r 00         00000000  bge      x14, x15, . + 0x50
#1444 0 80000230 fe042703 r 0e         0000000b  lw       x14, -0x20(x8)
#1445 0 80000234 fe842783 r 0f         0000000b  lw       x15, -0x18(x8)
#1446 0 80000238 04f75263 r 00         00000000  bge      x14, x15, . + 0x44
#1447 0 8000027c fe042783 r 0f         0000000b  lw       x15, -0x20(x8)
#1448 0 80000280 fef42223 m f0040fe4   0000000b  sw       x15, -0x1c(x8)
#1449 0 80000284 fe042703 r 0e         0000000b  lw       x14, -0x20(x8)
#1450 0 80000288 fe842783 r 0f         0000000b  lw       x15, -0x18(x8)
#1451 0 8000028c f2f74fe3 r 00         00000000  blt      x14, x15, . - 0xc2
#1452 0 80000290 fe842783 r 0f         0000000b  lw       x15, -0x18(x8)
#1453 0 80000294     17fd r 0f         0000000a  c.addi   x15, -0x1
#1454 0 80000296 fef42423 m f0040fe8   0000000a  sw       x15, -0x18(x8)
#1455 0 8000029a fe842783 r 0f         0000000a  lw       x15, -0x18(x8)
#1456 0 8000029e ee07dee3 r 00         00000000  bge      x15, x0, . - 0x104
#1457 0 8000019a fa042783 r 0f         00000058  lw       x15, -0x60(x8)
#1458 0 8000019e fcf42c23 m f0040fd8   00000058  sw       x15, -0x28(x8)
#1459 0 800001a2 fe842783 r 0f         0000000a  lw       x15, -0x18(x8)
#1460 0 800001a6     078a r 0f         00000028  c.slli   x15, 2
#1461 0 800001a8     17c1 r 0f         00000018  c.addi   x15, -0x10
#1462 0 800001aa     97a2 r 0f         f0041018  c.add    x15, x8
#1463 0 800001ac fb07a783 r 0f         00000022  lw       x15, -0x50(x15)
#1464 0 800001b0 faf42023 m f0040fa0   00000022  sw       x15, -0x60(x8)
#1465 0 800001b4 fe842783 r 0f         0000000a  lw       x15, -0x18(x8)
#1466 0 800001b8     078a r 0f         00000028  c.slli   x15, 2
#1467 0 800001ba     17c1 r 0f         00000018  c.addi   x15, -0x10
#1468 0 800001bc     97a2 r 0f         f0041018  c.add    x15, x8
#1469 0 800001be fd842703 r 0e         00000058  lw       x14, -0x28(x8)
#1470 0 800001c2 fae7a823 m f0040fc8   00000058  sw       x14, -0x50(x15)
#1471 0 800001c6 fe042223 m f0040fe4   00000000  sw       x0, -0x1c(x8)
#1472 0 800001ca fe442783 r 0f         00000000  lw       x15, -0x1c(x8)
#1473 0 800001ce     0786 r 0f         00000000  c.slli   x15, 1
#1474 0 800001d0     0785 r 0f         00000001  c.addi   x15, 0x1
#1475 0 800001d2 fef42023 m f0040fe0   00000001  sw       x15, -0x20(x8)
#1476 0 800001d6 fe042783 r 0f         00000001  lw       x15, -0x20(x8)
#1477 0 800001da     078a r 0f         00000004  c.slli   x15, 2
#1478 0 800001dc     17c1 r 0f         fffffff4  c.addi   x15, -0x10
#1479 0 800001de     97a2 r 0f         f0040ff4  c.add    x15, x8
#1480 0 800001e0 fb07a703 r 0e         0000004e  lw       x14, -0x50(x15)
#1481 0 800001e4 fe042783 r 0f         00000001  lw       x15, -0x20(x8)
#1482 0 800001e8     0785 r 0f         00000002  c.addi   x15, 0x1
#1483 0 800001ea     078a r 0f         00000008  c.slli   x15, 2
#1484 0 800001ec     17c1 r 0f         fffffff8  c.addi   x15, -0x10
#1485 0 800001ee     97a2 r 0f         f0040ff8  c.add    x15, x8
#1486 0 800001f0 fb07a783 r 0f         00000042  lw       x15, -0x50(x15)
#1487 0 800001f4 00f75e63 r 00         00000000  bge      x14, x15, . + 0x1c
#1488 0 80000210 fe442783 r 0f         00000000  lw       x15, -0x1c(x8)
#1489 0 80000214     078a r 0f         00000000  c.slli   x15, 2
#1490 0 80000216     17c1 r 0f         fffffff0  c.addi   x15, -0x10
#1491 0 80000218     97a2 r 0f         f0040ff0  c.add    x15, x8
#1492 0 8000021a fb07a703 r 0e         00000022  lw       x14, -0x50(x15)
#1493 0 8000021e fe042783 r 0f         00000001  lw       x15, -0x20(x8)
#1494 0 80000222     078a r 0f         00000004  c.slli   x15, 2
#1495 0 80000224     17c1 r 0f         fffffff4  c.addi   x15, -0x10
#1496 0 80000226     97a2 r 0f         f0040ff4  c.add    x15, x8
#1497 0 80000228 fb07a783 r 0f         0000004e  lw       x15, -0x50(x15)
#1498 0 8000022c 04f75863 r 00         00000000  bge      x14, x15, . + 0x50
#1499 0 80000230 fe042703 r 0e         00000001  lw       x14, -0x20(x8)
#1500 0 80000234 fe842783 r 0f         0000000a  lw       x15, -0x18(x8)
#1501 0 80000238 04f75263 r 00         00000000  bge      x14, x15, . + 0x44
#1502 0 8000023c fe442783 r 0f         00000000  lw       x15, -0x1c(x8)
#1503 0 80000240     078a r 0f         00000000  c.slli   x15, 2
#1504 0 80000242     17c1 r 0f         fffffff0  c.addi   x15, -0x10
#1505 0 80000244     97a2 r 0f         f0040ff0  c.add    x15, x8
#1506 0 80000246 fb07a783 r 0f         00000022  lw       x15, -0x50(x15)
#1507 0 8000024a fcf42c23 m f0040fd8   00000022  sw       x15, -0x28(x8)
#1508 0 8000024e fe042783 r 0f         00000001  lw       x15, -0x20(x8)
#1509 0 80000252     078a r 0f         00000004  c.slli   x15, 2
#1510 0 80000254     17c1 r 0f         fffffff4  c.addi   x15, -0x10
#1511 0 80000256     97a2 r 0f         f0040ff4  c.add    x15, x8
#1512 0 80000258 fb07a703 r 0e         0000004e  lw       x14, -0x50(x15)
#1513 0 8000025c fe442783 r 0f         00000000  lw       x15, -0x1c(x8)
#1514 0 80000260     078a r 0f         00000000  c.slli   x15, 2
#1515 0 80000262     17c1 r 0f         fffffff0  c.addi   x15, -0x10
#1516 0 80000264     97a2 r 0f         f0040ff0  c.add    x15, x8
#1517 0 80000266 fae7a823 m f0040fa0   0000004e  sw       x14, -0x50(x15)
#1518 0 8000026a fe042783 r 0f         00000001  lw       x15, -0x20(x8)
#1519 0 8000026e     078a r 0f         00000004  c.slli   x15, 2
#1520 0 80000270     17c1 r 0f         fffffff4  c.addi   x15, -0x10
#1521 0 80000272     97a2 r 0f         f0040ff4  c.add    x15, x8
#1522 0 80000274 fd842703 r 0e         00000022  lw       x14, -0x28(x8)
#1523 0 80000278 fae7a823 m f0040fa4   00000022  sw       x14, -0x50(x15)
#1524 0 8000027c fe042783 r 0f         00000001  lw       x15, -0x20(x8)
#1525 0 80000280 fef42223 m f0040fe4   00000001  sw       x15, -0x1c(x8)
#1526 0 80000284 fe042703 r 0e         00000001  lw       x14, -0x20(x8)
#1527 0 80000288 fe842783 r 0f         0000000a  lw       x15, -0x18(x8)
#1528 0 8000028c f2f74fe3 r 00         00000000  blt      x14, x15, . - 0xc2
#1529 0 800001ca fe442783 r 0f         00000001  lw       x15, -0x1c(x8)
#1530 0 800001ce     0786 r 0f         00000002  c.slli   x15, 1
#1531 0 800001d0     0785 r 0f         00000003  c.addi   x15, 0x1
#1532 0 800001d2 fef42023 m f0040fe0   00000003  sw       x15, -0x20(x8)
#1533 0 800001d6 fe042783 r 0f         00000003  lw       x15, -0x20(x8)
#1534 0 800001da     078a r 0f         0000000c  c.slli   x15, 2
#1535 0 800001dc     17c1 r 0f         fffffffc  c.addi   x15, -0x10
#1536 0 800001de     97a2 r 0f         f0040ffc  c.add    x15, x8
#1537 0 800001e0 fb07a703 r 0e         00000043  lw       x14, -0x50(x15)
#1538 0 800001e4 fe042783 r 0f         00000003  lw       x15, -0x20(x8)
#1539 0 800001e8     0785 r 0f         00000004  c.addi   x15, 0x1
#1540 0 800001ea     078a r 0f         00000010  c.slli   x15, 2
#1541 0 800001ec     17c1 r 0f         00000000  c.addi   x15, -0x10
#1542 0 800001ee     97a2 r 0f         f0041000  c.add    x15, x8
#1543 0 800001f0 fb07a783 r 0f         00000048  lw       x15, -0x50(x15)
#1544 0 800001f4 00f75e63 r 00         00000000  bge      x14, x15, . + 0x1c
#1545 0 800001f8 fe842783 r 0f         0000000a  lw       x15, -0x18(x8)
#1546 0 800001fc     17fd r 0f         00000009  c.addi   x15, -0x1
#1547 0 800001fe fe042703 r 0e         00000003  lw       x14, -0x20(x8)
#1548 0 80000202 00f75763 r 00         00000000  bge      x14, x15, . + 0xe
#1549 0 80000206 fe042783 r 0f         00000003  lw       x15, -0x20(x8)
#1550 0 8000020a     0785 r 0f         00000004  c.addi   x15, 0x1
#1551 0 8000020c fef42023 m f0040fe0   00000004  sw       x15, -0x20(x8)
#1552 0 80000210 fe442783 r 0f         00000001  lw       x15, -0x1c(x8)
#1553 0 80000214     078a r 0f         00000004  c.slli   x15, 2
#1554 0 80000216     17c1 r 0f         fffffff4  c.addi   x15, -0x10
#1555 0 80000218     97a2 r 0f         f0040ff4  c.add    x15, x8
#1556 0 8000021a fb07a703 r 0e         00000022  lw       x14, -0x50(x15)
#1557 0 8000021e fe042783 r 0f         00000004  lw       x15, -0x20(x8)
#1558 0 80000222     078a r 0f         00000010  c.slli   x15, 2
#1559 0 80000224     17c1 r 0f         00000000  c.addi   x15, -0x10
#1560 0 80000226     97a2 r 0f         f0041000  c.add    x15, x8
#1561 0 80000228 fb07a783 r 0f         00000048  lw       x15, -0x50(x15)
#1562 0 8000022c 04f75863 r 00         00000000  bge      x14, x15, . + 0x50
#1563 0 80000230 fe042703 r 0e         00000004  lw       x14, -0x20(x8)
#1564 0 80000234 fe842783 r 0f         0000000a  lw       x15, -0x18(x8)
#1565 0 80000238 04f75263 r 00         00000000  bge      x14, x15, . + 0x44
#1566 0 8000023c fe442783 r 0f         00000001  lw       x15, -0x1c(x8)
#1567 0 80000240     078a r 0f         00000004  c.slli   x15, 2
#1568 0 80000242     17c1 r 0f         fffffff4  c.addi   x15, -0x10
#1569 0 80000244     97a2 r 0f         f0040ff4  c.add    x15, x8
#1570 0 80000246 fb07a783 r 0f         00000022  lw       x15, -0x50(x15)
#1571 0 8000024a fcf42c23 m f0040fd8   00000022  sw       x15, -0x28(x8)
#1572 0 8000024e fe042783 r 0f         00000004  lw       x15, -0x20(x8)
#1573 0 80000252     078a r 0f         00000010  c.slli   x15, 2
#1574 0 80000254     17c1 r 0f         00000000  c.addi   x15, -0x10
#1575 0 80000256     97a2 r 0f         f0041000  c.add    x15, x8
#1576 0 80000258 fb07a703 r 0e         00000048  lw       x14, -0x50(x15)
#1577 0 8000025c fe442783 r 0f         00000001  lw       x15, -0x1c(x8)
#1578 0 80000260     078a r 0f         00000004  c.slli   x15, 2
#1579 0 80000262     17c1 r 0f         fffffff4  c.addi   x15, -0x10
#1580 0 80000264     97a2 r 0f         f0040ff4  c.add    x15, x8
#1581 0 80000266 fae7a823 m f0040fa4   00000048  sw       x14, -0x50(x15)
#1582 0 8000026a fe042783 r 0f         00000004  lw       x15, -0x20(x8)
#1583 0 8000026e     078a r 0f         00000010  c.slli   x15, 2
#1584 0 80000270     17c1 r 0f         00000000  c.addi   x15, -0x10
#1585 0 80000272     97a2 r 0f         f0041000  c.add    x15, x8
#1586 0 80000274 fd842703 r 0e         00000022  lw       x14, -0x28(x8)
#1587 0 80000278 fae7a823 m f0040fb0   00000022  sw       x14, -0x50(x15)
#1588 0 8000027c fe042783 r 0f         00000004  lw       x15, -0x20(x8)
#1589 0 80000280 fef42223 m f0040fe4   00000004  sw       x15, -0x1c(x8)
#1590 0 80000284 fe042703 r 0e         00000004  lw       x14, -0x20(x8)
#1591 0 80000288 fe842783 r 0f         0000000a  lw       x15, -0x18(x8)
#1592 0 8000028c f2f74fe3 r 00         00000000  blt      x14, x15, . - 0xc2
#1593 0 800001ca fe442783 r 0f         00000004  lw       x15, -0x1c(x8)
#1594 0 800001ce     0786 r 0f         00000008  c.slli   x15, 1
#1595 0 800001d0     0785 r 0f         00000009  c.addi   x15, 0x1
#1596 0 800001d2 fef42023 m f0040fe0   00000009  sw       x15, -0x20(x8)
#1597 0 800001d6 fe042783 r 0f         00000009  lw       x15, -0x20(x8)
#1598 0 800001da     078a r 0f         00000024  c.slli   x15, 2
#1599 0 800001dc     17c1 r 0f         00000014  c.addi   x15, -0x10
#1600 0 800001de     97a2 r 0f         f0041014  c.add    x15, x8
#1601 0 800001e0 fb07a703 r 0e         0000002c  lw       x14, -0x50(x15)
#1602 0 800001e4 fe042783 r 0f         00000009  lw       x15, -0x20(x8)
#1603 0 800001e8     0785 r 0f         0000000a  c.addi   x15, 0x1
#1604 0 800001ea     078a r 0f         00000028  c.slli   x15, 2
#1605 0 800001ec     17c1 r 0f         00000018  c.addi   x15, -0x10
#1606 0 800001ee     97a2 r 0f         f0041018  c.add    x15, x8
#1607 0 800001f0 fb07a783 r 0f         00000058  lw       x15, -0x50(x15)
#1608 0 800001f4 00f75e63 r 00         00000000  bge      x14, x15, . + 0x1c
#1609 0 800001f8 fe842783 r 0f         0000000a  lw       x15, -0x18(x8)
#1610 0 800001fc     17fd r 0f         00000009  c.addi   x15, -0x1
#1611 0 800001fe fe042703 r 0e         00000009  lw       x14, -0x20(x8)
#1612 0 80000202 00f75763 r 00         00000000  bge      x14, x15, . + 0xe
#1613 0 80000210 fe442783 r 0f         00000004  lw       x15, -0x1c(x8)
#1614 0 80000214     078a r 0f         00000010  c.slli   x15, 2
#1615 0 80000216     17c1 r 0f         00000000  c.addi   x15, -0x10
#1616 0 80000218     97a2 r 0f         f0041000  c.add    x15, x8
#1617 0 8000021a fb07a703 r 0e         00000022  lw       x14, -0x50(x15)
#1618 0 8000021e fe042783 r 0f         00000009  lw       x15, -0x20(x8)
#1619 0 80000222     078a r 0f         00000024  c.slli   x15, 2
#1620 0 80000224     17c1 r 0f         00000014  c.addi   x15, -0x10
#1621 0 80000226     97a2 r 0f         f0041014  c.add    x15, x8
#1622 0 80000228 fb07a783 r 0f         0000002c  lw       x15, -0x50(x15)
#1623 0 8000022c 04f75863 r 00         00000000  bge      x14, x15, . + 0x50
#1624 0 80000230 fe042703 r 0e         00000009  lw       x14, -0x20(x8)
#1625 0 80000234 fe842783 r 0f         0000000a  lw       x15, -0x18(x8)
#1626 0 80000238 04f75263 r 00         00000000  bge      x14, x15, . + 0x44
#1627 0 8000023c fe442783 r 0f         00000004  lw       x15, -0x1c(x8)
#1628 0 80000240     078a r 0f         00000010  c.slli   x15, 2
#1629 0 80000242     17c1 r 0f         00000000  c.addi   x15, -0x10
#1630 0 80000244     97a2 r 0f         f0041000  c.add    x15, x8
#1631 0 80000246 fb07a783 r 0f         00000022  lw       x15, -0x50(x15)
#1632 0 8000024a fcf42c23 m f0040fd8   00000022  sw       x15, -0x28(x8)
#1633 0 8000024e fe042783 r 0f         00000009  lw       x15, -0x20(x8)
#1634 0 80000252     078a r 0f         00000024  c.slli   x15, 2
#1635 0 80000254     17c1 r 0f         00000014  c.addi   x15, -0x10
#1636 0 80000256     97a2 r 0f         f0041014  c.add    x15, x8
#1637 0 80000258 fb07a703 r 0e         0000002c  lw       x14, -0x50(x15)
#1638 0 8000025c fe442783 r 0f         00000004  lw       x15, -0x1c(x8)
#1639 0 80000260     078a r 0f         00000010  c.slli   x15, 2
#1640 0 80000262     17c1 r 0f         00000000  c.addi   x15, -0x10
#1641 0 80000264     97a2 r 0f         f0041000  c.add    x15, x8
#1642 0 80000266 fae7a823 m f0040fb0   0000002c  sw       x14, -0x50(x15)
#1643 0 8000026a fe042783 r 0f         00000009  lw       x15, -0x20(x8)
#1644 0 8000026e     078a r 0f         00000024  c.slli   x15, 2
#1645 0 80000270     17c1 r 0f         00000014  c.addi   x15, -0x10
#1646 0 80000272     97a2 r 0f         f0041014  c.add    x15, x8
#1647 0 80000274 fd842703 r 0e         00000022  lw       x14, -0x28(x8)
#1648 0 80000278 fae7a823 m f0040fc4   00000022  sw       x14, -0x50(x15)
#1649 0 8000027c fe042783 r 0f         00000009  lw       x15, -0x20(x8)
#1650 0 80000280 fef42223 m f0040fe4   00000009  sw       x15, -0x1c(x8)
#1651 0 80000284 fe042703 r 0e         00000009  lw       x14, -0x20(x8)
#1652 0 80000288 fe842783 r 0f         0000000a  lw       x15, -0x18(x8)
#1653 0 8000028c f2f74fe3 r 00         00000000  blt      x14, x15, . - 0xc2
#1654 0 800001ca fe442783 r 0f         00000009  lw       x15, -0x1c(x8)
#1655 0 800001ce     0786 r 0f         00000012  c.slli   x15, 1
#1656 0 800001d0     0785 r 0f         00000013  c.addi   x15, 0x1
#1657 0 800001d2 fef42023 m f0040fe0   00000013  sw       x15, -0x20(x8)
#1658 0 800001d6 fe042783 r 0f         00000013  lw       x15, -0x20(x8)
#1659 0 800001da     078a r 0f         0000004c  c.slli   x15, 2
#1660 0 800001dc     17c1 r 0f         0000003c  c.addi   x15, -0x10
#1661 0 800001de     97a2 r 0f         f004103c  c.add    x15, x8
#1662 0 800001e0 fb07a703 r 0e         0000000d  lw       x14, -0x50(x15)
#1663 0 800001e4 fe042783 r 0f         00000013  lw       x15, -0x20(x8)
#1664 0 800001e8     0785 r 0f         00000014  c.addi   x15, 0x1
#1665 0 800001ea     078a r 0f         00000050  c.slli   x15, 2
#1666 0 800001ec     17c1 r 0f         00000040  c.addi   x15, -0x10
#1667 0 800001ee     97a2 r 0f         f0041040  c.add    x15, x8
#1668 0 800001f0 fb07a783 r 0f         00000000  lw       x15, -0x50(x15)
#1669 0 800001f4 00f75e63 r 00         00000000  bge      x14, x15, . + 0x1c
#1670 0 80000210 fe442783 r 0f         00000009  lw       x15, -0x1c(x8)
#1671 0 80000214     078a r 0f         00000024  c.slli   x15, 2
#1672 0 80000216     17c1 r 0f         00000014  c.addi   x15, -0x10
#1673 0 80000218     97a2 r 0f         f0041014  c.add    x15, x8
#1674 0 8000021a fb07a703 r 0e         00000022  lw       x14, -0x50(x15)
#1675 0 8000021e fe042783 r 0f         00000013  lw       x15, -0x20(x8)
#1676 0 80000222     078a r 0f         0000004c  c.slli   x15, 2
#1677 0 80000224     17c1 r 0f         0000003c  c.addi   x15, -0x10
#1678 0 80000226     97a2 r 0f         f004103c  c.add    x15, x8
#1679 0 80000228 fb07a783 r 0f         0000000d  lw       x15, -0x50(x15)
#1680 0 8000022c 04f75863 r 00         00000000  bge      x14, x15, . + 0x50
#1681 0 8000027c fe042783 r 0f         00000013  lw       x15, -0x20(x8)
#1682 0 80000280 fef42223 m f0040fe4   00000013  sw       x15, -0x1c(x8)
#1683 0 80000284 fe042703 r 0e         00000013  lw       x14, -0x20(x8)
#1684 0 80000288 fe842783 r 0f         0000000a  lw       x15, -0x18(x8)
#1685 0 8000028c f2f74fe3 r 00         00000000  blt      x14, x15, . - 0xc2
#1686 0 80000290 fe842783 r 0f         0000000a  lw       x15, -0x18(x8)
#1687 0 80000294     17fd r 0f         00000009  c.addi   x15, -0x1
#1688 0 80000296 fef42423 m f0040fe8   00000009  sw       x15, -0x18(x8)
#1689 0 8000029a fe842783 r 0f         00000009  lw       x15, -0x18(x8)
#1690 0 8000029e ee07dee3 r 00         00000000  bge      x15, x0, . - 0x104
#1691 0 8000019a fa042783 r 0f         0000004e  lw       x15, -0x60(x8)
#1692 0 8000019e fcf42c23 m f0040fd8   0000004e  sw       x15, -0x28(x8)
#1693 0 800001a2 fe842783 r 0f         00000009  lw       x15, -0x18(x8)
#1694 0 800001a6     078a r 0f         00000024  c.slli   x15, 2
#1695 0 800001a8     17c1 r 0f         00000014  c.addi   x15, -0x10
#1696 0 800001aa     97a2 r 0f         f0041014  c.add    x15, x8
#1697 0 800001ac fb07a783 r 0f         00000022  lw       x15, -0x50(x15)
#1698 0 800001b0 faf42023 m f0040fa0   00000022  sw       x15, -0x60(x8)
#1699 0 800001b4 fe842783 r 0f         00000009  lw       x15, -0x18(x8)
#1700 0 800001b8     078a r 0f         00000024  c.slli   x15, 2
#1701 0 800001ba     17c1 r 0f         00000014  c.addi   x15, -0x10
#1702 0 800001bc     97a2 r 0f         f0041014  c.add    x15, x8
#1703 0 800001be fd842703 r 0e         0000004e  lw       x14, -0x28(x8)
#1704 0 800001c2 fae7a823 m f0040fc4   0000004e  sw       x14, -0x50(x15)
#1705 0 800001c6 fe042223 m f0040fe4   00000000  sw       x0, -0x1c(x8)
#1706 0 800001ca fe442783 r 0f         00000000  lw       x15, -0x1c(x8)
#1707 0 800001ce     0786 r 0f         00000000  c.slli   x15, 1
#1708 0 800001d0     0785 r 0f         00000001  c.addi   x15, 0x1
#1709 0 800001d2 fef42023 m f0040fe0   00000001  sw       x15, -0x20(x8)
#1710 0 800001d6 fe042783 r 0f         00000001  lw       x15, -0x20(x8)
#1711 0 800001da     078a r 0f         00000004  c.slli   x15, 2
#1712 0 800001dc     17c1 r 0f         fffffff4  c.addi   x15, -0x10
#1713 0 800001de     97a2 r 0f         f0040ff4  c.add    x15, x8
#1714 0 800001e0 fb07a703 r 0e         00000048  lw       x14, -0x50(x15)
#1715 0 800001e4 fe042783 r 0f         00000001  lw       x15, -0x20(x8)
#1716 0 800001e8     0785 r 0f         00000002  c.addi   x15, 0x1
#1717 0 800001ea     078a r 0f         00000008  c.slli   x15, 2
#1718 0 800001ec     17c1 r 0f         fffffff8  c.addi   x15, -0x10
#1719 0 800001ee     97a2 r 0f         f0040ff8  c.add    x15, x8
#1720 0 800001f0 fb07a783 r 0f         00000042  lw       x15, -0x50(x15)
#1721 0 800001f4 00f75e63 r 00         00000000  bge      x14, x15, . + 0x1c
#1722 0 80000210 fe442783 r 0f         00000000  lw       x15, -0x1c(x8)
#1723 0 80000214     078a r 0f         00000000  c.slli   x15, 2
#1724 0 80000216     17c1 r 0f         fffffff0  c.addi   x15, -0x10
#1725 0 80000218     97a2 r 0f         f0040ff0  c.add    x15, x8
#1726 0 8000021a fb07a703 r 0e         00000022  lw       x14, -0x50(x15)
#1727 0 8000021e fe042783 r 0f         00000001  lw       x15, -0x20(x8)
#1728 0 80000222     078a r 0f         00000004  c.slli   x15, 2
#1729 0 80000224     17c1 r 0f         fffffff4  c.addi   x15, -0x10
#1730 0 80000226     97a2 r 0f         f0040ff4  c.add    x15, x8
#1731 0 80000228 fb07a783 r 0f         00000048  lw       x15, -0x50(x15)
#1732 0 8000022c 04f75863 r 00         00000000  bge      x14, x15, . + 0x50
#1733 0 80000230 fe042703 r 0e         00000001  lw       x14, -0x20(x8)
#1734 0 80000234 fe842783 r 0f         00000009  lw       x15, -0x18(x8)
#1735 0 80000238 04f75263 r 00         00000000  bge      x14, x15, . + 0x44
#1736 0 8000023c fe442783 r 0f         00000000  lw       x15, -0x1c(x8)
#1737 0 80000240     078a r 0f         00000000  c.slli   x15, 2
#1738 0 80000242     17c1 r 0f         fffffff0  c.addi   x15, -0x10
#1739 0 80000244     97a2 r 0f         f0040ff0  c.add    x15, x8
#1740 0 80000246 fb07a783 r 0f         00000022  lw       x15, -0x50(x15)
#1741 0 8000024a fcf42c23 m f0040fd8   00000022  sw       x15, -0x28(x8)
#1742 0 8000024e fe042783 r 0f         00000001  lw       x15, -0x20(x8)
#1743 0 80000252     078a r 0f         00000004  c.slli   x15, 2
#1744 0 80000254     17c1 r 0f         fffffff4  c.addi   x15, -0x10
#1745 0 80000256     97a2 r 0f         f0040ff4  c.add    x15, x8
#1746 0 80000258 fb07a703 r 0e         00000048  lw       x14, -0x50(x15)
#1747 0 8000025c fe442783 r 0f         00000000  lw       x15, -0x1c(x8)
#1748 0 80000260     078a r 0f         00000000  c.slli   x15, 2
#1749 0 80000262     17c1 r 0f         fffffff0  c.addi   x15, -0x10
#1750 0 80000264     97a2 r 0f         f0040ff0  c.add    x15, x8
#1751 0 80000266 fae7a823 m f0040fa0   00000048  sw       x14, -0x50(x15)
#1752 0 8000026a fe042783 r 0f         00000001  lw       x15, -0x20(x8)
#1753 0 8000026e     078a r 0f         00000004  c.slli   x15, 2
#1754 0 80000270     17c1 r 0f         fffffff4  c.addi   x15, -0x10
#1755 0 80000272     97a2 r 0f         f0040ff4  c.add    x15, x8
#1756 0 80000274 fd842703 r 0e         00000022  lw       x14, -0x28(x8)
#1757 0 80000278 fae7a823 m f0040fa4   00000022  sw       x14, -0x50(x15)
#1758 0 8000027c fe042783 r 0f         00000001  lw       x15, -0x20(x8)
#1759 0 80000280 fef42223 m f0040fe4   00000001  sw       x15, -0x1c(x8)
#1760 0 80000284 fe042703 r 0e         00000001  lw       x14, -0x20(x8)
#1761 0 80000288 fe842783 r 0f         00000009  lw       x15, -0x18(x8)
#1762 0 8000028c f2f74fe3 r 00         00000000  blt      x14, x15, . - 0xc2
#1763 0 800001ca fe442783 r 0f         00000001  lw       x15, -0x1c(x8)
#1764 0 800001ce     0786 r 0f         00000002  c.slli   x15, 1
#1765 0 800001d0     0785 r 0f         00000003  c.addi   x15, 0x1
#1766 0 800001d2 fef42023 m f0040fe0   00000003  sw       x15, -0x20(x8)
#1767 0 800001d6 fe042783 r 0f         00000003  lw       x15, -0x20(x8)
#1768 0 800001da     078a r 0f         0000000c  c.slli   x15, 2
#1769 0 800001dc     17c1 r 0f         fffffffc  c.addi   x15, -0x10
#1770 0 800001de     97a2 r 0f         f0040ffc  c.add    x15, x8
#1771 0 800001e0 fb07a703 r 0e         00000043  lw       x14, -0x50(x15)
#1772 0 800001e4 fe042783 r 0f         00000003  lw       x15, -0x20(x8)
#1773 0 800001e8     0785 r 0f         00000004  c.addi   x15, 0x1
#1774 0 800001ea     078a r 0f         00000010  c.slli   x15, 2
#1775 0 800001ec     17c1 r 0f         00000000  c.addi   x15, -0x10
#1776 0 800001ee     97a2 r 0f         f0041000  c.add    x15, x8
#1777 0 800001f0 fb07a783 r 0f         0000002c  lw       x15, -0x50(x15)
#1778 0 800001f4 00f75e63 r 00         00000000  bge      x14, x15, . + 0x1c
#1779 0 80000210 fe442783 r 0f         00000001  lw       x15, -0x1c(x8)
#1780 0 80000214     078a r 0f         00000004  c.slli   x15, 2
#1781 0 80000216     17c1 r 0f         fffffff4  c.addi   x15, -0x10
#1782 0 80000218     97a2 r 0f         f0040ff4  c.add    x15, x8
#1783 0 8000021a fb07a703 r 0e         00000022  lw       x14, -0x50(x15)
#1784 0 8000021e fe042783 r 0f         00000003  lw       x15, -0x20(x8)
#1785 0 80000222     078a r 0f         0000000c  c.slli   x15, 2
#1786 0 80000224     17c1 r 0f         fffffffc  c.addi   x15, -0x10
#1787 0 80000226     97a2 r 0f         f0040ffc  c.add    x15, x8
#1788 0 80000228 fb07a783 r 0f         00000043  lw       x15, -0x50(x15)
#1789 0 8000022c 04f75863 r 00         00000000  bge      x14, x15, . + 0x50
#1790 0 80000230 fe042703 r 0e         00000003  lw       x14, -0x20(x8)
#1791 0 80000234 fe842783 r 0f         00000009  lw       x15, -0x18(x8)
#1792 0 80000238 04f75263 r 00         00000000  bge      x14, x15, . + 0x44
#1793 0 8000023c fe442783 r 0f         00000001  lw       x15, -0x1c(x8)
#1794 0 80000240     078a r 0f         00000004  c.slli   x15, 2
#1795 0 80000242     17c1 r 0f         fffffff4  c.addi   x15, -0x10
#1796 0 80000244     97a2 r 0f         f0040ff4  c.add    x15, x8
#1797 0 80000246 fb07a783 r 0f         00000022  lw       x15, -0x50(x15)
#1798 0 8000024a fcf42c23 m f0040fd8   00000022  sw       x15, -0x28(x8)
#1799 0 8000024e fe042783 r 0f         00000003  lw       x15, -0x20(x8)
#1800 0 80000252     078a r 0f         0000000c  c.slli   x15, 2
#1801 0 80000254     17c1 r 0f         fffffffc  c.addi   x15, -0x10
#1802 0 80000256     97a2 r 0f         f0040ffc  c.add    x15, x8
#1803 0 80000258 fb07a703 r 0e         00000043  lw       x14, -0x50(x15)
#1804 0 8000025c fe442783 r 0f         00000001  lw       x15, -0x1c(x8)
#1805 0 80000260     078a r 0f         00000004  c.slli   x15, 2
#1806 0 80000262     17c1 r 0f         fffffff4  c.addi   x15, -0x10
#1807 0 80000264     97a2 r 0f         f0040ff4  c.add    x15, x8
#1808 0 80000266 fae7a823 m f0040fa4   00000043  sw       x14, -0x50(x15)
#1809 0 8000026a fe042783 r 0f         00000003  lw       x15, -0x20(x8)
#1810 0 8000026e     078a r 0f         0000000c  c.slli   x15, 2
#1811 0 80000270     17c1 r 0f         fffffffc  c.addi   x15, -0x10
#1812 0 80000272     97a2 r 0f         f0040ffc  c.add    x15, x8
#1813 0 80000274 fd842703 r 0e         00000022  lw       x14, -0x28(x8)
#1814 0 80000278 fae7a823 m f0040fac   00000022  sw       x14, -0x50(x15)
#1815 0 8000027c fe042783 r 0f         00000003  lw       x15, -0x20(x8)
#1816 0 80000280 fef42223 m f0040fe4   00000003  sw       x15, -0x1c(x8)
#1817 0 80000284 fe042703 r 0e         00000003  lw       x14, -0x20(x8)
#1818 0 80000288 fe842783 r 0f         00000009  lw       x15, -0x18(x8)
#1819 0 8000028c f2f74fe3 r 00         00000000  blt      x14, x15, . - 0xc2
#1820 0 800001ca fe442783 r 0f         00000003  lw       x15, -0x1c(x8)
#1821 0 800001ce     0786 r 0f         00000006  c.slli   x15, 1
#1822 0 800001d0     0785 r 0f         00000007  c.addi   x15, 0x1
#1823 0 800001d2 fef42023 m f0040fe0   00000007  sw       x15, -0x20(x8)
#1824 0 800001d6 fe042783 r 0f         00000007  lw       x15, -0x20(x8)
#1825 0 800001da     078a r 0f         0000001c  c.slli   x15, 2
#1826 0 800001dc     17c1 r 0f         0000000c  c.addi   x15, -0x10
#1827 0 800001de     97a2 r 0f         f004100c  c.add    x15, x8
#1828 0 800001e0 fb07a703 r 0e         0000000b  lw       x14, -0x50(x15)
#1829 0 800001e4 fe042783 r 0f         00000007  lw       x15, -0x20(x8)
#1830 0 800001e8     0785 r 0f         00000008  c.addi   x15, 0x1
#1831 0 800001ea     078a r 0f         00000020  c.slli   x15, 2
#1832 0 800001ec     17c1 r 0f         00000010  c.addi   x15, -0x10
#1833 0 800001ee     97a2 r 0f         f0041010  c.add    x15, x8
#1834 0 800001f0 fb07a783 r 0f         0000002d  lw       x15, -0x50(x15)
#1835 0 800001f4 00f75e63 r 00         00000000  bge      x14, x15, . + 0x1c
#1836 0 800001f8 fe842783 r 0f         00000009  lw       x15, -0x18(x8)
#1837 0 800001fc     17fd r 0f         00000008  c.addi   x15, -0x1
#1838 0 800001fe fe042703 r 0e         00000007  lw       x14, -0x20(x8)
#1839 0 80000202 00f75763 r 00         00000000  bge      x14, x15, . + 0xe
#1840 0 80000206 fe042783 r 0f         00000007  lw       x15, -0x20(x8)
#1841 0 8000020a     0785 r 0f         00000008  c.addi   x15, 0x1
#1842 0 8000020c fef42023 m f0040fe0   00000008  sw       x15, -0x20(x8)
#1843 0 80000210 fe442783 r 0f         00000003  lw       x15, -0x1c(x8)
#1844 0 80000214     078a r 0f         0000000c  c.slli   x15, 2
#1845 0 80000216     17c1 r 0f         fffffffc  c.addi   x15, -0x10
#1846 0 80000218     97a2 r 0f         f0040ffc  c.add    x15, x8
#1847 0 8000021a fb07a703 r 0e         00000022  lw       x14, -0x50(x15)
#1848 0 8000021e fe042783 r 0f         00000008  lw       x15, -0x20(x8)
#1849 0 80000222     078a r 0f         00000020  c.slli   x15, 2
#1850 0 80000224     17c1 r 0f         00000010  c.addi   x15, -0x10
#1851 0 80000226     97a2 r 0f         f0041010  c.add    x15, x8
#1852 0 80000228 fb07a783 r 0f         0000002d  lw       x15, -0x50(x15)
#1853 0 8000022c 04f75863 r 00         00000000  bge      x14, x15, . + 0x50
#1854 0 80000230 fe042703 r 0e         00000008  lw       x14, -0x20(x8)
#1855 0 80000234 fe842783 r 0f         00000009  lw       x15, -0x18(x8)
#1856 0 80000238 04f75263 r 00         00000000  bge      x14, x15, . + 0x44
#1857 0 8000023c fe442783 r 0f         00000003  lw       x15, -0x1c(x8)
#1858 0 80000240     078a r 0f         0000000c  c.slli   x15, 2
#1859 0 80000242     17c1 r 0f         fffffffc  c.addi   x15, -0x10
#1860 0 80000244     97a2 r 0f         f0040ffc  c.add    x15, x8
#1861 0 80000246 fb07a783 r 0f         00000022  lw       x15, -0x50(x15)
#1862 0 8000024a fcf42c23 m f0040fd8   00000022  sw       x15, -0x28(x8)
#1863 0 8000024e fe042783 r 0f         00000008  lw       x15, -0x20(x8)
#1864 0 80000252     078a r 0f         00000020  c.slli   x15, 2
#1865 0 80000254     17c1 r 0f         00000010  c.addi   x15, -0x10
#1866 0 80000256     97a2 r 0f         f0041010  c.add    x15, x8
#1867 0 80000258 fb07a703 r 0e         0000002d  lw       x14, -0x50(x15)
#1868 0 8000025c fe442783 r 0f         00000003  lw       x15, -0x1c(x8)
#1869 0 80000260     078a r 0f         0000000c  c.slli   x15, 2
#1870 0 80000262     17c1 r 0f         fffffffc  c.addi   x15, -0x10
#1871 0 80000264     97a2 r 0f         f0040ffc  c.add    x15, x8
#1872 0 80000266 fae7a823 m f0040fac   0000002d  sw       x14, -0x50(x15)
#1873 0 8000026a fe042783 r 0f         00000008  lw       x15, -0x20(x8)
#1874 0 8000026e     078a r 0f         00000020  c.slli   x15, 2
#1875 0 80000270     17c1 r 0f         00000010  c.addi   x15, -0x10
#1876 0 80000272     97a2 r 0f         f0041010  c.add    x15, x8
#1877 0 80000274 fd842703 r 0e         00000022  lw       x14, -0x28(x8)
#1878 0 80000278 fae7a823 m f0040fc0   00000022  sw       x14, -0x50(x15)
#1879 0 8000027c fe042783 r 0f         00000008  lw       x15, -0x20(x8)
#1880 0 80000280 fef42223 m f0040fe4   00000008  sw       x15, -0x1c(x8)
#1881 0 80000284 fe042703 r 0e         00000008  lw       x14, -0x20(x8)
#1882 0 80000288 fe842783 r 0f         00000009  lw       x15, -0x18(x8)
#1883 0 8000028c f2f74fe3 r 00         00000000  blt      x14, x15, . - 0xc2
#1884 0 800001ca fe442783 r 0f         00000008  lw       x15, -0x1c(x8)
#1885 0 800001ce     0786 r 0f         00000010  c.slli   x15, 1
#1886 0 800001d0     0785 r 0f         00000011  c.addi   x15, 0x1
#1887 0 800001d2 fef42023 m f0040fe0   00000011  sw       x15, -0x20(x8)
#1888 0 800001d6 fe042783 r 0f         00000011  lw       x15, -0x20(x8)
#1889 0 800001da     078a r 0f         00000044  c.slli   x15, 2
#1890 0 800001dc     17c1 r 0f         00000034  c.addi   x15, -0x10
#1891 0 800001de     97a2 r 0f         f0041034  c.add    x15, x8
#1892 0 800001e0 fb07a703 r 0e         00000008  lw       x14, -0x50(x15)
#1893 0 800001e4 fe042783 r 0f         00000011  lw       x15, -0x20(x8)
#1894 0 800001e8     0785 r 0f         00000012  c.addi   x15, 0x1
#1895 0 800001ea     078a r 0f         00000048  c.slli   x15, 2
#1896 0 800001ec     17c1 r 0f         00000038  c.addi   x15, -0x10
#1897 0 800001ee     97a2 r 0f         f0041038  c.add    x15, x8
#1898 0 800001f0 fb07a783 r 0f         00000009  lw       x15, -0x50(x15)
#1899 0 800001f4 00f75e63 r 00         00000000  bge      x14, x15, . + 0x1c
#1900 0 800001f8 fe842783 r 0f         00000009  lw       x15, -0x18(x8)
#1901 0 800001fc     17fd r 0f         00000008  c.addi   x15, -0x1
#1902 0 800001fe fe042703 r 0e         00000011  lw       x14, -0x20(x8)
#1903 0 80000202 00f75763 r 00         00000000  bge      x14, x15, . + 0xe
#1904 0 80000210 fe442783 r 0f         00000008  lw       x15, -0x1c(x8)
#1905 0 80000214     078a r 0f         00000020  c.slli   x15, 2
#1906 0 80000216     17c1 r 0f         00000010  c.addi   x15, -0x10
#1907 0 80000218     97a2 r 0f         f0041010  c.add    x15, x8
#1908 0 8000021a fb07a703 r 0e         00000022  lw       x14, -0x50(x15)
#1909 0 8000021e fe042783 r 0f         00000011  lw       x15, -0x20(x8)
#1910 0 80000222     078a r 0f         00000044  c.slli   x15, 2
#1911 0 80000224     17c1 r 0f         00000034  c.addi   x15, -0x10
#1912 0 80000226     97a2 r 0f         f0041034  c.add    x15, x8
#1913 0 80000228 fb07a783 r 0f         00000008  lw       x15, -0x50(x15)
#1914 0 8000022c 04f75863 r 00         00000000  bge      x14, x15, . + 0x50
#1915 0 8000027c fe042783 r 0f         00000011  lw       x15, -0x20(x8)
#1916 0 80000280 fef42223 m f0040fe4   00000011  sw       x15, -0x1c(x8)
#1917 0 80000284 fe042703 r 0e         00000011  lw       x14, -0x20(x8)
#1918 0 80000288 fe842783 r 0f         00000009  lw       x15, -0x18(x8)
#1919 0 8000028c f2f74fe3 r 00         00000000  blt      x14, x15, . - 0xc2
#1920 0 80000290 fe842783 r 0f         00000009  lw       x15, -0x18(x8)
#1921 0 80000294     17fd r 0f         00000008  c.addi   x15, -0x1
#1922 0 80000296 fef42423 m f0040fe8   00000008  sw       x15, -0x18(x8)
#1923 0 8000029a fe842783 r 0f         00000008  lw       x15, -0x18(x8)
#1924 0 8000029e ee07dee3 r 00         00000000  bge      x15, x0, . - 0x104
#1925 0 8000019a fa042783 r 0f         00000048  lw       x15, -0x60(x8)
#1926 0 8000019e fcf42c23 m f0040fd8   00000048  sw       x15, -0x28(x8)
#1927 0 800001a2 fe842783 r 0f         00000008  lw       x15, -0x18(x8)
#1928 0 800001a6     078a r 0f         00000020  c.slli   x15, 2
#1929 0 800001a8     17c1 r 0f         00000010  c.addi   x15, -0x10
#1930 0 800001aa     97a2 r 0f         f0041010  c.add    x15, x8
#1931 0 800001ac fb07a783 r 0f         00000022  lw       x15, -0x50(x15)
#1932 0 800001b0 faf42023 m f0040fa0   00000022  sw       x15, -0x60(x8)
#1933 0 800001b4 fe842783 r 0f         00000008  lw       x15, -0x18(x8)
#1934 0 800001b8     078a r 0f         00000020  c.slli   x15, 2
#1935 0 800001ba     17c1 r 0f         00000010  c.addi   x15, -0x10
#1936 0 800001bc     97a2 r 0f         f0041010  c.add    x15, x8
#1937 0 800001be fd842703 r 0e         00000048  lw       x14, -0x28(x8)
#1938 0 800001c2 fae7a823 m f0040fc0   00000048  sw       x14, -0x50(x15)
#1939 0 800001c6 fe042223 m f0040fe4   00000000  sw       x0, -0x1c(x8)
#1940 0 800001ca fe442783 r 0f         00000000  lw       x15, -0x1c(x8)
#1941 0 800001ce     0786 r 0f         00000000  c.slli   x15, 1
#1942 0 800001d0     0785 r 0f         00000001  c.addi   x15, 0x1
#1943 0 800001d2 fef42023 m f0040fe0   00000001  sw       x15, -0x20(x8)
#1944 0 800001d6 fe042783 r 0f         00000001  lw       x15, -0x20(x8)
#1945 0 800001da     078a r 0f         00000004  c.slli   x15, 2
#1946 0 800001dc     17c1 r 0f         fffffff4  c.addi   x15, -0x10
#1947 0 800001de     97a2 r 0f         f0040ff4  c.add    x15, x8
#1948 0 800001e0 fb07a703 r 0e         00000043  lw       x14, -0x50(x15)
#1949 0 800001e4 fe042783 r 0f         00000001  lw       x15, -0x20(x8)
#1950 0 800001e8     0785 r 0f         00000002  c.addi   x15, 0x1
#1951 0 800001ea     078a r 0f         00000008  c.slli   x15, 2
#1952 0 800001ec     17c1 r 0f         fffffff8  c.addi   x15, -0x10
#1953 0 800001ee     97a2 r 0f         f0040ff8  c.add    x15, x8
#1954 0 800001f0 fb07a783 r 0f         00000042  lw       x15, -0x50(x15)
#1955 0 800001f4 00f75e63 r 00         00000000  bge      x14, x15, . + 0x1c
#1956 0 80000210 fe442783 r 0f         00000000  lw       x15, -0x1c(x8)
#1957 0 80000214     078a r 0f         00000000  c.slli   x15, 2
#1958 0 80000216     17c1 r 0f         fffffff0  c.addi   x15, -0x10
#1959 0 80000218     97a2 r 0f         f0040ff0  c.add    x15, x8
#1960 0 8000021a fb07a703 r 0e         00000022  lw       x14, -0x50(x15)
#1961 0 8000021e fe042783 r 0f         00000001  lw       x15, -0x20(x8)
#1962 0 80000222     078a r 0f         00000004  c.slli   x15, 2
#1963 0 80000224     17c1 r 0f         fffffff4  c.addi   x15, -0x10
#1964 0 80000226     97a2 r 0f         f0040ff4  c.add    x15, x8
#1965 0 80000228 fb07a783 r 0f         00000043  lw       x15, -0x50(x15)
#1966 0 8000022c 04f75863 r 00         00000000  bge      x14, x15, . + 0x50
#1967 0 80000230 fe042703 r 0e         00000001  lw       x14, -0x20(x8)
#1968 0 80000234 fe842783 r 0f         00000008  lw       x15, -0x18(x8)
#1969 0 80000238 04f75263 r 00         00000000  bge      x14, x15, . + 0x44
#1970 0 8000023c fe442783 r 0f         00000000  lw       x15, -0x1c(x8)
#1971 0 80000240     078a r 0f         00000000  c.slli   x15, 2
#1972 0 80000242     17c1 r 0f         fffffff0  c.addi   x15, -0x10
#1973 0 80000244     97a2 r 0f         f0040ff0  c.add    x15, x8
#1974 0 80000246 fb07a783 r 0f         00000022  lw       x15, -0x50(x15)
#1975 0 8000024a fcf42c23 m f0040fd8   00000022  sw       x15, -0x28(x8)
#1976 0 8000024e fe042783 r 0f         00000001  lw       x15, -0x20(x8)
#1977 0 80000252     078a r 0f         00000004  c.slli   x15, 2
#1978 0 80000254     17c1 r 0f         fffffff4  c.addi   x15, -0x10
#1979 0 80000256     97a2 r 0f         f0040ff4  c.add    x15, x8
#1980 0 80000258 fb07a703 r 0e         00000043  lw       x14, -0x50(x15)
#1981 0 8000025c fe442783 r 0f         00000000  lw       x15, -0x1c(x8)
#1982 0 80000260     078a r 0f         00000000  c.slli   x15, 2
#1983 0 80000262     17c1 r 0f         fffffff0  c.addi   x15, -0x10
#1984 0 80000264     97a2 r 0f         f0040ff0  c.add    x15, x8
#1985 0 80000266 fae7a823 m f0040fa0   00000043  sw       x14, -0x50(x15)
#1986 0 8000026a fe042783 r 0f         00000001  lw       x15, -0x20(x8)
#1987 0 8000026e     078a r 0f         00000004  c.slli   x15, 2
#1988 0 80000270     17c1 r 0f         fffffff4  c.addi   x15, -0x10
#1989 0 80000272     97a2 r 0f         f0040ff4  c.add    x15, x8
#1990 0 80000274 fd842703 r 0e         00000022  lw       x14, -0x28(x8)
#1991 0 80000278 fae7a823 m f0040fa4   00000022  sw       x14, -0x50(x15)
#1992 0 8000027c fe042783 r 0f         00000001  lw       x15, -0x20(x8)
#1993 0 80000280 fef42223 m f0040fe4   00000001  sw       x15, -0x1c(x8)
#1994 0 80000284 fe042703 r 0e         00000001  lw       x14, -0x20(x8)
#1995 0 80000288 fe842783 r 0f         00000008  lw       x15, -0x18(x8)
#1996 0 8000028c f2f74fe3 r 00         00000000  blt      x14, x15, . - 0xc2
#1997 0 800001ca fe442783 r 0f         00000001  lw       x15, -0x1c(x8)
#1998 0 800001ce     0786 r 0f         00000002  c.slli   x15, 1
#1999 0 800001d0     0785 r 0f         00000003  c.addi   x15, 0x1
#2000 0 800001d2 fef42023 m f0040fe0   00000003  sw       x15, -0x20(x8)
#2001 0 800001d6 fe042783 r 0f         00000003  lw       x15, -0x20(x8)
#2002 0 800001da     078a r 0f         0000000c  c.slli   x15, 2
#2003 0 800001dc     17c1 r 0f         fffffffc  c.addi   x15, -0x10
#2004 0 800001de     97a2 r 0f         f0040ffc  c.add    x15, x8
#2005 0 800001e0 fb07a703 r 0e         0000002d  lw       x14, -0x50(x15)
#2006 0 800001e4 fe042783 r 0f         00000003  lw       x15, -0x20(x8)
#2007 0 800001e8     0785 r 0f         00000004  c.addi   x15, 0x1
#2008 0 800001ea     078a r 0f         00000010  c.slli   x15, 2
#2009 0 800001ec     17c1 r 0f         00000000  c.addi   x15, -0x10
#2010 0 800001ee     97a2 r 0f         f0041000  c.add    x15, x8
#2011 0 800001f0 fb07a783 r 0f         0000002c  lw       x15, -0x50(x15)
#2012 0 800001f4 00f75e63 r 00         00000000  bge      x14, x15, . + 0x1c
#2013 0 80000210 fe442783 r 0f         00000001  lw       x15, -0x1c(x8)
#2014 0 80000214     078a r 0f         00000004  c.slli   x15, 2
#2015 0 80000216     17c1 r 0f         fffffff4  c.addi   x15, -0x10
#2016 0 80000218     97a2 r 0f         f0040ff4  c.add    x15, x8
#2017 0 8000021a fb07a703 r 0e         00000022  lw       x14, -0x50(x15)
#2018 0 8000021e fe042783 r 0f         00000003  lw       x15, -0x20(x8)
#2019 0 80000222     078a r 0f         0000000c  c.slli   x15, 2
#2020 0 80000224     17c1 r 0f         fffffffc  c.addi   x15, -0x10
#2021 0 80000226     97a2 r 0f         f0040ffc  c.add    x15, x8
#2022 0 80000228 fb07a783 r 0f         0000002d  lw       x15, -0x50(x15)
#2023 0 8000022c 04f75863 r 00         00000000  bge      x14, x15, . + 0x50
#2024 0 80000230 fe042703 r 0e         00000003  lw       x14, -0x20(x8)
#2025 0 80000234 fe842783 r 0f         00000008  lw       x15, -0x18(x8)
#2026 0 80000238 04f75263 r 00         00000000  bge      x14, x15, . + 0x44
#2027 0 8000023c fe442783 r 0f         00000001  lw       x15, -0x1c(x8)
#2028 0 80000240     078a r 0f         00000004  c.slli   x15, 2
#2029 0 80000242     17c1 r 0f         fffffff4  c.addi   x15, -0x10
#2030 0 80000244     97a2 r 0f         f0040ff4  c.add    x15, x8
#2031 0 80000246 fb07a783 r 0f         00000022  lw       x15, -0x50(x15)
#2032 0 8000024a fcf42c23 m f0040fd8   00000022  sw       x15, -0x28(x8)
#2033 0 8000024e fe042783 r 0f         00000003  lw       x15, -0x20(x8)
#2034 0 80000252     078a r 0f         0000000c  c.slli   x15, 2
#2035 0 80000254     17c1 r 0f         fffffffc  c.addi   x15, -0x10
#2036 0 80000256     97a2 r 0f         f0040ffc  c.add    x15, x8
#2037 0 80000258 fb07a703 r 0e         0000002d  lw       x14, -0x50(x15)
#2038 0 8000025c fe442783 r 0f         00000001  lw       x15, -0x1c(x8)
#2039 0 80000260     078a r 0f         00000004  c.slli   x15, 2
#2040 0 80000262     17c1 r 0f         fffffff4  c.addi   x15, -0x10
#2041 0 80000264     97a2 r 0f         f0040ff4  c.add    x15, x8
#2042 0 80000266 fae7a823 m f0040fa4   0000002d  sw       x14, -0x50(x15)
#2043 0 8000026a fe042783 r 0f         00000003  lw       x15, -0x20(x8)
#2044 0 8000026e     078a r 0f         0000000c  c.slli   x15, 2
#2045 0 80000270     17c1 r 0f         fffffffc  c.addi   x15, -0x10
#2046 0 80000272     97a2 r 0f         f0040ffc  c.add    x15, x8
#2047 0 80000274 fd842703 r 0e         00000022  lw       x14, -0x28(x8)
#2048 0 80000278 fae7a823 m f0040fac   00000022  sw       x14, -0x50(x15)
#2049 0 8000027c fe042783 r 0f         00000003  lw       x15, -0x20(x8)
#2050 0 80000280 fef42223 m f0040fe4   00000003  sw       x15, -0x1c(x8)
#2051 0 80000284 fe042703 r 0e         00000003  lw       x14, -0x20(x8)
#2052 0 80000288 fe842783 r 0f         00000008  lw       x15, -0x18(x8)
#2053 0 8000028c f2f74fe3 r 00         00000000  blt      x14, x15, . - 0xc2
#2054 0 800001ca fe442783 r 0f         00000003  lw       x15, -0x1c(x8)
#2055 0 800001ce     0786 r 0f         00000006  c.slli   x15, 1
#2056 0 800001d0     0785 r 0f         00000007  c.addi   x15, 0x1
#2057 0 800001d2 fef42023 m f0040fe0   00000007  sw       x15, -0x20(x8)
#2058 0 800001d6 fe042783 r 0f         00000007  lw       x15, -0x20(x8)
#2059 0 800001da     078a r 0f         0000001c  c.slli   x15, 2
#2060 0 800001dc     17c1 r 0f         0000000c  c.addi   x15, -0x10
#2061 0 800001de     97a2 r 0f         f004100c  c.add    x15, x8
#2062 0 800001e0 fb07a703 r 0e         0000000b  lw       x14, -0x50(x15)
#2063 0 800001e4 fe042783 r 0f         00000007  lw       x15, -0x20(x8)
#2064 0 800001e8     0785 r 0f         00000008  c.addi   x15, 0x1
#2065 0 800001ea     078a r 0f         00000020  c.slli   x15, 2
#2066 0 800001ec     17c1 r 0f         00000010  c.addi   x15, -0x10
#2067 0 800001ee     97a2 r 0f         f0041010  c.add    x15, x8
#2068 0 800001f0 fb07a783 r 0f         00000048  lw       x15, -0x50(x15)
#2069 0 800001f4 00f75e63 r 00         00000000  bge      x14, x15, . + 0x1c
#2070 0 800001f8 fe842783 r 0f         00000008  lw       x15, -0x18(x8)
#2071 0 800001fc     17fd r 0f         00000007  c.addi   x15, -0x1
#2072 0 800001fe fe042703 r 0e         00000007  lw       x14, -0x20(x8)
#2073 0 80000202 00f75763 r 00         00000000  bge      x14, x15, . + 0xe
#2074 0 80000210 fe442783 r 0f         00000003  lw       x15, -0x1c(x8)
#2075 0 80000214     078a r 0f         0000000c  c.slli   x15, 2
#2076 0 80000216     17c1 r 0f         fffffffc  c.addi   x15, -0x10
#2077 0 80000218     97a2 r 0f         f0040ffc  c.add    x15, x8
#2078 0 8000021a fb07a703 r 0e         00000022  lw       x14, -0x50(x15)
#2079 0 8000021e fe042783 r 0f         00000007  lw       x15, -0x20(x8)
#2080 0 80000222     078a r 0f         0000001c  c.slli   x15, 2
#2081 0 80000224     17c1 r 0f         0000000c  c.addi   x15, -0x10
#2082 0 80000226     97a2 r 0f         f004100c  c.add    x15, x8
#2083 0 80000228 fb07a783 r 0f         0000000b  lw       x15, -0x50(x15)
#2084 0 8000022c 04f75863 r 00         00000000  bge      x14, x15, . + 0x50
#2085 0 8000027c fe042783 r 0f         00000007  lw       x15, -0x20(x8)
#2086 0 80000280 fef42223 m f0040fe4   00000007  sw       x15, -0x1c(x8)
#2087 0 80000284 fe042703 r 0e         00000007  lw       x14, -0x20(x8)
#2088 0 80000288 fe842783 r 0f         00000008  lw       x15, -0x18(x8)
#2089 0 8000028c f2f74fe3 r 00         00000000  blt      x14, x15, . - 0xc2
#2090 0 800001ca fe442783 r 0f         00000007  lw       x15, -0x1c(x8)
#2091 0 800001ce     0786 r 0f         0000000e  c.slli   x15, 1
#2092 0 800001d0     0785 r 0f         0000000f  c.addi   x15, 0x1
#2093 0 800001d2 fef42023 m f0040fe0   0000000f  sw       x15, -0x20(x8)
#2094 0 800001d6 fe042783 r 0f         0000000f  lw       x15, -0x20(x8)
#2095 0 800001da     078a r 0f         0000003c  c.slli   x15, 2
#2096 0 800001dc     17c1 r 0f         0000002c  c.addi   x15, -0x10
#2097 0 800001de     97a2 r 0f         f004102c  c.add    x15, x8
#2098 0 800001e0 fb07a703 r 0e         0000000d  lw       x14, -0x50(x15)
#2099 0 800001e4 fe042783 r 0f         0000000f  lw       x15, -0x20(x8)
#2100 0 800001e8     0785 r 0f         00000010  c.addi   x15, 0x1
#2101 0 800001ea     078a r 0f         00000040  c.slli   x15, 2
#2102 0 800001ec     17c1 r 0f         00000030  c.addi   x15, -0x10
#2103 0 800001ee     97a2 r 0f         f0041030  c.add    x15, x8
#2104 0 800001f0 fb07a783 r 0f         0000000f  lw       x15, -0x50(x15)
#2105 0 800001f4 00f75e63 r 00         00000000  bge      x14, x15, . + 0x1c
#2106 0 800001f8 fe842783 r 0f         00000008  lw       x15, -0x18(x8)
#2107 0 800001fc     17fd r 0f         00000007  c.addi   x15, -0x1
#2108 0 800001fe fe042703 r 0e         0000000f  lw       x14, -0x20(x8)
#2109 0 80000202 00f75763 r 00         00000000  bge      x14, x15, . + 0xe
#2110 0 80000210 fe442783 r 0f         00000007  lw       x15, -0x1c(x8)
#2111 0 80000214     078a r 0f         0000001c  c.slli   x15, 2
#2112 0 80000216     17c1 r 0f         0000000c  c.addi   x15, -0x10
#2113 0 80000218     97a2 r 0f         f004100c  c.add    x15, x8
#2114 0 8000021a fb07a703 r 0e         0000000b  lw       x14, -0x50(x15)
#2115 0 8000021e fe042783 r 0f         0000000f  lw       x15, -0x20(x8)
#2116 0 80000222     078a r 0f         0000003c  c.slli   x15, 2
#2117 0 80000224     17c1 r 0f         0000002c  c.addi   x15, -0x10
#2118 0 80000226     97a2 r 0f         f004102c  c.add    x15, x8
#2119 0 80000228 fb07a783 r 0f         0000000d  lw       x15, -0x50(x15)
#2120 0 8000022c 04f75863 r 00         00000000  bge      x14, x15, . + 0x50
#2121 0 80000230 fe042703 r 0e         0000000f  lw       x14, -0x20(x8)
#2122 0 80000234 fe842783 r 0f         00000008  lw       x15, -0x18(x8)
#2123 0 80000238 04f75263 r 00         00000000  bge      x14, x15, . + 0x44
#2124 0 8000027c fe042783 r 0f         0000000f  lw       x15, -0x20(x8)
#2125 0 80000280 fef42223 m f0040fe4   0000000f  sw       x15, -0x1c(x8)
#2126 0 80000284 fe042703 r 0e         0000000f  lw       x14, -0x20(x8)
#2127 0 80000288 fe842783 r 0f         00000008  lw       x15, -0x18(x8)
#2128 0 8000028c f2f74fe3 r 00         00000000  blt      x14, x15, . - 0xc2
#2129 0 80000290 fe842783 r 0f         00000008  lw       x15, -0x18(x8)
#2130 0 80000294     17fd r 0f         00000007  c.addi   x15, -0x1
#2131 0 80000296 fef42423 m f0040fe8   00000007  sw       x15, -0x18(x8)
#2132 0 8000029a fe842783 r 0f         00000007  lw       x15, -0x18(x8)
#2133 0 8000029e ee07dee3 r 00         00000000  bge      x15, x0, . - 0x104
#2134 0 8000019a fa042783 r 0f         00000043  lw       x15, -0x60(x8)
#2135 0 8000019e fcf42c23 m f0040fd8   00000043  sw       x15, -0x28(x8)
#2136 0 800001a2 fe842783 r 0f         00000007  lw       x15, -0x18(x8)
#2137 0 800001a6     078a r 0f         0000001c  c.slli   x15, 2
#2138 0 800001a8     17c1 r 0f         0000000c  c.addi   x15, -0x10
#2139 0 800001aa     97a2 r 0f         f004100c  c.add    x15, x8
#2140 0 800001ac fb07a783 r 0f         0000000b  lw       x15, -0x50(x15)
#2141 0 800001b0 faf42023 m f0040fa0   0000000b  sw       x15, -0x60(x8)
#2142 0 800001b4 fe842783 r 0f         00000007  lw       x15, -0x18(x8)
#2143 0 800001b8     078a r 0f         0000001c  c.slli   x15, 2
#2144 0 800001ba     17c1 r 0f         0000000c  c.addi   x15, -0x10
#2145 0 800001bc     97a2 r 0f         f004100c  c.add    x15, x8
#2146 0 800001be fd842703 r 0e         00000043  lw       x14, -0x28(x8)
#2147 0 800001c2 fae7a823 m f0040fbc   00000043  sw       x14, -0x50(x15)
#2148 0 800001c6 fe042223 m f0040fe4   00000000  sw       x0, -0x1c(x8)
#2149 0 800001ca fe442783 r 0f         00000000  lw       x15, -0x1c(x8)
#2150 0 800001ce     0786 r 0f         00000000  c.slli   x15, 1
#2151 0 800001d0     0785 r 0f         00000001  c.addi   x15, 0x1
#2152 0 800001d2 fef42023 m f0040fe0   00000001  sw       x15, -0x20(x8)
#2153 0 800001d6 fe042783 r 0f         00000001  lw       x15, -0x20(x8)
#2154 0 800001da     078a r 0f         00000004  c.slli   x15, 2
#2155 0 800001dc     17c1 r 0f         fffffff4  c.addi   x15, -0x10
#2156 0 800001de     97a2 r 0f         f0040ff4  c.add    x15, x8
#2157 0 800001e0 fb07a703 r 0e         0000002d  lw       x14, -0x50(x15)
#2158 0 800001e4 fe042783 r 0f         00000001  lw       x15, -0x20(x8)
#2159 0 800001e8     0785 r 0f         00000002  c.addi   x15, 0x1
#2160 0 800001ea     078a r 0f         00000008  c.slli   x15, 2
#2161 0 800001ec     17c1 r 0f         fffffff8  c.addi   x15, -0x10
#2162 0 800001ee     97a2 r 0f         f0040ff8  c.add    x15, x8
#2163 0 800001f0 fb07a783 r 0f         00000042  lw       x15, -0x50(x15)
#2164 0 800001f4 00f75e63 r 00         00000000  bge      x14, x15, . + 0x1c
#2165 0 800001f8 fe842783 r 0f         00000007  lw       x15, -0x18(x8)
#2166 0 800001fc     17fd r 0f         00000006  c.addi   x15, -0x1
#2167 0 800001fe fe042703 r 0e         00000001  lw       x14, -0x20(x8)
#2168 0 80000202 00f75763 r 00         00000000  bge      x14, x15, . + 0xe
#2169 0 80000206 fe042783 r 0f         00000001  lw       x15, -0x20(x8)
#2170 0 8000020a     0785 r 0f         00000002  c.addi   x15, 0x1
#2171 0 8000020c fef42023 m f0040fe0   00000002  sw       x15, -0x20(x8)
#2172 0 80000210 fe442783 r 0f         00000000  lw       x15, -0x1c(x8)
#2173 0 80000214     078a r 0f         00000000  c.slli   x15, 2
#2174 0 80000216     17c1 r 0f         fffffff0  c.addi   x15, -0x10
#2175 0 80000218     97a2 r 0f         f0040ff0  c.add    x15, x8
#2176 0 8000021a fb07a703 r 0e         0000000b  lw       x14, -0x50(x15)
#2177 0 8000021e fe042783 r 0f         00000002  lw       x15, -0x20(x8)
#2178 0 80000222     078a r 0f         00000008  c.slli   x15, 2
#2179 0 80000224     17c1 r 0f         fffffff8  c.addi   x15, -0x10
#2180 0 80000226     97a2 r 0f         f0040ff8  c.add    x15, x8
#2181 0 80000228 fb07a783 r 0f         00000042  lw       x15, -0x50(x15)
#2182 0 8000022c 04f75863 r 00         00000000  bge      x14, x15, . + 0x50
#2183 0 80000230 fe042703 r 0e         00000002  lw       x14, -0x20(x8)
#2184 0 80000234 fe842783 r 0f         00000007  lw       x15, -0x18(x8)
#2185 0 80000238 04f75263 r 00         00000000  bge      x14, x15, . + 0x44
#2186 0 8000023c fe442783 r 0f         00000000  lw       x15, -0x1c(x8)
#2187 0 80000240     078a r 0f         00000000  c.slli   x15, 2
#2188 0 80000242     17c1 r 0f         fffffff0  c.addi   x15, -0x10
#2189 0 80000244     97a2 r 0f         f0040ff0  c.add    x15, x8
#2190 0 80000246 fb07a783 r 0f         0000000b  lw       x15, -0x50(x15)
#2191 0 8000024a fcf42c23 m f0040fd8   0000000b  sw       x15, -0x28(x8)
#2192 0 8000024e fe042783 r 0f         00000002  lw       x15, -0x20(x8)
#2193 0 80000252     078a r 0f         00000008  c.slli   x15, 2
#2194 0 80000254     17c1 r 0f         fffffff8  c.addi   x15, -0x10
#2195 0 80000256     97a2 r 0f         f0040ff8  c.add    x15, x8
#2196 0 80000258 fb07a703 r 0e         00000042  lw       x14, -0x50(x15)
#2197 0 8000025c fe442783 r 0f         00000000  lw       x15, -0x1c(x8)
#2198 0 80000260     078a r 0f         00000000  c.slli   x15, 2
#2199 0 80000262     17c1 r 0f         fffffff0  c.addi   x15, -0x10
#2200 0 80000264     97a2 r 0f         f0040ff0  c.add    x15, x8
#2201 0 80000266 fae7a823 m f0040fa0   00000042  sw       x14, -0x50(x15)
#2202 0 8000026a fe042783 r 0f         00000002  lw       x15, -0x20(x8)
#2203 0 8000026e     078a r 0f         00000008  c.slli   x15, 2
#2204 0 80000270     17c1 r 0f         fffffff8  c.addi   x15, -0x10
#2205 0 80000272     97a2 r 0f         f0040ff8  c.add    x15, x8
#2206 0 80000274 fd842703 r 0e         0000000b  lw       x14, -0x28(x8)
#2207 0 80000278 fae7a823 m f0040fa8   0000000b  sw       x14, -0x50(x15)
#2208 0 8000027c fe042783 r 0f         00000002  lw       x15, -0x20(x8)
#2209 0 80000280 fef42223 m f0040fe4   00000002  sw       x15, -0x1c(x8)
#2210 0 80000284 fe042703 r 0e         00000002  lw       x14, -0x20(x8)
#2211 0 80000288 fe842783 r 0f         00000007  lw       x15, -0x18(x8)
#2212 0 8000028c f2f74fe3 r 00         00000000  blt      x14, x15, . - 0xc2
#2213 0 800001ca fe442783 r 0f         00000002  lw       x15, -0x1c(x8)
#2214 0 800001ce     0786 r 0f         00000004  c.slli   x15, 1
#2215 0 800001d0     0785 r 0f         00000005  c.addi   x15, 0x1
#2216 0 800001d2 fef42023 m f0040fe0   00000005  sw       x15, -0x20(x8)
#2217 0 800001d6 fe042783 r 0f         00000005  lw       x15, -0x20(x8)
#2218 0 800001da     078a r 0f         00000014  c.slli   x15, 2
#2219 0 800001dc     17c1 r 0f         00000004  c.addi   x15, -0x10
#2220 0 800001de     97a2 r 0f         f0041004  c.add    x15, x8
#2221 0 800001e0 fb07a703 r 0e         0000000c  lw       x14, -0x50(x15)
#2222 0 800001e4 fe042783 r 0f         00000005  lw       x15, -0x20(x8)
#2223 0 800001e8     0785 r 0f         00000006  c.addi   x15, 0x1
#2224 0 800001ea     078a r 0f         00000018  c.slli   x15, 2
#2225 0 800001ec     17c1 r 0f         00000008  c.addi   x15, -0x10
#2226 0 800001ee     97a2 r 0f         f0041008  c.add    x15, x8
#2227 0 800001f0 fb07a783 r 0f         00000017  lw       x15, -0x50(x15)
#2228 0 800001f4 00f75e63 r 00         00000000  bge      x14, x15, . + 0x1c
#2229 0 800001f8 fe842783 r 0f         00000007  lw       x15, -0x18(x8)
#2230 0 800001fc     17fd r 0f         00000006  c.addi   x15, -0x1
#2231 0 800001fe fe042703 r 0e         00000005  lw       x14, -0x20(x8)
#2232 0 80000202 00f75763 r 00         00000000  bge      x14, x15, . + 0xe
#2233 0 80000206 fe042783 r 0f         00000005  lw       x15, -0x20(x8)
#2234 0 8000020a     0785 r 0f         00000006  c.addi   x15, 0x1
#2235 0 8000020c fef42023 m f0040fe0   00000006  sw       x15, -0x20(x8)
#2236 0 80000210 fe442783 r 0f         00000002  lw       x15, -0x1c(x8)
#2237 0 80000214     078a r 0f         00000008  c.slli   x15, 2
#2238 0 80000216     17c1 r 0f         fffffff8  c.addi   x15, -0x10
#2239 0 80000218     97a2 r 0f         f0040ff8  c.add    x15, x8
#2240 0 8000021a fb07a703 r 0e         0000000b  lw       x14, -0x50(x15)
#2241 0 8000021e fe042783 r 0f         00000006  lw       x15, -0x20(x8)
#2242 0 80000222     078a r 0f         00000018  c.slli   x15, 2
#2243 0 80000224     17c1 r 0f         00000008  c.addi   x15, -0x10
#2244 0 80000226     97a2 r 0f         f0041008  c.add    x15, x8
#2245 0 80000228 fb07a783 r 0f         00000017  lw       x15, -0x50(x15)
#2246 0 8000022c 04f75863 r 00         00000000  bge      x14, x15, . + 0x50
#2247 0 80000230 fe042703 r 0e         00000006  lw       x14, -0x20(x8)
#2248 0 80000234 fe842783 r 0f         00000007  lw       x15, -0x18(x8)
#2249 0 80000238 04f75263 r 00         00000000  bge      x14, x15, . + 0x44
#2250 0 8000023c fe442783 r 0f         00000002  lw       x15, -0x1c(x8)
#2251 0 80000240     078a r 0f         00000008  c.slli   x15, 2
#2252 0 80000242     17c1 r 0f         fffffff8  c.addi   x15, -0x10
#2253 0 80000244     97a2 r 0f         f0040ff8  c.add    x15, x8
#2254 0 80000246 fb07a783 r 0f         0000000b  lw       x15, -0x50(x15)
#2255 0 8000024a fcf42c23 m f0040fd8   0000000b  sw       x15, -0x28(x8)
#2256 0 8000024e fe042783 r 0f         00000006  lw       x15, -0x20(x8)
#2257 0 80000252     078a r 0f         00000018  c.slli   x15, 2
#2258 0 80000254     17c1 r 0f         00000008  c.addi   x15, -0x10
#2259 0 80000256     97a2 r 0f         f0041008  c.add    x15, x8
#2260 0 80000258 fb07a703 r 0e         00000017  lw       x14, -0x50(x15)
#2261 0 8000025c fe442783 r 0f         00000002  lw       x15, -0x1c(x8)
#2262 0 80000260     078a r 0f         00000008  c.slli   x15, 2
#2263 0 80000262     17c1 r 0f         fffffff8  c.addi   x15, -0x10
#2264 0 80000264     97a2 r 0f         f0040ff8  c.add    x15, x8
#2265 0 80000266 fae7a823 m f0040fa8   00000017  sw       x14, -0x50(x15)
#2266 0 8000026a fe042783 r 0f         00000006  lw       x15, -0x20(x8)
#2267 0 8000026e     078a r 0f         00000018  c.slli   x15, 2
#2268 0 80000270     17c1 r 0f         00000008  c.addi   x15, -0x10
#2269 0 80000272     97a2 r 0f         f0041008  c.add    x15, x8
#2270 0 80000274 fd842703 r 0e         0000000b  lw       x14, -0x28(x8)
#2271 0 80000278 fae7a823 m f0040fb8   0000000b  sw       x14, -0x50(x15)
#2272 0 8000027c fe042783 r 0f         00000006  lw       x15, -0x20(x8)
#2273 0 80000280 fef42223 m f0040fe4   00000006  sw       x15, -0x1c(x8)
#2274 0 80000284 fe042703 r 0e         00000006  lw       x14, -0x20(x8)
#2275 0 80000288 fe842783 r 0f         00000007  lw       x15, -0x18(x8)
#2276 0 8000028c f2f74fe3 r 00         00000000  blt      x14, x15, . - 0xc2
#2277 0 800001ca fe442783 r 0f         00000006  lw       x15, -0x1c(x8)
#2278 0 800001ce     0786 r 0f         0000000c  c.slli   x15, 1
#2279 0 800001d0     0785 r 0f         0000000d  c.addi   x15, 0x1
#2280 0 800001d2 fef42023 m f0040fe0   0000000d  sw       x15, -0x20(x8)
#2281 0 800001d6 fe042783 r 0f         0000000d  lw       x15, -0x20(x8)
#2282 0 800001da     078a r 0f         00000034  c.slli   x15, 2
#2283 0 800001dc     17c1 r 0f         00000024  c.addi   x15, -0x10
#2284 0 800001de     97a2 r 0f         f0041024  c.add    x15, x8
#2285 0 800001e0 fb07a703 r 0e         00000000  lw       x14, -0x50(x15)
#2286 0 800001e4 fe042783 r 0f         0000000d  lw       x15, -0x20(x8)
#2287 0 800001e8     0785 r 0f         0000000e  c.addi   x15, 0x1
#2288 0 800001ea     078a r 0f         00000038  c.slli   x15, 2
#2289 0 800001ec     17c1 r 0f         00000028  c.addi   x15, -0x10
#2290 0 800001ee     97a2 r 0f         f0041028  c.add    x15, x8
#2291 0 800001f0 fb07a783 r 0f         0000000b  lw       x15, -0x50(x15)
#2292 0 800001f4 00f75e63 r 00         00000000  bge      x14, x15, . + 0x1c
#2293 0 800001f8 fe842783 r 0f         00000007  lw       x15, -0x18(x8)
#2294 0 800001fc     17fd r 0f         00000006  c.addi   x15, -0x1
#2295 0 800001fe fe042703 r 0e         0000000d  lw       x14, -0x20(x8)
#2296 0 80000202 00f75763 r 00         00000000  bge      x14, x15, . + 0xe
#2297 0 80000210 fe442783 r 0f         00000006  lw       x15, -0x1c(x8)
#2298 0 80000214     078a r 0f         00000018  c.slli   x15, 2
#2299 0 80000216     17c1 r 0f         00000008  c.addi   x15, -0x10
#2300 0 80000218     97a2 r 0f         f0041008  c.add    x15, x8
#2301 0 8000021a fb07a703 r 0e         0000000b  lw       x14, -0x50(x15)
#2302 0 8000021e fe042783 r 0f         0000000d  lw       x15, -0x20(x8)
#2303 0 80000222     078a r 0f         00000034  c.slli   x15, 2
#2304 0 80000224     17c1 r 0f         00000024  c.addi   x15, -0x10
#2305 0 80000226     97a2 r 0f         f0041024  c.add    x15, x8
#2306 0 80000228 fb07a783 r 0f         00000000  lw       x15, -0x50(x15)
#2307 0 8000022c 04f75863 r 00         00000000  bge      x14, x15, . + 0x50
#2308 0 8000027c fe042783 r 0f         0000000d  lw       x15, -0x20(x8)
#2309 0 80000280 fef42223 m f0040fe4   0000000d  sw       x15, -0x1c(x8)
#2310 0 80000284 fe042703 r 0e         0000000d  lw       x14, -0x20(x8)
#2311 0 80000288 fe842783 r 0f         00000007  lw       x15, -0x18(x8)
#2312 0 8000028c f2f74fe3 r 00         00000000  blt      x14, x15, . - 0xc2
#2313 0 80000290 fe842783 r 0f         00000007  lw       x15, -0x18(x8)
#2314 0 80000294     17fd r 0f         00000006  c.addi   x15, -0x1
#2315 0 80000296 fef42423 m f0040fe8   00000006  sw       x15, -0x18(x8)
#2316 0 8000029a fe842783 r 0f         00000006  lw       x15, -0x18(x8)
#2317 0 8000029e ee07dee3 r 00         00000000  bge      x15, x0, . - 0x104
#2318 0 8000019a fa042783 r 0f         00000042  lw       x15, -0x60(x8)
#2319 0 8000019e fcf42c23 m f0040fd8   00000042  sw       x15, -0x28(x8)
#2320 0 800001a2 fe842783 r 0f         00000006  lw       x15, -0x18(x8)
#2321 0 800001a6     078a r 0f         00000018  c.slli   x15, 2
#2322 0 800001a8     17c1 r 0f         00000008  c.addi   x15, -0x10
#2323 0 800001aa     97a2 r 0f         f0041008  c.add    x15, x8
#2324 0 800001ac fb07a783 r 0f         0000000b  lw       x15, -0x50(x15)
#2325 0 800001b0 faf42023 m f0040fa0   0000000b  sw       x15, -0x60(x8)
#2326 0 800001b4 fe842783 r 0f         00000006  lw       x15, -0x18(x8)
#2327 0 800001b8     078a r 0f         00000018  c.slli   x15, 2
#2328 0 800001ba     17c1 r 0f         00000008  c.addi   x15, -0x10
#2329 0 800001bc     97a2 r 0f         f0041008  c.add    x15, x8
#2330 0 800001be fd842703 r 0e         00000042  lw       x14, -0x28(x8)
#2331 0 800001c2 fae7a823 m f0040fb8   00000042  sw       x14, -0x50(x15)
#2332 0 800001c6 fe042223 m f0040fe4   00000000  sw       x0, -0x1c(x8)
#2333 0 800001ca fe442783 r 0f         00000000  lw       x15, -0x1c(x8)
#2334 0 800001ce     0786 r 0f         00000000  c.slli   x15, 1
#2335 0 800001d0     0785 r 0f         00000001  c.addi   x15, 0x1
#2336 0 800001d2 fef42023 m f0040fe0   00000001  sw       x15, -0x20(x8)
#2337 0 800001d6 fe042783 r 0f         00000001  lw       x15, -0x20(x8)
#2338 0 800001da     078a r 0f         00000004  c.slli   x15, 2
#2339 0 800001dc     17c1 r 0f         fffffff4  c.addi   x15, -0x10
#2340 0 800001de     97a2 r 0f         f0040ff4  c.add    x15, x8
#2341 0 800001e0 fb07a703 r 0e         0000002d  lw       x14, -0x50(x15)
#2342 0 800001e4 fe042783 r 0f         00000001  lw       x15, -0x20(x8)
#2343 0 800001e8     0785 r 0f         00000002  c.addi   x15, 0x1
#2344 0 800001ea     078a r 0f         00000008  c.slli   x15, 2
#2345 0 800001ec     17c1 r 0f         fffffff8  c.addi   x15, -0x10
#2346 0 800001ee     97a2 r 0f         f0040ff8  c.add    x15, x8
#2347 0 800001f0 fb07a783 r 0f         00000017  lw       x15, -0x50(x15)
#2348 0 800001f4 00f75e63 r 00         00000000  bge      x14, x15, . + 0x1c
#2349 0 80000210 fe442783 r 0f         00000000  lw       x15, -0x1c(x8)
#2350 0 80000214     078a r 0f         00000000  c.slli   x15, 2
#2351 0 80000216     17c1 r 0f         fffffff0  c.addi   x15, -0x10
#2352 0 80000218     97a2 r 0f         f0040ff0  c.add    x15, x8
#2353 0 8000021a fb07a703 r 0e         0000000b  lw       x14, -0x50(x15)
#2354 0 8000021e fe042783 r 0f         00000001  lw       x15, -0x20(x8)
#2355 0 80000222     078a r 0f         00000004  c.slli   x15, 2
#2356 0 80000224     17c1 r 0f         fffffff4  c.addi   x15, -0x10
#2357 0 80000226     97a2 r 0f         f0040ff4  c.add    x15, x8
#2358 0 80000228 fb07a783 r 0f         0000002d  lw       x15, -0x50(x15)
#2359 0 8000022c 04f75863 r 00         00000000  bge      x14, x15, . + 0x50
#2360 0 80000230 fe042703 r 0e         00000001  lw       x14, -0x20(x8)
#2361 0 80000234 fe842783 r 0f         00000006  lw       x15, -0x18(x8)
#2362 0 80000238 04f75263 r 00         00000000  bge      x14, x15, . + 0x44
#2363 0 8000023c fe442783 r 0f         00000000  lw       x15, -0x1c(x8)
#2364 0 80000240     078a r 0f         00000000  c.slli   x15, 2
#2365 0 80000242     17c1 r 0f         fffffff0  c.addi   x15, -0x10
#2366 0 80000244     97a2 r 0f         f0040ff0  c.add    x15, x8
#2367 0 80000246 fb07a783 r 0f         0000000b  lw       x15, -0x50(x15)
#2368 0 8000024a fcf42c23 m f0040fd8   0000000b  sw       x15, -0x28(x8)
#2369 0 8000024e fe042783 r 0f         00000001  lw       x15, -0x20(x8)
#2370 0 80000252     078a r 0f         00000004  c.slli   x15, 2
#2371 0 80000254     17c1 r 0f         fffffff4  c.addi   x15, -0x10
#2372 0 80000256     97a2 r 0f         f0040ff4  c.add    x15, x8
#2373 0 80000258 fb07a703 r 0e         0000002d  lw       x14, -0x50(x15)
#2374 0 8000025c fe442783 r 0f         00000000  lw       x15, -0x1c(x8)
#2375 0 80000260     078a r 0f         00000000  c.slli   x15, 2
#2376 0 80000262     17c1 r 0f         fffffff0  c.addi   x15, -0x10
#2377 0 80000264     97a2 r 0f         f0040ff0  c.add    x15, x8
#2378 0 80000266 fae7a823 m f0040fa0   0000002d  sw       x14, -0x50(x15)
#2379 0 8000026a fe042783 r 0f         00000001  lw       x15, -0x20(x8)
#2380 0 8000026e     078a r 0f         00000004  c.slli   x15, 2
#2381 0 80000270     17c1 r 0f         fffffff4  c.addi   x15, -0x10
#2382 0 80000272     97a2 r 0f         f0040ff4  c.add    x15, x8
#2383 0 80000274 fd842703 r 0e         0000000b  lw       x14, -0x28(x8)
#2384 0 80000278 fae7a823 m f0040fa4   0000000b  sw       x14, -0x50(x15)
#2385 0 8000027c fe042783 r 0f         00000001  lw       x15, -0x20(x8)
#2386 0 80000280 fef42223 m f0040fe4   00000001  sw       x15, -0x1c(x8)
#2387 0 80000284 fe042703 r 0e         00000001  lw       x14, -0x20(x8)
#2388 0 80000288 fe842783 r 0f         00000006  lw       x15, -0x18(x8)
#2389 0 8000028c f2f74fe3 r 00         00000000  blt      x14, x15, . - 0xc2
#2390 0 800001ca fe442783 r 0f         00000001  lw       x15, -0x1c(x8)
#2391 0 800001ce     0786 r 0f         00000002  c.slli   x15, 1
#2392 0 800001d0     0785 r 0f         00000003  c.addi   x15, 0x1
#2393 0 800001d2 fef42023 m f0040fe0   00000003  sw       x15, -0x20(x8)
#2394 0 800001d6 fe042783 r 0f         00000003  lw       x15, -0x20(x8)
#2395 0 800001da     078a r 0f         0000000c  c.slli   x15, 2
#2396 0 800001dc     17c1 r 0f         fffffffc  c.addi   x15, -0x10
#2397 0 800001de     97a2 r 0f         f0040ffc  c.add    x15, x8
#2398 0 800001e0 fb07a703 r 0e         00000022  lw       x14, -0x50(x15)
#2399 0 800001e4 fe042783 r 0f         00000003  lw       x15, -0x20(x8)
#2400 0 800001e8     0785 r 0f         00000004  c.addi   x15, 0x1
#2401 0 800001ea     078a r 0f         00000010  c.slli   x15, 2
#2402 0 800001ec     17c1 r 0f         00000000  c.addi   x15, -0x10
#2403 0 800001ee     97a2 r 0f         f0041000  c.add    x15, x8
#2404 0 800001f0 fb07a783 r 0f         0000002c  lw       x15, -0x50(x15)
#2405 0 800001f4 00f75e63 r 00         00000000  bge      x14, x15, . + 0x1c
#2406 0 800001f8 fe842783 r 0f         00000006  lw       x15, -0x18(x8)
#2407 0 800001fc     17fd r 0f         00000005  c.addi   x15, -0x1
#2408 0 800001fe fe042703 r 0e         00000003  lw       x14, -0x20(x8)
#2409 0 80000202 00f75763 r 00         00000000  bge      x14, x15, . + 0xe
#2410 0 80000206 fe042783 r 0f         00000003  lw       x15, -0x20(x8)
#2411 0 8000020a     0785 r 0f         00000004  c.addi   x15, 0x1
#2412 0 8000020c fef42023 m f0040fe0   00000004  sw       x15, -0x20(x8)
#2413 0 80000210 fe442783 r 0f         00000001  lw       x15, -0x1c(x8)
#2414 0 80000214     078a r 0f         00000004  c.slli   x15, 2
#2415 0 80000216     17c1 r 0f         fffffff4  c.addi   x15, -0x10
#2416 0 80000218     97a2 r 0f         f0040ff4  c.add    x15, x8
#2417 0 8000021a fb07a703 r 0e         0000000b  lw       x14, -0x50(x15)
#2418 0 8000021e fe042783 r 0f         00000004  lw       x15, -0x20(x8)
#2419 0 80000222     078a r 0f         00000010  c.slli   x15, 2
#2420 0 80000224     17c1 r 0f         00000000  c.addi   x15, -0x10
#2421 0 80000226     97a2 r 0f         f0041000  c.add    x15, x8
#2422 0 80000228 fb07a783 r 0f         0000002c  lw       x15, -0x50(x15)
#2423 0 8000022c 04f75863 r 00         00000000  bge      x14, x15, . + 0x50
#2424 0 80000230 fe042703 r 0e         00000004  lw       x14, -0x20(x8)
#2425 0 80000234 fe842783 r 0f         00000006  lw       x15, -0x18(x8)
#2426 0 80000238 04f75263 r 00         00000000  bge      x14, x15, . + 0x44
#2427 0 8000023c fe442783 r 0f         00000001  lw       x15, -0x1c(x8)
#2428 0 80000240     078a r 0f         00000004  c.slli   x15, 2
#2429 0 80000242     17c1 r 0f         fffffff4  c.addi   x15, -0x10
#2430 0 80000244     97a2 r 0f         f0040ff4  c.add    x15, x8
#2431 0 80000246 fb07a783 r 0f         0000000b  lw       x15, -0x50(x15)
#2432 0 8000024a fcf42c23 m f0040fd8   0000000b  sw       x15, -0x28(x8)
#2433 0 8000024e fe042783 r 0f         00000004  lw       x15, -0x20(x8)
#2434 0 80000252     078a r 0f         00000010  c.slli   x15, 2
#2435 0 80000254     17c1 r 0f         00000000  c.addi   x15, -0x10
#2436 0 80000256     97a2 r 0f         f0041000  c.add    x15, x8
#2437 0 80000258 fb07a703 r 0e         0000002c  lw       x14, -0x50(x15)
#2438 0 8000025c fe442783 r 0f         00000001  lw       x15, -0x1c(x8)
#2439 0 80000260     078a r 0f         00000004  c.slli   x15, 2
#2440 0 80000262     17c1 r 0f         fffffff4  c.addi   x15, -0x10
#2441 0 80000264     97a2 r 0f         f0040ff4  c.add    x15, x8
#2442 0 80000266 fae7a823 m f0040fa4   0000002c  sw       x14, -0x50(x15)
#2443 0 8000026a fe042783 r 0f         00000004  lw       x15, -0x20(x8)
#2444 0 8000026e     078a r 0f         00000010  c.slli   x15, 2
#2445 0 80000270     17c1 r 0f         00000000  c.addi   x15, -0x10
#2446 0 80000272     97a2 r 0f         f0041000  c.add    x15, x8
#2447 0 80000274 fd842703 r 0e         0000000b  lw       x14, -0x28(x8)
#2448 0 80000278 fae7a823 m f0040fb0   0000000b  sw       x14, -0x50(x15)
#2449 0 8000027c fe042783 r 0f         00000004  lw       x15, -0x20(x8)
#2450 0 80000280 fef42223 m f0040fe4   00000004  sw       x15, -0x1c(x8)
#2451 0 80000284 fe042703 r 0e         00000004  lw       x14, -0x20(x8)
#2452 0 80000288 fe842783 r 0f         00000006  lw       x15, -0x18(x8)
#2453 0 8000028c f2f74fe3 r 00         00000000  blt      x14, x15, . - 0xc2
#2454 0 800001ca fe442783 r 0f         00000004  lw       x15, -0x1c(x8)
#2455 0 800001ce     0786 r 0f         00000008  c.slli   x15, 1
#2456 0 800001d0     0785 r 0f         00000009  c.addi   x15, 0x1
#2457 0 800001d2 fef42023 m f0040fe0   00000009  sw       x15, -0x20(x8)
#2458 0 800001d6 fe042783 r 0f         00000009  lw       x15, -0x20(x8)
#2459 0 800001da     078a r 0f         00000024  c.slli   x15, 2
#2460 0 800001dc     17c1 r 0f         00000014  c.addi   x15, -0x10
#2461 0 800001de     97a2 r 0f         f0041014  c.add    x15, x8
#2462 0 800001e0 fb07a703 r 0e         0000004e  lw       x14, -0x50(x15)
#2463 0 800001e4 fe042783 r 0f         00000009  lw       x15, -0x20(x8)
#2464 0 800001e8     0785 r 0f         0000000a  c.addi   x15, 0x1
#2465 0 800001ea     078a r 0f         00000028  c.slli   x15, 2
#2466 0 800001ec     17c1 r 0f         00000018  c.addi   x15, -0x10
#2467 0 800001ee     97a2 r 0f         f0041018  c.add    x15, x8
#2468 0 800001f0 fb07a783 r 0f         00000058  lw       x15, -0x50(x15)
#2469 0 800001f4 00f75e63 r 00         00000000  bge      x14, x15, . + 0x1c
#2470 0 800001f8 fe842783 r 0f         00000006  lw       x15, -0x18(x8)
#2471 0 800001fc     17fd r 0f         00000005  c.addi   x15, -0x1
#2472 0 800001fe fe042703 r 0e         00000009  lw       x14, -0x20(x8)
#2473 0 80000202 00f75763 r 00         00000000  bge      x14, x15, . + 0xe
#2474 0 80000210 fe442783 r 0f         00000004  lw       x15, -0x1c(x8)
#2475 0 80000214     078a r 0f         00000010  c.slli   x15, 2
#2476 0 80000216     17c1 r 0f         00000000  c.addi   x15, -0x10
#2477 0 80000218     97a2 r 0f         f0041000  c.add    x15, x8
#2478 0 8000021a fb07a703 r 0e         0000000b  lw       x14, -0x50(x15)
#2479 0 8000021e fe042783 r 0f         00000009  lw       x15, -0x20(x8)
#2480 0 80000222     078a r 0f         00000024  c.slli   x15, 2
#2481 0 80000224     17c1 r 0f         00000014  c.addi   x15, -0x10
#2482 0 80000226     97a2 r 0f         f0041014  c.add    x15, x8
#2483 0 80000228 fb07a783 r 0f         0000004e  lw       x15, -0x50(x15)
#2484 0 8000022c 04f75863 r 00         00000000  bge      x14, x15, . + 0x50
#2485 0 80000230 fe042703 r 0e         00000009  lw       x14, -0x20(x8)
#2486 0 80000234 fe842783 r 0f         00000006  lw       x15, -0x18(x8)
#2487 0 80000238 04f75263 r 00         00000000  bge      x14, x15, . + 0x44
#2488 0 8000027c fe042783 r 0f         00000009  lw       x15, -0x20(x8)
#2489 0 80000280 fef42223 m f0040fe4   00000009  sw       x15, -0x1c(x8)
#2490 0 80000284 fe042703 r 0e         00000009  lw       x14, -0x20(x8)
#2491 0 80000288 fe842783 r 0f         00000006  lw       x15, -0x18(x8)
#2492 0 8000028c f2f74fe3 r 00         00000000  blt      x14, x15, . - 0xc2
#2493 0 80000290 fe842783 r 0f         00000006  lw       x15, -0x18(x8)
#2494 0 80000294     17fd r 0f         00000005  c.addi   x15, -0x1
#2495 0 80000296 fef42423 m f0040fe8   00000005  sw       x15, -0x18(x8)
#2496 0 8000029a fe842783 r 0f         00000005  lw       x15, -0x18(x8)
#2497 0 8000029e ee07dee3 r 00         00000000  bge      x15, x0, . - 0x104
#2498 0 8000019a fa042783 r 0f         0000002d  lw       x15, -0x60(x8)
#2499 0 8000019e fcf42c23 m f0040fd8   0000002d  sw       x15, -0x28(x8)
#2500 0 800001a2 fe842783 r 0f         00000005  lw       x15, -0x18(x8)
#2501 0 800001a6     078a r 0f         00000014  c.slli   x15, 2
#2502 0 800001a8     17c1 r 0f         00000004  c.addi   x15, -0x10
#2503 0 800001aa     97a2 r 0f         f0041004  c.add    x15, x8
#2504 0 800001ac fb07a783 r 0f         0000000c  lw       x15, -0x50(x15)
#2505 0 800001b0 faf42023 m f0040fa0   0000000c  sw       x15, -0x60(x8)
#2506 0 800001b4 fe842783 r 0f         00000005  lw       x15, -0x18(x8)
#2507 0 800001b8     078a r 0f         00000014  c.slli   x15, 2
#2508 0 800001ba     17c1 r 0f         00000004  c.addi   x15, -0x10
#2509 0 800001bc     97a2 r 0f         f0041004  c.add    x15, x8
#2510 0 800001be fd842703 r 0e         0000002d  lw       x14, -0x28(x8)
#2511 0 800001c2 fae7a823 m f0040fb4   0000002d  sw       x14, -0x50(x15)
#2512 0 800001c6 fe042223 m f0040fe4   00000000  sw       x0, -0x1c(x8)
#2513 0 800001ca fe442783 r 0f         00000000  lw       x15, -0x1c(x8)
#2514 0 800001ce     0786 r 0f         00000000  c.slli   x15, 1
#2515 0 800001d0     0785 r 0f         00000001  c.addi   x15, 0x1
#2516 0 800001d2 fef42023 m f0040fe0   00000001  sw       x15, -0x20(x8)
#2517 0 800001d6 fe042783 r 0f         00000001  lw       x15, -0x20(x8)
#2518 0 800001da     078a r 0f         00000004  c.slli   x15, 2
#2519 0 800001dc     17c1 r 0f         fffffff4  c.addi   x15, -0x10
#2520 0 800001de     97a2 r 0f         f0040ff4  c.add    x15, x8
#2521 0 800001e0 fb07a703 r 0e         0000002c  lw       x14, -0x50(x15)
#2522 0 800001e4 fe042783 r 0f         00000001  lw       x15, -0x20(x8)
#2523 0 800001e8     0785 r 0f         00000002  c.addi   x15, 0x1
#2524 0 800001ea     078a r 0f         00000008  c.slli   x15, 2
#2525 0 800001ec     17c1 r 0f         fffffff8  c.addi   x15, -0x10
#2526 0 800001ee     97a2 r 0f         f0040ff8  c.add    x15, x8
#2527 0 800001f0 fb07a783 r 0f         00000017  lw       x15, -0x50(x15)
#2528 0 800001f4 00f75e63 r 00         00000000  bge      x14, x15, . + 0x1c
#2529 0 80000210 fe442783 r 0f         00000000  lw       x15, -0x1c(x8)
#2530 0 80000214     078a r 0f         00000000  c.slli   x15, 2
#2531 0 80000216     17c1 r 0f         fffffff0  c.addi   x15, -0x10
#2532 0 80000218     97a2 r 0f         f0040ff0  c.add    x15, x8
#2533 0 8000021a fb07a703 r 0e         0000000c  lw       x14, -0x50(x15)
#2534 0 8000021e fe042783 r 0f         00000001  lw       x15, -0x20(x8)
#2535 0 80000222     078a r 0f         00000004  c.slli   x15, 2
#2536 0 80000224     17c1 r 0f         fffffff4  c.addi   x15, -0x10
#2537 0 80000226     97a2 r 0f         f0040ff4  c.add    x15, x8
#2538 0 80000228 fb07a783 r 0f         0000002c  lw       x15, -0x50(x15)
#2539 0 8000022c 04f75863 r 00         00000000  bge      x14, x15, . + 0x50
#2540 0 80000230 fe042703 r 0e         00000001  lw       x14, -0x20(x8)
#2541 0 80000234 fe842783 r 0f         00000005  lw       x15, -0x18(x8)
#2542 0 80000238 04f75263 r 00         00000000  bge      x14, x15, . + 0x44
#2543 0 8000023c fe442783 r 0f         00000000  lw       x15, -0x1c(x8)
#2544 0 80000240     078a r 0f         00000000  c.slli   x15, 2
#2545 0 80000242     17c1 r 0f         fffffff0  c.addi   x15, -0x10
#2546 0 80000244     97a2 r 0f         f0040ff0  c.add    x15, x8
#2547 0 80000246 fb07a783 r 0f         0000000c  lw       x15, -0x50(x15)
#2548 0 8000024a fcf42c23 m f0040fd8   0000000c  sw       x15, -0x28(x8)
#2549 0 8000024e fe042783 r 0f         00000001  lw       x15, -0x20(x8)
#2550 0 80000252     078a r 0f         00000004  c.slli   x15, 2
#2551 0 80000254     17c1 r 0f         fffffff4  c.addi   x15, -0x10
#2552 0 80000256     97a2 r 0f         f0040ff4  c.add    x15, x8
#2553 0 80000258 fb07a703 r 0e         0000002c  lw       x14, -0x50(x15)
#2554 0 8000025c fe442783 r 0f         00000000  lw       x15, -0x1c(x8)
#2555 0 80000260     078a r 0f         00000000  c.slli   x15, 2
#2556 0 80000262     17c1 r 0f         fffffff0  c.addi   x15, -0x10
#2557 0 80000264     97a2 r 0f         f0040ff0  c.add    x15, x8
#2558 0 80000266 fae7a823 m f0040fa0   0000002c  sw       x14, -0x50(x15)
#2559 0 8000026a fe042783 r 0f         00000001  lw       x15, -0x20(x8)
#2560 0 8000026e     078a r 0f         00000004  c.slli   x15, 2
#2561 0 80000270     17c1 r 0f         fffffff4  c.addi   x15, -0x10
#2562 0 80000272     97a2 r 0f         f0040ff4  c.add    x15, x8
#2563 0 80000274 fd842703 r 0e         0000000c  lw       x14, -0x28(x8)
#2564 0 80000278 fae7a823 m f0040fa4   0000000c  sw       x14, -0x50(x15)
#2565 0 8000027c fe042783 r 0f         00000001  lw       x15, -0x20(x8)
#2566 0 80000280 fef42223 m f0040fe4   00000001  sw       x15, -0x1c(x8)
#2567 0 80000284 fe042703 r 0e         00000001  lw       x14, -0x20(x8)
#2568 0 80000288 fe842783 r 0f         00000005  lw       x15, -0x18(x8)
#2569 0 8000028c f2f74fe3 r 00         00000000  blt      x14, x15, . - 0xc2
#2570 0 800001ca fe442783 r 0f         00000001  lw       x15, -0x1c(x8)
#2571 0 800001ce     0786 r 0f         00000002  c.slli   x15, 1
#2572 0 800001d0     0785 r 0f         00000003  c.addi   x15, 0x1
#2573 0 800001d2 fef42023 m f0040fe0   00000003  sw       x15, -0x20(x8)
#2574 0 800001d6 fe042783 r 0f         00000003  lw       x15, -0x20(x8)
#2575 0 800001da     078a r 0f         0000000c  c.slli   x15, 2
#2576 0 800001dc     17c1 r 0f         fffffffc  c.addi   x15, -0x10
#2577 0 800001de     97a2 r 0f         f0040ffc  c.add    x15, x8
#2578 0 800001e0 fb07a703 r 0e         00000022  lw       x14, -0x50(x15)
#2579 0 800001e4 fe042783 r 0f         00000003  lw       x15, -0x20(x8)
#2580 0 800001e8     0785 r 0f         00000004  c.addi   x15, 0x1
#2581 0 800001ea     078a r 0f         00000010  c.slli   x15, 2
#2582 0 800001ec     17c1 r 0f         00000000  c.addi   x15, -0x10
#2583 0 800001ee     97a2 r 0f         f0041000  c.add    x15, x8
#2584 0 800001f0 fb07a783 r 0f         0000000b  lw       x15, -0x50(x15)
#2585 0 800001f4 00f75e63 r 00         00000000  bge      x14, x15, . + 0x1c
#2586 0 80000210 fe442783 r 0f         00000001  lw       x15, -0x1c(x8)
#2587 0 80000214     078a r 0f         00000004  c.slli   x15, 2
#2588 0 80000216     17c1 r 0f         fffffff4  c.addi   x15, -0x10
#2589 0 80000218     97a2 r 0f         f0040ff4  c.add    x15, x8
#2590 0 8000021a fb07a703 r 0e         0000000c  lw       x14, -0x50(x15)
#2591 0 8000021e fe042783 r 0f         00000003  lw       x15, -0x20(x8)
#2592 0 80000222     078a r 0f         0000000c  c.slli   x15, 2
#2593 0 80000224     17c1 r 0f         fffffffc  c.addi   x15, -0x10
#2594 0 80000226     97a2 r 0f         f0040ffc  c.add    x15, x8
#2595 0 80000228 fb07a783 r 0f         00000022  lw       x15, -0x50(x15)
#2596 0 8000022c 04f75863 r 00         00000000  bge      x14, x15, . + 0x50
#2597 0 80000230 fe042703 r 0e         00000003  lw       x14, -0x20(x8)
#2598 0 80000234 fe842783 r 0f         00000005  lw       x15, -0x18(x8)
#2599 0 80000238 04f75263 r 00         00000000  bge      x14, x15, . + 0x44
#2600 0 8000023c fe442783 r 0f         00000001  lw       x15, -0x1c(x8)
#2601 0 80000240     078a r 0f         00000004  c.slli   x15, 2
#2602 0 80000242     17c1 r 0f         fffffff4  c.addi   x15, -0x10
#2603 0 80000244     97a2 r 0f         f0040ff4  c.add    x15, x8
#2604 0 80000246 fb07a783 r 0f         0000000c  lw       x15, -0x50(x15)
#2605 0 8000024a fcf42c23 m f0040fd8   0000000c  sw       x15, -0x28(x8)
#2606 0 8000024e fe042783 r 0f         00000003  lw       x15, -0x20(x8)
#2607 0 80000252     078a r 0f         0000000c  c.slli   x15, 2
#2608 0 80000254     17c1 r 0f         fffffffc  c.addi   x15, -0x10
#2609 0 80000256     97a2 r 0f         f0040ffc  c.add    x15, x8
#2610 0 80000258 fb07a703 r 0e         00000022  lw       x14, -0x50(x15)
#2611 0 8000025c fe442783 r 0f         00000001  lw       x15, -0x1c(x8)
#2612 0 80000260     078a r 0f         00000004  c.slli   x15, 2
#2613 0 80000262     17c1 r 0f         fffffff4  c.addi   x15, -0x10
#2614 0 80000264     97a2 r 0f         f0040ff4  c.add    x15, x8
#2615 0 80000266 fae7a823 m f0040fa4   00000022  sw       x14, -0x50(x15)
#2616 0 8000026a fe042783 r 0f         00000003  lw       x15, -0x20(x8)
#2617 0 8000026e     078a r 0f         0000000c  c.slli   x15, 2
#2618 0 80000270     17c1 r 0f         fffffffc  c.addi   x15, -0x10
#2619 0 80000272     97a2 r 0f         f0040ffc  c.add    x15, x8
#2620 0 80000274 fd842703 r 0e         0000000c  lw       x14, -0x28(x8)
#2621 0 80000278 fae7a823 m f0040fac   0000000c  sw       x14, -0x50(x15)
#2622 0 8000027c fe042783 r 0f         00000003  lw       x15, -0x20(x8)
#2623 0 80000280 fef42223 m f0040fe4   00000003  sw       x15, -0x1c(x8)
#2624 0 80000284 fe042703 r 0e         00000003  lw       x14, -0x20(x8)
#2625 0 80000288 fe842783 r 0f         00000005  lw       x15, -0x18(x8)
#2626 0 8000028c f2f74fe3 r 00         00000000  blt      x14, x15, . - 0xc2
#2627 0 800001ca fe442783 r 0f         00000003  lw       x15, -0x1c(x8)
#2628 0 800001ce     0786 r 0f         00000006  c.slli   x15, 1
#2629 0 800001d0     0785 r 0f         00000007  c.addi   x15, 0x1
#2630 0 800001d2 fef42023 m f0040fe0   00000007  sw       x15, -0x20(x8)
#2631 0 800001d6 fe042783 r 0f         00000007  lw       x15, -0x20(x8)
#2632 0 800001da     078a r 0f         0000001c  c.slli   x15, 2
#2633 0 800001dc     17c1 r 0f         0000000c  c.addi   x15, -0x10
#2634 0 800001de     97a2 r 0f         f004100c  c.add    x15, x8
#2635 0 800001e0 fb07a703 r 0e         00000043  lw       x14, -0x50(x15)
#2636 0 800001e4 fe042783 r 0f         00000007  lw       x15, -0x20(x8)
#2637 0 800001e8     0785 r 0f         00000008  c.addi   x15, 0x1
#2638 0 800001ea     078a r 0f         00000020  c.slli   x15, 2
#2639 0 800001ec     17c1 r 0f         00000010  c.addi   x15, -0x10
#2640 0 800001ee     97a2 r 0f         f0041010  c.add    x15, x8
#2641 0 800001f0 fb07a783 r 0f         00000048  lw       x15, -0x50(x15)
#2642 0 800001f4 00f75e63 r 00         00000000  bge      x14, x15, . + 0x1c
#2643 0 800001f8 fe842783 r 0f         00000005  lw       x15, -0x18(x8)
#2644 0 800001fc     17fd r 0f         00000004  c.addi   x15, -0x1
#2645 0 800001fe fe042703 r 0e         00000007  lw       x14, -0x20(x8)
#2646 0 80000202 00f75763 r 00         00000000  bge      x14, x15, . + 0xe
#2647 0 80000210 fe442783 r 0f         00000003  lw       x15, -0x1c(x8)
#2648 0 80000214     078a r 0f         0000000c  c.slli   x15, 2
#2649 0 80000216     17c1 r 0f         fffffffc  c.addi   x15, -0x10
#2650 0 80000218     97a2 r 0f         f0040ffc  c.add    x15, x8
#2651 0 8000021a fb07a703 r 0e         0000000c  lw       x14, -0x50(x15)
#2652 0 8000021e fe042783 r 0f         00000007  lw       x15, -0x20(x8)
#2653 0 80000222     078a r 0f         0000001c  c.slli   x15, 2
#2654 0 80000224     17c1 r 0f         0000000c  c.addi   x15, -0x10
#2655 0 80000226     97a2 r 0f         f004100c  c.add    x15, x8
#2656 0 80000228 fb07a783 r 0f         00000043  lw       x15, -0x50(x15)
#2657 0 8000022c 04f75863 r 00         00000000  bge      x14, x15, . + 0x50
#2658 0 80000230 fe042703 r 0e         00000007  lw       x14, -0x20(x8)
#2659 0 80000234 fe842783 r 0f         00000005  lw       x15, -0x18(x8)
#2660 0 80000238 04f75263 r 00         00000000  bge      x14, x15, . + 0x44
#2661 0 8000027c fe042783 r 0f         00000007  lw       x15, -0x20(x8)
#2662 0 80000280 fef42223 m f0040fe4   00000007  sw       x15, -0x1c(x8)
#2663 0 80000284 fe042703 r 0e         00000007  lw       x14, -0x20(x8)
#2664 0 80000288 fe842783 r 0f         00000005  lw       x15, -0x18(x8)
#2665 0 8000028c f2f74fe3 r 00         00000000  blt      x14, x15, . - 0xc2
#2666 0 80000290 fe842783 r 0f         00000005  lw       x15, -0x18(x8)
#2667 0 80000294     17fd r 0f         00000004  c.addi   x15, -0x1
#2668 0 80000296 fef42423 m f0040fe8   00000004  sw       x15, -0x18(x8)
#2669 0 8000029a fe842783 r 0f         00000004  lw       x15, -0x18(x8)
#2670 0 8000029e ee07dee3 r 00         00000000  bge      x15, x0, . - 0x104
#2671 0 8000019a fa042783 r 0f         0000002c  lw       x15, -0x60(x8)
#2672 0 8000019e fcf42c23 m f0040fd8   0000002c  sw       x15, -0x28(x8)
#2673 0 800001a2 fe842783 r 0f         00000004  lw       x15, -0x18(x8)
#2674 0 800001a6     078a r 0f         00000010  c.slli   x15, 2
#2675 0 800001a8     17c1 r 0f         00000000  c.addi   x15, -0x10
#2676 0 800001aa     97a2 r 0f         f0041000  c.add    x15, x8
#2677 0 800001ac fb07a783 r 0f         0000000b  lw       x15, -0x50(x15)
#2678 0 800001b0 faf42023 m f0040fa0   0000000b  sw       x15, -0x60(x8)
#2679 0 800001b4 fe842783 r 0f         00000004  lw       x15, -0x18(x8)
#2680 0 800001b8     078a r 0f         00000010  c.slli   x15, 2
#2681 0 800001ba     17c1 r 0f         00000000  c.addi   x15, -0x10
#2682 0 800001bc     97a2 r 0f         f0041000  c.add    x15, x8
#2683 0 800001be fd842703 r 0e         0000002c  lw       x14, -0x28(x8)
#2684 0 800001c2 fae7a823 m f0040fb0   0000002c  sw       x14, -0x50(x15)
#2685 0 800001c6 fe042223 m f0040fe4   00000000  sw       x0, -0x1c(x8)
#2686 0 800001ca fe442783 r 0f         00000000  lw       x15, -0x1c(x8)
#2687 0 800001ce     0786 r 0f         00000000  c.slli   x15, 1
#2688 0 800001d0     0785 r 0f         00000001  c.addi   x15, 0x1
#2689 0 800001d2 fef42023 m f0040fe0   00000001  sw       x15, -0x20(x8)
#2690 0 800001d6 fe042783 r 0f         00000001  lw       x15, -0x20(x8)
#2691 0 800001da     078a r 0f         00000004  c.slli   x15, 2
#2692 0 800001dc     17c1 r 0f         fffffff4  c.addi   x15, -0x10
#2693 0 800001de     97a2 r 0f         f0040ff4  c.add    x15, x8
#2694 0 800001e0 fb07a703 r 0e         00000022  lw       x14, -0x50(x15)
#2695 0 800001e4 fe042783 r 0f         00000001  lw       x15, -0x20(x8)
#2696 0 800001e8     0785 r 0f         00000002  c.addi   x15, 0x1
#2697 0 800001ea     078a r 0f         00000008  c.slli   x15, 2
#2698 0 800001ec     17c1 r 0f         fffffff8  c.addi   x15, -0x10
#2699 0 800001ee     97a2 r 0f         f0040ff8  c.add    x15, x8
#2700 0 800001f0 fb07a783 r 0f         00000017  lw       x15, -0x50(x15)
#2701 0 800001f4 00f75e63 r 00         00000000  bge      x14, x15, . + 0x1c
#2702 0 80000210 fe442783 r 0f         00000000  lw       x15, -0x1c(x8)
#2703 0 80000214     078a r 0f         00000000  c.slli   x15, 2
#2704 0 80000216     17c1 r 0f         fffffff0  c.addi   x15, -0x10
#2705 0 80000218     97a2 r 0f         f0040ff0  c.add    x15, x8
#2706 0 8000021a fb07a703 r 0e         0000000b  lw       x14, -0x50(x15)
#2707 0 8000021e fe042783 r 0f         00000001  lw       x15, -0x20(x8)
#2708 0 80000222     078a r 0f         00000004  c.slli   x15, 2
#2709 0 80000224     17c1 r 0f         fffffff4  c.addi   x15, -0x10
#2710 0 80000226     97a2 r 0f         f0040ff4  c.add    x15, x8
#2711 0 80000228 fb07a783 r 0f         00000022  lw       x15, -0x50(x15)
#2712 0 8000022c 04f75863 r 00         00000000  bge      x14, x15, . + 0x50
#2713 0 80000230 fe042703 r 0e         00000001  lw       x14, -0x20(x8)
#2714 0 80000234 fe842783 r 0f         00000004  lw       x15, -0x18(x8)
#2715 0 80000238 04f75263 r 00         00000000  bge      x14, x15, . + 0x44
#2716 0 8000023c fe442783 r 0f         00000000  lw       x15, -0x1c(x8)
#2717 0 80000240     078a r 0f         00000000  c.slli   x15, 2
#2718 0 80000242     17c1 r 0f         fffffff0  c.addi   x15, -0x10
#2719 0 80000244     97a2 r 0f         f0040ff0  c.add    x15, x8
#2720 0 80000246 fb07a783 r 0f         0000000b  lw       x15, -0x50(x15)
#2721 0 8000024a fcf42c23 m f0040fd8   0000000b  sw       x15, -0x28(x8)
#2722 0 8000024e fe042783 r 0f         00000001  lw       x15, -0x20(x8)
#2723 0 80000252     078a r 0f         00000004  c.slli   x15, 2
#2724 0 80000254     17c1 r 0f         fffffff4  c.addi   x15, -0x10
#2725 0 80000256     97a2 r 0f         f0040ff4  c.add    x15, x8
#2726 0 80000258 fb07a703 r 0e         00000022  lw       x14, -0x50(x15)
#2727 0 8000025c fe442783 r 0f         00000000  lw       x15, -0x1c(x8)
#2728 0 80000260     078a r 0f         00000000  c.slli   x15, 2
#2729 0 80000262     17c1 r 0f         fffffff0  c.addi   x15, -0x10
#2730 0 80000264     97a2 r 0f         f0040ff0  c.add    x15, x8
#2731 0 80000266 fae7a823 m f0040fa0   00000022  sw       x14, -0x50(x15)
#2732 0 8000026a fe042783 r 0f         00000001  lw       x15, -0x20(x8)
#2733 0 8000026e     078a r 0f         00000004  c.slli   x15, 2
#2734 0 80000270     17c1 r 0f         fffffff4  c.addi   x15, -0x10
#2735 0 80000272     97a2 r 0f         f0040ff4  c.add    x15, x8
#2736 0 80000274 fd842703 r 0e         0000000b  lw       x14, -0x28(x8)
#2737 0 80000278 fae7a823 m f0040fa4   0000000b  sw       x14, -0x50(x15)
#2738 0 8000027c fe042783 r 0f         00000001  lw       x15, -0x20(x8)
#2739 0 80000280 fef42223 m f0040fe4   00000001  sw       x15, -0x1c(x8)
#2740 0 80000284 fe042703 r 0e         00000001  lw       x14, -0x20(x8)
#2741 0 80000288 fe842783 r 0f         00000004  lw       x15, -0x18(x8)
#2742 0 8000028c f2f74fe3 r 00         00000000  blt      x14, x15, . - 0xc2
#2743 0 800001ca fe442783 r 0f         00000001  lw       x15, -0x1c(x8)
#2744 0 800001ce     0786 r 0f         00000002  c.slli   x15, 1
#2745 0 800001d0     0785 r 0f         00000003  c.addi   x15, 0x1
#2746 0 800001d2 fef42023 m f0040fe0   00000003  sw       x15, -0x20(x8)
#2747 0 800001d6 fe042783 r 0f         00000003  lw       x15, -0x20(x8)
#2748 0 800001da     078a r 0f         0000000c  c.slli   x15, 2
#2749 0 800001dc     17c1 r 0f         fffffffc  c.addi   x15, -0x10
#2750 0 800001de     97a2 r 0f         f0040ffc  c.add    x15, x8
#2751 0 800001e0 fb07a703 r 0e         0000000c  lw       x14, -0x50(x15)
#2752 0 800001e4 fe042783 r 0f         00000003  lw       x15, -0x20(x8)
#2753 0 800001e8     0785 r 0f         00000004  c.addi   x15, 0x1
#2754 0 800001ea     078a r 0f         00000010  c.slli   x15, 2
#2755 0 800001ec     17c1 r 0f         00000000  c.addi   x15, -0x10
#2756 0 800001ee     97a2 r 0f         f0041000  c.add    x15, x8
#2757 0 800001f0 fb07a783 r 0f         0000002c  lw       x15, -0x50(x15)
#2758 0 800001f4 00f75e63 r 00         00000000  bge      x14, x15, . + 0x1c
#2759 0 800001f8 fe842783 r 0f         00000004  lw       x15, -0x18(x8)
#2760 0 800001fc     17fd r 0f         00000003  c.addi   x15, -0x1
#2761 0 800001fe fe042703 r 0e         00000003  lw       x14, -0x20(x8)
#2762 0 80000202 00f75763 r 00         00000000  bge      x14, x15, . + 0xe
#2763 0 80000210 fe442783 r 0f         00000001  lw       x15, -0x1c(x8)
#2764 0 80000214     078a r 0f         00000004  c.slli   x15, 2
#2765 0 80000216     17c1 r 0f         fffffff4  c.addi   x15, -0x10
#2766 0 80000218     97a2 r 0f         f0040ff4  c.add    x15, x8
#2767 0 8000021a fb07a703 r 0e         0000000b  lw       x14, -0x50(x15)
#2768 0 8000021e fe042783 r 0f         00000003  lw       x15, -0x20(x8)
#2769 0 80000222     078a r 0f         0000000c  c.slli   x15, 2
#2770 0 80000224     17c1 r 0f         fffffffc  c.addi   x15, -0x10
#2771 0 80000226     97a2 r 0f         f0040ffc  c.add    x15, x8
#2772 0 80000228 fb07a783 r 0f         0000000c  lw       x15, -0x50(x15)
#2773 0 8000022c 04f75863 r 00         00000000  bge      x14, x15, . + 0x50
#2774 0 80000230 fe042703 r 0e         00000003  lw       x14, -0x20(x8)
#2775 0 80000234 fe842783 r 0f         00000004  lw       x15, -0x18(x8)
#2776 0 80000238 04f75263 r 00         00000000  bge      x14, x15, . + 0x44
#2777 0 8000023c fe442783 r 0f         00000001  lw       x15, -0x1c(x8)
#2778 0 80000240     078a r 0f         00000004  c.slli   x15, 2
#2779 0 80000242     17c1 r 0f         fffffff4  c.addi   x15, -0x10
#2780 0 80000244     97a2 r 0f         f0040ff4  c.add    x15, x8
#2781 0 80000246 fb07a783 r 0f         0000000b  lw       x15, -0x50(x15)
#2782 0 8000024a fcf42c23 m f0040fd8   0000000b  sw       x15, -0x28(x8)
#2783 0 8000024e fe042783 r 0f         00000003  lw       x15, -0x20(x8)
#2784 0 80000252     078a r 0f         0000000c  c.slli   x15, 2
#2785 0 80000254     17c1 r 0f         fffffffc  c.addi   x15, -0x10
#2786 0 80000256     97a2 r 0f         f0040ffc  c.add    x15, x8
#2787 0 80000258 fb07a703 r 0e         0000000c  lw       x14, -0x50(x15)
#2788 0 8000025c fe442783 r 0f         00000001  lw       x15, -0x1c(x8)
#2789 0 80000260     078a r 0f         00000004  c.slli   x15, 2
#2790 0 80000262     17c1 r 0f         fffffff4  c.addi   x15, -0x10
#2791 0 80000264     97a2 r 0f         f0040ff4  c.add    x15, x8
#2792 0 80000266 fae7a823 m f0040fa4   0000000c  sw       x14, -0x50(x15)
#2793 0 8000026a fe042783 r 0f         00000003  lw       x15, -0x20(x8)
#2794 0 8000026e     078a r 0f         0000000c  c.slli   x15, 2
#2795 0 80000270     17c1 r 0f         fffffffc  c.addi   x15, -0x10
#2796 0 80000272     97a2 r 0f         f0040ffc  c.add    x15, x8
#2797 0 80000274 fd842703 r 0e         0000000b  lw       x14, -0x28(x8)
#2798 0 80000278 fae7a823 m f0040fac   0000000b  sw       x14, -0x50(x15)
#2799 0 8000027c fe042783 r 0f         00000003  lw       x15, -0x20(x8)
#2800 0 80000280 fef42223 m f0040fe4   00000003  sw       x15, -0x1c(x8)
#2801 0 80000284 fe042703 r 0e         00000003  lw       x14, -0x20(x8)
#2802 0 80000288 fe842783 r 0f         00000004  lw       x15, -0x18(x8)
#2803 0 8000028c f2f74fe3 r 00         00000000  blt      x14, x15, . - 0xc2
#2804 0 800001ca fe442783 r 0f         00000003  lw       x15, -0x1c(x8)
#2805 0 800001ce     0786 r 0f         00000006  c.slli   x15, 1
#2806 0 800001d0     0785 r 0f         00000007  c.addi   x15, 0x1
#2807 0 800001d2 fef42023 m f0040fe0   00000007  sw       x15, -0x20(x8)
#2808 0 800001d6 fe042783 r 0f         00000007  lw       x15, -0x20(x8)
#2809 0 800001da     078a r 0f         0000001c  c.slli   x15, 2
#2810 0 800001dc     17c1 r 0f         0000000c  c.addi   x15, -0x10
#2811 0 800001de     97a2 r 0f         f004100c  c.add    x15, x8
#2812 0 800001e0 fb07a703 r 0e         00000043  lw       x14, -0x50(x15)
#2813 0 800001e4 fe042783 r 0f         00000007  lw       x15, -0x20(x8)
#2814 0 800001e8     0785 r 0f         00000008  c.addi   x15, 0x1
#2815 0 800001ea     078a r 0f         00000020  c.slli   x15, 2
#2816 0 800001ec     17c1 r 0f         00000010  c.addi   x15, -0x10
#2817 0 800001ee     97a2 r 0f         f0041010  c.add    x15, x8
#2818 0 800001f0 fb07a783 r 0f         00000048  lw       x15, -0x50(x15)
#2819 0 800001f4 00f75e63 r 00         00000000  bge      x14, x15, . + 0x1c
#2820 0 800001f8 fe842783 r 0f         00000004  lw       x15, -0x18(x8)
#2821 0 800001fc     17fd r 0f         00000003  c.addi   x15, -0x1
#2822 0 800001fe fe042703 r 0e         00000007  lw       x14, -0x20(x8)
#2823 0 80000202 00f75763 r 00         00000000  bge      x14, x15, . + 0xe
#2824 0 80000210 fe442783 r 0f         00000003  lw       x15, -0x1c(x8)
#2825 0 80000214     078a r 0f         0000000c  c.slli   x15, 2
#2826 0 80000216     17c1 r 0f         fffffffc  c.addi   x15, -0x10
#2827 0 80000218     97a2 r 0f         f0040ffc  c.add    x15, x8
#2828 0 8000021a fb07a703 r 0e         0000000b  lw       x14, -0x50(x15)
#2829 0 8000021e fe042783 r 0f         00000007  lw       x15, -0x20(x8)
#2830 0 80000222     078a r 0f         0000001c  c.slli   x15, 2
#2831 0 80000224     17c1 r 0f         0000000c  c.addi   x15, -0x10
#2832 0 80000226     97a2 r 0f         f004100c  c.add    x15, x8
#2833 0 80000228 fb07a783 r 0f         00000043  lw       x15, -0x50(x15)
#2834 0 8000022c 04f75863 r 00         00000000  bge      x14, x15, . + 0x50
#2835 0 80000230 fe042703 r 0e         00000007  lw       x14, -0x20(x8)
#2836 0 80000234 fe842783 r 0f         00000004  lw       x15, -0x18(x8)
#2837 0 80000238 04f75263 r 00         00000000  bge      x14, x15, . + 0x44
#2838 0 8000027c fe042783 r 0f         00000007  lw       x15, -0x20(x8)
#2839 0 80000280 fef42223 m f0040fe4   00000007  sw       x15, -0x1c(x8)
#2840 0 80000284 fe042703 r 0e         00000007  lw       x14, -0x20(x8)
#2841 0 80000288 fe842783 r 0f         00000004  lw       x15, -0x18(x8)
#2842 0 8000028c f2f74fe3 r 00         00000000  blt      x14, x15, . - 0xc2
#2843 0 80000290 fe842783 r 0f         00000004  lw       x15, -0x18(x8)
#2844 0 80000294     17fd r 0f         00000003  c.addi   x15, -0x1
#2845 0 80000296 fef42423 m f0040fe8   00000003  sw       x15, -0x18(x8)
#2846 0 8000029a fe842783 r 0f         00000003  lw       x15, -0x18(x8)
#2847 0 8000029e ee07dee3 r 00         00000000  bge      x15, x0, . - 0x104
#2848 0 8000019a fa042783 r 0f         00000022  lw       x15, -0x60(x8)
#2849 0 8000019e fcf42c23 m f0040fd8   00000022  sw       x15, -0x28(x8)
#2850 0 800001a2 fe842783 r 0f         00000003  lw       x15, -0x18(x8)
#2851 0 800001a6     078a r 0f         0000000c  c.slli   x15, 2
#2852 0 800001a8     17c1 r 0f         fffffffc  c.addi   x15, -0x10
#2853 0 800001aa     97a2 r 0f         f0040ffc  c.add    x15, x8
#2854 0 800001ac fb07a783 r 0f         0000000b  lw       x15, -0x50(x15)
#2855 0 800001b0 faf42023 m f0040fa0   0000000b  sw       x15, -0x60(x8)
#2856 0 800001b4 fe842783 r 0f         00000003  lw       x15, -0x18(x8)
#2857 0 800001b8     078a r 0f         0000000c  c.slli   x15, 2
#2858 0 800001ba     17c1 r 0f         fffffffc  c.addi   x15, -0x10
#2859 0 800001bc     97a2 r 0f         f0040ffc  c.add    x15, x8
#2860 0 800001be fd842703 r 0e         00000022  lw       x14, -0x28(x8)
#2861 0 800001c2 fae7a823 m f0040fac   00000022  sw       x14, -0x50(x15)
#2862 0 800001c6 fe042223 m f0040fe4   00000000  sw       x0, -0x1c(x8)
#2863 0 800001ca fe442783 r 0f         00000000  lw       x15, -0x1c(x8)
#2864 0 800001ce     0786 r 0f         00000000  c.slli   x15, 1
#2865 0 800001d0     0785 r 0f         00000001  c.addi   x15, 0x1
#2866 0 800001d2 fef42023 m f0040fe0   00000001  sw       x15, -0x20(x8)
#2867 0 800001d6 fe042783 r 0f         00000001  lw       x15, -0x20(x8)
#2868 0 800001da     078a r 0f         00000004  c.slli   x15, 2
#2869 0 800001dc     17c1 r 0f         fffffff4  c.addi   x15, -0x10
#2870 0 800001de     97a2 r 0f         f0040ff4  c.add    x15, x8
#2871 0 800001e0 fb07a703 r 0e         0000000c  lw       x14, -0x50(x15)
#2872 0 800001e4 fe042783 r 0f         00000001  lw       x15, -0x20(x8)
#2873 0 800001e8     0785 r 0f         00000002  c.addi   x15, 0x1
#2874 0 800001ea     078a r 0f         00000008  c.slli   x15, 2
#2875 0 800001ec     17c1 r 0f         fffffff8  c.addi   x15, -0x10
#2876 0 800001ee     97a2 r 0f         f0040ff8  c.add    x15, x8
#2877 0 800001f0 fb07a783 r 0f         00000017  lw       x15, -0x50(x15)
#2878 0 800001f4 00f75e63 r 00         00000000  bge      x14, x15, . + 0x1c
#2879 0 800001f8 fe842783 r 0f         00000003  lw       x15, -0x18(x8)
#2880 0 800001fc     17fd r 0f         00000002  c.addi   x15, -0x1
#2881 0 800001fe fe042703 r 0e         00000001  lw       x14, -0x20(x8)
#2882 0 80000202 00f75763 r 00         00000000  bge      x14, x15, . + 0xe
#2883 0 80000206 fe042783 r 0f         00000001  lw       x15, -0x20(x8)
#2884 0 8000020a     0785 r 0f         00000002  c.addi   x15, 0x1
#2885 0 8000020c fef42023 m f0040fe0   00000002  sw       x15, -0x20(x8)
#2886 0 80000210 fe442783 r 0f         00000000  lw       x15, -0x1c(x8)
#2887 0 80000214     078a r 0f         00000000  c.slli   x15, 2
#2888 0 80000216     17c1 r 0f         fffffff0  c.addi   x15, -0x10
#2889 0 80000218     97a2 r 0f         f0040ff0  c.add    x15, x8
#2890 0 8000021a fb07a703 r 0e         0000000b  lw       x14, -0x50(x15)
#2891 0 8000021e fe042783 r 0f         00000002  lw       x15, -0x20(x8)
#2892 0 80000222     078a r 0f         00000008  c.slli   x15, 2
#2893 0 80000224     17c1 r 0f         fffffff8  c.addi   x15, -0x10
#2894 0 80000226     97a2 r 0f         f0040ff8  c.add    x15, x8
#2895 0 80000228 fb07a783 r 0f         00000017  lw       x15, -0x50(x15)
#2896 0 8000022c 04f75863 r 00         00000000  bge      x14, x15, . + 0x50
#2897 0 80000230 fe042703 r 0e         00000002  lw       x14, -0x20(x8)
#2898 0 80000234 fe842783 r 0f         00000003  lw       x15, -0x18(x8)
#2899 0 80000238 04f75263 r 00         00000000  bge      x14, x15, . + 0x44
#2900 0 8000023c fe442783 r 0f         00000000  lw       x15, -0x1c(x8)
#2901 0 80000240     078a r 0f         00000000  c.slli   x15, 2
#2902 0 80000242     17c1 r 0f         fffffff0  c.addi   x15, -0x10
#2903 0 80000244     97a2 r 0f         f0040ff0  c.add    x15, x8
#2904 0 80000246 fb07a783 r 0f         0000000b  lw       x15, -0x50(x15)
#2905 0 8000024a fcf42c23 m f0040fd8   0000000b  sw       x15, -0x28(x8)
#2906 0 8000024e fe042783 r 0f         00000002  lw       x15, -0x20(x8)
#2907 0 80000252     078a r 0f         00000008  c.slli   x15, 2
#2908 0 80000254     17c1 r 0f         fffffff8  c.addi   x15, -0x10
#2909 0 80000256     97a2 r 0f         f0040ff8  c.add    x15, x8
#2910 0 80000258 fb07a703 r 0e         00000017  lw       x14, -0x50(x15)
#2911 0 8000025c fe442783 r 0f         00000000  lw       x15, -0x1c(x8)
#2912 0 80000260     078a r 0f         00000000  c.slli   x15, 2
#2913 0 80000262     17c1 r 0f         fffffff0  c.addi   x15, -0x10
#2914 0 80000264     97a2 r 0f         f0040ff0  c.add    x15, x8
#2915 0 80000266 fae7a823 m f0040fa0   00000017  sw       x14, -0x50(x15)
#2916 0 8000026a fe042783 r 0f         00000002  lw       x15, -0x20(x8)
#2917 0 8000026e     078a r 0f         00000008  c.slli   x15, 2
#2918 0 80000270     17c1 r 0f         fffffff8  c.addi   x15, -0x10
#2919 0 80000272     97a2 r 0f         f0040ff8  c.add    x15, x8
#2920 0 80000274 fd842703 r 0e         0000000b  lw       x14, -0x28(x8)
#2921 0 80000278 fae7a823 m f0040fa8   0000000b  sw       x14, -0x50(x15)
#2922 0 8000027c fe042783 r 0f         00000002  lw       x15, -0x20(x8)
#2923 0 80000280 fef42223 m f0040fe4   00000002  sw       x15, -0x1c(x8)
#2924 0 80000284 fe042703 r 0e         00000002  lw       x14, -0x20(x8)
#2925 0 80000288 fe842783 r 0f         00000003  lw       x15, -0x18(x8)
#2926 0 8000028c f2f74fe3 r 00         00000000  blt      x14, x15, . - 0xc2
#2927 0 800001ca fe442783 r 0f         00000002  lw       x15, -0x1c(x8)
#2928 0 800001ce     0786 r 0f         00000004  c.slli   x15, 1
#2929 0 800001d0     0785 r 0f         00000005  c.addi   x15, 0x1
#2930 0 800001d2 fef42023 m f0040fe0   00000005  sw       x15, -0x20(x8)
#2931 0 800001d6 fe042783 r 0f         00000005  lw       x15, -0x20(x8)
#2932 0 800001da     078a r 0f         00000014  c.slli   x15, 2
#2933 0 800001dc     17c1 r 0f         00000004  c.addi   x15, -0x10
#2934 0 800001de     97a2 r 0f         f0041004  c.add    x15, x8
#2935 0 800001e0 fb07a703 r 0e         0000002d  lw       x14, -0x50(x15)
#2936 0 800001e4 fe042783 r 0f         00000005  lw       x15, -0x20(x8)
#2937 0 800001e8     0785 r 0f         00000006  c.addi   x15, 0x1
#2938 0 800001ea     078a r 0f         00000018  c.slli   x15, 2
#2939 0 800001ec     17c1 r 0f         00000008  c.addi   x15, -0x10
#2940 0 800001ee     97a2 r 0f         f0041008  c.add    x15, x8
#2941 0 800001f0 fb07a783 r 0f         00000042  lw       x15, -0x50(x15)
#2942 0 800001f4 00f75e63 r 00         00000000  bge      x14, x15, . + 0x1c
#2943 0 800001f8 fe842783 r 0f         00000003  lw       x15, -0x18(x8)
#2944 0 800001fc     17fd r 0f         00000002  c.addi   x15, -0x1
#2945 0 800001fe fe042703 r 0e         00000005  lw       x14, -0x20(x8)
#2946 0 80000202 00f75763 r 00         00000000  bge      x14, x15, . + 0xe
#2947 0 80000210 fe442783 r 0f         00000002  lw       x15, -0x1c(x8)
#2948 0 80000214     078a r 0f         00000008  c.slli   x15, 2
#2949 0 80000216     17c1 r 0f         fffffff8  c.addi   x15, -0x10
#2950 0 80000218     97a2 r 0f         f0040ff8  c.add    x15, x8
#2951 0 8000021a fb07a703 r 0e         0000000b  lw       x14, -0x50(x15)
#2952 0 8000021e fe042783 r 0f         00000005  lw       x15, -0x20(x8)
#2953 0 80000222     078a r 0f         00000014  c.slli   x15, 2
#2954 0 80000224     17c1 r 0f         00000004  c.addi   x15, -0x10
#2955 0 80000226     97a2 r 0f         f0041004  c.add    x15, x8
#2956 0 80000228 fb07a783 r 0f         0000002d  lw       x15, -0x50(x15)
#2957 0 8000022c 04f75863 r 00         00000000  bge      x14, x15, . + 0x50
#2958 0 80000230 fe042703 r 0e         00000005  lw       x14, -0x20(x8)
#2959 0 80000234 fe842783 r 0f         00000003  lw       x15, -0x18(x8)
#2960 0 80000238 04f75263 r 00         00000000  bge      x14, x15, . + 0x44
#2961 0 8000027c fe042783 r 0f         00000005  lw       x15, -0x20(x8)
#2962 0 80000280 fef42223 m f0040fe4   00000005  sw       x15, -0x1c(x8)
#2963 0 80000284 fe042703 r 0e         00000005  lw       x14, -0x20(x8)
#2964 0 80000288 fe842783 r 0f         00000003  lw       x15, -0x18(x8)
#2965 0 8000028c f2f74fe3 r 00         00000000  blt      x14, x15, . - 0xc2
#2966 0 80000290 fe842783 r 0f         00000003  lw       x15, -0x18(x8)
#2967 0 80000294     17fd r 0f         00000002  c.addi   x15, -0x1
#2968 0 80000296 fef42423 m f0040fe8   00000002  sw       x15, -0x18(x8)
#2969 0 8000029a fe842783 r 0f         00000002  lw       x15, -0x18(x8)
#2970 0 8000029e ee07dee3 r 00         00000000  bge      x15, x0, . - 0x104
#2971 0 8000019a fa042783 r 0f         00000017  lw       x15, -0x60(x8)
#2972 0 8000019e fcf42c23 m f0040fd8   00000017  sw       x15, -0x28(x8)
#2973 0 800001a2 fe842783 r 0f         00000002  lw       x15, -0x18(x8)
#2974 0 800001a6     078a r 0f         00000008  c.slli   x15, 2
#2975 0 800001a8     17c1 r 0f         fffffff8  c.addi   x15, -0x10
#2976 0 800001aa     97a2 r 0f         f0040ff8  c.add    x15, x8
#2977 0 800001ac fb07a783 r 0f         0000000b  lw       x15, -0x50(x15)
#2978 0 800001b0 faf42023 m f0040fa0   0000000b  sw       x15, -0x60(x8)
#2979 0 800001b4 fe842783 r 0f         00000002  lw       x15, -0x18(x8)
#2980 0 800001b8     078a r 0f         00000008  c.slli   x15, 2
#2981 0 800001ba     17c1 r 0f         fffffff8  c.addi   x15, -0x10
#2982 0 800001bc     97a2 r 0f         f0040ff8  c.add    x15, x8
#2983 0 800001be fd842703 r 0e         00000017  lw       x14, -0x28(x8)
#2984 0 800001c2 fae7a823 m f0040fa8   00000017  sw       x14, -0x50(x15)
#2985 0 800001c6 fe042223 m f0040fe4   00000000  sw       x0, -0x1c(x8)
#2986 0 800001ca fe442783 r 0f         00000000  lw       x15, -0x1c(x8)
#2987 0 800001ce     0786 r 0f         00000000  c.slli   x15, 1
#2988 0 800001d0     0785 r 0f         00000001  c.addi   x15, 0x1
#2989 0 800001d2 fef42023 m f0040fe0   00000001  sw       x15, -0x20(x8)
#2990 0 800001d6 fe042783 r 0f         00000001  lw       x15, -0x20(x8)
#2991 0 800001da     078a r 0f         00000004  c.slli   x15, 2
#2992 0 800001dc     17c1 r 0f         fffffff4  c.addi   x15, -0x10
#2993 0 800001de     97a2 r 0f         f0040ff4  c.add    x15, x8
#2994 0 800001e0 fb07a703 r 0e         0000000c  lw       x14, -0x50(x15)
#2995 0 800001e4 fe042783 r 0f         00000001  lw       x15, -0x20(x8)
#2996 0 800001e8     0785 r 0f         00000002  c.addi   x15, 0x1
#2997 0 800001ea     078a r 0f         00000008  c.slli   x15, 2
#2998 0 800001ec     17c1 r 0f         fffffff8  c.addi   x15, -0x10
#2999 0 800001ee     97a2 r 0f         f0040ff8  c.add    x15, x8
#3000 0 800001f0 fb07a783 r 0f         00000017  lw       x15, -0x50(x15)
#3001 0 800001f4 00f75e63 r 00         00000000  bge      x14, x15, . + 0x1c
#3002 0 800001f8 fe842783 r 0f         00000002  lw       x15, -0x18(x8)
#3003 0 800001fc     17fd r 0f         00000001  c.addi   x15, -0x1
#3004 0 800001fe fe042703 r 0e         00000001  lw       x14, -0x20(x8)
#3005 0 80000202 00f75763 r 00         00000000  bge      x14, x15, . + 0xe
#3006 0 80000210 fe442783 r 0f         00000000  lw       x15, -0x1c(x8)
#3007 0 80000214     078a r 0f         00000000  c.slli   x15, 2
#3008 0 80000216     17c1 r 0f         fffffff0  c.addi   x15, -0x10
#3009 0 80000218     97a2 r 0f         f0040ff0  c.add    x15, x8
#3010 0 8000021a fb07a703 r 0e         0000000b  lw       x14, -0x50(x15)
#3011 0 8000021e fe042783 r 0f         00000001  lw       x15, -0x20(x8)
#3012 0 80000222     078a r 0f         00000004  c.slli   x15, 2
#3013 0 80000224     17c1 r 0f         fffffff4  c.addi   x15, -0x10
#3014 0 80000226     97a2 r 0f         f0040ff4  c.add    x15, x8
#3015 0 80000228 fb07a783 r 0f         0000000c  lw       x15, -0x50(x15)
#3016 0 8000022c 04f75863 r 00         00000000  bge      x14, x15, . + 0x50
#3017 0 80000230 fe042703 r 0e         00000001  lw       x14, -0x20(x8)
#3018 0 80000234 fe842783 r 0f         00000002  lw       x15, -0x18(x8)
#3019 0 80000238 04f75263 r 00         00000000  bge      x14, x15, . + 0x44
#3020 0 8000023c fe442783 r 0f         00000000  lw       x15, -0x1c(x8)
#3021 0 80000240     078a r 0f         00000000  c.slli   x15, 2
#3022 0 80000242     17c1 r 0f         fffffff0  c.addi   x15, -0x10
#3023 0 80000244     97a2 r 0f         f0040ff0  c.add    x15, x8
#3024 0 80000246 fb07a783 r 0f         0000000b  lw       x15, -0x50(x15)
#3025 0 8000024a fcf42c23 m f0040fd8   0000000b  sw       x15, -0x28(x8)
#3026 0 8000024e fe042783 r 0f         00000001  lw       x15, -0x20(x8)
#3027 0 80000252     078a r 0f         00000004  c.slli   x15, 2
#3028 0 80000254     17c1 r 0f         fffffff4  c.addi   x15, -0x10
#3029 0 80000256     97a2 r 0f         f0040ff4  c.add    x15, x8
#3030 0 80000258 fb07a703 r 0e         0000000c  lw       x14, -0x50(x15)
#3031 0 8000025c fe442783 r 0f         00000000  lw       x15, -0x1c(x8)
#3032 0 80000260     078a r 0f         00000000  c.slli   x15, 2
#3033 0 80000262     17c1 r 0f         fffffff0  c.addi   x15, -0x10
#3034 0 80000264     97a2 r 0f         f0040ff0  c.add    x15, x8
#3035 0 80000266 fae7a823 m f0040fa0   0000000c  sw       x14, -0x50(x15)
#3036 0 8000026a fe042783 r 0f         00000001  lw       x15, -0x20(x8)
#3037 0 8000026e     078a r 0f         00000004  c.slli   x15, 2
#3038 0 80000270     17c1 r 0f         fffffff4  c.addi   x15, -0x10
#3039 0 80000272     97a2 r 0f         f0040ff4  c.add    x15, x8
#3040 0 80000274 fd842703 r 0e         0000000b  lw       x14, -0x28(x8)
#3041 0 80000278 fae7a823 m f0040fa4   0000000b  sw       x14, -0x50(x15)
#3042 0 8000027c fe042783 r 0f         00000001  lw       x15, -0x20(x8)
#3043 0 80000280 fef42223 m f0040fe4   00000001  sw       x15, -0x1c(x8)
#3044 0 80000284 fe042703 r 0e         00000001  lw       x14, -0x20(x8)
#3045 0 80000288 fe842783 r 0f         00000002  lw       x15, -0x18(x8)
#3046 0 8000028c f2f74fe3 r 00         00000000  blt      x14, x15, . - 0xc2
#3047 0 800001ca fe442783 r 0f         00000001  lw       x15, -0x1c(x8)
#3048 0 800001ce     0786 r 0f         00000002  c.slli   x15, 1
#3049 0 800001d0     0785 r 0f         00000003  c.addi   x15, 0x1
#3050 0 800001d2 fef42023 m f0040fe0   00000003  sw       x15, -0x20(x8)
#3051 0 800001d6 fe042783 r 0f         00000003  lw       x15, -0x20(x8)
#3052 0 800001da     078a r 0f         0000000c  c.slli   x15, 2
#3053 0 800001dc     17c1 r 0f         fffffffc  c.addi   x15, -0x10
#3054 0 800001de     97a2 r 0f         f0040ffc  c.add    x15, x8
#3055 0 800001e0 fb07a703 r 0e         00000022  lw       x14, -0x50(x15)
#3056 0 800001e4 fe042783 r 0f         00000003  lw       x15, -0x20(x8)
#3057 0 800001e8     0785 r 0f         00000004  c.addi   x15, 0x1
#3058 0 800001ea     078a r 0f         00000010  c.slli   x15, 2
#3059 0 800001ec     17c1 r 0f         00000000  c.addi   x15, -0x10
#3060 0 800001ee     97a2 r 0f         f0041000  c.add    x15, x8
#3061 0 800001f0 fb07a783 r 0f         0000002c  lw       x15, -0x50(x15)
#3062 0 800001f4 00f75e63 r 00         00000000  bge      x14, x15, . + 0x1c
#3063 0 800001f8 fe842783 r 0f         00000002  lw       x15, -0x18(x8)
#3064 0 800001fc     17fd r 0f         00000001  c.addi   x15, -0x1
#3065 0 800001fe fe042703 r 0e         00000003  lw       x14, -0x20(x8)
#3066 0 80000202 00f75763 r 00         00000000  bge      x14, x15, . + 0xe
#3067 0 80000210 fe442783 r 0f         00000001  lw       x15, -0x1c(x8)
#3068 0 80000214     078a r 0f         00000004  c.slli   x15, 2
#3069 0 80000216     17c1 r 0f         fffffff4  c.addi   x15, -0x10
#3070 0 80000218     97a2 r 0f         f0040ff4  c.add    x15, x8
#3071 0 8000021a fb07a703 r 0e         0000000b  lw       x14, -0x50(x15)
#3072 0 8000021e fe042783 r 0f         00000003  lw       x15, -0x20(x8)
#3073 0 80000222     078a r 0f         0000000c  c.slli   x15, 2
#3074 0 80000224     17c1 r 0f         fffffffc  c.addi   x15, -0x10
#3075 0 80000226     97a2 r 0f         f0040ffc  c.add    x15, x8
#3076 0 80000228 fb07a783 r 0f         00000022  lw       x15, -0x50(x15)
#3077 0 8000022c 04f75863 r 00         00000000  bge      x14, x15, . + 0x50
#3078 0 80000230 fe042703 r 0e         00000003  lw       x14, -0x20(x8)
#3079 0 80000234 fe842783 r 0f         00000002  lw       x15, -0x18(x8)
#3080 0 80000238 04f75263 r 00         00000000  bge      x14, x15, . + 0x44
#3081 0 8000027c fe042783 r 0f         00000003  lw       x15, -0x20(x8)
#3082 0 80000280 fef42223 m f0040fe4   00000003  sw       x15, -0x1c(x8)
#3083 0 80000284 fe042703 r 0e         00000003  lw       x14, -0x20(x8)
#3084 0 80000288 fe842783 r 0f         00000002  lw       x15, -0x18(x8)
#3085 0 8000028c f2f74fe3 r 00         00000000  blt      x14, x15, . - 0xc2
#3086 0 80000290 fe842783 r 0f         00000002  lw       x15, -0x18(x8)
#3087 0 80000294     17fd r 0f         00000001  c.addi   x15, -0x1
#3088 0 80000296 fef42423 m f0040fe8   00000001  sw       x15, -0x18(x8)
#3089 0 8000029a fe842783 r 0f         00000001  lw       x15, -0x18(x8)
#3090 0 8000029e ee07dee3 r 00         00000000  bge      x15, x0, . - 0x104
#3091 0 8000019a fa042783 r 0f         0000000c  lw       x15, -0x60(x8)
#3092 0 8000019e fcf42c23 m f0040fd8   0000000c  sw       x15, -0x28(x8)
#3093 0 800001a2 fe842783 r 0f         00000001  lw       x15, -0x18(x8)
#3094 0 800001a6     078a r 0f         00000004  c.slli   x15, 2
#3095 0 800001a8     17c1 r 0f         fffffff4  c.addi   x15, -0x10
#3096 0 800001aa     97a2 r 0f         f0040ff4  c.add    x15, x8
#3097 0 800001ac fb07a783 r 0f         0000000b  lw       x15, -0x50(x15)
#3098 0 800001b0 faf42023 m f0040fa0   0000000b  sw       x15, -0x60(x8)
#3099 0 800001b4 fe842783 r 0f         00000001  lw       x15, -0x18(x8)
#3100 0 800001b8     078a r 0f         00000004  c.slli   x15, 2
#3101 0 800001ba     17c1 r 0f         fffffff4  c.addi   x15, -0x10
#3102 0 800001bc     97a2 r 0f         f0040ff4  c.add    x15, x8
#3103 0 800001be fd842703 r 0e         0000000c  lw       x14, -0x28(x8)
#3104 0 800001c2 fae7a823 m f0040fa4   0000000c  sw       x14, -0x50(x15)
#3105 0 800001c6 fe042223 m f0040fe4   00000000  sw       x0, -0x1c(x8)
#3106 0 800001ca fe442783 r 0f         00000000  lw       x15, -0x1c(x8)
#3107 0 800001ce     0786 r 0f         00000000  c.slli   x15, 1
#3108 0 800001d0     0785 r 0f         00000001  c.addi   x15, 0x1
#3109 0 800001d2 fef42023 m f0040fe0   00000001  sw       x15, -0x20(x8)
#3110 0 800001d6 fe042783 r 0f         00000001  lw       x15, -0x20(x8)
#3111 0 800001da     078a r 0f         00000004  c.slli   x15, 2
#3112 0 800001dc     17c1 r 0f         fffffff4  c.addi   x15, -0x10
#3113 0 800001de     97a2 r 0f         f0040ff4  c.add    x15, x8
#3114 0 800001e0 fb07a703 r 0e         0000000c  lw       x14, -0x50(x15)
#3115 0 800001e4 fe042783 r 0f         00000001  lw       x15, -0x20(x8)
#3116 0 800001e8     0785 r 0f         00000002  c.addi   x15, 0x1
#3117 0 800001ea     078a r 0f         00000008  c.slli   x15, 2
#3118 0 800001ec     17c1 r 0f         fffffff8  c.addi   x15, -0x10
#3119 0 800001ee     97a2 r 0f         f0040ff8  c.add    x15, x8
#3120 0 800001f0 fb07a783 r 0f         00000017  lw       x15, -0x50(x15)
#3121 0 800001f4 00f75e63 r 00         00000000  bge      x14, x15, . + 0x1c
#3122 0 800001f8 fe842783 r 0f         00000001  lw       x15, -0x18(x8)
#3123 0 800001fc     17fd r 0f         00000000  c.addi   x15, -0x1
#3124 0 800001fe fe042703 r 0e         00000001  lw       x14, -0x20(x8)
#3125 0 80000202 00f75763 r 00         00000000  bge      x14, x15, . + 0xe
#3126 0 80000210 fe442783 r 0f         00000000  lw       x15, -0x1c(x8)
#3127 0 80000214     078a r 0f         00000000  c.slli   x15, 2
#3128 0 80000216     17c1 r 0f         fffffff0  c.addi   x15, -0x10
#3129 0 80000218     97a2 r 0f         f0040ff0  c.add    x15, x8
#3130 0 8000021a fb07a703 r 0e         0000000b  lw       x14, -0x50(x15)
#3131 0 8000021e fe042783 r 0f         00000001  lw       x15, -0x20(x8)
#3132 0 80000222     078a r 0f         00000004  c.slli   x15, 2
#3133 0 80000224     17c1 r 0f         fffffff4  c.addi   x15, -0x10
#3134 0 80000226     97a2 r 0f         f0040ff4  c.add    x15, x8
#3135 0 80000228 fb07a783 r 0f         0000000c  lw       x15, -0x50(x15)
#3136 0 8000022c 04f75863 r 00         00000000  bge      x14, x15, . + 0x50
#3137 0 80000230 fe042703 r 0e         00000001  lw       x14, -0x20(x8)
#3138 0 80000234 fe842783 r 0f         00000001  lw       x15, -0x18(x8)
#3139 0 80000238 04f75263 r 00         00000000  bge      x14, x15, . + 0x44
#3140 0 8000027c fe042783 r 0f         00000001  lw       x15, -0x20(x8)
#3141 0 80000280 fef42223 m f0040fe4   00000001  sw       x15, -0x1c(x8)
#3142 0 80000284 fe042703 r 0e         00000001  lw       x14, -0x20(x8)
#3143 0 80000288 fe842783 r 0f         00000001  lw       x15, -0x18(x8)
#3144 0 8000028c f2f74fe3 r 00         00000000  blt      x14, x15, . - 0xc2
#3145 0 80000290 fe842783 r 0f         00000001  lw       x15, -0x18(x8)
#3146 0 80000294     17fd r 0f         00000000  c.addi   x15, -0x1
#3147 0 80000296 fef42423 m f0040fe8   00000000  sw       x15, -0x18(x8)
#3148 0 8000029a fe842783 r 0f         00000000  lw       x15, -0x18(x8)
#3149 0 8000029e ee07dee3 r 00         00000000  bge      x15, x0, . - 0x104
#3150 0 8000019a fa042783 r 0f         0000000b  lw       x15, -0x60(x8)
#3151 0 8000019e fcf42c23 m f0040fd8   0000000b  sw       x15, -0x28(x8)
#3152 0 800001a2 fe842783 r 0f         00000000  lw       x15, -0x18(x8)
#3153 0 800001a6     078a r 0f         00000000  c.slli   x15, 2
#3154 0 800001a8     17c1 r 0f         fffffff0  c.addi   x15, -0x10
#3155 0 800001aa     97a2 r 0f         f0040ff0  c.add    x15, x8
#3156 0 800001ac fb07a783 r 0f         0000000b  lw       x15, -0x50(x15)
#3157 0 800001b0 faf42023 m f0040fa0   0000000b  sw       x15, -0x60(x8)
#3158 0 800001b4 fe842783 r 0f         00000000  lw       x15, -0x18(x8)
#3159 0 800001b8     078a r 0f         00000000  c.slli   x15, 2
#3160 0 800001ba     17c1 r 0f         fffffff0  c.addi   x15, -0x10
#3161 0 800001bc     97a2 r 0f         f0040ff0  c.add    x15, x8
#3162 0 800001be fd842703 r 0e         0000000b  lw       x14, -0x28(x8)
#3163 0 800001c2 fae7a823 m f0040fa0   0000000b  sw       x14, -0x50(x15)
#3164 0 800001c6 fe042223 m f0040fe4   00000000  sw       x0, -0x1c(x8)
#3165 0 800001ca fe442783 r 0f         00000000  lw       x15, -0x1c(x8)
#3166 0 800001ce     0786 r 0f         00000000  c.slli   x15, 1
#3167 0 800001d0     0785 r 0f         00000001  c.addi   x15, 0x1
#3168 0 800001d2 fef42023 m f0040fe0   00000001  sw       x15, -0x20(x8)
#3169 0 800001d6 fe042783 r 0f         00000001  lw       x15, -0x20(x8)
#3170 0 800001da     078a r 0f         00000004  c.slli   x15, 2
#3171 0 800001dc     17c1 r 0f         fffffff4  c.addi   x15, -0x10
#3172 0 800001de     97a2 r 0f         f0040ff4  c.add    x15, x8
#3173 0 800001e0 fb07a703 r 0e         0000000c  lw       x14, -0x50(x15)
#3174 0 800001e4 fe042783 r 0f         00000001  lw       x15, -0x20(x8)
#3175 0 800001e8     0785 r 0f         00000002  c.addi   x15, 0x1
#3176 0 800001ea     078a r 0f         00000008  c.slli   x15, 2
#3177 0 800001ec     17c1 r 0f         fffffff8  c.addi   x15, -0x10
#3178 0 800001ee     97a2 r 0f         f0040ff8  c.add    x15, x8
#3179 0 800001f0 fb07a783 r 0f         00000017  lw       x15, -0x50(x15)
#3180 0 800001f4 00f75e63 r 00         00000000  bge      x14, x15, . + 0x1c
#3181 0 800001f8 fe842783 r 0f         00000000  lw       x15, -0x18(x8)
#3182 0 800001fc     17fd r 0f         ffffffff  c.addi   x15, -0x1
#3183 0 800001fe fe042703 r 0e         00000001  lw       x14, -0x20(x8)
#3184 0 80000202 00f75763 r 00         00000000  bge      x14, x15, . + 0xe
#3185 0 80000210 fe442783 r 0f         00000000  lw       x15, -0x1c(x8)
#3186 0 80000214     078a r 0f         00000000  c.slli   x15, 2
#3187 0 80000216     17c1 r 0f         fffffff0  c.addi   x15, -0x10
#3188 0 80000218     97a2 r 0f         f0040ff0  c.add    x15, x8
#3189 0 8000021a fb07a703 r 0e         0000000b  lw       x14, -0x50(x15)
#3190 0 8000021e fe042783 r 0f         00000001  lw       x15, -0x20(x8)
#3191 0 80000222     078a r 0f         00000004  c.slli   x15, 2
#3192 0 80000224     17c1 r 0f         fffffff4  c.addi   x15, -0x10
#3193 0 80000226     97a2 r 0f         f0040ff4  c.add    x15, x8
#3194 0 80000228 fb07a783 r 0f         0000000c  lw       x15, -0x50(x15)
#3195 0 8000022c 04f75863 r 00         00000000  bge      x14, x15, . + 0x50
#3196 0 80000230 fe042703 r 0e         00000001  lw       x14, -0x20(x8)
#3197 0 80000234 fe842783 r 0f         00000000  lw       x15, -0x18(x8)
#3198 0 80000238 04f75263 r 00         00000000  bge      x14, x15, . + 0x44
#3199 0 8000027c fe042783 r 0f         00000001  lw       x15, -0x20(x8)
#3200 0 80000280 fef42223 m f0040fe4   00000001  sw       x15, -0x1c(x8)
#3201 0 80000284 fe042703 r 0e         00000001  lw       x14, -0x20(x8)
#3202 0 80000288 fe842783 r 0f         00000000  lw       x15, -0x18(x8)
#3203 0 8000028c f2f74fe3 r 00         00000000  blt      x14, x15, . - 0xc2
#3204 0 80000290 fe842783 r 0f         00000000  lw       x15, -0x18(x8)
#3205 0 80000294     17fd r 0f         ffffffff  c.addi   x15, -0x1
#3206 0 80000296 fef42423 m f0040fe8   ffffffff  sw       x15, -0x18(x8)
#3207 0 8000029a fe842783 r 0f         ffffffff  lw       x15, -0x18(x8)
#3208 0 8000029e ee07dee3 r 00         00000000  bge      x15, x0, . - 0x104
#3209 0 800002a2     0001 r 00         00000000  c.nop
#3210 0 800002a4     0001 r 00         00000000  c.nop
#3211 0 800002a6     4476 r 08         00000000  c.lwsp   x8, 0x5c
#3212 0 800002a8     6125 r 02         f0041000  c.addi16sp 0x6
#3213 0 800002aa     8082 r 00         00000000  c.jr     x1
#3214 0 80000016 50580297 r 05         d0580016  auipc    x5, 0x50580
#3215 0 8000001a fea28293 r 05         d0580000  addi     x5, x5, -0x16
#3216 0 8000001e 0ff00313 r 06         000000ff  addi     x6, x0, 0xff
#3217 0 80000022 00628023 m d0580000   000000ff  sb       x6, 0x0(x5)
