#1 0 80000000 595552b7 r 05         59555000  lui      x5, 0x59555
#2 0 80000004 55528293 r 05         59555555  addi     x5, x5, 0x555
#3 0 80000008 7c029073 c 07c0       59555555  csrrw    x0, mrac, x5
#4 0 8000000c 70041117 r 02         f004100c  auipc    x2, 0x70041
#5 0 80000010 ff410113 r 02         f0041000  addi     x2, x2, -0xc
#6 0 80000014     22c9 r 01         80000016  c.jal    . + 0x1c2
#7 0 800001d6     7179 r 02         f0040fd0  c.addi16sp -0x3
#8 0 800001d8     d606 m f0040ffc   80000016  c.swsp   x1, 0x2c
#9 0 800001da     d422 m f0040ff8   00000000  c.swsp   x8, 0x28
#10 0 800001dc     1800 r 08         f0041000  c.addi4spn  x8, 0xc
#11 0 800001de     478d r 0f         00000003  c.li     x15, 0x3
#12 0 800001e0 fef42023 m f0040fe0   00000003  sw       x15, -0x20(x8)
#13 0 800001e4     4791 r 0f         00000004  c.li     x15, 0x4
#14 0 800001e6 fef42223 m f0040fe4   00000004  sw       x15, -0x1c(x8)
#15 0 800001ea     4795 r 0f         00000005  c.li     x15, 0x5
#16 0 800001ec fef42423 m f0040fe8   00000005  sw       x15, -0x18(x8)
#17 0 800001f0     4789 r 0f         00000002  c.li     x15, 0x2
#18 0 800001f2 fcf42a23 m f0040fd4   00000002  sw       x15, -0x2c(x8)
#19 0 800001f6     478d r 0f         00000003  c.li     x15, 0x3
#20 0 800001f8 fcf42c23 m f0040fd8   00000003  sw       x15, -0x28(x8)
#21 0 800001fc     4785 r 0f         00000001  c.li     x15, 0x1
#22 0 800001fe fcf42e23 m f0040fdc   00000001  sw       x15, -0x24(x8)
#23 0 80000202     478d r 0f         00000003  c.li     x15, 0x3
#24 0 80000204 fef42623 m f0040fec   00000003  sw       x15, -0x14(x8)
#25 0 80000208 fd440713 r 0e         f0040fd4  addi     x14, x8, -0x2c
#26 0 8000020c fe040793 r 0f         f0040fe0  addi     x15, x8, -0x20
#27 0 80000210 fec42603 r 0c         00000003  lw       x12, -0x14(x8)
#28 0 80000214     85ba r 0b         f0040fd4  c.mv     x11, x14
#29 0 80000216     853e r 0a         f0040fe0  c.mv     x10, x15
#30 0 80000218     3df9 r 01         8000021a  c.jal    . - 0x122
#31 0 800000f6     7139 r 02         f0040f90  c.addi16sp -0x4
#32 0 800000f8     de06 m f0040fcc   8000021a  c.swsp   x1, 0x3c
#33 0 800000fa     dc22 m f0040fc8   f0041000  c.swsp   x8, 0x38
#34 0 800000fc     da26 m f0040fc4   00000000  c.swsp   x9, 0x34
#35 0 800000fe     0080 r 08         f0040fd0  c.addi4spn  x8, 0x10
#36 0 80000100 fca42623 m f0040f9c   f0040fe0  sw       x10, -0x34(x8)
#37 0 80000104 fcb42423 m f0040f98   f0040fd4  sw       x11, -0x38(x8)
#38 0 80000108 fcc42223 m f0040f94   00000003  sw       x12, -0x3c(x8)
#39 0 8000010c     4785 r 0f         00000001  c.li     x15, 0x1
#40 0 8000010e fef42623 m f0040fbc   00000001  sw       x15, -0x14(x8)
#41 0 80000112 fe042423 m f0040fb8   00000000  sw       x0, -0x18(x8)
#42 0 80000116     a01d r 00         00000000  c.j      . + 0x26
#43 0 8000013c fe842703 r 0e         00000000  lw       x14, -0x18(x8)
#44 0 80000140 fc442783 r 0f         00000003  lw       x15, -0x3c(x8)
#45 0 80000144 fcf74ae3 r 00         00000000  blt      x14, x15, . - 0x2c
#46 0 80000118 fe842783 r 0f         00000000  lw       x15, -0x18(x8)
#47 0 8000011c     078a r 0f         00000000  c.slli   x15, 2
#48 0 8000011e fcc42703 r 0e         f0040fe0  lw       x14, -0x34(x8)
#49 0 80000122     97ba r 0f         f0040fe0  c.add    x15, x14
#50 0 80000124     439c r 0f         00000003  c.lw     x15, 0x0(x15)
#51 0 80000126 fec42703 r 0e         00000001  lw       x14, -0x14(x8)
#52 0 8000012a 02f707b3 r 0f         00000003  mul      x15, x14, x15
#53 0 8000012e fef42623 m f0040fbc   00000003  sw       x15, -0x14(x8)
#54 0 80000132 fe842783 r 0f         00000000  lw       x15, -0x18(x8)
#55 0 80000136     0785 r 0f         00000001  c.addi   x15, 0x1
#56 0 80000138 fef42423 m f0040fb8   00000001  sw       x15, -0x18(x8)
#57 0 8000013c fe842703 r 0e         00000001  lw       x14, -0x18(x8)
#58 0 80000140 fc442783 r 0f         00000003  lw       x15, -0x3c(x8)
#59 0 80000144 fcf74ae3 r 00         00000000  blt      x14, x15, . - 0x2c
#60 0 80000118 fe842783 r 0f         00000001  lw       x15, -0x18(x8)
#61 0 8000011c     078a r 0f         00000004  c.slli   x15, 2
#62 0 8000011e fcc42703 r 0e         f0040fe0  lw       x14, -0x34(x8)
#63 0 80000122     97ba r 0f         f0040fe4  c.add    x15, x14
#64 0 80000124     439c r 0f         00000004  c.lw     x15, 0x0(x15)
#65 0 80000126 fec42703 r 0e         00000003  lw       x14, -0x14(x8)
#66 0 8000012a 02f707b3 r 0f         0000000c  mul      x15, x14, x15
#67 0 8000012e fef42623 m f0040fbc   0000000c  sw       x15, -0x14(x8)
#68 0 80000132 fe842783 r 0f         00000001  lw       x15, -0x18(x8)
#69 0 80000136     0785 r 0f         00000002  c.addi   x15, 0x1
#70 0 80000138 fef42423 m f0040fb8   00000002  sw       x15, -0x18(x8)
#71 0 8000013c fe842703 r 0e         00000002  lw       x14, -0x18(x8)
#72 0 80000140 fc442783 r 0f         00000003  lw       x15, -0x3c(x8)
#73 0 80000144 fcf74ae3 r 00         00000000  blt      x14, x15, . - 0x2c
#74 0 80000118 fe842783 r 0f         00000002  lw       x15, -0x18(x8)
#75 0 8000011c     078a r 0f         00000008  c.slli   x15, 2
#76 0 8000011e fcc42703 r 0e         f0040fe0  lw       x14, -0x34(x8)
#77 0 80000122     97ba r 0f         f0040fe8  c.add    x15, x14
#78 0 80000124     439c r 0f         00000005  c.lw     x15, 0x0(x15)
#79 0 80000126 fec42703 r 0e         0000000c  lw       x14, -0x14(x8)
#80 0 8000012a 02f707b3 r 0f         0000003c  mul      x15, x14, x15
#81 0 8000012e fef42623 m f0040fbc   0000003c  sw       x15, -0x14(x8)
#82 0 80000132 fe842783 r 0f         00000002  lw       x15, -0x18(x8)
#83 0 80000136     0785 r 0f         00000003  c.addi   x15, 0x1
#84 0 80000138 fef42423 m f0040fb8   00000003  sw       x15, -0x18(x8)
#85 0 8000013c fe842703 r 0e         00000003  lw       x14, -0x18(x8)
#86 0 80000140 fc442783 r 0f         00000003  lw       x15, -0x3c(x8)
#87 0 80000144 fcf74ae3 r 00         00000000  blt      x14, x15, . - 0x2c
#88 0 80000148 fe042223 m f0040fb4   00000000  sw       x0, -0x1c(x8)
#89 0 8000014c fe042023 m f0040fb0   00000000  sw       x0, -0x20(x8)
#90 0 80000150     a08d r 00         00000000  c.j      . + 0x62
#91 0 800001b2 fe042703 r 0e         00000000  lw       x14, -0x20(x8)
#92 0 800001b6 fc442783 r 0f         00000003  lw       x15, -0x3c(x8)
#93 0 800001ba f8f74ce3 r 00         00000000  blt      x14, x15, . - 0x68
#94 0 80000152 fe042783 r 0f         00000000  lw       x15, -0x20(x8)
#95 0 80000156     078a r 0f         00000000  c.slli   x15, 2
#96 0 80000158 fcc42703 r 0e         f0040fe0  lw       x14, -0x34(x8)
#97 0 8000015c     97ba r 0f         f0040fe0  c.add    x15, x14
#98 0 8000015e     439c r 0f         00000003  c.lw     x15, 0x0(x15)
#99 0 80000160 fec42703 r 0e         0000003c  lw       x14, -0x14(x8)
#100 0 80000164 02f747b3 r 0f         00000014  div      x15, x14, x15
#101 0 80000168 fcf42e23 m f0040fac   00000014  sw       x15, -0x24(x8)
#102 0 8000016c fe042783 r 0f         00000000  lw       x15, -0x20(x8)
#103 0 80000170     078a r 0f         00000000  c.slli   x15, 2
#104 0 80000172 fc842703 r 0e         f0040fd4  lw       x14, -0x38(x8)
#105 0 80000176     97ba r 0f         f0040fd4  c.add    x15, x14
#106 0 80000178     4384 r 09         00000002  c.lw     x9, 0x0(x15)
#107 0 8000017a fe042783 r 0f         00000000  lw       x15, -0x20(x8)
#108 0 8000017e     078a r 0f         00000000  c.slli   x15, 2
#109 0 80000180 fcc42703 r 0e         f0040fe0  lw       x14, -0x34(x8)
#110 0 80000184     97ba r 0f         f0040fe0  c.add    x15, x14
#111 0 80000186     439c r 0f         00000003  c.lw     x15, 0x0(x15)
#112 0 80000188     85be r 0b         00000003  c.mv     x11, x15
#113 0 8000018a fdc42503 r 0a         00000014  lw       x10, -0x24(x8)
#114 0 8000018e     3d5d r 01         80000190  c.jal    . - 0x14a
#115 0 80000044     7139 r 02         f0040f50  c.addi16sp -0x4
#116 0 80000046     de22 m f0040f8c   f0040fd0  c.swsp   x8, 0x3c
#117 0 80000048     0080 r 08         f0040f90  c.addi4spn  x8, 0x10
#118 0 8000004a fca42623 m f0040f5c   00000014  sw       x10, -0x34(x8)
#119 0 8000004e fcb42423 m f0040f58   00000003  sw       x11, -0x38(x8)
#120 0 80000052 fc842783 r 0f         00000003  lw       x15, -0x38(x8)
#121 0 80000056 fef42223 m f0040f74   00000003  sw       x15, -0x1c(x8)
#122 0 8000005a fe042623 m f0040f7c   00000000  sw       x0, -0x14(x8)
#123 0 8000005e     4785 r 0f         00000001  c.li     x15, 0x1
#124 0 80000060 fef42423 m f0040f78   00000001  sw       x15, -0x18(x8)
#125 0 80000064 fc842703 r 0e         00000003  lw       x14, -0x38(x8)
#126 0 80000068     4785 r 0f         00000001  c.li     x15, 0x1
#127 0 8000006a 06f71063 r 00         00000000  bne      x14, x15, . + 0x60
#128 0 800000ca fcc42703 r 0e         00000014  lw       x14, -0x34(x8)
#129 0 800000ce     4785 r 0f         00000001  c.li     x15, 0x1
#130 0 800000d0 fae7c1e3 r 00         00000000  blt      x15, x14, . - 0x5e
#131 0 80000072 fcc42703 r 0e         00000014  lw       x14, -0x34(x8)
#132 0 80000076 fc842783 r 0f         00000003  lw       x15, -0x38(x8)
#133 0 8000007a 02f747b3 r 0f         00000006  div      x15, x14, x15
#134 0 8000007e fef42023 m f0040f70   00000006  sw       x15, -0x20(x8)
#135 0 80000082 fc842783 r 0f         00000003  lw       x15, -0x38(x8)
#136 0 80000086 fcf42e23 m f0040f6c   00000003  sw       x15, -0x24(x8)
#137 0 8000008a fcc42703 r 0e         00000014  lw       x14, -0x34(x8)
#138 0 8000008e fc842783 r 0f         00000003  lw       x15, -0x38(x8)
#139 0 80000092 02f767b3 r 0f         00000002  rem      x15, x14, x15
#140 0 80000096 fcf42423 m f0040f58   00000002  sw       x15, -0x38(x8)
#141 0 8000009a fdc42783 r 0f         00000003  lw       x15, -0x24(x8)
#142 0 8000009e fcf42623 m f0040f5c   00000003  sw       x15, -0x34(x8)
#143 0 800000a2 fec42783 r 0f         00000000  lw       x15, -0x14(x8)
#144 0 800000a6 fcf42e23 m f0040f6c   00000000  sw       x15, -0x24(x8)
#145 0 800000aa fe042703 r 0e         00000006  lw       x14, -0x20(x8)
#146 0 800000ae fec42783 r 0f         00000000  lw       x15, -0x14(x8)
#147 0 800000b2 02f707b3 r 0f         00000000  mul      x15, x14, x15
#148 0 800000b6 fe842703 r 0e         00000001  lw       x14, -0x18(x8)
#149 0 800000ba 40f707b3 r 0f         00000001  sub      x15, x14, x15
#150 0 800000be fef42623 m f0040f7c   00000001  sw       x15, -0x14(x8)
#151 0 800000c2 fdc42783 r 0f         00000000  lw       x15, -0x24(x8)
#152 0 800000c6 fef42423 m f0040f78   00000000  sw       x15, -0x18(x8)
#153 0 800000ca fcc42703 r 0e         00000003  lw       x14, -0x34(x8)
#154 0 800000ce     4785 r 0f         00000001  c.li     x15, 0x1
#155 0 800000d0 fae7c1e3 r 00         00000000  blt      x15, x14, . - 0x5e
#156 0 80000072 fcc42703 r 0e         00000003  lw       x14, -0x34(x8)
#157 0 80000076 fc842783 r 0f         00000002  lw       x15, -0x38(x8)
#158 0 8000007a 02f747b3 r 0f         00000001  div      x15, x14, x15
#159 0 8000007e fef42023 m f0040f70   00000001  sw       x15, -0x20(x8)
#160 0 80000082 fc842783 r 0f         00000002  lw       x15, -0x38(x8)
#161 0 80000086 fcf42e23 m f0040f6c   00000002  sw       x15, -0x24(x8)
#162 0 8000008a fcc42703 r 0e         00000003  lw       x14, -0x34(x8)
#163 0 8000008e fc842783 r 0f         00000002  lw       x15, -0x38(x8)
#164 0 80000092 02f767b3 r 0f         00000001  rem      x15, x14, x15
#165 0 80000096 fcf42423 m f0040f58   00000001  sw       x15, -0x38(x8)
#166 0 8000009a fdc42783 r 0f         00000002  lw       x15, -0x24(x8)
#167 0 8000009e fcf42623 m f0040f5c   00000002  sw       x15, -0x34(x8)
#168 0 800000a2 fec42783 r 0f         00000001  lw       x15, -0x14(x8)
#169 0 800000a6 fcf42e23 m f0040f6c   00000001  sw       x15, -0x24(x8)
#170 0 800000aa fe042703 r 0e         00000001  lw       x14, -0x20(x8)
#171 0 800000ae fec42783 r 0f         00000001  lw       x15, -0x14(x8)
#172 0 800000b2 02f707b3 r 0f         00000001  mul      x15, x14, x15
#173 0 800000b6 fe842703 r 0e         00000000  lw       x14, -0x18(x8)
#174 0 800000ba 40f707b3 r 0f         ffffffff  sub      x15, x14, x15
#175 0 800000be fef42623 m f0040f7c   ffffffff  sw       x15, -0x14(x8)
#176 0 800000c2 fdc42783 r 0f         00000001  lw       x15, -0x24(x8)
#177 0 800000c6 fef42423 m f0040f78   00000001  sw       x15, -0x18(x8)
#178 0 800000ca fcc42703 r 0e         00000002  lw       x14, -0x34(x8)
#179 0 800000ce     4785 r 0f         00000001  c.li     x15, 0x1
#180 0 800000d0 fae7c1e3 r 00         00000000  blt      x15, x14, . - 0x5e
#181 0 80000072 fcc42703 r 0e         00000002  lw       x14, -0x34(x8)
#182 0 80000076 fc842783 r 0f         00000001  lw       x15, -0x38(x8)
#183 0 8000007a 02f747b3 r 0f         00000002  div      x15, x14, x15
#184 0 8000007e fef42023 m f0040f70   00000002  sw       x15, -0x20(x8)
#185 0 80000082 fc842783 r 0f         00000001  lw       x15, -0x38(x8)
#186 0 80000086 fcf42e23 m f0040f6c   00000001  sw       x15, -0x24(x8)
#187 0 8000008a fcc42703 r 0e         00000002  lw       x14, -0x34(x8)
#188 0 8000008e fc842783 r 0f         00000001  lw       x15, -0x38(x8)
#189 0 80000092 02f767b3 r 0f         00000000  rem      x15, x14, x15
#190 0 80000096 fcf42423 m f0040f58   00000000  sw       x15, -0x38(x8)
#191 0 8000009a fdc42783 r 0f         00000001  lw       x15, -0x24(x8)
#192 0 8000009e fcf42623 m f0040f5c   00000001  sw       x15, -0x34(x8)
#193 0 800000a2 fec42783 r 0f         ffffffff  lw       x15, -0x14(x8)
#194 0 800000a6 fcf42e23 m f0040f6c   ffffffff  sw       x15, -0x24(x8)
#195 0 800000aa fe042703 r 0e         00000002  lw       x14, -0x20(x8)
#196 0 800000ae fec42783 r 0f         ffffffff  lw       x15, -0x14(x8)
#197 0 800000b2 02f707b3 r 0f         fffffffe  mul      x15, x14, x15
#198 0 800000b6 fe842703 r 0e         00000001  lw       x14, -0x18(x8)
#199 0 800000ba 40f707b3 r 0f         00000003  sub      x15, x14, x15
#200 0 800000be fef42623 m f0040f7c   00000003  sw       x15, -0x14(x8)
#201 0 800000c2 fdc42783 r 0f         ffffffff  lw       x15, -0x24(x8)
#202 0 800000c6 fef42423 m f0040f78   ffffffff  sw       x15, -0x18(x8)
#203 0 800000ca fcc42703 r 0e         00000001  lw       x14, -0x34(x8)
#204 0 800000ce     4785 r 0f         00000001  c.li     x15, 0x1
#205 0 800000d0 fae7c1e3 r 00         00000000  blt      x15, x14, . - 0x5e
#206 0 800000d4 fe842783 r 0f         ffffffff  lw       x15, -0x18(x8)
#207 0 800000d8 0007d963 r 00         00000000  bge      x15, x0, . + 0x12
#208 0 800000dc fe842703 r 0e         ffffffff  lw       x14, -0x18(x8)
#209 0 800000e0 fe442783 r 0f         00000003  lw       x15, -0x1c(x8)
#210 0 800000e4     97ba r 0f         00000002  c.add    x15, x14
#211 0 800000e6 fef42423 m f0040f78   00000002  sw       x15, -0x18(x8)
#212 0 800000ea fe842783 r 0f         00000002  lw       x15, -0x18(x8)
#213 0 800000ee     853e r 0a         00000002  c.mv     x10, x15
#214 0 800000f0     5472 r 08         f0040fd0  c.lwsp   x8, 0x3c
#215 0 800000f2     6121 r 02         f0040f90  c.addi16sp 0x4
#216 0 800000f4     8082 r 00         00000000  c.jr     x1
#217 0 80000190     87aa r 0f         00000002  c.mv     x15, x10
#218 0 80000192 02f48733 r 0e         00000004  mul      x14, x9, x15
#219 0 80000196 fdc42783 r 0f         00000014  lw       x15, -0x24(x8)
#220 0 8000019a 02f707b3 r 0f         00000050  mul      x15, x14, x15
#221 0 8000019e fe442703 r 0e         00000000  lw       x14, -0x1c(x8)
#222 0 800001a2     97ba r 0f         00000050  c.add    x15, x14
#223 0 800001a4 fef42223 m f0040fb4   00000050  sw       x15, -0x1c(x8)
#224 0 800001a8 fe042783 r 0f         00000000  lw       x15, -0x20(x8)
#225 0 800001ac     0785 r 0f         00000001  c.addi   x15, 0x1
#226 0 800001ae fef42023 m f0040fb0   00000001  sw       x15, -0x20(x8)
#227 0 800001b2 fe042703 r 0e         00000001  lw       x14, -0x20(x8)
#228 0 800001b6 fc442783 r 0f         00000003  lw       x15, -0x3c(x8)
#229 0 800001ba f8f74ce3 r 00         00000000  blt      x14, x15, . - 0x68
#230 0 80000152 fe042783 r 0f         00000001  lw       x15, -0x20(x8)
#231 0 80000156     078a r 0f         00000004  c.slli   x15, 2
#232 0 80000158 fcc42703 r 0e         f0040fe0  lw       x14, -0x34(x8)
#233 0 8000015c     97ba r 0f         f0040fe4  c.add    x15, x14
#234 0 8000015e     439c r 0f         00000004  c.lw     x15, 0x0(x15)
#235 0 80000160 fec42703 r 0e         0000003c  lw       x14, -0x14(x8)
#236 0 80000164 02f747b3 r 0f         0000000f  div      x15, x14, x15
#237 0 80000168 fcf42e23 m f0040fac   0000000f  sw       x15, -0x24(x8)
#238 0 8000016c fe042783 r 0f         00000001  lw       x15, -0x20(x8)
#239 0 80000170     078a r 0f         00000004  c.slli   x15, 2
#240 0 80000172 fc842703 r 0e         f0040fd4  lw       x14, -0x38(x8)
#241 0 80000176     97ba r 0f         f0040fd8  c.add    x15, x14
#242 0 80000178     4384 r 09         00000003  c.lw     x9, 0x0(x15)
#243 0 8000017a fe042783 r 0f         00000001  lw       x15, -0x20(x8)
#244 0 8000017e     078a r 0f         00000004  c.slli   x15, 2
#245 0 80000180 fcc42703 r 0e         f0040fe0  lw       x14, -0x34(x8)
#246 0 80000184     97ba r 0f         f0040fe4  c.add    x15, x14
#247 0 80000186     439c r 0f         00000004  c.lw     x15, 0x0(x15)
#248 0 80000188     85be r 0b         00000004  c.mv     x11, x15
#249 0 8000018a fdc42503 r 0a         0000000f  lw       x10, -0x24(x8)
#250 0 8000018e     3d5d r 01         80000190  c.jal    . - 0x14a
#251 0 80000044     7139 r 02         f0040f50  c.addi16sp -0x4
#252 0 80000046     de22 m f0040f8c   f0040fd0  c.swsp   x8, 0x3c
#253 0 80000048     0080 r 08         f0040f90  c.addi4spn  x8, 0x10
#254 0 8000004a fca42623 m f0040f5c   0000000f  sw       x10, -0x34(x8)
#255 0 8000004e fcb42423 m f0040f58   00000004  sw       x11, -0x38(x8)
#256 0 80000052 fc842783 r 0f         00000004  lw       x15, -0x38(x8)
#257 0 80000056 fef42223 m f0040f74   00000004  sw       x15, -0x1c(x8)
#258 0 8000005a fe042623 m f0040f7c   00000000  sw       x0, -0x14(x8)
#259 0 8000005e     4785 r 0f         00000001  c.li     x15, 0x1
#260 0 80000060 fef42423 m f0040f78   00000001  sw       x15, -0x18(x8)
#261 0 80000064 fc842703 r 0e         00000004  lw       x14, -0x38(x8)
#262 0 80000068     4785 r 0f         00000001  c.li     x15, 0x1
#263 0 8000006a 06f71063 r 00         00000000  bne      x14, x15, . + 0x60
#264 0 800000ca fcc42703 r 0e         0000000f  lw       x14, -0x34(x8)
#265 0 800000ce     4785 r 0f         00000001  c.li     x15, 0x1
#266 0 800000d0 fae7c1e3 r 00         00000000  blt      x15, x14, . - 0x5e
#267 0 80000072 fcc42703 r 0e         0000000f  lw       x14, -0x34(x8)
#268 0 80000076 fc842783 r 0f         00000004  lw       x15, -0x38(x8)
#269 0 8000007a 02f747b3 r 0f         00000003  div      x15, x14, x15
#270 0 8000007e fef42023 m f0040f70   00000003  sw       x15, -0x20(x8)
#271 0 80000082 fc842783 r 0f         00000004  lw       x15, -0x38(x8)
#272 0 80000086 fcf42e23 m f0040f6c   00000004  sw       x15, -0x24(x8)
#273 0 8000008a fcc42703 r 0e         0000000f  lw       x14, -0x34(x8)
#274 0 8000008e fc842783 r 0f         00000004  lw       x15, -0x38(x8)
#275 0 80000092 02f767b3 r 0f         00000003  rem      x15, x14, x15
#276 0 80000096 fcf42423 m f0040f58   00000003  sw       x15, -0x38(x8)
#277 0 8000009a fdc42783 r 0f         00000004  lw       x15, -0x24(x8)
#278 0 8000009e fcf42623 m f0040f5c   00000004  sw       x15, -0x34(x8)
#279 0 800000a2 fec42783 r 0f         00000000  lw       x15, -0x14(x8)
#280 0 800000a6 fcf42e23 m f0040f6c   00000000  sw       x15, -0x24(x8)
#281 0 800000aa fe042703 r 0e         00000003  lw       x14, -0x20(x8)
#282 0 800000ae fec42783 r 0f         00000000  lw       x15, -0x14(x8)
#283 0 800000b2 02f707b3 r 0f         00000000  mul      x15, x14, x15
#284 0 800000b6 fe842703 r 0e         00000001  lw       x14, -0x18(x8)
#285 0 800000ba 40f707b3 r 0f         00000001  sub      x15, x14, x15
#286 0 800000be fef42623 m f0040f7c   00000001  sw       x15, -0x14(x8)
#287 0 800000c2 fdc42783 r 0f         00000000  lw       x15, -0x24(x8)
#288 0 800000c6 fef42423 m f0040f78   00000000  sw       x15, -0x18(x8)
#289 0 800000ca fcc42703 r 0e         00000004  lw       x14, -0x34(x8)
#290 0 800000ce     4785 r 0f         00000001  c.li     x15, 0x1
#291 0 800000d0 fae7c1e3 r 00         00000000  blt      x15, x14, . - 0x5e
#292 0 80000072 fcc42703 r 0e         00000004  lw       x14, -0x34(x8)
#293 0 80000076 fc842783 r 0f         00000003  lw       x15, -0x38(x8)
#294 0 8000007a 02f747b3 r 0f         00000001  div      x15, x14, x15
#295 0 8000007e fef42023 m f0040f70   00000001  sw       x15, -0x20(x8)
#296 0 80000082 fc842783 r 0f         00000003  lw       x15, -0x38(x8)
#297 0 80000086 fcf42e23 m f0040f6c   00000003  sw       x15, -0x24(x8)
#298 0 8000008a fcc42703 r 0e         00000004  lw       x14, -0x34(x8)
#299 0 8000008e fc842783 r 0f         00000003  lw       x15, -0x38(x8)
#300 0 80000092 02f767b3 r 0f         00000001  rem      x15, x14, x15
#301 0 80000096 fcf42423 m f0040f58   00000001  sw       x15, -0x38(x8)
#302 0 8000009a fdc42783 r 0f         00000003  lw       x15, -0x24(x8)
#303 0 8000009e fcf42623 m f0040f5c   00000003  sw       x15, -0x34(x8)
#304 0 800000a2 fec42783 r 0f         00000001  lw       x15, -0x14(x8)
#305 0 800000a6 fcf42e23 m f0040f6c   00000001  sw       x15, -0x24(x8)
#306 0 800000aa fe042703 r 0e         00000001  lw       x14, -0x20(x8)
#307 0 800000ae fec42783 r 0f         00000001  lw       x15, -0x14(x8)
#308 0 800000b2 02f707b3 r 0f         00000001  mul      x15, x14, x15
#309 0 800000b6 fe842703 r 0e         00000000  lw       x14, -0x18(x8)
#310 0 800000ba 40f707b3 r 0f         ffffffff  sub      x15, x14, x15
#311 0 800000be fef42623 m f0040f7c   ffffffff  sw       x15, -0x14(x8)
#312 0 800000c2 fdc42783 r 0f         00000001  lw       x15, -0x24(x8)
#313 0 800000c6 fef42423 m f0040f78   00000001  sw       x15, -0x18(x8)
#314 0 800000ca fcc42703 r 0e         00000003  lw       x14, -0x34(x8)
#315 0 800000ce     4785 r 0f         00000001  c.li     x15, 0x1
#316 0 800000d0 fae7c1e3 r 00         00000000  blt      x15, x14, . - 0x5e
#317 0 80000072 fcc42703 r 0e         00000003  lw       x14, -0x34(x8)
#318 0 80000076 fc842783 r 0f         00000001  lw       x15, -0x38(x8)
#319 0 8000007a 02f747b3 r 0f         00000003  div      x15, x14, x15
#320 0 8000007e fef42023 m f0040f70   00000003  sw       x15, -0x20(x8)
#321 0 80000082 fc842783 r 0f         00000001  lw       x15, -0x38(x8)
#322 0 80000086 fcf42e23 m f0040f6c   00000001  sw       x15, -0x24(x8)
#323 0 8000008a fcc42703 r 0e         00000003  lw       x14, -0x34(x8)
#324 0 8000008e fc842783 r 0f         00000001  lw       x15, -0x38(x8)
#325 0 80000092 02f767b3 r 0f         00000000  rem      x15, x14, x15
#326 0 80000096 fcf42423 m f0040f58   00000000  sw       x15, -0x38(x8)
#327 0 8000009a fdc42783 r 0f         00000001  lw       x15, -0x24(x8)
#328 0 8000009e fcf42623 m f0040f5c   00000001  sw       x15, -0x34(x8)
#329 0 800000a2 fec42783 r 0f         ffffffff  lw       x15, -0x14(x8)
#330 0 800000a6 fcf42e23 m f0040f6c   ffffffff  sw       x15, -0x24(x8)
#331 0 800000aa fe042703 r 0e         00000003  lw       x14, -0x20(x8)
#332 0 800000ae fec42783 r 0f         ffffffff  lw       x15, -0x14(x8)
#333 0 800000b2 02f707b3 r 0f         fffffffd  mul      x15, x14, x15
#334 0 800000b6 fe842703 r 0e         00000001  lw       x14, -0x18(x8)
#335 0 800000ba 40f707b3 r 0f         00000004  sub      x15, x14, x15
#336 0 800000be fef42623 m f0040f7c   00000004  sw       x15, -0x14(x8)
#337 0 800000c2 fdc42783 r 0f         ffffffff  lw       x15, -0x24(x8)
#338 0 800000c6 fef42423 m f0040f78   ffffffff  sw       x15, -0x18(x8)
#339 0 800000ca fcc42703 r 0e         00000001  lw       x14, -0x34(x8)
#340 0 800000ce     4785 r 0f         00000001  c.li     x15, 0x1
#341 0 800000d0 fae7c1e3 r 00         00000000  blt      x15, x14, . - 0x5e
#342 0 800000d4 fe842783 r 0f         ffffffff  lw       x15, -0x18(x8)
#343 0 800000d8 0007d963 r 00         00000000  bge      x15, x0, . + 0x12
#344 0 800000dc fe842703 r 0e         ffffffff  lw       x14, -0x18(x8)
#345 0 800000e0 fe442783 r 0f         00000004  lw       x15, -0x1c(x8)
#346 0 800000e4     97ba r 0f         00000003  c.add    x15, x14
#347 0 800000e6 fef42423 m f0040f78   00000003  sw       x15, -0x18(x8)
#348 0 800000ea fe842783 r 0f         00000003  lw       x15, -0x18(x8)
#349 0 800000ee     853e r 0a         00000003  c.mv     x10, x15
#350 0 800000f0     5472 r 08         f0040fd0  c.lwsp   x8, 0x3c
#351 0 800000f2     6121 r 02         f0040f90  c.addi16sp 0x4
#352 0 800000f4     8082 r 00         00000000  c.jr     x1
#353 0 80000190     87aa r 0f         00000003  c.mv     x15, x10
#354 0 80000192 02f48733 r 0e         00000009  mul      x14, x9, x15
#355 0 80000196 fdc42783 r 0f         0000000f  lw       x15, -0x24(x8)
#356 0 8000019a 02f707b3 r 0f         00000087  mul      x15, x14, x15
#357 0 8000019e fe442703 r 0e         00000050  lw       x14, -0x1c(x8)
#358 0 800001a2     97ba r 0f         000000d7  c.add    x15, x14
#359 0 800001a4 fef42223 m f0040fb4   000000d7  sw       x15, -0x1c(x8)
#360 0 800001a8 fe042783 r 0f         00000001  lw       x15, -0x20(x8)
#361 0 800001ac     0785 r 0f         00000002  c.addi   x15, 0x1
#362 0 800001ae fef42023 m f0040fb0   00000002  sw       x15, -0x20(x8)
#363 0 800001b2 fe042703 r 0e         00000002  lw       x14, -0x20(x8)
#364 0 800001b6 fc442783 r 0f         00000003  lw       x15, -0x3c(x8)
#365 0 800001ba f8f74ce3 r 00         00000000  blt      x14, x15, . - 0x68
#366 0 80000152 fe042783 r 0f         00000002  lw       x15, -0x20(x8)
#367 0 80000156     078a r 0f         00000008  c.slli   x15, 2
#368 0 80000158 fcc42703 r 0e         f0040fe0  lw       x14, -0x34(x8)
#369 0 8000015c     97ba r 0f         f0040fe8  c.add    x15, x14
#370 0 8000015e     439c r 0f         00000005  c.lw     x15, 0x0(x15)
#371 0 80000160 fec42703 r 0e         0000003c  lw       x14, -0x14(x8)
#372 0 80000164 02f747b3 r 0f         0000000c  div      x15, x14, x15
#373 0 80000168 fcf42e23 m f0040fac   0000000c  sw       x15, -0x24(x8)
#374 0 8000016c fe042783 r 0f         00000002  lw       x15, -0x20(x8)
#375 0 80000170     078a r 0f         00000008  c.slli   x15, 2
#376 0 80000172 fc842703 r 0e         f0040fd4  lw       x14, -0x38(x8)
#377 0 80000176     97ba r 0f         f0040fdc  c.add    x15, x14
#378 0 80000178     4384 r 09         00000001  c.lw     x9, 0x0(x15)
#379 0 8000017a fe042783 r 0f         00000002  lw       x15, -0x20(x8)
#380 0 8000017e     078a r 0f         00000008  c.slli   x15, 2
#381 0 80000180 fcc42703 r 0e         f0040fe0  lw       x14, -0x34(x8)
#382 0 80000184     97ba r 0f         f0040fe8  c.add    x15, x14
#383 0 80000186     439c r 0f         00000005  c.lw     x15, 0x0(x15)
#384 0 80000188     85be r 0b         00000005  c.mv     x11, x15
#385 0 8000018a fdc42503 r 0a         0000000c  lw       x10, -0x24(x8)
#386 0 8000018e     3d5d r 01         80000190  c.jal    . - 0x14a
#387 0 80000044     7139 r 02         f0040f50  c.addi16sp -0x4
#388 0 80000046     de22 m f0040f8c   f0040fd0  c.swsp   x8, 0x3c
#389 0 80000048     0080 r 08         f0040f90  c.addi4spn  x8, 0x10
#390 0 8000004a fca42623 m f0040f5c   0000000c  sw       x10, -0x34(x8)
#391 0 8000004e fcb42423 m f0040f58   00000005  sw       x11, -0x38(x8)
#392 0 80000052 fc842783 r 0f         00000005  lw       x15, -0x38(x8)
#393 0 80000056 fef42223 m f0040f74   00000005  sw       x15, -0x1c(x8)
#394 0 8000005a fe042623 m f0040f7c   00000000  sw       x0, -0x14(x8)
#395 0 8000005e     4785 r 0f         00000001  c.li     x15, 0x1
#396 0 80000060 fef42423 m f0040f78   00000001  sw       x15, -0x18(x8)
#397 0 80000064 fc842703 r 0e         00000005  lw       x14, -0x38(x8)
#398 0 80000068     4785 r 0f         00000001  c.li     x15, 0x1
#399 0 8000006a 06f71063 r 00         00000000  bne      x14, x15, . + 0x60
#400 0 800000ca fcc42703 r 0e         0000000c  lw       x14, -0x34(x8)
#401 0 800000ce     4785 r 0f         00000001  c.li     x15, 0x1
#402 0 800000d0 fae7c1e3 r 00         00000000  blt      x15, x14, . - 0x5e
#403 0 80000072 fcc42703 r 0e         0000000c  lw       x14, -0x34(x8)
#404 0 80000076 fc842783 r 0f         00000005  lw       x15, -0x38(x8)
#405 0 8000007a 02f747b3 r 0f         00000002  div      x15, x14, x15
#406 0 8000007e fef42023 m f0040f70   00000002  sw       x15, -0x20(x8)
#407 0 80000082 fc842783 r 0f         00000005  lw       x15, -0x38(x8)
#408 0 80000086 fcf42e23 m f0040f6c   00000005  sw       x15, -0x24(x8)
#409 0 8000008a fcc42703 r 0e         0000000c  lw       x14, -0x34(x8)
#410 0 8000008e fc842783 r 0f         00000005  lw       x15, -0x38(x8)
#411 0 80000092 02f767b3 r 0f         00000002  rem      x15, x14, x15
#412 0 80000096 fcf42423 m f0040f58   00000002  sw       x15, -0x38(x8)
#413 0 8000009a fdc42783 r 0f         00000005  lw       x15, -0x24(x8)
#414 0 8000009e fcf42623 m f0040f5c   00000005  sw       x15, -0x34(x8)
#415 0 800000a2 fec42783 r 0f         00000000  lw       x15, -0x14(x8)
#416 0 800000a6 fcf42e23 m f0040f6c   00000000  sw       x15, -0x24(x8)
#417 0 800000aa fe042703 r 0e         00000002  lw       x14, -0x20(x8)
#418 0 800000ae fec42783 r 0f         00000000  lw       x15, -0x14(x8)
#419 0 800000b2 02f707b3 r 0f         00000000  mul      x15, x14, x15
#420 0 800000b6 fe842703 r 0e         00000001  lw       x14, -0x18(x8)
#421 0 800000ba 40f707b3 r 0f         00000001  sub      x15, x14, x15
#422 0 800000be fef42623 m f0040f7c   00000001  sw       x15, -0x14(x8)
#423 0 800000c2 fdc42783 r 0f         00000000  lw       x15, -0x24(x8)
#424 0 800000c6 fef42423 m f0040f78   00000000  sw       x15, -0x18(x8)
#425 0 800000ca fcc42703 r 0e         00000005  lw       x14, -0x34(x8)
#426 0 800000ce     4785 r 0f         00000001  c.li     x15, 0x1
#427 0 800000d0 fae7c1e3 r 00         00000000  blt      x15, x14, . - 0x5e
#428 0 80000072 fcc42703 r 0e         00000005  lw       x14, -0x34(x8)
#429 0 80000076 fc842783 r 0f         00000002  lw       x15, -0x38(x8)
#430 0 8000007a 02f747b3 r 0f         00000002  div      x15, x14, x15
#431 0 8000007e fef42023 m f0040f70   00000002  sw       x15, -0x20(x8)
#432 0 80000082 fc842783 r 0f         00000002  lw       x15, -0x38(x8)
#433 0 80000086 fcf42e23 m f0040f6c   00000002  sw       x15, -0x24(x8)
#434 0 8000008a fcc42703 r 0e         00000005  lw       x14, -0x34(x8)
#435 0 8000008e fc842783 r 0f         00000002  lw       x15, -0x38(x8)
#436 0 80000092 02f767b3 r 0f         00000001  rem      x15, x14, x15
#437 0 80000096 fcf42423 m f0040f58   00000001  sw       x15, -0x38(x8)
#438 0 8000009a fdc42783 r 0f         00000002  lw       x15, -0x24(x8)
#439 0 8000009e fcf42623 m f0040f5c   00000002  sw       x15, -0x34(x8)
#440 0 800000a2 fec42783 r 0f         00000001  lw       x15, -0x14(x8)
#441 0 800000a6 fcf42e23 m f0040f6c   00000001  sw       x15, -0x24(x8)
#442 0 800000aa fe042703 r 0e         00000002  lw       x14, -0x20(x8)
#443 0 800000ae fec42783 r 0f         00000001  lw       x15, -0x14(x8)
#444 0 800000b2 02f707b3 r 0f         00000002  mul      x15, x14, x15
#445 0 800000b6 fe842703 r 0e         00000000  lw       x14, -0x18(x8)
#446 0 800000ba 40f707b3 r 0f         fffffffe  sub      x15, x14, x15
#447 0 800000be fef42623 m f0040f7c   fffffffe  sw       x15, -0x14(x8)
#448 0 800000c2 fdc42783 r 0f         00000001  lw       x15, -0x24(x8)
#449 0 800000c6 fef42423 m f0040f78   00000001  sw       x15, -0x18(x8)
#450 0 800000ca fcc42703 r 0e         00000002  lw       x14, -0x34(x8)
#451 0 800000ce     4785 r 0f         00000001  c.li     x15, 0x1
#452 0 800000d0 fae7c1e3 r 00         00000000  blt      x15, x14, . - 0x5e
#453 0 80000072 fcc42703 r 0e         00000002  lw       x14, -0x34(x8)
#454 0 80000076 fc842783 r 0f         00000001  lw       x15, -0x38(x8)
#455 0 8000007a 02f747b3 r 0f         00000002  div      x15, x14, x15
#456 0 8000007e fef42023 m f0040f70   00000002  sw       x15, -0x20(x8)
#457 0 80000082 fc842783 r 0f         00000001  lw       x15, -0x38(x8)
#458 0 80000086 fcf42e23 m f0040f6c   00000001  sw       x15, -0x24(x8)
#459 0 8000008a fcc42703 r 0e         00000002  lw       x14, -0x34(x8)
#460 0 8000008e fc842783 r 0f         00000001  lw       x15, -0x38(x8)
#461 0 80000092 02f767b3 r 0f         00000000  rem      x15, x14, x15
#462 0 80000096 fcf42423 m f0040f58   00000000  sw       x15, -0x38(x8)
#463 0 8000009a fdc42783 r 0f         00000001  lw       x15, -0x24(x8)
#464 0 8000009e fcf42623 m f0040f5c   00000001  sw       x15, -0x34(x8)
#465 0 800000a2 fec42783 r 0f         fffffffe  lw       x15, -0x14(x8)
#466 0 800000a6 fcf42e23 m f0040f6c   fffffffe  sw       x15, -0x24(x8)
#467 0 800000aa fe042703 r 0e         00000002  lw       x14, -0x20(x8)
#468 0 800000ae fec42783 r 0f         fffffffe  lw       x15, -0x14(x8)
#469 0 800000b2 02f707b3 r 0f         fffffffc  mul      x15, x14, x15
#470 0 800000b6 fe842703 r 0e         00000001  lw       x14, -0x18(x8)
#471 0 800000ba 40f707b3 r 0f         00000005  sub      x15, x14, x15
#472 0 800000be fef42623 m f0040f7c   00000005  sw       x15, -0x14(x8)
#473 0 800000c2 fdc42783 r 0f         fffffffe  lw       x15, -0x24(x8)
#474 0 800000c6 fef42423 m f0040f78   fffffffe  sw       x15, -0x18(x8)
#475 0 800000ca fcc42703 r 0e         00000001  lw       x14, -0x34(x8)
#476 0 800000ce     4785 r 0f         00000001  c.li     x15, 0x1
#477 0 800000d0 fae7c1e3 r 00         00000000  blt      x15, x14, . - 0x5e
#478 0 800000d4 fe842783 r 0f         fffffffe  lw       x15, -0x18(x8)
#479 0 800000d8 0007d963 r 00         00000000  bge      x15, x0, . + 0x12
#480 0 800000dc fe842703 r 0e         fffffffe  lw       x14, -0x18(x8)
#481 0 800000e0 fe442783 r 0f         00000005  lw       x15, -0x1c(x8)
#482 0 800000e4     97ba r 0f         00000003  c.add    x15, x14
#483 0 800000e6 fef42423 m f0040f78   00000003  sw       x15, -0x18(x8)
#484 0 800000ea fe842783 r 0f         00000003  lw       x15, -0x18(x8)
#485 0 800000ee     853e r 0a         00000003  c.mv     x10, x15
#486 0 800000f0     5472 r 08         f0040fd0  c.lwsp   x8, 0x3c
#487 0 800000f2     6121 r 02         f0040f90  c.addi16sp 0x4
#488 0 800000f4     8082 r 00         00000000  c.jr     x1
#489 0 80000190     87aa r 0f         00000003  c.mv     x15, x10
#490 0 80000192 02f48733 r 0e         00000003  mul      x14, x9, x15
#491 0 80000196 fdc42783 r 0f         0000000c  lw       x15, -0x24(x8)
#492 0 8000019a 02f707b3 r 0f         00000024  mul      x15, x14, x15
#493 0 8000019e fe442703 r 0e         000000d7  lw       x14, -0x1c(x8)
#494 0 800001a2     97ba r 0f         000000fb  c.add    x15, x14
#495 0 800001a4 fef42223 m f0040fb4   000000fb  sw       x15, -0x1c(x8)
#496 0 800001a8 fe042783 r 0f         00000002  lw       x15, -0x20(x8)
#497 0 800001ac     0785 r 0f         00000003  c.addi   x15, 0x1
#498 0 800001ae fef42023 m f0040fb0   00000003  sw       x15, -0x20(x8)
#499 0 800001b2 fe042703 r 0e         00000003  lw       x14, -0x20(x8)
#500 0 800001b6 fc442783 r 0f         00000003  lw       x15, -0x3c(x8)
#501 0 800001ba f8f74ce3 r 00         00000000  blt      x14, x15, . - 0x68
#502 0 800001be fe442703 r 0e         000000fb  lw       x14, -0x1c(x8)
#503 0 800001c2 fec42783 r 0f         0000003c  lw       x15, -0x14(x8)
#504 0 800001c6 02f767b3 r 0f         0000000b  rem      x15, x14, x15
#505 0 800001ca     853e r 0a         0000000b  c.mv     x10, x15
#506 0 800001cc     50f2 r 01         8000021a  c.lwsp   x1, 0x3c
#507 0 800001ce     5462 r 08         f0041000  c.lwsp   x8, 0x38
#508 0 800001d0     54d2 r 09         00000000  c.lwsp   x9, 0x34
#509 0 800001d2     6121 r 02         f0040fd0  c.addi16sp 0x4
#510 0 800001d4     8082 r 00         00000000  c.jr     x1
#511 0 8000021a     0001 r 00         00000000  c.nop
#512 0 8000021c     50b2 r 01         80000016  c.lwsp   x1, 0x2c
#513 0 8000021e     5422 r 08         00000000  c.lwsp   x8, 0x28
#514 0 80000220     6145 r 02         f0041000  c.addi16sp 0x3
#515 0 80000222     8082 r 00         00000000  c.jr     x1
#516 0 80000016 50580297 r 05         d0580016  auipc    x5, 0x50580
#517 0 8000001a fea28293 r 05         d0580000  addi     x5, x5, -0x16
#518 0 8000001e 0ff00313 r 06         000000ff  addi     x6, x0, 0xff
#519 0 80000022 00628023 m d0580000   000000ff  sb       x6, 0x0(x5)
