//   Cycle : #inst    0    pc    opcode    reg=value   ; mnemonic
        16 :       #1 0 80000000 595552b7  t0=59555000 ; lui     t0,0x59555000
        22 :       #2 0 80000004 55528293  t0=59555555 ; addi    t0,t0,1365
        28 :       #3 0 80000008 7c029073              ; csrrw   zero,csr_7c0,t0
        33 :       #4 0 8000000c 70042117  sp=f004200c ; auipc   sp,0x70042000
        38 :       #5 0 80000010 e0410113  sp=f0041e10 ; addi    sp,sp,-508
        39 :       #6 0 80000014 04e000ef  ra=80000018 ; jal     ra,0x80000062
        48 :       #7 0 80000062 b5010113  sp=f0041960 ; addi    sp,sp,-1200
        49 :       #8 0 80000066 70040597  a1=f0040066 ; auipc   a1,0x70040000
        50 :       #9 0 8000006a 44a58593  a1=f00404b0 ; addi    a1,a1,1098
        51 :      #10 0 8000006e 70040717  a4=f004006e ; auipc   a4,0x70040000
        52 :      #11 0 80000072 f9270713  a4=f0040000 ; addi    a4,a4,-110
        53 :      #12 0 80000076 0000878a  a5=f0041960 ; c.mv    a5,sp
        54 :      #13 0 80000078 000088ae  a7=f00404b0 ; c.mv    a7,a1
        55 :      #14 0 8000007a 0000883e  a6=f0041960 ; c.mv    a6,a5
        56 :      #15 0 8000007c 0000852e  a0=f00404b0 ; c.mv    a0,a1
        57 :      #16 0 8000007e 000086ba  a3=f0040000 ; c.mv    a3,a4
        60 :      #17 0 80000080 00004290  a2=00000029 ; c.lw    a2,0(a3) [f0040000]
        61 :      #18 0 80000082 00052303  t1=000001c6 ; lw      t1,0(a0) [f00404b0]
        62 :      #19 0 80000086 00000691  a3=f0040004 ; c.addi  a3,4
        63 :      #20 0 80000088 00000511  a0=f00404b4 ; c.addi  a0,4
        64 :      #21 0 8000008a 0000961a  a2=000001ef ; c.add   a2,t1
        65 :      #22 0 8000008c 00c82023              ; sw      a2,0(a6) [f0041960]
        66 :      #23 0 80000090 00000811  a6=f0041964 ; c.addi  a6,4
        67 :      #24 0 80000092 ff1697e3              ; bne     a3,a7,0x80000080
        69 :      #25 0 80000080 00004290  a2=00000341 ; c.lw    a2,0(a3) [f0040004]
        70 :      #26 0 80000082 00052303  t1=0000014f ; lw      t1,0(a0) [f00404b4]
        71 :      #27 0 80000086 00000691  a3=f0040008 ; c.addi  a3,4
        72 :      #28 0 80000088 00000511  a0=f00404b8 ; c.addi  a0,4
        73 :      #29 0 8000008a 0000961a  a2=00000490 ; c.add   a2,t1
        74 :      #30 0 8000008c 00c82023              ; sw      a2,0(a6) [f0041964]
        75 :      #31 0 80000090 00000811  a6=f0041968 ; c.addi  a6,4
        76 :      #32 0 80000092 ff1697e3              ; bne     a3,a7,0x80000080
        77 :      #33 0 80000080 00004290  a2=00000234 ; c.lw    a2,0(a3) [f0040008]
        78 :      #34 0 80000082 00052303  t1=00000001 ; lw      t1,0(a0) [f00404b8]
        79 :      #35 0 80000086 00000691  a3=f004000c ; c.addi  a3,4
        80 :      #36 0 80000088 00000511  a0=f00404bc ; c.addi  a0,4
        81 :      #37 0 8000008a 0000961a  a2=00000235 ; c.add   a2,t1
        82 :      #38 0 8000008c 00c82023              ; sw      a2,0(a6) [f0041968]
        83 :      #39 0 80000090 00000811  a6=f004196c ; c.addi  a6,4
        84 :      #40 0 80000092 ff1697e3              ; bne     a3,a7,0x80000080
        86 :      #41 0 80000080 00004290  a2=000000bb ; c.lw    a2,0(a3) [f004000c]
        87 :      #42 0 80000082 00052303  t1=000003dd ; lw      t1,0(a0) [f00404bc]
        88 :      #43 0 80000086 00000691  a3=f0040010 ; c.addi  a3,4
        89 :      #44 0 80000088 00000511  a0=f00404c0 ; c.addi  a0,4
        90 :      #45 0 8000008a 0000961a  a2=00000498 ; c.add   a2,t1
        91 :      #46 0 8000008c 00c82023              ; sw      a2,0(a6) [f004196c]
        92 :      #47 0 80000090 00000811  a6=f0041970 ; c.addi  a6,4
        93 :      #48 0 80000092 ff1697e3              ; bne     a3,a7,0x80000080
        95 :      #49 0 80000080 00004290  a2=000002ed ; c.lw    a2,0(a3) [f0040010]
        96 :      #50 0 80000082 00052303  t1=0000016d ; lw      t1,0(a0) [f00404c0]
        97 :      #51 0 80000086 00000691  a3=f0040014 ; c.addi  a3,4
        98 :      #52 0 80000088 00000511  a0=f00404c4 ; c.addi  a0,4
        99 :      #53 0 8000008a 0000961a  a2=0000045a ; c.add   a2,t1
       100 :      #54 0 8000008c 00c82023              ; sw      a2,0(a6) [f0041970]
       101 :      #55 0 80000090 00000811  a6=f0041974 ; c.addi  a6,4
       102 :      #56 0 80000092 ff1697e3              ; bne     a3,a7,0x80000080
       104 :      #57 0 80000080 00004290  a2=0000015e ; c.lw    a2,0(a3) [f0040014]
       105 :      #58 0 80000082 00052303  t1=0000023c ; lw      t1,0(a0) [f00404c4]
       106 :      #59 0 80000086 00000691  a3=f0040018 ; c.addi  a3,4
       107 :      #60 0 80000088 00000511  a0=f00404c8 ; c.addi  a0,4
       108 :      #61 0 8000008a 0000961a  a2=0000039a ; c.add   a2,t1
       109 :      #62 0 8000008c 00c82023              ; sw      a2,0(a6) [f0041974]
       110 :      #63 0 80000090 00000811  a6=f0041978 ; c.addi  a6,4
       111 :      #64 0 80000092 ff1697e3              ; bne     a3,a7,0x80000080
       113 :      #65 0 80000080 00004290  a2=00000084 ; c.lw    a2,0(a3) [f0040018]
       114 :      #66 0 80000082 00052303  t1=00000040 ; lw      t1,0(a0) [f00404c8]
       115 :      #67 0 80000086 00000691  a3=f004001c ; c.addi  a3,4
       116 :      #68 0 80000088 00000511  a0=f00404cc ; c.addi  a0,4
       117 :      #69 0 8000008a 0000961a  a2=000000c4 ; c.add   a2,t1
       118 :      #70 0 8000008c 00c82023              ; sw      a2,0(a6) [f0041978]
       119 :      #71 0 80000090 00000811  a6=f004197c ; c.addi  a6,4
       120 :      #72 0 80000092 ff1697e3              ; bne     a3,a7,0x80000080
       122 :      #73 0 80000080 00004290  a2=000003b5 ; c.lw    a2,0(a3) [f004001c]
       123 :      #74 0 80000082 00052303  t1=00000099 ; lw      t1,0(a0) [f00404cc]
       124 :      #75 0 80000086 00000691  a3=f0040020 ; c.addi  a3,4
       125 :      #76 0 80000088 00000511  a0=f00404d0 ; c.addi  a0,4
       126 :      #77 0 8000008a 0000961a  a2=0000044e ; c.add   a2,t1
       127 :      #78 0 8000008c 00c82023              ; sw      a2,0(a6) [f004197c]
       128 :      #79 0 80000090 00000811  a6=f0041980 ; c.addi  a6,4
       129 :      #80 0 80000092 ff1697e3              ; bne     a3,a7,0x80000080
       131 :      #81 0 80000080 00004290  a2=00000248 ; c.lw    a2,0(a3) [f0040020]
       132 :      #82 0 80000082 00052303  t1=000000d8 ; lw      t1,0(a0) [f00404d0]
       133 :      #83 0 80000086 00000691  a3=f0040024 ; c.addi  a3,4
       134 :      #84 0 80000088 00000511  a0=f00404d4 ; c.addi  a0,4
       135 :      #85 0 8000008a 0000961a  a2=00000320 ; c.add   a2,t1
       136 :      #86 0 8000008c 00c82023              ; sw      a2,0(a6) [f0041980]
       137 :      #87 0 80000090 00000811  a6=f0041984 ; c.addi  a6,4
       138 :      #88 0 80000092 ff1697e3              ; bne     a3,a7,0x80000080
       140 :      #89 0 80000080 00004290  a2=00000325 ; c.lw    a2,0(a3) [f0040024]
       141 :      #90 0 80000082 00052303  t1=0000008c ; lw      t1,0(a0) [f00404d4]
       142 :      #91 0 80000086 00000691  a3=f0040028 ; c.addi  a3,4
       143 :      #92 0 80000088 00000511  a0=f00404d8 ; c.addi  a0,4
       144 :      #93 0 8000008a 0000961a  a2=000003b1 ; c.add   a2,t1
       145 :      #94 0 8000008c 00c82023              ; sw      a2,0(a6) [f0041984]
       146 :      #95 0 80000090 00000811  a6=f0041988 ; c.addi  a6,4
       147 :      #96 0 80000092 ff1697e3              ; bne     a3,a7,0x80000080
       149 :      #97 0 80000080 00004290  a2=0000026d ; c.lw    a2,0(a3) [f0040028]
       150 :      #98 0 80000082 00052303  t1=000000d2 ; lw      t1,0(a0) [f00404d8]
       151 :      #99 0 80000086 00000691  a3=f004002c ; c.addi  a3,4
       152 :     #100 0 80000088 00000511  a0=f00404dc ; c.addi  a0,4
       153 :     #101 0 8000008a 0000961a  a2=0000033f ; c.add   a2,t1
       154 :     #102 0 8000008c 00c82023              ; sw      a2,0(a6) [f0041988]
       155 :     #103 0 80000090 00000811  a6=f004198c ; c.addi  a6,4
       156 :     #104 0 80000092 ff1697e3              ; bne     a3,a7,0x80000080
       157 :     #105 0 80000080 00004290  a2=00000006 ; c.lw    a2,0(a3) [f004002c]
       158 :     #106 0 80000082 00052303  t1=0000023c ; lw      t1,0(a0) [f00404dc]
       159 :     #107 0 80000086 00000691  a3=f0040030 ; c.addi  a3,4
       160 :     #108 0 80000088 00000511  a0=f00404e0 ; c.addi  a0,4
       161 :     #109 0 8000008a 0000961a  a2=00000242 ; c.add   a2,t1
       162 :     #110 0 8000008c 00c82023              ; sw      a2,0(a6) [f004198c]
       163 :     #111 0 80000090 00000811  a6=f0041990 ; c.addi  a6,4
       164 :     #112 0 80000092 ff1697e3              ; bne     a3,a7,0x80000080
       165 :     #113 0 80000080 00004290  a2=000003a3 ; c.lw    a2,0(a3) [f0040030]
       166 :     #114 0 80000082 00052303  t1=00000153 ; lw      t1,0(a0) [f00404e0]
       167 :     #115 0 80000086 00000691  a3=f0040034 ; c.addi  a3,4
       168 :     #116 0 80000088 00000511  a0=f00404e4 ; c.addi  a0,4
       169 :     #117 0 8000008a 0000961a  a2=000004f6 ; c.add   a2,t1
       170 :     #118 0 8000008c 00c82023              ; sw      a2,0(a6) [f0041990]
       171 :     #119 0 80000090 00000811  a6=f0041994 ; c.addi  a6,4
       172 :     #120 0 80000092 ff1697e3              ; bne     a3,a7,0x80000080
       173 :     #121 0 80000080 00004290  a2=0000037a ; c.lw    a2,0(a3) [f0040034]
       174 :     #122 0 80000082 00052303  t1=00000251 ; lw      t1,0(a0) [f00404e4]
       175 :     #123 0 80000086 00000691  a3=f0040038 ; c.addi  a3,4
       176 :     #124 0 80000088 00000511  a0=f00404e8 ; c.addi  a0,4
       177 :     #125 0 8000008a 0000961a  a2=000005cb ; c.add   a2,t1
       178 :     #126 0 8000008c 00c82023              ; sw      a2,0(a6) [f0041994]
       179 :     #127 0 80000090 00000811  a6=f0041998 ; c.addi  a6,4
       180 :     #128 0 80000092 ff1697e3              ; bne     a3,a7,0x80000080
       181 :     #129 0 80000080 00004290  a2=00000188 ; c.lw    a2,0(a3) [f0040038]
       182 :     #130 0 80000082 00052303  t1=00000382 ; lw      t1,0(a0) [f00404e8]
       183 :     #131 0 80000086 00000691  a3=f004003c ; c.addi  a3,4
       184 :     #132 0 80000088 00000511  a0=f00404ec ; c.addi  a0,4
       185 :     #133 0 8000008a 0000961a  a2=0000050a ; c.add   a2,t1
       186 :     #134 0 8000008c 00c82023              ; sw      a2,0(a6) [f0041998]
       187 :     #135 0 80000090 00000811  a6=f004199c ; c.addi  a6,4
       188 :     #136 0 80000092 ff1697e3              ; bne     a3,a7,0x80000080
       189 :     #137 0 80000080 00004290  a2=000002b6 ; c.lw    a2,0(a3) [f004003c]
       190 :     #138 0 80000082 00052303  t1=000000e4 ; lw      t1,0(a0) [f00404ec]
       191 :     #139 0 80000086 00000691  a3=f0040040 ; c.addi  a3,4
       192 :     #140 0 80000088 00000511  a0=f00404f0 ; c.addi  a0,4
       193 :     #141 0 8000008a 0000961a  a2=0000039a ; c.add   a2,t1
       194 :     #142 0 8000008c 00c82023              ; sw      a2,0(a6) [f004199c]
       195 :     #143 0 80000090 00000811  a6=f00419a0 ; c.addi  a6,4
       196 :     #144 0 80000092 ff1697e3              ; bne     a3,a7,0x80000080
       197 :     #145 0 80000080 00004290  a2=000003c1 ; c.lw    a2,0(a3) [f0040040]
       198 :     #146 0 80000082 00052303  t1=0000000c ; lw      t1,0(a0) [f00404f0]
       199 :     #147 0 80000086 00000691  a3=f0040044 ; c.addi  a3,4
       200 :     #148 0 80000088 00000511  a0=f00404f4 ; c.addi  a0,4
       201 :     #149 0 8000008a 0000961a  a2=000003cd ; c.add   a2,t1
       202 :     #150 0 8000008c 00c82023              ; sw      a2,0(a6) [f00419a0]
       203 :     #151 0 80000090 00000811  a6=f00419a4 ; c.addi  a6,4
       204 :     #152 0 80000092 ff1697e3              ; bne     a3,a7,0x80000080
       205 :     #153 0 80000080 00004290  a2=0000006e ; c.lw    a2,0(a3) [f0040044]
       206 :     #154 0 80000082 00052303  t1=00000373 ; lw      t1,0(a0) [f00404f4]
       207 :     #155 0 80000086 00000691  a3=f0040048 ; c.addi  a3,4
       208 :     #156 0 80000088 00000511  a0=f00404f8 ; c.addi  a0,4
       209 :     #157 0 8000008a 0000961a  a2=000003e1 ; c.add   a2,t1
       210 :     #158 0 8000008c 00c82023              ; sw      a2,0(a6) [f00419a4]
       211 :     #159 0 80000090 00000811  a6=f00419a8 ; c.addi  a6,4
       212 :     #160 0 80000092 ff1697e3              ; bne     a3,a7,0x80000080
       213 :     #161 0 80000080 00004290  a2=00000074 ; c.lw    a2,0(a3) [f0040048]
       214 :     #162 0 80000082 00052303  t1=000002ee ; lw      t1,0(a0) [f00404f8]
       215 :     #163 0 80000086 00000691  a3=f004004c ; c.addi  a3,4
       216 :     #164 0 80000088 00000511  a0=f00404fc ; c.addi  a0,4
       217 :     #165 0 8000008a 0000961a  a2=00000362 ; c.add   a2,t1
       218 :     #166 0 8000008c 00c82023              ; sw      a2,0(a6) [f00419a8]
       219 :     #167 0 80000090 00000811  a6=f00419ac ; c.addi  a6,4
       220 :     #168 0 80000092 ff1697e3              ; bne     a3,a7,0x80000080
       221 :     #169 0 80000080 00004290  a2=00000128 ; c.lw    a2,0(a3) [f004004c]
       222 :     #170 0 80000082 00052303  t1=00000286 ; lw      t1,0(a0) [f00404fc]
       223 :     #171 0 80000086 00000691  a3=f0040050 ; c.addi  a3,4
       224 :     #172 0 80000088 00000511  a0=f0040500 ; c.addi  a0,4
       225 :     #173 0 8000008a 0000961a  a2=000003ae ; c.add   a2,t1
       226 :     #174 0 8000008c 00c82023              ; sw      a2,0(a6) [f00419ac]
       227 :     #175 0 80000090 00000811  a6=f00419b0 ; c.addi  a6,4
       228 :     #176 0 80000092 ff1697e3              ; bne     a3,a7,0x80000080
       229 :     #177 0 80000080 00004290  a2=000001aa ; c.lw    a2,0(a3) [f0040050]
       230 :     #178 0 80000082 00052303  t1=000001f4 ; lw      t1,0(a0) [f0040500]
       231 :     #179 0 80000086 00000691  a3=f0040054 ; c.addi  a3,4
       232 :     #180 0 80000088 00000511  a0=f0040504 ; c.addi  a0,4
       233 :     #181 0 8000008a 0000961a  a2=0000039e ; c.add   a2,t1
       234 :     #182 0 8000008c 00c82023              ; sw      a2,0(a6) [f00419b0]
       235 :     #183 0 80000090 00000811  a6=f00419b4 ; c.addi  a6,4
       236 :     #184 0 80000092 ff1697e3              ; bne     a3,a7,0x80000080
       237 :     #185 0 80000080 00004290  a2=0000013a ; c.lw    a2,0(a3) [f0040054]
       238 :     #186 0 80000082 00052303  t1=000001b4 ; lw      t1,0(a0) [f0040504]
       239 :     #187 0 80000086 00000691  a3=f0040058 ; c.addi  a3,4
       240 :     #188 0 80000088 00000511  a0=f0040508 ; c.addi  a0,4
       241 :     #189 0 8000008a 0000961a  a2=000002ee ; c.add   a2,t1
       242 :     #190 0 8000008c 00c82023              ; sw      a2,0(a6) [f00419b4]
       243 :     #191 0 80000090 00000811  a6=f00419b8 ; c.addi  a6,4
       244 :     #192 0 80000092 ff1697e3              ; bne     a3,a7,0x80000080
       245 :     #193 0 80000080 00004290  a2=00000293 ; c.lw    a2,0(a3) [f0040058]
       246 :     #194 0 80000082 00052303  t1=000002bd ; lw      t1,0(a0) [f0040508]
       247 :     #195 0 80000086 00000691  a3=f004005c ; c.addi  a3,4
       248 :     #196 0 80000088 00000511  a0=f004050c ; c.addi  a0,4
       249 :     #197 0 8000008a 0000961a  a2=00000550 ; c.add   a2,t1
       250 :     #198 0 8000008c 00c82023              ; sw      a2,0(a6) [f00419b8]
       251 :     #199 0 80000090 00000811  a6=f00419bc ; c.addi  a6,4
       252 :     #200 0 80000092 ff1697e3              ; bne     a3,a7,0x80000080
       253 :     #201 0 80000080 00004290  a2=00000306 ; c.lw    a2,0(a3) [f004005c]
       254 :     #202 0 80000082 00052303  t1=0000032c ; lw      t1,0(a0) [f004050c]
       255 :     #203 0 80000086 00000691  a3=f0040060 ; c.addi  a3,4
       256 :     #204 0 80000088 00000511  a0=f0040510 ; c.addi  a0,4
       257 :     #205 0 8000008a 0000961a  a2=00000632 ; c.add   a2,t1
       258 :     #206 0 8000008c 00c82023              ; sw      a2,0(a6) [f00419bc]
       259 :     #207 0 80000090 00000811  a6=f00419c0 ; c.addi  a6,4
       260 :     #208 0 80000092 ff1697e3              ; bne     a3,a7,0x80000080
       261 :     #209 0 80000080 00004290  a2=0000013f ; c.lw    a2,0(a3) [f0040060]
       262 :     #210 0 80000082 00052303  t1=000003d5 ; lw      t1,0(a0) [f0040510]
       263 :     #211 0 80000086 00000691  a3=f0040064 ; c.addi  a3,4
       264 :     #212 0 80000088 00000511  a0=f0040514 ; c.addi  a0,4
       265 :     #213 0 8000008a 0000961a  a2=00000514 ; c.add   a2,t1
       266 :     #214 0 8000008c 00c82023              ; sw      a2,0(a6) [f00419c0]
       267 :     #215 0 80000090 00000811  a6=f00419c4 ; c.addi  a6,4
       268 :     #216 0 80000092 ff1697e3              ; bne     a3,a7,0x80000080
       269 :     #217 0 80000080 00004290  a2=000002a6 ; c.lw    a2,0(a3) [f0040064]
       270 :     #218 0 80000082 00052303  t1=00000096 ; lw      t1,0(a0) [f0040514]
       271 :     #219 0 80000086 00000691  a3=f0040068 ; c.addi  a3,4
       272 :     #220 0 80000088 00000511  a0=f0040518 ; c.addi  a0,4
       273 :     #221 0 8000008a 0000961a  a2=0000033c ; c.add   a2,t1
       274 :     #222 0 8000008c 00c82023              ; sw      a2,0(a6) [f00419c4]
       275 :     #223 0 80000090 00000811  a6=f00419c8 ; c.addi  a6,4
       276 :     #224 0 80000092 ff1697e3              ; bne     a3,a7,0x80000080
       277 :     #225 0 80000080 00004290  a2=0000036b ; c.lw    a2,0(a3) [f0040068]
       278 :     #226 0 80000082 00052303  t1=000002b8 ; lw      t1,0(a0) [f0040518]
       279 :     #227 0 80000086 00000691  a3=f004006c ; c.addi  a3,4
       280 :     #228 0 80000088 00000511  a0=f004051c ; c.addi  a0,4
       281 :     #229 0 8000008a 0000961a  a2=00000623 ; c.add   a2,t1
       282 :     #230 0 8000008c 00c82023              ; sw      a2,0(a6) [f00419c8]
       283 :     #231 0 80000090 00000811  a6=f00419cc ; c.addi  a6,4
       284 :     #232 0 80000092 ff1697e3              ; bne     a3,a7,0x80000080
       285 :     #233 0 80000080 00004290  a2=00000178 ; c.lw    a2,0(a3) [f004006c]
       286 :     #234 0 80000082 00052303  t1=00000234 ; lw      t1,0(a0) [f004051c]
       287 :     #235 0 80000086 00000691  a3=f0040070 ; c.addi  a3,4
       288 :     #236 0 80000088 00000511  a0=f0040520 ; c.addi  a0,4
       289 :     #237 0 8000008a 0000961a  a2=000003ac ; c.add   a2,t1
       290 :     #238 0 8000008c 00c82023              ; sw      a2,0(a6) [f00419cc]
       291 :     #239 0 80000090 00000811  a6=f00419d0 ; c.addi  a6,4
       292 :     #240 0 80000092 ff1697e3              ; bne     a3,a7,0x80000080
       293 :     #241 0 80000080 00004290  a2=000001da ; c.lw    a2,0(a3) [f0040070]
       294 :     #242 0 80000082 00052303  t1=00000110 ; lw      t1,0(a0) [f0040520]
       295 :     #243 0 80000086 00000691  a3=f0040074 ; c.addi  a3,4
       296 :     #244 0 80000088 00000511  a0=f0040524 ; c.addi  a0,4
       297 :     #245 0 8000008a 0000961a  a2=000002ea ; c.add   a2,t1
       298 :     #246 0 8000008c 00c82023              ; sw      a2,0(a6) [f00419d0]
       299 :     #247 0 80000090 00000811  a6=f00419d4 ; c.addi  a6,4
       300 :     #248 0 80000092 ff1697e3              ; bne     a3,a7,0x80000080
       301 :     #249 0 80000080 00004290  a2=000003aa ; c.lw    a2,0(a3) [f0040074]
       302 :     #250 0 80000082 00052303  t1=00000102 ; lw      t1,0(a0) [f0040524]
       303 :     #251 0 80000086 00000691  a3=f0040078 ; c.addi  a3,4
       304 :     #252 0 80000088 00000511  a0=f0040528 ; c.addi  a0,4
       305 :     #253 0 8000008a 0000961a  a2=000004ac ; c.add   a2,t1
       306 :     #254 0 8000008c 00c82023              ; sw      a2,0(a6) [f00419d4]
       307 :     #255 0 80000090 00000811  a6=f00419d8 ; c.addi  a6,4
       308 :     #256 0 80000092 ff1697e3              ; bne     a3,a7,0x80000080
       309 :     #257 0 80000080 00004290  a2=0000021b ; c.lw    a2,0(a3) [f0040078]
       310 :     #258 0 80000082 00052303  t1=00000287 ; lw      t1,0(a0) [f0040528]
       311 :     #259 0 80000086 00000691  a3=f004007c ; c.addi  a3,4
       312 :     #260 0 80000088 00000511  a0=f004052c ; c.addi  a0,4
       313 :     #261 0 8000008a 0000961a  a2=000004a2 ; c.add   a2,t1
       314 :     #262 0 8000008c 00c82023              ; sw      a2,0(a6) [f00419d8]
       315 :     #263 0 80000090 00000811  a6=f00419dc ; c.addi  a6,4
       316 :     #264 0 80000092 ff1697e3              ; bne     a3,a7,0x80000080
       317 :     #265 0 80000080 00004290  a2=00000239 ; c.lw    a2,0(a3) [f004007c]
       318 :     #266 0 80000082 00052303  t1=000001fd ; lw      t1,0(a0) [f004052c]
       319 :     #267 0 80000086 00000691  a3=f0040080 ; c.addi  a3,4
       320 :     #268 0 80000088 00000511  a0=f0040530 ; c.addi  a0,4
       321 :     #269 0 8000008a 0000961a  a2=00000436 ; c.add   a2,t1
       322 :     #270 0 8000008c 00c82023              ; sw      a2,0(a6) [f00419dc]
       323 :     #271 0 80000090 00000811  a6=f00419e0 ; c.addi  a6,4
       324 :     #272 0 80000092 ff1697e3              ; bne     a3,a7,0x80000080
       325 :     #273 0 80000080 00004290  a2=000000cb ; c.lw    a2,0(a3) [f0040080]
       326 :     #274 0 80000082 00052303  t1=00000058 ; lw      t1,0(a0) [f0040530]
       327 :     #275 0 80000086 00000691  a3=f0040084 ; c.addi  a3,4
       328 :     #276 0 80000088 00000511  a0=f0040534 ; c.addi  a0,4
       329 :     #277 0 8000008a 0000961a  a2=00000123 ; c.add   a2,t1
       330 :     #278 0 8000008c 00c82023              ; sw      a2,0(a6) [f00419e0]
       331 :     #279 0 80000090 00000811  a6=f00419e4 ; c.addi  a6,4
       332 :     #280 0 80000092 ff1697e3              ; bne     a3,a7,0x80000080
       333 :     #281 0 80000080 00004290  a2=00000118 ; c.lw    a2,0(a3) [f0040084]
       334 :     #282 0 80000082 00052303  t1=000002bf ; lw      t1,0(a0) [f0040534]
       335 :     #283 0 80000086 00000691  a3=f0040088 ; c.addi  a3,4
       336 :     #284 0 80000088 00000511  a0=f0040538 ; c.addi  a0,4
       337 :     #285 0 8000008a 0000961a  a2=000003d7 ; c.add   a2,t1
       338 :     #286 0 8000008c 00c82023              ; sw      a2,0(a6) [f00419e4]
       339 :     #287 0 80000090 00000811  a6=f00419e8 ; c.addi  a6,4
       340 :     #288 0 80000092 ff1697e3              ; bne     a3,a7,0x80000080
       341 :     #289 0 80000080 00004290  a2=000002f7 ; c.lw    a2,0(a3) [f0040088]
       342 :     #290 0 80000082 00052303  t1=0000029d ; lw      t1,0(a0) [f0040538]
       343 :     #291 0 80000086 00000691  a3=f004008c ; c.addi  a3,4
       344 :     #292 0 80000088 00000511  a0=f004053c ; c.addi  a0,4
       345 :     #293 0 8000008a 0000961a  a2=00000594 ; c.add   a2,t1
       346 :     #294 0 8000008c 00c82023              ; sw      a2,0(a6) [f00419e8]
       347 :     #295 0 80000090 00000811  a6=f00419ec ; c.addi  a6,4
       348 :     #296 0 80000092 ff1697e3              ; bne     a3,a7,0x80000080
       349 :     #297 0 80000080 00004290  a2=0000025e ; c.lw    a2,0(a3) [f004008c]
       350 :     #298 0 80000082 00052303  t1=00000177 ; lw      t1,0(a0) [f004053c]
       351 :     #299 0 80000086 00000691  a3=f0040090 ; c.addi  a3,4
       352 :     #300 0 80000088 00000511  a0=f0040540 ; c.addi  a0,4
       353 :     #301 0 8000008a 0000961a  a2=000003d5 ; c.add   a2,t1
       354 :     #302 0 8000008c 00c82023              ; sw      a2,0(a6) [f00419ec]
       355 :     #303 0 80000090 00000811  a6=f00419f0 ; c.addi  a6,4
       356 :     #304 0 80000092 ff1697e3              ; bne     a3,a7,0x80000080
       357 :     #305 0 80000080 00004290  a2=000001ff ; c.lw    a2,0(a3) [f0040090]
       358 :     #306 0 80000082 00052303  t1=00000227 ; lw      t1,0(a0) [f0040540]
       359 :     #307 0 80000086 00000691  a3=f0040094 ; c.addi  a3,4
       360 :     #308 0 80000088 00000511  a0=f0040544 ; c.addi  a0,4
       361 :     #309 0 8000008a 0000961a  a2=00000426 ; c.add   a2,t1
       362 :     #310 0 8000008c 00c82023              ; sw      a2,0(a6) [f00419f0]
       363 :     #311 0 80000090 00000811  a6=f00419f4 ; c.addi  a6,4
       364 :     #312 0 80000092 ff1697e3              ; bne     a3,a7,0x80000080
       365 :     #313 0 80000080 00004290  a2=00000291 ; c.lw    a2,0(a3) [f0040094]
       366 :     #314 0 80000082 00052303  t1=000003a8 ; lw      t1,0(a0) [f0040544]
       367 :     #315 0 80000086 00000691  a3=f0040098 ; c.addi  a3,4
       368 :     #316 0 80000088 00000511  a0=f0040548 ; c.addi  a0,4
       369 :     #317 0 8000008a 0000961a  a2=00000639 ; c.add   a2,t1
       370 :     #318 0 8000008c 00c82023              ; sw      a2,0(a6) [f00419f4]
       371 :     #319 0 80000090 00000811  a6=f00419f8 ; c.addi  a6,4
       372 :     #320 0 80000092 ff1697e3              ; bne     a3,a7,0x80000080
       373 :     #321 0 80000080 00004290  a2=000000c3 ; c.lw    a2,0(a3) [f0040098]
       374 :     #322 0 80000082 00052303  t1=00000250 ; lw      t1,0(a0) [f0040548]
       375 :     #323 0 80000086 00000691  a3=f004009c ; c.addi  a3,4
       376 :     #324 0 80000088 00000511  a0=f004054c ; c.addi  a0,4
       377 :     #325 0 8000008a 0000961a  a2=00000313 ; c.add   a2,t1
       378 :     #326 0 8000008c 00c82023              ; sw      a2,0(a6) [f00419f8]
       379 :     #327 0 80000090 00000811  a6=f00419fc ; c.addi  a6,4
       380 :     #328 0 80000092 ff1697e3              ; bne     a3,a7,0x80000080
       381 :     #329 0 80000080 00004290  a2=00000051 ; c.lw    a2,0(a3) [f004009c]
       382 :     #330 0 80000082 00052303  t1=00000239 ; lw      t1,0(a0) [f004054c]
       383 :     #331 0 80000086 00000691  a3=f00400a0 ; c.addi  a3,4
       384 :     #332 0 80000088 00000511  a0=f0040550 ; c.addi  a0,4
       385 :     #333 0 8000008a 0000961a  a2=0000028a ; c.add   a2,t1
       386 :     #334 0 8000008c 00c82023              ; sw      a2,0(a6) [f00419fc]
       387 :     #335 0 80000090 00000811  a6=f0041a00 ; c.addi  a6,4
       388 :     #336 0 80000092 ff1697e3              ; bne     a3,a7,0x80000080
       389 :     #337 0 80000080 00004290  a2=0000010b ; c.lw    a2,0(a3) [f00400a0]
       390 :     #338 0 80000082 00052303  t1=000003b8 ; lw      t1,0(a0) [f0040550]
       391 :     #339 0 80000086 00000691  a3=f00400a4 ; c.addi  a3,4
       392 :     #340 0 80000088 00000511  a0=f0040554 ; c.addi  a0,4
       393 :     #341 0 8000008a 0000961a  a2=000004c3 ; c.add   a2,t1
       394 :     #342 0 8000008c 00c82023              ; sw      a2,0(a6) [f0041a00]
       395 :     #343 0 80000090 00000811  a6=f0041a04 ; c.addi  a6,4
       396 :     #344 0 80000092 ff1697e3              ; bne     a3,a7,0x80000080
       397 :     #345 0 80000080 00004290  a2=000000e5 ; c.lw    a2,0(a3) [f00400a4]
       398 :     #346 0 80000082 00052303  t1=00000320 ; lw      t1,0(a0) [f0040554]
       399 :     #347 0 80000086 00000691  a3=f00400a8 ; c.addi  a3,4
       400 :     #348 0 80000088 00000511  a0=f0040558 ; c.addi  a0,4
       401 :     #349 0 8000008a 0000961a  a2=00000405 ; c.add   a2,t1
       402 :     #350 0 8000008c 00c82023              ; sw      a2,0(a6) [f0041a04]
       403 :     #351 0 80000090 00000811  a6=f0041a08 ; c.addi  a6,4
       404 :     #352 0 80000092 ff1697e3              ; bne     a3,a7,0x80000080
       405 :     #353 0 80000080 00004290  a2=00000151 ; c.lw    a2,0(a3) [f00400a8]
       406 :     #354 0 80000082 00052303  t1=00000248 ; lw      t1,0(a0) [f0040558]
       407 :     #355 0 80000086 00000691  a3=f00400ac ; c.addi  a3,4
       408 :     #356 0 80000088 00000511  a0=f004055c ; c.addi  a0,4
       409 :     #357 0 8000008a 0000961a  a2=00000399 ; c.add   a2,t1
       410 :     #358 0 8000008c 00c82023              ; sw      a2,0(a6) [f0041a08]
       411 :     #359 0 80000090 00000811  a6=f0041a0c ; c.addi  a6,4
       412 :     #360 0 80000092 ff1697e3              ; bne     a3,a7,0x80000080
       413 :     #361 0 80000080 00004290  a2=000003b0 ; c.lw    a2,0(a3) [f00400ac]
       414 :     #362 0 80000082 00052303  t1=00000283 ; lw      t1,0(a0) [f004055c]
       415 :     #363 0 80000086 00000691  a3=f00400b0 ; c.addi  a3,4
       416 :     #364 0 80000088 00000511  a0=f0040560 ; c.addi  a0,4
       417 :     #365 0 8000008a 0000961a  a2=00000633 ; c.add   a2,t1
       418 :     #366 0 8000008c 00c82023              ; sw      a2,0(a6) [f0041a0c]
       419 :     #367 0 80000090 00000811  a6=f0041a10 ; c.addi  a6,4
       420 :     #368 0 80000092 ff1697e3              ; bne     a3,a7,0x80000080
       421 :     #369 0 80000080 00004290  a2=00000386 ; c.lw    a2,0(a3) [f00400b0]
       422 :     #370 0 80000082 00052303  t1=00000170 ; lw      t1,0(a0) [f0040560]
       423 :     #371 0 80000086 00000691  a3=f00400b4 ; c.addi  a3,4
       424 :     #372 0 80000088 00000511  a0=f0040564 ; c.addi  a0,4
       425 :     #373 0 8000008a 0000961a  a2=000004f6 ; c.add   a2,t1
       426 :     #374 0 8000008c 00c82023              ; sw      a2,0(a6) [f0041a10]
       427 :     #375 0 80000090 00000811  a6=f0041a14 ; c.addi  a6,4
       428 :     #376 0 80000092 ff1697e3              ; bne     a3,a7,0x80000080
       429 :     #377 0 80000080 00004290  a2=000000f1 ; c.lw    a2,0(a3) [f00400b4]
       430 :     #378 0 80000082 00052303  t1=000001e9 ; lw      t1,0(a0) [f0040564]
       431 :     #379 0 80000086 00000691  a3=f00400b8 ; c.addi  a3,4
       432 :     #380 0 80000088 00000511  a0=f0040568 ; c.addi  a0,4
       433 :     #381 0 8000008a 0000961a  a2=000002da ; c.add   a2,t1
       434 :     #382 0 8000008c 00c82023              ; sw      a2,0(a6) [f0041a14]
       435 :     #383 0 80000090 00000811  a6=f0041a18 ; c.addi  a6,4
       436 :     #384 0 80000092 ff1697e3              ; bne     a3,a7,0x80000080
       437 :     #385 0 80000080 00004290  a2=00000391 ; c.lw    a2,0(a3) [f00400b8]
       438 :     #386 0 80000082 00052303  t1=00000148 ; lw      t1,0(a0) [f0040568]
       439 :     #387 0 80000086 00000691  a3=f00400bc ; c.addi  a3,4
       440 :     #388 0 80000088 00000511  a0=f004056c ; c.addi  a0,4
       441 :     #389 0 8000008a 0000961a  a2=000004d9 ; c.add   a2,t1
       442 :     #390 0 8000008c 00c82023              ; sw      a2,0(a6) [f0041a18]
       443 :     #391 0 80000090 00000811  a6=f0041a1c ; c.addi  a6,4
       444 :     #392 0 80000092 ff1697e3              ; bne     a3,a7,0x80000080
       445 :     #393 0 80000080 00004290  a2=0000033a ; c.lw    a2,0(a3) [f00400bc]
       446 :     #394 0 80000082 00052303  t1=00000139 ; lw      t1,0(a0) [f004056c]
       447 :     #395 0 80000086 00000691  a3=f00400c0 ; c.addi  a3,4
       448 :     #396 0 80000088 00000511  a0=f0040570 ; c.addi  a0,4
       449 :     #397 0 8000008a 0000961a  a2=00000473 ; c.add   a2,t1
       450 :     #398 0 8000008c 00c82023              ; sw      a2,0(a6) [f0041a1c]
       451 :     #399 0 80000090 00000811  a6=f0041a20 ; c.addi  a6,4
       452 :     #400 0 80000092 ff1697e3              ; bne     a3,a7,0x80000080
       453 :     #401 0 80000080 00004290  a2=000003a5 ; c.lw    a2,0(a3) [f00400c0]
       454 :     #402 0 80000082 00052303  t1=00000250 ; lw      t1,0(a0) [f0040570]
       455 :     #403 0 80000086 00000691  a3=f00400c4 ; c.addi  a3,4
       456 :     #404 0 80000088 00000511  a0=f0040574 ; c.addi  a0,4
       457 :     #405 0 8000008a 0000961a  a2=000005f5 ; c.add   a2,t1
       458 :     #406 0 8000008c 00c82023              ; sw      a2,0(a6) [f0041a20]
       459 :     #407 0 80000090 00000811  a6=f0041a24 ; c.addi  a6,4
       460 :     #408 0 80000092 ff1697e3              ; bne     a3,a7,0x80000080
       461 :     #409 0 80000080 00004290  a2=000003d9 ; c.lw    a2,0(a3) [f00400c4]
       462 :     #410 0 80000082 00052303  t1=00000184 ; lw      t1,0(a0) [f0040574]
       463 :     #411 0 80000086 00000691  a3=f00400c8 ; c.addi  a3,4
       464 :     #412 0 80000088 00000511  a0=f0040578 ; c.addi  a0,4
       465 :     #413 0 8000008a 0000961a  a2=0000055d ; c.add   a2,t1
       466 :     #414 0 8000008c 00c82023              ; sw      a2,0(a6) [f0041a24]
       467 :     #415 0 80000090 00000811  a6=f0041a28 ; c.addi  a6,4
       468 :     #416 0 80000092 ff1697e3              ; bne     a3,a7,0x80000080
       469 :     #417 0 80000080 00004290  a2=000000c3 ; c.lw    a2,0(a3) [f00400c8]
       470 :     #418 0 80000082 00052303  t1=0000021f ; lw      t1,0(a0) [f0040578]
       471 :     #419 0 80000086 00000691  a3=f00400cc ; c.addi  a3,4
       472 :     #420 0 80000088 00000511  a0=f004057c ; c.addi  a0,4
       473 :     #421 0 8000008a 0000961a  a2=000002e2 ; c.add   a2,t1
       474 :     #422 0 8000008c 00c82023              ; sw      a2,0(a6) [f0041a28]
       475 :     #423 0 80000090 00000811  a6=f0041a2c ; c.addi  a6,4
       476 :     #424 0 80000092 ff1697e3              ; bne     a3,a7,0x80000080
       477 :     #425 0 80000080 00004290  a2=000003c0 ; c.lw    a2,0(a3) [f00400cc]
       478 :     #426 0 80000082 00052303  t1=00000289 ; lw      t1,0(a0) [f004057c]
       479 :     #427 0 80000086 00000691  a3=f00400d0 ; c.addi  a3,4
       480 :     #428 0 80000088 00000511  a0=f0040580 ; c.addi  a0,4
       481 :     #429 0 8000008a 0000961a  a2=00000649 ; c.add   a2,t1
       482 :     #430 0 8000008c 00c82023              ; sw      a2,0(a6) [f0041a2c]
       483 :     #431 0 80000090 00000811  a6=f0041a30 ; c.addi  a6,4
       484 :     #432 0 80000092 ff1697e3              ; bne     a3,a7,0x80000080
       485 :     #433 0 80000080 00004290  a2=00000236 ; c.lw    a2,0(a3) [f00400d0]
       486 :     #434 0 80000082 00052303  t1=000003d3 ; lw      t1,0(a0) [f0040580]
       487 :     #435 0 80000086 00000691  a3=f00400d4 ; c.addi  a3,4
       488 :     #436 0 80000088 00000511  a0=f0040584 ; c.addi  a0,4
       489 :     #437 0 8000008a 0000961a  a2=00000609 ; c.add   a2,t1
       490 :     #438 0 8000008c 00c82023              ; sw      a2,0(a6) [f0041a30]
       491 :     #439 0 80000090 00000811  a6=f0041a34 ; c.addi  a6,4
       492 :     #440 0 80000092 ff1697e3              ; bne     a3,a7,0x80000080
       493 :     #441 0 80000080 00004290  a2=0000015e ; c.lw    a2,0(a3) [f00400d4]
       494 :     #442 0 80000082 00052303  t1=000003e5 ; lw      t1,0(a0) [f0040584]
       495 :     #443 0 80000086 00000691  a3=f00400d8 ; c.addi  a3,4
       496 :     #444 0 80000088 00000511  a0=f0040588 ; c.addi  a0,4
       497 :     #445 0 8000008a 0000961a  a2=00000543 ; c.add   a2,t1
       498 :     #446 0 8000008c 00c82023              ; sw      a2,0(a6) [f0041a34]
       499 :     #447 0 80000090 00000811  a6=f0041a38 ; c.addi  a6,4
       500 :     #448 0 80000092 ff1697e3              ; bne     a3,a7,0x80000080
       501 :     #449 0 80000080 00004290  a2=00000289 ; c.lw    a2,0(a3) [f00400d8]
       502 :     #450 0 80000082 00052303  t1=0000032e ; lw      t1,0(a0) [f0040588]
       503 :     #451 0 80000086 00000691  a3=f00400dc ; c.addi  a3,4
       504 :     #452 0 80000088 00000511  a0=f004058c ; c.addi  a0,4
       505 :     #453 0 8000008a 0000961a  a2=000005b7 ; c.add   a2,t1
       506 :     #454 0 8000008c 00c82023              ; sw      a2,0(a6) [f0041a38]
       507 :     #455 0 80000090 00000811  a6=f0041a3c ; c.addi  a6,4
       508 :     #456 0 80000092 ff1697e3              ; bne     a3,a7,0x80000080
       509 :     #457 0 80000080 00004290  a2=00000291 ; c.lw    a2,0(a3) [f00400dc]
       510 :     #458 0 80000082 00052303  t1=0000004f ; lw      t1,0(a0) [f004058c]
       511 :     #459 0 80000086 00000691  a3=f00400e0 ; c.addi  a3,4
       512 :     #460 0 80000088 00000511  a0=f0040590 ; c.addi  a0,4
       513 :     #461 0 8000008a 0000961a  a2=000002e0 ; c.add   a2,t1
       514 :     #462 0 8000008c 00c82023              ; sw      a2,0(a6) [f0041a3c]
       515 :     #463 0 80000090 00000811  a6=f0041a40 ; c.addi  a6,4
       516 :     #464 0 80000092 ff1697e3              ; bne     a3,a7,0x80000080
       517 :     #465 0 80000080 00004290  a2=000000b5 ; c.lw    a2,0(a3) [f00400e0]
       518 :     #466 0 80000082 00052303  t1=000000d0 ; lw      t1,0(a0) [f0040590]
       519 :     #467 0 80000086 00000691  a3=f00400e4 ; c.addi  a3,4
       520 :     #468 0 80000088 00000511  a0=f0040594 ; c.addi  a0,4
       521 :     #469 0 8000008a 0000961a  a2=00000185 ; c.add   a2,t1
       522 :     #470 0 8000008c 00c82023              ; sw      a2,0(a6) [f0041a40]
       523 :     #471 0 80000090 00000811  a6=f0041a44 ; c.addi  a6,4
       524 :     #472 0 80000092 ff1697e3              ; bne     a3,a7,0x80000080
       525 :     #473 0 80000080 00004290  a2=0000006f ; c.lw    a2,0(a3) [f00400e4]
       526 :     #474 0 80000082 00052303  t1=000003e6 ; lw      t1,0(a0) [f0040594]
       527 :     #475 0 80000086 00000691  a3=f00400e8 ; c.addi  a3,4
       528 :     #476 0 80000088 00000511  a0=f0040598 ; c.addi  a0,4
       529 :     #477 0 8000008a 0000961a  a2=00000455 ; c.add   a2,t1
       530 :     #478 0 8000008c 00c82023              ; sw      a2,0(a6) [f0041a44]
       531 :     #479 0 80000090 00000811  a6=f0041a48 ; c.addi  a6,4
       532 :     #480 0 80000092 ff1697e3              ; bne     a3,a7,0x80000080
       533 :     #481 0 80000080 00004290  a2=0000035b ; c.lw    a2,0(a3) [f00400e8]
       534 :     #482 0 80000082 00052303  t1=00000275 ; lw      t1,0(a0) [f0040598]
       535 :     #483 0 80000086 00000691  a3=f00400ec ; c.addi  a3,4
       536 :     #484 0 80000088 00000511  a0=f004059c ; c.addi  a0,4
       537 :     #485 0 8000008a 0000961a  a2=000005d0 ; c.add   a2,t1
       538 :     #486 0 8000008c 00c82023              ; sw      a2,0(a6) [f0041a48]
       539 :     #487 0 80000090 00000811  a6=f0041a4c ; c.addi  a6,4
       540 :     #488 0 80000092 ff1697e3              ; bne     a3,a7,0x80000080
       541 :     #489 0 80000080 00004290  a2=00000041 ; c.lw    a2,0(a3) [f00400ec]
       542 :     #490 0 80000082 00052303  t1=0000034f ; lw      t1,0(a0) [f004059c]
       543 :     #491 0 80000086 00000691  a3=f00400f0 ; c.addi  a3,4
       544 :     #492 0 80000088 00000511  a0=f00405a0 ; c.addi  a0,4
       545 :     #493 0 8000008a 0000961a  a2=00000390 ; c.add   a2,t1
       546 :     #494 0 8000008c 00c82023              ; sw      a2,0(a6) [f0041a4c]
       547 :     #495 0 80000090 00000811  a6=f0041a50 ; c.addi  a6,4
       548 :     #496 0 80000092 ff1697e3              ; bne     a3,a7,0x80000080
       549 :     #497 0 80000080 00004290  a2=00000120 ; c.lw    a2,0(a3) [f00400f0]
       550 :     #498 0 80000082 00052303  t1=000002c0 ; lw      t1,0(a0) [f00405a0]
       551 :     #499 0 80000086 00000691  a3=f00400f4 ; c.addi  a3,4
       552 :     #500 0 80000088 00000511  a0=f00405a4 ; c.addi  a0,4
       553 :     #501 0 8000008a 0000961a  a2=000003e0 ; c.add   a2,t1
       554 :     #502 0 8000008c 00c82023              ; sw      a2,0(a6) [f0041a50]
       555 :     #503 0 80000090 00000811  a6=f0041a54 ; c.addi  a6,4
       556 :     #504 0 80000092 ff1697e3              ; bne     a3,a7,0x80000080
       557 :     #505 0 80000080 00004290  a2=0000015d ; c.lw    a2,0(a3) [f00400f4]
       558 :     #506 0 80000082 00052303  t1=000003e5 ; lw      t1,0(a0) [f00405a4]
       559 :     #507 0 80000086 00000691  a3=f00400f8 ; c.addi  a3,4
       560 :     #508 0 80000088 00000511  a0=f00405a8 ; c.addi  a0,4
       561 :     #509 0 8000008a 0000961a  a2=00000542 ; c.add   a2,t1
       562 :     #510 0 8000008c 00c82023              ; sw      a2,0(a6) [f0041a54]
       563 :     #511 0 80000090 00000811  a6=f0041a58 ; c.addi  a6,4
       564 :     #512 0 80000092 ff1697e3              ; bne     a3,a7,0x80000080
       565 :     #513 0 80000080 00004290  a2=0000008d ; c.lw    a2,0(a3) [f00400f8]
       566 :     #514 0 80000082 00052303  t1=000000fd ; lw      t1,0(a0) [f00405a8]
       567 :     #515 0 80000086 00000691  a3=f00400fc ; c.addi  a3,4
       568 :     #516 0 80000088 00000511  a0=f00405ac ; c.addi  a0,4
       569 :     #517 0 8000008a 0000961a  a2=0000018a ; c.add   a2,t1
       570 :     #518 0 8000008c 00c82023              ; sw      a2,0(a6) [f0041a58]
       571 :     #519 0 80000090 00000811  a6=f0041a5c ; c.addi  a6,4
       572 :     #520 0 80000092 ff1697e3              ; bne     a3,a7,0x80000080
       573 :     #521 0 80000080 00004290  a2=00000389 ; c.lw    a2,0(a3) [f00400fc]
       574 :     #522 0 80000082 00052303  t1=000002cb ; lw      t1,0(a0) [f00405ac]
       575 :     #523 0 80000086 00000691  a3=f0040100 ; c.addi  a3,4
       576 :     #524 0 80000088 00000511  a0=f00405b0 ; c.addi  a0,4
       577 :     #525 0 8000008a 0000961a  a2=00000654 ; c.add   a2,t1
       578 :     #526 0 8000008c 00c82023              ; sw      a2,0(a6) [f0041a5c]
       579 :     #527 0 80000090 00000811  a6=f0041a60 ; c.addi  a6,4
       580 :     #528 0 80000092 ff1697e3              ; bne     a3,a7,0x80000080
       581 :     #529 0 80000080 00004290  a2=00000376 ; c.lw    a2,0(a3) [f0040100]
       582 :     #530 0 80000082 00052303  t1=000001ae ; lw      t1,0(a0) [f00405b0]
       583 :     #531 0 80000086 00000691  a3=f0040104 ; c.addi  a3,4
       584 :     #532 0 80000088 00000511  a0=f00405b4 ; c.addi  a0,4
       585 :     #533 0 8000008a 0000961a  a2=00000524 ; c.add   a2,t1
       586 :     #534 0 8000008c 00c82023              ; sw      a2,0(a6) [f0041a60]
       587 :     #535 0 80000090 00000811  a6=f0041a64 ; c.addi  a6,4
       588 :     #536 0 80000092 ff1697e3              ; bne     a3,a7,0x80000080
       589 :     #537 0 80000080 00004290  a2=00000108 ; c.lw    a2,0(a3) [f0040104]
       590 :     #538 0 80000082 00052303  t1=0000019f ; lw      t1,0(a0) [f00405b4]
       591 :     #539 0 80000086 00000691  a3=f0040108 ; c.addi  a3,4
       592 :     #540 0 80000088 00000511  a0=f00405b8 ; c.addi  a0,4
       593 :     #541 0 8000008a 0000961a  a2=000002a7 ; c.add   a2,t1
       594 :     #542 0 8000008c 00c82023              ; sw      a2,0(a6) [f0041a64]
       595 :     #543 0 80000090 00000811  a6=f0041a68 ; c.addi  a6,4
       596 :     #544 0 80000092 ff1697e3              ; bne     a3,a7,0x80000080
       597 :     #545 0 80000080 00004290  a2=00000240 ; c.lw    a2,0(a3) [f0040108]
       598 :     #546 0 80000082 00052303  t1=0000021a ; lw      t1,0(a0) [f00405b8]
       599 :     #547 0 80000086 00000691  a3=f004010c ; c.addi  a3,4
       600 :     #548 0 80000088 00000511  a0=f00405bc ; c.addi  a0,4
       601 :     #549 0 8000008a 0000961a  a2=0000045a ; c.add   a2,t1
       602 :     #550 0 8000008c 00c82023              ; sw      a2,0(a6) [f0041a68]
       603 :     #551 0 80000090 00000811  a6=f0041a6c ; c.addi  a6,4
       604 :     #552 0 80000092 ff1697e3              ; bne     a3,a7,0x80000080
       605 :     #553 0 80000080 00004290  a2=000003d3 ; c.lw    a2,0(a3) [f004010c]
       606 :     #554 0 80000082 00052303  t1=000002bc ; lw      t1,0(a0) [f00405bc]
       607 :     #555 0 80000086 00000691  a3=f0040110 ; c.addi  a3,4
       608 :     #556 0 80000088 00000511  a0=f00405c0 ; c.addi  a0,4
       609 :     #557 0 8000008a 0000961a  a2=0000068f ; c.add   a2,t1
       610 :     #558 0 8000008c 00c82023              ; sw      a2,0(a6) [f0041a6c]
       611 :     #559 0 80000090 00000811  a6=f0041a70 ; c.addi  a6,4
       612 :     #560 0 80000092 ff1697e3              ; bne     a3,a7,0x80000080
       613 :     #561 0 80000080 00004290  a2=000002f9 ; c.lw    a2,0(a3) [f0040110]
       614 :     #562 0 80000082 00052303  t1=00000004 ; lw      t1,0(a0) [f00405c0]
       615 :     #563 0 80000086 00000691  a3=f0040114 ; c.addi  a3,4
       616 :     #564 0 80000088 00000511  a0=f00405c4 ; c.addi  a0,4
       617 :     #565 0 8000008a 0000961a  a2=000002fd ; c.add   a2,t1
       618 :     #566 0 8000008c 00c82023              ; sw      a2,0(a6) [f0041a70]
       619 :     #567 0 80000090 00000811  a6=f0041a74 ; c.addi  a6,4
       620 :     #568 0 80000092 ff1697e3              ; bne     a3,a7,0x80000080
       621 :     #569 0 80000080 00004290  a2=000000f1 ; c.lw    a2,0(a3) [f0040114]
       622 :     #570 0 80000082 00052303  t1=000001ee ; lw      t1,0(a0) [f00405c4]
       623 :     #571 0 80000086 00000691  a3=f0040118 ; c.addi  a3,4
       624 :     #572 0 80000088 00000511  a0=f00405c8 ; c.addi  a0,4
       625 :     #573 0 8000008a 0000961a  a2=000002df ; c.add   a2,t1
       626 :     #574 0 8000008c 00c82023              ; sw      a2,0(a6) [f0041a74]
       627 :     #575 0 80000090 00000811  a6=f0041a78 ; c.addi  a6,4
       628 :     #576 0 80000092 ff1697e3              ; bne     a3,a7,0x80000080
       629 :     #577 0 80000080 00004290  a2=000001de ; c.lw    a2,0(a3) [f0040118]
       630 :     #578 0 80000082 00052303  t1=00000064 ; lw      t1,0(a0) [f00405c8]
       631 :     #579 0 80000086 00000691  a3=f004011c ; c.addi  a3,4
       632 :     #580 0 80000088 00000511  a0=f00405cc ; c.addi  a0,4
       633 :     #581 0 8000008a 0000961a  a2=00000242 ; c.add   a2,t1
       634 :     #582 0 8000008c 00c82023              ; sw      a2,0(a6) [f0041a78]
       635 :     #583 0 80000090 00000811  a6=f0041a7c ; c.addi  a6,4
       636 :     #584 0 80000092 ff1697e3              ; bne     a3,a7,0x80000080
       637 :     #585 0 80000080 00004290  a2=000001f3 ; c.lw    a2,0(a3) [f004011c]
       638 :     #586 0 80000082 00052303  t1=00000360 ; lw      t1,0(a0) [f00405cc]
       639 :     #587 0 80000086 00000691  a3=f0040120 ; c.addi  a3,4
       640 :     #588 0 80000088 00000511  a0=f00405d0 ; c.addi  a0,4
       641 :     #589 0 8000008a 0000961a  a2=00000553 ; c.add   a2,t1
       642 :     #590 0 8000008c 00c82023              ; sw      a2,0(a6) [f0041a7c]
       643 :     #591 0 80000090 00000811  a6=f0041a80 ; c.addi  a6,4
       644 :     #592 0 80000092 ff1697e3              ; bne     a3,a7,0x80000080
       645 :     #593 0 80000080 00004290  a2=00000193 ; c.lw    a2,0(a3) [f0040120]
       646 :     #594 0 80000082 00052303  t1=000002b5 ; lw      t1,0(a0) [f00405d0]
       647 :     #595 0 80000086 00000691  a3=f0040124 ; c.addi  a3,4
       648 :     #596 0 80000088 00000511  a0=f00405d4 ; c.addi  a0,4
       649 :     #597 0 8000008a 0000961a  a2=00000448 ; c.add   a2,t1
       650 :     #598 0 8000008c 00c82023              ; sw      a2,0(a6) [f0041a80]
       651 :     #599 0 80000090 00000811  a6=f0041a84 ; c.addi  a6,4
       652 :     #600 0 80000092 ff1697e3              ; bne     a3,a7,0x80000080
       653 :     #601 0 80000080 00004290  a2=000000de ; c.lw    a2,0(a3) [f0040124]
       654 :     #602 0 80000082 00052303  t1=000001a0 ; lw      t1,0(a0) [f00405d4]
       655 :     #603 0 80000086 00000691  a3=f0040128 ; c.addi  a3,4
       656 :     #604 0 80000088 00000511  a0=f00405d8 ; c.addi  a0,4
       657 :     #605 0 8000008a 0000961a  a2=0000027e ; c.add   a2,t1
       658 :     #606 0 8000008c 00c82023              ; sw      a2,0(a6) [f0041a84]
       659 :     #607 0 80000090 00000811  a6=f0041a88 ; c.addi  a6,4
       660 :     #608 0 80000092 ff1697e3              ; bne     a3,a7,0x80000080
       661 :     #609 0 80000080 00004290  a2=000001bc ; c.lw    a2,0(a3) [f0040128]
       662 :     #610 0 80000082 00052303  t1=00000128 ; lw      t1,0(a0) [f00405d8]
       663 :     #611 0 80000086 00000691  a3=f004012c ; c.addi  a3,4
       664 :     #612 0 80000088 00000511  a0=f00405dc ; c.addi  a0,4
       665 :     #613 0 8000008a 0000961a  a2=000002e4 ; c.add   a2,t1
       666 :     #614 0 8000008c 00c82023              ; sw      a2,0(a6) [f0041a88]
       667 :     #615 0 80000090 00000811  a6=f0041a8c ; c.addi  a6,4
       668 :     #616 0 80000092 ff1697e3              ; bne     a3,a7,0x80000080
       669 :     #617 0 80000080 00004290  a2=000002d1 ; c.lw    a2,0(a3) [f004012c]
       670 :     #618 0 80000082 00052303  t1=0000011d ; lw      t1,0(a0) [f00405dc]
       671 :     #619 0 80000086 00000691  a3=f0040130 ; c.addi  a3,4
       672 :     #620 0 80000088 00000511  a0=f00405e0 ; c.addi  a0,4
       673 :     #621 0 8000008a 0000961a  a2=000003ee ; c.add   a2,t1
       674 :     #622 0 8000008c 00c82023              ; sw      a2,0(a6) [f0041a8c]
       675 :     #623 0 80000090 00000811  a6=f0041a90 ; c.addi  a6,4
       676 :     #624 0 80000092 ff1697e3              ; bne     a3,a7,0x80000080
       677 :     #625 0 80000080 00004290  a2=000002a4 ; c.lw    a2,0(a3) [f0040130]
       678 :     #626 0 80000082 00052303  t1=0000026c ; lw      t1,0(a0) [f00405e0]
       679 :     #627 0 80000086 00000691  a3=f0040134 ; c.addi  a3,4
       680 :     #628 0 80000088 00000511  a0=f00405e4 ; c.addi  a0,4
       681 :     #629 0 8000008a 0000961a  a2=00000510 ; c.add   a2,t1
       682 :     #630 0 8000008c 00c82023              ; sw      a2,0(a6) [f0041a90]
       683 :     #631 0 80000090 00000811  a6=f0041a94 ; c.addi  a6,4
       684 :     #632 0 80000092 ff1697e3              ; bne     a3,a7,0x80000080
       685 :     #633 0 80000080 00004290  a2=0000013d ; c.lw    a2,0(a3) [f0040134]
       686 :     #634 0 80000082 00052303  t1=0000004e ; lw      t1,0(a0) [f00405e4]
       687 :     #635 0 80000086 00000691  a3=f0040138 ; c.addi  a3,4
       688 :     #636 0 80000088 00000511  a0=f00405e8 ; c.addi  a0,4
       689 :     #637 0 8000008a 0000961a  a2=0000018b ; c.add   a2,t1
       690 :     #638 0 8000008c 00c82023              ; sw      a2,0(a6) [f0041a94]
       691 :     #639 0 80000090 00000811  a6=f0041a98 ; c.addi  a6,4
       692 :     #640 0 80000092 ff1697e3              ; bne     a3,a7,0x80000080
       693 :     #641 0 80000080 00004290  a2=000000e0 ; c.lw    a2,0(a3) [f0040138]
       694 :     #642 0 80000082 00052303  t1=0000015f ; lw      t1,0(a0) [f00405e8]
       695 :     #643 0 80000086 00000691  a3=f004013c ; c.addi  a3,4
       696 :     #644 0 80000088 00000511  a0=f00405ec ; c.addi  a0,4
       697 :     #645 0 8000008a 0000961a  a2=0000023f ; c.add   a2,t1
       698 :     #646 0 8000008c 00c82023              ; sw      a2,0(a6) [f0041a98]
       699 :     #647 0 80000090 00000811  a6=f0041a9c ; c.addi  a6,4
       700 :     #648 0 80000092 ff1697e3              ; bne     a3,a7,0x80000080
       701 :     #649 0 80000080 00004290  a2=000003a9 ; c.lw    a2,0(a3) [f004013c]
       702 :     #650 0 80000082 00052303  t1=0000021c ; lw      t1,0(a0) [f00405ec]
       703 :     #651 0 80000086 00000691  a3=f0040140 ; c.addi  a3,4
       704 :     #652 0 80000088 00000511  a0=f00405f0 ; c.addi  a0,4
       705 :     #653 0 8000008a 0000961a  a2=000005c5 ; c.add   a2,t1
       706 :     #654 0 8000008c 00c82023              ; sw      a2,0(a6) [f0041a9c]
       707 :     #655 0 80000090 00000811  a6=f0041aa0 ; c.addi  a6,4
       708 :     #656 0 80000092 ff1697e3              ; bne     a3,a7,0x80000080
       709 :     #657 0 80000080 00004290  a2=00000120 ; c.lw    a2,0(a3) [f0040140]
       710 :     #658 0 80000082 00052303  t1=00000286 ; lw      t1,0(a0) [f00405f0]
       711 :     #659 0 80000086 00000691  a3=f0040144 ; c.addi  a3,4
       712 :     #660 0 80000088 00000511  a0=f00405f4 ; c.addi  a0,4
       713 :     #661 0 8000008a 0000961a  a2=000003a6 ; c.add   a2,t1
       714 :     #662 0 8000008c 00c82023              ; sw      a2,0(a6) [f0041aa0]
       715 :     #663 0 80000090 00000811  a6=f0041aa4 ; c.addi  a6,4
       716 :     #664 0 80000092 ff1697e3              ; bne     a3,a7,0x80000080
       717 :     #665 0 80000080 00004290  a2=00000077 ; c.lw    a2,0(a3) [f0040144]
       718 :     #666 0 80000082 00052303  t1=000000a9 ; lw      t1,0(a0) [f00405f4]
       719 :     #667 0 80000086 00000691  a3=f0040148 ; c.addi  a3,4
       720 :     #668 0 80000088 00000511  a0=f00405f8 ; c.addi  a0,4
       721 :     #669 0 8000008a 0000961a  a2=00000120 ; c.add   a2,t1
       722 :     #670 0 8000008c 00c82023              ; sw      a2,0(a6) [f0041aa4]
       723 :     #671 0 80000090 00000811  a6=f0041aa8 ; c.addi  a6,4
       724 :     #672 0 80000092 ff1697e3              ; bne     a3,a7,0x80000080
       725 :     #673 0 80000080 00004290  a2=00000267 ; c.lw    a2,0(a3) [f0040148]
       726 :     #674 0 80000082 00052303  t1=0000020f ; lw      t1,0(a0) [f00405f8]
       727 :     #675 0 80000086 00000691  a3=f004014c ; c.addi  a3,4
       728 :     #676 0 80000088 00000511  a0=f00405fc ; c.addi  a0,4
       729 :     #677 0 8000008a 0000961a  a2=00000476 ; c.add   a2,t1
       730 :     #678 0 8000008c 00c82023              ; sw      a2,0(a6) [f0041aa8]
       731 :     #679 0 80000090 00000811  a6=f0041aac ; c.addi  a6,4
       732 :     #680 0 80000092 ff1697e3              ; bne     a3,a7,0x80000080
       733 :     #681 0 80000080 00004290  a2=0000025e ; c.lw    a2,0(a3) [f004014c]
       734 :     #682 0 80000082 00052303  t1=00000121 ; lw      t1,0(a0) [f00405fc]
       735 :     #683 0 80000086 00000691  a3=f0040150 ; c.addi  a3,4
       736 :     #684 0 80000088 00000511  a0=f0040600 ; c.addi  a0,4
       737 :     #685 0 8000008a 0000961a  a2=0000037f ; c.add   a2,t1
       738 :     #686 0 8000008c 00c82023              ; sw      a2,0(a6) [f0041aac]
       739 :     #687 0 80000090 00000811  a6=f0041ab0 ; c.addi  a6,4
       740 :     #688 0 80000092 ff1697e3              ; bne     a3,a7,0x80000080
       741 :     #689 0 80000080 00004290  a2=00000185 ; c.lw    a2,0(a3) [f0040150]
       742 :     #690 0 80000082 00052303  t1=0000031c ; lw      t1,0(a0) [f0040600]
       743 :     #691 0 80000086 00000691  a3=f0040154 ; c.addi  a3,4
       744 :     #692 0 80000088 00000511  a0=f0040604 ; c.addi  a0,4
       745 :     #693 0 8000008a 0000961a  a2=000004a1 ; c.add   a2,t1
       746 :     #694 0 8000008c 00c82023              ; sw      a2,0(a6) [f0041ab0]
       747 :     #695 0 80000090 00000811  a6=f0041ab4 ; c.addi  a6,4
       748 :     #696 0 80000092 ff1697e3              ; bne     a3,a7,0x80000080
       749 :     #697 0 80000080 00004290  a2=0000015f ; c.lw    a2,0(a3) [f0040154]
       750 :     #698 0 80000082 00052303  t1=00000321 ; lw      t1,0(a0) [f0040604]
       751 :     #699 0 80000086 00000691  a3=f0040158 ; c.addi  a3,4
       752 :     #700 0 80000088 00000511  a0=f0040608 ; c.addi  a0,4
       753 :     #701 0 8000008a 0000961a  a2=00000480 ; c.add   a2,t1
       754 :     #702 0 8000008c 00c82023              ; sw      a2,0(a6) [f0041ab4]
       755 :     #703 0 80000090 00000811  a6=f0041ab8 ; c.addi  a6,4
       756 :     #704 0 80000092 ff1697e3              ; bne     a3,a7,0x80000080
       757 :     #705 0 80000080 00004290  a2=000001c7 ; c.lw    a2,0(a3) [f0040158]
       758 :     #706 0 80000082 00052303  t1=000002d0 ; lw      t1,0(a0) [f0040608]
       759 :     #707 0 80000086 00000691  a3=f004015c ; c.addi  a3,4
       760 :     #708 0 80000088 00000511  a0=f004060c ; c.addi  a0,4
       761 :     #709 0 8000008a 0000961a  a2=00000497 ; c.add   a2,t1
       762 :     #710 0 8000008c 00c82023              ; sw      a2,0(a6) [f0041ab8]
       763 :     #711 0 80000090 00000811  a6=f0041abc ; c.addi  a6,4
       764 :     #712 0 80000092 ff1697e3              ; bne     a3,a7,0x80000080
       765 :     #713 0 80000080 00004290  a2=00000116 ; c.lw    a2,0(a3) [f004015c]
       766 :     #714 0 80000082 00052303  t1=000002f6 ; lw      t1,0(a0) [f004060c]
       767 :     #715 0 80000086 00000691  a3=f0040160 ; c.addi  a3,4
       768 :     #716 0 80000088 00000511  a0=f0040610 ; c.addi  a0,4
       769 :     #717 0 8000008a 0000961a  a2=0000040c ; c.add   a2,t1
       770 :     #718 0 8000008c 00c82023              ; sw      a2,0(a6) [f0041abc]
       771 :     #719 0 80000090 00000811  a6=f0041ac0 ; c.addi  a6,4
       772 :     #720 0 80000092 ff1697e3              ; bne     a3,a7,0x80000080
       773 :     #721 0 80000080 00004290  a2=0000016f ; c.lw    a2,0(a3) [f0040160]
       774 :     #722 0 80000082 00052303  t1=000002e9 ; lw      t1,0(a0) [f0040610]
       775 :     #723 0 80000086 00000691  a3=f0040164 ; c.addi  a3,4
       776 :     #724 0 80000088 00000511  a0=f0040614 ; c.addi  a0,4
       777 :     #725 0 8000008a 0000961a  a2=00000458 ; c.add   a2,t1
       778 :     #726 0 8000008c 00c82023              ; sw      a2,0(a6) [f0041ac0]
       779 :     #727 0 80000090 00000811  a6=f0041ac4 ; c.addi  a6,4
       780 :     #728 0 80000092 ff1697e3              ; bne     a3,a7,0x80000080
       781 :     #729 0 80000080 00004290  a2=00000166 ; c.lw    a2,0(a3) [f0040164]
       782 :     #730 0 80000082 00052303  t1=0000005c ; lw      t1,0(a0) [f0040614]
       783 :     #731 0 80000086 00000691  a3=f0040168 ; c.addi  a3,4
       784 :     #732 0 80000088 00000511  a0=f0040618 ; c.addi  a0,4
       785 :     #733 0 8000008a 0000961a  a2=000001c2 ; c.add   a2,t1
       786 :     #734 0 8000008c 00c82023              ; sw      a2,0(a6) [f0041ac4]
       787 :     #735 0 80000090 00000811  a6=f0041ac8 ; c.addi  a6,4
       788 :     #736 0 80000092 ff1697e3              ; bne     a3,a7,0x80000080
       789 :     #737 0 80000080 00004290  a2=00000248 ; c.lw    a2,0(a3) [f0040168]
       790 :     #738 0 80000082 00052303  t1=000003dd ; lw      t1,0(a0) [f0040618]
       791 :     #739 0 80000086 00000691  a3=f004016c ; c.addi  a3,4
       792 :     #740 0 80000088 00000511  a0=f004061c ; c.addi  a0,4
       793 :     #741 0 8000008a 0000961a  a2=00000625 ; c.add   a2,t1
       794 :     #742 0 8000008c 00c82023              ; sw      a2,0(a6) [f0041ac8]
       795 :     #743 0 80000090 00000811  a6=f0041acc ; c.addi  a6,4
       796 :     #744 0 80000092 ff1697e3              ; bne     a3,a7,0x80000080
       797 :     #745 0 80000080 00004290  a2=0000003e ; c.lw    a2,0(a3) [f004016c]
       798 :     #746 0 80000082 00052303  t1=0000010f ; lw      t1,0(a0) [f004061c]
       799 :     #747 0 80000086 00000691  a3=f0040170 ; c.addi  a3,4
       800 :     #748 0 80000088 00000511  a0=f0040620 ; c.addi  a0,4
       801 :     #749 0 8000008a 0000961a  a2=0000014d ; c.add   a2,t1
       802 :     #750 0 8000008c 00c82023              ; sw      a2,0(a6) [f0041acc]
       803 :     #751 0 80000090 00000811  a6=f0041ad0 ; c.addi  a6,4
       804 :     #752 0 80000092 ff1697e3              ; bne     a3,a7,0x80000080
       805 :     #753 0 80000080 00004290  a2=000003d9 ; c.lw    a2,0(a3) [f0040170]
       806 :     #754 0 80000082 00052303  t1=00000355 ; lw      t1,0(a0) [f0040620]
       807 :     #755 0 80000086 00000691  a3=f0040174 ; c.addi  a3,4
       808 :     #756 0 80000088 00000511  a0=f0040624 ; c.addi  a0,4
       809 :     #757 0 8000008a 0000961a  a2=0000072e ; c.add   a2,t1
       810 :     #758 0 8000008c 00c82023              ; sw      a2,0(a6) [f0041ad0]
       811 :     #759 0 80000090 00000811  a6=f0041ad4 ; c.addi  a6,4
       812 :     #760 0 80000092 ff1697e3              ; bne     a3,a7,0x80000080
       813 :     #761 0 80000080 00004290  a2=00000193 ; c.lw    a2,0(a3) [f0040174]
       814 :     #762 0 80000082 00052303  t1=00000314 ; lw      t1,0(a0) [f0040624]
       815 :     #763 0 80000086 00000691  a3=f0040178 ; c.addi  a3,4
       816 :     #764 0 80000088 00000511  a0=f0040628 ; c.addi  a0,4
       817 :     #765 0 8000008a 0000961a  a2=000004a7 ; c.add   a2,t1
       818 :     #766 0 8000008c 00c82023              ; sw      a2,0(a6) [f0041ad4]
       819 :     #767 0 80000090 00000811  a6=f0041ad8 ; c.addi  a6,4
       820 :     #768 0 80000092 ff1697e3              ; bne     a3,a7,0x80000080
       821 :     #769 0 80000080 00004290  a2=0000015a ; c.lw    a2,0(a3) [f0040178]
       822 :     #770 0 80000082 00052303  t1=00000213 ; lw      t1,0(a0) [f0040628]
       823 :     #771 0 80000086 00000691  a3=f004017c ; c.addi  a3,4
       824 :     #772 0 80000088 00000511  a0=f004062c ; c.addi  a0,4
       825 :     #773 0 8000008a 0000961a  a2=0000036d ; c.add   a2,t1
       826 :     #774 0 8000008c 00c82023              ; sw      a2,0(a6) [f0041ad8]
       827 :     #775 0 80000090 00000811  a6=f0041adc ; c.addi  a6,4
       828 :     #776 0 80000092 ff1697e3              ; bne     a3,a7,0x80000080
       829 :     #777 0 80000080 00004290  a2=00000205 ; c.lw    a2,0(a3) [f004017c]
       830 :     #778 0 80000082 00052303  t1=000000de ; lw      t1,0(a0) [f004062c]
       831 :     #779 0 80000086 00000691  a3=f0040180 ; c.addi  a3,4
       832 :     #780 0 80000088 00000511  a0=f0040630 ; c.addi  a0,4
       833 :     #781 0 8000008a 0000961a  a2=000002e3 ; c.add   a2,t1
       834 :     #782 0 8000008c 00c82023              ; sw      a2,0(a6) [f0041adc]
       835 :     #783 0 80000090 00000811  a6=f0041ae0 ; c.addi  a6,4
       836 :     #784 0 80000092 ff1697e3              ; bne     a3,a7,0x80000080
       837 :     #785 0 80000080 00004290  a2=0000022f ; c.lw    a2,0(a3) [f0040180]
       838 :     #786 0 80000082 00052303  t1=000001cd ; lw      t1,0(a0) [f0040630]
       839 :     #787 0 80000086 00000691  a3=f0040184 ; c.addi  a3,4
       840 :     #788 0 80000088 00000511  a0=f0040634 ; c.addi  a0,4
       841 :     #789 0 8000008a 0000961a  a2=000003fc ; c.add   a2,t1
       842 :     #790 0 8000008c 00c82023              ; sw      a2,0(a6) [f0041ae0]
       843 :     #791 0 80000090 00000811  a6=f0041ae4 ; c.addi  a6,4
       844 :     #792 0 80000092 ff1697e3              ; bne     a3,a7,0x80000080
       845 :     #793 0 80000080 00004290  a2=0000038c ; c.lw    a2,0(a3) [f0040184]
       846 :     #794 0 80000082 00052303  t1=000000f1 ; lw      t1,0(a0) [f0040634]
       847 :     #795 0 80000086 00000691  a3=f0040188 ; c.addi  a3,4
       848 :     #796 0 80000088 00000511  a0=f0040638 ; c.addi  a0,4
       849 :     #797 0 8000008a 0000961a  a2=0000047d ; c.add   a2,t1
       850 :     #798 0 8000008c 00c82023              ; sw      a2,0(a6) [f0041ae4]
       851 :     #799 0 80000090 00000811  a6=f0041ae8 ; c.addi  a6,4
       852 :     #800 0 80000092 ff1697e3              ; bne     a3,a7,0x80000080
       853 :     #801 0 80000080 00004290  a2=00000307 ; c.lw    a2,0(a3) [f0040188]
       854 :     #802 0 80000082 00052303  t1=00000166 ; lw      t1,0(a0) [f0040638]
       855 :     #803 0 80000086 00000691  a3=f004018c ; c.addi  a3,4
       856 :     #804 0 80000088 00000511  a0=f004063c ; c.addi  a0,4
       857 :     #805 0 8000008a 0000961a  a2=0000046d ; c.add   a2,t1
       858 :     #806 0 8000008c 00c82023              ; sw      a2,0(a6) [f0041ae8]
       859 :     #807 0 80000090 00000811  a6=f0041aec ; c.addi  a6,4
       860 :     #808 0 80000092 ff1697e3              ; bne     a3,a7,0x80000080
       861 :     #809 0 80000080 00004290  a2=000000ff ; c.lw    a2,0(a3) [f004018c]
       862 :     #810 0 80000082 00052303  t1=0000014c ; lw      t1,0(a0) [f004063c]
       863 :     #811 0 80000086 00000691  a3=f0040190 ; c.addi  a3,4
       864 :     #812 0 80000088 00000511  a0=f0040640 ; c.addi  a0,4
       865 :     #813 0 8000008a 0000961a  a2=0000024b ; c.add   a2,t1
       866 :     #814 0 8000008c 00c82023              ; sw      a2,0(a6) [f0041aec]
       867 :     #815 0 80000090 00000811  a6=f0041af0 ; c.addi  a6,4
       868 :     #816 0 80000092 ff1697e3              ; bne     a3,a7,0x80000080
       869 :     #817 0 80000080 00004290  a2=0000030a ; c.lw    a2,0(a3) [f0040190]
       870 :     #818 0 80000082 00052303  t1=000002ac ; lw      t1,0(a0) [f0040640]
       871 :     #819 0 80000086 00000691  a3=f0040194 ; c.addi  a3,4
       872 :     #820 0 80000088 00000511  a0=f0040644 ; c.addi  a0,4
       873 :     #821 0 8000008a 0000961a  a2=000005b6 ; c.add   a2,t1
       874 :     #822 0 8000008c 00c82023              ; sw      a2,0(a6) [f0041af0]
       875 :     #823 0 80000090 00000811  a6=f0041af4 ; c.addi  a6,4
       876 :     #824 0 80000092 ff1697e3              ; bne     a3,a7,0x80000080
       877 :     #825 0 80000080 00004290  a2=00000256 ; c.lw    a2,0(a3) [f0040194]
       878 :     #826 0 80000082 00052303  t1=000002e4 ; lw      t1,0(a0) [f0040644]
       879 :     #827 0 80000086 00000691  a3=f0040198 ; c.addi  a3,4
       880 :     #828 0 80000088 00000511  a0=f0040648 ; c.addi  a0,4
       881 :     #829 0 8000008a 0000961a  a2=0000053a ; c.add   a2,t1
       882 :     #830 0 8000008c 00c82023              ; sw      a2,0(a6) [f0041af4]
       883 :     #831 0 80000090 00000811  a6=f0041af8 ; c.addi  a6,4
       884 :     #832 0 80000092 ff1697e3              ; bne     a3,a7,0x80000080
       885 :     #833 0 80000080 00004290  a2=0000008f ; c.lw    a2,0(a3) [f0040198]
       886 :     #834 0 80000082 00052303  t1=000001be ; lw      t1,0(a0) [f0040648]
       887 :     #835 0 80000086 00000691  a3=f004019c ; c.addi  a3,4
       888 :     #836 0 80000088 00000511  a0=f004064c ; c.addi  a0,4
       889 :     #837 0 8000008a 0000961a  a2=0000024d ; c.add   a2,t1
       890 :     #838 0 8000008c 00c82023              ; sw      a2,0(a6) [f0041af8]
       891 :     #839 0 80000090 00000811  a6=f0041afc ; c.addi  a6,4
       892 :     #840 0 80000092 ff1697e3              ; bne     a3,a7,0x80000080
       893 :     #841 0 80000080 00004290  a2=00000021 ; c.lw    a2,0(a3) [f004019c]
       894 :     #842 0 80000082 00052303  t1=00000137 ; lw      t1,0(a0) [f004064c]
       895 :     #843 0 80000086 00000691  a3=f00401a0 ; c.addi  a3,4
       896 :     #844 0 80000088 00000511  a0=f0040650 ; c.addi  a0,4
       897 :     #845 0 8000008a 0000961a  a2=00000158 ; c.add   a2,t1
       898 :     #846 0 8000008c 00c82023              ; sw      a2,0(a6) [f0041afc]
       899 :     #847 0 80000090 00000811  a6=f0041b00 ; c.addi  a6,4
       900 :     #848 0 80000092 ff1697e3              ; bne     a3,a7,0x80000080
       901 :     #849 0 80000080 00004290  a2=0000007d ; c.lw    a2,0(a3) [f00401a0]
       902 :     #850 0 80000082 00052303  t1=000002e7 ; lw      t1,0(a0) [f0040650]
       903 :     #851 0 80000086 00000691  a3=f00401a4 ; c.addi  a3,4
       904 :     #852 0 80000088 00000511  a0=f0040654 ; c.addi  a0,4
       905 :     #853 0 8000008a 0000961a  a2=00000364 ; c.add   a2,t1
       906 :     #854 0 8000008c 00c82023              ; sw      a2,0(a6) [f0041b00]
       907 :     #855 0 80000090 00000811  a6=f0041b04 ; c.addi  a6,4
       908 :     #856 0 80000092 ff1697e3              ; bne     a3,a7,0x80000080
       909 :     #857 0 80000080 00004290  a2=000003ad ; c.lw    a2,0(a3) [f00401a4]
       910 :     #858 0 80000082 00052303  t1=0000022d ; lw      t1,0(a0) [f0040654]
       911 :     #859 0 80000086 00000691  a3=f00401a8 ; c.addi  a3,4
       912 :     #860 0 80000088 00000511  a0=f0040658 ; c.addi  a0,4
       913 :     #861 0 8000008a 0000961a  a2=000005da ; c.add   a2,t1
       914 :     #862 0 8000008c 00c82023              ; sw      a2,0(a6) [f0041b04]
       915 :     #863 0 80000090 00000811  a6=f0041b08 ; c.addi  a6,4
       916 :     #864 0 80000092 ff1697e3              ; bne     a3,a7,0x80000080
       917 :     #865 0 80000080 00004290  a2=000003a5 ; c.lw    a2,0(a3) [f00401a8]
       918 :     #866 0 80000082 00052303  t1=000001df ; lw      t1,0(a0) [f0040658]
       919 :     #867 0 80000086 00000691  a3=f00401ac ; c.addi  a3,4
       920 :     #868 0 80000088 00000511  a0=f004065c ; c.addi  a0,4
       921 :     #869 0 8000008a 0000961a  a2=00000584 ; c.add   a2,t1
       922 :     #870 0 8000008c 00c82023              ; sw      a2,0(a6) [f0041b08]
       923 :     #871 0 80000090 00000811  a6=f0041b0c ; c.addi  a6,4
       924 :     #872 0 80000092 ff1697e3              ; bne     a3,a7,0x80000080
       925 :     #873 0 80000080 00004290  a2=0000031f ; c.lw    a2,0(a3) [f00401ac]
       926 :     #874 0 80000082 00052303  t1=0000022d ; lw      t1,0(a0) [f004065c]
       927 :     #875 0 80000086 00000691  a3=f00401b0 ; c.addi  a3,4
       928 :     #876 0 80000088 00000511  a0=f0040660 ; c.addi  a0,4
       929 :     #877 0 8000008a 0000961a  a2=0000054c ; c.add   a2,t1
       930 :     #878 0 8000008c 00c82023              ; sw      a2,0(a6) [f0041b0c]
       931 :     #879 0 80000090 00000811  a6=f0041b10 ; c.addi  a6,4
       932 :     #880 0 80000092 ff1697e3              ; bne     a3,a7,0x80000080
       933 :     #881 0 80000080 00004290  a2=00000229 ; c.lw    a2,0(a3) [f00401b0]
       934 :     #882 0 80000082 00052303  t1=0000039d ; lw      t1,0(a0) [f0040660]
       935 :     #883 0 80000086 00000691  a3=f00401b4 ; c.addi  a3,4
       936 :     #884 0 80000088 00000511  a0=f0040664 ; c.addi  a0,4
       937 :     #885 0 8000008a 0000961a  a2=000005c6 ; c.add   a2,t1
       938 :     #886 0 8000008c 00c82023              ; sw      a2,0(a6) [f0041b10]
       939 :     #887 0 80000090 00000811  a6=f0041b14 ; c.addi  a6,4
       940 :     #888 0 80000092 ff1697e3              ; bne     a3,a7,0x80000080
       941 :     #889 0 80000080 00004290  a2=000001af ; c.lw    a2,0(a3) [f00401b4]
       942 :     #890 0 80000082 00052303  t1=0000031c ; lw      t1,0(a0) [f0040664]
       943 :     #891 0 80000086 00000691  a3=f00401b8 ; c.addi  a3,4
       944 :     #892 0 80000088 00000511  a0=f0040668 ; c.addi  a0,4
       945 :     #893 0 8000008a 0000961a  a2=000004cb ; c.add   a2,t1
       946 :     #894 0 8000008c 00c82023              ; sw      a2,0(a6) [f0041b14]
       947 :     #895 0 80000090 00000811  a6=f0041b18 ; c.addi  a6,4
       948 :     #896 0 80000092 ff1697e3              ; bne     a3,a7,0x80000080
       949 :     #897 0 80000080 00004290  a2=00000288 ; c.lw    a2,0(a3) [f00401b8]
       950 :     #898 0 80000082 00052303  t1=00000165 ; lw      t1,0(a0) [f0040668]
       951 :     #899 0 80000086 00000691  a3=f00401bc ; c.addi  a3,4
       952 :     #900 0 80000088 00000511  a0=f004066c ; c.addi  a0,4
       953 :     #901 0 8000008a 0000961a  a2=000003ed ; c.add   a2,t1
       954 :     #902 0 8000008c 00c82023              ; sw      a2,0(a6) [f0041b18]
       955 :     #903 0 80000090 00000811  a6=f0041b1c ; c.addi  a6,4
       956 :     #904 0 80000092 ff1697e3              ; bne     a3,a7,0x80000080
       957 :     #905 0 80000080 00004290  a2=000003b8 ; c.lw    a2,0(a3) [f00401bc]
       958 :     #906 0 80000082 00052303  t1=0000037b ; lw      t1,0(a0) [f004066c]
       959 :     #907 0 80000086 00000691  a3=f00401c0 ; c.addi  a3,4
       960 :     #908 0 80000088 00000511  a0=f0040670 ; c.addi  a0,4
       961 :     #909 0 8000008a 0000961a  a2=00000733 ; c.add   a2,t1
       962 :     #910 0 8000008c 00c82023              ; sw      a2,0(a6) [f0041b1c]
       963 :     #911 0 80000090 00000811  a6=f0041b20 ; c.addi  a6,4
       964 :     #912 0 80000092 ff1697e3              ; bne     a3,a7,0x80000080
       965 :     #913 0 80000080 00004290  a2=0000011f ; c.lw    a2,0(a3) [f00401c0]
       966 :     #914 0 80000082 00052303  t1=0000029a ; lw      t1,0(a0) [f0040670]
       967 :     #915 0 80000086 00000691  a3=f00401c4 ; c.addi  a3,4
       968 :     #916 0 80000088 00000511  a0=f0040674 ; c.addi  a0,4
       969 :     #917 0 8000008a 0000961a  a2=000003b9 ; c.add   a2,t1
       970 :     #918 0 8000008c 00c82023              ; sw      a2,0(a6) [f0041b20]
       971 :     #919 0 80000090 00000811  a6=f0041b24 ; c.addi  a6,4
       972 :     #920 0 80000092 ff1697e3              ; bne     a3,a7,0x80000080
       973 :     #921 0 80000080 00004290  a2=00000013 ; c.lw    a2,0(a3) [f00401c4]
       974 :     #922 0 80000082 00052303  t1=00000202 ; lw      t1,0(a0) [f0040674]
       975 :     #923 0 80000086 00000691  a3=f00401c8 ; c.addi  a3,4
       976 :     #924 0 80000088 00000511  a0=f0040678 ; c.addi  a0,4
       977 :     #925 0 8000008a 0000961a  a2=00000215 ; c.add   a2,t1
       978 :     #926 0 8000008c 00c82023              ; sw      a2,0(a6) [f0041b24]
       979 :     #927 0 80000090 00000811  a6=f0041b28 ; c.addi  a6,4
       980 :     #928 0 80000092 ff1697e3              ; bne     a3,a7,0x80000080
       981 :     #929 0 80000080 00004290  a2=00000031 ; c.lw    a2,0(a3) [f00401c8]
       982 :     #930 0 80000082 00052303  t1=0000022d ; lw      t1,0(a0) [f0040678]
       983 :     #931 0 80000086 00000691  a3=f00401cc ; c.addi  a3,4
       984 :     #932 0 80000088 00000511  a0=f004067c ; c.addi  a0,4
       985 :     #933 0 8000008a 0000961a  a2=0000025e ; c.add   a2,t1
       986 :     #934 0 8000008c 00c82023              ; sw      a2,0(a6) [f0041b28]
       987 :     #935 0 80000090 00000811  a6=f0041b2c ; c.addi  a6,4
       988 :     #936 0 80000092 ff1697e3              ; bne     a3,a7,0x80000080
       989 :     #937 0 80000080 00004290  a2=00000056 ; c.lw    a2,0(a3) [f00401cc]
       990 :     #938 0 80000082 00052303  t1=00000366 ; lw      t1,0(a0) [f004067c]
       991 :     #939 0 80000086 00000691  a3=f00401d0 ; c.addi  a3,4
       992 :     #940 0 80000088 00000511  a0=f0040680 ; c.addi  a0,4
       993 :     #941 0 8000008a 0000961a  a2=000003bc ; c.add   a2,t1
       994 :     #942 0 8000008c 00c82023              ; sw      a2,0(a6) [f0041b2c]
       995 :     #943 0 80000090 00000811  a6=f0041b30 ; c.addi  a6,4
       996 :     #944 0 80000092 ff1697e3              ; bne     a3,a7,0x80000080
       997 :     #945 0 80000080 00004290  a2=0000005f ; c.lw    a2,0(a3) [f00401d0]
       998 :     #946 0 80000082 00052303  t1=00000355 ; lw      t1,0(a0) [f0040680]
       999 :     #947 0 80000086 00000691  a3=f00401d4 ; c.addi  a3,4
      1000 :     #948 0 80000088 00000511  a0=f0040684 ; c.addi  a0,4
      1001 :     #949 0 8000008a 0000961a  a2=000003b4 ; c.add   a2,t1
      1002 :     #950 0 8000008c 00c82023              ; sw      a2,0(a6) [f0041b30]
      1003 :     #951 0 80000090 00000811  a6=f0041b34 ; c.addi  a6,4
      1004 :     #952 0 80000092 ff1697e3              ; bne     a3,a7,0x80000080
      1005 :     #953 0 80000080 00004290  a2=000001b9 ; c.lw    a2,0(a3) [f00401d4]
      1006 :     #954 0 80000082 00052303  t1=000001b8 ; lw      t1,0(a0) [f0040684]
      1007 :     #955 0 80000086 00000691  a3=f00401d8 ; c.addi  a3,4
      1008 :     #956 0 80000088 00000511  a0=f0040688 ; c.addi  a0,4
      1009 :     #957 0 8000008a 0000961a  a2=00000371 ; c.add   a2,t1
      1010 :     #958 0 8000008c 00c82023              ; sw      a2,0(a6) [f0041b34]
      1011 :     #959 0 80000090 00000811  a6=f0041b38 ; c.addi  a6,4
      1012 :     #960 0 80000092 ff1697e3              ; bne     a3,a7,0x80000080
      1013 :     #961 0 80000080 00004290  a2=0000024b ; c.lw    a2,0(a3) [f00401d8]
      1014 :     #962 0 80000082 00052303  t1=0000003d ; lw      t1,0(a0) [f0040688]
      1015 :     #963 0 80000086 00000691  a3=f00401dc ; c.addi  a3,4
      1016 :     #964 0 80000088 00000511  a0=f004068c ; c.addi  a0,4
      1017 :     #965 0 8000008a 0000961a  a2=00000288 ; c.add   a2,t1
      1018 :     #966 0 8000008c 00c82023              ; sw      a2,0(a6) [f0041b38]
      1019 :     #967 0 80000090 00000811  a6=f0041b3c ; c.addi  a6,4
      1020 :     #968 0 80000092 ff1697e3              ; bne     a3,a7,0x80000080
      1021 :     #969 0 80000080 00004290  a2=00000266 ; c.lw    a2,0(a3) [f00401dc]
      1022 :     #970 0 80000082 00052303  t1=000002a6 ; lw      t1,0(a0) [f004068c]
      1023 :     #971 0 80000086 00000691  a3=f00401e0 ; c.addi  a3,4
      1024 :     #972 0 80000088 00000511  a0=f0040690 ; c.addi  a0,4
      1025 :     #973 0 8000008a 0000961a  a2=0000050c ; c.add   a2,t1
      1026 :     #974 0 8000008c 00c82023              ; sw      a2,0(a6) [f0041b3c]
      1027 :     #975 0 80000090 00000811  a6=f0041b40 ; c.addi  a6,4
      1028 :     #976 0 80000092 ff1697e3              ; bne     a3,a7,0x80000080
      1029 :     #977 0 80000080 00004290  a2=0000017e ; c.lw    a2,0(a3) [f00401e0]
      1030 :     #978 0 80000082 00052303  t1=0000018c ; lw      t1,0(a0) [f0040690]
      1031 :     #979 0 80000086 00000691  a3=f00401e4 ; c.addi  a3,4
      1032 :     #980 0 80000088 00000511  a0=f0040694 ; c.addi  a0,4
      1033 :     #981 0 8000008a 0000961a  a2=0000030a ; c.add   a2,t1
      1034 :     #982 0 8000008c 00c82023              ; sw      a2,0(a6) [f0041b40]
      1035 :     #983 0 80000090 00000811  a6=f0041b44 ; c.addi  a6,4
      1036 :     #984 0 80000092 ff1697e3              ; bne     a3,a7,0x80000080
      1037 :     #985 0 80000080 00004290  a2=00000118 ; c.lw    a2,0(a3) [f00401e4]
      1038 :     #986 0 80000082 00052303  t1=00000009 ; lw      t1,0(a0) [f0040694]
      1039 :     #987 0 80000086 00000691  a3=f00401e8 ; c.addi  a3,4
      1040 :     #988 0 80000088 00000511  a0=f0040698 ; c.addi  a0,4
      1041 :     #989 0 8000008a 0000961a  a2=00000121 ; c.add   a2,t1
      1042 :     #990 0 8000008c 00c82023              ; sw      a2,0(a6) [f0041b44]
      1043 :     #991 0 80000090 00000811  a6=f0041b48 ; c.addi  a6,4
      1044 :     #992 0 80000092 ff1697e3              ; bne     a3,a7,0x80000080
      1045 :     #993 0 80000080 00004290  a2=00000328 ; c.lw    a2,0(a3) [f00401e8]
      1046 :     #994 0 80000082 00052303  t1=00000011 ; lw      t1,0(a0) [f0040698]
      1047 :     #995 0 80000086 00000691  a3=f00401ec ; c.addi  a3,4
      1048 :     #996 0 80000088 00000511  a0=f004069c ; c.addi  a0,4
      1049 :     #997 0 8000008a 0000961a  a2=00000339 ; c.add   a2,t1
      1050 :     #998 0 8000008c 00c82023              ; sw      a2,0(a6) [f0041b48]
      1051 :     #999 0 80000090 00000811  a6=f0041b4c ; c.addi  a6,4
      1052 :    #1000 0 80000092 ff1697e3              ; bne     a3,a7,0x80000080
      1053 :    #1001 0 80000080 00004290  a2=000003cb ; c.lw    a2,0(a3) [f00401ec]
      1054 :    #1002 0 80000082 00052303  t1=000000aa ; lw      t1,0(a0) [f004069c]
      1055 :    #1003 0 80000086 00000691  a3=f00401f0 ; c.addi  a3,4
      1056 :    #1004 0 80000088 00000511  a0=f00406a0 ; c.addi  a0,4
      1057 :    #1005 0 8000008a 0000961a  a2=00000475 ; c.add   a2,t1
      1058 :    #1006 0 8000008c 00c82023              ; sw      a2,0(a6) [f0041b4c]
      1059 :    #1007 0 80000090 00000811  a6=f0041b50 ; c.addi  a6,4
      1060 :    #1008 0 80000092 ff1697e3              ; bne     a3,a7,0x80000080
      1061 :    #1009 0 80000080 00004290  a2=00000333 ; c.lw    a2,0(a3) [f00401f0]
      1062 :    #1010 0 80000082 00052303  t1=00000123 ; lw      t1,0(a0) [f00406a0]
      1063 :    #1011 0 80000086 00000691  a3=f00401f4 ; c.addi  a3,4
      1064 :    #1012 0 80000088 00000511  a0=f00406a4 ; c.addi  a0,4
      1065 :    #1013 0 8000008a 0000961a  a2=00000456 ; c.add   a2,t1
      1066 :    #1014 0 8000008c 00c82023              ; sw      a2,0(a6) [f0041b50]
      1067 :    #1015 0 80000090 00000811  a6=f0041b54 ; c.addi  a6,4
      1068 :    #1016 0 80000092 ff1697e3              ; bne     a3,a7,0x80000080
      1069 :    #1017 0 80000080 00004290  a2=00000158 ; c.lw    a2,0(a3) [f00401f4]
      1070 :    #1018 0 80000082 00052303  t1=0000017c ; lw      t1,0(a0) [f00406a4]
      1071 :    #1019 0 80000086 00000691  a3=f00401f8 ; c.addi  a3,4
      1072 :    #1020 0 80000088 00000511  a0=f00406a8 ; c.addi  a0,4
      1073 :    #1021 0 8000008a 0000961a  a2=000002d4 ; c.add   a2,t1
      1074 :    #1022 0 8000008c 00c82023              ; sw      a2,0(a6) [f0041b54]
      1075 :    #1023 0 80000090 00000811  a6=f0041b58 ; c.addi  a6,4
      1076 :    #1024 0 80000092 ff1697e3              ; bne     a3,a7,0x80000080
      1077 :    #1025 0 80000080 00004290  a2=000001c2 ; c.lw    a2,0(a3) [f00401f8]
      1078 :    #1026 0 80000082 00052303  t1=00000218 ; lw      t1,0(a0) [f00406a8]
      1079 :    #1027 0 80000086 00000691  a3=f00401fc ; c.addi  a3,4
      1080 :    #1028 0 80000088 00000511  a0=f00406ac ; c.addi  a0,4
      1081 :    #1029 0 8000008a 0000961a  a2=000003da ; c.add   a2,t1
      1082 :    #1030 0 8000008c 00c82023              ; sw      a2,0(a6) [f0041b58]
      1083 :    #1031 0 80000090 00000811  a6=f0041b5c ; c.addi  a6,4
      1084 :    #1032 0 80000092 ff1697e3              ; bne     a3,a7,0x80000080
      1085 :    #1033 0 80000080 00004290  a2=00000200 ; c.lw    a2,0(a3) [f00401fc]
      1086 :    #1034 0 80000082 00052303  t1=000000b9 ; lw      t1,0(a0) [f00406ac]
      1087 :    #1035 0 80000086 00000691  a3=f0040200 ; c.addi  a3,4
      1088 :    #1036 0 80000088 00000511  a0=f00406b0 ; c.addi  a0,4
      1089 :    #1037 0 8000008a 0000961a  a2=000002b9 ; c.add   a2,t1
      1090 :    #1038 0 8000008c 00c82023              ; sw      a2,0(a6) [f0041b5c]
      1091 :    #1039 0 80000090 00000811  a6=f0041b60 ; c.addi  a6,4
      1092 :    #1040 0 80000092 ff1697e3              ; bne     a3,a7,0x80000080
      1093 :    #1041 0 80000080 00004290  a2=000003c5 ; c.lw    a2,0(a3) [f0040200]
      1094 :    #1042 0 80000082 00052303  t1=00000395 ; lw      t1,0(a0) [f00406b0]
      1095 :    #1043 0 80000086 00000691  a3=f0040204 ; c.addi  a3,4
      1096 :    #1044 0 80000088 00000511  a0=f00406b4 ; c.addi  a0,4
      1097 :    #1045 0 8000008a 0000961a  a2=0000075a ; c.add   a2,t1
      1098 :    #1046 0 8000008c 00c82023              ; sw      a2,0(a6) [f0041b60]
      1099 :    #1047 0 80000090 00000811  a6=f0041b64 ; c.addi  a6,4
      1100 :    #1048 0 80000092 ff1697e3              ; bne     a3,a7,0x80000080
      1101 :    #1049 0 80000080 00004290  a2=0000015b ; c.lw    a2,0(a3) [f0040204]
      1102 :    #1050 0 80000082 00052303  t1=0000021b ; lw      t1,0(a0) [f00406b4]
      1103 :    #1051 0 80000086 00000691  a3=f0040208 ; c.addi  a3,4
      1104 :    #1052 0 80000088 00000511  a0=f00406b8 ; c.addi  a0,4
      1105 :    #1053 0 8000008a 0000961a  a2=00000376 ; c.add   a2,t1
      1106 :    #1054 0 8000008c 00c82023              ; sw      a2,0(a6) [f0041b64]
      1107 :    #1055 0 80000090 00000811  a6=f0041b68 ; c.addi  a6,4
      1108 :    #1056 0 80000092 ff1697e3              ; bne     a3,a7,0x80000080
      1109 :    #1057 0 80000080 00004290  a2=00000328 ; c.lw    a2,0(a3) [f0040208]
      1110 :    #1058 0 80000082 00052303  t1=000003d7 ; lw      t1,0(a0) [f00406b8]
      1111 :    #1059 0 80000086 00000691  a3=f004020c ; c.addi  a3,4
      1112 :    #1060 0 80000088 00000511  a0=f00406bc ; c.addi  a0,4
      1113 :    #1061 0 8000008a 0000961a  a2=000006ff ; c.add   a2,t1
      1114 :    #1062 0 8000008c 00c82023              ; sw      a2,0(a6) [f0041b68]
      1115 :    #1063 0 80000090 00000811  a6=f0041b6c ; c.addi  a6,4
      1116 :    #1064 0 80000092 ff1697e3              ; bne     a3,a7,0x80000080
      1117 :    #1065 0 80000080 00004290  a2=00000372 ; c.lw    a2,0(a3) [f004020c]
      1118 :    #1066 0 80000082 00052303  t1=00000377 ; lw      t1,0(a0) [f00406bc]
      1119 :    #1067 0 80000086 00000691  a3=f0040210 ; c.addi  a3,4
      1120 :    #1068 0 80000088 00000511  a0=f00406c0 ; c.addi  a0,4
      1121 :    #1069 0 8000008a 0000961a  a2=000006e9 ; c.add   a2,t1
      1122 :    #1070 0 8000008c 00c82023              ; sw      a2,0(a6) [f0041b6c]
      1123 :    #1071 0 80000090 00000811  a6=f0041b70 ; c.addi  a6,4
      1124 :    #1072 0 80000092 ff1697e3              ; bne     a3,a7,0x80000080
      1125 :    #1073 0 80000080 00004290  a2=00000219 ; c.lw    a2,0(a3) [f0040210]
      1126 :    #1074 0 80000082 00052303  t1=00000036 ; lw      t1,0(a0) [f00406c0]
      1127 :    #1075 0 80000086 00000691  a3=f0040214 ; c.addi  a3,4
      1128 :    #1076 0 80000088 00000511  a0=f00406c4 ; c.addi  a0,4
      1129 :    #1077 0 8000008a 0000961a  a2=0000024f ; c.add   a2,t1
      1130 :    #1078 0 8000008c 00c82023              ; sw      a2,0(a6) [f0041b70]
      1131 :    #1079 0 80000090 00000811  a6=f0041b74 ; c.addi  a6,4
      1132 :    #1080 0 80000092 ff1697e3              ; bne     a3,a7,0x80000080
      1133 :    #1081 0 80000080 00004290  a2=000003b2 ; c.lw    a2,0(a3) [f0040214]
      1134 :    #1082 0 80000082 00052303  t1=00000264 ; lw      t1,0(a0) [f00406c4]
      1135 :    #1083 0 80000086 00000691  a3=f0040218 ; c.addi  a3,4
      1136 :    #1084 0 80000088 00000511  a0=f00406c8 ; c.addi  a0,4
      1137 :    #1085 0 8000008a 0000961a  a2=00000616 ; c.add   a2,t1
      1138 :    #1086 0 8000008c 00c82023              ; sw      a2,0(a6) [f0041b74]
      1139 :    #1087 0 80000090 00000811  a6=f0041b78 ; c.addi  a6,4
      1140 :    #1088 0 80000092 ff1697e3              ; bne     a3,a7,0x80000080
      1141 :    #1089 0 80000080 00004290  a2=000002bd ; c.lw    a2,0(a3) [f0040218]
      1142 :    #1090 0 80000082 00052303  t1=000003b7 ; lw      t1,0(a0) [f00406c8]
      1143 :    #1091 0 80000086 00000691  a3=f004021c ; c.addi  a3,4
      1144 :    #1092 0 80000088 00000511  a0=f00406cc ; c.addi  a0,4
      1145 :    #1093 0 8000008a 0000961a  a2=00000674 ; c.add   a2,t1
      1146 :    #1094 0 8000008c 00c82023              ; sw      a2,0(a6) [f0041b78]
      1147 :    #1095 0 80000090 00000811  a6=f0041b7c ; c.addi  a6,4
      1148 :    #1096 0 80000092 ff1697e3              ; bne     a3,a7,0x80000080
      1149 :    #1097 0 80000080 00004290  a2=00000164 ; c.lw    a2,0(a3) [f004021c]
      1150 :    #1098 0 80000082 00052303  t1=000001df ; lw      t1,0(a0) [f00406cc]
      1151 :    #1099 0 80000086 00000691  a3=f0040220 ; c.addi  a3,4
      1152 :    #1100 0 80000088 00000511  a0=f00406d0 ; c.addi  a0,4
      1153 :    #1101 0 8000008a 0000961a  a2=00000343 ; c.add   a2,t1
      1154 :    #1102 0 8000008c 00c82023              ; sw      a2,0(a6) [f0041b7c]
      1155 :    #1103 0 80000090 00000811  a6=f0041b80 ; c.addi  a6,4
      1156 :    #1104 0 80000092 ff1697e3              ; bne     a3,a7,0x80000080
      1157 :    #1105 0 80000080 00004290  a2=00000237 ; c.lw    a2,0(a3) [f0040220]
      1158 :    #1106 0 80000082 00052303  t1=00000097 ; lw      t1,0(a0) [f00406d0]
      1159 :    #1107 0 80000086 00000691  a3=f0040224 ; c.addi  a3,4
      1160 :    #1108 0 80000088 00000511  a0=f00406d4 ; c.addi  a0,4
      1161 :    #1109 0 8000008a 0000961a  a2=000002ce ; c.add   a2,t1
      1162 :    #1110 0 8000008c 00c82023              ; sw      a2,0(a6) [f0041b80]
      1163 :    #1111 0 80000090 00000811  a6=f0041b84 ; c.addi  a6,4
      1164 :    #1112 0 80000092 ff1697e3              ; bne     a3,a7,0x80000080
      1165 :    #1113 0 80000080 00004290  a2=0000037b ; c.lw    a2,0(a3) [f0040224]
      1166 :    #1114 0 80000082 00052303  t1=00000007 ; lw      t1,0(a0) [f00406d4]
      1167 :    #1115 0 80000086 00000691  a3=f0040228 ; c.addi  a3,4
      1168 :    #1116 0 80000088 00000511  a0=f00406d8 ; c.addi  a0,4
      1169 :    #1117 0 8000008a 0000961a  a2=00000382 ; c.add   a2,t1
      1170 :    #1118 0 8000008c 00c82023              ; sw      a2,0(a6) [f0041b84]
      1171 :    #1119 0 80000090 00000811  a6=f0041b88 ; c.addi  a6,4
      1172 :    #1120 0 80000092 ff1697e3              ; bne     a3,a7,0x80000080
      1173 :    #1121 0 80000080 00004290  a2=00000016 ; c.lw    a2,0(a3) [f0040228]
      1174 :    #1122 0 80000082 00052303  t1=00000281 ; lw      t1,0(a0) [f00406d8]
      1175 :    #1123 0 80000086 00000691  a3=f004022c ; c.addi  a3,4
      1176 :    #1124 0 80000088 00000511  a0=f00406dc ; c.addi  a0,4
      1177 :    #1125 0 8000008a 0000961a  a2=00000297 ; c.add   a2,t1
      1178 :    #1126 0 8000008c 00c82023              ; sw      a2,0(a6) [f0041b88]
      1179 :    #1127 0 80000090 00000811  a6=f0041b8c ; c.addi  a6,4
      1180 :    #1128 0 80000092 ff1697e3              ; bne     a3,a7,0x80000080
      1181 :    #1129 0 80000080 00004290  a2=00000238 ; c.lw    a2,0(a3) [f004022c]
      1182 :    #1130 0 80000082 00052303  t1=0000014f ; lw      t1,0(a0) [f00406dc]
      1183 :    #1131 0 80000086 00000691  a3=f0040230 ; c.addi  a3,4
      1184 :    #1132 0 80000088 00000511  a0=f00406e0 ; c.addi  a0,4
      1185 :    #1133 0 8000008a 0000961a  a2=00000387 ; c.add   a2,t1
      1186 :    #1134 0 8000008c 00c82023              ; sw      a2,0(a6) [f0041b8c]
      1187 :    #1135 0 80000090 00000811  a6=f0041b90 ; c.addi  a6,4
      1188 :    #1136 0 80000092 ff1697e3              ; bne     a3,a7,0x80000080
      1189 :    #1137 0 80000080 00004290  a2=00000299 ; c.lw    a2,0(a3) [f0040230]
      1190 :    #1138 0 80000082 00052303  t1=000002da ; lw      t1,0(a0) [f00406e0]
      1191 :    #1139 0 80000086 00000691  a3=f0040234 ; c.addi  a3,4
      1192 :    #1140 0 80000088 00000511  a0=f00406e4 ; c.addi  a0,4
      1193 :    #1141 0 8000008a 0000961a  a2=00000573 ; c.add   a2,t1
      1194 :    #1142 0 8000008c 00c82023              ; sw      a2,0(a6) [f0041b90]
      1195 :    #1143 0 80000090 00000811  a6=f0041b94 ; c.addi  a6,4
      1196 :    #1144 0 80000092 ff1697e3              ; bne     a3,a7,0x80000080
      1197 :    #1145 0 80000080 00004290  a2=000001a7 ; c.lw    a2,0(a3) [f0040234]
      1198 :    #1146 0 80000082 00052303  t1=0000005f ; lw      t1,0(a0) [f00406e4]
      1199 :    #1147 0 80000086 00000691  a3=f0040238 ; c.addi  a3,4
      1200 :    #1148 0 80000088 00000511  a0=f00406e8 ; c.addi  a0,4
      1201 :    #1149 0 8000008a 0000961a  a2=00000206 ; c.add   a2,t1
      1202 :    #1150 0 8000008c 00c82023              ; sw      a2,0(a6) [f0041b94]
      1203 :    #1151 0 80000090 00000811  a6=f0041b98 ; c.addi  a6,4
      1204 :    #1152 0 80000092 ff1697e3              ; bne     a3,a7,0x80000080
      1205 :    #1153 0 80000080 00004290  a2=000001b2 ; c.lw    a2,0(a3) [f0040238]
      1206 :    #1154 0 80000082 00052303  t1=000002d8 ; lw      t1,0(a0) [f00406e8]
      1207 :    #1155 0 80000086 00000691  a3=f004023c ; c.addi  a3,4
      1208 :    #1156 0 80000088 00000511  a0=f00406ec ; c.addi  a0,4
      1209 :    #1157 0 8000008a 0000961a  a2=0000048a ; c.add   a2,t1
      1210 :    #1158 0 8000008c 00c82023              ; sw      a2,0(a6) [f0041b98]
      1211 :    #1159 0 80000090 00000811  a6=f0041b9c ; c.addi  a6,4
      1212 :    #1160 0 80000092 ff1697e3              ; bne     a3,a7,0x80000080
      1213 :    #1161 0 80000080 00004290  a2=0000009e ; c.lw    a2,0(a3) [f004023c]
      1214 :    #1162 0 80000082 00052303  t1=00000118 ; lw      t1,0(a0) [f00406ec]
      1215 :    #1163 0 80000086 00000691  a3=f0040240 ; c.addi  a3,4
      1216 :    #1164 0 80000088 00000511  a0=f00406f0 ; c.addi  a0,4
      1217 :    #1165 0 8000008a 0000961a  a2=000001b6 ; c.add   a2,t1
      1218 :    #1166 0 8000008c 00c82023              ; sw      a2,0(a6) [f0041b9c]
      1219 :    #1167 0 80000090 00000811  a6=f0041ba0 ; c.addi  a6,4
      1220 :    #1168 0 80000092 ff1697e3              ; bne     a3,a7,0x80000080
      1221 :    #1169 0 80000080 00004290  a2=00000002 ; c.lw    a2,0(a3) [f0040240]
      1222 :    #1170 0 80000082 00052303  t1=0000018b ; lw      t1,0(a0) [f00406f0]
      1223 :    #1171 0 80000086 00000691  a3=f0040244 ; c.addi  a3,4
      1224 :    #1172 0 80000088 00000511  a0=f00406f4 ; c.addi  a0,4
      1225 :    #1173 0 8000008a 0000961a  a2=0000018d ; c.add   a2,t1
      1226 :    #1174 0 8000008c 00c82023              ; sw      a2,0(a6) [f0041ba0]
      1227 :    #1175 0 80000090 00000811  a6=f0041ba4 ; c.addi  a6,4
      1228 :    #1176 0 80000092 ff1697e3              ; bne     a3,a7,0x80000080
      1229 :    #1177 0 80000080 00004290  a2=00000054 ; c.lw    a2,0(a3) [f0040244]
      1230 :    #1178 0 80000082 00052303  t1=000002b0 ; lw      t1,0(a0) [f00406f4]
      1231 :    #1179 0 80000086 00000691  a3=f0040248 ; c.addi  a3,4
      1232 :    #1180 0 80000088 00000511  a0=f00406f8 ; c.addi  a0,4
      1233 :    #1181 0 8000008a 0000961a  a2=00000304 ; c.add   a2,t1
      1234 :    #1182 0 8000008c 00c82023              ; sw      a2,0(a6) [f0041ba4]
      1235 :    #1183 0 80000090 00000811  a6=f0041ba8 ; c.addi  a6,4
      1236 :    #1184 0 80000092 ff1697e3              ; bne     a3,a7,0x80000080
      1237 :    #1185 0 80000080 00004290  a2=000000f7 ; c.lw    a2,0(a3) [f0040248]
      1238 :    #1186 0 80000082 00052303  t1=0000038f ; lw      t1,0(a0) [f00406f8]
      1239 :    #1187 0 80000086 00000691  a3=f004024c ; c.addi  a3,4
      1240 :    #1188 0 80000088 00000511  a0=f00406fc ; c.addi  a0,4
      1241 :    #1189 0 8000008a 0000961a  a2=00000486 ; c.add   a2,t1
      1242 :    #1190 0 8000008c 00c82023              ; sw      a2,0(a6) [f0041ba8]
      1243 :    #1191 0 80000090 00000811  a6=f0041bac ; c.addi  a6,4
      1244 :    #1192 0 80000092 ff1697e3              ; bne     a3,a7,0x80000080
      1245 :    #1193 0 80000080 00004290  a2=00000031 ; c.lw    a2,0(a3) [f004024c]
      1246 :    #1194 0 80000082 00052303  t1=000001dc ; lw      t1,0(a0) [f00406fc]
      1247 :    #1195 0 80000086 00000691  a3=f0040250 ; c.addi  a3,4
      1248 :    #1196 0 80000088 00000511  a0=f0040700 ; c.addi  a0,4
      1249 :    #1197 0 8000008a 0000961a  a2=0000020d ; c.add   a2,t1
      1250 :    #1198 0 8000008c 00c82023              ; sw      a2,0(a6) [f0041bac]
      1251 :    #1199 0 80000090 00000811  a6=f0041bb0 ; c.addi  a6,4
      1252 :    #1200 0 80000092 ff1697e3              ; bne     a3,a7,0x80000080
      1253 :    #1201 0 80000080 00004290  a2=000001b3 ; c.lw    a2,0(a3) [f0040250]
      1254 :    #1202 0 80000082 00052303  t1=0000032f ; lw      t1,0(a0) [f0040700]
      1255 :    #1203 0 80000086 00000691  a3=f0040254 ; c.addi  a3,4
      1256 :    #1204 0 80000088 00000511  a0=f0040704 ; c.addi  a0,4
      1257 :    #1205 0 8000008a 0000961a  a2=000004e2 ; c.add   a2,t1
      1258 :    #1206 0 8000008c 00c82023              ; sw      a2,0(a6) [f0041bb0]
      1259 :    #1207 0 80000090 00000811  a6=f0041bb4 ; c.addi  a6,4
      1260 :    #1208 0 80000092 ff1697e3              ; bne     a3,a7,0x80000080
      1261 :    #1209 0 80000080 00004290  a2=00000318 ; c.lw    a2,0(a3) [f0040254]
      1262 :    #1210 0 80000082 00052303  t1=000002d9 ; lw      t1,0(a0) [f0040704]
      1263 :    #1211 0 80000086 00000691  a3=f0040258 ; c.addi  a3,4
      1264 :    #1212 0 80000088 00000511  a0=f0040708 ; c.addi  a0,4
      1265 :    #1213 0 8000008a 0000961a  a2=000005f1 ; c.add   a2,t1
      1266 :    #1214 0 8000008c 00c82023              ; sw      a2,0(a6) [f0041bb4]
      1267 :    #1215 0 80000090 00000811  a6=f0041bb8 ; c.addi  a6,4
      1268 :    #1216 0 80000092 ff1697e3              ; bne     a3,a7,0x80000080
      1269 :    #1217 0 80000080 00004290  a2=00000365 ; c.lw    a2,0(a3) [f0040258]
      1270 :    #1218 0 80000082 00052303  t1=00000109 ; lw      t1,0(a0) [f0040708]
      1271 :    #1219 0 80000086 00000691  a3=f004025c ; c.addi  a3,4
      1272 :    #1220 0 80000088 00000511  a0=f004070c ; c.addi  a0,4
      1273 :    #1221 0 8000008a 0000961a  a2=0000046e ; c.add   a2,t1
      1274 :    #1222 0 8000008c 00c82023              ; sw      a2,0(a6) [f0041bb8]
      1275 :    #1223 0 80000090 00000811  a6=f0041bbc ; c.addi  a6,4
      1276 :    #1224 0 80000092 ff1697e3              ; bne     a3,a7,0x80000080
      1277 :    #1225 0 80000080 00004290  a2=000001e6 ; c.lw    a2,0(a3) [f004025c]
      1278 :    #1226 0 80000082 00052303  t1=0000007f ; lw      t1,0(a0) [f004070c]
      1279 :    #1227 0 80000086 00000691  a3=f0040260 ; c.addi  a3,4
      1280 :    #1228 0 80000088 00000511  a0=f0040710 ; c.addi  a0,4
      1281 :    #1229 0 8000008a 0000961a  a2=00000265 ; c.add   a2,t1
      1282 :    #1230 0 8000008c 00c82023              ; sw      a2,0(a6) [f0041bbc]
      1283 :    #1231 0 80000090 00000811  a6=f0041bc0 ; c.addi  a6,4
      1284 :    #1232 0 80000092 ff1697e3              ; bne     a3,a7,0x80000080
      1285 :    #1233 0 80000080 00004290  a2=0000019e ; c.lw    a2,0(a3) [f0040260]
      1286 :    #1234 0 80000082 00052303  t1=000000ec ; lw      t1,0(a0) [f0040710]
      1287 :    #1235 0 80000086 00000691  a3=f0040264 ; c.addi  a3,4
      1288 :    #1236 0 80000088 00000511  a0=f0040714 ; c.addi  a0,4
      1289 :    #1237 0 8000008a 0000961a  a2=0000028a ; c.add   a2,t1
      1290 :    #1238 0 8000008c 00c82023              ; sw      a2,0(a6) [f0041bc0]
      1291 :    #1239 0 80000090 00000811  a6=f0041bc4 ; c.addi  a6,4
      1292 :    #1240 0 80000092 ff1697e3              ; bne     a3,a7,0x80000080
      1293 :    #1241 0 80000080 00004290  a2=00000171 ; c.lw    a2,0(a3) [f0040264]
      1294 :    #1242 0 80000082 00052303  t1=000000d6 ; lw      t1,0(a0) [f0040714]
      1295 :    #1243 0 80000086 00000691  a3=f0040268 ; c.addi  a3,4
      1296 :    #1244 0 80000088 00000511  a0=f0040718 ; c.addi  a0,4
      1297 :    #1245 0 8000008a 0000961a  a2=00000247 ; c.add   a2,t1
      1298 :    #1246 0 8000008c 00c82023              ; sw      a2,0(a6) [f0041bc4]
      1299 :    #1247 0 80000090 00000811  a6=f0041bc8 ; c.addi  a6,4
      1300 :    #1248 0 80000092 ff1697e3              ; bne     a3,a7,0x80000080
      1301 :    #1249 0 80000080 00004290  a2=00000224 ; c.lw    a2,0(a3) [f0040268]
      1302 :    #1250 0 80000082 00052303  t1=000000b4 ; lw      t1,0(a0) [f0040718]
      1303 :    #1251 0 80000086 00000691  a3=f004026c ; c.addi  a3,4
      1304 :    #1252 0 80000088 00000511  a0=f004071c ; c.addi  a0,4
      1305 :    #1253 0 8000008a 0000961a  a2=000002d8 ; c.add   a2,t1
      1306 :    #1254 0 8000008c 00c82023              ; sw      a2,0(a6) [f0041bc8]
      1307 :    #1255 0 80000090 00000811  a6=f0041bcc ; c.addi  a6,4
      1308 :    #1256 0 80000092 ff1697e3              ; bne     a3,a7,0x80000080
      1309 :    #1257 0 80000080 00004290  a2=00000206 ; c.lw    a2,0(a3) [f004026c]
      1310 :    #1258 0 80000082 00052303  t1=00000006 ; lw      t1,0(a0) [f004071c]
      1311 :    #1259 0 80000086 00000691  a3=f0040270 ; c.addi  a3,4
      1312 :    #1260 0 80000088 00000511  a0=f0040720 ; c.addi  a0,4
      1313 :    #1261 0 8000008a 0000961a  a2=0000020c ; c.add   a2,t1
      1314 :    #1262 0 8000008c 00c82023              ; sw      a2,0(a6) [f0041bcc]
      1315 :    #1263 0 80000090 00000811  a6=f0041bd0 ; c.addi  a6,4
      1316 :    #1264 0 80000092 ff1697e3              ; bne     a3,a7,0x80000080
      1317 :    #1265 0 80000080 00004290  a2=00000378 ; c.lw    a2,0(a3) [f0040270]
      1318 :    #1266 0 80000082 00052303  t1=000001f7 ; lw      t1,0(a0) [f0040720]
      1319 :    #1267 0 80000086 00000691  a3=f0040274 ; c.addi  a3,4
      1320 :    #1268 0 80000088 00000511  a0=f0040724 ; c.addi  a0,4
      1321 :    #1269 0 8000008a 0000961a  a2=0000056f ; c.add   a2,t1
      1322 :    #1270 0 8000008c 00c82023              ; sw      a2,0(a6) [f0041bd0]
      1323 :    #1271 0 80000090 00000811  a6=f0041bd4 ; c.addi  a6,4
      1324 :    #1272 0 80000092 ff1697e3              ; bne     a3,a7,0x80000080
      1325 :    #1273 0 80000080 00004290  a2=000002aa ; c.lw    a2,0(a3) [f0040274]
      1326 :    #1274 0 80000082 00052303  t1=00000254 ; lw      t1,0(a0) [f0040724]
      1327 :    #1275 0 80000086 00000691  a3=f0040278 ; c.addi  a3,4
      1328 :    #1276 0 80000088 00000511  a0=f0040728 ; c.addi  a0,4
      1329 :    #1277 0 8000008a 0000961a  a2=000004fe ; c.add   a2,t1
      1330 :    #1278 0 8000008c 00c82023              ; sw      a2,0(a6) [f0041bd4]
      1331 :    #1279 0 80000090 00000811  a6=f0041bd8 ; c.addi  a6,4
      1332 :    #1280 0 80000092 ff1697e3              ; bne     a3,a7,0x80000080
      1333 :    #1281 0 80000080 00004290  a2=0000011c ; c.lw    a2,0(a3) [f0040278]
      1334 :    #1282 0 80000082 00052303  t1=000000ad ; lw      t1,0(a0) [f0040728]
      1335 :    #1283 0 80000086 00000691  a3=f004027c ; c.addi  a3,4
      1336 :    #1284 0 80000088 00000511  a0=f004072c ; c.addi  a0,4
      1337 :    #1285 0 8000008a 0000961a  a2=000001c9 ; c.add   a2,t1
      1338 :    #1286 0 8000008c 00c82023              ; sw      a2,0(a6) [f0041bd8]
      1339 :    #1287 0 80000090 00000811  a6=f0041bdc ; c.addi  a6,4
      1340 :    #1288 0 80000092 ff1697e3              ; bne     a3,a7,0x80000080
      1341 :    #1289 0 80000080 00004290  a2=00000108 ; c.lw    a2,0(a3) [f004027c]
      1342 :    #1290 0 80000082 00052303  t1=00000283 ; lw      t1,0(a0) [f004072c]
      1343 :    #1291 0 80000086 00000691  a3=f0040280 ; c.addi  a3,4
      1344 :    #1292 0 80000088 00000511  a0=f0040730 ; c.addi  a0,4
      1345 :    #1293 0 8000008a 0000961a  a2=0000038b ; c.add   a2,t1
      1346 :    #1294 0 8000008c 00c82023              ; sw      a2,0(a6) [f0041bdc]
      1347 :    #1295 0 80000090 00000811  a6=f0041be0 ; c.addi  a6,4
      1348 :    #1296 0 80000092 ff1697e3              ; bne     a3,a7,0x80000080
      1349 :    #1297 0 80000080 00004290  a2=000001f3 ; c.lw    a2,0(a3) [f0040280]
      1350 :    #1298 0 80000082 00052303  t1=0000015a ; lw      t1,0(a0) [f0040730]
      1351 :    #1299 0 80000086 00000691  a3=f0040284 ; c.addi  a3,4
      1352 :    #1300 0 80000088 00000511  a0=f0040734 ; c.addi  a0,4
      1353 :    #1301 0 8000008a 0000961a  a2=0000034d ; c.add   a2,t1
      1354 :    #1302 0 8000008c 00c82023              ; sw      a2,0(a6) [f0041be0]
      1355 :    #1303 0 80000090 00000811  a6=f0041be4 ; c.addi  a6,4
      1356 :    #1304 0 80000092 ff1697e3              ; bne     a3,a7,0x80000080
      1357 :    #1305 0 80000080 00004290  a2=00000122 ; c.lw    a2,0(a3) [f0040284]
      1358 :    #1306 0 80000082 00052303  t1=00000257 ; lw      t1,0(a0) [f0040734]
      1359 :    #1307 0 80000086 00000691  a3=f0040288 ; c.addi  a3,4
      1360 :    #1308 0 80000088 00000511  a0=f0040738 ; c.addi  a0,4
      1361 :    #1309 0 8000008a 0000961a  a2=00000379 ; c.add   a2,t1
      1362 :    #1310 0 8000008c 00c82023              ; sw      a2,0(a6) [f0041be4]
      1363 :    #1311 0 80000090 00000811  a6=f0041be8 ; c.addi  a6,4
      1364 :    #1312 0 80000092 ff1697e3              ; bne     a3,a7,0x80000080
      1365 :    #1313 0 80000080 00004290  a2=00000381 ; c.lw    a2,0(a3) [f0040288]
      1366 :    #1314 0 80000082 00052303  t1=00000044 ; lw      t1,0(a0) [f0040738]
      1367 :    #1315 0 80000086 00000691  a3=f004028c ; c.addi  a3,4
      1368 :    #1316 0 80000088 00000511  a0=f004073c ; c.addi  a0,4
      1369 :    #1317 0 8000008a 0000961a  a2=000003c5 ; c.add   a2,t1
      1370 :    #1318 0 8000008c 00c82023              ; sw      a2,0(a6) [f0041be8]
      1371 :    #1319 0 80000090 00000811  a6=f0041bec ; c.addi  a6,4
      1372 :    #1320 0 80000092 ff1697e3              ; bne     a3,a7,0x80000080
      1373 :    #1321 0 80000080 00004290  a2=000000d7 ; c.lw    a2,0(a3) [f004028c]
      1374 :    #1322 0 80000082 00052303  t1=00000351 ; lw      t1,0(a0) [f004073c]
      1375 :    #1323 0 80000086 00000691  a3=f0040290 ; c.addi  a3,4
      1376 :    #1324 0 80000088 00000511  a0=f0040740 ; c.addi  a0,4
      1377 :    #1325 0 8000008a 0000961a  a2=00000428 ; c.add   a2,t1
      1378 :    #1326 0 8000008c 00c82023              ; sw      a2,0(a6) [f0041bec]
      1379 :    #1327 0 80000090 00000811  a6=f0041bf0 ; c.addi  a6,4
      1380 :    #1328 0 80000092 ff1697e3              ; bne     a3,a7,0x80000080
      1381 :    #1329 0 80000080 00004290  a2=000002db ; c.lw    a2,0(a3) [f0040290]
      1382 :    #1330 0 80000082 00052303  t1=00000292 ; lw      t1,0(a0) [f0040740]
      1383 :    #1331 0 80000086 00000691  a3=f0040294 ; c.addi  a3,4
      1384 :    #1332 0 80000088 00000511  a0=f0040744 ; c.addi  a0,4
      1385 :    #1333 0 8000008a 0000961a  a2=0000056d ; c.add   a2,t1
      1386 :    #1334 0 8000008c 00c82023              ; sw      a2,0(a6) [f0041bf0]
      1387 :    #1335 0 80000090 00000811  a6=f0041bf4 ; c.addi  a6,4
      1388 :    #1336 0 80000092 ff1697e3              ; bne     a3,a7,0x80000080
      1389 :    #1337 0 80000080 00004290  a2=000002b0 ; c.lw    a2,0(a3) [f0040294]
      1390 :    #1338 0 80000082 00052303  t1=0000026b ; lw      t1,0(a0) [f0040744]
      1391 :    #1339 0 80000086 00000691  a3=f0040298 ; c.addi  a3,4
      1392 :    #1340 0 80000088 00000511  a0=f0040748 ; c.addi  a0,4
      1393 :    #1341 0 8000008a 0000961a  a2=0000051b ; c.add   a2,t1
      1394 :    #1342 0 8000008c 00c82023              ; sw      a2,0(a6) [f0041bf4]
      1395 :    #1343 0 80000090 00000811  a6=f0041bf8 ; c.addi  a6,4
      1396 :    #1344 0 80000092 ff1697e3              ; bne     a3,a7,0x80000080
      1397 :    #1345 0 80000080 00004290  a2=000000fb ; c.lw    a2,0(a3) [f0040298]
      1398 :    #1346 0 80000082 00052303  t1=00000079 ; lw      t1,0(a0) [f0040748]
      1399 :    #1347 0 80000086 00000691  a3=f004029c ; c.addi  a3,4
      1400 :    #1348 0 80000088 00000511  a0=f004074c ; c.addi  a0,4
      1401 :    #1349 0 8000008a 0000961a  a2=00000174 ; c.add   a2,t1
      1402 :    #1350 0 8000008c 00c82023              ; sw      a2,0(a6) [f0041bf8]
      1403 :    #1351 0 80000090 00000811  a6=f0041bfc ; c.addi  a6,4
      1404 :    #1352 0 80000092 ff1697e3              ; bne     a3,a7,0x80000080
      1405 :    #1353 0 80000080 00004290  a2=00000312 ; c.lw    a2,0(a3) [f004029c]
      1406 :    #1354 0 80000082 00052303  t1=00000083 ; lw      t1,0(a0) [f004074c]
      1407 :    #1355 0 80000086 00000691  a3=f00402a0 ; c.addi  a3,4
      1408 :    #1356 0 80000088 00000511  a0=f0040750 ; c.addi  a0,4
      1409 :    #1357 0 8000008a 0000961a  a2=00000395 ; c.add   a2,t1
      1410 :    #1358 0 8000008c 00c82023              ; sw      a2,0(a6) [f0041bfc]
      1411 :    #1359 0 80000090 00000811  a6=f0041c00 ; c.addi  a6,4
      1412 :    #1360 0 80000092 ff1697e3              ; bne     a3,a7,0x80000080
      1413 :    #1361 0 80000080 00004290  a2=0000022b ; c.lw    a2,0(a3) [f00402a0]
      1414 :    #1362 0 80000082 00052303  t1=0000033c ; lw      t1,0(a0) [f0040750]
      1415 :    #1363 0 80000086 00000691  a3=f00402a4 ; c.addi  a3,4
      1416 :    #1364 0 80000088 00000511  a0=f0040754 ; c.addi  a0,4
      1417 :    #1365 0 8000008a 0000961a  a2=00000567 ; c.add   a2,t1
      1418 :    #1366 0 8000008c 00c82023              ; sw      a2,0(a6) [f0041c00]
      1419 :    #1367 0 80000090 00000811  a6=f0041c04 ; c.addi  a6,4
      1420 :    #1368 0 80000092 ff1697e3              ; bne     a3,a7,0x80000080
      1421 :    #1369 0 80000080 00004290  a2=0000012e ; c.lw    a2,0(a3) [f00402a4]
      1422 :    #1370 0 80000082 00052303  t1=0000029b ; lw      t1,0(a0) [f0040754]
      1423 :    #1371 0 80000086 00000691  a3=f00402a8 ; c.addi  a3,4
      1424 :    #1372 0 80000088 00000511  a0=f0040758 ; c.addi  a0,4
      1425 :    #1373 0 8000008a 0000961a  a2=000003c9 ; c.add   a2,t1
      1426 :    #1374 0 8000008c 00c82023              ; sw      a2,0(a6) [f0041c04]
      1427 :    #1375 0 80000090 00000811  a6=f0041c08 ; c.addi  a6,4
      1428 :    #1376 0 80000092 ff1697e3              ; bne     a3,a7,0x80000080
      1429 :    #1377 0 80000080 00004290  a2=00000210 ; c.lw    a2,0(a3) [f00402a8]
      1430 :    #1378 0 80000082 00052303  t1=000001b1 ; lw      t1,0(a0) [f0040758]
      1431 :    #1379 0 80000086 00000691  a3=f00402ac ; c.addi  a3,4
      1432 :    #1380 0 80000088 00000511  a0=f004075c ; c.addi  a0,4
      1433 :    #1381 0 8000008a 0000961a  a2=000003c1 ; c.add   a2,t1
      1434 :    #1382 0 8000008c 00c82023              ; sw      a2,0(a6) [f0041c08]
      1435 :    #1383 0 80000090 00000811  a6=f0041c0c ; c.addi  a6,4
      1436 :    #1384 0 80000092 ff1697e3              ; bne     a3,a7,0x80000080
      1437 :    #1385 0 80000080 00004290  a2=00000220 ; c.lw    a2,0(a3) [f00402ac]
      1438 :    #1386 0 80000082 00052303  t1=000001e7 ; lw      t1,0(a0) [f004075c]
      1439 :    #1387 0 80000086 00000691  a3=f00402b0 ; c.addi  a3,4
      1440 :    #1388 0 80000088 00000511  a0=f0040760 ; c.addi  a0,4
      1441 :    #1389 0 8000008a 0000961a  a2=00000407 ; c.add   a2,t1
      1442 :    #1390 0 8000008c 00c82023              ; sw      a2,0(a6) [f0041c0c]
      1443 :    #1391 0 80000090 00000811  a6=f0041c10 ; c.addi  a6,4
      1444 :    #1392 0 80000092 ff1697e3              ; bne     a3,a7,0x80000080
      1445 :    #1393 0 80000080 00004290  a2=00000142 ; c.lw    a2,0(a3) [f00402b0]
      1446 :    #1394 0 80000082 00052303  t1=000002f1 ; lw      t1,0(a0) [f0040760]
      1447 :    #1395 0 80000086 00000691  a3=f00402b4 ; c.addi  a3,4
      1448 :    #1396 0 80000088 00000511  a0=f0040764 ; c.addi  a0,4
      1449 :    #1397 0 8000008a 0000961a  a2=00000433 ; c.add   a2,t1
      1450 :    #1398 0 8000008c 00c82023              ; sw      a2,0(a6) [f0041c10]
      1451 :    #1399 0 80000090 00000811  a6=f0041c14 ; c.addi  a6,4
      1452 :    #1400 0 80000092 ff1697e3              ; bne     a3,a7,0x80000080
      1453 :    #1401 0 80000080 00004290  a2=000003b3 ; c.lw    a2,0(a3) [f00402b4]
      1454 :    #1402 0 80000082 00052303  t1=0000007d ; lw      t1,0(a0) [f0040764]
      1455 :    #1403 0 80000086 00000691  a3=f00402b8 ; c.addi  a3,4
      1456 :    #1404 0 80000088 00000511  a0=f0040768 ; c.addi  a0,4
      1457 :    #1405 0 8000008a 0000961a  a2=00000430 ; c.add   a2,t1
      1458 :    #1406 0 8000008c 00c82023              ; sw      a2,0(a6) [f0041c14]
      1459 :    #1407 0 80000090 00000811  a6=f0041c18 ; c.addi  a6,4
      1460 :    #1408 0 80000092 ff1697e3              ; bne     a3,a7,0x80000080
      1461 :    #1409 0 80000080 00004290  a2=0000011f ; c.lw    a2,0(a3) [f00402b8]
      1462 :    #1410 0 80000082 00052303  t1=00000272 ; lw      t1,0(a0) [f0040768]
      1463 :    #1411 0 80000086 00000691  a3=f00402bc ; c.addi  a3,4
      1464 :    #1412 0 80000088 00000511  a0=f004076c ; c.addi  a0,4
      1465 :    #1413 0 8000008a 0000961a  a2=00000391 ; c.add   a2,t1
      1466 :    #1414 0 8000008c 00c82023              ; sw      a2,0(a6) [f0041c18]
      1467 :    #1415 0 80000090 00000811  a6=f0041c1c ; c.addi  a6,4
      1468 :    #1416 0 80000092 ff1697e3              ; bne     a3,a7,0x80000080
      1469 :    #1417 0 80000080 00004290  a2=00000338 ; c.lw    a2,0(a3) [f00402bc]
      1470 :    #1418 0 80000082 00052303  t1=0000000e ; lw      t1,0(a0) [f004076c]
      1471 :    #1419 0 80000086 00000691  a3=f00402c0 ; c.addi  a3,4
      1472 :    #1420 0 80000088 00000511  a0=f0040770 ; c.addi  a0,4
      1473 :    #1421 0 8000008a 0000961a  a2=00000346 ; c.add   a2,t1
      1474 :    #1422 0 8000008c 00c82023              ; sw      a2,0(a6) [f0041c1c]
      1475 :    #1423 0 80000090 00000811  a6=f0041c20 ; c.addi  a6,4
      1476 :    #1424 0 80000092 ff1697e3              ; bne     a3,a7,0x80000080
      1477 :    #1425 0 80000080 00004290  a2=00000130 ; c.lw    a2,0(a3) [f00402c0]
      1478 :    #1426 0 80000082 00052303  t1=0000000a ; lw      t1,0(a0) [f0040770]
      1479 :    #1427 0 80000086 00000691  a3=f00402c4 ; c.addi  a3,4
      1480 :    #1428 0 80000088 00000511  a0=f0040774 ; c.addi  a0,4
      1481 :    #1429 0 8000008a 0000961a  a2=0000013a ; c.add   a2,t1
      1482 :    #1430 0 8000008c 00c82023              ; sw      a2,0(a6) [f0041c20]
      1483 :    #1431 0 80000090 00000811  a6=f0041c24 ; c.addi  a6,4
      1484 :    #1432 0 80000092 ff1697e3              ; bne     a3,a7,0x80000080
      1485 :    #1433 0 80000080 00004290  a2=00000314 ; c.lw    a2,0(a3) [f00402c4]
      1486 :    #1434 0 80000082 00052303  t1=00000193 ; lw      t1,0(a0) [f0040774]
      1487 :    #1435 0 80000086 00000691  a3=f00402c8 ; c.addi  a3,4
      1488 :    #1436 0 80000088 00000511  a0=f0040778 ; c.addi  a0,4
      1489 :    #1437 0 8000008a 0000961a  a2=000004a7 ; c.add   a2,t1
      1490 :    #1438 0 8000008c 00c82023              ; sw      a2,0(a6) [f0041c24]
      1491 :    #1439 0 80000090 00000811  a6=f0041c28 ; c.addi  a6,4
      1492 :    #1440 0 80000092 ff1697e3              ; bne     a3,a7,0x80000080
      1493 :    #1441 0 80000080 00004290  a2=000002dd ; c.lw    a2,0(a3) [f00402c8]
      1494 :    #1442 0 80000082 00052303  t1=0000006a ; lw      t1,0(a0) [f0040778]
      1495 :    #1443 0 80000086 00000691  a3=f00402cc ; c.addi  a3,4
      1496 :    #1444 0 80000088 00000511  a0=f004077c ; c.addi  a0,4
      1497 :    #1445 0 8000008a 0000961a  a2=00000347 ; c.add   a2,t1
      1498 :    #1446 0 8000008c 00c82023              ; sw      a2,0(a6) [f0041c28]
      1499 :    #1447 0 80000090 00000811  a6=f0041c2c ; c.addi  a6,4
      1500 :    #1448 0 80000092 ff1697e3              ; bne     a3,a7,0x80000080
      1501 :    #1449 0 80000080 00004290  a2=000003bf ; c.lw    a2,0(a3) [f00402cc]
      1502 :    #1450 0 80000082 00052303  t1=000002bf ; lw      t1,0(a0) [f004077c]
      1503 :    #1451 0 80000086 00000691  a3=f00402d0 ; c.addi  a3,4
      1504 :    #1452 0 80000088 00000511  a0=f0040780 ; c.addi  a0,4
      1505 :    #1453 0 8000008a 0000961a  a2=0000067e ; c.add   a2,t1
      1506 :    #1454 0 8000008c 00c82023              ; sw      a2,0(a6) [f0041c2c]
      1507 :    #1455 0 80000090 00000811  a6=f0041c30 ; c.addi  a6,4
      1508 :    #1456 0 80000092 ff1697e3              ; bne     a3,a7,0x80000080
      1509 :    #1457 0 80000080 00004290  a2=0000016e ; c.lw    a2,0(a3) [f00402d0]
      1510 :    #1458 0 80000082 00052303  t1=00000332 ; lw      t1,0(a0) [f0040780]
      1511 :    #1459 0 80000086 00000691  a3=f00402d4 ; c.addi  a3,4
      1512 :    #1460 0 80000088 00000511  a0=f0040784 ; c.addi  a0,4
      1513 :    #1461 0 8000008a 0000961a  a2=000004a0 ; c.add   a2,t1
      1514 :    #1462 0 8000008c 00c82023              ; sw      a2,0(a6) [f0041c30]
      1515 :    #1463 0 80000090 00000811  a6=f0041c34 ; c.addi  a6,4
      1516 :    #1464 0 80000092 ff1697e3              ; bne     a3,a7,0x80000080
      1517 :    #1465 0 80000080 00004290  a2=000002d2 ; c.lw    a2,0(a3) [f00402d4]
      1518 :    #1466 0 80000082 00052303  t1=000003c4 ; lw      t1,0(a0) [f0040784]
      1519 :    #1467 0 80000086 00000691  a3=f00402d8 ; c.addi  a3,4
      1520 :    #1468 0 80000088 00000511  a0=f0040788 ; c.addi  a0,4
      1521 :    #1469 0 8000008a 0000961a  a2=00000696 ; c.add   a2,t1
      1522 :    #1470 0 8000008c 00c82023              ; sw      a2,0(a6) [f0041c34]
      1523 :    #1471 0 80000090 00000811  a6=f0041c38 ; c.addi  a6,4
      1524 :    #1472 0 80000092 ff1697e3              ; bne     a3,a7,0x80000080
      1525 :    #1473 0 80000080 00004290  a2=00000126 ; c.lw    a2,0(a3) [f00402d8]
      1526 :    #1474 0 80000082 00052303  t1=00000196 ; lw      t1,0(a0) [f0040788]
      1527 :    #1475 0 80000086 00000691  a3=f00402dc ; c.addi  a3,4
      1528 :    #1476 0 80000088 00000511  a0=f004078c ; c.addi  a0,4
      1529 :    #1477 0 8000008a 0000961a  a2=000002bc ; c.add   a2,t1
      1530 :    #1478 0 8000008c 00c82023              ; sw      a2,0(a6) [f0041c38]
      1531 :    #1479 0 80000090 00000811  a6=f0041c3c ; c.addi  a6,4
      1532 :    #1480 0 80000092 ff1697e3              ; bne     a3,a7,0x80000080
      1533 :    #1481 0 80000080 00004290  a2=000003cf ; c.lw    a2,0(a3) [f00402dc]
      1534 :    #1482 0 80000082 00052303  t1=0000036a ; lw      t1,0(a0) [f004078c]
      1535 :    #1483 0 80000086 00000691  a3=f00402e0 ; c.addi  a3,4
      1536 :    #1484 0 80000088 00000511  a0=f0040790 ; c.addi  a0,4
      1537 :    #1485 0 8000008a 0000961a  a2=00000739 ; c.add   a2,t1
      1538 :    #1486 0 8000008c 00c82023              ; sw      a2,0(a6) [f0041c3c]
      1539 :    #1487 0 80000090 00000811  a6=f0041c40 ; c.addi  a6,4
      1540 :    #1488 0 80000092 ff1697e3              ; bne     a3,a7,0x80000080
      1541 :    #1489 0 80000080 00004290  a2=0000028d ; c.lw    a2,0(a3) [f00402e0]
      1542 :    #1490 0 80000082 00052303  t1=00000358 ; lw      t1,0(a0) [f0040790]
      1543 :    #1491 0 80000086 00000691  a3=f00402e4 ; c.addi  a3,4
      1544 :    #1492 0 80000088 00000511  a0=f0040794 ; c.addi  a0,4
      1545 :    #1493 0 8000008a 0000961a  a2=000005e5 ; c.add   a2,t1
      1546 :    #1494 0 8000008c 00c82023              ; sw      a2,0(a6) [f0041c40]
      1547 :    #1495 0 80000090 00000811  a6=f0041c44 ; c.addi  a6,4
      1548 :    #1496 0 80000092 ff1697e3              ; bne     a3,a7,0x80000080
      1549 :    #1497 0 80000080 00004290  a2=000002ec ; c.lw    a2,0(a3) [f00402e4]
      1550 :    #1498 0 80000082 00052303  t1=00000056 ; lw      t1,0(a0) [f0040794]
      1551 :    #1499 0 80000086 00000691  a3=f00402e8 ; c.addi  a3,4
      1552 :    #1500 0 80000088 00000511  a0=f0040798 ; c.addi  a0,4
      1553 :    #1501 0 8000008a 0000961a  a2=00000342 ; c.add   a2,t1
      1554 :    #1502 0 8000008c 00c82023              ; sw      a2,0(a6) [f0041c44]
      1555 :    #1503 0 80000090 00000811  a6=f0041c48 ; c.addi  a6,4
      1556 :    #1504 0 80000092 ff1697e3              ; bne     a3,a7,0x80000080
      1557 :    #1505 0 80000080 00004290  a2=0000005b ; c.lw    a2,0(a3) [f00402e8]
      1558 :    #1506 0 80000082 00052303  t1=0000003c ; lw      t1,0(a0) [f0040798]
      1559 :    #1507 0 80000086 00000691  a3=f00402ec ; c.addi  a3,4
      1560 :    #1508 0 80000088 00000511  a0=f004079c ; c.addi  a0,4
      1561 :    #1509 0 8000008a 0000961a  a2=00000097 ; c.add   a2,t1
      1562 :    #1510 0 8000008c 00c82023              ; sw      a2,0(a6) [f0041c48]
      1563 :    #1511 0 80000090 00000811  a6=f0041c4c ; c.addi  a6,4
      1564 :    #1512 0 80000092 ff1697e3              ; bne     a3,a7,0x80000080
      1565 :    #1513 0 80000080 00004290  a2=0000017a ; c.lw    a2,0(a3) [f00402ec]
      1566 :    #1514 0 80000082 00052303  t1=00000294 ; lw      t1,0(a0) [f004079c]
      1567 :    #1515 0 80000086 00000691  a3=f00402f0 ; c.addi  a3,4
      1568 :    #1516 0 80000088 00000511  a0=f00407a0 ; c.addi  a0,4
      1569 :    #1517 0 8000008a 0000961a  a2=0000040e ; c.add   a2,t1
      1570 :    #1518 0 8000008c 00c82023              ; sw      a2,0(a6) [f0041c4c]
      1571 :    #1519 0 80000090 00000811  a6=f0041c50 ; c.addi  a6,4
      1572 :    #1520 0 80000092 ff1697e3              ; bne     a3,a7,0x80000080
      1573 :    #1521 0 80000080 00004290  a2=00000069 ; c.lw    a2,0(a3) [f00402f0]
      1574 :    #1522 0 80000082 00052303  t1=0000029b ; lw      t1,0(a0) [f00407a0]
      1575 :    #1523 0 80000086 00000691  a3=f00402f4 ; c.addi  a3,4
      1576 :    #1524 0 80000088 00000511  a0=f00407a4 ; c.addi  a0,4
      1577 :    #1525 0 8000008a 0000961a  a2=00000304 ; c.add   a2,t1
      1578 :    #1526 0 8000008c 00c82023              ; sw      a2,0(a6) [f0041c50]
      1579 :    #1527 0 80000090 00000811  a6=f0041c54 ; c.addi  a6,4
      1580 :    #1528 0 80000092 ff1697e3              ; bne     a3,a7,0x80000080
      1581 :    #1529 0 80000080 00004290  a2=00000066 ; c.lw    a2,0(a3) [f00402f4]
      1582 :    #1530 0 80000082 00052303  t1=00000099 ; lw      t1,0(a0) [f00407a4]
      1583 :    #1531 0 80000086 00000691  a3=f00402f8 ; c.addi  a3,4
      1584 :    #1532 0 80000088 00000511  a0=f00407a8 ; c.addi  a0,4
      1585 :    #1533 0 8000008a 0000961a  a2=000000ff ; c.add   a2,t1
      1586 :    #1534 0 8000008c 00c82023              ; sw      a2,0(a6) [f0041c54]
      1587 :    #1535 0 80000090 00000811  a6=f0041c58 ; c.addi  a6,4
      1588 :    #1536 0 80000092 ff1697e3              ; bne     a3,a7,0x80000080
      1589 :    #1537 0 80000080 00004290  a2=0000017d ; c.lw    a2,0(a3) [f00402f8]
      1590 :    #1538 0 80000082 00052303  t1=00000079 ; lw      t1,0(a0) [f00407a8]
      1591 :    #1539 0 80000086 00000691  a3=f00402fc ; c.addi  a3,4
      1592 :    #1540 0 80000088 00000511  a0=f00407ac ; c.addi  a0,4
      1593 :    #1541 0 8000008a 0000961a  a2=000001f6 ; c.add   a2,t1
      1594 :    #1542 0 8000008c 00c82023              ; sw      a2,0(a6) [f0041c58]
      1595 :    #1543 0 80000090 00000811  a6=f0041c5c ; c.addi  a6,4
      1596 :    #1544 0 80000092 ff1697e3              ; bne     a3,a7,0x80000080
      1597 :    #1545 0 80000080 00004290  a2=0000028b ; c.lw    a2,0(a3) [f00402fc]
      1598 :    #1546 0 80000082 00052303  t1=00000062 ; lw      t1,0(a0) [f00407ac]
      1599 :    #1547 0 80000086 00000691  a3=f0040300 ; c.addi  a3,4
      1600 :    #1548 0 80000088 00000511  a0=f00407b0 ; c.addi  a0,4
      1601 :    #1549 0 8000008a 0000961a  a2=000002ed ; c.add   a2,t1
      1602 :    #1550 0 8000008c 00c82023              ; sw      a2,0(a6) [f0041c5c]
      1603 :    #1551 0 80000090 00000811  a6=f0041c60 ; c.addi  a6,4
      1604 :    #1552 0 80000092 ff1697e3              ; bne     a3,a7,0x80000080
      1605 :    #1553 0 80000080 00004290  a2=00000339 ; c.lw    a2,0(a3) [f0040300]
      1606 :    #1554 0 80000082 00052303  t1=0000019c ; lw      t1,0(a0) [f00407b0]
      1607 :    #1555 0 80000086 00000691  a3=f0040304 ; c.addi  a3,4
      1608 :    #1556 0 80000088 00000511  a0=f00407b4 ; c.addi  a0,4
      1609 :    #1557 0 8000008a 0000961a  a2=000004d5 ; c.add   a2,t1
      1610 :    #1558 0 8000008c 00c82023              ; sw      a2,0(a6) [f0041c60]
      1611 :    #1559 0 80000090 00000811  a6=f0041c64 ; c.addi  a6,4
      1612 :    #1560 0 80000092 ff1697e3              ; bne     a3,a7,0x80000080
      1613 :    #1561 0 80000080 00004290  a2=00000348 ; c.lw    a2,0(a3) [f0040304]
      1614 :    #1562 0 80000082 00052303  t1=000000ec ; lw      t1,0(a0) [f00407b4]
      1615 :    #1563 0 80000086 00000691  a3=f0040308 ; c.addi  a3,4
      1616 :    #1564 0 80000088 00000511  a0=f00407b8 ; c.addi  a0,4
      1617 :    #1565 0 8000008a 0000961a  a2=00000434 ; c.add   a2,t1
      1618 :    #1566 0 8000008c 00c82023              ; sw      a2,0(a6) [f0041c64]
      1619 :    #1567 0 80000090 00000811  a6=f0041c68 ; c.addi  a6,4
      1620 :    #1568 0 80000092 ff1697e3              ; bne     a3,a7,0x80000080
      1621 :    #1569 0 80000080 00004290  a2=00000164 ; c.lw    a2,0(a3) [f0040308]
      1622 :    #1570 0 80000082 00052303  t1=0000000c ; lw      t1,0(a0) [f00407b8]
      1623 :    #1571 0 80000086 00000691  a3=f004030c ; c.addi  a3,4
      1624 :    #1572 0 80000088 00000511  a0=f00407bc ; c.addi  a0,4
      1625 :    #1573 0 8000008a 0000961a  a2=00000170 ; c.add   a2,t1
      1626 :    #1574 0 8000008c 00c82023              ; sw      a2,0(a6) [f0041c68]
      1627 :    #1575 0 80000090 00000811  a6=f0041c6c ; c.addi  a6,4
      1628 :    #1576 0 80000092 ff1697e3              ; bne     a3,a7,0x80000080
      1629 :    #1577 0 80000080 00004290  a2=00000094 ; c.lw    a2,0(a3) [f004030c]
      1630 :    #1578 0 80000082 00052303  t1=000001a7 ; lw      t1,0(a0) [f00407bc]
      1631 :    #1579 0 80000086 00000691  a3=f0040310 ; c.addi  a3,4
      1632 :    #1580 0 80000088 00000511  a0=f00407c0 ; c.addi  a0,4
      1633 :    #1581 0 8000008a 0000961a  a2=0000023b ; c.add   a2,t1
      1634 :    #1582 0 8000008c 00c82023              ; sw      a2,0(a6) [f0041c6c]
      1635 :    #1583 0 80000090 00000811  a6=f0041c70 ; c.addi  a6,4
      1636 :    #1584 0 80000092 ff1697e3              ; bne     a3,a7,0x80000080
      1637 :    #1585 0 80000080 00004290  a2=00000036 ; c.lw    a2,0(a3) [f0040310]
      1638 :    #1586 0 80000082 00052303  t1=000003c5 ; lw      t1,0(a0) [f00407c0]
      1639 :    #1587 0 80000086 00000691  a3=f0040314 ; c.addi  a3,4
      1640 :    #1588 0 80000088 00000511  a0=f00407c4 ; c.addi  a0,4
      1641 :    #1589 0 8000008a 0000961a  a2=000003fb ; c.add   a2,t1
      1642 :    #1590 0 8000008c 00c82023              ; sw      a2,0(a6) [f0041c70]
      1643 :    #1591 0 80000090 00000811  a6=f0041c74 ; c.addi  a6,4
      1644 :    #1592 0 80000092 ff1697e3              ; bne     a3,a7,0x80000080
      1645 :    #1593 0 80000080 00004290  a2=0000008c ; c.lw    a2,0(a3) [f0040314]
      1646 :    #1594 0 80000082 00052303  t1=000000d8 ; lw      t1,0(a0) [f00407c4]
      1647 :    #1595 0 80000086 00000691  a3=f0040318 ; c.addi  a3,4
      1648 :    #1596 0 80000088 00000511  a0=f00407c8 ; c.addi  a0,4
      1649 :    #1597 0 8000008a 0000961a  a2=00000164 ; c.add   a2,t1
      1650 :    #1598 0 8000008c 00c82023              ; sw      a2,0(a6) [f0041c74]
      1651 :    #1599 0 80000090 00000811  a6=f0041c78 ; c.addi  a6,4
      1652 :    #1600 0 80000092 ff1697e3              ; bne     a3,a7,0x80000080
      1653 :    #1601 0 80000080 00004290  a2=000003bb ; c.lw    a2,0(a3) [f0040318]
      1654 :    #1602 0 80000082 00052303  t1=0000026d ; lw      t1,0(a0) [f00407c8]
      1655 :    #1603 0 80000086 00000691  a3=f004031c ; c.addi  a3,4
      1656 :    #1604 0 80000088 00000511  a0=f00407cc ; c.addi  a0,4
      1657 :    #1605 0 8000008a 0000961a  a2=00000628 ; c.add   a2,t1
      1658 :    #1606 0 8000008c 00c82023              ; sw      a2,0(a6) [f0041c78]
      1659 :    #1607 0 80000090 00000811  a6=f0041c7c ; c.addi  a6,4
      1660 :    #1608 0 80000092 ff1697e3              ; bne     a3,a7,0x80000080
      1661 :    #1609 0 80000080 00004290  a2=00000157 ; c.lw    a2,0(a3) [f004031c]
      1662 :    #1610 0 80000082 00052303  t1=00000169 ; lw      t1,0(a0) [f00407cc]
      1663 :    #1611 0 80000086 00000691  a3=f0040320 ; c.addi  a3,4
      1664 :    #1612 0 80000088 00000511  a0=f00407d0 ; c.addi  a0,4
      1665 :    #1613 0 8000008a 0000961a  a2=000002c0 ; c.add   a2,t1
      1666 :    #1614 0 8000008c 00c82023              ; sw      a2,0(a6) [f0041c7c]
      1667 :    #1615 0 80000090 00000811  a6=f0041c80 ; c.addi  a6,4
      1668 :    #1616 0 80000092 ff1697e3              ; bne     a3,a7,0x80000080
      1669 :    #1617 0 80000080 00004290  a2=00000215 ; c.lw    a2,0(a3) [f0040320]
      1670 :    #1618 0 80000082 00052303  t1=00000399 ; lw      t1,0(a0) [f00407d0]
      1671 :    #1619 0 80000086 00000691  a3=f0040324 ; c.addi  a3,4
      1672 :    #1620 0 80000088 00000511  a0=f00407d4 ; c.addi  a0,4
      1673 :    #1621 0 8000008a 0000961a  a2=000005ae ; c.add   a2,t1
      1674 :    #1622 0 8000008c 00c82023              ; sw      a2,0(a6) [f0041c80]
      1675 :    #1623 0 80000090 00000811  a6=f0041c84 ; c.addi  a6,4
      1676 :    #1624 0 80000092 ff1697e3              ; bne     a3,a7,0x80000080
      1677 :    #1625 0 80000080 00004290  a2=000002f5 ; c.lw    a2,0(a3) [f0040324]
      1678 :    #1626 0 80000082 00052303  t1=000002cb ; lw      t1,0(a0) [f00407d4]
      1679 :    #1627 0 80000086 00000691  a3=f0040328 ; c.addi  a3,4
      1680 :    #1628 0 80000088 00000511  a0=f00407d8 ; c.addi  a0,4
      1681 :    #1629 0 8000008a 0000961a  a2=000005c0 ; c.add   a2,t1
      1682 :    #1630 0 8000008c 00c82023              ; sw      a2,0(a6) [f0041c84]
      1683 :    #1631 0 80000090 00000811  a6=f0041c88 ; c.addi  a6,4
      1684 :    #1632 0 80000092 ff1697e3              ; bne     a3,a7,0x80000080
      1685 :    #1633 0 80000080 00004290  a2=00000209 ; c.lw    a2,0(a3) [f0040328]
      1686 :    #1634 0 80000082 00052303  t1=00000287 ; lw      t1,0(a0) [f00407d8]
      1687 :    #1635 0 80000086 00000691  a3=f004032c ; c.addi  a3,4
      1688 :    #1636 0 80000088 00000511  a0=f00407dc ; c.addi  a0,4
      1689 :    #1637 0 8000008a 0000961a  a2=00000490 ; c.add   a2,t1
      1690 :    #1638 0 8000008c 00c82023              ; sw      a2,0(a6) [f0041c88]
      1691 :    #1639 0 80000090 00000811  a6=f0041c8c ; c.addi  a6,4
      1692 :    #1640 0 80000092 ff1697e3              ; bne     a3,a7,0x80000080
      1693 :    #1641 0 80000080 00004290  a2=00000345 ; c.lw    a2,0(a3) [f004032c]
      1694 :    #1642 0 80000082 00052303  t1=0000012b ; lw      t1,0(a0) [f00407dc]
      1695 :    #1643 0 80000086 00000691  a3=f0040330 ; c.addi  a3,4
      1696 :    #1644 0 80000088 00000511  a0=f00407e0 ; c.addi  a0,4
      1697 :    #1645 0 8000008a 0000961a  a2=00000470 ; c.add   a2,t1
      1698 :    #1646 0 8000008c 00c82023              ; sw      a2,0(a6) [f0041c8c]
      1699 :    #1647 0 80000090 00000811  a6=f0041c90 ; c.addi  a6,4
      1700 :    #1648 0 80000092 ff1697e3              ; bne     a3,a7,0x80000080
      1701 :    #1649 0 80000080 00004290  a2=00000250 ; c.lw    a2,0(a3) [f0040330]
      1702 :    #1650 0 80000082 00052303  t1=00000376 ; lw      t1,0(a0) [f00407e0]
      1703 :    #1651 0 80000086 00000691  a3=f0040334 ; c.addi  a3,4
      1704 :    #1652 0 80000088 00000511  a0=f00407e4 ; c.addi  a0,4
      1705 :    #1653 0 8000008a 0000961a  a2=000005c6 ; c.add   a2,t1
      1706 :    #1654 0 8000008c 00c82023              ; sw      a2,0(a6) [f0041c90]
      1707 :    #1655 0 80000090 00000811  a6=f0041c94 ; c.addi  a6,4
      1708 :    #1656 0 80000092 ff1697e3              ; bne     a3,a7,0x80000080
      1709 :    #1657 0 80000080 00004290  a2=0000000d ; c.lw    a2,0(a3) [f0040334]
      1710 :    #1658 0 80000082 00052303  t1=000002aa ; lw      t1,0(a0) [f00407e4]
      1711 :    #1659 0 80000086 00000691  a3=f0040338 ; c.addi  a3,4
      1712 :    #1660 0 80000088 00000511  a0=f00407e8 ; c.addi  a0,4
      1713 :    #1661 0 8000008a 0000961a  a2=000002b7 ; c.add   a2,t1
      1714 :    #1662 0 8000008c 00c82023              ; sw      a2,0(a6) [f0041c94]
      1715 :    #1663 0 80000090 00000811  a6=f0041c98 ; c.addi  a6,4
      1716 :    #1664 0 80000092 ff1697e3              ; bne     a3,a7,0x80000080
      1717 :    #1665 0 80000080 00004290  a2=000000ad ; c.lw    a2,0(a3) [f0040338]
      1718 :    #1666 0 80000082 00052303  t1=00000024 ; lw      t1,0(a0) [f00407e8]
      1719 :    #1667 0 80000086 00000691  a3=f004033c ; c.addi  a3,4
      1720 :    #1668 0 80000088 00000511  a0=f00407ec ; c.addi  a0,4
      1721 :    #1669 0 8000008a 0000961a  a2=000000d1 ; c.add   a2,t1
      1722 :    #1670 0 8000008c 00c82023              ; sw      a2,0(a6) [f0041c98]
      1723 :    #1671 0 80000090 00000811  a6=f0041c9c ; c.addi  a6,4
      1724 :    #1672 0 80000092 ff1697e3              ; bne     a3,a7,0x80000080
      1725 :    #1673 0 80000080 00004290  a2=0000003f ; c.lw    a2,0(a3) [f004033c]
      1726 :    #1674 0 80000082 00052303  t1=000001ed ; lw      t1,0(a0) [f00407ec]
      1727 :    #1675 0 80000086 00000691  a3=f0040340 ; c.addi  a3,4
      1728 :    #1676 0 80000088 00000511  a0=f00407f0 ; c.addi  a0,4
      1729 :    #1677 0 8000008a 0000961a  a2=0000022c ; c.add   a2,t1
      1730 :    #1678 0 8000008c 00c82023              ; sw      a2,0(a6) [f0041c9c]
      1731 :    #1679 0 80000090 00000811  a6=f0041ca0 ; c.addi  a6,4
      1732 :    #1680 0 80000092 ff1697e3              ; bne     a3,a7,0x80000080
      1733 :    #1681 0 80000080 00004290  a2=00000079 ; c.lw    a2,0(a3) [f0040340]
      1734 :    #1682 0 80000082 00052303  t1=00000227 ; lw      t1,0(a0) [f00407f0]
      1735 :    #1683 0 80000086 00000691  a3=f0040344 ; c.addi  a3,4
      1736 :    #1684 0 80000088 00000511  a0=f00407f4 ; c.addi  a0,4
      1737 :    #1685 0 8000008a 0000961a  a2=000002a0 ; c.add   a2,t1
      1738 :    #1686 0 8000008c 00c82023              ; sw      a2,0(a6) [f0041ca0]
      1739 :    #1687 0 80000090 00000811  a6=f0041ca4 ; c.addi  a6,4
      1740 :    #1688 0 80000092 ff1697e3              ; bne     a3,a7,0x80000080
      1741 :    #1689 0 80000080 00004290  a2=00000085 ; c.lw    a2,0(a3) [f0040344]
      1742 :    #1690 0 80000082 00052303  t1=00000219 ; lw      t1,0(a0) [f00407f4]
      1743 :    #1691 0 80000086 00000691  a3=f0040348 ; c.addi  a3,4
      1744 :    #1692 0 80000088 00000511  a0=f00407f8 ; c.addi  a0,4
      1745 :    #1693 0 8000008a 0000961a  a2=0000029e ; c.add   a2,t1
      1746 :    #1694 0 8000008c 00c82023              ; sw      a2,0(a6) [f0041ca4]
      1747 :    #1695 0 80000090 00000811  a6=f0041ca8 ; c.addi  a6,4
      1748 :    #1696 0 80000092 ff1697e3              ; bne     a3,a7,0x80000080
      1749 :    #1697 0 80000080 00004290  a2=000002f6 ; c.lw    a2,0(a3) [f0040348]
      1750 :    #1698 0 80000082 00052303  t1=000003c9 ; lw      t1,0(a0) [f00407f8]
      1751 :    #1699 0 80000086 00000691  a3=f004034c ; c.addi  a3,4
      1752 :    #1700 0 80000088 00000511  a0=f00407fc ; c.addi  a0,4
      1753 :    #1701 0 8000008a 0000961a  a2=000006bf ; c.add   a2,t1
      1754 :    #1702 0 8000008c 00c82023              ; sw      a2,0(a6) [f0041ca8]
      1755 :    #1703 0 80000090 00000811  a6=f0041cac ; c.addi  a6,4
      1756 :    #1704 0 80000092 ff1697e3              ; bne     a3,a7,0x80000080
      1757 :    #1705 0 80000080 00004290  a2=00000174 ; c.lw    a2,0(a3) [f004034c]
      1758 :    #1706 0 80000082 00052303  t1=00000283 ; lw      t1,0(a0) [f00407fc]
      1759 :    #1707 0 80000086 00000691  a3=f0040350 ; c.addi  a3,4
      1760 :    #1708 0 80000088 00000511  a0=f0040800 ; c.addi  a0,4
      1761 :    #1709 0 8000008a 0000961a  a2=000003f7 ; c.add   a2,t1
      1762 :    #1710 0 8000008c 00c82023              ; sw      a2,0(a6) [f0041cac]
      1763 :    #1711 0 80000090 00000811  a6=f0041cb0 ; c.addi  a6,4
      1764 :    #1712 0 80000092 ff1697e3              ; bne     a3,a7,0x80000080
      1765 :    #1713 0 80000080 00004290  a2=000003b7 ; c.lw    a2,0(a3) [f0040350]
      1766 :    #1714 0 80000082 00052303  t1=000001b2 ; lw      t1,0(a0) [f0040800]
      1767 :    #1715 0 80000086 00000691  a3=f0040354 ; c.addi  a3,4
      1768 :    #1716 0 80000088 00000511  a0=f0040804 ; c.addi  a0,4
      1769 :    #1717 0 8000008a 0000961a  a2=00000569 ; c.add   a2,t1
      1770 :    #1718 0 8000008c 00c82023              ; sw      a2,0(a6) [f0041cb0]
      1771 :    #1719 0 80000090 00000811  a6=f0041cb4 ; c.addi  a6,4
      1772 :    #1720 0 80000092 ff1697e3              ; bne     a3,a7,0x80000080
      1773 :    #1721 0 80000080 00004290  a2=00000027 ; c.lw    a2,0(a3) [f0040354]
      1774 :    #1722 0 80000082 00052303  t1=0000019f ; lw      t1,0(a0) [f0040804]
      1775 :    #1723 0 80000086 00000691  a3=f0040358 ; c.addi  a3,4
      1776 :    #1724 0 80000088 00000511  a0=f0040808 ; c.addi  a0,4
      1777 :    #1725 0 8000008a 0000961a  a2=000001c6 ; c.add   a2,t1
      1778 :    #1726 0 8000008c 00c82023              ; sw      a2,0(a6) [f0041cb4]
      1779 :    #1727 0 80000090 00000811  a6=f0041cb8 ; c.addi  a6,4
      1780 :    #1728 0 80000092 ff1697e3              ; bne     a3,a7,0x80000080
      1781 :    #1729 0 80000080 00004290  a2=00000081 ; c.lw    a2,0(a3) [f0040358]
      1782 :    #1730 0 80000082 00052303  t1=0000012f ; lw      t1,0(a0) [f0040808]
      1783 :    #1731 0 80000086 00000691  a3=f004035c ; c.addi  a3,4
      1784 :    #1732 0 80000088 00000511  a0=f004080c ; c.addi  a0,4
      1785 :    #1733 0 8000008a 0000961a  a2=000001b0 ; c.add   a2,t1
      1786 :    #1734 0 8000008c 00c82023              ; sw      a2,0(a6) [f0041cb8]
      1787 :    #1735 0 80000090 00000811  a6=f0041cbc ; c.addi  a6,4
      1788 :    #1736 0 80000092 ff1697e3              ; bne     a3,a7,0x80000080
      1789 :    #1737 0 80000080 00004290  a2=0000006e ; c.lw    a2,0(a3) [f004035c]
      1790 :    #1738 0 80000082 00052303  t1=000001b6 ; lw      t1,0(a0) [f004080c]
      1791 :    #1739 0 80000086 00000691  a3=f0040360 ; c.addi  a3,4
      1792 :    #1740 0 80000088 00000511  a0=f0040810 ; c.addi  a0,4
      1793 :    #1741 0 8000008a 0000961a  a2=00000224 ; c.add   a2,t1
      1794 :    #1742 0 8000008c 00c82023              ; sw      a2,0(a6) [f0041cbc]
      1795 :    #1743 0 80000090 00000811  a6=f0041cc0 ; c.addi  a6,4
      1796 :    #1744 0 80000092 ff1697e3              ; bne     a3,a7,0x80000080
      1797 :    #1745 0 80000080 00004290  a2=0000034f ; c.lw    a2,0(a3) [f0040360]
      1798 :    #1746 0 80000082 00052303  t1=0000035c ; lw      t1,0(a0) [f0040810]
      1799 :    #1747 0 80000086 00000691  a3=f0040364 ; c.addi  a3,4
      1800 :    #1748 0 80000088 00000511  a0=f0040814 ; c.addi  a0,4
      1801 :    #1749 0 8000008a 0000961a  a2=000006ab ; c.add   a2,t1
      1802 :    #1750 0 8000008c 00c82023              ; sw      a2,0(a6) [f0041cc0]
      1803 :    #1751 0 80000090 00000811  a6=f0041cc4 ; c.addi  a6,4
      1804 :    #1752 0 80000092 ff1697e3              ; bne     a3,a7,0x80000080
      1805 :    #1753 0 80000080 00004290  a2=000001b5 ; c.lw    a2,0(a3) [f0040364]
      1806 :    #1754 0 80000082 00052303  t1=000000cb ; lw      t1,0(a0) [f0040814]
      1807 :    #1755 0 80000086 00000691  a3=f0040368 ; c.addi  a3,4
      1808 :    #1756 0 80000088 00000511  a0=f0040818 ; c.addi  a0,4
      1809 :    #1757 0 8000008a 0000961a  a2=00000280 ; c.add   a2,t1
      1810 :    #1758 0 8000008c 00c82023              ; sw      a2,0(a6) [f0041cc4]
      1811 :    #1759 0 80000090 00000811  a6=f0041cc8 ; c.addi  a6,4
      1812 :    #1760 0 80000092 ff1697e3              ; bne     a3,a7,0x80000080
      1813 :    #1761 0 80000080 00004290  a2=000000ff ; c.lw    a2,0(a3) [f0040368]
      1814 :    #1762 0 80000082 00052303  t1=000001de ; lw      t1,0(a0) [f0040818]
      1815 :    #1763 0 80000086 00000691  a3=f004036c ; c.addi  a3,4
      1816 :    #1764 0 80000088 00000511  a0=f004081c ; c.addi  a0,4
      1817 :    #1765 0 8000008a 0000961a  a2=000002dd ; c.add   a2,t1
      1818 :    #1766 0 8000008c 00c82023              ; sw      a2,0(a6) [f0041cc8]
      1819 :    #1767 0 80000090 00000811  a6=f0041ccc ; c.addi  a6,4
      1820 :    #1768 0 80000092 ff1697e3              ; bne     a3,a7,0x80000080
      1821 :    #1769 0 80000080 00004290  a2=0000010d ; c.lw    a2,0(a3) [f004036c]
      1822 :    #1770 0 80000082 00052303  t1=000003dc ; lw      t1,0(a0) [f004081c]
      1823 :    #1771 0 80000086 00000691  a3=f0040370 ; c.addi  a3,4
      1824 :    #1772 0 80000088 00000511  a0=f0040820 ; c.addi  a0,4
      1825 :    #1773 0 8000008a 0000961a  a2=000004e9 ; c.add   a2,t1
      1826 :    #1774 0 8000008c 00c82023              ; sw      a2,0(a6) [f0041ccc]
      1827 :    #1775 0 80000090 00000811  a6=f0041cd0 ; c.addi  a6,4
      1828 :    #1776 0 80000092 ff1697e3              ; bne     a3,a7,0x80000080
      1829 :    #1777 0 80000080 00004290  a2=00000199 ; c.lw    a2,0(a3) [f0040370]
      1830 :    #1778 0 80000082 00052303  t1=000002a3 ; lw      t1,0(a0) [f0040820]
      1831 :    #1779 0 80000086 00000691  a3=f0040374 ; c.addi  a3,4
      1832 :    #1780 0 80000088 00000511  a0=f0040824 ; c.addi  a0,4
      1833 :    #1781 0 8000008a 0000961a  a2=0000043c ; c.add   a2,t1
      1834 :    #1782 0 8000008c 00c82023              ; sw      a2,0(a6) [f0041cd0]
      1835 :    #1783 0 80000090 00000811  a6=f0041cd4 ; c.addi  a6,4
      1836 :    #1784 0 80000092 ff1697e3              ; bne     a3,a7,0x80000080
      1837 :    #1785 0 80000080 00004290  a2=00000274 ; c.lw    a2,0(a3) [f0040374]
      1838 :    #1786 0 80000082 00052303  t1=000002cf ; lw      t1,0(a0) [f0040824]
      1839 :    #1787 0 80000086 00000691  a3=f0040378 ; c.addi  a3,4
      1840 :    #1788 0 80000088 00000511  a0=f0040828 ; c.addi  a0,4
      1841 :    #1789 0 8000008a 0000961a  a2=00000543 ; c.add   a2,t1
      1842 :    #1790 0 8000008c 00c82023              ; sw      a2,0(a6) [f0041cd4]
      1843 :    #1791 0 80000090 00000811  a6=f0041cd8 ; c.addi  a6,4
      1844 :    #1792 0 80000092 ff1697e3              ; bne     a3,a7,0x80000080
      1845 :    #1793 0 80000080 00004290  a2=0000018f ; c.lw    a2,0(a3) [f0040378]
      1846 :    #1794 0 80000082 00052303  t1=000003de ; lw      t1,0(a0) [f0040828]
      1847 :    #1795 0 80000086 00000691  a3=f004037c ; c.addi  a3,4
      1848 :    #1796 0 80000088 00000511  a0=f004082c ; c.addi  a0,4
      1849 :    #1797 0 8000008a 0000961a  a2=0000056d ; c.add   a2,t1
      1850 :    #1798 0 8000008c 00c82023              ; sw      a2,0(a6) [f0041cd8]
      1851 :    #1799 0 80000090 00000811  a6=f0041cdc ; c.addi  a6,4
      1852 :    #1800 0 80000092 ff1697e3              ; bne     a3,a7,0x80000080
      1853 :    #1801 0 80000080 00004290  a2=00000225 ; c.lw    a2,0(a3) [f004037c]
      1854 :    #1802 0 80000082 00052303  t1=00000152 ; lw      t1,0(a0) [f004082c]
      1855 :    #1803 0 80000086 00000691  a3=f0040380 ; c.addi  a3,4
      1856 :    #1804 0 80000088 00000511  a0=f0040830 ; c.addi  a0,4
      1857 :    #1805 0 8000008a 0000961a  a2=00000377 ; c.add   a2,t1
      1858 :    #1806 0 8000008c 00c82023              ; sw      a2,0(a6) [f0041cdc]
      1859 :    #1807 0 80000090 00000811  a6=f0041ce0 ; c.addi  a6,4
      1860 :    #1808 0 80000092 ff1697e3              ; bne     a3,a7,0x80000080
      1861 :    #1809 0 80000080 00004290  a2=000002f1 ; c.lw    a2,0(a3) [f0040380]
      1862 :    #1810 0 80000082 00052303  t1=000001c2 ; lw      t1,0(a0) [f0040830]
      1863 :    #1811 0 80000086 00000691  a3=f0040384 ; c.addi  a3,4
      1864 :    #1812 0 80000088 00000511  a0=f0040834 ; c.addi  a0,4
      1865 :    #1813 0 8000008a 0000961a  a2=000004b3 ; c.add   a2,t1
      1866 :    #1814 0 8000008c 00c82023              ; sw      a2,0(a6) [f0041ce0]
      1867 :    #1815 0 80000090 00000811  a6=f0041ce4 ; c.addi  a6,4
      1868 :    #1816 0 80000092 ff1697e3              ; bne     a3,a7,0x80000080
      1869 :    #1817 0 80000080 00004290  a2=00000234 ; c.lw    a2,0(a3) [f0040384]
      1870 :    #1818 0 80000082 00052303  t1=00000279 ; lw      t1,0(a0) [f0040834]
      1871 :    #1819 0 80000086 00000691  a3=f0040388 ; c.addi  a3,4
      1872 :    #1820 0 80000088 00000511  a0=f0040838 ; c.addi  a0,4
      1873 :    #1821 0 8000008a 0000961a  a2=000004ad ; c.add   a2,t1
      1874 :    #1822 0 8000008c 00c82023              ; sw      a2,0(a6) [f0041ce4]
      1875 :    #1823 0 80000090 00000811  a6=f0041ce8 ; c.addi  a6,4
      1876 :    #1824 0 80000092 ff1697e3              ; bne     a3,a7,0x80000080
      1877 :    #1825 0 80000080 00004290  a2=000000ab ; c.lw    a2,0(a3) [f0040388]
      1878 :    #1826 0 80000082 00052303  t1=0000009b ; lw      t1,0(a0) [f0040838]
      1879 :    #1827 0 80000086 00000691  a3=f004038c ; c.addi  a3,4
      1880 :    #1828 0 80000088 00000511  a0=f004083c ; c.addi  a0,4
      1881 :    #1829 0 8000008a 0000961a  a2=00000146 ; c.add   a2,t1
      1882 :    #1830 0 8000008c 00c82023              ; sw      a2,0(a6) [f0041ce8]
      1883 :    #1831 0 80000090 00000811  a6=f0041cec ; c.addi  a6,4
      1884 :    #1832 0 80000092 ff1697e3              ; bne     a3,a7,0x80000080
      1885 :    #1833 0 80000080 00004290  a2=00000013 ; c.lw    a2,0(a3) [f004038c]
      1886 :    #1834 0 80000082 00052303  t1=00000286 ; lw      t1,0(a0) [f004083c]
      1887 :    #1835 0 80000086 00000691  a3=f0040390 ; c.addi  a3,4
      1888 :    #1836 0 80000088 00000511  a0=f0040840 ; c.addi  a0,4
      1889 :    #1837 0 8000008a 0000961a  a2=00000299 ; c.add   a2,t1
      1890 :    #1838 0 8000008c 00c82023              ; sw      a2,0(a6) [f0041cec]
      1891 :    #1839 0 80000090 00000811  a6=f0041cf0 ; c.addi  a6,4
      1892 :    #1840 0 80000092 ff1697e3              ; bne     a3,a7,0x80000080
      1893 :    #1841 0 80000080 00004290  a2=000002d7 ; c.lw    a2,0(a3) [f0040390]
      1894 :    #1842 0 80000082 00052303  t1=000001c4 ; lw      t1,0(a0) [f0040840]
      1895 :    #1843 0 80000086 00000691  a3=f0040394 ; c.addi  a3,4
      1896 :    #1844 0 80000088 00000511  a0=f0040844 ; c.addi  a0,4
      1897 :    #1845 0 8000008a 0000961a  a2=0000049b ; c.add   a2,t1
      1898 :    #1846 0 8000008c 00c82023              ; sw      a2,0(a6) [f0041cf0]
      1899 :    #1847 0 80000090 00000811  a6=f0041cf4 ; c.addi  a6,4
      1900 :    #1848 0 80000092 ff1697e3              ; bne     a3,a7,0x80000080
      1901 :    #1849 0 80000080 00004290  a2=000001f5 ; c.lw    a2,0(a3) [f0040394]
      1902 :    #1850 0 80000082 00052303  t1=000001ab ; lw      t1,0(a0) [f0040844]
      1903 :    #1851 0 80000086 00000691  a3=f0040398 ; c.addi  a3,4
      1904 :    #1852 0 80000088 00000511  a0=f0040848 ; c.addi  a0,4
      1905 :    #1853 0 8000008a 0000961a  a2=000003a0 ; c.add   a2,t1
      1906 :    #1854 0 8000008c 00c82023              ; sw      a2,0(a6) [f0041cf4]
      1907 :    #1855 0 80000090 00000811  a6=f0041cf8 ; c.addi  a6,4
      1908 :    #1856 0 80000092 ff1697e3              ; bne     a3,a7,0x80000080
      1909 :    #1857 0 80000080 00004290  a2=00000309 ; c.lw    a2,0(a3) [f0040398]
      1910 :    #1858 0 80000082 00052303  t1=000001fd ; lw      t1,0(a0) [f0040848]
      1911 :    #1859 0 80000086 00000691  a3=f004039c ; c.addi  a3,4
      1912 :    #1860 0 80000088 00000511  a0=f004084c ; c.addi  a0,4
      1913 :    #1861 0 8000008a 0000961a  a2=00000506 ; c.add   a2,t1
      1914 :    #1862 0 8000008c 00c82023              ; sw      a2,0(a6) [f0041cf8]
      1915 :    #1863 0 80000090 00000811  a6=f0041cfc ; c.addi  a6,4
      1916 :    #1864 0 80000092 ff1697e3              ; bne     a3,a7,0x80000080
      1917 :    #1865 0 80000080 00004290  a2=0000002b ; c.lw    a2,0(a3) [f004039c]
      1918 :    #1866 0 80000082 00052303  t1=000003dc ; lw      t1,0(a0) [f004084c]
      1919 :    #1867 0 80000086 00000691  a3=f00403a0 ; c.addi  a3,4
      1920 :    #1868 0 80000088 00000511  a0=f0040850 ; c.addi  a0,4
      1921 :    #1869 0 8000008a 0000961a  a2=00000407 ; c.add   a2,t1
      1922 :    #1870 0 8000008c 00c82023              ; sw      a2,0(a6) [f0041cfc]
      1923 :    #1871 0 80000090 00000811  a6=f0041d00 ; c.addi  a6,4
      1924 :    #1872 0 80000092 ff1697e3              ; bne     a3,a7,0x80000080
      1925 :    #1873 0 80000080 00004290  a2=000002f1 ; c.lw    a2,0(a3) [f00403a0]
      1926 :    #1874 0 80000082 00052303  t1=000001aa ; lw      t1,0(a0) [f0040850]
      1927 :    #1875 0 80000086 00000691  a3=f00403a4 ; c.addi  a3,4
      1928 :    #1876 0 80000088 00000511  a0=f0040854 ; c.addi  a0,4
      1929 :    #1877 0 8000008a 0000961a  a2=0000049b ; c.add   a2,t1
      1930 :    #1878 0 8000008c 00c82023              ; sw      a2,0(a6) [f0041d00]
      1931 :    #1879 0 80000090 00000811  a6=f0041d04 ; c.addi  a6,4
      1932 :    #1880 0 80000092 ff1697e3              ; bne     a3,a7,0x80000080
      1933 :    #1881 0 80000080 00004290  a2=00000051 ; c.lw    a2,0(a3) [f00403a4]
      1934 :    #1882 0 80000082 00052303  t1=0000000c ; lw      t1,0(a0) [f0040854]
      1935 :    #1883 0 80000086 00000691  a3=f00403a8 ; c.addi  a3,4
      1936 :    #1884 0 80000088 00000511  a0=f0040858 ; c.addi  a0,4
      1937 :    #1885 0 8000008a 0000961a  a2=0000005d ; c.add   a2,t1
      1938 :    #1886 0 8000008c 00c82023              ; sw      a2,0(a6) [f0041d04]
      1939 :    #1887 0 80000090 00000811  a6=f0041d08 ; c.addi  a6,4
      1940 :    #1888 0 80000092 ff1697e3              ; bne     a3,a7,0x80000080
      1941 :    #1889 0 80000080 00004290  a2=000000ca ; c.lw    a2,0(a3) [f00403a8]
      1942 :    #1890 0 80000082 00052303  t1=000001e3 ; lw      t1,0(a0) [f0040858]
      1943 :    #1891 0 80000086 00000691  a3=f00403ac ; c.addi  a3,4
      1944 :    #1892 0 80000088 00000511  a0=f004085c ; c.addi  a0,4
      1945 :    #1893 0 8000008a 0000961a  a2=000002ad ; c.add   a2,t1
      1946 :    #1894 0 8000008c 00c82023              ; sw      a2,0(a6) [f0041d08]
      1947 :    #1895 0 80000090 00000811  a6=f0041d0c ; c.addi  a6,4
      1948 :    #1896 0 80000092 ff1697e3              ; bne     a3,a7,0x80000080
      1949 :    #1897 0 80000080 00004290  a2=00000355 ; c.lw    a2,0(a3) [f00403ac]
      1950 :    #1898 0 80000082 00052303  t1=0000008e ; lw      t1,0(a0) [f004085c]
      1951 :    #1899 0 80000086 00000691  a3=f00403b0 ; c.addi  a3,4
      1952 :    #1900 0 80000088 00000511  a0=f0040860 ; c.addi  a0,4
      1953 :    #1901 0 8000008a 0000961a  a2=000003e3 ; c.add   a2,t1
      1954 :    #1902 0 8000008c 00c82023              ; sw      a2,0(a6) [f0041d0c]
      1955 :    #1903 0 80000090 00000811  a6=f0041d10 ; c.addi  a6,4
      1956 :    #1904 0 80000092 ff1697e3              ; bne     a3,a7,0x80000080
      1957 :    #1905 0 80000080 00004290  a2=00000099 ; c.lw    a2,0(a3) [f00403b0]
      1958 :    #1906 0 80000082 00052303  t1=00000153 ; lw      t1,0(a0) [f0040860]
      1959 :    #1907 0 80000086 00000691  a3=f00403b4 ; c.addi  a3,4
      1960 :    #1908 0 80000088 00000511  a0=f0040864 ; c.addi  a0,4
      1961 :    #1909 0 8000008a 0000961a  a2=000001ec ; c.add   a2,t1
      1962 :    #1910 0 8000008c 00c82023              ; sw      a2,0(a6) [f0041d10]
      1963 :    #1911 0 80000090 00000811  a6=f0041d14 ; c.addi  a6,4
      1964 :    #1912 0 80000092 ff1697e3              ; bne     a3,a7,0x80000080
      1965 :    #1913 0 80000080 00004290  a2=000002f8 ; c.lw    a2,0(a3) [f00403b4]
      1966 :    #1914 0 80000082 00052303  t1=00000186 ; lw      t1,0(a0) [f0040864]
      1967 :    #1915 0 80000086 00000691  a3=f00403b8 ; c.addi  a3,4
      1968 :    #1916 0 80000088 00000511  a0=f0040868 ; c.addi  a0,4
      1969 :    #1917 0 8000008a 0000961a  a2=0000047e ; c.add   a2,t1
      1970 :    #1918 0 8000008c 00c82023              ; sw      a2,0(a6) [f0041d14]
      1971 :    #1919 0 80000090 00000811  a6=f0041d18 ; c.addi  a6,4
      1972 :    #1920 0 80000092 ff1697e3              ; bne     a3,a7,0x80000080
      1973 :    #1921 0 80000080 00004290  a2=00000165 ; c.lw    a2,0(a3) [f00403b8]
      1974 :    #1922 0 80000082 00052303  t1=00000032 ; lw      t1,0(a0) [f0040868]
      1975 :    #1923 0 80000086 00000691  a3=f00403bc ; c.addi  a3,4
      1976 :    #1924 0 80000088 00000511  a0=f004086c ; c.addi  a0,4
      1977 :    #1925 0 8000008a 0000961a  a2=00000197 ; c.add   a2,t1
      1978 :    #1926 0 8000008c 00c82023              ; sw      a2,0(a6) [f0041d18]
      1979 :    #1927 0 80000090 00000811  a6=f0041d1c ; c.addi  a6,4
      1980 :    #1928 0 80000092 ff1697e3              ; bne     a3,a7,0x80000080
      1981 :    #1929 0 80000080 00004290  a2=000003af ; c.lw    a2,0(a3) [f00403bc]
      1982 :    #1930 0 80000082 00052303  t1=000000ab ; lw      t1,0(a0) [f004086c]
      1983 :    #1931 0 80000086 00000691  a3=f00403c0 ; c.addi  a3,4
      1984 :    #1932 0 80000088 00000511  a0=f0040870 ; c.addi  a0,4
      1985 :    #1933 0 8000008a 0000961a  a2=0000045a ; c.add   a2,t1
      1986 :    #1934 0 8000008c 00c82023              ; sw      a2,0(a6) [f0041d1c]
      1987 :    #1935 0 80000090 00000811  a6=f0041d20 ; c.addi  a6,4
      1988 :    #1936 0 80000092 ff1697e3              ; bne     a3,a7,0x80000080
      1989 :    #1937 0 80000080 00004290  a2=0000039a ; c.lw    a2,0(a3) [f00403c0]
      1990 :    #1938 0 80000082 00052303  t1=00000259 ; lw      t1,0(a0) [f0040870]
      1991 :    #1939 0 80000086 00000691  a3=f00403c4 ; c.addi  a3,4
      1992 :    #1940 0 80000088 00000511  a0=f0040874 ; c.addi  a0,4
      1993 :    #1941 0 8000008a 0000961a  a2=000005f3 ; c.add   a2,t1
      1994 :    #1942 0 8000008c 00c82023              ; sw      a2,0(a6) [f0041d20]
      1995 :    #1943 0 80000090 00000811  a6=f0041d24 ; c.addi  a6,4
      1996 :    #1944 0 80000092 ff1697e3              ; bne     a3,a7,0x80000080
      1997 :    #1945 0 80000080 00004290  a2=00000148 ; c.lw    a2,0(a3) [f00403c4]
      1998 :    #1946 0 80000082 00052303  t1=00000069 ; lw      t1,0(a0) [f0040874]
      1999 :    #1947 0 80000086 00000691  a3=f00403c8 ; c.addi  a3,4
      2000 :    #1948 0 80000088 00000511  a0=f0040878 ; c.addi  a0,4
      2001 :    #1949 0 8000008a 0000961a  a2=000001b1 ; c.add   a2,t1
      2002 :    #1950 0 8000008c 00c82023              ; sw      a2,0(a6) [f0041d24]
      2003 :    #1951 0 80000090 00000811  a6=f0041d28 ; c.addi  a6,4
      2004 :    #1952 0 80000092 ff1697e3              ; bne     a3,a7,0x80000080
      2005 :    #1953 0 80000080 00004290  a2=000001f0 ; c.lw    a2,0(a3) [f00403c8]
      2006 :    #1954 0 80000082 00052303  t1=000003c8 ; lw      t1,0(a0) [f0040878]
      2007 :    #1955 0 80000086 00000691  a3=f00403cc ; c.addi  a3,4
      2008 :    #1956 0 80000088 00000511  a0=f004087c ; c.addi  a0,4
      2009 :    #1957 0 8000008a 0000961a  a2=000005b8 ; c.add   a2,t1
      2010 :    #1958 0 8000008c 00c82023              ; sw      a2,0(a6) [f0041d28]
      2011 :    #1959 0 80000090 00000811  a6=f0041d2c ; c.addi  a6,4
      2012 :    #1960 0 80000092 ff1697e3              ; bne     a3,a7,0x80000080
      2013 :    #1961 0 80000080 00004290  a2=000001ba ; c.lw    a2,0(a3) [f00403cc]
      2014 :    #1962 0 80000082 00052303  t1=00000079 ; lw      t1,0(a0) [f004087c]
      2015 :    #1963 0 80000086 00000691  a3=f00403d0 ; c.addi  a3,4
      2016 :    #1964 0 80000088 00000511  a0=f0040880 ; c.addi  a0,4
      2017 :    #1965 0 8000008a 0000961a  a2=00000233 ; c.add   a2,t1
      2018 :    #1966 0 8000008c 00c82023              ; sw      a2,0(a6) [f0041d2c]
      2019 :    #1967 0 80000090 00000811  a6=f0041d30 ; c.addi  a6,4
      2020 :    #1968 0 80000092 ff1697e3              ; bne     a3,a7,0x80000080
      2021 :    #1969 0 80000080 00004290  a2=00000204 ; c.lw    a2,0(a3) [f00403d0]
      2022 :    #1970 0 80000082 00052303  t1=0000036f ; lw      t1,0(a0) [f0040880]
      2023 :    #1971 0 80000086 00000691  a3=f00403d4 ; c.addi  a3,4
      2024 :    #1972 0 80000088 00000511  a0=f0040884 ; c.addi  a0,4
      2025 :    #1973 0 8000008a 0000961a  a2=00000573 ; c.add   a2,t1
      2026 :    #1974 0 8000008c 00c82023              ; sw      a2,0(a6) [f0041d30]
      2027 :    #1975 0 80000090 00000811  a6=f0041d34 ; c.addi  a6,4
      2028 :    #1976 0 80000092 ff1697e3              ; bne     a3,a7,0x80000080
      2029 :    #1977 0 80000080 00004290  a2=00000281 ; c.lw    a2,0(a3) [f00403d4]
      2030 :    #1978 0 80000082 00052303  t1=00000051 ; lw      t1,0(a0) [f0040884]
      2031 :    #1979 0 80000086 00000691  a3=f00403d8 ; c.addi  a3,4
      2032 :    #1980 0 80000088 00000511  a0=f0040888 ; c.addi  a0,4
      2033 :    #1981 0 8000008a 0000961a  a2=000002d2 ; c.add   a2,t1
      2034 :    #1982 0 8000008c 00c82023              ; sw      a2,0(a6) [f0041d34]
      2035 :    #1983 0 80000090 00000811  a6=f0041d38 ; c.addi  a6,4
      2036 :    #1984 0 80000092 ff1697e3              ; bne     a3,a7,0x80000080
      2037 :    #1985 0 80000080 00004290  a2=00000114 ; c.lw    a2,0(a3) [f00403d8]
      2038 :    #1986 0 80000082 00052303  t1=00000366 ; lw      t1,0(a0) [f0040888]
      2039 :    #1987 0 80000086 00000691  a3=f00403dc ; c.addi  a3,4
      2040 :    #1988 0 80000088 00000511  a0=f004088c ; c.addi  a0,4
      2041 :    #1989 0 8000008a 0000961a  a2=0000047a ; c.add   a2,t1
      2042 :    #1990 0 8000008c 00c82023              ; sw      a2,0(a6) [f0041d38]
      2043 :    #1991 0 80000090 00000811  a6=f0041d3c ; c.addi  a6,4
      2044 :    #1992 0 80000092 ff1697e3              ; bne     a3,a7,0x80000080
      2045 :    #1993 0 80000080 00004290  a2=00000312 ; c.lw    a2,0(a3) [f00403dc]
      2046 :    #1994 0 80000082 00052303  t1=00000258 ; lw      t1,0(a0) [f004088c]
      2047 :    #1995 0 80000086 00000691  a3=f00403e0 ; c.addi  a3,4
      2048 :    #1996 0 80000088 00000511  a0=f0040890 ; c.addi  a0,4
      2049 :    #1997 0 8000008a 0000961a  a2=0000056a ; c.add   a2,t1
      2050 :    #1998 0 8000008c 00c82023              ; sw      a2,0(a6) [f0041d3c]
      2051 :    #1999 0 80000090 00000811  a6=f0041d40 ; c.addi  a6,4
      2052 :    #2000 0 80000092 ff1697e3              ; bne     a3,a7,0x80000080
      2053 :    #2001 0 80000080 00004290  a2=00000071 ; c.lw    a2,0(a3) [f00403e0]
      2054 :    #2002 0 80000082 00052303  t1=0000025b ; lw      t1,0(a0) [f0040890]
      2055 :    #2003 0 80000086 00000691  a3=f00403e4 ; c.addi  a3,4
      2056 :    #2004 0 80000088 00000511  a0=f0040894 ; c.addi  a0,4
      2057 :    #2005 0 8000008a 0000961a  a2=000002cc ; c.add   a2,t1
      2058 :    #2006 0 8000008c 00c82023              ; sw      a2,0(a6) [f0041d40]
      2059 :    #2007 0 80000090 00000811  a6=f0041d44 ; c.addi  a6,4
      2060 :    #2008 0 80000092 ff1697e3              ; bne     a3,a7,0x80000080
      2061 :    #2009 0 80000080 00004290  a2=0000034a ; c.lw    a2,0(a3) [f00403e4]
      2062 :    #2010 0 80000082 00052303  t1=00000367 ; lw      t1,0(a0) [f0040894]
      2063 :    #2011 0 80000086 00000691  a3=f00403e8 ; c.addi  a3,4
      2064 :    #2012 0 80000088 00000511  a0=f0040898 ; c.addi  a0,4
      2065 :    #2013 0 8000008a 0000961a  a2=000006b1 ; c.add   a2,t1
      2066 :    #2014 0 8000008c 00c82023              ; sw      a2,0(a6) [f0041d44]
      2067 :    #2015 0 80000090 00000811  a6=f0041d48 ; c.addi  a6,4
      2068 :    #2016 0 80000092 ff1697e3              ; bne     a3,a7,0x80000080
      2069 :    #2017 0 80000080 00004290  a2=0000038b ; c.lw    a2,0(a3) [f00403e8]
      2070 :    #2018 0 80000082 00052303  t1=00000377 ; lw      t1,0(a0) [f0040898]
      2071 :    #2019 0 80000086 00000691  a3=f00403ec ; c.addi  a3,4
      2072 :    #2020 0 80000088 00000511  a0=f004089c ; c.addi  a0,4
      2073 :    #2021 0 8000008a 0000961a  a2=00000702 ; c.add   a2,t1
      2074 :    #2022 0 8000008c 00c82023              ; sw      a2,0(a6) [f0041d48]
      2075 :    #2023 0 80000090 00000811  a6=f0041d4c ; c.addi  a6,4
      2076 :    #2024 0 80000092 ff1697e3              ; bne     a3,a7,0x80000080
      2077 :    #2025 0 80000080 00004290  a2=00000113 ; c.lw    a2,0(a3) [f00403ec]
      2078 :    #2026 0 80000082 00052303  t1=00000262 ; lw      t1,0(a0) [f004089c]
      2079 :    #2027 0 80000086 00000691  a3=f00403f0 ; c.addi  a3,4
      2080 :    #2028 0 80000088 00000511  a0=f00408a0 ; c.addi  a0,4
      2081 :    #2029 0 8000008a 0000961a  a2=00000375 ; c.add   a2,t1
      2082 :    #2030 0 8000008c 00c82023              ; sw      a2,0(a6) [f0041d4c]
      2083 :    #2031 0 80000090 00000811  a6=f0041d50 ; c.addi  a6,4
      2084 :    #2032 0 80000092 ff1697e3              ; bne     a3,a7,0x80000080
      2085 :    #2033 0 80000080 00004290  a2=000000ed ; c.lw    a2,0(a3) [f00403f0]
      2086 :    #2034 0 80000082 00052303  t1=00000194 ; lw      t1,0(a0) [f00408a0]
      2087 :    #2035 0 80000086 00000691  a3=f00403f4 ; c.addi  a3,4
      2088 :    #2036 0 80000088 00000511  a0=f00408a4 ; c.addi  a0,4
      2089 :    #2037 0 8000008a 0000961a  a2=00000281 ; c.add   a2,t1
      2090 :    #2038 0 8000008c 00c82023              ; sw      a2,0(a6) [f0041d50]
      2091 :    #2039 0 80000090 00000811  a6=f0041d54 ; c.addi  a6,4
      2092 :    #2040 0 80000092 ff1697e3              ; bne     a3,a7,0x80000080
      2093 :    #2041 0 80000080 00004290  a2=00000020 ; c.lw    a2,0(a3) [f00403f4]
      2094 :    #2042 0 80000082 00052303  t1=000000ea ; lw      t1,0(a0) [f00408a4]
      2095 :    #2043 0 80000086 00000691  a3=f00403f8 ; c.addi  a3,4
      2096 :    #2044 0 80000088 00000511  a0=f00408a8 ; c.addi  a0,4
      2097 :    #2045 0 8000008a 0000961a  a2=0000010a ; c.add   a2,t1
      2098 :    #2046 0 8000008c 00c82023              ; sw      a2,0(a6) [f0041d54]
      2099 :    #2047 0 80000090 00000811  a6=f0041d58 ; c.addi  a6,4
      2100 :    #2048 0 80000092 ff1697e3              ; bne     a3,a7,0x80000080
      2101 :    #2049 0 80000080 00004290  a2=00000310 ; c.lw    a2,0(a3) [f00403f8]
      2102 :    #2050 0 80000082 00052303  t1=000002e9 ; lw      t1,0(a0) [f00408a8]
      2103 :    #2051 0 80000086 00000691  a3=f00403fc ; c.addi  a3,4
      2104 :    #2052 0 80000088 00000511  a0=f00408ac ; c.addi  a0,4
      2105 :    #2053 0 8000008a 0000961a  a2=000005f9 ; c.add   a2,t1
      2106 :    #2054 0 8000008c 00c82023              ; sw      a2,0(a6) [f0041d58]
      2107 :    #2055 0 80000090 00000811  a6=f0041d5c ; c.addi  a6,4
      2108 :    #2056 0 80000092 ff1697e3              ; bne     a3,a7,0x80000080
      2109 :    #2057 0 80000080 00004290  a2=00000235 ; c.lw    a2,0(a3) [f00403fc]
      2110 :    #2058 0 80000082 00052303  t1=0000020e ; lw      t1,0(a0) [f00408ac]
      2111 :    #2059 0 80000086 00000691  a3=f0040400 ; c.addi  a3,4
      2112 :    #2060 0 80000088 00000511  a0=f00408b0 ; c.addi  a0,4
      2113 :    #2061 0 8000008a 0000961a  a2=00000443 ; c.add   a2,t1
      2114 :    #2062 0 8000008c 00c82023              ; sw      a2,0(a6) [f0041d5c]
      2115 :    #2063 0 80000090 00000811  a6=f0041d60 ; c.addi  a6,4
      2116 :    #2064 0 80000092 ff1697e3              ; bne     a3,a7,0x80000080
      2117 :    #2065 0 80000080 00004290  a2=00000165 ; c.lw    a2,0(a3) [f0040400]
      2118 :    #2066 0 80000082 00052303  t1=00000113 ; lw      t1,0(a0) [f00408b0]
      2119 :    #2067 0 80000086 00000691  a3=f0040404 ; c.addi  a3,4
      2120 :    #2068 0 80000088 00000511  a0=f00408b4 ; c.addi  a0,4
      2121 :    #2069 0 8000008a 0000961a  a2=00000278 ; c.add   a2,t1
      2122 :    #2070 0 8000008c 00c82023              ; sw      a2,0(a6) [f0041d60]
      2123 :    #2071 0 80000090 00000811  a6=f0041d64 ; c.addi  a6,4
      2124 :    #2072 0 80000092 ff1697e3              ; bne     a3,a7,0x80000080
      2125 :    #2073 0 80000080 00004290  a2=00000323 ; c.lw    a2,0(a3) [f0040404]
      2126 :    #2074 0 80000082 00052303  t1=000001b9 ; lw      t1,0(a0) [f00408b4]
      2127 :    #2075 0 80000086 00000691  a3=f0040408 ; c.addi  a3,4
      2128 :    #2076 0 80000088 00000511  a0=f00408b8 ; c.addi  a0,4
      2129 :    #2077 0 8000008a 0000961a  a2=000004dc ; c.add   a2,t1
      2130 :    #2078 0 8000008c 00c82023              ; sw      a2,0(a6) [f0041d64]
      2131 :    #2079 0 80000090 00000811  a6=f0041d68 ; c.addi  a6,4
      2132 :    #2080 0 80000092 ff1697e3              ; bne     a3,a7,0x80000080
      2133 :    #2081 0 80000080 00004290  a2=00000333 ; c.lw    a2,0(a3) [f0040408]
      2134 :    #2082 0 80000082 00052303  t1=000000e2 ; lw      t1,0(a0) [f00408b8]
      2135 :    #2083 0 80000086 00000691  a3=f004040c ; c.addi  a3,4
      2136 :    #2084 0 80000088 00000511  a0=f00408bc ; c.addi  a0,4
      2137 :    #2085 0 8000008a 0000961a  a2=00000415 ; c.add   a2,t1
      2138 :    #2086 0 8000008c 00c82023              ; sw      a2,0(a6) [f0041d68]
      2139 :    #2087 0 80000090 00000811  a6=f0041d6c ; c.addi  a6,4
      2140 :    #2088 0 80000092 ff1697e3              ; bne     a3,a7,0x80000080
      2141 :    #2089 0 80000080 00004290  a2=000002ef ; c.lw    a2,0(a3) [f004040c]
      2142 :    #2090 0 80000082 00052303  t1=000002f0 ; lw      t1,0(a0) [f00408bc]
      2143 :    #2091 0 80000086 00000691  a3=f0040410 ; c.addi  a3,4
      2144 :    #2092 0 80000088 00000511  a0=f00408c0 ; c.addi  a0,4
      2145 :    #2093 0 8000008a 0000961a  a2=000005df ; c.add   a2,t1
      2146 :    #2094 0 8000008c 00c82023              ; sw      a2,0(a6) [f0041d6c]
      2147 :    #2095 0 80000090 00000811  a6=f0041d70 ; c.addi  a6,4
      2148 :    #2096 0 80000092 ff1697e3              ; bne     a3,a7,0x80000080
      2149 :    #2097 0 80000080 00004290  a2=00000118 ; c.lw    a2,0(a3) [f0040410]
      2150 :    #2098 0 80000082 00052303  t1=000003af ; lw      t1,0(a0) [f00408c0]
      2151 :    #2099 0 80000086 00000691  a3=f0040414 ; c.addi  a3,4
      2152 :    #2100 0 80000088 00000511  a0=f00408c4 ; c.addi  a0,4
      2153 :    #2101 0 8000008a 0000961a  a2=000004c7 ; c.add   a2,t1
      2154 :    #2102 0 8000008c 00c82023              ; sw      a2,0(a6) [f0041d70]
      2155 :    #2103 0 80000090 00000811  a6=f0041d74 ; c.addi  a6,4
      2156 :    #2104 0 80000092 ff1697e3              ; bne     a3,a7,0x80000080
      2157 :    #2105 0 80000080 00004290  a2=00000055 ; c.lw    a2,0(a3) [f0040414]
      2158 :    #2106 0 80000082 00052303  t1=000002d6 ; lw      t1,0(a0) [f00408c4]
      2159 :    #2107 0 80000086 00000691  a3=f0040418 ; c.addi  a3,4
      2160 :    #2108 0 80000088 00000511  a0=f00408c8 ; c.addi  a0,4
      2161 :    #2109 0 8000008a 0000961a  a2=0000032b ; c.add   a2,t1
      2162 :    #2110 0 8000008c 00c82023              ; sw      a2,0(a6) [f0041d74]
      2163 :    #2111 0 80000090 00000811  a6=f0041d78 ; c.addi  a6,4
      2164 :    #2112 0 80000092 ff1697e3              ; bne     a3,a7,0x80000080
      2165 :    #2113 0 80000080 00004290  a2=000001ca ; c.lw    a2,0(a3) [f0040418]
      2166 :    #2114 0 80000082 00052303  t1=000002c5 ; lw      t1,0(a0) [f00408c8]
      2167 :    #2115 0 80000086 00000691  a3=f004041c ; c.addi  a3,4
      2168 :    #2116 0 80000088 00000511  a0=f00408cc ; c.addi  a0,4
      2169 :    #2117 0 8000008a 0000961a  a2=0000048f ; c.add   a2,t1
      2170 :    #2118 0 8000008c 00c82023              ; sw      a2,0(a6) [f0041d78]
      2171 :    #2119 0 80000090 00000811  a6=f0041d7c ; c.addi  a6,4
      2172 :    #2120 0 80000092 ff1697e3              ; bne     a3,a7,0x80000080
      2173 :    #2121 0 80000080 00004290  a2=000001c6 ; c.lw    a2,0(a3) [f004041c]
      2174 :    #2122 0 80000082 00052303  t1=000000c9 ; lw      t1,0(a0) [f00408cc]
      2175 :    #2123 0 80000086 00000691  a3=f0040420 ; c.addi  a3,4
      2176 :    #2124 0 80000088 00000511  a0=f00408d0 ; c.addi  a0,4
      2177 :    #2125 0 8000008a 0000961a  a2=0000028f ; c.add   a2,t1
      2178 :    #2126 0 8000008c 00c82023              ; sw      a2,0(a6) [f0041d7c]
      2179 :    #2127 0 80000090 00000811  a6=f0041d80 ; c.addi  a6,4
      2180 :    #2128 0 80000092 ff1697e3              ; bne     a3,a7,0x80000080
      2181 :    #2129 0 80000080 00004290  a2=000002c6 ; c.lw    a2,0(a3) [f0040420]
      2182 :    #2130 0 80000082 00052303  t1=00000036 ; lw      t1,0(a0) [f00408d0]
      2183 :    #2131 0 80000086 00000691  a3=f0040424 ; c.addi  a3,4
      2184 :    #2132 0 80000088 00000511  a0=f00408d4 ; c.addi  a0,4
      2185 :    #2133 0 8000008a 0000961a  a2=000002fc ; c.add   a2,t1
      2186 :    #2134 0 8000008c 00c82023              ; sw      a2,0(a6) [f0041d80]
      2187 :    #2135 0 80000090 00000811  a6=f0041d84 ; c.addi  a6,4
      2188 :    #2136 0 80000092 ff1697e3              ; bne     a3,a7,0x80000080
      2189 :    #2137 0 80000080 00004290  a2=000001cb ; c.lw    a2,0(a3) [f0040424]
      2190 :    #2138 0 80000082 00052303  t1=000002f6 ; lw      t1,0(a0) [f00408d4]
      2191 :    #2139 0 80000086 00000691  a3=f0040428 ; c.addi  a3,4
      2192 :    #2140 0 80000088 00000511  a0=f00408d8 ; c.addi  a0,4
      2193 :    #2141 0 8000008a 0000961a  a2=000004c1 ; c.add   a2,t1
      2194 :    #2142 0 8000008c 00c82023              ; sw      a2,0(a6) [f0041d84]
      2195 :    #2143 0 80000090 00000811  a6=f0041d88 ; c.addi  a6,4
      2196 :    #2144 0 80000092 ff1697e3              ; bne     a3,a7,0x80000080
      2197 :    #2145 0 80000080 00004290  a2=00000029 ; c.lw    a2,0(a3) [f0040428]
      2198 :    #2146 0 80000082 00052303  t1=00000035 ; lw      t1,0(a0) [f00408d8]
      2199 :    #2147 0 80000086 00000691  a3=f004042c ; c.addi  a3,4
      2200 :    #2148 0 80000088 00000511  a0=f00408dc ; c.addi  a0,4
      2201 :    #2149 0 8000008a 0000961a  a2=0000005e ; c.add   a2,t1
      2202 :    #2150 0 8000008c 00c82023              ; sw      a2,0(a6) [f0041d88]
      2203 :    #2151 0 80000090 00000811  a6=f0041d8c ; c.addi  a6,4
      2204 :    #2152 0 80000092 ff1697e3              ; bne     a3,a7,0x80000080
      2205 :    #2153 0 80000080 00004290  a2=000000fd ; c.lw    a2,0(a3) [f004042c]
      2206 :    #2154 0 80000082 00052303  t1=0000018d ; lw      t1,0(a0) [f00408dc]
      2207 :    #2155 0 80000086 00000691  a3=f0040430 ; c.addi  a3,4
      2208 :    #2156 0 80000088 00000511  a0=f00408e0 ; c.addi  a0,4
      2209 :    #2157 0 8000008a 0000961a  a2=0000028a ; c.add   a2,t1
      2210 :    #2158 0 8000008c 00c82023              ; sw      a2,0(a6) [f0041d8c]
      2211 :    #2159 0 80000090 00000811  a6=f0041d90 ; c.addi  a6,4
      2212 :    #2160 0 80000092 ff1697e3              ; bne     a3,a7,0x80000080
      2213 :    #2161 0 80000080 00004290  a2=00000179 ; c.lw    a2,0(a3) [f0040430]
      2214 :    #2162 0 80000082 00052303  t1=00000029 ; lw      t1,0(a0) [f00408e0]
      2215 :    #2163 0 80000086 00000691  a3=f0040434 ; c.addi  a3,4
      2216 :    #2164 0 80000088 00000511  a0=f00408e4 ; c.addi  a0,4
      2217 :    #2165 0 8000008a 0000961a  a2=000001a2 ; c.add   a2,t1
      2218 :    #2166 0 8000008c 00c82023              ; sw      a2,0(a6) [f0041d90]
      2219 :    #2167 0 80000090 00000811  a6=f0041d94 ; c.addi  a6,4
      2220 :    #2168 0 80000092 ff1697e3              ; bne     a3,a7,0x80000080
      2221 :    #2169 0 80000080 00004290  a2=000001fc ; c.lw    a2,0(a3) [f0040434]
      2222 :    #2170 0 80000082 00052303  t1=0000008d ; lw      t1,0(a0) [f00408e4]
      2223 :    #2171 0 80000086 00000691  a3=f0040438 ; c.addi  a3,4
      2224 :    #2172 0 80000088 00000511  a0=f00408e8 ; c.addi  a0,4
      2225 :    #2173 0 8000008a 0000961a  a2=00000289 ; c.add   a2,t1
      2226 :    #2174 0 8000008c 00c82023              ; sw      a2,0(a6) [f0041d94]
      2227 :    #2175 0 80000090 00000811  a6=f0041d98 ; c.addi  a6,4
      2228 :    #2176 0 80000092 ff1697e3              ; bne     a3,a7,0x80000080
      2229 :    #2177 0 80000080 00004290  a2=000002bc ; c.lw    a2,0(a3) [f0040438]
      2230 :    #2178 0 80000082 00052303  t1=000001a0 ; lw      t1,0(a0) [f00408e8]
      2231 :    #2179 0 80000086 00000691  a3=f004043c ; c.addi  a3,4
      2232 :    #2180 0 80000088 00000511  a0=f00408ec ; c.addi  a0,4
      2233 :    #2181 0 8000008a 0000961a  a2=0000045c ; c.add   a2,t1
      2234 :    #2182 0 8000008c 00c82023              ; sw      a2,0(a6) [f0041d98]
      2235 :    #2183 0 80000090 00000811  a6=f0041d9c ; c.addi  a6,4
      2236 :    #2184 0 80000092 ff1697e3              ; bne     a3,a7,0x80000080
      2237 :    #2185 0 80000080 00004290  a2=0000035c ; c.lw    a2,0(a3) [f004043c]
      2238 :    #2186 0 80000082 00052303  t1=000002eb ; lw      t1,0(a0) [f00408ec]
      2239 :    #2187 0 80000086 00000691  a3=f0040440 ; c.addi  a3,4
      2240 :    #2188 0 80000088 00000511  a0=f00408f0 ; c.addi  a0,4
      2241 :    #2189 0 8000008a 0000961a  a2=00000647 ; c.add   a2,t1
      2242 :    #2190 0 8000008c 00c82023              ; sw      a2,0(a6) [f0041d9c]
      2243 :    #2191 0 80000090 00000811  a6=f0041da0 ; c.addi  a6,4
      2244 :    #2192 0 80000092 ff1697e3              ; bne     a3,a7,0x80000080
      2245 :    #2193 0 80000080 00004290  a2=000001e0 ; c.lw    a2,0(a3) [f0040440]
      2246 :    #2194 0 80000082 00052303  t1=000000db ; lw      t1,0(a0) [f00408f0]
      2247 :    #2195 0 80000086 00000691  a3=f0040444 ; c.addi  a3,4
      2248 :    #2196 0 80000088 00000511  a0=f00408f4 ; c.addi  a0,4
      2249 :    #2197 0 8000008a 0000961a  a2=000002bb ; c.add   a2,t1
      2250 :    #2198 0 8000008c 00c82023              ; sw      a2,0(a6) [f0041da0]
      2251 :    #2199 0 80000090 00000811  a6=f0041da4 ; c.addi  a6,4
      2252 :    #2200 0 80000092 ff1697e3              ; bne     a3,a7,0x80000080
      2253 :    #2201 0 80000080 00004290  a2=000002e5 ; c.lw    a2,0(a3) [f0040444]
      2254 :    #2202 0 80000082 00052303  t1=000001de ; lw      t1,0(a0) [f00408f4]
      2255 :    #2203 0 80000086 00000691  a3=f0040448 ; c.addi  a3,4
      2256 :    #2204 0 80000088 00000511  a0=f00408f8 ; c.addi  a0,4
      2257 :    #2205 0 8000008a 0000961a  a2=000004c3 ; c.add   a2,t1
      2258 :    #2206 0 8000008c 00c82023              ; sw      a2,0(a6) [f0041da4]
      2259 :    #2207 0 80000090 00000811  a6=f0041da8 ; c.addi  a6,4
      2260 :    #2208 0 80000092 ff1697e3              ; bne     a3,a7,0x80000080
      2261 :    #2209 0 80000080 00004290  a2=000001f3 ; c.lw    a2,0(a3) [f0040448]
      2262 :    #2210 0 80000082 00052303  t1=00000302 ; lw      t1,0(a0) [f00408f8]
      2263 :    #2211 0 80000086 00000691  a3=f004044c ; c.addi  a3,4
      2264 :    #2212 0 80000088 00000511  a0=f00408fc ; c.addi  a0,4
      2265 :    #2213 0 8000008a 0000961a  a2=000004f5 ; c.add   a2,t1
      2266 :    #2214 0 8000008c 00c82023              ; sw      a2,0(a6) [f0041da8]
      2267 :    #2215 0 80000090 00000811  a6=f0041dac ; c.addi  a6,4
      2268 :    #2216 0 80000092 ff1697e3              ; bne     a3,a7,0x80000080
      2269 :    #2217 0 80000080 00004290  a2=000002c5 ; c.lw    a2,0(a3) [f004044c]
      2270 :    #2218 0 80000082 00052303  t1=000000b4 ; lw      t1,0(a0) [f00408fc]
      2271 :    #2219 0 80000086 00000691  a3=f0040450 ; c.addi  a3,4
      2272 :    #2220 0 80000088 00000511  a0=f0040900 ; c.addi  a0,4
      2273 :    #2221 0 8000008a 0000961a  a2=00000379 ; c.add   a2,t1
      2274 :    #2222 0 8000008c 00c82023              ; sw      a2,0(a6) [f0041dac]
      2275 :    #2223 0 80000090 00000811  a6=f0041db0 ; c.addi  a6,4
      2276 :    #2224 0 80000092 ff1697e3              ; bne     a3,a7,0x80000080
      2277 :    #2225 0 80000080 00004290  a2=00000031 ; c.lw    a2,0(a3) [f0040450]
      2278 :    #2226 0 80000082 00052303  t1=000001e2 ; lw      t1,0(a0) [f0040900]
      2279 :    #2227 0 80000086 00000691  a3=f0040454 ; c.addi  a3,4
      2280 :    #2228 0 80000088 00000511  a0=f0040904 ; c.addi  a0,4
      2281 :    #2229 0 8000008a 0000961a  a2=00000213 ; c.add   a2,t1
      2282 :    #2230 0 8000008c 00c82023              ; sw      a2,0(a6) [f0041db0]
      2283 :    #2231 0 80000090 00000811  a6=f0041db4 ; c.addi  a6,4
      2284 :    #2232 0 80000092 ff1697e3              ; bne     a3,a7,0x80000080
      2285 :    #2233 0 80000080 00004290  a2=00000173 ; c.lw    a2,0(a3) [f0040454]
      2286 :    #2234 0 80000082 00052303  t1=000002b3 ; lw      t1,0(a0) [f0040904]
      2287 :    #2235 0 80000086 00000691  a3=f0040458 ; c.addi  a3,4
      2288 :    #2236 0 80000088 00000511  a0=f0040908 ; c.addi  a0,4
      2289 :    #2237 0 8000008a 0000961a  a2=00000426 ; c.add   a2,t1
      2290 :    #2238 0 8000008c 00c82023              ; sw      a2,0(a6) [f0041db4]
      2291 :    #2239 0 80000090 00000811  a6=f0041db8 ; c.addi  a6,4
      2292 :    #2240 0 80000092 ff1697e3              ; bne     a3,a7,0x80000080
      2293 :    #2241 0 80000080 00004290  a2=00000369 ; c.lw    a2,0(a3) [f0040458]
      2294 :    #2242 0 80000082 00052303  t1=000002d5 ; lw      t1,0(a0) [f0040908]
      2295 :    #2243 0 80000086 00000691  a3=f004045c ; c.addi  a3,4
      2296 :    #2244 0 80000088 00000511  a0=f004090c ; c.addi  a0,4
      2297 :    #2245 0 8000008a 0000961a  a2=0000063e ; c.add   a2,t1
      2298 :    #2246 0 8000008c 00c82023              ; sw      a2,0(a6) [f0041db8]
      2299 :    #2247 0 80000090 00000811  a6=f0041dbc ; c.addi  a6,4
      2300 :    #2248 0 80000092 ff1697e3              ; bne     a3,a7,0x80000080
      2301 :    #2249 0 80000080 00004290  a2=000003b1 ; c.lw    a2,0(a3) [f004045c]
      2302 :    #2250 0 80000082 00052303  t1=000000ad ; lw      t1,0(a0) [f004090c]
      2303 :    #2251 0 80000086 00000691  a3=f0040460 ; c.addi  a3,4
      2304 :    #2252 0 80000088 00000511  a0=f0040910 ; c.addi  a0,4
      2305 :    #2253 0 8000008a 0000961a  a2=0000045e ; c.add   a2,t1
      2306 :    #2254 0 8000008c 00c82023              ; sw      a2,0(a6) [f0041dbc]
      2307 :    #2255 0 80000090 00000811  a6=f0041dc0 ; c.addi  a6,4
      2308 :    #2256 0 80000092 ff1697e3              ; bne     a3,a7,0x80000080
      2309 :    #2257 0 80000080 00004290  a2=000003e0 ; c.lw    a2,0(a3) [f0040460]
      2310 :    #2258 0 80000082 00052303  t1=000000ba ; lw      t1,0(a0) [f0040910]
      2311 :    #2259 0 80000086 00000691  a3=f0040464 ; c.addi  a3,4
      2312 :    #2260 0 80000088 00000511  a0=f0040914 ; c.addi  a0,4
      2313 :    #2261 0 8000008a 0000961a  a2=0000049a ; c.add   a2,t1
      2314 :    #2262 0 8000008c 00c82023              ; sw      a2,0(a6) [f0041dc0]
      2315 :    #2263 0 80000090 00000811  a6=f0041dc4 ; c.addi  a6,4
      2316 :    #2264 0 80000092 ff1697e3              ; bne     a3,a7,0x80000080
      2317 :    #2265 0 80000080 00004290  a2=0000020e ; c.lw    a2,0(a3) [f0040464]
      2318 :    #2266 0 80000082 00052303  t1=00000392 ; lw      t1,0(a0) [f0040914]
      2319 :    #2267 0 80000086 00000691  a3=f0040468 ; c.addi  a3,4
      2320 :    #2268 0 80000088 00000511  a0=f0040918 ; c.addi  a0,4
      2321 :    #2269 0 8000008a 0000961a  a2=000005a0 ; c.add   a2,t1
      2322 :    #2270 0 8000008c 00c82023              ; sw      a2,0(a6) [f0041dc4]
      2323 :    #2271 0 80000090 00000811  a6=f0041dc8 ; c.addi  a6,4
      2324 :    #2272 0 80000092 ff1697e3              ; bne     a3,a7,0x80000080
      2325 :    #2273 0 80000080 00004290  a2=000002d1 ; c.lw    a2,0(a3) [f0040468]
      2326 :    #2274 0 80000082 00052303  t1=00000001 ; lw      t1,0(a0) [f0040918]
      2327 :    #2275 0 80000086 00000691  a3=f004046c ; c.addi  a3,4
      2328 :    #2276 0 80000088 00000511  a0=f004091c ; c.addi  a0,4
      2329 :    #2277 0 8000008a 0000961a  a2=000002d2 ; c.add   a2,t1
      2330 :    #2278 0 8000008c 00c82023              ; sw      a2,0(a6) [f0041dc8]
      2331 :    #2279 0 80000090 00000811  a6=f0041dcc ; c.addi  a6,4
      2332 :    #2280 0 80000092 ff1697e3              ; bne     a3,a7,0x80000080
      2333 :    #2281 0 80000080 00004290  a2=000001b3 ; c.lw    a2,0(a3) [f004046c]
      2334 :    #2282 0 80000082 00052303  t1=000003c3 ; lw      t1,0(a0) [f004091c]
      2335 :    #2283 0 80000086 00000691  a3=f0040470 ; c.addi  a3,4
      2336 :    #2284 0 80000088 00000511  a0=f0040920 ; c.addi  a0,4
      2337 :    #2285 0 8000008a 0000961a  a2=00000576 ; c.add   a2,t1
      2338 :    #2286 0 8000008c 00c82023              ; sw      a2,0(a6) [f0041dcc]
      2339 :    #2287 0 80000090 00000811  a6=f0041dd0 ; c.addi  a6,4
      2340 :    #2288 0 80000092 ff1697e3              ; bne     a3,a7,0x80000080
      2341 :    #2289 0 80000080 00004290  a2=000000e8 ; c.lw    a2,0(a3) [f0040470]
      2342 :    #2290 0 80000082 00052303  t1=000000f7 ; lw      t1,0(a0) [f0040920]
      2343 :    #2291 0 80000086 00000691  a3=f0040474 ; c.addi  a3,4
      2344 :    #2292 0 80000088 00000511  a0=f0040924 ; c.addi  a0,4
      2345 :    #2293 0 8000008a 0000961a  a2=000001df ; c.add   a2,t1
      2346 :    #2294 0 8000008c 00c82023              ; sw      a2,0(a6) [f0041dd0]
      2347 :    #2295 0 80000090 00000811  a6=f0041dd4 ; c.addi  a6,4
      2348 :    #2296 0 80000092 ff1697e3              ; bne     a3,a7,0x80000080
      2349 :    #2297 0 80000080 00004290  a2=000001f1 ; c.lw    a2,0(a3) [f0040474]
      2350 :    #2298 0 80000082 00052303  t1=000001d0 ; lw      t1,0(a0) [f0040924]
      2351 :    #2299 0 80000086 00000691  a3=f0040478 ; c.addi  a3,4
      2352 :    #2300 0 80000088 00000511  a0=f0040928 ; c.addi  a0,4
      2353 :    #2301 0 8000008a 0000961a  a2=000003c1 ; c.add   a2,t1
      2354 :    #2302 0 8000008c 00c82023              ; sw      a2,0(a6) [f0041dd4]
      2355 :    #2303 0 80000090 00000811  a6=f0041dd8 ; c.addi  a6,4
      2356 :    #2304 0 80000092 ff1697e3              ; bne     a3,a7,0x80000080
      2357 :    #2305 0 80000080 00004290  a2=000002b9 ; c.lw    a2,0(a3) [f0040478]
      2358 :    #2306 0 80000082 00052303  t1=0000016a ; lw      t1,0(a0) [f0040928]
      2359 :    #2307 0 80000086 00000691  a3=f004047c ; c.addi  a3,4
      2360 :    #2308 0 80000088 00000511  a0=f004092c ; c.addi  a0,4
      2361 :    #2309 0 8000008a 0000961a  a2=00000423 ; c.add   a2,t1
      2362 :    #2310 0 8000008c 00c82023              ; sw      a2,0(a6) [f0041dd8]
      2363 :    #2311 0 80000090 00000811  a6=f0041ddc ; c.addi  a6,4
      2364 :    #2312 0 80000092 ff1697e3              ; bne     a3,a7,0x80000080
      2365 :    #2313 0 80000080 00004290  a2=0000001e ; c.lw    a2,0(a3) [f004047c]
      2366 :    #2314 0 80000082 00052303  t1=00000209 ; lw      t1,0(a0) [f004092c]
      2367 :    #2315 0 80000086 00000691  a3=f0040480 ; c.addi  a3,4
      2368 :    #2316 0 80000088 00000511  a0=f0040930 ; c.addi  a0,4
      2369 :    #2317 0 8000008a 0000961a  a2=00000227 ; c.add   a2,t1
      2370 :    #2318 0 8000008c 00c82023              ; sw      a2,0(a6) [f0041ddc]
      2371 :    #2319 0 80000090 00000811  a6=f0041de0 ; c.addi  a6,4
      2372 :    #2320 0 80000092 ff1697e3              ; bne     a3,a7,0x80000080
      2373 :    #2321 0 80000080 00004290  a2=0000015c ; c.lw    a2,0(a3) [f0040480]
      2374 :    #2322 0 80000082 00052303  t1=000000e9 ; lw      t1,0(a0) [f0040930]
      2375 :    #2323 0 80000086 00000691  a3=f0040484 ; c.addi  a3,4
      2376 :    #2324 0 80000088 00000511  a0=f0040934 ; c.addi  a0,4
      2377 :    #2325 0 8000008a 0000961a  a2=00000245 ; c.add   a2,t1
      2378 :    #2326 0 8000008c 00c82023              ; sw      a2,0(a6) [f0041de0]
      2379 :    #2327 0 80000090 00000811  a6=f0041de4 ; c.addi  a6,4
      2380 :    #2328 0 80000092 ff1697e3              ; bne     a3,a7,0x80000080
      2381 :    #2329 0 80000080 00004290  a2=000000fa ; c.lw    a2,0(a3) [f0040484]
      2382 :    #2330 0 80000082 00052303  t1=00000078 ; lw      t1,0(a0) [f0040934]
      2383 :    #2331 0 80000086 00000691  a3=f0040488 ; c.addi  a3,4
      2384 :    #2332 0 80000088 00000511  a0=f0040938 ; c.addi  a0,4
      2385 :    #2333 0 8000008a 0000961a  a2=00000172 ; c.add   a2,t1
      2386 :    #2334 0 8000008c 00c82023              ; sw      a2,0(a6) [f0041de4]
      2387 :    #2335 0 80000090 00000811  a6=f0041de8 ; c.addi  a6,4
      2388 :    #2336 0 80000092 ff1697e3              ; bne     a3,a7,0x80000080
      2389 :    #2337 0 80000080 00004290  a2=0000015e ; c.lw    a2,0(a3) [f0040488]
      2390 :    #2338 0 80000082 00052303  t1=00000028 ; lw      t1,0(a0) [f0040938]
      2391 :    #2339 0 80000086 00000691  a3=f004048c ; c.addi  a3,4
      2392 :    #2340 0 80000088 00000511  a0=f004093c ; c.addi  a0,4
      2393 :    #2341 0 8000008a 0000961a  a2=00000186 ; c.add   a2,t1
      2394 :    #2342 0 8000008c 00c82023              ; sw      a2,0(a6) [f0041de8]
      2395 :    #2343 0 80000090 00000811  a6=f0041dec ; c.addi  a6,4
      2396 :    #2344 0 80000092 ff1697e3              ; bne     a3,a7,0x80000080
      2397 :    #2345 0 80000080 00004290  a2=000000fa ; c.lw    a2,0(a3) [f004048c]
      2398 :    #2346 0 80000082 00052303  t1=0000030b ; lw      t1,0(a0) [f004093c]
      2399 :    #2347 0 80000086 00000691  a3=f0040490 ; c.addi  a3,4
      2400 :    #2348 0 80000088 00000511  a0=f0040940 ; c.addi  a0,4
      2401 :    #2349 0 8000008a 0000961a  a2=00000405 ; c.add   a2,t1
      2402 :    #2350 0 8000008c 00c82023              ; sw      a2,0(a6) [f0041dec]
      2403 :    #2351 0 80000090 00000811  a6=f0041df0 ; c.addi  a6,4
      2404 :    #2352 0 80000092 ff1697e3              ; bne     a3,a7,0x80000080
      2405 :    #2353 0 80000080 00004290  a2=0000023d ; c.lw    a2,0(a3) [f0040490]
      2406 :    #2354 0 80000082 00052303  t1=000000c3 ; lw      t1,0(a0) [f0040940]
      2407 :    #2355 0 80000086 00000691  a3=f0040494 ; c.addi  a3,4
      2408 :    #2356 0 80000088 00000511  a0=f0040944 ; c.addi  a0,4
      2409 :    #2357 0 8000008a 0000961a  a2=00000300 ; c.add   a2,t1
      2410 :    #2358 0 8000008c 00c82023              ; sw      a2,0(a6) [f0041df0]
      2411 :    #2359 0 80000090 00000811  a6=f0041df4 ; c.addi  a6,4
      2412 :    #2360 0 80000092 ff1697e3              ; bne     a3,a7,0x80000080
      2413 :    #2361 0 80000080 00004290  a2=00000310 ; c.lw    a2,0(a3) [f0040494]
      2414 :    #2362 0 80000082 00052303  t1=000000a1 ; lw      t1,0(a0) [f0040944]
      2415 :    #2363 0 80000086 00000691  a3=f0040498 ; c.addi  a3,4
      2416 :    #2364 0 80000088 00000511  a0=f0040948 ; c.addi  a0,4
      2417 :    #2365 0 8000008a 0000961a  a2=000003b1 ; c.add   a2,t1
      2418 :    #2366 0 8000008c 00c82023              ; sw      a2,0(a6) [f0041df4]
      2419 :    #2367 0 80000090 00000811  a6=f0041df8 ; c.addi  a6,4
      2420 :    #2368 0 80000092 ff1697e3              ; bne     a3,a7,0x80000080
      2421 :    #2369 0 80000080 00004290  a2=000002ed ; c.lw    a2,0(a3) [f0040498]
      2422 :    #2370 0 80000082 00052303  t1=000002e7 ; lw      t1,0(a0) [f0040948]
      2423 :    #2371 0 80000086 00000691  a3=f004049c ; c.addi  a3,4
      2424 :    #2372 0 80000088 00000511  a0=f004094c ; c.addi  a0,4
      2425 :    #2373 0 8000008a 0000961a  a2=000005d4 ; c.add   a2,t1
      2426 :    #2374 0 8000008c 00c82023              ; sw      a2,0(a6) [f0041df8]
      2427 :    #2375 0 80000090 00000811  a6=f0041dfc ; c.addi  a6,4
      2428 :    #2376 0 80000092 ff1697e3              ; bne     a3,a7,0x80000080
      2429 :    #2377 0 80000080 00004290  a2=000001f6 ; c.lw    a2,0(a3) [f004049c]
      2430 :    #2378 0 80000082 00052303  t1=000001b7 ; lw      t1,0(a0) [f004094c]
      2431 :    #2379 0 80000086 00000691  a3=f00404a0 ; c.addi  a3,4
      2432 :    #2380 0 80000088 00000511  a0=f0040950 ; c.addi  a0,4
      2433 :    #2381 0 8000008a 0000961a  a2=000003ad ; c.add   a2,t1
      2434 :    #2382 0 8000008c 00c82023              ; sw      a2,0(a6) [f0041dfc]
      2435 :    #2383 0 80000090 00000811  a6=f0041e00 ; c.addi  a6,4
      2436 :    #2384 0 80000092 ff1697e3              ; bne     a3,a7,0x80000080
      2437 :    #2385 0 80000080 00004290  a2=00000337 ; c.lw    a2,0(a3) [f00404a0]
      2438 :    #2386 0 80000082 00052303  t1=00000163 ; lw      t1,0(a0) [f0040950]
      2439 :    #2387 0 80000086 00000691  a3=f00404a4 ; c.addi  a3,4
      2440 :    #2388 0 80000088 00000511  a0=f0040954 ; c.addi  a0,4
      2441 :    #2389 0 8000008a 0000961a  a2=0000049a ; c.add   a2,t1
      2442 :    #2390 0 8000008c 00c82023              ; sw      a2,0(a6) [f0041e00]
      2443 :    #2391 0 80000090 00000811  a6=f0041e04 ; c.addi  a6,4
      2444 :    #2392 0 80000092 ff1697e3              ; bne     a3,a7,0x80000080
      2445 :    #2393 0 80000080 00004290  a2=0000033a ; c.lw    a2,0(a3) [f00404a4]
      2446 :    #2394 0 80000082 00052303  t1=00000193 ; lw      t1,0(a0) [f0040954]
      2447 :    #2395 0 80000086 00000691  a3=f00404a8 ; c.addi  a3,4
      2448 :    #2396 0 80000088 00000511  a0=f0040958 ; c.addi  a0,4
      2449 :    #2397 0 8000008a 0000961a  a2=000004cd ; c.add   a2,t1
      2450 :    #2398 0 8000008c 00c82023              ; sw      a2,0(a6) [f0041e04]
      2451 :    #2399 0 80000090 00000811  a6=f0041e08 ; c.addi  a6,4
      2452 :    #2400 0 80000092 ff1697e3              ; bne     a3,a7,0x80000080
      2453 :    #2401 0 80000080 00004290  a2=000000aa ; c.lw    a2,0(a3) [f00404a8]
      2454 :    #2402 0 80000082 00052303  t1=0000008d ; lw      t1,0(a0) [f0040958]
      2455 :    #2403 0 80000086 00000691  a3=f00404ac ; c.addi  a3,4
      2456 :    #2404 0 80000088 00000511  a0=f004095c ; c.addi  a0,4
      2457 :    #2405 0 8000008a 0000961a  a2=00000137 ; c.add   a2,t1
      2458 :    #2406 0 8000008c 00c82023              ; sw      a2,0(a6) [f0041e08]
      2459 :    #2407 0 80000090 00000811  a6=f0041e0c ; c.addi  a6,4
      2460 :    #2408 0 80000092 ff1697e3              ; bne     a3,a7,0x80000080
      2461 :    #2409 0 80000080 00004290  a2=000000a0 ; c.lw    a2,0(a3) [f00404ac]
      2462 :    #2410 0 80000082 00052303  t1=00000279 ; lw      t1,0(a0) [f004095c]
      2463 :    #2411 0 80000086 00000691  a3=f00404b0 ; c.addi  a3,4
      2464 :    #2412 0 80000088 00000511  a0=f0040960 ; c.addi  a0,4
      2465 :    #2413 0 8000008a 0000961a  a2=00000319 ; c.add   a2,t1
      2466 :    #2414 0 8000008c 00c82023              ; sw      a2,0(a6) [f0041e0c]
      2467 :    #2415 0 80000090 00000811  a6=f0041e10 ; c.addi  a6,4
      2468 :    #2416 0 80000092 ff1697e3              ; bne     a3,a7,0x80000080
      2470 :    #2417 0 80000096 0000863e  a2=f0041960 ; c.mv    a2,a5
      2471 :    #2418 0 80000098 00004314  a3=00000029 ; c.lw    a3,0(a4) [f0040000]
      2472 :    #2419 0 8000009a 00004188  a0=000001c6 ; c.lw    a0,0(a1) [f00404b0]
      2473 :    #2420 0 8000009c 00000711  a4=f0040004 ; c.addi  a4,4
      2474 :    #2421 0 8000009e 00000591  a1=f00404b4 ; c.addi  a1,4
      2475 :    #2422 0 800000a0 000096aa  a3=000001ef ; c.add   a3,a0
      2476 :    #2423 0 800000a2 0000c214              ; c.sw    a3,0(a2) [f0041960]
      2477 :    #2424 0 800000a4 00000611  a2=f0041964 ; c.addi  a2,4
      2478 :    #2425 0 800000a6 ff1719e3              ; bne     a4,a7,0x80000098
      2480 :    #2426 0 80000098 00004314  a3=00000341 ; c.lw    a3,0(a4) [f0040004]
      2481 :    #2427 0 8000009a 00004188  a0=0000014f ; c.lw    a0,0(a1) [f00404b4]
      2482 :    #2428 0 8000009c 00000711  a4=f0040008 ; c.addi  a4,4
      2483 :    #2429 0 8000009e 00000591  a1=f00404b8 ; c.addi  a1,4
      2484 :    #2430 0 800000a0 000096aa  a3=00000490 ; c.add   a3,a0
      2485 :    #2431 0 800000a2 0000c214              ; c.sw    a3,0(a2) [f0041964]
      2486 :    #2432 0 800000a4 00000611  a2=f0041968 ; c.addi  a2,4
      2487 :    #2433 0 800000a6 ff1719e3              ; bne     a4,a7,0x80000098
      2488 :    #2434 0 80000098 00004314  a3=00000234 ; c.lw    a3,0(a4) [f0040008]
      2489 :    #2435 0 8000009a 00004188  a0=00000001 ; c.lw    a0,0(a1) [f00404b8]
      2490 :    #2436 0 8000009c 00000711  a4=f004000c ; c.addi  a4,4
      2491 :    #2437 0 8000009e 00000591  a1=f00404bc ; c.addi  a1,4
      2492 :    #2438 0 800000a0 000096aa  a3=00000235 ; c.add   a3,a0
      2493 :    #2439 0 800000a2 0000c214              ; c.sw    a3,0(a2) [f0041968]
      2494 :    #2440 0 800000a4 00000611  a2=f004196c ; c.addi  a2,4
      2495 :    #2441 0 800000a6 ff1719e3              ; bne     a4,a7,0x80000098
      2497 :    #2442 0 80000098 00004314  a3=000000bb ; c.lw    a3,0(a4) [f004000c]
      2498 :    #2443 0 8000009a 00004188  a0=000003dd ; c.lw    a0,0(a1) [f00404bc]
      2499 :    #2444 0 8000009c 00000711  a4=f0040010 ; c.addi  a4,4
      2500 :    #2445 0 8000009e 00000591  a1=f00404c0 ; c.addi  a1,4
      2501 :    #2446 0 800000a0 000096aa  a3=00000498 ; c.add   a3,a0
      2502 :    #2447 0 800000a2 0000c214              ; c.sw    a3,0(a2) [f004196c]
      2503 :    #2448 0 800000a4 00000611  a2=f0041970 ; c.addi  a2,4
      2504 :    #2449 0 800000a6 ff1719e3              ; bne     a4,a7,0x80000098
      2506 :    #2450 0 80000098 00004314  a3=000002ed ; c.lw    a3,0(a4) [f0040010]
      2507 :    #2451 0 8000009a 00004188  a0=0000016d ; c.lw    a0,0(a1) [f00404c0]
      2508 :    #2452 0 8000009c 00000711  a4=f0040014 ; c.addi  a4,4
      2509 :    #2453 0 8000009e 00000591  a1=f00404c4 ; c.addi  a1,4
      2510 :    #2454 0 800000a0 000096aa  a3=0000045a ; c.add   a3,a0
      2511 :    #2455 0 800000a2 0000c214              ; c.sw    a3,0(a2) [f0041970]
      2512 :    #2456 0 800000a4 00000611  a2=f0041974 ; c.addi  a2,4
      2513 :    #2457 0 800000a6 ff1719e3              ; bne     a4,a7,0x80000098
      2515 :    #2458 0 80000098 00004314  a3=0000015e ; c.lw    a3,0(a4) [f0040014]
      2516 :    #2459 0 8000009a 00004188  a0=0000023c ; c.lw    a0,0(a1) [f00404c4]
      2517 :    #2460 0 8000009c 00000711  a4=f0040018 ; c.addi  a4,4
      2518 :    #2461 0 8000009e 00000591  a1=f00404c8 ; c.addi  a1,4
      2519 :    #2462 0 800000a0 000096aa  a3=0000039a ; c.add   a3,a0
      2520 :    #2463 0 800000a2 0000c214              ; c.sw    a3,0(a2) [f0041974]
      2521 :    #2464 0 800000a4 00000611  a2=f0041978 ; c.addi  a2,4
      2522 :    #2465 0 800000a6 ff1719e3              ; bne     a4,a7,0x80000098
      2524 :    #2466 0 80000098 00004314  a3=00000084 ; c.lw    a3,0(a4) [f0040018]
      2525 :    #2467 0 8000009a 00004188  a0=00000040 ; c.lw    a0,0(a1) [f00404c8]
      2526 :    #2468 0 8000009c 00000711  a4=f004001c ; c.addi  a4,4
      2527 :    #2469 0 8000009e 00000591  a1=f00404cc ; c.addi  a1,4
      2528 :    #2470 0 800000a0 000096aa  a3=000000c4 ; c.add   a3,a0
      2529 :    #2471 0 800000a2 0000c214              ; c.sw    a3,0(a2) [f0041978]
      2530 :    #2472 0 800000a4 00000611  a2=f004197c ; c.addi  a2,4
      2531 :    #2473 0 800000a6 ff1719e3              ; bne     a4,a7,0x80000098
      2533 :    #2474 0 80000098 00004314  a3=000003b5 ; c.lw    a3,0(a4) [f004001c]
      2534 :    #2475 0 8000009a 00004188  a0=00000099 ; c.lw    a0,0(a1) [f00404cc]
      2535 :    #2476 0 8000009c 00000711  a4=f0040020 ; c.addi  a4,4
      2536 :    #2477 0 8000009e 00000591  a1=f00404d0 ; c.addi  a1,4
      2537 :    #2478 0 800000a0 000096aa  a3=0000044e ; c.add   a3,a0
      2538 :    #2479 0 800000a2 0000c214              ; c.sw    a3,0(a2) [f004197c]
      2539 :    #2480 0 800000a4 00000611  a2=f0041980 ; c.addi  a2,4
      2540 :    #2481 0 800000a6 ff1719e3              ; bne     a4,a7,0x80000098
      2542 :    #2482 0 80000098 00004314  a3=00000248 ; c.lw    a3,0(a4) [f0040020]
      2543 :    #2483 0 8000009a 00004188  a0=000000d8 ; c.lw    a0,0(a1) [f00404d0]
      2544 :    #2484 0 8000009c 00000711  a4=f0040024 ; c.addi  a4,4
      2545 :    #2485 0 8000009e 00000591  a1=f00404d4 ; c.addi  a1,4
      2546 :    #2486 0 800000a0 000096aa  a3=00000320 ; c.add   a3,a0
      2547 :    #2487 0 800000a2 0000c214              ; c.sw    a3,0(a2) [f0041980]
      2548 :    #2488 0 800000a4 00000611  a2=f0041984 ; c.addi  a2,4
      2549 :    #2489 0 800000a6 ff1719e3              ; bne     a4,a7,0x80000098
      2551 :    #2490 0 80000098 00004314  a3=00000325 ; c.lw    a3,0(a4) [f0040024]
      2552 :    #2491 0 8000009a 00004188  a0=0000008c ; c.lw    a0,0(a1) [f00404d4]
      2553 :    #2492 0 8000009c 00000711  a4=f0040028 ; c.addi  a4,4
      2554 :    #2493 0 8000009e 00000591  a1=f00404d8 ; c.addi  a1,4
      2555 :    #2494 0 800000a0 000096aa  a3=000003b1 ; c.add   a3,a0
      2556 :    #2495 0 800000a2 0000c214              ; c.sw    a3,0(a2) [f0041984]
      2557 :    #2496 0 800000a4 00000611  a2=f0041988 ; c.addi  a2,4
      2558 :    #2497 0 800000a6 ff1719e3              ; bne     a4,a7,0x80000098
      2560 :    #2498 0 80000098 00004314  a3=0000026d ; c.lw    a3,0(a4) [f0040028]
      2561 :    #2499 0 8000009a 00004188  a0=000000d2 ; c.lw    a0,0(a1) [f00404d8]
      2562 :    #2500 0 8000009c 00000711  a4=f004002c ; c.addi  a4,4
      2563 :    #2501 0 8000009e 00000591  a1=f00404dc ; c.addi  a1,4
      2564 :    #2502 0 800000a0 000096aa  a3=0000033f ; c.add   a3,a0
      2565 :    #2503 0 800000a2 0000c214              ; c.sw    a3,0(a2) [f0041988]
      2566 :    #2504 0 800000a4 00000611  a2=f004198c ; c.addi  a2,4
      2567 :    #2505 0 800000a6 ff1719e3              ; bne     a4,a7,0x80000098
      2568 :    #2506 0 80000098 00004314  a3=00000006 ; c.lw    a3,0(a4) [f004002c]
      2569 :    #2507 0 8000009a 00004188  a0=0000023c ; c.lw    a0,0(a1) [f00404dc]
      2570 :    #2508 0 8000009c 00000711  a4=f0040030 ; c.addi  a4,4
      2571 :    #2509 0 8000009e 00000591  a1=f00404e0 ; c.addi  a1,4
      2572 :    #2510 0 800000a0 000096aa  a3=00000242 ; c.add   a3,a0
      2573 :    #2511 0 800000a2 0000c214              ; c.sw    a3,0(a2) [f004198c]
      2574 :    #2512 0 800000a4 00000611  a2=f0041990 ; c.addi  a2,4
      2575 :    #2513 0 800000a6 ff1719e3              ; bne     a4,a7,0x80000098
      2576 :    #2514 0 80000098 00004314  a3=000003a3 ; c.lw    a3,0(a4) [f0040030]
      2577 :    #2515 0 8000009a 00004188  a0=00000153 ; c.lw    a0,0(a1) [f00404e0]
      2578 :    #2516 0 8000009c 00000711  a4=f0040034 ; c.addi  a4,4
      2579 :    #2517 0 8000009e 00000591  a1=f00404e4 ; c.addi  a1,4
      2580 :    #2518 0 800000a0 000096aa  a3=000004f6 ; c.add   a3,a0
      2581 :    #2519 0 800000a2 0000c214              ; c.sw    a3,0(a2) [f0041990]
      2582 :    #2520 0 800000a4 00000611  a2=f0041994 ; c.addi  a2,4
      2583 :    #2521 0 800000a6 ff1719e3              ; bne     a4,a7,0x80000098
      2584 :    #2522 0 80000098 00004314  a3=0000037a ; c.lw    a3,0(a4) [f0040034]
      2585 :    #2523 0 8000009a 00004188  a0=00000251 ; c.lw    a0,0(a1) [f00404e4]
      2586 :    #2524 0 8000009c 00000711  a4=f0040038 ; c.addi  a4,4
      2587 :    #2525 0 8000009e 00000591  a1=f00404e8 ; c.addi  a1,4
      2588 :    #2526 0 800000a0 000096aa  a3=000005cb ; c.add   a3,a0
      2589 :    #2527 0 800000a2 0000c214              ; c.sw    a3,0(a2) [f0041994]
      2590 :    #2528 0 800000a4 00000611  a2=f0041998 ; c.addi  a2,4
      2591 :    #2529 0 800000a6 ff1719e3              ; bne     a4,a7,0x80000098
      2592 :    #2530 0 80000098 00004314  a3=00000188 ; c.lw    a3,0(a4) [f0040038]
      2593 :    #2531 0 8000009a 00004188  a0=00000382 ; c.lw    a0,0(a1) [f00404e8]
      2594 :    #2532 0 8000009c 00000711  a4=f004003c ; c.addi  a4,4
      2595 :    #2533 0 8000009e 00000591  a1=f00404ec ; c.addi  a1,4
      2596 :    #2534 0 800000a0 000096aa  a3=0000050a ; c.add   a3,a0
      2597 :    #2535 0 800000a2 0000c214              ; c.sw    a3,0(a2) [f0041998]
      2598 :    #2536 0 800000a4 00000611  a2=f004199c ; c.addi  a2,4
      2599 :    #2537 0 800000a6 ff1719e3              ; bne     a4,a7,0x80000098
      2600 :    #2538 0 80000098 00004314  a3=000002b6 ; c.lw    a3,0(a4) [f004003c]
      2601 :    #2539 0 8000009a 00004188  a0=000000e4 ; c.lw    a0,0(a1) [f00404ec]
      2602 :    #2540 0 8000009c 00000711  a4=f0040040 ; c.addi  a4,4
      2603 :    #2541 0 8000009e 00000591  a1=f00404f0 ; c.addi  a1,4
      2604 :    #2542 0 800000a0 000096aa  a3=0000039a ; c.add   a3,a0
      2605 :    #2543 0 800000a2 0000c214              ; c.sw    a3,0(a2) [f004199c]
      2606 :    #2544 0 800000a4 00000611  a2=f00419a0 ; c.addi  a2,4
      2607 :    #2545 0 800000a6 ff1719e3              ; bne     a4,a7,0x80000098
      2608 :    #2546 0 80000098 00004314  a3=000003c1 ; c.lw    a3,0(a4) [f0040040]
      2609 :    #2547 0 8000009a 00004188  a0=0000000c ; c.lw    a0,0(a1) [f00404f0]
      2610 :    #2548 0 8000009c 00000711  a4=f0040044 ; c.addi  a4,4
      2611 :    #2549 0 8000009e 00000591  a1=f00404f4 ; c.addi  a1,4
      2612 :    #2550 0 800000a0 000096aa  a3=000003cd ; c.add   a3,a0
      2613 :    #2551 0 800000a2 0000c214              ; c.sw    a3,0(a2) [f00419a0]
      2614 :    #2552 0 800000a4 00000611  a2=f00419a4 ; c.addi  a2,4
      2615 :    #2553 0 800000a6 ff1719e3              ; bne     a4,a7,0x80000098
      2616 :    #2554 0 80000098 00004314  a3=0000006e ; c.lw    a3,0(a4) [f0040044]
      2617 :    #2555 0 8000009a 00004188  a0=00000373 ; c.lw    a0,0(a1) [f00404f4]
      2618 :    #2556 0 8000009c 00000711  a4=f0040048 ; c.addi  a4,4
      2619 :    #2557 0 8000009e 00000591  a1=f00404f8 ; c.addi  a1,4
      2620 :    #2558 0 800000a0 000096aa  a3=000003e1 ; c.add   a3,a0
      2621 :    #2559 0 800000a2 0000c214              ; c.sw    a3,0(a2) [f00419a4]
      2622 :    #2560 0 800000a4 00000611  a2=f00419a8 ; c.addi  a2,4
      2623 :    #2561 0 800000a6 ff1719e3              ; bne     a4,a7,0x80000098
      2624 :    #2562 0 80000098 00004314  a3=00000074 ; c.lw    a3,0(a4) [f0040048]
      2625 :    #2563 0 8000009a 00004188  a0=000002ee ; c.lw    a0,0(a1) [f00404f8]
      2626 :    #2564 0 8000009c 00000711  a4=f004004c ; c.addi  a4,4
      2627 :    #2565 0 8000009e 00000591  a1=f00404fc ; c.addi  a1,4
      2628 :    #2566 0 800000a0 000096aa  a3=00000362 ; c.add   a3,a0
      2629 :    #2567 0 800000a2 0000c214              ; c.sw    a3,0(a2) [f00419a8]
      2630 :    #2568 0 800000a4 00000611  a2=f00419ac ; c.addi  a2,4
      2631 :    #2569 0 800000a6 ff1719e3              ; bne     a4,a7,0x80000098
      2632 :    #2570 0 80000098 00004314  a3=00000128 ; c.lw    a3,0(a4) [f004004c]
      2633 :    #2571 0 8000009a 00004188  a0=00000286 ; c.lw    a0,0(a1) [f00404fc]
      2634 :    #2572 0 8000009c 00000711  a4=f0040050 ; c.addi  a4,4
      2635 :    #2573 0 8000009e 00000591  a1=f0040500 ; c.addi  a1,4
      2636 :    #2574 0 800000a0 000096aa  a3=000003ae ; c.add   a3,a0
      2637 :    #2575 0 800000a2 0000c214              ; c.sw    a3,0(a2) [f00419ac]
      2638 :    #2576 0 800000a4 00000611  a2=f00419b0 ; c.addi  a2,4
      2639 :    #2577 0 800000a6 ff1719e3              ; bne     a4,a7,0x80000098
      2640 :    #2578 0 80000098 00004314  a3=000001aa ; c.lw    a3,0(a4) [f0040050]
      2641 :    #2579 0 8000009a 00004188  a0=000001f4 ; c.lw    a0,0(a1) [f0040500]
      2642 :    #2580 0 8000009c 00000711  a4=f0040054 ; c.addi  a4,4
      2643 :    #2581 0 8000009e 00000591  a1=f0040504 ; c.addi  a1,4
      2644 :    #2582 0 800000a0 000096aa  a3=0000039e ; c.add   a3,a0
      2645 :    #2583 0 800000a2 0000c214              ; c.sw    a3,0(a2) [f00419b0]
      2646 :    #2584 0 800000a4 00000611  a2=f00419b4 ; c.addi  a2,4
      2647 :    #2585 0 800000a6 ff1719e3              ; bne     a4,a7,0x80000098
      2648 :    #2586 0 80000098 00004314  a3=0000013a ; c.lw    a3,0(a4) [f0040054]
      2649 :    #2587 0 8000009a 00004188  a0=000001b4 ; c.lw    a0,0(a1) [f0040504]
      2650 :    #2588 0 8000009c 00000711  a4=f0040058 ; c.addi  a4,4
      2651 :    #2589 0 8000009e 00000591  a1=f0040508 ; c.addi  a1,4
      2652 :    #2590 0 800000a0 000096aa  a3=000002ee ; c.add   a3,a0
      2653 :    #2591 0 800000a2 0000c214              ; c.sw    a3,0(a2) [f00419b4]
      2654 :    #2592 0 800000a4 00000611  a2=f00419b8 ; c.addi  a2,4
      2655 :    #2593 0 800000a6 ff1719e3              ; bne     a4,a7,0x80000098
      2656 :    #2594 0 80000098 00004314  a3=00000293 ; c.lw    a3,0(a4) [f0040058]
      2657 :    #2595 0 8000009a 00004188  a0=000002bd ; c.lw    a0,0(a1) [f0040508]
      2658 :    #2596 0 8000009c 00000711  a4=f004005c ; c.addi  a4,4
      2659 :    #2597 0 8000009e 00000591  a1=f004050c ; c.addi  a1,4
      2660 :    #2598 0 800000a0 000096aa  a3=00000550 ; c.add   a3,a0
      2661 :    #2599 0 800000a2 0000c214              ; c.sw    a3,0(a2) [f00419b8]
      2662 :    #2600 0 800000a4 00000611  a2=f00419bc ; c.addi  a2,4
      2663 :    #2601 0 800000a6 ff1719e3              ; bne     a4,a7,0x80000098
      2664 :    #2602 0 80000098 00004314  a3=00000306 ; c.lw    a3,0(a4) [f004005c]
      2665 :    #2603 0 8000009a 00004188  a0=0000032c ; c.lw    a0,0(a1) [f004050c]
      2666 :    #2604 0 8000009c 00000711  a4=f0040060 ; c.addi  a4,4
      2667 :    #2605 0 8000009e 00000591  a1=f0040510 ; c.addi  a1,4
      2668 :    #2606 0 800000a0 000096aa  a3=00000632 ; c.add   a3,a0
      2669 :    #2607 0 800000a2 0000c214              ; c.sw    a3,0(a2) [f00419bc]
      2670 :    #2608 0 800000a4 00000611  a2=f00419c0 ; c.addi  a2,4
      2671 :    #2609 0 800000a6 ff1719e3              ; bne     a4,a7,0x80000098
      2672 :    #2610 0 80000098 00004314  a3=0000013f ; c.lw    a3,0(a4) [f0040060]
      2673 :    #2611 0 8000009a 00004188  a0=000003d5 ; c.lw    a0,0(a1) [f0040510]
      2674 :    #2612 0 8000009c 00000711  a4=f0040064 ; c.addi  a4,4
      2675 :    #2613 0 8000009e 00000591  a1=f0040514 ; c.addi  a1,4
      2676 :    #2614 0 800000a0 000096aa  a3=00000514 ; c.add   a3,a0
      2677 :    #2615 0 800000a2 0000c214              ; c.sw    a3,0(a2) [f00419c0]
      2678 :    #2616 0 800000a4 00000611  a2=f00419c4 ; c.addi  a2,4
      2679 :    #2617 0 800000a6 ff1719e3              ; bne     a4,a7,0x80000098
      2680 :    #2618 0 80000098 00004314  a3=000002a6 ; c.lw    a3,0(a4) [f0040064]
      2681 :    #2619 0 8000009a 00004188  a0=00000096 ; c.lw    a0,0(a1) [f0040514]
      2682 :    #2620 0 8000009c 00000711  a4=f0040068 ; c.addi  a4,4
      2683 :    #2621 0 8000009e 00000591  a1=f0040518 ; c.addi  a1,4
      2684 :    #2622 0 800000a0 000096aa  a3=0000033c ; c.add   a3,a0
      2685 :    #2623 0 800000a2 0000c214              ; c.sw    a3,0(a2) [f00419c4]
      2686 :    #2624 0 800000a4 00000611  a2=f00419c8 ; c.addi  a2,4
      2687 :    #2625 0 800000a6 ff1719e3              ; bne     a4,a7,0x80000098
      2688 :    #2626 0 80000098 00004314  a3=0000036b ; c.lw    a3,0(a4) [f0040068]
      2689 :    #2627 0 8000009a 00004188  a0=000002b8 ; c.lw    a0,0(a1) [f0040518]
      2690 :    #2628 0 8000009c 00000711  a4=f004006c ; c.addi  a4,4
      2691 :    #2629 0 8000009e 00000591  a1=f004051c ; c.addi  a1,4
      2692 :    #2630 0 800000a0 000096aa  a3=00000623 ; c.add   a3,a0
      2693 :    #2631 0 800000a2 0000c214              ; c.sw    a3,0(a2) [f00419c8]
      2694 :    #2632 0 800000a4 00000611  a2=f00419cc ; c.addi  a2,4
      2695 :    #2633 0 800000a6 ff1719e3              ; bne     a4,a7,0x80000098
      2696 :    #2634 0 80000098 00004314  a3=00000178 ; c.lw    a3,0(a4) [f004006c]
      2697 :    #2635 0 8000009a 00004188  a0=00000234 ; c.lw    a0,0(a1) [f004051c]
      2698 :    #2636 0 8000009c 00000711  a4=f0040070 ; c.addi  a4,4
      2699 :    #2637 0 8000009e 00000591  a1=f0040520 ; c.addi  a1,4
      2700 :    #2638 0 800000a0 000096aa  a3=000003ac ; c.add   a3,a0
      2701 :    #2639 0 800000a2 0000c214              ; c.sw    a3,0(a2) [f00419cc]
      2702 :    #2640 0 800000a4 00000611  a2=f00419d0 ; c.addi  a2,4
      2703 :    #2641 0 800000a6 ff1719e3              ; bne     a4,a7,0x80000098
      2704 :    #2642 0 80000098 00004314  a3=000001da ; c.lw    a3,0(a4) [f0040070]
      2705 :    #2643 0 8000009a 00004188  a0=00000110 ; c.lw    a0,0(a1) [f0040520]
      2706 :    #2644 0 8000009c 00000711  a4=f0040074 ; c.addi  a4,4
      2707 :    #2645 0 8000009e 00000591  a1=f0040524 ; c.addi  a1,4
      2708 :    #2646 0 800000a0 000096aa  a3=000002ea ; c.add   a3,a0
      2709 :    #2647 0 800000a2 0000c214              ; c.sw    a3,0(a2) [f00419d0]
      2710 :    #2648 0 800000a4 00000611  a2=f00419d4 ; c.addi  a2,4
      2711 :    #2649 0 800000a6 ff1719e3              ; bne     a4,a7,0x80000098
      2712 :    #2650 0 80000098 00004314  a3=000003aa ; c.lw    a3,0(a4) [f0040074]
      2713 :    #2651 0 8000009a 00004188  a0=00000102 ; c.lw    a0,0(a1) [f0040524]
      2714 :    #2652 0 8000009c 00000711  a4=f0040078 ; c.addi  a4,4
      2715 :    #2653 0 8000009e 00000591  a1=f0040528 ; c.addi  a1,4
      2716 :    #2654 0 800000a0 000096aa  a3=000004ac ; c.add   a3,a0
      2717 :    #2655 0 800000a2 0000c214              ; c.sw    a3,0(a2) [f00419d4]
      2718 :    #2656 0 800000a4 00000611  a2=f00419d8 ; c.addi  a2,4
      2719 :    #2657 0 800000a6 ff1719e3              ; bne     a4,a7,0x80000098
      2720 :    #2658 0 80000098 00004314  a3=0000021b ; c.lw    a3,0(a4) [f0040078]
      2721 :    #2659 0 8000009a 00004188  a0=00000287 ; c.lw    a0,0(a1) [f0040528]
      2722 :    #2660 0 8000009c 00000711  a4=f004007c ; c.addi  a4,4
      2723 :    #2661 0 8000009e 00000591  a1=f004052c ; c.addi  a1,4
      2724 :    #2662 0 800000a0 000096aa  a3=000004a2 ; c.add   a3,a0
      2725 :    #2663 0 800000a2 0000c214              ; c.sw    a3,0(a2) [f00419d8]
      2726 :    #2664 0 800000a4 00000611  a2=f00419dc ; c.addi  a2,4
      2727 :    #2665 0 800000a6 ff1719e3              ; bne     a4,a7,0x80000098
      2728 :    #2666 0 80000098 00004314  a3=00000239 ; c.lw    a3,0(a4) [f004007c]
      2729 :    #2667 0 8000009a 00004188  a0=000001fd ; c.lw    a0,0(a1) [f004052c]
      2730 :    #2668 0 8000009c 00000711  a4=f0040080 ; c.addi  a4,4
      2731 :    #2669 0 8000009e 00000591  a1=f0040530 ; c.addi  a1,4
      2732 :    #2670 0 800000a0 000096aa  a3=00000436 ; c.add   a3,a0
      2733 :    #2671 0 800000a2 0000c214              ; c.sw    a3,0(a2) [f00419dc]
      2734 :    #2672 0 800000a4 00000611  a2=f00419e0 ; c.addi  a2,4
      2735 :    #2673 0 800000a6 ff1719e3              ; bne     a4,a7,0x80000098
      2736 :    #2674 0 80000098 00004314  a3=000000cb ; c.lw    a3,0(a4) [f0040080]
      2737 :    #2675 0 8000009a 00004188  a0=00000058 ; c.lw    a0,0(a1) [f0040530]
      2738 :    #2676 0 8000009c 00000711  a4=f0040084 ; c.addi  a4,4
      2739 :    #2677 0 8000009e 00000591  a1=f0040534 ; c.addi  a1,4
      2740 :    #2678 0 800000a0 000096aa  a3=00000123 ; c.add   a3,a0
      2741 :    #2679 0 800000a2 0000c214              ; c.sw    a3,0(a2) [f00419e0]
      2742 :    #2680 0 800000a4 00000611  a2=f00419e4 ; c.addi  a2,4
      2743 :    #2681 0 800000a6 ff1719e3              ; bne     a4,a7,0x80000098
      2744 :    #2682 0 80000098 00004314  a3=00000118 ; c.lw    a3,0(a4) [f0040084]
      2745 :    #2683 0 8000009a 00004188  a0=000002bf ; c.lw    a0,0(a1) [f0040534]
      2746 :    #2684 0 8000009c 00000711  a4=f0040088 ; c.addi  a4,4
      2747 :    #2685 0 8000009e 00000591  a1=f0040538 ; c.addi  a1,4
      2748 :    #2686 0 800000a0 000096aa  a3=000003d7 ; c.add   a3,a0
      2749 :    #2687 0 800000a2 0000c214              ; c.sw    a3,0(a2) [f00419e4]
      2750 :    #2688 0 800000a4 00000611  a2=f00419e8 ; c.addi  a2,4
      2751 :    #2689 0 800000a6 ff1719e3              ; bne     a4,a7,0x80000098
      2752 :    #2690 0 80000098 00004314  a3=000002f7 ; c.lw    a3,0(a4) [f0040088]
      2753 :    #2691 0 8000009a 00004188  a0=0000029d ; c.lw    a0,0(a1) [f0040538]
      2754 :    #2692 0 8000009c 00000711  a4=f004008c ; c.addi  a4,4
      2755 :    #2693 0 8000009e 00000591  a1=f004053c ; c.addi  a1,4
      2756 :    #2694 0 800000a0 000096aa  a3=00000594 ; c.add   a3,a0
      2757 :    #2695 0 800000a2 0000c214              ; c.sw    a3,0(a2) [f00419e8]
      2758 :    #2696 0 800000a4 00000611  a2=f00419ec ; c.addi  a2,4
      2759 :    #2697 0 800000a6 ff1719e3              ; bne     a4,a7,0x80000098
      2760 :    #2698 0 80000098 00004314  a3=0000025e ; c.lw    a3,0(a4) [f004008c]
      2761 :    #2699 0 8000009a 00004188  a0=00000177 ; c.lw    a0,0(a1) [f004053c]
      2762 :    #2700 0 8000009c 00000711  a4=f0040090 ; c.addi  a4,4
      2763 :    #2701 0 8000009e 00000591  a1=f0040540 ; c.addi  a1,4
      2764 :    #2702 0 800000a0 000096aa  a3=000003d5 ; c.add   a3,a0
      2765 :    #2703 0 800000a2 0000c214              ; c.sw    a3,0(a2) [f00419ec]
      2766 :    #2704 0 800000a4 00000611  a2=f00419f0 ; c.addi  a2,4
      2767 :    #2705 0 800000a6 ff1719e3              ; bne     a4,a7,0x80000098
      2768 :    #2706 0 80000098 00004314  a3=000001ff ; c.lw    a3,0(a4) [f0040090]
      2769 :    #2707 0 8000009a 00004188  a0=00000227 ; c.lw    a0,0(a1) [f0040540]
      2770 :    #2708 0 8000009c 00000711  a4=f0040094 ; c.addi  a4,4
      2771 :    #2709 0 8000009e 00000591  a1=f0040544 ; c.addi  a1,4
      2772 :    #2710 0 800000a0 000096aa  a3=00000426 ; c.add   a3,a0
      2773 :    #2711 0 800000a2 0000c214              ; c.sw    a3,0(a2) [f00419f0]
      2774 :    #2712 0 800000a4 00000611  a2=f00419f4 ; c.addi  a2,4
      2775 :    #2713 0 800000a6 ff1719e3              ; bne     a4,a7,0x80000098
      2776 :    #2714 0 80000098 00004314  a3=00000291 ; c.lw    a3,0(a4) [f0040094]
      2777 :    #2715 0 8000009a 00004188  a0=000003a8 ; c.lw    a0,0(a1) [f0040544]
      2778 :    #2716 0 8000009c 00000711  a4=f0040098 ; c.addi  a4,4
      2779 :    #2717 0 8000009e 00000591  a1=f0040548 ; c.addi  a1,4
      2780 :    #2718 0 800000a0 000096aa  a3=00000639 ; c.add   a3,a0
      2781 :    #2719 0 800000a2 0000c214              ; c.sw    a3,0(a2) [f00419f4]
      2782 :    #2720 0 800000a4 00000611  a2=f00419f8 ; c.addi  a2,4
      2783 :    #2721 0 800000a6 ff1719e3              ; bne     a4,a7,0x80000098
      2784 :    #2722 0 80000098 00004314  a3=000000c3 ; c.lw    a3,0(a4) [f0040098]
      2785 :    #2723 0 8000009a 00004188  a0=00000250 ; c.lw    a0,0(a1) [f0040548]
      2786 :    #2724 0 8000009c 00000711  a4=f004009c ; c.addi  a4,4
      2787 :    #2725 0 8000009e 00000591  a1=f004054c ; c.addi  a1,4
      2788 :    #2726 0 800000a0 000096aa  a3=00000313 ; c.add   a3,a0
      2789 :    #2727 0 800000a2 0000c214              ; c.sw    a3,0(a2) [f00419f8]
      2790 :    #2728 0 800000a4 00000611  a2=f00419fc ; c.addi  a2,4
      2791 :    #2729 0 800000a6 ff1719e3              ; bne     a4,a7,0x80000098
      2792 :    #2730 0 80000098 00004314  a3=00000051 ; c.lw    a3,0(a4) [f004009c]
      2793 :    #2731 0 8000009a 00004188  a0=00000239 ; c.lw    a0,0(a1) [f004054c]
      2794 :    #2732 0 8000009c 00000711  a4=f00400a0 ; c.addi  a4,4
      2795 :    #2733 0 8000009e 00000591  a1=f0040550 ; c.addi  a1,4
      2796 :    #2734 0 800000a0 000096aa  a3=0000028a ; c.add   a3,a0
      2797 :    #2735 0 800000a2 0000c214              ; c.sw    a3,0(a2) [f00419fc]
      2798 :    #2736 0 800000a4 00000611  a2=f0041a00 ; c.addi  a2,4
      2799 :    #2737 0 800000a6 ff1719e3              ; bne     a4,a7,0x80000098
      2800 :    #2738 0 80000098 00004314  a3=0000010b ; c.lw    a3,0(a4) [f00400a0]
      2801 :    #2739 0 8000009a 00004188  a0=000003b8 ; c.lw    a0,0(a1) [f0040550]
      2802 :    #2740 0 8000009c 00000711  a4=f00400a4 ; c.addi  a4,4
      2803 :    #2741 0 8000009e 00000591  a1=f0040554 ; c.addi  a1,4
      2804 :    #2742 0 800000a0 000096aa  a3=000004c3 ; c.add   a3,a0
      2805 :    #2743 0 800000a2 0000c214              ; c.sw    a3,0(a2) [f0041a00]
      2806 :    #2744 0 800000a4 00000611  a2=f0041a04 ; c.addi  a2,4
      2807 :    #2745 0 800000a6 ff1719e3              ; bne     a4,a7,0x80000098
      2808 :    #2746 0 80000098 00004314  a3=000000e5 ; c.lw    a3,0(a4) [f00400a4]
      2809 :    #2747 0 8000009a 00004188  a0=00000320 ; c.lw    a0,0(a1) [f0040554]
      2810 :    #2748 0 8000009c 00000711  a4=f00400a8 ; c.addi  a4,4
      2811 :    #2749 0 8000009e 00000591  a1=f0040558 ; c.addi  a1,4
      2812 :    #2750 0 800000a0 000096aa  a3=00000405 ; c.add   a3,a0
      2813 :    #2751 0 800000a2 0000c214              ; c.sw    a3,0(a2) [f0041a04]
      2814 :    #2752 0 800000a4 00000611  a2=f0041a08 ; c.addi  a2,4
      2815 :    #2753 0 800000a6 ff1719e3              ; bne     a4,a7,0x80000098
      2816 :    #2754 0 80000098 00004314  a3=00000151 ; c.lw    a3,0(a4) [f00400a8]
      2817 :    #2755 0 8000009a 00004188  a0=00000248 ; c.lw    a0,0(a1) [f0040558]
      2818 :    #2756 0 8000009c 00000711  a4=f00400ac ; c.addi  a4,4
      2819 :    #2757 0 8000009e 00000591  a1=f004055c ; c.addi  a1,4
      2820 :    #2758 0 800000a0 000096aa  a3=00000399 ; c.add   a3,a0
      2821 :    #2759 0 800000a2 0000c214              ; c.sw    a3,0(a2) [f0041a08]
      2822 :    #2760 0 800000a4 00000611  a2=f0041a0c ; c.addi  a2,4
      2823 :    #2761 0 800000a6 ff1719e3              ; bne     a4,a7,0x80000098
      2824 :    #2762 0 80000098 00004314  a3=000003b0 ; c.lw    a3,0(a4) [f00400ac]
      2825 :    #2763 0 8000009a 00004188  a0=00000283 ; c.lw    a0,0(a1) [f004055c]
      2826 :    #2764 0 8000009c 00000711  a4=f00400b0 ; c.addi  a4,4
      2827 :    #2765 0 8000009e 00000591  a1=f0040560 ; c.addi  a1,4
      2828 :    #2766 0 800000a0 000096aa  a3=00000633 ; c.add   a3,a0
      2829 :    #2767 0 800000a2 0000c214              ; c.sw    a3,0(a2) [f0041a0c]
      2830 :    #2768 0 800000a4 00000611  a2=f0041a10 ; c.addi  a2,4
      2831 :    #2769 0 800000a6 ff1719e3              ; bne     a4,a7,0x80000098
      2832 :    #2770 0 80000098 00004314  a3=00000386 ; c.lw    a3,0(a4) [f00400b0]
      2833 :    #2771 0 8000009a 00004188  a0=00000170 ; c.lw    a0,0(a1) [f0040560]
      2834 :    #2772 0 8000009c 00000711  a4=f00400b4 ; c.addi  a4,4
      2835 :    #2773 0 8000009e 00000591  a1=f0040564 ; c.addi  a1,4
      2836 :    #2774 0 800000a0 000096aa  a3=000004f6 ; c.add   a3,a0
      2837 :    #2775 0 800000a2 0000c214              ; c.sw    a3,0(a2) [f0041a10]
      2838 :    #2776 0 800000a4 00000611  a2=f0041a14 ; c.addi  a2,4
      2839 :    #2777 0 800000a6 ff1719e3              ; bne     a4,a7,0x80000098
      2840 :    #2778 0 80000098 00004314  a3=000000f1 ; c.lw    a3,0(a4) [f00400b4]
      2841 :    #2779 0 8000009a 00004188  a0=000001e9 ; c.lw    a0,0(a1) [f0040564]
      2842 :    #2780 0 8000009c 00000711  a4=f00400b8 ; c.addi  a4,4
      2843 :    #2781 0 8000009e 00000591  a1=f0040568 ; c.addi  a1,4
      2844 :    #2782 0 800000a0 000096aa  a3=000002da ; c.add   a3,a0
      2845 :    #2783 0 800000a2 0000c214              ; c.sw    a3,0(a2) [f0041a14]
      2846 :    #2784 0 800000a4 00000611  a2=f0041a18 ; c.addi  a2,4
      2847 :    #2785 0 800000a6 ff1719e3              ; bne     a4,a7,0x80000098
      2848 :    #2786 0 80000098 00004314  a3=00000391 ; c.lw    a3,0(a4) [f00400b8]
      2849 :    #2787 0 8000009a 00004188  a0=00000148 ; c.lw    a0,0(a1) [f0040568]
      2850 :    #2788 0 8000009c 00000711  a4=f00400bc ; c.addi  a4,4
      2851 :    #2789 0 8000009e 00000591  a1=f004056c ; c.addi  a1,4
      2852 :    #2790 0 800000a0 000096aa  a3=000004d9 ; c.add   a3,a0
      2853 :    #2791 0 800000a2 0000c214              ; c.sw    a3,0(a2) [f0041a18]
      2854 :    #2792 0 800000a4 00000611  a2=f0041a1c ; c.addi  a2,4
      2855 :    #2793 0 800000a6 ff1719e3              ; bne     a4,a7,0x80000098
      2856 :    #2794 0 80000098 00004314  a3=0000033a ; c.lw    a3,0(a4) [f00400bc]
      2857 :    #2795 0 8000009a 00004188  a0=00000139 ; c.lw    a0,0(a1) [f004056c]
      2858 :    #2796 0 8000009c 00000711  a4=f00400c0 ; c.addi  a4,4
      2859 :    #2797 0 8000009e 00000591  a1=f0040570 ; c.addi  a1,4
      2860 :    #2798 0 800000a0 000096aa  a3=00000473 ; c.add   a3,a0
      2861 :    #2799 0 800000a2 0000c214              ; c.sw    a3,0(a2) [f0041a1c]
      2862 :    #2800 0 800000a4 00000611  a2=f0041a20 ; c.addi  a2,4
      2863 :    #2801 0 800000a6 ff1719e3              ; bne     a4,a7,0x80000098
      2864 :    #2802 0 80000098 00004314  a3=000003a5 ; c.lw    a3,0(a4) [f00400c0]
      2865 :    #2803 0 8000009a 00004188  a0=00000250 ; c.lw    a0,0(a1) [f0040570]
      2866 :    #2804 0 8000009c 00000711  a4=f00400c4 ; c.addi  a4,4
      2867 :    #2805 0 8000009e 00000591  a1=f0040574 ; c.addi  a1,4
      2868 :    #2806 0 800000a0 000096aa  a3=000005f5 ; c.add   a3,a0
      2869 :    #2807 0 800000a2 0000c214              ; c.sw    a3,0(a2) [f0041a20]
      2870 :    #2808 0 800000a4 00000611  a2=f0041a24 ; c.addi  a2,4
      2871 :    #2809 0 800000a6 ff1719e3              ; bne     a4,a7,0x80000098
      2872 :    #2810 0 80000098 00004314  a3=000003d9 ; c.lw    a3,0(a4) [f00400c4]
      2873 :    #2811 0 8000009a 00004188  a0=00000184 ; c.lw    a0,0(a1) [f0040574]
      2874 :    #2812 0 8000009c 00000711  a4=f00400c8 ; c.addi  a4,4
      2875 :    #2813 0 8000009e 00000591  a1=f0040578 ; c.addi  a1,4
      2876 :    #2814 0 800000a0 000096aa  a3=0000055d ; c.add   a3,a0
      2877 :    #2815 0 800000a2 0000c214              ; c.sw    a3,0(a2) [f0041a24]
      2878 :    #2816 0 800000a4 00000611  a2=f0041a28 ; c.addi  a2,4
      2879 :    #2817 0 800000a6 ff1719e3              ; bne     a4,a7,0x80000098
      2880 :    #2818 0 80000098 00004314  a3=000000c3 ; c.lw    a3,0(a4) [f00400c8]
      2881 :    #2819 0 8000009a 00004188  a0=0000021f ; c.lw    a0,0(a1) [f0040578]
      2882 :    #2820 0 8000009c 00000711  a4=f00400cc ; c.addi  a4,4
      2883 :    #2821 0 8000009e 00000591  a1=f004057c ; c.addi  a1,4
      2884 :    #2822 0 800000a0 000096aa  a3=000002e2 ; c.add   a3,a0
      2885 :    #2823 0 800000a2 0000c214              ; c.sw    a3,0(a2) [f0041a28]
      2886 :    #2824 0 800000a4 00000611  a2=f0041a2c ; c.addi  a2,4
      2887 :    #2825 0 800000a6 ff1719e3              ; bne     a4,a7,0x80000098
      2888 :    #2826 0 80000098 00004314  a3=000003c0 ; c.lw    a3,0(a4) [f00400cc]
      2889 :    #2827 0 8000009a 00004188  a0=00000289 ; c.lw    a0,0(a1) [f004057c]
      2890 :    #2828 0 8000009c 00000711  a4=f00400d0 ; c.addi  a4,4
      2891 :    #2829 0 8000009e 00000591  a1=f0040580 ; c.addi  a1,4
      2892 :    #2830 0 800000a0 000096aa  a3=00000649 ; c.add   a3,a0
      2893 :    #2831 0 800000a2 0000c214              ; c.sw    a3,0(a2) [f0041a2c]
      2894 :    #2832 0 800000a4 00000611  a2=f0041a30 ; c.addi  a2,4
      2895 :    #2833 0 800000a6 ff1719e3              ; bne     a4,a7,0x80000098
      2896 :    #2834 0 80000098 00004314  a3=00000236 ; c.lw    a3,0(a4) [f00400d0]
      2897 :    #2835 0 8000009a 00004188  a0=000003d3 ; c.lw    a0,0(a1) [f0040580]
      2898 :    #2836 0 8000009c 00000711  a4=f00400d4 ; c.addi  a4,4
      2899 :    #2837 0 8000009e 00000591  a1=f0040584 ; c.addi  a1,4
      2900 :    #2838 0 800000a0 000096aa  a3=00000609 ; c.add   a3,a0
      2901 :    #2839 0 800000a2 0000c214              ; c.sw    a3,0(a2) [f0041a30]
      2902 :    #2840 0 800000a4 00000611  a2=f0041a34 ; c.addi  a2,4
      2903 :    #2841 0 800000a6 ff1719e3              ; bne     a4,a7,0x80000098
      2904 :    #2842 0 80000098 00004314  a3=0000015e ; c.lw    a3,0(a4) [f00400d4]
      2905 :    #2843 0 8000009a 00004188  a0=000003e5 ; c.lw    a0,0(a1) [f0040584]
      2906 :    #2844 0 8000009c 00000711  a4=f00400d8 ; c.addi  a4,4
      2907 :    #2845 0 8000009e 00000591  a1=f0040588 ; c.addi  a1,4
      2908 :    #2846 0 800000a0 000096aa  a3=00000543 ; c.add   a3,a0
      2909 :    #2847 0 800000a2 0000c214              ; c.sw    a3,0(a2) [f0041a34]
      2910 :    #2848 0 800000a4 00000611  a2=f0041a38 ; c.addi  a2,4
      2911 :    #2849 0 800000a6 ff1719e3              ; bne     a4,a7,0x80000098
      2912 :    #2850 0 80000098 00004314  a3=00000289 ; c.lw    a3,0(a4) [f00400d8]
      2913 :    #2851 0 8000009a 00004188  a0=0000032e ; c.lw    a0,0(a1) [f0040588]
      2914 :    #2852 0 8000009c 00000711  a4=f00400dc ; c.addi  a4,4
      2915 :    #2853 0 8000009e 00000591  a1=f004058c ; c.addi  a1,4
      2916 :    #2854 0 800000a0 000096aa  a3=000005b7 ; c.add   a3,a0
      2917 :    #2855 0 800000a2 0000c214              ; c.sw    a3,0(a2) [f0041a38]
      2918 :    #2856 0 800000a4 00000611  a2=f0041a3c ; c.addi  a2,4
      2919 :    #2857 0 800000a6 ff1719e3              ; bne     a4,a7,0x80000098
      2920 :    #2858 0 80000098 00004314  a3=00000291 ; c.lw    a3,0(a4) [f00400dc]
      2921 :    #2859 0 8000009a 00004188  a0=0000004f ; c.lw    a0,0(a1) [f004058c]
      2922 :    #2860 0 8000009c 00000711  a4=f00400e0 ; c.addi  a4,4
      2923 :    #2861 0 8000009e 00000591  a1=f0040590 ; c.addi  a1,4
      2924 :    #2862 0 800000a0 000096aa  a3=000002e0 ; c.add   a3,a0
      2925 :    #2863 0 800000a2 0000c214              ; c.sw    a3,0(a2) [f0041a3c]
      2926 :    #2864 0 800000a4 00000611  a2=f0041a40 ; c.addi  a2,4
      2927 :    #2865 0 800000a6 ff1719e3              ; bne     a4,a7,0x80000098
      2928 :    #2866 0 80000098 00004314  a3=000000b5 ; c.lw    a3,0(a4) [f00400e0]
      2929 :    #2867 0 8000009a 00004188  a0=000000d0 ; c.lw    a0,0(a1) [f0040590]
      2930 :    #2868 0 8000009c 00000711  a4=f00400e4 ; c.addi  a4,4
      2931 :    #2869 0 8000009e 00000591  a1=f0040594 ; c.addi  a1,4
      2932 :    #2870 0 800000a0 000096aa  a3=00000185 ; c.add   a3,a0
      2933 :    #2871 0 800000a2 0000c214              ; c.sw    a3,0(a2) [f0041a40]
      2934 :    #2872 0 800000a4 00000611  a2=f0041a44 ; c.addi  a2,4
      2935 :    #2873 0 800000a6 ff1719e3              ; bne     a4,a7,0x80000098
      2936 :    #2874 0 80000098 00004314  a3=0000006f ; c.lw    a3,0(a4) [f00400e4]
      2937 :    #2875 0 8000009a 00004188  a0=000003e6 ; c.lw    a0,0(a1) [f0040594]
      2938 :    #2876 0 8000009c 00000711  a4=f00400e8 ; c.addi  a4,4
      2939 :    #2877 0 8000009e 00000591  a1=f0040598 ; c.addi  a1,4
      2940 :    #2878 0 800000a0 000096aa  a3=00000455 ; c.add   a3,a0
      2941 :    #2879 0 800000a2 0000c214              ; c.sw    a3,0(a2) [f0041a44]
      2942 :    #2880 0 800000a4 00000611  a2=f0041a48 ; c.addi  a2,4
      2943 :    #2881 0 800000a6 ff1719e3              ; bne     a4,a7,0x80000098
      2944 :    #2882 0 80000098 00004314  a3=0000035b ; c.lw    a3,0(a4) [f00400e8]
      2945 :    #2883 0 8000009a 00004188  a0=00000275 ; c.lw    a0,0(a1) [f0040598]
      2946 :    #2884 0 8000009c 00000711  a4=f00400ec ; c.addi  a4,4
      2947 :    #2885 0 8000009e 00000591  a1=f004059c ; c.addi  a1,4
      2948 :    #2886 0 800000a0 000096aa  a3=000005d0 ; c.add   a3,a0
      2949 :    #2887 0 800000a2 0000c214              ; c.sw    a3,0(a2) [f0041a48]
      2950 :    #2888 0 800000a4 00000611  a2=f0041a4c ; c.addi  a2,4
      2951 :    #2889 0 800000a6 ff1719e3              ; bne     a4,a7,0x80000098
      2952 :    #2890 0 80000098 00004314  a3=00000041 ; c.lw    a3,0(a4) [f00400ec]
      2953 :    #2891 0 8000009a 00004188  a0=0000034f ; c.lw    a0,0(a1) [f004059c]
      2954 :    #2892 0 8000009c 00000711  a4=f00400f0 ; c.addi  a4,4
      2955 :    #2893 0 8000009e 00000591  a1=f00405a0 ; c.addi  a1,4
      2956 :    #2894 0 800000a0 000096aa  a3=00000390 ; c.add   a3,a0
      2957 :    #2895 0 800000a2 0000c214              ; c.sw    a3,0(a2) [f0041a4c]
      2958 :    #2896 0 800000a4 00000611  a2=f0041a50 ; c.addi  a2,4
      2959 :    #2897 0 800000a6 ff1719e3              ; bne     a4,a7,0x80000098
      2960 :    #2898 0 80000098 00004314  a3=00000120 ; c.lw    a3,0(a4) [f00400f0]
      2961 :    #2899 0 8000009a 00004188  a0=000002c0 ; c.lw    a0,0(a1) [f00405a0]
      2962 :    #2900 0 8000009c 00000711  a4=f00400f4 ; c.addi  a4,4
      2963 :    #2901 0 8000009e 00000591  a1=f00405a4 ; c.addi  a1,4
      2964 :    #2902 0 800000a0 000096aa  a3=000003e0 ; c.add   a3,a0
      2965 :    #2903 0 800000a2 0000c214              ; c.sw    a3,0(a2) [f0041a50]
      2966 :    #2904 0 800000a4 00000611  a2=f0041a54 ; c.addi  a2,4
      2967 :    #2905 0 800000a6 ff1719e3              ; bne     a4,a7,0x80000098
      2968 :    #2906 0 80000098 00004314  a3=0000015d ; c.lw    a3,0(a4) [f00400f4]
      2969 :    #2907 0 8000009a 00004188  a0=000003e5 ; c.lw    a0,0(a1) [f00405a4]
      2970 :    #2908 0 8000009c 00000711  a4=f00400f8 ; c.addi  a4,4
      2971 :    #2909 0 8000009e 00000591  a1=f00405a8 ; c.addi  a1,4
      2972 :    #2910 0 800000a0 000096aa  a3=00000542 ; c.add   a3,a0
      2973 :    #2911 0 800000a2 0000c214              ; c.sw    a3,0(a2) [f0041a54]
      2974 :    #2912 0 800000a4 00000611  a2=f0041a58 ; c.addi  a2,4
      2975 :    #2913 0 800000a6 ff1719e3              ; bne     a4,a7,0x80000098
      2976 :    #2914 0 80000098 00004314  a3=0000008d ; c.lw    a3,0(a4) [f00400f8]
      2977 :    #2915 0 8000009a 00004188  a0=000000fd ; c.lw    a0,0(a1) [f00405a8]
      2978 :    #2916 0 8000009c 00000711  a4=f00400fc ; c.addi  a4,4
      2979 :    #2917 0 8000009e 00000591  a1=f00405ac ; c.addi  a1,4
      2980 :    #2918 0 800000a0 000096aa  a3=0000018a ; c.add   a3,a0
      2981 :    #2919 0 800000a2 0000c214              ; c.sw    a3,0(a2) [f0041a58]
      2982 :    #2920 0 800000a4 00000611  a2=f0041a5c ; c.addi  a2,4
      2983 :    #2921 0 800000a6 ff1719e3              ; bne     a4,a7,0x80000098
      2984 :    #2922 0 80000098 00004314  a3=00000389 ; c.lw    a3,0(a4) [f00400fc]
      2985 :    #2923 0 8000009a 00004188  a0=000002cb ; c.lw    a0,0(a1) [f00405ac]
      2986 :    #2924 0 8000009c 00000711  a4=f0040100 ; c.addi  a4,4
      2987 :    #2925 0 8000009e 00000591  a1=f00405b0 ; c.addi  a1,4
      2988 :    #2926 0 800000a0 000096aa  a3=00000654 ; c.add   a3,a0
      2989 :    #2927 0 800000a2 0000c214              ; c.sw    a3,0(a2) [f0041a5c]
      2990 :    #2928 0 800000a4 00000611  a2=f0041a60 ; c.addi  a2,4
      2991 :    #2929 0 800000a6 ff1719e3              ; bne     a4,a7,0x80000098
      2992 :    #2930 0 80000098 00004314  a3=00000376 ; c.lw    a3,0(a4) [f0040100]
      2993 :    #2931 0 8000009a 00004188  a0=000001ae ; c.lw    a0,0(a1) [f00405b0]
      2994 :    #2932 0 8000009c 00000711  a4=f0040104 ; c.addi  a4,4
      2995 :    #2933 0 8000009e 00000591  a1=f00405b4 ; c.addi  a1,4
      2996 :    #2934 0 800000a0 000096aa  a3=00000524 ; c.add   a3,a0
      2997 :    #2935 0 800000a2 0000c214              ; c.sw    a3,0(a2) [f0041a60]
      2998 :    #2936 0 800000a4 00000611  a2=f0041a64 ; c.addi  a2,4
      2999 :    #2937 0 800000a6 ff1719e3              ; bne     a4,a7,0x80000098
      3000 :    #2938 0 80000098 00004314  a3=00000108 ; c.lw    a3,0(a4) [f0040104]
      3001 :    #2939 0 8000009a 00004188  a0=0000019f ; c.lw    a0,0(a1) [f00405b4]
      3002 :    #2940 0 8000009c 00000711  a4=f0040108 ; c.addi  a4,4
      3003 :    #2941 0 8000009e 00000591  a1=f00405b8 ; c.addi  a1,4
      3004 :    #2942 0 800000a0 000096aa  a3=000002a7 ; c.add   a3,a0
      3005 :    #2943 0 800000a2 0000c214              ; c.sw    a3,0(a2) [f0041a64]
      3006 :    #2944 0 800000a4 00000611  a2=f0041a68 ; c.addi  a2,4
      3007 :    #2945 0 800000a6 ff1719e3              ; bne     a4,a7,0x80000098
      3008 :    #2946 0 80000098 00004314  a3=00000240 ; c.lw    a3,0(a4) [f0040108]
      3009 :    #2947 0 8000009a 00004188  a0=0000021a ; c.lw    a0,0(a1) [f00405b8]
      3010 :    #2948 0 8000009c 00000711  a4=f004010c ; c.addi  a4,4
      3011 :    #2949 0 8000009e 00000591  a1=f00405bc ; c.addi  a1,4
      3012 :    #2950 0 800000a0 000096aa  a3=0000045a ; c.add   a3,a0
      3013 :    #2951 0 800000a2 0000c214              ; c.sw    a3,0(a2) [f0041a68]
      3014 :    #2952 0 800000a4 00000611  a2=f0041a6c ; c.addi  a2,4
      3015 :    #2953 0 800000a6 ff1719e3              ; bne     a4,a7,0x80000098
      3016 :    #2954 0 80000098 00004314  a3=000003d3 ; c.lw    a3,0(a4) [f004010c]
      3017 :    #2955 0 8000009a 00004188  a0=000002bc ; c.lw    a0,0(a1) [f00405bc]
      3018 :    #2956 0 8000009c 00000711  a4=f0040110 ; c.addi  a4,4
      3019 :    #2957 0 8000009e 00000591  a1=f00405c0 ; c.addi  a1,4
      3020 :    #2958 0 800000a0 000096aa  a3=0000068f ; c.add   a3,a0
      3021 :    #2959 0 800000a2 0000c214              ; c.sw    a3,0(a2) [f0041a6c]
      3022 :    #2960 0 800000a4 00000611  a2=f0041a70 ; c.addi  a2,4
      3023 :    #2961 0 800000a6 ff1719e3              ; bne     a4,a7,0x80000098
      3024 :    #2962 0 80000098 00004314  a3=000002f9 ; c.lw    a3,0(a4) [f0040110]
      3025 :    #2963 0 8000009a 00004188  a0=00000004 ; c.lw    a0,0(a1) [f00405c0]
      3026 :    #2964 0 8000009c 00000711  a4=f0040114 ; c.addi  a4,4
      3027 :    #2965 0 8000009e 00000591  a1=f00405c4 ; c.addi  a1,4
      3028 :    #2966 0 800000a0 000096aa  a3=000002fd ; c.add   a3,a0
      3029 :    #2967 0 800000a2 0000c214              ; c.sw    a3,0(a2) [f0041a70]
      3030 :    #2968 0 800000a4 00000611  a2=f0041a74 ; c.addi  a2,4
      3031 :    #2969 0 800000a6 ff1719e3              ; bne     a4,a7,0x80000098
      3032 :    #2970 0 80000098 00004314  a3=000000f1 ; c.lw    a3,0(a4) [f0040114]
      3033 :    #2971 0 8000009a 00004188  a0=000001ee ; c.lw    a0,0(a1) [f00405c4]
      3034 :    #2972 0 8000009c 00000711  a4=f0040118 ; c.addi  a4,4
      3035 :    #2973 0 8000009e 00000591  a1=f00405c8 ; c.addi  a1,4
      3036 :    #2974 0 800000a0 000096aa  a3=000002df ; c.add   a3,a0
      3037 :    #2975 0 800000a2 0000c214              ; c.sw    a3,0(a2) [f0041a74]
      3038 :    #2976 0 800000a4 00000611  a2=f0041a78 ; c.addi  a2,4
      3039 :    #2977 0 800000a6 ff1719e3              ; bne     a4,a7,0x80000098
      3040 :    #2978 0 80000098 00004314  a3=000001de ; c.lw    a3,0(a4) [f0040118]
      3041 :    #2979 0 8000009a 00004188  a0=00000064 ; c.lw    a0,0(a1) [f00405c8]
      3042 :    #2980 0 8000009c 00000711  a4=f004011c ; c.addi  a4,4
      3043 :    #2981 0 8000009e 00000591  a1=f00405cc ; c.addi  a1,4
      3044 :    #2982 0 800000a0 000096aa  a3=00000242 ; c.add   a3,a0
      3045 :    #2983 0 800000a2 0000c214              ; c.sw    a3,0(a2) [f0041a78]
      3046 :    #2984 0 800000a4 00000611  a2=f0041a7c ; c.addi  a2,4
      3047 :    #2985 0 800000a6 ff1719e3              ; bne     a4,a7,0x80000098
      3048 :    #2986 0 80000098 00004314  a3=000001f3 ; c.lw    a3,0(a4) [f004011c]
      3049 :    #2987 0 8000009a 00004188  a0=00000360 ; c.lw    a0,0(a1) [f00405cc]
      3050 :    #2988 0 8000009c 00000711  a4=f0040120 ; c.addi  a4,4
      3051 :    #2989 0 8000009e 00000591  a1=f00405d0 ; c.addi  a1,4
      3052 :    #2990 0 800000a0 000096aa  a3=00000553 ; c.add   a3,a0
      3053 :    #2991 0 800000a2 0000c214              ; c.sw    a3,0(a2) [f0041a7c]
      3054 :    #2992 0 800000a4 00000611  a2=f0041a80 ; c.addi  a2,4
      3055 :    #2993 0 800000a6 ff1719e3              ; bne     a4,a7,0x80000098
      3056 :    #2994 0 80000098 00004314  a3=00000193 ; c.lw    a3,0(a4) [f0040120]
      3057 :    #2995 0 8000009a 00004188  a0=000002b5 ; c.lw    a0,0(a1) [f00405d0]
      3058 :    #2996 0 8000009c 00000711  a4=f0040124 ; c.addi  a4,4
      3059 :    #2997 0 8000009e 00000591  a1=f00405d4 ; c.addi  a1,4
      3060 :    #2998 0 800000a0 000096aa  a3=00000448 ; c.add   a3,a0
      3061 :    #2999 0 800000a2 0000c214              ; c.sw    a3,0(a2) [f0041a80]
      3062 :    #3000 0 800000a4 00000611  a2=f0041a84 ; c.addi  a2,4
      3063 :    #3001 0 800000a6 ff1719e3              ; bne     a4,a7,0x80000098
      3064 :    #3002 0 80000098 00004314  a3=000000de ; c.lw    a3,0(a4) [f0040124]
      3065 :    #3003 0 8000009a 00004188  a0=000001a0 ; c.lw    a0,0(a1) [f00405d4]
      3066 :    #3004 0 8000009c 00000711  a4=f0040128 ; c.addi  a4,4
      3067 :    #3005 0 8000009e 00000591  a1=f00405d8 ; c.addi  a1,4
      3068 :    #3006 0 800000a0 000096aa  a3=0000027e ; c.add   a3,a0
      3069 :    #3007 0 800000a2 0000c214              ; c.sw    a3,0(a2) [f0041a84]
      3070 :    #3008 0 800000a4 00000611  a2=f0041a88 ; c.addi  a2,4
      3071 :    #3009 0 800000a6 ff1719e3              ; bne     a4,a7,0x80000098
      3072 :    #3010 0 80000098 00004314  a3=000001bc ; c.lw    a3,0(a4) [f0040128]
      3073 :    #3011 0 8000009a 00004188  a0=00000128 ; c.lw    a0,0(a1) [f00405d8]
      3074 :    #3012 0 8000009c 00000711  a4=f004012c ; c.addi  a4,4
      3075 :    #3013 0 8000009e 00000591  a1=f00405dc ; c.addi  a1,4
      3076 :    #3014 0 800000a0 000096aa  a3=000002e4 ; c.add   a3,a0
      3077 :    #3015 0 800000a2 0000c214              ; c.sw    a3,0(a2) [f0041a88]
      3078 :    #3016 0 800000a4 00000611  a2=f0041a8c ; c.addi  a2,4
      3079 :    #3017 0 800000a6 ff1719e3              ; bne     a4,a7,0x80000098
      3080 :    #3018 0 80000098 00004314  a3=000002d1 ; c.lw    a3,0(a4) [f004012c]
      3081 :    #3019 0 8000009a 00004188  a0=0000011d ; c.lw    a0,0(a1) [f00405dc]
      3082 :    #3020 0 8000009c 00000711  a4=f0040130 ; c.addi  a4,4
      3083 :    #3021 0 8000009e 00000591  a1=f00405e0 ; c.addi  a1,4
      3084 :    #3022 0 800000a0 000096aa  a3=000003ee ; c.add   a3,a0
      3085 :    #3023 0 800000a2 0000c214              ; c.sw    a3,0(a2) [f0041a8c]
      3086 :    #3024 0 800000a4 00000611  a2=f0041a90 ; c.addi  a2,4
      3087 :    #3025 0 800000a6 ff1719e3              ; bne     a4,a7,0x80000098
      3088 :    #3026 0 80000098 00004314  a3=000002a4 ; c.lw    a3,0(a4) [f0040130]
      3089 :    #3027 0 8000009a 00004188  a0=0000026c ; c.lw    a0,0(a1) [f00405e0]
      3090 :    #3028 0 8000009c 00000711  a4=f0040134 ; c.addi  a4,4
      3091 :    #3029 0 8000009e 00000591  a1=f00405e4 ; c.addi  a1,4
      3092 :    #3030 0 800000a0 000096aa  a3=00000510 ; c.add   a3,a0
      3093 :    #3031 0 800000a2 0000c214              ; c.sw    a3,0(a2) [f0041a90]
      3094 :    #3032 0 800000a4 00000611  a2=f0041a94 ; c.addi  a2,4
      3095 :    #3033 0 800000a6 ff1719e3              ; bne     a4,a7,0x80000098
      3096 :    #3034 0 80000098 00004314  a3=0000013d ; c.lw    a3,0(a4) [f0040134]
      3097 :    #3035 0 8000009a 00004188  a0=0000004e ; c.lw    a0,0(a1) [f00405e4]
      3098 :    #3036 0 8000009c 00000711  a4=f0040138 ; c.addi  a4,4
      3099 :    #3037 0 8000009e 00000591  a1=f00405e8 ; c.addi  a1,4
      3100 :    #3038 0 800000a0 000096aa  a3=0000018b ; c.add   a3,a0
      3101 :    #3039 0 800000a2 0000c214              ; c.sw    a3,0(a2) [f0041a94]
      3102 :    #3040 0 800000a4 00000611  a2=f0041a98 ; c.addi  a2,4
      3103 :    #3041 0 800000a6 ff1719e3              ; bne     a4,a7,0x80000098
      3104 :    #3042 0 80000098 00004314  a3=000000e0 ; c.lw    a3,0(a4) [f0040138]
      3105 :    #3043 0 8000009a 00004188  a0=0000015f ; c.lw    a0,0(a1) [f00405e8]
      3106 :    #3044 0 8000009c 00000711  a4=f004013c ; c.addi  a4,4
      3107 :    #3045 0 8000009e 00000591  a1=f00405ec ; c.addi  a1,4
      3108 :    #3046 0 800000a0 000096aa  a3=0000023f ; c.add   a3,a0
      3109 :    #3047 0 800000a2 0000c214              ; c.sw    a3,0(a2) [f0041a98]
      3110 :    #3048 0 800000a4 00000611  a2=f0041a9c ; c.addi  a2,4
      3111 :    #3049 0 800000a6 ff1719e3              ; bne     a4,a7,0x80000098
      3112 :    #3050 0 80000098 00004314  a3=000003a9 ; c.lw    a3,0(a4) [f004013c]
      3113 :    #3051 0 8000009a 00004188  a0=0000021c ; c.lw    a0,0(a1) [f00405ec]
      3114 :    #3052 0 8000009c 00000711  a4=f0040140 ; c.addi  a4,4
      3115 :    #3053 0 8000009e 00000591  a1=f00405f0 ; c.addi  a1,4
      3116 :    #3054 0 800000a0 000096aa  a3=000005c5 ; c.add   a3,a0
      3117 :    #3055 0 800000a2 0000c214              ; c.sw    a3,0(a2) [f0041a9c]
      3118 :    #3056 0 800000a4 00000611  a2=f0041aa0 ; c.addi  a2,4
      3119 :    #3057 0 800000a6 ff1719e3              ; bne     a4,a7,0x80000098
      3120 :    #3058 0 80000098 00004314  a3=00000120 ; c.lw    a3,0(a4) [f0040140]
      3121 :    #3059 0 8000009a 00004188  a0=00000286 ; c.lw    a0,0(a1) [f00405f0]
      3122 :    #3060 0 8000009c 00000711  a4=f0040144 ; c.addi  a4,4
      3123 :    #3061 0 8000009e 00000591  a1=f00405f4 ; c.addi  a1,4
      3124 :    #3062 0 800000a0 000096aa  a3=000003a6 ; c.add   a3,a0
      3125 :    #3063 0 800000a2 0000c214              ; c.sw    a3,0(a2) [f0041aa0]
      3126 :    #3064 0 800000a4 00000611  a2=f0041aa4 ; c.addi  a2,4
      3127 :    #3065 0 800000a6 ff1719e3              ; bne     a4,a7,0x80000098
      3128 :    #3066 0 80000098 00004314  a3=00000077 ; c.lw    a3,0(a4) [f0040144]
      3129 :    #3067 0 8000009a 00004188  a0=000000a9 ; c.lw    a0,0(a1) [f00405f4]
      3130 :    #3068 0 8000009c 00000711  a4=f0040148 ; c.addi  a4,4
      3131 :    #3069 0 8000009e 00000591  a1=f00405f8 ; c.addi  a1,4
      3132 :    #3070 0 800000a0 000096aa  a3=00000120 ; c.add   a3,a0
      3133 :    #3071 0 800000a2 0000c214              ; c.sw    a3,0(a2) [f0041aa4]
      3134 :    #3072 0 800000a4 00000611  a2=f0041aa8 ; c.addi  a2,4
      3135 :    #3073 0 800000a6 ff1719e3              ; bne     a4,a7,0x80000098
      3136 :    #3074 0 80000098 00004314  a3=00000267 ; c.lw    a3,0(a4) [f0040148]
      3137 :    #3075 0 8000009a 00004188  a0=0000020f ; c.lw    a0,0(a1) [f00405f8]
      3138 :    #3076 0 8000009c 00000711  a4=f004014c ; c.addi  a4,4
      3139 :    #3077 0 8000009e 00000591  a1=f00405fc ; c.addi  a1,4
      3140 :    #3078 0 800000a0 000096aa  a3=00000476 ; c.add   a3,a0
      3141 :    #3079 0 800000a2 0000c214              ; c.sw    a3,0(a2) [f0041aa8]
      3142 :    #3080 0 800000a4 00000611  a2=f0041aac ; c.addi  a2,4
      3143 :    #3081 0 800000a6 ff1719e3              ; bne     a4,a7,0x80000098
      3144 :    #3082 0 80000098 00004314  a3=0000025e ; c.lw    a3,0(a4) [f004014c]
      3145 :    #3083 0 8000009a 00004188  a0=00000121 ; c.lw    a0,0(a1) [f00405fc]
      3146 :    #3084 0 8000009c 00000711  a4=f0040150 ; c.addi  a4,4
      3147 :    #3085 0 8000009e 00000591  a1=f0040600 ; c.addi  a1,4
      3148 :    #3086 0 800000a0 000096aa  a3=0000037f ; c.add   a3,a0
      3149 :    #3087 0 800000a2 0000c214              ; c.sw    a3,0(a2) [f0041aac]
      3150 :    #3088 0 800000a4 00000611  a2=f0041ab0 ; c.addi  a2,4
      3151 :    #3089 0 800000a6 ff1719e3              ; bne     a4,a7,0x80000098
      3152 :    #3090 0 80000098 00004314  a3=00000185 ; c.lw    a3,0(a4) [f0040150]
      3153 :    #3091 0 8000009a 00004188  a0=0000031c ; c.lw    a0,0(a1) [f0040600]
      3154 :    #3092 0 8000009c 00000711  a4=f0040154 ; c.addi  a4,4
      3155 :    #3093 0 8000009e 00000591  a1=f0040604 ; c.addi  a1,4
      3156 :    #3094 0 800000a0 000096aa  a3=000004a1 ; c.add   a3,a0
      3157 :    #3095 0 800000a2 0000c214              ; c.sw    a3,0(a2) [f0041ab0]
      3158 :    #3096 0 800000a4 00000611  a2=f0041ab4 ; c.addi  a2,4
      3159 :    #3097 0 800000a6 ff1719e3              ; bne     a4,a7,0x80000098
      3160 :    #3098 0 80000098 00004314  a3=0000015f ; c.lw    a3,0(a4) [f0040154]
      3161 :    #3099 0 8000009a 00004188  a0=00000321 ; c.lw    a0,0(a1) [f0040604]
      3162 :    #3100 0 8000009c 00000711  a4=f0040158 ; c.addi  a4,4
      3163 :    #3101 0 8000009e 00000591  a1=f0040608 ; c.addi  a1,4
      3164 :    #3102 0 800000a0 000096aa  a3=00000480 ; c.add   a3,a0
      3165 :    #3103 0 800000a2 0000c214              ; c.sw    a3,0(a2) [f0041ab4]
      3166 :    #3104 0 800000a4 00000611  a2=f0041ab8 ; c.addi  a2,4
      3167 :    #3105 0 800000a6 ff1719e3              ; bne     a4,a7,0x80000098
      3168 :    #3106 0 80000098 00004314  a3=000001c7 ; c.lw    a3,0(a4) [f0040158]
      3169 :    #3107 0 8000009a 00004188  a0=000002d0 ; c.lw    a0,0(a1) [f0040608]
      3170 :    #3108 0 8000009c 00000711  a4=f004015c ; c.addi  a4,4
      3171 :    #3109 0 8000009e 00000591  a1=f004060c ; c.addi  a1,4
      3172 :    #3110 0 800000a0 000096aa  a3=00000497 ; c.add   a3,a0
      3173 :    #3111 0 800000a2 0000c214              ; c.sw    a3,0(a2) [f0041ab8]
      3174 :    #3112 0 800000a4 00000611  a2=f0041abc ; c.addi  a2,4
      3175 :    #3113 0 800000a6 ff1719e3              ; bne     a4,a7,0x80000098
      3176 :    #3114 0 80000098 00004314  a3=00000116 ; c.lw    a3,0(a4) [f004015c]
      3177 :    #3115 0 8000009a 00004188  a0=000002f6 ; c.lw    a0,0(a1) [f004060c]
      3178 :    #3116 0 8000009c 00000711  a4=f0040160 ; c.addi  a4,4
      3179 :    #3117 0 8000009e 00000591  a1=f0040610 ; c.addi  a1,4
      3180 :    #3118 0 800000a0 000096aa  a3=0000040c ; c.add   a3,a0
      3181 :    #3119 0 800000a2 0000c214              ; c.sw    a3,0(a2) [f0041abc]
      3182 :    #3120 0 800000a4 00000611  a2=f0041ac0 ; c.addi  a2,4
      3183 :    #3121 0 800000a6 ff1719e3              ; bne     a4,a7,0x80000098
      3184 :    #3122 0 80000098 00004314  a3=0000016f ; c.lw    a3,0(a4) [f0040160]
      3185 :    #3123 0 8000009a 00004188  a0=000002e9 ; c.lw    a0,0(a1) [f0040610]
      3186 :    #3124 0 8000009c 00000711  a4=f0040164 ; c.addi  a4,4
      3187 :    #3125 0 8000009e 00000591  a1=f0040614 ; c.addi  a1,4
      3188 :    #3126 0 800000a0 000096aa  a3=00000458 ; c.add   a3,a0
      3189 :    #3127 0 800000a2 0000c214              ; c.sw    a3,0(a2) [f0041ac0]
      3190 :    #3128 0 800000a4 00000611  a2=f0041ac4 ; c.addi  a2,4
      3191 :    #3129 0 800000a6 ff1719e3              ; bne     a4,a7,0x80000098
      3192 :    #3130 0 80000098 00004314  a3=00000166 ; c.lw    a3,0(a4) [f0040164]
      3193 :    #3131 0 8000009a 00004188  a0=0000005c ; c.lw    a0,0(a1) [f0040614]
      3194 :    #3132 0 8000009c 00000711  a4=f0040168 ; c.addi  a4,4
      3195 :    #3133 0 8000009e 00000591  a1=f0040618 ; c.addi  a1,4
      3196 :    #3134 0 800000a0 000096aa  a3=000001c2 ; c.add   a3,a0
      3197 :    #3135 0 800000a2 0000c214              ; c.sw    a3,0(a2) [f0041ac4]
      3198 :    #3136 0 800000a4 00000611  a2=f0041ac8 ; c.addi  a2,4
      3199 :    #3137 0 800000a6 ff1719e3              ; bne     a4,a7,0x80000098
      3200 :    #3138 0 80000098 00004314  a3=00000248 ; c.lw    a3,0(a4) [f0040168]
      3201 :    #3139 0 8000009a 00004188  a0=000003dd ; c.lw    a0,0(a1) [f0040618]
      3202 :    #3140 0 8000009c 00000711  a4=f004016c ; c.addi  a4,4
      3203 :    #3141 0 8000009e 00000591  a1=f004061c ; c.addi  a1,4
      3204 :    #3142 0 800000a0 000096aa  a3=00000625 ; c.add   a3,a0
      3205 :    #3143 0 800000a2 0000c214              ; c.sw    a3,0(a2) [f0041ac8]
      3206 :    #3144 0 800000a4 00000611  a2=f0041acc ; c.addi  a2,4
      3207 :    #3145 0 800000a6 ff1719e3              ; bne     a4,a7,0x80000098
      3208 :    #3146 0 80000098 00004314  a3=0000003e ; c.lw    a3,0(a4) [f004016c]
      3209 :    #3147 0 8000009a 00004188  a0=0000010f ; c.lw    a0,0(a1) [f004061c]
      3210 :    #3148 0 8000009c 00000711  a4=f0040170 ; c.addi  a4,4
      3211 :    #3149 0 8000009e 00000591  a1=f0040620 ; c.addi  a1,4
      3212 :    #3150 0 800000a0 000096aa  a3=0000014d ; c.add   a3,a0
      3213 :    #3151 0 800000a2 0000c214              ; c.sw    a3,0(a2) [f0041acc]
      3214 :    #3152 0 800000a4 00000611  a2=f0041ad0 ; c.addi  a2,4
      3215 :    #3153 0 800000a6 ff1719e3              ; bne     a4,a7,0x80000098
      3216 :    #3154 0 80000098 00004314  a3=000003d9 ; c.lw    a3,0(a4) [f0040170]
      3217 :    #3155 0 8000009a 00004188  a0=00000355 ; c.lw    a0,0(a1) [f0040620]
      3218 :    #3156 0 8000009c 00000711  a4=f0040174 ; c.addi  a4,4
      3219 :    #3157 0 8000009e 00000591  a1=f0040624 ; c.addi  a1,4
      3220 :    #3158 0 800000a0 000096aa  a3=0000072e ; c.add   a3,a0
      3221 :    #3159 0 800000a2 0000c214              ; c.sw    a3,0(a2) [f0041ad0]
      3222 :    #3160 0 800000a4 00000611  a2=f0041ad4 ; c.addi  a2,4
      3223 :    #3161 0 800000a6 ff1719e3              ; bne     a4,a7,0x80000098
      3224 :    #3162 0 80000098 00004314  a3=00000193 ; c.lw    a3,0(a4) [f0040174]
      3225 :    #3163 0 8000009a 00004188  a0=00000314 ; c.lw    a0,0(a1) [f0040624]
      3226 :    #3164 0 8000009c 00000711  a4=f0040178 ; c.addi  a4,4
      3227 :    #3165 0 8000009e 00000591  a1=f0040628 ; c.addi  a1,4
      3228 :    #3166 0 800000a0 000096aa  a3=000004a7 ; c.add   a3,a0
      3229 :    #3167 0 800000a2 0000c214              ; c.sw    a3,0(a2) [f0041ad4]
      3230 :    #3168 0 800000a4 00000611  a2=f0041ad8 ; c.addi  a2,4
      3231 :    #3169 0 800000a6 ff1719e3              ; bne     a4,a7,0x80000098
      3232 :    #3170 0 80000098 00004314  a3=0000015a ; c.lw    a3,0(a4) [f0040178]
      3233 :    #3171 0 8000009a 00004188  a0=00000213 ; c.lw    a0,0(a1) [f0040628]
      3234 :    #3172 0 8000009c 00000711  a4=f004017c ; c.addi  a4,4
      3235 :    #3173 0 8000009e 00000591  a1=f004062c ; c.addi  a1,4
      3236 :    #3174 0 800000a0 000096aa  a3=0000036d ; c.add   a3,a0
      3237 :    #3175 0 800000a2 0000c214              ; c.sw    a3,0(a2) [f0041ad8]
      3238 :    #3176 0 800000a4 00000611  a2=f0041adc ; c.addi  a2,4
      3239 :    #3177 0 800000a6 ff1719e3              ; bne     a4,a7,0x80000098
      3240 :    #3178 0 80000098 00004314  a3=00000205 ; c.lw    a3,0(a4) [f004017c]
      3241 :    #3179 0 8000009a 00004188  a0=000000de ; c.lw    a0,0(a1) [f004062c]
      3242 :    #3180 0 8000009c 00000711  a4=f0040180 ; c.addi  a4,4
      3243 :    #3181 0 8000009e 00000591  a1=f0040630 ; c.addi  a1,4
      3244 :    #3182 0 800000a0 000096aa  a3=000002e3 ; c.add   a3,a0
      3245 :    #3183 0 800000a2 0000c214              ; c.sw    a3,0(a2) [f0041adc]
      3246 :    #3184 0 800000a4 00000611  a2=f0041ae0 ; c.addi  a2,4
      3247 :    #3185 0 800000a6 ff1719e3              ; bne     a4,a7,0x80000098
      3248 :    #3186 0 80000098 00004314  a3=0000022f ; c.lw    a3,0(a4) [f0040180]
      3249 :    #3187 0 8000009a 00004188  a0=000001cd ; c.lw    a0,0(a1) [f0040630]
      3250 :    #3188 0 8000009c 00000711  a4=f0040184 ; c.addi  a4,4
      3251 :    #3189 0 8000009e 00000591  a1=f0040634 ; c.addi  a1,4
      3252 :    #3190 0 800000a0 000096aa  a3=000003fc ; c.add   a3,a0
      3253 :    #3191 0 800000a2 0000c214              ; c.sw    a3,0(a2) [f0041ae0]
      3254 :    #3192 0 800000a4 00000611  a2=f0041ae4 ; c.addi  a2,4
      3255 :    #3193 0 800000a6 ff1719e3              ; bne     a4,a7,0x80000098
      3256 :    #3194 0 80000098 00004314  a3=0000038c ; c.lw    a3,0(a4) [f0040184]
      3257 :    #3195 0 8000009a 00004188  a0=000000f1 ; c.lw    a0,0(a1) [f0040634]
      3258 :    #3196 0 8000009c 00000711  a4=f0040188 ; c.addi  a4,4
      3259 :    #3197 0 8000009e 00000591  a1=f0040638 ; c.addi  a1,4
      3260 :    #3198 0 800000a0 000096aa  a3=0000047d ; c.add   a3,a0
      3261 :    #3199 0 800000a2 0000c214              ; c.sw    a3,0(a2) [f0041ae4]
      3262 :    #3200 0 800000a4 00000611  a2=f0041ae8 ; c.addi  a2,4
      3263 :    #3201 0 800000a6 ff1719e3              ; bne     a4,a7,0x80000098
      3264 :    #3202 0 80000098 00004314  a3=00000307 ; c.lw    a3,0(a4) [f0040188]
      3265 :    #3203 0 8000009a 00004188  a0=00000166 ; c.lw    a0,0(a1) [f0040638]
      3266 :    #3204 0 8000009c 00000711  a4=f004018c ; c.addi  a4,4
      3267 :    #3205 0 8000009e 00000591  a1=f004063c ; c.addi  a1,4
      3268 :    #3206 0 800000a0 000096aa  a3=0000046d ; c.add   a3,a0
      3269 :    #3207 0 800000a2 0000c214              ; c.sw    a3,0(a2) [f0041ae8]
      3270 :    #3208 0 800000a4 00000611  a2=f0041aec ; c.addi  a2,4
      3271 :    #3209 0 800000a6 ff1719e3              ; bne     a4,a7,0x80000098
      3272 :    #3210 0 80000098 00004314  a3=000000ff ; c.lw    a3,0(a4) [f004018c]
      3273 :    #3211 0 8000009a 00004188  a0=0000014c ; c.lw    a0,0(a1) [f004063c]
      3274 :    #3212 0 8000009c 00000711  a4=f0040190 ; c.addi  a4,4
      3275 :    #3213 0 8000009e 00000591  a1=f0040640 ; c.addi  a1,4
      3276 :    #3214 0 800000a0 000096aa  a3=0000024b ; c.add   a3,a0
      3277 :    #3215 0 800000a2 0000c214              ; c.sw    a3,0(a2) [f0041aec]
      3278 :    #3216 0 800000a4 00000611  a2=f0041af0 ; c.addi  a2,4
      3279 :    #3217 0 800000a6 ff1719e3              ; bne     a4,a7,0x80000098
      3280 :    #3218 0 80000098 00004314  a3=0000030a ; c.lw    a3,0(a4) [f0040190]
      3281 :    #3219 0 8000009a 00004188  a0=000002ac ; c.lw    a0,0(a1) [f0040640]
      3282 :    #3220 0 8000009c 00000711  a4=f0040194 ; c.addi  a4,4
      3283 :    #3221 0 8000009e 00000591  a1=f0040644 ; c.addi  a1,4
      3284 :    #3222 0 800000a0 000096aa  a3=000005b6 ; c.add   a3,a0
      3285 :    #3223 0 800000a2 0000c214              ; c.sw    a3,0(a2) [f0041af0]
      3286 :    #3224 0 800000a4 00000611  a2=f0041af4 ; c.addi  a2,4
      3287 :    #3225 0 800000a6 ff1719e3              ; bne     a4,a7,0x80000098
      3288 :    #3226 0 80000098 00004314  a3=00000256 ; c.lw    a3,0(a4) [f0040194]
      3289 :    #3227 0 8000009a 00004188  a0=000002e4 ; c.lw    a0,0(a1) [f0040644]
      3290 :    #3228 0 8000009c 00000711  a4=f0040198 ; c.addi  a4,4
      3291 :    #3229 0 8000009e 00000591  a1=f0040648 ; c.addi  a1,4
      3292 :    #3230 0 800000a0 000096aa  a3=0000053a ; c.add   a3,a0
      3293 :    #3231 0 800000a2 0000c214              ; c.sw    a3,0(a2) [f0041af4]
      3294 :    #3232 0 800000a4 00000611  a2=f0041af8 ; c.addi  a2,4
      3295 :    #3233 0 800000a6 ff1719e3              ; bne     a4,a7,0x80000098
      3296 :    #3234 0 80000098 00004314  a3=0000008f ; c.lw    a3,0(a4) [f0040198]
      3297 :    #3235 0 8000009a 00004188  a0=000001be ; c.lw    a0,0(a1) [f0040648]
      3298 :    #3236 0 8000009c 00000711  a4=f004019c ; c.addi  a4,4
      3299 :    #3237 0 8000009e 00000591  a1=f004064c ; c.addi  a1,4
      3300 :    #3238 0 800000a0 000096aa  a3=0000024d ; c.add   a3,a0
      3301 :    #3239 0 800000a2 0000c214              ; c.sw    a3,0(a2) [f0041af8]
      3302 :    #3240 0 800000a4 00000611  a2=f0041afc ; c.addi  a2,4
      3303 :    #3241 0 800000a6 ff1719e3              ; bne     a4,a7,0x80000098
      3304 :    #3242 0 80000098 00004314  a3=00000021 ; c.lw    a3,0(a4) [f004019c]
      3305 :    #3243 0 8000009a 00004188  a0=00000137 ; c.lw    a0,0(a1) [f004064c]
      3306 :    #3244 0 8000009c 00000711  a4=f00401a0 ; c.addi  a4,4
      3307 :    #3245 0 8000009e 00000591  a1=f0040650 ; c.addi  a1,4
      3308 :    #3246 0 800000a0 000096aa  a3=00000158 ; c.add   a3,a0
      3309 :    #3247 0 800000a2 0000c214              ; c.sw    a3,0(a2) [f0041afc]
      3310 :    #3248 0 800000a4 00000611  a2=f0041b00 ; c.addi  a2,4
      3311 :    #3249 0 800000a6 ff1719e3              ; bne     a4,a7,0x80000098
      3312 :    #3250 0 80000098 00004314  a3=0000007d ; c.lw    a3,0(a4) [f00401a0]
      3313 :    #3251 0 8000009a 00004188  a0=000002e7 ; c.lw    a0,0(a1) [f0040650]
      3314 :    #3252 0 8000009c 00000711  a4=f00401a4 ; c.addi  a4,4
      3315 :    #3253 0 8000009e 00000591  a1=f0040654 ; c.addi  a1,4
      3316 :    #3254 0 800000a0 000096aa  a3=00000364 ; c.add   a3,a0
      3317 :    #3255 0 800000a2 0000c214              ; c.sw    a3,0(a2) [f0041b00]
      3318 :    #3256 0 800000a4 00000611  a2=f0041b04 ; c.addi  a2,4
      3319 :    #3257 0 800000a6 ff1719e3              ; bne     a4,a7,0x80000098
      3320 :    #3258 0 80000098 00004314  a3=000003ad ; c.lw    a3,0(a4) [f00401a4]
      3321 :    #3259 0 8000009a 00004188  a0=0000022d ; c.lw    a0,0(a1) [f0040654]
      3322 :    #3260 0 8000009c 00000711  a4=f00401a8 ; c.addi  a4,4
      3323 :    #3261 0 8000009e 00000591  a1=f0040658 ; c.addi  a1,4
      3324 :    #3262 0 800000a0 000096aa  a3=000005da ; c.add   a3,a0
      3325 :    #3263 0 800000a2 0000c214              ; c.sw    a3,0(a2) [f0041b04]
      3326 :    #3264 0 800000a4 00000611  a2=f0041b08 ; c.addi  a2,4
      3327 :    #3265 0 800000a6 ff1719e3              ; bne     a4,a7,0x80000098
      3328 :    #3266 0 80000098 00004314  a3=000003a5 ; c.lw    a3,0(a4) [f00401a8]
      3329 :    #3267 0 8000009a 00004188  a0=000001df ; c.lw    a0,0(a1) [f0040658]
      3330 :    #3268 0 8000009c 00000711  a4=f00401ac ; c.addi  a4,4
      3331 :    #3269 0 8000009e 00000591  a1=f004065c ; c.addi  a1,4
      3332 :    #3270 0 800000a0 000096aa  a3=00000584 ; c.add   a3,a0
      3333 :    #3271 0 800000a2 0000c214              ; c.sw    a3,0(a2) [f0041b08]
      3334 :    #3272 0 800000a4 00000611  a2=f0041b0c ; c.addi  a2,4
      3335 :    #3273 0 800000a6 ff1719e3              ; bne     a4,a7,0x80000098
      3336 :    #3274 0 80000098 00004314  a3=0000031f ; c.lw    a3,0(a4) [f00401ac]
      3337 :    #3275 0 8000009a 00004188  a0=0000022d ; c.lw    a0,0(a1) [f004065c]
      3338 :    #3276 0 8000009c 00000711  a4=f00401b0 ; c.addi  a4,4
      3339 :    #3277 0 8000009e 00000591  a1=f0040660 ; c.addi  a1,4
      3340 :    #3278 0 800000a0 000096aa  a3=0000054c ; c.add   a3,a0
      3341 :    #3279 0 800000a2 0000c214              ; c.sw    a3,0(a2) [f0041b0c]
      3342 :    #3280 0 800000a4 00000611  a2=f0041b10 ; c.addi  a2,4
      3343 :    #3281 0 800000a6 ff1719e3              ; bne     a4,a7,0x80000098
      3344 :    #3282 0 80000098 00004314  a3=00000229 ; c.lw    a3,0(a4) [f00401b0]
      3345 :    #3283 0 8000009a 00004188  a0=0000039d ; c.lw    a0,0(a1) [f0040660]
      3346 :    #3284 0 8000009c 00000711  a4=f00401b4 ; c.addi  a4,4
      3347 :    #3285 0 8000009e 00000591  a1=f0040664 ; c.addi  a1,4
      3348 :    #3286 0 800000a0 000096aa  a3=000005c6 ; c.add   a3,a0
      3349 :    #3287 0 800000a2 0000c214              ; c.sw    a3,0(a2) [f0041b10]
      3350 :    #3288 0 800000a4 00000611  a2=f0041b14 ; c.addi  a2,4
      3351 :    #3289 0 800000a6 ff1719e3              ; bne     a4,a7,0x80000098
      3352 :    #3290 0 80000098 00004314  a3=000001af ; c.lw    a3,0(a4) [f00401b4]
      3353 :    #3291 0 8000009a 00004188  a0=0000031c ; c.lw    a0,0(a1) [f0040664]
      3354 :    #3292 0 8000009c 00000711  a4=f00401b8 ; c.addi  a4,4
      3355 :    #3293 0 8000009e 00000591  a1=f0040668 ; c.addi  a1,4
      3356 :    #3294 0 800000a0 000096aa  a3=000004cb ; c.add   a3,a0
      3357 :    #3295 0 800000a2 0000c214              ; c.sw    a3,0(a2) [f0041b14]
      3358 :    #3296 0 800000a4 00000611  a2=f0041b18 ; c.addi  a2,4
      3359 :    #3297 0 800000a6 ff1719e3              ; bne     a4,a7,0x80000098
      3360 :    #3298 0 80000098 00004314  a3=00000288 ; c.lw    a3,0(a4) [f00401b8]
      3361 :    #3299 0 8000009a 00004188  a0=00000165 ; c.lw    a0,0(a1) [f0040668]
      3362 :    #3300 0 8000009c 00000711  a4=f00401bc ; c.addi  a4,4
      3363 :    #3301 0 8000009e 00000591  a1=f004066c ; c.addi  a1,4
      3364 :    #3302 0 800000a0 000096aa  a3=000003ed ; c.add   a3,a0
      3365 :    #3303 0 800000a2 0000c214              ; c.sw    a3,0(a2) [f0041b18]
      3366 :    #3304 0 800000a4 00000611  a2=f0041b1c ; c.addi  a2,4
      3367 :    #3305 0 800000a6 ff1719e3              ; bne     a4,a7,0x80000098
      3368 :    #3306 0 80000098 00004314  a3=000003b8 ; c.lw    a3,0(a4) [f00401bc]
      3369 :    #3307 0 8000009a 00004188  a0=0000037b ; c.lw    a0,0(a1) [f004066c]
      3370 :    #3308 0 8000009c 00000711  a4=f00401c0 ; c.addi  a4,4
      3371 :    #3309 0 8000009e 00000591  a1=f0040670 ; c.addi  a1,4
      3372 :    #3310 0 800000a0 000096aa  a3=00000733 ; c.add   a3,a0
      3373 :    #3311 0 800000a2 0000c214              ; c.sw    a3,0(a2) [f0041b1c]
      3374 :    #3312 0 800000a4 00000611  a2=f0041b20 ; c.addi  a2,4
      3375 :    #3313 0 800000a6 ff1719e3              ; bne     a4,a7,0x80000098
      3376 :    #3314 0 80000098 00004314  a3=0000011f ; c.lw    a3,0(a4) [f00401c0]
      3377 :    #3315 0 8000009a 00004188  a0=0000029a ; c.lw    a0,0(a1) [f0040670]
      3378 :    #3316 0 8000009c 00000711  a4=f00401c4 ; c.addi  a4,4
      3379 :    #3317 0 8000009e 00000591  a1=f0040674 ; c.addi  a1,4
      3380 :    #3318 0 800000a0 000096aa  a3=000003b9 ; c.add   a3,a0
      3381 :    #3319 0 800000a2 0000c214              ; c.sw    a3,0(a2) [f0041b20]
      3382 :    #3320 0 800000a4 00000611  a2=f0041b24 ; c.addi  a2,4
      3383 :    #3321 0 800000a6 ff1719e3              ; bne     a4,a7,0x80000098
      3384 :    #3322 0 80000098 00004314  a3=00000013 ; c.lw    a3,0(a4) [f00401c4]
      3385 :    #3323 0 8000009a 00004188  a0=00000202 ; c.lw    a0,0(a1) [f0040674]
      3386 :    #3324 0 8000009c 00000711  a4=f00401c8 ; c.addi  a4,4
      3387 :    #3325 0 8000009e 00000591  a1=f0040678 ; c.addi  a1,4
      3388 :    #3326 0 800000a0 000096aa  a3=00000215 ; c.add   a3,a0
      3389 :    #3327 0 800000a2 0000c214              ; c.sw    a3,0(a2) [f0041b24]
      3390 :    #3328 0 800000a4 00000611  a2=f0041b28 ; c.addi  a2,4
      3391 :    #3329 0 800000a6 ff1719e3              ; bne     a4,a7,0x80000098
      3392 :    #3330 0 80000098 00004314  a3=00000031 ; c.lw    a3,0(a4) [f00401c8]
      3393 :    #3331 0 8000009a 00004188  a0=0000022d ; c.lw    a0,0(a1) [f0040678]
      3394 :    #3332 0 8000009c 00000711  a4=f00401cc ; c.addi  a4,4
      3395 :    #3333 0 8000009e 00000591  a1=f004067c ; c.addi  a1,4
      3396 :    #3334 0 800000a0 000096aa  a3=0000025e ; c.add   a3,a0
      3397 :    #3335 0 800000a2 0000c214              ; c.sw    a3,0(a2) [f0041b28]
      3398 :    #3336 0 800000a4 00000611  a2=f0041b2c ; c.addi  a2,4
      3399 :    #3337 0 800000a6 ff1719e3              ; bne     a4,a7,0x80000098
      3400 :    #3338 0 80000098 00004314  a3=00000056 ; c.lw    a3,0(a4) [f00401cc]
      3401 :    #3339 0 8000009a 00004188  a0=00000366 ; c.lw    a0,0(a1) [f004067c]
      3402 :    #3340 0 8000009c 00000711  a4=f00401d0 ; c.addi  a4,4
      3403 :    #3341 0 8000009e 00000591  a1=f0040680 ; c.addi  a1,4
      3404 :    #3342 0 800000a0 000096aa  a3=000003bc ; c.add   a3,a0
      3405 :    #3343 0 800000a2 0000c214              ; c.sw    a3,0(a2) [f0041b2c]
      3406 :    #3344 0 800000a4 00000611  a2=f0041b30 ; c.addi  a2,4
      3407 :    #3345 0 800000a6 ff1719e3              ; bne     a4,a7,0x80000098
      3408 :    #3346 0 80000098 00004314  a3=0000005f ; c.lw    a3,0(a4) [f00401d0]
      3409 :    #3347 0 8000009a 00004188  a0=00000355 ; c.lw    a0,0(a1) [f0040680]
      3410 :    #3348 0 8000009c 00000711  a4=f00401d4 ; c.addi  a4,4
      3411 :    #3349 0 8000009e 00000591  a1=f0040684 ; c.addi  a1,4
      3412 :    #3350 0 800000a0 000096aa  a3=000003b4 ; c.add   a3,a0
      3413 :    #3351 0 800000a2 0000c214              ; c.sw    a3,0(a2) [f0041b30]
      3414 :    #3352 0 800000a4 00000611  a2=f0041b34 ; c.addi  a2,4
      3415 :    #3353 0 800000a6 ff1719e3              ; bne     a4,a7,0x80000098
      3416 :    #3354 0 80000098 00004314  a3=000001b9 ; c.lw    a3,0(a4) [f00401d4]
      3417 :    #3355 0 8000009a 00004188  a0=000001b8 ; c.lw    a0,0(a1) [f0040684]
      3418 :    #3356 0 8000009c 00000711  a4=f00401d8 ; c.addi  a4,4
      3419 :    #3357 0 8000009e 00000591  a1=f0040688 ; c.addi  a1,4
      3420 :    #3358 0 800000a0 000096aa  a3=00000371 ; c.add   a3,a0
      3421 :    #3359 0 800000a2 0000c214              ; c.sw    a3,0(a2) [f0041b34]
      3422 :    #3360 0 800000a4 00000611  a2=f0041b38 ; c.addi  a2,4
      3423 :    #3361 0 800000a6 ff1719e3              ; bne     a4,a7,0x80000098
      3424 :    #3362 0 80000098 00004314  a3=0000024b ; c.lw    a3,0(a4) [f00401d8]
      3425 :    #3363 0 8000009a 00004188  a0=0000003d ; c.lw    a0,0(a1) [f0040688]
      3426 :    #3364 0 8000009c 00000711  a4=f00401dc ; c.addi  a4,4
      3427 :    #3365 0 8000009e 00000591  a1=f004068c ; c.addi  a1,4
      3428 :    #3366 0 800000a0 000096aa  a3=00000288 ; c.add   a3,a0
      3429 :    #3367 0 800000a2 0000c214              ; c.sw    a3,0(a2) [f0041b38]
      3430 :    #3368 0 800000a4 00000611  a2=f0041b3c ; c.addi  a2,4
      3431 :    #3369 0 800000a6 ff1719e3              ; bne     a4,a7,0x80000098
      3432 :    #3370 0 80000098 00004314  a3=00000266 ; c.lw    a3,0(a4) [f00401dc]
      3433 :    #3371 0 8000009a 00004188  a0=000002a6 ; c.lw    a0,0(a1) [f004068c]
      3434 :    #3372 0 8000009c 00000711  a4=f00401e0 ; c.addi  a4,4
      3435 :    #3373 0 8000009e 00000591  a1=f0040690 ; c.addi  a1,4
      3436 :    #3374 0 800000a0 000096aa  a3=0000050c ; c.add   a3,a0
      3437 :    #3375 0 800000a2 0000c214              ; c.sw    a3,0(a2) [f0041b3c]
      3438 :    #3376 0 800000a4 00000611  a2=f0041b40 ; c.addi  a2,4
      3439 :    #3377 0 800000a6 ff1719e3              ; bne     a4,a7,0x80000098
      3440 :    #3378 0 80000098 00004314  a3=0000017e ; c.lw    a3,0(a4) [f00401e0]
      3441 :    #3379 0 8000009a 00004188  a0=0000018c ; c.lw    a0,0(a1) [f0040690]
      3442 :    #3380 0 8000009c 00000711  a4=f00401e4 ; c.addi  a4,4
      3443 :    #3381 0 8000009e 00000591  a1=f0040694 ; c.addi  a1,4
      3444 :    #3382 0 800000a0 000096aa  a3=0000030a ; c.add   a3,a0
      3445 :    #3383 0 800000a2 0000c214              ; c.sw    a3,0(a2) [f0041b40]
      3446 :    #3384 0 800000a4 00000611  a2=f0041b44 ; c.addi  a2,4
      3447 :    #3385 0 800000a6 ff1719e3              ; bne     a4,a7,0x80000098
      3448 :    #3386 0 80000098 00004314  a3=00000118 ; c.lw    a3,0(a4) [f00401e4]
      3449 :    #3387 0 8000009a 00004188  a0=00000009 ; c.lw    a0,0(a1) [f0040694]
      3450 :    #3388 0 8000009c 00000711  a4=f00401e8 ; c.addi  a4,4
      3451 :    #3389 0 8000009e 00000591  a1=f0040698 ; c.addi  a1,4
      3452 :    #3390 0 800000a0 000096aa  a3=00000121 ; c.add   a3,a0
      3453 :    #3391 0 800000a2 0000c214              ; c.sw    a3,0(a2) [f0041b44]
      3454 :    #3392 0 800000a4 00000611  a2=f0041b48 ; c.addi  a2,4
      3455 :    #3393 0 800000a6 ff1719e3              ; bne     a4,a7,0x80000098
      3456 :    #3394 0 80000098 00004314  a3=00000328 ; c.lw    a3,0(a4) [f00401e8]
      3457 :    #3395 0 8000009a 00004188  a0=00000011 ; c.lw    a0,0(a1) [f0040698]
      3458 :    #3396 0 8000009c 00000711  a4=f00401ec ; c.addi  a4,4
      3459 :    #3397 0 8000009e 00000591  a1=f004069c ; c.addi  a1,4
      3460 :    #3398 0 800000a0 000096aa  a3=00000339 ; c.add   a3,a0
      3461 :    #3399 0 800000a2 0000c214              ; c.sw    a3,0(a2) [f0041b48]
      3462 :    #3400 0 800000a4 00000611  a2=f0041b4c ; c.addi  a2,4
      3463 :    #3401 0 800000a6 ff1719e3              ; bne     a4,a7,0x80000098
      3464 :    #3402 0 80000098 00004314  a3=000003cb ; c.lw    a3,0(a4) [f00401ec]
      3465 :    #3403 0 8000009a 00004188  a0=000000aa ; c.lw    a0,0(a1) [f004069c]
      3466 :    #3404 0 8000009c 00000711  a4=f00401f0 ; c.addi  a4,4
      3467 :    #3405 0 8000009e 00000591  a1=f00406a0 ; c.addi  a1,4
      3468 :    #3406 0 800000a0 000096aa  a3=00000475 ; c.add   a3,a0
      3469 :    #3407 0 800000a2 0000c214              ; c.sw    a3,0(a2) [f0041b4c]
      3470 :    #3408 0 800000a4 00000611  a2=f0041b50 ; c.addi  a2,4
      3471 :    #3409 0 800000a6 ff1719e3              ; bne     a4,a7,0x80000098
      3472 :    #3410 0 80000098 00004314  a3=00000333 ; c.lw    a3,0(a4) [f00401f0]
      3473 :    #3411 0 8000009a 00004188  a0=00000123 ; c.lw    a0,0(a1) [f00406a0]
      3474 :    #3412 0 8000009c 00000711  a4=f00401f4 ; c.addi  a4,4
      3475 :    #3413 0 8000009e 00000591  a1=f00406a4 ; c.addi  a1,4
      3476 :    #3414 0 800000a0 000096aa  a3=00000456 ; c.add   a3,a0
      3477 :    #3415 0 800000a2 0000c214              ; c.sw    a3,0(a2) [f0041b50]
      3478 :    #3416 0 800000a4 00000611  a2=f0041b54 ; c.addi  a2,4
      3479 :    #3417 0 800000a6 ff1719e3              ; bne     a4,a7,0x80000098
      3480 :    #3418 0 80000098 00004314  a3=00000158 ; c.lw    a3,0(a4) [f00401f4]
      3481 :    #3419 0 8000009a 00004188  a0=0000017c ; c.lw    a0,0(a1) [f00406a4]
      3482 :    #3420 0 8000009c 00000711  a4=f00401f8 ; c.addi  a4,4
      3483 :    #3421 0 8000009e 00000591  a1=f00406a8 ; c.addi  a1,4
      3484 :    #3422 0 800000a0 000096aa  a3=000002d4 ; c.add   a3,a0
      3485 :    #3423 0 800000a2 0000c214              ; c.sw    a3,0(a2) [f0041b54]
      3486 :    #3424 0 800000a4 00000611  a2=f0041b58 ; c.addi  a2,4
      3487 :    #3425 0 800000a6 ff1719e3              ; bne     a4,a7,0x80000098
      3488 :    #3426 0 80000098 00004314  a3=000001c2 ; c.lw    a3,0(a4) [f00401f8]
      3489 :    #3427 0 8000009a 00004188  a0=00000218 ; c.lw    a0,0(a1) [f00406a8]
      3490 :    #3428 0 8000009c 00000711  a4=f00401fc ; c.addi  a4,4
      3491 :    #3429 0 8000009e 00000591  a1=f00406ac ; c.addi  a1,4
      3492 :    #3430 0 800000a0 000096aa  a3=000003da ; c.add   a3,a0
      3493 :    #3431 0 800000a2 0000c214              ; c.sw    a3,0(a2) [f0041b58]
      3494 :    #3432 0 800000a4 00000611  a2=f0041b5c ; c.addi  a2,4
      3495 :    #3433 0 800000a6 ff1719e3              ; bne     a4,a7,0x80000098
      3496 :    #3434 0 80000098 00004314  a3=00000200 ; c.lw    a3,0(a4) [f00401fc]
      3497 :    #3435 0 8000009a 00004188  a0=000000b9 ; c.lw    a0,0(a1) [f00406ac]
      3498 :    #3436 0 8000009c 00000711  a4=f0040200 ; c.addi  a4,4
      3499 :    #3437 0 8000009e 00000591  a1=f00406b0 ; c.addi  a1,4
      3500 :    #3438 0 800000a0 000096aa  a3=000002b9 ; c.add   a3,a0
      3501 :    #3439 0 800000a2 0000c214              ; c.sw    a3,0(a2) [f0041b5c]
      3502 :    #3440 0 800000a4 00000611  a2=f0041b60 ; c.addi  a2,4
      3503 :    #3441 0 800000a6 ff1719e3              ; bne     a4,a7,0x80000098
      3504 :    #3442 0 80000098 00004314  a3=000003c5 ; c.lw    a3,0(a4) [f0040200]
      3505 :    #3443 0 8000009a 00004188  a0=00000395 ; c.lw    a0,0(a1) [f00406b0]
      3506 :    #3444 0 8000009c 00000711  a4=f0040204 ; c.addi  a4,4
      3507 :    #3445 0 8000009e 00000591  a1=f00406b4 ; c.addi  a1,4
      3508 :    #3446 0 800000a0 000096aa  a3=0000075a ; c.add   a3,a0
      3509 :    #3447 0 800000a2 0000c214              ; c.sw    a3,0(a2) [f0041b60]
      3510 :    #3448 0 800000a4 00000611  a2=f0041b64 ; c.addi  a2,4
      3511 :    #3449 0 800000a6 ff1719e3              ; bne     a4,a7,0x80000098
      3512 :    #3450 0 80000098 00004314  a3=0000015b ; c.lw    a3,0(a4) [f0040204]
      3513 :    #3451 0 8000009a 00004188  a0=0000021b ; c.lw    a0,0(a1) [f00406b4]
      3514 :    #3452 0 8000009c 00000711  a4=f0040208 ; c.addi  a4,4
      3515 :    #3453 0 8000009e 00000591  a1=f00406b8 ; c.addi  a1,4
      3516 :    #3454 0 800000a0 000096aa  a3=00000376 ; c.add   a3,a0
      3517 :    #3455 0 800000a2 0000c214              ; c.sw    a3,0(a2) [f0041b64]
      3518 :    #3456 0 800000a4 00000611  a2=f0041b68 ; c.addi  a2,4
      3519 :    #3457 0 800000a6 ff1719e3              ; bne     a4,a7,0x80000098
      3520 :    #3458 0 80000098 00004314  a3=00000328 ; c.lw    a3,0(a4) [f0040208]
      3521 :    #3459 0 8000009a 00004188  a0=000003d7 ; c.lw    a0,0(a1) [f00406b8]
      3522 :    #3460 0 8000009c 00000711  a4=f004020c ; c.addi  a4,4
      3523 :    #3461 0 8000009e 00000591  a1=f00406bc ; c.addi  a1,4
      3524 :    #3462 0 800000a0 000096aa  a3=000006ff ; c.add   a3,a0
      3525 :    #3463 0 800000a2 0000c214              ; c.sw    a3,0(a2) [f0041b68]
      3526 :    #3464 0 800000a4 00000611  a2=f0041b6c ; c.addi  a2,4
      3527 :    #3465 0 800000a6 ff1719e3              ; bne     a4,a7,0x80000098
      3528 :    #3466 0 80000098 00004314  a3=00000372 ; c.lw    a3,0(a4) [f004020c]
      3529 :    #3467 0 8000009a 00004188  a0=00000377 ; c.lw    a0,0(a1) [f00406bc]
      3530 :    #3468 0 8000009c 00000711  a4=f0040210 ; c.addi  a4,4
      3531 :    #3469 0 8000009e 00000591  a1=f00406c0 ; c.addi  a1,4
      3532 :    #3470 0 800000a0 000096aa  a3=000006e9 ; c.add   a3,a0
      3533 :    #3471 0 800000a2 0000c214              ; c.sw    a3,0(a2) [f0041b6c]
      3534 :    #3472 0 800000a4 00000611  a2=f0041b70 ; c.addi  a2,4
      3535 :    #3473 0 800000a6 ff1719e3              ; bne     a4,a7,0x80000098
      3536 :    #3474 0 80000098 00004314  a3=00000219 ; c.lw    a3,0(a4) [f0040210]
      3537 :    #3475 0 8000009a 00004188  a0=00000036 ; c.lw    a0,0(a1) [f00406c0]
      3538 :    #3476 0 8000009c 00000711  a4=f0040214 ; c.addi  a4,4
      3539 :    #3477 0 8000009e 00000591  a1=f00406c4 ; c.addi  a1,4
      3540 :    #3478 0 800000a0 000096aa  a3=0000024f ; c.add   a3,a0
      3541 :    #3479 0 800000a2 0000c214              ; c.sw    a3,0(a2) [f0041b70]
      3542 :    #3480 0 800000a4 00000611  a2=f0041b74 ; c.addi  a2,4
      3543 :    #3481 0 800000a6 ff1719e3              ; bne     a4,a7,0x80000098
      3544 :    #3482 0 80000098 00004314  a3=000003b2 ; c.lw    a3,0(a4) [f0040214]
      3545 :    #3483 0 8000009a 00004188  a0=00000264 ; c.lw    a0,0(a1) [f00406c4]
      3546 :    #3484 0 8000009c 00000711  a4=f0040218 ; c.addi  a4,4
      3547 :    #3485 0 8000009e 00000591  a1=f00406c8 ; c.addi  a1,4
      3548 :    #3486 0 800000a0 000096aa  a3=00000616 ; c.add   a3,a0
      3549 :    #3487 0 800000a2 0000c214              ; c.sw    a3,0(a2) [f0041b74]
      3550 :    #3488 0 800000a4 00000611  a2=f0041b78 ; c.addi  a2,4
      3551 :    #3489 0 800000a6 ff1719e3              ; bne     a4,a7,0x80000098
      3552 :    #3490 0 80000098 00004314  a3=000002bd ; c.lw    a3,0(a4) [f0040218]
      3553 :    #3491 0 8000009a 00004188  a0=000003b7 ; c.lw    a0,0(a1) [f00406c8]
      3554 :    #3492 0 8000009c 00000711  a4=f004021c ; c.addi  a4,4
      3555 :    #3493 0 8000009e 00000591  a1=f00406cc ; c.addi  a1,4
      3556 :    #3494 0 800000a0 000096aa  a3=00000674 ; c.add   a3,a0
      3557 :    #3495 0 800000a2 0000c214              ; c.sw    a3,0(a2) [f0041b78]
      3558 :    #3496 0 800000a4 00000611  a2=f0041b7c ; c.addi  a2,4
      3559 :    #3497 0 800000a6 ff1719e3              ; bne     a4,a7,0x80000098
      3560 :    #3498 0 80000098 00004314  a3=00000164 ; c.lw    a3,0(a4) [f004021c]
      3561 :    #3499 0 8000009a 00004188  a0=000001df ; c.lw    a0,0(a1) [f00406cc]
      3562 :    #3500 0 8000009c 00000711  a4=f0040220 ; c.addi  a4,4
      3563 :    #3501 0 8000009e 00000591  a1=f00406d0 ; c.addi  a1,4
      3564 :    #3502 0 800000a0 000096aa  a3=00000343 ; c.add   a3,a0
      3565 :    #3503 0 800000a2 0000c214              ; c.sw    a3,0(a2) [f0041b7c]
      3566 :    #3504 0 800000a4 00000611  a2=f0041b80 ; c.addi  a2,4
      3567 :    #3505 0 800000a6 ff1719e3              ; bne     a4,a7,0x80000098
      3568 :    #3506 0 80000098 00004314  a3=00000237 ; c.lw    a3,0(a4) [f0040220]
      3569 :    #3507 0 8000009a 00004188  a0=00000097 ; c.lw    a0,0(a1) [f00406d0]
      3570 :    #3508 0 8000009c 00000711  a4=f0040224 ; c.addi  a4,4
      3571 :    #3509 0 8000009e 00000591  a1=f00406d4 ; c.addi  a1,4
      3572 :    #3510 0 800000a0 000096aa  a3=000002ce ; c.add   a3,a0
      3573 :    #3511 0 800000a2 0000c214              ; c.sw    a3,0(a2) [f0041b80]
      3574 :    #3512 0 800000a4 00000611  a2=f0041b84 ; c.addi  a2,4
      3575 :    #3513 0 800000a6 ff1719e3              ; bne     a4,a7,0x80000098
      3576 :    #3514 0 80000098 00004314  a3=0000037b ; c.lw    a3,0(a4) [f0040224]
      3577 :    #3515 0 8000009a 00004188  a0=00000007 ; c.lw    a0,0(a1) [f00406d4]
      3578 :    #3516 0 8000009c 00000711  a4=f0040228 ; c.addi  a4,4
      3579 :    #3517 0 8000009e 00000591  a1=f00406d8 ; c.addi  a1,4
      3580 :    #3518 0 800000a0 000096aa  a3=00000382 ; c.add   a3,a0
      3581 :    #3519 0 800000a2 0000c214              ; c.sw    a3,0(a2) [f0041b84]
      3582 :    #3520 0 800000a4 00000611  a2=f0041b88 ; c.addi  a2,4
      3583 :    #3521 0 800000a6 ff1719e3              ; bne     a4,a7,0x80000098
      3584 :    #3522 0 80000098 00004314  a3=00000016 ; c.lw    a3,0(a4) [f0040228]
      3585 :    #3523 0 8000009a 00004188  a0=00000281 ; c.lw    a0,0(a1) [f00406d8]
      3586 :    #3524 0 8000009c 00000711  a4=f004022c ; c.addi  a4,4
      3587 :    #3525 0 8000009e 00000591  a1=f00406dc ; c.addi  a1,4
      3588 :    #3526 0 800000a0 000096aa  a3=00000297 ; c.add   a3,a0
      3589 :    #3527 0 800000a2 0000c214              ; c.sw    a3,0(a2) [f0041b88]
      3590 :    #3528 0 800000a4 00000611  a2=f0041b8c ; c.addi  a2,4
      3591 :    #3529 0 800000a6 ff1719e3              ; bne     a4,a7,0x80000098
      3592 :    #3530 0 80000098 00004314  a3=00000238 ; c.lw    a3,0(a4) [f004022c]
      3593 :    #3531 0 8000009a 00004188  a0=0000014f ; c.lw    a0,0(a1) [f00406dc]
      3594 :    #3532 0 8000009c 00000711  a4=f0040230 ; c.addi  a4,4
      3595 :    #3533 0 8000009e 00000591  a1=f00406e0 ; c.addi  a1,4
      3596 :    #3534 0 800000a0 000096aa  a3=00000387 ; c.add   a3,a0
      3597 :    #3535 0 800000a2 0000c214              ; c.sw    a3,0(a2) [f0041b8c]
      3598 :    #3536 0 800000a4 00000611  a2=f0041b90 ; c.addi  a2,4
      3599 :    #3537 0 800000a6 ff1719e3              ; bne     a4,a7,0x80000098
      3600 :    #3538 0 80000098 00004314  a3=00000299 ; c.lw    a3,0(a4) [f0040230]
      3601 :    #3539 0 8000009a 00004188  a0=000002da ; c.lw    a0,0(a1) [f00406e0]
      3602 :    #3540 0 8000009c 00000711  a4=f0040234 ; c.addi  a4,4
      3603 :    #3541 0 8000009e 00000591  a1=f00406e4 ; c.addi  a1,4
      3604 :    #3542 0 800000a0 000096aa  a3=00000573 ; c.add   a3,a0
      3605 :    #3543 0 800000a2 0000c214              ; c.sw    a3,0(a2) [f0041b90]
      3606 :    #3544 0 800000a4 00000611  a2=f0041b94 ; c.addi  a2,4
      3607 :    #3545 0 800000a6 ff1719e3              ; bne     a4,a7,0x80000098
      3608 :    #3546 0 80000098 00004314  a3=000001a7 ; c.lw    a3,0(a4) [f0040234]
      3609 :    #3547 0 8000009a 00004188  a0=0000005f ; c.lw    a0,0(a1) [f00406e4]
      3610 :    #3548 0 8000009c 00000711  a4=f0040238 ; c.addi  a4,4
      3611 :    #3549 0 8000009e 00000591  a1=f00406e8 ; c.addi  a1,4
      3612 :    #3550 0 800000a0 000096aa  a3=00000206 ; c.add   a3,a0
      3613 :    #3551 0 800000a2 0000c214              ; c.sw    a3,0(a2) [f0041b94]
      3614 :    #3552 0 800000a4 00000611  a2=f0041b98 ; c.addi  a2,4
      3615 :    #3553 0 800000a6 ff1719e3              ; bne     a4,a7,0x80000098
      3616 :    #3554 0 80000098 00004314  a3=000001b2 ; c.lw    a3,0(a4) [f0040238]
      3617 :    #3555 0 8000009a 00004188  a0=000002d8 ; c.lw    a0,0(a1) [f00406e8]
      3618 :    #3556 0 8000009c 00000711  a4=f004023c ; c.addi  a4,4
      3619 :    #3557 0 8000009e 00000591  a1=f00406ec ; c.addi  a1,4
      3620 :    #3558 0 800000a0 000096aa  a3=0000048a ; c.add   a3,a0
      3621 :    #3559 0 800000a2 0000c214              ; c.sw    a3,0(a2) [f0041b98]
      3622 :    #3560 0 800000a4 00000611  a2=f0041b9c ; c.addi  a2,4
      3623 :    #3561 0 800000a6 ff1719e3              ; bne     a4,a7,0x80000098
      3624 :    #3562 0 80000098 00004314  a3=0000009e ; c.lw    a3,0(a4) [f004023c]
      3625 :    #3563 0 8000009a 00004188  a0=00000118 ; c.lw    a0,0(a1) [f00406ec]
      3626 :    #3564 0 8000009c 00000711  a4=f0040240 ; c.addi  a4,4
      3627 :    #3565 0 8000009e 00000591  a1=f00406f0 ; c.addi  a1,4
      3628 :    #3566 0 800000a0 000096aa  a3=000001b6 ; c.add   a3,a0
      3629 :    #3567 0 800000a2 0000c214              ; c.sw    a3,0(a2) [f0041b9c]
      3630 :    #3568 0 800000a4 00000611  a2=f0041ba0 ; c.addi  a2,4
      3631 :    #3569 0 800000a6 ff1719e3              ; bne     a4,a7,0x80000098
      3632 :    #3570 0 80000098 00004314  a3=00000002 ; c.lw    a3,0(a4) [f0040240]
      3633 :    #3571 0 8000009a 00004188  a0=0000018b ; c.lw    a0,0(a1) [f00406f0]
      3634 :    #3572 0 8000009c 00000711  a4=f0040244 ; c.addi  a4,4
      3635 :    #3573 0 8000009e 00000591  a1=f00406f4 ; c.addi  a1,4
      3636 :    #3574 0 800000a0 000096aa  a3=0000018d ; c.add   a3,a0
      3637 :    #3575 0 800000a2 0000c214              ; c.sw    a3,0(a2) [f0041ba0]
      3638 :    #3576 0 800000a4 00000611  a2=f0041ba4 ; c.addi  a2,4
      3639 :    #3577 0 800000a6 ff1719e3              ; bne     a4,a7,0x80000098
      3640 :    #3578 0 80000098 00004314  a3=00000054 ; c.lw    a3,0(a4) [f0040244]
      3641 :    #3579 0 8000009a 00004188  a0=000002b0 ; c.lw    a0,0(a1) [f00406f4]
      3642 :    #3580 0 8000009c 00000711  a4=f0040248 ; c.addi  a4,4
      3643 :    #3581 0 8000009e 00000591  a1=f00406f8 ; c.addi  a1,4
      3644 :    #3582 0 800000a0 000096aa  a3=00000304 ; c.add   a3,a0
      3645 :    #3583 0 800000a2 0000c214              ; c.sw    a3,0(a2) [f0041ba4]
      3646 :    #3584 0 800000a4 00000611  a2=f0041ba8 ; c.addi  a2,4
      3647 :    #3585 0 800000a6 ff1719e3              ; bne     a4,a7,0x80000098
      3648 :    #3586 0 80000098 00004314  a3=000000f7 ; c.lw    a3,0(a4) [f0040248]
      3649 :    #3587 0 8000009a 00004188  a0=0000038f ; c.lw    a0,0(a1) [f00406f8]
      3650 :    #3588 0 8000009c 00000711  a4=f004024c ; c.addi  a4,4
      3651 :    #3589 0 8000009e 00000591  a1=f00406fc ; c.addi  a1,4
      3652 :    #3590 0 800000a0 000096aa  a3=00000486 ; c.add   a3,a0
      3653 :    #3591 0 800000a2 0000c214              ; c.sw    a3,0(a2) [f0041ba8]
      3654 :    #3592 0 800000a4 00000611  a2=f0041bac ; c.addi  a2,4
      3655 :    #3593 0 800000a6 ff1719e3              ; bne     a4,a7,0x80000098
      3656 :    #3594 0 80000098 00004314  a3=00000031 ; c.lw    a3,0(a4) [f004024c]
      3657 :    #3595 0 8000009a 00004188  a0=000001dc ; c.lw    a0,0(a1) [f00406fc]
      3658 :    #3596 0 8000009c 00000711  a4=f0040250 ; c.addi  a4,4
      3659 :    #3597 0 8000009e 00000591  a1=f0040700 ; c.addi  a1,4
      3660 :    #3598 0 800000a0 000096aa  a3=0000020d ; c.add   a3,a0
      3661 :    #3599 0 800000a2 0000c214              ; c.sw    a3,0(a2) [f0041bac]
      3662 :    #3600 0 800000a4 00000611  a2=f0041bb0 ; c.addi  a2,4
      3663 :    #3601 0 800000a6 ff1719e3              ; bne     a4,a7,0x80000098
      3664 :    #3602 0 80000098 00004314  a3=000001b3 ; c.lw    a3,0(a4) [f0040250]
      3665 :    #3603 0 8000009a 00004188  a0=0000032f ; c.lw    a0,0(a1) [f0040700]
      3666 :    #3604 0 8000009c 00000711  a4=f0040254 ; c.addi  a4,4
      3667 :    #3605 0 8000009e 00000591  a1=f0040704 ; c.addi  a1,4
      3668 :    #3606 0 800000a0 000096aa  a3=000004e2 ; c.add   a3,a0
      3669 :    #3607 0 800000a2 0000c214              ; c.sw    a3,0(a2) [f0041bb0]
      3670 :    #3608 0 800000a4 00000611  a2=f0041bb4 ; c.addi  a2,4
      3671 :    #3609 0 800000a6 ff1719e3              ; bne     a4,a7,0x80000098
      3672 :    #3610 0 80000098 00004314  a3=00000318 ; c.lw    a3,0(a4) [f0040254]
      3673 :    #3611 0 8000009a 00004188  a0=000002d9 ; c.lw    a0,0(a1) [f0040704]
      3674 :    #3612 0 8000009c 00000711  a4=f0040258 ; c.addi  a4,4
      3675 :    #3613 0 8000009e 00000591  a1=f0040708 ; c.addi  a1,4
      3676 :    #3614 0 800000a0 000096aa  a3=000005f1 ; c.add   a3,a0
      3677 :    #3615 0 800000a2 0000c214              ; c.sw    a3,0(a2) [f0041bb4]
      3678 :    #3616 0 800000a4 00000611  a2=f0041bb8 ; c.addi  a2,4
      3679 :    #3617 0 800000a6 ff1719e3              ; bne     a4,a7,0x80000098
      3680 :    #3618 0 80000098 00004314  a3=00000365 ; c.lw    a3,0(a4) [f0040258]
      3681 :    #3619 0 8000009a 00004188  a0=00000109 ; c.lw    a0,0(a1) [f0040708]
      3682 :    #3620 0 8000009c 00000711  a4=f004025c ; c.addi  a4,4
      3683 :    #3621 0 8000009e 00000591  a1=f004070c ; c.addi  a1,4
      3684 :    #3622 0 800000a0 000096aa  a3=0000046e ; c.add   a3,a0
      3685 :    #3623 0 800000a2 0000c214              ; c.sw    a3,0(a2) [f0041bb8]
      3686 :    #3624 0 800000a4 00000611  a2=f0041bbc ; c.addi  a2,4
      3687 :    #3625 0 800000a6 ff1719e3              ; bne     a4,a7,0x80000098
      3688 :    #3626 0 80000098 00004314  a3=000001e6 ; c.lw    a3,0(a4) [f004025c]
      3689 :    #3627 0 8000009a 00004188  a0=0000007f ; c.lw    a0,0(a1) [f004070c]
      3690 :    #3628 0 8000009c 00000711  a4=f0040260 ; c.addi  a4,4
      3691 :    #3629 0 8000009e 00000591  a1=f0040710 ; c.addi  a1,4
      3692 :    #3630 0 800000a0 000096aa  a3=00000265 ; c.add   a3,a0
      3693 :    #3631 0 800000a2 0000c214              ; c.sw    a3,0(a2) [f0041bbc]
      3694 :    #3632 0 800000a4 00000611  a2=f0041bc0 ; c.addi  a2,4
      3695 :    #3633 0 800000a6 ff1719e3              ; bne     a4,a7,0x80000098
      3696 :    #3634 0 80000098 00004314  a3=0000019e ; c.lw    a3,0(a4) [f0040260]
      3697 :    #3635 0 8000009a 00004188  a0=000000ec ; c.lw    a0,0(a1) [f0040710]
      3698 :    #3636 0 8000009c 00000711  a4=f0040264 ; c.addi  a4,4
      3699 :    #3637 0 8000009e 00000591  a1=f0040714 ; c.addi  a1,4
      3700 :    #3638 0 800000a0 000096aa  a3=0000028a ; c.add   a3,a0
      3701 :    #3639 0 800000a2 0000c214              ; c.sw    a3,0(a2) [f0041bc0]
      3702 :    #3640 0 800000a4 00000611  a2=f0041bc4 ; c.addi  a2,4
      3703 :    #3641 0 800000a6 ff1719e3              ; bne     a4,a7,0x80000098
      3704 :    #3642 0 80000098 00004314  a3=00000171 ; c.lw    a3,0(a4) [f0040264]
      3705 :    #3643 0 8000009a 00004188  a0=000000d6 ; c.lw    a0,0(a1) [f0040714]
      3706 :    #3644 0 8000009c 00000711  a4=f0040268 ; c.addi  a4,4
      3707 :    #3645 0 8000009e 00000591  a1=f0040718 ; c.addi  a1,4
      3708 :    #3646 0 800000a0 000096aa  a3=00000247 ; c.add   a3,a0
      3709 :    #3647 0 800000a2 0000c214              ; c.sw    a3,0(a2) [f0041bc4]
      3710 :    #3648 0 800000a4 00000611  a2=f0041bc8 ; c.addi  a2,4
      3711 :    #3649 0 800000a6 ff1719e3              ; bne     a4,a7,0x80000098
      3712 :    #3650 0 80000098 00004314  a3=00000224 ; c.lw    a3,0(a4) [f0040268]
      3713 :    #3651 0 8000009a 00004188  a0=000000b4 ; c.lw    a0,0(a1) [f0040718]
      3714 :    #3652 0 8000009c 00000711  a4=f004026c ; c.addi  a4,4
      3715 :    #3653 0 8000009e 00000591  a1=f004071c ; c.addi  a1,4
      3716 :    #3654 0 800000a0 000096aa  a3=000002d8 ; c.add   a3,a0
      3717 :    #3655 0 800000a2 0000c214              ; c.sw    a3,0(a2) [f0041bc8]
      3718 :    #3656 0 800000a4 00000611  a2=f0041bcc ; c.addi  a2,4
      3719 :    #3657 0 800000a6 ff1719e3              ; bne     a4,a7,0x80000098
      3720 :    #3658 0 80000098 00004314  a3=00000206 ; c.lw    a3,0(a4) [f004026c]
      3721 :    #3659 0 8000009a 00004188  a0=00000006 ; c.lw    a0,0(a1) [f004071c]
      3722 :    #3660 0 8000009c 00000711  a4=f0040270 ; c.addi  a4,4
      3723 :    #3661 0 8000009e 00000591  a1=f0040720 ; c.addi  a1,4
      3724 :    #3662 0 800000a0 000096aa  a3=0000020c ; c.add   a3,a0
      3725 :    #3663 0 800000a2 0000c214              ; c.sw    a3,0(a2) [f0041bcc]
      3726 :    #3664 0 800000a4 00000611  a2=f0041bd0 ; c.addi  a2,4
      3727 :    #3665 0 800000a6 ff1719e3              ; bne     a4,a7,0x80000098
      3728 :    #3666 0 80000098 00004314  a3=00000378 ; c.lw    a3,0(a4) [f0040270]
      3729 :    #3667 0 8000009a 00004188  a0=000001f7 ; c.lw    a0,0(a1) [f0040720]
      3730 :    #3668 0 8000009c 00000711  a4=f0040274 ; c.addi  a4,4
      3731 :    #3669 0 8000009e 00000591  a1=f0040724 ; c.addi  a1,4
      3732 :    #3670 0 800000a0 000096aa  a3=0000056f ; c.add   a3,a0
      3733 :    #3671 0 800000a2 0000c214              ; c.sw    a3,0(a2) [f0041bd0]
      3734 :    #3672 0 800000a4 00000611  a2=f0041bd4 ; c.addi  a2,4
      3735 :    #3673 0 800000a6 ff1719e3              ; bne     a4,a7,0x80000098
      3736 :    #3674 0 80000098 00004314  a3=000002aa ; c.lw    a3,0(a4) [f0040274]
      3737 :    #3675 0 8000009a 00004188  a0=00000254 ; c.lw    a0,0(a1) [f0040724]
      3738 :    #3676 0 8000009c 00000711  a4=f0040278 ; c.addi  a4,4
      3739 :    #3677 0 8000009e 00000591  a1=f0040728 ; c.addi  a1,4
      3740 :    #3678 0 800000a0 000096aa  a3=000004fe ; c.add   a3,a0
      3741 :    #3679 0 800000a2 0000c214              ; c.sw    a3,0(a2) [f0041bd4]
      3742 :    #3680 0 800000a4 00000611  a2=f0041bd8 ; c.addi  a2,4
      3743 :    #3681 0 800000a6 ff1719e3              ; bne     a4,a7,0x80000098
      3744 :    #3682 0 80000098 00004314  a3=0000011c ; c.lw    a3,0(a4) [f0040278]
      3745 :    #3683 0 8000009a 00004188  a0=000000ad ; c.lw    a0,0(a1) [f0040728]
      3746 :    #3684 0 8000009c 00000711  a4=f004027c ; c.addi  a4,4
      3747 :    #3685 0 8000009e 00000591  a1=f004072c ; c.addi  a1,4
      3748 :    #3686 0 800000a0 000096aa  a3=000001c9 ; c.add   a3,a0
      3749 :    #3687 0 800000a2 0000c214              ; c.sw    a3,0(a2) [f0041bd8]
      3750 :    #3688 0 800000a4 00000611  a2=f0041bdc ; c.addi  a2,4
      3751 :    #3689 0 800000a6 ff1719e3              ; bne     a4,a7,0x80000098
      3752 :    #3690 0 80000098 00004314  a3=00000108 ; c.lw    a3,0(a4) [f004027c]
      3753 :    #3691 0 8000009a 00004188  a0=00000283 ; c.lw    a0,0(a1) [f004072c]
      3754 :    #3692 0 8000009c 00000711  a4=f0040280 ; c.addi  a4,4
      3755 :    #3693 0 8000009e 00000591  a1=f0040730 ; c.addi  a1,4
      3756 :    #3694 0 800000a0 000096aa  a3=0000038b ; c.add   a3,a0
      3757 :    #3695 0 800000a2 0000c214              ; c.sw    a3,0(a2) [f0041bdc]
      3758 :    #3696 0 800000a4 00000611  a2=f0041be0 ; c.addi  a2,4
      3759 :    #3697 0 800000a6 ff1719e3              ; bne     a4,a7,0x80000098
      3760 :    #3698 0 80000098 00004314  a3=000001f3 ; c.lw    a3,0(a4) [f0040280]
      3761 :    #3699 0 8000009a 00004188  a0=0000015a ; c.lw    a0,0(a1) [f0040730]
      3762 :    #3700 0 8000009c 00000711  a4=f0040284 ; c.addi  a4,4
      3763 :    #3701 0 8000009e 00000591  a1=f0040734 ; c.addi  a1,4
      3764 :    #3702 0 800000a0 000096aa  a3=0000034d ; c.add   a3,a0
      3765 :    #3703 0 800000a2 0000c214              ; c.sw    a3,0(a2) [f0041be0]
      3766 :    #3704 0 800000a4 00000611  a2=f0041be4 ; c.addi  a2,4
      3767 :    #3705 0 800000a6 ff1719e3              ; bne     a4,a7,0x80000098
      3768 :    #3706 0 80000098 00004314  a3=00000122 ; c.lw    a3,0(a4) [f0040284]
      3769 :    #3707 0 8000009a 00004188  a0=00000257 ; c.lw    a0,0(a1) [f0040734]
      3770 :    #3708 0 8000009c 00000711  a4=f0040288 ; c.addi  a4,4
      3771 :    #3709 0 8000009e 00000591  a1=f0040738 ; c.addi  a1,4
      3772 :    #3710 0 800000a0 000096aa  a3=00000379 ; c.add   a3,a0
      3773 :    #3711 0 800000a2 0000c214              ; c.sw    a3,0(a2) [f0041be4]
      3774 :    #3712 0 800000a4 00000611  a2=f0041be8 ; c.addi  a2,4
      3775 :    #3713 0 800000a6 ff1719e3              ; bne     a4,a7,0x80000098
      3776 :    #3714 0 80000098 00004314  a3=00000381 ; c.lw    a3,0(a4) [f0040288]
      3777 :    #3715 0 8000009a 00004188  a0=00000044 ; c.lw    a0,0(a1) [f0040738]
      3778 :    #3716 0 8000009c 00000711  a4=f004028c ; c.addi  a4,4
      3779 :    #3717 0 8000009e 00000591  a1=f004073c ; c.addi  a1,4
      3780 :    #3718 0 800000a0 000096aa  a3=000003c5 ; c.add   a3,a0
      3781 :    #3719 0 800000a2 0000c214              ; c.sw    a3,0(a2) [f0041be8]
      3782 :    #3720 0 800000a4 00000611  a2=f0041bec ; c.addi  a2,4
      3783 :    #3721 0 800000a6 ff1719e3              ; bne     a4,a7,0x80000098
      3784 :    #3722 0 80000098 00004314  a3=000000d7 ; c.lw    a3,0(a4) [f004028c]
      3785 :    #3723 0 8000009a 00004188  a0=00000351 ; c.lw    a0,0(a1) [f004073c]
      3786 :    #3724 0 8000009c 00000711  a4=f0040290 ; c.addi  a4,4
      3787 :    #3725 0 8000009e 00000591  a1=f0040740 ; c.addi  a1,4
      3788 :    #3726 0 800000a0 000096aa  a3=00000428 ; c.add   a3,a0
      3789 :    #3727 0 800000a2 0000c214              ; c.sw    a3,0(a2) [f0041bec]
      3790 :    #3728 0 800000a4 00000611  a2=f0041bf0 ; c.addi  a2,4
      3791 :    #3729 0 800000a6 ff1719e3              ; bne     a4,a7,0x80000098
      3792 :    #3730 0 80000098 00004314  a3=000002db ; c.lw    a3,0(a4) [f0040290]
      3793 :    #3731 0 8000009a 00004188  a0=00000292 ; c.lw    a0,0(a1) [f0040740]
      3794 :    #3732 0 8000009c 00000711  a4=f0040294 ; c.addi  a4,4
      3795 :    #3733 0 8000009e 00000591  a1=f0040744 ; c.addi  a1,4
      3796 :    #3734 0 800000a0 000096aa  a3=0000056d ; c.add   a3,a0
      3797 :    #3735 0 800000a2 0000c214              ; c.sw    a3,0(a2) [f0041bf0]
      3798 :    #3736 0 800000a4 00000611  a2=f0041bf4 ; c.addi  a2,4
      3799 :    #3737 0 800000a6 ff1719e3              ; bne     a4,a7,0x80000098
      3800 :    #3738 0 80000098 00004314  a3=000002b0 ; c.lw    a3,0(a4) [f0040294]
      3801 :    #3739 0 8000009a 00004188  a0=0000026b ; c.lw    a0,0(a1) [f0040744]
      3802 :    #3740 0 8000009c 00000711  a4=f0040298 ; c.addi  a4,4
      3803 :    #3741 0 8000009e 00000591  a1=f0040748 ; c.addi  a1,4
      3804 :    #3742 0 800000a0 000096aa  a3=0000051b ; c.add   a3,a0
      3805 :    #3743 0 800000a2 0000c214              ; c.sw    a3,0(a2) [f0041bf4]
      3806 :    #3744 0 800000a4 00000611  a2=f0041bf8 ; c.addi  a2,4
      3807 :    #3745 0 800000a6 ff1719e3              ; bne     a4,a7,0x80000098
      3808 :    #3746 0 80000098 00004314  a3=000000fb ; c.lw    a3,0(a4) [f0040298]
      3809 :    #3747 0 8000009a 00004188  a0=00000079 ; c.lw    a0,0(a1) [f0040748]
      3810 :    #3748 0 8000009c 00000711  a4=f004029c ; c.addi  a4,4
      3811 :    #3749 0 8000009e 00000591  a1=f004074c ; c.addi  a1,4
      3812 :    #3750 0 800000a0 000096aa  a3=00000174 ; c.add   a3,a0
      3813 :    #3751 0 800000a2 0000c214              ; c.sw    a3,0(a2) [f0041bf8]
      3814 :    #3752 0 800000a4 00000611  a2=f0041bfc ; c.addi  a2,4
      3815 :    #3753 0 800000a6 ff1719e3              ; bne     a4,a7,0x80000098
      3816 :    #3754 0 80000098 00004314  a3=00000312 ; c.lw    a3,0(a4) [f004029c]
      3817 :    #3755 0 8000009a 00004188  a0=00000083 ; c.lw    a0,0(a1) [f004074c]
      3818 :    #3756 0 8000009c 00000711  a4=f00402a0 ; c.addi  a4,4
      3819 :    #3757 0 8000009e 00000591  a1=f0040750 ; c.addi  a1,4
      3820 :    #3758 0 800000a0 000096aa  a3=00000395 ; c.add   a3,a0
      3821 :    #3759 0 800000a2 0000c214              ; c.sw    a3,0(a2) [f0041bfc]
      3822 :    #3760 0 800000a4 00000611  a2=f0041c00 ; c.addi  a2,4
      3823 :    #3761 0 800000a6 ff1719e3              ; bne     a4,a7,0x80000098
      3824 :    #3762 0 80000098 00004314  a3=0000022b ; c.lw    a3,0(a4) [f00402a0]
      3825 :    #3763 0 8000009a 00004188  a0=0000033c ; c.lw    a0,0(a1) [f0040750]
      3826 :    #3764 0 8000009c 00000711  a4=f00402a4 ; c.addi  a4,4
      3827 :    #3765 0 8000009e 00000591  a1=f0040754 ; c.addi  a1,4
      3828 :    #3766 0 800000a0 000096aa  a3=00000567 ; c.add   a3,a0
      3829 :    #3767 0 800000a2 0000c214              ; c.sw    a3,0(a2) [f0041c00]
      3830 :    #3768 0 800000a4 00000611  a2=f0041c04 ; c.addi  a2,4
      3831 :    #3769 0 800000a6 ff1719e3              ; bne     a4,a7,0x80000098
      3832 :    #3770 0 80000098 00004314  a3=0000012e ; c.lw    a3,0(a4) [f00402a4]
      3833 :    #3771 0 8000009a 00004188  a0=0000029b ; c.lw    a0,0(a1) [f0040754]
      3834 :    #3772 0 8000009c 00000711  a4=f00402a8 ; c.addi  a4,4
      3835 :    #3773 0 8000009e 00000591  a1=f0040758 ; c.addi  a1,4
      3836 :    #3774 0 800000a0 000096aa  a3=000003c9 ; c.add   a3,a0
      3837 :    #3775 0 800000a2 0000c214              ; c.sw    a3,0(a2) [f0041c04]
      3838 :    #3776 0 800000a4 00000611  a2=f0041c08 ; c.addi  a2,4
      3839 :    #3777 0 800000a6 ff1719e3              ; bne     a4,a7,0x80000098
      3840 :    #3778 0 80000098 00004314  a3=00000210 ; c.lw    a3,0(a4) [f00402a8]
      3841 :    #3779 0 8000009a 00004188  a0=000001b1 ; c.lw    a0,0(a1) [f0040758]
      3842 :    #3780 0 8000009c 00000711  a4=f00402ac ; c.addi  a4,4
      3843 :    #3781 0 8000009e 00000591  a1=f004075c ; c.addi  a1,4
      3844 :    #3782 0 800000a0 000096aa  a3=000003c1 ; c.add   a3,a0
      3845 :    #3783 0 800000a2 0000c214              ; c.sw    a3,0(a2) [f0041c08]
      3846 :    #3784 0 800000a4 00000611  a2=f0041c0c ; c.addi  a2,4
      3847 :    #3785 0 800000a6 ff1719e3              ; bne     a4,a7,0x80000098
      3848 :    #3786 0 80000098 00004314  a3=00000220 ; c.lw    a3,0(a4) [f00402ac]
      3849 :    #3787 0 8000009a 00004188  a0=000001e7 ; c.lw    a0,0(a1) [f004075c]
      3850 :    #3788 0 8000009c 00000711  a4=f00402b0 ; c.addi  a4,4
      3851 :    #3789 0 8000009e 00000591  a1=f0040760 ; c.addi  a1,4
      3852 :    #3790 0 800000a0 000096aa  a3=00000407 ; c.add   a3,a0
      3853 :    #3791 0 800000a2 0000c214              ; c.sw    a3,0(a2) [f0041c0c]
      3854 :    #3792 0 800000a4 00000611  a2=f0041c10 ; c.addi  a2,4
      3855 :    #3793 0 800000a6 ff1719e3              ; bne     a4,a7,0x80000098
      3856 :    #3794 0 80000098 00004314  a3=00000142 ; c.lw    a3,0(a4) [f00402b0]
      3857 :    #3795 0 8000009a 00004188  a0=000002f1 ; c.lw    a0,0(a1) [f0040760]
      3858 :    #3796 0 8000009c 00000711  a4=f00402b4 ; c.addi  a4,4
      3859 :    #3797 0 8000009e 00000591  a1=f0040764 ; c.addi  a1,4
      3860 :    #3798 0 800000a0 000096aa  a3=00000433 ; c.add   a3,a0
      3861 :    #3799 0 800000a2 0000c214              ; c.sw    a3,0(a2) [f0041c10]
      3862 :    #3800 0 800000a4 00000611  a2=f0041c14 ; c.addi  a2,4
      3863 :    #3801 0 800000a6 ff1719e3              ; bne     a4,a7,0x80000098
      3864 :    #3802 0 80000098 00004314  a3=000003b3 ; c.lw    a3,0(a4) [f00402b4]
      3865 :    #3803 0 8000009a 00004188  a0=0000007d ; c.lw    a0,0(a1) [f0040764]
      3866 :    #3804 0 8000009c 00000711  a4=f00402b8 ; c.addi  a4,4
      3867 :    #3805 0 8000009e 00000591  a1=f0040768 ; c.addi  a1,4
      3868 :    #3806 0 800000a0 000096aa  a3=00000430 ; c.add   a3,a0
      3869 :    #3807 0 800000a2 0000c214              ; c.sw    a3,0(a2) [f0041c14]
      3870 :    #3808 0 800000a4 00000611  a2=f0041c18 ; c.addi  a2,4
      3871 :    #3809 0 800000a6 ff1719e3              ; bne     a4,a7,0x80000098
      3872 :    #3810 0 80000098 00004314  a3=0000011f ; c.lw    a3,0(a4) [f00402b8]
      3873 :    #3811 0 8000009a 00004188  a0=00000272 ; c.lw    a0,0(a1) [f0040768]
      3874 :    #3812 0 8000009c 00000711  a4=f00402bc ; c.addi  a4,4
      3875 :    #3813 0 8000009e 00000591  a1=f004076c ; c.addi  a1,4
      3876 :    #3814 0 800000a0 000096aa  a3=00000391 ; c.add   a3,a0
      3877 :    #3815 0 800000a2 0000c214              ; c.sw    a3,0(a2) [f0041c18]
      3878 :    #3816 0 800000a4 00000611  a2=f0041c1c ; c.addi  a2,4
      3879 :    #3817 0 800000a6 ff1719e3              ; bne     a4,a7,0x80000098
      3880 :    #3818 0 80000098 00004314  a3=00000338 ; c.lw    a3,0(a4) [f00402bc]
      3881 :    #3819 0 8000009a 00004188  a0=0000000e ; c.lw    a0,0(a1) [f004076c]
      3882 :    #3820 0 8000009c 00000711  a4=f00402c0 ; c.addi  a4,4
      3883 :    #3821 0 8000009e 00000591  a1=f0040770 ; c.addi  a1,4
      3884 :    #3822 0 800000a0 000096aa  a3=00000346 ; c.add   a3,a0
      3885 :    #3823 0 800000a2 0000c214              ; c.sw    a3,0(a2) [f0041c1c]
      3886 :    #3824 0 800000a4 00000611  a2=f0041c20 ; c.addi  a2,4
      3887 :    #3825 0 800000a6 ff1719e3              ; bne     a4,a7,0x80000098
      3888 :    #3826 0 80000098 00004314  a3=00000130 ; c.lw    a3,0(a4) [f00402c0]
      3889 :    #3827 0 8000009a 00004188  a0=0000000a ; c.lw    a0,0(a1) [f0040770]
      3890 :    #3828 0 8000009c 00000711  a4=f00402c4 ; c.addi  a4,4
      3891 :    #3829 0 8000009e 00000591  a1=f0040774 ; c.addi  a1,4
      3892 :    #3830 0 800000a0 000096aa  a3=0000013a ; c.add   a3,a0
      3893 :    #3831 0 800000a2 0000c214              ; c.sw    a3,0(a2) [f0041c20]
      3894 :    #3832 0 800000a4 00000611  a2=f0041c24 ; c.addi  a2,4
      3895 :    #3833 0 800000a6 ff1719e3              ; bne     a4,a7,0x80000098
      3896 :    #3834 0 80000098 00004314  a3=00000314 ; c.lw    a3,0(a4) [f00402c4]
      3897 :    #3835 0 8000009a 00004188  a0=00000193 ; c.lw    a0,0(a1) [f0040774]
      3898 :    #3836 0 8000009c 00000711  a4=f00402c8 ; c.addi  a4,4
      3899 :    #3837 0 8000009e 00000591  a1=f0040778 ; c.addi  a1,4
      3900 :    #3838 0 800000a0 000096aa  a3=000004a7 ; c.add   a3,a0
      3901 :    #3839 0 800000a2 0000c214              ; c.sw    a3,0(a2) [f0041c24]
      3902 :    #3840 0 800000a4 00000611  a2=f0041c28 ; c.addi  a2,4
      3903 :    #3841 0 800000a6 ff1719e3              ; bne     a4,a7,0x80000098
      3904 :    #3842 0 80000098 00004314  a3=000002dd ; c.lw    a3,0(a4) [f00402c8]
      3905 :    #3843 0 8000009a 00004188  a0=0000006a ; c.lw    a0,0(a1) [f0040778]
      3906 :    #3844 0 8000009c 00000711  a4=f00402cc ; c.addi  a4,4
      3907 :    #3845 0 8000009e 00000591  a1=f004077c ; c.addi  a1,4
      3908 :    #3846 0 800000a0 000096aa  a3=00000347 ; c.add   a3,a0
      3909 :    #3847 0 800000a2 0000c214              ; c.sw    a3,0(a2) [f0041c28]
      3910 :    #3848 0 800000a4 00000611  a2=f0041c2c ; c.addi  a2,4
      3911 :    #3849 0 800000a6 ff1719e3              ; bne     a4,a7,0x80000098
      3912 :    #3850 0 80000098 00004314  a3=000003bf ; c.lw    a3,0(a4) [f00402cc]
      3913 :    #3851 0 8000009a 00004188  a0=000002bf ; c.lw    a0,0(a1) [f004077c]
      3914 :    #3852 0 8000009c 00000711  a4=f00402d0 ; c.addi  a4,4
      3915 :    #3853 0 8000009e 00000591  a1=f0040780 ; c.addi  a1,4
      3916 :    #3854 0 800000a0 000096aa  a3=0000067e ; c.add   a3,a0
      3917 :    #3855 0 800000a2 0000c214              ; c.sw    a3,0(a2) [f0041c2c]
      3918 :    #3856 0 800000a4 00000611  a2=f0041c30 ; c.addi  a2,4
      3919 :    #3857 0 800000a6 ff1719e3              ; bne     a4,a7,0x80000098
      3920 :    #3858 0 80000098 00004314  a3=0000016e ; c.lw    a3,0(a4) [f00402d0]
      3921 :    #3859 0 8000009a 00004188  a0=00000332 ; c.lw    a0,0(a1) [f0040780]
      3922 :    #3860 0 8000009c 00000711  a4=f00402d4 ; c.addi  a4,4
      3923 :    #3861 0 8000009e 00000591  a1=f0040784 ; c.addi  a1,4
      3924 :    #3862 0 800000a0 000096aa  a3=000004a0 ; c.add   a3,a0
      3925 :    #3863 0 800000a2 0000c214              ; c.sw    a3,0(a2) [f0041c30]
      3926 :    #3864 0 800000a4 00000611  a2=f0041c34 ; c.addi  a2,4
      3927 :    #3865 0 800000a6 ff1719e3              ; bne     a4,a7,0x80000098
      3928 :    #3866 0 80000098 00004314  a3=000002d2 ; c.lw    a3,0(a4) [f00402d4]
      3929 :    #3867 0 8000009a 00004188  a0=000003c4 ; c.lw    a0,0(a1) [f0040784]
      3930 :    #3868 0 8000009c 00000711  a4=f00402d8 ; c.addi  a4,4
      3931 :    #3869 0 8000009e 00000591  a1=f0040788 ; c.addi  a1,4
      3932 :    #3870 0 800000a0 000096aa  a3=00000696 ; c.add   a3,a0
      3933 :    #3871 0 800000a2 0000c214              ; c.sw    a3,0(a2) [f0041c34]
      3934 :    #3872 0 800000a4 00000611  a2=f0041c38 ; c.addi  a2,4
      3935 :    #3873 0 800000a6 ff1719e3              ; bne     a4,a7,0x80000098
      3936 :    #3874 0 80000098 00004314  a3=00000126 ; c.lw    a3,0(a4) [f00402d8]
      3937 :    #3875 0 8000009a 00004188  a0=00000196 ; c.lw    a0,0(a1) [f0040788]
      3938 :    #3876 0 8000009c 00000711  a4=f00402dc ; c.addi  a4,4
      3939 :    #3877 0 8000009e 00000591  a1=f004078c ; c.addi  a1,4
      3940 :    #3878 0 800000a0 000096aa  a3=000002bc ; c.add   a3,a0
      3941 :    #3879 0 800000a2 0000c214              ; c.sw    a3,0(a2) [f0041c38]
      3942 :    #3880 0 800000a4 00000611  a2=f0041c3c ; c.addi  a2,4
      3943 :    #3881 0 800000a6 ff1719e3              ; bne     a4,a7,0x80000098
      3944 :    #3882 0 80000098 00004314  a3=000003cf ; c.lw    a3,0(a4) [f00402dc]
      3945 :    #3883 0 8000009a 00004188  a0=0000036a ; c.lw    a0,0(a1) [f004078c]
      3946 :    #3884 0 8000009c 00000711  a4=f00402e0 ; c.addi  a4,4
      3947 :    #3885 0 8000009e 00000591  a1=f0040790 ; c.addi  a1,4
      3948 :    #3886 0 800000a0 000096aa  a3=00000739 ; c.add   a3,a0
      3949 :    #3887 0 800000a2 0000c214              ; c.sw    a3,0(a2) [f0041c3c]
      3950 :    #3888 0 800000a4 00000611  a2=f0041c40 ; c.addi  a2,4
      3951 :    #3889 0 800000a6 ff1719e3              ; bne     a4,a7,0x80000098
      3952 :    #3890 0 80000098 00004314  a3=0000028d ; c.lw    a3,0(a4) [f00402e0]
      3953 :    #3891 0 8000009a 00004188  a0=00000358 ; c.lw    a0,0(a1) [f0040790]
      3954 :    #3892 0 8000009c 00000711  a4=f00402e4 ; c.addi  a4,4
      3955 :    #3893 0 8000009e 00000591  a1=f0040794 ; c.addi  a1,4
      3956 :    #3894 0 800000a0 000096aa  a3=000005e5 ; c.add   a3,a0
      3957 :    #3895 0 800000a2 0000c214              ; c.sw    a3,0(a2) [f0041c40]
      3958 :    #3896 0 800000a4 00000611  a2=f0041c44 ; c.addi  a2,4
      3959 :    #3897 0 800000a6 ff1719e3              ; bne     a4,a7,0x80000098
      3960 :    #3898 0 80000098 00004314  a3=000002ec ; c.lw    a3,0(a4) [f00402e4]
      3961 :    #3899 0 8000009a 00004188  a0=00000056 ; c.lw    a0,0(a1) [f0040794]
      3962 :    #3900 0 8000009c 00000711  a4=f00402e8 ; c.addi  a4,4
      3963 :    #3901 0 8000009e 00000591  a1=f0040798 ; c.addi  a1,4
      3964 :    #3902 0 800000a0 000096aa  a3=00000342 ; c.add   a3,a0
      3965 :    #3903 0 800000a2 0000c214              ; c.sw    a3,0(a2) [f0041c44]
      3966 :    #3904 0 800000a4 00000611  a2=f0041c48 ; c.addi  a2,4
      3967 :    #3905 0 800000a6 ff1719e3              ; bne     a4,a7,0x80000098
      3968 :    #3906 0 80000098 00004314  a3=0000005b ; c.lw    a3,0(a4) [f00402e8]
      3969 :    #3907 0 8000009a 00004188  a0=0000003c ; c.lw    a0,0(a1) [f0040798]
      3970 :    #3908 0 8000009c 00000711  a4=f00402ec ; c.addi  a4,4
      3971 :    #3909 0 8000009e 00000591  a1=f004079c ; c.addi  a1,4
      3972 :    #3910 0 800000a0 000096aa  a3=00000097 ; c.add   a3,a0
      3973 :    #3911 0 800000a2 0000c214              ; c.sw    a3,0(a2) [f0041c48]
      3974 :    #3912 0 800000a4 00000611  a2=f0041c4c ; c.addi  a2,4
      3975 :    #3913 0 800000a6 ff1719e3              ; bne     a4,a7,0x80000098
      3976 :    #3914 0 80000098 00004314  a3=0000017a ; c.lw    a3,0(a4) [f00402ec]
      3977 :    #3915 0 8000009a 00004188  a0=00000294 ; c.lw    a0,0(a1) [f004079c]
      3978 :    #3916 0 8000009c 00000711  a4=f00402f0 ; c.addi  a4,4
      3979 :    #3917 0 8000009e 00000591  a1=f00407a0 ; c.addi  a1,4
      3980 :    #3918 0 800000a0 000096aa  a3=0000040e ; c.add   a3,a0
      3981 :    #3919 0 800000a2 0000c214              ; c.sw    a3,0(a2) [f0041c4c]
      3982 :    #3920 0 800000a4 00000611  a2=f0041c50 ; c.addi  a2,4
      3983 :    #3921 0 800000a6 ff1719e3              ; bne     a4,a7,0x80000098
      3984 :    #3922 0 80000098 00004314  a3=00000069 ; c.lw    a3,0(a4) [f00402f0]
      3985 :    #3923 0 8000009a 00004188  a0=0000029b ; c.lw    a0,0(a1) [f00407a0]
      3986 :    #3924 0 8000009c 00000711  a4=f00402f4 ; c.addi  a4,4
      3987 :    #3925 0 8000009e 00000591  a1=f00407a4 ; c.addi  a1,4
      3988 :    #3926 0 800000a0 000096aa  a3=00000304 ; c.add   a3,a0
      3989 :    #3927 0 800000a2 0000c214              ; c.sw    a3,0(a2) [f0041c50]
      3990 :    #3928 0 800000a4 00000611  a2=f0041c54 ; c.addi  a2,4
      3991 :    #3929 0 800000a6 ff1719e3              ; bne     a4,a7,0x80000098
      3992 :    #3930 0 80000098 00004314  a3=00000066 ; c.lw    a3,0(a4) [f00402f4]
      3993 :    #3931 0 8000009a 00004188  a0=00000099 ; c.lw    a0,0(a1) [f00407a4]
      3994 :    #3932 0 8000009c 00000711  a4=f00402f8 ; c.addi  a4,4
      3995 :    #3933 0 8000009e 00000591  a1=f00407a8 ; c.addi  a1,4
      3996 :    #3934 0 800000a0 000096aa  a3=000000ff ; c.add   a3,a0
      3997 :    #3935 0 800000a2 0000c214              ; c.sw    a3,0(a2) [f0041c54]
      3998 :    #3936 0 800000a4 00000611  a2=f0041c58 ; c.addi  a2,4
      3999 :    #3937 0 800000a6 ff1719e3              ; bne     a4,a7,0x80000098
      4000 :    #3938 0 80000098 00004314  a3=0000017d ; c.lw    a3,0(a4) [f00402f8]
      4001 :    #3939 0 8000009a 00004188  a0=00000079 ; c.lw    a0,0(a1) [f00407a8]
      4002 :    #3940 0 8000009c 00000711  a4=f00402fc ; c.addi  a4,4
      4003 :    #3941 0 8000009e 00000591  a1=f00407ac ; c.addi  a1,4
      4004 :    #3942 0 800000a0 000096aa  a3=000001f6 ; c.add   a3,a0
      4005 :    #3943 0 800000a2 0000c214              ; c.sw    a3,0(a2) [f0041c58]
      4006 :    #3944 0 800000a4 00000611  a2=f0041c5c ; c.addi  a2,4
      4007 :    #3945 0 800000a6 ff1719e3              ; bne     a4,a7,0x80000098
      4008 :    #3946 0 80000098 00004314  a3=0000028b ; c.lw    a3,0(a4) [f00402fc]
      4009 :    #3947 0 8000009a 00004188  a0=00000062 ; c.lw    a0,0(a1) [f00407ac]
      4010 :    #3948 0 8000009c 00000711  a4=f0040300 ; c.addi  a4,4
      4011 :    #3949 0 8000009e 00000591  a1=f00407b0 ; c.addi  a1,4
      4012 :    #3950 0 800000a0 000096aa  a3=000002ed ; c.add   a3,a0
      4013 :    #3951 0 800000a2 0000c214              ; c.sw    a3,0(a2) [f0041c5c]
      4014 :    #3952 0 800000a4 00000611  a2=f0041c60 ; c.addi  a2,4
      4015 :    #3953 0 800000a6 ff1719e3              ; bne     a4,a7,0x80000098
      4016 :    #3954 0 80000098 00004314  a3=00000339 ; c.lw    a3,0(a4) [f0040300]
      4017 :    #3955 0 8000009a 00004188  a0=0000019c ; c.lw    a0,0(a1) [f00407b0]
      4018 :    #3956 0 8000009c 00000711  a4=f0040304 ; c.addi  a4,4
      4019 :    #3957 0 8000009e 00000591  a1=f00407b4 ; c.addi  a1,4
      4020 :    #3958 0 800000a0 000096aa  a3=000004d5 ; c.add   a3,a0
      4021 :    #3959 0 800000a2 0000c214              ; c.sw    a3,0(a2) [f0041c60]
      4022 :    #3960 0 800000a4 00000611  a2=f0041c64 ; c.addi  a2,4
      4023 :    #3961 0 800000a6 ff1719e3              ; bne     a4,a7,0x80000098
      4024 :    #3962 0 80000098 00004314  a3=00000348 ; c.lw    a3,0(a4) [f0040304]
      4025 :    #3963 0 8000009a 00004188  a0=000000ec ; c.lw    a0,0(a1) [f00407b4]
      4026 :    #3964 0 8000009c 00000711  a4=f0040308 ; c.addi  a4,4
      4027 :    #3965 0 8000009e 00000591  a1=f00407b8 ; c.addi  a1,4
      4028 :    #3966 0 800000a0 000096aa  a3=00000434 ; c.add   a3,a0
      4029 :    #3967 0 800000a2 0000c214              ; c.sw    a3,0(a2) [f0041c64]
      4030 :    #3968 0 800000a4 00000611  a2=f0041c68 ; c.addi  a2,4
      4031 :    #3969 0 800000a6 ff1719e3              ; bne     a4,a7,0x80000098
      4032 :    #3970 0 80000098 00004314  a3=00000164 ; c.lw    a3,0(a4) [f0040308]
      4033 :    #3971 0 8000009a 00004188  a0=0000000c ; c.lw    a0,0(a1) [f00407b8]
      4034 :    #3972 0 8000009c 00000711  a4=f004030c ; c.addi  a4,4
      4035 :    #3973 0 8000009e 00000591  a1=f00407bc ; c.addi  a1,4
      4036 :    #3974 0 800000a0 000096aa  a3=00000170 ; c.add   a3,a0
      4037 :    #3975 0 800000a2 0000c214              ; c.sw    a3,0(a2) [f0041c68]
      4038 :    #3976 0 800000a4 00000611  a2=f0041c6c ; c.addi  a2,4
      4039 :    #3977 0 800000a6 ff1719e3              ; bne     a4,a7,0x80000098
      4040 :    #3978 0 80000098 00004314  a3=00000094 ; c.lw    a3,0(a4) [f004030c]
      4041 :    #3979 0 8000009a 00004188  a0=000001a7 ; c.lw    a0,0(a1) [f00407bc]
      4042 :    #3980 0 8000009c 00000711  a4=f0040310 ; c.addi  a4,4
      4043 :    #3981 0 8000009e 00000591  a1=f00407c0 ; c.addi  a1,4
      4044 :    #3982 0 800000a0 000096aa  a3=0000023b ; c.add   a3,a0
      4045 :    #3983 0 800000a2 0000c214              ; c.sw    a3,0(a2) [f0041c6c]
      4046 :    #3984 0 800000a4 00000611  a2=f0041c70 ; c.addi  a2,4
      4047 :    #3985 0 800000a6 ff1719e3              ; bne     a4,a7,0x80000098
      4048 :    #3986 0 80000098 00004314  a3=00000036 ; c.lw    a3,0(a4) [f0040310]
      4049 :    #3987 0 8000009a 00004188  a0=000003c5 ; c.lw    a0,0(a1) [f00407c0]
      4050 :    #3988 0 8000009c 00000711  a4=f0040314 ; c.addi  a4,4
      4051 :    #3989 0 8000009e 00000591  a1=f00407c4 ; c.addi  a1,4
      4052 :    #3990 0 800000a0 000096aa  a3=000003fb ; c.add   a3,a0
      4053 :    #3991 0 800000a2 0000c214              ; c.sw    a3,0(a2) [f0041c70]
      4054 :    #3992 0 800000a4 00000611  a2=f0041c74 ; c.addi  a2,4
      4055 :    #3993 0 800000a6 ff1719e3              ; bne     a4,a7,0x80000098
      4056 :    #3994 0 80000098 00004314  a3=0000008c ; c.lw    a3,0(a4) [f0040314]
      4057 :    #3995 0 8000009a 00004188  a0=000000d8 ; c.lw    a0,0(a1) [f00407c4]
      4058 :    #3996 0 8000009c 00000711  a4=f0040318 ; c.addi  a4,4
      4059 :    #3997 0 8000009e 00000591  a1=f00407c8 ; c.addi  a1,4
      4060 :    #3998 0 800000a0 000096aa  a3=00000164 ; c.add   a3,a0
      4061 :    #3999 0 800000a2 0000c214              ; c.sw    a3,0(a2) [f0041c74]
      4062 :    #4000 0 800000a4 00000611  a2=f0041c78 ; c.addi  a2,4
      4063 :    #4001 0 800000a6 ff1719e3              ; bne     a4,a7,0x80000098
      4064 :    #4002 0 80000098 00004314  a3=000003bb ; c.lw    a3,0(a4) [f0040318]
      4065 :    #4003 0 8000009a 00004188  a0=0000026d ; c.lw    a0,0(a1) [f00407c8]
      4066 :    #4004 0 8000009c 00000711  a4=f004031c ; c.addi  a4,4
      4067 :    #4005 0 8000009e 00000591  a1=f00407cc ; c.addi  a1,4
      4068 :    #4006 0 800000a0 000096aa  a3=00000628 ; c.add   a3,a0
      4069 :    #4007 0 800000a2 0000c214              ; c.sw    a3,0(a2) [f0041c78]
      4070 :    #4008 0 800000a4 00000611  a2=f0041c7c ; c.addi  a2,4
      4071 :    #4009 0 800000a6 ff1719e3              ; bne     a4,a7,0x80000098
      4072 :    #4010 0 80000098 00004314  a3=00000157 ; c.lw    a3,0(a4) [f004031c]
      4073 :    #4011 0 8000009a 00004188  a0=00000169 ; c.lw    a0,0(a1) [f00407cc]
      4074 :    #4012 0 8000009c 00000711  a4=f0040320 ; c.addi  a4,4
      4075 :    #4013 0 8000009e 00000591  a1=f00407d0 ; c.addi  a1,4
      4076 :    #4014 0 800000a0 000096aa  a3=000002c0 ; c.add   a3,a0
      4077 :    #4015 0 800000a2 0000c214              ; c.sw    a3,0(a2) [f0041c7c]
      4078 :    #4016 0 800000a4 00000611  a2=f0041c80 ; c.addi  a2,4
      4079 :    #4017 0 800000a6 ff1719e3              ; bne     a4,a7,0x80000098
      4080 :    #4018 0 80000098 00004314  a3=00000215 ; c.lw    a3,0(a4) [f0040320]
      4081 :    #4019 0 8000009a 00004188  a0=00000399 ; c.lw    a0,0(a1) [f00407d0]
      4082 :    #4020 0 8000009c 00000711  a4=f0040324 ; c.addi  a4,4
      4083 :    #4021 0 8000009e 00000591  a1=f00407d4 ; c.addi  a1,4
      4084 :    #4022 0 800000a0 000096aa  a3=000005ae ; c.add   a3,a0
      4085 :    #4023 0 800000a2 0000c214              ; c.sw    a3,0(a2) [f0041c80]
      4086 :    #4024 0 800000a4 00000611  a2=f0041c84 ; c.addi  a2,4
      4087 :    #4025 0 800000a6 ff1719e3              ; bne     a4,a7,0x80000098
      4088 :    #4026 0 80000098 00004314  a3=000002f5 ; c.lw    a3,0(a4) [f0040324]
      4089 :    #4027 0 8000009a 00004188  a0=000002cb ; c.lw    a0,0(a1) [f00407d4]
      4090 :    #4028 0 8000009c 00000711  a4=f0040328 ; c.addi  a4,4
      4091 :    #4029 0 8000009e 00000591  a1=f00407d8 ; c.addi  a1,4
      4092 :    #4030 0 800000a0 000096aa  a3=000005c0 ; c.add   a3,a0
      4093 :    #4031 0 800000a2 0000c214              ; c.sw    a3,0(a2) [f0041c84]
      4094 :    #4032 0 800000a4 00000611  a2=f0041c88 ; c.addi  a2,4
      4095 :    #4033 0 800000a6 ff1719e3              ; bne     a4,a7,0x80000098
      4096 :    #4034 0 80000098 00004314  a3=00000209 ; c.lw    a3,0(a4) [f0040328]
      4097 :    #4035 0 8000009a 00004188  a0=00000287 ; c.lw    a0,0(a1) [f00407d8]
      4098 :    #4036 0 8000009c 00000711  a4=f004032c ; c.addi  a4,4
      4099 :    #4037 0 8000009e 00000591  a1=f00407dc ; c.addi  a1,4
      4100 :    #4038 0 800000a0 000096aa  a3=00000490 ; c.add   a3,a0
      4101 :    #4039 0 800000a2 0000c214              ; c.sw    a3,0(a2) [f0041c88]
      4102 :    #4040 0 800000a4 00000611  a2=f0041c8c ; c.addi  a2,4
      4103 :    #4041 0 800000a6 ff1719e3              ; bne     a4,a7,0x80000098
      4104 :    #4042 0 80000098 00004314  a3=00000345 ; c.lw    a3,0(a4) [f004032c]
      4105 :    #4043 0 8000009a 00004188  a0=0000012b ; c.lw    a0,0(a1) [f00407dc]
      4106 :    #4044 0 8000009c 00000711  a4=f0040330 ; c.addi  a4,4
      4107 :    #4045 0 8000009e 00000591  a1=f00407e0 ; c.addi  a1,4
      4108 :    #4046 0 800000a0 000096aa  a3=00000470 ; c.add   a3,a0
      4109 :    #4047 0 800000a2 0000c214              ; c.sw    a3,0(a2) [f0041c8c]
      4110 :    #4048 0 800000a4 00000611  a2=f0041c90 ; c.addi  a2,4
      4111 :    #4049 0 800000a6 ff1719e3              ; bne     a4,a7,0x80000098
      4112 :    #4050 0 80000098 00004314  a3=00000250 ; c.lw    a3,0(a4) [f0040330]
      4113 :    #4051 0 8000009a 00004188  a0=00000376 ; c.lw    a0,0(a1) [f00407e0]
      4114 :    #4052 0 8000009c 00000711  a4=f0040334 ; c.addi  a4,4
      4115 :    #4053 0 8000009e 00000591  a1=f00407e4 ; c.addi  a1,4
      4116 :    #4054 0 800000a0 000096aa  a3=000005c6 ; c.add   a3,a0
      4117 :    #4055 0 800000a2 0000c214              ; c.sw    a3,0(a2) [f0041c90]
      4118 :    #4056 0 800000a4 00000611  a2=f0041c94 ; c.addi  a2,4
      4119 :    #4057 0 800000a6 ff1719e3              ; bne     a4,a7,0x80000098
      4120 :    #4058 0 80000098 00004314  a3=0000000d ; c.lw    a3,0(a4) [f0040334]
      4121 :    #4059 0 8000009a 00004188  a0=000002aa ; c.lw    a0,0(a1) [f00407e4]
      4122 :    #4060 0 8000009c 00000711  a4=f0040338 ; c.addi  a4,4
      4123 :    #4061 0 8000009e 00000591  a1=f00407e8 ; c.addi  a1,4
      4124 :    #4062 0 800000a0 000096aa  a3=000002b7 ; c.add   a3,a0
      4125 :    #4063 0 800000a2 0000c214              ; c.sw    a3,0(a2) [f0041c94]
      4126 :    #4064 0 800000a4 00000611  a2=f0041c98 ; c.addi  a2,4
      4127 :    #4065 0 800000a6 ff1719e3              ; bne     a4,a7,0x80000098
      4128 :    #4066 0 80000098 00004314  a3=000000ad ; c.lw    a3,0(a4) [f0040338]
      4129 :    #4067 0 8000009a 00004188  a0=00000024 ; c.lw    a0,0(a1) [f00407e8]
      4130 :    #4068 0 8000009c 00000711  a4=f004033c ; c.addi  a4,4
      4131 :    #4069 0 8000009e 00000591  a1=f00407ec ; c.addi  a1,4
      4132 :    #4070 0 800000a0 000096aa  a3=000000d1 ; c.add   a3,a0
      4133 :    #4071 0 800000a2 0000c214              ; c.sw    a3,0(a2) [f0041c98]
      4134 :    #4072 0 800000a4 00000611  a2=f0041c9c ; c.addi  a2,4
      4135 :    #4073 0 800000a6 ff1719e3              ; bne     a4,a7,0x80000098
      4136 :    #4074 0 80000098 00004314  a3=0000003f ; c.lw    a3,0(a4) [f004033c]
      4137 :    #4075 0 8000009a 00004188  a0=000001ed ; c.lw    a0,0(a1) [f00407ec]
      4138 :    #4076 0 8000009c 00000711  a4=f0040340 ; c.addi  a4,4
      4139 :    #4077 0 8000009e 00000591  a1=f00407f0 ; c.addi  a1,4
      4140 :    #4078 0 800000a0 000096aa  a3=0000022c ; c.add   a3,a0
      4141 :    #4079 0 800000a2 0000c214              ; c.sw    a3,0(a2) [f0041c9c]
      4142 :    #4080 0 800000a4 00000611  a2=f0041ca0 ; c.addi  a2,4
      4143 :    #4081 0 800000a6 ff1719e3              ; bne     a4,a7,0x80000098
      4144 :    #4082 0 80000098 00004314  a3=00000079 ; c.lw    a3,0(a4) [f0040340]
      4145 :    #4083 0 8000009a 00004188  a0=00000227 ; c.lw    a0,0(a1) [f00407f0]
      4146 :    #4084 0 8000009c 00000711  a4=f0040344 ; c.addi  a4,4
      4147 :    #4085 0 8000009e 00000591  a1=f00407f4 ; c.addi  a1,4
      4148 :    #4086 0 800000a0 000096aa  a3=000002a0 ; c.add   a3,a0
      4149 :    #4087 0 800000a2 0000c214              ; c.sw    a3,0(a2) [f0041ca0]
      4150 :    #4088 0 800000a4 00000611  a2=f0041ca4 ; c.addi  a2,4
      4151 :    #4089 0 800000a6 ff1719e3              ; bne     a4,a7,0x80000098
      4152 :    #4090 0 80000098 00004314  a3=00000085 ; c.lw    a3,0(a4) [f0040344]
      4153 :    #4091 0 8000009a 00004188  a0=00000219 ; c.lw    a0,0(a1) [f00407f4]
      4154 :    #4092 0 8000009c 00000711  a4=f0040348 ; c.addi  a4,4
      4155 :    #4093 0 8000009e 00000591  a1=f00407f8 ; c.addi  a1,4
      4156 :    #4094 0 800000a0 000096aa  a3=0000029e ; c.add   a3,a0
      4157 :    #4095 0 800000a2 0000c214              ; c.sw    a3,0(a2) [f0041ca4]
      4158 :    #4096 0 800000a4 00000611  a2=f0041ca8 ; c.addi  a2,4
      4159 :    #4097 0 800000a6 ff1719e3              ; bne     a4,a7,0x80000098
      4160 :    #4098 0 80000098 00004314  a3=000002f6 ; c.lw    a3,0(a4) [f0040348]
      4161 :    #4099 0 8000009a 00004188  a0=000003c9 ; c.lw    a0,0(a1) [f00407f8]
      4162 :    #4100 0 8000009c 00000711  a4=f004034c ; c.addi  a4,4
      4163 :    #4101 0 8000009e 00000591  a1=f00407fc ; c.addi  a1,4
      4164 :    #4102 0 800000a0 000096aa  a3=000006bf ; c.add   a3,a0
      4165 :    #4103 0 800000a2 0000c214              ; c.sw    a3,0(a2) [f0041ca8]
      4166 :    #4104 0 800000a4 00000611  a2=f0041cac ; c.addi  a2,4
      4167 :    #4105 0 800000a6 ff1719e3              ; bne     a4,a7,0x80000098
      4168 :    #4106 0 80000098 00004314  a3=00000174 ; c.lw    a3,0(a4) [f004034c]
      4169 :    #4107 0 8000009a 00004188  a0=00000283 ; c.lw    a0,0(a1) [f00407fc]
      4170 :    #4108 0 8000009c 00000711  a4=f0040350 ; c.addi  a4,4
      4171 :    #4109 0 8000009e 00000591  a1=f0040800 ; c.addi  a1,4
      4172 :    #4110 0 800000a0 000096aa  a3=000003f7 ; c.add   a3,a0
      4173 :    #4111 0 800000a2 0000c214              ; c.sw    a3,0(a2) [f0041cac]
      4174 :    #4112 0 800000a4 00000611  a2=f0041cb0 ; c.addi  a2,4
      4175 :    #4113 0 800000a6 ff1719e3              ; bne     a4,a7,0x80000098
      4176 :    #4114 0 80000098 00004314  a3=000003b7 ; c.lw    a3,0(a4) [f0040350]
      4177 :    #4115 0 8000009a 00004188  a0=000001b2 ; c.lw    a0,0(a1) [f0040800]
      4178 :    #4116 0 8000009c 00000711  a4=f0040354 ; c.addi  a4,4
      4179 :    #4117 0 8000009e 00000591  a1=f0040804 ; c.addi  a1,4
      4180 :    #4118 0 800000a0 000096aa  a3=00000569 ; c.add   a3,a0
      4181 :    #4119 0 800000a2 0000c214              ; c.sw    a3,0(a2) [f0041cb0]
      4182 :    #4120 0 800000a4 00000611  a2=f0041cb4 ; c.addi  a2,4
      4183 :    #4121 0 800000a6 ff1719e3              ; bne     a4,a7,0x80000098
      4184 :    #4122 0 80000098 00004314  a3=00000027 ; c.lw    a3,0(a4) [f0040354]
      4185 :    #4123 0 8000009a 00004188  a0=0000019f ; c.lw    a0,0(a1) [f0040804]
      4186 :    #4124 0 8000009c 00000711  a4=f0040358 ; c.addi  a4,4
      4187 :    #4125 0 8000009e 00000591  a1=f0040808 ; c.addi  a1,4
      4188 :    #4126 0 800000a0 000096aa  a3=000001c6 ; c.add   a3,a0
      4189 :    #4127 0 800000a2 0000c214              ; c.sw    a3,0(a2) [f0041cb4]
      4190 :    #4128 0 800000a4 00000611  a2=f0041cb8 ; c.addi  a2,4
      4191 :    #4129 0 800000a6 ff1719e3              ; bne     a4,a7,0x80000098
      4192 :    #4130 0 80000098 00004314  a3=00000081 ; c.lw    a3,0(a4) [f0040358]
      4193 :    #4131 0 8000009a 00004188  a0=0000012f ; c.lw    a0,0(a1) [f0040808]
      4194 :    #4132 0 8000009c 00000711  a4=f004035c ; c.addi  a4,4
      4195 :    #4133 0 8000009e 00000591  a1=f004080c ; c.addi  a1,4
      4196 :    #4134 0 800000a0 000096aa  a3=000001b0 ; c.add   a3,a0
      4197 :    #4135 0 800000a2 0000c214              ; c.sw    a3,0(a2) [f0041cb8]
      4198 :    #4136 0 800000a4 00000611  a2=f0041cbc ; c.addi  a2,4
      4199 :    #4137 0 800000a6 ff1719e3              ; bne     a4,a7,0x80000098
      4200 :    #4138 0 80000098 00004314  a3=0000006e ; c.lw    a3,0(a4) [f004035c]
      4201 :    #4139 0 8000009a 00004188  a0=000001b6 ; c.lw    a0,0(a1) [f004080c]
      4202 :    #4140 0 8000009c 00000711  a4=f0040360 ; c.addi  a4,4
      4203 :    #4141 0 8000009e 00000591  a1=f0040810 ; c.addi  a1,4
      4204 :    #4142 0 800000a0 000096aa  a3=00000224 ; c.add   a3,a0
      4205 :    #4143 0 800000a2 0000c214              ; c.sw    a3,0(a2) [f0041cbc]
      4206 :    #4144 0 800000a4 00000611  a2=f0041cc0 ; c.addi  a2,4
      4207 :    #4145 0 800000a6 ff1719e3              ; bne     a4,a7,0x80000098
      4208 :    #4146 0 80000098 00004314  a3=0000034f ; c.lw    a3,0(a4) [f0040360]
      4209 :    #4147 0 8000009a 00004188  a0=0000035c ; c.lw    a0,0(a1) [f0040810]
      4210 :    #4148 0 8000009c 00000711  a4=f0040364 ; c.addi  a4,4
      4211 :    #4149 0 8000009e 00000591  a1=f0040814 ; c.addi  a1,4
      4212 :    #4150 0 800000a0 000096aa  a3=000006ab ; c.add   a3,a0
      4213 :    #4151 0 800000a2 0000c214              ; c.sw    a3,0(a2) [f0041cc0]
      4214 :    #4152 0 800000a4 00000611  a2=f0041cc4 ; c.addi  a2,4
      4215 :    #4153 0 800000a6 ff1719e3              ; bne     a4,a7,0x80000098
      4216 :    #4154 0 80000098 00004314  a3=000001b5 ; c.lw    a3,0(a4) [f0040364]
      4217 :    #4155 0 8000009a 00004188  a0=000000cb ; c.lw    a0,0(a1) [f0040814]
      4218 :    #4156 0 8000009c 00000711  a4=f0040368 ; c.addi  a4,4
      4219 :    #4157 0 8000009e 00000591  a1=f0040818 ; c.addi  a1,4
      4220 :    #4158 0 800000a0 000096aa  a3=00000280 ; c.add   a3,a0
      4221 :    #4159 0 800000a2 0000c214              ; c.sw    a3,0(a2) [f0041cc4]
      4222 :    #4160 0 800000a4 00000611  a2=f0041cc8 ; c.addi  a2,4
      4223 :    #4161 0 800000a6 ff1719e3              ; bne     a4,a7,0x80000098
      4224 :    #4162 0 80000098 00004314  a3=000000ff ; c.lw    a3,0(a4) [f0040368]
      4225 :    #4163 0 8000009a 00004188  a0=000001de ; c.lw    a0,0(a1) [f0040818]
      4226 :    #4164 0 8000009c 00000711  a4=f004036c ; c.addi  a4,4
      4227 :    #4165 0 8000009e 00000591  a1=f004081c ; c.addi  a1,4
      4228 :    #4166 0 800000a0 000096aa  a3=000002dd ; c.add   a3,a0
      4229 :    #4167 0 800000a2 0000c214              ; c.sw    a3,0(a2) [f0041cc8]
      4230 :    #4168 0 800000a4 00000611  a2=f0041ccc ; c.addi  a2,4
      4231 :    #4169 0 800000a6 ff1719e3              ; bne     a4,a7,0x80000098
      4232 :    #4170 0 80000098 00004314  a3=0000010d ; c.lw    a3,0(a4) [f004036c]
      4233 :    #4171 0 8000009a 00004188  a0=000003dc ; c.lw    a0,0(a1) [f004081c]
      4234 :    #4172 0 8000009c 00000711  a4=f0040370 ; c.addi  a4,4
      4235 :    #4173 0 8000009e 00000591  a1=f0040820 ; c.addi  a1,4
      4236 :    #4174 0 800000a0 000096aa  a3=000004e9 ; c.add   a3,a0
      4237 :    #4175 0 800000a2 0000c214              ; c.sw    a3,0(a2) [f0041ccc]
      4238 :    #4176 0 800000a4 00000611  a2=f0041cd0 ; c.addi  a2,4
      4239 :    #4177 0 800000a6 ff1719e3              ; bne     a4,a7,0x80000098
      4240 :    #4178 0 80000098 00004314  a3=00000199 ; c.lw    a3,0(a4) [f0040370]
      4241 :    #4179 0 8000009a 00004188  a0=000002a3 ; c.lw    a0,0(a1) [f0040820]
      4242 :    #4180 0 8000009c 00000711  a4=f0040374 ; c.addi  a4,4
      4243 :    #4181 0 8000009e 00000591  a1=f0040824 ; c.addi  a1,4
      4244 :    #4182 0 800000a0 000096aa  a3=0000043c ; c.add   a3,a0
      4245 :    #4183 0 800000a2 0000c214              ; c.sw    a3,0(a2) [f0041cd0]
      4246 :    #4184 0 800000a4 00000611  a2=f0041cd4 ; c.addi  a2,4
      4247 :    #4185 0 800000a6 ff1719e3              ; bne     a4,a7,0x80000098
      4248 :    #4186 0 80000098 00004314  a3=00000274 ; c.lw    a3,0(a4) [f0040374]
      4249 :    #4187 0 8000009a 00004188  a0=000002cf ; c.lw    a0,0(a1) [f0040824]
      4250 :    #4188 0 8000009c 00000711  a4=f0040378 ; c.addi  a4,4
      4251 :    #4189 0 8000009e 00000591  a1=f0040828 ; c.addi  a1,4
      4252 :    #4190 0 800000a0 000096aa  a3=00000543 ; c.add   a3,a0
      4253 :    #4191 0 800000a2 0000c214              ; c.sw    a3,0(a2) [f0041cd4]
      4254 :    #4192 0 800000a4 00000611  a2=f0041cd8 ; c.addi  a2,4
      4255 :    #4193 0 800000a6 ff1719e3              ; bne     a4,a7,0x80000098
      4256 :    #4194 0 80000098 00004314  a3=0000018f ; c.lw    a3,0(a4) [f0040378]
      4257 :    #4195 0 8000009a 00004188  a0=000003de ; c.lw    a0,0(a1) [f0040828]
      4258 :    #4196 0 8000009c 00000711  a4=f004037c ; c.addi  a4,4
      4259 :    #4197 0 8000009e 00000591  a1=f004082c ; c.addi  a1,4
      4260 :    #4198 0 800000a0 000096aa  a3=0000056d ; c.add   a3,a0
      4261 :    #4199 0 800000a2 0000c214              ; c.sw    a3,0(a2) [f0041cd8]
      4262 :    #4200 0 800000a4 00000611  a2=f0041cdc ; c.addi  a2,4
      4263 :    #4201 0 800000a6 ff1719e3              ; bne     a4,a7,0x80000098
      4264 :    #4202 0 80000098 00004314  a3=00000225 ; c.lw    a3,0(a4) [f004037c]
      4265 :    #4203 0 8000009a 00004188  a0=00000152 ; c.lw    a0,0(a1) [f004082c]
      4266 :    #4204 0 8000009c 00000711  a4=f0040380 ; c.addi  a4,4
      4267 :    #4205 0 8000009e 00000591  a1=f0040830 ; c.addi  a1,4
      4268 :    #4206 0 800000a0 000096aa  a3=00000377 ; c.add   a3,a0
      4269 :    #4207 0 800000a2 0000c214              ; c.sw    a3,0(a2) [f0041cdc]
      4270 :    #4208 0 800000a4 00000611  a2=f0041ce0 ; c.addi  a2,4
      4271 :    #4209 0 800000a6 ff1719e3              ; bne     a4,a7,0x80000098
      4272 :    #4210 0 80000098 00004314  a3=000002f1 ; c.lw    a3,0(a4) [f0040380]
      4273 :    #4211 0 8000009a 00004188  a0=000001c2 ; c.lw    a0,0(a1) [f0040830]
      4274 :    #4212 0 8000009c 00000711  a4=f0040384 ; c.addi  a4,4
      4275 :    #4213 0 8000009e 00000591  a1=f0040834 ; c.addi  a1,4
      4276 :    #4214 0 800000a0 000096aa  a3=000004b3 ; c.add   a3,a0
      4277 :    #4215 0 800000a2 0000c214              ; c.sw    a3,0(a2) [f0041ce0]
      4278 :    #4216 0 800000a4 00000611  a2=f0041ce4 ; c.addi  a2,4
      4279 :    #4217 0 800000a6 ff1719e3              ; bne     a4,a7,0x80000098
      4280 :    #4218 0 80000098 00004314  a3=00000234 ; c.lw    a3,0(a4) [f0040384]
      4281 :    #4219 0 8000009a 00004188  a0=00000279 ; c.lw    a0,0(a1) [f0040834]
      4282 :    #4220 0 8000009c 00000711  a4=f0040388 ; c.addi  a4,4
      4283 :    #4221 0 8000009e 00000591  a1=f0040838 ; c.addi  a1,4
      4284 :    #4222 0 800000a0 000096aa  a3=000004ad ; c.add   a3,a0
      4285 :    #4223 0 800000a2 0000c214              ; c.sw    a3,0(a2) [f0041ce4]
      4286 :    #4224 0 800000a4 00000611  a2=f0041ce8 ; c.addi  a2,4
      4287 :    #4225 0 800000a6 ff1719e3              ; bne     a4,a7,0x80000098
      4288 :    #4226 0 80000098 00004314  a3=000000ab ; c.lw    a3,0(a4) [f0040388]
      4289 :    #4227 0 8000009a 00004188  a0=0000009b ; c.lw    a0,0(a1) [f0040838]
      4290 :    #4228 0 8000009c 00000711  a4=f004038c ; c.addi  a4,4
      4291 :    #4229 0 8000009e 00000591  a1=f004083c ; c.addi  a1,4
      4292 :    #4230 0 800000a0 000096aa  a3=00000146 ; c.add   a3,a0
      4293 :    #4231 0 800000a2 0000c214              ; c.sw    a3,0(a2) [f0041ce8]
      4294 :    #4232 0 800000a4 00000611  a2=f0041cec ; c.addi  a2,4
      4295 :    #4233 0 800000a6 ff1719e3              ; bne     a4,a7,0x80000098
      4296 :    #4234 0 80000098 00004314  a3=00000013 ; c.lw    a3,0(a4) [f004038c]
      4297 :    #4235 0 8000009a 00004188  a0=00000286 ; c.lw    a0,0(a1) [f004083c]
      4298 :    #4236 0 8000009c 00000711  a4=f0040390 ; c.addi  a4,4
      4299 :    #4237 0 8000009e 00000591  a1=f0040840 ; c.addi  a1,4
      4300 :    #4238 0 800000a0 000096aa  a3=00000299 ; c.add   a3,a0
      4301 :    #4239 0 800000a2 0000c214              ; c.sw    a3,0(a2) [f0041cec]
      4302 :    #4240 0 800000a4 00000611  a2=f0041cf0 ; c.addi  a2,4
      4303 :    #4241 0 800000a6 ff1719e3              ; bne     a4,a7,0x80000098
      4304 :    #4242 0 80000098 00004314  a3=000002d7 ; c.lw    a3,0(a4) [f0040390]
      4305 :    #4243 0 8000009a 00004188  a0=000001c4 ; c.lw    a0,0(a1) [f0040840]
      4306 :    #4244 0 8000009c 00000711  a4=f0040394 ; c.addi  a4,4
      4307 :    #4245 0 8000009e 00000591  a1=f0040844 ; c.addi  a1,4
      4308 :    #4246 0 800000a0 000096aa  a3=0000049b ; c.add   a3,a0
      4309 :    #4247 0 800000a2 0000c214              ; c.sw    a3,0(a2) [f0041cf0]
      4310 :    #4248 0 800000a4 00000611  a2=f0041cf4 ; c.addi  a2,4
      4311 :    #4249 0 800000a6 ff1719e3              ; bne     a4,a7,0x80000098
      4312 :    #4250 0 80000098 00004314  a3=000001f5 ; c.lw    a3,0(a4) [f0040394]
      4313 :    #4251 0 8000009a 00004188  a0=000001ab ; c.lw    a0,0(a1) [f0040844]
      4314 :    #4252 0 8000009c 00000711  a4=f0040398 ; c.addi  a4,4
      4315 :    #4253 0 8000009e 00000591  a1=f0040848 ; c.addi  a1,4
      4316 :    #4254 0 800000a0 000096aa  a3=000003a0 ; c.add   a3,a0
      4317 :    #4255 0 800000a2 0000c214              ; c.sw    a3,0(a2) [f0041cf4]
      4318 :    #4256 0 800000a4 00000611  a2=f0041cf8 ; c.addi  a2,4
      4319 :    #4257 0 800000a6 ff1719e3              ; bne     a4,a7,0x80000098
      4320 :    #4258 0 80000098 00004314  a3=00000309 ; c.lw    a3,0(a4) [f0040398]
      4321 :    #4259 0 8000009a 00004188  a0=000001fd ; c.lw    a0,0(a1) [f0040848]
      4322 :    #4260 0 8000009c 00000711  a4=f004039c ; c.addi  a4,4
      4323 :    #4261 0 8000009e 00000591  a1=f004084c ; c.addi  a1,4
      4324 :    #4262 0 800000a0 000096aa  a3=00000506 ; c.add   a3,a0
      4325 :    #4263 0 800000a2 0000c214              ; c.sw    a3,0(a2) [f0041cf8]
      4326 :    #4264 0 800000a4 00000611  a2=f0041cfc ; c.addi  a2,4
      4327 :    #4265 0 800000a6 ff1719e3              ; bne     a4,a7,0x80000098
      4328 :    #4266 0 80000098 00004314  a3=0000002b ; c.lw    a3,0(a4) [f004039c]
      4329 :    #4267 0 8000009a 00004188  a0=000003dc ; c.lw    a0,0(a1) [f004084c]
      4330 :    #4268 0 8000009c 00000711  a4=f00403a0 ; c.addi  a4,4
      4331 :    #4269 0 8000009e 00000591  a1=f0040850 ; c.addi  a1,4
      4332 :    #4270 0 800000a0 000096aa  a3=00000407 ; c.add   a3,a0
      4333 :    #4271 0 800000a2 0000c214              ; c.sw    a3,0(a2) [f0041cfc]
      4334 :    #4272 0 800000a4 00000611  a2=f0041d00 ; c.addi  a2,4
      4335 :    #4273 0 800000a6 ff1719e3              ; bne     a4,a7,0x80000098
      4336 :    #4274 0 80000098 00004314  a3=000002f1 ; c.lw    a3,0(a4) [f00403a0]
      4337 :    #4275 0 8000009a 00004188  a0=000001aa ; c.lw    a0,0(a1) [f0040850]
      4338 :    #4276 0 8000009c 00000711  a4=f00403a4 ; c.addi  a4,4
      4339 :    #4277 0 8000009e 00000591  a1=f0040854 ; c.addi  a1,4
      4340 :    #4278 0 800000a0 000096aa  a3=0000049b ; c.add   a3,a0
      4341 :    #4279 0 800000a2 0000c214              ; c.sw    a3,0(a2) [f0041d00]
      4342 :    #4280 0 800000a4 00000611  a2=f0041d04 ; c.addi  a2,4
      4343 :    #4281 0 800000a6 ff1719e3              ; bne     a4,a7,0x80000098
      4344 :    #4282 0 80000098 00004314  a3=00000051 ; c.lw    a3,0(a4) [f00403a4]
      4345 :    #4283 0 8000009a 00004188  a0=0000000c ; c.lw    a0,0(a1) [f0040854]
      4346 :    #4284 0 8000009c 00000711  a4=f00403a8 ; c.addi  a4,4
      4347 :    #4285 0 8000009e 00000591  a1=f0040858 ; c.addi  a1,4
      4348 :    #4286 0 800000a0 000096aa  a3=0000005d ; c.add   a3,a0
      4349 :    #4287 0 800000a2 0000c214              ; c.sw    a3,0(a2) [f0041d04]
      4350 :    #4288 0 800000a4 00000611  a2=f0041d08 ; c.addi  a2,4
      4351 :    #4289 0 800000a6 ff1719e3              ; bne     a4,a7,0x80000098
      4352 :    #4290 0 80000098 00004314  a3=000000ca ; c.lw    a3,0(a4) [f00403a8]
      4353 :    #4291 0 8000009a 00004188  a0=000001e3 ; c.lw    a0,0(a1) [f0040858]
      4354 :    #4292 0 8000009c 00000711  a4=f00403ac ; c.addi  a4,4
      4355 :    #4293 0 8000009e 00000591  a1=f004085c ; c.addi  a1,4
      4356 :    #4294 0 800000a0 000096aa  a3=000002ad ; c.add   a3,a0
      4357 :    #4295 0 800000a2 0000c214              ; c.sw    a3,0(a2) [f0041d08]
      4358 :    #4296 0 800000a4 00000611  a2=f0041d0c ; c.addi  a2,4
      4359 :    #4297 0 800000a6 ff1719e3              ; bne     a4,a7,0x80000098
      4360 :    #4298 0 80000098 00004314  a3=00000355 ; c.lw    a3,0(a4) [f00403ac]
      4361 :    #4299 0 8000009a 00004188  a0=0000008e ; c.lw    a0,0(a1) [f004085c]
      4362 :    #4300 0 8000009c 00000711  a4=f00403b0 ; c.addi  a4,4
      4363 :    #4301 0 8000009e 00000591  a1=f0040860 ; c.addi  a1,4
      4364 :    #4302 0 800000a0 000096aa  a3=000003e3 ; c.add   a3,a0
      4365 :    #4303 0 800000a2 0000c214              ; c.sw    a3,0(a2) [f0041d0c]
      4366 :    #4304 0 800000a4 00000611  a2=f0041d10 ; c.addi  a2,4
      4367 :    #4305 0 800000a6 ff1719e3              ; bne     a4,a7,0x80000098
      4368 :    #4306 0 80000098 00004314  a3=00000099 ; c.lw    a3,0(a4) [f00403b0]
      4369 :    #4307 0 8000009a 00004188  a0=00000153 ; c.lw    a0,0(a1) [f0040860]
      4370 :    #4308 0 8000009c 00000711  a4=f00403b4 ; c.addi  a4,4
      4371 :    #4309 0 8000009e 00000591  a1=f0040864 ; c.addi  a1,4
      4372 :    #4310 0 800000a0 000096aa  a3=000001ec ; c.add   a3,a0
      4373 :    #4311 0 800000a2 0000c214              ; c.sw    a3,0(a2) [f0041d10]
      4374 :    #4312 0 800000a4 00000611  a2=f0041d14 ; c.addi  a2,4
      4375 :    #4313 0 800000a6 ff1719e3              ; bne     a4,a7,0x80000098
      4376 :    #4314 0 80000098 00004314  a3=000002f8 ; c.lw    a3,0(a4) [f00403b4]
      4377 :    #4315 0 8000009a 00004188  a0=00000186 ; c.lw    a0,0(a1) [f0040864]
      4378 :    #4316 0 8000009c 00000711  a4=f00403b8 ; c.addi  a4,4
      4379 :    #4317 0 8000009e 00000591  a1=f0040868 ; c.addi  a1,4
      4380 :    #4318 0 800000a0 000096aa  a3=0000047e ; c.add   a3,a0
      4381 :    #4319 0 800000a2 0000c214              ; c.sw    a3,0(a2) [f0041d14]
      4382 :    #4320 0 800000a4 00000611  a2=f0041d18 ; c.addi  a2,4
      4383 :    #4321 0 800000a6 ff1719e3              ; bne     a4,a7,0x80000098
      4384 :    #4322 0 80000098 00004314  a3=00000165 ; c.lw    a3,0(a4) [f00403b8]
      4385 :    #4323 0 8000009a 00004188  a0=00000032 ; c.lw    a0,0(a1) [f0040868]
      4386 :    #4324 0 8000009c 00000711  a4=f00403bc ; c.addi  a4,4
      4387 :    #4325 0 8000009e 00000591  a1=f004086c ; c.addi  a1,4
      4388 :    #4326 0 800000a0 000096aa  a3=00000197 ; c.add   a3,a0
      4389 :    #4327 0 800000a2 0000c214              ; c.sw    a3,0(a2) [f0041d18]
      4390 :    #4328 0 800000a4 00000611  a2=f0041d1c ; c.addi  a2,4
      4391 :    #4329 0 800000a6 ff1719e3              ; bne     a4,a7,0x80000098
      4392 :    #4330 0 80000098 00004314  a3=000003af ; c.lw    a3,0(a4) [f00403bc]
      4393 :    #4331 0 8000009a 00004188  a0=000000ab ; c.lw    a0,0(a1) [f004086c]
      4394 :    #4332 0 8000009c 00000711  a4=f00403c0 ; c.addi  a4,4
      4395 :    #4333 0 8000009e 00000591  a1=f0040870 ; c.addi  a1,4
      4396 :    #4334 0 800000a0 000096aa  a3=0000045a ; c.add   a3,a0
      4397 :    #4335 0 800000a2 0000c214              ; c.sw    a3,0(a2) [f0041d1c]
      4398 :    #4336 0 800000a4 00000611  a2=f0041d20 ; c.addi  a2,4
      4399 :    #4337 0 800000a6 ff1719e3              ; bne     a4,a7,0x80000098
      4400 :    #4338 0 80000098 00004314  a3=0000039a ; c.lw    a3,0(a4) [f00403c0]
      4401 :    #4339 0 8000009a 00004188  a0=00000259 ; c.lw    a0,0(a1) [f0040870]
      4402 :    #4340 0 8000009c 00000711  a4=f00403c4 ; c.addi  a4,4
      4403 :    #4341 0 8000009e 00000591  a1=f0040874 ; c.addi  a1,4
      4404 :    #4342 0 800000a0 000096aa  a3=000005f3 ; c.add   a3,a0
      4405 :    #4343 0 800000a2 0000c214              ; c.sw    a3,0(a2) [f0041d20]
      4406 :    #4344 0 800000a4 00000611  a2=f0041d24 ; c.addi  a2,4
      4407 :    #4345 0 800000a6 ff1719e3              ; bne     a4,a7,0x80000098
      4408 :    #4346 0 80000098 00004314  a3=00000148 ; c.lw    a3,0(a4) [f00403c4]
      4409 :    #4347 0 8000009a 00004188  a0=00000069 ; c.lw    a0,0(a1) [f0040874]
      4410 :    #4348 0 8000009c 00000711  a4=f00403c8 ; c.addi  a4,4
      4411 :    #4349 0 8000009e 00000591  a1=f0040878 ; c.addi  a1,4
      4412 :    #4350 0 800000a0 000096aa  a3=000001b1 ; c.add   a3,a0
      4413 :    #4351 0 800000a2 0000c214              ; c.sw    a3,0(a2) [f0041d24]
      4414 :    #4352 0 800000a4 00000611  a2=f0041d28 ; c.addi  a2,4
      4415 :    #4353 0 800000a6 ff1719e3              ; bne     a4,a7,0x80000098
      4416 :    #4354 0 80000098 00004314  a3=000001f0 ; c.lw    a3,0(a4) [f00403c8]
      4417 :    #4355 0 8000009a 00004188  a0=000003c8 ; c.lw    a0,0(a1) [f0040878]
      4418 :    #4356 0 8000009c 00000711  a4=f00403cc ; c.addi  a4,4
      4419 :    #4357 0 8000009e 00000591  a1=f004087c ; c.addi  a1,4
      4420 :    #4358 0 800000a0 000096aa  a3=000005b8 ; c.add   a3,a0
      4421 :    #4359 0 800000a2 0000c214              ; c.sw    a3,0(a2) [f0041d28]
      4422 :    #4360 0 800000a4 00000611  a2=f0041d2c ; c.addi  a2,4
      4423 :    #4361 0 800000a6 ff1719e3              ; bne     a4,a7,0x80000098
      4424 :    #4362 0 80000098 00004314  a3=000001ba ; c.lw    a3,0(a4) [f00403cc]
      4425 :    #4363 0 8000009a 00004188  a0=00000079 ; c.lw    a0,0(a1) [f004087c]
      4426 :    #4364 0 8000009c 00000711  a4=f00403d0 ; c.addi  a4,4
      4427 :    #4365 0 8000009e 00000591  a1=f0040880 ; c.addi  a1,4
      4428 :    #4366 0 800000a0 000096aa  a3=00000233 ; c.add   a3,a0
      4429 :    #4367 0 800000a2 0000c214              ; c.sw    a3,0(a2) [f0041d2c]
      4430 :    #4368 0 800000a4 00000611  a2=f0041d30 ; c.addi  a2,4
      4431 :    #4369 0 800000a6 ff1719e3              ; bne     a4,a7,0x80000098
      4432 :    #4370 0 80000098 00004314  a3=00000204 ; c.lw    a3,0(a4) [f00403d0]
      4433 :    #4371 0 8000009a 00004188  a0=0000036f ; c.lw    a0,0(a1) [f0040880]
      4434 :    #4372 0 8000009c 00000711  a4=f00403d4 ; c.addi  a4,4
      4435 :    #4373 0 8000009e 00000591  a1=f0040884 ; c.addi  a1,4
      4436 :    #4374 0 800000a0 000096aa  a3=00000573 ; c.add   a3,a0
      4437 :    #4375 0 800000a2 0000c214              ; c.sw    a3,0(a2) [f0041d30]
      4438 :    #4376 0 800000a4 00000611  a2=f0041d34 ; c.addi  a2,4
      4439 :    #4377 0 800000a6 ff1719e3              ; bne     a4,a7,0x80000098
      4440 :    #4378 0 80000098 00004314  a3=00000281 ; c.lw    a3,0(a4) [f00403d4]
      4441 :    #4379 0 8000009a 00004188  a0=00000051 ; c.lw    a0,0(a1) [f0040884]
      4442 :    #4380 0 8000009c 00000711  a4=f00403d8 ; c.addi  a4,4
      4443 :    #4381 0 8000009e 00000591  a1=f0040888 ; c.addi  a1,4
      4444 :    #4382 0 800000a0 000096aa  a3=000002d2 ; c.add   a3,a0
      4445 :    #4383 0 800000a2 0000c214              ; c.sw    a3,0(a2) [f0041d34]
      4446 :    #4384 0 800000a4 00000611  a2=f0041d38 ; c.addi  a2,4
      4447 :    #4385 0 800000a6 ff1719e3              ; bne     a4,a7,0x80000098
      4448 :    #4386 0 80000098 00004314  a3=00000114 ; c.lw    a3,0(a4) [f00403d8]
      4449 :    #4387 0 8000009a 00004188  a0=00000366 ; c.lw    a0,0(a1) [f0040888]
      4450 :    #4388 0 8000009c 00000711  a4=f00403dc ; c.addi  a4,4
      4451 :    #4389 0 8000009e 00000591  a1=f004088c ; c.addi  a1,4
      4452 :    #4390 0 800000a0 000096aa  a3=0000047a ; c.add   a3,a0
      4453 :    #4391 0 800000a2 0000c214              ; c.sw    a3,0(a2) [f0041d38]
      4454 :    #4392 0 800000a4 00000611  a2=f0041d3c ; c.addi  a2,4
      4455 :    #4393 0 800000a6 ff1719e3              ; bne     a4,a7,0x80000098
      4456 :    #4394 0 80000098 00004314  a3=00000312 ; c.lw    a3,0(a4) [f00403dc]
      4457 :    #4395 0 8000009a 00004188  a0=00000258 ; c.lw    a0,0(a1) [f004088c]
      4458 :    #4396 0 8000009c 00000711  a4=f00403e0 ; c.addi  a4,4
      4459 :    #4397 0 8000009e 00000591  a1=f0040890 ; c.addi  a1,4
      4460 :    #4398 0 800000a0 000096aa  a3=0000056a ; c.add   a3,a0
      4461 :    #4399 0 800000a2 0000c214              ; c.sw    a3,0(a2) [f0041d3c]
      4462 :    #4400 0 800000a4 00000611  a2=f0041d40 ; c.addi  a2,4
      4463 :    #4401 0 800000a6 ff1719e3              ; bne     a4,a7,0x80000098
      4464 :    #4402 0 80000098 00004314  a3=00000071 ; c.lw    a3,0(a4) [f00403e0]
      4465 :    #4403 0 8000009a 00004188  a0=0000025b ; c.lw    a0,0(a1) [f0040890]
      4466 :    #4404 0 8000009c 00000711  a4=f00403e4 ; c.addi  a4,4
      4467 :    #4405 0 8000009e 00000591  a1=f0040894 ; c.addi  a1,4
      4468 :    #4406 0 800000a0 000096aa  a3=000002cc ; c.add   a3,a0
      4469 :    #4407 0 800000a2 0000c214              ; c.sw    a3,0(a2) [f0041d40]
      4470 :    #4408 0 800000a4 00000611  a2=f0041d44 ; c.addi  a2,4
      4471 :    #4409 0 800000a6 ff1719e3              ; bne     a4,a7,0x80000098
      4472 :    #4410 0 80000098 00004314  a3=0000034a ; c.lw    a3,0(a4) [f00403e4]
      4473 :    #4411 0 8000009a 00004188  a0=00000367 ; c.lw    a0,0(a1) [f0040894]
      4474 :    #4412 0 8000009c 00000711  a4=f00403e8 ; c.addi  a4,4
      4475 :    #4413 0 8000009e 00000591  a1=f0040898 ; c.addi  a1,4
      4476 :    #4414 0 800000a0 000096aa  a3=000006b1 ; c.add   a3,a0
      4477 :    #4415 0 800000a2 0000c214              ; c.sw    a3,0(a2) [f0041d44]
      4478 :    #4416 0 800000a4 00000611  a2=f0041d48 ; c.addi  a2,4
      4479 :    #4417 0 800000a6 ff1719e3              ; bne     a4,a7,0x80000098
      4480 :    #4418 0 80000098 00004314  a3=0000038b ; c.lw    a3,0(a4) [f00403e8]
      4481 :    #4419 0 8000009a 00004188  a0=00000377 ; c.lw    a0,0(a1) [f0040898]
      4482 :    #4420 0 8000009c 00000711  a4=f00403ec ; c.addi  a4,4
      4483 :    #4421 0 8000009e 00000591  a1=f004089c ; c.addi  a1,4
      4484 :    #4422 0 800000a0 000096aa  a3=00000702 ; c.add   a3,a0
      4485 :    #4423 0 800000a2 0000c214              ; c.sw    a3,0(a2) [f0041d48]
      4486 :    #4424 0 800000a4 00000611  a2=f0041d4c ; c.addi  a2,4
      4487 :    #4425 0 800000a6 ff1719e3              ; bne     a4,a7,0x80000098
      4488 :    #4426 0 80000098 00004314  a3=00000113 ; c.lw    a3,0(a4) [f00403ec]
      4489 :    #4427 0 8000009a 00004188  a0=00000262 ; c.lw    a0,0(a1) [f004089c]
      4490 :    #4428 0 8000009c 00000711  a4=f00403f0 ; c.addi  a4,4
      4491 :    #4429 0 8000009e 00000591  a1=f00408a0 ; c.addi  a1,4
      4492 :    #4430 0 800000a0 000096aa  a3=00000375 ; c.add   a3,a0
      4493 :    #4431 0 800000a2 0000c214              ; c.sw    a3,0(a2) [f0041d4c]
      4494 :    #4432 0 800000a4 00000611  a2=f0041d50 ; c.addi  a2,4
      4495 :    #4433 0 800000a6 ff1719e3              ; bne     a4,a7,0x80000098
      4496 :    #4434 0 80000098 00004314  a3=000000ed ; c.lw    a3,0(a4) [f00403f0]
      4497 :    #4435 0 8000009a 00004188  a0=00000194 ; c.lw    a0,0(a1) [f00408a0]
      4498 :    #4436 0 8000009c 00000711  a4=f00403f4 ; c.addi  a4,4
      4499 :    #4437 0 8000009e 00000591  a1=f00408a4 ; c.addi  a1,4
      4500 :    #4438 0 800000a0 000096aa  a3=00000281 ; c.add   a3,a0
      4501 :    #4439 0 800000a2 0000c214              ; c.sw    a3,0(a2) [f0041d50]
      4502 :    #4440 0 800000a4 00000611  a2=f0041d54 ; c.addi  a2,4
      4503 :    #4441 0 800000a6 ff1719e3              ; bne     a4,a7,0x80000098
      4504 :    #4442 0 80000098 00004314  a3=00000020 ; c.lw    a3,0(a4) [f00403f4]
      4505 :    #4443 0 8000009a 00004188  a0=000000ea ; c.lw    a0,0(a1) [f00408a4]
      4506 :    #4444 0 8000009c 00000711  a4=f00403f8 ; c.addi  a4,4
      4507 :    #4445 0 8000009e 00000591  a1=f00408a8 ; c.addi  a1,4
      4508 :    #4446 0 800000a0 000096aa  a3=0000010a ; c.add   a3,a0
      4509 :    #4447 0 800000a2 0000c214              ; c.sw    a3,0(a2) [f0041d54]
      4510 :    #4448 0 800000a4 00000611  a2=f0041d58 ; c.addi  a2,4
      4511 :    #4449 0 800000a6 ff1719e3              ; bne     a4,a7,0x80000098
      4512 :    #4450 0 80000098 00004314  a3=00000310 ; c.lw    a3,0(a4) [f00403f8]
      4513 :    #4451 0 8000009a 00004188  a0=000002e9 ; c.lw    a0,0(a1) [f00408a8]
      4514 :    #4452 0 8000009c 00000711  a4=f00403fc ; c.addi  a4,4
      4515 :    #4453 0 8000009e 00000591  a1=f00408ac ; c.addi  a1,4
      4516 :    #4454 0 800000a0 000096aa  a3=000005f9 ; c.add   a3,a0
      4517 :    #4455 0 800000a2 0000c214              ; c.sw    a3,0(a2) [f0041d58]
      4518 :    #4456 0 800000a4 00000611  a2=f0041d5c ; c.addi  a2,4
      4519 :    #4457 0 800000a6 ff1719e3              ; bne     a4,a7,0x80000098
      4520 :    #4458 0 80000098 00004314  a3=00000235 ; c.lw    a3,0(a4) [f00403fc]
      4521 :    #4459 0 8000009a 00004188  a0=0000020e ; c.lw    a0,0(a1) [f00408ac]
      4522 :    #4460 0 8000009c 00000711  a4=f0040400 ; c.addi  a4,4
      4523 :    #4461 0 8000009e 00000591  a1=f00408b0 ; c.addi  a1,4
      4524 :    #4462 0 800000a0 000096aa  a3=00000443 ; c.add   a3,a0
      4525 :    #4463 0 800000a2 0000c214              ; c.sw    a3,0(a2) [f0041d5c]
      4526 :    #4464 0 800000a4 00000611  a2=f0041d60 ; c.addi  a2,4
      4527 :    #4465 0 800000a6 ff1719e3              ; bne     a4,a7,0x80000098
      4528 :    #4466 0 80000098 00004314  a3=00000165 ; c.lw    a3,0(a4) [f0040400]
      4529 :    #4467 0 8000009a 00004188  a0=00000113 ; c.lw    a0,0(a1) [f00408b0]
      4530 :    #4468 0 8000009c 00000711  a4=f0040404 ; c.addi  a4,4
      4531 :    #4469 0 8000009e 00000591  a1=f00408b4 ; c.addi  a1,4
      4532 :    #4470 0 800000a0 000096aa  a3=00000278 ; c.add   a3,a0
      4533 :    #4471 0 800000a2 0000c214              ; c.sw    a3,0(a2) [f0041d60]
      4534 :    #4472 0 800000a4 00000611  a2=f0041d64 ; c.addi  a2,4
      4535 :    #4473 0 800000a6 ff1719e3              ; bne     a4,a7,0x80000098
      4536 :    #4474 0 80000098 00004314  a3=00000323 ; c.lw    a3,0(a4) [f0040404]
      4537 :    #4475 0 8000009a 00004188  a0=000001b9 ; c.lw    a0,0(a1) [f00408b4]
      4538 :    #4476 0 8000009c 00000711  a4=f0040408 ; c.addi  a4,4
      4539 :    #4477 0 8000009e 00000591  a1=f00408b8 ; c.addi  a1,4
      4540 :    #4478 0 800000a0 000096aa  a3=000004dc ; c.add   a3,a0
      4541 :    #4479 0 800000a2 0000c214              ; c.sw    a3,0(a2) [f0041d64]
      4542 :    #4480 0 800000a4 00000611  a2=f0041d68 ; c.addi  a2,4
      4543 :    #4481 0 800000a6 ff1719e3              ; bne     a4,a7,0x80000098
      4544 :    #4482 0 80000098 00004314  a3=00000333 ; c.lw    a3,0(a4) [f0040408]
      4545 :    #4483 0 8000009a 00004188  a0=000000e2 ; c.lw    a0,0(a1) [f00408b8]
      4546 :    #4484 0 8000009c 00000711  a4=f004040c ; c.addi  a4,4
      4547 :    #4485 0 8000009e 00000591  a1=f00408bc ; c.addi  a1,4
      4548 :    #4486 0 800000a0 000096aa  a3=00000415 ; c.add   a3,a0
      4549 :    #4487 0 800000a2 0000c214              ; c.sw    a3,0(a2) [f0041d68]
      4550 :    #4488 0 800000a4 00000611  a2=f0041d6c ; c.addi  a2,4
      4551 :    #4489 0 800000a6 ff1719e3              ; bne     a4,a7,0x80000098
      4552 :    #4490 0 80000098 00004314  a3=000002ef ; c.lw    a3,0(a4) [f004040c]
      4553 :    #4491 0 8000009a 00004188  a0=000002f0 ; c.lw    a0,0(a1) [f00408bc]
      4554 :    #4492 0 8000009c 00000711  a4=f0040410 ; c.addi  a4,4
      4555 :    #4493 0 8000009e 00000591  a1=f00408c0 ; c.addi  a1,4
      4556 :    #4494 0 800000a0 000096aa  a3=000005df ; c.add   a3,a0
      4557 :    #4495 0 800000a2 0000c214              ; c.sw    a3,0(a2) [f0041d6c]
      4558 :    #4496 0 800000a4 00000611  a2=f0041d70 ; c.addi  a2,4
      4559 :    #4497 0 800000a6 ff1719e3              ; bne     a4,a7,0x80000098
      4560 :    #4498 0 80000098 00004314  a3=00000118 ; c.lw    a3,0(a4) [f0040410]
      4561 :    #4499 0 8000009a 00004188  a0=000003af ; c.lw    a0,0(a1) [f00408c0]
      4562 :    #4500 0 8000009c 00000711  a4=f0040414 ; c.addi  a4,4
      4563 :    #4501 0 8000009e 00000591  a1=f00408c4 ; c.addi  a1,4
      4564 :    #4502 0 800000a0 000096aa  a3=000004c7 ; c.add   a3,a0
      4565 :    #4503 0 800000a2 0000c214              ; c.sw    a3,0(a2) [f0041d70]
      4566 :    #4504 0 800000a4 00000611  a2=f0041d74 ; c.addi  a2,4
      4567 :    #4505 0 800000a6 ff1719e3              ; bne     a4,a7,0x80000098
      4568 :    #4506 0 80000098 00004314  a3=00000055 ; c.lw    a3,0(a4) [f0040414]
      4569 :    #4507 0 8000009a 00004188  a0=000002d6 ; c.lw    a0,0(a1) [f00408c4]
      4570 :    #4508 0 8000009c 00000711  a4=f0040418 ; c.addi  a4,4
      4571 :    #4509 0 8000009e 00000591  a1=f00408c8 ; c.addi  a1,4
      4572 :    #4510 0 800000a0 000096aa  a3=0000032b ; c.add   a3,a0
      4573 :    #4511 0 800000a2 0000c214              ; c.sw    a3,0(a2) [f0041d74]
      4574 :    #4512 0 800000a4 00000611  a2=f0041d78 ; c.addi  a2,4
      4575 :    #4513 0 800000a6 ff1719e3              ; bne     a4,a7,0x80000098
      4576 :    #4514 0 80000098 00004314  a3=000001ca ; c.lw    a3,0(a4) [f0040418]
      4577 :    #4515 0 8000009a 00004188  a0=000002c5 ; c.lw    a0,0(a1) [f00408c8]
      4578 :    #4516 0 8000009c 00000711  a4=f004041c ; c.addi  a4,4
      4579 :    #4517 0 8000009e 00000591  a1=f00408cc ; c.addi  a1,4
      4580 :    #4518 0 800000a0 000096aa  a3=0000048f ; c.add   a3,a0
      4581 :    #4519 0 800000a2 0000c214              ; c.sw    a3,0(a2) [f0041d78]
      4582 :    #4520 0 800000a4 00000611  a2=f0041d7c ; c.addi  a2,4
      4583 :    #4521 0 800000a6 ff1719e3              ; bne     a4,a7,0x80000098
      4584 :    #4522 0 80000098 00004314  a3=000001c6 ; c.lw    a3,0(a4) [f004041c]
      4585 :    #4523 0 8000009a 00004188  a0=000000c9 ; c.lw    a0,0(a1) [f00408cc]
      4586 :    #4524 0 8000009c 00000711  a4=f0040420 ; c.addi  a4,4
      4587 :    #4525 0 8000009e 00000591  a1=f00408d0 ; c.addi  a1,4
      4588 :    #4526 0 800000a0 000096aa  a3=0000028f ; c.add   a3,a0
      4589 :    #4527 0 800000a2 0000c214              ; c.sw    a3,0(a2) [f0041d7c]
      4590 :    #4528 0 800000a4 00000611  a2=f0041d80 ; c.addi  a2,4
      4591 :    #4529 0 800000a6 ff1719e3              ; bne     a4,a7,0x80000098
      4592 :    #4530 0 80000098 00004314  a3=000002c6 ; c.lw    a3,0(a4) [f0040420]
      4593 :    #4531 0 8000009a 00004188  a0=00000036 ; c.lw    a0,0(a1) [f00408d0]
      4594 :    #4532 0 8000009c 00000711  a4=f0040424 ; c.addi  a4,4
      4595 :    #4533 0 8000009e 00000591  a1=f00408d4 ; c.addi  a1,4
      4596 :    #4534 0 800000a0 000096aa  a3=000002fc ; c.add   a3,a0
      4597 :    #4535 0 800000a2 0000c214              ; c.sw    a3,0(a2) [f0041d80]
      4598 :    #4536 0 800000a4 00000611  a2=f0041d84 ; c.addi  a2,4
      4599 :    #4537 0 800000a6 ff1719e3              ; bne     a4,a7,0x80000098
      4600 :    #4538 0 80000098 00004314  a3=000001cb ; c.lw    a3,0(a4) [f0040424]
      4601 :    #4539 0 8000009a 00004188  a0=000002f6 ; c.lw    a0,0(a1) [f00408d4]
      4602 :    #4540 0 8000009c 00000711  a4=f0040428 ; c.addi  a4,4
      4603 :    #4541 0 8000009e 00000591  a1=f00408d8 ; c.addi  a1,4
      4604 :    #4542 0 800000a0 000096aa  a3=000004c1 ; c.add   a3,a0
      4605 :    #4543 0 800000a2 0000c214              ; c.sw    a3,0(a2) [f0041d84]
      4606 :    #4544 0 800000a4 00000611  a2=f0041d88 ; c.addi  a2,4
      4607 :    #4545 0 800000a6 ff1719e3              ; bne     a4,a7,0x80000098
      4608 :    #4546 0 80000098 00004314  a3=00000029 ; c.lw    a3,0(a4) [f0040428]
      4609 :    #4547 0 8000009a 00004188  a0=00000035 ; c.lw    a0,0(a1) [f00408d8]
      4610 :    #4548 0 8000009c 00000711  a4=f004042c ; c.addi  a4,4
      4611 :    #4549 0 8000009e 00000591  a1=f00408dc ; c.addi  a1,4
      4612 :    #4550 0 800000a0 000096aa  a3=0000005e ; c.add   a3,a0
      4613 :    #4551 0 800000a2 0000c214              ; c.sw    a3,0(a2) [f0041d88]
      4614 :    #4552 0 800000a4 00000611  a2=f0041d8c ; c.addi  a2,4
      4615 :    #4553 0 800000a6 ff1719e3              ; bne     a4,a7,0x80000098
      4616 :    #4554 0 80000098 00004314  a3=000000fd ; c.lw    a3,0(a4) [f004042c]
      4617 :    #4555 0 8000009a 00004188  a0=0000018d ; c.lw    a0,0(a1) [f00408dc]
      4618 :    #4556 0 8000009c 00000711  a4=f0040430 ; c.addi  a4,4
      4619 :    #4557 0 8000009e 00000591  a1=f00408e0 ; c.addi  a1,4
      4620 :    #4558 0 800000a0 000096aa  a3=0000028a ; c.add   a3,a0
      4621 :    #4559 0 800000a2 0000c214              ; c.sw    a3,0(a2) [f0041d8c]
      4622 :    #4560 0 800000a4 00000611  a2=f0041d90 ; c.addi  a2,4
      4623 :    #4561 0 800000a6 ff1719e3              ; bne     a4,a7,0x80000098
      4624 :    #4562 0 80000098 00004314  a3=00000179 ; c.lw    a3,0(a4) [f0040430]
      4625 :    #4563 0 8000009a 00004188  a0=00000029 ; c.lw    a0,0(a1) [f00408e0]
      4626 :    #4564 0 8000009c 00000711  a4=f0040434 ; c.addi  a4,4
      4627 :    #4565 0 8000009e 00000591  a1=f00408e4 ; c.addi  a1,4
      4628 :    #4566 0 800000a0 000096aa  a3=000001a2 ; c.add   a3,a0
      4629 :    #4567 0 800000a2 0000c214              ; c.sw    a3,0(a2) [f0041d90]
      4630 :    #4568 0 800000a4 00000611  a2=f0041d94 ; c.addi  a2,4
      4631 :    #4569 0 800000a6 ff1719e3              ; bne     a4,a7,0x80000098
      4632 :    #4570 0 80000098 00004314  a3=000001fc ; c.lw    a3,0(a4) [f0040434]
      4633 :    #4571 0 8000009a 00004188  a0=0000008d ; c.lw    a0,0(a1) [f00408e4]
      4634 :    #4572 0 8000009c 00000711  a4=f0040438 ; c.addi  a4,4
      4635 :    #4573 0 8000009e 00000591  a1=f00408e8 ; c.addi  a1,4
      4636 :    #4574 0 800000a0 000096aa  a3=00000289 ; c.add   a3,a0
      4637 :    #4575 0 800000a2 0000c214              ; c.sw    a3,0(a2) [f0041d94]
      4638 :    #4576 0 800000a4 00000611  a2=f0041d98 ; c.addi  a2,4
      4639 :    #4577 0 800000a6 ff1719e3              ; bne     a4,a7,0x80000098
      4640 :    #4578 0 80000098 00004314  a3=000002bc ; c.lw    a3,0(a4) [f0040438]
      4641 :    #4579 0 8000009a 00004188  a0=000001a0 ; c.lw    a0,0(a1) [f00408e8]
      4642 :    #4580 0 8000009c 00000711  a4=f004043c ; c.addi  a4,4
      4643 :    #4581 0 8000009e 00000591  a1=f00408ec ; c.addi  a1,4
      4644 :    #4582 0 800000a0 000096aa  a3=0000045c ; c.add   a3,a0
      4645 :    #4583 0 800000a2 0000c214              ; c.sw    a3,0(a2) [f0041d98]
      4646 :    #4584 0 800000a4 00000611  a2=f0041d9c ; c.addi  a2,4
      4647 :    #4585 0 800000a6 ff1719e3              ; bne     a4,a7,0x80000098
      4648 :    #4586 0 80000098 00004314  a3=0000035c ; c.lw    a3,0(a4) [f004043c]
      4649 :    #4587 0 8000009a 00004188  a0=000002eb ; c.lw    a0,0(a1) [f00408ec]
      4650 :    #4588 0 8000009c 00000711  a4=f0040440 ; c.addi  a4,4
      4651 :    #4589 0 8000009e 00000591  a1=f00408f0 ; c.addi  a1,4
      4652 :    #4590 0 800000a0 000096aa  a3=00000647 ; c.add   a3,a0
      4653 :    #4591 0 800000a2 0000c214              ; c.sw    a3,0(a2) [f0041d9c]
      4654 :    #4592 0 800000a4 00000611  a2=f0041da0 ; c.addi  a2,4
      4655 :    #4593 0 800000a6 ff1719e3              ; bne     a4,a7,0x80000098
      4656 :    #4594 0 80000098 00004314  a3=000001e0 ; c.lw    a3,0(a4) [f0040440]
      4657 :    #4595 0 8000009a 00004188  a0=000000db ; c.lw    a0,0(a1) [f00408f0]
      4658 :    #4596 0 8000009c 00000711  a4=f0040444 ; c.addi  a4,4
      4659 :    #4597 0 8000009e 00000591  a1=f00408f4 ; c.addi  a1,4
      4660 :    #4598 0 800000a0 000096aa  a3=000002bb ; c.add   a3,a0
      4661 :    #4599 0 800000a2 0000c214              ; c.sw    a3,0(a2) [f0041da0]
      4662 :    #4600 0 800000a4 00000611  a2=f0041da4 ; c.addi  a2,4
      4663 :    #4601 0 800000a6 ff1719e3              ; bne     a4,a7,0x80000098
      4664 :    #4602 0 80000098 00004314  a3=000002e5 ; c.lw    a3,0(a4) [f0040444]
      4665 :    #4603 0 8000009a 00004188  a0=000001de ; c.lw    a0,0(a1) [f00408f4]
      4666 :    #4604 0 8000009c 00000711  a4=f0040448 ; c.addi  a4,4
      4667 :    #4605 0 8000009e 00000591  a1=f00408f8 ; c.addi  a1,4
      4668 :    #4606 0 800000a0 000096aa  a3=000004c3 ; c.add   a3,a0
      4669 :    #4607 0 800000a2 0000c214              ; c.sw    a3,0(a2) [f0041da4]
      4670 :    #4608 0 800000a4 00000611  a2=f0041da8 ; c.addi  a2,4
      4671 :    #4609 0 800000a6 ff1719e3              ; bne     a4,a7,0x80000098
      4672 :    #4610 0 80000098 00004314  a3=000001f3 ; c.lw    a3,0(a4) [f0040448]
      4673 :    #4611 0 8000009a 00004188  a0=00000302 ; c.lw    a0,0(a1) [f00408f8]
      4674 :    #4612 0 8000009c 00000711  a4=f004044c ; c.addi  a4,4
      4675 :    #4613 0 8000009e 00000591  a1=f00408fc ; c.addi  a1,4
      4676 :    #4614 0 800000a0 000096aa  a3=000004f5 ; c.add   a3,a0
      4677 :    #4615 0 800000a2 0000c214              ; c.sw    a3,0(a2) [f0041da8]
      4678 :    #4616 0 800000a4 00000611  a2=f0041dac ; c.addi  a2,4
      4679 :    #4617 0 800000a6 ff1719e3              ; bne     a4,a7,0x80000098
      4680 :    #4618 0 80000098 00004314  a3=000002c5 ; c.lw    a3,0(a4) [f004044c]
      4681 :    #4619 0 8000009a 00004188  a0=000000b4 ; c.lw    a0,0(a1) [f00408fc]
      4682 :    #4620 0 8000009c 00000711  a4=f0040450 ; c.addi  a4,4
      4683 :    #4621 0 8000009e 00000591  a1=f0040900 ; c.addi  a1,4
      4684 :    #4622 0 800000a0 000096aa  a3=00000379 ; c.add   a3,a0
      4685 :    #4623 0 800000a2 0000c214              ; c.sw    a3,0(a2) [f0041dac]
      4686 :    #4624 0 800000a4 00000611  a2=f0041db0 ; c.addi  a2,4
      4687 :    #4625 0 800000a6 ff1719e3              ; bne     a4,a7,0x80000098
      4688 :    #4626 0 80000098 00004314  a3=00000031 ; c.lw    a3,0(a4) [f0040450]
      4689 :    #4627 0 8000009a 00004188  a0=000001e2 ; c.lw    a0,0(a1) [f0040900]
      4690 :    #4628 0 8000009c 00000711  a4=f0040454 ; c.addi  a4,4
      4691 :    #4629 0 8000009e 00000591  a1=f0040904 ; c.addi  a1,4
      4692 :    #4630 0 800000a0 000096aa  a3=00000213 ; c.add   a3,a0
      4693 :    #4631 0 800000a2 0000c214              ; c.sw    a3,0(a2) [f0041db0]
      4694 :    #4632 0 800000a4 00000611  a2=f0041db4 ; c.addi  a2,4
      4695 :    #4633 0 800000a6 ff1719e3              ; bne     a4,a7,0x80000098
      4696 :    #4634 0 80000098 00004314  a3=00000173 ; c.lw    a3,0(a4) [f0040454]
      4697 :    #4635 0 8000009a 00004188  a0=000002b3 ; c.lw    a0,0(a1) [f0040904]
      4698 :    #4636 0 8000009c 00000711  a4=f0040458 ; c.addi  a4,4
      4699 :    #4637 0 8000009e 00000591  a1=f0040908 ; c.addi  a1,4
      4700 :    #4638 0 800000a0 000096aa  a3=00000426 ; c.add   a3,a0
      4701 :    #4639 0 800000a2 0000c214              ; c.sw    a3,0(a2) [f0041db4]
      4702 :    #4640 0 800000a4 00000611  a2=f0041db8 ; c.addi  a2,4
      4703 :    #4641 0 800000a6 ff1719e3              ; bne     a4,a7,0x80000098
      4704 :    #4642 0 80000098 00004314  a3=00000369 ; c.lw    a3,0(a4) [f0040458]
      4705 :    #4643 0 8000009a 00004188  a0=000002d5 ; c.lw    a0,0(a1) [f0040908]
      4706 :    #4644 0 8000009c 00000711  a4=f004045c ; c.addi  a4,4
      4707 :    #4645 0 8000009e 00000591  a1=f004090c ; c.addi  a1,4
      4708 :    #4646 0 800000a0 000096aa  a3=0000063e ; c.add   a3,a0
      4709 :    #4647 0 800000a2 0000c214              ; c.sw    a3,0(a2) [f0041db8]
      4710 :    #4648 0 800000a4 00000611  a2=f0041dbc ; c.addi  a2,4
      4711 :    #4649 0 800000a6 ff1719e3              ; bne     a4,a7,0x80000098
      4712 :    #4650 0 80000098 00004314  a3=000003b1 ; c.lw    a3,0(a4) [f004045c]
      4713 :    #4651 0 8000009a 00004188  a0=000000ad ; c.lw    a0,0(a1) [f004090c]
      4714 :    #4652 0 8000009c 00000711  a4=f0040460 ; c.addi  a4,4
      4715 :    #4653 0 8000009e 00000591  a1=f0040910 ; c.addi  a1,4
      4716 :    #4654 0 800000a0 000096aa  a3=0000045e ; c.add   a3,a0
      4717 :    #4655 0 800000a2 0000c214              ; c.sw    a3,0(a2) [f0041dbc]
      4718 :    #4656 0 800000a4 00000611  a2=f0041dc0 ; c.addi  a2,4
      4719 :    #4657 0 800000a6 ff1719e3              ; bne     a4,a7,0x80000098
      4720 :    #4658 0 80000098 00004314  a3=000003e0 ; c.lw    a3,0(a4) [f0040460]
      4721 :    #4659 0 8000009a 00004188  a0=000000ba ; c.lw    a0,0(a1) [f0040910]
      4722 :    #4660 0 8000009c 00000711  a4=f0040464 ; c.addi  a4,4
      4723 :    #4661 0 8000009e 00000591  a1=f0040914 ; c.addi  a1,4
      4724 :    #4662 0 800000a0 000096aa  a3=0000049a ; c.add   a3,a0
      4725 :    #4663 0 800000a2 0000c214              ; c.sw    a3,0(a2) [f0041dc0]
      4726 :    #4664 0 800000a4 00000611  a2=f0041dc4 ; c.addi  a2,4
      4727 :    #4665 0 800000a6 ff1719e3              ; bne     a4,a7,0x80000098
      4728 :    #4666 0 80000098 00004314  a3=0000020e ; c.lw    a3,0(a4) [f0040464]
      4729 :    #4667 0 8000009a 00004188  a0=00000392 ; c.lw    a0,0(a1) [f0040914]
      4730 :    #4668 0 8000009c 00000711  a4=f0040468 ; c.addi  a4,4
      4731 :    #4669 0 8000009e 00000591  a1=f0040918 ; c.addi  a1,4
      4732 :    #4670 0 800000a0 000096aa  a3=000005a0 ; c.add   a3,a0
      4733 :    #4671 0 800000a2 0000c214              ; c.sw    a3,0(a2) [f0041dc4]
      4734 :    #4672 0 800000a4 00000611  a2=f0041dc8 ; c.addi  a2,4
      4735 :    #4673 0 800000a6 ff1719e3              ; bne     a4,a7,0x80000098
      4736 :    #4674 0 80000098 00004314  a3=000002d1 ; c.lw    a3,0(a4) [f0040468]
      4737 :    #4675 0 8000009a 00004188  a0=00000001 ; c.lw    a0,0(a1) [f0040918]
      4738 :    #4676 0 8000009c 00000711  a4=f004046c ; c.addi  a4,4
      4739 :    #4677 0 8000009e 00000591  a1=f004091c ; c.addi  a1,4
      4740 :    #4678 0 800000a0 000096aa  a3=000002d2 ; c.add   a3,a0
      4741 :    #4679 0 800000a2 0000c214              ; c.sw    a3,0(a2) [f0041dc8]
      4742 :    #4680 0 800000a4 00000611  a2=f0041dcc ; c.addi  a2,4
      4743 :    #4681 0 800000a6 ff1719e3              ; bne     a4,a7,0x80000098
      4744 :    #4682 0 80000098 00004314  a3=000001b3 ; c.lw    a3,0(a4) [f004046c]
      4745 :    #4683 0 8000009a 00004188  a0=000003c3 ; c.lw    a0,0(a1) [f004091c]
      4746 :    #4684 0 8000009c 00000711  a4=f0040470 ; c.addi  a4,4
      4747 :    #4685 0 8000009e 00000591  a1=f0040920 ; c.addi  a1,4
      4748 :    #4686 0 800000a0 000096aa  a3=00000576 ; c.add   a3,a0
      4749 :    #4687 0 800000a2 0000c214              ; c.sw    a3,0(a2) [f0041dcc]
      4750 :    #4688 0 800000a4 00000611  a2=f0041dd0 ; c.addi  a2,4
      4751 :    #4689 0 800000a6 ff1719e3              ; bne     a4,a7,0x80000098
      4752 :    #4690 0 80000098 00004314  a3=000000e8 ; c.lw    a3,0(a4) [f0040470]
      4753 :    #4691 0 8000009a 00004188  a0=000000f7 ; c.lw    a0,0(a1) [f0040920]
      4754 :    #4692 0 8000009c 00000711  a4=f0040474 ; c.addi  a4,4
      4755 :    #4693 0 8000009e 00000591  a1=f0040924 ; c.addi  a1,4
      4756 :    #4694 0 800000a0 000096aa  a3=000001df ; c.add   a3,a0
      4757 :    #4695 0 800000a2 0000c214              ; c.sw    a3,0(a2) [f0041dd0]
      4758 :    #4696 0 800000a4 00000611  a2=f0041dd4 ; c.addi  a2,4
      4759 :    #4697 0 800000a6 ff1719e3              ; bne     a4,a7,0x80000098
      4760 :    #4698 0 80000098 00004314  a3=000001f1 ; c.lw    a3,0(a4) [f0040474]
      4761 :    #4699 0 8000009a 00004188  a0=000001d0 ; c.lw    a0,0(a1) [f0040924]
      4762 :    #4700 0 8000009c 00000711  a4=f0040478 ; c.addi  a4,4
      4763 :    #4701 0 8000009e 00000591  a1=f0040928 ; c.addi  a1,4
      4764 :    #4702 0 800000a0 000096aa  a3=000003c1 ; c.add   a3,a0
      4765 :    #4703 0 800000a2 0000c214              ; c.sw    a3,0(a2) [f0041dd4]
      4766 :    #4704 0 800000a4 00000611  a2=f0041dd8 ; c.addi  a2,4
      4767 :    #4705 0 800000a6 ff1719e3              ; bne     a4,a7,0x80000098
      4768 :    #4706 0 80000098 00004314  a3=000002b9 ; c.lw    a3,0(a4) [f0040478]
      4769 :    #4707 0 8000009a 00004188  a0=0000016a ; c.lw    a0,0(a1) [f0040928]
      4770 :    #4708 0 8000009c 00000711  a4=f004047c ; c.addi  a4,4
      4771 :    #4709 0 8000009e 00000591  a1=f004092c ; c.addi  a1,4
      4772 :    #4710 0 800000a0 000096aa  a3=00000423 ; c.add   a3,a0
      4773 :    #4711 0 800000a2 0000c214              ; c.sw    a3,0(a2) [f0041dd8]
      4774 :    #4712 0 800000a4 00000611  a2=f0041ddc ; c.addi  a2,4
      4775 :    #4713 0 800000a6 ff1719e3              ; bne     a4,a7,0x80000098
      4776 :    #4714 0 80000098 00004314  a3=0000001e ; c.lw    a3,0(a4) [f004047c]
      4777 :    #4715 0 8000009a 00004188  a0=00000209 ; c.lw    a0,0(a1) [f004092c]
      4778 :    #4716 0 8000009c 00000711  a4=f0040480 ; c.addi  a4,4
      4779 :    #4717 0 8000009e 00000591  a1=f0040930 ; c.addi  a1,4
      4780 :    #4718 0 800000a0 000096aa  a3=00000227 ; c.add   a3,a0
      4781 :    #4719 0 800000a2 0000c214              ; c.sw    a3,0(a2) [f0041ddc]
      4782 :    #4720 0 800000a4 00000611  a2=f0041de0 ; c.addi  a2,4
      4783 :    #4721 0 800000a6 ff1719e3              ; bne     a4,a7,0x80000098
      4784 :    #4722 0 80000098 00004314  a3=0000015c ; c.lw    a3,0(a4) [f0040480]
      4785 :    #4723 0 8000009a 00004188  a0=000000e9 ; c.lw    a0,0(a1) [f0040930]
      4786 :    #4724 0 8000009c 00000711  a4=f0040484 ; c.addi  a4,4
      4787 :    #4725 0 8000009e 00000591  a1=f0040934 ; c.addi  a1,4
      4788 :    #4726 0 800000a0 000096aa  a3=00000245 ; c.add   a3,a0
      4789 :    #4727 0 800000a2 0000c214              ; c.sw    a3,0(a2) [f0041de0]
      4790 :    #4728 0 800000a4 00000611  a2=f0041de4 ; c.addi  a2,4
      4791 :    #4729 0 800000a6 ff1719e3              ; bne     a4,a7,0x80000098
      4792 :    #4730 0 80000098 00004314  a3=000000fa ; c.lw    a3,0(a4) [f0040484]
      4793 :    #4731 0 8000009a 00004188  a0=00000078 ; c.lw    a0,0(a1) [f0040934]
      4794 :    #4732 0 8000009c 00000711  a4=f0040488 ; c.addi  a4,4
      4795 :    #4733 0 8000009e 00000591  a1=f0040938 ; c.addi  a1,4
      4796 :    #4734 0 800000a0 000096aa  a3=00000172 ; c.add   a3,a0
      4797 :    #4735 0 800000a2 0000c214              ; c.sw    a3,0(a2) [f0041de4]
      4798 :    #4736 0 800000a4 00000611  a2=f0041de8 ; c.addi  a2,4
      4799 :    #4737 0 800000a6 ff1719e3              ; bne     a4,a7,0x80000098
      4800 :    #4738 0 80000098 00004314  a3=0000015e ; c.lw    a3,0(a4) [f0040488]
      4801 :    #4739 0 8000009a 00004188  a0=00000028 ; c.lw    a0,0(a1) [f0040938]
      4802 :    #4740 0 8000009c 00000711  a4=f004048c ; c.addi  a4,4
      4803 :    #4741 0 8000009e 00000591  a1=f004093c ; c.addi  a1,4
      4804 :    #4742 0 800000a0 000096aa  a3=00000186 ; c.add   a3,a0
      4805 :    #4743 0 800000a2 0000c214              ; c.sw    a3,0(a2) [f0041de8]
      4806 :    #4744 0 800000a4 00000611  a2=f0041dec ; c.addi  a2,4
      4807 :    #4745 0 800000a6 ff1719e3              ; bne     a4,a7,0x80000098
      4808 :    #4746 0 80000098 00004314  a3=000000fa ; c.lw    a3,0(a4) [f004048c]
      4809 :    #4747 0 8000009a 00004188  a0=0000030b ; c.lw    a0,0(a1) [f004093c]
      4810 :    #4748 0 8000009c 00000711  a4=f0040490 ; c.addi  a4,4
      4811 :    #4749 0 8000009e 00000591  a1=f0040940 ; c.addi  a1,4
      4812 :    #4750 0 800000a0 000096aa  a3=00000405 ; c.add   a3,a0
      4813 :    #4751 0 800000a2 0000c214              ; c.sw    a3,0(a2) [f0041dec]
      4814 :    #4752 0 800000a4 00000611  a2=f0041df0 ; c.addi  a2,4
      4815 :    #4753 0 800000a6 ff1719e3              ; bne     a4,a7,0x80000098
      4816 :    #4754 0 80000098 00004314  a3=0000023d ; c.lw    a3,0(a4) [f0040490]
      4817 :    #4755 0 8000009a 00004188  a0=000000c3 ; c.lw    a0,0(a1) [f0040940]
      4818 :    #4756 0 8000009c 00000711  a4=f0040494 ; c.addi  a4,4
      4819 :    #4757 0 8000009e 00000591  a1=f0040944 ; c.addi  a1,4
      4820 :    #4758 0 800000a0 000096aa  a3=00000300 ; c.add   a3,a0
      4821 :    #4759 0 800000a2 0000c214              ; c.sw    a3,0(a2) [f0041df0]
      4822 :    #4760 0 800000a4 00000611  a2=f0041df4 ; c.addi  a2,4
      4823 :    #4761 0 800000a6 ff1719e3              ; bne     a4,a7,0x80000098
      4824 :    #4762 0 80000098 00004314  a3=00000310 ; c.lw    a3,0(a4) [f0040494]
      4825 :    #4763 0 8000009a 00004188  a0=000000a1 ; c.lw    a0,0(a1) [f0040944]
      4826 :    #4764 0 8000009c 00000711  a4=f0040498 ; c.addi  a4,4
      4827 :    #4765 0 8000009e 00000591  a1=f0040948 ; c.addi  a1,4
      4828 :    #4766 0 800000a0 000096aa  a3=000003b1 ; c.add   a3,a0
      4829 :    #4767 0 800000a2 0000c214              ; c.sw    a3,0(a2) [f0041df4]
      4830 :    #4768 0 800000a4 00000611  a2=f0041df8 ; c.addi  a2,4
      4831 :    #4769 0 800000a6 ff1719e3              ; bne     a4,a7,0x80000098
      4832 :    #4770 0 80000098 00004314  a3=000002ed ; c.lw    a3,0(a4) [f0040498]
      4833 :    #4771 0 8000009a 00004188  a0=000002e7 ; c.lw    a0,0(a1) [f0040948]
      4834 :    #4772 0 8000009c 00000711  a4=f004049c ; c.addi  a4,4
      4835 :    #4773 0 8000009e 00000591  a1=f004094c ; c.addi  a1,4
      4836 :    #4774 0 800000a0 000096aa  a3=000005d4 ; c.add   a3,a0
      4837 :    #4775 0 800000a2 0000c214              ; c.sw    a3,0(a2) [f0041df8]
      4838 :    #4776 0 800000a4 00000611  a2=f0041dfc ; c.addi  a2,4
      4839 :    #4777 0 800000a6 ff1719e3              ; bne     a4,a7,0x80000098
      4840 :    #4778 0 80000098 00004314  a3=000001f6 ; c.lw    a3,0(a4) [f004049c]
      4841 :    #4779 0 8000009a 00004188  a0=000001b7 ; c.lw    a0,0(a1) [f004094c]
      4842 :    #4780 0 8000009c 00000711  a4=f00404a0 ; c.addi  a4,4
      4843 :    #4781 0 8000009e 00000591  a1=f0040950 ; c.addi  a1,4
      4844 :    #4782 0 800000a0 000096aa  a3=000003ad ; c.add   a3,a0
      4845 :    #4783 0 800000a2 0000c214              ; c.sw    a3,0(a2) [f0041dfc]
      4846 :    #4784 0 800000a4 00000611  a2=f0041e00 ; c.addi  a2,4
      4847 :    #4785 0 800000a6 ff1719e3              ; bne     a4,a7,0x80000098
      4848 :    #4786 0 80000098 00004314  a3=00000337 ; c.lw    a3,0(a4) [f00404a0]
      4849 :    #4787 0 8000009a 00004188  a0=00000163 ; c.lw    a0,0(a1) [f0040950]
      4850 :    #4788 0 8000009c 00000711  a4=f00404a4 ; c.addi  a4,4
      4851 :    #4789 0 8000009e 00000591  a1=f0040954 ; c.addi  a1,4
      4852 :    #4790 0 800000a0 000096aa  a3=0000049a ; c.add   a3,a0
      4853 :    #4791 0 800000a2 0000c214              ; c.sw    a3,0(a2) [f0041e00]
      4854 :    #4792 0 800000a4 00000611  a2=f0041e04 ; c.addi  a2,4
      4855 :    #4793 0 800000a6 ff1719e3              ; bne     a4,a7,0x80000098
      4856 :    #4794 0 80000098 00004314  a3=0000033a ; c.lw    a3,0(a4) [f00404a4]
      4857 :    #4795 0 8000009a 00004188  a0=00000193 ; c.lw    a0,0(a1) [f0040954]
      4858 :    #4796 0 8000009c 00000711  a4=f00404a8 ; c.addi  a4,4
      4859 :    #4797 0 8000009e 00000591  a1=f0040958 ; c.addi  a1,4
      4860 :    #4798 0 800000a0 000096aa  a3=000004cd ; c.add   a3,a0
      4861 :    #4799 0 800000a2 0000c214              ; c.sw    a3,0(a2) [f0041e04]
      4862 :    #4800 0 800000a4 00000611  a2=f0041e08 ; c.addi  a2,4
      4863 :    #4801 0 800000a6 ff1719e3              ; bne     a4,a7,0x80000098
      4864 :    #4802 0 80000098 00004314  a3=000000aa ; c.lw    a3,0(a4) [f00404a8]
      4865 :    #4803 0 8000009a 00004188  a0=0000008d ; c.lw    a0,0(a1) [f0040958]
      4866 :    #4804 0 8000009c 00000711  a4=f00404ac ; c.addi  a4,4
      4867 :    #4805 0 8000009e 00000591  a1=f004095c ; c.addi  a1,4
      4868 :    #4806 0 800000a0 000096aa  a3=00000137 ; c.add   a3,a0
      4869 :    #4807 0 800000a2 0000c214              ; c.sw    a3,0(a2) [f0041e08]
      4870 :    #4808 0 800000a4 00000611  a2=f0041e0c ; c.addi  a2,4
      4871 :    #4809 0 800000a6 ff1719e3              ; bne     a4,a7,0x80000098
      4872 :    #4810 0 80000098 00004314  a3=000000a0 ; c.lw    a3,0(a4) [f00404ac]
      4873 :    #4811 0 8000009a 00004188  a0=00000279 ; c.lw    a0,0(a1) [f004095c]
      4874 :    #4812 0 8000009c 00000711  a4=f00404b0 ; c.addi  a4,4
      4875 :    #4813 0 8000009e 00000591  a1=f0040960 ; c.addi  a1,4
      4876 :    #4814 0 800000a0 000096aa  a3=00000319 ; c.add   a3,a0
      4877 :    #4815 0 800000a2 0000c214              ; c.sw    a3,0(a2) [f0041e0c]
      4878 :    #4816 0 800000a4 00000611  a2=f0041e10 ; c.addi  a2,4
      4879 :    #4817 0 800000a6 ff1719e3              ; bne     a4,a7,0x80000098
      4881 :    #4818 0 800000aa 70041717  a4=f00410aa ; auipc   a4,0x70041000
      4882 :    #4819 0 800000ae 8b670713  a4=f0040960 ; addi    a4,a4,-1866
      4883 :    #4820 0 800000b2 00004501  a0=00000000 ; c.li    a0,0
      4884 :    #4821 0 800000b4 12c00893  a7=0000012c ; addi    a7,zero,300
      4885 :    #4822 0 800000b8 00004390  a2=000001ef ; c.lw    a2,0(a5) [f0041960]
      4886 :    #4823 0 800000ba 00004314  a3=000001ef ; c.lw    a3,0(a4) [f0040960]
      4887 :    #4824 0 800000bc 0047a803  a6=00000490 ; lw      a6,4(a5) [f0041964]
      4890 :    #4825 0 800000c0 0000434c  a1=00000490 ; c.lw    a1,128(a4) [f00409e0]
      4891 :    #4826 0 800000c2 00d61d63              ; bne     a2,a3,0x800000dc
      4892 :    #4827 0 800000c6 00000509  a0=00000002 ; c.addi  a0,2
      4893 :    #4828 0 800000c8 00b81763              ; bne     a6,a1,0x800000d6
      4894 :    #4829 0 800000cc 000007a1  a5=f0041968 ; c.addi  a5,8
      4895 :    #4830 0 800000ce 00000721  a4=f0040968 ; c.addi  a4,8
      4896 :    #4831 0 800000d0 ff1514e3              ; bne     a0,a7,0x800000b8
      4899 :    #4832 0 800000b8 00004390  a2=00000235 ; c.lw    a2,0(a5) [f0041968]
      4900 :    #4833 0 800000ba 00004314  a3=00000235 ; c.lw    a3,0(a4) [f0040968]
      4901 :    #4834 0 800000bc 0047a803  a6=00000498 ; lw      a6,4(a5) [f004196c]
      4902 :    #4835 0 800000c0 0000434c  a1=00000498 ; c.lw    a1,128(a4) [f00409e8]
      4903 :    #4836 0 800000c2 00d61d63              ; bne     a2,a3,0x800000dc
      4904 :    #4837 0 800000c6 00000509  a0=00000004 ; c.addi  a0,2
      4905 :    #4838 0 800000c8 00b81763              ; bne     a6,a1,0x800000d6
      4906 :    #4839 0 800000cc 000007a1  a5=f0041970 ; c.addi  a5,8
      4907 :    #4840 0 800000ce 00000721  a4=f0040970 ; c.addi  a4,8
      4908 :    #4841 0 800000d0 ff1514e3              ; bne     a0,a7,0x800000b8
      4909 :    #4842 0 800000b8 00004390  a2=0000045a ; c.lw    a2,0(a5) [f0041970]
      4910 :    #4843 0 800000ba 00004314  a3=0000045a ; c.lw    a3,0(a4) [f0040970]
      4911 :    #4844 0 800000bc 0047a803  a6=0000039a ; lw      a6,4(a5) [f0041974]
      4912 :    #4845 0 800000c0 0000434c  a1=0000039a ; c.lw    a1,128(a4) [f00409f0]
      4913 :    #4846 0 800000c2 00d61d63              ; bne     a2,a3,0x800000dc
      4914 :    #4847 0 800000c6 00000509  a0=00000006 ; c.addi  a0,2
      4915 :    #4848 0 800000c8 00b81763              ; bne     a6,a1,0x800000d6
      4916 :    #4849 0 800000cc 000007a1  a5=f0041978 ; c.addi  a5,8
      4917 :    #4850 0 800000ce 00000721  a4=f0040978 ; c.addi  a4,8
      4918 :    #4851 0 800000d0 ff1514e3              ; bne     a0,a7,0x800000b8
      4920 :    #4852 0 800000b8 00004390  a2=000000c4 ; c.lw    a2,0(a5) [f0041978]
      4921 :    #4853 0 800000ba 00004314  a3=000000c4 ; c.lw    a3,0(a4) [f0040978]
      4922 :    #4854 0 800000bc 0047a803  a6=0000044e ; lw      a6,4(a5) [f004197c]
      4923 :    #4855 0 800000c0 0000434c  a1=0000044e ; c.lw    a1,128(a4) [f00409f8]
      4924 :    #4856 0 800000c2 00d61d63              ; bne     a2,a3,0x800000dc
      4925 :    #4857 0 800000c6 00000509  a0=00000008 ; c.addi  a0,2
      4926 :    #4858 0 800000c8 00b81763              ; bne     a6,a1,0x800000d6
      4927 :    #4859 0 800000cc 000007a1  a5=f0041980 ; c.addi  a5,8
      4928 :    #4860 0 800000ce 00000721  a4=f0040980 ; c.addi  a4,8
      4929 :    #4861 0 800000d0 ff1514e3              ; bne     a0,a7,0x800000b8
      4931 :    #4862 0 800000b8 00004390  a2=00000320 ; c.lw    a2,0(a5) [f0041980]
      4932 :    #4863 0 800000ba 00004314  a3=00000320 ; c.lw    a3,0(a4) [f0040980]
      4933 :    #4864 0 800000bc 0047a803  a6=000003b1 ; lw      a6,4(a5) [f0041984]
      4934 :    #4865 0 800000c0 0000434c  a1=000003b1 ; c.lw    a1,128(a4) [f0040a00]
      4935 :    #4866 0 800000c2 00d61d63              ; bne     a2,a3,0x800000dc
      4936 :    #4867 0 800000c6 00000509  a0=0000000a ; c.addi  a0,2
      4937 :    #4868 0 800000c8 00b81763              ; bne     a6,a1,0x800000d6
      4938 :    #4869 0 800000cc 000007a1  a5=f0041988 ; c.addi  a5,8
      4939 :    #4870 0 800000ce 00000721  a4=f0040988 ; c.addi  a4,8
      4940 :    #4871 0 800000d0 ff1514e3              ; bne     a0,a7,0x800000b8
      4942 :    #4872 0 800000b8 00004390  a2=0000033f ; c.lw    a2,0(a5) [f0041988]
      4943 :    #4873 0 800000ba 00004314  a3=0000033f ; c.lw    a3,0(a4) [f0040988]
      4944 :    #4874 0 800000bc 0047a803  a6=00000242 ; lw      a6,4(a5) [f004198c]
      4945 :    #4875 0 800000c0 0000434c  a1=00000242 ; c.lw    a1,128(a4) [f0040a08]
      4946 :    #4876 0 800000c2 00d61d63              ; bne     a2,a3,0x800000dc
      4947 :    #4877 0 800000c6 00000509  a0=0000000c ; c.addi  a0,2
      4948 :    #4878 0 800000c8 00b81763              ; bne     a6,a1,0x800000d6
      4949 :    #4879 0 800000cc 000007a1  a5=f0041990 ; c.addi  a5,8
      4950 :    #4880 0 800000ce 00000721  a4=f0040990 ; c.addi  a4,8
      4951 :    #4881 0 800000d0 ff1514e3              ; bne     a0,a7,0x800000b8
      4953 :    #4882 0 800000b8 00004390  a2=000004f6 ; c.lw    a2,0(a5) [f0041990]
      4954 :    #4883 0 800000ba 00004314  a3=000004f6 ; c.lw    a3,0(a4) [f0040990]
      4955 :    #4884 0 800000bc 0047a803  a6=000005cb ; lw      a6,4(a5) [f0041994]
      4956 :    #4885 0 800000c0 0000434c  a1=000005cb ; c.lw    a1,128(a4) [f0040a10]
      4957 :    #4886 0 800000c2 00d61d63              ; bne     a2,a3,0x800000dc
      4958 :    #4887 0 800000c6 00000509  a0=0000000e ; c.addi  a0,2
      4959 :    #4888 0 800000c8 00b81763              ; bne     a6,a1,0x800000d6
      4960 :    #4889 0 800000cc 000007a1  a5=f0041998 ; c.addi  a5,8
      4961 :    #4890 0 800000ce 00000721  a4=f0040998 ; c.addi  a4,8
      4962 :    #4891 0 800000d0 ff1514e3              ; bne     a0,a7,0x800000b8
      4964 :    #4892 0 800000b8 00004390  a2=0000050a ; c.lw    a2,0(a5) [f0041998]
      4965 :    #4893 0 800000ba 00004314  a3=0000050a ; c.lw    a3,0(a4) [f0040998]
      4966 :    #4894 0 800000bc 0047a803  a6=0000039a ; lw      a6,4(a5) [f004199c]
      4967 :    #4895 0 800000c0 0000434c  a1=0000039a ; c.lw    a1,128(a4) [f0040a18]
      4968 :    #4896 0 800000c2 00d61d63              ; bne     a2,a3,0x800000dc
      4969 :    #4897 0 800000c6 00000509  a0=00000010 ; c.addi  a0,2
      4970 :    #4898 0 800000c8 00b81763              ; bne     a6,a1,0x800000d6
      4971 :    #4899 0 800000cc 000007a1  a5=f00419a0 ; c.addi  a5,8
      4972 :    #4900 0 800000ce 00000721  a4=f00409a0 ; c.addi  a4,8
      4973 :    #4901 0 800000d0 ff1514e3              ; bne     a0,a7,0x800000b8
      4975 :    #4902 0 800000b8 00004390  a2=000003cd ; c.lw    a2,0(a5) [f00419a0]
      4976 :    #4903 0 800000ba 00004314  a3=000003cd ; c.lw    a3,0(a4) [f00409a0]
      4977 :    #4904 0 800000bc 0047a803  a6=000003e1 ; lw      a6,4(a5) [f00419a4]
      4978 :    #4905 0 800000c0 0000434c  a1=000003e1 ; c.lw    a1,128(a4) [f0040a20]
      4979 :    #4906 0 800000c2 00d61d63              ; bne     a2,a3,0x800000dc
      4980 :    #4907 0 800000c6 00000509  a0=00000012 ; c.addi  a0,2
      4981 :    #4908 0 800000c8 00b81763              ; bne     a6,a1,0x800000d6
      4982 :    #4909 0 800000cc 000007a1  a5=f00419a8 ; c.addi  a5,8
      4983 :    #4910 0 800000ce 00000721  a4=f00409a8 ; c.addi  a4,8
      4984 :    #4911 0 800000d0 ff1514e3              ; bne     a0,a7,0x800000b8
      4986 :    #4912 0 800000b8 00004390  a2=00000362 ; c.lw    a2,0(a5) [f00419a8]
      4987 :    #4913 0 800000ba 00004314  a3=00000362 ; c.lw    a3,0(a4) [f00409a8]
      4988 :    #4914 0 800000bc 0047a803  a6=000003ae ; lw      a6,4(a5) [f00419ac]
      4989 :    #4915 0 800000c0 0000434c  a1=000003ae ; c.lw    a1,128(a4) [f0040a28]
      4990 :    #4916 0 800000c2 00d61d63              ; bne     a2,a3,0x800000dc
      4991 :    #4917 0 800000c6 00000509  a0=00000014 ; c.addi  a0,2
      4992 :    #4918 0 800000c8 00b81763              ; bne     a6,a1,0x800000d6
      4993 :    #4919 0 800000cc 000007a1  a5=f00419b0 ; c.addi  a5,8
      4994 :    #4920 0 800000ce 00000721  a4=f00409b0 ; c.addi  a4,8
      4995 :    #4921 0 800000d0 ff1514e3              ; bne     a0,a7,0x800000b8
      4997 :    #4922 0 800000b8 00004390  a2=0000039e ; c.lw    a2,0(a5) [f00419b0]
      4998 :    #4923 0 800000ba 00004314  a3=0000039e ; c.lw    a3,0(a4) [f00409b0]
      4999 :    #4924 0 800000bc 0047a803  a6=000002ee ; lw      a6,4(a5) [f00419b4]
      5000 :    #4925 0 800000c0 0000434c  a1=000002ee ; c.lw    a1,128(a4) [f0040a30]
      5001 :    #4926 0 800000c2 00d61d63              ; bne     a2,a3,0x800000dc
      5002 :    #4927 0 800000c6 00000509  a0=00000016 ; c.addi  a0,2
      5003 :    #4928 0 800000c8 00b81763              ; bne     a6,a1,0x800000d6
      5004 :    #4929 0 800000cc 000007a1  a5=f00419b8 ; c.addi  a5,8
      5005 :    #4930 0 800000ce 00000721  a4=f00409b8 ; c.addi  a4,8
      5006 :    #4931 0 800000d0 ff1514e3              ; bne     a0,a7,0x800000b8
      5007 :    #4932 0 800000b8 00004390  a2=00000550 ; c.lw    a2,0(a5) [f00419b8]
      5008 :    #4933 0 800000ba 00004314  a3=00000550 ; c.lw    a3,0(a4) [f00409b8]
      5009 :    #4934 0 800000bc 0047a803  a6=00000632 ; lw      a6,4(a5) [f00419bc]
      5010 :    #4935 0 800000c0 0000434c  a1=00000632 ; c.lw    a1,128(a4) [f0040a38]
      5011 :    #4936 0 800000c2 00d61d63              ; bne     a2,a3,0x800000dc
      5012 :    #4937 0 800000c6 00000509  a0=00000018 ; c.addi  a0,2
      5013 :    #4938 0 800000c8 00b81763              ; bne     a6,a1,0x800000d6
      5014 :    #4939 0 800000cc 000007a1  a5=f00419c0 ; c.addi  a5,8
      5015 :    #4940 0 800000ce 00000721  a4=f00409c0 ; c.addi  a4,8
      5016 :    #4941 0 800000d0 ff1514e3              ; bne     a0,a7,0x800000b8
      5017 :    #4942 0 800000b8 00004390  a2=00000514 ; c.lw    a2,0(a5) [f00419c0]
      5018 :    #4943 0 800000ba 00004314  a3=00000514 ; c.lw    a3,0(a4) [f00409c0]
      5019 :    #4944 0 800000bc 0047a803  a6=0000033c ; lw      a6,4(a5) [f00419c4]
      5020 :    #4945 0 800000c0 0000434c  a1=0000033c ; c.lw    a1,128(a4) [f0040a40]
      5021 :    #4946 0 800000c2 00d61d63              ; bne     a2,a3,0x800000dc
      5022 :    #4947 0 800000c6 00000509  a0=0000001a ; c.addi  a0,2
      5023 :    #4948 0 800000c8 00b81763              ; bne     a6,a1,0x800000d6
      5024 :    #4949 0 800000cc 000007a1  a5=f00419c8 ; c.addi  a5,8
      5025 :    #4950 0 800000ce 00000721  a4=f00409c8 ; c.addi  a4,8
      5026 :    #4951 0 800000d0 ff1514e3              ; bne     a0,a7,0x800000b8
      5027 :    #4952 0 800000b8 00004390  a2=00000623 ; c.lw    a2,0(a5) [f00419c8]
      5028 :    #4953 0 800000ba 00004314  a3=00000623 ; c.lw    a3,0(a4) [f00409c8]
      5029 :    #4954 0 800000bc 0047a803  a6=000003ac ; lw      a6,4(a5) [f00419cc]
      5030 :    #4955 0 800000c0 0000434c  a1=000003ac ; c.lw    a1,128(a4) [f0040a48]
      5031 :    #4956 0 800000c2 00d61d63              ; bne     a2,a3,0x800000dc
      5032 :    #4957 0 800000c6 00000509  a0=0000001c ; c.addi  a0,2
      5033 :    #4958 0 800000c8 00b81763              ; bne     a6,a1,0x800000d6
      5034 :    #4959 0 800000cc 000007a1  a5=f00419d0 ; c.addi  a5,8
      5035 :    #4960 0 800000ce 00000721  a4=f00409d0 ; c.addi  a4,8
      5036 :    #4961 0 800000d0 ff1514e3              ; bne     a0,a7,0x800000b8
      5037 :    #4962 0 800000b8 00004390  a2=000002ea ; c.lw    a2,0(a5) [f00419d0]
      5038 :    #4963 0 800000ba 00004314  a3=000002ea ; c.lw    a3,0(a4) [f00409d0]
      5039 :    #4964 0 800000bc 0047a803  a6=000004ac ; lw      a6,4(a5) [f00419d4]
      5040 :    #4965 0 800000c0 0000434c  a1=000004ac ; c.lw    a1,128(a4) [f0040a50]
      5041 :    #4966 0 800000c2 00d61d63              ; bne     a2,a3,0x800000dc
      5042 :    #4967 0 800000c6 00000509  a0=0000001e ; c.addi  a0,2
      5043 :    #4968 0 800000c8 00b81763              ; bne     a6,a1,0x800000d6
      5044 :    #4969 0 800000cc 000007a1  a5=f00419d8 ; c.addi  a5,8
      5045 :    #4970 0 800000ce 00000721  a4=f00409d8 ; c.addi  a4,8
      5046 :    #4971 0 800000d0 ff1514e3              ; bne     a0,a7,0x800000b8
      5047 :    #4972 0 800000b8 00004390  a2=000004a2 ; c.lw    a2,0(a5) [f00419d8]
      5048 :    #4973 0 800000ba 00004314  a3=000004a2 ; c.lw    a3,0(a4) [f00409d8]
      5049 :    #4974 0 800000bc 0047a803  a6=00000436 ; lw      a6,4(a5) [f00419dc]
      5050 :    #4975 0 800000c0 0000434c  a1=00000436 ; c.lw    a1,128(a4) [f0040a58]
      5051 :    #4976 0 800000c2 00d61d63              ; bne     a2,a3,0x800000dc
      5052 :    #4977 0 800000c6 00000509  a0=00000020 ; c.addi  a0,2
      5053 :    #4978 0 800000c8 00b81763              ; bne     a6,a1,0x800000d6
      5054 :    #4979 0 800000cc 000007a1  a5=f00419e0 ; c.addi  a5,8
      5055 :    #4980 0 800000ce 00000721  a4=f00409e0 ; c.addi  a4,8
      5056 :    #4981 0 800000d0 ff1514e3              ; bne     a0,a7,0x800000b8
      5057 :    #4982 0 800000b8 00004390  a2=00000123 ; c.lw    a2,0(a5) [f00419e0]
      5058 :    #4983 0 800000ba 00004314  a3=00000123 ; c.lw    a3,0(a4) [f00409e0]
      5059 :    #4984 0 800000bc 0047a803  a6=000003d7 ; lw      a6,4(a5) [f00419e4]
      5060 :    #4985 0 800000c0 0000434c  a1=000003d7 ; c.lw    a1,128(a4) [f0040a60]
      5061 :    #4986 0 800000c2 00d61d63              ; bne     a2,a3,0x800000dc
      5062 :    #4987 0 800000c6 00000509  a0=00000022 ; c.addi  a0,2
      5063 :    #4988 0 800000c8 00b81763              ; bne     a6,a1,0x800000d6
      5064 :    #4989 0 800000cc 000007a1  a5=f00419e8 ; c.addi  a5,8
      5065 :    #4990 0 800000ce 00000721  a4=f00409e8 ; c.addi  a4,8
      5066 :    #4991 0 800000d0 ff1514e3              ; bne     a0,a7,0x800000b8
      5067 :    #4992 0 800000b8 00004390  a2=00000594 ; c.lw    a2,0(a5) [f00419e8]
      5068 :    #4993 0 800000ba 00004314  a3=00000594 ; c.lw    a3,0(a4) [f00409e8]
      5069 :    #4994 0 800000bc 0047a803  a6=000003d5 ; lw      a6,4(a5) [f00419ec]
      5070 :    #4995 0 800000c0 0000434c  a1=000003d5 ; c.lw    a1,128(a4) [f0040a68]
      5071 :    #4996 0 800000c2 00d61d63              ; bne     a2,a3,0x800000dc
      5072 :    #4997 0 800000c6 00000509  a0=00000024 ; c.addi  a0,2
      5073 :    #4998 0 800000c8 00b81763              ; bne     a6,a1,0x800000d6
      5074 :    #4999 0 800000cc 000007a1  a5=f00419f0 ; c.addi  a5,8
      5075 :    #5000 0 800000ce 00000721  a4=f00409f0 ; c.addi  a4,8
      5076 :    #5001 0 800000d0 ff1514e3              ; bne     a0,a7,0x800000b8
      5077 :    #5002 0 800000b8 00004390  a2=00000426 ; c.lw    a2,0(a5) [f00419f0]
      5078 :    #5003 0 800000ba 00004314  a3=00000426 ; c.lw    a3,0(a4) [f00409f0]
      5079 :    #5004 0 800000bc 0047a803  a6=00000639 ; lw      a6,4(a5) [f00419f4]
      5080 :    #5005 0 800000c0 0000434c  a1=00000639 ; c.lw    a1,128(a4) [f0040a70]
      5081 :    #5006 0 800000c2 00d61d63              ; bne     a2,a3,0x800000dc
      5082 :    #5007 0 800000c6 00000509  a0=00000026 ; c.addi  a0,2
      5083 :    #5008 0 800000c8 00b81763              ; bne     a6,a1,0x800000d6
      5084 :    #5009 0 800000cc 000007a1  a5=f00419f8 ; c.addi  a5,8
      5085 :    #5010 0 800000ce 00000721  a4=f00409f8 ; c.addi  a4,8
      5086 :    #5011 0 800000d0 ff1514e3              ; bne     a0,a7,0x800000b8
      5087 :    #5012 0 800000b8 00004390  a2=00000313 ; c.lw    a2,0(a5) [f00419f8]
      5088 :    #5013 0 800000ba 00004314  a3=00000313 ; c.lw    a3,0(a4) [f00409f8]
      5089 :    #5014 0 800000bc 0047a803  a6=0000028a ; lw      a6,4(a5) [f00419fc]
      5090 :    #5015 0 800000c0 0000434c  a1=0000028a ; c.lw    a1,128(a4) [f0040a78]
      5091 :    #5016 0 800000c2 00d61d63              ; bne     a2,a3,0x800000dc
      5092 :    #5017 0 800000c6 00000509  a0=00000028 ; c.addi  a0,2
      5093 :    #5018 0 800000c8 00b81763              ; bne     a6,a1,0x800000d6
      5094 :    #5019 0 800000cc 000007a1  a5=f0041a00 ; c.addi  a5,8
      5095 :    #5020 0 800000ce 00000721  a4=f0040a00 ; c.addi  a4,8
      5096 :    #5021 0 800000d0 ff1514e3              ; bne     a0,a7,0x800000b8
      5097 :    #5022 0 800000b8 00004390  a2=000004c3 ; c.lw    a2,0(a5) [f0041a00]
      5098 :    #5023 0 800000ba 00004314  a3=000004c3 ; c.lw    a3,0(a4) [f0040a00]
      5099 :    #5024 0 800000bc 0047a803  a6=00000405 ; lw      a6,4(a5) [f0041a04]
      5100 :    #5025 0 800000c0 0000434c  a1=00000405 ; c.lw    a1,128(a4) [f0040a80]
      5101 :    #5026 0 800000c2 00d61d63              ; bne     a2,a3,0x800000dc
      5102 :    #5027 0 800000c6 00000509  a0=0000002a ; c.addi  a0,2
      5103 :    #5028 0 800000c8 00b81763              ; bne     a6,a1,0x800000d6
      5104 :    #5029 0 800000cc 000007a1  a5=f0041a08 ; c.addi  a5,8
      5105 :    #5030 0 800000ce 00000721  a4=f0040a08 ; c.addi  a4,8
      5106 :    #5031 0 800000d0 ff1514e3              ; bne     a0,a7,0x800000b8
      5107 :    #5032 0 800000b8 00004390  a2=00000399 ; c.lw    a2,0(a5) [f0041a08]
      5108 :    #5033 0 800000ba 00004314  a3=00000399 ; c.lw    a3,0(a4) [f0040a08]
      5109 :    #5034 0 800000bc 0047a803  a6=00000633 ; lw      a6,4(a5) [f0041a0c]
      5110 :    #5035 0 800000c0 0000434c  a1=00000633 ; c.lw    a1,128(a4) [f0040a88]
      5111 :    #5036 0 800000c2 00d61d63              ; bne     a2,a3,0x800000dc
      5112 :    #5037 0 800000c6 00000509  a0=0000002c ; c.addi  a0,2
      5113 :    #5038 0 800000c8 00b81763              ; bne     a6,a1,0x800000d6
      5114 :    #5039 0 800000cc 000007a1  a5=f0041a10 ; c.addi  a5,8
      5115 :    #5040 0 800000ce 00000721  a4=f0040a10 ; c.addi  a4,8
      5116 :    #5041 0 800000d0 ff1514e3              ; bne     a0,a7,0x800000b8
      5117 :    #5042 0 800000b8 00004390  a2=000004f6 ; c.lw    a2,0(a5) [f0041a10]
      5118 :    #5043 0 800000ba 00004314  a3=000004f6 ; c.lw    a3,0(a4) [f0040a10]
      5119 :    #5044 0 800000bc 0047a803  a6=000002da ; lw      a6,4(a5) [f0041a14]
      5120 :    #5045 0 800000c0 0000434c  a1=000002da ; c.lw    a1,128(a4) [f0040a90]
      5121 :    #5046 0 800000c2 00d61d63              ; bne     a2,a3,0x800000dc
      5122 :    #5047 0 800000c6 00000509  a0=0000002e ; c.addi  a0,2
      5123 :    #5048 0 800000c8 00b81763              ; bne     a6,a1,0x800000d6
      5124 :    #5049 0 800000cc 000007a1  a5=f0041a18 ; c.addi  a5,8
      5125 :    #5050 0 800000ce 00000721  a4=f0040a18 ; c.addi  a4,8
      5126 :    #5051 0 800000d0 ff1514e3              ; bne     a0,a7,0x800000b8
      5127 :    #5052 0 800000b8 00004390  a2=000004d9 ; c.lw    a2,0(a5) [f0041a18]
      5128 :    #5053 0 800000ba 00004314  a3=000004d9 ; c.lw    a3,0(a4) [f0040a18]
      5129 :    #5054 0 800000bc 0047a803  a6=00000473 ; lw      a6,4(a5) [f0041a1c]
      5130 :    #5055 0 800000c0 0000434c  a1=00000473 ; c.lw    a1,128(a4) [f0040a98]
      5131 :    #5056 0 800000c2 00d61d63              ; bne     a2,a3,0x800000dc
      5132 :    #5057 0 800000c6 00000509  a0=00000030 ; c.addi  a0,2
      5133 :    #5058 0 800000c8 00b81763              ; bne     a6,a1,0x800000d6
      5134 :    #5059 0 800000cc 000007a1  a5=f0041a20 ; c.addi  a5,8
      5135 :    #5060 0 800000ce 00000721  a4=f0040a20 ; c.addi  a4,8
      5136 :    #5061 0 800000d0 ff1514e3              ; bne     a0,a7,0x800000b8
      5137 :    #5062 0 800000b8 00004390  a2=000005f5 ; c.lw    a2,0(a5) [f0041a20]
      5138 :    #5063 0 800000ba 00004314  a3=000005f5 ; c.lw    a3,0(a4) [f0040a20]
      5139 :    #5064 0 800000bc 0047a803  a6=0000055d ; lw      a6,4(a5) [f0041a24]
      5140 :    #5065 0 800000c0 0000434c  a1=0000055d ; c.lw    a1,128(a4) [f0040aa0]
      5141 :    #5066 0 800000c2 00d61d63              ; bne     a2,a3,0x800000dc
      5142 :    #5067 0 800000c6 00000509  a0=00000032 ; c.addi  a0,2
      5143 :    #5068 0 800000c8 00b81763              ; bne     a6,a1,0x800000d6
      5144 :    #5069 0 800000cc 000007a1  a5=f0041a28 ; c.addi  a5,8
      5145 :    #5070 0 800000ce 00000721  a4=f0040a28 ; c.addi  a4,8
      5146 :    #5071 0 800000d0 ff1514e3              ; bne     a0,a7,0x800000b8
      5147 :    #5072 0 800000b8 00004390  a2=000002e2 ; c.lw    a2,0(a5) [f0041a28]
      5148 :    #5073 0 800000ba 00004314  a3=000002e2 ; c.lw    a3,0(a4) [f0040a28]
      5149 :    #5074 0 800000bc 0047a803  a6=00000649 ; lw      a6,4(a5) [f0041a2c]
      5150 :    #5075 0 800000c0 0000434c  a1=00000649 ; c.lw    a1,128(a4) [f0040aa8]
      5151 :    #5076 0 800000c2 00d61d63              ; bne     a2,a3,0x800000dc
      5152 :    #5077 0 800000c6 00000509  a0=00000034 ; c.addi  a0,2
      5153 :    #5078 0 800000c8 00b81763              ; bne     a6,a1,0x800000d6
      5154 :    #5079 0 800000cc 000007a1  a5=f0041a30 ; c.addi  a5,8
      5155 :    #5080 0 800000ce 00000721  a4=f0040a30 ; c.addi  a4,8
      5156 :    #5081 0 800000d0 ff1514e3              ; bne     a0,a7,0x800000b8
      5157 :    #5082 0 800000b8 00004390  a2=00000609 ; c.lw    a2,0(a5) [f0041a30]
      5158 :    #5083 0 800000ba 00004314  a3=00000609 ; c.lw    a3,0(a4) [f0040a30]
      5159 :    #5084 0 800000bc 0047a803  a6=00000543 ; lw      a6,4(a5) [f0041a34]
      5160 :    #5085 0 800000c0 0000434c  a1=00000543 ; c.lw    a1,128(a4) [f0040ab0]
      5161 :    #5086 0 800000c2 00d61d63              ; bne     a2,a3,0x800000dc
      5162 :    #5087 0 800000c6 00000509  a0=00000036 ; c.addi  a0,2
      5163 :    #5088 0 800000c8 00b81763              ; bne     a6,a1,0x800000d6
      5164 :    #5089 0 800000cc 000007a1  a5=f0041a38 ; c.addi  a5,8
      5165 :    #5090 0 800000ce 00000721  a4=f0040a38 ; c.addi  a4,8
      5166 :    #5091 0 800000d0 ff1514e3              ; bne     a0,a7,0x800000b8
      5167 :    #5092 0 800000b8 00004390  a2=000005b7 ; c.lw    a2,0(a5) [f0041a38]
      5168 :    #5093 0 800000ba 00004314  a3=000005b7 ; c.lw    a3,0(a4) [f0040a38]
      5169 :    #5094 0 800000bc 0047a803  a6=000002e0 ; lw      a6,4(a5) [f0041a3c]
      5170 :    #5095 0 800000c0 0000434c  a1=000002e0 ; c.lw    a1,128(a4) [f0040ab8]
      5171 :    #5096 0 800000c2 00d61d63              ; bne     a2,a3,0x800000dc
      5172 :    #5097 0 800000c6 00000509  a0=00000038 ; c.addi  a0,2
      5173 :    #5098 0 800000c8 00b81763              ; bne     a6,a1,0x800000d6
      5174 :    #5099 0 800000cc 000007a1  a5=f0041a40 ; c.addi  a5,8
      5175 :    #5100 0 800000ce 00000721  a4=f0040a40 ; c.addi  a4,8
      5176 :    #5101 0 800000d0 ff1514e3              ; bne     a0,a7,0x800000b8
      5177 :    #5102 0 800000b8 00004390  a2=00000185 ; c.lw    a2,0(a5) [f0041a40]
      5178 :    #5103 0 800000ba 00004314  a3=00000185 ; c.lw    a3,0(a4) [f0040a40]
      5179 :    #5104 0 800000bc 0047a803  a6=00000455 ; lw      a6,4(a5) [f0041a44]
      5180 :    #5105 0 800000c0 0000434c  a1=00000455 ; c.lw    a1,128(a4) [f0040ac0]
      5181 :    #5106 0 800000c2 00d61d63              ; bne     a2,a3,0x800000dc
      5182 :    #5107 0 800000c6 00000509  a0=0000003a ; c.addi  a0,2
      5183 :    #5108 0 800000c8 00b81763              ; bne     a6,a1,0x800000d6
      5184 :    #5109 0 800000cc 000007a1  a5=f0041a48 ; c.addi  a5,8
      5185 :    #5110 0 800000ce 00000721  a4=f0040a48 ; c.addi  a4,8
      5186 :    #5111 0 800000d0 ff1514e3              ; bne     a0,a7,0x800000b8
      5187 :    #5112 0 800000b8 00004390  a2=000005d0 ; c.lw    a2,0(a5) [f0041a48]
      5188 :    #5113 0 800000ba 00004314  a3=000005d0 ; c.lw    a3,0(a4) [f0040a48]
      5189 :    #5114 0 800000bc 0047a803  a6=00000390 ; lw      a6,4(a5) [f0041a4c]
      5190 :    #5115 0 800000c0 0000434c  a1=00000390 ; c.lw    a1,128(a4) [f0040ac8]
      5191 :    #5116 0 800000c2 00d61d63              ; bne     a2,a3,0x800000dc
      5192 :    #5117 0 800000c6 00000509  a0=0000003c ; c.addi  a0,2
      5193 :    #5118 0 800000c8 00b81763              ; bne     a6,a1,0x800000d6
      5194 :    #5119 0 800000cc 000007a1  a5=f0041a50 ; c.addi  a5,8
      5195 :    #5120 0 800000ce 00000721  a4=f0040a50 ; c.addi  a4,8
      5196 :    #5121 0 800000d0 ff1514e3              ; bne     a0,a7,0x800000b8
      5197 :    #5122 0 800000b8 00004390  a2=000003e0 ; c.lw    a2,0(a5) [f0041a50]
      5198 :    #5123 0 800000ba 00004314  a3=000003e0 ; c.lw    a3,0(a4) [f0040a50]
      5199 :    #5124 0 800000bc 0047a803  a6=00000542 ; lw      a6,4(a5) [f0041a54]
      5200 :    #5125 0 800000c0 0000434c  a1=00000542 ; c.lw    a1,128(a4) [f0040ad0]
      5201 :    #5126 0 800000c2 00d61d63              ; bne     a2,a3,0x800000dc
      5202 :    #5127 0 800000c6 00000509  a0=0000003e ; c.addi  a0,2
      5203 :    #5128 0 800000c8 00b81763              ; bne     a6,a1,0x800000d6
      5204 :    #5129 0 800000cc 000007a1  a5=f0041a58 ; c.addi  a5,8
      5205 :    #5130 0 800000ce 00000721  a4=f0040a58 ; c.addi  a4,8
      5206 :    #5131 0 800000d0 ff1514e3              ; bne     a0,a7,0x800000b8
      5207 :    #5132 0 800000b8 00004390  a2=0000018a ; c.lw    a2,0(a5) [f0041a58]
      5208 :    #5133 0 800000ba 00004314  a3=0000018a ; c.lw    a3,0(a4) [f0040a58]
      5209 :    #5134 0 800000bc 0047a803  a6=00000654 ; lw      a6,4(a5) [f0041a5c]
      5210 :    #5135 0 800000c0 0000434c  a1=00000654 ; c.lw    a1,128(a4) [f0040ad8]
      5211 :    #5136 0 800000c2 00d61d63              ; bne     a2,a3,0x800000dc
      5212 :    #5137 0 800000c6 00000509  a0=00000040 ; c.addi  a0,2
      5213 :    #5138 0 800000c8 00b81763              ; bne     a6,a1,0x800000d6
      5214 :    #5139 0 800000cc 000007a1  a5=f0041a60 ; c.addi  a5,8
      5215 :    #5140 0 800000ce 00000721  a4=f0040a60 ; c.addi  a4,8
      5216 :    #5141 0 800000d0 ff1514e3              ; bne     a0,a7,0x800000b8
      5217 :    #5142 0 800000b8 00004390  a2=00000524 ; c.lw    a2,0(a5) [f0041a60]
      5218 :    #5143 0 800000ba 00004314  a3=00000524 ; c.lw    a3,0(a4) [f0040a60]
      5219 :    #5144 0 800000bc 0047a803  a6=000002a7 ; lw      a6,4(a5) [f0041a64]
      5220 :    #5145 0 800000c0 0000434c  a1=000002a7 ; c.lw    a1,128(a4) [f0040ae0]
      5221 :    #5146 0 800000c2 00d61d63              ; bne     a2,a3,0x800000dc
      5222 :    #5147 0 800000c6 00000509  a0=00000042 ; c.addi  a0,2
      5223 :    #5148 0 800000c8 00b81763              ; bne     a6,a1,0x800000d6
      5224 :    #5149 0 800000cc 000007a1  a5=f0041a68 ; c.addi  a5,8
      5225 :    #5150 0 800000ce 00000721  a4=f0040a68 ; c.addi  a4,8
      5226 :    #5151 0 800000d0 ff1514e3              ; bne     a0,a7,0x800000b8
      5227 :    #5152 0 800000b8 00004390  a2=0000045a ; c.lw    a2,0(a5) [f0041a68]
      5228 :    #5153 0 800000ba 00004314  a3=0000045a ; c.lw    a3,0(a4) [f0040a68]
      5229 :    #5154 0 800000bc 0047a803  a6=0000068f ; lw      a6,4(a5) [f0041a6c]
      5230 :    #5155 0 800000c0 0000434c  a1=0000068f ; c.lw    a1,128(a4) [f0040ae8]
      5231 :    #5156 0 800000c2 00d61d63              ; bne     a2,a3,0x800000dc
      5232 :    #5157 0 800000c6 00000509  a0=00000044 ; c.addi  a0,2
      5233 :    #5158 0 800000c8 00b81763              ; bne     a6,a1,0x800000d6
      5234 :    #5159 0 800000cc 000007a1  a5=f0041a70 ; c.addi  a5,8
      5235 :    #5160 0 800000ce 00000721  a4=f0040a70 ; c.addi  a4,8
      5236 :    #5161 0 800000d0 ff1514e3              ; bne     a0,a7,0x800000b8
      5237 :    #5162 0 800000b8 00004390  a2=000002fd ; c.lw    a2,0(a5) [f0041a70]
      5238 :    #5163 0 800000ba 00004314  a3=000002fd ; c.lw    a3,0(a4) [f0040a70]
      5239 :    #5164 0 800000bc 0047a803  a6=000002df ; lw      a6,4(a5) [f0041a74]
      5240 :    #5165 0 800000c0 0000434c  a1=000002df ; c.lw    a1,128(a4) [f0040af0]
      5241 :    #5166 0 800000c2 00d61d63              ; bne     a2,a3,0x800000dc
      5242 :    #5167 0 800000c6 00000509  a0=00000046 ; c.addi  a0,2
      5243 :    #5168 0 800000c8 00b81763              ; bne     a6,a1,0x800000d6
      5244 :    #5169 0 800000cc 000007a1  a5=f0041a78 ; c.addi  a5,8
      5245 :    #5170 0 800000ce 00000721  a4=f0040a78 ; c.addi  a4,8
      5246 :    #5171 0 800000d0 ff1514e3              ; bne     a0,a7,0x800000b8
      5247 :    #5172 0 800000b8 00004390  a2=00000242 ; c.lw    a2,0(a5) [f0041a78]
      5248 :    #5173 0 800000ba 00004314  a3=00000242 ; c.lw    a3,0(a4) [f0040a78]
      5249 :    #5174 0 800000bc 0047a803  a6=00000553 ; lw      a6,4(a5) [f0041a7c]
      5250 :    #5175 0 800000c0 0000434c  a1=00000553 ; c.lw    a1,128(a4) [f0040af8]
      5251 :    #5176 0 800000c2 00d61d63              ; bne     a2,a3,0x800000dc
      5252 :    #5177 0 800000c6 00000509  a0=00000048 ; c.addi  a0,2
      5253 :    #5178 0 800000c8 00b81763              ; bne     a6,a1,0x800000d6
      5254 :    #5179 0 800000cc 000007a1  a5=f0041a80 ; c.addi  a5,8
      5255 :    #5180 0 800000ce 00000721  a4=f0040a80 ; c.addi  a4,8
      5256 :    #5181 0 800000d0 ff1514e3              ; bne     a0,a7,0x800000b8
      5257 :    #5182 0 800000b8 00004390  a2=00000448 ; c.lw    a2,0(a5) [f0041a80]
      5258 :    #5183 0 800000ba 00004314  a3=00000448 ; c.lw    a3,0(a4) [f0040a80]
      5259 :    #5184 0 800000bc 0047a803  a6=0000027e ; lw      a6,4(a5) [f0041a84]
      5260 :    #5185 0 800000c0 0000434c  a1=0000027e ; c.lw    a1,128(a4) [f0040b00]
      5261 :    #5186 0 800000c2 00d61d63              ; bne     a2,a3,0x800000dc
      5262 :    #5187 0 800000c6 00000509  a0=0000004a ; c.addi  a0,2
      5263 :    #5188 0 800000c8 00b81763              ; bne     a6,a1,0x800000d6
      5264 :    #5189 0 800000cc 000007a1  a5=f0041a88 ; c.addi  a5,8
      5265 :    #5190 0 800000ce 00000721  a4=f0040a88 ; c.addi  a4,8
      5266 :    #5191 0 800000d0 ff1514e3              ; bne     a0,a7,0x800000b8
      5267 :    #5192 0 800000b8 00004390  a2=000002e4 ; c.lw    a2,0(a5) [f0041a88]
      5268 :    #5193 0 800000ba 00004314  a3=000002e4 ; c.lw    a3,0(a4) [f0040a88]
      5269 :    #5194 0 800000bc 0047a803  a6=000003ee ; lw      a6,4(a5) [f0041a8c]
      5270 :    #5195 0 800000c0 0000434c  a1=000003ee ; c.lw    a1,128(a4) [f0040b08]
      5271 :    #5196 0 800000c2 00d61d63              ; bne     a2,a3,0x800000dc
      5272 :    #5197 0 800000c6 00000509  a0=0000004c ; c.addi  a0,2
      5273 :    #5198 0 800000c8 00b81763              ; bne     a6,a1,0x800000d6
      5274 :    #5199 0 800000cc 000007a1  a5=f0041a90 ; c.addi  a5,8
      5275 :    #5200 0 800000ce 00000721  a4=f0040a90 ; c.addi  a4,8
      5276 :    #5201 0 800000d0 ff1514e3              ; bne     a0,a7,0x800000b8
      5277 :    #5202 0 800000b8 00004390  a2=00000510 ; c.lw    a2,0(a5) [f0041a90]
      5278 :    #5203 0 800000ba 00004314  a3=00000510 ; c.lw    a3,0(a4) [f0040a90]
      5279 :    #5204 0 800000bc 0047a803  a6=0000018b ; lw      a6,4(a5) [f0041a94]
      5280 :    #5205 0 800000c0 0000434c  a1=0000018b ; c.lw    a1,128(a4) [f0040b10]
      5281 :    #5206 0 800000c2 00d61d63              ; bne     a2,a3,0x800000dc
      5282 :    #5207 0 800000c6 00000509  a0=0000004e ; c.addi  a0,2
      5283 :    #5208 0 800000c8 00b81763              ; bne     a6,a1,0x800000d6
      5284 :    #5209 0 800000cc 000007a1  a5=f0041a98 ; c.addi  a5,8
      5285 :    #5210 0 800000ce 00000721  a4=f0040a98 ; c.addi  a4,8
      5286 :    #5211 0 800000d0 ff1514e3              ; bne     a0,a7,0x800000b8
      5287 :    #5212 0 800000b8 00004390  a2=0000023f ; c.lw    a2,0(a5) [f0041a98]
      5288 :    #5213 0 800000ba 00004314  a3=0000023f ; c.lw    a3,0(a4) [f0040a98]
      5289 :    #5214 0 800000bc 0047a803  a6=000005c5 ; lw      a6,4(a5) [f0041a9c]
      5290 :    #5215 0 800000c0 0000434c  a1=000005c5 ; c.lw    a1,128(a4) [f0040b18]
      5291 :    #5216 0 800000c2 00d61d63              ; bne     a2,a3,0x800000dc
      5292 :    #5217 0 800000c6 00000509  a0=00000050 ; c.addi  a0,2
      5293 :    #5218 0 800000c8 00b81763              ; bne     a6,a1,0x800000d6
      5294 :    #5219 0 800000cc 000007a1  a5=f0041aa0 ; c.addi  a5,8
      5295 :    #5220 0 800000ce 00000721  a4=f0040aa0 ; c.addi  a4,8
      5296 :    #5221 0 800000d0 ff1514e3              ; bne     a0,a7,0x800000b8
      5297 :    #5222 0 800000b8 00004390  a2=000003a6 ; c.lw    a2,0(a5) [f0041aa0]
      5298 :    #5223 0 800000ba 00004314  a3=000003a6 ; c.lw    a3,0(a4) [f0040aa0]
      5299 :    #5224 0 800000bc 0047a803  a6=00000120 ; lw      a6,4(a5) [f0041aa4]
      5300 :    #5225 0 800000c0 0000434c  a1=00000120 ; c.lw    a1,128(a4) [f0040b20]
      5301 :    #5226 0 800000c2 00d61d63              ; bne     a2,a3,0x800000dc
      5302 :    #5227 0 800000c6 00000509  a0=00000052 ; c.addi  a0,2
      5303 :    #5228 0 800000c8 00b81763              ; bne     a6,a1,0x800000d6
      5304 :    #5229 0 800000cc 000007a1  a5=f0041aa8 ; c.addi  a5,8
      5305 :    #5230 0 800000ce 00000721  a4=f0040aa8 ; c.addi  a4,8
      5306 :    #5231 0 800000d0 ff1514e3              ; bne     a0,a7,0x800000b8
      5307 :    #5232 0 800000b8 00004390  a2=00000476 ; c.lw    a2,0(a5) [f0041aa8]
      5308 :    #5233 0 800000ba 00004314  a3=00000476 ; c.lw    a3,0(a4) [f0040aa8]
      5309 :    #5234 0 800000bc 0047a803  a6=0000037f ; lw      a6,4(a5) [f0041aac]
      5310 :    #5235 0 800000c0 0000434c  a1=0000037f ; c.lw    a1,128(a4) [f0040b28]
      5311 :    #5236 0 800000c2 00d61d63              ; bne     a2,a3,0x800000dc
      5312 :    #5237 0 800000c6 00000509  a0=00000054 ; c.addi  a0,2
      5313 :    #5238 0 800000c8 00b81763              ; bne     a6,a1,0x800000d6
      5314 :    #5239 0 800000cc 000007a1  a5=f0041ab0 ; c.addi  a5,8
      5315 :    #5240 0 800000ce 00000721  a4=f0040ab0 ; c.addi  a4,8
      5316 :    #5241 0 800000d0 ff1514e3              ; bne     a0,a7,0x800000b8
      5317 :    #5242 0 800000b8 00004390  a2=000004a1 ; c.lw    a2,0(a5) [f0041ab0]
      5318 :    #5243 0 800000ba 00004314  a3=000004a1 ; c.lw    a3,0(a4) [f0040ab0]
      5319 :    #5244 0 800000bc 0047a803  a6=00000480 ; lw      a6,4(a5) [f0041ab4]
      5320 :    #5245 0 800000c0 0000434c  a1=00000480 ; c.lw    a1,128(a4) [f0040b30]
      5321 :    #5246 0 800000c2 00d61d63              ; bne     a2,a3,0x800000dc
      5322 :    #5247 0 800000c6 00000509  a0=00000056 ; c.addi  a0,2
      5323 :    #5248 0 800000c8 00b81763              ; bne     a6,a1,0x800000d6
      5324 :    #5249 0 800000cc 000007a1  a5=f0041ab8 ; c.addi  a5,8
      5325 :    #5250 0 800000ce 00000721  a4=f0040ab8 ; c.addi  a4,8
      5326 :    #5251 0 800000d0 ff1514e3              ; bne     a0,a7,0x800000b8
      5327 :    #5252 0 800000b8 00004390  a2=00000497 ; c.lw    a2,0(a5) [f0041ab8]
      5328 :    #5253 0 800000ba 00004314  a3=00000497 ; c.lw    a3,0(a4) [f0040ab8]
      5329 :    #5254 0 800000bc 0047a803  a6=0000040c ; lw      a6,4(a5) [f0041abc]
      5330 :    #5255 0 800000c0 0000434c  a1=0000040c ; c.lw    a1,128(a4) [f0040b38]
      5331 :    #5256 0 800000c2 00d61d63              ; bne     a2,a3,0x800000dc
      5332 :    #5257 0 800000c6 00000509  a0=00000058 ; c.addi  a0,2
      5333 :    #5258 0 800000c8 00b81763              ; bne     a6,a1,0x800000d6
      5334 :    #5259 0 800000cc 000007a1  a5=f0041ac0 ; c.addi  a5,8
      5335 :    #5260 0 800000ce 00000721  a4=f0040ac0 ; c.addi  a4,8
      5336 :    #5261 0 800000d0 ff1514e3              ; bne     a0,a7,0x800000b8
      5337 :    #5262 0 800000b8 00004390  a2=00000458 ; c.lw    a2,0(a5) [f0041ac0]
      5338 :    #5263 0 800000ba 00004314  a3=00000458 ; c.lw    a3,0(a4) [f0040ac0]
      5339 :    #5264 0 800000bc 0047a803  a6=000001c2 ; lw      a6,4(a5) [f0041ac4]
      5340 :    #5265 0 800000c0 0000434c  a1=000001c2 ; c.lw    a1,128(a4) [f0040b40]
      5341 :    #5266 0 800000c2 00d61d63              ; bne     a2,a3,0x800000dc
      5342 :    #5267 0 800000c6 00000509  a0=0000005a ; c.addi  a0,2
      5343 :    #5268 0 800000c8 00b81763              ; bne     a6,a1,0x800000d6
      5344 :    #5269 0 800000cc 000007a1  a5=f0041ac8 ; c.addi  a5,8
      5345 :    #5270 0 800000ce 00000721  a4=f0040ac8 ; c.addi  a4,8
      5346 :    #5271 0 800000d0 ff1514e3              ; bne     a0,a7,0x800000b8
      5347 :    #5272 0 800000b8 00004390  a2=00000625 ; c.lw    a2,0(a5) [f0041ac8]
      5348 :    #5273 0 800000ba 00004314  a3=00000625 ; c.lw    a3,0(a4) [f0040ac8]
      5349 :    #5274 0 800000bc 0047a803  a6=0000014d ; lw      a6,4(a5) [f0041acc]
      5350 :    #5275 0 800000c0 0000434c  a1=0000014d ; c.lw    a1,128(a4) [f0040b48]
      5351 :    #5276 0 800000c2 00d61d63              ; bne     a2,a3,0x800000dc
      5352 :    #5277 0 800000c6 00000509  a0=0000005c ; c.addi  a0,2
      5353 :    #5278 0 800000c8 00b81763              ; bne     a6,a1,0x800000d6
      5354 :    #5279 0 800000cc 000007a1  a5=f0041ad0 ; c.addi  a5,8
      5355 :    #5280 0 800000ce 00000721  a4=f0040ad0 ; c.addi  a4,8
      5356 :    #5281 0 800000d0 ff1514e3              ; bne     a0,a7,0x800000b8
      5357 :    #5282 0 800000b8 00004390  a2=0000072e ; c.lw    a2,0(a5) [f0041ad0]
      5358 :    #5283 0 800000ba 00004314  a3=0000072e ; c.lw    a3,0(a4) [f0040ad0]
      5359 :    #5284 0 800000bc 0047a803  a6=000004a7 ; lw      a6,4(a5) [f0041ad4]
      5360 :    #5285 0 800000c0 0000434c  a1=000004a7 ; c.lw    a1,128(a4) [f0040b50]
      5361 :    #5286 0 800000c2 00d61d63              ; bne     a2,a3,0x800000dc
      5362 :    #5287 0 800000c6 00000509  a0=0000005e ; c.addi  a0,2
      5363 :    #5288 0 800000c8 00b81763              ; bne     a6,a1,0x800000d6
      5364 :    #5289 0 800000cc 000007a1  a5=f0041ad8 ; c.addi  a5,8
      5365 :    #5290 0 800000ce 00000721  a4=f0040ad8 ; c.addi  a4,8
      5366 :    #5291 0 800000d0 ff1514e3              ; bne     a0,a7,0x800000b8
      5367 :    #5292 0 800000b8 00004390  a2=0000036d ; c.lw    a2,0(a5) [f0041ad8]
      5368 :    #5293 0 800000ba 00004314  a3=0000036d ; c.lw    a3,0(a4) [f0040ad8]
      5369 :    #5294 0 800000bc 0047a803  a6=000002e3 ; lw      a6,4(a5) [f0041adc]
      5370 :    #5295 0 800000c0 0000434c  a1=000002e3 ; c.lw    a1,128(a4) [f0040b58]
      5371 :    #5296 0 800000c2 00d61d63              ; bne     a2,a3,0x800000dc
      5372 :    #5297 0 800000c6 00000509  a0=00000060 ; c.addi  a0,2
      5373 :    #5298 0 800000c8 00b81763              ; bne     a6,a1,0x800000d6
      5374 :    #5299 0 800000cc 000007a1  a5=f0041ae0 ; c.addi  a5,8
      5375 :    #5300 0 800000ce 00000721  a4=f0040ae0 ; c.addi  a4,8
      5376 :    #5301 0 800000d0 ff1514e3              ; bne     a0,a7,0x800000b8
      5377 :    #5302 0 800000b8 00004390  a2=000003fc ; c.lw    a2,0(a5) [f0041ae0]
      5378 :    #5303 0 800000ba 00004314  a3=000003fc ; c.lw    a3,0(a4) [f0040ae0]
      5379 :    #5304 0 800000bc 0047a803  a6=0000047d ; lw      a6,4(a5) [f0041ae4]
      5380 :    #5305 0 800000c0 0000434c  a1=0000047d ; c.lw    a1,128(a4) [f0040b60]
      5381 :    #5306 0 800000c2 00d61d63              ; bne     a2,a3,0x800000dc
      5382 :    #5307 0 800000c6 00000509  a0=00000062 ; c.addi  a0,2
      5383 :    #5308 0 800000c8 00b81763              ; bne     a6,a1,0x800000d6
      5384 :    #5309 0 800000cc 000007a1  a5=f0041ae8 ; c.addi  a5,8
      5385 :    #5310 0 800000ce 00000721  a4=f0040ae8 ; c.addi  a4,8
      5386 :    #5311 0 800000d0 ff1514e3              ; bne     a0,a7,0x800000b8
      5387 :    #5312 0 800000b8 00004390  a2=0000046d ; c.lw    a2,0(a5) [f0041ae8]
      5388 :    #5313 0 800000ba 00004314  a3=0000046d ; c.lw    a3,0(a4) [f0040ae8]
      5389 :    #5314 0 800000bc 0047a803  a6=0000024b ; lw      a6,4(a5) [f0041aec]
      5390 :    #5315 0 800000c0 0000434c  a1=0000024b ; c.lw    a1,128(a4) [f0040b68]
      5391 :    #5316 0 800000c2 00d61d63              ; bne     a2,a3,0x800000dc
      5392 :    #5317 0 800000c6 00000509  a0=00000064 ; c.addi  a0,2
      5393 :    #5318 0 800000c8 00b81763              ; bne     a6,a1,0x800000d6
      5394 :    #5319 0 800000cc 000007a1  a5=f0041af0 ; c.addi  a5,8
      5395 :    #5320 0 800000ce 00000721  a4=f0040af0 ; c.addi  a4,8
      5396 :    #5321 0 800000d0 ff1514e3              ; bne     a0,a7,0x800000b8
      5397 :    #5322 0 800000b8 00004390  a2=000005b6 ; c.lw    a2,0(a5) [f0041af0]
      5398 :    #5323 0 800000ba 00004314  a3=000005b6 ; c.lw    a3,0(a4) [f0040af0]
      5399 :    #5324 0 800000bc 0047a803  a6=0000053a ; lw      a6,4(a5) [f0041af4]
      5400 :    #5325 0 800000c0 0000434c  a1=0000053a ; c.lw    a1,128(a4) [f0040b70]
      5401 :    #5326 0 800000c2 00d61d63              ; bne     a2,a3,0x800000dc
      5402 :    #5327 0 800000c6 00000509  a0=00000066 ; c.addi  a0,2
      5403 :    #5328 0 800000c8 00b81763              ; bne     a6,a1,0x800000d6
      5404 :    #5329 0 800000cc 000007a1  a5=f0041af8 ; c.addi  a5,8
      5405 :    #5330 0 800000ce 00000721  a4=f0040af8 ; c.addi  a4,8
      5406 :    #5331 0 800000d0 ff1514e3              ; bne     a0,a7,0x800000b8
      5407 :    #5332 0 800000b8 00004390  a2=0000024d ; c.lw    a2,0(a5) [f0041af8]
      5408 :    #5333 0 800000ba 00004314  a3=0000024d ; c.lw    a3,0(a4) [f0040af8]
      5409 :    #5334 0 800000bc 0047a803  a6=00000158 ; lw      a6,4(a5) [f0041afc]
      5410 :    #5335 0 800000c0 0000434c  a1=00000158 ; c.lw    a1,128(a4) [f0040b78]
      5411 :    #5336 0 800000c2 00d61d63              ; bne     a2,a3,0x800000dc
      5412 :    #5337 0 800000c6 00000509  a0=00000068 ; c.addi  a0,2
      5413 :    #5338 0 800000c8 00b81763              ; bne     a6,a1,0x800000d6
      5414 :    #5339 0 800000cc 000007a1  a5=f0041b00 ; c.addi  a5,8
      5415 :    #5340 0 800000ce 00000721  a4=f0040b00 ; c.addi  a4,8
      5416 :    #5341 0 800000d0 ff1514e3              ; bne     a0,a7,0x800000b8
      5417 :    #5342 0 800000b8 00004390  a2=00000364 ; c.lw    a2,0(a5) [f0041b00]
      5418 :    #5343 0 800000ba 00004314  a3=00000364 ; c.lw    a3,0(a4) [f0040b00]
      5419 :    #5344 0 800000bc 0047a803  a6=000005da ; lw      a6,4(a5) [f0041b04]
      5420 :    #5345 0 800000c0 0000434c  a1=000005da ; c.lw    a1,128(a4) [f0040b80]
      5421 :    #5346 0 800000c2 00d61d63              ; bne     a2,a3,0x800000dc
      5422 :    #5347 0 800000c6 00000509  a0=0000006a ; c.addi  a0,2
      5423 :    #5348 0 800000c8 00b81763              ; bne     a6,a1,0x800000d6
      5424 :    #5349 0 800000cc 000007a1  a5=f0041b08 ; c.addi  a5,8
      5425 :    #5350 0 800000ce 00000721  a4=f0040b08 ; c.addi  a4,8
      5426 :    #5351 0 800000d0 ff1514e3              ; bne     a0,a7,0x800000b8
      5427 :    #5352 0 800000b8 00004390  a2=00000584 ; c.lw    a2,0(a5) [f0041b08]
      5428 :    #5353 0 800000ba 00004314  a3=00000584 ; c.lw    a3,0(a4) [f0040b08]
      5429 :    #5354 0 800000bc 0047a803  a6=0000054c ; lw      a6,4(a5) [f0041b0c]
      5430 :    #5355 0 800000c0 0000434c  a1=0000054c ; c.lw    a1,128(a4) [f0040b88]
      5431 :    #5356 0 800000c2 00d61d63              ; bne     a2,a3,0x800000dc
      5432 :    #5357 0 800000c6 00000509  a0=0000006c ; c.addi  a0,2
      5433 :    #5358 0 800000c8 00b81763              ; bne     a6,a1,0x800000d6
      5434 :    #5359 0 800000cc 000007a1  a5=f0041b10 ; c.addi  a5,8
      5435 :    #5360 0 800000ce 00000721  a4=f0040b10 ; c.addi  a4,8
      5436 :    #5361 0 800000d0 ff1514e3              ; bne     a0,a7,0x800000b8
      5437 :    #5362 0 800000b8 00004390  a2=000005c6 ; c.lw    a2,0(a5) [f0041b10]
      5438 :    #5363 0 800000ba 00004314  a3=000005c6 ; c.lw    a3,0(a4) [f0040b10]
      5439 :    #5364 0 800000bc 0047a803  a6=000004cb ; lw      a6,4(a5) [f0041b14]
      5440 :    #5365 0 800000c0 0000434c  a1=000004cb ; c.lw    a1,128(a4) [f0040b90]
      5441 :    #5366 0 800000c2 00d61d63              ; bne     a2,a3,0x800000dc
      5442 :    #5367 0 800000c6 00000509  a0=0000006e ; c.addi  a0,2
      5443 :    #5368 0 800000c8 00b81763              ; bne     a6,a1,0x800000d6
      5444 :    #5369 0 800000cc 000007a1  a5=f0041b18 ; c.addi  a5,8
      5445 :    #5370 0 800000ce 00000721  a4=f0040b18 ; c.addi  a4,8
      5446 :    #5371 0 800000d0 ff1514e3              ; bne     a0,a7,0x800000b8
      5447 :    #5372 0 800000b8 00004390  a2=000003ed ; c.lw    a2,0(a5) [f0041b18]
      5448 :    #5373 0 800000ba 00004314  a3=000003ed ; c.lw    a3,0(a4) [f0040b18]
      5449 :    #5374 0 800000bc 0047a803  a6=00000733 ; lw      a6,4(a5) [f0041b1c]
      5450 :    #5375 0 800000c0 0000434c  a1=00000733 ; c.lw    a1,128(a4) [f0040b98]
      5451 :    #5376 0 800000c2 00d61d63              ; bne     a2,a3,0x800000dc
      5452 :    #5377 0 800000c6 00000509  a0=00000070 ; c.addi  a0,2
      5453 :    #5378 0 800000c8 00b81763              ; bne     a6,a1,0x800000d6
      5454 :    #5379 0 800000cc 000007a1  a5=f0041b20 ; c.addi  a5,8
      5455 :    #5380 0 800000ce 00000721  a4=f0040b20 ; c.addi  a4,8
      5456 :    #5381 0 800000d0 ff1514e3              ; bne     a0,a7,0x800000b8
      5457 :    #5382 0 800000b8 00004390  a2=000003b9 ; c.lw    a2,0(a5) [f0041b20]
      5458 :    #5383 0 800000ba 00004314  a3=000003b9 ; c.lw    a3,0(a4) [f0040b20]
      5459 :    #5384 0 800000bc 0047a803  a6=00000215 ; lw      a6,4(a5) [f0041b24]
      5460 :    #5385 0 800000c0 0000434c  a1=00000215 ; c.lw    a1,128(a4) [f0040ba0]
      5461 :    #5386 0 800000c2 00d61d63              ; bne     a2,a3,0x800000dc
      5462 :    #5387 0 800000c6 00000509  a0=00000072 ; c.addi  a0,2
      5463 :    #5388 0 800000c8 00b81763              ; bne     a6,a1,0x800000d6
      5464 :    #5389 0 800000cc 000007a1  a5=f0041b28 ; c.addi  a5,8
      5465 :    #5390 0 800000ce 00000721  a4=f0040b28 ; c.addi  a4,8
      5466 :    #5391 0 800000d0 ff1514e3              ; bne     a0,a7,0x800000b8
      5467 :    #5392 0 800000b8 00004390  a2=0000025e ; c.lw    a2,0(a5) [f0041b28]
      5468 :    #5393 0 800000ba 00004314  a3=0000025e ; c.lw    a3,0(a4) [f0040b28]
      5469 :    #5394 0 800000bc 0047a803  a6=000003bc ; lw      a6,4(a5) [f0041b2c]
      5470 :    #5395 0 800000c0 0000434c  a1=000003bc ; c.lw    a1,128(a4) [f0040ba8]
      5471 :    #5396 0 800000c2 00d61d63              ; bne     a2,a3,0x800000dc
      5472 :    #5397 0 800000c6 00000509  a0=00000074 ; c.addi  a0,2
      5473 :    #5398 0 800000c8 00b81763              ; bne     a6,a1,0x800000d6
      5474 :    #5399 0 800000cc 000007a1  a5=f0041b30 ; c.addi  a5,8
      5475 :    #5400 0 800000ce 00000721  a4=f0040b30 ; c.addi  a4,8
      5476 :    #5401 0 800000d0 ff1514e3              ; bne     a0,a7,0x800000b8
      5477 :    #5402 0 800000b8 00004390  a2=000003b4 ; c.lw    a2,0(a5) [f0041b30]
      5478 :    #5403 0 800000ba 00004314  a3=000003b4 ; c.lw    a3,0(a4) [f0040b30]
      5479 :    #5404 0 800000bc 0047a803  a6=00000371 ; lw      a6,4(a5) [f0041b34]
      5480 :    #5405 0 800000c0 0000434c  a1=00000371 ; c.lw    a1,128(a4) [f0040bb0]
      5481 :    #5406 0 800000c2 00d61d63              ; bne     a2,a3,0x800000dc
      5482 :    #5407 0 800000c6 00000509  a0=00000076 ; c.addi  a0,2
      5483 :    #5408 0 800000c8 00b81763              ; bne     a6,a1,0x800000d6
      5484 :    #5409 0 800000cc 000007a1  a5=f0041b38 ; c.addi  a5,8
      5485 :    #5410 0 800000ce 00000721  a4=f0040b38 ; c.addi  a4,8
      5486 :    #5411 0 800000d0 ff1514e3              ; bne     a0,a7,0x800000b8
      5487 :    #5412 0 800000b8 00004390  a2=00000288 ; c.lw    a2,0(a5) [f0041b38]
      5488 :    #5413 0 800000ba 00004314  a3=00000288 ; c.lw    a3,0(a4) [f0040b38]
      5489 :    #5414 0 800000bc 0047a803  a6=0000050c ; lw      a6,4(a5) [f0041b3c]
      5490 :    #5415 0 800000c0 0000434c  a1=0000050c ; c.lw    a1,128(a4) [f0040bb8]
      5491 :    #5416 0 800000c2 00d61d63              ; bne     a2,a3,0x800000dc
      5492 :    #5417 0 800000c6 00000509  a0=00000078 ; c.addi  a0,2
      5493 :    #5418 0 800000c8 00b81763              ; bne     a6,a1,0x800000d6
      5494 :    #5419 0 800000cc 000007a1  a5=f0041b40 ; c.addi  a5,8
      5495 :    #5420 0 800000ce 00000721  a4=f0040b40 ; c.addi  a4,8
      5496 :    #5421 0 800000d0 ff1514e3              ; bne     a0,a7,0x800000b8
      5497 :    #5422 0 800000b8 00004390  a2=0000030a ; c.lw    a2,0(a5) [f0041b40]
      5498 :    #5423 0 800000ba 00004314  a3=0000030a ; c.lw    a3,0(a4) [f0040b40]
      5499 :    #5424 0 800000bc 0047a803  a6=00000121 ; lw      a6,4(a5) [f0041b44]
      5500 :    #5425 0 800000c0 0000434c  a1=00000121 ; c.lw    a1,128(a4) [f0040bc0]
      5501 :    #5426 0 800000c2 00d61d63              ; bne     a2,a3,0x800000dc
      5502 :    #5427 0 800000c6 00000509  a0=0000007a ; c.addi  a0,2
      5503 :    #5428 0 800000c8 00b81763              ; bne     a6,a1,0x800000d6
      5504 :    #5429 0 800000cc 000007a1  a5=f0041b48 ; c.addi  a5,8
      5505 :    #5430 0 800000ce 00000721  a4=f0040b48 ; c.addi  a4,8
      5506 :    #5431 0 800000d0 ff1514e3              ; bne     a0,a7,0x800000b8
      5507 :    #5432 0 800000b8 00004390  a2=00000339 ; c.lw    a2,0(a5) [f0041b48]
      5508 :    #5433 0 800000ba 00004314  a3=00000339 ; c.lw    a3,0(a4) [f0040b48]
      5509 :    #5434 0 800000bc 0047a803  a6=00000475 ; lw      a6,4(a5) [f0041b4c]
      5510 :    #5435 0 800000c0 0000434c  a1=00000475 ; c.lw    a1,128(a4) [f0040bc8]
      5511 :    #5436 0 800000c2 00d61d63              ; bne     a2,a3,0x800000dc
      5512 :    #5437 0 800000c6 00000509  a0=0000007c ; c.addi  a0,2
      5513 :    #5438 0 800000c8 00b81763              ; bne     a6,a1,0x800000d6
      5514 :    #5439 0 800000cc 000007a1  a5=f0041b50 ; c.addi  a5,8
      5515 :    #5440 0 800000ce 00000721  a4=f0040b50 ; c.addi  a4,8
      5516 :    #5441 0 800000d0 ff1514e3              ; bne     a0,a7,0x800000b8
      5517 :    #5442 0 800000b8 00004390  a2=00000456 ; c.lw    a2,0(a5) [f0041b50]
      5518 :    #5443 0 800000ba 00004314  a3=00000456 ; c.lw    a3,0(a4) [f0040b50]
      5519 :    #5444 0 800000bc 0047a803  a6=000002d4 ; lw      a6,4(a5) [f0041b54]
      5520 :    #5445 0 800000c0 0000434c  a1=000002d4 ; c.lw    a1,128(a4) [f0040bd0]
      5521 :    #5446 0 800000c2 00d61d63              ; bne     a2,a3,0x800000dc
      5522 :    #5447 0 800000c6 00000509  a0=0000007e ; c.addi  a0,2
      5523 :    #5448 0 800000c8 00b81763              ; bne     a6,a1,0x800000d6
      5524 :    #5449 0 800000cc 000007a1  a5=f0041b58 ; c.addi  a5,8
      5525 :    #5450 0 800000ce 00000721  a4=f0040b58 ; c.addi  a4,8
      5526 :    #5451 0 800000d0 ff1514e3              ; bne     a0,a7,0x800000b8
      5527 :    #5452 0 800000b8 00004390  a2=000003da ; c.lw    a2,0(a5) [f0041b58]
      5528 :    #5453 0 800000ba 00004314  a3=000003da ; c.lw    a3,0(a4) [f0040b58]
      5529 :    #5454 0 800000bc 0047a803  a6=000002b9 ; lw      a6,4(a5) [f0041b5c]
      5530 :    #5455 0 800000c0 0000434c  a1=000002b9 ; c.lw    a1,128(a4) [f0040bd8]
      5531 :    #5456 0 800000c2 00d61d63              ; bne     a2,a3,0x800000dc
      5532 :    #5457 0 800000c6 00000509  a0=00000080 ; c.addi  a0,2
      5533 :    #5458 0 800000c8 00b81763              ; bne     a6,a1,0x800000d6
      5534 :    #5459 0 800000cc 000007a1  a5=f0041b60 ; c.addi  a5,8
      5535 :    #5460 0 800000ce 00000721  a4=f0040b60 ; c.addi  a4,8
      5536 :    #5461 0 800000d0 ff1514e3              ; bne     a0,a7,0x800000b8
      5537 :    #5462 0 800000b8 00004390  a2=0000075a ; c.lw    a2,0(a5) [f0041b60]
      5538 :    #5463 0 800000ba 00004314  a3=0000075a ; c.lw    a3,0(a4) [f0040b60]
      5539 :    #5464 0 800000bc 0047a803  a6=00000376 ; lw      a6,4(a5) [f0041b64]
      5540 :    #5465 0 800000c0 0000434c  a1=00000376 ; c.lw    a1,128(a4) [f0040be0]
      5541 :    #5466 0 800000c2 00d61d63              ; bne     a2,a3,0x800000dc
      5542 :    #5467 0 800000c6 00000509  a0=00000082 ; c.addi  a0,2
      5543 :    #5468 0 800000c8 00b81763              ; bne     a6,a1,0x800000d6
      5544 :    #5469 0 800000cc 000007a1  a5=f0041b68 ; c.addi  a5,8
      5545 :    #5470 0 800000ce 00000721  a4=f0040b68 ; c.addi  a4,8
      5546 :    #5471 0 800000d0 ff1514e3              ; bne     a0,a7,0x800000b8
      5547 :    #5472 0 800000b8 00004390  a2=000006ff ; c.lw    a2,0(a5) [f0041b68]
      5548 :    #5473 0 800000ba 00004314  a3=000006ff ; c.lw    a3,0(a4) [f0040b68]
      5549 :    #5474 0 800000bc 0047a803  a6=000006e9 ; lw      a6,4(a5) [f0041b6c]
      5550 :    #5475 0 800000c0 0000434c  a1=000006e9 ; c.lw    a1,128(a4) [f0040be8]
      5551 :    #5476 0 800000c2 00d61d63              ; bne     a2,a3,0x800000dc
      5552 :    #5477 0 800000c6 00000509  a0=00000084 ; c.addi  a0,2
      5553 :    #5478 0 800000c8 00b81763              ; bne     a6,a1,0x800000d6
      5554 :    #5479 0 800000cc 000007a1  a5=f0041b70 ; c.addi  a5,8
      5555 :    #5480 0 800000ce 00000721  a4=f0040b70 ; c.addi  a4,8
      5556 :    #5481 0 800000d0 ff1514e3              ; bne     a0,a7,0x800000b8
      5557 :    #5482 0 800000b8 00004390  a2=0000024f ; c.lw    a2,0(a5) [f0041b70]
      5558 :    #5483 0 800000ba 00004314  a3=0000024f ; c.lw    a3,0(a4) [f0040b70]
      5559 :    #5484 0 800000bc 0047a803  a6=00000616 ; lw      a6,4(a5) [f0041b74]
      5560 :    #5485 0 800000c0 0000434c  a1=00000616 ; c.lw    a1,128(a4) [f0040bf0]
      5561 :    #5486 0 800000c2 00d61d63              ; bne     a2,a3,0x800000dc
      5562 :    #5487 0 800000c6 00000509  a0=00000086 ; c.addi  a0,2
      5563 :    #5488 0 800000c8 00b81763              ; bne     a6,a1,0x800000d6
      5564 :    #5489 0 800000cc 000007a1  a5=f0041b78 ; c.addi  a5,8
      5565 :    #5490 0 800000ce 00000721  a4=f0040b78 ; c.addi  a4,8
      5566 :    #5491 0 800000d0 ff1514e3              ; bne     a0,a7,0x800000b8
      5567 :    #5492 0 800000b8 00004390  a2=00000674 ; c.lw    a2,0(a5) [f0041b78]
      5568 :    #5493 0 800000ba 00004314  a3=00000674 ; c.lw    a3,0(a4) [f0040b78]
      5569 :    #5494 0 800000bc 0047a803  a6=00000343 ; lw      a6,4(a5) [f0041b7c]
      5570 :    #5495 0 800000c0 0000434c  a1=00000343 ; c.lw    a1,128(a4) [f0040bf8]
      5571 :    #5496 0 800000c2 00d61d63              ; bne     a2,a3,0x800000dc
      5572 :    #5497 0 800000c6 00000509  a0=00000088 ; c.addi  a0,2
      5573 :    #5498 0 800000c8 00b81763              ; bne     a6,a1,0x800000d6
      5574 :    #5499 0 800000cc 000007a1  a5=f0041b80 ; c.addi  a5,8
      5575 :    #5500 0 800000ce 00000721  a4=f0040b80 ; c.addi  a4,8
      5576 :    #5501 0 800000d0 ff1514e3              ; bne     a0,a7,0x800000b8
      5577 :    #5502 0 800000b8 00004390  a2=000002ce ; c.lw    a2,0(a5) [f0041b80]
      5578 :    #5503 0 800000ba 00004314  a3=000002ce ; c.lw    a3,0(a4) [f0040b80]
      5579 :    #5504 0 800000bc 0047a803  a6=00000382 ; lw      a6,4(a5) [f0041b84]
      5580 :    #5505 0 800000c0 0000434c  a1=00000382 ; c.lw    a1,128(a4) [f0040c00]
      5581 :    #5506 0 800000c2 00d61d63              ; bne     a2,a3,0x800000dc
      5582 :    #5507 0 800000c6 00000509  a0=0000008a ; c.addi  a0,2
      5583 :    #5508 0 800000c8 00b81763              ; bne     a6,a1,0x800000d6
      5584 :    #5509 0 800000cc 000007a1  a5=f0041b88 ; c.addi  a5,8
      5585 :    #5510 0 800000ce 00000721  a4=f0040b88 ; c.addi  a4,8
      5586 :    #5511 0 800000d0 ff1514e3              ; bne     a0,a7,0x800000b8
      5587 :    #5512 0 800000b8 00004390  a2=00000297 ; c.lw    a2,0(a5) [f0041b88]
      5588 :    #5513 0 800000ba 00004314  a3=00000297 ; c.lw    a3,0(a4) [f0040b88]
      5589 :    #5514 0 800000bc 0047a803  a6=00000387 ; lw      a6,4(a5) [f0041b8c]
      5590 :    #5515 0 800000c0 0000434c  a1=00000387 ; c.lw    a1,128(a4) [f0040c08]
      5591 :    #5516 0 800000c2 00d61d63              ; bne     a2,a3,0x800000dc
      5592 :    #5517 0 800000c6 00000509  a0=0000008c ; c.addi  a0,2
      5593 :    #5518 0 800000c8 00b81763              ; bne     a6,a1,0x800000d6
      5594 :    #5519 0 800000cc 000007a1  a5=f0041b90 ; c.addi  a5,8
      5595 :    #5520 0 800000ce 00000721  a4=f0040b90 ; c.addi  a4,8
      5596 :    #5521 0 800000d0 ff1514e3              ; bne     a0,a7,0x800000b8
      5597 :    #5522 0 800000b8 00004390  a2=00000573 ; c.lw    a2,0(a5) [f0041b90]
      5598 :    #5523 0 800000ba 00004314  a3=00000573 ; c.lw    a3,0(a4) [f0040b90]
      5599 :    #5524 0 800000bc 0047a803  a6=00000206 ; lw      a6,4(a5) [f0041b94]
      5600 :    #5525 0 800000c0 0000434c  a1=00000206 ; c.lw    a1,128(a4) [f0040c10]
      5601 :    #5526 0 800000c2 00d61d63              ; bne     a2,a3,0x800000dc
      5602 :    #5527 0 800000c6 00000509  a0=0000008e ; c.addi  a0,2
      5603 :    #5528 0 800000c8 00b81763              ; bne     a6,a1,0x800000d6
      5604 :    #5529 0 800000cc 000007a1  a5=f0041b98 ; c.addi  a5,8
      5605 :    #5530 0 800000ce 00000721  a4=f0040b98 ; c.addi  a4,8
      5606 :    #5531 0 800000d0 ff1514e3              ; bne     a0,a7,0x800000b8
      5607 :    #5532 0 800000b8 00004390  a2=0000048a ; c.lw    a2,0(a5) [f0041b98]
      5608 :    #5533 0 800000ba 00004314  a3=0000048a ; c.lw    a3,0(a4) [f0040b98]
      5609 :    #5534 0 800000bc 0047a803  a6=000001b6 ; lw      a6,4(a5) [f0041b9c]
      5610 :    #5535 0 800000c0 0000434c  a1=000001b6 ; c.lw    a1,128(a4) [f0040c18]
      5611 :    #5536 0 800000c2 00d61d63              ; bne     a2,a3,0x800000dc
      5612 :    #5537 0 800000c6 00000509  a0=00000090 ; c.addi  a0,2
      5613 :    #5538 0 800000c8 00b81763              ; bne     a6,a1,0x800000d6
      5614 :    #5539 0 800000cc 000007a1  a5=f0041ba0 ; c.addi  a5,8
      5615 :    #5540 0 800000ce 00000721  a4=f0040ba0 ; c.addi  a4,8
      5616 :    #5541 0 800000d0 ff1514e3              ; bne     a0,a7,0x800000b8
      5617 :    #5542 0 800000b8 00004390  a2=0000018d ; c.lw    a2,0(a5) [f0041ba0]
      5618 :    #5543 0 800000ba 00004314  a3=0000018d ; c.lw    a3,0(a4) [f0040ba0]
      5619 :    #5544 0 800000bc 0047a803  a6=00000304 ; lw      a6,4(a5) [f0041ba4]
      5620 :    #5545 0 800000c0 0000434c  a1=00000304 ; c.lw    a1,128(a4) [f0040c20]
      5621 :    #5546 0 800000c2 00d61d63              ; bne     a2,a3,0x800000dc
      5622 :    #5547 0 800000c6 00000509  a0=00000092 ; c.addi  a0,2
      5623 :    #5548 0 800000c8 00b81763              ; bne     a6,a1,0x800000d6
      5624 :    #5549 0 800000cc 000007a1  a5=f0041ba8 ; c.addi  a5,8
      5625 :    #5550 0 800000ce 00000721  a4=f0040ba8 ; c.addi  a4,8
      5626 :    #5551 0 800000d0 ff1514e3              ; bne     a0,a7,0x800000b8
      5627 :    #5552 0 800000b8 00004390  a2=00000486 ; c.lw    a2,0(a5) [f0041ba8]
      5628 :    #5553 0 800000ba 00004314  a3=00000486 ; c.lw    a3,0(a4) [f0040ba8]
      5629 :    #5554 0 800000bc 0047a803  a6=0000020d ; lw      a6,4(a5) [f0041bac]
      5630 :    #5555 0 800000c0 0000434c  a1=0000020d ; c.lw    a1,128(a4) [f0040c28]
      5631 :    #5556 0 800000c2 00d61d63              ; bne     a2,a3,0x800000dc
      5632 :    #5557 0 800000c6 00000509  a0=00000094 ; c.addi  a0,2
      5633 :    #5558 0 800000c8 00b81763              ; bne     a6,a1,0x800000d6
      5634 :    #5559 0 800000cc 000007a1  a5=f0041bb0 ; c.addi  a5,8
      5635 :    #5560 0 800000ce 00000721  a4=f0040bb0 ; c.addi  a4,8
      5636 :    #5561 0 800000d0 ff1514e3              ; bne     a0,a7,0x800000b8
      5637 :    #5562 0 800000b8 00004390  a2=000004e2 ; c.lw    a2,0(a5) [f0041bb0]
      5638 :    #5563 0 800000ba 00004314  a3=000004e2 ; c.lw    a3,0(a4) [f0040bb0]
      5639 :    #5564 0 800000bc 0047a803  a6=000005f1 ; lw      a6,4(a5) [f0041bb4]
      5640 :    #5565 0 800000c0 0000434c  a1=000005f1 ; c.lw    a1,128(a4) [f0040c30]
      5641 :    #5566 0 800000c2 00d61d63              ; bne     a2,a3,0x800000dc
      5642 :    #5567 0 800000c6 00000509  a0=00000096 ; c.addi  a0,2
      5643 :    #5568 0 800000c8 00b81763              ; bne     a6,a1,0x800000d6
      5644 :    #5569 0 800000cc 000007a1  a5=f0041bb8 ; c.addi  a5,8
      5645 :    #5570 0 800000ce 00000721  a4=f0040bb8 ; c.addi  a4,8
      5646 :    #5571 0 800000d0 ff1514e3              ; bne     a0,a7,0x800000b8
      5647 :    #5572 0 800000b8 00004390  a2=0000046e ; c.lw    a2,0(a5) [f0041bb8]
      5648 :    #5573 0 800000ba 00004314  a3=0000046e ; c.lw    a3,0(a4) [f0040bb8]
      5649 :    #5574 0 800000bc 0047a803  a6=00000265 ; lw      a6,4(a5) [f0041bbc]
      5650 :    #5575 0 800000c0 0000434c  a1=00000265 ; c.lw    a1,128(a4) [f0040c38]
      5651 :    #5576 0 800000c2 00d61d63              ; bne     a2,a3,0x800000dc
      5652 :    #5577 0 800000c6 00000509  a0=00000098 ; c.addi  a0,2
      5653 :    #5578 0 800000c8 00b81763              ; bne     a6,a1,0x800000d6
      5654 :    #5579 0 800000cc 000007a1  a5=f0041bc0 ; c.addi  a5,8
      5655 :    #5580 0 800000ce 00000721  a4=f0040bc0 ; c.addi  a4,8
      5656 :    #5581 0 800000d0 ff1514e3              ; bne     a0,a7,0x800000b8
      5657 :    #5582 0 800000b8 00004390  a2=0000028a ; c.lw    a2,0(a5) [f0041bc0]
      5658 :    #5583 0 800000ba 00004314  a3=0000028a ; c.lw    a3,0(a4) [f0040bc0]
      5659 :    #5584 0 800000bc 0047a803  a6=00000247 ; lw      a6,4(a5) [f0041bc4]
      5660 :    #5585 0 800000c0 0000434c  a1=00000247 ; c.lw    a1,128(a4) [f0040c40]
      5661 :    #5586 0 800000c2 00d61d63              ; bne     a2,a3,0x800000dc
      5662 :    #5587 0 800000c6 00000509  a0=0000009a ; c.addi  a0,2
      5663 :    #5588 0 800000c8 00b81763              ; bne     a6,a1,0x800000d6
      5664 :    #5589 0 800000cc 000007a1  a5=f0041bc8 ; c.addi  a5,8
      5665 :    #5590 0 800000ce 00000721  a4=f0040bc8 ; c.addi  a4,8
      5666 :    #5591 0 800000d0 ff1514e3              ; bne     a0,a7,0x800000b8
      5667 :    #5592 0 800000b8 00004390  a2=000002d8 ; c.lw    a2,0(a5) [f0041bc8]
      5668 :    #5593 0 800000ba 00004314  a3=000002d8 ; c.lw    a3,0(a4) [f0040bc8]
      5669 :    #5594 0 800000bc 0047a803  a6=0000020c ; lw      a6,4(a5) [f0041bcc]
      5670 :    #5595 0 800000c0 0000434c  a1=0000020c ; c.lw    a1,128(a4) [f0040c48]
      5671 :    #5596 0 800000c2 00d61d63              ; bne     a2,a3,0x800000dc
      5672 :    #5597 0 800000c6 00000509  a0=0000009c ; c.addi  a0,2
      5673 :    #5598 0 800000c8 00b81763              ; bne     a6,a1,0x800000d6
      5674 :    #5599 0 800000cc 000007a1  a5=f0041bd0 ; c.addi  a5,8
      5675 :    #5600 0 800000ce 00000721  a4=f0040bd0 ; c.addi  a4,8
      5676 :    #5601 0 800000d0 ff1514e3              ; bne     a0,a7,0x800000b8
      5677 :    #5602 0 800000b8 00004390  a2=0000056f ; c.lw    a2,0(a5) [f0041bd0]
      5678 :    #5603 0 800000ba 00004314  a3=0000056f ; c.lw    a3,0(a4) [f0040bd0]
      5679 :    #5604 0 800000bc 0047a803  a6=000004fe ; lw      a6,4(a5) [f0041bd4]
      5680 :    #5605 0 800000c0 0000434c  a1=000004fe ; c.lw    a1,128(a4) [f0040c50]
      5681 :    #5606 0 800000c2 00d61d63              ; bne     a2,a3,0x800000dc
      5682 :    #5607 0 800000c6 00000509  a0=0000009e ; c.addi  a0,2
      5683 :    #5608 0 800000c8 00b81763              ; bne     a6,a1,0x800000d6
      5684 :    #5609 0 800000cc 000007a1  a5=f0041bd8 ; c.addi  a5,8
      5685 :    #5610 0 800000ce 00000721  a4=f0040bd8 ; c.addi  a4,8
      5686 :    #5611 0 800000d0 ff1514e3              ; bne     a0,a7,0x800000b8
      5687 :    #5612 0 800000b8 00004390  a2=000001c9 ; c.lw    a2,0(a5) [f0041bd8]
      5688 :    #5613 0 800000ba 00004314  a3=000001c9 ; c.lw    a3,0(a4) [f0040bd8]
      5689 :    #5614 0 800000bc 0047a803  a6=0000038b ; lw      a6,4(a5) [f0041bdc]
      5690 :    #5615 0 800000c0 0000434c  a1=0000038b ; c.lw    a1,128(a4) [f0040c58]
      5691 :    #5616 0 800000c2 00d61d63              ; bne     a2,a3,0x800000dc
      5692 :    #5617 0 800000c6 00000509  a0=000000a0 ; c.addi  a0,2
      5693 :    #5618 0 800000c8 00b81763              ; bne     a6,a1,0x800000d6
      5694 :    #5619 0 800000cc 000007a1  a5=f0041be0 ; c.addi  a5,8
      5695 :    #5620 0 800000ce 00000721  a4=f0040be0 ; c.addi  a4,8
      5696 :    #5621 0 800000d0 ff1514e3              ; bne     a0,a7,0x800000b8
      5697 :    #5622 0 800000b8 00004390  a2=0000034d ; c.lw    a2,0(a5) [f0041be0]
      5698 :    #5623 0 800000ba 00004314  a3=0000034d ; c.lw    a3,0(a4) [f0040be0]
      5699 :    #5624 0 800000bc 0047a803  a6=00000379 ; lw      a6,4(a5) [f0041be4]
      5700 :    #5625 0 800000c0 0000434c  a1=00000379 ; c.lw    a1,128(a4) [f0040c60]
      5701 :    #5626 0 800000c2 00d61d63              ; bne     a2,a3,0x800000dc
      5702 :    #5627 0 800000c6 00000509  a0=000000a2 ; c.addi  a0,2
      5703 :    #5628 0 800000c8 00b81763              ; bne     a6,a1,0x800000d6
      5704 :    #5629 0 800000cc 000007a1  a5=f0041be8 ; c.addi  a5,8
      5705 :    #5630 0 800000ce 00000721  a4=f0040be8 ; c.addi  a4,8
      5706 :    #5631 0 800000d0 ff1514e3              ; bne     a0,a7,0x800000b8
      5707 :    #5632 0 800000b8 00004390  a2=000003c5 ; c.lw    a2,0(a5) [f0041be8]
      5708 :    #5633 0 800000ba 00004314  a3=000003c5 ; c.lw    a3,0(a4) [f0040be8]
      5709 :    #5634 0 800000bc 0047a803  a6=00000428 ; lw      a6,4(a5) [f0041bec]
      5710 :    #5635 0 800000c0 0000434c  a1=00000428 ; c.lw    a1,128(a4) [f0040c68]
      5711 :    #5636 0 800000c2 00d61d63              ; bne     a2,a3,0x800000dc
      5712 :    #5637 0 800000c6 00000509  a0=000000a4 ; c.addi  a0,2
      5713 :    #5638 0 800000c8 00b81763              ; bne     a6,a1,0x800000d6
      5714 :    #5639 0 800000cc 000007a1  a5=f0041bf0 ; c.addi  a5,8
      5715 :    #5640 0 800000ce 00000721  a4=f0040bf0 ; c.addi  a4,8
      5716 :    #5641 0 800000d0 ff1514e3              ; bne     a0,a7,0x800000b8
      5717 :    #5642 0 800000b8 00004390  a2=0000056d ; c.lw    a2,0(a5) [f0041bf0]
      5718 :    #5643 0 800000ba 00004314  a3=0000056d ; c.lw    a3,0(a4) [f0040bf0]
      5719 :    #5644 0 800000bc 0047a803  a6=0000051b ; lw      a6,4(a5) [f0041bf4]
      5720 :    #5645 0 800000c0 0000434c  a1=0000051b ; c.lw    a1,128(a4) [f0040c70]
      5721 :    #5646 0 800000c2 00d61d63              ; bne     a2,a3,0x800000dc
      5722 :    #5647 0 800000c6 00000509  a0=000000a6 ; c.addi  a0,2
      5723 :    #5648 0 800000c8 00b81763              ; bne     a6,a1,0x800000d6
      5724 :    #5649 0 800000cc 000007a1  a5=f0041bf8 ; c.addi  a5,8
      5725 :    #5650 0 800000ce 00000721  a4=f0040bf8 ; c.addi  a4,8
      5726 :    #5651 0 800000d0 ff1514e3              ; bne     a0,a7,0x800000b8
      5727 :    #5652 0 800000b8 00004390  a2=00000174 ; c.lw    a2,0(a5) [f0041bf8]
      5728 :    #5653 0 800000ba 00004314  a3=00000174 ; c.lw    a3,0(a4) [f0040bf8]
      5729 :    #5654 0 800000bc 0047a803  a6=00000395 ; lw      a6,4(a5) [f0041bfc]
      5730 :    #5655 0 800000c0 0000434c  a1=00000395 ; c.lw    a1,128(a4) [f0040c78]
      5731 :    #5656 0 800000c2 00d61d63              ; bne     a2,a3,0x800000dc
      5732 :    #5657 0 800000c6 00000509  a0=000000a8 ; c.addi  a0,2
      5733 :    #5658 0 800000c8 00b81763              ; bne     a6,a1,0x800000d6
      5734 :    #5659 0 800000cc 000007a1  a5=f0041c00 ; c.addi  a5,8
      5735 :    #5660 0 800000ce 00000721  a4=f0040c00 ; c.addi  a4,8
      5736 :    #5661 0 800000d0 ff1514e3              ; bne     a0,a7,0x800000b8
      5737 :    #5662 0 800000b8 00004390  a2=00000567 ; c.lw    a2,0(a5) [f0041c00]
      5738 :    #5663 0 800000ba 00004314  a3=00000567 ; c.lw    a3,0(a4) [f0040c00]
      5739 :    #5664 0 800000bc 0047a803  a6=000003c9 ; lw      a6,4(a5) [f0041c04]
      5740 :    #5665 0 800000c0 0000434c  a1=000003c9 ; c.lw    a1,128(a4) [f0040c80]
      5741 :    #5666 0 800000c2 00d61d63              ; bne     a2,a3,0x800000dc
      5742 :    #5667 0 800000c6 00000509  a0=000000aa ; c.addi  a0,2
      5743 :    #5668 0 800000c8 00b81763              ; bne     a6,a1,0x800000d6
      5744 :    #5669 0 800000cc 000007a1  a5=f0041c08 ; c.addi  a5,8
      5745 :    #5670 0 800000ce 00000721  a4=f0040c08 ; c.addi  a4,8
      5746 :    #5671 0 800000d0 ff1514e3              ; bne     a0,a7,0x800000b8
      5747 :    #5672 0 800000b8 00004390  a2=000003c1 ; c.lw    a2,0(a5) [f0041c08]
      5748 :    #5673 0 800000ba 00004314  a3=000003c1 ; c.lw    a3,0(a4) [f0040c08]
      5749 :    #5674 0 800000bc 0047a803  a6=00000407 ; lw      a6,4(a5) [f0041c0c]
      5750 :    #5675 0 800000c0 0000434c  a1=00000407 ; c.lw    a1,128(a4) [f0040c88]
      5751 :    #5676 0 800000c2 00d61d63              ; bne     a2,a3,0x800000dc
      5752 :    #5677 0 800000c6 00000509  a0=000000ac ; c.addi  a0,2
      5753 :    #5678 0 800000c8 00b81763              ; bne     a6,a1,0x800000d6
      5754 :    #5679 0 800000cc 000007a1  a5=f0041c10 ; c.addi  a5,8
      5755 :    #5680 0 800000ce 00000721  a4=f0040c10 ; c.addi  a4,8
      5756 :    #5681 0 800000d0 ff1514e3              ; bne     a0,a7,0x800000b8
      5757 :    #5682 0 800000b8 00004390  a2=00000433 ; c.lw    a2,0(a5) [f0041c10]
      5758 :    #5683 0 800000ba 00004314  a3=00000433 ; c.lw    a3,0(a4) [f0040c10]
      5759 :    #5684 0 800000bc 0047a803  a6=00000430 ; lw      a6,4(a5) [f0041c14]
      5760 :    #5685 0 800000c0 0000434c  a1=00000430 ; c.lw    a1,128(a4) [f0040c90]
      5761 :    #5686 0 800000c2 00d61d63              ; bne     a2,a3,0x800000dc
      5762 :    #5687 0 800000c6 00000509  a0=000000ae ; c.addi  a0,2
      5763 :    #5688 0 800000c8 00b81763              ; bne     a6,a1,0x800000d6
      5764 :    #5689 0 800000cc 000007a1  a5=f0041c18 ; c.addi  a5,8
      5765 :    #5690 0 800000ce 00000721  a4=f0040c18 ; c.addi  a4,8
      5766 :    #5691 0 800000d0 ff1514e3              ; bne     a0,a7,0x800000b8
      5767 :    #5692 0 800000b8 00004390  a2=00000391 ; c.lw    a2,0(a5) [f0041c18]
      5768 :    #5693 0 800000ba 00004314  a3=00000391 ; c.lw    a3,0(a4) [f0040c18]
      5769 :    #5694 0 800000bc 0047a803  a6=00000346 ; lw      a6,4(a5) [f0041c1c]
      5770 :    #5695 0 800000c0 0000434c  a1=00000346 ; c.lw    a1,128(a4) [f0040c98]
      5771 :    #5696 0 800000c2 00d61d63              ; bne     a2,a3,0x800000dc
      5772 :    #5697 0 800000c6 00000509  a0=000000b0 ; c.addi  a0,2
      5773 :    #5698 0 800000c8 00b81763              ; bne     a6,a1,0x800000d6
      5774 :    #5699 0 800000cc 000007a1  a5=f0041c20 ; c.addi  a5,8
      5775 :    #5700 0 800000ce 00000721  a4=f0040c20 ; c.addi  a4,8
      5776 :    #5701 0 800000d0 ff1514e3              ; bne     a0,a7,0x800000b8
      5777 :    #5702 0 800000b8 00004390  a2=0000013a ; c.lw    a2,0(a5) [f0041c20]
      5778 :    #5703 0 800000ba 00004314  a3=0000013a ; c.lw    a3,0(a4) [f0040c20]
      5779 :    #5704 0 800000bc 0047a803  a6=000004a7 ; lw      a6,4(a5) [f0041c24]
      5780 :    #5705 0 800000c0 0000434c  a1=000004a7 ; c.lw    a1,128(a4) [f0040ca0]
      5781 :    #5706 0 800000c2 00d61d63              ; bne     a2,a3,0x800000dc
      5782 :    #5707 0 800000c6 00000509  a0=000000b2 ; c.addi  a0,2
      5783 :    #5708 0 800000c8 00b81763              ; bne     a6,a1,0x800000d6
      5784 :    #5709 0 800000cc 000007a1  a5=f0041c28 ; c.addi  a5,8
      5785 :    #5710 0 800000ce 00000721  a4=f0040c28 ; c.addi  a4,8
      5786 :    #5711 0 800000d0 ff1514e3              ; bne     a0,a7,0x800000b8
      5787 :    #5712 0 800000b8 00004390  a2=00000347 ; c.lw    a2,0(a5) [f0041c28]
      5788 :    #5713 0 800000ba 00004314  a3=00000347 ; c.lw    a3,0(a4) [f0040c28]
      5789 :    #5714 0 800000bc 0047a803  a6=0000067e ; lw      a6,4(a5) [f0041c2c]
      5790 :    #5715 0 800000c0 0000434c  a1=0000067e ; c.lw    a1,128(a4) [f0040ca8]
      5791 :    #5716 0 800000c2 00d61d63              ; bne     a2,a3,0x800000dc
      5792 :    #5717 0 800000c6 00000509  a0=000000b4 ; c.addi  a0,2
      5793 :    #5718 0 800000c8 00b81763              ; bne     a6,a1,0x800000d6
      5794 :    #5719 0 800000cc 000007a1  a5=f0041c30 ; c.addi  a5,8
      5795 :    #5720 0 800000ce 00000721  a4=f0040c30 ; c.addi  a4,8
      5796 :    #5721 0 800000d0 ff1514e3              ; bne     a0,a7,0x800000b8
      5797 :    #5722 0 800000b8 00004390  a2=000004a0 ; c.lw    a2,0(a5) [f0041c30]
      5798 :    #5723 0 800000ba 00004314  a3=000004a0 ; c.lw    a3,0(a4) [f0040c30]
      5799 :    #5724 0 800000bc 0047a803  a6=00000696 ; lw      a6,4(a5) [f0041c34]
      5800 :    #5725 0 800000c0 0000434c  a1=00000696 ; c.lw    a1,128(a4) [f0040cb0]
      5801 :    #5726 0 800000c2 00d61d63              ; bne     a2,a3,0x800000dc
      5802 :    #5727 0 800000c6 00000509  a0=000000b6 ; c.addi  a0,2
      5803 :    #5728 0 800000c8 00b81763              ; bne     a6,a1,0x800000d6
      5804 :    #5729 0 800000cc 000007a1  a5=f0041c38 ; c.addi  a5,8
      5805 :    #5730 0 800000ce 00000721  a4=f0040c38 ; c.addi  a4,8
      5806 :    #5731 0 800000d0 ff1514e3              ; bne     a0,a7,0x800000b8
      5807 :    #5732 0 800000b8 00004390  a2=000002bc ; c.lw    a2,0(a5) [f0041c38]
      5808 :    #5733 0 800000ba 00004314  a3=000002bc ; c.lw    a3,0(a4) [f0040c38]
      5809 :    #5734 0 800000bc 0047a803  a6=00000739 ; lw      a6,4(a5) [f0041c3c]
      5810 :    #5735 0 800000c0 0000434c  a1=00000739 ; c.lw    a1,128(a4) [f0040cb8]
      5811 :    #5736 0 800000c2 00d61d63              ; bne     a2,a3,0x800000dc
      5812 :    #5737 0 800000c6 00000509  a0=000000b8 ; c.addi  a0,2
      5813 :    #5738 0 800000c8 00b81763              ; bne     a6,a1,0x800000d6
      5814 :    #5739 0 800000cc 000007a1  a5=f0041c40 ; c.addi  a5,8
      5815 :    #5740 0 800000ce 00000721  a4=f0040c40 ; c.addi  a4,8
      5816 :    #5741 0 800000d0 ff1514e3              ; bne     a0,a7,0x800000b8
      5817 :    #5742 0 800000b8 00004390  a2=000005e5 ; c.lw    a2,0(a5) [f0041c40]
      5818 :    #5743 0 800000ba 00004314  a3=000005e5 ; c.lw    a3,0(a4) [f0040c40]
      5819 :    #5744 0 800000bc 0047a803  a6=00000342 ; lw      a6,4(a5) [f0041c44]
      5820 :    #5745 0 800000c0 0000434c  a1=00000342 ; c.lw    a1,128(a4) [f0040cc0]
      5821 :    #5746 0 800000c2 00d61d63              ; bne     a2,a3,0x800000dc
      5822 :    #5747 0 800000c6 00000509  a0=000000ba ; c.addi  a0,2
      5823 :    #5748 0 800000c8 00b81763              ; bne     a6,a1,0x800000d6
      5824 :    #5749 0 800000cc 000007a1  a5=f0041c48 ; c.addi  a5,8
      5825 :    #5750 0 800000ce 00000721  a4=f0040c48 ; c.addi  a4,8
      5826 :    #5751 0 800000d0 ff1514e3              ; bne     a0,a7,0x800000b8
      5827 :    #5752 0 800000b8 00004390  a2=00000097 ; c.lw    a2,0(a5) [f0041c48]
      5828 :    #5753 0 800000ba 00004314  a3=00000097 ; c.lw    a3,0(a4) [f0040c48]
      5829 :    #5754 0 800000bc 0047a803  a6=0000040e ; lw      a6,4(a5) [f0041c4c]
      5830 :    #5755 0 800000c0 0000434c  a1=0000040e ; c.lw    a1,128(a4) [f0040cc8]
      5831 :    #5756 0 800000c2 00d61d63              ; bne     a2,a3,0x800000dc
      5832 :    #5757 0 800000c6 00000509  a0=000000bc ; c.addi  a0,2
      5833 :    #5758 0 800000c8 00b81763              ; bne     a6,a1,0x800000d6
      5834 :    #5759 0 800000cc 000007a1  a5=f0041c50 ; c.addi  a5,8
      5835 :    #5760 0 800000ce 00000721  a4=f0040c50 ; c.addi  a4,8
      5836 :    #5761 0 800000d0 ff1514e3              ; bne     a0,a7,0x800000b8
      5837 :    #5762 0 800000b8 00004390  a2=00000304 ; c.lw    a2,0(a5) [f0041c50]
      5838 :    #5763 0 800000ba 00004314  a3=00000304 ; c.lw    a3,0(a4) [f0040c50]
      5839 :    #5764 0 800000bc 0047a803  a6=000000ff ; lw      a6,4(a5) [f0041c54]
      5840 :    #5765 0 800000c0 0000434c  a1=000000ff ; c.lw    a1,128(a4) [f0040cd0]
      5841 :    #5766 0 800000c2 00d61d63              ; bne     a2,a3,0x800000dc
      5842 :    #5767 0 800000c6 00000509  a0=000000be ; c.addi  a0,2
      5843 :    #5768 0 800000c8 00b81763              ; bne     a6,a1,0x800000d6
      5844 :    #5769 0 800000cc 000007a1  a5=f0041c58 ; c.addi  a5,8
      5845 :    #5770 0 800000ce 00000721  a4=f0040c58 ; c.addi  a4,8
      5846 :    #5771 0 800000d0 ff1514e3              ; bne     a0,a7,0x800000b8
      5847 :    #5772 0 800000b8 00004390  a2=000001f6 ; c.lw    a2,0(a5) [f0041c58]
      5848 :    #5773 0 800000ba 00004314  a3=000001f6 ; c.lw    a3,0(a4) [f0040c58]
      5849 :    #5774 0 800000bc 0047a803  a6=000002ed ; lw      a6,4(a5) [f0041c5c]
      5850 :    #5775 0 800000c0 0000434c  a1=000002ed ; c.lw    a1,128(a4) [f0040cd8]
      5851 :    #5776 0 800000c2 00d61d63              ; bne     a2,a3,0x800000dc
      5852 :    #5777 0 800000c6 00000509  a0=000000c0 ; c.addi  a0,2
      5853 :    #5778 0 800000c8 00b81763              ; bne     a6,a1,0x800000d6
      5854 :    #5779 0 800000cc 000007a1  a5=f0041c60 ; c.addi  a5,8
      5855 :    #5780 0 800000ce 00000721  a4=f0040c60 ; c.addi  a4,8
      5856 :    #5781 0 800000d0 ff1514e3              ; bne     a0,a7,0x800000b8
      5857 :    #5782 0 800000b8 00004390  a2=000004d5 ; c.lw    a2,0(a5) [f0041c60]
      5858 :    #5783 0 800000ba 00004314  a3=000004d5 ; c.lw    a3,0(a4) [f0040c60]
      5859 :    #5784 0 800000bc 0047a803  a6=00000434 ; lw      a6,4(a5) [f0041c64]
      5860 :    #5785 0 800000c0 0000434c  a1=00000434 ; c.lw    a1,128(a4) [f0040ce0]
      5861 :    #5786 0 800000c2 00d61d63              ; bne     a2,a3,0x800000dc
      5862 :    #5787 0 800000c6 00000509  a0=000000c2 ; c.addi  a0,2
      5863 :    #5788 0 800000c8 00b81763              ; bne     a6,a1,0x800000d6
      5864 :    #5789 0 800000cc 000007a1  a5=f0041c68 ; c.addi  a5,8
      5865 :    #5790 0 800000ce 00000721  a4=f0040c68 ; c.addi  a4,8
      5866 :    #5791 0 800000d0 ff1514e3              ; bne     a0,a7,0x800000b8
      5867 :    #5792 0 800000b8 00004390  a2=00000170 ; c.lw    a2,0(a5) [f0041c68]
      5868 :    #5793 0 800000ba 00004314  a3=00000170 ; c.lw    a3,0(a4) [f0040c68]
      5869 :    #5794 0 800000bc 0047a803  a6=0000023b ; lw      a6,4(a5) [f0041c6c]
      5870 :    #5795 0 800000c0 0000434c  a1=0000023b ; c.lw    a1,128(a4) [f0040ce8]
      5871 :    #5796 0 800000c2 00d61d63              ; bne     a2,a3,0x800000dc
      5872 :    #5797 0 800000c6 00000509  a0=000000c4 ; c.addi  a0,2
      5873 :    #5798 0 800000c8 00b81763              ; bne     a6,a1,0x800000d6
      5874 :    #5799 0 800000cc 000007a1  a5=f0041c70 ; c.addi  a5,8
      5875 :    #5800 0 800000ce 00000721  a4=f0040c70 ; c.addi  a4,8
      5876 :    #5801 0 800000d0 ff1514e3              ; bne     a0,a7,0x800000b8
      5877 :    #5802 0 800000b8 00004390  a2=000003fb ; c.lw    a2,0(a5) [f0041c70]
      5878 :    #5803 0 800000ba 00004314  a3=000003fb ; c.lw    a3,0(a4) [f0040c70]
      5879 :    #5804 0 800000bc 0047a803  a6=00000164 ; lw      a6,4(a5) [f0041c74]
      5880 :    #5805 0 800000c0 0000434c  a1=00000164 ; c.lw    a1,128(a4) [f0040cf0]
      5881 :    #5806 0 800000c2 00d61d63              ; bne     a2,a3,0x800000dc
      5882 :    #5807 0 800000c6 00000509  a0=000000c6 ; c.addi  a0,2
      5883 :    #5808 0 800000c8 00b81763              ; bne     a6,a1,0x800000d6
      5884 :    #5809 0 800000cc 000007a1  a5=f0041c78 ; c.addi  a5,8
      5885 :    #5810 0 800000ce 00000721  a4=f0040c78 ; c.addi  a4,8
      5886 :    #5811 0 800000d0 ff1514e3              ; bne     a0,a7,0x800000b8
      5887 :    #5812 0 800000b8 00004390  a2=00000628 ; c.lw    a2,0(a5) [f0041c78]
      5888 :    #5813 0 800000ba 00004314  a3=00000628 ; c.lw    a3,0(a4) [f0040c78]
      5889 :    #5814 0 800000bc 0047a803  a6=000002c0 ; lw      a6,4(a5) [f0041c7c]
      5890 :    #5815 0 800000c0 0000434c  a1=000002c0 ; c.lw    a1,128(a4) [f0040cf8]
      5891 :    #5816 0 800000c2 00d61d63              ; bne     a2,a3,0x800000dc
      5892 :    #5817 0 800000c6 00000509  a0=000000c8 ; c.addi  a0,2
      5893 :    #5818 0 800000c8 00b81763              ; bne     a6,a1,0x800000d6
      5894 :    #5819 0 800000cc 000007a1  a5=f0041c80 ; c.addi  a5,8
      5895 :    #5820 0 800000ce 00000721  a4=f0040c80 ; c.addi  a4,8
      5896 :    #5821 0 800000d0 ff1514e3              ; bne     a0,a7,0x800000b8
      5897 :    #5822 0 800000b8 00004390  a2=000005ae ; c.lw    a2,0(a5) [f0041c80]
      5898 :    #5823 0 800000ba 00004314  a3=000005ae ; c.lw    a3,0(a4) [f0040c80]
      5899 :    #5824 0 800000bc 0047a803  a6=000005c0 ; lw      a6,4(a5) [f0041c84]
      5900 :    #5825 0 800000c0 0000434c  a1=000005c0 ; c.lw    a1,128(a4) [f0040d00]
      5901 :    #5826 0 800000c2 00d61d63              ; bne     a2,a3,0x800000dc
      5902 :    #5827 0 800000c6 00000509  a0=000000ca ; c.addi  a0,2
      5903 :    #5828 0 800000c8 00b81763              ; bne     a6,a1,0x800000d6
      5904 :    #5829 0 800000cc 000007a1  a5=f0041c88 ; c.addi  a5,8
      5905 :    #5830 0 800000ce 00000721  a4=f0040c88 ; c.addi  a4,8
      5906 :    #5831 0 800000d0 ff1514e3              ; bne     a0,a7,0x800000b8
      5907 :    #5832 0 800000b8 00004390  a2=00000490 ; c.lw    a2,0(a5) [f0041c88]
      5908 :    #5833 0 800000ba 00004314  a3=00000490 ; c.lw    a3,0(a4) [f0040c88]
      5909 :    #5834 0 800000bc 0047a803  a6=00000470 ; lw      a6,4(a5) [f0041c8c]
      5910 :    #5835 0 800000c0 0000434c  a1=00000470 ; c.lw    a1,128(a4) [f0040d08]
      5911 :    #5836 0 800000c2 00d61d63              ; bne     a2,a3,0x800000dc
      5912 :    #5837 0 800000c6 00000509  a0=000000cc ; c.addi  a0,2
      5913 :    #5838 0 800000c8 00b81763              ; bne     a6,a1,0x800000d6
      5914 :    #5839 0 800000cc 000007a1  a5=f0041c90 ; c.addi  a5,8
      5915 :    #5840 0 800000ce 00000721  a4=f0040c90 ; c.addi  a4,8
      5916 :    #5841 0 800000d0 ff1514e3              ; bne     a0,a7,0x800000b8
      5917 :    #5842 0 800000b8 00004390  a2=000005c6 ; c.lw    a2,0(a5) [f0041c90]
      5918 :    #5843 0 800000ba 00004314  a3=000005c6 ; c.lw    a3,0(a4) [f0040c90]
      5919 :    #5844 0 800000bc 0047a803  a6=000002b7 ; lw      a6,4(a5) [f0041c94]
      5920 :    #5845 0 800000c0 0000434c  a1=000002b7 ; c.lw    a1,128(a4) [f0040d10]
      5921 :    #5846 0 800000c2 00d61d63              ; bne     a2,a3,0x800000dc
      5922 :    #5847 0 800000c6 00000509  a0=000000ce ; c.addi  a0,2
      5923 :    #5848 0 800000c8 00b81763              ; bne     a6,a1,0x800000d6
      5924 :    #5849 0 800000cc 000007a1  a5=f0041c98 ; c.addi  a5,8
      5925 :    #5850 0 800000ce 00000721  a4=f0040c98 ; c.addi  a4,8
      5926 :    #5851 0 800000d0 ff1514e3              ; bne     a0,a7,0x800000b8
      5927 :    #5852 0 800000b8 00004390  a2=000000d1 ; c.lw    a2,0(a5) [f0041c98]
      5928 :    #5853 0 800000ba 00004314  a3=000000d1 ; c.lw    a3,0(a4) [f0040c98]
      5929 :    #5854 0 800000bc 0047a803  a6=0000022c ; lw      a6,4(a5) [f0041c9c]
      5930 :    #5855 0 800000c0 0000434c  a1=0000022c ; c.lw    a1,128(a4) [f0040d18]
      5931 :    #5856 0 800000c2 00d61d63              ; bne     a2,a3,0x800000dc
      5932 :    #5857 0 800000c6 00000509  a0=000000d0 ; c.addi  a0,2
      5933 :    #5858 0 800000c8 00b81763              ; bne     a6,a1,0x800000d6
      5934 :    #5859 0 800000cc 000007a1  a5=f0041ca0 ; c.addi  a5,8
      5935 :    #5860 0 800000ce 00000721  a4=f0040ca0 ; c.addi  a4,8
      5936 :    #5861 0 800000d0 ff1514e3              ; bne     a0,a7,0x800000b8
      5937 :    #5862 0 800000b8 00004390  a2=000002a0 ; c.lw    a2,0(a5) [f0041ca0]
      5938 :    #5863 0 800000ba 00004314  a3=000002a0 ; c.lw    a3,0(a4) [f0040ca0]
      5939 :    #5864 0 800000bc 0047a803  a6=0000029e ; lw      a6,4(a5) [f0041ca4]
      5940 :    #5865 0 800000c0 0000434c  a1=0000029e ; c.lw    a1,128(a4) [f0040d20]
      5941 :    #5866 0 800000c2 00d61d63              ; bne     a2,a3,0x800000dc
      5942 :    #5867 0 800000c6 00000509  a0=000000d2 ; c.addi  a0,2
      5943 :    #5868 0 800000c8 00b81763              ; bne     a6,a1,0x800000d6
      5944 :    #5869 0 800000cc 000007a1  a5=f0041ca8 ; c.addi  a5,8
      5945 :    #5870 0 800000ce 00000721  a4=f0040ca8 ; c.addi  a4,8
      5946 :    #5871 0 800000d0 ff1514e3              ; bne     a0,a7,0x800000b8
      5947 :    #5872 0 800000b8 00004390  a2=000006bf ; c.lw    a2,0(a5) [f0041ca8]
      5948 :    #5873 0 800000ba 00004314  a3=000006bf ; c.lw    a3,0(a4) [f0040ca8]
      5949 :    #5874 0 800000bc 0047a803  a6=000003f7 ; lw      a6,4(a5) [f0041cac]
      5950 :    #5875 0 800000c0 0000434c  a1=000003f7 ; c.lw    a1,128(a4) [f0040d28]
      5951 :    #5876 0 800000c2 00d61d63              ; bne     a2,a3,0x800000dc
      5952 :    #5877 0 800000c6 00000509  a0=000000d4 ; c.addi  a0,2
      5953 :    #5878 0 800000c8 00b81763              ; bne     a6,a1,0x800000d6
      5954 :    #5879 0 800000cc 000007a1  a5=f0041cb0 ; c.addi  a5,8
      5955 :    #5880 0 800000ce 00000721  a4=f0040cb0 ; c.addi  a4,8
      5956 :    #5881 0 800000d0 ff1514e3              ; bne     a0,a7,0x800000b8
      5957 :    #5882 0 800000b8 00004390  a2=00000569 ; c.lw    a2,0(a5) [f0041cb0]
      5958 :    #5883 0 800000ba 00004314  a3=00000569 ; c.lw    a3,0(a4) [f0040cb0]
      5959 :    #5884 0 800000bc 0047a803  a6=000001c6 ; lw      a6,4(a5) [f0041cb4]
      5960 :    #5885 0 800000c0 0000434c  a1=000001c6 ; c.lw    a1,128(a4) [f0040d30]
      5961 :    #5886 0 800000c2 00d61d63              ; bne     a2,a3,0x800000dc
      5962 :    #5887 0 800000c6 00000509  a0=000000d6 ; c.addi  a0,2
      5963 :    #5888 0 800000c8 00b81763              ; bne     a6,a1,0x800000d6
      5964 :    #5889 0 800000cc 000007a1  a5=f0041cb8 ; c.addi  a5,8
      5965 :    #5890 0 800000ce 00000721  a4=f0040cb8 ; c.addi  a4,8
      5966 :    #5891 0 800000d0 ff1514e3              ; bne     a0,a7,0x800000b8
      5967 :    #5892 0 800000b8 00004390  a2=000001b0 ; c.lw    a2,0(a5) [f0041cb8]
      5968 :    #5893 0 800000ba 00004314  a3=000001b0 ; c.lw    a3,0(a4) [f0040cb8]
      5969 :    #5894 0 800000bc 0047a803  a6=00000224 ; lw      a6,4(a5) [f0041cbc]
      5970 :    #5895 0 800000c0 0000434c  a1=00000224 ; c.lw    a1,128(a4) [f0040d38]
      5971 :    #5896 0 800000c2 00d61d63              ; bne     a2,a3,0x800000dc
      5972 :    #5897 0 800000c6 00000509  a0=000000d8 ; c.addi  a0,2
      5973 :    #5898 0 800000c8 00b81763              ; bne     a6,a1,0x800000d6
      5974 :    #5899 0 800000cc 000007a1  a5=f0041cc0 ; c.addi  a5,8
      5975 :    #5900 0 800000ce 00000721  a4=f0040cc0 ; c.addi  a4,8
      5976 :    #5901 0 800000d0 ff1514e3              ; bne     a0,a7,0x800000b8
      5977 :    #5902 0 800000b8 00004390  a2=000006ab ; c.lw    a2,0(a5) [f0041cc0]
      5978 :    #5903 0 800000ba 00004314  a3=000006ab ; c.lw    a3,0(a4) [f0040cc0]
      5979 :    #5904 0 800000bc 0047a803  a6=00000280 ; lw      a6,4(a5) [f0041cc4]
      5980 :    #5905 0 800000c0 0000434c  a1=00000280 ; c.lw    a1,128(a4) [f0040d40]
      5981 :    #5906 0 800000c2 00d61d63              ; bne     a2,a3,0x800000dc
      5982 :    #5907 0 800000c6 00000509  a0=000000da ; c.addi  a0,2
      5983 :    #5908 0 800000c8 00b81763              ; bne     a6,a1,0x800000d6
      5984 :    #5909 0 800000cc 000007a1  a5=f0041cc8 ; c.addi  a5,8
      5985 :    #5910 0 800000ce 00000721  a4=f0040cc8 ; c.addi  a4,8
      5986 :    #5911 0 800000d0 ff1514e3              ; bne     a0,a7,0x800000b8
      5987 :    #5912 0 800000b8 00004390  a2=000002dd ; c.lw    a2,0(a5) [f0041cc8]
      5988 :    #5913 0 800000ba 00004314  a3=000002dd ; c.lw    a3,0(a4) [f0040cc8]
      5989 :    #5914 0 800000bc 0047a803  a6=000004e9 ; lw      a6,4(a5) [f0041ccc]
      5990 :    #5915 0 800000c0 0000434c  a1=000004e9 ; c.lw    a1,128(a4) [f0040d48]
      5991 :    #5916 0 800000c2 00d61d63              ; bne     a2,a3,0x800000dc
      5992 :    #5917 0 800000c6 00000509  a0=000000dc ; c.addi  a0,2
      5993 :    #5918 0 800000c8 00b81763              ; bne     a6,a1,0x800000d6
      5994 :    #5919 0 800000cc 000007a1  a5=f0041cd0 ; c.addi  a5,8
      5995 :    #5920 0 800000ce 00000721  a4=f0040cd0 ; c.addi  a4,8
      5996 :    #5921 0 800000d0 ff1514e3              ; bne     a0,a7,0x800000b8
      5997 :    #5922 0 800000b8 00004390  a2=0000043c ; c.lw    a2,0(a5) [f0041cd0]
      5998 :    #5923 0 800000ba 00004314  a3=0000043c ; c.lw    a3,0(a4) [f0040cd0]
      5999 :    #5924 0 800000bc 0047a803  a6=00000543 ; lw      a6,4(a5) [f0041cd4]
      6000 :    #5925 0 800000c0 0000434c  a1=00000543 ; c.lw    a1,128(a4) [f0040d50]
      6001 :    #5926 0 800000c2 00d61d63              ; bne     a2,a3,0x800000dc
      6002 :    #5927 0 800000c6 00000509  a0=000000de ; c.addi  a0,2
      6003 :    #5928 0 800000c8 00b81763              ; bne     a6,a1,0x800000d6
      6004 :    #5929 0 800000cc 000007a1  a5=f0041cd8 ; c.addi  a5,8
      6005 :    #5930 0 800000ce 00000721  a4=f0040cd8 ; c.addi  a4,8
      6006 :    #5931 0 800000d0 ff1514e3              ; bne     a0,a7,0x800000b8
      6007 :    #5932 0 800000b8 00004390  a2=0000056d ; c.lw    a2,0(a5) [f0041cd8]
      6008 :    #5933 0 800000ba 00004314  a3=0000056d ; c.lw    a3,0(a4) [f0040cd8]
      6009 :    #5934 0 800000bc 0047a803  a6=00000377 ; lw      a6,4(a5) [f0041cdc]
      6010 :    #5935 0 800000c0 0000434c  a1=00000377 ; c.lw    a1,128(a4) [f0040d58]
      6011 :    #5936 0 800000c2 00d61d63              ; bne     a2,a3,0x800000dc
      6012 :    #5937 0 800000c6 00000509  a0=000000e0 ; c.addi  a0,2
      6013 :    #5938 0 800000c8 00b81763              ; bne     a6,a1,0x800000d6
      6014 :    #5939 0 800000cc 000007a1  a5=f0041ce0 ; c.addi  a5,8
      6015 :    #5940 0 800000ce 00000721  a4=f0040ce0 ; c.addi  a4,8
      6016 :    #5941 0 800000d0 ff1514e3              ; bne     a0,a7,0x800000b8
      6017 :    #5942 0 800000b8 00004390  a2=000004b3 ; c.lw    a2,0(a5) [f0041ce0]
      6018 :    #5943 0 800000ba 00004314  a3=000004b3 ; c.lw    a3,0(a4) [f0040ce0]
      6019 :    #5944 0 800000bc 0047a803  a6=000004ad ; lw      a6,4(a5) [f0041ce4]
      6020 :    #5945 0 800000c0 0000434c  a1=000004ad ; c.lw    a1,128(a4) [f0040d60]
      6021 :    #5946 0 800000c2 00d61d63              ; bne     a2,a3,0x800000dc
      6022 :    #5947 0 800000c6 00000509  a0=000000e2 ; c.addi  a0,2
      6023 :    #5948 0 800000c8 00b81763              ; bne     a6,a1,0x800000d6
      6024 :    #5949 0 800000cc 000007a1  a5=f0041ce8 ; c.addi  a5,8
      6025 :    #5950 0 800000ce 00000721  a4=f0040ce8 ; c.addi  a4,8
      6026 :    #5951 0 800000d0 ff1514e3              ; bne     a0,a7,0x800000b8
      6027 :    #5952 0 800000b8 00004390  a2=00000146 ; c.lw    a2,0(a5) [f0041ce8]
      6028 :    #5953 0 800000ba 00004314  a3=00000146 ; c.lw    a3,0(a4) [f0040ce8]
      6029 :    #5954 0 800000bc 0047a803  a6=00000299 ; lw      a6,4(a5) [f0041cec]
      6030 :    #5955 0 800000c0 0000434c  a1=00000299 ; c.lw    a1,128(a4) [f0040d68]
      6031 :    #5956 0 800000c2 00d61d63              ; bne     a2,a3,0x800000dc
      6032 :    #5957 0 800000c6 00000509  a0=000000e4 ; c.addi  a0,2
      6033 :    #5958 0 800000c8 00b81763              ; bne     a6,a1,0x800000d6
      6034 :    #5959 0 800000cc 000007a1  a5=f0041cf0 ; c.addi  a5,8
      6035 :    #5960 0 800000ce 00000721  a4=f0040cf0 ; c.addi  a4,8
      6036 :    #5961 0 800000d0 ff1514e3              ; bne     a0,a7,0x800000b8
      6037 :    #5962 0 800000b8 00004390  a2=0000049b ; c.lw    a2,0(a5) [f0041cf0]
      6038 :    #5963 0 800000ba 00004314  a3=0000049b ; c.lw    a3,0(a4) [f0040cf0]
      6039 :    #5964 0 800000bc 0047a803  a6=000003a0 ; lw      a6,4(a5) [f0041cf4]
      6040 :    #5965 0 800000c0 0000434c  a1=000003a0 ; c.lw    a1,128(a4) [f0040d70]
      6041 :    #5966 0 800000c2 00d61d63              ; bne     a2,a3,0x800000dc
      6042 :    #5967 0 800000c6 00000509  a0=000000e6 ; c.addi  a0,2
      6043 :    #5968 0 800000c8 00b81763              ; bne     a6,a1,0x800000d6
      6044 :    #5969 0 800000cc 000007a1  a5=f0041cf8 ; c.addi  a5,8
      6045 :    #5970 0 800000ce 00000721  a4=f0040cf8 ; c.addi  a4,8
      6046 :    #5971 0 800000d0 ff1514e3              ; bne     a0,a7,0x800000b8
      6047 :    #5972 0 800000b8 00004390  a2=00000506 ; c.lw    a2,0(a5) [f0041cf8]
      6048 :    #5973 0 800000ba 00004314  a3=00000506 ; c.lw    a3,0(a4) [f0040cf8]
      6049 :    #5974 0 800000bc 0047a803  a6=00000407 ; lw      a6,4(a5) [f0041cfc]
      6050 :    #5975 0 800000c0 0000434c  a1=00000407 ; c.lw    a1,128(a4) [f0040d78]
      6051 :    #5976 0 800000c2 00d61d63              ; bne     a2,a3,0x800000dc
      6052 :    #5977 0 800000c6 00000509  a0=000000e8 ; c.addi  a0,2
      6053 :    #5978 0 800000c8 00b81763              ; bne     a6,a1,0x800000d6
      6054 :    #5979 0 800000cc 000007a1  a5=f0041d00 ; c.addi  a5,8
      6055 :    #5980 0 800000ce 00000721  a4=f0040d00 ; c.addi  a4,8
      6056 :    #5981 0 800000d0 ff1514e3              ; bne     a0,a7,0x800000b8
      6057 :    #5982 0 800000b8 00004390  a2=0000049b ; c.lw    a2,0(a5) [f0041d00]
      6058 :    #5983 0 800000ba 00004314  a3=0000049b ; c.lw    a3,0(a4) [f0040d00]
      6059 :    #5984 0 800000bc 0047a803  a6=0000005d ; lw      a6,4(a5) [f0041d04]
      6060 :    #5985 0 800000c0 0000434c  a1=0000005d ; c.lw    a1,128(a4) [f0040d80]
      6061 :    #5986 0 800000c2 00d61d63              ; bne     a2,a3,0x800000dc
      6062 :    #5987 0 800000c6 00000509  a0=000000ea ; c.addi  a0,2
      6063 :    #5988 0 800000c8 00b81763              ; bne     a6,a1,0x800000d6
      6064 :    #5989 0 800000cc 000007a1  a5=f0041d08 ; c.addi  a5,8
      6065 :    #5990 0 800000ce 00000721  a4=f0040d08 ; c.addi  a4,8
      6066 :    #5991 0 800000d0 ff1514e3              ; bne     a0,a7,0x800000b8
      6067 :    #5992 0 800000b8 00004390  a2=000002ad ; c.lw    a2,0(a5) [f0041d08]
      6068 :    #5993 0 800000ba 00004314  a3=000002ad ; c.lw    a3,0(a4) [f0040d08]
      6069 :    #5994 0 800000bc 0047a803  a6=000003e3 ; lw      a6,4(a5) [f0041d0c]
      6070 :    #5995 0 800000c0 0000434c  a1=000003e3 ; c.lw    a1,128(a4) [f0040d88]
      6071 :    #5996 0 800000c2 00d61d63              ; bne     a2,a3,0x800000dc
      6072 :    #5997 0 800000c6 00000509  a0=000000ec ; c.addi  a0,2
      6073 :    #5998 0 800000c8 00b81763              ; bne     a6,a1,0x800000d6
      6074 :    #5999 0 800000cc 000007a1  a5=f0041d10 ; c.addi  a5,8
      6075 :    #6000 0 800000ce 00000721  a4=f0040d10 ; c.addi  a4,8
      6076 :    #6001 0 800000d0 ff1514e3              ; bne     a0,a7,0x800000b8
      6077 :    #6002 0 800000b8 00004390  a2=000001ec ; c.lw    a2,0(a5) [f0041d10]
      6078 :    #6003 0 800000ba 00004314  a3=000001ec ; c.lw    a3,0(a4) [f0040d10]
      6079 :    #6004 0 800000bc 0047a803  a6=0000047e ; lw      a6,4(a5) [f0041d14]
      6080 :    #6005 0 800000c0 0000434c  a1=0000047e ; c.lw    a1,128(a4) [f0040d90]
      6081 :    #6006 0 800000c2 00d61d63              ; bne     a2,a3,0x800000dc
      6082 :    #6007 0 800000c6 00000509  a0=000000ee ; c.addi  a0,2
      6083 :    #6008 0 800000c8 00b81763              ; bne     a6,a1,0x800000d6
      6084 :    #6009 0 800000cc 000007a1  a5=f0041d18 ; c.addi  a5,8
      6085 :    #6010 0 800000ce 00000721  a4=f0040d18 ; c.addi  a4,8
      6086 :    #6011 0 800000d0 ff1514e3              ; bne     a0,a7,0x800000b8
      6087 :    #6012 0 800000b8 00004390  a2=00000197 ; c.lw    a2,0(a5) [f0041d18]
      6088 :    #6013 0 800000ba 00004314  a3=00000197 ; c.lw    a3,0(a4) [f0040d18]
      6089 :    #6014 0 800000bc 0047a803  a6=0000045a ; lw      a6,4(a5) [f0041d1c]
      6090 :    #6015 0 800000c0 0000434c  a1=0000045a ; c.lw    a1,128(a4) [f0040d98]
      6091 :    #6016 0 800000c2 00d61d63              ; bne     a2,a3,0x800000dc
      6092 :    #6017 0 800000c6 00000509  a0=000000f0 ; c.addi  a0,2
      6093 :    #6018 0 800000c8 00b81763              ; bne     a6,a1,0x800000d6
      6094 :    #6019 0 800000cc 000007a1  a5=f0041d20 ; c.addi  a5,8
      6095 :    #6020 0 800000ce 00000721  a4=f0040d20 ; c.addi  a4,8
      6096 :    #6021 0 800000d0 ff1514e3              ; bne     a0,a7,0x800000b8
      6097 :    #6022 0 800000b8 00004390  a2=000005f3 ; c.lw    a2,0(a5) [f0041d20]
      6098 :    #6023 0 800000ba 00004314  a3=000005f3 ; c.lw    a3,0(a4) [f0040d20]
      6099 :    #6024 0 800000bc 0047a803  a6=000001b1 ; lw      a6,4(a5) [f0041d24]
      6100 :    #6025 0 800000c0 0000434c  a1=000001b1 ; c.lw    a1,128(a4) [f0040da0]
      6101 :    #6026 0 800000c2 00d61d63              ; bne     a2,a3,0x800000dc
      6102 :    #6027 0 800000c6 00000509  a0=000000f2 ; c.addi  a0,2
      6103 :    #6028 0 800000c8 00b81763              ; bne     a6,a1,0x800000d6
      6104 :    #6029 0 800000cc 000007a1  a5=f0041d28 ; c.addi  a5,8
      6105 :    #6030 0 800000ce 00000721  a4=f0040d28 ; c.addi  a4,8
      6106 :    #6031 0 800000d0 ff1514e3              ; bne     a0,a7,0x800000b8
      6107 :    #6032 0 800000b8 00004390  a2=000005b8 ; c.lw    a2,0(a5) [f0041d28]
      6108 :    #6033 0 800000ba 00004314  a3=000005b8 ; c.lw    a3,0(a4) [f0040d28]
      6109 :    #6034 0 800000bc 0047a803  a6=00000233 ; lw      a6,4(a5) [f0041d2c]
      6110 :    #6035 0 800000c0 0000434c  a1=00000233 ; c.lw    a1,128(a4) [f0040da8]
      6111 :    #6036 0 800000c2 00d61d63              ; bne     a2,a3,0x800000dc
      6112 :    #6037 0 800000c6 00000509  a0=000000f4 ; c.addi  a0,2
      6113 :    #6038 0 800000c8 00b81763              ; bne     a6,a1,0x800000d6
      6114 :    #6039 0 800000cc 000007a1  a5=f0041d30 ; c.addi  a5,8
      6115 :    #6040 0 800000ce 00000721  a4=f0040d30 ; c.addi  a4,8
      6116 :    #6041 0 800000d0 ff1514e3              ; bne     a0,a7,0x800000b8
      6117 :    #6042 0 800000b8 00004390  a2=00000573 ; c.lw    a2,0(a5) [f0041d30]
      6118 :    #6043 0 800000ba 00004314  a3=00000573 ; c.lw    a3,0(a4) [f0040d30]
      6119 :    #6044 0 800000bc 0047a803  a6=000002d2 ; lw      a6,4(a5) [f0041d34]
      6120 :    #6045 0 800000c0 0000434c  a1=000002d2 ; c.lw    a1,128(a4) [f0040db0]
      6121 :    #6046 0 800000c2 00d61d63              ; bne     a2,a3,0x800000dc
      6122 :    #6047 0 800000c6 00000509  a0=000000f6 ; c.addi  a0,2
      6123 :    #6048 0 800000c8 00b81763              ; bne     a6,a1,0x800000d6
      6124 :    #6049 0 800000cc 000007a1  a5=f0041d38 ; c.addi  a5,8
      6125 :    #6050 0 800000ce 00000721  a4=f0040d38 ; c.addi  a4,8
      6126 :    #6051 0 800000d0 ff1514e3              ; bne     a0,a7,0x800000b8
      6127 :    #6052 0 800000b8 00004390  a2=0000047a ; c.lw    a2,0(a5) [f0041d38]
      6128 :    #6053 0 800000ba 00004314  a3=0000047a ; c.lw    a3,0(a4) [f0040d38]
      6129 :    #6054 0 800000bc 0047a803  a6=0000056a ; lw      a6,4(a5) [f0041d3c]
      6130 :    #6055 0 800000c0 0000434c  a1=0000056a ; c.lw    a1,128(a4) [f0040db8]
      6131 :    #6056 0 800000c2 00d61d63              ; bne     a2,a3,0x800000dc
      6132 :    #6057 0 800000c6 00000509  a0=000000f8 ; c.addi  a0,2
      6133 :    #6058 0 800000c8 00b81763              ; bne     a6,a1,0x800000d6
      6134 :    #6059 0 800000cc 000007a1  a5=f0041d40 ; c.addi  a5,8
      6135 :    #6060 0 800000ce 00000721  a4=f0040d40 ; c.addi  a4,8
      6136 :    #6061 0 800000d0 ff1514e3              ; bne     a0,a7,0x800000b8
      6137 :    #6062 0 800000b8 00004390  a2=000002cc ; c.lw    a2,0(a5) [f0041d40]
      6138 :    #6063 0 800000ba 00004314  a3=000002cc ; c.lw    a3,0(a4) [f0040d40]
      6139 :    #6064 0 800000bc 0047a803  a6=000006b1 ; lw      a6,4(a5) [f0041d44]
      6140 :    #6065 0 800000c0 0000434c  a1=000006b1 ; c.lw    a1,128(a4) [f0040dc0]
      6141 :    #6066 0 800000c2 00d61d63              ; bne     a2,a3,0x800000dc
      6142 :    #6067 0 800000c6 00000509  a0=000000fa ; c.addi  a0,2
      6143 :    #6068 0 800000c8 00b81763              ; bne     a6,a1,0x800000d6
      6144 :    #6069 0 800000cc 000007a1  a5=f0041d48 ; c.addi  a5,8
      6145 :    #6070 0 800000ce 00000721  a4=f0040d48 ; c.addi  a4,8
      6146 :    #6071 0 800000d0 ff1514e3              ; bne     a0,a7,0x800000b8
      6147 :    #6072 0 800000b8 00004390  a2=00000702 ; c.lw    a2,0(a5) [f0041d48]
      6148 :    #6073 0 800000ba 00004314  a3=00000702 ; c.lw    a3,0(a4) [f0040d48]
      6149 :    #6074 0 800000bc 0047a803  a6=00000375 ; lw      a6,4(a5) [f0041d4c]
      6150 :    #6075 0 800000c0 0000434c  a1=00000375 ; c.lw    a1,128(a4) [f0040dc8]
      6151 :    #6076 0 800000c2 00d61d63              ; bne     a2,a3,0x800000dc
      6152 :    #6077 0 800000c6 00000509  a0=000000fc ; c.addi  a0,2
      6153 :    #6078 0 800000c8 00b81763              ; bne     a6,a1,0x800000d6
      6154 :    #6079 0 800000cc 000007a1  a5=f0041d50 ; c.addi  a5,8
      6155 :    #6080 0 800000ce 00000721  a4=f0040d50 ; c.addi  a4,8
      6156 :    #6081 0 800000d0 ff1514e3              ; bne     a0,a7,0x800000b8
      6157 :    #6082 0 800000b8 00004390  a2=00000281 ; c.lw    a2,0(a5) [f0041d50]
      6158 :    #6083 0 800000ba 00004314  a3=00000281 ; c.lw    a3,0(a4) [f0040d50]
      6159 :    #6084 0 800000bc 0047a803  a6=0000010a ; lw      a6,4(a5) [f0041d54]
      6160 :    #6085 0 800000c0 0000434c  a1=0000010a ; c.lw    a1,128(a4) [f0040dd0]
      6161 :    #6086 0 800000c2 00d61d63              ; bne     a2,a3,0x800000dc
      6162 :    #6087 0 800000c6 00000509  a0=000000fe ; c.addi  a0,2
      6163 :    #6088 0 800000c8 00b81763              ; bne     a6,a1,0x800000d6
      6164 :    #6089 0 800000cc 000007a1  a5=f0041d58 ; c.addi  a5,8
      6165 :    #6090 0 800000ce 00000721  a4=f0040d58 ; c.addi  a4,8
      6166 :    #6091 0 800000d0 ff1514e3              ; bne     a0,a7,0x800000b8
      6167 :    #6092 0 800000b8 00004390  a2=000005f9 ; c.lw    a2,0(a5) [f0041d58]
      6168 :    #6093 0 800000ba 00004314  a3=000005f9 ; c.lw    a3,0(a4) [f0040d58]
      6169 :    #6094 0 800000bc 0047a803  a6=00000443 ; lw      a6,4(a5) [f0041d5c]
      6170 :    #6095 0 800000c0 0000434c  a1=00000443 ; c.lw    a1,128(a4) [f0040dd8]
      6171 :    #6096 0 800000c2 00d61d63              ; bne     a2,a3,0x800000dc
      6172 :    #6097 0 800000c6 00000509  a0=00000100 ; c.addi  a0,2
      6173 :    #6098 0 800000c8 00b81763              ; bne     a6,a1,0x800000d6
      6174 :    #6099 0 800000cc 000007a1  a5=f0041d60 ; c.addi  a5,8
      6175 :    #6100 0 800000ce 00000721  a4=f0040d60 ; c.addi  a4,8
      6176 :    #6101 0 800000d0 ff1514e3              ; bne     a0,a7,0x800000b8
      6177 :    #6102 0 800000b8 00004390  a2=00000278 ; c.lw    a2,0(a5) [f0041d60]
      6178 :    #6103 0 800000ba 00004314  a3=00000278 ; c.lw    a3,0(a4) [f0040d60]
      6179 :    #6104 0 800000bc 0047a803  a6=000004dc ; lw      a6,4(a5) [f0041d64]
      6180 :    #6105 0 800000c0 0000434c  a1=000004dc ; c.lw    a1,128(a4) [f0040de0]
      6181 :    #6106 0 800000c2 00d61d63              ; bne     a2,a3,0x800000dc
      6182 :    #6107 0 800000c6 00000509  a0=00000102 ; c.addi  a0,2
      6183 :    #6108 0 800000c8 00b81763              ; bne     a6,a1,0x800000d6
      6184 :    #6109 0 800000cc 000007a1  a5=f0041d68 ; c.addi  a5,8
      6185 :    #6110 0 800000ce 00000721  a4=f0040d68 ; c.addi  a4,8
      6186 :    #6111 0 800000d0 ff1514e3              ; bne     a0,a7,0x800000b8
      6187 :    #6112 0 800000b8 00004390  a2=00000415 ; c.lw    a2,0(a5) [f0041d68]
      6188 :    #6113 0 800000ba 00004314  a3=00000415 ; c.lw    a3,0(a4) [f0040d68]
      6189 :    #6114 0 800000bc 0047a803  a6=000005df ; lw      a6,4(a5) [f0041d6c]
      6190 :    #6115 0 800000c0 0000434c  a1=000005df ; c.lw    a1,128(a4) [f0040de8]
      6191 :    #6116 0 800000c2 00d61d63              ; bne     a2,a3,0x800000dc
      6192 :    #6117 0 800000c6 00000509  a0=00000104 ; c.addi  a0,2
      6193 :    #6118 0 800000c8 00b81763              ; bne     a6,a1,0x800000d6
      6194 :    #6119 0 800000cc 000007a1  a5=f0041d70 ; c.addi  a5,8
      6195 :    #6120 0 800000ce 00000721  a4=f0040d70 ; c.addi  a4,8
      6196 :    #6121 0 800000d0 ff1514e3              ; bne     a0,a7,0x800000b8
      6197 :    #6122 0 800000b8 00004390  a2=000004c7 ; c.lw    a2,0(a5) [f0041d70]
      6198 :    #6123 0 800000ba 00004314  a3=000004c7 ; c.lw    a3,0(a4) [f0040d70]
      6199 :    #6124 0 800000bc 0047a803  a6=0000032b ; lw      a6,4(a5) [f0041d74]
      6200 :    #6125 0 800000c0 0000434c  a1=0000032b ; c.lw    a1,128(a4) [f0040df0]
      6201 :    #6126 0 800000c2 00d61d63              ; bne     a2,a3,0x800000dc
      6202 :    #6127 0 800000c6 00000509  a0=00000106 ; c.addi  a0,2
      6203 :    #6128 0 800000c8 00b81763              ; bne     a6,a1,0x800000d6
      6204 :    #6129 0 800000cc 000007a1  a5=f0041d78 ; c.addi  a5,8
      6205 :    #6130 0 800000ce 00000721  a4=f0040d78 ; c.addi  a4,8
      6206 :    #6131 0 800000d0 ff1514e3              ; bne     a0,a7,0x800000b8
      6207 :    #6132 0 800000b8 00004390  a2=0000048f ; c.lw    a2,0(a5) [f0041d78]
      6208 :    #6133 0 800000ba 00004314  a3=0000048f ; c.lw    a3,0(a4) [f0040d78]
      6209 :    #6134 0 800000bc 0047a803  a6=0000028f ; lw      a6,4(a5) [f0041d7c]
      6210 :    #6135 0 800000c0 0000434c  a1=0000028f ; c.lw    a1,128(a4) [f0040df8]
      6211 :    #6136 0 800000c2 00d61d63              ; bne     a2,a3,0x800000dc
      6212 :    #6137 0 800000c6 00000509  a0=00000108 ; c.addi  a0,2
      6213 :    #6138 0 800000c8 00b81763              ; bne     a6,a1,0x800000d6
      6214 :    #6139 0 800000cc 000007a1  a5=f0041d80 ; c.addi  a5,8
      6215 :    #6140 0 800000ce 00000721  a4=f0040d80 ; c.addi  a4,8
      6216 :    #6141 0 800000d0 ff1514e3              ; bne     a0,a7,0x800000b8
      6217 :    #6142 0 800000b8 00004390  a2=000002fc ; c.lw    a2,0(a5) [f0041d80]
      6218 :    #6143 0 800000ba 00004314  a3=000002fc ; c.lw    a3,0(a4) [f0040d80]
      6219 :    #6144 0 800000bc 0047a803  a6=000004c1 ; lw      a6,4(a5) [f0041d84]
      6220 :    #6145 0 800000c0 0000434c  a1=000004c1 ; c.lw    a1,128(a4) [f0040e00]
      6221 :    #6146 0 800000c2 00d61d63              ; bne     a2,a3,0x800000dc
      6222 :    #6147 0 800000c6 00000509  a0=0000010a ; c.addi  a0,2
      6223 :    #6148 0 800000c8 00b81763              ; bne     a6,a1,0x800000d6
      6224 :    #6149 0 800000cc 000007a1  a5=f0041d88 ; c.addi  a5,8
      6225 :    #6150 0 800000ce 00000721  a4=f0040d88 ; c.addi  a4,8
      6226 :    #6151 0 800000d0 ff1514e3              ; bne     a0,a7,0x800000b8
      6227 :    #6152 0 800000b8 00004390  a2=0000005e ; c.lw    a2,0(a5) [f0041d88]
      6228 :    #6153 0 800000ba 00004314  a3=0000005e ; c.lw    a3,0(a4) [f0040d88]
      6229 :    #6154 0 800000bc 0047a803  a6=0000028a ; lw      a6,4(a5) [f0041d8c]
      6230 :    #6155 0 800000c0 0000434c  a1=0000028a ; c.lw    a1,128(a4) [f0040e08]
      6231 :    #6156 0 800000c2 00d61d63              ; bne     a2,a3,0x800000dc
      6232 :    #6157 0 800000c6 00000509  a0=0000010c ; c.addi  a0,2
      6233 :    #6158 0 800000c8 00b81763              ; bne     a6,a1,0x800000d6
      6234 :    #6159 0 800000cc 000007a1  a5=f0041d90 ; c.addi  a5,8
      6235 :    #6160 0 800000ce 00000721  a4=f0040d90 ; c.addi  a4,8
      6236 :    #6161 0 800000d0 ff1514e3              ; bne     a0,a7,0x800000b8
      6237 :    #6162 0 800000b8 00004390  a2=000001a2 ; c.lw    a2,0(a5) [f0041d90]
      6238 :    #6163 0 800000ba 00004314  a3=000001a2 ; c.lw    a3,0(a4) [f0040d90]
      6239 :    #6164 0 800000bc 0047a803  a6=00000289 ; lw      a6,4(a5) [f0041d94]
      6240 :    #6165 0 800000c0 0000434c  a1=00000289 ; c.lw    a1,128(a4) [f0040e10]
      6241 :    #6166 0 800000c2 00d61d63              ; bne     a2,a3,0x800000dc
      6242 :    #6167 0 800000c6 00000509  a0=0000010e ; c.addi  a0,2
      6243 :    #6168 0 800000c8 00b81763              ; bne     a6,a1,0x800000d6
      6244 :    #6169 0 800000cc 000007a1  a5=f0041d98 ; c.addi  a5,8
      6245 :    #6170 0 800000ce 00000721  a4=f0040d98 ; c.addi  a4,8
      6246 :    #6171 0 800000d0 ff1514e3              ; bne     a0,a7,0x800000b8
      6247 :    #6172 0 800000b8 00004390  a2=0000045c ; c.lw    a2,0(a5) [f0041d98]
      6248 :    #6173 0 800000ba 00004314  a3=0000045c ; c.lw    a3,0(a4) [f0040d98]
      6249 :    #6174 0 800000bc 0047a803  a6=00000647 ; lw      a6,4(a5) [f0041d9c]
      6250 :    #6175 0 800000c0 0000434c  a1=00000647 ; c.lw    a1,128(a4) [f0040e18]
      6251 :    #6176 0 800000c2 00d61d63              ; bne     a2,a3,0x800000dc
      6252 :    #6177 0 800000c6 00000509  a0=00000110 ; c.addi  a0,2
      6253 :    #6178 0 800000c8 00b81763              ; bne     a6,a1,0x800000d6
      6254 :    #6179 0 800000cc 000007a1  a5=f0041da0 ; c.addi  a5,8
      6255 :    #6180 0 800000ce 00000721  a4=f0040da0 ; c.addi  a4,8
      6256 :    #6181 0 800000d0 ff1514e3              ; bne     a0,a7,0x800000b8
      6257 :    #6182 0 800000b8 00004390  a2=000002bb ; c.lw    a2,0(a5) [f0041da0]
      6258 :    #6183 0 800000ba 00004314  a3=000002bb ; c.lw    a3,0(a4) [f0040da0]
      6259 :    #6184 0 800000bc 0047a803  a6=000004c3 ; lw      a6,4(a5) [f0041da4]
      6260 :    #6185 0 800000c0 0000434c  a1=000004c3 ; c.lw    a1,128(a4) [f0040e20]
      6261 :    #6186 0 800000c2 00d61d63              ; bne     a2,a3,0x800000dc
      6262 :    #6187 0 800000c6 00000509  a0=00000112 ; c.addi  a0,2
      6263 :    #6188 0 800000c8 00b81763              ; bne     a6,a1,0x800000d6
      6264 :    #6189 0 800000cc 000007a1  a5=f0041da8 ; c.addi  a5,8
      6265 :    #6190 0 800000ce 00000721  a4=f0040da8 ; c.addi  a4,8
      6266 :    #6191 0 800000d0 ff1514e3              ; bne     a0,a7,0x800000b8
      6267 :    #6192 0 800000b8 00004390  a2=000004f5 ; c.lw    a2,0(a5) [f0041da8]
      6268 :    #6193 0 800000ba 00004314  a3=000004f5 ; c.lw    a3,0(a4) [f0040da8]
      6269 :    #6194 0 800000bc 0047a803  a6=00000379 ; lw      a6,4(a5) [f0041dac]
      6270 :    #6195 0 800000c0 0000434c  a1=00000379 ; c.lw    a1,128(a4) [f0040e28]
      6271 :    #6196 0 800000c2 00d61d63              ; bne     a2,a3,0x800000dc
      6272 :    #6197 0 800000c6 00000509  a0=00000114 ; c.addi  a0,2
      6273 :    #6198 0 800000c8 00b81763              ; bne     a6,a1,0x800000d6
      6274 :    #6199 0 800000cc 000007a1  a5=f0041db0 ; c.addi  a5,8
      6275 :    #6200 0 800000ce 00000721  a4=f0040db0 ; c.addi  a4,8
      6276 :    #6201 0 800000d0 ff1514e3              ; bne     a0,a7,0x800000b8
      6277 :    #6202 0 800000b8 00004390  a2=00000213 ; c.lw    a2,0(a5) [f0041db0]
      6278 :    #6203 0 800000ba 00004314  a3=00000213 ; c.lw    a3,0(a4) [f0040db0]
      6279 :    #6204 0 800000bc 0047a803  a6=00000426 ; lw      a6,4(a5) [f0041db4]
      6280 :    #6205 0 800000c0 0000434c  a1=00000426 ; c.lw    a1,128(a4) [f0040e30]
      6281 :    #6206 0 800000c2 00d61d63              ; bne     a2,a3,0x800000dc
      6282 :    #6207 0 800000c6 00000509  a0=00000116 ; c.addi  a0,2
      6283 :    #6208 0 800000c8 00b81763              ; bne     a6,a1,0x800000d6
      6284 :    #6209 0 800000cc 000007a1  a5=f0041db8 ; c.addi  a5,8
      6285 :    #6210 0 800000ce 00000721  a4=f0040db8 ; c.addi  a4,8
      6286 :    #6211 0 800000d0 ff1514e3              ; bne     a0,a7,0x800000b8
      6287 :    #6212 0 800000b8 00004390  a2=0000063e ; c.lw    a2,0(a5) [f0041db8]
      6288 :    #6213 0 800000ba 00004314  a3=0000063e ; c.lw    a3,0(a4) [f0040db8]
      6289 :    #6214 0 800000bc 0047a803  a6=0000045e ; lw      a6,4(a5) [f0041dbc]
      6290 :    #6215 0 800000c0 0000434c  a1=0000045e ; c.lw    a1,128(a4) [f0040e38]
      6291 :    #6216 0 800000c2 00d61d63              ; bne     a2,a3,0x800000dc
      6292 :    #6217 0 800000c6 00000509  a0=00000118 ; c.addi  a0,2
      6293 :    #6218 0 800000c8 00b81763              ; bne     a6,a1,0x800000d6
      6294 :    #6219 0 800000cc 000007a1  a5=f0041dc0 ; c.addi  a5,8
      6295 :    #6220 0 800000ce 00000721  a4=f0040dc0 ; c.addi  a4,8
      6296 :    #6221 0 800000d0 ff1514e3              ; bne     a0,a7,0x800000b8
      6297 :    #6222 0 800000b8 00004390  a2=0000049a ; c.lw    a2,0(a5) [f0041dc0]
      6298 :    #6223 0 800000ba 00004314  a3=0000049a ; c.lw    a3,0(a4) [f0040dc0]
      6299 :    #6224 0 800000bc 0047a803  a6=000005a0 ; lw      a6,4(a5) [f0041dc4]
      6300 :    #6225 0 800000c0 0000434c  a1=000005a0 ; c.lw    a1,128(a4) [f0040e40]
      6301 :    #6226 0 800000c2 00d61d63              ; bne     a2,a3,0x800000dc
      6302 :    #6227 0 800000c6 00000509  a0=0000011a ; c.addi  a0,2
      6303 :    #6228 0 800000c8 00b81763              ; bne     a6,a1,0x800000d6
      6304 :    #6229 0 800000cc 000007a1  a5=f0041dc8 ; c.addi  a5,8
      6305 :    #6230 0 800000ce 00000721  a4=f0040dc8 ; c.addi  a4,8
      6306 :    #6231 0 800000d0 ff1514e3              ; bne     a0,a7,0x800000b8
      6307 :    #6232 0 800000b8 00004390  a2=000002d2 ; c.lw    a2,0(a5) [f0041dc8]
      6308 :    #6233 0 800000ba 00004314  a3=000002d2 ; c.lw    a3,0(a4) [f0040dc8]
      6309 :    #6234 0 800000bc 0047a803  a6=00000576 ; lw      a6,4(a5) [f0041dcc]
      6310 :    #6235 0 800000c0 0000434c  a1=00000576 ; c.lw    a1,128(a4) [f0040e48]
      6311 :    #6236 0 800000c2 00d61d63              ; bne     a2,a3,0x800000dc
      6312 :    #6237 0 800000c6 00000509  a0=0000011c ; c.addi  a0,2
      6313 :    #6238 0 800000c8 00b81763              ; bne     a6,a1,0x800000d6
      6314 :    #6239 0 800000cc 000007a1  a5=f0041dd0 ; c.addi  a5,8
      6315 :    #6240 0 800000ce 00000721  a4=f0040dd0 ; c.addi  a4,8
      6316 :    #6241 0 800000d0 ff1514e3              ; bne     a0,a7,0x800000b8
      6317 :    #6242 0 800000b8 00004390  a2=000001df ; c.lw    a2,0(a5) [f0041dd0]
      6318 :    #6243 0 800000ba 00004314  a3=000001df ; c.lw    a3,0(a4) [f0040dd0]
      6319 :    #6244 0 800000bc 0047a803  a6=000003c1 ; lw      a6,4(a5) [f0041dd4]
      6320 :    #6245 0 800000c0 0000434c  a1=000003c1 ; c.lw    a1,128(a4) [f0040e50]
      6321 :    #6246 0 800000c2 00d61d63              ; bne     a2,a3,0x800000dc
      6322 :    #6247 0 800000c6 00000509  a0=0000011e ; c.addi  a0,2
      6323 :    #6248 0 800000c8 00b81763              ; bne     a6,a1,0x800000d6
      6324 :    #6249 0 800000cc 000007a1  a5=f0041dd8 ; c.addi  a5,8
      6325 :    #6250 0 800000ce 00000721  a4=f0040dd8 ; c.addi  a4,8
      6326 :    #6251 0 800000d0 ff1514e3              ; bne     a0,a7,0x800000b8
      6327 :    #6252 0 800000b8 00004390  a2=00000423 ; c.lw    a2,0(a5) [f0041dd8]
      6328 :    #6253 0 800000ba 00004314  a3=00000423 ; c.lw    a3,0(a4) [f0040dd8]
      6329 :    #6254 0 800000bc 0047a803  a6=00000227 ; lw      a6,4(a5) [f0041ddc]
      6330 :    #6255 0 800000c0 0000434c  a1=00000227 ; c.lw    a1,128(a4) [f0040e58]
      6331 :    #6256 0 800000c2 00d61d63              ; bne     a2,a3,0x800000dc
      6332 :    #6257 0 800000c6 00000509  a0=00000120 ; c.addi  a0,2
      6333 :    #6258 0 800000c8 00b81763              ; bne     a6,a1,0x800000d6
      6334 :    #6259 0 800000cc 000007a1  a5=f0041de0 ; c.addi  a5,8
      6335 :    #6260 0 800000ce 00000721  a4=f0040de0 ; c.addi  a4,8
      6336 :    #6261 0 800000d0 ff1514e3              ; bne     a0,a7,0x800000b8
      6337 :    #6262 0 800000b8 00004390  a2=00000245 ; c.lw    a2,0(a5) [f0041de0]
      6338 :    #6263 0 800000ba 00004314  a3=00000245 ; c.lw    a3,0(a4) [f0040de0]
      6339 :    #6264 0 800000bc 0047a803  a6=00000172 ; lw      a6,4(a5) [f0041de4]
      6340 :    #6265 0 800000c0 0000434c  a1=00000172 ; c.lw    a1,128(a4) [f0040e60]
      6341 :    #6266 0 800000c2 00d61d63              ; bne     a2,a3,0x800000dc
      6342 :    #6267 0 800000c6 00000509  a0=00000122 ; c.addi  a0,2
      6343 :    #6268 0 800000c8 00b81763              ; bne     a6,a1,0x800000d6
      6344 :    #6269 0 800000cc 000007a1  a5=f0041de8 ; c.addi  a5,8
      6345 :    #6270 0 800000ce 00000721  a4=f0040de8 ; c.addi  a4,8
      6346 :    #6271 0 800000d0 ff1514e3              ; bne     a0,a7,0x800000b8
      6347 :    #6272 0 800000b8 00004390  a2=00000186 ; c.lw    a2,0(a5) [f0041de8]
      6348 :    #6273 0 800000ba 00004314  a3=00000186 ; c.lw    a3,0(a4) [f0040de8]
      6349 :    #6274 0 800000bc 0047a803  a6=00000405 ; lw      a6,4(a5) [f0041dec]
      6350 :    #6275 0 800000c0 0000434c  a1=00000405 ; c.lw    a1,128(a4) [f0040e68]
      6351 :    #6276 0 800000c2 00d61d63              ; bne     a2,a3,0x800000dc
      6352 :    #6277 0 800000c6 00000509  a0=00000124 ; c.addi  a0,2
      6353 :    #6278 0 800000c8 00b81763              ; bne     a6,a1,0x800000d6
      6354 :    #6279 0 800000cc 000007a1  a5=f0041df0 ; c.addi  a5,8
      6355 :    #6280 0 800000ce 00000721  a4=f0040df0 ; c.addi  a4,8
      6356 :    #6281 0 800000d0 ff1514e3              ; bne     a0,a7,0x800000b8
      6357 :    #6282 0 800000b8 00004390  a2=00000300 ; c.lw    a2,0(a5) [f0041df0]
      6358 :    #6283 0 800000ba 00004314  a3=00000300 ; c.lw    a3,0(a4) [f0040df0]
      6359 :    #6284 0 800000bc 0047a803  a6=000003b1 ; lw      a6,4(a5) [f0041df4]
      6360 :    #6285 0 800000c0 0000434c  a1=000003b1 ; c.lw    a1,128(a4) [f0040e70]
      6361 :    #6286 0 800000c2 00d61d63              ; bne     a2,a3,0x800000dc
      6362 :    #6287 0 800000c6 00000509  a0=00000126 ; c.addi  a0,2
      6363 :    #6288 0 800000c8 00b81763              ; bne     a6,a1,0x800000d6
      6364 :    #6289 0 800000cc 000007a1  a5=f0041df8 ; c.addi  a5,8
      6365 :    #6290 0 800000ce 00000721  a4=f0040df8 ; c.addi  a4,8
      6366 :    #6291 0 800000d0 ff1514e3              ; bne     a0,a7,0x800000b8
      6367 :    #6292 0 800000b8 00004390  a2=000005d4 ; c.lw    a2,0(a5) [f0041df8]
      6368 :    #6293 0 800000ba 00004314  a3=000005d4 ; c.lw    a3,0(a4) [f0040df8]
      6369 :    #6294 0 800000bc 0047a803  a6=000003ad ; lw      a6,4(a5) [f0041dfc]
      6370 :    #6295 0 800000c0 0000434c  a1=000003ad ; c.lw    a1,128(a4) [f0040e78]
      6371 :    #6296 0 800000c2 00d61d63              ; bne     a2,a3,0x800000dc
      6372 :    #6297 0 800000c6 00000509  a0=00000128 ; c.addi  a0,2
      6373 :    #6298 0 800000c8 00b81763              ; bne     a6,a1,0x800000d6
      6374 :    #6299 0 800000cc 000007a1  a5=f0041e00 ; c.addi  a5,8
      6375 :    #6300 0 800000ce 00000721  a4=f0040e00 ; c.addi  a4,8
      6376 :    #6301 0 800000d0 ff1514e3              ; bne     a0,a7,0x800000b8
      6377 :    #6302 0 800000b8 00004390  a2=0000049a ; c.lw    a2,0(a5) [f0041e00]
      6378 :    #6303 0 800000ba 00004314  a3=0000049a ; c.lw    a3,0(a4) [f0040e00]
      6379 :    #6304 0 800000bc 0047a803  a6=000004cd ; lw      a6,4(a5) [f0041e04]
      6380 :    #6305 0 800000c0 0000434c  a1=000004cd ; c.lw    a1,128(a4) [f0040e80]
      6381 :    #6306 0 800000c2 00d61d63              ; bne     a2,a3,0x800000dc
      6382 :    #6307 0 800000c6 00000509  a0=0000012a ; c.addi  a0,2
      6383 :    #6308 0 800000c8 00b81763              ; bne     a6,a1,0x800000d6
      6384 :    #6309 0 800000cc 000007a1  a5=f0041e08 ; c.addi  a5,8
      6385 :    #6310 0 800000ce 00000721  a4=f0040e08 ; c.addi  a4,8
      6386 :    #6311 0 800000d0 ff1514e3              ; bne     a0,a7,0x800000b8
      6387 :    #6312 0 800000b8 00004390  a2=00000137 ; c.lw    a2,0(a5) [f0041e08]
      6388 :    #6313 0 800000ba 00004314  a3=00000137 ; c.lw    a3,0(a4) [f0040e08]
      6389 :    #6314 0 800000bc 0047a803  a6=00000319 ; lw      a6,4(a5) [f0041e0c]
      6390 :    #6315 0 800000c0 0000434c  a1=00000319 ; c.lw    a1,128(a4) [f0040e88]
      6391 :    #6316 0 800000c2 00d61d63              ; bne     a2,a3,0x800000dc
      6392 :    #6317 0 800000c6 00000509  a0=0000012c ; c.addi  a0,2
      6393 :    #6318 0 800000c8 00b81763              ; bne     a6,a1,0x800000d6
      6394 :    #6319 0 800000cc 000007a1  a5=f0041e10 ; c.addi  a5,8
      6395 :    #6320 0 800000ce 00000721  a4=f0040e10 ; c.addi  a4,8
      6396 :    #6321 0 800000d0 ff1514e3              ; bne     a0,a7,0x800000b8
      6398 :    #6322 0 800000d4 00004501  a0=00000000 ; c.li    a0,0
      6399 :    #6323 0 800000d6 4b010113  sp=f0041e10 ; addi    sp,sp,1200
      6400 :    #6324 0 800000da 00008082              ; c.jr    ra
      6402 :    #6325 0 80000018 50580297  t0=d0580018 ; auipc   t0,0x50580000
      6403 :    #6326 0 8000001c fe828293  t0=d0580000 ; addi    t0,t0,-24
      6404 :    #6327 0 80000020 0ff00313  t1=000000ff ; addi    t1,zero,255
      6405 :    #6328 0 80000024 00628023              ; sb      t1,0(t0) [d0580000]
      6406 :    #6329 0 80000028 00004305  t1=00000001 ; c.li    t1,1
