#1 0 80000000 595552b7 r 05         59555000  lui      x5, 0x59555
#2 0 80000004 55528293 r 05         59555555  addi     x5, x5, 0x555
#3 0 80000008 7c029073 c 07c0       59555555  csrrw    x0, mrac, x5
#4 0 8000000c 70041117 r 02         f004100c  auipc    x2, 0x70041
#5 0 80000010 ff410113 r 02         f0041000  addi     x2, x2, -0xc
#6 0 80000014     287d r 01         80000016  c.jal    . + 0xbe
#7 0 800000d2     7179 r 02         f0040fd0  c.addi16sp -0x3
#8 0 800000d4     d606 m f0040ffc   80000016  c.swsp   x1, 0x2c
#9 0 800000d6     d422 m f0040ff8   00000000  c.swsp   x8, 0x28
#10 0 800000d8     1800 r 08         f0041000  c.addi4spn  x8, 0xc
#11 0 800000da 03c00793 r 0f         0000003c  addi     x15, x0, 0x3c
#12 0 800000de fef42623 m f0040fec   0000003c  sw       x15, -0x14(x8)
#13 0 800000e2     47e5 r 0f         00000019  c.li     x15, 0x19
#14 0 800000e4 fef42423 m f0040fe8   00000019  sw       x15, -0x18(x8)
#15 0 800000e8 fdc40713 r 0e         f0040fdc  addi     x14, x8, -0x24
#16 0 800000ec fe040793 r 0f         f0040fe0  addi     x15, x8, -0x20
#17 0 800000f0     86ba r 0d         f0040fdc  c.mv     x13, x14
#18 0 800000f2     863e r 0c         f0040fe0  c.mv     x12, x15
#19 0 800000f4 fe842583 r 0b         00000019  lw       x11, -0x18(x8)
#20 0 800000f8 fec42503 r 0a         0000003c  lw       x10, -0x14(x8)
#21 0 800000fc     37a1 r 01         800000fe  c.jal    . - 0xb8
#22 0 80000044     7179 r 02         f0040fa0  c.addi16sp -0x3
#23 0 80000046     d606 m f0040fcc   800000fe  c.swsp   x1, 0x2c
#24 0 80000048     d422 m f0040fc8   f0041000  c.swsp   x8, 0x28
#25 0 8000004a     1800 r 08         f0040fd0  c.addi4spn  x8, 0xc
#26 0 8000004c fca42e23 m f0040fac   0000003c  sw       x10, -0x24(x8)
#27 0 80000050 fcb42c23 m f0040fa8   00000019  sw       x11, -0x28(x8)
#28 0 80000054 fcc42a23 m f0040fa4   f0040fe0  sw       x12, -0x2c(x8)
#29 0 80000058 fcd42823 m f0040fa0   f0040fdc  sw       x13, -0x30(x8)
#30 0 8000005c fdc42783 r 0f         0000003c  lw       x15, -0x24(x8)
#31 0 80000060     ef81 r 00         00000000  c.bnez   x15, . + 0x18
#32 0 80000078 fd842703 r 0e         00000019  lw       x14, -0x28(x8)
#33 0 8000007c fdc42783 r 0f         0000003c  lw       x15, -0x24(x8)
#34 0 80000080 02f767b3 r 0f         00000019  rem      x15, x14, x15
#35 0 80000084 fe440693 r 0d         f0040fb4  addi     x13, x8, -0x1c
#36 0 80000088 fe840713 r 0e         f0040fb8  addi     x14, x8, -0x18
#37 0 8000008c     863a r 0c         f0040fb8  c.mv     x12, x14
#38 0 8000008e fdc42583 r 0b         0000003c  lw       x11, -0x24(x8)
#39 0 80000092     853e r 0a         00000019  c.mv     x10, x15
#40 0 80000094     3f45 r 01         80000096  c.jal    . - 0x50
#41 0 80000044     7179 r 02         f0040f70  c.addi16sp -0x3
#42 0 80000046     d606 m f0040f9c   80000096  c.swsp   x1, 0x2c
#43 0 80000048     d422 m f0040f98   f0040fd0  c.swsp   x8, 0x28
#44 0 8000004a     1800 r 08         f0040fa0  c.addi4spn  x8, 0xc
#45 0 8000004c fca42e23 m f0040f7c   00000019  sw       x10, -0x24(x8)
#46 0 80000050 fcb42c23 m f0040f78   0000003c  sw       x11, -0x28(x8)
#47 0 80000054 fcc42a23 m f0040f74   f0040fb8  sw       x12, -0x2c(x8)
#48 0 80000058 fcd42823 m f0040f70   f0040fb4  sw       x13, -0x30(x8)
#49 0 8000005c fdc42783 r 0f         00000019  lw       x15, -0x24(x8)
#50 0 80000060     ef81 r 00         00000000  c.bnez   x15, . + 0x18
#51 0 80000078 fd842703 r 0e         0000003c  lw       x14, -0x28(x8)
#52 0 8000007c fdc42783 r 0f         00000019  lw       x15, -0x24(x8)
#53 0 80000080 02f767b3 r 0f         0000000a  rem      x15, x14, x15
#54 0 80000084 fe440693 r 0d         f0040f84  addi     x13, x8, -0x1c
#55 0 80000088 fe840713 r 0e         f0040f88  addi     x14, x8, -0x18
#56 0 8000008c     863a r 0c         f0040f88  c.mv     x12, x14
#57 0 8000008e fdc42583 r 0b         00000019  lw       x11, -0x24(x8)
#58 0 80000092     853e r 0a         0000000a  c.mv     x10, x15
#59 0 80000094     3f45 r 01         80000096  c.jal    . - 0x50
#60 0 80000044     7179 r 02         f0040f40  c.addi16sp -0x3
#61 0 80000046     d606 m f0040f6c   80000096  c.swsp   x1, 0x2c
#62 0 80000048     d422 m f0040f68   f0040fa0  c.swsp   x8, 0x28
#63 0 8000004a     1800 r 08         f0040f70  c.addi4spn  x8, 0xc
#64 0 8000004c fca42e23 m f0040f4c   0000000a  sw       x10, -0x24(x8)
#65 0 80000050 fcb42c23 m f0040f48   00000019  sw       x11, -0x28(x8)
#66 0 80000054 fcc42a23 m f0040f44   f0040f88  sw       x12, -0x2c(x8)
#67 0 80000058 fcd42823 m f0040f40   f0040f84  sw       x13, -0x30(x8)
#68 0 8000005c fdc42783 r 0f         0000000a  lw       x15, -0x24(x8)
#69 0 80000060     ef81 r 00         00000000  c.bnez   x15, . + 0x18
#70 0 80000078 fd842703 r 0e         00000019  lw       x14, -0x28(x8)
#71 0 8000007c fdc42783 r 0f         0000000a  lw       x15, -0x24(x8)
#72 0 80000080 02f767b3 r 0f         00000005  rem      x15, x14, x15
#73 0 80000084 fe440693 r 0d         f0040f54  addi     x13, x8, -0x1c
#74 0 80000088 fe840713 r 0e         f0040f58  addi     x14, x8, -0x18
#75 0 8000008c     863a r 0c         f0040f58  c.mv     x12, x14
#76 0 8000008e fdc42583 r 0b         0000000a  lw       x11, -0x24(x8)
#77 0 80000092     853e r 0a         00000005  c.mv     x10, x15
#78 0 80000094     3f45 r 01         80000096  c.jal    . - 0x50
#79 0 80000044     7179 r 02         f0040f10  c.addi16sp -0x3
#80 0 80000046     d606 m f0040f3c   80000096  c.swsp   x1, 0x2c
#81 0 80000048     d422 m f0040f38   f0040f70  c.swsp   x8, 0x28
#82 0 8000004a     1800 r 08         f0040f40  c.addi4spn  x8, 0xc
#83 0 8000004c fca42e23 m f0040f1c   00000005  sw       x10, -0x24(x8)
#84 0 80000050 fcb42c23 m f0040f18   0000000a  sw       x11, -0x28(x8)
#85 0 80000054 fcc42a23 m f0040f14   f0040f58  sw       x12, -0x2c(x8)
#86 0 80000058 fcd42823 m f0040f10   f0040f54  sw       x13, -0x30(x8)
#87 0 8000005c fdc42783 r 0f         00000005  lw       x15, -0x24(x8)
#88 0 80000060     ef81 r 00         00000000  c.bnez   x15, . + 0x18
#89 0 80000078 fd842703 r 0e         0000000a  lw       x14, -0x28(x8)
#90 0 8000007c fdc42783 r 0f         00000005  lw       x15, -0x24(x8)
#91 0 80000080 02f767b3 r 0f         00000000  rem      x15, x14, x15
#92 0 80000084 fe440693 r 0d         f0040f24  addi     x13, x8, -0x1c
#93 0 80000088 fe840713 r 0e         f0040f28  addi     x14, x8, -0x18
#94 0 8000008c     863a r 0c         f0040f28  c.mv     x12, x14
#95 0 8000008e fdc42583 r 0b         00000005  lw       x11, -0x24(x8)
#96 0 80000092     853e r 0a         00000000  c.mv     x10, x15
#97 0 80000094     3f45 r 01         80000096  c.jal    . - 0x50
#98 0 80000044     7179 r 02         f0040ee0  c.addi16sp -0x3
#99 0 80000046     d606 m f0040f0c   80000096  c.swsp   x1, 0x2c
#100 0 80000048     d422 m f0040f08   f0040f40  c.swsp   x8, 0x28
#101 0 8000004a     1800 r 08         f0040f10  c.addi4spn  x8, 0xc
#102 0 8000004c fca42e23 m f0040eec   00000000  sw       x10, -0x24(x8)
#103 0 80000050 fcb42c23 m f0040ee8   00000005  sw       x11, -0x28(x8)
#104 0 80000054 fcc42a23 m f0040ee4   f0040f28  sw       x12, -0x2c(x8)
#105 0 80000058 fcd42823 m f0040ee0   f0040f24  sw       x13, -0x30(x8)
#106 0 8000005c fdc42783 r 0f         00000000  lw       x15, -0x24(x8)
#107 0 80000060     ef81 r 00         00000000  c.bnez   x15, . + 0x18
#108 0 80000062 fd442783 r 0f         f0040f28  lw       x15, -0x2c(x8)
#109 0 80000066 0007a023 m f0040f28   00000000  sw       x0, 0x0(x15)
#110 0 8000006a fd042783 r 0f         f0040f24  lw       x15, -0x30(x8)
#111 0 8000006e     4705 r 0e         00000001  c.li     x14, 0x1
#112 0 80000070     c398 m f0040f24   00000001  c.sw     x14, 0x0(x15)
#113 0 80000072 fd842783 r 0f         00000005  lw       x15, -0x28(x8)
#114 0 80000076     a889 r 00         00000000  c.j      . + 0x52
#115 0 800000c8     853e r 0a         00000005  c.mv     x10, x15
#116 0 800000ca     50b2 r 01         80000096  c.lwsp   x1, 0x2c
#117 0 800000cc     5422 r 08         f0040f40  c.lwsp   x8, 0x28
#118 0 800000ce     6145 r 02         f0040f10  c.addi16sp 0x3
#119 0 800000d0     8082 r 00         00000000  c.jr     x1
#120 0 80000096 fea42623 m f0040f2c   00000005  sw       x10, -0x14(x8)
#121 0 8000009a fe442703 r 0e         00000001  lw       x14, -0x1c(x8)
#122 0 8000009e fd842683 r 0d         0000000a  lw       x13, -0x28(x8)
#123 0 800000a2 fdc42783 r 0f         00000005  lw       x15, -0x24(x8)
#124 0 800000a6 02f6c6b3 r 0d         00000002  div      x13, x13, x15
#125 0 800000aa fe842783 r 0f         00000000  lw       x15, -0x18(x8)
#126 0 800000ae 02f687b3 r 0f         00000000  mul      x15, x13, x15
#127 0 800000b2     8f1d r 0e         00000001  c.sub    x14, x15
#128 0 800000b4 fd442783 r 0f         f0040f58  lw       x15, -0x2c(x8)
#129 0 800000b8     c398 m f0040f58   00000001  c.sw     x14, 0x0(x15)
#130 0 800000ba fe842703 r 0e         00000000  lw       x14, -0x18(x8)
#131 0 800000be fd042783 r 0f         f0040f54  lw       x15, -0x30(x8)
#132 0 800000c2     c398 m f0040f54   00000000  c.sw     x14, 0x0(x15)
#133 0 800000c4 fec42783 r 0f         00000005  lw       x15, -0x14(x8)
#134 0 800000c8     853e r 0a         00000005  c.mv     x10, x15
#135 0 800000ca     50b2 r 01         80000096  c.lwsp   x1, 0x2c
#136 0 800000cc     5422 r 08         f0040f70  c.lwsp   x8, 0x28
#137 0 800000ce     6145 r 02         f0040f40  c.addi16sp 0x3
#138 0 800000d0     8082 r 00         00000000  c.jr     x1
#139 0 80000096 fea42623 m f0040f5c   00000005  sw       x10, -0x14(x8)
#140 0 8000009a fe442703 r 0e         00000000  lw       x14, -0x1c(x8)
#141 0 8000009e fd842683 r 0d         00000019  lw       x13, -0x28(x8)
#142 0 800000a2 fdc42783 r 0f         0000000a  lw       x15, -0x24(x8)
#143 0 800000a6 02f6c6b3 r 0d         00000002  div      x13, x13, x15
#144 0 800000aa fe842783 r 0f         00000001  lw       x15, -0x18(x8)
#145 0 800000ae 02f687b3 r 0f         00000002  mul      x15, x13, x15
#146 0 800000b2     8f1d r 0e         fffffffe  c.sub    x14, x15
#147 0 800000b4 fd442783 r 0f         f0040f88  lw       x15, -0x2c(x8)
#148 0 800000b8     c398 m f0040f88   fffffffe  c.sw     x14, 0x0(x15)
#149 0 800000ba fe842703 r 0e         00000001  lw       x14, -0x18(x8)
#150 0 800000be fd042783 r 0f         f0040f84  lw       x15, -0x30(x8)
#151 0 800000c2     c398 m f0040f84   00000001  c.sw     x14, 0x0(x15)
#152 0 800000c4 fec42783 r 0f         00000005  lw       x15, -0x14(x8)
#153 0 800000c8     853e r 0a         00000005  c.mv     x10, x15
#154 0 800000ca     50b2 r 01         80000096  c.lwsp   x1, 0x2c
#155 0 800000cc     5422 r 08         f0040fa0  c.lwsp   x8, 0x28
#156 0 800000ce     6145 r 02         f0040f70  c.addi16sp 0x3
#157 0 800000d0     8082 r 00         00000000  c.jr     x1
#158 0 80000096 fea42623 m f0040f8c   00000005  sw       x10, -0x14(x8)
#159 0 8000009a fe442703 r 0e         00000001  lw       x14, -0x1c(x8)
#160 0 8000009e fd842683 r 0d         0000003c  lw       x13, -0x28(x8)
#161 0 800000a2 fdc42783 r 0f         00000019  lw       x15, -0x24(x8)
#162 0 800000a6 02f6c6b3 r 0d         00000002  div      x13, x13, x15
#163 0 800000aa fe842783 r 0f         fffffffe  lw       x15, -0x18(x8)
#164 0 800000ae 02f687b3 r 0f         fffffffc  mul      x15, x13, x15
#165 0 800000b2     8f1d r 0e         00000005  c.sub    x14, x15
#166 0 800000b4 fd442783 r 0f         f0040fb8  lw       x15, -0x2c(x8)
#167 0 800000b8     c398 m f0040fb8   00000005  c.sw     x14, 0x0(x15)
#168 0 800000ba fe842703 r 0e         fffffffe  lw       x14, -0x18(x8)
#169 0 800000be fd042783 r 0f         f0040fb4  lw       x15, -0x30(x8)
#170 0 800000c2     c398 m f0040fb4   fffffffe  c.sw     x14, 0x0(x15)
#171 0 800000c4 fec42783 r 0f         00000005  lw       x15, -0x14(x8)
#172 0 800000c8     853e r 0a         00000005  c.mv     x10, x15
#173 0 800000ca     50b2 r 01         80000096  c.lwsp   x1, 0x2c
#174 0 800000cc     5422 r 08         f0040fd0  c.lwsp   x8, 0x28
#175 0 800000ce     6145 r 02         f0040fa0  c.addi16sp 0x3
#176 0 800000d0     8082 r 00         00000000  c.jr     x1
#177 0 80000096 fea42623 m f0040fbc   00000005  sw       x10, -0x14(x8)
#178 0 8000009a fe442703 r 0e         fffffffe  lw       x14, -0x1c(x8)
#179 0 8000009e fd842683 r 0d         00000019  lw       x13, -0x28(x8)
#180 0 800000a2 fdc42783 r 0f         0000003c  lw       x15, -0x24(x8)
#181 0 800000a6 02f6c6b3 r 0d         00000000  div      x13, x13, x15
#182 0 800000aa fe842783 r 0f         00000005  lw       x15, -0x18(x8)
#183 0 800000ae 02f687b3 r 0f         00000000  mul      x15, x13, x15
#184 0 800000b2     8f1d r 0e         fffffffe  c.sub    x14, x15
#185 0 800000b4 fd442783 r 0f         f0040fe0  lw       x15, -0x2c(x8)
#186 0 800000b8     c398 m f0040fe0   fffffffe  c.sw     x14, 0x0(x15)
#187 0 800000ba fe842703 r 0e         00000005  lw       x14, -0x18(x8)
#188 0 800000be fd042783 r 0f         f0040fdc  lw       x15, -0x30(x8)
#189 0 800000c2     c398 m f0040fdc   00000005  c.sw     x14, 0x0(x15)
#190 0 800000c4 fec42783 r 0f         00000005  lw       x15, -0x14(x8)
#191 0 800000c8     853e r 0a         00000005  c.mv     x10, x15
#192 0 800000ca     50b2 r 01         800000fe  c.lwsp   x1, 0x2c
#193 0 800000cc     5422 r 08         f0041000  c.lwsp   x8, 0x28
#194 0 800000ce     6145 r 02         f0040fd0  c.addi16sp 0x3
#195 0 800000d0     8082 r 00         00000000  c.jr     x1
#196 0 800000fe fea42223 m f0040fe4   00000005  sw       x10, -0x1c(x8)
#197 0 80000102     0001 r 00         00000000  c.nop
#198 0 80000104     50b2 r 01         80000016  c.lwsp   x1, 0x2c
#199 0 80000106     5422 r 08         00000000  c.lwsp   x8, 0x28
#200 0 80000108     6145 r 02         f0041000  c.addi16sp 0x3
#201 0 8000010a     8082 r 00         00000000  c.jr     x1
#202 0 80000016 50580297 r 05         d0580016  auipc    x5, 0x50580
#203 0 8000001a fea28293 r 05         d0580000  addi     x5, x5, -0x16
#204 0 8000001e 0ff00313 r 06         000000ff  addi     x6, x0, 0xff
#205 0 80000022 00628023 m d0580000   000000ff  sb       x6, 0x0(x5)
