#1 0 80000000 595552b7 r 05         59555000  lui      x5, 0x59555
#2 0 80000004 55528293 r 05         59555555  addi     x5, x5, 0x555
#3 0 80000008 7c029073 c 07c0       59555555  csrrw    x0, mrac, x5
#4 0 8000000c 70041117 r 02         f004100c  auipc    x2, 0x70041
#5 0 80000010 03410113 r 02         f0041040  addi     x2, x2, 0x34
#6 0 80000014 18e000ef r 01         80000018  jal      x1, . + 0x18e
#7 0 800001a2     1141 r 02         f0041030  c.addi   x2, -0x10
#8 0 800001a4     c606 m f004103c   80000018  c.swsp   x1, 0xc
#9 0 800001a6     c422 m f0041038   00000000  c.swsp   x8, 0x8
#10 0 800001a8     0800 r 08         f0041040  c.addi4spn  x8, 0x4
#11 0 800001aa f00407b7 r 0f         f0040000  lui      x15, -0xffc0
#12 0 800001ae 00078513 r 0a         f0040000  addi     x10, x15, 0x0
#13 0 800001b2     3d51 r 01         800001b4  c.jal    . - 0x16c
#14 0 80000046     7159 r 02         f0040fc0  c.addi16sp -0x7
#15 0 80000048     d6a2 m f004102c   f0041040  c.swsp   x8, 0x6c
#16 0 8000004a     1880 r 08         f0041030  c.addi4spn  x8, 0x1c
#17 0 8000004c f8a42e23 m f0040fcc   f0040000  sw       x10, -0x64(x8)
#18 0 80000050 fe042623 m f004101c   00000000  sw       x0, -0x14(x8)
#19 0 80000054     a891 r 00         00000000  c.j      . + 0x54
#20 0 800000a8 fec42703 r 0e         00000000  lw       x14, -0x14(x8)
#21 0 800000ac     478d r 0f         00000003  c.li     x15, 0x3
#22 0 800000ae fae7d4e3 r 00         00000000  bge      x15, x14, . - 0x58
#23 0 80000056 fe042423 m f0041018   00000000  sw       x0, -0x18(x8)
#24 0 8000005a     a82d r 00         00000000  c.j      . + 0x3a
#25 0 80000094 fe842703 r 0e         00000000  lw       x14, -0x18(x8)
#26 0 80000098     478d r 0f         00000003  c.li     x15, 0x3
#27 0 8000009a fce7d1e3 r 00         00000000  bge      x15, x14, . - 0x3e
#28 0 8000005c fec42783 r 0f         00000000  lw       x15, -0x14(x8)
#29 0 80000060     0792 r 0f         00000000  c.slli   x15, 4
#30 0 80000062 f9c42703 r 0e         f0040000  lw       x14, -0x64(x8)
#31 0 80000066     973e r 0e         f0040000  c.add    x14, x15
#32 0 80000068 fe842783 r 0f         00000000  lw       x15, -0x18(x8)
#33 0 8000006c     078a r 0f         00000000  c.slli   x15, 2
#34 0 8000006e     97ba r 0f         f0040000  c.add    x15, x14
#35 0 80000070     4398 r 0e         00000000  c.lw     x14, 0x0(x15)
#36 0 80000072 fec42783 r 0f         00000000  lw       x15, -0x14(x8)
#37 0 80000076 00279693 r 0d         00000000  slli     x13, x15, 0x2
#38 0 8000007a fe842783 r 0f         00000000  lw       x15, -0x18(x8)
#39 0 8000007e     97b6 r 0f         00000000  c.add    x15, x13
#40 0 80000080     078a r 0f         00000000  c.slli   x15, 2
#41 0 80000082     17c1 r 0f         fffffff0  c.addi   x15, -0x10
#42 0 80000084     97a2 r 0f         f0041020  c.add    x15, x8
#43 0 80000086 fae7aa23 m f0040fd4   00000000  sw       x14, -0x4c(x15)
#44 0 8000008a fe842783 r 0f         00000000  lw       x15, -0x18(x8)
#45 0 8000008e     0785 r 0f         00000001  c.addi   x15, 0x1
#46 0 80000090 fef42423 m f0041018   00000001  sw       x15, -0x18(x8)
#47 0 80000094 fe842703 r 0e         00000001  lw       x14, -0x18(x8)
#48 0 80000098     478d r 0f         00000003  c.li     x15, 0x3
#49 0 8000009a fce7d1e3 r 00         00000000  bge      x15, x14, . - 0x3e
#50 0 8000005c fec42783 r 0f         00000000  lw       x15, -0x14(x8)
#51 0 80000060     0792 r 0f         00000000  c.slli   x15, 4
#52 0 80000062 f9c42703 r 0e         f0040000  lw       x14, -0x64(x8)
#53 0 80000066     973e r 0e         f0040000  c.add    x14, x15
#54 0 80000068 fe842783 r 0f         00000001  lw       x15, -0x18(x8)
#55 0 8000006c     078a r 0f         00000004  c.slli   x15, 2
#56 0 8000006e     97ba r 0f         f0040004  c.add    x15, x14
#57 0 80000070     4398 r 0e         00000005  c.lw     x14, 0x0(x15)
#58 0 80000072 fec42783 r 0f         00000000  lw       x15, -0x14(x8)
#59 0 80000076 00279693 r 0d         00000000  slli     x13, x15, 0x2
#60 0 8000007a fe842783 r 0f         00000001  lw       x15, -0x18(x8)
#61 0 8000007e     97b6 r 0f         00000001  c.add    x15, x13
#62 0 80000080     078a r 0f         00000004  c.slli   x15, 2
#63 0 80000082     17c1 r 0f         fffffff4  c.addi   x15, -0x10
#64 0 80000084     97a2 r 0f         f0041024  c.add    x15, x8
#65 0 80000086 fae7aa23 m f0040fd8   00000005  sw       x14, -0x4c(x15)
#66 0 8000008a fe842783 r 0f         00000001  lw       x15, -0x18(x8)
#67 0 8000008e     0785 r 0f         00000002  c.addi   x15, 0x1
#68 0 80000090 fef42423 m f0041018   00000002  sw       x15, -0x18(x8)
#69 0 80000094 fe842703 r 0e         00000002  lw       x14, -0x18(x8)
#70 0 80000098     478d r 0f         00000003  c.li     x15, 0x3
#71 0 8000009a fce7d1e3 r 00         00000000  bge      x15, x14, . - 0x3e
#72 0 8000005c fec42783 r 0f         00000000  lw       x15, -0x14(x8)
#73 0 80000060     0792 r 0f         00000000  c.slli   x15, 4
#74 0 80000062 f9c42703 r 0e         f0040000  lw       x14, -0x64(x8)
#75 0 80000066     973e r 0e         f0040000  c.add    x14, x15
#76 0 80000068 fe842783 r 0f         00000002  lw       x15, -0x18(x8)
#77 0 8000006c     078a r 0f         00000008  c.slli   x15, 2
#78 0 8000006e     97ba r 0f         f0040008  c.add    x15, x14
#79 0 80000070     4398 r 0e         0001869f  c.lw     x14, 0x0(x15)
#80 0 80000072 fec42783 r 0f         00000000  lw       x15, -0x14(x8)
#81 0 80000076 00279693 r 0d         00000000  slli     x13, x15, 0x2
#82 0 8000007a fe842783 r 0f         00000002  lw       x15, -0x18(x8)
#83 0 8000007e     97b6 r 0f         00000002  c.add    x15, x13
#84 0 80000080     078a r 0f         00000008  c.slli   x15, 2
#85 0 80000082     17c1 r 0f         fffffff8  c.addi   x15, -0x10
#86 0 80000084     97a2 r 0f         f0041028  c.add    x15, x8
#87 0 80000086 fae7aa23 m f0040fdc   0001869f  sw       x14, -0x4c(x15)
#88 0 8000008a fe842783 r 0f         00000002  lw       x15, -0x18(x8)
#89 0 8000008e     0785 r 0f         00000003  c.addi   x15, 0x1
#90 0 80000090 fef42423 m f0041018   00000003  sw       x15, -0x18(x8)
#91 0 80000094 fe842703 r 0e         00000003  lw       x14, -0x18(x8)
#92 0 80000098     478d r 0f         00000003  c.li     x15, 0x3
#93 0 8000009a fce7d1e3 r 00         00000000  bge      x15, x14, . - 0x3e
#94 0 8000005c fec42783 r 0f         00000000  lw       x15, -0x14(x8)
#95 0 80000060     0792 r 0f         00000000  c.slli   x15, 4
#96 0 80000062 f9c42703 r 0e         f0040000  lw       x14, -0x64(x8)
#97 0 80000066     973e r 0e         f0040000  c.add    x14, x15
#98 0 80000068 fe842783 r 0f         00000003  lw       x15, -0x18(x8)
#99 0 8000006c     078a r 0f         0000000c  c.slli   x15, 2
#100 0 8000006e     97ba r 0f         f004000c  c.add    x15, x14
#101 0 80000070     4398 r 0e         0000000a  c.lw     x14, 0x0(x15)
#102 0 80000072 fec42783 r 0f         00000000  lw       x15, -0x14(x8)
#103 0 80000076 00279693 r 0d         00000000  slli     x13, x15, 0x2
#104 0 8000007a fe842783 r 0f         00000003  lw       x15, -0x18(x8)
#105 0 8000007e     97b6 r 0f         00000003  c.add    x15, x13
#106 0 80000080     078a r 0f         0000000c  c.slli   x15, 2
#107 0 80000082     17c1 r 0f         fffffffc  c.addi   x15, -0x10
#108 0 80000084     97a2 r 0f         f004102c  c.add    x15, x8
#109 0 80000086 fae7aa23 m f0040fe0   0000000a  sw       x14, -0x4c(x15)
#110 0 8000008a fe842783 r 0f         00000003  lw       x15, -0x18(x8)
#111 0 8000008e     0785 r 0f         00000004  c.addi   x15, 0x1
#112 0 80000090 fef42423 m f0041018   00000004  sw       x15, -0x18(x8)
#113 0 80000094 fe842703 r 0e         00000004  lw       x14, -0x18(x8)
#114 0 80000098     478d r 0f         00000003  c.li     x15, 0x3
#115 0 8000009a fce7d1e3 r 00         00000000  bge      x15, x14, . - 0x3e
#116 0 8000009e fec42783 r 0f         00000000  lw       x15, -0x14(x8)
#117 0 800000a2     0785 r 0f         00000001  c.addi   x15, 0x1
#118 0 800000a4 fef42623 m f004101c   00000001  sw       x15, -0x14(x8)
#119 0 800000a8 fec42703 r 0e         00000001  lw       x14, -0x14(x8)
#120 0 800000ac     478d r 0f         00000003  c.li     x15, 0x3
#121 0 800000ae fae7d4e3 r 00         00000000  bge      x15, x14, . - 0x58
#122 0 80000056 fe042423 m f0041018   00000000  sw       x0, -0x18(x8)
#123 0 8000005a     a82d r 00         00000000  c.j      . + 0x3a
#124 0 80000094 fe842703 r 0e         00000000  lw       x14, -0x18(x8)
#125 0 80000098     478d r 0f         00000003  c.li     x15, 0x3
#126 0 8000009a fce7d1e3 r 00         00000000  bge      x15, x14, . - 0x3e
#127 0 8000005c fec42783 r 0f         00000001  lw       x15, -0x14(x8)
#128 0 80000060     0792 r 0f         00000010  c.slli   x15, 4
#129 0 80000062 f9c42703 r 0e         f0040000  lw       x14, -0x64(x8)
#130 0 80000066     973e r 0e         f0040010  c.add    x14, x15
#131 0 80000068 fe842783 r 0f         00000000  lw       x15, -0x18(x8)
#132 0 8000006c     078a r 0f         00000000  c.slli   x15, 2
#133 0 8000006e     97ba r 0f         f0040010  c.add    x15, x14
#134 0 80000070     4398 r 0e         0001869f  c.lw     x14, 0x0(x15)
#135 0 80000072 fec42783 r 0f         00000001  lw       x15, -0x14(x8)
#136 0 80000076 00279693 r 0d         00000004  slli     x13, x15, 0x2
#137 0 8000007a fe842783 r 0f         00000000  lw       x15, -0x18(x8)
#138 0 8000007e     97b6 r 0f         00000004  c.add    x15, x13
#139 0 80000080     078a r 0f         00000010  c.slli   x15, 2
#140 0 80000082     17c1 r 0f         00000000  c.addi   x15, -0x10
#141 0 80000084     97a2 r 0f         f0041030  c.add    x15, x8
#142 0 80000086 fae7aa23 m f0040fe4   0001869f  sw       x14, -0x4c(x15)
#143 0 8000008a fe842783 r 0f         00000000  lw       x15, -0x18(x8)
#144 0 8000008e     0785 r 0f         00000001  c.addi   x15, 0x1
#145 0 80000090 fef42423 m f0041018   00000001  sw       x15, -0x18(x8)
#146 0 80000094 fe842703 r 0e         00000001  lw       x14, -0x18(x8)
#147 0 80000098     478d r 0f         00000003  c.li     x15, 0x3
#148 0 8000009a fce7d1e3 r 00         00000000  bge      x15, x14, . - 0x3e
#149 0 8000005c fec42783 r 0f         00000001  lw       x15, -0x14(x8)
#150 0 80000060     0792 r 0f         00000010  c.slli   x15, 4
#151 0 80000062 f9c42703 r 0e         f0040000  lw       x14, -0x64(x8)
#152 0 80000066     973e r 0e         f0040010  c.add    x14, x15
#153 0 80000068 fe842783 r 0f         00000001  lw       x15, -0x18(x8)
#154 0 8000006c     078a r 0f         00000004  c.slli   x15, 2
#155 0 8000006e     97ba r 0f         f0040014  c.add    x15, x14
#156 0 80000070     4398 r 0e         00000000  c.lw     x14, 0x0(x15)
#157 0 80000072 fec42783 r 0f         00000001  lw       x15, -0x14(x8)
#158 0 80000076 00279693 r 0d         00000004  slli     x13, x15, 0x2
#159 0 8000007a fe842783 r 0f         00000001  lw       x15, -0x18(x8)
#160 0 8000007e     97b6 r 0f         00000005  c.add    x15, x13
#161 0 80000080     078a r 0f         00000014  c.slli   x15, 2
#162 0 80000082     17c1 r 0f         00000004  c.addi   x15, -0x10
#163 0 80000084     97a2 r 0f         f0041034  c.add    x15, x8
#164 0 80000086 fae7aa23 m f0040fe8   00000000  sw       x14, -0x4c(x15)
#165 0 8000008a fe842783 r 0f         00000001  lw       x15, -0x18(x8)
#166 0 8000008e     0785 r 0f         00000002  c.addi   x15, 0x1
#167 0 80000090 fef42423 m f0041018   00000002  sw       x15, -0x18(x8)
#168 0 80000094 fe842703 r 0e         00000002  lw       x14, -0x18(x8)
#169 0 80000098     478d r 0f         00000003  c.li     x15, 0x3
#170 0 8000009a fce7d1e3 r 00         00000000  bge      x15, x14, . - 0x3e
#171 0 8000005c fec42783 r 0f         00000001  lw       x15, -0x14(x8)
#172 0 80000060     0792 r 0f         00000010  c.slli   x15, 4
#173 0 80000062 f9c42703 r 0e         f0040000  lw       x14, -0x64(x8)
#174 0 80000066     973e r 0e         f0040010  c.add    x14, x15
#175 0 80000068 fe842783 r 0f         00000002  lw       x15, -0x18(x8)
#176 0 8000006c     078a r 0f         00000008  c.slli   x15, 2
#177 0 8000006e     97ba r 0f         f0040018  c.add    x15, x14
#178 0 80000070     4398 r 0e         00000003  c.lw     x14, 0x0(x15)
#179 0 80000072 fec42783 r 0f         00000001  lw       x15, -0x14(x8)
#180 0 80000076 00279693 r 0d         00000004  slli     x13, x15, 0x2
#181 0 8000007a fe842783 r 0f         00000002  lw       x15, -0x18(x8)
#182 0 8000007e     97b6 r 0f         00000006  c.add    x15, x13
#183 0 80000080     078a r 0f         00000018  c.slli   x15, 2
#184 0 80000082     17c1 r 0f         00000008  c.addi   x15, -0x10
#185 0 80000084     97a2 r 0f         f0041038  c.add    x15, x8
#186 0 80000086 fae7aa23 m f0040fec   00000003  sw       x14, -0x4c(x15)
#187 0 8000008a fe842783 r 0f         00000002  lw       x15, -0x18(x8)
#188 0 8000008e     0785 r 0f         00000003  c.addi   x15, 0x1
#189 0 80000090 fef42423 m f0041018   00000003  sw       x15, -0x18(x8)
#190 0 80000094 fe842703 r 0e         00000003  lw       x14, -0x18(x8)
#191 0 80000098     478d r 0f         00000003  c.li     x15, 0x3
#192 0 8000009a fce7d1e3 r 00         00000000  bge      x15, x14, . - 0x3e
#193 0 8000005c fec42783 r 0f         00000001  lw       x15, -0x14(x8)
#194 0 80000060     0792 r 0f         00000010  c.slli   x15, 4
#195 0 80000062 f9c42703 r 0e         f0040000  lw       x14, -0x64(x8)
#196 0 80000066     973e r 0e         f0040010  c.add    x14, x15
#197 0 80000068 fe842783 r 0f         00000003  lw       x15, -0x18(x8)
#198 0 8000006c     078a r 0f         0000000c  c.slli   x15, 2
#199 0 8000006e     97ba r 0f         f004001c  c.add    x15, x14
#200 0 80000070     4398 r 0e         0001869f  c.lw     x14, 0x0(x15)
#201 0 80000072 fec42783 r 0f         00000001  lw       x15, -0x14(x8)
#202 0 80000076 00279693 r 0d         00000004  slli     x13, x15, 0x2
#203 0 8000007a fe842783 r 0f         00000003  lw       x15, -0x18(x8)
#204 0 8000007e     97b6 r 0f         00000007  c.add    x15, x13
#205 0 80000080     078a r 0f         0000001c  c.slli   x15, 2
#206 0 80000082     17c1 r 0f         0000000c  c.addi   x15, -0x10
#207 0 80000084     97a2 r 0f         f004103c  c.add    x15, x8
#208 0 80000086 fae7aa23 m f0040ff0   0001869f  sw       x14, -0x4c(x15)
#209 0 8000008a fe842783 r 0f         00000003  lw       x15, -0x18(x8)
#210 0 8000008e     0785 r 0f         00000004  c.addi   x15, 0x1
#211 0 80000090 fef42423 m f0041018   00000004  sw       x15, -0x18(x8)
#212 0 80000094 fe842703 r 0e         00000004  lw       x14, -0x18(x8)
#213 0 80000098     478d r 0f         00000003  c.li     x15, 0x3
#214 0 8000009a fce7d1e3 r 00         00000000  bge      x15, x14, . - 0x3e
#215 0 8000009e fec42783 r 0f         00000001  lw       x15, -0x14(x8)
#216 0 800000a2     0785 r 0f         00000002  c.addi   x15, 0x1
#217 0 800000a4 fef42623 m f004101c   00000002  sw       x15, -0x14(x8)
#218 0 800000a8 fec42703 r 0e         00000002  lw       x14, -0x14(x8)
#219 0 800000ac     478d r 0f         00000003  c.li     x15, 0x3
#220 0 800000ae fae7d4e3 r 00         00000000  bge      x15, x14, . - 0x58
#221 0 80000056 fe042423 m f0041018   00000000  sw       x0, -0x18(x8)
#222 0 8000005a     a82d r 00         00000000  c.j      . + 0x3a
#223 0 80000094 fe842703 r 0e         00000000  lw       x14, -0x18(x8)
#224 0 80000098     478d r 0f         00000003  c.li     x15, 0x3
#225 0 8000009a fce7d1e3 r 00         00000000  bge      x15, x14, . - 0x3e
#226 0 8000005c fec42783 r 0f         00000002  lw       x15, -0x14(x8)
#227 0 80000060     0792 r 0f         00000020  c.slli   x15, 4
#228 0 80000062 f9c42703 r 0e         f0040000  lw       x14, -0x64(x8)
#229 0 80000066     973e r 0e         f0040020  c.add    x14, x15
#230 0 80000068 fe842783 r 0f         00000000  lw       x15, -0x18(x8)
#231 0 8000006c     078a r 0f         00000000  c.slli   x15, 2
#232 0 8000006e     97ba r 0f         f0040020  c.add    x15, x14
#233 0 80000070     4398 r 0e         0001869f  c.lw     x14, 0x0(x15)
#234 0 80000072 fec42783 r 0f         00000002  lw       x15, -0x14(x8)
#235 0 80000076 00279693 r 0d         00000008  slli     x13, x15, 0x2
#236 0 8000007a fe842783 r 0f         00000000  lw       x15, -0x18(x8)
#237 0 8000007e     97b6 r 0f         00000008  c.add    x15, x13
#238 0 80000080     078a r 0f         00000020  c.slli   x15, 2
#239 0 80000082     17c1 r 0f         00000010  c.addi   x15, -0x10
#240 0 80000084     97a2 r 0f         f0041040  c.add    x15, x8
#241 0 80000086 fae7aa23 m f0040ff4   0001869f  sw       x14, -0x4c(x15)
#242 0 8000008a fe842783 r 0f         00000000  lw       x15, -0x18(x8)
#243 0 8000008e     0785 r 0f         00000001  c.addi   x15, 0x1
#244 0 80000090 fef42423 m f0041018   00000001  sw       x15, -0x18(x8)
#245 0 80000094 fe842703 r 0e         00000001  lw       x14, -0x18(x8)
#246 0 80000098     478d r 0f         00000003  c.li     x15, 0x3
#247 0 8000009a fce7d1e3 r 00         00000000  bge      x15, x14, . - 0x3e
#248 0 8000005c fec42783 r 0f         00000002  lw       x15, -0x14(x8)
#249 0 80000060     0792 r 0f         00000020  c.slli   x15, 4
#250 0 80000062 f9c42703 r 0e         f0040000  lw       x14, -0x64(x8)
#251 0 80000066     973e r 0e         f0040020  c.add    x14, x15
#252 0 80000068 fe842783 r 0f         00000001  lw       x15, -0x18(x8)
#253 0 8000006c     078a r 0f         00000004  c.slli   x15, 2
#254 0 8000006e     97ba r 0f         f0040024  c.add    x15, x14
#255 0 80000070     4398 r 0e         0001869f  c.lw     x14, 0x0(x15)
#256 0 80000072 fec42783 r 0f         00000002  lw       x15, -0x14(x8)
#257 0 80000076 00279693 r 0d         00000008  slli     x13, x15, 0x2
#258 0 8000007a fe842783 r 0f         00000001  lw       x15, -0x18(x8)
#259 0 8000007e     97b6 r 0f         00000009  c.add    x15, x13
#260 0 80000080     078a r 0f         00000024  c.slli   x15, 2
#261 0 80000082     17c1 r 0f         00000014  c.addi   x15, -0x10
#262 0 80000084     97a2 r 0f         f0041044  c.add    x15, x8
#263 0 80000086 fae7aa23 m f0040ff8   0001869f  sw       x14, -0x4c(x15)
#264 0 8000008a fe842783 r 0f         00000001  lw       x15, -0x18(x8)
#265 0 8000008e     0785 r 0f         00000002  c.addi   x15, 0x1
#266 0 80000090 fef42423 m f0041018   00000002  sw       x15, -0x18(x8)
#267 0 80000094 fe842703 r 0e         00000002  lw       x14, -0x18(x8)
#268 0 80000098     478d r 0f         00000003  c.li     x15, 0x3
#269 0 8000009a fce7d1e3 r 00         00000000  bge      x15, x14, . - 0x3e
#270 0 8000005c fec42783 r 0f         00000002  lw       x15, -0x14(x8)
#271 0 80000060     0792 r 0f         00000020  c.slli   x15, 4
#272 0 80000062 f9c42703 r 0e         f0040000  lw       x14, -0x64(x8)
#273 0 80000066     973e r 0e         f0040020  c.add    x14, x15
#274 0 80000068 fe842783 r 0f         00000002  lw       x15, -0x18(x8)
#275 0 8000006c     078a r 0f         00000008  c.slli   x15, 2
#276 0 8000006e     97ba r 0f         f0040028  c.add    x15, x14
#277 0 80000070     4398 r 0e         00000000  c.lw     x14, 0x0(x15)
#278 0 80000072 fec42783 r 0f         00000002  lw       x15, -0x14(x8)
#279 0 80000076 00279693 r 0d         00000008  slli     x13, x15, 0x2
#280 0 8000007a fe842783 r 0f         00000002  lw       x15, -0x18(x8)
#281 0 8000007e     97b6 r 0f         0000000a  c.add    x15, x13
#282 0 80000080     078a r 0f         00000028  c.slli   x15, 2
#283 0 80000082     17c1 r 0f         00000018  c.addi   x15, -0x10
#284 0 80000084     97a2 r 0f         f0041048  c.add    x15, x8
#285 0 80000086 fae7aa23 m f0040ffc   00000000  sw       x14, -0x4c(x15)
#286 0 8000008a fe842783 r 0f         00000002  lw       x15, -0x18(x8)
#287 0 8000008e     0785 r 0f         00000003  c.addi   x15, 0x1
#288 0 80000090 fef42423 m f0041018   00000003  sw       x15, -0x18(x8)
#289 0 80000094 fe842703 r 0e         00000003  lw       x14, -0x18(x8)
#290 0 80000098     478d r 0f         00000003  c.li     x15, 0x3
#291 0 8000009a fce7d1e3 r 00         00000000  bge      x15, x14, . - 0x3e
#292 0 8000005c fec42783 r 0f         00000002  lw       x15, -0x14(x8)
#293 0 80000060     0792 r 0f         00000020  c.slli   x15, 4
#294 0 80000062 f9c42703 r 0e         f0040000  lw       x14, -0x64(x8)
#295 0 80000066     973e r 0e         f0040020  c.add    x14, x15
#296 0 80000068 fe842783 r 0f         00000003  lw       x15, -0x18(x8)
#297 0 8000006c     078a r 0f         0000000c  c.slli   x15, 2
#298 0 8000006e     97ba r 0f         f004002c  c.add    x15, x14
#299 0 80000070     4398 r 0e         00000001  c.lw     x14, 0x0(x15)
#300 0 80000072 fec42783 r 0f         00000002  lw       x15, -0x14(x8)
#301 0 80000076 00279693 r 0d         00000008  slli     x13, x15, 0x2
#302 0 8000007a fe842783 r 0f         00000003  lw       x15, -0x18(x8)
#303 0 8000007e     97b6 r 0f         0000000b  c.add    x15, x13
#304 0 80000080     078a r 0f         0000002c  c.slli   x15, 2
#305 0 80000082     17c1 r 0f         0000001c  c.addi   x15, -0x10
#306 0 80000084     97a2 r 0f         f004104c  c.add    x15, x8
#307 0 80000086 fae7aa23 m f0041000   00000001  sw       x14, -0x4c(x15)
#308 0 8000008a fe842783 r 0f         00000003  lw       x15, -0x18(x8)
#309 0 8000008e     0785 r 0f         00000004  c.addi   x15, 0x1
#310 0 80000090 fef42423 m f0041018   00000004  sw       x15, -0x18(x8)
#311 0 80000094 fe842703 r 0e         00000004  lw       x14, -0x18(x8)
#312 0 80000098     478d r 0f         00000003  c.li     x15, 0x3
#313 0 8000009a fce7d1e3 r 00         00000000  bge      x15, x14, . - 0x3e
#314 0 8000009e fec42783 r 0f         00000002  lw       x15, -0x14(x8)
#315 0 800000a2     0785 r 0f         00000003  c.addi   x15, 0x1
#316 0 800000a4 fef42623 m f004101c   00000003  sw       x15, -0x14(x8)
#317 0 800000a8 fec42703 r 0e         00000003  lw       x14, -0x14(x8)
#318 0 800000ac     478d r 0f         00000003  c.li     x15, 0x3
#319 0 800000ae fae7d4e3 r 00         00000000  bge      x15, x14, . - 0x58
#320 0 80000056 fe042423 m f0041018   00000000  sw       x0, -0x18(x8)
#321 0 8000005a     a82d r 00         00000000  c.j      . + 0x3a
#322 0 80000094 fe842703 r 0e         00000000  lw       x14, -0x18(x8)
#323 0 80000098     478d r 0f         00000003  c.li     x15, 0x3
#324 0 8000009a fce7d1e3 r 00         00000000  bge      x15, x14, . - 0x3e
#325 0 8000005c fec42783 r 0f         00000003  lw       x15, -0x14(x8)
#326 0 80000060     0792 r 0f         00000030  c.slli   x15, 4
#327 0 80000062 f9c42703 r 0e         f0040000  lw       x14, -0x64(x8)
#328 0 80000066     973e r 0e         f0040030  c.add    x14, x15
#329 0 80000068 fe842783 r 0f         00000000  lw       x15, -0x18(x8)
#330 0 8000006c     078a r 0f         00000000  c.slli   x15, 2
#331 0 8000006e     97ba r 0f         f0040030  c.add    x15, x14
#332 0 80000070     4398 r 0e         0001869f  c.lw     x14, 0x0(x15)
#333 0 80000072 fec42783 r 0f         00000003  lw       x15, -0x14(x8)
#334 0 80000076 00279693 r 0d         0000000c  slli     x13, x15, 0x2
#335 0 8000007a fe842783 r 0f         00000000  lw       x15, -0x18(x8)
#336 0 8000007e     97b6 r 0f         0000000c  c.add    x15, x13
#337 0 80000080     078a r 0f         00000030  c.slli   x15, 2
#338 0 80000082     17c1 r 0f         00000020  c.addi   x15, -0x10
#339 0 80000084     97a2 r 0f         f0041050  c.add    x15, x8
#340 0 80000086 fae7aa23 m f0041004   0001869f  sw       x14, -0x4c(x15)
#341 0 8000008a fe842783 r 0f         00000000  lw       x15, -0x18(x8)
#342 0 8000008e     0785 r 0f         00000001  c.addi   x15, 0x1
#343 0 80000090 fef42423 m f0041018   00000001  sw       x15, -0x18(x8)
#344 0 80000094 fe842703 r 0e         00000001  lw       x14, -0x18(x8)
#345 0 80000098     478d r 0f         00000003  c.li     x15, 0x3
#346 0 8000009a fce7d1e3 r 00         00000000  bge      x15, x14, . - 0x3e
#347 0 8000005c fec42783 r 0f         00000003  lw       x15, -0x14(x8)
#348 0 80000060     0792 r 0f         00000030  c.slli   x15, 4
#349 0 80000062 f9c42703 r 0e         f0040000  lw       x14, -0x64(x8)
#350 0 80000066     973e r 0e         f0040030  c.add    x14, x15
#351 0 80000068 fe842783 r 0f         00000001  lw       x15, -0x18(x8)
#352 0 8000006c     078a r 0f         00000004  c.slli   x15, 2
#353 0 8000006e     97ba r 0f         f0040034  c.add    x15, x14
#354 0 80000070     4398 r 0e         0001869f  c.lw     x14, 0x0(x15)
#355 0 80000072 fec42783 r 0f         00000003  lw       x15, -0x14(x8)
#356 0 80000076 00279693 r 0d         0000000c  slli     x13, x15, 0x2
#357 0 8000007a fe842783 r 0f         00000001  lw       x15, -0x18(x8)
#358 0 8000007e     97b6 r 0f         0000000d  c.add    x15, x13
#359 0 80000080     078a r 0f         00000034  c.slli   x15, 2
#360 0 80000082     17c1 r 0f         00000024  c.addi   x15, -0x10
#361 0 80000084     97a2 r 0f         f0041054  c.add    x15, x8
#362 0 80000086 fae7aa23 m f0041008   0001869f  sw       x14, -0x4c(x15)
#363 0 8000008a fe842783 r 0f         00000001  lw       x15, -0x18(x8)
#364 0 8000008e     0785 r 0f         00000002  c.addi   x15, 0x1
#365 0 80000090 fef42423 m f0041018   00000002  sw       x15, -0x18(x8)
#366 0 80000094 fe842703 r 0e         00000002  lw       x14, -0x18(x8)
#367 0 80000098     478d r 0f         00000003  c.li     x15, 0x3
#368 0 8000009a fce7d1e3 r 00         00000000  bge      x15, x14, . - 0x3e
#369 0 8000005c fec42783 r 0f         00000003  lw       x15, -0x14(x8)
#370 0 80000060     0792 r 0f         00000030  c.slli   x15, 4
#371 0 80000062 f9c42703 r 0e         f0040000  lw       x14, -0x64(x8)
#372 0 80000066     973e r 0e         f0040030  c.add    x14, x15
#373 0 80000068 fe842783 r 0f         00000002  lw       x15, -0x18(x8)
#374 0 8000006c     078a r 0f         00000008  c.slli   x15, 2
#375 0 8000006e     97ba r 0f         f0040038  c.add    x15, x14
#376 0 80000070     4398 r 0e         0001869f  c.lw     x14, 0x0(x15)
#377 0 80000072 fec42783 r 0f         00000003  lw       x15, -0x14(x8)
#378 0 80000076 00279693 r 0d         0000000c  slli     x13, x15, 0x2
#379 0 8000007a fe842783 r 0f         00000002  lw       x15, -0x18(x8)
#380 0 8000007e     97b6 r 0f         0000000e  c.add    x15, x13
#381 0 80000080     078a r 0f         00000038  c.slli   x15, 2
#382 0 80000082     17c1 r 0f         00000028  c.addi   x15, -0x10
#383 0 80000084     97a2 r 0f         f0041058  c.add    x15, x8
#384 0 80000086 fae7aa23 m f004100c   0001869f  sw       x14, -0x4c(x15)
#385 0 8000008a fe842783 r 0f         00000002  lw       x15, -0x18(x8)
#386 0 8000008e     0785 r 0f         00000003  c.addi   x15, 0x1
#387 0 80000090 fef42423 m f0041018   00000003  sw       x15, -0x18(x8)
#388 0 80000094 fe842703 r 0e         00000003  lw       x14, -0x18(x8)
#389 0 80000098     478d r 0f         00000003  c.li     x15, 0x3
#390 0 8000009a fce7d1e3 r 00         00000000  bge      x15, x14, . - 0x3e
#391 0 8000005c fec42783 r 0f         00000003  lw       x15, -0x14(x8)
#392 0 80000060     0792 r 0f         00000030  c.slli   x15, 4
#393 0 80000062 f9c42703 r 0e         f0040000  lw       x14, -0x64(x8)
#394 0 80000066     973e r 0e         f0040030  c.add    x14, x15
#395 0 80000068 fe842783 r 0f         00000003  lw       x15, -0x18(x8)
#396 0 8000006c     078a r 0f         0000000c  c.slli   x15, 2
#397 0 8000006e     97ba r 0f         f004003c  c.add    x15, x14
#398 0 80000070     4398 r 0e         00000000  c.lw     x14, 0x0(x15)
#399 0 80000072 fec42783 r 0f         00000003  lw       x15, -0x14(x8)
#400 0 80000076 00279693 r 0d         0000000c  slli     x13, x15, 0x2
#401 0 8000007a fe842783 r 0f         00000003  lw       x15, -0x18(x8)
#402 0 8000007e     97b6 r 0f         0000000f  c.add    x15, x13
#403 0 80000080     078a r 0f         0000003c  c.slli   x15, 2
#404 0 80000082     17c1 r 0f         0000002c  c.addi   x15, -0x10
#405 0 80000084     97a2 r 0f         f004105c  c.add    x15, x8
#406 0 80000086 fae7aa23 m f0041010   00000000  sw       x14, -0x4c(x15)
#407 0 8000008a fe842783 r 0f         00000003  lw       x15, -0x18(x8)
#408 0 8000008e     0785 r 0f         00000004  c.addi   x15, 0x1
#409 0 80000090 fef42423 m f0041018   00000004  sw       x15, -0x18(x8)
#410 0 80000094 fe842703 r 0e         00000004  lw       x14, -0x18(x8)
#411 0 80000098     478d r 0f         00000003  c.li     x15, 0x3
#412 0 8000009a fce7d1e3 r 00         00000000  bge      x15, x14, . - 0x3e
#413 0 8000009e fec42783 r 0f         00000003  lw       x15, -0x14(x8)
#414 0 800000a2     0785 r 0f         00000004  c.addi   x15, 0x1
#415 0 800000a4 fef42623 m f004101c   00000004  sw       x15, -0x14(x8)
#416 0 800000a8 fec42703 r 0e         00000004  lw       x14, -0x14(x8)
#417 0 800000ac     478d r 0f         00000003  c.li     x15, 0x3
#418 0 800000ae fae7d4e3 r 00         00000000  bge      x15, x14, . - 0x58
#419 0 800000b2 fe042223 m f0041014   00000000  sw       x0, -0x1c(x8)
#420 0 800000b6     a8e1 r 00         00000000  c.j      . + 0xd8
#421 0 8000018e fe442703 r 0e         00000000  lw       x14, -0x1c(x8)
#422 0 80000192     478d r 0f         00000003  c.li     x15, 0x3
#423 0 80000194 f2e7d2e3 r 00         00000000  bge      x15, x14, . - 0xdc
#424 0 800000b8 fe042623 m f004101c   00000000  sw       x0, -0x14(x8)
#425 0 800000bc     a87d r 00         00000000  c.j      . + 0xbe
#426 0 8000017a fec42703 r 0e         00000000  lw       x14, -0x14(x8)
#427 0 8000017e     478d r 0f         00000003  c.li     x15, 0x3
#428 0 80000180 f2e7dfe3 r 00         00000000  bge      x15, x14, . - 0xc2
#429 0 800000be fe042423 m f0041018   00000000  sw       x0, -0x18(x8)
#430 0 800000c2     a055 r 00         00000000  c.j      . + 0xa4
#431 0 80000166 fe842703 r 0e         00000000  lw       x14, -0x18(x8)
#432 0 8000016a     478d r 0f         00000003  c.li     x15, 0x3
#433 0 8000016c f4e7dce3 r 00         00000000  bge      x15, x14, . - 0xa8
#434 0 800000c4 fec42783 r 0f         00000000  lw       x15, -0x14(x8)
#435 0 800000c8 00279713 r 0e         00000000  slli     x14, x15, 0x2
#436 0 800000cc fe442783 r 0f         00000000  lw       x15, -0x1c(x8)
#437 0 800000d0     97ba r 0f         00000000  c.add    x15, x14
#438 0 800000d2     078a r 0f         00000000  c.slli   x15, 2
#439 0 800000d4     17c1 r 0f         fffffff0  c.addi   x15, -0x10
#440 0 800000d6     97a2 r 0f         f0041020  c.add    x15, x8
#441 0 800000d8 fb47a703 r 0e         00000000  lw       x14, -0x4c(x15)
#442 0 800000dc fe442783 r 0f         00000000  lw       x15, -0x1c(x8)
#443 0 800000e0 00279693 r 0d         00000000  slli     x13, x15, 0x2
#444 0 800000e4 fe842783 r 0f         00000000  lw       x15, -0x18(x8)
#445 0 800000e8     97b6 r 0f         00000000  c.add    x15, x13
#446 0 800000ea     078a r 0f         00000000  c.slli   x15, 2
#447 0 800000ec     17c1 r 0f         fffffff0  c.addi   x15, -0x10
#448 0 800000ee     97a2 r 0f         f0041020  c.add    x15, x8
#449 0 800000f0 fb47a783 r 0f         00000000  lw       x15, -0x4c(x15)
#450 0 800000f4     973e r 0e         00000000  c.add    x14, x15
#451 0 800000f6 fec42783 r 0f         00000000  lw       x15, -0x14(x8)
#452 0 800000fa 00279693 r 0d         00000000  slli     x13, x15, 0x2
#453 0 800000fe fe842783 r 0f         00000000  lw       x15, -0x18(x8)
#454 0 80000102     97b6 r 0f         00000000  c.add    x15, x13
#455 0 80000104     078a r 0f         00000000  c.slli   x15, 2
#456 0 80000106     17c1 r 0f         fffffff0  c.addi   x15, -0x10
#457 0 80000108     97a2 r 0f         f0041020  c.add    x15, x8
#458 0 8000010a fb47a783 r 0f         00000000  lw       x15, -0x4c(x15)
#459 0 8000010e 04f75763 r 00         00000000  bge      x14, x15, . + 0x4e
#460 0 8000015c fe842783 r 0f         00000000  lw       x15, -0x18(x8)
#461 0 80000160     0785 r 0f         00000001  c.addi   x15, 0x1
#462 0 80000162 fef42423 m f0041018   00000001  sw       x15, -0x18(x8)
#463 0 80000166 fe842703 r 0e         00000001  lw       x14, -0x18(x8)
#464 0 8000016a     478d r 0f         00000003  c.li     x15, 0x3
#465 0 8000016c f4e7dce3 r 00         00000000  bge      x15, x14, . - 0xa8
#466 0 800000c4 fec42783 r 0f         00000000  lw       x15, -0x14(x8)
#467 0 800000c8 00279713 r 0e         00000000  slli     x14, x15, 0x2
#468 0 800000cc fe442783 r 0f         00000000  lw       x15, -0x1c(x8)
#469 0 800000d0     97ba r 0f         00000000  c.add    x15, x14
#470 0 800000d2     078a r 0f         00000000  c.slli   x15, 2
#471 0 800000d4     17c1 r 0f         fffffff0  c.addi   x15, -0x10
#472 0 800000d6     97a2 r 0f         f0041020  c.add    x15, x8
#473 0 800000d8 fb47a703 r 0e         00000000  lw       x14, -0x4c(x15)
#474 0 800000dc fe442783 r 0f         00000000  lw       x15, -0x1c(x8)
#475 0 800000e0 00279693 r 0d         00000000  slli     x13, x15, 0x2
#476 0 800000e4 fe842783 r 0f         00000001  lw       x15, -0x18(x8)
#477 0 800000e8     97b6 r 0f         00000001  c.add    x15, x13
#478 0 800000ea     078a r 0f         00000004  c.slli   x15, 2
#479 0 800000ec     17c1 r 0f         fffffff4  c.addi   x15, -0x10
#480 0 800000ee     97a2 r 0f         f0041024  c.add    x15, x8
#481 0 800000f0 fb47a783 r 0f         00000005  lw       x15, -0x4c(x15)
#482 0 800000f4     973e r 0e         00000005  c.add    x14, x15
#483 0 800000f6 fec42783 r 0f         00000000  lw       x15, -0x14(x8)
#484 0 800000fa 00279693 r 0d         00000000  slli     x13, x15, 0x2
#485 0 800000fe fe842783 r 0f         00000001  lw       x15, -0x18(x8)
#486 0 80000102     97b6 r 0f         00000001  c.add    x15, x13
#487 0 80000104     078a r 0f         00000004  c.slli   x15, 2
#488 0 80000106     17c1 r 0f         fffffff4  c.addi   x15, -0x10
#489 0 80000108     97a2 r 0f         f0041024  c.add    x15, x8
#490 0 8000010a fb47a783 r 0f         00000005  lw       x15, -0x4c(x15)
#491 0 8000010e 04f75763 r 00         00000000  bge      x14, x15, . + 0x4e
#492 0 8000015c fe842783 r 0f         00000001  lw       x15, -0x18(x8)
#493 0 80000160     0785 r 0f         00000002  c.addi   x15, 0x1
#494 0 80000162 fef42423 m f0041018   00000002  sw       x15, -0x18(x8)
#495 0 80000166 fe842703 r 0e         00000002  lw       x14, -0x18(x8)
#496 0 8000016a     478d r 0f         00000003  c.li     x15, 0x3
#497 0 8000016c f4e7dce3 r 00         00000000  bge      x15, x14, . - 0xa8
#498 0 800000c4 fec42783 r 0f         00000000  lw       x15, -0x14(x8)
#499 0 800000c8 00279713 r 0e         00000000  slli     x14, x15, 0x2
#500 0 800000cc fe442783 r 0f         00000000  lw       x15, -0x1c(x8)
#501 0 800000d0     97ba r 0f         00000000  c.add    x15, x14
#502 0 800000d2     078a r 0f         00000000  c.slli   x15, 2
#503 0 800000d4     17c1 r 0f         fffffff0  c.addi   x15, -0x10
#504 0 800000d6     97a2 r 0f         f0041020  c.add    x15, x8
#505 0 800000d8 fb47a703 r 0e         00000000  lw       x14, -0x4c(x15)
#506 0 800000dc fe442783 r 0f         00000000  lw       x15, -0x1c(x8)
#507 0 800000e0 00279693 r 0d         00000000  slli     x13, x15, 0x2
#508 0 800000e4 fe842783 r 0f         00000002  lw       x15, -0x18(x8)
#509 0 800000e8     97b6 r 0f         00000002  c.add    x15, x13
#510 0 800000ea     078a r 0f         00000008  c.slli   x15, 2
#511 0 800000ec     17c1 r 0f         fffffff8  c.addi   x15, -0x10
#512 0 800000ee     97a2 r 0f         f0041028  c.add    x15, x8
#513 0 800000f0 fb47a783 r 0f         0001869f  lw       x15, -0x4c(x15)
#514 0 800000f4     973e r 0e         0001869f  c.add    x14, x15
#515 0 800000f6 fec42783 r 0f         00000000  lw       x15, -0x14(x8)
#516 0 800000fa 00279693 r 0d         00000000  slli     x13, x15, 0x2
#517 0 800000fe fe842783 r 0f         00000002  lw       x15, -0x18(x8)
#518 0 80000102     97b6 r 0f         00000002  c.add    x15, x13
#519 0 80000104     078a r 0f         00000008  c.slli   x15, 2
#520 0 80000106     17c1 r 0f         fffffff8  c.addi   x15, -0x10
#521 0 80000108     97a2 r 0f         f0041028  c.add    x15, x8
#522 0 8000010a fb47a783 r 0f         0001869f  lw       x15, -0x4c(x15)
#523 0 8000010e 04f75763 r 00         00000000  bge      x14, x15, . + 0x4e
#524 0 8000015c fe842783 r 0f         00000002  lw       x15, -0x18(x8)
#525 0 80000160     0785 r 0f         00000003  c.addi   x15, 0x1
#526 0 80000162 fef42423 m f0041018   00000003  sw       x15, -0x18(x8)
#527 0 80000166 fe842703 r 0e         00000003  lw       x14, -0x18(x8)
#528 0 8000016a     478d r 0f         00000003  c.li     x15, 0x3
#529 0 8000016c f4e7dce3 r 00         00000000  bge      x15, x14, . - 0xa8
#530 0 800000c4 fec42783 r 0f         00000000  lw       x15, -0x14(x8)
#531 0 800000c8 00279713 r 0e         00000000  slli     x14, x15, 0x2
#532 0 800000cc fe442783 r 0f         00000000  lw       x15, -0x1c(x8)
#533 0 800000d0     97ba r 0f         00000000  c.add    x15, x14
#534 0 800000d2     078a r 0f         00000000  c.slli   x15, 2
#535 0 800000d4     17c1 r 0f         fffffff0  c.addi   x15, -0x10
#536 0 800000d6     97a2 r 0f         f0041020  c.add    x15, x8
#537 0 800000d8 fb47a703 r 0e         00000000  lw       x14, -0x4c(x15)
#538 0 800000dc fe442783 r 0f         00000000  lw       x15, -0x1c(x8)
#539 0 800000e0 00279693 r 0d         00000000  slli     x13, x15, 0x2
#540 0 800000e4 fe842783 r 0f         00000003  lw       x15, -0x18(x8)
#541 0 800000e8     97b6 r 0f         00000003  c.add    x15, x13
#542 0 800000ea     078a r 0f         0000000c  c.slli   x15, 2
#543 0 800000ec     17c1 r 0f         fffffffc  c.addi   x15, -0x10
#544 0 800000ee     97a2 r 0f         f004102c  c.add    x15, x8
#545 0 800000f0 fb47a783 r 0f         0000000a  lw       x15, -0x4c(x15)
#546 0 800000f4     973e r 0e         0000000a  c.add    x14, x15
#547 0 800000f6 fec42783 r 0f         00000000  lw       x15, -0x14(x8)
#548 0 800000fa 00279693 r 0d         00000000  slli     x13, x15, 0x2
#549 0 800000fe fe842783 r 0f         00000003  lw       x15, -0x18(x8)
#550 0 80000102     97b6 r 0f         00000003  c.add    x15, x13
#551 0 80000104     078a r 0f         0000000c  c.slli   x15, 2
#552 0 80000106     17c1 r 0f         fffffffc  c.addi   x15, -0x10
#553 0 80000108     97a2 r 0f         f004102c  c.add    x15, x8
#554 0 8000010a fb47a783 r 0f         0000000a  lw       x15, -0x4c(x15)
#555 0 8000010e 04f75763 r 00         00000000  bge      x14, x15, . + 0x4e
#556 0 8000015c fe842783 r 0f         00000003  lw       x15, -0x18(x8)
#557 0 80000160     0785 r 0f         00000004  c.addi   x15, 0x1
#558 0 80000162 fef42423 m f0041018   00000004  sw       x15, -0x18(x8)
#559 0 80000166 fe842703 r 0e         00000004  lw       x14, -0x18(x8)
#560 0 8000016a     478d r 0f         00000003  c.li     x15, 0x3
#561 0 8000016c f4e7dce3 r 00         00000000  bge      x15, x14, . - 0xa8
#562 0 80000170 fec42783 r 0f         00000000  lw       x15, -0x14(x8)
#563 0 80000174     0785 r 0f         00000001  c.addi   x15, 0x1
#564 0 80000176 fef42623 m f004101c   00000001  sw       x15, -0x14(x8)
#565 0 8000017a fec42703 r 0e         00000001  lw       x14, -0x14(x8)
#566 0 8000017e     478d r 0f         00000003  c.li     x15, 0x3
#567 0 80000180 f2e7dfe3 r 00         00000000  bge      x15, x14, . - 0xc2
#568 0 800000be fe042423 m f0041018   00000000  sw       x0, -0x18(x8)
#569 0 800000c2     a055 r 00         00000000  c.j      . + 0xa4
#570 0 80000166 fe842703 r 0e         00000000  lw       x14, -0x18(x8)
#571 0 8000016a     478d r 0f         00000003  c.li     x15, 0x3
#572 0 8000016c f4e7dce3 r 00         00000000  bge      x15, x14, . - 0xa8
#573 0 800000c4 fec42783 r 0f         00000001  lw       x15, -0x14(x8)
#574 0 800000c8 00279713 r 0e         00000004  slli     x14, x15, 0x2
#575 0 800000cc fe442783 r 0f         00000000  lw       x15, -0x1c(x8)
#576 0 800000d0     97ba r 0f         00000004  c.add    x15, x14
#577 0 800000d2     078a r 0f         00000010  c.slli   x15, 2
#578 0 800000d4     17c1 r 0f         00000000  c.addi   x15, -0x10
#579 0 800000d6     97a2 r 0f         f0041030  c.add    x15, x8
#580 0 800000d8 fb47a703 r 0e         0001869f  lw       x14, -0x4c(x15)
#581 0 800000dc fe442783 r 0f         00000000  lw       x15, -0x1c(x8)
#582 0 800000e0 00279693 r 0d         00000000  slli     x13, x15, 0x2
#583 0 800000e4 fe842783 r 0f         00000000  lw       x15, -0x18(x8)
#584 0 800000e8     97b6 r 0f         00000000  c.add    x15, x13
#585 0 800000ea     078a r 0f         00000000  c.slli   x15, 2
#586 0 800000ec     17c1 r 0f         fffffff0  c.addi   x15, -0x10
#587 0 800000ee     97a2 r 0f         f0041020  c.add    x15, x8
#588 0 800000f0 fb47a783 r 0f         00000000  lw       x15, -0x4c(x15)
#589 0 800000f4     973e r 0e         0001869f  c.add    x14, x15
#590 0 800000f6 fec42783 r 0f         00000001  lw       x15, -0x14(x8)
#591 0 800000fa 00279693 r 0d         00000004  slli     x13, x15, 0x2
#592 0 800000fe fe842783 r 0f         00000000  lw       x15, -0x18(x8)
#593 0 80000102     97b6 r 0f         00000004  c.add    x15, x13
#594 0 80000104     078a r 0f         00000010  c.slli   x15, 2
#595 0 80000106     17c1 r 0f         00000000  c.addi   x15, -0x10
#596 0 80000108     97a2 r 0f         f0041030  c.add    x15, x8
#597 0 8000010a fb47a783 r 0f         0001869f  lw       x15, -0x4c(x15)
#598 0 8000010e 04f75763 r 00         00000000  bge      x14, x15, . + 0x4e
#599 0 8000015c fe842783 r 0f         00000000  lw       x15, -0x18(x8)
#600 0 80000160     0785 r 0f         00000001  c.addi   x15, 0x1
#601 0 80000162 fef42423 m f0041018   00000001  sw       x15, -0x18(x8)
#602 0 80000166 fe842703 r 0e         00000001  lw       x14, -0x18(x8)
#603 0 8000016a     478d r 0f         00000003  c.li     x15, 0x3
#604 0 8000016c f4e7dce3 r 00         00000000  bge      x15, x14, . - 0xa8
#605 0 800000c4 fec42783 r 0f         00000001  lw       x15, -0x14(x8)
#606 0 800000c8 00279713 r 0e         00000004  slli     x14, x15, 0x2
#607 0 800000cc fe442783 r 0f         00000000  lw       x15, -0x1c(x8)
#608 0 800000d0     97ba r 0f         00000004  c.add    x15, x14
#609 0 800000d2     078a r 0f         00000010  c.slli   x15, 2
#610 0 800000d4     17c1 r 0f         00000000  c.addi   x15, -0x10
#611 0 800000d6     97a2 r 0f         f0041030  c.add    x15, x8
#612 0 800000d8 fb47a703 r 0e         0001869f  lw       x14, -0x4c(x15)
#613 0 800000dc fe442783 r 0f         00000000  lw       x15, -0x1c(x8)
#614 0 800000e0 00279693 r 0d         00000000  slli     x13, x15, 0x2
#615 0 800000e4 fe842783 r 0f         00000001  lw       x15, -0x18(x8)
#616 0 800000e8     97b6 r 0f         00000001  c.add    x15, x13
#617 0 800000ea     078a r 0f         00000004  c.slli   x15, 2
#618 0 800000ec     17c1 r 0f         fffffff4  c.addi   x15, -0x10
#619 0 800000ee     97a2 r 0f         f0041024  c.add    x15, x8
#620 0 800000f0 fb47a783 r 0f         00000005  lw       x15, -0x4c(x15)
#621 0 800000f4     973e r 0e         000186a4  c.add    x14, x15
#622 0 800000f6 fec42783 r 0f         00000001  lw       x15, -0x14(x8)
#623 0 800000fa 00279693 r 0d         00000004  slli     x13, x15, 0x2
#624 0 800000fe fe842783 r 0f         00000001  lw       x15, -0x18(x8)
#625 0 80000102     97b6 r 0f         00000005  c.add    x15, x13
#626 0 80000104     078a r 0f         00000014  c.slli   x15, 2
#627 0 80000106     17c1 r 0f         00000004  c.addi   x15, -0x10
#628 0 80000108     97a2 r 0f         f0041034  c.add    x15, x8
#629 0 8000010a fb47a783 r 0f         00000000  lw       x15, -0x4c(x15)
#630 0 8000010e 04f75763 r 00         00000000  bge      x14, x15, . + 0x4e
#631 0 8000015c fe842783 r 0f         00000001  lw       x15, -0x18(x8)
#632 0 80000160     0785 r 0f         00000002  c.addi   x15, 0x1
#633 0 80000162 fef42423 m f0041018   00000002  sw       x15, -0x18(x8)
#634 0 80000166 fe842703 r 0e         00000002  lw       x14, -0x18(x8)
#635 0 8000016a     478d r 0f         00000003  c.li     x15, 0x3
#636 0 8000016c f4e7dce3 r 00         00000000  bge      x15, x14, . - 0xa8
#637 0 800000c4 fec42783 r 0f         00000001  lw       x15, -0x14(x8)
#638 0 800000c8 00279713 r 0e         00000004  slli     x14, x15, 0x2
#639 0 800000cc fe442783 r 0f         00000000  lw       x15, -0x1c(x8)
#640 0 800000d0     97ba r 0f         00000004  c.add    x15, x14
#641 0 800000d2     078a r 0f         00000010  c.slli   x15, 2
#642 0 800000d4     17c1 r 0f         00000000  c.addi   x15, -0x10
#643 0 800000d6     97a2 r 0f         f0041030  c.add    x15, x8
#644 0 800000d8 fb47a703 r 0e         0001869f  lw       x14, -0x4c(x15)
#645 0 800000dc fe442783 r 0f         00000000  lw       x15, -0x1c(x8)
#646 0 800000e0 00279693 r 0d         00000000  slli     x13, x15, 0x2
#647 0 800000e4 fe842783 r 0f         00000002  lw       x15, -0x18(x8)
#648 0 800000e8     97b6 r 0f         00000002  c.add    x15, x13
#649 0 800000ea     078a r 0f         00000008  c.slli   x15, 2
#650 0 800000ec     17c1 r 0f         fffffff8  c.addi   x15, -0x10
#651 0 800000ee     97a2 r 0f         f0041028  c.add    x15, x8
#652 0 800000f0 fb47a783 r 0f         0001869f  lw       x15, -0x4c(x15)
#653 0 800000f4     973e r 0e         00030d3e  c.add    x14, x15
#654 0 800000f6 fec42783 r 0f         00000001  lw       x15, -0x14(x8)
#655 0 800000fa 00279693 r 0d         00000004  slli     x13, x15, 0x2
#656 0 800000fe fe842783 r 0f         00000002  lw       x15, -0x18(x8)
#657 0 80000102     97b6 r 0f         00000006  c.add    x15, x13
#658 0 80000104     078a r 0f         00000018  c.slli   x15, 2
#659 0 80000106     17c1 r 0f         00000008  c.addi   x15, -0x10
#660 0 80000108     97a2 r 0f         f0041038  c.add    x15, x8
#661 0 8000010a fb47a783 r 0f         00000003  lw       x15, -0x4c(x15)
#662 0 8000010e 04f75763 r 00         00000000  bge      x14, x15, . + 0x4e
#663 0 8000015c fe842783 r 0f         00000002  lw       x15, -0x18(x8)
#664 0 80000160     0785 r 0f         00000003  c.addi   x15, 0x1
#665 0 80000162 fef42423 m f0041018   00000003  sw       x15, -0x18(x8)
#666 0 80000166 fe842703 r 0e         00000003  lw       x14, -0x18(x8)
#667 0 8000016a     478d r 0f         00000003  c.li     x15, 0x3
#668 0 8000016c f4e7dce3 r 00         00000000  bge      x15, x14, . - 0xa8
#669 0 800000c4 fec42783 r 0f         00000001  lw       x15, -0x14(x8)
#670 0 800000c8 00279713 r 0e         00000004  slli     x14, x15, 0x2
#671 0 800000cc fe442783 r 0f         00000000  lw       x15, -0x1c(x8)
#672 0 800000d0     97ba r 0f         00000004  c.add    x15, x14
#673 0 800000d2     078a r 0f         00000010  c.slli   x15, 2
#674 0 800000d4     17c1 r 0f         00000000  c.addi   x15, -0x10
#675 0 800000d6     97a2 r 0f         f0041030  c.add    x15, x8
#676 0 800000d8 fb47a703 r 0e         0001869f  lw       x14, -0x4c(x15)
#677 0 800000dc fe442783 r 0f         00000000  lw       x15, -0x1c(x8)
#678 0 800000e0 00279693 r 0d         00000000  slli     x13, x15, 0x2
#679 0 800000e4 fe842783 r 0f         00000003  lw       x15, -0x18(x8)
#680 0 800000e8     97b6 r 0f         00000003  c.add    x15, x13
#681 0 800000ea     078a r 0f         0000000c  c.slli   x15, 2
#682 0 800000ec     17c1 r 0f         fffffffc  c.addi   x15, -0x10
#683 0 800000ee     97a2 r 0f         f004102c  c.add    x15, x8
#684 0 800000f0 fb47a783 r 0f         0000000a  lw       x15, -0x4c(x15)
#685 0 800000f4     973e r 0e         000186a9  c.add    x14, x15
#686 0 800000f6 fec42783 r 0f         00000001  lw       x15, -0x14(x8)
#687 0 800000fa 00279693 r 0d         00000004  slli     x13, x15, 0x2
#688 0 800000fe fe842783 r 0f         00000003  lw       x15, -0x18(x8)
#689 0 80000102     97b6 r 0f         00000007  c.add    x15, x13
#690 0 80000104     078a r 0f         0000001c  c.slli   x15, 2
#691 0 80000106     17c1 r 0f         0000000c  c.addi   x15, -0x10
#692 0 80000108     97a2 r 0f         f004103c  c.add    x15, x8
#693 0 8000010a fb47a783 r 0f         0001869f  lw       x15, -0x4c(x15)
#694 0 8000010e 04f75763 r 00         00000000  bge      x14, x15, . + 0x4e
#695 0 8000015c fe842783 r 0f         00000003  lw       x15, -0x18(x8)
#696 0 80000160     0785 r 0f         00000004  c.addi   x15, 0x1
#697 0 80000162 fef42423 m f0041018   00000004  sw       x15, -0x18(x8)
#698 0 80000166 fe842703 r 0e         00000004  lw       x14, -0x18(x8)
#699 0 8000016a     478d r 0f         00000003  c.li     x15, 0x3
#700 0 8000016c f4e7dce3 r 00         00000000  bge      x15, x14, . - 0xa8
#701 0 80000170 fec42783 r 0f         00000001  lw       x15, -0x14(x8)
#702 0 80000174     0785 r 0f         00000002  c.addi   x15, 0x1
#703 0 80000176 fef42623 m f004101c   00000002  sw       x15, -0x14(x8)
#704 0 8000017a fec42703 r 0e         00000002  lw       x14, -0x14(x8)
#705 0 8000017e     478d r 0f         00000003  c.li     x15, 0x3
#706 0 80000180 f2e7dfe3 r 00         00000000  bge      x15, x14, . - 0xc2
#707 0 800000be fe042423 m f0041018   00000000  sw       x0, -0x18(x8)
#708 0 800000c2     a055 r 00         00000000  c.j      . + 0xa4
#709 0 80000166 fe842703 r 0e         00000000  lw       x14, -0x18(x8)
#710 0 8000016a     478d r 0f         00000003  c.li     x15, 0x3
#711 0 8000016c f4e7dce3 r 00         00000000  bge      x15, x14, . - 0xa8
#712 0 800000c4 fec42783 r 0f         00000002  lw       x15, -0x14(x8)
#713 0 800000c8 00279713 r 0e         00000008  slli     x14, x15, 0x2
#714 0 800000cc fe442783 r 0f         00000000  lw       x15, -0x1c(x8)
#715 0 800000d0     97ba r 0f         00000008  c.add    x15, x14
#716 0 800000d2     078a r 0f         00000020  c.slli   x15, 2
#717 0 800000d4     17c1 r 0f         00000010  c.addi   x15, -0x10
#718 0 800000d6     97a2 r 0f         f0041040  c.add    x15, x8
#719 0 800000d8 fb47a703 r 0e         0001869f  lw       x14, -0x4c(x15)
#720 0 800000dc fe442783 r 0f         00000000  lw       x15, -0x1c(x8)
#721 0 800000e0 00279693 r 0d         00000000  slli     x13, x15, 0x2
#722 0 800000e4 fe842783 r 0f         00000000  lw       x15, -0x18(x8)
#723 0 800000e8     97b6 r 0f         00000000  c.add    x15, x13
#724 0 800000ea     078a r 0f         00000000  c.slli   x15, 2
#725 0 800000ec     17c1 r 0f         fffffff0  c.addi   x15, -0x10
#726 0 800000ee     97a2 r 0f         f0041020  c.add    x15, x8
#727 0 800000f0 fb47a783 r 0f         00000000  lw       x15, -0x4c(x15)
#728 0 800000f4     973e r 0e         0001869f  c.add    x14, x15
#729 0 800000f6 fec42783 r 0f         00000002  lw       x15, -0x14(x8)
#730 0 800000fa 00279693 r 0d         00000008  slli     x13, x15, 0x2
#731 0 800000fe fe842783 r 0f         00000000  lw       x15, -0x18(x8)
#732 0 80000102     97b6 r 0f         00000008  c.add    x15, x13
#733 0 80000104     078a r 0f         00000020  c.slli   x15, 2
#734 0 80000106     17c1 r 0f         00000010  c.addi   x15, -0x10
#735 0 80000108     97a2 r 0f         f0041040  c.add    x15, x8
#736 0 8000010a fb47a783 r 0f         0001869f  lw       x15, -0x4c(x15)
#737 0 8000010e 04f75763 r 00         00000000  bge      x14, x15, . + 0x4e
#738 0 8000015c fe842783 r 0f         00000000  lw       x15, -0x18(x8)
#739 0 80000160     0785 r 0f         00000001  c.addi   x15, 0x1
#740 0 80000162 fef42423 m f0041018   00000001  sw       x15, -0x18(x8)
#741 0 80000166 fe842703 r 0e         00000001  lw       x14, -0x18(x8)
#742 0 8000016a     478d r 0f         00000003  c.li     x15, 0x3
#743 0 8000016c f4e7dce3 r 00         00000000  bge      x15, x14, . - 0xa8
#744 0 800000c4 fec42783 r 0f         00000002  lw       x15, -0x14(x8)
#745 0 800000c8 00279713 r 0e         00000008  slli     x14, x15, 0x2
#746 0 800000cc fe442783 r 0f         00000000  lw       x15, -0x1c(x8)
#747 0 800000d0     97ba r 0f         00000008  c.add    x15, x14
#748 0 800000d2     078a r 0f         00000020  c.slli   x15, 2
#749 0 800000d4     17c1 r 0f         00000010  c.addi   x15, -0x10
#750 0 800000d6     97a2 r 0f         f0041040  c.add    x15, x8
#751 0 800000d8 fb47a703 r 0e         0001869f  lw       x14, -0x4c(x15)
#752 0 800000dc fe442783 r 0f         00000000  lw       x15, -0x1c(x8)
#753 0 800000e0 00279693 r 0d         00000000  slli     x13, x15, 0x2
#754 0 800000e4 fe842783 r 0f         00000001  lw       x15, -0x18(x8)
#755 0 800000e8     97b6 r 0f         00000001  c.add    x15, x13
#756 0 800000ea     078a r 0f         00000004  c.slli   x15, 2
#757 0 800000ec     17c1 r 0f         fffffff4  c.addi   x15, -0x10
#758 0 800000ee     97a2 r 0f         f0041024  c.add    x15, x8
#759 0 800000f0 fb47a783 r 0f         00000005  lw       x15, -0x4c(x15)
#760 0 800000f4     973e r 0e         000186a4  c.add    x14, x15
#761 0 800000f6 fec42783 r 0f         00000002  lw       x15, -0x14(x8)
#762 0 800000fa 00279693 r 0d         00000008  slli     x13, x15, 0x2
#763 0 800000fe fe842783 r 0f         00000001  lw       x15, -0x18(x8)
#764 0 80000102     97b6 r 0f         00000009  c.add    x15, x13
#765 0 80000104     078a r 0f         00000024  c.slli   x15, 2
#766 0 80000106     17c1 r 0f         00000014  c.addi   x15, -0x10
#767 0 80000108     97a2 r 0f         f0041044  c.add    x15, x8
#768 0 8000010a fb47a783 r 0f         0001869f  lw       x15, -0x4c(x15)
#769 0 8000010e 04f75763 r 00         00000000  bge      x14, x15, . + 0x4e
#770 0 8000015c fe842783 r 0f         00000001  lw       x15, -0x18(x8)
#771 0 80000160     0785 r 0f         00000002  c.addi   x15, 0x1
#772 0 80000162 fef42423 m f0041018   00000002  sw       x15, -0x18(x8)
#773 0 80000166 fe842703 r 0e         00000002  lw       x14, -0x18(x8)
#774 0 8000016a     478d r 0f         00000003  c.li     x15, 0x3
#775 0 8000016c f4e7dce3 r 00         00000000  bge      x15, x14, . - 0xa8
#776 0 800000c4 fec42783 r 0f         00000002  lw       x15, -0x14(x8)
#777 0 800000c8 00279713 r 0e         00000008  slli     x14, x15, 0x2
#778 0 800000cc fe442783 r 0f         00000000  lw       x15, -0x1c(x8)
#779 0 800000d0     97ba r 0f         00000008  c.add    x15, x14
#780 0 800000d2     078a r 0f         00000020  c.slli   x15, 2
#781 0 800000d4     17c1 r 0f         00000010  c.addi   x15, -0x10
#782 0 800000d6     97a2 r 0f         f0041040  c.add    x15, x8
#783 0 800000d8 fb47a703 r 0e         0001869f  lw       x14, -0x4c(x15)
#784 0 800000dc fe442783 r 0f         00000000  lw       x15, -0x1c(x8)
#785 0 800000e0 00279693 r 0d         00000000  slli     x13, x15, 0x2
#786 0 800000e4 fe842783 r 0f         00000002  lw       x15, -0x18(x8)
#787 0 800000e8     97b6 r 0f         00000002  c.add    x15, x13
#788 0 800000ea     078a r 0f         00000008  c.slli   x15, 2
#789 0 800000ec     17c1 r 0f         fffffff8  c.addi   x15, -0x10
#790 0 800000ee     97a2 r 0f         f0041028  c.add    x15, x8
#791 0 800000f0 fb47a783 r 0f         0001869f  lw       x15, -0x4c(x15)
#792 0 800000f4     973e r 0e         00030d3e  c.add    x14, x15
#793 0 800000f6 fec42783 r 0f         00000002  lw       x15, -0x14(x8)
#794 0 800000fa 00279693 r 0d         00000008  slli     x13, x15, 0x2
#795 0 800000fe fe842783 r 0f         00000002  lw       x15, -0x18(x8)
#796 0 80000102     97b6 r 0f         0000000a  c.add    x15, x13
#797 0 80000104     078a r 0f         00000028  c.slli   x15, 2
#798 0 80000106     17c1 r 0f         00000018  c.addi   x15, -0x10
#799 0 80000108     97a2 r 0f         f0041048  c.add    x15, x8
#800 0 8000010a fb47a783 r 0f         00000000  lw       x15, -0x4c(x15)
#801 0 8000010e 04f75763 r 00         00000000  bge      x14, x15, . + 0x4e
#802 0 8000015c fe842783 r 0f         00000002  lw       x15, -0x18(x8)
#803 0 80000160     0785 r 0f         00000003  c.addi   x15, 0x1
#804 0 80000162 fef42423 m f0041018   00000003  sw       x15, -0x18(x8)
#805 0 80000166 fe842703 r 0e         00000003  lw       x14, -0x18(x8)
#806 0 8000016a     478d r 0f         00000003  c.li     x15, 0x3
#807 0 8000016c f4e7dce3 r 00         00000000  bge      x15, x14, . - 0xa8
#808 0 800000c4 fec42783 r 0f         00000002  lw       x15, -0x14(x8)
#809 0 800000c8 00279713 r 0e         00000008  slli     x14, x15, 0x2
#810 0 800000cc fe442783 r 0f         00000000  lw       x15, -0x1c(x8)
#811 0 800000d0     97ba r 0f         00000008  c.add    x15, x14
#812 0 800000d2     078a r 0f         00000020  c.slli   x15, 2
#813 0 800000d4     17c1 r 0f         00000010  c.addi   x15, -0x10
#814 0 800000d6     97a2 r 0f         f0041040  c.add    x15, x8
#815 0 800000d8 fb47a703 r 0e         0001869f  lw       x14, -0x4c(x15)
#816 0 800000dc fe442783 r 0f         00000000  lw       x15, -0x1c(x8)
#817 0 800000e0 00279693 r 0d         00000000  slli     x13, x15, 0x2
#818 0 800000e4 fe842783 r 0f         00000003  lw       x15, -0x18(x8)
#819 0 800000e8     97b6 r 0f         00000003  c.add    x15, x13
#820 0 800000ea     078a r 0f         0000000c  c.slli   x15, 2
#821 0 800000ec     17c1 r 0f         fffffffc  c.addi   x15, -0x10
#822 0 800000ee     97a2 r 0f         f004102c  c.add    x15, x8
#823 0 800000f0 fb47a783 r 0f         0000000a  lw       x15, -0x4c(x15)
#824 0 800000f4     973e r 0e         000186a9  c.add    x14, x15
#825 0 800000f6 fec42783 r 0f         00000002  lw       x15, -0x14(x8)
#826 0 800000fa 00279693 r 0d         00000008  slli     x13, x15, 0x2
#827 0 800000fe fe842783 r 0f         00000003  lw       x15, -0x18(x8)
#828 0 80000102     97b6 r 0f         0000000b  c.add    x15, x13
#829 0 80000104     078a r 0f         0000002c  c.slli   x15, 2
#830 0 80000106     17c1 r 0f         0000001c  c.addi   x15, -0x10
#831 0 80000108     97a2 r 0f         f004104c  c.add    x15, x8
#832 0 8000010a fb47a783 r 0f         00000001  lw       x15, -0x4c(x15)
#833 0 8000010e 04f75763 r 00         00000000  bge      x14, x15, . + 0x4e
#834 0 8000015c fe842783 r 0f         00000003  lw       x15, -0x18(x8)
#835 0 80000160     0785 r 0f         00000004  c.addi   x15, 0x1
#836 0 80000162 fef42423 m f0041018   00000004  sw       x15, -0x18(x8)
#837 0 80000166 fe842703 r 0e         00000004  lw       x14, -0x18(x8)
#838 0 8000016a     478d r 0f         00000003  c.li     x15, 0x3
#839 0 8000016c f4e7dce3 r 00         00000000  bge      x15, x14, . - 0xa8
#840 0 80000170 fec42783 r 0f         00000002  lw       x15, -0x14(x8)
#841 0 80000174     0785 r 0f         00000003  c.addi   x15, 0x1
#842 0 80000176 fef42623 m f004101c   00000003  sw       x15, -0x14(x8)
#843 0 8000017a fec42703 r 0e         00000003  lw       x14, -0x14(x8)
#844 0 8000017e     478d r 0f         00000003  c.li     x15, 0x3
#845 0 80000180 f2e7dfe3 r 00         00000000  bge      x15, x14, . - 0xc2
#846 0 800000be fe042423 m f0041018   00000000  sw       x0, -0x18(x8)
#847 0 800000c2     a055 r 00         00000000  c.j      . + 0xa4
#848 0 80000166 fe842703 r 0e         00000000  lw       x14, -0x18(x8)
#849 0 8000016a     478d r 0f         00000003  c.li     x15, 0x3
#850 0 8000016c f4e7dce3 r 00         00000000  bge      x15, x14, . - 0xa8
#851 0 800000c4 fec42783 r 0f         00000003  lw       x15, -0x14(x8)
#852 0 800000c8 00279713 r 0e         0000000c  slli     x14, x15, 0x2
#853 0 800000cc fe442783 r 0f         00000000  lw       x15, -0x1c(x8)
#854 0 800000d0     97ba r 0f         0000000c  c.add    x15, x14
#855 0 800000d2     078a r 0f         00000030  c.slli   x15, 2
#856 0 800000d4     17c1 r 0f         00000020  c.addi   x15, -0x10
#857 0 800000d6     97a2 r 0f         f0041050  c.add    x15, x8
#858 0 800000d8 fb47a703 r 0e         0001869f  lw       x14, -0x4c(x15)
#859 0 800000dc fe442783 r 0f         00000000  lw       x15, -0x1c(x8)
#860 0 800000e0 00279693 r 0d         00000000  slli     x13, x15, 0x2
#861 0 800000e4 fe842783 r 0f         00000000  lw       x15, -0x18(x8)
#862 0 800000e8     97b6 r 0f         00000000  c.add    x15, x13
#863 0 800000ea     078a r 0f         00000000  c.slli   x15, 2
#864 0 800000ec     17c1 r 0f         fffffff0  c.addi   x15, -0x10
#865 0 800000ee     97a2 r 0f         f0041020  c.add    x15, x8
#866 0 800000f0 fb47a783 r 0f         00000000  lw       x15, -0x4c(x15)
#867 0 800000f4     973e r 0e         0001869f  c.add    x14, x15
#868 0 800000f6 fec42783 r 0f         00000003  lw       x15, -0x14(x8)
#869 0 800000fa 00279693 r 0d         0000000c  slli     x13, x15, 0x2
#870 0 800000fe fe842783 r 0f         00000000  lw       x15, -0x18(x8)
#871 0 80000102     97b6 r 0f         0000000c  c.add    x15, x13
#872 0 80000104     078a r 0f         00000030  c.slli   x15, 2
#873 0 80000106     17c1 r 0f         00000020  c.addi   x15, -0x10
#874 0 80000108     97a2 r 0f         f0041050  c.add    x15, x8
#875 0 8000010a fb47a783 r 0f         0001869f  lw       x15, -0x4c(x15)
#876 0 8000010e 04f75763 r 00         00000000  bge      x14, x15, . + 0x4e
#877 0 8000015c fe842783 r 0f         00000000  lw       x15, -0x18(x8)
#878 0 80000160     0785 r 0f         00000001  c.addi   x15, 0x1
#879 0 80000162 fef42423 m f0041018   00000001  sw       x15, -0x18(x8)
#880 0 80000166 fe842703 r 0e         00000001  lw       x14, -0x18(x8)
#881 0 8000016a     478d r 0f         00000003  c.li     x15, 0x3
#882 0 8000016c f4e7dce3 r 00         00000000  bge      x15, x14, . - 0xa8
#883 0 800000c4 fec42783 r 0f         00000003  lw       x15, -0x14(x8)
#884 0 800000c8 00279713 r 0e         0000000c  slli     x14, x15, 0x2
#885 0 800000cc fe442783 r 0f         00000000  lw       x15, -0x1c(x8)
#886 0 800000d0     97ba r 0f         0000000c  c.add    x15, x14
#887 0 800000d2     078a r 0f         00000030  c.slli   x15, 2
#888 0 800000d4     17c1 r 0f         00000020  c.addi   x15, -0x10
#889 0 800000d6     97a2 r 0f         f0041050  c.add    x15, x8
#890 0 800000d8 fb47a703 r 0e         0001869f  lw       x14, -0x4c(x15)
#891 0 800000dc fe442783 r 0f         00000000  lw       x15, -0x1c(x8)
#892 0 800000e0 00279693 r 0d         00000000  slli     x13, x15, 0x2
#893 0 800000e4 fe842783 r 0f         00000001  lw       x15, -0x18(x8)
#894 0 800000e8     97b6 r 0f         00000001  c.add    x15, x13
#895 0 800000ea     078a r 0f         00000004  c.slli   x15, 2
#896 0 800000ec     17c1 r 0f         fffffff4  c.addi   x15, -0x10
#897 0 800000ee     97a2 r 0f         f0041024  c.add    x15, x8
#898 0 800000f0 fb47a783 r 0f         00000005  lw       x15, -0x4c(x15)
#899 0 800000f4     973e r 0e         000186a4  c.add    x14, x15
#900 0 800000f6 fec42783 r 0f         00000003  lw       x15, -0x14(x8)
#901 0 800000fa 00279693 r 0d         0000000c  slli     x13, x15, 0x2
#902 0 800000fe fe842783 r 0f         00000001  lw       x15, -0x18(x8)
#903 0 80000102     97b6 r 0f         0000000d  c.add    x15, x13
#904 0 80000104     078a r 0f         00000034  c.slli   x15, 2
#905 0 80000106     17c1 r 0f         00000024  c.addi   x15, -0x10
#906 0 80000108     97a2 r 0f         f0041054  c.add    x15, x8
#907 0 8000010a fb47a783 r 0f         0001869f  lw       x15, -0x4c(x15)
#908 0 8000010e 04f75763 r 00         00000000  bge      x14, x15, . + 0x4e
#909 0 8000015c fe842783 r 0f         00000001  lw       x15, -0x18(x8)
#910 0 80000160     0785 r 0f         00000002  c.addi   x15, 0x1
#911 0 80000162 fef42423 m f0041018   00000002  sw       x15, -0x18(x8)
#912 0 80000166 fe842703 r 0e         00000002  lw       x14, -0x18(x8)
#913 0 8000016a     478d r 0f         00000003  c.li     x15, 0x3
#914 0 8000016c f4e7dce3 r 00         00000000  bge      x15, x14, . - 0xa8
#915 0 800000c4 fec42783 r 0f         00000003  lw       x15, -0x14(x8)
#916 0 800000c8 00279713 r 0e         0000000c  slli     x14, x15, 0x2
#917 0 800000cc fe442783 r 0f         00000000  lw       x15, -0x1c(x8)
#918 0 800000d0     97ba r 0f         0000000c  c.add    x15, x14
#919 0 800000d2     078a r 0f         00000030  c.slli   x15, 2
#920 0 800000d4     17c1 r 0f         00000020  c.addi   x15, -0x10
#921 0 800000d6     97a2 r 0f         f0041050  c.add    x15, x8
#922 0 800000d8 fb47a703 r 0e         0001869f  lw       x14, -0x4c(x15)
#923 0 800000dc fe442783 r 0f         00000000  lw       x15, -0x1c(x8)
#924 0 800000e0 00279693 r 0d         00000000  slli     x13, x15, 0x2
#925 0 800000e4 fe842783 r 0f         00000002  lw       x15, -0x18(x8)
#926 0 800000e8     97b6 r 0f         00000002  c.add    x15, x13
#927 0 800000ea     078a r 0f         00000008  c.slli   x15, 2
#928 0 800000ec     17c1 r 0f         fffffff8  c.addi   x15, -0x10
#929 0 800000ee     97a2 r 0f         f0041028  c.add    x15, x8
#930 0 800000f0 fb47a783 r 0f         0001869f  lw       x15, -0x4c(x15)
#931 0 800000f4     973e r 0e         00030d3e  c.add    x14, x15
#932 0 800000f6 fec42783 r 0f         00000003  lw       x15, -0x14(x8)
#933 0 800000fa 00279693 r 0d         0000000c  slli     x13, x15, 0x2
#934 0 800000fe fe842783 r 0f         00000002  lw       x15, -0x18(x8)
#935 0 80000102     97b6 r 0f         0000000e  c.add    x15, x13
#936 0 80000104     078a r 0f         00000038  c.slli   x15, 2
#937 0 80000106     17c1 r 0f         00000028  c.addi   x15, -0x10
#938 0 80000108     97a2 r 0f         f0041058  c.add    x15, x8
#939 0 8000010a fb47a783 r 0f         0001869f  lw       x15, -0x4c(x15)
#940 0 8000010e 04f75763 r 00         00000000  bge      x14, x15, . + 0x4e
#941 0 8000015c fe842783 r 0f         00000002  lw       x15, -0x18(x8)
#942 0 80000160     0785 r 0f         00000003  c.addi   x15, 0x1
#943 0 80000162 fef42423 m f0041018   00000003  sw       x15, -0x18(x8)
#944 0 80000166 fe842703 r 0e         00000003  lw       x14, -0x18(x8)
#945 0 8000016a     478d r 0f         00000003  c.li     x15, 0x3
#946 0 8000016c f4e7dce3 r 00         00000000  bge      x15, x14, . - 0xa8
#947 0 800000c4 fec42783 r 0f         00000003  lw       x15, -0x14(x8)
#948 0 800000c8 00279713 r 0e         0000000c  slli     x14, x15, 0x2
#949 0 800000cc fe442783 r 0f         00000000  lw       x15, -0x1c(x8)
#950 0 800000d0     97ba r 0f         0000000c  c.add    x15, x14
#951 0 800000d2     078a r 0f         00000030  c.slli   x15, 2
#952 0 800000d4     17c1 r 0f         00000020  c.addi   x15, -0x10
#953 0 800000d6     97a2 r 0f         f0041050  c.add    x15, x8
#954 0 800000d8 fb47a703 r 0e         0001869f  lw       x14, -0x4c(x15)
#955 0 800000dc fe442783 r 0f         00000000  lw       x15, -0x1c(x8)
#956 0 800000e0 00279693 r 0d         00000000  slli     x13, x15, 0x2
#957 0 800000e4 fe842783 r 0f         00000003  lw       x15, -0x18(x8)
#958 0 800000e8     97b6 r 0f         00000003  c.add    x15, x13
#959 0 800000ea     078a r 0f         0000000c  c.slli   x15, 2
#960 0 800000ec     17c1 r 0f         fffffffc  c.addi   x15, -0x10
#961 0 800000ee     97a2 r 0f         f004102c  c.add    x15, x8
#962 0 800000f0 fb47a783 r 0f         0000000a  lw       x15, -0x4c(x15)
#963 0 800000f4     973e r 0e         000186a9  c.add    x14, x15
#964 0 800000f6 fec42783 r 0f         00000003  lw       x15, -0x14(x8)
#965 0 800000fa 00279693 r 0d         0000000c  slli     x13, x15, 0x2
#966 0 800000fe fe842783 r 0f         00000003  lw       x15, -0x18(x8)
#967 0 80000102     97b6 r 0f         0000000f  c.add    x15, x13
#968 0 80000104     078a r 0f         0000003c  c.slli   x15, 2
#969 0 80000106     17c1 r 0f         0000002c  c.addi   x15, -0x10
#970 0 80000108     97a2 r 0f         f004105c  c.add    x15, x8
#971 0 8000010a fb47a783 r 0f         00000000  lw       x15, -0x4c(x15)
#972 0 8000010e 04f75763 r 00         00000000  bge      x14, x15, . + 0x4e
#973 0 8000015c fe842783 r 0f         00000003  lw       x15, -0x18(x8)
#974 0 80000160     0785 r 0f         00000004  c.addi   x15, 0x1
#975 0 80000162 fef42423 m f0041018   00000004  sw       x15, -0x18(x8)
#976 0 80000166 fe842703 r 0e         00000004  lw       x14, -0x18(x8)
#977 0 8000016a     478d r 0f         00000003  c.li     x15, 0x3
#978 0 8000016c f4e7dce3 r 00         00000000  bge      x15, x14, . - 0xa8
#979 0 80000170 fec42783 r 0f         00000003  lw       x15, -0x14(x8)
#980 0 80000174     0785 r 0f         00000004  c.addi   x15, 0x1
#981 0 80000176 fef42623 m f004101c   00000004  sw       x15, -0x14(x8)
#982 0 8000017a fec42703 r 0e         00000004  lw       x14, -0x14(x8)
#983 0 8000017e     478d r 0f         00000003  c.li     x15, 0x3
#984 0 80000180 f2e7dfe3 r 00         00000000  bge      x15, x14, . - 0xc2
#985 0 80000184 fe442783 r 0f         00000000  lw       x15, -0x1c(x8)
#986 0 80000188     0785 r 0f         00000001  c.addi   x15, 0x1
#987 0 8000018a fef42223 m f0041014   00000001  sw       x15, -0x1c(x8)
#988 0 8000018e fe442703 r 0e         00000001  lw       x14, -0x1c(x8)
#989 0 80000192     478d r 0f         00000003  c.li     x15, 0x3
#990 0 80000194 f2e7d2e3 r 00         00000000  bge      x15, x14, . - 0xdc
#991 0 800000b8 fe042623 m f004101c   00000000  sw       x0, -0x14(x8)
#992 0 800000bc     a87d r 00         00000000  c.j      . + 0xbe
#993 0 8000017a fec42703 r 0e         00000000  lw       x14, -0x14(x8)
#994 0 8000017e     478d r 0f         00000003  c.li     x15, 0x3
#995 0 80000180 f2e7dfe3 r 00         00000000  bge      x15, x14, . - 0xc2
#996 0 800000be fe042423 m f0041018   00000000  sw       x0, -0x18(x8)
#997 0 800000c2     a055 r 00         00000000  c.j      . + 0xa4
#998 0 80000166 fe842703 r 0e         00000000  lw       x14, -0x18(x8)
#999 0 8000016a     478d r 0f         00000003  c.li     x15, 0x3
#1000 0 8000016c f4e7dce3 r 00         00000000  bge      x15, x14, . - 0xa8
#1001 0 800000c4 fec42783 r 0f         00000000  lw       x15, -0x14(x8)
#1002 0 800000c8 00279713 r 0e         00000000  slli     x14, x15, 0x2
#1003 0 800000cc fe442783 r 0f         00000001  lw       x15, -0x1c(x8)
#1004 0 800000d0     97ba r 0f         00000001  c.add    x15, x14
#1005 0 800000d2     078a r 0f         00000004  c.slli   x15, 2
#1006 0 800000d4     17c1 r 0f         fffffff4  c.addi   x15, -0x10
#1007 0 800000d6     97a2 r 0f         f0041024  c.add    x15, x8
#1008 0 800000d8 fb47a703 r 0e         00000005  lw       x14, -0x4c(x15)
#1009 0 800000dc fe442783 r 0f         00000001  lw       x15, -0x1c(x8)
#1010 0 800000e0 00279693 r 0d         00000004  slli     x13, x15, 0x2
#1011 0 800000e4 fe842783 r 0f         00000000  lw       x15, -0x18(x8)
#1012 0 800000e8     97b6 r 0f         00000004  c.add    x15, x13
#1013 0 800000ea     078a r 0f         00000010  c.slli   x15, 2
#1014 0 800000ec     17c1 r 0f         00000000  c.addi   x15, -0x10
#1015 0 800000ee     97a2 r 0f         f0041030  c.add    x15, x8
#1016 0 800000f0 fb47a783 r 0f         0001869f  lw       x15, -0x4c(x15)
#1017 0 800000f4     973e r 0e         000186a4  c.add    x14, x15
#1018 0 800000f6 fec42783 r 0f         00000000  lw       x15, -0x14(x8)
#1019 0 800000fa 00279693 r 0d         00000000  slli     x13, x15, 0x2
#1020 0 800000fe fe842783 r 0f         00000000  lw       x15, -0x18(x8)
#1021 0 80000102     97b6 r 0f         00000000  c.add    x15, x13
#1022 0 80000104     078a r 0f         00000000  c.slli   x15, 2
#1023 0 80000106     17c1 r 0f         fffffff0  c.addi   x15, -0x10
#1024 0 80000108     97a2 r 0f         f0041020  c.add    x15, x8
#1025 0 8000010a fb47a783 r 0f         00000000  lw       x15, -0x4c(x15)
#1026 0 8000010e 04f75763 r 00         00000000  bge      x14, x15, . + 0x4e
#1027 0 8000015c fe842783 r 0f         00000000  lw       x15, -0x18(x8)
#1028 0 80000160     0785 r 0f         00000001  c.addi   x15, 0x1
#1029 0 80000162 fef42423 m f0041018   00000001  sw       x15, -0x18(x8)
#1030 0 80000166 fe842703 r 0e         00000001  lw       x14, -0x18(x8)
#1031 0 8000016a     478d r 0f         00000003  c.li     x15, 0x3
#1032 0 8000016c f4e7dce3 r 00         00000000  bge      x15, x14, . - 0xa8
#1033 0 800000c4 fec42783 r 0f         00000000  lw       x15, -0x14(x8)
#1034 0 800000c8 00279713 r 0e         00000000  slli     x14, x15, 0x2
#1035 0 800000cc fe442783 r 0f         00000001  lw       x15, -0x1c(x8)
#1036 0 800000d0     97ba r 0f         00000001  c.add    x15, x14
#1037 0 800000d2     078a r 0f         00000004  c.slli   x15, 2
#1038 0 800000d4     17c1 r 0f         fffffff4  c.addi   x15, -0x10
#1039 0 800000d6     97a2 r 0f         f0041024  c.add    x15, x8
#1040 0 800000d8 fb47a703 r 0e         00000005  lw       x14, -0x4c(x15)
#1041 0 800000dc fe442783 r 0f         00000001  lw       x15, -0x1c(x8)
#1042 0 800000e0 00279693 r 0d         00000004  slli     x13, x15, 0x2
#1043 0 800000e4 fe842783 r 0f         00000001  lw       x15, -0x18(x8)
#1044 0 800000e8     97b6 r 0f         00000005  c.add    x15, x13
#1045 0 800000ea     078a r 0f         00000014  c.slli   x15, 2
#1046 0 800000ec     17c1 r 0f         00000004  c.addi   x15, -0x10
#1047 0 800000ee     97a2 r 0f         f0041034  c.add    x15, x8
#1048 0 800000f0 fb47a783 r 0f         00000000  lw       x15, -0x4c(x15)
#1049 0 800000f4     973e r 0e         00000005  c.add    x14, x15
#1050 0 800000f6 fec42783 r 0f         00000000  lw       x15, -0x14(x8)
#1051 0 800000fa 00279693 r 0d         00000000  slli     x13, x15, 0x2
#1052 0 800000fe fe842783 r 0f         00000001  lw       x15, -0x18(x8)
#1053 0 80000102     97b6 r 0f         00000001  c.add    x15, x13
#1054 0 80000104     078a r 0f         00000004  c.slli   x15, 2
#1055 0 80000106     17c1 r 0f         fffffff4  c.addi   x15, -0x10
#1056 0 80000108     97a2 r 0f         f0041024  c.add    x15, x8
#1057 0 8000010a fb47a783 r 0f         00000005  lw       x15, -0x4c(x15)
#1058 0 8000010e 04f75763 r 00         00000000  bge      x14, x15, . + 0x4e
#1059 0 8000015c fe842783 r 0f         00000001  lw       x15, -0x18(x8)
#1060 0 80000160     0785 r 0f         00000002  c.addi   x15, 0x1
#1061 0 80000162 fef42423 m f0041018   00000002  sw       x15, -0x18(x8)
#1062 0 80000166 fe842703 r 0e         00000002  lw       x14, -0x18(x8)
#1063 0 8000016a     478d r 0f         00000003  c.li     x15, 0x3
#1064 0 8000016c f4e7dce3 r 00         00000000  bge      x15, x14, . - 0xa8
#1065 0 800000c4 fec42783 r 0f         00000000  lw       x15, -0x14(x8)
#1066 0 800000c8 00279713 r 0e         00000000  slli     x14, x15, 0x2
#1067 0 800000cc fe442783 r 0f         00000001  lw       x15, -0x1c(x8)
#1068 0 800000d0     97ba r 0f         00000001  c.add    x15, x14
#1069 0 800000d2     078a r 0f         00000004  c.slli   x15, 2
#1070 0 800000d4     17c1 r 0f         fffffff4  c.addi   x15, -0x10
#1071 0 800000d6     97a2 r 0f         f0041024  c.add    x15, x8
#1072 0 800000d8 fb47a703 r 0e         00000005  lw       x14, -0x4c(x15)
#1073 0 800000dc fe442783 r 0f         00000001  lw       x15, -0x1c(x8)
#1074 0 800000e0 00279693 r 0d         00000004  slli     x13, x15, 0x2
#1075 0 800000e4 fe842783 r 0f         00000002  lw       x15, -0x18(x8)
#1076 0 800000e8     97b6 r 0f         00000006  c.add    x15, x13
#1077 0 800000ea     078a r 0f         00000018  c.slli   x15, 2
#1078 0 800000ec     17c1 r 0f         00000008  c.addi   x15, -0x10
#1079 0 800000ee     97a2 r 0f         f0041038  c.add    x15, x8
#1080 0 800000f0 fb47a783 r 0f         00000003  lw       x15, -0x4c(x15)
#1081 0 800000f4     973e r 0e         00000008  c.add    x14, x15
#1082 0 800000f6 fec42783 r 0f         00000000  lw       x15, -0x14(x8)
#1083 0 800000fa 00279693 r 0d         00000000  slli     x13, x15, 0x2
#1084 0 800000fe fe842783 r 0f         00000002  lw       x15, -0x18(x8)
#1085 0 80000102     97b6 r 0f         00000002  c.add    x15, x13
#1086 0 80000104     078a r 0f         00000008  c.slli   x15, 2
#1087 0 80000106     17c1 r 0f         fffffff8  c.addi   x15, -0x10
#1088 0 80000108     97a2 r 0f         f0041028  c.add    x15, x8
#1089 0 8000010a fb47a783 r 0f         0001869f  lw       x15, -0x4c(x15)
#1090 0 8000010e 04f75763 r 00         00000000  bge      x14, x15, . + 0x4e
#1091 0 80000112 fec42783 r 0f         00000000  lw       x15, -0x14(x8)
#1092 0 80000116 00279713 r 0e         00000000  slli     x14, x15, 0x2
#1093 0 8000011a fe442783 r 0f         00000001  lw       x15, -0x1c(x8)
#1094 0 8000011e     97ba r 0f         00000001  c.add    x15, x14
#1095 0 80000120     078a r 0f         00000004  c.slli   x15, 2
#1096 0 80000122     17c1 r 0f         fffffff4  c.addi   x15, -0x10
#1097 0 80000124     97a2 r 0f         f0041024  c.add    x15, x8
#1098 0 80000126 fb47a703 r 0e         00000005  lw       x14, -0x4c(x15)
#1099 0 8000012a fe442783 r 0f         00000001  lw       x15, -0x1c(x8)
#1100 0 8000012e 00279693 r 0d         00000004  slli     x13, x15, 0x2
#1101 0 80000132 fe842783 r 0f         00000002  lw       x15, -0x18(x8)
#1102 0 80000136     97b6 r 0f         00000006  c.add    x15, x13
#1103 0 80000138     078a r 0f         00000018  c.slli   x15, 2
#1104 0 8000013a     17c1 r 0f         00000008  c.addi   x15, -0x10
#1105 0 8000013c     97a2 r 0f         f0041038  c.add    x15, x8
#1106 0 8000013e fb47a783 r 0f         00000003  lw       x15, -0x4c(x15)
#1107 0 80000142     973e r 0e         00000008  c.add    x14, x15
#1108 0 80000144 fec42783 r 0f         00000000  lw       x15, -0x14(x8)
#1109 0 80000148 00279693 r 0d         00000000  slli     x13, x15, 0x2
#1110 0 8000014c fe842783 r 0f         00000002  lw       x15, -0x18(x8)
#1111 0 80000150     97b6 r 0f         00000002  c.add    x15, x13
#1112 0 80000152     078a r 0f         00000008  c.slli   x15, 2
#1113 0 80000154     17c1 r 0f         fffffff8  c.addi   x15, -0x10
#1114 0 80000156     97a2 r 0f         f0041028  c.add    x15, x8
#1115 0 80000158 fae7aa23 m f0040fdc   00000008  sw       x14, -0x4c(x15)
#1116 0 8000015c fe842783 r 0f         00000002  lw       x15, -0x18(x8)
#1117 0 80000160     0785 r 0f         00000003  c.addi   x15, 0x1
#1118 0 80000162 fef42423 m f0041018   00000003  sw       x15, -0x18(x8)
#1119 0 80000166 fe842703 r 0e         00000003  lw       x14, -0x18(x8)
#1120 0 8000016a     478d r 0f         00000003  c.li     x15, 0x3
#1121 0 8000016c f4e7dce3 r 00         00000000  bge      x15, x14, . - 0xa8
#1122 0 800000c4 fec42783 r 0f         00000000  lw       x15, -0x14(x8)
#1123 0 800000c8 00279713 r 0e         00000000  slli     x14, x15, 0x2
#1124 0 800000cc fe442783 r 0f         00000001  lw       x15, -0x1c(x8)
#1125 0 800000d0     97ba r 0f         00000001  c.add    x15, x14
#1126 0 800000d2     078a r 0f         00000004  c.slli   x15, 2
#1127 0 800000d4     17c1 r 0f         fffffff4  c.addi   x15, -0x10
#1128 0 800000d6     97a2 r 0f         f0041024  c.add    x15, x8
#1129 0 800000d8 fb47a703 r 0e         00000005  lw       x14, -0x4c(x15)
#1130 0 800000dc fe442783 r 0f         00000001  lw       x15, -0x1c(x8)
#1131 0 800000e0 00279693 r 0d         00000004  slli     x13, x15, 0x2
#1132 0 800000e4 fe842783 r 0f         00000003  lw       x15, -0x18(x8)
#1133 0 800000e8     97b6 r 0f         00000007  c.add    x15, x13
#1134 0 800000ea     078a r 0f         0000001c  c.slli   x15, 2
#1135 0 800000ec     17c1 r 0f         0000000c  c.addi   x15, -0x10
#1136 0 800000ee     97a2 r 0f         f004103c  c.add    x15, x8
#1137 0 800000f0 fb47a783 r 0f         0001869f  lw       x15, -0x4c(x15)
#1138 0 800000f4     973e r 0e         000186a4  c.add    x14, x15
#1139 0 800000f6 fec42783 r 0f         00000000  lw       x15, -0x14(x8)
#1140 0 800000fa 00279693 r 0d         00000000  slli     x13, x15, 0x2
#1141 0 800000fe fe842783 r 0f         00000003  lw       x15, -0x18(x8)
#1142 0 80000102     97b6 r 0f         00000003  c.add    x15, x13
#1143 0 80000104     078a r 0f         0000000c  c.slli   x15, 2
#1144 0 80000106     17c1 r 0f         fffffffc  c.addi   x15, -0x10
#1145 0 80000108     97a2 r 0f         f004102c  c.add    x15, x8
#1146 0 8000010a fb47a783 r 0f         0000000a  lw       x15, -0x4c(x15)
#1147 0 8000010e 04f75763 r 00         00000000  bge      x14, x15, . + 0x4e
#1148 0 8000015c fe842783 r 0f         00000003  lw       x15, -0x18(x8)
#1149 0 80000160     0785 r 0f         00000004  c.addi   x15, 0x1
#1150 0 80000162 fef42423 m f0041018   00000004  sw       x15, -0x18(x8)
#1151 0 80000166 fe842703 r 0e         00000004  lw       x14, -0x18(x8)
#1152 0 8000016a     478d r 0f         00000003  c.li     x15, 0x3
#1153 0 8000016c f4e7dce3 r 00         00000000  bge      x15, x14, . - 0xa8
#1154 0 80000170 fec42783 r 0f         00000000  lw       x15, -0x14(x8)
#1155 0 80000174     0785 r 0f         00000001  c.addi   x15, 0x1
#1156 0 80000176 fef42623 m f004101c   00000001  sw       x15, -0x14(x8)
#1157 0 8000017a fec42703 r 0e         00000001  lw       x14, -0x14(x8)
#1158 0 8000017e     478d r 0f         00000003  c.li     x15, 0x3
#1159 0 80000180 f2e7dfe3 r 00         00000000  bge      x15, x14, . - 0xc2
#1160 0 800000be fe042423 m f0041018   00000000  sw       x0, -0x18(x8)
#1161 0 800000c2     a055 r 00         00000000  c.j      . + 0xa4
#1162 0 80000166 fe842703 r 0e         00000000  lw       x14, -0x18(x8)
#1163 0 8000016a     478d r 0f         00000003  c.li     x15, 0x3
#1164 0 8000016c f4e7dce3 r 00         00000000  bge      x15, x14, . - 0xa8
#1165 0 800000c4 fec42783 r 0f         00000001  lw       x15, -0x14(x8)
#1166 0 800000c8 00279713 r 0e         00000004  slli     x14, x15, 0x2
#1167 0 800000cc fe442783 r 0f         00000001  lw       x15, -0x1c(x8)
#1168 0 800000d0     97ba r 0f         00000005  c.add    x15, x14
#1169 0 800000d2     078a r 0f         00000014  c.slli   x15, 2
#1170 0 800000d4     17c1 r 0f         00000004  c.addi   x15, -0x10
#1171 0 800000d6     97a2 r 0f         f0041034  c.add    x15, x8
#1172 0 800000d8 fb47a703 r 0e         00000000  lw       x14, -0x4c(x15)
#1173 0 800000dc fe442783 r 0f         00000001  lw       x15, -0x1c(x8)
#1174 0 800000e0 00279693 r 0d         00000004  slli     x13, x15, 0x2
#1175 0 800000e4 fe842783 r 0f         00000000  lw       x15, -0x18(x8)
#1176 0 800000e8     97b6 r 0f         00000004  c.add    x15, x13
#1177 0 800000ea     078a r 0f         00000010  c.slli   x15, 2
#1178 0 800000ec     17c1 r 0f         00000000  c.addi   x15, -0x10
#1179 0 800000ee     97a2 r 0f         f0041030  c.add    x15, x8
#1180 0 800000f0 fb47a783 r 0f         0001869f  lw       x15, -0x4c(x15)
#1181 0 800000f4     973e r 0e         0001869f  c.add    x14, x15
#1182 0 800000f6 fec42783 r 0f         00000001  lw       x15, -0x14(x8)
#1183 0 800000fa 00279693 r 0d         00000004  slli     x13, x15, 0x2
#1184 0 800000fe fe842783 r 0f         00000000  lw       x15, -0x18(x8)
#1185 0 80000102     97b6 r 0f         00000004  c.add    x15, x13
#1186 0 80000104     078a r 0f         00000010  c.slli   x15, 2
#1187 0 80000106     17c1 r 0f         00000000  c.addi   x15, -0x10
#1188 0 80000108     97a2 r 0f         f0041030  c.add    x15, x8
#1189 0 8000010a fb47a783 r 0f         0001869f  lw       x15, -0x4c(x15)
#1190 0 8000010e 04f75763 r 00         00000000  bge      x14, x15, . + 0x4e
#1191 0 8000015c fe842783 r 0f         00000000  lw       x15, -0x18(x8)
#1192 0 80000160     0785 r 0f         00000001  c.addi   x15, 0x1
#1193 0 80000162 fef42423 m f0041018   00000001  sw       x15, -0x18(x8)
#1194 0 80000166 fe842703 r 0e         00000001  lw       x14, -0x18(x8)
#1195 0 8000016a     478d r 0f         00000003  c.li     x15, 0x3
#1196 0 8000016c f4e7dce3 r 00         00000000  bge      x15, x14, . - 0xa8
#1197 0 800000c4 fec42783 r 0f         00000001  lw       x15, -0x14(x8)
#1198 0 800000c8 00279713 r 0e         00000004  slli     x14, x15, 0x2
#1199 0 800000cc fe442783 r 0f         00000001  lw       x15, -0x1c(x8)
#1200 0 800000d0     97ba r 0f         00000005  c.add    x15, x14
#1201 0 800000d2     078a r 0f         00000014  c.slli   x15, 2
#1202 0 800000d4     17c1 r 0f         00000004  c.addi   x15, -0x10
#1203 0 800000d6     97a2 r 0f         f0041034  c.add    x15, x8
#1204 0 800000d8 fb47a703 r 0e         00000000  lw       x14, -0x4c(x15)
#1205 0 800000dc fe442783 r 0f         00000001  lw       x15, -0x1c(x8)
#1206 0 800000e0 00279693 r 0d         00000004  slli     x13, x15, 0x2
#1207 0 800000e4 fe842783 r 0f         00000001  lw       x15, -0x18(x8)
#1208 0 800000e8     97b6 r 0f         00000005  c.add    x15, x13
#1209 0 800000ea     078a r 0f         00000014  c.slli   x15, 2
#1210 0 800000ec     17c1 r 0f         00000004  c.addi   x15, -0x10
#1211 0 800000ee     97a2 r 0f         f0041034  c.add    x15, x8
#1212 0 800000f0 fb47a783 r 0f         00000000  lw       x15, -0x4c(x15)
#1213 0 800000f4     973e r 0e         00000000  c.add    x14, x15
#1214 0 800000f6 fec42783 r 0f         00000001  lw       x15, -0x14(x8)
#1215 0 800000fa 00279693 r 0d         00000004  slli     x13, x15, 0x2
#1216 0 800000fe fe842783 r 0f         00000001  lw       x15, -0x18(x8)
#1217 0 80000102     97b6 r 0f         00000005  c.add    x15, x13
#1218 0 80000104     078a r 0f         00000014  c.slli   x15, 2
#1219 0 80000106     17c1 r 0f         00000004  c.addi   x15, -0x10
#1220 0 80000108     97a2 r 0f         f0041034  c.add    x15, x8
#1221 0 8000010a fb47a783 r 0f         00000000  lw       x15, -0x4c(x15)
#1222 0 8000010e 04f75763 r 00         00000000  bge      x14, x15, . + 0x4e
#1223 0 8000015c fe842783 r 0f         00000001  lw       x15, -0x18(x8)
#1224 0 80000160     0785 r 0f         00000002  c.addi   x15, 0x1
#1225 0 80000162 fef42423 m f0041018   00000002  sw       x15, -0x18(x8)
#1226 0 80000166 fe842703 r 0e         00000002  lw       x14, -0x18(x8)
#1227 0 8000016a     478d r 0f         00000003  c.li     x15, 0x3
#1228 0 8000016c f4e7dce3 r 00         00000000  bge      x15, x14, . - 0xa8
#1229 0 800000c4 fec42783 r 0f         00000001  lw       x15, -0x14(x8)
#1230 0 800000c8 00279713 r 0e         00000004  slli     x14, x15, 0x2
#1231 0 800000cc fe442783 r 0f         00000001  lw       x15, -0x1c(x8)
#1232 0 800000d0     97ba r 0f         00000005  c.add    x15, x14
#1233 0 800000d2     078a r 0f         00000014  c.slli   x15, 2
#1234 0 800000d4     17c1 r 0f         00000004  c.addi   x15, -0x10
#1235 0 800000d6     97a2 r 0f         f0041034  c.add    x15, x8
#1236 0 800000d8 fb47a703 r 0e         00000000  lw       x14, -0x4c(x15)
#1237 0 800000dc fe442783 r 0f         00000001  lw       x15, -0x1c(x8)
#1238 0 800000e0 00279693 r 0d         00000004  slli     x13, x15, 0x2
#1239 0 800000e4 fe842783 r 0f         00000002  lw       x15, -0x18(x8)
#1240 0 800000e8     97b6 r 0f         00000006  c.add    x15, x13
#1241 0 800000ea     078a r 0f         00000018  c.slli   x15, 2
#1242 0 800000ec     17c1 r 0f         00000008  c.addi   x15, -0x10
#1243 0 800000ee     97a2 r 0f         f0041038  c.add    x15, x8
#1244 0 800000f0 fb47a783 r 0f         00000003  lw       x15, -0x4c(x15)
#1245 0 800000f4     973e r 0e         00000003  c.add    x14, x15
#1246 0 800000f6 fec42783 r 0f         00000001  lw       x15, -0x14(x8)
#1247 0 800000fa 00279693 r 0d         00000004  slli     x13, x15, 0x2
#1248 0 800000fe fe842783 r 0f         00000002  lw       x15, -0x18(x8)
#1249 0 80000102     97b6 r 0f         00000006  c.add    x15, x13
#1250 0 80000104     078a r 0f         00000018  c.slli   x15, 2
#1251 0 80000106     17c1 r 0f         00000008  c.addi   x15, -0x10
#1252 0 80000108     97a2 r 0f         f0041038  c.add    x15, x8
#1253 0 8000010a fb47a783 r 0f         00000003  lw       x15, -0x4c(x15)
#1254 0 8000010e 04f75763 r 00         00000000  bge      x14, x15, . + 0x4e
#1255 0 8000015c fe842783 r 0f         00000002  lw       x15, -0x18(x8)
#1256 0 80000160     0785 r 0f         00000003  c.addi   x15, 0x1
#1257 0 80000162 fef42423 m f0041018   00000003  sw       x15, -0x18(x8)
#1258 0 80000166 fe842703 r 0e         00000003  lw       x14, -0x18(x8)
#1259 0 8000016a     478d r 0f         00000003  c.li     x15, 0x3
#1260 0 8000016c f4e7dce3 r 00         00000000  bge      x15, x14, . - 0xa8
#1261 0 800000c4 fec42783 r 0f         00000001  lw       x15, -0x14(x8)
#1262 0 800000c8 00279713 r 0e         00000004  slli     x14, x15, 0x2
#1263 0 800000cc fe442783 r 0f         00000001  lw       x15, -0x1c(x8)
#1264 0 800000d0     97ba r 0f         00000005  c.add    x15, x14
#1265 0 800000d2     078a r 0f         00000014  c.slli   x15, 2
#1266 0 800000d4     17c1 r 0f         00000004  c.addi   x15, -0x10
#1267 0 800000d6     97a2 r 0f         f0041034  c.add    x15, x8
#1268 0 800000d8 fb47a703 r 0e         00000000  lw       x14, -0x4c(x15)
#1269 0 800000dc fe442783 r 0f         00000001  lw       x15, -0x1c(x8)
#1270 0 800000e0 00279693 r 0d         00000004  slli     x13, x15, 0x2
#1271 0 800000e4 fe842783 r 0f         00000003  lw       x15, -0x18(x8)
#1272 0 800000e8     97b6 r 0f         00000007  c.add    x15, x13
#1273 0 800000ea     078a r 0f         0000001c  c.slli   x15, 2
#1274 0 800000ec     17c1 r 0f         0000000c  c.addi   x15, -0x10
#1275 0 800000ee     97a2 r 0f         f004103c  c.add    x15, x8
#1276 0 800000f0 fb47a783 r 0f         0001869f  lw       x15, -0x4c(x15)
#1277 0 800000f4     973e r 0e         0001869f  c.add    x14, x15
#1278 0 800000f6 fec42783 r 0f         00000001  lw       x15, -0x14(x8)
#1279 0 800000fa 00279693 r 0d         00000004  slli     x13, x15, 0x2
#1280 0 800000fe fe842783 r 0f         00000003  lw       x15, -0x18(x8)
#1281 0 80000102     97b6 r 0f         00000007  c.add    x15, x13
#1282 0 80000104     078a r 0f         0000001c  c.slli   x15, 2
#1283 0 80000106     17c1 r 0f         0000000c  c.addi   x15, -0x10
#1284 0 80000108     97a2 r 0f         f004103c  c.add    x15, x8
#1285 0 8000010a fb47a783 r 0f         0001869f  lw       x15, -0x4c(x15)
#1286 0 8000010e 04f75763 r 00         00000000  bge      x14, x15, . + 0x4e
#1287 0 8000015c fe842783 r 0f         00000003  lw       x15, -0x18(x8)
#1288 0 80000160     0785 r 0f         00000004  c.addi   x15, 0x1
#1289 0 80000162 fef42423 m f0041018   00000004  sw       x15, -0x18(x8)
#1290 0 80000166 fe842703 r 0e         00000004  lw       x14, -0x18(x8)
#1291 0 8000016a     478d r 0f         00000003  c.li     x15, 0x3
#1292 0 8000016c f4e7dce3 r 00         00000000  bge      x15, x14, . - 0xa8
#1293 0 80000170 fec42783 r 0f         00000001  lw       x15, -0x14(x8)
#1294 0 80000174     0785 r 0f         00000002  c.addi   x15, 0x1
#1295 0 80000176 fef42623 m f004101c   00000002  sw       x15, -0x14(x8)
#1296 0 8000017a fec42703 r 0e         00000002  lw       x14, -0x14(x8)
#1297 0 8000017e     478d r 0f         00000003  c.li     x15, 0x3
#1298 0 80000180 f2e7dfe3 r 00         00000000  bge      x15, x14, . - 0xc2
#1299 0 800000be fe042423 m f0041018   00000000  sw       x0, -0x18(x8)
#1300 0 800000c2     a055 r 00         00000000  c.j      . + 0xa4
#1301 0 80000166 fe842703 r 0e         00000000  lw       x14, -0x18(x8)
#1302 0 8000016a     478d r 0f         00000003  c.li     x15, 0x3
#1303 0 8000016c f4e7dce3 r 00         00000000  bge      x15, x14, . - 0xa8
#1304 0 800000c4 fec42783 r 0f         00000002  lw       x15, -0x14(x8)
#1305 0 800000c8 00279713 r 0e         00000008  slli     x14, x15, 0x2
#1306 0 800000cc fe442783 r 0f         00000001  lw       x15, -0x1c(x8)
#1307 0 800000d0     97ba r 0f         00000009  c.add    x15, x14
#1308 0 800000d2     078a r 0f         00000024  c.slli   x15, 2
#1309 0 800000d4     17c1 r 0f         00000014  c.addi   x15, -0x10
#1310 0 800000d6     97a2 r 0f         f0041044  c.add    x15, x8
#1311 0 800000d8 fb47a703 r 0e         0001869f  lw       x14, -0x4c(x15)
#1312 0 800000dc fe442783 r 0f         00000001  lw       x15, -0x1c(x8)
#1313 0 800000e0 00279693 r 0d         00000004  slli     x13, x15, 0x2
#1314 0 800000e4 fe842783 r 0f         00000000  lw       x15, -0x18(x8)
#1315 0 800000e8     97b6 r 0f         00000004  c.add    x15, x13
#1316 0 800000ea     078a r 0f         00000010  c.slli   x15, 2
#1317 0 800000ec     17c1 r 0f         00000000  c.addi   x15, -0x10
#1318 0 800000ee     97a2 r 0f         f0041030  c.add    x15, x8
#1319 0 800000f0 fb47a783 r 0f         0001869f  lw       x15, -0x4c(x15)
#1320 0 800000f4     973e r 0e         00030d3e  c.add    x14, x15
#1321 0 800000f6 fec42783 r 0f         00000002  lw       x15, -0x14(x8)
#1322 0 800000fa 00279693 r 0d         00000008  slli     x13, x15, 0x2
#1323 0 800000fe fe842783 r 0f         00000000  lw       x15, -0x18(x8)
#1324 0 80000102     97b6 r 0f         00000008  c.add    x15, x13
#1325 0 80000104     078a r 0f         00000020  c.slli   x15, 2
#1326 0 80000106     17c1 r 0f         00000010  c.addi   x15, -0x10
#1327 0 80000108     97a2 r 0f         f0041040  c.add    x15, x8
#1328 0 8000010a fb47a783 r 0f         0001869f  lw       x15, -0x4c(x15)
#1329 0 8000010e 04f75763 r 00         00000000  bge      x14, x15, . + 0x4e
#1330 0 8000015c fe842783 r 0f         00000000  lw       x15, -0x18(x8)
#1331 0 80000160     0785 r 0f         00000001  c.addi   x15, 0x1
#1332 0 80000162 fef42423 m f0041018   00000001  sw       x15, -0x18(x8)
#1333 0 80000166 fe842703 r 0e         00000001  lw       x14, -0x18(x8)
#1334 0 8000016a     478d r 0f         00000003  c.li     x15, 0x3
#1335 0 8000016c f4e7dce3 r 00         00000000  bge      x15, x14, . - 0xa8
#1336 0 800000c4 fec42783 r 0f         00000002  lw       x15, -0x14(x8)
#1337 0 800000c8 00279713 r 0e         00000008  slli     x14, x15, 0x2
#1338 0 800000cc fe442783 r 0f         00000001  lw       x15, -0x1c(x8)
#1339 0 800000d0     97ba r 0f         00000009  c.add    x15, x14
#1340 0 800000d2     078a r 0f         00000024  c.slli   x15, 2
#1341 0 800000d4     17c1 r 0f         00000014  c.addi   x15, -0x10
#1342 0 800000d6     97a2 r 0f         f0041044  c.add    x15, x8
#1343 0 800000d8 fb47a703 r 0e         0001869f  lw       x14, -0x4c(x15)
#1344 0 800000dc fe442783 r 0f         00000001  lw       x15, -0x1c(x8)
#1345 0 800000e0 00279693 r 0d         00000004  slli     x13, x15, 0x2
#1346 0 800000e4 fe842783 r 0f         00000001  lw       x15, -0x18(x8)
#1347 0 800000e8     97b6 r 0f         00000005  c.add    x15, x13
#1348 0 800000ea     078a r 0f         00000014  c.slli   x15, 2
#1349 0 800000ec     17c1 r 0f         00000004  c.addi   x15, -0x10
#1350 0 800000ee     97a2 r 0f         f0041034  c.add    x15, x8
#1351 0 800000f0 fb47a783 r 0f         00000000  lw       x15, -0x4c(x15)
#1352 0 800000f4     973e r 0e         0001869f  c.add    x14, x15
#1353 0 800000f6 fec42783 r 0f         00000002  lw       x15, -0x14(x8)
#1354 0 800000fa 00279693 r 0d         00000008  slli     x13, x15, 0x2
#1355 0 800000fe fe842783 r 0f         00000001  lw       x15, -0x18(x8)
#1356 0 80000102     97b6 r 0f         00000009  c.add    x15, x13
#1357 0 80000104     078a r 0f         00000024  c.slli   x15, 2
#1358 0 80000106     17c1 r 0f         00000014  c.addi   x15, -0x10
#1359 0 80000108     97a2 r 0f         f0041044  c.add    x15, x8
#1360 0 8000010a fb47a783 r 0f         0001869f  lw       x15, -0x4c(x15)
#1361 0 8000010e 04f75763 r 00         00000000  bge      x14, x15, . + 0x4e
#1362 0 8000015c fe842783 r 0f         00000001  lw       x15, -0x18(x8)
#1363 0 80000160     0785 r 0f         00000002  c.addi   x15, 0x1
#1364 0 80000162 fef42423 m f0041018   00000002  sw       x15, -0x18(x8)
#1365 0 80000166 fe842703 r 0e         00000002  lw       x14, -0x18(x8)
#1366 0 8000016a     478d r 0f         00000003  c.li     x15, 0x3
#1367 0 8000016c f4e7dce3 r 00         00000000  bge      x15, x14, . - 0xa8
#1368 0 800000c4 fec42783 r 0f         00000002  lw       x15, -0x14(x8)
#1369 0 800000c8 00279713 r 0e         00000008  slli     x14, x15, 0x2
#1370 0 800000cc fe442783 r 0f         00000001  lw       x15, -0x1c(x8)
#1371 0 800000d0     97ba r 0f         00000009  c.add    x15, x14
#1372 0 800000d2     078a r 0f         00000024  c.slli   x15, 2
#1373 0 800000d4     17c1 r 0f         00000014  c.addi   x15, -0x10
#1374 0 800000d6     97a2 r 0f         f0041044  c.add    x15, x8
#1375 0 800000d8 fb47a703 r 0e         0001869f  lw       x14, -0x4c(x15)
#1376 0 800000dc fe442783 r 0f         00000001  lw       x15, -0x1c(x8)
#1377 0 800000e0 00279693 r 0d         00000004  slli     x13, x15, 0x2
#1378 0 800000e4 fe842783 r 0f         00000002  lw       x15, -0x18(x8)
#1379 0 800000e8     97b6 r 0f         00000006  c.add    x15, x13
#1380 0 800000ea     078a r 0f         00000018  c.slli   x15, 2
#1381 0 800000ec     17c1 r 0f         00000008  c.addi   x15, -0x10
#1382 0 800000ee     97a2 r 0f         f0041038  c.add    x15, x8
#1383 0 800000f0 fb47a783 r 0f         00000003  lw       x15, -0x4c(x15)
#1384 0 800000f4     973e r 0e         000186a2  c.add    x14, x15
#1385 0 800000f6 fec42783 r 0f         00000002  lw       x15, -0x14(x8)
#1386 0 800000fa 00279693 r 0d         00000008  slli     x13, x15, 0x2
#1387 0 800000fe fe842783 r 0f         00000002  lw       x15, -0x18(x8)
#1388 0 80000102     97b6 r 0f         0000000a  c.add    x15, x13
#1389 0 80000104     078a r 0f         00000028  c.slli   x15, 2
#1390 0 80000106     17c1 r 0f         00000018  c.addi   x15, -0x10
#1391 0 80000108     97a2 r 0f         f0041048  c.add    x15, x8
#1392 0 8000010a fb47a783 r 0f         00000000  lw       x15, -0x4c(x15)
#1393 0 8000010e 04f75763 r 00         00000000  bge      x14, x15, . + 0x4e
#1394 0 8000015c fe842783 r 0f         00000002  lw       x15, -0x18(x8)
#1395 0 80000160     0785 r 0f         00000003  c.addi   x15, 0x1
#1396 0 80000162 fef42423 m f0041018   00000003  sw       x15, -0x18(x8)
#1397 0 80000166 fe842703 r 0e         00000003  lw       x14, -0x18(x8)
#1398 0 8000016a     478d r 0f         00000003  c.li     x15, 0x3
#1399 0 8000016c f4e7dce3 r 00         00000000  bge      x15, x14, . - 0xa8
#1400 0 800000c4 fec42783 r 0f         00000002  lw       x15, -0x14(x8)
#1401 0 800000c8 00279713 r 0e         00000008  slli     x14, x15, 0x2
#1402 0 800000cc fe442783 r 0f         00000001  lw       x15, -0x1c(x8)
#1403 0 800000d0     97ba r 0f         00000009  c.add    x15, x14
#1404 0 800000d2     078a r 0f         00000024  c.slli   x15, 2
#1405 0 800000d4     17c1 r 0f         00000014  c.addi   x15, -0x10
#1406 0 800000d6     97a2 r 0f         f0041044  c.add    x15, x8
#1407 0 800000d8 fb47a703 r 0e         0001869f  lw       x14, -0x4c(x15)
#1408 0 800000dc fe442783 r 0f         00000001  lw       x15, -0x1c(x8)
#1409 0 800000e0 00279693 r 0d         00000004  slli     x13, x15, 0x2
#1410 0 800000e4 fe842783 r 0f         00000003  lw       x15, -0x18(x8)
#1411 0 800000e8     97b6 r 0f         00000007  c.add    x15, x13
#1412 0 800000ea     078a r 0f         0000001c  c.slli   x15, 2
#1413 0 800000ec     17c1 r 0f         0000000c  c.addi   x15, -0x10
#1414 0 800000ee     97a2 r 0f         f004103c  c.add    x15, x8
#1415 0 800000f0 fb47a783 r 0f         0001869f  lw       x15, -0x4c(x15)
#1416 0 800000f4     973e r 0e         00030d3e  c.add    x14, x15
#1417 0 800000f6 fec42783 r 0f         00000002  lw       x15, -0x14(x8)
#1418 0 800000fa 00279693 r 0d         00000008  slli     x13, x15, 0x2
#1419 0 800000fe fe842783 r 0f         00000003  lw       x15, -0x18(x8)
#1420 0 80000102     97b6 r 0f         0000000b  c.add    x15, x13
#1421 0 80000104     078a r 0f         0000002c  c.slli   x15, 2
#1422 0 80000106     17c1 r 0f         0000001c  c.addi   x15, -0x10
#1423 0 80000108     97a2 r 0f         f004104c  c.add    x15, x8
#1424 0 8000010a fb47a783 r 0f         00000001  lw       x15, -0x4c(x15)
#1425 0 8000010e 04f75763 r 00         00000000  bge      x14, x15, . + 0x4e
#1426 0 8000015c fe842783 r 0f         00000003  lw       x15, -0x18(x8)
#1427 0 80000160     0785 r 0f         00000004  c.addi   x15, 0x1
#1428 0 80000162 fef42423 m f0041018   00000004  sw       x15, -0x18(x8)
#1429 0 80000166 fe842703 r 0e         00000004  lw       x14, -0x18(x8)
#1430 0 8000016a     478d r 0f         00000003  c.li     x15, 0x3
#1431 0 8000016c f4e7dce3 r 00         00000000  bge      x15, x14, . - 0xa8
#1432 0 80000170 fec42783 r 0f         00000002  lw       x15, -0x14(x8)
#1433 0 80000174     0785 r 0f         00000003  c.addi   x15, 0x1
#1434 0 80000176 fef42623 m f004101c   00000003  sw       x15, -0x14(x8)
#1435 0 8000017a fec42703 r 0e         00000003  lw       x14, -0x14(x8)
#1436 0 8000017e     478d r 0f         00000003  c.li     x15, 0x3
#1437 0 80000180 f2e7dfe3 r 00         00000000  bge      x15, x14, . - 0xc2
#1438 0 800000be fe042423 m f0041018   00000000  sw       x0, -0x18(x8)
#1439 0 800000c2     a055 r 00         00000000  c.j      . + 0xa4
#1440 0 80000166 fe842703 r 0e         00000000  lw       x14, -0x18(x8)
#1441 0 8000016a     478d r 0f         00000003  c.li     x15, 0x3
#1442 0 8000016c f4e7dce3 r 00         00000000  bge      x15, x14, . - 0xa8
#1443 0 800000c4 fec42783 r 0f         00000003  lw       x15, -0x14(x8)
#1444 0 800000c8 00279713 r 0e         0000000c  slli     x14, x15, 0x2
#1445 0 800000cc fe442783 r 0f         00000001  lw       x15, -0x1c(x8)
#1446 0 800000d0     97ba r 0f         0000000d  c.add    x15, x14
#1447 0 800000d2     078a r 0f         00000034  c.slli   x15, 2
#1448 0 800000d4     17c1 r 0f         00000024  c.addi   x15, -0x10
#1449 0 800000d6     97a2 r 0f         f0041054  c.add    x15, x8
#1450 0 800000d8 fb47a703 r 0e         0001869f  lw       x14, -0x4c(x15)
#1451 0 800000dc fe442783 r 0f         00000001  lw       x15, -0x1c(x8)
#1452 0 800000e0 00279693 r 0d         00000004  slli     x13, x15, 0x2
#1453 0 800000e4 fe842783 r 0f         00000000  lw       x15, -0x18(x8)
#1454 0 800000e8     97b6 r 0f         00000004  c.add    x15, x13
#1455 0 800000ea     078a r 0f         00000010  c.slli   x15, 2
#1456 0 800000ec     17c1 r 0f         00000000  c.addi   x15, -0x10
#1457 0 800000ee     97a2 r 0f         f0041030  c.add    x15, x8
#1458 0 800000f0 fb47a783 r 0f         0001869f  lw       x15, -0x4c(x15)
#1459 0 800000f4     973e r 0e         00030d3e  c.add    x14, x15
#1460 0 800000f6 fec42783 r 0f         00000003  lw       x15, -0x14(x8)
#1461 0 800000fa 00279693 r 0d         0000000c  slli     x13, x15, 0x2
#1462 0 800000fe fe842783 r 0f         00000000  lw       x15, -0x18(x8)
#1463 0 80000102     97b6 r 0f         0000000c  c.add    x15, x13
#1464 0 80000104     078a r 0f         00000030  c.slli   x15, 2
#1465 0 80000106     17c1 r 0f         00000020  c.addi   x15, -0x10
#1466 0 80000108     97a2 r 0f         f0041050  c.add    x15, x8
#1467 0 8000010a fb47a783 r 0f         0001869f  lw       x15, -0x4c(x15)
#1468 0 8000010e 04f75763 r 00         00000000  bge      x14, x15, . + 0x4e
#1469 0 8000015c fe842783 r 0f         00000000  lw       x15, -0x18(x8)
#1470 0 80000160     0785 r 0f         00000001  c.addi   x15, 0x1
#1471 0 80000162 fef42423 m f0041018   00000001  sw       x15, -0x18(x8)
#1472 0 80000166 fe842703 r 0e         00000001  lw       x14, -0x18(x8)
#1473 0 8000016a     478d r 0f         00000003  c.li     x15, 0x3
#1474 0 8000016c f4e7dce3 r 00         00000000  bge      x15, x14, . - 0xa8
#1475 0 800000c4 fec42783 r 0f         00000003  lw       x15, -0x14(x8)
#1476 0 800000c8 00279713 r 0e         0000000c  slli     x14, x15, 0x2
#1477 0 800000cc fe442783 r 0f         00000001  lw       x15, -0x1c(x8)
#1478 0 800000d0     97ba r 0f         0000000d  c.add    x15, x14
#1479 0 800000d2     078a r 0f         00000034  c.slli   x15, 2
#1480 0 800000d4     17c1 r 0f         00000024  c.addi   x15, -0x10
#1481 0 800000d6     97a2 r 0f         f0041054  c.add    x15, x8
#1482 0 800000d8 fb47a703 r 0e         0001869f  lw       x14, -0x4c(x15)
#1483 0 800000dc fe442783 r 0f         00000001  lw       x15, -0x1c(x8)
#1484 0 800000e0 00279693 r 0d         00000004  slli     x13, x15, 0x2
#1485 0 800000e4 fe842783 r 0f         00000001  lw       x15, -0x18(x8)
#1486 0 800000e8     97b6 r 0f         00000005  c.add    x15, x13
#1487 0 800000ea     078a r 0f         00000014  c.slli   x15, 2
#1488 0 800000ec     17c1 r 0f         00000004  c.addi   x15, -0x10
#1489 0 800000ee     97a2 r 0f         f0041034  c.add    x15, x8
#1490 0 800000f0 fb47a783 r 0f         00000000  lw       x15, -0x4c(x15)
#1491 0 800000f4     973e r 0e         0001869f  c.add    x14, x15
#1492 0 800000f6 fec42783 r 0f         00000003  lw       x15, -0x14(x8)
#1493 0 800000fa 00279693 r 0d         0000000c  slli     x13, x15, 0x2
#1494 0 800000fe fe842783 r 0f         00000001  lw       x15, -0x18(x8)
#1495 0 80000102     97b6 r 0f         0000000d  c.add    x15, x13
#1496 0 80000104     078a r 0f         00000034  c.slli   x15, 2
#1497 0 80000106     17c1 r 0f         00000024  c.addi   x15, -0x10
#1498 0 80000108     97a2 r 0f         f0041054  c.add    x15, x8
#1499 0 8000010a fb47a783 r 0f         0001869f  lw       x15, -0x4c(x15)
#1500 0 8000010e 04f75763 r 00         00000000  bge      x14, x15, . + 0x4e
#1501 0 8000015c fe842783 r 0f         00000001  lw       x15, -0x18(x8)
#1502 0 80000160     0785 r 0f         00000002  c.addi   x15, 0x1
#1503 0 80000162 fef42423 m f0041018   00000002  sw       x15, -0x18(x8)
#1504 0 80000166 fe842703 r 0e         00000002  lw       x14, -0x18(x8)
#1505 0 8000016a     478d r 0f         00000003  c.li     x15, 0x3
#1506 0 8000016c f4e7dce3 r 00         00000000  bge      x15, x14, . - 0xa8
#1507 0 800000c4 fec42783 r 0f         00000003  lw       x15, -0x14(x8)
#1508 0 800000c8 00279713 r 0e         0000000c  slli     x14, x15, 0x2
#1509 0 800000cc fe442783 r 0f         00000001  lw       x15, -0x1c(x8)
#1510 0 800000d0     97ba r 0f         0000000d  c.add    x15, x14
#1511 0 800000d2     078a r 0f         00000034  c.slli   x15, 2
#1512 0 800000d4     17c1 r 0f         00000024  c.addi   x15, -0x10
#1513 0 800000d6     97a2 r 0f         f0041054  c.add    x15, x8
#1514 0 800000d8 fb47a703 r 0e         0001869f  lw       x14, -0x4c(x15)
#1515 0 800000dc fe442783 r 0f         00000001  lw       x15, -0x1c(x8)
#1516 0 800000e0 00279693 r 0d         00000004  slli     x13, x15, 0x2
#1517 0 800000e4 fe842783 r 0f         00000002  lw       x15, -0x18(x8)
#1518 0 800000e8     97b6 r 0f         00000006  c.add    x15, x13
#1519 0 800000ea     078a r 0f         00000018  c.slli   x15, 2
#1520 0 800000ec     17c1 r 0f         00000008  c.addi   x15, -0x10
#1521 0 800000ee     97a2 r 0f         f0041038  c.add    x15, x8
#1522 0 800000f0 fb47a783 r 0f         00000003  lw       x15, -0x4c(x15)
#1523 0 800000f4     973e r 0e         000186a2  c.add    x14, x15
#1524 0 800000f6 fec42783 r 0f         00000003  lw       x15, -0x14(x8)
#1525 0 800000fa 00279693 r 0d         0000000c  slli     x13, x15, 0x2
#1526 0 800000fe fe842783 r 0f         00000002  lw       x15, -0x18(x8)
#1527 0 80000102     97b6 r 0f         0000000e  c.add    x15, x13
#1528 0 80000104     078a r 0f         00000038  c.slli   x15, 2
#1529 0 80000106     17c1 r 0f         00000028  c.addi   x15, -0x10
#1530 0 80000108     97a2 r 0f         f0041058  c.add    x15, x8
#1531 0 8000010a fb47a783 r 0f         0001869f  lw       x15, -0x4c(x15)
#1532 0 8000010e 04f75763 r 00         00000000  bge      x14, x15, . + 0x4e
#1533 0 8000015c fe842783 r 0f         00000002  lw       x15, -0x18(x8)
#1534 0 80000160     0785 r 0f         00000003  c.addi   x15, 0x1
#1535 0 80000162 fef42423 m f0041018   00000003  sw       x15, -0x18(x8)
#1536 0 80000166 fe842703 r 0e         00000003  lw       x14, -0x18(x8)
#1537 0 8000016a     478d r 0f         00000003  c.li     x15, 0x3
#1538 0 8000016c f4e7dce3 r 00         00000000  bge      x15, x14, . - 0xa8
#1539 0 800000c4 fec42783 r 0f         00000003  lw       x15, -0x14(x8)
#1540 0 800000c8 00279713 r 0e         0000000c  slli     x14, x15, 0x2
#1541 0 800000cc fe442783 r 0f         00000001  lw       x15, -0x1c(x8)
#1542 0 800000d0     97ba r 0f         0000000d  c.add    x15, x14
#1543 0 800000d2     078a r 0f         00000034  c.slli   x15, 2
#1544 0 800000d4     17c1 r 0f         00000024  c.addi   x15, -0x10
#1545 0 800000d6     97a2 r 0f         f0041054  c.add    x15, x8
#1546 0 800000d8 fb47a703 r 0e         0001869f  lw       x14, -0x4c(x15)
#1547 0 800000dc fe442783 r 0f         00000001  lw       x15, -0x1c(x8)
#1548 0 800000e0 00279693 r 0d         00000004  slli     x13, x15, 0x2
#1549 0 800000e4 fe842783 r 0f         00000003  lw       x15, -0x18(x8)
#1550 0 800000e8     97b6 r 0f         00000007  c.add    x15, x13
#1551 0 800000ea     078a r 0f         0000001c  c.slli   x15, 2
#1552 0 800000ec     17c1 r 0f         0000000c  c.addi   x15, -0x10
#1553 0 800000ee     97a2 r 0f         f004103c  c.add    x15, x8
#1554 0 800000f0 fb47a783 r 0f         0001869f  lw       x15, -0x4c(x15)
#1555 0 800000f4     973e r 0e         00030d3e  c.add    x14, x15
#1556 0 800000f6 fec42783 r 0f         00000003  lw       x15, -0x14(x8)
#1557 0 800000fa 00279693 r 0d         0000000c  slli     x13, x15, 0x2
#1558 0 800000fe fe842783 r 0f         00000003  lw       x15, -0x18(x8)
#1559 0 80000102     97b6 r 0f         0000000f  c.add    x15, x13
#1560 0 80000104     078a r 0f         0000003c  c.slli   x15, 2
#1561 0 80000106     17c1 r 0f         0000002c  c.addi   x15, -0x10
#1562 0 80000108     97a2 r 0f         f004105c  c.add    x15, x8
#1563 0 8000010a fb47a783 r 0f         00000000  lw       x15, -0x4c(x15)
#1564 0 8000010e 04f75763 r 00         00000000  bge      x14, x15, . + 0x4e
#1565 0 8000015c fe842783 r 0f         00000003  lw       x15, -0x18(x8)
#1566 0 80000160     0785 r 0f         00000004  c.addi   x15, 0x1
#1567 0 80000162 fef42423 m f0041018   00000004  sw       x15, -0x18(x8)
#1568 0 80000166 fe842703 r 0e         00000004  lw       x14, -0x18(x8)
#1569 0 8000016a     478d r 0f         00000003  c.li     x15, 0x3
#1570 0 8000016c f4e7dce3 r 00         00000000  bge      x15, x14, . - 0xa8
#1571 0 80000170 fec42783 r 0f         00000003  lw       x15, -0x14(x8)
#1572 0 80000174     0785 r 0f         00000004  c.addi   x15, 0x1
#1573 0 80000176 fef42623 m f004101c   00000004  sw       x15, -0x14(x8)
#1574 0 8000017a fec42703 r 0e         00000004  lw       x14, -0x14(x8)
#1575 0 8000017e     478d r 0f         00000003  c.li     x15, 0x3
#1576 0 80000180 f2e7dfe3 r 00         00000000  bge      x15, x14, . - 0xc2
#1577 0 80000184 fe442783 r 0f         00000001  lw       x15, -0x1c(x8)
#1578 0 80000188     0785 r 0f         00000002  c.addi   x15, 0x1
#1579 0 8000018a fef42223 m f0041014   00000002  sw       x15, -0x1c(x8)
#1580 0 8000018e fe442703 r 0e         00000002  lw       x14, -0x1c(x8)
#1581 0 80000192     478d r 0f         00000003  c.li     x15, 0x3
#1582 0 80000194 f2e7d2e3 r 00         00000000  bge      x15, x14, . - 0xdc
#1583 0 800000b8 fe042623 m f004101c   00000000  sw       x0, -0x14(x8)
#1584 0 800000bc     a87d r 00         00000000  c.j      . + 0xbe
#1585 0 8000017a fec42703 r 0e         00000000  lw       x14, -0x14(x8)
#1586 0 8000017e     478d r 0f         00000003  c.li     x15, 0x3
#1587 0 80000180 f2e7dfe3 r 00         00000000  bge      x15, x14, . - 0xc2
#1588 0 800000be fe042423 m f0041018   00000000  sw       x0, -0x18(x8)
#1589 0 800000c2     a055 r 00         00000000  c.j      . + 0xa4
#1590 0 80000166 fe842703 r 0e         00000000  lw       x14, -0x18(x8)
#1591 0 8000016a     478d r 0f         00000003  c.li     x15, 0x3
#1592 0 8000016c f4e7dce3 r 00         00000000  bge      x15, x14, . - 0xa8
#1593 0 800000c4 fec42783 r 0f         00000000  lw       x15, -0x14(x8)
#1594 0 800000c8 00279713 r 0e         00000000  slli     x14, x15, 0x2
#1595 0 800000cc fe442783 r 0f         00000002  lw       x15, -0x1c(x8)
#1596 0 800000d0     97ba r 0f         00000002  c.add    x15, x14
#1597 0 800000d2     078a r 0f         00000008  c.slli   x15, 2
#1598 0 800000d4     17c1 r 0f         fffffff8  c.addi   x15, -0x10
#1599 0 800000d6     97a2 r 0f         f0041028  c.add    x15, x8
#1600 0 800000d8 fb47a703 r 0e         00000008  lw       x14, -0x4c(x15)
#1601 0 800000dc fe442783 r 0f         00000002  lw       x15, -0x1c(x8)
#1602 0 800000e0 00279693 r 0d         00000008  slli     x13, x15, 0x2
#1603 0 800000e4 fe842783 r 0f         00000000  lw       x15, -0x18(x8)
#1604 0 800000e8     97b6 r 0f         00000008  c.add    x15, x13
#1605 0 800000ea     078a r 0f         00000020  c.slli   x15, 2
#1606 0 800000ec     17c1 r 0f         00000010  c.addi   x15, -0x10
#1607 0 800000ee     97a2 r 0f         f0041040  c.add    x15, x8
#1608 0 800000f0 fb47a783 r 0f         0001869f  lw       x15, -0x4c(x15)
#1609 0 800000f4     973e r 0e         000186a7  c.add    x14, x15
#1610 0 800000f6 fec42783 r 0f         00000000  lw       x15, -0x14(x8)
#1611 0 800000fa 00279693 r 0d         00000000  slli     x13, x15, 0x2
#1612 0 800000fe fe842783 r 0f         00000000  lw       x15, -0x18(x8)
#1613 0 80000102     97b6 r 0f         00000000  c.add    x15, x13
#1614 0 80000104     078a r 0f         00000000  c.slli   x15, 2
#1615 0 80000106     17c1 r 0f         fffffff0  c.addi   x15, -0x10
#1616 0 80000108     97a2 r 0f         f0041020  c.add    x15, x8
#1617 0 8000010a fb47a783 r 0f         00000000  lw       x15, -0x4c(x15)
#1618 0 8000010e 04f75763 r 00         00000000  bge      x14, x15, . + 0x4e
#1619 0 8000015c fe842783 r 0f         00000000  lw       x15, -0x18(x8)
#1620 0 80000160     0785 r 0f         00000001  c.addi   x15, 0x1
#1621 0 80000162 fef42423 m f0041018   00000001  sw       x15, -0x18(x8)
#1622 0 80000166 fe842703 r 0e         00000001  lw       x14, -0x18(x8)
#1623 0 8000016a     478d r 0f         00000003  c.li     x15, 0x3
#1624 0 8000016c f4e7dce3 r 00         00000000  bge      x15, x14, . - 0xa8
#1625 0 800000c4 fec42783 r 0f         00000000  lw       x15, -0x14(x8)
#1626 0 800000c8 00279713 r 0e         00000000  slli     x14, x15, 0x2
#1627 0 800000cc fe442783 r 0f         00000002  lw       x15, -0x1c(x8)
#1628 0 800000d0     97ba r 0f         00000002  c.add    x15, x14
#1629 0 800000d2     078a r 0f         00000008  c.slli   x15, 2
#1630 0 800000d4     17c1 r 0f         fffffff8  c.addi   x15, -0x10
#1631 0 800000d6     97a2 r 0f         f0041028  c.add    x15, x8
#1632 0 800000d8 fb47a703 r 0e         00000008  lw       x14, -0x4c(x15)
#1633 0 800000dc fe442783 r 0f         00000002  lw       x15, -0x1c(x8)
#1634 0 800000e0 00279693 r 0d         00000008  slli     x13, x15, 0x2
#1635 0 800000e4 fe842783 r 0f         00000001  lw       x15, -0x18(x8)
#1636 0 800000e8     97b6 r 0f         00000009  c.add    x15, x13
#1637 0 800000ea     078a r 0f         00000024  c.slli   x15, 2
#1638 0 800000ec     17c1 r 0f         00000014  c.addi   x15, -0x10
#1639 0 800000ee     97a2 r 0f         f0041044  c.add    x15, x8
#1640 0 800000f0 fb47a783 r 0f         0001869f  lw       x15, -0x4c(x15)
#1641 0 800000f4     973e r 0e         000186a7  c.add    x14, x15
#1642 0 800000f6 fec42783 r 0f         00000000  lw       x15, -0x14(x8)
#1643 0 800000fa 00279693 r 0d         00000000  slli     x13, x15, 0x2
#1644 0 800000fe fe842783 r 0f         00000001  lw       x15, -0x18(x8)
#1645 0 80000102     97b6 r 0f         00000001  c.add    x15, x13
#1646 0 80000104     078a r 0f         00000004  c.slli   x15, 2
#1647 0 80000106     17c1 r 0f         fffffff4  c.addi   x15, -0x10
#1648 0 80000108     97a2 r 0f         f0041024  c.add    x15, x8
#1649 0 8000010a fb47a783 r 0f         00000005  lw       x15, -0x4c(x15)
#1650 0 8000010e 04f75763 r 00         00000000  bge      x14, x15, . + 0x4e
#1651 0 8000015c fe842783 r 0f         00000001  lw       x15, -0x18(x8)
#1652 0 80000160     0785 r 0f         00000002  c.addi   x15, 0x1
#1653 0 80000162 fef42423 m f0041018   00000002  sw       x15, -0x18(x8)
#1654 0 80000166 fe842703 r 0e         00000002  lw       x14, -0x18(x8)
#1655 0 8000016a     478d r 0f         00000003  c.li     x15, 0x3
#1656 0 8000016c f4e7dce3 r 00         00000000  bge      x15, x14, . - 0xa8
#1657 0 800000c4 fec42783 r 0f         00000000  lw       x15, -0x14(x8)
#1658 0 800000c8 00279713 r 0e         00000000  slli     x14, x15, 0x2
#1659 0 800000cc fe442783 r 0f         00000002  lw       x15, -0x1c(x8)
#1660 0 800000d0     97ba r 0f         00000002  c.add    x15, x14
#1661 0 800000d2     078a r 0f         00000008  c.slli   x15, 2
#1662 0 800000d4     17c1 r 0f         fffffff8  c.addi   x15, -0x10
#1663 0 800000d6     97a2 r 0f         f0041028  c.add    x15, x8
#1664 0 800000d8 fb47a703 r 0e         00000008  lw       x14, -0x4c(x15)
#1665 0 800000dc fe442783 r 0f         00000002  lw       x15, -0x1c(x8)
#1666 0 800000e0 00279693 r 0d         00000008  slli     x13, x15, 0x2
#1667 0 800000e4 fe842783 r 0f         00000002  lw       x15, -0x18(x8)
#1668 0 800000e8     97b6 r 0f         0000000a  c.add    x15, x13
#1669 0 800000ea     078a r 0f         00000028  c.slli   x15, 2
#1670 0 800000ec     17c1 r 0f         00000018  c.addi   x15, -0x10
#1671 0 800000ee     97a2 r 0f         f0041048  c.add    x15, x8
#1672 0 800000f0 fb47a783 r 0f         00000000  lw       x15, -0x4c(x15)
#1673 0 800000f4     973e r 0e         00000008  c.add    x14, x15
#1674 0 800000f6 fec42783 r 0f         00000000  lw       x15, -0x14(x8)
#1675 0 800000fa 00279693 r 0d         00000000  slli     x13, x15, 0x2
#1676 0 800000fe fe842783 r 0f         00000002  lw       x15, -0x18(x8)
#1677 0 80000102     97b6 r 0f         00000002  c.add    x15, x13
#1678 0 80000104     078a r 0f         00000008  c.slli   x15, 2
#1679 0 80000106     17c1 r 0f         fffffff8  c.addi   x15, -0x10
#1680 0 80000108     97a2 r 0f         f0041028  c.add    x15, x8
#1681 0 8000010a fb47a783 r 0f         00000008  lw       x15, -0x4c(x15)
#1682 0 8000010e 04f75763 r 00         00000000  bge      x14, x15, . + 0x4e
#1683 0 8000015c fe842783 r 0f         00000002  lw       x15, -0x18(x8)
#1684 0 80000160     0785 r 0f         00000003  c.addi   x15, 0x1
#1685 0 80000162 fef42423 m f0041018   00000003  sw       x15, -0x18(x8)
#1686 0 80000166 fe842703 r 0e         00000003  lw       x14, -0x18(x8)
#1687 0 8000016a     478d r 0f         00000003  c.li     x15, 0x3
#1688 0 8000016c f4e7dce3 r 00         00000000  bge      x15, x14, . - 0xa8
#1689 0 800000c4 fec42783 r 0f         00000000  lw       x15, -0x14(x8)
#1690 0 800000c8 00279713 r 0e         00000000  slli     x14, x15, 0x2
#1691 0 800000cc fe442783 r 0f         00000002  lw       x15, -0x1c(x8)
#1692 0 800000d0     97ba r 0f         00000002  c.add    x15, x14
#1693 0 800000d2     078a r 0f         00000008  c.slli   x15, 2
#1694 0 800000d4     17c1 r 0f         fffffff8  c.addi   x15, -0x10
#1695 0 800000d6     97a2 r 0f         f0041028  c.add    x15, x8
#1696 0 800000d8 fb47a703 r 0e         00000008  lw       x14, -0x4c(x15)
#1697 0 800000dc fe442783 r 0f         00000002  lw       x15, -0x1c(x8)
#1698 0 800000e0 00279693 r 0d         00000008  slli     x13, x15, 0x2
#1699 0 800000e4 fe842783 r 0f         00000003  lw       x15, -0x18(x8)
#1700 0 800000e8     97b6 r 0f         0000000b  c.add    x15, x13
#1701 0 800000ea     078a r 0f         0000002c  c.slli   x15, 2
#1702 0 800000ec     17c1 r 0f         0000001c  c.addi   x15, -0x10
#1703 0 800000ee     97a2 r 0f         f004104c  c.add    x15, x8
#1704 0 800000f0 fb47a783 r 0f         00000001  lw       x15, -0x4c(x15)
#1705 0 800000f4     973e r 0e         00000009  c.add    x14, x15
#1706 0 800000f6 fec42783 r 0f         00000000  lw       x15, -0x14(x8)
#1707 0 800000fa 00279693 r 0d         00000000  slli     x13, x15, 0x2
#1708 0 800000fe fe842783 r 0f         00000003  lw       x15, -0x18(x8)
#1709 0 80000102     97b6 r 0f         00000003  c.add    x15, x13
#1710 0 80000104     078a r 0f         0000000c  c.slli   x15, 2
#1711 0 80000106     17c1 r 0f         fffffffc  c.addi   x15, -0x10
#1712 0 80000108     97a2 r 0f         f004102c  c.add    x15, x8
#1713 0 8000010a fb47a783 r 0f         0000000a  lw       x15, -0x4c(x15)
#1714 0 8000010e 04f75763 r 00         00000000  bge      x14, x15, . + 0x4e
#1715 0 80000112 fec42783 r 0f         00000000  lw       x15, -0x14(x8)
#1716 0 80000116 00279713 r 0e         00000000  slli     x14, x15, 0x2
#1717 0 8000011a fe442783 r 0f         00000002  lw       x15, -0x1c(x8)
#1718 0 8000011e     97ba r 0f         00000002  c.add    x15, x14
#1719 0 80000120     078a r 0f         00000008  c.slli   x15, 2
#1720 0 80000122     17c1 r 0f         fffffff8  c.addi   x15, -0x10
#1721 0 80000124     97a2 r 0f         f0041028  c.add    x15, x8
#1722 0 80000126 fb47a703 r 0e         00000008  lw       x14, -0x4c(x15)
#1723 0 8000012a fe442783 r 0f         00000002  lw       x15, -0x1c(x8)
#1724 0 8000012e 00279693 r 0d         00000008  slli     x13, x15, 0x2
#1725 0 80000132 fe842783 r 0f         00000003  lw       x15, -0x18(x8)
#1726 0 80000136     97b6 r 0f         0000000b  c.add    x15, x13
#1727 0 80000138     078a r 0f         0000002c  c.slli   x15, 2
#1728 0 8000013a     17c1 r 0f         0000001c  c.addi   x15, -0x10
#1729 0 8000013c     97a2 r 0f         f004104c  c.add    x15, x8
#1730 0 8000013e fb47a783 r 0f         00000001  lw       x15, -0x4c(x15)
#1731 0 80000142     973e r 0e         00000009  c.add    x14, x15
#1732 0 80000144 fec42783 r 0f         00000000  lw       x15, -0x14(x8)
#1733 0 80000148 00279693 r 0d         00000000  slli     x13, x15, 0x2
#1734 0 8000014c fe842783 r 0f         00000003  lw       x15, -0x18(x8)
#1735 0 80000150     97b6 r 0f         00000003  c.add    x15, x13
#1736 0 80000152     078a r 0f         0000000c  c.slli   x15, 2
#1737 0 80000154     17c1 r 0f         fffffffc  c.addi   x15, -0x10
#1738 0 80000156     97a2 r 0f         f004102c  c.add    x15, x8
#1739 0 80000158 fae7aa23 m f0040fe0   00000009  sw       x14, -0x4c(x15)
#1740 0 8000015c fe842783 r 0f         00000003  lw       x15, -0x18(x8)
#1741 0 80000160     0785 r 0f         00000004  c.addi   x15, 0x1
#1742 0 80000162 fef42423 m f0041018   00000004  sw       x15, -0x18(x8)
#1743 0 80000166 fe842703 r 0e         00000004  lw       x14, -0x18(x8)
#1744 0 8000016a     478d r 0f         00000003  c.li     x15, 0x3
#1745 0 8000016c f4e7dce3 r 00         00000000  bge      x15, x14, . - 0xa8
#1746 0 80000170 fec42783 r 0f         00000000  lw       x15, -0x14(x8)
#1747 0 80000174     0785 r 0f         00000001  c.addi   x15, 0x1
#1748 0 80000176 fef42623 m f004101c   00000001  sw       x15, -0x14(x8)
#1749 0 8000017a fec42703 r 0e         00000001  lw       x14, -0x14(x8)
#1750 0 8000017e     478d r 0f         00000003  c.li     x15, 0x3
#1751 0 80000180 f2e7dfe3 r 00         00000000  bge      x15, x14, . - 0xc2
#1752 0 800000be fe042423 m f0041018   00000000  sw       x0, -0x18(x8)
#1753 0 800000c2     a055 r 00         00000000  c.j      . + 0xa4
#1754 0 80000166 fe842703 r 0e         00000000  lw       x14, -0x18(x8)
#1755 0 8000016a     478d r 0f         00000003  c.li     x15, 0x3
#1756 0 8000016c f4e7dce3 r 00         00000000  bge      x15, x14, . - 0xa8
#1757 0 800000c4 fec42783 r 0f         00000001  lw       x15, -0x14(x8)
#1758 0 800000c8 00279713 r 0e         00000004  slli     x14, x15, 0x2
#1759 0 800000cc fe442783 r 0f         00000002  lw       x15, -0x1c(x8)
#1760 0 800000d0     97ba r 0f         00000006  c.add    x15, x14
#1761 0 800000d2     078a r 0f         00000018  c.slli   x15, 2
#1762 0 800000d4     17c1 r 0f         00000008  c.addi   x15, -0x10
#1763 0 800000d6     97a2 r 0f         f0041038  c.add    x15, x8
#1764 0 800000d8 fb47a703 r 0e         00000003  lw       x14, -0x4c(x15)
#1765 0 800000dc fe442783 r 0f         00000002  lw       x15, -0x1c(x8)
#1766 0 800000e0 00279693 r 0d         00000008  slli     x13, x15, 0x2
#1767 0 800000e4 fe842783 r 0f         00000000  lw       x15, -0x18(x8)
#1768 0 800000e8     97b6 r 0f         00000008  c.add    x15, x13
#1769 0 800000ea     078a r 0f         00000020  c.slli   x15, 2
#1770 0 800000ec     17c1 r 0f         00000010  c.addi   x15, -0x10
#1771 0 800000ee     97a2 r 0f         f0041040  c.add    x15, x8
#1772 0 800000f0 fb47a783 r 0f         0001869f  lw       x15, -0x4c(x15)
#1773 0 800000f4     973e r 0e         000186a2  c.add    x14, x15
#1774 0 800000f6 fec42783 r 0f         00000001  lw       x15, -0x14(x8)
#1775 0 800000fa 00279693 r 0d         00000004  slli     x13, x15, 0x2
#1776 0 800000fe fe842783 r 0f         00000000  lw       x15, -0x18(x8)
#1777 0 80000102     97b6 r 0f         00000004  c.add    x15, x13
#1778 0 80000104     078a r 0f         00000010  c.slli   x15, 2
#1779 0 80000106     17c1 r 0f         00000000  c.addi   x15, -0x10
#1780 0 80000108     97a2 r 0f         f0041030  c.add    x15, x8
#1781 0 8000010a fb47a783 r 0f         0001869f  lw       x15, -0x4c(x15)
#1782 0 8000010e 04f75763 r 00         00000000  bge      x14, x15, . + 0x4e
#1783 0 8000015c fe842783 r 0f         00000000  lw       x15, -0x18(x8)
#1784 0 80000160     0785 r 0f         00000001  c.addi   x15, 0x1
#1785 0 80000162 fef42423 m f0041018   00000001  sw       x15, -0x18(x8)
#1786 0 80000166 fe842703 r 0e         00000001  lw       x14, -0x18(x8)
#1787 0 8000016a     478d r 0f         00000003  c.li     x15, 0x3
#1788 0 8000016c f4e7dce3 r 00         00000000  bge      x15, x14, . - 0xa8
#1789 0 800000c4 fec42783 r 0f         00000001  lw       x15, -0x14(x8)
#1790 0 800000c8 00279713 r 0e         00000004  slli     x14, x15, 0x2
#1791 0 800000cc fe442783 r 0f         00000002  lw       x15, -0x1c(x8)
#1792 0 800000d0     97ba r 0f         00000006  c.add    x15, x14
#1793 0 800000d2     078a r 0f         00000018  c.slli   x15, 2
#1794 0 800000d4     17c1 r 0f         00000008  c.addi   x15, -0x10
#1795 0 800000d6     97a2 r 0f         f0041038  c.add    x15, x8
#1796 0 800000d8 fb47a703 r 0e         00000003  lw       x14, -0x4c(x15)
#1797 0 800000dc fe442783 r 0f         00000002  lw       x15, -0x1c(x8)
#1798 0 800000e0 00279693 r 0d         00000008  slli     x13, x15, 0x2
#1799 0 800000e4 fe842783 r 0f         00000001  lw       x15, -0x18(x8)
#1800 0 800000e8     97b6 r 0f         00000009  c.add    x15, x13
#1801 0 800000ea     078a r 0f         00000024  c.slli   x15, 2
#1802 0 800000ec     17c1 r 0f         00000014  c.addi   x15, -0x10
#1803 0 800000ee     97a2 r 0f         f0041044  c.add    x15, x8
#1804 0 800000f0 fb47a783 r 0f         0001869f  lw       x15, -0x4c(x15)
#1805 0 800000f4     973e r 0e         000186a2  c.add    x14, x15
#1806 0 800000f6 fec42783 r 0f         00000001  lw       x15, -0x14(x8)
#1807 0 800000fa 00279693 r 0d         00000004  slli     x13, x15, 0x2
#1808 0 800000fe fe842783 r 0f         00000001  lw       x15, -0x18(x8)
#1809 0 80000102     97b6 r 0f         00000005  c.add    x15, x13
#1810 0 80000104     078a r 0f         00000014  c.slli   x15, 2
#1811 0 80000106     17c1 r 0f         00000004  c.addi   x15, -0x10
#1812 0 80000108     97a2 r 0f         f0041034  c.add    x15, x8
#1813 0 8000010a fb47a783 r 0f         00000000  lw       x15, -0x4c(x15)
#1814 0 8000010e 04f75763 r 00         00000000  bge      x14, x15, . + 0x4e
#1815 0 8000015c fe842783 r 0f         00000001  lw       x15, -0x18(x8)
#1816 0 80000160     0785 r 0f         00000002  c.addi   x15, 0x1
#1817 0 80000162 fef42423 m f0041018   00000002  sw       x15, -0x18(x8)
#1818 0 80000166 fe842703 r 0e         00000002  lw       x14, -0x18(x8)
#1819 0 8000016a     478d r 0f         00000003  c.li     x15, 0x3
#1820 0 8000016c f4e7dce3 r 00         00000000  bge      x15, x14, . - 0xa8
#1821 0 800000c4 fec42783 r 0f         00000001  lw       x15, -0x14(x8)
#1822 0 800000c8 00279713 r 0e         00000004  slli     x14, x15, 0x2
#1823 0 800000cc fe442783 r 0f         00000002  lw       x15, -0x1c(x8)
#1824 0 800000d0     97ba r 0f         00000006  c.add    x15, x14
#1825 0 800000d2     078a r 0f         00000018  c.slli   x15, 2
#1826 0 800000d4     17c1 r 0f         00000008  c.addi   x15, -0x10
#1827 0 800000d6     97a2 r 0f         f0041038  c.add    x15, x8
#1828 0 800000d8 fb47a703 r 0e         00000003  lw       x14, -0x4c(x15)
#1829 0 800000dc fe442783 r 0f         00000002  lw       x15, -0x1c(x8)
#1830 0 800000e0 00279693 r 0d         00000008  slli     x13, x15, 0x2
#1831 0 800000e4 fe842783 r 0f         00000002  lw       x15, -0x18(x8)
#1832 0 800000e8     97b6 r 0f         0000000a  c.add    x15, x13
#1833 0 800000ea     078a r 0f         00000028  c.slli   x15, 2
#1834 0 800000ec     17c1 r 0f         00000018  c.addi   x15, -0x10
#1835 0 800000ee     97a2 r 0f         f0041048  c.add    x15, x8
#1836 0 800000f0 fb47a783 r 0f         00000000  lw       x15, -0x4c(x15)
#1837 0 800000f4     973e r 0e         00000003  c.add    x14, x15
#1838 0 800000f6 fec42783 r 0f         00000001  lw       x15, -0x14(x8)
#1839 0 800000fa 00279693 r 0d         00000004  slli     x13, x15, 0x2
#1840 0 800000fe fe842783 r 0f         00000002  lw       x15, -0x18(x8)
#1841 0 80000102     97b6 r 0f         00000006  c.add    x15, x13
#1842 0 80000104     078a r 0f         00000018  c.slli   x15, 2
#1843 0 80000106     17c1 r 0f         00000008  c.addi   x15, -0x10
#1844 0 80000108     97a2 r 0f         f0041038  c.add    x15, x8
#1845 0 8000010a fb47a783 r 0f         00000003  lw       x15, -0x4c(x15)
#1846 0 8000010e 04f75763 r 00         00000000  bge      x14, x15, . + 0x4e
#1847 0 8000015c fe842783 r 0f         00000002  lw       x15, -0x18(x8)
#1848 0 80000160     0785 r 0f         00000003  c.addi   x15, 0x1
#1849 0 80000162 fef42423 m f0041018   00000003  sw       x15, -0x18(x8)
#1850 0 80000166 fe842703 r 0e         00000003  lw       x14, -0x18(x8)
#1851 0 8000016a     478d r 0f         00000003  c.li     x15, 0x3
#1852 0 8000016c f4e7dce3 r 00         00000000  bge      x15, x14, . - 0xa8
#1853 0 800000c4 fec42783 r 0f         00000001  lw       x15, -0x14(x8)
#1854 0 800000c8 00279713 r 0e         00000004  slli     x14, x15, 0x2
#1855 0 800000cc fe442783 r 0f         00000002  lw       x15, -0x1c(x8)
#1856 0 800000d0     97ba r 0f         00000006  c.add    x15, x14
#1857 0 800000d2     078a r 0f         00000018  c.slli   x15, 2
#1858 0 800000d4     17c1 r 0f         00000008  c.addi   x15, -0x10
#1859 0 800000d6     97a2 r 0f         f0041038  c.add    x15, x8
#1860 0 800000d8 fb47a703 r 0e         00000003  lw       x14, -0x4c(x15)
#1861 0 800000dc fe442783 r 0f         00000002  lw       x15, -0x1c(x8)
#1862 0 800000e0 00279693 r 0d         00000008  slli     x13, x15, 0x2
#1863 0 800000e4 fe842783 r 0f         00000003  lw       x15, -0x18(x8)
#1864 0 800000e8     97b6 r 0f         0000000b  c.add    x15, x13
#1865 0 800000ea     078a r 0f         0000002c  c.slli   x15, 2
#1866 0 800000ec     17c1 r 0f         0000001c  c.addi   x15, -0x10
#1867 0 800000ee     97a2 r 0f         f004104c  c.add    x15, x8
#1868 0 800000f0 fb47a783 r 0f         00000001  lw       x15, -0x4c(x15)
#1869 0 800000f4     973e r 0e         00000004  c.add    x14, x15
#1870 0 800000f6 fec42783 r 0f         00000001  lw       x15, -0x14(x8)
#1871 0 800000fa 00279693 r 0d         00000004  slli     x13, x15, 0x2
#1872 0 800000fe fe842783 r 0f         00000003  lw       x15, -0x18(x8)
#1873 0 80000102     97b6 r 0f         00000007  c.add    x15, x13
#1874 0 80000104     078a r 0f         0000001c  c.slli   x15, 2
#1875 0 80000106     17c1 r 0f         0000000c  c.addi   x15, -0x10
#1876 0 80000108     97a2 r 0f         f004103c  c.add    x15, x8
#1877 0 8000010a fb47a783 r 0f         0001869f  lw       x15, -0x4c(x15)
#1878 0 8000010e 04f75763 r 00         00000000  bge      x14, x15, . + 0x4e
#1879 0 80000112 fec42783 r 0f         00000001  lw       x15, -0x14(x8)
#1880 0 80000116 00279713 r 0e         00000004  slli     x14, x15, 0x2
#1881 0 8000011a fe442783 r 0f         00000002  lw       x15, -0x1c(x8)
#1882 0 8000011e     97ba r 0f         00000006  c.add    x15, x14
#1883 0 80000120     078a r 0f         00000018  c.slli   x15, 2
#1884 0 80000122     17c1 r 0f         00000008  c.addi   x15, -0x10
#1885 0 80000124     97a2 r 0f         f0041038  c.add    x15, x8
#1886 0 80000126 fb47a703 r 0e         00000003  lw       x14, -0x4c(x15)
#1887 0 8000012a fe442783 r 0f         00000002  lw       x15, -0x1c(x8)
#1888 0 8000012e 00279693 r 0d         00000008  slli     x13, x15, 0x2
#1889 0 80000132 fe842783 r 0f         00000003  lw       x15, -0x18(x8)
#1890 0 80000136     97b6 r 0f         0000000b  c.add    x15, x13
#1891 0 80000138     078a r 0f         0000002c  c.slli   x15, 2
#1892 0 8000013a     17c1 r 0f         0000001c  c.addi   x15, -0x10
#1893 0 8000013c     97a2 r 0f         f004104c  c.add    x15, x8
#1894 0 8000013e fb47a783 r 0f         00000001  lw       x15, -0x4c(x15)
#1895 0 80000142     973e r 0e         00000004  c.add    x14, x15
#1896 0 80000144 fec42783 r 0f         00000001  lw       x15, -0x14(x8)
#1897 0 80000148 00279693 r 0d         00000004  slli     x13, x15, 0x2
#1898 0 8000014c fe842783 r 0f         00000003  lw       x15, -0x18(x8)
#1899 0 80000150     97b6 r 0f         00000007  c.add    x15, x13
#1900 0 80000152     078a r 0f         0000001c  c.slli   x15, 2
#1901 0 80000154     17c1 r 0f         0000000c  c.addi   x15, -0x10
#1902 0 80000156     97a2 r 0f         f004103c  c.add    x15, x8
#1903 0 80000158 fae7aa23 m f0040ff0   00000004  sw       x14, -0x4c(x15)
#1904 0 8000015c fe842783 r 0f         00000003  lw       x15, -0x18(x8)
#1905 0 80000160     0785 r 0f         00000004  c.addi   x15, 0x1
#1906 0 80000162 fef42423 m f0041018   00000004  sw       x15, -0x18(x8)
#1907 0 80000166 fe842703 r 0e         00000004  lw       x14, -0x18(x8)
#1908 0 8000016a     478d r 0f         00000003  c.li     x15, 0x3
#1909 0 8000016c f4e7dce3 r 00         00000000  bge      x15, x14, . - 0xa8
#1910 0 80000170 fec42783 r 0f         00000001  lw       x15, -0x14(x8)
#1911 0 80000174     0785 r 0f         00000002  c.addi   x15, 0x1
#1912 0 80000176 fef42623 m f004101c   00000002  sw       x15, -0x14(x8)
#1913 0 8000017a fec42703 r 0e         00000002  lw       x14, -0x14(x8)
#1914 0 8000017e     478d r 0f         00000003  c.li     x15, 0x3
#1915 0 80000180 f2e7dfe3 r 00         00000000  bge      x15, x14, . - 0xc2
#1916 0 800000be fe042423 m f0041018   00000000  sw       x0, -0x18(x8)
#1917 0 800000c2     a055 r 00         00000000  c.j      . + 0xa4
#1918 0 80000166 fe842703 r 0e         00000000  lw       x14, -0x18(x8)
#1919 0 8000016a     478d r 0f         00000003  c.li     x15, 0x3
#1920 0 8000016c f4e7dce3 r 00         00000000  bge      x15, x14, . - 0xa8
#1921 0 800000c4 fec42783 r 0f         00000002  lw       x15, -0x14(x8)
#1922 0 800000c8 00279713 r 0e         00000008  slli     x14, x15, 0x2
#1923 0 800000cc fe442783 r 0f         00000002  lw       x15, -0x1c(x8)
#1924 0 800000d0     97ba r 0f         0000000a  c.add    x15, x14
#1925 0 800000d2     078a r 0f         00000028  c.slli   x15, 2
#1926 0 800000d4     17c1 r 0f         00000018  c.addi   x15, -0x10
#1927 0 800000d6     97a2 r 0f         f0041048  c.add    x15, x8
#1928 0 800000d8 fb47a703 r 0e         00000000  lw       x14, -0x4c(x15)
#1929 0 800000dc fe442783 r 0f         00000002  lw       x15, -0x1c(x8)
#1930 0 800000e0 00279693 r 0d         00000008  slli     x13, x15, 0x2
#1931 0 800000e4 fe842783 r 0f         00000000  lw       x15, -0x18(x8)
#1932 0 800000e8     97b6 r 0f         00000008  c.add    x15, x13
#1933 0 800000ea     078a r 0f         00000020  c.slli   x15, 2
#1934 0 800000ec     17c1 r 0f         00000010  c.addi   x15, -0x10
#1935 0 800000ee     97a2 r 0f         f0041040  c.add    x15, x8
#1936 0 800000f0 fb47a783 r 0f         0001869f  lw       x15, -0x4c(x15)
#1937 0 800000f4     973e r 0e         0001869f  c.add    x14, x15
#1938 0 800000f6 fec42783 r 0f         00000002  lw       x15, -0x14(x8)
#1939 0 800000fa 00279693 r 0d         00000008  slli     x13, x15, 0x2
#1940 0 800000fe fe842783 r 0f         00000000  lw       x15, -0x18(x8)
#1941 0 80000102     97b6 r 0f         00000008  c.add    x15, x13
#1942 0 80000104     078a r 0f         00000020  c.slli   x15, 2
#1943 0 80000106     17c1 r 0f         00000010  c.addi   x15, -0x10
#1944 0 80000108     97a2 r 0f         f0041040  c.add    x15, x8
#1945 0 8000010a fb47a783 r 0f         0001869f  lw       x15, -0x4c(x15)
#1946 0 8000010e 04f75763 r 00         00000000  bge      x14, x15, . + 0x4e
#1947 0 8000015c fe842783 r 0f         00000000  lw       x15, -0x18(x8)
#1948 0 80000160     0785 r 0f         00000001  c.addi   x15, 0x1
#1949 0 80000162 fef42423 m f0041018   00000001  sw       x15, -0x18(x8)
#1950 0 80000166 fe842703 r 0e         00000001  lw       x14, -0x18(x8)
#1951 0 8000016a     478d r 0f         00000003  c.li     x15, 0x3
#1952 0 8000016c f4e7dce3 r 00         00000000  bge      x15, x14, . - 0xa8
#1953 0 800000c4 fec42783 r 0f         00000002  lw       x15, -0x14(x8)
#1954 0 800000c8 00279713 r 0e         00000008  slli     x14, x15, 0x2
#1955 0 800000cc fe442783 r 0f         00000002  lw       x15, -0x1c(x8)
#1956 0 800000d0     97ba r 0f         0000000a  c.add    x15, x14
#1957 0 800000d2     078a r 0f         00000028  c.slli   x15, 2
#1958 0 800000d4     17c1 r 0f         00000018  c.addi   x15, -0x10
#1959 0 800000d6     97a2 r 0f         f0041048  c.add    x15, x8
#1960 0 800000d8 fb47a703 r 0e         00000000  lw       x14, -0x4c(x15)
#1961 0 800000dc fe442783 r 0f         00000002  lw       x15, -0x1c(x8)
#1962 0 800000e0 00279693 r 0d         00000008  slli     x13, x15, 0x2
#1963 0 800000e4 fe842783 r 0f         00000001  lw       x15, -0x18(x8)
#1964 0 800000e8     97b6 r 0f         00000009  c.add    x15, x13
#1965 0 800000ea     078a r 0f         00000024  c.slli   x15, 2
#1966 0 800000ec     17c1 r 0f         00000014  c.addi   x15, -0x10
#1967 0 800000ee     97a2 r 0f         f0041044  c.add    x15, x8
#1968 0 800000f0 fb47a783 r 0f         0001869f  lw       x15, -0x4c(x15)
#1969 0 800000f4     973e r 0e         0001869f  c.add    x14, x15
#1970 0 800000f6 fec42783 r 0f         00000002  lw       x15, -0x14(x8)
#1971 0 800000fa 00279693 r 0d         00000008  slli     x13, x15, 0x2
#1972 0 800000fe fe842783 r 0f         00000001  lw       x15, -0x18(x8)
#1973 0 80000102     97b6 r 0f         00000009  c.add    x15, x13
#1974 0 80000104     078a r 0f         00000024  c.slli   x15, 2
#1975 0 80000106     17c1 r 0f         00000014  c.addi   x15, -0x10
#1976 0 80000108     97a2 r 0f         f0041044  c.add    x15, x8
#1977 0 8000010a fb47a783 r 0f         0001869f  lw       x15, -0x4c(x15)
#1978 0 8000010e 04f75763 r 00         00000000  bge      x14, x15, . + 0x4e
#1979 0 8000015c fe842783 r 0f         00000001  lw       x15, -0x18(x8)
#1980 0 80000160     0785 r 0f         00000002  c.addi   x15, 0x1
#1981 0 80000162 fef42423 m f0041018   00000002  sw       x15, -0x18(x8)
#1982 0 80000166 fe842703 r 0e         00000002  lw       x14, -0x18(x8)
#1983 0 8000016a     478d r 0f         00000003  c.li     x15, 0x3
#1984 0 8000016c f4e7dce3 r 00         00000000  bge      x15, x14, . - 0xa8
#1985 0 800000c4 fec42783 r 0f         00000002  lw       x15, -0x14(x8)
#1986 0 800000c8 00279713 r 0e         00000008  slli     x14, x15, 0x2
#1987 0 800000cc fe442783 r 0f         00000002  lw       x15, -0x1c(x8)
#1988 0 800000d0     97ba r 0f         0000000a  c.add    x15, x14
#1989 0 800000d2     078a r 0f         00000028  c.slli   x15, 2
#1990 0 800000d4     17c1 r 0f         00000018  c.addi   x15, -0x10
#1991 0 800000d6     97a2 r 0f         f0041048  c.add    x15, x8
#1992 0 800000d8 fb47a703 r 0e         00000000  lw       x14, -0x4c(x15)
#1993 0 800000dc fe442783 r 0f         00000002  lw       x15, -0x1c(x8)
#1994 0 800000e0 00279693 r 0d         00000008  slli     x13, x15, 0x2
#1995 0 800000e4 fe842783 r 0f         00000002  lw       x15, -0x18(x8)
#1996 0 800000e8     97b6 r 0f         0000000a  c.add    x15, x13
#1997 0 800000ea     078a r 0f         00000028  c.slli   x15, 2
#1998 0 800000ec     17c1 r 0f         00000018  c.addi   x15, -0x10
#1999 0 800000ee     97a2 r 0f         f0041048  c.add    x15, x8
#2000 0 800000f0 fb47a783 r 0f         00000000  lw       x15, -0x4c(x15)
#2001 0 800000f4     973e r 0e         00000000  c.add    x14, x15
#2002 0 800000f6 fec42783 r 0f         00000002  lw       x15, -0x14(x8)
#2003 0 800000fa 00279693 r 0d         00000008  slli     x13, x15, 0x2
#2004 0 800000fe fe842783 r 0f         00000002  lw       x15, -0x18(x8)
#2005 0 80000102     97b6 r 0f         0000000a  c.add    x15, x13
#2006 0 80000104     078a r 0f         00000028  c.slli   x15, 2
#2007 0 80000106     17c1 r 0f         00000018  c.addi   x15, -0x10
#2008 0 80000108     97a2 r 0f         f0041048  c.add    x15, x8
#2009 0 8000010a fb47a783 r 0f         00000000  lw       x15, -0x4c(x15)
#2010 0 8000010e 04f75763 r 00         00000000  bge      x14, x15, . + 0x4e
#2011 0 8000015c fe842783 r 0f         00000002  lw       x15, -0x18(x8)
#2012 0 80000160     0785 r 0f         00000003  c.addi   x15, 0x1
#2013 0 80000162 fef42423 m f0041018   00000003  sw       x15, -0x18(x8)
#2014 0 80000166 fe842703 r 0e         00000003  lw       x14, -0x18(x8)
#2015 0 8000016a     478d r 0f         00000003  c.li     x15, 0x3
#2016 0 8000016c f4e7dce3 r 00         00000000  bge      x15, x14, . - 0xa8
#2017 0 800000c4 fec42783 r 0f         00000002  lw       x15, -0x14(x8)
#2018 0 800000c8 00279713 r 0e         00000008  slli     x14, x15, 0x2
#2019 0 800000cc fe442783 r 0f         00000002  lw       x15, -0x1c(x8)
#2020 0 800000d0     97ba r 0f         0000000a  c.add    x15, x14
#2021 0 800000d2     078a r 0f         00000028  c.slli   x15, 2
#2022 0 800000d4     17c1 r 0f         00000018  c.addi   x15, -0x10
#2023 0 800000d6     97a2 r 0f         f0041048  c.add    x15, x8
#2024 0 800000d8 fb47a703 r 0e         00000000  lw       x14, -0x4c(x15)
#2025 0 800000dc fe442783 r 0f         00000002  lw       x15, -0x1c(x8)
#2026 0 800000e0 00279693 r 0d         00000008  slli     x13, x15, 0x2
#2027 0 800000e4 fe842783 r 0f         00000003  lw       x15, -0x18(x8)
#2028 0 800000e8     97b6 r 0f         0000000b  c.add    x15, x13
#2029 0 800000ea     078a r 0f         0000002c  c.slli   x15, 2
#2030 0 800000ec     17c1 r 0f         0000001c  c.addi   x15, -0x10
#2031 0 800000ee     97a2 r 0f         f004104c  c.add    x15, x8
#2032 0 800000f0 fb47a783 r 0f         00000001  lw       x15, -0x4c(x15)
#2033 0 800000f4     973e r 0e         00000001  c.add    x14, x15
#2034 0 800000f6 fec42783 r 0f         00000002  lw       x15, -0x14(x8)
#2035 0 800000fa 00279693 r 0d         00000008  slli     x13, x15, 0x2
#2036 0 800000fe fe842783 r 0f         00000003  lw       x15, -0x18(x8)
#2037 0 80000102     97b6 r 0f         0000000b  c.add    x15, x13
#2038 0 80000104     078a r 0f         0000002c  c.slli   x15, 2
#2039 0 80000106     17c1 r 0f         0000001c  c.addi   x15, -0x10
#2040 0 80000108     97a2 r 0f         f004104c  c.add    x15, x8
#2041 0 8000010a fb47a783 r 0f         00000001  lw       x15, -0x4c(x15)
#2042 0 8000010e 04f75763 r 00         00000000  bge      x14, x15, . + 0x4e
#2043 0 8000015c fe842783 r 0f         00000003  lw       x15, -0x18(x8)
#2044 0 80000160     0785 r 0f         00000004  c.addi   x15, 0x1
#2045 0 80000162 fef42423 m f0041018   00000004  sw       x15, -0x18(x8)
#2046 0 80000166 fe842703 r 0e         00000004  lw       x14, -0x18(x8)
#2047 0 8000016a     478d r 0f         00000003  c.li     x15, 0x3
#2048 0 8000016c f4e7dce3 r 00         00000000  bge      x15, x14, . - 0xa8
#2049 0 80000170 fec42783 r 0f         00000002  lw       x15, -0x14(x8)
#2050 0 80000174     0785 r 0f         00000003  c.addi   x15, 0x1
#2051 0 80000176 fef42623 m f004101c   00000003  sw       x15, -0x14(x8)
#2052 0 8000017a fec42703 r 0e         00000003  lw       x14, -0x14(x8)
#2053 0 8000017e     478d r 0f         00000003  c.li     x15, 0x3
#2054 0 80000180 f2e7dfe3 r 00         00000000  bge      x15, x14, . - 0xc2
#2055 0 800000be fe042423 m f0041018   00000000  sw       x0, -0x18(x8)
#2056 0 800000c2     a055 r 00         00000000  c.j      . + 0xa4
#2057 0 80000166 fe842703 r 0e         00000000  lw       x14, -0x18(x8)
#2058 0 8000016a     478d r 0f         00000003  c.li     x15, 0x3
#2059 0 8000016c f4e7dce3 r 00         00000000  bge      x15, x14, . - 0xa8
#2060 0 800000c4 fec42783 r 0f         00000003  lw       x15, -0x14(x8)
#2061 0 800000c8 00279713 r 0e         0000000c  slli     x14, x15, 0x2
#2062 0 800000cc fe442783 r 0f         00000002  lw       x15, -0x1c(x8)
#2063 0 800000d0     97ba r 0f         0000000e  c.add    x15, x14
#2064 0 800000d2     078a r 0f         00000038  c.slli   x15, 2
#2065 0 800000d4     17c1 r 0f         00000028  c.addi   x15, -0x10
#2066 0 800000d6     97a2 r 0f         f0041058  c.add    x15, x8
#2067 0 800000d8 fb47a703 r 0e         0001869f  lw       x14, -0x4c(x15)
#2068 0 800000dc fe442783 r 0f         00000002  lw       x15, -0x1c(x8)
#2069 0 800000e0 00279693 r 0d         00000008  slli     x13, x15, 0x2
#2070 0 800000e4 fe842783 r 0f         00000000  lw       x15, -0x18(x8)
#2071 0 800000e8     97b6 r 0f         00000008  c.add    x15, x13
#2072 0 800000ea     078a r 0f         00000020  c.slli   x15, 2
#2073 0 800000ec     17c1 r 0f         00000010  c.addi   x15, -0x10
#2074 0 800000ee     97a2 r 0f         f0041040  c.add    x15, x8
#2075 0 800000f0 fb47a783 r 0f         0001869f  lw       x15, -0x4c(x15)
#2076 0 800000f4     973e r 0e         00030d3e  c.add    x14, x15
#2077 0 800000f6 fec42783 r 0f         00000003  lw       x15, -0x14(x8)
#2078 0 800000fa 00279693 r 0d         0000000c  slli     x13, x15, 0x2
#2079 0 800000fe fe842783 r 0f         00000000  lw       x15, -0x18(x8)
#2080 0 80000102     97b6 r 0f         0000000c  c.add    x15, x13
#2081 0 80000104     078a r 0f         00000030  c.slli   x15, 2
#2082 0 80000106     17c1 r 0f         00000020  c.addi   x15, -0x10
#2083 0 80000108     97a2 r 0f         f0041050  c.add    x15, x8
#2084 0 8000010a fb47a783 r 0f         0001869f  lw       x15, -0x4c(x15)
#2085 0 8000010e 04f75763 r 00         00000000  bge      x14, x15, . + 0x4e
#2086 0 8000015c fe842783 r 0f         00000000  lw       x15, -0x18(x8)
#2087 0 80000160     0785 r 0f         00000001  c.addi   x15, 0x1
#2088 0 80000162 fef42423 m f0041018   00000001  sw       x15, -0x18(x8)
#2089 0 80000166 fe842703 r 0e         00000001  lw       x14, -0x18(x8)
#2090 0 8000016a     478d r 0f         00000003  c.li     x15, 0x3
#2091 0 8000016c f4e7dce3 r 00         00000000  bge      x15, x14, . - 0xa8
#2092 0 800000c4 fec42783 r 0f         00000003  lw       x15, -0x14(x8)
#2093 0 800000c8 00279713 r 0e         0000000c  slli     x14, x15, 0x2
#2094 0 800000cc fe442783 r 0f         00000002  lw       x15, -0x1c(x8)
#2095 0 800000d0     97ba r 0f         0000000e  c.add    x15, x14
#2096 0 800000d2     078a r 0f         00000038  c.slli   x15, 2
#2097 0 800000d4     17c1 r 0f         00000028  c.addi   x15, -0x10
#2098 0 800000d6     97a2 r 0f         f0041058  c.add    x15, x8
#2099 0 800000d8 fb47a703 r 0e         0001869f  lw       x14, -0x4c(x15)
#2100 0 800000dc fe442783 r 0f         00000002  lw       x15, -0x1c(x8)
#2101 0 800000e0 00279693 r 0d         00000008  slli     x13, x15, 0x2
#2102 0 800000e4 fe842783 r 0f         00000001  lw       x15, -0x18(x8)
#2103 0 800000e8     97b6 r 0f         00000009  c.add    x15, x13
#2104 0 800000ea     078a r 0f         00000024  c.slli   x15, 2
#2105 0 800000ec     17c1 r 0f         00000014  c.addi   x15, -0x10
#2106 0 800000ee     97a2 r 0f         f0041044  c.add    x15, x8
#2107 0 800000f0 fb47a783 r 0f         0001869f  lw       x15, -0x4c(x15)
#2108 0 800000f4     973e r 0e         00030d3e  c.add    x14, x15
#2109 0 800000f6 fec42783 r 0f         00000003  lw       x15, -0x14(x8)
#2110 0 800000fa 00279693 r 0d         0000000c  slli     x13, x15, 0x2
#2111 0 800000fe fe842783 r 0f         00000001  lw       x15, -0x18(x8)
#2112 0 80000102     97b6 r 0f         0000000d  c.add    x15, x13
#2113 0 80000104     078a r 0f         00000034  c.slli   x15, 2
#2114 0 80000106     17c1 r 0f         00000024  c.addi   x15, -0x10
#2115 0 80000108     97a2 r 0f         f0041054  c.add    x15, x8
#2116 0 8000010a fb47a783 r 0f         0001869f  lw       x15, -0x4c(x15)
#2117 0 8000010e 04f75763 r 00         00000000  bge      x14, x15, . + 0x4e
#2118 0 8000015c fe842783 r 0f         00000001  lw       x15, -0x18(x8)
#2119 0 80000160     0785 r 0f         00000002  c.addi   x15, 0x1
#2120 0 80000162 fef42423 m f0041018   00000002  sw       x15, -0x18(x8)
#2121 0 80000166 fe842703 r 0e         00000002  lw       x14, -0x18(x8)
#2122 0 8000016a     478d r 0f         00000003  c.li     x15, 0x3
#2123 0 8000016c f4e7dce3 r 00         00000000  bge      x15, x14, . - 0xa8
#2124 0 800000c4 fec42783 r 0f         00000003  lw       x15, -0x14(x8)
#2125 0 800000c8 00279713 r 0e         0000000c  slli     x14, x15, 0x2
#2126 0 800000cc fe442783 r 0f         00000002  lw       x15, -0x1c(x8)
#2127 0 800000d0     97ba r 0f         0000000e  c.add    x15, x14
#2128 0 800000d2     078a r 0f         00000038  c.slli   x15, 2
#2129 0 800000d4     17c1 r 0f         00000028  c.addi   x15, -0x10
#2130 0 800000d6     97a2 r 0f         f0041058  c.add    x15, x8
#2131 0 800000d8 fb47a703 r 0e         0001869f  lw       x14, -0x4c(x15)
#2132 0 800000dc fe442783 r 0f         00000002  lw       x15, -0x1c(x8)
#2133 0 800000e0 00279693 r 0d         00000008  slli     x13, x15, 0x2
#2134 0 800000e4 fe842783 r 0f         00000002  lw       x15, -0x18(x8)
#2135 0 800000e8     97b6 r 0f         0000000a  c.add    x15, x13
#2136 0 800000ea     078a r 0f         00000028  c.slli   x15, 2
#2137 0 800000ec     17c1 r 0f         00000018  c.addi   x15, -0x10
#2138 0 800000ee     97a2 r 0f         f0041048  c.add    x15, x8
#2139 0 800000f0 fb47a783 r 0f         00000000  lw       x15, -0x4c(x15)
#2140 0 800000f4     973e r 0e         0001869f  c.add    x14, x15
#2141 0 800000f6 fec42783 r 0f         00000003  lw       x15, -0x14(x8)
#2142 0 800000fa 00279693 r 0d         0000000c  slli     x13, x15, 0x2
#2143 0 800000fe fe842783 r 0f         00000002  lw       x15, -0x18(x8)
#2144 0 80000102     97b6 r 0f         0000000e  c.add    x15, x13
#2145 0 80000104     078a r 0f         00000038  c.slli   x15, 2
#2146 0 80000106     17c1 r 0f         00000028  c.addi   x15, -0x10
#2147 0 80000108     97a2 r 0f         f0041058  c.add    x15, x8
#2148 0 8000010a fb47a783 r 0f         0001869f  lw       x15, -0x4c(x15)
#2149 0 8000010e 04f75763 r 00         00000000  bge      x14, x15, . + 0x4e
#2150 0 8000015c fe842783 r 0f         00000002  lw       x15, -0x18(x8)
#2151 0 80000160     0785 r 0f         00000003  c.addi   x15, 0x1
#2152 0 80000162 fef42423 m f0041018   00000003  sw       x15, -0x18(x8)
#2153 0 80000166 fe842703 r 0e         00000003  lw       x14, -0x18(x8)
#2154 0 8000016a     478d r 0f         00000003  c.li     x15, 0x3
#2155 0 8000016c f4e7dce3 r 00         00000000  bge      x15, x14, . - 0xa8
#2156 0 800000c4 fec42783 r 0f         00000003  lw       x15, -0x14(x8)
#2157 0 800000c8 00279713 r 0e         0000000c  slli     x14, x15, 0x2
#2158 0 800000cc fe442783 r 0f         00000002  lw       x15, -0x1c(x8)
#2159 0 800000d0     97ba r 0f         0000000e  c.add    x15, x14
#2160 0 800000d2     078a r 0f         00000038  c.slli   x15, 2
#2161 0 800000d4     17c1 r 0f         00000028  c.addi   x15, -0x10
#2162 0 800000d6     97a2 r 0f         f0041058  c.add    x15, x8
#2163 0 800000d8 fb47a703 r 0e         0001869f  lw       x14, -0x4c(x15)
#2164 0 800000dc fe442783 r 0f         00000002  lw       x15, -0x1c(x8)
#2165 0 800000e0 00279693 r 0d         00000008  slli     x13, x15, 0x2
#2166 0 800000e4 fe842783 r 0f         00000003  lw       x15, -0x18(x8)
#2167 0 800000e8     97b6 r 0f         0000000b  c.add    x15, x13
#2168 0 800000ea     078a r 0f         0000002c  c.slli   x15, 2
#2169 0 800000ec     17c1 r 0f         0000001c  c.addi   x15, -0x10
#2170 0 800000ee     97a2 r 0f         f004104c  c.add    x15, x8
#2171 0 800000f0 fb47a783 r 0f         00000001  lw       x15, -0x4c(x15)
#2172 0 800000f4     973e r 0e         000186a0  c.add    x14, x15
#2173 0 800000f6 fec42783 r 0f         00000003  lw       x15, -0x14(x8)
#2174 0 800000fa 00279693 r 0d         0000000c  slli     x13, x15, 0x2
#2175 0 800000fe fe842783 r 0f         00000003  lw       x15, -0x18(x8)
#2176 0 80000102     97b6 r 0f         0000000f  c.add    x15, x13
#2177 0 80000104     078a r 0f         0000003c  c.slli   x15, 2
#2178 0 80000106     17c1 r 0f         0000002c  c.addi   x15, -0x10
#2179 0 80000108     97a2 r 0f         f004105c  c.add    x15, x8
#2180 0 8000010a fb47a783 r 0f         00000000  lw       x15, -0x4c(x15)
#2181 0 8000010e 04f75763 r 00         00000000  bge      x14, x15, . + 0x4e
#2182 0 8000015c fe842783 r 0f         00000003  lw       x15, -0x18(x8)
#2183 0 80000160     0785 r 0f         00000004  c.addi   x15, 0x1
#2184 0 80000162 fef42423 m f0041018   00000004  sw       x15, -0x18(x8)
#2185 0 80000166 fe842703 r 0e         00000004  lw       x14, -0x18(x8)
#2186 0 8000016a     478d r 0f         00000003  c.li     x15, 0x3
#2187 0 8000016c f4e7dce3 r 00         00000000  bge      x15, x14, . - 0xa8
#2188 0 80000170 fec42783 r 0f         00000003  lw       x15, -0x14(x8)
#2189 0 80000174     0785 r 0f         00000004  c.addi   x15, 0x1
#2190 0 80000176 fef42623 m f004101c   00000004  sw       x15, -0x14(x8)
#2191 0 8000017a fec42703 r 0e         00000004  lw       x14, -0x14(x8)
#2192 0 8000017e     478d r 0f         00000003  c.li     x15, 0x3
#2193 0 80000180 f2e7dfe3 r 00         00000000  bge      x15, x14, . - 0xc2
#2194 0 80000184 fe442783 r 0f         00000002  lw       x15, -0x1c(x8)
#2195 0 80000188     0785 r 0f         00000003  c.addi   x15, 0x1
#2196 0 8000018a fef42223 m f0041014   00000003  sw       x15, -0x1c(x8)
#2197 0 8000018e fe442703 r 0e         00000003  lw       x14, -0x1c(x8)
#2198 0 80000192     478d r 0f         00000003  c.li     x15, 0x3
#2199 0 80000194 f2e7d2e3 r 00         00000000  bge      x15, x14, . - 0xdc
#2200 0 800000b8 fe042623 m f004101c   00000000  sw       x0, -0x14(x8)
#2201 0 800000bc     a87d r 00         00000000  c.j      . + 0xbe
#2202 0 8000017a fec42703 r 0e         00000000  lw       x14, -0x14(x8)
#2203 0 8000017e     478d r 0f         00000003  c.li     x15, 0x3
#2204 0 80000180 f2e7dfe3 r 00         00000000  bge      x15, x14, . - 0xc2
#2205 0 800000be fe042423 m f0041018   00000000  sw       x0, -0x18(x8)
#2206 0 800000c2     a055 r 00         00000000  c.j      . + 0xa4
#2207 0 80000166 fe842703 r 0e         00000000  lw       x14, -0x18(x8)
#2208 0 8000016a     478d r 0f         00000003  c.li     x15, 0x3
#2209 0 8000016c f4e7dce3 r 00         00000000  bge      x15, x14, . - 0xa8
#2210 0 800000c4 fec42783 r 0f         00000000  lw       x15, -0x14(x8)
#2211 0 800000c8 00279713 r 0e         00000000  slli     x14, x15, 0x2
#2212 0 800000cc fe442783 r 0f         00000003  lw       x15, -0x1c(x8)
#2213 0 800000d0     97ba r 0f         00000003  c.add    x15, x14
#2214 0 800000d2     078a r 0f         0000000c  c.slli   x15, 2
#2215 0 800000d4     17c1 r 0f         fffffffc  c.addi   x15, -0x10
#2216 0 800000d6     97a2 r 0f         f004102c  c.add    x15, x8
#2217 0 800000d8 fb47a703 r 0e         00000009  lw       x14, -0x4c(x15)
#2218 0 800000dc fe442783 r 0f         00000003  lw       x15, -0x1c(x8)
#2219 0 800000e0 00279693 r 0d         0000000c  slli     x13, x15, 0x2
#2220 0 800000e4 fe842783 r 0f         00000000  lw       x15, -0x18(x8)
#2221 0 800000e8     97b6 r 0f         0000000c  c.add    x15, x13
#2222 0 800000ea     078a r 0f         00000030  c.slli   x15, 2
#2223 0 800000ec     17c1 r 0f         00000020  c.addi   x15, -0x10
#2224 0 800000ee     97a2 r 0f         f0041050  c.add    x15, x8
#2225 0 800000f0 fb47a783 r 0f         0001869f  lw       x15, -0x4c(x15)
#2226 0 800000f4     973e r 0e         000186a8  c.add    x14, x15
#2227 0 800000f6 fec42783 r 0f         00000000  lw       x15, -0x14(x8)
#2228 0 800000fa 00279693 r 0d         00000000  slli     x13, x15, 0x2
#2229 0 800000fe fe842783 r 0f         00000000  lw       x15, -0x18(x8)
#2230 0 80000102     97b6 r 0f         00000000  c.add    x15, x13
#2231 0 80000104     078a r 0f         00000000  c.slli   x15, 2
#2232 0 80000106     17c1 r 0f         fffffff0  c.addi   x15, -0x10
#2233 0 80000108     97a2 r 0f         f0041020  c.add    x15, x8
#2234 0 8000010a fb47a783 r 0f         00000000  lw       x15, -0x4c(x15)
#2235 0 8000010e 04f75763 r 00         00000000  bge      x14, x15, . + 0x4e
#2236 0 8000015c fe842783 r 0f         00000000  lw       x15, -0x18(x8)
#2237 0 80000160     0785 r 0f         00000001  c.addi   x15, 0x1
#2238 0 80000162 fef42423 m f0041018   00000001  sw       x15, -0x18(x8)
#2239 0 80000166 fe842703 r 0e         00000001  lw       x14, -0x18(x8)
#2240 0 8000016a     478d r 0f         00000003  c.li     x15, 0x3
#2241 0 8000016c f4e7dce3 r 00         00000000  bge      x15, x14, . - 0xa8
#2242 0 800000c4 fec42783 r 0f         00000000  lw       x15, -0x14(x8)
#2243 0 800000c8 00279713 r 0e         00000000  slli     x14, x15, 0x2
#2244 0 800000cc fe442783 r 0f         00000003  lw       x15, -0x1c(x8)
#2245 0 800000d0     97ba r 0f         00000003  c.add    x15, x14
#2246 0 800000d2     078a r 0f         0000000c  c.slli   x15, 2
#2247 0 800000d4     17c1 r 0f         fffffffc  c.addi   x15, -0x10
#2248 0 800000d6     97a2 r 0f         f004102c  c.add    x15, x8
#2249 0 800000d8 fb47a703 r 0e         00000009  lw       x14, -0x4c(x15)
#2250 0 800000dc fe442783 r 0f         00000003  lw       x15, -0x1c(x8)
#2251 0 800000e0 00279693 r 0d         0000000c  slli     x13, x15, 0x2
#2252 0 800000e4 fe842783 r 0f         00000001  lw       x15, -0x18(x8)
#2253 0 800000e8     97b6 r 0f         0000000d  c.add    x15, x13
#2254 0 800000ea     078a r 0f         00000034  c.slli   x15, 2
#2255 0 800000ec     17c1 r 0f         00000024  c.addi   x15, -0x10
#2256 0 800000ee     97a2 r 0f         f0041054  c.add    x15, x8
#2257 0 800000f0 fb47a783 r 0f         0001869f  lw       x15, -0x4c(x15)
#2258 0 800000f4     973e r 0e         000186a8  c.add    x14, x15
#2259 0 800000f6 fec42783 r 0f         00000000  lw       x15, -0x14(x8)
#2260 0 800000fa 00279693 r 0d         00000000  slli     x13, x15, 0x2
#2261 0 800000fe fe842783 r 0f         00000001  lw       x15, -0x18(x8)
#2262 0 80000102     97b6 r 0f         00000001  c.add    x15, x13
#2263 0 80000104     078a r 0f         00000004  c.slli   x15, 2
#2264 0 80000106     17c1 r 0f         fffffff4  c.addi   x15, -0x10
#2265 0 80000108     97a2 r 0f         f0041024  c.add    x15, x8
#2266 0 8000010a fb47a783 r 0f         00000005  lw       x15, -0x4c(x15)
#2267 0 8000010e 04f75763 r 00         00000000  bge      x14, x15, . + 0x4e
#2268 0 8000015c fe842783 r 0f         00000001  lw       x15, -0x18(x8)
#2269 0 80000160     0785 r 0f         00000002  c.addi   x15, 0x1
#2270 0 80000162 fef42423 m f0041018   00000002  sw       x15, -0x18(x8)
#2271 0 80000166 fe842703 r 0e         00000002  lw       x14, -0x18(x8)
#2272 0 8000016a     478d r 0f         00000003  c.li     x15, 0x3
#2273 0 8000016c f4e7dce3 r 00         00000000  bge      x15, x14, . - 0xa8
#2274 0 800000c4 fec42783 r 0f         00000000  lw       x15, -0x14(x8)
#2275 0 800000c8 00279713 r 0e         00000000  slli     x14, x15, 0x2
#2276 0 800000cc fe442783 r 0f         00000003  lw       x15, -0x1c(x8)
#2277 0 800000d0     97ba r 0f         00000003  c.add    x15, x14
#2278 0 800000d2     078a r 0f         0000000c  c.slli   x15, 2
#2279 0 800000d4     17c1 r 0f         fffffffc  c.addi   x15, -0x10
#2280 0 800000d6     97a2 r 0f         f004102c  c.add    x15, x8
#2281 0 800000d8 fb47a703 r 0e         00000009  lw       x14, -0x4c(x15)
#2282 0 800000dc fe442783 r 0f         00000003  lw       x15, -0x1c(x8)
#2283 0 800000e0 00279693 r 0d         0000000c  slli     x13, x15, 0x2
#2284 0 800000e4 fe842783 r 0f         00000002  lw       x15, -0x18(x8)
#2285 0 800000e8     97b6 r 0f         0000000e  c.add    x15, x13
#2286 0 800000ea     078a r 0f         00000038  c.slli   x15, 2
#2287 0 800000ec     17c1 r 0f         00000028  c.addi   x15, -0x10
#2288 0 800000ee     97a2 r 0f         f0041058  c.add    x15, x8
#2289 0 800000f0 fb47a783 r 0f         0001869f  lw       x15, -0x4c(x15)
#2290 0 800000f4     973e r 0e         000186a8  c.add    x14, x15
#2291 0 800000f6 fec42783 r 0f         00000000  lw       x15, -0x14(x8)
#2292 0 800000fa 00279693 r 0d         00000000  slli     x13, x15, 0x2
#2293 0 800000fe fe842783 r 0f         00000002  lw       x15, -0x18(x8)
#2294 0 80000102     97b6 r 0f         00000002  c.add    x15, x13
#2295 0 80000104     078a r 0f         00000008  c.slli   x15, 2
#2296 0 80000106     17c1 r 0f         fffffff8  c.addi   x15, -0x10
#2297 0 80000108     97a2 r 0f         f0041028  c.add    x15, x8
#2298 0 8000010a fb47a783 r 0f         00000008  lw       x15, -0x4c(x15)
#2299 0 8000010e 04f75763 r 00         00000000  bge      x14, x15, . + 0x4e
#2300 0 8000015c fe842783 r 0f         00000002  lw       x15, -0x18(x8)
#2301 0 80000160     0785 r 0f         00000003  c.addi   x15, 0x1
#2302 0 80000162 fef42423 m f0041018   00000003  sw       x15, -0x18(x8)
#2303 0 80000166 fe842703 r 0e         00000003  lw       x14, -0x18(x8)
#2304 0 8000016a     478d r 0f         00000003  c.li     x15, 0x3
#2305 0 8000016c f4e7dce3 r 00         00000000  bge      x15, x14, . - 0xa8
#2306 0 800000c4 fec42783 r 0f         00000000  lw       x15, -0x14(x8)
#2307 0 800000c8 00279713 r 0e         00000000  slli     x14, x15, 0x2
#2308 0 800000cc fe442783 r 0f         00000003  lw       x15, -0x1c(x8)
#2309 0 800000d0     97ba r 0f         00000003  c.add    x15, x14
#2310 0 800000d2     078a r 0f         0000000c  c.slli   x15, 2
#2311 0 800000d4     17c1 r 0f         fffffffc  c.addi   x15, -0x10
#2312 0 800000d6     97a2 r 0f         f004102c  c.add    x15, x8
#2313 0 800000d8 fb47a703 r 0e         00000009  lw       x14, -0x4c(x15)
#2314 0 800000dc fe442783 r 0f         00000003  lw       x15, -0x1c(x8)
#2315 0 800000e0 00279693 r 0d         0000000c  slli     x13, x15, 0x2
#2316 0 800000e4 fe842783 r 0f         00000003  lw       x15, -0x18(x8)
#2317 0 800000e8     97b6 r 0f         0000000f  c.add    x15, x13
#2318 0 800000ea     078a r 0f         0000003c  c.slli   x15, 2
#2319 0 800000ec     17c1 r 0f         0000002c  c.addi   x15, -0x10
#2320 0 800000ee     97a2 r 0f         f004105c  c.add    x15, x8
#2321 0 800000f0 fb47a783 r 0f         00000000  lw       x15, -0x4c(x15)
#2322 0 800000f4     973e r 0e         00000009  c.add    x14, x15
#2323 0 800000f6 fec42783 r 0f         00000000  lw       x15, -0x14(x8)
#2324 0 800000fa 00279693 r 0d         00000000  slli     x13, x15, 0x2
#2325 0 800000fe fe842783 r 0f         00000003  lw       x15, -0x18(x8)
#2326 0 80000102     97b6 r 0f         00000003  c.add    x15, x13
#2327 0 80000104     078a r 0f         0000000c  c.slli   x15, 2
#2328 0 80000106     17c1 r 0f         fffffffc  c.addi   x15, -0x10
#2329 0 80000108     97a2 r 0f         f004102c  c.add    x15, x8
#2330 0 8000010a fb47a783 r 0f         00000009  lw       x15, -0x4c(x15)
#2331 0 8000010e 04f75763 r 00         00000000  bge      x14, x15, . + 0x4e
#2332 0 8000015c fe842783 r 0f         00000003  lw       x15, -0x18(x8)
#2333 0 80000160     0785 r 0f         00000004  c.addi   x15, 0x1
#2334 0 80000162 fef42423 m f0041018   00000004  sw       x15, -0x18(x8)
#2335 0 80000166 fe842703 r 0e         00000004  lw       x14, -0x18(x8)
#2336 0 8000016a     478d r 0f         00000003  c.li     x15, 0x3
#2337 0 8000016c f4e7dce3 r 00         00000000  bge      x15, x14, . - 0xa8
#2338 0 80000170 fec42783 r 0f         00000000  lw       x15, -0x14(x8)
#2339 0 80000174     0785 r 0f         00000001  c.addi   x15, 0x1
#2340 0 80000176 fef42623 m f004101c   00000001  sw       x15, -0x14(x8)
#2341 0 8000017a fec42703 r 0e         00000001  lw       x14, -0x14(x8)
#2342 0 8000017e     478d r 0f         00000003  c.li     x15, 0x3
#2343 0 80000180 f2e7dfe3 r 00         00000000  bge      x15, x14, . - 0xc2
#2344 0 800000be fe042423 m f0041018   00000000  sw       x0, -0x18(x8)
#2345 0 800000c2     a055 r 00         00000000  c.j      . + 0xa4
#2346 0 80000166 fe842703 r 0e         00000000  lw       x14, -0x18(x8)
#2347 0 8000016a     478d r 0f         00000003  c.li     x15, 0x3
#2348 0 8000016c f4e7dce3 r 00         00000000  bge      x15, x14, . - 0xa8
#2349 0 800000c4 fec42783 r 0f         00000001  lw       x15, -0x14(x8)
#2350 0 800000c8 00279713 r 0e         00000004  slli     x14, x15, 0x2
#2351 0 800000cc fe442783 r 0f         00000003  lw       x15, -0x1c(x8)
#2352 0 800000d0     97ba r 0f         00000007  c.add    x15, x14
#2353 0 800000d2     078a r 0f         0000001c  c.slli   x15, 2
#2354 0 800000d4     17c1 r 0f         0000000c  c.addi   x15, -0x10
#2355 0 800000d6     97a2 r 0f         f004103c  c.add    x15, x8
#2356 0 800000d8 fb47a703 r 0e         00000004  lw       x14, -0x4c(x15)
#2357 0 800000dc fe442783 r 0f         00000003  lw       x15, -0x1c(x8)
#2358 0 800000e0 00279693 r 0d         0000000c  slli     x13, x15, 0x2
#2359 0 800000e4 fe842783 r 0f         00000000  lw       x15, -0x18(x8)
#2360 0 800000e8     97b6 r 0f         0000000c  c.add    x15, x13
#2361 0 800000ea     078a r 0f         00000030  c.slli   x15, 2
#2362 0 800000ec     17c1 r 0f         00000020  c.addi   x15, -0x10
#2363 0 800000ee     97a2 r 0f         f0041050  c.add    x15, x8
#2364 0 800000f0 fb47a783 r 0f         0001869f  lw       x15, -0x4c(x15)
#2365 0 800000f4     973e r 0e         000186a3  c.add    x14, x15
#2366 0 800000f6 fec42783 r 0f         00000001  lw       x15, -0x14(x8)
#2367 0 800000fa 00279693 r 0d         00000004  slli     x13, x15, 0x2
#2368 0 800000fe fe842783 r 0f         00000000  lw       x15, -0x18(x8)
#2369 0 80000102     97b6 r 0f         00000004  c.add    x15, x13
#2370 0 80000104     078a r 0f         00000010  c.slli   x15, 2
#2371 0 80000106     17c1 r 0f         00000000  c.addi   x15, -0x10
#2372 0 80000108     97a2 r 0f         f0041030  c.add    x15, x8
#2373 0 8000010a fb47a783 r 0f         0001869f  lw       x15, -0x4c(x15)
#2374 0 8000010e 04f75763 r 00         00000000  bge      x14, x15, . + 0x4e
#2375 0 8000015c fe842783 r 0f         00000000  lw       x15, -0x18(x8)
#2376 0 80000160     0785 r 0f         00000001  c.addi   x15, 0x1
#2377 0 80000162 fef42423 m f0041018   00000001  sw       x15, -0x18(x8)
#2378 0 80000166 fe842703 r 0e         00000001  lw       x14, -0x18(x8)
#2379 0 8000016a     478d r 0f         00000003  c.li     x15, 0x3
#2380 0 8000016c f4e7dce3 r 00         00000000  bge      x15, x14, . - 0xa8
#2381 0 800000c4 fec42783 r 0f         00000001  lw       x15, -0x14(x8)
#2382 0 800000c8 00279713 r 0e         00000004  slli     x14, x15, 0x2
#2383 0 800000cc fe442783 r 0f         00000003  lw       x15, -0x1c(x8)
#2384 0 800000d0     97ba r 0f         00000007  c.add    x15, x14
#2385 0 800000d2     078a r 0f         0000001c  c.slli   x15, 2
#2386 0 800000d4     17c1 r 0f         0000000c  c.addi   x15, -0x10
#2387 0 800000d6     97a2 r 0f         f004103c  c.add    x15, x8
#2388 0 800000d8 fb47a703 r 0e         00000004  lw       x14, -0x4c(x15)
#2389 0 800000dc fe442783 r 0f         00000003  lw       x15, -0x1c(x8)
#2390 0 800000e0 00279693 r 0d         0000000c  slli     x13, x15, 0x2
#2391 0 800000e4 fe842783 r 0f         00000001  lw       x15, -0x18(x8)
#2392 0 800000e8     97b6 r 0f         0000000d  c.add    x15, x13
#2393 0 800000ea     078a r 0f         00000034  c.slli   x15, 2
#2394 0 800000ec     17c1 r 0f         00000024  c.addi   x15, -0x10
#2395 0 800000ee     97a2 r 0f         f0041054  c.add    x15, x8
#2396 0 800000f0 fb47a783 r 0f         0001869f  lw       x15, -0x4c(x15)
#2397 0 800000f4     973e r 0e         000186a3  c.add    x14, x15
#2398 0 800000f6 fec42783 r 0f         00000001  lw       x15, -0x14(x8)
#2399 0 800000fa 00279693 r 0d         00000004  slli     x13, x15, 0x2
#2400 0 800000fe fe842783 r 0f         00000001  lw       x15, -0x18(x8)
#2401 0 80000102     97b6 r 0f         00000005  c.add    x15, x13
#2402 0 80000104     078a r 0f         00000014  c.slli   x15, 2
#2403 0 80000106     17c1 r 0f         00000004  c.addi   x15, -0x10
#2404 0 80000108     97a2 r 0f         f0041034  c.add    x15, x8
#2405 0 8000010a fb47a783 r 0f         00000000  lw       x15, -0x4c(x15)
#2406 0 8000010e 04f75763 r 00         00000000  bge      x14, x15, . + 0x4e
#2407 0 8000015c fe842783 r 0f         00000001  lw       x15, -0x18(x8)
#2408 0 80000160     0785 r 0f         00000002  c.addi   x15, 0x1
#2409 0 80000162 fef42423 m f0041018   00000002  sw       x15, -0x18(x8)
#2410 0 80000166 fe842703 r 0e         00000002  lw       x14, -0x18(x8)
#2411 0 8000016a     478d r 0f         00000003  c.li     x15, 0x3
#2412 0 8000016c f4e7dce3 r 00         00000000  bge      x15, x14, . - 0xa8
#2413 0 800000c4 fec42783 r 0f         00000001  lw       x15, -0x14(x8)
#2414 0 800000c8 00279713 r 0e         00000004  slli     x14, x15, 0x2
#2415 0 800000cc fe442783 r 0f         00000003  lw       x15, -0x1c(x8)
#2416 0 800000d0     97ba r 0f         00000007  c.add    x15, x14
#2417 0 800000d2     078a r 0f         0000001c  c.slli   x15, 2
#2418 0 800000d4     17c1 r 0f         0000000c  c.addi   x15, -0x10
#2419 0 800000d6     97a2 r 0f         f004103c  c.add    x15, x8
#2420 0 800000d8 fb47a703 r 0e         00000004  lw       x14, -0x4c(x15)
#2421 0 800000dc fe442783 r 0f         00000003  lw       x15, -0x1c(x8)
#2422 0 800000e0 00279693 r 0d         0000000c  slli     x13, x15, 0x2
#2423 0 800000e4 fe842783 r 0f         00000002  lw       x15, -0x18(x8)
#2424 0 800000e8     97b6 r 0f         0000000e  c.add    x15, x13
#2425 0 800000ea     078a r 0f         00000038  c.slli   x15, 2
#2426 0 800000ec     17c1 r 0f         00000028  c.addi   x15, -0x10
#2427 0 800000ee     97a2 r 0f         f0041058  c.add    x15, x8
#2428 0 800000f0 fb47a783 r 0f         0001869f  lw       x15, -0x4c(x15)
#2429 0 800000f4     973e r 0e         000186a3  c.add    x14, x15
#2430 0 800000f6 fec42783 r 0f         00000001  lw       x15, -0x14(x8)
#2431 0 800000fa 00279693 r 0d         00000004  slli     x13, x15, 0x2
#2432 0 800000fe fe842783 r 0f         00000002  lw       x15, -0x18(x8)
#2433 0 80000102     97b6 r 0f         00000006  c.add    x15, x13
#2434 0 80000104     078a r 0f         00000018  c.slli   x15, 2
#2435 0 80000106     17c1 r 0f         00000008  c.addi   x15, -0x10
#2436 0 80000108     97a2 r 0f         f0041038  c.add    x15, x8
#2437 0 8000010a fb47a783 r 0f         00000003  lw       x15, -0x4c(x15)
#2438 0 8000010e 04f75763 r 00         00000000  bge      x14, x15, . + 0x4e
#2439 0 8000015c fe842783 r 0f         00000002  lw       x15, -0x18(x8)
#2440 0 80000160     0785 r 0f         00000003  c.addi   x15, 0x1
#2441 0 80000162 fef42423 m f0041018   00000003  sw       x15, -0x18(x8)
#2442 0 80000166 fe842703 r 0e         00000003  lw       x14, -0x18(x8)
#2443 0 8000016a     478d r 0f         00000003  c.li     x15, 0x3
#2444 0 8000016c f4e7dce3 r 00         00000000  bge      x15, x14, . - 0xa8
#2445 0 800000c4 fec42783 r 0f         00000001  lw       x15, -0x14(x8)
#2446 0 800000c8 00279713 r 0e         00000004  slli     x14, x15, 0x2
#2447 0 800000cc fe442783 r 0f         00000003  lw       x15, -0x1c(x8)
#2448 0 800000d0     97ba r 0f         00000007  c.add    x15, x14
#2449 0 800000d2     078a r 0f         0000001c  c.slli   x15, 2
#2450 0 800000d4     17c1 r 0f         0000000c  c.addi   x15, -0x10
#2451 0 800000d6     97a2 r 0f         f004103c  c.add    x15, x8
#2452 0 800000d8 fb47a703 r 0e         00000004  lw       x14, -0x4c(x15)
#2453 0 800000dc fe442783 r 0f         00000003  lw       x15, -0x1c(x8)
#2454 0 800000e0 00279693 r 0d         0000000c  slli     x13, x15, 0x2
#2455 0 800000e4 fe842783 r 0f         00000003  lw       x15, -0x18(x8)
#2456 0 800000e8     97b6 r 0f         0000000f  c.add    x15, x13
#2457 0 800000ea     078a r 0f         0000003c  c.slli   x15, 2
#2458 0 800000ec     17c1 r 0f         0000002c  c.addi   x15, -0x10
#2459 0 800000ee     97a2 r 0f         f004105c  c.add    x15, x8
#2460 0 800000f0 fb47a783 r 0f         00000000  lw       x15, -0x4c(x15)
#2461 0 800000f4     973e r 0e         00000004  c.add    x14, x15
#2462 0 800000f6 fec42783 r 0f         00000001  lw       x15, -0x14(x8)
#2463 0 800000fa 00279693 r 0d         00000004  slli     x13, x15, 0x2
#2464 0 800000fe fe842783 r 0f         00000003  lw       x15, -0x18(x8)
#2465 0 80000102     97b6 r 0f         00000007  c.add    x15, x13
#2466 0 80000104     078a r 0f         0000001c  c.slli   x15, 2
#2467 0 80000106     17c1 r 0f         0000000c  c.addi   x15, -0x10
#2468 0 80000108     97a2 r 0f         f004103c  c.add    x15, x8
#2469 0 8000010a fb47a783 r 0f         00000004  lw       x15, -0x4c(x15)
#2470 0 8000010e 04f75763 r 00         00000000  bge      x14, x15, . + 0x4e
#2471 0 8000015c fe842783 r 0f         00000003  lw       x15, -0x18(x8)
#2472 0 80000160     0785 r 0f         00000004  c.addi   x15, 0x1
#2473 0 80000162 fef42423 m f0041018   00000004  sw       x15, -0x18(x8)
#2474 0 80000166 fe842703 r 0e         00000004  lw       x14, -0x18(x8)
#2475 0 8000016a     478d r 0f         00000003  c.li     x15, 0x3
#2476 0 8000016c f4e7dce3 r 00         00000000  bge      x15, x14, . - 0xa8
#2477 0 80000170 fec42783 r 0f         00000001  lw       x15, -0x14(x8)
#2478 0 80000174     0785 r 0f         00000002  c.addi   x15, 0x1
#2479 0 80000176 fef42623 m f004101c   00000002  sw       x15, -0x14(x8)
#2480 0 8000017a fec42703 r 0e         00000002  lw       x14, -0x14(x8)
#2481 0 8000017e     478d r 0f         00000003  c.li     x15, 0x3
#2482 0 80000180 f2e7dfe3 r 00         00000000  bge      x15, x14, . - 0xc2
#2483 0 800000be fe042423 m f0041018   00000000  sw       x0, -0x18(x8)
#2484 0 800000c2     a055 r 00         00000000  c.j      . + 0xa4
#2485 0 80000166 fe842703 r 0e         00000000  lw       x14, -0x18(x8)
#2486 0 8000016a     478d r 0f         00000003  c.li     x15, 0x3
#2487 0 8000016c f4e7dce3 r 00         00000000  bge      x15, x14, . - 0xa8
#2488 0 800000c4 fec42783 r 0f         00000002  lw       x15, -0x14(x8)
#2489 0 800000c8 00279713 r 0e         00000008  slli     x14, x15, 0x2
#2490 0 800000cc fe442783 r 0f         00000003  lw       x15, -0x1c(x8)
#2491 0 800000d0     97ba r 0f         0000000b  c.add    x15, x14
#2492 0 800000d2     078a r 0f         0000002c  c.slli   x15, 2
#2493 0 800000d4     17c1 r 0f         0000001c  c.addi   x15, -0x10
#2494 0 800000d6     97a2 r 0f         f004104c  c.add    x15, x8
#2495 0 800000d8 fb47a703 r 0e         00000001  lw       x14, -0x4c(x15)
#2496 0 800000dc fe442783 r 0f         00000003  lw       x15, -0x1c(x8)
#2497 0 800000e0 00279693 r 0d         0000000c  slli     x13, x15, 0x2
#2498 0 800000e4 fe842783 r 0f         00000000  lw       x15, -0x18(x8)
#2499 0 800000e8     97b6 r 0f         0000000c  c.add    x15, x13
#2500 0 800000ea     078a r 0f         00000030  c.slli   x15, 2
#2501 0 800000ec     17c1 r 0f         00000020  c.addi   x15, -0x10
#2502 0 800000ee     97a2 r 0f         f0041050  c.add    x15, x8
#2503 0 800000f0 fb47a783 r 0f         0001869f  lw       x15, -0x4c(x15)
#2504 0 800000f4     973e r 0e         000186a0  c.add    x14, x15
#2505 0 800000f6 fec42783 r 0f         00000002  lw       x15, -0x14(x8)
#2506 0 800000fa 00279693 r 0d         00000008  slli     x13, x15, 0x2
#2507 0 800000fe fe842783 r 0f         00000000  lw       x15, -0x18(x8)
#2508 0 80000102     97b6 r 0f         00000008  c.add    x15, x13
#2509 0 80000104     078a r 0f         00000020  c.slli   x15, 2
#2510 0 80000106     17c1 r 0f         00000010  c.addi   x15, -0x10
#2511 0 80000108     97a2 r 0f         f0041040  c.add    x15, x8
#2512 0 8000010a fb47a783 r 0f         0001869f  lw       x15, -0x4c(x15)
#2513 0 8000010e 04f75763 r 00         00000000  bge      x14, x15, . + 0x4e
#2514 0 8000015c fe842783 r 0f         00000000  lw       x15, -0x18(x8)
#2515 0 80000160     0785 r 0f         00000001  c.addi   x15, 0x1
#2516 0 80000162 fef42423 m f0041018   00000001  sw       x15, -0x18(x8)
#2517 0 80000166 fe842703 r 0e         00000001  lw       x14, -0x18(x8)
#2518 0 8000016a     478d r 0f         00000003  c.li     x15, 0x3
#2519 0 8000016c f4e7dce3 r 00         00000000  bge      x15, x14, . - 0xa8
#2520 0 800000c4 fec42783 r 0f         00000002  lw       x15, -0x14(x8)
#2521 0 800000c8 00279713 r 0e         00000008  slli     x14, x15, 0x2
#2522 0 800000cc fe442783 r 0f         00000003  lw       x15, -0x1c(x8)
#2523 0 800000d0     97ba r 0f         0000000b  c.add    x15, x14
#2524 0 800000d2     078a r 0f         0000002c  c.slli   x15, 2
#2525 0 800000d4     17c1 r 0f         0000001c  c.addi   x15, -0x10
#2526 0 800000d6     97a2 r 0f         f004104c  c.add    x15, x8
#2527 0 800000d8 fb47a703 r 0e         00000001  lw       x14, -0x4c(x15)
#2528 0 800000dc fe442783 r 0f         00000003  lw       x15, -0x1c(x8)
#2529 0 800000e0 00279693 r 0d         0000000c  slli     x13, x15, 0x2
#2530 0 800000e4 fe842783 r 0f         00000001  lw       x15, -0x18(x8)
#2531 0 800000e8     97b6 r 0f         0000000d  c.add    x15, x13
#2532 0 800000ea     078a r 0f         00000034  c.slli   x15, 2
#2533 0 800000ec     17c1 r 0f         00000024  c.addi   x15, -0x10
#2534 0 800000ee     97a2 r 0f         f0041054  c.add    x15, x8
#2535 0 800000f0 fb47a783 r 0f         0001869f  lw       x15, -0x4c(x15)
#2536 0 800000f4     973e r 0e         000186a0  c.add    x14, x15
#2537 0 800000f6 fec42783 r 0f         00000002  lw       x15, -0x14(x8)
#2538 0 800000fa 00279693 r 0d         00000008  slli     x13, x15, 0x2
#2539 0 800000fe fe842783 r 0f         00000001  lw       x15, -0x18(x8)
#2540 0 80000102     97b6 r 0f         00000009  c.add    x15, x13
#2541 0 80000104     078a r 0f         00000024  c.slli   x15, 2
#2542 0 80000106     17c1 r 0f         00000014  c.addi   x15, -0x10
#2543 0 80000108     97a2 r 0f         f0041044  c.add    x15, x8
#2544 0 8000010a fb47a783 r 0f         0001869f  lw       x15, -0x4c(x15)
#2545 0 8000010e 04f75763 r 00         00000000  bge      x14, x15, . + 0x4e
#2546 0 8000015c fe842783 r 0f         00000001  lw       x15, -0x18(x8)
#2547 0 80000160     0785 r 0f         00000002  c.addi   x15, 0x1
#2548 0 80000162 fef42423 m f0041018   00000002  sw       x15, -0x18(x8)
#2549 0 80000166 fe842703 r 0e         00000002  lw       x14, -0x18(x8)
#2550 0 8000016a     478d r 0f         00000003  c.li     x15, 0x3
#2551 0 8000016c f4e7dce3 r 00         00000000  bge      x15, x14, . - 0xa8
#2552 0 800000c4 fec42783 r 0f         00000002  lw       x15, -0x14(x8)
#2553 0 800000c8 00279713 r 0e         00000008  slli     x14, x15, 0x2
#2554 0 800000cc fe442783 r 0f         00000003  lw       x15, -0x1c(x8)
#2555 0 800000d0     97ba r 0f         0000000b  c.add    x15, x14
#2556 0 800000d2     078a r 0f         0000002c  c.slli   x15, 2
#2557 0 800000d4     17c1 r 0f         0000001c  c.addi   x15, -0x10
#2558 0 800000d6     97a2 r 0f         f004104c  c.add    x15, x8
#2559 0 800000d8 fb47a703 r 0e         00000001  lw       x14, -0x4c(x15)
#2560 0 800000dc fe442783 r 0f         00000003  lw       x15, -0x1c(x8)
#2561 0 800000e0 00279693 r 0d         0000000c  slli     x13, x15, 0x2
#2562 0 800000e4 fe842783 r 0f         00000002  lw       x15, -0x18(x8)
#2563 0 800000e8     97b6 r 0f         0000000e  c.add    x15, x13
#2564 0 800000ea     078a r 0f         00000038  c.slli   x15, 2
#2565 0 800000ec     17c1 r 0f         00000028  c.addi   x15, -0x10
#2566 0 800000ee     97a2 r 0f         f0041058  c.add    x15, x8
#2567 0 800000f0 fb47a783 r 0f         0001869f  lw       x15, -0x4c(x15)
#2568 0 800000f4     973e r 0e         000186a0  c.add    x14, x15
#2569 0 800000f6 fec42783 r 0f         00000002  lw       x15, -0x14(x8)
#2570 0 800000fa 00279693 r 0d         00000008  slli     x13, x15, 0x2
#2571 0 800000fe fe842783 r 0f         00000002  lw       x15, -0x18(x8)
#2572 0 80000102     97b6 r 0f         0000000a  c.add    x15, x13
#2573 0 80000104     078a r 0f         00000028  c.slli   x15, 2
#2574 0 80000106     17c1 r 0f         00000018  c.addi   x15, -0x10
#2575 0 80000108     97a2 r 0f         f0041048  c.add    x15, x8
#2576 0 8000010a fb47a783 r 0f         00000000  lw       x15, -0x4c(x15)
#2577 0 8000010e 04f75763 r 00         00000000  bge      x14, x15, . + 0x4e
#2578 0 8000015c fe842783 r 0f         00000002  lw       x15, -0x18(x8)
#2579 0 80000160     0785 r 0f         00000003  c.addi   x15, 0x1
#2580 0 80000162 fef42423 m f0041018   00000003  sw       x15, -0x18(x8)
#2581 0 80000166 fe842703 r 0e         00000003  lw       x14, -0x18(x8)
#2582 0 8000016a     478d r 0f         00000003  c.li     x15, 0x3
#2583 0 8000016c f4e7dce3 r 00         00000000  bge      x15, x14, . - 0xa8
#2584 0 800000c4 fec42783 r 0f         00000002  lw       x15, -0x14(x8)
#2585 0 800000c8 00279713 r 0e         00000008  slli     x14, x15, 0x2
#2586 0 800000cc fe442783 r 0f         00000003  lw       x15, -0x1c(x8)
#2587 0 800000d0     97ba r 0f         0000000b  c.add    x15, x14
#2588 0 800000d2     078a r 0f         0000002c  c.slli   x15, 2
#2589 0 800000d4     17c1 r 0f         0000001c  c.addi   x15, -0x10
#2590 0 800000d6     97a2 r 0f         f004104c  c.add    x15, x8
#2591 0 800000d8 fb47a703 r 0e         00000001  lw       x14, -0x4c(x15)
#2592 0 800000dc fe442783 r 0f         00000003  lw       x15, -0x1c(x8)
#2593 0 800000e0 00279693 r 0d         0000000c  slli     x13, x15, 0x2
#2594 0 800000e4 fe842783 r 0f         00000003  lw       x15, -0x18(x8)
#2595 0 800000e8     97b6 r 0f         0000000f  c.add    x15, x13
#2596 0 800000ea     078a r 0f         0000003c  c.slli   x15, 2
#2597 0 800000ec     17c1 r 0f         0000002c  c.addi   x15, -0x10
#2598 0 800000ee     97a2 r 0f         f004105c  c.add    x15, x8
#2599 0 800000f0 fb47a783 r 0f         00000000  lw       x15, -0x4c(x15)
#2600 0 800000f4     973e r 0e         00000001  c.add    x14, x15
#2601 0 800000f6 fec42783 r 0f         00000002  lw       x15, -0x14(x8)
#2602 0 800000fa 00279693 r 0d         00000008  slli     x13, x15, 0x2
#2603 0 800000fe fe842783 r 0f         00000003  lw       x15, -0x18(x8)
#2604 0 80000102     97b6 r 0f         0000000b  c.add    x15, x13
#2605 0 80000104     078a r 0f         0000002c  c.slli   x15, 2
#2606 0 80000106     17c1 r 0f         0000001c  c.addi   x15, -0x10
#2607 0 80000108     97a2 r 0f         f004104c  c.add    x15, x8
#2608 0 8000010a fb47a783 r 0f         00000001  lw       x15, -0x4c(x15)
#2609 0 8000010e 04f75763 r 00         00000000  bge      x14, x15, . + 0x4e
#2610 0 8000015c fe842783 r 0f         00000003  lw       x15, -0x18(x8)
#2611 0 80000160     0785 r 0f         00000004  c.addi   x15, 0x1
#2612 0 80000162 fef42423 m f0041018   00000004  sw       x15, -0x18(x8)
#2613 0 80000166 fe842703 r 0e         00000004  lw       x14, -0x18(x8)
#2614 0 8000016a     478d r 0f         00000003  c.li     x15, 0x3
#2615 0 8000016c f4e7dce3 r 00         00000000  bge      x15, x14, . - 0xa8
#2616 0 80000170 fec42783 r 0f         00000002  lw       x15, -0x14(x8)
#2617 0 80000174     0785 r 0f         00000003  c.addi   x15, 0x1
#2618 0 80000176 fef42623 m f004101c   00000003  sw       x15, -0x14(x8)
#2619 0 8000017a fec42703 r 0e         00000003  lw       x14, -0x14(x8)
#2620 0 8000017e     478d r 0f         00000003  c.li     x15, 0x3
#2621 0 80000180 f2e7dfe3 r 00         00000000  bge      x15, x14, . - 0xc2
#2622 0 800000be fe042423 m f0041018   00000000  sw       x0, -0x18(x8)
#2623 0 800000c2     a055 r 00         00000000  c.j      . + 0xa4
#2624 0 80000166 fe842703 r 0e         00000000  lw       x14, -0x18(x8)
#2625 0 8000016a     478d r 0f         00000003  c.li     x15, 0x3
#2626 0 8000016c f4e7dce3 r 00         00000000  bge      x15, x14, . - 0xa8
#2627 0 800000c4 fec42783 r 0f         00000003  lw       x15, -0x14(x8)
#2628 0 800000c8 00279713 r 0e         0000000c  slli     x14, x15, 0x2
#2629 0 800000cc fe442783 r 0f         00000003  lw       x15, -0x1c(x8)
#2630 0 800000d0     97ba r 0f         0000000f  c.add    x15, x14
#2631 0 800000d2     078a r 0f         0000003c  c.slli   x15, 2
#2632 0 800000d4     17c1 r 0f         0000002c  c.addi   x15, -0x10
#2633 0 800000d6     97a2 r 0f         f004105c  c.add    x15, x8
#2634 0 800000d8 fb47a703 r 0e         00000000  lw       x14, -0x4c(x15)
#2635 0 800000dc fe442783 r 0f         00000003  lw       x15, -0x1c(x8)
#2636 0 800000e0 00279693 r 0d         0000000c  slli     x13, x15, 0x2
#2637 0 800000e4 fe842783 r 0f         00000000  lw       x15, -0x18(x8)
#2638 0 800000e8     97b6 r 0f         0000000c  c.add    x15, x13
#2639 0 800000ea     078a r 0f         00000030  c.slli   x15, 2
#2640 0 800000ec     17c1 r 0f         00000020  c.addi   x15, -0x10
#2641 0 800000ee     97a2 r 0f         f0041050  c.add    x15, x8
#2642 0 800000f0 fb47a783 r 0f         0001869f  lw       x15, -0x4c(x15)
#2643 0 800000f4     973e r 0e         0001869f  c.add    x14, x15
#2644 0 800000f6 fec42783 r 0f         00000003  lw       x15, -0x14(x8)
#2645 0 800000fa 00279693 r 0d         0000000c  slli     x13, x15, 0x2
#2646 0 800000fe fe842783 r 0f         00000000  lw       x15, -0x18(x8)
#2647 0 80000102     97b6 r 0f         0000000c  c.add    x15, x13
#2648 0 80000104     078a r 0f         00000030  c.slli   x15, 2
#2649 0 80000106     17c1 r 0f         00000020  c.addi   x15, -0x10
#2650 0 80000108     97a2 r 0f         f0041050  c.add    x15, x8
#2651 0 8000010a fb47a783 r 0f         0001869f  lw       x15, -0x4c(x15)
#2652 0 8000010e 04f75763 r 00         00000000  bge      x14, x15, . + 0x4e
#2653 0 8000015c fe842783 r 0f         00000000  lw       x15, -0x18(x8)
#2654 0 80000160     0785 r 0f         00000001  c.addi   x15, 0x1
#2655 0 80000162 fef42423 m f0041018   00000001  sw       x15, -0x18(x8)
#2656 0 80000166 fe842703 r 0e         00000001  lw       x14, -0x18(x8)
#2657 0 8000016a     478d r 0f         00000003  c.li     x15, 0x3
#2658 0 8000016c f4e7dce3 r 00         00000000  bge      x15, x14, . - 0xa8
#2659 0 800000c4 fec42783 r 0f         00000003  lw       x15, -0x14(x8)
#2660 0 800000c8 00279713 r 0e         0000000c  slli     x14, x15, 0x2
#2661 0 800000cc fe442783 r 0f         00000003  lw       x15, -0x1c(x8)
#2662 0 800000d0     97ba r 0f         0000000f  c.add    x15, x14
#2663 0 800000d2     078a r 0f         0000003c  c.slli   x15, 2
#2664 0 800000d4     17c1 r 0f         0000002c  c.addi   x15, -0x10
#2665 0 800000d6     97a2 r 0f         f004105c  c.add    x15, x8
#2666 0 800000d8 fb47a703 r 0e         00000000  lw       x14, -0x4c(x15)
#2667 0 800000dc fe442783 r 0f         00000003  lw       x15, -0x1c(x8)
#2668 0 800000e0 00279693 r 0d         0000000c  slli     x13, x15, 0x2
#2669 0 800000e4 fe842783 r 0f         00000001  lw       x15, -0x18(x8)
#2670 0 800000e8     97b6 r 0f         0000000d  c.add    x15, x13
#2671 0 800000ea     078a r 0f         00000034  c.slli   x15, 2
#2672 0 800000ec     17c1 r 0f         00000024  c.addi   x15, -0x10
#2673 0 800000ee     97a2 r 0f         f0041054  c.add    x15, x8
#2674 0 800000f0 fb47a783 r 0f         0001869f  lw       x15, -0x4c(x15)
#2675 0 800000f4     973e r 0e         0001869f  c.add    x14, x15
#2676 0 800000f6 fec42783 r 0f         00000003  lw       x15, -0x14(x8)
#2677 0 800000fa 00279693 r 0d         0000000c  slli     x13, x15, 0x2
#2678 0 800000fe fe842783 r 0f         00000001  lw       x15, -0x18(x8)
#2679 0 80000102     97b6 r 0f         0000000d  c.add    x15, x13
#2680 0 80000104     078a r 0f         00000034  c.slli   x15, 2
#2681 0 80000106     17c1 r 0f         00000024  c.addi   x15, -0x10
#2682 0 80000108     97a2 r 0f         f0041054  c.add    x15, x8
#2683 0 8000010a fb47a783 r 0f         0001869f  lw       x15, -0x4c(x15)
#2684 0 8000010e 04f75763 r 00         00000000  bge      x14, x15, . + 0x4e
#2685 0 8000015c fe842783 r 0f         00000001  lw       x15, -0x18(x8)
#2686 0 80000160     0785 r 0f         00000002  c.addi   x15, 0x1
#2687 0 80000162 fef42423 m f0041018   00000002  sw       x15, -0x18(x8)
#2688 0 80000166 fe842703 r 0e         00000002  lw       x14, -0x18(x8)
#2689 0 8000016a     478d r 0f         00000003  c.li     x15, 0x3
#2690 0 8000016c f4e7dce3 r 00         00000000  bge      x15, x14, . - 0xa8
#2691 0 800000c4 fec42783 r 0f         00000003  lw       x15, -0x14(x8)
#2692 0 800000c8 00279713 r 0e         0000000c  slli     x14, x15, 0x2
#2693 0 800000cc fe442783 r 0f         00000003  lw       x15, -0x1c(x8)
#2694 0 800000d0     97ba r 0f         0000000f  c.add    x15, x14
#2695 0 800000d2     078a r 0f         0000003c  c.slli   x15, 2
#2696 0 800000d4     17c1 r 0f         0000002c  c.addi   x15, -0x10
#2697 0 800000d6     97a2 r 0f         f004105c  c.add    x15, x8
#2698 0 800000d8 fb47a703 r 0e         00000000  lw       x14, -0x4c(x15)
#2699 0 800000dc fe442783 r 0f         00000003  lw       x15, -0x1c(x8)
#2700 0 800000e0 00279693 r 0d         0000000c  slli     x13, x15, 0x2
#2701 0 800000e4 fe842783 r 0f         00000002  lw       x15, -0x18(x8)
#2702 0 800000e8     97b6 r 0f         0000000e  c.add    x15, x13
#2703 0 800000ea     078a r 0f         00000038  c.slli   x15, 2
#2704 0 800000ec     17c1 r 0f         00000028  c.addi   x15, -0x10
#2705 0 800000ee     97a2 r 0f         f0041058  c.add    x15, x8
#2706 0 800000f0 fb47a783 r 0f         0001869f  lw       x15, -0x4c(x15)
#2707 0 800000f4     973e r 0e         0001869f  c.add    x14, x15
#2708 0 800000f6 fec42783 r 0f         00000003  lw       x15, -0x14(x8)
#2709 0 800000fa 00279693 r 0d         0000000c  slli     x13, x15, 0x2
#2710 0 800000fe fe842783 r 0f         00000002  lw       x15, -0x18(x8)
#2711 0 80000102     97b6 r 0f         0000000e  c.add    x15, x13
#2712 0 80000104     078a r 0f         00000038  c.slli   x15, 2
#2713 0 80000106     17c1 r 0f         00000028  c.addi   x15, -0x10
#2714 0 80000108     97a2 r 0f         f0041058  c.add    x15, x8
#2715 0 8000010a fb47a783 r 0f         0001869f  lw       x15, -0x4c(x15)
#2716 0 8000010e 04f75763 r 00         00000000  bge      x14, x15, . + 0x4e
#2717 0 8000015c fe842783 r 0f         00000002  lw       x15, -0x18(x8)
#2718 0 80000160     0785 r 0f         00000003  c.addi   x15, 0x1
#2719 0 80000162 fef42423 m f0041018   00000003  sw       x15, -0x18(x8)
#2720 0 80000166 fe842703 r 0e         00000003  lw       x14, -0x18(x8)
#2721 0 8000016a     478d r 0f         00000003  c.li     x15, 0x3
#2722 0 8000016c f4e7dce3 r 00         00000000  bge      x15, x14, . - 0xa8
#2723 0 800000c4 fec42783 r 0f         00000003  lw       x15, -0x14(x8)
#2724 0 800000c8 00279713 r 0e         0000000c  slli     x14, x15, 0x2
#2725 0 800000cc fe442783 r 0f         00000003  lw       x15, -0x1c(x8)
#2726 0 800000d0     97ba r 0f         0000000f  c.add    x15, x14
#2727 0 800000d2     078a r 0f         0000003c  c.slli   x15, 2
#2728 0 800000d4     17c1 r 0f         0000002c  c.addi   x15, -0x10
#2729 0 800000d6     97a2 r 0f         f004105c  c.add    x15, x8
#2730 0 800000d8 fb47a703 r 0e         00000000  lw       x14, -0x4c(x15)
#2731 0 800000dc fe442783 r 0f         00000003  lw       x15, -0x1c(x8)
#2732 0 800000e0 00279693 r 0d         0000000c  slli     x13, x15, 0x2
#2733 0 800000e4 fe842783 r 0f         00000003  lw       x15, -0x18(x8)
#2734 0 800000e8     97b6 r 0f         0000000f  c.add    x15, x13
#2735 0 800000ea     078a r 0f         0000003c  c.slli   x15, 2
#2736 0 800000ec     17c1 r 0f         0000002c  c.addi   x15, -0x10
#2737 0 800000ee     97a2 r 0f         f004105c  c.add    x15, x8
#2738 0 800000f0 fb47a783 r 0f         00000000  lw       x15, -0x4c(x15)
#2739 0 800000f4     973e r 0e         00000000  c.add    x14, x15
#2740 0 800000f6 fec42783 r 0f         00000003  lw       x15, -0x14(x8)
#2741 0 800000fa 00279693 r 0d         0000000c  slli     x13, x15, 0x2
#2742 0 800000fe fe842783 r 0f         00000003  lw       x15, -0x18(x8)
#2743 0 80000102     97b6 r 0f         0000000f  c.add    x15, x13
#2744 0 80000104     078a r 0f         0000003c  c.slli   x15, 2
#2745 0 80000106     17c1 r 0f         0000002c  c.addi   x15, -0x10
#2746 0 80000108     97a2 r 0f         f004105c  c.add    x15, x8
#2747 0 8000010a fb47a783 r 0f         00000000  lw       x15, -0x4c(x15)
#2748 0 8000010e 04f75763 r 00         00000000  bge      x14, x15, . + 0x4e
#2749 0 8000015c fe842783 r 0f         00000003  lw       x15, -0x18(x8)
#2750 0 80000160     0785 r 0f         00000004  c.addi   x15, 0x1
#2751 0 80000162 fef42423 m f0041018   00000004  sw       x15, -0x18(x8)
#2752 0 80000166 fe842703 r 0e         00000004  lw       x14, -0x18(x8)
#2753 0 8000016a     478d r 0f         00000003  c.li     x15, 0x3
#2754 0 8000016c f4e7dce3 r 00         00000000  bge      x15, x14, . - 0xa8
#2755 0 80000170 fec42783 r 0f         00000003  lw       x15, -0x14(x8)
#2756 0 80000174     0785 r 0f         00000004  c.addi   x15, 0x1
#2757 0 80000176 fef42623 m f004101c   00000004  sw       x15, -0x14(x8)
#2758 0 8000017a fec42703 r 0e         00000004  lw       x14, -0x14(x8)
#2759 0 8000017e     478d r 0f         00000003  c.li     x15, 0x3
#2760 0 80000180 f2e7dfe3 r 00         00000000  bge      x15, x14, . - 0xc2
#2761 0 80000184 fe442783 r 0f         00000003  lw       x15, -0x1c(x8)
#2762 0 80000188     0785 r 0f         00000004  c.addi   x15, 0x1
#2763 0 8000018a fef42223 m f0041014   00000004  sw       x15, -0x1c(x8)
#2764 0 8000018e fe442703 r 0e         00000004  lw       x14, -0x1c(x8)
#2765 0 80000192     478d r 0f         00000003  c.li     x15, 0x3
#2766 0 80000194 f2e7d2e3 r 00         00000000  bge      x15, x14, . - 0xdc
#2767 0 80000198     0001 r 00         00000000  c.nop
#2768 0 8000019a     0001 r 00         00000000  c.nop
#2769 0 8000019c     5436 r 08         f0041040  c.lwsp   x8, 0x6c
#2770 0 8000019e     6165 r 02         f0041030  c.addi16sp 0x7
#2771 0 800001a0     8082 r 00         00000000  c.jr     x1
#2772 0 800001b4     0001 r 00         00000000  c.nop
#2773 0 800001b6     40b2 r 01         80000018  c.lwsp   x1, 0xc
#2774 0 800001b8     4422 r 08         00000000  c.lwsp   x8, 0x8
#2775 0 800001ba     0141 r 02         f0041040  c.addi   x2, 0x10
#2776 0 800001bc     8082 r 00         00000000  c.jr     x1
#2777 0 80000018 50580297 r 05         d0580018  auipc    x5, 0x50580
#2778 0 8000001c fe828293 r 05         d0580000  addi     x5, x5, -0x18
#2779 0 80000020 0ff00313 r 06         000000ff  addi     x6, x0, 0xff
#2780 0 80000024 00628023 m d0580000   000000ff  sb       x6, 0x0(x5)
