#1 0 80000000 595552b7 r 05         59555000  lui      x5, 0x59555
#2 0 80000004 55528293 r 05         59555555  addi     x5, x5, 0x555
#3 0 80000008 7c029073 c 07c0       59555555  csrrw    x0, mrac, x5
#4 0 8000000c 70041117 r 02         f004100c  auipc    x2, 0x70041
#5 0 80000010 06410113 r 02         f0041070  addi     x2, x2, 0x64
#6 0 80000014 2b6000ef r 01         80000018  jal      x1, . + 0x2b6
#7 0 800002ca     1141 r 02         f0041060  c.addi   x2, -0x10
#8 0 800002cc     c606 m f004106c   80000018  c.swsp   x1, 0xc
#9 0 800002ce     c422 m f0041068   00000000  c.swsp   x8, 0x8
#10 0 800002d0     0800 r 08         f0041070  c.addi4spn  x8, 0x4
#11 0 800002d2 f00407b7 r 0f         f0040000  lui      x15, -0xffc0
#12 0 800002d6 0647a703 r 0e         00000005  lw       x14, 0x64(x15)
#13 0 800002da f00407b7 r 0f         f0040000  lui      x15, -0xffc0
#14 0 800002de 0687a783 r 0f         00000000  lw       x15, 0x68(x15)
#15 0 800002e2     863e r 0c         00000000  c.mv     x12, x15
#16 0 800002e4     85ba r 0b         00000005  c.mv     x11, x14
#17 0 800002e6 f00407b7 r 0f         f0040000  lui      x15, -0xffc0
#18 0 800002ea 00078513 r 0a         f0040000  addi     x10, x15, 0x0
#19 0 800002ee     3ba1 r 01         800002f0  c.jal    . - 0x2a8
#20 0 80000046     7115 r 02         f0040f80  c.addi16sp -0xe
#21 0 80000048     cfa2 m f004105c   f0041070  c.swsp   x8, 0xdc
#22 0 8000004a     1180 r 08         f0041060  c.addi4spn  x8, 0x38
#23 0 8000004c f2a42623 m f0040f8c   f0040000  sw       x10, -0xd4(x8)
#24 0 80000050 f2b42423 m f0040f88   00000005  sw       x11, -0xd8(x8)
#25 0 80000054 f2c42223 m f0040f84   00000000  sw       x12, -0xdc(x8)
#26 0 80000058 fe042023 m f0041040   00000000  sw       x0, -0x20(x8)
#27 0 8000005c     a04d r 00         00000000  c.j      . + 0xa2
#28 0 800000fe fe042703 r 0e         00000000  lw       x14, -0x20(x8)
#29 0 80000102 f2842783 r 0f         00000005  lw       x15, -0xd8(x8)
#30 0 80000106 f4f74ce3 r 00         00000000  blt      x14, x15, . - 0xa8
#31 0 8000005e fc042e23 m f004103c   00000000  sw       x0, -0x24(x8)
#32 0 80000062     a059 r 00         00000000  c.j      . + 0x86
#33 0 800000e8 fdc42703 r 0e         00000000  lw       x14, -0x24(x8)
#34 0 800000ec f2842783 r 0f         00000005  lw       x15, -0xd8(x8)
#35 0 800000f0 f6f74ae3 r 00         00000000  blt      x14, x15, . - 0x8c
#36 0 80000064 fe042703 r 0e         00000000  lw       x14, -0x20(x8)
#37 0 80000068     87ba r 0f         00000000  c.mv     x15, x14
#38 0 8000006a     078a r 0f         00000000  c.slli   x15, 2
#39 0 8000006c     97ba r 0f         00000000  c.add    x15, x14
#40 0 8000006e     078a r 0f         00000000  c.slli   x15, 2
#41 0 80000070     873e r 0e         00000000  c.mv     x14, x15
#42 0 80000072 f2c42783 r 0f         f0040000  lw       x15, -0xd4(x8)
#43 0 80000076     973e r 0e         f0040000  c.add    x14, x15
#44 0 80000078 fdc42783 r 0f         00000000  lw       x15, -0x24(x8)
#45 0 8000007c     078a r 0f         00000000  c.slli   x15, 2
#46 0 8000007e     97ba r 0f         f0040000  c.add    x15, x14
#47 0 80000080     439c r 0f         00000000  c.lw     x15, 0x0(x15)
#48 0 80000082     e395 r 00         00000000  c.bnez   x15, . + 0x24
#49 0 80000084 fe042703 r 0e         00000000  lw       x14, -0x20(x8)
#50 0 80000088     87ba r 0f         00000000  c.mv     x15, x14
#51 0 8000008a     078a r 0f         00000000  c.slli   x15, 2
#52 0 8000008c     97ba r 0f         00000000  c.add    x15, x14
#53 0 8000008e fdc42703 r 0e         00000000  lw       x14, -0x24(x8)
#54 0 80000092     97ba r 0f         00000000  c.add    x15, x14
#55 0 80000094     078a r 0f         00000000  c.slli   x15, 2
#56 0 80000096     17c1 r 0f         fffffff0  c.addi   x15, -0x10
#57 0 80000098     97a2 r 0f         f0041050  c.add    x15, x8
#58 0 8000009a     6709 r 0e         00002000  c.lui    x14, 0x2
#59 0 8000009c 70f70713 r 0e         0000270f  addi     x14, x14, 0x70f
#60 0 800000a0 f8e7a423 m f0040fd8   0000270f  sw       x14, -0x78(x15)
#61 0 800000a4     a82d r 00         00000000  c.j      . + 0x3a
#62 0 800000de fdc42783 r 0f         00000000  lw       x15, -0x24(x8)
#63 0 800000e2     0785 r 0f         00000001  c.addi   x15, 0x1
#64 0 800000e4 fcf42e23 m f004103c   00000001  sw       x15, -0x24(x8)
#65 0 800000e8 fdc42703 r 0e         00000001  lw       x14, -0x24(x8)
#66 0 800000ec f2842783 r 0f         00000005  lw       x15, -0xd8(x8)
#67 0 800000f0 f6f74ae3 r 00         00000000  blt      x14, x15, . - 0x8c
#68 0 80000064 fe042703 r 0e         00000000  lw       x14, -0x20(x8)
#69 0 80000068     87ba r 0f         00000000  c.mv     x15, x14
#70 0 8000006a     078a r 0f         00000000  c.slli   x15, 2
#71 0 8000006c     97ba r 0f         00000000  c.add    x15, x14
#72 0 8000006e     078a r 0f         00000000  c.slli   x15, 2
#73 0 80000070     873e r 0e         00000000  c.mv     x14, x15
#74 0 80000072 f2c42783 r 0f         f0040000  lw       x15, -0xd4(x8)
#75 0 80000076     973e r 0e         f0040000  c.add    x14, x15
#76 0 80000078 fdc42783 r 0f         00000001  lw       x15, -0x24(x8)
#77 0 8000007c     078a r 0f         00000004  c.slli   x15, 2
#78 0 8000007e     97ba r 0f         f0040004  c.add    x15, x14
#79 0 80000080     439c r 0f         0000000a  c.lw     x15, 0x0(x15)
#80 0 80000082     e395 r 00         00000000  c.bnez   x15, . + 0x24
#81 0 800000a6 fe042703 r 0e         00000000  lw       x14, -0x20(x8)
#82 0 800000aa     87ba r 0f         00000000  c.mv     x15, x14
#83 0 800000ac     078a r 0f         00000000  c.slli   x15, 2
#84 0 800000ae     97ba r 0f         00000000  c.add    x15, x14
#85 0 800000b0     078a r 0f         00000000  c.slli   x15, 2
#86 0 800000b2     873e r 0e         00000000  c.mv     x14, x15
#87 0 800000b4 f2c42783 r 0f         f0040000  lw       x15, -0xd4(x8)
#88 0 800000b8     973e r 0e         f0040000  c.add    x14, x15
#89 0 800000ba fdc42783 r 0f         00000001  lw       x15, -0x24(x8)
#90 0 800000be     078a r 0f         00000004  c.slli   x15, 2
#91 0 800000c0     97ba r 0f         f0040004  c.add    x15, x14
#92 0 800000c2     4394 r 0d         0000000a  c.lw     x13, 0x0(x15)
#93 0 800000c4 fe042703 r 0e         00000000  lw       x14, -0x20(x8)
#94 0 800000c8     87ba r 0f         00000000  c.mv     x15, x14
#95 0 800000ca     078a r 0f         00000000  c.slli   x15, 2
#96 0 800000cc     97ba r 0f         00000000  c.add    x15, x14
#97 0 800000ce fdc42703 r 0e         00000001  lw       x14, -0x24(x8)
#98 0 800000d2     97ba r 0f         00000001  c.add    x15, x14
#99 0 800000d4     078a r 0f         00000004  c.slli   x15, 2
#100 0 800000d6     17c1 r 0f         fffffff4  c.addi   x15, -0x10
#101 0 800000d8     97a2 r 0f         f0041054  c.add    x15, x8
#102 0 800000da f8d7a423 m f0040fdc   0000000a  sw       x13, -0x78(x15)
#103 0 800000de fdc42783 r 0f         00000001  lw       x15, -0x24(x8)
#104 0 800000e2     0785 r 0f         00000002  c.addi   x15, 0x1
#105 0 800000e4 fcf42e23 m f004103c   00000002  sw       x15, -0x24(x8)
#106 0 800000e8 fdc42703 r 0e         00000002  lw       x14, -0x24(x8)
#107 0 800000ec f2842783 r 0f         00000005  lw       x15, -0xd8(x8)
#108 0 800000f0 f6f74ae3 r 00         00000000  blt      x14, x15, . - 0x8c
#109 0 80000064 fe042703 r 0e         00000000  lw       x14, -0x20(x8)
#110 0 80000068     87ba r 0f         00000000  c.mv     x15, x14
#111 0 8000006a     078a r 0f         00000000  c.slli   x15, 2
#112 0 8000006c     97ba r 0f         00000000  c.add    x15, x14
#113 0 8000006e     078a r 0f         00000000  c.slli   x15, 2
#114 0 80000070     873e r 0e         00000000  c.mv     x14, x15
#115 0 80000072 f2c42783 r 0f         f0040000  lw       x15, -0xd4(x8)
#116 0 80000076     973e r 0e         f0040000  c.add    x14, x15
#117 0 80000078 fdc42783 r 0f         00000002  lw       x15, -0x24(x8)
#118 0 8000007c     078a r 0f         00000008  c.slli   x15, 2
#119 0 8000007e     97ba r 0f         f0040008  c.add    x15, x14
#120 0 80000080     439c r 0f         00000000  c.lw     x15, 0x0(x15)
#121 0 80000082     e395 r 00         00000000  c.bnez   x15, . + 0x24
#122 0 80000084 fe042703 r 0e         00000000  lw       x14, -0x20(x8)
#123 0 80000088     87ba r 0f         00000000  c.mv     x15, x14
#124 0 8000008a     078a r 0f         00000000  c.slli   x15, 2
#125 0 8000008c     97ba r 0f         00000000  c.add    x15, x14
#126 0 8000008e fdc42703 r 0e         00000002  lw       x14, -0x24(x8)
#127 0 80000092     97ba r 0f         00000002  c.add    x15, x14
#128 0 80000094     078a r 0f         00000008  c.slli   x15, 2
#129 0 80000096     17c1 r 0f         fffffff8  c.addi   x15, -0x10
#130 0 80000098     97a2 r 0f         f0041058  c.add    x15, x8
#131 0 8000009a     6709 r 0e         00002000  c.lui    x14, 0x2
#132 0 8000009c 70f70713 r 0e         0000270f  addi     x14, x14, 0x70f
#133 0 800000a0 f8e7a423 m f0040fe0   0000270f  sw       x14, -0x78(x15)
#134 0 800000a4     a82d r 00         00000000  c.j      . + 0x3a
#135 0 800000de fdc42783 r 0f         00000002  lw       x15, -0x24(x8)
#136 0 800000e2     0785 r 0f         00000003  c.addi   x15, 0x1
#137 0 800000e4 fcf42e23 m f004103c   00000003  sw       x15, -0x24(x8)
#138 0 800000e8 fdc42703 r 0e         00000003  lw       x14, -0x24(x8)
#139 0 800000ec f2842783 r 0f         00000005  lw       x15, -0xd8(x8)
#140 0 800000f0 f6f74ae3 r 00         00000000  blt      x14, x15, . - 0x8c
#141 0 80000064 fe042703 r 0e         00000000  lw       x14, -0x20(x8)
#142 0 80000068     87ba r 0f         00000000  c.mv     x15, x14
#143 0 8000006a     078a r 0f         00000000  c.slli   x15, 2
#144 0 8000006c     97ba r 0f         00000000  c.add    x15, x14
#145 0 8000006e     078a r 0f         00000000  c.slli   x15, 2
#146 0 80000070     873e r 0e         00000000  c.mv     x14, x15
#147 0 80000072 f2c42783 r 0f         f0040000  lw       x15, -0xd4(x8)
#148 0 80000076     973e r 0e         f0040000  c.add    x14, x15
#149 0 80000078 fdc42783 r 0f         00000003  lw       x15, -0x24(x8)
#150 0 8000007c     078a r 0f         0000000c  c.slli   x15, 2
#151 0 8000007e     97ba r 0f         f004000c  c.add    x15, x14
#152 0 80000080     439c r 0f         0000001e  c.lw     x15, 0x0(x15)
#153 0 80000082     e395 r 00         00000000  c.bnez   x15, . + 0x24
#154 0 800000a6 fe042703 r 0e         00000000  lw       x14, -0x20(x8)
#155 0 800000aa     87ba r 0f         00000000  c.mv     x15, x14
#156 0 800000ac     078a r 0f         00000000  c.slli   x15, 2
#157 0 800000ae     97ba r 0f         00000000  c.add    x15, x14
#158 0 800000b0     078a r 0f         00000000  c.slli   x15, 2
#159 0 800000b2     873e r 0e         00000000  c.mv     x14, x15
#160 0 800000b4 f2c42783 r 0f         f0040000  lw       x15, -0xd4(x8)
#161 0 800000b8     973e r 0e         f0040000  c.add    x14, x15
#162 0 800000ba fdc42783 r 0f         00000003  lw       x15, -0x24(x8)
#163 0 800000be     078a r 0f         0000000c  c.slli   x15, 2
#164 0 800000c0     97ba r 0f         f004000c  c.add    x15, x14
#165 0 800000c2     4394 r 0d         0000001e  c.lw     x13, 0x0(x15)
#166 0 800000c4 fe042703 r 0e         00000000  lw       x14, -0x20(x8)
#167 0 800000c8     87ba r 0f         00000000  c.mv     x15, x14
#168 0 800000ca     078a r 0f         00000000  c.slli   x15, 2
#169 0 800000cc     97ba r 0f         00000000  c.add    x15, x14
#170 0 800000ce fdc42703 r 0e         00000003  lw       x14, -0x24(x8)
#171 0 800000d2     97ba r 0f         00000003  c.add    x15, x14
#172 0 800000d4     078a r 0f         0000000c  c.slli   x15, 2
#173 0 800000d6     17c1 r 0f         fffffffc  c.addi   x15, -0x10
#174 0 800000d8     97a2 r 0f         f004105c  c.add    x15, x8
#175 0 800000da f8d7a423 m f0040fe4   0000001e  sw       x13, -0x78(x15)
#176 0 800000de fdc42783 r 0f         00000003  lw       x15, -0x24(x8)
#177 0 800000e2     0785 r 0f         00000004  c.addi   x15, 0x1
#178 0 800000e4 fcf42e23 m f004103c   00000004  sw       x15, -0x24(x8)
#179 0 800000e8 fdc42703 r 0e         00000004  lw       x14, -0x24(x8)
#180 0 800000ec f2842783 r 0f         00000005  lw       x15, -0xd8(x8)
#181 0 800000f0 f6f74ae3 r 00         00000000  blt      x14, x15, . - 0x8c
#182 0 80000064 fe042703 r 0e         00000000  lw       x14, -0x20(x8)
#183 0 80000068     87ba r 0f         00000000  c.mv     x15, x14
#184 0 8000006a     078a r 0f         00000000  c.slli   x15, 2
#185 0 8000006c     97ba r 0f         00000000  c.add    x15, x14
#186 0 8000006e     078a r 0f         00000000  c.slli   x15, 2
#187 0 80000070     873e r 0e         00000000  c.mv     x14, x15
#188 0 80000072 f2c42783 r 0f         f0040000  lw       x15, -0xd4(x8)
#189 0 80000076     973e r 0e         f0040000  c.add    x14, x15
#190 0 80000078 fdc42783 r 0f         00000004  lw       x15, -0x24(x8)
#191 0 8000007c     078a r 0f         00000010  c.slli   x15, 2
#192 0 8000007e     97ba r 0f         f0040010  c.add    x15, x14
#193 0 80000080     439c r 0f         00000064  c.lw     x15, 0x0(x15)
#194 0 80000082     e395 r 00         00000000  c.bnez   x15, . + 0x24
#195 0 800000a6 fe042703 r 0e         00000000  lw       x14, -0x20(x8)
#196 0 800000aa     87ba r 0f         00000000  c.mv     x15, x14
#197 0 800000ac     078a r 0f         00000000  c.slli   x15, 2
#198 0 800000ae     97ba r 0f         00000000  c.add    x15, x14
#199 0 800000b0     078a r 0f         00000000  c.slli   x15, 2
#200 0 800000b2     873e r 0e         00000000  c.mv     x14, x15
#201 0 800000b4 f2c42783 r 0f         f0040000  lw       x15, -0xd4(x8)
#202 0 800000b8     973e r 0e         f0040000  c.add    x14, x15
#203 0 800000ba fdc42783 r 0f         00000004  lw       x15, -0x24(x8)
#204 0 800000be     078a r 0f         00000010  c.slli   x15, 2
#205 0 800000c0     97ba r 0f         f0040010  c.add    x15, x14
#206 0 800000c2     4394 r 0d         00000064  c.lw     x13, 0x0(x15)
#207 0 800000c4 fe042703 r 0e         00000000  lw       x14, -0x20(x8)
#208 0 800000c8     87ba r 0f         00000000  c.mv     x15, x14
#209 0 800000ca     078a r 0f         00000000  c.slli   x15, 2
#210 0 800000cc     97ba r 0f         00000000  c.add    x15, x14
#211 0 800000ce fdc42703 r 0e         00000004  lw       x14, -0x24(x8)
#212 0 800000d2     97ba r 0f         00000004  c.add    x15, x14
#213 0 800000d4     078a r 0f         00000010  c.slli   x15, 2
#214 0 800000d6     17c1 r 0f         00000000  c.addi   x15, -0x10
#215 0 800000d8     97a2 r 0f         f0041060  c.add    x15, x8
#216 0 800000da f8d7a423 m f0040fe8   00000064  sw       x13, -0x78(x15)
#217 0 800000de fdc42783 r 0f         00000004  lw       x15, -0x24(x8)
#218 0 800000e2     0785 r 0f         00000005  c.addi   x15, 0x1
#219 0 800000e4 fcf42e23 m f004103c   00000005  sw       x15, -0x24(x8)
#220 0 800000e8 fdc42703 r 0e         00000005  lw       x14, -0x24(x8)
#221 0 800000ec f2842783 r 0f         00000005  lw       x15, -0xd8(x8)
#222 0 800000f0 f6f74ae3 r 00         00000000  blt      x14, x15, . - 0x8c
#223 0 800000f4 fe042783 r 0f         00000000  lw       x15, -0x20(x8)
#224 0 800000f8     0785 r 0f         00000001  c.addi   x15, 0x1
#225 0 800000fa fef42023 m f0041040   00000001  sw       x15, -0x20(x8)
#226 0 800000fe fe042703 r 0e         00000001  lw       x14, -0x20(x8)
#227 0 80000102 f2842783 r 0f         00000005  lw       x15, -0xd8(x8)
#228 0 80000106 f4f74ce3 r 00         00000000  blt      x14, x15, . - 0xa8
#229 0 8000005e fc042e23 m f004103c   00000000  sw       x0, -0x24(x8)
#230 0 80000062     a059 r 00         00000000  c.j      . + 0x86
#231 0 800000e8 fdc42703 r 0e         00000000  lw       x14, -0x24(x8)
#232 0 800000ec f2842783 r 0f         00000005  lw       x15, -0xd8(x8)
#233 0 800000f0 f6f74ae3 r 00         00000000  blt      x14, x15, . - 0x8c
#234 0 80000064 fe042703 r 0e         00000001  lw       x14, -0x20(x8)
#235 0 80000068     87ba r 0f         00000001  c.mv     x15, x14
#236 0 8000006a     078a r 0f         00000004  c.slli   x15, 2
#237 0 8000006c     97ba r 0f         00000005  c.add    x15, x14
#238 0 8000006e     078a r 0f         00000014  c.slli   x15, 2
#239 0 80000070     873e r 0e         00000014  c.mv     x14, x15
#240 0 80000072 f2c42783 r 0f         f0040000  lw       x15, -0xd4(x8)
#241 0 80000076     973e r 0e         f0040014  c.add    x14, x15
#242 0 80000078 fdc42783 r 0f         00000000  lw       x15, -0x24(x8)
#243 0 8000007c     078a r 0f         00000000  c.slli   x15, 2
#244 0 8000007e     97ba r 0f         f0040014  c.add    x15, x14
#245 0 80000080     439c r 0f         0000000a  c.lw     x15, 0x0(x15)
#246 0 80000082     e395 r 00         00000000  c.bnez   x15, . + 0x24
#247 0 800000a6 fe042703 r 0e         00000001  lw       x14, -0x20(x8)
#248 0 800000aa     87ba r 0f         00000001  c.mv     x15, x14
#249 0 800000ac     078a r 0f         00000004  c.slli   x15, 2
#250 0 800000ae     97ba r 0f         00000005  c.add    x15, x14
#251 0 800000b0     078a r 0f         00000014  c.slli   x15, 2
#252 0 800000b2     873e r 0e         00000014  c.mv     x14, x15
#253 0 800000b4 f2c42783 r 0f         f0040000  lw       x15, -0xd4(x8)
#254 0 800000b8     973e r 0e         f0040014  c.add    x14, x15
#255 0 800000ba fdc42783 r 0f         00000000  lw       x15, -0x24(x8)
#256 0 800000be     078a r 0f         00000000  c.slli   x15, 2
#257 0 800000c0     97ba r 0f         f0040014  c.add    x15, x14
#258 0 800000c2     4394 r 0d         0000000a  c.lw     x13, 0x0(x15)
#259 0 800000c4 fe042703 r 0e         00000001  lw       x14, -0x20(x8)
#260 0 800000c8     87ba r 0f         00000001  c.mv     x15, x14
#261 0 800000ca     078a r 0f         00000004  c.slli   x15, 2
#262 0 800000cc     97ba r 0f         00000005  c.add    x15, x14
#263 0 800000ce fdc42703 r 0e         00000000  lw       x14, -0x24(x8)
#264 0 800000d2     97ba r 0f         00000005  c.add    x15, x14
#265 0 800000d4     078a r 0f         00000014  c.slli   x15, 2
#266 0 800000d6     17c1 r 0f         00000004  c.addi   x15, -0x10
#267 0 800000d8     97a2 r 0f         f0041064  c.add    x15, x8
#268 0 800000da f8d7a423 m f0040fec   0000000a  sw       x13, -0x78(x15)
#269 0 800000de fdc42783 r 0f         00000000  lw       x15, -0x24(x8)
#270 0 800000e2     0785 r 0f         00000001  c.addi   x15, 0x1
#271 0 800000e4 fcf42e23 m f004103c   00000001  sw       x15, -0x24(x8)
#272 0 800000e8 fdc42703 r 0e         00000001  lw       x14, -0x24(x8)
#273 0 800000ec f2842783 r 0f         00000005  lw       x15, -0xd8(x8)
#274 0 800000f0 f6f74ae3 r 00         00000000  blt      x14, x15, . - 0x8c
#275 0 80000064 fe042703 r 0e         00000001  lw       x14, -0x20(x8)
#276 0 80000068     87ba r 0f         00000001  c.mv     x15, x14
#277 0 8000006a     078a r 0f         00000004  c.slli   x15, 2
#278 0 8000006c     97ba r 0f         00000005  c.add    x15, x14
#279 0 8000006e     078a r 0f         00000014  c.slli   x15, 2
#280 0 80000070     873e r 0e         00000014  c.mv     x14, x15
#281 0 80000072 f2c42783 r 0f         f0040000  lw       x15, -0xd4(x8)
#282 0 80000076     973e r 0e         f0040014  c.add    x14, x15
#283 0 80000078 fdc42783 r 0f         00000001  lw       x15, -0x24(x8)
#284 0 8000007c     078a r 0f         00000004  c.slli   x15, 2
#285 0 8000007e     97ba r 0f         f0040018  c.add    x15, x14
#286 0 80000080     439c r 0f         00000000  c.lw     x15, 0x0(x15)
#287 0 80000082     e395 r 00         00000000  c.bnez   x15, . + 0x24
#288 0 80000084 fe042703 r 0e         00000001  lw       x14, -0x20(x8)
#289 0 80000088     87ba r 0f         00000001  c.mv     x15, x14
#290 0 8000008a     078a r 0f         00000004  c.slli   x15, 2
#291 0 8000008c     97ba r 0f         00000005  c.add    x15, x14
#292 0 8000008e fdc42703 r 0e         00000001  lw       x14, -0x24(x8)
#293 0 80000092     97ba r 0f         00000006  c.add    x15, x14
#294 0 80000094     078a r 0f         00000018  c.slli   x15, 2
#295 0 80000096     17c1 r 0f         00000008  c.addi   x15, -0x10
#296 0 80000098     97a2 r 0f         f0041068  c.add    x15, x8
#297 0 8000009a     6709 r 0e         00002000  c.lui    x14, 0x2
#298 0 8000009c 70f70713 r 0e         0000270f  addi     x14, x14, 0x70f
#299 0 800000a0 f8e7a423 m f0040ff0   0000270f  sw       x14, -0x78(x15)
#300 0 800000a4     a82d r 00         00000000  c.j      . + 0x3a
#301 0 800000de fdc42783 r 0f         00000001  lw       x15, -0x24(x8)
#302 0 800000e2     0785 r 0f         00000002  c.addi   x15, 0x1
#303 0 800000e4 fcf42e23 m f004103c   00000002  sw       x15, -0x24(x8)
#304 0 800000e8 fdc42703 r 0e         00000002  lw       x14, -0x24(x8)
#305 0 800000ec f2842783 r 0f         00000005  lw       x15, -0xd8(x8)
#306 0 800000f0 f6f74ae3 r 00         00000000  blt      x14, x15, . - 0x8c
#307 0 80000064 fe042703 r 0e         00000001  lw       x14, -0x20(x8)
#308 0 80000068     87ba r 0f         00000001  c.mv     x15, x14
#309 0 8000006a     078a r 0f         00000004  c.slli   x15, 2
#310 0 8000006c     97ba r 0f         00000005  c.add    x15, x14
#311 0 8000006e     078a r 0f         00000014  c.slli   x15, 2
#312 0 80000070     873e r 0e         00000014  c.mv     x14, x15
#313 0 80000072 f2c42783 r 0f         f0040000  lw       x15, -0xd4(x8)
#314 0 80000076     973e r 0e         f0040014  c.add    x14, x15
#315 0 80000078 fdc42783 r 0f         00000002  lw       x15, -0x24(x8)
#316 0 8000007c     078a r 0f         00000008  c.slli   x15, 2
#317 0 8000007e     97ba r 0f         f004001c  c.add    x15, x14
#318 0 80000080     439c r 0f         00000032  c.lw     x15, 0x0(x15)
#319 0 80000082     e395 r 00         00000000  c.bnez   x15, . + 0x24
#320 0 800000a6 fe042703 r 0e         00000001  lw       x14, -0x20(x8)
#321 0 800000aa     87ba r 0f         00000001  c.mv     x15, x14
#322 0 800000ac     078a r 0f         00000004  c.slli   x15, 2
#323 0 800000ae     97ba r 0f         00000005  c.add    x15, x14
#324 0 800000b0     078a r 0f         00000014  c.slli   x15, 2
#325 0 800000b2     873e r 0e         00000014  c.mv     x14, x15
#326 0 800000b4 f2c42783 r 0f         f0040000  lw       x15, -0xd4(x8)
#327 0 800000b8     973e r 0e         f0040014  c.add    x14, x15
#328 0 800000ba fdc42783 r 0f         00000002  lw       x15, -0x24(x8)
#329 0 800000be     078a r 0f         00000008  c.slli   x15, 2
#330 0 800000c0     97ba r 0f         f004001c  c.add    x15, x14
#331 0 800000c2     4394 r 0d         00000032  c.lw     x13, 0x0(x15)
#332 0 800000c4 fe042703 r 0e         00000001  lw       x14, -0x20(x8)
#333 0 800000c8     87ba r 0f         00000001  c.mv     x15, x14
#334 0 800000ca     078a r 0f         00000004  c.slli   x15, 2
#335 0 800000cc     97ba r 0f         00000005  c.add    x15, x14
#336 0 800000ce fdc42703 r 0e         00000002  lw       x14, -0x24(x8)
#337 0 800000d2     97ba r 0f         00000007  c.add    x15, x14
#338 0 800000d4     078a r 0f         0000001c  c.slli   x15, 2
#339 0 800000d6     17c1 r 0f         0000000c  c.addi   x15, -0x10
#340 0 800000d8     97a2 r 0f         f004106c  c.add    x15, x8
#341 0 800000da f8d7a423 m f0040ff4   00000032  sw       x13, -0x78(x15)
#342 0 800000de fdc42783 r 0f         00000002  lw       x15, -0x24(x8)
#343 0 800000e2     0785 r 0f         00000003  c.addi   x15, 0x1
#344 0 800000e4 fcf42e23 m f004103c   00000003  sw       x15, -0x24(x8)
#345 0 800000e8 fdc42703 r 0e         00000003  lw       x14, -0x24(x8)
#346 0 800000ec f2842783 r 0f         00000005  lw       x15, -0xd8(x8)
#347 0 800000f0 f6f74ae3 r 00         00000000  blt      x14, x15, . - 0x8c
#348 0 80000064 fe042703 r 0e         00000001  lw       x14, -0x20(x8)
#349 0 80000068     87ba r 0f         00000001  c.mv     x15, x14
#350 0 8000006a     078a r 0f         00000004  c.slli   x15, 2
#351 0 8000006c     97ba r 0f         00000005  c.add    x15, x14
#352 0 8000006e     078a r 0f         00000014  c.slli   x15, 2
#353 0 80000070     873e r 0e         00000014  c.mv     x14, x15
#354 0 80000072 f2c42783 r 0f         f0040000  lw       x15, -0xd4(x8)
#355 0 80000076     973e r 0e         f0040014  c.add    x14, x15
#356 0 80000078 fdc42783 r 0f         00000003  lw       x15, -0x24(x8)
#357 0 8000007c     078a r 0f         0000000c  c.slli   x15, 2
#358 0 8000007e     97ba r 0f         f0040020  c.add    x15, x14
#359 0 80000080     439c r 0f         00000000  c.lw     x15, 0x0(x15)
#360 0 80000082     e395 r 00         00000000  c.bnez   x15, . + 0x24
#361 0 80000084 fe042703 r 0e         00000001  lw       x14, -0x20(x8)
#362 0 80000088     87ba r 0f         00000001  c.mv     x15, x14
#363 0 8000008a     078a r 0f         00000004  c.slli   x15, 2
#364 0 8000008c     97ba r 0f         00000005  c.add    x15, x14
#365 0 8000008e fdc42703 r 0e         00000003  lw       x14, -0x24(x8)
#366 0 80000092     97ba r 0f         00000008  c.add    x15, x14
#367 0 80000094     078a r 0f         00000020  c.slli   x15, 2
#368 0 80000096     17c1 r 0f         00000010  c.addi   x15, -0x10
#369 0 80000098     97a2 r 0f         f0041070  c.add    x15, x8
#370 0 8000009a     6709 r 0e         00002000  c.lui    x14, 0x2
#371 0 8000009c 70f70713 r 0e         0000270f  addi     x14, x14, 0x70f
#372 0 800000a0 f8e7a423 m f0040ff8   0000270f  sw       x14, -0x78(x15)
#373 0 800000a4     a82d r 00         00000000  c.j      . + 0x3a
#374 0 800000de fdc42783 r 0f         00000003  lw       x15, -0x24(x8)
#375 0 800000e2     0785 r 0f         00000004  c.addi   x15, 0x1
#376 0 800000e4 fcf42e23 m f004103c   00000004  sw       x15, -0x24(x8)
#377 0 800000e8 fdc42703 r 0e         00000004  lw       x14, -0x24(x8)
#378 0 800000ec f2842783 r 0f         00000005  lw       x15, -0xd8(x8)
#379 0 800000f0 f6f74ae3 r 00         00000000  blt      x14, x15, . - 0x8c
#380 0 80000064 fe042703 r 0e         00000001  lw       x14, -0x20(x8)
#381 0 80000068     87ba r 0f         00000001  c.mv     x15, x14
#382 0 8000006a     078a r 0f         00000004  c.slli   x15, 2
#383 0 8000006c     97ba r 0f         00000005  c.add    x15, x14
#384 0 8000006e     078a r 0f         00000014  c.slli   x15, 2
#385 0 80000070     873e r 0e         00000014  c.mv     x14, x15
#386 0 80000072 f2c42783 r 0f         f0040000  lw       x15, -0xd4(x8)
#387 0 80000076     973e r 0e         f0040014  c.add    x14, x15
#388 0 80000078 fdc42783 r 0f         00000004  lw       x15, -0x24(x8)
#389 0 8000007c     078a r 0f         00000010  c.slli   x15, 2
#390 0 8000007e     97ba r 0f         f0040024  c.add    x15, x14
#391 0 80000080     439c r 0f         00000000  c.lw     x15, 0x0(x15)
#392 0 80000082     e395 r 00         00000000  c.bnez   x15, . + 0x24
#393 0 80000084 fe042703 r 0e         00000001  lw       x14, -0x20(x8)
#394 0 80000088     87ba r 0f         00000001  c.mv     x15, x14
#395 0 8000008a     078a r 0f         00000004  c.slli   x15, 2
#396 0 8000008c     97ba r 0f         00000005  c.add    x15, x14
#397 0 8000008e fdc42703 r 0e         00000004  lw       x14, -0x24(x8)
#398 0 80000092     97ba r 0f         00000009  c.add    x15, x14
#399 0 80000094     078a r 0f         00000024  c.slli   x15, 2
#400 0 80000096     17c1 r 0f         00000014  c.addi   x15, -0x10
#401 0 80000098     97a2 r 0f         f0041074  c.add    x15, x8
#402 0 8000009a     6709 r 0e         00002000  c.lui    x14, 0x2
#403 0 8000009c 70f70713 r 0e         0000270f  addi     x14, x14, 0x70f
#404 0 800000a0 f8e7a423 m f0040ffc   0000270f  sw       x14, -0x78(x15)
#405 0 800000a4     a82d r 00         00000000  c.j      . + 0x3a
#406 0 800000de fdc42783 r 0f         00000004  lw       x15, -0x24(x8)
#407 0 800000e2     0785 r 0f         00000005  c.addi   x15, 0x1
#408 0 800000e4 fcf42e23 m f004103c   00000005  sw       x15, -0x24(x8)
#409 0 800000e8 fdc42703 r 0e         00000005  lw       x14, -0x24(x8)
#410 0 800000ec f2842783 r 0f         00000005  lw       x15, -0xd8(x8)
#411 0 800000f0 f6f74ae3 r 00         00000000  blt      x14, x15, . - 0x8c
#412 0 800000f4 fe042783 r 0f         00000001  lw       x15, -0x20(x8)
#413 0 800000f8     0785 r 0f         00000002  c.addi   x15, 0x1
#414 0 800000fa fef42023 m f0041040   00000002  sw       x15, -0x20(x8)
#415 0 800000fe fe042703 r 0e         00000002  lw       x14, -0x20(x8)
#416 0 80000102 f2842783 r 0f         00000005  lw       x15, -0xd8(x8)
#417 0 80000106 f4f74ce3 r 00         00000000  blt      x14, x15, . - 0xa8
#418 0 8000005e fc042e23 m f004103c   00000000  sw       x0, -0x24(x8)
#419 0 80000062     a059 r 00         00000000  c.j      . + 0x86
#420 0 800000e8 fdc42703 r 0e         00000000  lw       x14, -0x24(x8)
#421 0 800000ec f2842783 r 0f         00000005  lw       x15, -0xd8(x8)
#422 0 800000f0 f6f74ae3 r 00         00000000  blt      x14, x15, . - 0x8c
#423 0 80000064 fe042703 r 0e         00000002  lw       x14, -0x20(x8)
#424 0 80000068     87ba r 0f         00000002  c.mv     x15, x14
#425 0 8000006a     078a r 0f         00000008  c.slli   x15, 2
#426 0 8000006c     97ba r 0f         0000000a  c.add    x15, x14
#427 0 8000006e     078a r 0f         00000028  c.slli   x15, 2
#428 0 80000070     873e r 0e         00000028  c.mv     x14, x15
#429 0 80000072 f2c42783 r 0f         f0040000  lw       x15, -0xd4(x8)
#430 0 80000076     973e r 0e         f0040028  c.add    x14, x15
#431 0 80000078 fdc42783 r 0f         00000000  lw       x15, -0x24(x8)
#432 0 8000007c     078a r 0f         00000000  c.slli   x15, 2
#433 0 8000007e     97ba r 0f         f0040028  c.add    x15, x14
#434 0 80000080     439c r 0f         00000000  c.lw     x15, 0x0(x15)
#435 0 80000082     e395 r 00         00000000  c.bnez   x15, . + 0x24
#436 0 80000084 fe042703 r 0e         00000002  lw       x14, -0x20(x8)
#437 0 80000088     87ba r 0f         00000002  c.mv     x15, x14
#438 0 8000008a     078a r 0f         00000008  c.slli   x15, 2
#439 0 8000008c     97ba r 0f         0000000a  c.add    x15, x14
#440 0 8000008e fdc42703 r 0e         00000000  lw       x14, -0x24(x8)
#441 0 80000092     97ba r 0f         0000000a  c.add    x15, x14
#442 0 80000094     078a r 0f         00000028  c.slli   x15, 2
#443 0 80000096     17c1 r 0f         00000018  c.addi   x15, -0x10
#444 0 80000098     97a2 r 0f         f0041078  c.add    x15, x8
#445 0 8000009a     6709 r 0e         00002000  c.lui    x14, 0x2
#446 0 8000009c 70f70713 r 0e         0000270f  addi     x14, x14, 0x70f
#447 0 800000a0 f8e7a423 m f0041000   0000270f  sw       x14, -0x78(x15)
#448 0 800000a4     a82d r 00         00000000  c.j      . + 0x3a
#449 0 800000de fdc42783 r 0f         00000000  lw       x15, -0x24(x8)
#450 0 800000e2     0785 r 0f         00000001  c.addi   x15, 0x1
#451 0 800000e4 fcf42e23 m f004103c   00000001  sw       x15, -0x24(x8)
#452 0 800000e8 fdc42703 r 0e         00000001  lw       x14, -0x24(x8)
#453 0 800000ec f2842783 r 0f         00000005  lw       x15, -0xd8(x8)
#454 0 800000f0 f6f74ae3 r 00         00000000  blt      x14, x15, . - 0x8c
#455 0 80000064 fe042703 r 0e         00000002  lw       x14, -0x20(x8)
#456 0 80000068     87ba r 0f         00000002  c.mv     x15, x14
#457 0 8000006a     078a r 0f         00000008  c.slli   x15, 2
#458 0 8000006c     97ba r 0f         0000000a  c.add    x15, x14
#459 0 8000006e     078a r 0f         00000028  c.slli   x15, 2
#460 0 80000070     873e r 0e         00000028  c.mv     x14, x15
#461 0 80000072 f2c42783 r 0f         f0040000  lw       x15, -0xd4(x8)
#462 0 80000076     973e r 0e         f0040028  c.add    x14, x15
#463 0 80000078 fdc42783 r 0f         00000001  lw       x15, -0x24(x8)
#464 0 8000007c     078a r 0f         00000004  c.slli   x15, 2
#465 0 8000007e     97ba r 0f         f004002c  c.add    x15, x14
#466 0 80000080     439c r 0f         00000032  c.lw     x15, 0x0(x15)
#467 0 80000082     e395 r 00         00000000  c.bnez   x15, . + 0x24
#468 0 800000a6 fe042703 r 0e         00000002  lw       x14, -0x20(x8)
#469 0 800000aa     87ba r 0f         00000002  c.mv     x15, x14
#470 0 800000ac     078a r 0f         00000008  c.slli   x15, 2
#471 0 800000ae     97ba r 0f         0000000a  c.add    x15, x14
#472 0 800000b0     078a r 0f         00000028  c.slli   x15, 2
#473 0 800000b2     873e r 0e         00000028  c.mv     x14, x15
#474 0 800000b4 f2c42783 r 0f         f0040000  lw       x15, -0xd4(x8)
#475 0 800000b8     973e r 0e         f0040028  c.add    x14, x15
#476 0 800000ba fdc42783 r 0f         00000001  lw       x15, -0x24(x8)
#477 0 800000be     078a r 0f         00000004  c.slli   x15, 2
#478 0 800000c0     97ba r 0f         f004002c  c.add    x15, x14
#479 0 800000c2     4394 r 0d         00000032  c.lw     x13, 0x0(x15)
#480 0 800000c4 fe042703 r 0e         00000002  lw       x14, -0x20(x8)
#481 0 800000c8     87ba r 0f         00000002  c.mv     x15, x14
#482 0 800000ca     078a r 0f         00000008  c.slli   x15, 2
#483 0 800000cc     97ba r 0f         0000000a  c.add    x15, x14
#484 0 800000ce fdc42703 r 0e         00000001  lw       x14, -0x24(x8)
#485 0 800000d2     97ba r 0f         0000000b  c.add    x15, x14
#486 0 800000d4     078a r 0f         0000002c  c.slli   x15, 2
#487 0 800000d6     17c1 r 0f         0000001c  c.addi   x15, -0x10
#488 0 800000d8     97a2 r 0f         f004107c  c.add    x15, x8
#489 0 800000da f8d7a423 m f0041004   00000032  sw       x13, -0x78(x15)
#490 0 800000de fdc42783 r 0f         00000001  lw       x15, -0x24(x8)
#491 0 800000e2     0785 r 0f         00000002  c.addi   x15, 0x1
#492 0 800000e4 fcf42e23 m f004103c   00000002  sw       x15, -0x24(x8)
#493 0 800000e8 fdc42703 r 0e         00000002  lw       x14, -0x24(x8)
#494 0 800000ec f2842783 r 0f         00000005  lw       x15, -0xd8(x8)
#495 0 800000f0 f6f74ae3 r 00         00000000  blt      x14, x15, . - 0x8c
#496 0 80000064 fe042703 r 0e         00000002  lw       x14, -0x20(x8)
#497 0 80000068     87ba r 0f         00000002  c.mv     x15, x14
#498 0 8000006a     078a r 0f         00000008  c.slli   x15, 2
#499 0 8000006c     97ba r 0f         0000000a  c.add    x15, x14
#500 0 8000006e     078a r 0f         00000028  c.slli   x15, 2
#501 0 80000070     873e r 0e         00000028  c.mv     x14, x15
#502 0 80000072 f2c42783 r 0f         f0040000  lw       x15, -0xd4(x8)
#503 0 80000076     973e r 0e         f0040028  c.add    x14, x15
#504 0 80000078 fdc42783 r 0f         00000002  lw       x15, -0x24(x8)
#505 0 8000007c     078a r 0f         00000008  c.slli   x15, 2
#506 0 8000007e     97ba r 0f         f0040030  c.add    x15, x14
#507 0 80000080     439c r 0f         00000000  c.lw     x15, 0x0(x15)
#508 0 80000082     e395 r 00         00000000  c.bnez   x15, . + 0x24
#509 0 80000084 fe042703 r 0e         00000002  lw       x14, -0x20(x8)
#510 0 80000088     87ba r 0f         00000002  c.mv     x15, x14
#511 0 8000008a     078a r 0f         00000008  c.slli   x15, 2
#512 0 8000008c     97ba r 0f         0000000a  c.add    x15, x14
#513 0 8000008e fdc42703 r 0e         00000002  lw       x14, -0x24(x8)
#514 0 80000092     97ba r 0f         0000000c  c.add    x15, x14
#515 0 80000094     078a r 0f         00000030  c.slli   x15, 2
#516 0 80000096     17c1 r 0f         00000020  c.addi   x15, -0x10
#517 0 80000098     97a2 r 0f         f0041080  c.add    x15, x8
#518 0 8000009a     6709 r 0e         00002000  c.lui    x14, 0x2
#519 0 8000009c 70f70713 r 0e         0000270f  addi     x14, x14, 0x70f
#520 0 800000a0 f8e7a423 m f0041008   0000270f  sw       x14, -0x78(x15)
#521 0 800000a4     a82d r 00         00000000  c.j      . + 0x3a
#522 0 800000de fdc42783 r 0f         00000002  lw       x15, -0x24(x8)
#523 0 800000e2     0785 r 0f         00000003  c.addi   x15, 0x1
#524 0 800000e4 fcf42e23 m f004103c   00000003  sw       x15, -0x24(x8)
#525 0 800000e8 fdc42703 r 0e         00000003  lw       x14, -0x24(x8)
#526 0 800000ec f2842783 r 0f         00000005  lw       x15, -0xd8(x8)
#527 0 800000f0 f6f74ae3 r 00         00000000  blt      x14, x15, . - 0x8c
#528 0 80000064 fe042703 r 0e         00000002  lw       x14, -0x20(x8)
#529 0 80000068     87ba r 0f         00000002  c.mv     x15, x14
#530 0 8000006a     078a r 0f         00000008  c.slli   x15, 2
#531 0 8000006c     97ba r 0f         0000000a  c.add    x15, x14
#532 0 8000006e     078a r 0f         00000028  c.slli   x15, 2
#533 0 80000070     873e r 0e         00000028  c.mv     x14, x15
#534 0 80000072 f2c42783 r 0f         f0040000  lw       x15, -0xd4(x8)
#535 0 80000076     973e r 0e         f0040028  c.add    x14, x15
#536 0 80000078 fdc42783 r 0f         00000003  lw       x15, -0x24(x8)
#537 0 8000007c     078a r 0f         0000000c  c.slli   x15, 2
#538 0 8000007e     97ba r 0f         f0040034  c.add    x15, x14
#539 0 80000080     439c r 0f         00000014  c.lw     x15, 0x0(x15)
#540 0 80000082     e395 r 00         00000000  c.bnez   x15, . + 0x24
#541 0 800000a6 fe042703 r 0e         00000002  lw       x14, -0x20(x8)
#542 0 800000aa     87ba r 0f         00000002  c.mv     x15, x14
#543 0 800000ac     078a r 0f         00000008  c.slli   x15, 2
#544 0 800000ae     97ba r 0f         0000000a  c.add    x15, x14
#545 0 800000b0     078a r 0f         00000028  c.slli   x15, 2
#546 0 800000b2     873e r 0e         00000028  c.mv     x14, x15
#547 0 800000b4 f2c42783 r 0f         f0040000  lw       x15, -0xd4(x8)
#548 0 800000b8     973e r 0e         f0040028  c.add    x14, x15
#549 0 800000ba fdc42783 r 0f         00000003  lw       x15, -0x24(x8)
#550 0 800000be     078a r 0f         0000000c  c.slli   x15, 2
#551 0 800000c0     97ba r 0f         f0040034  c.add    x15, x14
#552 0 800000c2     4394 r 0d         00000014  c.lw     x13, 0x0(x15)
#553 0 800000c4 fe042703 r 0e         00000002  lw       x14, -0x20(x8)
#554 0 800000c8     87ba r 0f         00000002  c.mv     x15, x14
#555 0 800000ca     078a r 0f         00000008  c.slli   x15, 2
#556 0 800000cc     97ba r 0f         0000000a  c.add    x15, x14
#557 0 800000ce fdc42703 r 0e         00000003  lw       x14, -0x24(x8)
#558 0 800000d2     97ba r 0f         0000000d  c.add    x15, x14
#559 0 800000d4     078a r 0f         00000034  c.slli   x15, 2
#560 0 800000d6     17c1 r 0f         00000024  c.addi   x15, -0x10
#561 0 800000d8     97a2 r 0f         f0041084  c.add    x15, x8
#562 0 800000da f8d7a423 m f004100c   00000014  sw       x13, -0x78(x15)
#563 0 800000de fdc42783 r 0f         00000003  lw       x15, -0x24(x8)
#564 0 800000e2     0785 r 0f         00000004  c.addi   x15, 0x1
#565 0 800000e4 fcf42e23 m f004103c   00000004  sw       x15, -0x24(x8)
#566 0 800000e8 fdc42703 r 0e         00000004  lw       x14, -0x24(x8)
#567 0 800000ec f2842783 r 0f         00000005  lw       x15, -0xd8(x8)
#568 0 800000f0 f6f74ae3 r 00         00000000  blt      x14, x15, . - 0x8c
#569 0 80000064 fe042703 r 0e         00000002  lw       x14, -0x20(x8)
#570 0 80000068     87ba r 0f         00000002  c.mv     x15, x14
#571 0 8000006a     078a r 0f         00000008  c.slli   x15, 2
#572 0 8000006c     97ba r 0f         0000000a  c.add    x15, x14
#573 0 8000006e     078a r 0f         00000028  c.slli   x15, 2
#574 0 80000070     873e r 0e         00000028  c.mv     x14, x15
#575 0 80000072 f2c42783 r 0f         f0040000  lw       x15, -0xd4(x8)
#576 0 80000076     973e r 0e         f0040028  c.add    x14, x15
#577 0 80000078 fdc42783 r 0f         00000004  lw       x15, -0x24(x8)
#578 0 8000007c     078a r 0f         00000010  c.slli   x15, 2
#579 0 8000007e     97ba r 0f         f0040038  c.add    x15, x14
#580 0 80000080     439c r 0f         0000000a  c.lw     x15, 0x0(x15)
#581 0 80000082     e395 r 00         00000000  c.bnez   x15, . + 0x24
#582 0 800000a6 fe042703 r 0e         00000002  lw       x14, -0x20(x8)
#583 0 800000aa     87ba r 0f         00000002  c.mv     x15, x14
#584 0 800000ac     078a r 0f         00000008  c.slli   x15, 2
#585 0 800000ae     97ba r 0f         0000000a  c.add    x15, x14
#586 0 800000b0     078a r 0f         00000028  c.slli   x15, 2
#587 0 800000b2     873e r 0e         00000028  c.mv     x14, x15
#588 0 800000b4 f2c42783 r 0f         f0040000  lw       x15, -0xd4(x8)
#589 0 800000b8     973e r 0e         f0040028  c.add    x14, x15
#590 0 800000ba fdc42783 r 0f         00000004  lw       x15, -0x24(x8)
#591 0 800000be     078a r 0f         00000010  c.slli   x15, 2
#592 0 800000c0     97ba r 0f         f0040038  c.add    x15, x14
#593 0 800000c2     4394 r 0d         0000000a  c.lw     x13, 0x0(x15)
#594 0 800000c4 fe042703 r 0e         00000002  lw       x14, -0x20(x8)
#595 0 800000c8     87ba r 0f         00000002  c.mv     x15, x14
#596 0 800000ca     078a r 0f         00000008  c.slli   x15, 2
#597 0 800000cc     97ba r 0f         0000000a  c.add    x15, x14
#598 0 800000ce fdc42703 r 0e         00000004  lw       x14, -0x24(x8)
#599 0 800000d2     97ba r 0f         0000000e  c.add    x15, x14
#600 0 800000d4     078a r 0f         00000038  c.slli   x15, 2
#601 0 800000d6     17c1 r 0f         00000028  c.addi   x15, -0x10
#602 0 800000d8     97a2 r 0f         f0041088  c.add    x15, x8
#603 0 800000da f8d7a423 m f0041010   0000000a  sw       x13, -0x78(x15)
#604 0 800000de fdc42783 r 0f         00000004  lw       x15, -0x24(x8)
#605 0 800000e2     0785 r 0f         00000005  c.addi   x15, 0x1
#606 0 800000e4 fcf42e23 m f004103c   00000005  sw       x15, -0x24(x8)
#607 0 800000e8 fdc42703 r 0e         00000005  lw       x14, -0x24(x8)
#608 0 800000ec f2842783 r 0f         00000005  lw       x15, -0xd8(x8)
#609 0 800000f0 f6f74ae3 r 00         00000000  blt      x14, x15, . - 0x8c
#610 0 800000f4 fe042783 r 0f         00000002  lw       x15, -0x20(x8)
#611 0 800000f8     0785 r 0f         00000003  c.addi   x15, 0x1
#612 0 800000fa fef42023 m f0041040   00000003  sw       x15, -0x20(x8)
#613 0 800000fe fe042703 r 0e         00000003  lw       x14, -0x20(x8)
#614 0 80000102 f2842783 r 0f         00000005  lw       x15, -0xd8(x8)
#615 0 80000106 f4f74ce3 r 00         00000000  blt      x14, x15, . - 0xa8
#616 0 8000005e fc042e23 m f004103c   00000000  sw       x0, -0x24(x8)
#617 0 80000062     a059 r 00         00000000  c.j      . + 0x86
#618 0 800000e8 fdc42703 r 0e         00000000  lw       x14, -0x24(x8)
#619 0 800000ec f2842783 r 0f         00000005  lw       x15, -0xd8(x8)
#620 0 800000f0 f6f74ae3 r 00         00000000  blt      x14, x15, . - 0x8c
#621 0 80000064 fe042703 r 0e         00000003  lw       x14, -0x20(x8)
#622 0 80000068     87ba r 0f         00000003  c.mv     x15, x14
#623 0 8000006a     078a r 0f         0000000c  c.slli   x15, 2
#624 0 8000006c     97ba r 0f         0000000f  c.add    x15, x14
#625 0 8000006e     078a r 0f         0000003c  c.slli   x15, 2
#626 0 80000070     873e r 0e         0000003c  c.mv     x14, x15
#627 0 80000072 f2c42783 r 0f         f0040000  lw       x15, -0xd4(x8)
#628 0 80000076     973e r 0e         f004003c  c.add    x14, x15
#629 0 80000078 fdc42783 r 0f         00000000  lw       x15, -0x24(x8)
#630 0 8000007c     078a r 0f         00000000  c.slli   x15, 2
#631 0 8000007e     97ba r 0f         f004003c  c.add    x15, x14
#632 0 80000080     439c r 0f         0000001e  c.lw     x15, 0x0(x15)
#633 0 80000082     e395 r 00         00000000  c.bnez   x15, . + 0x24
#634 0 800000a6 fe042703 r 0e         00000003  lw       x14, -0x20(x8)
#635 0 800000aa     87ba r 0f         00000003  c.mv     x15, x14
#636 0 800000ac     078a r 0f         0000000c  c.slli   x15, 2
#637 0 800000ae     97ba r 0f         0000000f  c.add    x15, x14
#638 0 800000b0     078a r 0f         0000003c  c.slli   x15, 2
#639 0 800000b2     873e r 0e         0000003c  c.mv     x14, x15
#640 0 800000b4 f2c42783 r 0f         f0040000  lw       x15, -0xd4(x8)
#641 0 800000b8     973e r 0e         f004003c  c.add    x14, x15
#642 0 800000ba fdc42783 r 0f         00000000  lw       x15, -0x24(x8)
#643 0 800000be     078a r 0f         00000000  c.slli   x15, 2
#644 0 800000c0     97ba r 0f         f004003c  c.add    x15, x14
#645 0 800000c2     4394 r 0d         0000001e  c.lw     x13, 0x0(x15)
#646 0 800000c4 fe042703 r 0e         00000003  lw       x14, -0x20(x8)
#647 0 800000c8     87ba r 0f         00000003  c.mv     x15, x14
#648 0 800000ca     078a r 0f         0000000c  c.slli   x15, 2
#649 0 800000cc     97ba r 0f         0000000f  c.add    x15, x14
#650 0 800000ce fdc42703 r 0e         00000000  lw       x14, -0x24(x8)
#651 0 800000d2     97ba r 0f         0000000f  c.add    x15, x14
#652 0 800000d4     078a r 0f         0000003c  c.slli   x15, 2
#653 0 800000d6     17c1 r 0f         0000002c  c.addi   x15, -0x10
#654 0 800000d8     97a2 r 0f         f004108c  c.add    x15, x8
#655 0 800000da f8d7a423 m f0041014   0000001e  sw       x13, -0x78(x15)
#656 0 800000de fdc42783 r 0f         00000000  lw       x15, -0x24(x8)
#657 0 800000e2     0785 r 0f         00000001  c.addi   x15, 0x1
#658 0 800000e4 fcf42e23 m f004103c   00000001  sw       x15, -0x24(x8)
#659 0 800000e8 fdc42703 r 0e         00000001  lw       x14, -0x24(x8)
#660 0 800000ec f2842783 r 0f         00000005  lw       x15, -0xd8(x8)
#661 0 800000f0 f6f74ae3 r 00         00000000  blt      x14, x15, . - 0x8c
#662 0 80000064 fe042703 r 0e         00000003  lw       x14, -0x20(x8)
#663 0 80000068     87ba r 0f         00000003  c.mv     x15, x14
#664 0 8000006a     078a r 0f         0000000c  c.slli   x15, 2
#665 0 8000006c     97ba r 0f         0000000f  c.add    x15, x14
#666 0 8000006e     078a r 0f         0000003c  c.slli   x15, 2
#667 0 80000070     873e r 0e         0000003c  c.mv     x14, x15
#668 0 80000072 f2c42783 r 0f         f0040000  lw       x15, -0xd4(x8)
#669 0 80000076     973e r 0e         f004003c  c.add    x14, x15
#670 0 80000078 fdc42783 r 0f         00000001  lw       x15, -0x24(x8)
#671 0 8000007c     078a r 0f         00000004  c.slli   x15, 2
#672 0 8000007e     97ba r 0f         f0040040  c.add    x15, x14
#673 0 80000080     439c r 0f         00000000  c.lw     x15, 0x0(x15)
#674 0 80000082     e395 r 00         00000000  c.bnez   x15, . + 0x24
#675 0 80000084 fe042703 r 0e         00000003  lw       x14, -0x20(x8)
#676 0 80000088     87ba r 0f         00000003  c.mv     x15, x14
#677 0 8000008a     078a r 0f         0000000c  c.slli   x15, 2
#678 0 8000008c     97ba r 0f         0000000f  c.add    x15, x14
#679 0 8000008e fdc42703 r 0e         00000001  lw       x14, -0x24(x8)
#680 0 80000092     97ba r 0f         00000010  c.add    x15, x14
#681 0 80000094     078a r 0f         00000040  c.slli   x15, 2
#682 0 80000096     17c1 r 0f         00000030  c.addi   x15, -0x10
#683 0 80000098     97a2 r 0f         f0041090  c.add    x15, x8
#684 0 8000009a     6709 r 0e         00002000  c.lui    x14, 0x2
#685 0 8000009c 70f70713 r 0e         0000270f  addi     x14, x14, 0x70f
#686 0 800000a0 f8e7a423 m f0041018   0000270f  sw       x14, -0x78(x15)
#687 0 800000a4     a82d r 00         00000000  c.j      . + 0x3a
#688 0 800000de fdc42783 r 0f         00000001  lw       x15, -0x24(x8)
#689 0 800000e2     0785 r 0f         00000002  c.addi   x15, 0x1
#690 0 800000e4 fcf42e23 m f004103c   00000002  sw       x15, -0x24(x8)
#691 0 800000e8 fdc42703 r 0e         00000002  lw       x14, -0x24(x8)
#692 0 800000ec f2842783 r 0f         00000005  lw       x15, -0xd8(x8)
#693 0 800000f0 f6f74ae3 r 00         00000000  blt      x14, x15, . - 0x8c
#694 0 80000064 fe042703 r 0e         00000003  lw       x14, -0x20(x8)
#695 0 80000068     87ba r 0f         00000003  c.mv     x15, x14
#696 0 8000006a     078a r 0f         0000000c  c.slli   x15, 2
#697 0 8000006c     97ba r 0f         0000000f  c.add    x15, x14
#698 0 8000006e     078a r 0f         0000003c  c.slli   x15, 2
#699 0 80000070     873e r 0e         0000003c  c.mv     x14, x15
#700 0 80000072 f2c42783 r 0f         f0040000  lw       x15, -0xd4(x8)
#701 0 80000076     973e r 0e         f004003c  c.add    x14, x15
#702 0 80000078 fdc42783 r 0f         00000002  lw       x15, -0x24(x8)
#703 0 8000007c     078a r 0f         00000008  c.slli   x15, 2
#704 0 8000007e     97ba r 0f         f0040044  c.add    x15, x14
#705 0 80000080     439c r 0f         00000014  c.lw     x15, 0x0(x15)
#706 0 80000082     e395 r 00         00000000  c.bnez   x15, . + 0x24
#707 0 800000a6 fe042703 r 0e         00000003  lw       x14, -0x20(x8)
#708 0 800000aa     87ba r 0f         00000003  c.mv     x15, x14
#709 0 800000ac     078a r 0f         0000000c  c.slli   x15, 2
#710 0 800000ae     97ba r 0f         0000000f  c.add    x15, x14
#711 0 800000b0     078a r 0f         0000003c  c.slli   x15, 2
#712 0 800000b2     873e r 0e         0000003c  c.mv     x14, x15
#713 0 800000b4 f2c42783 r 0f         f0040000  lw       x15, -0xd4(x8)
#714 0 800000b8     973e r 0e         f004003c  c.add    x14, x15
#715 0 800000ba fdc42783 r 0f         00000002  lw       x15, -0x24(x8)
#716 0 800000be     078a r 0f         00000008  c.slli   x15, 2
#717 0 800000c0     97ba r 0f         f0040044  c.add    x15, x14
#718 0 800000c2     4394 r 0d         00000014  c.lw     x13, 0x0(x15)
#719 0 800000c4 fe042703 r 0e         00000003  lw       x14, -0x20(x8)
#720 0 800000c8     87ba r 0f         00000003  c.mv     x15, x14
#721 0 800000ca     078a r 0f         0000000c  c.slli   x15, 2
#722 0 800000cc     97ba r 0f         0000000f  c.add    x15, x14
#723 0 800000ce fdc42703 r 0e         00000002  lw       x14, -0x24(x8)
#724 0 800000d2     97ba r 0f         00000011  c.add    x15, x14
#725 0 800000d4     078a r 0f         00000044  c.slli   x15, 2
#726 0 800000d6     17c1 r 0f         00000034  c.addi   x15, -0x10
#727 0 800000d8     97a2 r 0f         f0041094  c.add    x15, x8
#728 0 800000da f8d7a423 m f004101c   00000014  sw       x13, -0x78(x15)
#729 0 800000de fdc42783 r 0f         00000002  lw       x15, -0x24(x8)
#730 0 800000e2     0785 r 0f         00000003  c.addi   x15, 0x1
#731 0 800000e4 fcf42e23 m f004103c   00000003  sw       x15, -0x24(x8)
#732 0 800000e8 fdc42703 r 0e         00000003  lw       x14, -0x24(x8)
#733 0 800000ec f2842783 r 0f         00000005  lw       x15, -0xd8(x8)
#734 0 800000f0 f6f74ae3 r 00         00000000  blt      x14, x15, . - 0x8c
#735 0 80000064 fe042703 r 0e         00000003  lw       x14, -0x20(x8)
#736 0 80000068     87ba r 0f         00000003  c.mv     x15, x14
#737 0 8000006a     078a r 0f         0000000c  c.slli   x15, 2
#738 0 8000006c     97ba r 0f         0000000f  c.add    x15, x14
#739 0 8000006e     078a r 0f         0000003c  c.slli   x15, 2
#740 0 80000070     873e r 0e         0000003c  c.mv     x14, x15
#741 0 80000072 f2c42783 r 0f         f0040000  lw       x15, -0xd4(x8)
#742 0 80000076     973e r 0e         f004003c  c.add    x14, x15
#743 0 80000078 fdc42783 r 0f         00000003  lw       x15, -0x24(x8)
#744 0 8000007c     078a r 0f         0000000c  c.slli   x15, 2
#745 0 8000007e     97ba r 0f         f0040048  c.add    x15, x14
#746 0 80000080     439c r 0f         00000000  c.lw     x15, 0x0(x15)
#747 0 80000082     e395 r 00         00000000  c.bnez   x15, . + 0x24
#748 0 80000084 fe042703 r 0e         00000003  lw       x14, -0x20(x8)
#749 0 80000088     87ba r 0f         00000003  c.mv     x15, x14
#750 0 8000008a     078a r 0f         0000000c  c.slli   x15, 2
#751 0 8000008c     97ba r 0f         0000000f  c.add    x15, x14
#752 0 8000008e fdc42703 r 0e         00000003  lw       x14, -0x24(x8)
#753 0 80000092     97ba r 0f         00000012  c.add    x15, x14
#754 0 80000094     078a r 0f         00000048  c.slli   x15, 2
#755 0 80000096     17c1 r 0f         00000038  c.addi   x15, -0x10
#756 0 80000098     97a2 r 0f         f0041098  c.add    x15, x8
#757 0 8000009a     6709 r 0e         00002000  c.lui    x14, 0x2
#758 0 8000009c 70f70713 r 0e         0000270f  addi     x14, x14, 0x70f
#759 0 800000a0 f8e7a423 m f0041020   0000270f  sw       x14, -0x78(x15)
#760 0 800000a4     a82d r 00         00000000  c.j      . + 0x3a
#761 0 800000de fdc42783 r 0f         00000003  lw       x15, -0x24(x8)
#762 0 800000e2     0785 r 0f         00000004  c.addi   x15, 0x1
#763 0 800000e4 fcf42e23 m f004103c   00000004  sw       x15, -0x24(x8)
#764 0 800000e8 fdc42703 r 0e         00000004  lw       x14, -0x24(x8)
#765 0 800000ec f2842783 r 0f         00000005  lw       x15, -0xd8(x8)
#766 0 800000f0 f6f74ae3 r 00         00000000  blt      x14, x15, . - 0x8c
#767 0 80000064 fe042703 r 0e         00000003  lw       x14, -0x20(x8)
#768 0 80000068     87ba r 0f         00000003  c.mv     x15, x14
#769 0 8000006a     078a r 0f         0000000c  c.slli   x15, 2
#770 0 8000006c     97ba r 0f         0000000f  c.add    x15, x14
#771 0 8000006e     078a r 0f         0000003c  c.slli   x15, 2
#772 0 80000070     873e r 0e         0000003c  c.mv     x14, x15
#773 0 80000072 f2c42783 r 0f         f0040000  lw       x15, -0xd4(x8)
#774 0 80000076     973e r 0e         f004003c  c.add    x14, x15
#775 0 80000078 fdc42783 r 0f         00000004  lw       x15, -0x24(x8)
#776 0 8000007c     078a r 0f         00000010  c.slli   x15, 2
#777 0 8000007e     97ba r 0f         f004004c  c.add    x15, x14
#778 0 80000080     439c r 0f         0000003c  c.lw     x15, 0x0(x15)
#779 0 80000082     e395 r 00         00000000  c.bnez   x15, . + 0x24
#780 0 800000a6 fe042703 r 0e         00000003  lw       x14, -0x20(x8)
#781 0 800000aa     87ba r 0f         00000003  c.mv     x15, x14
#782 0 800000ac     078a r 0f         0000000c  c.slli   x15, 2
#783 0 800000ae     97ba r 0f         0000000f  c.add    x15, x14
#784 0 800000b0     078a r 0f         0000003c  c.slli   x15, 2
#785 0 800000b2     873e r 0e         0000003c  c.mv     x14, x15
#786 0 800000b4 f2c42783 r 0f         f0040000  lw       x15, -0xd4(x8)
#787 0 800000b8     973e r 0e         f004003c  c.add    x14, x15
#788 0 800000ba fdc42783 r 0f         00000004  lw       x15, -0x24(x8)
#789 0 800000be     078a r 0f         00000010  c.slli   x15, 2
#790 0 800000c0     97ba r 0f         f004004c  c.add    x15, x14
#791 0 800000c2     4394 r 0d         0000003c  c.lw     x13, 0x0(x15)
#792 0 800000c4 fe042703 r 0e         00000003  lw       x14, -0x20(x8)
#793 0 800000c8     87ba r 0f         00000003  c.mv     x15, x14
#794 0 800000ca     078a r 0f         0000000c  c.slli   x15, 2
#795 0 800000cc     97ba r 0f         0000000f  c.add    x15, x14
#796 0 800000ce fdc42703 r 0e         00000004  lw       x14, -0x24(x8)
#797 0 800000d2     97ba r 0f         00000013  c.add    x15, x14
#798 0 800000d4     078a r 0f         0000004c  c.slli   x15, 2
#799 0 800000d6     17c1 r 0f         0000003c  c.addi   x15, -0x10
#800 0 800000d8     97a2 r 0f         f004109c  c.add    x15, x8
#801 0 800000da f8d7a423 m f0041024   0000003c  sw       x13, -0x78(x15)
#802 0 800000de fdc42783 r 0f         00000004  lw       x15, -0x24(x8)
#803 0 800000e2     0785 r 0f         00000005  c.addi   x15, 0x1
#804 0 800000e4 fcf42e23 m f004103c   00000005  sw       x15, -0x24(x8)
#805 0 800000e8 fdc42703 r 0e         00000005  lw       x14, -0x24(x8)
#806 0 800000ec f2842783 r 0f         00000005  lw       x15, -0xd8(x8)
#807 0 800000f0 f6f74ae3 r 00         00000000  blt      x14, x15, . - 0x8c
#808 0 800000f4 fe042783 r 0f         00000003  lw       x15, -0x20(x8)
#809 0 800000f8     0785 r 0f         00000004  c.addi   x15, 0x1
#810 0 800000fa fef42023 m f0041040   00000004  sw       x15, -0x20(x8)
#811 0 800000fe fe042703 r 0e         00000004  lw       x14, -0x20(x8)
#812 0 80000102 f2842783 r 0f         00000005  lw       x15, -0xd8(x8)
#813 0 80000106 f4f74ce3 r 00         00000000  blt      x14, x15, . - 0xa8
#814 0 8000005e fc042e23 m f004103c   00000000  sw       x0, -0x24(x8)
#815 0 80000062     a059 r 00         00000000  c.j      . + 0x86
#816 0 800000e8 fdc42703 r 0e         00000000  lw       x14, -0x24(x8)
#817 0 800000ec f2842783 r 0f         00000005  lw       x15, -0xd8(x8)
#818 0 800000f0 f6f74ae3 r 00         00000000  blt      x14, x15, . - 0x8c
#819 0 80000064 fe042703 r 0e         00000004  lw       x14, -0x20(x8)
#820 0 80000068     87ba r 0f         00000004  c.mv     x15, x14
#821 0 8000006a     078a r 0f         00000010  c.slli   x15, 2
#822 0 8000006c     97ba r 0f         00000014  c.add    x15, x14
#823 0 8000006e     078a r 0f         00000050  c.slli   x15, 2
#824 0 80000070     873e r 0e         00000050  c.mv     x14, x15
#825 0 80000072 f2c42783 r 0f         f0040000  lw       x15, -0xd4(x8)
#826 0 80000076     973e r 0e         f0040050  c.add    x14, x15
#827 0 80000078 fdc42783 r 0f         00000000  lw       x15, -0x24(x8)
#828 0 8000007c     078a r 0f         00000000  c.slli   x15, 2
#829 0 8000007e     97ba r 0f         f0040050  c.add    x15, x14
#830 0 80000080     439c r 0f         00000064  c.lw     x15, 0x0(x15)
#831 0 80000082     e395 r 00         00000000  c.bnez   x15, . + 0x24
#832 0 800000a6 fe042703 r 0e         00000004  lw       x14, -0x20(x8)
#833 0 800000aa     87ba r 0f         00000004  c.mv     x15, x14
#834 0 800000ac     078a r 0f         00000010  c.slli   x15, 2
#835 0 800000ae     97ba r 0f         00000014  c.add    x15, x14
#836 0 800000b0     078a r 0f         00000050  c.slli   x15, 2
#837 0 800000b2     873e r 0e         00000050  c.mv     x14, x15
#838 0 800000b4 f2c42783 r 0f         f0040000  lw       x15, -0xd4(x8)
#839 0 800000b8     973e r 0e         f0040050  c.add    x14, x15
#840 0 800000ba fdc42783 r 0f         00000000  lw       x15, -0x24(x8)
#841 0 800000be     078a r 0f         00000000  c.slli   x15, 2
#842 0 800000c0     97ba r 0f         f0040050  c.add    x15, x14
#843 0 800000c2     4394 r 0d         00000064  c.lw     x13, 0x0(x15)
#844 0 800000c4 fe042703 r 0e         00000004  lw       x14, -0x20(x8)
#845 0 800000c8     87ba r 0f         00000004  c.mv     x15, x14
#846 0 800000ca     078a r 0f         00000010  c.slli   x15, 2
#847 0 800000cc     97ba r 0f         00000014  c.add    x15, x14
#848 0 800000ce fdc42703 r 0e         00000000  lw       x14, -0x24(x8)
#849 0 800000d2     97ba r 0f         00000014  c.add    x15, x14
#850 0 800000d4     078a r 0f         00000050  c.slli   x15, 2
#851 0 800000d6     17c1 r 0f         00000040  c.addi   x15, -0x10
#852 0 800000d8     97a2 r 0f         f00410a0  c.add    x15, x8
#853 0 800000da f8d7a423 m f0041028   00000064  sw       x13, -0x78(x15)
#854 0 800000de fdc42783 r 0f         00000000  lw       x15, -0x24(x8)
#855 0 800000e2     0785 r 0f         00000001  c.addi   x15, 0x1
#856 0 800000e4 fcf42e23 m f004103c   00000001  sw       x15, -0x24(x8)
#857 0 800000e8 fdc42703 r 0e         00000001  lw       x14, -0x24(x8)
#858 0 800000ec f2842783 r 0f         00000005  lw       x15, -0xd8(x8)
#859 0 800000f0 f6f74ae3 r 00         00000000  blt      x14, x15, . - 0x8c
#860 0 80000064 fe042703 r 0e         00000004  lw       x14, -0x20(x8)
#861 0 80000068     87ba r 0f         00000004  c.mv     x15, x14
#862 0 8000006a     078a r 0f         00000010  c.slli   x15, 2
#863 0 8000006c     97ba r 0f         00000014  c.add    x15, x14
#864 0 8000006e     078a r 0f         00000050  c.slli   x15, 2
#865 0 80000070     873e r 0e         00000050  c.mv     x14, x15
#866 0 80000072 f2c42783 r 0f         f0040000  lw       x15, -0xd4(x8)
#867 0 80000076     973e r 0e         f0040050  c.add    x14, x15
#868 0 80000078 fdc42783 r 0f         00000001  lw       x15, -0x24(x8)
#869 0 8000007c     078a r 0f         00000004  c.slli   x15, 2
#870 0 8000007e     97ba r 0f         f0040054  c.add    x15, x14
#871 0 80000080     439c r 0f         00000000  c.lw     x15, 0x0(x15)
#872 0 80000082     e395 r 00         00000000  c.bnez   x15, . + 0x24
#873 0 80000084 fe042703 r 0e         00000004  lw       x14, -0x20(x8)
#874 0 80000088     87ba r 0f         00000004  c.mv     x15, x14
#875 0 8000008a     078a r 0f         00000010  c.slli   x15, 2
#876 0 8000008c     97ba r 0f         00000014  c.add    x15, x14
#877 0 8000008e fdc42703 r 0e         00000001  lw       x14, -0x24(x8)
#878 0 80000092     97ba r 0f         00000015  c.add    x15, x14
#879 0 80000094     078a r 0f         00000054  c.slli   x15, 2
#880 0 80000096     17c1 r 0f         00000044  c.addi   x15, -0x10
#881 0 80000098     97a2 r 0f         f00410a4  c.add    x15, x8
#882 0 8000009a     6709 r 0e         00002000  c.lui    x14, 0x2
#883 0 8000009c 70f70713 r 0e         0000270f  addi     x14, x14, 0x70f
#884 0 800000a0 f8e7a423 m f004102c   0000270f  sw       x14, -0x78(x15)
#885 0 800000a4     a82d r 00         00000000  c.j      . + 0x3a
#886 0 800000de fdc42783 r 0f         00000001  lw       x15, -0x24(x8)
#887 0 800000e2     0785 r 0f         00000002  c.addi   x15, 0x1
#888 0 800000e4 fcf42e23 m f004103c   00000002  sw       x15, -0x24(x8)
#889 0 800000e8 fdc42703 r 0e         00000002  lw       x14, -0x24(x8)
#890 0 800000ec f2842783 r 0f         00000005  lw       x15, -0xd8(x8)
#891 0 800000f0 f6f74ae3 r 00         00000000  blt      x14, x15, . - 0x8c
#892 0 80000064 fe042703 r 0e         00000004  lw       x14, -0x20(x8)
#893 0 80000068     87ba r 0f         00000004  c.mv     x15, x14
#894 0 8000006a     078a r 0f         00000010  c.slli   x15, 2
#895 0 8000006c     97ba r 0f         00000014  c.add    x15, x14
#896 0 8000006e     078a r 0f         00000050  c.slli   x15, 2
#897 0 80000070     873e r 0e         00000050  c.mv     x14, x15
#898 0 80000072 f2c42783 r 0f         f0040000  lw       x15, -0xd4(x8)
#899 0 80000076     973e r 0e         f0040050  c.add    x14, x15
#900 0 80000078 fdc42783 r 0f         00000002  lw       x15, -0x24(x8)
#901 0 8000007c     078a r 0f         00000008  c.slli   x15, 2
#902 0 8000007e     97ba r 0f         f0040058  c.add    x15, x14
#903 0 80000080     439c r 0f         0000000a  c.lw     x15, 0x0(x15)
#904 0 80000082     e395 r 00         00000000  c.bnez   x15, . + 0x24
#905 0 800000a6 fe042703 r 0e         00000004  lw       x14, -0x20(x8)
#906 0 800000aa     87ba r 0f         00000004  c.mv     x15, x14
#907 0 800000ac     078a r 0f         00000010  c.slli   x15, 2
#908 0 800000ae     97ba r 0f         00000014  c.add    x15, x14
#909 0 800000b0     078a r 0f         00000050  c.slli   x15, 2
#910 0 800000b2     873e r 0e         00000050  c.mv     x14, x15
#911 0 800000b4 f2c42783 r 0f         f0040000  lw       x15, -0xd4(x8)
#912 0 800000b8     973e r 0e         f0040050  c.add    x14, x15
#913 0 800000ba fdc42783 r 0f         00000002  lw       x15, -0x24(x8)
#914 0 800000be     078a r 0f         00000008  c.slli   x15, 2
#915 0 800000c0     97ba r 0f         f0040058  c.add    x15, x14
#916 0 800000c2     4394 r 0d         0000000a  c.lw     x13, 0x0(x15)
#917 0 800000c4 fe042703 r 0e         00000004  lw       x14, -0x20(x8)
#918 0 800000c8     87ba r 0f         00000004  c.mv     x15, x14
#919 0 800000ca     078a r 0f         00000010  c.slli   x15, 2
#920 0 800000cc     97ba r 0f         00000014  c.add    x15, x14
#921 0 800000ce fdc42703 r 0e         00000002  lw       x14, -0x24(x8)
#922 0 800000d2     97ba r 0f         00000016  c.add    x15, x14
#923 0 800000d4     078a r 0f         00000058  c.slli   x15, 2
#924 0 800000d6     17c1 r 0f         00000048  c.addi   x15, -0x10
#925 0 800000d8     97a2 r 0f         f00410a8  c.add    x15, x8
#926 0 800000da f8d7a423 m f0041030   0000000a  sw       x13, -0x78(x15)
#927 0 800000de fdc42783 r 0f         00000002  lw       x15, -0x24(x8)
#928 0 800000e2     0785 r 0f         00000003  c.addi   x15, 0x1
#929 0 800000e4 fcf42e23 m f004103c   00000003  sw       x15, -0x24(x8)
#930 0 800000e8 fdc42703 r 0e         00000003  lw       x14, -0x24(x8)
#931 0 800000ec f2842783 r 0f         00000005  lw       x15, -0xd8(x8)
#932 0 800000f0 f6f74ae3 r 00         00000000  blt      x14, x15, . - 0x8c
#933 0 80000064 fe042703 r 0e         00000004  lw       x14, -0x20(x8)
#934 0 80000068     87ba r 0f         00000004  c.mv     x15, x14
#935 0 8000006a     078a r 0f         00000010  c.slli   x15, 2
#936 0 8000006c     97ba r 0f         00000014  c.add    x15, x14
#937 0 8000006e     078a r 0f         00000050  c.slli   x15, 2
#938 0 80000070     873e r 0e         00000050  c.mv     x14, x15
#939 0 80000072 f2c42783 r 0f         f0040000  lw       x15, -0xd4(x8)
#940 0 80000076     973e r 0e         f0040050  c.add    x14, x15
#941 0 80000078 fdc42783 r 0f         00000003  lw       x15, -0x24(x8)
#942 0 8000007c     078a r 0f         0000000c  c.slli   x15, 2
#943 0 8000007e     97ba r 0f         f004005c  c.add    x15, x14
#944 0 80000080     439c r 0f         0000003c  c.lw     x15, 0x0(x15)
#945 0 80000082     e395 r 00         00000000  c.bnez   x15, . + 0x24
#946 0 800000a6 fe042703 r 0e         00000004  lw       x14, -0x20(x8)
#947 0 800000aa     87ba r 0f         00000004  c.mv     x15, x14
#948 0 800000ac     078a r 0f         00000010  c.slli   x15, 2
#949 0 800000ae     97ba r 0f         00000014  c.add    x15, x14
#950 0 800000b0     078a r 0f         00000050  c.slli   x15, 2
#951 0 800000b2     873e r 0e         00000050  c.mv     x14, x15
#952 0 800000b4 f2c42783 r 0f         f0040000  lw       x15, -0xd4(x8)
#953 0 800000b8     973e r 0e         f0040050  c.add    x14, x15
#954 0 800000ba fdc42783 r 0f         00000003  lw       x15, -0x24(x8)
#955 0 800000be     078a r 0f         0000000c  c.slli   x15, 2
#956 0 800000c0     97ba r 0f         f004005c  c.add    x15, x14
#957 0 800000c2     4394 r 0d         0000003c  c.lw     x13, 0x0(x15)
#958 0 800000c4 fe042703 r 0e         00000004  lw       x14, -0x20(x8)
#959 0 800000c8     87ba r 0f         00000004  c.mv     x15, x14
#960 0 800000ca     078a r 0f         00000010  c.slli   x15, 2
#961 0 800000cc     97ba r 0f         00000014  c.add    x15, x14
#962 0 800000ce fdc42703 r 0e         00000003  lw       x14, -0x24(x8)
#963 0 800000d2     97ba r 0f         00000017  c.add    x15, x14
#964 0 800000d4     078a r 0f         0000005c  c.slli   x15, 2
#965 0 800000d6     17c1 r 0f         0000004c  c.addi   x15, -0x10
#966 0 800000d8     97a2 r 0f         f00410ac  c.add    x15, x8
#967 0 800000da f8d7a423 m f0041034   0000003c  sw       x13, -0x78(x15)
#968 0 800000de fdc42783 r 0f         00000003  lw       x15, -0x24(x8)
#969 0 800000e2     0785 r 0f         00000004  c.addi   x15, 0x1
#970 0 800000e4 fcf42e23 m f004103c   00000004  sw       x15, -0x24(x8)
#971 0 800000e8 fdc42703 r 0e         00000004  lw       x14, -0x24(x8)
#972 0 800000ec f2842783 r 0f         00000005  lw       x15, -0xd8(x8)
#973 0 800000f0 f6f74ae3 r 00         00000000  blt      x14, x15, . - 0x8c
#974 0 80000064 fe042703 r 0e         00000004  lw       x14, -0x20(x8)
#975 0 80000068     87ba r 0f         00000004  c.mv     x15, x14
#976 0 8000006a     078a r 0f         00000010  c.slli   x15, 2
#977 0 8000006c     97ba r 0f         00000014  c.add    x15, x14
#978 0 8000006e     078a r 0f         00000050  c.slli   x15, 2
#979 0 80000070     873e r 0e         00000050  c.mv     x14, x15
#980 0 80000072 f2c42783 r 0f         f0040000  lw       x15, -0xd4(x8)
#981 0 80000076     973e r 0e         f0040050  c.add    x14, x15
#982 0 80000078 fdc42783 r 0f         00000004  lw       x15, -0x24(x8)
#983 0 8000007c     078a r 0f         00000010  c.slli   x15, 2
#984 0 8000007e     97ba r 0f         f0040060  c.add    x15, x14
#985 0 80000080     439c r 0f         00000000  c.lw     x15, 0x0(x15)
#986 0 80000082     e395 r 00         00000000  c.bnez   x15, . + 0x24
#987 0 80000084 fe042703 r 0e         00000004  lw       x14, -0x20(x8)
#988 0 80000088     87ba r 0f         00000004  c.mv     x15, x14
#989 0 8000008a     078a r 0f         00000010  c.slli   x15, 2
#990 0 8000008c     97ba r 0f         00000014  c.add    x15, x14
#991 0 8000008e fdc42703 r 0e         00000004  lw       x14, -0x24(x8)
#992 0 80000092     97ba r 0f         00000018  c.add    x15, x14
#993 0 80000094     078a r 0f         00000060  c.slli   x15, 2
#994 0 80000096     17c1 r 0f         00000050  c.addi   x15, -0x10
#995 0 80000098     97a2 r 0f         f00410b0  c.add    x15, x8
#996 0 8000009a     6709 r 0e         00002000  c.lui    x14, 0x2
#997 0 8000009c 70f70713 r 0e         0000270f  addi     x14, x14, 0x70f
#998 0 800000a0 f8e7a423 m f0041038   0000270f  sw       x14, -0x78(x15)
#999 0 800000a4     a82d r 00         00000000  c.j      . + 0x3a
#1000 0 800000de fdc42783 r 0f         00000004  lw       x15, -0x24(x8)
#1001 0 800000e2     0785 r 0f         00000005  c.addi   x15, 0x1
#1002 0 800000e4 fcf42e23 m f004103c   00000005  sw       x15, -0x24(x8)
#1003 0 800000e8 fdc42703 r 0e         00000005  lw       x14, -0x24(x8)
#1004 0 800000ec f2842783 r 0f         00000005  lw       x15, -0xd8(x8)
#1005 0 800000f0 f6f74ae3 r 00         00000000  blt      x14, x15, . - 0x8c
#1006 0 800000f4 fe042783 r 0f         00000004  lw       x15, -0x20(x8)
#1007 0 800000f8     0785 r 0f         00000005  c.addi   x15, 0x1
#1008 0 800000fa fef42023 m f0041040   00000005  sw       x15, -0x20(x8)
#1009 0 800000fe fe042703 r 0e         00000005  lw       x14, -0x20(x8)
#1010 0 80000102 f2842783 r 0f         00000005  lw       x15, -0xd8(x8)
#1011 0 80000106 f4f74ce3 r 00         00000000  blt      x14, x15, . - 0xa8
#1012 0 8000010a fe042023 m f0041040   00000000  sw       x0, -0x20(x8)
#1013 0 8000010e     a891 r 00         00000000  c.j      . + 0x54
#1014 0 80000162 fe042703 r 0e         00000000  lw       x14, -0x20(x8)
#1015 0 80000166 f2842783 r 0f         00000005  lw       x15, -0xd8(x8)
#1016 0 8000016a faf743e3 r 00         00000000  blt      x14, x15, . - 0x5a
#1017 0 80000110 f2442703 r 0e         00000000  lw       x14, -0xdc(x8)
#1018 0 80000114     87ba r 0f         00000000  c.mv     x15, x14
#1019 0 80000116     078a r 0f         00000000  c.slli   x15, 2
#1020 0 80000118     97ba r 0f         00000000  c.add    x15, x14
#1021 0 8000011a fe042703 r 0e         00000000  lw       x14, -0x20(x8)
#1022 0 8000011e     97ba r 0f         00000000  c.add    x15, x14
#1023 0 80000120     078a r 0f         00000000  c.slli   x15, 2
#1024 0 80000122     17c1 r 0f         fffffff0  c.addi   x15, -0x10
#1025 0 80000124     97a2 r 0f         f0041050  c.add    x15, x8
#1026 0 80000126 f887a703 r 0e         0000270f  lw       x14, -0x78(x15)
#1027 0 8000012a fe042783 r 0f         00000000  lw       x15, -0x20(x8)
#1028 0 8000012e     078a r 0f         00000000  c.slli   x15, 2
#1029 0 80000130     17c1 r 0f         fffffff0  c.addi   x15, -0x10
#1030 0 80000132     97a2 r 0f         f0041050  c.add    x15, x8
#1031 0 80000134 f6e7aa23 m f0040fc4   0000270f  sw       x14, -0x8c(x15)
#1032 0 80000138 fe042783 r 0f         00000000  lw       x15, -0x20(x8)
#1033 0 8000013c     078a r 0f         00000000  c.slli   x15, 2
#1034 0 8000013e     17c1 r 0f         fffffff0  c.addi   x15, -0x10
#1035 0 80000140     97a2 r 0f         f0041050  c.add    x15, x8
#1036 0 80000142 f2442703 r 0e         00000000  lw       x14, -0xdc(x8)
#1037 0 80000146 f6e7a023 m f0040fb0   00000000  sw       x14, -0xa0(x15)
#1038 0 8000014a fe042783 r 0f         00000000  lw       x15, -0x20(x8)
#1039 0 8000014e     078a r 0f         00000000  c.slli   x15, 2
#1040 0 80000150     17c1 r 0f         fffffff0  c.addi   x15, -0x10
#1041 0 80000152     97a2 r 0f         f0041050  c.add    x15, x8
#1042 0 80000154 f407a623 m f0040f9c   00000000  sw       x0, -0xb4(x15)
#1043 0 80000158 fe042783 r 0f         00000000  lw       x15, -0x20(x8)
#1044 0 8000015c     0785 r 0f         00000001  c.addi   x15, 0x1
#1045 0 8000015e fef42023 m f0041040   00000001  sw       x15, -0x20(x8)
#1046 0 80000162 fe042703 r 0e         00000001  lw       x14, -0x20(x8)
#1047 0 80000166 f2842783 r 0f         00000005  lw       x15, -0xd8(x8)
#1048 0 8000016a faf743e3 r 00         00000000  blt      x14, x15, . - 0x5a
#1049 0 80000110 f2442703 r 0e         00000000  lw       x14, -0xdc(x8)
#1050 0 80000114     87ba r 0f         00000000  c.mv     x15, x14
#1051 0 80000116     078a r 0f         00000000  c.slli   x15, 2
#1052 0 80000118     97ba r 0f         00000000  c.add    x15, x14
#1053 0 8000011a fe042703 r 0e         00000001  lw       x14, -0x20(x8)
#1054 0 8000011e     97ba r 0f         00000001  c.add    x15, x14
#1055 0 80000120     078a r 0f         00000004  c.slli   x15, 2
#1056 0 80000122     17c1 r 0f         fffffff4  c.addi   x15, -0x10
#1057 0 80000124     97a2 r 0f         f0041054  c.add    x15, x8
#1058 0 80000126 f887a703 r 0e         0000000a  lw       x14, -0x78(x15)
#1059 0 8000012a fe042783 r 0f         00000001  lw       x15, -0x20(x8)
#1060 0 8000012e     078a r 0f         00000004  c.slli   x15, 2
#1061 0 80000130     17c1 r 0f         fffffff4  c.addi   x15, -0x10
#1062 0 80000132     97a2 r 0f         f0041054  c.add    x15, x8
#1063 0 80000134 f6e7aa23 m f0040fc8   0000000a  sw       x14, -0x8c(x15)
#1064 0 80000138 fe042783 r 0f         00000001  lw       x15, -0x20(x8)
#1065 0 8000013c     078a r 0f         00000004  c.slli   x15, 2
#1066 0 8000013e     17c1 r 0f         fffffff4  c.addi   x15, -0x10
#1067 0 80000140     97a2 r 0f         f0041054  c.add    x15, x8
#1068 0 80000142 f2442703 r 0e         00000000  lw       x14, -0xdc(x8)
#1069 0 80000146 f6e7a023 m f0040fb4   00000000  sw       x14, -0xa0(x15)
#1070 0 8000014a fe042783 r 0f         00000001  lw       x15, -0x20(x8)
#1071 0 8000014e     078a r 0f         00000004  c.slli   x15, 2
#1072 0 80000150     17c1 r 0f         fffffff4  c.addi   x15, -0x10
#1073 0 80000152     97a2 r 0f         f0041054  c.add    x15, x8
#1074 0 80000154 f407a623 m f0040fa0   00000000  sw       x0, -0xb4(x15)
#1075 0 80000158 fe042783 r 0f         00000001  lw       x15, -0x20(x8)
#1076 0 8000015c     0785 r 0f         00000002  c.addi   x15, 0x1
#1077 0 8000015e fef42023 m f0041040   00000002  sw       x15, -0x20(x8)
#1078 0 80000162 fe042703 r 0e         00000002  lw       x14, -0x20(x8)
#1079 0 80000166 f2842783 r 0f         00000005  lw       x15, -0xd8(x8)
#1080 0 8000016a faf743e3 r 00         00000000  blt      x14, x15, . - 0x5a
#1081 0 80000110 f2442703 r 0e         00000000  lw       x14, -0xdc(x8)
#1082 0 80000114     87ba r 0f         00000000  c.mv     x15, x14
#1083 0 80000116     078a r 0f         00000000  c.slli   x15, 2
#1084 0 80000118     97ba r 0f         00000000  c.add    x15, x14
#1085 0 8000011a fe042703 r 0e         00000002  lw       x14, -0x20(x8)
#1086 0 8000011e     97ba r 0f         00000002  c.add    x15, x14
#1087 0 80000120     078a r 0f         00000008  c.slli   x15, 2
#1088 0 80000122     17c1 r 0f         fffffff8  c.addi   x15, -0x10
#1089 0 80000124     97a2 r 0f         f0041058  c.add    x15, x8
#1090 0 80000126 f887a703 r 0e         0000270f  lw       x14, -0x78(x15)
#1091 0 8000012a fe042783 r 0f         00000002  lw       x15, -0x20(x8)
#1092 0 8000012e     078a r 0f         00000008  c.slli   x15, 2
#1093 0 80000130     17c1 r 0f         fffffff8  c.addi   x15, -0x10
#1094 0 80000132     97a2 r 0f         f0041058  c.add    x15, x8
#1095 0 80000134 f6e7aa23 m f0040fcc   0000270f  sw       x14, -0x8c(x15)
#1096 0 80000138 fe042783 r 0f         00000002  lw       x15, -0x20(x8)
#1097 0 8000013c     078a r 0f         00000008  c.slli   x15, 2
#1098 0 8000013e     17c1 r 0f         fffffff8  c.addi   x15, -0x10
#1099 0 80000140     97a2 r 0f         f0041058  c.add    x15, x8
#1100 0 80000142 f2442703 r 0e         00000000  lw       x14, -0xdc(x8)
#1101 0 80000146 f6e7a023 m f0040fb8   00000000  sw       x14, -0xa0(x15)
#1102 0 8000014a fe042783 r 0f         00000002  lw       x15, -0x20(x8)
#1103 0 8000014e     078a r 0f         00000008  c.slli   x15, 2
#1104 0 80000150     17c1 r 0f         fffffff8  c.addi   x15, -0x10
#1105 0 80000152     97a2 r 0f         f0041058  c.add    x15, x8
#1106 0 80000154 f407a623 m f0040fa4   00000000  sw       x0, -0xb4(x15)
#1107 0 80000158 fe042783 r 0f         00000002  lw       x15, -0x20(x8)
#1108 0 8000015c     0785 r 0f         00000003  c.addi   x15, 0x1
#1109 0 8000015e fef42023 m f0041040   00000003  sw       x15, -0x20(x8)
#1110 0 80000162 fe042703 r 0e         00000003  lw       x14, -0x20(x8)
#1111 0 80000166 f2842783 r 0f         00000005  lw       x15, -0xd8(x8)
#1112 0 8000016a faf743e3 r 00         00000000  blt      x14, x15, . - 0x5a
#1113 0 80000110 f2442703 r 0e         00000000  lw       x14, -0xdc(x8)
#1114 0 80000114     87ba r 0f         00000000  c.mv     x15, x14
#1115 0 80000116     078a r 0f         00000000  c.slli   x15, 2
#1116 0 80000118     97ba r 0f         00000000  c.add    x15, x14
#1117 0 8000011a fe042703 r 0e         00000003  lw       x14, -0x20(x8)
#1118 0 8000011e     97ba r 0f         00000003  c.add    x15, x14
#1119 0 80000120     078a r 0f         0000000c  c.slli   x15, 2
#1120 0 80000122     17c1 r 0f         fffffffc  c.addi   x15, -0x10
#1121 0 80000124     97a2 r 0f         f004105c  c.add    x15, x8
#1122 0 80000126 f887a703 r 0e         0000001e  lw       x14, -0x78(x15)
#1123 0 8000012a fe042783 r 0f         00000003  lw       x15, -0x20(x8)
#1124 0 8000012e     078a r 0f         0000000c  c.slli   x15, 2
#1125 0 80000130     17c1 r 0f         fffffffc  c.addi   x15, -0x10
#1126 0 80000132     97a2 r 0f         f004105c  c.add    x15, x8
#1127 0 80000134 f6e7aa23 m f0040fd0   0000001e  sw       x14, -0x8c(x15)
#1128 0 80000138 fe042783 r 0f         00000003  lw       x15, -0x20(x8)
#1129 0 8000013c     078a r 0f         0000000c  c.slli   x15, 2
#1130 0 8000013e     17c1 r 0f         fffffffc  c.addi   x15, -0x10
#1131 0 80000140     97a2 r 0f         f004105c  c.add    x15, x8
#1132 0 80000142 f2442703 r 0e         00000000  lw       x14, -0xdc(x8)
#1133 0 80000146 f6e7a023 m f0040fbc   00000000  sw       x14, -0xa0(x15)
#1134 0 8000014a fe042783 r 0f         00000003  lw       x15, -0x20(x8)
#1135 0 8000014e     078a r 0f         0000000c  c.slli   x15, 2
#1136 0 80000150     17c1 r 0f         fffffffc  c.addi   x15, -0x10
#1137 0 80000152     97a2 r 0f         f004105c  c.add    x15, x8
#1138 0 80000154 f407a623 m f0040fa8   00000000  sw       x0, -0xb4(x15)
#1139 0 80000158 fe042783 r 0f         00000003  lw       x15, -0x20(x8)
#1140 0 8000015c     0785 r 0f         00000004  c.addi   x15, 0x1
#1141 0 8000015e fef42023 m f0041040   00000004  sw       x15, -0x20(x8)
#1142 0 80000162 fe042703 r 0e         00000004  lw       x14, -0x20(x8)
#1143 0 80000166 f2842783 r 0f         00000005  lw       x15, -0xd8(x8)
#1144 0 8000016a faf743e3 r 00         00000000  blt      x14, x15, . - 0x5a
#1145 0 80000110 f2442703 r 0e         00000000  lw       x14, -0xdc(x8)
#1146 0 80000114     87ba r 0f         00000000  c.mv     x15, x14
#1147 0 80000116     078a r 0f         00000000  c.slli   x15, 2
#1148 0 80000118     97ba r 0f         00000000  c.add    x15, x14
#1149 0 8000011a fe042703 r 0e         00000004  lw       x14, -0x20(x8)
#1150 0 8000011e     97ba r 0f         00000004  c.add    x15, x14
#1151 0 80000120     078a r 0f         00000010  c.slli   x15, 2
#1152 0 80000122     17c1 r 0f         00000000  c.addi   x15, -0x10
#1153 0 80000124     97a2 r 0f         f0041060  c.add    x15, x8
#1154 0 80000126 f887a703 r 0e         00000064  lw       x14, -0x78(x15)
#1155 0 8000012a fe042783 r 0f         00000004  lw       x15, -0x20(x8)
#1156 0 8000012e     078a r 0f         00000010  c.slli   x15, 2
#1157 0 80000130     17c1 r 0f         00000000  c.addi   x15, -0x10
#1158 0 80000132     97a2 r 0f         f0041060  c.add    x15, x8
#1159 0 80000134 f6e7aa23 m f0040fd4   00000064  sw       x14, -0x8c(x15)
#1160 0 80000138 fe042783 r 0f         00000004  lw       x15, -0x20(x8)
#1161 0 8000013c     078a r 0f         00000010  c.slli   x15, 2
#1162 0 8000013e     17c1 r 0f         00000000  c.addi   x15, -0x10
#1163 0 80000140     97a2 r 0f         f0041060  c.add    x15, x8
#1164 0 80000142 f2442703 r 0e         00000000  lw       x14, -0xdc(x8)
#1165 0 80000146 f6e7a023 m f0040fc0   00000000  sw       x14, -0xa0(x15)
#1166 0 8000014a fe042783 r 0f         00000004  lw       x15, -0x20(x8)
#1167 0 8000014e     078a r 0f         00000010  c.slli   x15, 2
#1168 0 80000150     17c1 r 0f         00000000  c.addi   x15, -0x10
#1169 0 80000152     97a2 r 0f         f0041060  c.add    x15, x8
#1170 0 80000154 f407a623 m f0040fac   00000000  sw       x0, -0xb4(x15)
#1171 0 80000158 fe042783 r 0f         00000004  lw       x15, -0x20(x8)
#1172 0 8000015c     0785 r 0f         00000005  c.addi   x15, 0x1
#1173 0 8000015e fef42023 m f0041040   00000005  sw       x15, -0x20(x8)
#1174 0 80000162 fe042703 r 0e         00000005  lw       x14, -0x20(x8)
#1175 0 80000166 f2842783 r 0f         00000005  lw       x15, -0xd8(x8)
#1176 0 8000016a faf743e3 r 00         00000000  blt      x14, x15, . - 0x5a
#1177 0 8000016e f2442783 r 0f         00000000  lw       x15, -0xdc(x8)
#1178 0 80000172     078a r 0f         00000000  c.slli   x15, 2
#1179 0 80000174     17c1 r 0f         fffffff0  c.addi   x15, -0x10
#1180 0 80000176     97a2 r 0f         f0041050  c.add    x15, x8
#1181 0 80000178 f607aa23 m f0040fc4   00000000  sw       x0, -0x8c(x15)
#1182 0 8000017c f2442783 r 0f         00000000  lw       x15, -0xdc(x8)
#1183 0 80000180     078a r 0f         00000000  c.slli   x15, 2
#1184 0 80000182     17c1 r 0f         fffffff0  c.addi   x15, -0x10
#1185 0 80000184     97a2 r 0f         f0041050  c.add    x15, x8
#1186 0 80000186     4705 r 0e         00000001  c.li     x14, 0x1
#1187 0 80000188 f4e7a623 m f0040f9c   00000001  sw       x14, -0xb4(x15)
#1188 0 8000018c     4785 r 0f         00000001  c.li     x15, 0x1
#1189 0 8000018e fef42623 m f004104c   00000001  sw       x15, -0x14(x8)
#1190 0 80000192     a205 r 00         00000000  c.j      . + 0x120
#1191 0 800002b2 f2842783 r 0f         00000005  lw       x15, -0xd8(x8)
#1192 0 800002b6     17fd r 0f         00000004  c.addi   x15, -0x1
#1193 0 800002b8 fec42703 r 0e         00000001  lw       x14, -0x14(x8)
#1194 0 800002bc ecf74ce3 r 00         00000000  blt      x14, x15, . - 0x128
#1195 0 80000194     6789 r 0f         00002000  c.lui    x15, 0x2
#1196 0 80000196 70f78793 r 0f         0000270f  addi     x15, x15, 0x70f
#1197 0 8000019a fef42423 m f0041048   0000270f  sw       x15, -0x18(x8)
#1198 0 8000019e fe042023 m f0041040   00000000  sw       x0, -0x20(x8)
#1199 0 800001a2     a0b1 r 00         00000000  c.j      . + 0x4c
#1200 0 800001ee fe042703 r 0e         00000000  lw       x14, -0x20(x8)
#1201 0 800001f2 f2842783 r 0f         00000005  lw       x15, -0xd8(x8)
#1202 0 800001f6 faf747e3 r 00         00000000  blt      x14, x15, . - 0x52
#1203 0 800001a4 fe042783 r 0f         00000000  lw       x15, -0x20(x8)
#1204 0 800001a8     078a r 0f         00000000  c.slli   x15, 2
#1205 0 800001aa     17c1 r 0f         fffffff0  c.addi   x15, -0x10
#1206 0 800001ac     97a2 r 0f         f0041050  c.add    x15, x8
#1207 0 800001ae f747a783 r 0f         00000000  lw       x15, -0x8c(x15)
#1208 0 800001b2 fe842703 r 0e         0000270f  lw       x14, -0x18(x8)
#1209 0 800001b6 02e7d763 r 00         00000000  bge      x15, x14, . + 0x2e
#1210 0 800001ba fe042783 r 0f         00000000  lw       x15, -0x20(x8)
#1211 0 800001be     078a r 0f         00000000  c.slli   x15, 2
#1212 0 800001c0     17c1 r 0f         fffffff0  c.addi   x15, -0x10
#1213 0 800001c2     97a2 r 0f         f0041050  c.add    x15, x8
#1214 0 800001c4 f4c7a783 r 0f         00000001  lw       x15, -0xb4(x15)
#1215 0 800001c8     ef91 r 00         00000000  c.bnez   x15, . + 0x1c
#1216 0 800001e4 fe042783 r 0f         00000000  lw       x15, -0x20(x8)
#1217 0 800001e8     0785 r 0f         00000001  c.addi   x15, 0x1
#1218 0 800001ea fef42023 m f0041040   00000001  sw       x15, -0x20(x8)
#1219 0 800001ee fe042703 r 0e         00000001  lw       x14, -0x20(x8)
#1220 0 800001f2 f2842783 r 0f         00000005  lw       x15, -0xd8(x8)
#1221 0 800001f6 faf747e3 r 00         00000000  blt      x14, x15, . - 0x52
#1222 0 800001a4 fe042783 r 0f         00000001  lw       x15, -0x20(x8)
#1223 0 800001a8     078a r 0f         00000004  c.slli   x15, 2
#1224 0 800001aa     17c1 r 0f         fffffff4  c.addi   x15, -0x10
#1225 0 800001ac     97a2 r 0f         f0041054  c.add    x15, x8
#1226 0 800001ae f747a783 r 0f         0000000a  lw       x15, -0x8c(x15)
#1227 0 800001b2 fe842703 r 0e         0000270f  lw       x14, -0x18(x8)
#1228 0 800001b6 02e7d763 r 00         00000000  bge      x15, x14, . + 0x2e
#1229 0 800001ba fe042783 r 0f         00000001  lw       x15, -0x20(x8)
#1230 0 800001be     078a r 0f         00000004  c.slli   x15, 2
#1231 0 800001c0     17c1 r 0f         fffffff4  c.addi   x15, -0x10
#1232 0 800001c2     97a2 r 0f         f0041054  c.add    x15, x8
#1233 0 800001c4 f4c7a783 r 0f         00000000  lw       x15, -0xb4(x15)
#1234 0 800001c8     ef91 r 00         00000000  c.bnez   x15, . + 0x1c
#1235 0 800001ca fe042783 r 0f         00000001  lw       x15, -0x20(x8)
#1236 0 800001ce     078a r 0f         00000004  c.slli   x15, 2
#1237 0 800001d0     17c1 r 0f         fffffff4  c.addi   x15, -0x10
#1238 0 800001d2     97a2 r 0f         f0041054  c.add    x15, x8
#1239 0 800001d4 f747a783 r 0f         0000000a  lw       x15, -0x8c(x15)
#1240 0 800001d8 fef42423 m f0041048   0000000a  sw       x15, -0x18(x8)
#1241 0 800001dc fe042783 r 0f         00000001  lw       x15, -0x20(x8)
#1242 0 800001e0 fef42223 m f0041044   00000001  sw       x15, -0x1c(x8)
#1243 0 800001e4 fe042783 r 0f         00000001  lw       x15, -0x20(x8)
#1244 0 800001e8     0785 r 0f         00000002  c.addi   x15, 0x1
#1245 0 800001ea fef42023 m f0041040   00000002  sw       x15, -0x20(x8)
#1246 0 800001ee fe042703 r 0e         00000002  lw       x14, -0x20(x8)
#1247 0 800001f2 f2842783 r 0f         00000005  lw       x15, -0xd8(x8)
#1248 0 800001f6 faf747e3 r 00         00000000  blt      x14, x15, . - 0x52
#1249 0 800001a4 fe042783 r 0f         00000002  lw       x15, -0x20(x8)
#1250 0 800001a8     078a r 0f         00000008  c.slli   x15, 2
#1251 0 800001aa     17c1 r 0f         fffffff8  c.addi   x15, -0x10
#1252 0 800001ac     97a2 r 0f         f0041058  c.add    x15, x8
#1253 0 800001ae f747a783 r 0f         0000270f  lw       x15, -0x8c(x15)
#1254 0 800001b2 fe842703 r 0e         0000000a  lw       x14, -0x18(x8)
#1255 0 800001b6 02e7d763 r 00         00000000  bge      x15, x14, . + 0x2e
#1256 0 800001e4 fe042783 r 0f         00000002  lw       x15, -0x20(x8)
#1257 0 800001e8     0785 r 0f         00000003  c.addi   x15, 0x1
#1258 0 800001ea fef42023 m f0041040   00000003  sw       x15, -0x20(x8)
#1259 0 800001ee fe042703 r 0e         00000003  lw       x14, -0x20(x8)
#1260 0 800001f2 f2842783 r 0f         00000005  lw       x15, -0xd8(x8)
#1261 0 800001f6 faf747e3 r 00         00000000  blt      x14, x15, . - 0x52
#1262 0 800001a4 fe042783 r 0f         00000003  lw       x15, -0x20(x8)
#1263 0 800001a8     078a r 0f         0000000c  c.slli   x15, 2
#1264 0 800001aa     17c1 r 0f         fffffffc  c.addi   x15, -0x10
#1265 0 800001ac     97a2 r 0f         f004105c  c.add    x15, x8
#1266 0 800001ae f747a783 r 0f         0000001e  lw       x15, -0x8c(x15)
#1267 0 800001b2 fe842703 r 0e         0000000a  lw       x14, -0x18(x8)
#1268 0 800001b6 02e7d763 r 00         00000000  bge      x15, x14, . + 0x2e
#1269 0 800001e4 fe042783 r 0f         00000003  lw       x15, -0x20(x8)
#1270 0 800001e8     0785 r 0f         00000004  c.addi   x15, 0x1
#1271 0 800001ea fef42023 m f0041040   00000004  sw       x15, -0x20(x8)
#1272 0 800001ee fe042703 r 0e         00000004  lw       x14, -0x20(x8)
#1273 0 800001f2 f2842783 r 0f         00000005  lw       x15, -0xd8(x8)
#1274 0 800001f6 faf747e3 r 00         00000000  blt      x14, x15, . - 0x52
#1275 0 800001a4 fe042783 r 0f         00000004  lw       x15, -0x20(x8)
#1276 0 800001a8     078a r 0f         00000010  c.slli   x15, 2
#1277 0 800001aa     17c1 r 0f         00000000  c.addi   x15, -0x10
#1278 0 800001ac     97a2 r 0f         f0041060  c.add    x15, x8
#1279 0 800001ae f747a783 r 0f         00000064  lw       x15, -0x8c(x15)
#1280 0 800001b2 fe842703 r 0e         0000000a  lw       x14, -0x18(x8)
#1281 0 800001b6 02e7d763 r 00         00000000  bge      x15, x14, . + 0x2e
#1282 0 800001e4 fe042783 r 0f         00000004  lw       x15, -0x20(x8)
#1283 0 800001e8     0785 r 0f         00000005  c.addi   x15, 0x1
#1284 0 800001ea fef42023 m f0041040   00000005  sw       x15, -0x20(x8)
#1285 0 800001ee fe042703 r 0e         00000005  lw       x14, -0x20(x8)
#1286 0 800001f2 f2842783 r 0f         00000005  lw       x15, -0xd8(x8)
#1287 0 800001f6 faf747e3 r 00         00000000  blt      x14, x15, . - 0x52
#1288 0 800001fa fe442783 r 0f         00000001  lw       x15, -0x1c(x8)
#1289 0 800001fe     078a r 0f         00000004  c.slli   x15, 2
#1290 0 80000200     17c1 r 0f         fffffff4  c.addi   x15, -0x10
#1291 0 80000202     97a2 r 0f         f0041054  c.add    x15, x8
#1292 0 80000204     4705 r 0e         00000001  c.li     x14, 0x1
#1293 0 80000206 f4e7a623 m f0040fa0   00000001  sw       x14, -0xb4(x15)
#1294 0 8000020a fe042023 m f0041040   00000000  sw       x0, -0x20(x8)
#1295 0 8000020e     a079 r 00         00000000  c.j      . + 0x8e
#1296 0 8000029c fe042703 r 0e         00000000  lw       x14, -0x20(x8)
#1297 0 800002a0 f2842783 r 0f         00000005  lw       x15, -0xd8(x8)
#1298 0 800002a4 f6f746e3 r 00         00000000  blt      x14, x15, . - 0x94
#1299 0 80000210 fe042783 r 0f         00000000  lw       x15, -0x20(x8)
#1300 0 80000214     078a r 0f         00000000  c.slli   x15, 2
#1301 0 80000216     17c1 r 0f         fffffff0  c.addi   x15, -0x10
#1302 0 80000218     97a2 r 0f         f0041050  c.add    x15, x8
#1303 0 8000021a f4c7a783 r 0f         00000001  lw       x15, -0xb4(x15)
#1304 0 8000021e     ebb5 r 00         00000000  c.bnez   x15, . + 0x74
#1305 0 80000292 fe042783 r 0f         00000000  lw       x15, -0x20(x8)
#1306 0 80000296     0785 r 0f         00000001  c.addi   x15, 0x1
#1307 0 80000298 fef42023 m f0041040   00000001  sw       x15, -0x20(x8)
#1308 0 8000029c fe042703 r 0e         00000001  lw       x14, -0x20(x8)
#1309 0 800002a0 f2842783 r 0f         00000005  lw       x15, -0xd8(x8)
#1310 0 800002a4 f6f746e3 r 00         00000000  blt      x14, x15, . - 0x94
#1311 0 80000210 fe042783 r 0f         00000001  lw       x15, -0x20(x8)
#1312 0 80000214     078a r 0f         00000004  c.slli   x15, 2
#1313 0 80000216     17c1 r 0f         fffffff4  c.addi   x15, -0x10
#1314 0 80000218     97a2 r 0f         f0041054  c.add    x15, x8
#1315 0 8000021a f4c7a783 r 0f         00000001  lw       x15, -0xb4(x15)
#1316 0 8000021e     ebb5 r 00         00000000  c.bnez   x15, . + 0x74
#1317 0 80000292 fe042783 r 0f         00000001  lw       x15, -0x20(x8)
#1318 0 80000296     0785 r 0f         00000002  c.addi   x15, 0x1
#1319 0 80000298 fef42023 m f0041040   00000002  sw       x15, -0x20(x8)
#1320 0 8000029c fe042703 r 0e         00000002  lw       x14, -0x20(x8)
#1321 0 800002a0 f2842783 r 0f         00000005  lw       x15, -0xd8(x8)
#1322 0 800002a4 f6f746e3 r 00         00000000  blt      x14, x15, . - 0x94
#1323 0 80000210 fe042783 r 0f         00000002  lw       x15, -0x20(x8)
#1324 0 80000214     078a r 0f         00000008  c.slli   x15, 2
#1325 0 80000216     17c1 r 0f         fffffff8  c.addi   x15, -0x10
#1326 0 80000218     97a2 r 0f         f0041058  c.add    x15, x8
#1327 0 8000021a f4c7a783 r 0f         00000000  lw       x15, -0xb4(x15)
#1328 0 8000021e     ebb5 r 00         00000000  c.bnez   x15, . + 0x74
#1329 0 80000220 fe442703 r 0e         00000001  lw       x14, -0x1c(x8)
#1330 0 80000224     87ba r 0f         00000001  c.mv     x15, x14
#1331 0 80000226     078a r 0f         00000004  c.slli   x15, 2
#1332 0 80000228     97ba r 0f         00000005  c.add    x15, x14
#1333 0 8000022a fe042703 r 0e         00000002  lw       x14, -0x20(x8)
#1334 0 8000022e     97ba r 0f         00000007  c.add    x15, x14
#1335 0 80000230     078a r 0f         0000001c  c.slli   x15, 2
#1336 0 80000232     17c1 r 0f         0000000c  c.addi   x15, -0x10
#1337 0 80000234     97a2 r 0f         f004106c  c.add    x15, x8
#1338 0 80000236 f887a703 r 0e         00000032  lw       x14, -0x78(x15)
#1339 0 8000023a fe842783 r 0f         0000000a  lw       x15, -0x18(x8)
#1340 0 8000023e     973e r 0e         0000003c  c.add    x14, x15
#1341 0 80000240 fe042783 r 0f         00000002  lw       x15, -0x20(x8)
#1342 0 80000244     078a r 0f         00000008  c.slli   x15, 2
#1343 0 80000246     17c1 r 0f         fffffff8  c.addi   x15, -0x10
#1344 0 80000248     97a2 r 0f         f0041058  c.add    x15, x8
#1345 0 8000024a f747a783 r 0f         0000270f  lw       x15, -0x8c(x15)
#1346 0 8000024e 04f75263 r 00         00000000  bge      x14, x15, . + 0x44
#1347 0 80000252 fe442703 r 0e         00000001  lw       x14, -0x1c(x8)
#1348 0 80000256     87ba r 0f         00000001  c.mv     x15, x14
#1349 0 80000258     078a r 0f         00000004  c.slli   x15, 2
#1350 0 8000025a     97ba r 0f         00000005  c.add    x15, x14
#1351 0 8000025c fe042703 r 0e         00000002  lw       x14, -0x20(x8)
#1352 0 80000260     97ba r 0f         00000007  c.add    x15, x14
#1353 0 80000262     078a r 0f         0000001c  c.slli   x15, 2
#1354 0 80000264     17c1 r 0f         0000000c  c.addi   x15, -0x10
#1355 0 80000266     97a2 r 0f         f004106c  c.add    x15, x8
#1356 0 80000268 f887a703 r 0e         00000032  lw       x14, -0x78(x15)
#1357 0 8000026c fe842783 r 0f         0000000a  lw       x15, -0x18(x8)
#1358 0 80000270     973e r 0e         0000003c  c.add    x14, x15
#1359 0 80000272 fe042783 r 0f         00000002  lw       x15, -0x20(x8)
#1360 0 80000276     078a r 0f         00000008  c.slli   x15, 2
#1361 0 80000278     17c1 r 0f         fffffff8  c.addi   x15, -0x10
#1362 0 8000027a     97a2 r 0f         f0041058  c.add    x15, x8
#1363 0 8000027c f6e7aa23 m f0040fcc   0000003c  sw       x14, -0x8c(x15)
#1364 0 80000280 fe042783 r 0f         00000002  lw       x15, -0x20(x8)
#1365 0 80000284     078a r 0f         00000008  c.slli   x15, 2
#1366 0 80000286     17c1 r 0f         fffffff8  c.addi   x15, -0x10
#1367 0 80000288     97a2 r 0f         f0041058  c.add    x15, x8
#1368 0 8000028a fe442703 r 0e         00000001  lw       x14, -0x1c(x8)
#1369 0 8000028e f6e7a023 m f0040fb8   00000001  sw       x14, -0xa0(x15)
#1370 0 80000292 fe042783 r 0f         00000002  lw       x15, -0x20(x8)
#1371 0 80000296     0785 r 0f         00000003  c.addi   x15, 0x1
#1372 0 80000298 fef42023 m f0041040   00000003  sw       x15, -0x20(x8)
#1373 0 8000029c fe042703 r 0e         00000003  lw       x14, -0x20(x8)
#1374 0 800002a0 f2842783 r 0f         00000005  lw       x15, -0xd8(x8)
#1375 0 800002a4 f6f746e3 r 00         00000000  blt      x14, x15, . - 0x94
#1376 0 80000210 fe042783 r 0f         00000003  lw       x15, -0x20(x8)
#1377 0 80000214     078a r 0f         0000000c  c.slli   x15, 2
#1378 0 80000216     17c1 r 0f         fffffffc  c.addi   x15, -0x10
#1379 0 80000218     97a2 r 0f         f004105c  c.add    x15, x8
#1380 0 8000021a f4c7a783 r 0f         00000000  lw       x15, -0xb4(x15)
#1381 0 8000021e     ebb5 r 00         00000000  c.bnez   x15, . + 0x74
#1382 0 80000220 fe442703 r 0e         00000001  lw       x14, -0x1c(x8)
#1383 0 80000224     87ba r 0f         00000001  c.mv     x15, x14
#1384 0 80000226     078a r 0f         00000004  c.slli   x15, 2
#1385 0 80000228     97ba r 0f         00000005  c.add    x15, x14
#1386 0 8000022a fe042703 r 0e         00000003  lw       x14, -0x20(x8)
#1387 0 8000022e     97ba r 0f         00000008  c.add    x15, x14
#1388 0 80000230     078a r 0f         00000020  c.slli   x15, 2
#1389 0 80000232     17c1 r 0f         00000010  c.addi   x15, -0x10
#1390 0 80000234     97a2 r 0f         f0041070  c.add    x15, x8
#1391 0 80000236 f887a703 r 0e         0000270f  lw       x14, -0x78(x15)
#1392 0 8000023a fe842783 r 0f         0000000a  lw       x15, -0x18(x8)
#1393 0 8000023e     973e r 0e         00002719  c.add    x14, x15
#1394 0 80000240 fe042783 r 0f         00000003  lw       x15, -0x20(x8)
#1395 0 80000244     078a r 0f         0000000c  c.slli   x15, 2
#1396 0 80000246     17c1 r 0f         fffffffc  c.addi   x15, -0x10
#1397 0 80000248     97a2 r 0f         f004105c  c.add    x15, x8
#1398 0 8000024a f747a783 r 0f         0000001e  lw       x15, -0x8c(x15)
#1399 0 8000024e 04f75263 r 00         00000000  bge      x14, x15, . + 0x44
#1400 0 80000292 fe042783 r 0f         00000003  lw       x15, -0x20(x8)
#1401 0 80000296     0785 r 0f         00000004  c.addi   x15, 0x1
#1402 0 80000298 fef42023 m f0041040   00000004  sw       x15, -0x20(x8)
#1403 0 8000029c fe042703 r 0e         00000004  lw       x14, -0x20(x8)
#1404 0 800002a0 f2842783 r 0f         00000005  lw       x15, -0xd8(x8)
#1405 0 800002a4 f6f746e3 r 00         00000000  blt      x14, x15, . - 0x94
#1406 0 80000210 fe042783 r 0f         00000004  lw       x15, -0x20(x8)
#1407 0 80000214     078a r 0f         00000010  c.slli   x15, 2
#1408 0 80000216     17c1 r 0f         00000000  c.addi   x15, -0x10
#1409 0 80000218     97a2 r 0f         f0041060  c.add    x15, x8
#1410 0 8000021a f4c7a783 r 0f         00000000  lw       x15, -0xb4(x15)
#1411 0 8000021e     ebb5 r 00         00000000  c.bnez   x15, . + 0x74
#1412 0 80000220 fe442703 r 0e         00000001  lw       x14, -0x1c(x8)
#1413 0 80000224     87ba r 0f         00000001  c.mv     x15, x14
#1414 0 80000226     078a r 0f         00000004  c.slli   x15, 2
#1415 0 80000228     97ba r 0f         00000005  c.add    x15, x14
#1416 0 8000022a fe042703 r 0e         00000004  lw       x14, -0x20(x8)
#1417 0 8000022e     97ba r 0f         00000009  c.add    x15, x14
#1418 0 80000230     078a r 0f         00000024  c.slli   x15, 2
#1419 0 80000232     17c1 r 0f         00000014  c.addi   x15, -0x10
#1420 0 80000234     97a2 r 0f         f0041074  c.add    x15, x8
#1421 0 80000236 f887a703 r 0e         0000270f  lw       x14, -0x78(x15)
#1422 0 8000023a fe842783 r 0f         0000000a  lw       x15, -0x18(x8)
#1423 0 8000023e     973e r 0e         00002719  c.add    x14, x15
#1424 0 80000240 fe042783 r 0f         00000004  lw       x15, -0x20(x8)
#1425 0 80000244     078a r 0f         00000010  c.slli   x15, 2
#1426 0 80000246     17c1 r 0f         00000000  c.addi   x15, -0x10
#1427 0 80000248     97a2 r 0f         f0041060  c.add    x15, x8
#1428 0 8000024a f747a783 r 0f         00000064  lw       x15, -0x8c(x15)
#1429 0 8000024e 04f75263 r 00         00000000  bge      x14, x15, . + 0x44
#1430 0 80000292 fe042783 r 0f         00000004  lw       x15, -0x20(x8)
#1431 0 80000296     0785 r 0f         00000005  c.addi   x15, 0x1
#1432 0 80000298 fef42023 m f0041040   00000005  sw       x15, -0x20(x8)
#1433 0 8000029c fe042703 r 0e         00000005  lw       x14, -0x20(x8)
#1434 0 800002a0 f2842783 r 0f         00000005  lw       x15, -0xd8(x8)
#1435 0 800002a4 f6f746e3 r 00         00000000  blt      x14, x15, . - 0x94
#1436 0 800002a8 fec42783 r 0f         00000001  lw       x15, -0x14(x8)
#1437 0 800002ac     0785 r 0f         00000002  c.addi   x15, 0x1
#1438 0 800002ae fef42623 m f004104c   00000002  sw       x15, -0x14(x8)
#1439 0 800002b2 f2842783 r 0f         00000005  lw       x15, -0xd8(x8)
#1440 0 800002b6     17fd r 0f         00000004  c.addi   x15, -0x1
#1441 0 800002b8 fec42703 r 0e         00000002  lw       x14, -0x14(x8)
#1442 0 800002bc ecf74ce3 r 00         00000000  blt      x14, x15, . - 0x128
#1443 0 80000194     6789 r 0f         00002000  c.lui    x15, 0x2
#1444 0 80000196 70f78793 r 0f         0000270f  addi     x15, x15, 0x70f
#1445 0 8000019a fef42423 m f0041048   0000270f  sw       x15, -0x18(x8)
#1446 0 8000019e fe042023 m f0041040   00000000  sw       x0, -0x20(x8)
#1447 0 800001a2     a0b1 r 00         00000000  c.j      . + 0x4c
#1448 0 800001ee fe042703 r 0e         00000000  lw       x14, -0x20(x8)
#1449 0 800001f2 f2842783 r 0f         00000005  lw       x15, -0xd8(x8)
#1450 0 800001f6 faf747e3 r 00         00000000  blt      x14, x15, . - 0x52
#1451 0 800001a4 fe042783 r 0f         00000000  lw       x15, -0x20(x8)
#1452 0 800001a8     078a r 0f         00000000  c.slli   x15, 2
#1453 0 800001aa     17c1 r 0f         fffffff0  c.addi   x15, -0x10
#1454 0 800001ac     97a2 r 0f         f0041050  c.add    x15, x8
#1455 0 800001ae f747a783 r 0f         00000000  lw       x15, -0x8c(x15)
#1456 0 800001b2 fe842703 r 0e         0000270f  lw       x14, -0x18(x8)
#1457 0 800001b6 02e7d763 r 00         00000000  bge      x15, x14, . + 0x2e
#1458 0 800001ba fe042783 r 0f         00000000  lw       x15, -0x20(x8)
#1459 0 800001be     078a r 0f         00000000  c.slli   x15, 2
#1460 0 800001c0     17c1 r 0f         fffffff0  c.addi   x15, -0x10
#1461 0 800001c2     97a2 r 0f         f0041050  c.add    x15, x8
#1462 0 800001c4 f4c7a783 r 0f         00000001  lw       x15, -0xb4(x15)
#1463 0 800001c8     ef91 r 00         00000000  c.bnez   x15, . + 0x1c
#1464 0 800001e4 fe042783 r 0f         00000000  lw       x15, -0x20(x8)
#1465 0 800001e8     0785 r 0f         00000001  c.addi   x15, 0x1
#1466 0 800001ea fef42023 m f0041040   00000001  sw       x15, -0x20(x8)
#1467 0 800001ee fe042703 r 0e         00000001  lw       x14, -0x20(x8)
#1468 0 800001f2 f2842783 r 0f         00000005  lw       x15, -0xd8(x8)
#1469 0 800001f6 faf747e3 r 00         00000000  blt      x14, x15, . - 0x52
#1470 0 800001a4 fe042783 r 0f         00000001  lw       x15, -0x20(x8)
#1471 0 800001a8     078a r 0f         00000004  c.slli   x15, 2
#1472 0 800001aa     17c1 r 0f         fffffff4  c.addi   x15, -0x10
#1473 0 800001ac     97a2 r 0f         f0041054  c.add    x15, x8
#1474 0 800001ae f747a783 r 0f         0000000a  lw       x15, -0x8c(x15)
#1475 0 800001b2 fe842703 r 0e         0000270f  lw       x14, -0x18(x8)
#1476 0 800001b6 02e7d763 r 00         00000000  bge      x15, x14, . + 0x2e
#1477 0 800001ba fe042783 r 0f         00000001  lw       x15, -0x20(x8)
#1478 0 800001be     078a r 0f         00000004  c.slli   x15, 2
#1479 0 800001c0     17c1 r 0f         fffffff4  c.addi   x15, -0x10
#1480 0 800001c2     97a2 r 0f         f0041054  c.add    x15, x8
#1481 0 800001c4 f4c7a783 r 0f         00000001  lw       x15, -0xb4(x15)
#1482 0 800001c8     ef91 r 00         00000000  c.bnez   x15, . + 0x1c
#1483 0 800001e4 fe042783 r 0f         00000001  lw       x15, -0x20(x8)
#1484 0 800001e8     0785 r 0f         00000002  c.addi   x15, 0x1
#1485 0 800001ea fef42023 m f0041040   00000002  sw       x15, -0x20(x8)
#1486 0 800001ee fe042703 r 0e         00000002  lw       x14, -0x20(x8)
#1487 0 800001f2 f2842783 r 0f         00000005  lw       x15, -0xd8(x8)
#1488 0 800001f6 faf747e3 r 00         00000000  blt      x14, x15, . - 0x52
#1489 0 800001a4 fe042783 r 0f         00000002  lw       x15, -0x20(x8)
#1490 0 800001a8     078a r 0f         00000008  c.slli   x15, 2
#1491 0 800001aa     17c1 r 0f         fffffff8  c.addi   x15, -0x10
#1492 0 800001ac     97a2 r 0f         f0041058  c.add    x15, x8
#1493 0 800001ae f747a783 r 0f         0000003c  lw       x15, -0x8c(x15)
#1494 0 800001b2 fe842703 r 0e         0000270f  lw       x14, -0x18(x8)
#1495 0 800001b6 02e7d763 r 00         00000000  bge      x15, x14, . + 0x2e
#1496 0 800001ba fe042783 r 0f         00000002  lw       x15, -0x20(x8)
#1497 0 800001be     078a r 0f         00000008  c.slli   x15, 2
#1498 0 800001c0     17c1 r 0f         fffffff8  c.addi   x15, -0x10
#1499 0 800001c2     97a2 r 0f         f0041058  c.add    x15, x8
#1500 0 800001c4 f4c7a783 r 0f         00000000  lw       x15, -0xb4(x15)
#1501 0 800001c8     ef91 r 00         00000000  c.bnez   x15, . + 0x1c
#1502 0 800001ca fe042783 r 0f         00000002  lw       x15, -0x20(x8)
#1503 0 800001ce     078a r 0f         00000008  c.slli   x15, 2
#1504 0 800001d0     17c1 r 0f         fffffff8  c.addi   x15, -0x10
#1505 0 800001d2     97a2 r 0f         f0041058  c.add    x15, x8
#1506 0 800001d4 f747a783 r 0f         0000003c  lw       x15, -0x8c(x15)
#1507 0 800001d8 fef42423 m f0041048   0000003c  sw       x15, -0x18(x8)
#1508 0 800001dc fe042783 r 0f         00000002  lw       x15, -0x20(x8)
#1509 0 800001e0 fef42223 m f0041044   00000002  sw       x15, -0x1c(x8)
#1510 0 800001e4 fe042783 r 0f         00000002  lw       x15, -0x20(x8)
#1511 0 800001e8     0785 r 0f         00000003  c.addi   x15, 0x1
#1512 0 800001ea fef42023 m f0041040   00000003  sw       x15, -0x20(x8)
#1513 0 800001ee fe042703 r 0e         00000003  lw       x14, -0x20(x8)
#1514 0 800001f2 f2842783 r 0f         00000005  lw       x15, -0xd8(x8)
#1515 0 800001f6 faf747e3 r 00         00000000  blt      x14, x15, . - 0x52
#1516 0 800001a4 fe042783 r 0f         00000003  lw       x15, -0x20(x8)
#1517 0 800001a8     078a r 0f         0000000c  c.slli   x15, 2
#1518 0 800001aa     17c1 r 0f         fffffffc  c.addi   x15, -0x10
#1519 0 800001ac     97a2 r 0f         f004105c  c.add    x15, x8
#1520 0 800001ae f747a783 r 0f         0000001e  lw       x15, -0x8c(x15)
#1521 0 800001b2 fe842703 r 0e         0000003c  lw       x14, -0x18(x8)
#1522 0 800001b6 02e7d763 r 00         00000000  bge      x15, x14, . + 0x2e
#1523 0 800001ba fe042783 r 0f         00000003  lw       x15, -0x20(x8)
#1524 0 800001be     078a r 0f         0000000c  c.slli   x15, 2
#1525 0 800001c0     17c1 r 0f         fffffffc  c.addi   x15, -0x10
#1526 0 800001c2     97a2 r 0f         f004105c  c.add    x15, x8
#1527 0 800001c4 f4c7a783 r 0f         00000000  lw       x15, -0xb4(x15)
#1528 0 800001c8     ef91 r 00         00000000  c.bnez   x15, . + 0x1c
#1529 0 800001ca fe042783 r 0f         00000003  lw       x15, -0x20(x8)
#1530 0 800001ce     078a r 0f         0000000c  c.slli   x15, 2
#1531 0 800001d0     17c1 r 0f         fffffffc  c.addi   x15, -0x10
#1532 0 800001d2     97a2 r 0f         f004105c  c.add    x15, x8
#1533 0 800001d4 f747a783 r 0f         0000001e  lw       x15, -0x8c(x15)
#1534 0 800001d8 fef42423 m f0041048   0000001e  sw       x15, -0x18(x8)
#1535 0 800001dc fe042783 r 0f         00000003  lw       x15, -0x20(x8)
#1536 0 800001e0 fef42223 m f0041044   00000003  sw       x15, -0x1c(x8)
#1537 0 800001e4 fe042783 r 0f         00000003  lw       x15, -0x20(x8)
#1538 0 800001e8     0785 r 0f         00000004  c.addi   x15, 0x1
#1539 0 800001ea fef42023 m f0041040   00000004  sw       x15, -0x20(x8)
#1540 0 800001ee fe042703 r 0e         00000004  lw       x14, -0x20(x8)
#1541 0 800001f2 f2842783 r 0f         00000005  lw       x15, -0xd8(x8)
#1542 0 800001f6 faf747e3 r 00         00000000  blt      x14, x15, . - 0x52
#1543 0 800001a4 fe042783 r 0f         00000004  lw       x15, -0x20(x8)
#1544 0 800001a8     078a r 0f         00000010  c.slli   x15, 2
#1545 0 800001aa     17c1 r 0f         00000000  c.addi   x15, -0x10
#1546 0 800001ac     97a2 r 0f         f0041060  c.add    x15, x8
#1547 0 800001ae f747a783 r 0f         00000064  lw       x15, -0x8c(x15)
#1548 0 800001b2 fe842703 r 0e         0000001e  lw       x14, -0x18(x8)
#1549 0 800001b6 02e7d763 r 00         00000000  bge      x15, x14, . + 0x2e
#1550 0 800001e4 fe042783 r 0f         00000004  lw       x15, -0x20(x8)
#1551 0 800001e8     0785 r 0f         00000005  c.addi   x15, 0x1
#1552 0 800001ea fef42023 m f0041040   00000005  sw       x15, -0x20(x8)
#1553 0 800001ee fe042703 r 0e         00000005  lw       x14, -0x20(x8)
#1554 0 800001f2 f2842783 r 0f         00000005  lw       x15, -0xd8(x8)
#1555 0 800001f6 faf747e3 r 00         00000000  blt      x14, x15, . - 0x52
#1556 0 800001fa fe442783 r 0f         00000003  lw       x15, -0x1c(x8)
#1557 0 800001fe     078a r 0f         0000000c  c.slli   x15, 2
#1558 0 80000200     17c1 r 0f         fffffffc  c.addi   x15, -0x10
#1559 0 80000202     97a2 r 0f         f004105c  c.add    x15, x8
#1560 0 80000204     4705 r 0e         00000001  c.li     x14, 0x1
#1561 0 80000206 f4e7a623 m f0040fa8   00000001  sw       x14, -0xb4(x15)
#1562 0 8000020a fe042023 m f0041040   00000000  sw       x0, -0x20(x8)
#1563 0 8000020e     a079 r 00         00000000  c.j      . + 0x8e
#1564 0 8000029c fe042703 r 0e         00000000  lw       x14, -0x20(x8)
#1565 0 800002a0 f2842783 r 0f         00000005  lw       x15, -0xd8(x8)
#1566 0 800002a4 f6f746e3 r 00         00000000  blt      x14, x15, . - 0x94
#1567 0 80000210 fe042783 r 0f         00000000  lw       x15, -0x20(x8)
#1568 0 80000214     078a r 0f         00000000  c.slli   x15, 2
#1569 0 80000216     17c1 r 0f         fffffff0  c.addi   x15, -0x10
#1570 0 80000218     97a2 r 0f         f0041050  c.add    x15, x8
#1571 0 8000021a f4c7a783 r 0f         00000001  lw       x15, -0xb4(x15)
#1572 0 8000021e     ebb5 r 00         00000000  c.bnez   x15, . + 0x74
#1573 0 80000292 fe042783 r 0f         00000000  lw       x15, -0x20(x8)
#1574 0 80000296     0785 r 0f         00000001  c.addi   x15, 0x1
#1575 0 80000298 fef42023 m f0041040   00000001  sw       x15, -0x20(x8)
#1576 0 8000029c fe042703 r 0e         00000001  lw       x14, -0x20(x8)
#1577 0 800002a0 f2842783 r 0f         00000005  lw       x15, -0xd8(x8)
#1578 0 800002a4 f6f746e3 r 00         00000000  blt      x14, x15, . - 0x94
#1579 0 80000210 fe042783 r 0f         00000001  lw       x15, -0x20(x8)
#1580 0 80000214     078a r 0f         00000004  c.slli   x15, 2
#1581 0 80000216     17c1 r 0f         fffffff4  c.addi   x15, -0x10
#1582 0 80000218     97a2 r 0f         f0041054  c.add    x15, x8
#1583 0 8000021a f4c7a783 r 0f         00000001  lw       x15, -0xb4(x15)
#1584 0 8000021e     ebb5 r 00         00000000  c.bnez   x15, . + 0x74
#1585 0 80000292 fe042783 r 0f         00000001  lw       x15, -0x20(x8)
#1586 0 80000296     0785 r 0f         00000002  c.addi   x15, 0x1
#1587 0 80000298 fef42023 m f0041040   00000002  sw       x15, -0x20(x8)
#1588 0 8000029c fe042703 r 0e         00000002  lw       x14, -0x20(x8)
#1589 0 800002a0 f2842783 r 0f         00000005  lw       x15, -0xd8(x8)
#1590 0 800002a4 f6f746e3 r 00         00000000  blt      x14, x15, . - 0x94
#1591 0 80000210 fe042783 r 0f         00000002  lw       x15, -0x20(x8)
#1592 0 80000214     078a r 0f         00000008  c.slli   x15, 2
#1593 0 80000216     17c1 r 0f         fffffff8  c.addi   x15, -0x10
#1594 0 80000218     97a2 r 0f         f0041058  c.add    x15, x8
#1595 0 8000021a f4c7a783 r 0f         00000000  lw       x15, -0xb4(x15)
#1596 0 8000021e     ebb5 r 00         00000000  c.bnez   x15, . + 0x74
#1597 0 80000220 fe442703 r 0e         00000003  lw       x14, -0x1c(x8)
#1598 0 80000224     87ba r 0f         00000003  c.mv     x15, x14
#1599 0 80000226     078a r 0f         0000000c  c.slli   x15, 2
#1600 0 80000228     97ba r 0f         0000000f  c.add    x15, x14
#1601 0 8000022a fe042703 r 0e         00000002  lw       x14, -0x20(x8)
#1602 0 8000022e     97ba r 0f         00000011  c.add    x15, x14
#1603 0 80000230     078a r 0f         00000044  c.slli   x15, 2
#1604 0 80000232     17c1 r 0f         00000034  c.addi   x15, -0x10
#1605 0 80000234     97a2 r 0f         f0041094  c.add    x15, x8
#1606 0 80000236 f887a703 r 0e         00000014  lw       x14, -0x78(x15)
#1607 0 8000023a fe842783 r 0f         0000001e  lw       x15, -0x18(x8)
#1608 0 8000023e     973e r 0e         00000032  c.add    x14, x15
#1609 0 80000240 fe042783 r 0f         00000002  lw       x15, -0x20(x8)
#1610 0 80000244     078a r 0f         00000008  c.slli   x15, 2
#1611 0 80000246     17c1 r 0f         fffffff8  c.addi   x15, -0x10
#1612 0 80000248     97a2 r 0f         f0041058  c.add    x15, x8
#1613 0 8000024a f747a783 r 0f         0000003c  lw       x15, -0x8c(x15)
#1614 0 8000024e 04f75263 r 00         00000000  bge      x14, x15, . + 0x44
#1615 0 80000252 fe442703 r 0e         00000003  lw       x14, -0x1c(x8)
#1616 0 80000256     87ba r 0f         00000003  c.mv     x15, x14
#1617 0 80000258     078a r 0f         0000000c  c.slli   x15, 2
#1618 0 8000025a     97ba r 0f         0000000f  c.add    x15, x14
#1619 0 8000025c fe042703 r 0e         00000002  lw       x14, -0x20(x8)
#1620 0 80000260     97ba r 0f         00000011  c.add    x15, x14
#1621 0 80000262     078a r 0f         00000044  c.slli   x15, 2
#1622 0 80000264     17c1 r 0f         00000034  c.addi   x15, -0x10
#1623 0 80000266     97a2 r 0f         f0041094  c.add    x15, x8
#1624 0 80000268 f887a703 r 0e         00000014  lw       x14, -0x78(x15)
#1625 0 8000026c fe842783 r 0f         0000001e  lw       x15, -0x18(x8)
#1626 0 80000270     973e r 0e         00000032  c.add    x14, x15
#1627 0 80000272 fe042783 r 0f         00000002  lw       x15, -0x20(x8)
#1628 0 80000276     078a r 0f         00000008  c.slli   x15, 2
#1629 0 80000278     17c1 r 0f         fffffff8  c.addi   x15, -0x10
#1630 0 8000027a     97a2 r 0f         f0041058  c.add    x15, x8
#1631 0 8000027c f6e7aa23 m f0040fcc   00000032  sw       x14, -0x8c(x15)
#1632 0 80000280 fe042783 r 0f         00000002  lw       x15, -0x20(x8)
#1633 0 80000284     078a r 0f         00000008  c.slli   x15, 2
#1634 0 80000286     17c1 r 0f         fffffff8  c.addi   x15, -0x10
#1635 0 80000288     97a2 r 0f         f0041058  c.add    x15, x8
#1636 0 8000028a fe442703 r 0e         00000003  lw       x14, -0x1c(x8)
#1637 0 8000028e f6e7a023 m f0040fb8   00000003  sw       x14, -0xa0(x15)
#1638 0 80000292 fe042783 r 0f         00000002  lw       x15, -0x20(x8)
#1639 0 80000296     0785 r 0f         00000003  c.addi   x15, 0x1
#1640 0 80000298 fef42023 m f0041040   00000003  sw       x15, -0x20(x8)
#1641 0 8000029c fe042703 r 0e         00000003  lw       x14, -0x20(x8)
#1642 0 800002a0 f2842783 r 0f         00000005  lw       x15, -0xd8(x8)
#1643 0 800002a4 f6f746e3 r 00         00000000  blt      x14, x15, . - 0x94
#1644 0 80000210 fe042783 r 0f         00000003  lw       x15, -0x20(x8)
#1645 0 80000214     078a r 0f         0000000c  c.slli   x15, 2
#1646 0 80000216     17c1 r 0f         fffffffc  c.addi   x15, -0x10
#1647 0 80000218     97a2 r 0f         f004105c  c.add    x15, x8
#1648 0 8000021a f4c7a783 r 0f         00000001  lw       x15, -0xb4(x15)
#1649 0 8000021e     ebb5 r 00         00000000  c.bnez   x15, . + 0x74
#1650 0 80000292 fe042783 r 0f         00000003  lw       x15, -0x20(x8)
#1651 0 80000296     0785 r 0f         00000004  c.addi   x15, 0x1
#1652 0 80000298 fef42023 m f0041040   00000004  sw       x15, -0x20(x8)
#1653 0 8000029c fe042703 r 0e         00000004  lw       x14, -0x20(x8)
#1654 0 800002a0 f2842783 r 0f         00000005  lw       x15, -0xd8(x8)
#1655 0 800002a4 f6f746e3 r 00         00000000  blt      x14, x15, . - 0x94
#1656 0 80000210 fe042783 r 0f         00000004  lw       x15, -0x20(x8)
#1657 0 80000214     078a r 0f         00000010  c.slli   x15, 2
#1658 0 80000216     17c1 r 0f         00000000  c.addi   x15, -0x10
#1659 0 80000218     97a2 r 0f         f0041060  c.add    x15, x8
#1660 0 8000021a f4c7a783 r 0f         00000000  lw       x15, -0xb4(x15)
#1661 0 8000021e     ebb5 r 00         00000000  c.bnez   x15, . + 0x74
#1662 0 80000220 fe442703 r 0e         00000003  lw       x14, -0x1c(x8)
#1663 0 80000224     87ba r 0f         00000003  c.mv     x15, x14
#1664 0 80000226     078a r 0f         0000000c  c.slli   x15, 2
#1665 0 80000228     97ba r 0f         0000000f  c.add    x15, x14
#1666 0 8000022a fe042703 r 0e         00000004  lw       x14, -0x20(x8)
#1667 0 8000022e     97ba r 0f         00000013  c.add    x15, x14
#1668 0 80000230     078a r 0f         0000004c  c.slli   x15, 2
#1669 0 80000232     17c1 r 0f         0000003c  c.addi   x15, -0x10
#1670 0 80000234     97a2 r 0f         f004109c  c.add    x15, x8
#1671 0 80000236 f887a703 r 0e         0000003c  lw       x14, -0x78(x15)
#1672 0 8000023a fe842783 r 0f         0000001e  lw       x15, -0x18(x8)
#1673 0 8000023e     973e r 0e         0000005a  c.add    x14, x15
#1674 0 80000240 fe042783 r 0f         00000004  lw       x15, -0x20(x8)
#1675 0 80000244     078a r 0f         00000010  c.slli   x15, 2
#1676 0 80000246     17c1 r 0f         00000000  c.addi   x15, -0x10
#1677 0 80000248     97a2 r 0f         f0041060  c.add    x15, x8
#1678 0 8000024a f747a783 r 0f         00000064  lw       x15, -0x8c(x15)
#1679 0 8000024e 04f75263 r 00         00000000  bge      x14, x15, . + 0x44
#1680 0 80000252 fe442703 r 0e         00000003  lw       x14, -0x1c(x8)
#1681 0 80000256     87ba r 0f         00000003  c.mv     x15, x14
#1682 0 80000258     078a r 0f         0000000c  c.slli   x15, 2
#1683 0 8000025a     97ba r 0f         0000000f  c.add    x15, x14
#1684 0 8000025c fe042703 r 0e         00000004  lw       x14, -0x20(x8)
#1685 0 80000260     97ba r 0f         00000013  c.add    x15, x14
#1686 0 80000262     078a r 0f         0000004c  c.slli   x15, 2
#1687 0 80000264     17c1 r 0f         0000003c  c.addi   x15, -0x10
#1688 0 80000266     97a2 r 0f         f004109c  c.add    x15, x8
#1689 0 80000268 f887a703 r 0e         0000003c  lw       x14, -0x78(x15)
#1690 0 8000026c fe842783 r 0f         0000001e  lw       x15, -0x18(x8)
#1691 0 80000270     973e r 0e         0000005a  c.add    x14, x15
#1692 0 80000272 fe042783 r 0f         00000004  lw       x15, -0x20(x8)
#1693 0 80000276     078a r 0f         00000010  c.slli   x15, 2
#1694 0 80000278     17c1 r 0f         00000000  c.addi   x15, -0x10
#1695 0 8000027a     97a2 r 0f         f0041060  c.add    x15, x8
#1696 0 8000027c f6e7aa23 m f0040fd4   0000005a  sw       x14, -0x8c(x15)
#1697 0 80000280 fe042783 r 0f         00000004  lw       x15, -0x20(x8)
#1698 0 80000284     078a r 0f         00000010  c.slli   x15, 2
#1699 0 80000286     17c1 r 0f         00000000  c.addi   x15, -0x10
#1700 0 80000288     97a2 r 0f         f0041060  c.add    x15, x8
#1701 0 8000028a fe442703 r 0e         00000003  lw       x14, -0x1c(x8)
#1702 0 8000028e f6e7a023 m f0040fc0   00000003  sw       x14, -0xa0(x15)
#1703 0 80000292 fe042783 r 0f         00000004  lw       x15, -0x20(x8)
#1704 0 80000296     0785 r 0f         00000005  c.addi   x15, 0x1
#1705 0 80000298 fef42023 m f0041040   00000005  sw       x15, -0x20(x8)
#1706 0 8000029c fe042703 r 0e         00000005  lw       x14, -0x20(x8)
#1707 0 800002a0 f2842783 r 0f         00000005  lw       x15, -0xd8(x8)
#1708 0 800002a4 f6f746e3 r 00         00000000  blt      x14, x15, . - 0x94
#1709 0 800002a8 fec42783 r 0f         00000002  lw       x15, -0x14(x8)
#1710 0 800002ac     0785 r 0f         00000003  c.addi   x15, 0x1
#1711 0 800002ae fef42623 m f004104c   00000003  sw       x15, -0x14(x8)
#1712 0 800002b2 f2842783 r 0f         00000005  lw       x15, -0xd8(x8)
#1713 0 800002b6     17fd r 0f         00000004  c.addi   x15, -0x1
#1714 0 800002b8 fec42703 r 0e         00000003  lw       x14, -0x14(x8)
#1715 0 800002bc ecf74ce3 r 00         00000000  blt      x14, x15, . - 0x128
#1716 0 80000194     6789 r 0f         00002000  c.lui    x15, 0x2
#1717 0 80000196 70f78793 r 0f         0000270f  addi     x15, x15, 0x70f
#1718 0 8000019a fef42423 m f0041048   0000270f  sw       x15, -0x18(x8)
#1719 0 8000019e fe042023 m f0041040   00000000  sw       x0, -0x20(x8)
#1720 0 800001a2     a0b1 r 00         00000000  c.j      . + 0x4c
#1721 0 800001ee fe042703 r 0e         00000000  lw       x14, -0x20(x8)
#1722 0 800001f2 f2842783 r 0f         00000005  lw       x15, -0xd8(x8)
#1723 0 800001f6 faf747e3 r 00         00000000  blt      x14, x15, . - 0x52
#1724 0 800001a4 fe042783 r 0f         00000000  lw       x15, -0x20(x8)
#1725 0 800001a8     078a r 0f         00000000  c.slli   x15, 2
#1726 0 800001aa     17c1 r 0f         fffffff0  c.addi   x15, -0x10
#1727 0 800001ac     97a2 r 0f         f0041050  c.add    x15, x8
#1728 0 800001ae f747a783 r 0f         00000000  lw       x15, -0x8c(x15)
#1729 0 800001b2 fe842703 r 0e         0000270f  lw       x14, -0x18(x8)
#1730 0 800001b6 02e7d763 r 00         00000000  bge      x15, x14, . + 0x2e
#1731 0 800001ba fe042783 r 0f         00000000  lw       x15, -0x20(x8)
#1732 0 800001be     078a r 0f         00000000  c.slli   x15, 2
#1733 0 800001c0     17c1 r 0f         fffffff0  c.addi   x15, -0x10
#1734 0 800001c2     97a2 r 0f         f0041050  c.add    x15, x8
#1735 0 800001c4 f4c7a783 r 0f         00000001  lw       x15, -0xb4(x15)
#1736 0 800001c8     ef91 r 00         00000000  c.bnez   x15, . + 0x1c
#1737 0 800001e4 fe042783 r 0f         00000000  lw       x15, -0x20(x8)
#1738 0 800001e8     0785 r 0f         00000001  c.addi   x15, 0x1
#1739 0 800001ea fef42023 m f0041040   00000001  sw       x15, -0x20(x8)
#1740 0 800001ee fe042703 r 0e         00000001  lw       x14, -0x20(x8)
#1741 0 800001f2 f2842783 r 0f         00000005  lw       x15, -0xd8(x8)
#1742 0 800001f6 faf747e3 r 00         00000000  blt      x14, x15, . - 0x52
#1743 0 800001a4 fe042783 r 0f         00000001  lw       x15, -0x20(x8)
#1744 0 800001a8     078a r 0f         00000004  c.slli   x15, 2
#1745 0 800001aa     17c1 r 0f         fffffff4  c.addi   x15, -0x10
#1746 0 800001ac     97a2 r 0f         f0041054  c.add    x15, x8
#1747 0 800001ae f747a783 r 0f         0000000a  lw       x15, -0x8c(x15)
#1748 0 800001b2 fe842703 r 0e         0000270f  lw       x14, -0x18(x8)
#1749 0 800001b6 02e7d763 r 00         00000000  bge      x15, x14, . + 0x2e
#1750 0 800001ba fe042783 r 0f         00000001  lw       x15, -0x20(x8)
#1751 0 800001be     078a r 0f         00000004  c.slli   x15, 2
#1752 0 800001c0     17c1 r 0f         fffffff4  c.addi   x15, -0x10
#1753 0 800001c2     97a2 r 0f         f0041054  c.add    x15, x8
#1754 0 800001c4 f4c7a783 r 0f         00000001  lw       x15, -0xb4(x15)
#1755 0 800001c8     ef91 r 00         00000000  c.bnez   x15, . + 0x1c
#1756 0 800001e4 fe042783 r 0f         00000001  lw       x15, -0x20(x8)
#1757 0 800001e8     0785 r 0f         00000002  c.addi   x15, 0x1
#1758 0 800001ea fef42023 m f0041040   00000002  sw       x15, -0x20(x8)
#1759 0 800001ee fe042703 r 0e         00000002  lw       x14, -0x20(x8)
#1760 0 800001f2 f2842783 r 0f         00000005  lw       x15, -0xd8(x8)
#1761 0 800001f6 faf747e3 r 00         00000000  blt      x14, x15, . - 0x52
#1762 0 800001a4 fe042783 r 0f         00000002  lw       x15, -0x20(x8)
#1763 0 800001a8     078a r 0f         00000008  c.slli   x15, 2
#1764 0 800001aa     17c1 r 0f         fffffff8  c.addi   x15, -0x10
#1765 0 800001ac     97a2 r 0f         f0041058  c.add    x15, x8
#1766 0 800001ae f747a783 r 0f         00000032  lw       x15, -0x8c(x15)
#1767 0 800001b2 fe842703 r 0e         0000270f  lw       x14, -0x18(x8)
#1768 0 800001b6 02e7d763 r 00         00000000  bge      x15, x14, . + 0x2e
#1769 0 800001ba fe042783 r 0f         00000002  lw       x15, -0x20(x8)
#1770 0 800001be     078a r 0f         00000008  c.slli   x15, 2
#1771 0 800001c0     17c1 r 0f         fffffff8  c.addi   x15, -0x10
#1772 0 800001c2     97a2 r 0f         f0041058  c.add    x15, x8
#1773 0 800001c4 f4c7a783 r 0f         00000000  lw       x15, -0xb4(x15)
#1774 0 800001c8     ef91 r 00         00000000  c.bnez   x15, . + 0x1c
#1775 0 800001ca fe042783 r 0f         00000002  lw       x15, -0x20(x8)
#1776 0 800001ce     078a r 0f         00000008  c.slli   x15, 2
#1777 0 800001d0     17c1 r 0f         fffffff8  c.addi   x15, -0x10
#1778 0 800001d2     97a2 r 0f         f0041058  c.add    x15, x8
#1779 0 800001d4 f747a783 r 0f         00000032  lw       x15, -0x8c(x15)
#1780 0 800001d8 fef42423 m f0041048   00000032  sw       x15, -0x18(x8)
#1781 0 800001dc fe042783 r 0f         00000002  lw       x15, -0x20(x8)
#1782 0 800001e0 fef42223 m f0041044   00000002  sw       x15, -0x1c(x8)
#1783 0 800001e4 fe042783 r 0f         00000002  lw       x15, -0x20(x8)
#1784 0 800001e8     0785 r 0f         00000003  c.addi   x15, 0x1
#1785 0 800001ea fef42023 m f0041040   00000003  sw       x15, -0x20(x8)
#1786 0 800001ee fe042703 r 0e         00000003  lw       x14, -0x20(x8)
#1787 0 800001f2 f2842783 r 0f         00000005  lw       x15, -0xd8(x8)
#1788 0 800001f6 faf747e3 r 00         00000000  blt      x14, x15, . - 0x52
#1789 0 800001a4 fe042783 r 0f         00000003  lw       x15, -0x20(x8)
#1790 0 800001a8     078a r 0f         0000000c  c.slli   x15, 2
#1791 0 800001aa     17c1 r 0f         fffffffc  c.addi   x15, -0x10
#1792 0 800001ac     97a2 r 0f         f004105c  c.add    x15, x8
#1793 0 800001ae f747a783 r 0f         0000001e  lw       x15, -0x8c(x15)
#1794 0 800001b2 fe842703 r 0e         00000032  lw       x14, -0x18(x8)
#1795 0 800001b6 02e7d763 r 00         00000000  bge      x15, x14, . + 0x2e
#1796 0 800001ba fe042783 r 0f         00000003  lw       x15, -0x20(x8)
#1797 0 800001be     078a r 0f         0000000c  c.slli   x15, 2
#1798 0 800001c0     17c1 r 0f         fffffffc  c.addi   x15, -0x10
#1799 0 800001c2     97a2 r 0f         f004105c  c.add    x15, x8
#1800 0 800001c4 f4c7a783 r 0f         00000001  lw       x15, -0xb4(x15)
#1801 0 800001c8     ef91 r 00         00000000  c.bnez   x15, . + 0x1c
#1802 0 800001e4 fe042783 r 0f         00000003  lw       x15, -0x20(x8)
#1803 0 800001e8     0785 r 0f         00000004  c.addi   x15, 0x1
#1804 0 800001ea fef42023 m f0041040   00000004  sw       x15, -0x20(x8)
#1805 0 800001ee fe042703 r 0e         00000004  lw       x14, -0x20(x8)
#1806 0 800001f2 f2842783 r 0f         00000005  lw       x15, -0xd8(x8)
#1807 0 800001f6 faf747e3 r 00         00000000  blt      x14, x15, . - 0x52
#1808 0 800001a4 fe042783 r 0f         00000004  lw       x15, -0x20(x8)
#1809 0 800001a8     078a r 0f         00000010  c.slli   x15, 2
#1810 0 800001aa     17c1 r 0f         00000000  c.addi   x15, -0x10
#1811 0 800001ac     97a2 r 0f         f0041060  c.add    x15, x8
#1812 0 800001ae f747a783 r 0f         0000005a  lw       x15, -0x8c(x15)
#1813 0 800001b2 fe842703 r 0e         00000032  lw       x14, -0x18(x8)
#1814 0 800001b6 02e7d763 r 00         00000000  bge      x15, x14, . + 0x2e
#1815 0 800001e4 fe042783 r 0f         00000004  lw       x15, -0x20(x8)
#1816 0 800001e8     0785 r 0f         00000005  c.addi   x15, 0x1
#1817 0 800001ea fef42023 m f0041040   00000005  sw       x15, -0x20(x8)
#1818 0 800001ee fe042703 r 0e         00000005  lw       x14, -0x20(x8)
#1819 0 800001f2 f2842783 r 0f         00000005  lw       x15, -0xd8(x8)
#1820 0 800001f6 faf747e3 r 00         00000000  blt      x14, x15, . - 0x52
#1821 0 800001fa fe442783 r 0f         00000002  lw       x15, -0x1c(x8)
#1822 0 800001fe     078a r 0f         00000008  c.slli   x15, 2
#1823 0 80000200     17c1 r 0f         fffffff8  c.addi   x15, -0x10
#1824 0 80000202     97a2 r 0f         f0041058  c.add    x15, x8
#1825 0 80000204     4705 r 0e         00000001  c.li     x14, 0x1
#1826 0 80000206 f4e7a623 m f0040fa4   00000001  sw       x14, -0xb4(x15)
#1827 0 8000020a fe042023 m f0041040   00000000  sw       x0, -0x20(x8)
#1828 0 8000020e     a079 r 00         00000000  c.j      . + 0x8e
#1829 0 8000029c fe042703 r 0e         00000000  lw       x14, -0x20(x8)
#1830 0 800002a0 f2842783 r 0f         00000005  lw       x15, -0xd8(x8)
#1831 0 800002a4 f6f746e3 r 00         00000000  blt      x14, x15, . - 0x94
#1832 0 80000210 fe042783 r 0f         00000000  lw       x15, -0x20(x8)
#1833 0 80000214     078a r 0f         00000000  c.slli   x15, 2
#1834 0 80000216     17c1 r 0f         fffffff0  c.addi   x15, -0x10
#1835 0 80000218     97a2 r 0f         f0041050  c.add    x15, x8
#1836 0 8000021a f4c7a783 r 0f         00000001  lw       x15, -0xb4(x15)
#1837 0 8000021e     ebb5 r 00         00000000  c.bnez   x15, . + 0x74
#1838 0 80000292 fe042783 r 0f         00000000  lw       x15, -0x20(x8)
#1839 0 80000296     0785 r 0f         00000001  c.addi   x15, 0x1
#1840 0 80000298 fef42023 m f0041040   00000001  sw       x15, -0x20(x8)
#1841 0 8000029c fe042703 r 0e         00000001  lw       x14, -0x20(x8)
#1842 0 800002a0 f2842783 r 0f         00000005  lw       x15, -0xd8(x8)
#1843 0 800002a4 f6f746e3 r 00         00000000  blt      x14, x15, . - 0x94
#1844 0 80000210 fe042783 r 0f         00000001  lw       x15, -0x20(x8)
#1845 0 80000214     078a r 0f         00000004  c.slli   x15, 2
#1846 0 80000216     17c1 r 0f         fffffff4  c.addi   x15, -0x10
#1847 0 80000218     97a2 r 0f         f0041054  c.add    x15, x8
#1848 0 8000021a f4c7a783 r 0f         00000001  lw       x15, -0xb4(x15)
#1849 0 8000021e     ebb5 r 00         00000000  c.bnez   x15, . + 0x74
#1850 0 80000292 fe042783 r 0f         00000001  lw       x15, -0x20(x8)
#1851 0 80000296     0785 r 0f         00000002  c.addi   x15, 0x1
#1852 0 80000298 fef42023 m f0041040   00000002  sw       x15, -0x20(x8)
#1853 0 8000029c fe042703 r 0e         00000002  lw       x14, -0x20(x8)
#1854 0 800002a0 f2842783 r 0f         00000005  lw       x15, -0xd8(x8)
#1855 0 800002a4 f6f746e3 r 00         00000000  blt      x14, x15, . - 0x94
#1856 0 80000210 fe042783 r 0f         00000002  lw       x15, -0x20(x8)
#1857 0 80000214     078a r 0f         00000008  c.slli   x15, 2
#1858 0 80000216     17c1 r 0f         fffffff8  c.addi   x15, -0x10
#1859 0 80000218     97a2 r 0f         f0041058  c.add    x15, x8
#1860 0 8000021a f4c7a783 r 0f         00000001  lw       x15, -0xb4(x15)
#1861 0 8000021e     ebb5 r 00         00000000  c.bnez   x15, . + 0x74
#1862 0 80000292 fe042783 r 0f         00000002  lw       x15, -0x20(x8)
#1863 0 80000296     0785 r 0f         00000003  c.addi   x15, 0x1
#1864 0 80000298 fef42023 m f0041040   00000003  sw       x15, -0x20(x8)
#1865 0 8000029c fe042703 r 0e         00000003  lw       x14, -0x20(x8)
#1866 0 800002a0 f2842783 r 0f         00000005  lw       x15, -0xd8(x8)
#1867 0 800002a4 f6f746e3 r 00         00000000  blt      x14, x15, . - 0x94
#1868 0 80000210 fe042783 r 0f         00000003  lw       x15, -0x20(x8)
#1869 0 80000214     078a r 0f         0000000c  c.slli   x15, 2
#1870 0 80000216     17c1 r 0f         fffffffc  c.addi   x15, -0x10
#1871 0 80000218     97a2 r 0f         f004105c  c.add    x15, x8
#1872 0 8000021a f4c7a783 r 0f         00000001  lw       x15, -0xb4(x15)
#1873 0 8000021e     ebb5 r 00         00000000  c.bnez   x15, . + 0x74
#1874 0 80000292 fe042783 r 0f         00000003  lw       x15, -0x20(x8)
#1875 0 80000296     0785 r 0f         00000004  c.addi   x15, 0x1
#1876 0 80000298 fef42023 m f0041040   00000004  sw       x15, -0x20(x8)
#1877 0 8000029c fe042703 r 0e         00000004  lw       x14, -0x20(x8)
#1878 0 800002a0 f2842783 r 0f         00000005  lw       x15, -0xd8(x8)
#1879 0 800002a4 f6f746e3 r 00         00000000  blt      x14, x15, . - 0x94
#1880 0 80000210 fe042783 r 0f         00000004  lw       x15, -0x20(x8)
#1881 0 80000214     078a r 0f         00000010  c.slli   x15, 2
#1882 0 80000216     17c1 r 0f         00000000  c.addi   x15, -0x10
#1883 0 80000218     97a2 r 0f         f0041060  c.add    x15, x8
#1884 0 8000021a f4c7a783 r 0f         00000000  lw       x15, -0xb4(x15)
#1885 0 8000021e     ebb5 r 00         00000000  c.bnez   x15, . + 0x74
#1886 0 80000220 fe442703 r 0e         00000002  lw       x14, -0x1c(x8)
#1887 0 80000224     87ba r 0f         00000002  c.mv     x15, x14
#1888 0 80000226     078a r 0f         00000008  c.slli   x15, 2
#1889 0 80000228     97ba r 0f         0000000a  c.add    x15, x14
#1890 0 8000022a fe042703 r 0e         00000004  lw       x14, -0x20(x8)
#1891 0 8000022e     97ba r 0f         0000000e  c.add    x15, x14
#1892 0 80000230     078a r 0f         00000038  c.slli   x15, 2
#1893 0 80000232     17c1 r 0f         00000028  c.addi   x15, -0x10
#1894 0 80000234     97a2 r 0f         f0041088  c.add    x15, x8
#1895 0 80000236 f887a703 r 0e         0000000a  lw       x14, -0x78(x15)
#1896 0 8000023a fe842783 r 0f         00000032  lw       x15, -0x18(x8)
#1897 0 8000023e     973e r 0e         0000003c  c.add    x14, x15
#1898 0 80000240 fe042783 r 0f         00000004  lw       x15, -0x20(x8)
#1899 0 80000244     078a r 0f         00000010  c.slli   x15, 2
#1900 0 80000246     17c1 r 0f         00000000  c.addi   x15, -0x10
#1901 0 80000248     97a2 r 0f         f0041060  c.add    x15, x8
#1902 0 8000024a f747a783 r 0f         0000005a  lw       x15, -0x8c(x15)
#1903 0 8000024e 04f75263 r 00         00000000  bge      x14, x15, . + 0x44
#1904 0 80000252 fe442703 r 0e         00000002  lw       x14, -0x1c(x8)
#1905 0 80000256     87ba r 0f         00000002  c.mv     x15, x14
#1906 0 80000258     078a r 0f         00000008  c.slli   x15, 2
#1907 0 8000025a     97ba r 0f         0000000a  c.add    x15, x14
#1908 0 8000025c fe042703 r 0e         00000004  lw       x14, -0x20(x8)
#1909 0 80000260     97ba r 0f         0000000e  c.add    x15, x14
#1910 0 80000262     078a r 0f         00000038  c.slli   x15, 2
#1911 0 80000264     17c1 r 0f         00000028  c.addi   x15, -0x10
#1912 0 80000266     97a2 r 0f         f0041088  c.add    x15, x8
#1913 0 80000268 f887a703 r 0e         0000000a  lw       x14, -0x78(x15)
#1914 0 8000026c fe842783 r 0f         00000032  lw       x15, -0x18(x8)
#1915 0 80000270     973e r 0e         0000003c  c.add    x14, x15
#1916 0 80000272 fe042783 r 0f         00000004  lw       x15, -0x20(x8)
#1917 0 80000276     078a r 0f         00000010  c.slli   x15, 2
#1918 0 80000278     17c1 r 0f         00000000  c.addi   x15, -0x10
#1919 0 8000027a     97a2 r 0f         f0041060  c.add    x15, x8
#1920 0 8000027c f6e7aa23 m f0040fd4   0000003c  sw       x14, -0x8c(x15)
#1921 0 80000280 fe042783 r 0f         00000004  lw       x15, -0x20(x8)
#1922 0 80000284     078a r 0f         00000010  c.slli   x15, 2
#1923 0 80000286     17c1 r 0f         00000000  c.addi   x15, -0x10
#1924 0 80000288     97a2 r 0f         f0041060  c.add    x15, x8
#1925 0 8000028a fe442703 r 0e         00000002  lw       x14, -0x1c(x8)
#1926 0 8000028e f6e7a023 m f0040fc0   00000002  sw       x14, -0xa0(x15)
#1927 0 80000292 fe042783 r 0f         00000004  lw       x15, -0x20(x8)
#1928 0 80000296     0785 r 0f         00000005  c.addi   x15, 0x1
#1929 0 80000298 fef42023 m f0041040   00000005  sw       x15, -0x20(x8)
#1930 0 8000029c fe042703 r 0e         00000005  lw       x14, -0x20(x8)
#1931 0 800002a0 f2842783 r 0f         00000005  lw       x15, -0xd8(x8)
#1932 0 800002a4 f6f746e3 r 00         00000000  blt      x14, x15, . - 0x94
#1933 0 800002a8 fec42783 r 0f         00000003  lw       x15, -0x14(x8)
#1934 0 800002ac     0785 r 0f         00000004  c.addi   x15, 0x1
#1935 0 800002ae fef42623 m f004104c   00000004  sw       x15, -0x14(x8)
#1936 0 800002b2 f2842783 r 0f         00000005  lw       x15, -0xd8(x8)
#1937 0 800002b6     17fd r 0f         00000004  c.addi   x15, -0x1
#1938 0 800002b8 fec42703 r 0e         00000004  lw       x14, -0x14(x8)
#1939 0 800002bc ecf74ce3 r 00         00000000  blt      x14, x15, . - 0x128
#1940 0 800002c0     0001 r 00         00000000  c.nop
#1941 0 800002c2     0001 r 00         00000000  c.nop
#1942 0 800002c4     447e r 08         f0041070  c.lwsp   x8, 0xdc
#1943 0 800002c6     612d r 02         f0041060  c.addi16sp 0xe
#1944 0 800002c8     8082 r 00         00000000  c.jr     x1
#1945 0 800002f0     4781 r 0f         00000000  c.li     x15, 0x0
#1946 0 800002f2     853e r 0a         00000000  c.mv     x10, x15
#1947 0 800002f4     40b2 r 01         80000018  c.lwsp   x1, 0xc
#1948 0 800002f6     4422 r 08         00000000  c.lwsp   x8, 0x8
#1949 0 800002f8     0141 r 02         f0041070  c.addi   x2, 0x10
#1950 0 800002fa     8082 r 00         00000000  c.jr     x1
#1951 0 80000018 50580297 r 05         d0580018  auipc    x5, 0x50580
#1952 0 8000001c fe828293 r 05         d0580000  addi     x5, x5, -0x18
#1953 0 80000020 0ff00313 r 06         000000ff  addi     x6, x0, 0xff
#1954 0 80000024 00628023 m d0580000   000000ff  sb       x6, 0x0(x5)
