#1 0 80000000 595552b7 r 05         59555000  lui      x5, 0x59555
#2 0 80000004 55528293 r 05         59555555  addi     x5, x5, 0x555
#3 0 80000008 7c029073 c 07c0       59555555  csrrw    x0, mrac, x5
#4 0 8000000c 70041117 r 02         f004100c  auipc    x2, 0x70041
#5 0 80000010 ff410113 r 02         f0041000  addi     x2, x2, -0xc
#6 0 80000014     2805 r 01         80000016  c.jal    . + 0x30
#7 0 80000044     711d r 02         f0040fa0  c.addi16sp -0x6
#8 0 80000046     cea2 m f0040ffc   00000000  c.swsp   x8, 0x5c
#9 0 80000048     1080 r 08         f0041000  c.addi4spn  x8, 0x18
#10 0 8000004a fa042623 m f0040fac   00000000  sw       x0, -0x54(x8)
#11 0 8000004e fa042823 m f0040fb0   00000000  sw       x0, -0x50(x8)
#12 0 80000052 fa042a23 m f0040fb4   00000000  sw       x0, -0x4c(x8)
#13 0 80000056 fa042c23 m f0040fb8   00000000  sw       x0, -0x48(x8)
#14 0 8000005a fa042e23 m f0040fbc   00000000  sw       x0, -0x44(x8)
#15 0 8000005e fc042023 m f0040fc0   00000000  sw       x0, -0x40(x8)
#16 0 80000062 fc042223 m f0040fc4   00000000  sw       x0, -0x3c(x8)
#17 0 80000066 fc042423 m f0040fc8   00000000  sw       x0, -0x38(x8)
#18 0 8000006a fc042623 m f0040fcc   00000000  sw       x0, -0x34(x8)
#19 0 8000006e fc042823 m f0040fd0   00000000  sw       x0, -0x30(x8)
#20 0 80000072 fc042a23 m f0040fd4   00000000  sw       x0, -0x2c(x8)
#21 0 80000076 fc042c23 m f0040fd8   00000000  sw       x0, -0x28(x8)
#22 0 8000007a fc042e23 m f0040fdc   00000000  sw       x0, -0x24(x8)
#23 0 8000007e fe042023 m f0040fe0   00000000  sw       x0, -0x20(x8)
#24 0 80000082 02d00793 r 0f         0000002d  addi     x15, x0, 0x2d
#25 0 80000086 faf42623 m f0040fac   0000002d  sw       x15, -0x54(x8)
#26 0 8000008a 04300793 r 0f         00000043  addi     x15, x0, 0x43
#27 0 8000008e faf42823 m f0040fb0   00000043  sw       x15, -0x50(x8)
#28 0 80000092     47b1 r 0f         0000000c  c.li     x15, 0xc
#29 0 80000094 faf42a23 m f0040fb4   0000000c  sw       x15, -0x4c(x8)
#30 0 80000098 05900793 r 0f         00000059  addi     x15, x0, 0x59
#31 0 8000009c faf42c23 m f0040fb8   00000059  sw       x15, -0x48(x8)
#32 0 800000a0 02c00793 r 0f         0000002c  addi     x15, x0, 0x2c
#33 0 800000a4 faf42e23 m f0040fbc   0000002c  sw       x15, -0x44(x8)
#34 0 800000a8     47dd r 0f         00000017  c.li     x15, 0x17
#35 0 800000aa fcf42023 m f0040fc0   00000017  sw       x15, -0x40(x8)
#36 0 800000ae 05800793 r 0f         00000058  addi     x15, x0, 0x58
#37 0 800000b2 fcf42223 m f0040fc4   00000058  sw       x15, -0x3c(x8)
#38 0 800000b6     47ad r 0f         0000000b  c.li     x15, 0xb
#39 0 800000b8 fcf42423 m f0040fc8   0000000b  sw       x15, -0x38(x8)
#40 0 800000bc 05a00793 r 0f         0000005a  addi     x15, x0, 0x5a
#41 0 800000c0 fcf42623 m f0040fcc   0000005a  sw       x15, -0x34(x8)
#42 0 800000c4 04800793 r 0f         00000048  addi     x15, x0, 0x48
#43 0 800000c8 fcf42823 m f0040fd0   00000048  sw       x15, -0x30(x8)
#44 0 800000cc 04e00793 r 0f         0000004e  addi     x15, x0, 0x4e
#45 0 800000d0 fcf42a23 m f0040fd4   0000004e  sw       x15, -0x2c(x8)
#46 0 800000d4 02200793 r 0f         00000022  addi     x15, x0, 0x22
#47 0 800000d8 fcf42c23 m f0040fd8   00000022  sw       x15, -0x28(x8)
#48 0 800000dc 04200793 r 0f         00000042  addi     x15, x0, 0x42
#49 0 800000e0 fcf42e23 m f0040fdc   00000042  sw       x15, -0x24(x8)
#50 0 800000e4     47ad r 0f         0000000b  c.li     x15, 0xb
#51 0 800000e6 fef42423 m f0040fe8   0000000b  sw       x15, -0x18(x8)
#52 0 800000ea     47b5 r 0f         0000000d  c.li     x15, 0xd
#53 0 800000ec fef42223 m f0040fe4   0000000d  sw       x15, -0x1c(x8)
#54 0 800000f0 fe042623 m f0040fec   00000000  sw       x0, -0x14(x8)
#55 0 800000f4     a00d r 00         00000000  c.j      . + 0x22
#56 0 80000116 fec42703 r 0e         00000000  lw       x14, -0x14(x8)
#57 0 8000011a fe442783 r 0f         0000000d  lw       x15, -0x1c(x8)
#58 0 8000011e fcf74ce3 r 00         00000000  blt      x14, x15, . - 0x28
#59 0 800000f6 fec42783 r 0f         00000000  lw       x15, -0x14(x8)
#60 0 800000fa     078a r 0f         00000000  c.slli   x15, 2
#61 0 800000fc     17c1 r 0f         fffffff0  c.addi   x15, -0x10
#62 0 800000fe     97a2 r 0f         f0040ff0  c.add    x15, x8
#63 0 80000100 fbc7a783 r 0f         0000002d  lw       x15, -0x44(x15)
#64 0 80000104 fe842703 r 0e         0000000b  lw       x14, -0x18(x8)
#65 0 80000108 00f70e63 r 00         00000000  beq      x14, x15, . + 0x1c
#66 0 8000010c fec42783 r 0f         00000000  lw       x15, -0x14(x8)
#67 0 80000110     0785 r 0f         00000001  c.addi   x15, 0x1
#68 0 80000112 fef42623 m f0040fec   00000001  sw       x15, -0x14(x8)
#69 0 80000116 fec42703 r 0e         00000001  lw       x14, -0x14(x8)
#70 0 8000011a fe442783 r 0f         0000000d  lw       x15, -0x1c(x8)
#71 0 8000011e fcf74ce3 r 00         00000000  blt      x14, x15, . - 0x28
#72 0 800000f6 fec42783 r 0f         00000001  lw       x15, -0x14(x8)
#73 0 800000fa     078a r 0f         00000004  c.slli   x15, 2
#74 0 800000fc     17c1 r 0f         fffffff4  c.addi   x15, -0x10
#75 0 800000fe     97a2 r 0f         f0040ff4  c.add    x15, x8
#76 0 80000100 fbc7a783 r 0f         00000043  lw       x15, -0x44(x15)
#77 0 80000104 fe842703 r 0e         0000000b  lw       x14, -0x18(x8)
#78 0 80000108 00f70e63 r 00         00000000  beq      x14, x15, . + 0x1c
#79 0 8000010c fec42783 r 0f         00000001  lw       x15, -0x14(x8)
#80 0 80000110     0785 r 0f         00000002  c.addi   x15, 0x1
#81 0 80000112 fef42623 m f0040fec   00000002  sw       x15, -0x14(x8)
#82 0 80000116 fec42703 r 0e         00000002  lw       x14, -0x14(x8)
#83 0 8000011a fe442783 r 0f         0000000d  lw       x15, -0x1c(x8)
#84 0 8000011e fcf74ce3 r 00         00000000  blt      x14, x15, . - 0x28
#85 0 800000f6 fec42783 r 0f         00000002  lw       x15, -0x14(x8)
#86 0 800000fa     078a r 0f         00000008  c.slli   x15, 2
#87 0 800000fc     17c1 r 0f         fffffff8  c.addi   x15, -0x10
#88 0 800000fe     97a2 r 0f         f0040ff8  c.add    x15, x8
#89 0 80000100 fbc7a783 r 0f         0000000c  lw       x15, -0x44(x15)
#90 0 80000104 fe842703 r 0e         0000000b  lw       x14, -0x18(x8)
#91 0 80000108 00f70e63 r 00         00000000  beq      x14, x15, . + 0x1c
#92 0 8000010c fec42783 r 0f         00000002  lw       x15, -0x14(x8)
#93 0 80000110     0785 r 0f         00000003  c.addi   x15, 0x1
#94 0 80000112 fef42623 m f0040fec   00000003  sw       x15, -0x14(x8)
#95 0 80000116 fec42703 r 0e         00000003  lw       x14, -0x14(x8)
#96 0 8000011a fe442783 r 0f         0000000d  lw       x15, -0x1c(x8)
#97 0 8000011e fcf74ce3 r 00         00000000  blt      x14, x15, . - 0x28
#98 0 800000f6 fec42783 r 0f         00000003  lw       x15, -0x14(x8)
#99 0 800000fa     078a r 0f         0000000c  c.slli   x15, 2
#100 0 800000fc     17c1 r 0f         fffffffc  c.addi   x15, -0x10
#101 0 800000fe     97a2 r 0f         f0040ffc  c.add    x15, x8
#102 0 80000100 fbc7a783 r 0f         00000059  lw       x15, -0x44(x15)
#103 0 80000104 fe842703 r 0e         0000000b  lw       x14, -0x18(x8)
#104 0 80000108 00f70e63 r 00         00000000  beq      x14, x15, . + 0x1c
#105 0 8000010c fec42783 r 0f         00000003  lw       x15, -0x14(x8)
#106 0 80000110     0785 r 0f         00000004  c.addi   x15, 0x1
#107 0 80000112 fef42623 m f0040fec   00000004  sw       x15, -0x14(x8)
#108 0 80000116 fec42703 r 0e         00000004  lw       x14, -0x14(x8)
#109 0 8000011a fe442783 r 0f         0000000d  lw       x15, -0x1c(x8)
#110 0 8000011e fcf74ce3 r 00         00000000  blt      x14, x15, . - 0x28
#111 0 800000f6 fec42783 r 0f         00000004  lw       x15, -0x14(x8)
#112 0 800000fa     078a r 0f         00000010  c.slli   x15, 2
#113 0 800000fc     17c1 r 0f         00000000  c.addi   x15, -0x10
#114 0 800000fe     97a2 r 0f         f0041000  c.add    x15, x8
#115 0 80000100 fbc7a783 r 0f         0000002c  lw       x15, -0x44(x15)
#116 0 80000104 fe842703 r 0e         0000000b  lw       x14, -0x18(x8)
#117 0 80000108 00f70e63 r 00         00000000  beq      x14, x15, . + 0x1c
#118 0 8000010c fec42783 r 0f         00000004  lw       x15, -0x14(x8)
#119 0 80000110     0785 r 0f         00000005  c.addi   x15, 0x1
#120 0 80000112 fef42623 m f0040fec   00000005  sw       x15, -0x14(x8)
#121 0 80000116 fec42703 r 0e         00000005  lw       x14, -0x14(x8)
#122 0 8000011a fe442783 r 0f         0000000d  lw       x15, -0x1c(x8)
#123 0 8000011e fcf74ce3 r 00         00000000  blt      x14, x15, . - 0x28
#124 0 800000f6 fec42783 r 0f         00000005  lw       x15, -0x14(x8)
#125 0 800000fa     078a r 0f         00000014  c.slli   x15, 2
#126 0 800000fc     17c1 r 0f         00000004  c.addi   x15, -0x10
#127 0 800000fe     97a2 r 0f         f0041004  c.add    x15, x8
#128 0 80000100 fbc7a783 r 0f         00000017  lw       x15, -0x44(x15)
#129 0 80000104 fe842703 r 0e         0000000b  lw       x14, -0x18(x8)
#130 0 80000108 00f70e63 r 00         00000000  beq      x14, x15, . + 0x1c
#131 0 8000010c fec42783 r 0f         00000005  lw       x15, -0x14(x8)
#132 0 80000110     0785 r 0f         00000006  c.addi   x15, 0x1
#133 0 80000112 fef42623 m f0040fec   00000006  sw       x15, -0x14(x8)
#134 0 80000116 fec42703 r 0e         00000006  lw       x14, -0x14(x8)
#135 0 8000011a fe442783 r 0f         0000000d  lw       x15, -0x1c(x8)
#136 0 8000011e fcf74ce3 r 00         00000000  blt      x14, x15, . - 0x28
#137 0 800000f6 fec42783 r 0f         00000006  lw       x15, -0x14(x8)
#138 0 800000fa     078a r 0f         00000018  c.slli   x15, 2
#139 0 800000fc     17c1 r 0f         00000008  c.addi   x15, -0x10
#140 0 800000fe     97a2 r 0f         f0041008  c.add    x15, x8
#141 0 80000100 fbc7a783 r 0f         00000058  lw       x15, -0x44(x15)
#142 0 80000104 fe842703 r 0e         0000000b  lw       x14, -0x18(x8)
#143 0 80000108 00f70e63 r 00         00000000  beq      x14, x15, . + 0x1c
#144 0 8000010c fec42783 r 0f         00000006  lw       x15, -0x14(x8)
#145 0 80000110     0785 r 0f         00000007  c.addi   x15, 0x1
#146 0 80000112 fef42623 m f0040fec   00000007  sw       x15, -0x14(x8)
#147 0 80000116 fec42703 r 0e         00000007  lw       x14, -0x14(x8)
#148 0 8000011a fe442783 r 0f         0000000d  lw       x15, -0x1c(x8)
#149 0 8000011e fcf74ce3 r 00         00000000  blt      x14, x15, . - 0x28
#150 0 800000f6 fec42783 r 0f         00000007  lw       x15, -0x14(x8)
#151 0 800000fa     078a r 0f         0000001c  c.slli   x15, 2
#152 0 800000fc     17c1 r 0f         0000000c  c.addi   x15, -0x10
#153 0 800000fe     97a2 r 0f         f004100c  c.add    x15, x8
#154 0 80000100 fbc7a783 r 0f         0000000b  lw       x15, -0x44(x15)
#155 0 80000104 fe842703 r 0e         0000000b  lw       x14, -0x18(x8)
#156 0 80000108 00f70e63 r 00         00000000  beq      x14, x15, . + 0x1c
#157 0 80000124     0001 r 00         00000000  c.nop
#158 0 80000126     0001 r 00         00000000  c.nop
#159 0 80000128     4476 r 08         00000000  c.lwsp   x8, 0x5c
#160 0 8000012a     6125 r 02         f0041000  c.addi16sp 0x6
#161 0 8000012c     8082 r 00         00000000  c.jr     x1
#162 0 80000016 50580297 r 05         d0580016  auipc    x5, 0x50580
#163 0 8000001a fea28293 r 05         d0580000  addi     x5, x5, -0x16
#164 0 8000001e 0ff00313 r 06         000000ff  addi     x6, x0, 0xff
#165 0 80000022 00628023 m d0580000   000000ff  sb       x6, 0x0(x5)
