#1 0 80000000 595552b7 r 05         59555000  lui      x5, 0x59555
#2 0 80000004 55528293 r 05         59555555  addi     x5, x5, 0x555
#3 0 80000008 7c029073 c 07c0       59555555  csrrw    x0, mrac, x5
#4 0 8000000c 70041117 r 02         f004100c  auipc    x2, 0x70041
#5 0 80000010 02410113 r 02         f0041030  addi     x2, x2, 0x24
#6 0 80000014 032000ef r 01         80000018  jal      x1, . + 0x32
#7 0 80000046     7139 r 02         f0040ff0  c.addi16sp -0x4
#8 0 80000048     de22 m f004102c   00000000  c.swsp   x8, 0x3c
#9 0 8000004a     0080 r 08         f0041030  c.addi4spn  x8, 0x10
#10 0 8000004c f00407b7 r 0f         f0040000  lui      x15, -0xffc0
#11 0 80000050 00078793 r 0f         f0040000  addi     x15, x15, 0x0
#12 0 80000054     438c r 0b         0000000b  c.lw     x11, 0x0(x15)
#13 0 80000056     43d0 r 0c         0000001d  c.lw     x12, 0x4(x15)
#14 0 80000058     4794 r 0d         00000053  c.lw     x13, 0x8(x15)
#15 0 8000005a     47d8 r 0e         0000006d  c.lw     x14, 0xc(x15)
#16 0 8000005c     4b9c r 0f         00000009  c.lw     x15, 0x10(x15)
#17 0 8000005e fcb42a23 m f0041004   0000000b  sw       x11, -0x2c(x8)
#18 0 80000062 fcc42c23 m f0041008   0000001d  sw       x12, -0x28(x8)
#19 0 80000066 fcd42e23 m f004100c   00000053  sw       x13, -0x24(x8)
#20 0 8000006a fee42023 m f0041010   0000006d  sw       x14, -0x20(x8)
#21 0 8000006e fef42223 m f0041014   00000009  sw       x15, -0x1c(x8)
#22 0 80000072 f00407b7 r 0f         f0040000  lui      x15, -0xffc0
#23 0 80000076 01478793 r 0f         f0040014  addi     x15, x15, 0x14
#24 0 8000007a     438c r 0b         00000059  c.lw     x11, 0x0(x15)
#25 0 8000007c     43d0 r 0c         0000003e  c.lw     x12, 0x4(x15)
#26 0 8000007e     4794 r 0d         00000049  c.lw     x13, 0x8(x15)
#27 0 80000080     47d8 r 0e         0000005a  c.lw     x14, 0xc(x15)
#28 0 80000082     4b9c r 0f         00000007  c.lw     x15, 0x10(x15)
#29 0 80000084 fcb42023 m f0040ff0   00000059  sw       x11, -0x40(x8)
#30 0 80000088 fcc42223 m f0040ff4   0000003e  sw       x12, -0x3c(x8)
#31 0 8000008c fcd42423 m f0040ff8   00000049  sw       x13, -0x38(x8)
#32 0 80000090 fce42623 m f0040ffc   0000005a  sw       x14, -0x34(x8)
#33 0 80000094 fcf42823 m f0041000   00000007  sw       x15, -0x30(x8)
#34 0 80000098 fe042423 m f0041018   00000000  sw       x0, -0x18(x8)
#35 0 8000009c fe042623 m f004101c   00000000  sw       x0, -0x14(x8)
#36 0 800000a0     a80d r 00         00000000  c.j      . + 0x32
#37 0 800000d2 fec42703 r 0e         00000000  lw       x14, -0x14(x8)
#38 0 800000d6     4791 r 0f         00000004  c.li     x15, 0x4
#39 0 800000d8 fce7d5e3 r 00         00000000  bge      x15, x14, . - 0x36
#40 0 800000a2 fec42783 r 0f         00000000  lw       x15, -0x14(x8)
#41 0 800000a6     078a r 0f         00000000  c.slli   x15, 2
#42 0 800000a8 ff040713 r 0e         f0041020  addi     x14, x8, -0x10
#43 0 800000ac     97ba r 0f         f0041020  c.add    x15, x14
#44 0 800000ae fe47a703 r 0e         0000000b  lw       x14, -0x1c(x15)
#45 0 800000b2 fec42783 r 0f         00000000  lw       x15, -0x14(x8)
#46 0 800000b6     078a r 0f         00000000  c.slli   x15, 2
#47 0 800000b8 ff040693 r 0d         f0041020  addi     x13, x8, -0x10
#48 0 800000bc     97b6 r 0f         f0041020  c.add    x15, x13
#49 0 800000be fd07a783 r 0f         00000059  lw       x15, -0x30(x15)
#50 0 800000c2     97ba r 0f         00000064  c.add    x15, x14
#51 0 800000c4 fef42423 m f0041018   00000064  sw       x15, -0x18(x8)
#52 0 800000c8 fec42783 r 0f         00000000  lw       x15, -0x14(x8)
#53 0 800000cc     0785 r 0f         00000001  c.addi   x15, 0x1
#54 0 800000ce fef42623 m f004101c   00000001  sw       x15, -0x14(x8)
#55 0 800000d2 fec42703 r 0e         00000001  lw       x14, -0x14(x8)
#56 0 800000d6     4791 r 0f         00000004  c.li     x15, 0x4
#57 0 800000d8 fce7d5e3 r 00         00000000  bge      x15, x14, . - 0x36
#58 0 800000a2 fec42783 r 0f         00000001  lw       x15, -0x14(x8)
#59 0 800000a6     078a r 0f         00000004  c.slli   x15, 2
#60 0 800000a8 ff040713 r 0e         f0041020  addi     x14, x8, -0x10
#61 0 800000ac     97ba r 0f         f0041024  c.add    x15, x14
#62 0 800000ae fe47a703 r 0e         0000001d  lw       x14, -0x1c(x15)
#63 0 800000b2 fec42783 r 0f         00000001  lw       x15, -0x14(x8)
#64 0 800000b6     078a r 0f         00000004  c.slli   x15, 2
#65 0 800000b8 ff040693 r 0d         f0041020  addi     x13, x8, -0x10
#66 0 800000bc     97b6 r 0f         f0041024  c.add    x15, x13
#67 0 800000be fd07a783 r 0f         0000003e  lw       x15, -0x30(x15)
#68 0 800000c2     97ba r 0f         0000005b  c.add    x15, x14
#69 0 800000c4 fef42423 m f0041018   0000005b  sw       x15, -0x18(x8)
#70 0 800000c8 fec42783 r 0f         00000001  lw       x15, -0x14(x8)
#71 0 800000cc     0785 r 0f         00000002  c.addi   x15, 0x1
#72 0 800000ce fef42623 m f004101c   00000002  sw       x15, -0x14(x8)
#73 0 800000d2 fec42703 r 0e         00000002  lw       x14, -0x14(x8)
#74 0 800000d6     4791 r 0f         00000004  c.li     x15, 0x4
#75 0 800000d8 fce7d5e3 r 00         00000000  bge      x15, x14, . - 0x36
#76 0 800000a2 fec42783 r 0f         00000002  lw       x15, -0x14(x8)
#77 0 800000a6     078a r 0f         00000008  c.slli   x15, 2
#78 0 800000a8 ff040713 r 0e         f0041020  addi     x14, x8, -0x10
#79 0 800000ac     97ba r 0f         f0041028  c.add    x15, x14
#80 0 800000ae fe47a703 r 0e         00000053  lw       x14, -0x1c(x15)
#81 0 800000b2 fec42783 r 0f         00000002  lw       x15, -0x14(x8)
#82 0 800000b6     078a r 0f         00000008  c.slli   x15, 2
#83 0 800000b8 ff040693 r 0d         f0041020  addi     x13, x8, -0x10
#84 0 800000bc     97b6 r 0f         f0041028  c.add    x15, x13
#85 0 800000be fd07a783 r 0f         00000049  lw       x15, -0x30(x15)
#86 0 800000c2     97ba r 0f         0000009c  c.add    x15, x14
#87 0 800000c4 fef42423 m f0041018   0000009c  sw       x15, -0x18(x8)
#88 0 800000c8 fec42783 r 0f         00000002  lw       x15, -0x14(x8)
#89 0 800000cc     0785 r 0f         00000003  c.addi   x15, 0x1
#90 0 800000ce fef42623 m f004101c   00000003  sw       x15, -0x14(x8)
#91 0 800000d2 fec42703 r 0e         00000003  lw       x14, -0x14(x8)
#92 0 800000d6     4791 r 0f         00000004  c.li     x15, 0x4
#93 0 800000d8 fce7d5e3 r 00         00000000  bge      x15, x14, . - 0x36
#94 0 800000a2 fec42783 r 0f         00000003  lw       x15, -0x14(x8)
#95 0 800000a6     078a r 0f         0000000c  c.slli   x15, 2
#96 0 800000a8 ff040713 r 0e         f0041020  addi     x14, x8, -0x10
#97 0 800000ac     97ba r 0f         f004102c  c.add    x15, x14
#98 0 800000ae fe47a703 r 0e         0000006d  lw       x14, -0x1c(x15)
#99 0 800000b2 fec42783 r 0f         00000003  lw       x15, -0x14(x8)
#100 0 800000b6     078a r 0f         0000000c  c.slli   x15, 2
#101 0 800000b8 ff040693 r 0d         f0041020  addi     x13, x8, -0x10
#102 0 800000bc     97b6 r 0f         f004102c  c.add    x15, x13
#103 0 800000be fd07a783 r 0f         0000005a  lw       x15, -0x30(x15)
#104 0 800000c2     97ba r 0f         000000c7  c.add    x15, x14
#105 0 800000c4 fef42423 m f0041018   000000c7  sw       x15, -0x18(x8)
#106 0 800000c8 fec42783 r 0f         00000003  lw       x15, -0x14(x8)
#107 0 800000cc     0785 r 0f         00000004  c.addi   x15, 0x1
#108 0 800000ce fef42623 m f004101c   00000004  sw       x15, -0x14(x8)
#109 0 800000d2 fec42703 r 0e         00000004  lw       x14, -0x14(x8)
#110 0 800000d6     4791 r 0f         00000004  c.li     x15, 0x4
#111 0 800000d8 fce7d5e3 r 00         00000000  bge      x15, x14, . - 0x36
#112 0 800000a2 fec42783 r 0f         00000004  lw       x15, -0x14(x8)
#113 0 800000a6     078a r 0f         00000010  c.slli   x15, 2
#114 0 800000a8 ff040713 r 0e         f0041020  addi     x14, x8, -0x10
#115 0 800000ac     97ba r 0f         f0041030  c.add    x15, x14
#116 0 800000ae fe47a703 r 0e         00000009  lw       x14, -0x1c(x15)
#117 0 800000b2 fec42783 r 0f         00000004  lw       x15, -0x14(x8)
#118 0 800000b6     078a r 0f         00000010  c.slli   x15, 2
#119 0 800000b8 ff040693 r 0d         f0041020  addi     x13, x8, -0x10
#120 0 800000bc     97b6 r 0f         f0041030  c.add    x15, x13
#121 0 800000be fd07a783 r 0f         00000007  lw       x15, -0x30(x15)
#122 0 800000c2     97ba r 0f         00000010  c.add    x15, x14
#123 0 800000c4 fef42423 m f0041018   00000010  sw       x15, -0x18(x8)
#124 0 800000c8 fec42783 r 0f         00000004  lw       x15, -0x14(x8)
#125 0 800000cc     0785 r 0f         00000005  c.addi   x15, 0x1
#126 0 800000ce fef42623 m f004101c   00000005  sw       x15, -0x14(x8)
#127 0 800000d2 fec42703 r 0e         00000005  lw       x14, -0x14(x8)
#128 0 800000d6     4791 r 0f         00000004  c.li     x15, 0x4
#129 0 800000d8 fce7d5e3 r 00         00000000  bge      x15, x14, . - 0x36
#130 0 800000dc     0001 r 00         00000000  c.nop
#131 0 800000de     0001 r 00         00000000  c.nop
#132 0 800000e0     5472 r 08         00000000  c.lwsp   x8, 0x3c
#133 0 800000e2     6121 r 02         f0041030  c.addi16sp 0x4
#134 0 800000e4     8082 r 00         00000000  c.jr     x1
#135 0 80000018 50580297 r 05         d0580018  auipc    x5, 0x50580
#136 0 8000001c fe828293 r 05         d0580000  addi     x5, x5, -0x18
#137 0 80000020 0ff00313 r 06         000000ff  addi     x6, x0, 0xff
#138 0 80000024 00628023 m d0580000   000000ff  sb       x6, 0x0(x5)
