#1 0 80000000 595552b7 r 05         59555000  lui      x5, 0x59555
#2 0 80000004 55528293 r 05         59555555  addi     x5, x5, 0x555
#3 0 80000008 7c029073 c 07c0       59555555  csrrw    x0, mrac, x5
#4 0 8000000c 70041117 r 02         f004100c  auipc    x2, 0x70041
#5 0 80000010 ff410113 r 02         f0041000  addi     x2, x2, -0xc
#6 0 80000014     2805 r 01         80000016  c.jal    . + 0x30
#7 0 80000044     7179 r 02         f0040fd0  c.addi16sp -0x3
#8 0 80000046     d622 m f0040ffc   00000000  c.swsp   x8, 0x2c
#9 0 80000048     1800 r 08         f0041000  c.addi4spn  x8, 0xc
#10 0 8000004a     47b1 r 0f         0000000c  c.li     x15, 0xc
#11 0 8000004c fef42023 m f0040fe0   0000000c  sw       x15, -0x20(x8)
#12 0 80000050     4785 r 0f         00000001  c.li     x15, 0x1
#13 0 80000052 fef42423 m f0040fe8   00000001  sw       x15, -0x18(x8)
#14 0 80000056 fe842783 r 0f         00000001  lw       x15, -0x18(x8)
#15 0 8000005a fef42623 m f0040fec   00000001  sw       x15, -0x14(x8)
#16 0 8000005e     4785 r 0f         00000001  c.li     x15, 0x1
#17 0 80000060 fef42223 m f0040fe4   00000001  sw       x15, -0x1c(x8)
#18 0 80000064     a02d r 00         00000000  c.j      . + 0x2a
#19 0 8000008e fe042783 r 0f         0000000c  lw       x15, -0x20(x8)
#20 0 80000092     17fd r 0f         0000000b  c.addi   x15, -0x1
#21 0 80000094 fe442703 r 0e         00000001  lw       x14, -0x1c(x8)
#22 0 80000098 fcf747e3 r 00         00000000  blt      x14, x15, . - 0x32
#23 0 80000066 fec42703 r 0e         00000001  lw       x14, -0x14(x8)
#24 0 8000006a fe842783 r 0f         00000001  lw       x15, -0x18(x8)
#25 0 8000006e     97ba r 0f         00000002  c.add    x15, x14
#26 0 80000070 fcf42e23 m f0040fdc   00000002  sw       x15, -0x24(x8)
#27 0 80000074 fe842783 r 0f         00000001  lw       x15, -0x18(x8)
#28 0 80000078 fef42623 m f0040fec   00000001  sw       x15, -0x14(x8)
#29 0 8000007c fdc42783 r 0f         00000002  lw       x15, -0x24(x8)
#30 0 80000080 fef42423 m f0040fe8   00000002  sw       x15, -0x18(x8)
#31 0 80000084 fe442783 r 0f         00000001  lw       x15, -0x1c(x8)
#32 0 80000088     0785 r 0f         00000002  c.addi   x15, 0x1
#33 0 8000008a fef42223 m f0040fe4   00000002  sw       x15, -0x1c(x8)
#34 0 8000008e fe042783 r 0f         0000000c  lw       x15, -0x20(x8)
#35 0 80000092     17fd r 0f         0000000b  c.addi   x15, -0x1
#36 0 80000094 fe442703 r 0e         00000002  lw       x14, -0x1c(x8)
#37 0 80000098 fcf747e3 r 00         00000000  blt      x14, x15, . - 0x32
#38 0 80000066 fec42703 r 0e         00000001  lw       x14, -0x14(x8)
#39 0 8000006a fe842783 r 0f         00000002  lw       x15, -0x18(x8)
#40 0 8000006e     97ba r 0f         00000003  c.add    x15, x14
#41 0 80000070 fcf42e23 m f0040fdc   00000003  sw       x15, -0x24(x8)
#42 0 80000074 fe842783 r 0f         00000002  lw       x15, -0x18(x8)
#43 0 80000078 fef42623 m f0040fec   00000002  sw       x15, -0x14(x8)
#44 0 8000007c fdc42783 r 0f         00000003  lw       x15, -0x24(x8)
#45 0 80000080 fef42423 m f0040fe8   00000003  sw       x15, -0x18(x8)
#46 0 80000084 fe442783 r 0f         00000002  lw       x15, -0x1c(x8)
#47 0 80000088     0785 r 0f         00000003  c.addi   x15, 0x1
#48 0 8000008a fef42223 m f0040fe4   00000003  sw       x15, -0x1c(x8)
#49 0 8000008e fe042783 r 0f         0000000c  lw       x15, -0x20(x8)
#50 0 80000092     17fd r 0f         0000000b  c.addi   x15, -0x1
#51 0 80000094 fe442703 r 0e         00000003  lw       x14, -0x1c(x8)
#52 0 80000098 fcf747e3 r 00         00000000  blt      x14, x15, . - 0x32
#53 0 80000066 fec42703 r 0e         00000002  lw       x14, -0x14(x8)
#54 0 8000006a fe842783 r 0f         00000003  lw       x15, -0x18(x8)
#55 0 8000006e     97ba r 0f         00000005  c.add    x15, x14
#56 0 80000070 fcf42e23 m f0040fdc   00000005  sw       x15, -0x24(x8)
#57 0 80000074 fe842783 r 0f         00000003  lw       x15, -0x18(x8)
#58 0 80000078 fef42623 m f0040fec   00000003  sw       x15, -0x14(x8)
#59 0 8000007c fdc42783 r 0f         00000005  lw       x15, -0x24(x8)
#60 0 80000080 fef42423 m f0040fe8   00000005  sw       x15, -0x18(x8)
#61 0 80000084 fe442783 r 0f         00000003  lw       x15, -0x1c(x8)
#62 0 80000088     0785 r 0f         00000004  c.addi   x15, 0x1
#63 0 8000008a fef42223 m f0040fe4   00000004  sw       x15, -0x1c(x8)
#64 0 8000008e fe042783 r 0f         0000000c  lw       x15, -0x20(x8)
#65 0 80000092     17fd r 0f         0000000b  c.addi   x15, -0x1
#66 0 80000094 fe442703 r 0e         00000004  lw       x14, -0x1c(x8)
#67 0 80000098 fcf747e3 r 00         00000000  blt      x14, x15, . - 0x32
#68 0 80000066 fec42703 r 0e         00000003  lw       x14, -0x14(x8)
#69 0 8000006a fe842783 r 0f         00000005  lw       x15, -0x18(x8)
#70 0 8000006e     97ba r 0f         00000008  c.add    x15, x14
#71 0 80000070 fcf42e23 m f0040fdc   00000008  sw       x15, -0x24(x8)
#72 0 80000074 fe842783 r 0f         00000005  lw       x15, -0x18(x8)
#73 0 80000078 fef42623 m f0040fec   00000005  sw       x15, -0x14(x8)
#74 0 8000007c fdc42783 r 0f         00000008  lw       x15, -0x24(x8)
#75 0 80000080 fef42423 m f0040fe8   00000008  sw       x15, -0x18(x8)
#76 0 80000084 fe442783 r 0f         00000004  lw       x15, -0x1c(x8)
#77 0 80000088     0785 r 0f         00000005  c.addi   x15, 0x1
#78 0 8000008a fef42223 m f0040fe4   00000005  sw       x15, -0x1c(x8)
#79 0 8000008e fe042783 r 0f         0000000c  lw       x15, -0x20(x8)
#80 0 80000092     17fd r 0f         0000000b  c.addi   x15, -0x1
#81 0 80000094 fe442703 r 0e         00000005  lw       x14, -0x1c(x8)
#82 0 80000098 fcf747e3 r 00         00000000  blt      x14, x15, . - 0x32
#83 0 80000066 fec42703 r 0e         00000005  lw       x14, -0x14(x8)
#84 0 8000006a fe842783 r 0f         00000008  lw       x15, -0x18(x8)
#85 0 8000006e     97ba r 0f         0000000d  c.add    x15, x14
#86 0 80000070 fcf42e23 m f0040fdc   0000000d  sw       x15, -0x24(x8)
#87 0 80000074 fe842783 r 0f         00000008  lw       x15, -0x18(x8)
#88 0 80000078 fef42623 m f0040fec   00000008  sw       x15, -0x14(x8)
#89 0 8000007c fdc42783 r 0f         0000000d  lw       x15, -0x24(x8)
#90 0 80000080 fef42423 m f0040fe8   0000000d  sw       x15, -0x18(x8)
#91 0 80000084 fe442783 r 0f         00000005  lw       x15, -0x1c(x8)
#92 0 80000088     0785 r 0f         00000006  c.addi   x15, 0x1
#93 0 8000008a fef42223 m f0040fe4   00000006  sw       x15, -0x1c(x8)
#94 0 8000008e fe042783 r 0f         0000000c  lw       x15, -0x20(x8)
#95 0 80000092     17fd r 0f         0000000b  c.addi   x15, -0x1
#96 0 80000094 fe442703 r 0e         00000006  lw       x14, -0x1c(x8)
#97 0 80000098 fcf747e3 r 00         00000000  blt      x14, x15, . - 0x32
#98 0 80000066 fec42703 r 0e         00000008  lw       x14, -0x14(x8)
#99 0 8000006a fe842783 r 0f         0000000d  lw       x15, -0x18(x8)
#100 0 8000006e     97ba r 0f         00000015  c.add    x15, x14
#101 0 80000070 fcf42e23 m f0040fdc   00000015  sw       x15, -0x24(x8)
#102 0 80000074 fe842783 r 0f         0000000d  lw       x15, -0x18(x8)
#103 0 80000078 fef42623 m f0040fec   0000000d  sw       x15, -0x14(x8)
#104 0 8000007c fdc42783 r 0f         00000015  lw       x15, -0x24(x8)
#105 0 80000080 fef42423 m f0040fe8   00000015  sw       x15, -0x18(x8)
#106 0 80000084 fe442783 r 0f         00000006  lw       x15, -0x1c(x8)
#107 0 80000088     0785 r 0f         00000007  c.addi   x15, 0x1
#108 0 8000008a fef42223 m f0040fe4   00000007  sw       x15, -0x1c(x8)
#109 0 8000008e fe042783 r 0f         0000000c  lw       x15, -0x20(x8)
#110 0 80000092     17fd r 0f         0000000b  c.addi   x15, -0x1
#111 0 80000094 fe442703 r 0e         00000007  lw       x14, -0x1c(x8)
#112 0 80000098 fcf747e3 r 00         00000000  blt      x14, x15, . - 0x32
#113 0 80000066 fec42703 r 0e         0000000d  lw       x14, -0x14(x8)
#114 0 8000006a fe842783 r 0f         00000015  lw       x15, -0x18(x8)
#115 0 8000006e     97ba r 0f         00000022  c.add    x15, x14
#116 0 80000070 fcf42e23 m f0040fdc   00000022  sw       x15, -0x24(x8)
#117 0 80000074 fe842783 r 0f         00000015  lw       x15, -0x18(x8)
#118 0 80000078 fef42623 m f0040fec   00000015  sw       x15, -0x14(x8)
#119 0 8000007c fdc42783 r 0f         00000022  lw       x15, -0x24(x8)
#120 0 80000080 fef42423 m f0040fe8   00000022  sw       x15, -0x18(x8)
#121 0 80000084 fe442783 r 0f         00000007  lw       x15, -0x1c(x8)
#122 0 80000088     0785 r 0f         00000008  c.addi   x15, 0x1
#123 0 8000008a fef42223 m f0040fe4   00000008  sw       x15, -0x1c(x8)
#124 0 8000008e fe042783 r 0f         0000000c  lw       x15, -0x20(x8)
#125 0 80000092     17fd r 0f         0000000b  c.addi   x15, -0x1
#126 0 80000094 fe442703 r 0e         00000008  lw       x14, -0x1c(x8)
#127 0 80000098 fcf747e3 r 00         00000000  blt      x14, x15, . - 0x32
#128 0 80000066 fec42703 r 0e         00000015  lw       x14, -0x14(x8)
#129 0 8000006a fe842783 r 0f         00000022  lw       x15, -0x18(x8)
#130 0 8000006e     97ba r 0f         00000037  c.add    x15, x14
#131 0 80000070 fcf42e23 m f0040fdc   00000037  sw       x15, -0x24(x8)
#132 0 80000074 fe842783 r 0f         00000022  lw       x15, -0x18(x8)
#133 0 80000078 fef42623 m f0040fec   00000022  sw       x15, -0x14(x8)
#134 0 8000007c fdc42783 r 0f         00000037  lw       x15, -0x24(x8)
#135 0 80000080 fef42423 m f0040fe8   00000037  sw       x15, -0x18(x8)
#136 0 80000084 fe442783 r 0f         00000008  lw       x15, -0x1c(x8)
#137 0 80000088     0785 r 0f         00000009  c.addi   x15, 0x1
#138 0 8000008a fef42223 m f0040fe4   00000009  sw       x15, -0x1c(x8)
#139 0 8000008e fe042783 r 0f         0000000c  lw       x15, -0x20(x8)
#140 0 80000092     17fd r 0f         0000000b  c.addi   x15, -0x1
#141 0 80000094 fe442703 r 0e         00000009  lw       x14, -0x1c(x8)
#142 0 80000098 fcf747e3 r 00         00000000  blt      x14, x15, . - 0x32
#143 0 80000066 fec42703 r 0e         00000022  lw       x14, -0x14(x8)
#144 0 8000006a fe842783 r 0f         00000037  lw       x15, -0x18(x8)
#145 0 8000006e     97ba r 0f         00000059  c.add    x15, x14
#146 0 80000070 fcf42e23 m f0040fdc   00000059  sw       x15, -0x24(x8)
#147 0 80000074 fe842783 r 0f         00000037  lw       x15, -0x18(x8)
#148 0 80000078 fef42623 m f0040fec   00000037  sw       x15, -0x14(x8)
#149 0 8000007c fdc42783 r 0f         00000059  lw       x15, -0x24(x8)
#150 0 80000080 fef42423 m f0040fe8   00000059  sw       x15, -0x18(x8)
#151 0 80000084 fe442783 r 0f         00000009  lw       x15, -0x1c(x8)
#152 0 80000088     0785 r 0f         0000000a  c.addi   x15, 0x1
#153 0 8000008a fef42223 m f0040fe4   0000000a  sw       x15, -0x1c(x8)
#154 0 8000008e fe042783 r 0f         0000000c  lw       x15, -0x20(x8)
#155 0 80000092     17fd r 0f         0000000b  c.addi   x15, -0x1
#156 0 80000094 fe442703 r 0e         0000000a  lw       x14, -0x1c(x8)
#157 0 80000098 fcf747e3 r 00         00000000  blt      x14, x15, . - 0x32
#158 0 80000066 fec42703 r 0e         00000037  lw       x14, -0x14(x8)
#159 0 8000006a fe842783 r 0f         00000059  lw       x15, -0x18(x8)
#160 0 8000006e     97ba r 0f         00000090  c.add    x15, x14
#161 0 80000070 fcf42e23 m f0040fdc   00000090  sw       x15, -0x24(x8)
#162 0 80000074 fe842783 r 0f         00000059  lw       x15, -0x18(x8)
#163 0 80000078 fef42623 m f0040fec   00000059  sw       x15, -0x14(x8)
#164 0 8000007c fdc42783 r 0f         00000090  lw       x15, -0x24(x8)
#165 0 80000080 fef42423 m f0040fe8   00000090  sw       x15, -0x18(x8)
#166 0 80000084 fe442783 r 0f         0000000a  lw       x15, -0x1c(x8)
#167 0 80000088     0785 r 0f         0000000b  c.addi   x15, 0x1
#168 0 8000008a fef42223 m f0040fe4   0000000b  sw       x15, -0x1c(x8)
#169 0 8000008e fe042783 r 0f         0000000c  lw       x15, -0x20(x8)
#170 0 80000092     17fd r 0f         0000000b  c.addi   x15, -0x1
#171 0 80000094 fe442703 r 0e         0000000b  lw       x14, -0x1c(x8)
#172 0 80000098 fcf747e3 r 00         00000000  blt      x14, x15, . - 0x32
#173 0 8000009c     0001 r 00         00000000  c.nop
#174 0 8000009e     0001 r 00         00000000  c.nop
#175 0 800000a0     5432 r 08         00000000  c.lwsp   x8, 0x2c
#176 0 800000a2     6145 r 02         f0041000  c.addi16sp 0x3
#177 0 800000a4     8082 r 00         00000000  c.jr     x1
#178 0 80000016 50580297 r 05         d0580016  auipc    x5, 0x50580
#179 0 8000001a fea28293 r 05         d0580000  addi     x5, x5, -0x16
#180 0 8000001e 0ff00313 r 06         000000ff  addi     x6, x0, 0xff
#181 0 80000022 00628023 m d0580000   000000ff  sb       x6, 0x0(x5)
