#1 0 80000000 595552b7 r 05         59555000  lui      x5, 0x59555
#2 0 80000004 55528293 r 05         59555555  addi     x5, x5, 0x555
#3 0 80000008 7c029073 c 07c0       59555555  csrrw    x0, mrac, x5
#4 0 8000000c 70041117 r 02         f004100c  auipc    x2, 0x70041
#5 0 80000010 02410113 r 02         f0041030  addi     x2, x2, 0x24
#6 0 80000014 180000ef r 01         80000018  jal      x1, . + 0x180
#7 0 80000194     715d r 02         f0040fe0  c.addi16sp -0x5
#8 0 80000196     c686 m f004102c   80000018  c.swsp   x1, 0x4c
#9 0 80000198     c4a2 m f0041028   00000000  c.swsp   x8, 0x48
#10 0 8000019a     0880 r 08         f0041030  c.addi4spn  x8, 0x14
#11 0 8000019c f00407b7 r 0f         f0040000  lui      x15, -0xffc0
#12 0 800001a0 00078793 r 0f         f0040000  addi     x15, x15, 0x0
#13 0 800001a4 0007af03 r 1e         00000017  lw       x30, 0x0(x15)
#14 0 800001a8 0047ae83 r 1d         0000000a  lw       x29, 0x4(x15)
#15 0 800001ac 0087ae03 r 1c         00000014  lw       x28, 0x8(x15)
#16 0 800001b0 00c7a303 r 06         0000000b  lw       x6, 0xc(x15)
#17 0 800001b4 0107a883 r 11         0000000c  lw       x17, 0x10(x15)
#18 0 800001b8 0147a803 r 10         00000006  lw       x16, 0x14(x15)
#19 0 800001bc     4f88 r 0a         00000007  c.lw     x10, 0x18(x15)
#20 0 800001be     4fcc r 0b         00000021  c.lw     x11, 0x1c(x15)
#21 0 800001c0     5390 r 0c         0000005a  c.lw     x12, 0x20(x15)
#22 0 800001c2     53d4 r 0d         0000004e  c.lw     x13, 0x24(x15)
#23 0 800001c4     5798 r 0e         00000032  c.lw     x14, 0x28(x15)
#24 0 800001c6     57dc r 0f         00000025  c.lw     x15, 0x2c(x15)
#25 0 800001c8 fbe42e23 m f0040fec   00000017  sw       x30, -0x44(x8)
#26 0 800001cc fdd42023 m f0040ff0   0000000a  sw       x29, -0x40(x8)
#27 0 800001d0 fdc42223 m f0040ff4   00000014  sw       x28, -0x3c(x8)
#28 0 800001d4 fc642423 m f0040ff8   0000000b  sw       x6, -0x38(x8)
#29 0 800001d8 fd142623 m f0040ffc   0000000c  sw       x17, -0x34(x8)
#30 0 800001dc fd042823 m f0041000   00000006  sw       x16, -0x30(x8)
#31 0 800001e0 fca42a23 m f0041004   00000007  sw       x10, -0x2c(x8)
#32 0 800001e4 fcb42c23 m f0041008   00000021  sw       x11, -0x28(x8)
#33 0 800001e8 fcc42e23 m f004100c   0000005a  sw       x12, -0x24(x8)
#34 0 800001ec fed42023 m f0041010   0000004e  sw       x13, -0x20(x8)
#35 0 800001f0 fee42223 m f0041014   00000032  sw       x14, -0x1c(x8)
#36 0 800001f4 fef42423 m f0041018   00000025  sw       x15, -0x18(x8)
#37 0 800001f8     47b1 r 0f         0000000c  c.li     x15, 0xc
#38 0 800001fa fef42623 m f004101c   0000000c  sw       x15, -0x14(x8)
#39 0 800001fe fbc40793 r 0f         f0040fec  addi     x15, x8, -0x44
#40 0 80000202 fec42583 r 0b         0000000c  lw       x11, -0x14(x8)
#41 0 80000206     853e r 0a         f0040fec  c.mv     x10, x15
#42 0 80000208     3f39 r 01         8000020a  c.jal    . - 0xe2
#43 0 80000126     7179 r 02         f0040fb0  c.addi16sp -0x3
#44 0 80000128     d606 m f0040fdc   8000020a  c.swsp   x1, 0x2c
#45 0 8000012a     d422 m f0040fd8   f0041030  c.swsp   x8, 0x28
#46 0 8000012c     1800 r 08         f0040fe0  c.addi4spn  x8, 0xc
#47 0 8000012e fca42e23 m f0040fbc   f0040fec  sw       x10, -0x24(x8)
#48 0 80000132 fcb42c23 m f0040fb8   0000000c  sw       x11, -0x28(x8)
#49 0 80000136 fd842783 r 0f         0000000c  lw       x15, -0x28(x8)
#50 0 8000013a fef42623 m f0040fcc   0000000c  sw       x15, -0x14(x8)
#51 0 8000013e     a081 r 00         00000000  c.j      . + 0x40
#52 0 8000017e fec42703 r 0e         0000000c  lw       x14, -0x14(x8)
#53 0 80000182     4785 r 0f         00000001  c.li     x15, 0x1
#54 0 80000184 fae7cee3 r 00         00000000  blt      x15, x14, . - 0x44
#55 0 80000140 fec42583 r 0b         0000000c  lw       x11, -0x14(x8)
#56 0 80000144 fdc42503 r 0a         f0040fec  lw       x10, -0x24(x8)
#57 0 80000148     3fb5 r 01         8000014a  c.jal    . - 0x84
#58 0 800000c4     7179 r 02         f0040f80  c.addi16sp -0x3
#59 0 800000c6     d622 m f0040fac   f0040fe0  c.swsp   x8, 0x2c
#60 0 800000c8     1800 r 08         f0040fb0  c.addi4spn  x8, 0xc
#61 0 800000ca fca42e23 m f0040f8c   f0040fec  sw       x10, -0x24(x8)
#62 0 800000ce fcb42c23 m f0040f88   0000000c  sw       x11, -0x28(x8)
#63 0 800000d2 fe042623 m f0040f9c   00000000  sw       x0, -0x14(x8)
#64 0 800000d6 fe042423 m f0040f98   00000000  sw       x0, -0x18(x8)
#65 0 800000da     a815 r 00         00000000  c.j      . + 0x34
#66 0 8000010e fe842703 r 0e         00000000  lw       x14, -0x18(x8)
#67 0 80000112 fd842783 r 0f         0000000c  lw       x15, -0x28(x8)
#68 0 80000116 fcf743e3 r 00         00000000  blt      x14, x15, . - 0x3a
#69 0 800000dc fe842783 r 0f         00000000  lw       x15, -0x18(x8)
#70 0 800000e0     078a r 0f         00000000  c.slli   x15, 2
#71 0 800000e2 fdc42703 r 0e         f0040fec  lw       x14, -0x24(x8)
#72 0 800000e6     97ba r 0f         f0040fec  c.add    x15, x14
#73 0 800000e8     4398 r 0e         00000017  c.lw     x14, 0x0(x15)
#74 0 800000ea fec42783 r 0f         00000000  lw       x15, -0x14(x8)
#75 0 800000ee     078a r 0f         00000000  c.slli   x15, 2
#76 0 800000f0 fdc42683 r 0d         f0040fec  lw       x13, -0x24(x8)
#77 0 800000f4     97b6 r 0f         f0040fec  c.add    x15, x13
#78 0 800000f6     439c r 0f         00000017  c.lw     x15, 0x0(x15)
#79 0 800000f8 00e7d663 r 00         00000000  bge      x15, x14, . + 0xc
#80 0 80000104 fe842783 r 0f         00000000  lw       x15, -0x18(x8)
#81 0 80000108     0785 r 0f         00000001  c.addi   x15, 0x1
#82 0 8000010a fef42423 m f0040f98   00000001  sw       x15, -0x18(x8)
#83 0 8000010e fe842703 r 0e         00000001  lw       x14, -0x18(x8)
#84 0 80000112 fd842783 r 0f         0000000c  lw       x15, -0x28(x8)
#85 0 80000116 fcf743e3 r 00         00000000  blt      x14, x15, . - 0x3a
#86 0 800000dc fe842783 r 0f         00000001  lw       x15, -0x18(x8)
#87 0 800000e0     078a r 0f         00000004  c.slli   x15, 2
#88 0 800000e2 fdc42703 r 0e         f0040fec  lw       x14, -0x24(x8)
#89 0 800000e6     97ba r 0f         f0040ff0  c.add    x15, x14
#90 0 800000e8     4398 r 0e         0000000a  c.lw     x14, 0x0(x15)
#91 0 800000ea fec42783 r 0f         00000000  lw       x15, -0x14(x8)
#92 0 800000ee     078a r 0f         00000000  c.slli   x15, 2
#93 0 800000f0 fdc42683 r 0d         f0040fec  lw       x13, -0x24(x8)
#94 0 800000f4     97b6 r 0f         f0040fec  c.add    x15, x13
#95 0 800000f6     439c r 0f         00000017  c.lw     x15, 0x0(x15)
#96 0 800000f8 00e7d663 r 00         00000000  bge      x15, x14, . + 0xc
#97 0 80000104 fe842783 r 0f         00000001  lw       x15, -0x18(x8)
#98 0 80000108     0785 r 0f         00000002  c.addi   x15, 0x1
#99 0 8000010a fef42423 m f0040f98   00000002  sw       x15, -0x18(x8)
#100 0 8000010e fe842703 r 0e         00000002  lw       x14, -0x18(x8)
#101 0 80000112 fd842783 r 0f         0000000c  lw       x15, -0x28(x8)
#102 0 80000116 fcf743e3 r 00         00000000  blt      x14, x15, . - 0x3a
#103 0 800000dc fe842783 r 0f         00000002  lw       x15, -0x18(x8)
#104 0 800000e0     078a r 0f         00000008  c.slli   x15, 2
#105 0 800000e2 fdc42703 r 0e         f0040fec  lw       x14, -0x24(x8)
#106 0 800000e6     97ba r 0f         f0040ff4  c.add    x15, x14
#107 0 800000e8     4398 r 0e         00000014  c.lw     x14, 0x0(x15)
#108 0 800000ea fec42783 r 0f         00000000  lw       x15, -0x14(x8)
#109 0 800000ee     078a r 0f         00000000  c.slli   x15, 2
#110 0 800000f0 fdc42683 r 0d         f0040fec  lw       x13, -0x24(x8)
#111 0 800000f4     97b6 r 0f         f0040fec  c.add    x15, x13
#112 0 800000f6     439c r 0f         00000017  c.lw     x15, 0x0(x15)
#113 0 800000f8 00e7d663 r 00         00000000  bge      x15, x14, . + 0xc
#114 0 80000104 fe842783 r 0f         00000002  lw       x15, -0x18(x8)
#115 0 80000108     0785 r 0f         00000003  c.addi   x15, 0x1
#116 0 8000010a fef42423 m f0040f98   00000003  sw       x15, -0x18(x8)
#117 0 8000010e fe842703 r 0e         00000003  lw       x14, -0x18(x8)
#118 0 80000112 fd842783 r 0f         0000000c  lw       x15, -0x28(x8)
#119 0 80000116 fcf743e3 r 00         00000000  blt      x14, x15, . - 0x3a
#120 0 800000dc fe842783 r 0f         00000003  lw       x15, -0x18(x8)
#121 0 800000e0     078a r 0f         0000000c  c.slli   x15, 2
#122 0 800000e2 fdc42703 r 0e         f0040fec  lw       x14, -0x24(x8)
#123 0 800000e6     97ba r 0f         f0040ff8  c.add    x15, x14
#124 0 800000e8     4398 r 0e         0000000b  c.lw     x14, 0x0(x15)
#125 0 800000ea fec42783 r 0f         00000000  lw       x15, -0x14(x8)
#126 0 800000ee     078a r 0f         00000000  c.slli   x15, 2
#127 0 800000f0 fdc42683 r 0d         f0040fec  lw       x13, -0x24(x8)
#128 0 800000f4     97b6 r 0f         f0040fec  c.add    x15, x13
#129 0 800000f6     439c r 0f         00000017  c.lw     x15, 0x0(x15)
#130 0 800000f8 00e7d663 r 00         00000000  bge      x15, x14, . + 0xc
#131 0 80000104 fe842783 r 0f         00000003  lw       x15, -0x18(x8)
#132 0 80000108     0785 r 0f         00000004  c.addi   x15, 0x1
#133 0 8000010a fef42423 m f0040f98   00000004  sw       x15, -0x18(x8)
#134 0 8000010e fe842703 r 0e         00000004  lw       x14, -0x18(x8)
#135 0 80000112 fd842783 r 0f         0000000c  lw       x15, -0x28(x8)
#136 0 80000116 fcf743e3 r 00         00000000  blt      x14, x15, . - 0x3a
#137 0 800000dc fe842783 r 0f         00000004  lw       x15, -0x18(x8)
#138 0 800000e0     078a r 0f         00000010  c.slli   x15, 2
#139 0 800000e2 fdc42703 r 0e         f0040fec  lw       x14, -0x24(x8)
#140 0 800000e6     97ba r 0f         f0040ffc  c.add    x15, x14
#141 0 800000e8     4398 r 0e         0000000c  c.lw     x14, 0x0(x15)
#142 0 800000ea fec42783 r 0f         00000000  lw       x15, -0x14(x8)
#143 0 800000ee     078a r 0f         00000000  c.slli   x15, 2
#144 0 800000f0 fdc42683 r 0d         f0040fec  lw       x13, -0x24(x8)
#145 0 800000f4     97b6 r 0f         f0040fec  c.add    x15, x13
#146 0 800000f6     439c r 0f         00000017  c.lw     x15, 0x0(x15)
#147 0 800000f8 00e7d663 r 00         00000000  bge      x15, x14, . + 0xc
#148 0 80000104 fe842783 r 0f         00000004  lw       x15, -0x18(x8)
#149 0 80000108     0785 r 0f         00000005  c.addi   x15, 0x1
#150 0 8000010a fef42423 m f0040f98   00000005  sw       x15, -0x18(x8)
#151 0 8000010e fe842703 r 0e         00000005  lw       x14, -0x18(x8)
#152 0 80000112 fd842783 r 0f         0000000c  lw       x15, -0x28(x8)
#153 0 80000116 fcf743e3 r 00         00000000  blt      x14, x15, . - 0x3a
#154 0 800000dc fe842783 r 0f         00000005  lw       x15, -0x18(x8)
#155 0 800000e0     078a r 0f         00000014  c.slli   x15, 2
#156 0 800000e2 fdc42703 r 0e         f0040fec  lw       x14, -0x24(x8)
#157 0 800000e6     97ba r 0f         f0041000  c.add    x15, x14
#158 0 800000e8     4398 r 0e         00000006  c.lw     x14, 0x0(x15)
#159 0 800000ea fec42783 r 0f         00000000  lw       x15, -0x14(x8)
#160 0 800000ee     078a r 0f         00000000  c.slli   x15, 2
#161 0 800000f0 fdc42683 r 0d         f0040fec  lw       x13, -0x24(x8)
#162 0 800000f4     97b6 r 0f         f0040fec  c.add    x15, x13
#163 0 800000f6     439c r 0f         00000017  c.lw     x15, 0x0(x15)
#164 0 800000f8 00e7d663 r 00         00000000  bge      x15, x14, . + 0xc
#165 0 80000104 fe842783 r 0f         00000005  lw       x15, -0x18(x8)
#166 0 80000108     0785 r 0f         00000006  c.addi   x15, 0x1
#167 0 8000010a fef42423 m f0040f98   00000006  sw       x15, -0x18(x8)
#168 0 8000010e fe842703 r 0e         00000006  lw       x14, -0x18(x8)
#169 0 80000112 fd842783 r 0f         0000000c  lw       x15, -0x28(x8)
#170 0 80000116 fcf743e3 r 00         00000000  blt      x14, x15, . - 0x3a
#171 0 800000dc fe842783 r 0f         00000006  lw       x15, -0x18(x8)
#172 0 800000e0     078a r 0f         00000018  c.slli   x15, 2
#173 0 800000e2 fdc42703 r 0e         f0040fec  lw       x14, -0x24(x8)
#174 0 800000e6     97ba r 0f         f0041004  c.add    x15, x14
#175 0 800000e8     4398 r 0e         00000007  c.lw     x14, 0x0(x15)
#176 0 800000ea fec42783 r 0f         00000000  lw       x15, -0x14(x8)
#177 0 800000ee     078a r 0f         00000000  c.slli   x15, 2
#178 0 800000f0 fdc42683 r 0d         f0040fec  lw       x13, -0x24(x8)
#179 0 800000f4     97b6 r 0f         f0040fec  c.add    x15, x13
#180 0 800000f6     439c r 0f         00000017  c.lw     x15, 0x0(x15)
#181 0 800000f8 00e7d663 r 00         00000000  bge      x15, x14, . + 0xc
#182 0 80000104 fe842783 r 0f         00000006  lw       x15, -0x18(x8)
#183 0 80000108     0785 r 0f         00000007  c.addi   x15, 0x1
#184 0 8000010a fef42423 m f0040f98   00000007  sw       x15, -0x18(x8)
#185 0 8000010e fe842703 r 0e         00000007  lw       x14, -0x18(x8)
#186 0 80000112 fd842783 r 0f         0000000c  lw       x15, -0x28(x8)
#187 0 80000116 fcf743e3 r 00         00000000  blt      x14, x15, . - 0x3a
#188 0 800000dc fe842783 r 0f         00000007  lw       x15, -0x18(x8)
#189 0 800000e0     078a r 0f         0000001c  c.slli   x15, 2
#190 0 800000e2 fdc42703 r 0e         f0040fec  lw       x14, -0x24(x8)
#191 0 800000e6     97ba r 0f         f0041008  c.add    x15, x14
#192 0 800000e8     4398 r 0e         00000021  c.lw     x14, 0x0(x15)
#193 0 800000ea fec42783 r 0f         00000000  lw       x15, -0x14(x8)
#194 0 800000ee     078a r 0f         00000000  c.slli   x15, 2
#195 0 800000f0 fdc42683 r 0d         f0040fec  lw       x13, -0x24(x8)
#196 0 800000f4     97b6 r 0f         f0040fec  c.add    x15, x13
#197 0 800000f6     439c r 0f         00000017  c.lw     x15, 0x0(x15)
#198 0 800000f8 00e7d663 r 00         00000000  bge      x15, x14, . + 0xc
#199 0 800000fc fe842783 r 0f         00000007  lw       x15, -0x18(x8)
#200 0 80000100 fef42623 m f0040f9c   00000007  sw       x15, -0x14(x8)
#201 0 80000104 fe842783 r 0f         00000007  lw       x15, -0x18(x8)
#202 0 80000108     0785 r 0f         00000008  c.addi   x15, 0x1
#203 0 8000010a fef42423 m f0040f98   00000008  sw       x15, -0x18(x8)
#204 0 8000010e fe842703 r 0e         00000008  lw       x14, -0x18(x8)
#205 0 80000112 fd842783 r 0f         0000000c  lw       x15, -0x28(x8)
#206 0 80000116 fcf743e3 r 00         00000000  blt      x14, x15, . - 0x3a
#207 0 800000dc fe842783 r 0f         00000008  lw       x15, -0x18(x8)
#208 0 800000e0     078a r 0f         00000020  c.slli   x15, 2
#209 0 800000e2 fdc42703 r 0e         f0040fec  lw       x14, -0x24(x8)
#210 0 800000e6     97ba r 0f         f004100c  c.add    x15, x14
#211 0 800000e8     4398 r 0e         0000005a  c.lw     x14, 0x0(x15)
#212 0 800000ea fec42783 r 0f         00000007  lw       x15, -0x14(x8)
#213 0 800000ee     078a r 0f         0000001c  c.slli   x15, 2
#214 0 800000f0 fdc42683 r 0d         f0040fec  lw       x13, -0x24(x8)
#215 0 800000f4     97b6 r 0f         f0041008  c.add    x15, x13
#216 0 800000f6     439c r 0f         00000021  c.lw     x15, 0x0(x15)
#217 0 800000f8 00e7d663 r 00         00000000  bge      x15, x14, . + 0xc
#218 0 800000fc fe842783 r 0f         00000008  lw       x15, -0x18(x8)
#219 0 80000100 fef42623 m f0040f9c   00000008  sw       x15, -0x14(x8)
#220 0 80000104 fe842783 r 0f         00000008  lw       x15, -0x18(x8)
#221 0 80000108     0785 r 0f         00000009  c.addi   x15, 0x1
#222 0 8000010a fef42423 m f0040f98   00000009  sw       x15, -0x18(x8)
#223 0 8000010e fe842703 r 0e         00000009  lw       x14, -0x18(x8)
#224 0 80000112 fd842783 r 0f         0000000c  lw       x15, -0x28(x8)
#225 0 80000116 fcf743e3 r 00         00000000  blt      x14, x15, . - 0x3a
#226 0 800000dc fe842783 r 0f         00000009  lw       x15, -0x18(x8)
#227 0 800000e0     078a r 0f         00000024  c.slli   x15, 2
#228 0 800000e2 fdc42703 r 0e         f0040fec  lw       x14, -0x24(x8)
#229 0 800000e6     97ba r 0f         f0041010  c.add    x15, x14
#230 0 800000e8     4398 r 0e         0000004e  c.lw     x14, 0x0(x15)
#231 0 800000ea fec42783 r 0f         00000008  lw       x15, -0x14(x8)
#232 0 800000ee     078a r 0f         00000020  c.slli   x15, 2
#233 0 800000f0 fdc42683 r 0d         f0040fec  lw       x13, -0x24(x8)
#234 0 800000f4     97b6 r 0f         f004100c  c.add    x15, x13
#235 0 800000f6     439c r 0f         0000005a  c.lw     x15, 0x0(x15)
#236 0 800000f8 00e7d663 r 00         00000000  bge      x15, x14, . + 0xc
#237 0 80000104 fe842783 r 0f         00000009  lw       x15, -0x18(x8)
#238 0 80000108     0785 r 0f         0000000a  c.addi   x15, 0x1
#239 0 8000010a fef42423 m f0040f98   0000000a  sw       x15, -0x18(x8)
#240 0 8000010e fe842703 r 0e         0000000a  lw       x14, -0x18(x8)
#241 0 80000112 fd842783 r 0f         0000000c  lw       x15, -0x28(x8)
#242 0 80000116 fcf743e3 r 00         00000000  blt      x14, x15, . - 0x3a
#243 0 800000dc fe842783 r 0f         0000000a  lw       x15, -0x18(x8)
#244 0 800000e0     078a r 0f         00000028  c.slli   x15, 2
#245 0 800000e2 fdc42703 r 0e         f0040fec  lw       x14, -0x24(x8)
#246 0 800000e6     97ba r 0f         f0041014  c.add    x15, x14
#247 0 800000e8     4398 r 0e         00000032  c.lw     x14, 0x0(x15)
#248 0 800000ea fec42783 r 0f         00000008  lw       x15, -0x14(x8)
#249 0 800000ee     078a r 0f         00000020  c.slli   x15, 2
#250 0 800000f0 fdc42683 r 0d         f0040fec  lw       x13, -0x24(x8)
#251 0 800000f4     97b6 r 0f         f004100c  c.add    x15, x13
#252 0 800000f6     439c r 0f         0000005a  c.lw     x15, 0x0(x15)
#253 0 800000f8 00e7d663 r 00         00000000  bge      x15, x14, . + 0xc
#254 0 80000104 fe842783 r 0f         0000000a  lw       x15, -0x18(x8)
#255 0 80000108     0785 r 0f         0000000b  c.addi   x15, 0x1
#256 0 8000010a fef42423 m f0040f98   0000000b  sw       x15, -0x18(x8)
#257 0 8000010e fe842703 r 0e         0000000b  lw       x14, -0x18(x8)
#258 0 80000112 fd842783 r 0f         0000000c  lw       x15, -0x28(x8)
#259 0 80000116 fcf743e3 r 00         00000000  blt      x14, x15, . - 0x3a
#260 0 800000dc fe842783 r 0f         0000000b  lw       x15, -0x18(x8)
#261 0 800000e0     078a r 0f         0000002c  c.slli   x15, 2
#262 0 800000e2 fdc42703 r 0e         f0040fec  lw       x14, -0x24(x8)
#263 0 800000e6     97ba r 0f         f0041018  c.add    x15, x14
#264 0 800000e8     4398 r 0e         00000025  c.lw     x14, 0x0(x15)
#265 0 800000ea fec42783 r 0f         00000008  lw       x15, -0x14(x8)
#266 0 800000ee     078a r 0f         00000020  c.slli   x15, 2
#267 0 800000f0 fdc42683 r 0d         f0040fec  lw       x13, -0x24(x8)
#268 0 800000f4     97b6 r 0f         f004100c  c.add    x15, x13
#269 0 800000f6     439c r 0f         0000005a  c.lw     x15, 0x0(x15)
#270 0 800000f8 00e7d663 r 00         00000000  bge      x15, x14, . + 0xc
#271 0 80000104 fe842783 r 0f         0000000b  lw       x15, -0x18(x8)
#272 0 80000108     0785 r 0f         0000000c  c.addi   x15, 0x1
#273 0 8000010a fef42423 m f0040f98   0000000c  sw       x15, -0x18(x8)
#274 0 8000010e fe842703 r 0e         0000000c  lw       x14, -0x18(x8)
#275 0 80000112 fd842783 r 0f         0000000c  lw       x15, -0x28(x8)
#276 0 80000116 fcf743e3 r 00         00000000  blt      x14, x15, . - 0x3a
#277 0 8000011a fec42783 r 0f         00000008  lw       x15, -0x14(x8)
#278 0 8000011e     853e r 0a         00000008  c.mv     x10, x15
#279 0 80000120     5432 r 08         f0040fe0  c.lwsp   x8, 0x2c
#280 0 80000122     6145 r 02         f0040fb0  c.addi16sp 0x3
#281 0 80000124     8082 r 00         00000000  c.jr     x1
#282 0 8000014a fea42423 m f0040fc8   00000008  sw       x10, -0x18(x8)
#283 0 8000014e fec42783 r 0f         0000000c  lw       x15, -0x14(x8)
#284 0 80000152     17fd r 0f         0000000b  c.addi   x15, -0x1
#285 0 80000154 fe842703 r 0e         00000008  lw       x14, -0x18(x8)
#286 0 80000158 00f70e63 r 00         00000000  beq      x14, x15, . + 0x1c
#287 0 8000015c fe842583 r 0b         00000008  lw       x11, -0x18(x8)
#288 0 80000160 fdc42503 r 0a         f0040fec  lw       x10, -0x24(x8)
#289 0 80000164     35cd r 01         80000166  c.jal    . - 0x11e
#290 0 80000046     7179 r 02         f0040f80  c.addi16sp -0x3
#291 0 80000048     d622 m f0040fac   f0040fe0  c.swsp   x8, 0x2c
#292 0 8000004a     1800 r 08         f0040fb0  c.addi4spn  x8, 0xc
#293 0 8000004c fca42e23 m f0040f8c   f0040fec  sw       x10, -0x24(x8)
#294 0 80000050 fcb42c23 m f0040f88   00000008  sw       x11, -0x28(x8)
#295 0 80000054 fe042623 m f0040f9c   00000000  sw       x0, -0x14(x8)
#296 0 80000058     a899 r 00         00000000  c.j      . + 0x56
#297 0 800000ae fec42703 r 0e         00000000  lw       x14, -0x14(x8)
#298 0 800000b2 fd842783 r 0f         00000008  lw       x15, -0x28(x8)
#299 0 800000b6 faf742e3 r 00         00000000  blt      x14, x15, . - 0x5c
#300 0 8000005a fec42783 r 0f         00000000  lw       x15, -0x14(x8)
#301 0 8000005e     078a r 0f         00000000  c.slli   x15, 2
#302 0 80000060 fdc42703 r 0e         f0040fec  lw       x14, -0x24(x8)
#303 0 80000064     97ba r 0f         f0040fec  c.add    x15, x14
#304 0 80000066     439c r 0f         00000017  c.lw     x15, 0x0(x15)
#305 0 80000068 fef42423 m f0040f98   00000017  sw       x15, -0x18(x8)
#306 0 8000006c fd842783 r 0f         00000008  lw       x15, -0x28(x8)
#307 0 80000070     078a r 0f         00000020  c.slli   x15, 2
#308 0 80000072 fdc42703 r 0e         f0040fec  lw       x14, -0x24(x8)
#309 0 80000076     973e r 0e         f004100c  c.add    x14, x15
#310 0 80000078 fec42783 r 0f         00000000  lw       x15, -0x14(x8)
#311 0 8000007c     078a r 0f         00000000  c.slli   x15, 2
#312 0 8000007e fdc42683 r 0d         f0040fec  lw       x13, -0x24(x8)
#313 0 80000082     97b6 r 0f         f0040fec  c.add    x15, x13
#314 0 80000084     4318 r 0e         0000005a  c.lw     x14, 0x0(x14)
#315 0 80000086     c398 m f0040fec   0000005a  c.sw     x14, 0x0(x15)
#316 0 80000088 fd842783 r 0f         00000008  lw       x15, -0x28(x8)
#317 0 8000008c     078a r 0f         00000020  c.slli   x15, 2
#318 0 8000008e fdc42703 r 0e         f0040fec  lw       x14, -0x24(x8)
#319 0 80000092     97ba r 0f         f004100c  c.add    x15, x14
#320 0 80000094 fe842703 r 0e         00000017  lw       x14, -0x18(x8)
#321 0 80000098     c398 m f004100c   00000017  c.sw     x14, 0x0(x15)
#322 0 8000009a fec42783 r 0f         00000000  lw       x15, -0x14(x8)
#323 0 8000009e     0785 r 0f         00000001  c.addi   x15, 0x1
#324 0 800000a0 fef42623 m f0040f9c   00000001  sw       x15, -0x14(x8)
#325 0 800000a4 fd842783 r 0f         00000008  lw       x15, -0x28(x8)
#326 0 800000a8     17fd r 0f         00000007  c.addi   x15, -0x1
#327 0 800000aa fcf42c23 m f0040f88   00000007  sw       x15, -0x28(x8)
#328 0 800000ae fec42703 r 0e         00000001  lw       x14, -0x14(x8)
#329 0 800000b2 fd842783 r 0f         00000007  lw       x15, -0x28(x8)
#330 0 800000b6 faf742e3 r 00         00000000  blt      x14, x15, . - 0x5c
#331 0 8000005a fec42783 r 0f         00000001  lw       x15, -0x14(x8)
#332 0 8000005e     078a r 0f         00000004  c.slli   x15, 2
#333 0 80000060 fdc42703 r 0e         f0040fec  lw       x14, -0x24(x8)
#334 0 80000064     97ba r 0f         f0040ff0  c.add    x15, x14
#335 0 80000066     439c r 0f         0000000a  c.lw     x15, 0x0(x15)
#336 0 80000068 fef42423 m f0040f98   0000000a  sw       x15, -0x18(x8)
#337 0 8000006c fd842783 r 0f         00000007  lw       x15, -0x28(x8)
#338 0 80000070     078a r 0f         0000001c  c.slli   x15, 2
#339 0 80000072 fdc42703 r 0e         f0040fec  lw       x14, -0x24(x8)
#340 0 80000076     973e r 0e         f0041008  c.add    x14, x15
#341 0 80000078 fec42783 r 0f         00000001  lw       x15, -0x14(x8)
#342 0 8000007c     078a r 0f         00000004  c.slli   x15, 2
#343 0 8000007e fdc42683 r 0d         f0040fec  lw       x13, -0x24(x8)
#344 0 80000082     97b6 r 0f         f0040ff0  c.add    x15, x13
#345 0 80000084     4318 r 0e         00000021  c.lw     x14, 0x0(x14)
#346 0 80000086     c398 m f0040ff0   00000021  c.sw     x14, 0x0(x15)
#347 0 80000088 fd842783 r 0f         00000007  lw       x15, -0x28(x8)
#348 0 8000008c     078a r 0f         0000001c  c.slli   x15, 2
#349 0 8000008e fdc42703 r 0e         f0040fec  lw       x14, -0x24(x8)
#350 0 80000092     97ba r 0f         f0041008  c.add    x15, x14
#351 0 80000094 fe842703 r 0e         0000000a  lw       x14, -0x18(x8)
#352 0 80000098     c398 m f0041008   0000000a  c.sw     x14, 0x0(x15)
#353 0 8000009a fec42783 r 0f         00000001  lw       x15, -0x14(x8)
#354 0 8000009e     0785 r 0f         00000002  c.addi   x15, 0x1
#355 0 800000a0 fef42623 m f0040f9c   00000002  sw       x15, -0x14(x8)
#356 0 800000a4 fd842783 r 0f         00000007  lw       x15, -0x28(x8)
#357 0 800000a8     17fd r 0f         00000006  c.addi   x15, -0x1
#358 0 800000aa fcf42c23 m f0040f88   00000006  sw       x15, -0x28(x8)
#359 0 800000ae fec42703 r 0e         00000002  lw       x14, -0x14(x8)
#360 0 800000b2 fd842783 r 0f         00000006  lw       x15, -0x28(x8)
#361 0 800000b6 faf742e3 r 00         00000000  blt      x14, x15, . - 0x5c
#362 0 8000005a fec42783 r 0f         00000002  lw       x15, -0x14(x8)
#363 0 8000005e     078a r 0f         00000008  c.slli   x15, 2
#364 0 80000060 fdc42703 r 0e         f0040fec  lw       x14, -0x24(x8)
#365 0 80000064     97ba r 0f         f0040ff4  c.add    x15, x14
#366 0 80000066     439c r 0f         00000014  c.lw     x15, 0x0(x15)
#367 0 80000068 fef42423 m f0040f98   00000014  sw       x15, -0x18(x8)
#368 0 8000006c fd842783 r 0f         00000006  lw       x15, -0x28(x8)
#369 0 80000070     078a r 0f         00000018  c.slli   x15, 2
#370 0 80000072 fdc42703 r 0e         f0040fec  lw       x14, -0x24(x8)
#371 0 80000076     973e r 0e         f0041004  c.add    x14, x15
#372 0 80000078 fec42783 r 0f         00000002  lw       x15, -0x14(x8)
#373 0 8000007c     078a r 0f         00000008  c.slli   x15, 2
#374 0 8000007e fdc42683 r 0d         f0040fec  lw       x13, -0x24(x8)
#375 0 80000082     97b6 r 0f         f0040ff4  c.add    x15, x13
#376 0 80000084     4318 r 0e         00000007  c.lw     x14, 0x0(x14)
#377 0 80000086     c398 m f0040ff4   00000007  c.sw     x14, 0x0(x15)
#378 0 80000088 fd842783 r 0f         00000006  lw       x15, -0x28(x8)
#379 0 8000008c     078a r 0f         00000018  c.slli   x15, 2
#380 0 8000008e fdc42703 r 0e         f0040fec  lw       x14, -0x24(x8)
#381 0 80000092     97ba r 0f         f0041004  c.add    x15, x14
#382 0 80000094 fe842703 r 0e         00000014  lw       x14, -0x18(x8)
#383 0 80000098     c398 m f0041004   00000014  c.sw     x14, 0x0(x15)
#384 0 8000009a fec42783 r 0f         00000002  lw       x15, -0x14(x8)
#385 0 8000009e     0785 r 0f         00000003  c.addi   x15, 0x1
#386 0 800000a0 fef42623 m f0040f9c   00000003  sw       x15, -0x14(x8)
#387 0 800000a4 fd842783 r 0f         00000006  lw       x15, -0x28(x8)
#388 0 800000a8     17fd r 0f         00000005  c.addi   x15, -0x1
#389 0 800000aa fcf42c23 m f0040f88   00000005  sw       x15, -0x28(x8)
#390 0 800000ae fec42703 r 0e         00000003  lw       x14, -0x14(x8)
#391 0 800000b2 fd842783 r 0f         00000005  lw       x15, -0x28(x8)
#392 0 800000b6 faf742e3 r 00         00000000  blt      x14, x15, . - 0x5c
#393 0 8000005a fec42783 r 0f         00000003  lw       x15, -0x14(x8)
#394 0 8000005e     078a r 0f         0000000c  c.slli   x15, 2
#395 0 80000060 fdc42703 r 0e         f0040fec  lw       x14, -0x24(x8)
#396 0 80000064     97ba r 0f         f0040ff8  c.add    x15, x14
#397 0 80000066     439c r 0f         0000000b  c.lw     x15, 0x0(x15)
#398 0 80000068 fef42423 m f0040f98   0000000b  sw       x15, -0x18(x8)
#399 0 8000006c fd842783 r 0f         00000005  lw       x15, -0x28(x8)
#400 0 80000070     078a r 0f         00000014  c.slli   x15, 2
#401 0 80000072 fdc42703 r 0e         f0040fec  lw       x14, -0x24(x8)
#402 0 80000076     973e r 0e         f0041000  c.add    x14, x15
#403 0 80000078 fec42783 r 0f         00000003  lw       x15, -0x14(x8)
#404 0 8000007c     078a r 0f         0000000c  c.slli   x15, 2
#405 0 8000007e fdc42683 r 0d         f0040fec  lw       x13, -0x24(x8)
#406 0 80000082     97b6 r 0f         f0040ff8  c.add    x15, x13
#407 0 80000084     4318 r 0e         00000006  c.lw     x14, 0x0(x14)
#408 0 80000086     c398 m f0040ff8   00000006  c.sw     x14, 0x0(x15)
#409 0 80000088 fd842783 r 0f         00000005  lw       x15, -0x28(x8)
#410 0 8000008c     078a r 0f         00000014  c.slli   x15, 2
#411 0 8000008e fdc42703 r 0e         f0040fec  lw       x14, -0x24(x8)
#412 0 80000092     97ba r 0f         f0041000  c.add    x15, x14
#413 0 80000094 fe842703 r 0e         0000000b  lw       x14, -0x18(x8)
#414 0 80000098     c398 m f0041000   0000000b  c.sw     x14, 0x0(x15)
#415 0 8000009a fec42783 r 0f         00000003  lw       x15, -0x14(x8)
#416 0 8000009e     0785 r 0f         00000004  c.addi   x15, 0x1
#417 0 800000a0 fef42623 m f0040f9c   00000004  sw       x15, -0x14(x8)
#418 0 800000a4 fd842783 r 0f         00000005  lw       x15, -0x28(x8)
#419 0 800000a8     17fd r 0f         00000004  c.addi   x15, -0x1
#420 0 800000aa fcf42c23 m f0040f88   00000004  sw       x15, -0x28(x8)
#421 0 800000ae fec42703 r 0e         00000004  lw       x14, -0x14(x8)
#422 0 800000b2 fd842783 r 0f         00000004  lw       x15, -0x28(x8)
#423 0 800000b6 faf742e3 r 00         00000000  blt      x14, x15, . - 0x5c
#424 0 800000ba     0001 r 00         00000000  c.nop
#425 0 800000bc     0001 r 00         00000000  c.nop
#426 0 800000be     5432 r 08         f0040fe0  c.lwsp   x8, 0x2c
#427 0 800000c0     6145 r 02         f0040fb0  c.addi16sp 0x3
#428 0 800000c2     8082 r 00         00000000  c.jr     x1
#429 0 80000166 fec42783 r 0f         0000000c  lw       x15, -0x14(x8)
#430 0 8000016a     17fd r 0f         0000000b  c.addi   x15, -0x1
#431 0 8000016c     85be r 0b         0000000b  c.mv     x11, x15
#432 0 8000016e fdc42503 r 0a         f0040fec  lw       x10, -0x24(x8)
#433 0 80000172     3dd1 r 01         80000174  c.jal    . - 0x12c
#434 0 80000046     7179 r 02         f0040f80  c.addi16sp -0x3
#435 0 80000048     d622 m f0040fac   f0040fe0  c.swsp   x8, 0x2c
#436 0 8000004a     1800 r 08         f0040fb0  c.addi4spn  x8, 0xc
#437 0 8000004c fca42e23 m f0040f8c   f0040fec  sw       x10, -0x24(x8)
#438 0 80000050 fcb42c23 m f0040f88   0000000b  sw       x11, -0x28(x8)
#439 0 80000054 fe042623 m f0040f9c   00000000  sw       x0, -0x14(x8)
#440 0 80000058     a899 r 00         00000000  c.j      . + 0x56
#441 0 800000ae fec42703 r 0e         00000000  lw       x14, -0x14(x8)
#442 0 800000b2 fd842783 r 0f         0000000b  lw       x15, -0x28(x8)
#443 0 800000b6 faf742e3 r 00         00000000  blt      x14, x15, . - 0x5c
#444 0 8000005a fec42783 r 0f         00000000  lw       x15, -0x14(x8)
#445 0 8000005e     078a r 0f         00000000  c.slli   x15, 2
#446 0 80000060 fdc42703 r 0e         f0040fec  lw       x14, -0x24(x8)
#447 0 80000064     97ba r 0f         f0040fec  c.add    x15, x14
#448 0 80000066     439c r 0f         0000005a  c.lw     x15, 0x0(x15)
#449 0 80000068 fef42423 m f0040f98   0000005a  sw       x15, -0x18(x8)
#450 0 8000006c fd842783 r 0f         0000000b  lw       x15, -0x28(x8)
#451 0 80000070     078a r 0f         0000002c  c.slli   x15, 2
#452 0 80000072 fdc42703 r 0e         f0040fec  lw       x14, -0x24(x8)
#453 0 80000076     973e r 0e         f0041018  c.add    x14, x15
#454 0 80000078 fec42783 r 0f         00000000  lw       x15, -0x14(x8)
#455 0 8000007c     078a r 0f         00000000  c.slli   x15, 2
#456 0 8000007e fdc42683 r 0d         f0040fec  lw       x13, -0x24(x8)
#457 0 80000082     97b6 r 0f         f0040fec  c.add    x15, x13
#458 0 80000084     4318 r 0e         00000025  c.lw     x14, 0x0(x14)
#459 0 80000086     c398 m f0040fec   00000025  c.sw     x14, 0x0(x15)
#460 0 80000088 fd842783 r 0f         0000000b  lw       x15, -0x28(x8)
#461 0 8000008c     078a r 0f         0000002c  c.slli   x15, 2
#462 0 8000008e fdc42703 r 0e         f0040fec  lw       x14, -0x24(x8)
#463 0 80000092     97ba r 0f         f0041018  c.add    x15, x14
#464 0 80000094 fe842703 r 0e         0000005a  lw       x14, -0x18(x8)
#465 0 80000098     c398 m f0041018   0000005a  c.sw     x14, 0x0(x15)
#466 0 8000009a fec42783 r 0f         00000000  lw       x15, -0x14(x8)
#467 0 8000009e     0785 r 0f         00000001  c.addi   x15, 0x1
#468 0 800000a0 fef42623 m f0040f9c   00000001  sw       x15, -0x14(x8)
#469 0 800000a4 fd842783 r 0f         0000000b  lw       x15, -0x28(x8)
#470 0 800000a8     17fd r 0f         0000000a  c.addi   x15, -0x1
#471 0 800000aa fcf42c23 m f0040f88   0000000a  sw       x15, -0x28(x8)
#472 0 800000ae fec42703 r 0e         00000001  lw       x14, -0x14(x8)
#473 0 800000b2 fd842783 r 0f         0000000a  lw       x15, -0x28(x8)
#474 0 800000b6 faf742e3 r 00         00000000  blt      x14, x15, . - 0x5c
#475 0 8000005a fec42783 r 0f         00000001  lw       x15, -0x14(x8)
#476 0 8000005e     078a r 0f         00000004  c.slli   x15, 2
#477 0 80000060 fdc42703 r 0e         f0040fec  lw       x14, -0x24(x8)
#478 0 80000064     97ba r 0f         f0040ff0  c.add    x15, x14
#479 0 80000066     439c r 0f         00000021  c.lw     x15, 0x0(x15)
#480 0 80000068 fef42423 m f0040f98   00000021  sw       x15, -0x18(x8)
#481 0 8000006c fd842783 r 0f         0000000a  lw       x15, -0x28(x8)
#482 0 80000070     078a r 0f         00000028  c.slli   x15, 2
#483 0 80000072 fdc42703 r 0e         f0040fec  lw       x14, -0x24(x8)
#484 0 80000076     973e r 0e         f0041014  c.add    x14, x15
#485 0 80000078 fec42783 r 0f         00000001  lw       x15, -0x14(x8)
#486 0 8000007c     078a r 0f         00000004  c.slli   x15, 2
#487 0 8000007e fdc42683 r 0d         f0040fec  lw       x13, -0x24(x8)
#488 0 80000082     97b6 r 0f         f0040ff0  c.add    x15, x13
#489 0 80000084     4318 r 0e         00000032  c.lw     x14, 0x0(x14)
#490 0 80000086     c398 m f0040ff0   00000032  c.sw     x14, 0x0(x15)
#491 0 80000088 fd842783 r 0f         0000000a  lw       x15, -0x28(x8)
#492 0 8000008c     078a r 0f         00000028  c.slli   x15, 2
#493 0 8000008e fdc42703 r 0e         f0040fec  lw       x14, -0x24(x8)
#494 0 80000092     97ba r 0f         f0041014  c.add    x15, x14
#495 0 80000094 fe842703 r 0e         00000021  lw       x14, -0x18(x8)
#496 0 80000098     c398 m f0041014   00000021  c.sw     x14, 0x0(x15)
#497 0 8000009a fec42783 r 0f         00000001  lw       x15, -0x14(x8)
#498 0 8000009e     0785 r 0f         00000002  c.addi   x15, 0x1
#499 0 800000a0 fef42623 m f0040f9c   00000002  sw       x15, -0x14(x8)
#500 0 800000a4 fd842783 r 0f         0000000a  lw       x15, -0x28(x8)
#501 0 800000a8     17fd r 0f         00000009  c.addi   x15, -0x1
#502 0 800000aa fcf42c23 m f0040f88   00000009  sw       x15, -0x28(x8)
#503 0 800000ae fec42703 r 0e         00000002  lw       x14, -0x14(x8)
#504 0 800000b2 fd842783 r 0f         00000009  lw       x15, -0x28(x8)
#505 0 800000b6 faf742e3 r 00         00000000  blt      x14, x15, . - 0x5c
#506 0 8000005a fec42783 r 0f         00000002  lw       x15, -0x14(x8)
#507 0 8000005e     078a r 0f         00000008  c.slli   x15, 2
#508 0 80000060 fdc42703 r 0e         f0040fec  lw       x14, -0x24(x8)
#509 0 80000064     97ba r 0f         f0040ff4  c.add    x15, x14
#510 0 80000066     439c r 0f         00000007  c.lw     x15, 0x0(x15)
#511 0 80000068 fef42423 m f0040f98   00000007  sw       x15, -0x18(x8)
#512 0 8000006c fd842783 r 0f         00000009  lw       x15, -0x28(x8)
#513 0 80000070     078a r 0f         00000024  c.slli   x15, 2
#514 0 80000072 fdc42703 r 0e         f0040fec  lw       x14, -0x24(x8)
#515 0 80000076     973e r 0e         f0041010  c.add    x14, x15
#516 0 80000078 fec42783 r 0f         00000002  lw       x15, -0x14(x8)
#517 0 8000007c     078a r 0f         00000008  c.slli   x15, 2
#518 0 8000007e fdc42683 r 0d         f0040fec  lw       x13, -0x24(x8)
#519 0 80000082     97b6 r 0f         f0040ff4  c.add    x15, x13
#520 0 80000084     4318 r 0e         0000004e  c.lw     x14, 0x0(x14)
#521 0 80000086     c398 m f0040ff4   0000004e  c.sw     x14, 0x0(x15)
#522 0 80000088 fd842783 r 0f         00000009  lw       x15, -0x28(x8)
#523 0 8000008c     078a r 0f         00000024  c.slli   x15, 2
#524 0 8000008e fdc42703 r 0e         f0040fec  lw       x14, -0x24(x8)
#525 0 80000092     97ba r 0f         f0041010  c.add    x15, x14
#526 0 80000094 fe842703 r 0e         00000007  lw       x14, -0x18(x8)
#527 0 80000098     c398 m f0041010   00000007  c.sw     x14, 0x0(x15)
#528 0 8000009a fec42783 r 0f         00000002  lw       x15, -0x14(x8)
#529 0 8000009e     0785 r 0f         00000003  c.addi   x15, 0x1
#530 0 800000a0 fef42623 m f0040f9c   00000003  sw       x15, -0x14(x8)
#531 0 800000a4 fd842783 r 0f         00000009  lw       x15, -0x28(x8)
#532 0 800000a8     17fd r 0f         00000008  c.addi   x15, -0x1
#533 0 800000aa fcf42c23 m f0040f88   00000008  sw       x15, -0x28(x8)
#534 0 800000ae fec42703 r 0e         00000003  lw       x14, -0x14(x8)
#535 0 800000b2 fd842783 r 0f         00000008  lw       x15, -0x28(x8)
#536 0 800000b6 faf742e3 r 00         00000000  blt      x14, x15, . - 0x5c
#537 0 8000005a fec42783 r 0f         00000003  lw       x15, -0x14(x8)
#538 0 8000005e     078a r 0f         0000000c  c.slli   x15, 2
#539 0 80000060 fdc42703 r 0e         f0040fec  lw       x14, -0x24(x8)
#540 0 80000064     97ba r 0f         f0040ff8  c.add    x15, x14
#541 0 80000066     439c r 0f         00000006  c.lw     x15, 0x0(x15)
#542 0 80000068 fef42423 m f0040f98   00000006  sw       x15, -0x18(x8)
#543 0 8000006c fd842783 r 0f         00000008  lw       x15, -0x28(x8)
#544 0 80000070     078a r 0f         00000020  c.slli   x15, 2
#545 0 80000072 fdc42703 r 0e         f0040fec  lw       x14, -0x24(x8)
#546 0 80000076     973e r 0e         f004100c  c.add    x14, x15
#547 0 80000078 fec42783 r 0f         00000003  lw       x15, -0x14(x8)
#548 0 8000007c     078a r 0f         0000000c  c.slli   x15, 2
#549 0 8000007e fdc42683 r 0d         f0040fec  lw       x13, -0x24(x8)
#550 0 80000082     97b6 r 0f         f0040ff8  c.add    x15, x13
#551 0 80000084     4318 r 0e         00000017  c.lw     x14, 0x0(x14)
#552 0 80000086     c398 m f0040ff8   00000017  c.sw     x14, 0x0(x15)
#553 0 80000088 fd842783 r 0f         00000008  lw       x15, -0x28(x8)
#554 0 8000008c     078a r 0f         00000020  c.slli   x15, 2
#555 0 8000008e fdc42703 r 0e         f0040fec  lw       x14, -0x24(x8)
#556 0 80000092     97ba r 0f         f004100c  c.add    x15, x14
#557 0 80000094 fe842703 r 0e         00000006  lw       x14, -0x18(x8)
#558 0 80000098     c398 m f004100c   00000006  c.sw     x14, 0x0(x15)
#559 0 8000009a fec42783 r 0f         00000003  lw       x15, -0x14(x8)
#560 0 8000009e     0785 r 0f         00000004  c.addi   x15, 0x1
#561 0 800000a0 fef42623 m f0040f9c   00000004  sw       x15, -0x14(x8)
#562 0 800000a4 fd842783 r 0f         00000008  lw       x15, -0x28(x8)
#563 0 800000a8     17fd r 0f         00000007  c.addi   x15, -0x1
#564 0 800000aa fcf42c23 m f0040f88   00000007  sw       x15, -0x28(x8)
#565 0 800000ae fec42703 r 0e         00000004  lw       x14, -0x14(x8)
#566 0 800000b2 fd842783 r 0f         00000007  lw       x15, -0x28(x8)
#567 0 800000b6 faf742e3 r 00         00000000  blt      x14, x15, . - 0x5c
#568 0 8000005a fec42783 r 0f         00000004  lw       x15, -0x14(x8)
#569 0 8000005e     078a r 0f         00000010  c.slli   x15, 2
#570 0 80000060 fdc42703 r 0e         f0040fec  lw       x14, -0x24(x8)
#571 0 80000064     97ba r 0f         f0040ffc  c.add    x15, x14
#572 0 80000066     439c r 0f         0000000c  c.lw     x15, 0x0(x15)
#573 0 80000068 fef42423 m f0040f98   0000000c  sw       x15, -0x18(x8)
#574 0 8000006c fd842783 r 0f         00000007  lw       x15, -0x28(x8)
#575 0 80000070     078a r 0f         0000001c  c.slli   x15, 2
#576 0 80000072 fdc42703 r 0e         f0040fec  lw       x14, -0x24(x8)
#577 0 80000076     973e r 0e         f0041008  c.add    x14, x15
#578 0 80000078 fec42783 r 0f         00000004  lw       x15, -0x14(x8)
#579 0 8000007c     078a r 0f         00000010  c.slli   x15, 2
#580 0 8000007e fdc42683 r 0d         f0040fec  lw       x13, -0x24(x8)
#581 0 80000082     97b6 r 0f         f0040ffc  c.add    x15, x13
#582 0 80000084     4318 r 0e         0000000a  c.lw     x14, 0x0(x14)
#583 0 80000086     c398 m f0040ffc   0000000a  c.sw     x14, 0x0(x15)
#584 0 80000088 fd842783 r 0f         00000007  lw       x15, -0x28(x8)
#585 0 8000008c     078a r 0f         0000001c  c.slli   x15, 2
#586 0 8000008e fdc42703 r 0e         f0040fec  lw       x14, -0x24(x8)
#587 0 80000092     97ba r 0f         f0041008  c.add    x15, x14
#588 0 80000094 fe842703 r 0e         0000000c  lw       x14, -0x18(x8)
#589 0 80000098     c398 m f0041008   0000000c  c.sw     x14, 0x0(x15)
#590 0 8000009a fec42783 r 0f         00000004  lw       x15, -0x14(x8)
#591 0 8000009e     0785 r 0f         00000005  c.addi   x15, 0x1
#592 0 800000a0 fef42623 m f0040f9c   00000005  sw       x15, -0x14(x8)
#593 0 800000a4 fd842783 r 0f         00000007  lw       x15, -0x28(x8)
#594 0 800000a8     17fd r 0f         00000006  c.addi   x15, -0x1
#595 0 800000aa fcf42c23 m f0040f88   00000006  sw       x15, -0x28(x8)
#596 0 800000ae fec42703 r 0e         00000005  lw       x14, -0x14(x8)
#597 0 800000b2 fd842783 r 0f         00000006  lw       x15, -0x28(x8)
#598 0 800000b6 faf742e3 r 00         00000000  blt      x14, x15, . - 0x5c
#599 0 8000005a fec42783 r 0f         00000005  lw       x15, -0x14(x8)
#600 0 8000005e     078a r 0f         00000014  c.slli   x15, 2
#601 0 80000060 fdc42703 r 0e         f0040fec  lw       x14, -0x24(x8)
#602 0 80000064     97ba r 0f         f0041000  c.add    x15, x14
#603 0 80000066     439c r 0f         0000000b  c.lw     x15, 0x0(x15)
#604 0 80000068 fef42423 m f0040f98   0000000b  sw       x15, -0x18(x8)
#605 0 8000006c fd842783 r 0f         00000006  lw       x15, -0x28(x8)
#606 0 80000070     078a r 0f         00000018  c.slli   x15, 2
#607 0 80000072 fdc42703 r 0e         f0040fec  lw       x14, -0x24(x8)
#608 0 80000076     973e r 0e         f0041004  c.add    x14, x15
#609 0 80000078 fec42783 r 0f         00000005  lw       x15, -0x14(x8)
#610 0 8000007c     078a r 0f         00000014  c.slli   x15, 2
#611 0 8000007e fdc42683 r 0d         f0040fec  lw       x13, -0x24(x8)
#612 0 80000082     97b6 r 0f         f0041000  c.add    x15, x13
#613 0 80000084     4318 r 0e         00000014  c.lw     x14, 0x0(x14)
#614 0 80000086     c398 m f0041000   00000014  c.sw     x14, 0x0(x15)
#615 0 80000088 fd842783 r 0f         00000006  lw       x15, -0x28(x8)
#616 0 8000008c     078a r 0f         00000018  c.slli   x15, 2
#617 0 8000008e fdc42703 r 0e         f0040fec  lw       x14, -0x24(x8)
#618 0 80000092     97ba r 0f         f0041004  c.add    x15, x14
#619 0 80000094 fe842703 r 0e         0000000b  lw       x14, -0x18(x8)
#620 0 80000098     c398 m f0041004   0000000b  c.sw     x14, 0x0(x15)
#621 0 8000009a fec42783 r 0f         00000005  lw       x15, -0x14(x8)
#622 0 8000009e     0785 r 0f         00000006  c.addi   x15, 0x1
#623 0 800000a0 fef42623 m f0040f9c   00000006  sw       x15, -0x14(x8)
#624 0 800000a4 fd842783 r 0f         00000006  lw       x15, -0x28(x8)
#625 0 800000a8     17fd r 0f         00000005  c.addi   x15, -0x1
#626 0 800000aa fcf42c23 m f0040f88   00000005  sw       x15, -0x28(x8)
#627 0 800000ae fec42703 r 0e         00000006  lw       x14, -0x14(x8)
#628 0 800000b2 fd842783 r 0f         00000005  lw       x15, -0x28(x8)
#629 0 800000b6 faf742e3 r 00         00000000  blt      x14, x15, . - 0x5c
#630 0 800000ba     0001 r 00         00000000  c.nop
#631 0 800000bc     0001 r 00         00000000  c.nop
#632 0 800000be     5432 r 08         f0040fe0  c.lwsp   x8, 0x2c
#633 0 800000c0     6145 r 02         f0040fb0  c.addi16sp 0x3
#634 0 800000c2     8082 r 00         00000000  c.jr     x1
#635 0 80000174 fec42783 r 0f         0000000c  lw       x15, -0x14(x8)
#636 0 80000178     17fd r 0f         0000000b  c.addi   x15, -0x1
#637 0 8000017a fef42623 m f0040fcc   0000000b  sw       x15, -0x14(x8)
#638 0 8000017e fec42703 r 0e         0000000b  lw       x14, -0x14(x8)
#639 0 80000182     4785 r 0f         00000001  c.li     x15, 0x1
#640 0 80000184 fae7cee3 r 00         00000000  blt      x15, x14, . - 0x44
#641 0 80000140 fec42583 r 0b         0000000b  lw       x11, -0x14(x8)
#642 0 80000144 fdc42503 r 0a         f0040fec  lw       x10, -0x24(x8)
#643 0 80000148     3fb5 r 01         8000014a  c.jal    . - 0x84
#644 0 800000c4     7179 r 02         f0040f80  c.addi16sp -0x3
#645 0 800000c6     d622 m f0040fac   f0040fe0  c.swsp   x8, 0x2c
#646 0 800000c8     1800 r 08         f0040fb0  c.addi4spn  x8, 0xc
#647 0 800000ca fca42e23 m f0040f8c   f0040fec  sw       x10, -0x24(x8)
#648 0 800000ce fcb42c23 m f0040f88   0000000b  sw       x11, -0x28(x8)
#649 0 800000d2 fe042623 m f0040f9c   00000000  sw       x0, -0x14(x8)
#650 0 800000d6 fe042423 m f0040f98   00000000  sw       x0, -0x18(x8)
#651 0 800000da     a815 r 00         00000000  c.j      . + 0x34
#652 0 8000010e fe842703 r 0e         00000000  lw       x14, -0x18(x8)
#653 0 80000112 fd842783 r 0f         0000000b  lw       x15, -0x28(x8)
#654 0 80000116 fcf743e3 r 00         00000000  blt      x14, x15, . - 0x3a
#655 0 800000dc fe842783 r 0f         00000000  lw       x15, -0x18(x8)
#656 0 800000e0     078a r 0f         00000000  c.slli   x15, 2
#657 0 800000e2 fdc42703 r 0e         f0040fec  lw       x14, -0x24(x8)
#658 0 800000e6     97ba r 0f         f0040fec  c.add    x15, x14
#659 0 800000e8     4398 r 0e         00000025  c.lw     x14, 0x0(x15)
#660 0 800000ea fec42783 r 0f         00000000  lw       x15, -0x14(x8)
#661 0 800000ee     078a r 0f         00000000  c.slli   x15, 2
#662 0 800000f0 fdc42683 r 0d         f0040fec  lw       x13, -0x24(x8)
#663 0 800000f4     97b6 r 0f         f0040fec  c.add    x15, x13
#664 0 800000f6     439c r 0f         00000025  c.lw     x15, 0x0(x15)
#665 0 800000f8 00e7d663 r 00         00000000  bge      x15, x14, . + 0xc
#666 0 80000104 fe842783 r 0f         00000000  lw       x15, -0x18(x8)
#667 0 80000108     0785 r 0f         00000001  c.addi   x15, 0x1
#668 0 8000010a fef42423 m f0040f98   00000001  sw       x15, -0x18(x8)
#669 0 8000010e fe842703 r 0e         00000001  lw       x14, -0x18(x8)
#670 0 80000112 fd842783 r 0f         0000000b  lw       x15, -0x28(x8)
#671 0 80000116 fcf743e3 r 00         00000000  blt      x14, x15, . - 0x3a
#672 0 800000dc fe842783 r 0f         00000001  lw       x15, -0x18(x8)
#673 0 800000e0     078a r 0f         00000004  c.slli   x15, 2
#674 0 800000e2 fdc42703 r 0e         f0040fec  lw       x14, -0x24(x8)
#675 0 800000e6     97ba r 0f         f0040ff0  c.add    x15, x14
#676 0 800000e8     4398 r 0e         00000032  c.lw     x14, 0x0(x15)
#677 0 800000ea fec42783 r 0f         00000000  lw       x15, -0x14(x8)
#678 0 800000ee     078a r 0f         00000000  c.slli   x15, 2
#679 0 800000f0 fdc42683 r 0d         f0040fec  lw       x13, -0x24(x8)
#680 0 800000f4     97b6 r 0f         f0040fec  c.add    x15, x13
#681 0 800000f6     439c r 0f         00000025  c.lw     x15, 0x0(x15)
#682 0 800000f8 00e7d663 r 00         00000000  bge      x15, x14, . + 0xc
#683 0 800000fc fe842783 r 0f         00000001  lw       x15, -0x18(x8)
#684 0 80000100 fef42623 m f0040f9c   00000001  sw       x15, -0x14(x8)
#685 0 80000104 fe842783 r 0f         00000001  lw       x15, -0x18(x8)
#686 0 80000108     0785 r 0f         00000002  c.addi   x15, 0x1
#687 0 8000010a fef42423 m f0040f98   00000002  sw       x15, -0x18(x8)
#688 0 8000010e fe842703 r 0e         00000002  lw       x14, -0x18(x8)
#689 0 80000112 fd842783 r 0f         0000000b  lw       x15, -0x28(x8)
#690 0 80000116 fcf743e3 r 00         00000000  blt      x14, x15, . - 0x3a
#691 0 800000dc fe842783 r 0f         00000002  lw       x15, -0x18(x8)
#692 0 800000e0     078a r 0f         00000008  c.slli   x15, 2
#693 0 800000e2 fdc42703 r 0e         f0040fec  lw       x14, -0x24(x8)
#694 0 800000e6     97ba r 0f         f0040ff4  c.add    x15, x14
#695 0 800000e8     4398 r 0e         0000004e  c.lw     x14, 0x0(x15)
#696 0 800000ea fec42783 r 0f         00000001  lw       x15, -0x14(x8)
#697 0 800000ee     078a r 0f         00000004  c.slli   x15, 2
#698 0 800000f0 fdc42683 r 0d         f0040fec  lw       x13, -0x24(x8)
#699 0 800000f4     97b6 r 0f         f0040ff0  c.add    x15, x13
#700 0 800000f6     439c r 0f         00000032  c.lw     x15, 0x0(x15)
#701 0 800000f8 00e7d663 r 00         00000000  bge      x15, x14, . + 0xc
#702 0 800000fc fe842783 r 0f         00000002  lw       x15, -0x18(x8)
#703 0 80000100 fef42623 m f0040f9c   00000002  sw       x15, -0x14(x8)
#704 0 80000104 fe842783 r 0f         00000002  lw       x15, -0x18(x8)
#705 0 80000108     0785 r 0f         00000003  c.addi   x15, 0x1
#706 0 8000010a fef42423 m f0040f98   00000003  sw       x15, -0x18(x8)
#707 0 8000010e fe842703 r 0e         00000003  lw       x14, -0x18(x8)
#708 0 80000112 fd842783 r 0f         0000000b  lw       x15, -0x28(x8)
#709 0 80000116 fcf743e3 r 00         00000000  blt      x14, x15, . - 0x3a
#710 0 800000dc fe842783 r 0f         00000003  lw       x15, -0x18(x8)
#711 0 800000e0     078a r 0f         0000000c  c.slli   x15, 2
#712 0 800000e2 fdc42703 r 0e         f0040fec  lw       x14, -0x24(x8)
#713 0 800000e6     97ba r 0f         f0040ff8  c.add    x15, x14
#714 0 800000e8     4398 r 0e         00000017  c.lw     x14, 0x0(x15)
#715 0 800000ea fec42783 r 0f         00000002  lw       x15, -0x14(x8)
#716 0 800000ee     078a r 0f         00000008  c.slli   x15, 2
#717 0 800000f0 fdc42683 r 0d         f0040fec  lw       x13, -0x24(x8)
#718 0 800000f4     97b6 r 0f         f0040ff4  c.add    x15, x13
#719 0 800000f6     439c r 0f         0000004e  c.lw     x15, 0x0(x15)
#720 0 800000f8 00e7d663 r 00         00000000  bge      x15, x14, . + 0xc
#721 0 80000104 fe842783 r 0f         00000003  lw       x15, -0x18(x8)
#722 0 80000108     0785 r 0f         00000004  c.addi   x15, 0x1
#723 0 8000010a fef42423 m f0040f98   00000004  sw       x15, -0x18(x8)
#724 0 8000010e fe842703 r 0e         00000004  lw       x14, -0x18(x8)
#725 0 80000112 fd842783 r 0f         0000000b  lw       x15, -0x28(x8)
#726 0 80000116 fcf743e3 r 00         00000000  blt      x14, x15, . - 0x3a
#727 0 800000dc fe842783 r 0f         00000004  lw       x15, -0x18(x8)
#728 0 800000e0     078a r 0f         00000010  c.slli   x15, 2
#729 0 800000e2 fdc42703 r 0e         f0040fec  lw       x14, -0x24(x8)
#730 0 800000e6     97ba r 0f         f0040ffc  c.add    x15, x14
#731 0 800000e8     4398 r 0e         0000000a  c.lw     x14, 0x0(x15)
#732 0 800000ea fec42783 r 0f         00000002  lw       x15, -0x14(x8)
#733 0 800000ee     078a r 0f         00000008  c.slli   x15, 2
#734 0 800000f0 fdc42683 r 0d         f0040fec  lw       x13, -0x24(x8)
#735 0 800000f4     97b6 r 0f         f0040ff4  c.add    x15, x13
#736 0 800000f6     439c r 0f         0000004e  c.lw     x15, 0x0(x15)
#737 0 800000f8 00e7d663 r 00         00000000  bge      x15, x14, . + 0xc
#738 0 80000104 fe842783 r 0f         00000004  lw       x15, -0x18(x8)
#739 0 80000108     0785 r 0f         00000005  c.addi   x15, 0x1
#740 0 8000010a fef42423 m f0040f98   00000005  sw       x15, -0x18(x8)
#741 0 8000010e fe842703 r 0e         00000005  lw       x14, -0x18(x8)
#742 0 80000112 fd842783 r 0f         0000000b  lw       x15, -0x28(x8)
#743 0 80000116 fcf743e3 r 00         00000000  blt      x14, x15, . - 0x3a
#744 0 800000dc fe842783 r 0f         00000005  lw       x15, -0x18(x8)
#745 0 800000e0     078a r 0f         00000014  c.slli   x15, 2
#746 0 800000e2 fdc42703 r 0e         f0040fec  lw       x14, -0x24(x8)
#747 0 800000e6     97ba r 0f         f0041000  c.add    x15, x14
#748 0 800000e8     4398 r 0e         00000014  c.lw     x14, 0x0(x15)
#749 0 800000ea fec42783 r 0f         00000002  lw       x15, -0x14(x8)
#750 0 800000ee     078a r 0f         00000008  c.slli   x15, 2
#751 0 800000f0 fdc42683 r 0d         f0040fec  lw       x13, -0x24(x8)
#752 0 800000f4     97b6 r 0f         f0040ff4  c.add    x15, x13
#753 0 800000f6     439c r 0f         0000004e  c.lw     x15, 0x0(x15)
#754 0 800000f8 00e7d663 r 00         00000000  bge      x15, x14, . + 0xc
#755 0 80000104 fe842783 r 0f         00000005  lw       x15, -0x18(x8)
#756 0 80000108     0785 r 0f         00000006  c.addi   x15, 0x1
#757 0 8000010a fef42423 m f0040f98   00000006  sw       x15, -0x18(x8)
#758 0 8000010e fe842703 r 0e         00000006  lw       x14, -0x18(x8)
#759 0 80000112 fd842783 r 0f         0000000b  lw       x15, -0x28(x8)
#760 0 80000116 fcf743e3 r 00         00000000  blt      x14, x15, . - 0x3a
#761 0 800000dc fe842783 r 0f         00000006  lw       x15, -0x18(x8)
#762 0 800000e0     078a r 0f         00000018  c.slli   x15, 2
#763 0 800000e2 fdc42703 r 0e         f0040fec  lw       x14, -0x24(x8)
#764 0 800000e6     97ba r 0f         f0041004  c.add    x15, x14
#765 0 800000e8     4398 r 0e         0000000b  c.lw     x14, 0x0(x15)
#766 0 800000ea fec42783 r 0f         00000002  lw       x15, -0x14(x8)
#767 0 800000ee     078a r 0f         00000008  c.slli   x15, 2
#768 0 800000f0 fdc42683 r 0d         f0040fec  lw       x13, -0x24(x8)
#769 0 800000f4     97b6 r 0f         f0040ff4  c.add    x15, x13
#770 0 800000f6     439c r 0f         0000004e  c.lw     x15, 0x0(x15)
#771 0 800000f8 00e7d663 r 00         00000000  bge      x15, x14, . + 0xc
#772 0 80000104 fe842783 r 0f         00000006  lw       x15, -0x18(x8)
#773 0 80000108     0785 r 0f         00000007  c.addi   x15, 0x1
#774 0 8000010a fef42423 m f0040f98   00000007  sw       x15, -0x18(x8)
#775 0 8000010e fe842703 r 0e         00000007  lw       x14, -0x18(x8)
#776 0 80000112 fd842783 r 0f         0000000b  lw       x15, -0x28(x8)
#777 0 80000116 fcf743e3 r 00         00000000  blt      x14, x15, . - 0x3a
#778 0 800000dc fe842783 r 0f         00000007  lw       x15, -0x18(x8)
#779 0 800000e0     078a r 0f         0000001c  c.slli   x15, 2
#780 0 800000e2 fdc42703 r 0e         f0040fec  lw       x14, -0x24(x8)
#781 0 800000e6     97ba r 0f         f0041008  c.add    x15, x14
#782 0 800000e8     4398 r 0e         0000000c  c.lw     x14, 0x0(x15)
#783 0 800000ea fec42783 r 0f         00000002  lw       x15, -0x14(x8)
#784 0 800000ee     078a r 0f         00000008  c.slli   x15, 2
#785 0 800000f0 fdc42683 r 0d         f0040fec  lw       x13, -0x24(x8)
#786 0 800000f4     97b6 r 0f         f0040ff4  c.add    x15, x13
#787 0 800000f6     439c r 0f         0000004e  c.lw     x15, 0x0(x15)
#788 0 800000f8 00e7d663 r 00         00000000  bge      x15, x14, . + 0xc
#789 0 80000104 fe842783 r 0f         00000007  lw       x15, -0x18(x8)
#790 0 80000108     0785 r 0f         00000008  c.addi   x15, 0x1
#791 0 8000010a fef42423 m f0040f98   00000008  sw       x15, -0x18(x8)
#792 0 8000010e fe842703 r 0e         00000008  lw       x14, -0x18(x8)
#793 0 80000112 fd842783 r 0f         0000000b  lw       x15, -0x28(x8)
#794 0 80000116 fcf743e3 r 00         00000000  blt      x14, x15, . - 0x3a
#795 0 800000dc fe842783 r 0f         00000008  lw       x15, -0x18(x8)
#796 0 800000e0     078a r 0f         00000020  c.slli   x15, 2
#797 0 800000e2 fdc42703 r 0e         f0040fec  lw       x14, -0x24(x8)
#798 0 800000e6     97ba r 0f         f004100c  c.add    x15, x14
#799 0 800000e8     4398 r 0e         00000006  c.lw     x14, 0x0(x15)
#800 0 800000ea fec42783 r 0f         00000002  lw       x15, -0x14(x8)
#801 0 800000ee     078a r 0f         00000008  c.slli   x15, 2
#802 0 800000f0 fdc42683 r 0d         f0040fec  lw       x13, -0x24(x8)
#803 0 800000f4     97b6 r 0f         f0040ff4  c.add    x15, x13
#804 0 800000f6     439c r 0f         0000004e  c.lw     x15, 0x0(x15)
#805 0 800000f8 00e7d663 r 00         00000000  bge      x15, x14, . + 0xc
#806 0 80000104 fe842783 r 0f         00000008  lw       x15, -0x18(x8)
#807 0 80000108     0785 r 0f         00000009  c.addi   x15, 0x1
#808 0 8000010a fef42423 m f0040f98   00000009  sw       x15, -0x18(x8)
#809 0 8000010e fe842703 r 0e         00000009  lw       x14, -0x18(x8)
#810 0 80000112 fd842783 r 0f         0000000b  lw       x15, -0x28(x8)
#811 0 80000116 fcf743e3 r 00         00000000  blt      x14, x15, . - 0x3a
#812 0 800000dc fe842783 r 0f         00000009  lw       x15, -0x18(x8)
#813 0 800000e0     078a r 0f         00000024  c.slli   x15, 2
#814 0 800000e2 fdc42703 r 0e         f0040fec  lw       x14, -0x24(x8)
#815 0 800000e6     97ba r 0f         f0041010  c.add    x15, x14
#816 0 800000e8     4398 r 0e         00000007  c.lw     x14, 0x0(x15)
#817 0 800000ea fec42783 r 0f         00000002  lw       x15, -0x14(x8)
#818 0 800000ee     078a r 0f         00000008  c.slli   x15, 2
#819 0 800000f0 fdc42683 r 0d         f0040fec  lw       x13, -0x24(x8)
#820 0 800000f4     97b6 r 0f         f0040ff4  c.add    x15, x13
#821 0 800000f6     439c r 0f         0000004e  c.lw     x15, 0x0(x15)
#822 0 800000f8 00e7d663 r 00         00000000  bge      x15, x14, . + 0xc
#823 0 80000104 fe842783 r 0f         00000009  lw       x15, -0x18(x8)
#824 0 80000108     0785 r 0f         0000000a  c.addi   x15, 0x1
#825 0 8000010a fef42423 m f0040f98   0000000a  sw       x15, -0x18(x8)
#826 0 8000010e fe842703 r 0e         0000000a  lw       x14, -0x18(x8)
#827 0 80000112 fd842783 r 0f         0000000b  lw       x15, -0x28(x8)
#828 0 80000116 fcf743e3 r 00         00000000  blt      x14, x15, . - 0x3a
#829 0 800000dc fe842783 r 0f         0000000a  lw       x15, -0x18(x8)
#830 0 800000e0     078a r 0f         00000028  c.slli   x15, 2
#831 0 800000e2 fdc42703 r 0e         f0040fec  lw       x14, -0x24(x8)
#832 0 800000e6     97ba r 0f         f0041014  c.add    x15, x14
#833 0 800000e8     4398 r 0e         00000021  c.lw     x14, 0x0(x15)
#834 0 800000ea fec42783 r 0f         00000002  lw       x15, -0x14(x8)
#835 0 800000ee     078a r 0f         00000008  c.slli   x15, 2
#836 0 800000f0 fdc42683 r 0d         f0040fec  lw       x13, -0x24(x8)
#837 0 800000f4     97b6 r 0f         f0040ff4  c.add    x15, x13
#838 0 800000f6     439c r 0f         0000004e  c.lw     x15, 0x0(x15)
#839 0 800000f8 00e7d663 r 00         00000000  bge      x15, x14, . + 0xc
#840 0 80000104 fe842783 r 0f         0000000a  lw       x15, -0x18(x8)
#841 0 80000108     0785 r 0f         0000000b  c.addi   x15, 0x1
#842 0 8000010a fef42423 m f0040f98   0000000b  sw       x15, -0x18(x8)
#843 0 8000010e fe842703 r 0e         0000000b  lw       x14, -0x18(x8)
#844 0 80000112 fd842783 r 0f         0000000b  lw       x15, -0x28(x8)
#845 0 80000116 fcf743e3 r 00         00000000  blt      x14, x15, . - 0x3a
#846 0 8000011a fec42783 r 0f         00000002  lw       x15, -0x14(x8)
#847 0 8000011e     853e r 0a         00000002  c.mv     x10, x15
#848 0 80000120     5432 r 08         f0040fe0  c.lwsp   x8, 0x2c
#849 0 80000122     6145 r 02         f0040fb0  c.addi16sp 0x3
#850 0 80000124     8082 r 00         00000000  c.jr     x1
#851 0 8000014a fea42423 m f0040fc8   00000002  sw       x10, -0x18(x8)
#852 0 8000014e fec42783 r 0f         0000000b  lw       x15, -0x14(x8)
#853 0 80000152     17fd r 0f         0000000a  c.addi   x15, -0x1
#854 0 80000154 fe842703 r 0e         00000002  lw       x14, -0x18(x8)
#855 0 80000158 00f70e63 r 00         00000000  beq      x14, x15, . + 0x1c
#856 0 8000015c fe842583 r 0b         00000002  lw       x11, -0x18(x8)
#857 0 80000160 fdc42503 r 0a         f0040fec  lw       x10, -0x24(x8)
#858 0 80000164     35cd r 01         80000166  c.jal    . - 0x11e
#859 0 80000046     7179 r 02         f0040f80  c.addi16sp -0x3
#860 0 80000048     d622 m f0040fac   f0040fe0  c.swsp   x8, 0x2c
#861 0 8000004a     1800 r 08         f0040fb0  c.addi4spn  x8, 0xc
#862 0 8000004c fca42e23 m f0040f8c   f0040fec  sw       x10, -0x24(x8)
#863 0 80000050 fcb42c23 m f0040f88   00000002  sw       x11, -0x28(x8)
#864 0 80000054 fe042623 m f0040f9c   00000000  sw       x0, -0x14(x8)
#865 0 80000058     a899 r 00         00000000  c.j      . + 0x56
#866 0 800000ae fec42703 r 0e         00000000  lw       x14, -0x14(x8)
#867 0 800000b2 fd842783 r 0f         00000002  lw       x15, -0x28(x8)
#868 0 800000b6 faf742e3 r 00         00000000  blt      x14, x15, . - 0x5c
#869 0 8000005a fec42783 r 0f         00000000  lw       x15, -0x14(x8)
#870 0 8000005e     078a r 0f         00000000  c.slli   x15, 2
#871 0 80000060 fdc42703 r 0e         f0040fec  lw       x14, -0x24(x8)
#872 0 80000064     97ba r 0f         f0040fec  c.add    x15, x14
#873 0 80000066     439c r 0f         00000025  c.lw     x15, 0x0(x15)
#874 0 80000068 fef42423 m f0040f98   00000025  sw       x15, -0x18(x8)
#875 0 8000006c fd842783 r 0f         00000002  lw       x15, -0x28(x8)
#876 0 80000070     078a r 0f         00000008  c.slli   x15, 2
#877 0 80000072 fdc42703 r 0e         f0040fec  lw       x14, -0x24(x8)
#878 0 80000076     973e r 0e         f0040ff4  c.add    x14, x15
#879 0 80000078 fec42783 r 0f         00000000  lw       x15, -0x14(x8)
#880 0 8000007c     078a r 0f         00000000  c.slli   x15, 2
#881 0 8000007e fdc42683 r 0d         f0040fec  lw       x13, -0x24(x8)
#882 0 80000082     97b6 r 0f         f0040fec  c.add    x15, x13
#883 0 80000084     4318 r 0e         0000004e  c.lw     x14, 0x0(x14)
#884 0 80000086     c398 m f0040fec   0000004e  c.sw     x14, 0x0(x15)
#885 0 80000088 fd842783 r 0f         00000002  lw       x15, -0x28(x8)
#886 0 8000008c     078a r 0f         00000008  c.slli   x15, 2
#887 0 8000008e fdc42703 r 0e         f0040fec  lw       x14, -0x24(x8)
#888 0 80000092     97ba r 0f         f0040ff4  c.add    x15, x14
#889 0 80000094 fe842703 r 0e         00000025  lw       x14, -0x18(x8)
#890 0 80000098     c398 m f0040ff4   00000025  c.sw     x14, 0x0(x15)
#891 0 8000009a fec42783 r 0f         00000000  lw       x15, -0x14(x8)
#892 0 8000009e     0785 r 0f         00000001  c.addi   x15, 0x1
#893 0 800000a0 fef42623 m f0040f9c   00000001  sw       x15, -0x14(x8)
#894 0 800000a4 fd842783 r 0f         00000002  lw       x15, -0x28(x8)
#895 0 800000a8     17fd r 0f         00000001  c.addi   x15, -0x1
#896 0 800000aa fcf42c23 m f0040f88   00000001  sw       x15, -0x28(x8)
#897 0 800000ae fec42703 r 0e         00000001  lw       x14, -0x14(x8)
#898 0 800000b2 fd842783 r 0f         00000001  lw       x15, -0x28(x8)
#899 0 800000b6 faf742e3 r 00         00000000  blt      x14, x15, . - 0x5c
#900 0 800000ba     0001 r 00         00000000  c.nop
#901 0 800000bc     0001 r 00         00000000  c.nop
#902 0 800000be     5432 r 08         f0040fe0  c.lwsp   x8, 0x2c
#903 0 800000c0     6145 r 02         f0040fb0  c.addi16sp 0x3
#904 0 800000c2     8082 r 00         00000000  c.jr     x1
#905 0 80000166 fec42783 r 0f         0000000b  lw       x15, -0x14(x8)
#906 0 8000016a     17fd r 0f         0000000a  c.addi   x15, -0x1
#907 0 8000016c     85be r 0b         0000000a  c.mv     x11, x15
#908 0 8000016e fdc42503 r 0a         f0040fec  lw       x10, -0x24(x8)
#909 0 80000172     3dd1 r 01         80000174  c.jal    . - 0x12c
#910 0 80000046     7179 r 02         f0040f80  c.addi16sp -0x3
#911 0 80000048     d622 m f0040fac   f0040fe0  c.swsp   x8, 0x2c
#912 0 8000004a     1800 r 08         f0040fb0  c.addi4spn  x8, 0xc
#913 0 8000004c fca42e23 m f0040f8c   f0040fec  sw       x10, -0x24(x8)
#914 0 80000050 fcb42c23 m f0040f88   0000000a  sw       x11, -0x28(x8)
#915 0 80000054 fe042623 m f0040f9c   00000000  sw       x0, -0x14(x8)
#916 0 80000058     a899 r 00         00000000  c.j      . + 0x56
#917 0 800000ae fec42703 r 0e         00000000  lw       x14, -0x14(x8)
#918 0 800000b2 fd842783 r 0f         0000000a  lw       x15, -0x28(x8)
#919 0 800000b6 faf742e3 r 00         00000000  blt      x14, x15, . - 0x5c
#920 0 8000005a fec42783 r 0f         00000000  lw       x15, -0x14(x8)
#921 0 8000005e     078a r 0f         00000000  c.slli   x15, 2
#922 0 80000060 fdc42703 r 0e         f0040fec  lw       x14, -0x24(x8)
#923 0 80000064     97ba r 0f         f0040fec  c.add    x15, x14
#924 0 80000066     439c r 0f         0000004e  c.lw     x15, 0x0(x15)
#925 0 80000068 fef42423 m f0040f98   0000004e  sw       x15, -0x18(x8)
#926 0 8000006c fd842783 r 0f         0000000a  lw       x15, -0x28(x8)
#927 0 80000070     078a r 0f         00000028  c.slli   x15, 2
#928 0 80000072 fdc42703 r 0e         f0040fec  lw       x14, -0x24(x8)
#929 0 80000076     973e r 0e         f0041014  c.add    x14, x15
#930 0 80000078 fec42783 r 0f         00000000  lw       x15, -0x14(x8)
#931 0 8000007c     078a r 0f         00000000  c.slli   x15, 2
#932 0 8000007e fdc42683 r 0d         f0040fec  lw       x13, -0x24(x8)
#933 0 80000082     97b6 r 0f         f0040fec  c.add    x15, x13
#934 0 80000084     4318 r 0e         00000021  c.lw     x14, 0x0(x14)
#935 0 80000086     c398 m f0040fec   00000021  c.sw     x14, 0x0(x15)
#936 0 80000088 fd842783 r 0f         0000000a  lw       x15, -0x28(x8)
#937 0 8000008c     078a r 0f         00000028  c.slli   x15, 2
#938 0 8000008e fdc42703 r 0e         f0040fec  lw       x14, -0x24(x8)
#939 0 80000092     97ba r 0f         f0041014  c.add    x15, x14
#940 0 80000094 fe842703 r 0e         0000004e  lw       x14, -0x18(x8)
#941 0 80000098     c398 m f0041014   0000004e  c.sw     x14, 0x0(x15)
#942 0 8000009a fec42783 r 0f         00000000  lw       x15, -0x14(x8)
#943 0 8000009e     0785 r 0f         00000001  c.addi   x15, 0x1
#944 0 800000a0 fef42623 m f0040f9c   00000001  sw       x15, -0x14(x8)
#945 0 800000a4 fd842783 r 0f         0000000a  lw       x15, -0x28(x8)
#946 0 800000a8     17fd r 0f         00000009  c.addi   x15, -0x1
#947 0 800000aa fcf42c23 m f0040f88   00000009  sw       x15, -0x28(x8)
#948 0 800000ae fec42703 r 0e         00000001  lw       x14, -0x14(x8)
#949 0 800000b2 fd842783 r 0f         00000009  lw       x15, -0x28(x8)
#950 0 800000b6 faf742e3 r 00         00000000  blt      x14, x15, . - 0x5c
#951 0 8000005a fec42783 r 0f         00000001  lw       x15, -0x14(x8)
#952 0 8000005e     078a r 0f         00000004  c.slli   x15, 2
#953 0 80000060 fdc42703 r 0e         f0040fec  lw       x14, -0x24(x8)
#954 0 80000064     97ba r 0f         f0040ff0  c.add    x15, x14
#955 0 80000066     439c r 0f         00000032  c.lw     x15, 0x0(x15)
#956 0 80000068 fef42423 m f0040f98   00000032  sw       x15, -0x18(x8)
#957 0 8000006c fd842783 r 0f         00000009  lw       x15, -0x28(x8)
#958 0 80000070     078a r 0f         00000024  c.slli   x15, 2
#959 0 80000072 fdc42703 r 0e         f0040fec  lw       x14, -0x24(x8)
#960 0 80000076     973e r 0e         f0041010  c.add    x14, x15
#961 0 80000078 fec42783 r 0f         00000001  lw       x15, -0x14(x8)
#962 0 8000007c     078a r 0f         00000004  c.slli   x15, 2
#963 0 8000007e fdc42683 r 0d         f0040fec  lw       x13, -0x24(x8)
#964 0 80000082     97b6 r 0f         f0040ff0  c.add    x15, x13
#965 0 80000084     4318 r 0e         00000007  c.lw     x14, 0x0(x14)
#966 0 80000086     c398 m f0040ff0   00000007  c.sw     x14, 0x0(x15)
#967 0 80000088 fd842783 r 0f         00000009  lw       x15, -0x28(x8)
#968 0 8000008c     078a r 0f         00000024  c.slli   x15, 2
#969 0 8000008e fdc42703 r 0e         f0040fec  lw       x14, -0x24(x8)
#970 0 80000092     97ba r 0f         f0041010  c.add    x15, x14
#971 0 80000094 fe842703 r 0e         00000032  lw       x14, -0x18(x8)
#972 0 80000098     c398 m f0041010   00000032  c.sw     x14, 0x0(x15)
#973 0 8000009a fec42783 r 0f         00000001  lw       x15, -0x14(x8)
#974 0 8000009e     0785 r 0f         00000002  c.addi   x15, 0x1
#975 0 800000a0 fef42623 m f0040f9c   00000002  sw       x15, -0x14(x8)
#976 0 800000a4 fd842783 r 0f         00000009  lw       x15, -0x28(x8)
#977 0 800000a8     17fd r 0f         00000008  c.addi   x15, -0x1
#978 0 800000aa fcf42c23 m f0040f88   00000008  sw       x15, -0x28(x8)
#979 0 800000ae fec42703 r 0e         00000002  lw       x14, -0x14(x8)
#980 0 800000b2 fd842783 r 0f         00000008  lw       x15, -0x28(x8)
#981 0 800000b6 faf742e3 r 00         00000000  blt      x14, x15, . - 0x5c
#982 0 8000005a fec42783 r 0f         00000002  lw       x15, -0x14(x8)
#983 0 8000005e     078a r 0f         00000008  c.slli   x15, 2
#984 0 80000060 fdc42703 r 0e         f0040fec  lw       x14, -0x24(x8)
#985 0 80000064     97ba r 0f         f0040ff4  c.add    x15, x14
#986 0 80000066     439c r 0f         00000025  c.lw     x15, 0x0(x15)
#987 0 80000068 fef42423 m f0040f98   00000025  sw       x15, -0x18(x8)
#988 0 8000006c fd842783 r 0f         00000008  lw       x15, -0x28(x8)
#989 0 80000070     078a r 0f         00000020  c.slli   x15, 2
#990 0 80000072 fdc42703 r 0e         f0040fec  lw       x14, -0x24(x8)
#991 0 80000076     973e r 0e         f004100c  c.add    x14, x15
#992 0 80000078 fec42783 r 0f         00000002  lw       x15, -0x14(x8)
#993 0 8000007c     078a r 0f         00000008  c.slli   x15, 2
#994 0 8000007e fdc42683 r 0d         f0040fec  lw       x13, -0x24(x8)
#995 0 80000082     97b6 r 0f         f0040ff4  c.add    x15, x13
#996 0 80000084     4318 r 0e         00000006  c.lw     x14, 0x0(x14)
#997 0 80000086     c398 m f0040ff4   00000006  c.sw     x14, 0x0(x15)
#998 0 80000088 fd842783 r 0f         00000008  lw       x15, -0x28(x8)
#999 0 8000008c     078a r 0f         00000020  c.slli   x15, 2
#1000 0 8000008e fdc42703 r 0e         f0040fec  lw       x14, -0x24(x8)
#1001 0 80000092     97ba r 0f         f004100c  c.add    x15, x14
#1002 0 80000094 fe842703 r 0e         00000025  lw       x14, -0x18(x8)
#1003 0 80000098     c398 m f004100c   00000025  c.sw     x14, 0x0(x15)
#1004 0 8000009a fec42783 r 0f         00000002  lw       x15, -0x14(x8)
#1005 0 8000009e     0785 r 0f         00000003  c.addi   x15, 0x1
#1006 0 800000a0 fef42623 m f0040f9c   00000003  sw       x15, -0x14(x8)
#1007 0 800000a4 fd842783 r 0f         00000008  lw       x15, -0x28(x8)
#1008 0 800000a8     17fd r 0f         00000007  c.addi   x15, -0x1
#1009 0 800000aa fcf42c23 m f0040f88   00000007  sw       x15, -0x28(x8)
#1010 0 800000ae fec42703 r 0e         00000003  lw       x14, -0x14(x8)
#1011 0 800000b2 fd842783 r 0f         00000007  lw       x15, -0x28(x8)
#1012 0 800000b6 faf742e3 r 00         00000000  blt      x14, x15, . - 0x5c
#1013 0 8000005a fec42783 r 0f         00000003  lw       x15, -0x14(x8)
#1014 0 8000005e     078a r 0f         0000000c  c.slli   x15, 2
#1015 0 80000060 fdc42703 r 0e         f0040fec  lw       x14, -0x24(x8)
#1016 0 80000064     97ba r 0f         f0040ff8  c.add    x15, x14
#1017 0 80000066     439c r 0f         00000017  c.lw     x15, 0x0(x15)
#1018 0 80000068 fef42423 m f0040f98   00000017  sw       x15, -0x18(x8)
#1019 0 8000006c fd842783 r 0f         00000007  lw       x15, -0x28(x8)
#1020 0 80000070     078a r 0f         0000001c  c.slli   x15, 2
#1021 0 80000072 fdc42703 r 0e         f0040fec  lw       x14, -0x24(x8)
#1022 0 80000076     973e r 0e         f0041008  c.add    x14, x15
#1023 0 80000078 fec42783 r 0f         00000003  lw       x15, -0x14(x8)
#1024 0 8000007c     078a r 0f         0000000c  c.slli   x15, 2
#1025 0 8000007e fdc42683 r 0d         f0040fec  lw       x13, -0x24(x8)
#1026 0 80000082     97b6 r 0f         f0040ff8  c.add    x15, x13
#1027 0 80000084     4318 r 0e         0000000c  c.lw     x14, 0x0(x14)
#1028 0 80000086     c398 m f0040ff8   0000000c  c.sw     x14, 0x0(x15)
#1029 0 80000088 fd842783 r 0f         00000007  lw       x15, -0x28(x8)
#1030 0 8000008c     078a r 0f         0000001c  c.slli   x15, 2
#1031 0 8000008e fdc42703 r 0e         f0040fec  lw       x14, -0x24(x8)
#1032 0 80000092     97ba r 0f         f0041008  c.add    x15, x14
#1033 0 80000094 fe842703 r 0e         00000017  lw       x14, -0x18(x8)
#1034 0 80000098     c398 m f0041008   00000017  c.sw     x14, 0x0(x15)
#1035 0 8000009a fec42783 r 0f         00000003  lw       x15, -0x14(x8)
#1036 0 8000009e     0785 r 0f         00000004  c.addi   x15, 0x1
#1037 0 800000a0 fef42623 m f0040f9c   00000004  sw       x15, -0x14(x8)
#1038 0 800000a4 fd842783 r 0f         00000007  lw       x15, -0x28(x8)
#1039 0 800000a8     17fd r 0f         00000006  c.addi   x15, -0x1
#1040 0 800000aa fcf42c23 m f0040f88   00000006  sw       x15, -0x28(x8)
#1041 0 800000ae fec42703 r 0e         00000004  lw       x14, -0x14(x8)
#1042 0 800000b2 fd842783 r 0f         00000006  lw       x15, -0x28(x8)
#1043 0 800000b6 faf742e3 r 00         00000000  blt      x14, x15, . - 0x5c
#1044 0 8000005a fec42783 r 0f         00000004  lw       x15, -0x14(x8)
#1045 0 8000005e     078a r 0f         00000010  c.slli   x15, 2
#1046 0 80000060 fdc42703 r 0e         f0040fec  lw       x14, -0x24(x8)
#1047 0 80000064     97ba r 0f         f0040ffc  c.add    x15, x14
#1048 0 80000066     439c r 0f         0000000a  c.lw     x15, 0x0(x15)
#1049 0 80000068 fef42423 m f0040f98   0000000a  sw       x15, -0x18(x8)
#1050 0 8000006c fd842783 r 0f         00000006  lw       x15, -0x28(x8)
#1051 0 80000070     078a r 0f         00000018  c.slli   x15, 2
#1052 0 80000072 fdc42703 r 0e         f0040fec  lw       x14, -0x24(x8)
#1053 0 80000076     973e r 0e         f0041004  c.add    x14, x15
#1054 0 80000078 fec42783 r 0f         00000004  lw       x15, -0x14(x8)
#1055 0 8000007c     078a r 0f         00000010  c.slli   x15, 2
#1056 0 8000007e fdc42683 r 0d         f0040fec  lw       x13, -0x24(x8)
#1057 0 80000082     97b6 r 0f         f0040ffc  c.add    x15, x13
#1058 0 80000084     4318 r 0e         0000000b  c.lw     x14, 0x0(x14)
#1059 0 80000086     c398 m f0040ffc   0000000b  c.sw     x14, 0x0(x15)
#1060 0 80000088 fd842783 r 0f         00000006  lw       x15, -0x28(x8)
#1061 0 8000008c     078a r 0f         00000018  c.slli   x15, 2
#1062 0 8000008e fdc42703 r 0e         f0040fec  lw       x14, -0x24(x8)
#1063 0 80000092     97ba r 0f         f0041004  c.add    x15, x14
#1064 0 80000094 fe842703 r 0e         0000000a  lw       x14, -0x18(x8)
#1065 0 80000098     c398 m f0041004   0000000a  c.sw     x14, 0x0(x15)
#1066 0 8000009a fec42783 r 0f         00000004  lw       x15, -0x14(x8)
#1067 0 8000009e     0785 r 0f         00000005  c.addi   x15, 0x1
#1068 0 800000a0 fef42623 m f0040f9c   00000005  sw       x15, -0x14(x8)
#1069 0 800000a4 fd842783 r 0f         00000006  lw       x15, -0x28(x8)
#1070 0 800000a8     17fd r 0f         00000005  c.addi   x15, -0x1
#1071 0 800000aa fcf42c23 m f0040f88   00000005  sw       x15, -0x28(x8)
#1072 0 800000ae fec42703 r 0e         00000005  lw       x14, -0x14(x8)
#1073 0 800000b2 fd842783 r 0f         00000005  lw       x15, -0x28(x8)
#1074 0 800000b6 faf742e3 r 00         00000000  blt      x14, x15, . - 0x5c
#1075 0 800000ba     0001 r 00         00000000  c.nop
#1076 0 800000bc     0001 r 00         00000000  c.nop
#1077 0 800000be     5432 r 08         f0040fe0  c.lwsp   x8, 0x2c
#1078 0 800000c0     6145 r 02         f0040fb0  c.addi16sp 0x3
#1079 0 800000c2     8082 r 00         00000000  c.jr     x1
#1080 0 80000174 fec42783 r 0f         0000000b  lw       x15, -0x14(x8)
#1081 0 80000178     17fd r 0f         0000000a  c.addi   x15, -0x1
#1082 0 8000017a fef42623 m f0040fcc   0000000a  sw       x15, -0x14(x8)
#1083 0 8000017e fec42703 r 0e         0000000a  lw       x14, -0x14(x8)
#1084 0 80000182     4785 r 0f         00000001  c.li     x15, 0x1
#1085 0 80000184 fae7cee3 r 00         00000000  blt      x15, x14, . - 0x44
#1086 0 80000140 fec42583 r 0b         0000000a  lw       x11, -0x14(x8)
#1087 0 80000144 fdc42503 r 0a         f0040fec  lw       x10, -0x24(x8)
#1088 0 80000148     3fb5 r 01         8000014a  c.jal    . - 0x84
#1089 0 800000c4     7179 r 02         f0040f80  c.addi16sp -0x3
#1090 0 800000c6     d622 m f0040fac   f0040fe0  c.swsp   x8, 0x2c
#1091 0 800000c8     1800 r 08         f0040fb0  c.addi4spn  x8, 0xc
#1092 0 800000ca fca42e23 m f0040f8c   f0040fec  sw       x10, -0x24(x8)
#1093 0 800000ce fcb42c23 m f0040f88   0000000a  sw       x11, -0x28(x8)
#1094 0 800000d2 fe042623 m f0040f9c   00000000  sw       x0, -0x14(x8)
#1095 0 800000d6 fe042423 m f0040f98   00000000  sw       x0, -0x18(x8)
#1096 0 800000da     a815 r 00         00000000  c.j      . + 0x34
#1097 0 8000010e fe842703 r 0e         00000000  lw       x14, -0x18(x8)
#1098 0 80000112 fd842783 r 0f         0000000a  lw       x15, -0x28(x8)
#1099 0 80000116 fcf743e3 r 00         00000000  blt      x14, x15, . - 0x3a
#1100 0 800000dc fe842783 r 0f         00000000  lw       x15, -0x18(x8)
#1101 0 800000e0     078a r 0f         00000000  c.slli   x15, 2
#1102 0 800000e2 fdc42703 r 0e         f0040fec  lw       x14, -0x24(x8)
#1103 0 800000e6     97ba r 0f         f0040fec  c.add    x15, x14
#1104 0 800000e8     4398 r 0e         00000021  c.lw     x14, 0x0(x15)
#1105 0 800000ea fec42783 r 0f         00000000  lw       x15, -0x14(x8)
#1106 0 800000ee     078a r 0f         00000000  c.slli   x15, 2
#1107 0 800000f0 fdc42683 r 0d         f0040fec  lw       x13, -0x24(x8)
#1108 0 800000f4     97b6 r 0f         f0040fec  c.add    x15, x13
#1109 0 800000f6     439c r 0f         00000021  c.lw     x15, 0x0(x15)
#1110 0 800000f8 00e7d663 r 00         00000000  bge      x15, x14, . + 0xc
#1111 0 80000104 fe842783 r 0f         00000000  lw       x15, -0x18(x8)
#1112 0 80000108     0785 r 0f         00000001  c.addi   x15, 0x1
#1113 0 8000010a fef42423 m f0040f98   00000001  sw       x15, -0x18(x8)
#1114 0 8000010e fe842703 r 0e         00000001  lw       x14, -0x18(x8)
#1115 0 80000112 fd842783 r 0f         0000000a  lw       x15, -0x28(x8)
#1116 0 80000116 fcf743e3 r 00         00000000  blt      x14, x15, . - 0x3a
#1117 0 800000dc fe842783 r 0f         00000001  lw       x15, -0x18(x8)
#1118 0 800000e0     078a r 0f         00000004  c.slli   x15, 2
#1119 0 800000e2 fdc42703 r 0e         f0040fec  lw       x14, -0x24(x8)
#1120 0 800000e6     97ba r 0f         f0040ff0  c.add    x15, x14
#1121 0 800000e8     4398 r 0e         00000007  c.lw     x14, 0x0(x15)
#1122 0 800000ea fec42783 r 0f         00000000  lw       x15, -0x14(x8)
#1123 0 800000ee     078a r 0f         00000000  c.slli   x15, 2
#1124 0 800000f0 fdc42683 r 0d         f0040fec  lw       x13, -0x24(x8)
#1125 0 800000f4     97b6 r 0f         f0040fec  c.add    x15, x13
#1126 0 800000f6     439c r 0f         00000021  c.lw     x15, 0x0(x15)
#1127 0 800000f8 00e7d663 r 00         00000000  bge      x15, x14, . + 0xc
#1128 0 80000104 fe842783 r 0f         00000001  lw       x15, -0x18(x8)
#1129 0 80000108     0785 r 0f         00000002  c.addi   x15, 0x1
#1130 0 8000010a fef42423 m f0040f98   00000002  sw       x15, -0x18(x8)
#1131 0 8000010e fe842703 r 0e         00000002  lw       x14, -0x18(x8)
#1132 0 80000112 fd842783 r 0f         0000000a  lw       x15, -0x28(x8)
#1133 0 80000116 fcf743e3 r 00         00000000  blt      x14, x15, . - 0x3a
#1134 0 800000dc fe842783 r 0f         00000002  lw       x15, -0x18(x8)
#1135 0 800000e0     078a r 0f         00000008  c.slli   x15, 2
#1136 0 800000e2 fdc42703 r 0e         f0040fec  lw       x14, -0x24(x8)
#1137 0 800000e6     97ba r 0f         f0040ff4  c.add    x15, x14
#1138 0 800000e8     4398 r 0e         00000006  c.lw     x14, 0x0(x15)
#1139 0 800000ea fec42783 r 0f         00000000  lw       x15, -0x14(x8)
#1140 0 800000ee     078a r 0f         00000000  c.slli   x15, 2
#1141 0 800000f0 fdc42683 r 0d         f0040fec  lw       x13, -0x24(x8)
#1142 0 800000f4     97b6 r 0f         f0040fec  c.add    x15, x13
#1143 0 800000f6     439c r 0f         00000021  c.lw     x15, 0x0(x15)
#1144 0 800000f8 00e7d663 r 00         00000000  bge      x15, x14, . + 0xc
#1145 0 80000104 fe842783 r 0f         00000002  lw       x15, -0x18(x8)
#1146 0 80000108     0785 r 0f         00000003  c.addi   x15, 0x1
#1147 0 8000010a fef42423 m f0040f98   00000003  sw       x15, -0x18(x8)
#1148 0 8000010e fe842703 r 0e         00000003  lw       x14, -0x18(x8)
#1149 0 80000112 fd842783 r 0f         0000000a  lw       x15, -0x28(x8)
#1150 0 80000116 fcf743e3 r 00         00000000  blt      x14, x15, . - 0x3a
#1151 0 800000dc fe842783 r 0f         00000003  lw       x15, -0x18(x8)
#1152 0 800000e0     078a r 0f         0000000c  c.slli   x15, 2
#1153 0 800000e2 fdc42703 r 0e         f0040fec  lw       x14, -0x24(x8)
#1154 0 800000e6     97ba r 0f         f0040ff8  c.add    x15, x14
#1155 0 800000e8     4398 r 0e         0000000c  c.lw     x14, 0x0(x15)
#1156 0 800000ea fec42783 r 0f         00000000  lw       x15, -0x14(x8)
#1157 0 800000ee     078a r 0f         00000000  c.slli   x15, 2
#1158 0 800000f0 fdc42683 r 0d         f0040fec  lw       x13, -0x24(x8)
#1159 0 800000f4     97b6 r 0f         f0040fec  c.add    x15, x13
#1160 0 800000f6     439c r 0f         00000021  c.lw     x15, 0x0(x15)
#1161 0 800000f8 00e7d663 r 00         00000000  bge      x15, x14, . + 0xc
#1162 0 80000104 fe842783 r 0f         00000003  lw       x15, -0x18(x8)
#1163 0 80000108     0785 r 0f         00000004  c.addi   x15, 0x1
#1164 0 8000010a fef42423 m f0040f98   00000004  sw       x15, -0x18(x8)
#1165 0 8000010e fe842703 r 0e         00000004  lw       x14, -0x18(x8)
#1166 0 80000112 fd842783 r 0f         0000000a  lw       x15, -0x28(x8)
#1167 0 80000116 fcf743e3 r 00         00000000  blt      x14, x15, . - 0x3a
#1168 0 800000dc fe842783 r 0f         00000004  lw       x15, -0x18(x8)
#1169 0 800000e0     078a r 0f         00000010  c.slli   x15, 2
#1170 0 800000e2 fdc42703 r 0e         f0040fec  lw       x14, -0x24(x8)
#1171 0 800000e6     97ba r 0f         f0040ffc  c.add    x15, x14
#1172 0 800000e8     4398 r 0e         0000000b  c.lw     x14, 0x0(x15)
#1173 0 800000ea fec42783 r 0f         00000000  lw       x15, -0x14(x8)
#1174 0 800000ee     078a r 0f         00000000  c.slli   x15, 2
#1175 0 800000f0 fdc42683 r 0d         f0040fec  lw       x13, -0x24(x8)
#1176 0 800000f4     97b6 r 0f         f0040fec  c.add    x15, x13
#1177 0 800000f6     439c r 0f         00000021  c.lw     x15, 0x0(x15)
#1178 0 800000f8 00e7d663 r 00         00000000  bge      x15, x14, . + 0xc
#1179 0 80000104 fe842783 r 0f         00000004  lw       x15, -0x18(x8)
#1180 0 80000108     0785 r 0f         00000005  c.addi   x15, 0x1
#1181 0 8000010a fef42423 m f0040f98   00000005  sw       x15, -0x18(x8)
#1182 0 8000010e fe842703 r 0e         00000005  lw       x14, -0x18(x8)
#1183 0 80000112 fd842783 r 0f         0000000a  lw       x15, -0x28(x8)
#1184 0 80000116 fcf743e3 r 00         00000000  blt      x14, x15, . - 0x3a
#1185 0 800000dc fe842783 r 0f         00000005  lw       x15, -0x18(x8)
#1186 0 800000e0     078a r 0f         00000014  c.slli   x15, 2
#1187 0 800000e2 fdc42703 r 0e         f0040fec  lw       x14, -0x24(x8)
#1188 0 800000e6     97ba r 0f         f0041000  c.add    x15, x14
#1189 0 800000e8     4398 r 0e         00000014  c.lw     x14, 0x0(x15)
#1190 0 800000ea fec42783 r 0f         00000000  lw       x15, -0x14(x8)
#1191 0 800000ee     078a r 0f         00000000  c.slli   x15, 2
#1192 0 800000f0 fdc42683 r 0d         f0040fec  lw       x13, -0x24(x8)
#1193 0 800000f4     97b6 r 0f         f0040fec  c.add    x15, x13
#1194 0 800000f6     439c r 0f         00000021  c.lw     x15, 0x0(x15)
#1195 0 800000f8 00e7d663 r 00         00000000  bge      x15, x14, . + 0xc
#1196 0 80000104 fe842783 r 0f         00000005  lw       x15, -0x18(x8)
#1197 0 80000108     0785 r 0f         00000006  c.addi   x15, 0x1
#1198 0 8000010a fef42423 m f0040f98   00000006  sw       x15, -0x18(x8)
#1199 0 8000010e fe842703 r 0e         00000006  lw       x14, -0x18(x8)
#1200 0 80000112 fd842783 r 0f         0000000a  lw       x15, -0x28(x8)
#1201 0 80000116 fcf743e3 r 00         00000000  blt      x14, x15, . - 0x3a
#1202 0 800000dc fe842783 r 0f         00000006  lw       x15, -0x18(x8)
#1203 0 800000e0     078a r 0f         00000018  c.slli   x15, 2
#1204 0 800000e2 fdc42703 r 0e         f0040fec  lw       x14, -0x24(x8)
#1205 0 800000e6     97ba r 0f         f0041004  c.add    x15, x14
#1206 0 800000e8     4398 r 0e         0000000a  c.lw     x14, 0x0(x15)
#1207 0 800000ea fec42783 r 0f         00000000  lw       x15, -0x14(x8)
#1208 0 800000ee     078a r 0f         00000000  c.slli   x15, 2
#1209 0 800000f0 fdc42683 r 0d         f0040fec  lw       x13, -0x24(x8)
#1210 0 800000f4     97b6 r 0f         f0040fec  c.add    x15, x13
#1211 0 800000f6     439c r 0f         00000021  c.lw     x15, 0x0(x15)
#1212 0 800000f8 00e7d663 r 00         00000000  bge      x15, x14, . + 0xc
#1213 0 80000104 fe842783 r 0f         00000006  lw       x15, -0x18(x8)
#1214 0 80000108     0785 r 0f         00000007  c.addi   x15, 0x1
#1215 0 8000010a fef42423 m f0040f98   00000007  sw       x15, -0x18(x8)
#1216 0 8000010e fe842703 r 0e         00000007  lw       x14, -0x18(x8)
#1217 0 80000112 fd842783 r 0f         0000000a  lw       x15, -0x28(x8)
#1218 0 80000116 fcf743e3 r 00         00000000  blt      x14, x15, . - 0x3a
#1219 0 800000dc fe842783 r 0f         00000007  lw       x15, -0x18(x8)
#1220 0 800000e0     078a r 0f         0000001c  c.slli   x15, 2
#1221 0 800000e2 fdc42703 r 0e         f0040fec  lw       x14, -0x24(x8)
#1222 0 800000e6     97ba r 0f         f0041008  c.add    x15, x14
#1223 0 800000e8     4398 r 0e         00000017  c.lw     x14, 0x0(x15)
#1224 0 800000ea fec42783 r 0f         00000000  lw       x15, -0x14(x8)
#1225 0 800000ee     078a r 0f         00000000  c.slli   x15, 2
#1226 0 800000f0 fdc42683 r 0d         f0040fec  lw       x13, -0x24(x8)
#1227 0 800000f4     97b6 r 0f         f0040fec  c.add    x15, x13
#1228 0 800000f6     439c r 0f         00000021  c.lw     x15, 0x0(x15)
#1229 0 800000f8 00e7d663 r 00         00000000  bge      x15, x14, . + 0xc
#1230 0 80000104 fe842783 r 0f         00000007  lw       x15, -0x18(x8)
#1231 0 80000108     0785 r 0f         00000008  c.addi   x15, 0x1
#1232 0 8000010a fef42423 m f0040f98   00000008  sw       x15, -0x18(x8)
#1233 0 8000010e fe842703 r 0e         00000008  lw       x14, -0x18(x8)
#1234 0 80000112 fd842783 r 0f         0000000a  lw       x15, -0x28(x8)
#1235 0 80000116 fcf743e3 r 00         00000000  blt      x14, x15, . - 0x3a
#1236 0 800000dc fe842783 r 0f         00000008  lw       x15, -0x18(x8)
#1237 0 800000e0     078a r 0f         00000020  c.slli   x15, 2
#1238 0 800000e2 fdc42703 r 0e         f0040fec  lw       x14, -0x24(x8)
#1239 0 800000e6     97ba r 0f         f004100c  c.add    x15, x14
#1240 0 800000e8     4398 r 0e         00000025  c.lw     x14, 0x0(x15)
#1241 0 800000ea fec42783 r 0f         00000000  lw       x15, -0x14(x8)
#1242 0 800000ee     078a r 0f         00000000  c.slli   x15, 2
#1243 0 800000f0 fdc42683 r 0d         f0040fec  lw       x13, -0x24(x8)
#1244 0 800000f4     97b6 r 0f         f0040fec  c.add    x15, x13
#1245 0 800000f6     439c r 0f         00000021  c.lw     x15, 0x0(x15)
#1246 0 800000f8 00e7d663 r 00         00000000  bge      x15, x14, . + 0xc
#1247 0 800000fc fe842783 r 0f         00000008  lw       x15, -0x18(x8)
#1248 0 80000100 fef42623 m f0040f9c   00000008  sw       x15, -0x14(x8)
#1249 0 80000104 fe842783 r 0f         00000008  lw       x15, -0x18(x8)
#1250 0 80000108     0785 r 0f         00000009  c.addi   x15, 0x1
#1251 0 8000010a fef42423 m f0040f98   00000009  sw       x15, -0x18(x8)
#1252 0 8000010e fe842703 r 0e         00000009  lw       x14, -0x18(x8)
#1253 0 80000112 fd842783 r 0f         0000000a  lw       x15, -0x28(x8)
#1254 0 80000116 fcf743e3 r 00         00000000  blt      x14, x15, . - 0x3a
#1255 0 800000dc fe842783 r 0f         00000009  lw       x15, -0x18(x8)
#1256 0 800000e0     078a r 0f         00000024  c.slli   x15, 2
#1257 0 800000e2 fdc42703 r 0e         f0040fec  lw       x14, -0x24(x8)
#1258 0 800000e6     97ba r 0f         f0041010  c.add    x15, x14
#1259 0 800000e8     4398 r 0e         00000032  c.lw     x14, 0x0(x15)
#1260 0 800000ea fec42783 r 0f         00000008  lw       x15, -0x14(x8)
#1261 0 800000ee     078a r 0f         00000020  c.slli   x15, 2
#1262 0 800000f0 fdc42683 r 0d         f0040fec  lw       x13, -0x24(x8)
#1263 0 800000f4     97b6 r 0f         f004100c  c.add    x15, x13
#1264 0 800000f6     439c r 0f         00000025  c.lw     x15, 0x0(x15)
#1265 0 800000f8 00e7d663 r 00         00000000  bge      x15, x14, . + 0xc
#1266 0 800000fc fe842783 r 0f         00000009  lw       x15, -0x18(x8)
#1267 0 80000100 fef42623 m f0040f9c   00000009  sw       x15, -0x14(x8)
#1268 0 80000104 fe842783 r 0f         00000009  lw       x15, -0x18(x8)
#1269 0 80000108     0785 r 0f         0000000a  c.addi   x15, 0x1
#1270 0 8000010a fef42423 m f0040f98   0000000a  sw       x15, -0x18(x8)
#1271 0 8000010e fe842703 r 0e         0000000a  lw       x14, -0x18(x8)
#1272 0 80000112 fd842783 r 0f         0000000a  lw       x15, -0x28(x8)
#1273 0 80000116 fcf743e3 r 00         00000000  blt      x14, x15, . - 0x3a
#1274 0 8000011a fec42783 r 0f         00000009  lw       x15, -0x14(x8)
#1275 0 8000011e     853e r 0a         00000009  c.mv     x10, x15
#1276 0 80000120     5432 r 08         f0040fe0  c.lwsp   x8, 0x2c
#1277 0 80000122     6145 r 02         f0040fb0  c.addi16sp 0x3
#1278 0 80000124     8082 r 00         00000000  c.jr     x1
#1279 0 8000014a fea42423 m f0040fc8   00000009  sw       x10, -0x18(x8)
#1280 0 8000014e fec42783 r 0f         0000000a  lw       x15, -0x14(x8)
#1281 0 80000152     17fd r 0f         00000009  c.addi   x15, -0x1
#1282 0 80000154 fe842703 r 0e         00000009  lw       x14, -0x18(x8)
#1283 0 80000158 00f70e63 r 00         00000000  beq      x14, x15, . + 0x1c
#1284 0 80000174 fec42783 r 0f         0000000a  lw       x15, -0x14(x8)
#1285 0 80000178     17fd r 0f         00000009  c.addi   x15, -0x1
#1286 0 8000017a fef42623 m f0040fcc   00000009  sw       x15, -0x14(x8)
#1287 0 8000017e fec42703 r 0e         00000009  lw       x14, -0x14(x8)
#1288 0 80000182     4785 r 0f         00000001  c.li     x15, 0x1
#1289 0 80000184 fae7cee3 r 00         00000000  blt      x15, x14, . - 0x44
#1290 0 80000140 fec42583 r 0b         00000009  lw       x11, -0x14(x8)
#1291 0 80000144 fdc42503 r 0a         f0040fec  lw       x10, -0x24(x8)
#1292 0 80000148     3fb5 r 01         8000014a  c.jal    . - 0x84
#1293 0 800000c4     7179 r 02         f0040f80  c.addi16sp -0x3
#1294 0 800000c6     d622 m f0040fac   f0040fe0  c.swsp   x8, 0x2c
#1295 0 800000c8     1800 r 08         f0040fb0  c.addi4spn  x8, 0xc
#1296 0 800000ca fca42e23 m f0040f8c   f0040fec  sw       x10, -0x24(x8)
#1297 0 800000ce fcb42c23 m f0040f88   00000009  sw       x11, -0x28(x8)
#1298 0 800000d2 fe042623 m f0040f9c   00000000  sw       x0, -0x14(x8)
#1299 0 800000d6 fe042423 m f0040f98   00000000  sw       x0, -0x18(x8)
#1300 0 800000da     a815 r 00         00000000  c.j      . + 0x34
#1301 0 8000010e fe842703 r 0e         00000000  lw       x14, -0x18(x8)
#1302 0 80000112 fd842783 r 0f         00000009  lw       x15, -0x28(x8)
#1303 0 80000116 fcf743e3 r 00         00000000  blt      x14, x15, . - 0x3a
#1304 0 800000dc fe842783 r 0f         00000000  lw       x15, -0x18(x8)
#1305 0 800000e0     078a r 0f         00000000  c.slli   x15, 2
#1306 0 800000e2 fdc42703 r 0e         f0040fec  lw       x14, -0x24(x8)
#1307 0 800000e6     97ba r 0f         f0040fec  c.add    x15, x14
#1308 0 800000e8     4398 r 0e         00000021  c.lw     x14, 0x0(x15)
#1309 0 800000ea fec42783 r 0f         00000000  lw       x15, -0x14(x8)
#1310 0 800000ee     078a r 0f         00000000  c.slli   x15, 2
#1311 0 800000f0 fdc42683 r 0d         f0040fec  lw       x13, -0x24(x8)
#1312 0 800000f4     97b6 r 0f         f0040fec  c.add    x15, x13
#1313 0 800000f6     439c r 0f         00000021  c.lw     x15, 0x0(x15)
#1314 0 800000f8 00e7d663 r 00         00000000  bge      x15, x14, . + 0xc
#1315 0 80000104 fe842783 r 0f         00000000  lw       x15, -0x18(x8)
#1316 0 80000108     0785 r 0f         00000001  c.addi   x15, 0x1
#1317 0 8000010a fef42423 m f0040f98   00000001  sw       x15, -0x18(x8)
#1318 0 8000010e fe842703 r 0e         00000001  lw       x14, -0x18(x8)
#1319 0 80000112 fd842783 r 0f         00000009  lw       x15, -0x28(x8)
#1320 0 80000116 fcf743e3 r 00         00000000  blt      x14, x15, . - 0x3a
#1321 0 800000dc fe842783 r 0f         00000001  lw       x15, -0x18(x8)
#1322 0 800000e0     078a r 0f         00000004  c.slli   x15, 2
#1323 0 800000e2 fdc42703 r 0e         f0040fec  lw       x14, -0x24(x8)
#1324 0 800000e6     97ba r 0f         f0040ff0  c.add    x15, x14
#1325 0 800000e8     4398 r 0e         00000007  c.lw     x14, 0x0(x15)
#1326 0 800000ea fec42783 r 0f         00000000  lw       x15, -0x14(x8)
#1327 0 800000ee     078a r 0f         00000000  c.slli   x15, 2
#1328 0 800000f0 fdc42683 r 0d         f0040fec  lw       x13, -0x24(x8)
#1329 0 800000f4     97b6 r 0f         f0040fec  c.add    x15, x13
#1330 0 800000f6     439c r 0f         00000021  c.lw     x15, 0x0(x15)
#1331 0 800000f8 00e7d663 r 00         00000000  bge      x15, x14, . + 0xc
#1332 0 80000104 fe842783 r 0f         00000001  lw       x15, -0x18(x8)
#1333 0 80000108     0785 r 0f         00000002  c.addi   x15, 0x1
#1334 0 8000010a fef42423 m f0040f98   00000002  sw       x15, -0x18(x8)
#1335 0 8000010e fe842703 r 0e         00000002  lw       x14, -0x18(x8)
#1336 0 80000112 fd842783 r 0f         00000009  lw       x15, -0x28(x8)
#1337 0 80000116 fcf743e3 r 00         00000000  blt      x14, x15, . - 0x3a
#1338 0 800000dc fe842783 r 0f         00000002  lw       x15, -0x18(x8)
#1339 0 800000e0     078a r 0f         00000008  c.slli   x15, 2
#1340 0 800000e2 fdc42703 r 0e         f0040fec  lw       x14, -0x24(x8)
#1341 0 800000e6     97ba r 0f         f0040ff4  c.add    x15, x14
#1342 0 800000e8     4398 r 0e         00000006  c.lw     x14, 0x0(x15)
#1343 0 800000ea fec42783 r 0f         00000000  lw       x15, -0x14(x8)
#1344 0 800000ee     078a r 0f         00000000  c.slli   x15, 2
#1345 0 800000f0 fdc42683 r 0d         f0040fec  lw       x13, -0x24(x8)
#1346 0 800000f4     97b6 r 0f         f0040fec  c.add    x15, x13
#1347 0 800000f6     439c r 0f         00000021  c.lw     x15, 0x0(x15)
#1348 0 800000f8 00e7d663 r 00         00000000  bge      x15, x14, . + 0xc
#1349 0 80000104 fe842783 r 0f         00000002  lw       x15, -0x18(x8)
#1350 0 80000108     0785 r 0f         00000003  c.addi   x15, 0x1
#1351 0 8000010a fef42423 m f0040f98   00000003  sw       x15, -0x18(x8)
#1352 0 8000010e fe842703 r 0e         00000003  lw       x14, -0x18(x8)
#1353 0 80000112 fd842783 r 0f         00000009  lw       x15, -0x28(x8)
#1354 0 80000116 fcf743e3 r 00         00000000  blt      x14, x15, . - 0x3a
#1355 0 800000dc fe842783 r 0f         00000003  lw       x15, -0x18(x8)
#1356 0 800000e0     078a r 0f         0000000c  c.slli   x15, 2
#1357 0 800000e2 fdc42703 r 0e         f0040fec  lw       x14, -0x24(x8)
#1358 0 800000e6     97ba r 0f         f0040ff8  c.add    x15, x14
#1359 0 800000e8     4398 r 0e         0000000c  c.lw     x14, 0x0(x15)
#1360 0 800000ea fec42783 r 0f         00000000  lw       x15, -0x14(x8)
#1361 0 800000ee     078a r 0f         00000000  c.slli   x15, 2
#1362 0 800000f0 fdc42683 r 0d         f0040fec  lw       x13, -0x24(x8)
#1363 0 800000f4     97b6 r 0f         f0040fec  c.add    x15, x13
#1364 0 800000f6     439c r 0f         00000021  c.lw     x15, 0x0(x15)
#1365 0 800000f8 00e7d663 r 00         00000000  bge      x15, x14, . + 0xc
#1366 0 80000104 fe842783 r 0f         00000003  lw       x15, -0x18(x8)
#1367 0 80000108     0785 r 0f         00000004  c.addi   x15, 0x1
#1368 0 8000010a fef42423 m f0040f98   00000004  sw       x15, -0x18(x8)
#1369 0 8000010e fe842703 r 0e         00000004  lw       x14, -0x18(x8)
#1370 0 80000112 fd842783 r 0f         00000009  lw       x15, -0x28(x8)
#1371 0 80000116 fcf743e3 r 00         00000000  blt      x14, x15, . - 0x3a
#1372 0 800000dc fe842783 r 0f         00000004  lw       x15, -0x18(x8)
#1373 0 800000e0     078a r 0f         00000010  c.slli   x15, 2
#1374 0 800000e2 fdc42703 r 0e         f0040fec  lw       x14, -0x24(x8)
#1375 0 800000e6     97ba r 0f         f0040ffc  c.add    x15, x14
#1376 0 800000e8     4398 r 0e         0000000b  c.lw     x14, 0x0(x15)
#1377 0 800000ea fec42783 r 0f         00000000  lw       x15, -0x14(x8)
#1378 0 800000ee     078a r 0f         00000000  c.slli   x15, 2
#1379 0 800000f0 fdc42683 r 0d         f0040fec  lw       x13, -0x24(x8)
#1380 0 800000f4     97b6 r 0f         f0040fec  c.add    x15, x13
#1381 0 800000f6     439c r 0f         00000021  c.lw     x15, 0x0(x15)
#1382 0 800000f8 00e7d663 r 00         00000000  bge      x15, x14, . + 0xc
#1383 0 80000104 fe842783 r 0f         00000004  lw       x15, -0x18(x8)
#1384 0 80000108     0785 r 0f         00000005  c.addi   x15, 0x1
#1385 0 8000010a fef42423 m f0040f98   00000005  sw       x15, -0x18(x8)
#1386 0 8000010e fe842703 r 0e         00000005  lw       x14, -0x18(x8)
#1387 0 80000112 fd842783 r 0f         00000009  lw       x15, -0x28(x8)
#1388 0 80000116 fcf743e3 r 00         00000000  blt      x14, x15, . - 0x3a
#1389 0 800000dc fe842783 r 0f         00000005  lw       x15, -0x18(x8)
#1390 0 800000e0     078a r 0f         00000014  c.slli   x15, 2
#1391 0 800000e2 fdc42703 r 0e         f0040fec  lw       x14, -0x24(x8)
#1392 0 800000e6     97ba r 0f         f0041000  c.add    x15, x14
#1393 0 800000e8     4398 r 0e         00000014  c.lw     x14, 0x0(x15)
#1394 0 800000ea fec42783 r 0f         00000000  lw       x15, -0x14(x8)
#1395 0 800000ee     078a r 0f         00000000  c.slli   x15, 2
#1396 0 800000f0 fdc42683 r 0d         f0040fec  lw       x13, -0x24(x8)
#1397 0 800000f4     97b6 r 0f         f0040fec  c.add    x15, x13
#1398 0 800000f6     439c r 0f         00000021  c.lw     x15, 0x0(x15)
#1399 0 800000f8 00e7d663 r 00         00000000  bge      x15, x14, . + 0xc
#1400 0 80000104 fe842783 r 0f         00000005  lw       x15, -0x18(x8)
#1401 0 80000108     0785 r 0f         00000006  c.addi   x15, 0x1
#1402 0 8000010a fef42423 m f0040f98   00000006  sw       x15, -0x18(x8)
#1403 0 8000010e fe842703 r 0e         00000006  lw       x14, -0x18(x8)
#1404 0 80000112 fd842783 r 0f         00000009  lw       x15, -0x28(x8)
#1405 0 80000116 fcf743e3 r 00         00000000  blt      x14, x15, . - 0x3a
#1406 0 800000dc fe842783 r 0f         00000006  lw       x15, -0x18(x8)
#1407 0 800000e0     078a r 0f         00000018  c.slli   x15, 2
#1408 0 800000e2 fdc42703 r 0e         f0040fec  lw       x14, -0x24(x8)
#1409 0 800000e6     97ba r 0f         f0041004  c.add    x15, x14
#1410 0 800000e8     4398 r 0e         0000000a  c.lw     x14, 0x0(x15)
#1411 0 800000ea fec42783 r 0f         00000000  lw       x15, -0x14(x8)
#1412 0 800000ee     078a r 0f         00000000  c.slli   x15, 2
#1413 0 800000f0 fdc42683 r 0d         f0040fec  lw       x13, -0x24(x8)
#1414 0 800000f4     97b6 r 0f         f0040fec  c.add    x15, x13
#1415 0 800000f6     439c r 0f         00000021  c.lw     x15, 0x0(x15)
#1416 0 800000f8 00e7d663 r 00         00000000  bge      x15, x14, . + 0xc
#1417 0 80000104 fe842783 r 0f         00000006  lw       x15, -0x18(x8)
#1418 0 80000108     0785 r 0f         00000007  c.addi   x15, 0x1
#1419 0 8000010a fef42423 m f0040f98   00000007  sw       x15, -0x18(x8)
#1420 0 8000010e fe842703 r 0e         00000007  lw       x14, -0x18(x8)
#1421 0 80000112 fd842783 r 0f         00000009  lw       x15, -0x28(x8)
#1422 0 80000116 fcf743e3 r 00         00000000  blt      x14, x15, . - 0x3a
#1423 0 800000dc fe842783 r 0f         00000007  lw       x15, -0x18(x8)
#1424 0 800000e0     078a r 0f         0000001c  c.slli   x15, 2
#1425 0 800000e2 fdc42703 r 0e         f0040fec  lw       x14, -0x24(x8)
#1426 0 800000e6     97ba r 0f         f0041008  c.add    x15, x14
#1427 0 800000e8     4398 r 0e         00000017  c.lw     x14, 0x0(x15)
#1428 0 800000ea fec42783 r 0f         00000000  lw       x15, -0x14(x8)
#1429 0 800000ee     078a r 0f         00000000  c.slli   x15, 2
#1430 0 800000f0 fdc42683 r 0d         f0040fec  lw       x13, -0x24(x8)
#1431 0 800000f4     97b6 r 0f         f0040fec  c.add    x15, x13
#1432 0 800000f6     439c r 0f         00000021  c.lw     x15, 0x0(x15)
#1433 0 800000f8 00e7d663 r 00         00000000  bge      x15, x14, . + 0xc
#1434 0 80000104 fe842783 r 0f         00000007  lw       x15, -0x18(x8)
#1435 0 80000108     0785 r 0f         00000008  c.addi   x15, 0x1
#1436 0 8000010a fef42423 m f0040f98   00000008  sw       x15, -0x18(x8)
#1437 0 8000010e fe842703 r 0e         00000008  lw       x14, -0x18(x8)
#1438 0 80000112 fd842783 r 0f         00000009  lw       x15, -0x28(x8)
#1439 0 80000116 fcf743e3 r 00         00000000  blt      x14, x15, . - 0x3a
#1440 0 800000dc fe842783 r 0f         00000008  lw       x15, -0x18(x8)
#1441 0 800000e0     078a r 0f         00000020  c.slli   x15, 2
#1442 0 800000e2 fdc42703 r 0e         f0040fec  lw       x14, -0x24(x8)
#1443 0 800000e6     97ba r 0f         f004100c  c.add    x15, x14
#1444 0 800000e8     4398 r 0e         00000025  c.lw     x14, 0x0(x15)
#1445 0 800000ea fec42783 r 0f         00000000  lw       x15, -0x14(x8)
#1446 0 800000ee     078a r 0f         00000000  c.slli   x15, 2
#1447 0 800000f0 fdc42683 r 0d         f0040fec  lw       x13, -0x24(x8)
#1448 0 800000f4     97b6 r 0f         f0040fec  c.add    x15, x13
#1449 0 800000f6     439c r 0f         00000021  c.lw     x15, 0x0(x15)
#1450 0 800000f8 00e7d663 r 00         00000000  bge      x15, x14, . + 0xc
#1451 0 800000fc fe842783 r 0f         00000008  lw       x15, -0x18(x8)
#1452 0 80000100 fef42623 m f0040f9c   00000008  sw       x15, -0x14(x8)
#1453 0 80000104 fe842783 r 0f         00000008  lw       x15, -0x18(x8)
#1454 0 80000108     0785 r 0f         00000009  c.addi   x15, 0x1
#1455 0 8000010a fef42423 m f0040f98   00000009  sw       x15, -0x18(x8)
#1456 0 8000010e fe842703 r 0e         00000009  lw       x14, -0x18(x8)
#1457 0 80000112 fd842783 r 0f         00000009  lw       x15, -0x28(x8)
#1458 0 80000116 fcf743e3 r 00         00000000  blt      x14, x15, . - 0x3a
#1459 0 8000011a fec42783 r 0f         00000008  lw       x15, -0x14(x8)
#1460 0 8000011e     853e r 0a         00000008  c.mv     x10, x15
#1461 0 80000120     5432 r 08         f0040fe0  c.lwsp   x8, 0x2c
#1462 0 80000122     6145 r 02         f0040fb0  c.addi16sp 0x3
#1463 0 80000124     8082 r 00         00000000  c.jr     x1
#1464 0 8000014a fea42423 m f0040fc8   00000008  sw       x10, -0x18(x8)
#1465 0 8000014e fec42783 r 0f         00000009  lw       x15, -0x14(x8)
#1466 0 80000152     17fd r 0f         00000008  c.addi   x15, -0x1
#1467 0 80000154 fe842703 r 0e         00000008  lw       x14, -0x18(x8)
#1468 0 80000158 00f70e63 r 00         00000000  beq      x14, x15, . + 0x1c
#1469 0 80000174 fec42783 r 0f         00000009  lw       x15, -0x14(x8)
#1470 0 80000178     17fd r 0f         00000008  c.addi   x15, -0x1
#1471 0 8000017a fef42623 m f0040fcc   00000008  sw       x15, -0x14(x8)
#1472 0 8000017e fec42703 r 0e         00000008  lw       x14, -0x14(x8)
#1473 0 80000182     4785 r 0f         00000001  c.li     x15, 0x1
#1474 0 80000184 fae7cee3 r 00         00000000  blt      x15, x14, . - 0x44
#1475 0 80000140 fec42583 r 0b         00000008  lw       x11, -0x14(x8)
#1476 0 80000144 fdc42503 r 0a         f0040fec  lw       x10, -0x24(x8)
#1477 0 80000148     3fb5 r 01         8000014a  c.jal    . - 0x84
#1478 0 800000c4     7179 r 02         f0040f80  c.addi16sp -0x3
#1479 0 800000c6     d622 m f0040fac   f0040fe0  c.swsp   x8, 0x2c
#1480 0 800000c8     1800 r 08         f0040fb0  c.addi4spn  x8, 0xc
#1481 0 800000ca fca42e23 m f0040f8c   f0040fec  sw       x10, -0x24(x8)
#1482 0 800000ce fcb42c23 m f0040f88   00000008  sw       x11, -0x28(x8)
#1483 0 800000d2 fe042623 m f0040f9c   00000000  sw       x0, -0x14(x8)
#1484 0 800000d6 fe042423 m f0040f98   00000000  sw       x0, -0x18(x8)
#1485 0 800000da     a815 r 00         00000000  c.j      . + 0x34
#1486 0 8000010e fe842703 r 0e         00000000  lw       x14, -0x18(x8)
#1487 0 80000112 fd842783 r 0f         00000008  lw       x15, -0x28(x8)
#1488 0 80000116 fcf743e3 r 00         00000000  blt      x14, x15, . - 0x3a
#1489 0 800000dc fe842783 r 0f         00000000  lw       x15, -0x18(x8)
#1490 0 800000e0     078a r 0f         00000000  c.slli   x15, 2
#1491 0 800000e2 fdc42703 r 0e         f0040fec  lw       x14, -0x24(x8)
#1492 0 800000e6     97ba r 0f         f0040fec  c.add    x15, x14
#1493 0 800000e8     4398 r 0e         00000021  c.lw     x14, 0x0(x15)
#1494 0 800000ea fec42783 r 0f         00000000  lw       x15, -0x14(x8)
#1495 0 800000ee     078a r 0f         00000000  c.slli   x15, 2
#1496 0 800000f0 fdc42683 r 0d         f0040fec  lw       x13, -0x24(x8)
#1497 0 800000f4     97b6 r 0f         f0040fec  c.add    x15, x13
#1498 0 800000f6     439c r 0f         00000021  c.lw     x15, 0x0(x15)
#1499 0 800000f8 00e7d663 r 00         00000000  bge      x15, x14, . + 0xc
#1500 0 80000104 fe842783 r 0f         00000000  lw       x15, -0x18(x8)
#1501 0 80000108     0785 r 0f         00000001  c.addi   x15, 0x1
#1502 0 8000010a fef42423 m f0040f98   00000001  sw       x15, -0x18(x8)
#1503 0 8000010e fe842703 r 0e         00000001  lw       x14, -0x18(x8)
#1504 0 80000112 fd842783 r 0f         00000008  lw       x15, -0x28(x8)
#1505 0 80000116 fcf743e3 r 00         00000000  blt      x14, x15, . - 0x3a
#1506 0 800000dc fe842783 r 0f         00000001  lw       x15, -0x18(x8)
#1507 0 800000e0     078a r 0f         00000004  c.slli   x15, 2
#1508 0 800000e2 fdc42703 r 0e         f0040fec  lw       x14, -0x24(x8)
#1509 0 800000e6     97ba r 0f         f0040ff0  c.add    x15, x14
#1510 0 800000e8     4398 r 0e         00000007  c.lw     x14, 0x0(x15)
#1511 0 800000ea fec42783 r 0f         00000000  lw       x15, -0x14(x8)
#1512 0 800000ee     078a r 0f         00000000  c.slli   x15, 2
#1513 0 800000f0 fdc42683 r 0d         f0040fec  lw       x13, -0x24(x8)
#1514 0 800000f4     97b6 r 0f         f0040fec  c.add    x15, x13
#1515 0 800000f6     439c r 0f         00000021  c.lw     x15, 0x0(x15)
#1516 0 800000f8 00e7d663 r 00         00000000  bge      x15, x14, . + 0xc
#1517 0 80000104 fe842783 r 0f         00000001  lw       x15, -0x18(x8)
#1518 0 80000108     0785 r 0f         00000002  c.addi   x15, 0x1
#1519 0 8000010a fef42423 m f0040f98   00000002  sw       x15, -0x18(x8)
#1520 0 8000010e fe842703 r 0e         00000002  lw       x14, -0x18(x8)
#1521 0 80000112 fd842783 r 0f         00000008  lw       x15, -0x28(x8)
#1522 0 80000116 fcf743e3 r 00         00000000  blt      x14, x15, . - 0x3a
#1523 0 800000dc fe842783 r 0f         00000002  lw       x15, -0x18(x8)
#1524 0 800000e0     078a r 0f         00000008  c.slli   x15, 2
#1525 0 800000e2 fdc42703 r 0e         f0040fec  lw       x14, -0x24(x8)
#1526 0 800000e6     97ba r 0f         f0040ff4  c.add    x15, x14
#1527 0 800000e8     4398 r 0e         00000006  c.lw     x14, 0x0(x15)
#1528 0 800000ea fec42783 r 0f         00000000  lw       x15, -0x14(x8)
#1529 0 800000ee     078a r 0f         00000000  c.slli   x15, 2
#1530 0 800000f0 fdc42683 r 0d         f0040fec  lw       x13, -0x24(x8)
#1531 0 800000f4     97b6 r 0f         f0040fec  c.add    x15, x13
#1532 0 800000f6     439c r 0f         00000021  c.lw     x15, 0x0(x15)
#1533 0 800000f8 00e7d663 r 00         00000000  bge      x15, x14, . + 0xc
#1534 0 80000104 fe842783 r 0f         00000002  lw       x15, -0x18(x8)
#1535 0 80000108     0785 r 0f         00000003  c.addi   x15, 0x1
#1536 0 8000010a fef42423 m f0040f98   00000003  sw       x15, -0x18(x8)
#1537 0 8000010e fe842703 r 0e         00000003  lw       x14, -0x18(x8)
#1538 0 80000112 fd842783 r 0f         00000008  lw       x15, -0x28(x8)
#1539 0 80000116 fcf743e3 r 00         00000000  blt      x14, x15, . - 0x3a
#1540 0 800000dc fe842783 r 0f         00000003  lw       x15, -0x18(x8)
#1541 0 800000e0     078a r 0f         0000000c  c.slli   x15, 2
#1542 0 800000e2 fdc42703 r 0e         f0040fec  lw       x14, -0x24(x8)
#1543 0 800000e6     97ba r 0f         f0040ff8  c.add    x15, x14
#1544 0 800000e8     4398 r 0e         0000000c  c.lw     x14, 0x0(x15)
#1545 0 800000ea fec42783 r 0f         00000000  lw       x15, -0x14(x8)
#1546 0 800000ee     078a r 0f         00000000  c.slli   x15, 2
#1547 0 800000f0 fdc42683 r 0d         f0040fec  lw       x13, -0x24(x8)
#1548 0 800000f4     97b6 r 0f         f0040fec  c.add    x15, x13
#1549 0 800000f6     439c r 0f         00000021  c.lw     x15, 0x0(x15)
#1550 0 800000f8 00e7d663 r 00         00000000  bge      x15, x14, . + 0xc
#1551 0 80000104 fe842783 r 0f         00000003  lw       x15, -0x18(x8)
#1552 0 80000108     0785 r 0f         00000004  c.addi   x15, 0x1
#1553 0 8000010a fef42423 m f0040f98   00000004  sw       x15, -0x18(x8)
#1554 0 8000010e fe842703 r 0e         00000004  lw       x14, -0x18(x8)
#1555 0 80000112 fd842783 r 0f         00000008  lw       x15, -0x28(x8)
#1556 0 80000116 fcf743e3 r 00         00000000  blt      x14, x15, . - 0x3a
#1557 0 800000dc fe842783 r 0f         00000004  lw       x15, -0x18(x8)
#1558 0 800000e0     078a r 0f         00000010  c.slli   x15, 2
#1559 0 800000e2 fdc42703 r 0e         f0040fec  lw       x14, -0x24(x8)
#1560 0 800000e6     97ba r 0f         f0040ffc  c.add    x15, x14
#1561 0 800000e8     4398 r 0e         0000000b  c.lw     x14, 0x0(x15)
#1562 0 800000ea fec42783 r 0f         00000000  lw       x15, -0x14(x8)
#1563 0 800000ee     078a r 0f         00000000  c.slli   x15, 2
#1564 0 800000f0 fdc42683 r 0d         f0040fec  lw       x13, -0x24(x8)
#1565 0 800000f4     97b6 r 0f         f0040fec  c.add    x15, x13
#1566 0 800000f6     439c r 0f         00000021  c.lw     x15, 0x0(x15)
#1567 0 800000f8 00e7d663 r 00         00000000  bge      x15, x14, . + 0xc
#1568 0 80000104 fe842783 r 0f         00000004  lw       x15, -0x18(x8)
#1569 0 80000108     0785 r 0f         00000005  c.addi   x15, 0x1
#1570 0 8000010a fef42423 m f0040f98   00000005  sw       x15, -0x18(x8)
#1571 0 8000010e fe842703 r 0e         00000005  lw       x14, -0x18(x8)
#1572 0 80000112 fd842783 r 0f         00000008  lw       x15, -0x28(x8)
#1573 0 80000116 fcf743e3 r 00         00000000  blt      x14, x15, . - 0x3a
#1574 0 800000dc fe842783 r 0f         00000005  lw       x15, -0x18(x8)
#1575 0 800000e0     078a r 0f         00000014  c.slli   x15, 2
#1576 0 800000e2 fdc42703 r 0e         f0040fec  lw       x14, -0x24(x8)
#1577 0 800000e6     97ba r 0f         f0041000  c.add    x15, x14
#1578 0 800000e8     4398 r 0e         00000014  c.lw     x14, 0x0(x15)
#1579 0 800000ea fec42783 r 0f         00000000  lw       x15, -0x14(x8)
#1580 0 800000ee     078a r 0f         00000000  c.slli   x15, 2
#1581 0 800000f0 fdc42683 r 0d         f0040fec  lw       x13, -0x24(x8)
#1582 0 800000f4     97b6 r 0f         f0040fec  c.add    x15, x13
#1583 0 800000f6     439c r 0f         00000021  c.lw     x15, 0x0(x15)
#1584 0 800000f8 00e7d663 r 00         00000000  bge      x15, x14, . + 0xc
#1585 0 80000104 fe842783 r 0f         00000005  lw       x15, -0x18(x8)
#1586 0 80000108     0785 r 0f         00000006  c.addi   x15, 0x1
#1587 0 8000010a fef42423 m f0040f98   00000006  sw       x15, -0x18(x8)
#1588 0 8000010e fe842703 r 0e         00000006  lw       x14, -0x18(x8)
#1589 0 80000112 fd842783 r 0f         00000008  lw       x15, -0x28(x8)
#1590 0 80000116 fcf743e3 r 00         00000000  blt      x14, x15, . - 0x3a
#1591 0 800000dc fe842783 r 0f         00000006  lw       x15, -0x18(x8)
#1592 0 800000e0     078a r 0f         00000018  c.slli   x15, 2
#1593 0 800000e2 fdc42703 r 0e         f0040fec  lw       x14, -0x24(x8)
#1594 0 800000e6     97ba r 0f         f0041004  c.add    x15, x14
#1595 0 800000e8     4398 r 0e         0000000a  c.lw     x14, 0x0(x15)
#1596 0 800000ea fec42783 r 0f         00000000  lw       x15, -0x14(x8)
#1597 0 800000ee     078a r 0f         00000000  c.slli   x15, 2
#1598 0 800000f0 fdc42683 r 0d         f0040fec  lw       x13, -0x24(x8)
#1599 0 800000f4     97b6 r 0f         f0040fec  c.add    x15, x13
#1600 0 800000f6     439c r 0f         00000021  c.lw     x15, 0x0(x15)
#1601 0 800000f8 00e7d663 r 00         00000000  bge      x15, x14, . + 0xc
#1602 0 80000104 fe842783 r 0f         00000006  lw       x15, -0x18(x8)
#1603 0 80000108     0785 r 0f         00000007  c.addi   x15, 0x1
#1604 0 8000010a fef42423 m f0040f98   00000007  sw       x15, -0x18(x8)
#1605 0 8000010e fe842703 r 0e         00000007  lw       x14, -0x18(x8)
#1606 0 80000112 fd842783 r 0f         00000008  lw       x15, -0x28(x8)
#1607 0 80000116 fcf743e3 r 00         00000000  blt      x14, x15, . - 0x3a
#1608 0 800000dc fe842783 r 0f         00000007  lw       x15, -0x18(x8)
#1609 0 800000e0     078a r 0f         0000001c  c.slli   x15, 2
#1610 0 800000e2 fdc42703 r 0e         f0040fec  lw       x14, -0x24(x8)
#1611 0 800000e6     97ba r 0f         f0041008  c.add    x15, x14
#1612 0 800000e8     4398 r 0e         00000017  c.lw     x14, 0x0(x15)
#1613 0 800000ea fec42783 r 0f         00000000  lw       x15, -0x14(x8)
#1614 0 800000ee     078a r 0f         00000000  c.slli   x15, 2
#1615 0 800000f0 fdc42683 r 0d         f0040fec  lw       x13, -0x24(x8)
#1616 0 800000f4     97b6 r 0f         f0040fec  c.add    x15, x13
#1617 0 800000f6     439c r 0f         00000021  c.lw     x15, 0x0(x15)
#1618 0 800000f8 00e7d663 r 00         00000000  bge      x15, x14, . + 0xc
#1619 0 80000104 fe842783 r 0f         00000007  lw       x15, -0x18(x8)
#1620 0 80000108     0785 r 0f         00000008  c.addi   x15, 0x1
#1621 0 8000010a fef42423 m f0040f98   00000008  sw       x15, -0x18(x8)
#1622 0 8000010e fe842703 r 0e         00000008  lw       x14, -0x18(x8)
#1623 0 80000112 fd842783 r 0f         00000008  lw       x15, -0x28(x8)
#1624 0 80000116 fcf743e3 r 00         00000000  blt      x14, x15, . - 0x3a
#1625 0 8000011a fec42783 r 0f         00000000  lw       x15, -0x14(x8)
#1626 0 8000011e     853e r 0a         00000000  c.mv     x10, x15
#1627 0 80000120     5432 r 08         f0040fe0  c.lwsp   x8, 0x2c
#1628 0 80000122     6145 r 02         f0040fb0  c.addi16sp 0x3
#1629 0 80000124     8082 r 00         00000000  c.jr     x1
#1630 0 8000014a fea42423 m f0040fc8   00000000  sw       x10, -0x18(x8)
#1631 0 8000014e fec42783 r 0f         00000008  lw       x15, -0x14(x8)
#1632 0 80000152     17fd r 0f         00000007  c.addi   x15, -0x1
#1633 0 80000154 fe842703 r 0e         00000000  lw       x14, -0x18(x8)
#1634 0 80000158 00f70e63 r 00         00000000  beq      x14, x15, . + 0x1c
#1635 0 8000015c fe842583 r 0b         00000000  lw       x11, -0x18(x8)
#1636 0 80000160 fdc42503 r 0a         f0040fec  lw       x10, -0x24(x8)
#1637 0 80000164     35cd r 01         80000166  c.jal    . - 0x11e
#1638 0 80000046     7179 r 02         f0040f80  c.addi16sp -0x3
#1639 0 80000048     d622 m f0040fac   f0040fe0  c.swsp   x8, 0x2c
#1640 0 8000004a     1800 r 08         f0040fb0  c.addi4spn  x8, 0xc
#1641 0 8000004c fca42e23 m f0040f8c   f0040fec  sw       x10, -0x24(x8)
#1642 0 80000050 fcb42c23 m f0040f88   00000000  sw       x11, -0x28(x8)
#1643 0 80000054 fe042623 m f0040f9c   00000000  sw       x0, -0x14(x8)
#1644 0 80000058     a899 r 00         00000000  c.j      . + 0x56
#1645 0 800000ae fec42703 r 0e         00000000  lw       x14, -0x14(x8)
#1646 0 800000b2 fd842783 r 0f         00000000  lw       x15, -0x28(x8)
#1647 0 800000b6 faf742e3 r 00         00000000  blt      x14, x15, . - 0x5c
#1648 0 800000ba     0001 r 00         00000000  c.nop
#1649 0 800000bc     0001 r 00         00000000  c.nop
#1650 0 800000be     5432 r 08         f0040fe0  c.lwsp   x8, 0x2c
#1651 0 800000c0     6145 r 02         f0040fb0  c.addi16sp 0x3
#1652 0 800000c2     8082 r 00         00000000  c.jr     x1
#1653 0 80000166 fec42783 r 0f         00000008  lw       x15, -0x14(x8)
#1654 0 8000016a     17fd r 0f         00000007  c.addi   x15, -0x1
#1655 0 8000016c     85be r 0b         00000007  c.mv     x11, x15
#1656 0 8000016e fdc42503 r 0a         f0040fec  lw       x10, -0x24(x8)
#1657 0 80000172     3dd1 r 01         80000174  c.jal    . - 0x12c
#1658 0 80000046     7179 r 02         f0040f80  c.addi16sp -0x3
#1659 0 80000048     d622 m f0040fac   f0040fe0  c.swsp   x8, 0x2c
#1660 0 8000004a     1800 r 08         f0040fb0  c.addi4spn  x8, 0xc
#1661 0 8000004c fca42e23 m f0040f8c   f0040fec  sw       x10, -0x24(x8)
#1662 0 80000050 fcb42c23 m f0040f88   00000007  sw       x11, -0x28(x8)
#1663 0 80000054 fe042623 m f0040f9c   00000000  sw       x0, -0x14(x8)
#1664 0 80000058     a899 r 00         00000000  c.j      . + 0x56
#1665 0 800000ae fec42703 r 0e         00000000  lw       x14, -0x14(x8)
#1666 0 800000b2 fd842783 r 0f         00000007  lw       x15, -0x28(x8)
#1667 0 800000b6 faf742e3 r 00         00000000  blt      x14, x15, . - 0x5c
#1668 0 8000005a fec42783 r 0f         00000000  lw       x15, -0x14(x8)
#1669 0 8000005e     078a r 0f         00000000  c.slli   x15, 2
#1670 0 80000060 fdc42703 r 0e         f0040fec  lw       x14, -0x24(x8)
#1671 0 80000064     97ba r 0f         f0040fec  c.add    x15, x14
#1672 0 80000066     439c r 0f         00000021  c.lw     x15, 0x0(x15)
#1673 0 80000068 fef42423 m f0040f98   00000021  sw       x15, -0x18(x8)
#1674 0 8000006c fd842783 r 0f         00000007  lw       x15, -0x28(x8)
#1675 0 80000070     078a r 0f         0000001c  c.slli   x15, 2
#1676 0 80000072 fdc42703 r 0e         f0040fec  lw       x14, -0x24(x8)
#1677 0 80000076     973e r 0e         f0041008  c.add    x14, x15
#1678 0 80000078 fec42783 r 0f         00000000  lw       x15, -0x14(x8)
#1679 0 8000007c     078a r 0f         00000000  c.slli   x15, 2
#1680 0 8000007e fdc42683 r 0d         f0040fec  lw       x13, -0x24(x8)
#1681 0 80000082     97b6 r 0f         f0040fec  c.add    x15, x13
#1682 0 80000084     4318 r 0e         00000017  c.lw     x14, 0x0(x14)
#1683 0 80000086     c398 m f0040fec   00000017  c.sw     x14, 0x0(x15)
#1684 0 80000088 fd842783 r 0f         00000007  lw       x15, -0x28(x8)
#1685 0 8000008c     078a r 0f         0000001c  c.slli   x15, 2
#1686 0 8000008e fdc42703 r 0e         f0040fec  lw       x14, -0x24(x8)
#1687 0 80000092     97ba r 0f         f0041008  c.add    x15, x14
#1688 0 80000094 fe842703 r 0e         00000021  lw       x14, -0x18(x8)
#1689 0 80000098     c398 m f0041008   00000021  c.sw     x14, 0x0(x15)
#1690 0 8000009a fec42783 r 0f         00000000  lw       x15, -0x14(x8)
#1691 0 8000009e     0785 r 0f         00000001  c.addi   x15, 0x1
#1692 0 800000a0 fef42623 m f0040f9c   00000001  sw       x15, -0x14(x8)
#1693 0 800000a4 fd842783 r 0f         00000007  lw       x15, -0x28(x8)
#1694 0 800000a8     17fd r 0f         00000006  c.addi   x15, -0x1
#1695 0 800000aa fcf42c23 m f0040f88   00000006  sw       x15, -0x28(x8)
#1696 0 800000ae fec42703 r 0e         00000001  lw       x14, -0x14(x8)
#1697 0 800000b2 fd842783 r 0f         00000006  lw       x15, -0x28(x8)
#1698 0 800000b6 faf742e3 r 00         00000000  blt      x14, x15, . - 0x5c
#1699 0 8000005a fec42783 r 0f         00000001  lw       x15, -0x14(x8)
#1700 0 8000005e     078a r 0f         00000004  c.slli   x15, 2
#1701 0 80000060 fdc42703 r 0e         f0040fec  lw       x14, -0x24(x8)
#1702 0 80000064     97ba r 0f         f0040ff0  c.add    x15, x14
#1703 0 80000066     439c r 0f         00000007  c.lw     x15, 0x0(x15)
#1704 0 80000068 fef42423 m f0040f98   00000007  sw       x15, -0x18(x8)
#1705 0 8000006c fd842783 r 0f         00000006  lw       x15, -0x28(x8)
#1706 0 80000070     078a r 0f         00000018  c.slli   x15, 2
#1707 0 80000072 fdc42703 r 0e         f0040fec  lw       x14, -0x24(x8)
#1708 0 80000076     973e r 0e         f0041004  c.add    x14, x15
#1709 0 80000078 fec42783 r 0f         00000001  lw       x15, -0x14(x8)
#1710 0 8000007c     078a r 0f         00000004  c.slli   x15, 2
#1711 0 8000007e fdc42683 r 0d         f0040fec  lw       x13, -0x24(x8)
#1712 0 80000082     97b6 r 0f         f0040ff0  c.add    x15, x13
#1713 0 80000084     4318 r 0e         0000000a  c.lw     x14, 0x0(x14)
#1714 0 80000086     c398 m f0040ff0   0000000a  c.sw     x14, 0x0(x15)
#1715 0 80000088 fd842783 r 0f         00000006  lw       x15, -0x28(x8)
#1716 0 8000008c     078a r 0f         00000018  c.slli   x15, 2
#1717 0 8000008e fdc42703 r 0e         f0040fec  lw       x14, -0x24(x8)
#1718 0 80000092     97ba r 0f         f0041004  c.add    x15, x14
#1719 0 80000094 fe842703 r 0e         00000007  lw       x14, -0x18(x8)
#1720 0 80000098     c398 m f0041004   00000007  c.sw     x14, 0x0(x15)
#1721 0 8000009a fec42783 r 0f         00000001  lw       x15, -0x14(x8)
#1722 0 8000009e     0785 r 0f         00000002  c.addi   x15, 0x1
#1723 0 800000a0 fef42623 m f0040f9c   00000002  sw       x15, -0x14(x8)
#1724 0 800000a4 fd842783 r 0f         00000006  lw       x15, -0x28(x8)
#1725 0 800000a8     17fd r 0f         00000005  c.addi   x15, -0x1
#1726 0 800000aa fcf42c23 m f0040f88   00000005  sw       x15, -0x28(x8)
#1727 0 800000ae fec42703 r 0e         00000002  lw       x14, -0x14(x8)
#1728 0 800000b2 fd842783 r 0f         00000005  lw       x15, -0x28(x8)
#1729 0 800000b6 faf742e3 r 00         00000000  blt      x14, x15, . - 0x5c
#1730 0 8000005a fec42783 r 0f         00000002  lw       x15, -0x14(x8)
#1731 0 8000005e     078a r 0f         00000008  c.slli   x15, 2
#1732 0 80000060 fdc42703 r 0e         f0040fec  lw       x14, -0x24(x8)
#1733 0 80000064     97ba r 0f         f0040ff4  c.add    x15, x14
#1734 0 80000066     439c r 0f         00000006  c.lw     x15, 0x0(x15)
#1735 0 80000068 fef42423 m f0040f98   00000006  sw       x15, -0x18(x8)
#1736 0 8000006c fd842783 r 0f         00000005  lw       x15, -0x28(x8)
#1737 0 80000070     078a r 0f         00000014  c.slli   x15, 2
#1738 0 80000072 fdc42703 r 0e         f0040fec  lw       x14, -0x24(x8)
#1739 0 80000076     973e r 0e         f0041000  c.add    x14, x15
#1740 0 80000078 fec42783 r 0f         00000002  lw       x15, -0x14(x8)
#1741 0 8000007c     078a r 0f         00000008  c.slli   x15, 2
#1742 0 8000007e fdc42683 r 0d         f0040fec  lw       x13, -0x24(x8)
#1743 0 80000082     97b6 r 0f         f0040ff4  c.add    x15, x13
#1744 0 80000084     4318 r 0e         00000014  c.lw     x14, 0x0(x14)
#1745 0 80000086     c398 m f0040ff4   00000014  c.sw     x14, 0x0(x15)
#1746 0 80000088 fd842783 r 0f         00000005  lw       x15, -0x28(x8)
#1747 0 8000008c     078a r 0f         00000014  c.slli   x15, 2
#1748 0 8000008e fdc42703 r 0e         f0040fec  lw       x14, -0x24(x8)
#1749 0 80000092     97ba r 0f         f0041000  c.add    x15, x14
#1750 0 80000094 fe842703 r 0e         00000006  lw       x14, -0x18(x8)
#1751 0 80000098     c398 m f0041000   00000006  c.sw     x14, 0x0(x15)
#1752 0 8000009a fec42783 r 0f         00000002  lw       x15, -0x14(x8)
#1753 0 8000009e     0785 r 0f         00000003  c.addi   x15, 0x1
#1754 0 800000a0 fef42623 m f0040f9c   00000003  sw       x15, -0x14(x8)
#1755 0 800000a4 fd842783 r 0f         00000005  lw       x15, -0x28(x8)
#1756 0 800000a8     17fd r 0f         00000004  c.addi   x15, -0x1
#1757 0 800000aa fcf42c23 m f0040f88   00000004  sw       x15, -0x28(x8)
#1758 0 800000ae fec42703 r 0e         00000003  lw       x14, -0x14(x8)
#1759 0 800000b2 fd842783 r 0f         00000004  lw       x15, -0x28(x8)
#1760 0 800000b6 faf742e3 r 00         00000000  blt      x14, x15, . - 0x5c
#1761 0 8000005a fec42783 r 0f         00000003  lw       x15, -0x14(x8)
#1762 0 8000005e     078a r 0f         0000000c  c.slli   x15, 2
#1763 0 80000060 fdc42703 r 0e         f0040fec  lw       x14, -0x24(x8)
#1764 0 80000064     97ba r 0f         f0040ff8  c.add    x15, x14
#1765 0 80000066     439c r 0f         0000000c  c.lw     x15, 0x0(x15)
#1766 0 80000068 fef42423 m f0040f98   0000000c  sw       x15, -0x18(x8)
#1767 0 8000006c fd842783 r 0f         00000004  lw       x15, -0x28(x8)
#1768 0 80000070     078a r 0f         00000010  c.slli   x15, 2
#1769 0 80000072 fdc42703 r 0e         f0040fec  lw       x14, -0x24(x8)
#1770 0 80000076     973e r 0e         f0040ffc  c.add    x14, x15
#1771 0 80000078 fec42783 r 0f         00000003  lw       x15, -0x14(x8)
#1772 0 8000007c     078a r 0f         0000000c  c.slli   x15, 2
#1773 0 8000007e fdc42683 r 0d         f0040fec  lw       x13, -0x24(x8)
#1774 0 80000082     97b6 r 0f         f0040ff8  c.add    x15, x13
#1775 0 80000084     4318 r 0e         0000000b  c.lw     x14, 0x0(x14)
#1776 0 80000086     c398 m f0040ff8   0000000b  c.sw     x14, 0x0(x15)
#1777 0 80000088 fd842783 r 0f         00000004  lw       x15, -0x28(x8)
#1778 0 8000008c     078a r 0f         00000010  c.slli   x15, 2
#1779 0 8000008e fdc42703 r 0e         f0040fec  lw       x14, -0x24(x8)
#1780 0 80000092     97ba r 0f         f0040ffc  c.add    x15, x14
#1781 0 80000094 fe842703 r 0e         0000000c  lw       x14, -0x18(x8)
#1782 0 80000098     c398 m f0040ffc   0000000c  c.sw     x14, 0x0(x15)
#1783 0 8000009a fec42783 r 0f         00000003  lw       x15, -0x14(x8)
#1784 0 8000009e     0785 r 0f         00000004  c.addi   x15, 0x1
#1785 0 800000a0 fef42623 m f0040f9c   00000004  sw       x15, -0x14(x8)
#1786 0 800000a4 fd842783 r 0f         00000004  lw       x15, -0x28(x8)
#1787 0 800000a8     17fd r 0f         00000003  c.addi   x15, -0x1
#1788 0 800000aa fcf42c23 m f0040f88   00000003  sw       x15, -0x28(x8)
#1789 0 800000ae fec42703 r 0e         00000004  lw       x14, -0x14(x8)
#1790 0 800000b2 fd842783 r 0f         00000003  lw       x15, -0x28(x8)
#1791 0 800000b6 faf742e3 r 00         00000000  blt      x14, x15, . - 0x5c
#1792 0 800000ba     0001 r 00         00000000  c.nop
#1793 0 800000bc     0001 r 00         00000000  c.nop
#1794 0 800000be     5432 r 08         f0040fe0  c.lwsp   x8, 0x2c
#1795 0 800000c0     6145 r 02         f0040fb0  c.addi16sp 0x3
#1796 0 800000c2     8082 r 00         00000000  c.jr     x1
#1797 0 80000174 fec42783 r 0f         00000008  lw       x15, -0x14(x8)
#1798 0 80000178     17fd r 0f         00000007  c.addi   x15, -0x1
#1799 0 8000017a fef42623 m f0040fcc   00000007  sw       x15, -0x14(x8)
#1800 0 8000017e fec42703 r 0e         00000007  lw       x14, -0x14(x8)
#1801 0 80000182     4785 r 0f         00000001  c.li     x15, 0x1
#1802 0 80000184 fae7cee3 r 00         00000000  blt      x15, x14, . - 0x44
#1803 0 80000140 fec42583 r 0b         00000007  lw       x11, -0x14(x8)
#1804 0 80000144 fdc42503 r 0a         f0040fec  lw       x10, -0x24(x8)
#1805 0 80000148     3fb5 r 01         8000014a  c.jal    . - 0x84
#1806 0 800000c4     7179 r 02         f0040f80  c.addi16sp -0x3
#1807 0 800000c6     d622 m f0040fac   f0040fe0  c.swsp   x8, 0x2c
#1808 0 800000c8     1800 r 08         f0040fb0  c.addi4spn  x8, 0xc
#1809 0 800000ca fca42e23 m f0040f8c   f0040fec  sw       x10, -0x24(x8)
#1810 0 800000ce fcb42c23 m f0040f88   00000007  sw       x11, -0x28(x8)
#1811 0 800000d2 fe042623 m f0040f9c   00000000  sw       x0, -0x14(x8)
#1812 0 800000d6 fe042423 m f0040f98   00000000  sw       x0, -0x18(x8)
#1813 0 800000da     a815 r 00         00000000  c.j      . + 0x34
#1814 0 8000010e fe842703 r 0e         00000000  lw       x14, -0x18(x8)
#1815 0 80000112 fd842783 r 0f         00000007  lw       x15, -0x28(x8)
#1816 0 80000116 fcf743e3 r 00         00000000  blt      x14, x15, . - 0x3a
#1817 0 800000dc fe842783 r 0f         00000000  lw       x15, -0x18(x8)
#1818 0 800000e0     078a r 0f         00000000  c.slli   x15, 2
#1819 0 800000e2 fdc42703 r 0e         f0040fec  lw       x14, -0x24(x8)
#1820 0 800000e6     97ba r 0f         f0040fec  c.add    x15, x14
#1821 0 800000e8     4398 r 0e         00000017  c.lw     x14, 0x0(x15)
#1822 0 800000ea fec42783 r 0f         00000000  lw       x15, -0x14(x8)
#1823 0 800000ee     078a r 0f         00000000  c.slli   x15, 2
#1824 0 800000f0 fdc42683 r 0d         f0040fec  lw       x13, -0x24(x8)
#1825 0 800000f4     97b6 r 0f         f0040fec  c.add    x15, x13
#1826 0 800000f6     439c r 0f         00000017  c.lw     x15, 0x0(x15)
#1827 0 800000f8 00e7d663 r 00         00000000  bge      x15, x14, . + 0xc
#1828 0 80000104 fe842783 r 0f         00000000  lw       x15, -0x18(x8)
#1829 0 80000108     0785 r 0f         00000001  c.addi   x15, 0x1
#1830 0 8000010a fef42423 m f0040f98   00000001  sw       x15, -0x18(x8)
#1831 0 8000010e fe842703 r 0e         00000001  lw       x14, -0x18(x8)
#1832 0 80000112 fd842783 r 0f         00000007  lw       x15, -0x28(x8)
#1833 0 80000116 fcf743e3 r 00         00000000  blt      x14, x15, . - 0x3a
#1834 0 800000dc fe842783 r 0f         00000001  lw       x15, -0x18(x8)
#1835 0 800000e0     078a r 0f         00000004  c.slli   x15, 2
#1836 0 800000e2 fdc42703 r 0e         f0040fec  lw       x14, -0x24(x8)
#1837 0 800000e6     97ba r 0f         f0040ff0  c.add    x15, x14
#1838 0 800000e8     4398 r 0e         0000000a  c.lw     x14, 0x0(x15)
#1839 0 800000ea fec42783 r 0f         00000000  lw       x15, -0x14(x8)
#1840 0 800000ee     078a r 0f         00000000  c.slli   x15, 2
#1841 0 800000f0 fdc42683 r 0d         f0040fec  lw       x13, -0x24(x8)
#1842 0 800000f4     97b6 r 0f         f0040fec  c.add    x15, x13
#1843 0 800000f6     439c r 0f         00000017  c.lw     x15, 0x0(x15)
#1844 0 800000f8 00e7d663 r 00         00000000  bge      x15, x14, . + 0xc
#1845 0 80000104 fe842783 r 0f         00000001  lw       x15, -0x18(x8)
#1846 0 80000108     0785 r 0f         00000002  c.addi   x15, 0x1
#1847 0 8000010a fef42423 m f0040f98   00000002  sw       x15, -0x18(x8)
#1848 0 8000010e fe842703 r 0e         00000002  lw       x14, -0x18(x8)
#1849 0 80000112 fd842783 r 0f         00000007  lw       x15, -0x28(x8)
#1850 0 80000116 fcf743e3 r 00         00000000  blt      x14, x15, . - 0x3a
#1851 0 800000dc fe842783 r 0f         00000002  lw       x15, -0x18(x8)
#1852 0 800000e0     078a r 0f         00000008  c.slli   x15, 2
#1853 0 800000e2 fdc42703 r 0e         f0040fec  lw       x14, -0x24(x8)
#1854 0 800000e6     97ba r 0f         f0040ff4  c.add    x15, x14
#1855 0 800000e8     4398 r 0e         00000014  c.lw     x14, 0x0(x15)
#1856 0 800000ea fec42783 r 0f         00000000  lw       x15, -0x14(x8)
#1857 0 800000ee     078a r 0f         00000000  c.slli   x15, 2
#1858 0 800000f0 fdc42683 r 0d         f0040fec  lw       x13, -0x24(x8)
#1859 0 800000f4     97b6 r 0f         f0040fec  c.add    x15, x13
#1860 0 800000f6     439c r 0f         00000017  c.lw     x15, 0x0(x15)
#1861 0 800000f8 00e7d663 r 00         00000000  bge      x15, x14, . + 0xc
#1862 0 80000104 fe842783 r 0f         00000002  lw       x15, -0x18(x8)
#1863 0 80000108     0785 r 0f         00000003  c.addi   x15, 0x1
#1864 0 8000010a fef42423 m f0040f98   00000003  sw       x15, -0x18(x8)
#1865 0 8000010e fe842703 r 0e         00000003  lw       x14, -0x18(x8)
#1866 0 80000112 fd842783 r 0f         00000007  lw       x15, -0x28(x8)
#1867 0 80000116 fcf743e3 r 00         00000000  blt      x14, x15, . - 0x3a
#1868 0 800000dc fe842783 r 0f         00000003  lw       x15, -0x18(x8)
#1869 0 800000e0     078a r 0f         0000000c  c.slli   x15, 2
#1870 0 800000e2 fdc42703 r 0e         f0040fec  lw       x14, -0x24(x8)
#1871 0 800000e6     97ba r 0f         f0040ff8  c.add    x15, x14
#1872 0 800000e8     4398 r 0e         0000000b  c.lw     x14, 0x0(x15)
#1873 0 800000ea fec42783 r 0f         00000000  lw       x15, -0x14(x8)
#1874 0 800000ee     078a r 0f         00000000  c.slli   x15, 2
#1875 0 800000f0 fdc42683 r 0d         f0040fec  lw       x13, -0x24(x8)
#1876 0 800000f4     97b6 r 0f         f0040fec  c.add    x15, x13
#1877 0 800000f6     439c r 0f         00000017  c.lw     x15, 0x0(x15)
#1878 0 800000f8 00e7d663 r 00         00000000  bge      x15, x14, . + 0xc
#1879 0 80000104 fe842783 r 0f         00000003  lw       x15, -0x18(x8)
#1880 0 80000108     0785 r 0f         00000004  c.addi   x15, 0x1
#1881 0 8000010a fef42423 m f0040f98   00000004  sw       x15, -0x18(x8)
#1882 0 8000010e fe842703 r 0e         00000004  lw       x14, -0x18(x8)
#1883 0 80000112 fd842783 r 0f         00000007  lw       x15, -0x28(x8)
#1884 0 80000116 fcf743e3 r 00         00000000  blt      x14, x15, . - 0x3a
#1885 0 800000dc fe842783 r 0f         00000004  lw       x15, -0x18(x8)
#1886 0 800000e0     078a r 0f         00000010  c.slli   x15, 2
#1887 0 800000e2 fdc42703 r 0e         f0040fec  lw       x14, -0x24(x8)
#1888 0 800000e6     97ba r 0f         f0040ffc  c.add    x15, x14
#1889 0 800000e8     4398 r 0e         0000000c  c.lw     x14, 0x0(x15)
#1890 0 800000ea fec42783 r 0f         00000000  lw       x15, -0x14(x8)
#1891 0 800000ee     078a r 0f         00000000  c.slli   x15, 2
#1892 0 800000f0 fdc42683 r 0d         f0040fec  lw       x13, -0x24(x8)
#1893 0 800000f4     97b6 r 0f         f0040fec  c.add    x15, x13
#1894 0 800000f6     439c r 0f         00000017  c.lw     x15, 0x0(x15)
#1895 0 800000f8 00e7d663 r 00         00000000  bge      x15, x14, . + 0xc
#1896 0 80000104 fe842783 r 0f         00000004  lw       x15, -0x18(x8)
#1897 0 80000108     0785 r 0f         00000005  c.addi   x15, 0x1
#1898 0 8000010a fef42423 m f0040f98   00000005  sw       x15, -0x18(x8)
#1899 0 8000010e fe842703 r 0e         00000005  lw       x14, -0x18(x8)
#1900 0 80000112 fd842783 r 0f         00000007  lw       x15, -0x28(x8)
#1901 0 80000116 fcf743e3 r 00         00000000  blt      x14, x15, . - 0x3a
#1902 0 800000dc fe842783 r 0f         00000005  lw       x15, -0x18(x8)
#1903 0 800000e0     078a r 0f         00000014  c.slli   x15, 2
#1904 0 800000e2 fdc42703 r 0e         f0040fec  lw       x14, -0x24(x8)
#1905 0 800000e6     97ba r 0f         f0041000  c.add    x15, x14
#1906 0 800000e8     4398 r 0e         00000006  c.lw     x14, 0x0(x15)
#1907 0 800000ea fec42783 r 0f         00000000  lw       x15, -0x14(x8)
#1908 0 800000ee     078a r 0f         00000000  c.slli   x15, 2
#1909 0 800000f0 fdc42683 r 0d         f0040fec  lw       x13, -0x24(x8)
#1910 0 800000f4     97b6 r 0f         f0040fec  c.add    x15, x13
#1911 0 800000f6     439c r 0f         00000017  c.lw     x15, 0x0(x15)
#1912 0 800000f8 00e7d663 r 00         00000000  bge      x15, x14, . + 0xc
#1913 0 80000104 fe842783 r 0f         00000005  lw       x15, -0x18(x8)
#1914 0 80000108     0785 r 0f         00000006  c.addi   x15, 0x1
#1915 0 8000010a fef42423 m f0040f98   00000006  sw       x15, -0x18(x8)
#1916 0 8000010e fe842703 r 0e         00000006  lw       x14, -0x18(x8)
#1917 0 80000112 fd842783 r 0f         00000007  lw       x15, -0x28(x8)
#1918 0 80000116 fcf743e3 r 00         00000000  blt      x14, x15, . - 0x3a
#1919 0 800000dc fe842783 r 0f         00000006  lw       x15, -0x18(x8)
#1920 0 800000e0     078a r 0f         00000018  c.slli   x15, 2
#1921 0 800000e2 fdc42703 r 0e         f0040fec  lw       x14, -0x24(x8)
#1922 0 800000e6     97ba r 0f         f0041004  c.add    x15, x14
#1923 0 800000e8     4398 r 0e         00000007  c.lw     x14, 0x0(x15)
#1924 0 800000ea fec42783 r 0f         00000000  lw       x15, -0x14(x8)
#1925 0 800000ee     078a r 0f         00000000  c.slli   x15, 2
#1926 0 800000f0 fdc42683 r 0d         f0040fec  lw       x13, -0x24(x8)
#1927 0 800000f4     97b6 r 0f         f0040fec  c.add    x15, x13
#1928 0 800000f6     439c r 0f         00000017  c.lw     x15, 0x0(x15)
#1929 0 800000f8 00e7d663 r 00         00000000  bge      x15, x14, . + 0xc
#1930 0 80000104 fe842783 r 0f         00000006  lw       x15, -0x18(x8)
#1931 0 80000108     0785 r 0f         00000007  c.addi   x15, 0x1
#1932 0 8000010a fef42423 m f0040f98   00000007  sw       x15, -0x18(x8)
#1933 0 8000010e fe842703 r 0e         00000007  lw       x14, -0x18(x8)
#1934 0 80000112 fd842783 r 0f         00000007  lw       x15, -0x28(x8)
#1935 0 80000116 fcf743e3 r 00         00000000  blt      x14, x15, . - 0x3a
#1936 0 8000011a fec42783 r 0f         00000000  lw       x15, -0x14(x8)
#1937 0 8000011e     853e r 0a         00000000  c.mv     x10, x15
#1938 0 80000120     5432 r 08         f0040fe0  c.lwsp   x8, 0x2c
#1939 0 80000122     6145 r 02         f0040fb0  c.addi16sp 0x3
#1940 0 80000124     8082 r 00         00000000  c.jr     x1
#1941 0 8000014a fea42423 m f0040fc8   00000000  sw       x10, -0x18(x8)
#1942 0 8000014e fec42783 r 0f         00000007  lw       x15, -0x14(x8)
#1943 0 80000152     17fd r 0f         00000006  c.addi   x15, -0x1
#1944 0 80000154 fe842703 r 0e         00000000  lw       x14, -0x18(x8)
#1945 0 80000158 00f70e63 r 00         00000000  beq      x14, x15, . + 0x1c
#1946 0 8000015c fe842583 r 0b         00000000  lw       x11, -0x18(x8)
#1947 0 80000160 fdc42503 r 0a         f0040fec  lw       x10, -0x24(x8)
#1948 0 80000164     35cd r 01         80000166  c.jal    . - 0x11e
#1949 0 80000046     7179 r 02         f0040f80  c.addi16sp -0x3
#1950 0 80000048     d622 m f0040fac   f0040fe0  c.swsp   x8, 0x2c
#1951 0 8000004a     1800 r 08         f0040fb0  c.addi4spn  x8, 0xc
#1952 0 8000004c fca42e23 m f0040f8c   f0040fec  sw       x10, -0x24(x8)
#1953 0 80000050 fcb42c23 m f0040f88   00000000  sw       x11, -0x28(x8)
#1954 0 80000054 fe042623 m f0040f9c   00000000  sw       x0, -0x14(x8)
#1955 0 80000058     a899 r 00         00000000  c.j      . + 0x56
#1956 0 800000ae fec42703 r 0e         00000000  lw       x14, -0x14(x8)
#1957 0 800000b2 fd842783 r 0f         00000000  lw       x15, -0x28(x8)
#1958 0 800000b6 faf742e3 r 00         00000000  blt      x14, x15, . - 0x5c
#1959 0 800000ba     0001 r 00         00000000  c.nop
#1960 0 800000bc     0001 r 00         00000000  c.nop
#1961 0 800000be     5432 r 08         f0040fe0  c.lwsp   x8, 0x2c
#1962 0 800000c0     6145 r 02         f0040fb0  c.addi16sp 0x3
#1963 0 800000c2     8082 r 00         00000000  c.jr     x1
#1964 0 80000166 fec42783 r 0f         00000007  lw       x15, -0x14(x8)
#1965 0 8000016a     17fd r 0f         00000006  c.addi   x15, -0x1
#1966 0 8000016c     85be r 0b         00000006  c.mv     x11, x15
#1967 0 8000016e fdc42503 r 0a         f0040fec  lw       x10, -0x24(x8)
#1968 0 80000172     3dd1 r 01         80000174  c.jal    . - 0x12c
#1969 0 80000046     7179 r 02         f0040f80  c.addi16sp -0x3
#1970 0 80000048     d622 m f0040fac   f0040fe0  c.swsp   x8, 0x2c
#1971 0 8000004a     1800 r 08         f0040fb0  c.addi4spn  x8, 0xc
#1972 0 8000004c fca42e23 m f0040f8c   f0040fec  sw       x10, -0x24(x8)
#1973 0 80000050 fcb42c23 m f0040f88   00000006  sw       x11, -0x28(x8)
#1974 0 80000054 fe042623 m f0040f9c   00000000  sw       x0, -0x14(x8)
#1975 0 80000058     a899 r 00         00000000  c.j      . + 0x56
#1976 0 800000ae fec42703 r 0e         00000000  lw       x14, -0x14(x8)
#1977 0 800000b2 fd842783 r 0f         00000006  lw       x15, -0x28(x8)
#1978 0 800000b6 faf742e3 r 00         00000000  blt      x14, x15, . - 0x5c
#1979 0 8000005a fec42783 r 0f         00000000  lw       x15, -0x14(x8)
#1980 0 8000005e     078a r 0f         00000000  c.slli   x15, 2
#1981 0 80000060 fdc42703 r 0e         f0040fec  lw       x14, -0x24(x8)
#1982 0 80000064     97ba r 0f         f0040fec  c.add    x15, x14
#1983 0 80000066     439c r 0f         00000017  c.lw     x15, 0x0(x15)
#1984 0 80000068 fef42423 m f0040f98   00000017  sw       x15, -0x18(x8)
#1985 0 8000006c fd842783 r 0f         00000006  lw       x15, -0x28(x8)
#1986 0 80000070     078a r 0f         00000018  c.slli   x15, 2
#1987 0 80000072 fdc42703 r 0e         f0040fec  lw       x14, -0x24(x8)
#1988 0 80000076     973e r 0e         f0041004  c.add    x14, x15
#1989 0 80000078 fec42783 r 0f         00000000  lw       x15, -0x14(x8)
#1990 0 8000007c     078a r 0f         00000000  c.slli   x15, 2
#1991 0 8000007e fdc42683 r 0d         f0040fec  lw       x13, -0x24(x8)
#1992 0 80000082     97b6 r 0f         f0040fec  c.add    x15, x13
#1993 0 80000084     4318 r 0e         00000007  c.lw     x14, 0x0(x14)
#1994 0 80000086     c398 m f0040fec   00000007  c.sw     x14, 0x0(x15)
#1995 0 80000088 fd842783 r 0f         00000006  lw       x15, -0x28(x8)
#1996 0 8000008c     078a r 0f         00000018  c.slli   x15, 2
#1997 0 8000008e fdc42703 r 0e         f0040fec  lw       x14, -0x24(x8)
#1998 0 80000092     97ba r 0f         f0041004  c.add    x15, x14
#1999 0 80000094 fe842703 r 0e         00000017  lw       x14, -0x18(x8)
#2000 0 80000098     c398 m f0041004   00000017  c.sw     x14, 0x0(x15)
#2001 0 8000009a fec42783 r 0f         00000000  lw       x15, -0x14(x8)
#2002 0 8000009e     0785 r 0f         00000001  c.addi   x15, 0x1
#2003 0 800000a0 fef42623 m f0040f9c   00000001  sw       x15, -0x14(x8)
#2004 0 800000a4 fd842783 r 0f         00000006  lw       x15, -0x28(x8)
#2005 0 800000a8     17fd r 0f         00000005  c.addi   x15, -0x1
#2006 0 800000aa fcf42c23 m f0040f88   00000005  sw       x15, -0x28(x8)
#2007 0 800000ae fec42703 r 0e         00000001  lw       x14, -0x14(x8)
#2008 0 800000b2 fd842783 r 0f         00000005  lw       x15, -0x28(x8)
#2009 0 800000b6 faf742e3 r 00         00000000  blt      x14, x15, . - 0x5c
#2010 0 8000005a fec42783 r 0f         00000001  lw       x15, -0x14(x8)
#2011 0 8000005e     078a r 0f         00000004  c.slli   x15, 2
#2012 0 80000060 fdc42703 r 0e         f0040fec  lw       x14, -0x24(x8)
#2013 0 80000064     97ba r 0f         f0040ff0  c.add    x15, x14
#2014 0 80000066     439c r 0f         0000000a  c.lw     x15, 0x0(x15)
#2015 0 80000068 fef42423 m f0040f98   0000000a  sw       x15, -0x18(x8)
#2016 0 8000006c fd842783 r 0f         00000005  lw       x15, -0x28(x8)
#2017 0 80000070     078a r 0f         00000014  c.slli   x15, 2
#2018 0 80000072 fdc42703 r 0e         f0040fec  lw       x14, -0x24(x8)
#2019 0 80000076     973e r 0e         f0041000  c.add    x14, x15
#2020 0 80000078 fec42783 r 0f         00000001  lw       x15, -0x14(x8)
#2021 0 8000007c     078a r 0f         00000004  c.slli   x15, 2
#2022 0 8000007e fdc42683 r 0d         f0040fec  lw       x13, -0x24(x8)
#2023 0 80000082     97b6 r 0f         f0040ff0  c.add    x15, x13
#2024 0 80000084     4318 r 0e         00000006  c.lw     x14, 0x0(x14)
#2025 0 80000086     c398 m f0040ff0   00000006  c.sw     x14, 0x0(x15)
#2026 0 80000088 fd842783 r 0f         00000005  lw       x15, -0x28(x8)
#2027 0 8000008c     078a r 0f         00000014  c.slli   x15, 2
#2028 0 8000008e fdc42703 r 0e         f0040fec  lw       x14, -0x24(x8)
#2029 0 80000092     97ba r 0f         f0041000  c.add    x15, x14
#2030 0 80000094 fe842703 r 0e         0000000a  lw       x14, -0x18(x8)
#2031 0 80000098     c398 m f0041000   0000000a  c.sw     x14, 0x0(x15)
#2032 0 8000009a fec42783 r 0f         00000001  lw       x15, -0x14(x8)
#2033 0 8000009e     0785 r 0f         00000002  c.addi   x15, 0x1
#2034 0 800000a0 fef42623 m f0040f9c   00000002  sw       x15, -0x14(x8)
#2035 0 800000a4 fd842783 r 0f         00000005  lw       x15, -0x28(x8)
#2036 0 800000a8     17fd r 0f         00000004  c.addi   x15, -0x1
#2037 0 800000aa fcf42c23 m f0040f88   00000004  sw       x15, -0x28(x8)
#2038 0 800000ae fec42703 r 0e         00000002  lw       x14, -0x14(x8)
#2039 0 800000b2 fd842783 r 0f         00000004  lw       x15, -0x28(x8)
#2040 0 800000b6 faf742e3 r 00         00000000  blt      x14, x15, . - 0x5c
#2041 0 8000005a fec42783 r 0f         00000002  lw       x15, -0x14(x8)
#2042 0 8000005e     078a r 0f         00000008  c.slli   x15, 2
#2043 0 80000060 fdc42703 r 0e         f0040fec  lw       x14, -0x24(x8)
#2044 0 80000064     97ba r 0f         f0040ff4  c.add    x15, x14
#2045 0 80000066     439c r 0f         00000014  c.lw     x15, 0x0(x15)
#2046 0 80000068 fef42423 m f0040f98   00000014  sw       x15, -0x18(x8)
#2047 0 8000006c fd842783 r 0f         00000004  lw       x15, -0x28(x8)
#2048 0 80000070     078a r 0f         00000010  c.slli   x15, 2
#2049 0 80000072 fdc42703 r 0e         f0040fec  lw       x14, -0x24(x8)
#2050 0 80000076     973e r 0e         f0040ffc  c.add    x14, x15
#2051 0 80000078 fec42783 r 0f         00000002  lw       x15, -0x14(x8)
#2052 0 8000007c     078a r 0f         00000008  c.slli   x15, 2
#2053 0 8000007e fdc42683 r 0d         f0040fec  lw       x13, -0x24(x8)
#2054 0 80000082     97b6 r 0f         f0040ff4  c.add    x15, x13
#2055 0 80000084     4318 r 0e         0000000c  c.lw     x14, 0x0(x14)
#2056 0 80000086     c398 m f0040ff4   0000000c  c.sw     x14, 0x0(x15)
#2057 0 80000088 fd842783 r 0f         00000004  lw       x15, -0x28(x8)
#2058 0 8000008c     078a r 0f         00000010  c.slli   x15, 2
#2059 0 8000008e fdc42703 r 0e         f0040fec  lw       x14, -0x24(x8)
#2060 0 80000092     97ba r 0f         f0040ffc  c.add    x15, x14
#2061 0 80000094 fe842703 r 0e         00000014  lw       x14, -0x18(x8)
#2062 0 80000098     c398 m f0040ffc   00000014  c.sw     x14, 0x0(x15)
#2063 0 8000009a fec42783 r 0f         00000002  lw       x15, -0x14(x8)
#2064 0 8000009e     0785 r 0f         00000003  c.addi   x15, 0x1
#2065 0 800000a0 fef42623 m f0040f9c   00000003  sw       x15, -0x14(x8)
#2066 0 800000a4 fd842783 r 0f         00000004  lw       x15, -0x28(x8)
#2067 0 800000a8     17fd r 0f         00000003  c.addi   x15, -0x1
#2068 0 800000aa fcf42c23 m f0040f88   00000003  sw       x15, -0x28(x8)
#2069 0 800000ae fec42703 r 0e         00000003  lw       x14, -0x14(x8)
#2070 0 800000b2 fd842783 r 0f         00000003  lw       x15, -0x28(x8)
#2071 0 800000b6 faf742e3 r 00         00000000  blt      x14, x15, . - 0x5c
#2072 0 800000ba     0001 r 00         00000000  c.nop
#2073 0 800000bc     0001 r 00         00000000  c.nop
#2074 0 800000be     5432 r 08         f0040fe0  c.lwsp   x8, 0x2c
#2075 0 800000c0     6145 r 02         f0040fb0  c.addi16sp 0x3
#2076 0 800000c2     8082 r 00         00000000  c.jr     x1
#2077 0 80000174 fec42783 r 0f         00000007  lw       x15, -0x14(x8)
#2078 0 80000178     17fd r 0f         00000006  c.addi   x15, -0x1
#2079 0 8000017a fef42623 m f0040fcc   00000006  sw       x15, -0x14(x8)
#2080 0 8000017e fec42703 r 0e         00000006  lw       x14, -0x14(x8)
#2081 0 80000182     4785 r 0f         00000001  c.li     x15, 0x1
#2082 0 80000184 fae7cee3 r 00         00000000  blt      x15, x14, . - 0x44
#2083 0 80000140 fec42583 r 0b         00000006  lw       x11, -0x14(x8)
#2084 0 80000144 fdc42503 r 0a         f0040fec  lw       x10, -0x24(x8)
#2085 0 80000148     3fb5 r 01         8000014a  c.jal    . - 0x84
#2086 0 800000c4     7179 r 02         f0040f80  c.addi16sp -0x3
#2087 0 800000c6     d622 m f0040fac   f0040fe0  c.swsp   x8, 0x2c
#2088 0 800000c8     1800 r 08         f0040fb0  c.addi4spn  x8, 0xc
#2089 0 800000ca fca42e23 m f0040f8c   f0040fec  sw       x10, -0x24(x8)
#2090 0 800000ce fcb42c23 m f0040f88   00000006  sw       x11, -0x28(x8)
#2091 0 800000d2 fe042623 m f0040f9c   00000000  sw       x0, -0x14(x8)
#2092 0 800000d6 fe042423 m f0040f98   00000000  sw       x0, -0x18(x8)
#2093 0 800000da     a815 r 00         00000000  c.j      . + 0x34
#2094 0 8000010e fe842703 r 0e         00000000  lw       x14, -0x18(x8)
#2095 0 80000112 fd842783 r 0f         00000006  lw       x15, -0x28(x8)
#2096 0 80000116 fcf743e3 r 00         00000000  blt      x14, x15, . - 0x3a
#2097 0 800000dc fe842783 r 0f         00000000  lw       x15, -0x18(x8)
#2098 0 800000e0     078a r 0f         00000000  c.slli   x15, 2
#2099 0 800000e2 fdc42703 r 0e         f0040fec  lw       x14, -0x24(x8)
#2100 0 800000e6     97ba r 0f         f0040fec  c.add    x15, x14
#2101 0 800000e8     4398 r 0e         00000007  c.lw     x14, 0x0(x15)
#2102 0 800000ea fec42783 r 0f         00000000  lw       x15, -0x14(x8)
#2103 0 800000ee     078a r 0f         00000000  c.slli   x15, 2
#2104 0 800000f0 fdc42683 r 0d         f0040fec  lw       x13, -0x24(x8)
#2105 0 800000f4     97b6 r 0f         f0040fec  c.add    x15, x13
#2106 0 800000f6     439c r 0f         00000007  c.lw     x15, 0x0(x15)
#2107 0 800000f8 00e7d663 r 00         00000000  bge      x15, x14, . + 0xc
#2108 0 80000104 fe842783 r 0f         00000000  lw       x15, -0x18(x8)
#2109 0 80000108     0785 r 0f         00000001  c.addi   x15, 0x1
#2110 0 8000010a fef42423 m f0040f98   00000001  sw       x15, -0x18(x8)
#2111 0 8000010e fe842703 r 0e         00000001  lw       x14, -0x18(x8)
#2112 0 80000112 fd842783 r 0f         00000006  lw       x15, -0x28(x8)
#2113 0 80000116 fcf743e3 r 00         00000000  blt      x14, x15, . - 0x3a
#2114 0 800000dc fe842783 r 0f         00000001  lw       x15, -0x18(x8)
#2115 0 800000e0     078a r 0f         00000004  c.slli   x15, 2
#2116 0 800000e2 fdc42703 r 0e         f0040fec  lw       x14, -0x24(x8)
#2117 0 800000e6     97ba r 0f         f0040ff0  c.add    x15, x14
#2118 0 800000e8     4398 r 0e         00000006  c.lw     x14, 0x0(x15)
#2119 0 800000ea fec42783 r 0f         00000000  lw       x15, -0x14(x8)
#2120 0 800000ee     078a r 0f         00000000  c.slli   x15, 2
#2121 0 800000f0 fdc42683 r 0d         f0040fec  lw       x13, -0x24(x8)
#2122 0 800000f4     97b6 r 0f         f0040fec  c.add    x15, x13
#2123 0 800000f6     439c r 0f         00000007  c.lw     x15, 0x0(x15)
#2124 0 800000f8 00e7d663 r 00         00000000  bge      x15, x14, . + 0xc
#2125 0 80000104 fe842783 r 0f         00000001  lw       x15, -0x18(x8)
#2126 0 80000108     0785 r 0f         00000002  c.addi   x15, 0x1
#2127 0 8000010a fef42423 m f0040f98   00000002  sw       x15, -0x18(x8)
#2128 0 8000010e fe842703 r 0e         00000002  lw       x14, -0x18(x8)
#2129 0 80000112 fd842783 r 0f         00000006  lw       x15, -0x28(x8)
#2130 0 80000116 fcf743e3 r 00         00000000  blt      x14, x15, . - 0x3a
#2131 0 800000dc fe842783 r 0f         00000002  lw       x15, -0x18(x8)
#2132 0 800000e0     078a r 0f         00000008  c.slli   x15, 2
#2133 0 800000e2 fdc42703 r 0e         f0040fec  lw       x14, -0x24(x8)
#2134 0 800000e6     97ba r 0f         f0040ff4  c.add    x15, x14
#2135 0 800000e8     4398 r 0e         0000000c  c.lw     x14, 0x0(x15)
#2136 0 800000ea fec42783 r 0f         00000000  lw       x15, -0x14(x8)
#2137 0 800000ee     078a r 0f         00000000  c.slli   x15, 2
#2138 0 800000f0 fdc42683 r 0d         f0040fec  lw       x13, -0x24(x8)
#2139 0 800000f4     97b6 r 0f         f0040fec  c.add    x15, x13
#2140 0 800000f6     439c r 0f         00000007  c.lw     x15, 0x0(x15)
#2141 0 800000f8 00e7d663 r 00         00000000  bge      x15, x14, . + 0xc
#2142 0 800000fc fe842783 r 0f         00000002  lw       x15, -0x18(x8)
#2143 0 80000100 fef42623 m f0040f9c   00000002  sw       x15, -0x14(x8)
#2144 0 80000104 fe842783 r 0f         00000002  lw       x15, -0x18(x8)
#2145 0 80000108     0785 r 0f         00000003  c.addi   x15, 0x1
#2146 0 8000010a fef42423 m f0040f98   00000003  sw       x15, -0x18(x8)
#2147 0 8000010e fe842703 r 0e         00000003  lw       x14, -0x18(x8)
#2148 0 80000112 fd842783 r 0f         00000006  lw       x15, -0x28(x8)
#2149 0 80000116 fcf743e3 r 00         00000000  blt      x14, x15, . - 0x3a
#2150 0 800000dc fe842783 r 0f         00000003  lw       x15, -0x18(x8)
#2151 0 800000e0     078a r 0f         0000000c  c.slli   x15, 2
#2152 0 800000e2 fdc42703 r 0e         f0040fec  lw       x14, -0x24(x8)
#2153 0 800000e6     97ba r 0f         f0040ff8  c.add    x15, x14
#2154 0 800000e8     4398 r 0e         0000000b  c.lw     x14, 0x0(x15)
#2155 0 800000ea fec42783 r 0f         00000002  lw       x15, -0x14(x8)
#2156 0 800000ee     078a r 0f         00000008  c.slli   x15, 2
#2157 0 800000f0 fdc42683 r 0d         f0040fec  lw       x13, -0x24(x8)
#2158 0 800000f4     97b6 r 0f         f0040ff4  c.add    x15, x13
#2159 0 800000f6     439c r 0f         0000000c  c.lw     x15, 0x0(x15)
#2160 0 800000f8 00e7d663 r 00         00000000  bge      x15, x14, . + 0xc
#2161 0 80000104 fe842783 r 0f         00000003  lw       x15, -0x18(x8)
#2162 0 80000108     0785 r 0f         00000004  c.addi   x15, 0x1
#2163 0 8000010a fef42423 m f0040f98   00000004  sw       x15, -0x18(x8)
#2164 0 8000010e fe842703 r 0e         00000004  lw       x14, -0x18(x8)
#2165 0 80000112 fd842783 r 0f         00000006  lw       x15, -0x28(x8)
#2166 0 80000116 fcf743e3 r 00         00000000  blt      x14, x15, . - 0x3a
#2167 0 800000dc fe842783 r 0f         00000004  lw       x15, -0x18(x8)
#2168 0 800000e0     078a r 0f         00000010  c.slli   x15, 2
#2169 0 800000e2 fdc42703 r 0e         f0040fec  lw       x14, -0x24(x8)
#2170 0 800000e6     97ba r 0f         f0040ffc  c.add    x15, x14
#2171 0 800000e8     4398 r 0e         00000014  c.lw     x14, 0x0(x15)
#2172 0 800000ea fec42783 r 0f         00000002  lw       x15, -0x14(x8)
#2173 0 800000ee     078a r 0f         00000008  c.slli   x15, 2
#2174 0 800000f0 fdc42683 r 0d         f0040fec  lw       x13, -0x24(x8)
#2175 0 800000f4     97b6 r 0f         f0040ff4  c.add    x15, x13
#2176 0 800000f6     439c r 0f         0000000c  c.lw     x15, 0x0(x15)
#2177 0 800000f8 00e7d663 r 00         00000000  bge      x15, x14, . + 0xc
#2178 0 800000fc fe842783 r 0f         00000004  lw       x15, -0x18(x8)
#2179 0 80000100 fef42623 m f0040f9c   00000004  sw       x15, -0x14(x8)
#2180 0 80000104 fe842783 r 0f         00000004  lw       x15, -0x18(x8)
#2181 0 80000108     0785 r 0f         00000005  c.addi   x15, 0x1
#2182 0 8000010a fef42423 m f0040f98   00000005  sw       x15, -0x18(x8)
#2183 0 8000010e fe842703 r 0e         00000005  lw       x14, -0x18(x8)
#2184 0 80000112 fd842783 r 0f         00000006  lw       x15, -0x28(x8)
#2185 0 80000116 fcf743e3 r 00         00000000  blt      x14, x15, . - 0x3a
#2186 0 800000dc fe842783 r 0f         00000005  lw       x15, -0x18(x8)
#2187 0 800000e0     078a r 0f         00000014  c.slli   x15, 2
#2188 0 800000e2 fdc42703 r 0e         f0040fec  lw       x14, -0x24(x8)
#2189 0 800000e6     97ba r 0f         f0041000  c.add    x15, x14
#2190 0 800000e8     4398 r 0e         0000000a  c.lw     x14, 0x0(x15)
#2191 0 800000ea fec42783 r 0f         00000004  lw       x15, -0x14(x8)
#2192 0 800000ee     078a r 0f         00000010  c.slli   x15, 2
#2193 0 800000f0 fdc42683 r 0d         f0040fec  lw       x13, -0x24(x8)
#2194 0 800000f4     97b6 r 0f         f0040ffc  c.add    x15, x13
#2195 0 800000f6     439c r 0f         00000014  c.lw     x15, 0x0(x15)
#2196 0 800000f8 00e7d663 r 00         00000000  bge      x15, x14, . + 0xc
#2197 0 80000104 fe842783 r 0f         00000005  lw       x15, -0x18(x8)
#2198 0 80000108     0785 r 0f         00000006  c.addi   x15, 0x1
#2199 0 8000010a fef42423 m f0040f98   00000006  sw       x15, -0x18(x8)
#2200 0 8000010e fe842703 r 0e         00000006  lw       x14, -0x18(x8)
#2201 0 80000112 fd842783 r 0f         00000006  lw       x15, -0x28(x8)
#2202 0 80000116 fcf743e3 r 00         00000000  blt      x14, x15, . - 0x3a
#2203 0 8000011a fec42783 r 0f         00000004  lw       x15, -0x14(x8)
#2204 0 8000011e     853e r 0a         00000004  c.mv     x10, x15
#2205 0 80000120     5432 r 08         f0040fe0  c.lwsp   x8, 0x2c
#2206 0 80000122     6145 r 02         f0040fb0  c.addi16sp 0x3
#2207 0 80000124     8082 r 00         00000000  c.jr     x1
#2208 0 8000014a fea42423 m f0040fc8   00000004  sw       x10, -0x18(x8)
#2209 0 8000014e fec42783 r 0f         00000006  lw       x15, -0x14(x8)
#2210 0 80000152     17fd r 0f         00000005  c.addi   x15, -0x1
#2211 0 80000154 fe842703 r 0e         00000004  lw       x14, -0x18(x8)
#2212 0 80000158 00f70e63 r 00         00000000  beq      x14, x15, . + 0x1c
#2213 0 8000015c fe842583 r 0b         00000004  lw       x11, -0x18(x8)
#2214 0 80000160 fdc42503 r 0a         f0040fec  lw       x10, -0x24(x8)
#2215 0 80000164     35cd r 01         80000166  c.jal    . - 0x11e
#2216 0 80000046     7179 r 02         f0040f80  c.addi16sp -0x3
#2217 0 80000048     d622 m f0040fac   f0040fe0  c.swsp   x8, 0x2c
#2218 0 8000004a     1800 r 08         f0040fb0  c.addi4spn  x8, 0xc
#2219 0 8000004c fca42e23 m f0040f8c   f0040fec  sw       x10, -0x24(x8)
#2220 0 80000050 fcb42c23 m f0040f88   00000004  sw       x11, -0x28(x8)
#2221 0 80000054 fe042623 m f0040f9c   00000000  sw       x0, -0x14(x8)
#2222 0 80000058     a899 r 00         00000000  c.j      . + 0x56
#2223 0 800000ae fec42703 r 0e         00000000  lw       x14, -0x14(x8)
#2224 0 800000b2 fd842783 r 0f         00000004  lw       x15, -0x28(x8)
#2225 0 800000b6 faf742e3 r 00         00000000  blt      x14, x15, . - 0x5c
#2226 0 8000005a fec42783 r 0f         00000000  lw       x15, -0x14(x8)
#2227 0 8000005e     078a r 0f         00000000  c.slli   x15, 2
#2228 0 80000060 fdc42703 r 0e         f0040fec  lw       x14, -0x24(x8)
#2229 0 80000064     97ba r 0f         f0040fec  c.add    x15, x14
#2230 0 80000066     439c r 0f         00000007  c.lw     x15, 0x0(x15)
#2231 0 80000068 fef42423 m f0040f98   00000007  sw       x15, -0x18(x8)
#2232 0 8000006c fd842783 r 0f         00000004  lw       x15, -0x28(x8)
#2233 0 80000070     078a r 0f         00000010  c.slli   x15, 2
#2234 0 80000072 fdc42703 r 0e         f0040fec  lw       x14, -0x24(x8)
#2235 0 80000076     973e r 0e         f0040ffc  c.add    x14, x15
#2236 0 80000078 fec42783 r 0f         00000000  lw       x15, -0x14(x8)
#2237 0 8000007c     078a r 0f         00000000  c.slli   x15, 2
#2238 0 8000007e fdc42683 r 0d         f0040fec  lw       x13, -0x24(x8)
#2239 0 80000082     97b6 r 0f         f0040fec  c.add    x15, x13
#2240 0 80000084     4318 r 0e         00000014  c.lw     x14, 0x0(x14)
#2241 0 80000086     c398 m f0040fec   00000014  c.sw     x14, 0x0(x15)
#2242 0 80000088 fd842783 r 0f         00000004  lw       x15, -0x28(x8)
#2243 0 8000008c     078a r 0f         00000010  c.slli   x15, 2
#2244 0 8000008e fdc42703 r 0e         f0040fec  lw       x14, -0x24(x8)
#2245 0 80000092     97ba r 0f         f0040ffc  c.add    x15, x14
#2246 0 80000094 fe842703 r 0e         00000007  lw       x14, -0x18(x8)
#2247 0 80000098     c398 m f0040ffc   00000007  c.sw     x14, 0x0(x15)
#2248 0 8000009a fec42783 r 0f         00000000  lw       x15, -0x14(x8)
#2249 0 8000009e     0785 r 0f         00000001  c.addi   x15, 0x1
#2250 0 800000a0 fef42623 m f0040f9c   00000001  sw       x15, -0x14(x8)
#2251 0 800000a4 fd842783 r 0f         00000004  lw       x15, -0x28(x8)
#2252 0 800000a8     17fd r 0f         00000003  c.addi   x15, -0x1
#2253 0 800000aa fcf42c23 m f0040f88   00000003  sw       x15, -0x28(x8)
#2254 0 800000ae fec42703 r 0e         00000001  lw       x14, -0x14(x8)
#2255 0 800000b2 fd842783 r 0f         00000003  lw       x15, -0x28(x8)
#2256 0 800000b6 faf742e3 r 00         00000000  blt      x14, x15, . - 0x5c
#2257 0 8000005a fec42783 r 0f         00000001  lw       x15, -0x14(x8)
#2258 0 8000005e     078a r 0f         00000004  c.slli   x15, 2
#2259 0 80000060 fdc42703 r 0e         f0040fec  lw       x14, -0x24(x8)
#2260 0 80000064     97ba r 0f         f0040ff0  c.add    x15, x14
#2261 0 80000066     439c r 0f         00000006  c.lw     x15, 0x0(x15)
#2262 0 80000068 fef42423 m f0040f98   00000006  sw       x15, -0x18(x8)
#2263 0 8000006c fd842783 r 0f         00000003  lw       x15, -0x28(x8)
#2264 0 80000070     078a r 0f         0000000c  c.slli   x15, 2
#2265 0 80000072 fdc42703 r 0e         f0040fec  lw       x14, -0x24(x8)
#2266 0 80000076     973e r 0e         f0040ff8  c.add    x14, x15
#2267 0 80000078 fec42783 r 0f         00000001  lw       x15, -0x14(x8)
#2268 0 8000007c     078a r 0f         00000004  c.slli   x15, 2
#2269 0 8000007e fdc42683 r 0d         f0040fec  lw       x13, -0x24(x8)
#2270 0 80000082     97b6 r 0f         f0040ff0  c.add    x15, x13
#2271 0 80000084     4318 r 0e         0000000b  c.lw     x14, 0x0(x14)
#2272 0 80000086     c398 m f0040ff0   0000000b  c.sw     x14, 0x0(x15)
#2273 0 80000088 fd842783 r 0f         00000003  lw       x15, -0x28(x8)
#2274 0 8000008c     078a r 0f         0000000c  c.slli   x15, 2
#2275 0 8000008e fdc42703 r 0e         f0040fec  lw       x14, -0x24(x8)
#2276 0 80000092     97ba r 0f         f0040ff8  c.add    x15, x14
#2277 0 80000094 fe842703 r 0e         00000006  lw       x14, -0x18(x8)
#2278 0 80000098     c398 m f0040ff8   00000006  c.sw     x14, 0x0(x15)
#2279 0 8000009a fec42783 r 0f         00000001  lw       x15, -0x14(x8)
#2280 0 8000009e     0785 r 0f         00000002  c.addi   x15, 0x1
#2281 0 800000a0 fef42623 m f0040f9c   00000002  sw       x15, -0x14(x8)
#2282 0 800000a4 fd842783 r 0f         00000003  lw       x15, -0x28(x8)
#2283 0 800000a8     17fd r 0f         00000002  c.addi   x15, -0x1
#2284 0 800000aa fcf42c23 m f0040f88   00000002  sw       x15, -0x28(x8)
#2285 0 800000ae fec42703 r 0e         00000002  lw       x14, -0x14(x8)
#2286 0 800000b2 fd842783 r 0f         00000002  lw       x15, -0x28(x8)
#2287 0 800000b6 faf742e3 r 00         00000000  blt      x14, x15, . - 0x5c
#2288 0 800000ba     0001 r 00         00000000  c.nop
#2289 0 800000bc     0001 r 00         00000000  c.nop
#2290 0 800000be     5432 r 08         f0040fe0  c.lwsp   x8, 0x2c
#2291 0 800000c0     6145 r 02         f0040fb0  c.addi16sp 0x3
#2292 0 800000c2     8082 r 00         00000000  c.jr     x1
#2293 0 80000166 fec42783 r 0f         00000006  lw       x15, -0x14(x8)
#2294 0 8000016a     17fd r 0f         00000005  c.addi   x15, -0x1
#2295 0 8000016c     85be r 0b         00000005  c.mv     x11, x15
#2296 0 8000016e fdc42503 r 0a         f0040fec  lw       x10, -0x24(x8)
#2297 0 80000172     3dd1 r 01         80000174  c.jal    . - 0x12c
#2298 0 80000046     7179 r 02         f0040f80  c.addi16sp -0x3
#2299 0 80000048     d622 m f0040fac   f0040fe0  c.swsp   x8, 0x2c
#2300 0 8000004a     1800 r 08         f0040fb0  c.addi4spn  x8, 0xc
#2301 0 8000004c fca42e23 m f0040f8c   f0040fec  sw       x10, -0x24(x8)
#2302 0 80000050 fcb42c23 m f0040f88   00000005  sw       x11, -0x28(x8)
#2303 0 80000054 fe042623 m f0040f9c   00000000  sw       x0, -0x14(x8)
#2304 0 80000058     a899 r 00         00000000  c.j      . + 0x56
#2305 0 800000ae fec42703 r 0e         00000000  lw       x14, -0x14(x8)
#2306 0 800000b2 fd842783 r 0f         00000005  lw       x15, -0x28(x8)
#2307 0 800000b6 faf742e3 r 00         00000000  blt      x14, x15, . - 0x5c
#2308 0 8000005a fec42783 r 0f         00000000  lw       x15, -0x14(x8)
#2309 0 8000005e     078a r 0f         00000000  c.slli   x15, 2
#2310 0 80000060 fdc42703 r 0e         f0040fec  lw       x14, -0x24(x8)
#2311 0 80000064     97ba r 0f         f0040fec  c.add    x15, x14
#2312 0 80000066     439c r 0f         00000014  c.lw     x15, 0x0(x15)
#2313 0 80000068 fef42423 m f0040f98   00000014  sw       x15, -0x18(x8)
#2314 0 8000006c fd842783 r 0f         00000005  lw       x15, -0x28(x8)
#2315 0 80000070     078a r 0f         00000014  c.slli   x15, 2
#2316 0 80000072 fdc42703 r 0e         f0040fec  lw       x14, -0x24(x8)
#2317 0 80000076     973e r 0e         f0041000  c.add    x14, x15
#2318 0 80000078 fec42783 r 0f         00000000  lw       x15, -0x14(x8)
#2319 0 8000007c     078a r 0f         00000000  c.slli   x15, 2
#2320 0 8000007e fdc42683 r 0d         f0040fec  lw       x13, -0x24(x8)
#2321 0 80000082     97b6 r 0f         f0040fec  c.add    x15, x13
#2322 0 80000084     4318 r 0e         0000000a  c.lw     x14, 0x0(x14)
#2323 0 80000086     c398 m f0040fec   0000000a  c.sw     x14, 0x0(x15)
#2324 0 80000088 fd842783 r 0f         00000005  lw       x15, -0x28(x8)
#2325 0 8000008c     078a r 0f         00000014  c.slli   x15, 2
#2326 0 8000008e fdc42703 r 0e         f0040fec  lw       x14, -0x24(x8)
#2327 0 80000092     97ba r 0f         f0041000  c.add    x15, x14
#2328 0 80000094 fe842703 r 0e         00000014  lw       x14, -0x18(x8)
#2329 0 80000098     c398 m f0041000   00000014  c.sw     x14, 0x0(x15)
#2330 0 8000009a fec42783 r 0f         00000000  lw       x15, -0x14(x8)
#2331 0 8000009e     0785 r 0f         00000001  c.addi   x15, 0x1
#2332 0 800000a0 fef42623 m f0040f9c   00000001  sw       x15, -0x14(x8)
#2333 0 800000a4 fd842783 r 0f         00000005  lw       x15, -0x28(x8)
#2334 0 800000a8     17fd r 0f         00000004  c.addi   x15, -0x1
#2335 0 800000aa fcf42c23 m f0040f88   00000004  sw       x15, -0x28(x8)
#2336 0 800000ae fec42703 r 0e         00000001  lw       x14, -0x14(x8)
#2337 0 800000b2 fd842783 r 0f         00000004  lw       x15, -0x28(x8)
#2338 0 800000b6 faf742e3 r 00         00000000  blt      x14, x15, . - 0x5c
#2339 0 8000005a fec42783 r 0f         00000001  lw       x15, -0x14(x8)
#2340 0 8000005e     078a r 0f         00000004  c.slli   x15, 2
#2341 0 80000060 fdc42703 r 0e         f0040fec  lw       x14, -0x24(x8)
#2342 0 80000064     97ba r 0f         f0040ff0  c.add    x15, x14
#2343 0 80000066     439c r 0f         0000000b  c.lw     x15, 0x0(x15)
#2344 0 80000068 fef42423 m f0040f98   0000000b  sw       x15, -0x18(x8)
#2345 0 8000006c fd842783 r 0f         00000004  lw       x15, -0x28(x8)
#2346 0 80000070     078a r 0f         00000010  c.slli   x15, 2
#2347 0 80000072 fdc42703 r 0e         f0040fec  lw       x14, -0x24(x8)
#2348 0 80000076     973e r 0e         f0040ffc  c.add    x14, x15
#2349 0 80000078 fec42783 r 0f         00000001  lw       x15, -0x14(x8)
#2350 0 8000007c     078a r 0f         00000004  c.slli   x15, 2
#2351 0 8000007e fdc42683 r 0d         f0040fec  lw       x13, -0x24(x8)
#2352 0 80000082     97b6 r 0f         f0040ff0  c.add    x15, x13
#2353 0 80000084     4318 r 0e         00000007  c.lw     x14, 0x0(x14)
#2354 0 80000086     c398 m f0040ff0   00000007  c.sw     x14, 0x0(x15)
#2355 0 80000088 fd842783 r 0f         00000004  lw       x15, -0x28(x8)
#2356 0 8000008c     078a r 0f         00000010  c.slli   x15, 2
#2357 0 8000008e fdc42703 r 0e         f0040fec  lw       x14, -0x24(x8)
#2358 0 80000092     97ba r 0f         f0040ffc  c.add    x15, x14
#2359 0 80000094 fe842703 r 0e         0000000b  lw       x14, -0x18(x8)
#2360 0 80000098     c398 m f0040ffc   0000000b  c.sw     x14, 0x0(x15)
#2361 0 8000009a fec42783 r 0f         00000001  lw       x15, -0x14(x8)
#2362 0 8000009e     0785 r 0f         00000002  c.addi   x15, 0x1
#2363 0 800000a0 fef42623 m f0040f9c   00000002  sw       x15, -0x14(x8)
#2364 0 800000a4 fd842783 r 0f         00000004  lw       x15, -0x28(x8)
#2365 0 800000a8     17fd r 0f         00000003  c.addi   x15, -0x1
#2366 0 800000aa fcf42c23 m f0040f88   00000003  sw       x15, -0x28(x8)
#2367 0 800000ae fec42703 r 0e         00000002  lw       x14, -0x14(x8)
#2368 0 800000b2 fd842783 r 0f         00000003  lw       x15, -0x28(x8)
#2369 0 800000b6 faf742e3 r 00         00000000  blt      x14, x15, . - 0x5c
#2370 0 8000005a fec42783 r 0f         00000002  lw       x15, -0x14(x8)
#2371 0 8000005e     078a r 0f         00000008  c.slli   x15, 2
#2372 0 80000060 fdc42703 r 0e         f0040fec  lw       x14, -0x24(x8)
#2373 0 80000064     97ba r 0f         f0040ff4  c.add    x15, x14
#2374 0 80000066     439c r 0f         0000000c  c.lw     x15, 0x0(x15)
#2375 0 80000068 fef42423 m f0040f98   0000000c  sw       x15, -0x18(x8)
#2376 0 8000006c fd842783 r 0f         00000003  lw       x15, -0x28(x8)
#2377 0 80000070     078a r 0f         0000000c  c.slli   x15, 2
#2378 0 80000072 fdc42703 r 0e         f0040fec  lw       x14, -0x24(x8)
#2379 0 80000076     973e r 0e         f0040ff8  c.add    x14, x15
#2380 0 80000078 fec42783 r 0f         00000002  lw       x15, -0x14(x8)
#2381 0 8000007c     078a r 0f         00000008  c.slli   x15, 2
#2382 0 8000007e fdc42683 r 0d         f0040fec  lw       x13, -0x24(x8)
#2383 0 80000082     97b6 r 0f         f0040ff4  c.add    x15, x13
#2384 0 80000084     4318 r 0e         00000006  c.lw     x14, 0x0(x14)
#2385 0 80000086     c398 m f0040ff4   00000006  c.sw     x14, 0x0(x15)
#2386 0 80000088 fd842783 r 0f         00000003  lw       x15, -0x28(x8)
#2387 0 8000008c     078a r 0f         0000000c  c.slli   x15, 2
#2388 0 8000008e fdc42703 r 0e         f0040fec  lw       x14, -0x24(x8)
#2389 0 80000092     97ba r 0f         f0040ff8  c.add    x15, x14
#2390 0 80000094 fe842703 r 0e         0000000c  lw       x14, -0x18(x8)
#2391 0 80000098     c398 m f0040ff8   0000000c  c.sw     x14, 0x0(x15)
#2392 0 8000009a fec42783 r 0f         00000002  lw       x15, -0x14(x8)
#2393 0 8000009e     0785 r 0f         00000003  c.addi   x15, 0x1
#2394 0 800000a0 fef42623 m f0040f9c   00000003  sw       x15, -0x14(x8)
#2395 0 800000a4 fd842783 r 0f         00000003  lw       x15, -0x28(x8)
#2396 0 800000a8     17fd r 0f         00000002  c.addi   x15, -0x1
#2397 0 800000aa fcf42c23 m f0040f88   00000002  sw       x15, -0x28(x8)
#2398 0 800000ae fec42703 r 0e         00000003  lw       x14, -0x14(x8)
#2399 0 800000b2 fd842783 r 0f         00000002  lw       x15, -0x28(x8)
#2400 0 800000b6 faf742e3 r 00         00000000  blt      x14, x15, . - 0x5c
#2401 0 800000ba     0001 r 00         00000000  c.nop
#2402 0 800000bc     0001 r 00         00000000  c.nop
#2403 0 800000be     5432 r 08         f0040fe0  c.lwsp   x8, 0x2c
#2404 0 800000c0     6145 r 02         f0040fb0  c.addi16sp 0x3
#2405 0 800000c2     8082 r 00         00000000  c.jr     x1
#2406 0 80000174 fec42783 r 0f         00000006  lw       x15, -0x14(x8)
#2407 0 80000178     17fd r 0f         00000005  c.addi   x15, -0x1
#2408 0 8000017a fef42623 m f0040fcc   00000005  sw       x15, -0x14(x8)
#2409 0 8000017e fec42703 r 0e         00000005  lw       x14, -0x14(x8)
#2410 0 80000182     4785 r 0f         00000001  c.li     x15, 0x1
#2411 0 80000184 fae7cee3 r 00         00000000  blt      x15, x14, . - 0x44
#2412 0 80000140 fec42583 r 0b         00000005  lw       x11, -0x14(x8)
#2413 0 80000144 fdc42503 r 0a         f0040fec  lw       x10, -0x24(x8)
#2414 0 80000148     3fb5 r 01         8000014a  c.jal    . - 0x84
#2415 0 800000c4     7179 r 02         f0040f80  c.addi16sp -0x3
#2416 0 800000c6     d622 m f0040fac   f0040fe0  c.swsp   x8, 0x2c
#2417 0 800000c8     1800 r 08         f0040fb0  c.addi4spn  x8, 0xc
#2418 0 800000ca fca42e23 m f0040f8c   f0040fec  sw       x10, -0x24(x8)
#2419 0 800000ce fcb42c23 m f0040f88   00000005  sw       x11, -0x28(x8)
#2420 0 800000d2 fe042623 m f0040f9c   00000000  sw       x0, -0x14(x8)
#2421 0 800000d6 fe042423 m f0040f98   00000000  sw       x0, -0x18(x8)
#2422 0 800000da     a815 r 00         00000000  c.j      . + 0x34
#2423 0 8000010e fe842703 r 0e         00000000  lw       x14, -0x18(x8)
#2424 0 80000112 fd842783 r 0f         00000005  lw       x15, -0x28(x8)
#2425 0 80000116 fcf743e3 r 00         00000000  blt      x14, x15, . - 0x3a
#2426 0 800000dc fe842783 r 0f         00000000  lw       x15, -0x18(x8)
#2427 0 800000e0     078a r 0f         00000000  c.slli   x15, 2
#2428 0 800000e2 fdc42703 r 0e         f0040fec  lw       x14, -0x24(x8)
#2429 0 800000e6     97ba r 0f         f0040fec  c.add    x15, x14
#2430 0 800000e8     4398 r 0e         0000000a  c.lw     x14, 0x0(x15)
#2431 0 800000ea fec42783 r 0f         00000000  lw       x15, -0x14(x8)
#2432 0 800000ee     078a r 0f         00000000  c.slli   x15, 2
#2433 0 800000f0 fdc42683 r 0d         f0040fec  lw       x13, -0x24(x8)
#2434 0 800000f4     97b6 r 0f         f0040fec  c.add    x15, x13
#2435 0 800000f6     439c r 0f         0000000a  c.lw     x15, 0x0(x15)
#2436 0 800000f8 00e7d663 r 00         00000000  bge      x15, x14, . + 0xc
#2437 0 80000104 fe842783 r 0f         00000000  lw       x15, -0x18(x8)
#2438 0 80000108     0785 r 0f         00000001  c.addi   x15, 0x1
#2439 0 8000010a fef42423 m f0040f98   00000001  sw       x15, -0x18(x8)
#2440 0 8000010e fe842703 r 0e         00000001  lw       x14, -0x18(x8)
#2441 0 80000112 fd842783 r 0f         00000005  lw       x15, -0x28(x8)
#2442 0 80000116 fcf743e3 r 00         00000000  blt      x14, x15, . - 0x3a
#2443 0 800000dc fe842783 r 0f         00000001  lw       x15, -0x18(x8)
#2444 0 800000e0     078a r 0f         00000004  c.slli   x15, 2
#2445 0 800000e2 fdc42703 r 0e         f0040fec  lw       x14, -0x24(x8)
#2446 0 800000e6     97ba r 0f         f0040ff0  c.add    x15, x14
#2447 0 800000e8     4398 r 0e         00000007  c.lw     x14, 0x0(x15)
#2448 0 800000ea fec42783 r 0f         00000000  lw       x15, -0x14(x8)
#2449 0 800000ee     078a r 0f         00000000  c.slli   x15, 2
#2450 0 800000f0 fdc42683 r 0d         f0040fec  lw       x13, -0x24(x8)
#2451 0 800000f4     97b6 r 0f         f0040fec  c.add    x15, x13
#2452 0 800000f6     439c r 0f         0000000a  c.lw     x15, 0x0(x15)
#2453 0 800000f8 00e7d663 r 00         00000000  bge      x15, x14, . + 0xc
#2454 0 80000104 fe842783 r 0f         00000001  lw       x15, -0x18(x8)
#2455 0 80000108     0785 r 0f         00000002  c.addi   x15, 0x1
#2456 0 8000010a fef42423 m f0040f98   00000002  sw       x15, -0x18(x8)
#2457 0 8000010e fe842703 r 0e         00000002  lw       x14, -0x18(x8)
#2458 0 80000112 fd842783 r 0f         00000005  lw       x15, -0x28(x8)
#2459 0 80000116 fcf743e3 r 00         00000000  blt      x14, x15, . - 0x3a
#2460 0 800000dc fe842783 r 0f         00000002  lw       x15, -0x18(x8)
#2461 0 800000e0     078a r 0f         00000008  c.slli   x15, 2
#2462 0 800000e2 fdc42703 r 0e         f0040fec  lw       x14, -0x24(x8)
#2463 0 800000e6     97ba r 0f         f0040ff4  c.add    x15, x14
#2464 0 800000e8     4398 r 0e         00000006  c.lw     x14, 0x0(x15)
#2465 0 800000ea fec42783 r 0f         00000000  lw       x15, -0x14(x8)
#2466 0 800000ee     078a r 0f         00000000  c.slli   x15, 2
#2467 0 800000f0 fdc42683 r 0d         f0040fec  lw       x13, -0x24(x8)
#2468 0 800000f4     97b6 r 0f         f0040fec  c.add    x15, x13
#2469 0 800000f6     439c r 0f         0000000a  c.lw     x15, 0x0(x15)
#2470 0 800000f8 00e7d663 r 00         00000000  bge      x15, x14, . + 0xc
#2471 0 80000104 fe842783 r 0f         00000002  lw       x15, -0x18(x8)
#2472 0 80000108     0785 r 0f         00000003  c.addi   x15, 0x1
#2473 0 8000010a fef42423 m f0040f98   00000003  sw       x15, -0x18(x8)
#2474 0 8000010e fe842703 r 0e         00000003  lw       x14, -0x18(x8)
#2475 0 80000112 fd842783 r 0f         00000005  lw       x15, -0x28(x8)
#2476 0 80000116 fcf743e3 r 00         00000000  blt      x14, x15, . - 0x3a
#2477 0 800000dc fe842783 r 0f         00000003  lw       x15, -0x18(x8)
#2478 0 800000e0     078a r 0f         0000000c  c.slli   x15, 2
#2479 0 800000e2 fdc42703 r 0e         f0040fec  lw       x14, -0x24(x8)
#2480 0 800000e6     97ba r 0f         f0040ff8  c.add    x15, x14
#2481 0 800000e8     4398 r 0e         0000000c  c.lw     x14, 0x0(x15)
#2482 0 800000ea fec42783 r 0f         00000000  lw       x15, -0x14(x8)
#2483 0 800000ee     078a r 0f         00000000  c.slli   x15, 2
#2484 0 800000f0 fdc42683 r 0d         f0040fec  lw       x13, -0x24(x8)
#2485 0 800000f4     97b6 r 0f         f0040fec  c.add    x15, x13
#2486 0 800000f6     439c r 0f         0000000a  c.lw     x15, 0x0(x15)
#2487 0 800000f8 00e7d663 r 00         00000000  bge      x15, x14, . + 0xc
#2488 0 800000fc fe842783 r 0f         00000003  lw       x15, -0x18(x8)
#2489 0 80000100 fef42623 m f0040f9c   00000003  sw       x15, -0x14(x8)
#2490 0 80000104 fe842783 r 0f         00000003  lw       x15, -0x18(x8)
#2491 0 80000108     0785 r 0f         00000004  c.addi   x15, 0x1
#2492 0 8000010a fef42423 m f0040f98   00000004  sw       x15, -0x18(x8)
#2493 0 8000010e fe842703 r 0e         00000004  lw       x14, -0x18(x8)
#2494 0 80000112 fd842783 r 0f         00000005  lw       x15, -0x28(x8)
#2495 0 80000116 fcf743e3 r 00         00000000  blt      x14, x15, . - 0x3a
#2496 0 800000dc fe842783 r 0f         00000004  lw       x15, -0x18(x8)
#2497 0 800000e0     078a r 0f         00000010  c.slli   x15, 2
#2498 0 800000e2 fdc42703 r 0e         f0040fec  lw       x14, -0x24(x8)
#2499 0 800000e6     97ba r 0f         f0040ffc  c.add    x15, x14
#2500 0 800000e8     4398 r 0e         0000000b  c.lw     x14, 0x0(x15)
#2501 0 800000ea fec42783 r 0f         00000003  lw       x15, -0x14(x8)
#2502 0 800000ee     078a r 0f         0000000c  c.slli   x15, 2
#2503 0 800000f0 fdc42683 r 0d         f0040fec  lw       x13, -0x24(x8)
#2504 0 800000f4     97b6 r 0f         f0040ff8  c.add    x15, x13
#2505 0 800000f6     439c r 0f         0000000c  c.lw     x15, 0x0(x15)
#2506 0 800000f8 00e7d663 r 00         00000000  bge      x15, x14, . + 0xc
#2507 0 80000104 fe842783 r 0f         00000004  lw       x15, -0x18(x8)
#2508 0 80000108     0785 r 0f         00000005  c.addi   x15, 0x1
#2509 0 8000010a fef42423 m f0040f98   00000005  sw       x15, -0x18(x8)
#2510 0 8000010e fe842703 r 0e         00000005  lw       x14, -0x18(x8)
#2511 0 80000112 fd842783 r 0f         00000005  lw       x15, -0x28(x8)
#2512 0 80000116 fcf743e3 r 00         00000000  blt      x14, x15, . - 0x3a
#2513 0 8000011a fec42783 r 0f         00000003  lw       x15, -0x14(x8)
#2514 0 8000011e     853e r 0a         00000003  c.mv     x10, x15
#2515 0 80000120     5432 r 08         f0040fe0  c.lwsp   x8, 0x2c
#2516 0 80000122     6145 r 02         f0040fb0  c.addi16sp 0x3
#2517 0 80000124     8082 r 00         00000000  c.jr     x1
#2518 0 8000014a fea42423 m f0040fc8   00000003  sw       x10, -0x18(x8)
#2519 0 8000014e fec42783 r 0f         00000005  lw       x15, -0x14(x8)
#2520 0 80000152     17fd r 0f         00000004  c.addi   x15, -0x1
#2521 0 80000154 fe842703 r 0e         00000003  lw       x14, -0x18(x8)
#2522 0 80000158 00f70e63 r 00         00000000  beq      x14, x15, . + 0x1c
#2523 0 8000015c fe842583 r 0b         00000003  lw       x11, -0x18(x8)
#2524 0 80000160 fdc42503 r 0a         f0040fec  lw       x10, -0x24(x8)
#2525 0 80000164     35cd r 01         80000166  c.jal    . - 0x11e
#2526 0 80000046     7179 r 02         f0040f80  c.addi16sp -0x3
#2527 0 80000048     d622 m f0040fac   f0040fe0  c.swsp   x8, 0x2c
#2528 0 8000004a     1800 r 08         f0040fb0  c.addi4spn  x8, 0xc
#2529 0 8000004c fca42e23 m f0040f8c   f0040fec  sw       x10, -0x24(x8)
#2530 0 80000050 fcb42c23 m f0040f88   00000003  sw       x11, -0x28(x8)
#2531 0 80000054 fe042623 m f0040f9c   00000000  sw       x0, -0x14(x8)
#2532 0 80000058     a899 r 00         00000000  c.j      . + 0x56
#2533 0 800000ae fec42703 r 0e         00000000  lw       x14, -0x14(x8)
#2534 0 800000b2 fd842783 r 0f         00000003  lw       x15, -0x28(x8)
#2535 0 800000b6 faf742e3 r 00         00000000  blt      x14, x15, . - 0x5c
#2536 0 8000005a fec42783 r 0f         00000000  lw       x15, -0x14(x8)
#2537 0 8000005e     078a r 0f         00000000  c.slli   x15, 2
#2538 0 80000060 fdc42703 r 0e         f0040fec  lw       x14, -0x24(x8)
#2539 0 80000064     97ba r 0f         f0040fec  c.add    x15, x14
#2540 0 80000066     439c r 0f         0000000a  c.lw     x15, 0x0(x15)
#2541 0 80000068 fef42423 m f0040f98   0000000a  sw       x15, -0x18(x8)
#2542 0 8000006c fd842783 r 0f         00000003  lw       x15, -0x28(x8)
#2543 0 80000070     078a r 0f         0000000c  c.slli   x15, 2
#2544 0 80000072 fdc42703 r 0e         f0040fec  lw       x14, -0x24(x8)
#2545 0 80000076     973e r 0e         f0040ff8  c.add    x14, x15
#2546 0 80000078 fec42783 r 0f         00000000  lw       x15, -0x14(x8)
#2547 0 8000007c     078a r 0f         00000000  c.slli   x15, 2
#2548 0 8000007e fdc42683 r 0d         f0040fec  lw       x13, -0x24(x8)
#2549 0 80000082     97b6 r 0f         f0040fec  c.add    x15, x13
#2550 0 80000084     4318 r 0e         0000000c  c.lw     x14, 0x0(x14)
#2551 0 80000086     c398 m f0040fec   0000000c  c.sw     x14, 0x0(x15)
#2552 0 80000088 fd842783 r 0f         00000003  lw       x15, -0x28(x8)
#2553 0 8000008c     078a r 0f         0000000c  c.slli   x15, 2
#2554 0 8000008e fdc42703 r 0e         f0040fec  lw       x14, -0x24(x8)
#2555 0 80000092     97ba r 0f         f0040ff8  c.add    x15, x14
#2556 0 80000094 fe842703 r 0e         0000000a  lw       x14, -0x18(x8)
#2557 0 80000098     c398 m f0040ff8   0000000a  c.sw     x14, 0x0(x15)
#2558 0 8000009a fec42783 r 0f         00000000  lw       x15, -0x14(x8)
#2559 0 8000009e     0785 r 0f         00000001  c.addi   x15, 0x1
#2560 0 800000a0 fef42623 m f0040f9c   00000001  sw       x15, -0x14(x8)
#2561 0 800000a4 fd842783 r 0f         00000003  lw       x15, -0x28(x8)
#2562 0 800000a8     17fd r 0f         00000002  c.addi   x15, -0x1
#2563 0 800000aa fcf42c23 m f0040f88   00000002  sw       x15, -0x28(x8)
#2564 0 800000ae fec42703 r 0e         00000001  lw       x14, -0x14(x8)
#2565 0 800000b2 fd842783 r 0f         00000002  lw       x15, -0x28(x8)
#2566 0 800000b6 faf742e3 r 00         00000000  blt      x14, x15, . - 0x5c
#2567 0 8000005a fec42783 r 0f         00000001  lw       x15, -0x14(x8)
#2568 0 8000005e     078a r 0f         00000004  c.slli   x15, 2
#2569 0 80000060 fdc42703 r 0e         f0040fec  lw       x14, -0x24(x8)
#2570 0 80000064     97ba r 0f         f0040ff0  c.add    x15, x14
#2571 0 80000066     439c r 0f         00000007  c.lw     x15, 0x0(x15)
#2572 0 80000068 fef42423 m f0040f98   00000007  sw       x15, -0x18(x8)
#2573 0 8000006c fd842783 r 0f         00000002  lw       x15, -0x28(x8)
#2574 0 80000070     078a r 0f         00000008  c.slli   x15, 2
#2575 0 80000072 fdc42703 r 0e         f0040fec  lw       x14, -0x24(x8)
#2576 0 80000076     973e r 0e         f0040ff4  c.add    x14, x15
#2577 0 80000078 fec42783 r 0f         00000001  lw       x15, -0x14(x8)
#2578 0 8000007c     078a r 0f         00000004  c.slli   x15, 2
#2579 0 8000007e fdc42683 r 0d         f0040fec  lw       x13, -0x24(x8)
#2580 0 80000082     97b6 r 0f         f0040ff0  c.add    x15, x13
#2581 0 80000084     4318 r 0e         00000006  c.lw     x14, 0x0(x14)
#2582 0 80000086     c398 m f0040ff0   00000006  c.sw     x14, 0x0(x15)
#2583 0 80000088 fd842783 r 0f         00000002  lw       x15, -0x28(x8)
#2584 0 8000008c     078a r 0f         00000008  c.slli   x15, 2
#2585 0 8000008e fdc42703 r 0e         f0040fec  lw       x14, -0x24(x8)
#2586 0 80000092     97ba r 0f         f0040ff4  c.add    x15, x14
#2587 0 80000094 fe842703 r 0e         00000007  lw       x14, -0x18(x8)
#2588 0 80000098     c398 m f0040ff4   00000007  c.sw     x14, 0x0(x15)
#2589 0 8000009a fec42783 r 0f         00000001  lw       x15, -0x14(x8)
#2590 0 8000009e     0785 r 0f         00000002  c.addi   x15, 0x1
#2591 0 800000a0 fef42623 m f0040f9c   00000002  sw       x15, -0x14(x8)
#2592 0 800000a4 fd842783 r 0f         00000002  lw       x15, -0x28(x8)
#2593 0 800000a8     17fd r 0f         00000001  c.addi   x15, -0x1
#2594 0 800000aa fcf42c23 m f0040f88   00000001  sw       x15, -0x28(x8)
#2595 0 800000ae fec42703 r 0e         00000002  lw       x14, -0x14(x8)
#2596 0 800000b2 fd842783 r 0f         00000001  lw       x15, -0x28(x8)
#2597 0 800000b6 faf742e3 r 00         00000000  blt      x14, x15, . - 0x5c
#2598 0 800000ba     0001 r 00         00000000  c.nop
#2599 0 800000bc     0001 r 00         00000000  c.nop
#2600 0 800000be     5432 r 08         f0040fe0  c.lwsp   x8, 0x2c
#2601 0 800000c0     6145 r 02         f0040fb0  c.addi16sp 0x3
#2602 0 800000c2     8082 r 00         00000000  c.jr     x1
#2603 0 80000166 fec42783 r 0f         00000005  lw       x15, -0x14(x8)
#2604 0 8000016a     17fd r 0f         00000004  c.addi   x15, -0x1
#2605 0 8000016c     85be r 0b         00000004  c.mv     x11, x15
#2606 0 8000016e fdc42503 r 0a         f0040fec  lw       x10, -0x24(x8)
#2607 0 80000172     3dd1 r 01         80000174  c.jal    . - 0x12c
#2608 0 80000046     7179 r 02         f0040f80  c.addi16sp -0x3
#2609 0 80000048     d622 m f0040fac   f0040fe0  c.swsp   x8, 0x2c
#2610 0 8000004a     1800 r 08         f0040fb0  c.addi4spn  x8, 0xc
#2611 0 8000004c fca42e23 m f0040f8c   f0040fec  sw       x10, -0x24(x8)
#2612 0 80000050 fcb42c23 m f0040f88   00000004  sw       x11, -0x28(x8)
#2613 0 80000054 fe042623 m f0040f9c   00000000  sw       x0, -0x14(x8)
#2614 0 80000058     a899 r 00         00000000  c.j      . + 0x56
#2615 0 800000ae fec42703 r 0e         00000000  lw       x14, -0x14(x8)
#2616 0 800000b2 fd842783 r 0f         00000004  lw       x15, -0x28(x8)
#2617 0 800000b6 faf742e3 r 00         00000000  blt      x14, x15, . - 0x5c
#2618 0 8000005a fec42783 r 0f         00000000  lw       x15, -0x14(x8)
#2619 0 8000005e     078a r 0f         00000000  c.slli   x15, 2
#2620 0 80000060 fdc42703 r 0e         f0040fec  lw       x14, -0x24(x8)
#2621 0 80000064     97ba r 0f         f0040fec  c.add    x15, x14
#2622 0 80000066     439c r 0f         0000000c  c.lw     x15, 0x0(x15)
#2623 0 80000068 fef42423 m f0040f98   0000000c  sw       x15, -0x18(x8)
#2624 0 8000006c fd842783 r 0f         00000004  lw       x15, -0x28(x8)
#2625 0 80000070     078a r 0f         00000010  c.slli   x15, 2
#2626 0 80000072 fdc42703 r 0e         f0040fec  lw       x14, -0x24(x8)
#2627 0 80000076     973e r 0e         f0040ffc  c.add    x14, x15
#2628 0 80000078 fec42783 r 0f         00000000  lw       x15, -0x14(x8)
#2629 0 8000007c     078a r 0f         00000000  c.slli   x15, 2
#2630 0 8000007e fdc42683 r 0d         f0040fec  lw       x13, -0x24(x8)
#2631 0 80000082     97b6 r 0f         f0040fec  c.add    x15, x13
#2632 0 80000084     4318 r 0e         0000000b  c.lw     x14, 0x0(x14)
#2633 0 80000086     c398 m f0040fec   0000000b  c.sw     x14, 0x0(x15)
#2634 0 80000088 fd842783 r 0f         00000004  lw       x15, -0x28(x8)
#2635 0 8000008c     078a r 0f         00000010  c.slli   x15, 2
#2636 0 8000008e fdc42703 r 0e         f0040fec  lw       x14, -0x24(x8)
#2637 0 80000092     97ba r 0f         f0040ffc  c.add    x15, x14
#2638 0 80000094 fe842703 r 0e         0000000c  lw       x14, -0x18(x8)
#2639 0 80000098     c398 m f0040ffc   0000000c  c.sw     x14, 0x0(x15)
#2640 0 8000009a fec42783 r 0f         00000000  lw       x15, -0x14(x8)
#2641 0 8000009e     0785 r 0f         00000001  c.addi   x15, 0x1
#2642 0 800000a0 fef42623 m f0040f9c   00000001  sw       x15, -0x14(x8)
#2643 0 800000a4 fd842783 r 0f         00000004  lw       x15, -0x28(x8)
#2644 0 800000a8     17fd r 0f         00000003  c.addi   x15, -0x1
#2645 0 800000aa fcf42c23 m f0040f88   00000003  sw       x15, -0x28(x8)
#2646 0 800000ae fec42703 r 0e         00000001  lw       x14, -0x14(x8)
#2647 0 800000b2 fd842783 r 0f         00000003  lw       x15, -0x28(x8)
#2648 0 800000b6 faf742e3 r 00         00000000  blt      x14, x15, . - 0x5c
#2649 0 8000005a fec42783 r 0f         00000001  lw       x15, -0x14(x8)
#2650 0 8000005e     078a r 0f         00000004  c.slli   x15, 2
#2651 0 80000060 fdc42703 r 0e         f0040fec  lw       x14, -0x24(x8)
#2652 0 80000064     97ba r 0f         f0040ff0  c.add    x15, x14
#2653 0 80000066     439c r 0f         00000006  c.lw     x15, 0x0(x15)
#2654 0 80000068 fef42423 m f0040f98   00000006  sw       x15, -0x18(x8)
#2655 0 8000006c fd842783 r 0f         00000003  lw       x15, -0x28(x8)
#2656 0 80000070     078a r 0f         0000000c  c.slli   x15, 2
#2657 0 80000072 fdc42703 r 0e         f0040fec  lw       x14, -0x24(x8)
#2658 0 80000076     973e r 0e         f0040ff8  c.add    x14, x15
#2659 0 80000078 fec42783 r 0f         00000001  lw       x15, -0x14(x8)
#2660 0 8000007c     078a r 0f         00000004  c.slli   x15, 2
#2661 0 8000007e fdc42683 r 0d         f0040fec  lw       x13, -0x24(x8)
#2662 0 80000082     97b6 r 0f         f0040ff0  c.add    x15, x13
#2663 0 80000084     4318 r 0e         0000000a  c.lw     x14, 0x0(x14)
#2664 0 80000086     c398 m f0040ff0   0000000a  c.sw     x14, 0x0(x15)
#2665 0 80000088 fd842783 r 0f         00000003  lw       x15, -0x28(x8)
#2666 0 8000008c     078a r 0f         0000000c  c.slli   x15, 2
#2667 0 8000008e fdc42703 r 0e         f0040fec  lw       x14, -0x24(x8)
#2668 0 80000092     97ba r 0f         f0040ff8  c.add    x15, x14
#2669 0 80000094 fe842703 r 0e         00000006  lw       x14, -0x18(x8)
#2670 0 80000098     c398 m f0040ff8   00000006  c.sw     x14, 0x0(x15)
#2671 0 8000009a fec42783 r 0f         00000001  lw       x15, -0x14(x8)
#2672 0 8000009e     0785 r 0f         00000002  c.addi   x15, 0x1
#2673 0 800000a0 fef42623 m f0040f9c   00000002  sw       x15, -0x14(x8)
#2674 0 800000a4 fd842783 r 0f         00000003  lw       x15, -0x28(x8)
#2675 0 800000a8     17fd r 0f         00000002  c.addi   x15, -0x1
#2676 0 800000aa fcf42c23 m f0040f88   00000002  sw       x15, -0x28(x8)
#2677 0 800000ae fec42703 r 0e         00000002  lw       x14, -0x14(x8)
#2678 0 800000b2 fd842783 r 0f         00000002  lw       x15, -0x28(x8)
#2679 0 800000b6 faf742e3 r 00         00000000  blt      x14, x15, . - 0x5c
#2680 0 800000ba     0001 r 00         00000000  c.nop
#2681 0 800000bc     0001 r 00         00000000  c.nop
#2682 0 800000be     5432 r 08         f0040fe0  c.lwsp   x8, 0x2c
#2683 0 800000c0     6145 r 02         f0040fb0  c.addi16sp 0x3
#2684 0 800000c2     8082 r 00         00000000  c.jr     x1
#2685 0 80000174 fec42783 r 0f         00000005  lw       x15, -0x14(x8)
#2686 0 80000178     17fd r 0f         00000004  c.addi   x15, -0x1
#2687 0 8000017a fef42623 m f0040fcc   00000004  sw       x15, -0x14(x8)
#2688 0 8000017e fec42703 r 0e         00000004  lw       x14, -0x14(x8)
#2689 0 80000182     4785 r 0f         00000001  c.li     x15, 0x1
#2690 0 80000184 fae7cee3 r 00         00000000  blt      x15, x14, . - 0x44
#2691 0 80000140 fec42583 r 0b         00000004  lw       x11, -0x14(x8)
#2692 0 80000144 fdc42503 r 0a         f0040fec  lw       x10, -0x24(x8)
#2693 0 80000148     3fb5 r 01         8000014a  c.jal    . - 0x84
#2694 0 800000c4     7179 r 02         f0040f80  c.addi16sp -0x3
#2695 0 800000c6     d622 m f0040fac   f0040fe0  c.swsp   x8, 0x2c
#2696 0 800000c8     1800 r 08         f0040fb0  c.addi4spn  x8, 0xc
#2697 0 800000ca fca42e23 m f0040f8c   f0040fec  sw       x10, -0x24(x8)
#2698 0 800000ce fcb42c23 m f0040f88   00000004  sw       x11, -0x28(x8)
#2699 0 800000d2 fe042623 m f0040f9c   00000000  sw       x0, -0x14(x8)
#2700 0 800000d6 fe042423 m f0040f98   00000000  sw       x0, -0x18(x8)
#2701 0 800000da     a815 r 00         00000000  c.j      . + 0x34
#2702 0 8000010e fe842703 r 0e         00000000  lw       x14, -0x18(x8)
#2703 0 80000112 fd842783 r 0f         00000004  lw       x15, -0x28(x8)
#2704 0 80000116 fcf743e3 r 00         00000000  blt      x14, x15, . - 0x3a
#2705 0 800000dc fe842783 r 0f         00000000  lw       x15, -0x18(x8)
#2706 0 800000e0     078a r 0f         00000000  c.slli   x15, 2
#2707 0 800000e2 fdc42703 r 0e         f0040fec  lw       x14, -0x24(x8)
#2708 0 800000e6     97ba r 0f         f0040fec  c.add    x15, x14
#2709 0 800000e8     4398 r 0e         0000000b  c.lw     x14, 0x0(x15)
#2710 0 800000ea fec42783 r 0f         00000000  lw       x15, -0x14(x8)
#2711 0 800000ee     078a r 0f         00000000  c.slli   x15, 2
#2712 0 800000f0 fdc42683 r 0d         f0040fec  lw       x13, -0x24(x8)
#2713 0 800000f4     97b6 r 0f         f0040fec  c.add    x15, x13
#2714 0 800000f6     439c r 0f         0000000b  c.lw     x15, 0x0(x15)
#2715 0 800000f8 00e7d663 r 00         00000000  bge      x15, x14, . + 0xc
#2716 0 80000104 fe842783 r 0f         00000000  lw       x15, -0x18(x8)
#2717 0 80000108     0785 r 0f         00000001  c.addi   x15, 0x1
#2718 0 8000010a fef42423 m f0040f98   00000001  sw       x15, -0x18(x8)
#2719 0 8000010e fe842703 r 0e         00000001  lw       x14, -0x18(x8)
#2720 0 80000112 fd842783 r 0f         00000004  lw       x15, -0x28(x8)
#2721 0 80000116 fcf743e3 r 00         00000000  blt      x14, x15, . - 0x3a
#2722 0 800000dc fe842783 r 0f         00000001  lw       x15, -0x18(x8)
#2723 0 800000e0     078a r 0f         00000004  c.slli   x15, 2
#2724 0 800000e2 fdc42703 r 0e         f0040fec  lw       x14, -0x24(x8)
#2725 0 800000e6     97ba r 0f         f0040ff0  c.add    x15, x14
#2726 0 800000e8     4398 r 0e         0000000a  c.lw     x14, 0x0(x15)
#2727 0 800000ea fec42783 r 0f         00000000  lw       x15, -0x14(x8)
#2728 0 800000ee     078a r 0f         00000000  c.slli   x15, 2
#2729 0 800000f0 fdc42683 r 0d         f0040fec  lw       x13, -0x24(x8)
#2730 0 800000f4     97b6 r 0f         f0040fec  c.add    x15, x13
#2731 0 800000f6     439c r 0f         0000000b  c.lw     x15, 0x0(x15)
#2732 0 800000f8 00e7d663 r 00         00000000  bge      x15, x14, . + 0xc
#2733 0 80000104 fe842783 r 0f         00000001  lw       x15, -0x18(x8)
#2734 0 80000108     0785 r 0f         00000002  c.addi   x15, 0x1
#2735 0 8000010a fef42423 m f0040f98   00000002  sw       x15, -0x18(x8)
#2736 0 8000010e fe842703 r 0e         00000002  lw       x14, -0x18(x8)
#2737 0 80000112 fd842783 r 0f         00000004  lw       x15, -0x28(x8)
#2738 0 80000116 fcf743e3 r 00         00000000  blt      x14, x15, . - 0x3a
#2739 0 800000dc fe842783 r 0f         00000002  lw       x15, -0x18(x8)
#2740 0 800000e0     078a r 0f         00000008  c.slli   x15, 2
#2741 0 800000e2 fdc42703 r 0e         f0040fec  lw       x14, -0x24(x8)
#2742 0 800000e6     97ba r 0f         f0040ff4  c.add    x15, x14
#2743 0 800000e8     4398 r 0e         00000007  c.lw     x14, 0x0(x15)
#2744 0 800000ea fec42783 r 0f         00000000  lw       x15, -0x14(x8)
#2745 0 800000ee     078a r 0f         00000000  c.slli   x15, 2
#2746 0 800000f0 fdc42683 r 0d         f0040fec  lw       x13, -0x24(x8)
#2747 0 800000f4     97b6 r 0f         f0040fec  c.add    x15, x13
#2748 0 800000f6     439c r 0f         0000000b  c.lw     x15, 0x0(x15)
#2749 0 800000f8 00e7d663 r 00         00000000  bge      x15, x14, . + 0xc
#2750 0 80000104 fe842783 r 0f         00000002  lw       x15, -0x18(x8)
#2751 0 80000108     0785 r 0f         00000003  c.addi   x15, 0x1
#2752 0 8000010a fef42423 m f0040f98   00000003  sw       x15, -0x18(x8)
#2753 0 8000010e fe842703 r 0e         00000003  lw       x14, -0x18(x8)
#2754 0 80000112 fd842783 r 0f         00000004  lw       x15, -0x28(x8)
#2755 0 80000116 fcf743e3 r 00         00000000  blt      x14, x15, . - 0x3a
#2756 0 800000dc fe842783 r 0f         00000003  lw       x15, -0x18(x8)
#2757 0 800000e0     078a r 0f         0000000c  c.slli   x15, 2
#2758 0 800000e2 fdc42703 r 0e         f0040fec  lw       x14, -0x24(x8)
#2759 0 800000e6     97ba r 0f         f0040ff8  c.add    x15, x14
#2760 0 800000e8     4398 r 0e         00000006  c.lw     x14, 0x0(x15)
#2761 0 800000ea fec42783 r 0f         00000000  lw       x15, -0x14(x8)
#2762 0 800000ee     078a r 0f         00000000  c.slli   x15, 2
#2763 0 800000f0 fdc42683 r 0d         f0040fec  lw       x13, -0x24(x8)
#2764 0 800000f4     97b6 r 0f         f0040fec  c.add    x15, x13
#2765 0 800000f6     439c r 0f         0000000b  c.lw     x15, 0x0(x15)
#2766 0 800000f8 00e7d663 r 00         00000000  bge      x15, x14, . + 0xc
#2767 0 80000104 fe842783 r 0f         00000003  lw       x15, -0x18(x8)
#2768 0 80000108     0785 r 0f         00000004  c.addi   x15, 0x1
#2769 0 8000010a fef42423 m f0040f98   00000004  sw       x15, -0x18(x8)
#2770 0 8000010e fe842703 r 0e         00000004  lw       x14, -0x18(x8)
#2771 0 80000112 fd842783 r 0f         00000004  lw       x15, -0x28(x8)
#2772 0 80000116 fcf743e3 r 00         00000000  blt      x14, x15, . - 0x3a
#2773 0 8000011a fec42783 r 0f         00000000  lw       x15, -0x14(x8)
#2774 0 8000011e     853e r 0a         00000000  c.mv     x10, x15
#2775 0 80000120     5432 r 08         f0040fe0  c.lwsp   x8, 0x2c
#2776 0 80000122     6145 r 02         f0040fb0  c.addi16sp 0x3
#2777 0 80000124     8082 r 00         00000000  c.jr     x1
#2778 0 8000014a fea42423 m f0040fc8   00000000  sw       x10, -0x18(x8)
#2779 0 8000014e fec42783 r 0f         00000004  lw       x15, -0x14(x8)
#2780 0 80000152     17fd r 0f         00000003  c.addi   x15, -0x1
#2781 0 80000154 fe842703 r 0e         00000000  lw       x14, -0x18(x8)
#2782 0 80000158 00f70e63 r 00         00000000  beq      x14, x15, . + 0x1c
#2783 0 8000015c fe842583 r 0b         00000000  lw       x11, -0x18(x8)
#2784 0 80000160 fdc42503 r 0a         f0040fec  lw       x10, -0x24(x8)
#2785 0 80000164     35cd r 01         80000166  c.jal    . - 0x11e
#2786 0 80000046     7179 r 02         f0040f80  c.addi16sp -0x3
#2787 0 80000048     d622 m f0040fac   f0040fe0  c.swsp   x8, 0x2c
#2788 0 8000004a     1800 r 08         f0040fb0  c.addi4spn  x8, 0xc
#2789 0 8000004c fca42e23 m f0040f8c   f0040fec  sw       x10, -0x24(x8)
#2790 0 80000050 fcb42c23 m f0040f88   00000000  sw       x11, -0x28(x8)
#2791 0 80000054 fe042623 m f0040f9c   00000000  sw       x0, -0x14(x8)
#2792 0 80000058     a899 r 00         00000000  c.j      . + 0x56
#2793 0 800000ae fec42703 r 0e         00000000  lw       x14, -0x14(x8)
#2794 0 800000b2 fd842783 r 0f         00000000  lw       x15, -0x28(x8)
#2795 0 800000b6 faf742e3 r 00         00000000  blt      x14, x15, . - 0x5c
#2796 0 800000ba     0001 r 00         00000000  c.nop
#2797 0 800000bc     0001 r 00         00000000  c.nop
#2798 0 800000be     5432 r 08         f0040fe0  c.lwsp   x8, 0x2c
#2799 0 800000c0     6145 r 02         f0040fb0  c.addi16sp 0x3
#2800 0 800000c2     8082 r 00         00000000  c.jr     x1
#2801 0 80000166 fec42783 r 0f         00000004  lw       x15, -0x14(x8)
#2802 0 8000016a     17fd r 0f         00000003  c.addi   x15, -0x1
#2803 0 8000016c     85be r 0b         00000003  c.mv     x11, x15
#2804 0 8000016e fdc42503 r 0a         f0040fec  lw       x10, -0x24(x8)
#2805 0 80000172     3dd1 r 01         80000174  c.jal    . - 0x12c
#2806 0 80000046     7179 r 02         f0040f80  c.addi16sp -0x3
#2807 0 80000048     d622 m f0040fac   f0040fe0  c.swsp   x8, 0x2c
#2808 0 8000004a     1800 r 08         f0040fb0  c.addi4spn  x8, 0xc
#2809 0 8000004c fca42e23 m f0040f8c   f0040fec  sw       x10, -0x24(x8)
#2810 0 80000050 fcb42c23 m f0040f88   00000003  sw       x11, -0x28(x8)
#2811 0 80000054 fe042623 m f0040f9c   00000000  sw       x0, -0x14(x8)
#2812 0 80000058     a899 r 00         00000000  c.j      . + 0x56
#2813 0 800000ae fec42703 r 0e         00000000  lw       x14, -0x14(x8)
#2814 0 800000b2 fd842783 r 0f         00000003  lw       x15, -0x28(x8)
#2815 0 800000b6 faf742e3 r 00         00000000  blt      x14, x15, . - 0x5c
#2816 0 8000005a fec42783 r 0f         00000000  lw       x15, -0x14(x8)
#2817 0 8000005e     078a r 0f         00000000  c.slli   x15, 2
#2818 0 80000060 fdc42703 r 0e         f0040fec  lw       x14, -0x24(x8)
#2819 0 80000064     97ba r 0f         f0040fec  c.add    x15, x14
#2820 0 80000066     439c r 0f         0000000b  c.lw     x15, 0x0(x15)
#2821 0 80000068 fef42423 m f0040f98   0000000b  sw       x15, -0x18(x8)
#2822 0 8000006c fd842783 r 0f         00000003  lw       x15, -0x28(x8)
#2823 0 80000070     078a r 0f         0000000c  c.slli   x15, 2
#2824 0 80000072 fdc42703 r 0e         f0040fec  lw       x14, -0x24(x8)
#2825 0 80000076     973e r 0e         f0040ff8  c.add    x14, x15
#2826 0 80000078 fec42783 r 0f         00000000  lw       x15, -0x14(x8)
#2827 0 8000007c     078a r 0f         00000000  c.slli   x15, 2
#2828 0 8000007e fdc42683 r 0d         f0040fec  lw       x13, -0x24(x8)
#2829 0 80000082     97b6 r 0f         f0040fec  c.add    x15, x13
#2830 0 80000084     4318 r 0e         00000006  c.lw     x14, 0x0(x14)
#2831 0 80000086     c398 m f0040fec   00000006  c.sw     x14, 0x0(x15)
#2832 0 80000088 fd842783 r 0f         00000003  lw       x15, -0x28(x8)
#2833 0 8000008c     078a r 0f         0000000c  c.slli   x15, 2
#2834 0 8000008e fdc42703 r 0e         f0040fec  lw       x14, -0x24(x8)
#2835 0 80000092     97ba r 0f         f0040ff8  c.add    x15, x14
#2836 0 80000094 fe842703 r 0e         0000000b  lw       x14, -0x18(x8)
#2837 0 80000098     c398 m f0040ff8   0000000b  c.sw     x14, 0x0(x15)
#2838 0 8000009a fec42783 r 0f         00000000  lw       x15, -0x14(x8)
#2839 0 8000009e     0785 r 0f         00000001  c.addi   x15, 0x1
#2840 0 800000a0 fef42623 m f0040f9c   00000001  sw       x15, -0x14(x8)
#2841 0 800000a4 fd842783 r 0f         00000003  lw       x15, -0x28(x8)
#2842 0 800000a8     17fd r 0f         00000002  c.addi   x15, -0x1
#2843 0 800000aa fcf42c23 m f0040f88   00000002  sw       x15, -0x28(x8)
#2844 0 800000ae fec42703 r 0e         00000001  lw       x14, -0x14(x8)
#2845 0 800000b2 fd842783 r 0f         00000002  lw       x15, -0x28(x8)
#2846 0 800000b6 faf742e3 r 00         00000000  blt      x14, x15, . - 0x5c
#2847 0 8000005a fec42783 r 0f         00000001  lw       x15, -0x14(x8)
#2848 0 8000005e     078a r 0f         00000004  c.slli   x15, 2
#2849 0 80000060 fdc42703 r 0e         f0040fec  lw       x14, -0x24(x8)
#2850 0 80000064     97ba r 0f         f0040ff0  c.add    x15, x14
#2851 0 80000066     439c r 0f         0000000a  c.lw     x15, 0x0(x15)
#2852 0 80000068 fef42423 m f0040f98   0000000a  sw       x15, -0x18(x8)
#2853 0 8000006c fd842783 r 0f         00000002  lw       x15, -0x28(x8)
#2854 0 80000070     078a r 0f         00000008  c.slli   x15, 2
#2855 0 80000072 fdc42703 r 0e         f0040fec  lw       x14, -0x24(x8)
#2856 0 80000076     973e r 0e         f0040ff4  c.add    x14, x15
#2857 0 80000078 fec42783 r 0f         00000001  lw       x15, -0x14(x8)
#2858 0 8000007c     078a r 0f         00000004  c.slli   x15, 2
#2859 0 8000007e fdc42683 r 0d         f0040fec  lw       x13, -0x24(x8)
#2860 0 80000082     97b6 r 0f         f0040ff0  c.add    x15, x13
#2861 0 80000084     4318 r 0e         00000007  c.lw     x14, 0x0(x14)
#2862 0 80000086     c398 m f0040ff0   00000007  c.sw     x14, 0x0(x15)
#2863 0 80000088 fd842783 r 0f         00000002  lw       x15, -0x28(x8)
#2864 0 8000008c     078a r 0f         00000008  c.slli   x15, 2
#2865 0 8000008e fdc42703 r 0e         f0040fec  lw       x14, -0x24(x8)
#2866 0 80000092     97ba r 0f         f0040ff4  c.add    x15, x14
#2867 0 80000094 fe842703 r 0e         0000000a  lw       x14, -0x18(x8)
#2868 0 80000098     c398 m f0040ff4   0000000a  c.sw     x14, 0x0(x15)
#2869 0 8000009a fec42783 r 0f         00000001  lw       x15, -0x14(x8)
#2870 0 8000009e     0785 r 0f         00000002  c.addi   x15, 0x1
#2871 0 800000a0 fef42623 m f0040f9c   00000002  sw       x15, -0x14(x8)
#2872 0 800000a4 fd842783 r 0f         00000002  lw       x15, -0x28(x8)
#2873 0 800000a8     17fd r 0f         00000001  c.addi   x15, -0x1
#2874 0 800000aa fcf42c23 m f0040f88   00000001  sw       x15, -0x28(x8)
#2875 0 800000ae fec42703 r 0e         00000002  lw       x14, -0x14(x8)
#2876 0 800000b2 fd842783 r 0f         00000001  lw       x15, -0x28(x8)
#2877 0 800000b6 faf742e3 r 00         00000000  blt      x14, x15, . - 0x5c
#2878 0 800000ba     0001 r 00         00000000  c.nop
#2879 0 800000bc     0001 r 00         00000000  c.nop
#2880 0 800000be     5432 r 08         f0040fe0  c.lwsp   x8, 0x2c
#2881 0 800000c0     6145 r 02         f0040fb0  c.addi16sp 0x3
#2882 0 800000c2     8082 r 00         00000000  c.jr     x1
#2883 0 80000174 fec42783 r 0f         00000004  lw       x15, -0x14(x8)
#2884 0 80000178     17fd r 0f         00000003  c.addi   x15, -0x1
#2885 0 8000017a fef42623 m f0040fcc   00000003  sw       x15, -0x14(x8)
#2886 0 8000017e fec42703 r 0e         00000003  lw       x14, -0x14(x8)
#2887 0 80000182     4785 r 0f         00000001  c.li     x15, 0x1
#2888 0 80000184 fae7cee3 r 00         00000000  blt      x15, x14, . - 0x44
#2889 0 80000140 fec42583 r 0b         00000003  lw       x11, -0x14(x8)
#2890 0 80000144 fdc42503 r 0a         f0040fec  lw       x10, -0x24(x8)
#2891 0 80000148     3fb5 r 01         8000014a  c.jal    . - 0x84
#2892 0 800000c4     7179 r 02         f0040f80  c.addi16sp -0x3
#2893 0 800000c6     d622 m f0040fac   f0040fe0  c.swsp   x8, 0x2c
#2894 0 800000c8     1800 r 08         f0040fb0  c.addi4spn  x8, 0xc
#2895 0 800000ca fca42e23 m f0040f8c   f0040fec  sw       x10, -0x24(x8)
#2896 0 800000ce fcb42c23 m f0040f88   00000003  sw       x11, -0x28(x8)
#2897 0 800000d2 fe042623 m f0040f9c   00000000  sw       x0, -0x14(x8)
#2898 0 800000d6 fe042423 m f0040f98   00000000  sw       x0, -0x18(x8)
#2899 0 800000da     a815 r 00         00000000  c.j      . + 0x34
#2900 0 8000010e fe842703 r 0e         00000000  lw       x14, -0x18(x8)
#2901 0 80000112 fd842783 r 0f         00000003  lw       x15, -0x28(x8)
#2902 0 80000116 fcf743e3 r 00         00000000  blt      x14, x15, . - 0x3a
#2903 0 800000dc fe842783 r 0f         00000000  lw       x15, -0x18(x8)
#2904 0 800000e0     078a r 0f         00000000  c.slli   x15, 2
#2905 0 800000e2 fdc42703 r 0e         f0040fec  lw       x14, -0x24(x8)
#2906 0 800000e6     97ba r 0f         f0040fec  c.add    x15, x14
#2907 0 800000e8     4398 r 0e         00000006  c.lw     x14, 0x0(x15)
#2908 0 800000ea fec42783 r 0f         00000000  lw       x15, -0x14(x8)
#2909 0 800000ee     078a r 0f         00000000  c.slli   x15, 2
#2910 0 800000f0 fdc42683 r 0d         f0040fec  lw       x13, -0x24(x8)
#2911 0 800000f4     97b6 r 0f         f0040fec  c.add    x15, x13
#2912 0 800000f6     439c r 0f         00000006  c.lw     x15, 0x0(x15)
#2913 0 800000f8 00e7d663 r 00         00000000  bge      x15, x14, . + 0xc
#2914 0 80000104 fe842783 r 0f         00000000  lw       x15, -0x18(x8)
#2915 0 80000108     0785 r 0f         00000001  c.addi   x15, 0x1
#2916 0 8000010a fef42423 m f0040f98   00000001  sw       x15, -0x18(x8)
#2917 0 8000010e fe842703 r 0e         00000001  lw       x14, -0x18(x8)
#2918 0 80000112 fd842783 r 0f         00000003  lw       x15, -0x28(x8)
#2919 0 80000116 fcf743e3 r 00         00000000  blt      x14, x15, . - 0x3a
#2920 0 800000dc fe842783 r 0f         00000001  lw       x15, -0x18(x8)
#2921 0 800000e0     078a r 0f         00000004  c.slli   x15, 2
#2922 0 800000e2 fdc42703 r 0e         f0040fec  lw       x14, -0x24(x8)
#2923 0 800000e6     97ba r 0f         f0040ff0  c.add    x15, x14
#2924 0 800000e8     4398 r 0e         00000007  c.lw     x14, 0x0(x15)
#2925 0 800000ea fec42783 r 0f         00000000  lw       x15, -0x14(x8)
#2926 0 800000ee     078a r 0f         00000000  c.slli   x15, 2
#2927 0 800000f0 fdc42683 r 0d         f0040fec  lw       x13, -0x24(x8)
#2928 0 800000f4     97b6 r 0f         f0040fec  c.add    x15, x13
#2929 0 800000f6     439c r 0f         00000006  c.lw     x15, 0x0(x15)
#2930 0 800000f8 00e7d663 r 00         00000000  bge      x15, x14, . + 0xc
#2931 0 800000fc fe842783 r 0f         00000001  lw       x15, -0x18(x8)
#2932 0 80000100 fef42623 m f0040f9c   00000001  sw       x15, -0x14(x8)
#2933 0 80000104 fe842783 r 0f         00000001  lw       x15, -0x18(x8)
#2934 0 80000108     0785 r 0f         00000002  c.addi   x15, 0x1
#2935 0 8000010a fef42423 m f0040f98   00000002  sw       x15, -0x18(x8)
#2936 0 8000010e fe842703 r 0e         00000002  lw       x14, -0x18(x8)
#2937 0 80000112 fd842783 r 0f         00000003  lw       x15, -0x28(x8)
#2938 0 80000116 fcf743e3 r 00         00000000  blt      x14, x15, . - 0x3a
#2939 0 800000dc fe842783 r 0f         00000002  lw       x15, -0x18(x8)
#2940 0 800000e0     078a r 0f         00000008  c.slli   x15, 2
#2941 0 800000e2 fdc42703 r 0e         f0040fec  lw       x14, -0x24(x8)
#2942 0 800000e6     97ba r 0f         f0040ff4  c.add    x15, x14
#2943 0 800000e8     4398 r 0e         0000000a  c.lw     x14, 0x0(x15)
#2944 0 800000ea fec42783 r 0f         00000001  lw       x15, -0x14(x8)
#2945 0 800000ee     078a r 0f         00000004  c.slli   x15, 2
#2946 0 800000f0 fdc42683 r 0d         f0040fec  lw       x13, -0x24(x8)
#2947 0 800000f4     97b6 r 0f         f0040ff0  c.add    x15, x13
#2948 0 800000f6     439c r 0f         00000007  c.lw     x15, 0x0(x15)
#2949 0 800000f8 00e7d663 r 00         00000000  bge      x15, x14, . + 0xc
#2950 0 800000fc fe842783 r 0f         00000002  lw       x15, -0x18(x8)
#2951 0 80000100 fef42623 m f0040f9c   00000002  sw       x15, -0x14(x8)
#2952 0 80000104 fe842783 r 0f         00000002  lw       x15, -0x18(x8)
#2953 0 80000108     0785 r 0f         00000003  c.addi   x15, 0x1
#2954 0 8000010a fef42423 m f0040f98   00000003  sw       x15, -0x18(x8)
#2955 0 8000010e fe842703 r 0e         00000003  lw       x14, -0x18(x8)
#2956 0 80000112 fd842783 r 0f         00000003  lw       x15, -0x28(x8)
#2957 0 80000116 fcf743e3 r 00         00000000  blt      x14, x15, . - 0x3a
#2958 0 8000011a fec42783 r 0f         00000002  lw       x15, -0x14(x8)
#2959 0 8000011e     853e r 0a         00000002  c.mv     x10, x15
#2960 0 80000120     5432 r 08         f0040fe0  c.lwsp   x8, 0x2c
#2961 0 80000122     6145 r 02         f0040fb0  c.addi16sp 0x3
#2962 0 80000124     8082 r 00         00000000  c.jr     x1
#2963 0 8000014a fea42423 m f0040fc8   00000002  sw       x10, -0x18(x8)
#2964 0 8000014e fec42783 r 0f         00000003  lw       x15, -0x14(x8)
#2965 0 80000152     17fd r 0f         00000002  c.addi   x15, -0x1
#2966 0 80000154 fe842703 r 0e         00000002  lw       x14, -0x18(x8)
#2967 0 80000158 00f70e63 r 00         00000000  beq      x14, x15, . + 0x1c
#2968 0 80000174 fec42783 r 0f         00000003  lw       x15, -0x14(x8)
#2969 0 80000178     17fd r 0f         00000002  c.addi   x15, -0x1
#2970 0 8000017a fef42623 m f0040fcc   00000002  sw       x15, -0x14(x8)
#2971 0 8000017e fec42703 r 0e         00000002  lw       x14, -0x14(x8)
#2972 0 80000182     4785 r 0f         00000001  c.li     x15, 0x1
#2973 0 80000184 fae7cee3 r 00         00000000  blt      x15, x14, . - 0x44
#2974 0 80000140 fec42583 r 0b         00000002  lw       x11, -0x14(x8)
#2975 0 80000144 fdc42503 r 0a         f0040fec  lw       x10, -0x24(x8)
#2976 0 80000148     3fb5 r 01         8000014a  c.jal    . - 0x84
#2977 0 800000c4     7179 r 02         f0040f80  c.addi16sp -0x3
#2978 0 800000c6     d622 m f0040fac   f0040fe0  c.swsp   x8, 0x2c
#2979 0 800000c8     1800 r 08         f0040fb0  c.addi4spn  x8, 0xc
#2980 0 800000ca fca42e23 m f0040f8c   f0040fec  sw       x10, -0x24(x8)
#2981 0 800000ce fcb42c23 m f0040f88   00000002  sw       x11, -0x28(x8)
#2982 0 800000d2 fe042623 m f0040f9c   00000000  sw       x0, -0x14(x8)
#2983 0 800000d6 fe042423 m f0040f98   00000000  sw       x0, -0x18(x8)
#2984 0 800000da     a815 r 00         00000000  c.j      . + 0x34
#2985 0 8000010e fe842703 r 0e         00000000  lw       x14, -0x18(x8)
#2986 0 80000112 fd842783 r 0f         00000002  lw       x15, -0x28(x8)
#2987 0 80000116 fcf743e3 r 00         00000000  blt      x14, x15, . - 0x3a
#2988 0 800000dc fe842783 r 0f         00000000  lw       x15, -0x18(x8)
#2989 0 800000e0     078a r 0f         00000000  c.slli   x15, 2
#2990 0 800000e2 fdc42703 r 0e         f0040fec  lw       x14, -0x24(x8)
#2991 0 800000e6     97ba r 0f         f0040fec  c.add    x15, x14
#2992 0 800000e8     4398 r 0e         00000006  c.lw     x14, 0x0(x15)
#2993 0 800000ea fec42783 r 0f         00000000  lw       x15, -0x14(x8)
#2994 0 800000ee     078a r 0f         00000000  c.slli   x15, 2
#2995 0 800000f0 fdc42683 r 0d         f0040fec  lw       x13, -0x24(x8)
#2996 0 800000f4     97b6 r 0f         f0040fec  c.add    x15, x13
#2997 0 800000f6     439c r 0f         00000006  c.lw     x15, 0x0(x15)
#2998 0 800000f8 00e7d663 r 00         00000000  bge      x15, x14, . + 0xc
#2999 0 80000104 fe842783 r 0f         00000000  lw       x15, -0x18(x8)
#3000 0 80000108     0785 r 0f         00000001  c.addi   x15, 0x1
#3001 0 8000010a fef42423 m f0040f98   00000001  sw       x15, -0x18(x8)
#3002 0 8000010e fe842703 r 0e         00000001  lw       x14, -0x18(x8)
#3003 0 80000112 fd842783 r 0f         00000002  lw       x15, -0x28(x8)
#3004 0 80000116 fcf743e3 r 00         00000000  blt      x14, x15, . - 0x3a
#3005 0 800000dc fe842783 r 0f         00000001  lw       x15, -0x18(x8)
#3006 0 800000e0     078a r 0f         00000004  c.slli   x15, 2
#3007 0 800000e2 fdc42703 r 0e         f0040fec  lw       x14, -0x24(x8)
#3008 0 800000e6     97ba r 0f         f0040ff0  c.add    x15, x14
#3009 0 800000e8     4398 r 0e         00000007  c.lw     x14, 0x0(x15)
#3010 0 800000ea fec42783 r 0f         00000000  lw       x15, -0x14(x8)
#3011 0 800000ee     078a r 0f         00000000  c.slli   x15, 2
#3012 0 800000f0 fdc42683 r 0d         f0040fec  lw       x13, -0x24(x8)
#3013 0 800000f4     97b6 r 0f         f0040fec  c.add    x15, x13
#3014 0 800000f6     439c r 0f         00000006  c.lw     x15, 0x0(x15)
#3015 0 800000f8 00e7d663 r 00         00000000  bge      x15, x14, . + 0xc
#3016 0 800000fc fe842783 r 0f         00000001  lw       x15, -0x18(x8)
#3017 0 80000100 fef42623 m f0040f9c   00000001  sw       x15, -0x14(x8)
#3018 0 80000104 fe842783 r 0f         00000001  lw       x15, -0x18(x8)
#3019 0 80000108     0785 r 0f         00000002  c.addi   x15, 0x1
#3020 0 8000010a fef42423 m f0040f98   00000002  sw       x15, -0x18(x8)
#3021 0 8000010e fe842703 r 0e         00000002  lw       x14, -0x18(x8)
#3022 0 80000112 fd842783 r 0f         00000002  lw       x15, -0x28(x8)
#3023 0 80000116 fcf743e3 r 00         00000000  blt      x14, x15, . - 0x3a
#3024 0 8000011a fec42783 r 0f         00000001  lw       x15, -0x14(x8)
#3025 0 8000011e     853e r 0a         00000001  c.mv     x10, x15
#3026 0 80000120     5432 r 08         f0040fe0  c.lwsp   x8, 0x2c
#3027 0 80000122     6145 r 02         f0040fb0  c.addi16sp 0x3
#3028 0 80000124     8082 r 00         00000000  c.jr     x1
#3029 0 8000014a fea42423 m f0040fc8   00000001  sw       x10, -0x18(x8)
#3030 0 8000014e fec42783 r 0f         00000002  lw       x15, -0x14(x8)
#3031 0 80000152     17fd r 0f         00000001  c.addi   x15, -0x1
#3032 0 80000154 fe842703 r 0e         00000001  lw       x14, -0x18(x8)
#3033 0 80000158 00f70e63 r 00         00000000  beq      x14, x15, . + 0x1c
#3034 0 80000174 fec42783 r 0f         00000002  lw       x15, -0x14(x8)
#3035 0 80000178     17fd r 0f         00000001  c.addi   x15, -0x1
#3036 0 8000017a fef42623 m f0040fcc   00000001  sw       x15, -0x14(x8)
#3037 0 8000017e fec42703 r 0e         00000001  lw       x14, -0x14(x8)
#3038 0 80000182     4785 r 0f         00000001  c.li     x15, 0x1
#3039 0 80000184 fae7cee3 r 00         00000000  blt      x15, x14, . - 0x44
#3040 0 80000188     0001 r 00         00000000  c.nop
#3041 0 8000018a     853e r 0a         00000001  c.mv     x10, x15
#3042 0 8000018c     50b2 r 01         8000020a  c.lwsp   x1, 0x2c
#3043 0 8000018e     5422 r 08         f0041030  c.lwsp   x8, 0x28
#3044 0 80000190     6145 r 02         f0040fe0  c.addi16sp 0x3
#3045 0 80000192     8082 r 00         00000000  c.jr     x1
#3046 0 8000020a     0001 r 00         00000000  c.nop
#3047 0 8000020c     40b6 r 01         80000018  c.lwsp   x1, 0x4c
#3048 0 8000020e     4426 r 08         00000000  c.lwsp   x8, 0x48
#3049 0 80000210     6161 r 02         f0041030  c.addi16sp 0x5
#3050 0 80000212     8082 r 00         00000000  c.jr     x1
#3051 0 80000018 50580297 r 05         d0580018  auipc    x5, 0x50580
#3052 0 8000001c fe828293 r 05         d0580000  addi     x5, x5, -0x18
#3053 0 80000020 0ff00313 r 06         000000ff  addi     x6, x0, 0xff
#3054 0 80000024 00628023 m d0580000   000000ff  sb       x6, 0x0(x5)
