#1 0 80000000 595552b7 r 05         59555000  lui      x5, 0x59555
#2 0 80000004 55528293 r 05         59555555  addi     x5, x5, 0x555
#3 0 80000008 7c029073 c 07c0       59555555  csrrw    x0, mrac, x5
#4 0 8000000c 70041117 r 02         f004100c  auipc    x2, 0x70041
#5 0 80000010 03410113 r 02         f0041040  addi     x2, x2, 0x34
#6 0 80000014 16c000ef r 01         80000018  jal      x1, . + 0x16c
#7 0 80000180     1141 r 02         f0041030  c.addi   x2, -0x10
#8 0 80000182     c606 m f004103c   80000018  c.swsp   x1, 0xc
#9 0 80000184     c422 m f0041038   00000000  c.swsp   x8, 0x8
#10 0 80000186     0800 r 08         f0041040  c.addi4spn  x8, 0x4
#11 0 80000188 f00407b7 r 0f         f0040000  lui      x15, -0xffc0
#12 0 8000018c 00078513 r 0a         f0040000  addi     x10, x15, 0x0
#13 0 80000190     3731 r 01         80000192  c.jal    . - 0xf4
#14 0 8000009c     7139 r 02         f0040ff0  c.addi16sp -0x4
#15 0 8000009e     de06 m f004102c   80000192  c.swsp   x1, 0x3c
#16 0 800000a0     dc22 m f0041028   f0041040  c.swsp   x8, 0x38
#17 0 800000a2     0080 r 08         f0041030  c.addi4spn  x8, 0x10
#18 0 800000a4 fca42623 m f0040ffc   f0040000  sw       x10, -0x34(x8)
#19 0 800000a8     47b9 r 0f         0000000e  c.li     x15, 0xe
#20 0 800000aa fef42623 m f004101c   0000000e  sw       x15, -0x14(x8)
#21 0 800000ae fe042023 m f0041010   00000000  sw       x0, -0x20(x8)
#22 0 800000b2 fe042423 m f0041018   00000000  sw       x0, -0x18(x8)
#23 0 800000b6 fe042223 m f0041014   00000000  sw       x0, -0x1c(x8)
#24 0 800000ba fc042e23 m f004100c   00000000  sw       x0, -0x24(x8)
#25 0 800000be fec42503 r 0a         0000000e  lw       x10, -0x14(x8)
#26 0 800000c2     3751 r 01         800000c4  c.jal    . - 0x7c
#27 0 80000046     1101 r 02         f0040fd0  c.addi   x2, -0x20
#28 0 80000048     ce22 m f0040fec   f0041030  c.swsp   x8, 0x1c
#29 0 8000004a     1000 r 08         f0040ff0  c.addi4spn  x8, 0x8
#30 0 8000004c fea42623 m f0040fdc   0000000e  sw       x10, -0x14(x8)
#31 0 80000050 fec42703 r 0e         0000000e  lw       x14, -0x14(x8)
#32 0 80000054     87ba r 0f         0000000e  c.mv     x15, x14
#33 0 80000056     078a r 0f         00000038  c.slli   x15, 2
#34 0 80000058     97ba r 0f         00000046  c.add    x15, x14
#35 0 8000005a     0786 r 0f         0000008c  c.slli   x15, 1
#36 0 8000005c     873e r 0e         0000008c  c.mv     x14, x15
#37 0 8000005e     47b5 r 0f         0000000d  c.li     x15, 0xd
#38 0 80000060 02f747b3 r 0f         0000000a  div      x15, x14, x15
#39 0 80000064 fef42623 m f0040fdc   0000000a  sw       x15, -0x14(x8)
#40 0 80000068 fec42703 r 0e         0000000a  lw       x14, -0x14(x8)
#41 0 8000006c     47a5 r 0f         00000009  c.li     x15, 0x9
#42 0 8000006e 00f70763 r 00         00000000  beq      x14, x15, . + 0xe
#43 0 80000072 fec42703 r 0e         0000000a  lw       x14, -0x14(x8)
#44 0 80000076     47a9 r 0f         0000000a  c.li     x15, 0xa
#45 0 80000078 00f71563 r 00         00000000  bne      x14, x15, . + 0xa
#46 0 8000007c     47ad r 0f         0000000b  c.li     x15, 0xb
#47 0 8000007e fef42623 m f0040fdc   0000000b  sw       x15, -0x14(x8)
#48 0 80000082 fec42783 r 0f         0000000b  lw       x15, -0x14(x8)
#49 0 80000086 00f04563 r 00         00000000  blt      x0, x15, . + 0xa
#50 0 80000090 fec42783 r 0f         0000000b  lw       x15, -0x14(x8)
#51 0 80000094     853e r 0a         0000000b  c.mv     x10, x15
#52 0 80000096     4472 r 08         f0041030  c.lwsp   x8, 0x1c
#53 0 80000098     6105 r 02         f0040ff0  c.addi16sp 0x2
#54 0 8000009a     8082 r 00         00000000  c.jr     x1
#55 0 800000c4 fea42623 m f004101c   0000000b  sw       x10, -0x14(x8)
#56 0 800000c8 fe042423 m f0041018   00000000  sw       x0, -0x18(x8)
#57 0 800000cc fe042223 m f0041014   00000000  sw       x0, -0x1c(x8)
#58 0 800000d0     a041 r 00         00000000  c.j      . + 0x80
#59 0 80000150     4739 r 0e         0000000e  c.li     x14, 0xe
#60 0 80000152 fec42783 r 0f         0000000b  lw       x15, -0x14(x8)
#61 0 80000156 40f707b3 r 0f         00000003  sub      x15, x14, x15
#62 0 8000015a fe442703 r 0e         00000000  lw       x14, -0x1c(x8)
#63 0 8000015e f6f74ae3 r 00         00000000  blt      x14, x15, . - 0x8c
#64 0 800000d2 fe442703 r 0e         00000000  lw       x14, -0x1c(x8)
#65 0 800000d6 fec42783 r 0f         0000000b  lw       x15, -0x14(x8)
#66 0 800000da     97ba r 0f         0000000b  c.add    x15, x14
#67 0 800000dc fcf42e23 m f004100c   0000000b  sw       x15, -0x24(x8)
#68 0 800000e0 fe442783 r 0f         00000000  lw       x15, -0x1c(x8)
#69 0 800000e4     078a r 0f         00000000  c.slli   x15, 2
#70 0 800000e6 fcc42703 r 0e         f0040000  lw       x14, -0x34(x8)
#71 0 800000ea     97ba r 0f         f0040000  c.add    x15, x14
#72 0 800000ec     4398 r 0e         0000002d  c.lw     x14, 0x0(x15)
#73 0 800000ee fdc42783 r 0f         0000000b  lw       x15, -0x24(x8)
#74 0 800000f2     078a r 0f         0000002c  c.slli   x15, 2
#75 0 800000f4 fcc42683 r 0d         f0040000  lw       x13, -0x34(x8)
#76 0 800000f8     97b6 r 0f         f004002c  c.add    x15, x13
#77 0 800000fa     439c r 0f         00000022  c.lw     x15, 0x0(x15)
#78 0 800000fc 04e7d563 r 00         00000000  bge      x15, x14, . + 0x4a
#79 0 80000100 fe442783 r 0f         00000000  lw       x15, -0x1c(x8)
#80 0 80000104     078a r 0f         00000000  c.slli   x15, 2
#81 0 80000106 fcc42703 r 0e         f0040000  lw       x14, -0x34(x8)
#82 0 8000010a     97ba r 0f         f0040000  c.add    x15, x14
#83 0 8000010c     439c r 0f         0000002d  c.lw     x15, 0x0(x15)
#84 0 8000010e fef42023 m f0041010   0000002d  sw       x15, -0x20(x8)
#85 0 80000112 fdc42783 r 0f         0000000b  lw       x15, -0x24(x8)
#86 0 80000116     078a r 0f         0000002c  c.slli   x15, 2
#87 0 80000118 fcc42703 r 0e         f0040000  lw       x14, -0x34(x8)
#88 0 8000011c     973e r 0e         f004002c  c.add    x14, x15
#89 0 8000011e fe442783 r 0f         00000000  lw       x15, -0x1c(x8)
#90 0 80000122     078a r 0f         00000000  c.slli   x15, 2
#91 0 80000124 fcc42683 r 0d         f0040000  lw       x13, -0x34(x8)
#92 0 80000128     97b6 r 0f         f0040000  c.add    x15, x13
#93 0 8000012a     4318 r 0e         00000022  c.lw     x14, 0x0(x14)
#94 0 8000012c     c398 m f0040000   00000022  c.sw     x14, 0x0(x15)
#95 0 8000012e fdc42783 r 0f         0000000b  lw       x15, -0x24(x8)
#96 0 80000132     078a r 0f         0000002c  c.slli   x15, 2
#97 0 80000134 fcc42703 r 0e         f0040000  lw       x14, -0x34(x8)
#98 0 80000138     97ba r 0f         f004002c  c.add    x15, x14
#99 0 8000013a fe042703 r 0e         0000002d  lw       x14, -0x20(x8)
#100 0 8000013e     c398 m f004002c   0000002d  c.sw     x14, 0x0(x15)
#101 0 80000140     4785 r 0f         00000001  c.li     x15, 0x1
#102 0 80000142 fef42423 m f0041018   00000001  sw       x15, -0x18(x8)
#103 0 80000146 fe442783 r 0f         00000000  lw       x15, -0x1c(x8)
#104 0 8000014a     0785 r 0f         00000001  c.addi   x15, 0x1
#105 0 8000014c fef42223 m f0041014   00000001  sw       x15, -0x1c(x8)
#106 0 80000150     4739 r 0e         0000000e  c.li     x14, 0xe
#107 0 80000152 fec42783 r 0f         0000000b  lw       x15, -0x14(x8)
#108 0 80000156 40f707b3 r 0f         00000003  sub      x15, x14, x15
#109 0 8000015a fe442703 r 0e         00000001  lw       x14, -0x1c(x8)
#110 0 8000015e f6f74ae3 r 00         00000000  blt      x14, x15, . - 0x8c
#111 0 800000d2 fe442703 r 0e         00000001  lw       x14, -0x1c(x8)
#112 0 800000d6 fec42783 r 0f         0000000b  lw       x15, -0x14(x8)
#113 0 800000da     97ba r 0f         0000000c  c.add    x15, x14
#114 0 800000dc fcf42e23 m f004100c   0000000c  sw       x15, -0x24(x8)
#115 0 800000e0 fe442783 r 0f         00000001  lw       x15, -0x1c(x8)
#116 0 800000e4     078a r 0f         00000004  c.slli   x15, 2
#117 0 800000e6 fcc42703 r 0e         f0040000  lw       x14, -0x34(x8)
#118 0 800000ea     97ba r 0f         f0040004  c.add    x15, x14
#119 0 800000ec     4398 r 0e         00000043  c.lw     x14, 0x0(x15)
#120 0 800000ee fdc42783 r 0f         0000000c  lw       x15, -0x24(x8)
#121 0 800000f2     078a r 0f         00000030  c.slli   x15, 2
#122 0 800000f4 fcc42683 r 0d         f0040000  lw       x13, -0x34(x8)
#123 0 800000f8     97b6 r 0f         f0040030  c.add    x15, x13
#124 0 800000fa     439c r 0f         00000042  c.lw     x15, 0x0(x15)
#125 0 800000fc 04e7d563 r 00         00000000  bge      x15, x14, . + 0x4a
#126 0 80000100 fe442783 r 0f         00000001  lw       x15, -0x1c(x8)
#127 0 80000104     078a r 0f         00000004  c.slli   x15, 2
#128 0 80000106 fcc42703 r 0e         f0040000  lw       x14, -0x34(x8)
#129 0 8000010a     97ba r 0f         f0040004  c.add    x15, x14
#130 0 8000010c     439c r 0f         00000043  c.lw     x15, 0x0(x15)
#131 0 8000010e fef42023 m f0041010   00000043  sw       x15, -0x20(x8)
#132 0 80000112 fdc42783 r 0f         0000000c  lw       x15, -0x24(x8)
#133 0 80000116     078a r 0f         00000030  c.slli   x15, 2
#134 0 80000118 fcc42703 r 0e         f0040000  lw       x14, -0x34(x8)
#135 0 8000011c     973e r 0e         f0040030  c.add    x14, x15
#136 0 8000011e fe442783 r 0f         00000001  lw       x15, -0x1c(x8)
#137 0 80000122     078a r 0f         00000004  c.slli   x15, 2
#138 0 80000124 fcc42683 r 0d         f0040000  lw       x13, -0x34(x8)
#139 0 80000128     97b6 r 0f         f0040004  c.add    x15, x13
#140 0 8000012a     4318 r 0e         00000042  c.lw     x14, 0x0(x14)
#141 0 8000012c     c398 m f0040004   00000042  c.sw     x14, 0x0(x15)
#142 0 8000012e fdc42783 r 0f         0000000c  lw       x15, -0x24(x8)
#143 0 80000132     078a r 0f         00000030  c.slli   x15, 2
#144 0 80000134 fcc42703 r 0e         f0040000  lw       x14, -0x34(x8)
#145 0 80000138     97ba r 0f         f0040030  c.add    x15, x14
#146 0 8000013a fe042703 r 0e         00000043  lw       x14, -0x20(x8)
#147 0 8000013e     c398 m f0040030   00000043  c.sw     x14, 0x0(x15)
#148 0 80000140     4785 r 0f         00000001  c.li     x15, 0x1
#149 0 80000142 fef42423 m f0041018   00000001  sw       x15, -0x18(x8)
#150 0 80000146 fe442783 r 0f         00000001  lw       x15, -0x1c(x8)
#151 0 8000014a     0785 r 0f         00000002  c.addi   x15, 0x1
#152 0 8000014c fef42223 m f0041014   00000002  sw       x15, -0x1c(x8)
#153 0 80000150     4739 r 0e         0000000e  c.li     x14, 0xe
#154 0 80000152 fec42783 r 0f         0000000b  lw       x15, -0x14(x8)
#155 0 80000156 40f707b3 r 0f         00000003  sub      x15, x14, x15
#156 0 8000015a fe442703 r 0e         00000002  lw       x14, -0x1c(x8)
#157 0 8000015e f6f74ae3 r 00         00000000  blt      x14, x15, . - 0x8c
#158 0 800000d2 fe442703 r 0e         00000002  lw       x14, -0x1c(x8)
#159 0 800000d6 fec42783 r 0f         0000000b  lw       x15, -0x14(x8)
#160 0 800000da     97ba r 0f         0000000d  c.add    x15, x14
#161 0 800000dc fcf42e23 m f004100c   0000000d  sw       x15, -0x24(x8)
#162 0 800000e0 fe442783 r 0f         00000002  lw       x15, -0x1c(x8)
#163 0 800000e4     078a r 0f         00000008  c.slli   x15, 2
#164 0 800000e6 fcc42703 r 0e         f0040000  lw       x14, -0x34(x8)
#165 0 800000ea     97ba r 0f         f0040008  c.add    x15, x14
#166 0 800000ec     4398 r 0e         0000000c  c.lw     x14, 0x0(x15)
#167 0 800000ee fdc42783 r 0f         0000000d  lw       x15, -0x24(x8)
#168 0 800000f2     078a r 0f         00000034  c.slli   x15, 2
#169 0 800000f4 fcc42683 r 0d         f0040000  lw       x13, -0x34(x8)
#170 0 800000f8     97b6 r 0f         f0040034  c.add    x15, x13
#171 0 800000fa     439c r 0f         00000000  c.lw     x15, 0x0(x15)
#172 0 800000fc 04e7d563 r 00         00000000  bge      x15, x14, . + 0x4a
#173 0 80000100 fe442783 r 0f         00000002  lw       x15, -0x1c(x8)
#174 0 80000104     078a r 0f         00000008  c.slli   x15, 2
#175 0 80000106 fcc42703 r 0e         f0040000  lw       x14, -0x34(x8)
#176 0 8000010a     97ba r 0f         f0040008  c.add    x15, x14
#177 0 8000010c     439c r 0f         0000000c  c.lw     x15, 0x0(x15)
#178 0 8000010e fef42023 m f0041010   0000000c  sw       x15, -0x20(x8)
#179 0 80000112 fdc42783 r 0f         0000000d  lw       x15, -0x24(x8)
#180 0 80000116     078a r 0f         00000034  c.slli   x15, 2
#181 0 80000118 fcc42703 r 0e         f0040000  lw       x14, -0x34(x8)
#182 0 8000011c     973e r 0e         f0040034  c.add    x14, x15
#183 0 8000011e fe442783 r 0f         00000002  lw       x15, -0x1c(x8)
#184 0 80000122     078a r 0f         00000008  c.slli   x15, 2
#185 0 80000124 fcc42683 r 0d         f0040000  lw       x13, -0x34(x8)
#186 0 80000128     97b6 r 0f         f0040008  c.add    x15, x13
#187 0 8000012a     4318 r 0e         00000000  c.lw     x14, 0x0(x14)
#188 0 8000012c     c398 m f0040008   00000000  c.sw     x14, 0x0(x15)
#189 0 8000012e fdc42783 r 0f         0000000d  lw       x15, -0x24(x8)
#190 0 80000132     078a r 0f         00000034  c.slli   x15, 2
#191 0 80000134 fcc42703 r 0e         f0040000  lw       x14, -0x34(x8)
#192 0 80000138     97ba r 0f         f0040034  c.add    x15, x14
#193 0 8000013a fe042703 r 0e         0000000c  lw       x14, -0x20(x8)
#194 0 8000013e     c398 m f0040034   0000000c  c.sw     x14, 0x0(x15)
#195 0 80000140     4785 r 0f         00000001  c.li     x15, 0x1
#196 0 80000142 fef42423 m f0041018   00000001  sw       x15, -0x18(x8)
#197 0 80000146 fe442783 r 0f         00000002  lw       x15, -0x1c(x8)
#198 0 8000014a     0785 r 0f         00000003  c.addi   x15, 0x1
#199 0 8000014c fef42223 m f0041014   00000003  sw       x15, -0x1c(x8)
#200 0 80000150     4739 r 0e         0000000e  c.li     x14, 0xe
#201 0 80000152 fec42783 r 0f         0000000b  lw       x15, -0x14(x8)
#202 0 80000156 40f707b3 r 0f         00000003  sub      x15, x14, x15
#203 0 8000015a fe442703 r 0e         00000003  lw       x14, -0x1c(x8)
#204 0 8000015e f6f74ae3 r 00         00000000  blt      x14, x15, . - 0x8c
#205 0 80000162 fec42703 r 0e         0000000b  lw       x14, -0x14(x8)
#206 0 80000166     4785 r 0f         00000001  c.li     x15, 0x1
#207 0 80000168 f4f71be3 r 00         00000000  bne      x14, x15, . - 0xaa
#208 0 800000be fec42503 r 0a         0000000b  lw       x10, -0x14(x8)
#209 0 800000c2     3751 r 01         800000c4  c.jal    . - 0x7c
#210 0 80000046     1101 r 02         f0040fd0  c.addi   x2, -0x20
#211 0 80000048     ce22 m f0040fec   f0041030  c.swsp   x8, 0x1c
#212 0 8000004a     1000 r 08         f0040ff0  c.addi4spn  x8, 0x8
#213 0 8000004c fea42623 m f0040fdc   0000000b  sw       x10, -0x14(x8)
#214 0 80000050 fec42703 r 0e         0000000b  lw       x14, -0x14(x8)
#215 0 80000054     87ba r 0f         0000000b  c.mv     x15, x14
#216 0 80000056     078a r 0f         0000002c  c.slli   x15, 2
#217 0 80000058     97ba r 0f         00000037  c.add    x15, x14
#218 0 8000005a     0786 r 0f         0000006e  c.slli   x15, 1
#219 0 8000005c     873e r 0e         0000006e  c.mv     x14, x15
#220 0 8000005e     47b5 r 0f         0000000d  c.li     x15, 0xd
#221 0 80000060 02f747b3 r 0f         00000008  div      x15, x14, x15
#222 0 80000064 fef42623 m f0040fdc   00000008  sw       x15, -0x14(x8)
#223 0 80000068 fec42703 r 0e         00000008  lw       x14, -0x14(x8)
#224 0 8000006c     47a5 r 0f         00000009  c.li     x15, 0x9
#225 0 8000006e 00f70763 r 00         00000000  beq      x14, x15, . + 0xe
#226 0 80000072 fec42703 r 0e         00000008  lw       x14, -0x14(x8)
#227 0 80000076     47a9 r 0f         0000000a  c.li     x15, 0xa
#228 0 80000078 00f71563 r 00         00000000  bne      x14, x15, . + 0xa
#229 0 80000082 fec42783 r 0f         00000008  lw       x15, -0x14(x8)
#230 0 80000086 00f04563 r 00         00000000  blt      x0, x15, . + 0xa
#231 0 80000090 fec42783 r 0f         00000008  lw       x15, -0x14(x8)
#232 0 80000094     853e r 0a         00000008  c.mv     x10, x15
#233 0 80000096     4472 r 08         f0041030  c.lwsp   x8, 0x1c
#234 0 80000098     6105 r 02         f0040ff0  c.addi16sp 0x2
#235 0 8000009a     8082 r 00         00000000  c.jr     x1
#236 0 800000c4 fea42623 m f004101c   00000008  sw       x10, -0x14(x8)
#237 0 800000c8 fe042423 m f0041018   00000000  sw       x0, -0x18(x8)
#238 0 800000cc fe042223 m f0041014   00000000  sw       x0, -0x1c(x8)
#239 0 800000d0     a041 r 00         00000000  c.j      . + 0x80
#240 0 80000150     4739 r 0e         0000000e  c.li     x14, 0xe
#241 0 80000152 fec42783 r 0f         00000008  lw       x15, -0x14(x8)
#242 0 80000156 40f707b3 r 0f         00000006  sub      x15, x14, x15
#243 0 8000015a fe442703 r 0e         00000000  lw       x14, -0x1c(x8)
#244 0 8000015e f6f74ae3 r 00         00000000  blt      x14, x15, . - 0x8c
#245 0 800000d2 fe442703 r 0e         00000000  lw       x14, -0x1c(x8)
#246 0 800000d6 fec42783 r 0f         00000008  lw       x15, -0x14(x8)
#247 0 800000da     97ba r 0f         00000008  c.add    x15, x14
#248 0 800000dc fcf42e23 m f004100c   00000008  sw       x15, -0x24(x8)
#249 0 800000e0 fe442783 r 0f         00000000  lw       x15, -0x1c(x8)
#250 0 800000e4     078a r 0f         00000000  c.slli   x15, 2
#251 0 800000e6 fcc42703 r 0e         f0040000  lw       x14, -0x34(x8)
#252 0 800000ea     97ba r 0f         f0040000  c.add    x15, x14
#253 0 800000ec     4398 r 0e         00000022  c.lw     x14, 0x0(x15)
#254 0 800000ee fdc42783 r 0f         00000008  lw       x15, -0x24(x8)
#255 0 800000f2     078a r 0f         00000020  c.slli   x15, 2
#256 0 800000f4 fcc42683 r 0d         f0040000  lw       x13, -0x34(x8)
#257 0 800000f8     97b6 r 0f         f0040020  c.add    x15, x13
#258 0 800000fa     439c r 0f         0000005a  c.lw     x15, 0x0(x15)
#259 0 800000fc 04e7d563 r 00         00000000  bge      x15, x14, . + 0x4a
#260 0 80000146 fe442783 r 0f         00000000  lw       x15, -0x1c(x8)
#261 0 8000014a     0785 r 0f         00000001  c.addi   x15, 0x1
#262 0 8000014c fef42223 m f0041014   00000001  sw       x15, -0x1c(x8)
#263 0 80000150     4739 r 0e         0000000e  c.li     x14, 0xe
#264 0 80000152 fec42783 r 0f         00000008  lw       x15, -0x14(x8)
#265 0 80000156 40f707b3 r 0f         00000006  sub      x15, x14, x15
#266 0 8000015a fe442703 r 0e         00000001  lw       x14, -0x1c(x8)
#267 0 8000015e f6f74ae3 r 00         00000000  blt      x14, x15, . - 0x8c
#268 0 800000d2 fe442703 r 0e         00000001  lw       x14, -0x1c(x8)
#269 0 800000d6 fec42783 r 0f         00000008  lw       x15, -0x14(x8)
#270 0 800000da     97ba r 0f         00000009  c.add    x15, x14
#271 0 800000dc fcf42e23 m f004100c   00000009  sw       x15, -0x24(x8)
#272 0 800000e0 fe442783 r 0f         00000001  lw       x15, -0x1c(x8)
#273 0 800000e4     078a r 0f         00000004  c.slli   x15, 2
#274 0 800000e6 fcc42703 r 0e         f0040000  lw       x14, -0x34(x8)
#275 0 800000ea     97ba r 0f         f0040004  c.add    x15, x14
#276 0 800000ec     4398 r 0e         00000042  c.lw     x14, 0x0(x15)
#277 0 800000ee fdc42783 r 0f         00000009  lw       x15, -0x24(x8)
#278 0 800000f2     078a r 0f         00000024  c.slli   x15, 2
#279 0 800000f4 fcc42683 r 0d         f0040000  lw       x13, -0x34(x8)
#280 0 800000f8     97b6 r 0f         f0040024  c.add    x15, x13
#281 0 800000fa     439c r 0f         00000048  c.lw     x15, 0x0(x15)
#282 0 800000fc 04e7d563 r 00         00000000  bge      x15, x14, . + 0x4a
#283 0 80000146 fe442783 r 0f         00000001  lw       x15, -0x1c(x8)
#284 0 8000014a     0785 r 0f         00000002  c.addi   x15, 0x1
#285 0 8000014c fef42223 m f0041014   00000002  sw       x15, -0x1c(x8)
#286 0 80000150     4739 r 0e         0000000e  c.li     x14, 0xe
#287 0 80000152 fec42783 r 0f         00000008  lw       x15, -0x14(x8)
#288 0 80000156 40f707b3 r 0f         00000006  sub      x15, x14, x15
#289 0 8000015a fe442703 r 0e         00000002  lw       x14, -0x1c(x8)
#290 0 8000015e f6f74ae3 r 00         00000000  blt      x14, x15, . - 0x8c
#291 0 800000d2 fe442703 r 0e         00000002  lw       x14, -0x1c(x8)
#292 0 800000d6 fec42783 r 0f         00000008  lw       x15, -0x14(x8)
#293 0 800000da     97ba r 0f         0000000a  c.add    x15, x14
#294 0 800000dc fcf42e23 m f004100c   0000000a  sw       x15, -0x24(x8)
#295 0 800000e0 fe442783 r 0f         00000002  lw       x15, -0x1c(x8)
#296 0 800000e4     078a r 0f         00000008  c.slli   x15, 2
#297 0 800000e6 fcc42703 r 0e         f0040000  lw       x14, -0x34(x8)
#298 0 800000ea     97ba r 0f         f0040008  c.add    x15, x14
#299 0 800000ec     4398 r 0e         00000000  c.lw     x14, 0x0(x15)
#300 0 800000ee fdc42783 r 0f         0000000a  lw       x15, -0x24(x8)
#301 0 800000f2     078a r 0f         00000028  c.slli   x15, 2
#302 0 800000f4 fcc42683 r 0d         f0040000  lw       x13, -0x34(x8)
#303 0 800000f8     97b6 r 0f         f0040028  c.add    x15, x13
#304 0 800000fa     439c r 0f         0000004e  c.lw     x15, 0x0(x15)
#305 0 800000fc 04e7d563 r 00         00000000  bge      x15, x14, . + 0x4a
#306 0 80000146 fe442783 r 0f         00000002  lw       x15, -0x1c(x8)
#307 0 8000014a     0785 r 0f         00000003  c.addi   x15, 0x1
#308 0 8000014c fef42223 m f0041014   00000003  sw       x15, -0x1c(x8)
#309 0 80000150     4739 r 0e         0000000e  c.li     x14, 0xe
#310 0 80000152 fec42783 r 0f         00000008  lw       x15, -0x14(x8)
#311 0 80000156 40f707b3 r 0f         00000006  sub      x15, x14, x15
#312 0 8000015a fe442703 r 0e         00000003  lw       x14, -0x1c(x8)
#313 0 8000015e f6f74ae3 r 00         00000000  blt      x14, x15, . - 0x8c
#314 0 800000d2 fe442703 r 0e         00000003  lw       x14, -0x1c(x8)
#315 0 800000d6 fec42783 r 0f         00000008  lw       x15, -0x14(x8)
#316 0 800000da     97ba r 0f         0000000b  c.add    x15, x14
#317 0 800000dc fcf42e23 m f004100c   0000000b  sw       x15, -0x24(x8)
#318 0 800000e0 fe442783 r 0f         00000003  lw       x15, -0x1c(x8)
#319 0 800000e4     078a r 0f         0000000c  c.slli   x15, 2
#320 0 800000e6 fcc42703 r 0e         f0040000  lw       x14, -0x34(x8)
#321 0 800000ea     97ba r 0f         f004000c  c.add    x15, x14
#322 0 800000ec     4398 r 0e         00000059  c.lw     x14, 0x0(x15)
#323 0 800000ee fdc42783 r 0f         0000000b  lw       x15, -0x24(x8)
#324 0 800000f2     078a r 0f         0000002c  c.slli   x15, 2
#325 0 800000f4 fcc42683 r 0d         f0040000  lw       x13, -0x34(x8)
#326 0 800000f8     97b6 r 0f         f004002c  c.add    x15, x13
#327 0 800000fa     439c r 0f         0000002d  c.lw     x15, 0x0(x15)
#328 0 800000fc 04e7d563 r 00         00000000  bge      x15, x14, . + 0x4a
#329 0 80000100 fe442783 r 0f         00000003  lw       x15, -0x1c(x8)
#330 0 80000104     078a r 0f         0000000c  c.slli   x15, 2
#331 0 80000106 fcc42703 r 0e         f0040000  lw       x14, -0x34(x8)
#332 0 8000010a     97ba r 0f         f004000c  c.add    x15, x14
#333 0 8000010c     439c r 0f         00000059  c.lw     x15, 0x0(x15)
#334 0 8000010e fef42023 m f0041010   00000059  sw       x15, -0x20(x8)
#335 0 80000112 fdc42783 r 0f         0000000b  lw       x15, -0x24(x8)
#336 0 80000116     078a r 0f         0000002c  c.slli   x15, 2
#337 0 80000118 fcc42703 r 0e         f0040000  lw       x14, -0x34(x8)
#338 0 8000011c     973e r 0e         f004002c  c.add    x14, x15
#339 0 8000011e fe442783 r 0f         00000003  lw       x15, -0x1c(x8)
#340 0 80000122     078a r 0f         0000000c  c.slli   x15, 2
#341 0 80000124 fcc42683 r 0d         f0040000  lw       x13, -0x34(x8)
#342 0 80000128     97b6 r 0f         f004000c  c.add    x15, x13
#343 0 8000012a     4318 r 0e         0000002d  c.lw     x14, 0x0(x14)
#344 0 8000012c     c398 m f004000c   0000002d  c.sw     x14, 0x0(x15)
#345 0 8000012e fdc42783 r 0f         0000000b  lw       x15, -0x24(x8)
#346 0 80000132     078a r 0f         0000002c  c.slli   x15, 2
#347 0 80000134 fcc42703 r 0e         f0040000  lw       x14, -0x34(x8)
#348 0 80000138     97ba r 0f         f004002c  c.add    x15, x14
#349 0 8000013a fe042703 r 0e         00000059  lw       x14, -0x20(x8)
#350 0 8000013e     c398 m f004002c   00000059  c.sw     x14, 0x0(x15)
#351 0 80000140     4785 r 0f         00000001  c.li     x15, 0x1
#352 0 80000142 fef42423 m f0041018   00000001  sw       x15, -0x18(x8)
#353 0 80000146 fe442783 r 0f         00000003  lw       x15, -0x1c(x8)
#354 0 8000014a     0785 r 0f         00000004  c.addi   x15, 0x1
#355 0 8000014c fef42223 m f0041014   00000004  sw       x15, -0x1c(x8)
#356 0 80000150     4739 r 0e         0000000e  c.li     x14, 0xe
#357 0 80000152 fec42783 r 0f         00000008  lw       x15, -0x14(x8)
#358 0 80000156 40f707b3 r 0f         00000006  sub      x15, x14, x15
#359 0 8000015a fe442703 r 0e         00000004  lw       x14, -0x1c(x8)
#360 0 8000015e f6f74ae3 r 00         00000000  blt      x14, x15, . - 0x8c
#361 0 800000d2 fe442703 r 0e         00000004  lw       x14, -0x1c(x8)
#362 0 800000d6 fec42783 r 0f         00000008  lw       x15, -0x14(x8)
#363 0 800000da     97ba r 0f         0000000c  c.add    x15, x14
#364 0 800000dc fcf42e23 m f004100c   0000000c  sw       x15, -0x24(x8)
#365 0 800000e0 fe442783 r 0f         00000004  lw       x15, -0x1c(x8)
#366 0 800000e4     078a r 0f         00000010  c.slli   x15, 2
#367 0 800000e6 fcc42703 r 0e         f0040000  lw       x14, -0x34(x8)
#368 0 800000ea     97ba r 0f         f0040010  c.add    x15, x14
#369 0 800000ec     4398 r 0e         0000002c  c.lw     x14, 0x0(x15)
#370 0 800000ee fdc42783 r 0f         0000000c  lw       x15, -0x24(x8)
#371 0 800000f2     078a r 0f         00000030  c.slli   x15, 2
#372 0 800000f4 fcc42683 r 0d         f0040000  lw       x13, -0x34(x8)
#373 0 800000f8     97b6 r 0f         f0040030  c.add    x15, x13
#374 0 800000fa     439c r 0f         00000043  c.lw     x15, 0x0(x15)
#375 0 800000fc 04e7d563 r 00         00000000  bge      x15, x14, . + 0x4a
#376 0 80000146 fe442783 r 0f         00000004  lw       x15, -0x1c(x8)
#377 0 8000014a     0785 r 0f         00000005  c.addi   x15, 0x1
#378 0 8000014c fef42223 m f0041014   00000005  sw       x15, -0x1c(x8)
#379 0 80000150     4739 r 0e         0000000e  c.li     x14, 0xe
#380 0 80000152 fec42783 r 0f         00000008  lw       x15, -0x14(x8)
#381 0 80000156 40f707b3 r 0f         00000006  sub      x15, x14, x15
#382 0 8000015a fe442703 r 0e         00000005  lw       x14, -0x1c(x8)
#383 0 8000015e f6f74ae3 r 00         00000000  blt      x14, x15, . - 0x8c
#384 0 800000d2 fe442703 r 0e         00000005  lw       x14, -0x1c(x8)
#385 0 800000d6 fec42783 r 0f         00000008  lw       x15, -0x14(x8)
#386 0 800000da     97ba r 0f         0000000d  c.add    x15, x14
#387 0 800000dc fcf42e23 m f004100c   0000000d  sw       x15, -0x24(x8)
#388 0 800000e0 fe442783 r 0f         00000005  lw       x15, -0x1c(x8)
#389 0 800000e4     078a r 0f         00000014  c.slli   x15, 2
#390 0 800000e6 fcc42703 r 0e         f0040000  lw       x14, -0x34(x8)
#391 0 800000ea     97ba r 0f         f0040014  c.add    x15, x14
#392 0 800000ec     4398 r 0e         00000017  c.lw     x14, 0x0(x15)
#393 0 800000ee fdc42783 r 0f         0000000d  lw       x15, -0x24(x8)
#394 0 800000f2     078a r 0f         00000034  c.slli   x15, 2
#395 0 800000f4 fcc42683 r 0d         f0040000  lw       x13, -0x34(x8)
#396 0 800000f8     97b6 r 0f         f0040034  c.add    x15, x13
#397 0 800000fa     439c r 0f         0000000c  c.lw     x15, 0x0(x15)
#398 0 800000fc 04e7d563 r 00         00000000  bge      x15, x14, . + 0x4a
#399 0 80000100 fe442783 r 0f         00000005  lw       x15, -0x1c(x8)
#400 0 80000104     078a r 0f         00000014  c.slli   x15, 2
#401 0 80000106 fcc42703 r 0e         f0040000  lw       x14, -0x34(x8)
#402 0 8000010a     97ba r 0f         f0040014  c.add    x15, x14
#403 0 8000010c     439c r 0f         00000017  c.lw     x15, 0x0(x15)
#404 0 8000010e fef42023 m f0041010   00000017  sw       x15, -0x20(x8)
#405 0 80000112 fdc42783 r 0f         0000000d  lw       x15, -0x24(x8)
#406 0 80000116     078a r 0f         00000034  c.slli   x15, 2
#407 0 80000118 fcc42703 r 0e         f0040000  lw       x14, -0x34(x8)
#408 0 8000011c     973e r 0e         f0040034  c.add    x14, x15
#409 0 8000011e fe442783 r 0f         00000005  lw       x15, -0x1c(x8)
#410 0 80000122     078a r 0f         00000014  c.slli   x15, 2
#411 0 80000124 fcc42683 r 0d         f0040000  lw       x13, -0x34(x8)
#412 0 80000128     97b6 r 0f         f0040014  c.add    x15, x13
#413 0 8000012a     4318 r 0e         0000000c  c.lw     x14, 0x0(x14)
#414 0 8000012c     c398 m f0040014   0000000c  c.sw     x14, 0x0(x15)
#415 0 8000012e fdc42783 r 0f         0000000d  lw       x15, -0x24(x8)
#416 0 80000132     078a r 0f         00000034  c.slli   x15, 2
#417 0 80000134 fcc42703 r 0e         f0040000  lw       x14, -0x34(x8)
#418 0 80000138     97ba r 0f         f0040034  c.add    x15, x14
#419 0 8000013a fe042703 r 0e         00000017  lw       x14, -0x20(x8)
#420 0 8000013e     c398 m f0040034   00000017  c.sw     x14, 0x0(x15)
#421 0 80000140     4785 r 0f         00000001  c.li     x15, 0x1
#422 0 80000142 fef42423 m f0041018   00000001  sw       x15, -0x18(x8)
#423 0 80000146 fe442783 r 0f         00000005  lw       x15, -0x1c(x8)
#424 0 8000014a     0785 r 0f         00000006  c.addi   x15, 0x1
#425 0 8000014c fef42223 m f0041014   00000006  sw       x15, -0x1c(x8)
#426 0 80000150     4739 r 0e         0000000e  c.li     x14, 0xe
#427 0 80000152 fec42783 r 0f         00000008  lw       x15, -0x14(x8)
#428 0 80000156 40f707b3 r 0f         00000006  sub      x15, x14, x15
#429 0 8000015a fe442703 r 0e         00000006  lw       x14, -0x1c(x8)
#430 0 8000015e f6f74ae3 r 00         00000000  blt      x14, x15, . - 0x8c
#431 0 80000162 fec42703 r 0e         00000008  lw       x14, -0x14(x8)
#432 0 80000166     4785 r 0f         00000001  c.li     x15, 0x1
#433 0 80000168 f4f71be3 r 00         00000000  bne      x14, x15, . - 0xaa
#434 0 800000be fec42503 r 0a         00000008  lw       x10, -0x14(x8)
#435 0 800000c2     3751 r 01         800000c4  c.jal    . - 0x7c
#436 0 80000046     1101 r 02         f0040fd0  c.addi   x2, -0x20
#437 0 80000048     ce22 m f0040fec   f0041030  c.swsp   x8, 0x1c
#438 0 8000004a     1000 r 08         f0040ff0  c.addi4spn  x8, 0x8
#439 0 8000004c fea42623 m f0040fdc   00000008  sw       x10, -0x14(x8)
#440 0 80000050 fec42703 r 0e         00000008  lw       x14, -0x14(x8)
#441 0 80000054     87ba r 0f         00000008  c.mv     x15, x14
#442 0 80000056     078a r 0f         00000020  c.slli   x15, 2
#443 0 80000058     97ba r 0f         00000028  c.add    x15, x14
#444 0 8000005a     0786 r 0f         00000050  c.slli   x15, 1
#445 0 8000005c     873e r 0e         00000050  c.mv     x14, x15
#446 0 8000005e     47b5 r 0f         0000000d  c.li     x15, 0xd
#447 0 80000060 02f747b3 r 0f         00000006  div      x15, x14, x15
#448 0 80000064 fef42623 m f0040fdc   00000006  sw       x15, -0x14(x8)
#449 0 80000068 fec42703 r 0e         00000006  lw       x14, -0x14(x8)
#450 0 8000006c     47a5 r 0f         00000009  c.li     x15, 0x9
#451 0 8000006e 00f70763 r 00         00000000  beq      x14, x15, . + 0xe
#452 0 80000072 fec42703 r 0e         00000006  lw       x14, -0x14(x8)
#453 0 80000076     47a9 r 0f         0000000a  c.li     x15, 0xa
#454 0 80000078 00f71563 r 00         00000000  bne      x14, x15, . + 0xa
#455 0 80000082 fec42783 r 0f         00000006  lw       x15, -0x14(x8)
#456 0 80000086 00f04563 r 00         00000000  blt      x0, x15, . + 0xa
#457 0 80000090 fec42783 r 0f         00000006  lw       x15, -0x14(x8)
#458 0 80000094     853e r 0a         00000006  c.mv     x10, x15
#459 0 80000096     4472 r 08         f0041030  c.lwsp   x8, 0x1c
#460 0 80000098     6105 r 02         f0040ff0  c.addi16sp 0x2
#461 0 8000009a     8082 r 00         00000000  c.jr     x1
#462 0 800000c4 fea42623 m f004101c   00000006  sw       x10, -0x14(x8)
#463 0 800000c8 fe042423 m f0041018   00000000  sw       x0, -0x18(x8)
#464 0 800000cc fe042223 m f0041014   00000000  sw       x0, -0x1c(x8)
#465 0 800000d0     a041 r 00         00000000  c.j      . + 0x80
#466 0 80000150     4739 r 0e         0000000e  c.li     x14, 0xe
#467 0 80000152 fec42783 r 0f         00000006  lw       x15, -0x14(x8)
#468 0 80000156 40f707b3 r 0f         00000008  sub      x15, x14, x15
#469 0 8000015a fe442703 r 0e         00000000  lw       x14, -0x1c(x8)
#470 0 8000015e f6f74ae3 r 00         00000000  blt      x14, x15, . - 0x8c
#471 0 800000d2 fe442703 r 0e         00000000  lw       x14, -0x1c(x8)
#472 0 800000d6 fec42783 r 0f         00000006  lw       x15, -0x14(x8)
#473 0 800000da     97ba r 0f         00000006  c.add    x15, x14
#474 0 800000dc fcf42e23 m f004100c   00000006  sw       x15, -0x24(x8)
#475 0 800000e0 fe442783 r 0f         00000000  lw       x15, -0x1c(x8)
#476 0 800000e4     078a r 0f         00000000  c.slli   x15, 2
#477 0 800000e6 fcc42703 r 0e         f0040000  lw       x14, -0x34(x8)
#478 0 800000ea     97ba r 0f         f0040000  c.add    x15, x14
#479 0 800000ec     4398 r 0e         00000022  c.lw     x14, 0x0(x15)
#480 0 800000ee fdc42783 r 0f         00000006  lw       x15, -0x24(x8)
#481 0 800000f2     078a r 0f         00000018  c.slli   x15, 2
#482 0 800000f4 fcc42683 r 0d         f0040000  lw       x13, -0x34(x8)
#483 0 800000f8     97b6 r 0f         f0040018  c.add    x15, x13
#484 0 800000fa     439c r 0f         00000058  c.lw     x15, 0x0(x15)
#485 0 800000fc 04e7d563 r 00         00000000  bge      x15, x14, . + 0x4a
#486 0 80000146 fe442783 r 0f         00000000  lw       x15, -0x1c(x8)
#487 0 8000014a     0785 r 0f         00000001  c.addi   x15, 0x1
#488 0 8000014c fef42223 m f0041014   00000001  sw       x15, -0x1c(x8)
#489 0 80000150     4739 r 0e         0000000e  c.li     x14, 0xe
#490 0 80000152 fec42783 r 0f         00000006  lw       x15, -0x14(x8)
#491 0 80000156 40f707b3 r 0f         00000008  sub      x15, x14, x15
#492 0 8000015a fe442703 r 0e         00000001  lw       x14, -0x1c(x8)
#493 0 8000015e f6f74ae3 r 00         00000000  blt      x14, x15, . - 0x8c
#494 0 800000d2 fe442703 r 0e         00000001  lw       x14, -0x1c(x8)
#495 0 800000d6 fec42783 r 0f         00000006  lw       x15, -0x14(x8)
#496 0 800000da     97ba r 0f         00000007  c.add    x15, x14
#497 0 800000dc fcf42e23 m f004100c   00000007  sw       x15, -0x24(x8)
#498 0 800000e0 fe442783 r 0f         00000001  lw       x15, -0x1c(x8)
#499 0 800000e4     078a r 0f         00000004  c.slli   x15, 2
#500 0 800000e6 fcc42703 r 0e         f0040000  lw       x14, -0x34(x8)
#501 0 800000ea     97ba r 0f         f0040004  c.add    x15, x14
#502 0 800000ec     4398 r 0e         00000042  c.lw     x14, 0x0(x15)
#503 0 800000ee fdc42783 r 0f         00000007  lw       x15, -0x24(x8)
#504 0 800000f2     078a r 0f         0000001c  c.slli   x15, 2
#505 0 800000f4 fcc42683 r 0d         f0040000  lw       x13, -0x34(x8)
#506 0 800000f8     97b6 r 0f         f004001c  c.add    x15, x13
#507 0 800000fa     439c r 0f         0000000b  c.lw     x15, 0x0(x15)
#508 0 800000fc 04e7d563 r 00         00000000  bge      x15, x14, . + 0x4a
#509 0 80000100 fe442783 r 0f         00000001  lw       x15, -0x1c(x8)
#510 0 80000104     078a r 0f         00000004  c.slli   x15, 2
#511 0 80000106 fcc42703 r 0e         f0040000  lw       x14, -0x34(x8)
#512 0 8000010a     97ba r 0f         f0040004  c.add    x15, x14
#513 0 8000010c     439c r 0f         00000042  c.lw     x15, 0x0(x15)
#514 0 8000010e fef42023 m f0041010   00000042  sw       x15, -0x20(x8)
#515 0 80000112 fdc42783 r 0f         00000007  lw       x15, -0x24(x8)
#516 0 80000116     078a r 0f         0000001c  c.slli   x15, 2
#517 0 80000118 fcc42703 r 0e         f0040000  lw       x14, -0x34(x8)
#518 0 8000011c     973e r 0e         f004001c  c.add    x14, x15
#519 0 8000011e fe442783 r 0f         00000001  lw       x15, -0x1c(x8)
#520 0 80000122     078a r 0f         00000004  c.slli   x15, 2
#521 0 80000124 fcc42683 r 0d         f0040000  lw       x13, -0x34(x8)
#522 0 80000128     97b6 r 0f         f0040004  c.add    x15, x13
#523 0 8000012a     4318 r 0e         0000000b  c.lw     x14, 0x0(x14)
#524 0 8000012c     c398 m f0040004   0000000b  c.sw     x14, 0x0(x15)
#525 0 8000012e fdc42783 r 0f         00000007  lw       x15, -0x24(x8)
#526 0 80000132     078a r 0f         0000001c  c.slli   x15, 2
#527 0 80000134 fcc42703 r 0e         f0040000  lw       x14, -0x34(x8)
#528 0 80000138     97ba r 0f         f004001c  c.add    x15, x14
#529 0 8000013a fe042703 r 0e         00000042  lw       x14, -0x20(x8)
#530 0 8000013e     c398 m f004001c   00000042  c.sw     x14, 0x0(x15)
#531 0 80000140     4785 r 0f         00000001  c.li     x15, 0x1
#532 0 80000142 fef42423 m f0041018   00000001  sw       x15, -0x18(x8)
#533 0 80000146 fe442783 r 0f         00000001  lw       x15, -0x1c(x8)
#534 0 8000014a     0785 r 0f         00000002  c.addi   x15, 0x1
#535 0 8000014c fef42223 m f0041014   00000002  sw       x15, -0x1c(x8)
#536 0 80000150     4739 r 0e         0000000e  c.li     x14, 0xe
#537 0 80000152 fec42783 r 0f         00000006  lw       x15, -0x14(x8)
#538 0 80000156 40f707b3 r 0f         00000008  sub      x15, x14, x15
#539 0 8000015a fe442703 r 0e         00000002  lw       x14, -0x1c(x8)
#540 0 8000015e f6f74ae3 r 00         00000000  blt      x14, x15, . - 0x8c
#541 0 800000d2 fe442703 r 0e         00000002  lw       x14, -0x1c(x8)
#542 0 800000d6 fec42783 r 0f         00000006  lw       x15, -0x14(x8)
#543 0 800000da     97ba r 0f         00000008  c.add    x15, x14
#544 0 800000dc fcf42e23 m f004100c   00000008  sw       x15, -0x24(x8)
#545 0 800000e0 fe442783 r 0f         00000002  lw       x15, -0x1c(x8)
#546 0 800000e4     078a r 0f         00000008  c.slli   x15, 2
#547 0 800000e6 fcc42703 r 0e         f0040000  lw       x14, -0x34(x8)
#548 0 800000ea     97ba r 0f         f0040008  c.add    x15, x14
#549 0 800000ec     4398 r 0e         00000000  c.lw     x14, 0x0(x15)
#550 0 800000ee fdc42783 r 0f         00000008  lw       x15, -0x24(x8)
#551 0 800000f2     078a r 0f         00000020  c.slli   x15, 2
#552 0 800000f4 fcc42683 r 0d         f0040000  lw       x13, -0x34(x8)
#553 0 800000f8     97b6 r 0f         f0040020  c.add    x15, x13
#554 0 800000fa     439c r 0f         0000005a  c.lw     x15, 0x0(x15)
#555 0 800000fc 04e7d563 r 00         00000000  bge      x15, x14, . + 0x4a
#556 0 80000146 fe442783 r 0f         00000002  lw       x15, -0x1c(x8)
#557 0 8000014a     0785 r 0f         00000003  c.addi   x15, 0x1
#558 0 8000014c fef42223 m f0041014   00000003  sw       x15, -0x1c(x8)
#559 0 80000150     4739 r 0e         0000000e  c.li     x14, 0xe
#560 0 80000152 fec42783 r 0f         00000006  lw       x15, -0x14(x8)
#561 0 80000156 40f707b3 r 0f         00000008  sub      x15, x14, x15
#562 0 8000015a fe442703 r 0e         00000003  lw       x14, -0x1c(x8)
#563 0 8000015e f6f74ae3 r 00         00000000  blt      x14, x15, . - 0x8c
#564 0 800000d2 fe442703 r 0e         00000003  lw       x14, -0x1c(x8)
#565 0 800000d6 fec42783 r 0f         00000006  lw       x15, -0x14(x8)
#566 0 800000da     97ba r 0f         00000009  c.add    x15, x14
#567 0 800000dc fcf42e23 m f004100c   00000009  sw       x15, -0x24(x8)
#568 0 800000e0 fe442783 r 0f         00000003  lw       x15, -0x1c(x8)
#569 0 800000e4     078a r 0f         0000000c  c.slli   x15, 2
#570 0 800000e6 fcc42703 r 0e         f0040000  lw       x14, -0x34(x8)
#571 0 800000ea     97ba r 0f         f004000c  c.add    x15, x14
#572 0 800000ec     4398 r 0e         0000002d  c.lw     x14, 0x0(x15)
#573 0 800000ee fdc42783 r 0f         00000009  lw       x15, -0x24(x8)
#574 0 800000f2     078a r 0f         00000024  c.slli   x15, 2
#575 0 800000f4 fcc42683 r 0d         f0040000  lw       x13, -0x34(x8)
#576 0 800000f8     97b6 r 0f         f0040024  c.add    x15, x13
#577 0 800000fa     439c r 0f         00000048  c.lw     x15, 0x0(x15)
#578 0 800000fc 04e7d563 r 00         00000000  bge      x15, x14, . + 0x4a
#579 0 80000146 fe442783 r 0f         00000003  lw       x15, -0x1c(x8)
#580 0 8000014a     0785 r 0f         00000004  c.addi   x15, 0x1
#581 0 8000014c fef42223 m f0041014   00000004  sw       x15, -0x1c(x8)
#582 0 80000150     4739 r 0e         0000000e  c.li     x14, 0xe
#583 0 80000152 fec42783 r 0f         00000006  lw       x15, -0x14(x8)
#584 0 80000156 40f707b3 r 0f         00000008  sub      x15, x14, x15
#585 0 8000015a fe442703 r 0e         00000004  lw       x14, -0x1c(x8)
#586 0 8000015e f6f74ae3 r 00         00000000  blt      x14, x15, . - 0x8c
#587 0 800000d2 fe442703 r 0e         00000004  lw       x14, -0x1c(x8)
#588 0 800000d6 fec42783 r 0f         00000006  lw       x15, -0x14(x8)
#589 0 800000da     97ba r 0f         0000000a  c.add    x15, x14
#590 0 800000dc fcf42e23 m f004100c   0000000a  sw       x15, -0x24(x8)
#591 0 800000e0 fe442783 r 0f         00000004  lw       x15, -0x1c(x8)
#592 0 800000e4     078a r 0f         00000010  c.slli   x15, 2
#593 0 800000e6 fcc42703 r 0e         f0040000  lw       x14, -0x34(x8)
#594 0 800000ea     97ba r 0f         f0040010  c.add    x15, x14
#595 0 800000ec     4398 r 0e         0000002c  c.lw     x14, 0x0(x15)
#596 0 800000ee fdc42783 r 0f         0000000a  lw       x15, -0x24(x8)
#597 0 800000f2     078a r 0f         00000028  c.slli   x15, 2
#598 0 800000f4 fcc42683 r 0d         f0040000  lw       x13, -0x34(x8)
#599 0 800000f8     97b6 r 0f         f0040028  c.add    x15, x13
#600 0 800000fa     439c r 0f         0000004e  c.lw     x15, 0x0(x15)
#601 0 800000fc 04e7d563 r 00         00000000  bge      x15, x14, . + 0x4a
#602 0 80000146 fe442783 r 0f         00000004  lw       x15, -0x1c(x8)
#603 0 8000014a     0785 r 0f         00000005  c.addi   x15, 0x1
#604 0 8000014c fef42223 m f0041014   00000005  sw       x15, -0x1c(x8)
#605 0 80000150     4739 r 0e         0000000e  c.li     x14, 0xe
#606 0 80000152 fec42783 r 0f         00000006  lw       x15, -0x14(x8)
#607 0 80000156 40f707b3 r 0f         00000008  sub      x15, x14, x15
#608 0 8000015a fe442703 r 0e         00000005  lw       x14, -0x1c(x8)
#609 0 8000015e f6f74ae3 r 00         00000000  blt      x14, x15, . - 0x8c
#610 0 800000d2 fe442703 r 0e         00000005  lw       x14, -0x1c(x8)
#611 0 800000d6 fec42783 r 0f         00000006  lw       x15, -0x14(x8)
#612 0 800000da     97ba r 0f         0000000b  c.add    x15, x14
#613 0 800000dc fcf42e23 m f004100c   0000000b  sw       x15, -0x24(x8)
#614 0 800000e0 fe442783 r 0f         00000005  lw       x15, -0x1c(x8)
#615 0 800000e4     078a r 0f         00000014  c.slli   x15, 2
#616 0 800000e6 fcc42703 r 0e         f0040000  lw       x14, -0x34(x8)
#617 0 800000ea     97ba r 0f         f0040014  c.add    x15, x14
#618 0 800000ec     4398 r 0e         0000000c  c.lw     x14, 0x0(x15)
#619 0 800000ee fdc42783 r 0f         0000000b  lw       x15, -0x24(x8)
#620 0 800000f2     078a r 0f         0000002c  c.slli   x15, 2
#621 0 800000f4 fcc42683 r 0d         f0040000  lw       x13, -0x34(x8)
#622 0 800000f8     97b6 r 0f         f004002c  c.add    x15, x13
#623 0 800000fa     439c r 0f         00000059  c.lw     x15, 0x0(x15)
#624 0 800000fc 04e7d563 r 00         00000000  bge      x15, x14, . + 0x4a
#625 0 80000146 fe442783 r 0f         00000005  lw       x15, -0x1c(x8)
#626 0 8000014a     0785 r 0f         00000006  c.addi   x15, 0x1
#627 0 8000014c fef42223 m f0041014   00000006  sw       x15, -0x1c(x8)
#628 0 80000150     4739 r 0e         0000000e  c.li     x14, 0xe
#629 0 80000152 fec42783 r 0f         00000006  lw       x15, -0x14(x8)
#630 0 80000156 40f707b3 r 0f         00000008  sub      x15, x14, x15
#631 0 8000015a fe442703 r 0e         00000006  lw       x14, -0x1c(x8)
#632 0 8000015e f6f74ae3 r 00         00000000  blt      x14, x15, . - 0x8c
#633 0 800000d2 fe442703 r 0e         00000006  lw       x14, -0x1c(x8)
#634 0 800000d6 fec42783 r 0f         00000006  lw       x15, -0x14(x8)
#635 0 800000da     97ba r 0f         0000000c  c.add    x15, x14
#636 0 800000dc fcf42e23 m f004100c   0000000c  sw       x15, -0x24(x8)
#637 0 800000e0 fe442783 r 0f         00000006  lw       x15, -0x1c(x8)
#638 0 800000e4     078a r 0f         00000018  c.slli   x15, 2
#639 0 800000e6 fcc42703 r 0e         f0040000  lw       x14, -0x34(x8)
#640 0 800000ea     97ba r 0f         f0040018  c.add    x15, x14
#641 0 800000ec     4398 r 0e         00000058  c.lw     x14, 0x0(x15)
#642 0 800000ee fdc42783 r 0f         0000000c  lw       x15, -0x24(x8)
#643 0 800000f2     078a r 0f         00000030  c.slli   x15, 2
#644 0 800000f4 fcc42683 r 0d         f0040000  lw       x13, -0x34(x8)
#645 0 800000f8     97b6 r 0f         f0040030  c.add    x15, x13
#646 0 800000fa     439c r 0f         00000043  c.lw     x15, 0x0(x15)
#647 0 800000fc 04e7d563 r 00         00000000  bge      x15, x14, . + 0x4a
#648 0 80000100 fe442783 r 0f         00000006  lw       x15, -0x1c(x8)
#649 0 80000104     078a r 0f         00000018  c.slli   x15, 2
#650 0 80000106 fcc42703 r 0e         f0040000  lw       x14, -0x34(x8)
#651 0 8000010a     97ba r 0f         f0040018  c.add    x15, x14
#652 0 8000010c     439c r 0f         00000058  c.lw     x15, 0x0(x15)
#653 0 8000010e fef42023 m f0041010   00000058  sw       x15, -0x20(x8)
#654 0 80000112 fdc42783 r 0f         0000000c  lw       x15, -0x24(x8)
#655 0 80000116     078a r 0f         00000030  c.slli   x15, 2
#656 0 80000118 fcc42703 r 0e         f0040000  lw       x14, -0x34(x8)
#657 0 8000011c     973e r 0e         f0040030  c.add    x14, x15
#658 0 8000011e fe442783 r 0f         00000006  lw       x15, -0x1c(x8)
#659 0 80000122     078a r 0f         00000018  c.slli   x15, 2
#660 0 80000124 fcc42683 r 0d         f0040000  lw       x13, -0x34(x8)
#661 0 80000128     97b6 r 0f         f0040018  c.add    x15, x13
#662 0 8000012a     4318 r 0e         00000043  c.lw     x14, 0x0(x14)
#663 0 8000012c     c398 m f0040018   00000043  c.sw     x14, 0x0(x15)
#664 0 8000012e fdc42783 r 0f         0000000c  lw       x15, -0x24(x8)
#665 0 80000132     078a r 0f         00000030  c.slli   x15, 2
#666 0 80000134 fcc42703 r 0e         f0040000  lw       x14, -0x34(x8)
#667 0 80000138     97ba r 0f         f0040030  c.add    x15, x14
#668 0 8000013a fe042703 r 0e         00000058  lw       x14, -0x20(x8)
#669 0 8000013e     c398 m f0040030   00000058  c.sw     x14, 0x0(x15)
#670 0 80000140     4785 r 0f         00000001  c.li     x15, 0x1
#671 0 80000142 fef42423 m f0041018   00000001  sw       x15, -0x18(x8)
#672 0 80000146 fe442783 r 0f         00000006  lw       x15, -0x1c(x8)
#673 0 8000014a     0785 r 0f         00000007  c.addi   x15, 0x1
#674 0 8000014c fef42223 m f0041014   00000007  sw       x15, -0x1c(x8)
#675 0 80000150     4739 r 0e         0000000e  c.li     x14, 0xe
#676 0 80000152 fec42783 r 0f         00000006  lw       x15, -0x14(x8)
#677 0 80000156 40f707b3 r 0f         00000008  sub      x15, x14, x15
#678 0 8000015a fe442703 r 0e         00000007  lw       x14, -0x1c(x8)
#679 0 8000015e f6f74ae3 r 00         00000000  blt      x14, x15, . - 0x8c
#680 0 800000d2 fe442703 r 0e         00000007  lw       x14, -0x1c(x8)
#681 0 800000d6 fec42783 r 0f         00000006  lw       x15, -0x14(x8)
#682 0 800000da     97ba r 0f         0000000d  c.add    x15, x14
#683 0 800000dc fcf42e23 m f004100c   0000000d  sw       x15, -0x24(x8)
#684 0 800000e0 fe442783 r 0f         00000007  lw       x15, -0x1c(x8)
#685 0 800000e4     078a r 0f         0000001c  c.slli   x15, 2
#686 0 800000e6 fcc42703 r 0e         f0040000  lw       x14, -0x34(x8)
#687 0 800000ea     97ba r 0f         f004001c  c.add    x15, x14
#688 0 800000ec     4398 r 0e         00000042  c.lw     x14, 0x0(x15)
#689 0 800000ee fdc42783 r 0f         0000000d  lw       x15, -0x24(x8)
#690 0 800000f2     078a r 0f         00000034  c.slli   x15, 2
#691 0 800000f4 fcc42683 r 0d         f0040000  lw       x13, -0x34(x8)
#692 0 800000f8     97b6 r 0f         f0040034  c.add    x15, x13
#693 0 800000fa     439c r 0f         00000017  c.lw     x15, 0x0(x15)
#694 0 800000fc 04e7d563 r 00         00000000  bge      x15, x14, . + 0x4a
#695 0 80000100 fe442783 r 0f         00000007  lw       x15, -0x1c(x8)
#696 0 80000104     078a r 0f         0000001c  c.slli   x15, 2
#697 0 80000106 fcc42703 r 0e         f0040000  lw       x14, -0x34(x8)
#698 0 8000010a     97ba r 0f         f004001c  c.add    x15, x14
#699 0 8000010c     439c r 0f         00000042  c.lw     x15, 0x0(x15)
#700 0 8000010e fef42023 m f0041010   00000042  sw       x15, -0x20(x8)
#701 0 80000112 fdc42783 r 0f         0000000d  lw       x15, -0x24(x8)
#702 0 80000116     078a r 0f         00000034  c.slli   x15, 2
#703 0 80000118 fcc42703 r 0e         f0040000  lw       x14, -0x34(x8)
#704 0 8000011c     973e r 0e         f0040034  c.add    x14, x15
#705 0 8000011e fe442783 r 0f         00000007  lw       x15, -0x1c(x8)
#706 0 80000122     078a r 0f         0000001c  c.slli   x15, 2
#707 0 80000124 fcc42683 r 0d         f0040000  lw       x13, -0x34(x8)
#708 0 80000128     97b6 r 0f         f004001c  c.add    x15, x13
#709 0 8000012a     4318 r 0e         00000017  c.lw     x14, 0x0(x14)
#710 0 8000012c     c398 m f004001c   00000017  c.sw     x14, 0x0(x15)
#711 0 8000012e fdc42783 r 0f         0000000d  lw       x15, -0x24(x8)
#712 0 80000132     078a r 0f         00000034  c.slli   x15, 2
#713 0 80000134 fcc42703 r 0e         f0040000  lw       x14, -0x34(x8)
#714 0 80000138     97ba r 0f         f0040034  c.add    x15, x14
#715 0 8000013a fe042703 r 0e         00000042  lw       x14, -0x20(x8)
#716 0 8000013e     c398 m f0040034   00000042  c.sw     x14, 0x0(x15)
#717 0 80000140     4785 r 0f         00000001  c.li     x15, 0x1
#718 0 80000142 fef42423 m f0041018   00000001  sw       x15, -0x18(x8)
#719 0 80000146 fe442783 r 0f         00000007  lw       x15, -0x1c(x8)
#720 0 8000014a     0785 r 0f         00000008  c.addi   x15, 0x1
#721 0 8000014c fef42223 m f0041014   00000008  sw       x15, -0x1c(x8)
#722 0 80000150     4739 r 0e         0000000e  c.li     x14, 0xe
#723 0 80000152 fec42783 r 0f         00000006  lw       x15, -0x14(x8)
#724 0 80000156 40f707b3 r 0f         00000008  sub      x15, x14, x15
#725 0 8000015a fe442703 r 0e         00000008  lw       x14, -0x1c(x8)
#726 0 8000015e f6f74ae3 r 00         00000000  blt      x14, x15, . - 0x8c
#727 0 80000162 fec42703 r 0e         00000006  lw       x14, -0x14(x8)
#728 0 80000166     4785 r 0f         00000001  c.li     x15, 0x1
#729 0 80000168 f4f71be3 r 00         00000000  bne      x14, x15, . - 0xaa
#730 0 800000be fec42503 r 0a         00000006  lw       x10, -0x14(x8)
#731 0 800000c2     3751 r 01         800000c4  c.jal    . - 0x7c
#732 0 80000046     1101 r 02         f0040fd0  c.addi   x2, -0x20
#733 0 80000048     ce22 m f0040fec   f0041030  c.swsp   x8, 0x1c
#734 0 8000004a     1000 r 08         f0040ff0  c.addi4spn  x8, 0x8
#735 0 8000004c fea42623 m f0040fdc   00000006  sw       x10, -0x14(x8)
#736 0 80000050 fec42703 r 0e         00000006  lw       x14, -0x14(x8)
#737 0 80000054     87ba r 0f         00000006  c.mv     x15, x14
#738 0 80000056     078a r 0f         00000018  c.slli   x15, 2
#739 0 80000058     97ba r 0f         0000001e  c.add    x15, x14
#740 0 8000005a     0786 r 0f         0000003c  c.slli   x15, 1
#741 0 8000005c     873e r 0e         0000003c  c.mv     x14, x15
#742 0 8000005e     47b5 r 0f         0000000d  c.li     x15, 0xd
#743 0 80000060 02f747b3 r 0f         00000004  div      x15, x14, x15
#744 0 80000064 fef42623 m f0040fdc   00000004  sw       x15, -0x14(x8)
#745 0 80000068 fec42703 r 0e         00000004  lw       x14, -0x14(x8)
#746 0 8000006c     47a5 r 0f         00000009  c.li     x15, 0x9
#747 0 8000006e 00f70763 r 00         00000000  beq      x14, x15, . + 0xe
#748 0 80000072 fec42703 r 0e         00000004  lw       x14, -0x14(x8)
#749 0 80000076     47a9 r 0f         0000000a  c.li     x15, 0xa
#750 0 80000078 00f71563 r 00         00000000  bne      x14, x15, . + 0xa
#751 0 80000082 fec42783 r 0f         00000004  lw       x15, -0x14(x8)
#752 0 80000086 00f04563 r 00         00000000  blt      x0, x15, . + 0xa
#753 0 80000090 fec42783 r 0f         00000004  lw       x15, -0x14(x8)
#754 0 80000094     853e r 0a         00000004  c.mv     x10, x15
#755 0 80000096     4472 r 08         f0041030  c.lwsp   x8, 0x1c
#756 0 80000098     6105 r 02         f0040ff0  c.addi16sp 0x2
#757 0 8000009a     8082 r 00         00000000  c.jr     x1
#758 0 800000c4 fea42623 m f004101c   00000004  sw       x10, -0x14(x8)
#759 0 800000c8 fe042423 m f0041018   00000000  sw       x0, -0x18(x8)
#760 0 800000cc fe042223 m f0041014   00000000  sw       x0, -0x1c(x8)
#761 0 800000d0     a041 r 00         00000000  c.j      . + 0x80
#762 0 80000150     4739 r 0e         0000000e  c.li     x14, 0xe
#763 0 80000152 fec42783 r 0f         00000004  lw       x15, -0x14(x8)
#764 0 80000156 40f707b3 r 0f         0000000a  sub      x15, x14, x15
#765 0 8000015a fe442703 r 0e         00000000  lw       x14, -0x1c(x8)
#766 0 8000015e f6f74ae3 r 00         00000000  blt      x14, x15, . - 0x8c
#767 0 800000d2 fe442703 r 0e         00000000  lw       x14, -0x1c(x8)
#768 0 800000d6 fec42783 r 0f         00000004  lw       x15, -0x14(x8)
#769 0 800000da     97ba r 0f         00000004  c.add    x15, x14
#770 0 800000dc fcf42e23 m f004100c   00000004  sw       x15, -0x24(x8)
#771 0 800000e0 fe442783 r 0f         00000000  lw       x15, -0x1c(x8)
#772 0 800000e4     078a r 0f         00000000  c.slli   x15, 2
#773 0 800000e6 fcc42703 r 0e         f0040000  lw       x14, -0x34(x8)
#774 0 800000ea     97ba r 0f         f0040000  c.add    x15, x14
#775 0 800000ec     4398 r 0e         00000022  c.lw     x14, 0x0(x15)
#776 0 800000ee fdc42783 r 0f         00000004  lw       x15, -0x24(x8)
#777 0 800000f2     078a r 0f         00000010  c.slli   x15, 2
#778 0 800000f4 fcc42683 r 0d         f0040000  lw       x13, -0x34(x8)
#779 0 800000f8     97b6 r 0f         f0040010  c.add    x15, x13
#780 0 800000fa     439c r 0f         0000002c  c.lw     x15, 0x0(x15)
#781 0 800000fc 04e7d563 r 00         00000000  bge      x15, x14, . + 0x4a
#782 0 80000146 fe442783 r 0f         00000000  lw       x15, -0x1c(x8)
#783 0 8000014a     0785 r 0f         00000001  c.addi   x15, 0x1
#784 0 8000014c fef42223 m f0041014   00000001  sw       x15, -0x1c(x8)
#785 0 80000150     4739 r 0e         0000000e  c.li     x14, 0xe
#786 0 80000152 fec42783 r 0f         00000004  lw       x15, -0x14(x8)
#787 0 80000156 40f707b3 r 0f         0000000a  sub      x15, x14, x15
#788 0 8000015a fe442703 r 0e         00000001  lw       x14, -0x1c(x8)
#789 0 8000015e f6f74ae3 r 00         00000000  blt      x14, x15, . - 0x8c
#790 0 800000d2 fe442703 r 0e         00000001  lw       x14, -0x1c(x8)
#791 0 800000d6 fec42783 r 0f         00000004  lw       x15, -0x14(x8)
#792 0 800000da     97ba r 0f         00000005  c.add    x15, x14
#793 0 800000dc fcf42e23 m f004100c   00000005  sw       x15, -0x24(x8)
#794 0 800000e0 fe442783 r 0f         00000001  lw       x15, -0x1c(x8)
#795 0 800000e4     078a r 0f         00000004  c.slli   x15, 2
#796 0 800000e6 fcc42703 r 0e         f0040000  lw       x14, -0x34(x8)
#797 0 800000ea     97ba r 0f         f0040004  c.add    x15, x14
#798 0 800000ec     4398 r 0e         0000000b  c.lw     x14, 0x0(x15)
#799 0 800000ee fdc42783 r 0f         00000005  lw       x15, -0x24(x8)
#800 0 800000f2     078a r 0f         00000014  c.slli   x15, 2
#801 0 800000f4 fcc42683 r 0d         f0040000  lw       x13, -0x34(x8)
#802 0 800000f8     97b6 r 0f         f0040014  c.add    x15, x13
#803 0 800000fa     439c r 0f         0000000c  c.lw     x15, 0x0(x15)
#804 0 800000fc 04e7d563 r 00         00000000  bge      x15, x14, . + 0x4a
#805 0 80000146 fe442783 r 0f         00000001  lw       x15, -0x1c(x8)
#806 0 8000014a     0785 r 0f         00000002  c.addi   x15, 0x1
#807 0 8000014c fef42223 m f0041014   00000002  sw       x15, -0x1c(x8)
#808 0 80000150     4739 r 0e         0000000e  c.li     x14, 0xe
#809 0 80000152 fec42783 r 0f         00000004  lw       x15, -0x14(x8)
#810 0 80000156 40f707b3 r 0f         0000000a  sub      x15, x14, x15
#811 0 8000015a fe442703 r 0e         00000002  lw       x14, -0x1c(x8)
#812 0 8000015e f6f74ae3 r 00         00000000  blt      x14, x15, . - 0x8c
#813 0 800000d2 fe442703 r 0e         00000002  lw       x14, -0x1c(x8)
#814 0 800000d6 fec42783 r 0f         00000004  lw       x15, -0x14(x8)
#815 0 800000da     97ba r 0f         00000006  c.add    x15, x14
#816 0 800000dc fcf42e23 m f004100c   00000006  sw       x15, -0x24(x8)
#817 0 800000e0 fe442783 r 0f         00000002  lw       x15, -0x1c(x8)
#818 0 800000e4     078a r 0f         00000008  c.slli   x15, 2
#819 0 800000e6 fcc42703 r 0e         f0040000  lw       x14, -0x34(x8)
#820 0 800000ea     97ba r 0f         f0040008  c.add    x15, x14
#821 0 800000ec     4398 r 0e         00000000  c.lw     x14, 0x0(x15)
#822 0 800000ee fdc42783 r 0f         00000006  lw       x15, -0x24(x8)
#823 0 800000f2     078a r 0f         00000018  c.slli   x15, 2
#824 0 800000f4 fcc42683 r 0d         f0040000  lw       x13, -0x34(x8)
#825 0 800000f8     97b6 r 0f         f0040018  c.add    x15, x13
#826 0 800000fa     439c r 0f         00000043  c.lw     x15, 0x0(x15)
#827 0 800000fc 04e7d563 r 00         00000000  bge      x15, x14, . + 0x4a
#828 0 80000146 fe442783 r 0f         00000002  lw       x15, -0x1c(x8)
#829 0 8000014a     0785 r 0f         00000003  c.addi   x15, 0x1
#830 0 8000014c fef42223 m f0041014   00000003  sw       x15, -0x1c(x8)
#831 0 80000150     4739 r 0e         0000000e  c.li     x14, 0xe
#832 0 80000152 fec42783 r 0f         00000004  lw       x15, -0x14(x8)
#833 0 80000156 40f707b3 r 0f         0000000a  sub      x15, x14, x15
#834 0 8000015a fe442703 r 0e         00000003  lw       x14, -0x1c(x8)
#835 0 8000015e f6f74ae3 r 00         00000000  blt      x14, x15, . - 0x8c
#836 0 800000d2 fe442703 r 0e         00000003  lw       x14, -0x1c(x8)
#837 0 800000d6 fec42783 r 0f         00000004  lw       x15, -0x14(x8)
#838 0 800000da     97ba r 0f         00000007  c.add    x15, x14
#839 0 800000dc fcf42e23 m f004100c   00000007  sw       x15, -0x24(x8)
#840 0 800000e0 fe442783 r 0f         00000003  lw       x15, -0x1c(x8)
#841 0 800000e4     078a r 0f         0000000c  c.slli   x15, 2
#842 0 800000e6 fcc42703 r 0e         f0040000  lw       x14, -0x34(x8)
#843 0 800000ea     97ba r 0f         f004000c  c.add    x15, x14
#844 0 800000ec     4398 r 0e         0000002d  c.lw     x14, 0x0(x15)
#845 0 800000ee fdc42783 r 0f         00000007  lw       x15, -0x24(x8)
#846 0 800000f2     078a r 0f         0000001c  c.slli   x15, 2
#847 0 800000f4 fcc42683 r 0d         f0040000  lw       x13, -0x34(x8)
#848 0 800000f8     97b6 r 0f         f004001c  c.add    x15, x13
#849 0 800000fa     439c r 0f         00000017  c.lw     x15, 0x0(x15)
#850 0 800000fc 04e7d563 r 00         00000000  bge      x15, x14, . + 0x4a
#851 0 80000100 fe442783 r 0f         00000003  lw       x15, -0x1c(x8)
#852 0 80000104     078a r 0f         0000000c  c.slli   x15, 2
#853 0 80000106 fcc42703 r 0e         f0040000  lw       x14, -0x34(x8)
#854 0 8000010a     97ba r 0f         f004000c  c.add    x15, x14
#855 0 8000010c     439c r 0f         0000002d  c.lw     x15, 0x0(x15)
#856 0 8000010e fef42023 m f0041010   0000002d  sw       x15, -0x20(x8)
#857 0 80000112 fdc42783 r 0f         00000007  lw       x15, -0x24(x8)
#858 0 80000116     078a r 0f         0000001c  c.slli   x15, 2
#859 0 80000118 fcc42703 r 0e         f0040000  lw       x14, -0x34(x8)
#860 0 8000011c     973e r 0e         f004001c  c.add    x14, x15
#861 0 8000011e fe442783 r 0f         00000003  lw       x15, -0x1c(x8)
#862 0 80000122     078a r 0f         0000000c  c.slli   x15, 2
#863 0 80000124 fcc42683 r 0d         f0040000  lw       x13, -0x34(x8)
#864 0 80000128     97b6 r 0f         f004000c  c.add    x15, x13
#865 0 8000012a     4318 r 0e         00000017  c.lw     x14, 0x0(x14)
#866 0 8000012c     c398 m f004000c   00000017  c.sw     x14, 0x0(x15)
#867 0 8000012e fdc42783 r 0f         00000007  lw       x15, -0x24(x8)
#868 0 80000132     078a r 0f         0000001c  c.slli   x15, 2
#869 0 80000134 fcc42703 r 0e         f0040000  lw       x14, -0x34(x8)
#870 0 80000138     97ba r 0f         f004001c  c.add    x15, x14
#871 0 8000013a fe042703 r 0e         0000002d  lw       x14, -0x20(x8)
#872 0 8000013e     c398 m f004001c   0000002d  c.sw     x14, 0x0(x15)
#873 0 80000140     4785 r 0f         00000001  c.li     x15, 0x1
#874 0 80000142 fef42423 m f0041018   00000001  sw       x15, -0x18(x8)
#875 0 80000146 fe442783 r 0f         00000003  lw       x15, -0x1c(x8)
#876 0 8000014a     0785 r 0f         00000004  c.addi   x15, 0x1
#877 0 8000014c fef42223 m f0041014   00000004  sw       x15, -0x1c(x8)
#878 0 80000150     4739 r 0e         0000000e  c.li     x14, 0xe
#879 0 80000152 fec42783 r 0f         00000004  lw       x15, -0x14(x8)
#880 0 80000156 40f707b3 r 0f         0000000a  sub      x15, x14, x15
#881 0 8000015a fe442703 r 0e         00000004  lw       x14, -0x1c(x8)
#882 0 8000015e f6f74ae3 r 00         00000000  blt      x14, x15, . - 0x8c
#883 0 800000d2 fe442703 r 0e         00000004  lw       x14, -0x1c(x8)
#884 0 800000d6 fec42783 r 0f         00000004  lw       x15, -0x14(x8)
#885 0 800000da     97ba r 0f         00000008  c.add    x15, x14
#886 0 800000dc fcf42e23 m f004100c   00000008  sw       x15, -0x24(x8)
#887 0 800000e0 fe442783 r 0f         00000004  lw       x15, -0x1c(x8)
#888 0 800000e4     078a r 0f         00000010  c.slli   x15, 2
#889 0 800000e6 fcc42703 r 0e         f0040000  lw       x14, -0x34(x8)
#890 0 800000ea     97ba r 0f         f0040010  c.add    x15, x14
#891 0 800000ec     4398 r 0e         0000002c  c.lw     x14, 0x0(x15)
#892 0 800000ee fdc42783 r 0f         00000008  lw       x15, -0x24(x8)
#893 0 800000f2     078a r 0f         00000020  c.slli   x15, 2
#894 0 800000f4 fcc42683 r 0d         f0040000  lw       x13, -0x34(x8)
#895 0 800000f8     97b6 r 0f         f0040020  c.add    x15, x13
#896 0 800000fa     439c r 0f         0000005a  c.lw     x15, 0x0(x15)
#897 0 800000fc 04e7d563 r 00         00000000  bge      x15, x14, . + 0x4a
#898 0 80000146 fe442783 r 0f         00000004  lw       x15, -0x1c(x8)
#899 0 8000014a     0785 r 0f         00000005  c.addi   x15, 0x1
#900 0 8000014c fef42223 m f0041014   00000005  sw       x15, -0x1c(x8)
#901 0 80000150     4739 r 0e         0000000e  c.li     x14, 0xe
#902 0 80000152 fec42783 r 0f         00000004  lw       x15, -0x14(x8)
#903 0 80000156 40f707b3 r 0f         0000000a  sub      x15, x14, x15
#904 0 8000015a fe442703 r 0e         00000005  lw       x14, -0x1c(x8)
#905 0 8000015e f6f74ae3 r 00         00000000  blt      x14, x15, . - 0x8c
#906 0 800000d2 fe442703 r 0e         00000005  lw       x14, -0x1c(x8)
#907 0 800000d6 fec42783 r 0f         00000004  lw       x15, -0x14(x8)
#908 0 800000da     97ba r 0f         00000009  c.add    x15, x14
#909 0 800000dc fcf42e23 m f004100c   00000009  sw       x15, -0x24(x8)
#910 0 800000e0 fe442783 r 0f         00000005  lw       x15, -0x1c(x8)
#911 0 800000e4     078a r 0f         00000014  c.slli   x15, 2
#912 0 800000e6 fcc42703 r 0e         f0040000  lw       x14, -0x34(x8)
#913 0 800000ea     97ba r 0f         f0040014  c.add    x15, x14
#914 0 800000ec     4398 r 0e         0000000c  c.lw     x14, 0x0(x15)
#915 0 800000ee fdc42783 r 0f         00000009  lw       x15, -0x24(x8)
#916 0 800000f2     078a r 0f         00000024  c.slli   x15, 2
#917 0 800000f4 fcc42683 r 0d         f0040000  lw       x13, -0x34(x8)
#918 0 800000f8     97b6 r 0f         f0040024  c.add    x15, x13
#919 0 800000fa     439c r 0f         00000048  c.lw     x15, 0x0(x15)
#920 0 800000fc 04e7d563 r 00         00000000  bge      x15, x14, . + 0x4a
#921 0 80000146 fe442783 r 0f         00000005  lw       x15, -0x1c(x8)
#922 0 8000014a     0785 r 0f         00000006  c.addi   x15, 0x1
#923 0 8000014c fef42223 m f0041014   00000006  sw       x15, -0x1c(x8)
#924 0 80000150     4739 r 0e         0000000e  c.li     x14, 0xe
#925 0 80000152 fec42783 r 0f         00000004  lw       x15, -0x14(x8)
#926 0 80000156 40f707b3 r 0f         0000000a  sub      x15, x14, x15
#927 0 8000015a fe442703 r 0e         00000006  lw       x14, -0x1c(x8)
#928 0 8000015e f6f74ae3 r 00         00000000  blt      x14, x15, . - 0x8c
#929 0 800000d2 fe442703 r 0e         00000006  lw       x14, -0x1c(x8)
#930 0 800000d6 fec42783 r 0f         00000004  lw       x15, -0x14(x8)
#931 0 800000da     97ba r 0f         0000000a  c.add    x15, x14
#932 0 800000dc fcf42e23 m f004100c   0000000a  sw       x15, -0x24(x8)
#933 0 800000e0 fe442783 r 0f         00000006  lw       x15, -0x1c(x8)
#934 0 800000e4     078a r 0f         00000018  c.slli   x15, 2
#935 0 800000e6 fcc42703 r 0e         f0040000  lw       x14, -0x34(x8)
#936 0 800000ea     97ba r 0f         f0040018  c.add    x15, x14
#937 0 800000ec     4398 r 0e         00000043  c.lw     x14, 0x0(x15)
#938 0 800000ee fdc42783 r 0f         0000000a  lw       x15, -0x24(x8)
#939 0 800000f2     078a r 0f         00000028  c.slli   x15, 2
#940 0 800000f4 fcc42683 r 0d         f0040000  lw       x13, -0x34(x8)
#941 0 800000f8     97b6 r 0f         f0040028  c.add    x15, x13
#942 0 800000fa     439c r 0f         0000004e  c.lw     x15, 0x0(x15)
#943 0 800000fc 04e7d563 r 00         00000000  bge      x15, x14, . + 0x4a
#944 0 80000146 fe442783 r 0f         00000006  lw       x15, -0x1c(x8)
#945 0 8000014a     0785 r 0f         00000007  c.addi   x15, 0x1
#946 0 8000014c fef42223 m f0041014   00000007  sw       x15, -0x1c(x8)
#947 0 80000150     4739 r 0e         0000000e  c.li     x14, 0xe
#948 0 80000152 fec42783 r 0f         00000004  lw       x15, -0x14(x8)
#949 0 80000156 40f707b3 r 0f         0000000a  sub      x15, x14, x15
#950 0 8000015a fe442703 r 0e         00000007  lw       x14, -0x1c(x8)
#951 0 8000015e f6f74ae3 r 00         00000000  blt      x14, x15, . - 0x8c
#952 0 800000d2 fe442703 r 0e         00000007  lw       x14, -0x1c(x8)
#953 0 800000d6 fec42783 r 0f         00000004  lw       x15, -0x14(x8)
#954 0 800000da     97ba r 0f         0000000b  c.add    x15, x14
#955 0 800000dc fcf42e23 m f004100c   0000000b  sw       x15, -0x24(x8)
#956 0 800000e0 fe442783 r 0f         00000007  lw       x15, -0x1c(x8)
#957 0 800000e4     078a r 0f         0000001c  c.slli   x15, 2
#958 0 800000e6 fcc42703 r 0e         f0040000  lw       x14, -0x34(x8)
#959 0 800000ea     97ba r 0f         f004001c  c.add    x15, x14
#960 0 800000ec     4398 r 0e         0000002d  c.lw     x14, 0x0(x15)
#961 0 800000ee fdc42783 r 0f         0000000b  lw       x15, -0x24(x8)
#962 0 800000f2     078a r 0f         0000002c  c.slli   x15, 2
#963 0 800000f4 fcc42683 r 0d         f0040000  lw       x13, -0x34(x8)
#964 0 800000f8     97b6 r 0f         f004002c  c.add    x15, x13
#965 0 800000fa     439c r 0f         00000059  c.lw     x15, 0x0(x15)
#966 0 800000fc 04e7d563 r 00         00000000  bge      x15, x14, . + 0x4a
#967 0 80000146 fe442783 r 0f         00000007  lw       x15, -0x1c(x8)
#968 0 8000014a     0785 r 0f         00000008  c.addi   x15, 0x1
#969 0 8000014c fef42223 m f0041014   00000008  sw       x15, -0x1c(x8)
#970 0 80000150     4739 r 0e         0000000e  c.li     x14, 0xe
#971 0 80000152 fec42783 r 0f         00000004  lw       x15, -0x14(x8)
#972 0 80000156 40f707b3 r 0f         0000000a  sub      x15, x14, x15
#973 0 8000015a fe442703 r 0e         00000008  lw       x14, -0x1c(x8)
#974 0 8000015e f6f74ae3 r 00         00000000  blt      x14, x15, . - 0x8c
#975 0 800000d2 fe442703 r 0e         00000008  lw       x14, -0x1c(x8)
#976 0 800000d6 fec42783 r 0f         00000004  lw       x15, -0x14(x8)
#977 0 800000da     97ba r 0f         0000000c  c.add    x15, x14
#978 0 800000dc fcf42e23 m f004100c   0000000c  sw       x15, -0x24(x8)
#979 0 800000e0 fe442783 r 0f         00000008  lw       x15, -0x1c(x8)
#980 0 800000e4     078a r 0f         00000020  c.slli   x15, 2
#981 0 800000e6 fcc42703 r 0e         f0040000  lw       x14, -0x34(x8)
#982 0 800000ea     97ba r 0f         f0040020  c.add    x15, x14
#983 0 800000ec     4398 r 0e         0000005a  c.lw     x14, 0x0(x15)
#984 0 800000ee fdc42783 r 0f         0000000c  lw       x15, -0x24(x8)
#985 0 800000f2     078a r 0f         00000030  c.slli   x15, 2
#986 0 800000f4 fcc42683 r 0d         f0040000  lw       x13, -0x34(x8)
#987 0 800000f8     97b6 r 0f         f0040030  c.add    x15, x13
#988 0 800000fa     439c r 0f         00000058  c.lw     x15, 0x0(x15)
#989 0 800000fc 04e7d563 r 00         00000000  bge      x15, x14, . + 0x4a
#990 0 80000100 fe442783 r 0f         00000008  lw       x15, -0x1c(x8)
#991 0 80000104     078a r 0f         00000020  c.slli   x15, 2
#992 0 80000106 fcc42703 r 0e         f0040000  lw       x14, -0x34(x8)
#993 0 8000010a     97ba r 0f         f0040020  c.add    x15, x14
#994 0 8000010c     439c r 0f         0000005a  c.lw     x15, 0x0(x15)
#995 0 8000010e fef42023 m f0041010   0000005a  sw       x15, -0x20(x8)
#996 0 80000112 fdc42783 r 0f         0000000c  lw       x15, -0x24(x8)
#997 0 80000116     078a r 0f         00000030  c.slli   x15, 2
#998 0 80000118 fcc42703 r 0e         f0040000  lw       x14, -0x34(x8)
#999 0 8000011c     973e r 0e         f0040030  c.add    x14, x15
#1000 0 8000011e fe442783 r 0f         00000008  lw       x15, -0x1c(x8)
#1001 0 80000122     078a r 0f         00000020  c.slli   x15, 2
#1002 0 80000124 fcc42683 r 0d         f0040000  lw       x13, -0x34(x8)
#1003 0 80000128     97b6 r 0f         f0040020  c.add    x15, x13
#1004 0 8000012a     4318 r 0e         00000058  c.lw     x14, 0x0(x14)
#1005 0 8000012c     c398 m f0040020   00000058  c.sw     x14, 0x0(x15)
#1006 0 8000012e fdc42783 r 0f         0000000c  lw       x15, -0x24(x8)
#1007 0 80000132     078a r 0f         00000030  c.slli   x15, 2
#1008 0 80000134 fcc42703 r 0e         f0040000  lw       x14, -0x34(x8)
#1009 0 80000138     97ba r 0f         f0040030  c.add    x15, x14
#1010 0 8000013a fe042703 r 0e         0000005a  lw       x14, -0x20(x8)
#1011 0 8000013e     c398 m f0040030   0000005a  c.sw     x14, 0x0(x15)
#1012 0 80000140     4785 r 0f         00000001  c.li     x15, 0x1
#1013 0 80000142 fef42423 m f0041018   00000001  sw       x15, -0x18(x8)
#1014 0 80000146 fe442783 r 0f         00000008  lw       x15, -0x1c(x8)
#1015 0 8000014a     0785 r 0f         00000009  c.addi   x15, 0x1
#1016 0 8000014c fef42223 m f0041014   00000009  sw       x15, -0x1c(x8)
#1017 0 80000150     4739 r 0e         0000000e  c.li     x14, 0xe
#1018 0 80000152 fec42783 r 0f         00000004  lw       x15, -0x14(x8)
#1019 0 80000156 40f707b3 r 0f         0000000a  sub      x15, x14, x15
#1020 0 8000015a fe442703 r 0e         00000009  lw       x14, -0x1c(x8)
#1021 0 8000015e f6f74ae3 r 00         00000000  blt      x14, x15, . - 0x8c
#1022 0 800000d2 fe442703 r 0e         00000009  lw       x14, -0x1c(x8)
#1023 0 800000d6 fec42783 r 0f         00000004  lw       x15, -0x14(x8)
#1024 0 800000da     97ba r 0f         0000000d  c.add    x15, x14
#1025 0 800000dc fcf42e23 m f004100c   0000000d  sw       x15, -0x24(x8)
#1026 0 800000e0 fe442783 r 0f         00000009  lw       x15, -0x1c(x8)
#1027 0 800000e4     078a r 0f         00000024  c.slli   x15, 2
#1028 0 800000e6 fcc42703 r 0e         f0040000  lw       x14, -0x34(x8)
#1029 0 800000ea     97ba r 0f         f0040024  c.add    x15, x14
#1030 0 800000ec     4398 r 0e         00000048  c.lw     x14, 0x0(x15)
#1031 0 800000ee fdc42783 r 0f         0000000d  lw       x15, -0x24(x8)
#1032 0 800000f2     078a r 0f         00000034  c.slli   x15, 2
#1033 0 800000f4 fcc42683 r 0d         f0040000  lw       x13, -0x34(x8)
#1034 0 800000f8     97b6 r 0f         f0040034  c.add    x15, x13
#1035 0 800000fa     439c r 0f         00000042  c.lw     x15, 0x0(x15)
#1036 0 800000fc 04e7d563 r 00         00000000  bge      x15, x14, . + 0x4a
#1037 0 80000100 fe442783 r 0f         00000009  lw       x15, -0x1c(x8)
#1038 0 80000104     078a r 0f         00000024  c.slli   x15, 2
#1039 0 80000106 fcc42703 r 0e         f0040000  lw       x14, -0x34(x8)
#1040 0 8000010a     97ba r 0f         f0040024  c.add    x15, x14
#1041 0 8000010c     439c r 0f         00000048  c.lw     x15, 0x0(x15)
#1042 0 8000010e fef42023 m f0041010   00000048  sw       x15, -0x20(x8)
#1043 0 80000112 fdc42783 r 0f         0000000d  lw       x15, -0x24(x8)
#1044 0 80000116     078a r 0f         00000034  c.slli   x15, 2
#1045 0 80000118 fcc42703 r 0e         f0040000  lw       x14, -0x34(x8)
#1046 0 8000011c     973e r 0e         f0040034  c.add    x14, x15
#1047 0 8000011e fe442783 r 0f         00000009  lw       x15, -0x1c(x8)
#1048 0 80000122     078a r 0f         00000024  c.slli   x15, 2
#1049 0 80000124 fcc42683 r 0d         f0040000  lw       x13, -0x34(x8)
#1050 0 80000128     97b6 r 0f         f0040024  c.add    x15, x13
#1051 0 8000012a     4318 r 0e         00000042  c.lw     x14, 0x0(x14)
#1052 0 8000012c     c398 m f0040024   00000042  c.sw     x14, 0x0(x15)
#1053 0 8000012e fdc42783 r 0f         0000000d  lw       x15, -0x24(x8)
#1054 0 80000132     078a r 0f         00000034  c.slli   x15, 2
#1055 0 80000134 fcc42703 r 0e         f0040000  lw       x14, -0x34(x8)
#1056 0 80000138     97ba r 0f         f0040034  c.add    x15, x14
#1057 0 8000013a fe042703 r 0e         00000048  lw       x14, -0x20(x8)
#1058 0 8000013e     c398 m f0040034   00000048  c.sw     x14, 0x0(x15)
#1059 0 80000140     4785 r 0f         00000001  c.li     x15, 0x1
#1060 0 80000142 fef42423 m f0041018   00000001  sw       x15, -0x18(x8)
#1061 0 80000146 fe442783 r 0f         00000009  lw       x15, -0x1c(x8)
#1062 0 8000014a     0785 r 0f         0000000a  c.addi   x15, 0x1
#1063 0 8000014c fef42223 m f0041014   0000000a  sw       x15, -0x1c(x8)
#1064 0 80000150     4739 r 0e         0000000e  c.li     x14, 0xe
#1065 0 80000152 fec42783 r 0f         00000004  lw       x15, -0x14(x8)
#1066 0 80000156 40f707b3 r 0f         0000000a  sub      x15, x14, x15
#1067 0 8000015a fe442703 r 0e         0000000a  lw       x14, -0x1c(x8)
#1068 0 8000015e f6f74ae3 r 00         00000000  blt      x14, x15, . - 0x8c
#1069 0 80000162 fec42703 r 0e         00000004  lw       x14, -0x14(x8)
#1070 0 80000166     4785 r 0f         00000001  c.li     x15, 0x1
#1071 0 80000168 f4f71be3 r 00         00000000  bne      x14, x15, . - 0xaa
#1072 0 800000be fec42503 r 0a         00000004  lw       x10, -0x14(x8)
#1073 0 800000c2     3751 r 01         800000c4  c.jal    . - 0x7c
#1074 0 80000046     1101 r 02         f0040fd0  c.addi   x2, -0x20
#1075 0 80000048     ce22 m f0040fec   f0041030  c.swsp   x8, 0x1c
#1076 0 8000004a     1000 r 08         f0040ff0  c.addi4spn  x8, 0x8
#1077 0 8000004c fea42623 m f0040fdc   00000004  sw       x10, -0x14(x8)
#1078 0 80000050 fec42703 r 0e         00000004  lw       x14, -0x14(x8)
#1079 0 80000054     87ba r 0f         00000004  c.mv     x15, x14
#1080 0 80000056     078a r 0f         00000010  c.slli   x15, 2
#1081 0 80000058     97ba r 0f         00000014  c.add    x15, x14
#1082 0 8000005a     0786 r 0f         00000028  c.slli   x15, 1
#1083 0 8000005c     873e r 0e         00000028  c.mv     x14, x15
#1084 0 8000005e     47b5 r 0f         0000000d  c.li     x15, 0xd
#1085 0 80000060 02f747b3 r 0f         00000003  div      x15, x14, x15
#1086 0 80000064 fef42623 m f0040fdc   00000003  sw       x15, -0x14(x8)
#1087 0 80000068 fec42703 r 0e         00000003  lw       x14, -0x14(x8)
#1088 0 8000006c     47a5 r 0f         00000009  c.li     x15, 0x9
#1089 0 8000006e 00f70763 r 00         00000000  beq      x14, x15, . + 0xe
#1090 0 80000072 fec42703 r 0e         00000003  lw       x14, -0x14(x8)
#1091 0 80000076     47a9 r 0f         0000000a  c.li     x15, 0xa
#1092 0 80000078 00f71563 r 00         00000000  bne      x14, x15, . + 0xa
#1093 0 80000082 fec42783 r 0f         00000003  lw       x15, -0x14(x8)
#1094 0 80000086 00f04563 r 00         00000000  blt      x0, x15, . + 0xa
#1095 0 80000090 fec42783 r 0f         00000003  lw       x15, -0x14(x8)
#1096 0 80000094     853e r 0a         00000003  c.mv     x10, x15
#1097 0 80000096     4472 r 08         f0041030  c.lwsp   x8, 0x1c
#1098 0 80000098     6105 r 02         f0040ff0  c.addi16sp 0x2
#1099 0 8000009a     8082 r 00         00000000  c.jr     x1
#1100 0 800000c4 fea42623 m f004101c   00000003  sw       x10, -0x14(x8)
#1101 0 800000c8 fe042423 m f0041018   00000000  sw       x0, -0x18(x8)
#1102 0 800000cc fe042223 m f0041014   00000000  sw       x0, -0x1c(x8)
#1103 0 800000d0     a041 r 00         00000000  c.j      . + 0x80
#1104 0 80000150     4739 r 0e         0000000e  c.li     x14, 0xe
#1105 0 80000152 fec42783 r 0f         00000003  lw       x15, -0x14(x8)
#1106 0 80000156 40f707b3 r 0f         0000000b  sub      x15, x14, x15
#1107 0 8000015a fe442703 r 0e         00000000  lw       x14, -0x1c(x8)
#1108 0 8000015e f6f74ae3 r 00         00000000  blt      x14, x15, . - 0x8c
#1109 0 800000d2 fe442703 r 0e         00000000  lw       x14, -0x1c(x8)
#1110 0 800000d6 fec42783 r 0f         00000003  lw       x15, -0x14(x8)
#1111 0 800000da     97ba r 0f         00000003  c.add    x15, x14
#1112 0 800000dc fcf42e23 m f004100c   00000003  sw       x15, -0x24(x8)
#1113 0 800000e0 fe442783 r 0f         00000000  lw       x15, -0x1c(x8)
#1114 0 800000e4     078a r 0f         00000000  c.slli   x15, 2
#1115 0 800000e6 fcc42703 r 0e         f0040000  lw       x14, -0x34(x8)
#1116 0 800000ea     97ba r 0f         f0040000  c.add    x15, x14
#1117 0 800000ec     4398 r 0e         00000022  c.lw     x14, 0x0(x15)
#1118 0 800000ee fdc42783 r 0f         00000003  lw       x15, -0x24(x8)
#1119 0 800000f2     078a r 0f         0000000c  c.slli   x15, 2
#1120 0 800000f4 fcc42683 r 0d         f0040000  lw       x13, -0x34(x8)
#1121 0 800000f8     97b6 r 0f         f004000c  c.add    x15, x13
#1122 0 800000fa     439c r 0f         00000017  c.lw     x15, 0x0(x15)
#1123 0 800000fc 04e7d563 r 00         00000000  bge      x15, x14, . + 0x4a
#1124 0 80000100 fe442783 r 0f         00000000  lw       x15, -0x1c(x8)
#1125 0 80000104     078a r 0f         00000000  c.slli   x15, 2
#1126 0 80000106 fcc42703 r 0e         f0040000  lw       x14, -0x34(x8)
#1127 0 8000010a     97ba r 0f         f0040000  c.add    x15, x14
#1128 0 8000010c     439c r 0f         00000022  c.lw     x15, 0x0(x15)
#1129 0 8000010e fef42023 m f0041010   00000022  sw       x15, -0x20(x8)
#1130 0 80000112 fdc42783 r 0f         00000003  lw       x15, -0x24(x8)
#1131 0 80000116     078a r 0f         0000000c  c.slli   x15, 2
#1132 0 80000118 fcc42703 r 0e         f0040000  lw       x14, -0x34(x8)
#1133 0 8000011c     973e r 0e         f004000c  c.add    x14, x15
#1134 0 8000011e fe442783 r 0f         00000000  lw       x15, -0x1c(x8)
#1135 0 80000122     078a r 0f         00000000  c.slli   x15, 2
#1136 0 80000124 fcc42683 r 0d         f0040000  lw       x13, -0x34(x8)
#1137 0 80000128     97b6 r 0f         f0040000  c.add    x15, x13
#1138 0 8000012a     4318 r 0e         00000017  c.lw     x14, 0x0(x14)
#1139 0 8000012c     c398 m f0040000   00000017  c.sw     x14, 0x0(x15)
#1140 0 8000012e fdc42783 r 0f         00000003  lw       x15, -0x24(x8)
#1141 0 80000132     078a r 0f         0000000c  c.slli   x15, 2
#1142 0 80000134 fcc42703 r 0e         f0040000  lw       x14, -0x34(x8)
#1143 0 80000138     97ba r 0f         f004000c  c.add    x15, x14
#1144 0 8000013a fe042703 r 0e         00000022  lw       x14, -0x20(x8)
#1145 0 8000013e     c398 m f004000c   00000022  c.sw     x14, 0x0(x15)
#1146 0 80000140     4785 r 0f         00000001  c.li     x15, 0x1
#1147 0 80000142 fef42423 m f0041018   00000001  sw       x15, -0x18(x8)
#1148 0 80000146 fe442783 r 0f         00000000  lw       x15, -0x1c(x8)
#1149 0 8000014a     0785 r 0f         00000001  c.addi   x15, 0x1
#1150 0 8000014c fef42223 m f0041014   00000001  sw       x15, -0x1c(x8)
#1151 0 80000150     4739 r 0e         0000000e  c.li     x14, 0xe
#1152 0 80000152 fec42783 r 0f         00000003  lw       x15, -0x14(x8)
#1153 0 80000156 40f707b3 r 0f         0000000b  sub      x15, x14, x15
#1154 0 8000015a fe442703 r 0e         00000001  lw       x14, -0x1c(x8)
#1155 0 8000015e f6f74ae3 r 00         00000000  blt      x14, x15, . - 0x8c
#1156 0 800000d2 fe442703 r 0e         00000001  lw       x14, -0x1c(x8)
#1157 0 800000d6 fec42783 r 0f         00000003  lw       x15, -0x14(x8)
#1158 0 800000da     97ba r 0f         00000004  c.add    x15, x14
#1159 0 800000dc fcf42e23 m f004100c   00000004  sw       x15, -0x24(x8)
#1160 0 800000e0 fe442783 r 0f         00000001  lw       x15, -0x1c(x8)
#1161 0 800000e4     078a r 0f         00000004  c.slli   x15, 2
#1162 0 800000e6 fcc42703 r 0e         f0040000  lw       x14, -0x34(x8)
#1163 0 800000ea     97ba r 0f         f0040004  c.add    x15, x14
#1164 0 800000ec     4398 r 0e         0000000b  c.lw     x14, 0x0(x15)
#1165 0 800000ee fdc42783 r 0f         00000004  lw       x15, -0x24(x8)
#1166 0 800000f2     078a r 0f         00000010  c.slli   x15, 2
#1167 0 800000f4 fcc42683 r 0d         f0040000  lw       x13, -0x34(x8)
#1168 0 800000f8     97b6 r 0f         f0040010  c.add    x15, x13
#1169 0 800000fa     439c r 0f         0000002c  c.lw     x15, 0x0(x15)
#1170 0 800000fc 04e7d563 r 00         00000000  bge      x15, x14, . + 0x4a
#1171 0 80000146 fe442783 r 0f         00000001  lw       x15, -0x1c(x8)
#1172 0 8000014a     0785 r 0f         00000002  c.addi   x15, 0x1
#1173 0 8000014c fef42223 m f0041014   00000002  sw       x15, -0x1c(x8)
#1174 0 80000150     4739 r 0e         0000000e  c.li     x14, 0xe
#1175 0 80000152 fec42783 r 0f         00000003  lw       x15, -0x14(x8)
#1176 0 80000156 40f707b3 r 0f         0000000b  sub      x15, x14, x15
#1177 0 8000015a fe442703 r 0e         00000002  lw       x14, -0x1c(x8)
#1178 0 8000015e f6f74ae3 r 00         00000000  blt      x14, x15, . - 0x8c
#1179 0 800000d2 fe442703 r 0e         00000002  lw       x14, -0x1c(x8)
#1180 0 800000d6 fec42783 r 0f         00000003  lw       x15, -0x14(x8)
#1181 0 800000da     97ba r 0f         00000005  c.add    x15, x14
#1182 0 800000dc fcf42e23 m f004100c   00000005  sw       x15, -0x24(x8)
#1183 0 800000e0 fe442783 r 0f         00000002  lw       x15, -0x1c(x8)
#1184 0 800000e4     078a r 0f         00000008  c.slli   x15, 2
#1185 0 800000e6 fcc42703 r 0e         f0040000  lw       x14, -0x34(x8)
#1186 0 800000ea     97ba r 0f         f0040008  c.add    x15, x14
#1187 0 800000ec     4398 r 0e         00000000  c.lw     x14, 0x0(x15)
#1188 0 800000ee fdc42783 r 0f         00000005  lw       x15, -0x24(x8)
#1189 0 800000f2     078a r 0f         00000014  c.slli   x15, 2
#1190 0 800000f4 fcc42683 r 0d         f0040000  lw       x13, -0x34(x8)
#1191 0 800000f8     97b6 r 0f         f0040014  c.add    x15, x13
#1192 0 800000fa     439c r 0f         0000000c  c.lw     x15, 0x0(x15)
#1193 0 800000fc 04e7d563 r 00         00000000  bge      x15, x14, . + 0x4a
#1194 0 80000146 fe442783 r 0f         00000002  lw       x15, -0x1c(x8)
#1195 0 8000014a     0785 r 0f         00000003  c.addi   x15, 0x1
#1196 0 8000014c fef42223 m f0041014   00000003  sw       x15, -0x1c(x8)
#1197 0 80000150     4739 r 0e         0000000e  c.li     x14, 0xe
#1198 0 80000152 fec42783 r 0f         00000003  lw       x15, -0x14(x8)
#1199 0 80000156 40f707b3 r 0f         0000000b  sub      x15, x14, x15
#1200 0 8000015a fe442703 r 0e         00000003  lw       x14, -0x1c(x8)
#1201 0 8000015e f6f74ae3 r 00         00000000  blt      x14, x15, . - 0x8c
#1202 0 800000d2 fe442703 r 0e         00000003  lw       x14, -0x1c(x8)
#1203 0 800000d6 fec42783 r 0f         00000003  lw       x15, -0x14(x8)
#1204 0 800000da     97ba r 0f         00000006  c.add    x15, x14
#1205 0 800000dc fcf42e23 m f004100c   00000006  sw       x15, -0x24(x8)
#1206 0 800000e0 fe442783 r 0f         00000003  lw       x15, -0x1c(x8)
#1207 0 800000e4     078a r 0f         0000000c  c.slli   x15, 2
#1208 0 800000e6 fcc42703 r 0e         f0040000  lw       x14, -0x34(x8)
#1209 0 800000ea     97ba r 0f         f004000c  c.add    x15, x14
#1210 0 800000ec     4398 r 0e         00000022  c.lw     x14, 0x0(x15)
#1211 0 800000ee fdc42783 r 0f         00000006  lw       x15, -0x24(x8)
#1212 0 800000f2     078a r 0f         00000018  c.slli   x15, 2
#1213 0 800000f4 fcc42683 r 0d         f0040000  lw       x13, -0x34(x8)
#1214 0 800000f8     97b6 r 0f         f0040018  c.add    x15, x13
#1215 0 800000fa     439c r 0f         00000043  c.lw     x15, 0x0(x15)
#1216 0 800000fc 04e7d563 r 00         00000000  bge      x15, x14, . + 0x4a
#1217 0 80000146 fe442783 r 0f         00000003  lw       x15, -0x1c(x8)
#1218 0 8000014a     0785 r 0f         00000004  c.addi   x15, 0x1
#1219 0 8000014c fef42223 m f0041014   00000004  sw       x15, -0x1c(x8)
#1220 0 80000150     4739 r 0e         0000000e  c.li     x14, 0xe
#1221 0 80000152 fec42783 r 0f         00000003  lw       x15, -0x14(x8)
#1222 0 80000156 40f707b3 r 0f         0000000b  sub      x15, x14, x15
#1223 0 8000015a fe442703 r 0e         00000004  lw       x14, -0x1c(x8)
#1224 0 8000015e f6f74ae3 r 00         00000000  blt      x14, x15, . - 0x8c
#1225 0 800000d2 fe442703 r 0e         00000004  lw       x14, -0x1c(x8)
#1226 0 800000d6 fec42783 r 0f         00000003  lw       x15, -0x14(x8)
#1227 0 800000da     97ba r 0f         00000007  c.add    x15, x14
#1228 0 800000dc fcf42e23 m f004100c   00000007  sw       x15, -0x24(x8)
#1229 0 800000e0 fe442783 r 0f         00000004  lw       x15, -0x1c(x8)
#1230 0 800000e4     078a r 0f         00000010  c.slli   x15, 2
#1231 0 800000e6 fcc42703 r 0e         f0040000  lw       x14, -0x34(x8)
#1232 0 800000ea     97ba r 0f         f0040010  c.add    x15, x14
#1233 0 800000ec     4398 r 0e         0000002c  c.lw     x14, 0x0(x15)
#1234 0 800000ee fdc42783 r 0f         00000007  lw       x15, -0x24(x8)
#1235 0 800000f2     078a r 0f         0000001c  c.slli   x15, 2
#1236 0 800000f4 fcc42683 r 0d         f0040000  lw       x13, -0x34(x8)
#1237 0 800000f8     97b6 r 0f         f004001c  c.add    x15, x13
#1238 0 800000fa     439c r 0f         0000002d  c.lw     x15, 0x0(x15)
#1239 0 800000fc 04e7d563 r 00         00000000  bge      x15, x14, . + 0x4a
#1240 0 80000146 fe442783 r 0f         00000004  lw       x15, -0x1c(x8)
#1241 0 8000014a     0785 r 0f         00000005  c.addi   x15, 0x1
#1242 0 8000014c fef42223 m f0041014   00000005  sw       x15, -0x1c(x8)
#1243 0 80000150     4739 r 0e         0000000e  c.li     x14, 0xe
#1244 0 80000152 fec42783 r 0f         00000003  lw       x15, -0x14(x8)
#1245 0 80000156 40f707b3 r 0f         0000000b  sub      x15, x14, x15
#1246 0 8000015a fe442703 r 0e         00000005  lw       x14, -0x1c(x8)
#1247 0 8000015e f6f74ae3 r 00         00000000  blt      x14, x15, . - 0x8c
#1248 0 800000d2 fe442703 r 0e         00000005  lw       x14, -0x1c(x8)
#1249 0 800000d6 fec42783 r 0f         00000003  lw       x15, -0x14(x8)
#1250 0 800000da     97ba r 0f         00000008  c.add    x15, x14
#1251 0 800000dc fcf42e23 m f004100c   00000008  sw       x15, -0x24(x8)
#1252 0 800000e0 fe442783 r 0f         00000005  lw       x15, -0x1c(x8)
#1253 0 800000e4     078a r 0f         00000014  c.slli   x15, 2
#1254 0 800000e6 fcc42703 r 0e         f0040000  lw       x14, -0x34(x8)
#1255 0 800000ea     97ba r 0f         f0040014  c.add    x15, x14
#1256 0 800000ec     4398 r 0e         0000000c  c.lw     x14, 0x0(x15)
#1257 0 800000ee fdc42783 r 0f         00000008  lw       x15, -0x24(x8)
#1258 0 800000f2     078a r 0f         00000020  c.slli   x15, 2
#1259 0 800000f4 fcc42683 r 0d         f0040000  lw       x13, -0x34(x8)
#1260 0 800000f8     97b6 r 0f         f0040020  c.add    x15, x13
#1261 0 800000fa     439c r 0f         00000058  c.lw     x15, 0x0(x15)
#1262 0 800000fc 04e7d563 r 00         00000000  bge      x15, x14, . + 0x4a
#1263 0 80000146 fe442783 r 0f         00000005  lw       x15, -0x1c(x8)
#1264 0 8000014a     0785 r 0f         00000006  c.addi   x15, 0x1
#1265 0 8000014c fef42223 m f0041014   00000006  sw       x15, -0x1c(x8)
#1266 0 80000150     4739 r 0e         0000000e  c.li     x14, 0xe
#1267 0 80000152 fec42783 r 0f         00000003  lw       x15, -0x14(x8)
#1268 0 80000156 40f707b3 r 0f         0000000b  sub      x15, x14, x15
#1269 0 8000015a fe442703 r 0e         00000006  lw       x14, -0x1c(x8)
#1270 0 8000015e f6f74ae3 r 00         00000000  blt      x14, x15, . - 0x8c
#1271 0 800000d2 fe442703 r 0e         00000006  lw       x14, -0x1c(x8)
#1272 0 800000d6 fec42783 r 0f         00000003  lw       x15, -0x14(x8)
#1273 0 800000da     97ba r 0f         00000009  c.add    x15, x14
#1274 0 800000dc fcf42e23 m f004100c   00000009  sw       x15, -0x24(x8)
#1275 0 800000e0 fe442783 r 0f         00000006  lw       x15, -0x1c(x8)
#1276 0 800000e4     078a r 0f         00000018  c.slli   x15, 2
#1277 0 800000e6 fcc42703 r 0e         f0040000  lw       x14, -0x34(x8)
#1278 0 800000ea     97ba r 0f         f0040018  c.add    x15, x14
#1279 0 800000ec     4398 r 0e         00000043  c.lw     x14, 0x0(x15)
#1280 0 800000ee fdc42783 r 0f         00000009  lw       x15, -0x24(x8)
#1281 0 800000f2     078a r 0f         00000024  c.slli   x15, 2
#1282 0 800000f4 fcc42683 r 0d         f0040000  lw       x13, -0x34(x8)
#1283 0 800000f8     97b6 r 0f         f0040024  c.add    x15, x13
#1284 0 800000fa     439c r 0f         00000042  c.lw     x15, 0x0(x15)
#1285 0 800000fc 04e7d563 r 00         00000000  bge      x15, x14, . + 0x4a
#1286 0 80000100 fe442783 r 0f         00000006  lw       x15, -0x1c(x8)
#1287 0 80000104     078a r 0f         00000018  c.slli   x15, 2
#1288 0 80000106 fcc42703 r 0e         f0040000  lw       x14, -0x34(x8)
#1289 0 8000010a     97ba r 0f         f0040018  c.add    x15, x14
#1290 0 8000010c     439c r 0f         00000043  c.lw     x15, 0x0(x15)
#1291 0 8000010e fef42023 m f0041010   00000043  sw       x15, -0x20(x8)
#1292 0 80000112 fdc42783 r 0f         00000009  lw       x15, -0x24(x8)
#1293 0 80000116     078a r 0f         00000024  c.slli   x15, 2
#1294 0 80000118 fcc42703 r 0e         f0040000  lw       x14, -0x34(x8)
#1295 0 8000011c     973e r 0e         f0040024  c.add    x14, x15
#1296 0 8000011e fe442783 r 0f         00000006  lw       x15, -0x1c(x8)
#1297 0 80000122     078a r 0f         00000018  c.slli   x15, 2
#1298 0 80000124 fcc42683 r 0d         f0040000  lw       x13, -0x34(x8)
#1299 0 80000128     97b6 r 0f         f0040018  c.add    x15, x13
#1300 0 8000012a     4318 r 0e         00000042  c.lw     x14, 0x0(x14)
#1301 0 8000012c     c398 m f0040018   00000042  c.sw     x14, 0x0(x15)
#1302 0 8000012e fdc42783 r 0f         00000009  lw       x15, -0x24(x8)
#1303 0 80000132     078a r 0f         00000024  c.slli   x15, 2
#1304 0 80000134 fcc42703 r 0e         f0040000  lw       x14, -0x34(x8)
#1305 0 80000138     97ba r 0f         f0040024  c.add    x15, x14
#1306 0 8000013a fe042703 r 0e         00000043  lw       x14, -0x20(x8)
#1307 0 8000013e     c398 m f0040024   00000043  c.sw     x14, 0x0(x15)
#1308 0 80000140     4785 r 0f         00000001  c.li     x15, 0x1
#1309 0 80000142 fef42423 m f0041018   00000001  sw       x15, -0x18(x8)
#1310 0 80000146 fe442783 r 0f         00000006  lw       x15, -0x1c(x8)
#1311 0 8000014a     0785 r 0f         00000007  c.addi   x15, 0x1
#1312 0 8000014c fef42223 m f0041014   00000007  sw       x15, -0x1c(x8)
#1313 0 80000150     4739 r 0e         0000000e  c.li     x14, 0xe
#1314 0 80000152 fec42783 r 0f         00000003  lw       x15, -0x14(x8)
#1315 0 80000156 40f707b3 r 0f         0000000b  sub      x15, x14, x15
#1316 0 8000015a fe442703 r 0e         00000007  lw       x14, -0x1c(x8)
#1317 0 8000015e f6f74ae3 r 00         00000000  blt      x14, x15, . - 0x8c
#1318 0 800000d2 fe442703 r 0e         00000007  lw       x14, -0x1c(x8)
#1319 0 800000d6 fec42783 r 0f         00000003  lw       x15, -0x14(x8)
#1320 0 800000da     97ba r 0f         0000000a  c.add    x15, x14
#1321 0 800000dc fcf42e23 m f004100c   0000000a  sw       x15, -0x24(x8)
#1322 0 800000e0 fe442783 r 0f         00000007  lw       x15, -0x1c(x8)
#1323 0 800000e4     078a r 0f         0000001c  c.slli   x15, 2
#1324 0 800000e6 fcc42703 r 0e         f0040000  lw       x14, -0x34(x8)
#1325 0 800000ea     97ba r 0f         f004001c  c.add    x15, x14
#1326 0 800000ec     4398 r 0e         0000002d  c.lw     x14, 0x0(x15)
#1327 0 800000ee fdc42783 r 0f         0000000a  lw       x15, -0x24(x8)
#1328 0 800000f2     078a r 0f         00000028  c.slli   x15, 2
#1329 0 800000f4 fcc42683 r 0d         f0040000  lw       x13, -0x34(x8)
#1330 0 800000f8     97b6 r 0f         f0040028  c.add    x15, x13
#1331 0 800000fa     439c r 0f         0000004e  c.lw     x15, 0x0(x15)
#1332 0 800000fc 04e7d563 r 00         00000000  bge      x15, x14, . + 0x4a
#1333 0 80000146 fe442783 r 0f         00000007  lw       x15, -0x1c(x8)
#1334 0 8000014a     0785 r 0f         00000008  c.addi   x15, 0x1
#1335 0 8000014c fef42223 m f0041014   00000008  sw       x15, -0x1c(x8)
#1336 0 80000150     4739 r 0e         0000000e  c.li     x14, 0xe
#1337 0 80000152 fec42783 r 0f         00000003  lw       x15, -0x14(x8)
#1338 0 80000156 40f707b3 r 0f         0000000b  sub      x15, x14, x15
#1339 0 8000015a fe442703 r 0e         00000008  lw       x14, -0x1c(x8)
#1340 0 8000015e f6f74ae3 r 00         00000000  blt      x14, x15, . - 0x8c
#1341 0 800000d2 fe442703 r 0e         00000008  lw       x14, -0x1c(x8)
#1342 0 800000d6 fec42783 r 0f         00000003  lw       x15, -0x14(x8)
#1343 0 800000da     97ba r 0f         0000000b  c.add    x15, x14
#1344 0 800000dc fcf42e23 m f004100c   0000000b  sw       x15, -0x24(x8)
#1345 0 800000e0 fe442783 r 0f         00000008  lw       x15, -0x1c(x8)
#1346 0 800000e4     078a r 0f         00000020  c.slli   x15, 2
#1347 0 800000e6 fcc42703 r 0e         f0040000  lw       x14, -0x34(x8)
#1348 0 800000ea     97ba r 0f         f0040020  c.add    x15, x14
#1349 0 800000ec     4398 r 0e         00000058  c.lw     x14, 0x0(x15)
#1350 0 800000ee fdc42783 r 0f         0000000b  lw       x15, -0x24(x8)
#1351 0 800000f2     078a r 0f         0000002c  c.slli   x15, 2
#1352 0 800000f4 fcc42683 r 0d         f0040000  lw       x13, -0x34(x8)
#1353 0 800000f8     97b6 r 0f         f004002c  c.add    x15, x13
#1354 0 800000fa     439c r 0f         00000059  c.lw     x15, 0x0(x15)
#1355 0 800000fc 04e7d563 r 00         00000000  bge      x15, x14, . + 0x4a
#1356 0 80000146 fe442783 r 0f         00000008  lw       x15, -0x1c(x8)
#1357 0 8000014a     0785 r 0f         00000009  c.addi   x15, 0x1
#1358 0 8000014c fef42223 m f0041014   00000009  sw       x15, -0x1c(x8)
#1359 0 80000150     4739 r 0e         0000000e  c.li     x14, 0xe
#1360 0 80000152 fec42783 r 0f         00000003  lw       x15, -0x14(x8)
#1361 0 80000156 40f707b3 r 0f         0000000b  sub      x15, x14, x15
#1362 0 8000015a fe442703 r 0e         00000009  lw       x14, -0x1c(x8)
#1363 0 8000015e f6f74ae3 r 00         00000000  blt      x14, x15, . - 0x8c
#1364 0 800000d2 fe442703 r 0e         00000009  lw       x14, -0x1c(x8)
#1365 0 800000d6 fec42783 r 0f         00000003  lw       x15, -0x14(x8)
#1366 0 800000da     97ba r 0f         0000000c  c.add    x15, x14
#1367 0 800000dc fcf42e23 m f004100c   0000000c  sw       x15, -0x24(x8)
#1368 0 800000e0 fe442783 r 0f         00000009  lw       x15, -0x1c(x8)
#1369 0 800000e4     078a r 0f         00000024  c.slli   x15, 2
#1370 0 800000e6 fcc42703 r 0e         f0040000  lw       x14, -0x34(x8)
#1371 0 800000ea     97ba r 0f         f0040024  c.add    x15, x14
#1372 0 800000ec     4398 r 0e         00000043  c.lw     x14, 0x0(x15)
#1373 0 800000ee fdc42783 r 0f         0000000c  lw       x15, -0x24(x8)
#1374 0 800000f2     078a r 0f         00000030  c.slli   x15, 2
#1375 0 800000f4 fcc42683 r 0d         f0040000  lw       x13, -0x34(x8)
#1376 0 800000f8     97b6 r 0f         f0040030  c.add    x15, x13
#1377 0 800000fa     439c r 0f         0000005a  c.lw     x15, 0x0(x15)
#1378 0 800000fc 04e7d563 r 00         00000000  bge      x15, x14, . + 0x4a
#1379 0 80000146 fe442783 r 0f         00000009  lw       x15, -0x1c(x8)
#1380 0 8000014a     0785 r 0f         0000000a  c.addi   x15, 0x1
#1381 0 8000014c fef42223 m f0041014   0000000a  sw       x15, -0x1c(x8)
#1382 0 80000150     4739 r 0e         0000000e  c.li     x14, 0xe
#1383 0 80000152 fec42783 r 0f         00000003  lw       x15, -0x14(x8)
#1384 0 80000156 40f707b3 r 0f         0000000b  sub      x15, x14, x15
#1385 0 8000015a fe442703 r 0e         0000000a  lw       x14, -0x1c(x8)
#1386 0 8000015e f6f74ae3 r 00         00000000  blt      x14, x15, . - 0x8c
#1387 0 800000d2 fe442703 r 0e         0000000a  lw       x14, -0x1c(x8)
#1388 0 800000d6 fec42783 r 0f         00000003  lw       x15, -0x14(x8)
#1389 0 800000da     97ba r 0f         0000000d  c.add    x15, x14
#1390 0 800000dc fcf42e23 m f004100c   0000000d  sw       x15, -0x24(x8)
#1391 0 800000e0 fe442783 r 0f         0000000a  lw       x15, -0x1c(x8)
#1392 0 800000e4     078a r 0f         00000028  c.slli   x15, 2
#1393 0 800000e6 fcc42703 r 0e         f0040000  lw       x14, -0x34(x8)
#1394 0 800000ea     97ba r 0f         f0040028  c.add    x15, x14
#1395 0 800000ec     4398 r 0e         0000004e  c.lw     x14, 0x0(x15)
#1396 0 800000ee fdc42783 r 0f         0000000d  lw       x15, -0x24(x8)
#1397 0 800000f2     078a r 0f         00000034  c.slli   x15, 2
#1398 0 800000f4 fcc42683 r 0d         f0040000  lw       x13, -0x34(x8)
#1399 0 800000f8     97b6 r 0f         f0040034  c.add    x15, x13
#1400 0 800000fa     439c r 0f         00000048  c.lw     x15, 0x0(x15)
#1401 0 800000fc 04e7d563 r 00         00000000  bge      x15, x14, . + 0x4a
#1402 0 80000100 fe442783 r 0f         0000000a  lw       x15, -0x1c(x8)
#1403 0 80000104     078a r 0f         00000028  c.slli   x15, 2
#1404 0 80000106 fcc42703 r 0e         f0040000  lw       x14, -0x34(x8)
#1405 0 8000010a     97ba r 0f         f0040028  c.add    x15, x14
#1406 0 8000010c     439c r 0f         0000004e  c.lw     x15, 0x0(x15)
#1407 0 8000010e fef42023 m f0041010   0000004e  sw       x15, -0x20(x8)
#1408 0 80000112 fdc42783 r 0f         0000000d  lw       x15, -0x24(x8)
#1409 0 80000116     078a r 0f         00000034  c.slli   x15, 2
#1410 0 80000118 fcc42703 r 0e         f0040000  lw       x14, -0x34(x8)
#1411 0 8000011c     973e r 0e         f0040034  c.add    x14, x15
#1412 0 8000011e fe442783 r 0f         0000000a  lw       x15, -0x1c(x8)
#1413 0 80000122     078a r 0f         00000028  c.slli   x15, 2
#1414 0 80000124 fcc42683 r 0d         f0040000  lw       x13, -0x34(x8)
#1415 0 80000128     97b6 r 0f         f0040028  c.add    x15, x13
#1416 0 8000012a     4318 r 0e         00000048  c.lw     x14, 0x0(x14)
#1417 0 8000012c     c398 m f0040028   00000048  c.sw     x14, 0x0(x15)
#1418 0 8000012e fdc42783 r 0f         0000000d  lw       x15, -0x24(x8)
#1419 0 80000132     078a r 0f         00000034  c.slli   x15, 2
#1420 0 80000134 fcc42703 r 0e         f0040000  lw       x14, -0x34(x8)
#1421 0 80000138     97ba r 0f         f0040034  c.add    x15, x14
#1422 0 8000013a fe042703 r 0e         0000004e  lw       x14, -0x20(x8)
#1423 0 8000013e     c398 m f0040034   0000004e  c.sw     x14, 0x0(x15)
#1424 0 80000140     4785 r 0f         00000001  c.li     x15, 0x1
#1425 0 80000142 fef42423 m f0041018   00000001  sw       x15, -0x18(x8)
#1426 0 80000146 fe442783 r 0f         0000000a  lw       x15, -0x1c(x8)
#1427 0 8000014a     0785 r 0f         0000000b  c.addi   x15, 0x1
#1428 0 8000014c fef42223 m f0041014   0000000b  sw       x15, -0x1c(x8)
#1429 0 80000150     4739 r 0e         0000000e  c.li     x14, 0xe
#1430 0 80000152 fec42783 r 0f         00000003  lw       x15, -0x14(x8)
#1431 0 80000156 40f707b3 r 0f         0000000b  sub      x15, x14, x15
#1432 0 8000015a fe442703 r 0e         0000000b  lw       x14, -0x1c(x8)
#1433 0 8000015e f6f74ae3 r 00         00000000  blt      x14, x15, . - 0x8c
#1434 0 80000162 fec42703 r 0e         00000003  lw       x14, -0x14(x8)
#1435 0 80000166     4785 r 0f         00000001  c.li     x15, 0x1
#1436 0 80000168 f4f71be3 r 00         00000000  bne      x14, x15, . - 0xaa
#1437 0 800000be fec42503 r 0a         00000003  lw       x10, -0x14(x8)
#1438 0 800000c2     3751 r 01         800000c4  c.jal    . - 0x7c
#1439 0 80000046     1101 r 02         f0040fd0  c.addi   x2, -0x20
#1440 0 80000048     ce22 m f0040fec   f0041030  c.swsp   x8, 0x1c
#1441 0 8000004a     1000 r 08         f0040ff0  c.addi4spn  x8, 0x8
#1442 0 8000004c fea42623 m f0040fdc   00000003  sw       x10, -0x14(x8)
#1443 0 80000050 fec42703 r 0e         00000003  lw       x14, -0x14(x8)
#1444 0 80000054     87ba r 0f         00000003  c.mv     x15, x14
#1445 0 80000056     078a r 0f         0000000c  c.slli   x15, 2
#1446 0 80000058     97ba r 0f         0000000f  c.add    x15, x14
#1447 0 8000005a     0786 r 0f         0000001e  c.slli   x15, 1
#1448 0 8000005c     873e r 0e         0000001e  c.mv     x14, x15
#1449 0 8000005e     47b5 r 0f         0000000d  c.li     x15, 0xd
#1450 0 80000060 02f747b3 r 0f         00000002  div      x15, x14, x15
#1451 0 80000064 fef42623 m f0040fdc   00000002  sw       x15, -0x14(x8)
#1452 0 80000068 fec42703 r 0e         00000002  lw       x14, -0x14(x8)
#1453 0 8000006c     47a5 r 0f         00000009  c.li     x15, 0x9
#1454 0 8000006e 00f70763 r 00         00000000  beq      x14, x15, . + 0xe
#1455 0 80000072 fec42703 r 0e         00000002  lw       x14, -0x14(x8)
#1456 0 80000076     47a9 r 0f         0000000a  c.li     x15, 0xa
#1457 0 80000078 00f71563 r 00         00000000  bne      x14, x15, . + 0xa
#1458 0 80000082 fec42783 r 0f         00000002  lw       x15, -0x14(x8)
#1459 0 80000086 00f04563 r 00         00000000  blt      x0, x15, . + 0xa
#1460 0 80000090 fec42783 r 0f         00000002  lw       x15, -0x14(x8)
#1461 0 80000094     853e r 0a         00000002  c.mv     x10, x15
#1462 0 80000096     4472 r 08         f0041030  c.lwsp   x8, 0x1c
#1463 0 80000098     6105 r 02         f0040ff0  c.addi16sp 0x2
#1464 0 8000009a     8082 r 00         00000000  c.jr     x1
#1465 0 800000c4 fea42623 m f004101c   00000002  sw       x10, -0x14(x8)
#1466 0 800000c8 fe042423 m f0041018   00000000  sw       x0, -0x18(x8)
#1467 0 800000cc fe042223 m f0041014   00000000  sw       x0, -0x1c(x8)
#1468 0 800000d0     a041 r 00         00000000  c.j      . + 0x80
#1469 0 80000150     4739 r 0e         0000000e  c.li     x14, 0xe
#1470 0 80000152 fec42783 r 0f         00000002  lw       x15, -0x14(x8)
#1471 0 80000156 40f707b3 r 0f         0000000c  sub      x15, x14, x15
#1472 0 8000015a fe442703 r 0e         00000000  lw       x14, -0x1c(x8)
#1473 0 8000015e f6f74ae3 r 00         00000000  blt      x14, x15, . - 0x8c
#1474 0 800000d2 fe442703 r 0e         00000000  lw       x14, -0x1c(x8)
#1475 0 800000d6 fec42783 r 0f         00000002  lw       x15, -0x14(x8)
#1476 0 800000da     97ba r 0f         00000002  c.add    x15, x14
#1477 0 800000dc fcf42e23 m f004100c   00000002  sw       x15, -0x24(x8)
#1478 0 800000e0 fe442783 r 0f         00000000  lw       x15, -0x1c(x8)
#1479 0 800000e4     078a r 0f         00000000  c.slli   x15, 2
#1480 0 800000e6 fcc42703 r 0e         f0040000  lw       x14, -0x34(x8)
#1481 0 800000ea     97ba r 0f         f0040000  c.add    x15, x14
#1482 0 800000ec     4398 r 0e         00000017  c.lw     x14, 0x0(x15)
#1483 0 800000ee fdc42783 r 0f         00000002  lw       x15, -0x24(x8)
#1484 0 800000f2     078a r 0f         00000008  c.slli   x15, 2
#1485 0 800000f4 fcc42683 r 0d         f0040000  lw       x13, -0x34(x8)
#1486 0 800000f8     97b6 r 0f         f0040008  c.add    x15, x13
#1487 0 800000fa     439c r 0f         00000000  c.lw     x15, 0x0(x15)
#1488 0 800000fc 04e7d563 r 00         00000000  bge      x15, x14, . + 0x4a
#1489 0 80000100 fe442783 r 0f         00000000  lw       x15, -0x1c(x8)
#1490 0 80000104     078a r 0f         00000000  c.slli   x15, 2
#1491 0 80000106 fcc42703 r 0e         f0040000  lw       x14, -0x34(x8)
#1492 0 8000010a     97ba r 0f         f0040000  c.add    x15, x14
#1493 0 8000010c     439c r 0f         00000017  c.lw     x15, 0x0(x15)
#1494 0 8000010e fef42023 m f0041010   00000017  sw       x15, -0x20(x8)
#1495 0 80000112 fdc42783 r 0f         00000002  lw       x15, -0x24(x8)
#1496 0 80000116     078a r 0f         00000008  c.slli   x15, 2
#1497 0 80000118 fcc42703 r 0e         f0040000  lw       x14, -0x34(x8)
#1498 0 8000011c     973e r 0e         f0040008  c.add    x14, x15
#1499 0 8000011e fe442783 r 0f         00000000  lw       x15, -0x1c(x8)
#1500 0 80000122     078a r 0f         00000000  c.slli   x15, 2
#1501 0 80000124 fcc42683 r 0d         f0040000  lw       x13, -0x34(x8)
#1502 0 80000128     97b6 r 0f         f0040000  c.add    x15, x13
#1503 0 8000012a     4318 r 0e         00000000  c.lw     x14, 0x0(x14)
#1504 0 8000012c     c398 m f0040000   00000000  c.sw     x14, 0x0(x15)
#1505 0 8000012e fdc42783 r 0f         00000002  lw       x15, -0x24(x8)
#1506 0 80000132     078a r 0f         00000008  c.slli   x15, 2
#1507 0 80000134 fcc42703 r 0e         f0040000  lw       x14, -0x34(x8)
#1508 0 80000138     97ba r 0f         f0040008  c.add    x15, x14
#1509 0 8000013a fe042703 r 0e         00000017  lw       x14, -0x20(x8)
#1510 0 8000013e     c398 m f0040008   00000017  c.sw     x14, 0x0(x15)
#1511 0 80000140     4785 r 0f         00000001  c.li     x15, 0x1
#1512 0 80000142 fef42423 m f0041018   00000001  sw       x15, -0x18(x8)
#1513 0 80000146 fe442783 r 0f         00000000  lw       x15, -0x1c(x8)
#1514 0 8000014a     0785 r 0f         00000001  c.addi   x15, 0x1
#1515 0 8000014c fef42223 m f0041014   00000001  sw       x15, -0x1c(x8)
#1516 0 80000150     4739 r 0e         0000000e  c.li     x14, 0xe
#1517 0 80000152 fec42783 r 0f         00000002  lw       x15, -0x14(x8)
#1518 0 80000156 40f707b3 r 0f         0000000c  sub      x15, x14, x15
#1519 0 8000015a fe442703 r 0e         00000001  lw       x14, -0x1c(x8)
#1520 0 8000015e f6f74ae3 r 00         00000000  blt      x14, x15, . - 0x8c
#1521 0 800000d2 fe442703 r 0e         00000001  lw       x14, -0x1c(x8)
#1522 0 800000d6 fec42783 r 0f         00000002  lw       x15, -0x14(x8)
#1523 0 800000da     97ba r 0f         00000003  c.add    x15, x14
#1524 0 800000dc fcf42e23 m f004100c   00000003  sw       x15, -0x24(x8)
#1525 0 800000e0 fe442783 r 0f         00000001  lw       x15, -0x1c(x8)
#1526 0 800000e4     078a r 0f         00000004  c.slli   x15, 2
#1527 0 800000e6 fcc42703 r 0e         f0040000  lw       x14, -0x34(x8)
#1528 0 800000ea     97ba r 0f         f0040004  c.add    x15, x14
#1529 0 800000ec     4398 r 0e         0000000b  c.lw     x14, 0x0(x15)
#1530 0 800000ee fdc42783 r 0f         00000003  lw       x15, -0x24(x8)
#1531 0 800000f2     078a r 0f         0000000c  c.slli   x15, 2
#1532 0 800000f4 fcc42683 r 0d         f0040000  lw       x13, -0x34(x8)
#1533 0 800000f8     97b6 r 0f         f004000c  c.add    x15, x13
#1534 0 800000fa     439c r 0f         00000022  c.lw     x15, 0x0(x15)
#1535 0 800000fc 04e7d563 r 00         00000000  bge      x15, x14, . + 0x4a
#1536 0 80000146 fe442783 r 0f         00000001  lw       x15, -0x1c(x8)
#1537 0 8000014a     0785 r 0f         00000002  c.addi   x15, 0x1
#1538 0 8000014c fef42223 m f0041014   00000002  sw       x15, -0x1c(x8)
#1539 0 80000150     4739 r 0e         0000000e  c.li     x14, 0xe
#1540 0 80000152 fec42783 r 0f         00000002  lw       x15, -0x14(x8)
#1541 0 80000156 40f707b3 r 0f         0000000c  sub      x15, x14, x15
#1542 0 8000015a fe442703 r 0e         00000002  lw       x14, -0x1c(x8)
#1543 0 8000015e f6f74ae3 r 00         00000000  blt      x14, x15, . - 0x8c
#1544 0 800000d2 fe442703 r 0e         00000002  lw       x14, -0x1c(x8)
#1545 0 800000d6 fec42783 r 0f         00000002  lw       x15, -0x14(x8)
#1546 0 800000da     97ba r 0f         00000004  c.add    x15, x14
#1547 0 800000dc fcf42e23 m f004100c   00000004  sw       x15, -0x24(x8)
#1548 0 800000e0 fe442783 r 0f         00000002  lw       x15, -0x1c(x8)
#1549 0 800000e4     078a r 0f         00000008  c.slli   x15, 2
#1550 0 800000e6 fcc42703 r 0e         f0040000  lw       x14, -0x34(x8)
#1551 0 800000ea     97ba r 0f         f0040008  c.add    x15, x14
#1552 0 800000ec     4398 r 0e         00000017  c.lw     x14, 0x0(x15)
#1553 0 800000ee fdc42783 r 0f         00000004  lw       x15, -0x24(x8)
#1554 0 800000f2     078a r 0f         00000010  c.slli   x15, 2
#1555 0 800000f4 fcc42683 r 0d         f0040000  lw       x13, -0x34(x8)
#1556 0 800000f8     97b6 r 0f         f0040010  c.add    x15, x13
#1557 0 800000fa     439c r 0f         0000002c  c.lw     x15, 0x0(x15)
#1558 0 800000fc 04e7d563 r 00         00000000  bge      x15, x14, . + 0x4a
#1559 0 80000146 fe442783 r 0f         00000002  lw       x15, -0x1c(x8)
#1560 0 8000014a     0785 r 0f         00000003  c.addi   x15, 0x1
#1561 0 8000014c fef42223 m f0041014   00000003  sw       x15, -0x1c(x8)
#1562 0 80000150     4739 r 0e         0000000e  c.li     x14, 0xe
#1563 0 80000152 fec42783 r 0f         00000002  lw       x15, -0x14(x8)
#1564 0 80000156 40f707b3 r 0f         0000000c  sub      x15, x14, x15
#1565 0 8000015a fe442703 r 0e         00000003  lw       x14, -0x1c(x8)
#1566 0 8000015e f6f74ae3 r 00         00000000  blt      x14, x15, . - 0x8c
#1567 0 800000d2 fe442703 r 0e         00000003  lw       x14, -0x1c(x8)
#1568 0 800000d6 fec42783 r 0f         00000002  lw       x15, -0x14(x8)
#1569 0 800000da     97ba r 0f         00000005  c.add    x15, x14
#1570 0 800000dc fcf42e23 m f004100c   00000005  sw       x15, -0x24(x8)
#1571 0 800000e0 fe442783 r 0f         00000003  lw       x15, -0x1c(x8)
#1572 0 800000e4     078a r 0f         0000000c  c.slli   x15, 2
#1573 0 800000e6 fcc42703 r 0e         f0040000  lw       x14, -0x34(x8)
#1574 0 800000ea     97ba r 0f         f004000c  c.add    x15, x14
#1575 0 800000ec     4398 r 0e         00000022  c.lw     x14, 0x0(x15)
#1576 0 800000ee fdc42783 r 0f         00000005  lw       x15, -0x24(x8)
#1577 0 800000f2     078a r 0f         00000014  c.slli   x15, 2
#1578 0 800000f4 fcc42683 r 0d         f0040000  lw       x13, -0x34(x8)
#1579 0 800000f8     97b6 r 0f         f0040014  c.add    x15, x13
#1580 0 800000fa     439c r 0f         0000000c  c.lw     x15, 0x0(x15)
#1581 0 800000fc 04e7d563 r 00         00000000  bge      x15, x14, . + 0x4a
#1582 0 80000100 fe442783 r 0f         00000003  lw       x15, -0x1c(x8)
#1583 0 80000104     078a r 0f         0000000c  c.slli   x15, 2
#1584 0 80000106 fcc42703 r 0e         f0040000  lw       x14, -0x34(x8)
#1585 0 8000010a     97ba r 0f         f004000c  c.add    x15, x14
#1586 0 8000010c     439c r 0f         00000022  c.lw     x15, 0x0(x15)
#1587 0 8000010e fef42023 m f0041010   00000022  sw       x15, -0x20(x8)
#1588 0 80000112 fdc42783 r 0f         00000005  lw       x15, -0x24(x8)
#1589 0 80000116     078a r 0f         00000014  c.slli   x15, 2
#1590 0 80000118 fcc42703 r 0e         f0040000  lw       x14, -0x34(x8)
#1591 0 8000011c     973e r 0e         f0040014  c.add    x14, x15
#1592 0 8000011e fe442783 r 0f         00000003  lw       x15, -0x1c(x8)
#1593 0 80000122     078a r 0f         0000000c  c.slli   x15, 2
#1594 0 80000124 fcc42683 r 0d         f0040000  lw       x13, -0x34(x8)
#1595 0 80000128     97b6 r 0f         f004000c  c.add    x15, x13
#1596 0 8000012a     4318 r 0e         0000000c  c.lw     x14, 0x0(x14)
#1597 0 8000012c     c398 m f004000c   0000000c  c.sw     x14, 0x0(x15)
#1598 0 8000012e fdc42783 r 0f         00000005  lw       x15, -0x24(x8)
#1599 0 80000132     078a r 0f         00000014  c.slli   x15, 2
#1600 0 80000134 fcc42703 r 0e         f0040000  lw       x14, -0x34(x8)
#1601 0 80000138     97ba r 0f         f0040014  c.add    x15, x14
#1602 0 8000013a fe042703 r 0e         00000022  lw       x14, -0x20(x8)
#1603 0 8000013e     c398 m f0040014   00000022  c.sw     x14, 0x0(x15)
#1604 0 80000140     4785 r 0f         00000001  c.li     x15, 0x1
#1605 0 80000142 fef42423 m f0041018   00000001  sw       x15, -0x18(x8)
#1606 0 80000146 fe442783 r 0f         00000003  lw       x15, -0x1c(x8)
#1607 0 8000014a     0785 r 0f         00000004  c.addi   x15, 0x1
#1608 0 8000014c fef42223 m f0041014   00000004  sw       x15, -0x1c(x8)
#1609 0 80000150     4739 r 0e         0000000e  c.li     x14, 0xe
#1610 0 80000152 fec42783 r 0f         00000002  lw       x15, -0x14(x8)
#1611 0 80000156 40f707b3 r 0f         0000000c  sub      x15, x14, x15
#1612 0 8000015a fe442703 r 0e         00000004  lw       x14, -0x1c(x8)
#1613 0 8000015e f6f74ae3 r 00         00000000  blt      x14, x15, . - 0x8c
#1614 0 800000d2 fe442703 r 0e         00000004  lw       x14, -0x1c(x8)
#1615 0 800000d6 fec42783 r 0f         00000002  lw       x15, -0x14(x8)
#1616 0 800000da     97ba r 0f         00000006  c.add    x15, x14
#1617 0 800000dc fcf42e23 m f004100c   00000006  sw       x15, -0x24(x8)
#1618 0 800000e0 fe442783 r 0f         00000004  lw       x15, -0x1c(x8)
#1619 0 800000e4     078a r 0f         00000010  c.slli   x15, 2
#1620 0 800000e6 fcc42703 r 0e         f0040000  lw       x14, -0x34(x8)
#1621 0 800000ea     97ba r 0f         f0040010  c.add    x15, x14
#1622 0 800000ec     4398 r 0e         0000002c  c.lw     x14, 0x0(x15)
#1623 0 800000ee fdc42783 r 0f         00000006  lw       x15, -0x24(x8)
#1624 0 800000f2     078a r 0f         00000018  c.slli   x15, 2
#1625 0 800000f4 fcc42683 r 0d         f0040000  lw       x13, -0x34(x8)
#1626 0 800000f8     97b6 r 0f         f0040018  c.add    x15, x13
#1627 0 800000fa     439c r 0f         00000042  c.lw     x15, 0x0(x15)
#1628 0 800000fc 04e7d563 r 00         00000000  bge      x15, x14, . + 0x4a
#1629 0 80000146 fe442783 r 0f         00000004  lw       x15, -0x1c(x8)
#1630 0 8000014a     0785 r 0f         00000005  c.addi   x15, 0x1
#1631 0 8000014c fef42223 m f0041014   00000005  sw       x15, -0x1c(x8)
#1632 0 80000150     4739 r 0e         0000000e  c.li     x14, 0xe
#1633 0 80000152 fec42783 r 0f         00000002  lw       x15, -0x14(x8)
#1634 0 80000156 40f707b3 r 0f         0000000c  sub      x15, x14, x15
#1635 0 8000015a fe442703 r 0e         00000005  lw       x14, -0x1c(x8)
#1636 0 8000015e f6f74ae3 r 00         00000000  blt      x14, x15, . - 0x8c
#1637 0 800000d2 fe442703 r 0e         00000005  lw       x14, -0x1c(x8)
#1638 0 800000d6 fec42783 r 0f         00000002  lw       x15, -0x14(x8)
#1639 0 800000da     97ba r 0f         00000007  c.add    x15, x14
#1640 0 800000dc fcf42e23 m f004100c   00000007  sw       x15, -0x24(x8)
#1641 0 800000e0 fe442783 r 0f         00000005  lw       x15, -0x1c(x8)
#1642 0 800000e4     078a r 0f         00000014  c.slli   x15, 2
#1643 0 800000e6 fcc42703 r 0e         f0040000  lw       x14, -0x34(x8)
#1644 0 800000ea     97ba r 0f         f0040014  c.add    x15, x14
#1645 0 800000ec     4398 r 0e         00000022  c.lw     x14, 0x0(x15)
#1646 0 800000ee fdc42783 r 0f         00000007  lw       x15, -0x24(x8)
#1647 0 800000f2     078a r 0f         0000001c  c.slli   x15, 2
#1648 0 800000f4 fcc42683 r 0d         f0040000  lw       x13, -0x34(x8)
#1649 0 800000f8     97b6 r 0f         f004001c  c.add    x15, x13
#1650 0 800000fa     439c r 0f         0000002d  c.lw     x15, 0x0(x15)
#1651 0 800000fc 04e7d563 r 00         00000000  bge      x15, x14, . + 0x4a
#1652 0 80000146 fe442783 r 0f         00000005  lw       x15, -0x1c(x8)
#1653 0 8000014a     0785 r 0f         00000006  c.addi   x15, 0x1
#1654 0 8000014c fef42223 m f0041014   00000006  sw       x15, -0x1c(x8)
#1655 0 80000150     4739 r 0e         0000000e  c.li     x14, 0xe
#1656 0 80000152 fec42783 r 0f         00000002  lw       x15, -0x14(x8)
#1657 0 80000156 40f707b3 r 0f         0000000c  sub      x15, x14, x15
#1658 0 8000015a fe442703 r 0e         00000006  lw       x14, -0x1c(x8)
#1659 0 8000015e f6f74ae3 r 00         00000000  blt      x14, x15, . - 0x8c
#1660 0 800000d2 fe442703 r 0e         00000006  lw       x14, -0x1c(x8)
#1661 0 800000d6 fec42783 r 0f         00000002  lw       x15, -0x14(x8)
#1662 0 800000da     97ba r 0f         00000008  c.add    x15, x14
#1663 0 800000dc fcf42e23 m f004100c   00000008  sw       x15, -0x24(x8)
#1664 0 800000e0 fe442783 r 0f         00000006  lw       x15, -0x1c(x8)
#1665 0 800000e4     078a r 0f         00000018  c.slli   x15, 2
#1666 0 800000e6 fcc42703 r 0e         f0040000  lw       x14, -0x34(x8)
#1667 0 800000ea     97ba r 0f         f0040018  c.add    x15, x14
#1668 0 800000ec     4398 r 0e         00000042  c.lw     x14, 0x0(x15)
#1669 0 800000ee fdc42783 r 0f         00000008  lw       x15, -0x24(x8)
#1670 0 800000f2     078a r 0f         00000020  c.slli   x15, 2
#1671 0 800000f4 fcc42683 r 0d         f0040000  lw       x13, -0x34(x8)
#1672 0 800000f8     97b6 r 0f         f0040020  c.add    x15, x13
#1673 0 800000fa     439c r 0f         00000058  c.lw     x15, 0x0(x15)
#1674 0 800000fc 04e7d563 r 00         00000000  bge      x15, x14, . + 0x4a
#1675 0 80000146 fe442783 r 0f         00000006  lw       x15, -0x1c(x8)
#1676 0 8000014a     0785 r 0f         00000007  c.addi   x15, 0x1
#1677 0 8000014c fef42223 m f0041014   00000007  sw       x15, -0x1c(x8)
#1678 0 80000150     4739 r 0e         0000000e  c.li     x14, 0xe
#1679 0 80000152 fec42783 r 0f         00000002  lw       x15, -0x14(x8)
#1680 0 80000156 40f707b3 r 0f         0000000c  sub      x15, x14, x15
#1681 0 8000015a fe442703 r 0e         00000007  lw       x14, -0x1c(x8)
#1682 0 8000015e f6f74ae3 r 00         00000000  blt      x14, x15, . - 0x8c
#1683 0 800000d2 fe442703 r 0e         00000007  lw       x14, -0x1c(x8)
#1684 0 800000d6 fec42783 r 0f         00000002  lw       x15, -0x14(x8)
#1685 0 800000da     97ba r 0f         00000009  c.add    x15, x14
#1686 0 800000dc fcf42e23 m f004100c   00000009  sw       x15, -0x24(x8)
#1687 0 800000e0 fe442783 r 0f         00000007  lw       x15, -0x1c(x8)
#1688 0 800000e4     078a r 0f         0000001c  c.slli   x15, 2
#1689 0 800000e6 fcc42703 r 0e         f0040000  lw       x14, -0x34(x8)
#1690 0 800000ea     97ba r 0f         f004001c  c.add    x15, x14
#1691 0 800000ec     4398 r 0e         0000002d  c.lw     x14, 0x0(x15)
#1692 0 800000ee fdc42783 r 0f         00000009  lw       x15, -0x24(x8)
#1693 0 800000f2     078a r 0f         00000024  c.slli   x15, 2
#1694 0 800000f4 fcc42683 r 0d         f0040000  lw       x13, -0x34(x8)
#1695 0 800000f8     97b6 r 0f         f0040024  c.add    x15, x13
#1696 0 800000fa     439c r 0f         00000043  c.lw     x15, 0x0(x15)
#1697 0 800000fc 04e7d563 r 00         00000000  bge      x15, x14, . + 0x4a
#1698 0 80000146 fe442783 r 0f         00000007  lw       x15, -0x1c(x8)
#1699 0 8000014a     0785 r 0f         00000008  c.addi   x15, 0x1
#1700 0 8000014c fef42223 m f0041014   00000008  sw       x15, -0x1c(x8)
#1701 0 80000150     4739 r 0e         0000000e  c.li     x14, 0xe
#1702 0 80000152 fec42783 r 0f         00000002  lw       x15, -0x14(x8)
#1703 0 80000156 40f707b3 r 0f         0000000c  sub      x15, x14, x15
#1704 0 8000015a fe442703 r 0e         00000008  lw       x14, -0x1c(x8)
#1705 0 8000015e f6f74ae3 r 00         00000000  blt      x14, x15, . - 0x8c
#1706 0 800000d2 fe442703 r 0e         00000008  lw       x14, -0x1c(x8)
#1707 0 800000d6 fec42783 r 0f         00000002  lw       x15, -0x14(x8)
#1708 0 800000da     97ba r 0f         0000000a  c.add    x15, x14
#1709 0 800000dc fcf42e23 m f004100c   0000000a  sw       x15, -0x24(x8)
#1710 0 800000e0 fe442783 r 0f         00000008  lw       x15, -0x1c(x8)
#1711 0 800000e4     078a r 0f         00000020  c.slli   x15, 2
#1712 0 800000e6 fcc42703 r 0e         f0040000  lw       x14, -0x34(x8)
#1713 0 800000ea     97ba r 0f         f0040020  c.add    x15, x14
#1714 0 800000ec     4398 r 0e         00000058  c.lw     x14, 0x0(x15)
#1715 0 800000ee fdc42783 r 0f         0000000a  lw       x15, -0x24(x8)
#1716 0 800000f2     078a r 0f         00000028  c.slli   x15, 2
#1717 0 800000f4 fcc42683 r 0d         f0040000  lw       x13, -0x34(x8)
#1718 0 800000f8     97b6 r 0f         f0040028  c.add    x15, x13
#1719 0 800000fa     439c r 0f         00000048  c.lw     x15, 0x0(x15)
#1720 0 800000fc 04e7d563 r 00         00000000  bge      x15, x14, . + 0x4a
#1721 0 80000100 fe442783 r 0f         00000008  lw       x15, -0x1c(x8)
#1722 0 80000104     078a r 0f         00000020  c.slli   x15, 2
#1723 0 80000106 fcc42703 r 0e         f0040000  lw       x14, -0x34(x8)
#1724 0 8000010a     97ba r 0f         f0040020  c.add    x15, x14
#1725 0 8000010c     439c r 0f         00000058  c.lw     x15, 0x0(x15)
#1726 0 8000010e fef42023 m f0041010   00000058  sw       x15, -0x20(x8)
#1727 0 80000112 fdc42783 r 0f         0000000a  lw       x15, -0x24(x8)
#1728 0 80000116     078a r 0f         00000028  c.slli   x15, 2
#1729 0 80000118 fcc42703 r 0e         f0040000  lw       x14, -0x34(x8)
#1730 0 8000011c     973e r 0e         f0040028  c.add    x14, x15
#1731 0 8000011e fe442783 r 0f         00000008  lw       x15, -0x1c(x8)
#1732 0 80000122     078a r 0f         00000020  c.slli   x15, 2
#1733 0 80000124 fcc42683 r 0d         f0040000  lw       x13, -0x34(x8)
#1734 0 80000128     97b6 r 0f         f0040020  c.add    x15, x13
#1735 0 8000012a     4318 r 0e         00000048  c.lw     x14, 0x0(x14)
#1736 0 8000012c     c398 m f0040020   00000048  c.sw     x14, 0x0(x15)
#1737 0 8000012e fdc42783 r 0f         0000000a  lw       x15, -0x24(x8)
#1738 0 80000132     078a r 0f         00000028  c.slli   x15, 2
#1739 0 80000134 fcc42703 r 0e         f0040000  lw       x14, -0x34(x8)
#1740 0 80000138     97ba r 0f         f0040028  c.add    x15, x14
#1741 0 8000013a fe042703 r 0e         00000058  lw       x14, -0x20(x8)
#1742 0 8000013e     c398 m f0040028   00000058  c.sw     x14, 0x0(x15)
#1743 0 80000140     4785 r 0f         00000001  c.li     x15, 0x1
#1744 0 80000142 fef42423 m f0041018   00000001  sw       x15, -0x18(x8)
#1745 0 80000146 fe442783 r 0f         00000008  lw       x15, -0x1c(x8)
#1746 0 8000014a     0785 r 0f         00000009  c.addi   x15, 0x1
#1747 0 8000014c fef42223 m f0041014   00000009  sw       x15, -0x1c(x8)
#1748 0 80000150     4739 r 0e         0000000e  c.li     x14, 0xe
#1749 0 80000152 fec42783 r 0f         00000002  lw       x15, -0x14(x8)
#1750 0 80000156 40f707b3 r 0f         0000000c  sub      x15, x14, x15
#1751 0 8000015a fe442703 r 0e         00000009  lw       x14, -0x1c(x8)
#1752 0 8000015e f6f74ae3 r 00         00000000  blt      x14, x15, . - 0x8c
#1753 0 800000d2 fe442703 r 0e         00000009  lw       x14, -0x1c(x8)
#1754 0 800000d6 fec42783 r 0f         00000002  lw       x15, -0x14(x8)
#1755 0 800000da     97ba r 0f         0000000b  c.add    x15, x14
#1756 0 800000dc fcf42e23 m f004100c   0000000b  sw       x15, -0x24(x8)
#1757 0 800000e0 fe442783 r 0f         00000009  lw       x15, -0x1c(x8)
#1758 0 800000e4     078a r 0f         00000024  c.slli   x15, 2
#1759 0 800000e6 fcc42703 r 0e         f0040000  lw       x14, -0x34(x8)
#1760 0 800000ea     97ba r 0f         f0040024  c.add    x15, x14
#1761 0 800000ec     4398 r 0e         00000043  c.lw     x14, 0x0(x15)
#1762 0 800000ee fdc42783 r 0f         0000000b  lw       x15, -0x24(x8)
#1763 0 800000f2     078a r 0f         0000002c  c.slli   x15, 2
#1764 0 800000f4 fcc42683 r 0d         f0040000  lw       x13, -0x34(x8)
#1765 0 800000f8     97b6 r 0f         f004002c  c.add    x15, x13
#1766 0 800000fa     439c r 0f         00000059  c.lw     x15, 0x0(x15)
#1767 0 800000fc 04e7d563 r 00         00000000  bge      x15, x14, . + 0x4a
#1768 0 80000146 fe442783 r 0f         00000009  lw       x15, -0x1c(x8)
#1769 0 8000014a     0785 r 0f         0000000a  c.addi   x15, 0x1
#1770 0 8000014c fef42223 m f0041014   0000000a  sw       x15, -0x1c(x8)
#1771 0 80000150     4739 r 0e         0000000e  c.li     x14, 0xe
#1772 0 80000152 fec42783 r 0f         00000002  lw       x15, -0x14(x8)
#1773 0 80000156 40f707b3 r 0f         0000000c  sub      x15, x14, x15
#1774 0 8000015a fe442703 r 0e         0000000a  lw       x14, -0x1c(x8)
#1775 0 8000015e f6f74ae3 r 00         00000000  blt      x14, x15, . - 0x8c
#1776 0 800000d2 fe442703 r 0e         0000000a  lw       x14, -0x1c(x8)
#1777 0 800000d6 fec42783 r 0f         00000002  lw       x15, -0x14(x8)
#1778 0 800000da     97ba r 0f         0000000c  c.add    x15, x14
#1779 0 800000dc fcf42e23 m f004100c   0000000c  sw       x15, -0x24(x8)
#1780 0 800000e0 fe442783 r 0f         0000000a  lw       x15, -0x1c(x8)
#1781 0 800000e4     078a r 0f         00000028  c.slli   x15, 2
#1782 0 800000e6 fcc42703 r 0e         f0040000  lw       x14, -0x34(x8)
#1783 0 800000ea     97ba r 0f         f0040028  c.add    x15, x14
#1784 0 800000ec     4398 r 0e         00000058  c.lw     x14, 0x0(x15)
#1785 0 800000ee fdc42783 r 0f         0000000c  lw       x15, -0x24(x8)
#1786 0 800000f2     078a r 0f         00000030  c.slli   x15, 2
#1787 0 800000f4 fcc42683 r 0d         f0040000  lw       x13, -0x34(x8)
#1788 0 800000f8     97b6 r 0f         f0040030  c.add    x15, x13
#1789 0 800000fa     439c r 0f         0000005a  c.lw     x15, 0x0(x15)
#1790 0 800000fc 04e7d563 r 00         00000000  bge      x15, x14, . + 0x4a
#1791 0 80000146 fe442783 r 0f         0000000a  lw       x15, -0x1c(x8)
#1792 0 8000014a     0785 r 0f         0000000b  c.addi   x15, 0x1
#1793 0 8000014c fef42223 m f0041014   0000000b  sw       x15, -0x1c(x8)
#1794 0 80000150     4739 r 0e         0000000e  c.li     x14, 0xe
#1795 0 80000152 fec42783 r 0f         00000002  lw       x15, -0x14(x8)
#1796 0 80000156 40f707b3 r 0f         0000000c  sub      x15, x14, x15
#1797 0 8000015a fe442703 r 0e         0000000b  lw       x14, -0x1c(x8)
#1798 0 8000015e f6f74ae3 r 00         00000000  blt      x14, x15, . - 0x8c
#1799 0 800000d2 fe442703 r 0e         0000000b  lw       x14, -0x1c(x8)
#1800 0 800000d6 fec42783 r 0f         00000002  lw       x15, -0x14(x8)
#1801 0 800000da     97ba r 0f         0000000d  c.add    x15, x14
#1802 0 800000dc fcf42e23 m f004100c   0000000d  sw       x15, -0x24(x8)
#1803 0 800000e0 fe442783 r 0f         0000000b  lw       x15, -0x1c(x8)
#1804 0 800000e4     078a r 0f         0000002c  c.slli   x15, 2
#1805 0 800000e6 fcc42703 r 0e         f0040000  lw       x14, -0x34(x8)
#1806 0 800000ea     97ba r 0f         f004002c  c.add    x15, x14
#1807 0 800000ec     4398 r 0e         00000059  c.lw     x14, 0x0(x15)
#1808 0 800000ee fdc42783 r 0f         0000000d  lw       x15, -0x24(x8)
#1809 0 800000f2     078a r 0f         00000034  c.slli   x15, 2
#1810 0 800000f4 fcc42683 r 0d         f0040000  lw       x13, -0x34(x8)
#1811 0 800000f8     97b6 r 0f         f0040034  c.add    x15, x13
#1812 0 800000fa     439c r 0f         0000004e  c.lw     x15, 0x0(x15)
#1813 0 800000fc 04e7d563 r 00         00000000  bge      x15, x14, . + 0x4a
#1814 0 80000100 fe442783 r 0f         0000000b  lw       x15, -0x1c(x8)
#1815 0 80000104     078a r 0f         0000002c  c.slli   x15, 2
#1816 0 80000106 fcc42703 r 0e         f0040000  lw       x14, -0x34(x8)
#1817 0 8000010a     97ba r 0f         f004002c  c.add    x15, x14
#1818 0 8000010c     439c r 0f         00000059  c.lw     x15, 0x0(x15)
#1819 0 8000010e fef42023 m f0041010   00000059  sw       x15, -0x20(x8)
#1820 0 80000112 fdc42783 r 0f         0000000d  lw       x15, -0x24(x8)
#1821 0 80000116     078a r 0f         00000034  c.slli   x15, 2
#1822 0 80000118 fcc42703 r 0e         f0040000  lw       x14, -0x34(x8)
#1823 0 8000011c     973e r 0e         f0040034  c.add    x14, x15
#1824 0 8000011e fe442783 r 0f         0000000b  lw       x15, -0x1c(x8)
#1825 0 80000122     078a r 0f         0000002c  c.slli   x15, 2
#1826 0 80000124 fcc42683 r 0d         f0040000  lw       x13, -0x34(x8)
#1827 0 80000128     97b6 r 0f         f004002c  c.add    x15, x13
#1828 0 8000012a     4318 r 0e         0000004e  c.lw     x14, 0x0(x14)
#1829 0 8000012c     c398 m f004002c   0000004e  c.sw     x14, 0x0(x15)
#1830 0 8000012e fdc42783 r 0f         0000000d  lw       x15, -0x24(x8)
#1831 0 80000132     078a r 0f         00000034  c.slli   x15, 2
#1832 0 80000134 fcc42703 r 0e         f0040000  lw       x14, -0x34(x8)
#1833 0 80000138     97ba r 0f         f0040034  c.add    x15, x14
#1834 0 8000013a fe042703 r 0e         00000059  lw       x14, -0x20(x8)
#1835 0 8000013e     c398 m f0040034   00000059  c.sw     x14, 0x0(x15)
#1836 0 80000140     4785 r 0f         00000001  c.li     x15, 0x1
#1837 0 80000142 fef42423 m f0041018   00000001  sw       x15, -0x18(x8)
#1838 0 80000146 fe442783 r 0f         0000000b  lw       x15, -0x1c(x8)
#1839 0 8000014a     0785 r 0f         0000000c  c.addi   x15, 0x1
#1840 0 8000014c fef42223 m f0041014   0000000c  sw       x15, -0x1c(x8)
#1841 0 80000150     4739 r 0e         0000000e  c.li     x14, 0xe
#1842 0 80000152 fec42783 r 0f         00000002  lw       x15, -0x14(x8)
#1843 0 80000156 40f707b3 r 0f         0000000c  sub      x15, x14, x15
#1844 0 8000015a fe442703 r 0e         0000000c  lw       x14, -0x1c(x8)
#1845 0 8000015e f6f74ae3 r 00         00000000  blt      x14, x15, . - 0x8c
#1846 0 80000162 fec42703 r 0e         00000002  lw       x14, -0x14(x8)
#1847 0 80000166     4785 r 0f         00000001  c.li     x15, 0x1
#1848 0 80000168 f4f71be3 r 00         00000000  bne      x14, x15, . - 0xaa
#1849 0 800000be fec42503 r 0a         00000002  lw       x10, -0x14(x8)
#1850 0 800000c2     3751 r 01         800000c4  c.jal    . - 0x7c
#1851 0 80000046     1101 r 02         f0040fd0  c.addi   x2, -0x20
#1852 0 80000048     ce22 m f0040fec   f0041030  c.swsp   x8, 0x1c
#1853 0 8000004a     1000 r 08         f0040ff0  c.addi4spn  x8, 0x8
#1854 0 8000004c fea42623 m f0040fdc   00000002  sw       x10, -0x14(x8)
#1855 0 80000050 fec42703 r 0e         00000002  lw       x14, -0x14(x8)
#1856 0 80000054     87ba r 0f         00000002  c.mv     x15, x14
#1857 0 80000056     078a r 0f         00000008  c.slli   x15, 2
#1858 0 80000058     97ba r 0f         0000000a  c.add    x15, x14
#1859 0 8000005a     0786 r 0f         00000014  c.slli   x15, 1
#1860 0 8000005c     873e r 0e         00000014  c.mv     x14, x15
#1861 0 8000005e     47b5 r 0f         0000000d  c.li     x15, 0xd
#1862 0 80000060 02f747b3 r 0f         00000001  div      x15, x14, x15
#1863 0 80000064 fef42623 m f0040fdc   00000001  sw       x15, -0x14(x8)
#1864 0 80000068 fec42703 r 0e         00000001  lw       x14, -0x14(x8)
#1865 0 8000006c     47a5 r 0f         00000009  c.li     x15, 0x9
#1866 0 8000006e 00f70763 r 00         00000000  beq      x14, x15, . + 0xe
#1867 0 80000072 fec42703 r 0e         00000001  lw       x14, -0x14(x8)
#1868 0 80000076     47a9 r 0f         0000000a  c.li     x15, 0xa
#1869 0 80000078 00f71563 r 00         00000000  bne      x14, x15, . + 0xa
#1870 0 80000082 fec42783 r 0f         00000001  lw       x15, -0x14(x8)
#1871 0 80000086 00f04563 r 00         00000000  blt      x0, x15, . + 0xa
#1872 0 80000090 fec42783 r 0f         00000001  lw       x15, -0x14(x8)
#1873 0 80000094     853e r 0a         00000001  c.mv     x10, x15
#1874 0 80000096     4472 r 08         f0041030  c.lwsp   x8, 0x1c
#1875 0 80000098     6105 r 02         f0040ff0  c.addi16sp 0x2
#1876 0 8000009a     8082 r 00         00000000  c.jr     x1
#1877 0 800000c4 fea42623 m f004101c   00000001  sw       x10, -0x14(x8)
#1878 0 800000c8 fe042423 m f0041018   00000000  sw       x0, -0x18(x8)
#1879 0 800000cc fe042223 m f0041014   00000000  sw       x0, -0x1c(x8)
#1880 0 800000d0     a041 r 00         00000000  c.j      . + 0x80
#1881 0 80000150     4739 r 0e         0000000e  c.li     x14, 0xe
#1882 0 80000152 fec42783 r 0f         00000001  lw       x15, -0x14(x8)
#1883 0 80000156 40f707b3 r 0f         0000000d  sub      x15, x14, x15
#1884 0 8000015a fe442703 r 0e         00000000  lw       x14, -0x1c(x8)
#1885 0 8000015e f6f74ae3 r 00         00000000  blt      x14, x15, . - 0x8c
#1886 0 800000d2 fe442703 r 0e         00000000  lw       x14, -0x1c(x8)
#1887 0 800000d6 fec42783 r 0f         00000001  lw       x15, -0x14(x8)
#1888 0 800000da     97ba r 0f         00000001  c.add    x15, x14
#1889 0 800000dc fcf42e23 m f004100c   00000001  sw       x15, -0x24(x8)
#1890 0 800000e0 fe442783 r 0f         00000000  lw       x15, -0x1c(x8)
#1891 0 800000e4     078a r 0f         00000000  c.slli   x15, 2
#1892 0 800000e6 fcc42703 r 0e         f0040000  lw       x14, -0x34(x8)
#1893 0 800000ea     97ba r 0f         f0040000  c.add    x15, x14
#1894 0 800000ec     4398 r 0e         00000000  c.lw     x14, 0x0(x15)
#1895 0 800000ee fdc42783 r 0f         00000001  lw       x15, -0x24(x8)
#1896 0 800000f2     078a r 0f         00000004  c.slli   x15, 2
#1897 0 800000f4 fcc42683 r 0d         f0040000  lw       x13, -0x34(x8)
#1898 0 800000f8     97b6 r 0f         f0040004  c.add    x15, x13
#1899 0 800000fa     439c r 0f         0000000b  c.lw     x15, 0x0(x15)
#1900 0 800000fc 04e7d563 r 00         00000000  bge      x15, x14, . + 0x4a
#1901 0 80000146 fe442783 r 0f         00000000  lw       x15, -0x1c(x8)
#1902 0 8000014a     0785 r 0f         00000001  c.addi   x15, 0x1
#1903 0 8000014c fef42223 m f0041014   00000001  sw       x15, -0x1c(x8)
#1904 0 80000150     4739 r 0e         0000000e  c.li     x14, 0xe
#1905 0 80000152 fec42783 r 0f         00000001  lw       x15, -0x14(x8)
#1906 0 80000156 40f707b3 r 0f         0000000d  sub      x15, x14, x15
#1907 0 8000015a fe442703 r 0e         00000001  lw       x14, -0x1c(x8)
#1908 0 8000015e f6f74ae3 r 00         00000000  blt      x14, x15, . - 0x8c
#1909 0 800000d2 fe442703 r 0e         00000001  lw       x14, -0x1c(x8)
#1910 0 800000d6 fec42783 r 0f         00000001  lw       x15, -0x14(x8)
#1911 0 800000da     97ba r 0f         00000002  c.add    x15, x14
#1912 0 800000dc fcf42e23 m f004100c   00000002  sw       x15, -0x24(x8)
#1913 0 800000e0 fe442783 r 0f         00000001  lw       x15, -0x1c(x8)
#1914 0 800000e4     078a r 0f         00000004  c.slli   x15, 2
#1915 0 800000e6 fcc42703 r 0e         f0040000  lw       x14, -0x34(x8)
#1916 0 800000ea     97ba r 0f         f0040004  c.add    x15, x14
#1917 0 800000ec     4398 r 0e         0000000b  c.lw     x14, 0x0(x15)
#1918 0 800000ee fdc42783 r 0f         00000002  lw       x15, -0x24(x8)
#1919 0 800000f2     078a r 0f         00000008  c.slli   x15, 2
#1920 0 800000f4 fcc42683 r 0d         f0040000  lw       x13, -0x34(x8)
#1921 0 800000f8     97b6 r 0f         f0040008  c.add    x15, x13
#1922 0 800000fa     439c r 0f         00000017  c.lw     x15, 0x0(x15)
#1923 0 800000fc 04e7d563 r 00         00000000  bge      x15, x14, . + 0x4a
#1924 0 80000146 fe442783 r 0f         00000001  lw       x15, -0x1c(x8)
#1925 0 8000014a     0785 r 0f         00000002  c.addi   x15, 0x1
#1926 0 8000014c fef42223 m f0041014   00000002  sw       x15, -0x1c(x8)
#1927 0 80000150     4739 r 0e         0000000e  c.li     x14, 0xe
#1928 0 80000152 fec42783 r 0f         00000001  lw       x15, -0x14(x8)
#1929 0 80000156 40f707b3 r 0f         0000000d  sub      x15, x14, x15
#1930 0 8000015a fe442703 r 0e         00000002  lw       x14, -0x1c(x8)
#1931 0 8000015e f6f74ae3 r 00         00000000  blt      x14, x15, . - 0x8c
#1932 0 800000d2 fe442703 r 0e         00000002  lw       x14, -0x1c(x8)
#1933 0 800000d6 fec42783 r 0f         00000001  lw       x15, -0x14(x8)
#1934 0 800000da     97ba r 0f         00000003  c.add    x15, x14
#1935 0 800000dc fcf42e23 m f004100c   00000003  sw       x15, -0x24(x8)
#1936 0 800000e0 fe442783 r 0f         00000002  lw       x15, -0x1c(x8)
#1937 0 800000e4     078a r 0f         00000008  c.slli   x15, 2
#1938 0 800000e6 fcc42703 r 0e         f0040000  lw       x14, -0x34(x8)
#1939 0 800000ea     97ba r 0f         f0040008  c.add    x15, x14
#1940 0 800000ec     4398 r 0e         00000017  c.lw     x14, 0x0(x15)
#1941 0 800000ee fdc42783 r 0f         00000003  lw       x15, -0x24(x8)
#1942 0 800000f2     078a r 0f         0000000c  c.slli   x15, 2
#1943 0 800000f4 fcc42683 r 0d         f0040000  lw       x13, -0x34(x8)
#1944 0 800000f8     97b6 r 0f         f004000c  c.add    x15, x13
#1945 0 800000fa     439c r 0f         0000000c  c.lw     x15, 0x0(x15)
#1946 0 800000fc 04e7d563 r 00         00000000  bge      x15, x14, . + 0x4a
#1947 0 80000100 fe442783 r 0f         00000002  lw       x15, -0x1c(x8)
#1948 0 80000104     078a r 0f         00000008  c.slli   x15, 2
#1949 0 80000106 fcc42703 r 0e         f0040000  lw       x14, -0x34(x8)
#1950 0 8000010a     97ba r 0f         f0040008  c.add    x15, x14
#1951 0 8000010c     439c r 0f         00000017  c.lw     x15, 0x0(x15)
#1952 0 8000010e fef42023 m f0041010   00000017  sw       x15, -0x20(x8)
#1953 0 80000112 fdc42783 r 0f         00000003  lw       x15, -0x24(x8)
#1954 0 80000116     078a r 0f         0000000c  c.slli   x15, 2
#1955 0 80000118 fcc42703 r 0e         f0040000  lw       x14, -0x34(x8)
#1956 0 8000011c     973e r 0e         f004000c  c.add    x14, x15
#1957 0 8000011e fe442783 r 0f         00000002  lw       x15, -0x1c(x8)
#1958 0 80000122     078a r 0f         00000008  c.slli   x15, 2
#1959 0 80000124 fcc42683 r 0d         f0040000  lw       x13, -0x34(x8)
#1960 0 80000128     97b6 r 0f         f0040008  c.add    x15, x13
#1961 0 8000012a     4318 r 0e         0000000c  c.lw     x14, 0x0(x14)
#1962 0 8000012c     c398 m f0040008   0000000c  c.sw     x14, 0x0(x15)
#1963 0 8000012e fdc42783 r 0f         00000003  lw       x15, -0x24(x8)
#1964 0 80000132     078a r 0f         0000000c  c.slli   x15, 2
#1965 0 80000134 fcc42703 r 0e         f0040000  lw       x14, -0x34(x8)
#1966 0 80000138     97ba r 0f         f004000c  c.add    x15, x14
#1967 0 8000013a fe042703 r 0e         00000017  lw       x14, -0x20(x8)
#1968 0 8000013e     c398 m f004000c   00000017  c.sw     x14, 0x0(x15)
#1969 0 80000140     4785 r 0f         00000001  c.li     x15, 0x1
#1970 0 80000142 fef42423 m f0041018   00000001  sw       x15, -0x18(x8)
#1971 0 80000146 fe442783 r 0f         00000002  lw       x15, -0x1c(x8)
#1972 0 8000014a     0785 r 0f         00000003  c.addi   x15, 0x1
#1973 0 8000014c fef42223 m f0041014   00000003  sw       x15, -0x1c(x8)
#1974 0 80000150     4739 r 0e         0000000e  c.li     x14, 0xe
#1975 0 80000152 fec42783 r 0f         00000001  lw       x15, -0x14(x8)
#1976 0 80000156 40f707b3 r 0f         0000000d  sub      x15, x14, x15
#1977 0 8000015a fe442703 r 0e         00000003  lw       x14, -0x1c(x8)
#1978 0 8000015e f6f74ae3 r 00         00000000  blt      x14, x15, . - 0x8c
#1979 0 800000d2 fe442703 r 0e         00000003  lw       x14, -0x1c(x8)
#1980 0 800000d6 fec42783 r 0f         00000001  lw       x15, -0x14(x8)
#1981 0 800000da     97ba r 0f         00000004  c.add    x15, x14
#1982 0 800000dc fcf42e23 m f004100c   00000004  sw       x15, -0x24(x8)
#1983 0 800000e0 fe442783 r 0f         00000003  lw       x15, -0x1c(x8)
#1984 0 800000e4     078a r 0f         0000000c  c.slli   x15, 2
#1985 0 800000e6 fcc42703 r 0e         f0040000  lw       x14, -0x34(x8)
#1986 0 800000ea     97ba r 0f         f004000c  c.add    x15, x14
#1987 0 800000ec     4398 r 0e         00000017  c.lw     x14, 0x0(x15)
#1988 0 800000ee fdc42783 r 0f         00000004  lw       x15, -0x24(x8)
#1989 0 800000f2     078a r 0f         00000010  c.slli   x15, 2
#1990 0 800000f4 fcc42683 r 0d         f0040000  lw       x13, -0x34(x8)
#1991 0 800000f8     97b6 r 0f         f0040010  c.add    x15, x13
#1992 0 800000fa     439c r 0f         0000002c  c.lw     x15, 0x0(x15)
#1993 0 800000fc 04e7d563 r 00         00000000  bge      x15, x14, . + 0x4a
#1994 0 80000146 fe442783 r 0f         00000003  lw       x15, -0x1c(x8)
#1995 0 8000014a     0785 r 0f         00000004  c.addi   x15, 0x1
#1996 0 8000014c fef42223 m f0041014   00000004  sw       x15, -0x1c(x8)
#1997 0 80000150     4739 r 0e         0000000e  c.li     x14, 0xe
#1998 0 80000152 fec42783 r 0f         00000001  lw       x15, -0x14(x8)
#1999 0 80000156 40f707b3 r 0f         0000000d  sub      x15, x14, x15
#2000 0 8000015a fe442703 r 0e         00000004  lw       x14, -0x1c(x8)
#2001 0 8000015e f6f74ae3 r 00         00000000  blt      x14, x15, . - 0x8c
#2002 0 800000d2 fe442703 r 0e         00000004  lw       x14, -0x1c(x8)
#2003 0 800000d6 fec42783 r 0f         00000001  lw       x15, -0x14(x8)
#2004 0 800000da     97ba r 0f         00000005  c.add    x15, x14
#2005 0 800000dc fcf42e23 m f004100c   00000005  sw       x15, -0x24(x8)
#2006 0 800000e0 fe442783 r 0f         00000004  lw       x15, -0x1c(x8)
#2007 0 800000e4     078a r 0f         00000010  c.slli   x15, 2
#2008 0 800000e6 fcc42703 r 0e         f0040000  lw       x14, -0x34(x8)
#2009 0 800000ea     97ba r 0f         f0040010  c.add    x15, x14
#2010 0 800000ec     4398 r 0e         0000002c  c.lw     x14, 0x0(x15)
#2011 0 800000ee fdc42783 r 0f         00000005  lw       x15, -0x24(x8)
#2012 0 800000f2     078a r 0f         00000014  c.slli   x15, 2
#2013 0 800000f4 fcc42683 r 0d         f0040000  lw       x13, -0x34(x8)
#2014 0 800000f8     97b6 r 0f         f0040014  c.add    x15, x13
#2015 0 800000fa     439c r 0f         00000022  c.lw     x15, 0x0(x15)
#2016 0 800000fc 04e7d563 r 00         00000000  bge      x15, x14, . + 0x4a
#2017 0 80000100 fe442783 r 0f         00000004  lw       x15, -0x1c(x8)
#2018 0 80000104     078a r 0f         00000010  c.slli   x15, 2
#2019 0 80000106 fcc42703 r 0e         f0040000  lw       x14, -0x34(x8)
#2020 0 8000010a     97ba r 0f         f0040010  c.add    x15, x14
#2021 0 8000010c     439c r 0f         0000002c  c.lw     x15, 0x0(x15)
#2022 0 8000010e fef42023 m f0041010   0000002c  sw       x15, -0x20(x8)
#2023 0 80000112 fdc42783 r 0f         00000005  lw       x15, -0x24(x8)
#2024 0 80000116     078a r 0f         00000014  c.slli   x15, 2
#2025 0 80000118 fcc42703 r 0e         f0040000  lw       x14, -0x34(x8)
#2026 0 8000011c     973e r 0e         f0040014  c.add    x14, x15
#2027 0 8000011e fe442783 r 0f         00000004  lw       x15, -0x1c(x8)
#2028 0 80000122     078a r 0f         00000010  c.slli   x15, 2
#2029 0 80000124 fcc42683 r 0d         f0040000  lw       x13, -0x34(x8)
#2030 0 80000128     97b6 r 0f         f0040010  c.add    x15, x13
#2031 0 8000012a     4318 r 0e         00000022  c.lw     x14, 0x0(x14)
#2032 0 8000012c     c398 m f0040010   00000022  c.sw     x14, 0x0(x15)
#2033 0 8000012e fdc42783 r 0f         00000005  lw       x15, -0x24(x8)
#2034 0 80000132     078a r 0f         00000014  c.slli   x15, 2
#2035 0 80000134 fcc42703 r 0e         f0040000  lw       x14, -0x34(x8)
#2036 0 80000138     97ba r 0f         f0040014  c.add    x15, x14
#2037 0 8000013a fe042703 r 0e         0000002c  lw       x14, -0x20(x8)
#2038 0 8000013e     c398 m f0040014   0000002c  c.sw     x14, 0x0(x15)
#2039 0 80000140     4785 r 0f         00000001  c.li     x15, 0x1
#2040 0 80000142 fef42423 m f0041018   00000001  sw       x15, -0x18(x8)
#2041 0 80000146 fe442783 r 0f         00000004  lw       x15, -0x1c(x8)
#2042 0 8000014a     0785 r 0f         00000005  c.addi   x15, 0x1
#2043 0 8000014c fef42223 m f0041014   00000005  sw       x15, -0x1c(x8)
#2044 0 80000150     4739 r 0e         0000000e  c.li     x14, 0xe
#2045 0 80000152 fec42783 r 0f         00000001  lw       x15, -0x14(x8)
#2046 0 80000156 40f707b3 r 0f         0000000d  sub      x15, x14, x15
#2047 0 8000015a fe442703 r 0e         00000005  lw       x14, -0x1c(x8)
#2048 0 8000015e f6f74ae3 r 00         00000000  blt      x14, x15, . - 0x8c
#2049 0 800000d2 fe442703 r 0e         00000005  lw       x14, -0x1c(x8)
#2050 0 800000d6 fec42783 r 0f         00000001  lw       x15, -0x14(x8)
#2051 0 800000da     97ba r 0f         00000006  c.add    x15, x14
#2052 0 800000dc fcf42e23 m f004100c   00000006  sw       x15, -0x24(x8)
#2053 0 800000e0 fe442783 r 0f         00000005  lw       x15, -0x1c(x8)
#2054 0 800000e4     078a r 0f         00000014  c.slli   x15, 2
#2055 0 800000e6 fcc42703 r 0e         f0040000  lw       x14, -0x34(x8)
#2056 0 800000ea     97ba r 0f         f0040014  c.add    x15, x14
#2057 0 800000ec     4398 r 0e         0000002c  c.lw     x14, 0x0(x15)
#2058 0 800000ee fdc42783 r 0f         00000006  lw       x15, -0x24(x8)
#2059 0 800000f2     078a r 0f         00000018  c.slli   x15, 2
#2060 0 800000f4 fcc42683 r 0d         f0040000  lw       x13, -0x34(x8)
#2061 0 800000f8     97b6 r 0f         f0040018  c.add    x15, x13
#2062 0 800000fa     439c r 0f         00000042  c.lw     x15, 0x0(x15)
#2063 0 800000fc 04e7d563 r 00         00000000  bge      x15, x14, . + 0x4a
#2064 0 80000146 fe442783 r 0f         00000005  lw       x15, -0x1c(x8)
#2065 0 8000014a     0785 r 0f         00000006  c.addi   x15, 0x1
#2066 0 8000014c fef42223 m f0041014   00000006  sw       x15, -0x1c(x8)
#2067 0 80000150     4739 r 0e         0000000e  c.li     x14, 0xe
#2068 0 80000152 fec42783 r 0f         00000001  lw       x15, -0x14(x8)
#2069 0 80000156 40f707b3 r 0f         0000000d  sub      x15, x14, x15
#2070 0 8000015a fe442703 r 0e         00000006  lw       x14, -0x1c(x8)
#2071 0 8000015e f6f74ae3 r 00         00000000  blt      x14, x15, . - 0x8c
#2072 0 800000d2 fe442703 r 0e         00000006  lw       x14, -0x1c(x8)
#2073 0 800000d6 fec42783 r 0f         00000001  lw       x15, -0x14(x8)
#2074 0 800000da     97ba r 0f         00000007  c.add    x15, x14
#2075 0 800000dc fcf42e23 m f004100c   00000007  sw       x15, -0x24(x8)
#2076 0 800000e0 fe442783 r 0f         00000006  lw       x15, -0x1c(x8)
#2077 0 800000e4     078a r 0f         00000018  c.slli   x15, 2
#2078 0 800000e6 fcc42703 r 0e         f0040000  lw       x14, -0x34(x8)
#2079 0 800000ea     97ba r 0f         f0040018  c.add    x15, x14
#2080 0 800000ec     4398 r 0e         00000042  c.lw     x14, 0x0(x15)
#2081 0 800000ee fdc42783 r 0f         00000007  lw       x15, -0x24(x8)
#2082 0 800000f2     078a r 0f         0000001c  c.slli   x15, 2
#2083 0 800000f4 fcc42683 r 0d         f0040000  lw       x13, -0x34(x8)
#2084 0 800000f8     97b6 r 0f         f004001c  c.add    x15, x13
#2085 0 800000fa     439c r 0f         0000002d  c.lw     x15, 0x0(x15)
#2086 0 800000fc 04e7d563 r 00         00000000  bge      x15, x14, . + 0x4a
#2087 0 80000100 fe442783 r 0f         00000006  lw       x15, -0x1c(x8)
#2088 0 80000104     078a r 0f         00000018  c.slli   x15, 2
#2089 0 80000106 fcc42703 r 0e         f0040000  lw       x14, -0x34(x8)
#2090 0 8000010a     97ba r 0f         f0040018  c.add    x15, x14
#2091 0 8000010c     439c r 0f         00000042  c.lw     x15, 0x0(x15)
#2092 0 8000010e fef42023 m f0041010   00000042  sw       x15, -0x20(x8)
#2093 0 80000112 fdc42783 r 0f         00000007  lw       x15, -0x24(x8)
#2094 0 80000116     078a r 0f         0000001c  c.slli   x15, 2
#2095 0 80000118 fcc42703 r 0e         f0040000  lw       x14, -0x34(x8)
#2096 0 8000011c     973e r 0e         f004001c  c.add    x14, x15
#2097 0 8000011e fe442783 r 0f         00000006  lw       x15, -0x1c(x8)
#2098 0 80000122     078a r 0f         00000018  c.slli   x15, 2
#2099 0 80000124 fcc42683 r 0d         f0040000  lw       x13, -0x34(x8)
#2100 0 80000128     97b6 r 0f         f0040018  c.add    x15, x13
#2101 0 8000012a     4318 r 0e         0000002d  c.lw     x14, 0x0(x14)
#2102 0 8000012c     c398 m f0040018   0000002d  c.sw     x14, 0x0(x15)
#2103 0 8000012e fdc42783 r 0f         00000007  lw       x15, -0x24(x8)
#2104 0 80000132     078a r 0f         0000001c  c.slli   x15, 2
#2105 0 80000134 fcc42703 r 0e         f0040000  lw       x14, -0x34(x8)
#2106 0 80000138     97ba r 0f         f004001c  c.add    x15, x14
#2107 0 8000013a fe042703 r 0e         00000042  lw       x14, -0x20(x8)
#2108 0 8000013e     c398 m f004001c   00000042  c.sw     x14, 0x0(x15)
#2109 0 80000140     4785 r 0f         00000001  c.li     x15, 0x1
#2110 0 80000142 fef42423 m f0041018   00000001  sw       x15, -0x18(x8)
#2111 0 80000146 fe442783 r 0f         00000006  lw       x15, -0x1c(x8)
#2112 0 8000014a     0785 r 0f         00000007  c.addi   x15, 0x1
#2113 0 8000014c fef42223 m f0041014   00000007  sw       x15, -0x1c(x8)
#2114 0 80000150     4739 r 0e         0000000e  c.li     x14, 0xe
#2115 0 80000152 fec42783 r 0f         00000001  lw       x15, -0x14(x8)
#2116 0 80000156 40f707b3 r 0f         0000000d  sub      x15, x14, x15
#2117 0 8000015a fe442703 r 0e         00000007  lw       x14, -0x1c(x8)
#2118 0 8000015e f6f74ae3 r 00         00000000  blt      x14, x15, . - 0x8c
#2119 0 800000d2 fe442703 r 0e         00000007  lw       x14, -0x1c(x8)
#2120 0 800000d6 fec42783 r 0f         00000001  lw       x15, -0x14(x8)
#2121 0 800000da     97ba r 0f         00000008  c.add    x15, x14
#2122 0 800000dc fcf42e23 m f004100c   00000008  sw       x15, -0x24(x8)
#2123 0 800000e0 fe442783 r 0f         00000007  lw       x15, -0x1c(x8)
#2124 0 800000e4     078a r 0f         0000001c  c.slli   x15, 2
#2125 0 800000e6 fcc42703 r 0e         f0040000  lw       x14, -0x34(x8)
#2126 0 800000ea     97ba r 0f         f004001c  c.add    x15, x14
#2127 0 800000ec     4398 r 0e         00000042  c.lw     x14, 0x0(x15)
#2128 0 800000ee fdc42783 r 0f         00000008  lw       x15, -0x24(x8)
#2129 0 800000f2     078a r 0f         00000020  c.slli   x15, 2
#2130 0 800000f4 fcc42683 r 0d         f0040000  lw       x13, -0x34(x8)
#2131 0 800000f8     97b6 r 0f         f0040020  c.add    x15, x13
#2132 0 800000fa     439c r 0f         00000048  c.lw     x15, 0x0(x15)
#2133 0 800000fc 04e7d563 r 00         00000000  bge      x15, x14, . + 0x4a
#2134 0 80000146 fe442783 r 0f         00000007  lw       x15, -0x1c(x8)
#2135 0 8000014a     0785 r 0f         00000008  c.addi   x15, 0x1
#2136 0 8000014c fef42223 m f0041014   00000008  sw       x15, -0x1c(x8)
#2137 0 80000150     4739 r 0e         0000000e  c.li     x14, 0xe
#2138 0 80000152 fec42783 r 0f         00000001  lw       x15, -0x14(x8)
#2139 0 80000156 40f707b3 r 0f         0000000d  sub      x15, x14, x15
#2140 0 8000015a fe442703 r 0e         00000008  lw       x14, -0x1c(x8)
#2141 0 8000015e f6f74ae3 r 00         00000000  blt      x14, x15, . - 0x8c
#2142 0 800000d2 fe442703 r 0e         00000008  lw       x14, -0x1c(x8)
#2143 0 800000d6 fec42783 r 0f         00000001  lw       x15, -0x14(x8)
#2144 0 800000da     97ba r 0f         00000009  c.add    x15, x14
#2145 0 800000dc fcf42e23 m f004100c   00000009  sw       x15, -0x24(x8)
#2146 0 800000e0 fe442783 r 0f         00000008  lw       x15, -0x1c(x8)
#2147 0 800000e4     078a r 0f         00000020  c.slli   x15, 2
#2148 0 800000e6 fcc42703 r 0e         f0040000  lw       x14, -0x34(x8)
#2149 0 800000ea     97ba r 0f         f0040020  c.add    x15, x14
#2150 0 800000ec     4398 r 0e         00000048  c.lw     x14, 0x0(x15)
#2151 0 800000ee fdc42783 r 0f         00000009  lw       x15, -0x24(x8)
#2152 0 800000f2     078a r 0f         00000024  c.slli   x15, 2
#2153 0 800000f4 fcc42683 r 0d         f0040000  lw       x13, -0x34(x8)
#2154 0 800000f8     97b6 r 0f         f0040024  c.add    x15, x13
#2155 0 800000fa     439c r 0f         00000043  c.lw     x15, 0x0(x15)
#2156 0 800000fc 04e7d563 r 00         00000000  bge      x15, x14, . + 0x4a
#2157 0 80000100 fe442783 r 0f         00000008  lw       x15, -0x1c(x8)
#2158 0 80000104     078a r 0f         00000020  c.slli   x15, 2
#2159 0 80000106 fcc42703 r 0e         f0040000  lw       x14, -0x34(x8)
#2160 0 8000010a     97ba r 0f         f0040020  c.add    x15, x14
#2161 0 8000010c     439c r 0f         00000048  c.lw     x15, 0x0(x15)
#2162 0 8000010e fef42023 m f0041010   00000048  sw       x15, -0x20(x8)
#2163 0 80000112 fdc42783 r 0f         00000009  lw       x15, -0x24(x8)
#2164 0 80000116     078a r 0f         00000024  c.slli   x15, 2
#2165 0 80000118 fcc42703 r 0e         f0040000  lw       x14, -0x34(x8)
#2166 0 8000011c     973e r 0e         f0040024  c.add    x14, x15
#2167 0 8000011e fe442783 r 0f         00000008  lw       x15, -0x1c(x8)
#2168 0 80000122     078a r 0f         00000020  c.slli   x15, 2
#2169 0 80000124 fcc42683 r 0d         f0040000  lw       x13, -0x34(x8)
#2170 0 80000128     97b6 r 0f         f0040020  c.add    x15, x13
#2171 0 8000012a     4318 r 0e         00000043  c.lw     x14, 0x0(x14)
#2172 0 8000012c     c398 m f0040020   00000043  c.sw     x14, 0x0(x15)
#2173 0 8000012e fdc42783 r 0f         00000009  lw       x15, -0x24(x8)
#2174 0 80000132     078a r 0f         00000024  c.slli   x15, 2
#2175 0 80000134 fcc42703 r 0e         f0040000  lw       x14, -0x34(x8)
#2176 0 80000138     97ba r 0f         f0040024  c.add    x15, x14
#2177 0 8000013a fe042703 r 0e         00000048  lw       x14, -0x20(x8)
#2178 0 8000013e     c398 m f0040024   00000048  c.sw     x14, 0x0(x15)
#2179 0 80000140     4785 r 0f         00000001  c.li     x15, 0x1
#2180 0 80000142 fef42423 m f0041018   00000001  sw       x15, -0x18(x8)
#2181 0 80000146 fe442783 r 0f         00000008  lw       x15, -0x1c(x8)
#2182 0 8000014a     0785 r 0f         00000009  c.addi   x15, 0x1
#2183 0 8000014c fef42223 m f0041014   00000009  sw       x15, -0x1c(x8)
#2184 0 80000150     4739 r 0e         0000000e  c.li     x14, 0xe
#2185 0 80000152 fec42783 r 0f         00000001  lw       x15, -0x14(x8)
#2186 0 80000156 40f707b3 r 0f         0000000d  sub      x15, x14, x15
#2187 0 8000015a fe442703 r 0e         00000009  lw       x14, -0x1c(x8)
#2188 0 8000015e f6f74ae3 r 00         00000000  blt      x14, x15, . - 0x8c
#2189 0 800000d2 fe442703 r 0e         00000009  lw       x14, -0x1c(x8)
#2190 0 800000d6 fec42783 r 0f         00000001  lw       x15, -0x14(x8)
#2191 0 800000da     97ba r 0f         0000000a  c.add    x15, x14
#2192 0 800000dc fcf42e23 m f004100c   0000000a  sw       x15, -0x24(x8)
#2193 0 800000e0 fe442783 r 0f         00000009  lw       x15, -0x1c(x8)
#2194 0 800000e4     078a r 0f         00000024  c.slli   x15, 2
#2195 0 800000e6 fcc42703 r 0e         f0040000  lw       x14, -0x34(x8)
#2196 0 800000ea     97ba r 0f         f0040024  c.add    x15, x14
#2197 0 800000ec     4398 r 0e         00000048  c.lw     x14, 0x0(x15)
#2198 0 800000ee fdc42783 r 0f         0000000a  lw       x15, -0x24(x8)
#2199 0 800000f2     078a r 0f         00000028  c.slli   x15, 2
#2200 0 800000f4 fcc42683 r 0d         f0040000  lw       x13, -0x34(x8)
#2201 0 800000f8     97b6 r 0f         f0040028  c.add    x15, x13
#2202 0 800000fa     439c r 0f         00000058  c.lw     x15, 0x0(x15)
#2203 0 800000fc 04e7d563 r 00         00000000  bge      x15, x14, . + 0x4a
#2204 0 80000146 fe442783 r 0f         00000009  lw       x15, -0x1c(x8)
#2205 0 8000014a     0785 r 0f         0000000a  c.addi   x15, 0x1
#2206 0 8000014c fef42223 m f0041014   0000000a  sw       x15, -0x1c(x8)
#2207 0 80000150     4739 r 0e         0000000e  c.li     x14, 0xe
#2208 0 80000152 fec42783 r 0f         00000001  lw       x15, -0x14(x8)
#2209 0 80000156 40f707b3 r 0f         0000000d  sub      x15, x14, x15
#2210 0 8000015a fe442703 r 0e         0000000a  lw       x14, -0x1c(x8)
#2211 0 8000015e f6f74ae3 r 00         00000000  blt      x14, x15, . - 0x8c
#2212 0 800000d2 fe442703 r 0e         0000000a  lw       x14, -0x1c(x8)
#2213 0 800000d6 fec42783 r 0f         00000001  lw       x15, -0x14(x8)
#2214 0 800000da     97ba r 0f         0000000b  c.add    x15, x14
#2215 0 800000dc fcf42e23 m f004100c   0000000b  sw       x15, -0x24(x8)
#2216 0 800000e0 fe442783 r 0f         0000000a  lw       x15, -0x1c(x8)
#2217 0 800000e4     078a r 0f         00000028  c.slli   x15, 2
#2218 0 800000e6 fcc42703 r 0e         f0040000  lw       x14, -0x34(x8)
#2219 0 800000ea     97ba r 0f         f0040028  c.add    x15, x14
#2220 0 800000ec     4398 r 0e         00000058  c.lw     x14, 0x0(x15)
#2221 0 800000ee fdc42783 r 0f         0000000b  lw       x15, -0x24(x8)
#2222 0 800000f2     078a r 0f         0000002c  c.slli   x15, 2
#2223 0 800000f4 fcc42683 r 0d         f0040000  lw       x13, -0x34(x8)
#2224 0 800000f8     97b6 r 0f         f004002c  c.add    x15, x13
#2225 0 800000fa     439c r 0f         0000004e  c.lw     x15, 0x0(x15)
#2226 0 800000fc 04e7d563 r 00         00000000  bge      x15, x14, . + 0x4a
#2227 0 80000100 fe442783 r 0f         0000000a  lw       x15, -0x1c(x8)
#2228 0 80000104     078a r 0f         00000028  c.slli   x15, 2
#2229 0 80000106 fcc42703 r 0e         f0040000  lw       x14, -0x34(x8)
#2230 0 8000010a     97ba r 0f         f0040028  c.add    x15, x14
#2231 0 8000010c     439c r 0f         00000058  c.lw     x15, 0x0(x15)
#2232 0 8000010e fef42023 m f0041010   00000058  sw       x15, -0x20(x8)
#2233 0 80000112 fdc42783 r 0f         0000000b  lw       x15, -0x24(x8)
#2234 0 80000116     078a r 0f         0000002c  c.slli   x15, 2
#2235 0 80000118 fcc42703 r 0e         f0040000  lw       x14, -0x34(x8)
#2236 0 8000011c     973e r 0e         f004002c  c.add    x14, x15
#2237 0 8000011e fe442783 r 0f         0000000a  lw       x15, -0x1c(x8)
#2238 0 80000122     078a r 0f         00000028  c.slli   x15, 2
#2239 0 80000124 fcc42683 r 0d         f0040000  lw       x13, -0x34(x8)
#2240 0 80000128     97b6 r 0f         f0040028  c.add    x15, x13
#2241 0 8000012a     4318 r 0e         0000004e  c.lw     x14, 0x0(x14)
#2242 0 8000012c     c398 m f0040028   0000004e  c.sw     x14, 0x0(x15)
#2243 0 8000012e fdc42783 r 0f         0000000b  lw       x15, -0x24(x8)
#2244 0 80000132     078a r 0f         0000002c  c.slli   x15, 2
#2245 0 80000134 fcc42703 r 0e         f0040000  lw       x14, -0x34(x8)
#2246 0 80000138     97ba r 0f         f004002c  c.add    x15, x14
#2247 0 8000013a fe042703 r 0e         00000058  lw       x14, -0x20(x8)
#2248 0 8000013e     c398 m f004002c   00000058  c.sw     x14, 0x0(x15)
#2249 0 80000140     4785 r 0f         00000001  c.li     x15, 0x1
#2250 0 80000142 fef42423 m f0041018   00000001  sw       x15, -0x18(x8)
#2251 0 80000146 fe442783 r 0f         0000000a  lw       x15, -0x1c(x8)
#2252 0 8000014a     0785 r 0f         0000000b  c.addi   x15, 0x1
#2253 0 8000014c fef42223 m f0041014   0000000b  sw       x15, -0x1c(x8)
#2254 0 80000150     4739 r 0e         0000000e  c.li     x14, 0xe
#2255 0 80000152 fec42783 r 0f         00000001  lw       x15, -0x14(x8)
#2256 0 80000156 40f707b3 r 0f         0000000d  sub      x15, x14, x15
#2257 0 8000015a fe442703 r 0e         0000000b  lw       x14, -0x1c(x8)
#2258 0 8000015e f6f74ae3 r 00         00000000  blt      x14, x15, . - 0x8c
#2259 0 800000d2 fe442703 r 0e         0000000b  lw       x14, -0x1c(x8)
#2260 0 800000d6 fec42783 r 0f         00000001  lw       x15, -0x14(x8)
#2261 0 800000da     97ba r 0f         0000000c  c.add    x15, x14
#2262 0 800000dc fcf42e23 m f004100c   0000000c  sw       x15, -0x24(x8)
#2263 0 800000e0 fe442783 r 0f         0000000b  lw       x15, -0x1c(x8)
#2264 0 800000e4     078a r 0f         0000002c  c.slli   x15, 2
#2265 0 800000e6 fcc42703 r 0e         f0040000  lw       x14, -0x34(x8)
#2266 0 800000ea     97ba r 0f         f004002c  c.add    x15, x14
#2267 0 800000ec     4398 r 0e         00000058  c.lw     x14, 0x0(x15)
#2268 0 800000ee fdc42783 r 0f         0000000c  lw       x15, -0x24(x8)
#2269 0 800000f2     078a r 0f         00000030  c.slli   x15, 2
#2270 0 800000f4 fcc42683 r 0d         f0040000  lw       x13, -0x34(x8)
#2271 0 800000f8     97b6 r 0f         f0040030  c.add    x15, x13
#2272 0 800000fa     439c r 0f         0000005a  c.lw     x15, 0x0(x15)
#2273 0 800000fc 04e7d563 r 00         00000000  bge      x15, x14, . + 0x4a
#2274 0 80000146 fe442783 r 0f         0000000b  lw       x15, -0x1c(x8)
#2275 0 8000014a     0785 r 0f         0000000c  c.addi   x15, 0x1
#2276 0 8000014c fef42223 m f0041014   0000000c  sw       x15, -0x1c(x8)
#2277 0 80000150     4739 r 0e         0000000e  c.li     x14, 0xe
#2278 0 80000152 fec42783 r 0f         00000001  lw       x15, -0x14(x8)
#2279 0 80000156 40f707b3 r 0f         0000000d  sub      x15, x14, x15
#2280 0 8000015a fe442703 r 0e         0000000c  lw       x14, -0x1c(x8)
#2281 0 8000015e f6f74ae3 r 00         00000000  blt      x14, x15, . - 0x8c
#2282 0 800000d2 fe442703 r 0e         0000000c  lw       x14, -0x1c(x8)
#2283 0 800000d6 fec42783 r 0f         00000001  lw       x15, -0x14(x8)
#2284 0 800000da     97ba r 0f         0000000d  c.add    x15, x14
#2285 0 800000dc fcf42e23 m f004100c   0000000d  sw       x15, -0x24(x8)
#2286 0 800000e0 fe442783 r 0f         0000000c  lw       x15, -0x1c(x8)
#2287 0 800000e4     078a r 0f         00000030  c.slli   x15, 2
#2288 0 800000e6 fcc42703 r 0e         f0040000  lw       x14, -0x34(x8)
#2289 0 800000ea     97ba r 0f         f0040030  c.add    x15, x14
#2290 0 800000ec     4398 r 0e         0000005a  c.lw     x14, 0x0(x15)
#2291 0 800000ee fdc42783 r 0f         0000000d  lw       x15, -0x24(x8)
#2292 0 800000f2     078a r 0f         00000034  c.slli   x15, 2
#2293 0 800000f4 fcc42683 r 0d         f0040000  lw       x13, -0x34(x8)
#2294 0 800000f8     97b6 r 0f         f0040034  c.add    x15, x13
#2295 0 800000fa     439c r 0f         00000059  c.lw     x15, 0x0(x15)
#2296 0 800000fc 04e7d563 r 00         00000000  bge      x15, x14, . + 0x4a
#2297 0 80000100 fe442783 r 0f         0000000c  lw       x15, -0x1c(x8)
#2298 0 80000104     078a r 0f         00000030  c.slli   x15, 2
#2299 0 80000106 fcc42703 r 0e         f0040000  lw       x14, -0x34(x8)
#2300 0 8000010a     97ba r 0f         f0040030  c.add    x15, x14
#2301 0 8000010c     439c r 0f         0000005a  c.lw     x15, 0x0(x15)
#2302 0 8000010e fef42023 m f0041010   0000005a  sw       x15, -0x20(x8)
#2303 0 80000112 fdc42783 r 0f         0000000d  lw       x15, -0x24(x8)
#2304 0 80000116     078a r 0f         00000034  c.slli   x15, 2
#2305 0 80000118 fcc42703 r 0e         f0040000  lw       x14, -0x34(x8)
#2306 0 8000011c     973e r 0e         f0040034  c.add    x14, x15
#2307 0 8000011e fe442783 r 0f         0000000c  lw       x15, -0x1c(x8)
#2308 0 80000122     078a r 0f         00000030  c.slli   x15, 2
#2309 0 80000124 fcc42683 r 0d         f0040000  lw       x13, -0x34(x8)
#2310 0 80000128     97b6 r 0f         f0040030  c.add    x15, x13
#2311 0 8000012a     4318 r 0e         00000059  c.lw     x14, 0x0(x14)
#2312 0 8000012c     c398 m f0040030   00000059  c.sw     x14, 0x0(x15)
#2313 0 8000012e fdc42783 r 0f         0000000d  lw       x15, -0x24(x8)
#2314 0 80000132     078a r 0f         00000034  c.slli   x15, 2
#2315 0 80000134 fcc42703 r 0e         f0040000  lw       x14, -0x34(x8)
#2316 0 80000138     97ba r 0f         f0040034  c.add    x15, x14
#2317 0 8000013a fe042703 r 0e         0000005a  lw       x14, -0x20(x8)
#2318 0 8000013e     c398 m f0040034   0000005a  c.sw     x14, 0x0(x15)
#2319 0 80000140     4785 r 0f         00000001  c.li     x15, 0x1
#2320 0 80000142 fef42423 m f0041018   00000001  sw       x15, -0x18(x8)
#2321 0 80000146 fe442783 r 0f         0000000c  lw       x15, -0x1c(x8)
#2322 0 8000014a     0785 r 0f         0000000d  c.addi   x15, 0x1
#2323 0 8000014c fef42223 m f0041014   0000000d  sw       x15, -0x1c(x8)
#2324 0 80000150     4739 r 0e         0000000e  c.li     x14, 0xe
#2325 0 80000152 fec42783 r 0f         00000001  lw       x15, -0x14(x8)
#2326 0 80000156 40f707b3 r 0f         0000000d  sub      x15, x14, x15
#2327 0 8000015a fe442703 r 0e         0000000d  lw       x14, -0x1c(x8)
#2328 0 8000015e f6f74ae3 r 00         00000000  blt      x14, x15, . - 0x8c
#2329 0 80000162 fec42703 r 0e         00000001  lw       x14, -0x14(x8)
#2330 0 80000166     4785 r 0f         00000001  c.li     x15, 0x1
#2331 0 80000168 f4f71be3 r 00         00000000  bne      x14, x15, . - 0xaa
#2332 0 8000016c fe842783 r 0f         00000001  lw       x15, -0x18(x8)
#2333 0 80000170     c391 r 00         00000000  c.beqz   x15, . + 0x4
#2334 0 80000172     b7b1 r 00         00000000  c.j      . - 0xb4
#2335 0 800000be fec42503 r 0a         00000001  lw       x10, -0x14(x8)
#2336 0 800000c2     3751 r 01         800000c4  c.jal    . - 0x7c
#2337 0 80000046     1101 r 02         f0040fd0  c.addi   x2, -0x20
#2338 0 80000048     ce22 m f0040fec   f0041030  c.swsp   x8, 0x1c
#2339 0 8000004a     1000 r 08         f0040ff0  c.addi4spn  x8, 0x8
#2340 0 8000004c fea42623 m f0040fdc   00000001  sw       x10, -0x14(x8)
#2341 0 80000050 fec42703 r 0e         00000001  lw       x14, -0x14(x8)
#2342 0 80000054     87ba r 0f         00000001  c.mv     x15, x14
#2343 0 80000056     078a r 0f         00000004  c.slli   x15, 2
#2344 0 80000058     97ba r 0f         00000005  c.add    x15, x14
#2345 0 8000005a     0786 r 0f         0000000a  c.slli   x15, 1
#2346 0 8000005c     873e r 0e         0000000a  c.mv     x14, x15
#2347 0 8000005e     47b5 r 0f         0000000d  c.li     x15, 0xd
#2348 0 80000060 02f747b3 r 0f         00000000  div      x15, x14, x15
#2349 0 80000064 fef42623 m f0040fdc   00000000  sw       x15, -0x14(x8)
#2350 0 80000068 fec42703 r 0e         00000000  lw       x14, -0x14(x8)
#2351 0 8000006c     47a5 r 0f         00000009  c.li     x15, 0x9
#2352 0 8000006e 00f70763 r 00         00000000  beq      x14, x15, . + 0xe
#2353 0 80000072 fec42703 r 0e         00000000  lw       x14, -0x14(x8)
#2354 0 80000076     47a9 r 0f         0000000a  c.li     x15, 0xa
#2355 0 80000078 00f71563 r 00         00000000  bne      x14, x15, . + 0xa
#2356 0 80000082 fec42783 r 0f         00000000  lw       x15, -0x14(x8)
#2357 0 80000086 00f04563 r 00         00000000  blt      x0, x15, . + 0xa
#2358 0 8000008a     4785 r 0f         00000001  c.li     x15, 0x1
#2359 0 8000008c fef42623 m f0040fdc   00000001  sw       x15, -0x14(x8)
#2360 0 80000090 fec42783 r 0f         00000001  lw       x15, -0x14(x8)
#2361 0 80000094     853e r 0a         00000001  c.mv     x10, x15
#2362 0 80000096     4472 r 08         f0041030  c.lwsp   x8, 0x1c
#2363 0 80000098     6105 r 02         f0040ff0  c.addi16sp 0x2
#2364 0 8000009a     8082 r 00         00000000  c.jr     x1
#2365 0 800000c4 fea42623 m f004101c   00000001  sw       x10, -0x14(x8)
#2366 0 800000c8 fe042423 m f0041018   00000000  sw       x0, -0x18(x8)
#2367 0 800000cc fe042223 m f0041014   00000000  sw       x0, -0x1c(x8)
#2368 0 800000d0     a041 r 00         00000000  c.j      . + 0x80
#2369 0 80000150     4739 r 0e         0000000e  c.li     x14, 0xe
#2370 0 80000152 fec42783 r 0f         00000001  lw       x15, -0x14(x8)
#2371 0 80000156 40f707b3 r 0f         0000000d  sub      x15, x14, x15
#2372 0 8000015a fe442703 r 0e         00000000  lw       x14, -0x1c(x8)
#2373 0 8000015e f6f74ae3 r 00         00000000  blt      x14, x15, . - 0x8c
#2374 0 800000d2 fe442703 r 0e         00000000  lw       x14, -0x1c(x8)
#2375 0 800000d6 fec42783 r 0f         00000001  lw       x15, -0x14(x8)
#2376 0 800000da     97ba r 0f         00000001  c.add    x15, x14
#2377 0 800000dc fcf42e23 m f004100c   00000001  sw       x15, -0x24(x8)
#2378 0 800000e0 fe442783 r 0f         00000000  lw       x15, -0x1c(x8)
#2379 0 800000e4     078a r 0f         00000000  c.slli   x15, 2
#2380 0 800000e6 fcc42703 r 0e         f0040000  lw       x14, -0x34(x8)
#2381 0 800000ea     97ba r 0f         f0040000  c.add    x15, x14
#2382 0 800000ec     4398 r 0e         00000000  c.lw     x14, 0x0(x15)
#2383 0 800000ee fdc42783 r 0f         00000001  lw       x15, -0x24(x8)
#2384 0 800000f2     078a r 0f         00000004  c.slli   x15, 2
#2385 0 800000f4 fcc42683 r 0d         f0040000  lw       x13, -0x34(x8)
#2386 0 800000f8     97b6 r 0f         f0040004  c.add    x15, x13
#2387 0 800000fa     439c r 0f         0000000b  c.lw     x15, 0x0(x15)
#2388 0 800000fc 04e7d563 r 00         00000000  bge      x15, x14, . + 0x4a
#2389 0 80000146 fe442783 r 0f         00000000  lw       x15, -0x1c(x8)
#2390 0 8000014a     0785 r 0f         00000001  c.addi   x15, 0x1
#2391 0 8000014c fef42223 m f0041014   00000001  sw       x15, -0x1c(x8)
#2392 0 80000150     4739 r 0e         0000000e  c.li     x14, 0xe
#2393 0 80000152 fec42783 r 0f         00000001  lw       x15, -0x14(x8)
#2394 0 80000156 40f707b3 r 0f         0000000d  sub      x15, x14, x15
#2395 0 8000015a fe442703 r 0e         00000001  lw       x14, -0x1c(x8)
#2396 0 8000015e f6f74ae3 r 00         00000000  blt      x14, x15, . - 0x8c
#2397 0 800000d2 fe442703 r 0e         00000001  lw       x14, -0x1c(x8)
#2398 0 800000d6 fec42783 r 0f         00000001  lw       x15, -0x14(x8)
#2399 0 800000da     97ba r 0f         00000002  c.add    x15, x14
#2400 0 800000dc fcf42e23 m f004100c   00000002  sw       x15, -0x24(x8)
#2401 0 800000e0 fe442783 r 0f         00000001  lw       x15, -0x1c(x8)
#2402 0 800000e4     078a r 0f         00000004  c.slli   x15, 2
#2403 0 800000e6 fcc42703 r 0e         f0040000  lw       x14, -0x34(x8)
#2404 0 800000ea     97ba r 0f         f0040004  c.add    x15, x14
#2405 0 800000ec     4398 r 0e         0000000b  c.lw     x14, 0x0(x15)
#2406 0 800000ee fdc42783 r 0f         00000002  lw       x15, -0x24(x8)
#2407 0 800000f2     078a r 0f         00000008  c.slli   x15, 2
#2408 0 800000f4 fcc42683 r 0d         f0040000  lw       x13, -0x34(x8)
#2409 0 800000f8     97b6 r 0f         f0040008  c.add    x15, x13
#2410 0 800000fa     439c r 0f         0000000c  c.lw     x15, 0x0(x15)
#2411 0 800000fc 04e7d563 r 00         00000000  bge      x15, x14, . + 0x4a
#2412 0 80000146 fe442783 r 0f         00000001  lw       x15, -0x1c(x8)
#2413 0 8000014a     0785 r 0f         00000002  c.addi   x15, 0x1
#2414 0 8000014c fef42223 m f0041014   00000002  sw       x15, -0x1c(x8)
#2415 0 80000150     4739 r 0e         0000000e  c.li     x14, 0xe
#2416 0 80000152 fec42783 r 0f         00000001  lw       x15, -0x14(x8)
#2417 0 80000156 40f707b3 r 0f         0000000d  sub      x15, x14, x15
#2418 0 8000015a fe442703 r 0e         00000002  lw       x14, -0x1c(x8)
#2419 0 8000015e f6f74ae3 r 00         00000000  blt      x14, x15, . - 0x8c
#2420 0 800000d2 fe442703 r 0e         00000002  lw       x14, -0x1c(x8)
#2421 0 800000d6 fec42783 r 0f         00000001  lw       x15, -0x14(x8)
#2422 0 800000da     97ba r 0f         00000003  c.add    x15, x14
#2423 0 800000dc fcf42e23 m f004100c   00000003  sw       x15, -0x24(x8)
#2424 0 800000e0 fe442783 r 0f         00000002  lw       x15, -0x1c(x8)
#2425 0 800000e4     078a r 0f         00000008  c.slli   x15, 2
#2426 0 800000e6 fcc42703 r 0e         f0040000  lw       x14, -0x34(x8)
#2427 0 800000ea     97ba r 0f         f0040008  c.add    x15, x14
#2428 0 800000ec     4398 r 0e         0000000c  c.lw     x14, 0x0(x15)
#2429 0 800000ee fdc42783 r 0f         00000003  lw       x15, -0x24(x8)
#2430 0 800000f2     078a r 0f         0000000c  c.slli   x15, 2
#2431 0 800000f4 fcc42683 r 0d         f0040000  lw       x13, -0x34(x8)
#2432 0 800000f8     97b6 r 0f         f004000c  c.add    x15, x13
#2433 0 800000fa     439c r 0f         00000017  c.lw     x15, 0x0(x15)
#2434 0 800000fc 04e7d563 r 00         00000000  bge      x15, x14, . + 0x4a
#2435 0 80000146 fe442783 r 0f         00000002  lw       x15, -0x1c(x8)
#2436 0 8000014a     0785 r 0f         00000003  c.addi   x15, 0x1
#2437 0 8000014c fef42223 m f0041014   00000003  sw       x15, -0x1c(x8)
#2438 0 80000150     4739 r 0e         0000000e  c.li     x14, 0xe
#2439 0 80000152 fec42783 r 0f         00000001  lw       x15, -0x14(x8)
#2440 0 80000156 40f707b3 r 0f         0000000d  sub      x15, x14, x15
#2441 0 8000015a fe442703 r 0e         00000003  lw       x14, -0x1c(x8)
#2442 0 8000015e f6f74ae3 r 00         00000000  blt      x14, x15, . - 0x8c
#2443 0 800000d2 fe442703 r 0e         00000003  lw       x14, -0x1c(x8)
#2444 0 800000d6 fec42783 r 0f         00000001  lw       x15, -0x14(x8)
#2445 0 800000da     97ba r 0f         00000004  c.add    x15, x14
#2446 0 800000dc fcf42e23 m f004100c   00000004  sw       x15, -0x24(x8)
#2447 0 800000e0 fe442783 r 0f         00000003  lw       x15, -0x1c(x8)
#2448 0 800000e4     078a r 0f         0000000c  c.slli   x15, 2
#2449 0 800000e6 fcc42703 r 0e         f0040000  lw       x14, -0x34(x8)
#2450 0 800000ea     97ba r 0f         f004000c  c.add    x15, x14
#2451 0 800000ec     4398 r 0e         00000017  c.lw     x14, 0x0(x15)
#2452 0 800000ee fdc42783 r 0f         00000004  lw       x15, -0x24(x8)
#2453 0 800000f2     078a r 0f         00000010  c.slli   x15, 2
#2454 0 800000f4 fcc42683 r 0d         f0040000  lw       x13, -0x34(x8)
#2455 0 800000f8     97b6 r 0f         f0040010  c.add    x15, x13
#2456 0 800000fa     439c r 0f         00000022  c.lw     x15, 0x0(x15)
#2457 0 800000fc 04e7d563 r 00         00000000  bge      x15, x14, . + 0x4a
#2458 0 80000146 fe442783 r 0f         00000003  lw       x15, -0x1c(x8)
#2459 0 8000014a     0785 r 0f         00000004  c.addi   x15, 0x1
#2460 0 8000014c fef42223 m f0041014   00000004  sw       x15, -0x1c(x8)
#2461 0 80000150     4739 r 0e         0000000e  c.li     x14, 0xe
#2462 0 80000152 fec42783 r 0f         00000001  lw       x15, -0x14(x8)
#2463 0 80000156 40f707b3 r 0f         0000000d  sub      x15, x14, x15
#2464 0 8000015a fe442703 r 0e         00000004  lw       x14, -0x1c(x8)
#2465 0 8000015e f6f74ae3 r 00         00000000  blt      x14, x15, . - 0x8c
#2466 0 800000d2 fe442703 r 0e         00000004  lw       x14, -0x1c(x8)
#2467 0 800000d6 fec42783 r 0f         00000001  lw       x15, -0x14(x8)
#2468 0 800000da     97ba r 0f         00000005  c.add    x15, x14
#2469 0 800000dc fcf42e23 m f004100c   00000005  sw       x15, -0x24(x8)
#2470 0 800000e0 fe442783 r 0f         00000004  lw       x15, -0x1c(x8)
#2471 0 800000e4     078a r 0f         00000010  c.slli   x15, 2
#2472 0 800000e6 fcc42703 r 0e         f0040000  lw       x14, -0x34(x8)
#2473 0 800000ea     97ba r 0f         f0040010  c.add    x15, x14
#2474 0 800000ec     4398 r 0e         00000022  c.lw     x14, 0x0(x15)
#2475 0 800000ee fdc42783 r 0f         00000005  lw       x15, -0x24(x8)
#2476 0 800000f2     078a r 0f         00000014  c.slli   x15, 2
#2477 0 800000f4 fcc42683 r 0d         f0040000  lw       x13, -0x34(x8)
#2478 0 800000f8     97b6 r 0f         f0040014  c.add    x15, x13
#2479 0 800000fa     439c r 0f         0000002c  c.lw     x15, 0x0(x15)
#2480 0 800000fc 04e7d563 r 00         00000000  bge      x15, x14, . + 0x4a
#2481 0 80000146 fe442783 r 0f         00000004  lw       x15, -0x1c(x8)
#2482 0 8000014a     0785 r 0f         00000005  c.addi   x15, 0x1
#2483 0 8000014c fef42223 m f0041014   00000005  sw       x15, -0x1c(x8)
#2484 0 80000150     4739 r 0e         0000000e  c.li     x14, 0xe
#2485 0 80000152 fec42783 r 0f         00000001  lw       x15, -0x14(x8)
#2486 0 80000156 40f707b3 r 0f         0000000d  sub      x15, x14, x15
#2487 0 8000015a fe442703 r 0e         00000005  lw       x14, -0x1c(x8)
#2488 0 8000015e f6f74ae3 r 00         00000000  blt      x14, x15, . - 0x8c
#2489 0 800000d2 fe442703 r 0e         00000005  lw       x14, -0x1c(x8)
#2490 0 800000d6 fec42783 r 0f         00000001  lw       x15, -0x14(x8)
#2491 0 800000da     97ba r 0f         00000006  c.add    x15, x14
#2492 0 800000dc fcf42e23 m f004100c   00000006  sw       x15, -0x24(x8)
#2493 0 800000e0 fe442783 r 0f         00000005  lw       x15, -0x1c(x8)
#2494 0 800000e4     078a r 0f         00000014  c.slli   x15, 2
#2495 0 800000e6 fcc42703 r 0e         f0040000  lw       x14, -0x34(x8)
#2496 0 800000ea     97ba r 0f         f0040014  c.add    x15, x14
#2497 0 800000ec     4398 r 0e         0000002c  c.lw     x14, 0x0(x15)
#2498 0 800000ee fdc42783 r 0f         00000006  lw       x15, -0x24(x8)
#2499 0 800000f2     078a r 0f         00000018  c.slli   x15, 2
#2500 0 800000f4 fcc42683 r 0d         f0040000  lw       x13, -0x34(x8)
#2501 0 800000f8     97b6 r 0f         f0040018  c.add    x15, x13
#2502 0 800000fa     439c r 0f         0000002d  c.lw     x15, 0x0(x15)
#2503 0 800000fc 04e7d563 r 00         00000000  bge      x15, x14, . + 0x4a
#2504 0 80000146 fe442783 r 0f         00000005  lw       x15, -0x1c(x8)
#2505 0 8000014a     0785 r 0f         00000006  c.addi   x15, 0x1
#2506 0 8000014c fef42223 m f0041014   00000006  sw       x15, -0x1c(x8)
#2507 0 80000150     4739 r 0e         0000000e  c.li     x14, 0xe
#2508 0 80000152 fec42783 r 0f         00000001  lw       x15, -0x14(x8)
#2509 0 80000156 40f707b3 r 0f         0000000d  sub      x15, x14, x15
#2510 0 8000015a fe442703 r 0e         00000006  lw       x14, -0x1c(x8)
#2511 0 8000015e f6f74ae3 r 00         00000000  blt      x14, x15, . - 0x8c
#2512 0 800000d2 fe442703 r 0e         00000006  lw       x14, -0x1c(x8)
#2513 0 800000d6 fec42783 r 0f         00000001  lw       x15, -0x14(x8)
#2514 0 800000da     97ba r 0f         00000007  c.add    x15, x14
#2515 0 800000dc fcf42e23 m f004100c   00000007  sw       x15, -0x24(x8)
#2516 0 800000e0 fe442783 r 0f         00000006  lw       x15, -0x1c(x8)
#2517 0 800000e4     078a r 0f         00000018  c.slli   x15, 2
#2518 0 800000e6 fcc42703 r 0e         f0040000  lw       x14, -0x34(x8)
#2519 0 800000ea     97ba r 0f         f0040018  c.add    x15, x14
#2520 0 800000ec     4398 r 0e         0000002d  c.lw     x14, 0x0(x15)
#2521 0 800000ee fdc42783 r 0f         00000007  lw       x15, -0x24(x8)
#2522 0 800000f2     078a r 0f         0000001c  c.slli   x15, 2
#2523 0 800000f4 fcc42683 r 0d         f0040000  lw       x13, -0x34(x8)
#2524 0 800000f8     97b6 r 0f         f004001c  c.add    x15, x13
#2525 0 800000fa     439c r 0f         00000042  c.lw     x15, 0x0(x15)
#2526 0 800000fc 04e7d563 r 00         00000000  bge      x15, x14, . + 0x4a
#2527 0 80000146 fe442783 r 0f         00000006  lw       x15, -0x1c(x8)
#2528 0 8000014a     0785 r 0f         00000007  c.addi   x15, 0x1
#2529 0 8000014c fef42223 m f0041014   00000007  sw       x15, -0x1c(x8)
#2530 0 80000150     4739 r 0e         0000000e  c.li     x14, 0xe
#2531 0 80000152 fec42783 r 0f         00000001  lw       x15, -0x14(x8)
#2532 0 80000156 40f707b3 r 0f         0000000d  sub      x15, x14, x15
#2533 0 8000015a fe442703 r 0e         00000007  lw       x14, -0x1c(x8)
#2534 0 8000015e f6f74ae3 r 00         00000000  blt      x14, x15, . - 0x8c
#2535 0 800000d2 fe442703 r 0e         00000007  lw       x14, -0x1c(x8)
#2536 0 800000d6 fec42783 r 0f         00000001  lw       x15, -0x14(x8)
#2537 0 800000da     97ba r 0f         00000008  c.add    x15, x14
#2538 0 800000dc fcf42e23 m f004100c   00000008  sw       x15, -0x24(x8)
#2539 0 800000e0 fe442783 r 0f         00000007  lw       x15, -0x1c(x8)
#2540 0 800000e4     078a r 0f         0000001c  c.slli   x15, 2
#2541 0 800000e6 fcc42703 r 0e         f0040000  lw       x14, -0x34(x8)
#2542 0 800000ea     97ba r 0f         f004001c  c.add    x15, x14
#2543 0 800000ec     4398 r 0e         00000042  c.lw     x14, 0x0(x15)
#2544 0 800000ee fdc42783 r 0f         00000008  lw       x15, -0x24(x8)
#2545 0 800000f2     078a r 0f         00000020  c.slli   x15, 2
#2546 0 800000f4 fcc42683 r 0d         f0040000  lw       x13, -0x34(x8)
#2547 0 800000f8     97b6 r 0f         f0040020  c.add    x15, x13
#2548 0 800000fa     439c r 0f         00000043  c.lw     x15, 0x0(x15)
#2549 0 800000fc 04e7d563 r 00         00000000  bge      x15, x14, . + 0x4a
#2550 0 80000146 fe442783 r 0f         00000007  lw       x15, -0x1c(x8)
#2551 0 8000014a     0785 r 0f         00000008  c.addi   x15, 0x1
#2552 0 8000014c fef42223 m f0041014   00000008  sw       x15, -0x1c(x8)
#2553 0 80000150     4739 r 0e         0000000e  c.li     x14, 0xe
#2554 0 80000152 fec42783 r 0f         00000001  lw       x15, -0x14(x8)
#2555 0 80000156 40f707b3 r 0f         0000000d  sub      x15, x14, x15
#2556 0 8000015a fe442703 r 0e         00000008  lw       x14, -0x1c(x8)
#2557 0 8000015e f6f74ae3 r 00         00000000  blt      x14, x15, . - 0x8c
#2558 0 800000d2 fe442703 r 0e         00000008  lw       x14, -0x1c(x8)
#2559 0 800000d6 fec42783 r 0f         00000001  lw       x15, -0x14(x8)
#2560 0 800000da     97ba r 0f         00000009  c.add    x15, x14
#2561 0 800000dc fcf42e23 m f004100c   00000009  sw       x15, -0x24(x8)
#2562 0 800000e0 fe442783 r 0f         00000008  lw       x15, -0x1c(x8)
#2563 0 800000e4     078a r 0f         00000020  c.slli   x15, 2
#2564 0 800000e6 fcc42703 r 0e         f0040000  lw       x14, -0x34(x8)
#2565 0 800000ea     97ba r 0f         f0040020  c.add    x15, x14
#2566 0 800000ec     4398 r 0e         00000043  c.lw     x14, 0x0(x15)
#2567 0 800000ee fdc42783 r 0f         00000009  lw       x15, -0x24(x8)
#2568 0 800000f2     078a r 0f         00000024  c.slli   x15, 2
#2569 0 800000f4 fcc42683 r 0d         f0040000  lw       x13, -0x34(x8)
#2570 0 800000f8     97b6 r 0f         f0040024  c.add    x15, x13
#2571 0 800000fa     439c r 0f         00000048  c.lw     x15, 0x0(x15)
#2572 0 800000fc 04e7d563 r 00         00000000  bge      x15, x14, . + 0x4a
#2573 0 80000146 fe442783 r 0f         00000008  lw       x15, -0x1c(x8)
#2574 0 8000014a     0785 r 0f         00000009  c.addi   x15, 0x1
#2575 0 8000014c fef42223 m f0041014   00000009  sw       x15, -0x1c(x8)
#2576 0 80000150     4739 r 0e         0000000e  c.li     x14, 0xe
#2577 0 80000152 fec42783 r 0f         00000001  lw       x15, -0x14(x8)
#2578 0 80000156 40f707b3 r 0f         0000000d  sub      x15, x14, x15
#2579 0 8000015a fe442703 r 0e         00000009  lw       x14, -0x1c(x8)
#2580 0 8000015e f6f74ae3 r 00         00000000  blt      x14, x15, . - 0x8c
#2581 0 800000d2 fe442703 r 0e         00000009  lw       x14, -0x1c(x8)
#2582 0 800000d6 fec42783 r 0f         00000001  lw       x15, -0x14(x8)
#2583 0 800000da     97ba r 0f         0000000a  c.add    x15, x14
#2584 0 800000dc fcf42e23 m f004100c   0000000a  sw       x15, -0x24(x8)
#2585 0 800000e0 fe442783 r 0f         00000009  lw       x15, -0x1c(x8)
#2586 0 800000e4     078a r 0f         00000024  c.slli   x15, 2
#2587 0 800000e6 fcc42703 r 0e         f0040000  lw       x14, -0x34(x8)
#2588 0 800000ea     97ba r 0f         f0040024  c.add    x15, x14
#2589 0 800000ec     4398 r 0e         00000048  c.lw     x14, 0x0(x15)
#2590 0 800000ee fdc42783 r 0f         0000000a  lw       x15, -0x24(x8)
#2591 0 800000f2     078a r 0f         00000028  c.slli   x15, 2
#2592 0 800000f4 fcc42683 r 0d         f0040000  lw       x13, -0x34(x8)
#2593 0 800000f8     97b6 r 0f         f0040028  c.add    x15, x13
#2594 0 800000fa     439c r 0f         0000004e  c.lw     x15, 0x0(x15)
#2595 0 800000fc 04e7d563 r 00         00000000  bge      x15, x14, . + 0x4a
#2596 0 80000146 fe442783 r 0f         00000009  lw       x15, -0x1c(x8)
#2597 0 8000014a     0785 r 0f         0000000a  c.addi   x15, 0x1
#2598 0 8000014c fef42223 m f0041014   0000000a  sw       x15, -0x1c(x8)
#2599 0 80000150     4739 r 0e         0000000e  c.li     x14, 0xe
#2600 0 80000152 fec42783 r 0f         00000001  lw       x15, -0x14(x8)
#2601 0 80000156 40f707b3 r 0f         0000000d  sub      x15, x14, x15
#2602 0 8000015a fe442703 r 0e         0000000a  lw       x14, -0x1c(x8)
#2603 0 8000015e f6f74ae3 r 00         00000000  blt      x14, x15, . - 0x8c
#2604 0 800000d2 fe442703 r 0e         0000000a  lw       x14, -0x1c(x8)
#2605 0 800000d6 fec42783 r 0f         00000001  lw       x15, -0x14(x8)
#2606 0 800000da     97ba r 0f         0000000b  c.add    x15, x14
#2607 0 800000dc fcf42e23 m f004100c   0000000b  sw       x15, -0x24(x8)
#2608 0 800000e0 fe442783 r 0f         0000000a  lw       x15, -0x1c(x8)
#2609 0 800000e4     078a r 0f         00000028  c.slli   x15, 2
#2610 0 800000e6 fcc42703 r 0e         f0040000  lw       x14, -0x34(x8)
#2611 0 800000ea     97ba r 0f         f0040028  c.add    x15, x14
#2612 0 800000ec     4398 r 0e         0000004e  c.lw     x14, 0x0(x15)
#2613 0 800000ee fdc42783 r 0f         0000000b  lw       x15, -0x24(x8)
#2614 0 800000f2     078a r 0f         0000002c  c.slli   x15, 2
#2615 0 800000f4 fcc42683 r 0d         f0040000  lw       x13, -0x34(x8)
#2616 0 800000f8     97b6 r 0f         f004002c  c.add    x15, x13
#2617 0 800000fa     439c r 0f         00000058  c.lw     x15, 0x0(x15)
#2618 0 800000fc 04e7d563 r 00         00000000  bge      x15, x14, . + 0x4a
#2619 0 80000146 fe442783 r 0f         0000000a  lw       x15, -0x1c(x8)
#2620 0 8000014a     0785 r 0f         0000000b  c.addi   x15, 0x1
#2621 0 8000014c fef42223 m f0041014   0000000b  sw       x15, -0x1c(x8)
#2622 0 80000150     4739 r 0e         0000000e  c.li     x14, 0xe
#2623 0 80000152 fec42783 r 0f         00000001  lw       x15, -0x14(x8)
#2624 0 80000156 40f707b3 r 0f         0000000d  sub      x15, x14, x15
#2625 0 8000015a fe442703 r 0e         0000000b  lw       x14, -0x1c(x8)
#2626 0 8000015e f6f74ae3 r 00         00000000  blt      x14, x15, . - 0x8c
#2627 0 800000d2 fe442703 r 0e         0000000b  lw       x14, -0x1c(x8)
#2628 0 800000d6 fec42783 r 0f         00000001  lw       x15, -0x14(x8)
#2629 0 800000da     97ba r 0f         0000000c  c.add    x15, x14
#2630 0 800000dc fcf42e23 m f004100c   0000000c  sw       x15, -0x24(x8)
#2631 0 800000e0 fe442783 r 0f         0000000b  lw       x15, -0x1c(x8)
#2632 0 800000e4     078a r 0f         0000002c  c.slli   x15, 2
#2633 0 800000e6 fcc42703 r 0e         f0040000  lw       x14, -0x34(x8)
#2634 0 800000ea     97ba r 0f         f004002c  c.add    x15, x14
#2635 0 800000ec     4398 r 0e         00000058  c.lw     x14, 0x0(x15)
#2636 0 800000ee fdc42783 r 0f         0000000c  lw       x15, -0x24(x8)
#2637 0 800000f2     078a r 0f         00000030  c.slli   x15, 2
#2638 0 800000f4 fcc42683 r 0d         f0040000  lw       x13, -0x34(x8)
#2639 0 800000f8     97b6 r 0f         f0040030  c.add    x15, x13
#2640 0 800000fa     439c r 0f         00000059  c.lw     x15, 0x0(x15)
#2641 0 800000fc 04e7d563 r 00         00000000  bge      x15, x14, . + 0x4a
#2642 0 80000146 fe442783 r 0f         0000000b  lw       x15, -0x1c(x8)
#2643 0 8000014a     0785 r 0f         0000000c  c.addi   x15, 0x1
#2644 0 8000014c fef42223 m f0041014   0000000c  sw       x15, -0x1c(x8)
#2645 0 80000150     4739 r 0e         0000000e  c.li     x14, 0xe
#2646 0 80000152 fec42783 r 0f         00000001  lw       x15, -0x14(x8)
#2647 0 80000156 40f707b3 r 0f         0000000d  sub      x15, x14, x15
#2648 0 8000015a fe442703 r 0e         0000000c  lw       x14, -0x1c(x8)
#2649 0 8000015e f6f74ae3 r 00         00000000  blt      x14, x15, . - 0x8c
#2650 0 800000d2 fe442703 r 0e         0000000c  lw       x14, -0x1c(x8)
#2651 0 800000d6 fec42783 r 0f         00000001  lw       x15, -0x14(x8)
#2652 0 800000da     97ba r 0f         0000000d  c.add    x15, x14
#2653 0 800000dc fcf42e23 m f004100c   0000000d  sw       x15, -0x24(x8)
#2654 0 800000e0 fe442783 r 0f         0000000c  lw       x15, -0x1c(x8)
#2655 0 800000e4     078a r 0f         00000030  c.slli   x15, 2
#2656 0 800000e6 fcc42703 r 0e         f0040000  lw       x14, -0x34(x8)
#2657 0 800000ea     97ba r 0f         f0040030  c.add    x15, x14
#2658 0 800000ec     4398 r 0e         00000059  c.lw     x14, 0x0(x15)
#2659 0 800000ee fdc42783 r 0f         0000000d  lw       x15, -0x24(x8)
#2660 0 800000f2     078a r 0f         00000034  c.slli   x15, 2
#2661 0 800000f4 fcc42683 r 0d         f0040000  lw       x13, -0x34(x8)
#2662 0 800000f8     97b6 r 0f         f0040034  c.add    x15, x13
#2663 0 800000fa     439c r 0f         0000005a  c.lw     x15, 0x0(x15)
#2664 0 800000fc 04e7d563 r 00         00000000  bge      x15, x14, . + 0x4a
#2665 0 80000146 fe442783 r 0f         0000000c  lw       x15, -0x1c(x8)
#2666 0 8000014a     0785 r 0f         0000000d  c.addi   x15, 0x1
#2667 0 8000014c fef42223 m f0041014   0000000d  sw       x15, -0x1c(x8)
#2668 0 80000150     4739 r 0e         0000000e  c.li     x14, 0xe
#2669 0 80000152 fec42783 r 0f         00000001  lw       x15, -0x14(x8)
#2670 0 80000156 40f707b3 r 0f         0000000d  sub      x15, x14, x15
#2671 0 8000015a fe442703 r 0e         0000000d  lw       x14, -0x1c(x8)
#2672 0 8000015e f6f74ae3 r 00         00000000  blt      x14, x15, . - 0x8c
#2673 0 80000162 fec42703 r 0e         00000001  lw       x14, -0x14(x8)
#2674 0 80000166     4785 r 0f         00000001  c.li     x15, 0x1
#2675 0 80000168 f4f71be3 r 00         00000000  bne      x14, x15, . - 0xaa
#2676 0 8000016c fe842783 r 0f         00000000  lw       x15, -0x18(x8)
#2677 0 80000170     c391 r 00         00000000  c.beqz   x15, . + 0x4
#2678 0 80000174     0001 r 00         00000000  c.nop
#2679 0 80000176     0001 r 00         00000000  c.nop
#2680 0 80000178     50f2 r 01         80000192  c.lwsp   x1, 0x3c
#2681 0 8000017a     5462 r 08         f0041040  c.lwsp   x8, 0x38
#2682 0 8000017c     6121 r 02         f0041030  c.addi16sp 0x4
#2683 0 8000017e     8082 r 00         00000000  c.jr     x1
#2684 0 80000192     0001 r 00         00000000  c.nop
#2685 0 80000194     40b2 r 01         80000018  c.lwsp   x1, 0xc
#2686 0 80000196     4422 r 08         00000000  c.lwsp   x8, 0x8
#2687 0 80000198     0141 r 02         f0041040  c.addi   x2, 0x10
#2688 0 8000019a     8082 r 00         00000000  c.jr     x1
#2689 0 80000018 50580297 r 05         d0580018  auipc    x5, 0x50580
#2690 0 8000001c fe828293 r 05         d0580000  addi     x5, x5, -0x18
#2691 0 80000020 0ff00313 r 06         000000ff  addi     x6, x0, 0xff
#2692 0 80000024 00628023 m d0580000   000000ff  sb       x6, 0x0(x5)
