#1 0 80000000 595552b7 r 05         59555000  lui      x5, 0x59555
#2 0 80000004 55528293 r 05         59555555  addi     x5, x5, 0x555
#3 0 80000008 7c029073 c 07c0       59555555  csrrw    x0, mrac, x5
#4 0 8000000c 70041117 r 02         f004100c  auipc    x2, 0x70041
#5 0 80000010 ff410113 r 02         f0041000  addi     x2, x2, -0xc
#6 0 80000014     2805 r 01         80000016  c.jal    . + 0x30
#7 0 80000044     711d r 02         f0040fa0  c.addi16sp -0x6
#8 0 80000046     cea2 m f0040ffc   00000000  c.swsp   x8, 0x5c
#9 0 80000048     1080 r 08         f0041000  c.addi4spn  x8, 0x18
#10 0 8000004a fa042623 m f0040fac   00000000  sw       x0, -0x54(x8)
#11 0 8000004e fa042823 m f0040fb0   00000000  sw       x0, -0x50(x8)
#12 0 80000052 fa042a23 m f0040fb4   00000000  sw       x0, -0x4c(x8)
#13 0 80000056 fa042c23 m f0040fb8   00000000  sw       x0, -0x48(x8)
#14 0 8000005a fa042e23 m f0040fbc   00000000  sw       x0, -0x44(x8)
#15 0 8000005e fc042023 m f0040fc0   00000000  sw       x0, -0x40(x8)
#16 0 80000062 fc042223 m f0040fc4   00000000  sw       x0, -0x3c(x8)
#17 0 80000066 fc042423 m f0040fc8   00000000  sw       x0, -0x38(x8)
#18 0 8000006a fc042623 m f0040fcc   00000000  sw       x0, -0x34(x8)
#19 0 8000006e fc042823 m f0040fd0   00000000  sw       x0, -0x30(x8)
#20 0 80000072 fc042a23 m f0040fd4   00000000  sw       x0, -0x2c(x8)
#21 0 80000076 fc042c23 m f0040fd8   00000000  sw       x0, -0x28(x8)
#22 0 8000007a fc042e23 m f0040fdc   00000000  sw       x0, -0x24(x8)
#23 0 8000007e fe042023 m f0040fe0   00000000  sw       x0, -0x20(x8)
#24 0 80000082 02d00793 r 0f         0000002d  addi     x15, x0, 0x2d
#25 0 80000086 faf42623 m f0040fac   0000002d  sw       x15, -0x54(x8)
#26 0 8000008a 04300793 r 0f         00000043  addi     x15, x0, 0x43
#27 0 8000008e faf42823 m f0040fb0   00000043  sw       x15, -0x50(x8)
#28 0 80000092     47b1 r 0f         0000000c  c.li     x15, 0xc
#29 0 80000094 faf42a23 m f0040fb4   0000000c  sw       x15, -0x4c(x8)
#30 0 80000098 05900793 r 0f         00000059  addi     x15, x0, 0x59
#31 0 8000009c faf42c23 m f0040fb8   00000059  sw       x15, -0x48(x8)
#32 0 800000a0 02c00793 r 0f         0000002c  addi     x15, x0, 0x2c
#33 0 800000a4 faf42e23 m f0040fbc   0000002c  sw       x15, -0x44(x8)
#34 0 800000a8     47dd r 0f         00000017  c.li     x15, 0x17
#35 0 800000aa fcf42023 m f0040fc0   00000017  sw       x15, -0x40(x8)
#36 0 800000ae 05800793 r 0f         00000058  addi     x15, x0, 0x58
#37 0 800000b2 fcf42223 m f0040fc4   00000058  sw       x15, -0x3c(x8)
#38 0 800000b6     47ad r 0f         0000000b  c.li     x15, 0xb
#39 0 800000b8 fcf42423 m f0040fc8   0000000b  sw       x15, -0x38(x8)
#40 0 800000bc 05a00793 r 0f         0000005a  addi     x15, x0, 0x5a
#41 0 800000c0 fcf42623 m f0040fcc   0000005a  sw       x15, -0x34(x8)
#42 0 800000c4 04800793 r 0f         00000048  addi     x15, x0, 0x48
#43 0 800000c8 fcf42823 m f0040fd0   00000048  sw       x15, -0x30(x8)
#44 0 800000cc 04e00793 r 0f         0000004e  addi     x15, x0, 0x4e
#45 0 800000d0 fcf42a23 m f0040fd4   0000004e  sw       x15, -0x2c(x8)
#46 0 800000d4 02200793 r 0f         00000022  addi     x15, x0, 0x22
#47 0 800000d8 fcf42c23 m f0040fd8   00000022  sw       x15, -0x28(x8)
#48 0 800000dc 04200793 r 0f         00000042  addi     x15, x0, 0x42
#49 0 800000e0 fcf42e23 m f0040fdc   00000042  sw       x15, -0x24(x8)
#50 0 800000e4     47b5 r 0f         0000000d  c.li     x15, 0xd
#51 0 800000e6 fef42423 m f0040fe8   0000000d  sw       x15, -0x18(x8)
#52 0 800000ea fe042623 m f0040fec   00000000  sw       x0, -0x14(x8)
#53 0 800000ee     a061 r 00         00000000  c.j      . + 0x88
#54 0 80000176 fec42703 r 0e         00000000  lw       x14, -0x14(x8)
#55 0 8000017a fe842783 r 0f         0000000d  lw       x15, -0x18(x8)
#56 0 8000017e f6f749e3 r 00         00000000  blt      x14, x15, . - 0x8e
#57 0 800000f0 fec42783 r 0f         00000000  lw       x15, -0x14(x8)
#58 0 800000f4     c395 r 00         00000000  c.beqz   x15, . + 0x24
#59 0 80000118 fec42783 r 0f         00000000  lw       x15, -0x14(x8)
#60 0 8000011c     0785 r 0f         00000001  c.addi   x15, 0x1
#61 0 8000011e fef42623 m f0040fec   00000001  sw       x15, -0x14(x8)
#62 0 80000122     a891 r 00         00000000  c.j      . + 0x54
#63 0 80000176 fec42703 r 0e         00000001  lw       x14, -0x14(x8)
#64 0 8000017a fe842783 r 0f         0000000d  lw       x15, -0x18(x8)
#65 0 8000017e f6f749e3 r 00         00000000  blt      x14, x15, . - 0x8e
#66 0 800000f0 fec42783 r 0f         00000001  lw       x15, -0x14(x8)
#67 0 800000f4     c395 r 00         00000000  c.beqz   x15, . + 0x24
#68 0 800000f6 fec42783 r 0f         00000001  lw       x15, -0x14(x8)
#69 0 800000fa     17fd r 0f         00000000  c.addi   x15, -0x1
#70 0 800000fc     078a r 0f         00000000  c.slli   x15, 2
#71 0 800000fe     17c1 r 0f         fffffff0  c.addi   x15, -0x10
#72 0 80000100     97a2 r 0f         f0040ff0  c.add    x15, x8
#73 0 80000102 fbc7a703 r 0e         0000002d  lw       x14, -0x44(x15)
#74 0 80000106 fec42783 r 0f         00000001  lw       x15, -0x14(x8)
#75 0 8000010a     078a r 0f         00000004  c.slli   x15, 2
#76 0 8000010c     17c1 r 0f         fffffff4  c.addi   x15, -0x10
#77 0 8000010e     97a2 r 0f         f0040ff4  c.add    x15, x8
#78 0 80000110 fbc7a783 r 0f         00000043  lw       x15, -0x44(x15)
#79 0 80000114 00e7c863 r 00         00000000  blt      x15, x14, . + 0x10
#80 0 80000118 fec42783 r 0f         00000001  lw       x15, -0x14(x8)
#81 0 8000011c     0785 r 0f         00000002  c.addi   x15, 0x1
#82 0 8000011e fef42623 m f0040fec   00000002  sw       x15, -0x14(x8)
#83 0 80000122     a891 r 00         00000000  c.j      . + 0x54
#84 0 80000176 fec42703 r 0e         00000002  lw       x14, -0x14(x8)
#85 0 8000017a fe842783 r 0f         0000000d  lw       x15, -0x18(x8)
#86 0 8000017e f6f749e3 r 00         00000000  blt      x14, x15, . - 0x8e
#87 0 800000f0 fec42783 r 0f         00000002  lw       x15, -0x14(x8)
#88 0 800000f4     c395 r 00         00000000  c.beqz   x15, . + 0x24
#89 0 800000f6 fec42783 r 0f         00000002  lw       x15, -0x14(x8)
#90 0 800000fa     17fd r 0f         00000001  c.addi   x15, -0x1
#91 0 800000fc     078a r 0f         00000004  c.slli   x15, 2
#92 0 800000fe     17c1 r 0f         fffffff4  c.addi   x15, -0x10
#93 0 80000100     97a2 r 0f         f0040ff4  c.add    x15, x8
#94 0 80000102 fbc7a703 r 0e         00000043  lw       x14, -0x44(x15)
#95 0 80000106 fec42783 r 0f         00000002  lw       x15, -0x14(x8)
#96 0 8000010a     078a r 0f         00000008  c.slli   x15, 2
#97 0 8000010c     17c1 r 0f         fffffff8  c.addi   x15, -0x10
#98 0 8000010e     97a2 r 0f         f0040ff8  c.add    x15, x8
#99 0 80000110 fbc7a783 r 0f         0000000c  lw       x15, -0x44(x15)
#100 0 80000114 00e7c863 r 00         00000000  blt      x15, x14, . + 0x10
#101 0 80000124 fec42783 r 0f         00000002  lw       x15, -0x14(x8)
#102 0 80000128     17fd r 0f         00000001  c.addi   x15, -0x1
#103 0 8000012a     078a r 0f         00000004  c.slli   x15, 2
#104 0 8000012c     17c1 r 0f         fffffff4  c.addi   x15, -0x10
#105 0 8000012e     97a2 r 0f         f0040ff4  c.add    x15, x8
#106 0 80000130 fbc7a783 r 0f         00000043  lw       x15, -0x44(x15)
#107 0 80000134 fef42223 m f0040fe4   00000043  sw       x15, -0x1c(x8)
#108 0 80000138 fec42783 r 0f         00000002  lw       x15, -0x14(x8)
#109 0 8000013c fff78693 r 0d         00000001  addi     x13, x15, -0x1
#110 0 80000140 fec42783 r 0f         00000002  lw       x15, -0x14(x8)
#111 0 80000144     078a r 0f         00000008  c.slli   x15, 2
#112 0 80000146     17c1 r 0f         fffffff8  c.addi   x15, -0x10
#113 0 80000148     97a2 r 0f         f0040ff8  c.add    x15, x8
#114 0 8000014a fbc7a703 r 0e         0000000c  lw       x14, -0x44(x15)
#115 0 8000014e 00269793 r 0f         00000004  slli     x15, x13, 0x2
#116 0 80000152     17c1 r 0f         fffffff4  c.addi   x15, -0x10
#117 0 80000154     97a2 r 0f         f0040ff4  c.add    x15, x8
#118 0 80000156 fae7ae23 m f0040fb0   0000000c  sw       x14, -0x44(x15)
#119 0 8000015a fec42783 r 0f         00000002  lw       x15, -0x14(x8)
#120 0 8000015e     078a r 0f         00000008  c.slli   x15, 2
#121 0 80000160     17c1 r 0f         fffffff8  c.addi   x15, -0x10
#122 0 80000162     97a2 r 0f         f0040ff8  c.add    x15, x8
#123 0 80000164 fe442703 r 0e         00000043  lw       x14, -0x1c(x8)
#124 0 80000168 fae7ae23 m f0040fb4   00000043  sw       x14, -0x44(x15)
#125 0 8000016c fec42783 r 0f         00000002  lw       x15, -0x14(x8)
#126 0 80000170     17fd r 0f         00000001  c.addi   x15, -0x1
#127 0 80000172 fef42623 m f0040fec   00000001  sw       x15, -0x14(x8)
#128 0 80000176 fec42703 r 0e         00000001  lw       x14, -0x14(x8)
#129 0 8000017a fe842783 r 0f         0000000d  lw       x15, -0x18(x8)
#130 0 8000017e f6f749e3 r 00         00000000  blt      x14, x15, . - 0x8e
#131 0 800000f0 fec42783 r 0f         00000001  lw       x15, -0x14(x8)
#132 0 800000f4     c395 r 00         00000000  c.beqz   x15, . + 0x24
#133 0 800000f6 fec42783 r 0f         00000001  lw       x15, -0x14(x8)
#134 0 800000fa     17fd r 0f         00000000  c.addi   x15, -0x1
#135 0 800000fc     078a r 0f         00000000  c.slli   x15, 2
#136 0 800000fe     17c1 r 0f         fffffff0  c.addi   x15, -0x10
#137 0 80000100     97a2 r 0f         f0040ff0  c.add    x15, x8
#138 0 80000102 fbc7a703 r 0e         0000002d  lw       x14, -0x44(x15)
#139 0 80000106 fec42783 r 0f         00000001  lw       x15, -0x14(x8)
#140 0 8000010a     078a r 0f         00000004  c.slli   x15, 2
#141 0 8000010c     17c1 r 0f         fffffff4  c.addi   x15, -0x10
#142 0 8000010e     97a2 r 0f         f0040ff4  c.add    x15, x8
#143 0 80000110 fbc7a783 r 0f         0000000c  lw       x15, -0x44(x15)
#144 0 80000114 00e7c863 r 00         00000000  blt      x15, x14, . + 0x10
#145 0 80000124 fec42783 r 0f         00000001  lw       x15, -0x14(x8)
#146 0 80000128     17fd r 0f         00000000  c.addi   x15, -0x1
#147 0 8000012a     078a r 0f         00000000  c.slli   x15, 2
#148 0 8000012c     17c1 r 0f         fffffff0  c.addi   x15, -0x10
#149 0 8000012e     97a2 r 0f         f0040ff0  c.add    x15, x8
#150 0 80000130 fbc7a783 r 0f         0000002d  lw       x15, -0x44(x15)
#151 0 80000134 fef42223 m f0040fe4   0000002d  sw       x15, -0x1c(x8)
#152 0 80000138 fec42783 r 0f         00000001  lw       x15, -0x14(x8)
#153 0 8000013c fff78693 r 0d         00000000  addi     x13, x15, -0x1
#154 0 80000140 fec42783 r 0f         00000001  lw       x15, -0x14(x8)
#155 0 80000144     078a r 0f         00000004  c.slli   x15, 2
#156 0 80000146     17c1 r 0f         fffffff4  c.addi   x15, -0x10
#157 0 80000148     97a2 r 0f         f0040ff4  c.add    x15, x8
#158 0 8000014a fbc7a703 r 0e         0000000c  lw       x14, -0x44(x15)
#159 0 8000014e 00269793 r 0f         00000000  slli     x15, x13, 0x2
#160 0 80000152     17c1 r 0f         fffffff0  c.addi   x15, -0x10
#161 0 80000154     97a2 r 0f         f0040ff0  c.add    x15, x8
#162 0 80000156 fae7ae23 m f0040fac   0000000c  sw       x14, -0x44(x15)
#163 0 8000015a fec42783 r 0f         00000001  lw       x15, -0x14(x8)
#164 0 8000015e     078a r 0f         00000004  c.slli   x15, 2
#165 0 80000160     17c1 r 0f         fffffff4  c.addi   x15, -0x10
#166 0 80000162     97a2 r 0f         f0040ff4  c.add    x15, x8
#167 0 80000164 fe442703 r 0e         0000002d  lw       x14, -0x1c(x8)
#168 0 80000168 fae7ae23 m f0040fb0   0000002d  sw       x14, -0x44(x15)
#169 0 8000016c fec42783 r 0f         00000001  lw       x15, -0x14(x8)
#170 0 80000170     17fd r 0f         00000000  c.addi   x15, -0x1
#171 0 80000172 fef42623 m f0040fec   00000000  sw       x15, -0x14(x8)
#172 0 80000176 fec42703 r 0e         00000000  lw       x14, -0x14(x8)
#173 0 8000017a fe842783 r 0f         0000000d  lw       x15, -0x18(x8)
#174 0 8000017e f6f749e3 r 00         00000000  blt      x14, x15, . - 0x8e
#175 0 800000f0 fec42783 r 0f         00000000  lw       x15, -0x14(x8)
#176 0 800000f4     c395 r 00         00000000  c.beqz   x15, . + 0x24
#177 0 80000118 fec42783 r 0f         00000000  lw       x15, -0x14(x8)
#178 0 8000011c     0785 r 0f         00000001  c.addi   x15, 0x1
#179 0 8000011e fef42623 m f0040fec   00000001  sw       x15, -0x14(x8)
#180 0 80000122     a891 r 00         00000000  c.j      . + 0x54
#181 0 80000176 fec42703 r 0e         00000001  lw       x14, -0x14(x8)
#182 0 8000017a fe842783 r 0f         0000000d  lw       x15, -0x18(x8)
#183 0 8000017e f6f749e3 r 00         00000000  blt      x14, x15, . - 0x8e
#184 0 800000f0 fec42783 r 0f         00000001  lw       x15, -0x14(x8)
#185 0 800000f4     c395 r 00         00000000  c.beqz   x15, . + 0x24
#186 0 800000f6 fec42783 r 0f         00000001  lw       x15, -0x14(x8)
#187 0 800000fa     17fd r 0f         00000000  c.addi   x15, -0x1
#188 0 800000fc     078a r 0f         00000000  c.slli   x15, 2
#189 0 800000fe     17c1 r 0f         fffffff0  c.addi   x15, -0x10
#190 0 80000100     97a2 r 0f         f0040ff0  c.add    x15, x8
#191 0 80000102 fbc7a703 r 0e         0000000c  lw       x14, -0x44(x15)
#192 0 80000106 fec42783 r 0f         00000001  lw       x15, -0x14(x8)
#193 0 8000010a     078a r 0f         00000004  c.slli   x15, 2
#194 0 8000010c     17c1 r 0f         fffffff4  c.addi   x15, -0x10
#195 0 8000010e     97a2 r 0f         f0040ff4  c.add    x15, x8
#196 0 80000110 fbc7a783 r 0f         0000002d  lw       x15, -0x44(x15)
#197 0 80000114 00e7c863 r 00         00000000  blt      x15, x14, . + 0x10
#198 0 80000118 fec42783 r 0f         00000001  lw       x15, -0x14(x8)
#199 0 8000011c     0785 r 0f         00000002  c.addi   x15, 0x1
#200 0 8000011e fef42623 m f0040fec   00000002  sw       x15, -0x14(x8)
#201 0 80000122     a891 r 00         00000000  c.j      . + 0x54
#202 0 80000176 fec42703 r 0e         00000002  lw       x14, -0x14(x8)
#203 0 8000017a fe842783 r 0f         0000000d  lw       x15, -0x18(x8)
#204 0 8000017e f6f749e3 r 00         00000000  blt      x14, x15, . - 0x8e
#205 0 800000f0 fec42783 r 0f         00000002  lw       x15, -0x14(x8)
#206 0 800000f4     c395 r 00         00000000  c.beqz   x15, . + 0x24
#207 0 800000f6 fec42783 r 0f         00000002  lw       x15, -0x14(x8)
#208 0 800000fa     17fd r 0f         00000001  c.addi   x15, -0x1
#209 0 800000fc     078a r 0f         00000004  c.slli   x15, 2
#210 0 800000fe     17c1 r 0f         fffffff4  c.addi   x15, -0x10
#211 0 80000100     97a2 r 0f         f0040ff4  c.add    x15, x8
#212 0 80000102 fbc7a703 r 0e         0000002d  lw       x14, -0x44(x15)
#213 0 80000106 fec42783 r 0f         00000002  lw       x15, -0x14(x8)
#214 0 8000010a     078a r 0f         00000008  c.slli   x15, 2
#215 0 8000010c     17c1 r 0f         fffffff8  c.addi   x15, -0x10
#216 0 8000010e     97a2 r 0f         f0040ff8  c.add    x15, x8
#217 0 80000110 fbc7a783 r 0f         00000043  lw       x15, -0x44(x15)
#218 0 80000114 00e7c863 r 00         00000000  blt      x15, x14, . + 0x10
#219 0 80000118 fec42783 r 0f         00000002  lw       x15, -0x14(x8)
#220 0 8000011c     0785 r 0f         00000003  c.addi   x15, 0x1
#221 0 8000011e fef42623 m f0040fec   00000003  sw       x15, -0x14(x8)
#222 0 80000122     a891 r 00         00000000  c.j      . + 0x54
#223 0 80000176 fec42703 r 0e         00000003  lw       x14, -0x14(x8)
#224 0 8000017a fe842783 r 0f         0000000d  lw       x15, -0x18(x8)
#225 0 8000017e f6f749e3 r 00         00000000  blt      x14, x15, . - 0x8e
#226 0 800000f0 fec42783 r 0f         00000003  lw       x15, -0x14(x8)
#227 0 800000f4     c395 r 00         00000000  c.beqz   x15, . + 0x24
#228 0 800000f6 fec42783 r 0f         00000003  lw       x15, -0x14(x8)
#229 0 800000fa     17fd r 0f         00000002  c.addi   x15, -0x1
#230 0 800000fc     078a r 0f         00000008  c.slli   x15, 2
#231 0 800000fe     17c1 r 0f         fffffff8  c.addi   x15, -0x10
#232 0 80000100     97a2 r 0f         f0040ff8  c.add    x15, x8
#233 0 80000102 fbc7a703 r 0e         00000043  lw       x14, -0x44(x15)
#234 0 80000106 fec42783 r 0f         00000003  lw       x15, -0x14(x8)
#235 0 8000010a     078a r 0f         0000000c  c.slli   x15, 2
#236 0 8000010c     17c1 r 0f         fffffffc  c.addi   x15, -0x10
#237 0 8000010e     97a2 r 0f         f0040ffc  c.add    x15, x8
#238 0 80000110 fbc7a783 r 0f         00000059  lw       x15, -0x44(x15)
#239 0 80000114 00e7c863 r 00         00000000  blt      x15, x14, . + 0x10
#240 0 80000118 fec42783 r 0f         00000003  lw       x15, -0x14(x8)
#241 0 8000011c     0785 r 0f         00000004  c.addi   x15, 0x1
#242 0 8000011e fef42623 m f0040fec   00000004  sw       x15, -0x14(x8)
#243 0 80000122     a891 r 00         00000000  c.j      . + 0x54
#244 0 80000176 fec42703 r 0e         00000004  lw       x14, -0x14(x8)
#245 0 8000017a fe842783 r 0f         0000000d  lw       x15, -0x18(x8)
#246 0 8000017e f6f749e3 r 00         00000000  blt      x14, x15, . - 0x8e
#247 0 800000f0 fec42783 r 0f         00000004  lw       x15, -0x14(x8)
#248 0 800000f4     c395 r 00         00000000  c.beqz   x15, . + 0x24
#249 0 800000f6 fec42783 r 0f         00000004  lw       x15, -0x14(x8)
#250 0 800000fa     17fd r 0f         00000003  c.addi   x15, -0x1
#251 0 800000fc     078a r 0f         0000000c  c.slli   x15, 2
#252 0 800000fe     17c1 r 0f         fffffffc  c.addi   x15, -0x10
#253 0 80000100     97a2 r 0f         f0040ffc  c.add    x15, x8
#254 0 80000102 fbc7a703 r 0e         00000059  lw       x14, -0x44(x15)
#255 0 80000106 fec42783 r 0f         00000004  lw       x15, -0x14(x8)
#256 0 8000010a     078a r 0f         00000010  c.slli   x15, 2
#257 0 8000010c     17c1 r 0f         00000000  c.addi   x15, -0x10
#258 0 8000010e     97a2 r 0f         f0041000  c.add    x15, x8
#259 0 80000110 fbc7a783 r 0f         0000002c  lw       x15, -0x44(x15)
#260 0 80000114 00e7c863 r 00         00000000  blt      x15, x14, . + 0x10
#261 0 80000124 fec42783 r 0f         00000004  lw       x15, -0x14(x8)
#262 0 80000128     17fd r 0f         00000003  c.addi   x15, -0x1
#263 0 8000012a     078a r 0f         0000000c  c.slli   x15, 2
#264 0 8000012c     17c1 r 0f         fffffffc  c.addi   x15, -0x10
#265 0 8000012e     97a2 r 0f         f0040ffc  c.add    x15, x8
#266 0 80000130 fbc7a783 r 0f         00000059  lw       x15, -0x44(x15)
#267 0 80000134 fef42223 m f0040fe4   00000059  sw       x15, -0x1c(x8)
#268 0 80000138 fec42783 r 0f         00000004  lw       x15, -0x14(x8)
#269 0 8000013c fff78693 r 0d         00000003  addi     x13, x15, -0x1
#270 0 80000140 fec42783 r 0f         00000004  lw       x15, -0x14(x8)
#271 0 80000144     078a r 0f         00000010  c.slli   x15, 2
#272 0 80000146     17c1 r 0f         00000000  c.addi   x15, -0x10
#273 0 80000148     97a2 r 0f         f0041000  c.add    x15, x8
#274 0 8000014a fbc7a703 r 0e         0000002c  lw       x14, -0x44(x15)
#275 0 8000014e 00269793 r 0f         0000000c  slli     x15, x13, 0x2
#276 0 80000152     17c1 r 0f         fffffffc  c.addi   x15, -0x10
#277 0 80000154     97a2 r 0f         f0040ffc  c.add    x15, x8
#278 0 80000156 fae7ae23 m f0040fb8   0000002c  sw       x14, -0x44(x15)
#279 0 8000015a fec42783 r 0f         00000004  lw       x15, -0x14(x8)
#280 0 8000015e     078a r 0f         00000010  c.slli   x15, 2
#281 0 80000160     17c1 r 0f         00000000  c.addi   x15, -0x10
#282 0 80000162     97a2 r 0f         f0041000  c.add    x15, x8
#283 0 80000164 fe442703 r 0e         00000059  lw       x14, -0x1c(x8)
#284 0 80000168 fae7ae23 m f0040fbc   00000059  sw       x14, -0x44(x15)
#285 0 8000016c fec42783 r 0f         00000004  lw       x15, -0x14(x8)
#286 0 80000170     17fd r 0f         00000003  c.addi   x15, -0x1
#287 0 80000172 fef42623 m f0040fec   00000003  sw       x15, -0x14(x8)
#288 0 80000176 fec42703 r 0e         00000003  lw       x14, -0x14(x8)
#289 0 8000017a fe842783 r 0f         0000000d  lw       x15, -0x18(x8)
#290 0 8000017e f6f749e3 r 00         00000000  blt      x14, x15, . - 0x8e
#291 0 800000f0 fec42783 r 0f         00000003  lw       x15, -0x14(x8)
#292 0 800000f4     c395 r 00         00000000  c.beqz   x15, . + 0x24
#293 0 800000f6 fec42783 r 0f         00000003  lw       x15, -0x14(x8)
#294 0 800000fa     17fd r 0f         00000002  c.addi   x15, -0x1
#295 0 800000fc     078a r 0f         00000008  c.slli   x15, 2
#296 0 800000fe     17c1 r 0f         fffffff8  c.addi   x15, -0x10
#297 0 80000100     97a2 r 0f         f0040ff8  c.add    x15, x8
#298 0 80000102 fbc7a703 r 0e         00000043  lw       x14, -0x44(x15)
#299 0 80000106 fec42783 r 0f         00000003  lw       x15, -0x14(x8)
#300 0 8000010a     078a r 0f         0000000c  c.slli   x15, 2
#301 0 8000010c     17c1 r 0f         fffffffc  c.addi   x15, -0x10
#302 0 8000010e     97a2 r 0f         f0040ffc  c.add    x15, x8
#303 0 80000110 fbc7a783 r 0f         0000002c  lw       x15, -0x44(x15)
#304 0 80000114 00e7c863 r 00         00000000  blt      x15, x14, . + 0x10
#305 0 80000124 fec42783 r 0f         00000003  lw       x15, -0x14(x8)
#306 0 80000128     17fd r 0f         00000002  c.addi   x15, -0x1
#307 0 8000012a     078a r 0f         00000008  c.slli   x15, 2
#308 0 8000012c     17c1 r 0f         fffffff8  c.addi   x15, -0x10
#309 0 8000012e     97a2 r 0f         f0040ff8  c.add    x15, x8
#310 0 80000130 fbc7a783 r 0f         00000043  lw       x15, -0x44(x15)
#311 0 80000134 fef42223 m f0040fe4   00000043  sw       x15, -0x1c(x8)
#312 0 80000138 fec42783 r 0f         00000003  lw       x15, -0x14(x8)
#313 0 8000013c fff78693 r 0d         00000002  addi     x13, x15, -0x1
#314 0 80000140 fec42783 r 0f         00000003  lw       x15, -0x14(x8)
#315 0 80000144     078a r 0f         0000000c  c.slli   x15, 2
#316 0 80000146     17c1 r 0f         fffffffc  c.addi   x15, -0x10
#317 0 80000148     97a2 r 0f         f0040ffc  c.add    x15, x8
#318 0 8000014a fbc7a703 r 0e         0000002c  lw       x14, -0x44(x15)
#319 0 8000014e 00269793 r 0f         00000008  slli     x15, x13, 0x2
#320 0 80000152     17c1 r 0f         fffffff8  c.addi   x15, -0x10
#321 0 80000154     97a2 r 0f         f0040ff8  c.add    x15, x8
#322 0 80000156 fae7ae23 m f0040fb4   0000002c  sw       x14, -0x44(x15)
#323 0 8000015a fec42783 r 0f         00000003  lw       x15, -0x14(x8)
#324 0 8000015e     078a r 0f         0000000c  c.slli   x15, 2
#325 0 80000160     17c1 r 0f         fffffffc  c.addi   x15, -0x10
#326 0 80000162     97a2 r 0f         f0040ffc  c.add    x15, x8
#327 0 80000164 fe442703 r 0e         00000043  lw       x14, -0x1c(x8)
#328 0 80000168 fae7ae23 m f0040fb8   00000043  sw       x14, -0x44(x15)
#329 0 8000016c fec42783 r 0f         00000003  lw       x15, -0x14(x8)
#330 0 80000170     17fd r 0f         00000002  c.addi   x15, -0x1
#331 0 80000172 fef42623 m f0040fec   00000002  sw       x15, -0x14(x8)
#332 0 80000176 fec42703 r 0e         00000002  lw       x14, -0x14(x8)
#333 0 8000017a fe842783 r 0f         0000000d  lw       x15, -0x18(x8)
#334 0 8000017e f6f749e3 r 00         00000000  blt      x14, x15, . - 0x8e
#335 0 800000f0 fec42783 r 0f         00000002  lw       x15, -0x14(x8)
#336 0 800000f4     c395 r 00         00000000  c.beqz   x15, . + 0x24
#337 0 800000f6 fec42783 r 0f         00000002  lw       x15, -0x14(x8)
#338 0 800000fa     17fd r 0f         00000001  c.addi   x15, -0x1
#339 0 800000fc     078a r 0f         00000004  c.slli   x15, 2
#340 0 800000fe     17c1 r 0f         fffffff4  c.addi   x15, -0x10
#341 0 80000100     97a2 r 0f         f0040ff4  c.add    x15, x8
#342 0 80000102 fbc7a703 r 0e         0000002d  lw       x14, -0x44(x15)
#343 0 80000106 fec42783 r 0f         00000002  lw       x15, -0x14(x8)
#344 0 8000010a     078a r 0f         00000008  c.slli   x15, 2
#345 0 8000010c     17c1 r 0f         fffffff8  c.addi   x15, -0x10
#346 0 8000010e     97a2 r 0f         f0040ff8  c.add    x15, x8
#347 0 80000110 fbc7a783 r 0f         0000002c  lw       x15, -0x44(x15)
#348 0 80000114 00e7c863 r 00         00000000  blt      x15, x14, . + 0x10
#349 0 80000124 fec42783 r 0f         00000002  lw       x15, -0x14(x8)
#350 0 80000128     17fd r 0f         00000001  c.addi   x15, -0x1
#351 0 8000012a     078a r 0f         00000004  c.slli   x15, 2
#352 0 8000012c     17c1 r 0f         fffffff4  c.addi   x15, -0x10
#353 0 8000012e     97a2 r 0f         f0040ff4  c.add    x15, x8
#354 0 80000130 fbc7a783 r 0f         0000002d  lw       x15, -0x44(x15)
#355 0 80000134 fef42223 m f0040fe4   0000002d  sw       x15, -0x1c(x8)
#356 0 80000138 fec42783 r 0f         00000002  lw       x15, -0x14(x8)
#357 0 8000013c fff78693 r 0d         00000001  addi     x13, x15, -0x1
#358 0 80000140 fec42783 r 0f         00000002  lw       x15, -0x14(x8)
#359 0 80000144     078a r 0f         00000008  c.slli   x15, 2
#360 0 80000146     17c1 r 0f         fffffff8  c.addi   x15, -0x10
#361 0 80000148     97a2 r 0f         f0040ff8  c.add    x15, x8
#362 0 8000014a fbc7a703 r 0e         0000002c  lw       x14, -0x44(x15)
#363 0 8000014e 00269793 r 0f         00000004  slli     x15, x13, 0x2
#364 0 80000152     17c1 r 0f         fffffff4  c.addi   x15, -0x10
#365 0 80000154     97a2 r 0f         f0040ff4  c.add    x15, x8
#366 0 80000156 fae7ae23 m f0040fb0   0000002c  sw       x14, -0x44(x15)
#367 0 8000015a fec42783 r 0f         00000002  lw       x15, -0x14(x8)
#368 0 8000015e     078a r 0f         00000008  c.slli   x15, 2
#369 0 80000160     17c1 r 0f         fffffff8  c.addi   x15, -0x10
#370 0 80000162     97a2 r 0f         f0040ff8  c.add    x15, x8
#371 0 80000164 fe442703 r 0e         0000002d  lw       x14, -0x1c(x8)
#372 0 80000168 fae7ae23 m f0040fb4   0000002d  sw       x14, -0x44(x15)
#373 0 8000016c fec42783 r 0f         00000002  lw       x15, -0x14(x8)
#374 0 80000170     17fd r 0f         00000001  c.addi   x15, -0x1
#375 0 80000172 fef42623 m f0040fec   00000001  sw       x15, -0x14(x8)
#376 0 80000176 fec42703 r 0e         00000001  lw       x14, -0x14(x8)
#377 0 8000017a fe842783 r 0f         0000000d  lw       x15, -0x18(x8)
#378 0 8000017e f6f749e3 r 00         00000000  blt      x14, x15, . - 0x8e
#379 0 800000f0 fec42783 r 0f         00000001  lw       x15, -0x14(x8)
#380 0 800000f4     c395 r 00         00000000  c.beqz   x15, . + 0x24
#381 0 800000f6 fec42783 r 0f         00000001  lw       x15, -0x14(x8)
#382 0 800000fa     17fd r 0f         00000000  c.addi   x15, -0x1
#383 0 800000fc     078a r 0f         00000000  c.slli   x15, 2
#384 0 800000fe     17c1 r 0f         fffffff0  c.addi   x15, -0x10
#385 0 80000100     97a2 r 0f         f0040ff0  c.add    x15, x8
#386 0 80000102 fbc7a703 r 0e         0000000c  lw       x14, -0x44(x15)
#387 0 80000106 fec42783 r 0f         00000001  lw       x15, -0x14(x8)
#388 0 8000010a     078a r 0f         00000004  c.slli   x15, 2
#389 0 8000010c     17c1 r 0f         fffffff4  c.addi   x15, -0x10
#390 0 8000010e     97a2 r 0f         f0040ff4  c.add    x15, x8
#391 0 80000110 fbc7a783 r 0f         0000002c  lw       x15, -0x44(x15)
#392 0 80000114 00e7c863 r 00         00000000  blt      x15, x14, . + 0x10
#393 0 80000118 fec42783 r 0f         00000001  lw       x15, -0x14(x8)
#394 0 8000011c     0785 r 0f         00000002  c.addi   x15, 0x1
#395 0 8000011e fef42623 m f0040fec   00000002  sw       x15, -0x14(x8)
#396 0 80000122     a891 r 00         00000000  c.j      . + 0x54
#397 0 80000176 fec42703 r 0e         00000002  lw       x14, -0x14(x8)
#398 0 8000017a fe842783 r 0f         0000000d  lw       x15, -0x18(x8)
#399 0 8000017e f6f749e3 r 00         00000000  blt      x14, x15, . - 0x8e
#400 0 800000f0 fec42783 r 0f         00000002  lw       x15, -0x14(x8)
#401 0 800000f4     c395 r 00         00000000  c.beqz   x15, . + 0x24
#402 0 800000f6 fec42783 r 0f         00000002  lw       x15, -0x14(x8)
#403 0 800000fa     17fd r 0f         00000001  c.addi   x15, -0x1
#404 0 800000fc     078a r 0f         00000004  c.slli   x15, 2
#405 0 800000fe     17c1 r 0f         fffffff4  c.addi   x15, -0x10
#406 0 80000100     97a2 r 0f         f0040ff4  c.add    x15, x8
#407 0 80000102 fbc7a703 r 0e         0000002c  lw       x14, -0x44(x15)
#408 0 80000106 fec42783 r 0f         00000002  lw       x15, -0x14(x8)
#409 0 8000010a     078a r 0f         00000008  c.slli   x15, 2
#410 0 8000010c     17c1 r 0f         fffffff8  c.addi   x15, -0x10
#411 0 8000010e     97a2 r 0f         f0040ff8  c.add    x15, x8
#412 0 80000110 fbc7a783 r 0f         0000002d  lw       x15, -0x44(x15)
#413 0 80000114 00e7c863 r 00         00000000  blt      x15, x14, . + 0x10
#414 0 80000118 fec42783 r 0f         00000002  lw       x15, -0x14(x8)
#415 0 8000011c     0785 r 0f         00000003  c.addi   x15, 0x1
#416 0 8000011e fef42623 m f0040fec   00000003  sw       x15, -0x14(x8)
#417 0 80000122     a891 r 00         00000000  c.j      . + 0x54
#418 0 80000176 fec42703 r 0e         00000003  lw       x14, -0x14(x8)
#419 0 8000017a fe842783 r 0f         0000000d  lw       x15, -0x18(x8)
#420 0 8000017e f6f749e3 r 00         00000000  blt      x14, x15, . - 0x8e
#421 0 800000f0 fec42783 r 0f         00000003  lw       x15, -0x14(x8)
#422 0 800000f4     c395 r 00         00000000  c.beqz   x15, . + 0x24
#423 0 800000f6 fec42783 r 0f         00000003  lw       x15, -0x14(x8)
#424 0 800000fa     17fd r 0f         00000002  c.addi   x15, -0x1
#425 0 800000fc     078a r 0f         00000008  c.slli   x15, 2
#426 0 800000fe     17c1 r 0f         fffffff8  c.addi   x15, -0x10
#427 0 80000100     97a2 r 0f         f0040ff8  c.add    x15, x8
#428 0 80000102 fbc7a703 r 0e         0000002d  lw       x14, -0x44(x15)
#429 0 80000106 fec42783 r 0f         00000003  lw       x15, -0x14(x8)
#430 0 8000010a     078a r 0f         0000000c  c.slli   x15, 2
#431 0 8000010c     17c1 r 0f         fffffffc  c.addi   x15, -0x10
#432 0 8000010e     97a2 r 0f         f0040ffc  c.add    x15, x8
#433 0 80000110 fbc7a783 r 0f         00000043  lw       x15, -0x44(x15)
#434 0 80000114 00e7c863 r 00         00000000  blt      x15, x14, . + 0x10
#435 0 80000118 fec42783 r 0f         00000003  lw       x15, -0x14(x8)
#436 0 8000011c     0785 r 0f         00000004  c.addi   x15, 0x1
#437 0 8000011e fef42623 m f0040fec   00000004  sw       x15, -0x14(x8)
#438 0 80000122     a891 r 00         00000000  c.j      . + 0x54
#439 0 80000176 fec42703 r 0e         00000004  lw       x14, -0x14(x8)
#440 0 8000017a fe842783 r 0f         0000000d  lw       x15, -0x18(x8)
#441 0 8000017e f6f749e3 r 00         00000000  blt      x14, x15, . - 0x8e
#442 0 800000f0 fec42783 r 0f         00000004  lw       x15, -0x14(x8)
#443 0 800000f4     c395 r 00         00000000  c.beqz   x15, . + 0x24
#444 0 800000f6 fec42783 r 0f         00000004  lw       x15, -0x14(x8)
#445 0 800000fa     17fd r 0f         00000003  c.addi   x15, -0x1
#446 0 800000fc     078a r 0f         0000000c  c.slli   x15, 2
#447 0 800000fe     17c1 r 0f         fffffffc  c.addi   x15, -0x10
#448 0 80000100     97a2 r 0f         f0040ffc  c.add    x15, x8
#449 0 80000102 fbc7a703 r 0e         00000043  lw       x14, -0x44(x15)
#450 0 80000106 fec42783 r 0f         00000004  lw       x15, -0x14(x8)
#451 0 8000010a     078a r 0f         00000010  c.slli   x15, 2
#452 0 8000010c     17c1 r 0f         00000000  c.addi   x15, -0x10
#453 0 8000010e     97a2 r 0f         f0041000  c.add    x15, x8
#454 0 80000110 fbc7a783 r 0f         00000059  lw       x15, -0x44(x15)
#455 0 80000114 00e7c863 r 00         00000000  blt      x15, x14, . + 0x10
#456 0 80000118 fec42783 r 0f         00000004  lw       x15, -0x14(x8)
#457 0 8000011c     0785 r 0f         00000005  c.addi   x15, 0x1
#458 0 8000011e fef42623 m f0040fec   00000005  sw       x15, -0x14(x8)
#459 0 80000122     a891 r 00         00000000  c.j      . + 0x54
#460 0 80000176 fec42703 r 0e         00000005  lw       x14, -0x14(x8)
#461 0 8000017a fe842783 r 0f         0000000d  lw       x15, -0x18(x8)
#462 0 8000017e f6f749e3 r 00         00000000  blt      x14, x15, . - 0x8e
#463 0 800000f0 fec42783 r 0f         00000005  lw       x15, -0x14(x8)
#464 0 800000f4     c395 r 00         00000000  c.beqz   x15, . + 0x24
#465 0 800000f6 fec42783 r 0f         00000005  lw       x15, -0x14(x8)
#466 0 800000fa     17fd r 0f         00000004  c.addi   x15, -0x1
#467 0 800000fc     078a r 0f         00000010  c.slli   x15, 2
#468 0 800000fe     17c1 r 0f         00000000  c.addi   x15, -0x10
#469 0 80000100     97a2 r 0f         f0041000  c.add    x15, x8
#470 0 80000102 fbc7a703 r 0e         00000059  lw       x14, -0x44(x15)
#471 0 80000106 fec42783 r 0f         00000005  lw       x15, -0x14(x8)
#472 0 8000010a     078a r 0f         00000014  c.slli   x15, 2
#473 0 8000010c     17c1 r 0f         00000004  c.addi   x15, -0x10
#474 0 8000010e     97a2 r 0f         f0041004  c.add    x15, x8
#475 0 80000110 fbc7a783 r 0f         00000017  lw       x15, -0x44(x15)
#476 0 80000114 00e7c863 r 00         00000000  blt      x15, x14, . + 0x10
#477 0 80000124 fec42783 r 0f         00000005  lw       x15, -0x14(x8)
#478 0 80000128     17fd r 0f         00000004  c.addi   x15, -0x1
#479 0 8000012a     078a r 0f         00000010  c.slli   x15, 2
#480 0 8000012c     17c1 r 0f         00000000  c.addi   x15, -0x10
#481 0 8000012e     97a2 r 0f         f0041000  c.add    x15, x8
#482 0 80000130 fbc7a783 r 0f         00000059  lw       x15, -0x44(x15)
#483 0 80000134 fef42223 m f0040fe4   00000059  sw       x15, -0x1c(x8)
#484 0 80000138 fec42783 r 0f         00000005  lw       x15, -0x14(x8)
#485 0 8000013c fff78693 r 0d         00000004  addi     x13, x15, -0x1
#486 0 80000140 fec42783 r 0f         00000005  lw       x15, -0x14(x8)
#487 0 80000144     078a r 0f         00000014  c.slli   x15, 2
#488 0 80000146     17c1 r 0f         00000004  c.addi   x15, -0x10
#489 0 80000148     97a2 r 0f         f0041004  c.add    x15, x8
#490 0 8000014a fbc7a703 r 0e         00000017  lw       x14, -0x44(x15)
#491 0 8000014e 00269793 r 0f         00000010  slli     x15, x13, 0x2
#492 0 80000152     17c1 r 0f         00000000  c.addi   x15, -0x10
#493 0 80000154     97a2 r 0f         f0041000  c.add    x15, x8
#494 0 80000156 fae7ae23 m f0040fbc   00000017  sw       x14, -0x44(x15)
#495 0 8000015a fec42783 r 0f         00000005  lw       x15, -0x14(x8)
#496 0 8000015e     078a r 0f         00000014  c.slli   x15, 2
#497 0 80000160     17c1 r 0f         00000004  c.addi   x15, -0x10
#498 0 80000162     97a2 r 0f         f0041004  c.add    x15, x8
#499 0 80000164 fe442703 r 0e         00000059  lw       x14, -0x1c(x8)
#500 0 80000168 fae7ae23 m f0040fc0   00000059  sw       x14, -0x44(x15)
#501 0 8000016c fec42783 r 0f         00000005  lw       x15, -0x14(x8)
#502 0 80000170     17fd r 0f         00000004  c.addi   x15, -0x1
#503 0 80000172 fef42623 m f0040fec   00000004  sw       x15, -0x14(x8)
#504 0 80000176 fec42703 r 0e         00000004  lw       x14, -0x14(x8)
#505 0 8000017a fe842783 r 0f         0000000d  lw       x15, -0x18(x8)
#506 0 8000017e f6f749e3 r 00         00000000  blt      x14, x15, . - 0x8e
#507 0 800000f0 fec42783 r 0f         00000004  lw       x15, -0x14(x8)
#508 0 800000f4     c395 r 00         00000000  c.beqz   x15, . + 0x24
#509 0 800000f6 fec42783 r 0f         00000004  lw       x15, -0x14(x8)
#510 0 800000fa     17fd r 0f         00000003  c.addi   x15, -0x1
#511 0 800000fc     078a r 0f         0000000c  c.slli   x15, 2
#512 0 800000fe     17c1 r 0f         fffffffc  c.addi   x15, -0x10
#513 0 80000100     97a2 r 0f         f0040ffc  c.add    x15, x8
#514 0 80000102 fbc7a703 r 0e         00000043  lw       x14, -0x44(x15)
#515 0 80000106 fec42783 r 0f         00000004  lw       x15, -0x14(x8)
#516 0 8000010a     078a r 0f         00000010  c.slli   x15, 2
#517 0 8000010c     17c1 r 0f         00000000  c.addi   x15, -0x10
#518 0 8000010e     97a2 r 0f         f0041000  c.add    x15, x8
#519 0 80000110 fbc7a783 r 0f         00000017  lw       x15, -0x44(x15)
#520 0 80000114 00e7c863 r 00         00000000  blt      x15, x14, . + 0x10
#521 0 80000124 fec42783 r 0f         00000004  lw       x15, -0x14(x8)
#522 0 80000128     17fd r 0f         00000003  c.addi   x15, -0x1
#523 0 8000012a     078a r 0f         0000000c  c.slli   x15, 2
#524 0 8000012c     17c1 r 0f         fffffffc  c.addi   x15, -0x10
#525 0 8000012e     97a2 r 0f         f0040ffc  c.add    x15, x8
#526 0 80000130 fbc7a783 r 0f         00000043  lw       x15, -0x44(x15)
#527 0 80000134 fef42223 m f0040fe4   00000043  sw       x15, -0x1c(x8)
#528 0 80000138 fec42783 r 0f         00000004  lw       x15, -0x14(x8)
#529 0 8000013c fff78693 r 0d         00000003  addi     x13, x15, -0x1
#530 0 80000140 fec42783 r 0f         00000004  lw       x15, -0x14(x8)
#531 0 80000144     078a r 0f         00000010  c.slli   x15, 2
#532 0 80000146     17c1 r 0f         00000000  c.addi   x15, -0x10
#533 0 80000148     97a2 r 0f         f0041000  c.add    x15, x8
#534 0 8000014a fbc7a703 r 0e         00000017  lw       x14, -0x44(x15)
#535 0 8000014e 00269793 r 0f         0000000c  slli     x15, x13, 0x2
#536 0 80000152     17c1 r 0f         fffffffc  c.addi   x15, -0x10
#537 0 80000154     97a2 r 0f         f0040ffc  c.add    x15, x8
#538 0 80000156 fae7ae23 m f0040fb8   00000017  sw       x14, -0x44(x15)
#539 0 8000015a fec42783 r 0f         00000004  lw       x15, -0x14(x8)
#540 0 8000015e     078a r 0f         00000010  c.slli   x15, 2
#541 0 80000160     17c1 r 0f         00000000  c.addi   x15, -0x10
#542 0 80000162     97a2 r 0f         f0041000  c.add    x15, x8
#543 0 80000164 fe442703 r 0e         00000043  lw       x14, -0x1c(x8)
#544 0 80000168 fae7ae23 m f0040fbc   00000043  sw       x14, -0x44(x15)
#545 0 8000016c fec42783 r 0f         00000004  lw       x15, -0x14(x8)
#546 0 80000170     17fd r 0f         00000003  c.addi   x15, -0x1
#547 0 80000172 fef42623 m f0040fec   00000003  sw       x15, -0x14(x8)
#548 0 80000176 fec42703 r 0e         00000003  lw       x14, -0x14(x8)
#549 0 8000017a fe842783 r 0f         0000000d  lw       x15, -0x18(x8)
#550 0 8000017e f6f749e3 r 00         00000000  blt      x14, x15, . - 0x8e
#551 0 800000f0 fec42783 r 0f         00000003  lw       x15, -0x14(x8)
#552 0 800000f4     c395 r 00         00000000  c.beqz   x15, . + 0x24
#553 0 800000f6 fec42783 r 0f         00000003  lw       x15, -0x14(x8)
#554 0 800000fa     17fd r 0f         00000002  c.addi   x15, -0x1
#555 0 800000fc     078a r 0f         00000008  c.slli   x15, 2
#556 0 800000fe     17c1 r 0f         fffffff8  c.addi   x15, -0x10
#557 0 80000100     97a2 r 0f         f0040ff8  c.add    x15, x8
#558 0 80000102 fbc7a703 r 0e         0000002d  lw       x14, -0x44(x15)
#559 0 80000106 fec42783 r 0f         00000003  lw       x15, -0x14(x8)
#560 0 8000010a     078a r 0f         0000000c  c.slli   x15, 2
#561 0 8000010c     17c1 r 0f         fffffffc  c.addi   x15, -0x10
#562 0 8000010e     97a2 r 0f         f0040ffc  c.add    x15, x8
#563 0 80000110 fbc7a783 r 0f         00000017  lw       x15, -0x44(x15)
#564 0 80000114 00e7c863 r 00         00000000  blt      x15, x14, . + 0x10
#565 0 80000124 fec42783 r 0f         00000003  lw       x15, -0x14(x8)
#566 0 80000128     17fd r 0f         00000002  c.addi   x15, -0x1
#567 0 8000012a     078a r 0f         00000008  c.slli   x15, 2
#568 0 8000012c     17c1 r 0f         fffffff8  c.addi   x15, -0x10
#569 0 8000012e     97a2 r 0f         f0040ff8  c.add    x15, x8
#570 0 80000130 fbc7a783 r 0f         0000002d  lw       x15, -0x44(x15)
#571 0 80000134 fef42223 m f0040fe4   0000002d  sw       x15, -0x1c(x8)
#572 0 80000138 fec42783 r 0f         00000003  lw       x15, -0x14(x8)
#573 0 8000013c fff78693 r 0d         00000002  addi     x13, x15, -0x1
#574 0 80000140 fec42783 r 0f         00000003  lw       x15, -0x14(x8)
#575 0 80000144     078a r 0f         0000000c  c.slli   x15, 2
#576 0 80000146     17c1 r 0f         fffffffc  c.addi   x15, -0x10
#577 0 80000148     97a2 r 0f         f0040ffc  c.add    x15, x8
#578 0 8000014a fbc7a703 r 0e         00000017  lw       x14, -0x44(x15)
#579 0 8000014e 00269793 r 0f         00000008  slli     x15, x13, 0x2
#580 0 80000152     17c1 r 0f         fffffff8  c.addi   x15, -0x10
#581 0 80000154     97a2 r 0f         f0040ff8  c.add    x15, x8
#582 0 80000156 fae7ae23 m f0040fb4   00000017  sw       x14, -0x44(x15)
#583 0 8000015a fec42783 r 0f         00000003  lw       x15, -0x14(x8)
#584 0 8000015e     078a r 0f         0000000c  c.slli   x15, 2
#585 0 80000160     17c1 r 0f         fffffffc  c.addi   x15, -0x10
#586 0 80000162     97a2 r 0f         f0040ffc  c.add    x15, x8
#587 0 80000164 fe442703 r 0e         0000002d  lw       x14, -0x1c(x8)
#588 0 80000168 fae7ae23 m f0040fb8   0000002d  sw       x14, -0x44(x15)
#589 0 8000016c fec42783 r 0f         00000003  lw       x15, -0x14(x8)
#590 0 80000170     17fd r 0f         00000002  c.addi   x15, -0x1
#591 0 80000172 fef42623 m f0040fec   00000002  sw       x15, -0x14(x8)
#592 0 80000176 fec42703 r 0e         00000002  lw       x14, -0x14(x8)
#593 0 8000017a fe842783 r 0f         0000000d  lw       x15, -0x18(x8)
#594 0 8000017e f6f749e3 r 00         00000000  blt      x14, x15, . - 0x8e
#595 0 800000f0 fec42783 r 0f         00000002  lw       x15, -0x14(x8)
#596 0 800000f4     c395 r 00         00000000  c.beqz   x15, . + 0x24
#597 0 800000f6 fec42783 r 0f         00000002  lw       x15, -0x14(x8)
#598 0 800000fa     17fd r 0f         00000001  c.addi   x15, -0x1
#599 0 800000fc     078a r 0f         00000004  c.slli   x15, 2
#600 0 800000fe     17c1 r 0f         fffffff4  c.addi   x15, -0x10
#601 0 80000100     97a2 r 0f         f0040ff4  c.add    x15, x8
#602 0 80000102 fbc7a703 r 0e         0000002c  lw       x14, -0x44(x15)
#603 0 80000106 fec42783 r 0f         00000002  lw       x15, -0x14(x8)
#604 0 8000010a     078a r 0f         00000008  c.slli   x15, 2
#605 0 8000010c     17c1 r 0f         fffffff8  c.addi   x15, -0x10
#606 0 8000010e     97a2 r 0f         f0040ff8  c.add    x15, x8
#607 0 80000110 fbc7a783 r 0f         00000017  lw       x15, -0x44(x15)
#608 0 80000114 00e7c863 r 00         00000000  blt      x15, x14, . + 0x10
#609 0 80000124 fec42783 r 0f         00000002  lw       x15, -0x14(x8)
#610 0 80000128     17fd r 0f         00000001  c.addi   x15, -0x1
#611 0 8000012a     078a r 0f         00000004  c.slli   x15, 2
#612 0 8000012c     17c1 r 0f         fffffff4  c.addi   x15, -0x10
#613 0 8000012e     97a2 r 0f         f0040ff4  c.add    x15, x8
#614 0 80000130 fbc7a783 r 0f         0000002c  lw       x15, -0x44(x15)
#615 0 80000134 fef42223 m f0040fe4   0000002c  sw       x15, -0x1c(x8)
#616 0 80000138 fec42783 r 0f         00000002  lw       x15, -0x14(x8)
#617 0 8000013c fff78693 r 0d         00000001  addi     x13, x15, -0x1
#618 0 80000140 fec42783 r 0f         00000002  lw       x15, -0x14(x8)
#619 0 80000144     078a r 0f         00000008  c.slli   x15, 2
#620 0 80000146     17c1 r 0f         fffffff8  c.addi   x15, -0x10
#621 0 80000148     97a2 r 0f         f0040ff8  c.add    x15, x8
#622 0 8000014a fbc7a703 r 0e         00000017  lw       x14, -0x44(x15)
#623 0 8000014e 00269793 r 0f         00000004  slli     x15, x13, 0x2
#624 0 80000152     17c1 r 0f         fffffff4  c.addi   x15, -0x10
#625 0 80000154     97a2 r 0f         f0040ff4  c.add    x15, x8
#626 0 80000156 fae7ae23 m f0040fb0   00000017  sw       x14, -0x44(x15)
#627 0 8000015a fec42783 r 0f         00000002  lw       x15, -0x14(x8)
#628 0 8000015e     078a r 0f         00000008  c.slli   x15, 2
#629 0 80000160     17c1 r 0f         fffffff8  c.addi   x15, -0x10
#630 0 80000162     97a2 r 0f         f0040ff8  c.add    x15, x8
#631 0 80000164 fe442703 r 0e         0000002c  lw       x14, -0x1c(x8)
#632 0 80000168 fae7ae23 m f0040fb4   0000002c  sw       x14, -0x44(x15)
#633 0 8000016c fec42783 r 0f         00000002  lw       x15, -0x14(x8)
#634 0 80000170     17fd r 0f         00000001  c.addi   x15, -0x1
#635 0 80000172 fef42623 m f0040fec   00000001  sw       x15, -0x14(x8)
#636 0 80000176 fec42703 r 0e         00000001  lw       x14, -0x14(x8)
#637 0 8000017a fe842783 r 0f         0000000d  lw       x15, -0x18(x8)
#638 0 8000017e f6f749e3 r 00         00000000  blt      x14, x15, . - 0x8e
#639 0 800000f0 fec42783 r 0f         00000001  lw       x15, -0x14(x8)
#640 0 800000f4     c395 r 00         00000000  c.beqz   x15, . + 0x24
#641 0 800000f6 fec42783 r 0f         00000001  lw       x15, -0x14(x8)
#642 0 800000fa     17fd r 0f         00000000  c.addi   x15, -0x1
#643 0 800000fc     078a r 0f         00000000  c.slli   x15, 2
#644 0 800000fe     17c1 r 0f         fffffff0  c.addi   x15, -0x10
#645 0 80000100     97a2 r 0f         f0040ff0  c.add    x15, x8
#646 0 80000102 fbc7a703 r 0e         0000000c  lw       x14, -0x44(x15)
#647 0 80000106 fec42783 r 0f         00000001  lw       x15, -0x14(x8)
#648 0 8000010a     078a r 0f         00000004  c.slli   x15, 2
#649 0 8000010c     17c1 r 0f         fffffff4  c.addi   x15, -0x10
#650 0 8000010e     97a2 r 0f         f0040ff4  c.add    x15, x8
#651 0 80000110 fbc7a783 r 0f         00000017  lw       x15, -0x44(x15)
#652 0 80000114 00e7c863 r 00         00000000  blt      x15, x14, . + 0x10
#653 0 80000118 fec42783 r 0f         00000001  lw       x15, -0x14(x8)
#654 0 8000011c     0785 r 0f         00000002  c.addi   x15, 0x1
#655 0 8000011e fef42623 m f0040fec   00000002  sw       x15, -0x14(x8)
#656 0 80000122     a891 r 00         00000000  c.j      . + 0x54
#657 0 80000176 fec42703 r 0e         00000002  lw       x14, -0x14(x8)
#658 0 8000017a fe842783 r 0f         0000000d  lw       x15, -0x18(x8)
#659 0 8000017e f6f749e3 r 00         00000000  blt      x14, x15, . - 0x8e
#660 0 800000f0 fec42783 r 0f         00000002  lw       x15, -0x14(x8)
#661 0 800000f4     c395 r 00         00000000  c.beqz   x15, . + 0x24
#662 0 800000f6 fec42783 r 0f         00000002  lw       x15, -0x14(x8)
#663 0 800000fa     17fd r 0f         00000001  c.addi   x15, -0x1
#664 0 800000fc     078a r 0f         00000004  c.slli   x15, 2
#665 0 800000fe     17c1 r 0f         fffffff4  c.addi   x15, -0x10
#666 0 80000100     97a2 r 0f         f0040ff4  c.add    x15, x8
#667 0 80000102 fbc7a703 r 0e         00000017  lw       x14, -0x44(x15)
#668 0 80000106 fec42783 r 0f         00000002  lw       x15, -0x14(x8)
#669 0 8000010a     078a r 0f         00000008  c.slli   x15, 2
#670 0 8000010c     17c1 r 0f         fffffff8  c.addi   x15, -0x10
#671 0 8000010e     97a2 r 0f         f0040ff8  c.add    x15, x8
#672 0 80000110 fbc7a783 r 0f         0000002c  lw       x15, -0x44(x15)
#673 0 80000114 00e7c863 r 00         00000000  blt      x15, x14, . + 0x10
#674 0 80000118 fec42783 r 0f         00000002  lw       x15, -0x14(x8)
#675 0 8000011c     0785 r 0f         00000003  c.addi   x15, 0x1
#676 0 8000011e fef42623 m f0040fec   00000003  sw       x15, -0x14(x8)
#677 0 80000122     a891 r 00         00000000  c.j      . + 0x54
#678 0 80000176 fec42703 r 0e         00000003  lw       x14, -0x14(x8)
#679 0 8000017a fe842783 r 0f         0000000d  lw       x15, -0x18(x8)
#680 0 8000017e f6f749e3 r 00         00000000  blt      x14, x15, . - 0x8e
#681 0 800000f0 fec42783 r 0f         00000003  lw       x15, -0x14(x8)
#682 0 800000f4     c395 r 00         00000000  c.beqz   x15, . + 0x24
#683 0 800000f6 fec42783 r 0f         00000003  lw       x15, -0x14(x8)
#684 0 800000fa     17fd r 0f         00000002  c.addi   x15, -0x1
#685 0 800000fc     078a r 0f         00000008  c.slli   x15, 2
#686 0 800000fe     17c1 r 0f         fffffff8  c.addi   x15, -0x10
#687 0 80000100     97a2 r 0f         f0040ff8  c.add    x15, x8
#688 0 80000102 fbc7a703 r 0e         0000002c  lw       x14, -0x44(x15)
#689 0 80000106 fec42783 r 0f         00000003  lw       x15, -0x14(x8)
#690 0 8000010a     078a r 0f         0000000c  c.slli   x15, 2
#691 0 8000010c     17c1 r 0f         fffffffc  c.addi   x15, -0x10
#692 0 8000010e     97a2 r 0f         f0040ffc  c.add    x15, x8
#693 0 80000110 fbc7a783 r 0f         0000002d  lw       x15, -0x44(x15)
#694 0 80000114 00e7c863 r 00         00000000  blt      x15, x14, . + 0x10
#695 0 80000118 fec42783 r 0f         00000003  lw       x15, -0x14(x8)
#696 0 8000011c     0785 r 0f         00000004  c.addi   x15, 0x1
#697 0 8000011e fef42623 m f0040fec   00000004  sw       x15, -0x14(x8)
#698 0 80000122     a891 r 00         00000000  c.j      . + 0x54
#699 0 80000176 fec42703 r 0e         00000004  lw       x14, -0x14(x8)
#700 0 8000017a fe842783 r 0f         0000000d  lw       x15, -0x18(x8)
#701 0 8000017e f6f749e3 r 00         00000000  blt      x14, x15, . - 0x8e
#702 0 800000f0 fec42783 r 0f         00000004  lw       x15, -0x14(x8)
#703 0 800000f4     c395 r 00         00000000  c.beqz   x15, . + 0x24
#704 0 800000f6 fec42783 r 0f         00000004  lw       x15, -0x14(x8)
#705 0 800000fa     17fd r 0f         00000003  c.addi   x15, -0x1
#706 0 800000fc     078a r 0f         0000000c  c.slli   x15, 2
#707 0 800000fe     17c1 r 0f         fffffffc  c.addi   x15, -0x10
#708 0 80000100     97a2 r 0f         f0040ffc  c.add    x15, x8
#709 0 80000102 fbc7a703 r 0e         0000002d  lw       x14, -0x44(x15)
#710 0 80000106 fec42783 r 0f         00000004  lw       x15, -0x14(x8)
#711 0 8000010a     078a r 0f         00000010  c.slli   x15, 2
#712 0 8000010c     17c1 r 0f         00000000  c.addi   x15, -0x10
#713 0 8000010e     97a2 r 0f         f0041000  c.add    x15, x8
#714 0 80000110 fbc7a783 r 0f         00000043  lw       x15, -0x44(x15)
#715 0 80000114 00e7c863 r 00         00000000  blt      x15, x14, . + 0x10
#716 0 80000118 fec42783 r 0f         00000004  lw       x15, -0x14(x8)
#717 0 8000011c     0785 r 0f         00000005  c.addi   x15, 0x1
#718 0 8000011e fef42623 m f0040fec   00000005  sw       x15, -0x14(x8)
#719 0 80000122     a891 r 00         00000000  c.j      . + 0x54
#720 0 80000176 fec42703 r 0e         00000005  lw       x14, -0x14(x8)
#721 0 8000017a fe842783 r 0f         0000000d  lw       x15, -0x18(x8)
#722 0 8000017e f6f749e3 r 00         00000000  blt      x14, x15, . - 0x8e
#723 0 800000f0 fec42783 r 0f         00000005  lw       x15, -0x14(x8)
#724 0 800000f4     c395 r 00         00000000  c.beqz   x15, . + 0x24
#725 0 800000f6 fec42783 r 0f         00000005  lw       x15, -0x14(x8)
#726 0 800000fa     17fd r 0f         00000004  c.addi   x15, -0x1
#727 0 800000fc     078a r 0f         00000010  c.slli   x15, 2
#728 0 800000fe     17c1 r 0f         00000000  c.addi   x15, -0x10
#729 0 80000100     97a2 r 0f         f0041000  c.add    x15, x8
#730 0 80000102 fbc7a703 r 0e         00000043  lw       x14, -0x44(x15)
#731 0 80000106 fec42783 r 0f         00000005  lw       x15, -0x14(x8)
#732 0 8000010a     078a r 0f         00000014  c.slli   x15, 2
#733 0 8000010c     17c1 r 0f         00000004  c.addi   x15, -0x10
#734 0 8000010e     97a2 r 0f         f0041004  c.add    x15, x8
#735 0 80000110 fbc7a783 r 0f         00000059  lw       x15, -0x44(x15)
#736 0 80000114 00e7c863 r 00         00000000  blt      x15, x14, . + 0x10
#737 0 80000118 fec42783 r 0f         00000005  lw       x15, -0x14(x8)
#738 0 8000011c     0785 r 0f         00000006  c.addi   x15, 0x1
#739 0 8000011e fef42623 m f0040fec   00000006  sw       x15, -0x14(x8)
#740 0 80000122     a891 r 00         00000000  c.j      . + 0x54
#741 0 80000176 fec42703 r 0e         00000006  lw       x14, -0x14(x8)
#742 0 8000017a fe842783 r 0f         0000000d  lw       x15, -0x18(x8)
#743 0 8000017e f6f749e3 r 00         00000000  blt      x14, x15, . - 0x8e
#744 0 800000f0 fec42783 r 0f         00000006  lw       x15, -0x14(x8)
#745 0 800000f4     c395 r 00         00000000  c.beqz   x15, . + 0x24
#746 0 800000f6 fec42783 r 0f         00000006  lw       x15, -0x14(x8)
#747 0 800000fa     17fd r 0f         00000005  c.addi   x15, -0x1
#748 0 800000fc     078a r 0f         00000014  c.slli   x15, 2
#749 0 800000fe     17c1 r 0f         00000004  c.addi   x15, -0x10
#750 0 80000100     97a2 r 0f         f0041004  c.add    x15, x8
#751 0 80000102 fbc7a703 r 0e         00000059  lw       x14, -0x44(x15)
#752 0 80000106 fec42783 r 0f         00000006  lw       x15, -0x14(x8)
#753 0 8000010a     078a r 0f         00000018  c.slli   x15, 2
#754 0 8000010c     17c1 r 0f         00000008  c.addi   x15, -0x10
#755 0 8000010e     97a2 r 0f         f0041008  c.add    x15, x8
#756 0 80000110 fbc7a783 r 0f         00000058  lw       x15, -0x44(x15)
#757 0 80000114 00e7c863 r 00         00000000  blt      x15, x14, . + 0x10
#758 0 80000124 fec42783 r 0f         00000006  lw       x15, -0x14(x8)
#759 0 80000128     17fd r 0f         00000005  c.addi   x15, -0x1
#760 0 8000012a     078a r 0f         00000014  c.slli   x15, 2
#761 0 8000012c     17c1 r 0f         00000004  c.addi   x15, -0x10
#762 0 8000012e     97a2 r 0f         f0041004  c.add    x15, x8
#763 0 80000130 fbc7a783 r 0f         00000059  lw       x15, -0x44(x15)
#764 0 80000134 fef42223 m f0040fe4   00000059  sw       x15, -0x1c(x8)
#765 0 80000138 fec42783 r 0f         00000006  lw       x15, -0x14(x8)
#766 0 8000013c fff78693 r 0d         00000005  addi     x13, x15, -0x1
#767 0 80000140 fec42783 r 0f         00000006  lw       x15, -0x14(x8)
#768 0 80000144     078a r 0f         00000018  c.slli   x15, 2
#769 0 80000146     17c1 r 0f         00000008  c.addi   x15, -0x10
#770 0 80000148     97a2 r 0f         f0041008  c.add    x15, x8
#771 0 8000014a fbc7a703 r 0e         00000058  lw       x14, -0x44(x15)
#772 0 8000014e 00269793 r 0f         00000014  slli     x15, x13, 0x2
#773 0 80000152     17c1 r 0f         00000004  c.addi   x15, -0x10
#774 0 80000154     97a2 r 0f         f0041004  c.add    x15, x8
#775 0 80000156 fae7ae23 m f0040fc0   00000058  sw       x14, -0x44(x15)
#776 0 8000015a fec42783 r 0f         00000006  lw       x15, -0x14(x8)
#777 0 8000015e     078a r 0f         00000018  c.slli   x15, 2
#778 0 80000160     17c1 r 0f         00000008  c.addi   x15, -0x10
#779 0 80000162     97a2 r 0f         f0041008  c.add    x15, x8
#780 0 80000164 fe442703 r 0e         00000059  lw       x14, -0x1c(x8)
#781 0 80000168 fae7ae23 m f0040fc4   00000059  sw       x14, -0x44(x15)
#782 0 8000016c fec42783 r 0f         00000006  lw       x15, -0x14(x8)
#783 0 80000170     17fd r 0f         00000005  c.addi   x15, -0x1
#784 0 80000172 fef42623 m f0040fec   00000005  sw       x15, -0x14(x8)
#785 0 80000176 fec42703 r 0e         00000005  lw       x14, -0x14(x8)
#786 0 8000017a fe842783 r 0f         0000000d  lw       x15, -0x18(x8)
#787 0 8000017e f6f749e3 r 00         00000000  blt      x14, x15, . - 0x8e
#788 0 800000f0 fec42783 r 0f         00000005  lw       x15, -0x14(x8)
#789 0 800000f4     c395 r 00         00000000  c.beqz   x15, . + 0x24
#790 0 800000f6 fec42783 r 0f         00000005  lw       x15, -0x14(x8)
#791 0 800000fa     17fd r 0f         00000004  c.addi   x15, -0x1
#792 0 800000fc     078a r 0f         00000010  c.slli   x15, 2
#793 0 800000fe     17c1 r 0f         00000000  c.addi   x15, -0x10
#794 0 80000100     97a2 r 0f         f0041000  c.add    x15, x8
#795 0 80000102 fbc7a703 r 0e         00000043  lw       x14, -0x44(x15)
#796 0 80000106 fec42783 r 0f         00000005  lw       x15, -0x14(x8)
#797 0 8000010a     078a r 0f         00000014  c.slli   x15, 2
#798 0 8000010c     17c1 r 0f         00000004  c.addi   x15, -0x10
#799 0 8000010e     97a2 r 0f         f0041004  c.add    x15, x8
#800 0 80000110 fbc7a783 r 0f         00000058  lw       x15, -0x44(x15)
#801 0 80000114 00e7c863 r 00         00000000  blt      x15, x14, . + 0x10
#802 0 80000118 fec42783 r 0f         00000005  lw       x15, -0x14(x8)
#803 0 8000011c     0785 r 0f         00000006  c.addi   x15, 0x1
#804 0 8000011e fef42623 m f0040fec   00000006  sw       x15, -0x14(x8)
#805 0 80000122     a891 r 00         00000000  c.j      . + 0x54
#806 0 80000176 fec42703 r 0e         00000006  lw       x14, -0x14(x8)
#807 0 8000017a fe842783 r 0f         0000000d  lw       x15, -0x18(x8)
#808 0 8000017e f6f749e3 r 00         00000000  blt      x14, x15, . - 0x8e
#809 0 800000f0 fec42783 r 0f         00000006  lw       x15, -0x14(x8)
#810 0 800000f4     c395 r 00         00000000  c.beqz   x15, . + 0x24
#811 0 800000f6 fec42783 r 0f         00000006  lw       x15, -0x14(x8)
#812 0 800000fa     17fd r 0f         00000005  c.addi   x15, -0x1
#813 0 800000fc     078a r 0f         00000014  c.slli   x15, 2
#814 0 800000fe     17c1 r 0f         00000004  c.addi   x15, -0x10
#815 0 80000100     97a2 r 0f         f0041004  c.add    x15, x8
#816 0 80000102 fbc7a703 r 0e         00000058  lw       x14, -0x44(x15)
#817 0 80000106 fec42783 r 0f         00000006  lw       x15, -0x14(x8)
#818 0 8000010a     078a r 0f         00000018  c.slli   x15, 2
#819 0 8000010c     17c1 r 0f         00000008  c.addi   x15, -0x10
#820 0 8000010e     97a2 r 0f         f0041008  c.add    x15, x8
#821 0 80000110 fbc7a783 r 0f         00000059  lw       x15, -0x44(x15)
#822 0 80000114 00e7c863 r 00         00000000  blt      x15, x14, . + 0x10
#823 0 80000118 fec42783 r 0f         00000006  lw       x15, -0x14(x8)
#824 0 8000011c     0785 r 0f         00000007  c.addi   x15, 0x1
#825 0 8000011e fef42623 m f0040fec   00000007  sw       x15, -0x14(x8)
#826 0 80000122     a891 r 00         00000000  c.j      . + 0x54
#827 0 80000176 fec42703 r 0e         00000007  lw       x14, -0x14(x8)
#828 0 8000017a fe842783 r 0f         0000000d  lw       x15, -0x18(x8)
#829 0 8000017e f6f749e3 r 00         00000000  blt      x14, x15, . - 0x8e
#830 0 800000f0 fec42783 r 0f         00000007  lw       x15, -0x14(x8)
#831 0 800000f4     c395 r 00         00000000  c.beqz   x15, . + 0x24
#832 0 800000f6 fec42783 r 0f         00000007  lw       x15, -0x14(x8)
#833 0 800000fa     17fd r 0f         00000006  c.addi   x15, -0x1
#834 0 800000fc     078a r 0f         00000018  c.slli   x15, 2
#835 0 800000fe     17c1 r 0f         00000008  c.addi   x15, -0x10
#836 0 80000100     97a2 r 0f         f0041008  c.add    x15, x8
#837 0 80000102 fbc7a703 r 0e         00000059  lw       x14, -0x44(x15)
#838 0 80000106 fec42783 r 0f         00000007  lw       x15, -0x14(x8)
#839 0 8000010a     078a r 0f         0000001c  c.slli   x15, 2
#840 0 8000010c     17c1 r 0f         0000000c  c.addi   x15, -0x10
#841 0 8000010e     97a2 r 0f         f004100c  c.add    x15, x8
#842 0 80000110 fbc7a783 r 0f         0000000b  lw       x15, -0x44(x15)
#843 0 80000114 00e7c863 r 00         00000000  blt      x15, x14, . + 0x10
#844 0 80000124 fec42783 r 0f         00000007  lw       x15, -0x14(x8)
#845 0 80000128     17fd r 0f         00000006  c.addi   x15, -0x1
#846 0 8000012a     078a r 0f         00000018  c.slli   x15, 2
#847 0 8000012c     17c1 r 0f         00000008  c.addi   x15, -0x10
#848 0 8000012e     97a2 r 0f         f0041008  c.add    x15, x8
#849 0 80000130 fbc7a783 r 0f         00000059  lw       x15, -0x44(x15)
#850 0 80000134 fef42223 m f0040fe4   00000059  sw       x15, -0x1c(x8)
#851 0 80000138 fec42783 r 0f         00000007  lw       x15, -0x14(x8)
#852 0 8000013c fff78693 r 0d         00000006  addi     x13, x15, -0x1
#853 0 80000140 fec42783 r 0f         00000007  lw       x15, -0x14(x8)
#854 0 80000144     078a r 0f         0000001c  c.slli   x15, 2
#855 0 80000146     17c1 r 0f         0000000c  c.addi   x15, -0x10
#856 0 80000148     97a2 r 0f         f004100c  c.add    x15, x8
#857 0 8000014a fbc7a703 r 0e         0000000b  lw       x14, -0x44(x15)
#858 0 8000014e 00269793 r 0f         00000018  slli     x15, x13, 0x2
#859 0 80000152     17c1 r 0f         00000008  c.addi   x15, -0x10
#860 0 80000154     97a2 r 0f         f0041008  c.add    x15, x8
#861 0 80000156 fae7ae23 m f0040fc4   0000000b  sw       x14, -0x44(x15)
#862 0 8000015a fec42783 r 0f         00000007  lw       x15, -0x14(x8)
#863 0 8000015e     078a r 0f         0000001c  c.slli   x15, 2
#864 0 80000160     17c1 r 0f         0000000c  c.addi   x15, -0x10
#865 0 80000162     97a2 r 0f         f004100c  c.add    x15, x8
#866 0 80000164 fe442703 r 0e         00000059  lw       x14, -0x1c(x8)
#867 0 80000168 fae7ae23 m f0040fc8   00000059  sw       x14, -0x44(x15)
#868 0 8000016c fec42783 r 0f         00000007  lw       x15, -0x14(x8)
#869 0 80000170     17fd r 0f         00000006  c.addi   x15, -0x1
#870 0 80000172 fef42623 m f0040fec   00000006  sw       x15, -0x14(x8)
#871 0 80000176 fec42703 r 0e         00000006  lw       x14, -0x14(x8)
#872 0 8000017a fe842783 r 0f         0000000d  lw       x15, -0x18(x8)
#873 0 8000017e f6f749e3 r 00         00000000  blt      x14, x15, . - 0x8e
#874 0 800000f0 fec42783 r 0f         00000006  lw       x15, -0x14(x8)
#875 0 800000f4     c395 r 00         00000000  c.beqz   x15, . + 0x24
#876 0 800000f6 fec42783 r 0f         00000006  lw       x15, -0x14(x8)
#877 0 800000fa     17fd r 0f         00000005  c.addi   x15, -0x1
#878 0 800000fc     078a r 0f         00000014  c.slli   x15, 2
#879 0 800000fe     17c1 r 0f         00000004  c.addi   x15, -0x10
#880 0 80000100     97a2 r 0f         f0041004  c.add    x15, x8
#881 0 80000102 fbc7a703 r 0e         00000058  lw       x14, -0x44(x15)
#882 0 80000106 fec42783 r 0f         00000006  lw       x15, -0x14(x8)
#883 0 8000010a     078a r 0f         00000018  c.slli   x15, 2
#884 0 8000010c     17c1 r 0f         00000008  c.addi   x15, -0x10
#885 0 8000010e     97a2 r 0f         f0041008  c.add    x15, x8
#886 0 80000110 fbc7a783 r 0f         0000000b  lw       x15, -0x44(x15)
#887 0 80000114 00e7c863 r 00         00000000  blt      x15, x14, . + 0x10
#888 0 80000124 fec42783 r 0f         00000006  lw       x15, -0x14(x8)
#889 0 80000128     17fd r 0f         00000005  c.addi   x15, -0x1
#890 0 8000012a     078a r 0f         00000014  c.slli   x15, 2
#891 0 8000012c     17c1 r 0f         00000004  c.addi   x15, -0x10
#892 0 8000012e     97a2 r 0f         f0041004  c.add    x15, x8
#893 0 80000130 fbc7a783 r 0f         00000058  lw       x15, -0x44(x15)
#894 0 80000134 fef42223 m f0040fe4   00000058  sw       x15, -0x1c(x8)
#895 0 80000138 fec42783 r 0f         00000006  lw       x15, -0x14(x8)
#896 0 8000013c fff78693 r 0d         00000005  addi     x13, x15, -0x1
#897 0 80000140 fec42783 r 0f         00000006  lw       x15, -0x14(x8)
#898 0 80000144     078a r 0f         00000018  c.slli   x15, 2
#899 0 80000146     17c1 r 0f         00000008  c.addi   x15, -0x10
#900 0 80000148     97a2 r 0f         f0041008  c.add    x15, x8
#901 0 8000014a fbc7a703 r 0e         0000000b  lw       x14, -0x44(x15)
#902 0 8000014e 00269793 r 0f         00000014  slli     x15, x13, 0x2
#903 0 80000152     17c1 r 0f         00000004  c.addi   x15, -0x10
#904 0 80000154     97a2 r 0f         f0041004  c.add    x15, x8
#905 0 80000156 fae7ae23 m f0040fc0   0000000b  sw       x14, -0x44(x15)
#906 0 8000015a fec42783 r 0f         00000006  lw       x15, -0x14(x8)
#907 0 8000015e     078a r 0f         00000018  c.slli   x15, 2
#908 0 80000160     17c1 r 0f         00000008  c.addi   x15, -0x10
#909 0 80000162     97a2 r 0f         f0041008  c.add    x15, x8
#910 0 80000164 fe442703 r 0e         00000058  lw       x14, -0x1c(x8)
#911 0 80000168 fae7ae23 m f0040fc4   00000058  sw       x14, -0x44(x15)
#912 0 8000016c fec42783 r 0f         00000006  lw       x15, -0x14(x8)
#913 0 80000170     17fd r 0f         00000005  c.addi   x15, -0x1
#914 0 80000172 fef42623 m f0040fec   00000005  sw       x15, -0x14(x8)
#915 0 80000176 fec42703 r 0e         00000005  lw       x14, -0x14(x8)
#916 0 8000017a fe842783 r 0f         0000000d  lw       x15, -0x18(x8)
#917 0 8000017e f6f749e3 r 00         00000000  blt      x14, x15, . - 0x8e
#918 0 800000f0 fec42783 r 0f         00000005  lw       x15, -0x14(x8)
#919 0 800000f4     c395 r 00         00000000  c.beqz   x15, . + 0x24
#920 0 800000f6 fec42783 r 0f         00000005  lw       x15, -0x14(x8)
#921 0 800000fa     17fd r 0f         00000004  c.addi   x15, -0x1
#922 0 800000fc     078a r 0f         00000010  c.slli   x15, 2
#923 0 800000fe     17c1 r 0f         00000000  c.addi   x15, -0x10
#924 0 80000100     97a2 r 0f         f0041000  c.add    x15, x8
#925 0 80000102 fbc7a703 r 0e         00000043  lw       x14, -0x44(x15)
#926 0 80000106 fec42783 r 0f         00000005  lw       x15, -0x14(x8)
#927 0 8000010a     078a r 0f         00000014  c.slli   x15, 2
#928 0 8000010c     17c1 r 0f         00000004  c.addi   x15, -0x10
#929 0 8000010e     97a2 r 0f         f0041004  c.add    x15, x8
#930 0 80000110 fbc7a783 r 0f         0000000b  lw       x15, -0x44(x15)
#931 0 80000114 00e7c863 r 00         00000000  blt      x15, x14, . + 0x10
#932 0 80000124 fec42783 r 0f         00000005  lw       x15, -0x14(x8)
#933 0 80000128     17fd r 0f         00000004  c.addi   x15, -0x1
#934 0 8000012a     078a r 0f         00000010  c.slli   x15, 2
#935 0 8000012c     17c1 r 0f         00000000  c.addi   x15, -0x10
#936 0 8000012e     97a2 r 0f         f0041000  c.add    x15, x8
#937 0 80000130 fbc7a783 r 0f         00000043  lw       x15, -0x44(x15)
#938 0 80000134 fef42223 m f0040fe4   00000043  sw       x15, -0x1c(x8)
#939 0 80000138 fec42783 r 0f         00000005  lw       x15, -0x14(x8)
#940 0 8000013c fff78693 r 0d         00000004  addi     x13, x15, -0x1
#941 0 80000140 fec42783 r 0f         00000005  lw       x15, -0x14(x8)
#942 0 80000144     078a r 0f         00000014  c.slli   x15, 2
#943 0 80000146     17c1 r 0f         00000004  c.addi   x15, -0x10
#944 0 80000148     97a2 r 0f         f0041004  c.add    x15, x8
#945 0 8000014a fbc7a703 r 0e         0000000b  lw       x14, -0x44(x15)
#946 0 8000014e 00269793 r 0f         00000010  slli     x15, x13, 0x2
#947 0 80000152     17c1 r 0f         00000000  c.addi   x15, -0x10
#948 0 80000154     97a2 r 0f         f0041000  c.add    x15, x8
#949 0 80000156 fae7ae23 m f0040fbc   0000000b  sw       x14, -0x44(x15)
#950 0 8000015a fec42783 r 0f         00000005  lw       x15, -0x14(x8)
#951 0 8000015e     078a r 0f         00000014  c.slli   x15, 2
#952 0 80000160     17c1 r 0f         00000004  c.addi   x15, -0x10
#953 0 80000162     97a2 r 0f         f0041004  c.add    x15, x8
#954 0 80000164 fe442703 r 0e         00000043  lw       x14, -0x1c(x8)
#955 0 80000168 fae7ae23 m f0040fc0   00000043  sw       x14, -0x44(x15)
#956 0 8000016c fec42783 r 0f         00000005  lw       x15, -0x14(x8)
#957 0 80000170     17fd r 0f         00000004  c.addi   x15, -0x1
#958 0 80000172 fef42623 m f0040fec   00000004  sw       x15, -0x14(x8)
#959 0 80000176 fec42703 r 0e         00000004  lw       x14, -0x14(x8)
#960 0 8000017a fe842783 r 0f         0000000d  lw       x15, -0x18(x8)
#961 0 8000017e f6f749e3 r 00         00000000  blt      x14, x15, . - 0x8e
#962 0 800000f0 fec42783 r 0f         00000004  lw       x15, -0x14(x8)
#963 0 800000f4     c395 r 00         00000000  c.beqz   x15, . + 0x24
#964 0 800000f6 fec42783 r 0f         00000004  lw       x15, -0x14(x8)
#965 0 800000fa     17fd r 0f         00000003  c.addi   x15, -0x1
#966 0 800000fc     078a r 0f         0000000c  c.slli   x15, 2
#967 0 800000fe     17c1 r 0f         fffffffc  c.addi   x15, -0x10
#968 0 80000100     97a2 r 0f         f0040ffc  c.add    x15, x8
#969 0 80000102 fbc7a703 r 0e         0000002d  lw       x14, -0x44(x15)
#970 0 80000106 fec42783 r 0f         00000004  lw       x15, -0x14(x8)
#971 0 8000010a     078a r 0f         00000010  c.slli   x15, 2
#972 0 8000010c     17c1 r 0f         00000000  c.addi   x15, -0x10
#973 0 8000010e     97a2 r 0f         f0041000  c.add    x15, x8
#974 0 80000110 fbc7a783 r 0f         0000000b  lw       x15, -0x44(x15)
#975 0 80000114 00e7c863 r 00         00000000  blt      x15, x14, . + 0x10
#976 0 80000124 fec42783 r 0f         00000004  lw       x15, -0x14(x8)
#977 0 80000128     17fd r 0f         00000003  c.addi   x15, -0x1
#978 0 8000012a     078a r 0f         0000000c  c.slli   x15, 2
#979 0 8000012c     17c1 r 0f         fffffffc  c.addi   x15, -0x10
#980 0 8000012e     97a2 r 0f         f0040ffc  c.add    x15, x8
#981 0 80000130 fbc7a783 r 0f         0000002d  lw       x15, -0x44(x15)
#982 0 80000134 fef42223 m f0040fe4   0000002d  sw       x15, -0x1c(x8)
#983 0 80000138 fec42783 r 0f         00000004  lw       x15, -0x14(x8)
#984 0 8000013c fff78693 r 0d         00000003  addi     x13, x15, -0x1
#985 0 80000140 fec42783 r 0f         00000004  lw       x15, -0x14(x8)
#986 0 80000144     078a r 0f         00000010  c.slli   x15, 2
#987 0 80000146     17c1 r 0f         00000000  c.addi   x15, -0x10
#988 0 80000148     97a2 r 0f         f0041000  c.add    x15, x8
#989 0 8000014a fbc7a703 r 0e         0000000b  lw       x14, -0x44(x15)
#990 0 8000014e 00269793 r 0f         0000000c  slli     x15, x13, 0x2
#991 0 80000152     17c1 r 0f         fffffffc  c.addi   x15, -0x10
#992 0 80000154     97a2 r 0f         f0040ffc  c.add    x15, x8
#993 0 80000156 fae7ae23 m f0040fb8   0000000b  sw       x14, -0x44(x15)
#994 0 8000015a fec42783 r 0f         00000004  lw       x15, -0x14(x8)
#995 0 8000015e     078a r 0f         00000010  c.slli   x15, 2
#996 0 80000160     17c1 r 0f         00000000  c.addi   x15, -0x10
#997 0 80000162     97a2 r 0f         f0041000  c.add    x15, x8
#998 0 80000164 fe442703 r 0e         0000002d  lw       x14, -0x1c(x8)
#999 0 80000168 fae7ae23 m f0040fbc   0000002d  sw       x14, -0x44(x15)
#1000 0 8000016c fec42783 r 0f         00000004  lw       x15, -0x14(x8)
#1001 0 80000170     17fd r 0f         00000003  c.addi   x15, -0x1
#1002 0 80000172 fef42623 m f0040fec   00000003  sw       x15, -0x14(x8)
#1003 0 80000176 fec42703 r 0e         00000003  lw       x14, -0x14(x8)
#1004 0 8000017a fe842783 r 0f         0000000d  lw       x15, -0x18(x8)
#1005 0 8000017e f6f749e3 r 00         00000000  blt      x14, x15, . - 0x8e
#1006 0 800000f0 fec42783 r 0f         00000003  lw       x15, -0x14(x8)
#1007 0 800000f4     c395 r 00         00000000  c.beqz   x15, . + 0x24
#1008 0 800000f6 fec42783 r 0f         00000003  lw       x15, -0x14(x8)
#1009 0 800000fa     17fd r 0f         00000002  c.addi   x15, -0x1
#1010 0 800000fc     078a r 0f         00000008  c.slli   x15, 2
#1011 0 800000fe     17c1 r 0f         fffffff8  c.addi   x15, -0x10
#1012 0 80000100     97a2 r 0f         f0040ff8  c.add    x15, x8
#1013 0 80000102 fbc7a703 r 0e         0000002c  lw       x14, -0x44(x15)
#1014 0 80000106 fec42783 r 0f         00000003  lw       x15, -0x14(x8)
#1015 0 8000010a     078a r 0f         0000000c  c.slli   x15, 2
#1016 0 8000010c     17c1 r 0f         fffffffc  c.addi   x15, -0x10
#1017 0 8000010e     97a2 r 0f         f0040ffc  c.add    x15, x8
#1018 0 80000110 fbc7a783 r 0f         0000000b  lw       x15, -0x44(x15)
#1019 0 80000114 00e7c863 r 00         00000000  blt      x15, x14, . + 0x10
#1020 0 80000124 fec42783 r 0f         00000003  lw       x15, -0x14(x8)
#1021 0 80000128     17fd r 0f         00000002  c.addi   x15, -0x1
#1022 0 8000012a     078a r 0f         00000008  c.slli   x15, 2
#1023 0 8000012c     17c1 r 0f         fffffff8  c.addi   x15, -0x10
#1024 0 8000012e     97a2 r 0f         f0040ff8  c.add    x15, x8
#1025 0 80000130 fbc7a783 r 0f         0000002c  lw       x15, -0x44(x15)
#1026 0 80000134 fef42223 m f0040fe4   0000002c  sw       x15, -0x1c(x8)
#1027 0 80000138 fec42783 r 0f         00000003  lw       x15, -0x14(x8)
#1028 0 8000013c fff78693 r 0d         00000002  addi     x13, x15, -0x1
#1029 0 80000140 fec42783 r 0f         00000003  lw       x15, -0x14(x8)
#1030 0 80000144     078a r 0f         0000000c  c.slli   x15, 2
#1031 0 80000146     17c1 r 0f         fffffffc  c.addi   x15, -0x10
#1032 0 80000148     97a2 r 0f         f0040ffc  c.add    x15, x8
#1033 0 8000014a fbc7a703 r 0e         0000000b  lw       x14, -0x44(x15)
#1034 0 8000014e 00269793 r 0f         00000008  slli     x15, x13, 0x2
#1035 0 80000152     17c1 r 0f         fffffff8  c.addi   x15, -0x10
#1036 0 80000154     97a2 r 0f         f0040ff8  c.add    x15, x8
#1037 0 80000156 fae7ae23 m f0040fb4   0000000b  sw       x14, -0x44(x15)
#1038 0 8000015a fec42783 r 0f         00000003  lw       x15, -0x14(x8)
#1039 0 8000015e     078a r 0f         0000000c  c.slli   x15, 2
#1040 0 80000160     17c1 r 0f         fffffffc  c.addi   x15, -0x10
#1041 0 80000162     97a2 r 0f         f0040ffc  c.add    x15, x8
#1042 0 80000164 fe442703 r 0e         0000002c  lw       x14, -0x1c(x8)
#1043 0 80000168 fae7ae23 m f0040fb8   0000002c  sw       x14, -0x44(x15)
#1044 0 8000016c fec42783 r 0f         00000003  lw       x15, -0x14(x8)
#1045 0 80000170     17fd r 0f         00000002  c.addi   x15, -0x1
#1046 0 80000172 fef42623 m f0040fec   00000002  sw       x15, -0x14(x8)
#1047 0 80000176 fec42703 r 0e         00000002  lw       x14, -0x14(x8)
#1048 0 8000017a fe842783 r 0f         0000000d  lw       x15, -0x18(x8)
#1049 0 8000017e f6f749e3 r 00         00000000  blt      x14, x15, . - 0x8e
#1050 0 800000f0 fec42783 r 0f         00000002  lw       x15, -0x14(x8)
#1051 0 800000f4     c395 r 00         00000000  c.beqz   x15, . + 0x24
#1052 0 800000f6 fec42783 r 0f         00000002  lw       x15, -0x14(x8)
#1053 0 800000fa     17fd r 0f         00000001  c.addi   x15, -0x1
#1054 0 800000fc     078a r 0f         00000004  c.slli   x15, 2
#1055 0 800000fe     17c1 r 0f         fffffff4  c.addi   x15, -0x10
#1056 0 80000100     97a2 r 0f         f0040ff4  c.add    x15, x8
#1057 0 80000102 fbc7a703 r 0e         00000017  lw       x14, -0x44(x15)
#1058 0 80000106 fec42783 r 0f         00000002  lw       x15, -0x14(x8)
#1059 0 8000010a     078a r 0f         00000008  c.slli   x15, 2
#1060 0 8000010c     17c1 r 0f         fffffff8  c.addi   x15, -0x10
#1061 0 8000010e     97a2 r 0f         f0040ff8  c.add    x15, x8
#1062 0 80000110 fbc7a783 r 0f         0000000b  lw       x15, -0x44(x15)
#1063 0 80000114 00e7c863 r 00         00000000  blt      x15, x14, . + 0x10
#1064 0 80000124 fec42783 r 0f         00000002  lw       x15, -0x14(x8)
#1065 0 80000128     17fd r 0f         00000001  c.addi   x15, -0x1
#1066 0 8000012a     078a r 0f         00000004  c.slli   x15, 2
#1067 0 8000012c     17c1 r 0f         fffffff4  c.addi   x15, -0x10
#1068 0 8000012e     97a2 r 0f         f0040ff4  c.add    x15, x8
#1069 0 80000130 fbc7a783 r 0f         00000017  lw       x15, -0x44(x15)
#1070 0 80000134 fef42223 m f0040fe4   00000017  sw       x15, -0x1c(x8)
#1071 0 80000138 fec42783 r 0f         00000002  lw       x15, -0x14(x8)
#1072 0 8000013c fff78693 r 0d         00000001  addi     x13, x15, -0x1
#1073 0 80000140 fec42783 r 0f         00000002  lw       x15, -0x14(x8)
#1074 0 80000144     078a r 0f         00000008  c.slli   x15, 2
#1075 0 80000146     17c1 r 0f         fffffff8  c.addi   x15, -0x10
#1076 0 80000148     97a2 r 0f         f0040ff8  c.add    x15, x8
#1077 0 8000014a fbc7a703 r 0e         0000000b  lw       x14, -0x44(x15)
#1078 0 8000014e 00269793 r 0f         00000004  slli     x15, x13, 0x2
#1079 0 80000152     17c1 r 0f         fffffff4  c.addi   x15, -0x10
#1080 0 80000154     97a2 r 0f         f0040ff4  c.add    x15, x8
#1081 0 80000156 fae7ae23 m f0040fb0   0000000b  sw       x14, -0x44(x15)
#1082 0 8000015a fec42783 r 0f         00000002  lw       x15, -0x14(x8)
#1083 0 8000015e     078a r 0f         00000008  c.slli   x15, 2
#1084 0 80000160     17c1 r 0f         fffffff8  c.addi   x15, -0x10
#1085 0 80000162     97a2 r 0f         f0040ff8  c.add    x15, x8
#1086 0 80000164 fe442703 r 0e         00000017  lw       x14, -0x1c(x8)
#1087 0 80000168 fae7ae23 m f0040fb4   00000017  sw       x14, -0x44(x15)
#1088 0 8000016c fec42783 r 0f         00000002  lw       x15, -0x14(x8)
#1089 0 80000170     17fd r 0f         00000001  c.addi   x15, -0x1
#1090 0 80000172 fef42623 m f0040fec   00000001  sw       x15, -0x14(x8)
#1091 0 80000176 fec42703 r 0e         00000001  lw       x14, -0x14(x8)
#1092 0 8000017a fe842783 r 0f         0000000d  lw       x15, -0x18(x8)
#1093 0 8000017e f6f749e3 r 00         00000000  blt      x14, x15, . - 0x8e
#1094 0 800000f0 fec42783 r 0f         00000001  lw       x15, -0x14(x8)
#1095 0 800000f4     c395 r 00         00000000  c.beqz   x15, . + 0x24
#1096 0 800000f6 fec42783 r 0f         00000001  lw       x15, -0x14(x8)
#1097 0 800000fa     17fd r 0f         00000000  c.addi   x15, -0x1
#1098 0 800000fc     078a r 0f         00000000  c.slli   x15, 2
#1099 0 800000fe     17c1 r 0f         fffffff0  c.addi   x15, -0x10
#1100 0 80000100     97a2 r 0f         f0040ff0  c.add    x15, x8
#1101 0 80000102 fbc7a703 r 0e         0000000c  lw       x14, -0x44(x15)
#1102 0 80000106 fec42783 r 0f         00000001  lw       x15, -0x14(x8)
#1103 0 8000010a     078a r 0f         00000004  c.slli   x15, 2
#1104 0 8000010c     17c1 r 0f         fffffff4  c.addi   x15, -0x10
#1105 0 8000010e     97a2 r 0f         f0040ff4  c.add    x15, x8
#1106 0 80000110 fbc7a783 r 0f         0000000b  lw       x15, -0x44(x15)
#1107 0 80000114 00e7c863 r 00         00000000  blt      x15, x14, . + 0x10
#1108 0 80000124 fec42783 r 0f         00000001  lw       x15, -0x14(x8)
#1109 0 80000128     17fd r 0f         00000000  c.addi   x15, -0x1
#1110 0 8000012a     078a r 0f         00000000  c.slli   x15, 2
#1111 0 8000012c     17c1 r 0f         fffffff0  c.addi   x15, -0x10
#1112 0 8000012e     97a2 r 0f         f0040ff0  c.add    x15, x8
#1113 0 80000130 fbc7a783 r 0f         0000000c  lw       x15, -0x44(x15)
#1114 0 80000134 fef42223 m f0040fe4   0000000c  sw       x15, -0x1c(x8)
#1115 0 80000138 fec42783 r 0f         00000001  lw       x15, -0x14(x8)
#1116 0 8000013c fff78693 r 0d         00000000  addi     x13, x15, -0x1
#1117 0 80000140 fec42783 r 0f         00000001  lw       x15, -0x14(x8)
#1118 0 80000144     078a r 0f         00000004  c.slli   x15, 2
#1119 0 80000146     17c1 r 0f         fffffff4  c.addi   x15, -0x10
#1120 0 80000148     97a2 r 0f         f0040ff4  c.add    x15, x8
#1121 0 8000014a fbc7a703 r 0e         0000000b  lw       x14, -0x44(x15)
#1122 0 8000014e 00269793 r 0f         00000000  slli     x15, x13, 0x2
#1123 0 80000152     17c1 r 0f         fffffff0  c.addi   x15, -0x10
#1124 0 80000154     97a2 r 0f         f0040ff0  c.add    x15, x8
#1125 0 80000156 fae7ae23 m f0040fac   0000000b  sw       x14, -0x44(x15)
#1126 0 8000015a fec42783 r 0f         00000001  lw       x15, -0x14(x8)
#1127 0 8000015e     078a r 0f         00000004  c.slli   x15, 2
#1128 0 80000160     17c1 r 0f         fffffff4  c.addi   x15, -0x10
#1129 0 80000162     97a2 r 0f         f0040ff4  c.add    x15, x8
#1130 0 80000164 fe442703 r 0e         0000000c  lw       x14, -0x1c(x8)
#1131 0 80000168 fae7ae23 m f0040fb0   0000000c  sw       x14, -0x44(x15)
#1132 0 8000016c fec42783 r 0f         00000001  lw       x15, -0x14(x8)
#1133 0 80000170     17fd r 0f         00000000  c.addi   x15, -0x1
#1134 0 80000172 fef42623 m f0040fec   00000000  sw       x15, -0x14(x8)
#1135 0 80000176 fec42703 r 0e         00000000  lw       x14, -0x14(x8)
#1136 0 8000017a fe842783 r 0f         0000000d  lw       x15, -0x18(x8)
#1137 0 8000017e f6f749e3 r 00         00000000  blt      x14, x15, . - 0x8e
#1138 0 800000f0 fec42783 r 0f         00000000  lw       x15, -0x14(x8)
#1139 0 800000f4     c395 r 00         00000000  c.beqz   x15, . + 0x24
#1140 0 80000118 fec42783 r 0f         00000000  lw       x15, -0x14(x8)
#1141 0 8000011c     0785 r 0f         00000001  c.addi   x15, 0x1
#1142 0 8000011e fef42623 m f0040fec   00000001  sw       x15, -0x14(x8)
#1143 0 80000122     a891 r 00         00000000  c.j      . + 0x54
#1144 0 80000176 fec42703 r 0e         00000001  lw       x14, -0x14(x8)
#1145 0 8000017a fe842783 r 0f         0000000d  lw       x15, -0x18(x8)
#1146 0 8000017e f6f749e3 r 00         00000000  blt      x14, x15, . - 0x8e
#1147 0 800000f0 fec42783 r 0f         00000001  lw       x15, -0x14(x8)
#1148 0 800000f4     c395 r 00         00000000  c.beqz   x15, . + 0x24
#1149 0 800000f6 fec42783 r 0f         00000001  lw       x15, -0x14(x8)
#1150 0 800000fa     17fd r 0f         00000000  c.addi   x15, -0x1
#1151 0 800000fc     078a r 0f         00000000  c.slli   x15, 2
#1152 0 800000fe     17c1 r 0f         fffffff0  c.addi   x15, -0x10
#1153 0 80000100     97a2 r 0f         f0040ff0  c.add    x15, x8
#1154 0 80000102 fbc7a703 r 0e         0000000b  lw       x14, -0x44(x15)
#1155 0 80000106 fec42783 r 0f         00000001  lw       x15, -0x14(x8)
#1156 0 8000010a     078a r 0f         00000004  c.slli   x15, 2
#1157 0 8000010c     17c1 r 0f         fffffff4  c.addi   x15, -0x10
#1158 0 8000010e     97a2 r 0f         f0040ff4  c.add    x15, x8
#1159 0 80000110 fbc7a783 r 0f         0000000c  lw       x15, -0x44(x15)
#1160 0 80000114 00e7c863 r 00         00000000  blt      x15, x14, . + 0x10
#1161 0 80000118 fec42783 r 0f         00000001  lw       x15, -0x14(x8)
#1162 0 8000011c     0785 r 0f         00000002  c.addi   x15, 0x1
#1163 0 8000011e fef42623 m f0040fec   00000002  sw       x15, -0x14(x8)
#1164 0 80000122     a891 r 00         00000000  c.j      . + 0x54
#1165 0 80000176 fec42703 r 0e         00000002  lw       x14, -0x14(x8)
#1166 0 8000017a fe842783 r 0f         0000000d  lw       x15, -0x18(x8)
#1167 0 8000017e f6f749e3 r 00         00000000  blt      x14, x15, . - 0x8e
#1168 0 800000f0 fec42783 r 0f         00000002  lw       x15, -0x14(x8)
#1169 0 800000f4     c395 r 00         00000000  c.beqz   x15, . + 0x24
#1170 0 800000f6 fec42783 r 0f         00000002  lw       x15, -0x14(x8)
#1171 0 800000fa     17fd r 0f         00000001  c.addi   x15, -0x1
#1172 0 800000fc     078a r 0f         00000004  c.slli   x15, 2
#1173 0 800000fe     17c1 r 0f         fffffff4  c.addi   x15, -0x10
#1174 0 80000100     97a2 r 0f         f0040ff4  c.add    x15, x8
#1175 0 80000102 fbc7a703 r 0e         0000000c  lw       x14, -0x44(x15)
#1176 0 80000106 fec42783 r 0f         00000002  lw       x15, -0x14(x8)
#1177 0 8000010a     078a r 0f         00000008  c.slli   x15, 2
#1178 0 8000010c     17c1 r 0f         fffffff8  c.addi   x15, -0x10
#1179 0 8000010e     97a2 r 0f         f0040ff8  c.add    x15, x8
#1180 0 80000110 fbc7a783 r 0f         00000017  lw       x15, -0x44(x15)
#1181 0 80000114 00e7c863 r 00         00000000  blt      x15, x14, . + 0x10
#1182 0 80000118 fec42783 r 0f         00000002  lw       x15, -0x14(x8)
#1183 0 8000011c     0785 r 0f         00000003  c.addi   x15, 0x1
#1184 0 8000011e fef42623 m f0040fec   00000003  sw       x15, -0x14(x8)
#1185 0 80000122     a891 r 00         00000000  c.j      . + 0x54
#1186 0 80000176 fec42703 r 0e         00000003  lw       x14, -0x14(x8)
#1187 0 8000017a fe842783 r 0f         0000000d  lw       x15, -0x18(x8)
#1188 0 8000017e f6f749e3 r 00         00000000  blt      x14, x15, . - 0x8e
#1189 0 800000f0 fec42783 r 0f         00000003  lw       x15, -0x14(x8)
#1190 0 800000f4     c395 r 00         00000000  c.beqz   x15, . + 0x24
#1191 0 800000f6 fec42783 r 0f         00000003  lw       x15, -0x14(x8)
#1192 0 800000fa     17fd r 0f         00000002  c.addi   x15, -0x1
#1193 0 800000fc     078a r 0f         00000008  c.slli   x15, 2
#1194 0 800000fe     17c1 r 0f         fffffff8  c.addi   x15, -0x10
#1195 0 80000100     97a2 r 0f         f0040ff8  c.add    x15, x8
#1196 0 80000102 fbc7a703 r 0e         00000017  lw       x14, -0x44(x15)
#1197 0 80000106 fec42783 r 0f         00000003  lw       x15, -0x14(x8)
#1198 0 8000010a     078a r 0f         0000000c  c.slli   x15, 2
#1199 0 8000010c     17c1 r 0f         fffffffc  c.addi   x15, -0x10
#1200 0 8000010e     97a2 r 0f         f0040ffc  c.add    x15, x8
#1201 0 80000110 fbc7a783 r 0f         0000002c  lw       x15, -0x44(x15)
#1202 0 80000114 00e7c863 r 00         00000000  blt      x15, x14, . + 0x10
#1203 0 80000118 fec42783 r 0f         00000003  lw       x15, -0x14(x8)
#1204 0 8000011c     0785 r 0f         00000004  c.addi   x15, 0x1
#1205 0 8000011e fef42623 m f0040fec   00000004  sw       x15, -0x14(x8)
#1206 0 80000122     a891 r 00         00000000  c.j      . + 0x54
#1207 0 80000176 fec42703 r 0e         00000004  lw       x14, -0x14(x8)
#1208 0 8000017a fe842783 r 0f         0000000d  lw       x15, -0x18(x8)
#1209 0 8000017e f6f749e3 r 00         00000000  blt      x14, x15, . - 0x8e
#1210 0 800000f0 fec42783 r 0f         00000004  lw       x15, -0x14(x8)
#1211 0 800000f4     c395 r 00         00000000  c.beqz   x15, . + 0x24
#1212 0 800000f6 fec42783 r 0f         00000004  lw       x15, -0x14(x8)
#1213 0 800000fa     17fd r 0f         00000003  c.addi   x15, -0x1
#1214 0 800000fc     078a r 0f         0000000c  c.slli   x15, 2
#1215 0 800000fe     17c1 r 0f         fffffffc  c.addi   x15, -0x10
#1216 0 80000100     97a2 r 0f         f0040ffc  c.add    x15, x8
#1217 0 80000102 fbc7a703 r 0e         0000002c  lw       x14, -0x44(x15)
#1218 0 80000106 fec42783 r 0f         00000004  lw       x15, -0x14(x8)
#1219 0 8000010a     078a r 0f         00000010  c.slli   x15, 2
#1220 0 8000010c     17c1 r 0f         00000000  c.addi   x15, -0x10
#1221 0 8000010e     97a2 r 0f         f0041000  c.add    x15, x8
#1222 0 80000110 fbc7a783 r 0f         0000002d  lw       x15, -0x44(x15)
#1223 0 80000114 00e7c863 r 00         00000000  blt      x15, x14, . + 0x10
#1224 0 80000118 fec42783 r 0f         00000004  lw       x15, -0x14(x8)
#1225 0 8000011c     0785 r 0f         00000005  c.addi   x15, 0x1
#1226 0 8000011e fef42623 m f0040fec   00000005  sw       x15, -0x14(x8)
#1227 0 80000122     a891 r 00         00000000  c.j      . + 0x54
#1228 0 80000176 fec42703 r 0e         00000005  lw       x14, -0x14(x8)
#1229 0 8000017a fe842783 r 0f         0000000d  lw       x15, -0x18(x8)
#1230 0 8000017e f6f749e3 r 00         00000000  blt      x14, x15, . - 0x8e
#1231 0 800000f0 fec42783 r 0f         00000005  lw       x15, -0x14(x8)
#1232 0 800000f4     c395 r 00         00000000  c.beqz   x15, . + 0x24
#1233 0 800000f6 fec42783 r 0f         00000005  lw       x15, -0x14(x8)
#1234 0 800000fa     17fd r 0f         00000004  c.addi   x15, -0x1
#1235 0 800000fc     078a r 0f         00000010  c.slli   x15, 2
#1236 0 800000fe     17c1 r 0f         00000000  c.addi   x15, -0x10
#1237 0 80000100     97a2 r 0f         f0041000  c.add    x15, x8
#1238 0 80000102 fbc7a703 r 0e         0000002d  lw       x14, -0x44(x15)
#1239 0 80000106 fec42783 r 0f         00000005  lw       x15, -0x14(x8)
#1240 0 8000010a     078a r 0f         00000014  c.slli   x15, 2
#1241 0 8000010c     17c1 r 0f         00000004  c.addi   x15, -0x10
#1242 0 8000010e     97a2 r 0f         f0041004  c.add    x15, x8
#1243 0 80000110 fbc7a783 r 0f         00000043  lw       x15, -0x44(x15)
#1244 0 80000114 00e7c863 r 00         00000000  blt      x15, x14, . + 0x10
#1245 0 80000118 fec42783 r 0f         00000005  lw       x15, -0x14(x8)
#1246 0 8000011c     0785 r 0f         00000006  c.addi   x15, 0x1
#1247 0 8000011e fef42623 m f0040fec   00000006  sw       x15, -0x14(x8)
#1248 0 80000122     a891 r 00         00000000  c.j      . + 0x54
#1249 0 80000176 fec42703 r 0e         00000006  lw       x14, -0x14(x8)
#1250 0 8000017a fe842783 r 0f         0000000d  lw       x15, -0x18(x8)
#1251 0 8000017e f6f749e3 r 00         00000000  blt      x14, x15, . - 0x8e
#1252 0 800000f0 fec42783 r 0f         00000006  lw       x15, -0x14(x8)
#1253 0 800000f4     c395 r 00         00000000  c.beqz   x15, . + 0x24
#1254 0 800000f6 fec42783 r 0f         00000006  lw       x15, -0x14(x8)
#1255 0 800000fa     17fd r 0f         00000005  c.addi   x15, -0x1
#1256 0 800000fc     078a r 0f         00000014  c.slli   x15, 2
#1257 0 800000fe     17c1 r 0f         00000004  c.addi   x15, -0x10
#1258 0 80000100     97a2 r 0f         f0041004  c.add    x15, x8
#1259 0 80000102 fbc7a703 r 0e         00000043  lw       x14, -0x44(x15)
#1260 0 80000106 fec42783 r 0f         00000006  lw       x15, -0x14(x8)
#1261 0 8000010a     078a r 0f         00000018  c.slli   x15, 2
#1262 0 8000010c     17c1 r 0f         00000008  c.addi   x15, -0x10
#1263 0 8000010e     97a2 r 0f         f0041008  c.add    x15, x8
#1264 0 80000110 fbc7a783 r 0f         00000058  lw       x15, -0x44(x15)
#1265 0 80000114 00e7c863 r 00         00000000  blt      x15, x14, . + 0x10
#1266 0 80000118 fec42783 r 0f         00000006  lw       x15, -0x14(x8)
#1267 0 8000011c     0785 r 0f         00000007  c.addi   x15, 0x1
#1268 0 8000011e fef42623 m f0040fec   00000007  sw       x15, -0x14(x8)
#1269 0 80000122     a891 r 00         00000000  c.j      . + 0x54
#1270 0 80000176 fec42703 r 0e         00000007  lw       x14, -0x14(x8)
#1271 0 8000017a fe842783 r 0f         0000000d  lw       x15, -0x18(x8)
#1272 0 8000017e f6f749e3 r 00         00000000  blt      x14, x15, . - 0x8e
#1273 0 800000f0 fec42783 r 0f         00000007  lw       x15, -0x14(x8)
#1274 0 800000f4     c395 r 00         00000000  c.beqz   x15, . + 0x24
#1275 0 800000f6 fec42783 r 0f         00000007  lw       x15, -0x14(x8)
#1276 0 800000fa     17fd r 0f         00000006  c.addi   x15, -0x1
#1277 0 800000fc     078a r 0f         00000018  c.slli   x15, 2
#1278 0 800000fe     17c1 r 0f         00000008  c.addi   x15, -0x10
#1279 0 80000100     97a2 r 0f         f0041008  c.add    x15, x8
#1280 0 80000102 fbc7a703 r 0e         00000058  lw       x14, -0x44(x15)
#1281 0 80000106 fec42783 r 0f         00000007  lw       x15, -0x14(x8)
#1282 0 8000010a     078a r 0f         0000001c  c.slli   x15, 2
#1283 0 8000010c     17c1 r 0f         0000000c  c.addi   x15, -0x10
#1284 0 8000010e     97a2 r 0f         f004100c  c.add    x15, x8
#1285 0 80000110 fbc7a783 r 0f         00000059  lw       x15, -0x44(x15)
#1286 0 80000114 00e7c863 r 00         00000000  blt      x15, x14, . + 0x10
#1287 0 80000118 fec42783 r 0f         00000007  lw       x15, -0x14(x8)
#1288 0 8000011c     0785 r 0f         00000008  c.addi   x15, 0x1
#1289 0 8000011e fef42623 m f0040fec   00000008  sw       x15, -0x14(x8)
#1290 0 80000122     a891 r 00         00000000  c.j      . + 0x54
#1291 0 80000176 fec42703 r 0e         00000008  lw       x14, -0x14(x8)
#1292 0 8000017a fe842783 r 0f         0000000d  lw       x15, -0x18(x8)
#1293 0 8000017e f6f749e3 r 00         00000000  blt      x14, x15, . - 0x8e
#1294 0 800000f0 fec42783 r 0f         00000008  lw       x15, -0x14(x8)
#1295 0 800000f4     c395 r 00         00000000  c.beqz   x15, . + 0x24
#1296 0 800000f6 fec42783 r 0f         00000008  lw       x15, -0x14(x8)
#1297 0 800000fa     17fd r 0f         00000007  c.addi   x15, -0x1
#1298 0 800000fc     078a r 0f         0000001c  c.slli   x15, 2
#1299 0 800000fe     17c1 r 0f         0000000c  c.addi   x15, -0x10
#1300 0 80000100     97a2 r 0f         f004100c  c.add    x15, x8
#1301 0 80000102 fbc7a703 r 0e         00000059  lw       x14, -0x44(x15)
#1302 0 80000106 fec42783 r 0f         00000008  lw       x15, -0x14(x8)
#1303 0 8000010a     078a r 0f         00000020  c.slli   x15, 2
#1304 0 8000010c     17c1 r 0f         00000010  c.addi   x15, -0x10
#1305 0 8000010e     97a2 r 0f         f0041010  c.add    x15, x8
#1306 0 80000110 fbc7a783 r 0f         0000005a  lw       x15, -0x44(x15)
#1307 0 80000114 00e7c863 r 00         00000000  blt      x15, x14, . + 0x10
#1308 0 80000118 fec42783 r 0f         00000008  lw       x15, -0x14(x8)
#1309 0 8000011c     0785 r 0f         00000009  c.addi   x15, 0x1
#1310 0 8000011e fef42623 m f0040fec   00000009  sw       x15, -0x14(x8)
#1311 0 80000122     a891 r 00         00000000  c.j      . + 0x54
#1312 0 80000176 fec42703 r 0e         00000009  lw       x14, -0x14(x8)
#1313 0 8000017a fe842783 r 0f         0000000d  lw       x15, -0x18(x8)
#1314 0 8000017e f6f749e3 r 00         00000000  blt      x14, x15, . - 0x8e
#1315 0 800000f0 fec42783 r 0f         00000009  lw       x15, -0x14(x8)
#1316 0 800000f4     c395 r 00         00000000  c.beqz   x15, . + 0x24
#1317 0 800000f6 fec42783 r 0f         00000009  lw       x15, -0x14(x8)
#1318 0 800000fa     17fd r 0f         00000008  c.addi   x15, -0x1
#1319 0 800000fc     078a r 0f         00000020  c.slli   x15, 2
#1320 0 800000fe     17c1 r 0f         00000010  c.addi   x15, -0x10
#1321 0 80000100     97a2 r 0f         f0041010  c.add    x15, x8
#1322 0 80000102 fbc7a703 r 0e         0000005a  lw       x14, -0x44(x15)
#1323 0 80000106 fec42783 r 0f         00000009  lw       x15, -0x14(x8)
#1324 0 8000010a     078a r 0f         00000024  c.slli   x15, 2
#1325 0 8000010c     17c1 r 0f         00000014  c.addi   x15, -0x10
#1326 0 8000010e     97a2 r 0f         f0041014  c.add    x15, x8
#1327 0 80000110 fbc7a783 r 0f         00000048  lw       x15, -0x44(x15)
#1328 0 80000114 00e7c863 r 00         00000000  blt      x15, x14, . + 0x10
#1329 0 80000124 fec42783 r 0f         00000009  lw       x15, -0x14(x8)
#1330 0 80000128     17fd r 0f         00000008  c.addi   x15, -0x1
#1331 0 8000012a     078a r 0f         00000020  c.slli   x15, 2
#1332 0 8000012c     17c1 r 0f         00000010  c.addi   x15, -0x10
#1333 0 8000012e     97a2 r 0f         f0041010  c.add    x15, x8
#1334 0 80000130 fbc7a783 r 0f         0000005a  lw       x15, -0x44(x15)
#1335 0 80000134 fef42223 m f0040fe4   0000005a  sw       x15, -0x1c(x8)
#1336 0 80000138 fec42783 r 0f         00000009  lw       x15, -0x14(x8)
#1337 0 8000013c fff78693 r 0d         00000008  addi     x13, x15, -0x1
#1338 0 80000140 fec42783 r 0f         00000009  lw       x15, -0x14(x8)
#1339 0 80000144     078a r 0f         00000024  c.slli   x15, 2
#1340 0 80000146     17c1 r 0f         00000014  c.addi   x15, -0x10
#1341 0 80000148     97a2 r 0f         f0041014  c.add    x15, x8
#1342 0 8000014a fbc7a703 r 0e         00000048  lw       x14, -0x44(x15)
#1343 0 8000014e 00269793 r 0f         00000020  slli     x15, x13, 0x2
#1344 0 80000152     17c1 r 0f         00000010  c.addi   x15, -0x10
#1345 0 80000154     97a2 r 0f         f0041010  c.add    x15, x8
#1346 0 80000156 fae7ae23 m f0040fcc   00000048  sw       x14, -0x44(x15)
#1347 0 8000015a fec42783 r 0f         00000009  lw       x15, -0x14(x8)
#1348 0 8000015e     078a r 0f         00000024  c.slli   x15, 2
#1349 0 80000160     17c1 r 0f         00000014  c.addi   x15, -0x10
#1350 0 80000162     97a2 r 0f         f0041014  c.add    x15, x8
#1351 0 80000164 fe442703 r 0e         0000005a  lw       x14, -0x1c(x8)
#1352 0 80000168 fae7ae23 m f0040fd0   0000005a  sw       x14, -0x44(x15)
#1353 0 8000016c fec42783 r 0f         00000009  lw       x15, -0x14(x8)
#1354 0 80000170     17fd r 0f         00000008  c.addi   x15, -0x1
#1355 0 80000172 fef42623 m f0040fec   00000008  sw       x15, -0x14(x8)
#1356 0 80000176 fec42703 r 0e         00000008  lw       x14, -0x14(x8)
#1357 0 8000017a fe842783 r 0f         0000000d  lw       x15, -0x18(x8)
#1358 0 8000017e f6f749e3 r 00         00000000  blt      x14, x15, . - 0x8e
#1359 0 800000f0 fec42783 r 0f         00000008  lw       x15, -0x14(x8)
#1360 0 800000f4     c395 r 00         00000000  c.beqz   x15, . + 0x24
#1361 0 800000f6 fec42783 r 0f         00000008  lw       x15, -0x14(x8)
#1362 0 800000fa     17fd r 0f         00000007  c.addi   x15, -0x1
#1363 0 800000fc     078a r 0f         0000001c  c.slli   x15, 2
#1364 0 800000fe     17c1 r 0f         0000000c  c.addi   x15, -0x10
#1365 0 80000100     97a2 r 0f         f004100c  c.add    x15, x8
#1366 0 80000102 fbc7a703 r 0e         00000059  lw       x14, -0x44(x15)
#1367 0 80000106 fec42783 r 0f         00000008  lw       x15, -0x14(x8)
#1368 0 8000010a     078a r 0f         00000020  c.slli   x15, 2
#1369 0 8000010c     17c1 r 0f         00000010  c.addi   x15, -0x10
#1370 0 8000010e     97a2 r 0f         f0041010  c.add    x15, x8
#1371 0 80000110 fbc7a783 r 0f         00000048  lw       x15, -0x44(x15)
#1372 0 80000114 00e7c863 r 00         00000000  blt      x15, x14, . + 0x10
#1373 0 80000124 fec42783 r 0f         00000008  lw       x15, -0x14(x8)
#1374 0 80000128     17fd r 0f         00000007  c.addi   x15, -0x1
#1375 0 8000012a     078a r 0f         0000001c  c.slli   x15, 2
#1376 0 8000012c     17c1 r 0f         0000000c  c.addi   x15, -0x10
#1377 0 8000012e     97a2 r 0f         f004100c  c.add    x15, x8
#1378 0 80000130 fbc7a783 r 0f         00000059  lw       x15, -0x44(x15)
#1379 0 80000134 fef42223 m f0040fe4   00000059  sw       x15, -0x1c(x8)
#1380 0 80000138 fec42783 r 0f         00000008  lw       x15, -0x14(x8)
#1381 0 8000013c fff78693 r 0d         00000007  addi     x13, x15, -0x1
#1382 0 80000140 fec42783 r 0f         00000008  lw       x15, -0x14(x8)
#1383 0 80000144     078a r 0f         00000020  c.slli   x15, 2
#1384 0 80000146     17c1 r 0f         00000010  c.addi   x15, -0x10
#1385 0 80000148     97a2 r 0f         f0041010  c.add    x15, x8
#1386 0 8000014a fbc7a703 r 0e         00000048  lw       x14, -0x44(x15)
#1387 0 8000014e 00269793 r 0f         0000001c  slli     x15, x13, 0x2
#1388 0 80000152     17c1 r 0f         0000000c  c.addi   x15, -0x10
#1389 0 80000154     97a2 r 0f         f004100c  c.add    x15, x8
#1390 0 80000156 fae7ae23 m f0040fc8   00000048  sw       x14, -0x44(x15)
#1391 0 8000015a fec42783 r 0f         00000008  lw       x15, -0x14(x8)
#1392 0 8000015e     078a r 0f         00000020  c.slli   x15, 2
#1393 0 80000160     17c1 r 0f         00000010  c.addi   x15, -0x10
#1394 0 80000162     97a2 r 0f         f0041010  c.add    x15, x8
#1395 0 80000164 fe442703 r 0e         00000059  lw       x14, -0x1c(x8)
#1396 0 80000168 fae7ae23 m f0040fcc   00000059  sw       x14, -0x44(x15)
#1397 0 8000016c fec42783 r 0f         00000008  lw       x15, -0x14(x8)
#1398 0 80000170     17fd r 0f         00000007  c.addi   x15, -0x1
#1399 0 80000172 fef42623 m f0040fec   00000007  sw       x15, -0x14(x8)
#1400 0 80000176 fec42703 r 0e         00000007  lw       x14, -0x14(x8)
#1401 0 8000017a fe842783 r 0f         0000000d  lw       x15, -0x18(x8)
#1402 0 8000017e f6f749e3 r 00         00000000  blt      x14, x15, . - 0x8e
#1403 0 800000f0 fec42783 r 0f         00000007  lw       x15, -0x14(x8)
#1404 0 800000f4     c395 r 00         00000000  c.beqz   x15, . + 0x24
#1405 0 800000f6 fec42783 r 0f         00000007  lw       x15, -0x14(x8)
#1406 0 800000fa     17fd r 0f         00000006  c.addi   x15, -0x1
#1407 0 800000fc     078a r 0f         00000018  c.slli   x15, 2
#1408 0 800000fe     17c1 r 0f         00000008  c.addi   x15, -0x10
#1409 0 80000100     97a2 r 0f         f0041008  c.add    x15, x8
#1410 0 80000102 fbc7a703 r 0e         00000058  lw       x14, -0x44(x15)
#1411 0 80000106 fec42783 r 0f         00000007  lw       x15, -0x14(x8)
#1412 0 8000010a     078a r 0f         0000001c  c.slli   x15, 2
#1413 0 8000010c     17c1 r 0f         0000000c  c.addi   x15, -0x10
#1414 0 8000010e     97a2 r 0f         f004100c  c.add    x15, x8
#1415 0 80000110 fbc7a783 r 0f         00000048  lw       x15, -0x44(x15)
#1416 0 80000114 00e7c863 r 00         00000000  blt      x15, x14, . + 0x10
#1417 0 80000124 fec42783 r 0f         00000007  lw       x15, -0x14(x8)
#1418 0 80000128     17fd r 0f         00000006  c.addi   x15, -0x1
#1419 0 8000012a     078a r 0f         00000018  c.slli   x15, 2
#1420 0 8000012c     17c1 r 0f         00000008  c.addi   x15, -0x10
#1421 0 8000012e     97a2 r 0f         f0041008  c.add    x15, x8
#1422 0 80000130 fbc7a783 r 0f         00000058  lw       x15, -0x44(x15)
#1423 0 80000134 fef42223 m f0040fe4   00000058  sw       x15, -0x1c(x8)
#1424 0 80000138 fec42783 r 0f         00000007  lw       x15, -0x14(x8)
#1425 0 8000013c fff78693 r 0d         00000006  addi     x13, x15, -0x1
#1426 0 80000140 fec42783 r 0f         00000007  lw       x15, -0x14(x8)
#1427 0 80000144     078a r 0f         0000001c  c.slli   x15, 2
#1428 0 80000146     17c1 r 0f         0000000c  c.addi   x15, -0x10
#1429 0 80000148     97a2 r 0f         f004100c  c.add    x15, x8
#1430 0 8000014a fbc7a703 r 0e         00000048  lw       x14, -0x44(x15)
#1431 0 8000014e 00269793 r 0f         00000018  slli     x15, x13, 0x2
#1432 0 80000152     17c1 r 0f         00000008  c.addi   x15, -0x10
#1433 0 80000154     97a2 r 0f         f0041008  c.add    x15, x8
#1434 0 80000156 fae7ae23 m f0040fc4   00000048  sw       x14, -0x44(x15)
#1435 0 8000015a fec42783 r 0f         00000007  lw       x15, -0x14(x8)
#1436 0 8000015e     078a r 0f         0000001c  c.slli   x15, 2
#1437 0 80000160     17c1 r 0f         0000000c  c.addi   x15, -0x10
#1438 0 80000162     97a2 r 0f         f004100c  c.add    x15, x8
#1439 0 80000164 fe442703 r 0e         00000058  lw       x14, -0x1c(x8)
#1440 0 80000168 fae7ae23 m f0040fc8   00000058  sw       x14, -0x44(x15)
#1441 0 8000016c fec42783 r 0f         00000007  lw       x15, -0x14(x8)
#1442 0 80000170     17fd r 0f         00000006  c.addi   x15, -0x1
#1443 0 80000172 fef42623 m f0040fec   00000006  sw       x15, -0x14(x8)
#1444 0 80000176 fec42703 r 0e         00000006  lw       x14, -0x14(x8)
#1445 0 8000017a fe842783 r 0f         0000000d  lw       x15, -0x18(x8)
#1446 0 8000017e f6f749e3 r 00         00000000  blt      x14, x15, . - 0x8e
#1447 0 800000f0 fec42783 r 0f         00000006  lw       x15, -0x14(x8)
#1448 0 800000f4     c395 r 00         00000000  c.beqz   x15, . + 0x24
#1449 0 800000f6 fec42783 r 0f         00000006  lw       x15, -0x14(x8)
#1450 0 800000fa     17fd r 0f         00000005  c.addi   x15, -0x1
#1451 0 800000fc     078a r 0f         00000014  c.slli   x15, 2
#1452 0 800000fe     17c1 r 0f         00000004  c.addi   x15, -0x10
#1453 0 80000100     97a2 r 0f         f0041004  c.add    x15, x8
#1454 0 80000102 fbc7a703 r 0e         00000043  lw       x14, -0x44(x15)
#1455 0 80000106 fec42783 r 0f         00000006  lw       x15, -0x14(x8)
#1456 0 8000010a     078a r 0f         00000018  c.slli   x15, 2
#1457 0 8000010c     17c1 r 0f         00000008  c.addi   x15, -0x10
#1458 0 8000010e     97a2 r 0f         f0041008  c.add    x15, x8
#1459 0 80000110 fbc7a783 r 0f         00000048  lw       x15, -0x44(x15)
#1460 0 80000114 00e7c863 r 00         00000000  blt      x15, x14, . + 0x10
#1461 0 80000118 fec42783 r 0f         00000006  lw       x15, -0x14(x8)
#1462 0 8000011c     0785 r 0f         00000007  c.addi   x15, 0x1
#1463 0 8000011e fef42623 m f0040fec   00000007  sw       x15, -0x14(x8)
#1464 0 80000122     a891 r 00         00000000  c.j      . + 0x54
#1465 0 80000176 fec42703 r 0e         00000007  lw       x14, -0x14(x8)
#1466 0 8000017a fe842783 r 0f         0000000d  lw       x15, -0x18(x8)
#1467 0 8000017e f6f749e3 r 00         00000000  blt      x14, x15, . - 0x8e
#1468 0 800000f0 fec42783 r 0f         00000007  lw       x15, -0x14(x8)
#1469 0 800000f4     c395 r 00         00000000  c.beqz   x15, . + 0x24
#1470 0 800000f6 fec42783 r 0f         00000007  lw       x15, -0x14(x8)
#1471 0 800000fa     17fd r 0f         00000006  c.addi   x15, -0x1
#1472 0 800000fc     078a r 0f         00000018  c.slli   x15, 2
#1473 0 800000fe     17c1 r 0f         00000008  c.addi   x15, -0x10
#1474 0 80000100     97a2 r 0f         f0041008  c.add    x15, x8
#1475 0 80000102 fbc7a703 r 0e         00000048  lw       x14, -0x44(x15)
#1476 0 80000106 fec42783 r 0f         00000007  lw       x15, -0x14(x8)
#1477 0 8000010a     078a r 0f         0000001c  c.slli   x15, 2
#1478 0 8000010c     17c1 r 0f         0000000c  c.addi   x15, -0x10
#1479 0 8000010e     97a2 r 0f         f004100c  c.add    x15, x8
#1480 0 80000110 fbc7a783 r 0f         00000058  lw       x15, -0x44(x15)
#1481 0 80000114 00e7c863 r 00         00000000  blt      x15, x14, . + 0x10
#1482 0 80000118 fec42783 r 0f         00000007  lw       x15, -0x14(x8)
#1483 0 8000011c     0785 r 0f         00000008  c.addi   x15, 0x1
#1484 0 8000011e fef42623 m f0040fec   00000008  sw       x15, -0x14(x8)
#1485 0 80000122     a891 r 00         00000000  c.j      . + 0x54
#1486 0 80000176 fec42703 r 0e         00000008  lw       x14, -0x14(x8)
#1487 0 8000017a fe842783 r 0f         0000000d  lw       x15, -0x18(x8)
#1488 0 8000017e f6f749e3 r 00         00000000  blt      x14, x15, . - 0x8e
#1489 0 800000f0 fec42783 r 0f         00000008  lw       x15, -0x14(x8)
#1490 0 800000f4     c395 r 00         00000000  c.beqz   x15, . + 0x24
#1491 0 800000f6 fec42783 r 0f         00000008  lw       x15, -0x14(x8)
#1492 0 800000fa     17fd r 0f         00000007  c.addi   x15, -0x1
#1493 0 800000fc     078a r 0f         0000001c  c.slli   x15, 2
#1494 0 800000fe     17c1 r 0f         0000000c  c.addi   x15, -0x10
#1495 0 80000100     97a2 r 0f         f004100c  c.add    x15, x8
#1496 0 80000102 fbc7a703 r 0e         00000058  lw       x14, -0x44(x15)
#1497 0 80000106 fec42783 r 0f         00000008  lw       x15, -0x14(x8)
#1498 0 8000010a     078a r 0f         00000020  c.slli   x15, 2
#1499 0 8000010c     17c1 r 0f         00000010  c.addi   x15, -0x10
#1500 0 8000010e     97a2 r 0f         f0041010  c.add    x15, x8
#1501 0 80000110 fbc7a783 r 0f         00000059  lw       x15, -0x44(x15)
#1502 0 80000114 00e7c863 r 00         00000000  blt      x15, x14, . + 0x10
#1503 0 80000118 fec42783 r 0f         00000008  lw       x15, -0x14(x8)
#1504 0 8000011c     0785 r 0f         00000009  c.addi   x15, 0x1
#1505 0 8000011e fef42623 m f0040fec   00000009  sw       x15, -0x14(x8)
#1506 0 80000122     a891 r 00         00000000  c.j      . + 0x54
#1507 0 80000176 fec42703 r 0e         00000009  lw       x14, -0x14(x8)
#1508 0 8000017a fe842783 r 0f         0000000d  lw       x15, -0x18(x8)
#1509 0 8000017e f6f749e3 r 00         00000000  blt      x14, x15, . - 0x8e
#1510 0 800000f0 fec42783 r 0f         00000009  lw       x15, -0x14(x8)
#1511 0 800000f4     c395 r 00         00000000  c.beqz   x15, . + 0x24
#1512 0 800000f6 fec42783 r 0f         00000009  lw       x15, -0x14(x8)
#1513 0 800000fa     17fd r 0f         00000008  c.addi   x15, -0x1
#1514 0 800000fc     078a r 0f         00000020  c.slli   x15, 2
#1515 0 800000fe     17c1 r 0f         00000010  c.addi   x15, -0x10
#1516 0 80000100     97a2 r 0f         f0041010  c.add    x15, x8
#1517 0 80000102 fbc7a703 r 0e         00000059  lw       x14, -0x44(x15)
#1518 0 80000106 fec42783 r 0f         00000009  lw       x15, -0x14(x8)
#1519 0 8000010a     078a r 0f         00000024  c.slli   x15, 2
#1520 0 8000010c     17c1 r 0f         00000014  c.addi   x15, -0x10
#1521 0 8000010e     97a2 r 0f         f0041014  c.add    x15, x8
#1522 0 80000110 fbc7a783 r 0f         0000005a  lw       x15, -0x44(x15)
#1523 0 80000114 00e7c863 r 00         00000000  blt      x15, x14, . + 0x10
#1524 0 80000118 fec42783 r 0f         00000009  lw       x15, -0x14(x8)
#1525 0 8000011c     0785 r 0f         0000000a  c.addi   x15, 0x1
#1526 0 8000011e fef42623 m f0040fec   0000000a  sw       x15, -0x14(x8)
#1527 0 80000122     a891 r 00         00000000  c.j      . + 0x54
#1528 0 80000176 fec42703 r 0e         0000000a  lw       x14, -0x14(x8)
#1529 0 8000017a fe842783 r 0f         0000000d  lw       x15, -0x18(x8)
#1530 0 8000017e f6f749e3 r 00         00000000  blt      x14, x15, . - 0x8e
#1531 0 800000f0 fec42783 r 0f         0000000a  lw       x15, -0x14(x8)
#1532 0 800000f4     c395 r 00         00000000  c.beqz   x15, . + 0x24
#1533 0 800000f6 fec42783 r 0f         0000000a  lw       x15, -0x14(x8)
#1534 0 800000fa     17fd r 0f         00000009  c.addi   x15, -0x1
#1535 0 800000fc     078a r 0f         00000024  c.slli   x15, 2
#1536 0 800000fe     17c1 r 0f         00000014  c.addi   x15, -0x10
#1537 0 80000100     97a2 r 0f         f0041014  c.add    x15, x8
#1538 0 80000102 fbc7a703 r 0e         0000005a  lw       x14, -0x44(x15)
#1539 0 80000106 fec42783 r 0f         0000000a  lw       x15, -0x14(x8)
#1540 0 8000010a     078a r 0f         00000028  c.slli   x15, 2
#1541 0 8000010c     17c1 r 0f         00000018  c.addi   x15, -0x10
#1542 0 8000010e     97a2 r 0f         f0041018  c.add    x15, x8
#1543 0 80000110 fbc7a783 r 0f         0000004e  lw       x15, -0x44(x15)
#1544 0 80000114 00e7c863 r 00         00000000  blt      x15, x14, . + 0x10
#1545 0 80000124 fec42783 r 0f         0000000a  lw       x15, -0x14(x8)
#1546 0 80000128     17fd r 0f         00000009  c.addi   x15, -0x1
#1547 0 8000012a     078a r 0f         00000024  c.slli   x15, 2
#1548 0 8000012c     17c1 r 0f         00000014  c.addi   x15, -0x10
#1549 0 8000012e     97a2 r 0f         f0041014  c.add    x15, x8
#1550 0 80000130 fbc7a783 r 0f         0000005a  lw       x15, -0x44(x15)
#1551 0 80000134 fef42223 m f0040fe4   0000005a  sw       x15, -0x1c(x8)
#1552 0 80000138 fec42783 r 0f         0000000a  lw       x15, -0x14(x8)
#1553 0 8000013c fff78693 r 0d         00000009  addi     x13, x15, -0x1
#1554 0 80000140 fec42783 r 0f         0000000a  lw       x15, -0x14(x8)
#1555 0 80000144     078a r 0f         00000028  c.slli   x15, 2
#1556 0 80000146     17c1 r 0f         00000018  c.addi   x15, -0x10
#1557 0 80000148     97a2 r 0f         f0041018  c.add    x15, x8
#1558 0 8000014a fbc7a703 r 0e         0000004e  lw       x14, -0x44(x15)
#1559 0 8000014e 00269793 r 0f         00000024  slli     x15, x13, 0x2
#1560 0 80000152     17c1 r 0f         00000014  c.addi   x15, -0x10
#1561 0 80000154     97a2 r 0f         f0041014  c.add    x15, x8
#1562 0 80000156 fae7ae23 m f0040fd0   0000004e  sw       x14, -0x44(x15)
#1563 0 8000015a fec42783 r 0f         0000000a  lw       x15, -0x14(x8)
#1564 0 8000015e     078a r 0f         00000028  c.slli   x15, 2
#1565 0 80000160     17c1 r 0f         00000018  c.addi   x15, -0x10
#1566 0 80000162     97a2 r 0f         f0041018  c.add    x15, x8
#1567 0 80000164 fe442703 r 0e         0000005a  lw       x14, -0x1c(x8)
#1568 0 80000168 fae7ae23 m f0040fd4   0000005a  sw       x14, -0x44(x15)
#1569 0 8000016c fec42783 r 0f         0000000a  lw       x15, -0x14(x8)
#1570 0 80000170     17fd r 0f         00000009  c.addi   x15, -0x1
#1571 0 80000172 fef42623 m f0040fec   00000009  sw       x15, -0x14(x8)
#1572 0 80000176 fec42703 r 0e         00000009  lw       x14, -0x14(x8)
#1573 0 8000017a fe842783 r 0f         0000000d  lw       x15, -0x18(x8)
#1574 0 8000017e f6f749e3 r 00         00000000  blt      x14, x15, . - 0x8e
#1575 0 800000f0 fec42783 r 0f         00000009  lw       x15, -0x14(x8)
#1576 0 800000f4     c395 r 00         00000000  c.beqz   x15, . + 0x24
#1577 0 800000f6 fec42783 r 0f         00000009  lw       x15, -0x14(x8)
#1578 0 800000fa     17fd r 0f         00000008  c.addi   x15, -0x1
#1579 0 800000fc     078a r 0f         00000020  c.slli   x15, 2
#1580 0 800000fe     17c1 r 0f         00000010  c.addi   x15, -0x10
#1581 0 80000100     97a2 r 0f         f0041010  c.add    x15, x8
#1582 0 80000102 fbc7a703 r 0e         00000059  lw       x14, -0x44(x15)
#1583 0 80000106 fec42783 r 0f         00000009  lw       x15, -0x14(x8)
#1584 0 8000010a     078a r 0f         00000024  c.slli   x15, 2
#1585 0 8000010c     17c1 r 0f         00000014  c.addi   x15, -0x10
#1586 0 8000010e     97a2 r 0f         f0041014  c.add    x15, x8
#1587 0 80000110 fbc7a783 r 0f         0000004e  lw       x15, -0x44(x15)
#1588 0 80000114 00e7c863 r 00         00000000  blt      x15, x14, . + 0x10
#1589 0 80000124 fec42783 r 0f         00000009  lw       x15, -0x14(x8)
#1590 0 80000128     17fd r 0f         00000008  c.addi   x15, -0x1
#1591 0 8000012a     078a r 0f         00000020  c.slli   x15, 2
#1592 0 8000012c     17c1 r 0f         00000010  c.addi   x15, -0x10
#1593 0 8000012e     97a2 r 0f         f0041010  c.add    x15, x8
#1594 0 80000130 fbc7a783 r 0f         00000059  lw       x15, -0x44(x15)
#1595 0 80000134 fef42223 m f0040fe4   00000059  sw       x15, -0x1c(x8)
#1596 0 80000138 fec42783 r 0f         00000009  lw       x15, -0x14(x8)
#1597 0 8000013c fff78693 r 0d         00000008  addi     x13, x15, -0x1
#1598 0 80000140 fec42783 r 0f         00000009  lw       x15, -0x14(x8)
#1599 0 80000144     078a r 0f         00000024  c.slli   x15, 2
#1600 0 80000146     17c1 r 0f         00000014  c.addi   x15, -0x10
#1601 0 80000148     97a2 r 0f         f0041014  c.add    x15, x8
#1602 0 8000014a fbc7a703 r 0e         0000004e  lw       x14, -0x44(x15)
#1603 0 8000014e 00269793 r 0f         00000020  slli     x15, x13, 0x2
#1604 0 80000152     17c1 r 0f         00000010  c.addi   x15, -0x10
#1605 0 80000154     97a2 r 0f         f0041010  c.add    x15, x8
#1606 0 80000156 fae7ae23 m f0040fcc   0000004e  sw       x14, -0x44(x15)
#1607 0 8000015a fec42783 r 0f         00000009  lw       x15, -0x14(x8)
#1608 0 8000015e     078a r 0f         00000024  c.slli   x15, 2
#1609 0 80000160     17c1 r 0f         00000014  c.addi   x15, -0x10
#1610 0 80000162     97a2 r 0f         f0041014  c.add    x15, x8
#1611 0 80000164 fe442703 r 0e         00000059  lw       x14, -0x1c(x8)
#1612 0 80000168 fae7ae23 m f0040fd0   00000059  sw       x14, -0x44(x15)
#1613 0 8000016c fec42783 r 0f         00000009  lw       x15, -0x14(x8)
#1614 0 80000170     17fd r 0f         00000008  c.addi   x15, -0x1
#1615 0 80000172 fef42623 m f0040fec   00000008  sw       x15, -0x14(x8)
#1616 0 80000176 fec42703 r 0e         00000008  lw       x14, -0x14(x8)
#1617 0 8000017a fe842783 r 0f         0000000d  lw       x15, -0x18(x8)
#1618 0 8000017e f6f749e3 r 00         00000000  blt      x14, x15, . - 0x8e
#1619 0 800000f0 fec42783 r 0f         00000008  lw       x15, -0x14(x8)
#1620 0 800000f4     c395 r 00         00000000  c.beqz   x15, . + 0x24
#1621 0 800000f6 fec42783 r 0f         00000008  lw       x15, -0x14(x8)
#1622 0 800000fa     17fd r 0f         00000007  c.addi   x15, -0x1
#1623 0 800000fc     078a r 0f         0000001c  c.slli   x15, 2
#1624 0 800000fe     17c1 r 0f         0000000c  c.addi   x15, -0x10
#1625 0 80000100     97a2 r 0f         f004100c  c.add    x15, x8
#1626 0 80000102 fbc7a703 r 0e         00000058  lw       x14, -0x44(x15)
#1627 0 80000106 fec42783 r 0f         00000008  lw       x15, -0x14(x8)
#1628 0 8000010a     078a r 0f         00000020  c.slli   x15, 2
#1629 0 8000010c     17c1 r 0f         00000010  c.addi   x15, -0x10
#1630 0 8000010e     97a2 r 0f         f0041010  c.add    x15, x8
#1631 0 80000110 fbc7a783 r 0f         0000004e  lw       x15, -0x44(x15)
#1632 0 80000114 00e7c863 r 00         00000000  blt      x15, x14, . + 0x10
#1633 0 80000124 fec42783 r 0f         00000008  lw       x15, -0x14(x8)
#1634 0 80000128     17fd r 0f         00000007  c.addi   x15, -0x1
#1635 0 8000012a     078a r 0f         0000001c  c.slli   x15, 2
#1636 0 8000012c     17c1 r 0f         0000000c  c.addi   x15, -0x10
#1637 0 8000012e     97a2 r 0f         f004100c  c.add    x15, x8
#1638 0 80000130 fbc7a783 r 0f         00000058  lw       x15, -0x44(x15)
#1639 0 80000134 fef42223 m f0040fe4   00000058  sw       x15, -0x1c(x8)
#1640 0 80000138 fec42783 r 0f         00000008  lw       x15, -0x14(x8)
#1641 0 8000013c fff78693 r 0d         00000007  addi     x13, x15, -0x1
#1642 0 80000140 fec42783 r 0f         00000008  lw       x15, -0x14(x8)
#1643 0 80000144     078a r 0f         00000020  c.slli   x15, 2
#1644 0 80000146     17c1 r 0f         00000010  c.addi   x15, -0x10
#1645 0 80000148     97a2 r 0f         f0041010  c.add    x15, x8
#1646 0 8000014a fbc7a703 r 0e         0000004e  lw       x14, -0x44(x15)
#1647 0 8000014e 00269793 r 0f         0000001c  slli     x15, x13, 0x2
#1648 0 80000152     17c1 r 0f         0000000c  c.addi   x15, -0x10
#1649 0 80000154     97a2 r 0f         f004100c  c.add    x15, x8
#1650 0 80000156 fae7ae23 m f0040fc8   0000004e  sw       x14, -0x44(x15)
#1651 0 8000015a fec42783 r 0f         00000008  lw       x15, -0x14(x8)
#1652 0 8000015e     078a r 0f         00000020  c.slli   x15, 2
#1653 0 80000160     17c1 r 0f         00000010  c.addi   x15, -0x10
#1654 0 80000162     97a2 r 0f         f0041010  c.add    x15, x8
#1655 0 80000164 fe442703 r 0e         00000058  lw       x14, -0x1c(x8)
#1656 0 80000168 fae7ae23 m f0040fcc   00000058  sw       x14, -0x44(x15)
#1657 0 8000016c fec42783 r 0f         00000008  lw       x15, -0x14(x8)
#1658 0 80000170     17fd r 0f         00000007  c.addi   x15, -0x1
#1659 0 80000172 fef42623 m f0040fec   00000007  sw       x15, -0x14(x8)
#1660 0 80000176 fec42703 r 0e         00000007  lw       x14, -0x14(x8)
#1661 0 8000017a fe842783 r 0f         0000000d  lw       x15, -0x18(x8)
#1662 0 8000017e f6f749e3 r 00         00000000  blt      x14, x15, . - 0x8e
#1663 0 800000f0 fec42783 r 0f         00000007  lw       x15, -0x14(x8)
#1664 0 800000f4     c395 r 00         00000000  c.beqz   x15, . + 0x24
#1665 0 800000f6 fec42783 r 0f         00000007  lw       x15, -0x14(x8)
#1666 0 800000fa     17fd r 0f         00000006  c.addi   x15, -0x1
#1667 0 800000fc     078a r 0f         00000018  c.slli   x15, 2
#1668 0 800000fe     17c1 r 0f         00000008  c.addi   x15, -0x10
#1669 0 80000100     97a2 r 0f         f0041008  c.add    x15, x8
#1670 0 80000102 fbc7a703 r 0e         00000048  lw       x14, -0x44(x15)
#1671 0 80000106 fec42783 r 0f         00000007  lw       x15, -0x14(x8)
#1672 0 8000010a     078a r 0f         0000001c  c.slli   x15, 2
#1673 0 8000010c     17c1 r 0f         0000000c  c.addi   x15, -0x10
#1674 0 8000010e     97a2 r 0f         f004100c  c.add    x15, x8
#1675 0 80000110 fbc7a783 r 0f         0000004e  lw       x15, -0x44(x15)
#1676 0 80000114 00e7c863 r 00         00000000  blt      x15, x14, . + 0x10
#1677 0 80000118 fec42783 r 0f         00000007  lw       x15, -0x14(x8)
#1678 0 8000011c     0785 r 0f         00000008  c.addi   x15, 0x1
#1679 0 8000011e fef42623 m f0040fec   00000008  sw       x15, -0x14(x8)
#1680 0 80000122     a891 r 00         00000000  c.j      . + 0x54
#1681 0 80000176 fec42703 r 0e         00000008  lw       x14, -0x14(x8)
#1682 0 8000017a fe842783 r 0f         0000000d  lw       x15, -0x18(x8)
#1683 0 8000017e f6f749e3 r 00         00000000  blt      x14, x15, . - 0x8e
#1684 0 800000f0 fec42783 r 0f         00000008  lw       x15, -0x14(x8)
#1685 0 800000f4     c395 r 00         00000000  c.beqz   x15, . + 0x24
#1686 0 800000f6 fec42783 r 0f         00000008  lw       x15, -0x14(x8)
#1687 0 800000fa     17fd r 0f         00000007  c.addi   x15, -0x1
#1688 0 800000fc     078a r 0f         0000001c  c.slli   x15, 2
#1689 0 800000fe     17c1 r 0f         0000000c  c.addi   x15, -0x10
#1690 0 80000100     97a2 r 0f         f004100c  c.add    x15, x8
#1691 0 80000102 fbc7a703 r 0e         0000004e  lw       x14, -0x44(x15)
#1692 0 80000106 fec42783 r 0f         00000008  lw       x15, -0x14(x8)
#1693 0 8000010a     078a r 0f         00000020  c.slli   x15, 2
#1694 0 8000010c     17c1 r 0f         00000010  c.addi   x15, -0x10
#1695 0 8000010e     97a2 r 0f         f0041010  c.add    x15, x8
#1696 0 80000110 fbc7a783 r 0f         00000058  lw       x15, -0x44(x15)
#1697 0 80000114 00e7c863 r 00         00000000  blt      x15, x14, . + 0x10
#1698 0 80000118 fec42783 r 0f         00000008  lw       x15, -0x14(x8)
#1699 0 8000011c     0785 r 0f         00000009  c.addi   x15, 0x1
#1700 0 8000011e fef42623 m f0040fec   00000009  sw       x15, -0x14(x8)
#1701 0 80000122     a891 r 00         00000000  c.j      . + 0x54
#1702 0 80000176 fec42703 r 0e         00000009  lw       x14, -0x14(x8)
#1703 0 8000017a fe842783 r 0f         0000000d  lw       x15, -0x18(x8)
#1704 0 8000017e f6f749e3 r 00         00000000  blt      x14, x15, . - 0x8e
#1705 0 800000f0 fec42783 r 0f         00000009  lw       x15, -0x14(x8)
#1706 0 800000f4     c395 r 00         00000000  c.beqz   x15, . + 0x24
#1707 0 800000f6 fec42783 r 0f         00000009  lw       x15, -0x14(x8)
#1708 0 800000fa     17fd r 0f         00000008  c.addi   x15, -0x1
#1709 0 800000fc     078a r 0f         00000020  c.slli   x15, 2
#1710 0 800000fe     17c1 r 0f         00000010  c.addi   x15, -0x10
#1711 0 80000100     97a2 r 0f         f0041010  c.add    x15, x8
#1712 0 80000102 fbc7a703 r 0e         00000058  lw       x14, -0x44(x15)
#1713 0 80000106 fec42783 r 0f         00000009  lw       x15, -0x14(x8)
#1714 0 8000010a     078a r 0f         00000024  c.slli   x15, 2
#1715 0 8000010c     17c1 r 0f         00000014  c.addi   x15, -0x10
#1716 0 8000010e     97a2 r 0f         f0041014  c.add    x15, x8
#1717 0 80000110 fbc7a783 r 0f         00000059  lw       x15, -0x44(x15)
#1718 0 80000114 00e7c863 r 00         00000000  blt      x15, x14, . + 0x10
#1719 0 80000118 fec42783 r 0f         00000009  lw       x15, -0x14(x8)
#1720 0 8000011c     0785 r 0f         0000000a  c.addi   x15, 0x1
#1721 0 8000011e fef42623 m f0040fec   0000000a  sw       x15, -0x14(x8)
#1722 0 80000122     a891 r 00         00000000  c.j      . + 0x54
#1723 0 80000176 fec42703 r 0e         0000000a  lw       x14, -0x14(x8)
#1724 0 8000017a fe842783 r 0f         0000000d  lw       x15, -0x18(x8)
#1725 0 8000017e f6f749e3 r 00         00000000  blt      x14, x15, . - 0x8e
#1726 0 800000f0 fec42783 r 0f         0000000a  lw       x15, -0x14(x8)
#1727 0 800000f4     c395 r 00         00000000  c.beqz   x15, . + 0x24
#1728 0 800000f6 fec42783 r 0f         0000000a  lw       x15, -0x14(x8)
#1729 0 800000fa     17fd r 0f         00000009  c.addi   x15, -0x1
#1730 0 800000fc     078a r 0f         00000024  c.slli   x15, 2
#1731 0 800000fe     17c1 r 0f         00000014  c.addi   x15, -0x10
#1732 0 80000100     97a2 r 0f         f0041014  c.add    x15, x8
#1733 0 80000102 fbc7a703 r 0e         00000059  lw       x14, -0x44(x15)
#1734 0 80000106 fec42783 r 0f         0000000a  lw       x15, -0x14(x8)
#1735 0 8000010a     078a r 0f         00000028  c.slli   x15, 2
#1736 0 8000010c     17c1 r 0f         00000018  c.addi   x15, -0x10
#1737 0 8000010e     97a2 r 0f         f0041018  c.add    x15, x8
#1738 0 80000110 fbc7a783 r 0f         0000005a  lw       x15, -0x44(x15)
#1739 0 80000114 00e7c863 r 00         00000000  blt      x15, x14, . + 0x10
#1740 0 80000118 fec42783 r 0f         0000000a  lw       x15, -0x14(x8)
#1741 0 8000011c     0785 r 0f         0000000b  c.addi   x15, 0x1
#1742 0 8000011e fef42623 m f0040fec   0000000b  sw       x15, -0x14(x8)
#1743 0 80000122     a891 r 00         00000000  c.j      . + 0x54
#1744 0 80000176 fec42703 r 0e         0000000b  lw       x14, -0x14(x8)
#1745 0 8000017a fe842783 r 0f         0000000d  lw       x15, -0x18(x8)
#1746 0 8000017e f6f749e3 r 00         00000000  blt      x14, x15, . - 0x8e
#1747 0 800000f0 fec42783 r 0f         0000000b  lw       x15, -0x14(x8)
#1748 0 800000f4     c395 r 00         00000000  c.beqz   x15, . + 0x24
#1749 0 800000f6 fec42783 r 0f         0000000b  lw       x15, -0x14(x8)
#1750 0 800000fa     17fd r 0f         0000000a  c.addi   x15, -0x1
#1751 0 800000fc     078a r 0f         00000028  c.slli   x15, 2
#1752 0 800000fe     17c1 r 0f         00000018  c.addi   x15, -0x10
#1753 0 80000100     97a2 r 0f         f0041018  c.add    x15, x8
#1754 0 80000102 fbc7a703 r 0e         0000005a  lw       x14, -0x44(x15)
#1755 0 80000106 fec42783 r 0f         0000000b  lw       x15, -0x14(x8)
#1756 0 8000010a     078a r 0f         0000002c  c.slli   x15, 2
#1757 0 8000010c     17c1 r 0f         0000001c  c.addi   x15, -0x10
#1758 0 8000010e     97a2 r 0f         f004101c  c.add    x15, x8
#1759 0 80000110 fbc7a783 r 0f         00000022  lw       x15, -0x44(x15)
#1760 0 80000114 00e7c863 r 00         00000000  blt      x15, x14, . + 0x10
#1761 0 80000124 fec42783 r 0f         0000000b  lw       x15, -0x14(x8)
#1762 0 80000128     17fd r 0f         0000000a  c.addi   x15, -0x1
#1763 0 8000012a     078a r 0f         00000028  c.slli   x15, 2
#1764 0 8000012c     17c1 r 0f         00000018  c.addi   x15, -0x10
#1765 0 8000012e     97a2 r 0f         f0041018  c.add    x15, x8
#1766 0 80000130 fbc7a783 r 0f         0000005a  lw       x15, -0x44(x15)
#1767 0 80000134 fef42223 m f0040fe4   0000005a  sw       x15, -0x1c(x8)
#1768 0 80000138 fec42783 r 0f         0000000b  lw       x15, -0x14(x8)
#1769 0 8000013c fff78693 r 0d         0000000a  addi     x13, x15, -0x1
#1770 0 80000140 fec42783 r 0f         0000000b  lw       x15, -0x14(x8)
#1771 0 80000144     078a r 0f         0000002c  c.slli   x15, 2
#1772 0 80000146     17c1 r 0f         0000001c  c.addi   x15, -0x10
#1773 0 80000148     97a2 r 0f         f004101c  c.add    x15, x8
#1774 0 8000014a fbc7a703 r 0e         00000022  lw       x14, -0x44(x15)
#1775 0 8000014e 00269793 r 0f         00000028  slli     x15, x13, 0x2
#1776 0 80000152     17c1 r 0f         00000018  c.addi   x15, -0x10
#1777 0 80000154     97a2 r 0f         f0041018  c.add    x15, x8
#1778 0 80000156 fae7ae23 m f0040fd4   00000022  sw       x14, -0x44(x15)
#1779 0 8000015a fec42783 r 0f         0000000b  lw       x15, -0x14(x8)
#1780 0 8000015e     078a r 0f         0000002c  c.slli   x15, 2
#1781 0 80000160     17c1 r 0f         0000001c  c.addi   x15, -0x10
#1782 0 80000162     97a2 r 0f         f004101c  c.add    x15, x8
#1783 0 80000164 fe442703 r 0e         0000005a  lw       x14, -0x1c(x8)
#1784 0 80000168 fae7ae23 m f0040fd8   0000005a  sw       x14, -0x44(x15)
#1785 0 8000016c fec42783 r 0f         0000000b  lw       x15, -0x14(x8)
#1786 0 80000170     17fd r 0f         0000000a  c.addi   x15, -0x1
#1787 0 80000172 fef42623 m f0040fec   0000000a  sw       x15, -0x14(x8)
#1788 0 80000176 fec42703 r 0e         0000000a  lw       x14, -0x14(x8)
#1789 0 8000017a fe842783 r 0f         0000000d  lw       x15, -0x18(x8)
#1790 0 8000017e f6f749e3 r 00         00000000  blt      x14, x15, . - 0x8e
#1791 0 800000f0 fec42783 r 0f         0000000a  lw       x15, -0x14(x8)
#1792 0 800000f4     c395 r 00         00000000  c.beqz   x15, . + 0x24
#1793 0 800000f6 fec42783 r 0f         0000000a  lw       x15, -0x14(x8)
#1794 0 800000fa     17fd r 0f         00000009  c.addi   x15, -0x1
#1795 0 800000fc     078a r 0f         00000024  c.slli   x15, 2
#1796 0 800000fe     17c1 r 0f         00000014  c.addi   x15, -0x10
#1797 0 80000100     97a2 r 0f         f0041014  c.add    x15, x8
#1798 0 80000102 fbc7a703 r 0e         00000059  lw       x14, -0x44(x15)
#1799 0 80000106 fec42783 r 0f         0000000a  lw       x15, -0x14(x8)
#1800 0 8000010a     078a r 0f         00000028  c.slli   x15, 2
#1801 0 8000010c     17c1 r 0f         00000018  c.addi   x15, -0x10
#1802 0 8000010e     97a2 r 0f         f0041018  c.add    x15, x8
#1803 0 80000110 fbc7a783 r 0f         00000022  lw       x15, -0x44(x15)
#1804 0 80000114 00e7c863 r 00         00000000  blt      x15, x14, . + 0x10
#1805 0 80000124 fec42783 r 0f         0000000a  lw       x15, -0x14(x8)
#1806 0 80000128     17fd r 0f         00000009  c.addi   x15, -0x1
#1807 0 8000012a     078a r 0f         00000024  c.slli   x15, 2
#1808 0 8000012c     17c1 r 0f         00000014  c.addi   x15, -0x10
#1809 0 8000012e     97a2 r 0f         f0041014  c.add    x15, x8
#1810 0 80000130 fbc7a783 r 0f         00000059  lw       x15, -0x44(x15)
#1811 0 80000134 fef42223 m f0040fe4   00000059  sw       x15, -0x1c(x8)
#1812 0 80000138 fec42783 r 0f         0000000a  lw       x15, -0x14(x8)
#1813 0 8000013c fff78693 r 0d         00000009  addi     x13, x15, -0x1
#1814 0 80000140 fec42783 r 0f         0000000a  lw       x15, -0x14(x8)
#1815 0 80000144     078a r 0f         00000028  c.slli   x15, 2
#1816 0 80000146     17c1 r 0f         00000018  c.addi   x15, -0x10
#1817 0 80000148     97a2 r 0f         f0041018  c.add    x15, x8
#1818 0 8000014a fbc7a703 r 0e         00000022  lw       x14, -0x44(x15)
#1819 0 8000014e 00269793 r 0f         00000024  slli     x15, x13, 0x2
#1820 0 80000152     17c1 r 0f         00000014  c.addi   x15, -0x10
#1821 0 80000154     97a2 r 0f         f0041014  c.add    x15, x8
#1822 0 80000156 fae7ae23 m f0040fd0   00000022  sw       x14, -0x44(x15)
#1823 0 8000015a fec42783 r 0f         0000000a  lw       x15, -0x14(x8)
#1824 0 8000015e     078a r 0f         00000028  c.slli   x15, 2
#1825 0 80000160     17c1 r 0f         00000018  c.addi   x15, -0x10
#1826 0 80000162     97a2 r 0f         f0041018  c.add    x15, x8
#1827 0 80000164 fe442703 r 0e         00000059  lw       x14, -0x1c(x8)
#1828 0 80000168 fae7ae23 m f0040fd4   00000059  sw       x14, -0x44(x15)
#1829 0 8000016c fec42783 r 0f         0000000a  lw       x15, -0x14(x8)
#1830 0 80000170     17fd r 0f         00000009  c.addi   x15, -0x1
#1831 0 80000172 fef42623 m f0040fec   00000009  sw       x15, -0x14(x8)
#1832 0 80000176 fec42703 r 0e         00000009  lw       x14, -0x14(x8)
#1833 0 8000017a fe842783 r 0f         0000000d  lw       x15, -0x18(x8)
#1834 0 8000017e f6f749e3 r 00         00000000  blt      x14, x15, . - 0x8e
#1835 0 800000f0 fec42783 r 0f         00000009  lw       x15, -0x14(x8)
#1836 0 800000f4     c395 r 00         00000000  c.beqz   x15, . + 0x24
#1837 0 800000f6 fec42783 r 0f         00000009  lw       x15, -0x14(x8)
#1838 0 800000fa     17fd r 0f         00000008  c.addi   x15, -0x1
#1839 0 800000fc     078a r 0f         00000020  c.slli   x15, 2
#1840 0 800000fe     17c1 r 0f         00000010  c.addi   x15, -0x10
#1841 0 80000100     97a2 r 0f         f0041010  c.add    x15, x8
#1842 0 80000102 fbc7a703 r 0e         00000058  lw       x14, -0x44(x15)
#1843 0 80000106 fec42783 r 0f         00000009  lw       x15, -0x14(x8)
#1844 0 8000010a     078a r 0f         00000024  c.slli   x15, 2
#1845 0 8000010c     17c1 r 0f         00000014  c.addi   x15, -0x10
#1846 0 8000010e     97a2 r 0f         f0041014  c.add    x15, x8
#1847 0 80000110 fbc7a783 r 0f         00000022  lw       x15, -0x44(x15)
#1848 0 80000114 00e7c863 r 00         00000000  blt      x15, x14, . + 0x10
#1849 0 80000124 fec42783 r 0f         00000009  lw       x15, -0x14(x8)
#1850 0 80000128     17fd r 0f         00000008  c.addi   x15, -0x1
#1851 0 8000012a     078a r 0f         00000020  c.slli   x15, 2
#1852 0 8000012c     17c1 r 0f         00000010  c.addi   x15, -0x10
#1853 0 8000012e     97a2 r 0f         f0041010  c.add    x15, x8
#1854 0 80000130 fbc7a783 r 0f         00000058  lw       x15, -0x44(x15)
#1855 0 80000134 fef42223 m f0040fe4   00000058  sw       x15, -0x1c(x8)
#1856 0 80000138 fec42783 r 0f         00000009  lw       x15, -0x14(x8)
#1857 0 8000013c fff78693 r 0d         00000008  addi     x13, x15, -0x1
#1858 0 80000140 fec42783 r 0f         00000009  lw       x15, -0x14(x8)
#1859 0 80000144     078a r 0f         00000024  c.slli   x15, 2
#1860 0 80000146     17c1 r 0f         00000014  c.addi   x15, -0x10
#1861 0 80000148     97a2 r 0f         f0041014  c.add    x15, x8
#1862 0 8000014a fbc7a703 r 0e         00000022  lw       x14, -0x44(x15)
#1863 0 8000014e 00269793 r 0f         00000020  slli     x15, x13, 0x2
#1864 0 80000152     17c1 r 0f         00000010  c.addi   x15, -0x10
#1865 0 80000154     97a2 r 0f         f0041010  c.add    x15, x8
#1866 0 80000156 fae7ae23 m f0040fcc   00000022  sw       x14, -0x44(x15)
#1867 0 8000015a fec42783 r 0f         00000009  lw       x15, -0x14(x8)
#1868 0 8000015e     078a r 0f         00000024  c.slli   x15, 2
#1869 0 80000160     17c1 r 0f         00000014  c.addi   x15, -0x10
#1870 0 80000162     97a2 r 0f         f0041014  c.add    x15, x8
#1871 0 80000164 fe442703 r 0e         00000058  lw       x14, -0x1c(x8)
#1872 0 80000168 fae7ae23 m f0040fd0   00000058  sw       x14, -0x44(x15)
#1873 0 8000016c fec42783 r 0f         00000009  lw       x15, -0x14(x8)
#1874 0 80000170     17fd r 0f         00000008  c.addi   x15, -0x1
#1875 0 80000172 fef42623 m f0040fec   00000008  sw       x15, -0x14(x8)
#1876 0 80000176 fec42703 r 0e         00000008  lw       x14, -0x14(x8)
#1877 0 8000017a fe842783 r 0f         0000000d  lw       x15, -0x18(x8)
#1878 0 8000017e f6f749e3 r 00         00000000  blt      x14, x15, . - 0x8e
#1879 0 800000f0 fec42783 r 0f         00000008  lw       x15, -0x14(x8)
#1880 0 800000f4     c395 r 00         00000000  c.beqz   x15, . + 0x24
#1881 0 800000f6 fec42783 r 0f         00000008  lw       x15, -0x14(x8)
#1882 0 800000fa     17fd r 0f         00000007  c.addi   x15, -0x1
#1883 0 800000fc     078a r 0f         0000001c  c.slli   x15, 2
#1884 0 800000fe     17c1 r 0f         0000000c  c.addi   x15, -0x10
#1885 0 80000100     97a2 r 0f         f004100c  c.add    x15, x8
#1886 0 80000102 fbc7a703 r 0e         0000004e  lw       x14, -0x44(x15)
#1887 0 80000106 fec42783 r 0f         00000008  lw       x15, -0x14(x8)
#1888 0 8000010a     078a r 0f         00000020  c.slli   x15, 2
#1889 0 8000010c     17c1 r 0f         00000010  c.addi   x15, -0x10
#1890 0 8000010e     97a2 r 0f         f0041010  c.add    x15, x8
#1891 0 80000110 fbc7a783 r 0f         00000022  lw       x15, -0x44(x15)
#1892 0 80000114 00e7c863 r 00         00000000  blt      x15, x14, . + 0x10
#1893 0 80000124 fec42783 r 0f         00000008  lw       x15, -0x14(x8)
#1894 0 80000128     17fd r 0f         00000007  c.addi   x15, -0x1
#1895 0 8000012a     078a r 0f         0000001c  c.slli   x15, 2
#1896 0 8000012c     17c1 r 0f         0000000c  c.addi   x15, -0x10
#1897 0 8000012e     97a2 r 0f         f004100c  c.add    x15, x8
#1898 0 80000130 fbc7a783 r 0f         0000004e  lw       x15, -0x44(x15)
#1899 0 80000134 fef42223 m f0040fe4   0000004e  sw       x15, -0x1c(x8)
#1900 0 80000138 fec42783 r 0f         00000008  lw       x15, -0x14(x8)
#1901 0 8000013c fff78693 r 0d         00000007  addi     x13, x15, -0x1
#1902 0 80000140 fec42783 r 0f         00000008  lw       x15, -0x14(x8)
#1903 0 80000144     078a r 0f         00000020  c.slli   x15, 2
#1904 0 80000146     17c1 r 0f         00000010  c.addi   x15, -0x10
#1905 0 80000148     97a2 r 0f         f0041010  c.add    x15, x8
#1906 0 8000014a fbc7a703 r 0e         00000022  lw       x14, -0x44(x15)
#1907 0 8000014e 00269793 r 0f         0000001c  slli     x15, x13, 0x2
#1908 0 80000152     17c1 r 0f         0000000c  c.addi   x15, -0x10
#1909 0 80000154     97a2 r 0f         f004100c  c.add    x15, x8
#1910 0 80000156 fae7ae23 m f0040fc8   00000022  sw       x14, -0x44(x15)
#1911 0 8000015a fec42783 r 0f         00000008  lw       x15, -0x14(x8)
#1912 0 8000015e     078a r 0f         00000020  c.slli   x15, 2
#1913 0 80000160     17c1 r 0f         00000010  c.addi   x15, -0x10
#1914 0 80000162     97a2 r 0f         f0041010  c.add    x15, x8
#1915 0 80000164 fe442703 r 0e         0000004e  lw       x14, -0x1c(x8)
#1916 0 80000168 fae7ae23 m f0040fcc   0000004e  sw       x14, -0x44(x15)
#1917 0 8000016c fec42783 r 0f         00000008  lw       x15, -0x14(x8)
#1918 0 80000170     17fd r 0f         00000007  c.addi   x15, -0x1
#1919 0 80000172 fef42623 m f0040fec   00000007  sw       x15, -0x14(x8)
#1920 0 80000176 fec42703 r 0e         00000007  lw       x14, -0x14(x8)
#1921 0 8000017a fe842783 r 0f         0000000d  lw       x15, -0x18(x8)
#1922 0 8000017e f6f749e3 r 00         00000000  blt      x14, x15, . - 0x8e
#1923 0 800000f0 fec42783 r 0f         00000007  lw       x15, -0x14(x8)
#1924 0 800000f4     c395 r 00         00000000  c.beqz   x15, . + 0x24
#1925 0 800000f6 fec42783 r 0f         00000007  lw       x15, -0x14(x8)
#1926 0 800000fa     17fd r 0f         00000006  c.addi   x15, -0x1
#1927 0 800000fc     078a r 0f         00000018  c.slli   x15, 2
#1928 0 800000fe     17c1 r 0f         00000008  c.addi   x15, -0x10
#1929 0 80000100     97a2 r 0f         f0041008  c.add    x15, x8
#1930 0 80000102 fbc7a703 r 0e         00000048  lw       x14, -0x44(x15)
#1931 0 80000106 fec42783 r 0f         00000007  lw       x15, -0x14(x8)
#1932 0 8000010a     078a r 0f         0000001c  c.slli   x15, 2
#1933 0 8000010c     17c1 r 0f         0000000c  c.addi   x15, -0x10
#1934 0 8000010e     97a2 r 0f         f004100c  c.add    x15, x8
#1935 0 80000110 fbc7a783 r 0f         00000022  lw       x15, -0x44(x15)
#1936 0 80000114 00e7c863 r 00         00000000  blt      x15, x14, . + 0x10
#1937 0 80000124 fec42783 r 0f         00000007  lw       x15, -0x14(x8)
#1938 0 80000128     17fd r 0f         00000006  c.addi   x15, -0x1
#1939 0 8000012a     078a r 0f         00000018  c.slli   x15, 2
#1940 0 8000012c     17c1 r 0f         00000008  c.addi   x15, -0x10
#1941 0 8000012e     97a2 r 0f         f0041008  c.add    x15, x8
#1942 0 80000130 fbc7a783 r 0f         00000048  lw       x15, -0x44(x15)
#1943 0 80000134 fef42223 m f0040fe4   00000048  sw       x15, -0x1c(x8)
#1944 0 80000138 fec42783 r 0f         00000007  lw       x15, -0x14(x8)
#1945 0 8000013c fff78693 r 0d         00000006  addi     x13, x15, -0x1
#1946 0 80000140 fec42783 r 0f         00000007  lw       x15, -0x14(x8)
#1947 0 80000144     078a r 0f         0000001c  c.slli   x15, 2
#1948 0 80000146     17c1 r 0f         0000000c  c.addi   x15, -0x10
#1949 0 80000148     97a2 r 0f         f004100c  c.add    x15, x8
#1950 0 8000014a fbc7a703 r 0e         00000022  lw       x14, -0x44(x15)
#1951 0 8000014e 00269793 r 0f         00000018  slli     x15, x13, 0x2
#1952 0 80000152     17c1 r 0f         00000008  c.addi   x15, -0x10
#1953 0 80000154     97a2 r 0f         f0041008  c.add    x15, x8
#1954 0 80000156 fae7ae23 m f0040fc4   00000022  sw       x14, -0x44(x15)
#1955 0 8000015a fec42783 r 0f         00000007  lw       x15, -0x14(x8)
#1956 0 8000015e     078a r 0f         0000001c  c.slli   x15, 2
#1957 0 80000160     17c1 r 0f         0000000c  c.addi   x15, -0x10
#1958 0 80000162     97a2 r 0f         f004100c  c.add    x15, x8
#1959 0 80000164 fe442703 r 0e         00000048  lw       x14, -0x1c(x8)
#1960 0 80000168 fae7ae23 m f0040fc8   00000048  sw       x14, -0x44(x15)
#1961 0 8000016c fec42783 r 0f         00000007  lw       x15, -0x14(x8)
#1962 0 80000170     17fd r 0f         00000006  c.addi   x15, -0x1
#1963 0 80000172 fef42623 m f0040fec   00000006  sw       x15, -0x14(x8)
#1964 0 80000176 fec42703 r 0e         00000006  lw       x14, -0x14(x8)
#1965 0 8000017a fe842783 r 0f         0000000d  lw       x15, -0x18(x8)
#1966 0 8000017e f6f749e3 r 00         00000000  blt      x14, x15, . - 0x8e
#1967 0 800000f0 fec42783 r 0f         00000006  lw       x15, -0x14(x8)
#1968 0 800000f4     c395 r 00         00000000  c.beqz   x15, . + 0x24
#1969 0 800000f6 fec42783 r 0f         00000006  lw       x15, -0x14(x8)
#1970 0 800000fa     17fd r 0f         00000005  c.addi   x15, -0x1
#1971 0 800000fc     078a r 0f         00000014  c.slli   x15, 2
#1972 0 800000fe     17c1 r 0f         00000004  c.addi   x15, -0x10
#1973 0 80000100     97a2 r 0f         f0041004  c.add    x15, x8
#1974 0 80000102 fbc7a703 r 0e         00000043  lw       x14, -0x44(x15)
#1975 0 80000106 fec42783 r 0f         00000006  lw       x15, -0x14(x8)
#1976 0 8000010a     078a r 0f         00000018  c.slli   x15, 2
#1977 0 8000010c     17c1 r 0f         00000008  c.addi   x15, -0x10
#1978 0 8000010e     97a2 r 0f         f0041008  c.add    x15, x8
#1979 0 80000110 fbc7a783 r 0f         00000022  lw       x15, -0x44(x15)
#1980 0 80000114 00e7c863 r 00         00000000  blt      x15, x14, . + 0x10
#1981 0 80000124 fec42783 r 0f         00000006  lw       x15, -0x14(x8)
#1982 0 80000128     17fd r 0f         00000005  c.addi   x15, -0x1
#1983 0 8000012a     078a r 0f         00000014  c.slli   x15, 2
#1984 0 8000012c     17c1 r 0f         00000004  c.addi   x15, -0x10
#1985 0 8000012e     97a2 r 0f         f0041004  c.add    x15, x8
#1986 0 80000130 fbc7a783 r 0f         00000043  lw       x15, -0x44(x15)
#1987 0 80000134 fef42223 m f0040fe4   00000043  sw       x15, -0x1c(x8)
#1988 0 80000138 fec42783 r 0f         00000006  lw       x15, -0x14(x8)
#1989 0 8000013c fff78693 r 0d         00000005  addi     x13, x15, -0x1
#1990 0 80000140 fec42783 r 0f         00000006  lw       x15, -0x14(x8)
#1991 0 80000144     078a r 0f         00000018  c.slli   x15, 2
#1992 0 80000146     17c1 r 0f         00000008  c.addi   x15, -0x10
#1993 0 80000148     97a2 r 0f         f0041008  c.add    x15, x8
#1994 0 8000014a fbc7a703 r 0e         00000022  lw       x14, -0x44(x15)
#1995 0 8000014e 00269793 r 0f         00000014  slli     x15, x13, 0x2
#1996 0 80000152     17c1 r 0f         00000004  c.addi   x15, -0x10
#1997 0 80000154     97a2 r 0f         f0041004  c.add    x15, x8
#1998 0 80000156 fae7ae23 m f0040fc0   00000022  sw       x14, -0x44(x15)
#1999 0 8000015a fec42783 r 0f         00000006  lw       x15, -0x14(x8)
#2000 0 8000015e     078a r 0f         00000018  c.slli   x15, 2
#2001 0 80000160     17c1 r 0f         00000008  c.addi   x15, -0x10
#2002 0 80000162     97a2 r 0f         f0041008  c.add    x15, x8
#2003 0 80000164 fe442703 r 0e         00000043  lw       x14, -0x1c(x8)
#2004 0 80000168 fae7ae23 m f0040fc4   00000043  sw       x14, -0x44(x15)
#2005 0 8000016c fec42783 r 0f         00000006  lw       x15, -0x14(x8)
#2006 0 80000170     17fd r 0f         00000005  c.addi   x15, -0x1
#2007 0 80000172 fef42623 m f0040fec   00000005  sw       x15, -0x14(x8)
#2008 0 80000176 fec42703 r 0e         00000005  lw       x14, -0x14(x8)
#2009 0 8000017a fe842783 r 0f         0000000d  lw       x15, -0x18(x8)
#2010 0 8000017e f6f749e3 r 00         00000000  blt      x14, x15, . - 0x8e
#2011 0 800000f0 fec42783 r 0f         00000005  lw       x15, -0x14(x8)
#2012 0 800000f4     c395 r 00         00000000  c.beqz   x15, . + 0x24
#2013 0 800000f6 fec42783 r 0f         00000005  lw       x15, -0x14(x8)
#2014 0 800000fa     17fd r 0f         00000004  c.addi   x15, -0x1
#2015 0 800000fc     078a r 0f         00000010  c.slli   x15, 2
#2016 0 800000fe     17c1 r 0f         00000000  c.addi   x15, -0x10
#2017 0 80000100     97a2 r 0f         f0041000  c.add    x15, x8
#2018 0 80000102 fbc7a703 r 0e         0000002d  lw       x14, -0x44(x15)
#2019 0 80000106 fec42783 r 0f         00000005  lw       x15, -0x14(x8)
#2020 0 8000010a     078a r 0f         00000014  c.slli   x15, 2
#2021 0 8000010c     17c1 r 0f         00000004  c.addi   x15, -0x10
#2022 0 8000010e     97a2 r 0f         f0041004  c.add    x15, x8
#2023 0 80000110 fbc7a783 r 0f         00000022  lw       x15, -0x44(x15)
#2024 0 80000114 00e7c863 r 00         00000000  blt      x15, x14, . + 0x10
#2025 0 80000124 fec42783 r 0f         00000005  lw       x15, -0x14(x8)
#2026 0 80000128     17fd r 0f         00000004  c.addi   x15, -0x1
#2027 0 8000012a     078a r 0f         00000010  c.slli   x15, 2
#2028 0 8000012c     17c1 r 0f         00000000  c.addi   x15, -0x10
#2029 0 8000012e     97a2 r 0f         f0041000  c.add    x15, x8
#2030 0 80000130 fbc7a783 r 0f         0000002d  lw       x15, -0x44(x15)
#2031 0 80000134 fef42223 m f0040fe4   0000002d  sw       x15, -0x1c(x8)
#2032 0 80000138 fec42783 r 0f         00000005  lw       x15, -0x14(x8)
#2033 0 8000013c fff78693 r 0d         00000004  addi     x13, x15, -0x1
#2034 0 80000140 fec42783 r 0f         00000005  lw       x15, -0x14(x8)
#2035 0 80000144     078a r 0f         00000014  c.slli   x15, 2
#2036 0 80000146     17c1 r 0f         00000004  c.addi   x15, -0x10
#2037 0 80000148     97a2 r 0f         f0041004  c.add    x15, x8
#2038 0 8000014a fbc7a703 r 0e         00000022  lw       x14, -0x44(x15)
#2039 0 8000014e 00269793 r 0f         00000010  slli     x15, x13, 0x2
#2040 0 80000152     17c1 r 0f         00000000  c.addi   x15, -0x10
#2041 0 80000154     97a2 r 0f         f0041000  c.add    x15, x8
#2042 0 80000156 fae7ae23 m f0040fbc   00000022  sw       x14, -0x44(x15)
#2043 0 8000015a fec42783 r 0f         00000005  lw       x15, -0x14(x8)
#2044 0 8000015e     078a r 0f         00000014  c.slli   x15, 2
#2045 0 80000160     17c1 r 0f         00000004  c.addi   x15, -0x10
#2046 0 80000162     97a2 r 0f         f0041004  c.add    x15, x8
#2047 0 80000164 fe442703 r 0e         0000002d  lw       x14, -0x1c(x8)
#2048 0 80000168 fae7ae23 m f0040fc0   0000002d  sw       x14, -0x44(x15)
#2049 0 8000016c fec42783 r 0f         00000005  lw       x15, -0x14(x8)
#2050 0 80000170     17fd r 0f         00000004  c.addi   x15, -0x1
#2051 0 80000172 fef42623 m f0040fec   00000004  sw       x15, -0x14(x8)
#2052 0 80000176 fec42703 r 0e         00000004  lw       x14, -0x14(x8)
#2053 0 8000017a fe842783 r 0f         0000000d  lw       x15, -0x18(x8)
#2054 0 8000017e f6f749e3 r 00         00000000  blt      x14, x15, . - 0x8e
#2055 0 800000f0 fec42783 r 0f         00000004  lw       x15, -0x14(x8)
#2056 0 800000f4     c395 r 00         00000000  c.beqz   x15, . + 0x24
#2057 0 800000f6 fec42783 r 0f         00000004  lw       x15, -0x14(x8)
#2058 0 800000fa     17fd r 0f         00000003  c.addi   x15, -0x1
#2059 0 800000fc     078a r 0f         0000000c  c.slli   x15, 2
#2060 0 800000fe     17c1 r 0f         fffffffc  c.addi   x15, -0x10
#2061 0 80000100     97a2 r 0f         f0040ffc  c.add    x15, x8
#2062 0 80000102 fbc7a703 r 0e         0000002c  lw       x14, -0x44(x15)
#2063 0 80000106 fec42783 r 0f         00000004  lw       x15, -0x14(x8)
#2064 0 8000010a     078a r 0f         00000010  c.slli   x15, 2
#2065 0 8000010c     17c1 r 0f         00000000  c.addi   x15, -0x10
#2066 0 8000010e     97a2 r 0f         f0041000  c.add    x15, x8
#2067 0 80000110 fbc7a783 r 0f         00000022  lw       x15, -0x44(x15)
#2068 0 80000114 00e7c863 r 00         00000000  blt      x15, x14, . + 0x10
#2069 0 80000124 fec42783 r 0f         00000004  lw       x15, -0x14(x8)
#2070 0 80000128     17fd r 0f         00000003  c.addi   x15, -0x1
#2071 0 8000012a     078a r 0f         0000000c  c.slli   x15, 2
#2072 0 8000012c     17c1 r 0f         fffffffc  c.addi   x15, -0x10
#2073 0 8000012e     97a2 r 0f         f0040ffc  c.add    x15, x8
#2074 0 80000130 fbc7a783 r 0f         0000002c  lw       x15, -0x44(x15)
#2075 0 80000134 fef42223 m f0040fe4   0000002c  sw       x15, -0x1c(x8)
#2076 0 80000138 fec42783 r 0f         00000004  lw       x15, -0x14(x8)
#2077 0 8000013c fff78693 r 0d         00000003  addi     x13, x15, -0x1
#2078 0 80000140 fec42783 r 0f         00000004  lw       x15, -0x14(x8)
#2079 0 80000144     078a r 0f         00000010  c.slli   x15, 2
#2080 0 80000146     17c1 r 0f         00000000  c.addi   x15, -0x10
#2081 0 80000148     97a2 r 0f         f0041000  c.add    x15, x8
#2082 0 8000014a fbc7a703 r 0e         00000022  lw       x14, -0x44(x15)
#2083 0 8000014e 00269793 r 0f         0000000c  slli     x15, x13, 0x2
#2084 0 80000152     17c1 r 0f         fffffffc  c.addi   x15, -0x10
#2085 0 80000154     97a2 r 0f         f0040ffc  c.add    x15, x8
#2086 0 80000156 fae7ae23 m f0040fb8   00000022  sw       x14, -0x44(x15)
#2087 0 8000015a fec42783 r 0f         00000004  lw       x15, -0x14(x8)
#2088 0 8000015e     078a r 0f         00000010  c.slli   x15, 2
#2089 0 80000160     17c1 r 0f         00000000  c.addi   x15, -0x10
#2090 0 80000162     97a2 r 0f         f0041000  c.add    x15, x8
#2091 0 80000164 fe442703 r 0e         0000002c  lw       x14, -0x1c(x8)
#2092 0 80000168 fae7ae23 m f0040fbc   0000002c  sw       x14, -0x44(x15)
#2093 0 8000016c fec42783 r 0f         00000004  lw       x15, -0x14(x8)
#2094 0 80000170     17fd r 0f         00000003  c.addi   x15, -0x1
#2095 0 80000172 fef42623 m f0040fec   00000003  sw       x15, -0x14(x8)
#2096 0 80000176 fec42703 r 0e         00000003  lw       x14, -0x14(x8)
#2097 0 8000017a fe842783 r 0f         0000000d  lw       x15, -0x18(x8)
#2098 0 8000017e f6f749e3 r 00         00000000  blt      x14, x15, . - 0x8e
#2099 0 800000f0 fec42783 r 0f         00000003  lw       x15, -0x14(x8)
#2100 0 800000f4     c395 r 00         00000000  c.beqz   x15, . + 0x24
#2101 0 800000f6 fec42783 r 0f         00000003  lw       x15, -0x14(x8)
#2102 0 800000fa     17fd r 0f         00000002  c.addi   x15, -0x1
#2103 0 800000fc     078a r 0f         00000008  c.slli   x15, 2
#2104 0 800000fe     17c1 r 0f         fffffff8  c.addi   x15, -0x10
#2105 0 80000100     97a2 r 0f         f0040ff8  c.add    x15, x8
#2106 0 80000102 fbc7a703 r 0e         00000017  lw       x14, -0x44(x15)
#2107 0 80000106 fec42783 r 0f         00000003  lw       x15, -0x14(x8)
#2108 0 8000010a     078a r 0f         0000000c  c.slli   x15, 2
#2109 0 8000010c     17c1 r 0f         fffffffc  c.addi   x15, -0x10
#2110 0 8000010e     97a2 r 0f         f0040ffc  c.add    x15, x8
#2111 0 80000110 fbc7a783 r 0f         00000022  lw       x15, -0x44(x15)
#2112 0 80000114 00e7c863 r 00         00000000  blt      x15, x14, . + 0x10
#2113 0 80000118 fec42783 r 0f         00000003  lw       x15, -0x14(x8)
#2114 0 8000011c     0785 r 0f         00000004  c.addi   x15, 0x1
#2115 0 8000011e fef42623 m f0040fec   00000004  sw       x15, -0x14(x8)
#2116 0 80000122     a891 r 00         00000000  c.j      . + 0x54
#2117 0 80000176 fec42703 r 0e         00000004  lw       x14, -0x14(x8)
#2118 0 8000017a fe842783 r 0f         0000000d  lw       x15, -0x18(x8)
#2119 0 8000017e f6f749e3 r 00         00000000  blt      x14, x15, . - 0x8e
#2120 0 800000f0 fec42783 r 0f         00000004  lw       x15, -0x14(x8)
#2121 0 800000f4     c395 r 00         00000000  c.beqz   x15, . + 0x24
#2122 0 800000f6 fec42783 r 0f         00000004  lw       x15, -0x14(x8)
#2123 0 800000fa     17fd r 0f         00000003  c.addi   x15, -0x1
#2124 0 800000fc     078a r 0f         0000000c  c.slli   x15, 2
#2125 0 800000fe     17c1 r 0f         fffffffc  c.addi   x15, -0x10
#2126 0 80000100     97a2 r 0f         f0040ffc  c.add    x15, x8
#2127 0 80000102 fbc7a703 r 0e         00000022  lw       x14, -0x44(x15)
#2128 0 80000106 fec42783 r 0f         00000004  lw       x15, -0x14(x8)
#2129 0 8000010a     078a r 0f         00000010  c.slli   x15, 2
#2130 0 8000010c     17c1 r 0f         00000000  c.addi   x15, -0x10
#2131 0 8000010e     97a2 r 0f         f0041000  c.add    x15, x8
#2132 0 80000110 fbc7a783 r 0f         0000002c  lw       x15, -0x44(x15)
#2133 0 80000114 00e7c863 r 00         00000000  blt      x15, x14, . + 0x10
#2134 0 80000118 fec42783 r 0f         00000004  lw       x15, -0x14(x8)
#2135 0 8000011c     0785 r 0f         00000005  c.addi   x15, 0x1
#2136 0 8000011e fef42623 m f0040fec   00000005  sw       x15, -0x14(x8)
#2137 0 80000122     a891 r 00         00000000  c.j      . + 0x54
#2138 0 80000176 fec42703 r 0e         00000005  lw       x14, -0x14(x8)
#2139 0 8000017a fe842783 r 0f         0000000d  lw       x15, -0x18(x8)
#2140 0 8000017e f6f749e3 r 00         00000000  blt      x14, x15, . - 0x8e
#2141 0 800000f0 fec42783 r 0f         00000005  lw       x15, -0x14(x8)
#2142 0 800000f4     c395 r 00         00000000  c.beqz   x15, . + 0x24
#2143 0 800000f6 fec42783 r 0f         00000005  lw       x15, -0x14(x8)
#2144 0 800000fa     17fd r 0f         00000004  c.addi   x15, -0x1
#2145 0 800000fc     078a r 0f         00000010  c.slli   x15, 2
#2146 0 800000fe     17c1 r 0f         00000000  c.addi   x15, -0x10
#2147 0 80000100     97a2 r 0f         f0041000  c.add    x15, x8
#2148 0 80000102 fbc7a703 r 0e         0000002c  lw       x14, -0x44(x15)
#2149 0 80000106 fec42783 r 0f         00000005  lw       x15, -0x14(x8)
#2150 0 8000010a     078a r 0f         00000014  c.slli   x15, 2
#2151 0 8000010c     17c1 r 0f         00000004  c.addi   x15, -0x10
#2152 0 8000010e     97a2 r 0f         f0041004  c.add    x15, x8
#2153 0 80000110 fbc7a783 r 0f         0000002d  lw       x15, -0x44(x15)
#2154 0 80000114 00e7c863 r 00         00000000  blt      x15, x14, . + 0x10
#2155 0 80000118 fec42783 r 0f         00000005  lw       x15, -0x14(x8)
#2156 0 8000011c     0785 r 0f         00000006  c.addi   x15, 0x1
#2157 0 8000011e fef42623 m f0040fec   00000006  sw       x15, -0x14(x8)
#2158 0 80000122     a891 r 00         00000000  c.j      . + 0x54
#2159 0 80000176 fec42703 r 0e         00000006  lw       x14, -0x14(x8)
#2160 0 8000017a fe842783 r 0f         0000000d  lw       x15, -0x18(x8)
#2161 0 8000017e f6f749e3 r 00         00000000  blt      x14, x15, . - 0x8e
#2162 0 800000f0 fec42783 r 0f         00000006  lw       x15, -0x14(x8)
#2163 0 800000f4     c395 r 00         00000000  c.beqz   x15, . + 0x24
#2164 0 800000f6 fec42783 r 0f         00000006  lw       x15, -0x14(x8)
#2165 0 800000fa     17fd r 0f         00000005  c.addi   x15, -0x1
#2166 0 800000fc     078a r 0f         00000014  c.slli   x15, 2
#2167 0 800000fe     17c1 r 0f         00000004  c.addi   x15, -0x10
#2168 0 80000100     97a2 r 0f         f0041004  c.add    x15, x8
#2169 0 80000102 fbc7a703 r 0e         0000002d  lw       x14, -0x44(x15)
#2170 0 80000106 fec42783 r 0f         00000006  lw       x15, -0x14(x8)
#2171 0 8000010a     078a r 0f         00000018  c.slli   x15, 2
#2172 0 8000010c     17c1 r 0f         00000008  c.addi   x15, -0x10
#2173 0 8000010e     97a2 r 0f         f0041008  c.add    x15, x8
#2174 0 80000110 fbc7a783 r 0f         00000043  lw       x15, -0x44(x15)
#2175 0 80000114 00e7c863 r 00         00000000  blt      x15, x14, . + 0x10
#2176 0 80000118 fec42783 r 0f         00000006  lw       x15, -0x14(x8)
#2177 0 8000011c     0785 r 0f         00000007  c.addi   x15, 0x1
#2178 0 8000011e fef42623 m f0040fec   00000007  sw       x15, -0x14(x8)
#2179 0 80000122     a891 r 00         00000000  c.j      . + 0x54
#2180 0 80000176 fec42703 r 0e         00000007  lw       x14, -0x14(x8)
#2181 0 8000017a fe842783 r 0f         0000000d  lw       x15, -0x18(x8)
#2182 0 8000017e f6f749e3 r 00         00000000  blt      x14, x15, . - 0x8e
#2183 0 800000f0 fec42783 r 0f         00000007  lw       x15, -0x14(x8)
#2184 0 800000f4     c395 r 00         00000000  c.beqz   x15, . + 0x24
#2185 0 800000f6 fec42783 r 0f         00000007  lw       x15, -0x14(x8)
#2186 0 800000fa     17fd r 0f         00000006  c.addi   x15, -0x1
#2187 0 800000fc     078a r 0f         00000018  c.slli   x15, 2
#2188 0 800000fe     17c1 r 0f         00000008  c.addi   x15, -0x10
#2189 0 80000100     97a2 r 0f         f0041008  c.add    x15, x8
#2190 0 80000102 fbc7a703 r 0e         00000043  lw       x14, -0x44(x15)
#2191 0 80000106 fec42783 r 0f         00000007  lw       x15, -0x14(x8)
#2192 0 8000010a     078a r 0f         0000001c  c.slli   x15, 2
#2193 0 8000010c     17c1 r 0f         0000000c  c.addi   x15, -0x10
#2194 0 8000010e     97a2 r 0f         f004100c  c.add    x15, x8
#2195 0 80000110 fbc7a783 r 0f         00000048  lw       x15, -0x44(x15)
#2196 0 80000114 00e7c863 r 00         00000000  blt      x15, x14, . + 0x10
#2197 0 80000118 fec42783 r 0f         00000007  lw       x15, -0x14(x8)
#2198 0 8000011c     0785 r 0f         00000008  c.addi   x15, 0x1
#2199 0 8000011e fef42623 m f0040fec   00000008  sw       x15, -0x14(x8)
#2200 0 80000122     a891 r 00         00000000  c.j      . + 0x54
#2201 0 80000176 fec42703 r 0e         00000008  lw       x14, -0x14(x8)
#2202 0 8000017a fe842783 r 0f         0000000d  lw       x15, -0x18(x8)
#2203 0 8000017e f6f749e3 r 00         00000000  blt      x14, x15, . - 0x8e
#2204 0 800000f0 fec42783 r 0f         00000008  lw       x15, -0x14(x8)
#2205 0 800000f4     c395 r 00         00000000  c.beqz   x15, . + 0x24
#2206 0 800000f6 fec42783 r 0f         00000008  lw       x15, -0x14(x8)
#2207 0 800000fa     17fd r 0f         00000007  c.addi   x15, -0x1
#2208 0 800000fc     078a r 0f         0000001c  c.slli   x15, 2
#2209 0 800000fe     17c1 r 0f         0000000c  c.addi   x15, -0x10
#2210 0 80000100     97a2 r 0f         f004100c  c.add    x15, x8
#2211 0 80000102 fbc7a703 r 0e         00000048  lw       x14, -0x44(x15)
#2212 0 80000106 fec42783 r 0f         00000008  lw       x15, -0x14(x8)
#2213 0 8000010a     078a r 0f         00000020  c.slli   x15, 2
#2214 0 8000010c     17c1 r 0f         00000010  c.addi   x15, -0x10
#2215 0 8000010e     97a2 r 0f         f0041010  c.add    x15, x8
#2216 0 80000110 fbc7a783 r 0f         0000004e  lw       x15, -0x44(x15)
#2217 0 80000114 00e7c863 r 00         00000000  blt      x15, x14, . + 0x10
#2218 0 80000118 fec42783 r 0f         00000008  lw       x15, -0x14(x8)
#2219 0 8000011c     0785 r 0f         00000009  c.addi   x15, 0x1
#2220 0 8000011e fef42623 m f0040fec   00000009  sw       x15, -0x14(x8)
#2221 0 80000122     a891 r 00         00000000  c.j      . + 0x54
#2222 0 80000176 fec42703 r 0e         00000009  lw       x14, -0x14(x8)
#2223 0 8000017a fe842783 r 0f         0000000d  lw       x15, -0x18(x8)
#2224 0 8000017e f6f749e3 r 00         00000000  blt      x14, x15, . - 0x8e
#2225 0 800000f0 fec42783 r 0f         00000009  lw       x15, -0x14(x8)
#2226 0 800000f4     c395 r 00         00000000  c.beqz   x15, . + 0x24
#2227 0 800000f6 fec42783 r 0f         00000009  lw       x15, -0x14(x8)
#2228 0 800000fa     17fd r 0f         00000008  c.addi   x15, -0x1
#2229 0 800000fc     078a r 0f         00000020  c.slli   x15, 2
#2230 0 800000fe     17c1 r 0f         00000010  c.addi   x15, -0x10
#2231 0 80000100     97a2 r 0f         f0041010  c.add    x15, x8
#2232 0 80000102 fbc7a703 r 0e         0000004e  lw       x14, -0x44(x15)
#2233 0 80000106 fec42783 r 0f         00000009  lw       x15, -0x14(x8)
#2234 0 8000010a     078a r 0f         00000024  c.slli   x15, 2
#2235 0 8000010c     17c1 r 0f         00000014  c.addi   x15, -0x10
#2236 0 8000010e     97a2 r 0f         f0041014  c.add    x15, x8
#2237 0 80000110 fbc7a783 r 0f         00000058  lw       x15, -0x44(x15)
#2238 0 80000114 00e7c863 r 00         00000000  blt      x15, x14, . + 0x10
#2239 0 80000118 fec42783 r 0f         00000009  lw       x15, -0x14(x8)
#2240 0 8000011c     0785 r 0f         0000000a  c.addi   x15, 0x1
#2241 0 8000011e fef42623 m f0040fec   0000000a  sw       x15, -0x14(x8)
#2242 0 80000122     a891 r 00         00000000  c.j      . + 0x54
#2243 0 80000176 fec42703 r 0e         0000000a  lw       x14, -0x14(x8)
#2244 0 8000017a fe842783 r 0f         0000000d  lw       x15, -0x18(x8)
#2245 0 8000017e f6f749e3 r 00         00000000  blt      x14, x15, . - 0x8e
#2246 0 800000f0 fec42783 r 0f         0000000a  lw       x15, -0x14(x8)
#2247 0 800000f4     c395 r 00         00000000  c.beqz   x15, . + 0x24
#2248 0 800000f6 fec42783 r 0f         0000000a  lw       x15, -0x14(x8)
#2249 0 800000fa     17fd r 0f         00000009  c.addi   x15, -0x1
#2250 0 800000fc     078a r 0f         00000024  c.slli   x15, 2
#2251 0 800000fe     17c1 r 0f         00000014  c.addi   x15, -0x10
#2252 0 80000100     97a2 r 0f         f0041014  c.add    x15, x8
#2253 0 80000102 fbc7a703 r 0e         00000058  lw       x14, -0x44(x15)
#2254 0 80000106 fec42783 r 0f         0000000a  lw       x15, -0x14(x8)
#2255 0 8000010a     078a r 0f         00000028  c.slli   x15, 2
#2256 0 8000010c     17c1 r 0f         00000018  c.addi   x15, -0x10
#2257 0 8000010e     97a2 r 0f         f0041018  c.add    x15, x8
#2258 0 80000110 fbc7a783 r 0f         00000059  lw       x15, -0x44(x15)
#2259 0 80000114 00e7c863 r 00         00000000  blt      x15, x14, . + 0x10
#2260 0 80000118 fec42783 r 0f         0000000a  lw       x15, -0x14(x8)
#2261 0 8000011c     0785 r 0f         0000000b  c.addi   x15, 0x1
#2262 0 8000011e fef42623 m f0040fec   0000000b  sw       x15, -0x14(x8)
#2263 0 80000122     a891 r 00         00000000  c.j      . + 0x54
#2264 0 80000176 fec42703 r 0e         0000000b  lw       x14, -0x14(x8)
#2265 0 8000017a fe842783 r 0f         0000000d  lw       x15, -0x18(x8)
#2266 0 8000017e f6f749e3 r 00         00000000  blt      x14, x15, . - 0x8e
#2267 0 800000f0 fec42783 r 0f         0000000b  lw       x15, -0x14(x8)
#2268 0 800000f4     c395 r 00         00000000  c.beqz   x15, . + 0x24
#2269 0 800000f6 fec42783 r 0f         0000000b  lw       x15, -0x14(x8)
#2270 0 800000fa     17fd r 0f         0000000a  c.addi   x15, -0x1
#2271 0 800000fc     078a r 0f         00000028  c.slli   x15, 2
#2272 0 800000fe     17c1 r 0f         00000018  c.addi   x15, -0x10
#2273 0 80000100     97a2 r 0f         f0041018  c.add    x15, x8
#2274 0 80000102 fbc7a703 r 0e         00000059  lw       x14, -0x44(x15)
#2275 0 80000106 fec42783 r 0f         0000000b  lw       x15, -0x14(x8)
#2276 0 8000010a     078a r 0f         0000002c  c.slli   x15, 2
#2277 0 8000010c     17c1 r 0f         0000001c  c.addi   x15, -0x10
#2278 0 8000010e     97a2 r 0f         f004101c  c.add    x15, x8
#2279 0 80000110 fbc7a783 r 0f         0000005a  lw       x15, -0x44(x15)
#2280 0 80000114 00e7c863 r 00         00000000  blt      x15, x14, . + 0x10
#2281 0 80000118 fec42783 r 0f         0000000b  lw       x15, -0x14(x8)
#2282 0 8000011c     0785 r 0f         0000000c  c.addi   x15, 0x1
#2283 0 8000011e fef42623 m f0040fec   0000000c  sw       x15, -0x14(x8)
#2284 0 80000122     a891 r 00         00000000  c.j      . + 0x54
#2285 0 80000176 fec42703 r 0e         0000000c  lw       x14, -0x14(x8)
#2286 0 8000017a fe842783 r 0f         0000000d  lw       x15, -0x18(x8)
#2287 0 8000017e f6f749e3 r 00         00000000  blt      x14, x15, . - 0x8e
#2288 0 800000f0 fec42783 r 0f         0000000c  lw       x15, -0x14(x8)
#2289 0 800000f4     c395 r 00         00000000  c.beqz   x15, . + 0x24
#2290 0 800000f6 fec42783 r 0f         0000000c  lw       x15, -0x14(x8)
#2291 0 800000fa     17fd r 0f         0000000b  c.addi   x15, -0x1
#2292 0 800000fc     078a r 0f         0000002c  c.slli   x15, 2
#2293 0 800000fe     17c1 r 0f         0000001c  c.addi   x15, -0x10
#2294 0 80000100     97a2 r 0f         f004101c  c.add    x15, x8
#2295 0 80000102 fbc7a703 r 0e         0000005a  lw       x14, -0x44(x15)
#2296 0 80000106 fec42783 r 0f         0000000c  lw       x15, -0x14(x8)
#2297 0 8000010a     078a r 0f         00000030  c.slli   x15, 2
#2298 0 8000010c     17c1 r 0f         00000020  c.addi   x15, -0x10
#2299 0 8000010e     97a2 r 0f         f0041020  c.add    x15, x8
#2300 0 80000110 fbc7a783 r 0f         00000042  lw       x15, -0x44(x15)
#2301 0 80000114 00e7c863 r 00         00000000  blt      x15, x14, . + 0x10
#2302 0 80000124 fec42783 r 0f         0000000c  lw       x15, -0x14(x8)
#2303 0 80000128     17fd r 0f         0000000b  c.addi   x15, -0x1
#2304 0 8000012a     078a r 0f         0000002c  c.slli   x15, 2
#2305 0 8000012c     17c1 r 0f         0000001c  c.addi   x15, -0x10
#2306 0 8000012e     97a2 r 0f         f004101c  c.add    x15, x8
#2307 0 80000130 fbc7a783 r 0f         0000005a  lw       x15, -0x44(x15)
#2308 0 80000134 fef42223 m f0040fe4   0000005a  sw       x15, -0x1c(x8)
#2309 0 80000138 fec42783 r 0f         0000000c  lw       x15, -0x14(x8)
#2310 0 8000013c fff78693 r 0d         0000000b  addi     x13, x15, -0x1
#2311 0 80000140 fec42783 r 0f         0000000c  lw       x15, -0x14(x8)
#2312 0 80000144     078a r 0f         00000030  c.slli   x15, 2
#2313 0 80000146     17c1 r 0f         00000020  c.addi   x15, -0x10
#2314 0 80000148     97a2 r 0f         f0041020  c.add    x15, x8
#2315 0 8000014a fbc7a703 r 0e         00000042  lw       x14, -0x44(x15)
#2316 0 8000014e 00269793 r 0f         0000002c  slli     x15, x13, 0x2
#2317 0 80000152     17c1 r 0f         0000001c  c.addi   x15, -0x10
#2318 0 80000154     97a2 r 0f         f004101c  c.add    x15, x8
#2319 0 80000156 fae7ae23 m f0040fd8   00000042  sw       x14, -0x44(x15)
#2320 0 8000015a fec42783 r 0f         0000000c  lw       x15, -0x14(x8)
#2321 0 8000015e     078a r 0f         00000030  c.slli   x15, 2
#2322 0 80000160     17c1 r 0f         00000020  c.addi   x15, -0x10
#2323 0 80000162     97a2 r 0f         f0041020  c.add    x15, x8
#2324 0 80000164 fe442703 r 0e         0000005a  lw       x14, -0x1c(x8)
#2325 0 80000168 fae7ae23 m f0040fdc   0000005a  sw       x14, -0x44(x15)
#2326 0 8000016c fec42783 r 0f         0000000c  lw       x15, -0x14(x8)
#2327 0 80000170     17fd r 0f         0000000b  c.addi   x15, -0x1
#2328 0 80000172 fef42623 m f0040fec   0000000b  sw       x15, -0x14(x8)
#2329 0 80000176 fec42703 r 0e         0000000b  lw       x14, -0x14(x8)
#2330 0 8000017a fe842783 r 0f         0000000d  lw       x15, -0x18(x8)
#2331 0 8000017e f6f749e3 r 00         00000000  blt      x14, x15, . - 0x8e
#2332 0 800000f0 fec42783 r 0f         0000000b  lw       x15, -0x14(x8)
#2333 0 800000f4     c395 r 00         00000000  c.beqz   x15, . + 0x24
#2334 0 800000f6 fec42783 r 0f         0000000b  lw       x15, -0x14(x8)
#2335 0 800000fa     17fd r 0f         0000000a  c.addi   x15, -0x1
#2336 0 800000fc     078a r 0f         00000028  c.slli   x15, 2
#2337 0 800000fe     17c1 r 0f         00000018  c.addi   x15, -0x10
#2338 0 80000100     97a2 r 0f         f0041018  c.add    x15, x8
#2339 0 80000102 fbc7a703 r 0e         00000059  lw       x14, -0x44(x15)
#2340 0 80000106 fec42783 r 0f         0000000b  lw       x15, -0x14(x8)
#2341 0 8000010a     078a r 0f         0000002c  c.slli   x15, 2
#2342 0 8000010c     17c1 r 0f         0000001c  c.addi   x15, -0x10
#2343 0 8000010e     97a2 r 0f         f004101c  c.add    x15, x8
#2344 0 80000110 fbc7a783 r 0f         00000042  lw       x15, -0x44(x15)
#2345 0 80000114 00e7c863 r 00         00000000  blt      x15, x14, . + 0x10
#2346 0 80000124 fec42783 r 0f         0000000b  lw       x15, -0x14(x8)
#2347 0 80000128     17fd r 0f         0000000a  c.addi   x15, -0x1
#2348 0 8000012a     078a r 0f         00000028  c.slli   x15, 2
#2349 0 8000012c     17c1 r 0f         00000018  c.addi   x15, -0x10
#2350 0 8000012e     97a2 r 0f         f0041018  c.add    x15, x8
#2351 0 80000130 fbc7a783 r 0f         00000059  lw       x15, -0x44(x15)
#2352 0 80000134 fef42223 m f0040fe4   00000059  sw       x15, -0x1c(x8)
#2353 0 80000138 fec42783 r 0f         0000000b  lw       x15, -0x14(x8)
#2354 0 8000013c fff78693 r 0d         0000000a  addi     x13, x15, -0x1
#2355 0 80000140 fec42783 r 0f         0000000b  lw       x15, -0x14(x8)
#2356 0 80000144     078a r 0f         0000002c  c.slli   x15, 2
#2357 0 80000146     17c1 r 0f         0000001c  c.addi   x15, -0x10
#2358 0 80000148     97a2 r 0f         f004101c  c.add    x15, x8
#2359 0 8000014a fbc7a703 r 0e         00000042  lw       x14, -0x44(x15)
#2360 0 8000014e 00269793 r 0f         00000028  slli     x15, x13, 0x2
#2361 0 80000152     17c1 r 0f         00000018  c.addi   x15, -0x10
#2362 0 80000154     97a2 r 0f         f0041018  c.add    x15, x8
#2363 0 80000156 fae7ae23 m f0040fd4   00000042  sw       x14, -0x44(x15)
#2364 0 8000015a fec42783 r 0f         0000000b  lw       x15, -0x14(x8)
#2365 0 8000015e     078a r 0f         0000002c  c.slli   x15, 2
#2366 0 80000160     17c1 r 0f         0000001c  c.addi   x15, -0x10
#2367 0 80000162     97a2 r 0f         f004101c  c.add    x15, x8
#2368 0 80000164 fe442703 r 0e         00000059  lw       x14, -0x1c(x8)
#2369 0 80000168 fae7ae23 m f0040fd8   00000059  sw       x14, -0x44(x15)
#2370 0 8000016c fec42783 r 0f         0000000b  lw       x15, -0x14(x8)
#2371 0 80000170     17fd r 0f         0000000a  c.addi   x15, -0x1
#2372 0 80000172 fef42623 m f0040fec   0000000a  sw       x15, -0x14(x8)
#2373 0 80000176 fec42703 r 0e         0000000a  lw       x14, -0x14(x8)
#2374 0 8000017a fe842783 r 0f         0000000d  lw       x15, -0x18(x8)
#2375 0 8000017e f6f749e3 r 00         00000000  blt      x14, x15, . - 0x8e
#2376 0 800000f0 fec42783 r 0f         0000000a  lw       x15, -0x14(x8)
#2377 0 800000f4     c395 r 00         00000000  c.beqz   x15, . + 0x24
#2378 0 800000f6 fec42783 r 0f         0000000a  lw       x15, -0x14(x8)
#2379 0 800000fa     17fd r 0f         00000009  c.addi   x15, -0x1
#2380 0 800000fc     078a r 0f         00000024  c.slli   x15, 2
#2381 0 800000fe     17c1 r 0f         00000014  c.addi   x15, -0x10
#2382 0 80000100     97a2 r 0f         f0041014  c.add    x15, x8
#2383 0 80000102 fbc7a703 r 0e         00000058  lw       x14, -0x44(x15)
#2384 0 80000106 fec42783 r 0f         0000000a  lw       x15, -0x14(x8)
#2385 0 8000010a     078a r 0f         00000028  c.slli   x15, 2
#2386 0 8000010c     17c1 r 0f         00000018  c.addi   x15, -0x10
#2387 0 8000010e     97a2 r 0f         f0041018  c.add    x15, x8
#2388 0 80000110 fbc7a783 r 0f         00000042  lw       x15, -0x44(x15)
#2389 0 80000114 00e7c863 r 00         00000000  blt      x15, x14, . + 0x10
#2390 0 80000124 fec42783 r 0f         0000000a  lw       x15, -0x14(x8)
#2391 0 80000128     17fd r 0f         00000009  c.addi   x15, -0x1
#2392 0 8000012a     078a r 0f         00000024  c.slli   x15, 2
#2393 0 8000012c     17c1 r 0f         00000014  c.addi   x15, -0x10
#2394 0 8000012e     97a2 r 0f         f0041014  c.add    x15, x8
#2395 0 80000130 fbc7a783 r 0f         00000058  lw       x15, -0x44(x15)
#2396 0 80000134 fef42223 m f0040fe4   00000058  sw       x15, -0x1c(x8)
#2397 0 80000138 fec42783 r 0f         0000000a  lw       x15, -0x14(x8)
#2398 0 8000013c fff78693 r 0d         00000009  addi     x13, x15, -0x1
#2399 0 80000140 fec42783 r 0f         0000000a  lw       x15, -0x14(x8)
#2400 0 80000144     078a r 0f         00000028  c.slli   x15, 2
#2401 0 80000146     17c1 r 0f         00000018  c.addi   x15, -0x10
#2402 0 80000148     97a2 r 0f         f0041018  c.add    x15, x8
#2403 0 8000014a fbc7a703 r 0e         00000042  lw       x14, -0x44(x15)
#2404 0 8000014e 00269793 r 0f         00000024  slli     x15, x13, 0x2
#2405 0 80000152     17c1 r 0f         00000014  c.addi   x15, -0x10
#2406 0 80000154     97a2 r 0f         f0041014  c.add    x15, x8
#2407 0 80000156 fae7ae23 m f0040fd0   00000042  sw       x14, -0x44(x15)
#2408 0 8000015a fec42783 r 0f         0000000a  lw       x15, -0x14(x8)
#2409 0 8000015e     078a r 0f         00000028  c.slli   x15, 2
#2410 0 80000160     17c1 r 0f         00000018  c.addi   x15, -0x10
#2411 0 80000162     97a2 r 0f         f0041018  c.add    x15, x8
#2412 0 80000164 fe442703 r 0e         00000058  lw       x14, -0x1c(x8)
#2413 0 80000168 fae7ae23 m f0040fd4   00000058  sw       x14, -0x44(x15)
#2414 0 8000016c fec42783 r 0f         0000000a  lw       x15, -0x14(x8)
#2415 0 80000170     17fd r 0f         00000009  c.addi   x15, -0x1
#2416 0 80000172 fef42623 m f0040fec   00000009  sw       x15, -0x14(x8)
#2417 0 80000176 fec42703 r 0e         00000009  lw       x14, -0x14(x8)
#2418 0 8000017a fe842783 r 0f         0000000d  lw       x15, -0x18(x8)
#2419 0 8000017e f6f749e3 r 00         00000000  blt      x14, x15, . - 0x8e
#2420 0 800000f0 fec42783 r 0f         00000009  lw       x15, -0x14(x8)
#2421 0 800000f4     c395 r 00         00000000  c.beqz   x15, . + 0x24
#2422 0 800000f6 fec42783 r 0f         00000009  lw       x15, -0x14(x8)
#2423 0 800000fa     17fd r 0f         00000008  c.addi   x15, -0x1
#2424 0 800000fc     078a r 0f         00000020  c.slli   x15, 2
#2425 0 800000fe     17c1 r 0f         00000010  c.addi   x15, -0x10
#2426 0 80000100     97a2 r 0f         f0041010  c.add    x15, x8
#2427 0 80000102 fbc7a703 r 0e         0000004e  lw       x14, -0x44(x15)
#2428 0 80000106 fec42783 r 0f         00000009  lw       x15, -0x14(x8)
#2429 0 8000010a     078a r 0f         00000024  c.slli   x15, 2
#2430 0 8000010c     17c1 r 0f         00000014  c.addi   x15, -0x10
#2431 0 8000010e     97a2 r 0f         f0041014  c.add    x15, x8
#2432 0 80000110 fbc7a783 r 0f         00000042  lw       x15, -0x44(x15)
#2433 0 80000114 00e7c863 r 00         00000000  blt      x15, x14, . + 0x10
#2434 0 80000124 fec42783 r 0f         00000009  lw       x15, -0x14(x8)
#2435 0 80000128     17fd r 0f         00000008  c.addi   x15, -0x1
#2436 0 8000012a     078a r 0f         00000020  c.slli   x15, 2
#2437 0 8000012c     17c1 r 0f         00000010  c.addi   x15, -0x10
#2438 0 8000012e     97a2 r 0f         f0041010  c.add    x15, x8
#2439 0 80000130 fbc7a783 r 0f         0000004e  lw       x15, -0x44(x15)
#2440 0 80000134 fef42223 m f0040fe4   0000004e  sw       x15, -0x1c(x8)
#2441 0 80000138 fec42783 r 0f         00000009  lw       x15, -0x14(x8)
#2442 0 8000013c fff78693 r 0d         00000008  addi     x13, x15, -0x1
#2443 0 80000140 fec42783 r 0f         00000009  lw       x15, -0x14(x8)
#2444 0 80000144     078a r 0f         00000024  c.slli   x15, 2
#2445 0 80000146     17c1 r 0f         00000014  c.addi   x15, -0x10
#2446 0 80000148     97a2 r 0f         f0041014  c.add    x15, x8
#2447 0 8000014a fbc7a703 r 0e         00000042  lw       x14, -0x44(x15)
#2448 0 8000014e 00269793 r 0f         00000020  slli     x15, x13, 0x2
#2449 0 80000152     17c1 r 0f         00000010  c.addi   x15, -0x10
#2450 0 80000154     97a2 r 0f         f0041010  c.add    x15, x8
#2451 0 80000156 fae7ae23 m f0040fcc   00000042  sw       x14, -0x44(x15)
#2452 0 8000015a fec42783 r 0f         00000009  lw       x15, -0x14(x8)
#2453 0 8000015e     078a r 0f         00000024  c.slli   x15, 2
#2454 0 80000160     17c1 r 0f         00000014  c.addi   x15, -0x10
#2455 0 80000162     97a2 r 0f         f0041014  c.add    x15, x8
#2456 0 80000164 fe442703 r 0e         0000004e  lw       x14, -0x1c(x8)
#2457 0 80000168 fae7ae23 m f0040fd0   0000004e  sw       x14, -0x44(x15)
#2458 0 8000016c fec42783 r 0f         00000009  lw       x15, -0x14(x8)
#2459 0 80000170     17fd r 0f         00000008  c.addi   x15, -0x1
#2460 0 80000172 fef42623 m f0040fec   00000008  sw       x15, -0x14(x8)
#2461 0 80000176 fec42703 r 0e         00000008  lw       x14, -0x14(x8)
#2462 0 8000017a fe842783 r 0f         0000000d  lw       x15, -0x18(x8)
#2463 0 8000017e f6f749e3 r 00         00000000  blt      x14, x15, . - 0x8e
#2464 0 800000f0 fec42783 r 0f         00000008  lw       x15, -0x14(x8)
#2465 0 800000f4     c395 r 00         00000000  c.beqz   x15, . + 0x24
#2466 0 800000f6 fec42783 r 0f         00000008  lw       x15, -0x14(x8)
#2467 0 800000fa     17fd r 0f         00000007  c.addi   x15, -0x1
#2468 0 800000fc     078a r 0f         0000001c  c.slli   x15, 2
#2469 0 800000fe     17c1 r 0f         0000000c  c.addi   x15, -0x10
#2470 0 80000100     97a2 r 0f         f004100c  c.add    x15, x8
#2471 0 80000102 fbc7a703 r 0e         00000048  lw       x14, -0x44(x15)
#2472 0 80000106 fec42783 r 0f         00000008  lw       x15, -0x14(x8)
#2473 0 8000010a     078a r 0f         00000020  c.slli   x15, 2
#2474 0 8000010c     17c1 r 0f         00000010  c.addi   x15, -0x10
#2475 0 8000010e     97a2 r 0f         f0041010  c.add    x15, x8
#2476 0 80000110 fbc7a783 r 0f         00000042  lw       x15, -0x44(x15)
#2477 0 80000114 00e7c863 r 00         00000000  blt      x15, x14, . + 0x10
#2478 0 80000124 fec42783 r 0f         00000008  lw       x15, -0x14(x8)
#2479 0 80000128     17fd r 0f         00000007  c.addi   x15, -0x1
#2480 0 8000012a     078a r 0f         0000001c  c.slli   x15, 2
#2481 0 8000012c     17c1 r 0f         0000000c  c.addi   x15, -0x10
#2482 0 8000012e     97a2 r 0f         f004100c  c.add    x15, x8
#2483 0 80000130 fbc7a783 r 0f         00000048  lw       x15, -0x44(x15)
#2484 0 80000134 fef42223 m f0040fe4   00000048  sw       x15, -0x1c(x8)
#2485 0 80000138 fec42783 r 0f         00000008  lw       x15, -0x14(x8)
#2486 0 8000013c fff78693 r 0d         00000007  addi     x13, x15, -0x1
#2487 0 80000140 fec42783 r 0f         00000008  lw       x15, -0x14(x8)
#2488 0 80000144     078a r 0f         00000020  c.slli   x15, 2
#2489 0 80000146     17c1 r 0f         00000010  c.addi   x15, -0x10
#2490 0 80000148     97a2 r 0f         f0041010  c.add    x15, x8
#2491 0 8000014a fbc7a703 r 0e         00000042  lw       x14, -0x44(x15)
#2492 0 8000014e 00269793 r 0f         0000001c  slli     x15, x13, 0x2
#2493 0 80000152     17c1 r 0f         0000000c  c.addi   x15, -0x10
#2494 0 80000154     97a2 r 0f         f004100c  c.add    x15, x8
#2495 0 80000156 fae7ae23 m f0040fc8   00000042  sw       x14, -0x44(x15)
#2496 0 8000015a fec42783 r 0f         00000008  lw       x15, -0x14(x8)
#2497 0 8000015e     078a r 0f         00000020  c.slli   x15, 2
#2498 0 80000160     17c1 r 0f         00000010  c.addi   x15, -0x10
#2499 0 80000162     97a2 r 0f         f0041010  c.add    x15, x8
#2500 0 80000164 fe442703 r 0e         00000048  lw       x14, -0x1c(x8)
#2501 0 80000168 fae7ae23 m f0040fcc   00000048  sw       x14, -0x44(x15)
#2502 0 8000016c fec42783 r 0f         00000008  lw       x15, -0x14(x8)
#2503 0 80000170     17fd r 0f         00000007  c.addi   x15, -0x1
#2504 0 80000172 fef42623 m f0040fec   00000007  sw       x15, -0x14(x8)
#2505 0 80000176 fec42703 r 0e         00000007  lw       x14, -0x14(x8)
#2506 0 8000017a fe842783 r 0f         0000000d  lw       x15, -0x18(x8)
#2507 0 8000017e f6f749e3 r 00         00000000  blt      x14, x15, . - 0x8e
#2508 0 800000f0 fec42783 r 0f         00000007  lw       x15, -0x14(x8)
#2509 0 800000f4     c395 r 00         00000000  c.beqz   x15, . + 0x24
#2510 0 800000f6 fec42783 r 0f         00000007  lw       x15, -0x14(x8)
#2511 0 800000fa     17fd r 0f         00000006  c.addi   x15, -0x1
#2512 0 800000fc     078a r 0f         00000018  c.slli   x15, 2
#2513 0 800000fe     17c1 r 0f         00000008  c.addi   x15, -0x10
#2514 0 80000100     97a2 r 0f         f0041008  c.add    x15, x8
#2515 0 80000102 fbc7a703 r 0e         00000043  lw       x14, -0x44(x15)
#2516 0 80000106 fec42783 r 0f         00000007  lw       x15, -0x14(x8)
#2517 0 8000010a     078a r 0f         0000001c  c.slli   x15, 2
#2518 0 8000010c     17c1 r 0f         0000000c  c.addi   x15, -0x10
#2519 0 8000010e     97a2 r 0f         f004100c  c.add    x15, x8
#2520 0 80000110 fbc7a783 r 0f         00000042  lw       x15, -0x44(x15)
#2521 0 80000114 00e7c863 r 00         00000000  blt      x15, x14, . + 0x10
#2522 0 80000124 fec42783 r 0f         00000007  lw       x15, -0x14(x8)
#2523 0 80000128     17fd r 0f         00000006  c.addi   x15, -0x1
#2524 0 8000012a     078a r 0f         00000018  c.slli   x15, 2
#2525 0 8000012c     17c1 r 0f         00000008  c.addi   x15, -0x10
#2526 0 8000012e     97a2 r 0f         f0041008  c.add    x15, x8
#2527 0 80000130 fbc7a783 r 0f         00000043  lw       x15, -0x44(x15)
#2528 0 80000134 fef42223 m f0040fe4   00000043  sw       x15, -0x1c(x8)
#2529 0 80000138 fec42783 r 0f         00000007  lw       x15, -0x14(x8)
#2530 0 8000013c fff78693 r 0d         00000006  addi     x13, x15, -0x1
#2531 0 80000140 fec42783 r 0f         00000007  lw       x15, -0x14(x8)
#2532 0 80000144     078a r 0f         0000001c  c.slli   x15, 2
#2533 0 80000146     17c1 r 0f         0000000c  c.addi   x15, -0x10
#2534 0 80000148     97a2 r 0f         f004100c  c.add    x15, x8
#2535 0 8000014a fbc7a703 r 0e         00000042  lw       x14, -0x44(x15)
#2536 0 8000014e 00269793 r 0f         00000018  slli     x15, x13, 0x2
#2537 0 80000152     17c1 r 0f         00000008  c.addi   x15, -0x10
#2538 0 80000154     97a2 r 0f         f0041008  c.add    x15, x8
#2539 0 80000156 fae7ae23 m f0040fc4   00000042  sw       x14, -0x44(x15)
#2540 0 8000015a fec42783 r 0f         00000007  lw       x15, -0x14(x8)
#2541 0 8000015e     078a r 0f         0000001c  c.slli   x15, 2
#2542 0 80000160     17c1 r 0f         0000000c  c.addi   x15, -0x10
#2543 0 80000162     97a2 r 0f         f004100c  c.add    x15, x8
#2544 0 80000164 fe442703 r 0e         00000043  lw       x14, -0x1c(x8)
#2545 0 80000168 fae7ae23 m f0040fc8   00000043  sw       x14, -0x44(x15)
#2546 0 8000016c fec42783 r 0f         00000007  lw       x15, -0x14(x8)
#2547 0 80000170     17fd r 0f         00000006  c.addi   x15, -0x1
#2548 0 80000172 fef42623 m f0040fec   00000006  sw       x15, -0x14(x8)
#2549 0 80000176 fec42703 r 0e         00000006  lw       x14, -0x14(x8)
#2550 0 8000017a fe842783 r 0f         0000000d  lw       x15, -0x18(x8)
#2551 0 8000017e f6f749e3 r 00         00000000  blt      x14, x15, . - 0x8e
#2552 0 800000f0 fec42783 r 0f         00000006  lw       x15, -0x14(x8)
#2553 0 800000f4     c395 r 00         00000000  c.beqz   x15, . + 0x24
#2554 0 800000f6 fec42783 r 0f         00000006  lw       x15, -0x14(x8)
#2555 0 800000fa     17fd r 0f         00000005  c.addi   x15, -0x1
#2556 0 800000fc     078a r 0f         00000014  c.slli   x15, 2
#2557 0 800000fe     17c1 r 0f         00000004  c.addi   x15, -0x10
#2558 0 80000100     97a2 r 0f         f0041004  c.add    x15, x8
#2559 0 80000102 fbc7a703 r 0e         0000002d  lw       x14, -0x44(x15)
#2560 0 80000106 fec42783 r 0f         00000006  lw       x15, -0x14(x8)
#2561 0 8000010a     078a r 0f         00000018  c.slli   x15, 2
#2562 0 8000010c     17c1 r 0f         00000008  c.addi   x15, -0x10
#2563 0 8000010e     97a2 r 0f         f0041008  c.add    x15, x8
#2564 0 80000110 fbc7a783 r 0f         00000042  lw       x15, -0x44(x15)
#2565 0 80000114 00e7c863 r 00         00000000  blt      x15, x14, . + 0x10
#2566 0 80000118 fec42783 r 0f         00000006  lw       x15, -0x14(x8)
#2567 0 8000011c     0785 r 0f         00000007  c.addi   x15, 0x1
#2568 0 8000011e fef42623 m f0040fec   00000007  sw       x15, -0x14(x8)
#2569 0 80000122     a891 r 00         00000000  c.j      . + 0x54
#2570 0 80000176 fec42703 r 0e         00000007  lw       x14, -0x14(x8)
#2571 0 8000017a fe842783 r 0f         0000000d  lw       x15, -0x18(x8)
#2572 0 8000017e f6f749e3 r 00         00000000  blt      x14, x15, . - 0x8e
#2573 0 800000f0 fec42783 r 0f         00000007  lw       x15, -0x14(x8)
#2574 0 800000f4     c395 r 00         00000000  c.beqz   x15, . + 0x24
#2575 0 800000f6 fec42783 r 0f         00000007  lw       x15, -0x14(x8)
#2576 0 800000fa     17fd r 0f         00000006  c.addi   x15, -0x1
#2577 0 800000fc     078a r 0f         00000018  c.slli   x15, 2
#2578 0 800000fe     17c1 r 0f         00000008  c.addi   x15, -0x10
#2579 0 80000100     97a2 r 0f         f0041008  c.add    x15, x8
#2580 0 80000102 fbc7a703 r 0e         00000042  lw       x14, -0x44(x15)
#2581 0 80000106 fec42783 r 0f         00000007  lw       x15, -0x14(x8)
#2582 0 8000010a     078a r 0f         0000001c  c.slli   x15, 2
#2583 0 8000010c     17c1 r 0f         0000000c  c.addi   x15, -0x10
#2584 0 8000010e     97a2 r 0f         f004100c  c.add    x15, x8
#2585 0 80000110 fbc7a783 r 0f         00000043  lw       x15, -0x44(x15)
#2586 0 80000114 00e7c863 r 00         00000000  blt      x15, x14, . + 0x10
#2587 0 80000118 fec42783 r 0f         00000007  lw       x15, -0x14(x8)
#2588 0 8000011c     0785 r 0f         00000008  c.addi   x15, 0x1
#2589 0 8000011e fef42623 m f0040fec   00000008  sw       x15, -0x14(x8)
#2590 0 80000122     a891 r 00         00000000  c.j      . + 0x54
#2591 0 80000176 fec42703 r 0e         00000008  lw       x14, -0x14(x8)
#2592 0 8000017a fe842783 r 0f         0000000d  lw       x15, -0x18(x8)
#2593 0 8000017e f6f749e3 r 00         00000000  blt      x14, x15, . - 0x8e
#2594 0 800000f0 fec42783 r 0f         00000008  lw       x15, -0x14(x8)
#2595 0 800000f4     c395 r 00         00000000  c.beqz   x15, . + 0x24
#2596 0 800000f6 fec42783 r 0f         00000008  lw       x15, -0x14(x8)
#2597 0 800000fa     17fd r 0f         00000007  c.addi   x15, -0x1
#2598 0 800000fc     078a r 0f         0000001c  c.slli   x15, 2
#2599 0 800000fe     17c1 r 0f         0000000c  c.addi   x15, -0x10
#2600 0 80000100     97a2 r 0f         f004100c  c.add    x15, x8
#2601 0 80000102 fbc7a703 r 0e         00000043  lw       x14, -0x44(x15)
#2602 0 80000106 fec42783 r 0f         00000008  lw       x15, -0x14(x8)
#2603 0 8000010a     078a r 0f         00000020  c.slli   x15, 2
#2604 0 8000010c     17c1 r 0f         00000010  c.addi   x15, -0x10
#2605 0 8000010e     97a2 r 0f         f0041010  c.add    x15, x8
#2606 0 80000110 fbc7a783 r 0f         00000048  lw       x15, -0x44(x15)
#2607 0 80000114 00e7c863 r 00         00000000  blt      x15, x14, . + 0x10
#2608 0 80000118 fec42783 r 0f         00000008  lw       x15, -0x14(x8)
#2609 0 8000011c     0785 r 0f         00000009  c.addi   x15, 0x1
#2610 0 8000011e fef42623 m f0040fec   00000009  sw       x15, -0x14(x8)
#2611 0 80000122     a891 r 00         00000000  c.j      . + 0x54
#2612 0 80000176 fec42703 r 0e         00000009  lw       x14, -0x14(x8)
#2613 0 8000017a fe842783 r 0f         0000000d  lw       x15, -0x18(x8)
#2614 0 8000017e f6f749e3 r 00         00000000  blt      x14, x15, . - 0x8e
#2615 0 800000f0 fec42783 r 0f         00000009  lw       x15, -0x14(x8)
#2616 0 800000f4     c395 r 00         00000000  c.beqz   x15, . + 0x24
#2617 0 800000f6 fec42783 r 0f         00000009  lw       x15, -0x14(x8)
#2618 0 800000fa     17fd r 0f         00000008  c.addi   x15, -0x1
#2619 0 800000fc     078a r 0f         00000020  c.slli   x15, 2
#2620 0 800000fe     17c1 r 0f         00000010  c.addi   x15, -0x10
#2621 0 80000100     97a2 r 0f         f0041010  c.add    x15, x8
#2622 0 80000102 fbc7a703 r 0e         00000048  lw       x14, -0x44(x15)
#2623 0 80000106 fec42783 r 0f         00000009  lw       x15, -0x14(x8)
#2624 0 8000010a     078a r 0f         00000024  c.slli   x15, 2
#2625 0 8000010c     17c1 r 0f         00000014  c.addi   x15, -0x10
#2626 0 8000010e     97a2 r 0f         f0041014  c.add    x15, x8
#2627 0 80000110 fbc7a783 r 0f         0000004e  lw       x15, -0x44(x15)
#2628 0 80000114 00e7c863 r 00         00000000  blt      x15, x14, . + 0x10
#2629 0 80000118 fec42783 r 0f         00000009  lw       x15, -0x14(x8)
#2630 0 8000011c     0785 r 0f         0000000a  c.addi   x15, 0x1
#2631 0 8000011e fef42623 m f0040fec   0000000a  sw       x15, -0x14(x8)
#2632 0 80000122     a891 r 00         00000000  c.j      . + 0x54
#2633 0 80000176 fec42703 r 0e         0000000a  lw       x14, -0x14(x8)
#2634 0 8000017a fe842783 r 0f         0000000d  lw       x15, -0x18(x8)
#2635 0 8000017e f6f749e3 r 00         00000000  blt      x14, x15, . - 0x8e
#2636 0 800000f0 fec42783 r 0f         0000000a  lw       x15, -0x14(x8)
#2637 0 800000f4     c395 r 00         00000000  c.beqz   x15, . + 0x24
#2638 0 800000f6 fec42783 r 0f         0000000a  lw       x15, -0x14(x8)
#2639 0 800000fa     17fd r 0f         00000009  c.addi   x15, -0x1
#2640 0 800000fc     078a r 0f         00000024  c.slli   x15, 2
#2641 0 800000fe     17c1 r 0f         00000014  c.addi   x15, -0x10
#2642 0 80000100     97a2 r 0f         f0041014  c.add    x15, x8
#2643 0 80000102 fbc7a703 r 0e         0000004e  lw       x14, -0x44(x15)
#2644 0 80000106 fec42783 r 0f         0000000a  lw       x15, -0x14(x8)
#2645 0 8000010a     078a r 0f         00000028  c.slli   x15, 2
#2646 0 8000010c     17c1 r 0f         00000018  c.addi   x15, -0x10
#2647 0 8000010e     97a2 r 0f         f0041018  c.add    x15, x8
#2648 0 80000110 fbc7a783 r 0f         00000058  lw       x15, -0x44(x15)
#2649 0 80000114 00e7c863 r 00         00000000  blt      x15, x14, . + 0x10
#2650 0 80000118 fec42783 r 0f         0000000a  lw       x15, -0x14(x8)
#2651 0 8000011c     0785 r 0f         0000000b  c.addi   x15, 0x1
#2652 0 8000011e fef42623 m f0040fec   0000000b  sw       x15, -0x14(x8)
#2653 0 80000122     a891 r 00         00000000  c.j      . + 0x54
#2654 0 80000176 fec42703 r 0e         0000000b  lw       x14, -0x14(x8)
#2655 0 8000017a fe842783 r 0f         0000000d  lw       x15, -0x18(x8)
#2656 0 8000017e f6f749e3 r 00         00000000  blt      x14, x15, . - 0x8e
#2657 0 800000f0 fec42783 r 0f         0000000b  lw       x15, -0x14(x8)
#2658 0 800000f4     c395 r 00         00000000  c.beqz   x15, . + 0x24
#2659 0 800000f6 fec42783 r 0f         0000000b  lw       x15, -0x14(x8)
#2660 0 800000fa     17fd r 0f         0000000a  c.addi   x15, -0x1
#2661 0 800000fc     078a r 0f         00000028  c.slli   x15, 2
#2662 0 800000fe     17c1 r 0f         00000018  c.addi   x15, -0x10
#2663 0 80000100     97a2 r 0f         f0041018  c.add    x15, x8
#2664 0 80000102 fbc7a703 r 0e         00000058  lw       x14, -0x44(x15)
#2665 0 80000106 fec42783 r 0f         0000000b  lw       x15, -0x14(x8)
#2666 0 8000010a     078a r 0f         0000002c  c.slli   x15, 2
#2667 0 8000010c     17c1 r 0f         0000001c  c.addi   x15, -0x10
#2668 0 8000010e     97a2 r 0f         f004101c  c.add    x15, x8
#2669 0 80000110 fbc7a783 r 0f         00000059  lw       x15, -0x44(x15)
#2670 0 80000114 00e7c863 r 00         00000000  blt      x15, x14, . + 0x10
#2671 0 80000118 fec42783 r 0f         0000000b  lw       x15, -0x14(x8)
#2672 0 8000011c     0785 r 0f         0000000c  c.addi   x15, 0x1
#2673 0 8000011e fef42623 m f0040fec   0000000c  sw       x15, -0x14(x8)
#2674 0 80000122     a891 r 00         00000000  c.j      . + 0x54
#2675 0 80000176 fec42703 r 0e         0000000c  lw       x14, -0x14(x8)
#2676 0 8000017a fe842783 r 0f         0000000d  lw       x15, -0x18(x8)
#2677 0 8000017e f6f749e3 r 00         00000000  blt      x14, x15, . - 0x8e
#2678 0 800000f0 fec42783 r 0f         0000000c  lw       x15, -0x14(x8)
#2679 0 800000f4     c395 r 00         00000000  c.beqz   x15, . + 0x24
#2680 0 800000f6 fec42783 r 0f         0000000c  lw       x15, -0x14(x8)
#2681 0 800000fa     17fd r 0f         0000000b  c.addi   x15, -0x1
#2682 0 800000fc     078a r 0f         0000002c  c.slli   x15, 2
#2683 0 800000fe     17c1 r 0f         0000001c  c.addi   x15, -0x10
#2684 0 80000100     97a2 r 0f         f004101c  c.add    x15, x8
#2685 0 80000102 fbc7a703 r 0e         00000059  lw       x14, -0x44(x15)
#2686 0 80000106 fec42783 r 0f         0000000c  lw       x15, -0x14(x8)
#2687 0 8000010a     078a r 0f         00000030  c.slli   x15, 2
#2688 0 8000010c     17c1 r 0f         00000020  c.addi   x15, -0x10
#2689 0 8000010e     97a2 r 0f         f0041020  c.add    x15, x8
#2690 0 80000110 fbc7a783 r 0f         0000005a  lw       x15, -0x44(x15)
#2691 0 80000114 00e7c863 r 00         00000000  blt      x15, x14, . + 0x10
#2692 0 80000118 fec42783 r 0f         0000000c  lw       x15, -0x14(x8)
#2693 0 8000011c     0785 r 0f         0000000d  c.addi   x15, 0x1
#2694 0 8000011e fef42623 m f0040fec   0000000d  sw       x15, -0x14(x8)
#2695 0 80000122     a891 r 00         00000000  c.j      . + 0x54
#2696 0 80000176 fec42703 r 0e         0000000d  lw       x14, -0x14(x8)
#2697 0 8000017a fe842783 r 0f         0000000d  lw       x15, -0x18(x8)
#2698 0 8000017e f6f749e3 r 00         00000000  blt      x14, x15, . - 0x8e
#2699 0 80000182     0001 r 00         00000000  c.nop
#2700 0 80000184     0001 r 00         00000000  c.nop
#2701 0 80000186     4476 r 08         00000000  c.lwsp   x8, 0x5c
#2702 0 80000188     6125 r 02         f0041000  c.addi16sp 0x6
#2703 0 8000018a     8082 r 00         00000000  c.jr     x1
#2704 0 80000016 50580297 r 05         d0580016  auipc    x5, 0x50580
#2705 0 8000001a fea28293 r 05         d0580000  addi     x5, x5, -0x16
#2706 0 8000001e 0ff00313 r 06         000000ff  addi     x6, x0, 0xff
#2707 0 80000022 00628023 m d0580000   000000ff  sb       x6, 0x0(x5)
