#1 0 80000000 595552b7 r 05         59555000  lui      x5, 0x59555
#2 0 80000004 55528293 r 05         59555555  addi     x5, x5, 0x555
#3 0 80000008 7c029073 c 07c0       59555555  csrrw    x0, mrac, x5
#4 0 8000000c 70041117 r 02         f004100c  auipc    x2, 0x70041
#5 0 80000010 02410113 r 02         f0041030  addi     x2, x2, 0x24
#6 0 80000014 18a000ef r 01         80000018  jal      x1, . + 0x18a
#7 0 8000019e     1101 r 02         f0041010  c.addi   x2, -0x20
#8 0 800001a0     ce06 m f004102c   80000018  c.swsp   x1, 0x1c
#9 0 800001a2     cc22 m f0041028   00000000  c.swsp   x8, 0x18
#10 0 800001a4     1000 r 08         f0041030  c.addi4spn  x8, 0x8
#11 0 800001a6     450d r 0a         00000003  c.li     x10, 0x3
#12 0 800001a8     3f19 r 01         800001aa  c.jal    . - 0xea
#13 0 800000be     1101 r 02         f0040ff0  c.addi   x2, -0x20
#14 0 800000c0     ce06 m f004100c   800001aa  c.swsp   x1, 0x1c
#15 0 800000c2     cc22 m f0041008   f0041030  c.swsp   x8, 0x18
#16 0 800000c4     1000 r 08         f0041010  c.addi4spn  x8, 0x8
#17 0 800000c6 fea42623 m f0040ffc   00000003  sw       x10, -0x14(x8)
#18 0 800000ca     3f7d r 01         800000cc  c.jal    . - 0x42
#19 0 80000088     1141 r 02         f0040fe0  c.addi   x2, -0x10
#20 0 8000008a     c622 m f0040fec   f0041010  c.swsp   x8, 0xc
#21 0 8000008c     0800 r 08         f0040ff0  c.addi4spn  x8, 0x4
#22 0 8000008e f00407b7 r 0f         f0040000  lui      x15, -0xffc0
#23 0 80000092 0207a783 r 0f         00000000  lw       x15, 0x20(x15)
#24 0 80000096     17e9 r 0f         fffffffa  c.addi   x15, -0x6
#25 0 80000098 0017b793 r 0f         00000000  sltiu    x15, x15, 0x1
#26 0 8000009c 0ff7f793 r 0f         00000000  andi     x15, x15, 0xff
#27 0 800000a0     853e r 0a         00000000  c.mv     x10, x15
#28 0 800000a2     4432 r 08         f0041010  c.lwsp   x8, 0xc
#29 0 800000a4     0141 r 02         f0040ff0  c.addi   x2, 0x10
#30 0 800000a6     8082 r 00         00000000  c.jr     x1
#31 0 800000cc     87aa r 0f         00000000  c.mv     x15, x10
#32 0 800000ce 0017c793 r 0f         00000001  xori     x15, x15, 0x1
#33 0 800000d2 0ff7f793 r 0f         00000001  andi     x15, x15, 0xff
#34 0 800000d6     cfb1 r 00         00000000  c.beqz   x15, . + 0x5c
#35 0 800000d8 f00407b7 r 0f         f0040000  lui      x15, -0xffc0
#36 0 800000dc 0007a703 r 0e         ffffffff  lw       x14, 0x0(x15)
#37 0 800000e0     4795 r 0f         00000005  c.li     x15, 0x5
#38 0 800000e2 00f71763 r 00         00000000  bne      x14, x15, . + 0xe
#39 0 800000f0 f00407b7 r 0f         f0040000  lui      x15, -0xffc0
#40 0 800000f4 0007a783 r 0f         ffffffff  lw       x15, 0x0(x15)
#41 0 800000f8 00178713 r 0e         00000000  addi     x14, x15, 0x1
#42 0 800000fc f00407b7 r 0f         f0040000  lui      x15, -0xffc0
#43 0 80000100 00e7a023 m f0040000   00000000  sw       x14, 0x0(x15)
#44 0 80000104 f00407b7 r 0f         f0040000  lui      x15, -0xffc0
#45 0 80000108 0007a783 r 0f         00000000  lw       x15, 0x0(x15)
#46 0 8000010c f0040737 r 0e         f0040000  lui      x14, -0xffc0
#47 0 80000110 00470713 r 0e         f0040004  addi     x14, x14, 0x4
#48 0 80000114     078a r 0f         00000000  c.slli   x15, 2
#49 0 80000116     97ba r 0f         f0040004  c.add    x15, x14
#50 0 80000118 fec42703 r 0e         00000003  lw       x14, -0x14(x8)
#51 0 8000011c     c398 m f0040004   00000003  c.sw     x14, 0x0(x15)
#52 0 8000011e f00407b7 r 0f         f0040000  lui      x15, -0xffc0
#53 0 80000122 0207a783 r 0f         00000000  lw       x15, 0x20(x15)
#54 0 80000126 00178713 r 0e         00000001  addi     x14, x15, 0x1
#55 0 8000012a f00407b7 r 0f         f0040000  lui      x15, -0xffc0
#56 0 8000012e 02e7a023 m f0040020   00000001  sw       x14, 0x20(x15)
#57 0 80000132     0001 r 00         00000000  c.nop
#58 0 80000134     40f2 r 01         800001aa  c.lwsp   x1, 0x1c
#59 0 80000136     4462 r 08         f0041030  c.lwsp   x8, 0x18
#60 0 80000138     6105 r 02         f0041010  c.addi16sp 0x2
#61 0 8000013a     8082 r 00         00000000  c.jr     x1
#62 0 800001aa     4515 r 0a         00000005  c.li     x10, 0x5
#63 0 800001ac     3f09 r 01         800001ae  c.jal    . - 0xee
#64 0 800000be     1101 r 02         f0040ff0  c.addi   x2, -0x20
#65 0 800000c0     ce06 m f004100c   800001ae  c.swsp   x1, 0x1c
#66 0 800000c2     cc22 m f0041008   f0041030  c.swsp   x8, 0x18
#67 0 800000c4     1000 r 08         f0041010  c.addi4spn  x8, 0x8
#68 0 800000c6 fea42623 m f0040ffc   00000005  sw       x10, -0x14(x8)
#69 0 800000ca     3f7d r 01         800000cc  c.jal    . - 0x42
#70 0 80000088     1141 r 02         f0040fe0  c.addi   x2, -0x10
#71 0 8000008a     c622 m f0040fec   f0041010  c.swsp   x8, 0xc
#72 0 8000008c     0800 r 08         f0040ff0  c.addi4spn  x8, 0x4
#73 0 8000008e f00407b7 r 0f         f0040000  lui      x15, -0xffc0
#74 0 80000092 0207a783 r 0f         00000001  lw       x15, 0x20(x15)
#75 0 80000096     17e9 r 0f         fffffffb  c.addi   x15, -0x6
#76 0 80000098 0017b793 r 0f         00000000  sltiu    x15, x15, 0x1
#77 0 8000009c 0ff7f793 r 0f         00000000  andi     x15, x15, 0xff
#78 0 800000a0     853e r 0a         00000000  c.mv     x10, x15
#79 0 800000a2     4432 r 08         f0041010  c.lwsp   x8, 0xc
#80 0 800000a4     0141 r 02         f0040ff0  c.addi   x2, 0x10
#81 0 800000a6     8082 r 00         00000000  c.jr     x1
#82 0 800000cc     87aa r 0f         00000000  c.mv     x15, x10
#83 0 800000ce 0017c793 r 0f         00000001  xori     x15, x15, 0x1
#84 0 800000d2 0ff7f793 r 0f         00000001  andi     x15, x15, 0xff
#85 0 800000d6     cfb1 r 00         00000000  c.beqz   x15, . + 0x5c
#86 0 800000d8 f00407b7 r 0f         f0040000  lui      x15, -0xffc0
#87 0 800000dc 0007a703 r 0e         00000000  lw       x14, 0x0(x15)
#88 0 800000e0     4795 r 0f         00000005  c.li     x15, 0x5
#89 0 800000e2 00f71763 r 00         00000000  bne      x14, x15, . + 0xe
#90 0 800000f0 f00407b7 r 0f         f0040000  lui      x15, -0xffc0
#91 0 800000f4 0007a783 r 0f         00000000  lw       x15, 0x0(x15)
#92 0 800000f8 00178713 r 0e         00000001  addi     x14, x15, 0x1
#93 0 800000fc f00407b7 r 0f         f0040000  lui      x15, -0xffc0
#94 0 80000100 00e7a023 m f0040000   00000001  sw       x14, 0x0(x15)
#95 0 80000104 f00407b7 r 0f         f0040000  lui      x15, -0xffc0
#96 0 80000108 0007a783 r 0f         00000001  lw       x15, 0x0(x15)
#97 0 8000010c f0040737 r 0e         f0040000  lui      x14, -0xffc0
#98 0 80000110 00470713 r 0e         f0040004  addi     x14, x14, 0x4
#99 0 80000114     078a r 0f         00000004  c.slli   x15, 2
#100 0 80000116     97ba r 0f         f0040008  c.add    x15, x14
#101 0 80000118 fec42703 r 0e         00000005  lw       x14, -0x14(x8)
#102 0 8000011c     c398 m f0040008   00000005  c.sw     x14, 0x0(x15)
#103 0 8000011e f00407b7 r 0f         f0040000  lui      x15, -0xffc0
#104 0 80000122 0207a783 r 0f         00000001  lw       x15, 0x20(x15)
#105 0 80000126 00178713 r 0e         00000002  addi     x14, x15, 0x1
#106 0 8000012a f00407b7 r 0f         f0040000  lui      x15, -0xffc0
#107 0 8000012e 02e7a023 m f0040020   00000002  sw       x14, 0x20(x15)
#108 0 80000132     0001 r 00         00000000  c.nop
#109 0 80000134     40f2 r 01         800001ae  c.lwsp   x1, 0x1c
#110 0 80000136     4462 r 08         f0041030  c.lwsp   x8, 0x18
#111 0 80000138     6105 r 02         f0041010  c.addi16sp 0x2
#112 0 8000013a     8082 r 00         00000000  c.jr     x1
#113 0 800001ae     4525 r 0a         00000009  c.li     x10, 0x9
#114 0 800001b0     3739 r 01         800001b2  c.jal    . - 0xf2
#115 0 800000be     1101 r 02         f0040ff0  c.addi   x2, -0x20
#116 0 800000c0     ce06 m f004100c   800001b2  c.swsp   x1, 0x1c
#117 0 800000c2     cc22 m f0041008   f0041030  c.swsp   x8, 0x18
#118 0 800000c4     1000 r 08         f0041010  c.addi4spn  x8, 0x8
#119 0 800000c6 fea42623 m f0040ffc   00000009  sw       x10, -0x14(x8)
#120 0 800000ca     3f7d r 01         800000cc  c.jal    . - 0x42
#121 0 80000088     1141 r 02         f0040fe0  c.addi   x2, -0x10
#122 0 8000008a     c622 m f0040fec   f0041010  c.swsp   x8, 0xc
#123 0 8000008c     0800 r 08         f0040ff0  c.addi4spn  x8, 0x4
#124 0 8000008e f00407b7 r 0f         f0040000  lui      x15, -0xffc0
#125 0 80000092 0207a783 r 0f         00000002  lw       x15, 0x20(x15)
#126 0 80000096     17e9 r 0f         fffffffc  c.addi   x15, -0x6
#127 0 80000098 0017b793 r 0f         00000000  sltiu    x15, x15, 0x1
#128 0 8000009c 0ff7f793 r 0f         00000000  andi     x15, x15, 0xff
#129 0 800000a0     853e r 0a         00000000  c.mv     x10, x15
#130 0 800000a2     4432 r 08         f0041010  c.lwsp   x8, 0xc
#131 0 800000a4     0141 r 02         f0040ff0  c.addi   x2, 0x10
#132 0 800000a6     8082 r 00         00000000  c.jr     x1
#133 0 800000cc     87aa r 0f         00000000  c.mv     x15, x10
#134 0 800000ce 0017c793 r 0f         00000001  xori     x15, x15, 0x1
#135 0 800000d2 0ff7f793 r 0f         00000001  andi     x15, x15, 0xff
#136 0 800000d6     cfb1 r 00         00000000  c.beqz   x15, . + 0x5c
#137 0 800000d8 f00407b7 r 0f         f0040000  lui      x15, -0xffc0
#138 0 800000dc 0007a703 r 0e         00000001  lw       x14, 0x0(x15)
#139 0 800000e0     4795 r 0f         00000005  c.li     x15, 0x5
#140 0 800000e2 00f71763 r 00         00000000  bne      x14, x15, . + 0xe
#141 0 800000f0 f00407b7 r 0f         f0040000  lui      x15, -0xffc0
#142 0 800000f4 0007a783 r 0f         00000001  lw       x15, 0x0(x15)
#143 0 800000f8 00178713 r 0e         00000002  addi     x14, x15, 0x1
#144 0 800000fc f00407b7 r 0f         f0040000  lui      x15, -0xffc0
#145 0 80000100 00e7a023 m f0040000   00000002  sw       x14, 0x0(x15)
#146 0 80000104 f00407b7 r 0f         f0040000  lui      x15, -0xffc0
#147 0 80000108 0007a783 r 0f         00000002  lw       x15, 0x0(x15)
#148 0 8000010c f0040737 r 0e         f0040000  lui      x14, -0xffc0
#149 0 80000110 00470713 r 0e         f0040004  addi     x14, x14, 0x4
#150 0 80000114     078a r 0f         00000008  c.slli   x15, 2
#151 0 80000116     97ba r 0f         f004000c  c.add    x15, x14
#152 0 80000118 fec42703 r 0e         00000009  lw       x14, -0x14(x8)
#153 0 8000011c     c398 m f004000c   00000009  c.sw     x14, 0x0(x15)
#154 0 8000011e f00407b7 r 0f         f0040000  lui      x15, -0xffc0
#155 0 80000122 0207a783 r 0f         00000002  lw       x15, 0x20(x15)
#156 0 80000126 00178713 r 0e         00000003  addi     x14, x15, 0x1
#157 0 8000012a f00407b7 r 0f         f0040000  lui      x15, -0xffc0
#158 0 8000012e 02e7a023 m f0040020   00000003  sw       x14, 0x20(x15)
#159 0 80000132     0001 r 00         00000000  c.nop
#160 0 80000134     40f2 r 01         800001b2  c.lwsp   x1, 0x1c
#161 0 80000136     4462 r 08         f0041030  c.lwsp   x8, 0x18
#162 0 80000138     6105 r 02         f0041010  c.addi16sp 0x2
#163 0 8000013a     8082 r 00         00000000  c.jr     x1
#164 0 800001b2     4505 r 0a         00000001  c.li     x10, 0x1
#165 0 800001b4     3729 r 01         800001b6  c.jal    . - 0xf6
#166 0 800000be     1101 r 02         f0040ff0  c.addi   x2, -0x20
#167 0 800000c0     ce06 m f004100c   800001b6  c.swsp   x1, 0x1c
#168 0 800000c2     cc22 m f0041008   f0041030  c.swsp   x8, 0x18
#169 0 800000c4     1000 r 08         f0041010  c.addi4spn  x8, 0x8
#170 0 800000c6 fea42623 m f0040ffc   00000001  sw       x10, -0x14(x8)
#171 0 800000ca     3f7d r 01         800000cc  c.jal    . - 0x42
#172 0 80000088     1141 r 02         f0040fe0  c.addi   x2, -0x10
#173 0 8000008a     c622 m f0040fec   f0041010  c.swsp   x8, 0xc
#174 0 8000008c     0800 r 08         f0040ff0  c.addi4spn  x8, 0x4
#175 0 8000008e f00407b7 r 0f         f0040000  lui      x15, -0xffc0
#176 0 80000092 0207a783 r 0f         00000003  lw       x15, 0x20(x15)
#177 0 80000096     17e9 r 0f         fffffffd  c.addi   x15, -0x6
#178 0 80000098 0017b793 r 0f         00000000  sltiu    x15, x15, 0x1
#179 0 8000009c 0ff7f793 r 0f         00000000  andi     x15, x15, 0xff
#180 0 800000a0     853e r 0a         00000000  c.mv     x10, x15
#181 0 800000a2     4432 r 08         f0041010  c.lwsp   x8, 0xc
#182 0 800000a4     0141 r 02         f0040ff0  c.addi   x2, 0x10
#183 0 800000a6     8082 r 00         00000000  c.jr     x1
#184 0 800000cc     87aa r 0f         00000000  c.mv     x15, x10
#185 0 800000ce 0017c793 r 0f         00000001  xori     x15, x15, 0x1
#186 0 800000d2 0ff7f793 r 0f         00000001  andi     x15, x15, 0xff
#187 0 800000d6     cfb1 r 00         00000000  c.beqz   x15, . + 0x5c
#188 0 800000d8 f00407b7 r 0f         f0040000  lui      x15, -0xffc0
#189 0 800000dc 0007a703 r 0e         00000002  lw       x14, 0x0(x15)
#190 0 800000e0     4795 r 0f         00000005  c.li     x15, 0x5
#191 0 800000e2 00f71763 r 00         00000000  bne      x14, x15, . + 0xe
#192 0 800000f0 f00407b7 r 0f         f0040000  lui      x15, -0xffc0
#193 0 800000f4 0007a783 r 0f         00000002  lw       x15, 0x0(x15)
#194 0 800000f8 00178713 r 0e         00000003  addi     x14, x15, 0x1
#195 0 800000fc f00407b7 r 0f         f0040000  lui      x15, -0xffc0
#196 0 80000100 00e7a023 m f0040000   00000003  sw       x14, 0x0(x15)
#197 0 80000104 f00407b7 r 0f         f0040000  lui      x15, -0xffc0
#198 0 80000108 0007a783 r 0f         00000003  lw       x15, 0x0(x15)
#199 0 8000010c f0040737 r 0e         f0040000  lui      x14, -0xffc0
#200 0 80000110 00470713 r 0e         f0040004  addi     x14, x14, 0x4
#201 0 80000114     078a r 0f         0000000c  c.slli   x15, 2
#202 0 80000116     97ba r 0f         f0040010  c.add    x15, x14
#203 0 80000118 fec42703 r 0e         00000001  lw       x14, -0x14(x8)
#204 0 8000011c     c398 m f0040010   00000001  c.sw     x14, 0x0(x15)
#205 0 8000011e f00407b7 r 0f         f0040000  lui      x15, -0xffc0
#206 0 80000122 0207a783 r 0f         00000003  lw       x15, 0x20(x15)
#207 0 80000126 00178713 r 0e         00000004  addi     x14, x15, 0x1
#208 0 8000012a f00407b7 r 0f         f0040000  lui      x15, -0xffc0
#209 0 8000012e 02e7a023 m f0040020   00000004  sw       x14, 0x20(x15)
#210 0 80000132     0001 r 00         00000000  c.nop
#211 0 80000134     40f2 r 01         800001b6  c.lwsp   x1, 0x1c
#212 0 80000136     4462 r 08         f0041030  c.lwsp   x8, 0x18
#213 0 80000138     6105 r 02         f0041010  c.addi16sp 0x2
#214 0 8000013a     8082 r 00         00000000  c.jr     x1
#215 0 800001b6     4531 r 0a         0000000c  c.li     x10, 0xc
#216 0 800001b8     3719 r 01         800001ba  c.jal    . - 0xfa
#217 0 800000be     1101 r 02         f0040ff0  c.addi   x2, -0x20
#218 0 800000c0     ce06 m f004100c   800001ba  c.swsp   x1, 0x1c
#219 0 800000c2     cc22 m f0041008   f0041030  c.swsp   x8, 0x18
#220 0 800000c4     1000 r 08         f0041010  c.addi4spn  x8, 0x8
#221 0 800000c6 fea42623 m f0040ffc   0000000c  sw       x10, -0x14(x8)
#222 0 800000ca     3f7d r 01         800000cc  c.jal    . - 0x42
#223 0 80000088     1141 r 02         f0040fe0  c.addi   x2, -0x10
#224 0 8000008a     c622 m f0040fec   f0041010  c.swsp   x8, 0xc
#225 0 8000008c     0800 r 08         f0040ff0  c.addi4spn  x8, 0x4
#226 0 8000008e f00407b7 r 0f         f0040000  lui      x15, -0xffc0
#227 0 80000092 0207a783 r 0f         00000004  lw       x15, 0x20(x15)
#228 0 80000096     17e9 r 0f         fffffffe  c.addi   x15, -0x6
#229 0 80000098 0017b793 r 0f         00000000  sltiu    x15, x15, 0x1
#230 0 8000009c 0ff7f793 r 0f         00000000  andi     x15, x15, 0xff
#231 0 800000a0     853e r 0a         00000000  c.mv     x10, x15
#232 0 800000a2     4432 r 08         f0041010  c.lwsp   x8, 0xc
#233 0 800000a4     0141 r 02         f0040ff0  c.addi   x2, 0x10
#234 0 800000a6     8082 r 00         00000000  c.jr     x1
#235 0 800000cc     87aa r 0f         00000000  c.mv     x15, x10
#236 0 800000ce 0017c793 r 0f         00000001  xori     x15, x15, 0x1
#237 0 800000d2 0ff7f793 r 0f         00000001  andi     x15, x15, 0xff
#238 0 800000d6     cfb1 r 00         00000000  c.beqz   x15, . + 0x5c
#239 0 800000d8 f00407b7 r 0f         f0040000  lui      x15, -0xffc0
#240 0 800000dc 0007a703 r 0e         00000003  lw       x14, 0x0(x15)
#241 0 800000e0     4795 r 0f         00000005  c.li     x15, 0x5
#242 0 800000e2 00f71763 r 00         00000000  bne      x14, x15, . + 0xe
#243 0 800000f0 f00407b7 r 0f         f0040000  lui      x15, -0xffc0
#244 0 800000f4 0007a783 r 0f         00000003  lw       x15, 0x0(x15)
#245 0 800000f8 00178713 r 0e         00000004  addi     x14, x15, 0x1
#246 0 800000fc f00407b7 r 0f         f0040000  lui      x15, -0xffc0
#247 0 80000100 00e7a023 m f0040000   00000004  sw       x14, 0x0(x15)
#248 0 80000104 f00407b7 r 0f         f0040000  lui      x15, -0xffc0
#249 0 80000108 0007a783 r 0f         00000004  lw       x15, 0x0(x15)
#250 0 8000010c f0040737 r 0e         f0040000  lui      x14, -0xffc0
#251 0 80000110 00470713 r 0e         f0040004  addi     x14, x14, 0x4
#252 0 80000114     078a r 0f         00000010  c.slli   x15, 2
#253 0 80000116     97ba r 0f         f0040014  c.add    x15, x14
#254 0 80000118 fec42703 r 0e         0000000c  lw       x14, -0x14(x8)
#255 0 8000011c     c398 m f0040014   0000000c  c.sw     x14, 0x0(x15)
#256 0 8000011e f00407b7 r 0f         f0040000  lui      x15, -0xffc0
#257 0 80000122 0207a783 r 0f         00000004  lw       x15, 0x20(x15)
#258 0 80000126 00178713 r 0e         00000005  addi     x14, x15, 0x1
#259 0 8000012a f00407b7 r 0f         f0040000  lui      x15, -0xffc0
#260 0 8000012e 02e7a023 m f0040020   00000005  sw       x14, 0x20(x15)
#261 0 80000132     0001 r 00         00000000  c.nop
#262 0 80000134     40f2 r 01         800001ba  c.lwsp   x1, 0x1c
#263 0 80000136     4462 r 08         f0041030  c.lwsp   x8, 0x18
#264 0 80000138     6105 r 02         f0041010  c.addi16sp 0x2
#265 0 8000013a     8082 r 00         00000000  c.jr     x1
#266 0 800001ba     453d r 0a         0000000f  c.li     x10, 0xf
#267 0 800001bc     3709 r 01         800001be  c.jal    . - 0xfe
#268 0 800000be     1101 r 02         f0040ff0  c.addi   x2, -0x20
#269 0 800000c0     ce06 m f004100c   800001be  c.swsp   x1, 0x1c
#270 0 800000c2     cc22 m f0041008   f0041030  c.swsp   x8, 0x18
#271 0 800000c4     1000 r 08         f0041010  c.addi4spn  x8, 0x8
#272 0 800000c6 fea42623 m f0040ffc   0000000f  sw       x10, -0x14(x8)
#273 0 800000ca     3f7d r 01         800000cc  c.jal    . - 0x42
#274 0 80000088     1141 r 02         f0040fe0  c.addi   x2, -0x10
#275 0 8000008a     c622 m f0040fec   f0041010  c.swsp   x8, 0xc
#276 0 8000008c     0800 r 08         f0040ff0  c.addi4spn  x8, 0x4
#277 0 8000008e f00407b7 r 0f         f0040000  lui      x15, -0xffc0
#278 0 80000092 0207a783 r 0f         00000005  lw       x15, 0x20(x15)
#279 0 80000096     17e9 r 0f         ffffffff  c.addi   x15, -0x6
#280 0 80000098 0017b793 r 0f         00000000  sltiu    x15, x15, 0x1
#281 0 8000009c 0ff7f793 r 0f         00000000  andi     x15, x15, 0xff
#282 0 800000a0     853e r 0a         00000000  c.mv     x10, x15
#283 0 800000a2     4432 r 08         f0041010  c.lwsp   x8, 0xc
#284 0 800000a4     0141 r 02         f0040ff0  c.addi   x2, 0x10
#285 0 800000a6     8082 r 00         00000000  c.jr     x1
#286 0 800000cc     87aa r 0f         00000000  c.mv     x15, x10
#287 0 800000ce 0017c793 r 0f         00000001  xori     x15, x15, 0x1
#288 0 800000d2 0ff7f793 r 0f         00000001  andi     x15, x15, 0xff
#289 0 800000d6     cfb1 r 00         00000000  c.beqz   x15, . + 0x5c
#290 0 800000d8 f00407b7 r 0f         f0040000  lui      x15, -0xffc0
#291 0 800000dc 0007a703 r 0e         00000004  lw       x14, 0x0(x15)
#292 0 800000e0     4795 r 0f         00000005  c.li     x15, 0x5
#293 0 800000e2 00f71763 r 00         00000000  bne      x14, x15, . + 0xe
#294 0 800000f0 f00407b7 r 0f         f0040000  lui      x15, -0xffc0
#295 0 800000f4 0007a783 r 0f         00000004  lw       x15, 0x0(x15)
#296 0 800000f8 00178713 r 0e         00000005  addi     x14, x15, 0x1
#297 0 800000fc f00407b7 r 0f         f0040000  lui      x15, -0xffc0
#298 0 80000100 00e7a023 m f0040000   00000005  sw       x14, 0x0(x15)
#299 0 80000104 f00407b7 r 0f         f0040000  lui      x15, -0xffc0
#300 0 80000108 0007a783 r 0f         00000005  lw       x15, 0x0(x15)
#301 0 8000010c f0040737 r 0e         f0040000  lui      x14, -0xffc0
#302 0 80000110 00470713 r 0e         f0040004  addi     x14, x14, 0x4
#303 0 80000114     078a r 0f         00000014  c.slli   x15, 2
#304 0 80000116     97ba r 0f         f0040018  c.add    x15, x14
#305 0 80000118 fec42703 r 0e         0000000f  lw       x14, -0x14(x8)
#306 0 8000011c     c398 m f0040018   0000000f  c.sw     x14, 0x0(x15)
#307 0 8000011e f00407b7 r 0f         f0040000  lui      x15, -0xffc0
#308 0 80000122 0207a783 r 0f         00000005  lw       x15, 0x20(x15)
#309 0 80000126 00178713 r 0e         00000006  addi     x14, x15, 0x1
#310 0 8000012a f00407b7 r 0f         f0040000  lui      x15, -0xffc0
#311 0 8000012e 02e7a023 m f0040020   00000006  sw       x14, 0x20(x15)
#312 0 80000132     0001 r 00         00000000  c.nop
#313 0 80000134     40f2 r 01         800001be  c.lwsp   x1, 0x1c
#314 0 80000136     4462 r 08         f0041030  c.lwsp   x8, 0x18
#315 0 80000138     6105 r 02         f0041010  c.addi16sp 0x2
#316 0 8000013a     8082 r 00         00000000  c.jr     x1
#317 0 800001be     35e9 r 01         800001c0  c.jal    . - 0x136
#318 0 80000088     1141 r 02         f0041000  c.addi   x2, -0x10
#319 0 8000008a     c622 m f004100c   f0041030  c.swsp   x8, 0xc
#320 0 8000008c     0800 r 08         f0041010  c.addi4spn  x8, 0x4
#321 0 8000008e f00407b7 r 0f         f0040000  lui      x15, -0xffc0
#322 0 80000092 0207a783 r 0f         00000006  lw       x15, 0x20(x15)
#323 0 80000096     17e9 r 0f         00000000  c.addi   x15, -0x6
#324 0 80000098 0017b793 r 0f         00000001  sltiu    x15, x15, 0x1
#325 0 8000009c 0ff7f793 r 0f         00000001  andi     x15, x15, 0xff
#326 0 800000a0     853e r 0a         00000001  c.mv     x10, x15
#327 0 800000a2     4432 r 08         f0041030  c.lwsp   x8, 0xc
#328 0 800000a4     0141 r 02         f0041010  c.addi   x2, 0x10
#329 0 800000a6     8082 r 00         00000000  c.jr     x1
#330 0 800001c0     3fb5 r 01         800001c2  c.jal    . - 0x84
#331 0 8000013c     1101 r 02         f0040ff0  c.addi   x2, -0x20
#332 0 8000013e     ce22 m f004100c   f0041030  c.swsp   x8, 0x1c
#333 0 80000140     1000 r 08         f0041010  c.addi4spn  x8, 0x8
#334 0 80000142 f00407b7 r 0f         f0040000  lui      x15, -0xffc0
#335 0 80000146 01c7a783 r 0f         00000000  lw       x15, 0x1c(x15)
#336 0 8000014a 00178693 r 0d         00000001  addi     x13, x15, 0x1
#337 0 8000014e f0040737 r 0e         f0040000  lui      x14, -0xffc0
#338 0 80000152 00d72e23 m f004001c   00000001  sw       x13, 0x1c(x14)
#339 0 80000156 f0040737 r 0e         f0040000  lui      x14, -0xffc0
#340 0 8000015a 00470713 r 0e         f0040004  addi     x14, x14, 0x4
#341 0 8000015e     078a r 0f         00000000  c.slli   x15, 2
#342 0 80000160     97ba r 0f         f0040004  c.add    x15, x14
#343 0 80000162     439c r 0f         00000003  c.lw     x15, 0x0(x15)
#344 0 80000164 fef42623 m f0040ffc   00000003  sw       x15, -0x14(x8)
#345 0 80000168 f00407b7 r 0f         f0040000  lui      x15, -0xffc0
#346 0 8000016c 01c7a703 r 0e         00000001  lw       x14, 0x1c(x15)
#347 0 80000170     4799 r 0f         00000006  c.li     x15, 0x6
#348 0 80000172 00f71663 r 00         00000000  bne      x14, x15, . + 0xc
#349 0 8000017e f00407b7 r 0f         f0040000  lui      x15, -0xffc0
#350 0 80000182 0207a783 r 0f         00000006  lw       x15, 0x20(x15)
#351 0 80000186 fff78713 r 0e         00000005  addi     x14, x15, -0x1
#352 0 8000018a f00407b7 r 0f         f0040000  lui      x15, -0xffc0
#353 0 8000018e 02e7a023 m f0040020   00000005  sw       x14, 0x20(x15)
#354 0 80000192 fec42783 r 0f         00000003  lw       x15, -0x14(x8)
#355 0 80000196     853e r 0a         00000003  c.mv     x10, x15
#356 0 80000198     4472 r 08         f0041030  c.lwsp   x8, 0x1c
#357 0 8000019a     6105 r 02         f0041010  c.addi16sp 0x2
#358 0 8000019c     8082 r 00         00000000  c.jr     x1
#359 0 800001c2 fea42623 m f004101c   00000003  sw       x10, -0x14(x8)
#360 0 800001c6     4541 r 0a         00000010  c.li     x10, 0x10
#361 0 800001c8     3ddd r 01         800001ca  c.jal    . - 0x10a
#362 0 800000be     1101 r 02         f0040ff0  c.addi   x2, -0x20
#363 0 800000c0     ce06 m f004100c   800001ca  c.swsp   x1, 0x1c
#364 0 800000c2     cc22 m f0041008   f0041030  c.swsp   x8, 0x18
#365 0 800000c4     1000 r 08         f0041010  c.addi4spn  x8, 0x8
#366 0 800000c6 fea42623 m f0040ffc   00000010  sw       x10, -0x14(x8)
#367 0 800000ca     3f7d r 01         800000cc  c.jal    . - 0x42
#368 0 80000088     1141 r 02         f0040fe0  c.addi   x2, -0x10
#369 0 8000008a     c622 m f0040fec   f0041010  c.swsp   x8, 0xc
#370 0 8000008c     0800 r 08         f0040ff0  c.addi4spn  x8, 0x4
#371 0 8000008e f00407b7 r 0f         f0040000  lui      x15, -0xffc0
#372 0 80000092 0207a783 r 0f         00000005  lw       x15, 0x20(x15)
#373 0 80000096     17e9 r 0f         ffffffff  c.addi   x15, -0x6
#374 0 80000098 0017b793 r 0f         00000000  sltiu    x15, x15, 0x1
#375 0 8000009c 0ff7f793 r 0f         00000000  andi     x15, x15, 0xff
#376 0 800000a0     853e r 0a         00000000  c.mv     x10, x15
#377 0 800000a2     4432 r 08         f0041010  c.lwsp   x8, 0xc
#378 0 800000a4     0141 r 02         f0040ff0  c.addi   x2, 0x10
#379 0 800000a6     8082 r 00         00000000  c.jr     x1
#380 0 800000cc     87aa r 0f         00000000  c.mv     x15, x10
#381 0 800000ce 0017c793 r 0f         00000001  xori     x15, x15, 0x1
#382 0 800000d2 0ff7f793 r 0f         00000001  andi     x15, x15, 0xff
#383 0 800000d6     cfb1 r 00         00000000  c.beqz   x15, . + 0x5c
#384 0 800000d8 f00407b7 r 0f         f0040000  lui      x15, -0xffc0
#385 0 800000dc 0007a703 r 0e         00000005  lw       x14, 0x0(x15)
#386 0 800000e0     4795 r 0f         00000005  c.li     x15, 0x5
#387 0 800000e2 00f71763 r 00         00000000  bne      x14, x15, . + 0xe
#388 0 800000e6 f00407b7 r 0f         f0040000  lui      x15, -0xffc0
#389 0 800000ea     577d r 0e         ffffffff  c.li     x14, -0x1
#390 0 800000ec 00e7a023 m f0040000   ffffffff  sw       x14, 0x0(x15)
#391 0 800000f0 f00407b7 r 0f         f0040000  lui      x15, -0xffc0
#392 0 800000f4 0007a783 r 0f         ffffffff  lw       x15, 0x0(x15)
#393 0 800000f8 00178713 r 0e         00000000  addi     x14, x15, 0x1
#394 0 800000fc f00407b7 r 0f         f0040000  lui      x15, -0xffc0
#395 0 80000100 00e7a023 m f0040000   00000000  sw       x14, 0x0(x15)
#396 0 80000104 f00407b7 r 0f         f0040000  lui      x15, -0xffc0
#397 0 80000108 0007a783 r 0f         00000000  lw       x15, 0x0(x15)
#398 0 8000010c f0040737 r 0e         f0040000  lui      x14, -0xffc0
#399 0 80000110 00470713 r 0e         f0040004  addi     x14, x14, 0x4
#400 0 80000114     078a r 0f         00000000  c.slli   x15, 2
#401 0 80000116     97ba r 0f         f0040004  c.add    x15, x14
#402 0 80000118 fec42703 r 0e         00000010  lw       x14, -0x14(x8)
#403 0 8000011c     c398 m f0040004   00000010  c.sw     x14, 0x0(x15)
#404 0 8000011e f00407b7 r 0f         f0040000  lui      x15, -0xffc0
#405 0 80000122 0207a783 r 0f         00000005  lw       x15, 0x20(x15)
#406 0 80000126 00178713 r 0e         00000006  addi     x14, x15, 0x1
#407 0 8000012a f00407b7 r 0f         f0040000  lui      x15, -0xffc0
#408 0 8000012e 02e7a023 m f0040020   00000006  sw       x14, 0x20(x15)
#409 0 80000132     0001 r 00         00000000  c.nop
#410 0 80000134     40f2 r 01         800001ca  c.lwsp   x1, 0x1c
#411 0 80000136     4462 r 08         f0041030  c.lwsp   x8, 0x18
#412 0 80000138     6105 r 02         f0041010  c.addi16sp 0x2
#413 0 8000013a     8082 r 00         00000000  c.jr     x1
#414 0 800001ca     4545 r 0a         00000011  c.li     x10, 0x11
#415 0 800001cc     3dcd r 01         800001ce  c.jal    . - 0x10e
#416 0 800000be     1101 r 02         f0040ff0  c.addi   x2, -0x20
#417 0 800000c0     ce06 m f004100c   800001ce  c.swsp   x1, 0x1c
#418 0 800000c2     cc22 m f0041008   f0041030  c.swsp   x8, 0x18
#419 0 800000c4     1000 r 08         f0041010  c.addi4spn  x8, 0x8
#420 0 800000c6 fea42623 m f0040ffc   00000011  sw       x10, -0x14(x8)
#421 0 800000ca     3f7d r 01         800000cc  c.jal    . - 0x42
#422 0 80000088     1141 r 02         f0040fe0  c.addi   x2, -0x10
#423 0 8000008a     c622 m f0040fec   f0041010  c.swsp   x8, 0xc
#424 0 8000008c     0800 r 08         f0040ff0  c.addi4spn  x8, 0x4
#425 0 8000008e f00407b7 r 0f         f0040000  lui      x15, -0xffc0
#426 0 80000092 0207a783 r 0f         00000006  lw       x15, 0x20(x15)
#427 0 80000096     17e9 r 0f         00000000  c.addi   x15, -0x6
#428 0 80000098 0017b793 r 0f         00000001  sltiu    x15, x15, 0x1
#429 0 8000009c 0ff7f793 r 0f         00000001  andi     x15, x15, 0xff
#430 0 800000a0     853e r 0a         00000001  c.mv     x10, x15
#431 0 800000a2     4432 r 08         f0041010  c.lwsp   x8, 0xc
#432 0 800000a4     0141 r 02         f0040ff0  c.addi   x2, 0x10
#433 0 800000a6     8082 r 00         00000000  c.jr     x1
#434 0 800000cc     87aa r 0f         00000001  c.mv     x15, x10
#435 0 800000ce 0017c793 r 0f         00000000  xori     x15, x15, 0x1
#436 0 800000d2 0ff7f793 r 0f         00000000  andi     x15, x15, 0xff
#437 0 800000d6     cfb1 r 00         00000000  c.beqz   x15, . + 0x5c
#438 0 80000132     0001 r 00         00000000  c.nop
#439 0 80000134     40f2 r 01         800001ce  c.lwsp   x1, 0x1c
#440 0 80000136     4462 r 08         f0041030  c.lwsp   x8, 0x18
#441 0 80000138     6105 r 02         f0041010  c.addi16sp 0x2
#442 0 8000013a     8082 r 00         00000000  c.jr     x1
#443 0 800001ce     4549 r 0a         00000012  c.li     x10, 0x12
#444 0 800001d0     35fd r 01         800001d2  c.jal    . - 0x112
#445 0 800000be     1101 r 02         f0040ff0  c.addi   x2, -0x20
#446 0 800000c0     ce06 m f004100c   800001d2  c.swsp   x1, 0x1c
#447 0 800000c2     cc22 m f0041008   f0041030  c.swsp   x8, 0x18
#448 0 800000c4     1000 r 08         f0041010  c.addi4spn  x8, 0x8
#449 0 800000c6 fea42623 m f0040ffc   00000012  sw       x10, -0x14(x8)
#450 0 800000ca     3f7d r 01         800000cc  c.jal    . - 0x42
#451 0 80000088     1141 r 02         f0040fe0  c.addi   x2, -0x10
#452 0 8000008a     c622 m f0040fec   f0041010  c.swsp   x8, 0xc
#453 0 8000008c     0800 r 08         f0040ff0  c.addi4spn  x8, 0x4
#454 0 8000008e f00407b7 r 0f         f0040000  lui      x15, -0xffc0
#455 0 80000092 0207a783 r 0f         00000006  lw       x15, 0x20(x15)
#456 0 80000096     17e9 r 0f         00000000  c.addi   x15, -0x6
#457 0 80000098 0017b793 r 0f         00000001  sltiu    x15, x15, 0x1
#458 0 8000009c 0ff7f793 r 0f         00000001  andi     x15, x15, 0xff
#459 0 800000a0     853e r 0a         00000001  c.mv     x10, x15
#460 0 800000a2     4432 r 08         f0041010  c.lwsp   x8, 0xc
#461 0 800000a4     0141 r 02         f0040ff0  c.addi   x2, 0x10
#462 0 800000a6     8082 r 00         00000000  c.jr     x1
#463 0 800000cc     87aa r 0f         00000001  c.mv     x15, x10
#464 0 800000ce 0017c793 r 0f         00000000  xori     x15, x15, 0x1
#465 0 800000d2 0ff7f793 r 0f         00000000  andi     x15, x15, 0xff
#466 0 800000d6     cfb1 r 00         00000000  c.beqz   x15, . + 0x5c
#467 0 80000132     0001 r 00         00000000  c.nop
#468 0 80000134     40f2 r 01         800001d2  c.lwsp   x1, 0x1c
#469 0 80000136     4462 r 08         f0041030  c.lwsp   x8, 0x18
#470 0 80000138     6105 r 02         f0041010  c.addi16sp 0x2
#471 0 8000013a     8082 r 00         00000000  c.jr     x1
#472 0 800001d2     3d95 r 01         800001d4  c.jal    . - 0x18c
#473 0 80000046     1141 r 02         f0041000  c.addi   x2, -0x10
#474 0 80000048     c622 m f004100c   f0041030  c.swsp   x8, 0xc
#475 0 8000004a     0800 r 08         f0041010  c.addi4spn  x8, 0x4
#476 0 8000004c f00407b7 r 0f         f0040000  lui      x15, -0xffc0
#477 0 80000050 01c7a783 r 0f         00000001  lw       x15, 0x1c(x15)
#478 0 80000054 f0040737 r 0e         f0040000  lui      x14, -0xffc0
#479 0 80000058 00470713 r 0e         f0040004  addi     x14, x14, 0x4
#480 0 8000005c     078a r 0f         00000004  c.slli   x15, 2
#481 0 8000005e     97ba r 0f         f0040008  c.add    x15, x14
#482 0 80000060     439c r 0f         00000005  c.lw     x15, 0x0(x15)
#483 0 80000062     853e r 0a         00000005  c.mv     x10, x15
#484 0 80000064     4432 r 08         f0041030  c.lwsp   x8, 0xc
#485 0 80000066     0141 r 02         f0041010  c.addi   x2, 0x10
#486 0 80000068     8082 r 00         00000000  c.jr     x1
#487 0 800001d4     a021 r 00         00000000  c.j      . + 0x8
#488 0 800001dc     3579 r 01         800001de  c.jal    . - 0x172
#489 0 8000006a     1141 r 02         f0041000  c.addi   x2, -0x10
#490 0 8000006c     c622 m f004100c   f0041030  c.swsp   x8, 0xc
#491 0 8000006e     0800 r 08         f0041010  c.addi4spn  x8, 0x4
#492 0 80000070 f00407b7 r 0f         f0040000  lui      x15, -0xffc0
#493 0 80000074 0207a783 r 0f         00000006  lw       x15, 0x20(x15)
#494 0 80000078 0017b793 r 0f         00000000  sltiu    x15, x15, 0x1
#495 0 8000007c 0ff7f793 r 0f         00000000  andi     x15, x15, 0xff
#496 0 80000080     853e r 0a         00000000  c.mv     x10, x15
#497 0 80000082     4432 r 08         f0041030  c.lwsp   x8, 0xc
#498 0 80000084     0141 r 02         f0041010  c.addi   x2, 0x10
#499 0 80000086     8082 r 00         00000000  c.jr     x1
#500 0 800001de     87aa r 0f         00000000  c.mv     x15, x10
#501 0 800001e0 0017c793 r 0f         00000001  xori     x15, x15, 0x1
#502 0 800001e4 0ff7f793 r 0f         00000001  andi     x15, x15, 0xff
#503 0 800001e8     f7fd r 00         00000000  c.bnez   x15, . - 0x12
#504 0 800001d6     379d r 01         800001d8  c.jal    . - 0x9a
#505 0 8000013c     1101 r 02         f0040ff0  c.addi   x2, -0x20
#506 0 8000013e     ce22 m f004100c   f0041030  c.swsp   x8, 0x1c
#507 0 80000140     1000 r 08         f0041010  c.addi4spn  x8, 0x8
#508 0 80000142 f00407b7 r 0f         f0040000  lui      x15, -0xffc0
#509 0 80000146 01c7a783 r 0f         00000001  lw       x15, 0x1c(x15)
#510 0 8000014a 00178693 r 0d         00000002  addi     x13, x15, 0x1
#511 0 8000014e f0040737 r 0e         f0040000  lui      x14, -0xffc0
#512 0 80000152 00d72e23 m f004001c   00000002  sw       x13, 0x1c(x14)
#513 0 80000156 f0040737 r 0e         f0040000  lui      x14, -0xffc0
#514 0 8000015a 00470713 r 0e         f0040004  addi     x14, x14, 0x4
#515 0 8000015e     078a r 0f         00000004  c.slli   x15, 2
#516 0 80000160     97ba r 0f         f0040008  c.add    x15, x14
#517 0 80000162     439c r 0f         00000005  c.lw     x15, 0x0(x15)
#518 0 80000164 fef42623 m f0040ffc   00000005  sw       x15, -0x14(x8)
#519 0 80000168 f00407b7 r 0f         f0040000  lui      x15, -0xffc0
#520 0 8000016c 01c7a703 r 0e         00000002  lw       x14, 0x1c(x15)
#521 0 80000170     4799 r 0f         00000006  c.li     x15, 0x6
#522 0 80000172 00f71663 r 00         00000000  bne      x14, x15, . + 0xc
#523 0 8000017e f00407b7 r 0f         f0040000  lui      x15, -0xffc0
#524 0 80000182 0207a783 r 0f         00000006  lw       x15, 0x20(x15)
#525 0 80000186 fff78713 r 0e         00000005  addi     x14, x15, -0x1
#526 0 8000018a f00407b7 r 0f         f0040000  lui      x15, -0xffc0
#527 0 8000018e 02e7a023 m f0040020   00000005  sw       x14, 0x20(x15)
#528 0 80000192 fec42783 r 0f         00000005  lw       x15, -0x14(x8)
#529 0 80000196     853e r 0a         00000005  c.mv     x10, x15
#530 0 80000198     4472 r 08         f0041030  c.lwsp   x8, 0x1c
#531 0 8000019a     6105 r 02         f0041010  c.addi16sp 0x2
#532 0 8000019c     8082 r 00         00000000  c.jr     x1
#533 0 800001d8 fea42423 m f0041018   00000005  sw       x10, -0x18(x8)
#534 0 800001dc     3579 r 01         800001de  c.jal    . - 0x172
#535 0 8000006a     1141 r 02         f0041000  c.addi   x2, -0x10
#536 0 8000006c     c622 m f004100c   f0041030  c.swsp   x8, 0xc
#537 0 8000006e     0800 r 08         f0041010  c.addi4spn  x8, 0x4
#538 0 80000070 f00407b7 r 0f         f0040000  lui      x15, -0xffc0
#539 0 80000074 0207a783 r 0f         00000005  lw       x15, 0x20(x15)
#540 0 80000078 0017b793 r 0f         00000000  sltiu    x15, x15, 0x1
#541 0 8000007c 0ff7f793 r 0f         00000000  andi     x15, x15, 0xff
#542 0 80000080     853e r 0a         00000000  c.mv     x10, x15
#543 0 80000082     4432 r 08         f0041030  c.lwsp   x8, 0xc
#544 0 80000084     0141 r 02         f0041010  c.addi   x2, 0x10
#545 0 80000086     8082 r 00         00000000  c.jr     x1
#546 0 800001de     87aa r 0f         00000000  c.mv     x15, x10
#547 0 800001e0 0017c793 r 0f         00000001  xori     x15, x15, 0x1
#548 0 800001e4 0ff7f793 r 0f         00000001  andi     x15, x15, 0xff
#549 0 800001e8     f7fd r 00         00000000  c.bnez   x15, . - 0x12
#550 0 800001d6     379d r 01         800001d8  c.jal    . - 0x9a
#551 0 8000013c     1101 r 02         f0040ff0  c.addi   x2, -0x20
#552 0 8000013e     ce22 m f004100c   f0041030  c.swsp   x8, 0x1c
#553 0 80000140     1000 r 08         f0041010  c.addi4spn  x8, 0x8
#554 0 80000142 f00407b7 r 0f         f0040000  lui      x15, -0xffc0
#555 0 80000146 01c7a783 r 0f         00000002  lw       x15, 0x1c(x15)
#556 0 8000014a 00178693 r 0d         00000003  addi     x13, x15, 0x1
#557 0 8000014e f0040737 r 0e         f0040000  lui      x14, -0xffc0
#558 0 80000152 00d72e23 m f004001c   00000003  sw       x13, 0x1c(x14)
#559 0 80000156 f0040737 r 0e         f0040000  lui      x14, -0xffc0
#560 0 8000015a 00470713 r 0e         f0040004  addi     x14, x14, 0x4
#561 0 8000015e     078a r 0f         00000008  c.slli   x15, 2
#562 0 80000160     97ba r 0f         f004000c  c.add    x15, x14
#563 0 80000162     439c r 0f         00000009  c.lw     x15, 0x0(x15)
#564 0 80000164 fef42623 m f0040ffc   00000009  sw       x15, -0x14(x8)
#565 0 80000168 f00407b7 r 0f         f0040000  lui      x15, -0xffc0
#566 0 8000016c 01c7a703 r 0e         00000003  lw       x14, 0x1c(x15)
#567 0 80000170     4799 r 0f         00000006  c.li     x15, 0x6
#568 0 80000172 00f71663 r 00         00000000  bne      x14, x15, . + 0xc
#569 0 8000017e f00407b7 r 0f         f0040000  lui      x15, -0xffc0
#570 0 80000182 0207a783 r 0f         00000005  lw       x15, 0x20(x15)
#571 0 80000186 fff78713 r 0e         00000004  addi     x14, x15, -0x1
#572 0 8000018a f00407b7 r 0f         f0040000  lui      x15, -0xffc0
#573 0 8000018e 02e7a023 m f0040020   00000004  sw       x14, 0x20(x15)
#574 0 80000192 fec42783 r 0f         00000009  lw       x15, -0x14(x8)
#575 0 80000196     853e r 0a         00000009  c.mv     x10, x15
#576 0 80000198     4472 r 08         f0041030  c.lwsp   x8, 0x1c
#577 0 8000019a     6105 r 02         f0041010  c.addi16sp 0x2
#578 0 8000019c     8082 r 00         00000000  c.jr     x1
#579 0 800001d8 fea42423 m f0041018   00000009  sw       x10, -0x18(x8)
#580 0 800001dc     3579 r 01         800001de  c.jal    . - 0x172
#581 0 8000006a     1141 r 02         f0041000  c.addi   x2, -0x10
#582 0 8000006c     c622 m f004100c   f0041030  c.swsp   x8, 0xc
#583 0 8000006e     0800 r 08         f0041010  c.addi4spn  x8, 0x4
#584 0 80000070 f00407b7 r 0f         f0040000  lui      x15, -0xffc0
#585 0 80000074 0207a783 r 0f         00000004  lw       x15, 0x20(x15)
#586 0 80000078 0017b793 r 0f         00000000  sltiu    x15, x15, 0x1
#587 0 8000007c 0ff7f793 r 0f         00000000  andi     x15, x15, 0xff
#588 0 80000080     853e r 0a         00000000  c.mv     x10, x15
#589 0 80000082     4432 r 08         f0041030  c.lwsp   x8, 0xc
#590 0 80000084     0141 r 02         f0041010  c.addi   x2, 0x10
#591 0 80000086     8082 r 00         00000000  c.jr     x1
#592 0 800001de     87aa r 0f         00000000  c.mv     x15, x10
#593 0 800001e0 0017c793 r 0f         00000001  xori     x15, x15, 0x1
#594 0 800001e4 0ff7f793 r 0f         00000001  andi     x15, x15, 0xff
#595 0 800001e8     f7fd r 00         00000000  c.bnez   x15, . - 0x12
#596 0 800001d6     379d r 01         800001d8  c.jal    . - 0x9a
#597 0 8000013c     1101 r 02         f0040ff0  c.addi   x2, -0x20
#598 0 8000013e     ce22 m f004100c   f0041030  c.swsp   x8, 0x1c
#599 0 80000140     1000 r 08         f0041010  c.addi4spn  x8, 0x8
#600 0 80000142 f00407b7 r 0f         f0040000  lui      x15, -0xffc0
#601 0 80000146 01c7a783 r 0f         00000003  lw       x15, 0x1c(x15)
#602 0 8000014a 00178693 r 0d         00000004  addi     x13, x15, 0x1
#603 0 8000014e f0040737 r 0e         f0040000  lui      x14, -0xffc0
#604 0 80000152 00d72e23 m f004001c   00000004  sw       x13, 0x1c(x14)
#605 0 80000156 f0040737 r 0e         f0040000  lui      x14, -0xffc0
#606 0 8000015a 00470713 r 0e         f0040004  addi     x14, x14, 0x4
#607 0 8000015e     078a r 0f         0000000c  c.slli   x15, 2
#608 0 80000160     97ba r 0f         f0040010  c.add    x15, x14
#609 0 80000162     439c r 0f         00000001  c.lw     x15, 0x0(x15)
#610 0 80000164 fef42623 m f0040ffc   00000001  sw       x15, -0x14(x8)
#611 0 80000168 f00407b7 r 0f         f0040000  lui      x15, -0xffc0
#612 0 8000016c 01c7a703 r 0e         00000004  lw       x14, 0x1c(x15)
#613 0 80000170     4799 r 0f         00000006  c.li     x15, 0x6
#614 0 80000172 00f71663 r 00         00000000  bne      x14, x15, . + 0xc
#615 0 8000017e f00407b7 r 0f         f0040000  lui      x15, -0xffc0
#616 0 80000182 0207a783 r 0f         00000004  lw       x15, 0x20(x15)
#617 0 80000186 fff78713 r 0e         00000003  addi     x14, x15, -0x1
#618 0 8000018a f00407b7 r 0f         f0040000  lui      x15, -0xffc0
#619 0 8000018e 02e7a023 m f0040020   00000003  sw       x14, 0x20(x15)
#620 0 80000192 fec42783 r 0f         00000001  lw       x15, -0x14(x8)
#621 0 80000196     853e r 0a         00000001  c.mv     x10, x15
#622 0 80000198     4472 r 08         f0041030  c.lwsp   x8, 0x1c
#623 0 8000019a     6105 r 02         f0041010  c.addi16sp 0x2
#624 0 8000019c     8082 r 00         00000000  c.jr     x1
#625 0 800001d8 fea42423 m f0041018   00000001  sw       x10, -0x18(x8)
#626 0 800001dc     3579 r 01         800001de  c.jal    . - 0x172
#627 0 8000006a     1141 r 02         f0041000  c.addi   x2, -0x10
#628 0 8000006c     c622 m f004100c   f0041030  c.swsp   x8, 0xc
#629 0 8000006e     0800 r 08         f0041010  c.addi4spn  x8, 0x4
#630 0 80000070 f00407b7 r 0f         f0040000  lui      x15, -0xffc0
#631 0 80000074 0207a783 r 0f         00000003  lw       x15, 0x20(x15)
#632 0 80000078 0017b793 r 0f         00000000  sltiu    x15, x15, 0x1
#633 0 8000007c 0ff7f793 r 0f         00000000  andi     x15, x15, 0xff
#634 0 80000080     853e r 0a         00000000  c.mv     x10, x15
#635 0 80000082     4432 r 08         f0041030  c.lwsp   x8, 0xc
#636 0 80000084     0141 r 02         f0041010  c.addi   x2, 0x10
#637 0 80000086     8082 r 00         00000000  c.jr     x1
#638 0 800001de     87aa r 0f         00000000  c.mv     x15, x10
#639 0 800001e0 0017c793 r 0f         00000001  xori     x15, x15, 0x1
#640 0 800001e4 0ff7f793 r 0f         00000001  andi     x15, x15, 0xff
#641 0 800001e8     f7fd r 00         00000000  c.bnez   x15, . - 0x12
#642 0 800001d6     379d r 01         800001d8  c.jal    . - 0x9a
#643 0 8000013c     1101 r 02         f0040ff0  c.addi   x2, -0x20
#644 0 8000013e     ce22 m f004100c   f0041030  c.swsp   x8, 0x1c
#645 0 80000140     1000 r 08         f0041010  c.addi4spn  x8, 0x8
#646 0 80000142 f00407b7 r 0f         f0040000  lui      x15, -0xffc0
#647 0 80000146 01c7a783 r 0f         00000004  lw       x15, 0x1c(x15)
#648 0 8000014a 00178693 r 0d         00000005  addi     x13, x15, 0x1
#649 0 8000014e f0040737 r 0e         f0040000  lui      x14, -0xffc0
#650 0 80000152 00d72e23 m f004001c   00000005  sw       x13, 0x1c(x14)
#651 0 80000156 f0040737 r 0e         f0040000  lui      x14, -0xffc0
#652 0 8000015a 00470713 r 0e         f0040004  addi     x14, x14, 0x4
#653 0 8000015e     078a r 0f         00000010  c.slli   x15, 2
#654 0 80000160     97ba r 0f         f0040014  c.add    x15, x14
#655 0 80000162     439c r 0f         0000000c  c.lw     x15, 0x0(x15)
#656 0 80000164 fef42623 m f0040ffc   0000000c  sw       x15, -0x14(x8)
#657 0 80000168 f00407b7 r 0f         f0040000  lui      x15, -0xffc0
#658 0 8000016c 01c7a703 r 0e         00000005  lw       x14, 0x1c(x15)
#659 0 80000170     4799 r 0f         00000006  c.li     x15, 0x6
#660 0 80000172 00f71663 r 00         00000000  bne      x14, x15, . + 0xc
#661 0 8000017e f00407b7 r 0f         f0040000  lui      x15, -0xffc0
#662 0 80000182 0207a783 r 0f         00000003  lw       x15, 0x20(x15)
#663 0 80000186 fff78713 r 0e         00000002  addi     x14, x15, -0x1
#664 0 8000018a f00407b7 r 0f         f0040000  lui      x15, -0xffc0
#665 0 8000018e 02e7a023 m f0040020   00000002  sw       x14, 0x20(x15)
#666 0 80000192 fec42783 r 0f         0000000c  lw       x15, -0x14(x8)
#667 0 80000196     853e r 0a         0000000c  c.mv     x10, x15
#668 0 80000198     4472 r 08         f0041030  c.lwsp   x8, 0x1c
#669 0 8000019a     6105 r 02         f0041010  c.addi16sp 0x2
#670 0 8000019c     8082 r 00         00000000  c.jr     x1
#671 0 800001d8 fea42423 m f0041018   0000000c  sw       x10, -0x18(x8)
#672 0 800001dc     3579 r 01         800001de  c.jal    . - 0x172
#673 0 8000006a     1141 r 02         f0041000  c.addi   x2, -0x10
#674 0 8000006c     c622 m f004100c   f0041030  c.swsp   x8, 0xc
#675 0 8000006e     0800 r 08         f0041010  c.addi4spn  x8, 0x4
#676 0 80000070 f00407b7 r 0f         f0040000  lui      x15, -0xffc0
#677 0 80000074 0207a783 r 0f         00000002  lw       x15, 0x20(x15)
#678 0 80000078 0017b793 r 0f         00000000  sltiu    x15, x15, 0x1
#679 0 8000007c 0ff7f793 r 0f         00000000  andi     x15, x15, 0xff
#680 0 80000080     853e r 0a         00000000  c.mv     x10, x15
#681 0 80000082     4432 r 08         f0041030  c.lwsp   x8, 0xc
#682 0 80000084     0141 r 02         f0041010  c.addi   x2, 0x10
#683 0 80000086     8082 r 00         00000000  c.jr     x1
#684 0 800001de     87aa r 0f         00000000  c.mv     x15, x10
#685 0 800001e0 0017c793 r 0f         00000001  xori     x15, x15, 0x1
#686 0 800001e4 0ff7f793 r 0f         00000001  andi     x15, x15, 0xff
#687 0 800001e8     f7fd r 00         00000000  c.bnez   x15, . - 0x12
#688 0 800001d6     379d r 01         800001d8  c.jal    . - 0x9a
#689 0 8000013c     1101 r 02         f0040ff0  c.addi   x2, -0x20
#690 0 8000013e     ce22 m f004100c   f0041030  c.swsp   x8, 0x1c
#691 0 80000140     1000 r 08         f0041010  c.addi4spn  x8, 0x8
#692 0 80000142 f00407b7 r 0f         f0040000  lui      x15, -0xffc0
#693 0 80000146 01c7a783 r 0f         00000005  lw       x15, 0x1c(x15)
#694 0 8000014a 00178693 r 0d         00000006  addi     x13, x15, 0x1
#695 0 8000014e f0040737 r 0e         f0040000  lui      x14, -0xffc0
#696 0 80000152 00d72e23 m f004001c   00000006  sw       x13, 0x1c(x14)
#697 0 80000156 f0040737 r 0e         f0040000  lui      x14, -0xffc0
#698 0 8000015a 00470713 r 0e         f0040004  addi     x14, x14, 0x4
#699 0 8000015e     078a r 0f         00000014  c.slli   x15, 2
#700 0 80000160     97ba r 0f         f0040018  c.add    x15, x14
#701 0 80000162     439c r 0f         0000000f  c.lw     x15, 0x0(x15)
#702 0 80000164 fef42623 m f0040ffc   0000000f  sw       x15, -0x14(x8)
#703 0 80000168 f00407b7 r 0f         f0040000  lui      x15, -0xffc0
#704 0 8000016c 01c7a703 r 0e         00000006  lw       x14, 0x1c(x15)
#705 0 80000170     4799 r 0f         00000006  c.li     x15, 0x6
#706 0 80000172 00f71663 r 00         00000000  bne      x14, x15, . + 0xc
#707 0 80000176 f00407b7 r 0f         f0040000  lui      x15, -0xffc0
#708 0 8000017a 0007ae23 m f004001c   00000000  sw       x0, 0x1c(x15)
#709 0 8000017e f00407b7 r 0f         f0040000  lui      x15, -0xffc0
#710 0 80000182 0207a783 r 0f         00000002  lw       x15, 0x20(x15)
#711 0 80000186 fff78713 r 0e         00000001  addi     x14, x15, -0x1
#712 0 8000018a f00407b7 r 0f         f0040000  lui      x15, -0xffc0
#713 0 8000018e 02e7a023 m f0040020   00000001  sw       x14, 0x20(x15)
#714 0 80000192 fec42783 r 0f         0000000f  lw       x15, -0x14(x8)
#715 0 80000196     853e r 0a         0000000f  c.mv     x10, x15
#716 0 80000198     4472 r 08         f0041030  c.lwsp   x8, 0x1c
#717 0 8000019a     6105 r 02         f0041010  c.addi16sp 0x2
#718 0 8000019c     8082 r 00         00000000  c.jr     x1
#719 0 800001d8 fea42423 m f0041018   0000000f  sw       x10, -0x18(x8)
#720 0 800001dc     3579 r 01         800001de  c.jal    . - 0x172
#721 0 8000006a     1141 r 02         f0041000  c.addi   x2, -0x10
#722 0 8000006c     c622 m f004100c   f0041030  c.swsp   x8, 0xc
#723 0 8000006e     0800 r 08         f0041010  c.addi4spn  x8, 0x4
#724 0 80000070 f00407b7 r 0f         f0040000  lui      x15, -0xffc0
#725 0 80000074 0207a783 r 0f         00000001  lw       x15, 0x20(x15)
#726 0 80000078 0017b793 r 0f         00000000  sltiu    x15, x15, 0x1
#727 0 8000007c 0ff7f793 r 0f         00000000  andi     x15, x15, 0xff
#728 0 80000080     853e r 0a         00000000  c.mv     x10, x15
#729 0 80000082     4432 r 08         f0041030  c.lwsp   x8, 0xc
#730 0 80000084     0141 r 02         f0041010  c.addi   x2, 0x10
#731 0 80000086     8082 r 00         00000000  c.jr     x1
#732 0 800001de     87aa r 0f         00000000  c.mv     x15, x10
#733 0 800001e0 0017c793 r 0f         00000001  xori     x15, x15, 0x1
#734 0 800001e4 0ff7f793 r 0f         00000001  andi     x15, x15, 0xff
#735 0 800001e8     f7fd r 00         00000000  c.bnez   x15, . - 0x12
#736 0 800001d6     379d r 01         800001d8  c.jal    . - 0x9a
#737 0 8000013c     1101 r 02         f0040ff0  c.addi   x2, -0x20
#738 0 8000013e     ce22 m f004100c   f0041030  c.swsp   x8, 0x1c
#739 0 80000140     1000 r 08         f0041010  c.addi4spn  x8, 0x8
#740 0 80000142 f00407b7 r 0f         f0040000  lui      x15, -0xffc0
#741 0 80000146 01c7a783 r 0f         00000000  lw       x15, 0x1c(x15)
#742 0 8000014a 00178693 r 0d         00000001  addi     x13, x15, 0x1
#743 0 8000014e f0040737 r 0e         f0040000  lui      x14, -0xffc0
#744 0 80000152 00d72e23 m f004001c   00000001  sw       x13, 0x1c(x14)
#745 0 80000156 f0040737 r 0e         f0040000  lui      x14, -0xffc0
#746 0 8000015a 00470713 r 0e         f0040004  addi     x14, x14, 0x4
#747 0 8000015e     078a r 0f         00000000  c.slli   x15, 2
#748 0 80000160     97ba r 0f         f0040004  c.add    x15, x14
#749 0 80000162     439c r 0f         00000010  c.lw     x15, 0x0(x15)
#750 0 80000164 fef42623 m f0040ffc   00000010  sw       x15, -0x14(x8)
#751 0 80000168 f00407b7 r 0f         f0040000  lui      x15, -0xffc0
#752 0 8000016c 01c7a703 r 0e         00000001  lw       x14, 0x1c(x15)
#753 0 80000170     4799 r 0f         00000006  c.li     x15, 0x6
#754 0 80000172 00f71663 r 00         00000000  bne      x14, x15, . + 0xc
#755 0 8000017e f00407b7 r 0f         f0040000  lui      x15, -0xffc0
#756 0 80000182 0207a783 r 0f         00000001  lw       x15, 0x20(x15)
#757 0 80000186 fff78713 r 0e         00000000  addi     x14, x15, -0x1
#758 0 8000018a f00407b7 r 0f         f0040000  lui      x15, -0xffc0
#759 0 8000018e 02e7a023 m f0040020   00000000  sw       x14, 0x20(x15)
#760 0 80000192 fec42783 r 0f         00000010  lw       x15, -0x14(x8)
#761 0 80000196     853e r 0a         00000010  c.mv     x10, x15
#762 0 80000198     4472 r 08         f0041030  c.lwsp   x8, 0x1c
#763 0 8000019a     6105 r 02         f0041010  c.addi16sp 0x2
#764 0 8000019c     8082 r 00         00000000  c.jr     x1
#765 0 800001d8 fea42423 m f0041018   00000010  sw       x10, -0x18(x8)
#766 0 800001dc     3579 r 01         800001de  c.jal    . - 0x172
#767 0 8000006a     1141 r 02         f0041000  c.addi   x2, -0x10
#768 0 8000006c     c622 m f004100c   f0041030  c.swsp   x8, 0xc
#769 0 8000006e     0800 r 08         f0041010  c.addi4spn  x8, 0x4
#770 0 80000070 f00407b7 r 0f         f0040000  lui      x15, -0xffc0
#771 0 80000074 0207a783 r 0f         00000000  lw       x15, 0x20(x15)
#772 0 80000078 0017b793 r 0f         00000001  sltiu    x15, x15, 0x1
#773 0 8000007c 0ff7f793 r 0f         00000001  andi     x15, x15, 0xff
#774 0 80000080     853e r 0a         00000001  c.mv     x10, x15
#775 0 80000082     4432 r 08         f0041030  c.lwsp   x8, 0xc
#776 0 80000084     0141 r 02         f0041010  c.addi   x2, 0x10
#777 0 80000086     8082 r 00         00000000  c.jr     x1
#778 0 800001de     87aa r 0f         00000001  c.mv     x15, x10
#779 0 800001e0 0017c793 r 0f         00000000  xori     x15, x15, 0x1
#780 0 800001e4 0ff7f793 r 0f         00000000  andi     x15, x15, 0xff
#781 0 800001e8     f7fd r 00         00000000  c.bnez   x15, . - 0x12
#782 0 800001ea     4781 r 0f         00000000  c.li     x15, 0x0
#783 0 800001ec     853e r 0a         00000000  c.mv     x10, x15
#784 0 800001ee     40f2 r 01         80000018  c.lwsp   x1, 0x1c
#785 0 800001f0     4462 r 08         00000000  c.lwsp   x8, 0x18
#786 0 800001f2     6105 r 02         f0041030  c.addi16sp 0x2
#787 0 800001f4     8082 r 00         00000000  c.jr     x1
#788 0 80000018 50580297 r 05         d0580018  auipc    x5, 0x50580
#789 0 8000001c fe828293 r 05         d0580000  addi     x5, x5, -0x18
#790 0 80000020 0ff00313 r 06         000000ff  addi     x6, x0, 0xff
#791 0 80000024 00628023 m d0580000   000000ff  sb       x6, 0x0(x5)
