#1 0 80000000 595552b7 r 05         59555000  lui      x5, 0x59555
#2 0 80000004 55528293 r 05         59555555  addi     x5, x5, 0x555
#3 0 80000008 7c029073 c 07c0       59555555  csrrw    x0, mrac, x5
#4 0 8000000c 70041117 r 02         f004100c  auipc    x2, 0x70041
#5 0 80000010 01410113 r 02         f0041020  addi     x2, x2, 0x14
#6 0 80000014 0dc000ef r 01         80000018  jal      x1, . + 0xdc
#7 0 800000f0     7139 r 02         f0040fe0  c.addi16sp -0x4
#8 0 800000f2     de06 m f004101c   80000018  c.swsp   x1, 0x3c
#9 0 800000f4     dc22 m f0041018   00000000  c.swsp   x8, 0x38
#10 0 800000f6     0080 r 08         f0041020  c.addi4spn  x8, 0x10
#11 0 800000f8 f00407b7 r 0f         f0040000  lui      x15, -0xffc0
#12 0 800000fc 00078793 r 0f         f0040000  addi     x15, x15, 0x0
#13 0 80000100 0007a883 r 11         00000001  lw       x17, 0x0(x15)
#14 0 80000104 0047a803 r 10         00000005  lw       x16, 0x4(x15)
#15 0 80000108     4788 r 0a         00000008  c.lw     x10, 0x8(x15)
#16 0 8000010a     47cc r 0b         00000009  c.lw     x11, 0xc(x15)
#17 0 8000010c     4b90 r 0c         0000000a  c.lw     x12, 0x10(x15)
#18 0 8000010e     4bd4 r 0d         00000011  c.lw     x13, 0x14(x15)
#19 0 80000110     4f98 r 0e         00000011  c.lw     x14, 0x18(x15)
#20 0 80000112     4fdc r 0f         00000014  c.lw     x15, 0x1c(x15)
#21 0 80000114 fd142623 m f0040fec   00000001  sw       x17, -0x34(x8)
#22 0 80000118 fd042823 m f0040ff0   00000005  sw       x16, -0x30(x8)
#23 0 8000011c fca42a23 m f0040ff4   00000008  sw       x10, -0x2c(x8)
#24 0 80000120 fcb42c23 m f0040ff8   00000009  sw       x11, -0x28(x8)
#25 0 80000124 fcc42e23 m f0040ffc   0000000a  sw       x12, -0x24(x8)
#26 0 80000128 fed42023 m f0041000   00000011  sw       x13, -0x20(x8)
#27 0 8000012c fee42223 m f0041004   00000011  sw       x14, -0x1c(x8)
#28 0 80000130 fef42423 m f0041008   00000014  sw       x15, -0x18(x8)
#29 0 80000134     47a1 r 0f         00000008  c.li     x15, 0x8
#30 0 80000136 fef42623 m f004100c   00000008  sw       x15, -0x14(x8)
#31 0 8000013a fcc40793 r 0f         f0040fec  addi     x15, x8, -0x34
#32 0 8000013e fec42583 r 0b         00000008  lw       x11, -0x14(x8)
#33 0 80000142     853e r 0a         f0040fec  c.mv     x10, x15
#34 0 80000144     371d r 01         80000146  c.jal    . - 0xda
#35 0 8000006a     7179 r 02         f0040fb0  c.addi16sp -0x3
#36 0 8000006c     d606 m f0040fdc   80000146  c.swsp   x1, 0x2c
#37 0 8000006e     d422 m f0040fd8   f0041020  c.swsp   x8, 0x28
#38 0 80000070     d226 m f0040fd4   00000000  c.swsp   x9, 0x24
#39 0 80000072     1800 r 08         f0040fe0  c.addi4spn  x8, 0xc
#40 0 80000074 fca42e23 m f0040fbc   f0040fec  sw       x10, -0x24(x8)
#41 0 80000078 fcb42c23 m f0040fb8   00000008  sw       x11, -0x28(x8)
#42 0 8000007c fd842783 r 0f         00000008  lw       x15, -0x28(x8)
#43 0 80000080 00f04463 r 00         00000000  blt      x0, x15, . + 0x8
#44 0 80000088 800007b7 r 0f         80000000  lui      x15, -0x80000
#45 0 8000008c fef42623 m f0040fcc   80000000  sw       x15, -0x14(x8)
#46 0 80000090 fe042423 m f0040fc8   00000000  sw       x0, -0x18(x8)
#47 0 80000094     a081 r 00         00000000  c.j      . + 0x40
#48 0 800000d4 fe842703 r 0e         00000000  lw       x14, -0x18(x8)
#49 0 800000d8 fd842783 r 0f         00000008  lw       x15, -0x28(x8)
#50 0 800000dc faf74de3 r 00         00000000  blt      x14, x15, . - 0x46
#51 0 80000096 fe842783 r 0f         00000000  lw       x15, -0x18(x8)
#52 0 8000009a     078a r 0f         00000000  c.slli   x15, 2
#53 0 8000009c fdc42703 r 0e         f0040fec  lw       x14, -0x24(x8)
#54 0 800000a0     97ba r 0f         f0040fec  c.add    x15, x14
#55 0 800000a2     4384 r 09         00000001  c.lw     x9, 0x0(x15)
#56 0 800000a4 fd842703 r 0e         00000008  lw       x14, -0x28(x8)
#57 0 800000a8 fe842783 r 0f         00000000  lw       x15, -0x18(x8)
#58 0 800000ac 40f707b3 r 0f         00000008  sub      x15, x14, x15
#59 0 800000b0     17fd r 0f         00000007  c.addi   x15, -0x1
#60 0 800000b2     85be r 0b         00000007  c.mv     x11, x15
#61 0 800000b4 fdc42503 r 0a         f0040fec  lw       x10, -0x24(x8)
#62 0 800000b8     3f4d r 01         800000ba  c.jal    . - 0x4e
#63 0 8000006a     7179 r 02         f0040f80  c.addi16sp -0x3
#64 0 8000006c     d606 m f0040fac   800000ba  c.swsp   x1, 0x2c
#65 0 8000006e     d422 m f0040fa8   f0040fe0  c.swsp   x8, 0x28
#66 0 80000070     d226 m f0040fa4   00000001  c.swsp   x9, 0x24
#67 0 80000072     1800 r 08         f0040fb0  c.addi4spn  x8, 0xc
#68 0 80000074 fca42e23 m f0040f8c   f0040fec  sw       x10, -0x24(x8)
#69 0 80000078 fcb42c23 m f0040f88   00000007  sw       x11, -0x28(x8)
#70 0 8000007c fd842783 r 0f         00000007  lw       x15, -0x28(x8)
#71 0 80000080 00f04463 r 00         00000000  blt      x0, x15, . + 0x8
#72 0 80000088 800007b7 r 0f         80000000  lui      x15, -0x80000
#73 0 8000008c fef42623 m f0040f9c   80000000  sw       x15, -0x14(x8)
#74 0 80000090 fe042423 m f0040f98   00000000  sw       x0, -0x18(x8)
#75 0 80000094     a081 r 00         00000000  c.j      . + 0x40
#76 0 800000d4 fe842703 r 0e         00000000  lw       x14, -0x18(x8)
#77 0 800000d8 fd842783 r 0f         00000007  lw       x15, -0x28(x8)
#78 0 800000dc faf74de3 r 00         00000000  blt      x14, x15, . - 0x46
#79 0 80000096 fe842783 r 0f         00000000  lw       x15, -0x18(x8)
#80 0 8000009a     078a r 0f         00000000  c.slli   x15, 2
#81 0 8000009c fdc42703 r 0e         f0040fec  lw       x14, -0x24(x8)
#82 0 800000a0     97ba r 0f         f0040fec  c.add    x15, x14
#83 0 800000a2     4384 r 09         00000001  c.lw     x9, 0x0(x15)
#84 0 800000a4 fd842703 r 0e         00000007  lw       x14, -0x28(x8)
#85 0 800000a8 fe842783 r 0f         00000000  lw       x15, -0x18(x8)
#86 0 800000ac 40f707b3 r 0f         00000007  sub      x15, x14, x15
#87 0 800000b0     17fd r 0f         00000006  c.addi   x15, -0x1
#88 0 800000b2     85be r 0b         00000006  c.mv     x11, x15
#89 0 800000b4 fdc42503 r 0a         f0040fec  lw       x10, -0x24(x8)
#90 0 800000b8     3f4d r 01         800000ba  c.jal    . - 0x4e
#91 0 8000006a     7179 r 02         f0040f50  c.addi16sp -0x3
#92 0 8000006c     d606 m f0040f7c   800000ba  c.swsp   x1, 0x2c
#93 0 8000006e     d422 m f0040f78   f0040fb0  c.swsp   x8, 0x28
#94 0 80000070     d226 m f0040f74   00000001  c.swsp   x9, 0x24
#95 0 80000072     1800 r 08         f0040f80  c.addi4spn  x8, 0xc
#96 0 80000074 fca42e23 m f0040f5c   f0040fec  sw       x10, -0x24(x8)
#97 0 80000078 fcb42c23 m f0040f58   00000006  sw       x11, -0x28(x8)
#98 0 8000007c fd842783 r 0f         00000006  lw       x15, -0x28(x8)
#99 0 80000080 00f04463 r 00         00000000  blt      x0, x15, . + 0x8
#100 0 80000088 800007b7 r 0f         80000000  lui      x15, -0x80000
#101 0 8000008c fef42623 m f0040f6c   80000000  sw       x15, -0x14(x8)
#102 0 80000090 fe042423 m f0040f68   00000000  sw       x0, -0x18(x8)
#103 0 80000094     a081 r 00         00000000  c.j      . + 0x40
#104 0 800000d4 fe842703 r 0e         00000000  lw       x14, -0x18(x8)
#105 0 800000d8 fd842783 r 0f         00000006  lw       x15, -0x28(x8)
#106 0 800000dc faf74de3 r 00         00000000  blt      x14, x15, . - 0x46
#107 0 80000096 fe842783 r 0f         00000000  lw       x15, -0x18(x8)
#108 0 8000009a     078a r 0f         00000000  c.slli   x15, 2
#109 0 8000009c fdc42703 r 0e         f0040fec  lw       x14, -0x24(x8)
#110 0 800000a0     97ba r 0f         f0040fec  c.add    x15, x14
#111 0 800000a2     4384 r 09         00000001  c.lw     x9, 0x0(x15)
#112 0 800000a4 fd842703 r 0e         00000006  lw       x14, -0x28(x8)
#113 0 800000a8 fe842783 r 0f         00000000  lw       x15, -0x18(x8)
#114 0 800000ac 40f707b3 r 0f         00000006  sub      x15, x14, x15
#115 0 800000b0     17fd r 0f         00000005  c.addi   x15, -0x1
#116 0 800000b2     85be r 0b         00000005  c.mv     x11, x15
#117 0 800000b4 fdc42503 r 0a         f0040fec  lw       x10, -0x24(x8)
#118 0 800000b8     3f4d r 01         800000ba  c.jal    . - 0x4e
#119 0 8000006a     7179 r 02         f0040f20  c.addi16sp -0x3
#120 0 8000006c     d606 m f0040f4c   800000ba  c.swsp   x1, 0x2c
#121 0 8000006e     d422 m f0040f48   f0040f80  c.swsp   x8, 0x28
#122 0 80000070     d226 m f0040f44   00000001  c.swsp   x9, 0x24
#123 0 80000072     1800 r 08         f0040f50  c.addi4spn  x8, 0xc
#124 0 80000074 fca42e23 m f0040f2c   f0040fec  sw       x10, -0x24(x8)
#125 0 80000078 fcb42c23 m f0040f28   00000005  sw       x11, -0x28(x8)
#126 0 8000007c fd842783 r 0f         00000005  lw       x15, -0x28(x8)
#127 0 80000080 00f04463 r 00         00000000  blt      x0, x15, . + 0x8
#128 0 80000088 800007b7 r 0f         80000000  lui      x15, -0x80000
#129 0 8000008c fef42623 m f0040f3c   80000000  sw       x15, -0x14(x8)
#130 0 80000090 fe042423 m f0040f38   00000000  sw       x0, -0x18(x8)
#131 0 80000094     a081 r 00         00000000  c.j      . + 0x40
#132 0 800000d4 fe842703 r 0e         00000000  lw       x14, -0x18(x8)
#133 0 800000d8 fd842783 r 0f         00000005  lw       x15, -0x28(x8)
#134 0 800000dc faf74de3 r 00         00000000  blt      x14, x15, . - 0x46
#135 0 80000096 fe842783 r 0f         00000000  lw       x15, -0x18(x8)
#136 0 8000009a     078a r 0f         00000000  c.slli   x15, 2
#137 0 8000009c fdc42703 r 0e         f0040fec  lw       x14, -0x24(x8)
#138 0 800000a0     97ba r 0f         f0040fec  c.add    x15, x14
#139 0 800000a2     4384 r 09         00000001  c.lw     x9, 0x0(x15)
#140 0 800000a4 fd842703 r 0e         00000005  lw       x14, -0x28(x8)
#141 0 800000a8 fe842783 r 0f         00000000  lw       x15, -0x18(x8)
#142 0 800000ac 40f707b3 r 0f         00000005  sub      x15, x14, x15
#143 0 800000b0     17fd r 0f         00000004  c.addi   x15, -0x1
#144 0 800000b2     85be r 0b         00000004  c.mv     x11, x15
#145 0 800000b4 fdc42503 r 0a         f0040fec  lw       x10, -0x24(x8)
#146 0 800000b8     3f4d r 01         800000ba  c.jal    . - 0x4e
#147 0 8000006a     7179 r 02         f0040ef0  c.addi16sp -0x3
#148 0 8000006c     d606 m f0040f1c   800000ba  c.swsp   x1, 0x2c
#149 0 8000006e     d422 m f0040f18   f0040f50  c.swsp   x8, 0x28
#150 0 80000070     d226 m f0040f14   00000001  c.swsp   x9, 0x24
#151 0 80000072     1800 r 08         f0040f20  c.addi4spn  x8, 0xc
#152 0 80000074 fca42e23 m f0040efc   f0040fec  sw       x10, -0x24(x8)
#153 0 80000078 fcb42c23 m f0040ef8   00000004  sw       x11, -0x28(x8)
#154 0 8000007c fd842783 r 0f         00000004  lw       x15, -0x28(x8)
#155 0 80000080 00f04463 r 00         00000000  blt      x0, x15, . + 0x8
#156 0 80000088 800007b7 r 0f         80000000  lui      x15, -0x80000
#157 0 8000008c fef42623 m f0040f0c   80000000  sw       x15, -0x14(x8)
#158 0 80000090 fe042423 m f0040f08   00000000  sw       x0, -0x18(x8)
#159 0 80000094     a081 r 00         00000000  c.j      . + 0x40
#160 0 800000d4 fe842703 r 0e         00000000  lw       x14, -0x18(x8)
#161 0 800000d8 fd842783 r 0f         00000004  lw       x15, -0x28(x8)
#162 0 800000dc faf74de3 r 00         00000000  blt      x14, x15, . - 0x46
#163 0 80000096 fe842783 r 0f         00000000  lw       x15, -0x18(x8)
#164 0 8000009a     078a r 0f         00000000  c.slli   x15, 2
#165 0 8000009c fdc42703 r 0e         f0040fec  lw       x14, -0x24(x8)
#166 0 800000a0     97ba r 0f         f0040fec  c.add    x15, x14
#167 0 800000a2     4384 r 09         00000001  c.lw     x9, 0x0(x15)
#168 0 800000a4 fd842703 r 0e         00000004  lw       x14, -0x28(x8)
#169 0 800000a8 fe842783 r 0f         00000000  lw       x15, -0x18(x8)
#170 0 800000ac 40f707b3 r 0f         00000004  sub      x15, x14, x15
#171 0 800000b0     17fd r 0f         00000003  c.addi   x15, -0x1
#172 0 800000b2     85be r 0b         00000003  c.mv     x11, x15
#173 0 800000b4 fdc42503 r 0a         f0040fec  lw       x10, -0x24(x8)
#174 0 800000b8     3f4d r 01         800000ba  c.jal    . - 0x4e
#175 0 8000006a     7179 r 02         f0040ec0  c.addi16sp -0x3
#176 0 8000006c     d606 m f0040eec   800000ba  c.swsp   x1, 0x2c
#177 0 8000006e     d422 m f0040ee8   f0040f20  c.swsp   x8, 0x28
#178 0 80000070     d226 m f0040ee4   00000001  c.swsp   x9, 0x24
#179 0 80000072     1800 r 08         f0040ef0  c.addi4spn  x8, 0xc
#180 0 80000074 fca42e23 m f0040ecc   f0040fec  sw       x10, -0x24(x8)
#181 0 80000078 fcb42c23 m f0040ec8   00000003  sw       x11, -0x28(x8)
#182 0 8000007c fd842783 r 0f         00000003  lw       x15, -0x28(x8)
#183 0 80000080 00f04463 r 00         00000000  blt      x0, x15, . + 0x8
#184 0 80000088 800007b7 r 0f         80000000  lui      x15, -0x80000
#185 0 8000008c fef42623 m f0040edc   80000000  sw       x15, -0x14(x8)
#186 0 80000090 fe042423 m f0040ed8   00000000  sw       x0, -0x18(x8)
#187 0 80000094     a081 r 00         00000000  c.j      . + 0x40
#188 0 800000d4 fe842703 r 0e         00000000  lw       x14, -0x18(x8)
#189 0 800000d8 fd842783 r 0f         00000003  lw       x15, -0x28(x8)
#190 0 800000dc faf74de3 r 00         00000000  blt      x14, x15, . - 0x46
#191 0 80000096 fe842783 r 0f         00000000  lw       x15, -0x18(x8)
#192 0 8000009a     078a r 0f         00000000  c.slli   x15, 2
#193 0 8000009c fdc42703 r 0e         f0040fec  lw       x14, -0x24(x8)
#194 0 800000a0     97ba r 0f         f0040fec  c.add    x15, x14
#195 0 800000a2     4384 r 09         00000001  c.lw     x9, 0x0(x15)
#196 0 800000a4 fd842703 r 0e         00000003  lw       x14, -0x28(x8)
#197 0 800000a8 fe842783 r 0f         00000000  lw       x15, -0x18(x8)
#198 0 800000ac 40f707b3 r 0f         00000003  sub      x15, x14, x15
#199 0 800000b0     17fd r 0f         00000002  c.addi   x15, -0x1
#200 0 800000b2     85be r 0b         00000002  c.mv     x11, x15
#201 0 800000b4 fdc42503 r 0a         f0040fec  lw       x10, -0x24(x8)
#202 0 800000b8     3f4d r 01         800000ba  c.jal    . - 0x4e
#203 0 8000006a     7179 r 02         f0040e90  c.addi16sp -0x3
#204 0 8000006c     d606 m f0040ebc   800000ba  c.swsp   x1, 0x2c
#205 0 8000006e     d422 m f0040eb8   f0040ef0  c.swsp   x8, 0x28
#206 0 80000070     d226 m f0040eb4   00000001  c.swsp   x9, 0x24
#207 0 80000072     1800 r 08         f0040ec0  c.addi4spn  x8, 0xc
#208 0 80000074 fca42e23 m f0040e9c   f0040fec  sw       x10, -0x24(x8)
#209 0 80000078 fcb42c23 m f0040e98   00000002  sw       x11, -0x28(x8)
#210 0 8000007c fd842783 r 0f         00000002  lw       x15, -0x28(x8)
#211 0 80000080 00f04463 r 00         00000000  blt      x0, x15, . + 0x8
#212 0 80000088 800007b7 r 0f         80000000  lui      x15, -0x80000
#213 0 8000008c fef42623 m f0040eac   80000000  sw       x15, -0x14(x8)
#214 0 80000090 fe042423 m f0040ea8   00000000  sw       x0, -0x18(x8)
#215 0 80000094     a081 r 00         00000000  c.j      . + 0x40
#216 0 800000d4 fe842703 r 0e         00000000  lw       x14, -0x18(x8)
#217 0 800000d8 fd842783 r 0f         00000002  lw       x15, -0x28(x8)
#218 0 800000dc faf74de3 r 00         00000000  blt      x14, x15, . - 0x46
#219 0 80000096 fe842783 r 0f         00000000  lw       x15, -0x18(x8)
#220 0 8000009a     078a r 0f         00000000  c.slli   x15, 2
#221 0 8000009c fdc42703 r 0e         f0040fec  lw       x14, -0x24(x8)
#222 0 800000a0     97ba r 0f         f0040fec  c.add    x15, x14
#223 0 800000a2     4384 r 09         00000001  c.lw     x9, 0x0(x15)
#224 0 800000a4 fd842703 r 0e         00000002  lw       x14, -0x28(x8)
#225 0 800000a8 fe842783 r 0f         00000000  lw       x15, -0x18(x8)
#226 0 800000ac 40f707b3 r 0f         00000002  sub      x15, x14, x15
#227 0 800000b0     17fd r 0f         00000001  c.addi   x15, -0x1
#228 0 800000b2     85be r 0b         00000001  c.mv     x11, x15
#229 0 800000b4 fdc42503 r 0a         f0040fec  lw       x10, -0x24(x8)
#230 0 800000b8     3f4d r 01         800000ba  c.jal    . - 0x4e
#231 0 8000006a     7179 r 02         f0040e60  c.addi16sp -0x3
#232 0 8000006c     d606 m f0040e8c   800000ba  c.swsp   x1, 0x2c
#233 0 8000006e     d422 m f0040e88   f0040ec0  c.swsp   x8, 0x28
#234 0 80000070     d226 m f0040e84   00000001  c.swsp   x9, 0x24
#235 0 80000072     1800 r 08         f0040e90  c.addi4spn  x8, 0xc
#236 0 80000074 fca42e23 m f0040e6c   f0040fec  sw       x10, -0x24(x8)
#237 0 80000078 fcb42c23 m f0040e68   00000001  sw       x11, -0x28(x8)
#238 0 8000007c fd842783 r 0f         00000001  lw       x15, -0x28(x8)
#239 0 80000080 00f04463 r 00         00000000  blt      x0, x15, . + 0x8
#240 0 80000088 800007b7 r 0f         80000000  lui      x15, -0x80000
#241 0 8000008c fef42623 m f0040e7c   80000000  sw       x15, -0x14(x8)
#242 0 80000090 fe042423 m f0040e78   00000000  sw       x0, -0x18(x8)
#243 0 80000094     a081 r 00         00000000  c.j      . + 0x40
#244 0 800000d4 fe842703 r 0e         00000000  lw       x14, -0x18(x8)
#245 0 800000d8 fd842783 r 0f         00000001  lw       x15, -0x28(x8)
#246 0 800000dc faf74de3 r 00         00000000  blt      x14, x15, . - 0x46
#247 0 80000096 fe842783 r 0f         00000000  lw       x15, -0x18(x8)
#248 0 8000009a     078a r 0f         00000000  c.slli   x15, 2
#249 0 8000009c fdc42703 r 0e         f0040fec  lw       x14, -0x24(x8)
#250 0 800000a0     97ba r 0f         f0040fec  c.add    x15, x14
#251 0 800000a2     4384 r 09         00000001  c.lw     x9, 0x0(x15)
#252 0 800000a4 fd842703 r 0e         00000001  lw       x14, -0x28(x8)
#253 0 800000a8 fe842783 r 0f         00000000  lw       x15, -0x18(x8)
#254 0 800000ac 40f707b3 r 0f         00000001  sub      x15, x14, x15
#255 0 800000b0     17fd r 0f         00000000  c.addi   x15, -0x1
#256 0 800000b2     85be r 0b         00000000  c.mv     x11, x15
#257 0 800000b4 fdc42503 r 0a         f0040fec  lw       x10, -0x24(x8)
#258 0 800000b8     3f4d r 01         800000ba  c.jal    . - 0x4e
#259 0 8000006a     7179 r 02         f0040e30  c.addi16sp -0x3
#260 0 8000006c     d606 m f0040e5c   800000ba  c.swsp   x1, 0x2c
#261 0 8000006e     d422 m f0040e58   f0040e90  c.swsp   x8, 0x28
#262 0 80000070     d226 m f0040e54   00000001  c.swsp   x9, 0x24
#263 0 80000072     1800 r 08         f0040e60  c.addi4spn  x8, 0xc
#264 0 80000074 fca42e23 m f0040e3c   f0040fec  sw       x10, -0x24(x8)
#265 0 80000078 fcb42c23 m f0040e38   00000000  sw       x11, -0x28(x8)
#266 0 8000007c fd842783 r 0f         00000000  lw       x15, -0x28(x8)
#267 0 80000080 00f04463 r 00         00000000  blt      x0, x15, . + 0x8
#268 0 80000084     4781 r 0f         00000000  c.li     x15, 0x0
#269 0 80000086     a8b9 r 00         00000000  c.j      . + 0x5e
#270 0 800000e4     853e r 0a         00000000  c.mv     x10, x15
#271 0 800000e6     50b2 r 01         800000ba  c.lwsp   x1, 0x2c
#272 0 800000e8     5422 r 08         f0040e90  c.lwsp   x8, 0x28
#273 0 800000ea     5492 r 09         00000001  c.lwsp   x9, 0x24
#274 0 800000ec     6145 r 02         f0040e60  c.addi16sp 0x3
#275 0 800000ee     8082 r 00         00000000  c.jr     x1
#276 0 800000ba     87aa r 0f         00000000  c.mv     x15, x10
#277 0 800000bc     97a6 r 0f         00000001  c.add    x15, x9
#278 0 800000be     85be r 0b         00000001  c.mv     x11, x15
#279 0 800000c0 fec42503 r 0a         80000000  lw       x10, -0x14(x8)
#280 0 800000c4     3749 r 01         800000c6  c.jal    . - 0x7e
#281 0 80000046     1101 r 02         f0040e40  c.addi   x2, -0x20
#282 0 80000048     ce22 m f0040e5c   f0040e90  c.swsp   x8, 0x1c
#283 0 8000004a     1000 r 08         f0040e60  c.addi4spn  x8, 0x8
#284 0 8000004c fea42623 m f0040e4c   80000000  sw       x10, -0x14(x8)
#285 0 80000050 feb42423 m f0040e48   00000001  sw       x11, -0x18(x8)
#286 0 80000054 fec42703 r 0e         80000000  lw       x14, -0x14(x8)
#287 0 80000058 fe842783 r 0f         00000001  lw       x15, -0x18(x8)
#288 0 8000005c 00e7d363 r 00         00000000  bge      x15, x14, . + 0x6
#289 0 80000062     853e r 0a         00000001  c.mv     x10, x15
#290 0 80000064     4472 r 08         f0040e90  c.lwsp   x8, 0x1c
#291 0 80000066     6105 r 02         f0040e60  c.addi16sp 0x2
#292 0 80000068     8082 r 00         00000000  c.jr     x1
#293 0 800000c6 fea42623 m f0040e7c   00000001  sw       x10, -0x14(x8)
#294 0 800000ca fe842783 r 0f         00000000  lw       x15, -0x18(x8)
#295 0 800000ce     0785 r 0f         00000001  c.addi   x15, 0x1
#296 0 800000d0 fef42423 m f0040e78   00000001  sw       x15, -0x18(x8)
#297 0 800000d4 fe842703 r 0e         00000001  lw       x14, -0x18(x8)
#298 0 800000d8 fd842783 r 0f         00000001  lw       x15, -0x28(x8)
#299 0 800000dc faf74de3 r 00         00000000  blt      x14, x15, . - 0x46
#300 0 800000e0 fec42783 r 0f         00000001  lw       x15, -0x14(x8)
#301 0 800000e4     853e r 0a         00000001  c.mv     x10, x15
#302 0 800000e6     50b2 r 01         800000ba  c.lwsp   x1, 0x2c
#303 0 800000e8     5422 r 08         f0040ec0  c.lwsp   x8, 0x28
#304 0 800000ea     5492 r 09         00000001  c.lwsp   x9, 0x24
#305 0 800000ec     6145 r 02         f0040e90  c.addi16sp 0x3
#306 0 800000ee     8082 r 00         00000000  c.jr     x1
#307 0 800000ba     87aa r 0f         00000001  c.mv     x15, x10
#308 0 800000bc     97a6 r 0f         00000002  c.add    x15, x9
#309 0 800000be     85be r 0b         00000002  c.mv     x11, x15
#310 0 800000c0 fec42503 r 0a         80000000  lw       x10, -0x14(x8)
#311 0 800000c4     3749 r 01         800000c6  c.jal    . - 0x7e
#312 0 80000046     1101 r 02         f0040e70  c.addi   x2, -0x20
#313 0 80000048     ce22 m f0040e8c   f0040ec0  c.swsp   x8, 0x1c
#314 0 8000004a     1000 r 08         f0040e90  c.addi4spn  x8, 0x8
#315 0 8000004c fea42623 m f0040e7c   80000000  sw       x10, -0x14(x8)
#316 0 80000050 feb42423 m f0040e78   00000002  sw       x11, -0x18(x8)
#317 0 80000054 fec42703 r 0e         80000000  lw       x14, -0x14(x8)
#318 0 80000058 fe842783 r 0f         00000002  lw       x15, -0x18(x8)
#319 0 8000005c 00e7d363 r 00         00000000  bge      x15, x14, . + 0x6
#320 0 80000062     853e r 0a         00000002  c.mv     x10, x15
#321 0 80000064     4472 r 08         f0040ec0  c.lwsp   x8, 0x1c
#322 0 80000066     6105 r 02         f0040e90  c.addi16sp 0x2
#323 0 80000068     8082 r 00         00000000  c.jr     x1
#324 0 800000c6 fea42623 m f0040eac   00000002  sw       x10, -0x14(x8)
#325 0 800000ca fe842783 r 0f         00000000  lw       x15, -0x18(x8)
#326 0 800000ce     0785 r 0f         00000001  c.addi   x15, 0x1
#327 0 800000d0 fef42423 m f0040ea8   00000001  sw       x15, -0x18(x8)
#328 0 800000d4 fe842703 r 0e         00000001  lw       x14, -0x18(x8)
#329 0 800000d8 fd842783 r 0f         00000002  lw       x15, -0x28(x8)
#330 0 800000dc faf74de3 r 00         00000000  blt      x14, x15, . - 0x46
#331 0 80000096 fe842783 r 0f         00000001  lw       x15, -0x18(x8)
#332 0 8000009a     078a r 0f         00000004  c.slli   x15, 2
#333 0 8000009c fdc42703 r 0e         f0040fec  lw       x14, -0x24(x8)
#334 0 800000a0     97ba r 0f         f0040ff0  c.add    x15, x14
#335 0 800000a2     4384 r 09         00000005  c.lw     x9, 0x0(x15)
#336 0 800000a4 fd842703 r 0e         00000002  lw       x14, -0x28(x8)
#337 0 800000a8 fe842783 r 0f         00000001  lw       x15, -0x18(x8)
#338 0 800000ac 40f707b3 r 0f         00000001  sub      x15, x14, x15
#339 0 800000b0     17fd r 0f         00000000  c.addi   x15, -0x1
#340 0 800000b2     85be r 0b         00000000  c.mv     x11, x15
#341 0 800000b4 fdc42503 r 0a         f0040fec  lw       x10, -0x24(x8)
#342 0 800000b8     3f4d r 01         800000ba  c.jal    . - 0x4e
#343 0 8000006a     7179 r 02         f0040e60  c.addi16sp -0x3
#344 0 8000006c     d606 m f0040e8c   800000ba  c.swsp   x1, 0x2c
#345 0 8000006e     d422 m f0040e88   f0040ec0  c.swsp   x8, 0x28
#346 0 80000070     d226 m f0040e84   00000005  c.swsp   x9, 0x24
#347 0 80000072     1800 r 08         f0040e90  c.addi4spn  x8, 0xc
#348 0 80000074 fca42e23 m f0040e6c   f0040fec  sw       x10, -0x24(x8)
#349 0 80000078 fcb42c23 m f0040e68   00000000  sw       x11, -0x28(x8)
#350 0 8000007c fd842783 r 0f         00000000  lw       x15, -0x28(x8)
#351 0 80000080 00f04463 r 00         00000000  blt      x0, x15, . + 0x8
#352 0 80000084     4781 r 0f         00000000  c.li     x15, 0x0
#353 0 80000086     a8b9 r 00         00000000  c.j      . + 0x5e
#354 0 800000e4     853e r 0a         00000000  c.mv     x10, x15
#355 0 800000e6     50b2 r 01         800000ba  c.lwsp   x1, 0x2c
#356 0 800000e8     5422 r 08         f0040ec0  c.lwsp   x8, 0x28
#357 0 800000ea     5492 r 09         00000005  c.lwsp   x9, 0x24
#358 0 800000ec     6145 r 02         f0040e90  c.addi16sp 0x3
#359 0 800000ee     8082 r 00         00000000  c.jr     x1
#360 0 800000ba     87aa r 0f         00000000  c.mv     x15, x10
#361 0 800000bc     97a6 r 0f         00000005  c.add    x15, x9
#362 0 800000be     85be r 0b         00000005  c.mv     x11, x15
#363 0 800000c0 fec42503 r 0a         00000002  lw       x10, -0x14(x8)
#364 0 800000c4     3749 r 01         800000c6  c.jal    . - 0x7e
#365 0 80000046     1101 r 02         f0040e70  c.addi   x2, -0x20
#366 0 80000048     ce22 m f0040e8c   f0040ec0  c.swsp   x8, 0x1c
#367 0 8000004a     1000 r 08         f0040e90  c.addi4spn  x8, 0x8
#368 0 8000004c fea42623 m f0040e7c   00000002  sw       x10, -0x14(x8)
#369 0 80000050 feb42423 m f0040e78   00000005  sw       x11, -0x18(x8)
#370 0 80000054 fec42703 r 0e         00000002  lw       x14, -0x14(x8)
#371 0 80000058 fe842783 r 0f         00000005  lw       x15, -0x18(x8)
#372 0 8000005c 00e7d363 r 00         00000000  bge      x15, x14, . + 0x6
#373 0 80000062     853e r 0a         00000005  c.mv     x10, x15
#374 0 80000064     4472 r 08         f0040ec0  c.lwsp   x8, 0x1c
#375 0 80000066     6105 r 02         f0040e90  c.addi16sp 0x2
#376 0 80000068     8082 r 00         00000000  c.jr     x1
#377 0 800000c6 fea42623 m f0040eac   00000005  sw       x10, -0x14(x8)
#378 0 800000ca fe842783 r 0f         00000001  lw       x15, -0x18(x8)
#379 0 800000ce     0785 r 0f         00000002  c.addi   x15, 0x1
#380 0 800000d0 fef42423 m f0040ea8   00000002  sw       x15, -0x18(x8)
#381 0 800000d4 fe842703 r 0e         00000002  lw       x14, -0x18(x8)
#382 0 800000d8 fd842783 r 0f         00000002  lw       x15, -0x28(x8)
#383 0 800000dc faf74de3 r 00         00000000  blt      x14, x15, . - 0x46
#384 0 800000e0 fec42783 r 0f         00000005  lw       x15, -0x14(x8)
#385 0 800000e4     853e r 0a         00000005  c.mv     x10, x15
#386 0 800000e6     50b2 r 01         800000ba  c.lwsp   x1, 0x2c
#387 0 800000e8     5422 r 08         f0040ef0  c.lwsp   x8, 0x28
#388 0 800000ea     5492 r 09         00000001  c.lwsp   x9, 0x24
#389 0 800000ec     6145 r 02         f0040ec0  c.addi16sp 0x3
#390 0 800000ee     8082 r 00         00000000  c.jr     x1
#391 0 800000ba     87aa r 0f         00000005  c.mv     x15, x10
#392 0 800000bc     97a6 r 0f         00000006  c.add    x15, x9
#393 0 800000be     85be r 0b         00000006  c.mv     x11, x15
#394 0 800000c0 fec42503 r 0a         80000000  lw       x10, -0x14(x8)
#395 0 800000c4     3749 r 01         800000c6  c.jal    . - 0x7e
#396 0 80000046     1101 r 02         f0040ea0  c.addi   x2, -0x20
#397 0 80000048     ce22 m f0040ebc   f0040ef0  c.swsp   x8, 0x1c
#398 0 8000004a     1000 r 08         f0040ec0  c.addi4spn  x8, 0x8
#399 0 8000004c fea42623 m f0040eac   80000000  sw       x10, -0x14(x8)
#400 0 80000050 feb42423 m f0040ea8   00000006  sw       x11, -0x18(x8)
#401 0 80000054 fec42703 r 0e         80000000  lw       x14, -0x14(x8)
#402 0 80000058 fe842783 r 0f         00000006  lw       x15, -0x18(x8)
#403 0 8000005c 00e7d363 r 00         00000000  bge      x15, x14, . + 0x6
#404 0 80000062     853e r 0a         00000006  c.mv     x10, x15
#405 0 80000064     4472 r 08         f0040ef0  c.lwsp   x8, 0x1c
#406 0 80000066     6105 r 02         f0040ec0  c.addi16sp 0x2
#407 0 80000068     8082 r 00         00000000  c.jr     x1
#408 0 800000c6 fea42623 m f0040edc   00000006  sw       x10, -0x14(x8)
#409 0 800000ca fe842783 r 0f         00000000  lw       x15, -0x18(x8)
#410 0 800000ce     0785 r 0f         00000001  c.addi   x15, 0x1
#411 0 800000d0 fef42423 m f0040ed8   00000001  sw       x15, -0x18(x8)
#412 0 800000d4 fe842703 r 0e         00000001  lw       x14, -0x18(x8)
#413 0 800000d8 fd842783 r 0f         00000003  lw       x15, -0x28(x8)
#414 0 800000dc faf74de3 r 00         00000000  blt      x14, x15, . - 0x46
#415 0 80000096 fe842783 r 0f         00000001  lw       x15, -0x18(x8)
#416 0 8000009a     078a r 0f         00000004  c.slli   x15, 2
#417 0 8000009c fdc42703 r 0e         f0040fec  lw       x14, -0x24(x8)
#418 0 800000a0     97ba r 0f         f0040ff0  c.add    x15, x14
#419 0 800000a2     4384 r 09         00000005  c.lw     x9, 0x0(x15)
#420 0 800000a4 fd842703 r 0e         00000003  lw       x14, -0x28(x8)
#421 0 800000a8 fe842783 r 0f         00000001  lw       x15, -0x18(x8)
#422 0 800000ac 40f707b3 r 0f         00000002  sub      x15, x14, x15
#423 0 800000b0     17fd r 0f         00000001  c.addi   x15, -0x1
#424 0 800000b2     85be r 0b         00000001  c.mv     x11, x15
#425 0 800000b4 fdc42503 r 0a         f0040fec  lw       x10, -0x24(x8)
#426 0 800000b8     3f4d r 01         800000ba  c.jal    . - 0x4e
#427 0 8000006a     7179 r 02         f0040e90  c.addi16sp -0x3
#428 0 8000006c     d606 m f0040ebc   800000ba  c.swsp   x1, 0x2c
#429 0 8000006e     d422 m f0040eb8   f0040ef0  c.swsp   x8, 0x28
#430 0 80000070     d226 m f0040eb4   00000005  c.swsp   x9, 0x24
#431 0 80000072     1800 r 08         f0040ec0  c.addi4spn  x8, 0xc
#432 0 80000074 fca42e23 m f0040e9c   f0040fec  sw       x10, -0x24(x8)
#433 0 80000078 fcb42c23 m f0040e98   00000001  sw       x11, -0x28(x8)
#434 0 8000007c fd842783 r 0f         00000001  lw       x15, -0x28(x8)
#435 0 80000080 00f04463 r 00         00000000  blt      x0, x15, . + 0x8
#436 0 80000088 800007b7 r 0f         80000000  lui      x15, -0x80000
#437 0 8000008c fef42623 m f0040eac   80000000  sw       x15, -0x14(x8)
#438 0 80000090 fe042423 m f0040ea8   00000000  sw       x0, -0x18(x8)
#439 0 80000094     a081 r 00         00000000  c.j      . + 0x40
#440 0 800000d4 fe842703 r 0e         00000000  lw       x14, -0x18(x8)
#441 0 800000d8 fd842783 r 0f         00000001  lw       x15, -0x28(x8)
#442 0 800000dc faf74de3 r 00         00000000  blt      x14, x15, . - 0x46
#443 0 80000096 fe842783 r 0f         00000000  lw       x15, -0x18(x8)
#444 0 8000009a     078a r 0f         00000000  c.slli   x15, 2
#445 0 8000009c fdc42703 r 0e         f0040fec  lw       x14, -0x24(x8)
#446 0 800000a0     97ba r 0f         f0040fec  c.add    x15, x14
#447 0 800000a2     4384 r 09         00000001  c.lw     x9, 0x0(x15)
#448 0 800000a4 fd842703 r 0e         00000001  lw       x14, -0x28(x8)
#449 0 800000a8 fe842783 r 0f         00000000  lw       x15, -0x18(x8)
#450 0 800000ac 40f707b3 r 0f         00000001  sub      x15, x14, x15
#451 0 800000b0     17fd r 0f         00000000  c.addi   x15, -0x1
#452 0 800000b2     85be r 0b         00000000  c.mv     x11, x15
#453 0 800000b4 fdc42503 r 0a         f0040fec  lw       x10, -0x24(x8)
#454 0 800000b8     3f4d r 01         800000ba  c.jal    . - 0x4e
#455 0 8000006a     7179 r 02         f0040e60  c.addi16sp -0x3
#456 0 8000006c     d606 m f0040e8c   800000ba  c.swsp   x1, 0x2c
#457 0 8000006e     d422 m f0040e88   f0040ec0  c.swsp   x8, 0x28
#458 0 80000070     d226 m f0040e84   00000001  c.swsp   x9, 0x24
#459 0 80000072     1800 r 08         f0040e90  c.addi4spn  x8, 0xc
#460 0 80000074 fca42e23 m f0040e6c   f0040fec  sw       x10, -0x24(x8)
#461 0 80000078 fcb42c23 m f0040e68   00000000  sw       x11, -0x28(x8)
#462 0 8000007c fd842783 r 0f         00000000  lw       x15, -0x28(x8)
#463 0 80000080 00f04463 r 00         00000000  blt      x0, x15, . + 0x8
#464 0 80000084     4781 r 0f         00000000  c.li     x15, 0x0
#465 0 80000086     a8b9 r 00         00000000  c.j      . + 0x5e
#466 0 800000e4     853e r 0a         00000000  c.mv     x10, x15
#467 0 800000e6     50b2 r 01         800000ba  c.lwsp   x1, 0x2c
#468 0 800000e8     5422 r 08         f0040ec0  c.lwsp   x8, 0x28
#469 0 800000ea     5492 r 09         00000001  c.lwsp   x9, 0x24
#470 0 800000ec     6145 r 02         f0040e90  c.addi16sp 0x3
#471 0 800000ee     8082 r 00         00000000  c.jr     x1
#472 0 800000ba     87aa r 0f         00000000  c.mv     x15, x10
#473 0 800000bc     97a6 r 0f         00000001  c.add    x15, x9
#474 0 800000be     85be r 0b         00000001  c.mv     x11, x15
#475 0 800000c0 fec42503 r 0a         80000000  lw       x10, -0x14(x8)
#476 0 800000c4     3749 r 01         800000c6  c.jal    . - 0x7e
#477 0 80000046     1101 r 02         f0040e70  c.addi   x2, -0x20
#478 0 80000048     ce22 m f0040e8c   f0040ec0  c.swsp   x8, 0x1c
#479 0 8000004a     1000 r 08         f0040e90  c.addi4spn  x8, 0x8
#480 0 8000004c fea42623 m f0040e7c   80000000  sw       x10, -0x14(x8)
#481 0 80000050 feb42423 m f0040e78   00000001  sw       x11, -0x18(x8)
#482 0 80000054 fec42703 r 0e         80000000  lw       x14, -0x14(x8)
#483 0 80000058 fe842783 r 0f         00000001  lw       x15, -0x18(x8)
#484 0 8000005c 00e7d363 r 00         00000000  bge      x15, x14, . + 0x6
#485 0 80000062     853e r 0a         00000001  c.mv     x10, x15
#486 0 80000064     4472 r 08         f0040ec0  c.lwsp   x8, 0x1c
#487 0 80000066     6105 r 02         f0040e90  c.addi16sp 0x2
#488 0 80000068     8082 r 00         00000000  c.jr     x1
#489 0 800000c6 fea42623 m f0040eac   00000001  sw       x10, -0x14(x8)
#490 0 800000ca fe842783 r 0f         00000000  lw       x15, -0x18(x8)
#491 0 800000ce     0785 r 0f         00000001  c.addi   x15, 0x1
#492 0 800000d0 fef42423 m f0040ea8   00000001  sw       x15, -0x18(x8)
#493 0 800000d4 fe842703 r 0e         00000001  lw       x14, -0x18(x8)
#494 0 800000d8 fd842783 r 0f         00000001  lw       x15, -0x28(x8)
#495 0 800000dc faf74de3 r 00         00000000  blt      x14, x15, . - 0x46
#496 0 800000e0 fec42783 r 0f         00000001  lw       x15, -0x14(x8)
#497 0 800000e4     853e r 0a         00000001  c.mv     x10, x15
#498 0 800000e6     50b2 r 01         800000ba  c.lwsp   x1, 0x2c
#499 0 800000e8     5422 r 08         f0040ef0  c.lwsp   x8, 0x28
#500 0 800000ea     5492 r 09         00000005  c.lwsp   x9, 0x24
#501 0 800000ec     6145 r 02         f0040ec0  c.addi16sp 0x3
#502 0 800000ee     8082 r 00         00000000  c.jr     x1
#503 0 800000ba     87aa r 0f         00000001  c.mv     x15, x10
#504 0 800000bc     97a6 r 0f         00000006  c.add    x15, x9
#505 0 800000be     85be r 0b         00000006  c.mv     x11, x15
#506 0 800000c0 fec42503 r 0a         00000006  lw       x10, -0x14(x8)
#507 0 800000c4     3749 r 01         800000c6  c.jal    . - 0x7e
#508 0 80000046     1101 r 02         f0040ea0  c.addi   x2, -0x20
#509 0 80000048     ce22 m f0040ebc   f0040ef0  c.swsp   x8, 0x1c
#510 0 8000004a     1000 r 08         f0040ec0  c.addi4spn  x8, 0x8
#511 0 8000004c fea42623 m f0040eac   00000006  sw       x10, -0x14(x8)
#512 0 80000050 feb42423 m f0040ea8   00000006  sw       x11, -0x18(x8)
#513 0 80000054 fec42703 r 0e         00000006  lw       x14, -0x14(x8)
#514 0 80000058 fe842783 r 0f         00000006  lw       x15, -0x18(x8)
#515 0 8000005c 00e7d363 r 00         00000000  bge      x15, x14, . + 0x6
#516 0 80000062     853e r 0a         00000006  c.mv     x10, x15
#517 0 80000064     4472 r 08         f0040ef0  c.lwsp   x8, 0x1c
#518 0 80000066     6105 r 02         f0040ec0  c.addi16sp 0x2
#519 0 80000068     8082 r 00         00000000  c.jr     x1
#520 0 800000c6 fea42623 m f0040edc   00000006  sw       x10, -0x14(x8)
#521 0 800000ca fe842783 r 0f         00000001  lw       x15, -0x18(x8)
#522 0 800000ce     0785 r 0f         00000002  c.addi   x15, 0x1
#523 0 800000d0 fef42423 m f0040ed8   00000002  sw       x15, -0x18(x8)
#524 0 800000d4 fe842703 r 0e         00000002  lw       x14, -0x18(x8)
#525 0 800000d8 fd842783 r 0f         00000003  lw       x15, -0x28(x8)
#526 0 800000dc faf74de3 r 00         00000000  blt      x14, x15, . - 0x46
#527 0 80000096 fe842783 r 0f         00000002  lw       x15, -0x18(x8)
#528 0 8000009a     078a r 0f         00000008  c.slli   x15, 2
#529 0 8000009c fdc42703 r 0e         f0040fec  lw       x14, -0x24(x8)
#530 0 800000a0     97ba r 0f         f0040ff4  c.add    x15, x14
#531 0 800000a2     4384 r 09         00000008  c.lw     x9, 0x0(x15)
#532 0 800000a4 fd842703 r 0e         00000003  lw       x14, -0x28(x8)
#533 0 800000a8 fe842783 r 0f         00000002  lw       x15, -0x18(x8)
#534 0 800000ac 40f707b3 r 0f         00000001  sub      x15, x14, x15
#535 0 800000b0     17fd r 0f         00000000  c.addi   x15, -0x1
#536 0 800000b2     85be r 0b         00000000  c.mv     x11, x15
#537 0 800000b4 fdc42503 r 0a         f0040fec  lw       x10, -0x24(x8)
#538 0 800000b8     3f4d r 01         800000ba  c.jal    . - 0x4e
#539 0 8000006a     7179 r 02         f0040e90  c.addi16sp -0x3
#540 0 8000006c     d606 m f0040ebc   800000ba  c.swsp   x1, 0x2c
#541 0 8000006e     d422 m f0040eb8   f0040ef0  c.swsp   x8, 0x28
#542 0 80000070     d226 m f0040eb4   00000008  c.swsp   x9, 0x24
#543 0 80000072     1800 r 08         f0040ec0  c.addi4spn  x8, 0xc
#544 0 80000074 fca42e23 m f0040e9c   f0040fec  sw       x10, -0x24(x8)
#545 0 80000078 fcb42c23 m f0040e98   00000000  sw       x11, -0x28(x8)
#546 0 8000007c fd842783 r 0f         00000000  lw       x15, -0x28(x8)
#547 0 80000080 00f04463 r 00         00000000  blt      x0, x15, . + 0x8
#548 0 80000084     4781 r 0f         00000000  c.li     x15, 0x0
#549 0 80000086     a8b9 r 00         00000000  c.j      . + 0x5e
#550 0 800000e4     853e r 0a         00000000  c.mv     x10, x15
#551 0 800000e6     50b2 r 01         800000ba  c.lwsp   x1, 0x2c
#552 0 800000e8     5422 r 08         f0040ef0  c.lwsp   x8, 0x28
#553 0 800000ea     5492 r 09         00000008  c.lwsp   x9, 0x24
#554 0 800000ec     6145 r 02         f0040ec0  c.addi16sp 0x3
#555 0 800000ee     8082 r 00         00000000  c.jr     x1
#556 0 800000ba     87aa r 0f         00000000  c.mv     x15, x10
#557 0 800000bc     97a6 r 0f         00000008  c.add    x15, x9
#558 0 800000be     85be r 0b         00000008  c.mv     x11, x15
#559 0 800000c0 fec42503 r 0a         00000006  lw       x10, -0x14(x8)
#560 0 800000c4     3749 r 01         800000c6  c.jal    . - 0x7e
#561 0 80000046     1101 r 02         f0040ea0  c.addi   x2, -0x20
#562 0 80000048     ce22 m f0040ebc   f0040ef0  c.swsp   x8, 0x1c
#563 0 8000004a     1000 r 08         f0040ec0  c.addi4spn  x8, 0x8
#564 0 8000004c fea42623 m f0040eac   00000006  sw       x10, -0x14(x8)
#565 0 80000050 feb42423 m f0040ea8   00000008  sw       x11, -0x18(x8)
#566 0 80000054 fec42703 r 0e         00000006  lw       x14, -0x14(x8)
#567 0 80000058 fe842783 r 0f         00000008  lw       x15, -0x18(x8)
#568 0 8000005c 00e7d363 r 00         00000000  bge      x15, x14, . + 0x6
#569 0 80000062     853e r 0a         00000008  c.mv     x10, x15
#570 0 80000064     4472 r 08         f0040ef0  c.lwsp   x8, 0x1c
#571 0 80000066     6105 r 02         f0040ec0  c.addi16sp 0x2
#572 0 80000068     8082 r 00         00000000  c.jr     x1
#573 0 800000c6 fea42623 m f0040edc   00000008  sw       x10, -0x14(x8)
#574 0 800000ca fe842783 r 0f         00000002  lw       x15, -0x18(x8)
#575 0 800000ce     0785 r 0f         00000003  c.addi   x15, 0x1
#576 0 800000d0 fef42423 m f0040ed8   00000003  sw       x15, -0x18(x8)
#577 0 800000d4 fe842703 r 0e         00000003  lw       x14, -0x18(x8)
#578 0 800000d8 fd842783 r 0f         00000003  lw       x15, -0x28(x8)
#579 0 800000dc faf74de3 r 00         00000000  blt      x14, x15, . - 0x46
#580 0 800000e0 fec42783 r 0f         00000008  lw       x15, -0x14(x8)
#581 0 800000e4     853e r 0a         00000008  c.mv     x10, x15
#582 0 800000e6     50b2 r 01         800000ba  c.lwsp   x1, 0x2c
#583 0 800000e8     5422 r 08         f0040f20  c.lwsp   x8, 0x28
#584 0 800000ea     5492 r 09         00000001  c.lwsp   x9, 0x24
#585 0 800000ec     6145 r 02         f0040ef0  c.addi16sp 0x3
#586 0 800000ee     8082 r 00         00000000  c.jr     x1
#587 0 800000ba     87aa r 0f         00000008  c.mv     x15, x10
#588 0 800000bc     97a6 r 0f         00000009  c.add    x15, x9
#589 0 800000be     85be r 0b         00000009  c.mv     x11, x15
#590 0 800000c0 fec42503 r 0a         80000000  lw       x10, -0x14(x8)
#591 0 800000c4     3749 r 01         800000c6  c.jal    . - 0x7e
#592 0 80000046     1101 r 02         f0040ed0  c.addi   x2, -0x20
#593 0 80000048     ce22 m f0040eec   f0040f20  c.swsp   x8, 0x1c
#594 0 8000004a     1000 r 08         f0040ef0  c.addi4spn  x8, 0x8
#595 0 8000004c fea42623 m f0040edc   80000000  sw       x10, -0x14(x8)
#596 0 80000050 feb42423 m f0040ed8   00000009  sw       x11, -0x18(x8)
#597 0 80000054 fec42703 r 0e         80000000  lw       x14, -0x14(x8)
#598 0 80000058 fe842783 r 0f         00000009  lw       x15, -0x18(x8)
#599 0 8000005c 00e7d363 r 00         00000000  bge      x15, x14, . + 0x6
#600 0 80000062     853e r 0a         00000009  c.mv     x10, x15
#601 0 80000064     4472 r 08         f0040f20  c.lwsp   x8, 0x1c
#602 0 80000066     6105 r 02         f0040ef0  c.addi16sp 0x2
#603 0 80000068     8082 r 00         00000000  c.jr     x1
#604 0 800000c6 fea42623 m f0040f0c   00000009  sw       x10, -0x14(x8)
#605 0 800000ca fe842783 r 0f         00000000  lw       x15, -0x18(x8)
#606 0 800000ce     0785 r 0f         00000001  c.addi   x15, 0x1
#607 0 800000d0 fef42423 m f0040f08   00000001  sw       x15, -0x18(x8)
#608 0 800000d4 fe842703 r 0e         00000001  lw       x14, -0x18(x8)
#609 0 800000d8 fd842783 r 0f         00000004  lw       x15, -0x28(x8)
#610 0 800000dc faf74de3 r 00         00000000  blt      x14, x15, . - 0x46
#611 0 80000096 fe842783 r 0f         00000001  lw       x15, -0x18(x8)
#612 0 8000009a     078a r 0f         00000004  c.slli   x15, 2
#613 0 8000009c fdc42703 r 0e         f0040fec  lw       x14, -0x24(x8)
#614 0 800000a0     97ba r 0f         f0040ff0  c.add    x15, x14
#615 0 800000a2     4384 r 09         00000005  c.lw     x9, 0x0(x15)
#616 0 800000a4 fd842703 r 0e         00000004  lw       x14, -0x28(x8)
#617 0 800000a8 fe842783 r 0f         00000001  lw       x15, -0x18(x8)
#618 0 800000ac 40f707b3 r 0f         00000003  sub      x15, x14, x15
#619 0 800000b0     17fd r 0f         00000002  c.addi   x15, -0x1
#620 0 800000b2     85be r 0b         00000002  c.mv     x11, x15
#621 0 800000b4 fdc42503 r 0a         f0040fec  lw       x10, -0x24(x8)
#622 0 800000b8     3f4d r 01         800000ba  c.jal    . - 0x4e
#623 0 8000006a     7179 r 02         f0040ec0  c.addi16sp -0x3
#624 0 8000006c     d606 m f0040eec   800000ba  c.swsp   x1, 0x2c
#625 0 8000006e     d422 m f0040ee8   f0040f20  c.swsp   x8, 0x28
#626 0 80000070     d226 m f0040ee4   00000005  c.swsp   x9, 0x24
#627 0 80000072     1800 r 08         f0040ef0  c.addi4spn  x8, 0xc
#628 0 80000074 fca42e23 m f0040ecc   f0040fec  sw       x10, -0x24(x8)
#629 0 80000078 fcb42c23 m f0040ec8   00000002  sw       x11, -0x28(x8)
#630 0 8000007c fd842783 r 0f         00000002  lw       x15, -0x28(x8)
#631 0 80000080 00f04463 r 00         00000000  blt      x0, x15, . + 0x8
#632 0 80000088 800007b7 r 0f         80000000  lui      x15, -0x80000
#633 0 8000008c fef42623 m f0040edc   80000000  sw       x15, -0x14(x8)
#634 0 80000090 fe042423 m f0040ed8   00000000  sw       x0, -0x18(x8)
#635 0 80000094     a081 r 00         00000000  c.j      . + 0x40
#636 0 800000d4 fe842703 r 0e         00000000  lw       x14, -0x18(x8)
#637 0 800000d8 fd842783 r 0f         00000002  lw       x15, -0x28(x8)
#638 0 800000dc faf74de3 r 00         00000000  blt      x14, x15, . - 0x46
#639 0 80000096 fe842783 r 0f         00000000  lw       x15, -0x18(x8)
#640 0 8000009a     078a r 0f         00000000  c.slli   x15, 2
#641 0 8000009c fdc42703 r 0e         f0040fec  lw       x14, -0x24(x8)
#642 0 800000a0     97ba r 0f         f0040fec  c.add    x15, x14
#643 0 800000a2     4384 r 09         00000001  c.lw     x9, 0x0(x15)
#644 0 800000a4 fd842703 r 0e         00000002  lw       x14, -0x28(x8)
#645 0 800000a8 fe842783 r 0f         00000000  lw       x15, -0x18(x8)
#646 0 800000ac 40f707b3 r 0f         00000002  sub      x15, x14, x15
#647 0 800000b0     17fd r 0f         00000001  c.addi   x15, -0x1
#648 0 800000b2     85be r 0b         00000001  c.mv     x11, x15
#649 0 800000b4 fdc42503 r 0a         f0040fec  lw       x10, -0x24(x8)
#650 0 800000b8     3f4d r 01         800000ba  c.jal    . - 0x4e
#651 0 8000006a     7179 r 02         f0040e90  c.addi16sp -0x3
#652 0 8000006c     d606 m f0040ebc   800000ba  c.swsp   x1, 0x2c
#653 0 8000006e     d422 m f0040eb8   f0040ef0  c.swsp   x8, 0x28
#654 0 80000070     d226 m f0040eb4   00000001  c.swsp   x9, 0x24
#655 0 80000072     1800 r 08         f0040ec0  c.addi4spn  x8, 0xc
#656 0 80000074 fca42e23 m f0040e9c   f0040fec  sw       x10, -0x24(x8)
#657 0 80000078 fcb42c23 m f0040e98   00000001  sw       x11, -0x28(x8)
#658 0 8000007c fd842783 r 0f         00000001  lw       x15, -0x28(x8)
#659 0 80000080 00f04463 r 00         00000000  blt      x0, x15, . + 0x8
#660 0 80000088 800007b7 r 0f         80000000  lui      x15, -0x80000
#661 0 8000008c fef42623 m f0040eac   80000000  sw       x15, -0x14(x8)
#662 0 80000090 fe042423 m f0040ea8   00000000  sw       x0, -0x18(x8)
#663 0 80000094     a081 r 00         00000000  c.j      . + 0x40
#664 0 800000d4 fe842703 r 0e         00000000  lw       x14, -0x18(x8)
#665 0 800000d8 fd842783 r 0f         00000001  lw       x15, -0x28(x8)
#666 0 800000dc faf74de3 r 00         00000000  blt      x14, x15, . - 0x46
#667 0 80000096 fe842783 r 0f         00000000  lw       x15, -0x18(x8)
#668 0 8000009a     078a r 0f         00000000  c.slli   x15, 2
#669 0 8000009c fdc42703 r 0e         f0040fec  lw       x14, -0x24(x8)
#670 0 800000a0     97ba r 0f         f0040fec  c.add    x15, x14
#671 0 800000a2     4384 r 09         00000001  c.lw     x9, 0x0(x15)
#672 0 800000a4 fd842703 r 0e         00000001  lw       x14, -0x28(x8)
#673 0 800000a8 fe842783 r 0f         00000000  lw       x15, -0x18(x8)
#674 0 800000ac 40f707b3 r 0f         00000001  sub      x15, x14, x15
#675 0 800000b0     17fd r 0f         00000000  c.addi   x15, -0x1
#676 0 800000b2     85be r 0b         00000000  c.mv     x11, x15
#677 0 800000b4 fdc42503 r 0a         f0040fec  lw       x10, -0x24(x8)
#678 0 800000b8     3f4d r 01         800000ba  c.jal    . - 0x4e
#679 0 8000006a     7179 r 02         f0040e60  c.addi16sp -0x3
#680 0 8000006c     d606 m f0040e8c   800000ba  c.swsp   x1, 0x2c
#681 0 8000006e     d422 m f0040e88   f0040ec0  c.swsp   x8, 0x28
#682 0 80000070     d226 m f0040e84   00000001  c.swsp   x9, 0x24
#683 0 80000072     1800 r 08         f0040e90  c.addi4spn  x8, 0xc
#684 0 80000074 fca42e23 m f0040e6c   f0040fec  sw       x10, -0x24(x8)
#685 0 80000078 fcb42c23 m f0040e68   00000000  sw       x11, -0x28(x8)
#686 0 8000007c fd842783 r 0f         00000000  lw       x15, -0x28(x8)
#687 0 80000080 00f04463 r 00         00000000  blt      x0, x15, . + 0x8
#688 0 80000084     4781 r 0f         00000000  c.li     x15, 0x0
#689 0 80000086     a8b9 r 00         00000000  c.j      . + 0x5e
#690 0 800000e4     853e r 0a         00000000  c.mv     x10, x15
#691 0 800000e6     50b2 r 01         800000ba  c.lwsp   x1, 0x2c
#692 0 800000e8     5422 r 08         f0040ec0  c.lwsp   x8, 0x28
#693 0 800000ea     5492 r 09         00000001  c.lwsp   x9, 0x24
#694 0 800000ec     6145 r 02         f0040e90  c.addi16sp 0x3
#695 0 800000ee     8082 r 00         00000000  c.jr     x1
#696 0 800000ba     87aa r 0f         00000000  c.mv     x15, x10
#697 0 800000bc     97a6 r 0f         00000001  c.add    x15, x9
#698 0 800000be     85be r 0b         00000001  c.mv     x11, x15
#699 0 800000c0 fec42503 r 0a         80000000  lw       x10, -0x14(x8)
#700 0 800000c4     3749 r 01         800000c6  c.jal    . - 0x7e
#701 0 80000046     1101 r 02         f0040e70  c.addi   x2, -0x20
#702 0 80000048     ce22 m f0040e8c   f0040ec0  c.swsp   x8, 0x1c
#703 0 8000004a     1000 r 08         f0040e90  c.addi4spn  x8, 0x8
#704 0 8000004c fea42623 m f0040e7c   80000000  sw       x10, -0x14(x8)
#705 0 80000050 feb42423 m f0040e78   00000001  sw       x11, -0x18(x8)
#706 0 80000054 fec42703 r 0e         80000000  lw       x14, -0x14(x8)
#707 0 80000058 fe842783 r 0f         00000001  lw       x15, -0x18(x8)
#708 0 8000005c 00e7d363 r 00         00000000  bge      x15, x14, . + 0x6
#709 0 80000062     853e r 0a         00000001  c.mv     x10, x15
#710 0 80000064     4472 r 08         f0040ec0  c.lwsp   x8, 0x1c
#711 0 80000066     6105 r 02         f0040e90  c.addi16sp 0x2
#712 0 80000068     8082 r 00         00000000  c.jr     x1
#713 0 800000c6 fea42623 m f0040eac   00000001  sw       x10, -0x14(x8)
#714 0 800000ca fe842783 r 0f         00000000  lw       x15, -0x18(x8)
#715 0 800000ce     0785 r 0f         00000001  c.addi   x15, 0x1
#716 0 800000d0 fef42423 m f0040ea8   00000001  sw       x15, -0x18(x8)
#717 0 800000d4 fe842703 r 0e         00000001  lw       x14, -0x18(x8)
#718 0 800000d8 fd842783 r 0f         00000001  lw       x15, -0x28(x8)
#719 0 800000dc faf74de3 r 00         00000000  blt      x14, x15, . - 0x46
#720 0 800000e0 fec42783 r 0f         00000001  lw       x15, -0x14(x8)
#721 0 800000e4     853e r 0a         00000001  c.mv     x10, x15
#722 0 800000e6     50b2 r 01         800000ba  c.lwsp   x1, 0x2c
#723 0 800000e8     5422 r 08         f0040ef0  c.lwsp   x8, 0x28
#724 0 800000ea     5492 r 09         00000001  c.lwsp   x9, 0x24
#725 0 800000ec     6145 r 02         f0040ec0  c.addi16sp 0x3
#726 0 800000ee     8082 r 00         00000000  c.jr     x1
#727 0 800000ba     87aa r 0f         00000001  c.mv     x15, x10
#728 0 800000bc     97a6 r 0f         00000002  c.add    x15, x9
#729 0 800000be     85be r 0b         00000002  c.mv     x11, x15
#730 0 800000c0 fec42503 r 0a         80000000  lw       x10, -0x14(x8)
#731 0 800000c4     3749 r 01         800000c6  c.jal    . - 0x7e
#732 0 80000046     1101 r 02         f0040ea0  c.addi   x2, -0x20
#733 0 80000048     ce22 m f0040ebc   f0040ef0  c.swsp   x8, 0x1c
#734 0 8000004a     1000 r 08         f0040ec0  c.addi4spn  x8, 0x8
#735 0 8000004c fea42623 m f0040eac   80000000  sw       x10, -0x14(x8)
#736 0 80000050 feb42423 m f0040ea8   00000002  sw       x11, -0x18(x8)
#737 0 80000054 fec42703 r 0e         80000000  lw       x14, -0x14(x8)
#738 0 80000058 fe842783 r 0f         00000002  lw       x15, -0x18(x8)
#739 0 8000005c 00e7d363 r 00         00000000  bge      x15, x14, . + 0x6
#740 0 80000062     853e r 0a         00000002  c.mv     x10, x15
#741 0 80000064     4472 r 08         f0040ef0  c.lwsp   x8, 0x1c
#742 0 80000066     6105 r 02         f0040ec0  c.addi16sp 0x2
#743 0 80000068     8082 r 00         00000000  c.jr     x1
#744 0 800000c6 fea42623 m f0040edc   00000002  sw       x10, -0x14(x8)
#745 0 800000ca fe842783 r 0f         00000000  lw       x15, -0x18(x8)
#746 0 800000ce     0785 r 0f         00000001  c.addi   x15, 0x1
#747 0 800000d0 fef42423 m f0040ed8   00000001  sw       x15, -0x18(x8)
#748 0 800000d4 fe842703 r 0e         00000001  lw       x14, -0x18(x8)
#749 0 800000d8 fd842783 r 0f         00000002  lw       x15, -0x28(x8)
#750 0 800000dc faf74de3 r 00         00000000  blt      x14, x15, . - 0x46
#751 0 80000096 fe842783 r 0f         00000001  lw       x15, -0x18(x8)
#752 0 8000009a     078a r 0f         00000004  c.slli   x15, 2
#753 0 8000009c fdc42703 r 0e         f0040fec  lw       x14, -0x24(x8)
#754 0 800000a0     97ba r 0f         f0040ff0  c.add    x15, x14
#755 0 800000a2     4384 r 09         00000005  c.lw     x9, 0x0(x15)
#756 0 800000a4 fd842703 r 0e         00000002  lw       x14, -0x28(x8)
#757 0 800000a8 fe842783 r 0f         00000001  lw       x15, -0x18(x8)
#758 0 800000ac 40f707b3 r 0f         00000001  sub      x15, x14, x15
#759 0 800000b0     17fd r 0f         00000000  c.addi   x15, -0x1
#760 0 800000b2     85be r 0b         00000000  c.mv     x11, x15
#761 0 800000b4 fdc42503 r 0a         f0040fec  lw       x10, -0x24(x8)
#762 0 800000b8     3f4d r 01         800000ba  c.jal    . - 0x4e
#763 0 8000006a     7179 r 02         f0040e90  c.addi16sp -0x3
#764 0 8000006c     d606 m f0040ebc   800000ba  c.swsp   x1, 0x2c
#765 0 8000006e     d422 m f0040eb8   f0040ef0  c.swsp   x8, 0x28
#766 0 80000070     d226 m f0040eb4   00000005  c.swsp   x9, 0x24
#767 0 80000072     1800 r 08         f0040ec0  c.addi4spn  x8, 0xc
#768 0 80000074 fca42e23 m f0040e9c   f0040fec  sw       x10, -0x24(x8)
#769 0 80000078 fcb42c23 m f0040e98   00000000  sw       x11, -0x28(x8)
#770 0 8000007c fd842783 r 0f         00000000  lw       x15, -0x28(x8)
#771 0 80000080 00f04463 r 00         00000000  blt      x0, x15, . + 0x8
#772 0 80000084     4781 r 0f         00000000  c.li     x15, 0x0
#773 0 80000086     a8b9 r 00         00000000  c.j      . + 0x5e
#774 0 800000e4     853e r 0a         00000000  c.mv     x10, x15
#775 0 800000e6     50b2 r 01         800000ba  c.lwsp   x1, 0x2c
#776 0 800000e8     5422 r 08         f0040ef0  c.lwsp   x8, 0x28
#777 0 800000ea     5492 r 09         00000005  c.lwsp   x9, 0x24
#778 0 800000ec     6145 r 02         f0040ec0  c.addi16sp 0x3
#779 0 800000ee     8082 r 00         00000000  c.jr     x1
#780 0 800000ba     87aa r 0f         00000000  c.mv     x15, x10
#781 0 800000bc     97a6 r 0f         00000005  c.add    x15, x9
#782 0 800000be     85be r 0b         00000005  c.mv     x11, x15
#783 0 800000c0 fec42503 r 0a         00000002  lw       x10, -0x14(x8)
#784 0 800000c4     3749 r 01         800000c6  c.jal    . - 0x7e
#785 0 80000046     1101 r 02         f0040ea0  c.addi   x2, -0x20
#786 0 80000048     ce22 m f0040ebc   f0040ef0  c.swsp   x8, 0x1c
#787 0 8000004a     1000 r 08         f0040ec0  c.addi4spn  x8, 0x8
#788 0 8000004c fea42623 m f0040eac   00000002  sw       x10, -0x14(x8)
#789 0 80000050 feb42423 m f0040ea8   00000005  sw       x11, -0x18(x8)
#790 0 80000054 fec42703 r 0e         00000002  lw       x14, -0x14(x8)
#791 0 80000058 fe842783 r 0f         00000005  lw       x15, -0x18(x8)
#792 0 8000005c 00e7d363 r 00         00000000  bge      x15, x14, . + 0x6
#793 0 80000062     853e r 0a         00000005  c.mv     x10, x15
#794 0 80000064     4472 r 08         f0040ef0  c.lwsp   x8, 0x1c
#795 0 80000066     6105 r 02         f0040ec0  c.addi16sp 0x2
#796 0 80000068     8082 r 00         00000000  c.jr     x1
#797 0 800000c6 fea42623 m f0040edc   00000005  sw       x10, -0x14(x8)
#798 0 800000ca fe842783 r 0f         00000001  lw       x15, -0x18(x8)
#799 0 800000ce     0785 r 0f         00000002  c.addi   x15, 0x1
#800 0 800000d0 fef42423 m f0040ed8   00000002  sw       x15, -0x18(x8)
#801 0 800000d4 fe842703 r 0e         00000002  lw       x14, -0x18(x8)
#802 0 800000d8 fd842783 r 0f         00000002  lw       x15, -0x28(x8)
#803 0 800000dc faf74de3 r 00         00000000  blt      x14, x15, . - 0x46
#804 0 800000e0 fec42783 r 0f         00000005  lw       x15, -0x14(x8)
#805 0 800000e4     853e r 0a         00000005  c.mv     x10, x15
#806 0 800000e6     50b2 r 01         800000ba  c.lwsp   x1, 0x2c
#807 0 800000e8     5422 r 08         f0040f20  c.lwsp   x8, 0x28
#808 0 800000ea     5492 r 09         00000005  c.lwsp   x9, 0x24
#809 0 800000ec     6145 r 02         f0040ef0  c.addi16sp 0x3
#810 0 800000ee     8082 r 00         00000000  c.jr     x1
#811 0 800000ba     87aa r 0f         00000005  c.mv     x15, x10
#812 0 800000bc     97a6 r 0f         0000000a  c.add    x15, x9
#813 0 800000be     85be r 0b         0000000a  c.mv     x11, x15
#814 0 800000c0 fec42503 r 0a         00000009  lw       x10, -0x14(x8)
#815 0 800000c4     3749 r 01         800000c6  c.jal    . - 0x7e
#816 0 80000046     1101 r 02         f0040ed0  c.addi   x2, -0x20
#817 0 80000048     ce22 m f0040eec   f0040f20  c.swsp   x8, 0x1c
#818 0 8000004a     1000 r 08         f0040ef0  c.addi4spn  x8, 0x8
#819 0 8000004c fea42623 m f0040edc   00000009  sw       x10, -0x14(x8)
#820 0 80000050 feb42423 m f0040ed8   0000000a  sw       x11, -0x18(x8)
#821 0 80000054 fec42703 r 0e         00000009  lw       x14, -0x14(x8)
#822 0 80000058 fe842783 r 0f         0000000a  lw       x15, -0x18(x8)
#823 0 8000005c 00e7d363 r 00         00000000  bge      x15, x14, . + 0x6
#824 0 80000062     853e r 0a         0000000a  c.mv     x10, x15
#825 0 80000064     4472 r 08         f0040f20  c.lwsp   x8, 0x1c
#826 0 80000066     6105 r 02         f0040ef0  c.addi16sp 0x2
#827 0 80000068     8082 r 00         00000000  c.jr     x1
#828 0 800000c6 fea42623 m f0040f0c   0000000a  sw       x10, -0x14(x8)
#829 0 800000ca fe842783 r 0f         00000001  lw       x15, -0x18(x8)
#830 0 800000ce     0785 r 0f         00000002  c.addi   x15, 0x1
#831 0 800000d0 fef42423 m f0040f08   00000002  sw       x15, -0x18(x8)
#832 0 800000d4 fe842703 r 0e         00000002  lw       x14, -0x18(x8)
#833 0 800000d8 fd842783 r 0f         00000004  lw       x15, -0x28(x8)
#834 0 800000dc faf74de3 r 00         00000000  blt      x14, x15, . - 0x46
#835 0 80000096 fe842783 r 0f         00000002  lw       x15, -0x18(x8)
#836 0 8000009a     078a r 0f         00000008  c.slli   x15, 2
#837 0 8000009c fdc42703 r 0e         f0040fec  lw       x14, -0x24(x8)
#838 0 800000a0     97ba r 0f         f0040ff4  c.add    x15, x14
#839 0 800000a2     4384 r 09         00000008  c.lw     x9, 0x0(x15)
#840 0 800000a4 fd842703 r 0e         00000004  lw       x14, -0x28(x8)
#841 0 800000a8 fe842783 r 0f         00000002  lw       x15, -0x18(x8)
#842 0 800000ac 40f707b3 r 0f         00000002  sub      x15, x14, x15
#843 0 800000b0     17fd r 0f         00000001  c.addi   x15, -0x1
#844 0 800000b2     85be r 0b         00000001  c.mv     x11, x15
#845 0 800000b4 fdc42503 r 0a         f0040fec  lw       x10, -0x24(x8)
#846 0 800000b8     3f4d r 01         800000ba  c.jal    . - 0x4e
#847 0 8000006a     7179 r 02         f0040ec0  c.addi16sp -0x3
#848 0 8000006c     d606 m f0040eec   800000ba  c.swsp   x1, 0x2c
#849 0 8000006e     d422 m f0040ee8   f0040f20  c.swsp   x8, 0x28
#850 0 80000070     d226 m f0040ee4   00000008  c.swsp   x9, 0x24
#851 0 80000072     1800 r 08         f0040ef0  c.addi4spn  x8, 0xc
#852 0 80000074 fca42e23 m f0040ecc   f0040fec  sw       x10, -0x24(x8)
#853 0 80000078 fcb42c23 m f0040ec8   00000001  sw       x11, -0x28(x8)
#854 0 8000007c fd842783 r 0f         00000001  lw       x15, -0x28(x8)
#855 0 80000080 00f04463 r 00         00000000  blt      x0, x15, . + 0x8
#856 0 80000088 800007b7 r 0f         80000000  lui      x15, -0x80000
#857 0 8000008c fef42623 m f0040edc   80000000  sw       x15, -0x14(x8)
#858 0 80000090 fe042423 m f0040ed8   00000000  sw       x0, -0x18(x8)
#859 0 80000094     a081 r 00         00000000  c.j      . + 0x40
#860 0 800000d4 fe842703 r 0e         00000000  lw       x14, -0x18(x8)
#861 0 800000d8 fd842783 r 0f         00000001  lw       x15, -0x28(x8)
#862 0 800000dc faf74de3 r 00         00000000  blt      x14, x15, . - 0x46
#863 0 80000096 fe842783 r 0f         00000000  lw       x15, -0x18(x8)
#864 0 8000009a     078a r 0f         00000000  c.slli   x15, 2
#865 0 8000009c fdc42703 r 0e         f0040fec  lw       x14, -0x24(x8)
#866 0 800000a0     97ba r 0f         f0040fec  c.add    x15, x14
#867 0 800000a2     4384 r 09         00000001  c.lw     x9, 0x0(x15)
#868 0 800000a4 fd842703 r 0e         00000001  lw       x14, -0x28(x8)
#869 0 800000a8 fe842783 r 0f         00000000  lw       x15, -0x18(x8)
#870 0 800000ac 40f707b3 r 0f         00000001  sub      x15, x14, x15
#871 0 800000b0     17fd r 0f         00000000  c.addi   x15, -0x1
#872 0 800000b2     85be r 0b         00000000  c.mv     x11, x15
#873 0 800000b4 fdc42503 r 0a         f0040fec  lw       x10, -0x24(x8)
#874 0 800000b8     3f4d r 01         800000ba  c.jal    . - 0x4e
#875 0 8000006a     7179 r 02         f0040e90  c.addi16sp -0x3
#876 0 8000006c     d606 m f0040ebc   800000ba  c.swsp   x1, 0x2c
#877 0 8000006e     d422 m f0040eb8   f0040ef0  c.swsp   x8, 0x28
#878 0 80000070     d226 m f0040eb4   00000001  c.swsp   x9, 0x24
#879 0 80000072     1800 r 08         f0040ec0  c.addi4spn  x8, 0xc
#880 0 80000074 fca42e23 m f0040e9c   f0040fec  sw       x10, -0x24(x8)
#881 0 80000078 fcb42c23 m f0040e98   00000000  sw       x11, -0x28(x8)
#882 0 8000007c fd842783 r 0f         00000000  lw       x15, -0x28(x8)
#883 0 80000080 00f04463 r 00         00000000  blt      x0, x15, . + 0x8
#884 0 80000084     4781 r 0f         00000000  c.li     x15, 0x0
#885 0 80000086     a8b9 r 00         00000000  c.j      . + 0x5e
#886 0 800000e4     853e r 0a         00000000  c.mv     x10, x15
#887 0 800000e6     50b2 r 01         800000ba  c.lwsp   x1, 0x2c
#888 0 800000e8     5422 r 08         f0040ef0  c.lwsp   x8, 0x28
#889 0 800000ea     5492 r 09         00000001  c.lwsp   x9, 0x24
#890 0 800000ec     6145 r 02         f0040ec0  c.addi16sp 0x3
#891 0 800000ee     8082 r 00         00000000  c.jr     x1
#892 0 800000ba     87aa r 0f         00000000  c.mv     x15, x10
#893 0 800000bc     97a6 r 0f         00000001  c.add    x15, x9
#894 0 800000be     85be r 0b         00000001  c.mv     x11, x15
#895 0 800000c0 fec42503 r 0a         80000000  lw       x10, -0x14(x8)
#896 0 800000c4     3749 r 01         800000c6  c.jal    . - 0x7e
#897 0 80000046     1101 r 02         f0040ea0  c.addi   x2, -0x20
#898 0 80000048     ce22 m f0040ebc   f0040ef0  c.swsp   x8, 0x1c
#899 0 8000004a     1000 r 08         f0040ec0  c.addi4spn  x8, 0x8
#900 0 8000004c fea42623 m f0040eac   80000000  sw       x10, -0x14(x8)
#901 0 80000050 feb42423 m f0040ea8   00000001  sw       x11, -0x18(x8)
#902 0 80000054 fec42703 r 0e         80000000  lw       x14, -0x14(x8)
#903 0 80000058 fe842783 r 0f         00000001  lw       x15, -0x18(x8)
#904 0 8000005c 00e7d363 r 00         00000000  bge      x15, x14, . + 0x6
#905 0 80000062     853e r 0a         00000001  c.mv     x10, x15
#906 0 80000064     4472 r 08         f0040ef0  c.lwsp   x8, 0x1c
#907 0 80000066     6105 r 02         f0040ec0  c.addi16sp 0x2
#908 0 80000068     8082 r 00         00000000  c.jr     x1
#909 0 800000c6 fea42623 m f0040edc   00000001  sw       x10, -0x14(x8)
#910 0 800000ca fe842783 r 0f         00000000  lw       x15, -0x18(x8)
#911 0 800000ce     0785 r 0f         00000001  c.addi   x15, 0x1
#912 0 800000d0 fef42423 m f0040ed8   00000001  sw       x15, -0x18(x8)
#913 0 800000d4 fe842703 r 0e         00000001  lw       x14, -0x18(x8)
#914 0 800000d8 fd842783 r 0f         00000001  lw       x15, -0x28(x8)
#915 0 800000dc faf74de3 r 00         00000000  blt      x14, x15, . - 0x46
#916 0 800000e0 fec42783 r 0f         00000001  lw       x15, -0x14(x8)
#917 0 800000e4     853e r 0a         00000001  c.mv     x10, x15
#918 0 800000e6     50b2 r 01         800000ba  c.lwsp   x1, 0x2c
#919 0 800000e8     5422 r 08         f0040f20  c.lwsp   x8, 0x28
#920 0 800000ea     5492 r 09         00000008  c.lwsp   x9, 0x24
#921 0 800000ec     6145 r 02         f0040ef0  c.addi16sp 0x3
#922 0 800000ee     8082 r 00         00000000  c.jr     x1
#923 0 800000ba     87aa r 0f         00000001  c.mv     x15, x10
#924 0 800000bc     97a6 r 0f         00000009  c.add    x15, x9
#925 0 800000be     85be r 0b         00000009  c.mv     x11, x15
#926 0 800000c0 fec42503 r 0a         0000000a  lw       x10, -0x14(x8)
#927 0 800000c4     3749 r 01         800000c6  c.jal    . - 0x7e
#928 0 80000046     1101 r 02         f0040ed0  c.addi   x2, -0x20
#929 0 80000048     ce22 m f0040eec   f0040f20  c.swsp   x8, 0x1c
#930 0 8000004a     1000 r 08         f0040ef0  c.addi4spn  x8, 0x8
#931 0 8000004c fea42623 m f0040edc   0000000a  sw       x10, -0x14(x8)
#932 0 80000050 feb42423 m f0040ed8   00000009  sw       x11, -0x18(x8)
#933 0 80000054 fec42703 r 0e         0000000a  lw       x14, -0x14(x8)
#934 0 80000058 fe842783 r 0f         00000009  lw       x15, -0x18(x8)
#935 0 8000005c 00e7d363 r 00         00000000  bge      x15, x14, . + 0x6
#936 0 80000060     87ba r 0f         0000000a  c.mv     x15, x14
#937 0 80000062     853e r 0a         0000000a  c.mv     x10, x15
#938 0 80000064     4472 r 08         f0040f20  c.lwsp   x8, 0x1c
#939 0 80000066     6105 r 02         f0040ef0  c.addi16sp 0x2
#940 0 80000068     8082 r 00         00000000  c.jr     x1
#941 0 800000c6 fea42623 m f0040f0c   0000000a  sw       x10, -0x14(x8)
#942 0 800000ca fe842783 r 0f         00000002  lw       x15, -0x18(x8)
#943 0 800000ce     0785 r 0f         00000003  c.addi   x15, 0x1
#944 0 800000d0 fef42423 m f0040f08   00000003  sw       x15, -0x18(x8)
#945 0 800000d4 fe842703 r 0e         00000003  lw       x14, -0x18(x8)
#946 0 800000d8 fd842783 r 0f         00000004  lw       x15, -0x28(x8)
#947 0 800000dc faf74de3 r 00         00000000  blt      x14, x15, . - 0x46
#948 0 80000096 fe842783 r 0f         00000003  lw       x15, -0x18(x8)
#949 0 8000009a     078a r 0f         0000000c  c.slli   x15, 2
#950 0 8000009c fdc42703 r 0e         f0040fec  lw       x14, -0x24(x8)
#951 0 800000a0     97ba r 0f         f0040ff8  c.add    x15, x14
#952 0 800000a2     4384 r 09         00000009  c.lw     x9, 0x0(x15)
#953 0 800000a4 fd842703 r 0e         00000004  lw       x14, -0x28(x8)
#954 0 800000a8 fe842783 r 0f         00000003  lw       x15, -0x18(x8)
#955 0 800000ac 40f707b3 r 0f         00000001  sub      x15, x14, x15
#956 0 800000b0     17fd r 0f         00000000  c.addi   x15, -0x1
#957 0 800000b2     85be r 0b         00000000  c.mv     x11, x15
#958 0 800000b4 fdc42503 r 0a         f0040fec  lw       x10, -0x24(x8)
#959 0 800000b8     3f4d r 01         800000ba  c.jal    . - 0x4e
#960 0 8000006a     7179 r 02         f0040ec0  c.addi16sp -0x3
#961 0 8000006c     d606 m f0040eec   800000ba  c.swsp   x1, 0x2c
#962 0 8000006e     d422 m f0040ee8   f0040f20  c.swsp   x8, 0x28
#963 0 80000070     d226 m f0040ee4   00000009  c.swsp   x9, 0x24
#964 0 80000072     1800 r 08         f0040ef0  c.addi4spn  x8, 0xc
#965 0 80000074 fca42e23 m f0040ecc   f0040fec  sw       x10, -0x24(x8)
#966 0 80000078 fcb42c23 m f0040ec8   00000000  sw       x11, -0x28(x8)
#967 0 8000007c fd842783 r 0f         00000000  lw       x15, -0x28(x8)
#968 0 80000080 00f04463 r 00         00000000  blt      x0, x15, . + 0x8
#969 0 80000084     4781 r 0f         00000000  c.li     x15, 0x0
#970 0 80000086     a8b9 r 00         00000000  c.j      . + 0x5e
#971 0 800000e4     853e r 0a         00000000  c.mv     x10, x15
#972 0 800000e6     50b2 r 01         800000ba  c.lwsp   x1, 0x2c
#973 0 800000e8     5422 r 08         f0040f20  c.lwsp   x8, 0x28
#974 0 800000ea     5492 r 09         00000009  c.lwsp   x9, 0x24
#975 0 800000ec     6145 r 02         f0040ef0  c.addi16sp 0x3
#976 0 800000ee     8082 r 00         00000000  c.jr     x1
#977 0 800000ba     87aa r 0f         00000000  c.mv     x15, x10
#978 0 800000bc     97a6 r 0f         00000009  c.add    x15, x9
#979 0 800000be     85be r 0b         00000009  c.mv     x11, x15
#980 0 800000c0 fec42503 r 0a         0000000a  lw       x10, -0x14(x8)
#981 0 800000c4     3749 r 01         800000c6  c.jal    . - 0x7e
#982 0 80000046     1101 r 02         f0040ed0  c.addi   x2, -0x20
#983 0 80000048     ce22 m f0040eec   f0040f20  c.swsp   x8, 0x1c
#984 0 8000004a     1000 r 08         f0040ef0  c.addi4spn  x8, 0x8
#985 0 8000004c fea42623 m f0040edc   0000000a  sw       x10, -0x14(x8)
#986 0 80000050 feb42423 m f0040ed8   00000009  sw       x11, -0x18(x8)
#987 0 80000054 fec42703 r 0e         0000000a  lw       x14, -0x14(x8)
#988 0 80000058 fe842783 r 0f         00000009  lw       x15, -0x18(x8)
#989 0 8000005c 00e7d363 r 00         00000000  bge      x15, x14, . + 0x6
#990 0 80000060     87ba r 0f         0000000a  c.mv     x15, x14
#991 0 80000062     853e r 0a         0000000a  c.mv     x10, x15
#992 0 80000064     4472 r 08         f0040f20  c.lwsp   x8, 0x1c
#993 0 80000066     6105 r 02         f0040ef0  c.addi16sp 0x2
#994 0 80000068     8082 r 00         00000000  c.jr     x1
#995 0 800000c6 fea42623 m f0040f0c   0000000a  sw       x10, -0x14(x8)
#996 0 800000ca fe842783 r 0f         00000003  lw       x15, -0x18(x8)
#997 0 800000ce     0785 r 0f         00000004  c.addi   x15, 0x1
#998 0 800000d0 fef42423 m f0040f08   00000004  sw       x15, -0x18(x8)
#999 0 800000d4 fe842703 r 0e         00000004  lw       x14, -0x18(x8)
#1000 0 800000d8 fd842783 r 0f         00000004  lw       x15, -0x28(x8)
#1001 0 800000dc faf74de3 r 00         00000000  blt      x14, x15, . - 0x46
#1002 0 800000e0 fec42783 r 0f         0000000a  lw       x15, -0x14(x8)
#1003 0 800000e4     853e r 0a         0000000a  c.mv     x10, x15
#1004 0 800000e6     50b2 r 01         800000ba  c.lwsp   x1, 0x2c
#1005 0 800000e8     5422 r 08         f0040f50  c.lwsp   x8, 0x28
#1006 0 800000ea     5492 r 09         00000001  c.lwsp   x9, 0x24
#1007 0 800000ec     6145 r 02         f0040f20  c.addi16sp 0x3
#1008 0 800000ee     8082 r 00         00000000  c.jr     x1
#1009 0 800000ba     87aa r 0f         0000000a  c.mv     x15, x10
#1010 0 800000bc     97a6 r 0f         0000000b  c.add    x15, x9
#1011 0 800000be     85be r 0b         0000000b  c.mv     x11, x15
#1012 0 800000c0 fec42503 r 0a         80000000  lw       x10, -0x14(x8)
#1013 0 800000c4     3749 r 01         800000c6  c.jal    . - 0x7e
#1014 0 80000046     1101 r 02         f0040f00  c.addi   x2, -0x20
#1015 0 80000048     ce22 m f0040f1c   f0040f50  c.swsp   x8, 0x1c
#1016 0 8000004a     1000 r 08         f0040f20  c.addi4spn  x8, 0x8
#1017 0 8000004c fea42623 m f0040f0c   80000000  sw       x10, -0x14(x8)
#1018 0 80000050 feb42423 m f0040f08   0000000b  sw       x11, -0x18(x8)
#1019 0 80000054 fec42703 r 0e         80000000  lw       x14, -0x14(x8)
#1020 0 80000058 fe842783 r 0f         0000000b  lw       x15, -0x18(x8)
#1021 0 8000005c 00e7d363 r 00         00000000  bge      x15, x14, . + 0x6
#1022 0 80000062     853e r 0a         0000000b  c.mv     x10, x15
#1023 0 80000064     4472 r 08         f0040f50  c.lwsp   x8, 0x1c
#1024 0 80000066     6105 r 02         f0040f20  c.addi16sp 0x2
#1025 0 80000068     8082 r 00         00000000  c.jr     x1
#1026 0 800000c6 fea42623 m f0040f3c   0000000b  sw       x10, -0x14(x8)
#1027 0 800000ca fe842783 r 0f         00000000  lw       x15, -0x18(x8)
#1028 0 800000ce     0785 r 0f         00000001  c.addi   x15, 0x1
#1029 0 800000d0 fef42423 m f0040f38   00000001  sw       x15, -0x18(x8)
#1030 0 800000d4 fe842703 r 0e         00000001  lw       x14, -0x18(x8)
#1031 0 800000d8 fd842783 r 0f         00000005  lw       x15, -0x28(x8)
#1032 0 800000dc faf74de3 r 00         00000000  blt      x14, x15, . - 0x46
#1033 0 80000096 fe842783 r 0f         00000001  lw       x15, -0x18(x8)
#1034 0 8000009a     078a r 0f         00000004  c.slli   x15, 2
#1035 0 8000009c fdc42703 r 0e         f0040fec  lw       x14, -0x24(x8)
#1036 0 800000a0     97ba r 0f         f0040ff0  c.add    x15, x14
#1037 0 800000a2     4384 r 09         00000005  c.lw     x9, 0x0(x15)
#1038 0 800000a4 fd842703 r 0e         00000005  lw       x14, -0x28(x8)
#1039 0 800000a8 fe842783 r 0f         00000001  lw       x15, -0x18(x8)
#1040 0 800000ac 40f707b3 r 0f         00000004  sub      x15, x14, x15
#1041 0 800000b0     17fd r 0f         00000003  c.addi   x15, -0x1
#1042 0 800000b2     85be r 0b         00000003  c.mv     x11, x15
#1043 0 800000b4 fdc42503 r 0a         f0040fec  lw       x10, -0x24(x8)
#1044 0 800000b8     3f4d r 01         800000ba  c.jal    . - 0x4e
#1045 0 8000006a     7179 r 02         f0040ef0  c.addi16sp -0x3
#1046 0 8000006c     d606 m f0040f1c   800000ba  c.swsp   x1, 0x2c
#1047 0 8000006e     d422 m f0040f18   f0040f50  c.swsp   x8, 0x28
#1048 0 80000070     d226 m f0040f14   00000005  c.swsp   x9, 0x24
#1049 0 80000072     1800 r 08         f0040f20  c.addi4spn  x8, 0xc
#1050 0 80000074 fca42e23 m f0040efc   f0040fec  sw       x10, -0x24(x8)
#1051 0 80000078 fcb42c23 m f0040ef8   00000003  sw       x11, -0x28(x8)
#1052 0 8000007c fd842783 r 0f         00000003  lw       x15, -0x28(x8)
#1053 0 80000080 00f04463 r 00         00000000  blt      x0, x15, . + 0x8
#1054 0 80000088 800007b7 r 0f         80000000  lui      x15, -0x80000
#1055 0 8000008c fef42623 m f0040f0c   80000000  sw       x15, -0x14(x8)
#1056 0 80000090 fe042423 m f0040f08   00000000  sw       x0, -0x18(x8)
#1057 0 80000094     a081 r 00         00000000  c.j      . + 0x40
#1058 0 800000d4 fe842703 r 0e         00000000  lw       x14, -0x18(x8)
#1059 0 800000d8 fd842783 r 0f         00000003  lw       x15, -0x28(x8)
#1060 0 800000dc faf74de3 r 00         00000000  blt      x14, x15, . - 0x46
#1061 0 80000096 fe842783 r 0f         00000000  lw       x15, -0x18(x8)
#1062 0 8000009a     078a r 0f         00000000  c.slli   x15, 2
#1063 0 8000009c fdc42703 r 0e         f0040fec  lw       x14, -0x24(x8)
#1064 0 800000a0     97ba r 0f         f0040fec  c.add    x15, x14
#1065 0 800000a2     4384 r 09         00000001  c.lw     x9, 0x0(x15)
#1066 0 800000a4 fd842703 r 0e         00000003  lw       x14, -0x28(x8)
#1067 0 800000a8 fe842783 r 0f         00000000  lw       x15, -0x18(x8)
#1068 0 800000ac 40f707b3 r 0f         00000003  sub      x15, x14, x15
#1069 0 800000b0     17fd r 0f         00000002  c.addi   x15, -0x1
#1070 0 800000b2     85be r 0b         00000002  c.mv     x11, x15
#1071 0 800000b4 fdc42503 r 0a         f0040fec  lw       x10, -0x24(x8)
#1072 0 800000b8     3f4d r 01         800000ba  c.jal    . - 0x4e
#1073 0 8000006a     7179 r 02         f0040ec0  c.addi16sp -0x3
#1074 0 8000006c     d606 m f0040eec   800000ba  c.swsp   x1, 0x2c
#1075 0 8000006e     d422 m f0040ee8   f0040f20  c.swsp   x8, 0x28
#1076 0 80000070     d226 m f0040ee4   00000001  c.swsp   x9, 0x24
#1077 0 80000072     1800 r 08         f0040ef0  c.addi4spn  x8, 0xc
#1078 0 80000074 fca42e23 m f0040ecc   f0040fec  sw       x10, -0x24(x8)
#1079 0 80000078 fcb42c23 m f0040ec8   00000002  sw       x11, -0x28(x8)
#1080 0 8000007c fd842783 r 0f         00000002  lw       x15, -0x28(x8)
#1081 0 80000080 00f04463 r 00         00000000  blt      x0, x15, . + 0x8
#1082 0 80000088 800007b7 r 0f         80000000  lui      x15, -0x80000
#1083 0 8000008c fef42623 m f0040edc   80000000  sw       x15, -0x14(x8)
#1084 0 80000090 fe042423 m f0040ed8   00000000  sw       x0, -0x18(x8)
#1085 0 80000094     a081 r 00         00000000  c.j      . + 0x40
#1086 0 800000d4 fe842703 r 0e         00000000  lw       x14, -0x18(x8)
#1087 0 800000d8 fd842783 r 0f         00000002  lw       x15, -0x28(x8)
#1088 0 800000dc faf74de3 r 00         00000000  blt      x14, x15, . - 0x46
#1089 0 80000096 fe842783 r 0f         00000000  lw       x15, -0x18(x8)
#1090 0 8000009a     078a r 0f         00000000  c.slli   x15, 2
#1091 0 8000009c fdc42703 r 0e         f0040fec  lw       x14, -0x24(x8)
#1092 0 800000a0     97ba r 0f         f0040fec  c.add    x15, x14
#1093 0 800000a2     4384 r 09         00000001  c.lw     x9, 0x0(x15)
#1094 0 800000a4 fd842703 r 0e         00000002  lw       x14, -0x28(x8)
#1095 0 800000a8 fe842783 r 0f         00000000  lw       x15, -0x18(x8)
#1096 0 800000ac 40f707b3 r 0f         00000002  sub      x15, x14, x15
#1097 0 800000b0     17fd r 0f         00000001  c.addi   x15, -0x1
#1098 0 800000b2     85be r 0b         00000001  c.mv     x11, x15
#1099 0 800000b4 fdc42503 r 0a         f0040fec  lw       x10, -0x24(x8)
#1100 0 800000b8     3f4d r 01         800000ba  c.jal    . - 0x4e
#1101 0 8000006a     7179 r 02         f0040e90  c.addi16sp -0x3
#1102 0 8000006c     d606 m f0040ebc   800000ba  c.swsp   x1, 0x2c
#1103 0 8000006e     d422 m f0040eb8   f0040ef0  c.swsp   x8, 0x28
#1104 0 80000070     d226 m f0040eb4   00000001  c.swsp   x9, 0x24
#1105 0 80000072     1800 r 08         f0040ec0  c.addi4spn  x8, 0xc
#1106 0 80000074 fca42e23 m f0040e9c   f0040fec  sw       x10, -0x24(x8)
#1107 0 80000078 fcb42c23 m f0040e98   00000001  sw       x11, -0x28(x8)
#1108 0 8000007c fd842783 r 0f         00000001  lw       x15, -0x28(x8)
#1109 0 80000080 00f04463 r 00         00000000  blt      x0, x15, . + 0x8
#1110 0 80000088 800007b7 r 0f         80000000  lui      x15, -0x80000
#1111 0 8000008c fef42623 m f0040eac   80000000  sw       x15, -0x14(x8)
#1112 0 80000090 fe042423 m f0040ea8   00000000  sw       x0, -0x18(x8)
#1113 0 80000094     a081 r 00         00000000  c.j      . + 0x40
#1114 0 800000d4 fe842703 r 0e         00000000  lw       x14, -0x18(x8)
#1115 0 800000d8 fd842783 r 0f         00000001  lw       x15, -0x28(x8)
#1116 0 800000dc faf74de3 r 00         00000000  blt      x14, x15, . - 0x46
#1117 0 80000096 fe842783 r 0f         00000000  lw       x15, -0x18(x8)
#1118 0 8000009a     078a r 0f         00000000  c.slli   x15, 2
#1119 0 8000009c fdc42703 r 0e         f0040fec  lw       x14, -0x24(x8)
#1120 0 800000a0     97ba r 0f         f0040fec  c.add    x15, x14
#1121 0 800000a2     4384 r 09         00000001  c.lw     x9, 0x0(x15)
#1122 0 800000a4 fd842703 r 0e         00000001  lw       x14, -0x28(x8)
#1123 0 800000a8 fe842783 r 0f         00000000  lw       x15, -0x18(x8)
#1124 0 800000ac 40f707b3 r 0f         00000001  sub      x15, x14, x15
#1125 0 800000b0     17fd r 0f         00000000  c.addi   x15, -0x1
#1126 0 800000b2     85be r 0b         00000000  c.mv     x11, x15
#1127 0 800000b4 fdc42503 r 0a         f0040fec  lw       x10, -0x24(x8)
#1128 0 800000b8     3f4d r 01         800000ba  c.jal    . - 0x4e
#1129 0 8000006a     7179 r 02         f0040e60  c.addi16sp -0x3
#1130 0 8000006c     d606 m f0040e8c   800000ba  c.swsp   x1, 0x2c
#1131 0 8000006e     d422 m f0040e88   f0040ec0  c.swsp   x8, 0x28
#1132 0 80000070     d226 m f0040e84   00000001  c.swsp   x9, 0x24
#1133 0 80000072     1800 r 08         f0040e90  c.addi4spn  x8, 0xc
#1134 0 80000074 fca42e23 m f0040e6c   f0040fec  sw       x10, -0x24(x8)
#1135 0 80000078 fcb42c23 m f0040e68   00000000  sw       x11, -0x28(x8)
#1136 0 8000007c fd842783 r 0f         00000000  lw       x15, -0x28(x8)
#1137 0 80000080 00f04463 r 00         00000000  blt      x0, x15, . + 0x8
#1138 0 80000084     4781 r 0f         00000000  c.li     x15, 0x0
#1139 0 80000086     a8b9 r 00         00000000  c.j      . + 0x5e
#1140 0 800000e4     853e r 0a         00000000  c.mv     x10, x15
#1141 0 800000e6     50b2 r 01         800000ba  c.lwsp   x1, 0x2c
#1142 0 800000e8     5422 r 08         f0040ec0  c.lwsp   x8, 0x28
#1143 0 800000ea     5492 r 09         00000001  c.lwsp   x9, 0x24
#1144 0 800000ec     6145 r 02         f0040e90  c.addi16sp 0x3
#1145 0 800000ee     8082 r 00         00000000  c.jr     x1
#1146 0 800000ba     87aa r 0f         00000000  c.mv     x15, x10
#1147 0 800000bc     97a6 r 0f         00000001  c.add    x15, x9
#1148 0 800000be     85be r 0b         00000001  c.mv     x11, x15
#1149 0 800000c0 fec42503 r 0a         80000000  lw       x10, -0x14(x8)
#1150 0 800000c4     3749 r 01         800000c6  c.jal    . - 0x7e
#1151 0 80000046     1101 r 02         f0040e70  c.addi   x2, -0x20
#1152 0 80000048     ce22 m f0040e8c   f0040ec0  c.swsp   x8, 0x1c
#1153 0 8000004a     1000 r 08         f0040e90  c.addi4spn  x8, 0x8
#1154 0 8000004c fea42623 m f0040e7c   80000000  sw       x10, -0x14(x8)
#1155 0 80000050 feb42423 m f0040e78   00000001  sw       x11, -0x18(x8)
#1156 0 80000054 fec42703 r 0e         80000000  lw       x14, -0x14(x8)
#1157 0 80000058 fe842783 r 0f         00000001  lw       x15, -0x18(x8)
#1158 0 8000005c 00e7d363 r 00         00000000  bge      x15, x14, . + 0x6
#1159 0 80000062     853e r 0a         00000001  c.mv     x10, x15
#1160 0 80000064     4472 r 08         f0040ec0  c.lwsp   x8, 0x1c
#1161 0 80000066     6105 r 02         f0040e90  c.addi16sp 0x2
#1162 0 80000068     8082 r 00         00000000  c.jr     x1
#1163 0 800000c6 fea42623 m f0040eac   00000001  sw       x10, -0x14(x8)
#1164 0 800000ca fe842783 r 0f         00000000  lw       x15, -0x18(x8)
#1165 0 800000ce     0785 r 0f         00000001  c.addi   x15, 0x1
#1166 0 800000d0 fef42423 m f0040ea8   00000001  sw       x15, -0x18(x8)
#1167 0 800000d4 fe842703 r 0e         00000001  lw       x14, -0x18(x8)
#1168 0 800000d8 fd842783 r 0f         00000001  lw       x15, -0x28(x8)
#1169 0 800000dc faf74de3 r 00         00000000  blt      x14, x15, . - 0x46
#1170 0 800000e0 fec42783 r 0f         00000001  lw       x15, -0x14(x8)
#1171 0 800000e4     853e r 0a         00000001  c.mv     x10, x15
#1172 0 800000e6     50b2 r 01         800000ba  c.lwsp   x1, 0x2c
#1173 0 800000e8     5422 r 08         f0040ef0  c.lwsp   x8, 0x28
#1174 0 800000ea     5492 r 09         00000001  c.lwsp   x9, 0x24
#1175 0 800000ec     6145 r 02         f0040ec0  c.addi16sp 0x3
#1176 0 800000ee     8082 r 00         00000000  c.jr     x1
#1177 0 800000ba     87aa r 0f         00000001  c.mv     x15, x10
#1178 0 800000bc     97a6 r 0f         00000002  c.add    x15, x9
#1179 0 800000be     85be r 0b         00000002  c.mv     x11, x15
#1180 0 800000c0 fec42503 r 0a         80000000  lw       x10, -0x14(x8)
#1181 0 800000c4     3749 r 01         800000c6  c.jal    . - 0x7e
#1182 0 80000046     1101 r 02         f0040ea0  c.addi   x2, -0x20
#1183 0 80000048     ce22 m f0040ebc   f0040ef0  c.swsp   x8, 0x1c
#1184 0 8000004a     1000 r 08         f0040ec0  c.addi4spn  x8, 0x8
#1185 0 8000004c fea42623 m f0040eac   80000000  sw       x10, -0x14(x8)
#1186 0 80000050 feb42423 m f0040ea8   00000002  sw       x11, -0x18(x8)
#1187 0 80000054 fec42703 r 0e         80000000  lw       x14, -0x14(x8)
#1188 0 80000058 fe842783 r 0f         00000002  lw       x15, -0x18(x8)
#1189 0 8000005c 00e7d363 r 00         00000000  bge      x15, x14, . + 0x6
#1190 0 80000062     853e r 0a         00000002  c.mv     x10, x15
#1191 0 80000064     4472 r 08         f0040ef0  c.lwsp   x8, 0x1c
#1192 0 80000066     6105 r 02         f0040ec0  c.addi16sp 0x2
#1193 0 80000068     8082 r 00         00000000  c.jr     x1
#1194 0 800000c6 fea42623 m f0040edc   00000002  sw       x10, -0x14(x8)
#1195 0 800000ca fe842783 r 0f         00000000  lw       x15, -0x18(x8)
#1196 0 800000ce     0785 r 0f         00000001  c.addi   x15, 0x1
#1197 0 800000d0 fef42423 m f0040ed8   00000001  sw       x15, -0x18(x8)
#1198 0 800000d4 fe842703 r 0e         00000001  lw       x14, -0x18(x8)
#1199 0 800000d8 fd842783 r 0f         00000002  lw       x15, -0x28(x8)
#1200 0 800000dc faf74de3 r 00         00000000  blt      x14, x15, . - 0x46
#1201 0 80000096 fe842783 r 0f         00000001  lw       x15, -0x18(x8)
#1202 0 8000009a     078a r 0f         00000004  c.slli   x15, 2
#1203 0 8000009c fdc42703 r 0e         f0040fec  lw       x14, -0x24(x8)
#1204 0 800000a0     97ba r 0f         f0040ff0  c.add    x15, x14
#1205 0 800000a2     4384 r 09         00000005  c.lw     x9, 0x0(x15)
#1206 0 800000a4 fd842703 r 0e         00000002  lw       x14, -0x28(x8)
#1207 0 800000a8 fe842783 r 0f         00000001  lw       x15, -0x18(x8)
#1208 0 800000ac 40f707b3 r 0f         00000001  sub      x15, x14, x15
#1209 0 800000b0     17fd r 0f         00000000  c.addi   x15, -0x1
#1210 0 800000b2     85be r 0b         00000000  c.mv     x11, x15
#1211 0 800000b4 fdc42503 r 0a         f0040fec  lw       x10, -0x24(x8)
#1212 0 800000b8     3f4d r 01         800000ba  c.jal    . - 0x4e
#1213 0 8000006a     7179 r 02         f0040e90  c.addi16sp -0x3
#1214 0 8000006c     d606 m f0040ebc   800000ba  c.swsp   x1, 0x2c
#1215 0 8000006e     d422 m f0040eb8   f0040ef0  c.swsp   x8, 0x28
#1216 0 80000070     d226 m f0040eb4   00000005  c.swsp   x9, 0x24
#1217 0 80000072     1800 r 08         f0040ec0  c.addi4spn  x8, 0xc
#1218 0 80000074 fca42e23 m f0040e9c   f0040fec  sw       x10, -0x24(x8)
#1219 0 80000078 fcb42c23 m f0040e98   00000000  sw       x11, -0x28(x8)
#1220 0 8000007c fd842783 r 0f         00000000  lw       x15, -0x28(x8)
#1221 0 80000080 00f04463 r 00         00000000  blt      x0, x15, . + 0x8
#1222 0 80000084     4781 r 0f         00000000  c.li     x15, 0x0
#1223 0 80000086     a8b9 r 00         00000000  c.j      . + 0x5e
#1224 0 800000e4     853e r 0a         00000000  c.mv     x10, x15
#1225 0 800000e6     50b2 r 01         800000ba  c.lwsp   x1, 0x2c
#1226 0 800000e8     5422 r 08         f0040ef0  c.lwsp   x8, 0x28
#1227 0 800000ea     5492 r 09         00000005  c.lwsp   x9, 0x24
#1228 0 800000ec     6145 r 02         f0040ec0  c.addi16sp 0x3
#1229 0 800000ee     8082 r 00         00000000  c.jr     x1
#1230 0 800000ba     87aa r 0f         00000000  c.mv     x15, x10
#1231 0 800000bc     97a6 r 0f         00000005  c.add    x15, x9
#1232 0 800000be     85be r 0b         00000005  c.mv     x11, x15
#1233 0 800000c0 fec42503 r 0a         00000002  lw       x10, -0x14(x8)
#1234 0 800000c4     3749 r 01         800000c6  c.jal    . - 0x7e
#1235 0 80000046     1101 r 02         f0040ea0  c.addi   x2, -0x20
#1236 0 80000048     ce22 m f0040ebc   f0040ef0  c.swsp   x8, 0x1c
#1237 0 8000004a     1000 r 08         f0040ec0  c.addi4spn  x8, 0x8
#1238 0 8000004c fea42623 m f0040eac   00000002  sw       x10, -0x14(x8)
#1239 0 80000050 feb42423 m f0040ea8   00000005  sw       x11, -0x18(x8)
#1240 0 80000054 fec42703 r 0e         00000002  lw       x14, -0x14(x8)
#1241 0 80000058 fe842783 r 0f         00000005  lw       x15, -0x18(x8)
#1242 0 8000005c 00e7d363 r 00         00000000  bge      x15, x14, . + 0x6
#1243 0 80000062     853e r 0a         00000005  c.mv     x10, x15
#1244 0 80000064     4472 r 08         f0040ef0  c.lwsp   x8, 0x1c
#1245 0 80000066     6105 r 02         f0040ec0  c.addi16sp 0x2
#1246 0 80000068     8082 r 00         00000000  c.jr     x1
#1247 0 800000c6 fea42623 m f0040edc   00000005  sw       x10, -0x14(x8)
#1248 0 800000ca fe842783 r 0f         00000001  lw       x15, -0x18(x8)
#1249 0 800000ce     0785 r 0f         00000002  c.addi   x15, 0x1
#1250 0 800000d0 fef42423 m f0040ed8   00000002  sw       x15, -0x18(x8)
#1251 0 800000d4 fe842703 r 0e         00000002  lw       x14, -0x18(x8)
#1252 0 800000d8 fd842783 r 0f         00000002  lw       x15, -0x28(x8)
#1253 0 800000dc faf74de3 r 00         00000000  blt      x14, x15, . - 0x46
#1254 0 800000e0 fec42783 r 0f         00000005  lw       x15, -0x14(x8)
#1255 0 800000e4     853e r 0a         00000005  c.mv     x10, x15
#1256 0 800000e6     50b2 r 01         800000ba  c.lwsp   x1, 0x2c
#1257 0 800000e8     5422 r 08         f0040f20  c.lwsp   x8, 0x28
#1258 0 800000ea     5492 r 09         00000001  c.lwsp   x9, 0x24
#1259 0 800000ec     6145 r 02         f0040ef0  c.addi16sp 0x3
#1260 0 800000ee     8082 r 00         00000000  c.jr     x1
#1261 0 800000ba     87aa r 0f         00000005  c.mv     x15, x10
#1262 0 800000bc     97a6 r 0f         00000006  c.add    x15, x9
#1263 0 800000be     85be r 0b         00000006  c.mv     x11, x15
#1264 0 800000c0 fec42503 r 0a         80000000  lw       x10, -0x14(x8)
#1265 0 800000c4     3749 r 01         800000c6  c.jal    . - 0x7e
#1266 0 80000046     1101 r 02         f0040ed0  c.addi   x2, -0x20
#1267 0 80000048     ce22 m f0040eec   f0040f20  c.swsp   x8, 0x1c
#1268 0 8000004a     1000 r 08         f0040ef0  c.addi4spn  x8, 0x8
#1269 0 8000004c fea42623 m f0040edc   80000000  sw       x10, -0x14(x8)
#1270 0 80000050 feb42423 m f0040ed8   00000006  sw       x11, -0x18(x8)
#1271 0 80000054 fec42703 r 0e         80000000  lw       x14, -0x14(x8)
#1272 0 80000058 fe842783 r 0f         00000006  lw       x15, -0x18(x8)
#1273 0 8000005c 00e7d363 r 00         00000000  bge      x15, x14, . + 0x6
#1274 0 80000062     853e r 0a         00000006  c.mv     x10, x15
#1275 0 80000064     4472 r 08         f0040f20  c.lwsp   x8, 0x1c
#1276 0 80000066     6105 r 02         f0040ef0  c.addi16sp 0x2
#1277 0 80000068     8082 r 00         00000000  c.jr     x1
#1278 0 800000c6 fea42623 m f0040f0c   00000006  sw       x10, -0x14(x8)
#1279 0 800000ca fe842783 r 0f         00000000  lw       x15, -0x18(x8)
#1280 0 800000ce     0785 r 0f         00000001  c.addi   x15, 0x1
#1281 0 800000d0 fef42423 m f0040f08   00000001  sw       x15, -0x18(x8)
#1282 0 800000d4 fe842703 r 0e         00000001  lw       x14, -0x18(x8)
#1283 0 800000d8 fd842783 r 0f         00000003  lw       x15, -0x28(x8)
#1284 0 800000dc faf74de3 r 00         00000000  blt      x14, x15, . - 0x46
#1285 0 80000096 fe842783 r 0f         00000001  lw       x15, -0x18(x8)
#1286 0 8000009a     078a r 0f         00000004  c.slli   x15, 2
#1287 0 8000009c fdc42703 r 0e         f0040fec  lw       x14, -0x24(x8)
#1288 0 800000a0     97ba r 0f         f0040ff0  c.add    x15, x14
#1289 0 800000a2     4384 r 09         00000005  c.lw     x9, 0x0(x15)
#1290 0 800000a4 fd842703 r 0e         00000003  lw       x14, -0x28(x8)
#1291 0 800000a8 fe842783 r 0f         00000001  lw       x15, -0x18(x8)
#1292 0 800000ac 40f707b3 r 0f         00000002  sub      x15, x14, x15
#1293 0 800000b0     17fd r 0f         00000001  c.addi   x15, -0x1
#1294 0 800000b2     85be r 0b         00000001  c.mv     x11, x15
#1295 0 800000b4 fdc42503 r 0a         f0040fec  lw       x10, -0x24(x8)
#1296 0 800000b8     3f4d r 01         800000ba  c.jal    . - 0x4e
#1297 0 8000006a     7179 r 02         f0040ec0  c.addi16sp -0x3
#1298 0 8000006c     d606 m f0040eec   800000ba  c.swsp   x1, 0x2c
#1299 0 8000006e     d422 m f0040ee8   f0040f20  c.swsp   x8, 0x28
#1300 0 80000070     d226 m f0040ee4   00000005  c.swsp   x9, 0x24
#1301 0 80000072     1800 r 08         f0040ef0  c.addi4spn  x8, 0xc
#1302 0 80000074 fca42e23 m f0040ecc   f0040fec  sw       x10, -0x24(x8)
#1303 0 80000078 fcb42c23 m f0040ec8   00000001  sw       x11, -0x28(x8)
#1304 0 8000007c fd842783 r 0f         00000001  lw       x15, -0x28(x8)
#1305 0 80000080 00f04463 r 00         00000000  blt      x0, x15, . + 0x8
#1306 0 80000088 800007b7 r 0f         80000000  lui      x15, -0x80000
#1307 0 8000008c fef42623 m f0040edc   80000000  sw       x15, -0x14(x8)
#1308 0 80000090 fe042423 m f0040ed8   00000000  sw       x0, -0x18(x8)
#1309 0 80000094     a081 r 00         00000000  c.j      . + 0x40
#1310 0 800000d4 fe842703 r 0e         00000000  lw       x14, -0x18(x8)
#1311 0 800000d8 fd842783 r 0f         00000001  lw       x15, -0x28(x8)
#1312 0 800000dc faf74de3 r 00         00000000  blt      x14, x15, . - 0x46
#1313 0 80000096 fe842783 r 0f         00000000  lw       x15, -0x18(x8)
#1314 0 8000009a     078a r 0f         00000000  c.slli   x15, 2
#1315 0 8000009c fdc42703 r 0e         f0040fec  lw       x14, -0x24(x8)
#1316 0 800000a0     97ba r 0f         f0040fec  c.add    x15, x14
#1317 0 800000a2     4384 r 09         00000001  c.lw     x9, 0x0(x15)
#1318 0 800000a4 fd842703 r 0e         00000001  lw       x14, -0x28(x8)
#1319 0 800000a8 fe842783 r 0f         00000000  lw       x15, -0x18(x8)
#1320 0 800000ac 40f707b3 r 0f         00000001  sub      x15, x14, x15
#1321 0 800000b0     17fd r 0f         00000000  c.addi   x15, -0x1
#1322 0 800000b2     85be r 0b         00000000  c.mv     x11, x15
#1323 0 800000b4 fdc42503 r 0a         f0040fec  lw       x10, -0x24(x8)
#1324 0 800000b8     3f4d r 01         800000ba  c.jal    . - 0x4e
#1325 0 8000006a     7179 r 02         f0040e90  c.addi16sp -0x3
#1326 0 8000006c     d606 m f0040ebc   800000ba  c.swsp   x1, 0x2c
#1327 0 8000006e     d422 m f0040eb8   f0040ef0  c.swsp   x8, 0x28
#1328 0 80000070     d226 m f0040eb4   00000001  c.swsp   x9, 0x24
#1329 0 80000072     1800 r 08         f0040ec0  c.addi4spn  x8, 0xc
#1330 0 80000074 fca42e23 m f0040e9c   f0040fec  sw       x10, -0x24(x8)
#1331 0 80000078 fcb42c23 m f0040e98   00000000  sw       x11, -0x28(x8)
#1332 0 8000007c fd842783 r 0f         00000000  lw       x15, -0x28(x8)
#1333 0 80000080 00f04463 r 00         00000000  blt      x0, x15, . + 0x8
#1334 0 80000084     4781 r 0f         00000000  c.li     x15, 0x0
#1335 0 80000086     a8b9 r 00         00000000  c.j      . + 0x5e
#1336 0 800000e4     853e r 0a         00000000  c.mv     x10, x15
#1337 0 800000e6     50b2 r 01         800000ba  c.lwsp   x1, 0x2c
#1338 0 800000e8     5422 r 08         f0040ef0  c.lwsp   x8, 0x28
#1339 0 800000ea     5492 r 09         00000001  c.lwsp   x9, 0x24
#1340 0 800000ec     6145 r 02         f0040ec0  c.addi16sp 0x3
#1341 0 800000ee     8082 r 00         00000000  c.jr     x1
#1342 0 800000ba     87aa r 0f         00000000  c.mv     x15, x10
#1343 0 800000bc     97a6 r 0f         00000001  c.add    x15, x9
#1344 0 800000be     85be r 0b         00000001  c.mv     x11, x15
#1345 0 800000c0 fec42503 r 0a         80000000  lw       x10, -0x14(x8)
#1346 0 800000c4     3749 r 01         800000c6  c.jal    . - 0x7e
#1347 0 80000046     1101 r 02         f0040ea0  c.addi   x2, -0x20
#1348 0 80000048     ce22 m f0040ebc   f0040ef0  c.swsp   x8, 0x1c
#1349 0 8000004a     1000 r 08         f0040ec0  c.addi4spn  x8, 0x8
#1350 0 8000004c fea42623 m f0040eac   80000000  sw       x10, -0x14(x8)
#1351 0 80000050 feb42423 m f0040ea8   00000001  sw       x11, -0x18(x8)
#1352 0 80000054 fec42703 r 0e         80000000  lw       x14, -0x14(x8)
#1353 0 80000058 fe842783 r 0f         00000001  lw       x15, -0x18(x8)
#1354 0 8000005c 00e7d363 r 00         00000000  bge      x15, x14, . + 0x6
#1355 0 80000062     853e r 0a         00000001  c.mv     x10, x15
#1356 0 80000064     4472 r 08         f0040ef0  c.lwsp   x8, 0x1c
#1357 0 80000066     6105 r 02         f0040ec0  c.addi16sp 0x2
#1358 0 80000068     8082 r 00         00000000  c.jr     x1
#1359 0 800000c6 fea42623 m f0040edc   00000001  sw       x10, -0x14(x8)
#1360 0 800000ca fe842783 r 0f         00000000  lw       x15, -0x18(x8)
#1361 0 800000ce     0785 r 0f         00000001  c.addi   x15, 0x1
#1362 0 800000d0 fef42423 m f0040ed8   00000001  sw       x15, -0x18(x8)
#1363 0 800000d4 fe842703 r 0e         00000001  lw       x14, -0x18(x8)
#1364 0 800000d8 fd842783 r 0f         00000001  lw       x15, -0x28(x8)
#1365 0 800000dc faf74de3 r 00         00000000  blt      x14, x15, . - 0x46
#1366 0 800000e0 fec42783 r 0f         00000001  lw       x15, -0x14(x8)
#1367 0 800000e4     853e r 0a         00000001  c.mv     x10, x15
#1368 0 800000e6     50b2 r 01         800000ba  c.lwsp   x1, 0x2c
#1369 0 800000e8     5422 r 08         f0040f20  c.lwsp   x8, 0x28
#1370 0 800000ea     5492 r 09         00000005  c.lwsp   x9, 0x24
#1371 0 800000ec     6145 r 02         f0040ef0  c.addi16sp 0x3
#1372 0 800000ee     8082 r 00         00000000  c.jr     x1
#1373 0 800000ba     87aa r 0f         00000001  c.mv     x15, x10
#1374 0 800000bc     97a6 r 0f         00000006  c.add    x15, x9
#1375 0 800000be     85be r 0b         00000006  c.mv     x11, x15
#1376 0 800000c0 fec42503 r 0a         00000006  lw       x10, -0x14(x8)
#1377 0 800000c4     3749 r 01         800000c6  c.jal    . - 0x7e
#1378 0 80000046     1101 r 02         f0040ed0  c.addi   x2, -0x20
#1379 0 80000048     ce22 m f0040eec   f0040f20  c.swsp   x8, 0x1c
#1380 0 8000004a     1000 r 08         f0040ef0  c.addi4spn  x8, 0x8
#1381 0 8000004c fea42623 m f0040edc   00000006  sw       x10, -0x14(x8)
#1382 0 80000050 feb42423 m f0040ed8   00000006  sw       x11, -0x18(x8)
#1383 0 80000054 fec42703 r 0e         00000006  lw       x14, -0x14(x8)
#1384 0 80000058 fe842783 r 0f         00000006  lw       x15, -0x18(x8)
#1385 0 8000005c 00e7d363 r 00         00000000  bge      x15, x14, . + 0x6
#1386 0 80000062     853e r 0a         00000006  c.mv     x10, x15
#1387 0 80000064     4472 r 08         f0040f20  c.lwsp   x8, 0x1c
#1388 0 80000066     6105 r 02         f0040ef0  c.addi16sp 0x2
#1389 0 80000068     8082 r 00         00000000  c.jr     x1
#1390 0 800000c6 fea42623 m f0040f0c   00000006  sw       x10, -0x14(x8)
#1391 0 800000ca fe842783 r 0f         00000001  lw       x15, -0x18(x8)
#1392 0 800000ce     0785 r 0f         00000002  c.addi   x15, 0x1
#1393 0 800000d0 fef42423 m f0040f08   00000002  sw       x15, -0x18(x8)
#1394 0 800000d4 fe842703 r 0e         00000002  lw       x14, -0x18(x8)
#1395 0 800000d8 fd842783 r 0f         00000003  lw       x15, -0x28(x8)
#1396 0 800000dc faf74de3 r 00         00000000  blt      x14, x15, . - 0x46
#1397 0 80000096 fe842783 r 0f         00000002  lw       x15, -0x18(x8)
#1398 0 8000009a     078a r 0f         00000008  c.slli   x15, 2
#1399 0 8000009c fdc42703 r 0e         f0040fec  lw       x14, -0x24(x8)
#1400 0 800000a0     97ba r 0f         f0040ff4  c.add    x15, x14
#1401 0 800000a2     4384 r 09         00000008  c.lw     x9, 0x0(x15)
#1402 0 800000a4 fd842703 r 0e         00000003  lw       x14, -0x28(x8)
#1403 0 800000a8 fe842783 r 0f         00000002  lw       x15, -0x18(x8)
#1404 0 800000ac 40f707b3 r 0f         00000001  sub      x15, x14, x15
#1405 0 800000b0     17fd r 0f         00000000  c.addi   x15, -0x1
#1406 0 800000b2     85be r 0b         00000000  c.mv     x11, x15
#1407 0 800000b4 fdc42503 r 0a         f0040fec  lw       x10, -0x24(x8)
#1408 0 800000b8     3f4d r 01         800000ba  c.jal    . - 0x4e
#1409 0 8000006a     7179 r 02         f0040ec0  c.addi16sp -0x3
#1410 0 8000006c     d606 m f0040eec   800000ba  c.swsp   x1, 0x2c
#1411 0 8000006e     d422 m f0040ee8   f0040f20  c.swsp   x8, 0x28
#1412 0 80000070     d226 m f0040ee4   00000008  c.swsp   x9, 0x24
#1413 0 80000072     1800 r 08         f0040ef0  c.addi4spn  x8, 0xc
#1414 0 80000074 fca42e23 m f0040ecc   f0040fec  sw       x10, -0x24(x8)
#1415 0 80000078 fcb42c23 m f0040ec8   00000000  sw       x11, -0x28(x8)
#1416 0 8000007c fd842783 r 0f         00000000  lw       x15, -0x28(x8)
#1417 0 80000080 00f04463 r 00         00000000  blt      x0, x15, . + 0x8
#1418 0 80000084     4781 r 0f         00000000  c.li     x15, 0x0
#1419 0 80000086     a8b9 r 00         00000000  c.j      . + 0x5e
#1420 0 800000e4     853e r 0a         00000000  c.mv     x10, x15
#1421 0 800000e6     50b2 r 01         800000ba  c.lwsp   x1, 0x2c
#1422 0 800000e8     5422 r 08         f0040f20  c.lwsp   x8, 0x28
#1423 0 800000ea     5492 r 09         00000008  c.lwsp   x9, 0x24
#1424 0 800000ec     6145 r 02         f0040ef0  c.addi16sp 0x3
#1425 0 800000ee     8082 r 00         00000000  c.jr     x1
#1426 0 800000ba     87aa r 0f         00000000  c.mv     x15, x10
#1427 0 800000bc     97a6 r 0f         00000008  c.add    x15, x9
#1428 0 800000be     85be r 0b         00000008  c.mv     x11, x15
#1429 0 800000c0 fec42503 r 0a         00000006  lw       x10, -0x14(x8)
#1430 0 800000c4     3749 r 01         800000c6  c.jal    . - 0x7e
#1431 0 80000046     1101 r 02         f0040ed0  c.addi   x2, -0x20
#1432 0 80000048     ce22 m f0040eec   f0040f20  c.swsp   x8, 0x1c
#1433 0 8000004a     1000 r 08         f0040ef0  c.addi4spn  x8, 0x8
#1434 0 8000004c fea42623 m f0040edc   00000006  sw       x10, -0x14(x8)
#1435 0 80000050 feb42423 m f0040ed8   00000008  sw       x11, -0x18(x8)
#1436 0 80000054 fec42703 r 0e         00000006  lw       x14, -0x14(x8)
#1437 0 80000058 fe842783 r 0f         00000008  lw       x15, -0x18(x8)
#1438 0 8000005c 00e7d363 r 00         00000000  bge      x15, x14, . + 0x6
#1439 0 80000062     853e r 0a         00000008  c.mv     x10, x15
#1440 0 80000064     4472 r 08         f0040f20  c.lwsp   x8, 0x1c
#1441 0 80000066     6105 r 02         f0040ef0  c.addi16sp 0x2
#1442 0 80000068     8082 r 00         00000000  c.jr     x1
#1443 0 800000c6 fea42623 m f0040f0c   00000008  sw       x10, -0x14(x8)
#1444 0 800000ca fe842783 r 0f         00000002  lw       x15, -0x18(x8)
#1445 0 800000ce     0785 r 0f         00000003  c.addi   x15, 0x1
#1446 0 800000d0 fef42423 m f0040f08   00000003  sw       x15, -0x18(x8)
#1447 0 800000d4 fe842703 r 0e         00000003  lw       x14, -0x18(x8)
#1448 0 800000d8 fd842783 r 0f         00000003  lw       x15, -0x28(x8)
#1449 0 800000dc faf74de3 r 00         00000000  blt      x14, x15, . - 0x46
#1450 0 800000e0 fec42783 r 0f         00000008  lw       x15, -0x14(x8)
#1451 0 800000e4     853e r 0a         00000008  c.mv     x10, x15
#1452 0 800000e6     50b2 r 01         800000ba  c.lwsp   x1, 0x2c
#1453 0 800000e8     5422 r 08         f0040f50  c.lwsp   x8, 0x28
#1454 0 800000ea     5492 r 09         00000005  c.lwsp   x9, 0x24
#1455 0 800000ec     6145 r 02         f0040f20  c.addi16sp 0x3
#1456 0 800000ee     8082 r 00         00000000  c.jr     x1
#1457 0 800000ba     87aa r 0f         00000008  c.mv     x15, x10
#1458 0 800000bc     97a6 r 0f         0000000d  c.add    x15, x9
#1459 0 800000be     85be r 0b         0000000d  c.mv     x11, x15
#1460 0 800000c0 fec42503 r 0a         0000000b  lw       x10, -0x14(x8)
#1461 0 800000c4     3749 r 01         800000c6  c.jal    . - 0x7e
#1462 0 80000046     1101 r 02         f0040f00  c.addi   x2, -0x20
#1463 0 80000048     ce22 m f0040f1c   f0040f50  c.swsp   x8, 0x1c
#1464 0 8000004a     1000 r 08         f0040f20  c.addi4spn  x8, 0x8
#1465 0 8000004c fea42623 m f0040f0c   0000000b  sw       x10, -0x14(x8)
#1466 0 80000050 feb42423 m f0040f08   0000000d  sw       x11, -0x18(x8)
#1467 0 80000054 fec42703 r 0e         0000000b  lw       x14, -0x14(x8)
#1468 0 80000058 fe842783 r 0f         0000000d  lw       x15, -0x18(x8)
#1469 0 8000005c 00e7d363 r 00         00000000  bge      x15, x14, . + 0x6
#1470 0 80000062     853e r 0a         0000000d  c.mv     x10, x15
#1471 0 80000064     4472 r 08         f0040f50  c.lwsp   x8, 0x1c
#1472 0 80000066     6105 r 02         f0040f20  c.addi16sp 0x2
#1473 0 80000068     8082 r 00         00000000  c.jr     x1
#1474 0 800000c6 fea42623 m f0040f3c   0000000d  sw       x10, -0x14(x8)
#1475 0 800000ca fe842783 r 0f         00000001  lw       x15, -0x18(x8)
#1476 0 800000ce     0785 r 0f         00000002  c.addi   x15, 0x1
#1477 0 800000d0 fef42423 m f0040f38   00000002  sw       x15, -0x18(x8)
#1478 0 800000d4 fe842703 r 0e         00000002  lw       x14, -0x18(x8)
#1479 0 800000d8 fd842783 r 0f         00000005  lw       x15, -0x28(x8)
#1480 0 800000dc faf74de3 r 00         00000000  blt      x14, x15, . - 0x46
#1481 0 80000096 fe842783 r 0f         00000002  lw       x15, -0x18(x8)
#1482 0 8000009a     078a r 0f         00000008  c.slli   x15, 2
#1483 0 8000009c fdc42703 r 0e         f0040fec  lw       x14, -0x24(x8)
#1484 0 800000a0     97ba r 0f         f0040ff4  c.add    x15, x14
#1485 0 800000a2     4384 r 09         00000008  c.lw     x9, 0x0(x15)
#1486 0 800000a4 fd842703 r 0e         00000005  lw       x14, -0x28(x8)
#1487 0 800000a8 fe842783 r 0f         00000002  lw       x15, -0x18(x8)
#1488 0 800000ac 40f707b3 r 0f         00000003  sub      x15, x14, x15
#1489 0 800000b0     17fd r 0f         00000002  c.addi   x15, -0x1
#1490 0 800000b2     85be r 0b         00000002  c.mv     x11, x15
#1491 0 800000b4 fdc42503 r 0a         f0040fec  lw       x10, -0x24(x8)
#1492 0 800000b8     3f4d r 01         800000ba  c.jal    . - 0x4e
#1493 0 8000006a     7179 r 02         f0040ef0  c.addi16sp -0x3
#1494 0 8000006c     d606 m f0040f1c   800000ba  c.swsp   x1, 0x2c
#1495 0 8000006e     d422 m f0040f18   f0040f50  c.swsp   x8, 0x28
#1496 0 80000070     d226 m f0040f14   00000008  c.swsp   x9, 0x24
#1497 0 80000072     1800 r 08         f0040f20  c.addi4spn  x8, 0xc
#1498 0 80000074 fca42e23 m f0040efc   f0040fec  sw       x10, -0x24(x8)
#1499 0 80000078 fcb42c23 m f0040ef8   00000002  sw       x11, -0x28(x8)
#1500 0 8000007c fd842783 r 0f         00000002  lw       x15, -0x28(x8)
#1501 0 80000080 00f04463 r 00         00000000  blt      x0, x15, . + 0x8
#1502 0 80000088 800007b7 r 0f         80000000  lui      x15, -0x80000
#1503 0 8000008c fef42623 m f0040f0c   80000000  sw       x15, -0x14(x8)
#1504 0 80000090 fe042423 m f0040f08   00000000  sw       x0, -0x18(x8)
#1505 0 80000094     a081 r 00         00000000  c.j      . + 0x40
#1506 0 800000d4 fe842703 r 0e         00000000  lw       x14, -0x18(x8)
#1507 0 800000d8 fd842783 r 0f         00000002  lw       x15, -0x28(x8)
#1508 0 800000dc faf74de3 r 00         00000000  blt      x14, x15, . - 0x46
#1509 0 80000096 fe842783 r 0f         00000000  lw       x15, -0x18(x8)
#1510 0 8000009a     078a r 0f         00000000  c.slli   x15, 2
#1511 0 8000009c fdc42703 r 0e         f0040fec  lw       x14, -0x24(x8)
#1512 0 800000a0     97ba r 0f         f0040fec  c.add    x15, x14
#1513 0 800000a2     4384 r 09         00000001  c.lw     x9, 0x0(x15)
#1514 0 800000a4 fd842703 r 0e         00000002  lw       x14, -0x28(x8)
#1515 0 800000a8 fe842783 r 0f         00000000  lw       x15, -0x18(x8)
#1516 0 800000ac 40f707b3 r 0f         00000002  sub      x15, x14, x15
#1517 0 800000b0     17fd r 0f         00000001  c.addi   x15, -0x1
#1518 0 800000b2     85be r 0b         00000001  c.mv     x11, x15
#1519 0 800000b4 fdc42503 r 0a         f0040fec  lw       x10, -0x24(x8)
#1520 0 800000b8     3f4d r 01         800000ba  c.jal    . - 0x4e
#1521 0 8000006a     7179 r 02         f0040ec0  c.addi16sp -0x3
#1522 0 8000006c     d606 m f0040eec   800000ba  c.swsp   x1, 0x2c
#1523 0 8000006e     d422 m f0040ee8   f0040f20  c.swsp   x8, 0x28
#1524 0 80000070     d226 m f0040ee4   00000001  c.swsp   x9, 0x24
#1525 0 80000072     1800 r 08         f0040ef0  c.addi4spn  x8, 0xc
#1526 0 80000074 fca42e23 m f0040ecc   f0040fec  sw       x10, -0x24(x8)
#1527 0 80000078 fcb42c23 m f0040ec8   00000001  sw       x11, -0x28(x8)
#1528 0 8000007c fd842783 r 0f         00000001  lw       x15, -0x28(x8)
#1529 0 80000080 00f04463 r 00         00000000  blt      x0, x15, . + 0x8
#1530 0 80000088 800007b7 r 0f         80000000  lui      x15, -0x80000
#1531 0 8000008c fef42623 m f0040edc   80000000  sw       x15, -0x14(x8)
#1532 0 80000090 fe042423 m f0040ed8   00000000  sw       x0, -0x18(x8)
#1533 0 80000094     a081 r 00         00000000  c.j      . + 0x40
#1534 0 800000d4 fe842703 r 0e         00000000  lw       x14, -0x18(x8)
#1535 0 800000d8 fd842783 r 0f         00000001  lw       x15, -0x28(x8)
#1536 0 800000dc faf74de3 r 00         00000000  blt      x14, x15, . - 0x46
#1537 0 80000096 fe842783 r 0f         00000000  lw       x15, -0x18(x8)
#1538 0 8000009a     078a r 0f         00000000  c.slli   x15, 2
#1539 0 8000009c fdc42703 r 0e         f0040fec  lw       x14, -0x24(x8)
#1540 0 800000a0     97ba r 0f         f0040fec  c.add    x15, x14
#1541 0 800000a2     4384 r 09         00000001  c.lw     x9, 0x0(x15)
#1542 0 800000a4 fd842703 r 0e         00000001  lw       x14, -0x28(x8)
#1543 0 800000a8 fe842783 r 0f         00000000  lw       x15, -0x18(x8)
#1544 0 800000ac 40f707b3 r 0f         00000001  sub      x15, x14, x15
#1545 0 800000b0     17fd r 0f         00000000  c.addi   x15, -0x1
#1546 0 800000b2     85be r 0b         00000000  c.mv     x11, x15
#1547 0 800000b4 fdc42503 r 0a         f0040fec  lw       x10, -0x24(x8)
#1548 0 800000b8     3f4d r 01         800000ba  c.jal    . - 0x4e
#1549 0 8000006a     7179 r 02         f0040e90  c.addi16sp -0x3
#1550 0 8000006c     d606 m f0040ebc   800000ba  c.swsp   x1, 0x2c
#1551 0 8000006e     d422 m f0040eb8   f0040ef0  c.swsp   x8, 0x28
#1552 0 80000070     d226 m f0040eb4   00000001  c.swsp   x9, 0x24
#1553 0 80000072     1800 r 08         f0040ec0  c.addi4spn  x8, 0xc
#1554 0 80000074 fca42e23 m f0040e9c   f0040fec  sw       x10, -0x24(x8)
#1555 0 80000078 fcb42c23 m f0040e98   00000000  sw       x11, -0x28(x8)
#1556 0 8000007c fd842783 r 0f         00000000  lw       x15, -0x28(x8)
#1557 0 80000080 00f04463 r 00         00000000  blt      x0, x15, . + 0x8
#1558 0 80000084     4781 r 0f         00000000  c.li     x15, 0x0
#1559 0 80000086     a8b9 r 00         00000000  c.j      . + 0x5e
#1560 0 800000e4     853e r 0a         00000000  c.mv     x10, x15
#1561 0 800000e6     50b2 r 01         800000ba  c.lwsp   x1, 0x2c
#1562 0 800000e8     5422 r 08         f0040ef0  c.lwsp   x8, 0x28
#1563 0 800000ea     5492 r 09         00000001  c.lwsp   x9, 0x24
#1564 0 800000ec     6145 r 02         f0040ec0  c.addi16sp 0x3
#1565 0 800000ee     8082 r 00         00000000  c.jr     x1
#1566 0 800000ba     87aa r 0f         00000000  c.mv     x15, x10
#1567 0 800000bc     97a6 r 0f         00000001  c.add    x15, x9
#1568 0 800000be     85be r 0b         00000001  c.mv     x11, x15
#1569 0 800000c0 fec42503 r 0a         80000000  lw       x10, -0x14(x8)
#1570 0 800000c4     3749 r 01         800000c6  c.jal    . - 0x7e
#1571 0 80000046     1101 r 02         f0040ea0  c.addi   x2, -0x20
#1572 0 80000048     ce22 m f0040ebc   f0040ef0  c.swsp   x8, 0x1c
#1573 0 8000004a     1000 r 08         f0040ec0  c.addi4spn  x8, 0x8
#1574 0 8000004c fea42623 m f0040eac   80000000  sw       x10, -0x14(x8)
#1575 0 80000050 feb42423 m f0040ea8   00000001  sw       x11, -0x18(x8)
#1576 0 80000054 fec42703 r 0e         80000000  lw       x14, -0x14(x8)
#1577 0 80000058 fe842783 r 0f         00000001  lw       x15, -0x18(x8)
#1578 0 8000005c 00e7d363 r 00         00000000  bge      x15, x14, . + 0x6
#1579 0 80000062     853e r 0a         00000001  c.mv     x10, x15
#1580 0 80000064     4472 r 08         f0040ef0  c.lwsp   x8, 0x1c
#1581 0 80000066     6105 r 02         f0040ec0  c.addi16sp 0x2
#1582 0 80000068     8082 r 00         00000000  c.jr     x1
#1583 0 800000c6 fea42623 m f0040edc   00000001  sw       x10, -0x14(x8)
#1584 0 800000ca fe842783 r 0f         00000000  lw       x15, -0x18(x8)
#1585 0 800000ce     0785 r 0f         00000001  c.addi   x15, 0x1
#1586 0 800000d0 fef42423 m f0040ed8   00000001  sw       x15, -0x18(x8)
#1587 0 800000d4 fe842703 r 0e         00000001  lw       x14, -0x18(x8)
#1588 0 800000d8 fd842783 r 0f         00000001  lw       x15, -0x28(x8)
#1589 0 800000dc faf74de3 r 00         00000000  blt      x14, x15, . - 0x46
#1590 0 800000e0 fec42783 r 0f         00000001  lw       x15, -0x14(x8)
#1591 0 800000e4     853e r 0a         00000001  c.mv     x10, x15
#1592 0 800000e6     50b2 r 01         800000ba  c.lwsp   x1, 0x2c
#1593 0 800000e8     5422 r 08         f0040f20  c.lwsp   x8, 0x28
#1594 0 800000ea     5492 r 09         00000001  c.lwsp   x9, 0x24
#1595 0 800000ec     6145 r 02         f0040ef0  c.addi16sp 0x3
#1596 0 800000ee     8082 r 00         00000000  c.jr     x1
#1597 0 800000ba     87aa r 0f         00000001  c.mv     x15, x10
#1598 0 800000bc     97a6 r 0f         00000002  c.add    x15, x9
#1599 0 800000be     85be r 0b         00000002  c.mv     x11, x15
#1600 0 800000c0 fec42503 r 0a         80000000  lw       x10, -0x14(x8)
#1601 0 800000c4     3749 r 01         800000c6  c.jal    . - 0x7e
#1602 0 80000046     1101 r 02         f0040ed0  c.addi   x2, -0x20
#1603 0 80000048     ce22 m f0040eec   f0040f20  c.swsp   x8, 0x1c
#1604 0 8000004a     1000 r 08         f0040ef0  c.addi4spn  x8, 0x8
#1605 0 8000004c fea42623 m f0040edc   80000000  sw       x10, -0x14(x8)
#1606 0 80000050 feb42423 m f0040ed8   00000002  sw       x11, -0x18(x8)
#1607 0 80000054 fec42703 r 0e         80000000  lw       x14, -0x14(x8)
#1608 0 80000058 fe842783 r 0f         00000002  lw       x15, -0x18(x8)
#1609 0 8000005c 00e7d363 r 00         00000000  bge      x15, x14, . + 0x6
#1610 0 80000062     853e r 0a         00000002  c.mv     x10, x15
#1611 0 80000064     4472 r 08         f0040f20  c.lwsp   x8, 0x1c
#1612 0 80000066     6105 r 02         f0040ef0  c.addi16sp 0x2
#1613 0 80000068     8082 r 00         00000000  c.jr     x1
#1614 0 800000c6 fea42623 m f0040f0c   00000002  sw       x10, -0x14(x8)
#1615 0 800000ca fe842783 r 0f         00000000  lw       x15, -0x18(x8)
#1616 0 800000ce     0785 r 0f         00000001  c.addi   x15, 0x1
#1617 0 800000d0 fef42423 m f0040f08   00000001  sw       x15, -0x18(x8)
#1618 0 800000d4 fe842703 r 0e         00000001  lw       x14, -0x18(x8)
#1619 0 800000d8 fd842783 r 0f         00000002  lw       x15, -0x28(x8)
#1620 0 800000dc faf74de3 r 00         00000000  blt      x14, x15, . - 0x46
#1621 0 80000096 fe842783 r 0f         00000001  lw       x15, -0x18(x8)
#1622 0 8000009a     078a r 0f         00000004  c.slli   x15, 2
#1623 0 8000009c fdc42703 r 0e         f0040fec  lw       x14, -0x24(x8)
#1624 0 800000a0     97ba r 0f         f0040ff0  c.add    x15, x14
#1625 0 800000a2     4384 r 09         00000005  c.lw     x9, 0x0(x15)
#1626 0 800000a4 fd842703 r 0e         00000002  lw       x14, -0x28(x8)
#1627 0 800000a8 fe842783 r 0f         00000001  lw       x15, -0x18(x8)
#1628 0 800000ac 40f707b3 r 0f         00000001  sub      x15, x14, x15
#1629 0 800000b0     17fd r 0f         00000000  c.addi   x15, -0x1
#1630 0 800000b2     85be r 0b         00000000  c.mv     x11, x15
#1631 0 800000b4 fdc42503 r 0a         f0040fec  lw       x10, -0x24(x8)
#1632 0 800000b8     3f4d r 01         800000ba  c.jal    . - 0x4e
#1633 0 8000006a     7179 r 02         f0040ec0  c.addi16sp -0x3
#1634 0 8000006c     d606 m f0040eec   800000ba  c.swsp   x1, 0x2c
#1635 0 8000006e     d422 m f0040ee8   f0040f20  c.swsp   x8, 0x28
#1636 0 80000070     d226 m f0040ee4   00000005  c.swsp   x9, 0x24
#1637 0 80000072     1800 r 08         f0040ef0  c.addi4spn  x8, 0xc
#1638 0 80000074 fca42e23 m f0040ecc   f0040fec  sw       x10, -0x24(x8)
#1639 0 80000078 fcb42c23 m f0040ec8   00000000  sw       x11, -0x28(x8)
#1640 0 8000007c fd842783 r 0f         00000000  lw       x15, -0x28(x8)
#1641 0 80000080 00f04463 r 00         00000000  blt      x0, x15, . + 0x8
#1642 0 80000084     4781 r 0f         00000000  c.li     x15, 0x0
#1643 0 80000086     a8b9 r 00         00000000  c.j      . + 0x5e
#1644 0 800000e4     853e r 0a         00000000  c.mv     x10, x15
#1645 0 800000e6     50b2 r 01         800000ba  c.lwsp   x1, 0x2c
#1646 0 800000e8     5422 r 08         f0040f20  c.lwsp   x8, 0x28
#1647 0 800000ea     5492 r 09         00000005  c.lwsp   x9, 0x24
#1648 0 800000ec     6145 r 02         f0040ef0  c.addi16sp 0x3
#1649 0 800000ee     8082 r 00         00000000  c.jr     x1
#1650 0 800000ba     87aa r 0f         00000000  c.mv     x15, x10
#1651 0 800000bc     97a6 r 0f         00000005  c.add    x15, x9
#1652 0 800000be     85be r 0b         00000005  c.mv     x11, x15
#1653 0 800000c0 fec42503 r 0a         00000002  lw       x10, -0x14(x8)
#1654 0 800000c4     3749 r 01         800000c6  c.jal    . - 0x7e
#1655 0 80000046     1101 r 02         f0040ed0  c.addi   x2, -0x20
#1656 0 80000048     ce22 m f0040eec   f0040f20  c.swsp   x8, 0x1c
#1657 0 8000004a     1000 r 08         f0040ef0  c.addi4spn  x8, 0x8
#1658 0 8000004c fea42623 m f0040edc   00000002  sw       x10, -0x14(x8)
#1659 0 80000050 feb42423 m f0040ed8   00000005  sw       x11, -0x18(x8)
#1660 0 80000054 fec42703 r 0e         00000002  lw       x14, -0x14(x8)
#1661 0 80000058 fe842783 r 0f         00000005  lw       x15, -0x18(x8)
#1662 0 8000005c 00e7d363 r 00         00000000  bge      x15, x14, . + 0x6
#1663 0 80000062     853e r 0a         00000005  c.mv     x10, x15
#1664 0 80000064     4472 r 08         f0040f20  c.lwsp   x8, 0x1c
#1665 0 80000066     6105 r 02         f0040ef0  c.addi16sp 0x2
#1666 0 80000068     8082 r 00         00000000  c.jr     x1
#1667 0 800000c6 fea42623 m f0040f0c   00000005  sw       x10, -0x14(x8)
#1668 0 800000ca fe842783 r 0f         00000001  lw       x15, -0x18(x8)
#1669 0 800000ce     0785 r 0f         00000002  c.addi   x15, 0x1
#1670 0 800000d0 fef42423 m f0040f08   00000002  sw       x15, -0x18(x8)
#1671 0 800000d4 fe842703 r 0e         00000002  lw       x14, -0x18(x8)
#1672 0 800000d8 fd842783 r 0f         00000002  lw       x15, -0x28(x8)
#1673 0 800000dc faf74de3 r 00         00000000  blt      x14, x15, . - 0x46
#1674 0 800000e0 fec42783 r 0f         00000005  lw       x15, -0x14(x8)
#1675 0 800000e4     853e r 0a         00000005  c.mv     x10, x15
#1676 0 800000e6     50b2 r 01         800000ba  c.lwsp   x1, 0x2c
#1677 0 800000e8     5422 r 08         f0040f50  c.lwsp   x8, 0x28
#1678 0 800000ea     5492 r 09         00000008  c.lwsp   x9, 0x24
#1679 0 800000ec     6145 r 02         f0040f20  c.addi16sp 0x3
#1680 0 800000ee     8082 r 00         00000000  c.jr     x1
#1681 0 800000ba     87aa r 0f         00000005  c.mv     x15, x10
#1682 0 800000bc     97a6 r 0f         0000000d  c.add    x15, x9
#1683 0 800000be     85be r 0b         0000000d  c.mv     x11, x15
#1684 0 800000c0 fec42503 r 0a         0000000d  lw       x10, -0x14(x8)
#1685 0 800000c4     3749 r 01         800000c6  c.jal    . - 0x7e
#1686 0 80000046     1101 r 02         f0040f00  c.addi   x2, -0x20
#1687 0 80000048     ce22 m f0040f1c   f0040f50  c.swsp   x8, 0x1c
#1688 0 8000004a     1000 r 08         f0040f20  c.addi4spn  x8, 0x8
#1689 0 8000004c fea42623 m f0040f0c   0000000d  sw       x10, -0x14(x8)
#1690 0 80000050 feb42423 m f0040f08   0000000d  sw       x11, -0x18(x8)
#1691 0 80000054 fec42703 r 0e         0000000d  lw       x14, -0x14(x8)
#1692 0 80000058 fe842783 r 0f         0000000d  lw       x15, -0x18(x8)
#1693 0 8000005c 00e7d363 r 00         00000000  bge      x15, x14, . + 0x6
#1694 0 80000062     853e r 0a         0000000d  c.mv     x10, x15
#1695 0 80000064     4472 r 08         f0040f50  c.lwsp   x8, 0x1c
#1696 0 80000066     6105 r 02         f0040f20  c.addi16sp 0x2
#1697 0 80000068     8082 r 00         00000000  c.jr     x1
#1698 0 800000c6 fea42623 m f0040f3c   0000000d  sw       x10, -0x14(x8)
#1699 0 800000ca fe842783 r 0f         00000002  lw       x15, -0x18(x8)
#1700 0 800000ce     0785 r 0f         00000003  c.addi   x15, 0x1
#1701 0 800000d0 fef42423 m f0040f38   00000003  sw       x15, -0x18(x8)
#1702 0 800000d4 fe842703 r 0e         00000003  lw       x14, -0x18(x8)
#1703 0 800000d8 fd842783 r 0f         00000005  lw       x15, -0x28(x8)
#1704 0 800000dc faf74de3 r 00         00000000  blt      x14, x15, . - 0x46
#1705 0 80000096 fe842783 r 0f         00000003  lw       x15, -0x18(x8)
#1706 0 8000009a     078a r 0f         0000000c  c.slli   x15, 2
#1707 0 8000009c fdc42703 r 0e         f0040fec  lw       x14, -0x24(x8)
#1708 0 800000a0     97ba r 0f         f0040ff8  c.add    x15, x14
#1709 0 800000a2     4384 r 09         00000009  c.lw     x9, 0x0(x15)
#1710 0 800000a4 fd842703 r 0e         00000005  lw       x14, -0x28(x8)
#1711 0 800000a8 fe842783 r 0f         00000003  lw       x15, -0x18(x8)
#1712 0 800000ac 40f707b3 r 0f         00000002  sub      x15, x14, x15
#1713 0 800000b0     17fd r 0f         00000001  c.addi   x15, -0x1
#1714 0 800000b2     85be r 0b         00000001  c.mv     x11, x15
#1715 0 800000b4 fdc42503 r 0a         f0040fec  lw       x10, -0x24(x8)
#1716 0 800000b8     3f4d r 01         800000ba  c.jal    . - 0x4e
#1717 0 8000006a     7179 r 02         f0040ef0  c.addi16sp -0x3
#1718 0 8000006c     d606 m f0040f1c   800000ba  c.swsp   x1, 0x2c
#1719 0 8000006e     d422 m f0040f18   f0040f50  c.swsp   x8, 0x28
#1720 0 80000070     d226 m f0040f14   00000009  c.swsp   x9, 0x24
#1721 0 80000072     1800 r 08         f0040f20  c.addi4spn  x8, 0xc
#1722 0 80000074 fca42e23 m f0040efc   f0040fec  sw       x10, -0x24(x8)
#1723 0 80000078 fcb42c23 m f0040ef8   00000001  sw       x11, -0x28(x8)
#1724 0 8000007c fd842783 r 0f         00000001  lw       x15, -0x28(x8)
#1725 0 80000080 00f04463 r 00         00000000  blt      x0, x15, . + 0x8
#1726 0 80000088 800007b7 r 0f         80000000  lui      x15, -0x80000
#1727 0 8000008c fef42623 m f0040f0c   80000000  sw       x15, -0x14(x8)
#1728 0 80000090 fe042423 m f0040f08   00000000  sw       x0, -0x18(x8)
#1729 0 80000094     a081 r 00         00000000  c.j      . + 0x40
#1730 0 800000d4 fe842703 r 0e         00000000  lw       x14, -0x18(x8)
#1731 0 800000d8 fd842783 r 0f         00000001  lw       x15, -0x28(x8)
#1732 0 800000dc faf74de3 r 00         00000000  blt      x14, x15, . - 0x46
#1733 0 80000096 fe842783 r 0f         00000000  lw       x15, -0x18(x8)
#1734 0 8000009a     078a r 0f         00000000  c.slli   x15, 2
#1735 0 8000009c fdc42703 r 0e         f0040fec  lw       x14, -0x24(x8)
#1736 0 800000a0     97ba r 0f         f0040fec  c.add    x15, x14
#1737 0 800000a2     4384 r 09         00000001  c.lw     x9, 0x0(x15)
#1738 0 800000a4 fd842703 r 0e         00000001  lw       x14, -0x28(x8)
#1739 0 800000a8 fe842783 r 0f         00000000  lw       x15, -0x18(x8)
#1740 0 800000ac 40f707b3 r 0f         00000001  sub      x15, x14, x15
#1741 0 800000b0     17fd r 0f         00000000  c.addi   x15, -0x1
#1742 0 800000b2     85be r 0b         00000000  c.mv     x11, x15
#1743 0 800000b4 fdc42503 r 0a         f0040fec  lw       x10, -0x24(x8)
#1744 0 800000b8     3f4d r 01         800000ba  c.jal    . - 0x4e
#1745 0 8000006a     7179 r 02         f0040ec0  c.addi16sp -0x3
#1746 0 8000006c     d606 m f0040eec   800000ba  c.swsp   x1, 0x2c
#1747 0 8000006e     d422 m f0040ee8   f0040f20  c.swsp   x8, 0x28
#1748 0 80000070     d226 m f0040ee4   00000001  c.swsp   x9, 0x24
#1749 0 80000072     1800 r 08         f0040ef0  c.addi4spn  x8, 0xc
#1750 0 80000074 fca42e23 m f0040ecc   f0040fec  sw       x10, -0x24(x8)
#1751 0 80000078 fcb42c23 m f0040ec8   00000000  sw       x11, -0x28(x8)
#1752 0 8000007c fd842783 r 0f         00000000  lw       x15, -0x28(x8)
#1753 0 80000080 00f04463 r 00         00000000  blt      x0, x15, . + 0x8
#1754 0 80000084     4781 r 0f         00000000  c.li     x15, 0x0
#1755 0 80000086     a8b9 r 00         00000000  c.j      . + 0x5e
#1756 0 800000e4     853e r 0a         00000000  c.mv     x10, x15
#1757 0 800000e6     50b2 r 01         800000ba  c.lwsp   x1, 0x2c
#1758 0 800000e8     5422 r 08         f0040f20  c.lwsp   x8, 0x28
#1759 0 800000ea     5492 r 09         00000001  c.lwsp   x9, 0x24
#1760 0 800000ec     6145 r 02         f0040ef0  c.addi16sp 0x3
#1761 0 800000ee     8082 r 00         00000000  c.jr     x1
#1762 0 800000ba     87aa r 0f         00000000  c.mv     x15, x10
#1763 0 800000bc     97a6 r 0f         00000001  c.add    x15, x9
#1764 0 800000be     85be r 0b         00000001  c.mv     x11, x15
#1765 0 800000c0 fec42503 r 0a         80000000  lw       x10, -0x14(x8)
#1766 0 800000c4     3749 r 01         800000c6  c.jal    . - 0x7e
#1767 0 80000046     1101 r 02         f0040ed0  c.addi   x2, -0x20
#1768 0 80000048     ce22 m f0040eec   f0040f20  c.swsp   x8, 0x1c
#1769 0 8000004a     1000 r 08         f0040ef0  c.addi4spn  x8, 0x8
#1770 0 8000004c fea42623 m f0040edc   80000000  sw       x10, -0x14(x8)
#1771 0 80000050 feb42423 m f0040ed8   00000001  sw       x11, -0x18(x8)
#1772 0 80000054 fec42703 r 0e         80000000  lw       x14, -0x14(x8)
#1773 0 80000058 fe842783 r 0f         00000001  lw       x15, -0x18(x8)
#1774 0 8000005c 00e7d363 r 00         00000000  bge      x15, x14, . + 0x6
#1775 0 80000062     853e r 0a         00000001  c.mv     x10, x15
#1776 0 80000064     4472 r 08         f0040f20  c.lwsp   x8, 0x1c
#1777 0 80000066     6105 r 02         f0040ef0  c.addi16sp 0x2
#1778 0 80000068     8082 r 00         00000000  c.jr     x1
#1779 0 800000c6 fea42623 m f0040f0c   00000001  sw       x10, -0x14(x8)
#1780 0 800000ca fe842783 r 0f         00000000  lw       x15, -0x18(x8)
#1781 0 800000ce     0785 r 0f         00000001  c.addi   x15, 0x1
#1782 0 800000d0 fef42423 m f0040f08   00000001  sw       x15, -0x18(x8)
#1783 0 800000d4 fe842703 r 0e         00000001  lw       x14, -0x18(x8)
#1784 0 800000d8 fd842783 r 0f         00000001  lw       x15, -0x28(x8)
#1785 0 800000dc faf74de3 r 00         00000000  blt      x14, x15, . - 0x46
#1786 0 800000e0 fec42783 r 0f         00000001  lw       x15, -0x14(x8)
#1787 0 800000e4     853e r 0a         00000001  c.mv     x10, x15
#1788 0 800000e6     50b2 r 01         800000ba  c.lwsp   x1, 0x2c
#1789 0 800000e8     5422 r 08         f0040f50  c.lwsp   x8, 0x28
#1790 0 800000ea     5492 r 09         00000009  c.lwsp   x9, 0x24
#1791 0 800000ec     6145 r 02         f0040f20  c.addi16sp 0x3
#1792 0 800000ee     8082 r 00         00000000  c.jr     x1
#1793 0 800000ba     87aa r 0f         00000001  c.mv     x15, x10
#1794 0 800000bc     97a6 r 0f         0000000a  c.add    x15, x9
#1795 0 800000be     85be r 0b         0000000a  c.mv     x11, x15
#1796 0 800000c0 fec42503 r 0a         0000000d  lw       x10, -0x14(x8)
#1797 0 800000c4     3749 r 01         800000c6  c.jal    . - 0x7e
#1798 0 80000046     1101 r 02         f0040f00  c.addi   x2, -0x20
#1799 0 80000048     ce22 m f0040f1c   f0040f50  c.swsp   x8, 0x1c
#1800 0 8000004a     1000 r 08         f0040f20  c.addi4spn  x8, 0x8
#1801 0 8000004c fea42623 m f0040f0c   0000000d  sw       x10, -0x14(x8)
#1802 0 80000050 feb42423 m f0040f08   0000000a  sw       x11, -0x18(x8)
#1803 0 80000054 fec42703 r 0e         0000000d  lw       x14, -0x14(x8)
#1804 0 80000058 fe842783 r 0f         0000000a  lw       x15, -0x18(x8)
#1805 0 8000005c 00e7d363 r 00         00000000  bge      x15, x14, . + 0x6
#1806 0 80000060     87ba r 0f         0000000d  c.mv     x15, x14
#1807 0 80000062     853e r 0a         0000000d  c.mv     x10, x15
#1808 0 80000064     4472 r 08         f0040f50  c.lwsp   x8, 0x1c
#1809 0 80000066     6105 r 02         f0040f20  c.addi16sp 0x2
#1810 0 80000068     8082 r 00         00000000  c.jr     x1
#1811 0 800000c6 fea42623 m f0040f3c   0000000d  sw       x10, -0x14(x8)
#1812 0 800000ca fe842783 r 0f         00000003  lw       x15, -0x18(x8)
#1813 0 800000ce     0785 r 0f         00000004  c.addi   x15, 0x1
#1814 0 800000d0 fef42423 m f0040f38   00000004  sw       x15, -0x18(x8)
#1815 0 800000d4 fe842703 r 0e         00000004  lw       x14, -0x18(x8)
#1816 0 800000d8 fd842783 r 0f         00000005  lw       x15, -0x28(x8)
#1817 0 800000dc faf74de3 r 00         00000000  blt      x14, x15, . - 0x46
#1818 0 80000096 fe842783 r 0f         00000004  lw       x15, -0x18(x8)
#1819 0 8000009a     078a r 0f         00000010  c.slli   x15, 2
#1820 0 8000009c fdc42703 r 0e         f0040fec  lw       x14, -0x24(x8)
#1821 0 800000a0     97ba r 0f         f0040ffc  c.add    x15, x14
#1822 0 800000a2     4384 r 09         0000000a  c.lw     x9, 0x0(x15)
#1823 0 800000a4 fd842703 r 0e         00000005  lw       x14, -0x28(x8)
#1824 0 800000a8 fe842783 r 0f         00000004  lw       x15, -0x18(x8)
#1825 0 800000ac 40f707b3 r 0f         00000001  sub      x15, x14, x15
#1826 0 800000b0     17fd r 0f         00000000  c.addi   x15, -0x1
#1827 0 800000b2     85be r 0b         00000000  c.mv     x11, x15
#1828 0 800000b4 fdc42503 r 0a         f0040fec  lw       x10, -0x24(x8)
#1829 0 800000b8     3f4d r 01         800000ba  c.jal    . - 0x4e
#1830 0 8000006a     7179 r 02         f0040ef0  c.addi16sp -0x3
#1831 0 8000006c     d606 m f0040f1c   800000ba  c.swsp   x1, 0x2c
#1832 0 8000006e     d422 m f0040f18   f0040f50  c.swsp   x8, 0x28
#1833 0 80000070     d226 m f0040f14   0000000a  c.swsp   x9, 0x24
#1834 0 80000072     1800 r 08         f0040f20  c.addi4spn  x8, 0xc
#1835 0 80000074 fca42e23 m f0040efc   f0040fec  sw       x10, -0x24(x8)
#1836 0 80000078 fcb42c23 m f0040ef8   00000000  sw       x11, -0x28(x8)
#1837 0 8000007c fd842783 r 0f         00000000  lw       x15, -0x28(x8)
#1838 0 80000080 00f04463 r 00         00000000  blt      x0, x15, . + 0x8
#1839 0 80000084     4781 r 0f         00000000  c.li     x15, 0x0
#1840 0 80000086     a8b9 r 00         00000000  c.j      . + 0x5e
#1841 0 800000e4     853e r 0a         00000000  c.mv     x10, x15
#1842 0 800000e6     50b2 r 01         800000ba  c.lwsp   x1, 0x2c
#1843 0 800000e8     5422 r 08         f0040f50  c.lwsp   x8, 0x28
#1844 0 800000ea     5492 r 09         0000000a  c.lwsp   x9, 0x24
#1845 0 800000ec     6145 r 02         f0040f20  c.addi16sp 0x3
#1846 0 800000ee     8082 r 00         00000000  c.jr     x1
#1847 0 800000ba     87aa r 0f         00000000  c.mv     x15, x10
#1848 0 800000bc     97a6 r 0f         0000000a  c.add    x15, x9
#1849 0 800000be     85be r 0b         0000000a  c.mv     x11, x15
#1850 0 800000c0 fec42503 r 0a         0000000d  lw       x10, -0x14(x8)
#1851 0 800000c4     3749 r 01         800000c6  c.jal    . - 0x7e
#1852 0 80000046     1101 r 02         f0040f00  c.addi   x2, -0x20
#1853 0 80000048     ce22 m f0040f1c   f0040f50  c.swsp   x8, 0x1c
#1854 0 8000004a     1000 r 08         f0040f20  c.addi4spn  x8, 0x8
#1855 0 8000004c fea42623 m f0040f0c   0000000d  sw       x10, -0x14(x8)
#1856 0 80000050 feb42423 m f0040f08   0000000a  sw       x11, -0x18(x8)
#1857 0 80000054 fec42703 r 0e         0000000d  lw       x14, -0x14(x8)
#1858 0 80000058 fe842783 r 0f         0000000a  lw       x15, -0x18(x8)
#1859 0 8000005c 00e7d363 r 00         00000000  bge      x15, x14, . + 0x6
#1860 0 80000060     87ba r 0f         0000000d  c.mv     x15, x14
#1861 0 80000062     853e r 0a         0000000d  c.mv     x10, x15
#1862 0 80000064     4472 r 08         f0040f50  c.lwsp   x8, 0x1c
#1863 0 80000066     6105 r 02         f0040f20  c.addi16sp 0x2
#1864 0 80000068     8082 r 00         00000000  c.jr     x1
#1865 0 800000c6 fea42623 m f0040f3c   0000000d  sw       x10, -0x14(x8)
#1866 0 800000ca fe842783 r 0f         00000004  lw       x15, -0x18(x8)
#1867 0 800000ce     0785 r 0f         00000005  c.addi   x15, 0x1
#1868 0 800000d0 fef42423 m f0040f38   00000005  sw       x15, -0x18(x8)
#1869 0 800000d4 fe842703 r 0e         00000005  lw       x14, -0x18(x8)
#1870 0 800000d8 fd842783 r 0f         00000005  lw       x15, -0x28(x8)
#1871 0 800000dc faf74de3 r 00         00000000  blt      x14, x15, . - 0x46
#1872 0 800000e0 fec42783 r 0f         0000000d  lw       x15, -0x14(x8)
#1873 0 800000e4     853e r 0a         0000000d  c.mv     x10, x15
#1874 0 800000e6     50b2 r 01         800000ba  c.lwsp   x1, 0x2c
#1875 0 800000e8     5422 r 08         f0040f80  c.lwsp   x8, 0x28
#1876 0 800000ea     5492 r 09         00000001  c.lwsp   x9, 0x24
#1877 0 800000ec     6145 r 02         f0040f50  c.addi16sp 0x3
#1878 0 800000ee     8082 r 00         00000000  c.jr     x1
#1879 0 800000ba     87aa r 0f         0000000d  c.mv     x15, x10
#1880 0 800000bc     97a6 r 0f         0000000e  c.add    x15, x9
#1881 0 800000be     85be r 0b         0000000e  c.mv     x11, x15
#1882 0 800000c0 fec42503 r 0a         80000000  lw       x10, -0x14(x8)
#1883 0 800000c4     3749 r 01         800000c6  c.jal    . - 0x7e
#1884 0 80000046     1101 r 02         f0040f30  c.addi   x2, -0x20
#1885 0 80000048     ce22 m f0040f4c   f0040f80  c.swsp   x8, 0x1c
#1886 0 8000004a     1000 r 08         f0040f50  c.addi4spn  x8, 0x8
#1887 0 8000004c fea42623 m f0040f3c   80000000  sw       x10, -0x14(x8)
#1888 0 80000050 feb42423 m f0040f38   0000000e  sw       x11, -0x18(x8)
#1889 0 80000054 fec42703 r 0e         80000000  lw       x14, -0x14(x8)
#1890 0 80000058 fe842783 r 0f         0000000e  lw       x15, -0x18(x8)
#1891 0 8000005c 00e7d363 r 00         00000000  bge      x15, x14, . + 0x6
#1892 0 80000062     853e r 0a         0000000e  c.mv     x10, x15
#1893 0 80000064     4472 r 08         f0040f80  c.lwsp   x8, 0x1c
#1894 0 80000066     6105 r 02         f0040f50  c.addi16sp 0x2
#1895 0 80000068     8082 r 00         00000000  c.jr     x1
#1896 0 800000c6 fea42623 m f0040f6c   0000000e  sw       x10, -0x14(x8)
#1897 0 800000ca fe842783 r 0f         00000000  lw       x15, -0x18(x8)
#1898 0 800000ce     0785 r 0f         00000001  c.addi   x15, 0x1
#1899 0 800000d0 fef42423 m f0040f68   00000001  sw       x15, -0x18(x8)
#1900 0 800000d4 fe842703 r 0e         00000001  lw       x14, -0x18(x8)
#1901 0 800000d8 fd842783 r 0f         00000006  lw       x15, -0x28(x8)
#1902 0 800000dc faf74de3 r 00         00000000  blt      x14, x15, . - 0x46
#1903 0 80000096 fe842783 r 0f         00000001  lw       x15, -0x18(x8)
#1904 0 8000009a     078a r 0f         00000004  c.slli   x15, 2
#1905 0 8000009c fdc42703 r 0e         f0040fec  lw       x14, -0x24(x8)
#1906 0 800000a0     97ba r 0f         f0040ff0  c.add    x15, x14
#1907 0 800000a2     4384 r 09         00000005  c.lw     x9, 0x0(x15)
#1908 0 800000a4 fd842703 r 0e         00000006  lw       x14, -0x28(x8)
#1909 0 800000a8 fe842783 r 0f         00000001  lw       x15, -0x18(x8)
#1910 0 800000ac 40f707b3 r 0f         00000005  sub      x15, x14, x15
#1911 0 800000b0     17fd r 0f         00000004  c.addi   x15, -0x1
#1912 0 800000b2     85be r 0b         00000004  c.mv     x11, x15
#1913 0 800000b4 fdc42503 r 0a         f0040fec  lw       x10, -0x24(x8)
#1914 0 800000b8     3f4d r 01         800000ba  c.jal    . - 0x4e
#1915 0 8000006a     7179 r 02         f0040f20  c.addi16sp -0x3
#1916 0 8000006c     d606 m f0040f4c   800000ba  c.swsp   x1, 0x2c
#1917 0 8000006e     d422 m f0040f48   f0040f80  c.swsp   x8, 0x28
#1918 0 80000070     d226 m f0040f44   00000005  c.swsp   x9, 0x24
#1919 0 80000072     1800 r 08         f0040f50  c.addi4spn  x8, 0xc
#1920 0 80000074 fca42e23 m f0040f2c   f0040fec  sw       x10, -0x24(x8)
#1921 0 80000078 fcb42c23 m f0040f28   00000004  sw       x11, -0x28(x8)
#1922 0 8000007c fd842783 r 0f         00000004  lw       x15, -0x28(x8)
#1923 0 80000080 00f04463 r 00         00000000  blt      x0, x15, . + 0x8
#1924 0 80000088 800007b7 r 0f         80000000  lui      x15, -0x80000
#1925 0 8000008c fef42623 m f0040f3c   80000000  sw       x15, -0x14(x8)
#1926 0 80000090 fe042423 m f0040f38   00000000  sw       x0, -0x18(x8)
#1927 0 80000094     a081 r 00         00000000  c.j      . + 0x40
#1928 0 800000d4 fe842703 r 0e         00000000  lw       x14, -0x18(x8)
#1929 0 800000d8 fd842783 r 0f         00000004  lw       x15, -0x28(x8)
#1930 0 800000dc faf74de3 r 00         00000000  blt      x14, x15, . - 0x46
#1931 0 80000096 fe842783 r 0f         00000000  lw       x15, -0x18(x8)
#1932 0 8000009a     078a r 0f         00000000  c.slli   x15, 2
#1933 0 8000009c fdc42703 r 0e         f0040fec  lw       x14, -0x24(x8)
#1934 0 800000a0     97ba r 0f         f0040fec  c.add    x15, x14
#1935 0 800000a2     4384 r 09         00000001  c.lw     x9, 0x0(x15)
#1936 0 800000a4 fd842703 r 0e         00000004  lw       x14, -0x28(x8)
#1937 0 800000a8 fe842783 r 0f         00000000  lw       x15, -0x18(x8)
#1938 0 800000ac 40f707b3 r 0f         00000004  sub      x15, x14, x15
#1939 0 800000b0     17fd r 0f         00000003  c.addi   x15, -0x1
#1940 0 800000b2     85be r 0b         00000003  c.mv     x11, x15
#1941 0 800000b4 fdc42503 r 0a         f0040fec  lw       x10, -0x24(x8)
#1942 0 800000b8     3f4d r 01         800000ba  c.jal    . - 0x4e
#1943 0 8000006a     7179 r 02         f0040ef0  c.addi16sp -0x3
#1944 0 8000006c     d606 m f0040f1c   800000ba  c.swsp   x1, 0x2c
#1945 0 8000006e     d422 m f0040f18   f0040f50  c.swsp   x8, 0x28
#1946 0 80000070     d226 m f0040f14   00000001  c.swsp   x9, 0x24
#1947 0 80000072     1800 r 08         f0040f20  c.addi4spn  x8, 0xc
#1948 0 80000074 fca42e23 m f0040efc   f0040fec  sw       x10, -0x24(x8)
#1949 0 80000078 fcb42c23 m f0040ef8   00000003  sw       x11, -0x28(x8)
#1950 0 8000007c fd842783 r 0f         00000003  lw       x15, -0x28(x8)
#1951 0 80000080 00f04463 r 00         00000000  blt      x0, x15, . + 0x8
#1952 0 80000088 800007b7 r 0f         80000000  lui      x15, -0x80000
#1953 0 8000008c fef42623 m f0040f0c   80000000  sw       x15, -0x14(x8)
#1954 0 80000090 fe042423 m f0040f08   00000000  sw       x0, -0x18(x8)
#1955 0 80000094     a081 r 00         00000000  c.j      . + 0x40
#1956 0 800000d4 fe842703 r 0e         00000000  lw       x14, -0x18(x8)
#1957 0 800000d8 fd842783 r 0f         00000003  lw       x15, -0x28(x8)
#1958 0 800000dc faf74de3 r 00         00000000  blt      x14, x15, . - 0x46
#1959 0 80000096 fe842783 r 0f         00000000  lw       x15, -0x18(x8)
#1960 0 8000009a     078a r 0f         00000000  c.slli   x15, 2
#1961 0 8000009c fdc42703 r 0e         f0040fec  lw       x14, -0x24(x8)
#1962 0 800000a0     97ba r 0f         f0040fec  c.add    x15, x14
#1963 0 800000a2     4384 r 09         00000001  c.lw     x9, 0x0(x15)
#1964 0 800000a4 fd842703 r 0e         00000003  lw       x14, -0x28(x8)
#1965 0 800000a8 fe842783 r 0f         00000000  lw       x15, -0x18(x8)
#1966 0 800000ac 40f707b3 r 0f         00000003  sub      x15, x14, x15
#1967 0 800000b0     17fd r 0f         00000002  c.addi   x15, -0x1
#1968 0 800000b2     85be r 0b         00000002  c.mv     x11, x15
#1969 0 800000b4 fdc42503 r 0a         f0040fec  lw       x10, -0x24(x8)
#1970 0 800000b8     3f4d r 01         800000ba  c.jal    . - 0x4e
#1971 0 8000006a     7179 r 02         f0040ec0  c.addi16sp -0x3
#1972 0 8000006c     d606 m f0040eec   800000ba  c.swsp   x1, 0x2c
#1973 0 8000006e     d422 m f0040ee8   f0040f20  c.swsp   x8, 0x28
#1974 0 80000070     d226 m f0040ee4   00000001  c.swsp   x9, 0x24
#1975 0 80000072     1800 r 08         f0040ef0  c.addi4spn  x8, 0xc
#1976 0 80000074 fca42e23 m f0040ecc   f0040fec  sw       x10, -0x24(x8)
#1977 0 80000078 fcb42c23 m f0040ec8   00000002  sw       x11, -0x28(x8)
#1978 0 8000007c fd842783 r 0f         00000002  lw       x15, -0x28(x8)
#1979 0 80000080 00f04463 r 00         00000000  blt      x0, x15, . + 0x8
#1980 0 80000088 800007b7 r 0f         80000000  lui      x15, -0x80000
#1981 0 8000008c fef42623 m f0040edc   80000000  sw       x15, -0x14(x8)
#1982 0 80000090 fe042423 m f0040ed8   00000000  sw       x0, -0x18(x8)
#1983 0 80000094     a081 r 00         00000000  c.j      . + 0x40
#1984 0 800000d4 fe842703 r 0e         00000000  lw       x14, -0x18(x8)
#1985 0 800000d8 fd842783 r 0f         00000002  lw       x15, -0x28(x8)
#1986 0 800000dc faf74de3 r 00         00000000  blt      x14, x15, . - 0x46
#1987 0 80000096 fe842783 r 0f         00000000  lw       x15, -0x18(x8)
#1988 0 8000009a     078a r 0f         00000000  c.slli   x15, 2
#1989 0 8000009c fdc42703 r 0e         f0040fec  lw       x14, -0x24(x8)
#1990 0 800000a0     97ba r 0f         f0040fec  c.add    x15, x14
#1991 0 800000a2     4384 r 09         00000001  c.lw     x9, 0x0(x15)
#1992 0 800000a4 fd842703 r 0e         00000002  lw       x14, -0x28(x8)
#1993 0 800000a8 fe842783 r 0f         00000000  lw       x15, -0x18(x8)
#1994 0 800000ac 40f707b3 r 0f         00000002  sub      x15, x14, x15
#1995 0 800000b0     17fd r 0f         00000001  c.addi   x15, -0x1
#1996 0 800000b2     85be r 0b         00000001  c.mv     x11, x15
#1997 0 800000b4 fdc42503 r 0a         f0040fec  lw       x10, -0x24(x8)
#1998 0 800000b8     3f4d r 01         800000ba  c.jal    . - 0x4e
#1999 0 8000006a     7179 r 02         f0040e90  c.addi16sp -0x3
#2000 0 8000006c     d606 m f0040ebc   800000ba  c.swsp   x1, 0x2c
#2001 0 8000006e     d422 m f0040eb8   f0040ef0  c.swsp   x8, 0x28
#2002 0 80000070     d226 m f0040eb4   00000001  c.swsp   x9, 0x24
#2003 0 80000072     1800 r 08         f0040ec0  c.addi4spn  x8, 0xc
#2004 0 80000074 fca42e23 m f0040e9c   f0040fec  sw       x10, -0x24(x8)
#2005 0 80000078 fcb42c23 m f0040e98   00000001  sw       x11, -0x28(x8)
#2006 0 8000007c fd842783 r 0f         00000001  lw       x15, -0x28(x8)
#2007 0 80000080 00f04463 r 00         00000000  blt      x0, x15, . + 0x8
#2008 0 80000088 800007b7 r 0f         80000000  lui      x15, -0x80000
#2009 0 8000008c fef42623 m f0040eac   80000000  sw       x15, -0x14(x8)
#2010 0 80000090 fe042423 m f0040ea8   00000000  sw       x0, -0x18(x8)
#2011 0 80000094     a081 r 00         00000000  c.j      . + 0x40
#2012 0 800000d4 fe842703 r 0e         00000000  lw       x14, -0x18(x8)
#2013 0 800000d8 fd842783 r 0f         00000001  lw       x15, -0x28(x8)
#2014 0 800000dc faf74de3 r 00         00000000  blt      x14, x15, . - 0x46
#2015 0 80000096 fe842783 r 0f         00000000  lw       x15, -0x18(x8)
#2016 0 8000009a     078a r 0f         00000000  c.slli   x15, 2
#2017 0 8000009c fdc42703 r 0e         f0040fec  lw       x14, -0x24(x8)
#2018 0 800000a0     97ba r 0f         f0040fec  c.add    x15, x14
#2019 0 800000a2     4384 r 09         00000001  c.lw     x9, 0x0(x15)
#2020 0 800000a4 fd842703 r 0e         00000001  lw       x14, -0x28(x8)
#2021 0 800000a8 fe842783 r 0f         00000000  lw       x15, -0x18(x8)
#2022 0 800000ac 40f707b3 r 0f         00000001  sub      x15, x14, x15
#2023 0 800000b0     17fd r 0f         00000000  c.addi   x15, -0x1
#2024 0 800000b2     85be r 0b         00000000  c.mv     x11, x15
#2025 0 800000b4 fdc42503 r 0a         f0040fec  lw       x10, -0x24(x8)
#2026 0 800000b8     3f4d r 01         800000ba  c.jal    . - 0x4e
#2027 0 8000006a     7179 r 02         f0040e60  c.addi16sp -0x3
#2028 0 8000006c     d606 m f0040e8c   800000ba  c.swsp   x1, 0x2c
#2029 0 8000006e     d422 m f0040e88   f0040ec0  c.swsp   x8, 0x28
#2030 0 80000070     d226 m f0040e84   00000001  c.swsp   x9, 0x24
#2031 0 80000072     1800 r 08         f0040e90  c.addi4spn  x8, 0xc
#2032 0 80000074 fca42e23 m f0040e6c   f0040fec  sw       x10, -0x24(x8)
#2033 0 80000078 fcb42c23 m f0040e68   00000000  sw       x11, -0x28(x8)
#2034 0 8000007c fd842783 r 0f         00000000  lw       x15, -0x28(x8)
#2035 0 80000080 00f04463 r 00         00000000  blt      x0, x15, . + 0x8
#2036 0 80000084     4781 r 0f         00000000  c.li     x15, 0x0
#2037 0 80000086     a8b9 r 00         00000000  c.j      . + 0x5e
#2038 0 800000e4     853e r 0a         00000000  c.mv     x10, x15
#2039 0 800000e6     50b2 r 01         800000ba  c.lwsp   x1, 0x2c
#2040 0 800000e8     5422 r 08         f0040ec0  c.lwsp   x8, 0x28
#2041 0 800000ea     5492 r 09         00000001  c.lwsp   x9, 0x24
#2042 0 800000ec     6145 r 02         f0040e90  c.addi16sp 0x3
#2043 0 800000ee     8082 r 00         00000000  c.jr     x1
#2044 0 800000ba     87aa r 0f         00000000  c.mv     x15, x10
#2045 0 800000bc     97a6 r 0f         00000001  c.add    x15, x9
#2046 0 800000be     85be r 0b         00000001  c.mv     x11, x15
#2047 0 800000c0 fec42503 r 0a         80000000  lw       x10, -0x14(x8)
#2048 0 800000c4     3749 r 01         800000c6  c.jal    . - 0x7e
#2049 0 80000046     1101 r 02         f0040e70  c.addi   x2, -0x20
#2050 0 80000048     ce22 m f0040e8c   f0040ec0  c.swsp   x8, 0x1c
#2051 0 8000004a     1000 r 08         f0040e90  c.addi4spn  x8, 0x8
#2052 0 8000004c fea42623 m f0040e7c   80000000  sw       x10, -0x14(x8)
#2053 0 80000050 feb42423 m f0040e78   00000001  sw       x11, -0x18(x8)
#2054 0 80000054 fec42703 r 0e         80000000  lw       x14, -0x14(x8)
#2055 0 80000058 fe842783 r 0f         00000001  lw       x15, -0x18(x8)
#2056 0 8000005c 00e7d363 r 00         00000000  bge      x15, x14, . + 0x6
#2057 0 80000062     853e r 0a         00000001  c.mv     x10, x15
#2058 0 80000064     4472 r 08         f0040ec0  c.lwsp   x8, 0x1c
#2059 0 80000066     6105 r 02         f0040e90  c.addi16sp 0x2
#2060 0 80000068     8082 r 00         00000000  c.jr     x1
#2061 0 800000c6 fea42623 m f0040eac   00000001  sw       x10, -0x14(x8)
#2062 0 800000ca fe842783 r 0f         00000000  lw       x15, -0x18(x8)
#2063 0 800000ce     0785 r 0f         00000001  c.addi   x15, 0x1
#2064 0 800000d0 fef42423 m f0040ea8   00000001  sw       x15, -0x18(x8)
#2065 0 800000d4 fe842703 r 0e         00000001  lw       x14, -0x18(x8)
#2066 0 800000d8 fd842783 r 0f         00000001  lw       x15, -0x28(x8)
#2067 0 800000dc faf74de3 r 00         00000000  blt      x14, x15, . - 0x46
#2068 0 800000e0 fec42783 r 0f         00000001  lw       x15, -0x14(x8)
#2069 0 800000e4     853e r 0a         00000001  c.mv     x10, x15
#2070 0 800000e6     50b2 r 01         800000ba  c.lwsp   x1, 0x2c
#2071 0 800000e8     5422 r 08         f0040ef0  c.lwsp   x8, 0x28
#2072 0 800000ea     5492 r 09         00000001  c.lwsp   x9, 0x24
#2073 0 800000ec     6145 r 02         f0040ec0  c.addi16sp 0x3
#2074 0 800000ee     8082 r 00         00000000  c.jr     x1
#2075 0 800000ba     87aa r 0f         00000001  c.mv     x15, x10
#2076 0 800000bc     97a6 r 0f         00000002  c.add    x15, x9
#2077 0 800000be     85be r 0b         00000002  c.mv     x11, x15
#2078 0 800000c0 fec42503 r 0a         80000000  lw       x10, -0x14(x8)
#2079 0 800000c4     3749 r 01         800000c6  c.jal    . - 0x7e
#2080 0 80000046     1101 r 02         f0040ea0  c.addi   x2, -0x20
#2081 0 80000048     ce22 m f0040ebc   f0040ef0  c.swsp   x8, 0x1c
#2082 0 8000004a     1000 r 08         f0040ec0  c.addi4spn  x8, 0x8
#2083 0 8000004c fea42623 m f0040eac   80000000  sw       x10, -0x14(x8)
#2084 0 80000050 feb42423 m f0040ea8   00000002  sw       x11, -0x18(x8)
#2085 0 80000054 fec42703 r 0e         80000000  lw       x14, -0x14(x8)
#2086 0 80000058 fe842783 r 0f         00000002  lw       x15, -0x18(x8)
#2087 0 8000005c 00e7d363 r 00         00000000  bge      x15, x14, . + 0x6
#2088 0 80000062     853e r 0a         00000002  c.mv     x10, x15
#2089 0 80000064     4472 r 08         f0040ef0  c.lwsp   x8, 0x1c
#2090 0 80000066     6105 r 02         f0040ec0  c.addi16sp 0x2
#2091 0 80000068     8082 r 00         00000000  c.jr     x1
#2092 0 800000c6 fea42623 m f0040edc   00000002  sw       x10, -0x14(x8)
#2093 0 800000ca fe842783 r 0f         00000000  lw       x15, -0x18(x8)
#2094 0 800000ce     0785 r 0f         00000001  c.addi   x15, 0x1
#2095 0 800000d0 fef42423 m f0040ed8   00000001  sw       x15, -0x18(x8)
#2096 0 800000d4 fe842703 r 0e         00000001  lw       x14, -0x18(x8)
#2097 0 800000d8 fd842783 r 0f         00000002  lw       x15, -0x28(x8)
#2098 0 800000dc faf74de3 r 00         00000000  blt      x14, x15, . - 0x46
#2099 0 80000096 fe842783 r 0f         00000001  lw       x15, -0x18(x8)
#2100 0 8000009a     078a r 0f         00000004  c.slli   x15, 2
#2101 0 8000009c fdc42703 r 0e         f0040fec  lw       x14, -0x24(x8)
#2102 0 800000a0     97ba r 0f         f0040ff0  c.add    x15, x14
#2103 0 800000a2     4384 r 09         00000005  c.lw     x9, 0x0(x15)
#2104 0 800000a4 fd842703 r 0e         00000002  lw       x14, -0x28(x8)
#2105 0 800000a8 fe842783 r 0f         00000001  lw       x15, -0x18(x8)
#2106 0 800000ac 40f707b3 r 0f         00000001  sub      x15, x14, x15
#2107 0 800000b0     17fd r 0f         00000000  c.addi   x15, -0x1
#2108 0 800000b2     85be r 0b         00000000  c.mv     x11, x15
#2109 0 800000b4 fdc42503 r 0a         f0040fec  lw       x10, -0x24(x8)
#2110 0 800000b8     3f4d r 01         800000ba  c.jal    . - 0x4e
#2111 0 8000006a     7179 r 02         f0040e90  c.addi16sp -0x3
#2112 0 8000006c     d606 m f0040ebc   800000ba  c.swsp   x1, 0x2c
#2113 0 8000006e     d422 m f0040eb8   f0040ef0  c.swsp   x8, 0x28
#2114 0 80000070     d226 m f0040eb4   00000005  c.swsp   x9, 0x24
#2115 0 80000072     1800 r 08         f0040ec0  c.addi4spn  x8, 0xc
#2116 0 80000074 fca42e23 m f0040e9c   f0040fec  sw       x10, -0x24(x8)
#2117 0 80000078 fcb42c23 m f0040e98   00000000  sw       x11, -0x28(x8)
#2118 0 8000007c fd842783 r 0f         00000000  lw       x15, -0x28(x8)
#2119 0 80000080 00f04463 r 00         00000000  blt      x0, x15, . + 0x8
#2120 0 80000084     4781 r 0f         00000000  c.li     x15, 0x0
#2121 0 80000086     a8b9 r 00         00000000  c.j      . + 0x5e
#2122 0 800000e4     853e r 0a         00000000  c.mv     x10, x15
#2123 0 800000e6     50b2 r 01         800000ba  c.lwsp   x1, 0x2c
#2124 0 800000e8     5422 r 08         f0040ef0  c.lwsp   x8, 0x28
#2125 0 800000ea     5492 r 09         00000005  c.lwsp   x9, 0x24
#2126 0 800000ec     6145 r 02         f0040ec0  c.addi16sp 0x3
#2127 0 800000ee     8082 r 00         00000000  c.jr     x1
#2128 0 800000ba     87aa r 0f         00000000  c.mv     x15, x10
#2129 0 800000bc     97a6 r 0f         00000005  c.add    x15, x9
#2130 0 800000be     85be r 0b         00000005  c.mv     x11, x15
#2131 0 800000c0 fec42503 r 0a         00000002  lw       x10, -0x14(x8)
#2132 0 800000c4     3749 r 01         800000c6  c.jal    . - 0x7e
#2133 0 80000046     1101 r 02         f0040ea0  c.addi   x2, -0x20
#2134 0 80000048     ce22 m f0040ebc   f0040ef0  c.swsp   x8, 0x1c
#2135 0 8000004a     1000 r 08         f0040ec0  c.addi4spn  x8, 0x8
#2136 0 8000004c fea42623 m f0040eac   00000002  sw       x10, -0x14(x8)
#2137 0 80000050 feb42423 m f0040ea8   00000005  sw       x11, -0x18(x8)
#2138 0 80000054 fec42703 r 0e         00000002  lw       x14, -0x14(x8)
#2139 0 80000058 fe842783 r 0f         00000005  lw       x15, -0x18(x8)
#2140 0 8000005c 00e7d363 r 00         00000000  bge      x15, x14, . + 0x6
#2141 0 80000062     853e r 0a         00000005  c.mv     x10, x15
#2142 0 80000064     4472 r 08         f0040ef0  c.lwsp   x8, 0x1c
#2143 0 80000066     6105 r 02         f0040ec0  c.addi16sp 0x2
#2144 0 80000068     8082 r 00         00000000  c.jr     x1
#2145 0 800000c6 fea42623 m f0040edc   00000005  sw       x10, -0x14(x8)
#2146 0 800000ca fe842783 r 0f         00000001  lw       x15, -0x18(x8)
#2147 0 800000ce     0785 r 0f         00000002  c.addi   x15, 0x1
#2148 0 800000d0 fef42423 m f0040ed8   00000002  sw       x15, -0x18(x8)
#2149 0 800000d4 fe842703 r 0e         00000002  lw       x14, -0x18(x8)
#2150 0 800000d8 fd842783 r 0f         00000002  lw       x15, -0x28(x8)
#2151 0 800000dc faf74de3 r 00         00000000  blt      x14, x15, . - 0x46
#2152 0 800000e0 fec42783 r 0f         00000005  lw       x15, -0x14(x8)
#2153 0 800000e4     853e r 0a         00000005  c.mv     x10, x15
#2154 0 800000e6     50b2 r 01         800000ba  c.lwsp   x1, 0x2c
#2155 0 800000e8     5422 r 08         f0040f20  c.lwsp   x8, 0x28
#2156 0 800000ea     5492 r 09         00000001  c.lwsp   x9, 0x24
#2157 0 800000ec     6145 r 02         f0040ef0  c.addi16sp 0x3
#2158 0 800000ee     8082 r 00         00000000  c.jr     x1
#2159 0 800000ba     87aa r 0f         00000005  c.mv     x15, x10
#2160 0 800000bc     97a6 r 0f         00000006  c.add    x15, x9
#2161 0 800000be     85be r 0b         00000006  c.mv     x11, x15
#2162 0 800000c0 fec42503 r 0a         80000000  lw       x10, -0x14(x8)
#2163 0 800000c4     3749 r 01         800000c6  c.jal    . - 0x7e
#2164 0 80000046     1101 r 02         f0040ed0  c.addi   x2, -0x20
#2165 0 80000048     ce22 m f0040eec   f0040f20  c.swsp   x8, 0x1c
#2166 0 8000004a     1000 r 08         f0040ef0  c.addi4spn  x8, 0x8
#2167 0 8000004c fea42623 m f0040edc   80000000  sw       x10, -0x14(x8)
#2168 0 80000050 feb42423 m f0040ed8   00000006  sw       x11, -0x18(x8)
#2169 0 80000054 fec42703 r 0e         80000000  lw       x14, -0x14(x8)
#2170 0 80000058 fe842783 r 0f         00000006  lw       x15, -0x18(x8)
#2171 0 8000005c 00e7d363 r 00         00000000  bge      x15, x14, . + 0x6
#2172 0 80000062     853e r 0a         00000006  c.mv     x10, x15
#2173 0 80000064     4472 r 08         f0040f20  c.lwsp   x8, 0x1c
#2174 0 80000066     6105 r 02         f0040ef0  c.addi16sp 0x2
#2175 0 80000068     8082 r 00         00000000  c.jr     x1
#2176 0 800000c6 fea42623 m f0040f0c   00000006  sw       x10, -0x14(x8)
#2177 0 800000ca fe842783 r 0f         00000000  lw       x15, -0x18(x8)
#2178 0 800000ce     0785 r 0f         00000001  c.addi   x15, 0x1
#2179 0 800000d0 fef42423 m f0040f08   00000001  sw       x15, -0x18(x8)
#2180 0 800000d4 fe842703 r 0e         00000001  lw       x14, -0x18(x8)
#2181 0 800000d8 fd842783 r 0f         00000003  lw       x15, -0x28(x8)
#2182 0 800000dc faf74de3 r 00         00000000  blt      x14, x15, . - 0x46
#2183 0 80000096 fe842783 r 0f         00000001  lw       x15, -0x18(x8)
#2184 0 8000009a     078a r 0f         00000004  c.slli   x15, 2
#2185 0 8000009c fdc42703 r 0e         f0040fec  lw       x14, -0x24(x8)
#2186 0 800000a0     97ba r 0f         f0040ff0  c.add    x15, x14
#2187 0 800000a2     4384 r 09         00000005  c.lw     x9, 0x0(x15)
#2188 0 800000a4 fd842703 r 0e         00000003  lw       x14, -0x28(x8)
#2189 0 800000a8 fe842783 r 0f         00000001  lw       x15, -0x18(x8)
#2190 0 800000ac 40f707b3 r 0f         00000002  sub      x15, x14, x15
#2191 0 800000b0     17fd r 0f         00000001  c.addi   x15, -0x1
#2192 0 800000b2     85be r 0b         00000001  c.mv     x11, x15
#2193 0 800000b4 fdc42503 r 0a         f0040fec  lw       x10, -0x24(x8)
#2194 0 800000b8     3f4d r 01         800000ba  c.jal    . - 0x4e
#2195 0 8000006a     7179 r 02         f0040ec0  c.addi16sp -0x3
#2196 0 8000006c     d606 m f0040eec   800000ba  c.swsp   x1, 0x2c
#2197 0 8000006e     d422 m f0040ee8   f0040f20  c.swsp   x8, 0x28
#2198 0 80000070     d226 m f0040ee4   00000005  c.swsp   x9, 0x24
#2199 0 80000072     1800 r 08         f0040ef0  c.addi4spn  x8, 0xc
#2200 0 80000074 fca42e23 m f0040ecc   f0040fec  sw       x10, -0x24(x8)
#2201 0 80000078 fcb42c23 m f0040ec8   00000001  sw       x11, -0x28(x8)
#2202 0 8000007c fd842783 r 0f         00000001  lw       x15, -0x28(x8)
#2203 0 80000080 00f04463 r 00         00000000  blt      x0, x15, . + 0x8
#2204 0 80000088 800007b7 r 0f         80000000  lui      x15, -0x80000
#2205 0 8000008c fef42623 m f0040edc   80000000  sw       x15, -0x14(x8)
#2206 0 80000090 fe042423 m f0040ed8   00000000  sw       x0, -0x18(x8)
#2207 0 80000094     a081 r 00         00000000  c.j      . + 0x40
#2208 0 800000d4 fe842703 r 0e         00000000  lw       x14, -0x18(x8)
#2209 0 800000d8 fd842783 r 0f         00000001  lw       x15, -0x28(x8)
#2210 0 800000dc faf74de3 r 00         00000000  blt      x14, x15, . - 0x46
#2211 0 80000096 fe842783 r 0f         00000000  lw       x15, -0x18(x8)
#2212 0 8000009a     078a r 0f         00000000  c.slli   x15, 2
#2213 0 8000009c fdc42703 r 0e         f0040fec  lw       x14, -0x24(x8)
#2214 0 800000a0     97ba r 0f         f0040fec  c.add    x15, x14
#2215 0 800000a2     4384 r 09         00000001  c.lw     x9, 0x0(x15)
#2216 0 800000a4 fd842703 r 0e         00000001  lw       x14, -0x28(x8)
#2217 0 800000a8 fe842783 r 0f         00000000  lw       x15, -0x18(x8)
#2218 0 800000ac 40f707b3 r 0f         00000001  sub      x15, x14, x15
#2219 0 800000b0     17fd r 0f         00000000  c.addi   x15, -0x1
#2220 0 800000b2     85be r 0b         00000000  c.mv     x11, x15
#2221 0 800000b4 fdc42503 r 0a         f0040fec  lw       x10, -0x24(x8)
#2222 0 800000b8     3f4d r 01         800000ba  c.jal    . - 0x4e
#2223 0 8000006a     7179 r 02         f0040e90  c.addi16sp -0x3
#2224 0 8000006c     d606 m f0040ebc   800000ba  c.swsp   x1, 0x2c
#2225 0 8000006e     d422 m f0040eb8   f0040ef0  c.swsp   x8, 0x28
#2226 0 80000070     d226 m f0040eb4   00000001  c.swsp   x9, 0x24
#2227 0 80000072     1800 r 08         f0040ec0  c.addi4spn  x8, 0xc
#2228 0 80000074 fca42e23 m f0040e9c   f0040fec  sw       x10, -0x24(x8)
#2229 0 80000078 fcb42c23 m f0040e98   00000000  sw       x11, -0x28(x8)
#2230 0 8000007c fd842783 r 0f         00000000  lw       x15, -0x28(x8)
#2231 0 80000080 00f04463 r 00         00000000  blt      x0, x15, . + 0x8
#2232 0 80000084     4781 r 0f         00000000  c.li     x15, 0x0
#2233 0 80000086     a8b9 r 00         00000000  c.j      . + 0x5e
#2234 0 800000e4     853e r 0a         00000000  c.mv     x10, x15
#2235 0 800000e6     50b2 r 01         800000ba  c.lwsp   x1, 0x2c
#2236 0 800000e8     5422 r 08         f0040ef0  c.lwsp   x8, 0x28
#2237 0 800000ea     5492 r 09         00000001  c.lwsp   x9, 0x24
#2238 0 800000ec     6145 r 02         f0040ec0  c.addi16sp 0x3
#2239 0 800000ee     8082 r 00         00000000  c.jr     x1
#2240 0 800000ba     87aa r 0f         00000000  c.mv     x15, x10
#2241 0 800000bc     97a6 r 0f         00000001  c.add    x15, x9
#2242 0 800000be     85be r 0b         00000001  c.mv     x11, x15
#2243 0 800000c0 fec42503 r 0a         80000000  lw       x10, -0x14(x8)
#2244 0 800000c4     3749 r 01         800000c6  c.jal    . - 0x7e
#2245 0 80000046     1101 r 02         f0040ea0  c.addi   x2, -0x20
#2246 0 80000048     ce22 m f0040ebc   f0040ef0  c.swsp   x8, 0x1c
#2247 0 8000004a     1000 r 08         f0040ec0  c.addi4spn  x8, 0x8
#2248 0 8000004c fea42623 m f0040eac   80000000  sw       x10, -0x14(x8)
#2249 0 80000050 feb42423 m f0040ea8   00000001  sw       x11, -0x18(x8)
#2250 0 80000054 fec42703 r 0e         80000000  lw       x14, -0x14(x8)
#2251 0 80000058 fe842783 r 0f         00000001  lw       x15, -0x18(x8)
#2252 0 8000005c 00e7d363 r 00         00000000  bge      x15, x14, . + 0x6
#2253 0 80000062     853e r 0a         00000001  c.mv     x10, x15
#2254 0 80000064     4472 r 08         f0040ef0  c.lwsp   x8, 0x1c
#2255 0 80000066     6105 r 02         f0040ec0  c.addi16sp 0x2
#2256 0 80000068     8082 r 00         00000000  c.jr     x1
#2257 0 800000c6 fea42623 m f0040edc   00000001  sw       x10, -0x14(x8)
#2258 0 800000ca fe842783 r 0f         00000000  lw       x15, -0x18(x8)
#2259 0 800000ce     0785 r 0f         00000001  c.addi   x15, 0x1
#2260 0 800000d0 fef42423 m f0040ed8   00000001  sw       x15, -0x18(x8)
#2261 0 800000d4 fe842703 r 0e         00000001  lw       x14, -0x18(x8)
#2262 0 800000d8 fd842783 r 0f         00000001  lw       x15, -0x28(x8)
#2263 0 800000dc faf74de3 r 00         00000000  blt      x14, x15, . - 0x46
#2264 0 800000e0 fec42783 r 0f         00000001  lw       x15, -0x14(x8)
#2265 0 800000e4     853e r 0a         00000001  c.mv     x10, x15
#2266 0 800000e6     50b2 r 01         800000ba  c.lwsp   x1, 0x2c
#2267 0 800000e8     5422 r 08         f0040f20  c.lwsp   x8, 0x28
#2268 0 800000ea     5492 r 09         00000005  c.lwsp   x9, 0x24
#2269 0 800000ec     6145 r 02         f0040ef0  c.addi16sp 0x3
#2270 0 800000ee     8082 r 00         00000000  c.jr     x1
#2271 0 800000ba     87aa r 0f         00000001  c.mv     x15, x10
#2272 0 800000bc     97a6 r 0f         00000006  c.add    x15, x9
#2273 0 800000be     85be r 0b         00000006  c.mv     x11, x15
#2274 0 800000c0 fec42503 r 0a         00000006  lw       x10, -0x14(x8)
#2275 0 800000c4     3749 r 01         800000c6  c.jal    . - 0x7e
#2276 0 80000046     1101 r 02         f0040ed0  c.addi   x2, -0x20
#2277 0 80000048     ce22 m f0040eec   f0040f20  c.swsp   x8, 0x1c
#2278 0 8000004a     1000 r 08         f0040ef0  c.addi4spn  x8, 0x8
#2279 0 8000004c fea42623 m f0040edc   00000006  sw       x10, -0x14(x8)
#2280 0 80000050 feb42423 m f0040ed8   00000006  sw       x11, -0x18(x8)
#2281 0 80000054 fec42703 r 0e         00000006  lw       x14, -0x14(x8)
#2282 0 80000058 fe842783 r 0f         00000006  lw       x15, -0x18(x8)
#2283 0 8000005c 00e7d363 r 00         00000000  bge      x15, x14, . + 0x6
#2284 0 80000062     853e r 0a         00000006  c.mv     x10, x15
#2285 0 80000064     4472 r 08         f0040f20  c.lwsp   x8, 0x1c
#2286 0 80000066     6105 r 02         f0040ef0  c.addi16sp 0x2
#2287 0 80000068     8082 r 00         00000000  c.jr     x1
#2288 0 800000c6 fea42623 m f0040f0c   00000006  sw       x10, -0x14(x8)
#2289 0 800000ca fe842783 r 0f         00000001  lw       x15, -0x18(x8)
#2290 0 800000ce     0785 r 0f         00000002  c.addi   x15, 0x1
#2291 0 800000d0 fef42423 m f0040f08   00000002  sw       x15, -0x18(x8)
#2292 0 800000d4 fe842703 r 0e         00000002  lw       x14, -0x18(x8)
#2293 0 800000d8 fd842783 r 0f         00000003  lw       x15, -0x28(x8)
#2294 0 800000dc faf74de3 r 00         00000000  blt      x14, x15, . - 0x46
#2295 0 80000096 fe842783 r 0f         00000002  lw       x15, -0x18(x8)
#2296 0 8000009a     078a r 0f         00000008  c.slli   x15, 2
#2297 0 8000009c fdc42703 r 0e         f0040fec  lw       x14, -0x24(x8)
#2298 0 800000a0     97ba r 0f         f0040ff4  c.add    x15, x14
#2299 0 800000a2     4384 r 09         00000008  c.lw     x9, 0x0(x15)
#2300 0 800000a4 fd842703 r 0e         00000003  lw       x14, -0x28(x8)
#2301 0 800000a8 fe842783 r 0f         00000002  lw       x15, -0x18(x8)
#2302 0 800000ac 40f707b3 r 0f         00000001  sub      x15, x14, x15
#2303 0 800000b0     17fd r 0f         00000000  c.addi   x15, -0x1
#2304 0 800000b2     85be r 0b         00000000  c.mv     x11, x15
#2305 0 800000b4 fdc42503 r 0a         f0040fec  lw       x10, -0x24(x8)
#2306 0 800000b8     3f4d r 01         800000ba  c.jal    . - 0x4e
#2307 0 8000006a     7179 r 02         f0040ec0  c.addi16sp -0x3
#2308 0 8000006c     d606 m f0040eec   800000ba  c.swsp   x1, 0x2c
#2309 0 8000006e     d422 m f0040ee8   f0040f20  c.swsp   x8, 0x28
#2310 0 80000070     d226 m f0040ee4   00000008  c.swsp   x9, 0x24
#2311 0 80000072     1800 r 08         f0040ef0  c.addi4spn  x8, 0xc
#2312 0 80000074 fca42e23 m f0040ecc   f0040fec  sw       x10, -0x24(x8)
#2313 0 80000078 fcb42c23 m f0040ec8   00000000  sw       x11, -0x28(x8)
#2314 0 8000007c fd842783 r 0f         00000000  lw       x15, -0x28(x8)
#2315 0 80000080 00f04463 r 00         00000000  blt      x0, x15, . + 0x8
#2316 0 80000084     4781 r 0f         00000000  c.li     x15, 0x0
#2317 0 80000086     a8b9 r 00         00000000  c.j      . + 0x5e
#2318 0 800000e4     853e r 0a         00000000  c.mv     x10, x15
#2319 0 800000e6     50b2 r 01         800000ba  c.lwsp   x1, 0x2c
#2320 0 800000e8     5422 r 08         f0040f20  c.lwsp   x8, 0x28
#2321 0 800000ea     5492 r 09         00000008  c.lwsp   x9, 0x24
#2322 0 800000ec     6145 r 02         f0040ef0  c.addi16sp 0x3
#2323 0 800000ee     8082 r 00         00000000  c.jr     x1
#2324 0 800000ba     87aa r 0f         00000000  c.mv     x15, x10
#2325 0 800000bc     97a6 r 0f         00000008  c.add    x15, x9
#2326 0 800000be     85be r 0b         00000008  c.mv     x11, x15
#2327 0 800000c0 fec42503 r 0a         00000006  lw       x10, -0x14(x8)
#2328 0 800000c4     3749 r 01         800000c6  c.jal    . - 0x7e
#2329 0 80000046     1101 r 02         f0040ed0  c.addi   x2, -0x20
#2330 0 80000048     ce22 m f0040eec   f0040f20  c.swsp   x8, 0x1c
#2331 0 8000004a     1000 r 08         f0040ef0  c.addi4spn  x8, 0x8
#2332 0 8000004c fea42623 m f0040edc   00000006  sw       x10, -0x14(x8)
#2333 0 80000050 feb42423 m f0040ed8   00000008  sw       x11, -0x18(x8)
#2334 0 80000054 fec42703 r 0e         00000006  lw       x14, -0x14(x8)
#2335 0 80000058 fe842783 r 0f         00000008  lw       x15, -0x18(x8)
#2336 0 8000005c 00e7d363 r 00         00000000  bge      x15, x14, . + 0x6
#2337 0 80000062     853e r 0a         00000008  c.mv     x10, x15
#2338 0 80000064     4472 r 08         f0040f20  c.lwsp   x8, 0x1c
#2339 0 80000066     6105 r 02         f0040ef0  c.addi16sp 0x2
#2340 0 80000068     8082 r 00         00000000  c.jr     x1
#2341 0 800000c6 fea42623 m f0040f0c   00000008  sw       x10, -0x14(x8)
#2342 0 800000ca fe842783 r 0f         00000002  lw       x15, -0x18(x8)
#2343 0 800000ce     0785 r 0f         00000003  c.addi   x15, 0x1
#2344 0 800000d0 fef42423 m f0040f08   00000003  sw       x15, -0x18(x8)
#2345 0 800000d4 fe842703 r 0e         00000003  lw       x14, -0x18(x8)
#2346 0 800000d8 fd842783 r 0f         00000003  lw       x15, -0x28(x8)
#2347 0 800000dc faf74de3 r 00         00000000  blt      x14, x15, . - 0x46
#2348 0 800000e0 fec42783 r 0f         00000008  lw       x15, -0x14(x8)
#2349 0 800000e4     853e r 0a         00000008  c.mv     x10, x15
#2350 0 800000e6     50b2 r 01         800000ba  c.lwsp   x1, 0x2c
#2351 0 800000e8     5422 r 08         f0040f50  c.lwsp   x8, 0x28
#2352 0 800000ea     5492 r 09         00000001  c.lwsp   x9, 0x24
#2353 0 800000ec     6145 r 02         f0040f20  c.addi16sp 0x3
#2354 0 800000ee     8082 r 00         00000000  c.jr     x1
#2355 0 800000ba     87aa r 0f         00000008  c.mv     x15, x10
#2356 0 800000bc     97a6 r 0f         00000009  c.add    x15, x9
#2357 0 800000be     85be r 0b         00000009  c.mv     x11, x15
#2358 0 800000c0 fec42503 r 0a         80000000  lw       x10, -0x14(x8)
#2359 0 800000c4     3749 r 01         800000c6  c.jal    . - 0x7e
#2360 0 80000046     1101 r 02         f0040f00  c.addi   x2, -0x20
#2361 0 80000048     ce22 m f0040f1c   f0040f50  c.swsp   x8, 0x1c
#2362 0 8000004a     1000 r 08         f0040f20  c.addi4spn  x8, 0x8
#2363 0 8000004c fea42623 m f0040f0c   80000000  sw       x10, -0x14(x8)
#2364 0 80000050 feb42423 m f0040f08   00000009  sw       x11, -0x18(x8)
#2365 0 80000054 fec42703 r 0e         80000000  lw       x14, -0x14(x8)
#2366 0 80000058 fe842783 r 0f         00000009  lw       x15, -0x18(x8)
#2367 0 8000005c 00e7d363 r 00         00000000  bge      x15, x14, . + 0x6
#2368 0 80000062     853e r 0a         00000009  c.mv     x10, x15
#2369 0 80000064     4472 r 08         f0040f50  c.lwsp   x8, 0x1c
#2370 0 80000066     6105 r 02         f0040f20  c.addi16sp 0x2
#2371 0 80000068     8082 r 00         00000000  c.jr     x1
#2372 0 800000c6 fea42623 m f0040f3c   00000009  sw       x10, -0x14(x8)
#2373 0 800000ca fe842783 r 0f         00000000  lw       x15, -0x18(x8)
#2374 0 800000ce     0785 r 0f         00000001  c.addi   x15, 0x1
#2375 0 800000d0 fef42423 m f0040f38   00000001  sw       x15, -0x18(x8)
#2376 0 800000d4 fe842703 r 0e         00000001  lw       x14, -0x18(x8)
#2377 0 800000d8 fd842783 r 0f         00000004  lw       x15, -0x28(x8)
#2378 0 800000dc faf74de3 r 00         00000000  blt      x14, x15, . - 0x46
#2379 0 80000096 fe842783 r 0f         00000001  lw       x15, -0x18(x8)
#2380 0 8000009a     078a r 0f         00000004  c.slli   x15, 2
#2381 0 8000009c fdc42703 r 0e         f0040fec  lw       x14, -0x24(x8)
#2382 0 800000a0     97ba r 0f         f0040ff0  c.add    x15, x14
#2383 0 800000a2     4384 r 09         00000005  c.lw     x9, 0x0(x15)
#2384 0 800000a4 fd842703 r 0e         00000004  lw       x14, -0x28(x8)
#2385 0 800000a8 fe842783 r 0f         00000001  lw       x15, -0x18(x8)
#2386 0 800000ac 40f707b3 r 0f         00000003  sub      x15, x14, x15
#2387 0 800000b0     17fd r 0f         00000002  c.addi   x15, -0x1
#2388 0 800000b2     85be r 0b         00000002  c.mv     x11, x15
#2389 0 800000b4 fdc42503 r 0a         f0040fec  lw       x10, -0x24(x8)
#2390 0 800000b8     3f4d r 01         800000ba  c.jal    . - 0x4e
#2391 0 8000006a     7179 r 02         f0040ef0  c.addi16sp -0x3
#2392 0 8000006c     d606 m f0040f1c   800000ba  c.swsp   x1, 0x2c
#2393 0 8000006e     d422 m f0040f18   f0040f50  c.swsp   x8, 0x28
#2394 0 80000070     d226 m f0040f14   00000005  c.swsp   x9, 0x24
#2395 0 80000072     1800 r 08         f0040f20  c.addi4spn  x8, 0xc
#2396 0 80000074 fca42e23 m f0040efc   f0040fec  sw       x10, -0x24(x8)
#2397 0 80000078 fcb42c23 m f0040ef8   00000002  sw       x11, -0x28(x8)
#2398 0 8000007c fd842783 r 0f         00000002  lw       x15, -0x28(x8)
#2399 0 80000080 00f04463 r 00         00000000  blt      x0, x15, . + 0x8
#2400 0 80000088 800007b7 r 0f         80000000  lui      x15, -0x80000
#2401 0 8000008c fef42623 m f0040f0c   80000000  sw       x15, -0x14(x8)
#2402 0 80000090 fe042423 m f0040f08   00000000  sw       x0, -0x18(x8)
#2403 0 80000094     a081 r 00         00000000  c.j      . + 0x40
#2404 0 800000d4 fe842703 r 0e         00000000  lw       x14, -0x18(x8)
#2405 0 800000d8 fd842783 r 0f         00000002  lw       x15, -0x28(x8)
#2406 0 800000dc faf74de3 r 00         00000000  blt      x14, x15, . - 0x46
#2407 0 80000096 fe842783 r 0f         00000000  lw       x15, -0x18(x8)
#2408 0 8000009a     078a r 0f         00000000  c.slli   x15, 2
#2409 0 8000009c fdc42703 r 0e         f0040fec  lw       x14, -0x24(x8)
#2410 0 800000a0     97ba r 0f         f0040fec  c.add    x15, x14
#2411 0 800000a2     4384 r 09         00000001  c.lw     x9, 0x0(x15)
#2412 0 800000a4 fd842703 r 0e         00000002  lw       x14, -0x28(x8)
#2413 0 800000a8 fe842783 r 0f         00000000  lw       x15, -0x18(x8)
#2414 0 800000ac 40f707b3 r 0f         00000002  sub      x15, x14, x15
#2415 0 800000b0     17fd r 0f         00000001  c.addi   x15, -0x1
#2416 0 800000b2     85be r 0b         00000001  c.mv     x11, x15
#2417 0 800000b4 fdc42503 r 0a         f0040fec  lw       x10, -0x24(x8)
#2418 0 800000b8     3f4d r 01         800000ba  c.jal    . - 0x4e
#2419 0 8000006a     7179 r 02         f0040ec0  c.addi16sp -0x3
#2420 0 8000006c     d606 m f0040eec   800000ba  c.swsp   x1, 0x2c
#2421 0 8000006e     d422 m f0040ee8   f0040f20  c.swsp   x8, 0x28
#2422 0 80000070     d226 m f0040ee4   00000001  c.swsp   x9, 0x24
#2423 0 80000072     1800 r 08         f0040ef0  c.addi4spn  x8, 0xc
#2424 0 80000074 fca42e23 m f0040ecc   f0040fec  sw       x10, -0x24(x8)
#2425 0 80000078 fcb42c23 m f0040ec8   00000001  sw       x11, -0x28(x8)
#2426 0 8000007c fd842783 r 0f         00000001  lw       x15, -0x28(x8)
#2427 0 80000080 00f04463 r 00         00000000  blt      x0, x15, . + 0x8
#2428 0 80000088 800007b7 r 0f         80000000  lui      x15, -0x80000
#2429 0 8000008c fef42623 m f0040edc   80000000  sw       x15, -0x14(x8)
#2430 0 80000090 fe042423 m f0040ed8   00000000  sw       x0, -0x18(x8)
#2431 0 80000094     a081 r 00         00000000  c.j      . + 0x40
#2432 0 800000d4 fe842703 r 0e         00000000  lw       x14, -0x18(x8)
#2433 0 800000d8 fd842783 r 0f         00000001  lw       x15, -0x28(x8)
#2434 0 800000dc faf74de3 r 00         00000000  blt      x14, x15, . - 0x46
#2435 0 80000096 fe842783 r 0f         00000000  lw       x15, -0x18(x8)
#2436 0 8000009a     078a r 0f         00000000  c.slli   x15, 2
#2437 0 8000009c fdc42703 r 0e         f0040fec  lw       x14, -0x24(x8)
#2438 0 800000a0     97ba r 0f         f0040fec  c.add    x15, x14
#2439 0 800000a2     4384 r 09         00000001  c.lw     x9, 0x0(x15)
#2440 0 800000a4 fd842703 r 0e         00000001  lw       x14, -0x28(x8)
#2441 0 800000a8 fe842783 r 0f         00000000  lw       x15, -0x18(x8)
#2442 0 800000ac 40f707b3 r 0f         00000001  sub      x15, x14, x15
#2443 0 800000b0     17fd r 0f         00000000  c.addi   x15, -0x1
#2444 0 800000b2     85be r 0b         00000000  c.mv     x11, x15
#2445 0 800000b4 fdc42503 r 0a         f0040fec  lw       x10, -0x24(x8)
#2446 0 800000b8     3f4d r 01         800000ba  c.jal    . - 0x4e
#2447 0 8000006a     7179 r 02         f0040e90  c.addi16sp -0x3
#2448 0 8000006c     d606 m f0040ebc   800000ba  c.swsp   x1, 0x2c
#2449 0 8000006e     d422 m f0040eb8   f0040ef0  c.swsp   x8, 0x28
#2450 0 80000070     d226 m f0040eb4   00000001  c.swsp   x9, 0x24
#2451 0 80000072     1800 r 08         f0040ec0  c.addi4spn  x8, 0xc
#2452 0 80000074 fca42e23 m f0040e9c   f0040fec  sw       x10, -0x24(x8)
#2453 0 80000078 fcb42c23 m f0040e98   00000000  sw       x11, -0x28(x8)
#2454 0 8000007c fd842783 r 0f         00000000  lw       x15, -0x28(x8)
#2455 0 80000080 00f04463 r 00         00000000  blt      x0, x15, . + 0x8
#2456 0 80000084     4781 r 0f         00000000  c.li     x15, 0x0
#2457 0 80000086     a8b9 r 00         00000000  c.j      . + 0x5e
#2458 0 800000e4     853e r 0a         00000000  c.mv     x10, x15
#2459 0 800000e6     50b2 r 01         800000ba  c.lwsp   x1, 0x2c
#2460 0 800000e8     5422 r 08         f0040ef0  c.lwsp   x8, 0x28
#2461 0 800000ea     5492 r 09         00000001  c.lwsp   x9, 0x24
#2462 0 800000ec     6145 r 02         f0040ec0  c.addi16sp 0x3
#2463 0 800000ee     8082 r 00         00000000  c.jr     x1
#2464 0 800000ba     87aa r 0f         00000000  c.mv     x15, x10
#2465 0 800000bc     97a6 r 0f         00000001  c.add    x15, x9
#2466 0 800000be     85be r 0b         00000001  c.mv     x11, x15
#2467 0 800000c0 fec42503 r 0a         80000000  lw       x10, -0x14(x8)
#2468 0 800000c4     3749 r 01         800000c6  c.jal    . - 0x7e
#2469 0 80000046     1101 r 02         f0040ea0  c.addi   x2, -0x20
#2470 0 80000048     ce22 m f0040ebc   f0040ef0  c.swsp   x8, 0x1c
#2471 0 8000004a     1000 r 08         f0040ec0  c.addi4spn  x8, 0x8
#2472 0 8000004c fea42623 m f0040eac   80000000  sw       x10, -0x14(x8)
#2473 0 80000050 feb42423 m f0040ea8   00000001  sw       x11, -0x18(x8)
#2474 0 80000054 fec42703 r 0e         80000000  lw       x14, -0x14(x8)
#2475 0 80000058 fe842783 r 0f         00000001  lw       x15, -0x18(x8)
#2476 0 8000005c 00e7d363 r 00         00000000  bge      x15, x14, . + 0x6
#2477 0 80000062     853e r 0a         00000001  c.mv     x10, x15
#2478 0 80000064     4472 r 08         f0040ef0  c.lwsp   x8, 0x1c
#2479 0 80000066     6105 r 02         f0040ec0  c.addi16sp 0x2
#2480 0 80000068     8082 r 00         00000000  c.jr     x1
#2481 0 800000c6 fea42623 m f0040edc   00000001  sw       x10, -0x14(x8)
#2482 0 800000ca fe842783 r 0f         00000000  lw       x15, -0x18(x8)
#2483 0 800000ce     0785 r 0f         00000001  c.addi   x15, 0x1
#2484 0 800000d0 fef42423 m f0040ed8   00000001  sw       x15, -0x18(x8)
#2485 0 800000d4 fe842703 r 0e         00000001  lw       x14, -0x18(x8)
#2486 0 800000d8 fd842783 r 0f         00000001  lw       x15, -0x28(x8)
#2487 0 800000dc faf74de3 r 00         00000000  blt      x14, x15, . - 0x46
#2488 0 800000e0 fec42783 r 0f         00000001  lw       x15, -0x14(x8)
#2489 0 800000e4     853e r 0a         00000001  c.mv     x10, x15
#2490 0 800000e6     50b2 r 01         800000ba  c.lwsp   x1, 0x2c
#2491 0 800000e8     5422 r 08         f0040f20  c.lwsp   x8, 0x28
#2492 0 800000ea     5492 r 09         00000001  c.lwsp   x9, 0x24
#2493 0 800000ec     6145 r 02         f0040ef0  c.addi16sp 0x3
#2494 0 800000ee     8082 r 00         00000000  c.jr     x1
#2495 0 800000ba     87aa r 0f         00000001  c.mv     x15, x10
#2496 0 800000bc     97a6 r 0f         00000002  c.add    x15, x9
#2497 0 800000be     85be r 0b         00000002  c.mv     x11, x15
#2498 0 800000c0 fec42503 r 0a         80000000  lw       x10, -0x14(x8)
#2499 0 800000c4     3749 r 01         800000c6  c.jal    . - 0x7e
#2500 0 80000046     1101 r 02         f0040ed0  c.addi   x2, -0x20
#2501 0 80000048     ce22 m f0040eec   f0040f20  c.swsp   x8, 0x1c
#2502 0 8000004a     1000 r 08         f0040ef0  c.addi4spn  x8, 0x8
#2503 0 8000004c fea42623 m f0040edc   80000000  sw       x10, -0x14(x8)
#2504 0 80000050 feb42423 m f0040ed8   00000002  sw       x11, -0x18(x8)
#2505 0 80000054 fec42703 r 0e         80000000  lw       x14, -0x14(x8)
#2506 0 80000058 fe842783 r 0f         00000002  lw       x15, -0x18(x8)
#2507 0 8000005c 00e7d363 r 00         00000000  bge      x15, x14, . + 0x6
#2508 0 80000062     853e r 0a         00000002  c.mv     x10, x15
#2509 0 80000064     4472 r 08         f0040f20  c.lwsp   x8, 0x1c
#2510 0 80000066     6105 r 02         f0040ef0  c.addi16sp 0x2
#2511 0 80000068     8082 r 00         00000000  c.jr     x1
#2512 0 800000c6 fea42623 m f0040f0c   00000002  sw       x10, -0x14(x8)
#2513 0 800000ca fe842783 r 0f         00000000  lw       x15, -0x18(x8)
#2514 0 800000ce     0785 r 0f         00000001  c.addi   x15, 0x1
#2515 0 800000d0 fef42423 m f0040f08   00000001  sw       x15, -0x18(x8)
#2516 0 800000d4 fe842703 r 0e         00000001  lw       x14, -0x18(x8)
#2517 0 800000d8 fd842783 r 0f         00000002  lw       x15, -0x28(x8)
#2518 0 800000dc faf74de3 r 00         00000000  blt      x14, x15, . - 0x46
#2519 0 80000096 fe842783 r 0f         00000001  lw       x15, -0x18(x8)
#2520 0 8000009a     078a r 0f         00000004  c.slli   x15, 2
#2521 0 8000009c fdc42703 r 0e         f0040fec  lw       x14, -0x24(x8)
#2522 0 800000a0     97ba r 0f         f0040ff0  c.add    x15, x14
#2523 0 800000a2     4384 r 09         00000005  c.lw     x9, 0x0(x15)
#2524 0 800000a4 fd842703 r 0e         00000002  lw       x14, -0x28(x8)
#2525 0 800000a8 fe842783 r 0f         00000001  lw       x15, -0x18(x8)
#2526 0 800000ac 40f707b3 r 0f         00000001  sub      x15, x14, x15
#2527 0 800000b0     17fd r 0f         00000000  c.addi   x15, -0x1
#2528 0 800000b2     85be r 0b         00000000  c.mv     x11, x15
#2529 0 800000b4 fdc42503 r 0a         f0040fec  lw       x10, -0x24(x8)
#2530 0 800000b8     3f4d r 01         800000ba  c.jal    . - 0x4e
#2531 0 8000006a     7179 r 02         f0040ec0  c.addi16sp -0x3
#2532 0 8000006c     d606 m f0040eec   800000ba  c.swsp   x1, 0x2c
#2533 0 8000006e     d422 m f0040ee8   f0040f20  c.swsp   x8, 0x28
#2534 0 80000070     d226 m f0040ee4   00000005  c.swsp   x9, 0x24
#2535 0 80000072     1800 r 08         f0040ef0  c.addi4spn  x8, 0xc
#2536 0 80000074 fca42e23 m f0040ecc   f0040fec  sw       x10, -0x24(x8)
#2537 0 80000078 fcb42c23 m f0040ec8   00000000  sw       x11, -0x28(x8)
#2538 0 8000007c fd842783 r 0f         00000000  lw       x15, -0x28(x8)
#2539 0 80000080 00f04463 r 00         00000000  blt      x0, x15, . + 0x8
#2540 0 80000084     4781 r 0f         00000000  c.li     x15, 0x0
#2541 0 80000086     a8b9 r 00         00000000  c.j      . + 0x5e
#2542 0 800000e4     853e r 0a         00000000  c.mv     x10, x15
#2543 0 800000e6     50b2 r 01         800000ba  c.lwsp   x1, 0x2c
#2544 0 800000e8     5422 r 08         f0040f20  c.lwsp   x8, 0x28
#2545 0 800000ea     5492 r 09         00000005  c.lwsp   x9, 0x24
#2546 0 800000ec     6145 r 02         f0040ef0  c.addi16sp 0x3
#2547 0 800000ee     8082 r 00         00000000  c.jr     x1
#2548 0 800000ba     87aa r 0f         00000000  c.mv     x15, x10
#2549 0 800000bc     97a6 r 0f         00000005  c.add    x15, x9
#2550 0 800000be     85be r 0b         00000005  c.mv     x11, x15
#2551 0 800000c0 fec42503 r 0a         00000002  lw       x10, -0x14(x8)
#2552 0 800000c4     3749 r 01         800000c6  c.jal    . - 0x7e
#2553 0 80000046     1101 r 02         f0040ed0  c.addi   x2, -0x20
#2554 0 80000048     ce22 m f0040eec   f0040f20  c.swsp   x8, 0x1c
#2555 0 8000004a     1000 r 08         f0040ef0  c.addi4spn  x8, 0x8
#2556 0 8000004c fea42623 m f0040edc   00000002  sw       x10, -0x14(x8)
#2557 0 80000050 feb42423 m f0040ed8   00000005  sw       x11, -0x18(x8)
#2558 0 80000054 fec42703 r 0e         00000002  lw       x14, -0x14(x8)
#2559 0 80000058 fe842783 r 0f         00000005  lw       x15, -0x18(x8)
#2560 0 8000005c 00e7d363 r 00         00000000  bge      x15, x14, . + 0x6
#2561 0 80000062     853e r 0a         00000005  c.mv     x10, x15
#2562 0 80000064     4472 r 08         f0040f20  c.lwsp   x8, 0x1c
#2563 0 80000066     6105 r 02         f0040ef0  c.addi16sp 0x2
#2564 0 80000068     8082 r 00         00000000  c.jr     x1
#2565 0 800000c6 fea42623 m f0040f0c   00000005  sw       x10, -0x14(x8)
#2566 0 800000ca fe842783 r 0f         00000001  lw       x15, -0x18(x8)
#2567 0 800000ce     0785 r 0f         00000002  c.addi   x15, 0x1
#2568 0 800000d0 fef42423 m f0040f08   00000002  sw       x15, -0x18(x8)
#2569 0 800000d4 fe842703 r 0e         00000002  lw       x14, -0x18(x8)
#2570 0 800000d8 fd842783 r 0f         00000002  lw       x15, -0x28(x8)
#2571 0 800000dc faf74de3 r 00         00000000  blt      x14, x15, . - 0x46
#2572 0 800000e0 fec42783 r 0f         00000005  lw       x15, -0x14(x8)
#2573 0 800000e4     853e r 0a         00000005  c.mv     x10, x15
#2574 0 800000e6     50b2 r 01         800000ba  c.lwsp   x1, 0x2c
#2575 0 800000e8     5422 r 08         f0040f50  c.lwsp   x8, 0x28
#2576 0 800000ea     5492 r 09         00000005  c.lwsp   x9, 0x24
#2577 0 800000ec     6145 r 02         f0040f20  c.addi16sp 0x3
#2578 0 800000ee     8082 r 00         00000000  c.jr     x1
#2579 0 800000ba     87aa r 0f         00000005  c.mv     x15, x10
#2580 0 800000bc     97a6 r 0f         0000000a  c.add    x15, x9
#2581 0 800000be     85be r 0b         0000000a  c.mv     x11, x15
#2582 0 800000c0 fec42503 r 0a         00000009  lw       x10, -0x14(x8)
#2583 0 800000c4     3749 r 01         800000c6  c.jal    . - 0x7e
#2584 0 80000046     1101 r 02         f0040f00  c.addi   x2, -0x20
#2585 0 80000048     ce22 m f0040f1c   f0040f50  c.swsp   x8, 0x1c
#2586 0 8000004a     1000 r 08         f0040f20  c.addi4spn  x8, 0x8
#2587 0 8000004c fea42623 m f0040f0c   00000009  sw       x10, -0x14(x8)
#2588 0 80000050 feb42423 m f0040f08   0000000a  sw       x11, -0x18(x8)
#2589 0 80000054 fec42703 r 0e         00000009  lw       x14, -0x14(x8)
#2590 0 80000058 fe842783 r 0f         0000000a  lw       x15, -0x18(x8)
#2591 0 8000005c 00e7d363 r 00         00000000  bge      x15, x14, . + 0x6
#2592 0 80000062     853e r 0a         0000000a  c.mv     x10, x15
#2593 0 80000064     4472 r 08         f0040f50  c.lwsp   x8, 0x1c
#2594 0 80000066     6105 r 02         f0040f20  c.addi16sp 0x2
#2595 0 80000068     8082 r 00         00000000  c.jr     x1
#2596 0 800000c6 fea42623 m f0040f3c   0000000a  sw       x10, -0x14(x8)
#2597 0 800000ca fe842783 r 0f         00000001  lw       x15, -0x18(x8)
#2598 0 800000ce     0785 r 0f         00000002  c.addi   x15, 0x1
#2599 0 800000d0 fef42423 m f0040f38   00000002  sw       x15, -0x18(x8)
#2600 0 800000d4 fe842703 r 0e         00000002  lw       x14, -0x18(x8)
#2601 0 800000d8 fd842783 r 0f         00000004  lw       x15, -0x28(x8)
#2602 0 800000dc faf74de3 r 00         00000000  blt      x14, x15, . - 0x46
#2603 0 80000096 fe842783 r 0f         00000002  lw       x15, -0x18(x8)
#2604 0 8000009a     078a r 0f         00000008  c.slli   x15, 2
#2605 0 8000009c fdc42703 r 0e         f0040fec  lw       x14, -0x24(x8)
#2606 0 800000a0     97ba r 0f         f0040ff4  c.add    x15, x14
#2607 0 800000a2     4384 r 09         00000008  c.lw     x9, 0x0(x15)
#2608 0 800000a4 fd842703 r 0e         00000004  lw       x14, -0x28(x8)
#2609 0 800000a8 fe842783 r 0f         00000002  lw       x15, -0x18(x8)
#2610 0 800000ac 40f707b3 r 0f         00000002  sub      x15, x14, x15
#2611 0 800000b0     17fd r 0f         00000001  c.addi   x15, -0x1
#2612 0 800000b2     85be r 0b         00000001  c.mv     x11, x15
#2613 0 800000b4 fdc42503 r 0a         f0040fec  lw       x10, -0x24(x8)
#2614 0 800000b8     3f4d r 01         800000ba  c.jal    . - 0x4e
#2615 0 8000006a     7179 r 02         f0040ef0  c.addi16sp -0x3
#2616 0 8000006c     d606 m f0040f1c   800000ba  c.swsp   x1, 0x2c
#2617 0 8000006e     d422 m f0040f18   f0040f50  c.swsp   x8, 0x28
#2618 0 80000070     d226 m f0040f14   00000008  c.swsp   x9, 0x24
#2619 0 80000072     1800 r 08         f0040f20  c.addi4spn  x8, 0xc
#2620 0 80000074 fca42e23 m f0040efc   f0040fec  sw       x10, -0x24(x8)
#2621 0 80000078 fcb42c23 m f0040ef8   00000001  sw       x11, -0x28(x8)
#2622 0 8000007c fd842783 r 0f         00000001  lw       x15, -0x28(x8)
#2623 0 80000080 00f04463 r 00         00000000  blt      x0, x15, . + 0x8
#2624 0 80000088 800007b7 r 0f         80000000  lui      x15, -0x80000
#2625 0 8000008c fef42623 m f0040f0c   80000000  sw       x15, -0x14(x8)
#2626 0 80000090 fe042423 m f0040f08   00000000  sw       x0, -0x18(x8)
#2627 0 80000094     a081 r 00         00000000  c.j      . + 0x40
#2628 0 800000d4 fe842703 r 0e         00000000  lw       x14, -0x18(x8)
#2629 0 800000d8 fd842783 r 0f         00000001  lw       x15, -0x28(x8)
#2630 0 800000dc faf74de3 r 00         00000000  blt      x14, x15, . - 0x46
#2631 0 80000096 fe842783 r 0f         00000000  lw       x15, -0x18(x8)
#2632 0 8000009a     078a r 0f         00000000  c.slli   x15, 2
#2633 0 8000009c fdc42703 r 0e         f0040fec  lw       x14, -0x24(x8)
#2634 0 800000a0     97ba r 0f         f0040fec  c.add    x15, x14
#2635 0 800000a2     4384 r 09         00000001  c.lw     x9, 0x0(x15)
#2636 0 800000a4 fd842703 r 0e         00000001  lw       x14, -0x28(x8)
#2637 0 800000a8 fe842783 r 0f         00000000  lw       x15, -0x18(x8)
#2638 0 800000ac 40f707b3 r 0f         00000001  sub      x15, x14, x15
#2639 0 800000b0     17fd r 0f         00000000  c.addi   x15, -0x1
#2640 0 800000b2     85be r 0b         00000000  c.mv     x11, x15
#2641 0 800000b4 fdc42503 r 0a         f0040fec  lw       x10, -0x24(x8)
#2642 0 800000b8     3f4d r 01         800000ba  c.jal    . - 0x4e
#2643 0 8000006a     7179 r 02         f0040ec0  c.addi16sp -0x3
#2644 0 8000006c     d606 m f0040eec   800000ba  c.swsp   x1, 0x2c
#2645 0 8000006e     d422 m f0040ee8   f0040f20  c.swsp   x8, 0x28
#2646 0 80000070     d226 m f0040ee4   00000001  c.swsp   x9, 0x24
#2647 0 80000072     1800 r 08         f0040ef0  c.addi4spn  x8, 0xc
#2648 0 80000074 fca42e23 m f0040ecc   f0040fec  sw       x10, -0x24(x8)
#2649 0 80000078 fcb42c23 m f0040ec8   00000000  sw       x11, -0x28(x8)
#2650 0 8000007c fd842783 r 0f         00000000  lw       x15, -0x28(x8)
#2651 0 80000080 00f04463 r 00         00000000  blt      x0, x15, . + 0x8
#2652 0 80000084     4781 r 0f         00000000  c.li     x15, 0x0
#2653 0 80000086     a8b9 r 00         00000000  c.j      . + 0x5e
#2654 0 800000e4     853e r 0a         00000000  c.mv     x10, x15
#2655 0 800000e6     50b2 r 01         800000ba  c.lwsp   x1, 0x2c
#2656 0 800000e8     5422 r 08         f0040f20  c.lwsp   x8, 0x28
#2657 0 800000ea     5492 r 09         00000001  c.lwsp   x9, 0x24
#2658 0 800000ec     6145 r 02         f0040ef0  c.addi16sp 0x3
#2659 0 800000ee     8082 r 00         00000000  c.jr     x1
#2660 0 800000ba     87aa r 0f         00000000  c.mv     x15, x10
#2661 0 800000bc     97a6 r 0f         00000001  c.add    x15, x9
#2662 0 800000be     85be r 0b         00000001  c.mv     x11, x15
#2663 0 800000c0 fec42503 r 0a         80000000  lw       x10, -0x14(x8)
#2664 0 800000c4     3749 r 01         800000c6  c.jal    . - 0x7e
#2665 0 80000046     1101 r 02         f0040ed0  c.addi   x2, -0x20
#2666 0 80000048     ce22 m f0040eec   f0040f20  c.swsp   x8, 0x1c
#2667 0 8000004a     1000 r 08         f0040ef0  c.addi4spn  x8, 0x8
#2668 0 8000004c fea42623 m f0040edc   80000000  sw       x10, -0x14(x8)
#2669 0 80000050 feb42423 m f0040ed8   00000001  sw       x11, -0x18(x8)
#2670 0 80000054 fec42703 r 0e         80000000  lw       x14, -0x14(x8)
#2671 0 80000058 fe842783 r 0f         00000001  lw       x15, -0x18(x8)
#2672 0 8000005c 00e7d363 r 00         00000000  bge      x15, x14, . + 0x6
#2673 0 80000062     853e r 0a         00000001  c.mv     x10, x15
#2674 0 80000064     4472 r 08         f0040f20  c.lwsp   x8, 0x1c
#2675 0 80000066     6105 r 02         f0040ef0  c.addi16sp 0x2
#2676 0 80000068     8082 r 00         00000000  c.jr     x1
#2677 0 800000c6 fea42623 m f0040f0c   00000001  sw       x10, -0x14(x8)
#2678 0 800000ca fe842783 r 0f         00000000  lw       x15, -0x18(x8)
#2679 0 800000ce     0785 r 0f         00000001  c.addi   x15, 0x1
#2680 0 800000d0 fef42423 m f0040f08   00000001  sw       x15, -0x18(x8)
#2681 0 800000d4 fe842703 r 0e         00000001  lw       x14, -0x18(x8)
#2682 0 800000d8 fd842783 r 0f         00000001  lw       x15, -0x28(x8)
#2683 0 800000dc faf74de3 r 00         00000000  blt      x14, x15, . - 0x46
#2684 0 800000e0 fec42783 r 0f         00000001  lw       x15, -0x14(x8)
#2685 0 800000e4     853e r 0a         00000001  c.mv     x10, x15
#2686 0 800000e6     50b2 r 01         800000ba  c.lwsp   x1, 0x2c
#2687 0 800000e8     5422 r 08         f0040f50  c.lwsp   x8, 0x28
#2688 0 800000ea     5492 r 09         00000008  c.lwsp   x9, 0x24
#2689 0 800000ec     6145 r 02         f0040f20  c.addi16sp 0x3
#2690 0 800000ee     8082 r 00         00000000  c.jr     x1
#2691 0 800000ba     87aa r 0f         00000001  c.mv     x15, x10
#2692 0 800000bc     97a6 r 0f         00000009  c.add    x15, x9
#2693 0 800000be     85be r 0b         00000009  c.mv     x11, x15
#2694 0 800000c0 fec42503 r 0a         0000000a  lw       x10, -0x14(x8)
#2695 0 800000c4     3749 r 01         800000c6  c.jal    . - 0x7e
#2696 0 80000046     1101 r 02         f0040f00  c.addi   x2, -0x20
#2697 0 80000048     ce22 m f0040f1c   f0040f50  c.swsp   x8, 0x1c
#2698 0 8000004a     1000 r 08         f0040f20  c.addi4spn  x8, 0x8
#2699 0 8000004c fea42623 m f0040f0c   0000000a  sw       x10, -0x14(x8)
#2700 0 80000050 feb42423 m f0040f08   00000009  sw       x11, -0x18(x8)
#2701 0 80000054 fec42703 r 0e         0000000a  lw       x14, -0x14(x8)
#2702 0 80000058 fe842783 r 0f         00000009  lw       x15, -0x18(x8)
#2703 0 8000005c 00e7d363 r 00         00000000  bge      x15, x14, . + 0x6
#2704 0 80000060     87ba r 0f         0000000a  c.mv     x15, x14
#2705 0 80000062     853e r 0a         0000000a  c.mv     x10, x15
#2706 0 80000064     4472 r 08         f0040f50  c.lwsp   x8, 0x1c
#2707 0 80000066     6105 r 02         f0040f20  c.addi16sp 0x2
#2708 0 80000068     8082 r 00         00000000  c.jr     x1
#2709 0 800000c6 fea42623 m f0040f3c   0000000a  sw       x10, -0x14(x8)
#2710 0 800000ca fe842783 r 0f         00000002  lw       x15, -0x18(x8)
#2711 0 800000ce     0785 r 0f         00000003  c.addi   x15, 0x1
#2712 0 800000d0 fef42423 m f0040f38   00000003  sw       x15, -0x18(x8)
#2713 0 800000d4 fe842703 r 0e         00000003  lw       x14, -0x18(x8)
#2714 0 800000d8 fd842783 r 0f         00000004  lw       x15, -0x28(x8)
#2715 0 800000dc faf74de3 r 00         00000000  blt      x14, x15, . - 0x46
#2716 0 80000096 fe842783 r 0f         00000003  lw       x15, -0x18(x8)
#2717 0 8000009a     078a r 0f         0000000c  c.slli   x15, 2
#2718 0 8000009c fdc42703 r 0e         f0040fec  lw       x14, -0x24(x8)
#2719 0 800000a0     97ba r 0f         f0040ff8  c.add    x15, x14
#2720 0 800000a2     4384 r 09         00000009  c.lw     x9, 0x0(x15)
#2721 0 800000a4 fd842703 r 0e         00000004  lw       x14, -0x28(x8)
#2722 0 800000a8 fe842783 r 0f         00000003  lw       x15, -0x18(x8)
#2723 0 800000ac 40f707b3 r 0f         00000001  sub      x15, x14, x15
#2724 0 800000b0     17fd r 0f         00000000  c.addi   x15, -0x1
#2725 0 800000b2     85be r 0b         00000000  c.mv     x11, x15
#2726 0 800000b4 fdc42503 r 0a         f0040fec  lw       x10, -0x24(x8)
#2727 0 800000b8     3f4d r 01         800000ba  c.jal    . - 0x4e
#2728 0 8000006a     7179 r 02         f0040ef0  c.addi16sp -0x3
#2729 0 8000006c     d606 m f0040f1c   800000ba  c.swsp   x1, 0x2c
#2730 0 8000006e     d422 m f0040f18   f0040f50  c.swsp   x8, 0x28
#2731 0 80000070     d226 m f0040f14   00000009  c.swsp   x9, 0x24
#2732 0 80000072     1800 r 08         f0040f20  c.addi4spn  x8, 0xc
#2733 0 80000074 fca42e23 m f0040efc   f0040fec  sw       x10, -0x24(x8)
#2734 0 80000078 fcb42c23 m f0040ef8   00000000  sw       x11, -0x28(x8)
#2735 0 8000007c fd842783 r 0f         00000000  lw       x15, -0x28(x8)
#2736 0 80000080 00f04463 r 00         00000000  blt      x0, x15, . + 0x8
#2737 0 80000084     4781 r 0f         00000000  c.li     x15, 0x0
#2738 0 80000086     a8b9 r 00         00000000  c.j      . + 0x5e
#2739 0 800000e4     853e r 0a         00000000  c.mv     x10, x15
#2740 0 800000e6     50b2 r 01         800000ba  c.lwsp   x1, 0x2c
#2741 0 800000e8     5422 r 08         f0040f50  c.lwsp   x8, 0x28
#2742 0 800000ea     5492 r 09         00000009  c.lwsp   x9, 0x24
#2743 0 800000ec     6145 r 02         f0040f20  c.addi16sp 0x3
#2744 0 800000ee     8082 r 00         00000000  c.jr     x1
#2745 0 800000ba     87aa r 0f         00000000  c.mv     x15, x10
#2746 0 800000bc     97a6 r 0f         00000009  c.add    x15, x9
#2747 0 800000be     85be r 0b         00000009  c.mv     x11, x15
#2748 0 800000c0 fec42503 r 0a         0000000a  lw       x10, -0x14(x8)
#2749 0 800000c4     3749 r 01         800000c6  c.jal    . - 0x7e
#2750 0 80000046     1101 r 02         f0040f00  c.addi   x2, -0x20
#2751 0 80000048     ce22 m f0040f1c   f0040f50  c.swsp   x8, 0x1c
#2752 0 8000004a     1000 r 08         f0040f20  c.addi4spn  x8, 0x8
#2753 0 8000004c fea42623 m f0040f0c   0000000a  sw       x10, -0x14(x8)
#2754 0 80000050 feb42423 m f0040f08   00000009  sw       x11, -0x18(x8)
#2755 0 80000054 fec42703 r 0e         0000000a  lw       x14, -0x14(x8)
#2756 0 80000058 fe842783 r 0f         00000009  lw       x15, -0x18(x8)
#2757 0 8000005c 00e7d363 r 00         00000000  bge      x15, x14, . + 0x6
#2758 0 80000060     87ba r 0f         0000000a  c.mv     x15, x14
#2759 0 80000062     853e r 0a         0000000a  c.mv     x10, x15
#2760 0 80000064     4472 r 08         f0040f50  c.lwsp   x8, 0x1c
#2761 0 80000066     6105 r 02         f0040f20  c.addi16sp 0x2
#2762 0 80000068     8082 r 00         00000000  c.jr     x1
#2763 0 800000c6 fea42623 m f0040f3c   0000000a  sw       x10, -0x14(x8)
#2764 0 800000ca fe842783 r 0f         00000003  lw       x15, -0x18(x8)
#2765 0 800000ce     0785 r 0f         00000004  c.addi   x15, 0x1
#2766 0 800000d0 fef42423 m f0040f38   00000004  sw       x15, -0x18(x8)
#2767 0 800000d4 fe842703 r 0e         00000004  lw       x14, -0x18(x8)
#2768 0 800000d8 fd842783 r 0f         00000004  lw       x15, -0x28(x8)
#2769 0 800000dc faf74de3 r 00         00000000  blt      x14, x15, . - 0x46
#2770 0 800000e0 fec42783 r 0f         0000000a  lw       x15, -0x14(x8)
#2771 0 800000e4     853e r 0a         0000000a  c.mv     x10, x15
#2772 0 800000e6     50b2 r 01         800000ba  c.lwsp   x1, 0x2c
#2773 0 800000e8     5422 r 08         f0040f80  c.lwsp   x8, 0x28
#2774 0 800000ea     5492 r 09         00000005  c.lwsp   x9, 0x24
#2775 0 800000ec     6145 r 02         f0040f50  c.addi16sp 0x3
#2776 0 800000ee     8082 r 00         00000000  c.jr     x1
#2777 0 800000ba     87aa r 0f         0000000a  c.mv     x15, x10
#2778 0 800000bc     97a6 r 0f         0000000f  c.add    x15, x9
#2779 0 800000be     85be r 0b         0000000f  c.mv     x11, x15
#2780 0 800000c0 fec42503 r 0a         0000000e  lw       x10, -0x14(x8)
#2781 0 800000c4     3749 r 01         800000c6  c.jal    . - 0x7e
#2782 0 80000046     1101 r 02         f0040f30  c.addi   x2, -0x20
#2783 0 80000048     ce22 m f0040f4c   f0040f80  c.swsp   x8, 0x1c
#2784 0 8000004a     1000 r 08         f0040f50  c.addi4spn  x8, 0x8
#2785 0 8000004c fea42623 m f0040f3c   0000000e  sw       x10, -0x14(x8)
#2786 0 80000050 feb42423 m f0040f38   0000000f  sw       x11, -0x18(x8)
#2787 0 80000054 fec42703 r 0e         0000000e  lw       x14, -0x14(x8)
#2788 0 80000058 fe842783 r 0f         0000000f  lw       x15, -0x18(x8)
#2789 0 8000005c 00e7d363 r 00         00000000  bge      x15, x14, . + 0x6
#2790 0 80000062     853e r 0a         0000000f  c.mv     x10, x15
#2791 0 80000064     4472 r 08         f0040f80  c.lwsp   x8, 0x1c
#2792 0 80000066     6105 r 02         f0040f50  c.addi16sp 0x2
#2793 0 80000068     8082 r 00         00000000  c.jr     x1
#2794 0 800000c6 fea42623 m f0040f6c   0000000f  sw       x10, -0x14(x8)
#2795 0 800000ca fe842783 r 0f         00000001  lw       x15, -0x18(x8)
#2796 0 800000ce     0785 r 0f         00000002  c.addi   x15, 0x1
#2797 0 800000d0 fef42423 m f0040f68   00000002  sw       x15, -0x18(x8)
#2798 0 800000d4 fe842703 r 0e         00000002  lw       x14, -0x18(x8)
#2799 0 800000d8 fd842783 r 0f         00000006  lw       x15, -0x28(x8)
#2800 0 800000dc faf74de3 r 00         00000000  blt      x14, x15, . - 0x46
#2801 0 80000096 fe842783 r 0f         00000002  lw       x15, -0x18(x8)
#2802 0 8000009a     078a r 0f         00000008  c.slli   x15, 2
#2803 0 8000009c fdc42703 r 0e         f0040fec  lw       x14, -0x24(x8)
#2804 0 800000a0     97ba r 0f         f0040ff4  c.add    x15, x14
#2805 0 800000a2     4384 r 09         00000008  c.lw     x9, 0x0(x15)
#2806 0 800000a4 fd842703 r 0e         00000006  lw       x14, -0x28(x8)
#2807 0 800000a8 fe842783 r 0f         00000002  lw       x15, -0x18(x8)
#2808 0 800000ac 40f707b3 r 0f         00000004  sub      x15, x14, x15
#2809 0 800000b0     17fd r 0f         00000003  c.addi   x15, -0x1
#2810 0 800000b2     85be r 0b         00000003  c.mv     x11, x15
#2811 0 800000b4 fdc42503 r 0a         f0040fec  lw       x10, -0x24(x8)
#2812 0 800000b8     3f4d r 01         800000ba  c.jal    . - 0x4e
#2813 0 8000006a     7179 r 02         f0040f20  c.addi16sp -0x3
#2814 0 8000006c     d606 m f0040f4c   800000ba  c.swsp   x1, 0x2c
#2815 0 8000006e     d422 m f0040f48   f0040f80  c.swsp   x8, 0x28
#2816 0 80000070     d226 m f0040f44   00000008  c.swsp   x9, 0x24
#2817 0 80000072     1800 r 08         f0040f50  c.addi4spn  x8, 0xc
#2818 0 80000074 fca42e23 m f0040f2c   f0040fec  sw       x10, -0x24(x8)
#2819 0 80000078 fcb42c23 m f0040f28   00000003  sw       x11, -0x28(x8)
#2820 0 8000007c fd842783 r 0f         00000003  lw       x15, -0x28(x8)
#2821 0 80000080 00f04463 r 00         00000000  blt      x0, x15, . + 0x8
#2822 0 80000088 800007b7 r 0f         80000000  lui      x15, -0x80000
#2823 0 8000008c fef42623 m f0040f3c   80000000  sw       x15, -0x14(x8)
#2824 0 80000090 fe042423 m f0040f38   00000000  sw       x0, -0x18(x8)
#2825 0 80000094     a081 r 00         00000000  c.j      . + 0x40
#2826 0 800000d4 fe842703 r 0e         00000000  lw       x14, -0x18(x8)
#2827 0 800000d8 fd842783 r 0f         00000003  lw       x15, -0x28(x8)
#2828 0 800000dc faf74de3 r 00         00000000  blt      x14, x15, . - 0x46
#2829 0 80000096 fe842783 r 0f         00000000  lw       x15, -0x18(x8)
#2830 0 8000009a     078a r 0f         00000000  c.slli   x15, 2
#2831 0 8000009c fdc42703 r 0e         f0040fec  lw       x14, -0x24(x8)
#2832 0 800000a0     97ba r 0f         f0040fec  c.add    x15, x14
#2833 0 800000a2     4384 r 09         00000001  c.lw     x9, 0x0(x15)
#2834 0 800000a4 fd842703 r 0e         00000003  lw       x14, -0x28(x8)
#2835 0 800000a8 fe842783 r 0f         00000000  lw       x15, -0x18(x8)
#2836 0 800000ac 40f707b3 r 0f         00000003  sub      x15, x14, x15
#2837 0 800000b0     17fd r 0f         00000002  c.addi   x15, -0x1
#2838 0 800000b2     85be r 0b         00000002  c.mv     x11, x15
#2839 0 800000b4 fdc42503 r 0a         f0040fec  lw       x10, -0x24(x8)
#2840 0 800000b8     3f4d r 01         800000ba  c.jal    . - 0x4e
#2841 0 8000006a     7179 r 02         f0040ef0  c.addi16sp -0x3
#2842 0 8000006c     d606 m f0040f1c   800000ba  c.swsp   x1, 0x2c
#2843 0 8000006e     d422 m f0040f18   f0040f50  c.swsp   x8, 0x28
#2844 0 80000070     d226 m f0040f14   00000001  c.swsp   x9, 0x24
#2845 0 80000072     1800 r 08         f0040f20  c.addi4spn  x8, 0xc
#2846 0 80000074 fca42e23 m f0040efc   f0040fec  sw       x10, -0x24(x8)
#2847 0 80000078 fcb42c23 m f0040ef8   00000002  sw       x11, -0x28(x8)
#2848 0 8000007c fd842783 r 0f         00000002  lw       x15, -0x28(x8)
#2849 0 80000080 00f04463 r 00         00000000  blt      x0, x15, . + 0x8
#2850 0 80000088 800007b7 r 0f         80000000  lui      x15, -0x80000
#2851 0 8000008c fef42623 m f0040f0c   80000000  sw       x15, -0x14(x8)
#2852 0 80000090 fe042423 m f0040f08   00000000  sw       x0, -0x18(x8)
#2853 0 80000094     a081 r 00         00000000  c.j      . + 0x40
#2854 0 800000d4 fe842703 r 0e         00000000  lw       x14, -0x18(x8)
#2855 0 800000d8 fd842783 r 0f         00000002  lw       x15, -0x28(x8)
#2856 0 800000dc faf74de3 r 00         00000000  blt      x14, x15, . - 0x46
#2857 0 80000096 fe842783 r 0f         00000000  lw       x15, -0x18(x8)
#2858 0 8000009a     078a r 0f         00000000  c.slli   x15, 2
#2859 0 8000009c fdc42703 r 0e         f0040fec  lw       x14, -0x24(x8)
#2860 0 800000a0     97ba r 0f         f0040fec  c.add    x15, x14
#2861 0 800000a2     4384 r 09         00000001  c.lw     x9, 0x0(x15)
#2862 0 800000a4 fd842703 r 0e         00000002  lw       x14, -0x28(x8)
#2863 0 800000a8 fe842783 r 0f         00000000  lw       x15, -0x18(x8)
#2864 0 800000ac 40f707b3 r 0f         00000002  sub      x15, x14, x15
#2865 0 800000b0     17fd r 0f         00000001  c.addi   x15, -0x1
#2866 0 800000b2     85be r 0b         00000001  c.mv     x11, x15
#2867 0 800000b4 fdc42503 r 0a         f0040fec  lw       x10, -0x24(x8)
#2868 0 800000b8     3f4d r 01         800000ba  c.jal    . - 0x4e
#2869 0 8000006a     7179 r 02         f0040ec0  c.addi16sp -0x3
#2870 0 8000006c     d606 m f0040eec   800000ba  c.swsp   x1, 0x2c
#2871 0 8000006e     d422 m f0040ee8   f0040f20  c.swsp   x8, 0x28
#2872 0 80000070     d226 m f0040ee4   00000001  c.swsp   x9, 0x24
#2873 0 80000072     1800 r 08         f0040ef0  c.addi4spn  x8, 0xc
#2874 0 80000074 fca42e23 m f0040ecc   f0040fec  sw       x10, -0x24(x8)
#2875 0 80000078 fcb42c23 m f0040ec8   00000001  sw       x11, -0x28(x8)
#2876 0 8000007c fd842783 r 0f         00000001  lw       x15, -0x28(x8)
#2877 0 80000080 00f04463 r 00         00000000  blt      x0, x15, . + 0x8
#2878 0 80000088 800007b7 r 0f         80000000  lui      x15, -0x80000
#2879 0 8000008c fef42623 m f0040edc   80000000  sw       x15, -0x14(x8)
#2880 0 80000090 fe042423 m f0040ed8   00000000  sw       x0, -0x18(x8)
#2881 0 80000094     a081 r 00         00000000  c.j      . + 0x40
#2882 0 800000d4 fe842703 r 0e         00000000  lw       x14, -0x18(x8)
#2883 0 800000d8 fd842783 r 0f         00000001  lw       x15, -0x28(x8)
#2884 0 800000dc faf74de3 r 00         00000000  blt      x14, x15, . - 0x46
#2885 0 80000096 fe842783 r 0f         00000000  lw       x15, -0x18(x8)
#2886 0 8000009a     078a r 0f         00000000  c.slli   x15, 2
#2887 0 8000009c fdc42703 r 0e         f0040fec  lw       x14, -0x24(x8)
#2888 0 800000a0     97ba r 0f         f0040fec  c.add    x15, x14
#2889 0 800000a2     4384 r 09         00000001  c.lw     x9, 0x0(x15)
#2890 0 800000a4 fd842703 r 0e         00000001  lw       x14, -0x28(x8)
#2891 0 800000a8 fe842783 r 0f         00000000  lw       x15, -0x18(x8)
#2892 0 800000ac 40f707b3 r 0f         00000001  sub      x15, x14, x15
#2893 0 800000b0     17fd r 0f         00000000  c.addi   x15, -0x1
#2894 0 800000b2     85be r 0b         00000000  c.mv     x11, x15
#2895 0 800000b4 fdc42503 r 0a         f0040fec  lw       x10, -0x24(x8)
#2896 0 800000b8     3f4d r 01         800000ba  c.jal    . - 0x4e
#2897 0 8000006a     7179 r 02         f0040e90  c.addi16sp -0x3
#2898 0 8000006c     d606 m f0040ebc   800000ba  c.swsp   x1, 0x2c
#2899 0 8000006e     d422 m f0040eb8   f0040ef0  c.swsp   x8, 0x28
#2900 0 80000070     d226 m f0040eb4   00000001  c.swsp   x9, 0x24
#2901 0 80000072     1800 r 08         f0040ec0  c.addi4spn  x8, 0xc
#2902 0 80000074 fca42e23 m f0040e9c   f0040fec  sw       x10, -0x24(x8)
#2903 0 80000078 fcb42c23 m f0040e98   00000000  sw       x11, -0x28(x8)
#2904 0 8000007c fd842783 r 0f         00000000  lw       x15, -0x28(x8)
#2905 0 80000080 00f04463 r 00         00000000  blt      x0, x15, . + 0x8
#2906 0 80000084     4781 r 0f         00000000  c.li     x15, 0x0
#2907 0 80000086     a8b9 r 00         00000000  c.j      . + 0x5e
#2908 0 800000e4     853e r 0a         00000000  c.mv     x10, x15
#2909 0 800000e6     50b2 r 01         800000ba  c.lwsp   x1, 0x2c
#2910 0 800000e8     5422 r 08         f0040ef0  c.lwsp   x8, 0x28
#2911 0 800000ea     5492 r 09         00000001  c.lwsp   x9, 0x24
#2912 0 800000ec     6145 r 02         f0040ec0  c.addi16sp 0x3
#2913 0 800000ee     8082 r 00         00000000  c.jr     x1
#2914 0 800000ba     87aa r 0f         00000000  c.mv     x15, x10
#2915 0 800000bc     97a6 r 0f         00000001  c.add    x15, x9
#2916 0 800000be     85be r 0b         00000001  c.mv     x11, x15
#2917 0 800000c0 fec42503 r 0a         80000000  lw       x10, -0x14(x8)
#2918 0 800000c4     3749 r 01         800000c6  c.jal    . - 0x7e
#2919 0 80000046     1101 r 02         f0040ea0  c.addi   x2, -0x20
#2920 0 80000048     ce22 m f0040ebc   f0040ef0  c.swsp   x8, 0x1c
#2921 0 8000004a     1000 r 08         f0040ec0  c.addi4spn  x8, 0x8
#2922 0 8000004c fea42623 m f0040eac   80000000  sw       x10, -0x14(x8)
#2923 0 80000050 feb42423 m f0040ea8   00000001  sw       x11, -0x18(x8)
#2924 0 80000054 fec42703 r 0e         80000000  lw       x14, -0x14(x8)
#2925 0 80000058 fe842783 r 0f         00000001  lw       x15, -0x18(x8)
#2926 0 8000005c 00e7d363 r 00         00000000  bge      x15, x14, . + 0x6
#2927 0 80000062     853e r 0a         00000001  c.mv     x10, x15
#2928 0 80000064     4472 r 08         f0040ef0  c.lwsp   x8, 0x1c
#2929 0 80000066     6105 r 02         f0040ec0  c.addi16sp 0x2
#2930 0 80000068     8082 r 00         00000000  c.jr     x1
#2931 0 800000c6 fea42623 m f0040edc   00000001  sw       x10, -0x14(x8)
#2932 0 800000ca fe842783 r 0f         00000000  lw       x15, -0x18(x8)
#2933 0 800000ce     0785 r 0f         00000001  c.addi   x15, 0x1
#2934 0 800000d0 fef42423 m f0040ed8   00000001  sw       x15, -0x18(x8)
#2935 0 800000d4 fe842703 r 0e         00000001  lw       x14, -0x18(x8)
#2936 0 800000d8 fd842783 r 0f         00000001  lw       x15, -0x28(x8)
#2937 0 800000dc faf74de3 r 00         00000000  blt      x14, x15, . - 0x46
#2938 0 800000e0 fec42783 r 0f         00000001  lw       x15, -0x14(x8)
#2939 0 800000e4     853e r 0a         00000001  c.mv     x10, x15
#2940 0 800000e6     50b2 r 01         800000ba  c.lwsp   x1, 0x2c
#2941 0 800000e8     5422 r 08         f0040f20  c.lwsp   x8, 0x28
#2942 0 800000ea     5492 r 09         00000001  c.lwsp   x9, 0x24
#2943 0 800000ec     6145 r 02         f0040ef0  c.addi16sp 0x3
#2944 0 800000ee     8082 r 00         00000000  c.jr     x1
#2945 0 800000ba     87aa r 0f         00000001  c.mv     x15, x10
#2946 0 800000bc     97a6 r 0f         00000002  c.add    x15, x9
#2947 0 800000be     85be r 0b         00000002  c.mv     x11, x15
#2948 0 800000c0 fec42503 r 0a         80000000  lw       x10, -0x14(x8)
#2949 0 800000c4     3749 r 01         800000c6  c.jal    . - 0x7e
#2950 0 80000046     1101 r 02         f0040ed0  c.addi   x2, -0x20
#2951 0 80000048     ce22 m f0040eec   f0040f20  c.swsp   x8, 0x1c
#2952 0 8000004a     1000 r 08         f0040ef0  c.addi4spn  x8, 0x8
#2953 0 8000004c fea42623 m f0040edc   80000000  sw       x10, -0x14(x8)
#2954 0 80000050 feb42423 m f0040ed8   00000002  sw       x11, -0x18(x8)
#2955 0 80000054 fec42703 r 0e         80000000  lw       x14, -0x14(x8)
#2956 0 80000058 fe842783 r 0f         00000002  lw       x15, -0x18(x8)
#2957 0 8000005c 00e7d363 r 00         00000000  bge      x15, x14, . + 0x6
#2958 0 80000062     853e r 0a         00000002  c.mv     x10, x15
#2959 0 80000064     4472 r 08         f0040f20  c.lwsp   x8, 0x1c
#2960 0 80000066     6105 r 02         f0040ef0  c.addi16sp 0x2
#2961 0 80000068     8082 r 00         00000000  c.jr     x1
#2962 0 800000c6 fea42623 m f0040f0c   00000002  sw       x10, -0x14(x8)
#2963 0 800000ca fe842783 r 0f         00000000  lw       x15, -0x18(x8)
#2964 0 800000ce     0785 r 0f         00000001  c.addi   x15, 0x1
#2965 0 800000d0 fef42423 m f0040f08   00000001  sw       x15, -0x18(x8)
#2966 0 800000d4 fe842703 r 0e         00000001  lw       x14, -0x18(x8)
#2967 0 800000d8 fd842783 r 0f         00000002  lw       x15, -0x28(x8)
#2968 0 800000dc faf74de3 r 00         00000000  blt      x14, x15, . - 0x46
#2969 0 80000096 fe842783 r 0f         00000001  lw       x15, -0x18(x8)
#2970 0 8000009a     078a r 0f         00000004  c.slli   x15, 2
#2971 0 8000009c fdc42703 r 0e         f0040fec  lw       x14, -0x24(x8)
#2972 0 800000a0     97ba r 0f         f0040ff0  c.add    x15, x14
#2973 0 800000a2     4384 r 09         00000005  c.lw     x9, 0x0(x15)
#2974 0 800000a4 fd842703 r 0e         00000002  lw       x14, -0x28(x8)
#2975 0 800000a8 fe842783 r 0f         00000001  lw       x15, -0x18(x8)
#2976 0 800000ac 40f707b3 r 0f         00000001  sub      x15, x14, x15
#2977 0 800000b0     17fd r 0f         00000000  c.addi   x15, -0x1
#2978 0 800000b2     85be r 0b         00000000  c.mv     x11, x15
#2979 0 800000b4 fdc42503 r 0a         f0040fec  lw       x10, -0x24(x8)
#2980 0 800000b8     3f4d r 01         800000ba  c.jal    . - 0x4e
#2981 0 8000006a     7179 r 02         f0040ec0  c.addi16sp -0x3
#2982 0 8000006c     d606 m f0040eec   800000ba  c.swsp   x1, 0x2c
#2983 0 8000006e     d422 m f0040ee8   f0040f20  c.swsp   x8, 0x28
#2984 0 80000070     d226 m f0040ee4   00000005  c.swsp   x9, 0x24
#2985 0 80000072     1800 r 08         f0040ef0  c.addi4spn  x8, 0xc
#2986 0 80000074 fca42e23 m f0040ecc   f0040fec  sw       x10, -0x24(x8)
#2987 0 80000078 fcb42c23 m f0040ec8   00000000  sw       x11, -0x28(x8)
#2988 0 8000007c fd842783 r 0f         00000000  lw       x15, -0x28(x8)
#2989 0 80000080 00f04463 r 00         00000000  blt      x0, x15, . + 0x8
#2990 0 80000084     4781 r 0f         00000000  c.li     x15, 0x0
#2991 0 80000086     a8b9 r 00         00000000  c.j      . + 0x5e
#2992 0 800000e4     853e r 0a         00000000  c.mv     x10, x15
#2993 0 800000e6     50b2 r 01         800000ba  c.lwsp   x1, 0x2c
#2994 0 800000e8     5422 r 08         f0040f20  c.lwsp   x8, 0x28
#2995 0 800000ea     5492 r 09         00000005  c.lwsp   x9, 0x24
#2996 0 800000ec     6145 r 02         f0040ef0  c.addi16sp 0x3
#2997 0 800000ee     8082 r 00         00000000  c.jr     x1
#2998 0 800000ba     87aa r 0f         00000000  c.mv     x15, x10
#2999 0 800000bc     97a6 r 0f         00000005  c.add    x15, x9
#3000 0 800000be     85be r 0b         00000005  c.mv     x11, x15
#3001 0 800000c0 fec42503 r 0a         00000002  lw       x10, -0x14(x8)
#3002 0 800000c4     3749 r 01         800000c6  c.jal    . - 0x7e
#3003 0 80000046     1101 r 02         f0040ed0  c.addi   x2, -0x20
#3004 0 80000048     ce22 m f0040eec   f0040f20  c.swsp   x8, 0x1c
#3005 0 8000004a     1000 r 08         f0040ef0  c.addi4spn  x8, 0x8
#3006 0 8000004c fea42623 m f0040edc   00000002  sw       x10, -0x14(x8)
#3007 0 80000050 feb42423 m f0040ed8   00000005  sw       x11, -0x18(x8)
#3008 0 80000054 fec42703 r 0e         00000002  lw       x14, -0x14(x8)
#3009 0 80000058 fe842783 r 0f         00000005  lw       x15, -0x18(x8)
#3010 0 8000005c 00e7d363 r 00         00000000  bge      x15, x14, . + 0x6
#3011 0 80000062     853e r 0a         00000005  c.mv     x10, x15
#3012 0 80000064     4472 r 08         f0040f20  c.lwsp   x8, 0x1c
#3013 0 80000066     6105 r 02         f0040ef0  c.addi16sp 0x2
#3014 0 80000068     8082 r 00         00000000  c.jr     x1
#3015 0 800000c6 fea42623 m f0040f0c   00000005  sw       x10, -0x14(x8)
#3016 0 800000ca fe842783 r 0f         00000001  lw       x15, -0x18(x8)
#3017 0 800000ce     0785 r 0f         00000002  c.addi   x15, 0x1
#3018 0 800000d0 fef42423 m f0040f08   00000002  sw       x15, -0x18(x8)
#3019 0 800000d4 fe842703 r 0e         00000002  lw       x14, -0x18(x8)
#3020 0 800000d8 fd842783 r 0f         00000002  lw       x15, -0x28(x8)
#3021 0 800000dc faf74de3 r 00         00000000  blt      x14, x15, . - 0x46
#3022 0 800000e0 fec42783 r 0f         00000005  lw       x15, -0x14(x8)
#3023 0 800000e4     853e r 0a         00000005  c.mv     x10, x15
#3024 0 800000e6     50b2 r 01         800000ba  c.lwsp   x1, 0x2c
#3025 0 800000e8     5422 r 08         f0040f50  c.lwsp   x8, 0x28
#3026 0 800000ea     5492 r 09         00000001  c.lwsp   x9, 0x24
#3027 0 800000ec     6145 r 02         f0040f20  c.addi16sp 0x3
#3028 0 800000ee     8082 r 00         00000000  c.jr     x1
#3029 0 800000ba     87aa r 0f         00000005  c.mv     x15, x10
#3030 0 800000bc     97a6 r 0f         00000006  c.add    x15, x9
#3031 0 800000be     85be r 0b         00000006  c.mv     x11, x15
#3032 0 800000c0 fec42503 r 0a         80000000  lw       x10, -0x14(x8)
#3033 0 800000c4     3749 r 01         800000c6  c.jal    . - 0x7e
#3034 0 80000046     1101 r 02         f0040f00  c.addi   x2, -0x20
#3035 0 80000048     ce22 m f0040f1c   f0040f50  c.swsp   x8, 0x1c
#3036 0 8000004a     1000 r 08         f0040f20  c.addi4spn  x8, 0x8
#3037 0 8000004c fea42623 m f0040f0c   80000000  sw       x10, -0x14(x8)
#3038 0 80000050 feb42423 m f0040f08   00000006  sw       x11, -0x18(x8)
#3039 0 80000054 fec42703 r 0e         80000000  lw       x14, -0x14(x8)
#3040 0 80000058 fe842783 r 0f         00000006  lw       x15, -0x18(x8)
#3041 0 8000005c 00e7d363 r 00         00000000  bge      x15, x14, . + 0x6
#3042 0 80000062     853e r 0a         00000006  c.mv     x10, x15
#3043 0 80000064     4472 r 08         f0040f50  c.lwsp   x8, 0x1c
#3044 0 80000066     6105 r 02         f0040f20  c.addi16sp 0x2
#3045 0 80000068     8082 r 00         00000000  c.jr     x1
#3046 0 800000c6 fea42623 m f0040f3c   00000006  sw       x10, -0x14(x8)
#3047 0 800000ca fe842783 r 0f         00000000  lw       x15, -0x18(x8)
#3048 0 800000ce     0785 r 0f         00000001  c.addi   x15, 0x1
#3049 0 800000d0 fef42423 m f0040f38   00000001  sw       x15, -0x18(x8)
#3050 0 800000d4 fe842703 r 0e         00000001  lw       x14, -0x18(x8)
#3051 0 800000d8 fd842783 r 0f         00000003  lw       x15, -0x28(x8)
#3052 0 800000dc faf74de3 r 00         00000000  blt      x14, x15, . - 0x46
#3053 0 80000096 fe842783 r 0f         00000001  lw       x15, -0x18(x8)
#3054 0 8000009a     078a r 0f         00000004  c.slli   x15, 2
#3055 0 8000009c fdc42703 r 0e         f0040fec  lw       x14, -0x24(x8)
#3056 0 800000a0     97ba r 0f         f0040ff0  c.add    x15, x14
#3057 0 800000a2     4384 r 09         00000005  c.lw     x9, 0x0(x15)
#3058 0 800000a4 fd842703 r 0e         00000003  lw       x14, -0x28(x8)
#3059 0 800000a8 fe842783 r 0f         00000001  lw       x15, -0x18(x8)
#3060 0 800000ac 40f707b3 r 0f         00000002  sub      x15, x14, x15
#3061 0 800000b0     17fd r 0f         00000001  c.addi   x15, -0x1
#3062 0 800000b2     85be r 0b         00000001  c.mv     x11, x15
#3063 0 800000b4 fdc42503 r 0a         f0040fec  lw       x10, -0x24(x8)
#3064 0 800000b8     3f4d r 01         800000ba  c.jal    . - 0x4e
#3065 0 8000006a     7179 r 02         f0040ef0  c.addi16sp -0x3
#3066 0 8000006c     d606 m f0040f1c   800000ba  c.swsp   x1, 0x2c
#3067 0 8000006e     d422 m f0040f18   f0040f50  c.swsp   x8, 0x28
#3068 0 80000070     d226 m f0040f14   00000005  c.swsp   x9, 0x24
#3069 0 80000072     1800 r 08         f0040f20  c.addi4spn  x8, 0xc
#3070 0 80000074 fca42e23 m f0040efc   f0040fec  sw       x10, -0x24(x8)
#3071 0 80000078 fcb42c23 m f0040ef8   00000001  sw       x11, -0x28(x8)
#3072 0 8000007c fd842783 r 0f         00000001  lw       x15, -0x28(x8)
#3073 0 80000080 00f04463 r 00         00000000  blt      x0, x15, . + 0x8
#3074 0 80000088 800007b7 r 0f         80000000  lui      x15, -0x80000
#3075 0 8000008c fef42623 m f0040f0c   80000000  sw       x15, -0x14(x8)
#3076 0 80000090 fe042423 m f0040f08   00000000  sw       x0, -0x18(x8)
#3077 0 80000094     a081 r 00         00000000  c.j      . + 0x40
#3078 0 800000d4 fe842703 r 0e         00000000  lw       x14, -0x18(x8)
#3079 0 800000d8 fd842783 r 0f         00000001  lw       x15, -0x28(x8)
#3080 0 800000dc faf74de3 r 00         00000000  blt      x14, x15, . - 0x46
#3081 0 80000096 fe842783 r 0f         00000000  lw       x15, -0x18(x8)
#3082 0 8000009a     078a r 0f         00000000  c.slli   x15, 2
#3083 0 8000009c fdc42703 r 0e         f0040fec  lw       x14, -0x24(x8)
#3084 0 800000a0     97ba r 0f         f0040fec  c.add    x15, x14
#3085 0 800000a2     4384 r 09         00000001  c.lw     x9, 0x0(x15)
#3086 0 800000a4 fd842703 r 0e         00000001  lw       x14, -0x28(x8)
#3087 0 800000a8 fe842783 r 0f         00000000  lw       x15, -0x18(x8)
#3088 0 800000ac 40f707b3 r 0f         00000001  sub      x15, x14, x15
#3089 0 800000b0     17fd r 0f         00000000  c.addi   x15, -0x1
#3090 0 800000b2     85be r 0b         00000000  c.mv     x11, x15
#3091 0 800000b4 fdc42503 r 0a         f0040fec  lw       x10, -0x24(x8)
#3092 0 800000b8     3f4d r 01         800000ba  c.jal    . - 0x4e
#3093 0 8000006a     7179 r 02         f0040ec0  c.addi16sp -0x3
#3094 0 8000006c     d606 m f0040eec   800000ba  c.swsp   x1, 0x2c
#3095 0 8000006e     d422 m f0040ee8   f0040f20  c.swsp   x8, 0x28
#3096 0 80000070     d226 m f0040ee4   00000001  c.swsp   x9, 0x24
#3097 0 80000072     1800 r 08         f0040ef0  c.addi4spn  x8, 0xc
#3098 0 80000074 fca42e23 m f0040ecc   f0040fec  sw       x10, -0x24(x8)
#3099 0 80000078 fcb42c23 m f0040ec8   00000000  sw       x11, -0x28(x8)
#3100 0 8000007c fd842783 r 0f         00000000  lw       x15, -0x28(x8)
#3101 0 80000080 00f04463 r 00         00000000  blt      x0, x15, . + 0x8
#3102 0 80000084     4781 r 0f         00000000  c.li     x15, 0x0
#3103 0 80000086     a8b9 r 00         00000000  c.j      . + 0x5e
#3104 0 800000e4     853e r 0a         00000000  c.mv     x10, x15
#3105 0 800000e6     50b2 r 01         800000ba  c.lwsp   x1, 0x2c
#3106 0 800000e8     5422 r 08         f0040f20  c.lwsp   x8, 0x28
#3107 0 800000ea     5492 r 09         00000001  c.lwsp   x9, 0x24
#3108 0 800000ec     6145 r 02         f0040ef0  c.addi16sp 0x3
#3109 0 800000ee     8082 r 00         00000000  c.jr     x1
#3110 0 800000ba     87aa r 0f         00000000  c.mv     x15, x10
#3111 0 800000bc     97a6 r 0f         00000001  c.add    x15, x9
#3112 0 800000be     85be r 0b         00000001  c.mv     x11, x15
#3113 0 800000c0 fec42503 r 0a         80000000  lw       x10, -0x14(x8)
#3114 0 800000c4     3749 r 01         800000c6  c.jal    . - 0x7e
#3115 0 80000046     1101 r 02         f0040ed0  c.addi   x2, -0x20
#3116 0 80000048     ce22 m f0040eec   f0040f20  c.swsp   x8, 0x1c
#3117 0 8000004a     1000 r 08         f0040ef0  c.addi4spn  x8, 0x8
#3118 0 8000004c fea42623 m f0040edc   80000000  sw       x10, -0x14(x8)
#3119 0 80000050 feb42423 m f0040ed8   00000001  sw       x11, -0x18(x8)
#3120 0 80000054 fec42703 r 0e         80000000  lw       x14, -0x14(x8)
#3121 0 80000058 fe842783 r 0f         00000001  lw       x15, -0x18(x8)
#3122 0 8000005c 00e7d363 r 00         00000000  bge      x15, x14, . + 0x6
#3123 0 80000062     853e r 0a         00000001  c.mv     x10, x15
#3124 0 80000064     4472 r 08         f0040f20  c.lwsp   x8, 0x1c
#3125 0 80000066     6105 r 02         f0040ef0  c.addi16sp 0x2
#3126 0 80000068     8082 r 00         00000000  c.jr     x1
#3127 0 800000c6 fea42623 m f0040f0c   00000001  sw       x10, -0x14(x8)
#3128 0 800000ca fe842783 r 0f         00000000  lw       x15, -0x18(x8)
#3129 0 800000ce     0785 r 0f         00000001  c.addi   x15, 0x1
#3130 0 800000d0 fef42423 m f0040f08   00000001  sw       x15, -0x18(x8)
#3131 0 800000d4 fe842703 r 0e         00000001  lw       x14, -0x18(x8)
#3132 0 800000d8 fd842783 r 0f         00000001  lw       x15, -0x28(x8)
#3133 0 800000dc faf74de3 r 00         00000000  blt      x14, x15, . - 0x46
#3134 0 800000e0 fec42783 r 0f         00000001  lw       x15, -0x14(x8)
#3135 0 800000e4     853e r 0a         00000001  c.mv     x10, x15
#3136 0 800000e6     50b2 r 01         800000ba  c.lwsp   x1, 0x2c
#3137 0 800000e8     5422 r 08         f0040f50  c.lwsp   x8, 0x28
#3138 0 800000ea     5492 r 09         00000005  c.lwsp   x9, 0x24
#3139 0 800000ec     6145 r 02         f0040f20  c.addi16sp 0x3
#3140 0 800000ee     8082 r 00         00000000  c.jr     x1
#3141 0 800000ba     87aa r 0f         00000001  c.mv     x15, x10
#3142 0 800000bc     97a6 r 0f         00000006  c.add    x15, x9
#3143 0 800000be     85be r 0b         00000006  c.mv     x11, x15
#3144 0 800000c0 fec42503 r 0a         00000006  lw       x10, -0x14(x8)
#3145 0 800000c4     3749 r 01         800000c6  c.jal    . - 0x7e
#3146 0 80000046     1101 r 02         f0040f00  c.addi   x2, -0x20
#3147 0 80000048     ce22 m f0040f1c   f0040f50  c.swsp   x8, 0x1c
#3148 0 8000004a     1000 r 08         f0040f20  c.addi4spn  x8, 0x8
#3149 0 8000004c fea42623 m f0040f0c   00000006  sw       x10, -0x14(x8)
#3150 0 80000050 feb42423 m f0040f08   00000006  sw       x11, -0x18(x8)
#3151 0 80000054 fec42703 r 0e         00000006  lw       x14, -0x14(x8)
#3152 0 80000058 fe842783 r 0f         00000006  lw       x15, -0x18(x8)
#3153 0 8000005c 00e7d363 r 00         00000000  bge      x15, x14, . + 0x6
#3154 0 80000062     853e r 0a         00000006  c.mv     x10, x15
#3155 0 80000064     4472 r 08         f0040f50  c.lwsp   x8, 0x1c
#3156 0 80000066     6105 r 02         f0040f20  c.addi16sp 0x2
#3157 0 80000068     8082 r 00         00000000  c.jr     x1
#3158 0 800000c6 fea42623 m f0040f3c   00000006  sw       x10, -0x14(x8)
#3159 0 800000ca fe842783 r 0f         00000001  lw       x15, -0x18(x8)
#3160 0 800000ce     0785 r 0f         00000002  c.addi   x15, 0x1
#3161 0 800000d0 fef42423 m f0040f38   00000002  sw       x15, -0x18(x8)
#3162 0 800000d4 fe842703 r 0e         00000002  lw       x14, -0x18(x8)
#3163 0 800000d8 fd842783 r 0f         00000003  lw       x15, -0x28(x8)
#3164 0 800000dc faf74de3 r 00         00000000  blt      x14, x15, . - 0x46
#3165 0 80000096 fe842783 r 0f         00000002  lw       x15, -0x18(x8)
#3166 0 8000009a     078a r 0f         00000008  c.slli   x15, 2
#3167 0 8000009c fdc42703 r 0e         f0040fec  lw       x14, -0x24(x8)
#3168 0 800000a0     97ba r 0f         f0040ff4  c.add    x15, x14
#3169 0 800000a2     4384 r 09         00000008  c.lw     x9, 0x0(x15)
#3170 0 800000a4 fd842703 r 0e         00000003  lw       x14, -0x28(x8)
#3171 0 800000a8 fe842783 r 0f         00000002  lw       x15, -0x18(x8)
#3172 0 800000ac 40f707b3 r 0f         00000001  sub      x15, x14, x15
#3173 0 800000b0     17fd r 0f         00000000  c.addi   x15, -0x1
#3174 0 800000b2     85be r 0b         00000000  c.mv     x11, x15
#3175 0 800000b4 fdc42503 r 0a         f0040fec  lw       x10, -0x24(x8)
#3176 0 800000b8     3f4d r 01         800000ba  c.jal    . - 0x4e
#3177 0 8000006a     7179 r 02         f0040ef0  c.addi16sp -0x3
#3178 0 8000006c     d606 m f0040f1c   800000ba  c.swsp   x1, 0x2c
#3179 0 8000006e     d422 m f0040f18   f0040f50  c.swsp   x8, 0x28
#3180 0 80000070     d226 m f0040f14   00000008  c.swsp   x9, 0x24
#3181 0 80000072     1800 r 08         f0040f20  c.addi4spn  x8, 0xc
#3182 0 80000074 fca42e23 m f0040efc   f0040fec  sw       x10, -0x24(x8)
#3183 0 80000078 fcb42c23 m f0040ef8   00000000  sw       x11, -0x28(x8)
#3184 0 8000007c fd842783 r 0f         00000000  lw       x15, -0x28(x8)
#3185 0 80000080 00f04463 r 00         00000000  blt      x0, x15, . + 0x8
#3186 0 80000084     4781 r 0f         00000000  c.li     x15, 0x0
#3187 0 80000086     a8b9 r 00         00000000  c.j      . + 0x5e
#3188 0 800000e4     853e r 0a         00000000  c.mv     x10, x15
#3189 0 800000e6     50b2 r 01         800000ba  c.lwsp   x1, 0x2c
#3190 0 800000e8     5422 r 08         f0040f50  c.lwsp   x8, 0x28
#3191 0 800000ea     5492 r 09         00000008  c.lwsp   x9, 0x24
#3192 0 800000ec     6145 r 02         f0040f20  c.addi16sp 0x3
#3193 0 800000ee     8082 r 00         00000000  c.jr     x1
#3194 0 800000ba     87aa r 0f         00000000  c.mv     x15, x10
#3195 0 800000bc     97a6 r 0f         00000008  c.add    x15, x9
#3196 0 800000be     85be r 0b         00000008  c.mv     x11, x15
#3197 0 800000c0 fec42503 r 0a         00000006  lw       x10, -0x14(x8)
#3198 0 800000c4     3749 r 01         800000c6  c.jal    . - 0x7e
#3199 0 80000046     1101 r 02         f0040f00  c.addi   x2, -0x20
#3200 0 80000048     ce22 m f0040f1c   f0040f50  c.swsp   x8, 0x1c
#3201 0 8000004a     1000 r 08         f0040f20  c.addi4spn  x8, 0x8
#3202 0 8000004c fea42623 m f0040f0c   00000006  sw       x10, -0x14(x8)
#3203 0 80000050 feb42423 m f0040f08   00000008  sw       x11, -0x18(x8)
#3204 0 80000054 fec42703 r 0e         00000006  lw       x14, -0x14(x8)
#3205 0 80000058 fe842783 r 0f         00000008  lw       x15, -0x18(x8)
#3206 0 8000005c 00e7d363 r 00         00000000  bge      x15, x14, . + 0x6
#3207 0 80000062     853e r 0a         00000008  c.mv     x10, x15
#3208 0 80000064     4472 r 08         f0040f50  c.lwsp   x8, 0x1c
#3209 0 80000066     6105 r 02         f0040f20  c.addi16sp 0x2
#3210 0 80000068     8082 r 00         00000000  c.jr     x1
#3211 0 800000c6 fea42623 m f0040f3c   00000008  sw       x10, -0x14(x8)
#3212 0 800000ca fe842783 r 0f         00000002  lw       x15, -0x18(x8)
#3213 0 800000ce     0785 r 0f         00000003  c.addi   x15, 0x1
#3214 0 800000d0 fef42423 m f0040f38   00000003  sw       x15, -0x18(x8)
#3215 0 800000d4 fe842703 r 0e         00000003  lw       x14, -0x18(x8)
#3216 0 800000d8 fd842783 r 0f         00000003  lw       x15, -0x28(x8)
#3217 0 800000dc faf74de3 r 00         00000000  blt      x14, x15, . - 0x46
#3218 0 800000e0 fec42783 r 0f         00000008  lw       x15, -0x14(x8)
#3219 0 800000e4     853e r 0a         00000008  c.mv     x10, x15
#3220 0 800000e6     50b2 r 01         800000ba  c.lwsp   x1, 0x2c
#3221 0 800000e8     5422 r 08         f0040f80  c.lwsp   x8, 0x28
#3222 0 800000ea     5492 r 09         00000008  c.lwsp   x9, 0x24
#3223 0 800000ec     6145 r 02         f0040f50  c.addi16sp 0x3
#3224 0 800000ee     8082 r 00         00000000  c.jr     x1
#3225 0 800000ba     87aa r 0f         00000008  c.mv     x15, x10
#3226 0 800000bc     97a6 r 0f         00000010  c.add    x15, x9
#3227 0 800000be     85be r 0b         00000010  c.mv     x11, x15
#3228 0 800000c0 fec42503 r 0a         0000000f  lw       x10, -0x14(x8)
#3229 0 800000c4     3749 r 01         800000c6  c.jal    . - 0x7e
#3230 0 80000046     1101 r 02         f0040f30  c.addi   x2, -0x20
#3231 0 80000048     ce22 m f0040f4c   f0040f80  c.swsp   x8, 0x1c
#3232 0 8000004a     1000 r 08         f0040f50  c.addi4spn  x8, 0x8
#3233 0 8000004c fea42623 m f0040f3c   0000000f  sw       x10, -0x14(x8)
#3234 0 80000050 feb42423 m f0040f38   00000010  sw       x11, -0x18(x8)
#3235 0 80000054 fec42703 r 0e         0000000f  lw       x14, -0x14(x8)
#3236 0 80000058 fe842783 r 0f         00000010  lw       x15, -0x18(x8)
#3237 0 8000005c 00e7d363 r 00         00000000  bge      x15, x14, . + 0x6
#3238 0 80000062     853e r 0a         00000010  c.mv     x10, x15
#3239 0 80000064     4472 r 08         f0040f80  c.lwsp   x8, 0x1c
#3240 0 80000066     6105 r 02         f0040f50  c.addi16sp 0x2
#3241 0 80000068     8082 r 00         00000000  c.jr     x1
#3242 0 800000c6 fea42623 m f0040f6c   00000010  sw       x10, -0x14(x8)
#3243 0 800000ca fe842783 r 0f         00000002  lw       x15, -0x18(x8)
#3244 0 800000ce     0785 r 0f         00000003  c.addi   x15, 0x1
#3245 0 800000d0 fef42423 m f0040f68   00000003  sw       x15, -0x18(x8)
#3246 0 800000d4 fe842703 r 0e         00000003  lw       x14, -0x18(x8)
#3247 0 800000d8 fd842783 r 0f         00000006  lw       x15, -0x28(x8)
#3248 0 800000dc faf74de3 r 00         00000000  blt      x14, x15, . - 0x46
#3249 0 80000096 fe842783 r 0f         00000003  lw       x15, -0x18(x8)
#3250 0 8000009a     078a r 0f         0000000c  c.slli   x15, 2
#3251 0 8000009c fdc42703 r 0e         f0040fec  lw       x14, -0x24(x8)
#3252 0 800000a0     97ba r 0f         f0040ff8  c.add    x15, x14
#3253 0 800000a2     4384 r 09         00000009  c.lw     x9, 0x0(x15)
#3254 0 800000a4 fd842703 r 0e         00000006  lw       x14, -0x28(x8)
#3255 0 800000a8 fe842783 r 0f         00000003  lw       x15, -0x18(x8)
#3256 0 800000ac 40f707b3 r 0f         00000003  sub      x15, x14, x15
#3257 0 800000b0     17fd r 0f         00000002  c.addi   x15, -0x1
#3258 0 800000b2     85be r 0b         00000002  c.mv     x11, x15
#3259 0 800000b4 fdc42503 r 0a         f0040fec  lw       x10, -0x24(x8)
#3260 0 800000b8     3f4d r 01         800000ba  c.jal    . - 0x4e
#3261 0 8000006a     7179 r 02         f0040f20  c.addi16sp -0x3
#3262 0 8000006c     d606 m f0040f4c   800000ba  c.swsp   x1, 0x2c
#3263 0 8000006e     d422 m f0040f48   f0040f80  c.swsp   x8, 0x28
#3264 0 80000070     d226 m f0040f44   00000009  c.swsp   x9, 0x24
#3265 0 80000072     1800 r 08         f0040f50  c.addi4spn  x8, 0xc
#3266 0 80000074 fca42e23 m f0040f2c   f0040fec  sw       x10, -0x24(x8)
#3267 0 80000078 fcb42c23 m f0040f28   00000002  sw       x11, -0x28(x8)
#3268 0 8000007c fd842783 r 0f         00000002  lw       x15, -0x28(x8)
#3269 0 80000080 00f04463 r 00         00000000  blt      x0, x15, . + 0x8
#3270 0 80000088 800007b7 r 0f         80000000  lui      x15, -0x80000
#3271 0 8000008c fef42623 m f0040f3c   80000000  sw       x15, -0x14(x8)
#3272 0 80000090 fe042423 m f0040f38   00000000  sw       x0, -0x18(x8)
#3273 0 80000094     a081 r 00         00000000  c.j      . + 0x40
#3274 0 800000d4 fe842703 r 0e         00000000  lw       x14, -0x18(x8)
#3275 0 800000d8 fd842783 r 0f         00000002  lw       x15, -0x28(x8)
#3276 0 800000dc faf74de3 r 00         00000000  blt      x14, x15, . - 0x46
#3277 0 80000096 fe842783 r 0f         00000000  lw       x15, -0x18(x8)
#3278 0 8000009a     078a r 0f         00000000  c.slli   x15, 2
#3279 0 8000009c fdc42703 r 0e         f0040fec  lw       x14, -0x24(x8)
#3280 0 800000a0     97ba r 0f         f0040fec  c.add    x15, x14
#3281 0 800000a2     4384 r 09         00000001  c.lw     x9, 0x0(x15)
#3282 0 800000a4 fd842703 r 0e         00000002  lw       x14, -0x28(x8)
#3283 0 800000a8 fe842783 r 0f         00000000  lw       x15, -0x18(x8)
#3284 0 800000ac 40f707b3 r 0f         00000002  sub      x15, x14, x15
#3285 0 800000b0     17fd r 0f         00000001  c.addi   x15, -0x1
#3286 0 800000b2     85be r 0b         00000001  c.mv     x11, x15
#3287 0 800000b4 fdc42503 r 0a         f0040fec  lw       x10, -0x24(x8)
#3288 0 800000b8     3f4d r 01         800000ba  c.jal    . - 0x4e
#3289 0 8000006a     7179 r 02         f0040ef0  c.addi16sp -0x3
#3290 0 8000006c     d606 m f0040f1c   800000ba  c.swsp   x1, 0x2c
#3291 0 8000006e     d422 m f0040f18   f0040f50  c.swsp   x8, 0x28
#3292 0 80000070     d226 m f0040f14   00000001  c.swsp   x9, 0x24
#3293 0 80000072     1800 r 08         f0040f20  c.addi4spn  x8, 0xc
#3294 0 80000074 fca42e23 m f0040efc   f0040fec  sw       x10, -0x24(x8)
#3295 0 80000078 fcb42c23 m f0040ef8   00000001  sw       x11, -0x28(x8)
#3296 0 8000007c fd842783 r 0f         00000001  lw       x15, -0x28(x8)
#3297 0 80000080 00f04463 r 00         00000000  blt      x0, x15, . + 0x8
#3298 0 80000088 800007b7 r 0f         80000000  lui      x15, -0x80000
#3299 0 8000008c fef42623 m f0040f0c   80000000  sw       x15, -0x14(x8)
#3300 0 80000090 fe042423 m f0040f08   00000000  sw       x0, -0x18(x8)
#3301 0 80000094     a081 r 00         00000000  c.j      . + 0x40
#3302 0 800000d4 fe842703 r 0e         00000000  lw       x14, -0x18(x8)
#3303 0 800000d8 fd842783 r 0f         00000001  lw       x15, -0x28(x8)
#3304 0 800000dc faf74de3 r 00         00000000  blt      x14, x15, . - 0x46
#3305 0 80000096 fe842783 r 0f         00000000  lw       x15, -0x18(x8)
#3306 0 8000009a     078a r 0f         00000000  c.slli   x15, 2
#3307 0 8000009c fdc42703 r 0e         f0040fec  lw       x14, -0x24(x8)
#3308 0 800000a0     97ba r 0f         f0040fec  c.add    x15, x14
#3309 0 800000a2     4384 r 09         00000001  c.lw     x9, 0x0(x15)
#3310 0 800000a4 fd842703 r 0e         00000001  lw       x14, -0x28(x8)
#3311 0 800000a8 fe842783 r 0f         00000000  lw       x15, -0x18(x8)
#3312 0 800000ac 40f707b3 r 0f         00000001  sub      x15, x14, x15
#3313 0 800000b0     17fd r 0f         00000000  c.addi   x15, -0x1
#3314 0 800000b2     85be r 0b         00000000  c.mv     x11, x15
#3315 0 800000b4 fdc42503 r 0a         f0040fec  lw       x10, -0x24(x8)
#3316 0 800000b8     3f4d r 01         800000ba  c.jal    . - 0x4e
#3317 0 8000006a     7179 r 02         f0040ec0  c.addi16sp -0x3
#3318 0 8000006c     d606 m f0040eec   800000ba  c.swsp   x1, 0x2c
#3319 0 8000006e     d422 m f0040ee8   f0040f20  c.swsp   x8, 0x28
#3320 0 80000070     d226 m f0040ee4   00000001  c.swsp   x9, 0x24
#3321 0 80000072     1800 r 08         f0040ef0  c.addi4spn  x8, 0xc
#3322 0 80000074 fca42e23 m f0040ecc   f0040fec  sw       x10, -0x24(x8)
#3323 0 80000078 fcb42c23 m f0040ec8   00000000  sw       x11, -0x28(x8)
#3324 0 8000007c fd842783 r 0f         00000000  lw       x15, -0x28(x8)
#3325 0 80000080 00f04463 r 00         00000000  blt      x0, x15, . + 0x8
#3326 0 80000084     4781 r 0f         00000000  c.li     x15, 0x0
#3327 0 80000086     a8b9 r 00         00000000  c.j      . + 0x5e
#3328 0 800000e4     853e r 0a         00000000  c.mv     x10, x15
#3329 0 800000e6     50b2 r 01         800000ba  c.lwsp   x1, 0x2c
#3330 0 800000e8     5422 r 08         f0040f20  c.lwsp   x8, 0x28
#3331 0 800000ea     5492 r 09         00000001  c.lwsp   x9, 0x24
#3332 0 800000ec     6145 r 02         f0040ef0  c.addi16sp 0x3
#3333 0 800000ee     8082 r 00         00000000  c.jr     x1
#3334 0 800000ba     87aa r 0f         00000000  c.mv     x15, x10
#3335 0 800000bc     97a6 r 0f         00000001  c.add    x15, x9
#3336 0 800000be     85be r 0b         00000001  c.mv     x11, x15
#3337 0 800000c0 fec42503 r 0a         80000000  lw       x10, -0x14(x8)
#3338 0 800000c4     3749 r 01         800000c6  c.jal    . - 0x7e
#3339 0 80000046     1101 r 02         f0040ed0  c.addi   x2, -0x20
#3340 0 80000048     ce22 m f0040eec   f0040f20  c.swsp   x8, 0x1c
#3341 0 8000004a     1000 r 08         f0040ef0  c.addi4spn  x8, 0x8
#3342 0 8000004c fea42623 m f0040edc   80000000  sw       x10, -0x14(x8)
#3343 0 80000050 feb42423 m f0040ed8   00000001  sw       x11, -0x18(x8)
#3344 0 80000054 fec42703 r 0e         80000000  lw       x14, -0x14(x8)
#3345 0 80000058 fe842783 r 0f         00000001  lw       x15, -0x18(x8)
#3346 0 8000005c 00e7d363 r 00         00000000  bge      x15, x14, . + 0x6
#3347 0 80000062     853e r 0a         00000001  c.mv     x10, x15
#3348 0 80000064     4472 r 08         f0040f20  c.lwsp   x8, 0x1c
#3349 0 80000066     6105 r 02         f0040ef0  c.addi16sp 0x2
#3350 0 80000068     8082 r 00         00000000  c.jr     x1
#3351 0 800000c6 fea42623 m f0040f0c   00000001  sw       x10, -0x14(x8)
#3352 0 800000ca fe842783 r 0f         00000000  lw       x15, -0x18(x8)
#3353 0 800000ce     0785 r 0f         00000001  c.addi   x15, 0x1
#3354 0 800000d0 fef42423 m f0040f08   00000001  sw       x15, -0x18(x8)
#3355 0 800000d4 fe842703 r 0e         00000001  lw       x14, -0x18(x8)
#3356 0 800000d8 fd842783 r 0f         00000001  lw       x15, -0x28(x8)
#3357 0 800000dc faf74de3 r 00         00000000  blt      x14, x15, . - 0x46
#3358 0 800000e0 fec42783 r 0f         00000001  lw       x15, -0x14(x8)
#3359 0 800000e4     853e r 0a         00000001  c.mv     x10, x15
#3360 0 800000e6     50b2 r 01         800000ba  c.lwsp   x1, 0x2c
#3361 0 800000e8     5422 r 08         f0040f50  c.lwsp   x8, 0x28
#3362 0 800000ea     5492 r 09         00000001  c.lwsp   x9, 0x24
#3363 0 800000ec     6145 r 02         f0040f20  c.addi16sp 0x3
#3364 0 800000ee     8082 r 00         00000000  c.jr     x1
#3365 0 800000ba     87aa r 0f         00000001  c.mv     x15, x10
#3366 0 800000bc     97a6 r 0f         00000002  c.add    x15, x9
#3367 0 800000be     85be r 0b         00000002  c.mv     x11, x15
#3368 0 800000c0 fec42503 r 0a         80000000  lw       x10, -0x14(x8)
#3369 0 800000c4     3749 r 01         800000c6  c.jal    . - 0x7e
#3370 0 80000046     1101 r 02         f0040f00  c.addi   x2, -0x20
#3371 0 80000048     ce22 m f0040f1c   f0040f50  c.swsp   x8, 0x1c
#3372 0 8000004a     1000 r 08         f0040f20  c.addi4spn  x8, 0x8
#3373 0 8000004c fea42623 m f0040f0c   80000000  sw       x10, -0x14(x8)
#3374 0 80000050 feb42423 m f0040f08   00000002  sw       x11, -0x18(x8)
#3375 0 80000054 fec42703 r 0e         80000000  lw       x14, -0x14(x8)
#3376 0 80000058 fe842783 r 0f         00000002  lw       x15, -0x18(x8)
#3377 0 8000005c 00e7d363 r 00         00000000  bge      x15, x14, . + 0x6
#3378 0 80000062     853e r 0a         00000002  c.mv     x10, x15
#3379 0 80000064     4472 r 08         f0040f50  c.lwsp   x8, 0x1c
#3380 0 80000066     6105 r 02         f0040f20  c.addi16sp 0x2
#3381 0 80000068     8082 r 00         00000000  c.jr     x1
#3382 0 800000c6 fea42623 m f0040f3c   00000002  sw       x10, -0x14(x8)
#3383 0 800000ca fe842783 r 0f         00000000  lw       x15, -0x18(x8)
#3384 0 800000ce     0785 r 0f         00000001  c.addi   x15, 0x1
#3385 0 800000d0 fef42423 m f0040f38   00000001  sw       x15, -0x18(x8)
#3386 0 800000d4 fe842703 r 0e         00000001  lw       x14, -0x18(x8)
#3387 0 800000d8 fd842783 r 0f         00000002  lw       x15, -0x28(x8)
#3388 0 800000dc faf74de3 r 00         00000000  blt      x14, x15, . - 0x46
#3389 0 80000096 fe842783 r 0f         00000001  lw       x15, -0x18(x8)
#3390 0 8000009a     078a r 0f         00000004  c.slli   x15, 2
#3391 0 8000009c fdc42703 r 0e         f0040fec  lw       x14, -0x24(x8)
#3392 0 800000a0     97ba r 0f         f0040ff0  c.add    x15, x14
#3393 0 800000a2     4384 r 09         00000005  c.lw     x9, 0x0(x15)
#3394 0 800000a4 fd842703 r 0e         00000002  lw       x14, -0x28(x8)
#3395 0 800000a8 fe842783 r 0f         00000001  lw       x15, -0x18(x8)
#3396 0 800000ac 40f707b3 r 0f         00000001  sub      x15, x14, x15
#3397 0 800000b0     17fd r 0f         00000000  c.addi   x15, -0x1
#3398 0 800000b2     85be r 0b         00000000  c.mv     x11, x15
#3399 0 800000b4 fdc42503 r 0a         f0040fec  lw       x10, -0x24(x8)
#3400 0 800000b8     3f4d r 01         800000ba  c.jal    . - 0x4e
#3401 0 8000006a     7179 r 02         f0040ef0  c.addi16sp -0x3
#3402 0 8000006c     d606 m f0040f1c   800000ba  c.swsp   x1, 0x2c
#3403 0 8000006e     d422 m f0040f18   f0040f50  c.swsp   x8, 0x28
#3404 0 80000070     d226 m f0040f14   00000005  c.swsp   x9, 0x24
#3405 0 80000072     1800 r 08         f0040f20  c.addi4spn  x8, 0xc
#3406 0 80000074 fca42e23 m f0040efc   f0040fec  sw       x10, -0x24(x8)
#3407 0 80000078 fcb42c23 m f0040ef8   00000000  sw       x11, -0x28(x8)
#3408 0 8000007c fd842783 r 0f         00000000  lw       x15, -0x28(x8)
#3409 0 80000080 00f04463 r 00         00000000  blt      x0, x15, . + 0x8
#3410 0 80000084     4781 r 0f         00000000  c.li     x15, 0x0
#3411 0 80000086     a8b9 r 00         00000000  c.j      . + 0x5e
#3412 0 800000e4     853e r 0a         00000000  c.mv     x10, x15
#3413 0 800000e6     50b2 r 01         800000ba  c.lwsp   x1, 0x2c
#3414 0 800000e8     5422 r 08         f0040f50  c.lwsp   x8, 0x28
#3415 0 800000ea     5492 r 09         00000005  c.lwsp   x9, 0x24
#3416 0 800000ec     6145 r 02         f0040f20  c.addi16sp 0x3
#3417 0 800000ee     8082 r 00         00000000  c.jr     x1
#3418 0 800000ba     87aa r 0f         00000000  c.mv     x15, x10
#3419 0 800000bc     97a6 r 0f         00000005  c.add    x15, x9
#3420 0 800000be     85be r 0b         00000005  c.mv     x11, x15
#3421 0 800000c0 fec42503 r 0a         00000002  lw       x10, -0x14(x8)
#3422 0 800000c4     3749 r 01         800000c6  c.jal    . - 0x7e
#3423 0 80000046     1101 r 02         f0040f00  c.addi   x2, -0x20
#3424 0 80000048     ce22 m f0040f1c   f0040f50  c.swsp   x8, 0x1c
#3425 0 8000004a     1000 r 08         f0040f20  c.addi4spn  x8, 0x8
#3426 0 8000004c fea42623 m f0040f0c   00000002  sw       x10, -0x14(x8)
#3427 0 80000050 feb42423 m f0040f08   00000005  sw       x11, -0x18(x8)
#3428 0 80000054 fec42703 r 0e         00000002  lw       x14, -0x14(x8)
#3429 0 80000058 fe842783 r 0f         00000005  lw       x15, -0x18(x8)
#3430 0 8000005c 00e7d363 r 00         00000000  bge      x15, x14, . + 0x6
#3431 0 80000062     853e r 0a         00000005  c.mv     x10, x15
#3432 0 80000064     4472 r 08         f0040f50  c.lwsp   x8, 0x1c
#3433 0 80000066     6105 r 02         f0040f20  c.addi16sp 0x2
#3434 0 80000068     8082 r 00         00000000  c.jr     x1
#3435 0 800000c6 fea42623 m f0040f3c   00000005  sw       x10, -0x14(x8)
#3436 0 800000ca fe842783 r 0f         00000001  lw       x15, -0x18(x8)
#3437 0 800000ce     0785 r 0f         00000002  c.addi   x15, 0x1
#3438 0 800000d0 fef42423 m f0040f38   00000002  sw       x15, -0x18(x8)
#3439 0 800000d4 fe842703 r 0e         00000002  lw       x14, -0x18(x8)
#3440 0 800000d8 fd842783 r 0f         00000002  lw       x15, -0x28(x8)
#3441 0 800000dc faf74de3 r 00         00000000  blt      x14, x15, . - 0x46
#3442 0 800000e0 fec42783 r 0f         00000005  lw       x15, -0x14(x8)
#3443 0 800000e4     853e r 0a         00000005  c.mv     x10, x15
#3444 0 800000e6     50b2 r 01         800000ba  c.lwsp   x1, 0x2c
#3445 0 800000e8     5422 r 08         f0040f80  c.lwsp   x8, 0x28
#3446 0 800000ea     5492 r 09         00000009  c.lwsp   x9, 0x24
#3447 0 800000ec     6145 r 02         f0040f50  c.addi16sp 0x3
#3448 0 800000ee     8082 r 00         00000000  c.jr     x1
#3449 0 800000ba     87aa r 0f         00000005  c.mv     x15, x10
#3450 0 800000bc     97a6 r 0f         0000000e  c.add    x15, x9
#3451 0 800000be     85be r 0b         0000000e  c.mv     x11, x15
#3452 0 800000c0 fec42503 r 0a         00000010  lw       x10, -0x14(x8)
#3453 0 800000c4     3749 r 01         800000c6  c.jal    . - 0x7e
#3454 0 80000046     1101 r 02         f0040f30  c.addi   x2, -0x20
#3455 0 80000048     ce22 m f0040f4c   f0040f80  c.swsp   x8, 0x1c
#3456 0 8000004a     1000 r 08         f0040f50  c.addi4spn  x8, 0x8
#3457 0 8000004c fea42623 m f0040f3c   00000010  sw       x10, -0x14(x8)
#3458 0 80000050 feb42423 m f0040f38   0000000e  sw       x11, -0x18(x8)
#3459 0 80000054 fec42703 r 0e         00000010  lw       x14, -0x14(x8)
#3460 0 80000058 fe842783 r 0f         0000000e  lw       x15, -0x18(x8)
#3461 0 8000005c 00e7d363 r 00         00000000  bge      x15, x14, . + 0x6
#3462 0 80000060     87ba r 0f         00000010  c.mv     x15, x14
#3463 0 80000062     853e r 0a         00000010  c.mv     x10, x15
#3464 0 80000064     4472 r 08         f0040f80  c.lwsp   x8, 0x1c
#3465 0 80000066     6105 r 02         f0040f50  c.addi16sp 0x2
#3466 0 80000068     8082 r 00         00000000  c.jr     x1
#3467 0 800000c6 fea42623 m f0040f6c   00000010  sw       x10, -0x14(x8)
#3468 0 800000ca fe842783 r 0f         00000003  lw       x15, -0x18(x8)
#3469 0 800000ce     0785 r 0f         00000004  c.addi   x15, 0x1
#3470 0 800000d0 fef42423 m f0040f68   00000004  sw       x15, -0x18(x8)
#3471 0 800000d4 fe842703 r 0e         00000004  lw       x14, -0x18(x8)
#3472 0 800000d8 fd842783 r 0f         00000006  lw       x15, -0x28(x8)
#3473 0 800000dc faf74de3 r 00         00000000  blt      x14, x15, . - 0x46
#3474 0 80000096 fe842783 r 0f         00000004  lw       x15, -0x18(x8)
#3475 0 8000009a     078a r 0f         00000010  c.slli   x15, 2
#3476 0 8000009c fdc42703 r 0e         f0040fec  lw       x14, -0x24(x8)
#3477 0 800000a0     97ba r 0f         f0040ffc  c.add    x15, x14
#3478 0 800000a2     4384 r 09         0000000a  c.lw     x9, 0x0(x15)
#3479 0 800000a4 fd842703 r 0e         00000006  lw       x14, -0x28(x8)
#3480 0 800000a8 fe842783 r 0f         00000004  lw       x15, -0x18(x8)
#3481 0 800000ac 40f707b3 r 0f         00000002  sub      x15, x14, x15
#3482 0 800000b0     17fd r 0f         00000001  c.addi   x15, -0x1
#3483 0 800000b2     85be r 0b         00000001  c.mv     x11, x15
#3484 0 800000b4 fdc42503 r 0a         f0040fec  lw       x10, -0x24(x8)
#3485 0 800000b8     3f4d r 01         800000ba  c.jal    . - 0x4e
#3486 0 8000006a     7179 r 02         f0040f20  c.addi16sp -0x3
#3487 0 8000006c     d606 m f0040f4c   800000ba  c.swsp   x1, 0x2c
#3488 0 8000006e     d422 m f0040f48   f0040f80  c.swsp   x8, 0x28
#3489 0 80000070     d226 m f0040f44   0000000a  c.swsp   x9, 0x24
#3490 0 80000072     1800 r 08         f0040f50  c.addi4spn  x8, 0xc
#3491 0 80000074 fca42e23 m f0040f2c   f0040fec  sw       x10, -0x24(x8)
#3492 0 80000078 fcb42c23 m f0040f28   00000001  sw       x11, -0x28(x8)
#3493 0 8000007c fd842783 r 0f         00000001  lw       x15, -0x28(x8)
#3494 0 80000080 00f04463 r 00         00000000  blt      x0, x15, . + 0x8
#3495 0 80000088 800007b7 r 0f         80000000  lui      x15, -0x80000
#3496 0 8000008c fef42623 m f0040f3c   80000000  sw       x15, -0x14(x8)
#3497 0 80000090 fe042423 m f0040f38   00000000  sw       x0, -0x18(x8)
#3498 0 80000094     a081 r 00         00000000  c.j      . + 0x40
#3499 0 800000d4 fe842703 r 0e         00000000  lw       x14, -0x18(x8)
#3500 0 800000d8 fd842783 r 0f         00000001  lw       x15, -0x28(x8)
#3501 0 800000dc faf74de3 r 00         00000000  blt      x14, x15, . - 0x46
#3502 0 80000096 fe842783 r 0f         00000000  lw       x15, -0x18(x8)
#3503 0 8000009a     078a r 0f         00000000  c.slli   x15, 2
#3504 0 8000009c fdc42703 r 0e         f0040fec  lw       x14, -0x24(x8)
#3505 0 800000a0     97ba r 0f         f0040fec  c.add    x15, x14
#3506 0 800000a2     4384 r 09         00000001  c.lw     x9, 0x0(x15)
#3507 0 800000a4 fd842703 r 0e         00000001  lw       x14, -0x28(x8)
#3508 0 800000a8 fe842783 r 0f         00000000  lw       x15, -0x18(x8)
#3509 0 800000ac 40f707b3 r 0f         00000001  sub      x15, x14, x15
#3510 0 800000b0     17fd r 0f         00000000  c.addi   x15, -0x1
#3511 0 800000b2     85be r 0b         00000000  c.mv     x11, x15
#3512 0 800000b4 fdc42503 r 0a         f0040fec  lw       x10, -0x24(x8)
#3513 0 800000b8     3f4d r 01         800000ba  c.jal    . - 0x4e
#3514 0 8000006a     7179 r 02         f0040ef0  c.addi16sp -0x3
#3515 0 8000006c     d606 m f0040f1c   800000ba  c.swsp   x1, 0x2c
#3516 0 8000006e     d422 m f0040f18   f0040f50  c.swsp   x8, 0x28
#3517 0 80000070     d226 m f0040f14   00000001  c.swsp   x9, 0x24
#3518 0 80000072     1800 r 08         f0040f20  c.addi4spn  x8, 0xc
#3519 0 80000074 fca42e23 m f0040efc   f0040fec  sw       x10, -0x24(x8)
#3520 0 80000078 fcb42c23 m f0040ef8   00000000  sw       x11, -0x28(x8)
#3521 0 8000007c fd842783 r 0f         00000000  lw       x15, -0x28(x8)
#3522 0 80000080 00f04463 r 00         00000000  blt      x0, x15, . + 0x8
#3523 0 80000084     4781 r 0f         00000000  c.li     x15, 0x0
#3524 0 80000086     a8b9 r 00         00000000  c.j      . + 0x5e
#3525 0 800000e4     853e r 0a         00000000  c.mv     x10, x15
#3526 0 800000e6     50b2 r 01         800000ba  c.lwsp   x1, 0x2c
#3527 0 800000e8     5422 r 08         f0040f50  c.lwsp   x8, 0x28
#3528 0 800000ea     5492 r 09         00000001  c.lwsp   x9, 0x24
#3529 0 800000ec     6145 r 02         f0040f20  c.addi16sp 0x3
#3530 0 800000ee     8082 r 00         00000000  c.jr     x1
#3531 0 800000ba     87aa r 0f         00000000  c.mv     x15, x10
#3532 0 800000bc     97a6 r 0f         00000001  c.add    x15, x9
#3533 0 800000be     85be r 0b         00000001  c.mv     x11, x15
#3534 0 800000c0 fec42503 r 0a         80000000  lw       x10, -0x14(x8)
#3535 0 800000c4     3749 r 01         800000c6  c.jal    . - 0x7e
#3536 0 80000046     1101 r 02         f0040f00  c.addi   x2, -0x20
#3537 0 80000048     ce22 m f0040f1c   f0040f50  c.swsp   x8, 0x1c
#3538 0 8000004a     1000 r 08         f0040f20  c.addi4spn  x8, 0x8
#3539 0 8000004c fea42623 m f0040f0c   80000000  sw       x10, -0x14(x8)
#3540 0 80000050 feb42423 m f0040f08   00000001  sw       x11, -0x18(x8)
#3541 0 80000054 fec42703 r 0e         80000000  lw       x14, -0x14(x8)
#3542 0 80000058 fe842783 r 0f         00000001  lw       x15, -0x18(x8)
#3543 0 8000005c 00e7d363 r 00         00000000  bge      x15, x14, . + 0x6
#3544 0 80000062     853e r 0a         00000001  c.mv     x10, x15
#3545 0 80000064     4472 r 08         f0040f50  c.lwsp   x8, 0x1c
#3546 0 80000066     6105 r 02         f0040f20  c.addi16sp 0x2
#3547 0 80000068     8082 r 00         00000000  c.jr     x1
#3548 0 800000c6 fea42623 m f0040f3c   00000001  sw       x10, -0x14(x8)
#3549 0 800000ca fe842783 r 0f         00000000  lw       x15, -0x18(x8)
#3550 0 800000ce     0785 r 0f         00000001  c.addi   x15, 0x1
#3551 0 800000d0 fef42423 m f0040f38   00000001  sw       x15, -0x18(x8)
#3552 0 800000d4 fe842703 r 0e         00000001  lw       x14, -0x18(x8)
#3553 0 800000d8 fd842783 r 0f         00000001  lw       x15, -0x28(x8)
#3554 0 800000dc faf74de3 r 00         00000000  blt      x14, x15, . - 0x46
#3555 0 800000e0 fec42783 r 0f         00000001  lw       x15, -0x14(x8)
#3556 0 800000e4     853e r 0a         00000001  c.mv     x10, x15
#3557 0 800000e6     50b2 r 01         800000ba  c.lwsp   x1, 0x2c
#3558 0 800000e8     5422 r 08         f0040f80  c.lwsp   x8, 0x28
#3559 0 800000ea     5492 r 09         0000000a  c.lwsp   x9, 0x24
#3560 0 800000ec     6145 r 02         f0040f50  c.addi16sp 0x3
#3561 0 800000ee     8082 r 00         00000000  c.jr     x1
#3562 0 800000ba     87aa r 0f         00000001  c.mv     x15, x10
#3563 0 800000bc     97a6 r 0f         0000000b  c.add    x15, x9
#3564 0 800000be     85be r 0b         0000000b  c.mv     x11, x15
#3565 0 800000c0 fec42503 r 0a         00000010  lw       x10, -0x14(x8)
#3566 0 800000c4     3749 r 01         800000c6  c.jal    . - 0x7e
#3567 0 80000046     1101 r 02         f0040f30  c.addi   x2, -0x20
#3568 0 80000048     ce22 m f0040f4c   f0040f80  c.swsp   x8, 0x1c
#3569 0 8000004a     1000 r 08         f0040f50  c.addi4spn  x8, 0x8
#3570 0 8000004c fea42623 m f0040f3c   00000010  sw       x10, -0x14(x8)
#3571 0 80000050 feb42423 m f0040f38   0000000b  sw       x11, -0x18(x8)
#3572 0 80000054 fec42703 r 0e         00000010  lw       x14, -0x14(x8)
#3573 0 80000058 fe842783 r 0f         0000000b  lw       x15, -0x18(x8)
#3574 0 8000005c 00e7d363 r 00         00000000  bge      x15, x14, . + 0x6
#3575 0 80000060     87ba r 0f         00000010  c.mv     x15, x14
#3576 0 80000062     853e r 0a         00000010  c.mv     x10, x15
#3577 0 80000064     4472 r 08         f0040f80  c.lwsp   x8, 0x1c
#3578 0 80000066     6105 r 02         f0040f50  c.addi16sp 0x2
#3579 0 80000068     8082 r 00         00000000  c.jr     x1
#3580 0 800000c6 fea42623 m f0040f6c   00000010  sw       x10, -0x14(x8)
#3581 0 800000ca fe842783 r 0f         00000004  lw       x15, -0x18(x8)
#3582 0 800000ce     0785 r 0f         00000005  c.addi   x15, 0x1
#3583 0 800000d0 fef42423 m f0040f68   00000005  sw       x15, -0x18(x8)
#3584 0 800000d4 fe842703 r 0e         00000005  lw       x14, -0x18(x8)
#3585 0 800000d8 fd842783 r 0f         00000006  lw       x15, -0x28(x8)
#3586 0 800000dc faf74de3 r 00         00000000  blt      x14, x15, . - 0x46
#3587 0 80000096 fe842783 r 0f         00000005  lw       x15, -0x18(x8)
#3588 0 8000009a     078a r 0f         00000014  c.slli   x15, 2
#3589 0 8000009c fdc42703 r 0e         f0040fec  lw       x14, -0x24(x8)
#3590 0 800000a0     97ba r 0f         f0041000  c.add    x15, x14
#3591 0 800000a2     4384 r 09         00000011  c.lw     x9, 0x0(x15)
#3592 0 800000a4 fd842703 r 0e         00000006  lw       x14, -0x28(x8)
#3593 0 800000a8 fe842783 r 0f         00000005  lw       x15, -0x18(x8)
#3594 0 800000ac 40f707b3 r 0f         00000001  sub      x15, x14, x15
#3595 0 800000b0     17fd r 0f         00000000  c.addi   x15, -0x1
#3596 0 800000b2     85be r 0b         00000000  c.mv     x11, x15
#3597 0 800000b4 fdc42503 r 0a         f0040fec  lw       x10, -0x24(x8)
#3598 0 800000b8     3f4d r 01         800000ba  c.jal    . - 0x4e
#3599 0 8000006a     7179 r 02         f0040f20  c.addi16sp -0x3
#3600 0 8000006c     d606 m f0040f4c   800000ba  c.swsp   x1, 0x2c
#3601 0 8000006e     d422 m f0040f48   f0040f80  c.swsp   x8, 0x28
#3602 0 80000070     d226 m f0040f44   00000011  c.swsp   x9, 0x24
#3603 0 80000072     1800 r 08         f0040f50  c.addi4spn  x8, 0xc
#3604 0 80000074 fca42e23 m f0040f2c   f0040fec  sw       x10, -0x24(x8)
#3605 0 80000078 fcb42c23 m f0040f28   00000000  sw       x11, -0x28(x8)
#3606 0 8000007c fd842783 r 0f         00000000  lw       x15, -0x28(x8)
#3607 0 80000080 00f04463 r 00         00000000  blt      x0, x15, . + 0x8
#3608 0 80000084     4781 r 0f         00000000  c.li     x15, 0x0
#3609 0 80000086     a8b9 r 00         00000000  c.j      . + 0x5e
#3610 0 800000e4     853e r 0a         00000000  c.mv     x10, x15
#3611 0 800000e6     50b2 r 01         800000ba  c.lwsp   x1, 0x2c
#3612 0 800000e8     5422 r 08         f0040f80  c.lwsp   x8, 0x28
#3613 0 800000ea     5492 r 09         00000011  c.lwsp   x9, 0x24
#3614 0 800000ec     6145 r 02         f0040f50  c.addi16sp 0x3
#3615 0 800000ee     8082 r 00         00000000  c.jr     x1
#3616 0 800000ba     87aa r 0f         00000000  c.mv     x15, x10
#3617 0 800000bc     97a6 r 0f         00000011  c.add    x15, x9
#3618 0 800000be     85be r 0b         00000011  c.mv     x11, x15
#3619 0 800000c0 fec42503 r 0a         00000010  lw       x10, -0x14(x8)
#3620 0 800000c4     3749 r 01         800000c6  c.jal    . - 0x7e
#3621 0 80000046     1101 r 02         f0040f30  c.addi   x2, -0x20
#3622 0 80000048     ce22 m f0040f4c   f0040f80  c.swsp   x8, 0x1c
#3623 0 8000004a     1000 r 08         f0040f50  c.addi4spn  x8, 0x8
#3624 0 8000004c fea42623 m f0040f3c   00000010  sw       x10, -0x14(x8)
#3625 0 80000050 feb42423 m f0040f38   00000011  sw       x11, -0x18(x8)
#3626 0 80000054 fec42703 r 0e         00000010  lw       x14, -0x14(x8)
#3627 0 80000058 fe842783 r 0f         00000011  lw       x15, -0x18(x8)
#3628 0 8000005c 00e7d363 r 00         00000000  bge      x15, x14, . + 0x6
#3629 0 80000062     853e r 0a         00000011  c.mv     x10, x15
#3630 0 80000064     4472 r 08         f0040f80  c.lwsp   x8, 0x1c
#3631 0 80000066     6105 r 02         f0040f50  c.addi16sp 0x2
#3632 0 80000068     8082 r 00         00000000  c.jr     x1
#3633 0 800000c6 fea42623 m f0040f6c   00000011  sw       x10, -0x14(x8)
#3634 0 800000ca fe842783 r 0f         00000005  lw       x15, -0x18(x8)
#3635 0 800000ce     0785 r 0f         00000006  c.addi   x15, 0x1
#3636 0 800000d0 fef42423 m f0040f68   00000006  sw       x15, -0x18(x8)
#3637 0 800000d4 fe842703 r 0e         00000006  lw       x14, -0x18(x8)
#3638 0 800000d8 fd842783 r 0f         00000006  lw       x15, -0x28(x8)
#3639 0 800000dc faf74de3 r 00         00000000  blt      x14, x15, . - 0x46
#3640 0 800000e0 fec42783 r 0f         00000011  lw       x15, -0x14(x8)
#3641 0 800000e4     853e r 0a         00000011  c.mv     x10, x15
#3642 0 800000e6     50b2 r 01         800000ba  c.lwsp   x1, 0x2c
#3643 0 800000e8     5422 r 08         f0040fb0  c.lwsp   x8, 0x28
#3644 0 800000ea     5492 r 09         00000001  c.lwsp   x9, 0x24
#3645 0 800000ec     6145 r 02         f0040f80  c.addi16sp 0x3
#3646 0 800000ee     8082 r 00         00000000  c.jr     x1
#3647 0 800000ba     87aa r 0f         00000011  c.mv     x15, x10
#3648 0 800000bc     97a6 r 0f         00000012  c.add    x15, x9
#3649 0 800000be     85be r 0b         00000012  c.mv     x11, x15
#3650 0 800000c0 fec42503 r 0a         80000000  lw       x10, -0x14(x8)
#3651 0 800000c4     3749 r 01         800000c6  c.jal    . - 0x7e
#3652 0 80000046     1101 r 02         f0040f60  c.addi   x2, -0x20
#3653 0 80000048     ce22 m f0040f7c   f0040fb0  c.swsp   x8, 0x1c
#3654 0 8000004a     1000 r 08         f0040f80  c.addi4spn  x8, 0x8
#3655 0 8000004c fea42623 m f0040f6c   80000000  sw       x10, -0x14(x8)
#3656 0 80000050 feb42423 m f0040f68   00000012  sw       x11, -0x18(x8)
#3657 0 80000054 fec42703 r 0e         80000000  lw       x14, -0x14(x8)
#3658 0 80000058 fe842783 r 0f         00000012  lw       x15, -0x18(x8)
#3659 0 8000005c 00e7d363 r 00         00000000  bge      x15, x14, . + 0x6
#3660 0 80000062     853e r 0a         00000012  c.mv     x10, x15
#3661 0 80000064     4472 r 08         f0040fb0  c.lwsp   x8, 0x1c
#3662 0 80000066     6105 r 02         f0040f80  c.addi16sp 0x2
#3663 0 80000068     8082 r 00         00000000  c.jr     x1
#3664 0 800000c6 fea42623 m f0040f9c   00000012  sw       x10, -0x14(x8)
#3665 0 800000ca fe842783 r 0f         00000000  lw       x15, -0x18(x8)
#3666 0 800000ce     0785 r 0f         00000001  c.addi   x15, 0x1
#3667 0 800000d0 fef42423 m f0040f98   00000001  sw       x15, -0x18(x8)
#3668 0 800000d4 fe842703 r 0e         00000001  lw       x14, -0x18(x8)
#3669 0 800000d8 fd842783 r 0f         00000007  lw       x15, -0x28(x8)
#3670 0 800000dc faf74de3 r 00         00000000  blt      x14, x15, . - 0x46
#3671 0 80000096 fe842783 r 0f         00000001  lw       x15, -0x18(x8)
#3672 0 8000009a     078a r 0f         00000004  c.slli   x15, 2
#3673 0 8000009c fdc42703 r 0e         f0040fec  lw       x14, -0x24(x8)
#3674 0 800000a0     97ba r 0f         f0040ff0  c.add    x15, x14
#3675 0 800000a2     4384 r 09         00000005  c.lw     x9, 0x0(x15)
#3676 0 800000a4 fd842703 r 0e         00000007  lw       x14, -0x28(x8)
#3677 0 800000a8 fe842783 r 0f         00000001  lw       x15, -0x18(x8)
#3678 0 800000ac 40f707b3 r 0f         00000006  sub      x15, x14, x15
#3679 0 800000b0     17fd r 0f         00000005  c.addi   x15, -0x1
#3680 0 800000b2     85be r 0b         00000005  c.mv     x11, x15
#3681 0 800000b4 fdc42503 r 0a         f0040fec  lw       x10, -0x24(x8)
#3682 0 800000b8     3f4d r 01         800000ba  c.jal    . - 0x4e
#3683 0 8000006a     7179 r 02         f0040f50  c.addi16sp -0x3
#3684 0 8000006c     d606 m f0040f7c   800000ba  c.swsp   x1, 0x2c
#3685 0 8000006e     d422 m f0040f78   f0040fb0  c.swsp   x8, 0x28
#3686 0 80000070     d226 m f0040f74   00000005  c.swsp   x9, 0x24
#3687 0 80000072     1800 r 08         f0040f80  c.addi4spn  x8, 0xc
#3688 0 80000074 fca42e23 m f0040f5c   f0040fec  sw       x10, -0x24(x8)
#3689 0 80000078 fcb42c23 m f0040f58   00000005  sw       x11, -0x28(x8)
#3690 0 8000007c fd842783 r 0f         00000005  lw       x15, -0x28(x8)
#3691 0 80000080 00f04463 r 00         00000000  blt      x0, x15, . + 0x8
#3692 0 80000088 800007b7 r 0f         80000000  lui      x15, -0x80000
#3693 0 8000008c fef42623 m f0040f6c   80000000  sw       x15, -0x14(x8)
#3694 0 80000090 fe042423 m f0040f68   00000000  sw       x0, -0x18(x8)
#3695 0 80000094     a081 r 00         00000000  c.j      . + 0x40
#3696 0 800000d4 fe842703 r 0e         00000000  lw       x14, -0x18(x8)
#3697 0 800000d8 fd842783 r 0f         00000005  lw       x15, -0x28(x8)
#3698 0 800000dc faf74de3 r 00         00000000  blt      x14, x15, . - 0x46
#3699 0 80000096 fe842783 r 0f         00000000  lw       x15, -0x18(x8)
#3700 0 8000009a     078a r 0f         00000000  c.slli   x15, 2
#3701 0 8000009c fdc42703 r 0e         f0040fec  lw       x14, -0x24(x8)
#3702 0 800000a0     97ba r 0f         f0040fec  c.add    x15, x14
#3703 0 800000a2     4384 r 09         00000001  c.lw     x9, 0x0(x15)
#3704 0 800000a4 fd842703 r 0e         00000005  lw       x14, -0x28(x8)
#3705 0 800000a8 fe842783 r 0f         00000000  lw       x15, -0x18(x8)
#3706 0 800000ac 40f707b3 r 0f         00000005  sub      x15, x14, x15
#3707 0 800000b0     17fd r 0f         00000004  c.addi   x15, -0x1
#3708 0 800000b2     85be r 0b         00000004  c.mv     x11, x15
#3709 0 800000b4 fdc42503 r 0a         f0040fec  lw       x10, -0x24(x8)
#3710 0 800000b8     3f4d r 01         800000ba  c.jal    . - 0x4e
#3711 0 8000006a     7179 r 02         f0040f20  c.addi16sp -0x3
#3712 0 8000006c     d606 m f0040f4c   800000ba  c.swsp   x1, 0x2c
#3713 0 8000006e     d422 m f0040f48   f0040f80  c.swsp   x8, 0x28
#3714 0 80000070     d226 m f0040f44   00000001  c.swsp   x9, 0x24
#3715 0 80000072     1800 r 08         f0040f50  c.addi4spn  x8, 0xc
#3716 0 80000074 fca42e23 m f0040f2c   f0040fec  sw       x10, -0x24(x8)
#3717 0 80000078 fcb42c23 m f0040f28   00000004  sw       x11, -0x28(x8)
#3718 0 8000007c fd842783 r 0f         00000004  lw       x15, -0x28(x8)
#3719 0 80000080 00f04463 r 00         00000000  blt      x0, x15, . + 0x8
#3720 0 80000088 800007b7 r 0f         80000000  lui      x15, -0x80000
#3721 0 8000008c fef42623 m f0040f3c   80000000  sw       x15, -0x14(x8)
#3722 0 80000090 fe042423 m f0040f38   00000000  sw       x0, -0x18(x8)
#3723 0 80000094     a081 r 00         00000000  c.j      . + 0x40
#3724 0 800000d4 fe842703 r 0e         00000000  lw       x14, -0x18(x8)
#3725 0 800000d8 fd842783 r 0f         00000004  lw       x15, -0x28(x8)
#3726 0 800000dc faf74de3 r 00         00000000  blt      x14, x15, . - 0x46
#3727 0 80000096 fe842783 r 0f         00000000  lw       x15, -0x18(x8)
#3728 0 8000009a     078a r 0f         00000000  c.slli   x15, 2
#3729 0 8000009c fdc42703 r 0e         f0040fec  lw       x14, -0x24(x8)
#3730 0 800000a0     97ba r 0f         f0040fec  c.add    x15, x14
#3731 0 800000a2     4384 r 09         00000001  c.lw     x9, 0x0(x15)
#3732 0 800000a4 fd842703 r 0e         00000004  lw       x14, -0x28(x8)
#3733 0 800000a8 fe842783 r 0f         00000000  lw       x15, -0x18(x8)
#3734 0 800000ac 40f707b3 r 0f         00000004  sub      x15, x14, x15
#3735 0 800000b0     17fd r 0f         00000003  c.addi   x15, -0x1
#3736 0 800000b2     85be r 0b         00000003  c.mv     x11, x15
#3737 0 800000b4 fdc42503 r 0a         f0040fec  lw       x10, -0x24(x8)
#3738 0 800000b8     3f4d r 01         800000ba  c.jal    . - 0x4e
#3739 0 8000006a     7179 r 02         f0040ef0  c.addi16sp -0x3
#3740 0 8000006c     d606 m f0040f1c   800000ba  c.swsp   x1, 0x2c
#3741 0 8000006e     d422 m f0040f18   f0040f50  c.swsp   x8, 0x28
#3742 0 80000070     d226 m f0040f14   00000001  c.swsp   x9, 0x24
#3743 0 80000072     1800 r 08         f0040f20  c.addi4spn  x8, 0xc
#3744 0 80000074 fca42e23 m f0040efc   f0040fec  sw       x10, -0x24(x8)
#3745 0 80000078 fcb42c23 m f0040ef8   00000003  sw       x11, -0x28(x8)
#3746 0 8000007c fd842783 r 0f         00000003  lw       x15, -0x28(x8)
#3747 0 80000080 00f04463 r 00         00000000  blt      x0, x15, . + 0x8
#3748 0 80000088 800007b7 r 0f         80000000  lui      x15, -0x80000
#3749 0 8000008c fef42623 m f0040f0c   80000000  sw       x15, -0x14(x8)
#3750 0 80000090 fe042423 m f0040f08   00000000  sw       x0, -0x18(x8)
#3751 0 80000094     a081 r 00         00000000  c.j      . + 0x40
#3752 0 800000d4 fe842703 r 0e         00000000  lw       x14, -0x18(x8)
#3753 0 800000d8 fd842783 r 0f         00000003  lw       x15, -0x28(x8)
#3754 0 800000dc faf74de3 r 00         00000000  blt      x14, x15, . - 0x46
#3755 0 80000096 fe842783 r 0f         00000000  lw       x15, -0x18(x8)
#3756 0 8000009a     078a r 0f         00000000  c.slli   x15, 2
#3757 0 8000009c fdc42703 r 0e         f0040fec  lw       x14, -0x24(x8)
#3758 0 800000a0     97ba r 0f         f0040fec  c.add    x15, x14
#3759 0 800000a2     4384 r 09         00000001  c.lw     x9, 0x0(x15)
#3760 0 800000a4 fd842703 r 0e         00000003  lw       x14, -0x28(x8)
#3761 0 800000a8 fe842783 r 0f         00000000  lw       x15, -0x18(x8)
#3762 0 800000ac 40f707b3 r 0f         00000003  sub      x15, x14, x15
#3763 0 800000b0     17fd r 0f         00000002  c.addi   x15, -0x1
#3764 0 800000b2     85be r 0b         00000002  c.mv     x11, x15
#3765 0 800000b4 fdc42503 r 0a         f0040fec  lw       x10, -0x24(x8)
#3766 0 800000b8     3f4d r 01         800000ba  c.jal    . - 0x4e
#3767 0 8000006a     7179 r 02         f0040ec0  c.addi16sp -0x3
#3768 0 8000006c     d606 m f0040eec   800000ba  c.swsp   x1, 0x2c
#3769 0 8000006e     d422 m f0040ee8   f0040f20  c.swsp   x8, 0x28
#3770 0 80000070     d226 m f0040ee4   00000001  c.swsp   x9, 0x24
#3771 0 80000072     1800 r 08         f0040ef0  c.addi4spn  x8, 0xc
#3772 0 80000074 fca42e23 m f0040ecc   f0040fec  sw       x10, -0x24(x8)
#3773 0 80000078 fcb42c23 m f0040ec8   00000002  sw       x11, -0x28(x8)
#3774 0 8000007c fd842783 r 0f         00000002  lw       x15, -0x28(x8)
#3775 0 80000080 00f04463 r 00         00000000  blt      x0, x15, . + 0x8
#3776 0 80000088 800007b7 r 0f         80000000  lui      x15, -0x80000
#3777 0 8000008c fef42623 m f0040edc   80000000  sw       x15, -0x14(x8)
#3778 0 80000090 fe042423 m f0040ed8   00000000  sw       x0, -0x18(x8)
#3779 0 80000094     a081 r 00         00000000  c.j      . + 0x40
#3780 0 800000d4 fe842703 r 0e         00000000  lw       x14, -0x18(x8)
#3781 0 800000d8 fd842783 r 0f         00000002  lw       x15, -0x28(x8)
#3782 0 800000dc faf74de3 r 00         00000000  blt      x14, x15, . - 0x46
#3783 0 80000096 fe842783 r 0f         00000000  lw       x15, -0x18(x8)
#3784 0 8000009a     078a r 0f         00000000  c.slli   x15, 2
#3785 0 8000009c fdc42703 r 0e         f0040fec  lw       x14, -0x24(x8)
#3786 0 800000a0     97ba r 0f         f0040fec  c.add    x15, x14
#3787 0 800000a2     4384 r 09         00000001  c.lw     x9, 0x0(x15)
#3788 0 800000a4 fd842703 r 0e         00000002  lw       x14, -0x28(x8)
#3789 0 800000a8 fe842783 r 0f         00000000  lw       x15, -0x18(x8)
#3790 0 800000ac 40f707b3 r 0f         00000002  sub      x15, x14, x15
#3791 0 800000b0     17fd r 0f         00000001  c.addi   x15, -0x1
#3792 0 800000b2     85be r 0b         00000001  c.mv     x11, x15
#3793 0 800000b4 fdc42503 r 0a         f0040fec  lw       x10, -0x24(x8)
#3794 0 800000b8     3f4d r 01         800000ba  c.jal    . - 0x4e
#3795 0 8000006a     7179 r 02         f0040e90  c.addi16sp -0x3
#3796 0 8000006c     d606 m f0040ebc   800000ba  c.swsp   x1, 0x2c
#3797 0 8000006e     d422 m f0040eb8   f0040ef0  c.swsp   x8, 0x28
#3798 0 80000070     d226 m f0040eb4   00000001  c.swsp   x9, 0x24
#3799 0 80000072     1800 r 08         f0040ec0  c.addi4spn  x8, 0xc
#3800 0 80000074 fca42e23 m f0040e9c   f0040fec  sw       x10, -0x24(x8)
#3801 0 80000078 fcb42c23 m f0040e98   00000001  sw       x11, -0x28(x8)
#3802 0 8000007c fd842783 r 0f         00000001  lw       x15, -0x28(x8)
#3803 0 80000080 00f04463 r 00         00000000  blt      x0, x15, . + 0x8
#3804 0 80000088 800007b7 r 0f         80000000  lui      x15, -0x80000
#3805 0 8000008c fef42623 m f0040eac   80000000  sw       x15, -0x14(x8)
#3806 0 80000090 fe042423 m f0040ea8   00000000  sw       x0, -0x18(x8)
#3807 0 80000094     a081 r 00         00000000  c.j      . + 0x40
#3808 0 800000d4 fe842703 r 0e         00000000  lw       x14, -0x18(x8)
#3809 0 800000d8 fd842783 r 0f         00000001  lw       x15, -0x28(x8)
#3810 0 800000dc faf74de3 r 00         00000000  blt      x14, x15, . - 0x46
#3811 0 80000096 fe842783 r 0f         00000000  lw       x15, -0x18(x8)
#3812 0 8000009a     078a r 0f         00000000  c.slli   x15, 2
#3813 0 8000009c fdc42703 r 0e         f0040fec  lw       x14, -0x24(x8)
#3814 0 800000a0     97ba r 0f         f0040fec  c.add    x15, x14
#3815 0 800000a2     4384 r 09         00000001  c.lw     x9, 0x0(x15)
#3816 0 800000a4 fd842703 r 0e         00000001  lw       x14, -0x28(x8)
#3817 0 800000a8 fe842783 r 0f         00000000  lw       x15, -0x18(x8)
#3818 0 800000ac 40f707b3 r 0f         00000001  sub      x15, x14, x15
#3819 0 800000b0     17fd r 0f         00000000  c.addi   x15, -0x1
#3820 0 800000b2     85be r 0b         00000000  c.mv     x11, x15
#3821 0 800000b4 fdc42503 r 0a         f0040fec  lw       x10, -0x24(x8)
#3822 0 800000b8     3f4d r 01         800000ba  c.jal    . - 0x4e
#3823 0 8000006a     7179 r 02         f0040e60  c.addi16sp -0x3
#3824 0 8000006c     d606 m f0040e8c   800000ba  c.swsp   x1, 0x2c
#3825 0 8000006e     d422 m f0040e88   f0040ec0  c.swsp   x8, 0x28
#3826 0 80000070     d226 m f0040e84   00000001  c.swsp   x9, 0x24
#3827 0 80000072     1800 r 08         f0040e90  c.addi4spn  x8, 0xc
#3828 0 80000074 fca42e23 m f0040e6c   f0040fec  sw       x10, -0x24(x8)
#3829 0 80000078 fcb42c23 m f0040e68   00000000  sw       x11, -0x28(x8)
#3830 0 8000007c fd842783 r 0f         00000000  lw       x15, -0x28(x8)
#3831 0 80000080 00f04463 r 00         00000000  blt      x0, x15, . + 0x8
#3832 0 80000084     4781 r 0f         00000000  c.li     x15, 0x0
#3833 0 80000086     a8b9 r 00         00000000  c.j      . + 0x5e
#3834 0 800000e4     853e r 0a         00000000  c.mv     x10, x15
#3835 0 800000e6     50b2 r 01         800000ba  c.lwsp   x1, 0x2c
#3836 0 800000e8     5422 r 08         f0040ec0  c.lwsp   x8, 0x28
#3837 0 800000ea     5492 r 09         00000001  c.lwsp   x9, 0x24
#3838 0 800000ec     6145 r 02         f0040e90  c.addi16sp 0x3
#3839 0 800000ee     8082 r 00         00000000  c.jr     x1
#3840 0 800000ba     87aa r 0f         00000000  c.mv     x15, x10
#3841 0 800000bc     97a6 r 0f         00000001  c.add    x15, x9
#3842 0 800000be     85be r 0b         00000001  c.mv     x11, x15
#3843 0 800000c0 fec42503 r 0a         80000000  lw       x10, -0x14(x8)
#3844 0 800000c4     3749 r 01         800000c6  c.jal    . - 0x7e
#3845 0 80000046     1101 r 02         f0040e70  c.addi   x2, -0x20
#3846 0 80000048     ce22 m f0040e8c   f0040ec0  c.swsp   x8, 0x1c
#3847 0 8000004a     1000 r 08         f0040e90  c.addi4spn  x8, 0x8
#3848 0 8000004c fea42623 m f0040e7c   80000000  sw       x10, -0x14(x8)
#3849 0 80000050 feb42423 m f0040e78   00000001  sw       x11, -0x18(x8)
#3850 0 80000054 fec42703 r 0e         80000000  lw       x14, -0x14(x8)
#3851 0 80000058 fe842783 r 0f         00000001  lw       x15, -0x18(x8)
#3852 0 8000005c 00e7d363 r 00         00000000  bge      x15, x14, . + 0x6
#3853 0 80000062     853e r 0a         00000001  c.mv     x10, x15
#3854 0 80000064     4472 r 08         f0040ec0  c.lwsp   x8, 0x1c
#3855 0 80000066     6105 r 02         f0040e90  c.addi16sp 0x2
#3856 0 80000068     8082 r 00         00000000  c.jr     x1
#3857 0 800000c6 fea42623 m f0040eac   00000001  sw       x10, -0x14(x8)
#3858 0 800000ca fe842783 r 0f         00000000  lw       x15, -0x18(x8)
#3859 0 800000ce     0785 r 0f         00000001  c.addi   x15, 0x1
#3860 0 800000d0 fef42423 m f0040ea8   00000001  sw       x15, -0x18(x8)
#3861 0 800000d4 fe842703 r 0e         00000001  lw       x14, -0x18(x8)
#3862 0 800000d8 fd842783 r 0f         00000001  lw       x15, -0x28(x8)
#3863 0 800000dc faf74de3 r 00         00000000  blt      x14, x15, . - 0x46
#3864 0 800000e0 fec42783 r 0f         00000001  lw       x15, -0x14(x8)
#3865 0 800000e4     853e r 0a         00000001  c.mv     x10, x15
#3866 0 800000e6     50b2 r 01         800000ba  c.lwsp   x1, 0x2c
#3867 0 800000e8     5422 r 08         f0040ef0  c.lwsp   x8, 0x28
#3868 0 800000ea     5492 r 09         00000001  c.lwsp   x9, 0x24
#3869 0 800000ec     6145 r 02         f0040ec0  c.addi16sp 0x3
#3870 0 800000ee     8082 r 00         00000000  c.jr     x1
#3871 0 800000ba     87aa r 0f         00000001  c.mv     x15, x10
#3872 0 800000bc     97a6 r 0f         00000002  c.add    x15, x9
#3873 0 800000be     85be r 0b         00000002  c.mv     x11, x15
#3874 0 800000c0 fec42503 r 0a         80000000  lw       x10, -0x14(x8)
#3875 0 800000c4     3749 r 01         800000c6  c.jal    . - 0x7e
#3876 0 80000046     1101 r 02         f0040ea0  c.addi   x2, -0x20
#3877 0 80000048     ce22 m f0040ebc   f0040ef0  c.swsp   x8, 0x1c
#3878 0 8000004a     1000 r 08         f0040ec0  c.addi4spn  x8, 0x8
#3879 0 8000004c fea42623 m f0040eac   80000000  sw       x10, -0x14(x8)
#3880 0 80000050 feb42423 m f0040ea8   00000002  sw       x11, -0x18(x8)
#3881 0 80000054 fec42703 r 0e         80000000  lw       x14, -0x14(x8)
#3882 0 80000058 fe842783 r 0f         00000002  lw       x15, -0x18(x8)
#3883 0 8000005c 00e7d363 r 00         00000000  bge      x15, x14, . + 0x6
#3884 0 80000062     853e r 0a         00000002  c.mv     x10, x15
#3885 0 80000064     4472 r 08         f0040ef0  c.lwsp   x8, 0x1c
#3886 0 80000066     6105 r 02         f0040ec0  c.addi16sp 0x2
#3887 0 80000068     8082 r 00         00000000  c.jr     x1
#3888 0 800000c6 fea42623 m f0040edc   00000002  sw       x10, -0x14(x8)
#3889 0 800000ca fe842783 r 0f         00000000  lw       x15, -0x18(x8)
#3890 0 800000ce     0785 r 0f         00000001  c.addi   x15, 0x1
#3891 0 800000d0 fef42423 m f0040ed8   00000001  sw       x15, -0x18(x8)
#3892 0 800000d4 fe842703 r 0e         00000001  lw       x14, -0x18(x8)
#3893 0 800000d8 fd842783 r 0f         00000002  lw       x15, -0x28(x8)
#3894 0 800000dc faf74de3 r 00         00000000  blt      x14, x15, . - 0x46
#3895 0 80000096 fe842783 r 0f         00000001  lw       x15, -0x18(x8)
#3896 0 8000009a     078a r 0f         00000004  c.slli   x15, 2
#3897 0 8000009c fdc42703 r 0e         f0040fec  lw       x14, -0x24(x8)
#3898 0 800000a0     97ba r 0f         f0040ff0  c.add    x15, x14
#3899 0 800000a2     4384 r 09         00000005  c.lw     x9, 0x0(x15)
#3900 0 800000a4 fd842703 r 0e         00000002  lw       x14, -0x28(x8)
#3901 0 800000a8 fe842783 r 0f         00000001  lw       x15, -0x18(x8)
#3902 0 800000ac 40f707b3 r 0f         00000001  sub      x15, x14, x15
#3903 0 800000b0     17fd r 0f         00000000  c.addi   x15, -0x1
#3904 0 800000b2     85be r 0b         00000000  c.mv     x11, x15
#3905 0 800000b4 fdc42503 r 0a         f0040fec  lw       x10, -0x24(x8)
#3906 0 800000b8     3f4d r 01         800000ba  c.jal    . - 0x4e
#3907 0 8000006a     7179 r 02         f0040e90  c.addi16sp -0x3
#3908 0 8000006c     d606 m f0040ebc   800000ba  c.swsp   x1, 0x2c
#3909 0 8000006e     d422 m f0040eb8   f0040ef0  c.swsp   x8, 0x28
#3910 0 80000070     d226 m f0040eb4   00000005  c.swsp   x9, 0x24
#3911 0 80000072     1800 r 08         f0040ec0  c.addi4spn  x8, 0xc
#3912 0 80000074 fca42e23 m f0040e9c   f0040fec  sw       x10, -0x24(x8)
#3913 0 80000078 fcb42c23 m f0040e98   00000000  sw       x11, -0x28(x8)
#3914 0 8000007c fd842783 r 0f         00000000  lw       x15, -0x28(x8)
#3915 0 80000080 00f04463 r 00         00000000  blt      x0, x15, . + 0x8
#3916 0 80000084     4781 r 0f         00000000  c.li     x15, 0x0
#3917 0 80000086     a8b9 r 00         00000000  c.j      . + 0x5e
#3918 0 800000e4     853e r 0a         00000000  c.mv     x10, x15
#3919 0 800000e6     50b2 r 01         800000ba  c.lwsp   x1, 0x2c
#3920 0 800000e8     5422 r 08         f0040ef0  c.lwsp   x8, 0x28
#3921 0 800000ea     5492 r 09         00000005  c.lwsp   x9, 0x24
#3922 0 800000ec     6145 r 02         f0040ec0  c.addi16sp 0x3
#3923 0 800000ee     8082 r 00         00000000  c.jr     x1
#3924 0 800000ba     87aa r 0f         00000000  c.mv     x15, x10
#3925 0 800000bc     97a6 r 0f         00000005  c.add    x15, x9
#3926 0 800000be     85be r 0b         00000005  c.mv     x11, x15
#3927 0 800000c0 fec42503 r 0a         00000002  lw       x10, -0x14(x8)
#3928 0 800000c4     3749 r 01         800000c6  c.jal    . - 0x7e
#3929 0 80000046     1101 r 02         f0040ea0  c.addi   x2, -0x20
#3930 0 80000048     ce22 m f0040ebc   f0040ef0  c.swsp   x8, 0x1c
#3931 0 8000004a     1000 r 08         f0040ec0  c.addi4spn  x8, 0x8
#3932 0 8000004c fea42623 m f0040eac   00000002  sw       x10, -0x14(x8)
#3933 0 80000050 feb42423 m f0040ea8   00000005  sw       x11, -0x18(x8)
#3934 0 80000054 fec42703 r 0e         00000002  lw       x14, -0x14(x8)
#3935 0 80000058 fe842783 r 0f         00000005  lw       x15, -0x18(x8)
#3936 0 8000005c 00e7d363 r 00         00000000  bge      x15, x14, . + 0x6
#3937 0 80000062     853e r 0a         00000005  c.mv     x10, x15
#3938 0 80000064     4472 r 08         f0040ef0  c.lwsp   x8, 0x1c
#3939 0 80000066     6105 r 02         f0040ec0  c.addi16sp 0x2
#3940 0 80000068     8082 r 00         00000000  c.jr     x1
#3941 0 800000c6 fea42623 m f0040edc   00000005  sw       x10, -0x14(x8)
#3942 0 800000ca fe842783 r 0f         00000001  lw       x15, -0x18(x8)
#3943 0 800000ce     0785 r 0f         00000002  c.addi   x15, 0x1
#3944 0 800000d0 fef42423 m f0040ed8   00000002  sw       x15, -0x18(x8)
#3945 0 800000d4 fe842703 r 0e         00000002  lw       x14, -0x18(x8)
#3946 0 800000d8 fd842783 r 0f         00000002  lw       x15, -0x28(x8)
#3947 0 800000dc faf74de3 r 00         00000000  blt      x14, x15, . - 0x46
#3948 0 800000e0 fec42783 r 0f         00000005  lw       x15, -0x14(x8)
#3949 0 800000e4     853e r 0a         00000005  c.mv     x10, x15
#3950 0 800000e6     50b2 r 01         800000ba  c.lwsp   x1, 0x2c
#3951 0 800000e8     5422 r 08         f0040f20  c.lwsp   x8, 0x28
#3952 0 800000ea     5492 r 09         00000001  c.lwsp   x9, 0x24
#3953 0 800000ec     6145 r 02         f0040ef0  c.addi16sp 0x3
#3954 0 800000ee     8082 r 00         00000000  c.jr     x1
#3955 0 800000ba     87aa r 0f         00000005  c.mv     x15, x10
#3956 0 800000bc     97a6 r 0f         00000006  c.add    x15, x9
#3957 0 800000be     85be r 0b         00000006  c.mv     x11, x15
#3958 0 800000c0 fec42503 r 0a         80000000  lw       x10, -0x14(x8)
#3959 0 800000c4     3749 r 01         800000c6  c.jal    . - 0x7e
#3960 0 80000046     1101 r 02         f0040ed0  c.addi   x2, -0x20
#3961 0 80000048     ce22 m f0040eec   f0040f20  c.swsp   x8, 0x1c
#3962 0 8000004a     1000 r 08         f0040ef0  c.addi4spn  x8, 0x8
#3963 0 8000004c fea42623 m f0040edc   80000000  sw       x10, -0x14(x8)
#3964 0 80000050 feb42423 m f0040ed8   00000006  sw       x11, -0x18(x8)
#3965 0 80000054 fec42703 r 0e         80000000  lw       x14, -0x14(x8)
#3966 0 80000058 fe842783 r 0f         00000006  lw       x15, -0x18(x8)
#3967 0 8000005c 00e7d363 r 00         00000000  bge      x15, x14, . + 0x6
#3968 0 80000062     853e r 0a         00000006  c.mv     x10, x15
#3969 0 80000064     4472 r 08         f0040f20  c.lwsp   x8, 0x1c
#3970 0 80000066     6105 r 02         f0040ef0  c.addi16sp 0x2
#3971 0 80000068     8082 r 00         00000000  c.jr     x1
#3972 0 800000c6 fea42623 m f0040f0c   00000006  sw       x10, -0x14(x8)
#3973 0 800000ca fe842783 r 0f         00000000  lw       x15, -0x18(x8)
#3974 0 800000ce     0785 r 0f         00000001  c.addi   x15, 0x1
#3975 0 800000d0 fef42423 m f0040f08   00000001  sw       x15, -0x18(x8)
#3976 0 800000d4 fe842703 r 0e         00000001  lw       x14, -0x18(x8)
#3977 0 800000d8 fd842783 r 0f         00000003  lw       x15, -0x28(x8)
#3978 0 800000dc faf74de3 r 00         00000000  blt      x14, x15, . - 0x46
#3979 0 80000096 fe842783 r 0f         00000001  lw       x15, -0x18(x8)
#3980 0 8000009a     078a r 0f         00000004  c.slli   x15, 2
#3981 0 8000009c fdc42703 r 0e         f0040fec  lw       x14, -0x24(x8)
#3982 0 800000a0     97ba r 0f         f0040ff0  c.add    x15, x14
#3983 0 800000a2     4384 r 09         00000005  c.lw     x9, 0x0(x15)
#3984 0 800000a4 fd842703 r 0e         00000003  lw       x14, -0x28(x8)
#3985 0 800000a8 fe842783 r 0f         00000001  lw       x15, -0x18(x8)
#3986 0 800000ac 40f707b3 r 0f         00000002  sub      x15, x14, x15
#3987 0 800000b0     17fd r 0f         00000001  c.addi   x15, -0x1
#3988 0 800000b2     85be r 0b         00000001  c.mv     x11, x15
#3989 0 800000b4 fdc42503 r 0a         f0040fec  lw       x10, -0x24(x8)
#3990 0 800000b8     3f4d r 01         800000ba  c.jal    . - 0x4e
#3991 0 8000006a     7179 r 02         f0040ec0  c.addi16sp -0x3
#3992 0 8000006c     d606 m f0040eec   800000ba  c.swsp   x1, 0x2c
#3993 0 8000006e     d422 m f0040ee8   f0040f20  c.swsp   x8, 0x28
#3994 0 80000070     d226 m f0040ee4   00000005  c.swsp   x9, 0x24
#3995 0 80000072     1800 r 08         f0040ef0  c.addi4spn  x8, 0xc
#3996 0 80000074 fca42e23 m f0040ecc   f0040fec  sw       x10, -0x24(x8)
#3997 0 80000078 fcb42c23 m f0040ec8   00000001  sw       x11, -0x28(x8)
#3998 0 8000007c fd842783 r 0f         00000001  lw       x15, -0x28(x8)
#3999 0 80000080 00f04463 r 00         00000000  blt      x0, x15, . + 0x8
#4000 0 80000088 800007b7 r 0f         80000000  lui      x15, -0x80000
#4001 0 8000008c fef42623 m f0040edc   80000000  sw       x15, -0x14(x8)
#4002 0 80000090 fe042423 m f0040ed8   00000000  sw       x0, -0x18(x8)
#4003 0 80000094     a081 r 00         00000000  c.j      . + 0x40
#4004 0 800000d4 fe842703 r 0e         00000000  lw       x14, -0x18(x8)
#4005 0 800000d8 fd842783 r 0f         00000001  lw       x15, -0x28(x8)
#4006 0 800000dc faf74de3 r 00         00000000  blt      x14, x15, . - 0x46
#4007 0 80000096 fe842783 r 0f         00000000  lw       x15, -0x18(x8)
#4008 0 8000009a     078a r 0f         00000000  c.slli   x15, 2
#4009 0 8000009c fdc42703 r 0e         f0040fec  lw       x14, -0x24(x8)
#4010 0 800000a0     97ba r 0f         f0040fec  c.add    x15, x14
#4011 0 800000a2     4384 r 09         00000001  c.lw     x9, 0x0(x15)
#4012 0 800000a4 fd842703 r 0e         00000001  lw       x14, -0x28(x8)
#4013 0 800000a8 fe842783 r 0f         00000000  lw       x15, -0x18(x8)
#4014 0 800000ac 40f707b3 r 0f         00000001  sub      x15, x14, x15
#4015 0 800000b0     17fd r 0f         00000000  c.addi   x15, -0x1
#4016 0 800000b2     85be r 0b         00000000  c.mv     x11, x15
#4017 0 800000b4 fdc42503 r 0a         f0040fec  lw       x10, -0x24(x8)
#4018 0 800000b8     3f4d r 01         800000ba  c.jal    . - 0x4e
#4019 0 8000006a     7179 r 02         f0040e90  c.addi16sp -0x3
#4020 0 8000006c     d606 m f0040ebc   800000ba  c.swsp   x1, 0x2c
#4021 0 8000006e     d422 m f0040eb8   f0040ef0  c.swsp   x8, 0x28
#4022 0 80000070     d226 m f0040eb4   00000001  c.swsp   x9, 0x24
#4023 0 80000072     1800 r 08         f0040ec0  c.addi4spn  x8, 0xc
#4024 0 80000074 fca42e23 m f0040e9c   f0040fec  sw       x10, -0x24(x8)
#4025 0 80000078 fcb42c23 m f0040e98   00000000  sw       x11, -0x28(x8)
#4026 0 8000007c fd842783 r 0f         00000000  lw       x15, -0x28(x8)
#4027 0 80000080 00f04463 r 00         00000000  blt      x0, x15, . + 0x8
#4028 0 80000084     4781 r 0f         00000000  c.li     x15, 0x0
#4029 0 80000086     a8b9 r 00         00000000  c.j      . + 0x5e
#4030 0 800000e4     853e r 0a         00000000  c.mv     x10, x15
#4031 0 800000e6     50b2 r 01         800000ba  c.lwsp   x1, 0x2c
#4032 0 800000e8     5422 r 08         f0040ef0  c.lwsp   x8, 0x28
#4033 0 800000ea     5492 r 09         00000001  c.lwsp   x9, 0x24
#4034 0 800000ec     6145 r 02         f0040ec0  c.addi16sp 0x3
#4035 0 800000ee     8082 r 00         00000000  c.jr     x1
#4036 0 800000ba     87aa r 0f         00000000  c.mv     x15, x10
#4037 0 800000bc     97a6 r 0f         00000001  c.add    x15, x9
#4038 0 800000be     85be r 0b         00000001  c.mv     x11, x15
#4039 0 800000c0 fec42503 r 0a         80000000  lw       x10, -0x14(x8)
#4040 0 800000c4     3749 r 01         800000c6  c.jal    . - 0x7e
#4041 0 80000046     1101 r 02         f0040ea0  c.addi   x2, -0x20
#4042 0 80000048     ce22 m f0040ebc   f0040ef0  c.swsp   x8, 0x1c
#4043 0 8000004a     1000 r 08         f0040ec0  c.addi4spn  x8, 0x8
#4044 0 8000004c fea42623 m f0040eac   80000000  sw       x10, -0x14(x8)
#4045 0 80000050 feb42423 m f0040ea8   00000001  sw       x11, -0x18(x8)
#4046 0 80000054 fec42703 r 0e         80000000  lw       x14, -0x14(x8)
#4047 0 80000058 fe842783 r 0f         00000001  lw       x15, -0x18(x8)
#4048 0 8000005c 00e7d363 r 00         00000000  bge      x15, x14, . + 0x6
#4049 0 80000062     853e r 0a         00000001  c.mv     x10, x15
#4050 0 80000064     4472 r 08         f0040ef0  c.lwsp   x8, 0x1c
#4051 0 80000066     6105 r 02         f0040ec0  c.addi16sp 0x2
#4052 0 80000068     8082 r 00         00000000  c.jr     x1
#4053 0 800000c6 fea42623 m f0040edc   00000001  sw       x10, -0x14(x8)
#4054 0 800000ca fe842783 r 0f         00000000  lw       x15, -0x18(x8)
#4055 0 800000ce     0785 r 0f         00000001  c.addi   x15, 0x1
#4056 0 800000d0 fef42423 m f0040ed8   00000001  sw       x15, -0x18(x8)
#4057 0 800000d4 fe842703 r 0e         00000001  lw       x14, -0x18(x8)
#4058 0 800000d8 fd842783 r 0f         00000001  lw       x15, -0x28(x8)
#4059 0 800000dc faf74de3 r 00         00000000  blt      x14, x15, . - 0x46
#4060 0 800000e0 fec42783 r 0f         00000001  lw       x15, -0x14(x8)
#4061 0 800000e4     853e r 0a         00000001  c.mv     x10, x15
#4062 0 800000e6     50b2 r 01         800000ba  c.lwsp   x1, 0x2c
#4063 0 800000e8     5422 r 08         f0040f20  c.lwsp   x8, 0x28
#4064 0 800000ea     5492 r 09         00000005  c.lwsp   x9, 0x24
#4065 0 800000ec     6145 r 02         f0040ef0  c.addi16sp 0x3
#4066 0 800000ee     8082 r 00         00000000  c.jr     x1
#4067 0 800000ba     87aa r 0f         00000001  c.mv     x15, x10
#4068 0 800000bc     97a6 r 0f         00000006  c.add    x15, x9
#4069 0 800000be     85be r 0b         00000006  c.mv     x11, x15
#4070 0 800000c0 fec42503 r 0a         00000006  lw       x10, -0x14(x8)
#4071 0 800000c4     3749 r 01         800000c6  c.jal    . - 0x7e
#4072 0 80000046     1101 r 02         f0040ed0  c.addi   x2, -0x20
#4073 0 80000048     ce22 m f0040eec   f0040f20  c.swsp   x8, 0x1c
#4074 0 8000004a     1000 r 08         f0040ef0  c.addi4spn  x8, 0x8
#4075 0 8000004c fea42623 m f0040edc   00000006  sw       x10, -0x14(x8)
#4076 0 80000050 feb42423 m f0040ed8   00000006  sw       x11, -0x18(x8)
#4077 0 80000054 fec42703 r 0e         00000006  lw       x14, -0x14(x8)
#4078 0 80000058 fe842783 r 0f         00000006  lw       x15, -0x18(x8)
#4079 0 8000005c 00e7d363 r 00         00000000  bge      x15, x14, . + 0x6
#4080 0 80000062     853e r 0a         00000006  c.mv     x10, x15
#4081 0 80000064     4472 r 08         f0040f20  c.lwsp   x8, 0x1c
#4082 0 80000066     6105 r 02         f0040ef0  c.addi16sp 0x2
#4083 0 80000068     8082 r 00         00000000  c.jr     x1
#4084 0 800000c6 fea42623 m f0040f0c   00000006  sw       x10, -0x14(x8)
#4085 0 800000ca fe842783 r 0f         00000001  lw       x15, -0x18(x8)
#4086 0 800000ce     0785 r 0f         00000002  c.addi   x15, 0x1
#4087 0 800000d0 fef42423 m f0040f08   00000002  sw       x15, -0x18(x8)
#4088 0 800000d4 fe842703 r 0e         00000002  lw       x14, -0x18(x8)
#4089 0 800000d8 fd842783 r 0f         00000003  lw       x15, -0x28(x8)
#4090 0 800000dc faf74de3 r 00         00000000  blt      x14, x15, . - 0x46
#4091 0 80000096 fe842783 r 0f         00000002  lw       x15, -0x18(x8)
#4092 0 8000009a     078a r 0f         00000008  c.slli   x15, 2
#4093 0 8000009c fdc42703 r 0e         f0040fec  lw       x14, -0x24(x8)
#4094 0 800000a0     97ba r 0f         f0040ff4  c.add    x15, x14
#4095 0 800000a2     4384 r 09         00000008  c.lw     x9, 0x0(x15)
#4096 0 800000a4 fd842703 r 0e         00000003  lw       x14, -0x28(x8)
#4097 0 800000a8 fe842783 r 0f         00000002  lw       x15, -0x18(x8)
#4098 0 800000ac 40f707b3 r 0f         00000001  sub      x15, x14, x15
#4099 0 800000b0     17fd r 0f         00000000  c.addi   x15, -0x1
#4100 0 800000b2     85be r 0b         00000000  c.mv     x11, x15
#4101 0 800000b4 fdc42503 r 0a         f0040fec  lw       x10, -0x24(x8)
#4102 0 800000b8     3f4d r 01         800000ba  c.jal    . - 0x4e
#4103 0 8000006a     7179 r 02         f0040ec0  c.addi16sp -0x3
#4104 0 8000006c     d606 m f0040eec   800000ba  c.swsp   x1, 0x2c
#4105 0 8000006e     d422 m f0040ee8   f0040f20  c.swsp   x8, 0x28
#4106 0 80000070     d226 m f0040ee4   00000008  c.swsp   x9, 0x24
#4107 0 80000072     1800 r 08         f0040ef0  c.addi4spn  x8, 0xc
#4108 0 80000074 fca42e23 m f0040ecc   f0040fec  sw       x10, -0x24(x8)
#4109 0 80000078 fcb42c23 m f0040ec8   00000000  sw       x11, -0x28(x8)
#4110 0 8000007c fd842783 r 0f         00000000  lw       x15, -0x28(x8)
#4111 0 80000080 00f04463 r 00         00000000  blt      x0, x15, . + 0x8
#4112 0 80000084     4781 r 0f         00000000  c.li     x15, 0x0
#4113 0 80000086     a8b9 r 00         00000000  c.j      . + 0x5e
#4114 0 800000e4     853e r 0a         00000000  c.mv     x10, x15
#4115 0 800000e6     50b2 r 01         800000ba  c.lwsp   x1, 0x2c
#4116 0 800000e8     5422 r 08         f0040f20  c.lwsp   x8, 0x28
#4117 0 800000ea     5492 r 09         00000008  c.lwsp   x9, 0x24
#4118 0 800000ec     6145 r 02         f0040ef0  c.addi16sp 0x3
#4119 0 800000ee     8082 r 00         00000000  c.jr     x1
#4120 0 800000ba     87aa r 0f         00000000  c.mv     x15, x10
#4121 0 800000bc     97a6 r 0f         00000008  c.add    x15, x9
#4122 0 800000be     85be r 0b         00000008  c.mv     x11, x15
#4123 0 800000c0 fec42503 r 0a         00000006  lw       x10, -0x14(x8)
#4124 0 800000c4     3749 r 01         800000c6  c.jal    . - 0x7e
#4125 0 80000046     1101 r 02         f0040ed0  c.addi   x2, -0x20
#4126 0 80000048     ce22 m f0040eec   f0040f20  c.swsp   x8, 0x1c
#4127 0 8000004a     1000 r 08         f0040ef0  c.addi4spn  x8, 0x8
#4128 0 8000004c fea42623 m f0040edc   00000006  sw       x10, -0x14(x8)
#4129 0 80000050 feb42423 m f0040ed8   00000008  sw       x11, -0x18(x8)
#4130 0 80000054 fec42703 r 0e         00000006  lw       x14, -0x14(x8)
#4131 0 80000058 fe842783 r 0f         00000008  lw       x15, -0x18(x8)
#4132 0 8000005c 00e7d363 r 00         00000000  bge      x15, x14, . + 0x6
#4133 0 80000062     853e r 0a         00000008  c.mv     x10, x15
#4134 0 80000064     4472 r 08         f0040f20  c.lwsp   x8, 0x1c
#4135 0 80000066     6105 r 02         f0040ef0  c.addi16sp 0x2
#4136 0 80000068     8082 r 00         00000000  c.jr     x1
#4137 0 800000c6 fea42623 m f0040f0c   00000008  sw       x10, -0x14(x8)
#4138 0 800000ca fe842783 r 0f         00000002  lw       x15, -0x18(x8)
#4139 0 800000ce     0785 r 0f         00000003  c.addi   x15, 0x1
#4140 0 800000d0 fef42423 m f0040f08   00000003  sw       x15, -0x18(x8)
#4141 0 800000d4 fe842703 r 0e         00000003  lw       x14, -0x18(x8)
#4142 0 800000d8 fd842783 r 0f         00000003  lw       x15, -0x28(x8)
#4143 0 800000dc faf74de3 r 00         00000000  blt      x14, x15, . - 0x46
#4144 0 800000e0 fec42783 r 0f         00000008  lw       x15, -0x14(x8)
#4145 0 800000e4     853e r 0a         00000008  c.mv     x10, x15
#4146 0 800000e6     50b2 r 01         800000ba  c.lwsp   x1, 0x2c
#4147 0 800000e8     5422 r 08         f0040f50  c.lwsp   x8, 0x28
#4148 0 800000ea     5492 r 09         00000001  c.lwsp   x9, 0x24
#4149 0 800000ec     6145 r 02         f0040f20  c.addi16sp 0x3
#4150 0 800000ee     8082 r 00         00000000  c.jr     x1
#4151 0 800000ba     87aa r 0f         00000008  c.mv     x15, x10
#4152 0 800000bc     97a6 r 0f         00000009  c.add    x15, x9
#4153 0 800000be     85be r 0b         00000009  c.mv     x11, x15
#4154 0 800000c0 fec42503 r 0a         80000000  lw       x10, -0x14(x8)
#4155 0 800000c4     3749 r 01         800000c6  c.jal    . - 0x7e
#4156 0 80000046     1101 r 02         f0040f00  c.addi   x2, -0x20
#4157 0 80000048     ce22 m f0040f1c   f0040f50  c.swsp   x8, 0x1c
#4158 0 8000004a     1000 r 08         f0040f20  c.addi4spn  x8, 0x8
#4159 0 8000004c fea42623 m f0040f0c   80000000  sw       x10, -0x14(x8)
#4160 0 80000050 feb42423 m f0040f08   00000009  sw       x11, -0x18(x8)
#4161 0 80000054 fec42703 r 0e         80000000  lw       x14, -0x14(x8)
#4162 0 80000058 fe842783 r 0f         00000009  lw       x15, -0x18(x8)
#4163 0 8000005c 00e7d363 r 00         00000000  bge      x15, x14, . + 0x6
#4164 0 80000062     853e r 0a         00000009  c.mv     x10, x15
#4165 0 80000064     4472 r 08         f0040f50  c.lwsp   x8, 0x1c
#4166 0 80000066     6105 r 02         f0040f20  c.addi16sp 0x2
#4167 0 80000068     8082 r 00         00000000  c.jr     x1
#4168 0 800000c6 fea42623 m f0040f3c   00000009  sw       x10, -0x14(x8)
#4169 0 800000ca fe842783 r 0f         00000000  lw       x15, -0x18(x8)
#4170 0 800000ce     0785 r 0f         00000001  c.addi   x15, 0x1
#4171 0 800000d0 fef42423 m f0040f38   00000001  sw       x15, -0x18(x8)
#4172 0 800000d4 fe842703 r 0e         00000001  lw       x14, -0x18(x8)
#4173 0 800000d8 fd842783 r 0f         00000004  lw       x15, -0x28(x8)
#4174 0 800000dc faf74de3 r 00         00000000  blt      x14, x15, . - 0x46
#4175 0 80000096 fe842783 r 0f         00000001  lw       x15, -0x18(x8)
#4176 0 8000009a     078a r 0f         00000004  c.slli   x15, 2
#4177 0 8000009c fdc42703 r 0e         f0040fec  lw       x14, -0x24(x8)
#4178 0 800000a0     97ba r 0f         f0040ff0  c.add    x15, x14
#4179 0 800000a2     4384 r 09         00000005  c.lw     x9, 0x0(x15)
#4180 0 800000a4 fd842703 r 0e         00000004  lw       x14, -0x28(x8)
#4181 0 800000a8 fe842783 r 0f         00000001  lw       x15, -0x18(x8)
#4182 0 800000ac 40f707b3 r 0f         00000003  sub      x15, x14, x15
#4183 0 800000b0     17fd r 0f         00000002  c.addi   x15, -0x1
#4184 0 800000b2     85be r 0b         00000002  c.mv     x11, x15
#4185 0 800000b4 fdc42503 r 0a         f0040fec  lw       x10, -0x24(x8)
#4186 0 800000b8     3f4d r 01         800000ba  c.jal    . - 0x4e
#4187 0 8000006a     7179 r 02         f0040ef0  c.addi16sp -0x3
#4188 0 8000006c     d606 m f0040f1c   800000ba  c.swsp   x1, 0x2c
#4189 0 8000006e     d422 m f0040f18   f0040f50  c.swsp   x8, 0x28
#4190 0 80000070     d226 m f0040f14   00000005  c.swsp   x9, 0x24
#4191 0 80000072     1800 r 08         f0040f20  c.addi4spn  x8, 0xc
#4192 0 80000074 fca42e23 m f0040efc   f0040fec  sw       x10, -0x24(x8)
#4193 0 80000078 fcb42c23 m f0040ef8   00000002  sw       x11, -0x28(x8)
#4194 0 8000007c fd842783 r 0f         00000002  lw       x15, -0x28(x8)
#4195 0 80000080 00f04463 r 00         00000000  blt      x0, x15, . + 0x8
#4196 0 80000088 800007b7 r 0f         80000000  lui      x15, -0x80000
#4197 0 8000008c fef42623 m f0040f0c   80000000  sw       x15, -0x14(x8)
#4198 0 80000090 fe042423 m f0040f08   00000000  sw       x0, -0x18(x8)
#4199 0 80000094     a081 r 00         00000000  c.j      . + 0x40
#4200 0 800000d4 fe842703 r 0e         00000000  lw       x14, -0x18(x8)
#4201 0 800000d8 fd842783 r 0f         00000002  lw       x15, -0x28(x8)
#4202 0 800000dc faf74de3 r 00         00000000  blt      x14, x15, . - 0x46
#4203 0 80000096 fe842783 r 0f         00000000  lw       x15, -0x18(x8)
#4204 0 8000009a     078a r 0f         00000000  c.slli   x15, 2
#4205 0 8000009c fdc42703 r 0e         f0040fec  lw       x14, -0x24(x8)
#4206 0 800000a0     97ba r 0f         f0040fec  c.add    x15, x14
#4207 0 800000a2     4384 r 09         00000001  c.lw     x9, 0x0(x15)
#4208 0 800000a4 fd842703 r 0e         00000002  lw       x14, -0x28(x8)
#4209 0 800000a8 fe842783 r 0f         00000000  lw       x15, -0x18(x8)
#4210 0 800000ac 40f707b3 r 0f         00000002  sub      x15, x14, x15
#4211 0 800000b0     17fd r 0f         00000001  c.addi   x15, -0x1
#4212 0 800000b2     85be r 0b         00000001  c.mv     x11, x15
#4213 0 800000b4 fdc42503 r 0a         f0040fec  lw       x10, -0x24(x8)
#4214 0 800000b8     3f4d r 01         800000ba  c.jal    . - 0x4e
#4215 0 8000006a     7179 r 02         f0040ec0  c.addi16sp -0x3
#4216 0 8000006c     d606 m f0040eec   800000ba  c.swsp   x1, 0x2c
#4217 0 8000006e     d422 m f0040ee8   f0040f20  c.swsp   x8, 0x28
#4218 0 80000070     d226 m f0040ee4   00000001  c.swsp   x9, 0x24
#4219 0 80000072     1800 r 08         f0040ef0  c.addi4spn  x8, 0xc
#4220 0 80000074 fca42e23 m f0040ecc   f0040fec  sw       x10, -0x24(x8)
#4221 0 80000078 fcb42c23 m f0040ec8   00000001  sw       x11, -0x28(x8)
#4222 0 8000007c fd842783 r 0f         00000001  lw       x15, -0x28(x8)
#4223 0 80000080 00f04463 r 00         00000000  blt      x0, x15, . + 0x8
#4224 0 80000088 800007b7 r 0f         80000000  lui      x15, -0x80000
#4225 0 8000008c fef42623 m f0040edc   80000000  sw       x15, -0x14(x8)
#4226 0 80000090 fe042423 m f0040ed8   00000000  sw       x0, -0x18(x8)
#4227 0 80000094     a081 r 00         00000000  c.j      . + 0x40
#4228 0 800000d4 fe842703 r 0e         00000000  lw       x14, -0x18(x8)
#4229 0 800000d8 fd842783 r 0f         00000001  lw       x15, -0x28(x8)
#4230 0 800000dc faf74de3 r 00         00000000  blt      x14, x15, . - 0x46
#4231 0 80000096 fe842783 r 0f         00000000  lw       x15, -0x18(x8)
#4232 0 8000009a     078a r 0f         00000000  c.slli   x15, 2
#4233 0 8000009c fdc42703 r 0e         f0040fec  lw       x14, -0x24(x8)
#4234 0 800000a0     97ba r 0f         f0040fec  c.add    x15, x14
#4235 0 800000a2     4384 r 09         00000001  c.lw     x9, 0x0(x15)
#4236 0 800000a4 fd842703 r 0e         00000001  lw       x14, -0x28(x8)
#4237 0 800000a8 fe842783 r 0f         00000000  lw       x15, -0x18(x8)
#4238 0 800000ac 40f707b3 r 0f         00000001  sub      x15, x14, x15
#4239 0 800000b0     17fd r 0f         00000000  c.addi   x15, -0x1
#4240 0 800000b2     85be r 0b         00000000  c.mv     x11, x15
#4241 0 800000b4 fdc42503 r 0a         f0040fec  lw       x10, -0x24(x8)
#4242 0 800000b8     3f4d r 01         800000ba  c.jal    . - 0x4e
#4243 0 8000006a     7179 r 02         f0040e90  c.addi16sp -0x3
#4244 0 8000006c     d606 m f0040ebc   800000ba  c.swsp   x1, 0x2c
#4245 0 8000006e     d422 m f0040eb8   f0040ef0  c.swsp   x8, 0x28
#4246 0 80000070     d226 m f0040eb4   00000001  c.swsp   x9, 0x24
#4247 0 80000072     1800 r 08         f0040ec0  c.addi4spn  x8, 0xc
#4248 0 80000074 fca42e23 m f0040e9c   f0040fec  sw       x10, -0x24(x8)
#4249 0 80000078 fcb42c23 m f0040e98   00000000  sw       x11, -0x28(x8)
#4250 0 8000007c fd842783 r 0f         00000000  lw       x15, -0x28(x8)
#4251 0 80000080 00f04463 r 00         00000000  blt      x0, x15, . + 0x8
#4252 0 80000084     4781 r 0f         00000000  c.li     x15, 0x0
#4253 0 80000086     a8b9 r 00         00000000  c.j      . + 0x5e
#4254 0 800000e4     853e r 0a         00000000  c.mv     x10, x15
#4255 0 800000e6     50b2 r 01         800000ba  c.lwsp   x1, 0x2c
#4256 0 800000e8     5422 r 08         f0040ef0  c.lwsp   x8, 0x28
#4257 0 800000ea     5492 r 09         00000001  c.lwsp   x9, 0x24
#4258 0 800000ec     6145 r 02         f0040ec0  c.addi16sp 0x3
#4259 0 800000ee     8082 r 00         00000000  c.jr     x1
#4260 0 800000ba     87aa r 0f         00000000  c.mv     x15, x10
#4261 0 800000bc     97a6 r 0f         00000001  c.add    x15, x9
#4262 0 800000be     85be r 0b         00000001  c.mv     x11, x15
#4263 0 800000c0 fec42503 r 0a         80000000  lw       x10, -0x14(x8)
#4264 0 800000c4     3749 r 01         800000c6  c.jal    . - 0x7e
#4265 0 80000046     1101 r 02         f0040ea0  c.addi   x2, -0x20
#4266 0 80000048     ce22 m f0040ebc   f0040ef0  c.swsp   x8, 0x1c
#4267 0 8000004a     1000 r 08         f0040ec0  c.addi4spn  x8, 0x8
#4268 0 8000004c fea42623 m f0040eac   80000000  sw       x10, -0x14(x8)
#4269 0 80000050 feb42423 m f0040ea8   00000001  sw       x11, -0x18(x8)
#4270 0 80000054 fec42703 r 0e         80000000  lw       x14, -0x14(x8)
#4271 0 80000058 fe842783 r 0f         00000001  lw       x15, -0x18(x8)
#4272 0 8000005c 00e7d363 r 00         00000000  bge      x15, x14, . + 0x6
#4273 0 80000062     853e r 0a         00000001  c.mv     x10, x15
#4274 0 80000064     4472 r 08         f0040ef0  c.lwsp   x8, 0x1c
#4275 0 80000066     6105 r 02         f0040ec0  c.addi16sp 0x2
#4276 0 80000068     8082 r 00         00000000  c.jr     x1
#4277 0 800000c6 fea42623 m f0040edc   00000001  sw       x10, -0x14(x8)
#4278 0 800000ca fe842783 r 0f         00000000  lw       x15, -0x18(x8)
#4279 0 800000ce     0785 r 0f         00000001  c.addi   x15, 0x1
#4280 0 800000d0 fef42423 m f0040ed8   00000001  sw       x15, -0x18(x8)
#4281 0 800000d4 fe842703 r 0e         00000001  lw       x14, -0x18(x8)
#4282 0 800000d8 fd842783 r 0f         00000001  lw       x15, -0x28(x8)
#4283 0 800000dc faf74de3 r 00         00000000  blt      x14, x15, . - 0x46
#4284 0 800000e0 fec42783 r 0f         00000001  lw       x15, -0x14(x8)
#4285 0 800000e4     853e r 0a         00000001  c.mv     x10, x15
#4286 0 800000e6     50b2 r 01         800000ba  c.lwsp   x1, 0x2c
#4287 0 800000e8     5422 r 08         f0040f20  c.lwsp   x8, 0x28
#4288 0 800000ea     5492 r 09         00000001  c.lwsp   x9, 0x24
#4289 0 800000ec     6145 r 02         f0040ef0  c.addi16sp 0x3
#4290 0 800000ee     8082 r 00         00000000  c.jr     x1
#4291 0 800000ba     87aa r 0f         00000001  c.mv     x15, x10
#4292 0 800000bc     97a6 r 0f         00000002  c.add    x15, x9
#4293 0 800000be     85be r 0b         00000002  c.mv     x11, x15
#4294 0 800000c0 fec42503 r 0a         80000000  lw       x10, -0x14(x8)
#4295 0 800000c4     3749 r 01         800000c6  c.jal    . - 0x7e
#4296 0 80000046     1101 r 02         f0040ed0  c.addi   x2, -0x20
#4297 0 80000048     ce22 m f0040eec   f0040f20  c.swsp   x8, 0x1c
#4298 0 8000004a     1000 r 08         f0040ef0  c.addi4spn  x8, 0x8
#4299 0 8000004c fea42623 m f0040edc   80000000  sw       x10, -0x14(x8)
#4300 0 80000050 feb42423 m f0040ed8   00000002  sw       x11, -0x18(x8)
#4301 0 80000054 fec42703 r 0e         80000000  lw       x14, -0x14(x8)
#4302 0 80000058 fe842783 r 0f         00000002  lw       x15, -0x18(x8)
#4303 0 8000005c 00e7d363 r 00         00000000  bge      x15, x14, . + 0x6
#4304 0 80000062     853e r 0a         00000002  c.mv     x10, x15
#4305 0 80000064     4472 r 08         f0040f20  c.lwsp   x8, 0x1c
#4306 0 80000066     6105 r 02         f0040ef0  c.addi16sp 0x2
#4307 0 80000068     8082 r 00         00000000  c.jr     x1
#4308 0 800000c6 fea42623 m f0040f0c   00000002  sw       x10, -0x14(x8)
#4309 0 800000ca fe842783 r 0f         00000000  lw       x15, -0x18(x8)
#4310 0 800000ce     0785 r 0f         00000001  c.addi   x15, 0x1
#4311 0 800000d0 fef42423 m f0040f08   00000001  sw       x15, -0x18(x8)
#4312 0 800000d4 fe842703 r 0e         00000001  lw       x14, -0x18(x8)
#4313 0 800000d8 fd842783 r 0f         00000002  lw       x15, -0x28(x8)
#4314 0 800000dc faf74de3 r 00         00000000  blt      x14, x15, . - 0x46
#4315 0 80000096 fe842783 r 0f         00000001  lw       x15, -0x18(x8)
#4316 0 8000009a     078a r 0f         00000004  c.slli   x15, 2
#4317 0 8000009c fdc42703 r 0e         f0040fec  lw       x14, -0x24(x8)
#4318 0 800000a0     97ba r 0f         f0040ff0  c.add    x15, x14
#4319 0 800000a2     4384 r 09         00000005  c.lw     x9, 0x0(x15)
#4320 0 800000a4 fd842703 r 0e         00000002  lw       x14, -0x28(x8)
#4321 0 800000a8 fe842783 r 0f         00000001  lw       x15, -0x18(x8)
#4322 0 800000ac 40f707b3 r 0f         00000001  sub      x15, x14, x15
#4323 0 800000b0     17fd r 0f         00000000  c.addi   x15, -0x1
#4324 0 800000b2     85be r 0b         00000000  c.mv     x11, x15
#4325 0 800000b4 fdc42503 r 0a         f0040fec  lw       x10, -0x24(x8)
#4326 0 800000b8     3f4d r 01         800000ba  c.jal    . - 0x4e
#4327 0 8000006a     7179 r 02         f0040ec0  c.addi16sp -0x3
#4328 0 8000006c     d606 m f0040eec   800000ba  c.swsp   x1, 0x2c
#4329 0 8000006e     d422 m f0040ee8   f0040f20  c.swsp   x8, 0x28
#4330 0 80000070     d226 m f0040ee4   00000005  c.swsp   x9, 0x24
#4331 0 80000072     1800 r 08         f0040ef0  c.addi4spn  x8, 0xc
#4332 0 80000074 fca42e23 m f0040ecc   f0040fec  sw       x10, -0x24(x8)
#4333 0 80000078 fcb42c23 m f0040ec8   00000000  sw       x11, -0x28(x8)
#4334 0 8000007c fd842783 r 0f         00000000  lw       x15, -0x28(x8)
#4335 0 80000080 00f04463 r 00         00000000  blt      x0, x15, . + 0x8
#4336 0 80000084     4781 r 0f         00000000  c.li     x15, 0x0
#4337 0 80000086     a8b9 r 00         00000000  c.j      . + 0x5e
#4338 0 800000e4     853e r 0a         00000000  c.mv     x10, x15
#4339 0 800000e6     50b2 r 01         800000ba  c.lwsp   x1, 0x2c
#4340 0 800000e8     5422 r 08         f0040f20  c.lwsp   x8, 0x28
#4341 0 800000ea     5492 r 09         00000005  c.lwsp   x9, 0x24
#4342 0 800000ec     6145 r 02         f0040ef0  c.addi16sp 0x3
#4343 0 800000ee     8082 r 00         00000000  c.jr     x1
#4344 0 800000ba     87aa r 0f         00000000  c.mv     x15, x10
#4345 0 800000bc     97a6 r 0f         00000005  c.add    x15, x9
#4346 0 800000be     85be r 0b         00000005  c.mv     x11, x15
#4347 0 800000c0 fec42503 r 0a         00000002  lw       x10, -0x14(x8)
#4348 0 800000c4     3749 r 01         800000c6  c.jal    . - 0x7e
#4349 0 80000046     1101 r 02         f0040ed0  c.addi   x2, -0x20
#4350 0 80000048     ce22 m f0040eec   f0040f20  c.swsp   x8, 0x1c
#4351 0 8000004a     1000 r 08         f0040ef0  c.addi4spn  x8, 0x8
#4352 0 8000004c fea42623 m f0040edc   00000002  sw       x10, -0x14(x8)
#4353 0 80000050 feb42423 m f0040ed8   00000005  sw       x11, -0x18(x8)
#4354 0 80000054 fec42703 r 0e         00000002  lw       x14, -0x14(x8)
#4355 0 80000058 fe842783 r 0f         00000005  lw       x15, -0x18(x8)
#4356 0 8000005c 00e7d363 r 00         00000000  bge      x15, x14, . + 0x6
#4357 0 80000062     853e r 0a         00000005  c.mv     x10, x15
#4358 0 80000064     4472 r 08         f0040f20  c.lwsp   x8, 0x1c
#4359 0 80000066     6105 r 02         f0040ef0  c.addi16sp 0x2
#4360 0 80000068     8082 r 00         00000000  c.jr     x1
#4361 0 800000c6 fea42623 m f0040f0c   00000005  sw       x10, -0x14(x8)
#4362 0 800000ca fe842783 r 0f         00000001  lw       x15, -0x18(x8)
#4363 0 800000ce     0785 r 0f         00000002  c.addi   x15, 0x1
#4364 0 800000d0 fef42423 m f0040f08   00000002  sw       x15, -0x18(x8)
#4365 0 800000d4 fe842703 r 0e         00000002  lw       x14, -0x18(x8)
#4366 0 800000d8 fd842783 r 0f         00000002  lw       x15, -0x28(x8)
#4367 0 800000dc faf74de3 r 00         00000000  blt      x14, x15, . - 0x46
#4368 0 800000e0 fec42783 r 0f         00000005  lw       x15, -0x14(x8)
#4369 0 800000e4     853e r 0a         00000005  c.mv     x10, x15
#4370 0 800000e6     50b2 r 01         800000ba  c.lwsp   x1, 0x2c
#4371 0 800000e8     5422 r 08         f0040f50  c.lwsp   x8, 0x28
#4372 0 800000ea     5492 r 09         00000005  c.lwsp   x9, 0x24
#4373 0 800000ec     6145 r 02         f0040f20  c.addi16sp 0x3
#4374 0 800000ee     8082 r 00         00000000  c.jr     x1
#4375 0 800000ba     87aa r 0f         00000005  c.mv     x15, x10
#4376 0 800000bc     97a6 r 0f         0000000a  c.add    x15, x9
#4377 0 800000be     85be r 0b         0000000a  c.mv     x11, x15
#4378 0 800000c0 fec42503 r 0a         00000009  lw       x10, -0x14(x8)
#4379 0 800000c4     3749 r 01         800000c6  c.jal    . - 0x7e
#4380 0 80000046     1101 r 02         f0040f00  c.addi   x2, -0x20
#4381 0 80000048     ce22 m f0040f1c   f0040f50  c.swsp   x8, 0x1c
#4382 0 8000004a     1000 r 08         f0040f20  c.addi4spn  x8, 0x8
#4383 0 8000004c fea42623 m f0040f0c   00000009  sw       x10, -0x14(x8)
#4384 0 80000050 feb42423 m f0040f08   0000000a  sw       x11, -0x18(x8)
#4385 0 80000054 fec42703 r 0e         00000009  lw       x14, -0x14(x8)
#4386 0 80000058 fe842783 r 0f         0000000a  lw       x15, -0x18(x8)
#4387 0 8000005c 00e7d363 r 00         00000000  bge      x15, x14, . + 0x6
#4388 0 80000062     853e r 0a         0000000a  c.mv     x10, x15
#4389 0 80000064     4472 r 08         f0040f50  c.lwsp   x8, 0x1c
#4390 0 80000066     6105 r 02         f0040f20  c.addi16sp 0x2
#4391 0 80000068     8082 r 00         00000000  c.jr     x1
#4392 0 800000c6 fea42623 m f0040f3c   0000000a  sw       x10, -0x14(x8)
#4393 0 800000ca fe842783 r 0f         00000001  lw       x15, -0x18(x8)
#4394 0 800000ce     0785 r 0f         00000002  c.addi   x15, 0x1
#4395 0 800000d0 fef42423 m f0040f38   00000002  sw       x15, -0x18(x8)
#4396 0 800000d4 fe842703 r 0e         00000002  lw       x14, -0x18(x8)
#4397 0 800000d8 fd842783 r 0f         00000004  lw       x15, -0x28(x8)
#4398 0 800000dc faf74de3 r 00         00000000  blt      x14, x15, . - 0x46
#4399 0 80000096 fe842783 r 0f         00000002  lw       x15, -0x18(x8)
#4400 0 8000009a     078a r 0f         00000008  c.slli   x15, 2
#4401 0 8000009c fdc42703 r 0e         f0040fec  lw       x14, -0x24(x8)
#4402 0 800000a0     97ba r 0f         f0040ff4  c.add    x15, x14
#4403 0 800000a2     4384 r 09         00000008  c.lw     x9, 0x0(x15)
#4404 0 800000a4 fd842703 r 0e         00000004  lw       x14, -0x28(x8)
#4405 0 800000a8 fe842783 r 0f         00000002  lw       x15, -0x18(x8)
#4406 0 800000ac 40f707b3 r 0f         00000002  sub      x15, x14, x15
#4407 0 800000b0     17fd r 0f         00000001  c.addi   x15, -0x1
#4408 0 800000b2     85be r 0b         00000001  c.mv     x11, x15
#4409 0 800000b4 fdc42503 r 0a         f0040fec  lw       x10, -0x24(x8)
#4410 0 800000b8     3f4d r 01         800000ba  c.jal    . - 0x4e
#4411 0 8000006a     7179 r 02         f0040ef0  c.addi16sp -0x3
#4412 0 8000006c     d606 m f0040f1c   800000ba  c.swsp   x1, 0x2c
#4413 0 8000006e     d422 m f0040f18   f0040f50  c.swsp   x8, 0x28
#4414 0 80000070     d226 m f0040f14   00000008  c.swsp   x9, 0x24
#4415 0 80000072     1800 r 08         f0040f20  c.addi4spn  x8, 0xc
#4416 0 80000074 fca42e23 m f0040efc   f0040fec  sw       x10, -0x24(x8)
#4417 0 80000078 fcb42c23 m f0040ef8   00000001  sw       x11, -0x28(x8)
#4418 0 8000007c fd842783 r 0f         00000001  lw       x15, -0x28(x8)
#4419 0 80000080 00f04463 r 00         00000000  blt      x0, x15, . + 0x8
#4420 0 80000088 800007b7 r 0f         80000000  lui      x15, -0x80000
#4421 0 8000008c fef42623 m f0040f0c   80000000  sw       x15, -0x14(x8)
#4422 0 80000090 fe042423 m f0040f08   00000000  sw       x0, -0x18(x8)
#4423 0 80000094     a081 r 00         00000000  c.j      . + 0x40
#4424 0 800000d4 fe842703 r 0e         00000000  lw       x14, -0x18(x8)
#4425 0 800000d8 fd842783 r 0f         00000001  lw       x15, -0x28(x8)
#4426 0 800000dc faf74de3 r 00         00000000  blt      x14, x15, . - 0x46
#4427 0 80000096 fe842783 r 0f         00000000  lw       x15, -0x18(x8)
#4428 0 8000009a     078a r 0f         00000000  c.slli   x15, 2
#4429 0 8000009c fdc42703 r 0e         f0040fec  lw       x14, -0x24(x8)
#4430 0 800000a0     97ba r 0f         f0040fec  c.add    x15, x14
#4431 0 800000a2     4384 r 09         00000001  c.lw     x9, 0x0(x15)
#4432 0 800000a4 fd842703 r 0e         00000001  lw       x14, -0x28(x8)
#4433 0 800000a8 fe842783 r 0f         00000000  lw       x15, -0x18(x8)
#4434 0 800000ac 40f707b3 r 0f         00000001  sub      x15, x14, x15
#4435 0 800000b0     17fd r 0f         00000000  c.addi   x15, -0x1
#4436 0 800000b2     85be r 0b         00000000  c.mv     x11, x15
#4437 0 800000b4 fdc42503 r 0a         f0040fec  lw       x10, -0x24(x8)
#4438 0 800000b8     3f4d r 01         800000ba  c.jal    . - 0x4e
#4439 0 8000006a     7179 r 02         f0040ec0  c.addi16sp -0x3
#4440 0 8000006c     d606 m f0040eec   800000ba  c.swsp   x1, 0x2c
#4441 0 8000006e     d422 m f0040ee8   f0040f20  c.swsp   x8, 0x28
#4442 0 80000070     d226 m f0040ee4   00000001  c.swsp   x9, 0x24
#4443 0 80000072     1800 r 08         f0040ef0  c.addi4spn  x8, 0xc
#4444 0 80000074 fca42e23 m f0040ecc   f0040fec  sw       x10, -0x24(x8)
#4445 0 80000078 fcb42c23 m f0040ec8   00000000  sw       x11, -0x28(x8)
#4446 0 8000007c fd842783 r 0f         00000000  lw       x15, -0x28(x8)
#4447 0 80000080 00f04463 r 00         00000000  blt      x0, x15, . + 0x8
#4448 0 80000084     4781 r 0f         00000000  c.li     x15, 0x0
#4449 0 80000086     a8b9 r 00         00000000  c.j      . + 0x5e
#4450 0 800000e4     853e r 0a         00000000  c.mv     x10, x15
#4451 0 800000e6     50b2 r 01         800000ba  c.lwsp   x1, 0x2c
#4452 0 800000e8     5422 r 08         f0040f20  c.lwsp   x8, 0x28
#4453 0 800000ea     5492 r 09         00000001  c.lwsp   x9, 0x24
#4454 0 800000ec     6145 r 02         f0040ef0  c.addi16sp 0x3
#4455 0 800000ee     8082 r 00         00000000  c.jr     x1
#4456 0 800000ba     87aa r 0f         00000000  c.mv     x15, x10
#4457 0 800000bc     97a6 r 0f         00000001  c.add    x15, x9
#4458 0 800000be     85be r 0b         00000001  c.mv     x11, x15
#4459 0 800000c0 fec42503 r 0a         80000000  lw       x10, -0x14(x8)
#4460 0 800000c4     3749 r 01         800000c6  c.jal    . - 0x7e
#4461 0 80000046     1101 r 02         f0040ed0  c.addi   x2, -0x20
#4462 0 80000048     ce22 m f0040eec   f0040f20  c.swsp   x8, 0x1c
#4463 0 8000004a     1000 r 08         f0040ef0  c.addi4spn  x8, 0x8
#4464 0 8000004c fea42623 m f0040edc   80000000  sw       x10, -0x14(x8)
#4465 0 80000050 feb42423 m f0040ed8   00000001  sw       x11, -0x18(x8)
#4466 0 80000054 fec42703 r 0e         80000000  lw       x14, -0x14(x8)
#4467 0 80000058 fe842783 r 0f         00000001  lw       x15, -0x18(x8)
#4468 0 8000005c 00e7d363 r 00         00000000  bge      x15, x14, . + 0x6
#4469 0 80000062     853e r 0a         00000001  c.mv     x10, x15
#4470 0 80000064     4472 r 08         f0040f20  c.lwsp   x8, 0x1c
#4471 0 80000066     6105 r 02         f0040ef0  c.addi16sp 0x2
#4472 0 80000068     8082 r 00         00000000  c.jr     x1
#4473 0 800000c6 fea42623 m f0040f0c   00000001  sw       x10, -0x14(x8)
#4474 0 800000ca fe842783 r 0f         00000000  lw       x15, -0x18(x8)
#4475 0 800000ce     0785 r 0f         00000001  c.addi   x15, 0x1
#4476 0 800000d0 fef42423 m f0040f08   00000001  sw       x15, -0x18(x8)
#4477 0 800000d4 fe842703 r 0e         00000001  lw       x14, -0x18(x8)
#4478 0 800000d8 fd842783 r 0f         00000001  lw       x15, -0x28(x8)
#4479 0 800000dc faf74de3 r 00         00000000  blt      x14, x15, . - 0x46
#4480 0 800000e0 fec42783 r 0f         00000001  lw       x15, -0x14(x8)
#4481 0 800000e4     853e r 0a         00000001  c.mv     x10, x15
#4482 0 800000e6     50b2 r 01         800000ba  c.lwsp   x1, 0x2c
#4483 0 800000e8     5422 r 08         f0040f50  c.lwsp   x8, 0x28
#4484 0 800000ea     5492 r 09         00000008  c.lwsp   x9, 0x24
#4485 0 800000ec     6145 r 02         f0040f20  c.addi16sp 0x3
#4486 0 800000ee     8082 r 00         00000000  c.jr     x1
#4487 0 800000ba     87aa r 0f         00000001  c.mv     x15, x10
#4488 0 800000bc     97a6 r 0f         00000009  c.add    x15, x9
#4489 0 800000be     85be r 0b         00000009  c.mv     x11, x15
#4490 0 800000c0 fec42503 r 0a         0000000a  lw       x10, -0x14(x8)
#4491 0 800000c4     3749 r 01         800000c6  c.jal    . - 0x7e
#4492 0 80000046     1101 r 02         f0040f00  c.addi   x2, -0x20
#4493 0 80000048     ce22 m f0040f1c   f0040f50  c.swsp   x8, 0x1c
#4494 0 8000004a     1000 r 08         f0040f20  c.addi4spn  x8, 0x8
#4495 0 8000004c fea42623 m f0040f0c   0000000a  sw       x10, -0x14(x8)
#4496 0 80000050 feb42423 m f0040f08   00000009  sw       x11, -0x18(x8)
#4497 0 80000054 fec42703 r 0e         0000000a  lw       x14, -0x14(x8)
#4498 0 80000058 fe842783 r 0f         00000009  lw       x15, -0x18(x8)
#4499 0 8000005c 00e7d363 r 00         00000000  bge      x15, x14, . + 0x6
#4500 0 80000060     87ba r 0f         0000000a  c.mv     x15, x14
#4501 0 80000062     853e r 0a         0000000a  c.mv     x10, x15
#4502 0 80000064     4472 r 08         f0040f50  c.lwsp   x8, 0x1c
#4503 0 80000066     6105 r 02         f0040f20  c.addi16sp 0x2
#4504 0 80000068     8082 r 00         00000000  c.jr     x1
#4505 0 800000c6 fea42623 m f0040f3c   0000000a  sw       x10, -0x14(x8)
#4506 0 800000ca fe842783 r 0f         00000002  lw       x15, -0x18(x8)
#4507 0 800000ce     0785 r 0f         00000003  c.addi   x15, 0x1
#4508 0 800000d0 fef42423 m f0040f38   00000003  sw       x15, -0x18(x8)
#4509 0 800000d4 fe842703 r 0e         00000003  lw       x14, -0x18(x8)
#4510 0 800000d8 fd842783 r 0f         00000004  lw       x15, -0x28(x8)
#4511 0 800000dc faf74de3 r 00         00000000  blt      x14, x15, . - 0x46
#4512 0 80000096 fe842783 r 0f         00000003  lw       x15, -0x18(x8)
#4513 0 8000009a     078a r 0f         0000000c  c.slli   x15, 2
#4514 0 8000009c fdc42703 r 0e         f0040fec  lw       x14, -0x24(x8)
#4515 0 800000a0     97ba r 0f         f0040ff8  c.add    x15, x14
#4516 0 800000a2     4384 r 09         00000009  c.lw     x9, 0x0(x15)
#4517 0 800000a4 fd842703 r 0e         00000004  lw       x14, -0x28(x8)
#4518 0 800000a8 fe842783 r 0f         00000003  lw       x15, -0x18(x8)
#4519 0 800000ac 40f707b3 r 0f         00000001  sub      x15, x14, x15
#4520 0 800000b0     17fd r 0f         00000000  c.addi   x15, -0x1
#4521 0 800000b2     85be r 0b         00000000  c.mv     x11, x15
#4522 0 800000b4 fdc42503 r 0a         f0040fec  lw       x10, -0x24(x8)
#4523 0 800000b8     3f4d r 01         800000ba  c.jal    . - 0x4e
#4524 0 8000006a     7179 r 02         f0040ef0  c.addi16sp -0x3
#4525 0 8000006c     d606 m f0040f1c   800000ba  c.swsp   x1, 0x2c
#4526 0 8000006e     d422 m f0040f18   f0040f50  c.swsp   x8, 0x28
#4527 0 80000070     d226 m f0040f14   00000009  c.swsp   x9, 0x24
#4528 0 80000072     1800 r 08         f0040f20  c.addi4spn  x8, 0xc
#4529 0 80000074 fca42e23 m f0040efc   f0040fec  sw       x10, -0x24(x8)
#4530 0 80000078 fcb42c23 m f0040ef8   00000000  sw       x11, -0x28(x8)
#4531 0 8000007c fd842783 r 0f         00000000  lw       x15, -0x28(x8)
#4532 0 80000080 00f04463 r 00         00000000  blt      x0, x15, . + 0x8
#4533 0 80000084     4781 r 0f         00000000  c.li     x15, 0x0
#4534 0 80000086     a8b9 r 00         00000000  c.j      . + 0x5e
#4535 0 800000e4     853e r 0a         00000000  c.mv     x10, x15
#4536 0 800000e6     50b2 r 01         800000ba  c.lwsp   x1, 0x2c
#4537 0 800000e8     5422 r 08         f0040f50  c.lwsp   x8, 0x28
#4538 0 800000ea     5492 r 09         00000009  c.lwsp   x9, 0x24
#4539 0 800000ec     6145 r 02         f0040f20  c.addi16sp 0x3
#4540 0 800000ee     8082 r 00         00000000  c.jr     x1
#4541 0 800000ba     87aa r 0f         00000000  c.mv     x15, x10
#4542 0 800000bc     97a6 r 0f         00000009  c.add    x15, x9
#4543 0 800000be     85be r 0b         00000009  c.mv     x11, x15
#4544 0 800000c0 fec42503 r 0a         0000000a  lw       x10, -0x14(x8)
#4545 0 800000c4     3749 r 01         800000c6  c.jal    . - 0x7e
#4546 0 80000046     1101 r 02         f0040f00  c.addi   x2, -0x20
#4547 0 80000048     ce22 m f0040f1c   f0040f50  c.swsp   x8, 0x1c
#4548 0 8000004a     1000 r 08         f0040f20  c.addi4spn  x8, 0x8
#4549 0 8000004c fea42623 m f0040f0c   0000000a  sw       x10, -0x14(x8)
#4550 0 80000050 feb42423 m f0040f08   00000009  sw       x11, -0x18(x8)
#4551 0 80000054 fec42703 r 0e         0000000a  lw       x14, -0x14(x8)
#4552 0 80000058 fe842783 r 0f         00000009  lw       x15, -0x18(x8)
#4553 0 8000005c 00e7d363 r 00         00000000  bge      x15, x14, . + 0x6
#4554 0 80000060     87ba r 0f         0000000a  c.mv     x15, x14
#4555 0 80000062     853e r 0a         0000000a  c.mv     x10, x15
#4556 0 80000064     4472 r 08         f0040f50  c.lwsp   x8, 0x1c
#4557 0 80000066     6105 r 02         f0040f20  c.addi16sp 0x2
#4558 0 80000068     8082 r 00         00000000  c.jr     x1
#4559 0 800000c6 fea42623 m f0040f3c   0000000a  sw       x10, -0x14(x8)
#4560 0 800000ca fe842783 r 0f         00000003  lw       x15, -0x18(x8)
#4561 0 800000ce     0785 r 0f         00000004  c.addi   x15, 0x1
#4562 0 800000d0 fef42423 m f0040f38   00000004  sw       x15, -0x18(x8)
#4563 0 800000d4 fe842703 r 0e         00000004  lw       x14, -0x18(x8)
#4564 0 800000d8 fd842783 r 0f         00000004  lw       x15, -0x28(x8)
#4565 0 800000dc faf74de3 r 00         00000000  blt      x14, x15, . - 0x46
#4566 0 800000e0 fec42783 r 0f         0000000a  lw       x15, -0x14(x8)
#4567 0 800000e4     853e r 0a         0000000a  c.mv     x10, x15
#4568 0 800000e6     50b2 r 01         800000ba  c.lwsp   x1, 0x2c
#4569 0 800000e8     5422 r 08         f0040f80  c.lwsp   x8, 0x28
#4570 0 800000ea     5492 r 09         00000001  c.lwsp   x9, 0x24
#4571 0 800000ec     6145 r 02         f0040f50  c.addi16sp 0x3
#4572 0 800000ee     8082 r 00         00000000  c.jr     x1
#4573 0 800000ba     87aa r 0f         0000000a  c.mv     x15, x10
#4574 0 800000bc     97a6 r 0f         0000000b  c.add    x15, x9
#4575 0 800000be     85be r 0b         0000000b  c.mv     x11, x15
#4576 0 800000c0 fec42503 r 0a         80000000  lw       x10, -0x14(x8)
#4577 0 800000c4     3749 r 01         800000c6  c.jal    . - 0x7e
#4578 0 80000046     1101 r 02         f0040f30  c.addi   x2, -0x20
#4579 0 80000048     ce22 m f0040f4c   f0040f80  c.swsp   x8, 0x1c
#4580 0 8000004a     1000 r 08         f0040f50  c.addi4spn  x8, 0x8
#4581 0 8000004c fea42623 m f0040f3c   80000000  sw       x10, -0x14(x8)
#4582 0 80000050 feb42423 m f0040f38   0000000b  sw       x11, -0x18(x8)
#4583 0 80000054 fec42703 r 0e         80000000  lw       x14, -0x14(x8)
#4584 0 80000058 fe842783 r 0f         0000000b  lw       x15, -0x18(x8)
#4585 0 8000005c 00e7d363 r 00         00000000  bge      x15, x14, . + 0x6
#4586 0 80000062     853e r 0a         0000000b  c.mv     x10, x15
#4587 0 80000064     4472 r 08         f0040f80  c.lwsp   x8, 0x1c
#4588 0 80000066     6105 r 02         f0040f50  c.addi16sp 0x2
#4589 0 80000068     8082 r 00         00000000  c.jr     x1
#4590 0 800000c6 fea42623 m f0040f6c   0000000b  sw       x10, -0x14(x8)
#4591 0 800000ca fe842783 r 0f         00000000  lw       x15, -0x18(x8)
#4592 0 800000ce     0785 r 0f         00000001  c.addi   x15, 0x1
#4593 0 800000d0 fef42423 m f0040f68   00000001  sw       x15, -0x18(x8)
#4594 0 800000d4 fe842703 r 0e         00000001  lw       x14, -0x18(x8)
#4595 0 800000d8 fd842783 r 0f         00000005  lw       x15, -0x28(x8)
#4596 0 800000dc faf74de3 r 00         00000000  blt      x14, x15, . - 0x46
#4597 0 80000096 fe842783 r 0f         00000001  lw       x15, -0x18(x8)
#4598 0 8000009a     078a r 0f         00000004  c.slli   x15, 2
#4599 0 8000009c fdc42703 r 0e         f0040fec  lw       x14, -0x24(x8)
#4600 0 800000a0     97ba r 0f         f0040ff0  c.add    x15, x14
#4601 0 800000a2     4384 r 09         00000005  c.lw     x9, 0x0(x15)
#4602 0 800000a4 fd842703 r 0e         00000005  lw       x14, -0x28(x8)
#4603 0 800000a8 fe842783 r 0f         00000001  lw       x15, -0x18(x8)
#4604 0 800000ac 40f707b3 r 0f         00000004  sub      x15, x14, x15
#4605 0 800000b0     17fd r 0f         00000003  c.addi   x15, -0x1
#4606 0 800000b2     85be r 0b         00000003  c.mv     x11, x15
#4607 0 800000b4 fdc42503 r 0a         f0040fec  lw       x10, -0x24(x8)
#4608 0 800000b8     3f4d r 01         800000ba  c.jal    . - 0x4e
#4609 0 8000006a     7179 r 02         f0040f20  c.addi16sp -0x3
#4610 0 8000006c     d606 m f0040f4c   800000ba  c.swsp   x1, 0x2c
#4611 0 8000006e     d422 m f0040f48   f0040f80  c.swsp   x8, 0x28
#4612 0 80000070     d226 m f0040f44   00000005  c.swsp   x9, 0x24
#4613 0 80000072     1800 r 08         f0040f50  c.addi4spn  x8, 0xc
#4614 0 80000074 fca42e23 m f0040f2c   f0040fec  sw       x10, -0x24(x8)
#4615 0 80000078 fcb42c23 m f0040f28   00000003  sw       x11, -0x28(x8)
#4616 0 8000007c fd842783 r 0f         00000003  lw       x15, -0x28(x8)
#4617 0 80000080 00f04463 r 00         00000000  blt      x0, x15, . + 0x8
#4618 0 80000088 800007b7 r 0f         80000000  lui      x15, -0x80000
#4619 0 8000008c fef42623 m f0040f3c   80000000  sw       x15, -0x14(x8)
#4620 0 80000090 fe042423 m f0040f38   00000000  sw       x0, -0x18(x8)
#4621 0 80000094     a081 r 00         00000000  c.j      . + 0x40
#4622 0 800000d4 fe842703 r 0e         00000000  lw       x14, -0x18(x8)
#4623 0 800000d8 fd842783 r 0f         00000003  lw       x15, -0x28(x8)
#4624 0 800000dc faf74de3 r 00         00000000  blt      x14, x15, . - 0x46
#4625 0 80000096 fe842783 r 0f         00000000  lw       x15, -0x18(x8)
#4626 0 8000009a     078a r 0f         00000000  c.slli   x15, 2
#4627 0 8000009c fdc42703 r 0e         f0040fec  lw       x14, -0x24(x8)
#4628 0 800000a0     97ba r 0f         f0040fec  c.add    x15, x14
#4629 0 800000a2     4384 r 09         00000001  c.lw     x9, 0x0(x15)
#4630 0 800000a4 fd842703 r 0e         00000003  lw       x14, -0x28(x8)
#4631 0 800000a8 fe842783 r 0f         00000000  lw       x15, -0x18(x8)
#4632 0 800000ac 40f707b3 r 0f         00000003  sub      x15, x14, x15
#4633 0 800000b0     17fd r 0f         00000002  c.addi   x15, -0x1
#4634 0 800000b2     85be r 0b         00000002  c.mv     x11, x15
#4635 0 800000b4 fdc42503 r 0a         f0040fec  lw       x10, -0x24(x8)
#4636 0 800000b8     3f4d r 01         800000ba  c.jal    . - 0x4e
#4637 0 8000006a     7179 r 02         f0040ef0  c.addi16sp -0x3
#4638 0 8000006c     d606 m f0040f1c   800000ba  c.swsp   x1, 0x2c
#4639 0 8000006e     d422 m f0040f18   f0040f50  c.swsp   x8, 0x28
#4640 0 80000070     d226 m f0040f14   00000001  c.swsp   x9, 0x24
#4641 0 80000072     1800 r 08         f0040f20  c.addi4spn  x8, 0xc
#4642 0 80000074 fca42e23 m f0040efc   f0040fec  sw       x10, -0x24(x8)
#4643 0 80000078 fcb42c23 m f0040ef8   00000002  sw       x11, -0x28(x8)
#4644 0 8000007c fd842783 r 0f         00000002  lw       x15, -0x28(x8)
#4645 0 80000080 00f04463 r 00         00000000  blt      x0, x15, . + 0x8
#4646 0 80000088 800007b7 r 0f         80000000  lui      x15, -0x80000
#4647 0 8000008c fef42623 m f0040f0c   80000000  sw       x15, -0x14(x8)
#4648 0 80000090 fe042423 m f0040f08   00000000  sw       x0, -0x18(x8)
#4649 0 80000094     a081 r 00         00000000  c.j      . + 0x40
#4650 0 800000d4 fe842703 r 0e         00000000  lw       x14, -0x18(x8)
#4651 0 800000d8 fd842783 r 0f         00000002  lw       x15, -0x28(x8)
#4652 0 800000dc faf74de3 r 00         00000000  blt      x14, x15, . - 0x46
#4653 0 80000096 fe842783 r 0f         00000000  lw       x15, -0x18(x8)
#4654 0 8000009a     078a r 0f         00000000  c.slli   x15, 2
#4655 0 8000009c fdc42703 r 0e         f0040fec  lw       x14, -0x24(x8)
#4656 0 800000a0     97ba r 0f         f0040fec  c.add    x15, x14
#4657 0 800000a2     4384 r 09         00000001  c.lw     x9, 0x0(x15)
#4658 0 800000a4 fd842703 r 0e         00000002  lw       x14, -0x28(x8)
#4659 0 800000a8 fe842783 r 0f         00000000  lw       x15, -0x18(x8)
#4660 0 800000ac 40f707b3 r 0f         00000002  sub      x15, x14, x15
#4661 0 800000b0     17fd r 0f         00000001  c.addi   x15, -0x1
#4662 0 800000b2     85be r 0b         00000001  c.mv     x11, x15
#4663 0 800000b4 fdc42503 r 0a         f0040fec  lw       x10, -0x24(x8)
#4664 0 800000b8     3f4d r 01         800000ba  c.jal    . - 0x4e
#4665 0 8000006a     7179 r 02         f0040ec0  c.addi16sp -0x3
#4666 0 8000006c     d606 m f0040eec   800000ba  c.swsp   x1, 0x2c
#4667 0 8000006e     d422 m f0040ee8   f0040f20  c.swsp   x8, 0x28
#4668 0 80000070     d226 m f0040ee4   00000001  c.swsp   x9, 0x24
#4669 0 80000072     1800 r 08         f0040ef0  c.addi4spn  x8, 0xc
#4670 0 80000074 fca42e23 m f0040ecc   f0040fec  sw       x10, -0x24(x8)
#4671 0 80000078 fcb42c23 m f0040ec8   00000001  sw       x11, -0x28(x8)
#4672 0 8000007c fd842783 r 0f         00000001  lw       x15, -0x28(x8)
#4673 0 80000080 00f04463 r 00         00000000  blt      x0, x15, . + 0x8
#4674 0 80000088 800007b7 r 0f         80000000  lui      x15, -0x80000
#4675 0 8000008c fef42623 m f0040edc   80000000  sw       x15, -0x14(x8)
#4676 0 80000090 fe042423 m f0040ed8   00000000  sw       x0, -0x18(x8)
#4677 0 80000094     a081 r 00         00000000  c.j      . + 0x40
#4678 0 800000d4 fe842703 r 0e         00000000  lw       x14, -0x18(x8)
#4679 0 800000d8 fd842783 r 0f         00000001  lw       x15, -0x28(x8)
#4680 0 800000dc faf74de3 r 00         00000000  blt      x14, x15, . - 0x46
#4681 0 80000096 fe842783 r 0f         00000000  lw       x15, -0x18(x8)
#4682 0 8000009a     078a r 0f         00000000  c.slli   x15, 2
#4683 0 8000009c fdc42703 r 0e         f0040fec  lw       x14, -0x24(x8)
#4684 0 800000a0     97ba r 0f         f0040fec  c.add    x15, x14
#4685 0 800000a2     4384 r 09         00000001  c.lw     x9, 0x0(x15)
#4686 0 800000a4 fd842703 r 0e         00000001  lw       x14, -0x28(x8)
#4687 0 800000a8 fe842783 r 0f         00000000  lw       x15, -0x18(x8)
#4688 0 800000ac 40f707b3 r 0f         00000001  sub      x15, x14, x15
#4689 0 800000b0     17fd r 0f         00000000  c.addi   x15, -0x1
#4690 0 800000b2     85be r 0b         00000000  c.mv     x11, x15
#4691 0 800000b4 fdc42503 r 0a         f0040fec  lw       x10, -0x24(x8)
#4692 0 800000b8     3f4d r 01         800000ba  c.jal    . - 0x4e
#4693 0 8000006a     7179 r 02         f0040e90  c.addi16sp -0x3
#4694 0 8000006c     d606 m f0040ebc   800000ba  c.swsp   x1, 0x2c
#4695 0 8000006e     d422 m f0040eb8   f0040ef0  c.swsp   x8, 0x28
#4696 0 80000070     d226 m f0040eb4   00000001  c.swsp   x9, 0x24
#4697 0 80000072     1800 r 08         f0040ec0  c.addi4spn  x8, 0xc
#4698 0 80000074 fca42e23 m f0040e9c   f0040fec  sw       x10, -0x24(x8)
#4699 0 80000078 fcb42c23 m f0040e98   00000000  sw       x11, -0x28(x8)
#4700 0 8000007c fd842783 r 0f         00000000  lw       x15, -0x28(x8)
#4701 0 80000080 00f04463 r 00         00000000  blt      x0, x15, . + 0x8
#4702 0 80000084     4781 r 0f         00000000  c.li     x15, 0x0
#4703 0 80000086     a8b9 r 00         00000000  c.j      . + 0x5e
#4704 0 800000e4     853e r 0a         00000000  c.mv     x10, x15
#4705 0 800000e6     50b2 r 01         800000ba  c.lwsp   x1, 0x2c
#4706 0 800000e8     5422 r 08         f0040ef0  c.lwsp   x8, 0x28
#4707 0 800000ea     5492 r 09         00000001  c.lwsp   x9, 0x24
#4708 0 800000ec     6145 r 02         f0040ec0  c.addi16sp 0x3
#4709 0 800000ee     8082 r 00         00000000  c.jr     x1
#4710 0 800000ba     87aa r 0f         00000000  c.mv     x15, x10
#4711 0 800000bc     97a6 r 0f         00000001  c.add    x15, x9
#4712 0 800000be     85be r 0b         00000001  c.mv     x11, x15
#4713 0 800000c0 fec42503 r 0a         80000000  lw       x10, -0x14(x8)
#4714 0 800000c4     3749 r 01         800000c6  c.jal    . - 0x7e
#4715 0 80000046     1101 r 02         f0040ea0  c.addi   x2, -0x20
#4716 0 80000048     ce22 m f0040ebc   f0040ef0  c.swsp   x8, 0x1c
#4717 0 8000004a     1000 r 08         f0040ec0  c.addi4spn  x8, 0x8
#4718 0 8000004c fea42623 m f0040eac   80000000  sw       x10, -0x14(x8)
#4719 0 80000050 feb42423 m f0040ea8   00000001  sw       x11, -0x18(x8)
#4720 0 80000054 fec42703 r 0e         80000000  lw       x14, -0x14(x8)
#4721 0 80000058 fe842783 r 0f         00000001  lw       x15, -0x18(x8)
#4722 0 8000005c 00e7d363 r 00         00000000  bge      x15, x14, . + 0x6
#4723 0 80000062     853e r 0a         00000001  c.mv     x10, x15
#4724 0 80000064     4472 r 08         f0040ef0  c.lwsp   x8, 0x1c
#4725 0 80000066     6105 r 02         f0040ec0  c.addi16sp 0x2
#4726 0 80000068     8082 r 00         00000000  c.jr     x1
#4727 0 800000c6 fea42623 m f0040edc   00000001  sw       x10, -0x14(x8)
#4728 0 800000ca fe842783 r 0f         00000000  lw       x15, -0x18(x8)
#4729 0 800000ce     0785 r 0f         00000001  c.addi   x15, 0x1
#4730 0 800000d0 fef42423 m f0040ed8   00000001  sw       x15, -0x18(x8)
#4731 0 800000d4 fe842703 r 0e         00000001  lw       x14, -0x18(x8)
#4732 0 800000d8 fd842783 r 0f         00000001  lw       x15, -0x28(x8)
#4733 0 800000dc faf74de3 r 00         00000000  blt      x14, x15, . - 0x46
#4734 0 800000e0 fec42783 r 0f         00000001  lw       x15, -0x14(x8)
#4735 0 800000e4     853e r 0a         00000001  c.mv     x10, x15
#4736 0 800000e6     50b2 r 01         800000ba  c.lwsp   x1, 0x2c
#4737 0 800000e8     5422 r 08         f0040f20  c.lwsp   x8, 0x28
#4738 0 800000ea     5492 r 09         00000001  c.lwsp   x9, 0x24
#4739 0 800000ec     6145 r 02         f0040ef0  c.addi16sp 0x3
#4740 0 800000ee     8082 r 00         00000000  c.jr     x1
#4741 0 800000ba     87aa r 0f         00000001  c.mv     x15, x10
#4742 0 800000bc     97a6 r 0f         00000002  c.add    x15, x9
#4743 0 800000be     85be r 0b         00000002  c.mv     x11, x15
#4744 0 800000c0 fec42503 r 0a         80000000  lw       x10, -0x14(x8)
#4745 0 800000c4     3749 r 01         800000c6  c.jal    . - 0x7e
#4746 0 80000046     1101 r 02         f0040ed0  c.addi   x2, -0x20
#4747 0 80000048     ce22 m f0040eec   f0040f20  c.swsp   x8, 0x1c
#4748 0 8000004a     1000 r 08         f0040ef0  c.addi4spn  x8, 0x8
#4749 0 8000004c fea42623 m f0040edc   80000000  sw       x10, -0x14(x8)
#4750 0 80000050 feb42423 m f0040ed8   00000002  sw       x11, -0x18(x8)
#4751 0 80000054 fec42703 r 0e         80000000  lw       x14, -0x14(x8)
#4752 0 80000058 fe842783 r 0f         00000002  lw       x15, -0x18(x8)
#4753 0 8000005c 00e7d363 r 00         00000000  bge      x15, x14, . + 0x6
#4754 0 80000062     853e r 0a         00000002  c.mv     x10, x15
#4755 0 80000064     4472 r 08         f0040f20  c.lwsp   x8, 0x1c
#4756 0 80000066     6105 r 02         f0040ef0  c.addi16sp 0x2
#4757 0 80000068     8082 r 00         00000000  c.jr     x1
#4758 0 800000c6 fea42623 m f0040f0c   00000002  sw       x10, -0x14(x8)
#4759 0 800000ca fe842783 r 0f         00000000  lw       x15, -0x18(x8)
#4760 0 800000ce     0785 r 0f         00000001  c.addi   x15, 0x1
#4761 0 800000d0 fef42423 m f0040f08   00000001  sw       x15, -0x18(x8)
#4762 0 800000d4 fe842703 r 0e         00000001  lw       x14, -0x18(x8)
#4763 0 800000d8 fd842783 r 0f         00000002  lw       x15, -0x28(x8)
#4764 0 800000dc faf74de3 r 00         00000000  blt      x14, x15, . - 0x46
#4765 0 80000096 fe842783 r 0f         00000001  lw       x15, -0x18(x8)
#4766 0 8000009a     078a r 0f         00000004  c.slli   x15, 2
#4767 0 8000009c fdc42703 r 0e         f0040fec  lw       x14, -0x24(x8)
#4768 0 800000a0     97ba r 0f         f0040ff0  c.add    x15, x14
#4769 0 800000a2     4384 r 09         00000005  c.lw     x9, 0x0(x15)
#4770 0 800000a4 fd842703 r 0e         00000002  lw       x14, -0x28(x8)
#4771 0 800000a8 fe842783 r 0f         00000001  lw       x15, -0x18(x8)
#4772 0 800000ac 40f707b3 r 0f         00000001  sub      x15, x14, x15
#4773 0 800000b0     17fd r 0f         00000000  c.addi   x15, -0x1
#4774 0 800000b2     85be r 0b         00000000  c.mv     x11, x15
#4775 0 800000b4 fdc42503 r 0a         f0040fec  lw       x10, -0x24(x8)
#4776 0 800000b8     3f4d r 01         800000ba  c.jal    . - 0x4e
#4777 0 8000006a     7179 r 02         f0040ec0  c.addi16sp -0x3
#4778 0 8000006c     d606 m f0040eec   800000ba  c.swsp   x1, 0x2c
#4779 0 8000006e     d422 m f0040ee8   f0040f20  c.swsp   x8, 0x28
#4780 0 80000070     d226 m f0040ee4   00000005  c.swsp   x9, 0x24
#4781 0 80000072     1800 r 08         f0040ef0  c.addi4spn  x8, 0xc
#4782 0 80000074 fca42e23 m f0040ecc   f0040fec  sw       x10, -0x24(x8)
#4783 0 80000078 fcb42c23 m f0040ec8   00000000  sw       x11, -0x28(x8)
#4784 0 8000007c fd842783 r 0f         00000000  lw       x15, -0x28(x8)
#4785 0 80000080 00f04463 r 00         00000000  blt      x0, x15, . + 0x8
#4786 0 80000084     4781 r 0f         00000000  c.li     x15, 0x0
#4787 0 80000086     a8b9 r 00         00000000  c.j      . + 0x5e
#4788 0 800000e4     853e r 0a         00000000  c.mv     x10, x15
#4789 0 800000e6     50b2 r 01         800000ba  c.lwsp   x1, 0x2c
#4790 0 800000e8     5422 r 08         f0040f20  c.lwsp   x8, 0x28
#4791 0 800000ea     5492 r 09         00000005  c.lwsp   x9, 0x24
#4792 0 800000ec     6145 r 02         f0040ef0  c.addi16sp 0x3
#4793 0 800000ee     8082 r 00         00000000  c.jr     x1
#4794 0 800000ba     87aa r 0f         00000000  c.mv     x15, x10
#4795 0 800000bc     97a6 r 0f         00000005  c.add    x15, x9
#4796 0 800000be     85be r 0b         00000005  c.mv     x11, x15
#4797 0 800000c0 fec42503 r 0a         00000002  lw       x10, -0x14(x8)
#4798 0 800000c4     3749 r 01         800000c6  c.jal    . - 0x7e
#4799 0 80000046     1101 r 02         f0040ed0  c.addi   x2, -0x20
#4800 0 80000048     ce22 m f0040eec   f0040f20  c.swsp   x8, 0x1c
#4801 0 8000004a     1000 r 08         f0040ef0  c.addi4spn  x8, 0x8
#4802 0 8000004c fea42623 m f0040edc   00000002  sw       x10, -0x14(x8)
#4803 0 80000050 feb42423 m f0040ed8   00000005  sw       x11, -0x18(x8)
#4804 0 80000054 fec42703 r 0e         00000002  lw       x14, -0x14(x8)
#4805 0 80000058 fe842783 r 0f         00000005  lw       x15, -0x18(x8)
#4806 0 8000005c 00e7d363 r 00         00000000  bge      x15, x14, . + 0x6
#4807 0 80000062     853e r 0a         00000005  c.mv     x10, x15
#4808 0 80000064     4472 r 08         f0040f20  c.lwsp   x8, 0x1c
#4809 0 80000066     6105 r 02         f0040ef0  c.addi16sp 0x2
#4810 0 80000068     8082 r 00         00000000  c.jr     x1
#4811 0 800000c6 fea42623 m f0040f0c   00000005  sw       x10, -0x14(x8)
#4812 0 800000ca fe842783 r 0f         00000001  lw       x15, -0x18(x8)
#4813 0 800000ce     0785 r 0f         00000002  c.addi   x15, 0x1
#4814 0 800000d0 fef42423 m f0040f08   00000002  sw       x15, -0x18(x8)
#4815 0 800000d4 fe842703 r 0e         00000002  lw       x14, -0x18(x8)
#4816 0 800000d8 fd842783 r 0f         00000002  lw       x15, -0x28(x8)
#4817 0 800000dc faf74de3 r 00         00000000  blt      x14, x15, . - 0x46
#4818 0 800000e0 fec42783 r 0f         00000005  lw       x15, -0x14(x8)
#4819 0 800000e4     853e r 0a         00000005  c.mv     x10, x15
#4820 0 800000e6     50b2 r 01         800000ba  c.lwsp   x1, 0x2c
#4821 0 800000e8     5422 r 08         f0040f50  c.lwsp   x8, 0x28
#4822 0 800000ea     5492 r 09         00000001  c.lwsp   x9, 0x24
#4823 0 800000ec     6145 r 02         f0040f20  c.addi16sp 0x3
#4824 0 800000ee     8082 r 00         00000000  c.jr     x1
#4825 0 800000ba     87aa r 0f         00000005  c.mv     x15, x10
#4826 0 800000bc     97a6 r 0f         00000006  c.add    x15, x9
#4827 0 800000be     85be r 0b         00000006  c.mv     x11, x15
#4828 0 800000c0 fec42503 r 0a         80000000  lw       x10, -0x14(x8)
#4829 0 800000c4     3749 r 01         800000c6  c.jal    . - 0x7e
#4830 0 80000046     1101 r 02         f0040f00  c.addi   x2, -0x20
#4831 0 80000048     ce22 m f0040f1c   f0040f50  c.swsp   x8, 0x1c
#4832 0 8000004a     1000 r 08         f0040f20  c.addi4spn  x8, 0x8
#4833 0 8000004c fea42623 m f0040f0c   80000000  sw       x10, -0x14(x8)
#4834 0 80000050 feb42423 m f0040f08   00000006  sw       x11, -0x18(x8)
#4835 0 80000054 fec42703 r 0e         80000000  lw       x14, -0x14(x8)
#4836 0 80000058 fe842783 r 0f         00000006  lw       x15, -0x18(x8)
#4837 0 8000005c 00e7d363 r 00         00000000  bge      x15, x14, . + 0x6
#4838 0 80000062     853e r 0a         00000006  c.mv     x10, x15
#4839 0 80000064     4472 r 08         f0040f50  c.lwsp   x8, 0x1c
#4840 0 80000066     6105 r 02         f0040f20  c.addi16sp 0x2
#4841 0 80000068     8082 r 00         00000000  c.jr     x1
#4842 0 800000c6 fea42623 m f0040f3c   00000006  sw       x10, -0x14(x8)
#4843 0 800000ca fe842783 r 0f         00000000  lw       x15, -0x18(x8)
#4844 0 800000ce     0785 r 0f         00000001  c.addi   x15, 0x1
#4845 0 800000d0 fef42423 m f0040f38   00000001  sw       x15, -0x18(x8)
#4846 0 800000d4 fe842703 r 0e         00000001  lw       x14, -0x18(x8)
#4847 0 800000d8 fd842783 r 0f         00000003  lw       x15, -0x28(x8)
#4848 0 800000dc faf74de3 r 00         00000000  blt      x14, x15, . - 0x46
#4849 0 80000096 fe842783 r 0f         00000001  lw       x15, -0x18(x8)
#4850 0 8000009a     078a r 0f         00000004  c.slli   x15, 2
#4851 0 8000009c fdc42703 r 0e         f0040fec  lw       x14, -0x24(x8)
#4852 0 800000a0     97ba r 0f         f0040ff0  c.add    x15, x14
#4853 0 800000a2     4384 r 09         00000005  c.lw     x9, 0x0(x15)
#4854 0 800000a4 fd842703 r 0e         00000003  lw       x14, -0x28(x8)
#4855 0 800000a8 fe842783 r 0f         00000001  lw       x15, -0x18(x8)
#4856 0 800000ac 40f707b3 r 0f         00000002  sub      x15, x14, x15
#4857 0 800000b0     17fd r 0f         00000001  c.addi   x15, -0x1
#4858 0 800000b2     85be r 0b         00000001  c.mv     x11, x15
#4859 0 800000b4 fdc42503 r 0a         f0040fec  lw       x10, -0x24(x8)
#4860 0 800000b8     3f4d r 01         800000ba  c.jal    . - 0x4e
#4861 0 8000006a     7179 r 02         f0040ef0  c.addi16sp -0x3
#4862 0 8000006c     d606 m f0040f1c   800000ba  c.swsp   x1, 0x2c
#4863 0 8000006e     d422 m f0040f18   f0040f50  c.swsp   x8, 0x28
#4864 0 80000070     d226 m f0040f14   00000005  c.swsp   x9, 0x24
#4865 0 80000072     1800 r 08         f0040f20  c.addi4spn  x8, 0xc
#4866 0 80000074 fca42e23 m f0040efc   f0040fec  sw       x10, -0x24(x8)
#4867 0 80000078 fcb42c23 m f0040ef8   00000001  sw       x11, -0x28(x8)
#4868 0 8000007c fd842783 r 0f         00000001  lw       x15, -0x28(x8)
#4869 0 80000080 00f04463 r 00         00000000  blt      x0, x15, . + 0x8
#4870 0 80000088 800007b7 r 0f         80000000  lui      x15, -0x80000
#4871 0 8000008c fef42623 m f0040f0c   80000000  sw       x15, -0x14(x8)
#4872 0 80000090 fe042423 m f0040f08   00000000  sw       x0, -0x18(x8)
#4873 0 80000094     a081 r 00         00000000  c.j      . + 0x40
#4874 0 800000d4 fe842703 r 0e         00000000  lw       x14, -0x18(x8)
#4875 0 800000d8 fd842783 r 0f         00000001  lw       x15, -0x28(x8)
#4876 0 800000dc faf74de3 r 00         00000000  blt      x14, x15, . - 0x46
#4877 0 80000096 fe842783 r 0f         00000000  lw       x15, -0x18(x8)
#4878 0 8000009a     078a r 0f         00000000  c.slli   x15, 2
#4879 0 8000009c fdc42703 r 0e         f0040fec  lw       x14, -0x24(x8)
#4880 0 800000a0     97ba r 0f         f0040fec  c.add    x15, x14
#4881 0 800000a2     4384 r 09         00000001  c.lw     x9, 0x0(x15)
#4882 0 800000a4 fd842703 r 0e         00000001  lw       x14, -0x28(x8)
#4883 0 800000a8 fe842783 r 0f         00000000  lw       x15, -0x18(x8)
#4884 0 800000ac 40f707b3 r 0f         00000001  sub      x15, x14, x15
#4885 0 800000b0     17fd r 0f         00000000  c.addi   x15, -0x1
#4886 0 800000b2     85be r 0b         00000000  c.mv     x11, x15
#4887 0 800000b4 fdc42503 r 0a         f0040fec  lw       x10, -0x24(x8)
#4888 0 800000b8     3f4d r 01         800000ba  c.jal    . - 0x4e
#4889 0 8000006a     7179 r 02         f0040ec0  c.addi16sp -0x3
#4890 0 8000006c     d606 m f0040eec   800000ba  c.swsp   x1, 0x2c
#4891 0 8000006e     d422 m f0040ee8   f0040f20  c.swsp   x8, 0x28
#4892 0 80000070     d226 m f0040ee4   00000001  c.swsp   x9, 0x24
#4893 0 80000072     1800 r 08         f0040ef0  c.addi4spn  x8, 0xc
#4894 0 80000074 fca42e23 m f0040ecc   f0040fec  sw       x10, -0x24(x8)
#4895 0 80000078 fcb42c23 m f0040ec8   00000000  sw       x11, -0x28(x8)
#4896 0 8000007c fd842783 r 0f         00000000  lw       x15, -0x28(x8)
#4897 0 80000080 00f04463 r 00         00000000  blt      x0, x15, . + 0x8
#4898 0 80000084     4781 r 0f         00000000  c.li     x15, 0x0
#4899 0 80000086     a8b9 r 00         00000000  c.j      . + 0x5e
#4900 0 800000e4     853e r 0a         00000000  c.mv     x10, x15
#4901 0 800000e6     50b2 r 01         800000ba  c.lwsp   x1, 0x2c
#4902 0 800000e8     5422 r 08         f0040f20  c.lwsp   x8, 0x28
#4903 0 800000ea     5492 r 09         00000001  c.lwsp   x9, 0x24
#4904 0 800000ec     6145 r 02         f0040ef0  c.addi16sp 0x3
#4905 0 800000ee     8082 r 00         00000000  c.jr     x1
#4906 0 800000ba     87aa r 0f         00000000  c.mv     x15, x10
#4907 0 800000bc     97a6 r 0f         00000001  c.add    x15, x9
#4908 0 800000be     85be r 0b         00000001  c.mv     x11, x15
#4909 0 800000c0 fec42503 r 0a         80000000  lw       x10, -0x14(x8)
#4910 0 800000c4     3749 r 01         800000c6  c.jal    . - 0x7e
#4911 0 80000046     1101 r 02         f0040ed0  c.addi   x2, -0x20
#4912 0 80000048     ce22 m f0040eec   f0040f20  c.swsp   x8, 0x1c
#4913 0 8000004a     1000 r 08         f0040ef0  c.addi4spn  x8, 0x8
#4914 0 8000004c fea42623 m f0040edc   80000000  sw       x10, -0x14(x8)
#4915 0 80000050 feb42423 m f0040ed8   00000001  sw       x11, -0x18(x8)
#4916 0 80000054 fec42703 r 0e         80000000  lw       x14, -0x14(x8)
#4917 0 80000058 fe842783 r 0f         00000001  lw       x15, -0x18(x8)
#4918 0 8000005c 00e7d363 r 00         00000000  bge      x15, x14, . + 0x6
#4919 0 80000062     853e r 0a         00000001  c.mv     x10, x15
#4920 0 80000064     4472 r 08         f0040f20  c.lwsp   x8, 0x1c
#4921 0 80000066     6105 r 02         f0040ef0  c.addi16sp 0x2
#4922 0 80000068     8082 r 00         00000000  c.jr     x1
#4923 0 800000c6 fea42623 m f0040f0c   00000001  sw       x10, -0x14(x8)
#4924 0 800000ca fe842783 r 0f         00000000  lw       x15, -0x18(x8)
#4925 0 800000ce     0785 r 0f         00000001  c.addi   x15, 0x1
#4926 0 800000d0 fef42423 m f0040f08   00000001  sw       x15, -0x18(x8)
#4927 0 800000d4 fe842703 r 0e         00000001  lw       x14, -0x18(x8)
#4928 0 800000d8 fd842783 r 0f         00000001  lw       x15, -0x28(x8)
#4929 0 800000dc faf74de3 r 00         00000000  blt      x14, x15, . - 0x46
#4930 0 800000e0 fec42783 r 0f         00000001  lw       x15, -0x14(x8)
#4931 0 800000e4     853e r 0a         00000001  c.mv     x10, x15
#4932 0 800000e6     50b2 r 01         800000ba  c.lwsp   x1, 0x2c
#4933 0 800000e8     5422 r 08         f0040f50  c.lwsp   x8, 0x28
#4934 0 800000ea     5492 r 09         00000005  c.lwsp   x9, 0x24
#4935 0 800000ec     6145 r 02         f0040f20  c.addi16sp 0x3
#4936 0 800000ee     8082 r 00         00000000  c.jr     x1
#4937 0 800000ba     87aa r 0f         00000001  c.mv     x15, x10
#4938 0 800000bc     97a6 r 0f         00000006  c.add    x15, x9
#4939 0 800000be     85be r 0b         00000006  c.mv     x11, x15
#4940 0 800000c0 fec42503 r 0a         00000006  lw       x10, -0x14(x8)
#4941 0 800000c4     3749 r 01         800000c6  c.jal    . - 0x7e
#4942 0 80000046     1101 r 02         f0040f00  c.addi   x2, -0x20
#4943 0 80000048     ce22 m f0040f1c   f0040f50  c.swsp   x8, 0x1c
#4944 0 8000004a     1000 r 08         f0040f20  c.addi4spn  x8, 0x8
#4945 0 8000004c fea42623 m f0040f0c   00000006  sw       x10, -0x14(x8)
#4946 0 80000050 feb42423 m f0040f08   00000006  sw       x11, -0x18(x8)
#4947 0 80000054 fec42703 r 0e         00000006  lw       x14, -0x14(x8)
#4948 0 80000058 fe842783 r 0f         00000006  lw       x15, -0x18(x8)
#4949 0 8000005c 00e7d363 r 00         00000000  bge      x15, x14, . + 0x6
#4950 0 80000062     853e r 0a         00000006  c.mv     x10, x15
#4951 0 80000064     4472 r 08         f0040f50  c.lwsp   x8, 0x1c
#4952 0 80000066     6105 r 02         f0040f20  c.addi16sp 0x2
#4953 0 80000068     8082 r 00         00000000  c.jr     x1
#4954 0 800000c6 fea42623 m f0040f3c   00000006  sw       x10, -0x14(x8)
#4955 0 800000ca fe842783 r 0f         00000001  lw       x15, -0x18(x8)
#4956 0 800000ce     0785 r 0f         00000002  c.addi   x15, 0x1
#4957 0 800000d0 fef42423 m f0040f38   00000002  sw       x15, -0x18(x8)
#4958 0 800000d4 fe842703 r 0e         00000002  lw       x14, -0x18(x8)
#4959 0 800000d8 fd842783 r 0f         00000003  lw       x15, -0x28(x8)
#4960 0 800000dc faf74de3 r 00         00000000  blt      x14, x15, . - 0x46
#4961 0 80000096 fe842783 r 0f         00000002  lw       x15, -0x18(x8)
#4962 0 8000009a     078a r 0f         00000008  c.slli   x15, 2
#4963 0 8000009c fdc42703 r 0e         f0040fec  lw       x14, -0x24(x8)
#4964 0 800000a0     97ba r 0f         f0040ff4  c.add    x15, x14
#4965 0 800000a2     4384 r 09         00000008  c.lw     x9, 0x0(x15)
#4966 0 800000a4 fd842703 r 0e         00000003  lw       x14, -0x28(x8)
#4967 0 800000a8 fe842783 r 0f         00000002  lw       x15, -0x18(x8)
#4968 0 800000ac 40f707b3 r 0f         00000001  sub      x15, x14, x15
#4969 0 800000b0     17fd r 0f         00000000  c.addi   x15, -0x1
#4970 0 800000b2     85be r 0b         00000000  c.mv     x11, x15
#4971 0 800000b4 fdc42503 r 0a         f0040fec  lw       x10, -0x24(x8)
#4972 0 800000b8     3f4d r 01         800000ba  c.jal    . - 0x4e
#4973 0 8000006a     7179 r 02         f0040ef0  c.addi16sp -0x3
#4974 0 8000006c     d606 m f0040f1c   800000ba  c.swsp   x1, 0x2c
#4975 0 8000006e     d422 m f0040f18   f0040f50  c.swsp   x8, 0x28
#4976 0 80000070     d226 m f0040f14   00000008  c.swsp   x9, 0x24
#4977 0 80000072     1800 r 08         f0040f20  c.addi4spn  x8, 0xc
#4978 0 80000074 fca42e23 m f0040efc   f0040fec  sw       x10, -0x24(x8)
#4979 0 80000078 fcb42c23 m f0040ef8   00000000  sw       x11, -0x28(x8)
#4980 0 8000007c fd842783 r 0f         00000000  lw       x15, -0x28(x8)
#4981 0 80000080 00f04463 r 00         00000000  blt      x0, x15, . + 0x8
#4982 0 80000084     4781 r 0f         00000000  c.li     x15, 0x0
#4983 0 80000086     a8b9 r 00         00000000  c.j      . + 0x5e
#4984 0 800000e4     853e r 0a         00000000  c.mv     x10, x15
#4985 0 800000e6     50b2 r 01         800000ba  c.lwsp   x1, 0x2c
#4986 0 800000e8     5422 r 08         f0040f50  c.lwsp   x8, 0x28
#4987 0 800000ea     5492 r 09         00000008  c.lwsp   x9, 0x24
#4988 0 800000ec     6145 r 02         f0040f20  c.addi16sp 0x3
#4989 0 800000ee     8082 r 00         00000000  c.jr     x1
#4990 0 800000ba     87aa r 0f         00000000  c.mv     x15, x10
#4991 0 800000bc     97a6 r 0f         00000008  c.add    x15, x9
#4992 0 800000be     85be r 0b         00000008  c.mv     x11, x15
#4993 0 800000c0 fec42503 r 0a         00000006  lw       x10, -0x14(x8)
#4994 0 800000c4     3749 r 01         800000c6  c.jal    . - 0x7e
#4995 0 80000046     1101 r 02         f0040f00  c.addi   x2, -0x20
#4996 0 80000048     ce22 m f0040f1c   f0040f50  c.swsp   x8, 0x1c
#4997 0 8000004a     1000 r 08         f0040f20  c.addi4spn  x8, 0x8
#4998 0 8000004c fea42623 m f0040f0c   00000006  sw       x10, -0x14(x8)
#4999 0 80000050 feb42423 m f0040f08   00000008  sw       x11, -0x18(x8)
#5000 0 80000054 fec42703 r 0e         00000006  lw       x14, -0x14(x8)
#5001 0 80000058 fe842783 r 0f         00000008  lw       x15, -0x18(x8)
#5002 0 8000005c 00e7d363 r 00         00000000  bge      x15, x14, . + 0x6
#5003 0 80000062     853e r 0a         00000008  c.mv     x10, x15
#5004 0 80000064     4472 r 08         f0040f50  c.lwsp   x8, 0x1c
#5005 0 80000066     6105 r 02         f0040f20  c.addi16sp 0x2
#5006 0 80000068     8082 r 00         00000000  c.jr     x1
#5007 0 800000c6 fea42623 m f0040f3c   00000008  sw       x10, -0x14(x8)
#5008 0 800000ca fe842783 r 0f         00000002  lw       x15, -0x18(x8)
#5009 0 800000ce     0785 r 0f         00000003  c.addi   x15, 0x1
#5010 0 800000d0 fef42423 m f0040f38   00000003  sw       x15, -0x18(x8)
#5011 0 800000d4 fe842703 r 0e         00000003  lw       x14, -0x18(x8)
#5012 0 800000d8 fd842783 r 0f         00000003  lw       x15, -0x28(x8)
#5013 0 800000dc faf74de3 r 00         00000000  blt      x14, x15, . - 0x46
#5014 0 800000e0 fec42783 r 0f         00000008  lw       x15, -0x14(x8)
#5015 0 800000e4     853e r 0a         00000008  c.mv     x10, x15
#5016 0 800000e6     50b2 r 01         800000ba  c.lwsp   x1, 0x2c
#5017 0 800000e8     5422 r 08         f0040f80  c.lwsp   x8, 0x28
#5018 0 800000ea     5492 r 09         00000005  c.lwsp   x9, 0x24
#5019 0 800000ec     6145 r 02         f0040f50  c.addi16sp 0x3
#5020 0 800000ee     8082 r 00         00000000  c.jr     x1
#5021 0 800000ba     87aa r 0f         00000008  c.mv     x15, x10
#5022 0 800000bc     97a6 r 0f         0000000d  c.add    x15, x9
#5023 0 800000be     85be r 0b         0000000d  c.mv     x11, x15
#5024 0 800000c0 fec42503 r 0a         0000000b  lw       x10, -0x14(x8)
#5025 0 800000c4     3749 r 01         800000c6  c.jal    . - 0x7e
#5026 0 80000046     1101 r 02         f0040f30  c.addi   x2, -0x20
#5027 0 80000048     ce22 m f0040f4c   f0040f80  c.swsp   x8, 0x1c
#5028 0 8000004a     1000 r 08         f0040f50  c.addi4spn  x8, 0x8
#5029 0 8000004c fea42623 m f0040f3c   0000000b  sw       x10, -0x14(x8)
#5030 0 80000050 feb42423 m f0040f38   0000000d  sw       x11, -0x18(x8)
#5031 0 80000054 fec42703 r 0e         0000000b  lw       x14, -0x14(x8)
#5032 0 80000058 fe842783 r 0f         0000000d  lw       x15, -0x18(x8)
#5033 0 8000005c 00e7d363 r 00         00000000  bge      x15, x14, . + 0x6
#5034 0 80000062     853e r 0a         0000000d  c.mv     x10, x15
#5035 0 80000064     4472 r 08         f0040f80  c.lwsp   x8, 0x1c
#5036 0 80000066     6105 r 02         f0040f50  c.addi16sp 0x2
#5037 0 80000068     8082 r 00         00000000  c.jr     x1
#5038 0 800000c6 fea42623 m f0040f6c   0000000d  sw       x10, -0x14(x8)
#5039 0 800000ca fe842783 r 0f         00000001  lw       x15, -0x18(x8)
#5040 0 800000ce     0785 r 0f         00000002  c.addi   x15, 0x1
#5041 0 800000d0 fef42423 m f0040f68   00000002  sw       x15, -0x18(x8)
#5042 0 800000d4 fe842703 r 0e         00000002  lw       x14, -0x18(x8)
#5043 0 800000d8 fd842783 r 0f         00000005  lw       x15, -0x28(x8)
#5044 0 800000dc faf74de3 r 00         00000000  blt      x14, x15, . - 0x46
#5045 0 80000096 fe842783 r 0f         00000002  lw       x15, -0x18(x8)
#5046 0 8000009a     078a r 0f         00000008  c.slli   x15, 2
#5047 0 8000009c fdc42703 r 0e         f0040fec  lw       x14, -0x24(x8)
#5048 0 800000a0     97ba r 0f         f0040ff4  c.add    x15, x14
#5049 0 800000a2     4384 r 09         00000008  c.lw     x9, 0x0(x15)
#5050 0 800000a4 fd842703 r 0e         00000005  lw       x14, -0x28(x8)
#5051 0 800000a8 fe842783 r 0f         00000002  lw       x15, -0x18(x8)
#5052 0 800000ac 40f707b3 r 0f         00000003  sub      x15, x14, x15
#5053 0 800000b0     17fd r 0f         00000002  c.addi   x15, -0x1
#5054 0 800000b2     85be r 0b         00000002  c.mv     x11, x15
#5055 0 800000b4 fdc42503 r 0a         f0040fec  lw       x10, -0x24(x8)
#5056 0 800000b8     3f4d r 01         800000ba  c.jal    . - 0x4e
#5057 0 8000006a     7179 r 02         f0040f20  c.addi16sp -0x3
#5058 0 8000006c     d606 m f0040f4c   800000ba  c.swsp   x1, 0x2c
#5059 0 8000006e     d422 m f0040f48   f0040f80  c.swsp   x8, 0x28
#5060 0 80000070     d226 m f0040f44   00000008  c.swsp   x9, 0x24
#5061 0 80000072     1800 r 08         f0040f50  c.addi4spn  x8, 0xc
#5062 0 80000074 fca42e23 m f0040f2c   f0040fec  sw       x10, -0x24(x8)
#5063 0 80000078 fcb42c23 m f0040f28   00000002  sw       x11, -0x28(x8)
#5064 0 8000007c fd842783 r 0f         00000002  lw       x15, -0x28(x8)
#5065 0 80000080 00f04463 r 00         00000000  blt      x0, x15, . + 0x8
#5066 0 80000088 800007b7 r 0f         80000000  lui      x15, -0x80000
#5067 0 8000008c fef42623 m f0040f3c   80000000  sw       x15, -0x14(x8)
#5068 0 80000090 fe042423 m f0040f38   00000000  sw       x0, -0x18(x8)
#5069 0 80000094     a081 r 00         00000000  c.j      . + 0x40
#5070 0 800000d4 fe842703 r 0e         00000000  lw       x14, -0x18(x8)
#5071 0 800000d8 fd842783 r 0f         00000002  lw       x15, -0x28(x8)
#5072 0 800000dc faf74de3 r 00         00000000  blt      x14, x15, . - 0x46
#5073 0 80000096 fe842783 r 0f         00000000  lw       x15, -0x18(x8)
#5074 0 8000009a     078a r 0f         00000000  c.slli   x15, 2
#5075 0 8000009c fdc42703 r 0e         f0040fec  lw       x14, -0x24(x8)
#5076 0 800000a0     97ba r 0f         f0040fec  c.add    x15, x14
#5077 0 800000a2     4384 r 09         00000001  c.lw     x9, 0x0(x15)
#5078 0 800000a4 fd842703 r 0e         00000002  lw       x14, -0x28(x8)
#5079 0 800000a8 fe842783 r 0f         00000000  lw       x15, -0x18(x8)
#5080 0 800000ac 40f707b3 r 0f         00000002  sub      x15, x14, x15
#5081 0 800000b0     17fd r 0f         00000001  c.addi   x15, -0x1
#5082 0 800000b2     85be r 0b         00000001  c.mv     x11, x15
#5083 0 800000b4 fdc42503 r 0a         f0040fec  lw       x10, -0x24(x8)
#5084 0 800000b8     3f4d r 01         800000ba  c.jal    . - 0x4e
#5085 0 8000006a     7179 r 02         f0040ef0  c.addi16sp -0x3
#5086 0 8000006c     d606 m f0040f1c   800000ba  c.swsp   x1, 0x2c
#5087 0 8000006e     d422 m f0040f18   f0040f50  c.swsp   x8, 0x28
#5088 0 80000070     d226 m f0040f14   00000001  c.swsp   x9, 0x24
#5089 0 80000072     1800 r 08         f0040f20  c.addi4spn  x8, 0xc
#5090 0 80000074 fca42e23 m f0040efc   f0040fec  sw       x10, -0x24(x8)
#5091 0 80000078 fcb42c23 m f0040ef8   00000001  sw       x11, -0x28(x8)
#5092 0 8000007c fd842783 r 0f         00000001  lw       x15, -0x28(x8)
#5093 0 80000080 00f04463 r 00         00000000  blt      x0, x15, . + 0x8
#5094 0 80000088 800007b7 r 0f         80000000  lui      x15, -0x80000
#5095 0 8000008c fef42623 m f0040f0c   80000000  sw       x15, -0x14(x8)
#5096 0 80000090 fe042423 m f0040f08   00000000  sw       x0, -0x18(x8)
#5097 0 80000094     a081 r 00         00000000  c.j      . + 0x40
#5098 0 800000d4 fe842703 r 0e         00000000  lw       x14, -0x18(x8)
#5099 0 800000d8 fd842783 r 0f         00000001  lw       x15, -0x28(x8)
#5100 0 800000dc faf74de3 r 00         00000000  blt      x14, x15, . - 0x46
#5101 0 80000096 fe842783 r 0f         00000000  lw       x15, -0x18(x8)
#5102 0 8000009a     078a r 0f         00000000  c.slli   x15, 2
#5103 0 8000009c fdc42703 r 0e         f0040fec  lw       x14, -0x24(x8)
#5104 0 800000a0     97ba r 0f         f0040fec  c.add    x15, x14
#5105 0 800000a2     4384 r 09         00000001  c.lw     x9, 0x0(x15)
#5106 0 800000a4 fd842703 r 0e         00000001  lw       x14, -0x28(x8)
#5107 0 800000a8 fe842783 r 0f         00000000  lw       x15, -0x18(x8)
#5108 0 800000ac 40f707b3 r 0f         00000001  sub      x15, x14, x15
#5109 0 800000b0     17fd r 0f         00000000  c.addi   x15, -0x1
#5110 0 800000b2     85be r 0b         00000000  c.mv     x11, x15
#5111 0 800000b4 fdc42503 r 0a         f0040fec  lw       x10, -0x24(x8)
#5112 0 800000b8     3f4d r 01         800000ba  c.jal    . - 0x4e
#5113 0 8000006a     7179 r 02         f0040ec0  c.addi16sp -0x3
#5114 0 8000006c     d606 m f0040eec   800000ba  c.swsp   x1, 0x2c
#5115 0 8000006e     d422 m f0040ee8   f0040f20  c.swsp   x8, 0x28
#5116 0 80000070     d226 m f0040ee4   00000001  c.swsp   x9, 0x24
#5117 0 80000072     1800 r 08         f0040ef0  c.addi4spn  x8, 0xc
#5118 0 80000074 fca42e23 m f0040ecc   f0040fec  sw       x10, -0x24(x8)
#5119 0 80000078 fcb42c23 m f0040ec8   00000000  sw       x11, -0x28(x8)
#5120 0 8000007c fd842783 r 0f         00000000  lw       x15, -0x28(x8)
#5121 0 80000080 00f04463 r 00         00000000  blt      x0, x15, . + 0x8
#5122 0 80000084     4781 r 0f         00000000  c.li     x15, 0x0
#5123 0 80000086     a8b9 r 00         00000000  c.j      . + 0x5e
#5124 0 800000e4     853e r 0a         00000000  c.mv     x10, x15
#5125 0 800000e6     50b2 r 01         800000ba  c.lwsp   x1, 0x2c
#5126 0 800000e8     5422 r 08         f0040f20  c.lwsp   x8, 0x28
#5127 0 800000ea     5492 r 09         00000001  c.lwsp   x9, 0x24
#5128 0 800000ec     6145 r 02         f0040ef0  c.addi16sp 0x3
#5129 0 800000ee     8082 r 00         00000000  c.jr     x1
#5130 0 800000ba     87aa r 0f         00000000  c.mv     x15, x10
#5131 0 800000bc     97a6 r 0f         00000001  c.add    x15, x9
#5132 0 800000be     85be r 0b         00000001  c.mv     x11, x15
#5133 0 800000c0 fec42503 r 0a         80000000  lw       x10, -0x14(x8)
#5134 0 800000c4     3749 r 01         800000c6  c.jal    . - 0x7e
#5135 0 80000046     1101 r 02         f0040ed0  c.addi   x2, -0x20
#5136 0 80000048     ce22 m f0040eec   f0040f20  c.swsp   x8, 0x1c
#5137 0 8000004a     1000 r 08         f0040ef0  c.addi4spn  x8, 0x8
#5138 0 8000004c fea42623 m f0040edc   80000000  sw       x10, -0x14(x8)
#5139 0 80000050 feb42423 m f0040ed8   00000001  sw       x11, -0x18(x8)
#5140 0 80000054 fec42703 r 0e         80000000  lw       x14, -0x14(x8)
#5141 0 80000058 fe842783 r 0f         00000001  lw       x15, -0x18(x8)
#5142 0 8000005c 00e7d363 r 00         00000000  bge      x15, x14, . + 0x6
#5143 0 80000062     853e r 0a         00000001  c.mv     x10, x15
#5144 0 80000064     4472 r 08         f0040f20  c.lwsp   x8, 0x1c
#5145 0 80000066     6105 r 02         f0040ef0  c.addi16sp 0x2
#5146 0 80000068     8082 r 00         00000000  c.jr     x1
#5147 0 800000c6 fea42623 m f0040f0c   00000001  sw       x10, -0x14(x8)
#5148 0 800000ca fe842783 r 0f         00000000  lw       x15, -0x18(x8)
#5149 0 800000ce     0785 r 0f         00000001  c.addi   x15, 0x1
#5150 0 800000d0 fef42423 m f0040f08   00000001  sw       x15, -0x18(x8)
#5151 0 800000d4 fe842703 r 0e         00000001  lw       x14, -0x18(x8)
#5152 0 800000d8 fd842783 r 0f         00000001  lw       x15, -0x28(x8)
#5153 0 800000dc faf74de3 r 00         00000000  blt      x14, x15, . - 0x46
#5154 0 800000e0 fec42783 r 0f         00000001  lw       x15, -0x14(x8)
#5155 0 800000e4     853e r 0a         00000001  c.mv     x10, x15
#5156 0 800000e6     50b2 r 01         800000ba  c.lwsp   x1, 0x2c
#5157 0 800000e8     5422 r 08         f0040f50  c.lwsp   x8, 0x28
#5158 0 800000ea     5492 r 09         00000001  c.lwsp   x9, 0x24
#5159 0 800000ec     6145 r 02         f0040f20  c.addi16sp 0x3
#5160 0 800000ee     8082 r 00         00000000  c.jr     x1
#5161 0 800000ba     87aa r 0f         00000001  c.mv     x15, x10
#5162 0 800000bc     97a6 r 0f         00000002  c.add    x15, x9
#5163 0 800000be     85be r 0b         00000002  c.mv     x11, x15
#5164 0 800000c0 fec42503 r 0a         80000000  lw       x10, -0x14(x8)
#5165 0 800000c4     3749 r 01         800000c6  c.jal    . - 0x7e
#5166 0 80000046     1101 r 02         f0040f00  c.addi   x2, -0x20
#5167 0 80000048     ce22 m f0040f1c   f0040f50  c.swsp   x8, 0x1c
#5168 0 8000004a     1000 r 08         f0040f20  c.addi4spn  x8, 0x8
#5169 0 8000004c fea42623 m f0040f0c   80000000  sw       x10, -0x14(x8)
#5170 0 80000050 feb42423 m f0040f08   00000002  sw       x11, -0x18(x8)
#5171 0 80000054 fec42703 r 0e         80000000  lw       x14, -0x14(x8)
#5172 0 80000058 fe842783 r 0f         00000002  lw       x15, -0x18(x8)
#5173 0 8000005c 00e7d363 r 00         00000000  bge      x15, x14, . + 0x6
#5174 0 80000062     853e r 0a         00000002  c.mv     x10, x15
#5175 0 80000064     4472 r 08         f0040f50  c.lwsp   x8, 0x1c
#5176 0 80000066     6105 r 02         f0040f20  c.addi16sp 0x2
#5177 0 80000068     8082 r 00         00000000  c.jr     x1
#5178 0 800000c6 fea42623 m f0040f3c   00000002  sw       x10, -0x14(x8)
#5179 0 800000ca fe842783 r 0f         00000000  lw       x15, -0x18(x8)
#5180 0 800000ce     0785 r 0f         00000001  c.addi   x15, 0x1
#5181 0 800000d0 fef42423 m f0040f38   00000001  sw       x15, -0x18(x8)
#5182 0 800000d4 fe842703 r 0e         00000001  lw       x14, -0x18(x8)
#5183 0 800000d8 fd842783 r 0f         00000002  lw       x15, -0x28(x8)
#5184 0 800000dc faf74de3 r 00         00000000  blt      x14, x15, . - 0x46
#5185 0 80000096 fe842783 r 0f         00000001  lw       x15, -0x18(x8)
#5186 0 8000009a     078a r 0f         00000004  c.slli   x15, 2
#5187 0 8000009c fdc42703 r 0e         f0040fec  lw       x14, -0x24(x8)
#5188 0 800000a0     97ba r 0f         f0040ff0  c.add    x15, x14
#5189 0 800000a2     4384 r 09         00000005  c.lw     x9, 0x0(x15)
#5190 0 800000a4 fd842703 r 0e         00000002  lw       x14, -0x28(x8)
#5191 0 800000a8 fe842783 r 0f         00000001  lw       x15, -0x18(x8)
#5192 0 800000ac 40f707b3 r 0f         00000001  sub      x15, x14, x15
#5193 0 800000b0     17fd r 0f         00000000  c.addi   x15, -0x1
#5194 0 800000b2     85be r 0b         00000000  c.mv     x11, x15
#5195 0 800000b4 fdc42503 r 0a         f0040fec  lw       x10, -0x24(x8)
#5196 0 800000b8     3f4d r 01         800000ba  c.jal    . - 0x4e
#5197 0 8000006a     7179 r 02         f0040ef0  c.addi16sp -0x3
#5198 0 8000006c     d606 m f0040f1c   800000ba  c.swsp   x1, 0x2c
#5199 0 8000006e     d422 m f0040f18   f0040f50  c.swsp   x8, 0x28
#5200 0 80000070     d226 m f0040f14   00000005  c.swsp   x9, 0x24
#5201 0 80000072     1800 r 08         f0040f20  c.addi4spn  x8, 0xc
#5202 0 80000074 fca42e23 m f0040efc   f0040fec  sw       x10, -0x24(x8)
#5203 0 80000078 fcb42c23 m f0040ef8   00000000  sw       x11, -0x28(x8)
#5204 0 8000007c fd842783 r 0f         00000000  lw       x15, -0x28(x8)
#5205 0 80000080 00f04463 r 00         00000000  blt      x0, x15, . + 0x8
#5206 0 80000084     4781 r 0f         00000000  c.li     x15, 0x0
#5207 0 80000086     a8b9 r 00         00000000  c.j      . + 0x5e
#5208 0 800000e4     853e r 0a         00000000  c.mv     x10, x15
#5209 0 800000e6     50b2 r 01         800000ba  c.lwsp   x1, 0x2c
#5210 0 800000e8     5422 r 08         f0040f50  c.lwsp   x8, 0x28
#5211 0 800000ea     5492 r 09         00000005  c.lwsp   x9, 0x24
#5212 0 800000ec     6145 r 02         f0040f20  c.addi16sp 0x3
#5213 0 800000ee     8082 r 00         00000000  c.jr     x1
#5214 0 800000ba     87aa r 0f         00000000  c.mv     x15, x10
#5215 0 800000bc     97a6 r 0f         00000005  c.add    x15, x9
#5216 0 800000be     85be r 0b         00000005  c.mv     x11, x15
#5217 0 800000c0 fec42503 r 0a         00000002  lw       x10, -0x14(x8)
#5218 0 800000c4     3749 r 01         800000c6  c.jal    . - 0x7e
#5219 0 80000046     1101 r 02         f0040f00  c.addi   x2, -0x20
#5220 0 80000048     ce22 m f0040f1c   f0040f50  c.swsp   x8, 0x1c
#5221 0 8000004a     1000 r 08         f0040f20  c.addi4spn  x8, 0x8
#5222 0 8000004c fea42623 m f0040f0c   00000002  sw       x10, -0x14(x8)
#5223 0 80000050 feb42423 m f0040f08   00000005  sw       x11, -0x18(x8)
#5224 0 80000054 fec42703 r 0e         00000002  lw       x14, -0x14(x8)
#5225 0 80000058 fe842783 r 0f         00000005  lw       x15, -0x18(x8)
#5226 0 8000005c 00e7d363 r 00         00000000  bge      x15, x14, . + 0x6
#5227 0 80000062     853e r 0a         00000005  c.mv     x10, x15
#5228 0 80000064     4472 r 08         f0040f50  c.lwsp   x8, 0x1c
#5229 0 80000066     6105 r 02         f0040f20  c.addi16sp 0x2
#5230 0 80000068     8082 r 00         00000000  c.jr     x1
#5231 0 800000c6 fea42623 m f0040f3c   00000005  sw       x10, -0x14(x8)
#5232 0 800000ca fe842783 r 0f         00000001  lw       x15, -0x18(x8)
#5233 0 800000ce     0785 r 0f         00000002  c.addi   x15, 0x1
#5234 0 800000d0 fef42423 m f0040f38   00000002  sw       x15, -0x18(x8)
#5235 0 800000d4 fe842703 r 0e         00000002  lw       x14, -0x18(x8)
#5236 0 800000d8 fd842783 r 0f         00000002  lw       x15, -0x28(x8)
#5237 0 800000dc faf74de3 r 00         00000000  blt      x14, x15, . - 0x46
#5238 0 800000e0 fec42783 r 0f         00000005  lw       x15, -0x14(x8)
#5239 0 800000e4     853e r 0a         00000005  c.mv     x10, x15
#5240 0 800000e6     50b2 r 01         800000ba  c.lwsp   x1, 0x2c
#5241 0 800000e8     5422 r 08         f0040f80  c.lwsp   x8, 0x28
#5242 0 800000ea     5492 r 09         00000008  c.lwsp   x9, 0x24
#5243 0 800000ec     6145 r 02         f0040f50  c.addi16sp 0x3
#5244 0 800000ee     8082 r 00         00000000  c.jr     x1
#5245 0 800000ba     87aa r 0f         00000005  c.mv     x15, x10
#5246 0 800000bc     97a6 r 0f         0000000d  c.add    x15, x9
#5247 0 800000be     85be r 0b         0000000d  c.mv     x11, x15
#5248 0 800000c0 fec42503 r 0a         0000000d  lw       x10, -0x14(x8)
#5249 0 800000c4     3749 r 01         800000c6  c.jal    . - 0x7e
#5250 0 80000046     1101 r 02         f0040f30  c.addi   x2, -0x20
#5251 0 80000048     ce22 m f0040f4c   f0040f80  c.swsp   x8, 0x1c
#5252 0 8000004a     1000 r 08         f0040f50  c.addi4spn  x8, 0x8
#5253 0 8000004c fea42623 m f0040f3c   0000000d  sw       x10, -0x14(x8)
#5254 0 80000050 feb42423 m f0040f38   0000000d  sw       x11, -0x18(x8)
#5255 0 80000054 fec42703 r 0e         0000000d  lw       x14, -0x14(x8)
#5256 0 80000058 fe842783 r 0f         0000000d  lw       x15, -0x18(x8)
#5257 0 8000005c 00e7d363 r 00         00000000  bge      x15, x14, . + 0x6
#5258 0 80000062     853e r 0a         0000000d  c.mv     x10, x15
#5259 0 80000064     4472 r 08         f0040f80  c.lwsp   x8, 0x1c
#5260 0 80000066     6105 r 02         f0040f50  c.addi16sp 0x2
#5261 0 80000068     8082 r 00         00000000  c.jr     x1
#5262 0 800000c6 fea42623 m f0040f6c   0000000d  sw       x10, -0x14(x8)
#5263 0 800000ca fe842783 r 0f         00000002  lw       x15, -0x18(x8)
#5264 0 800000ce     0785 r 0f         00000003  c.addi   x15, 0x1
#5265 0 800000d0 fef42423 m f0040f68   00000003  sw       x15, -0x18(x8)
#5266 0 800000d4 fe842703 r 0e         00000003  lw       x14, -0x18(x8)
#5267 0 800000d8 fd842783 r 0f         00000005  lw       x15, -0x28(x8)
#5268 0 800000dc faf74de3 r 00         00000000  blt      x14, x15, . - 0x46
#5269 0 80000096 fe842783 r 0f         00000003  lw       x15, -0x18(x8)
#5270 0 8000009a     078a r 0f         0000000c  c.slli   x15, 2
#5271 0 8000009c fdc42703 r 0e         f0040fec  lw       x14, -0x24(x8)
#5272 0 800000a0     97ba r 0f         f0040ff8  c.add    x15, x14
#5273 0 800000a2     4384 r 09         00000009  c.lw     x9, 0x0(x15)
#5274 0 800000a4 fd842703 r 0e         00000005  lw       x14, -0x28(x8)
#5275 0 800000a8 fe842783 r 0f         00000003  lw       x15, -0x18(x8)
#5276 0 800000ac 40f707b3 r 0f         00000002  sub      x15, x14, x15
#5277 0 800000b0     17fd r 0f         00000001  c.addi   x15, -0x1
#5278 0 800000b2     85be r 0b         00000001  c.mv     x11, x15
#5279 0 800000b4 fdc42503 r 0a         f0040fec  lw       x10, -0x24(x8)
#5280 0 800000b8     3f4d r 01         800000ba  c.jal    . - 0x4e
#5281 0 8000006a     7179 r 02         f0040f20  c.addi16sp -0x3
#5282 0 8000006c     d606 m f0040f4c   800000ba  c.swsp   x1, 0x2c
#5283 0 8000006e     d422 m f0040f48   f0040f80  c.swsp   x8, 0x28
#5284 0 80000070     d226 m f0040f44   00000009  c.swsp   x9, 0x24
#5285 0 80000072     1800 r 08         f0040f50  c.addi4spn  x8, 0xc
#5286 0 80000074 fca42e23 m f0040f2c   f0040fec  sw       x10, -0x24(x8)
#5287 0 80000078 fcb42c23 m f0040f28   00000001  sw       x11, -0x28(x8)
#5288 0 8000007c fd842783 r 0f         00000001  lw       x15, -0x28(x8)
#5289 0 80000080 00f04463 r 00         00000000  blt      x0, x15, . + 0x8
#5290 0 80000088 800007b7 r 0f         80000000  lui      x15, -0x80000
#5291 0 8000008c fef42623 m f0040f3c   80000000  sw       x15, -0x14(x8)
#5292 0 80000090 fe042423 m f0040f38   00000000  sw       x0, -0x18(x8)
#5293 0 80000094     a081 r 00         00000000  c.j      . + 0x40
#5294 0 800000d4 fe842703 r 0e         00000000  lw       x14, -0x18(x8)
#5295 0 800000d8 fd842783 r 0f         00000001  lw       x15, -0x28(x8)
#5296 0 800000dc faf74de3 r 00         00000000  blt      x14, x15, . - 0x46
#5297 0 80000096 fe842783 r 0f         00000000  lw       x15, -0x18(x8)
#5298 0 8000009a     078a r 0f         00000000  c.slli   x15, 2
#5299 0 8000009c fdc42703 r 0e         f0040fec  lw       x14, -0x24(x8)
#5300 0 800000a0     97ba r 0f         f0040fec  c.add    x15, x14
#5301 0 800000a2     4384 r 09         00000001  c.lw     x9, 0x0(x15)
#5302 0 800000a4 fd842703 r 0e         00000001  lw       x14, -0x28(x8)
#5303 0 800000a8 fe842783 r 0f         00000000  lw       x15, -0x18(x8)
#5304 0 800000ac 40f707b3 r 0f         00000001  sub      x15, x14, x15
#5305 0 800000b0     17fd r 0f         00000000  c.addi   x15, -0x1
#5306 0 800000b2     85be r 0b         00000000  c.mv     x11, x15
#5307 0 800000b4 fdc42503 r 0a         f0040fec  lw       x10, -0x24(x8)
#5308 0 800000b8     3f4d r 01         800000ba  c.jal    . - 0x4e
#5309 0 8000006a     7179 r 02         f0040ef0  c.addi16sp -0x3
#5310 0 8000006c     d606 m f0040f1c   800000ba  c.swsp   x1, 0x2c
#5311 0 8000006e     d422 m f0040f18   f0040f50  c.swsp   x8, 0x28
#5312 0 80000070     d226 m f0040f14   00000001  c.swsp   x9, 0x24
#5313 0 80000072     1800 r 08         f0040f20  c.addi4spn  x8, 0xc
#5314 0 80000074 fca42e23 m f0040efc   f0040fec  sw       x10, -0x24(x8)
#5315 0 80000078 fcb42c23 m f0040ef8   00000000  sw       x11, -0x28(x8)
#5316 0 8000007c fd842783 r 0f         00000000  lw       x15, -0x28(x8)
#5317 0 80000080 00f04463 r 00         00000000  blt      x0, x15, . + 0x8
#5318 0 80000084     4781 r 0f         00000000  c.li     x15, 0x0
#5319 0 80000086     a8b9 r 00         00000000  c.j      . + 0x5e
#5320 0 800000e4     853e r 0a         00000000  c.mv     x10, x15
#5321 0 800000e6     50b2 r 01         800000ba  c.lwsp   x1, 0x2c
#5322 0 800000e8     5422 r 08         f0040f50  c.lwsp   x8, 0x28
#5323 0 800000ea     5492 r 09         00000001  c.lwsp   x9, 0x24
#5324 0 800000ec     6145 r 02         f0040f20  c.addi16sp 0x3
#5325 0 800000ee     8082 r 00         00000000  c.jr     x1
#5326 0 800000ba     87aa r 0f         00000000  c.mv     x15, x10
#5327 0 800000bc     97a6 r 0f         00000001  c.add    x15, x9
#5328 0 800000be     85be r 0b         00000001  c.mv     x11, x15
#5329 0 800000c0 fec42503 r 0a         80000000  lw       x10, -0x14(x8)
#5330 0 800000c4     3749 r 01         800000c6  c.jal    . - 0x7e
#5331 0 80000046     1101 r 02         f0040f00  c.addi   x2, -0x20
#5332 0 80000048     ce22 m f0040f1c   f0040f50  c.swsp   x8, 0x1c
#5333 0 8000004a     1000 r 08         f0040f20  c.addi4spn  x8, 0x8
#5334 0 8000004c fea42623 m f0040f0c   80000000  sw       x10, -0x14(x8)
#5335 0 80000050 feb42423 m f0040f08   00000001  sw       x11, -0x18(x8)
#5336 0 80000054 fec42703 r 0e         80000000  lw       x14, -0x14(x8)
#5337 0 80000058 fe842783 r 0f         00000001  lw       x15, -0x18(x8)
#5338 0 8000005c 00e7d363 r 00         00000000  bge      x15, x14, . + 0x6
#5339 0 80000062     853e r 0a         00000001  c.mv     x10, x15
#5340 0 80000064     4472 r 08         f0040f50  c.lwsp   x8, 0x1c
#5341 0 80000066     6105 r 02         f0040f20  c.addi16sp 0x2
#5342 0 80000068     8082 r 00         00000000  c.jr     x1
#5343 0 800000c6 fea42623 m f0040f3c   00000001  sw       x10, -0x14(x8)
#5344 0 800000ca fe842783 r 0f         00000000  lw       x15, -0x18(x8)
#5345 0 800000ce     0785 r 0f         00000001  c.addi   x15, 0x1
#5346 0 800000d0 fef42423 m f0040f38   00000001  sw       x15, -0x18(x8)
#5347 0 800000d4 fe842703 r 0e         00000001  lw       x14, -0x18(x8)
#5348 0 800000d8 fd842783 r 0f         00000001  lw       x15, -0x28(x8)
#5349 0 800000dc faf74de3 r 00         00000000  blt      x14, x15, . - 0x46
#5350 0 800000e0 fec42783 r 0f         00000001  lw       x15, -0x14(x8)
#5351 0 800000e4     853e r 0a         00000001  c.mv     x10, x15
#5352 0 800000e6     50b2 r 01         800000ba  c.lwsp   x1, 0x2c
#5353 0 800000e8     5422 r 08         f0040f80  c.lwsp   x8, 0x28
#5354 0 800000ea     5492 r 09         00000009  c.lwsp   x9, 0x24
#5355 0 800000ec     6145 r 02         f0040f50  c.addi16sp 0x3
#5356 0 800000ee     8082 r 00         00000000  c.jr     x1
#5357 0 800000ba     87aa r 0f         00000001  c.mv     x15, x10
#5358 0 800000bc     97a6 r 0f         0000000a  c.add    x15, x9
#5359 0 800000be     85be r 0b         0000000a  c.mv     x11, x15
#5360 0 800000c0 fec42503 r 0a         0000000d  lw       x10, -0x14(x8)
#5361 0 800000c4     3749 r 01         800000c6  c.jal    . - 0x7e
#5362 0 80000046     1101 r 02         f0040f30  c.addi   x2, -0x20
#5363 0 80000048     ce22 m f0040f4c   f0040f80  c.swsp   x8, 0x1c
#5364 0 8000004a     1000 r 08         f0040f50  c.addi4spn  x8, 0x8
#5365 0 8000004c fea42623 m f0040f3c   0000000d  sw       x10, -0x14(x8)
#5366 0 80000050 feb42423 m f0040f38   0000000a  sw       x11, -0x18(x8)
#5367 0 80000054 fec42703 r 0e         0000000d  lw       x14, -0x14(x8)
#5368 0 80000058 fe842783 r 0f         0000000a  lw       x15, -0x18(x8)
#5369 0 8000005c 00e7d363 r 00         00000000  bge      x15, x14, . + 0x6
#5370 0 80000060     87ba r 0f         0000000d  c.mv     x15, x14
#5371 0 80000062     853e r 0a         0000000d  c.mv     x10, x15
#5372 0 80000064     4472 r 08         f0040f80  c.lwsp   x8, 0x1c
#5373 0 80000066     6105 r 02         f0040f50  c.addi16sp 0x2
#5374 0 80000068     8082 r 00         00000000  c.jr     x1
#5375 0 800000c6 fea42623 m f0040f6c   0000000d  sw       x10, -0x14(x8)
#5376 0 800000ca fe842783 r 0f         00000003  lw       x15, -0x18(x8)
#5377 0 800000ce     0785 r 0f         00000004  c.addi   x15, 0x1
#5378 0 800000d0 fef42423 m f0040f68   00000004  sw       x15, -0x18(x8)
#5379 0 800000d4 fe842703 r 0e         00000004  lw       x14, -0x18(x8)
#5380 0 800000d8 fd842783 r 0f         00000005  lw       x15, -0x28(x8)
#5381 0 800000dc faf74de3 r 00         00000000  blt      x14, x15, . - 0x46
#5382 0 80000096 fe842783 r 0f         00000004  lw       x15, -0x18(x8)
#5383 0 8000009a     078a r 0f         00000010  c.slli   x15, 2
#5384 0 8000009c fdc42703 r 0e         f0040fec  lw       x14, -0x24(x8)
#5385 0 800000a0     97ba r 0f         f0040ffc  c.add    x15, x14
#5386 0 800000a2     4384 r 09         0000000a  c.lw     x9, 0x0(x15)
#5387 0 800000a4 fd842703 r 0e         00000005  lw       x14, -0x28(x8)
#5388 0 800000a8 fe842783 r 0f         00000004  lw       x15, -0x18(x8)
#5389 0 800000ac 40f707b3 r 0f         00000001  sub      x15, x14, x15
#5390 0 800000b0     17fd r 0f         00000000  c.addi   x15, -0x1
#5391 0 800000b2     85be r 0b         00000000  c.mv     x11, x15
#5392 0 800000b4 fdc42503 r 0a         f0040fec  lw       x10, -0x24(x8)
#5393 0 800000b8     3f4d r 01         800000ba  c.jal    . - 0x4e
#5394 0 8000006a     7179 r 02         f0040f20  c.addi16sp -0x3
#5395 0 8000006c     d606 m f0040f4c   800000ba  c.swsp   x1, 0x2c
#5396 0 8000006e     d422 m f0040f48   f0040f80  c.swsp   x8, 0x28
#5397 0 80000070     d226 m f0040f44   0000000a  c.swsp   x9, 0x24
#5398 0 80000072     1800 r 08         f0040f50  c.addi4spn  x8, 0xc
#5399 0 80000074 fca42e23 m f0040f2c   f0040fec  sw       x10, -0x24(x8)
#5400 0 80000078 fcb42c23 m f0040f28   00000000  sw       x11, -0x28(x8)
#5401 0 8000007c fd842783 r 0f         00000000  lw       x15, -0x28(x8)
#5402 0 80000080 00f04463 r 00         00000000  blt      x0, x15, . + 0x8
#5403 0 80000084     4781 r 0f         00000000  c.li     x15, 0x0
#5404 0 80000086     a8b9 r 00         00000000  c.j      . + 0x5e
#5405 0 800000e4     853e r 0a         00000000  c.mv     x10, x15
#5406 0 800000e6     50b2 r 01         800000ba  c.lwsp   x1, 0x2c
#5407 0 800000e8     5422 r 08         f0040f80  c.lwsp   x8, 0x28
#5408 0 800000ea     5492 r 09         0000000a  c.lwsp   x9, 0x24
#5409 0 800000ec     6145 r 02         f0040f50  c.addi16sp 0x3
#5410 0 800000ee     8082 r 00         00000000  c.jr     x1
#5411 0 800000ba     87aa r 0f         00000000  c.mv     x15, x10
#5412 0 800000bc     97a6 r 0f         0000000a  c.add    x15, x9
#5413 0 800000be     85be r 0b         0000000a  c.mv     x11, x15
#5414 0 800000c0 fec42503 r 0a         0000000d  lw       x10, -0x14(x8)
#5415 0 800000c4     3749 r 01         800000c6  c.jal    . - 0x7e
#5416 0 80000046     1101 r 02         f0040f30  c.addi   x2, -0x20
#5417 0 80000048     ce22 m f0040f4c   f0040f80  c.swsp   x8, 0x1c
#5418 0 8000004a     1000 r 08         f0040f50  c.addi4spn  x8, 0x8
#5419 0 8000004c fea42623 m f0040f3c   0000000d  sw       x10, -0x14(x8)
#5420 0 80000050 feb42423 m f0040f38   0000000a  sw       x11, -0x18(x8)
#5421 0 80000054 fec42703 r 0e         0000000d  lw       x14, -0x14(x8)
#5422 0 80000058 fe842783 r 0f         0000000a  lw       x15, -0x18(x8)
#5423 0 8000005c 00e7d363 r 00         00000000  bge      x15, x14, . + 0x6
#5424 0 80000060     87ba r 0f         0000000d  c.mv     x15, x14
#5425 0 80000062     853e r 0a         0000000d  c.mv     x10, x15
#5426 0 80000064     4472 r 08         f0040f80  c.lwsp   x8, 0x1c
#5427 0 80000066     6105 r 02         f0040f50  c.addi16sp 0x2
#5428 0 80000068     8082 r 00         00000000  c.jr     x1
#5429 0 800000c6 fea42623 m f0040f6c   0000000d  sw       x10, -0x14(x8)
#5430 0 800000ca fe842783 r 0f         00000004  lw       x15, -0x18(x8)
#5431 0 800000ce     0785 r 0f         00000005  c.addi   x15, 0x1
#5432 0 800000d0 fef42423 m f0040f68   00000005  sw       x15, -0x18(x8)
#5433 0 800000d4 fe842703 r 0e         00000005  lw       x14, -0x18(x8)
#5434 0 800000d8 fd842783 r 0f         00000005  lw       x15, -0x28(x8)
#5435 0 800000dc faf74de3 r 00         00000000  blt      x14, x15, . - 0x46
#5436 0 800000e0 fec42783 r 0f         0000000d  lw       x15, -0x14(x8)
#5437 0 800000e4     853e r 0a         0000000d  c.mv     x10, x15
#5438 0 800000e6     50b2 r 01         800000ba  c.lwsp   x1, 0x2c
#5439 0 800000e8     5422 r 08         f0040fb0  c.lwsp   x8, 0x28
#5440 0 800000ea     5492 r 09         00000005  c.lwsp   x9, 0x24
#5441 0 800000ec     6145 r 02         f0040f80  c.addi16sp 0x3
#5442 0 800000ee     8082 r 00         00000000  c.jr     x1
#5443 0 800000ba     87aa r 0f         0000000d  c.mv     x15, x10
#5444 0 800000bc     97a6 r 0f         00000012  c.add    x15, x9
#5445 0 800000be     85be r 0b         00000012  c.mv     x11, x15
#5446 0 800000c0 fec42503 r 0a         00000012  lw       x10, -0x14(x8)
#5447 0 800000c4     3749 r 01         800000c6  c.jal    . - 0x7e
#5448 0 80000046     1101 r 02         f0040f60  c.addi   x2, -0x20
#5449 0 80000048     ce22 m f0040f7c   f0040fb0  c.swsp   x8, 0x1c
#5450 0 8000004a     1000 r 08         f0040f80  c.addi4spn  x8, 0x8
#5451 0 8000004c fea42623 m f0040f6c   00000012  sw       x10, -0x14(x8)
#5452 0 80000050 feb42423 m f0040f68   00000012  sw       x11, -0x18(x8)
#5453 0 80000054 fec42703 r 0e         00000012  lw       x14, -0x14(x8)
#5454 0 80000058 fe842783 r 0f         00000012  lw       x15, -0x18(x8)
#5455 0 8000005c 00e7d363 r 00         00000000  bge      x15, x14, . + 0x6
#5456 0 80000062     853e r 0a         00000012  c.mv     x10, x15
#5457 0 80000064     4472 r 08         f0040fb0  c.lwsp   x8, 0x1c
#5458 0 80000066     6105 r 02         f0040f80  c.addi16sp 0x2
#5459 0 80000068     8082 r 00         00000000  c.jr     x1
#5460 0 800000c6 fea42623 m f0040f9c   00000012  sw       x10, -0x14(x8)
#5461 0 800000ca fe842783 r 0f         00000001  lw       x15, -0x18(x8)
#5462 0 800000ce     0785 r 0f         00000002  c.addi   x15, 0x1
#5463 0 800000d0 fef42423 m f0040f98   00000002  sw       x15, -0x18(x8)
#5464 0 800000d4 fe842703 r 0e         00000002  lw       x14, -0x18(x8)
#5465 0 800000d8 fd842783 r 0f         00000007  lw       x15, -0x28(x8)
#5466 0 800000dc faf74de3 r 00         00000000  blt      x14, x15, . - 0x46
#5467 0 80000096 fe842783 r 0f         00000002  lw       x15, -0x18(x8)
#5468 0 8000009a     078a r 0f         00000008  c.slli   x15, 2
#5469 0 8000009c fdc42703 r 0e         f0040fec  lw       x14, -0x24(x8)
#5470 0 800000a0     97ba r 0f         f0040ff4  c.add    x15, x14
#5471 0 800000a2     4384 r 09         00000008  c.lw     x9, 0x0(x15)
#5472 0 800000a4 fd842703 r 0e         00000007  lw       x14, -0x28(x8)
#5473 0 800000a8 fe842783 r 0f         00000002  lw       x15, -0x18(x8)
#5474 0 800000ac 40f707b3 r 0f         00000005  sub      x15, x14, x15
#5475 0 800000b0     17fd r 0f         00000004  c.addi   x15, -0x1
#5476 0 800000b2     85be r 0b         00000004  c.mv     x11, x15
#5477 0 800000b4 fdc42503 r 0a         f0040fec  lw       x10, -0x24(x8)
#5478 0 800000b8     3f4d r 01         800000ba  c.jal    . - 0x4e
#5479 0 8000006a     7179 r 02         f0040f50  c.addi16sp -0x3
#5480 0 8000006c     d606 m f0040f7c   800000ba  c.swsp   x1, 0x2c
#5481 0 8000006e     d422 m f0040f78   f0040fb0  c.swsp   x8, 0x28
#5482 0 80000070     d226 m f0040f74   00000008  c.swsp   x9, 0x24
#5483 0 80000072     1800 r 08         f0040f80  c.addi4spn  x8, 0xc
#5484 0 80000074 fca42e23 m f0040f5c   f0040fec  sw       x10, -0x24(x8)
#5485 0 80000078 fcb42c23 m f0040f58   00000004  sw       x11, -0x28(x8)
#5486 0 8000007c fd842783 r 0f         00000004  lw       x15, -0x28(x8)
#5487 0 80000080 00f04463 r 00         00000000  blt      x0, x15, . + 0x8
#5488 0 80000088 800007b7 r 0f         80000000  lui      x15, -0x80000
#5489 0 8000008c fef42623 m f0040f6c   80000000  sw       x15, -0x14(x8)
#5490 0 80000090 fe042423 m f0040f68   00000000  sw       x0, -0x18(x8)
#5491 0 80000094     a081 r 00         00000000  c.j      . + 0x40
#5492 0 800000d4 fe842703 r 0e         00000000  lw       x14, -0x18(x8)
#5493 0 800000d8 fd842783 r 0f         00000004  lw       x15, -0x28(x8)
#5494 0 800000dc faf74de3 r 00         00000000  blt      x14, x15, . - 0x46
#5495 0 80000096 fe842783 r 0f         00000000  lw       x15, -0x18(x8)
#5496 0 8000009a     078a r 0f         00000000  c.slli   x15, 2
#5497 0 8000009c fdc42703 r 0e         f0040fec  lw       x14, -0x24(x8)
#5498 0 800000a0     97ba r 0f         f0040fec  c.add    x15, x14
#5499 0 800000a2     4384 r 09         00000001  c.lw     x9, 0x0(x15)
#5500 0 800000a4 fd842703 r 0e         00000004  lw       x14, -0x28(x8)
#5501 0 800000a8 fe842783 r 0f         00000000  lw       x15, -0x18(x8)
#5502 0 800000ac 40f707b3 r 0f         00000004  sub      x15, x14, x15
#5503 0 800000b0     17fd r 0f         00000003  c.addi   x15, -0x1
#5504 0 800000b2     85be r 0b         00000003  c.mv     x11, x15
#5505 0 800000b4 fdc42503 r 0a         f0040fec  lw       x10, -0x24(x8)
#5506 0 800000b8     3f4d r 01         800000ba  c.jal    . - 0x4e
#5507 0 8000006a     7179 r 02         f0040f20  c.addi16sp -0x3
#5508 0 8000006c     d606 m f0040f4c   800000ba  c.swsp   x1, 0x2c
#5509 0 8000006e     d422 m f0040f48   f0040f80  c.swsp   x8, 0x28
#5510 0 80000070     d226 m f0040f44   00000001  c.swsp   x9, 0x24
#5511 0 80000072     1800 r 08         f0040f50  c.addi4spn  x8, 0xc
#5512 0 80000074 fca42e23 m f0040f2c   f0040fec  sw       x10, -0x24(x8)
#5513 0 80000078 fcb42c23 m f0040f28   00000003  sw       x11, -0x28(x8)
#5514 0 8000007c fd842783 r 0f         00000003  lw       x15, -0x28(x8)
#5515 0 80000080 00f04463 r 00         00000000  blt      x0, x15, . + 0x8
#5516 0 80000088 800007b7 r 0f         80000000  lui      x15, -0x80000
#5517 0 8000008c fef42623 m f0040f3c   80000000  sw       x15, -0x14(x8)
#5518 0 80000090 fe042423 m f0040f38   00000000  sw       x0, -0x18(x8)
#5519 0 80000094     a081 r 00         00000000  c.j      . + 0x40
#5520 0 800000d4 fe842703 r 0e         00000000  lw       x14, -0x18(x8)
#5521 0 800000d8 fd842783 r 0f         00000003  lw       x15, -0x28(x8)
#5522 0 800000dc faf74de3 r 00         00000000  blt      x14, x15, . - 0x46
#5523 0 80000096 fe842783 r 0f         00000000  lw       x15, -0x18(x8)
#5524 0 8000009a     078a r 0f         00000000  c.slli   x15, 2
#5525 0 8000009c fdc42703 r 0e         f0040fec  lw       x14, -0x24(x8)
#5526 0 800000a0     97ba r 0f         f0040fec  c.add    x15, x14
#5527 0 800000a2     4384 r 09         00000001  c.lw     x9, 0x0(x15)
#5528 0 800000a4 fd842703 r 0e         00000003  lw       x14, -0x28(x8)
#5529 0 800000a8 fe842783 r 0f         00000000  lw       x15, -0x18(x8)
#5530 0 800000ac 40f707b3 r 0f         00000003  sub      x15, x14, x15
#5531 0 800000b0     17fd r 0f         00000002  c.addi   x15, -0x1
#5532 0 800000b2     85be r 0b         00000002  c.mv     x11, x15
#5533 0 800000b4 fdc42503 r 0a         f0040fec  lw       x10, -0x24(x8)
#5534 0 800000b8     3f4d r 01         800000ba  c.jal    . - 0x4e
#5535 0 8000006a     7179 r 02         f0040ef0  c.addi16sp -0x3
#5536 0 8000006c     d606 m f0040f1c   800000ba  c.swsp   x1, 0x2c
#5537 0 8000006e     d422 m f0040f18   f0040f50  c.swsp   x8, 0x28
#5538 0 80000070     d226 m f0040f14   00000001  c.swsp   x9, 0x24
#5539 0 80000072     1800 r 08         f0040f20  c.addi4spn  x8, 0xc
#5540 0 80000074 fca42e23 m f0040efc   f0040fec  sw       x10, -0x24(x8)
#5541 0 80000078 fcb42c23 m f0040ef8   00000002  sw       x11, -0x28(x8)
#5542 0 8000007c fd842783 r 0f         00000002  lw       x15, -0x28(x8)
#5543 0 80000080 00f04463 r 00         00000000  blt      x0, x15, . + 0x8
#5544 0 80000088 800007b7 r 0f         80000000  lui      x15, -0x80000
#5545 0 8000008c fef42623 m f0040f0c   80000000  sw       x15, -0x14(x8)
#5546 0 80000090 fe042423 m f0040f08   00000000  sw       x0, -0x18(x8)
#5547 0 80000094     a081 r 00         00000000  c.j      . + 0x40
#5548 0 800000d4 fe842703 r 0e         00000000  lw       x14, -0x18(x8)
#5549 0 800000d8 fd842783 r 0f         00000002  lw       x15, -0x28(x8)
#5550 0 800000dc faf74de3 r 00         00000000  blt      x14, x15, . - 0x46
#5551 0 80000096 fe842783 r 0f         00000000  lw       x15, -0x18(x8)
#5552 0 8000009a     078a r 0f         00000000  c.slli   x15, 2
#5553 0 8000009c fdc42703 r 0e         f0040fec  lw       x14, -0x24(x8)
#5554 0 800000a0     97ba r 0f         f0040fec  c.add    x15, x14
#5555 0 800000a2     4384 r 09         00000001  c.lw     x9, 0x0(x15)
#5556 0 800000a4 fd842703 r 0e         00000002  lw       x14, -0x28(x8)
#5557 0 800000a8 fe842783 r 0f         00000000  lw       x15, -0x18(x8)
#5558 0 800000ac 40f707b3 r 0f         00000002  sub      x15, x14, x15
#5559 0 800000b0     17fd r 0f         00000001  c.addi   x15, -0x1
#5560 0 800000b2     85be r 0b         00000001  c.mv     x11, x15
#5561 0 800000b4 fdc42503 r 0a         f0040fec  lw       x10, -0x24(x8)
#5562 0 800000b8     3f4d r 01         800000ba  c.jal    . - 0x4e
#5563 0 8000006a     7179 r 02         f0040ec0  c.addi16sp -0x3
#5564 0 8000006c     d606 m f0040eec   800000ba  c.swsp   x1, 0x2c
#5565 0 8000006e     d422 m f0040ee8   f0040f20  c.swsp   x8, 0x28
#5566 0 80000070     d226 m f0040ee4   00000001  c.swsp   x9, 0x24
#5567 0 80000072     1800 r 08         f0040ef0  c.addi4spn  x8, 0xc
#5568 0 80000074 fca42e23 m f0040ecc   f0040fec  sw       x10, -0x24(x8)
#5569 0 80000078 fcb42c23 m f0040ec8   00000001  sw       x11, -0x28(x8)
#5570 0 8000007c fd842783 r 0f         00000001  lw       x15, -0x28(x8)
#5571 0 80000080 00f04463 r 00         00000000  blt      x0, x15, . + 0x8
#5572 0 80000088 800007b7 r 0f         80000000  lui      x15, -0x80000
#5573 0 8000008c fef42623 m f0040edc   80000000  sw       x15, -0x14(x8)
#5574 0 80000090 fe042423 m f0040ed8   00000000  sw       x0, -0x18(x8)
#5575 0 80000094     a081 r 00         00000000  c.j      . + 0x40
#5576 0 800000d4 fe842703 r 0e         00000000  lw       x14, -0x18(x8)
#5577 0 800000d8 fd842783 r 0f         00000001  lw       x15, -0x28(x8)
#5578 0 800000dc faf74de3 r 00         00000000  blt      x14, x15, . - 0x46
#5579 0 80000096 fe842783 r 0f         00000000  lw       x15, -0x18(x8)
#5580 0 8000009a     078a r 0f         00000000  c.slli   x15, 2
#5581 0 8000009c fdc42703 r 0e         f0040fec  lw       x14, -0x24(x8)
#5582 0 800000a0     97ba r 0f         f0040fec  c.add    x15, x14
#5583 0 800000a2     4384 r 09         00000001  c.lw     x9, 0x0(x15)
#5584 0 800000a4 fd842703 r 0e         00000001  lw       x14, -0x28(x8)
#5585 0 800000a8 fe842783 r 0f         00000000  lw       x15, -0x18(x8)
#5586 0 800000ac 40f707b3 r 0f         00000001  sub      x15, x14, x15
#5587 0 800000b0     17fd r 0f         00000000  c.addi   x15, -0x1
#5588 0 800000b2     85be r 0b         00000000  c.mv     x11, x15
#5589 0 800000b4 fdc42503 r 0a         f0040fec  lw       x10, -0x24(x8)
#5590 0 800000b8     3f4d r 01         800000ba  c.jal    . - 0x4e
#5591 0 8000006a     7179 r 02         f0040e90  c.addi16sp -0x3
#5592 0 8000006c     d606 m f0040ebc   800000ba  c.swsp   x1, 0x2c
#5593 0 8000006e     d422 m f0040eb8   f0040ef0  c.swsp   x8, 0x28
#5594 0 80000070     d226 m f0040eb4   00000001  c.swsp   x9, 0x24
#5595 0 80000072     1800 r 08         f0040ec0  c.addi4spn  x8, 0xc
#5596 0 80000074 fca42e23 m f0040e9c   f0040fec  sw       x10, -0x24(x8)
#5597 0 80000078 fcb42c23 m f0040e98   00000000  sw       x11, -0x28(x8)
#5598 0 8000007c fd842783 r 0f         00000000  lw       x15, -0x28(x8)
#5599 0 80000080 00f04463 r 00         00000000  blt      x0, x15, . + 0x8
#5600 0 80000084     4781 r 0f         00000000  c.li     x15, 0x0
#5601 0 80000086     a8b9 r 00         00000000  c.j      . + 0x5e
#5602 0 800000e4     853e r 0a         00000000  c.mv     x10, x15
#5603 0 800000e6     50b2 r 01         800000ba  c.lwsp   x1, 0x2c
#5604 0 800000e8     5422 r 08         f0040ef0  c.lwsp   x8, 0x28
#5605 0 800000ea     5492 r 09         00000001  c.lwsp   x9, 0x24
#5606 0 800000ec     6145 r 02         f0040ec0  c.addi16sp 0x3
#5607 0 800000ee     8082 r 00         00000000  c.jr     x1
#5608 0 800000ba     87aa r 0f         00000000  c.mv     x15, x10
#5609 0 800000bc     97a6 r 0f         00000001  c.add    x15, x9
#5610 0 800000be     85be r 0b         00000001  c.mv     x11, x15
#5611 0 800000c0 fec42503 r 0a         80000000  lw       x10, -0x14(x8)
#5612 0 800000c4     3749 r 01         800000c6  c.jal    . - 0x7e
#5613 0 80000046     1101 r 02         f0040ea0  c.addi   x2, -0x20
#5614 0 80000048     ce22 m f0040ebc   f0040ef0  c.swsp   x8, 0x1c
#5615 0 8000004a     1000 r 08         f0040ec0  c.addi4spn  x8, 0x8
#5616 0 8000004c fea42623 m f0040eac   80000000  sw       x10, -0x14(x8)
#5617 0 80000050 feb42423 m f0040ea8   00000001  sw       x11, -0x18(x8)
#5618 0 80000054 fec42703 r 0e         80000000  lw       x14, -0x14(x8)
#5619 0 80000058 fe842783 r 0f         00000001  lw       x15, -0x18(x8)
#5620 0 8000005c 00e7d363 r 00         00000000  bge      x15, x14, . + 0x6
#5621 0 80000062     853e r 0a         00000001  c.mv     x10, x15
#5622 0 80000064     4472 r 08         f0040ef0  c.lwsp   x8, 0x1c
#5623 0 80000066     6105 r 02         f0040ec0  c.addi16sp 0x2
#5624 0 80000068     8082 r 00         00000000  c.jr     x1
#5625 0 800000c6 fea42623 m f0040edc   00000001  sw       x10, -0x14(x8)
#5626 0 800000ca fe842783 r 0f         00000000  lw       x15, -0x18(x8)
#5627 0 800000ce     0785 r 0f         00000001  c.addi   x15, 0x1
#5628 0 800000d0 fef42423 m f0040ed8   00000001  sw       x15, -0x18(x8)
#5629 0 800000d4 fe842703 r 0e         00000001  lw       x14, -0x18(x8)
#5630 0 800000d8 fd842783 r 0f         00000001  lw       x15, -0x28(x8)
#5631 0 800000dc faf74de3 r 00         00000000  blt      x14, x15, . - 0x46
#5632 0 800000e0 fec42783 r 0f         00000001  lw       x15, -0x14(x8)
#5633 0 800000e4     853e r 0a         00000001  c.mv     x10, x15
#5634 0 800000e6     50b2 r 01         800000ba  c.lwsp   x1, 0x2c
#5635 0 800000e8     5422 r 08         f0040f20  c.lwsp   x8, 0x28
#5636 0 800000ea     5492 r 09         00000001  c.lwsp   x9, 0x24
#5637 0 800000ec     6145 r 02         f0040ef0  c.addi16sp 0x3
#5638 0 800000ee     8082 r 00         00000000  c.jr     x1
#5639 0 800000ba     87aa r 0f         00000001  c.mv     x15, x10
#5640 0 800000bc     97a6 r 0f         00000002  c.add    x15, x9
#5641 0 800000be     85be r 0b         00000002  c.mv     x11, x15
#5642 0 800000c0 fec42503 r 0a         80000000  lw       x10, -0x14(x8)
#5643 0 800000c4     3749 r 01         800000c6  c.jal    . - 0x7e
#5644 0 80000046     1101 r 02         f0040ed0  c.addi   x2, -0x20
#5645 0 80000048     ce22 m f0040eec   f0040f20  c.swsp   x8, 0x1c
#5646 0 8000004a     1000 r 08         f0040ef0  c.addi4spn  x8, 0x8
#5647 0 8000004c fea42623 m f0040edc   80000000  sw       x10, -0x14(x8)
#5648 0 80000050 feb42423 m f0040ed8   00000002  sw       x11, -0x18(x8)
#5649 0 80000054 fec42703 r 0e         80000000  lw       x14, -0x14(x8)
#5650 0 80000058 fe842783 r 0f         00000002  lw       x15, -0x18(x8)
#5651 0 8000005c 00e7d363 r 00         00000000  bge      x15, x14, . + 0x6
#5652 0 80000062     853e r 0a         00000002  c.mv     x10, x15
#5653 0 80000064     4472 r 08         f0040f20  c.lwsp   x8, 0x1c
#5654 0 80000066     6105 r 02         f0040ef0  c.addi16sp 0x2
#5655 0 80000068     8082 r 00         00000000  c.jr     x1
#5656 0 800000c6 fea42623 m f0040f0c   00000002  sw       x10, -0x14(x8)
#5657 0 800000ca fe842783 r 0f         00000000  lw       x15, -0x18(x8)
#5658 0 800000ce     0785 r 0f         00000001  c.addi   x15, 0x1
#5659 0 800000d0 fef42423 m f0040f08   00000001  sw       x15, -0x18(x8)
#5660 0 800000d4 fe842703 r 0e         00000001  lw       x14, -0x18(x8)
#5661 0 800000d8 fd842783 r 0f         00000002  lw       x15, -0x28(x8)
#5662 0 800000dc faf74de3 r 00         00000000  blt      x14, x15, . - 0x46
#5663 0 80000096 fe842783 r 0f         00000001  lw       x15, -0x18(x8)
#5664 0 8000009a     078a r 0f         00000004  c.slli   x15, 2
#5665 0 8000009c fdc42703 r 0e         f0040fec  lw       x14, -0x24(x8)
#5666 0 800000a0     97ba r 0f         f0040ff0  c.add    x15, x14
#5667 0 800000a2     4384 r 09         00000005  c.lw     x9, 0x0(x15)
#5668 0 800000a4 fd842703 r 0e         00000002  lw       x14, -0x28(x8)
#5669 0 800000a8 fe842783 r 0f         00000001  lw       x15, -0x18(x8)
#5670 0 800000ac 40f707b3 r 0f         00000001  sub      x15, x14, x15
#5671 0 800000b0     17fd r 0f         00000000  c.addi   x15, -0x1
#5672 0 800000b2     85be r 0b         00000000  c.mv     x11, x15
#5673 0 800000b4 fdc42503 r 0a         f0040fec  lw       x10, -0x24(x8)
#5674 0 800000b8     3f4d r 01         800000ba  c.jal    . - 0x4e
#5675 0 8000006a     7179 r 02         f0040ec0  c.addi16sp -0x3
#5676 0 8000006c     d606 m f0040eec   800000ba  c.swsp   x1, 0x2c
#5677 0 8000006e     d422 m f0040ee8   f0040f20  c.swsp   x8, 0x28
#5678 0 80000070     d226 m f0040ee4   00000005  c.swsp   x9, 0x24
#5679 0 80000072     1800 r 08         f0040ef0  c.addi4spn  x8, 0xc
#5680 0 80000074 fca42e23 m f0040ecc   f0040fec  sw       x10, -0x24(x8)
#5681 0 80000078 fcb42c23 m f0040ec8   00000000  sw       x11, -0x28(x8)
#5682 0 8000007c fd842783 r 0f         00000000  lw       x15, -0x28(x8)
#5683 0 80000080 00f04463 r 00         00000000  blt      x0, x15, . + 0x8
#5684 0 80000084     4781 r 0f         00000000  c.li     x15, 0x0
#5685 0 80000086     a8b9 r 00         00000000  c.j      . + 0x5e
#5686 0 800000e4     853e r 0a         00000000  c.mv     x10, x15
#5687 0 800000e6     50b2 r 01         800000ba  c.lwsp   x1, 0x2c
#5688 0 800000e8     5422 r 08         f0040f20  c.lwsp   x8, 0x28
#5689 0 800000ea     5492 r 09         00000005  c.lwsp   x9, 0x24
#5690 0 800000ec     6145 r 02         f0040ef0  c.addi16sp 0x3
#5691 0 800000ee     8082 r 00         00000000  c.jr     x1
#5692 0 800000ba     87aa r 0f         00000000  c.mv     x15, x10
#5693 0 800000bc     97a6 r 0f         00000005  c.add    x15, x9
#5694 0 800000be     85be r 0b         00000005  c.mv     x11, x15
#5695 0 800000c0 fec42503 r 0a         00000002  lw       x10, -0x14(x8)
#5696 0 800000c4     3749 r 01         800000c6  c.jal    . - 0x7e
#5697 0 80000046     1101 r 02         f0040ed0  c.addi   x2, -0x20
#5698 0 80000048     ce22 m f0040eec   f0040f20  c.swsp   x8, 0x1c
#5699 0 8000004a     1000 r 08         f0040ef0  c.addi4spn  x8, 0x8
#5700 0 8000004c fea42623 m f0040edc   00000002  sw       x10, -0x14(x8)
#5701 0 80000050 feb42423 m f0040ed8   00000005  sw       x11, -0x18(x8)
#5702 0 80000054 fec42703 r 0e         00000002  lw       x14, -0x14(x8)
#5703 0 80000058 fe842783 r 0f         00000005  lw       x15, -0x18(x8)
#5704 0 8000005c 00e7d363 r 00         00000000  bge      x15, x14, . + 0x6
#5705 0 80000062     853e r 0a         00000005  c.mv     x10, x15
#5706 0 80000064     4472 r 08         f0040f20  c.lwsp   x8, 0x1c
#5707 0 80000066     6105 r 02         f0040ef0  c.addi16sp 0x2
#5708 0 80000068     8082 r 00         00000000  c.jr     x1
#5709 0 800000c6 fea42623 m f0040f0c   00000005  sw       x10, -0x14(x8)
#5710 0 800000ca fe842783 r 0f         00000001  lw       x15, -0x18(x8)
#5711 0 800000ce     0785 r 0f         00000002  c.addi   x15, 0x1
#5712 0 800000d0 fef42423 m f0040f08   00000002  sw       x15, -0x18(x8)
#5713 0 800000d4 fe842703 r 0e         00000002  lw       x14, -0x18(x8)
#5714 0 800000d8 fd842783 r 0f         00000002  lw       x15, -0x28(x8)
#5715 0 800000dc faf74de3 r 00         00000000  blt      x14, x15, . - 0x46
#5716 0 800000e0 fec42783 r 0f         00000005  lw       x15, -0x14(x8)
#5717 0 800000e4     853e r 0a         00000005  c.mv     x10, x15
#5718 0 800000e6     50b2 r 01         800000ba  c.lwsp   x1, 0x2c
#5719 0 800000e8     5422 r 08         f0040f50  c.lwsp   x8, 0x28
#5720 0 800000ea     5492 r 09         00000001  c.lwsp   x9, 0x24
#5721 0 800000ec     6145 r 02         f0040f20  c.addi16sp 0x3
#5722 0 800000ee     8082 r 00         00000000  c.jr     x1
#5723 0 800000ba     87aa r 0f         00000005  c.mv     x15, x10
#5724 0 800000bc     97a6 r 0f         00000006  c.add    x15, x9
#5725 0 800000be     85be r 0b         00000006  c.mv     x11, x15
#5726 0 800000c0 fec42503 r 0a         80000000  lw       x10, -0x14(x8)
#5727 0 800000c4     3749 r 01         800000c6  c.jal    . - 0x7e
#5728 0 80000046     1101 r 02         f0040f00  c.addi   x2, -0x20
#5729 0 80000048     ce22 m f0040f1c   f0040f50  c.swsp   x8, 0x1c
#5730 0 8000004a     1000 r 08         f0040f20  c.addi4spn  x8, 0x8
#5731 0 8000004c fea42623 m f0040f0c   80000000  sw       x10, -0x14(x8)
#5732 0 80000050 feb42423 m f0040f08   00000006  sw       x11, -0x18(x8)
#5733 0 80000054 fec42703 r 0e         80000000  lw       x14, -0x14(x8)
#5734 0 80000058 fe842783 r 0f         00000006  lw       x15, -0x18(x8)
#5735 0 8000005c 00e7d363 r 00         00000000  bge      x15, x14, . + 0x6
#5736 0 80000062     853e r 0a         00000006  c.mv     x10, x15
#5737 0 80000064     4472 r 08         f0040f50  c.lwsp   x8, 0x1c
#5738 0 80000066     6105 r 02         f0040f20  c.addi16sp 0x2
#5739 0 80000068     8082 r 00         00000000  c.jr     x1
#5740 0 800000c6 fea42623 m f0040f3c   00000006  sw       x10, -0x14(x8)
#5741 0 800000ca fe842783 r 0f         00000000  lw       x15, -0x18(x8)
#5742 0 800000ce     0785 r 0f         00000001  c.addi   x15, 0x1
#5743 0 800000d0 fef42423 m f0040f38   00000001  sw       x15, -0x18(x8)
#5744 0 800000d4 fe842703 r 0e         00000001  lw       x14, -0x18(x8)
#5745 0 800000d8 fd842783 r 0f         00000003  lw       x15, -0x28(x8)
#5746 0 800000dc faf74de3 r 00         00000000  blt      x14, x15, . - 0x46
#5747 0 80000096 fe842783 r 0f         00000001  lw       x15, -0x18(x8)
#5748 0 8000009a     078a r 0f         00000004  c.slli   x15, 2
#5749 0 8000009c fdc42703 r 0e         f0040fec  lw       x14, -0x24(x8)
#5750 0 800000a0     97ba r 0f         f0040ff0  c.add    x15, x14
#5751 0 800000a2     4384 r 09         00000005  c.lw     x9, 0x0(x15)
#5752 0 800000a4 fd842703 r 0e         00000003  lw       x14, -0x28(x8)
#5753 0 800000a8 fe842783 r 0f         00000001  lw       x15, -0x18(x8)
#5754 0 800000ac 40f707b3 r 0f         00000002  sub      x15, x14, x15
#5755 0 800000b0     17fd r 0f         00000001  c.addi   x15, -0x1
#5756 0 800000b2     85be r 0b         00000001  c.mv     x11, x15
#5757 0 800000b4 fdc42503 r 0a         f0040fec  lw       x10, -0x24(x8)
#5758 0 800000b8     3f4d r 01         800000ba  c.jal    . - 0x4e
#5759 0 8000006a     7179 r 02         f0040ef0  c.addi16sp -0x3
#5760 0 8000006c     d606 m f0040f1c   800000ba  c.swsp   x1, 0x2c
#5761 0 8000006e     d422 m f0040f18   f0040f50  c.swsp   x8, 0x28
#5762 0 80000070     d226 m f0040f14   00000005  c.swsp   x9, 0x24
#5763 0 80000072     1800 r 08         f0040f20  c.addi4spn  x8, 0xc
#5764 0 80000074 fca42e23 m f0040efc   f0040fec  sw       x10, -0x24(x8)
#5765 0 80000078 fcb42c23 m f0040ef8   00000001  sw       x11, -0x28(x8)
#5766 0 8000007c fd842783 r 0f         00000001  lw       x15, -0x28(x8)
#5767 0 80000080 00f04463 r 00         00000000  blt      x0, x15, . + 0x8
#5768 0 80000088 800007b7 r 0f         80000000  lui      x15, -0x80000
#5769 0 8000008c fef42623 m f0040f0c   80000000  sw       x15, -0x14(x8)
#5770 0 80000090 fe042423 m f0040f08   00000000  sw       x0, -0x18(x8)
#5771 0 80000094     a081 r 00         00000000  c.j      . + 0x40
#5772 0 800000d4 fe842703 r 0e         00000000  lw       x14, -0x18(x8)
#5773 0 800000d8 fd842783 r 0f         00000001  lw       x15, -0x28(x8)
#5774 0 800000dc faf74de3 r 00         00000000  blt      x14, x15, . - 0x46
#5775 0 80000096 fe842783 r 0f         00000000  lw       x15, -0x18(x8)
#5776 0 8000009a     078a r 0f         00000000  c.slli   x15, 2
#5777 0 8000009c fdc42703 r 0e         f0040fec  lw       x14, -0x24(x8)
#5778 0 800000a0     97ba r 0f         f0040fec  c.add    x15, x14
#5779 0 800000a2     4384 r 09         00000001  c.lw     x9, 0x0(x15)
#5780 0 800000a4 fd842703 r 0e         00000001  lw       x14, -0x28(x8)
#5781 0 800000a8 fe842783 r 0f         00000000  lw       x15, -0x18(x8)
#5782 0 800000ac 40f707b3 r 0f         00000001  sub      x15, x14, x15
#5783 0 800000b0     17fd r 0f         00000000  c.addi   x15, -0x1
#5784 0 800000b2     85be r 0b         00000000  c.mv     x11, x15
#5785 0 800000b4 fdc42503 r 0a         f0040fec  lw       x10, -0x24(x8)
#5786 0 800000b8     3f4d r 01         800000ba  c.jal    . - 0x4e
#5787 0 8000006a     7179 r 02         f0040ec0  c.addi16sp -0x3
#5788 0 8000006c     d606 m f0040eec   800000ba  c.swsp   x1, 0x2c
#5789 0 8000006e     d422 m f0040ee8   f0040f20  c.swsp   x8, 0x28
#5790 0 80000070     d226 m f0040ee4   00000001  c.swsp   x9, 0x24
#5791 0 80000072     1800 r 08         f0040ef0  c.addi4spn  x8, 0xc
#5792 0 80000074 fca42e23 m f0040ecc   f0040fec  sw       x10, -0x24(x8)
#5793 0 80000078 fcb42c23 m f0040ec8   00000000  sw       x11, -0x28(x8)
#5794 0 8000007c fd842783 r 0f         00000000  lw       x15, -0x28(x8)
#5795 0 80000080 00f04463 r 00         00000000  blt      x0, x15, . + 0x8
#5796 0 80000084     4781 r 0f         00000000  c.li     x15, 0x0
#5797 0 80000086     a8b9 r 00         00000000  c.j      . + 0x5e
#5798 0 800000e4     853e r 0a         00000000  c.mv     x10, x15
#5799 0 800000e6     50b2 r 01         800000ba  c.lwsp   x1, 0x2c
#5800 0 800000e8     5422 r 08         f0040f20  c.lwsp   x8, 0x28
#5801 0 800000ea     5492 r 09         00000001  c.lwsp   x9, 0x24
#5802 0 800000ec     6145 r 02         f0040ef0  c.addi16sp 0x3
#5803 0 800000ee     8082 r 00         00000000  c.jr     x1
#5804 0 800000ba     87aa r 0f         00000000  c.mv     x15, x10
#5805 0 800000bc     97a6 r 0f         00000001  c.add    x15, x9
#5806 0 800000be     85be r 0b         00000001  c.mv     x11, x15
#5807 0 800000c0 fec42503 r 0a         80000000  lw       x10, -0x14(x8)
#5808 0 800000c4     3749 r 01         800000c6  c.jal    . - 0x7e
#5809 0 80000046     1101 r 02         f0040ed0  c.addi   x2, -0x20
#5810 0 80000048     ce22 m f0040eec   f0040f20  c.swsp   x8, 0x1c
#5811 0 8000004a     1000 r 08         f0040ef0  c.addi4spn  x8, 0x8
#5812 0 8000004c fea42623 m f0040edc   80000000  sw       x10, -0x14(x8)
#5813 0 80000050 feb42423 m f0040ed8   00000001  sw       x11, -0x18(x8)
#5814 0 80000054 fec42703 r 0e         80000000  lw       x14, -0x14(x8)
#5815 0 80000058 fe842783 r 0f         00000001  lw       x15, -0x18(x8)
#5816 0 8000005c 00e7d363 r 00         00000000  bge      x15, x14, . + 0x6
#5817 0 80000062     853e r 0a         00000001  c.mv     x10, x15
#5818 0 80000064     4472 r 08         f0040f20  c.lwsp   x8, 0x1c
#5819 0 80000066     6105 r 02         f0040ef0  c.addi16sp 0x2
#5820 0 80000068     8082 r 00         00000000  c.jr     x1
#5821 0 800000c6 fea42623 m f0040f0c   00000001  sw       x10, -0x14(x8)
#5822 0 800000ca fe842783 r 0f         00000000  lw       x15, -0x18(x8)
#5823 0 800000ce     0785 r 0f         00000001  c.addi   x15, 0x1
#5824 0 800000d0 fef42423 m f0040f08   00000001  sw       x15, -0x18(x8)
#5825 0 800000d4 fe842703 r 0e         00000001  lw       x14, -0x18(x8)
#5826 0 800000d8 fd842783 r 0f         00000001  lw       x15, -0x28(x8)
#5827 0 800000dc faf74de3 r 00         00000000  blt      x14, x15, . - 0x46
#5828 0 800000e0 fec42783 r 0f         00000001  lw       x15, -0x14(x8)
#5829 0 800000e4     853e r 0a         00000001  c.mv     x10, x15
#5830 0 800000e6     50b2 r 01         800000ba  c.lwsp   x1, 0x2c
#5831 0 800000e8     5422 r 08         f0040f50  c.lwsp   x8, 0x28
#5832 0 800000ea     5492 r 09         00000005  c.lwsp   x9, 0x24
#5833 0 800000ec     6145 r 02         f0040f20  c.addi16sp 0x3
#5834 0 800000ee     8082 r 00         00000000  c.jr     x1
#5835 0 800000ba     87aa r 0f         00000001  c.mv     x15, x10
#5836 0 800000bc     97a6 r 0f         00000006  c.add    x15, x9
#5837 0 800000be     85be r 0b         00000006  c.mv     x11, x15
#5838 0 800000c0 fec42503 r 0a         00000006  lw       x10, -0x14(x8)
#5839 0 800000c4     3749 r 01         800000c6  c.jal    . - 0x7e
#5840 0 80000046     1101 r 02         f0040f00  c.addi   x2, -0x20
#5841 0 80000048     ce22 m f0040f1c   f0040f50  c.swsp   x8, 0x1c
#5842 0 8000004a     1000 r 08         f0040f20  c.addi4spn  x8, 0x8
#5843 0 8000004c fea42623 m f0040f0c   00000006  sw       x10, -0x14(x8)
#5844 0 80000050 feb42423 m f0040f08   00000006  sw       x11, -0x18(x8)
#5845 0 80000054 fec42703 r 0e         00000006  lw       x14, -0x14(x8)
#5846 0 80000058 fe842783 r 0f         00000006  lw       x15, -0x18(x8)
#5847 0 8000005c 00e7d363 r 00         00000000  bge      x15, x14, . + 0x6
#5848 0 80000062     853e r 0a         00000006  c.mv     x10, x15
#5849 0 80000064     4472 r 08         f0040f50  c.lwsp   x8, 0x1c
#5850 0 80000066     6105 r 02         f0040f20  c.addi16sp 0x2
#5851 0 80000068     8082 r 00         00000000  c.jr     x1
#5852 0 800000c6 fea42623 m f0040f3c   00000006  sw       x10, -0x14(x8)
#5853 0 800000ca fe842783 r 0f         00000001  lw       x15, -0x18(x8)
#5854 0 800000ce     0785 r 0f         00000002  c.addi   x15, 0x1
#5855 0 800000d0 fef42423 m f0040f38   00000002  sw       x15, -0x18(x8)
#5856 0 800000d4 fe842703 r 0e         00000002  lw       x14, -0x18(x8)
#5857 0 800000d8 fd842783 r 0f         00000003  lw       x15, -0x28(x8)
#5858 0 800000dc faf74de3 r 00         00000000  blt      x14, x15, . - 0x46
#5859 0 80000096 fe842783 r 0f         00000002  lw       x15, -0x18(x8)
#5860 0 8000009a     078a r 0f         00000008  c.slli   x15, 2
#5861 0 8000009c fdc42703 r 0e         f0040fec  lw       x14, -0x24(x8)
#5862 0 800000a0     97ba r 0f         f0040ff4  c.add    x15, x14
#5863 0 800000a2     4384 r 09         00000008  c.lw     x9, 0x0(x15)
#5864 0 800000a4 fd842703 r 0e         00000003  lw       x14, -0x28(x8)
#5865 0 800000a8 fe842783 r 0f         00000002  lw       x15, -0x18(x8)
#5866 0 800000ac 40f707b3 r 0f         00000001  sub      x15, x14, x15
#5867 0 800000b0     17fd r 0f         00000000  c.addi   x15, -0x1
#5868 0 800000b2     85be r 0b         00000000  c.mv     x11, x15
#5869 0 800000b4 fdc42503 r 0a         f0040fec  lw       x10, -0x24(x8)
#5870 0 800000b8     3f4d r 01         800000ba  c.jal    . - 0x4e
#5871 0 8000006a     7179 r 02         f0040ef0  c.addi16sp -0x3
#5872 0 8000006c     d606 m f0040f1c   800000ba  c.swsp   x1, 0x2c
#5873 0 8000006e     d422 m f0040f18   f0040f50  c.swsp   x8, 0x28
#5874 0 80000070     d226 m f0040f14   00000008  c.swsp   x9, 0x24
#5875 0 80000072     1800 r 08         f0040f20  c.addi4spn  x8, 0xc
#5876 0 80000074 fca42e23 m f0040efc   f0040fec  sw       x10, -0x24(x8)
#5877 0 80000078 fcb42c23 m f0040ef8   00000000  sw       x11, -0x28(x8)
#5878 0 8000007c fd842783 r 0f         00000000  lw       x15, -0x28(x8)
#5879 0 80000080 00f04463 r 00         00000000  blt      x0, x15, . + 0x8
#5880 0 80000084     4781 r 0f         00000000  c.li     x15, 0x0
#5881 0 80000086     a8b9 r 00         00000000  c.j      . + 0x5e
#5882 0 800000e4     853e r 0a         00000000  c.mv     x10, x15
#5883 0 800000e6     50b2 r 01         800000ba  c.lwsp   x1, 0x2c
#5884 0 800000e8     5422 r 08         f0040f50  c.lwsp   x8, 0x28
#5885 0 800000ea     5492 r 09         00000008  c.lwsp   x9, 0x24
#5886 0 800000ec     6145 r 02         f0040f20  c.addi16sp 0x3
#5887 0 800000ee     8082 r 00         00000000  c.jr     x1
#5888 0 800000ba     87aa r 0f         00000000  c.mv     x15, x10
#5889 0 800000bc     97a6 r 0f         00000008  c.add    x15, x9
#5890 0 800000be     85be r 0b         00000008  c.mv     x11, x15
#5891 0 800000c0 fec42503 r 0a         00000006  lw       x10, -0x14(x8)
#5892 0 800000c4     3749 r 01         800000c6  c.jal    . - 0x7e
#5893 0 80000046     1101 r 02         f0040f00  c.addi   x2, -0x20
#5894 0 80000048     ce22 m f0040f1c   f0040f50  c.swsp   x8, 0x1c
#5895 0 8000004a     1000 r 08         f0040f20  c.addi4spn  x8, 0x8
#5896 0 8000004c fea42623 m f0040f0c   00000006  sw       x10, -0x14(x8)
#5897 0 80000050 feb42423 m f0040f08   00000008  sw       x11, -0x18(x8)
#5898 0 80000054 fec42703 r 0e         00000006  lw       x14, -0x14(x8)
#5899 0 80000058 fe842783 r 0f         00000008  lw       x15, -0x18(x8)
#5900 0 8000005c 00e7d363 r 00         00000000  bge      x15, x14, . + 0x6
#5901 0 80000062     853e r 0a         00000008  c.mv     x10, x15
#5902 0 80000064     4472 r 08         f0040f50  c.lwsp   x8, 0x1c
#5903 0 80000066     6105 r 02         f0040f20  c.addi16sp 0x2
#5904 0 80000068     8082 r 00         00000000  c.jr     x1
#5905 0 800000c6 fea42623 m f0040f3c   00000008  sw       x10, -0x14(x8)
#5906 0 800000ca fe842783 r 0f         00000002  lw       x15, -0x18(x8)
#5907 0 800000ce     0785 r 0f         00000003  c.addi   x15, 0x1
#5908 0 800000d0 fef42423 m f0040f38   00000003  sw       x15, -0x18(x8)
#5909 0 800000d4 fe842703 r 0e         00000003  lw       x14, -0x18(x8)
#5910 0 800000d8 fd842783 r 0f         00000003  lw       x15, -0x28(x8)
#5911 0 800000dc faf74de3 r 00         00000000  blt      x14, x15, . - 0x46
#5912 0 800000e0 fec42783 r 0f         00000008  lw       x15, -0x14(x8)
#5913 0 800000e4     853e r 0a         00000008  c.mv     x10, x15
#5914 0 800000e6     50b2 r 01         800000ba  c.lwsp   x1, 0x2c
#5915 0 800000e8     5422 r 08         f0040f80  c.lwsp   x8, 0x28
#5916 0 800000ea     5492 r 09         00000001  c.lwsp   x9, 0x24
#5917 0 800000ec     6145 r 02         f0040f50  c.addi16sp 0x3
#5918 0 800000ee     8082 r 00         00000000  c.jr     x1
#5919 0 800000ba     87aa r 0f         00000008  c.mv     x15, x10
#5920 0 800000bc     97a6 r 0f         00000009  c.add    x15, x9
#5921 0 800000be     85be r 0b         00000009  c.mv     x11, x15
#5922 0 800000c0 fec42503 r 0a         80000000  lw       x10, -0x14(x8)
#5923 0 800000c4     3749 r 01         800000c6  c.jal    . - 0x7e
#5924 0 80000046     1101 r 02         f0040f30  c.addi   x2, -0x20
#5925 0 80000048     ce22 m f0040f4c   f0040f80  c.swsp   x8, 0x1c
#5926 0 8000004a     1000 r 08         f0040f50  c.addi4spn  x8, 0x8
#5927 0 8000004c fea42623 m f0040f3c   80000000  sw       x10, -0x14(x8)
#5928 0 80000050 feb42423 m f0040f38   00000009  sw       x11, -0x18(x8)
#5929 0 80000054 fec42703 r 0e         80000000  lw       x14, -0x14(x8)
#5930 0 80000058 fe842783 r 0f         00000009  lw       x15, -0x18(x8)
#5931 0 8000005c 00e7d363 r 00         00000000  bge      x15, x14, . + 0x6
#5932 0 80000062     853e r 0a         00000009  c.mv     x10, x15
#5933 0 80000064     4472 r 08         f0040f80  c.lwsp   x8, 0x1c
#5934 0 80000066     6105 r 02         f0040f50  c.addi16sp 0x2
#5935 0 80000068     8082 r 00         00000000  c.jr     x1
#5936 0 800000c6 fea42623 m f0040f6c   00000009  sw       x10, -0x14(x8)
#5937 0 800000ca fe842783 r 0f         00000000  lw       x15, -0x18(x8)
#5938 0 800000ce     0785 r 0f         00000001  c.addi   x15, 0x1
#5939 0 800000d0 fef42423 m f0040f68   00000001  sw       x15, -0x18(x8)
#5940 0 800000d4 fe842703 r 0e         00000001  lw       x14, -0x18(x8)
#5941 0 800000d8 fd842783 r 0f         00000004  lw       x15, -0x28(x8)
#5942 0 800000dc faf74de3 r 00         00000000  blt      x14, x15, . - 0x46
#5943 0 80000096 fe842783 r 0f         00000001  lw       x15, -0x18(x8)
#5944 0 8000009a     078a r 0f         00000004  c.slli   x15, 2
#5945 0 8000009c fdc42703 r 0e         f0040fec  lw       x14, -0x24(x8)
#5946 0 800000a0     97ba r 0f         f0040ff0  c.add    x15, x14
#5947 0 800000a2     4384 r 09         00000005  c.lw     x9, 0x0(x15)
#5948 0 800000a4 fd842703 r 0e         00000004  lw       x14, -0x28(x8)
#5949 0 800000a8 fe842783 r 0f         00000001  lw       x15, -0x18(x8)
#5950 0 800000ac 40f707b3 r 0f         00000003  sub      x15, x14, x15
#5951 0 800000b0     17fd r 0f         00000002  c.addi   x15, -0x1
#5952 0 800000b2     85be r 0b         00000002  c.mv     x11, x15
#5953 0 800000b4 fdc42503 r 0a         f0040fec  lw       x10, -0x24(x8)
#5954 0 800000b8     3f4d r 01         800000ba  c.jal    . - 0x4e
#5955 0 8000006a     7179 r 02         f0040f20  c.addi16sp -0x3
#5956 0 8000006c     d606 m f0040f4c   800000ba  c.swsp   x1, 0x2c
#5957 0 8000006e     d422 m f0040f48   f0040f80  c.swsp   x8, 0x28
#5958 0 80000070     d226 m f0040f44   00000005  c.swsp   x9, 0x24
#5959 0 80000072     1800 r 08         f0040f50  c.addi4spn  x8, 0xc
#5960 0 80000074 fca42e23 m f0040f2c   f0040fec  sw       x10, -0x24(x8)
#5961 0 80000078 fcb42c23 m f0040f28   00000002  sw       x11, -0x28(x8)
#5962 0 8000007c fd842783 r 0f         00000002  lw       x15, -0x28(x8)
#5963 0 80000080 00f04463 r 00         00000000  blt      x0, x15, . + 0x8
#5964 0 80000088 800007b7 r 0f         80000000  lui      x15, -0x80000
#5965 0 8000008c fef42623 m f0040f3c   80000000  sw       x15, -0x14(x8)
#5966 0 80000090 fe042423 m f0040f38   00000000  sw       x0, -0x18(x8)
#5967 0 80000094     a081 r 00         00000000  c.j      . + 0x40
#5968 0 800000d4 fe842703 r 0e         00000000  lw       x14, -0x18(x8)
#5969 0 800000d8 fd842783 r 0f         00000002  lw       x15, -0x28(x8)
#5970 0 800000dc faf74de3 r 00         00000000  blt      x14, x15, . - 0x46
#5971 0 80000096 fe842783 r 0f         00000000  lw       x15, -0x18(x8)
#5972 0 8000009a     078a r 0f         00000000  c.slli   x15, 2
#5973 0 8000009c fdc42703 r 0e         f0040fec  lw       x14, -0x24(x8)
#5974 0 800000a0     97ba r 0f         f0040fec  c.add    x15, x14
#5975 0 800000a2     4384 r 09         00000001  c.lw     x9, 0x0(x15)
#5976 0 800000a4 fd842703 r 0e         00000002  lw       x14, -0x28(x8)
#5977 0 800000a8 fe842783 r 0f         00000000  lw       x15, -0x18(x8)
#5978 0 800000ac 40f707b3 r 0f         00000002  sub      x15, x14, x15
#5979 0 800000b0     17fd r 0f         00000001  c.addi   x15, -0x1
#5980 0 800000b2     85be r 0b         00000001  c.mv     x11, x15
#5981 0 800000b4 fdc42503 r 0a         f0040fec  lw       x10, -0x24(x8)
#5982 0 800000b8     3f4d r 01         800000ba  c.jal    . - 0x4e
#5983 0 8000006a     7179 r 02         f0040ef0  c.addi16sp -0x3
#5984 0 8000006c     d606 m f0040f1c   800000ba  c.swsp   x1, 0x2c
#5985 0 8000006e     d422 m f0040f18   f0040f50  c.swsp   x8, 0x28
#5986 0 80000070     d226 m f0040f14   00000001  c.swsp   x9, 0x24
#5987 0 80000072     1800 r 08         f0040f20  c.addi4spn  x8, 0xc
#5988 0 80000074 fca42e23 m f0040efc   f0040fec  sw       x10, -0x24(x8)
#5989 0 80000078 fcb42c23 m f0040ef8   00000001  sw       x11, -0x28(x8)
#5990 0 8000007c fd842783 r 0f         00000001  lw       x15, -0x28(x8)
#5991 0 80000080 00f04463 r 00         00000000  blt      x0, x15, . + 0x8
#5992 0 80000088 800007b7 r 0f         80000000  lui      x15, -0x80000
#5993 0 8000008c fef42623 m f0040f0c   80000000  sw       x15, -0x14(x8)
#5994 0 80000090 fe042423 m f0040f08   00000000  sw       x0, -0x18(x8)
#5995 0 80000094     a081 r 00         00000000  c.j      . + 0x40
#5996 0 800000d4 fe842703 r 0e         00000000  lw       x14, -0x18(x8)
#5997 0 800000d8 fd842783 r 0f         00000001  lw       x15, -0x28(x8)
#5998 0 800000dc faf74de3 r 00         00000000  blt      x14, x15, . - 0x46
#5999 0 80000096 fe842783 r 0f         00000000  lw       x15, -0x18(x8)
#6000 0 8000009a     078a r 0f         00000000  c.slli   x15, 2
#6001 0 8000009c fdc42703 r 0e         f0040fec  lw       x14, -0x24(x8)
#6002 0 800000a0     97ba r 0f         f0040fec  c.add    x15, x14
#6003 0 800000a2     4384 r 09         00000001  c.lw     x9, 0x0(x15)
#6004 0 800000a4 fd842703 r 0e         00000001  lw       x14, -0x28(x8)
#6005 0 800000a8 fe842783 r 0f         00000000  lw       x15, -0x18(x8)
#6006 0 800000ac 40f707b3 r 0f         00000001  sub      x15, x14, x15
#6007 0 800000b0     17fd r 0f         00000000  c.addi   x15, -0x1
#6008 0 800000b2     85be r 0b         00000000  c.mv     x11, x15
#6009 0 800000b4 fdc42503 r 0a         f0040fec  lw       x10, -0x24(x8)
#6010 0 800000b8     3f4d r 01         800000ba  c.jal    . - 0x4e
#6011 0 8000006a     7179 r 02         f0040ec0  c.addi16sp -0x3
#6012 0 8000006c     d606 m f0040eec   800000ba  c.swsp   x1, 0x2c
#6013 0 8000006e     d422 m f0040ee8   f0040f20  c.swsp   x8, 0x28
#6014 0 80000070     d226 m f0040ee4   00000001  c.swsp   x9, 0x24
#6015 0 80000072     1800 r 08         f0040ef0  c.addi4spn  x8, 0xc
#6016 0 80000074 fca42e23 m f0040ecc   f0040fec  sw       x10, -0x24(x8)
#6017 0 80000078 fcb42c23 m f0040ec8   00000000  sw       x11, -0x28(x8)
#6018 0 8000007c fd842783 r 0f         00000000  lw       x15, -0x28(x8)
#6019 0 80000080 00f04463 r 00         00000000  blt      x0, x15, . + 0x8
#6020 0 80000084     4781 r 0f         00000000  c.li     x15, 0x0
#6021 0 80000086     a8b9 r 00         00000000  c.j      . + 0x5e
#6022 0 800000e4     853e r 0a         00000000  c.mv     x10, x15
#6023 0 800000e6     50b2 r 01         800000ba  c.lwsp   x1, 0x2c
#6024 0 800000e8     5422 r 08         f0040f20  c.lwsp   x8, 0x28
#6025 0 800000ea     5492 r 09         00000001  c.lwsp   x9, 0x24
#6026 0 800000ec     6145 r 02         f0040ef0  c.addi16sp 0x3
#6027 0 800000ee     8082 r 00         00000000  c.jr     x1
#6028 0 800000ba     87aa r 0f         00000000  c.mv     x15, x10
#6029 0 800000bc     97a6 r 0f         00000001  c.add    x15, x9
#6030 0 800000be     85be r 0b         00000001  c.mv     x11, x15
#6031 0 800000c0 fec42503 r 0a         80000000  lw       x10, -0x14(x8)
#6032 0 800000c4     3749 r 01         800000c6  c.jal    . - 0x7e
#6033 0 80000046     1101 r 02         f0040ed0  c.addi   x2, -0x20
#6034 0 80000048     ce22 m f0040eec   f0040f20  c.swsp   x8, 0x1c
#6035 0 8000004a     1000 r 08         f0040ef0  c.addi4spn  x8, 0x8
#6036 0 8000004c fea42623 m f0040edc   80000000  sw       x10, -0x14(x8)
#6037 0 80000050 feb42423 m f0040ed8   00000001  sw       x11, -0x18(x8)
#6038 0 80000054 fec42703 r 0e         80000000  lw       x14, -0x14(x8)
#6039 0 80000058 fe842783 r 0f         00000001  lw       x15, -0x18(x8)
#6040 0 8000005c 00e7d363 r 00         00000000  bge      x15, x14, . + 0x6
#6041 0 80000062     853e r 0a         00000001  c.mv     x10, x15
#6042 0 80000064     4472 r 08         f0040f20  c.lwsp   x8, 0x1c
#6043 0 80000066     6105 r 02         f0040ef0  c.addi16sp 0x2
#6044 0 80000068     8082 r 00         00000000  c.jr     x1
#6045 0 800000c6 fea42623 m f0040f0c   00000001  sw       x10, -0x14(x8)
#6046 0 800000ca fe842783 r 0f         00000000  lw       x15, -0x18(x8)
#6047 0 800000ce     0785 r 0f         00000001  c.addi   x15, 0x1
#6048 0 800000d0 fef42423 m f0040f08   00000001  sw       x15, -0x18(x8)
#6049 0 800000d4 fe842703 r 0e         00000001  lw       x14, -0x18(x8)
#6050 0 800000d8 fd842783 r 0f         00000001  lw       x15, -0x28(x8)
#6051 0 800000dc faf74de3 r 00         00000000  blt      x14, x15, . - 0x46
#6052 0 800000e0 fec42783 r 0f         00000001  lw       x15, -0x14(x8)
#6053 0 800000e4     853e r 0a         00000001  c.mv     x10, x15
#6054 0 800000e6     50b2 r 01         800000ba  c.lwsp   x1, 0x2c
#6055 0 800000e8     5422 r 08         f0040f50  c.lwsp   x8, 0x28
#6056 0 800000ea     5492 r 09         00000001  c.lwsp   x9, 0x24
#6057 0 800000ec     6145 r 02         f0040f20  c.addi16sp 0x3
#6058 0 800000ee     8082 r 00         00000000  c.jr     x1
#6059 0 800000ba     87aa r 0f         00000001  c.mv     x15, x10
#6060 0 800000bc     97a6 r 0f         00000002  c.add    x15, x9
#6061 0 800000be     85be r 0b         00000002  c.mv     x11, x15
#6062 0 800000c0 fec42503 r 0a         80000000  lw       x10, -0x14(x8)
#6063 0 800000c4     3749 r 01         800000c6  c.jal    . - 0x7e
#6064 0 80000046     1101 r 02         f0040f00  c.addi   x2, -0x20
#6065 0 80000048     ce22 m f0040f1c   f0040f50  c.swsp   x8, 0x1c
#6066 0 8000004a     1000 r 08         f0040f20  c.addi4spn  x8, 0x8
#6067 0 8000004c fea42623 m f0040f0c   80000000  sw       x10, -0x14(x8)
#6068 0 80000050 feb42423 m f0040f08   00000002  sw       x11, -0x18(x8)
#6069 0 80000054 fec42703 r 0e         80000000  lw       x14, -0x14(x8)
#6070 0 80000058 fe842783 r 0f         00000002  lw       x15, -0x18(x8)
#6071 0 8000005c 00e7d363 r 00         00000000  bge      x15, x14, . + 0x6
#6072 0 80000062     853e r 0a         00000002  c.mv     x10, x15
#6073 0 80000064     4472 r 08         f0040f50  c.lwsp   x8, 0x1c
#6074 0 80000066     6105 r 02         f0040f20  c.addi16sp 0x2
#6075 0 80000068     8082 r 00         00000000  c.jr     x1
#6076 0 800000c6 fea42623 m f0040f3c   00000002  sw       x10, -0x14(x8)
#6077 0 800000ca fe842783 r 0f         00000000  lw       x15, -0x18(x8)
#6078 0 800000ce     0785 r 0f         00000001  c.addi   x15, 0x1
#6079 0 800000d0 fef42423 m f0040f38   00000001  sw       x15, -0x18(x8)
#6080 0 800000d4 fe842703 r 0e         00000001  lw       x14, -0x18(x8)
#6081 0 800000d8 fd842783 r 0f         00000002  lw       x15, -0x28(x8)
#6082 0 800000dc faf74de3 r 00         00000000  blt      x14, x15, . - 0x46
#6083 0 80000096 fe842783 r 0f         00000001  lw       x15, -0x18(x8)
#6084 0 8000009a     078a r 0f         00000004  c.slli   x15, 2
#6085 0 8000009c fdc42703 r 0e         f0040fec  lw       x14, -0x24(x8)
#6086 0 800000a0     97ba r 0f         f0040ff0  c.add    x15, x14
#6087 0 800000a2     4384 r 09         00000005  c.lw     x9, 0x0(x15)
#6088 0 800000a4 fd842703 r 0e         00000002  lw       x14, -0x28(x8)
#6089 0 800000a8 fe842783 r 0f         00000001  lw       x15, -0x18(x8)
#6090 0 800000ac 40f707b3 r 0f         00000001  sub      x15, x14, x15
#6091 0 800000b0     17fd r 0f         00000000  c.addi   x15, -0x1
#6092 0 800000b2     85be r 0b         00000000  c.mv     x11, x15
#6093 0 800000b4 fdc42503 r 0a         f0040fec  lw       x10, -0x24(x8)
#6094 0 800000b8     3f4d r 01         800000ba  c.jal    . - 0x4e
#6095 0 8000006a     7179 r 02         f0040ef0  c.addi16sp -0x3
#6096 0 8000006c     d606 m f0040f1c   800000ba  c.swsp   x1, 0x2c
#6097 0 8000006e     d422 m f0040f18   f0040f50  c.swsp   x8, 0x28
#6098 0 80000070     d226 m f0040f14   00000005  c.swsp   x9, 0x24
#6099 0 80000072     1800 r 08         f0040f20  c.addi4spn  x8, 0xc
#6100 0 80000074 fca42e23 m f0040efc   f0040fec  sw       x10, -0x24(x8)
#6101 0 80000078 fcb42c23 m f0040ef8   00000000  sw       x11, -0x28(x8)
#6102 0 8000007c fd842783 r 0f         00000000  lw       x15, -0x28(x8)
#6103 0 80000080 00f04463 r 00         00000000  blt      x0, x15, . + 0x8
#6104 0 80000084     4781 r 0f         00000000  c.li     x15, 0x0
#6105 0 80000086     a8b9 r 00         00000000  c.j      . + 0x5e
#6106 0 800000e4     853e r 0a         00000000  c.mv     x10, x15
#6107 0 800000e6     50b2 r 01         800000ba  c.lwsp   x1, 0x2c
#6108 0 800000e8     5422 r 08         f0040f50  c.lwsp   x8, 0x28
#6109 0 800000ea     5492 r 09         00000005  c.lwsp   x9, 0x24
#6110 0 800000ec     6145 r 02         f0040f20  c.addi16sp 0x3
#6111 0 800000ee     8082 r 00         00000000  c.jr     x1
#6112 0 800000ba     87aa r 0f         00000000  c.mv     x15, x10
#6113 0 800000bc     97a6 r 0f         00000005  c.add    x15, x9
#6114 0 800000be     85be r 0b         00000005  c.mv     x11, x15
#6115 0 800000c0 fec42503 r 0a         00000002  lw       x10, -0x14(x8)
#6116 0 800000c4     3749 r 01         800000c6  c.jal    . - 0x7e
#6117 0 80000046     1101 r 02         f0040f00  c.addi   x2, -0x20
#6118 0 80000048     ce22 m f0040f1c   f0040f50  c.swsp   x8, 0x1c
#6119 0 8000004a     1000 r 08         f0040f20  c.addi4spn  x8, 0x8
#6120 0 8000004c fea42623 m f0040f0c   00000002  sw       x10, -0x14(x8)
#6121 0 80000050 feb42423 m f0040f08   00000005  sw       x11, -0x18(x8)
#6122 0 80000054 fec42703 r 0e         00000002  lw       x14, -0x14(x8)
#6123 0 80000058 fe842783 r 0f         00000005  lw       x15, -0x18(x8)
#6124 0 8000005c 00e7d363 r 00         00000000  bge      x15, x14, . + 0x6
#6125 0 80000062     853e r 0a         00000005  c.mv     x10, x15
#6126 0 80000064     4472 r 08         f0040f50  c.lwsp   x8, 0x1c
#6127 0 80000066     6105 r 02         f0040f20  c.addi16sp 0x2
#6128 0 80000068     8082 r 00         00000000  c.jr     x1
#6129 0 800000c6 fea42623 m f0040f3c   00000005  sw       x10, -0x14(x8)
#6130 0 800000ca fe842783 r 0f         00000001  lw       x15, -0x18(x8)
#6131 0 800000ce     0785 r 0f         00000002  c.addi   x15, 0x1
#6132 0 800000d0 fef42423 m f0040f38   00000002  sw       x15, -0x18(x8)
#6133 0 800000d4 fe842703 r 0e         00000002  lw       x14, -0x18(x8)
#6134 0 800000d8 fd842783 r 0f         00000002  lw       x15, -0x28(x8)
#6135 0 800000dc faf74de3 r 00         00000000  blt      x14, x15, . - 0x46
#6136 0 800000e0 fec42783 r 0f         00000005  lw       x15, -0x14(x8)
#6137 0 800000e4     853e r 0a         00000005  c.mv     x10, x15
#6138 0 800000e6     50b2 r 01         800000ba  c.lwsp   x1, 0x2c
#6139 0 800000e8     5422 r 08         f0040f80  c.lwsp   x8, 0x28
#6140 0 800000ea     5492 r 09         00000005  c.lwsp   x9, 0x24
#6141 0 800000ec     6145 r 02         f0040f50  c.addi16sp 0x3
#6142 0 800000ee     8082 r 00         00000000  c.jr     x1
#6143 0 800000ba     87aa r 0f         00000005  c.mv     x15, x10
#6144 0 800000bc     97a6 r 0f         0000000a  c.add    x15, x9
#6145 0 800000be     85be r 0b         0000000a  c.mv     x11, x15
#6146 0 800000c0 fec42503 r 0a         00000009  lw       x10, -0x14(x8)
#6147 0 800000c4     3749 r 01         800000c6  c.jal    . - 0x7e
#6148 0 80000046     1101 r 02         f0040f30  c.addi   x2, -0x20
#6149 0 80000048     ce22 m f0040f4c   f0040f80  c.swsp   x8, 0x1c
#6150 0 8000004a     1000 r 08         f0040f50  c.addi4spn  x8, 0x8
#6151 0 8000004c fea42623 m f0040f3c   00000009  sw       x10, -0x14(x8)
#6152 0 80000050 feb42423 m f0040f38   0000000a  sw       x11, -0x18(x8)
#6153 0 80000054 fec42703 r 0e         00000009  lw       x14, -0x14(x8)
#6154 0 80000058 fe842783 r 0f         0000000a  lw       x15, -0x18(x8)
#6155 0 8000005c 00e7d363 r 00         00000000  bge      x15, x14, . + 0x6
#6156 0 80000062     853e r 0a         0000000a  c.mv     x10, x15
#6157 0 80000064     4472 r 08         f0040f80  c.lwsp   x8, 0x1c
#6158 0 80000066     6105 r 02         f0040f50  c.addi16sp 0x2
#6159 0 80000068     8082 r 00         00000000  c.jr     x1
#6160 0 800000c6 fea42623 m f0040f6c   0000000a  sw       x10, -0x14(x8)
#6161 0 800000ca fe842783 r 0f         00000001  lw       x15, -0x18(x8)
#6162 0 800000ce     0785 r 0f         00000002  c.addi   x15, 0x1
#6163 0 800000d0 fef42423 m f0040f68   00000002  sw       x15, -0x18(x8)
#6164 0 800000d4 fe842703 r 0e         00000002  lw       x14, -0x18(x8)
#6165 0 800000d8 fd842783 r 0f         00000004  lw       x15, -0x28(x8)
#6166 0 800000dc faf74de3 r 00         00000000  blt      x14, x15, . - 0x46
#6167 0 80000096 fe842783 r 0f         00000002  lw       x15, -0x18(x8)
#6168 0 8000009a     078a r 0f         00000008  c.slli   x15, 2
#6169 0 8000009c fdc42703 r 0e         f0040fec  lw       x14, -0x24(x8)
#6170 0 800000a0     97ba r 0f         f0040ff4  c.add    x15, x14
#6171 0 800000a2     4384 r 09         00000008  c.lw     x9, 0x0(x15)
#6172 0 800000a4 fd842703 r 0e         00000004  lw       x14, -0x28(x8)
#6173 0 800000a8 fe842783 r 0f         00000002  lw       x15, -0x18(x8)
#6174 0 800000ac 40f707b3 r 0f         00000002  sub      x15, x14, x15
#6175 0 800000b0     17fd r 0f         00000001  c.addi   x15, -0x1
#6176 0 800000b2     85be r 0b         00000001  c.mv     x11, x15
#6177 0 800000b4 fdc42503 r 0a         f0040fec  lw       x10, -0x24(x8)
#6178 0 800000b8     3f4d r 01         800000ba  c.jal    . - 0x4e
#6179 0 8000006a     7179 r 02         f0040f20  c.addi16sp -0x3
#6180 0 8000006c     d606 m f0040f4c   800000ba  c.swsp   x1, 0x2c
#6181 0 8000006e     d422 m f0040f48   f0040f80  c.swsp   x8, 0x28
#6182 0 80000070     d226 m f0040f44   00000008  c.swsp   x9, 0x24
#6183 0 80000072     1800 r 08         f0040f50  c.addi4spn  x8, 0xc
#6184 0 80000074 fca42e23 m f0040f2c   f0040fec  sw       x10, -0x24(x8)
#6185 0 80000078 fcb42c23 m f0040f28   00000001  sw       x11, -0x28(x8)
#6186 0 8000007c fd842783 r 0f         00000001  lw       x15, -0x28(x8)
#6187 0 80000080 00f04463 r 00         00000000  blt      x0, x15, . + 0x8
#6188 0 80000088 800007b7 r 0f         80000000  lui      x15, -0x80000
#6189 0 8000008c fef42623 m f0040f3c   80000000  sw       x15, -0x14(x8)
#6190 0 80000090 fe042423 m f0040f38   00000000  sw       x0, -0x18(x8)
#6191 0 80000094     a081 r 00         00000000  c.j      . + 0x40
#6192 0 800000d4 fe842703 r 0e         00000000  lw       x14, -0x18(x8)
#6193 0 800000d8 fd842783 r 0f         00000001  lw       x15, -0x28(x8)
#6194 0 800000dc faf74de3 r 00         00000000  blt      x14, x15, . - 0x46
#6195 0 80000096 fe842783 r 0f         00000000  lw       x15, -0x18(x8)
#6196 0 8000009a     078a r 0f         00000000  c.slli   x15, 2
#6197 0 8000009c fdc42703 r 0e         f0040fec  lw       x14, -0x24(x8)
#6198 0 800000a0     97ba r 0f         f0040fec  c.add    x15, x14
#6199 0 800000a2     4384 r 09         00000001  c.lw     x9, 0x0(x15)
#6200 0 800000a4 fd842703 r 0e         00000001  lw       x14, -0x28(x8)
#6201 0 800000a8 fe842783 r 0f         00000000  lw       x15, -0x18(x8)
#6202 0 800000ac 40f707b3 r 0f         00000001  sub      x15, x14, x15
#6203 0 800000b0     17fd r 0f         00000000  c.addi   x15, -0x1
#6204 0 800000b2     85be r 0b         00000000  c.mv     x11, x15
#6205 0 800000b4 fdc42503 r 0a         f0040fec  lw       x10, -0x24(x8)
#6206 0 800000b8     3f4d r 01         800000ba  c.jal    . - 0x4e
#6207 0 8000006a     7179 r 02         f0040ef0  c.addi16sp -0x3
#6208 0 8000006c     d606 m f0040f1c   800000ba  c.swsp   x1, 0x2c
#6209 0 8000006e     d422 m f0040f18   f0040f50  c.swsp   x8, 0x28
#6210 0 80000070     d226 m f0040f14   00000001  c.swsp   x9, 0x24
#6211 0 80000072     1800 r 08         f0040f20  c.addi4spn  x8, 0xc
#6212 0 80000074 fca42e23 m f0040efc   f0040fec  sw       x10, -0x24(x8)
#6213 0 80000078 fcb42c23 m f0040ef8   00000000  sw       x11, -0x28(x8)
#6214 0 8000007c fd842783 r 0f         00000000  lw       x15, -0x28(x8)
#6215 0 80000080 00f04463 r 00         00000000  blt      x0, x15, . + 0x8
#6216 0 80000084     4781 r 0f         00000000  c.li     x15, 0x0
#6217 0 80000086     a8b9 r 00         00000000  c.j      . + 0x5e
#6218 0 800000e4     853e r 0a         00000000  c.mv     x10, x15
#6219 0 800000e6     50b2 r 01         800000ba  c.lwsp   x1, 0x2c
#6220 0 800000e8     5422 r 08         f0040f50  c.lwsp   x8, 0x28
#6221 0 800000ea     5492 r 09         00000001  c.lwsp   x9, 0x24
#6222 0 800000ec     6145 r 02         f0040f20  c.addi16sp 0x3
#6223 0 800000ee     8082 r 00         00000000  c.jr     x1
#6224 0 800000ba     87aa r 0f         00000000  c.mv     x15, x10
#6225 0 800000bc     97a6 r 0f         00000001  c.add    x15, x9
#6226 0 800000be     85be r 0b         00000001  c.mv     x11, x15
#6227 0 800000c0 fec42503 r 0a         80000000  lw       x10, -0x14(x8)
#6228 0 800000c4     3749 r 01         800000c6  c.jal    . - 0x7e
#6229 0 80000046     1101 r 02         f0040f00  c.addi   x2, -0x20
#6230 0 80000048     ce22 m f0040f1c   f0040f50  c.swsp   x8, 0x1c
#6231 0 8000004a     1000 r 08         f0040f20  c.addi4spn  x8, 0x8
#6232 0 8000004c fea42623 m f0040f0c   80000000  sw       x10, -0x14(x8)
#6233 0 80000050 feb42423 m f0040f08   00000001  sw       x11, -0x18(x8)
#6234 0 80000054 fec42703 r 0e         80000000  lw       x14, -0x14(x8)
#6235 0 80000058 fe842783 r 0f         00000001  lw       x15, -0x18(x8)
#6236 0 8000005c 00e7d363 r 00         00000000  bge      x15, x14, . + 0x6
#6237 0 80000062     853e r 0a         00000001  c.mv     x10, x15
#6238 0 80000064     4472 r 08         f0040f50  c.lwsp   x8, 0x1c
#6239 0 80000066     6105 r 02         f0040f20  c.addi16sp 0x2
#6240 0 80000068     8082 r 00         00000000  c.jr     x1
#6241 0 800000c6 fea42623 m f0040f3c   00000001  sw       x10, -0x14(x8)
#6242 0 800000ca fe842783 r 0f         00000000  lw       x15, -0x18(x8)
#6243 0 800000ce     0785 r 0f         00000001  c.addi   x15, 0x1
#6244 0 800000d0 fef42423 m f0040f38   00000001  sw       x15, -0x18(x8)
#6245 0 800000d4 fe842703 r 0e         00000001  lw       x14, -0x18(x8)
#6246 0 800000d8 fd842783 r 0f         00000001  lw       x15, -0x28(x8)
#6247 0 800000dc faf74de3 r 00         00000000  blt      x14, x15, . - 0x46
#6248 0 800000e0 fec42783 r 0f         00000001  lw       x15, -0x14(x8)
#6249 0 800000e4     853e r 0a         00000001  c.mv     x10, x15
#6250 0 800000e6     50b2 r 01         800000ba  c.lwsp   x1, 0x2c
#6251 0 800000e8     5422 r 08         f0040f80  c.lwsp   x8, 0x28
#6252 0 800000ea     5492 r 09         00000008  c.lwsp   x9, 0x24
#6253 0 800000ec     6145 r 02         f0040f50  c.addi16sp 0x3
#6254 0 800000ee     8082 r 00         00000000  c.jr     x1
#6255 0 800000ba     87aa r 0f         00000001  c.mv     x15, x10
#6256 0 800000bc     97a6 r 0f         00000009  c.add    x15, x9
#6257 0 800000be     85be r 0b         00000009  c.mv     x11, x15
#6258 0 800000c0 fec42503 r 0a         0000000a  lw       x10, -0x14(x8)
#6259 0 800000c4     3749 r 01         800000c6  c.jal    . - 0x7e
#6260 0 80000046     1101 r 02         f0040f30  c.addi   x2, -0x20
#6261 0 80000048     ce22 m f0040f4c   f0040f80  c.swsp   x8, 0x1c
#6262 0 8000004a     1000 r 08         f0040f50  c.addi4spn  x8, 0x8
#6263 0 8000004c fea42623 m f0040f3c   0000000a  sw       x10, -0x14(x8)
#6264 0 80000050 feb42423 m f0040f38   00000009  sw       x11, -0x18(x8)
#6265 0 80000054 fec42703 r 0e         0000000a  lw       x14, -0x14(x8)
#6266 0 80000058 fe842783 r 0f         00000009  lw       x15, -0x18(x8)
#6267 0 8000005c 00e7d363 r 00         00000000  bge      x15, x14, . + 0x6
#6268 0 80000060     87ba r 0f         0000000a  c.mv     x15, x14
#6269 0 80000062     853e r 0a         0000000a  c.mv     x10, x15
#6270 0 80000064     4472 r 08         f0040f80  c.lwsp   x8, 0x1c
#6271 0 80000066     6105 r 02         f0040f50  c.addi16sp 0x2
#6272 0 80000068     8082 r 00         00000000  c.jr     x1
#6273 0 800000c6 fea42623 m f0040f6c   0000000a  sw       x10, -0x14(x8)
#6274 0 800000ca fe842783 r 0f         00000002  lw       x15, -0x18(x8)
#6275 0 800000ce     0785 r 0f         00000003  c.addi   x15, 0x1
#6276 0 800000d0 fef42423 m f0040f68   00000003  sw       x15, -0x18(x8)
#6277 0 800000d4 fe842703 r 0e         00000003  lw       x14, -0x18(x8)
#6278 0 800000d8 fd842783 r 0f         00000004  lw       x15, -0x28(x8)
#6279 0 800000dc faf74de3 r 00         00000000  blt      x14, x15, . - 0x46
#6280 0 80000096 fe842783 r 0f         00000003  lw       x15, -0x18(x8)
#6281 0 8000009a     078a r 0f         0000000c  c.slli   x15, 2
#6282 0 8000009c fdc42703 r 0e         f0040fec  lw       x14, -0x24(x8)
#6283 0 800000a0     97ba r 0f         f0040ff8  c.add    x15, x14
#6284 0 800000a2     4384 r 09         00000009  c.lw     x9, 0x0(x15)
#6285 0 800000a4 fd842703 r 0e         00000004  lw       x14, -0x28(x8)
#6286 0 800000a8 fe842783 r 0f         00000003  lw       x15, -0x18(x8)
#6287 0 800000ac 40f707b3 r 0f         00000001  sub      x15, x14, x15
#6288 0 800000b0     17fd r 0f         00000000  c.addi   x15, -0x1
#6289 0 800000b2     85be r 0b         00000000  c.mv     x11, x15
#6290 0 800000b4 fdc42503 r 0a         f0040fec  lw       x10, -0x24(x8)
#6291 0 800000b8     3f4d r 01         800000ba  c.jal    . - 0x4e
#6292 0 8000006a     7179 r 02         f0040f20  c.addi16sp -0x3
#6293 0 8000006c     d606 m f0040f4c   800000ba  c.swsp   x1, 0x2c
#6294 0 8000006e     d422 m f0040f48   f0040f80  c.swsp   x8, 0x28
#6295 0 80000070     d226 m f0040f44   00000009  c.swsp   x9, 0x24
#6296 0 80000072     1800 r 08         f0040f50  c.addi4spn  x8, 0xc
#6297 0 80000074 fca42e23 m f0040f2c   f0040fec  sw       x10, -0x24(x8)
#6298 0 80000078 fcb42c23 m f0040f28   00000000  sw       x11, -0x28(x8)
#6299 0 8000007c fd842783 r 0f         00000000  lw       x15, -0x28(x8)
#6300 0 80000080 00f04463 r 00         00000000  blt      x0, x15, . + 0x8
#6301 0 80000084     4781 r 0f         00000000  c.li     x15, 0x0
#6302 0 80000086     a8b9 r 00         00000000  c.j      . + 0x5e
#6303 0 800000e4     853e r 0a         00000000  c.mv     x10, x15
#6304 0 800000e6     50b2 r 01         800000ba  c.lwsp   x1, 0x2c
#6305 0 800000e8     5422 r 08         f0040f80  c.lwsp   x8, 0x28
#6306 0 800000ea     5492 r 09         00000009  c.lwsp   x9, 0x24
#6307 0 800000ec     6145 r 02         f0040f50  c.addi16sp 0x3
#6308 0 800000ee     8082 r 00         00000000  c.jr     x1
#6309 0 800000ba     87aa r 0f         00000000  c.mv     x15, x10
#6310 0 800000bc     97a6 r 0f         00000009  c.add    x15, x9
#6311 0 800000be     85be r 0b         00000009  c.mv     x11, x15
#6312 0 800000c0 fec42503 r 0a         0000000a  lw       x10, -0x14(x8)
#6313 0 800000c4     3749 r 01         800000c6  c.jal    . - 0x7e
#6314 0 80000046     1101 r 02         f0040f30  c.addi   x2, -0x20
#6315 0 80000048     ce22 m f0040f4c   f0040f80  c.swsp   x8, 0x1c
#6316 0 8000004a     1000 r 08         f0040f50  c.addi4spn  x8, 0x8
#6317 0 8000004c fea42623 m f0040f3c   0000000a  sw       x10, -0x14(x8)
#6318 0 80000050 feb42423 m f0040f38   00000009  sw       x11, -0x18(x8)
#6319 0 80000054 fec42703 r 0e         0000000a  lw       x14, -0x14(x8)
#6320 0 80000058 fe842783 r 0f         00000009  lw       x15, -0x18(x8)
#6321 0 8000005c 00e7d363 r 00         00000000  bge      x15, x14, . + 0x6
#6322 0 80000060     87ba r 0f         0000000a  c.mv     x15, x14
#6323 0 80000062     853e r 0a         0000000a  c.mv     x10, x15
#6324 0 80000064     4472 r 08         f0040f80  c.lwsp   x8, 0x1c
#6325 0 80000066     6105 r 02         f0040f50  c.addi16sp 0x2
#6326 0 80000068     8082 r 00         00000000  c.jr     x1
#6327 0 800000c6 fea42623 m f0040f6c   0000000a  sw       x10, -0x14(x8)
#6328 0 800000ca fe842783 r 0f         00000003  lw       x15, -0x18(x8)
#6329 0 800000ce     0785 r 0f         00000004  c.addi   x15, 0x1
#6330 0 800000d0 fef42423 m f0040f68   00000004  sw       x15, -0x18(x8)
#6331 0 800000d4 fe842703 r 0e         00000004  lw       x14, -0x18(x8)
#6332 0 800000d8 fd842783 r 0f         00000004  lw       x15, -0x28(x8)
#6333 0 800000dc faf74de3 r 00         00000000  blt      x14, x15, . - 0x46
#6334 0 800000e0 fec42783 r 0f         0000000a  lw       x15, -0x14(x8)
#6335 0 800000e4     853e r 0a         0000000a  c.mv     x10, x15
#6336 0 800000e6     50b2 r 01         800000ba  c.lwsp   x1, 0x2c
#6337 0 800000e8     5422 r 08         f0040fb0  c.lwsp   x8, 0x28
#6338 0 800000ea     5492 r 09         00000008  c.lwsp   x9, 0x24
#6339 0 800000ec     6145 r 02         f0040f80  c.addi16sp 0x3
#6340 0 800000ee     8082 r 00         00000000  c.jr     x1
#6341 0 800000ba     87aa r 0f         0000000a  c.mv     x15, x10
#6342 0 800000bc     97a6 r 0f         00000012  c.add    x15, x9
#6343 0 800000be     85be r 0b         00000012  c.mv     x11, x15
#6344 0 800000c0 fec42503 r 0a         00000012  lw       x10, -0x14(x8)
#6345 0 800000c4     3749 r 01         800000c6  c.jal    . - 0x7e
#6346 0 80000046     1101 r 02         f0040f60  c.addi   x2, -0x20
#6347 0 80000048     ce22 m f0040f7c   f0040fb0  c.swsp   x8, 0x1c
#6348 0 8000004a     1000 r 08         f0040f80  c.addi4spn  x8, 0x8
#6349 0 8000004c fea42623 m f0040f6c   00000012  sw       x10, -0x14(x8)
#6350 0 80000050 feb42423 m f0040f68   00000012  sw       x11, -0x18(x8)
#6351 0 80000054 fec42703 r 0e         00000012  lw       x14, -0x14(x8)
#6352 0 80000058 fe842783 r 0f         00000012  lw       x15, -0x18(x8)
#6353 0 8000005c 00e7d363 r 00         00000000  bge      x15, x14, . + 0x6
#6354 0 80000062     853e r 0a         00000012  c.mv     x10, x15
#6355 0 80000064     4472 r 08         f0040fb0  c.lwsp   x8, 0x1c
#6356 0 80000066     6105 r 02         f0040f80  c.addi16sp 0x2
#6357 0 80000068     8082 r 00         00000000  c.jr     x1
#6358 0 800000c6 fea42623 m f0040f9c   00000012  sw       x10, -0x14(x8)
#6359 0 800000ca fe842783 r 0f         00000002  lw       x15, -0x18(x8)
#6360 0 800000ce     0785 r 0f         00000003  c.addi   x15, 0x1
#6361 0 800000d0 fef42423 m f0040f98   00000003  sw       x15, -0x18(x8)
#6362 0 800000d4 fe842703 r 0e         00000003  lw       x14, -0x18(x8)
#6363 0 800000d8 fd842783 r 0f         00000007  lw       x15, -0x28(x8)
#6364 0 800000dc faf74de3 r 00         00000000  blt      x14, x15, . - 0x46
#6365 0 80000096 fe842783 r 0f         00000003  lw       x15, -0x18(x8)
#6366 0 8000009a     078a r 0f         0000000c  c.slli   x15, 2
#6367 0 8000009c fdc42703 r 0e         f0040fec  lw       x14, -0x24(x8)
#6368 0 800000a0     97ba r 0f         f0040ff8  c.add    x15, x14
#6369 0 800000a2     4384 r 09         00000009  c.lw     x9, 0x0(x15)
#6370 0 800000a4 fd842703 r 0e         00000007  lw       x14, -0x28(x8)
#6371 0 800000a8 fe842783 r 0f         00000003  lw       x15, -0x18(x8)
#6372 0 800000ac 40f707b3 r 0f         00000004  sub      x15, x14, x15
#6373 0 800000b0     17fd r 0f         00000003  c.addi   x15, -0x1
#6374 0 800000b2     85be r 0b         00000003  c.mv     x11, x15
#6375 0 800000b4 fdc42503 r 0a         f0040fec  lw       x10, -0x24(x8)
#6376 0 800000b8     3f4d r 01         800000ba  c.jal    . - 0x4e
#6377 0 8000006a     7179 r 02         f0040f50  c.addi16sp -0x3
#6378 0 8000006c     d606 m f0040f7c   800000ba  c.swsp   x1, 0x2c
#6379 0 8000006e     d422 m f0040f78   f0040fb0  c.swsp   x8, 0x28
#6380 0 80000070     d226 m f0040f74   00000009  c.swsp   x9, 0x24
#6381 0 80000072     1800 r 08         f0040f80  c.addi4spn  x8, 0xc
#6382 0 80000074 fca42e23 m f0040f5c   f0040fec  sw       x10, -0x24(x8)
#6383 0 80000078 fcb42c23 m f0040f58   00000003  sw       x11, -0x28(x8)
#6384 0 8000007c fd842783 r 0f         00000003  lw       x15, -0x28(x8)
#6385 0 80000080 00f04463 r 00         00000000  blt      x0, x15, . + 0x8
#6386 0 80000088 800007b7 r 0f         80000000  lui      x15, -0x80000
#6387 0 8000008c fef42623 m f0040f6c   80000000  sw       x15, -0x14(x8)
#6388 0 80000090 fe042423 m f0040f68   00000000  sw       x0, -0x18(x8)
#6389 0 80000094     a081 r 00         00000000  c.j      . + 0x40
#6390 0 800000d4 fe842703 r 0e         00000000  lw       x14, -0x18(x8)
#6391 0 800000d8 fd842783 r 0f         00000003  lw       x15, -0x28(x8)
#6392 0 800000dc faf74de3 r 00         00000000  blt      x14, x15, . - 0x46
#6393 0 80000096 fe842783 r 0f         00000000  lw       x15, -0x18(x8)
#6394 0 8000009a     078a r 0f         00000000  c.slli   x15, 2
#6395 0 8000009c fdc42703 r 0e         f0040fec  lw       x14, -0x24(x8)
#6396 0 800000a0     97ba r 0f         f0040fec  c.add    x15, x14
#6397 0 800000a2     4384 r 09         00000001  c.lw     x9, 0x0(x15)
#6398 0 800000a4 fd842703 r 0e         00000003  lw       x14, -0x28(x8)
#6399 0 800000a8 fe842783 r 0f         00000000  lw       x15, -0x18(x8)
#6400 0 800000ac 40f707b3 r 0f         00000003  sub      x15, x14, x15
#6401 0 800000b0     17fd r 0f         00000002  c.addi   x15, -0x1
#6402 0 800000b2     85be r 0b         00000002  c.mv     x11, x15
#6403 0 800000b4 fdc42503 r 0a         f0040fec  lw       x10, -0x24(x8)
#6404 0 800000b8     3f4d r 01         800000ba  c.jal    . - 0x4e
#6405 0 8000006a     7179 r 02         f0040f20  c.addi16sp -0x3
#6406 0 8000006c     d606 m f0040f4c   800000ba  c.swsp   x1, 0x2c
#6407 0 8000006e     d422 m f0040f48   f0040f80  c.swsp   x8, 0x28
#6408 0 80000070     d226 m f0040f44   00000001  c.swsp   x9, 0x24
#6409 0 80000072     1800 r 08         f0040f50  c.addi4spn  x8, 0xc
#6410 0 80000074 fca42e23 m f0040f2c   f0040fec  sw       x10, -0x24(x8)
#6411 0 80000078 fcb42c23 m f0040f28   00000002  sw       x11, -0x28(x8)
#6412 0 8000007c fd842783 r 0f         00000002  lw       x15, -0x28(x8)
#6413 0 80000080 00f04463 r 00         00000000  blt      x0, x15, . + 0x8
#6414 0 80000088 800007b7 r 0f         80000000  lui      x15, -0x80000
#6415 0 8000008c fef42623 m f0040f3c   80000000  sw       x15, -0x14(x8)
#6416 0 80000090 fe042423 m f0040f38   00000000  sw       x0, -0x18(x8)
#6417 0 80000094     a081 r 00         00000000  c.j      . + 0x40
#6418 0 800000d4 fe842703 r 0e         00000000  lw       x14, -0x18(x8)
#6419 0 800000d8 fd842783 r 0f         00000002  lw       x15, -0x28(x8)
#6420 0 800000dc faf74de3 r 00         00000000  blt      x14, x15, . - 0x46
#6421 0 80000096 fe842783 r 0f         00000000  lw       x15, -0x18(x8)
#6422 0 8000009a     078a r 0f         00000000  c.slli   x15, 2
#6423 0 8000009c fdc42703 r 0e         f0040fec  lw       x14, -0x24(x8)
#6424 0 800000a0     97ba r 0f         f0040fec  c.add    x15, x14
#6425 0 800000a2     4384 r 09         00000001  c.lw     x9, 0x0(x15)
#6426 0 800000a4 fd842703 r 0e         00000002  lw       x14, -0x28(x8)
#6427 0 800000a8 fe842783 r 0f         00000000  lw       x15, -0x18(x8)
#6428 0 800000ac 40f707b3 r 0f         00000002  sub      x15, x14, x15
#6429 0 800000b0     17fd r 0f         00000001  c.addi   x15, -0x1
#6430 0 800000b2     85be r 0b         00000001  c.mv     x11, x15
#6431 0 800000b4 fdc42503 r 0a         f0040fec  lw       x10, -0x24(x8)
#6432 0 800000b8     3f4d r 01         800000ba  c.jal    . - 0x4e
#6433 0 8000006a     7179 r 02         f0040ef0  c.addi16sp -0x3
#6434 0 8000006c     d606 m f0040f1c   800000ba  c.swsp   x1, 0x2c
#6435 0 8000006e     d422 m f0040f18   f0040f50  c.swsp   x8, 0x28
#6436 0 80000070     d226 m f0040f14   00000001  c.swsp   x9, 0x24
#6437 0 80000072     1800 r 08         f0040f20  c.addi4spn  x8, 0xc
#6438 0 80000074 fca42e23 m f0040efc   f0040fec  sw       x10, -0x24(x8)
#6439 0 80000078 fcb42c23 m f0040ef8   00000001  sw       x11, -0x28(x8)
#6440 0 8000007c fd842783 r 0f         00000001  lw       x15, -0x28(x8)
#6441 0 80000080 00f04463 r 00         00000000  blt      x0, x15, . + 0x8
#6442 0 80000088 800007b7 r 0f         80000000  lui      x15, -0x80000
#6443 0 8000008c fef42623 m f0040f0c   80000000  sw       x15, -0x14(x8)
#6444 0 80000090 fe042423 m f0040f08   00000000  sw       x0, -0x18(x8)
#6445 0 80000094     a081 r 00         00000000  c.j      . + 0x40
#6446 0 800000d4 fe842703 r 0e         00000000  lw       x14, -0x18(x8)
#6447 0 800000d8 fd842783 r 0f         00000001  lw       x15, -0x28(x8)
#6448 0 800000dc faf74de3 r 00         00000000  blt      x14, x15, . - 0x46
#6449 0 80000096 fe842783 r 0f         00000000  lw       x15, -0x18(x8)
#6450 0 8000009a     078a r 0f         00000000  c.slli   x15, 2
#6451 0 8000009c fdc42703 r 0e         f0040fec  lw       x14, -0x24(x8)
#6452 0 800000a0     97ba r 0f         f0040fec  c.add    x15, x14
#6453 0 800000a2     4384 r 09         00000001  c.lw     x9, 0x0(x15)
#6454 0 800000a4 fd842703 r 0e         00000001  lw       x14, -0x28(x8)
#6455 0 800000a8 fe842783 r 0f         00000000  lw       x15, -0x18(x8)
#6456 0 800000ac 40f707b3 r 0f         00000001  sub      x15, x14, x15
#6457 0 800000b0     17fd r 0f         00000000  c.addi   x15, -0x1
#6458 0 800000b2     85be r 0b         00000000  c.mv     x11, x15
#6459 0 800000b4 fdc42503 r 0a         f0040fec  lw       x10, -0x24(x8)
#6460 0 800000b8     3f4d r 01         800000ba  c.jal    . - 0x4e
#6461 0 8000006a     7179 r 02         f0040ec0  c.addi16sp -0x3
#6462 0 8000006c     d606 m f0040eec   800000ba  c.swsp   x1, 0x2c
#6463 0 8000006e     d422 m f0040ee8   f0040f20  c.swsp   x8, 0x28
#6464 0 80000070     d226 m f0040ee4   00000001  c.swsp   x9, 0x24
#6465 0 80000072     1800 r 08         f0040ef0  c.addi4spn  x8, 0xc
#6466 0 80000074 fca42e23 m f0040ecc   f0040fec  sw       x10, -0x24(x8)
#6467 0 80000078 fcb42c23 m f0040ec8   00000000  sw       x11, -0x28(x8)
#6468 0 8000007c fd842783 r 0f         00000000  lw       x15, -0x28(x8)
#6469 0 80000080 00f04463 r 00         00000000  blt      x0, x15, . + 0x8
#6470 0 80000084     4781 r 0f         00000000  c.li     x15, 0x0
#6471 0 80000086     a8b9 r 00         00000000  c.j      . + 0x5e
#6472 0 800000e4     853e r 0a         00000000  c.mv     x10, x15
#6473 0 800000e6     50b2 r 01         800000ba  c.lwsp   x1, 0x2c
#6474 0 800000e8     5422 r 08         f0040f20  c.lwsp   x8, 0x28
#6475 0 800000ea     5492 r 09         00000001  c.lwsp   x9, 0x24
#6476 0 800000ec     6145 r 02         f0040ef0  c.addi16sp 0x3
#6477 0 800000ee     8082 r 00         00000000  c.jr     x1
#6478 0 800000ba     87aa r 0f         00000000  c.mv     x15, x10
#6479 0 800000bc     97a6 r 0f         00000001  c.add    x15, x9
#6480 0 800000be     85be r 0b         00000001  c.mv     x11, x15
#6481 0 800000c0 fec42503 r 0a         80000000  lw       x10, -0x14(x8)
#6482 0 800000c4     3749 r 01         800000c6  c.jal    . - 0x7e
#6483 0 80000046     1101 r 02         f0040ed0  c.addi   x2, -0x20
#6484 0 80000048     ce22 m f0040eec   f0040f20  c.swsp   x8, 0x1c
#6485 0 8000004a     1000 r 08         f0040ef0  c.addi4spn  x8, 0x8
#6486 0 8000004c fea42623 m f0040edc   80000000  sw       x10, -0x14(x8)
#6487 0 80000050 feb42423 m f0040ed8   00000001  sw       x11, -0x18(x8)
#6488 0 80000054 fec42703 r 0e         80000000  lw       x14, -0x14(x8)
#6489 0 80000058 fe842783 r 0f         00000001  lw       x15, -0x18(x8)
#6490 0 8000005c 00e7d363 r 00         00000000  bge      x15, x14, . + 0x6
#6491 0 80000062     853e r 0a         00000001  c.mv     x10, x15
#6492 0 80000064     4472 r 08         f0040f20  c.lwsp   x8, 0x1c
#6493 0 80000066     6105 r 02         f0040ef0  c.addi16sp 0x2
#6494 0 80000068     8082 r 00         00000000  c.jr     x1
#6495 0 800000c6 fea42623 m f0040f0c   00000001  sw       x10, -0x14(x8)
#6496 0 800000ca fe842783 r 0f         00000000  lw       x15, -0x18(x8)
#6497 0 800000ce     0785 r 0f         00000001  c.addi   x15, 0x1
#6498 0 800000d0 fef42423 m f0040f08   00000001  sw       x15, -0x18(x8)
#6499 0 800000d4 fe842703 r 0e         00000001  lw       x14, -0x18(x8)
#6500 0 800000d8 fd842783 r 0f         00000001  lw       x15, -0x28(x8)
#6501 0 800000dc faf74de3 r 00         00000000  blt      x14, x15, . - 0x46
#6502 0 800000e0 fec42783 r 0f         00000001  lw       x15, -0x14(x8)
#6503 0 800000e4     853e r 0a         00000001  c.mv     x10, x15
#6504 0 800000e6     50b2 r 01         800000ba  c.lwsp   x1, 0x2c
#6505 0 800000e8     5422 r 08         f0040f50  c.lwsp   x8, 0x28
#6506 0 800000ea     5492 r 09         00000001  c.lwsp   x9, 0x24
#6507 0 800000ec     6145 r 02         f0040f20  c.addi16sp 0x3
#6508 0 800000ee     8082 r 00         00000000  c.jr     x1
#6509 0 800000ba     87aa r 0f         00000001  c.mv     x15, x10
#6510 0 800000bc     97a6 r 0f         00000002  c.add    x15, x9
#6511 0 800000be     85be r 0b         00000002  c.mv     x11, x15
#6512 0 800000c0 fec42503 r 0a         80000000  lw       x10, -0x14(x8)
#6513 0 800000c4     3749 r 01         800000c6  c.jal    . - 0x7e
#6514 0 80000046     1101 r 02         f0040f00  c.addi   x2, -0x20
#6515 0 80000048     ce22 m f0040f1c   f0040f50  c.swsp   x8, 0x1c
#6516 0 8000004a     1000 r 08         f0040f20  c.addi4spn  x8, 0x8
#6517 0 8000004c fea42623 m f0040f0c   80000000  sw       x10, -0x14(x8)
#6518 0 80000050 feb42423 m f0040f08   00000002  sw       x11, -0x18(x8)
#6519 0 80000054 fec42703 r 0e         80000000  lw       x14, -0x14(x8)
#6520 0 80000058 fe842783 r 0f         00000002  lw       x15, -0x18(x8)
#6521 0 8000005c 00e7d363 r 00         00000000  bge      x15, x14, . + 0x6
#6522 0 80000062     853e r 0a         00000002  c.mv     x10, x15
#6523 0 80000064     4472 r 08         f0040f50  c.lwsp   x8, 0x1c
#6524 0 80000066     6105 r 02         f0040f20  c.addi16sp 0x2
#6525 0 80000068     8082 r 00         00000000  c.jr     x1
#6526 0 800000c6 fea42623 m f0040f3c   00000002  sw       x10, -0x14(x8)
#6527 0 800000ca fe842783 r 0f         00000000  lw       x15, -0x18(x8)
#6528 0 800000ce     0785 r 0f         00000001  c.addi   x15, 0x1
#6529 0 800000d0 fef42423 m f0040f38   00000001  sw       x15, -0x18(x8)
#6530 0 800000d4 fe842703 r 0e         00000001  lw       x14, -0x18(x8)
#6531 0 800000d8 fd842783 r 0f         00000002  lw       x15, -0x28(x8)
#6532 0 800000dc faf74de3 r 00         00000000  blt      x14, x15, . - 0x46
#6533 0 80000096 fe842783 r 0f         00000001  lw       x15, -0x18(x8)
#6534 0 8000009a     078a r 0f         00000004  c.slli   x15, 2
#6535 0 8000009c fdc42703 r 0e         f0040fec  lw       x14, -0x24(x8)
#6536 0 800000a0     97ba r 0f         f0040ff0  c.add    x15, x14
#6537 0 800000a2     4384 r 09         00000005  c.lw     x9, 0x0(x15)
#6538 0 800000a4 fd842703 r 0e         00000002  lw       x14, -0x28(x8)
#6539 0 800000a8 fe842783 r 0f         00000001  lw       x15, -0x18(x8)
#6540 0 800000ac 40f707b3 r 0f         00000001  sub      x15, x14, x15
#6541 0 800000b0     17fd r 0f         00000000  c.addi   x15, -0x1
#6542 0 800000b2     85be r 0b         00000000  c.mv     x11, x15
#6543 0 800000b4 fdc42503 r 0a         f0040fec  lw       x10, -0x24(x8)
#6544 0 800000b8     3f4d r 01         800000ba  c.jal    . - 0x4e
#6545 0 8000006a     7179 r 02         f0040ef0  c.addi16sp -0x3
#6546 0 8000006c     d606 m f0040f1c   800000ba  c.swsp   x1, 0x2c
#6547 0 8000006e     d422 m f0040f18   f0040f50  c.swsp   x8, 0x28
#6548 0 80000070     d226 m f0040f14   00000005  c.swsp   x9, 0x24
#6549 0 80000072     1800 r 08         f0040f20  c.addi4spn  x8, 0xc
#6550 0 80000074 fca42e23 m f0040efc   f0040fec  sw       x10, -0x24(x8)
#6551 0 80000078 fcb42c23 m f0040ef8   00000000  sw       x11, -0x28(x8)
#6552 0 8000007c fd842783 r 0f         00000000  lw       x15, -0x28(x8)
#6553 0 80000080 00f04463 r 00         00000000  blt      x0, x15, . + 0x8
#6554 0 80000084     4781 r 0f         00000000  c.li     x15, 0x0
#6555 0 80000086     a8b9 r 00         00000000  c.j      . + 0x5e
#6556 0 800000e4     853e r 0a         00000000  c.mv     x10, x15
#6557 0 800000e6     50b2 r 01         800000ba  c.lwsp   x1, 0x2c
#6558 0 800000e8     5422 r 08         f0040f50  c.lwsp   x8, 0x28
#6559 0 800000ea     5492 r 09         00000005  c.lwsp   x9, 0x24
#6560 0 800000ec     6145 r 02         f0040f20  c.addi16sp 0x3
#6561 0 800000ee     8082 r 00         00000000  c.jr     x1
#6562 0 800000ba     87aa r 0f         00000000  c.mv     x15, x10
#6563 0 800000bc     97a6 r 0f         00000005  c.add    x15, x9
#6564 0 800000be     85be r 0b         00000005  c.mv     x11, x15
#6565 0 800000c0 fec42503 r 0a         00000002  lw       x10, -0x14(x8)
#6566 0 800000c4     3749 r 01         800000c6  c.jal    . - 0x7e
#6567 0 80000046     1101 r 02         f0040f00  c.addi   x2, -0x20
#6568 0 80000048     ce22 m f0040f1c   f0040f50  c.swsp   x8, 0x1c
#6569 0 8000004a     1000 r 08         f0040f20  c.addi4spn  x8, 0x8
#6570 0 8000004c fea42623 m f0040f0c   00000002  sw       x10, -0x14(x8)
#6571 0 80000050 feb42423 m f0040f08   00000005  sw       x11, -0x18(x8)
#6572 0 80000054 fec42703 r 0e         00000002  lw       x14, -0x14(x8)
#6573 0 80000058 fe842783 r 0f         00000005  lw       x15, -0x18(x8)
#6574 0 8000005c 00e7d363 r 00         00000000  bge      x15, x14, . + 0x6
#6575 0 80000062     853e r 0a         00000005  c.mv     x10, x15
#6576 0 80000064     4472 r 08         f0040f50  c.lwsp   x8, 0x1c
#6577 0 80000066     6105 r 02         f0040f20  c.addi16sp 0x2
#6578 0 80000068     8082 r 00         00000000  c.jr     x1
#6579 0 800000c6 fea42623 m f0040f3c   00000005  sw       x10, -0x14(x8)
#6580 0 800000ca fe842783 r 0f         00000001  lw       x15, -0x18(x8)
#6581 0 800000ce     0785 r 0f         00000002  c.addi   x15, 0x1
#6582 0 800000d0 fef42423 m f0040f38   00000002  sw       x15, -0x18(x8)
#6583 0 800000d4 fe842703 r 0e         00000002  lw       x14, -0x18(x8)
#6584 0 800000d8 fd842783 r 0f         00000002  lw       x15, -0x28(x8)
#6585 0 800000dc faf74de3 r 00         00000000  blt      x14, x15, . - 0x46
#6586 0 800000e0 fec42783 r 0f         00000005  lw       x15, -0x14(x8)
#6587 0 800000e4     853e r 0a         00000005  c.mv     x10, x15
#6588 0 800000e6     50b2 r 01         800000ba  c.lwsp   x1, 0x2c
#6589 0 800000e8     5422 r 08         f0040f80  c.lwsp   x8, 0x28
#6590 0 800000ea     5492 r 09         00000001  c.lwsp   x9, 0x24
#6591 0 800000ec     6145 r 02         f0040f50  c.addi16sp 0x3
#6592 0 800000ee     8082 r 00         00000000  c.jr     x1
#6593 0 800000ba     87aa r 0f         00000005  c.mv     x15, x10
#6594 0 800000bc     97a6 r 0f         00000006  c.add    x15, x9
#6595 0 800000be     85be r 0b         00000006  c.mv     x11, x15
#6596 0 800000c0 fec42503 r 0a         80000000  lw       x10, -0x14(x8)
#6597 0 800000c4     3749 r 01         800000c6  c.jal    . - 0x7e
#6598 0 80000046     1101 r 02         f0040f30  c.addi   x2, -0x20
#6599 0 80000048     ce22 m f0040f4c   f0040f80  c.swsp   x8, 0x1c
#6600 0 8000004a     1000 r 08         f0040f50  c.addi4spn  x8, 0x8
#6601 0 8000004c fea42623 m f0040f3c   80000000  sw       x10, -0x14(x8)
#6602 0 80000050 feb42423 m f0040f38   00000006  sw       x11, -0x18(x8)
#6603 0 80000054 fec42703 r 0e         80000000  lw       x14, -0x14(x8)
#6604 0 80000058 fe842783 r 0f         00000006  lw       x15, -0x18(x8)
#6605 0 8000005c 00e7d363 r 00         00000000  bge      x15, x14, . + 0x6
#6606 0 80000062     853e r 0a         00000006  c.mv     x10, x15
#6607 0 80000064     4472 r 08         f0040f80  c.lwsp   x8, 0x1c
#6608 0 80000066     6105 r 02         f0040f50  c.addi16sp 0x2
#6609 0 80000068     8082 r 00         00000000  c.jr     x1
#6610 0 800000c6 fea42623 m f0040f6c   00000006  sw       x10, -0x14(x8)
#6611 0 800000ca fe842783 r 0f         00000000  lw       x15, -0x18(x8)
#6612 0 800000ce     0785 r 0f         00000001  c.addi   x15, 0x1
#6613 0 800000d0 fef42423 m f0040f68   00000001  sw       x15, -0x18(x8)
#6614 0 800000d4 fe842703 r 0e         00000001  lw       x14, -0x18(x8)
#6615 0 800000d8 fd842783 r 0f         00000003  lw       x15, -0x28(x8)
#6616 0 800000dc faf74de3 r 00         00000000  blt      x14, x15, . - 0x46
#6617 0 80000096 fe842783 r 0f         00000001  lw       x15, -0x18(x8)
#6618 0 8000009a     078a r 0f         00000004  c.slli   x15, 2
#6619 0 8000009c fdc42703 r 0e         f0040fec  lw       x14, -0x24(x8)
#6620 0 800000a0     97ba r 0f         f0040ff0  c.add    x15, x14
#6621 0 800000a2     4384 r 09         00000005  c.lw     x9, 0x0(x15)
#6622 0 800000a4 fd842703 r 0e         00000003  lw       x14, -0x28(x8)
#6623 0 800000a8 fe842783 r 0f         00000001  lw       x15, -0x18(x8)
#6624 0 800000ac 40f707b3 r 0f         00000002  sub      x15, x14, x15
#6625 0 800000b0     17fd r 0f         00000001  c.addi   x15, -0x1
#6626 0 800000b2     85be r 0b         00000001  c.mv     x11, x15
#6627 0 800000b4 fdc42503 r 0a         f0040fec  lw       x10, -0x24(x8)
#6628 0 800000b8     3f4d r 01         800000ba  c.jal    . - 0x4e
#6629 0 8000006a     7179 r 02         f0040f20  c.addi16sp -0x3
#6630 0 8000006c     d606 m f0040f4c   800000ba  c.swsp   x1, 0x2c
#6631 0 8000006e     d422 m f0040f48   f0040f80  c.swsp   x8, 0x28
#6632 0 80000070     d226 m f0040f44   00000005  c.swsp   x9, 0x24
#6633 0 80000072     1800 r 08         f0040f50  c.addi4spn  x8, 0xc
#6634 0 80000074 fca42e23 m f0040f2c   f0040fec  sw       x10, -0x24(x8)
#6635 0 80000078 fcb42c23 m f0040f28   00000001  sw       x11, -0x28(x8)
#6636 0 8000007c fd842783 r 0f         00000001  lw       x15, -0x28(x8)
#6637 0 80000080 00f04463 r 00         00000000  blt      x0, x15, . + 0x8
#6638 0 80000088 800007b7 r 0f         80000000  lui      x15, -0x80000
#6639 0 8000008c fef42623 m f0040f3c   80000000  sw       x15, -0x14(x8)
#6640 0 80000090 fe042423 m f0040f38   00000000  sw       x0, -0x18(x8)
#6641 0 80000094     a081 r 00         00000000  c.j      . + 0x40
#6642 0 800000d4 fe842703 r 0e         00000000  lw       x14, -0x18(x8)
#6643 0 800000d8 fd842783 r 0f         00000001  lw       x15, -0x28(x8)
#6644 0 800000dc faf74de3 r 00         00000000  blt      x14, x15, . - 0x46
#6645 0 80000096 fe842783 r 0f         00000000  lw       x15, -0x18(x8)
#6646 0 8000009a     078a r 0f         00000000  c.slli   x15, 2
#6647 0 8000009c fdc42703 r 0e         f0040fec  lw       x14, -0x24(x8)
#6648 0 800000a0     97ba r 0f         f0040fec  c.add    x15, x14
#6649 0 800000a2     4384 r 09         00000001  c.lw     x9, 0x0(x15)
#6650 0 800000a4 fd842703 r 0e         00000001  lw       x14, -0x28(x8)
#6651 0 800000a8 fe842783 r 0f         00000000  lw       x15, -0x18(x8)
#6652 0 800000ac 40f707b3 r 0f         00000001  sub      x15, x14, x15
#6653 0 800000b0     17fd r 0f         00000000  c.addi   x15, -0x1
#6654 0 800000b2     85be r 0b         00000000  c.mv     x11, x15
#6655 0 800000b4 fdc42503 r 0a         f0040fec  lw       x10, -0x24(x8)
#6656 0 800000b8     3f4d r 01         800000ba  c.jal    . - 0x4e
#6657 0 8000006a     7179 r 02         f0040ef0  c.addi16sp -0x3
#6658 0 8000006c     d606 m f0040f1c   800000ba  c.swsp   x1, 0x2c
#6659 0 8000006e     d422 m f0040f18   f0040f50  c.swsp   x8, 0x28
#6660 0 80000070     d226 m f0040f14   00000001  c.swsp   x9, 0x24
#6661 0 80000072     1800 r 08         f0040f20  c.addi4spn  x8, 0xc
#6662 0 80000074 fca42e23 m f0040efc   f0040fec  sw       x10, -0x24(x8)
#6663 0 80000078 fcb42c23 m f0040ef8   00000000  sw       x11, -0x28(x8)
#6664 0 8000007c fd842783 r 0f         00000000  lw       x15, -0x28(x8)
#6665 0 80000080 00f04463 r 00         00000000  blt      x0, x15, . + 0x8
#6666 0 80000084     4781 r 0f         00000000  c.li     x15, 0x0
#6667 0 80000086     a8b9 r 00         00000000  c.j      . + 0x5e
#6668 0 800000e4     853e r 0a         00000000  c.mv     x10, x15
#6669 0 800000e6     50b2 r 01         800000ba  c.lwsp   x1, 0x2c
#6670 0 800000e8     5422 r 08         f0040f50  c.lwsp   x8, 0x28
#6671 0 800000ea     5492 r 09         00000001  c.lwsp   x9, 0x24
#6672 0 800000ec     6145 r 02         f0040f20  c.addi16sp 0x3
#6673 0 800000ee     8082 r 00         00000000  c.jr     x1
#6674 0 800000ba     87aa r 0f         00000000  c.mv     x15, x10
#6675 0 800000bc     97a6 r 0f         00000001  c.add    x15, x9
#6676 0 800000be     85be r 0b         00000001  c.mv     x11, x15
#6677 0 800000c0 fec42503 r 0a         80000000  lw       x10, -0x14(x8)
#6678 0 800000c4     3749 r 01         800000c6  c.jal    . - 0x7e
#6679 0 80000046     1101 r 02         f0040f00  c.addi   x2, -0x20
#6680 0 80000048     ce22 m f0040f1c   f0040f50  c.swsp   x8, 0x1c
#6681 0 8000004a     1000 r 08         f0040f20  c.addi4spn  x8, 0x8
#6682 0 8000004c fea42623 m f0040f0c   80000000  sw       x10, -0x14(x8)
#6683 0 80000050 feb42423 m f0040f08   00000001  sw       x11, -0x18(x8)
#6684 0 80000054 fec42703 r 0e         80000000  lw       x14, -0x14(x8)
#6685 0 80000058 fe842783 r 0f         00000001  lw       x15, -0x18(x8)
#6686 0 8000005c 00e7d363 r 00         00000000  bge      x15, x14, . + 0x6
#6687 0 80000062     853e r 0a         00000001  c.mv     x10, x15
#6688 0 80000064     4472 r 08         f0040f50  c.lwsp   x8, 0x1c
#6689 0 80000066     6105 r 02         f0040f20  c.addi16sp 0x2
#6690 0 80000068     8082 r 00         00000000  c.jr     x1
#6691 0 800000c6 fea42623 m f0040f3c   00000001  sw       x10, -0x14(x8)
#6692 0 800000ca fe842783 r 0f         00000000  lw       x15, -0x18(x8)
#6693 0 800000ce     0785 r 0f         00000001  c.addi   x15, 0x1
#6694 0 800000d0 fef42423 m f0040f38   00000001  sw       x15, -0x18(x8)
#6695 0 800000d4 fe842703 r 0e         00000001  lw       x14, -0x18(x8)
#6696 0 800000d8 fd842783 r 0f         00000001  lw       x15, -0x28(x8)
#6697 0 800000dc faf74de3 r 00         00000000  blt      x14, x15, . - 0x46
#6698 0 800000e0 fec42783 r 0f         00000001  lw       x15, -0x14(x8)
#6699 0 800000e4     853e r 0a         00000001  c.mv     x10, x15
#6700 0 800000e6     50b2 r 01         800000ba  c.lwsp   x1, 0x2c
#6701 0 800000e8     5422 r 08         f0040f80  c.lwsp   x8, 0x28
#6702 0 800000ea     5492 r 09         00000005  c.lwsp   x9, 0x24
#6703 0 800000ec     6145 r 02         f0040f50  c.addi16sp 0x3
#6704 0 800000ee     8082 r 00         00000000  c.jr     x1
#6705 0 800000ba     87aa r 0f         00000001  c.mv     x15, x10
#6706 0 800000bc     97a6 r 0f         00000006  c.add    x15, x9
#6707 0 800000be     85be r 0b         00000006  c.mv     x11, x15
#6708 0 800000c0 fec42503 r 0a         00000006  lw       x10, -0x14(x8)
#6709 0 800000c4     3749 r 01         800000c6  c.jal    . - 0x7e
#6710 0 80000046     1101 r 02         f0040f30  c.addi   x2, -0x20
#6711 0 80000048     ce22 m f0040f4c   f0040f80  c.swsp   x8, 0x1c
#6712 0 8000004a     1000 r 08         f0040f50  c.addi4spn  x8, 0x8
#6713 0 8000004c fea42623 m f0040f3c   00000006  sw       x10, -0x14(x8)
#6714 0 80000050 feb42423 m f0040f38   00000006  sw       x11, -0x18(x8)
#6715 0 80000054 fec42703 r 0e         00000006  lw       x14, -0x14(x8)
#6716 0 80000058 fe842783 r 0f         00000006  lw       x15, -0x18(x8)
#6717 0 8000005c 00e7d363 r 00         00000000  bge      x15, x14, . + 0x6
#6718 0 80000062     853e r 0a         00000006  c.mv     x10, x15
#6719 0 80000064     4472 r 08         f0040f80  c.lwsp   x8, 0x1c
#6720 0 80000066     6105 r 02         f0040f50  c.addi16sp 0x2
#6721 0 80000068     8082 r 00         00000000  c.jr     x1
#6722 0 800000c6 fea42623 m f0040f6c   00000006  sw       x10, -0x14(x8)
#6723 0 800000ca fe842783 r 0f         00000001  lw       x15, -0x18(x8)
#6724 0 800000ce     0785 r 0f         00000002  c.addi   x15, 0x1
#6725 0 800000d0 fef42423 m f0040f68   00000002  sw       x15, -0x18(x8)
#6726 0 800000d4 fe842703 r 0e         00000002  lw       x14, -0x18(x8)
#6727 0 800000d8 fd842783 r 0f         00000003  lw       x15, -0x28(x8)
#6728 0 800000dc faf74de3 r 00         00000000  blt      x14, x15, . - 0x46
#6729 0 80000096 fe842783 r 0f         00000002  lw       x15, -0x18(x8)
#6730 0 8000009a     078a r 0f         00000008  c.slli   x15, 2
#6731 0 8000009c fdc42703 r 0e         f0040fec  lw       x14, -0x24(x8)
#6732 0 800000a0     97ba r 0f         f0040ff4  c.add    x15, x14
#6733 0 800000a2     4384 r 09         00000008  c.lw     x9, 0x0(x15)
#6734 0 800000a4 fd842703 r 0e         00000003  lw       x14, -0x28(x8)
#6735 0 800000a8 fe842783 r 0f         00000002  lw       x15, -0x18(x8)
#6736 0 800000ac 40f707b3 r 0f         00000001  sub      x15, x14, x15
#6737 0 800000b0     17fd r 0f         00000000  c.addi   x15, -0x1
#6738 0 800000b2     85be r 0b         00000000  c.mv     x11, x15
#6739 0 800000b4 fdc42503 r 0a         f0040fec  lw       x10, -0x24(x8)
#6740 0 800000b8     3f4d r 01         800000ba  c.jal    . - 0x4e
#6741 0 8000006a     7179 r 02         f0040f20  c.addi16sp -0x3
#6742 0 8000006c     d606 m f0040f4c   800000ba  c.swsp   x1, 0x2c
#6743 0 8000006e     d422 m f0040f48   f0040f80  c.swsp   x8, 0x28
#6744 0 80000070     d226 m f0040f44   00000008  c.swsp   x9, 0x24
#6745 0 80000072     1800 r 08         f0040f50  c.addi4spn  x8, 0xc
#6746 0 80000074 fca42e23 m f0040f2c   f0040fec  sw       x10, -0x24(x8)
#6747 0 80000078 fcb42c23 m f0040f28   00000000  sw       x11, -0x28(x8)
#6748 0 8000007c fd842783 r 0f         00000000  lw       x15, -0x28(x8)
#6749 0 80000080 00f04463 r 00         00000000  blt      x0, x15, . + 0x8
#6750 0 80000084     4781 r 0f         00000000  c.li     x15, 0x0
#6751 0 80000086     a8b9 r 00         00000000  c.j      . + 0x5e
#6752 0 800000e4     853e r 0a         00000000  c.mv     x10, x15
#6753 0 800000e6     50b2 r 01         800000ba  c.lwsp   x1, 0x2c
#6754 0 800000e8     5422 r 08         f0040f80  c.lwsp   x8, 0x28
#6755 0 800000ea     5492 r 09         00000008  c.lwsp   x9, 0x24
#6756 0 800000ec     6145 r 02         f0040f50  c.addi16sp 0x3
#6757 0 800000ee     8082 r 00         00000000  c.jr     x1
#6758 0 800000ba     87aa r 0f         00000000  c.mv     x15, x10
#6759 0 800000bc     97a6 r 0f         00000008  c.add    x15, x9
#6760 0 800000be     85be r 0b         00000008  c.mv     x11, x15
#6761 0 800000c0 fec42503 r 0a         00000006  lw       x10, -0x14(x8)
#6762 0 800000c4     3749 r 01         800000c6  c.jal    . - 0x7e
#6763 0 80000046     1101 r 02         f0040f30  c.addi   x2, -0x20
#6764 0 80000048     ce22 m f0040f4c   f0040f80  c.swsp   x8, 0x1c
#6765 0 8000004a     1000 r 08         f0040f50  c.addi4spn  x8, 0x8
#6766 0 8000004c fea42623 m f0040f3c   00000006  sw       x10, -0x14(x8)
#6767 0 80000050 feb42423 m f0040f38   00000008  sw       x11, -0x18(x8)
#6768 0 80000054 fec42703 r 0e         00000006  lw       x14, -0x14(x8)
#6769 0 80000058 fe842783 r 0f         00000008  lw       x15, -0x18(x8)
#6770 0 8000005c 00e7d363 r 00         00000000  bge      x15, x14, . + 0x6
#6771 0 80000062     853e r 0a         00000008  c.mv     x10, x15
#6772 0 80000064     4472 r 08         f0040f80  c.lwsp   x8, 0x1c
#6773 0 80000066     6105 r 02         f0040f50  c.addi16sp 0x2
#6774 0 80000068     8082 r 00         00000000  c.jr     x1
#6775 0 800000c6 fea42623 m f0040f6c   00000008  sw       x10, -0x14(x8)
#6776 0 800000ca fe842783 r 0f         00000002  lw       x15, -0x18(x8)
#6777 0 800000ce     0785 r 0f         00000003  c.addi   x15, 0x1
#6778 0 800000d0 fef42423 m f0040f68   00000003  sw       x15, -0x18(x8)
#6779 0 800000d4 fe842703 r 0e         00000003  lw       x14, -0x18(x8)
#6780 0 800000d8 fd842783 r 0f         00000003  lw       x15, -0x28(x8)
#6781 0 800000dc faf74de3 r 00         00000000  blt      x14, x15, . - 0x46
#6782 0 800000e0 fec42783 r 0f         00000008  lw       x15, -0x14(x8)
#6783 0 800000e4     853e r 0a         00000008  c.mv     x10, x15
#6784 0 800000e6     50b2 r 01         800000ba  c.lwsp   x1, 0x2c
#6785 0 800000e8     5422 r 08         f0040fb0  c.lwsp   x8, 0x28
#6786 0 800000ea     5492 r 09         00000009  c.lwsp   x9, 0x24
#6787 0 800000ec     6145 r 02         f0040f80  c.addi16sp 0x3
#6788 0 800000ee     8082 r 00         00000000  c.jr     x1
#6789 0 800000ba     87aa r 0f         00000008  c.mv     x15, x10
#6790 0 800000bc     97a6 r 0f         00000011  c.add    x15, x9
#6791 0 800000be     85be r 0b         00000011  c.mv     x11, x15
#6792 0 800000c0 fec42503 r 0a         00000012  lw       x10, -0x14(x8)
#6793 0 800000c4     3749 r 01         800000c6  c.jal    . - 0x7e
#6794 0 80000046     1101 r 02         f0040f60  c.addi   x2, -0x20
#6795 0 80000048     ce22 m f0040f7c   f0040fb0  c.swsp   x8, 0x1c
#6796 0 8000004a     1000 r 08         f0040f80  c.addi4spn  x8, 0x8
#6797 0 8000004c fea42623 m f0040f6c   00000012  sw       x10, -0x14(x8)
#6798 0 80000050 feb42423 m f0040f68   00000011  sw       x11, -0x18(x8)
#6799 0 80000054 fec42703 r 0e         00000012  lw       x14, -0x14(x8)
#6800 0 80000058 fe842783 r 0f         00000011  lw       x15, -0x18(x8)
#6801 0 8000005c 00e7d363 r 00         00000000  bge      x15, x14, . + 0x6
#6802 0 80000060     87ba r 0f         00000012  c.mv     x15, x14
#6803 0 80000062     853e r 0a         00000012  c.mv     x10, x15
#6804 0 80000064     4472 r 08         f0040fb0  c.lwsp   x8, 0x1c
#6805 0 80000066     6105 r 02         f0040f80  c.addi16sp 0x2
#6806 0 80000068     8082 r 00         00000000  c.jr     x1
#6807 0 800000c6 fea42623 m f0040f9c   00000012  sw       x10, -0x14(x8)
#6808 0 800000ca fe842783 r 0f         00000003  lw       x15, -0x18(x8)
#6809 0 800000ce     0785 r 0f         00000004  c.addi   x15, 0x1
#6810 0 800000d0 fef42423 m f0040f98   00000004  sw       x15, -0x18(x8)
#6811 0 800000d4 fe842703 r 0e         00000004  lw       x14, -0x18(x8)
#6812 0 800000d8 fd842783 r 0f         00000007  lw       x15, -0x28(x8)
#6813 0 800000dc faf74de3 r 00         00000000  blt      x14, x15, . - 0x46
#6814 0 80000096 fe842783 r 0f         00000004  lw       x15, -0x18(x8)
#6815 0 8000009a     078a r 0f         00000010  c.slli   x15, 2
#6816 0 8000009c fdc42703 r 0e         f0040fec  lw       x14, -0x24(x8)
#6817 0 800000a0     97ba r 0f         f0040ffc  c.add    x15, x14
#6818 0 800000a2     4384 r 09         0000000a  c.lw     x9, 0x0(x15)
#6819 0 800000a4 fd842703 r 0e         00000007  lw       x14, -0x28(x8)
#6820 0 800000a8 fe842783 r 0f         00000004  lw       x15, -0x18(x8)
#6821 0 800000ac 40f707b3 r 0f         00000003  sub      x15, x14, x15
#6822 0 800000b0     17fd r 0f         00000002  c.addi   x15, -0x1
#6823 0 800000b2     85be r 0b         00000002  c.mv     x11, x15
#6824 0 800000b4 fdc42503 r 0a         f0040fec  lw       x10, -0x24(x8)
#6825 0 800000b8     3f4d r 01         800000ba  c.jal    . - 0x4e
#6826 0 8000006a     7179 r 02         f0040f50  c.addi16sp -0x3
#6827 0 8000006c     d606 m f0040f7c   800000ba  c.swsp   x1, 0x2c
#6828 0 8000006e     d422 m f0040f78   f0040fb0  c.swsp   x8, 0x28
#6829 0 80000070     d226 m f0040f74   0000000a  c.swsp   x9, 0x24
#6830 0 80000072     1800 r 08         f0040f80  c.addi4spn  x8, 0xc
#6831 0 80000074 fca42e23 m f0040f5c   f0040fec  sw       x10, -0x24(x8)
#6832 0 80000078 fcb42c23 m f0040f58   00000002  sw       x11, -0x28(x8)
#6833 0 8000007c fd842783 r 0f         00000002  lw       x15, -0x28(x8)
#6834 0 80000080 00f04463 r 00         00000000  blt      x0, x15, . + 0x8
#6835 0 80000088 800007b7 r 0f         80000000  lui      x15, -0x80000
#6836 0 8000008c fef42623 m f0040f6c   80000000  sw       x15, -0x14(x8)
#6837 0 80000090 fe042423 m f0040f68   00000000  sw       x0, -0x18(x8)
#6838 0 80000094     a081 r 00         00000000  c.j      . + 0x40
#6839 0 800000d4 fe842703 r 0e         00000000  lw       x14, -0x18(x8)
#6840 0 800000d8 fd842783 r 0f         00000002  lw       x15, -0x28(x8)
#6841 0 800000dc faf74de3 r 00         00000000  blt      x14, x15, . - 0x46
#6842 0 80000096 fe842783 r 0f         00000000  lw       x15, -0x18(x8)
#6843 0 8000009a     078a r 0f         00000000  c.slli   x15, 2
#6844 0 8000009c fdc42703 r 0e         f0040fec  lw       x14, -0x24(x8)
#6845 0 800000a0     97ba r 0f         f0040fec  c.add    x15, x14
#6846 0 800000a2     4384 r 09         00000001  c.lw     x9, 0x0(x15)
#6847 0 800000a4 fd842703 r 0e         00000002  lw       x14, -0x28(x8)
#6848 0 800000a8 fe842783 r 0f         00000000  lw       x15, -0x18(x8)
#6849 0 800000ac 40f707b3 r 0f         00000002  sub      x15, x14, x15
#6850 0 800000b0     17fd r 0f         00000001  c.addi   x15, -0x1
#6851 0 800000b2     85be r 0b         00000001  c.mv     x11, x15
#6852 0 800000b4 fdc42503 r 0a         f0040fec  lw       x10, -0x24(x8)
#6853 0 800000b8     3f4d r 01         800000ba  c.jal    . - 0x4e
#6854 0 8000006a     7179 r 02         f0040f20  c.addi16sp -0x3
#6855 0 8000006c     d606 m f0040f4c   800000ba  c.swsp   x1, 0x2c
#6856 0 8000006e     d422 m f0040f48   f0040f80  c.swsp   x8, 0x28
#6857 0 80000070     d226 m f0040f44   00000001  c.swsp   x9, 0x24
#6858 0 80000072     1800 r 08         f0040f50  c.addi4spn  x8, 0xc
#6859 0 80000074 fca42e23 m f0040f2c   f0040fec  sw       x10, -0x24(x8)
#6860 0 80000078 fcb42c23 m f0040f28   00000001  sw       x11, -0x28(x8)
#6861 0 8000007c fd842783 r 0f         00000001  lw       x15, -0x28(x8)
#6862 0 80000080 00f04463 r 00         00000000  blt      x0, x15, . + 0x8
#6863 0 80000088 800007b7 r 0f         80000000  lui      x15, -0x80000
#6864 0 8000008c fef42623 m f0040f3c   80000000  sw       x15, -0x14(x8)
#6865 0 80000090 fe042423 m f0040f38   00000000  sw       x0, -0x18(x8)
#6866 0 80000094     a081 r 00         00000000  c.j      . + 0x40
#6867 0 800000d4 fe842703 r 0e         00000000  lw       x14, -0x18(x8)
#6868 0 800000d8 fd842783 r 0f         00000001  lw       x15, -0x28(x8)
#6869 0 800000dc faf74de3 r 00         00000000  blt      x14, x15, . - 0x46
#6870 0 80000096 fe842783 r 0f         00000000  lw       x15, -0x18(x8)
#6871 0 8000009a     078a r 0f         00000000  c.slli   x15, 2
#6872 0 8000009c fdc42703 r 0e         f0040fec  lw       x14, -0x24(x8)
#6873 0 800000a0     97ba r 0f         f0040fec  c.add    x15, x14
#6874 0 800000a2     4384 r 09         00000001  c.lw     x9, 0x0(x15)
#6875 0 800000a4 fd842703 r 0e         00000001  lw       x14, -0x28(x8)
#6876 0 800000a8 fe842783 r 0f         00000000  lw       x15, -0x18(x8)
#6877 0 800000ac 40f707b3 r 0f         00000001  sub      x15, x14, x15
#6878 0 800000b0     17fd r 0f         00000000  c.addi   x15, -0x1
#6879 0 800000b2     85be r 0b         00000000  c.mv     x11, x15
#6880 0 800000b4 fdc42503 r 0a         f0040fec  lw       x10, -0x24(x8)
#6881 0 800000b8     3f4d r 01         800000ba  c.jal    . - 0x4e
#6882 0 8000006a     7179 r 02         f0040ef0  c.addi16sp -0x3
#6883 0 8000006c     d606 m f0040f1c   800000ba  c.swsp   x1, 0x2c
#6884 0 8000006e     d422 m f0040f18   f0040f50  c.swsp   x8, 0x28
#6885 0 80000070     d226 m f0040f14   00000001  c.swsp   x9, 0x24
#6886 0 80000072     1800 r 08         f0040f20  c.addi4spn  x8, 0xc
#6887 0 80000074 fca42e23 m f0040efc   f0040fec  sw       x10, -0x24(x8)
#6888 0 80000078 fcb42c23 m f0040ef8   00000000  sw       x11, -0x28(x8)
#6889 0 8000007c fd842783 r 0f         00000000  lw       x15, -0x28(x8)
#6890 0 80000080 00f04463 r 00         00000000  blt      x0, x15, . + 0x8
#6891 0 80000084     4781 r 0f         00000000  c.li     x15, 0x0
#6892 0 80000086     a8b9 r 00         00000000  c.j      . + 0x5e
#6893 0 800000e4     853e r 0a         00000000  c.mv     x10, x15
#6894 0 800000e6     50b2 r 01         800000ba  c.lwsp   x1, 0x2c
#6895 0 800000e8     5422 r 08         f0040f50  c.lwsp   x8, 0x28
#6896 0 800000ea     5492 r 09         00000001  c.lwsp   x9, 0x24
#6897 0 800000ec     6145 r 02         f0040f20  c.addi16sp 0x3
#6898 0 800000ee     8082 r 00         00000000  c.jr     x1
#6899 0 800000ba     87aa r 0f         00000000  c.mv     x15, x10
#6900 0 800000bc     97a6 r 0f         00000001  c.add    x15, x9
#6901 0 800000be     85be r 0b         00000001  c.mv     x11, x15
#6902 0 800000c0 fec42503 r 0a         80000000  lw       x10, -0x14(x8)
#6903 0 800000c4     3749 r 01         800000c6  c.jal    . - 0x7e
#6904 0 80000046     1101 r 02         f0040f00  c.addi   x2, -0x20
#6905 0 80000048     ce22 m f0040f1c   f0040f50  c.swsp   x8, 0x1c
#6906 0 8000004a     1000 r 08         f0040f20  c.addi4spn  x8, 0x8
#6907 0 8000004c fea42623 m f0040f0c   80000000  sw       x10, -0x14(x8)
#6908 0 80000050 feb42423 m f0040f08   00000001  sw       x11, -0x18(x8)
#6909 0 80000054 fec42703 r 0e         80000000  lw       x14, -0x14(x8)
#6910 0 80000058 fe842783 r 0f         00000001  lw       x15, -0x18(x8)
#6911 0 8000005c 00e7d363 r 00         00000000  bge      x15, x14, . + 0x6
#6912 0 80000062     853e r 0a         00000001  c.mv     x10, x15
#6913 0 80000064     4472 r 08         f0040f50  c.lwsp   x8, 0x1c
#6914 0 80000066     6105 r 02         f0040f20  c.addi16sp 0x2
#6915 0 80000068     8082 r 00         00000000  c.jr     x1
#6916 0 800000c6 fea42623 m f0040f3c   00000001  sw       x10, -0x14(x8)
#6917 0 800000ca fe842783 r 0f         00000000  lw       x15, -0x18(x8)
#6918 0 800000ce     0785 r 0f         00000001  c.addi   x15, 0x1
#6919 0 800000d0 fef42423 m f0040f38   00000001  sw       x15, -0x18(x8)
#6920 0 800000d4 fe842703 r 0e         00000001  lw       x14, -0x18(x8)
#6921 0 800000d8 fd842783 r 0f         00000001  lw       x15, -0x28(x8)
#6922 0 800000dc faf74de3 r 00         00000000  blt      x14, x15, . - 0x46
#6923 0 800000e0 fec42783 r 0f         00000001  lw       x15, -0x14(x8)
#6924 0 800000e4     853e r 0a         00000001  c.mv     x10, x15
#6925 0 800000e6     50b2 r 01         800000ba  c.lwsp   x1, 0x2c
#6926 0 800000e8     5422 r 08         f0040f80  c.lwsp   x8, 0x28
#6927 0 800000ea     5492 r 09         00000001  c.lwsp   x9, 0x24
#6928 0 800000ec     6145 r 02         f0040f50  c.addi16sp 0x3
#6929 0 800000ee     8082 r 00         00000000  c.jr     x1
#6930 0 800000ba     87aa r 0f         00000001  c.mv     x15, x10
#6931 0 800000bc     97a6 r 0f         00000002  c.add    x15, x9
#6932 0 800000be     85be r 0b         00000002  c.mv     x11, x15
#6933 0 800000c0 fec42503 r 0a         80000000  lw       x10, -0x14(x8)
#6934 0 800000c4     3749 r 01         800000c6  c.jal    . - 0x7e
#6935 0 80000046     1101 r 02         f0040f30  c.addi   x2, -0x20
#6936 0 80000048     ce22 m f0040f4c   f0040f80  c.swsp   x8, 0x1c
#6937 0 8000004a     1000 r 08         f0040f50  c.addi4spn  x8, 0x8
#6938 0 8000004c fea42623 m f0040f3c   80000000  sw       x10, -0x14(x8)
#6939 0 80000050 feb42423 m f0040f38   00000002  sw       x11, -0x18(x8)
#6940 0 80000054 fec42703 r 0e         80000000  lw       x14, -0x14(x8)
#6941 0 80000058 fe842783 r 0f         00000002  lw       x15, -0x18(x8)
#6942 0 8000005c 00e7d363 r 00         00000000  bge      x15, x14, . + 0x6
#6943 0 80000062     853e r 0a         00000002  c.mv     x10, x15
#6944 0 80000064     4472 r 08         f0040f80  c.lwsp   x8, 0x1c
#6945 0 80000066     6105 r 02         f0040f50  c.addi16sp 0x2
#6946 0 80000068     8082 r 00         00000000  c.jr     x1
#6947 0 800000c6 fea42623 m f0040f6c   00000002  sw       x10, -0x14(x8)
#6948 0 800000ca fe842783 r 0f         00000000  lw       x15, -0x18(x8)
#6949 0 800000ce     0785 r 0f         00000001  c.addi   x15, 0x1
#6950 0 800000d0 fef42423 m f0040f68   00000001  sw       x15, -0x18(x8)
#6951 0 800000d4 fe842703 r 0e         00000001  lw       x14, -0x18(x8)
#6952 0 800000d8 fd842783 r 0f         00000002  lw       x15, -0x28(x8)
#6953 0 800000dc faf74de3 r 00         00000000  blt      x14, x15, . - 0x46
#6954 0 80000096 fe842783 r 0f         00000001  lw       x15, -0x18(x8)
#6955 0 8000009a     078a r 0f         00000004  c.slli   x15, 2
#6956 0 8000009c fdc42703 r 0e         f0040fec  lw       x14, -0x24(x8)
#6957 0 800000a0     97ba r 0f         f0040ff0  c.add    x15, x14
#6958 0 800000a2     4384 r 09         00000005  c.lw     x9, 0x0(x15)
#6959 0 800000a4 fd842703 r 0e         00000002  lw       x14, -0x28(x8)
#6960 0 800000a8 fe842783 r 0f         00000001  lw       x15, -0x18(x8)
#6961 0 800000ac 40f707b3 r 0f         00000001  sub      x15, x14, x15
#6962 0 800000b0     17fd r 0f         00000000  c.addi   x15, -0x1
#6963 0 800000b2     85be r 0b         00000000  c.mv     x11, x15
#6964 0 800000b4 fdc42503 r 0a         f0040fec  lw       x10, -0x24(x8)
#6965 0 800000b8     3f4d r 01         800000ba  c.jal    . - 0x4e
#6966 0 8000006a     7179 r 02         f0040f20  c.addi16sp -0x3
#6967 0 8000006c     d606 m f0040f4c   800000ba  c.swsp   x1, 0x2c
#6968 0 8000006e     d422 m f0040f48   f0040f80  c.swsp   x8, 0x28
#6969 0 80000070     d226 m f0040f44   00000005  c.swsp   x9, 0x24
#6970 0 80000072     1800 r 08         f0040f50  c.addi4spn  x8, 0xc
#6971 0 80000074 fca42e23 m f0040f2c   f0040fec  sw       x10, -0x24(x8)
#6972 0 80000078 fcb42c23 m f0040f28   00000000  sw       x11, -0x28(x8)
#6973 0 8000007c fd842783 r 0f         00000000  lw       x15, -0x28(x8)
#6974 0 80000080 00f04463 r 00         00000000  blt      x0, x15, . + 0x8
#6975 0 80000084     4781 r 0f         00000000  c.li     x15, 0x0
#6976 0 80000086     a8b9 r 00         00000000  c.j      . + 0x5e
#6977 0 800000e4     853e r 0a         00000000  c.mv     x10, x15
#6978 0 800000e6     50b2 r 01         800000ba  c.lwsp   x1, 0x2c
#6979 0 800000e8     5422 r 08         f0040f80  c.lwsp   x8, 0x28
#6980 0 800000ea     5492 r 09         00000005  c.lwsp   x9, 0x24
#6981 0 800000ec     6145 r 02         f0040f50  c.addi16sp 0x3
#6982 0 800000ee     8082 r 00         00000000  c.jr     x1
#6983 0 800000ba     87aa r 0f         00000000  c.mv     x15, x10
#6984 0 800000bc     97a6 r 0f         00000005  c.add    x15, x9
#6985 0 800000be     85be r 0b         00000005  c.mv     x11, x15
#6986 0 800000c0 fec42503 r 0a         00000002  lw       x10, -0x14(x8)
#6987 0 800000c4     3749 r 01         800000c6  c.jal    . - 0x7e
#6988 0 80000046     1101 r 02         f0040f30  c.addi   x2, -0x20
#6989 0 80000048     ce22 m f0040f4c   f0040f80  c.swsp   x8, 0x1c
#6990 0 8000004a     1000 r 08         f0040f50  c.addi4spn  x8, 0x8
#6991 0 8000004c fea42623 m f0040f3c   00000002  sw       x10, -0x14(x8)
#6992 0 80000050 feb42423 m f0040f38   00000005  sw       x11, -0x18(x8)
#6993 0 80000054 fec42703 r 0e         00000002  lw       x14, -0x14(x8)
#6994 0 80000058 fe842783 r 0f         00000005  lw       x15, -0x18(x8)
#6995 0 8000005c 00e7d363 r 00         00000000  bge      x15, x14, . + 0x6
#6996 0 80000062     853e r 0a         00000005  c.mv     x10, x15
#6997 0 80000064     4472 r 08         f0040f80  c.lwsp   x8, 0x1c
#6998 0 80000066     6105 r 02         f0040f50  c.addi16sp 0x2
#6999 0 80000068     8082 r 00         00000000  c.jr     x1
#7000 0 800000c6 fea42623 m f0040f6c   00000005  sw       x10, -0x14(x8)
#7001 0 800000ca fe842783 r 0f         00000001  lw       x15, -0x18(x8)
#7002 0 800000ce     0785 r 0f         00000002  c.addi   x15, 0x1
#7003 0 800000d0 fef42423 m f0040f68   00000002  sw       x15, -0x18(x8)
#7004 0 800000d4 fe842703 r 0e         00000002  lw       x14, -0x18(x8)
#7005 0 800000d8 fd842783 r 0f         00000002  lw       x15, -0x28(x8)
#7006 0 800000dc faf74de3 r 00         00000000  blt      x14, x15, . - 0x46
#7007 0 800000e0 fec42783 r 0f         00000005  lw       x15, -0x14(x8)
#7008 0 800000e4     853e r 0a         00000005  c.mv     x10, x15
#7009 0 800000e6     50b2 r 01         800000ba  c.lwsp   x1, 0x2c
#7010 0 800000e8     5422 r 08         f0040fb0  c.lwsp   x8, 0x28
#7011 0 800000ea     5492 r 09         0000000a  c.lwsp   x9, 0x24
#7012 0 800000ec     6145 r 02         f0040f80  c.addi16sp 0x3
#7013 0 800000ee     8082 r 00         00000000  c.jr     x1
#7014 0 800000ba     87aa r 0f         00000005  c.mv     x15, x10
#7015 0 800000bc     97a6 r 0f         0000000f  c.add    x15, x9
#7016 0 800000be     85be r 0b         0000000f  c.mv     x11, x15
#7017 0 800000c0 fec42503 r 0a         00000012  lw       x10, -0x14(x8)
#7018 0 800000c4     3749 r 01         800000c6  c.jal    . - 0x7e
#7019 0 80000046     1101 r 02         f0040f60  c.addi   x2, -0x20
#7020 0 80000048     ce22 m f0040f7c   f0040fb0  c.swsp   x8, 0x1c
#7021 0 8000004a     1000 r 08         f0040f80  c.addi4spn  x8, 0x8
#7022 0 8000004c fea42623 m f0040f6c   00000012  sw       x10, -0x14(x8)
#7023 0 80000050 feb42423 m f0040f68   0000000f  sw       x11, -0x18(x8)
#7024 0 80000054 fec42703 r 0e         00000012  lw       x14, -0x14(x8)
#7025 0 80000058 fe842783 r 0f         0000000f  lw       x15, -0x18(x8)
#7026 0 8000005c 00e7d363 r 00         00000000  bge      x15, x14, . + 0x6
#7027 0 80000060     87ba r 0f         00000012  c.mv     x15, x14
#7028 0 80000062     853e r 0a         00000012  c.mv     x10, x15
#7029 0 80000064     4472 r 08         f0040fb0  c.lwsp   x8, 0x1c
#7030 0 80000066     6105 r 02         f0040f80  c.addi16sp 0x2
#7031 0 80000068     8082 r 00         00000000  c.jr     x1
#7032 0 800000c6 fea42623 m f0040f9c   00000012  sw       x10, -0x14(x8)
#7033 0 800000ca fe842783 r 0f         00000004  lw       x15, -0x18(x8)
#7034 0 800000ce     0785 r 0f         00000005  c.addi   x15, 0x1
#7035 0 800000d0 fef42423 m f0040f98   00000005  sw       x15, -0x18(x8)
#7036 0 800000d4 fe842703 r 0e         00000005  lw       x14, -0x18(x8)
#7037 0 800000d8 fd842783 r 0f         00000007  lw       x15, -0x28(x8)
#7038 0 800000dc faf74de3 r 00         00000000  blt      x14, x15, . - 0x46
#7039 0 80000096 fe842783 r 0f         00000005  lw       x15, -0x18(x8)
#7040 0 8000009a     078a r 0f         00000014  c.slli   x15, 2
#7041 0 8000009c fdc42703 r 0e         f0040fec  lw       x14, -0x24(x8)
#7042 0 800000a0     97ba r 0f         f0041000  c.add    x15, x14
#7043 0 800000a2     4384 r 09         00000011  c.lw     x9, 0x0(x15)
#7044 0 800000a4 fd842703 r 0e         00000007  lw       x14, -0x28(x8)
#7045 0 800000a8 fe842783 r 0f         00000005  lw       x15, -0x18(x8)
#7046 0 800000ac 40f707b3 r 0f         00000002  sub      x15, x14, x15
#7047 0 800000b0     17fd r 0f         00000001  c.addi   x15, -0x1
#7048 0 800000b2     85be r 0b         00000001  c.mv     x11, x15
#7049 0 800000b4 fdc42503 r 0a         f0040fec  lw       x10, -0x24(x8)
#7050 0 800000b8     3f4d r 01         800000ba  c.jal    . - 0x4e
#7051 0 8000006a     7179 r 02         f0040f50  c.addi16sp -0x3
#7052 0 8000006c     d606 m f0040f7c   800000ba  c.swsp   x1, 0x2c
#7053 0 8000006e     d422 m f0040f78   f0040fb0  c.swsp   x8, 0x28
#7054 0 80000070     d226 m f0040f74   00000011  c.swsp   x9, 0x24
#7055 0 80000072     1800 r 08         f0040f80  c.addi4spn  x8, 0xc
#7056 0 80000074 fca42e23 m f0040f5c   f0040fec  sw       x10, -0x24(x8)
#7057 0 80000078 fcb42c23 m f0040f58   00000001  sw       x11, -0x28(x8)
#7058 0 8000007c fd842783 r 0f         00000001  lw       x15, -0x28(x8)
#7059 0 80000080 00f04463 r 00         00000000  blt      x0, x15, . + 0x8
#7060 0 80000088 800007b7 r 0f         80000000  lui      x15, -0x80000
#7061 0 8000008c fef42623 m f0040f6c   80000000  sw       x15, -0x14(x8)
#7062 0 80000090 fe042423 m f0040f68   00000000  sw       x0, -0x18(x8)
#7063 0 80000094     a081 r 00         00000000  c.j      . + 0x40
#7064 0 800000d4 fe842703 r 0e         00000000  lw       x14, -0x18(x8)
#7065 0 800000d8 fd842783 r 0f         00000001  lw       x15, -0x28(x8)
#7066 0 800000dc faf74de3 r 00         00000000  blt      x14, x15, . - 0x46
#7067 0 80000096 fe842783 r 0f         00000000  lw       x15, -0x18(x8)
#7068 0 8000009a     078a r 0f         00000000  c.slli   x15, 2
#7069 0 8000009c fdc42703 r 0e         f0040fec  lw       x14, -0x24(x8)
#7070 0 800000a0     97ba r 0f         f0040fec  c.add    x15, x14
#7071 0 800000a2     4384 r 09         00000001  c.lw     x9, 0x0(x15)
#7072 0 800000a4 fd842703 r 0e         00000001  lw       x14, -0x28(x8)
#7073 0 800000a8 fe842783 r 0f         00000000  lw       x15, -0x18(x8)
#7074 0 800000ac 40f707b3 r 0f         00000001  sub      x15, x14, x15
#7075 0 800000b0     17fd r 0f         00000000  c.addi   x15, -0x1
#7076 0 800000b2     85be r 0b         00000000  c.mv     x11, x15
#7077 0 800000b4 fdc42503 r 0a         f0040fec  lw       x10, -0x24(x8)
#7078 0 800000b8     3f4d r 01         800000ba  c.jal    . - 0x4e
#7079 0 8000006a     7179 r 02         f0040f20  c.addi16sp -0x3
#7080 0 8000006c     d606 m f0040f4c   800000ba  c.swsp   x1, 0x2c
#7081 0 8000006e     d422 m f0040f48   f0040f80  c.swsp   x8, 0x28
#7082 0 80000070     d226 m f0040f44   00000001  c.swsp   x9, 0x24
#7083 0 80000072     1800 r 08         f0040f50  c.addi4spn  x8, 0xc
#7084 0 80000074 fca42e23 m f0040f2c   f0040fec  sw       x10, -0x24(x8)
#7085 0 80000078 fcb42c23 m f0040f28   00000000  sw       x11, -0x28(x8)
#7086 0 8000007c fd842783 r 0f         00000000  lw       x15, -0x28(x8)
#7087 0 80000080 00f04463 r 00         00000000  blt      x0, x15, . + 0x8
#7088 0 80000084     4781 r 0f         00000000  c.li     x15, 0x0
#7089 0 80000086     a8b9 r 00         00000000  c.j      . + 0x5e
#7090 0 800000e4     853e r 0a         00000000  c.mv     x10, x15
#7091 0 800000e6     50b2 r 01         800000ba  c.lwsp   x1, 0x2c
#7092 0 800000e8     5422 r 08         f0040f80  c.lwsp   x8, 0x28
#7093 0 800000ea     5492 r 09         00000001  c.lwsp   x9, 0x24
#7094 0 800000ec     6145 r 02         f0040f50  c.addi16sp 0x3
#7095 0 800000ee     8082 r 00         00000000  c.jr     x1
#7096 0 800000ba     87aa r 0f         00000000  c.mv     x15, x10
#7097 0 800000bc     97a6 r 0f         00000001  c.add    x15, x9
#7098 0 800000be     85be r 0b         00000001  c.mv     x11, x15
#7099 0 800000c0 fec42503 r 0a         80000000  lw       x10, -0x14(x8)
#7100 0 800000c4     3749 r 01         800000c6  c.jal    . - 0x7e
#7101 0 80000046     1101 r 02         f0040f30  c.addi   x2, -0x20
#7102 0 80000048     ce22 m f0040f4c   f0040f80  c.swsp   x8, 0x1c
#7103 0 8000004a     1000 r 08         f0040f50  c.addi4spn  x8, 0x8
#7104 0 8000004c fea42623 m f0040f3c   80000000  sw       x10, -0x14(x8)
#7105 0 80000050 feb42423 m f0040f38   00000001  sw       x11, -0x18(x8)
#7106 0 80000054 fec42703 r 0e         80000000  lw       x14, -0x14(x8)
#7107 0 80000058 fe842783 r 0f         00000001  lw       x15, -0x18(x8)
#7108 0 8000005c 00e7d363 r 00         00000000  bge      x15, x14, . + 0x6
#7109 0 80000062     853e r 0a         00000001  c.mv     x10, x15
#7110 0 80000064     4472 r 08         f0040f80  c.lwsp   x8, 0x1c
#7111 0 80000066     6105 r 02         f0040f50  c.addi16sp 0x2
#7112 0 80000068     8082 r 00         00000000  c.jr     x1
#7113 0 800000c6 fea42623 m f0040f6c   00000001  sw       x10, -0x14(x8)
#7114 0 800000ca fe842783 r 0f         00000000  lw       x15, -0x18(x8)
#7115 0 800000ce     0785 r 0f         00000001  c.addi   x15, 0x1
#7116 0 800000d0 fef42423 m f0040f68   00000001  sw       x15, -0x18(x8)
#7117 0 800000d4 fe842703 r 0e         00000001  lw       x14, -0x18(x8)
#7118 0 800000d8 fd842783 r 0f         00000001  lw       x15, -0x28(x8)
#7119 0 800000dc faf74de3 r 00         00000000  blt      x14, x15, . - 0x46
#7120 0 800000e0 fec42783 r 0f         00000001  lw       x15, -0x14(x8)
#7121 0 800000e4     853e r 0a         00000001  c.mv     x10, x15
#7122 0 800000e6     50b2 r 01         800000ba  c.lwsp   x1, 0x2c
#7123 0 800000e8     5422 r 08         f0040fb0  c.lwsp   x8, 0x28
#7124 0 800000ea     5492 r 09         00000011  c.lwsp   x9, 0x24
#7125 0 800000ec     6145 r 02         f0040f80  c.addi16sp 0x3
#7126 0 800000ee     8082 r 00         00000000  c.jr     x1
#7127 0 800000ba     87aa r 0f         00000001  c.mv     x15, x10
#7128 0 800000bc     97a6 r 0f         00000012  c.add    x15, x9
#7129 0 800000be     85be r 0b         00000012  c.mv     x11, x15
#7130 0 800000c0 fec42503 r 0a         00000012  lw       x10, -0x14(x8)
#7131 0 800000c4     3749 r 01         800000c6  c.jal    . - 0x7e
#7132 0 80000046     1101 r 02         f0040f60  c.addi   x2, -0x20
#7133 0 80000048     ce22 m f0040f7c   f0040fb0  c.swsp   x8, 0x1c
#7134 0 8000004a     1000 r 08         f0040f80  c.addi4spn  x8, 0x8
#7135 0 8000004c fea42623 m f0040f6c   00000012  sw       x10, -0x14(x8)
#7136 0 80000050 feb42423 m f0040f68   00000012  sw       x11, -0x18(x8)
#7137 0 80000054 fec42703 r 0e         00000012  lw       x14, -0x14(x8)
#7138 0 80000058 fe842783 r 0f         00000012  lw       x15, -0x18(x8)
#7139 0 8000005c 00e7d363 r 00         00000000  bge      x15, x14, . + 0x6
#7140 0 80000062     853e r 0a         00000012  c.mv     x10, x15
#7141 0 80000064     4472 r 08         f0040fb0  c.lwsp   x8, 0x1c
#7142 0 80000066     6105 r 02         f0040f80  c.addi16sp 0x2
#7143 0 80000068     8082 r 00         00000000  c.jr     x1
#7144 0 800000c6 fea42623 m f0040f9c   00000012  sw       x10, -0x14(x8)
#7145 0 800000ca fe842783 r 0f         00000005  lw       x15, -0x18(x8)
#7146 0 800000ce     0785 r 0f         00000006  c.addi   x15, 0x1
#7147 0 800000d0 fef42423 m f0040f98   00000006  sw       x15, -0x18(x8)
#7148 0 800000d4 fe842703 r 0e         00000006  lw       x14, -0x18(x8)
#7149 0 800000d8 fd842783 r 0f         00000007  lw       x15, -0x28(x8)
#7150 0 800000dc faf74de3 r 00         00000000  blt      x14, x15, . - 0x46
#7151 0 80000096 fe842783 r 0f         00000006  lw       x15, -0x18(x8)
#7152 0 8000009a     078a r 0f         00000018  c.slli   x15, 2
#7153 0 8000009c fdc42703 r 0e         f0040fec  lw       x14, -0x24(x8)
#7154 0 800000a0     97ba r 0f         f0041004  c.add    x15, x14
#7155 0 800000a2     4384 r 09         00000011  c.lw     x9, 0x0(x15)
#7156 0 800000a4 fd842703 r 0e         00000007  lw       x14, -0x28(x8)
#7157 0 800000a8 fe842783 r 0f         00000006  lw       x15, -0x18(x8)
#7158 0 800000ac 40f707b3 r 0f         00000001  sub      x15, x14, x15
#7159 0 800000b0     17fd r 0f         00000000  c.addi   x15, -0x1
#7160 0 800000b2     85be r 0b         00000000  c.mv     x11, x15
#7161 0 800000b4 fdc42503 r 0a         f0040fec  lw       x10, -0x24(x8)
#7162 0 800000b8     3f4d r 01         800000ba  c.jal    . - 0x4e
#7163 0 8000006a     7179 r 02         f0040f50  c.addi16sp -0x3
#7164 0 8000006c     d606 m f0040f7c   800000ba  c.swsp   x1, 0x2c
#7165 0 8000006e     d422 m f0040f78   f0040fb0  c.swsp   x8, 0x28
#7166 0 80000070     d226 m f0040f74   00000011  c.swsp   x9, 0x24
#7167 0 80000072     1800 r 08         f0040f80  c.addi4spn  x8, 0xc
#7168 0 80000074 fca42e23 m f0040f5c   f0040fec  sw       x10, -0x24(x8)
#7169 0 80000078 fcb42c23 m f0040f58   00000000  sw       x11, -0x28(x8)
#7170 0 8000007c fd842783 r 0f         00000000  lw       x15, -0x28(x8)
#7171 0 80000080 00f04463 r 00         00000000  blt      x0, x15, . + 0x8
#7172 0 80000084     4781 r 0f         00000000  c.li     x15, 0x0
#7173 0 80000086     a8b9 r 00         00000000  c.j      . + 0x5e
#7174 0 800000e4     853e r 0a         00000000  c.mv     x10, x15
#7175 0 800000e6     50b2 r 01         800000ba  c.lwsp   x1, 0x2c
#7176 0 800000e8     5422 r 08         f0040fb0  c.lwsp   x8, 0x28
#7177 0 800000ea     5492 r 09         00000011  c.lwsp   x9, 0x24
#7178 0 800000ec     6145 r 02         f0040f80  c.addi16sp 0x3
#7179 0 800000ee     8082 r 00         00000000  c.jr     x1
#7180 0 800000ba     87aa r 0f         00000000  c.mv     x15, x10
#7181 0 800000bc     97a6 r 0f         00000011  c.add    x15, x9
#7182 0 800000be     85be r 0b         00000011  c.mv     x11, x15
#7183 0 800000c0 fec42503 r 0a         00000012  lw       x10, -0x14(x8)
#7184 0 800000c4     3749 r 01         800000c6  c.jal    . - 0x7e
#7185 0 80000046     1101 r 02         f0040f60  c.addi   x2, -0x20
#7186 0 80000048     ce22 m f0040f7c   f0040fb0  c.swsp   x8, 0x1c
#7187 0 8000004a     1000 r 08         f0040f80  c.addi4spn  x8, 0x8
#7188 0 8000004c fea42623 m f0040f6c   00000012  sw       x10, -0x14(x8)
#7189 0 80000050 feb42423 m f0040f68   00000011  sw       x11, -0x18(x8)
#7190 0 80000054 fec42703 r 0e         00000012  lw       x14, -0x14(x8)
#7191 0 80000058 fe842783 r 0f         00000011  lw       x15, -0x18(x8)
#7192 0 8000005c 00e7d363 r 00         00000000  bge      x15, x14, . + 0x6
#7193 0 80000060     87ba r 0f         00000012  c.mv     x15, x14
#7194 0 80000062     853e r 0a         00000012  c.mv     x10, x15
#7195 0 80000064     4472 r 08         f0040fb0  c.lwsp   x8, 0x1c
#7196 0 80000066     6105 r 02         f0040f80  c.addi16sp 0x2
#7197 0 80000068     8082 r 00         00000000  c.jr     x1
#7198 0 800000c6 fea42623 m f0040f9c   00000012  sw       x10, -0x14(x8)
#7199 0 800000ca fe842783 r 0f         00000006  lw       x15, -0x18(x8)
#7200 0 800000ce     0785 r 0f         00000007  c.addi   x15, 0x1
#7201 0 800000d0 fef42423 m f0040f98   00000007  sw       x15, -0x18(x8)
#7202 0 800000d4 fe842703 r 0e         00000007  lw       x14, -0x18(x8)
#7203 0 800000d8 fd842783 r 0f         00000007  lw       x15, -0x28(x8)
#7204 0 800000dc faf74de3 r 00         00000000  blt      x14, x15, . - 0x46
#7205 0 800000e0 fec42783 r 0f         00000012  lw       x15, -0x14(x8)
#7206 0 800000e4     853e r 0a         00000012  c.mv     x10, x15
#7207 0 800000e6     50b2 r 01         800000ba  c.lwsp   x1, 0x2c
#7208 0 800000e8     5422 r 08         f0040fe0  c.lwsp   x8, 0x28
#7209 0 800000ea     5492 r 09         00000001  c.lwsp   x9, 0x24
#7210 0 800000ec     6145 r 02         f0040fb0  c.addi16sp 0x3
#7211 0 800000ee     8082 r 00         00000000  c.jr     x1
#7212 0 800000ba     87aa r 0f         00000012  c.mv     x15, x10
#7213 0 800000bc     97a6 r 0f         00000013  c.add    x15, x9
#7214 0 800000be     85be r 0b         00000013  c.mv     x11, x15
#7215 0 800000c0 fec42503 r 0a         80000000  lw       x10, -0x14(x8)
#7216 0 800000c4     3749 r 01         800000c6  c.jal    . - 0x7e
#7217 0 80000046     1101 r 02         f0040f90  c.addi   x2, -0x20
#7218 0 80000048     ce22 m f0040fac   f0040fe0  c.swsp   x8, 0x1c
#7219 0 8000004a     1000 r 08         f0040fb0  c.addi4spn  x8, 0x8
#7220 0 8000004c fea42623 m f0040f9c   80000000  sw       x10, -0x14(x8)
#7221 0 80000050 feb42423 m f0040f98   00000013  sw       x11, -0x18(x8)
#7222 0 80000054 fec42703 r 0e         80000000  lw       x14, -0x14(x8)
#7223 0 80000058 fe842783 r 0f         00000013  lw       x15, -0x18(x8)
#7224 0 8000005c 00e7d363 r 00         00000000  bge      x15, x14, . + 0x6
#7225 0 80000062     853e r 0a         00000013  c.mv     x10, x15
#7226 0 80000064     4472 r 08         f0040fe0  c.lwsp   x8, 0x1c
#7227 0 80000066     6105 r 02         f0040fb0  c.addi16sp 0x2
#7228 0 80000068     8082 r 00         00000000  c.jr     x1
#7229 0 800000c6 fea42623 m f0040fcc   00000013  sw       x10, -0x14(x8)
#7230 0 800000ca fe842783 r 0f         00000000  lw       x15, -0x18(x8)
#7231 0 800000ce     0785 r 0f         00000001  c.addi   x15, 0x1
#7232 0 800000d0 fef42423 m f0040fc8   00000001  sw       x15, -0x18(x8)
#7233 0 800000d4 fe842703 r 0e         00000001  lw       x14, -0x18(x8)
#7234 0 800000d8 fd842783 r 0f         00000008  lw       x15, -0x28(x8)
#7235 0 800000dc faf74de3 r 00         00000000  blt      x14, x15, . - 0x46
#7236 0 80000096 fe842783 r 0f         00000001  lw       x15, -0x18(x8)
#7237 0 8000009a     078a r 0f         00000004  c.slli   x15, 2
#7238 0 8000009c fdc42703 r 0e         f0040fec  lw       x14, -0x24(x8)
#7239 0 800000a0     97ba r 0f         f0040ff0  c.add    x15, x14
#7240 0 800000a2     4384 r 09         00000005  c.lw     x9, 0x0(x15)
#7241 0 800000a4 fd842703 r 0e         00000008  lw       x14, -0x28(x8)
#7242 0 800000a8 fe842783 r 0f         00000001  lw       x15, -0x18(x8)
#7243 0 800000ac 40f707b3 r 0f         00000007  sub      x15, x14, x15
#7244 0 800000b0     17fd r 0f         00000006  c.addi   x15, -0x1
#7245 0 800000b2     85be r 0b         00000006  c.mv     x11, x15
#7246 0 800000b4 fdc42503 r 0a         f0040fec  lw       x10, -0x24(x8)
#7247 0 800000b8     3f4d r 01         800000ba  c.jal    . - 0x4e
#7248 0 8000006a     7179 r 02         f0040f80  c.addi16sp -0x3
#7249 0 8000006c     d606 m f0040fac   800000ba  c.swsp   x1, 0x2c
#7250 0 8000006e     d422 m f0040fa8   f0040fe0  c.swsp   x8, 0x28
#7251 0 80000070     d226 m f0040fa4   00000005  c.swsp   x9, 0x24
#7252 0 80000072     1800 r 08         f0040fb0  c.addi4spn  x8, 0xc
#7253 0 80000074 fca42e23 m f0040f8c   f0040fec  sw       x10, -0x24(x8)
#7254 0 80000078 fcb42c23 m f0040f88   00000006  sw       x11, -0x28(x8)
#7255 0 8000007c fd842783 r 0f         00000006  lw       x15, -0x28(x8)
#7256 0 80000080 00f04463 r 00         00000000  blt      x0, x15, . + 0x8
#7257 0 80000088 800007b7 r 0f         80000000  lui      x15, -0x80000
#7258 0 8000008c fef42623 m f0040f9c   80000000  sw       x15, -0x14(x8)
#7259 0 80000090 fe042423 m f0040f98   00000000  sw       x0, -0x18(x8)
#7260 0 80000094     a081 r 00         00000000  c.j      . + 0x40
#7261 0 800000d4 fe842703 r 0e         00000000  lw       x14, -0x18(x8)
#7262 0 800000d8 fd842783 r 0f         00000006  lw       x15, -0x28(x8)
#7263 0 800000dc faf74de3 r 00         00000000  blt      x14, x15, . - 0x46
#7264 0 80000096 fe842783 r 0f         00000000  lw       x15, -0x18(x8)
#7265 0 8000009a     078a r 0f         00000000  c.slli   x15, 2
#7266 0 8000009c fdc42703 r 0e         f0040fec  lw       x14, -0x24(x8)
#7267 0 800000a0     97ba r 0f         f0040fec  c.add    x15, x14
#7268 0 800000a2     4384 r 09         00000001  c.lw     x9, 0x0(x15)
#7269 0 800000a4 fd842703 r 0e         00000006  lw       x14, -0x28(x8)
#7270 0 800000a8 fe842783 r 0f         00000000  lw       x15, -0x18(x8)
#7271 0 800000ac 40f707b3 r 0f         00000006  sub      x15, x14, x15
#7272 0 800000b0     17fd r 0f         00000005  c.addi   x15, -0x1
#7273 0 800000b2     85be r 0b         00000005  c.mv     x11, x15
#7274 0 800000b4 fdc42503 r 0a         f0040fec  lw       x10, -0x24(x8)
#7275 0 800000b8     3f4d r 01         800000ba  c.jal    . - 0x4e
#7276 0 8000006a     7179 r 02         f0040f50  c.addi16sp -0x3
#7277 0 8000006c     d606 m f0040f7c   800000ba  c.swsp   x1, 0x2c
#7278 0 8000006e     d422 m f0040f78   f0040fb0  c.swsp   x8, 0x28
#7279 0 80000070     d226 m f0040f74   00000001  c.swsp   x9, 0x24
#7280 0 80000072     1800 r 08         f0040f80  c.addi4spn  x8, 0xc
#7281 0 80000074 fca42e23 m f0040f5c   f0040fec  sw       x10, -0x24(x8)
#7282 0 80000078 fcb42c23 m f0040f58   00000005  sw       x11, -0x28(x8)
#7283 0 8000007c fd842783 r 0f         00000005  lw       x15, -0x28(x8)
#7284 0 80000080 00f04463 r 00         00000000  blt      x0, x15, . + 0x8
#7285 0 80000088 800007b7 r 0f         80000000  lui      x15, -0x80000
#7286 0 8000008c fef42623 m f0040f6c   80000000  sw       x15, -0x14(x8)
#7287 0 80000090 fe042423 m f0040f68   00000000  sw       x0, -0x18(x8)
#7288 0 80000094     a081 r 00         00000000  c.j      . + 0x40
#7289 0 800000d4 fe842703 r 0e         00000000  lw       x14, -0x18(x8)
#7290 0 800000d8 fd842783 r 0f         00000005  lw       x15, -0x28(x8)
#7291 0 800000dc faf74de3 r 00         00000000  blt      x14, x15, . - 0x46
#7292 0 80000096 fe842783 r 0f         00000000  lw       x15, -0x18(x8)
#7293 0 8000009a     078a r 0f         00000000  c.slli   x15, 2
#7294 0 8000009c fdc42703 r 0e         f0040fec  lw       x14, -0x24(x8)
#7295 0 800000a0     97ba r 0f         f0040fec  c.add    x15, x14
#7296 0 800000a2     4384 r 09         00000001  c.lw     x9, 0x0(x15)
#7297 0 800000a4 fd842703 r 0e         00000005  lw       x14, -0x28(x8)
#7298 0 800000a8 fe842783 r 0f         00000000  lw       x15, -0x18(x8)
#7299 0 800000ac 40f707b3 r 0f         00000005  sub      x15, x14, x15
#7300 0 800000b0     17fd r 0f         00000004  c.addi   x15, -0x1
#7301 0 800000b2     85be r 0b         00000004  c.mv     x11, x15
#7302 0 800000b4 fdc42503 r 0a         f0040fec  lw       x10, -0x24(x8)
#7303 0 800000b8     3f4d r 01         800000ba  c.jal    . - 0x4e
#7304 0 8000006a     7179 r 02         f0040f20  c.addi16sp -0x3
#7305 0 8000006c     d606 m f0040f4c   800000ba  c.swsp   x1, 0x2c
#7306 0 8000006e     d422 m f0040f48   f0040f80  c.swsp   x8, 0x28
#7307 0 80000070     d226 m f0040f44   00000001  c.swsp   x9, 0x24
#7308 0 80000072     1800 r 08         f0040f50  c.addi4spn  x8, 0xc
#7309 0 80000074 fca42e23 m f0040f2c   f0040fec  sw       x10, -0x24(x8)
#7310 0 80000078 fcb42c23 m f0040f28   00000004  sw       x11, -0x28(x8)
#7311 0 8000007c fd842783 r 0f         00000004  lw       x15, -0x28(x8)
#7312 0 80000080 00f04463 r 00         00000000  blt      x0, x15, . + 0x8
#7313 0 80000088 800007b7 r 0f         80000000  lui      x15, -0x80000
#7314 0 8000008c fef42623 m f0040f3c   80000000  sw       x15, -0x14(x8)
#7315 0 80000090 fe042423 m f0040f38   00000000  sw       x0, -0x18(x8)
#7316 0 80000094     a081 r 00         00000000  c.j      . + 0x40
#7317 0 800000d4 fe842703 r 0e         00000000  lw       x14, -0x18(x8)
#7318 0 800000d8 fd842783 r 0f         00000004  lw       x15, -0x28(x8)
#7319 0 800000dc faf74de3 r 00         00000000  blt      x14, x15, . - 0x46
#7320 0 80000096 fe842783 r 0f         00000000  lw       x15, -0x18(x8)
#7321 0 8000009a     078a r 0f         00000000  c.slli   x15, 2
#7322 0 8000009c fdc42703 r 0e         f0040fec  lw       x14, -0x24(x8)
#7323 0 800000a0     97ba r 0f         f0040fec  c.add    x15, x14
#7324 0 800000a2     4384 r 09         00000001  c.lw     x9, 0x0(x15)
#7325 0 800000a4 fd842703 r 0e         00000004  lw       x14, -0x28(x8)
#7326 0 800000a8 fe842783 r 0f         00000000  lw       x15, -0x18(x8)
#7327 0 800000ac 40f707b3 r 0f         00000004  sub      x15, x14, x15
#7328 0 800000b0     17fd r 0f         00000003  c.addi   x15, -0x1
#7329 0 800000b2     85be r 0b         00000003  c.mv     x11, x15
#7330 0 800000b4 fdc42503 r 0a         f0040fec  lw       x10, -0x24(x8)
#7331 0 800000b8     3f4d r 01         800000ba  c.jal    . - 0x4e
#7332 0 8000006a     7179 r 02         f0040ef0  c.addi16sp -0x3
#7333 0 8000006c     d606 m f0040f1c   800000ba  c.swsp   x1, 0x2c
#7334 0 8000006e     d422 m f0040f18   f0040f50  c.swsp   x8, 0x28
#7335 0 80000070     d226 m f0040f14   00000001  c.swsp   x9, 0x24
#7336 0 80000072     1800 r 08         f0040f20  c.addi4spn  x8, 0xc
#7337 0 80000074 fca42e23 m f0040efc   f0040fec  sw       x10, -0x24(x8)
#7338 0 80000078 fcb42c23 m f0040ef8   00000003  sw       x11, -0x28(x8)
#7339 0 8000007c fd842783 r 0f         00000003  lw       x15, -0x28(x8)
#7340 0 80000080 00f04463 r 00         00000000  blt      x0, x15, . + 0x8
#7341 0 80000088 800007b7 r 0f         80000000  lui      x15, -0x80000
#7342 0 8000008c fef42623 m f0040f0c   80000000  sw       x15, -0x14(x8)
#7343 0 80000090 fe042423 m f0040f08   00000000  sw       x0, -0x18(x8)
#7344 0 80000094     a081 r 00         00000000  c.j      . + 0x40
#7345 0 800000d4 fe842703 r 0e         00000000  lw       x14, -0x18(x8)
#7346 0 800000d8 fd842783 r 0f         00000003  lw       x15, -0x28(x8)
#7347 0 800000dc faf74de3 r 00         00000000  blt      x14, x15, . - 0x46
#7348 0 80000096 fe842783 r 0f         00000000  lw       x15, -0x18(x8)
#7349 0 8000009a     078a r 0f         00000000  c.slli   x15, 2
#7350 0 8000009c fdc42703 r 0e         f0040fec  lw       x14, -0x24(x8)
#7351 0 800000a0     97ba r 0f         f0040fec  c.add    x15, x14
#7352 0 800000a2     4384 r 09         00000001  c.lw     x9, 0x0(x15)
#7353 0 800000a4 fd842703 r 0e         00000003  lw       x14, -0x28(x8)
#7354 0 800000a8 fe842783 r 0f         00000000  lw       x15, -0x18(x8)
#7355 0 800000ac 40f707b3 r 0f         00000003  sub      x15, x14, x15
#7356 0 800000b0     17fd r 0f         00000002  c.addi   x15, -0x1
#7357 0 800000b2     85be r 0b         00000002  c.mv     x11, x15
#7358 0 800000b4 fdc42503 r 0a         f0040fec  lw       x10, -0x24(x8)
#7359 0 800000b8     3f4d r 01         800000ba  c.jal    . - 0x4e
#7360 0 8000006a     7179 r 02         f0040ec0  c.addi16sp -0x3
#7361 0 8000006c     d606 m f0040eec   800000ba  c.swsp   x1, 0x2c
#7362 0 8000006e     d422 m f0040ee8   f0040f20  c.swsp   x8, 0x28
#7363 0 80000070     d226 m f0040ee4   00000001  c.swsp   x9, 0x24
#7364 0 80000072     1800 r 08         f0040ef0  c.addi4spn  x8, 0xc
#7365 0 80000074 fca42e23 m f0040ecc   f0040fec  sw       x10, -0x24(x8)
#7366 0 80000078 fcb42c23 m f0040ec8   00000002  sw       x11, -0x28(x8)
#7367 0 8000007c fd842783 r 0f         00000002  lw       x15, -0x28(x8)
#7368 0 80000080 00f04463 r 00         00000000  blt      x0, x15, . + 0x8
#7369 0 80000088 800007b7 r 0f         80000000  lui      x15, -0x80000
#7370 0 8000008c fef42623 m f0040edc   80000000  sw       x15, -0x14(x8)
#7371 0 80000090 fe042423 m f0040ed8   00000000  sw       x0, -0x18(x8)
#7372 0 80000094     a081 r 00         00000000  c.j      . + 0x40
#7373 0 800000d4 fe842703 r 0e         00000000  lw       x14, -0x18(x8)
#7374 0 800000d8 fd842783 r 0f         00000002  lw       x15, -0x28(x8)
#7375 0 800000dc faf74de3 r 00         00000000  blt      x14, x15, . - 0x46
#7376 0 80000096 fe842783 r 0f         00000000  lw       x15, -0x18(x8)
#7377 0 8000009a     078a r 0f         00000000  c.slli   x15, 2
#7378 0 8000009c fdc42703 r 0e         f0040fec  lw       x14, -0x24(x8)
#7379 0 800000a0     97ba r 0f         f0040fec  c.add    x15, x14
#7380 0 800000a2     4384 r 09         00000001  c.lw     x9, 0x0(x15)
#7381 0 800000a4 fd842703 r 0e         00000002  lw       x14, -0x28(x8)
#7382 0 800000a8 fe842783 r 0f         00000000  lw       x15, -0x18(x8)
#7383 0 800000ac 40f707b3 r 0f         00000002  sub      x15, x14, x15
#7384 0 800000b0     17fd r 0f         00000001  c.addi   x15, -0x1
#7385 0 800000b2     85be r 0b         00000001  c.mv     x11, x15
#7386 0 800000b4 fdc42503 r 0a         f0040fec  lw       x10, -0x24(x8)
#7387 0 800000b8     3f4d r 01         800000ba  c.jal    . - 0x4e
#7388 0 8000006a     7179 r 02         f0040e90  c.addi16sp -0x3
#7389 0 8000006c     d606 m f0040ebc   800000ba  c.swsp   x1, 0x2c
#7390 0 8000006e     d422 m f0040eb8   f0040ef0  c.swsp   x8, 0x28
#7391 0 80000070     d226 m f0040eb4   00000001  c.swsp   x9, 0x24
#7392 0 80000072     1800 r 08         f0040ec0  c.addi4spn  x8, 0xc
#7393 0 80000074 fca42e23 m f0040e9c   f0040fec  sw       x10, -0x24(x8)
#7394 0 80000078 fcb42c23 m f0040e98   00000001  sw       x11, -0x28(x8)
#7395 0 8000007c fd842783 r 0f         00000001  lw       x15, -0x28(x8)
#7396 0 80000080 00f04463 r 00         00000000  blt      x0, x15, . + 0x8
#7397 0 80000088 800007b7 r 0f         80000000  lui      x15, -0x80000
#7398 0 8000008c fef42623 m f0040eac   80000000  sw       x15, -0x14(x8)
#7399 0 80000090 fe042423 m f0040ea8   00000000  sw       x0, -0x18(x8)
#7400 0 80000094     a081 r 00         00000000  c.j      . + 0x40
#7401 0 800000d4 fe842703 r 0e         00000000  lw       x14, -0x18(x8)
#7402 0 800000d8 fd842783 r 0f         00000001  lw       x15, -0x28(x8)
#7403 0 800000dc faf74de3 r 00         00000000  blt      x14, x15, . - 0x46
#7404 0 80000096 fe842783 r 0f         00000000  lw       x15, -0x18(x8)
#7405 0 8000009a     078a r 0f         00000000  c.slli   x15, 2
#7406 0 8000009c fdc42703 r 0e         f0040fec  lw       x14, -0x24(x8)
#7407 0 800000a0     97ba r 0f         f0040fec  c.add    x15, x14
#7408 0 800000a2     4384 r 09         00000001  c.lw     x9, 0x0(x15)
#7409 0 800000a4 fd842703 r 0e         00000001  lw       x14, -0x28(x8)
#7410 0 800000a8 fe842783 r 0f         00000000  lw       x15, -0x18(x8)
#7411 0 800000ac 40f707b3 r 0f         00000001  sub      x15, x14, x15
#7412 0 800000b0     17fd r 0f         00000000  c.addi   x15, -0x1
#7413 0 800000b2     85be r 0b         00000000  c.mv     x11, x15
#7414 0 800000b4 fdc42503 r 0a         f0040fec  lw       x10, -0x24(x8)
#7415 0 800000b8     3f4d r 01         800000ba  c.jal    . - 0x4e
#7416 0 8000006a     7179 r 02         f0040e60  c.addi16sp -0x3
#7417 0 8000006c     d606 m f0040e8c   800000ba  c.swsp   x1, 0x2c
#7418 0 8000006e     d422 m f0040e88   f0040ec0  c.swsp   x8, 0x28
#7419 0 80000070     d226 m f0040e84   00000001  c.swsp   x9, 0x24
#7420 0 80000072     1800 r 08         f0040e90  c.addi4spn  x8, 0xc
#7421 0 80000074 fca42e23 m f0040e6c   f0040fec  sw       x10, -0x24(x8)
#7422 0 80000078 fcb42c23 m f0040e68   00000000  sw       x11, -0x28(x8)
#7423 0 8000007c fd842783 r 0f         00000000  lw       x15, -0x28(x8)
#7424 0 80000080 00f04463 r 00         00000000  blt      x0, x15, . + 0x8
#7425 0 80000084     4781 r 0f         00000000  c.li     x15, 0x0
#7426 0 80000086     a8b9 r 00         00000000  c.j      . + 0x5e
#7427 0 800000e4     853e r 0a         00000000  c.mv     x10, x15
#7428 0 800000e6     50b2 r 01         800000ba  c.lwsp   x1, 0x2c
#7429 0 800000e8     5422 r 08         f0040ec0  c.lwsp   x8, 0x28
#7430 0 800000ea     5492 r 09         00000001  c.lwsp   x9, 0x24
#7431 0 800000ec     6145 r 02         f0040e90  c.addi16sp 0x3
#7432 0 800000ee     8082 r 00         00000000  c.jr     x1
#7433 0 800000ba     87aa r 0f         00000000  c.mv     x15, x10
#7434 0 800000bc     97a6 r 0f         00000001  c.add    x15, x9
#7435 0 800000be     85be r 0b         00000001  c.mv     x11, x15
#7436 0 800000c0 fec42503 r 0a         80000000  lw       x10, -0x14(x8)
#7437 0 800000c4     3749 r 01         800000c6  c.jal    . - 0x7e
#7438 0 80000046     1101 r 02         f0040e70  c.addi   x2, -0x20
#7439 0 80000048     ce22 m f0040e8c   f0040ec0  c.swsp   x8, 0x1c
#7440 0 8000004a     1000 r 08         f0040e90  c.addi4spn  x8, 0x8
#7441 0 8000004c fea42623 m f0040e7c   80000000  sw       x10, -0x14(x8)
#7442 0 80000050 feb42423 m f0040e78   00000001  sw       x11, -0x18(x8)
#7443 0 80000054 fec42703 r 0e         80000000  lw       x14, -0x14(x8)
#7444 0 80000058 fe842783 r 0f         00000001  lw       x15, -0x18(x8)
#7445 0 8000005c 00e7d363 r 00         00000000  bge      x15, x14, . + 0x6
#7446 0 80000062     853e r 0a         00000001  c.mv     x10, x15
#7447 0 80000064     4472 r 08         f0040ec0  c.lwsp   x8, 0x1c
#7448 0 80000066     6105 r 02         f0040e90  c.addi16sp 0x2
#7449 0 80000068     8082 r 00         00000000  c.jr     x1
#7450 0 800000c6 fea42623 m f0040eac   00000001  sw       x10, -0x14(x8)
#7451 0 800000ca fe842783 r 0f         00000000  lw       x15, -0x18(x8)
#7452 0 800000ce     0785 r 0f         00000001  c.addi   x15, 0x1
#7453 0 800000d0 fef42423 m f0040ea8   00000001  sw       x15, -0x18(x8)
#7454 0 800000d4 fe842703 r 0e         00000001  lw       x14, -0x18(x8)
#7455 0 800000d8 fd842783 r 0f         00000001  lw       x15, -0x28(x8)
#7456 0 800000dc faf74de3 r 00         00000000  blt      x14, x15, . - 0x46
#7457 0 800000e0 fec42783 r 0f         00000001  lw       x15, -0x14(x8)
#7458 0 800000e4     853e r 0a         00000001  c.mv     x10, x15
#7459 0 800000e6     50b2 r 01         800000ba  c.lwsp   x1, 0x2c
#7460 0 800000e8     5422 r 08         f0040ef0  c.lwsp   x8, 0x28
#7461 0 800000ea     5492 r 09         00000001  c.lwsp   x9, 0x24
#7462 0 800000ec     6145 r 02         f0040ec0  c.addi16sp 0x3
#7463 0 800000ee     8082 r 00         00000000  c.jr     x1
#7464 0 800000ba     87aa r 0f         00000001  c.mv     x15, x10
#7465 0 800000bc     97a6 r 0f         00000002  c.add    x15, x9
#7466 0 800000be     85be r 0b         00000002  c.mv     x11, x15
#7467 0 800000c0 fec42503 r 0a         80000000  lw       x10, -0x14(x8)
#7468 0 800000c4     3749 r 01         800000c6  c.jal    . - 0x7e
#7469 0 80000046     1101 r 02         f0040ea0  c.addi   x2, -0x20
#7470 0 80000048     ce22 m f0040ebc   f0040ef0  c.swsp   x8, 0x1c
#7471 0 8000004a     1000 r 08         f0040ec0  c.addi4spn  x8, 0x8
#7472 0 8000004c fea42623 m f0040eac   80000000  sw       x10, -0x14(x8)
#7473 0 80000050 feb42423 m f0040ea8   00000002  sw       x11, -0x18(x8)
#7474 0 80000054 fec42703 r 0e         80000000  lw       x14, -0x14(x8)
#7475 0 80000058 fe842783 r 0f         00000002  lw       x15, -0x18(x8)
#7476 0 8000005c 00e7d363 r 00         00000000  bge      x15, x14, . + 0x6
#7477 0 80000062     853e r 0a         00000002  c.mv     x10, x15
#7478 0 80000064     4472 r 08         f0040ef0  c.lwsp   x8, 0x1c
#7479 0 80000066     6105 r 02         f0040ec0  c.addi16sp 0x2
#7480 0 80000068     8082 r 00         00000000  c.jr     x1
#7481 0 800000c6 fea42623 m f0040edc   00000002  sw       x10, -0x14(x8)
#7482 0 800000ca fe842783 r 0f         00000000  lw       x15, -0x18(x8)
#7483 0 800000ce     0785 r 0f         00000001  c.addi   x15, 0x1
#7484 0 800000d0 fef42423 m f0040ed8   00000001  sw       x15, -0x18(x8)
#7485 0 800000d4 fe842703 r 0e         00000001  lw       x14, -0x18(x8)
#7486 0 800000d8 fd842783 r 0f         00000002  lw       x15, -0x28(x8)
#7487 0 800000dc faf74de3 r 00         00000000  blt      x14, x15, . - 0x46
#7488 0 80000096 fe842783 r 0f         00000001  lw       x15, -0x18(x8)
#7489 0 8000009a     078a r 0f         00000004  c.slli   x15, 2
#7490 0 8000009c fdc42703 r 0e         f0040fec  lw       x14, -0x24(x8)
#7491 0 800000a0     97ba r 0f         f0040ff0  c.add    x15, x14
#7492 0 800000a2     4384 r 09         00000005  c.lw     x9, 0x0(x15)
#7493 0 800000a4 fd842703 r 0e         00000002  lw       x14, -0x28(x8)
#7494 0 800000a8 fe842783 r 0f         00000001  lw       x15, -0x18(x8)
#7495 0 800000ac 40f707b3 r 0f         00000001  sub      x15, x14, x15
#7496 0 800000b0     17fd r 0f         00000000  c.addi   x15, -0x1
#7497 0 800000b2     85be r 0b         00000000  c.mv     x11, x15
#7498 0 800000b4 fdc42503 r 0a         f0040fec  lw       x10, -0x24(x8)
#7499 0 800000b8     3f4d r 01         800000ba  c.jal    . - 0x4e
#7500 0 8000006a     7179 r 02         f0040e90  c.addi16sp -0x3
#7501 0 8000006c     d606 m f0040ebc   800000ba  c.swsp   x1, 0x2c
#7502 0 8000006e     d422 m f0040eb8   f0040ef0  c.swsp   x8, 0x28
#7503 0 80000070     d226 m f0040eb4   00000005  c.swsp   x9, 0x24
#7504 0 80000072     1800 r 08         f0040ec0  c.addi4spn  x8, 0xc
#7505 0 80000074 fca42e23 m f0040e9c   f0040fec  sw       x10, -0x24(x8)
#7506 0 80000078 fcb42c23 m f0040e98   00000000  sw       x11, -0x28(x8)
#7507 0 8000007c fd842783 r 0f         00000000  lw       x15, -0x28(x8)
#7508 0 80000080 00f04463 r 00         00000000  blt      x0, x15, . + 0x8
#7509 0 80000084     4781 r 0f         00000000  c.li     x15, 0x0
#7510 0 80000086     a8b9 r 00         00000000  c.j      . + 0x5e
#7511 0 800000e4     853e r 0a         00000000  c.mv     x10, x15
#7512 0 800000e6     50b2 r 01         800000ba  c.lwsp   x1, 0x2c
#7513 0 800000e8     5422 r 08         f0040ef0  c.lwsp   x8, 0x28
#7514 0 800000ea     5492 r 09         00000005  c.lwsp   x9, 0x24
#7515 0 800000ec     6145 r 02         f0040ec0  c.addi16sp 0x3
#7516 0 800000ee     8082 r 00         00000000  c.jr     x1
#7517 0 800000ba     87aa r 0f         00000000  c.mv     x15, x10
#7518 0 800000bc     97a6 r 0f         00000005  c.add    x15, x9
#7519 0 800000be     85be r 0b         00000005  c.mv     x11, x15
#7520 0 800000c0 fec42503 r 0a         00000002  lw       x10, -0x14(x8)
#7521 0 800000c4     3749 r 01         800000c6  c.jal    . - 0x7e
#7522 0 80000046     1101 r 02         f0040ea0  c.addi   x2, -0x20
#7523 0 80000048     ce22 m f0040ebc   f0040ef0  c.swsp   x8, 0x1c
#7524 0 8000004a     1000 r 08         f0040ec0  c.addi4spn  x8, 0x8
#7525 0 8000004c fea42623 m f0040eac   00000002  sw       x10, -0x14(x8)
#7526 0 80000050 feb42423 m f0040ea8   00000005  sw       x11, -0x18(x8)
#7527 0 80000054 fec42703 r 0e         00000002  lw       x14, -0x14(x8)
#7528 0 80000058 fe842783 r 0f         00000005  lw       x15, -0x18(x8)
#7529 0 8000005c 00e7d363 r 00         00000000  bge      x15, x14, . + 0x6
#7530 0 80000062     853e r 0a         00000005  c.mv     x10, x15
#7531 0 80000064     4472 r 08         f0040ef0  c.lwsp   x8, 0x1c
#7532 0 80000066     6105 r 02         f0040ec0  c.addi16sp 0x2
#7533 0 80000068     8082 r 00         00000000  c.jr     x1
#7534 0 800000c6 fea42623 m f0040edc   00000005  sw       x10, -0x14(x8)
#7535 0 800000ca fe842783 r 0f         00000001  lw       x15, -0x18(x8)
#7536 0 800000ce     0785 r 0f         00000002  c.addi   x15, 0x1
#7537 0 800000d0 fef42423 m f0040ed8   00000002  sw       x15, -0x18(x8)
#7538 0 800000d4 fe842703 r 0e         00000002  lw       x14, -0x18(x8)
#7539 0 800000d8 fd842783 r 0f         00000002  lw       x15, -0x28(x8)
#7540 0 800000dc faf74de3 r 00         00000000  blt      x14, x15, . - 0x46
#7541 0 800000e0 fec42783 r 0f         00000005  lw       x15, -0x14(x8)
#7542 0 800000e4     853e r 0a         00000005  c.mv     x10, x15
#7543 0 800000e6     50b2 r 01         800000ba  c.lwsp   x1, 0x2c
#7544 0 800000e8     5422 r 08         f0040f20  c.lwsp   x8, 0x28
#7545 0 800000ea     5492 r 09         00000001  c.lwsp   x9, 0x24
#7546 0 800000ec     6145 r 02         f0040ef0  c.addi16sp 0x3
#7547 0 800000ee     8082 r 00         00000000  c.jr     x1
#7548 0 800000ba     87aa r 0f         00000005  c.mv     x15, x10
#7549 0 800000bc     97a6 r 0f         00000006  c.add    x15, x9
#7550 0 800000be     85be r 0b         00000006  c.mv     x11, x15
#7551 0 800000c0 fec42503 r 0a         80000000  lw       x10, -0x14(x8)
#7552 0 800000c4     3749 r 01         800000c6  c.jal    . - 0x7e
#7553 0 80000046     1101 r 02         f0040ed0  c.addi   x2, -0x20
#7554 0 80000048     ce22 m f0040eec   f0040f20  c.swsp   x8, 0x1c
#7555 0 8000004a     1000 r 08         f0040ef0  c.addi4spn  x8, 0x8
#7556 0 8000004c fea42623 m f0040edc   80000000  sw       x10, -0x14(x8)
#7557 0 80000050 feb42423 m f0040ed8   00000006  sw       x11, -0x18(x8)
#7558 0 80000054 fec42703 r 0e         80000000  lw       x14, -0x14(x8)
#7559 0 80000058 fe842783 r 0f         00000006  lw       x15, -0x18(x8)
#7560 0 8000005c 00e7d363 r 00         00000000  bge      x15, x14, . + 0x6
#7561 0 80000062     853e r 0a         00000006  c.mv     x10, x15
#7562 0 80000064     4472 r 08         f0040f20  c.lwsp   x8, 0x1c
#7563 0 80000066     6105 r 02         f0040ef0  c.addi16sp 0x2
#7564 0 80000068     8082 r 00         00000000  c.jr     x1
#7565 0 800000c6 fea42623 m f0040f0c   00000006  sw       x10, -0x14(x8)
#7566 0 800000ca fe842783 r 0f         00000000  lw       x15, -0x18(x8)
#7567 0 800000ce     0785 r 0f         00000001  c.addi   x15, 0x1
#7568 0 800000d0 fef42423 m f0040f08   00000001  sw       x15, -0x18(x8)
#7569 0 800000d4 fe842703 r 0e         00000001  lw       x14, -0x18(x8)
#7570 0 800000d8 fd842783 r 0f         00000003  lw       x15, -0x28(x8)
#7571 0 800000dc faf74de3 r 00         00000000  blt      x14, x15, . - 0x46
#7572 0 80000096 fe842783 r 0f         00000001  lw       x15, -0x18(x8)
#7573 0 8000009a     078a r 0f         00000004  c.slli   x15, 2
#7574 0 8000009c fdc42703 r 0e         f0040fec  lw       x14, -0x24(x8)
#7575 0 800000a0     97ba r 0f         f0040ff0  c.add    x15, x14
#7576 0 800000a2     4384 r 09         00000005  c.lw     x9, 0x0(x15)
#7577 0 800000a4 fd842703 r 0e         00000003  lw       x14, -0x28(x8)
#7578 0 800000a8 fe842783 r 0f         00000001  lw       x15, -0x18(x8)
#7579 0 800000ac 40f707b3 r 0f         00000002  sub      x15, x14, x15
#7580 0 800000b0     17fd r 0f         00000001  c.addi   x15, -0x1
#7581 0 800000b2     85be r 0b         00000001  c.mv     x11, x15
#7582 0 800000b4 fdc42503 r 0a         f0040fec  lw       x10, -0x24(x8)
#7583 0 800000b8     3f4d r 01         800000ba  c.jal    . - 0x4e
#7584 0 8000006a     7179 r 02         f0040ec0  c.addi16sp -0x3
#7585 0 8000006c     d606 m f0040eec   800000ba  c.swsp   x1, 0x2c
#7586 0 8000006e     d422 m f0040ee8   f0040f20  c.swsp   x8, 0x28
#7587 0 80000070     d226 m f0040ee4   00000005  c.swsp   x9, 0x24
#7588 0 80000072     1800 r 08         f0040ef0  c.addi4spn  x8, 0xc
#7589 0 80000074 fca42e23 m f0040ecc   f0040fec  sw       x10, -0x24(x8)
#7590 0 80000078 fcb42c23 m f0040ec8   00000001  sw       x11, -0x28(x8)
#7591 0 8000007c fd842783 r 0f         00000001  lw       x15, -0x28(x8)
#7592 0 80000080 00f04463 r 00         00000000  blt      x0, x15, . + 0x8
#7593 0 80000088 800007b7 r 0f         80000000  lui      x15, -0x80000
#7594 0 8000008c fef42623 m f0040edc   80000000  sw       x15, -0x14(x8)
#7595 0 80000090 fe042423 m f0040ed8   00000000  sw       x0, -0x18(x8)
#7596 0 80000094     a081 r 00         00000000  c.j      . + 0x40
#7597 0 800000d4 fe842703 r 0e         00000000  lw       x14, -0x18(x8)
#7598 0 800000d8 fd842783 r 0f         00000001  lw       x15, -0x28(x8)
#7599 0 800000dc faf74de3 r 00         00000000  blt      x14, x15, . - 0x46
#7600 0 80000096 fe842783 r 0f         00000000  lw       x15, -0x18(x8)
#7601 0 8000009a     078a r 0f         00000000  c.slli   x15, 2
#7602 0 8000009c fdc42703 r 0e         f0040fec  lw       x14, -0x24(x8)
#7603 0 800000a0     97ba r 0f         f0040fec  c.add    x15, x14
#7604 0 800000a2     4384 r 09         00000001  c.lw     x9, 0x0(x15)
#7605 0 800000a4 fd842703 r 0e         00000001  lw       x14, -0x28(x8)
#7606 0 800000a8 fe842783 r 0f         00000000  lw       x15, -0x18(x8)
#7607 0 800000ac 40f707b3 r 0f         00000001  sub      x15, x14, x15
#7608 0 800000b0     17fd r 0f         00000000  c.addi   x15, -0x1
#7609 0 800000b2     85be r 0b         00000000  c.mv     x11, x15
#7610 0 800000b4 fdc42503 r 0a         f0040fec  lw       x10, -0x24(x8)
#7611 0 800000b8     3f4d r 01         800000ba  c.jal    . - 0x4e
#7612 0 8000006a     7179 r 02         f0040e90  c.addi16sp -0x3
#7613 0 8000006c     d606 m f0040ebc   800000ba  c.swsp   x1, 0x2c
#7614 0 8000006e     d422 m f0040eb8   f0040ef0  c.swsp   x8, 0x28
#7615 0 80000070     d226 m f0040eb4   00000001  c.swsp   x9, 0x24
#7616 0 80000072     1800 r 08         f0040ec0  c.addi4spn  x8, 0xc
#7617 0 80000074 fca42e23 m f0040e9c   f0040fec  sw       x10, -0x24(x8)
#7618 0 80000078 fcb42c23 m f0040e98   00000000  sw       x11, -0x28(x8)
#7619 0 8000007c fd842783 r 0f         00000000  lw       x15, -0x28(x8)
#7620 0 80000080 00f04463 r 00         00000000  blt      x0, x15, . + 0x8
#7621 0 80000084     4781 r 0f         00000000  c.li     x15, 0x0
#7622 0 80000086     a8b9 r 00         00000000  c.j      . + 0x5e
#7623 0 800000e4     853e r 0a         00000000  c.mv     x10, x15
#7624 0 800000e6     50b2 r 01         800000ba  c.lwsp   x1, 0x2c
#7625 0 800000e8     5422 r 08         f0040ef0  c.lwsp   x8, 0x28
#7626 0 800000ea     5492 r 09         00000001  c.lwsp   x9, 0x24
#7627 0 800000ec     6145 r 02         f0040ec0  c.addi16sp 0x3
#7628 0 800000ee     8082 r 00         00000000  c.jr     x1
#7629 0 800000ba     87aa r 0f         00000000  c.mv     x15, x10
#7630 0 800000bc     97a6 r 0f         00000001  c.add    x15, x9
#7631 0 800000be     85be r 0b         00000001  c.mv     x11, x15
#7632 0 800000c0 fec42503 r 0a         80000000  lw       x10, -0x14(x8)
#7633 0 800000c4     3749 r 01         800000c6  c.jal    . - 0x7e
#7634 0 80000046     1101 r 02         f0040ea0  c.addi   x2, -0x20
#7635 0 80000048     ce22 m f0040ebc   f0040ef0  c.swsp   x8, 0x1c
#7636 0 8000004a     1000 r 08         f0040ec0  c.addi4spn  x8, 0x8
#7637 0 8000004c fea42623 m f0040eac   80000000  sw       x10, -0x14(x8)
#7638 0 80000050 feb42423 m f0040ea8   00000001  sw       x11, -0x18(x8)
#7639 0 80000054 fec42703 r 0e         80000000  lw       x14, -0x14(x8)
#7640 0 80000058 fe842783 r 0f         00000001  lw       x15, -0x18(x8)
#7641 0 8000005c 00e7d363 r 00         00000000  bge      x15, x14, . + 0x6
#7642 0 80000062     853e r 0a         00000001  c.mv     x10, x15
#7643 0 80000064     4472 r 08         f0040ef0  c.lwsp   x8, 0x1c
#7644 0 80000066     6105 r 02         f0040ec0  c.addi16sp 0x2
#7645 0 80000068     8082 r 00         00000000  c.jr     x1
#7646 0 800000c6 fea42623 m f0040edc   00000001  sw       x10, -0x14(x8)
#7647 0 800000ca fe842783 r 0f         00000000  lw       x15, -0x18(x8)
#7648 0 800000ce     0785 r 0f         00000001  c.addi   x15, 0x1
#7649 0 800000d0 fef42423 m f0040ed8   00000001  sw       x15, -0x18(x8)
#7650 0 800000d4 fe842703 r 0e         00000001  lw       x14, -0x18(x8)
#7651 0 800000d8 fd842783 r 0f         00000001  lw       x15, -0x28(x8)
#7652 0 800000dc faf74de3 r 00         00000000  blt      x14, x15, . - 0x46
#7653 0 800000e0 fec42783 r 0f         00000001  lw       x15, -0x14(x8)
#7654 0 800000e4     853e r 0a         00000001  c.mv     x10, x15
#7655 0 800000e6     50b2 r 01         800000ba  c.lwsp   x1, 0x2c
#7656 0 800000e8     5422 r 08         f0040f20  c.lwsp   x8, 0x28
#7657 0 800000ea     5492 r 09         00000005  c.lwsp   x9, 0x24
#7658 0 800000ec     6145 r 02         f0040ef0  c.addi16sp 0x3
#7659 0 800000ee     8082 r 00         00000000  c.jr     x1
#7660 0 800000ba     87aa r 0f         00000001  c.mv     x15, x10
#7661 0 800000bc     97a6 r 0f         00000006  c.add    x15, x9
#7662 0 800000be     85be r 0b         00000006  c.mv     x11, x15
#7663 0 800000c0 fec42503 r 0a         00000006  lw       x10, -0x14(x8)
#7664 0 800000c4     3749 r 01         800000c6  c.jal    . - 0x7e
#7665 0 80000046     1101 r 02         f0040ed0  c.addi   x2, -0x20
#7666 0 80000048     ce22 m f0040eec   f0040f20  c.swsp   x8, 0x1c
#7667 0 8000004a     1000 r 08         f0040ef0  c.addi4spn  x8, 0x8
#7668 0 8000004c fea42623 m f0040edc   00000006  sw       x10, -0x14(x8)
#7669 0 80000050 feb42423 m f0040ed8   00000006  sw       x11, -0x18(x8)
#7670 0 80000054 fec42703 r 0e         00000006  lw       x14, -0x14(x8)
#7671 0 80000058 fe842783 r 0f         00000006  lw       x15, -0x18(x8)
#7672 0 8000005c 00e7d363 r 00         00000000  bge      x15, x14, . + 0x6
#7673 0 80000062     853e r 0a         00000006  c.mv     x10, x15
#7674 0 80000064     4472 r 08         f0040f20  c.lwsp   x8, 0x1c
#7675 0 80000066     6105 r 02         f0040ef0  c.addi16sp 0x2
#7676 0 80000068     8082 r 00         00000000  c.jr     x1
#7677 0 800000c6 fea42623 m f0040f0c   00000006  sw       x10, -0x14(x8)
#7678 0 800000ca fe842783 r 0f         00000001  lw       x15, -0x18(x8)
#7679 0 800000ce     0785 r 0f         00000002  c.addi   x15, 0x1
#7680 0 800000d0 fef42423 m f0040f08   00000002  sw       x15, -0x18(x8)
#7681 0 800000d4 fe842703 r 0e         00000002  lw       x14, -0x18(x8)
#7682 0 800000d8 fd842783 r 0f         00000003  lw       x15, -0x28(x8)
#7683 0 800000dc faf74de3 r 00         00000000  blt      x14, x15, . - 0x46
#7684 0 80000096 fe842783 r 0f         00000002  lw       x15, -0x18(x8)
#7685 0 8000009a     078a r 0f         00000008  c.slli   x15, 2
#7686 0 8000009c fdc42703 r 0e         f0040fec  lw       x14, -0x24(x8)
#7687 0 800000a0     97ba r 0f         f0040ff4  c.add    x15, x14
#7688 0 800000a2     4384 r 09         00000008  c.lw     x9, 0x0(x15)
#7689 0 800000a4 fd842703 r 0e         00000003  lw       x14, -0x28(x8)
#7690 0 800000a8 fe842783 r 0f         00000002  lw       x15, -0x18(x8)
#7691 0 800000ac 40f707b3 r 0f         00000001  sub      x15, x14, x15
#7692 0 800000b0     17fd r 0f         00000000  c.addi   x15, -0x1
#7693 0 800000b2     85be r 0b         00000000  c.mv     x11, x15
#7694 0 800000b4 fdc42503 r 0a         f0040fec  lw       x10, -0x24(x8)
#7695 0 800000b8     3f4d r 01         800000ba  c.jal    . - 0x4e
#7696 0 8000006a     7179 r 02         f0040ec0  c.addi16sp -0x3
#7697 0 8000006c     d606 m f0040eec   800000ba  c.swsp   x1, 0x2c
#7698 0 8000006e     d422 m f0040ee8   f0040f20  c.swsp   x8, 0x28
#7699 0 80000070     d226 m f0040ee4   00000008  c.swsp   x9, 0x24
#7700 0 80000072     1800 r 08         f0040ef0  c.addi4spn  x8, 0xc
#7701 0 80000074 fca42e23 m f0040ecc   f0040fec  sw       x10, -0x24(x8)
#7702 0 80000078 fcb42c23 m f0040ec8   00000000  sw       x11, -0x28(x8)
#7703 0 8000007c fd842783 r 0f         00000000  lw       x15, -0x28(x8)
#7704 0 80000080 00f04463 r 00         00000000  blt      x0, x15, . + 0x8
#7705 0 80000084     4781 r 0f         00000000  c.li     x15, 0x0
#7706 0 80000086     a8b9 r 00         00000000  c.j      . + 0x5e
#7707 0 800000e4     853e r 0a         00000000  c.mv     x10, x15
#7708 0 800000e6     50b2 r 01         800000ba  c.lwsp   x1, 0x2c
#7709 0 800000e8     5422 r 08         f0040f20  c.lwsp   x8, 0x28
#7710 0 800000ea     5492 r 09         00000008  c.lwsp   x9, 0x24
#7711 0 800000ec     6145 r 02         f0040ef0  c.addi16sp 0x3
#7712 0 800000ee     8082 r 00         00000000  c.jr     x1
#7713 0 800000ba     87aa r 0f         00000000  c.mv     x15, x10
#7714 0 800000bc     97a6 r 0f         00000008  c.add    x15, x9
#7715 0 800000be     85be r 0b         00000008  c.mv     x11, x15
#7716 0 800000c0 fec42503 r 0a         00000006  lw       x10, -0x14(x8)
#7717 0 800000c4     3749 r 01         800000c6  c.jal    . - 0x7e
#7718 0 80000046     1101 r 02         f0040ed0  c.addi   x2, -0x20
#7719 0 80000048     ce22 m f0040eec   f0040f20  c.swsp   x8, 0x1c
#7720 0 8000004a     1000 r 08         f0040ef0  c.addi4spn  x8, 0x8
#7721 0 8000004c fea42623 m f0040edc   00000006  sw       x10, -0x14(x8)
#7722 0 80000050 feb42423 m f0040ed8   00000008  sw       x11, -0x18(x8)
#7723 0 80000054 fec42703 r 0e         00000006  lw       x14, -0x14(x8)
#7724 0 80000058 fe842783 r 0f         00000008  lw       x15, -0x18(x8)
#7725 0 8000005c 00e7d363 r 00         00000000  bge      x15, x14, . + 0x6
#7726 0 80000062     853e r 0a         00000008  c.mv     x10, x15
#7727 0 80000064     4472 r 08         f0040f20  c.lwsp   x8, 0x1c
#7728 0 80000066     6105 r 02         f0040ef0  c.addi16sp 0x2
#7729 0 80000068     8082 r 00         00000000  c.jr     x1
#7730 0 800000c6 fea42623 m f0040f0c   00000008  sw       x10, -0x14(x8)
#7731 0 800000ca fe842783 r 0f         00000002  lw       x15, -0x18(x8)
#7732 0 800000ce     0785 r 0f         00000003  c.addi   x15, 0x1
#7733 0 800000d0 fef42423 m f0040f08   00000003  sw       x15, -0x18(x8)
#7734 0 800000d4 fe842703 r 0e         00000003  lw       x14, -0x18(x8)
#7735 0 800000d8 fd842783 r 0f         00000003  lw       x15, -0x28(x8)
#7736 0 800000dc faf74de3 r 00         00000000  blt      x14, x15, . - 0x46
#7737 0 800000e0 fec42783 r 0f         00000008  lw       x15, -0x14(x8)
#7738 0 800000e4     853e r 0a         00000008  c.mv     x10, x15
#7739 0 800000e6     50b2 r 01         800000ba  c.lwsp   x1, 0x2c
#7740 0 800000e8     5422 r 08         f0040f50  c.lwsp   x8, 0x28
#7741 0 800000ea     5492 r 09         00000001  c.lwsp   x9, 0x24
#7742 0 800000ec     6145 r 02         f0040f20  c.addi16sp 0x3
#7743 0 800000ee     8082 r 00         00000000  c.jr     x1
#7744 0 800000ba     87aa r 0f         00000008  c.mv     x15, x10
#7745 0 800000bc     97a6 r 0f         00000009  c.add    x15, x9
#7746 0 800000be     85be r 0b         00000009  c.mv     x11, x15
#7747 0 800000c0 fec42503 r 0a         80000000  lw       x10, -0x14(x8)
#7748 0 800000c4     3749 r 01         800000c6  c.jal    . - 0x7e
#7749 0 80000046     1101 r 02         f0040f00  c.addi   x2, -0x20
#7750 0 80000048     ce22 m f0040f1c   f0040f50  c.swsp   x8, 0x1c
#7751 0 8000004a     1000 r 08         f0040f20  c.addi4spn  x8, 0x8
#7752 0 8000004c fea42623 m f0040f0c   80000000  sw       x10, -0x14(x8)
#7753 0 80000050 feb42423 m f0040f08   00000009  sw       x11, -0x18(x8)
#7754 0 80000054 fec42703 r 0e         80000000  lw       x14, -0x14(x8)
#7755 0 80000058 fe842783 r 0f         00000009  lw       x15, -0x18(x8)
#7756 0 8000005c 00e7d363 r 00         00000000  bge      x15, x14, . + 0x6
#7757 0 80000062     853e r 0a         00000009  c.mv     x10, x15
#7758 0 80000064     4472 r 08         f0040f50  c.lwsp   x8, 0x1c
#7759 0 80000066     6105 r 02         f0040f20  c.addi16sp 0x2
#7760 0 80000068     8082 r 00         00000000  c.jr     x1
#7761 0 800000c6 fea42623 m f0040f3c   00000009  sw       x10, -0x14(x8)
#7762 0 800000ca fe842783 r 0f         00000000  lw       x15, -0x18(x8)
#7763 0 800000ce     0785 r 0f         00000001  c.addi   x15, 0x1
#7764 0 800000d0 fef42423 m f0040f38   00000001  sw       x15, -0x18(x8)
#7765 0 800000d4 fe842703 r 0e         00000001  lw       x14, -0x18(x8)
#7766 0 800000d8 fd842783 r 0f         00000004  lw       x15, -0x28(x8)
#7767 0 800000dc faf74de3 r 00         00000000  blt      x14, x15, . - 0x46
#7768 0 80000096 fe842783 r 0f         00000001  lw       x15, -0x18(x8)
#7769 0 8000009a     078a r 0f         00000004  c.slli   x15, 2
#7770 0 8000009c fdc42703 r 0e         f0040fec  lw       x14, -0x24(x8)
#7771 0 800000a0     97ba r 0f         f0040ff0  c.add    x15, x14
#7772 0 800000a2     4384 r 09         00000005  c.lw     x9, 0x0(x15)
#7773 0 800000a4 fd842703 r 0e         00000004  lw       x14, -0x28(x8)
#7774 0 800000a8 fe842783 r 0f         00000001  lw       x15, -0x18(x8)
#7775 0 800000ac 40f707b3 r 0f         00000003  sub      x15, x14, x15
#7776 0 800000b0     17fd r 0f         00000002  c.addi   x15, -0x1
#7777 0 800000b2     85be r 0b         00000002  c.mv     x11, x15
#7778 0 800000b4 fdc42503 r 0a         f0040fec  lw       x10, -0x24(x8)
#7779 0 800000b8     3f4d r 01         800000ba  c.jal    . - 0x4e
#7780 0 8000006a     7179 r 02         f0040ef0  c.addi16sp -0x3
#7781 0 8000006c     d606 m f0040f1c   800000ba  c.swsp   x1, 0x2c
#7782 0 8000006e     d422 m f0040f18   f0040f50  c.swsp   x8, 0x28
#7783 0 80000070     d226 m f0040f14   00000005  c.swsp   x9, 0x24
#7784 0 80000072     1800 r 08         f0040f20  c.addi4spn  x8, 0xc
#7785 0 80000074 fca42e23 m f0040efc   f0040fec  sw       x10, -0x24(x8)
#7786 0 80000078 fcb42c23 m f0040ef8   00000002  sw       x11, -0x28(x8)
#7787 0 8000007c fd842783 r 0f         00000002  lw       x15, -0x28(x8)
#7788 0 80000080 00f04463 r 00         00000000  blt      x0, x15, . + 0x8
#7789 0 80000088 800007b7 r 0f         80000000  lui      x15, -0x80000
#7790 0 8000008c fef42623 m f0040f0c   80000000  sw       x15, -0x14(x8)
#7791 0 80000090 fe042423 m f0040f08   00000000  sw       x0, -0x18(x8)
#7792 0 80000094     a081 r 00         00000000  c.j      . + 0x40
#7793 0 800000d4 fe842703 r 0e         00000000  lw       x14, -0x18(x8)
#7794 0 800000d8 fd842783 r 0f         00000002  lw       x15, -0x28(x8)
#7795 0 800000dc faf74de3 r 00         00000000  blt      x14, x15, . - 0x46
#7796 0 80000096 fe842783 r 0f         00000000  lw       x15, -0x18(x8)
#7797 0 8000009a     078a r 0f         00000000  c.slli   x15, 2
#7798 0 8000009c fdc42703 r 0e         f0040fec  lw       x14, -0x24(x8)
#7799 0 800000a0     97ba r 0f         f0040fec  c.add    x15, x14
#7800 0 800000a2     4384 r 09         00000001  c.lw     x9, 0x0(x15)
#7801 0 800000a4 fd842703 r 0e         00000002  lw       x14, -0x28(x8)
#7802 0 800000a8 fe842783 r 0f         00000000  lw       x15, -0x18(x8)
#7803 0 800000ac 40f707b3 r 0f         00000002  sub      x15, x14, x15
#7804 0 800000b0     17fd r 0f         00000001  c.addi   x15, -0x1
#7805 0 800000b2     85be r 0b         00000001  c.mv     x11, x15
#7806 0 800000b4 fdc42503 r 0a         f0040fec  lw       x10, -0x24(x8)
#7807 0 800000b8     3f4d r 01         800000ba  c.jal    . - 0x4e
#7808 0 8000006a     7179 r 02         f0040ec0  c.addi16sp -0x3
#7809 0 8000006c     d606 m f0040eec   800000ba  c.swsp   x1, 0x2c
#7810 0 8000006e     d422 m f0040ee8   f0040f20  c.swsp   x8, 0x28
#7811 0 80000070     d226 m f0040ee4   00000001  c.swsp   x9, 0x24
#7812 0 80000072     1800 r 08         f0040ef0  c.addi4spn  x8, 0xc
#7813 0 80000074 fca42e23 m f0040ecc   f0040fec  sw       x10, -0x24(x8)
#7814 0 80000078 fcb42c23 m f0040ec8   00000001  sw       x11, -0x28(x8)
#7815 0 8000007c fd842783 r 0f         00000001  lw       x15, -0x28(x8)
#7816 0 80000080 00f04463 r 00         00000000  blt      x0, x15, . + 0x8
#7817 0 80000088 800007b7 r 0f         80000000  lui      x15, -0x80000
#7818 0 8000008c fef42623 m f0040edc   80000000  sw       x15, -0x14(x8)
#7819 0 80000090 fe042423 m f0040ed8   00000000  sw       x0, -0x18(x8)
#7820 0 80000094     a081 r 00         00000000  c.j      . + 0x40
#7821 0 800000d4 fe842703 r 0e         00000000  lw       x14, -0x18(x8)
#7822 0 800000d8 fd842783 r 0f         00000001  lw       x15, -0x28(x8)
#7823 0 800000dc faf74de3 r 00         00000000  blt      x14, x15, . - 0x46
#7824 0 80000096 fe842783 r 0f         00000000  lw       x15, -0x18(x8)
#7825 0 8000009a     078a r 0f         00000000  c.slli   x15, 2
#7826 0 8000009c fdc42703 r 0e         f0040fec  lw       x14, -0x24(x8)
#7827 0 800000a0     97ba r 0f         f0040fec  c.add    x15, x14
#7828 0 800000a2     4384 r 09         00000001  c.lw     x9, 0x0(x15)
#7829 0 800000a4 fd842703 r 0e         00000001  lw       x14, -0x28(x8)
#7830 0 800000a8 fe842783 r 0f         00000000  lw       x15, -0x18(x8)
#7831 0 800000ac 40f707b3 r 0f         00000001  sub      x15, x14, x15
#7832 0 800000b0     17fd r 0f         00000000  c.addi   x15, -0x1
#7833 0 800000b2     85be r 0b         00000000  c.mv     x11, x15
#7834 0 800000b4 fdc42503 r 0a         f0040fec  lw       x10, -0x24(x8)
#7835 0 800000b8     3f4d r 01         800000ba  c.jal    . - 0x4e
#7836 0 8000006a     7179 r 02         f0040e90  c.addi16sp -0x3
#7837 0 8000006c     d606 m f0040ebc   800000ba  c.swsp   x1, 0x2c
#7838 0 8000006e     d422 m f0040eb8   f0040ef0  c.swsp   x8, 0x28
#7839 0 80000070     d226 m f0040eb4   00000001  c.swsp   x9, 0x24
#7840 0 80000072     1800 r 08         f0040ec0  c.addi4spn  x8, 0xc
#7841 0 80000074 fca42e23 m f0040e9c   f0040fec  sw       x10, -0x24(x8)
#7842 0 80000078 fcb42c23 m f0040e98   00000000  sw       x11, -0x28(x8)
#7843 0 8000007c fd842783 r 0f         00000000  lw       x15, -0x28(x8)
#7844 0 80000080 00f04463 r 00         00000000  blt      x0, x15, . + 0x8
#7845 0 80000084     4781 r 0f         00000000  c.li     x15, 0x0
#7846 0 80000086     a8b9 r 00         00000000  c.j      . + 0x5e
#7847 0 800000e4     853e r 0a         00000000  c.mv     x10, x15
#7848 0 800000e6     50b2 r 01         800000ba  c.lwsp   x1, 0x2c
#7849 0 800000e8     5422 r 08         f0040ef0  c.lwsp   x8, 0x28
#7850 0 800000ea     5492 r 09         00000001  c.lwsp   x9, 0x24
#7851 0 800000ec     6145 r 02         f0040ec0  c.addi16sp 0x3
#7852 0 800000ee     8082 r 00         00000000  c.jr     x1
#7853 0 800000ba     87aa r 0f         00000000  c.mv     x15, x10
#7854 0 800000bc     97a6 r 0f         00000001  c.add    x15, x9
#7855 0 800000be     85be r 0b         00000001  c.mv     x11, x15
#7856 0 800000c0 fec42503 r 0a         80000000  lw       x10, -0x14(x8)
#7857 0 800000c4     3749 r 01         800000c6  c.jal    . - 0x7e
#7858 0 80000046     1101 r 02         f0040ea0  c.addi   x2, -0x20
#7859 0 80000048     ce22 m f0040ebc   f0040ef0  c.swsp   x8, 0x1c
#7860 0 8000004a     1000 r 08         f0040ec0  c.addi4spn  x8, 0x8
#7861 0 8000004c fea42623 m f0040eac   80000000  sw       x10, -0x14(x8)
#7862 0 80000050 feb42423 m f0040ea8   00000001  sw       x11, -0x18(x8)
#7863 0 80000054 fec42703 r 0e         80000000  lw       x14, -0x14(x8)
#7864 0 80000058 fe842783 r 0f         00000001  lw       x15, -0x18(x8)
#7865 0 8000005c 00e7d363 r 00         00000000  bge      x15, x14, . + 0x6
#7866 0 80000062     853e r 0a         00000001  c.mv     x10, x15
#7867 0 80000064     4472 r 08         f0040ef0  c.lwsp   x8, 0x1c
#7868 0 80000066     6105 r 02         f0040ec0  c.addi16sp 0x2
#7869 0 80000068     8082 r 00         00000000  c.jr     x1
#7870 0 800000c6 fea42623 m f0040edc   00000001  sw       x10, -0x14(x8)
#7871 0 800000ca fe842783 r 0f         00000000  lw       x15, -0x18(x8)
#7872 0 800000ce     0785 r 0f         00000001  c.addi   x15, 0x1
#7873 0 800000d0 fef42423 m f0040ed8   00000001  sw       x15, -0x18(x8)
#7874 0 800000d4 fe842703 r 0e         00000001  lw       x14, -0x18(x8)
#7875 0 800000d8 fd842783 r 0f         00000001  lw       x15, -0x28(x8)
#7876 0 800000dc faf74de3 r 00         00000000  blt      x14, x15, . - 0x46
#7877 0 800000e0 fec42783 r 0f         00000001  lw       x15, -0x14(x8)
#7878 0 800000e4     853e r 0a         00000001  c.mv     x10, x15
#7879 0 800000e6     50b2 r 01         800000ba  c.lwsp   x1, 0x2c
#7880 0 800000e8     5422 r 08         f0040f20  c.lwsp   x8, 0x28
#7881 0 800000ea     5492 r 09         00000001  c.lwsp   x9, 0x24
#7882 0 800000ec     6145 r 02         f0040ef0  c.addi16sp 0x3
#7883 0 800000ee     8082 r 00         00000000  c.jr     x1
#7884 0 800000ba     87aa r 0f         00000001  c.mv     x15, x10
#7885 0 800000bc     97a6 r 0f         00000002  c.add    x15, x9
#7886 0 800000be     85be r 0b         00000002  c.mv     x11, x15
#7887 0 800000c0 fec42503 r 0a         80000000  lw       x10, -0x14(x8)
#7888 0 800000c4     3749 r 01         800000c6  c.jal    . - 0x7e
#7889 0 80000046     1101 r 02         f0040ed0  c.addi   x2, -0x20
#7890 0 80000048     ce22 m f0040eec   f0040f20  c.swsp   x8, 0x1c
#7891 0 8000004a     1000 r 08         f0040ef0  c.addi4spn  x8, 0x8
#7892 0 8000004c fea42623 m f0040edc   80000000  sw       x10, -0x14(x8)
#7893 0 80000050 feb42423 m f0040ed8   00000002  sw       x11, -0x18(x8)
#7894 0 80000054 fec42703 r 0e         80000000  lw       x14, -0x14(x8)
#7895 0 80000058 fe842783 r 0f         00000002  lw       x15, -0x18(x8)
#7896 0 8000005c 00e7d363 r 00         00000000  bge      x15, x14, . + 0x6
#7897 0 80000062     853e r 0a         00000002  c.mv     x10, x15
#7898 0 80000064     4472 r 08         f0040f20  c.lwsp   x8, 0x1c
#7899 0 80000066     6105 r 02         f0040ef0  c.addi16sp 0x2
#7900 0 80000068     8082 r 00         00000000  c.jr     x1
#7901 0 800000c6 fea42623 m f0040f0c   00000002  sw       x10, -0x14(x8)
#7902 0 800000ca fe842783 r 0f         00000000  lw       x15, -0x18(x8)
#7903 0 800000ce     0785 r 0f         00000001  c.addi   x15, 0x1
#7904 0 800000d0 fef42423 m f0040f08   00000001  sw       x15, -0x18(x8)
#7905 0 800000d4 fe842703 r 0e         00000001  lw       x14, -0x18(x8)
#7906 0 800000d8 fd842783 r 0f         00000002  lw       x15, -0x28(x8)
#7907 0 800000dc faf74de3 r 00         00000000  blt      x14, x15, . - 0x46
#7908 0 80000096 fe842783 r 0f         00000001  lw       x15, -0x18(x8)
#7909 0 8000009a     078a r 0f         00000004  c.slli   x15, 2
#7910 0 8000009c fdc42703 r 0e         f0040fec  lw       x14, -0x24(x8)
#7911 0 800000a0     97ba r 0f         f0040ff0  c.add    x15, x14
#7912 0 800000a2     4384 r 09         00000005  c.lw     x9, 0x0(x15)
#7913 0 800000a4 fd842703 r 0e         00000002  lw       x14, -0x28(x8)
#7914 0 800000a8 fe842783 r 0f         00000001  lw       x15, -0x18(x8)
#7915 0 800000ac 40f707b3 r 0f         00000001  sub      x15, x14, x15
#7916 0 800000b0     17fd r 0f         00000000  c.addi   x15, -0x1
#7917 0 800000b2     85be r 0b         00000000  c.mv     x11, x15
#7918 0 800000b4 fdc42503 r 0a         f0040fec  lw       x10, -0x24(x8)
#7919 0 800000b8     3f4d r 01         800000ba  c.jal    . - 0x4e
#7920 0 8000006a     7179 r 02         f0040ec0  c.addi16sp -0x3
#7921 0 8000006c     d606 m f0040eec   800000ba  c.swsp   x1, 0x2c
#7922 0 8000006e     d422 m f0040ee8   f0040f20  c.swsp   x8, 0x28
#7923 0 80000070     d226 m f0040ee4   00000005  c.swsp   x9, 0x24
#7924 0 80000072     1800 r 08         f0040ef0  c.addi4spn  x8, 0xc
#7925 0 80000074 fca42e23 m f0040ecc   f0040fec  sw       x10, -0x24(x8)
#7926 0 80000078 fcb42c23 m f0040ec8   00000000  sw       x11, -0x28(x8)
#7927 0 8000007c fd842783 r 0f         00000000  lw       x15, -0x28(x8)
#7928 0 80000080 00f04463 r 00         00000000  blt      x0, x15, . + 0x8
#7929 0 80000084     4781 r 0f         00000000  c.li     x15, 0x0
#7930 0 80000086     a8b9 r 00         00000000  c.j      . + 0x5e
#7931 0 800000e4     853e r 0a         00000000  c.mv     x10, x15
#7932 0 800000e6     50b2 r 01         800000ba  c.lwsp   x1, 0x2c
#7933 0 800000e8     5422 r 08         f0040f20  c.lwsp   x8, 0x28
#7934 0 800000ea     5492 r 09         00000005  c.lwsp   x9, 0x24
#7935 0 800000ec     6145 r 02         f0040ef0  c.addi16sp 0x3
#7936 0 800000ee     8082 r 00         00000000  c.jr     x1
#7937 0 800000ba     87aa r 0f         00000000  c.mv     x15, x10
#7938 0 800000bc     97a6 r 0f         00000005  c.add    x15, x9
#7939 0 800000be     85be r 0b         00000005  c.mv     x11, x15
#7940 0 800000c0 fec42503 r 0a         00000002  lw       x10, -0x14(x8)
#7941 0 800000c4     3749 r 01         800000c6  c.jal    . - 0x7e
#7942 0 80000046     1101 r 02         f0040ed0  c.addi   x2, -0x20
#7943 0 80000048     ce22 m f0040eec   f0040f20  c.swsp   x8, 0x1c
#7944 0 8000004a     1000 r 08         f0040ef0  c.addi4spn  x8, 0x8
#7945 0 8000004c fea42623 m f0040edc   00000002  sw       x10, -0x14(x8)
#7946 0 80000050 feb42423 m f0040ed8   00000005  sw       x11, -0x18(x8)
#7947 0 80000054 fec42703 r 0e         00000002  lw       x14, -0x14(x8)
#7948 0 80000058 fe842783 r 0f         00000005  lw       x15, -0x18(x8)
#7949 0 8000005c 00e7d363 r 00         00000000  bge      x15, x14, . + 0x6
#7950 0 80000062     853e r 0a         00000005  c.mv     x10, x15
#7951 0 80000064     4472 r 08         f0040f20  c.lwsp   x8, 0x1c
#7952 0 80000066     6105 r 02         f0040ef0  c.addi16sp 0x2
#7953 0 80000068     8082 r 00         00000000  c.jr     x1
#7954 0 800000c6 fea42623 m f0040f0c   00000005  sw       x10, -0x14(x8)
#7955 0 800000ca fe842783 r 0f         00000001  lw       x15, -0x18(x8)
#7956 0 800000ce     0785 r 0f         00000002  c.addi   x15, 0x1
#7957 0 800000d0 fef42423 m f0040f08   00000002  sw       x15, -0x18(x8)
#7958 0 800000d4 fe842703 r 0e         00000002  lw       x14, -0x18(x8)
#7959 0 800000d8 fd842783 r 0f         00000002  lw       x15, -0x28(x8)
#7960 0 800000dc faf74de3 r 00         00000000  blt      x14, x15, . - 0x46
#7961 0 800000e0 fec42783 r 0f         00000005  lw       x15, -0x14(x8)
#7962 0 800000e4     853e r 0a         00000005  c.mv     x10, x15
#7963 0 800000e6     50b2 r 01         800000ba  c.lwsp   x1, 0x2c
#7964 0 800000e8     5422 r 08         f0040f50  c.lwsp   x8, 0x28
#7965 0 800000ea     5492 r 09         00000005  c.lwsp   x9, 0x24
#7966 0 800000ec     6145 r 02         f0040f20  c.addi16sp 0x3
#7967 0 800000ee     8082 r 00         00000000  c.jr     x1
#7968 0 800000ba     87aa r 0f         00000005  c.mv     x15, x10
#7969 0 800000bc     97a6 r 0f         0000000a  c.add    x15, x9
#7970 0 800000be     85be r 0b         0000000a  c.mv     x11, x15
#7971 0 800000c0 fec42503 r 0a         00000009  lw       x10, -0x14(x8)
#7972 0 800000c4     3749 r 01         800000c6  c.jal    . - 0x7e
#7973 0 80000046     1101 r 02         f0040f00  c.addi   x2, -0x20
#7974 0 80000048     ce22 m f0040f1c   f0040f50  c.swsp   x8, 0x1c
#7975 0 8000004a     1000 r 08         f0040f20  c.addi4spn  x8, 0x8
#7976 0 8000004c fea42623 m f0040f0c   00000009  sw       x10, -0x14(x8)
#7977 0 80000050 feb42423 m f0040f08   0000000a  sw       x11, -0x18(x8)
#7978 0 80000054 fec42703 r 0e         00000009  lw       x14, -0x14(x8)
#7979 0 80000058 fe842783 r 0f         0000000a  lw       x15, -0x18(x8)
#7980 0 8000005c 00e7d363 r 00         00000000  bge      x15, x14, . + 0x6
#7981 0 80000062     853e r 0a         0000000a  c.mv     x10, x15
#7982 0 80000064     4472 r 08         f0040f50  c.lwsp   x8, 0x1c
#7983 0 80000066     6105 r 02         f0040f20  c.addi16sp 0x2
#7984 0 80000068     8082 r 00         00000000  c.jr     x1
#7985 0 800000c6 fea42623 m f0040f3c   0000000a  sw       x10, -0x14(x8)
#7986 0 800000ca fe842783 r 0f         00000001  lw       x15, -0x18(x8)
#7987 0 800000ce     0785 r 0f         00000002  c.addi   x15, 0x1
#7988 0 800000d0 fef42423 m f0040f38   00000002  sw       x15, -0x18(x8)
#7989 0 800000d4 fe842703 r 0e         00000002  lw       x14, -0x18(x8)
#7990 0 800000d8 fd842783 r 0f         00000004  lw       x15, -0x28(x8)
#7991 0 800000dc faf74de3 r 00         00000000  blt      x14, x15, . - 0x46
#7992 0 80000096 fe842783 r 0f         00000002  lw       x15, -0x18(x8)
#7993 0 8000009a     078a r 0f         00000008  c.slli   x15, 2
#7994 0 8000009c fdc42703 r 0e         f0040fec  lw       x14, -0x24(x8)
#7995 0 800000a0     97ba r 0f         f0040ff4  c.add    x15, x14
#7996 0 800000a2     4384 r 09         00000008  c.lw     x9, 0x0(x15)
#7997 0 800000a4 fd842703 r 0e         00000004  lw       x14, -0x28(x8)
#7998 0 800000a8 fe842783 r 0f         00000002  lw       x15, -0x18(x8)
#7999 0 800000ac 40f707b3 r 0f         00000002  sub      x15, x14, x15
#8000 0 800000b0     17fd r 0f         00000001  c.addi   x15, -0x1
#8001 0 800000b2     85be r 0b         00000001  c.mv     x11, x15
#8002 0 800000b4 fdc42503 r 0a         f0040fec  lw       x10, -0x24(x8)
#8003 0 800000b8     3f4d r 01         800000ba  c.jal    . - 0x4e
#8004 0 8000006a     7179 r 02         f0040ef0  c.addi16sp -0x3
#8005 0 8000006c     d606 m f0040f1c   800000ba  c.swsp   x1, 0x2c
#8006 0 8000006e     d422 m f0040f18   f0040f50  c.swsp   x8, 0x28
#8007 0 80000070     d226 m f0040f14   00000008  c.swsp   x9, 0x24
#8008 0 80000072     1800 r 08         f0040f20  c.addi4spn  x8, 0xc
#8009 0 80000074 fca42e23 m f0040efc   f0040fec  sw       x10, -0x24(x8)
#8010 0 80000078 fcb42c23 m f0040ef8   00000001  sw       x11, -0x28(x8)
#8011 0 8000007c fd842783 r 0f         00000001  lw       x15, -0x28(x8)
#8012 0 80000080 00f04463 r 00         00000000  blt      x0, x15, . + 0x8
#8013 0 80000088 800007b7 r 0f         80000000  lui      x15, -0x80000
#8014 0 8000008c fef42623 m f0040f0c   80000000  sw       x15, -0x14(x8)
#8015 0 80000090 fe042423 m f0040f08   00000000  sw       x0, -0x18(x8)
#8016 0 80000094     a081 r 00         00000000  c.j      . + 0x40
#8017 0 800000d4 fe842703 r 0e         00000000  lw       x14, -0x18(x8)
#8018 0 800000d8 fd842783 r 0f         00000001  lw       x15, -0x28(x8)
#8019 0 800000dc faf74de3 r 00         00000000  blt      x14, x15, . - 0x46
#8020 0 80000096 fe842783 r 0f         00000000  lw       x15, -0x18(x8)
#8021 0 8000009a     078a r 0f         00000000  c.slli   x15, 2
#8022 0 8000009c fdc42703 r 0e         f0040fec  lw       x14, -0x24(x8)
#8023 0 800000a0     97ba r 0f         f0040fec  c.add    x15, x14
#8024 0 800000a2     4384 r 09         00000001  c.lw     x9, 0x0(x15)
#8025 0 800000a4 fd842703 r 0e         00000001  lw       x14, -0x28(x8)
#8026 0 800000a8 fe842783 r 0f         00000000  lw       x15, -0x18(x8)
#8027 0 800000ac 40f707b3 r 0f         00000001  sub      x15, x14, x15
#8028 0 800000b0     17fd r 0f         00000000  c.addi   x15, -0x1
#8029 0 800000b2     85be r 0b         00000000  c.mv     x11, x15
#8030 0 800000b4 fdc42503 r 0a         f0040fec  lw       x10, -0x24(x8)
#8031 0 800000b8     3f4d r 01         800000ba  c.jal    . - 0x4e
#8032 0 8000006a     7179 r 02         f0040ec0  c.addi16sp -0x3
#8033 0 8000006c     d606 m f0040eec   800000ba  c.swsp   x1, 0x2c
#8034 0 8000006e     d422 m f0040ee8   f0040f20  c.swsp   x8, 0x28
#8035 0 80000070     d226 m f0040ee4   00000001  c.swsp   x9, 0x24
#8036 0 80000072     1800 r 08         f0040ef0  c.addi4spn  x8, 0xc
#8037 0 80000074 fca42e23 m f0040ecc   f0040fec  sw       x10, -0x24(x8)
#8038 0 80000078 fcb42c23 m f0040ec8   00000000  sw       x11, -0x28(x8)
#8039 0 8000007c fd842783 r 0f         00000000  lw       x15, -0x28(x8)
#8040 0 80000080 00f04463 r 00         00000000  blt      x0, x15, . + 0x8
#8041 0 80000084     4781 r 0f         00000000  c.li     x15, 0x0
#8042 0 80000086     a8b9 r 00         00000000  c.j      . + 0x5e
#8043 0 800000e4     853e r 0a         00000000  c.mv     x10, x15
#8044 0 800000e6     50b2 r 01         800000ba  c.lwsp   x1, 0x2c
#8045 0 800000e8     5422 r 08         f0040f20  c.lwsp   x8, 0x28
#8046 0 800000ea     5492 r 09         00000001  c.lwsp   x9, 0x24
#8047 0 800000ec     6145 r 02         f0040ef0  c.addi16sp 0x3
#8048 0 800000ee     8082 r 00         00000000  c.jr     x1
#8049 0 800000ba     87aa r 0f         00000000  c.mv     x15, x10
#8050 0 800000bc     97a6 r 0f         00000001  c.add    x15, x9
#8051 0 800000be     85be r 0b         00000001  c.mv     x11, x15
#8052 0 800000c0 fec42503 r 0a         80000000  lw       x10, -0x14(x8)
#8053 0 800000c4     3749 r 01         800000c6  c.jal    . - 0x7e
#8054 0 80000046     1101 r 02         f0040ed0  c.addi   x2, -0x20
#8055 0 80000048     ce22 m f0040eec   f0040f20  c.swsp   x8, 0x1c
#8056 0 8000004a     1000 r 08         f0040ef0  c.addi4spn  x8, 0x8
#8057 0 8000004c fea42623 m f0040edc   80000000  sw       x10, -0x14(x8)
#8058 0 80000050 feb42423 m f0040ed8   00000001  sw       x11, -0x18(x8)
#8059 0 80000054 fec42703 r 0e         80000000  lw       x14, -0x14(x8)
#8060 0 80000058 fe842783 r 0f         00000001  lw       x15, -0x18(x8)
#8061 0 8000005c 00e7d363 r 00         00000000  bge      x15, x14, . + 0x6
#8062 0 80000062     853e r 0a         00000001  c.mv     x10, x15
#8063 0 80000064     4472 r 08         f0040f20  c.lwsp   x8, 0x1c
#8064 0 80000066     6105 r 02         f0040ef0  c.addi16sp 0x2
#8065 0 80000068     8082 r 00         00000000  c.jr     x1
#8066 0 800000c6 fea42623 m f0040f0c   00000001  sw       x10, -0x14(x8)
#8067 0 800000ca fe842783 r 0f         00000000  lw       x15, -0x18(x8)
#8068 0 800000ce     0785 r 0f         00000001  c.addi   x15, 0x1
#8069 0 800000d0 fef42423 m f0040f08   00000001  sw       x15, -0x18(x8)
#8070 0 800000d4 fe842703 r 0e         00000001  lw       x14, -0x18(x8)
#8071 0 800000d8 fd842783 r 0f         00000001  lw       x15, -0x28(x8)
#8072 0 800000dc faf74de3 r 00         00000000  blt      x14, x15, . - 0x46
#8073 0 800000e0 fec42783 r 0f         00000001  lw       x15, -0x14(x8)
#8074 0 800000e4     853e r 0a         00000001  c.mv     x10, x15
#8075 0 800000e6     50b2 r 01         800000ba  c.lwsp   x1, 0x2c
#8076 0 800000e8     5422 r 08         f0040f50  c.lwsp   x8, 0x28
#8077 0 800000ea     5492 r 09         00000008  c.lwsp   x9, 0x24
#8078 0 800000ec     6145 r 02         f0040f20  c.addi16sp 0x3
#8079 0 800000ee     8082 r 00         00000000  c.jr     x1
#8080 0 800000ba     87aa r 0f         00000001  c.mv     x15, x10
#8081 0 800000bc     97a6 r 0f         00000009  c.add    x15, x9
#8082 0 800000be     85be r 0b         00000009  c.mv     x11, x15
#8083 0 800000c0 fec42503 r 0a         0000000a  lw       x10, -0x14(x8)
#8084 0 800000c4     3749 r 01         800000c6  c.jal    . - 0x7e
#8085 0 80000046     1101 r 02         f0040f00  c.addi   x2, -0x20
#8086 0 80000048     ce22 m f0040f1c   f0040f50  c.swsp   x8, 0x1c
#8087 0 8000004a     1000 r 08         f0040f20  c.addi4spn  x8, 0x8
#8088 0 8000004c fea42623 m f0040f0c   0000000a  sw       x10, -0x14(x8)
#8089 0 80000050 feb42423 m f0040f08   00000009  sw       x11, -0x18(x8)
#8090 0 80000054 fec42703 r 0e         0000000a  lw       x14, -0x14(x8)
#8091 0 80000058 fe842783 r 0f         00000009  lw       x15, -0x18(x8)
#8092 0 8000005c 00e7d363 r 00         00000000  bge      x15, x14, . + 0x6
#8093 0 80000060     87ba r 0f         0000000a  c.mv     x15, x14
#8094 0 80000062     853e r 0a         0000000a  c.mv     x10, x15
#8095 0 80000064     4472 r 08         f0040f50  c.lwsp   x8, 0x1c
#8096 0 80000066     6105 r 02         f0040f20  c.addi16sp 0x2
#8097 0 80000068     8082 r 00         00000000  c.jr     x1
#8098 0 800000c6 fea42623 m f0040f3c   0000000a  sw       x10, -0x14(x8)
#8099 0 800000ca fe842783 r 0f         00000002  lw       x15, -0x18(x8)
#8100 0 800000ce     0785 r 0f         00000003  c.addi   x15, 0x1
#8101 0 800000d0 fef42423 m f0040f38   00000003  sw       x15, -0x18(x8)
#8102 0 800000d4 fe842703 r 0e         00000003  lw       x14, -0x18(x8)
#8103 0 800000d8 fd842783 r 0f         00000004  lw       x15, -0x28(x8)
#8104 0 800000dc faf74de3 r 00         00000000  blt      x14, x15, . - 0x46
#8105 0 80000096 fe842783 r 0f         00000003  lw       x15, -0x18(x8)
#8106 0 8000009a     078a r 0f         0000000c  c.slli   x15, 2
#8107 0 8000009c fdc42703 r 0e         f0040fec  lw       x14, -0x24(x8)
#8108 0 800000a0     97ba r 0f         f0040ff8  c.add    x15, x14
#8109 0 800000a2     4384 r 09         00000009  c.lw     x9, 0x0(x15)
#8110 0 800000a4 fd842703 r 0e         00000004  lw       x14, -0x28(x8)
#8111 0 800000a8 fe842783 r 0f         00000003  lw       x15, -0x18(x8)
#8112 0 800000ac 40f707b3 r 0f         00000001  sub      x15, x14, x15
#8113 0 800000b0     17fd r 0f         00000000  c.addi   x15, -0x1
#8114 0 800000b2     85be r 0b         00000000  c.mv     x11, x15
#8115 0 800000b4 fdc42503 r 0a         f0040fec  lw       x10, -0x24(x8)
#8116 0 800000b8     3f4d r 01         800000ba  c.jal    . - 0x4e
#8117 0 8000006a     7179 r 02         f0040ef0  c.addi16sp -0x3
#8118 0 8000006c     d606 m f0040f1c   800000ba  c.swsp   x1, 0x2c
#8119 0 8000006e     d422 m f0040f18   f0040f50  c.swsp   x8, 0x28
#8120 0 80000070     d226 m f0040f14   00000009  c.swsp   x9, 0x24
#8121 0 80000072     1800 r 08         f0040f20  c.addi4spn  x8, 0xc
#8122 0 80000074 fca42e23 m f0040efc   f0040fec  sw       x10, -0x24(x8)
#8123 0 80000078 fcb42c23 m f0040ef8   00000000  sw       x11, -0x28(x8)
#8124 0 8000007c fd842783 r 0f         00000000  lw       x15, -0x28(x8)
#8125 0 80000080 00f04463 r 00         00000000  blt      x0, x15, . + 0x8
#8126 0 80000084     4781 r 0f         00000000  c.li     x15, 0x0
#8127 0 80000086     a8b9 r 00         00000000  c.j      . + 0x5e
#8128 0 800000e4     853e r 0a         00000000  c.mv     x10, x15
#8129 0 800000e6     50b2 r 01         800000ba  c.lwsp   x1, 0x2c
#8130 0 800000e8     5422 r 08         f0040f50  c.lwsp   x8, 0x28
#8131 0 800000ea     5492 r 09         00000009  c.lwsp   x9, 0x24
#8132 0 800000ec     6145 r 02         f0040f20  c.addi16sp 0x3
#8133 0 800000ee     8082 r 00         00000000  c.jr     x1
#8134 0 800000ba     87aa r 0f         00000000  c.mv     x15, x10
#8135 0 800000bc     97a6 r 0f         00000009  c.add    x15, x9
#8136 0 800000be     85be r 0b         00000009  c.mv     x11, x15
#8137 0 800000c0 fec42503 r 0a         0000000a  lw       x10, -0x14(x8)
#8138 0 800000c4     3749 r 01         800000c6  c.jal    . - 0x7e
#8139 0 80000046     1101 r 02         f0040f00  c.addi   x2, -0x20
#8140 0 80000048     ce22 m f0040f1c   f0040f50  c.swsp   x8, 0x1c
#8141 0 8000004a     1000 r 08         f0040f20  c.addi4spn  x8, 0x8
#8142 0 8000004c fea42623 m f0040f0c   0000000a  sw       x10, -0x14(x8)
#8143 0 80000050 feb42423 m f0040f08   00000009  sw       x11, -0x18(x8)
#8144 0 80000054 fec42703 r 0e         0000000a  lw       x14, -0x14(x8)
#8145 0 80000058 fe842783 r 0f         00000009  lw       x15, -0x18(x8)
#8146 0 8000005c 00e7d363 r 00         00000000  bge      x15, x14, . + 0x6
#8147 0 80000060     87ba r 0f         0000000a  c.mv     x15, x14
#8148 0 80000062     853e r 0a         0000000a  c.mv     x10, x15
#8149 0 80000064     4472 r 08         f0040f50  c.lwsp   x8, 0x1c
#8150 0 80000066     6105 r 02         f0040f20  c.addi16sp 0x2
#8151 0 80000068     8082 r 00         00000000  c.jr     x1
#8152 0 800000c6 fea42623 m f0040f3c   0000000a  sw       x10, -0x14(x8)
#8153 0 800000ca fe842783 r 0f         00000003  lw       x15, -0x18(x8)
#8154 0 800000ce     0785 r 0f         00000004  c.addi   x15, 0x1
#8155 0 800000d0 fef42423 m f0040f38   00000004  sw       x15, -0x18(x8)
#8156 0 800000d4 fe842703 r 0e         00000004  lw       x14, -0x18(x8)
#8157 0 800000d8 fd842783 r 0f         00000004  lw       x15, -0x28(x8)
#8158 0 800000dc faf74de3 r 00         00000000  blt      x14, x15, . - 0x46
#8159 0 800000e0 fec42783 r 0f         0000000a  lw       x15, -0x14(x8)
#8160 0 800000e4     853e r 0a         0000000a  c.mv     x10, x15
#8161 0 800000e6     50b2 r 01         800000ba  c.lwsp   x1, 0x2c
#8162 0 800000e8     5422 r 08         f0040f80  c.lwsp   x8, 0x28
#8163 0 800000ea     5492 r 09         00000001  c.lwsp   x9, 0x24
#8164 0 800000ec     6145 r 02         f0040f50  c.addi16sp 0x3
#8165 0 800000ee     8082 r 00         00000000  c.jr     x1
#8166 0 800000ba     87aa r 0f         0000000a  c.mv     x15, x10
#8167 0 800000bc     97a6 r 0f         0000000b  c.add    x15, x9
#8168 0 800000be     85be r 0b         0000000b  c.mv     x11, x15
#8169 0 800000c0 fec42503 r 0a         80000000  lw       x10, -0x14(x8)
#8170 0 800000c4     3749 r 01         800000c6  c.jal    . - 0x7e
#8171 0 80000046     1101 r 02         f0040f30  c.addi   x2, -0x20
#8172 0 80000048     ce22 m f0040f4c   f0040f80  c.swsp   x8, 0x1c
#8173 0 8000004a     1000 r 08         f0040f50  c.addi4spn  x8, 0x8
#8174 0 8000004c fea42623 m f0040f3c   80000000  sw       x10, -0x14(x8)
#8175 0 80000050 feb42423 m f0040f38   0000000b  sw       x11, -0x18(x8)
#8176 0 80000054 fec42703 r 0e         80000000  lw       x14, -0x14(x8)
#8177 0 80000058 fe842783 r 0f         0000000b  lw       x15, -0x18(x8)
#8178 0 8000005c 00e7d363 r 00         00000000  bge      x15, x14, . + 0x6
#8179 0 80000062     853e r 0a         0000000b  c.mv     x10, x15
#8180 0 80000064     4472 r 08         f0040f80  c.lwsp   x8, 0x1c
#8181 0 80000066     6105 r 02         f0040f50  c.addi16sp 0x2
#8182 0 80000068     8082 r 00         00000000  c.jr     x1
#8183 0 800000c6 fea42623 m f0040f6c   0000000b  sw       x10, -0x14(x8)
#8184 0 800000ca fe842783 r 0f         00000000  lw       x15, -0x18(x8)
#8185 0 800000ce     0785 r 0f         00000001  c.addi   x15, 0x1
#8186 0 800000d0 fef42423 m f0040f68   00000001  sw       x15, -0x18(x8)
#8187 0 800000d4 fe842703 r 0e         00000001  lw       x14, -0x18(x8)
#8188 0 800000d8 fd842783 r 0f         00000005  lw       x15, -0x28(x8)
#8189 0 800000dc faf74de3 r 00         00000000  blt      x14, x15, . - 0x46
#8190 0 80000096 fe842783 r 0f         00000001  lw       x15, -0x18(x8)
#8191 0 8000009a     078a r 0f         00000004  c.slli   x15, 2
#8192 0 8000009c fdc42703 r 0e         f0040fec  lw       x14, -0x24(x8)
#8193 0 800000a0     97ba r 0f         f0040ff0  c.add    x15, x14
#8194 0 800000a2     4384 r 09         00000005  c.lw     x9, 0x0(x15)
#8195 0 800000a4 fd842703 r 0e         00000005  lw       x14, -0x28(x8)
#8196 0 800000a8 fe842783 r 0f         00000001  lw       x15, -0x18(x8)
#8197 0 800000ac 40f707b3 r 0f         00000004  sub      x15, x14, x15
#8198 0 800000b0     17fd r 0f         00000003  c.addi   x15, -0x1
#8199 0 800000b2     85be r 0b         00000003  c.mv     x11, x15
#8200 0 800000b4 fdc42503 r 0a         f0040fec  lw       x10, -0x24(x8)
#8201 0 800000b8     3f4d r 01         800000ba  c.jal    . - 0x4e
#8202 0 8000006a     7179 r 02         f0040f20  c.addi16sp -0x3
#8203 0 8000006c     d606 m f0040f4c   800000ba  c.swsp   x1, 0x2c
#8204 0 8000006e     d422 m f0040f48   f0040f80  c.swsp   x8, 0x28
#8205 0 80000070     d226 m f0040f44   00000005  c.swsp   x9, 0x24
#8206 0 80000072     1800 r 08         f0040f50  c.addi4spn  x8, 0xc
#8207 0 80000074 fca42e23 m f0040f2c   f0040fec  sw       x10, -0x24(x8)
#8208 0 80000078 fcb42c23 m f0040f28   00000003  sw       x11, -0x28(x8)
#8209 0 8000007c fd842783 r 0f         00000003  lw       x15, -0x28(x8)
#8210 0 80000080 00f04463 r 00         00000000  blt      x0, x15, . + 0x8
#8211 0 80000088 800007b7 r 0f         80000000  lui      x15, -0x80000
#8212 0 8000008c fef42623 m f0040f3c   80000000  sw       x15, -0x14(x8)
#8213 0 80000090 fe042423 m f0040f38   00000000  sw       x0, -0x18(x8)
#8214 0 80000094     a081 r 00         00000000  c.j      . + 0x40
#8215 0 800000d4 fe842703 r 0e         00000000  lw       x14, -0x18(x8)
#8216 0 800000d8 fd842783 r 0f         00000003  lw       x15, -0x28(x8)
#8217 0 800000dc faf74de3 r 00         00000000  blt      x14, x15, . - 0x46
#8218 0 80000096 fe842783 r 0f         00000000  lw       x15, -0x18(x8)
#8219 0 8000009a     078a r 0f         00000000  c.slli   x15, 2
#8220 0 8000009c fdc42703 r 0e         f0040fec  lw       x14, -0x24(x8)
#8221 0 800000a0     97ba r 0f         f0040fec  c.add    x15, x14
#8222 0 800000a2     4384 r 09         00000001  c.lw     x9, 0x0(x15)
#8223 0 800000a4 fd842703 r 0e         00000003  lw       x14, -0x28(x8)
#8224 0 800000a8 fe842783 r 0f         00000000  lw       x15, -0x18(x8)
#8225 0 800000ac 40f707b3 r 0f         00000003  sub      x15, x14, x15
#8226 0 800000b0     17fd r 0f         00000002  c.addi   x15, -0x1
#8227 0 800000b2     85be r 0b         00000002  c.mv     x11, x15
#8228 0 800000b4 fdc42503 r 0a         f0040fec  lw       x10, -0x24(x8)
#8229 0 800000b8     3f4d r 01         800000ba  c.jal    . - 0x4e
#8230 0 8000006a     7179 r 02         f0040ef0  c.addi16sp -0x3
#8231 0 8000006c     d606 m f0040f1c   800000ba  c.swsp   x1, 0x2c
#8232 0 8000006e     d422 m f0040f18   f0040f50  c.swsp   x8, 0x28
#8233 0 80000070     d226 m f0040f14   00000001  c.swsp   x9, 0x24
#8234 0 80000072     1800 r 08         f0040f20  c.addi4spn  x8, 0xc
#8235 0 80000074 fca42e23 m f0040efc   f0040fec  sw       x10, -0x24(x8)
#8236 0 80000078 fcb42c23 m f0040ef8   00000002  sw       x11, -0x28(x8)
#8237 0 8000007c fd842783 r 0f         00000002  lw       x15, -0x28(x8)
#8238 0 80000080 00f04463 r 00         00000000  blt      x0, x15, . + 0x8
#8239 0 80000088 800007b7 r 0f         80000000  lui      x15, -0x80000
#8240 0 8000008c fef42623 m f0040f0c   80000000  sw       x15, -0x14(x8)
#8241 0 80000090 fe042423 m f0040f08   00000000  sw       x0, -0x18(x8)
#8242 0 80000094     a081 r 00         00000000  c.j      . + 0x40
#8243 0 800000d4 fe842703 r 0e         00000000  lw       x14, -0x18(x8)
#8244 0 800000d8 fd842783 r 0f         00000002  lw       x15, -0x28(x8)
#8245 0 800000dc faf74de3 r 00         00000000  blt      x14, x15, . - 0x46
#8246 0 80000096 fe842783 r 0f         00000000  lw       x15, -0x18(x8)
#8247 0 8000009a     078a r 0f         00000000  c.slli   x15, 2
#8248 0 8000009c fdc42703 r 0e         f0040fec  lw       x14, -0x24(x8)
#8249 0 800000a0     97ba r 0f         f0040fec  c.add    x15, x14
#8250 0 800000a2     4384 r 09         00000001  c.lw     x9, 0x0(x15)
#8251 0 800000a4 fd842703 r 0e         00000002  lw       x14, -0x28(x8)
#8252 0 800000a8 fe842783 r 0f         00000000  lw       x15, -0x18(x8)
#8253 0 800000ac 40f707b3 r 0f         00000002  sub      x15, x14, x15
#8254 0 800000b0     17fd r 0f         00000001  c.addi   x15, -0x1
#8255 0 800000b2     85be r 0b         00000001  c.mv     x11, x15
#8256 0 800000b4 fdc42503 r 0a         f0040fec  lw       x10, -0x24(x8)
#8257 0 800000b8     3f4d r 01         800000ba  c.jal    . - 0x4e
#8258 0 8000006a     7179 r 02         f0040ec0  c.addi16sp -0x3
#8259 0 8000006c     d606 m f0040eec   800000ba  c.swsp   x1, 0x2c
#8260 0 8000006e     d422 m f0040ee8   f0040f20  c.swsp   x8, 0x28
#8261 0 80000070     d226 m f0040ee4   00000001  c.swsp   x9, 0x24
#8262 0 80000072     1800 r 08         f0040ef0  c.addi4spn  x8, 0xc
#8263 0 80000074 fca42e23 m f0040ecc   f0040fec  sw       x10, -0x24(x8)
#8264 0 80000078 fcb42c23 m f0040ec8   00000001  sw       x11, -0x28(x8)
#8265 0 8000007c fd842783 r 0f         00000001  lw       x15, -0x28(x8)
#8266 0 80000080 00f04463 r 00         00000000  blt      x0, x15, . + 0x8
#8267 0 80000088 800007b7 r 0f         80000000  lui      x15, -0x80000
#8268 0 8000008c fef42623 m f0040edc   80000000  sw       x15, -0x14(x8)
#8269 0 80000090 fe042423 m f0040ed8   00000000  sw       x0, -0x18(x8)
#8270 0 80000094     a081 r 00         00000000  c.j      . + 0x40
#8271 0 800000d4 fe842703 r 0e         00000000  lw       x14, -0x18(x8)
#8272 0 800000d8 fd842783 r 0f         00000001  lw       x15, -0x28(x8)
#8273 0 800000dc faf74de3 r 00         00000000  blt      x14, x15, . - 0x46
#8274 0 80000096 fe842783 r 0f         00000000  lw       x15, -0x18(x8)
#8275 0 8000009a     078a r 0f         00000000  c.slli   x15, 2
#8276 0 8000009c fdc42703 r 0e         f0040fec  lw       x14, -0x24(x8)
#8277 0 800000a0     97ba r 0f         f0040fec  c.add    x15, x14
#8278 0 800000a2     4384 r 09         00000001  c.lw     x9, 0x0(x15)
#8279 0 800000a4 fd842703 r 0e         00000001  lw       x14, -0x28(x8)
#8280 0 800000a8 fe842783 r 0f         00000000  lw       x15, -0x18(x8)
#8281 0 800000ac 40f707b3 r 0f         00000001  sub      x15, x14, x15
#8282 0 800000b0     17fd r 0f         00000000  c.addi   x15, -0x1
#8283 0 800000b2     85be r 0b         00000000  c.mv     x11, x15
#8284 0 800000b4 fdc42503 r 0a         f0040fec  lw       x10, -0x24(x8)
#8285 0 800000b8     3f4d r 01         800000ba  c.jal    . - 0x4e
#8286 0 8000006a     7179 r 02         f0040e90  c.addi16sp -0x3
#8287 0 8000006c     d606 m f0040ebc   800000ba  c.swsp   x1, 0x2c
#8288 0 8000006e     d422 m f0040eb8   f0040ef0  c.swsp   x8, 0x28
#8289 0 80000070     d226 m f0040eb4   00000001  c.swsp   x9, 0x24
#8290 0 80000072     1800 r 08         f0040ec0  c.addi4spn  x8, 0xc
#8291 0 80000074 fca42e23 m f0040e9c   f0040fec  sw       x10, -0x24(x8)
#8292 0 80000078 fcb42c23 m f0040e98   00000000  sw       x11, -0x28(x8)
#8293 0 8000007c fd842783 r 0f         00000000  lw       x15, -0x28(x8)
#8294 0 80000080 00f04463 r 00         00000000  blt      x0, x15, . + 0x8
#8295 0 80000084     4781 r 0f         00000000  c.li     x15, 0x0
#8296 0 80000086     a8b9 r 00         00000000  c.j      . + 0x5e
#8297 0 800000e4     853e r 0a         00000000  c.mv     x10, x15
#8298 0 800000e6     50b2 r 01         800000ba  c.lwsp   x1, 0x2c
#8299 0 800000e8     5422 r 08         f0040ef0  c.lwsp   x8, 0x28
#8300 0 800000ea     5492 r 09         00000001  c.lwsp   x9, 0x24
#8301 0 800000ec     6145 r 02         f0040ec0  c.addi16sp 0x3
#8302 0 800000ee     8082 r 00         00000000  c.jr     x1
#8303 0 800000ba     87aa r 0f         00000000  c.mv     x15, x10
#8304 0 800000bc     97a6 r 0f         00000001  c.add    x15, x9
#8305 0 800000be     85be r 0b         00000001  c.mv     x11, x15
#8306 0 800000c0 fec42503 r 0a         80000000  lw       x10, -0x14(x8)
#8307 0 800000c4     3749 r 01         800000c6  c.jal    . - 0x7e
#8308 0 80000046     1101 r 02         f0040ea0  c.addi   x2, -0x20
#8309 0 80000048     ce22 m f0040ebc   f0040ef0  c.swsp   x8, 0x1c
#8310 0 8000004a     1000 r 08         f0040ec0  c.addi4spn  x8, 0x8
#8311 0 8000004c fea42623 m f0040eac   80000000  sw       x10, -0x14(x8)
#8312 0 80000050 feb42423 m f0040ea8   00000001  sw       x11, -0x18(x8)
#8313 0 80000054 fec42703 r 0e         80000000  lw       x14, -0x14(x8)
#8314 0 80000058 fe842783 r 0f         00000001  lw       x15, -0x18(x8)
#8315 0 8000005c 00e7d363 r 00         00000000  bge      x15, x14, . + 0x6
#8316 0 80000062     853e r 0a         00000001  c.mv     x10, x15
#8317 0 80000064     4472 r 08         f0040ef0  c.lwsp   x8, 0x1c
#8318 0 80000066     6105 r 02         f0040ec0  c.addi16sp 0x2
#8319 0 80000068     8082 r 00         00000000  c.jr     x1
#8320 0 800000c6 fea42623 m f0040edc   00000001  sw       x10, -0x14(x8)
#8321 0 800000ca fe842783 r 0f         00000000  lw       x15, -0x18(x8)
#8322 0 800000ce     0785 r 0f         00000001  c.addi   x15, 0x1
#8323 0 800000d0 fef42423 m f0040ed8   00000001  sw       x15, -0x18(x8)
#8324 0 800000d4 fe842703 r 0e         00000001  lw       x14, -0x18(x8)
#8325 0 800000d8 fd842783 r 0f         00000001  lw       x15, -0x28(x8)
#8326 0 800000dc faf74de3 r 00         00000000  blt      x14, x15, . - 0x46
#8327 0 800000e0 fec42783 r 0f         00000001  lw       x15, -0x14(x8)
#8328 0 800000e4     853e r 0a         00000001  c.mv     x10, x15
#8329 0 800000e6     50b2 r 01         800000ba  c.lwsp   x1, 0x2c
#8330 0 800000e8     5422 r 08         f0040f20  c.lwsp   x8, 0x28
#8331 0 800000ea     5492 r 09         00000001  c.lwsp   x9, 0x24
#8332 0 800000ec     6145 r 02         f0040ef0  c.addi16sp 0x3
#8333 0 800000ee     8082 r 00         00000000  c.jr     x1
#8334 0 800000ba     87aa r 0f         00000001  c.mv     x15, x10
#8335 0 800000bc     97a6 r 0f         00000002  c.add    x15, x9
#8336 0 800000be     85be r 0b         00000002  c.mv     x11, x15
#8337 0 800000c0 fec42503 r 0a         80000000  lw       x10, -0x14(x8)
#8338 0 800000c4     3749 r 01         800000c6  c.jal    . - 0x7e
#8339 0 80000046     1101 r 02         f0040ed0  c.addi   x2, -0x20
#8340 0 80000048     ce22 m f0040eec   f0040f20  c.swsp   x8, 0x1c
#8341 0 8000004a     1000 r 08         f0040ef0  c.addi4spn  x8, 0x8
#8342 0 8000004c fea42623 m f0040edc   80000000  sw       x10, -0x14(x8)
#8343 0 80000050 feb42423 m f0040ed8   00000002  sw       x11, -0x18(x8)
#8344 0 80000054 fec42703 r 0e         80000000  lw       x14, -0x14(x8)
#8345 0 80000058 fe842783 r 0f         00000002  lw       x15, -0x18(x8)
#8346 0 8000005c 00e7d363 r 00         00000000  bge      x15, x14, . + 0x6
#8347 0 80000062     853e r 0a         00000002  c.mv     x10, x15
#8348 0 80000064     4472 r 08         f0040f20  c.lwsp   x8, 0x1c
#8349 0 80000066     6105 r 02         f0040ef0  c.addi16sp 0x2
#8350 0 80000068     8082 r 00         00000000  c.jr     x1
#8351 0 800000c6 fea42623 m f0040f0c   00000002  sw       x10, -0x14(x8)
#8352 0 800000ca fe842783 r 0f         00000000  lw       x15, -0x18(x8)
#8353 0 800000ce     0785 r 0f         00000001  c.addi   x15, 0x1
#8354 0 800000d0 fef42423 m f0040f08   00000001  sw       x15, -0x18(x8)
#8355 0 800000d4 fe842703 r 0e         00000001  lw       x14, -0x18(x8)
#8356 0 800000d8 fd842783 r 0f         00000002  lw       x15, -0x28(x8)
#8357 0 800000dc faf74de3 r 00         00000000  blt      x14, x15, . - 0x46
#8358 0 80000096 fe842783 r 0f         00000001  lw       x15, -0x18(x8)
#8359 0 8000009a     078a r 0f         00000004  c.slli   x15, 2
#8360 0 8000009c fdc42703 r 0e         f0040fec  lw       x14, -0x24(x8)
#8361 0 800000a0     97ba r 0f         f0040ff0  c.add    x15, x14
#8362 0 800000a2     4384 r 09         00000005  c.lw     x9, 0x0(x15)
#8363 0 800000a4 fd842703 r 0e         00000002  lw       x14, -0x28(x8)
#8364 0 800000a8 fe842783 r 0f         00000001  lw       x15, -0x18(x8)
#8365 0 800000ac 40f707b3 r 0f         00000001  sub      x15, x14, x15
#8366 0 800000b0     17fd r 0f         00000000  c.addi   x15, -0x1
#8367 0 800000b2     85be r 0b         00000000  c.mv     x11, x15
#8368 0 800000b4 fdc42503 r 0a         f0040fec  lw       x10, -0x24(x8)
#8369 0 800000b8     3f4d r 01         800000ba  c.jal    . - 0x4e
#8370 0 8000006a     7179 r 02         f0040ec0  c.addi16sp -0x3
#8371 0 8000006c     d606 m f0040eec   800000ba  c.swsp   x1, 0x2c
#8372 0 8000006e     d422 m f0040ee8   f0040f20  c.swsp   x8, 0x28
#8373 0 80000070     d226 m f0040ee4   00000005  c.swsp   x9, 0x24
#8374 0 80000072     1800 r 08         f0040ef0  c.addi4spn  x8, 0xc
#8375 0 80000074 fca42e23 m f0040ecc   f0040fec  sw       x10, -0x24(x8)
#8376 0 80000078 fcb42c23 m f0040ec8   00000000  sw       x11, -0x28(x8)
#8377 0 8000007c fd842783 r 0f         00000000  lw       x15, -0x28(x8)
#8378 0 80000080 00f04463 r 00         00000000  blt      x0, x15, . + 0x8
#8379 0 80000084     4781 r 0f         00000000  c.li     x15, 0x0
#8380 0 80000086     a8b9 r 00         00000000  c.j      . + 0x5e
#8381 0 800000e4     853e r 0a         00000000  c.mv     x10, x15
#8382 0 800000e6     50b2 r 01         800000ba  c.lwsp   x1, 0x2c
#8383 0 800000e8     5422 r 08         f0040f20  c.lwsp   x8, 0x28
#8384 0 800000ea     5492 r 09         00000005  c.lwsp   x9, 0x24
#8385 0 800000ec     6145 r 02         f0040ef0  c.addi16sp 0x3
#8386 0 800000ee     8082 r 00         00000000  c.jr     x1
#8387 0 800000ba     87aa r 0f         00000000  c.mv     x15, x10
#8388 0 800000bc     97a6 r 0f         00000005  c.add    x15, x9
#8389 0 800000be     85be r 0b         00000005  c.mv     x11, x15
#8390 0 800000c0 fec42503 r 0a         00000002  lw       x10, -0x14(x8)
#8391 0 800000c4     3749 r 01         800000c6  c.jal    . - 0x7e
#8392 0 80000046     1101 r 02         f0040ed0  c.addi   x2, -0x20
#8393 0 80000048     ce22 m f0040eec   f0040f20  c.swsp   x8, 0x1c
#8394 0 8000004a     1000 r 08         f0040ef0  c.addi4spn  x8, 0x8
#8395 0 8000004c fea42623 m f0040edc   00000002  sw       x10, -0x14(x8)
#8396 0 80000050 feb42423 m f0040ed8   00000005  sw       x11, -0x18(x8)
#8397 0 80000054 fec42703 r 0e         00000002  lw       x14, -0x14(x8)
#8398 0 80000058 fe842783 r 0f         00000005  lw       x15, -0x18(x8)
#8399 0 8000005c 00e7d363 r 00         00000000  bge      x15, x14, . + 0x6
#8400 0 80000062     853e r 0a         00000005  c.mv     x10, x15
#8401 0 80000064     4472 r 08         f0040f20  c.lwsp   x8, 0x1c
#8402 0 80000066     6105 r 02         f0040ef0  c.addi16sp 0x2
#8403 0 80000068     8082 r 00         00000000  c.jr     x1
#8404 0 800000c6 fea42623 m f0040f0c   00000005  sw       x10, -0x14(x8)
#8405 0 800000ca fe842783 r 0f         00000001  lw       x15, -0x18(x8)
#8406 0 800000ce     0785 r 0f         00000002  c.addi   x15, 0x1
#8407 0 800000d0 fef42423 m f0040f08   00000002  sw       x15, -0x18(x8)
#8408 0 800000d4 fe842703 r 0e         00000002  lw       x14, -0x18(x8)
#8409 0 800000d8 fd842783 r 0f         00000002  lw       x15, -0x28(x8)
#8410 0 800000dc faf74de3 r 00         00000000  blt      x14, x15, . - 0x46
#8411 0 800000e0 fec42783 r 0f         00000005  lw       x15, -0x14(x8)
#8412 0 800000e4     853e r 0a         00000005  c.mv     x10, x15
#8413 0 800000e6     50b2 r 01         800000ba  c.lwsp   x1, 0x2c
#8414 0 800000e8     5422 r 08         f0040f50  c.lwsp   x8, 0x28
#8415 0 800000ea     5492 r 09         00000001  c.lwsp   x9, 0x24
#8416 0 800000ec     6145 r 02         f0040f20  c.addi16sp 0x3
#8417 0 800000ee     8082 r 00         00000000  c.jr     x1
#8418 0 800000ba     87aa r 0f         00000005  c.mv     x15, x10
#8419 0 800000bc     97a6 r 0f         00000006  c.add    x15, x9
#8420 0 800000be     85be r 0b         00000006  c.mv     x11, x15
#8421 0 800000c0 fec42503 r 0a         80000000  lw       x10, -0x14(x8)
#8422 0 800000c4     3749 r 01         800000c6  c.jal    . - 0x7e
#8423 0 80000046     1101 r 02         f0040f00  c.addi   x2, -0x20
#8424 0 80000048     ce22 m f0040f1c   f0040f50  c.swsp   x8, 0x1c
#8425 0 8000004a     1000 r 08         f0040f20  c.addi4spn  x8, 0x8
#8426 0 8000004c fea42623 m f0040f0c   80000000  sw       x10, -0x14(x8)
#8427 0 80000050 feb42423 m f0040f08   00000006  sw       x11, -0x18(x8)
#8428 0 80000054 fec42703 r 0e         80000000  lw       x14, -0x14(x8)
#8429 0 80000058 fe842783 r 0f         00000006  lw       x15, -0x18(x8)
#8430 0 8000005c 00e7d363 r 00         00000000  bge      x15, x14, . + 0x6
#8431 0 80000062     853e r 0a         00000006  c.mv     x10, x15
#8432 0 80000064     4472 r 08         f0040f50  c.lwsp   x8, 0x1c
#8433 0 80000066     6105 r 02         f0040f20  c.addi16sp 0x2
#8434 0 80000068     8082 r 00         00000000  c.jr     x1
#8435 0 800000c6 fea42623 m f0040f3c   00000006  sw       x10, -0x14(x8)
#8436 0 800000ca fe842783 r 0f         00000000  lw       x15, -0x18(x8)
#8437 0 800000ce     0785 r 0f         00000001  c.addi   x15, 0x1
#8438 0 800000d0 fef42423 m f0040f38   00000001  sw       x15, -0x18(x8)
#8439 0 800000d4 fe842703 r 0e         00000001  lw       x14, -0x18(x8)
#8440 0 800000d8 fd842783 r 0f         00000003  lw       x15, -0x28(x8)
#8441 0 800000dc faf74de3 r 00         00000000  blt      x14, x15, . - 0x46
#8442 0 80000096 fe842783 r 0f         00000001  lw       x15, -0x18(x8)
#8443 0 8000009a     078a r 0f         00000004  c.slli   x15, 2
#8444 0 8000009c fdc42703 r 0e         f0040fec  lw       x14, -0x24(x8)
#8445 0 800000a0     97ba r 0f         f0040ff0  c.add    x15, x14
#8446 0 800000a2     4384 r 09         00000005  c.lw     x9, 0x0(x15)
#8447 0 800000a4 fd842703 r 0e         00000003  lw       x14, -0x28(x8)
#8448 0 800000a8 fe842783 r 0f         00000001  lw       x15, -0x18(x8)
#8449 0 800000ac 40f707b3 r 0f         00000002  sub      x15, x14, x15
#8450 0 800000b0     17fd r 0f         00000001  c.addi   x15, -0x1
#8451 0 800000b2     85be r 0b         00000001  c.mv     x11, x15
#8452 0 800000b4 fdc42503 r 0a         f0040fec  lw       x10, -0x24(x8)
#8453 0 800000b8     3f4d r 01         800000ba  c.jal    . - 0x4e
#8454 0 8000006a     7179 r 02         f0040ef0  c.addi16sp -0x3
#8455 0 8000006c     d606 m f0040f1c   800000ba  c.swsp   x1, 0x2c
#8456 0 8000006e     d422 m f0040f18   f0040f50  c.swsp   x8, 0x28
#8457 0 80000070     d226 m f0040f14   00000005  c.swsp   x9, 0x24
#8458 0 80000072     1800 r 08         f0040f20  c.addi4spn  x8, 0xc
#8459 0 80000074 fca42e23 m f0040efc   f0040fec  sw       x10, -0x24(x8)
#8460 0 80000078 fcb42c23 m f0040ef8   00000001  sw       x11, -0x28(x8)
#8461 0 8000007c fd842783 r 0f         00000001  lw       x15, -0x28(x8)
#8462 0 80000080 00f04463 r 00         00000000  blt      x0, x15, . + 0x8
#8463 0 80000088 800007b7 r 0f         80000000  lui      x15, -0x80000
#8464 0 8000008c fef42623 m f0040f0c   80000000  sw       x15, -0x14(x8)
#8465 0 80000090 fe042423 m f0040f08   00000000  sw       x0, -0x18(x8)
#8466 0 80000094     a081 r 00         00000000  c.j      . + 0x40
#8467 0 800000d4 fe842703 r 0e         00000000  lw       x14, -0x18(x8)
#8468 0 800000d8 fd842783 r 0f         00000001  lw       x15, -0x28(x8)
#8469 0 800000dc faf74de3 r 00         00000000  blt      x14, x15, . - 0x46
#8470 0 80000096 fe842783 r 0f         00000000  lw       x15, -0x18(x8)
#8471 0 8000009a     078a r 0f         00000000  c.slli   x15, 2
#8472 0 8000009c fdc42703 r 0e         f0040fec  lw       x14, -0x24(x8)
#8473 0 800000a0     97ba r 0f         f0040fec  c.add    x15, x14
#8474 0 800000a2     4384 r 09         00000001  c.lw     x9, 0x0(x15)
#8475 0 800000a4 fd842703 r 0e         00000001  lw       x14, -0x28(x8)
#8476 0 800000a8 fe842783 r 0f         00000000  lw       x15, -0x18(x8)
#8477 0 800000ac 40f707b3 r 0f         00000001  sub      x15, x14, x15
#8478 0 800000b0     17fd r 0f         00000000  c.addi   x15, -0x1
#8479 0 800000b2     85be r 0b         00000000  c.mv     x11, x15
#8480 0 800000b4 fdc42503 r 0a         f0040fec  lw       x10, -0x24(x8)
#8481 0 800000b8     3f4d r 01         800000ba  c.jal    . - 0x4e
#8482 0 8000006a     7179 r 02         f0040ec0  c.addi16sp -0x3
#8483 0 8000006c     d606 m f0040eec   800000ba  c.swsp   x1, 0x2c
#8484 0 8000006e     d422 m f0040ee8   f0040f20  c.swsp   x8, 0x28
#8485 0 80000070     d226 m f0040ee4   00000001  c.swsp   x9, 0x24
#8486 0 80000072     1800 r 08         f0040ef0  c.addi4spn  x8, 0xc
#8487 0 80000074 fca42e23 m f0040ecc   f0040fec  sw       x10, -0x24(x8)
#8488 0 80000078 fcb42c23 m f0040ec8   00000000  sw       x11, -0x28(x8)
#8489 0 8000007c fd842783 r 0f         00000000  lw       x15, -0x28(x8)
#8490 0 80000080 00f04463 r 00         00000000  blt      x0, x15, . + 0x8
#8491 0 80000084     4781 r 0f         00000000  c.li     x15, 0x0
#8492 0 80000086     a8b9 r 00         00000000  c.j      . + 0x5e
#8493 0 800000e4     853e r 0a         00000000  c.mv     x10, x15
#8494 0 800000e6     50b2 r 01         800000ba  c.lwsp   x1, 0x2c
#8495 0 800000e8     5422 r 08         f0040f20  c.lwsp   x8, 0x28
#8496 0 800000ea     5492 r 09         00000001  c.lwsp   x9, 0x24
#8497 0 800000ec     6145 r 02         f0040ef0  c.addi16sp 0x3
#8498 0 800000ee     8082 r 00         00000000  c.jr     x1
#8499 0 800000ba     87aa r 0f         00000000  c.mv     x15, x10
#8500 0 800000bc     97a6 r 0f         00000001  c.add    x15, x9
#8501 0 800000be     85be r 0b         00000001  c.mv     x11, x15
#8502 0 800000c0 fec42503 r 0a         80000000  lw       x10, -0x14(x8)
#8503 0 800000c4     3749 r 01         800000c6  c.jal    . - 0x7e
#8504 0 80000046     1101 r 02         f0040ed0  c.addi   x2, -0x20
#8505 0 80000048     ce22 m f0040eec   f0040f20  c.swsp   x8, 0x1c
#8506 0 8000004a     1000 r 08         f0040ef0  c.addi4spn  x8, 0x8
#8507 0 8000004c fea42623 m f0040edc   80000000  sw       x10, -0x14(x8)
#8508 0 80000050 feb42423 m f0040ed8   00000001  sw       x11, -0x18(x8)
#8509 0 80000054 fec42703 r 0e         80000000  lw       x14, -0x14(x8)
#8510 0 80000058 fe842783 r 0f         00000001  lw       x15, -0x18(x8)
#8511 0 8000005c 00e7d363 r 00         00000000  bge      x15, x14, . + 0x6
#8512 0 80000062     853e r 0a         00000001  c.mv     x10, x15
#8513 0 80000064     4472 r 08         f0040f20  c.lwsp   x8, 0x1c
#8514 0 80000066     6105 r 02         f0040ef0  c.addi16sp 0x2
#8515 0 80000068     8082 r 00         00000000  c.jr     x1
#8516 0 800000c6 fea42623 m f0040f0c   00000001  sw       x10, -0x14(x8)
#8517 0 800000ca fe842783 r 0f         00000000  lw       x15, -0x18(x8)
#8518 0 800000ce     0785 r 0f         00000001  c.addi   x15, 0x1
#8519 0 800000d0 fef42423 m f0040f08   00000001  sw       x15, -0x18(x8)
#8520 0 800000d4 fe842703 r 0e         00000001  lw       x14, -0x18(x8)
#8521 0 800000d8 fd842783 r 0f         00000001  lw       x15, -0x28(x8)
#8522 0 800000dc faf74de3 r 00         00000000  blt      x14, x15, . - 0x46
#8523 0 800000e0 fec42783 r 0f         00000001  lw       x15, -0x14(x8)
#8524 0 800000e4     853e r 0a         00000001  c.mv     x10, x15
#8525 0 800000e6     50b2 r 01         800000ba  c.lwsp   x1, 0x2c
#8526 0 800000e8     5422 r 08         f0040f50  c.lwsp   x8, 0x28
#8527 0 800000ea     5492 r 09         00000005  c.lwsp   x9, 0x24
#8528 0 800000ec     6145 r 02         f0040f20  c.addi16sp 0x3
#8529 0 800000ee     8082 r 00         00000000  c.jr     x1
#8530 0 800000ba     87aa r 0f         00000001  c.mv     x15, x10
#8531 0 800000bc     97a6 r 0f         00000006  c.add    x15, x9
#8532 0 800000be     85be r 0b         00000006  c.mv     x11, x15
#8533 0 800000c0 fec42503 r 0a         00000006  lw       x10, -0x14(x8)
#8534 0 800000c4     3749 r 01         800000c6  c.jal    . - 0x7e
#8535 0 80000046     1101 r 02         f0040f00  c.addi   x2, -0x20
#8536 0 80000048     ce22 m f0040f1c   f0040f50  c.swsp   x8, 0x1c
#8537 0 8000004a     1000 r 08         f0040f20  c.addi4spn  x8, 0x8
#8538 0 8000004c fea42623 m f0040f0c   00000006  sw       x10, -0x14(x8)
#8539 0 80000050 feb42423 m f0040f08   00000006  sw       x11, -0x18(x8)
#8540 0 80000054 fec42703 r 0e         00000006  lw       x14, -0x14(x8)
#8541 0 80000058 fe842783 r 0f         00000006  lw       x15, -0x18(x8)
#8542 0 8000005c 00e7d363 r 00         00000000  bge      x15, x14, . + 0x6
#8543 0 80000062     853e r 0a         00000006  c.mv     x10, x15
#8544 0 80000064     4472 r 08         f0040f50  c.lwsp   x8, 0x1c
#8545 0 80000066     6105 r 02         f0040f20  c.addi16sp 0x2
#8546 0 80000068     8082 r 00         00000000  c.jr     x1
#8547 0 800000c6 fea42623 m f0040f3c   00000006  sw       x10, -0x14(x8)
#8548 0 800000ca fe842783 r 0f         00000001  lw       x15, -0x18(x8)
#8549 0 800000ce     0785 r 0f         00000002  c.addi   x15, 0x1
#8550 0 800000d0 fef42423 m f0040f38   00000002  sw       x15, -0x18(x8)
#8551 0 800000d4 fe842703 r 0e         00000002  lw       x14, -0x18(x8)
#8552 0 800000d8 fd842783 r 0f         00000003  lw       x15, -0x28(x8)
#8553 0 800000dc faf74de3 r 00         00000000  blt      x14, x15, . - 0x46
#8554 0 80000096 fe842783 r 0f         00000002  lw       x15, -0x18(x8)
#8555 0 8000009a     078a r 0f         00000008  c.slli   x15, 2
#8556 0 8000009c fdc42703 r 0e         f0040fec  lw       x14, -0x24(x8)
#8557 0 800000a0     97ba r 0f         f0040ff4  c.add    x15, x14
#8558 0 800000a2     4384 r 09         00000008  c.lw     x9, 0x0(x15)
#8559 0 800000a4 fd842703 r 0e         00000003  lw       x14, -0x28(x8)
#8560 0 800000a8 fe842783 r 0f         00000002  lw       x15, -0x18(x8)
#8561 0 800000ac 40f707b3 r 0f         00000001  sub      x15, x14, x15
#8562 0 800000b0     17fd r 0f         00000000  c.addi   x15, -0x1
#8563 0 800000b2     85be r 0b         00000000  c.mv     x11, x15
#8564 0 800000b4 fdc42503 r 0a         f0040fec  lw       x10, -0x24(x8)
#8565 0 800000b8     3f4d r 01         800000ba  c.jal    . - 0x4e
#8566 0 8000006a     7179 r 02         f0040ef0  c.addi16sp -0x3
#8567 0 8000006c     d606 m f0040f1c   800000ba  c.swsp   x1, 0x2c
#8568 0 8000006e     d422 m f0040f18   f0040f50  c.swsp   x8, 0x28
#8569 0 80000070     d226 m f0040f14   00000008  c.swsp   x9, 0x24
#8570 0 80000072     1800 r 08         f0040f20  c.addi4spn  x8, 0xc
#8571 0 80000074 fca42e23 m f0040efc   f0040fec  sw       x10, -0x24(x8)
#8572 0 80000078 fcb42c23 m f0040ef8   00000000  sw       x11, -0x28(x8)
#8573 0 8000007c fd842783 r 0f         00000000  lw       x15, -0x28(x8)
#8574 0 80000080 00f04463 r 00         00000000  blt      x0, x15, . + 0x8
#8575 0 80000084     4781 r 0f         00000000  c.li     x15, 0x0
#8576 0 80000086     a8b9 r 00         00000000  c.j      . + 0x5e
#8577 0 800000e4     853e r 0a         00000000  c.mv     x10, x15
#8578 0 800000e6     50b2 r 01         800000ba  c.lwsp   x1, 0x2c
#8579 0 800000e8     5422 r 08         f0040f50  c.lwsp   x8, 0x28
#8580 0 800000ea     5492 r 09         00000008  c.lwsp   x9, 0x24
#8581 0 800000ec     6145 r 02         f0040f20  c.addi16sp 0x3
#8582 0 800000ee     8082 r 00         00000000  c.jr     x1
#8583 0 800000ba     87aa r 0f         00000000  c.mv     x15, x10
#8584 0 800000bc     97a6 r 0f         00000008  c.add    x15, x9
#8585 0 800000be     85be r 0b         00000008  c.mv     x11, x15
#8586 0 800000c0 fec42503 r 0a         00000006  lw       x10, -0x14(x8)
#8587 0 800000c4     3749 r 01         800000c6  c.jal    . - 0x7e
#8588 0 80000046     1101 r 02         f0040f00  c.addi   x2, -0x20
#8589 0 80000048     ce22 m f0040f1c   f0040f50  c.swsp   x8, 0x1c
#8590 0 8000004a     1000 r 08         f0040f20  c.addi4spn  x8, 0x8
#8591 0 8000004c fea42623 m f0040f0c   00000006  sw       x10, -0x14(x8)
#8592 0 80000050 feb42423 m f0040f08   00000008  sw       x11, -0x18(x8)
#8593 0 80000054 fec42703 r 0e         00000006  lw       x14, -0x14(x8)
#8594 0 80000058 fe842783 r 0f         00000008  lw       x15, -0x18(x8)
#8595 0 8000005c 00e7d363 r 00         00000000  bge      x15, x14, . + 0x6
#8596 0 80000062     853e r 0a         00000008  c.mv     x10, x15
#8597 0 80000064     4472 r 08         f0040f50  c.lwsp   x8, 0x1c
#8598 0 80000066     6105 r 02         f0040f20  c.addi16sp 0x2
#8599 0 80000068     8082 r 00         00000000  c.jr     x1
#8600 0 800000c6 fea42623 m f0040f3c   00000008  sw       x10, -0x14(x8)
#8601 0 800000ca fe842783 r 0f         00000002  lw       x15, -0x18(x8)
#8602 0 800000ce     0785 r 0f         00000003  c.addi   x15, 0x1
#8603 0 800000d0 fef42423 m f0040f38   00000003  sw       x15, -0x18(x8)
#8604 0 800000d4 fe842703 r 0e         00000003  lw       x14, -0x18(x8)
#8605 0 800000d8 fd842783 r 0f         00000003  lw       x15, -0x28(x8)
#8606 0 800000dc faf74de3 r 00         00000000  blt      x14, x15, . - 0x46
#8607 0 800000e0 fec42783 r 0f         00000008  lw       x15, -0x14(x8)
#8608 0 800000e4     853e r 0a         00000008  c.mv     x10, x15
#8609 0 800000e6     50b2 r 01         800000ba  c.lwsp   x1, 0x2c
#8610 0 800000e8     5422 r 08         f0040f80  c.lwsp   x8, 0x28
#8611 0 800000ea     5492 r 09         00000005  c.lwsp   x9, 0x24
#8612 0 800000ec     6145 r 02         f0040f50  c.addi16sp 0x3
#8613 0 800000ee     8082 r 00         00000000  c.jr     x1
#8614 0 800000ba     87aa r 0f         00000008  c.mv     x15, x10
#8615 0 800000bc     97a6 r 0f         0000000d  c.add    x15, x9
#8616 0 800000be     85be r 0b         0000000d  c.mv     x11, x15
#8617 0 800000c0 fec42503 r 0a         0000000b  lw       x10, -0x14(x8)
#8618 0 800000c4     3749 r 01         800000c6  c.jal    . - 0x7e
#8619 0 80000046     1101 r 02         f0040f30  c.addi   x2, -0x20
#8620 0 80000048     ce22 m f0040f4c   f0040f80  c.swsp   x8, 0x1c
#8621 0 8000004a     1000 r 08         f0040f50  c.addi4spn  x8, 0x8
#8622 0 8000004c fea42623 m f0040f3c   0000000b  sw       x10, -0x14(x8)
#8623 0 80000050 feb42423 m f0040f38   0000000d  sw       x11, -0x18(x8)
#8624 0 80000054 fec42703 r 0e         0000000b  lw       x14, -0x14(x8)
#8625 0 80000058 fe842783 r 0f         0000000d  lw       x15, -0x18(x8)
#8626 0 8000005c 00e7d363 r 00         00000000  bge      x15, x14, . + 0x6
#8627 0 80000062     853e r 0a         0000000d  c.mv     x10, x15
#8628 0 80000064     4472 r 08         f0040f80  c.lwsp   x8, 0x1c
#8629 0 80000066     6105 r 02         f0040f50  c.addi16sp 0x2
#8630 0 80000068     8082 r 00         00000000  c.jr     x1
#8631 0 800000c6 fea42623 m f0040f6c   0000000d  sw       x10, -0x14(x8)
#8632 0 800000ca fe842783 r 0f         00000001  lw       x15, -0x18(x8)
#8633 0 800000ce     0785 r 0f         00000002  c.addi   x15, 0x1
#8634 0 800000d0 fef42423 m f0040f68   00000002  sw       x15, -0x18(x8)
#8635 0 800000d4 fe842703 r 0e         00000002  lw       x14, -0x18(x8)
#8636 0 800000d8 fd842783 r 0f         00000005  lw       x15, -0x28(x8)
#8637 0 800000dc faf74de3 r 00         00000000  blt      x14, x15, . - 0x46
#8638 0 80000096 fe842783 r 0f         00000002  lw       x15, -0x18(x8)
#8639 0 8000009a     078a r 0f         00000008  c.slli   x15, 2
#8640 0 8000009c fdc42703 r 0e         f0040fec  lw       x14, -0x24(x8)
#8641 0 800000a0     97ba r 0f         f0040ff4  c.add    x15, x14
#8642 0 800000a2     4384 r 09         00000008  c.lw     x9, 0x0(x15)
#8643 0 800000a4 fd842703 r 0e         00000005  lw       x14, -0x28(x8)
#8644 0 800000a8 fe842783 r 0f         00000002  lw       x15, -0x18(x8)
#8645 0 800000ac 40f707b3 r 0f         00000003  sub      x15, x14, x15
#8646 0 800000b0     17fd r 0f         00000002  c.addi   x15, -0x1
#8647 0 800000b2     85be r 0b         00000002  c.mv     x11, x15
#8648 0 800000b4 fdc42503 r 0a         f0040fec  lw       x10, -0x24(x8)
#8649 0 800000b8     3f4d r 01         800000ba  c.jal    . - 0x4e
#8650 0 8000006a     7179 r 02         f0040f20  c.addi16sp -0x3
#8651 0 8000006c     d606 m f0040f4c   800000ba  c.swsp   x1, 0x2c
#8652 0 8000006e     d422 m f0040f48   f0040f80  c.swsp   x8, 0x28
#8653 0 80000070     d226 m f0040f44   00000008  c.swsp   x9, 0x24
#8654 0 80000072     1800 r 08         f0040f50  c.addi4spn  x8, 0xc
#8655 0 80000074 fca42e23 m f0040f2c   f0040fec  sw       x10, -0x24(x8)
#8656 0 80000078 fcb42c23 m f0040f28   00000002  sw       x11, -0x28(x8)
#8657 0 8000007c fd842783 r 0f         00000002  lw       x15, -0x28(x8)
#8658 0 80000080 00f04463 r 00         00000000  blt      x0, x15, . + 0x8
#8659 0 80000088 800007b7 r 0f         80000000  lui      x15, -0x80000
#8660 0 8000008c fef42623 m f0040f3c   80000000  sw       x15, -0x14(x8)
#8661 0 80000090 fe042423 m f0040f38   00000000  sw       x0, -0x18(x8)
#8662 0 80000094     a081 r 00         00000000  c.j      . + 0x40
#8663 0 800000d4 fe842703 r 0e         00000000  lw       x14, -0x18(x8)
#8664 0 800000d8 fd842783 r 0f         00000002  lw       x15, -0x28(x8)
#8665 0 800000dc faf74de3 r 00         00000000  blt      x14, x15, . - 0x46
#8666 0 80000096 fe842783 r 0f         00000000  lw       x15, -0x18(x8)
#8667 0 8000009a     078a r 0f         00000000  c.slli   x15, 2
#8668 0 8000009c fdc42703 r 0e         f0040fec  lw       x14, -0x24(x8)
#8669 0 800000a0     97ba r 0f         f0040fec  c.add    x15, x14
#8670 0 800000a2     4384 r 09         00000001  c.lw     x9, 0x0(x15)
#8671 0 800000a4 fd842703 r 0e         00000002  lw       x14, -0x28(x8)
#8672 0 800000a8 fe842783 r 0f         00000000  lw       x15, -0x18(x8)
#8673 0 800000ac 40f707b3 r 0f         00000002  sub      x15, x14, x15
#8674 0 800000b0     17fd r 0f         00000001  c.addi   x15, -0x1
#8675 0 800000b2     85be r 0b         00000001  c.mv     x11, x15
#8676 0 800000b4 fdc42503 r 0a         f0040fec  lw       x10, -0x24(x8)
#8677 0 800000b8     3f4d r 01         800000ba  c.jal    . - 0x4e
#8678 0 8000006a     7179 r 02         f0040ef0  c.addi16sp -0x3
#8679 0 8000006c     d606 m f0040f1c   800000ba  c.swsp   x1, 0x2c
#8680 0 8000006e     d422 m f0040f18   f0040f50  c.swsp   x8, 0x28
#8681 0 80000070     d226 m f0040f14   00000001  c.swsp   x9, 0x24
#8682 0 80000072     1800 r 08         f0040f20  c.addi4spn  x8, 0xc
#8683 0 80000074 fca42e23 m f0040efc   f0040fec  sw       x10, -0x24(x8)
#8684 0 80000078 fcb42c23 m f0040ef8   00000001  sw       x11, -0x28(x8)
#8685 0 8000007c fd842783 r 0f         00000001  lw       x15, -0x28(x8)
#8686 0 80000080 00f04463 r 00         00000000  blt      x0, x15, . + 0x8
#8687 0 80000088 800007b7 r 0f         80000000  lui      x15, -0x80000
#8688 0 8000008c fef42623 m f0040f0c   80000000  sw       x15, -0x14(x8)
#8689 0 80000090 fe042423 m f0040f08   00000000  sw       x0, -0x18(x8)
#8690 0 80000094     a081 r 00         00000000  c.j      . + 0x40
#8691 0 800000d4 fe842703 r 0e         00000000  lw       x14, -0x18(x8)
#8692 0 800000d8 fd842783 r 0f         00000001  lw       x15, -0x28(x8)
#8693 0 800000dc faf74de3 r 00         00000000  blt      x14, x15, . - 0x46
#8694 0 80000096 fe842783 r 0f         00000000  lw       x15, -0x18(x8)
#8695 0 8000009a     078a r 0f         00000000  c.slli   x15, 2
#8696 0 8000009c fdc42703 r 0e         f0040fec  lw       x14, -0x24(x8)
#8697 0 800000a0     97ba r 0f         f0040fec  c.add    x15, x14
#8698 0 800000a2     4384 r 09         00000001  c.lw     x9, 0x0(x15)
#8699 0 800000a4 fd842703 r 0e         00000001  lw       x14, -0x28(x8)
#8700 0 800000a8 fe842783 r 0f         00000000  lw       x15, -0x18(x8)
#8701 0 800000ac 40f707b3 r 0f         00000001  sub      x15, x14, x15
#8702 0 800000b0     17fd r 0f         00000000  c.addi   x15, -0x1
#8703 0 800000b2     85be r 0b         00000000  c.mv     x11, x15
#8704 0 800000b4 fdc42503 r 0a         f0040fec  lw       x10, -0x24(x8)
#8705 0 800000b8     3f4d r 01         800000ba  c.jal    . - 0x4e
#8706 0 8000006a     7179 r 02         f0040ec0  c.addi16sp -0x3
#8707 0 8000006c     d606 m f0040eec   800000ba  c.swsp   x1, 0x2c
#8708 0 8000006e     d422 m f0040ee8   f0040f20  c.swsp   x8, 0x28
#8709 0 80000070     d226 m f0040ee4   00000001  c.swsp   x9, 0x24
#8710 0 80000072     1800 r 08         f0040ef0  c.addi4spn  x8, 0xc
#8711 0 80000074 fca42e23 m f0040ecc   f0040fec  sw       x10, -0x24(x8)
#8712 0 80000078 fcb42c23 m f0040ec8   00000000  sw       x11, -0x28(x8)
#8713 0 8000007c fd842783 r 0f         00000000  lw       x15, -0x28(x8)
#8714 0 80000080 00f04463 r 00         00000000  blt      x0, x15, . + 0x8
#8715 0 80000084     4781 r 0f         00000000  c.li     x15, 0x0
#8716 0 80000086     a8b9 r 00         00000000  c.j      . + 0x5e
#8717 0 800000e4     853e r 0a         00000000  c.mv     x10, x15
#8718 0 800000e6     50b2 r 01         800000ba  c.lwsp   x1, 0x2c
#8719 0 800000e8     5422 r 08         f0040f20  c.lwsp   x8, 0x28
#8720 0 800000ea     5492 r 09         00000001  c.lwsp   x9, 0x24
#8721 0 800000ec     6145 r 02         f0040ef0  c.addi16sp 0x3
#8722 0 800000ee     8082 r 00         00000000  c.jr     x1
#8723 0 800000ba     87aa r 0f         00000000  c.mv     x15, x10
#8724 0 800000bc     97a6 r 0f         00000001  c.add    x15, x9
#8725 0 800000be     85be r 0b         00000001  c.mv     x11, x15
#8726 0 800000c0 fec42503 r 0a         80000000  lw       x10, -0x14(x8)
#8727 0 800000c4     3749 r 01         800000c6  c.jal    . - 0x7e
#8728 0 80000046     1101 r 02         f0040ed0  c.addi   x2, -0x20
#8729 0 80000048     ce22 m f0040eec   f0040f20  c.swsp   x8, 0x1c
#8730 0 8000004a     1000 r 08         f0040ef0  c.addi4spn  x8, 0x8
#8731 0 8000004c fea42623 m f0040edc   80000000  sw       x10, -0x14(x8)
#8732 0 80000050 feb42423 m f0040ed8   00000001  sw       x11, -0x18(x8)
#8733 0 80000054 fec42703 r 0e         80000000  lw       x14, -0x14(x8)
#8734 0 80000058 fe842783 r 0f         00000001  lw       x15, -0x18(x8)
#8735 0 8000005c 00e7d363 r 00         00000000  bge      x15, x14, . + 0x6
#8736 0 80000062     853e r 0a         00000001  c.mv     x10, x15
#8737 0 80000064     4472 r 08         f0040f20  c.lwsp   x8, 0x1c
#8738 0 80000066     6105 r 02         f0040ef0  c.addi16sp 0x2
#8739 0 80000068     8082 r 00         00000000  c.jr     x1
#8740 0 800000c6 fea42623 m f0040f0c   00000001  sw       x10, -0x14(x8)
#8741 0 800000ca fe842783 r 0f         00000000  lw       x15, -0x18(x8)
#8742 0 800000ce     0785 r 0f         00000001  c.addi   x15, 0x1
#8743 0 800000d0 fef42423 m f0040f08   00000001  sw       x15, -0x18(x8)
#8744 0 800000d4 fe842703 r 0e         00000001  lw       x14, -0x18(x8)
#8745 0 800000d8 fd842783 r 0f         00000001  lw       x15, -0x28(x8)
#8746 0 800000dc faf74de3 r 00         00000000  blt      x14, x15, . - 0x46
#8747 0 800000e0 fec42783 r 0f         00000001  lw       x15, -0x14(x8)
#8748 0 800000e4     853e r 0a         00000001  c.mv     x10, x15
#8749 0 800000e6     50b2 r 01         800000ba  c.lwsp   x1, 0x2c
#8750 0 800000e8     5422 r 08         f0040f50  c.lwsp   x8, 0x28
#8751 0 800000ea     5492 r 09         00000001  c.lwsp   x9, 0x24
#8752 0 800000ec     6145 r 02         f0040f20  c.addi16sp 0x3
#8753 0 800000ee     8082 r 00         00000000  c.jr     x1
#8754 0 800000ba     87aa r 0f         00000001  c.mv     x15, x10
#8755 0 800000bc     97a6 r 0f         00000002  c.add    x15, x9
#8756 0 800000be     85be r 0b         00000002  c.mv     x11, x15
#8757 0 800000c0 fec42503 r 0a         80000000  lw       x10, -0x14(x8)
#8758 0 800000c4     3749 r 01         800000c6  c.jal    . - 0x7e
#8759 0 80000046     1101 r 02         f0040f00  c.addi   x2, -0x20
#8760 0 80000048     ce22 m f0040f1c   f0040f50  c.swsp   x8, 0x1c
#8761 0 8000004a     1000 r 08         f0040f20  c.addi4spn  x8, 0x8
#8762 0 8000004c fea42623 m f0040f0c   80000000  sw       x10, -0x14(x8)
#8763 0 80000050 feb42423 m f0040f08   00000002  sw       x11, -0x18(x8)
#8764 0 80000054 fec42703 r 0e         80000000  lw       x14, -0x14(x8)
#8765 0 80000058 fe842783 r 0f         00000002  lw       x15, -0x18(x8)
#8766 0 8000005c 00e7d363 r 00         00000000  bge      x15, x14, . + 0x6
#8767 0 80000062     853e r 0a         00000002  c.mv     x10, x15
#8768 0 80000064     4472 r 08         f0040f50  c.lwsp   x8, 0x1c
#8769 0 80000066     6105 r 02         f0040f20  c.addi16sp 0x2
#8770 0 80000068     8082 r 00         00000000  c.jr     x1
#8771 0 800000c6 fea42623 m f0040f3c   00000002  sw       x10, -0x14(x8)
#8772 0 800000ca fe842783 r 0f         00000000  lw       x15, -0x18(x8)
#8773 0 800000ce     0785 r 0f         00000001  c.addi   x15, 0x1
#8774 0 800000d0 fef42423 m f0040f38   00000001  sw       x15, -0x18(x8)
#8775 0 800000d4 fe842703 r 0e         00000001  lw       x14, -0x18(x8)
#8776 0 800000d8 fd842783 r 0f         00000002  lw       x15, -0x28(x8)
#8777 0 800000dc faf74de3 r 00         00000000  blt      x14, x15, . - 0x46
#8778 0 80000096 fe842783 r 0f         00000001  lw       x15, -0x18(x8)
#8779 0 8000009a     078a r 0f         00000004  c.slli   x15, 2
#8780 0 8000009c fdc42703 r 0e         f0040fec  lw       x14, -0x24(x8)
#8781 0 800000a0     97ba r 0f         f0040ff0  c.add    x15, x14
#8782 0 800000a2     4384 r 09         00000005  c.lw     x9, 0x0(x15)
#8783 0 800000a4 fd842703 r 0e         00000002  lw       x14, -0x28(x8)
#8784 0 800000a8 fe842783 r 0f         00000001  lw       x15, -0x18(x8)
#8785 0 800000ac 40f707b3 r 0f         00000001  sub      x15, x14, x15
#8786 0 800000b0     17fd r 0f         00000000  c.addi   x15, -0x1
#8787 0 800000b2     85be r 0b         00000000  c.mv     x11, x15
#8788 0 800000b4 fdc42503 r 0a         f0040fec  lw       x10, -0x24(x8)
#8789 0 800000b8     3f4d r 01         800000ba  c.jal    . - 0x4e
#8790 0 8000006a     7179 r 02         f0040ef0  c.addi16sp -0x3
#8791 0 8000006c     d606 m f0040f1c   800000ba  c.swsp   x1, 0x2c
#8792 0 8000006e     d422 m f0040f18   f0040f50  c.swsp   x8, 0x28
#8793 0 80000070     d226 m f0040f14   00000005  c.swsp   x9, 0x24
#8794 0 80000072     1800 r 08         f0040f20  c.addi4spn  x8, 0xc
#8795 0 80000074 fca42e23 m f0040efc   f0040fec  sw       x10, -0x24(x8)
#8796 0 80000078 fcb42c23 m f0040ef8   00000000  sw       x11, -0x28(x8)
#8797 0 8000007c fd842783 r 0f         00000000  lw       x15, -0x28(x8)
#8798 0 80000080 00f04463 r 00         00000000  blt      x0, x15, . + 0x8
#8799 0 80000084     4781 r 0f         00000000  c.li     x15, 0x0
#8800 0 80000086     a8b9 r 00         00000000  c.j      . + 0x5e
#8801 0 800000e4     853e r 0a         00000000  c.mv     x10, x15
#8802 0 800000e6     50b2 r 01         800000ba  c.lwsp   x1, 0x2c
#8803 0 800000e8     5422 r 08         f0040f50  c.lwsp   x8, 0x28
#8804 0 800000ea     5492 r 09         00000005  c.lwsp   x9, 0x24
#8805 0 800000ec     6145 r 02         f0040f20  c.addi16sp 0x3
#8806 0 800000ee     8082 r 00         00000000  c.jr     x1
#8807 0 800000ba     87aa r 0f         00000000  c.mv     x15, x10
#8808 0 800000bc     97a6 r 0f         00000005  c.add    x15, x9
#8809 0 800000be     85be r 0b         00000005  c.mv     x11, x15
#8810 0 800000c0 fec42503 r 0a         00000002  lw       x10, -0x14(x8)
#8811 0 800000c4     3749 r 01         800000c6  c.jal    . - 0x7e
#8812 0 80000046     1101 r 02         f0040f00  c.addi   x2, -0x20
#8813 0 80000048     ce22 m f0040f1c   f0040f50  c.swsp   x8, 0x1c
#8814 0 8000004a     1000 r 08         f0040f20  c.addi4spn  x8, 0x8
#8815 0 8000004c fea42623 m f0040f0c   00000002  sw       x10, -0x14(x8)
#8816 0 80000050 feb42423 m f0040f08   00000005  sw       x11, -0x18(x8)
#8817 0 80000054 fec42703 r 0e         00000002  lw       x14, -0x14(x8)
#8818 0 80000058 fe842783 r 0f         00000005  lw       x15, -0x18(x8)
#8819 0 8000005c 00e7d363 r 00         00000000  bge      x15, x14, . + 0x6
#8820 0 80000062     853e r 0a         00000005  c.mv     x10, x15
#8821 0 80000064     4472 r 08         f0040f50  c.lwsp   x8, 0x1c
#8822 0 80000066     6105 r 02         f0040f20  c.addi16sp 0x2
#8823 0 80000068     8082 r 00         00000000  c.jr     x1
#8824 0 800000c6 fea42623 m f0040f3c   00000005  sw       x10, -0x14(x8)
#8825 0 800000ca fe842783 r 0f         00000001  lw       x15, -0x18(x8)
#8826 0 800000ce     0785 r 0f         00000002  c.addi   x15, 0x1
#8827 0 800000d0 fef42423 m f0040f38   00000002  sw       x15, -0x18(x8)
#8828 0 800000d4 fe842703 r 0e         00000002  lw       x14, -0x18(x8)
#8829 0 800000d8 fd842783 r 0f         00000002  lw       x15, -0x28(x8)
#8830 0 800000dc faf74de3 r 00         00000000  blt      x14, x15, . - 0x46
#8831 0 800000e0 fec42783 r 0f         00000005  lw       x15, -0x14(x8)
#8832 0 800000e4     853e r 0a         00000005  c.mv     x10, x15
#8833 0 800000e6     50b2 r 01         800000ba  c.lwsp   x1, 0x2c
#8834 0 800000e8     5422 r 08         f0040f80  c.lwsp   x8, 0x28
#8835 0 800000ea     5492 r 09         00000008  c.lwsp   x9, 0x24
#8836 0 800000ec     6145 r 02         f0040f50  c.addi16sp 0x3
#8837 0 800000ee     8082 r 00         00000000  c.jr     x1
#8838 0 800000ba     87aa r 0f         00000005  c.mv     x15, x10
#8839 0 800000bc     97a6 r 0f         0000000d  c.add    x15, x9
#8840 0 800000be     85be r 0b         0000000d  c.mv     x11, x15
#8841 0 800000c0 fec42503 r 0a         0000000d  lw       x10, -0x14(x8)
#8842 0 800000c4     3749 r 01         800000c6  c.jal    . - 0x7e
#8843 0 80000046     1101 r 02         f0040f30  c.addi   x2, -0x20
#8844 0 80000048     ce22 m f0040f4c   f0040f80  c.swsp   x8, 0x1c
#8845 0 8000004a     1000 r 08         f0040f50  c.addi4spn  x8, 0x8
#8846 0 8000004c fea42623 m f0040f3c   0000000d  sw       x10, -0x14(x8)
#8847 0 80000050 feb42423 m f0040f38   0000000d  sw       x11, -0x18(x8)
#8848 0 80000054 fec42703 r 0e         0000000d  lw       x14, -0x14(x8)
#8849 0 80000058 fe842783 r 0f         0000000d  lw       x15, -0x18(x8)
#8850 0 8000005c 00e7d363 r 00         00000000  bge      x15, x14, . + 0x6
#8851 0 80000062     853e r 0a         0000000d  c.mv     x10, x15
#8852 0 80000064     4472 r 08         f0040f80  c.lwsp   x8, 0x1c
#8853 0 80000066     6105 r 02         f0040f50  c.addi16sp 0x2
#8854 0 80000068     8082 r 00         00000000  c.jr     x1
#8855 0 800000c6 fea42623 m f0040f6c   0000000d  sw       x10, -0x14(x8)
#8856 0 800000ca fe842783 r 0f         00000002  lw       x15, -0x18(x8)
#8857 0 800000ce     0785 r 0f         00000003  c.addi   x15, 0x1
#8858 0 800000d0 fef42423 m f0040f68   00000003  sw       x15, -0x18(x8)
#8859 0 800000d4 fe842703 r 0e         00000003  lw       x14, -0x18(x8)
#8860 0 800000d8 fd842783 r 0f         00000005  lw       x15, -0x28(x8)
#8861 0 800000dc faf74de3 r 00         00000000  blt      x14, x15, . - 0x46
#8862 0 80000096 fe842783 r 0f         00000003  lw       x15, -0x18(x8)
#8863 0 8000009a     078a r 0f         0000000c  c.slli   x15, 2
#8864 0 8000009c fdc42703 r 0e         f0040fec  lw       x14, -0x24(x8)
#8865 0 800000a0     97ba r 0f         f0040ff8  c.add    x15, x14
#8866 0 800000a2     4384 r 09         00000009  c.lw     x9, 0x0(x15)
#8867 0 800000a4 fd842703 r 0e         00000005  lw       x14, -0x28(x8)
#8868 0 800000a8 fe842783 r 0f         00000003  lw       x15, -0x18(x8)
#8869 0 800000ac 40f707b3 r 0f         00000002  sub      x15, x14, x15
#8870 0 800000b0     17fd r 0f         00000001  c.addi   x15, -0x1
#8871 0 800000b2     85be r 0b         00000001  c.mv     x11, x15
#8872 0 800000b4 fdc42503 r 0a         f0040fec  lw       x10, -0x24(x8)
#8873 0 800000b8     3f4d r 01         800000ba  c.jal    . - 0x4e
#8874 0 8000006a     7179 r 02         f0040f20  c.addi16sp -0x3
#8875 0 8000006c     d606 m f0040f4c   800000ba  c.swsp   x1, 0x2c
#8876 0 8000006e     d422 m f0040f48   f0040f80  c.swsp   x8, 0x28
#8877 0 80000070     d226 m f0040f44   00000009  c.swsp   x9, 0x24
#8878 0 80000072     1800 r 08         f0040f50  c.addi4spn  x8, 0xc
#8879 0 80000074 fca42e23 m f0040f2c   f0040fec  sw       x10, -0x24(x8)
#8880 0 80000078 fcb42c23 m f0040f28   00000001  sw       x11, -0x28(x8)
#8881 0 8000007c fd842783 r 0f         00000001  lw       x15, -0x28(x8)
#8882 0 80000080 00f04463 r 00         00000000  blt      x0, x15, . + 0x8
#8883 0 80000088 800007b7 r 0f         80000000  lui      x15, -0x80000
#8884 0 8000008c fef42623 m f0040f3c   80000000  sw       x15, -0x14(x8)
#8885 0 80000090 fe042423 m f0040f38   00000000  sw       x0, -0x18(x8)
#8886 0 80000094     a081 r 00         00000000  c.j      . + 0x40
#8887 0 800000d4 fe842703 r 0e         00000000  lw       x14, -0x18(x8)
#8888 0 800000d8 fd842783 r 0f         00000001  lw       x15, -0x28(x8)
#8889 0 800000dc faf74de3 r 00         00000000  blt      x14, x15, . - 0x46
#8890 0 80000096 fe842783 r 0f         00000000  lw       x15, -0x18(x8)
#8891 0 8000009a     078a r 0f         00000000  c.slli   x15, 2
#8892 0 8000009c fdc42703 r 0e         f0040fec  lw       x14, -0x24(x8)
#8893 0 800000a0     97ba r 0f         f0040fec  c.add    x15, x14
#8894 0 800000a2     4384 r 09         00000001  c.lw     x9, 0x0(x15)
#8895 0 800000a4 fd842703 r 0e         00000001  lw       x14, -0x28(x8)
#8896 0 800000a8 fe842783 r 0f         00000000  lw       x15, -0x18(x8)
#8897 0 800000ac 40f707b3 r 0f         00000001  sub      x15, x14, x15
#8898 0 800000b0     17fd r 0f         00000000  c.addi   x15, -0x1
#8899 0 800000b2     85be r 0b         00000000  c.mv     x11, x15
#8900 0 800000b4 fdc42503 r 0a         f0040fec  lw       x10, -0x24(x8)
#8901 0 800000b8     3f4d r 01         800000ba  c.jal    . - 0x4e
#8902 0 8000006a     7179 r 02         f0040ef0  c.addi16sp -0x3
#8903 0 8000006c     d606 m f0040f1c   800000ba  c.swsp   x1, 0x2c
#8904 0 8000006e     d422 m f0040f18   f0040f50  c.swsp   x8, 0x28
#8905 0 80000070     d226 m f0040f14   00000001  c.swsp   x9, 0x24
#8906 0 80000072     1800 r 08         f0040f20  c.addi4spn  x8, 0xc
#8907 0 80000074 fca42e23 m f0040efc   f0040fec  sw       x10, -0x24(x8)
#8908 0 80000078 fcb42c23 m f0040ef8   00000000  sw       x11, -0x28(x8)
#8909 0 8000007c fd842783 r 0f         00000000  lw       x15, -0x28(x8)
#8910 0 80000080 00f04463 r 00         00000000  blt      x0, x15, . + 0x8
#8911 0 80000084     4781 r 0f         00000000  c.li     x15, 0x0
#8912 0 80000086     a8b9 r 00         00000000  c.j      . + 0x5e
#8913 0 800000e4     853e r 0a         00000000  c.mv     x10, x15
#8914 0 800000e6     50b2 r 01         800000ba  c.lwsp   x1, 0x2c
#8915 0 800000e8     5422 r 08         f0040f50  c.lwsp   x8, 0x28
#8916 0 800000ea     5492 r 09         00000001  c.lwsp   x9, 0x24
#8917 0 800000ec     6145 r 02         f0040f20  c.addi16sp 0x3
#8918 0 800000ee     8082 r 00         00000000  c.jr     x1
#8919 0 800000ba     87aa r 0f         00000000  c.mv     x15, x10
#8920 0 800000bc     97a6 r 0f         00000001  c.add    x15, x9
#8921 0 800000be     85be r 0b         00000001  c.mv     x11, x15
#8922 0 800000c0 fec42503 r 0a         80000000  lw       x10, -0x14(x8)
#8923 0 800000c4     3749 r 01         800000c6  c.jal    . - 0x7e
#8924 0 80000046     1101 r 02         f0040f00  c.addi   x2, -0x20
#8925 0 80000048     ce22 m f0040f1c   f0040f50  c.swsp   x8, 0x1c
#8926 0 8000004a     1000 r 08         f0040f20  c.addi4spn  x8, 0x8
#8927 0 8000004c fea42623 m f0040f0c   80000000  sw       x10, -0x14(x8)
#8928 0 80000050 feb42423 m f0040f08   00000001  sw       x11, -0x18(x8)
#8929 0 80000054 fec42703 r 0e         80000000  lw       x14, -0x14(x8)
#8930 0 80000058 fe842783 r 0f         00000001  lw       x15, -0x18(x8)
#8931 0 8000005c 00e7d363 r 00         00000000  bge      x15, x14, . + 0x6
#8932 0 80000062     853e r 0a         00000001  c.mv     x10, x15
#8933 0 80000064     4472 r 08         f0040f50  c.lwsp   x8, 0x1c
#8934 0 80000066     6105 r 02         f0040f20  c.addi16sp 0x2
#8935 0 80000068     8082 r 00         00000000  c.jr     x1
#8936 0 800000c6 fea42623 m f0040f3c   00000001  sw       x10, -0x14(x8)
#8937 0 800000ca fe842783 r 0f         00000000  lw       x15, -0x18(x8)
#8938 0 800000ce     0785 r 0f         00000001  c.addi   x15, 0x1
#8939 0 800000d0 fef42423 m f0040f38   00000001  sw       x15, -0x18(x8)
#8940 0 800000d4 fe842703 r 0e         00000001  lw       x14, -0x18(x8)
#8941 0 800000d8 fd842783 r 0f         00000001  lw       x15, -0x28(x8)
#8942 0 800000dc faf74de3 r 00         00000000  blt      x14, x15, . - 0x46
#8943 0 800000e0 fec42783 r 0f         00000001  lw       x15, -0x14(x8)
#8944 0 800000e4     853e r 0a         00000001  c.mv     x10, x15
#8945 0 800000e6     50b2 r 01         800000ba  c.lwsp   x1, 0x2c
#8946 0 800000e8     5422 r 08         f0040f80  c.lwsp   x8, 0x28
#8947 0 800000ea     5492 r 09         00000009  c.lwsp   x9, 0x24
#8948 0 800000ec     6145 r 02         f0040f50  c.addi16sp 0x3
#8949 0 800000ee     8082 r 00         00000000  c.jr     x1
#8950 0 800000ba     87aa r 0f         00000001  c.mv     x15, x10
#8951 0 800000bc     97a6 r 0f         0000000a  c.add    x15, x9
#8952 0 800000be     85be r 0b         0000000a  c.mv     x11, x15
#8953 0 800000c0 fec42503 r 0a         0000000d  lw       x10, -0x14(x8)
#8954 0 800000c4     3749 r 01         800000c6  c.jal    . - 0x7e
#8955 0 80000046     1101 r 02         f0040f30  c.addi   x2, -0x20
#8956 0 80000048     ce22 m f0040f4c   f0040f80  c.swsp   x8, 0x1c
#8957 0 8000004a     1000 r 08         f0040f50  c.addi4spn  x8, 0x8
#8958 0 8000004c fea42623 m f0040f3c   0000000d  sw       x10, -0x14(x8)
#8959 0 80000050 feb42423 m f0040f38   0000000a  sw       x11, -0x18(x8)
#8960 0 80000054 fec42703 r 0e         0000000d  lw       x14, -0x14(x8)
#8961 0 80000058 fe842783 r 0f         0000000a  lw       x15, -0x18(x8)
#8962 0 8000005c 00e7d363 r 00         00000000  bge      x15, x14, . + 0x6
#8963 0 80000060     87ba r 0f         0000000d  c.mv     x15, x14
#8964 0 80000062     853e r 0a         0000000d  c.mv     x10, x15
#8965 0 80000064     4472 r 08         f0040f80  c.lwsp   x8, 0x1c
#8966 0 80000066     6105 r 02         f0040f50  c.addi16sp 0x2
#8967 0 80000068     8082 r 00         00000000  c.jr     x1
#8968 0 800000c6 fea42623 m f0040f6c   0000000d  sw       x10, -0x14(x8)
#8969 0 800000ca fe842783 r 0f         00000003  lw       x15, -0x18(x8)
#8970 0 800000ce     0785 r 0f         00000004  c.addi   x15, 0x1
#8971 0 800000d0 fef42423 m f0040f68   00000004  sw       x15, -0x18(x8)
#8972 0 800000d4 fe842703 r 0e         00000004  lw       x14, -0x18(x8)
#8973 0 800000d8 fd842783 r 0f         00000005  lw       x15, -0x28(x8)
#8974 0 800000dc faf74de3 r 00         00000000  blt      x14, x15, . - 0x46
#8975 0 80000096 fe842783 r 0f         00000004  lw       x15, -0x18(x8)
#8976 0 8000009a     078a r 0f         00000010  c.slli   x15, 2
#8977 0 8000009c fdc42703 r 0e         f0040fec  lw       x14, -0x24(x8)
#8978 0 800000a0     97ba r 0f         f0040ffc  c.add    x15, x14
#8979 0 800000a2     4384 r 09         0000000a  c.lw     x9, 0x0(x15)
#8980 0 800000a4 fd842703 r 0e         00000005  lw       x14, -0x28(x8)
#8981 0 800000a8 fe842783 r 0f         00000004  lw       x15, -0x18(x8)
#8982 0 800000ac 40f707b3 r 0f         00000001  sub      x15, x14, x15
#8983 0 800000b0     17fd r 0f         00000000  c.addi   x15, -0x1
#8984 0 800000b2     85be r 0b         00000000  c.mv     x11, x15
#8985 0 800000b4 fdc42503 r 0a         f0040fec  lw       x10, -0x24(x8)
#8986 0 800000b8     3f4d r 01         800000ba  c.jal    . - 0x4e
#8987 0 8000006a     7179 r 02         f0040f20  c.addi16sp -0x3
#8988 0 8000006c     d606 m f0040f4c   800000ba  c.swsp   x1, 0x2c
#8989 0 8000006e     d422 m f0040f48   f0040f80  c.swsp   x8, 0x28
#8990 0 80000070     d226 m f0040f44   0000000a  c.swsp   x9, 0x24
#8991 0 80000072     1800 r 08         f0040f50  c.addi4spn  x8, 0xc
#8992 0 80000074 fca42e23 m f0040f2c   f0040fec  sw       x10, -0x24(x8)
#8993 0 80000078 fcb42c23 m f0040f28   00000000  sw       x11, -0x28(x8)
#8994 0 8000007c fd842783 r 0f         00000000  lw       x15, -0x28(x8)
#8995 0 80000080 00f04463 r 00         00000000  blt      x0, x15, . + 0x8
#8996 0 80000084     4781 r 0f         00000000  c.li     x15, 0x0
#8997 0 80000086     a8b9 r 00         00000000  c.j      . + 0x5e
#8998 0 800000e4     853e r 0a         00000000  c.mv     x10, x15
#8999 0 800000e6     50b2 r 01         800000ba  c.lwsp   x1, 0x2c
#9000 0 800000e8     5422 r 08         f0040f80  c.lwsp   x8, 0x28
#9001 0 800000ea     5492 r 09         0000000a  c.lwsp   x9, 0x24
#9002 0 800000ec     6145 r 02         f0040f50  c.addi16sp 0x3
#9003 0 800000ee     8082 r 00         00000000  c.jr     x1
#9004 0 800000ba     87aa r 0f         00000000  c.mv     x15, x10
#9005 0 800000bc     97a6 r 0f         0000000a  c.add    x15, x9
#9006 0 800000be     85be r 0b         0000000a  c.mv     x11, x15
#9007 0 800000c0 fec42503 r 0a         0000000d  lw       x10, -0x14(x8)
#9008 0 800000c4     3749 r 01         800000c6  c.jal    . - 0x7e
#9009 0 80000046     1101 r 02         f0040f30  c.addi   x2, -0x20
#9010 0 80000048     ce22 m f0040f4c   f0040f80  c.swsp   x8, 0x1c
#9011 0 8000004a     1000 r 08         f0040f50  c.addi4spn  x8, 0x8
#9012 0 8000004c fea42623 m f0040f3c   0000000d  sw       x10, -0x14(x8)
#9013 0 80000050 feb42423 m f0040f38   0000000a  sw       x11, -0x18(x8)
#9014 0 80000054 fec42703 r 0e         0000000d  lw       x14, -0x14(x8)
#9015 0 80000058 fe842783 r 0f         0000000a  lw       x15, -0x18(x8)
#9016 0 8000005c 00e7d363 r 00         00000000  bge      x15, x14, . + 0x6
#9017 0 80000060     87ba r 0f         0000000d  c.mv     x15, x14
#9018 0 80000062     853e r 0a         0000000d  c.mv     x10, x15
#9019 0 80000064     4472 r 08         f0040f80  c.lwsp   x8, 0x1c
#9020 0 80000066     6105 r 02         f0040f50  c.addi16sp 0x2
#9021 0 80000068     8082 r 00         00000000  c.jr     x1
#9022 0 800000c6 fea42623 m f0040f6c   0000000d  sw       x10, -0x14(x8)
#9023 0 800000ca fe842783 r 0f         00000004  lw       x15, -0x18(x8)
#9024 0 800000ce     0785 r 0f         00000005  c.addi   x15, 0x1
#9025 0 800000d0 fef42423 m f0040f68   00000005  sw       x15, -0x18(x8)
#9026 0 800000d4 fe842703 r 0e         00000005  lw       x14, -0x18(x8)
#9027 0 800000d8 fd842783 r 0f         00000005  lw       x15, -0x28(x8)
#9028 0 800000dc faf74de3 r 00         00000000  blt      x14, x15, . - 0x46
#9029 0 800000e0 fec42783 r 0f         0000000d  lw       x15, -0x14(x8)
#9030 0 800000e4     853e r 0a         0000000d  c.mv     x10, x15
#9031 0 800000e6     50b2 r 01         800000ba  c.lwsp   x1, 0x2c
#9032 0 800000e8     5422 r 08         f0040fb0  c.lwsp   x8, 0x28
#9033 0 800000ea     5492 r 09         00000001  c.lwsp   x9, 0x24
#9034 0 800000ec     6145 r 02         f0040f80  c.addi16sp 0x3
#9035 0 800000ee     8082 r 00         00000000  c.jr     x1
#9036 0 800000ba     87aa r 0f         0000000d  c.mv     x15, x10
#9037 0 800000bc     97a6 r 0f         0000000e  c.add    x15, x9
#9038 0 800000be     85be r 0b         0000000e  c.mv     x11, x15
#9039 0 800000c0 fec42503 r 0a         80000000  lw       x10, -0x14(x8)
#9040 0 800000c4     3749 r 01         800000c6  c.jal    . - 0x7e
#9041 0 80000046     1101 r 02         f0040f60  c.addi   x2, -0x20
#9042 0 80000048     ce22 m f0040f7c   f0040fb0  c.swsp   x8, 0x1c
#9043 0 8000004a     1000 r 08         f0040f80  c.addi4spn  x8, 0x8
#9044 0 8000004c fea42623 m f0040f6c   80000000  sw       x10, -0x14(x8)
#9045 0 80000050 feb42423 m f0040f68   0000000e  sw       x11, -0x18(x8)
#9046 0 80000054 fec42703 r 0e         80000000  lw       x14, -0x14(x8)
#9047 0 80000058 fe842783 r 0f         0000000e  lw       x15, -0x18(x8)
#9048 0 8000005c 00e7d363 r 00         00000000  bge      x15, x14, . + 0x6
#9049 0 80000062     853e r 0a         0000000e  c.mv     x10, x15
#9050 0 80000064     4472 r 08         f0040fb0  c.lwsp   x8, 0x1c
#9051 0 80000066     6105 r 02         f0040f80  c.addi16sp 0x2
#9052 0 80000068     8082 r 00         00000000  c.jr     x1
#9053 0 800000c6 fea42623 m f0040f9c   0000000e  sw       x10, -0x14(x8)
#9054 0 800000ca fe842783 r 0f         00000000  lw       x15, -0x18(x8)
#9055 0 800000ce     0785 r 0f         00000001  c.addi   x15, 0x1
#9056 0 800000d0 fef42423 m f0040f98   00000001  sw       x15, -0x18(x8)
#9057 0 800000d4 fe842703 r 0e         00000001  lw       x14, -0x18(x8)
#9058 0 800000d8 fd842783 r 0f         00000006  lw       x15, -0x28(x8)
#9059 0 800000dc faf74de3 r 00         00000000  blt      x14, x15, . - 0x46
#9060 0 80000096 fe842783 r 0f         00000001  lw       x15, -0x18(x8)
#9061 0 8000009a     078a r 0f         00000004  c.slli   x15, 2
#9062 0 8000009c fdc42703 r 0e         f0040fec  lw       x14, -0x24(x8)
#9063 0 800000a0     97ba r 0f         f0040ff0  c.add    x15, x14
#9064 0 800000a2     4384 r 09         00000005  c.lw     x9, 0x0(x15)
#9065 0 800000a4 fd842703 r 0e         00000006  lw       x14, -0x28(x8)
#9066 0 800000a8 fe842783 r 0f         00000001  lw       x15, -0x18(x8)
#9067 0 800000ac 40f707b3 r 0f         00000005  sub      x15, x14, x15
#9068 0 800000b0     17fd r 0f         00000004  c.addi   x15, -0x1
#9069 0 800000b2     85be r 0b         00000004  c.mv     x11, x15
#9070 0 800000b4 fdc42503 r 0a         f0040fec  lw       x10, -0x24(x8)
#9071 0 800000b8     3f4d r 01         800000ba  c.jal    . - 0x4e
#9072 0 8000006a     7179 r 02         f0040f50  c.addi16sp -0x3
#9073 0 8000006c     d606 m f0040f7c   800000ba  c.swsp   x1, 0x2c
#9074 0 8000006e     d422 m f0040f78   f0040fb0  c.swsp   x8, 0x28
#9075 0 80000070     d226 m f0040f74   00000005  c.swsp   x9, 0x24
#9076 0 80000072     1800 r 08         f0040f80  c.addi4spn  x8, 0xc
#9077 0 80000074 fca42e23 m f0040f5c   f0040fec  sw       x10, -0x24(x8)
#9078 0 80000078 fcb42c23 m f0040f58   00000004  sw       x11, -0x28(x8)
#9079 0 8000007c fd842783 r 0f         00000004  lw       x15, -0x28(x8)
#9080 0 80000080 00f04463 r 00         00000000  blt      x0, x15, . + 0x8
#9081 0 80000088 800007b7 r 0f         80000000  lui      x15, -0x80000
#9082 0 8000008c fef42623 m f0040f6c   80000000  sw       x15, -0x14(x8)
#9083 0 80000090 fe042423 m f0040f68   00000000  sw       x0, -0x18(x8)
#9084 0 80000094     a081 r 00         00000000  c.j      . + 0x40
#9085 0 800000d4 fe842703 r 0e         00000000  lw       x14, -0x18(x8)
#9086 0 800000d8 fd842783 r 0f         00000004  lw       x15, -0x28(x8)
#9087 0 800000dc faf74de3 r 00         00000000  blt      x14, x15, . - 0x46
#9088 0 80000096 fe842783 r 0f         00000000  lw       x15, -0x18(x8)
#9089 0 8000009a     078a r 0f         00000000  c.slli   x15, 2
#9090 0 8000009c fdc42703 r 0e         f0040fec  lw       x14, -0x24(x8)
#9091 0 800000a0     97ba r 0f         f0040fec  c.add    x15, x14
#9092 0 800000a2     4384 r 09         00000001  c.lw     x9, 0x0(x15)
#9093 0 800000a4 fd842703 r 0e         00000004  lw       x14, -0x28(x8)
#9094 0 800000a8 fe842783 r 0f         00000000  lw       x15, -0x18(x8)
#9095 0 800000ac 40f707b3 r 0f         00000004  sub      x15, x14, x15
#9096 0 800000b0     17fd r 0f         00000003  c.addi   x15, -0x1
#9097 0 800000b2     85be r 0b         00000003  c.mv     x11, x15
#9098 0 800000b4 fdc42503 r 0a         f0040fec  lw       x10, -0x24(x8)
#9099 0 800000b8     3f4d r 01         800000ba  c.jal    . - 0x4e
#9100 0 8000006a     7179 r 02         f0040f20  c.addi16sp -0x3
#9101 0 8000006c     d606 m f0040f4c   800000ba  c.swsp   x1, 0x2c
#9102 0 8000006e     d422 m f0040f48   f0040f80  c.swsp   x8, 0x28
#9103 0 80000070     d226 m f0040f44   00000001  c.swsp   x9, 0x24
#9104 0 80000072     1800 r 08         f0040f50  c.addi4spn  x8, 0xc
#9105 0 80000074 fca42e23 m f0040f2c   f0040fec  sw       x10, -0x24(x8)
#9106 0 80000078 fcb42c23 m f0040f28   00000003  sw       x11, -0x28(x8)
#9107 0 8000007c fd842783 r 0f         00000003  lw       x15, -0x28(x8)
#9108 0 80000080 00f04463 r 00         00000000  blt      x0, x15, . + 0x8
#9109 0 80000088 800007b7 r 0f         80000000  lui      x15, -0x80000
#9110 0 8000008c fef42623 m f0040f3c   80000000  sw       x15, -0x14(x8)
#9111 0 80000090 fe042423 m f0040f38   00000000  sw       x0, -0x18(x8)
#9112 0 80000094     a081 r 00         00000000  c.j      . + 0x40
#9113 0 800000d4 fe842703 r 0e         00000000  lw       x14, -0x18(x8)
#9114 0 800000d8 fd842783 r 0f         00000003  lw       x15, -0x28(x8)
#9115 0 800000dc faf74de3 r 00         00000000  blt      x14, x15, . - 0x46
#9116 0 80000096 fe842783 r 0f         00000000  lw       x15, -0x18(x8)
#9117 0 8000009a     078a r 0f         00000000  c.slli   x15, 2
#9118 0 8000009c fdc42703 r 0e         f0040fec  lw       x14, -0x24(x8)
#9119 0 800000a0     97ba r 0f         f0040fec  c.add    x15, x14
#9120 0 800000a2     4384 r 09         00000001  c.lw     x9, 0x0(x15)
#9121 0 800000a4 fd842703 r 0e         00000003  lw       x14, -0x28(x8)
#9122 0 800000a8 fe842783 r 0f         00000000  lw       x15, -0x18(x8)
#9123 0 800000ac 40f707b3 r 0f         00000003  sub      x15, x14, x15
#9124 0 800000b0     17fd r 0f         00000002  c.addi   x15, -0x1
#9125 0 800000b2     85be r 0b         00000002  c.mv     x11, x15
#9126 0 800000b4 fdc42503 r 0a         f0040fec  lw       x10, -0x24(x8)
#9127 0 800000b8     3f4d r 01         800000ba  c.jal    . - 0x4e
#9128 0 8000006a     7179 r 02         f0040ef0  c.addi16sp -0x3
#9129 0 8000006c     d606 m f0040f1c   800000ba  c.swsp   x1, 0x2c
#9130 0 8000006e     d422 m f0040f18   f0040f50  c.swsp   x8, 0x28
#9131 0 80000070     d226 m f0040f14   00000001  c.swsp   x9, 0x24
#9132 0 80000072     1800 r 08         f0040f20  c.addi4spn  x8, 0xc
#9133 0 80000074 fca42e23 m f0040efc   f0040fec  sw       x10, -0x24(x8)
#9134 0 80000078 fcb42c23 m f0040ef8   00000002  sw       x11, -0x28(x8)
#9135 0 8000007c fd842783 r 0f         00000002  lw       x15, -0x28(x8)
#9136 0 80000080 00f04463 r 00         00000000  blt      x0, x15, . + 0x8
#9137 0 80000088 800007b7 r 0f         80000000  lui      x15, -0x80000
#9138 0 8000008c fef42623 m f0040f0c   80000000  sw       x15, -0x14(x8)
#9139 0 80000090 fe042423 m f0040f08   00000000  sw       x0, -0x18(x8)
#9140 0 80000094     a081 r 00         00000000  c.j      . + 0x40
#9141 0 800000d4 fe842703 r 0e         00000000  lw       x14, -0x18(x8)
#9142 0 800000d8 fd842783 r 0f         00000002  lw       x15, -0x28(x8)
#9143 0 800000dc faf74de3 r 00         00000000  blt      x14, x15, . - 0x46
#9144 0 80000096 fe842783 r 0f         00000000  lw       x15, -0x18(x8)
#9145 0 8000009a     078a r 0f         00000000  c.slli   x15, 2
#9146 0 8000009c fdc42703 r 0e         f0040fec  lw       x14, -0x24(x8)
#9147 0 800000a0     97ba r 0f         f0040fec  c.add    x15, x14
#9148 0 800000a2     4384 r 09         00000001  c.lw     x9, 0x0(x15)
#9149 0 800000a4 fd842703 r 0e         00000002  lw       x14, -0x28(x8)
#9150 0 800000a8 fe842783 r 0f         00000000  lw       x15, -0x18(x8)
#9151 0 800000ac 40f707b3 r 0f         00000002  sub      x15, x14, x15
#9152 0 800000b0     17fd r 0f         00000001  c.addi   x15, -0x1
#9153 0 800000b2     85be r 0b         00000001  c.mv     x11, x15
#9154 0 800000b4 fdc42503 r 0a         f0040fec  lw       x10, -0x24(x8)
#9155 0 800000b8     3f4d r 01         800000ba  c.jal    . - 0x4e
#9156 0 8000006a     7179 r 02         f0040ec0  c.addi16sp -0x3
#9157 0 8000006c     d606 m f0040eec   800000ba  c.swsp   x1, 0x2c
#9158 0 8000006e     d422 m f0040ee8   f0040f20  c.swsp   x8, 0x28
#9159 0 80000070     d226 m f0040ee4   00000001  c.swsp   x9, 0x24
#9160 0 80000072     1800 r 08         f0040ef0  c.addi4spn  x8, 0xc
#9161 0 80000074 fca42e23 m f0040ecc   f0040fec  sw       x10, -0x24(x8)
#9162 0 80000078 fcb42c23 m f0040ec8   00000001  sw       x11, -0x28(x8)
#9163 0 8000007c fd842783 r 0f         00000001  lw       x15, -0x28(x8)
#9164 0 80000080 00f04463 r 00         00000000  blt      x0, x15, . + 0x8
#9165 0 80000088 800007b7 r 0f         80000000  lui      x15, -0x80000
#9166 0 8000008c fef42623 m f0040edc   80000000  sw       x15, -0x14(x8)
#9167 0 80000090 fe042423 m f0040ed8   00000000  sw       x0, -0x18(x8)
#9168 0 80000094     a081 r 00         00000000  c.j      . + 0x40
#9169 0 800000d4 fe842703 r 0e         00000000  lw       x14, -0x18(x8)
#9170 0 800000d8 fd842783 r 0f         00000001  lw       x15, -0x28(x8)
#9171 0 800000dc faf74de3 r 00         00000000  blt      x14, x15, . - 0x46
#9172 0 80000096 fe842783 r 0f         00000000  lw       x15, -0x18(x8)
#9173 0 8000009a     078a r 0f         00000000  c.slli   x15, 2
#9174 0 8000009c fdc42703 r 0e         f0040fec  lw       x14, -0x24(x8)
#9175 0 800000a0     97ba r 0f         f0040fec  c.add    x15, x14
#9176 0 800000a2     4384 r 09         00000001  c.lw     x9, 0x0(x15)
#9177 0 800000a4 fd842703 r 0e         00000001  lw       x14, -0x28(x8)
#9178 0 800000a8 fe842783 r 0f         00000000  lw       x15, -0x18(x8)
#9179 0 800000ac 40f707b3 r 0f         00000001  sub      x15, x14, x15
#9180 0 800000b0     17fd r 0f         00000000  c.addi   x15, -0x1
#9181 0 800000b2     85be r 0b         00000000  c.mv     x11, x15
#9182 0 800000b4 fdc42503 r 0a         f0040fec  lw       x10, -0x24(x8)
#9183 0 800000b8     3f4d r 01         800000ba  c.jal    . - 0x4e
#9184 0 8000006a     7179 r 02         f0040e90  c.addi16sp -0x3
#9185 0 8000006c     d606 m f0040ebc   800000ba  c.swsp   x1, 0x2c
#9186 0 8000006e     d422 m f0040eb8   f0040ef0  c.swsp   x8, 0x28
#9187 0 80000070     d226 m f0040eb4   00000001  c.swsp   x9, 0x24
#9188 0 80000072     1800 r 08         f0040ec0  c.addi4spn  x8, 0xc
#9189 0 80000074 fca42e23 m f0040e9c   f0040fec  sw       x10, -0x24(x8)
#9190 0 80000078 fcb42c23 m f0040e98   00000000  sw       x11, -0x28(x8)
#9191 0 8000007c fd842783 r 0f         00000000  lw       x15, -0x28(x8)
#9192 0 80000080 00f04463 r 00         00000000  blt      x0, x15, . + 0x8
#9193 0 80000084     4781 r 0f         00000000  c.li     x15, 0x0
#9194 0 80000086     a8b9 r 00         00000000  c.j      . + 0x5e
#9195 0 800000e4     853e r 0a         00000000  c.mv     x10, x15
#9196 0 800000e6     50b2 r 01         800000ba  c.lwsp   x1, 0x2c
#9197 0 800000e8     5422 r 08         f0040ef0  c.lwsp   x8, 0x28
#9198 0 800000ea     5492 r 09         00000001  c.lwsp   x9, 0x24
#9199 0 800000ec     6145 r 02         f0040ec0  c.addi16sp 0x3
#9200 0 800000ee     8082 r 00         00000000  c.jr     x1
#9201 0 800000ba     87aa r 0f         00000000  c.mv     x15, x10
#9202 0 800000bc     97a6 r 0f         00000001  c.add    x15, x9
#9203 0 800000be     85be r 0b         00000001  c.mv     x11, x15
#9204 0 800000c0 fec42503 r 0a         80000000  lw       x10, -0x14(x8)
#9205 0 800000c4     3749 r 01         800000c6  c.jal    . - 0x7e
#9206 0 80000046     1101 r 02         f0040ea0  c.addi   x2, -0x20
#9207 0 80000048     ce22 m f0040ebc   f0040ef0  c.swsp   x8, 0x1c
#9208 0 8000004a     1000 r 08         f0040ec0  c.addi4spn  x8, 0x8
#9209 0 8000004c fea42623 m f0040eac   80000000  sw       x10, -0x14(x8)
#9210 0 80000050 feb42423 m f0040ea8   00000001  sw       x11, -0x18(x8)
#9211 0 80000054 fec42703 r 0e         80000000  lw       x14, -0x14(x8)
#9212 0 80000058 fe842783 r 0f         00000001  lw       x15, -0x18(x8)
#9213 0 8000005c 00e7d363 r 00         00000000  bge      x15, x14, . + 0x6
#9214 0 80000062     853e r 0a         00000001  c.mv     x10, x15
#9215 0 80000064     4472 r 08         f0040ef0  c.lwsp   x8, 0x1c
#9216 0 80000066     6105 r 02         f0040ec0  c.addi16sp 0x2
#9217 0 80000068     8082 r 00         00000000  c.jr     x1
#9218 0 800000c6 fea42623 m f0040edc   00000001  sw       x10, -0x14(x8)
#9219 0 800000ca fe842783 r 0f         00000000  lw       x15, -0x18(x8)
#9220 0 800000ce     0785 r 0f         00000001  c.addi   x15, 0x1
#9221 0 800000d0 fef42423 m f0040ed8   00000001  sw       x15, -0x18(x8)
#9222 0 800000d4 fe842703 r 0e         00000001  lw       x14, -0x18(x8)
#9223 0 800000d8 fd842783 r 0f         00000001  lw       x15, -0x28(x8)
#9224 0 800000dc faf74de3 r 00         00000000  blt      x14, x15, . - 0x46
#9225 0 800000e0 fec42783 r 0f         00000001  lw       x15, -0x14(x8)
#9226 0 800000e4     853e r 0a         00000001  c.mv     x10, x15
#9227 0 800000e6     50b2 r 01         800000ba  c.lwsp   x1, 0x2c
#9228 0 800000e8     5422 r 08         f0040f20  c.lwsp   x8, 0x28
#9229 0 800000ea     5492 r 09         00000001  c.lwsp   x9, 0x24
#9230 0 800000ec     6145 r 02         f0040ef0  c.addi16sp 0x3
#9231 0 800000ee     8082 r 00         00000000  c.jr     x1
#9232 0 800000ba     87aa r 0f         00000001  c.mv     x15, x10
#9233 0 800000bc     97a6 r 0f         00000002  c.add    x15, x9
#9234 0 800000be     85be r 0b         00000002  c.mv     x11, x15
#9235 0 800000c0 fec42503 r 0a         80000000  lw       x10, -0x14(x8)
#9236 0 800000c4     3749 r 01         800000c6  c.jal    . - 0x7e
#9237 0 80000046     1101 r 02         f0040ed0  c.addi   x2, -0x20
#9238 0 80000048     ce22 m f0040eec   f0040f20  c.swsp   x8, 0x1c
#9239 0 8000004a     1000 r 08         f0040ef0  c.addi4spn  x8, 0x8
#9240 0 8000004c fea42623 m f0040edc   80000000  sw       x10, -0x14(x8)
#9241 0 80000050 feb42423 m f0040ed8   00000002  sw       x11, -0x18(x8)
#9242 0 80000054 fec42703 r 0e         80000000  lw       x14, -0x14(x8)
#9243 0 80000058 fe842783 r 0f         00000002  lw       x15, -0x18(x8)
#9244 0 8000005c 00e7d363 r 00         00000000  bge      x15, x14, . + 0x6
#9245 0 80000062     853e r 0a         00000002  c.mv     x10, x15
#9246 0 80000064     4472 r 08         f0040f20  c.lwsp   x8, 0x1c
#9247 0 80000066     6105 r 02         f0040ef0  c.addi16sp 0x2
#9248 0 80000068     8082 r 00         00000000  c.jr     x1
#9249 0 800000c6 fea42623 m f0040f0c   00000002  sw       x10, -0x14(x8)
#9250 0 800000ca fe842783 r 0f         00000000  lw       x15, -0x18(x8)
#9251 0 800000ce     0785 r 0f         00000001  c.addi   x15, 0x1
#9252 0 800000d0 fef42423 m f0040f08   00000001  sw       x15, -0x18(x8)
#9253 0 800000d4 fe842703 r 0e         00000001  lw       x14, -0x18(x8)
#9254 0 800000d8 fd842783 r 0f         00000002  lw       x15, -0x28(x8)
#9255 0 800000dc faf74de3 r 00         00000000  blt      x14, x15, . - 0x46
#9256 0 80000096 fe842783 r 0f         00000001  lw       x15, -0x18(x8)
#9257 0 8000009a     078a r 0f         00000004  c.slli   x15, 2
#9258 0 8000009c fdc42703 r 0e         f0040fec  lw       x14, -0x24(x8)
#9259 0 800000a0     97ba r 0f         f0040ff0  c.add    x15, x14
#9260 0 800000a2     4384 r 09         00000005  c.lw     x9, 0x0(x15)
#9261 0 800000a4 fd842703 r 0e         00000002  lw       x14, -0x28(x8)
#9262 0 800000a8 fe842783 r 0f         00000001  lw       x15, -0x18(x8)
#9263 0 800000ac 40f707b3 r 0f         00000001  sub      x15, x14, x15
#9264 0 800000b0     17fd r 0f         00000000  c.addi   x15, -0x1
#9265 0 800000b2     85be r 0b         00000000  c.mv     x11, x15
#9266 0 800000b4 fdc42503 r 0a         f0040fec  lw       x10, -0x24(x8)
#9267 0 800000b8     3f4d r 01         800000ba  c.jal    . - 0x4e
#9268 0 8000006a     7179 r 02         f0040ec0  c.addi16sp -0x3
#9269 0 8000006c     d606 m f0040eec   800000ba  c.swsp   x1, 0x2c
#9270 0 8000006e     d422 m f0040ee8   f0040f20  c.swsp   x8, 0x28
#9271 0 80000070     d226 m f0040ee4   00000005  c.swsp   x9, 0x24
#9272 0 80000072     1800 r 08         f0040ef0  c.addi4spn  x8, 0xc
#9273 0 80000074 fca42e23 m f0040ecc   f0040fec  sw       x10, -0x24(x8)
#9274 0 80000078 fcb42c23 m f0040ec8   00000000  sw       x11, -0x28(x8)
#9275 0 8000007c fd842783 r 0f         00000000  lw       x15, -0x28(x8)
#9276 0 80000080 00f04463 r 00         00000000  blt      x0, x15, . + 0x8
#9277 0 80000084     4781 r 0f         00000000  c.li     x15, 0x0
#9278 0 80000086     a8b9 r 00         00000000  c.j      . + 0x5e
#9279 0 800000e4     853e r 0a         00000000  c.mv     x10, x15
#9280 0 800000e6     50b2 r 01         800000ba  c.lwsp   x1, 0x2c
#9281 0 800000e8     5422 r 08         f0040f20  c.lwsp   x8, 0x28
#9282 0 800000ea     5492 r 09         00000005  c.lwsp   x9, 0x24
#9283 0 800000ec     6145 r 02         f0040ef0  c.addi16sp 0x3
#9284 0 800000ee     8082 r 00         00000000  c.jr     x1
#9285 0 800000ba     87aa r 0f         00000000  c.mv     x15, x10
#9286 0 800000bc     97a6 r 0f         00000005  c.add    x15, x9
#9287 0 800000be     85be r 0b         00000005  c.mv     x11, x15
#9288 0 800000c0 fec42503 r 0a         00000002  lw       x10, -0x14(x8)
#9289 0 800000c4     3749 r 01         800000c6  c.jal    . - 0x7e
#9290 0 80000046     1101 r 02         f0040ed0  c.addi   x2, -0x20
#9291 0 80000048     ce22 m f0040eec   f0040f20  c.swsp   x8, 0x1c
#9292 0 8000004a     1000 r 08         f0040ef0  c.addi4spn  x8, 0x8
#9293 0 8000004c fea42623 m f0040edc   00000002  sw       x10, -0x14(x8)
#9294 0 80000050 feb42423 m f0040ed8   00000005  sw       x11, -0x18(x8)
#9295 0 80000054 fec42703 r 0e         00000002  lw       x14, -0x14(x8)
#9296 0 80000058 fe842783 r 0f         00000005  lw       x15, -0x18(x8)
#9297 0 8000005c 00e7d363 r 00         00000000  bge      x15, x14, . + 0x6
#9298 0 80000062     853e r 0a         00000005  c.mv     x10, x15
#9299 0 80000064     4472 r 08         f0040f20  c.lwsp   x8, 0x1c
#9300 0 80000066     6105 r 02         f0040ef0  c.addi16sp 0x2
#9301 0 80000068     8082 r 00         00000000  c.jr     x1
#9302 0 800000c6 fea42623 m f0040f0c   00000005  sw       x10, -0x14(x8)
#9303 0 800000ca fe842783 r 0f         00000001  lw       x15, -0x18(x8)
#9304 0 800000ce     0785 r 0f         00000002  c.addi   x15, 0x1
#9305 0 800000d0 fef42423 m f0040f08   00000002  sw       x15, -0x18(x8)
#9306 0 800000d4 fe842703 r 0e         00000002  lw       x14, -0x18(x8)
#9307 0 800000d8 fd842783 r 0f         00000002  lw       x15, -0x28(x8)
#9308 0 800000dc faf74de3 r 00         00000000  blt      x14, x15, . - 0x46
#9309 0 800000e0 fec42783 r 0f         00000005  lw       x15, -0x14(x8)
#9310 0 800000e4     853e r 0a         00000005  c.mv     x10, x15
#9311 0 800000e6     50b2 r 01         800000ba  c.lwsp   x1, 0x2c
#9312 0 800000e8     5422 r 08         f0040f50  c.lwsp   x8, 0x28
#9313 0 800000ea     5492 r 09         00000001  c.lwsp   x9, 0x24
#9314 0 800000ec     6145 r 02         f0040f20  c.addi16sp 0x3
#9315 0 800000ee     8082 r 00         00000000  c.jr     x1
#9316 0 800000ba     87aa r 0f         00000005  c.mv     x15, x10
#9317 0 800000bc     97a6 r 0f         00000006  c.add    x15, x9
#9318 0 800000be     85be r 0b         00000006  c.mv     x11, x15
#9319 0 800000c0 fec42503 r 0a         80000000  lw       x10, -0x14(x8)
#9320 0 800000c4     3749 r 01         800000c6  c.jal    . - 0x7e
#9321 0 80000046     1101 r 02         f0040f00  c.addi   x2, -0x20
#9322 0 80000048     ce22 m f0040f1c   f0040f50  c.swsp   x8, 0x1c
#9323 0 8000004a     1000 r 08         f0040f20  c.addi4spn  x8, 0x8
#9324 0 8000004c fea42623 m f0040f0c   80000000  sw       x10, -0x14(x8)
#9325 0 80000050 feb42423 m f0040f08   00000006  sw       x11, -0x18(x8)
#9326 0 80000054 fec42703 r 0e         80000000  lw       x14, -0x14(x8)
#9327 0 80000058 fe842783 r 0f         00000006  lw       x15, -0x18(x8)
#9328 0 8000005c 00e7d363 r 00         00000000  bge      x15, x14, . + 0x6
#9329 0 80000062     853e r 0a         00000006  c.mv     x10, x15
#9330 0 80000064     4472 r 08         f0040f50  c.lwsp   x8, 0x1c
#9331 0 80000066     6105 r 02         f0040f20  c.addi16sp 0x2
#9332 0 80000068     8082 r 00         00000000  c.jr     x1
#9333 0 800000c6 fea42623 m f0040f3c   00000006  sw       x10, -0x14(x8)
#9334 0 800000ca fe842783 r 0f         00000000  lw       x15, -0x18(x8)
#9335 0 800000ce     0785 r 0f         00000001  c.addi   x15, 0x1
#9336 0 800000d0 fef42423 m f0040f38   00000001  sw       x15, -0x18(x8)
#9337 0 800000d4 fe842703 r 0e         00000001  lw       x14, -0x18(x8)
#9338 0 800000d8 fd842783 r 0f         00000003  lw       x15, -0x28(x8)
#9339 0 800000dc faf74de3 r 00         00000000  blt      x14, x15, . - 0x46
#9340 0 80000096 fe842783 r 0f         00000001  lw       x15, -0x18(x8)
#9341 0 8000009a     078a r 0f         00000004  c.slli   x15, 2
#9342 0 8000009c fdc42703 r 0e         f0040fec  lw       x14, -0x24(x8)
#9343 0 800000a0     97ba r 0f         f0040ff0  c.add    x15, x14
#9344 0 800000a2     4384 r 09         00000005  c.lw     x9, 0x0(x15)
#9345 0 800000a4 fd842703 r 0e         00000003  lw       x14, -0x28(x8)
#9346 0 800000a8 fe842783 r 0f         00000001  lw       x15, -0x18(x8)
#9347 0 800000ac 40f707b3 r 0f         00000002  sub      x15, x14, x15
#9348 0 800000b0     17fd r 0f         00000001  c.addi   x15, -0x1
#9349 0 800000b2     85be r 0b         00000001  c.mv     x11, x15
#9350 0 800000b4 fdc42503 r 0a         f0040fec  lw       x10, -0x24(x8)
#9351 0 800000b8     3f4d r 01         800000ba  c.jal    . - 0x4e
#9352 0 8000006a     7179 r 02         f0040ef0  c.addi16sp -0x3
#9353 0 8000006c     d606 m f0040f1c   800000ba  c.swsp   x1, 0x2c
#9354 0 8000006e     d422 m f0040f18   f0040f50  c.swsp   x8, 0x28
#9355 0 80000070     d226 m f0040f14   00000005  c.swsp   x9, 0x24
#9356 0 80000072     1800 r 08         f0040f20  c.addi4spn  x8, 0xc
#9357 0 80000074 fca42e23 m f0040efc   f0040fec  sw       x10, -0x24(x8)
#9358 0 80000078 fcb42c23 m f0040ef8   00000001  sw       x11, -0x28(x8)
#9359 0 8000007c fd842783 r 0f         00000001  lw       x15, -0x28(x8)
#9360 0 80000080 00f04463 r 00         00000000  blt      x0, x15, . + 0x8
#9361 0 80000088 800007b7 r 0f         80000000  lui      x15, -0x80000
#9362 0 8000008c fef42623 m f0040f0c   80000000  sw       x15, -0x14(x8)
#9363 0 80000090 fe042423 m f0040f08   00000000  sw       x0, -0x18(x8)
#9364 0 80000094     a081 r 00         00000000  c.j      . + 0x40
#9365 0 800000d4 fe842703 r 0e         00000000  lw       x14, -0x18(x8)
#9366 0 800000d8 fd842783 r 0f         00000001  lw       x15, -0x28(x8)
#9367 0 800000dc faf74de3 r 00         00000000  blt      x14, x15, . - 0x46
#9368 0 80000096 fe842783 r 0f         00000000  lw       x15, -0x18(x8)
#9369 0 8000009a     078a r 0f         00000000  c.slli   x15, 2
#9370 0 8000009c fdc42703 r 0e         f0040fec  lw       x14, -0x24(x8)
#9371 0 800000a0     97ba r 0f         f0040fec  c.add    x15, x14
#9372 0 800000a2     4384 r 09         00000001  c.lw     x9, 0x0(x15)
#9373 0 800000a4 fd842703 r 0e         00000001  lw       x14, -0x28(x8)
#9374 0 800000a8 fe842783 r 0f         00000000  lw       x15, -0x18(x8)
#9375 0 800000ac 40f707b3 r 0f         00000001  sub      x15, x14, x15
#9376 0 800000b0     17fd r 0f         00000000  c.addi   x15, -0x1
#9377 0 800000b2     85be r 0b         00000000  c.mv     x11, x15
#9378 0 800000b4 fdc42503 r 0a         f0040fec  lw       x10, -0x24(x8)
#9379 0 800000b8     3f4d r 01         800000ba  c.jal    . - 0x4e
#9380 0 8000006a     7179 r 02         f0040ec0  c.addi16sp -0x3
#9381 0 8000006c     d606 m f0040eec   800000ba  c.swsp   x1, 0x2c
#9382 0 8000006e     d422 m f0040ee8   f0040f20  c.swsp   x8, 0x28
#9383 0 80000070     d226 m f0040ee4   00000001  c.swsp   x9, 0x24
#9384 0 80000072     1800 r 08         f0040ef0  c.addi4spn  x8, 0xc
#9385 0 80000074 fca42e23 m f0040ecc   f0040fec  sw       x10, -0x24(x8)
#9386 0 80000078 fcb42c23 m f0040ec8   00000000  sw       x11, -0x28(x8)
#9387 0 8000007c fd842783 r 0f         00000000  lw       x15, -0x28(x8)
#9388 0 80000080 00f04463 r 00         00000000  blt      x0, x15, . + 0x8
#9389 0 80000084     4781 r 0f         00000000  c.li     x15, 0x0
#9390 0 80000086     a8b9 r 00         00000000  c.j      . + 0x5e
#9391 0 800000e4     853e r 0a         00000000  c.mv     x10, x15
#9392 0 800000e6     50b2 r 01         800000ba  c.lwsp   x1, 0x2c
#9393 0 800000e8     5422 r 08         f0040f20  c.lwsp   x8, 0x28
#9394 0 800000ea     5492 r 09         00000001  c.lwsp   x9, 0x24
#9395 0 800000ec     6145 r 02         f0040ef0  c.addi16sp 0x3
#9396 0 800000ee     8082 r 00         00000000  c.jr     x1
#9397 0 800000ba     87aa r 0f         00000000  c.mv     x15, x10
#9398 0 800000bc     97a6 r 0f         00000001  c.add    x15, x9
#9399 0 800000be     85be r 0b         00000001  c.mv     x11, x15
#9400 0 800000c0 fec42503 r 0a         80000000  lw       x10, -0x14(x8)
#9401 0 800000c4     3749 r 01         800000c6  c.jal    . - 0x7e
#9402 0 80000046     1101 r 02         f0040ed0  c.addi   x2, -0x20
#9403 0 80000048     ce22 m f0040eec   f0040f20  c.swsp   x8, 0x1c
#9404 0 8000004a     1000 r 08         f0040ef0  c.addi4spn  x8, 0x8
#9405 0 8000004c fea42623 m f0040edc   80000000  sw       x10, -0x14(x8)
#9406 0 80000050 feb42423 m f0040ed8   00000001  sw       x11, -0x18(x8)
#9407 0 80000054 fec42703 r 0e         80000000  lw       x14, -0x14(x8)
#9408 0 80000058 fe842783 r 0f         00000001  lw       x15, -0x18(x8)
#9409 0 8000005c 00e7d363 r 00         00000000  bge      x15, x14, . + 0x6
#9410 0 80000062     853e r 0a         00000001  c.mv     x10, x15
#9411 0 80000064     4472 r 08         f0040f20  c.lwsp   x8, 0x1c
#9412 0 80000066     6105 r 02         f0040ef0  c.addi16sp 0x2
#9413 0 80000068     8082 r 00         00000000  c.jr     x1
#9414 0 800000c6 fea42623 m f0040f0c   00000001  sw       x10, -0x14(x8)
#9415 0 800000ca fe842783 r 0f         00000000  lw       x15, -0x18(x8)
#9416 0 800000ce     0785 r 0f         00000001  c.addi   x15, 0x1
#9417 0 800000d0 fef42423 m f0040f08   00000001  sw       x15, -0x18(x8)
#9418 0 800000d4 fe842703 r 0e         00000001  lw       x14, -0x18(x8)
#9419 0 800000d8 fd842783 r 0f         00000001  lw       x15, -0x28(x8)
#9420 0 800000dc faf74de3 r 00         00000000  blt      x14, x15, . - 0x46
#9421 0 800000e0 fec42783 r 0f         00000001  lw       x15, -0x14(x8)
#9422 0 800000e4     853e r 0a         00000001  c.mv     x10, x15
#9423 0 800000e6     50b2 r 01         800000ba  c.lwsp   x1, 0x2c
#9424 0 800000e8     5422 r 08         f0040f50  c.lwsp   x8, 0x28
#9425 0 800000ea     5492 r 09         00000005  c.lwsp   x9, 0x24
#9426 0 800000ec     6145 r 02         f0040f20  c.addi16sp 0x3
#9427 0 800000ee     8082 r 00         00000000  c.jr     x1
#9428 0 800000ba     87aa r 0f         00000001  c.mv     x15, x10
#9429 0 800000bc     97a6 r 0f         00000006  c.add    x15, x9
#9430 0 800000be     85be r 0b         00000006  c.mv     x11, x15
#9431 0 800000c0 fec42503 r 0a         00000006  lw       x10, -0x14(x8)
#9432 0 800000c4     3749 r 01         800000c6  c.jal    . - 0x7e
#9433 0 80000046     1101 r 02         f0040f00  c.addi   x2, -0x20
#9434 0 80000048     ce22 m f0040f1c   f0040f50  c.swsp   x8, 0x1c
#9435 0 8000004a     1000 r 08         f0040f20  c.addi4spn  x8, 0x8
#9436 0 8000004c fea42623 m f0040f0c   00000006  sw       x10, -0x14(x8)
#9437 0 80000050 feb42423 m f0040f08   00000006  sw       x11, -0x18(x8)
#9438 0 80000054 fec42703 r 0e         00000006  lw       x14, -0x14(x8)
#9439 0 80000058 fe842783 r 0f         00000006  lw       x15, -0x18(x8)
#9440 0 8000005c 00e7d363 r 00         00000000  bge      x15, x14, . + 0x6
#9441 0 80000062     853e r 0a         00000006  c.mv     x10, x15
#9442 0 80000064     4472 r 08         f0040f50  c.lwsp   x8, 0x1c
#9443 0 80000066     6105 r 02         f0040f20  c.addi16sp 0x2
#9444 0 80000068     8082 r 00         00000000  c.jr     x1
#9445 0 800000c6 fea42623 m f0040f3c   00000006  sw       x10, -0x14(x8)
#9446 0 800000ca fe842783 r 0f         00000001  lw       x15, -0x18(x8)
#9447 0 800000ce     0785 r 0f         00000002  c.addi   x15, 0x1
#9448 0 800000d0 fef42423 m f0040f38   00000002  sw       x15, -0x18(x8)
#9449 0 800000d4 fe842703 r 0e         00000002  lw       x14, -0x18(x8)
#9450 0 800000d8 fd842783 r 0f         00000003  lw       x15, -0x28(x8)
#9451 0 800000dc faf74de3 r 00         00000000  blt      x14, x15, . - 0x46
#9452 0 80000096 fe842783 r 0f         00000002  lw       x15, -0x18(x8)
#9453 0 8000009a     078a r 0f         00000008  c.slli   x15, 2
#9454 0 8000009c fdc42703 r 0e         f0040fec  lw       x14, -0x24(x8)
#9455 0 800000a0     97ba r 0f         f0040ff4  c.add    x15, x14
#9456 0 800000a2     4384 r 09         00000008  c.lw     x9, 0x0(x15)
#9457 0 800000a4 fd842703 r 0e         00000003  lw       x14, -0x28(x8)
#9458 0 800000a8 fe842783 r 0f         00000002  lw       x15, -0x18(x8)
#9459 0 800000ac 40f707b3 r 0f         00000001  sub      x15, x14, x15
#9460 0 800000b0     17fd r 0f         00000000  c.addi   x15, -0x1
#9461 0 800000b2     85be r 0b         00000000  c.mv     x11, x15
#9462 0 800000b4 fdc42503 r 0a         f0040fec  lw       x10, -0x24(x8)
#9463 0 800000b8     3f4d r 01         800000ba  c.jal    . - 0x4e
#9464 0 8000006a     7179 r 02         f0040ef0  c.addi16sp -0x3
#9465 0 8000006c     d606 m f0040f1c   800000ba  c.swsp   x1, 0x2c
#9466 0 8000006e     d422 m f0040f18   f0040f50  c.swsp   x8, 0x28
#9467 0 80000070     d226 m f0040f14   00000008  c.swsp   x9, 0x24
#9468 0 80000072     1800 r 08         f0040f20  c.addi4spn  x8, 0xc
#9469 0 80000074 fca42e23 m f0040efc   f0040fec  sw       x10, -0x24(x8)
#9470 0 80000078 fcb42c23 m f0040ef8   00000000  sw       x11, -0x28(x8)
#9471 0 8000007c fd842783 r 0f         00000000  lw       x15, -0x28(x8)
#9472 0 80000080 00f04463 r 00         00000000  blt      x0, x15, . + 0x8
#9473 0 80000084     4781 r 0f         00000000  c.li     x15, 0x0
#9474 0 80000086     a8b9 r 00         00000000  c.j      . + 0x5e
#9475 0 800000e4     853e r 0a         00000000  c.mv     x10, x15
#9476 0 800000e6     50b2 r 01         800000ba  c.lwsp   x1, 0x2c
#9477 0 800000e8     5422 r 08         f0040f50  c.lwsp   x8, 0x28
#9478 0 800000ea     5492 r 09         00000008  c.lwsp   x9, 0x24
#9479 0 800000ec     6145 r 02         f0040f20  c.addi16sp 0x3
#9480 0 800000ee     8082 r 00         00000000  c.jr     x1
#9481 0 800000ba     87aa r 0f         00000000  c.mv     x15, x10
#9482 0 800000bc     97a6 r 0f         00000008  c.add    x15, x9
#9483 0 800000be     85be r 0b         00000008  c.mv     x11, x15
#9484 0 800000c0 fec42503 r 0a         00000006  lw       x10, -0x14(x8)
#9485 0 800000c4     3749 r 01         800000c6  c.jal    . - 0x7e
#9486 0 80000046     1101 r 02         f0040f00  c.addi   x2, -0x20
#9487 0 80000048     ce22 m f0040f1c   f0040f50  c.swsp   x8, 0x1c
#9488 0 8000004a     1000 r 08         f0040f20  c.addi4spn  x8, 0x8
#9489 0 8000004c fea42623 m f0040f0c   00000006  sw       x10, -0x14(x8)
#9490 0 80000050 feb42423 m f0040f08   00000008  sw       x11, -0x18(x8)
#9491 0 80000054 fec42703 r 0e         00000006  lw       x14, -0x14(x8)
#9492 0 80000058 fe842783 r 0f         00000008  lw       x15, -0x18(x8)
#9493 0 8000005c 00e7d363 r 00         00000000  bge      x15, x14, . + 0x6
#9494 0 80000062     853e r 0a         00000008  c.mv     x10, x15
#9495 0 80000064     4472 r 08         f0040f50  c.lwsp   x8, 0x1c
#9496 0 80000066     6105 r 02         f0040f20  c.addi16sp 0x2
#9497 0 80000068     8082 r 00         00000000  c.jr     x1
#9498 0 800000c6 fea42623 m f0040f3c   00000008  sw       x10, -0x14(x8)
#9499 0 800000ca fe842783 r 0f         00000002  lw       x15, -0x18(x8)
#9500 0 800000ce     0785 r 0f         00000003  c.addi   x15, 0x1
#9501 0 800000d0 fef42423 m f0040f38   00000003  sw       x15, -0x18(x8)
#9502 0 800000d4 fe842703 r 0e         00000003  lw       x14, -0x18(x8)
#9503 0 800000d8 fd842783 r 0f         00000003  lw       x15, -0x28(x8)
#9504 0 800000dc faf74de3 r 00         00000000  blt      x14, x15, . - 0x46
#9505 0 800000e0 fec42783 r 0f         00000008  lw       x15, -0x14(x8)
#9506 0 800000e4     853e r 0a         00000008  c.mv     x10, x15
#9507 0 800000e6     50b2 r 01         800000ba  c.lwsp   x1, 0x2c
#9508 0 800000e8     5422 r 08         f0040f80  c.lwsp   x8, 0x28
#9509 0 800000ea     5492 r 09         00000001  c.lwsp   x9, 0x24
#9510 0 800000ec     6145 r 02         f0040f50  c.addi16sp 0x3
#9511 0 800000ee     8082 r 00         00000000  c.jr     x1
#9512 0 800000ba     87aa r 0f         00000008  c.mv     x15, x10
#9513 0 800000bc     97a6 r 0f         00000009  c.add    x15, x9
#9514 0 800000be     85be r 0b         00000009  c.mv     x11, x15
#9515 0 800000c0 fec42503 r 0a         80000000  lw       x10, -0x14(x8)
#9516 0 800000c4     3749 r 01         800000c6  c.jal    . - 0x7e
#9517 0 80000046     1101 r 02         f0040f30  c.addi   x2, -0x20
#9518 0 80000048     ce22 m f0040f4c   f0040f80  c.swsp   x8, 0x1c
#9519 0 8000004a     1000 r 08         f0040f50  c.addi4spn  x8, 0x8
#9520 0 8000004c fea42623 m f0040f3c   80000000  sw       x10, -0x14(x8)
#9521 0 80000050 feb42423 m f0040f38   00000009  sw       x11, -0x18(x8)
#9522 0 80000054 fec42703 r 0e         80000000  lw       x14, -0x14(x8)
#9523 0 80000058 fe842783 r 0f         00000009  lw       x15, -0x18(x8)
#9524 0 8000005c 00e7d363 r 00         00000000  bge      x15, x14, . + 0x6
#9525 0 80000062     853e r 0a         00000009  c.mv     x10, x15
#9526 0 80000064     4472 r 08         f0040f80  c.lwsp   x8, 0x1c
#9527 0 80000066     6105 r 02         f0040f50  c.addi16sp 0x2
#9528 0 80000068     8082 r 00         00000000  c.jr     x1
#9529 0 800000c6 fea42623 m f0040f6c   00000009  sw       x10, -0x14(x8)
#9530 0 800000ca fe842783 r 0f         00000000  lw       x15, -0x18(x8)
#9531 0 800000ce     0785 r 0f         00000001  c.addi   x15, 0x1
#9532 0 800000d0 fef42423 m f0040f68   00000001  sw       x15, -0x18(x8)
#9533 0 800000d4 fe842703 r 0e         00000001  lw       x14, -0x18(x8)
#9534 0 800000d8 fd842783 r 0f         00000004  lw       x15, -0x28(x8)
#9535 0 800000dc faf74de3 r 00         00000000  blt      x14, x15, . - 0x46
#9536 0 80000096 fe842783 r 0f         00000001  lw       x15, -0x18(x8)
#9537 0 8000009a     078a r 0f         00000004  c.slli   x15, 2
#9538 0 8000009c fdc42703 r 0e         f0040fec  lw       x14, -0x24(x8)
#9539 0 800000a0     97ba r 0f         f0040ff0  c.add    x15, x14
#9540 0 800000a2     4384 r 09         00000005  c.lw     x9, 0x0(x15)
#9541 0 800000a4 fd842703 r 0e         00000004  lw       x14, -0x28(x8)
#9542 0 800000a8 fe842783 r 0f         00000001  lw       x15, -0x18(x8)
#9543 0 800000ac 40f707b3 r 0f         00000003  sub      x15, x14, x15
#9544 0 800000b0     17fd r 0f         00000002  c.addi   x15, -0x1
#9545 0 800000b2     85be r 0b         00000002  c.mv     x11, x15
#9546 0 800000b4 fdc42503 r 0a         f0040fec  lw       x10, -0x24(x8)
#9547 0 800000b8     3f4d r 01         800000ba  c.jal    . - 0x4e
#9548 0 8000006a     7179 r 02         f0040f20  c.addi16sp -0x3
#9549 0 8000006c     d606 m f0040f4c   800000ba  c.swsp   x1, 0x2c
#9550 0 8000006e     d422 m f0040f48   f0040f80  c.swsp   x8, 0x28
#9551 0 80000070     d226 m f0040f44   00000005  c.swsp   x9, 0x24
#9552 0 80000072     1800 r 08         f0040f50  c.addi4spn  x8, 0xc
#9553 0 80000074 fca42e23 m f0040f2c   f0040fec  sw       x10, -0x24(x8)
#9554 0 80000078 fcb42c23 m f0040f28   00000002  sw       x11, -0x28(x8)
#9555 0 8000007c fd842783 r 0f         00000002  lw       x15, -0x28(x8)
#9556 0 80000080 00f04463 r 00         00000000  blt      x0, x15, . + 0x8
#9557 0 80000088 800007b7 r 0f         80000000  lui      x15, -0x80000
#9558 0 8000008c fef42623 m f0040f3c   80000000  sw       x15, -0x14(x8)
#9559 0 80000090 fe042423 m f0040f38   00000000  sw       x0, -0x18(x8)
#9560 0 80000094     a081 r 00         00000000  c.j      . + 0x40
#9561 0 800000d4 fe842703 r 0e         00000000  lw       x14, -0x18(x8)
#9562 0 800000d8 fd842783 r 0f         00000002  lw       x15, -0x28(x8)
#9563 0 800000dc faf74de3 r 00         00000000  blt      x14, x15, . - 0x46
#9564 0 80000096 fe842783 r 0f         00000000  lw       x15, -0x18(x8)
#9565 0 8000009a     078a r 0f         00000000  c.slli   x15, 2
#9566 0 8000009c fdc42703 r 0e         f0040fec  lw       x14, -0x24(x8)
#9567 0 800000a0     97ba r 0f         f0040fec  c.add    x15, x14
#9568 0 800000a2     4384 r 09         00000001  c.lw     x9, 0x0(x15)
#9569 0 800000a4 fd842703 r 0e         00000002  lw       x14, -0x28(x8)
#9570 0 800000a8 fe842783 r 0f         00000000  lw       x15, -0x18(x8)
#9571 0 800000ac 40f707b3 r 0f         00000002  sub      x15, x14, x15
#9572 0 800000b0     17fd r 0f         00000001  c.addi   x15, -0x1
#9573 0 800000b2     85be r 0b         00000001  c.mv     x11, x15
#9574 0 800000b4 fdc42503 r 0a         f0040fec  lw       x10, -0x24(x8)
#9575 0 800000b8     3f4d r 01         800000ba  c.jal    . - 0x4e
#9576 0 8000006a     7179 r 02         f0040ef0  c.addi16sp -0x3
#9577 0 8000006c     d606 m f0040f1c   800000ba  c.swsp   x1, 0x2c
#9578 0 8000006e     d422 m f0040f18   f0040f50  c.swsp   x8, 0x28
#9579 0 80000070     d226 m f0040f14   00000001  c.swsp   x9, 0x24
#9580 0 80000072     1800 r 08         f0040f20  c.addi4spn  x8, 0xc
#9581 0 80000074 fca42e23 m f0040efc   f0040fec  sw       x10, -0x24(x8)
#9582 0 80000078 fcb42c23 m f0040ef8   00000001  sw       x11, -0x28(x8)
#9583 0 8000007c fd842783 r 0f         00000001  lw       x15, -0x28(x8)
#9584 0 80000080 00f04463 r 00         00000000  blt      x0, x15, . + 0x8
#9585 0 80000088 800007b7 r 0f         80000000  lui      x15, -0x80000
#9586 0 8000008c fef42623 m f0040f0c   80000000  sw       x15, -0x14(x8)
#9587 0 80000090 fe042423 m f0040f08   00000000  sw       x0, -0x18(x8)
#9588 0 80000094     a081 r 00         00000000  c.j      . + 0x40
#9589 0 800000d4 fe842703 r 0e         00000000  lw       x14, -0x18(x8)
#9590 0 800000d8 fd842783 r 0f         00000001  lw       x15, -0x28(x8)
#9591 0 800000dc faf74de3 r 00         00000000  blt      x14, x15, . - 0x46
#9592 0 80000096 fe842783 r 0f         00000000  lw       x15, -0x18(x8)
#9593 0 8000009a     078a r 0f         00000000  c.slli   x15, 2
#9594 0 8000009c fdc42703 r 0e         f0040fec  lw       x14, -0x24(x8)
#9595 0 800000a0     97ba r 0f         f0040fec  c.add    x15, x14
#9596 0 800000a2     4384 r 09         00000001  c.lw     x9, 0x0(x15)
#9597 0 800000a4 fd842703 r 0e         00000001  lw       x14, -0x28(x8)
#9598 0 800000a8 fe842783 r 0f         00000000  lw       x15, -0x18(x8)
#9599 0 800000ac 40f707b3 r 0f         00000001  sub      x15, x14, x15
#9600 0 800000b0     17fd r 0f         00000000  c.addi   x15, -0x1
#9601 0 800000b2     85be r 0b         00000000  c.mv     x11, x15
#9602 0 800000b4 fdc42503 r 0a         f0040fec  lw       x10, -0x24(x8)
#9603 0 800000b8     3f4d r 01         800000ba  c.jal    . - 0x4e
#9604 0 8000006a     7179 r 02         f0040ec0  c.addi16sp -0x3
#9605 0 8000006c     d606 m f0040eec   800000ba  c.swsp   x1, 0x2c
#9606 0 8000006e     d422 m f0040ee8   f0040f20  c.swsp   x8, 0x28
#9607 0 80000070     d226 m f0040ee4   00000001  c.swsp   x9, 0x24
#9608 0 80000072     1800 r 08         f0040ef0  c.addi4spn  x8, 0xc
#9609 0 80000074 fca42e23 m f0040ecc   f0040fec  sw       x10, -0x24(x8)
#9610 0 80000078 fcb42c23 m f0040ec8   00000000  sw       x11, -0x28(x8)
#9611 0 8000007c fd842783 r 0f         00000000  lw       x15, -0x28(x8)
#9612 0 80000080 00f04463 r 00         00000000  blt      x0, x15, . + 0x8
#9613 0 80000084     4781 r 0f         00000000  c.li     x15, 0x0
#9614 0 80000086     a8b9 r 00         00000000  c.j      . + 0x5e
#9615 0 800000e4     853e r 0a         00000000  c.mv     x10, x15
#9616 0 800000e6     50b2 r 01         800000ba  c.lwsp   x1, 0x2c
#9617 0 800000e8     5422 r 08         f0040f20  c.lwsp   x8, 0x28
#9618 0 800000ea     5492 r 09         00000001  c.lwsp   x9, 0x24
#9619 0 800000ec     6145 r 02         f0040ef0  c.addi16sp 0x3
#9620 0 800000ee     8082 r 00         00000000  c.jr     x1
#9621 0 800000ba     87aa r 0f         00000000  c.mv     x15, x10
#9622 0 800000bc     97a6 r 0f         00000001  c.add    x15, x9
#9623 0 800000be     85be r 0b         00000001  c.mv     x11, x15
#9624 0 800000c0 fec42503 r 0a         80000000  lw       x10, -0x14(x8)
#9625 0 800000c4     3749 r 01         800000c6  c.jal    . - 0x7e
#9626 0 80000046     1101 r 02         f0040ed0  c.addi   x2, -0x20
#9627 0 80000048     ce22 m f0040eec   f0040f20  c.swsp   x8, 0x1c
#9628 0 8000004a     1000 r 08         f0040ef0  c.addi4spn  x8, 0x8
#9629 0 8000004c fea42623 m f0040edc   80000000  sw       x10, -0x14(x8)
#9630 0 80000050 feb42423 m f0040ed8   00000001  sw       x11, -0x18(x8)
#9631 0 80000054 fec42703 r 0e         80000000  lw       x14, -0x14(x8)
#9632 0 80000058 fe842783 r 0f         00000001  lw       x15, -0x18(x8)
#9633 0 8000005c 00e7d363 r 00         00000000  bge      x15, x14, . + 0x6
#9634 0 80000062     853e r 0a         00000001  c.mv     x10, x15
#9635 0 80000064     4472 r 08         f0040f20  c.lwsp   x8, 0x1c
#9636 0 80000066     6105 r 02         f0040ef0  c.addi16sp 0x2
#9637 0 80000068     8082 r 00         00000000  c.jr     x1
#9638 0 800000c6 fea42623 m f0040f0c   00000001  sw       x10, -0x14(x8)
#9639 0 800000ca fe842783 r 0f         00000000  lw       x15, -0x18(x8)
#9640 0 800000ce     0785 r 0f         00000001  c.addi   x15, 0x1
#9641 0 800000d0 fef42423 m f0040f08   00000001  sw       x15, -0x18(x8)
#9642 0 800000d4 fe842703 r 0e         00000001  lw       x14, -0x18(x8)
#9643 0 800000d8 fd842783 r 0f         00000001  lw       x15, -0x28(x8)
#9644 0 800000dc faf74de3 r 00         00000000  blt      x14, x15, . - 0x46
#9645 0 800000e0 fec42783 r 0f         00000001  lw       x15, -0x14(x8)
#9646 0 800000e4     853e r 0a         00000001  c.mv     x10, x15
#9647 0 800000e6     50b2 r 01         800000ba  c.lwsp   x1, 0x2c
#9648 0 800000e8     5422 r 08         f0040f50  c.lwsp   x8, 0x28
#9649 0 800000ea     5492 r 09         00000001  c.lwsp   x9, 0x24
#9650 0 800000ec     6145 r 02         f0040f20  c.addi16sp 0x3
#9651 0 800000ee     8082 r 00         00000000  c.jr     x1
#9652 0 800000ba     87aa r 0f         00000001  c.mv     x15, x10
#9653 0 800000bc     97a6 r 0f         00000002  c.add    x15, x9
#9654 0 800000be     85be r 0b         00000002  c.mv     x11, x15
#9655 0 800000c0 fec42503 r 0a         80000000  lw       x10, -0x14(x8)
#9656 0 800000c4     3749 r 01         800000c6  c.jal    . - 0x7e
#9657 0 80000046     1101 r 02         f0040f00  c.addi   x2, -0x20
#9658 0 80000048     ce22 m f0040f1c   f0040f50  c.swsp   x8, 0x1c
#9659 0 8000004a     1000 r 08         f0040f20  c.addi4spn  x8, 0x8
#9660 0 8000004c fea42623 m f0040f0c   80000000  sw       x10, -0x14(x8)
#9661 0 80000050 feb42423 m f0040f08   00000002  sw       x11, -0x18(x8)
#9662 0 80000054 fec42703 r 0e         80000000  lw       x14, -0x14(x8)
#9663 0 80000058 fe842783 r 0f         00000002  lw       x15, -0x18(x8)
#9664 0 8000005c 00e7d363 r 00         00000000  bge      x15, x14, . + 0x6
#9665 0 80000062     853e r 0a         00000002  c.mv     x10, x15
#9666 0 80000064     4472 r 08         f0040f50  c.lwsp   x8, 0x1c
#9667 0 80000066     6105 r 02         f0040f20  c.addi16sp 0x2
#9668 0 80000068     8082 r 00         00000000  c.jr     x1
#9669 0 800000c6 fea42623 m f0040f3c   00000002  sw       x10, -0x14(x8)
#9670 0 800000ca fe842783 r 0f         00000000  lw       x15, -0x18(x8)
#9671 0 800000ce     0785 r 0f         00000001  c.addi   x15, 0x1
#9672 0 800000d0 fef42423 m f0040f38   00000001  sw       x15, -0x18(x8)
#9673 0 800000d4 fe842703 r 0e         00000001  lw       x14, -0x18(x8)
#9674 0 800000d8 fd842783 r 0f         00000002  lw       x15, -0x28(x8)
#9675 0 800000dc faf74de3 r 00         00000000  blt      x14, x15, . - 0x46
#9676 0 80000096 fe842783 r 0f         00000001  lw       x15, -0x18(x8)
#9677 0 8000009a     078a r 0f         00000004  c.slli   x15, 2
#9678 0 8000009c fdc42703 r 0e         f0040fec  lw       x14, -0x24(x8)
#9679 0 800000a0     97ba r 0f         f0040ff0  c.add    x15, x14
#9680 0 800000a2     4384 r 09         00000005  c.lw     x9, 0x0(x15)
#9681 0 800000a4 fd842703 r 0e         00000002  lw       x14, -0x28(x8)
#9682 0 800000a8 fe842783 r 0f         00000001  lw       x15, -0x18(x8)
#9683 0 800000ac 40f707b3 r 0f         00000001  sub      x15, x14, x15
#9684 0 800000b0     17fd r 0f         00000000  c.addi   x15, -0x1
#9685 0 800000b2     85be r 0b         00000000  c.mv     x11, x15
#9686 0 800000b4 fdc42503 r 0a         f0040fec  lw       x10, -0x24(x8)
#9687 0 800000b8     3f4d r 01         800000ba  c.jal    . - 0x4e
#9688 0 8000006a     7179 r 02         f0040ef0  c.addi16sp -0x3
#9689 0 8000006c     d606 m f0040f1c   800000ba  c.swsp   x1, 0x2c
#9690 0 8000006e     d422 m f0040f18   f0040f50  c.swsp   x8, 0x28
#9691 0 80000070     d226 m f0040f14   00000005  c.swsp   x9, 0x24
#9692 0 80000072     1800 r 08         f0040f20  c.addi4spn  x8, 0xc
#9693 0 80000074 fca42e23 m f0040efc   f0040fec  sw       x10, -0x24(x8)
#9694 0 80000078 fcb42c23 m f0040ef8   00000000  sw       x11, -0x28(x8)
#9695 0 8000007c fd842783 r 0f         00000000  lw       x15, -0x28(x8)
#9696 0 80000080 00f04463 r 00         00000000  blt      x0, x15, . + 0x8
#9697 0 80000084     4781 r 0f         00000000  c.li     x15, 0x0
#9698 0 80000086     a8b9 r 00         00000000  c.j      . + 0x5e
#9699 0 800000e4     853e r 0a         00000000  c.mv     x10, x15
#9700 0 800000e6     50b2 r 01         800000ba  c.lwsp   x1, 0x2c
#9701 0 800000e8     5422 r 08         f0040f50  c.lwsp   x8, 0x28
#9702 0 800000ea     5492 r 09         00000005  c.lwsp   x9, 0x24
#9703 0 800000ec     6145 r 02         f0040f20  c.addi16sp 0x3
#9704 0 800000ee     8082 r 00         00000000  c.jr     x1
#9705 0 800000ba     87aa r 0f         00000000  c.mv     x15, x10
#9706 0 800000bc     97a6 r 0f         00000005  c.add    x15, x9
#9707 0 800000be     85be r 0b         00000005  c.mv     x11, x15
#9708 0 800000c0 fec42503 r 0a         00000002  lw       x10, -0x14(x8)
#9709 0 800000c4     3749 r 01         800000c6  c.jal    . - 0x7e
#9710 0 80000046     1101 r 02         f0040f00  c.addi   x2, -0x20
#9711 0 80000048     ce22 m f0040f1c   f0040f50  c.swsp   x8, 0x1c
#9712 0 8000004a     1000 r 08         f0040f20  c.addi4spn  x8, 0x8
#9713 0 8000004c fea42623 m f0040f0c   00000002  sw       x10, -0x14(x8)
#9714 0 80000050 feb42423 m f0040f08   00000005  sw       x11, -0x18(x8)
#9715 0 80000054 fec42703 r 0e         00000002  lw       x14, -0x14(x8)
#9716 0 80000058 fe842783 r 0f         00000005  lw       x15, -0x18(x8)
#9717 0 8000005c 00e7d363 r 00         00000000  bge      x15, x14, . + 0x6
#9718 0 80000062     853e r 0a         00000005  c.mv     x10, x15
#9719 0 80000064     4472 r 08         f0040f50  c.lwsp   x8, 0x1c
#9720 0 80000066     6105 r 02         f0040f20  c.addi16sp 0x2
#9721 0 80000068     8082 r 00         00000000  c.jr     x1
#9722 0 800000c6 fea42623 m f0040f3c   00000005  sw       x10, -0x14(x8)
#9723 0 800000ca fe842783 r 0f         00000001  lw       x15, -0x18(x8)
#9724 0 800000ce     0785 r 0f         00000002  c.addi   x15, 0x1
#9725 0 800000d0 fef42423 m f0040f38   00000002  sw       x15, -0x18(x8)
#9726 0 800000d4 fe842703 r 0e         00000002  lw       x14, -0x18(x8)
#9727 0 800000d8 fd842783 r 0f         00000002  lw       x15, -0x28(x8)
#9728 0 800000dc faf74de3 r 00         00000000  blt      x14, x15, . - 0x46
#9729 0 800000e0 fec42783 r 0f         00000005  lw       x15, -0x14(x8)
#9730 0 800000e4     853e r 0a         00000005  c.mv     x10, x15
#9731 0 800000e6     50b2 r 01         800000ba  c.lwsp   x1, 0x2c
#9732 0 800000e8     5422 r 08         f0040f80  c.lwsp   x8, 0x28
#9733 0 800000ea     5492 r 09         00000005  c.lwsp   x9, 0x24
#9734 0 800000ec     6145 r 02         f0040f50  c.addi16sp 0x3
#9735 0 800000ee     8082 r 00         00000000  c.jr     x1
#9736 0 800000ba     87aa r 0f         00000005  c.mv     x15, x10
#9737 0 800000bc     97a6 r 0f         0000000a  c.add    x15, x9
#9738 0 800000be     85be r 0b         0000000a  c.mv     x11, x15
#9739 0 800000c0 fec42503 r 0a         00000009  lw       x10, -0x14(x8)
#9740 0 800000c4     3749 r 01         800000c6  c.jal    . - 0x7e
#9741 0 80000046     1101 r 02         f0040f30  c.addi   x2, -0x20
#9742 0 80000048     ce22 m f0040f4c   f0040f80  c.swsp   x8, 0x1c
#9743 0 8000004a     1000 r 08         f0040f50  c.addi4spn  x8, 0x8
#9744 0 8000004c fea42623 m f0040f3c   00000009  sw       x10, -0x14(x8)
#9745 0 80000050 feb42423 m f0040f38   0000000a  sw       x11, -0x18(x8)
#9746 0 80000054 fec42703 r 0e         00000009  lw       x14, -0x14(x8)
#9747 0 80000058 fe842783 r 0f         0000000a  lw       x15, -0x18(x8)
#9748 0 8000005c 00e7d363 r 00         00000000  bge      x15, x14, . + 0x6
#9749 0 80000062     853e r 0a         0000000a  c.mv     x10, x15
#9750 0 80000064     4472 r 08         f0040f80  c.lwsp   x8, 0x1c
#9751 0 80000066     6105 r 02         f0040f50  c.addi16sp 0x2
#9752 0 80000068     8082 r 00         00000000  c.jr     x1
#9753 0 800000c6 fea42623 m f0040f6c   0000000a  sw       x10, -0x14(x8)
#9754 0 800000ca fe842783 r 0f         00000001  lw       x15, -0x18(x8)
#9755 0 800000ce     0785 r 0f         00000002  c.addi   x15, 0x1
#9756 0 800000d0 fef42423 m f0040f68   00000002  sw       x15, -0x18(x8)
#9757 0 800000d4 fe842703 r 0e         00000002  lw       x14, -0x18(x8)
#9758 0 800000d8 fd842783 r 0f         00000004  lw       x15, -0x28(x8)
#9759 0 800000dc faf74de3 r 00         00000000  blt      x14, x15, . - 0x46
#9760 0 80000096 fe842783 r 0f         00000002  lw       x15, -0x18(x8)
#9761 0 8000009a     078a r 0f         00000008  c.slli   x15, 2
#9762 0 8000009c fdc42703 r 0e         f0040fec  lw       x14, -0x24(x8)
#9763 0 800000a0     97ba r 0f         f0040ff4  c.add    x15, x14
#9764 0 800000a2     4384 r 09         00000008  c.lw     x9, 0x0(x15)
#9765 0 800000a4 fd842703 r 0e         00000004  lw       x14, -0x28(x8)
#9766 0 800000a8 fe842783 r 0f         00000002  lw       x15, -0x18(x8)
#9767 0 800000ac 40f707b3 r 0f         00000002  sub      x15, x14, x15
#9768 0 800000b0     17fd r 0f         00000001  c.addi   x15, -0x1
#9769 0 800000b2     85be r 0b         00000001  c.mv     x11, x15
#9770 0 800000b4 fdc42503 r 0a         f0040fec  lw       x10, -0x24(x8)
#9771 0 800000b8     3f4d r 01         800000ba  c.jal    . - 0x4e
#9772 0 8000006a     7179 r 02         f0040f20  c.addi16sp -0x3
#9773 0 8000006c     d606 m f0040f4c   800000ba  c.swsp   x1, 0x2c
#9774 0 8000006e     d422 m f0040f48   f0040f80  c.swsp   x8, 0x28
#9775 0 80000070     d226 m f0040f44   00000008  c.swsp   x9, 0x24
#9776 0 80000072     1800 r 08         f0040f50  c.addi4spn  x8, 0xc
#9777 0 80000074 fca42e23 m f0040f2c   f0040fec  sw       x10, -0x24(x8)
#9778 0 80000078 fcb42c23 m f0040f28   00000001  sw       x11, -0x28(x8)
#9779 0 8000007c fd842783 r 0f         00000001  lw       x15, -0x28(x8)
#9780 0 80000080 00f04463 r 00         00000000  blt      x0, x15, . + 0x8
#9781 0 80000088 800007b7 r 0f         80000000  lui      x15, -0x80000
#9782 0 8000008c fef42623 m f0040f3c   80000000  sw       x15, -0x14(x8)
#9783 0 80000090 fe042423 m f0040f38   00000000  sw       x0, -0x18(x8)
#9784 0 80000094     a081 r 00         00000000  c.j      . + 0x40
#9785 0 800000d4 fe842703 r 0e         00000000  lw       x14, -0x18(x8)
#9786 0 800000d8 fd842783 r 0f         00000001  lw       x15, -0x28(x8)
#9787 0 800000dc faf74de3 r 00         00000000  blt      x14, x15, . - 0x46
#9788 0 80000096 fe842783 r 0f         00000000  lw       x15, -0x18(x8)
#9789 0 8000009a     078a r 0f         00000000  c.slli   x15, 2
#9790 0 8000009c fdc42703 r 0e         f0040fec  lw       x14, -0x24(x8)
#9791 0 800000a0     97ba r 0f         f0040fec  c.add    x15, x14
#9792 0 800000a2     4384 r 09         00000001  c.lw     x9, 0x0(x15)
#9793 0 800000a4 fd842703 r 0e         00000001  lw       x14, -0x28(x8)
#9794 0 800000a8 fe842783 r 0f         00000000  lw       x15, -0x18(x8)
#9795 0 800000ac 40f707b3 r 0f         00000001  sub      x15, x14, x15
#9796 0 800000b0     17fd r 0f         00000000  c.addi   x15, -0x1
#9797 0 800000b2     85be r 0b         00000000  c.mv     x11, x15
#9798 0 800000b4 fdc42503 r 0a         f0040fec  lw       x10, -0x24(x8)
#9799 0 800000b8     3f4d r 01         800000ba  c.jal    . - 0x4e
#9800 0 8000006a     7179 r 02         f0040ef0  c.addi16sp -0x3
#9801 0 8000006c     d606 m f0040f1c   800000ba  c.swsp   x1, 0x2c
#9802 0 8000006e     d422 m f0040f18   f0040f50  c.swsp   x8, 0x28
#9803 0 80000070     d226 m f0040f14   00000001  c.swsp   x9, 0x24
#9804 0 80000072     1800 r 08         f0040f20  c.addi4spn  x8, 0xc
#9805 0 80000074 fca42e23 m f0040efc   f0040fec  sw       x10, -0x24(x8)
#9806 0 80000078 fcb42c23 m f0040ef8   00000000  sw       x11, -0x28(x8)
#9807 0 8000007c fd842783 r 0f         00000000  lw       x15, -0x28(x8)
#9808 0 80000080 00f04463 r 00         00000000  blt      x0, x15, . + 0x8
#9809 0 80000084     4781 r 0f         00000000  c.li     x15, 0x0
#9810 0 80000086     a8b9 r 00         00000000  c.j      . + 0x5e
#9811 0 800000e4     853e r 0a         00000000  c.mv     x10, x15
#9812 0 800000e6     50b2 r 01         800000ba  c.lwsp   x1, 0x2c
#9813 0 800000e8     5422 r 08         f0040f50  c.lwsp   x8, 0x28
#9814 0 800000ea     5492 r 09         00000001  c.lwsp   x9, 0x24
#9815 0 800000ec     6145 r 02         f0040f20  c.addi16sp 0x3
#9816 0 800000ee     8082 r 00         00000000  c.jr     x1
#9817 0 800000ba     87aa r 0f         00000000  c.mv     x15, x10
#9818 0 800000bc     97a6 r 0f         00000001  c.add    x15, x9
#9819 0 800000be     85be r 0b         00000001  c.mv     x11, x15
#9820 0 800000c0 fec42503 r 0a         80000000  lw       x10, -0x14(x8)
#9821 0 800000c4     3749 r 01         800000c6  c.jal    . - 0x7e
#9822 0 80000046     1101 r 02         f0040f00  c.addi   x2, -0x20
#9823 0 80000048     ce22 m f0040f1c   f0040f50  c.swsp   x8, 0x1c
#9824 0 8000004a     1000 r 08         f0040f20  c.addi4spn  x8, 0x8
#9825 0 8000004c fea42623 m f0040f0c   80000000  sw       x10, -0x14(x8)
#9826 0 80000050 feb42423 m f0040f08   00000001  sw       x11, -0x18(x8)
#9827 0 80000054 fec42703 r 0e         80000000  lw       x14, -0x14(x8)
#9828 0 80000058 fe842783 r 0f         00000001  lw       x15, -0x18(x8)
#9829 0 8000005c 00e7d363 r 00         00000000  bge      x15, x14, . + 0x6
#9830 0 80000062     853e r 0a         00000001  c.mv     x10, x15
#9831 0 80000064     4472 r 08         f0040f50  c.lwsp   x8, 0x1c
#9832 0 80000066     6105 r 02         f0040f20  c.addi16sp 0x2
#9833 0 80000068     8082 r 00         00000000  c.jr     x1
#9834 0 800000c6 fea42623 m f0040f3c   00000001  sw       x10, -0x14(x8)
#9835 0 800000ca fe842783 r 0f         00000000  lw       x15, -0x18(x8)
#9836 0 800000ce     0785 r 0f         00000001  c.addi   x15, 0x1
#9837 0 800000d0 fef42423 m f0040f38   00000001  sw       x15, -0x18(x8)
#9838 0 800000d4 fe842703 r 0e         00000001  lw       x14, -0x18(x8)
#9839 0 800000d8 fd842783 r 0f         00000001  lw       x15, -0x28(x8)
#9840 0 800000dc faf74de3 r 00         00000000  blt      x14, x15, . - 0x46
#9841 0 800000e0 fec42783 r 0f         00000001  lw       x15, -0x14(x8)
#9842 0 800000e4     853e r 0a         00000001  c.mv     x10, x15
#9843 0 800000e6     50b2 r 01         800000ba  c.lwsp   x1, 0x2c
#9844 0 800000e8     5422 r 08         f0040f80  c.lwsp   x8, 0x28
#9845 0 800000ea     5492 r 09         00000008  c.lwsp   x9, 0x24
#9846 0 800000ec     6145 r 02         f0040f50  c.addi16sp 0x3
#9847 0 800000ee     8082 r 00         00000000  c.jr     x1
#9848 0 800000ba     87aa r 0f         00000001  c.mv     x15, x10
#9849 0 800000bc     97a6 r 0f         00000009  c.add    x15, x9
#9850 0 800000be     85be r 0b         00000009  c.mv     x11, x15
#9851 0 800000c0 fec42503 r 0a         0000000a  lw       x10, -0x14(x8)
#9852 0 800000c4     3749 r 01         800000c6  c.jal    . - 0x7e
#9853 0 80000046     1101 r 02         f0040f30  c.addi   x2, -0x20
#9854 0 80000048     ce22 m f0040f4c   f0040f80  c.swsp   x8, 0x1c
#9855 0 8000004a     1000 r 08         f0040f50  c.addi4spn  x8, 0x8
#9856 0 8000004c fea42623 m f0040f3c   0000000a  sw       x10, -0x14(x8)
#9857 0 80000050 feb42423 m f0040f38   00000009  sw       x11, -0x18(x8)
#9858 0 80000054 fec42703 r 0e         0000000a  lw       x14, -0x14(x8)
#9859 0 80000058 fe842783 r 0f         00000009  lw       x15, -0x18(x8)
#9860 0 8000005c 00e7d363 r 00         00000000  bge      x15, x14, . + 0x6
#9861 0 80000060     87ba r 0f         0000000a  c.mv     x15, x14
#9862 0 80000062     853e r 0a         0000000a  c.mv     x10, x15
#9863 0 80000064     4472 r 08         f0040f80  c.lwsp   x8, 0x1c
#9864 0 80000066     6105 r 02         f0040f50  c.addi16sp 0x2
#9865 0 80000068     8082 r 00         00000000  c.jr     x1
#9866 0 800000c6 fea42623 m f0040f6c   0000000a  sw       x10, -0x14(x8)
#9867 0 800000ca fe842783 r 0f         00000002  lw       x15, -0x18(x8)
#9868 0 800000ce     0785 r 0f         00000003  c.addi   x15, 0x1
#9869 0 800000d0 fef42423 m f0040f68   00000003  sw       x15, -0x18(x8)
#9870 0 800000d4 fe842703 r 0e         00000003  lw       x14, -0x18(x8)
#9871 0 800000d8 fd842783 r 0f         00000004  lw       x15, -0x28(x8)
#9872 0 800000dc faf74de3 r 00         00000000  blt      x14, x15, . - 0x46
#9873 0 80000096 fe842783 r 0f         00000003  lw       x15, -0x18(x8)
#9874 0 8000009a     078a r 0f         0000000c  c.slli   x15, 2
#9875 0 8000009c fdc42703 r 0e         f0040fec  lw       x14, -0x24(x8)
#9876 0 800000a0     97ba r 0f         f0040ff8  c.add    x15, x14
#9877 0 800000a2     4384 r 09         00000009  c.lw     x9, 0x0(x15)
#9878 0 800000a4 fd842703 r 0e         00000004  lw       x14, -0x28(x8)
#9879 0 800000a8 fe842783 r 0f         00000003  lw       x15, -0x18(x8)
#9880 0 800000ac 40f707b3 r 0f         00000001  sub      x15, x14, x15
#9881 0 800000b0     17fd r 0f         00000000  c.addi   x15, -0x1
#9882 0 800000b2     85be r 0b         00000000  c.mv     x11, x15
#9883 0 800000b4 fdc42503 r 0a         f0040fec  lw       x10, -0x24(x8)
#9884 0 800000b8     3f4d r 01         800000ba  c.jal    . - 0x4e
#9885 0 8000006a     7179 r 02         f0040f20  c.addi16sp -0x3
#9886 0 8000006c     d606 m f0040f4c   800000ba  c.swsp   x1, 0x2c
#9887 0 8000006e     d422 m f0040f48   f0040f80  c.swsp   x8, 0x28
#9888 0 80000070     d226 m f0040f44   00000009  c.swsp   x9, 0x24
#9889 0 80000072     1800 r 08         f0040f50  c.addi4spn  x8, 0xc
#9890 0 80000074 fca42e23 m f0040f2c   f0040fec  sw       x10, -0x24(x8)
#9891 0 80000078 fcb42c23 m f0040f28   00000000  sw       x11, -0x28(x8)
#9892 0 8000007c fd842783 r 0f         00000000  lw       x15, -0x28(x8)
#9893 0 80000080 00f04463 r 00         00000000  blt      x0, x15, . + 0x8
#9894 0 80000084     4781 r 0f         00000000  c.li     x15, 0x0
#9895 0 80000086     a8b9 r 00         00000000  c.j      . + 0x5e
#9896 0 800000e4     853e r 0a         00000000  c.mv     x10, x15
#9897 0 800000e6     50b2 r 01         800000ba  c.lwsp   x1, 0x2c
#9898 0 800000e8     5422 r 08         f0040f80  c.lwsp   x8, 0x28
#9899 0 800000ea     5492 r 09         00000009  c.lwsp   x9, 0x24
#9900 0 800000ec     6145 r 02         f0040f50  c.addi16sp 0x3
#9901 0 800000ee     8082 r 00         00000000  c.jr     x1
#9902 0 800000ba     87aa r 0f         00000000  c.mv     x15, x10
#9903 0 800000bc     97a6 r 0f         00000009  c.add    x15, x9
#9904 0 800000be     85be r 0b         00000009  c.mv     x11, x15
#9905 0 800000c0 fec42503 r 0a         0000000a  lw       x10, -0x14(x8)
#9906 0 800000c4     3749 r 01         800000c6  c.jal    . - 0x7e
#9907 0 80000046     1101 r 02         f0040f30  c.addi   x2, -0x20
#9908 0 80000048     ce22 m f0040f4c   f0040f80  c.swsp   x8, 0x1c
#9909 0 8000004a     1000 r 08         f0040f50  c.addi4spn  x8, 0x8
#9910 0 8000004c fea42623 m f0040f3c   0000000a  sw       x10, -0x14(x8)
#9911 0 80000050 feb42423 m f0040f38   00000009  sw       x11, -0x18(x8)
#9912 0 80000054 fec42703 r 0e         0000000a  lw       x14, -0x14(x8)
#9913 0 80000058 fe842783 r 0f         00000009  lw       x15, -0x18(x8)
#9914 0 8000005c 00e7d363 r 00         00000000  bge      x15, x14, . + 0x6
#9915 0 80000060     87ba r 0f         0000000a  c.mv     x15, x14
#9916 0 80000062     853e r 0a         0000000a  c.mv     x10, x15
#9917 0 80000064     4472 r 08         f0040f80  c.lwsp   x8, 0x1c
#9918 0 80000066     6105 r 02         f0040f50  c.addi16sp 0x2
#9919 0 80000068     8082 r 00         00000000  c.jr     x1
#9920 0 800000c6 fea42623 m f0040f6c   0000000a  sw       x10, -0x14(x8)
#9921 0 800000ca fe842783 r 0f         00000003  lw       x15, -0x18(x8)
#9922 0 800000ce     0785 r 0f         00000004  c.addi   x15, 0x1
#9923 0 800000d0 fef42423 m f0040f68   00000004  sw       x15, -0x18(x8)
#9924 0 800000d4 fe842703 r 0e         00000004  lw       x14, -0x18(x8)
#9925 0 800000d8 fd842783 r 0f         00000004  lw       x15, -0x28(x8)
#9926 0 800000dc faf74de3 r 00         00000000  blt      x14, x15, . - 0x46
#9927 0 800000e0 fec42783 r 0f         0000000a  lw       x15, -0x14(x8)
#9928 0 800000e4     853e r 0a         0000000a  c.mv     x10, x15
#9929 0 800000e6     50b2 r 01         800000ba  c.lwsp   x1, 0x2c
#9930 0 800000e8     5422 r 08         f0040fb0  c.lwsp   x8, 0x28
#9931 0 800000ea     5492 r 09         00000005  c.lwsp   x9, 0x24
#9932 0 800000ec     6145 r 02         f0040f80  c.addi16sp 0x3
#9933 0 800000ee     8082 r 00         00000000  c.jr     x1
#9934 0 800000ba     87aa r 0f         0000000a  c.mv     x15, x10
#9935 0 800000bc     97a6 r 0f         0000000f  c.add    x15, x9
#9936 0 800000be     85be r 0b         0000000f  c.mv     x11, x15
#9937 0 800000c0 fec42503 r 0a         0000000e  lw       x10, -0x14(x8)
#9938 0 800000c4     3749 r 01         800000c6  c.jal    . - 0x7e
#9939 0 80000046     1101 r 02         f0040f60  c.addi   x2, -0x20
#9940 0 80000048     ce22 m f0040f7c   f0040fb0  c.swsp   x8, 0x1c
#9941 0 8000004a     1000 r 08         f0040f80  c.addi4spn  x8, 0x8
#9942 0 8000004c fea42623 m f0040f6c   0000000e  sw       x10, -0x14(x8)
#9943 0 80000050 feb42423 m f0040f68   0000000f  sw       x11, -0x18(x8)
#9944 0 80000054 fec42703 r 0e         0000000e  lw       x14, -0x14(x8)
#9945 0 80000058 fe842783 r 0f         0000000f  lw       x15, -0x18(x8)
#9946 0 8000005c 00e7d363 r 00         00000000  bge      x15, x14, . + 0x6
#9947 0 80000062     853e r 0a         0000000f  c.mv     x10, x15
#9948 0 80000064     4472 r 08         f0040fb0  c.lwsp   x8, 0x1c
#9949 0 80000066     6105 r 02         f0040f80  c.addi16sp 0x2
#9950 0 80000068     8082 r 00         00000000  c.jr     x1
#9951 0 800000c6 fea42623 m f0040f9c   0000000f  sw       x10, -0x14(x8)
#9952 0 800000ca fe842783 r 0f         00000001  lw       x15, -0x18(x8)
#9953 0 800000ce     0785 r 0f         00000002  c.addi   x15, 0x1
#9954 0 800000d0 fef42423 m f0040f98   00000002  sw       x15, -0x18(x8)
#9955 0 800000d4 fe842703 r 0e         00000002  lw       x14, -0x18(x8)
#9956 0 800000d8 fd842783 r 0f         00000006  lw       x15, -0x28(x8)
#9957 0 800000dc faf74de3 r 00         00000000  blt      x14, x15, . - 0x46
#9958 0 80000096 fe842783 r 0f         00000002  lw       x15, -0x18(x8)
#9959 0 8000009a     078a r 0f         00000008  c.slli   x15, 2
#9960 0 8000009c fdc42703 r 0e         f0040fec  lw       x14, -0x24(x8)
#9961 0 800000a0     97ba r 0f         f0040ff4  c.add    x15, x14
#9962 0 800000a2     4384 r 09         00000008  c.lw     x9, 0x0(x15)
#9963 0 800000a4 fd842703 r 0e         00000006  lw       x14, -0x28(x8)
#9964 0 800000a8 fe842783 r 0f         00000002  lw       x15, -0x18(x8)
#9965 0 800000ac 40f707b3 r 0f         00000004  sub      x15, x14, x15
#9966 0 800000b0     17fd r 0f         00000003  c.addi   x15, -0x1
#9967 0 800000b2     85be r 0b         00000003  c.mv     x11, x15
#9968 0 800000b4 fdc42503 r 0a         f0040fec  lw       x10, -0x24(x8)
#9969 0 800000b8     3f4d r 01         800000ba  c.jal    . - 0x4e
#9970 0 8000006a     7179 r 02         f0040f50  c.addi16sp -0x3
#9971 0 8000006c     d606 m f0040f7c   800000ba  c.swsp   x1, 0x2c
#9972 0 8000006e     d422 m f0040f78   f0040fb0  c.swsp   x8, 0x28
#9973 0 80000070     d226 m f0040f74   00000008  c.swsp   x9, 0x24
#9974 0 80000072     1800 r 08         f0040f80  c.addi4spn  x8, 0xc
#9975 0 80000074 fca42e23 m f0040f5c   f0040fec  sw       x10, -0x24(x8)
#9976 0 80000078 fcb42c23 m f0040f58   00000003  sw       x11, -0x28(x8)
#9977 0 8000007c fd842783 r 0f         00000003  lw       x15, -0x28(x8)
#9978 0 80000080 00f04463 r 00         00000000  blt      x0, x15, . + 0x8
#9979 0 80000088 800007b7 r 0f         80000000  lui      x15, -0x80000
#9980 0 8000008c fef42623 m f0040f6c   80000000  sw       x15, -0x14(x8)
#9981 0 80000090 fe042423 m f0040f68   00000000  sw       x0, -0x18(x8)
#9982 0 80000094     a081 r 00         00000000  c.j      . + 0x40
#9983 0 800000d4 fe842703 r 0e         00000000  lw       x14, -0x18(x8)
#9984 0 800000d8 fd842783 r 0f         00000003  lw       x15, -0x28(x8)
#9985 0 800000dc faf74de3 r 00         00000000  blt      x14, x15, . - 0x46
#9986 0 80000096 fe842783 r 0f         00000000  lw       x15, -0x18(x8)
#9987 0 8000009a     078a r 0f         00000000  c.slli   x15, 2
#9988 0 8000009c fdc42703 r 0e         f0040fec  lw       x14, -0x24(x8)
#9989 0 800000a0     97ba r 0f         f0040fec  c.add    x15, x14
#9990 0 800000a2     4384 r 09         00000001  c.lw     x9, 0x0(x15)
#9991 0 800000a4 fd842703 r 0e         00000003  lw       x14, -0x28(x8)
#9992 0 800000a8 fe842783 r 0f         00000000  lw       x15, -0x18(x8)
#9993 0 800000ac 40f707b3 r 0f         00000003  sub      x15, x14, x15
#9994 0 800000b0     17fd r 0f         00000002  c.addi   x15, -0x1
#9995 0 800000b2     85be r 0b         00000002  c.mv     x11, x15
#9996 0 800000b4 fdc42503 r 0a         f0040fec  lw       x10, -0x24(x8)
#9997 0 800000b8     3f4d r 01         800000ba  c.jal    . - 0x4e
#9998 0 8000006a     7179 r 02         f0040f20  c.addi16sp -0x3
#9999 0 8000006c     d606 m f0040f4c   800000ba  c.swsp   x1, 0x2c
#10000 0 8000006e     d422 m f0040f48   f0040f80  c.swsp   x8, 0x28
#10001 0 80000070     d226 m f0040f44   00000001  c.swsp   x9, 0x24
#10002 0 80000072     1800 r 08         f0040f50  c.addi4spn  x8, 0xc
#10003 0 80000074 fca42e23 m f0040f2c   f0040fec  sw       x10, -0x24(x8)
#10004 0 80000078 fcb42c23 m f0040f28   00000002  sw       x11, -0x28(x8)
#10005 0 8000007c fd842783 r 0f         00000002  lw       x15, -0x28(x8)
#10006 0 80000080 00f04463 r 00         00000000  blt      x0, x15, . + 0x8
#10007 0 80000088 800007b7 r 0f         80000000  lui      x15, -0x80000
#10008 0 8000008c fef42623 m f0040f3c   80000000  sw       x15, -0x14(x8)
#10009 0 80000090 fe042423 m f0040f38   00000000  sw       x0, -0x18(x8)
#10010 0 80000094     a081 r 00         00000000  c.j      . + 0x40
#10011 0 800000d4 fe842703 r 0e         00000000  lw       x14, -0x18(x8)
#10012 0 800000d8 fd842783 r 0f         00000002  lw       x15, -0x28(x8)
#10013 0 800000dc faf74de3 r 00         00000000  blt      x14, x15, . - 0x46
#10014 0 80000096 fe842783 r 0f         00000000  lw       x15, -0x18(x8)
#10015 0 8000009a     078a r 0f         00000000  c.slli   x15, 2
#10016 0 8000009c fdc42703 r 0e         f0040fec  lw       x14, -0x24(x8)
#10017 0 800000a0     97ba r 0f         f0040fec  c.add    x15, x14
#10018 0 800000a2     4384 r 09         00000001  c.lw     x9, 0x0(x15)
#10019 0 800000a4 fd842703 r 0e         00000002  lw       x14, -0x28(x8)
#10020 0 800000a8 fe842783 r 0f         00000000  lw       x15, -0x18(x8)
#10021 0 800000ac 40f707b3 r 0f         00000002  sub      x15, x14, x15
#10022 0 800000b0     17fd r 0f         00000001  c.addi   x15, -0x1
#10023 0 800000b2     85be r 0b         00000001  c.mv     x11, x15
#10024 0 800000b4 fdc42503 r 0a         f0040fec  lw       x10, -0x24(x8)
#10025 0 800000b8     3f4d r 01         800000ba  c.jal    . - 0x4e
#10026 0 8000006a     7179 r 02         f0040ef0  c.addi16sp -0x3
#10027 0 8000006c     d606 m f0040f1c   800000ba  c.swsp   x1, 0x2c
#10028 0 8000006e     d422 m f0040f18   f0040f50  c.swsp   x8, 0x28
#10029 0 80000070     d226 m f0040f14   00000001  c.swsp   x9, 0x24
#10030 0 80000072     1800 r 08         f0040f20  c.addi4spn  x8, 0xc
#10031 0 80000074 fca42e23 m f0040efc   f0040fec  sw       x10, -0x24(x8)
#10032 0 80000078 fcb42c23 m f0040ef8   00000001  sw       x11, -0x28(x8)
#10033 0 8000007c fd842783 r 0f         00000001  lw       x15, -0x28(x8)
#10034 0 80000080 00f04463 r 00         00000000  blt      x0, x15, . + 0x8
#10035 0 80000088 800007b7 r 0f         80000000  lui      x15, -0x80000
#10036 0 8000008c fef42623 m f0040f0c   80000000  sw       x15, -0x14(x8)
#10037 0 80000090 fe042423 m f0040f08   00000000  sw       x0, -0x18(x8)
#10038 0 80000094     a081 r 00         00000000  c.j      . + 0x40
#10039 0 800000d4 fe842703 r 0e         00000000  lw       x14, -0x18(x8)
#10040 0 800000d8 fd842783 r 0f         00000001  lw       x15, -0x28(x8)
#10041 0 800000dc faf74de3 r 00         00000000  blt      x14, x15, . - 0x46
#10042 0 80000096 fe842783 r 0f         00000000  lw       x15, -0x18(x8)
#10043 0 8000009a     078a r 0f         00000000  c.slli   x15, 2
#10044 0 8000009c fdc42703 r 0e         f0040fec  lw       x14, -0x24(x8)
#10045 0 800000a0     97ba r 0f         f0040fec  c.add    x15, x14
#10046 0 800000a2     4384 r 09         00000001  c.lw     x9, 0x0(x15)
#10047 0 800000a4 fd842703 r 0e         00000001  lw       x14, -0x28(x8)
#10048 0 800000a8 fe842783 r 0f         00000000  lw       x15, -0x18(x8)
#10049 0 800000ac 40f707b3 r 0f         00000001  sub      x15, x14, x15
#10050 0 800000b0     17fd r 0f         00000000  c.addi   x15, -0x1
#10051 0 800000b2     85be r 0b         00000000  c.mv     x11, x15
#10052 0 800000b4 fdc42503 r 0a         f0040fec  lw       x10, -0x24(x8)
#10053 0 800000b8     3f4d r 01         800000ba  c.jal    . - 0x4e
#10054 0 8000006a     7179 r 02         f0040ec0  c.addi16sp -0x3
#10055 0 8000006c     d606 m f0040eec   800000ba  c.swsp   x1, 0x2c
#10056 0 8000006e     d422 m f0040ee8   f0040f20  c.swsp   x8, 0x28
#10057 0 80000070     d226 m f0040ee4   00000001  c.swsp   x9, 0x24
#10058 0 80000072     1800 r 08         f0040ef0  c.addi4spn  x8, 0xc
#10059 0 80000074 fca42e23 m f0040ecc   f0040fec  sw       x10, -0x24(x8)
#10060 0 80000078 fcb42c23 m f0040ec8   00000000  sw       x11, -0x28(x8)
#10061 0 8000007c fd842783 r 0f         00000000  lw       x15, -0x28(x8)
#10062 0 80000080 00f04463 r 00         00000000  blt      x0, x15, . + 0x8
#10063 0 80000084     4781 r 0f         00000000  c.li     x15, 0x0
#10064 0 80000086     a8b9 r 00         00000000  c.j      . + 0x5e
#10065 0 800000e4     853e r 0a         00000000  c.mv     x10, x15
#10066 0 800000e6     50b2 r 01         800000ba  c.lwsp   x1, 0x2c
#10067 0 800000e8     5422 r 08         f0040f20  c.lwsp   x8, 0x28
#10068 0 800000ea     5492 r 09         00000001  c.lwsp   x9, 0x24
#10069 0 800000ec     6145 r 02         f0040ef0  c.addi16sp 0x3
#10070 0 800000ee     8082 r 00         00000000  c.jr     x1
#10071 0 800000ba     87aa r 0f         00000000  c.mv     x15, x10
#10072 0 800000bc     97a6 r 0f         00000001  c.add    x15, x9
#10073 0 800000be     85be r 0b         00000001  c.mv     x11, x15
#10074 0 800000c0 fec42503 r 0a         80000000  lw       x10, -0x14(x8)
#10075 0 800000c4     3749 r 01         800000c6  c.jal    . - 0x7e
#10076 0 80000046     1101 r 02         f0040ed0  c.addi   x2, -0x20
#10077 0 80000048     ce22 m f0040eec   f0040f20  c.swsp   x8, 0x1c
#10078 0 8000004a     1000 r 08         f0040ef0  c.addi4spn  x8, 0x8
#10079 0 8000004c fea42623 m f0040edc   80000000  sw       x10, -0x14(x8)
#10080 0 80000050 feb42423 m f0040ed8   00000001  sw       x11, -0x18(x8)
#10081 0 80000054 fec42703 r 0e         80000000  lw       x14, -0x14(x8)
#10082 0 80000058 fe842783 r 0f         00000001  lw       x15, -0x18(x8)
#10083 0 8000005c 00e7d363 r 00         00000000  bge      x15, x14, . + 0x6
#10084 0 80000062     853e r 0a         00000001  c.mv     x10, x15
#10085 0 80000064     4472 r 08         f0040f20  c.lwsp   x8, 0x1c
#10086 0 80000066     6105 r 02         f0040ef0  c.addi16sp 0x2
#10087 0 80000068     8082 r 00         00000000  c.jr     x1
#10088 0 800000c6 fea42623 m f0040f0c   00000001  sw       x10, -0x14(x8)
#10089 0 800000ca fe842783 r 0f         00000000  lw       x15, -0x18(x8)
#10090 0 800000ce     0785 r 0f         00000001  c.addi   x15, 0x1
#10091 0 800000d0 fef42423 m f0040f08   00000001  sw       x15, -0x18(x8)
#10092 0 800000d4 fe842703 r 0e         00000001  lw       x14, -0x18(x8)
#10093 0 800000d8 fd842783 r 0f         00000001  lw       x15, -0x28(x8)
#10094 0 800000dc faf74de3 r 00         00000000  blt      x14, x15, . - 0x46
#10095 0 800000e0 fec42783 r 0f         00000001  lw       x15, -0x14(x8)
#10096 0 800000e4     853e r 0a         00000001  c.mv     x10, x15
#10097 0 800000e6     50b2 r 01         800000ba  c.lwsp   x1, 0x2c
#10098 0 800000e8     5422 r 08         f0040f50  c.lwsp   x8, 0x28
#10099 0 800000ea     5492 r 09         00000001  c.lwsp   x9, 0x24
#10100 0 800000ec     6145 r 02         f0040f20  c.addi16sp 0x3
#10101 0 800000ee     8082 r 00         00000000  c.jr     x1
#10102 0 800000ba     87aa r 0f         00000001  c.mv     x15, x10
#10103 0 800000bc     97a6 r 0f         00000002  c.add    x15, x9
#10104 0 800000be     85be r 0b         00000002  c.mv     x11, x15
#10105 0 800000c0 fec42503 r 0a         80000000  lw       x10, -0x14(x8)
#10106 0 800000c4     3749 r 01         800000c6  c.jal    . - 0x7e
#10107 0 80000046     1101 r 02         f0040f00  c.addi   x2, -0x20
#10108 0 80000048     ce22 m f0040f1c   f0040f50  c.swsp   x8, 0x1c
#10109 0 8000004a     1000 r 08         f0040f20  c.addi4spn  x8, 0x8
#10110 0 8000004c fea42623 m f0040f0c   80000000  sw       x10, -0x14(x8)
#10111 0 80000050 feb42423 m f0040f08   00000002  sw       x11, -0x18(x8)
#10112 0 80000054 fec42703 r 0e         80000000  lw       x14, -0x14(x8)
#10113 0 80000058 fe842783 r 0f         00000002  lw       x15, -0x18(x8)
#10114 0 8000005c 00e7d363 r 00         00000000  bge      x15, x14, . + 0x6
#10115 0 80000062     853e r 0a         00000002  c.mv     x10, x15
#10116 0 80000064     4472 r 08         f0040f50  c.lwsp   x8, 0x1c
#10117 0 80000066     6105 r 02         f0040f20  c.addi16sp 0x2
#10118 0 80000068     8082 r 00         00000000  c.jr     x1
#10119 0 800000c6 fea42623 m f0040f3c   00000002  sw       x10, -0x14(x8)
#10120 0 800000ca fe842783 r 0f         00000000  lw       x15, -0x18(x8)
#10121 0 800000ce     0785 r 0f         00000001  c.addi   x15, 0x1
#10122 0 800000d0 fef42423 m f0040f38   00000001  sw       x15, -0x18(x8)
#10123 0 800000d4 fe842703 r 0e         00000001  lw       x14, -0x18(x8)
#10124 0 800000d8 fd842783 r 0f         00000002  lw       x15, -0x28(x8)
#10125 0 800000dc faf74de3 r 00         00000000  blt      x14, x15, . - 0x46
#10126 0 80000096 fe842783 r 0f         00000001  lw       x15, -0x18(x8)
#10127 0 8000009a     078a r 0f         00000004  c.slli   x15, 2
#10128 0 8000009c fdc42703 r 0e         f0040fec  lw       x14, -0x24(x8)
#10129 0 800000a0     97ba r 0f         f0040ff0  c.add    x15, x14
#10130 0 800000a2     4384 r 09         00000005  c.lw     x9, 0x0(x15)
#10131 0 800000a4 fd842703 r 0e         00000002  lw       x14, -0x28(x8)
#10132 0 800000a8 fe842783 r 0f         00000001  lw       x15, -0x18(x8)
#10133 0 800000ac 40f707b3 r 0f         00000001  sub      x15, x14, x15
#10134 0 800000b0     17fd r 0f         00000000  c.addi   x15, -0x1
#10135 0 800000b2     85be r 0b         00000000  c.mv     x11, x15
#10136 0 800000b4 fdc42503 r 0a         f0040fec  lw       x10, -0x24(x8)
#10137 0 800000b8     3f4d r 01         800000ba  c.jal    . - 0x4e
#10138 0 8000006a     7179 r 02         f0040ef0  c.addi16sp -0x3
#10139 0 8000006c     d606 m f0040f1c   800000ba  c.swsp   x1, 0x2c
#10140 0 8000006e     d422 m f0040f18   f0040f50  c.swsp   x8, 0x28
#10141 0 80000070     d226 m f0040f14   00000005  c.swsp   x9, 0x24
#10142 0 80000072     1800 r 08         f0040f20  c.addi4spn  x8, 0xc
#10143 0 80000074 fca42e23 m f0040efc   f0040fec  sw       x10, -0x24(x8)
#10144 0 80000078 fcb42c23 m f0040ef8   00000000  sw       x11, -0x28(x8)
#10145 0 8000007c fd842783 r 0f         00000000  lw       x15, -0x28(x8)
#10146 0 80000080 00f04463 r 00         00000000  blt      x0, x15, . + 0x8
#10147 0 80000084     4781 r 0f         00000000  c.li     x15, 0x0
#10148 0 80000086     a8b9 r 00         00000000  c.j      . + 0x5e
#10149 0 800000e4     853e r 0a         00000000  c.mv     x10, x15
#10150 0 800000e6     50b2 r 01         800000ba  c.lwsp   x1, 0x2c
#10151 0 800000e8     5422 r 08         f0040f50  c.lwsp   x8, 0x28
#10152 0 800000ea     5492 r 09         00000005  c.lwsp   x9, 0x24
#10153 0 800000ec     6145 r 02         f0040f20  c.addi16sp 0x3
#10154 0 800000ee     8082 r 00         00000000  c.jr     x1
#10155 0 800000ba     87aa r 0f         00000000  c.mv     x15, x10
#10156 0 800000bc     97a6 r 0f         00000005  c.add    x15, x9
#10157 0 800000be     85be r 0b         00000005  c.mv     x11, x15
#10158 0 800000c0 fec42503 r 0a         00000002  lw       x10, -0x14(x8)
#10159 0 800000c4     3749 r 01         800000c6  c.jal    . - 0x7e
#10160 0 80000046     1101 r 02         f0040f00  c.addi   x2, -0x20
#10161 0 80000048     ce22 m f0040f1c   f0040f50  c.swsp   x8, 0x1c
#10162 0 8000004a     1000 r 08         f0040f20  c.addi4spn  x8, 0x8
#10163 0 8000004c fea42623 m f0040f0c   00000002  sw       x10, -0x14(x8)
#10164 0 80000050 feb42423 m f0040f08   00000005  sw       x11, -0x18(x8)
#10165 0 80000054 fec42703 r 0e         00000002  lw       x14, -0x14(x8)
#10166 0 80000058 fe842783 r 0f         00000005  lw       x15, -0x18(x8)
#10167 0 8000005c 00e7d363 r 00         00000000  bge      x15, x14, . + 0x6
#10168 0 80000062     853e r 0a         00000005  c.mv     x10, x15
#10169 0 80000064     4472 r 08         f0040f50  c.lwsp   x8, 0x1c
#10170 0 80000066     6105 r 02         f0040f20  c.addi16sp 0x2
#10171 0 80000068     8082 r 00         00000000  c.jr     x1
#10172 0 800000c6 fea42623 m f0040f3c   00000005  sw       x10, -0x14(x8)
#10173 0 800000ca fe842783 r 0f         00000001  lw       x15, -0x18(x8)
#10174 0 800000ce     0785 r 0f         00000002  c.addi   x15, 0x1
#10175 0 800000d0 fef42423 m f0040f38   00000002  sw       x15, -0x18(x8)
#10176 0 800000d4 fe842703 r 0e         00000002  lw       x14, -0x18(x8)
#10177 0 800000d8 fd842783 r 0f         00000002  lw       x15, -0x28(x8)
#10178 0 800000dc faf74de3 r 00         00000000  blt      x14, x15, . - 0x46
#10179 0 800000e0 fec42783 r 0f         00000005  lw       x15, -0x14(x8)
#10180 0 800000e4     853e r 0a         00000005  c.mv     x10, x15
#10181 0 800000e6     50b2 r 01         800000ba  c.lwsp   x1, 0x2c
#10182 0 800000e8     5422 r 08         f0040f80  c.lwsp   x8, 0x28
#10183 0 800000ea     5492 r 09         00000001  c.lwsp   x9, 0x24
#10184 0 800000ec     6145 r 02         f0040f50  c.addi16sp 0x3
#10185 0 800000ee     8082 r 00         00000000  c.jr     x1
#10186 0 800000ba     87aa r 0f         00000005  c.mv     x15, x10
#10187 0 800000bc     97a6 r 0f         00000006  c.add    x15, x9
#10188 0 800000be     85be r 0b         00000006  c.mv     x11, x15
#10189 0 800000c0 fec42503 r 0a         80000000  lw       x10, -0x14(x8)
#10190 0 800000c4     3749 r 01         800000c6  c.jal    . - 0x7e
#10191 0 80000046     1101 r 02         f0040f30  c.addi   x2, -0x20
#10192 0 80000048     ce22 m f0040f4c   f0040f80  c.swsp   x8, 0x1c
#10193 0 8000004a     1000 r 08         f0040f50  c.addi4spn  x8, 0x8
#10194 0 8000004c fea42623 m f0040f3c   80000000  sw       x10, -0x14(x8)
#10195 0 80000050 feb42423 m f0040f38   00000006  sw       x11, -0x18(x8)
#10196 0 80000054 fec42703 r 0e         80000000  lw       x14, -0x14(x8)
#10197 0 80000058 fe842783 r 0f         00000006  lw       x15, -0x18(x8)
#10198 0 8000005c 00e7d363 r 00         00000000  bge      x15, x14, . + 0x6
#10199 0 80000062     853e r 0a         00000006  c.mv     x10, x15
#10200 0 80000064     4472 r 08         f0040f80  c.lwsp   x8, 0x1c
#10201 0 80000066     6105 r 02         f0040f50  c.addi16sp 0x2
#10202 0 80000068     8082 r 00         00000000  c.jr     x1
#10203 0 800000c6 fea42623 m f0040f6c   00000006  sw       x10, -0x14(x8)
#10204 0 800000ca fe842783 r 0f         00000000  lw       x15, -0x18(x8)
#10205 0 800000ce     0785 r 0f         00000001  c.addi   x15, 0x1
#10206 0 800000d0 fef42423 m f0040f68   00000001  sw       x15, -0x18(x8)
#10207 0 800000d4 fe842703 r 0e         00000001  lw       x14, -0x18(x8)
#10208 0 800000d8 fd842783 r 0f         00000003  lw       x15, -0x28(x8)
#10209 0 800000dc faf74de3 r 00         00000000  blt      x14, x15, . - 0x46
#10210 0 80000096 fe842783 r 0f         00000001  lw       x15, -0x18(x8)
#10211 0 8000009a     078a r 0f         00000004  c.slli   x15, 2
#10212 0 8000009c fdc42703 r 0e         f0040fec  lw       x14, -0x24(x8)
#10213 0 800000a0     97ba r 0f         f0040ff0  c.add    x15, x14
#10214 0 800000a2     4384 r 09         00000005  c.lw     x9, 0x0(x15)
#10215 0 800000a4 fd842703 r 0e         00000003  lw       x14, -0x28(x8)
#10216 0 800000a8 fe842783 r 0f         00000001  lw       x15, -0x18(x8)
#10217 0 800000ac 40f707b3 r 0f         00000002  sub      x15, x14, x15
#10218 0 800000b0     17fd r 0f         00000001  c.addi   x15, -0x1
#10219 0 800000b2     85be r 0b         00000001  c.mv     x11, x15
#10220 0 800000b4 fdc42503 r 0a         f0040fec  lw       x10, -0x24(x8)
#10221 0 800000b8     3f4d r 01         800000ba  c.jal    . - 0x4e
#10222 0 8000006a     7179 r 02         f0040f20  c.addi16sp -0x3
#10223 0 8000006c     d606 m f0040f4c   800000ba  c.swsp   x1, 0x2c
#10224 0 8000006e     d422 m f0040f48   f0040f80  c.swsp   x8, 0x28
#10225 0 80000070     d226 m f0040f44   00000005  c.swsp   x9, 0x24
#10226 0 80000072     1800 r 08         f0040f50  c.addi4spn  x8, 0xc
#10227 0 80000074 fca42e23 m f0040f2c   f0040fec  sw       x10, -0x24(x8)
#10228 0 80000078 fcb42c23 m f0040f28   00000001  sw       x11, -0x28(x8)
#10229 0 8000007c fd842783 r 0f         00000001  lw       x15, -0x28(x8)
#10230 0 80000080 00f04463 r 00         00000000  blt      x0, x15, . + 0x8
#10231 0 80000088 800007b7 r 0f         80000000  lui      x15, -0x80000
#10232 0 8000008c fef42623 m f0040f3c   80000000  sw       x15, -0x14(x8)
#10233 0 80000090 fe042423 m f0040f38   00000000  sw       x0, -0x18(x8)
#10234 0 80000094     a081 r 00         00000000  c.j      . + 0x40
#10235 0 800000d4 fe842703 r 0e         00000000  lw       x14, -0x18(x8)
#10236 0 800000d8 fd842783 r 0f         00000001  lw       x15, -0x28(x8)
#10237 0 800000dc faf74de3 r 00         00000000  blt      x14, x15, . - 0x46
#10238 0 80000096 fe842783 r 0f         00000000  lw       x15, -0x18(x8)
#10239 0 8000009a     078a r 0f         00000000  c.slli   x15, 2
#10240 0 8000009c fdc42703 r 0e         f0040fec  lw       x14, -0x24(x8)
#10241 0 800000a0     97ba r 0f         f0040fec  c.add    x15, x14
#10242 0 800000a2     4384 r 09         00000001  c.lw     x9, 0x0(x15)
#10243 0 800000a4 fd842703 r 0e         00000001  lw       x14, -0x28(x8)
#10244 0 800000a8 fe842783 r 0f         00000000  lw       x15, -0x18(x8)
#10245 0 800000ac 40f707b3 r 0f         00000001  sub      x15, x14, x15
#10246 0 800000b0     17fd r 0f         00000000  c.addi   x15, -0x1
#10247 0 800000b2     85be r 0b         00000000  c.mv     x11, x15
#10248 0 800000b4 fdc42503 r 0a         f0040fec  lw       x10, -0x24(x8)
#10249 0 800000b8     3f4d r 01         800000ba  c.jal    . - 0x4e
#10250 0 8000006a     7179 r 02         f0040ef0  c.addi16sp -0x3
#10251 0 8000006c     d606 m f0040f1c   800000ba  c.swsp   x1, 0x2c
#10252 0 8000006e     d422 m f0040f18   f0040f50  c.swsp   x8, 0x28
#10253 0 80000070     d226 m f0040f14   00000001  c.swsp   x9, 0x24
#10254 0 80000072     1800 r 08         f0040f20  c.addi4spn  x8, 0xc
#10255 0 80000074 fca42e23 m f0040efc   f0040fec  sw       x10, -0x24(x8)
#10256 0 80000078 fcb42c23 m f0040ef8   00000000  sw       x11, -0x28(x8)
#10257 0 8000007c fd842783 r 0f         00000000  lw       x15, -0x28(x8)
#10258 0 80000080 00f04463 r 00         00000000  blt      x0, x15, . + 0x8
#10259 0 80000084     4781 r 0f         00000000  c.li     x15, 0x0
#10260 0 80000086     a8b9 r 00         00000000  c.j      . + 0x5e
#10261 0 800000e4     853e r 0a         00000000  c.mv     x10, x15
#10262 0 800000e6     50b2 r 01         800000ba  c.lwsp   x1, 0x2c
#10263 0 800000e8     5422 r 08         f0040f50  c.lwsp   x8, 0x28
#10264 0 800000ea     5492 r 09         00000001  c.lwsp   x9, 0x24
#10265 0 800000ec     6145 r 02         f0040f20  c.addi16sp 0x3
#10266 0 800000ee     8082 r 00         00000000  c.jr     x1
#10267 0 800000ba     87aa r 0f         00000000  c.mv     x15, x10
#10268 0 800000bc     97a6 r 0f         00000001  c.add    x15, x9
#10269 0 800000be     85be r 0b         00000001  c.mv     x11, x15
#10270 0 800000c0 fec42503 r 0a         80000000  lw       x10, -0x14(x8)
#10271 0 800000c4     3749 r 01         800000c6  c.jal    . - 0x7e
#10272 0 80000046     1101 r 02         f0040f00  c.addi   x2, -0x20
#10273 0 80000048     ce22 m f0040f1c   f0040f50  c.swsp   x8, 0x1c
#10274 0 8000004a     1000 r 08         f0040f20  c.addi4spn  x8, 0x8
#10275 0 8000004c fea42623 m f0040f0c   80000000  sw       x10, -0x14(x8)
#10276 0 80000050 feb42423 m f0040f08   00000001  sw       x11, -0x18(x8)
#10277 0 80000054 fec42703 r 0e         80000000  lw       x14, -0x14(x8)
#10278 0 80000058 fe842783 r 0f         00000001  lw       x15, -0x18(x8)
#10279 0 8000005c 00e7d363 r 00         00000000  bge      x15, x14, . + 0x6
#10280 0 80000062     853e r 0a         00000001  c.mv     x10, x15
#10281 0 80000064     4472 r 08         f0040f50  c.lwsp   x8, 0x1c
#10282 0 80000066     6105 r 02         f0040f20  c.addi16sp 0x2
#10283 0 80000068     8082 r 00         00000000  c.jr     x1
#10284 0 800000c6 fea42623 m f0040f3c   00000001  sw       x10, -0x14(x8)
#10285 0 800000ca fe842783 r 0f         00000000  lw       x15, -0x18(x8)
#10286 0 800000ce     0785 r 0f         00000001  c.addi   x15, 0x1
#10287 0 800000d0 fef42423 m f0040f38   00000001  sw       x15, -0x18(x8)
#10288 0 800000d4 fe842703 r 0e         00000001  lw       x14, -0x18(x8)
#10289 0 800000d8 fd842783 r 0f         00000001  lw       x15, -0x28(x8)
#10290 0 800000dc faf74de3 r 00         00000000  blt      x14, x15, . - 0x46
#10291 0 800000e0 fec42783 r 0f         00000001  lw       x15, -0x14(x8)
#10292 0 800000e4     853e r 0a         00000001  c.mv     x10, x15
#10293 0 800000e6     50b2 r 01         800000ba  c.lwsp   x1, 0x2c
#10294 0 800000e8     5422 r 08         f0040f80  c.lwsp   x8, 0x28
#10295 0 800000ea     5492 r 09         00000005  c.lwsp   x9, 0x24
#10296 0 800000ec     6145 r 02         f0040f50  c.addi16sp 0x3
#10297 0 800000ee     8082 r 00         00000000  c.jr     x1
#10298 0 800000ba     87aa r 0f         00000001  c.mv     x15, x10
#10299 0 800000bc     97a6 r 0f         00000006  c.add    x15, x9
#10300 0 800000be     85be r 0b         00000006  c.mv     x11, x15
#10301 0 800000c0 fec42503 r 0a         00000006  lw       x10, -0x14(x8)
#10302 0 800000c4     3749 r 01         800000c6  c.jal    . - 0x7e
#10303 0 80000046     1101 r 02         f0040f30  c.addi   x2, -0x20
#10304 0 80000048     ce22 m f0040f4c   f0040f80  c.swsp   x8, 0x1c
#10305 0 8000004a     1000 r 08         f0040f50  c.addi4spn  x8, 0x8
#10306 0 8000004c fea42623 m f0040f3c   00000006  sw       x10, -0x14(x8)
#10307 0 80000050 feb42423 m f0040f38   00000006  sw       x11, -0x18(x8)
#10308 0 80000054 fec42703 r 0e         00000006  lw       x14, -0x14(x8)
#10309 0 80000058 fe842783 r 0f         00000006  lw       x15, -0x18(x8)
#10310 0 8000005c 00e7d363 r 00         00000000  bge      x15, x14, . + 0x6
#10311 0 80000062     853e r 0a         00000006  c.mv     x10, x15
#10312 0 80000064     4472 r 08         f0040f80  c.lwsp   x8, 0x1c
#10313 0 80000066     6105 r 02         f0040f50  c.addi16sp 0x2
#10314 0 80000068     8082 r 00         00000000  c.jr     x1
#10315 0 800000c6 fea42623 m f0040f6c   00000006  sw       x10, -0x14(x8)
#10316 0 800000ca fe842783 r 0f         00000001  lw       x15, -0x18(x8)
#10317 0 800000ce     0785 r 0f         00000002  c.addi   x15, 0x1
#10318 0 800000d0 fef42423 m f0040f68   00000002  sw       x15, -0x18(x8)
#10319 0 800000d4 fe842703 r 0e         00000002  lw       x14, -0x18(x8)
#10320 0 800000d8 fd842783 r 0f         00000003  lw       x15, -0x28(x8)
#10321 0 800000dc faf74de3 r 00         00000000  blt      x14, x15, . - 0x46
#10322 0 80000096 fe842783 r 0f         00000002  lw       x15, -0x18(x8)
#10323 0 8000009a     078a r 0f         00000008  c.slli   x15, 2
#10324 0 8000009c fdc42703 r 0e         f0040fec  lw       x14, -0x24(x8)
#10325 0 800000a0     97ba r 0f         f0040ff4  c.add    x15, x14
#10326 0 800000a2     4384 r 09         00000008  c.lw     x9, 0x0(x15)
#10327 0 800000a4 fd842703 r 0e         00000003  lw       x14, -0x28(x8)
#10328 0 800000a8 fe842783 r 0f         00000002  lw       x15, -0x18(x8)
#10329 0 800000ac 40f707b3 r 0f         00000001  sub      x15, x14, x15
#10330 0 800000b0     17fd r 0f         00000000  c.addi   x15, -0x1
#10331 0 800000b2     85be r 0b         00000000  c.mv     x11, x15
#10332 0 800000b4 fdc42503 r 0a         f0040fec  lw       x10, -0x24(x8)
#10333 0 800000b8     3f4d r 01         800000ba  c.jal    . - 0x4e
#10334 0 8000006a     7179 r 02         f0040f20  c.addi16sp -0x3
#10335 0 8000006c     d606 m f0040f4c   800000ba  c.swsp   x1, 0x2c
#10336 0 8000006e     d422 m f0040f48   f0040f80  c.swsp   x8, 0x28
#10337 0 80000070     d226 m f0040f44   00000008  c.swsp   x9, 0x24
#10338 0 80000072     1800 r 08         f0040f50  c.addi4spn  x8, 0xc
#10339 0 80000074 fca42e23 m f0040f2c   f0040fec  sw       x10, -0x24(x8)
#10340 0 80000078 fcb42c23 m f0040f28   00000000  sw       x11, -0x28(x8)
#10341 0 8000007c fd842783 r 0f         00000000  lw       x15, -0x28(x8)
#10342 0 80000080 00f04463 r 00         00000000  blt      x0, x15, . + 0x8
#10343 0 80000084     4781 r 0f         00000000  c.li     x15, 0x0
#10344 0 80000086     a8b9 r 00         00000000  c.j      . + 0x5e
#10345 0 800000e4     853e r 0a         00000000  c.mv     x10, x15
#10346 0 800000e6     50b2 r 01         800000ba  c.lwsp   x1, 0x2c
#10347 0 800000e8     5422 r 08         f0040f80  c.lwsp   x8, 0x28
#10348 0 800000ea     5492 r 09         00000008  c.lwsp   x9, 0x24
#10349 0 800000ec     6145 r 02         f0040f50  c.addi16sp 0x3
#10350 0 800000ee     8082 r 00         00000000  c.jr     x1
#10351 0 800000ba     87aa r 0f         00000000  c.mv     x15, x10
#10352 0 800000bc     97a6 r 0f         00000008  c.add    x15, x9
#10353 0 800000be     85be r 0b         00000008  c.mv     x11, x15
#10354 0 800000c0 fec42503 r 0a         00000006  lw       x10, -0x14(x8)
#10355 0 800000c4     3749 r 01         800000c6  c.jal    . - 0x7e
#10356 0 80000046     1101 r 02         f0040f30  c.addi   x2, -0x20
#10357 0 80000048     ce22 m f0040f4c   f0040f80  c.swsp   x8, 0x1c
#10358 0 8000004a     1000 r 08         f0040f50  c.addi4spn  x8, 0x8
#10359 0 8000004c fea42623 m f0040f3c   00000006  sw       x10, -0x14(x8)
#10360 0 80000050 feb42423 m f0040f38   00000008  sw       x11, -0x18(x8)
#10361 0 80000054 fec42703 r 0e         00000006  lw       x14, -0x14(x8)
#10362 0 80000058 fe842783 r 0f         00000008  lw       x15, -0x18(x8)
#10363 0 8000005c 00e7d363 r 00         00000000  bge      x15, x14, . + 0x6
#10364 0 80000062     853e r 0a         00000008  c.mv     x10, x15
#10365 0 80000064     4472 r 08         f0040f80  c.lwsp   x8, 0x1c
#10366 0 80000066     6105 r 02         f0040f50  c.addi16sp 0x2
#10367 0 80000068     8082 r 00         00000000  c.jr     x1
#10368 0 800000c6 fea42623 m f0040f6c   00000008  sw       x10, -0x14(x8)
#10369 0 800000ca fe842783 r 0f         00000002  lw       x15, -0x18(x8)
#10370 0 800000ce     0785 r 0f         00000003  c.addi   x15, 0x1
#10371 0 800000d0 fef42423 m f0040f68   00000003  sw       x15, -0x18(x8)
#10372 0 800000d4 fe842703 r 0e         00000003  lw       x14, -0x18(x8)
#10373 0 800000d8 fd842783 r 0f         00000003  lw       x15, -0x28(x8)
#10374 0 800000dc faf74de3 r 00         00000000  blt      x14, x15, . - 0x46
#10375 0 800000e0 fec42783 r 0f         00000008  lw       x15, -0x14(x8)
#10376 0 800000e4     853e r 0a         00000008  c.mv     x10, x15
#10377 0 800000e6     50b2 r 01         800000ba  c.lwsp   x1, 0x2c
#10378 0 800000e8     5422 r 08         f0040fb0  c.lwsp   x8, 0x28
#10379 0 800000ea     5492 r 09         00000008  c.lwsp   x9, 0x24
#10380 0 800000ec     6145 r 02         f0040f80  c.addi16sp 0x3
#10381 0 800000ee     8082 r 00         00000000  c.jr     x1
#10382 0 800000ba     87aa r 0f         00000008  c.mv     x15, x10
#10383 0 800000bc     97a6 r 0f         00000010  c.add    x15, x9
#10384 0 800000be     85be r 0b         00000010  c.mv     x11, x15
#10385 0 800000c0 fec42503 r 0a         0000000f  lw       x10, -0x14(x8)
#10386 0 800000c4     3749 r 01         800000c6  c.jal    . - 0x7e
#10387 0 80000046     1101 r 02         f0040f60  c.addi   x2, -0x20
#10388 0 80000048     ce22 m f0040f7c   f0040fb0  c.swsp   x8, 0x1c
#10389 0 8000004a     1000 r 08         f0040f80  c.addi4spn  x8, 0x8
#10390 0 8000004c fea42623 m f0040f6c   0000000f  sw       x10, -0x14(x8)
#10391 0 80000050 feb42423 m f0040f68   00000010  sw       x11, -0x18(x8)
#10392 0 80000054 fec42703 r 0e         0000000f  lw       x14, -0x14(x8)
#10393 0 80000058 fe842783 r 0f         00000010  lw       x15, -0x18(x8)
#10394 0 8000005c 00e7d363 r 00         00000000  bge      x15, x14, . + 0x6
#10395 0 80000062     853e r 0a         00000010  c.mv     x10, x15
#10396 0 80000064     4472 r 08         f0040fb0  c.lwsp   x8, 0x1c
#10397 0 80000066     6105 r 02         f0040f80  c.addi16sp 0x2
#10398 0 80000068     8082 r 00         00000000  c.jr     x1
#10399 0 800000c6 fea42623 m f0040f9c   00000010  sw       x10, -0x14(x8)
#10400 0 800000ca fe842783 r 0f         00000002  lw       x15, -0x18(x8)
#10401 0 800000ce     0785 r 0f         00000003  c.addi   x15, 0x1
#10402 0 800000d0 fef42423 m f0040f98   00000003  sw       x15, -0x18(x8)
#10403 0 800000d4 fe842703 r 0e         00000003  lw       x14, -0x18(x8)
#10404 0 800000d8 fd842783 r 0f         00000006  lw       x15, -0x28(x8)
#10405 0 800000dc faf74de3 r 00         00000000  blt      x14, x15, . - 0x46
#10406 0 80000096 fe842783 r 0f         00000003  lw       x15, -0x18(x8)
#10407 0 8000009a     078a r 0f         0000000c  c.slli   x15, 2
#10408 0 8000009c fdc42703 r 0e         f0040fec  lw       x14, -0x24(x8)
#10409 0 800000a0     97ba r 0f         f0040ff8  c.add    x15, x14
#10410 0 800000a2     4384 r 09         00000009  c.lw     x9, 0x0(x15)
#10411 0 800000a4 fd842703 r 0e         00000006  lw       x14, -0x28(x8)
#10412 0 800000a8 fe842783 r 0f         00000003  lw       x15, -0x18(x8)
#10413 0 800000ac 40f707b3 r 0f         00000003  sub      x15, x14, x15
#10414 0 800000b0     17fd r 0f         00000002  c.addi   x15, -0x1
#10415 0 800000b2     85be r 0b         00000002  c.mv     x11, x15
#10416 0 800000b4 fdc42503 r 0a         f0040fec  lw       x10, -0x24(x8)
#10417 0 800000b8     3f4d r 01         800000ba  c.jal    . - 0x4e
#10418 0 8000006a     7179 r 02         f0040f50  c.addi16sp -0x3
#10419 0 8000006c     d606 m f0040f7c   800000ba  c.swsp   x1, 0x2c
#10420 0 8000006e     d422 m f0040f78   f0040fb0  c.swsp   x8, 0x28
#10421 0 80000070     d226 m f0040f74   00000009  c.swsp   x9, 0x24
#10422 0 80000072     1800 r 08         f0040f80  c.addi4spn  x8, 0xc
#10423 0 80000074 fca42e23 m f0040f5c   f0040fec  sw       x10, -0x24(x8)
#10424 0 80000078 fcb42c23 m f0040f58   00000002  sw       x11, -0x28(x8)
#10425 0 8000007c fd842783 r 0f         00000002  lw       x15, -0x28(x8)
#10426 0 80000080 00f04463 r 00         00000000  blt      x0, x15, . + 0x8
#10427 0 80000088 800007b7 r 0f         80000000  lui      x15, -0x80000
#10428 0 8000008c fef42623 m f0040f6c   80000000  sw       x15, -0x14(x8)
#10429 0 80000090 fe042423 m f0040f68   00000000  sw       x0, -0x18(x8)
#10430 0 80000094     a081 r 00         00000000  c.j      . + 0x40
#10431 0 800000d4 fe842703 r 0e         00000000  lw       x14, -0x18(x8)
#10432 0 800000d8 fd842783 r 0f         00000002  lw       x15, -0x28(x8)
#10433 0 800000dc faf74de3 r 00         00000000  blt      x14, x15, . - 0x46
#10434 0 80000096 fe842783 r 0f         00000000  lw       x15, -0x18(x8)
#10435 0 8000009a     078a r 0f         00000000  c.slli   x15, 2
#10436 0 8000009c fdc42703 r 0e         f0040fec  lw       x14, -0x24(x8)
#10437 0 800000a0     97ba r 0f         f0040fec  c.add    x15, x14
#10438 0 800000a2     4384 r 09         00000001  c.lw     x9, 0x0(x15)
#10439 0 800000a4 fd842703 r 0e         00000002  lw       x14, -0x28(x8)
#10440 0 800000a8 fe842783 r 0f         00000000  lw       x15, -0x18(x8)
#10441 0 800000ac 40f707b3 r 0f         00000002  sub      x15, x14, x15
#10442 0 800000b0     17fd r 0f         00000001  c.addi   x15, -0x1
#10443 0 800000b2     85be r 0b         00000001  c.mv     x11, x15
#10444 0 800000b4 fdc42503 r 0a         f0040fec  lw       x10, -0x24(x8)
#10445 0 800000b8     3f4d r 01         800000ba  c.jal    . - 0x4e
#10446 0 8000006a     7179 r 02         f0040f20  c.addi16sp -0x3
#10447 0 8000006c     d606 m f0040f4c   800000ba  c.swsp   x1, 0x2c
#10448 0 8000006e     d422 m f0040f48   f0040f80  c.swsp   x8, 0x28
#10449 0 80000070     d226 m f0040f44   00000001  c.swsp   x9, 0x24
#10450 0 80000072     1800 r 08         f0040f50  c.addi4spn  x8, 0xc
#10451 0 80000074 fca42e23 m f0040f2c   f0040fec  sw       x10, -0x24(x8)
#10452 0 80000078 fcb42c23 m f0040f28   00000001  sw       x11, -0x28(x8)
#10453 0 8000007c fd842783 r 0f         00000001  lw       x15, -0x28(x8)
#10454 0 80000080 00f04463 r 00         00000000  blt      x0, x15, . + 0x8
#10455 0 80000088 800007b7 r 0f         80000000  lui      x15, -0x80000
#10456 0 8000008c fef42623 m f0040f3c   80000000  sw       x15, -0x14(x8)
#10457 0 80000090 fe042423 m f0040f38   00000000  sw       x0, -0x18(x8)
#10458 0 80000094     a081 r 00         00000000  c.j      . + 0x40
#10459 0 800000d4 fe842703 r 0e         00000000  lw       x14, -0x18(x8)
#10460 0 800000d8 fd842783 r 0f         00000001  lw       x15, -0x28(x8)
#10461 0 800000dc faf74de3 r 00         00000000  blt      x14, x15, . - 0x46
#10462 0 80000096 fe842783 r 0f         00000000  lw       x15, -0x18(x8)
#10463 0 8000009a     078a r 0f         00000000  c.slli   x15, 2
#10464 0 8000009c fdc42703 r 0e         f0040fec  lw       x14, -0x24(x8)
#10465 0 800000a0     97ba r 0f         f0040fec  c.add    x15, x14
#10466 0 800000a2     4384 r 09         00000001  c.lw     x9, 0x0(x15)
#10467 0 800000a4 fd842703 r 0e         00000001  lw       x14, -0x28(x8)
#10468 0 800000a8 fe842783 r 0f         00000000  lw       x15, -0x18(x8)
#10469 0 800000ac 40f707b3 r 0f         00000001  sub      x15, x14, x15
#10470 0 800000b0     17fd r 0f         00000000  c.addi   x15, -0x1
#10471 0 800000b2     85be r 0b         00000000  c.mv     x11, x15
#10472 0 800000b4 fdc42503 r 0a         f0040fec  lw       x10, -0x24(x8)
#10473 0 800000b8     3f4d r 01         800000ba  c.jal    . - 0x4e
#10474 0 8000006a     7179 r 02         f0040ef0  c.addi16sp -0x3
#10475 0 8000006c     d606 m f0040f1c   800000ba  c.swsp   x1, 0x2c
#10476 0 8000006e     d422 m f0040f18   f0040f50  c.swsp   x8, 0x28
#10477 0 80000070     d226 m f0040f14   00000001  c.swsp   x9, 0x24
#10478 0 80000072     1800 r 08         f0040f20  c.addi4spn  x8, 0xc
#10479 0 80000074 fca42e23 m f0040efc   f0040fec  sw       x10, -0x24(x8)
#10480 0 80000078 fcb42c23 m f0040ef8   00000000  sw       x11, -0x28(x8)
#10481 0 8000007c fd842783 r 0f         00000000  lw       x15, -0x28(x8)
#10482 0 80000080 00f04463 r 00         00000000  blt      x0, x15, . + 0x8
#10483 0 80000084     4781 r 0f         00000000  c.li     x15, 0x0
#10484 0 80000086     a8b9 r 00         00000000  c.j      . + 0x5e
#10485 0 800000e4     853e r 0a         00000000  c.mv     x10, x15
#10486 0 800000e6     50b2 r 01         800000ba  c.lwsp   x1, 0x2c
#10487 0 800000e8     5422 r 08         f0040f50  c.lwsp   x8, 0x28
#10488 0 800000ea     5492 r 09         00000001  c.lwsp   x9, 0x24
#10489 0 800000ec     6145 r 02         f0040f20  c.addi16sp 0x3
#10490 0 800000ee     8082 r 00         00000000  c.jr     x1
#10491 0 800000ba     87aa r 0f         00000000  c.mv     x15, x10
#10492 0 800000bc     97a6 r 0f         00000001  c.add    x15, x9
#10493 0 800000be     85be r 0b         00000001  c.mv     x11, x15
#10494 0 800000c0 fec42503 r 0a         80000000  lw       x10, -0x14(x8)
#10495 0 800000c4     3749 r 01         800000c6  c.jal    . - 0x7e
#10496 0 80000046     1101 r 02         f0040f00  c.addi   x2, -0x20
#10497 0 80000048     ce22 m f0040f1c   f0040f50  c.swsp   x8, 0x1c
#10498 0 8000004a     1000 r 08         f0040f20  c.addi4spn  x8, 0x8
#10499 0 8000004c fea42623 m f0040f0c   80000000  sw       x10, -0x14(x8)
#10500 0 80000050 feb42423 m f0040f08   00000001  sw       x11, -0x18(x8)
#10501 0 80000054 fec42703 r 0e         80000000  lw       x14, -0x14(x8)
#10502 0 80000058 fe842783 r 0f         00000001  lw       x15, -0x18(x8)
#10503 0 8000005c 00e7d363 r 00         00000000  bge      x15, x14, . + 0x6
#10504 0 80000062     853e r 0a         00000001  c.mv     x10, x15
#10505 0 80000064     4472 r 08         f0040f50  c.lwsp   x8, 0x1c
#10506 0 80000066     6105 r 02         f0040f20  c.addi16sp 0x2
#10507 0 80000068     8082 r 00         00000000  c.jr     x1
#10508 0 800000c6 fea42623 m f0040f3c   00000001  sw       x10, -0x14(x8)
#10509 0 800000ca fe842783 r 0f         00000000  lw       x15, -0x18(x8)
#10510 0 800000ce     0785 r 0f         00000001  c.addi   x15, 0x1
#10511 0 800000d0 fef42423 m f0040f38   00000001  sw       x15, -0x18(x8)
#10512 0 800000d4 fe842703 r 0e         00000001  lw       x14, -0x18(x8)
#10513 0 800000d8 fd842783 r 0f         00000001  lw       x15, -0x28(x8)
#10514 0 800000dc faf74de3 r 00         00000000  blt      x14, x15, . - 0x46
#10515 0 800000e0 fec42783 r 0f         00000001  lw       x15, -0x14(x8)
#10516 0 800000e4     853e r 0a         00000001  c.mv     x10, x15
#10517 0 800000e6     50b2 r 01         800000ba  c.lwsp   x1, 0x2c
#10518 0 800000e8     5422 r 08         f0040f80  c.lwsp   x8, 0x28
#10519 0 800000ea     5492 r 09         00000001  c.lwsp   x9, 0x24
#10520 0 800000ec     6145 r 02         f0040f50  c.addi16sp 0x3
#10521 0 800000ee     8082 r 00         00000000  c.jr     x1
#10522 0 800000ba     87aa r 0f         00000001  c.mv     x15, x10
#10523 0 800000bc     97a6 r 0f         00000002  c.add    x15, x9
#10524 0 800000be     85be r 0b         00000002  c.mv     x11, x15
#10525 0 800000c0 fec42503 r 0a         80000000  lw       x10, -0x14(x8)
#10526 0 800000c4     3749 r 01         800000c6  c.jal    . - 0x7e
#10527 0 80000046     1101 r 02         f0040f30  c.addi   x2, -0x20
#10528 0 80000048     ce22 m f0040f4c   f0040f80  c.swsp   x8, 0x1c
#10529 0 8000004a     1000 r 08         f0040f50  c.addi4spn  x8, 0x8
#10530 0 8000004c fea42623 m f0040f3c   80000000  sw       x10, -0x14(x8)
#10531 0 80000050 feb42423 m f0040f38   00000002  sw       x11, -0x18(x8)
#10532 0 80000054 fec42703 r 0e         80000000  lw       x14, -0x14(x8)
#10533 0 80000058 fe842783 r 0f         00000002  lw       x15, -0x18(x8)
#10534 0 8000005c 00e7d363 r 00         00000000  bge      x15, x14, . + 0x6
#10535 0 80000062     853e r 0a         00000002  c.mv     x10, x15
#10536 0 80000064     4472 r 08         f0040f80  c.lwsp   x8, 0x1c
#10537 0 80000066     6105 r 02         f0040f50  c.addi16sp 0x2
#10538 0 80000068     8082 r 00         00000000  c.jr     x1
#10539 0 800000c6 fea42623 m f0040f6c   00000002  sw       x10, -0x14(x8)
#10540 0 800000ca fe842783 r 0f         00000000  lw       x15, -0x18(x8)
#10541 0 800000ce     0785 r 0f         00000001  c.addi   x15, 0x1
#10542 0 800000d0 fef42423 m f0040f68   00000001  sw       x15, -0x18(x8)
#10543 0 800000d4 fe842703 r 0e         00000001  lw       x14, -0x18(x8)
#10544 0 800000d8 fd842783 r 0f         00000002  lw       x15, -0x28(x8)
#10545 0 800000dc faf74de3 r 00         00000000  blt      x14, x15, . - 0x46
#10546 0 80000096 fe842783 r 0f         00000001  lw       x15, -0x18(x8)
#10547 0 8000009a     078a r 0f         00000004  c.slli   x15, 2
#10548 0 8000009c fdc42703 r 0e         f0040fec  lw       x14, -0x24(x8)
#10549 0 800000a0     97ba r 0f         f0040ff0  c.add    x15, x14
#10550 0 800000a2     4384 r 09         00000005  c.lw     x9, 0x0(x15)
#10551 0 800000a4 fd842703 r 0e         00000002  lw       x14, -0x28(x8)
#10552 0 800000a8 fe842783 r 0f         00000001  lw       x15, -0x18(x8)
#10553 0 800000ac 40f707b3 r 0f         00000001  sub      x15, x14, x15
#10554 0 800000b0     17fd r 0f         00000000  c.addi   x15, -0x1
#10555 0 800000b2     85be r 0b         00000000  c.mv     x11, x15
#10556 0 800000b4 fdc42503 r 0a         f0040fec  lw       x10, -0x24(x8)
#10557 0 800000b8     3f4d r 01         800000ba  c.jal    . - 0x4e
#10558 0 8000006a     7179 r 02         f0040f20  c.addi16sp -0x3
#10559 0 8000006c     d606 m f0040f4c   800000ba  c.swsp   x1, 0x2c
#10560 0 8000006e     d422 m f0040f48   f0040f80  c.swsp   x8, 0x28
#10561 0 80000070     d226 m f0040f44   00000005  c.swsp   x9, 0x24
#10562 0 80000072     1800 r 08         f0040f50  c.addi4spn  x8, 0xc
#10563 0 80000074 fca42e23 m f0040f2c   f0040fec  sw       x10, -0x24(x8)
#10564 0 80000078 fcb42c23 m f0040f28   00000000  sw       x11, -0x28(x8)
#10565 0 8000007c fd842783 r 0f         00000000  lw       x15, -0x28(x8)
#10566 0 80000080 00f04463 r 00         00000000  blt      x0, x15, . + 0x8
#10567 0 80000084     4781 r 0f         00000000  c.li     x15, 0x0
#10568 0 80000086     a8b9 r 00         00000000  c.j      . + 0x5e
#10569 0 800000e4     853e r 0a         00000000  c.mv     x10, x15
#10570 0 800000e6     50b2 r 01         800000ba  c.lwsp   x1, 0x2c
#10571 0 800000e8     5422 r 08         f0040f80  c.lwsp   x8, 0x28
#10572 0 800000ea     5492 r 09         00000005  c.lwsp   x9, 0x24
#10573 0 800000ec     6145 r 02         f0040f50  c.addi16sp 0x3
#10574 0 800000ee     8082 r 00         00000000  c.jr     x1
#10575 0 800000ba     87aa r 0f         00000000  c.mv     x15, x10
#10576 0 800000bc     97a6 r 0f         00000005  c.add    x15, x9
#10577 0 800000be     85be r 0b         00000005  c.mv     x11, x15
#10578 0 800000c0 fec42503 r 0a         00000002  lw       x10, -0x14(x8)
#10579 0 800000c4     3749 r 01         800000c6  c.jal    . - 0x7e
#10580 0 80000046     1101 r 02         f0040f30  c.addi   x2, -0x20
#10581 0 80000048     ce22 m f0040f4c   f0040f80  c.swsp   x8, 0x1c
#10582 0 8000004a     1000 r 08         f0040f50  c.addi4spn  x8, 0x8
#10583 0 8000004c fea42623 m f0040f3c   00000002  sw       x10, -0x14(x8)
#10584 0 80000050 feb42423 m f0040f38   00000005  sw       x11, -0x18(x8)
#10585 0 80000054 fec42703 r 0e         00000002  lw       x14, -0x14(x8)
#10586 0 80000058 fe842783 r 0f         00000005  lw       x15, -0x18(x8)
#10587 0 8000005c 00e7d363 r 00         00000000  bge      x15, x14, . + 0x6
#10588 0 80000062     853e r 0a         00000005  c.mv     x10, x15
#10589 0 80000064     4472 r 08         f0040f80  c.lwsp   x8, 0x1c
#10590 0 80000066     6105 r 02         f0040f50  c.addi16sp 0x2
#10591 0 80000068     8082 r 00         00000000  c.jr     x1
#10592 0 800000c6 fea42623 m f0040f6c   00000005  sw       x10, -0x14(x8)
#10593 0 800000ca fe842783 r 0f         00000001  lw       x15, -0x18(x8)
#10594 0 800000ce     0785 r 0f         00000002  c.addi   x15, 0x1
#10595 0 800000d0 fef42423 m f0040f68   00000002  sw       x15, -0x18(x8)
#10596 0 800000d4 fe842703 r 0e         00000002  lw       x14, -0x18(x8)
#10597 0 800000d8 fd842783 r 0f         00000002  lw       x15, -0x28(x8)
#10598 0 800000dc faf74de3 r 00         00000000  blt      x14, x15, . - 0x46
#10599 0 800000e0 fec42783 r 0f         00000005  lw       x15, -0x14(x8)
#10600 0 800000e4     853e r 0a         00000005  c.mv     x10, x15
#10601 0 800000e6     50b2 r 01         800000ba  c.lwsp   x1, 0x2c
#10602 0 800000e8     5422 r 08         f0040fb0  c.lwsp   x8, 0x28
#10603 0 800000ea     5492 r 09         00000009  c.lwsp   x9, 0x24
#10604 0 800000ec     6145 r 02         f0040f80  c.addi16sp 0x3
#10605 0 800000ee     8082 r 00         00000000  c.jr     x1
#10606 0 800000ba     87aa r 0f         00000005  c.mv     x15, x10
#10607 0 800000bc     97a6 r 0f         0000000e  c.add    x15, x9
#10608 0 800000be     85be r 0b         0000000e  c.mv     x11, x15
#10609 0 800000c0 fec42503 r 0a         00000010  lw       x10, -0x14(x8)
#10610 0 800000c4     3749 r 01         800000c6  c.jal    . - 0x7e
#10611 0 80000046     1101 r 02         f0040f60  c.addi   x2, -0x20
#10612 0 80000048     ce22 m f0040f7c   f0040fb0  c.swsp   x8, 0x1c
#10613 0 8000004a     1000 r 08         f0040f80  c.addi4spn  x8, 0x8
#10614 0 8000004c fea42623 m f0040f6c   00000010  sw       x10, -0x14(x8)
#10615 0 80000050 feb42423 m f0040f68   0000000e  sw       x11, -0x18(x8)
#10616 0 80000054 fec42703 r 0e         00000010  lw       x14, -0x14(x8)
#10617 0 80000058 fe842783 r 0f         0000000e  lw       x15, -0x18(x8)
#10618 0 8000005c 00e7d363 r 00         00000000  bge      x15, x14, . + 0x6
#10619 0 80000060     87ba r 0f         00000010  c.mv     x15, x14
#10620 0 80000062     853e r 0a         00000010  c.mv     x10, x15
#10621 0 80000064     4472 r 08         f0040fb0  c.lwsp   x8, 0x1c
#10622 0 80000066     6105 r 02         f0040f80  c.addi16sp 0x2
#10623 0 80000068     8082 r 00         00000000  c.jr     x1
#10624 0 800000c6 fea42623 m f0040f9c   00000010  sw       x10, -0x14(x8)
#10625 0 800000ca fe842783 r 0f         00000003  lw       x15, -0x18(x8)
#10626 0 800000ce     0785 r 0f         00000004  c.addi   x15, 0x1
#10627 0 800000d0 fef42423 m f0040f98   00000004  sw       x15, -0x18(x8)
#10628 0 800000d4 fe842703 r 0e         00000004  lw       x14, -0x18(x8)
#10629 0 800000d8 fd842783 r 0f         00000006  lw       x15, -0x28(x8)
#10630 0 800000dc faf74de3 r 00         00000000  blt      x14, x15, . - 0x46
#10631 0 80000096 fe842783 r 0f         00000004  lw       x15, -0x18(x8)
#10632 0 8000009a     078a r 0f         00000010  c.slli   x15, 2
#10633 0 8000009c fdc42703 r 0e         f0040fec  lw       x14, -0x24(x8)
#10634 0 800000a0     97ba r 0f         f0040ffc  c.add    x15, x14
#10635 0 800000a2     4384 r 09         0000000a  c.lw     x9, 0x0(x15)
#10636 0 800000a4 fd842703 r 0e         00000006  lw       x14, -0x28(x8)
#10637 0 800000a8 fe842783 r 0f         00000004  lw       x15, -0x18(x8)
#10638 0 800000ac 40f707b3 r 0f         00000002  sub      x15, x14, x15
#10639 0 800000b0     17fd r 0f         00000001  c.addi   x15, -0x1
#10640 0 800000b2     85be r 0b         00000001  c.mv     x11, x15
#10641 0 800000b4 fdc42503 r 0a         f0040fec  lw       x10, -0x24(x8)
#10642 0 800000b8     3f4d r 01         800000ba  c.jal    . - 0x4e
#10643 0 8000006a     7179 r 02         f0040f50  c.addi16sp -0x3
#10644 0 8000006c     d606 m f0040f7c   800000ba  c.swsp   x1, 0x2c
#10645 0 8000006e     d422 m f0040f78   f0040fb0  c.swsp   x8, 0x28
#10646 0 80000070     d226 m f0040f74   0000000a  c.swsp   x9, 0x24
#10647 0 80000072     1800 r 08         f0040f80  c.addi4spn  x8, 0xc
#10648 0 80000074 fca42e23 m f0040f5c   f0040fec  sw       x10, -0x24(x8)
#10649 0 80000078 fcb42c23 m f0040f58   00000001  sw       x11, -0x28(x8)
#10650 0 8000007c fd842783 r 0f         00000001  lw       x15, -0x28(x8)
#10651 0 80000080 00f04463 r 00         00000000  blt      x0, x15, . + 0x8
#10652 0 80000088 800007b7 r 0f         80000000  lui      x15, -0x80000
#10653 0 8000008c fef42623 m f0040f6c   80000000  sw       x15, -0x14(x8)
#10654 0 80000090 fe042423 m f0040f68   00000000  sw       x0, -0x18(x8)
#10655 0 80000094     a081 r 00         00000000  c.j      . + 0x40
#10656 0 800000d4 fe842703 r 0e         00000000  lw       x14, -0x18(x8)
#10657 0 800000d8 fd842783 r 0f         00000001  lw       x15, -0x28(x8)
#10658 0 800000dc faf74de3 r 00         00000000  blt      x14, x15, . - 0x46
#10659 0 80000096 fe842783 r 0f         00000000  lw       x15, -0x18(x8)
#10660 0 8000009a     078a r 0f         00000000  c.slli   x15, 2
#10661 0 8000009c fdc42703 r 0e         f0040fec  lw       x14, -0x24(x8)
#10662 0 800000a0     97ba r 0f         f0040fec  c.add    x15, x14
#10663 0 800000a2     4384 r 09         00000001  c.lw     x9, 0x0(x15)
#10664 0 800000a4 fd842703 r 0e         00000001  lw       x14, -0x28(x8)
#10665 0 800000a8 fe842783 r 0f         00000000  lw       x15, -0x18(x8)
#10666 0 800000ac 40f707b3 r 0f         00000001  sub      x15, x14, x15
#10667 0 800000b0     17fd r 0f         00000000  c.addi   x15, -0x1
#10668 0 800000b2     85be r 0b         00000000  c.mv     x11, x15
#10669 0 800000b4 fdc42503 r 0a         f0040fec  lw       x10, -0x24(x8)
#10670 0 800000b8     3f4d r 01         800000ba  c.jal    . - 0x4e
#10671 0 8000006a     7179 r 02         f0040f20  c.addi16sp -0x3
#10672 0 8000006c     d606 m f0040f4c   800000ba  c.swsp   x1, 0x2c
#10673 0 8000006e     d422 m f0040f48   f0040f80  c.swsp   x8, 0x28
#10674 0 80000070     d226 m f0040f44   00000001  c.swsp   x9, 0x24
#10675 0 80000072     1800 r 08         f0040f50  c.addi4spn  x8, 0xc
#10676 0 80000074 fca42e23 m f0040f2c   f0040fec  sw       x10, -0x24(x8)
#10677 0 80000078 fcb42c23 m f0040f28   00000000  sw       x11, -0x28(x8)
#10678 0 8000007c fd842783 r 0f         00000000  lw       x15, -0x28(x8)
#10679 0 80000080 00f04463 r 00         00000000  blt      x0, x15, . + 0x8
#10680 0 80000084     4781 r 0f         00000000  c.li     x15, 0x0
#10681 0 80000086     a8b9 r 00         00000000  c.j      . + 0x5e
#10682 0 800000e4     853e r 0a         00000000  c.mv     x10, x15
#10683 0 800000e6     50b2 r 01         800000ba  c.lwsp   x1, 0x2c
#10684 0 800000e8     5422 r 08         f0040f80  c.lwsp   x8, 0x28
#10685 0 800000ea     5492 r 09         00000001  c.lwsp   x9, 0x24
#10686 0 800000ec     6145 r 02         f0040f50  c.addi16sp 0x3
#10687 0 800000ee     8082 r 00         00000000  c.jr     x1
#10688 0 800000ba     87aa r 0f         00000000  c.mv     x15, x10
#10689 0 800000bc     97a6 r 0f         00000001  c.add    x15, x9
#10690 0 800000be     85be r 0b         00000001  c.mv     x11, x15
#10691 0 800000c0 fec42503 r 0a         80000000  lw       x10, -0x14(x8)
#10692 0 800000c4     3749 r 01         800000c6  c.jal    . - 0x7e
#10693 0 80000046     1101 r 02         f0040f30  c.addi   x2, -0x20
#10694 0 80000048     ce22 m f0040f4c   f0040f80  c.swsp   x8, 0x1c
#10695 0 8000004a     1000 r 08         f0040f50  c.addi4spn  x8, 0x8
#10696 0 8000004c fea42623 m f0040f3c   80000000  sw       x10, -0x14(x8)
#10697 0 80000050 feb42423 m f0040f38   00000001  sw       x11, -0x18(x8)
#10698 0 80000054 fec42703 r 0e         80000000  lw       x14, -0x14(x8)
#10699 0 80000058 fe842783 r 0f         00000001  lw       x15, -0x18(x8)
#10700 0 8000005c 00e7d363 r 00         00000000  bge      x15, x14, . + 0x6
#10701 0 80000062     853e r 0a         00000001  c.mv     x10, x15
#10702 0 80000064     4472 r 08         f0040f80  c.lwsp   x8, 0x1c
#10703 0 80000066     6105 r 02         f0040f50  c.addi16sp 0x2
#10704 0 80000068     8082 r 00         00000000  c.jr     x1
#10705 0 800000c6 fea42623 m f0040f6c   00000001  sw       x10, -0x14(x8)
#10706 0 800000ca fe842783 r 0f         00000000  lw       x15, -0x18(x8)
#10707 0 800000ce     0785 r 0f         00000001  c.addi   x15, 0x1
#10708 0 800000d0 fef42423 m f0040f68   00000001  sw       x15, -0x18(x8)
#10709 0 800000d4 fe842703 r 0e         00000001  lw       x14, -0x18(x8)
#10710 0 800000d8 fd842783 r 0f         00000001  lw       x15, -0x28(x8)
#10711 0 800000dc faf74de3 r 00         00000000  blt      x14, x15, . - 0x46
#10712 0 800000e0 fec42783 r 0f         00000001  lw       x15, -0x14(x8)
#10713 0 800000e4     853e r 0a         00000001  c.mv     x10, x15
#10714 0 800000e6     50b2 r 01         800000ba  c.lwsp   x1, 0x2c
#10715 0 800000e8     5422 r 08         f0040fb0  c.lwsp   x8, 0x28
#10716 0 800000ea     5492 r 09         0000000a  c.lwsp   x9, 0x24
#10717 0 800000ec     6145 r 02         f0040f80  c.addi16sp 0x3
#10718 0 800000ee     8082 r 00         00000000  c.jr     x1
#10719 0 800000ba     87aa r 0f         00000001  c.mv     x15, x10
#10720 0 800000bc     97a6 r 0f         0000000b  c.add    x15, x9
#10721 0 800000be     85be r 0b         0000000b  c.mv     x11, x15
#10722 0 800000c0 fec42503 r 0a         00000010  lw       x10, -0x14(x8)
#10723 0 800000c4     3749 r 01         800000c6  c.jal    . - 0x7e
#10724 0 80000046     1101 r 02         f0040f60  c.addi   x2, -0x20
#10725 0 80000048     ce22 m f0040f7c   f0040fb0  c.swsp   x8, 0x1c
#10726 0 8000004a     1000 r 08         f0040f80  c.addi4spn  x8, 0x8
#10727 0 8000004c fea42623 m f0040f6c   00000010  sw       x10, -0x14(x8)
#10728 0 80000050 feb42423 m f0040f68   0000000b  sw       x11, -0x18(x8)
#10729 0 80000054 fec42703 r 0e         00000010  lw       x14, -0x14(x8)
#10730 0 80000058 fe842783 r 0f         0000000b  lw       x15, -0x18(x8)
#10731 0 8000005c 00e7d363 r 00         00000000  bge      x15, x14, . + 0x6
#10732 0 80000060     87ba r 0f         00000010  c.mv     x15, x14
#10733 0 80000062     853e r 0a         00000010  c.mv     x10, x15
#10734 0 80000064     4472 r 08         f0040fb0  c.lwsp   x8, 0x1c
#10735 0 80000066     6105 r 02         f0040f80  c.addi16sp 0x2
#10736 0 80000068     8082 r 00         00000000  c.jr     x1
#10737 0 800000c6 fea42623 m f0040f9c   00000010  sw       x10, -0x14(x8)
#10738 0 800000ca fe842783 r 0f         00000004  lw       x15, -0x18(x8)
#10739 0 800000ce     0785 r 0f         00000005  c.addi   x15, 0x1
#10740 0 800000d0 fef42423 m f0040f98   00000005  sw       x15, -0x18(x8)
#10741 0 800000d4 fe842703 r 0e         00000005  lw       x14, -0x18(x8)
#10742 0 800000d8 fd842783 r 0f         00000006  lw       x15, -0x28(x8)
#10743 0 800000dc faf74de3 r 00         00000000  blt      x14, x15, . - 0x46
#10744 0 80000096 fe842783 r 0f         00000005  lw       x15, -0x18(x8)
#10745 0 8000009a     078a r 0f         00000014  c.slli   x15, 2
#10746 0 8000009c fdc42703 r 0e         f0040fec  lw       x14, -0x24(x8)
#10747 0 800000a0     97ba r 0f         f0041000  c.add    x15, x14
#10748 0 800000a2     4384 r 09         00000011  c.lw     x9, 0x0(x15)
#10749 0 800000a4 fd842703 r 0e         00000006  lw       x14, -0x28(x8)
#10750 0 800000a8 fe842783 r 0f         00000005  lw       x15, -0x18(x8)
#10751 0 800000ac 40f707b3 r 0f         00000001  sub      x15, x14, x15
#10752 0 800000b0     17fd r 0f         00000000  c.addi   x15, -0x1
#10753 0 800000b2     85be r 0b         00000000  c.mv     x11, x15
#10754 0 800000b4 fdc42503 r 0a         f0040fec  lw       x10, -0x24(x8)
#10755 0 800000b8     3f4d r 01         800000ba  c.jal    . - 0x4e
#10756 0 8000006a     7179 r 02         f0040f50  c.addi16sp -0x3
#10757 0 8000006c     d606 m f0040f7c   800000ba  c.swsp   x1, 0x2c
#10758 0 8000006e     d422 m f0040f78   f0040fb0  c.swsp   x8, 0x28
#10759 0 80000070     d226 m f0040f74   00000011  c.swsp   x9, 0x24
#10760 0 80000072     1800 r 08         f0040f80  c.addi4spn  x8, 0xc
#10761 0 80000074 fca42e23 m f0040f5c   f0040fec  sw       x10, -0x24(x8)
#10762 0 80000078 fcb42c23 m f0040f58   00000000  sw       x11, -0x28(x8)
#10763 0 8000007c fd842783 r 0f         00000000  lw       x15, -0x28(x8)
#10764 0 80000080 00f04463 r 00         00000000  blt      x0, x15, . + 0x8
#10765 0 80000084     4781 r 0f         00000000  c.li     x15, 0x0
#10766 0 80000086     a8b9 r 00         00000000  c.j      . + 0x5e
#10767 0 800000e4     853e r 0a         00000000  c.mv     x10, x15
#10768 0 800000e6     50b2 r 01         800000ba  c.lwsp   x1, 0x2c
#10769 0 800000e8     5422 r 08         f0040fb0  c.lwsp   x8, 0x28
#10770 0 800000ea     5492 r 09         00000011  c.lwsp   x9, 0x24
#10771 0 800000ec     6145 r 02         f0040f80  c.addi16sp 0x3
#10772 0 800000ee     8082 r 00         00000000  c.jr     x1
#10773 0 800000ba     87aa r 0f         00000000  c.mv     x15, x10
#10774 0 800000bc     97a6 r 0f         00000011  c.add    x15, x9
#10775 0 800000be     85be r 0b         00000011  c.mv     x11, x15
#10776 0 800000c0 fec42503 r 0a         00000010  lw       x10, -0x14(x8)
#10777 0 800000c4     3749 r 01         800000c6  c.jal    . - 0x7e
#10778 0 80000046     1101 r 02         f0040f60  c.addi   x2, -0x20
#10779 0 80000048     ce22 m f0040f7c   f0040fb0  c.swsp   x8, 0x1c
#10780 0 8000004a     1000 r 08         f0040f80  c.addi4spn  x8, 0x8
#10781 0 8000004c fea42623 m f0040f6c   00000010  sw       x10, -0x14(x8)
#10782 0 80000050 feb42423 m f0040f68   00000011  sw       x11, -0x18(x8)
#10783 0 80000054 fec42703 r 0e         00000010  lw       x14, -0x14(x8)
#10784 0 80000058 fe842783 r 0f         00000011  lw       x15, -0x18(x8)
#10785 0 8000005c 00e7d363 r 00         00000000  bge      x15, x14, . + 0x6
#10786 0 80000062     853e r 0a         00000011  c.mv     x10, x15
#10787 0 80000064     4472 r 08         f0040fb0  c.lwsp   x8, 0x1c
#10788 0 80000066     6105 r 02         f0040f80  c.addi16sp 0x2
#10789 0 80000068     8082 r 00         00000000  c.jr     x1
#10790 0 800000c6 fea42623 m f0040f9c   00000011  sw       x10, -0x14(x8)
#10791 0 800000ca fe842783 r 0f         00000005  lw       x15, -0x18(x8)
#10792 0 800000ce     0785 r 0f         00000006  c.addi   x15, 0x1
#10793 0 800000d0 fef42423 m f0040f98   00000006  sw       x15, -0x18(x8)
#10794 0 800000d4 fe842703 r 0e         00000006  lw       x14, -0x18(x8)
#10795 0 800000d8 fd842783 r 0f         00000006  lw       x15, -0x28(x8)
#10796 0 800000dc faf74de3 r 00         00000000  blt      x14, x15, . - 0x46
#10797 0 800000e0 fec42783 r 0f         00000011  lw       x15, -0x14(x8)
#10798 0 800000e4     853e r 0a         00000011  c.mv     x10, x15
#10799 0 800000e6     50b2 r 01         800000ba  c.lwsp   x1, 0x2c
#10800 0 800000e8     5422 r 08         f0040fe0  c.lwsp   x8, 0x28
#10801 0 800000ea     5492 r 09         00000005  c.lwsp   x9, 0x24
#10802 0 800000ec     6145 r 02         f0040fb0  c.addi16sp 0x3
#10803 0 800000ee     8082 r 00         00000000  c.jr     x1
#10804 0 800000ba     87aa r 0f         00000011  c.mv     x15, x10
#10805 0 800000bc     97a6 r 0f         00000016  c.add    x15, x9
#10806 0 800000be     85be r 0b         00000016  c.mv     x11, x15
#10807 0 800000c0 fec42503 r 0a         00000013  lw       x10, -0x14(x8)
#10808 0 800000c4     3749 r 01         800000c6  c.jal    . - 0x7e
#10809 0 80000046     1101 r 02         f0040f90  c.addi   x2, -0x20
#10810 0 80000048     ce22 m f0040fac   f0040fe0  c.swsp   x8, 0x1c
#10811 0 8000004a     1000 r 08         f0040fb0  c.addi4spn  x8, 0x8
#10812 0 8000004c fea42623 m f0040f9c   00000013  sw       x10, -0x14(x8)
#10813 0 80000050 feb42423 m f0040f98   00000016  sw       x11, -0x18(x8)
#10814 0 80000054 fec42703 r 0e         00000013  lw       x14, -0x14(x8)
#10815 0 80000058 fe842783 r 0f         00000016  lw       x15, -0x18(x8)
#10816 0 8000005c 00e7d363 r 00         00000000  bge      x15, x14, . + 0x6
#10817 0 80000062     853e r 0a         00000016  c.mv     x10, x15
#10818 0 80000064     4472 r 08         f0040fe0  c.lwsp   x8, 0x1c
#10819 0 80000066     6105 r 02         f0040fb0  c.addi16sp 0x2
#10820 0 80000068     8082 r 00         00000000  c.jr     x1
#10821 0 800000c6 fea42623 m f0040fcc   00000016  sw       x10, -0x14(x8)
#10822 0 800000ca fe842783 r 0f         00000001  lw       x15, -0x18(x8)
#10823 0 800000ce     0785 r 0f         00000002  c.addi   x15, 0x1
#10824 0 800000d0 fef42423 m f0040fc8   00000002  sw       x15, -0x18(x8)
#10825 0 800000d4 fe842703 r 0e         00000002  lw       x14, -0x18(x8)
#10826 0 800000d8 fd842783 r 0f         00000008  lw       x15, -0x28(x8)
#10827 0 800000dc faf74de3 r 00         00000000  blt      x14, x15, . - 0x46
#10828 0 80000096 fe842783 r 0f         00000002  lw       x15, -0x18(x8)
#10829 0 8000009a     078a r 0f         00000008  c.slli   x15, 2
#10830 0 8000009c fdc42703 r 0e         f0040fec  lw       x14, -0x24(x8)
#10831 0 800000a0     97ba r 0f         f0040ff4  c.add    x15, x14
#10832 0 800000a2     4384 r 09         00000008  c.lw     x9, 0x0(x15)
#10833 0 800000a4 fd842703 r 0e         00000008  lw       x14, -0x28(x8)
#10834 0 800000a8 fe842783 r 0f         00000002  lw       x15, -0x18(x8)
#10835 0 800000ac 40f707b3 r 0f         00000006  sub      x15, x14, x15
#10836 0 800000b0     17fd r 0f         00000005  c.addi   x15, -0x1
#10837 0 800000b2     85be r 0b         00000005  c.mv     x11, x15
#10838 0 800000b4 fdc42503 r 0a         f0040fec  lw       x10, -0x24(x8)
#10839 0 800000b8     3f4d r 01         800000ba  c.jal    . - 0x4e
#10840 0 8000006a     7179 r 02         f0040f80  c.addi16sp -0x3
#10841 0 8000006c     d606 m f0040fac   800000ba  c.swsp   x1, 0x2c
#10842 0 8000006e     d422 m f0040fa8   f0040fe0  c.swsp   x8, 0x28
#10843 0 80000070     d226 m f0040fa4   00000008  c.swsp   x9, 0x24
#10844 0 80000072     1800 r 08         f0040fb0  c.addi4spn  x8, 0xc
#10845 0 80000074 fca42e23 m f0040f8c   f0040fec  sw       x10, -0x24(x8)
#10846 0 80000078 fcb42c23 m f0040f88   00000005  sw       x11, -0x28(x8)
#10847 0 8000007c fd842783 r 0f         00000005  lw       x15, -0x28(x8)
#10848 0 80000080 00f04463 r 00         00000000  blt      x0, x15, . + 0x8
#10849 0 80000088 800007b7 r 0f         80000000  lui      x15, -0x80000
#10850 0 8000008c fef42623 m f0040f9c   80000000  sw       x15, -0x14(x8)
#10851 0 80000090 fe042423 m f0040f98   00000000  sw       x0, -0x18(x8)
#10852 0 80000094     a081 r 00         00000000  c.j      . + 0x40
#10853 0 800000d4 fe842703 r 0e         00000000  lw       x14, -0x18(x8)
#10854 0 800000d8 fd842783 r 0f         00000005  lw       x15, -0x28(x8)
#10855 0 800000dc faf74de3 r 00         00000000  blt      x14, x15, . - 0x46
#10856 0 80000096 fe842783 r 0f         00000000  lw       x15, -0x18(x8)
#10857 0 8000009a     078a r 0f         00000000  c.slli   x15, 2
#10858 0 8000009c fdc42703 r 0e         f0040fec  lw       x14, -0x24(x8)
#10859 0 800000a0     97ba r 0f         f0040fec  c.add    x15, x14
#10860 0 800000a2     4384 r 09         00000001  c.lw     x9, 0x0(x15)
#10861 0 800000a4 fd842703 r 0e         00000005  lw       x14, -0x28(x8)
#10862 0 800000a8 fe842783 r 0f         00000000  lw       x15, -0x18(x8)
#10863 0 800000ac 40f707b3 r 0f         00000005  sub      x15, x14, x15
#10864 0 800000b0     17fd r 0f         00000004  c.addi   x15, -0x1
#10865 0 800000b2     85be r 0b         00000004  c.mv     x11, x15
#10866 0 800000b4 fdc42503 r 0a         f0040fec  lw       x10, -0x24(x8)
#10867 0 800000b8     3f4d r 01         800000ba  c.jal    . - 0x4e
#10868 0 8000006a     7179 r 02         f0040f50  c.addi16sp -0x3
#10869 0 8000006c     d606 m f0040f7c   800000ba  c.swsp   x1, 0x2c
#10870 0 8000006e     d422 m f0040f78   f0040fb0  c.swsp   x8, 0x28
#10871 0 80000070     d226 m f0040f74   00000001  c.swsp   x9, 0x24
#10872 0 80000072     1800 r 08         f0040f80  c.addi4spn  x8, 0xc
#10873 0 80000074 fca42e23 m f0040f5c   f0040fec  sw       x10, -0x24(x8)
#10874 0 80000078 fcb42c23 m f0040f58   00000004  sw       x11, -0x28(x8)
#10875 0 8000007c fd842783 r 0f         00000004  lw       x15, -0x28(x8)
#10876 0 80000080 00f04463 r 00         00000000  blt      x0, x15, . + 0x8
#10877 0 80000088 800007b7 r 0f         80000000  lui      x15, -0x80000
#10878 0 8000008c fef42623 m f0040f6c   80000000  sw       x15, -0x14(x8)
#10879 0 80000090 fe042423 m f0040f68   00000000  sw       x0, -0x18(x8)
#10880 0 80000094     a081 r 00         00000000  c.j      . + 0x40
#10881 0 800000d4 fe842703 r 0e         00000000  lw       x14, -0x18(x8)
#10882 0 800000d8 fd842783 r 0f         00000004  lw       x15, -0x28(x8)
#10883 0 800000dc faf74de3 r 00         00000000  blt      x14, x15, . - 0x46
#10884 0 80000096 fe842783 r 0f         00000000  lw       x15, -0x18(x8)
#10885 0 8000009a     078a r 0f         00000000  c.slli   x15, 2
#10886 0 8000009c fdc42703 r 0e         f0040fec  lw       x14, -0x24(x8)
#10887 0 800000a0     97ba r 0f         f0040fec  c.add    x15, x14
#10888 0 800000a2     4384 r 09         00000001  c.lw     x9, 0x0(x15)
#10889 0 800000a4 fd842703 r 0e         00000004  lw       x14, -0x28(x8)
#10890 0 800000a8 fe842783 r 0f         00000000  lw       x15, -0x18(x8)
#10891 0 800000ac 40f707b3 r 0f         00000004  sub      x15, x14, x15
#10892 0 800000b0     17fd r 0f         00000003  c.addi   x15, -0x1
#10893 0 800000b2     85be r 0b         00000003  c.mv     x11, x15
#10894 0 800000b4 fdc42503 r 0a         f0040fec  lw       x10, -0x24(x8)
#10895 0 800000b8     3f4d r 01         800000ba  c.jal    . - 0x4e
#10896 0 8000006a     7179 r 02         f0040f20  c.addi16sp -0x3
#10897 0 8000006c     d606 m f0040f4c   800000ba  c.swsp   x1, 0x2c
#10898 0 8000006e     d422 m f0040f48   f0040f80  c.swsp   x8, 0x28
#10899 0 80000070     d226 m f0040f44   00000001  c.swsp   x9, 0x24
#10900 0 80000072     1800 r 08         f0040f50  c.addi4spn  x8, 0xc
#10901 0 80000074 fca42e23 m f0040f2c   f0040fec  sw       x10, -0x24(x8)
#10902 0 80000078 fcb42c23 m f0040f28   00000003  sw       x11, -0x28(x8)
#10903 0 8000007c fd842783 r 0f         00000003  lw       x15, -0x28(x8)
#10904 0 80000080 00f04463 r 00         00000000  blt      x0, x15, . + 0x8
#10905 0 80000088 800007b7 r 0f         80000000  lui      x15, -0x80000
#10906 0 8000008c fef42623 m f0040f3c   80000000  sw       x15, -0x14(x8)
#10907 0 80000090 fe042423 m f0040f38   00000000  sw       x0, -0x18(x8)
#10908 0 80000094     a081 r 00         00000000  c.j      . + 0x40
#10909 0 800000d4 fe842703 r 0e         00000000  lw       x14, -0x18(x8)
#10910 0 800000d8 fd842783 r 0f         00000003  lw       x15, -0x28(x8)
#10911 0 800000dc faf74de3 r 00         00000000  blt      x14, x15, . - 0x46
#10912 0 80000096 fe842783 r 0f         00000000  lw       x15, -0x18(x8)
#10913 0 8000009a     078a r 0f         00000000  c.slli   x15, 2
#10914 0 8000009c fdc42703 r 0e         f0040fec  lw       x14, -0x24(x8)
#10915 0 800000a0     97ba r 0f         f0040fec  c.add    x15, x14
#10916 0 800000a2     4384 r 09         00000001  c.lw     x9, 0x0(x15)
#10917 0 800000a4 fd842703 r 0e         00000003  lw       x14, -0x28(x8)
#10918 0 800000a8 fe842783 r 0f         00000000  lw       x15, -0x18(x8)
#10919 0 800000ac 40f707b3 r 0f         00000003  sub      x15, x14, x15
#10920 0 800000b0     17fd r 0f         00000002  c.addi   x15, -0x1
#10921 0 800000b2     85be r 0b         00000002  c.mv     x11, x15
#10922 0 800000b4 fdc42503 r 0a         f0040fec  lw       x10, -0x24(x8)
#10923 0 800000b8     3f4d r 01         800000ba  c.jal    . - 0x4e
#10924 0 8000006a     7179 r 02         f0040ef0  c.addi16sp -0x3
#10925 0 8000006c     d606 m f0040f1c   800000ba  c.swsp   x1, 0x2c
#10926 0 8000006e     d422 m f0040f18   f0040f50  c.swsp   x8, 0x28
#10927 0 80000070     d226 m f0040f14   00000001  c.swsp   x9, 0x24
#10928 0 80000072     1800 r 08         f0040f20  c.addi4spn  x8, 0xc
#10929 0 80000074 fca42e23 m f0040efc   f0040fec  sw       x10, -0x24(x8)
#10930 0 80000078 fcb42c23 m f0040ef8   00000002  sw       x11, -0x28(x8)
#10931 0 8000007c fd842783 r 0f         00000002  lw       x15, -0x28(x8)
#10932 0 80000080 00f04463 r 00         00000000  blt      x0, x15, . + 0x8
#10933 0 80000088 800007b7 r 0f         80000000  lui      x15, -0x80000
#10934 0 8000008c fef42623 m f0040f0c   80000000  sw       x15, -0x14(x8)
#10935 0 80000090 fe042423 m f0040f08   00000000  sw       x0, -0x18(x8)
#10936 0 80000094     a081 r 00         00000000  c.j      . + 0x40
#10937 0 800000d4 fe842703 r 0e         00000000  lw       x14, -0x18(x8)
#10938 0 800000d8 fd842783 r 0f         00000002  lw       x15, -0x28(x8)
#10939 0 800000dc faf74de3 r 00         00000000  blt      x14, x15, . - 0x46
#10940 0 80000096 fe842783 r 0f         00000000  lw       x15, -0x18(x8)
#10941 0 8000009a     078a r 0f         00000000  c.slli   x15, 2
#10942 0 8000009c fdc42703 r 0e         f0040fec  lw       x14, -0x24(x8)
#10943 0 800000a0     97ba r 0f         f0040fec  c.add    x15, x14
#10944 0 800000a2     4384 r 09         00000001  c.lw     x9, 0x0(x15)
#10945 0 800000a4 fd842703 r 0e         00000002  lw       x14, -0x28(x8)
#10946 0 800000a8 fe842783 r 0f         00000000  lw       x15, -0x18(x8)
#10947 0 800000ac 40f707b3 r 0f         00000002  sub      x15, x14, x15
#10948 0 800000b0     17fd r 0f         00000001  c.addi   x15, -0x1
#10949 0 800000b2     85be r 0b         00000001  c.mv     x11, x15
#10950 0 800000b4 fdc42503 r 0a         f0040fec  lw       x10, -0x24(x8)
#10951 0 800000b8     3f4d r 01         800000ba  c.jal    . - 0x4e
#10952 0 8000006a     7179 r 02         f0040ec0  c.addi16sp -0x3
#10953 0 8000006c     d606 m f0040eec   800000ba  c.swsp   x1, 0x2c
#10954 0 8000006e     d422 m f0040ee8   f0040f20  c.swsp   x8, 0x28
#10955 0 80000070     d226 m f0040ee4   00000001  c.swsp   x9, 0x24
#10956 0 80000072     1800 r 08         f0040ef0  c.addi4spn  x8, 0xc
#10957 0 80000074 fca42e23 m f0040ecc   f0040fec  sw       x10, -0x24(x8)
#10958 0 80000078 fcb42c23 m f0040ec8   00000001  sw       x11, -0x28(x8)
#10959 0 8000007c fd842783 r 0f         00000001  lw       x15, -0x28(x8)
#10960 0 80000080 00f04463 r 00         00000000  blt      x0, x15, . + 0x8
#10961 0 80000088 800007b7 r 0f         80000000  lui      x15, -0x80000
#10962 0 8000008c fef42623 m f0040edc   80000000  sw       x15, -0x14(x8)
#10963 0 80000090 fe042423 m f0040ed8   00000000  sw       x0, -0x18(x8)
#10964 0 80000094     a081 r 00         00000000  c.j      . + 0x40
#10965 0 800000d4 fe842703 r 0e         00000000  lw       x14, -0x18(x8)
#10966 0 800000d8 fd842783 r 0f         00000001  lw       x15, -0x28(x8)
#10967 0 800000dc faf74de3 r 00         00000000  blt      x14, x15, . - 0x46
#10968 0 80000096 fe842783 r 0f         00000000  lw       x15, -0x18(x8)
#10969 0 8000009a     078a r 0f         00000000  c.slli   x15, 2
#10970 0 8000009c fdc42703 r 0e         f0040fec  lw       x14, -0x24(x8)
#10971 0 800000a0     97ba r 0f         f0040fec  c.add    x15, x14
#10972 0 800000a2     4384 r 09         00000001  c.lw     x9, 0x0(x15)
#10973 0 800000a4 fd842703 r 0e         00000001  lw       x14, -0x28(x8)
#10974 0 800000a8 fe842783 r 0f         00000000  lw       x15, -0x18(x8)
#10975 0 800000ac 40f707b3 r 0f         00000001  sub      x15, x14, x15
#10976 0 800000b0     17fd r 0f         00000000  c.addi   x15, -0x1
#10977 0 800000b2     85be r 0b         00000000  c.mv     x11, x15
#10978 0 800000b4 fdc42503 r 0a         f0040fec  lw       x10, -0x24(x8)
#10979 0 800000b8     3f4d r 01         800000ba  c.jal    . - 0x4e
#10980 0 8000006a     7179 r 02         f0040e90  c.addi16sp -0x3
#10981 0 8000006c     d606 m f0040ebc   800000ba  c.swsp   x1, 0x2c
#10982 0 8000006e     d422 m f0040eb8   f0040ef0  c.swsp   x8, 0x28
#10983 0 80000070     d226 m f0040eb4   00000001  c.swsp   x9, 0x24
#10984 0 80000072     1800 r 08         f0040ec0  c.addi4spn  x8, 0xc
#10985 0 80000074 fca42e23 m f0040e9c   f0040fec  sw       x10, -0x24(x8)
#10986 0 80000078 fcb42c23 m f0040e98   00000000  sw       x11, -0x28(x8)
#10987 0 8000007c fd842783 r 0f         00000000  lw       x15, -0x28(x8)
#10988 0 80000080 00f04463 r 00         00000000  blt      x0, x15, . + 0x8
#10989 0 80000084     4781 r 0f         00000000  c.li     x15, 0x0
#10990 0 80000086     a8b9 r 00         00000000  c.j      . + 0x5e
#10991 0 800000e4     853e r 0a         00000000  c.mv     x10, x15
#10992 0 800000e6     50b2 r 01         800000ba  c.lwsp   x1, 0x2c
#10993 0 800000e8     5422 r 08         f0040ef0  c.lwsp   x8, 0x28
#10994 0 800000ea     5492 r 09         00000001  c.lwsp   x9, 0x24
#10995 0 800000ec     6145 r 02         f0040ec0  c.addi16sp 0x3
#10996 0 800000ee     8082 r 00         00000000  c.jr     x1
#10997 0 800000ba     87aa r 0f         00000000  c.mv     x15, x10
#10998 0 800000bc     97a6 r 0f         00000001  c.add    x15, x9
#10999 0 800000be     85be r 0b         00000001  c.mv     x11, x15
#11000 0 800000c0 fec42503 r 0a         80000000  lw       x10, -0x14(x8)
#11001 0 800000c4     3749 r 01         800000c6  c.jal    . - 0x7e
#11002 0 80000046     1101 r 02         f0040ea0  c.addi   x2, -0x20
#11003 0 80000048     ce22 m f0040ebc   f0040ef0  c.swsp   x8, 0x1c
#11004 0 8000004a     1000 r 08         f0040ec0  c.addi4spn  x8, 0x8
#11005 0 8000004c fea42623 m f0040eac   80000000  sw       x10, -0x14(x8)
#11006 0 80000050 feb42423 m f0040ea8   00000001  sw       x11, -0x18(x8)
#11007 0 80000054 fec42703 r 0e         80000000  lw       x14, -0x14(x8)
#11008 0 80000058 fe842783 r 0f         00000001  lw       x15, -0x18(x8)
#11009 0 8000005c 00e7d363 r 00         00000000  bge      x15, x14, . + 0x6
#11010 0 80000062     853e r 0a         00000001  c.mv     x10, x15
#11011 0 80000064     4472 r 08         f0040ef0  c.lwsp   x8, 0x1c
#11012 0 80000066     6105 r 02         f0040ec0  c.addi16sp 0x2
#11013 0 80000068     8082 r 00         00000000  c.jr     x1
#11014 0 800000c6 fea42623 m f0040edc   00000001  sw       x10, -0x14(x8)
#11015 0 800000ca fe842783 r 0f         00000000  lw       x15, -0x18(x8)
#11016 0 800000ce     0785 r 0f         00000001  c.addi   x15, 0x1
#11017 0 800000d0 fef42423 m f0040ed8   00000001  sw       x15, -0x18(x8)
#11018 0 800000d4 fe842703 r 0e         00000001  lw       x14, -0x18(x8)
#11019 0 800000d8 fd842783 r 0f         00000001  lw       x15, -0x28(x8)
#11020 0 800000dc faf74de3 r 00         00000000  blt      x14, x15, . - 0x46
#11021 0 800000e0 fec42783 r 0f         00000001  lw       x15, -0x14(x8)
#11022 0 800000e4     853e r 0a         00000001  c.mv     x10, x15
#11023 0 800000e6     50b2 r 01         800000ba  c.lwsp   x1, 0x2c
#11024 0 800000e8     5422 r 08         f0040f20  c.lwsp   x8, 0x28
#11025 0 800000ea     5492 r 09         00000001  c.lwsp   x9, 0x24
#11026 0 800000ec     6145 r 02         f0040ef0  c.addi16sp 0x3
#11027 0 800000ee     8082 r 00         00000000  c.jr     x1
#11028 0 800000ba     87aa r 0f         00000001  c.mv     x15, x10
#11029 0 800000bc     97a6 r 0f         00000002  c.add    x15, x9
#11030 0 800000be     85be r 0b         00000002  c.mv     x11, x15
#11031 0 800000c0 fec42503 r 0a         80000000  lw       x10, -0x14(x8)
#11032 0 800000c4     3749 r 01         800000c6  c.jal    . - 0x7e
#11033 0 80000046     1101 r 02         f0040ed0  c.addi   x2, -0x20
#11034 0 80000048     ce22 m f0040eec   f0040f20  c.swsp   x8, 0x1c
#11035 0 8000004a     1000 r 08         f0040ef0  c.addi4spn  x8, 0x8
#11036 0 8000004c fea42623 m f0040edc   80000000  sw       x10, -0x14(x8)
#11037 0 80000050 feb42423 m f0040ed8   00000002  sw       x11, -0x18(x8)
#11038 0 80000054 fec42703 r 0e         80000000  lw       x14, -0x14(x8)
#11039 0 80000058 fe842783 r 0f         00000002  lw       x15, -0x18(x8)
#11040 0 8000005c 00e7d363 r 00         00000000  bge      x15, x14, . + 0x6
#11041 0 80000062     853e r 0a         00000002  c.mv     x10, x15
#11042 0 80000064     4472 r 08         f0040f20  c.lwsp   x8, 0x1c
#11043 0 80000066     6105 r 02         f0040ef0  c.addi16sp 0x2
#11044 0 80000068     8082 r 00         00000000  c.jr     x1
#11045 0 800000c6 fea42623 m f0040f0c   00000002  sw       x10, -0x14(x8)
#11046 0 800000ca fe842783 r 0f         00000000  lw       x15, -0x18(x8)
#11047 0 800000ce     0785 r 0f         00000001  c.addi   x15, 0x1
#11048 0 800000d0 fef42423 m f0040f08   00000001  sw       x15, -0x18(x8)
#11049 0 800000d4 fe842703 r 0e         00000001  lw       x14, -0x18(x8)
#11050 0 800000d8 fd842783 r 0f         00000002  lw       x15, -0x28(x8)
#11051 0 800000dc faf74de3 r 00         00000000  blt      x14, x15, . - 0x46
#11052 0 80000096 fe842783 r 0f         00000001  lw       x15, -0x18(x8)
#11053 0 8000009a     078a r 0f         00000004  c.slli   x15, 2
#11054 0 8000009c fdc42703 r 0e         f0040fec  lw       x14, -0x24(x8)
#11055 0 800000a0     97ba r 0f         f0040ff0  c.add    x15, x14
#11056 0 800000a2     4384 r 09         00000005  c.lw     x9, 0x0(x15)
#11057 0 800000a4 fd842703 r 0e         00000002  lw       x14, -0x28(x8)
#11058 0 800000a8 fe842783 r 0f         00000001  lw       x15, -0x18(x8)
#11059 0 800000ac 40f707b3 r 0f         00000001  sub      x15, x14, x15
#11060 0 800000b0     17fd r 0f         00000000  c.addi   x15, -0x1
#11061 0 800000b2     85be r 0b         00000000  c.mv     x11, x15
#11062 0 800000b4 fdc42503 r 0a         f0040fec  lw       x10, -0x24(x8)
#11063 0 800000b8     3f4d r 01         800000ba  c.jal    . - 0x4e
#11064 0 8000006a     7179 r 02         f0040ec0  c.addi16sp -0x3
#11065 0 8000006c     d606 m f0040eec   800000ba  c.swsp   x1, 0x2c
#11066 0 8000006e     d422 m f0040ee8   f0040f20  c.swsp   x8, 0x28
#11067 0 80000070     d226 m f0040ee4   00000005  c.swsp   x9, 0x24
#11068 0 80000072     1800 r 08         f0040ef0  c.addi4spn  x8, 0xc
#11069 0 80000074 fca42e23 m f0040ecc   f0040fec  sw       x10, -0x24(x8)
#11070 0 80000078 fcb42c23 m f0040ec8   00000000  sw       x11, -0x28(x8)
#11071 0 8000007c fd842783 r 0f         00000000  lw       x15, -0x28(x8)
#11072 0 80000080 00f04463 r 00         00000000  blt      x0, x15, . + 0x8
#11073 0 80000084     4781 r 0f         00000000  c.li     x15, 0x0
#11074 0 80000086     a8b9 r 00         00000000  c.j      . + 0x5e
#11075 0 800000e4     853e r 0a         00000000  c.mv     x10, x15
#11076 0 800000e6     50b2 r 01         800000ba  c.lwsp   x1, 0x2c
#11077 0 800000e8     5422 r 08         f0040f20  c.lwsp   x8, 0x28
#11078 0 800000ea     5492 r 09         00000005  c.lwsp   x9, 0x24
#11079 0 800000ec     6145 r 02         f0040ef0  c.addi16sp 0x3
#11080 0 800000ee     8082 r 00         00000000  c.jr     x1
#11081 0 800000ba     87aa r 0f         00000000  c.mv     x15, x10
#11082 0 800000bc     97a6 r 0f         00000005  c.add    x15, x9
#11083 0 800000be     85be r 0b         00000005  c.mv     x11, x15
#11084 0 800000c0 fec42503 r 0a         00000002  lw       x10, -0x14(x8)
#11085 0 800000c4     3749 r 01         800000c6  c.jal    . - 0x7e
#11086 0 80000046     1101 r 02         f0040ed0  c.addi   x2, -0x20
#11087 0 80000048     ce22 m f0040eec   f0040f20  c.swsp   x8, 0x1c
#11088 0 8000004a     1000 r 08         f0040ef0  c.addi4spn  x8, 0x8
#11089 0 8000004c fea42623 m f0040edc   00000002  sw       x10, -0x14(x8)
#11090 0 80000050 feb42423 m f0040ed8   00000005  sw       x11, -0x18(x8)
#11091 0 80000054 fec42703 r 0e         00000002  lw       x14, -0x14(x8)
#11092 0 80000058 fe842783 r 0f         00000005  lw       x15, -0x18(x8)
#11093 0 8000005c 00e7d363 r 00         00000000  bge      x15, x14, . + 0x6
#11094 0 80000062     853e r 0a         00000005  c.mv     x10, x15
#11095 0 80000064     4472 r 08         f0040f20  c.lwsp   x8, 0x1c
#11096 0 80000066     6105 r 02         f0040ef0  c.addi16sp 0x2
#11097 0 80000068     8082 r 00         00000000  c.jr     x1
#11098 0 800000c6 fea42623 m f0040f0c   00000005  sw       x10, -0x14(x8)
#11099 0 800000ca fe842783 r 0f         00000001  lw       x15, -0x18(x8)
#11100 0 800000ce     0785 r 0f         00000002  c.addi   x15, 0x1
#11101 0 800000d0 fef42423 m f0040f08   00000002  sw       x15, -0x18(x8)
#11102 0 800000d4 fe842703 r 0e         00000002  lw       x14, -0x18(x8)
#11103 0 800000d8 fd842783 r 0f         00000002  lw       x15, -0x28(x8)
#11104 0 800000dc faf74de3 r 00         00000000  blt      x14, x15, . - 0x46
#11105 0 800000e0 fec42783 r 0f         00000005  lw       x15, -0x14(x8)
#11106 0 800000e4     853e r 0a         00000005  c.mv     x10, x15
#11107 0 800000e6     50b2 r 01         800000ba  c.lwsp   x1, 0x2c
#11108 0 800000e8     5422 r 08         f0040f50  c.lwsp   x8, 0x28
#11109 0 800000ea     5492 r 09         00000001  c.lwsp   x9, 0x24
#11110 0 800000ec     6145 r 02         f0040f20  c.addi16sp 0x3
#11111 0 800000ee     8082 r 00         00000000  c.jr     x1
#11112 0 800000ba     87aa r 0f         00000005  c.mv     x15, x10
#11113 0 800000bc     97a6 r 0f         00000006  c.add    x15, x9
#11114 0 800000be     85be r 0b         00000006  c.mv     x11, x15
#11115 0 800000c0 fec42503 r 0a         80000000  lw       x10, -0x14(x8)
#11116 0 800000c4     3749 r 01         800000c6  c.jal    . - 0x7e
#11117 0 80000046     1101 r 02         f0040f00  c.addi   x2, -0x20
#11118 0 80000048     ce22 m f0040f1c   f0040f50  c.swsp   x8, 0x1c
#11119 0 8000004a     1000 r 08         f0040f20  c.addi4spn  x8, 0x8
#11120 0 8000004c fea42623 m f0040f0c   80000000  sw       x10, -0x14(x8)
#11121 0 80000050 feb42423 m f0040f08   00000006  sw       x11, -0x18(x8)
#11122 0 80000054 fec42703 r 0e         80000000  lw       x14, -0x14(x8)
#11123 0 80000058 fe842783 r 0f         00000006  lw       x15, -0x18(x8)
#11124 0 8000005c 00e7d363 r 00         00000000  bge      x15, x14, . + 0x6
#11125 0 80000062     853e r 0a         00000006  c.mv     x10, x15
#11126 0 80000064     4472 r 08         f0040f50  c.lwsp   x8, 0x1c
#11127 0 80000066     6105 r 02         f0040f20  c.addi16sp 0x2
#11128 0 80000068     8082 r 00         00000000  c.jr     x1
#11129 0 800000c6 fea42623 m f0040f3c   00000006  sw       x10, -0x14(x8)
#11130 0 800000ca fe842783 r 0f         00000000  lw       x15, -0x18(x8)
#11131 0 800000ce     0785 r 0f         00000001  c.addi   x15, 0x1
#11132 0 800000d0 fef42423 m f0040f38   00000001  sw       x15, -0x18(x8)
#11133 0 800000d4 fe842703 r 0e         00000001  lw       x14, -0x18(x8)
#11134 0 800000d8 fd842783 r 0f         00000003  lw       x15, -0x28(x8)
#11135 0 800000dc faf74de3 r 00         00000000  blt      x14, x15, . - 0x46
#11136 0 80000096 fe842783 r 0f         00000001  lw       x15, -0x18(x8)
#11137 0 8000009a     078a r 0f         00000004  c.slli   x15, 2
#11138 0 8000009c fdc42703 r 0e         f0040fec  lw       x14, -0x24(x8)
#11139 0 800000a0     97ba r 0f         f0040ff0  c.add    x15, x14
#11140 0 800000a2     4384 r 09         00000005  c.lw     x9, 0x0(x15)
#11141 0 800000a4 fd842703 r 0e         00000003  lw       x14, -0x28(x8)
#11142 0 800000a8 fe842783 r 0f         00000001  lw       x15, -0x18(x8)
#11143 0 800000ac 40f707b3 r 0f         00000002  sub      x15, x14, x15
#11144 0 800000b0     17fd r 0f         00000001  c.addi   x15, -0x1
#11145 0 800000b2     85be r 0b         00000001  c.mv     x11, x15
#11146 0 800000b4 fdc42503 r 0a         f0040fec  lw       x10, -0x24(x8)
#11147 0 800000b8     3f4d r 01         800000ba  c.jal    . - 0x4e
#11148 0 8000006a     7179 r 02         f0040ef0  c.addi16sp -0x3
#11149 0 8000006c     d606 m f0040f1c   800000ba  c.swsp   x1, 0x2c
#11150 0 8000006e     d422 m f0040f18   f0040f50  c.swsp   x8, 0x28
#11151 0 80000070     d226 m f0040f14   00000005  c.swsp   x9, 0x24
#11152 0 80000072     1800 r 08         f0040f20  c.addi4spn  x8, 0xc
#11153 0 80000074 fca42e23 m f0040efc   f0040fec  sw       x10, -0x24(x8)
#11154 0 80000078 fcb42c23 m f0040ef8   00000001  sw       x11, -0x28(x8)
#11155 0 8000007c fd842783 r 0f         00000001  lw       x15, -0x28(x8)
#11156 0 80000080 00f04463 r 00         00000000  blt      x0, x15, . + 0x8
#11157 0 80000088 800007b7 r 0f         80000000  lui      x15, -0x80000
#11158 0 8000008c fef42623 m f0040f0c   80000000  sw       x15, -0x14(x8)
#11159 0 80000090 fe042423 m f0040f08   00000000  sw       x0, -0x18(x8)
#11160 0 80000094     a081 r 00         00000000  c.j      . + 0x40
#11161 0 800000d4 fe842703 r 0e         00000000  lw       x14, -0x18(x8)
#11162 0 800000d8 fd842783 r 0f         00000001  lw       x15, -0x28(x8)
#11163 0 800000dc faf74de3 r 00         00000000  blt      x14, x15, . - 0x46
#11164 0 80000096 fe842783 r 0f         00000000  lw       x15, -0x18(x8)
#11165 0 8000009a     078a r 0f         00000000  c.slli   x15, 2
#11166 0 8000009c fdc42703 r 0e         f0040fec  lw       x14, -0x24(x8)
#11167 0 800000a0     97ba r 0f         f0040fec  c.add    x15, x14
#11168 0 800000a2     4384 r 09         00000001  c.lw     x9, 0x0(x15)
#11169 0 800000a4 fd842703 r 0e         00000001  lw       x14, -0x28(x8)
#11170 0 800000a8 fe842783 r 0f         00000000  lw       x15, -0x18(x8)
#11171 0 800000ac 40f707b3 r 0f         00000001  sub      x15, x14, x15
#11172 0 800000b0     17fd r 0f         00000000  c.addi   x15, -0x1
#11173 0 800000b2     85be r 0b         00000000  c.mv     x11, x15
#11174 0 800000b4 fdc42503 r 0a         f0040fec  lw       x10, -0x24(x8)
#11175 0 800000b8     3f4d r 01         800000ba  c.jal    . - 0x4e
#11176 0 8000006a     7179 r 02         f0040ec0  c.addi16sp -0x3
#11177 0 8000006c     d606 m f0040eec   800000ba  c.swsp   x1, 0x2c
#11178 0 8000006e     d422 m f0040ee8   f0040f20  c.swsp   x8, 0x28
#11179 0 80000070     d226 m f0040ee4   00000001  c.swsp   x9, 0x24
#11180 0 80000072     1800 r 08         f0040ef0  c.addi4spn  x8, 0xc
#11181 0 80000074 fca42e23 m f0040ecc   f0040fec  sw       x10, -0x24(x8)
#11182 0 80000078 fcb42c23 m f0040ec8   00000000  sw       x11, -0x28(x8)
#11183 0 8000007c fd842783 r 0f         00000000  lw       x15, -0x28(x8)
#11184 0 80000080 00f04463 r 00         00000000  blt      x0, x15, . + 0x8
#11185 0 80000084     4781 r 0f         00000000  c.li     x15, 0x0
#11186 0 80000086     a8b9 r 00         00000000  c.j      . + 0x5e
#11187 0 800000e4     853e r 0a         00000000  c.mv     x10, x15
#11188 0 800000e6     50b2 r 01         800000ba  c.lwsp   x1, 0x2c
#11189 0 800000e8     5422 r 08         f0040f20  c.lwsp   x8, 0x28
#11190 0 800000ea     5492 r 09         00000001  c.lwsp   x9, 0x24
#11191 0 800000ec     6145 r 02         f0040ef0  c.addi16sp 0x3
#11192 0 800000ee     8082 r 00         00000000  c.jr     x1
#11193 0 800000ba     87aa r 0f         00000000  c.mv     x15, x10
#11194 0 800000bc     97a6 r 0f         00000001  c.add    x15, x9
#11195 0 800000be     85be r 0b         00000001  c.mv     x11, x15
#11196 0 800000c0 fec42503 r 0a         80000000  lw       x10, -0x14(x8)
#11197 0 800000c4     3749 r 01         800000c6  c.jal    . - 0x7e
#11198 0 80000046     1101 r 02         f0040ed0  c.addi   x2, -0x20
#11199 0 80000048     ce22 m f0040eec   f0040f20  c.swsp   x8, 0x1c
#11200 0 8000004a     1000 r 08         f0040ef0  c.addi4spn  x8, 0x8
#11201 0 8000004c fea42623 m f0040edc   80000000  sw       x10, -0x14(x8)
#11202 0 80000050 feb42423 m f0040ed8   00000001  sw       x11, -0x18(x8)
#11203 0 80000054 fec42703 r 0e         80000000  lw       x14, -0x14(x8)
#11204 0 80000058 fe842783 r 0f         00000001  lw       x15, -0x18(x8)
#11205 0 8000005c 00e7d363 r 00         00000000  bge      x15, x14, . + 0x6
#11206 0 80000062     853e r 0a         00000001  c.mv     x10, x15
#11207 0 80000064     4472 r 08         f0040f20  c.lwsp   x8, 0x1c
#11208 0 80000066     6105 r 02         f0040ef0  c.addi16sp 0x2
#11209 0 80000068     8082 r 00         00000000  c.jr     x1
#11210 0 800000c6 fea42623 m f0040f0c   00000001  sw       x10, -0x14(x8)
#11211 0 800000ca fe842783 r 0f         00000000  lw       x15, -0x18(x8)
#11212 0 800000ce     0785 r 0f         00000001  c.addi   x15, 0x1
#11213 0 800000d0 fef42423 m f0040f08   00000001  sw       x15, -0x18(x8)
#11214 0 800000d4 fe842703 r 0e         00000001  lw       x14, -0x18(x8)
#11215 0 800000d8 fd842783 r 0f         00000001  lw       x15, -0x28(x8)
#11216 0 800000dc faf74de3 r 00         00000000  blt      x14, x15, . - 0x46
#11217 0 800000e0 fec42783 r 0f         00000001  lw       x15, -0x14(x8)
#11218 0 800000e4     853e r 0a         00000001  c.mv     x10, x15
#11219 0 800000e6     50b2 r 01         800000ba  c.lwsp   x1, 0x2c
#11220 0 800000e8     5422 r 08         f0040f50  c.lwsp   x8, 0x28
#11221 0 800000ea     5492 r 09         00000005  c.lwsp   x9, 0x24
#11222 0 800000ec     6145 r 02         f0040f20  c.addi16sp 0x3
#11223 0 800000ee     8082 r 00         00000000  c.jr     x1
#11224 0 800000ba     87aa r 0f         00000001  c.mv     x15, x10
#11225 0 800000bc     97a6 r 0f         00000006  c.add    x15, x9
#11226 0 800000be     85be r 0b         00000006  c.mv     x11, x15
#11227 0 800000c0 fec42503 r 0a         00000006  lw       x10, -0x14(x8)
#11228 0 800000c4     3749 r 01         800000c6  c.jal    . - 0x7e
#11229 0 80000046     1101 r 02         f0040f00  c.addi   x2, -0x20
#11230 0 80000048     ce22 m f0040f1c   f0040f50  c.swsp   x8, 0x1c
#11231 0 8000004a     1000 r 08         f0040f20  c.addi4spn  x8, 0x8
#11232 0 8000004c fea42623 m f0040f0c   00000006  sw       x10, -0x14(x8)
#11233 0 80000050 feb42423 m f0040f08   00000006  sw       x11, -0x18(x8)
#11234 0 80000054 fec42703 r 0e         00000006  lw       x14, -0x14(x8)
#11235 0 80000058 fe842783 r 0f         00000006  lw       x15, -0x18(x8)
#11236 0 8000005c 00e7d363 r 00         00000000  bge      x15, x14, . + 0x6
#11237 0 80000062     853e r 0a         00000006  c.mv     x10, x15
#11238 0 80000064     4472 r 08         f0040f50  c.lwsp   x8, 0x1c
#11239 0 80000066     6105 r 02         f0040f20  c.addi16sp 0x2
#11240 0 80000068     8082 r 00         00000000  c.jr     x1
#11241 0 800000c6 fea42623 m f0040f3c   00000006  sw       x10, -0x14(x8)
#11242 0 800000ca fe842783 r 0f         00000001  lw       x15, -0x18(x8)
#11243 0 800000ce     0785 r 0f         00000002  c.addi   x15, 0x1
#11244 0 800000d0 fef42423 m f0040f38   00000002  sw       x15, -0x18(x8)
#11245 0 800000d4 fe842703 r 0e         00000002  lw       x14, -0x18(x8)
#11246 0 800000d8 fd842783 r 0f         00000003  lw       x15, -0x28(x8)
#11247 0 800000dc faf74de3 r 00         00000000  blt      x14, x15, . - 0x46
#11248 0 80000096 fe842783 r 0f         00000002  lw       x15, -0x18(x8)
#11249 0 8000009a     078a r 0f         00000008  c.slli   x15, 2
#11250 0 8000009c fdc42703 r 0e         f0040fec  lw       x14, -0x24(x8)
#11251 0 800000a0     97ba r 0f         f0040ff4  c.add    x15, x14
#11252 0 800000a2     4384 r 09         00000008  c.lw     x9, 0x0(x15)
#11253 0 800000a4 fd842703 r 0e         00000003  lw       x14, -0x28(x8)
#11254 0 800000a8 fe842783 r 0f         00000002  lw       x15, -0x18(x8)
#11255 0 800000ac 40f707b3 r 0f         00000001  sub      x15, x14, x15
#11256 0 800000b0     17fd r 0f         00000000  c.addi   x15, -0x1
#11257 0 800000b2     85be r 0b         00000000  c.mv     x11, x15
#11258 0 800000b4 fdc42503 r 0a         f0040fec  lw       x10, -0x24(x8)
#11259 0 800000b8     3f4d r 01         800000ba  c.jal    . - 0x4e
#11260 0 8000006a     7179 r 02         f0040ef0  c.addi16sp -0x3
#11261 0 8000006c     d606 m f0040f1c   800000ba  c.swsp   x1, 0x2c
#11262 0 8000006e     d422 m f0040f18   f0040f50  c.swsp   x8, 0x28
#11263 0 80000070     d226 m f0040f14   00000008  c.swsp   x9, 0x24
#11264 0 80000072     1800 r 08         f0040f20  c.addi4spn  x8, 0xc
#11265 0 80000074 fca42e23 m f0040efc   f0040fec  sw       x10, -0x24(x8)
#11266 0 80000078 fcb42c23 m f0040ef8   00000000  sw       x11, -0x28(x8)
#11267 0 8000007c fd842783 r 0f         00000000  lw       x15, -0x28(x8)
#11268 0 80000080 00f04463 r 00         00000000  blt      x0, x15, . + 0x8
#11269 0 80000084     4781 r 0f         00000000  c.li     x15, 0x0
#11270 0 80000086     a8b9 r 00         00000000  c.j      . + 0x5e
#11271 0 800000e4     853e r 0a         00000000  c.mv     x10, x15
#11272 0 800000e6     50b2 r 01         800000ba  c.lwsp   x1, 0x2c
#11273 0 800000e8     5422 r 08         f0040f50  c.lwsp   x8, 0x28
#11274 0 800000ea     5492 r 09         00000008  c.lwsp   x9, 0x24
#11275 0 800000ec     6145 r 02         f0040f20  c.addi16sp 0x3
#11276 0 800000ee     8082 r 00         00000000  c.jr     x1
#11277 0 800000ba     87aa r 0f         00000000  c.mv     x15, x10
#11278 0 800000bc     97a6 r 0f         00000008  c.add    x15, x9
#11279 0 800000be     85be r 0b         00000008  c.mv     x11, x15
#11280 0 800000c0 fec42503 r 0a         00000006  lw       x10, -0x14(x8)
#11281 0 800000c4     3749 r 01         800000c6  c.jal    . - 0x7e
#11282 0 80000046     1101 r 02         f0040f00  c.addi   x2, -0x20
#11283 0 80000048     ce22 m f0040f1c   f0040f50  c.swsp   x8, 0x1c
#11284 0 8000004a     1000 r 08         f0040f20  c.addi4spn  x8, 0x8
#11285 0 8000004c fea42623 m f0040f0c   00000006  sw       x10, -0x14(x8)
#11286 0 80000050 feb42423 m f0040f08   00000008  sw       x11, -0x18(x8)
#11287 0 80000054 fec42703 r 0e         00000006  lw       x14, -0x14(x8)
#11288 0 80000058 fe842783 r 0f         00000008  lw       x15, -0x18(x8)
#11289 0 8000005c 00e7d363 r 00         00000000  bge      x15, x14, . + 0x6
#11290 0 80000062     853e r 0a         00000008  c.mv     x10, x15
#11291 0 80000064     4472 r 08         f0040f50  c.lwsp   x8, 0x1c
#11292 0 80000066     6105 r 02         f0040f20  c.addi16sp 0x2
#11293 0 80000068     8082 r 00         00000000  c.jr     x1
#11294 0 800000c6 fea42623 m f0040f3c   00000008  sw       x10, -0x14(x8)
#11295 0 800000ca fe842783 r 0f         00000002  lw       x15, -0x18(x8)
#11296 0 800000ce     0785 r 0f         00000003  c.addi   x15, 0x1
#11297 0 800000d0 fef42423 m f0040f38   00000003  sw       x15, -0x18(x8)
#11298 0 800000d4 fe842703 r 0e         00000003  lw       x14, -0x18(x8)
#11299 0 800000d8 fd842783 r 0f         00000003  lw       x15, -0x28(x8)
#11300 0 800000dc faf74de3 r 00         00000000  blt      x14, x15, . - 0x46
#11301 0 800000e0 fec42783 r 0f         00000008  lw       x15, -0x14(x8)
#11302 0 800000e4     853e r 0a         00000008  c.mv     x10, x15
#11303 0 800000e6     50b2 r 01         800000ba  c.lwsp   x1, 0x2c
#11304 0 800000e8     5422 r 08         f0040f80  c.lwsp   x8, 0x28
#11305 0 800000ea     5492 r 09         00000001  c.lwsp   x9, 0x24
#11306 0 800000ec     6145 r 02         f0040f50  c.addi16sp 0x3
#11307 0 800000ee     8082 r 00         00000000  c.jr     x1
#11308 0 800000ba     87aa r 0f         00000008  c.mv     x15, x10
#11309 0 800000bc     97a6 r 0f         00000009  c.add    x15, x9
#11310 0 800000be     85be r 0b         00000009  c.mv     x11, x15
#11311 0 800000c0 fec42503 r 0a         80000000  lw       x10, -0x14(x8)
#11312 0 800000c4     3749 r 01         800000c6  c.jal    . - 0x7e
#11313 0 80000046     1101 r 02         f0040f30  c.addi   x2, -0x20
#11314 0 80000048     ce22 m f0040f4c   f0040f80  c.swsp   x8, 0x1c
#11315 0 8000004a     1000 r 08         f0040f50  c.addi4spn  x8, 0x8
#11316 0 8000004c fea42623 m f0040f3c   80000000  sw       x10, -0x14(x8)
#11317 0 80000050 feb42423 m f0040f38   00000009  sw       x11, -0x18(x8)
#11318 0 80000054 fec42703 r 0e         80000000  lw       x14, -0x14(x8)
#11319 0 80000058 fe842783 r 0f         00000009  lw       x15, -0x18(x8)
#11320 0 8000005c 00e7d363 r 00         00000000  bge      x15, x14, . + 0x6
#11321 0 80000062     853e r 0a         00000009  c.mv     x10, x15
#11322 0 80000064     4472 r 08         f0040f80  c.lwsp   x8, 0x1c
#11323 0 80000066     6105 r 02         f0040f50  c.addi16sp 0x2
#11324 0 80000068     8082 r 00         00000000  c.jr     x1
#11325 0 800000c6 fea42623 m f0040f6c   00000009  sw       x10, -0x14(x8)
#11326 0 800000ca fe842783 r 0f         00000000  lw       x15, -0x18(x8)
#11327 0 800000ce     0785 r 0f         00000001  c.addi   x15, 0x1
#11328 0 800000d0 fef42423 m f0040f68   00000001  sw       x15, -0x18(x8)
#11329 0 800000d4 fe842703 r 0e         00000001  lw       x14, -0x18(x8)
#11330 0 800000d8 fd842783 r 0f         00000004  lw       x15, -0x28(x8)
#11331 0 800000dc faf74de3 r 00         00000000  blt      x14, x15, . - 0x46
#11332 0 80000096 fe842783 r 0f         00000001  lw       x15, -0x18(x8)
#11333 0 8000009a     078a r 0f         00000004  c.slli   x15, 2
#11334 0 8000009c fdc42703 r 0e         f0040fec  lw       x14, -0x24(x8)
#11335 0 800000a0     97ba r 0f         f0040ff0  c.add    x15, x14
#11336 0 800000a2     4384 r 09         00000005  c.lw     x9, 0x0(x15)
#11337 0 800000a4 fd842703 r 0e         00000004  lw       x14, -0x28(x8)
#11338 0 800000a8 fe842783 r 0f         00000001  lw       x15, -0x18(x8)
#11339 0 800000ac 40f707b3 r 0f         00000003  sub      x15, x14, x15
#11340 0 800000b0     17fd r 0f         00000002  c.addi   x15, -0x1
#11341 0 800000b2     85be r 0b         00000002  c.mv     x11, x15
#11342 0 800000b4 fdc42503 r 0a         f0040fec  lw       x10, -0x24(x8)
#11343 0 800000b8     3f4d r 01         800000ba  c.jal    . - 0x4e
#11344 0 8000006a     7179 r 02         f0040f20  c.addi16sp -0x3
#11345 0 8000006c     d606 m f0040f4c   800000ba  c.swsp   x1, 0x2c
#11346 0 8000006e     d422 m f0040f48   f0040f80  c.swsp   x8, 0x28
#11347 0 80000070     d226 m f0040f44   00000005  c.swsp   x9, 0x24
#11348 0 80000072     1800 r 08         f0040f50  c.addi4spn  x8, 0xc
#11349 0 80000074 fca42e23 m f0040f2c   f0040fec  sw       x10, -0x24(x8)
#11350 0 80000078 fcb42c23 m f0040f28   00000002  sw       x11, -0x28(x8)
#11351 0 8000007c fd842783 r 0f         00000002  lw       x15, -0x28(x8)
#11352 0 80000080 00f04463 r 00         00000000  blt      x0, x15, . + 0x8
#11353 0 80000088 800007b7 r 0f         80000000  lui      x15, -0x80000
#11354 0 8000008c fef42623 m f0040f3c   80000000  sw       x15, -0x14(x8)
#11355 0 80000090 fe042423 m f0040f38   00000000  sw       x0, -0x18(x8)
#11356 0 80000094     a081 r 00         00000000  c.j      . + 0x40
#11357 0 800000d4 fe842703 r 0e         00000000  lw       x14, -0x18(x8)
#11358 0 800000d8 fd842783 r 0f         00000002  lw       x15, -0x28(x8)
#11359 0 800000dc faf74de3 r 00         00000000  blt      x14, x15, . - 0x46
#11360 0 80000096 fe842783 r 0f         00000000  lw       x15, -0x18(x8)
#11361 0 8000009a     078a r 0f         00000000  c.slli   x15, 2
#11362 0 8000009c fdc42703 r 0e         f0040fec  lw       x14, -0x24(x8)
#11363 0 800000a0     97ba r 0f         f0040fec  c.add    x15, x14
#11364 0 800000a2     4384 r 09         00000001  c.lw     x9, 0x0(x15)
#11365 0 800000a4 fd842703 r 0e         00000002  lw       x14, -0x28(x8)
#11366 0 800000a8 fe842783 r 0f         00000000  lw       x15, -0x18(x8)
#11367 0 800000ac 40f707b3 r 0f         00000002  sub      x15, x14, x15
#11368 0 800000b0     17fd r 0f         00000001  c.addi   x15, -0x1
#11369 0 800000b2     85be r 0b         00000001  c.mv     x11, x15
#11370 0 800000b4 fdc42503 r 0a         f0040fec  lw       x10, -0x24(x8)
#11371 0 800000b8     3f4d r 01         800000ba  c.jal    . - 0x4e
#11372 0 8000006a     7179 r 02         f0040ef0  c.addi16sp -0x3
#11373 0 8000006c     d606 m f0040f1c   800000ba  c.swsp   x1, 0x2c
#11374 0 8000006e     d422 m f0040f18   f0040f50  c.swsp   x8, 0x28
#11375 0 80000070     d226 m f0040f14   00000001  c.swsp   x9, 0x24
#11376 0 80000072     1800 r 08         f0040f20  c.addi4spn  x8, 0xc
#11377 0 80000074 fca42e23 m f0040efc   f0040fec  sw       x10, -0x24(x8)
#11378 0 80000078 fcb42c23 m f0040ef8   00000001  sw       x11, -0x28(x8)
#11379 0 8000007c fd842783 r 0f         00000001  lw       x15, -0x28(x8)
#11380 0 80000080 00f04463 r 00         00000000  blt      x0, x15, . + 0x8
#11381 0 80000088 800007b7 r 0f         80000000  lui      x15, -0x80000
#11382 0 8000008c fef42623 m f0040f0c   80000000  sw       x15, -0x14(x8)
#11383 0 80000090 fe042423 m f0040f08   00000000  sw       x0, -0x18(x8)
#11384 0 80000094     a081 r 00         00000000  c.j      . + 0x40
#11385 0 800000d4 fe842703 r 0e         00000000  lw       x14, -0x18(x8)
#11386 0 800000d8 fd842783 r 0f         00000001  lw       x15, -0x28(x8)
#11387 0 800000dc faf74de3 r 00         00000000  blt      x14, x15, . - 0x46
#11388 0 80000096 fe842783 r 0f         00000000  lw       x15, -0x18(x8)
#11389 0 8000009a     078a r 0f         00000000  c.slli   x15, 2
#11390 0 8000009c fdc42703 r 0e         f0040fec  lw       x14, -0x24(x8)
#11391 0 800000a0     97ba r 0f         f0040fec  c.add    x15, x14
#11392 0 800000a2     4384 r 09         00000001  c.lw     x9, 0x0(x15)
#11393 0 800000a4 fd842703 r 0e         00000001  lw       x14, -0x28(x8)
#11394 0 800000a8 fe842783 r 0f         00000000  lw       x15, -0x18(x8)
#11395 0 800000ac 40f707b3 r 0f         00000001  sub      x15, x14, x15
#11396 0 800000b0     17fd r 0f         00000000  c.addi   x15, -0x1
#11397 0 800000b2     85be r 0b         00000000  c.mv     x11, x15
#11398 0 800000b4 fdc42503 r 0a         f0040fec  lw       x10, -0x24(x8)
#11399 0 800000b8     3f4d r 01         800000ba  c.jal    . - 0x4e
#11400 0 8000006a     7179 r 02         f0040ec0  c.addi16sp -0x3
#11401 0 8000006c     d606 m f0040eec   800000ba  c.swsp   x1, 0x2c
#11402 0 8000006e     d422 m f0040ee8   f0040f20  c.swsp   x8, 0x28
#11403 0 80000070     d226 m f0040ee4   00000001  c.swsp   x9, 0x24
#11404 0 80000072     1800 r 08         f0040ef0  c.addi4spn  x8, 0xc
#11405 0 80000074 fca42e23 m f0040ecc   f0040fec  sw       x10, -0x24(x8)
#11406 0 80000078 fcb42c23 m f0040ec8   00000000  sw       x11, -0x28(x8)
#11407 0 8000007c fd842783 r 0f         00000000  lw       x15, -0x28(x8)
#11408 0 80000080 00f04463 r 00         00000000  blt      x0, x15, . + 0x8
#11409 0 80000084     4781 r 0f         00000000  c.li     x15, 0x0
#11410 0 80000086     a8b9 r 00         00000000  c.j      . + 0x5e
#11411 0 800000e4     853e r 0a         00000000  c.mv     x10, x15
#11412 0 800000e6     50b2 r 01         800000ba  c.lwsp   x1, 0x2c
#11413 0 800000e8     5422 r 08         f0040f20  c.lwsp   x8, 0x28
#11414 0 800000ea     5492 r 09         00000001  c.lwsp   x9, 0x24
#11415 0 800000ec     6145 r 02         f0040ef0  c.addi16sp 0x3
#11416 0 800000ee     8082 r 00         00000000  c.jr     x1
#11417 0 800000ba     87aa r 0f         00000000  c.mv     x15, x10
#11418 0 800000bc     97a6 r 0f         00000001  c.add    x15, x9
#11419 0 800000be     85be r 0b         00000001  c.mv     x11, x15
#11420 0 800000c0 fec42503 r 0a         80000000  lw       x10, -0x14(x8)
#11421 0 800000c4     3749 r 01         800000c6  c.jal    . - 0x7e
#11422 0 80000046     1101 r 02         f0040ed0  c.addi   x2, -0x20
#11423 0 80000048     ce22 m f0040eec   f0040f20  c.swsp   x8, 0x1c
#11424 0 8000004a     1000 r 08         f0040ef0  c.addi4spn  x8, 0x8
#11425 0 8000004c fea42623 m f0040edc   80000000  sw       x10, -0x14(x8)
#11426 0 80000050 feb42423 m f0040ed8   00000001  sw       x11, -0x18(x8)
#11427 0 80000054 fec42703 r 0e         80000000  lw       x14, -0x14(x8)
#11428 0 80000058 fe842783 r 0f         00000001  lw       x15, -0x18(x8)
#11429 0 8000005c 00e7d363 r 00         00000000  bge      x15, x14, . + 0x6
#11430 0 80000062     853e r 0a         00000001  c.mv     x10, x15
#11431 0 80000064     4472 r 08         f0040f20  c.lwsp   x8, 0x1c
#11432 0 80000066     6105 r 02         f0040ef0  c.addi16sp 0x2
#11433 0 80000068     8082 r 00         00000000  c.jr     x1
#11434 0 800000c6 fea42623 m f0040f0c   00000001  sw       x10, -0x14(x8)
#11435 0 800000ca fe842783 r 0f         00000000  lw       x15, -0x18(x8)
#11436 0 800000ce     0785 r 0f         00000001  c.addi   x15, 0x1
#11437 0 800000d0 fef42423 m f0040f08   00000001  sw       x15, -0x18(x8)
#11438 0 800000d4 fe842703 r 0e         00000001  lw       x14, -0x18(x8)
#11439 0 800000d8 fd842783 r 0f         00000001  lw       x15, -0x28(x8)
#11440 0 800000dc faf74de3 r 00         00000000  blt      x14, x15, . - 0x46
#11441 0 800000e0 fec42783 r 0f         00000001  lw       x15, -0x14(x8)
#11442 0 800000e4     853e r 0a         00000001  c.mv     x10, x15
#11443 0 800000e6     50b2 r 01         800000ba  c.lwsp   x1, 0x2c
#11444 0 800000e8     5422 r 08         f0040f50  c.lwsp   x8, 0x28
#11445 0 800000ea     5492 r 09         00000001  c.lwsp   x9, 0x24
#11446 0 800000ec     6145 r 02         f0040f20  c.addi16sp 0x3
#11447 0 800000ee     8082 r 00         00000000  c.jr     x1
#11448 0 800000ba     87aa r 0f         00000001  c.mv     x15, x10
#11449 0 800000bc     97a6 r 0f         00000002  c.add    x15, x9
#11450 0 800000be     85be r 0b         00000002  c.mv     x11, x15
#11451 0 800000c0 fec42503 r 0a         80000000  lw       x10, -0x14(x8)
#11452 0 800000c4     3749 r 01         800000c6  c.jal    . - 0x7e
#11453 0 80000046     1101 r 02         f0040f00  c.addi   x2, -0x20
#11454 0 80000048     ce22 m f0040f1c   f0040f50  c.swsp   x8, 0x1c
#11455 0 8000004a     1000 r 08         f0040f20  c.addi4spn  x8, 0x8
#11456 0 8000004c fea42623 m f0040f0c   80000000  sw       x10, -0x14(x8)
#11457 0 80000050 feb42423 m f0040f08   00000002  sw       x11, -0x18(x8)
#11458 0 80000054 fec42703 r 0e         80000000  lw       x14, -0x14(x8)
#11459 0 80000058 fe842783 r 0f         00000002  lw       x15, -0x18(x8)
#11460 0 8000005c 00e7d363 r 00         00000000  bge      x15, x14, . + 0x6
#11461 0 80000062     853e r 0a         00000002  c.mv     x10, x15
#11462 0 80000064     4472 r 08         f0040f50  c.lwsp   x8, 0x1c
#11463 0 80000066     6105 r 02         f0040f20  c.addi16sp 0x2
#11464 0 80000068     8082 r 00         00000000  c.jr     x1
#11465 0 800000c6 fea42623 m f0040f3c   00000002  sw       x10, -0x14(x8)
#11466 0 800000ca fe842783 r 0f         00000000  lw       x15, -0x18(x8)
#11467 0 800000ce     0785 r 0f         00000001  c.addi   x15, 0x1
#11468 0 800000d0 fef42423 m f0040f38   00000001  sw       x15, -0x18(x8)
#11469 0 800000d4 fe842703 r 0e         00000001  lw       x14, -0x18(x8)
#11470 0 800000d8 fd842783 r 0f         00000002  lw       x15, -0x28(x8)
#11471 0 800000dc faf74de3 r 00         00000000  blt      x14, x15, . - 0x46
#11472 0 80000096 fe842783 r 0f         00000001  lw       x15, -0x18(x8)
#11473 0 8000009a     078a r 0f         00000004  c.slli   x15, 2
#11474 0 8000009c fdc42703 r 0e         f0040fec  lw       x14, -0x24(x8)
#11475 0 800000a0     97ba r 0f         f0040ff0  c.add    x15, x14
#11476 0 800000a2     4384 r 09         00000005  c.lw     x9, 0x0(x15)
#11477 0 800000a4 fd842703 r 0e         00000002  lw       x14, -0x28(x8)
#11478 0 800000a8 fe842783 r 0f         00000001  lw       x15, -0x18(x8)
#11479 0 800000ac 40f707b3 r 0f         00000001  sub      x15, x14, x15
#11480 0 800000b0     17fd r 0f         00000000  c.addi   x15, -0x1
#11481 0 800000b2     85be r 0b         00000000  c.mv     x11, x15
#11482 0 800000b4 fdc42503 r 0a         f0040fec  lw       x10, -0x24(x8)
#11483 0 800000b8     3f4d r 01         800000ba  c.jal    . - 0x4e
#11484 0 8000006a     7179 r 02         f0040ef0  c.addi16sp -0x3
#11485 0 8000006c     d606 m f0040f1c   800000ba  c.swsp   x1, 0x2c
#11486 0 8000006e     d422 m f0040f18   f0040f50  c.swsp   x8, 0x28
#11487 0 80000070     d226 m f0040f14   00000005  c.swsp   x9, 0x24
#11488 0 80000072     1800 r 08         f0040f20  c.addi4spn  x8, 0xc
#11489 0 80000074 fca42e23 m f0040efc   f0040fec  sw       x10, -0x24(x8)
#11490 0 80000078 fcb42c23 m f0040ef8   00000000  sw       x11, -0x28(x8)
#11491 0 8000007c fd842783 r 0f         00000000  lw       x15, -0x28(x8)
#11492 0 80000080 00f04463 r 00         00000000  blt      x0, x15, . + 0x8
#11493 0 80000084     4781 r 0f         00000000  c.li     x15, 0x0
#11494 0 80000086     a8b9 r 00         00000000  c.j      . + 0x5e
#11495 0 800000e4     853e r 0a         00000000  c.mv     x10, x15
#11496 0 800000e6     50b2 r 01         800000ba  c.lwsp   x1, 0x2c
#11497 0 800000e8     5422 r 08         f0040f50  c.lwsp   x8, 0x28
#11498 0 800000ea     5492 r 09         00000005  c.lwsp   x9, 0x24
#11499 0 800000ec     6145 r 02         f0040f20  c.addi16sp 0x3
#11500 0 800000ee     8082 r 00         00000000  c.jr     x1
#11501 0 800000ba     87aa r 0f         00000000  c.mv     x15, x10
#11502 0 800000bc     97a6 r 0f         00000005  c.add    x15, x9
#11503 0 800000be     85be r 0b         00000005  c.mv     x11, x15
#11504 0 800000c0 fec42503 r 0a         00000002  lw       x10, -0x14(x8)
#11505 0 800000c4     3749 r 01         800000c6  c.jal    . - 0x7e
#11506 0 80000046     1101 r 02         f0040f00  c.addi   x2, -0x20
#11507 0 80000048     ce22 m f0040f1c   f0040f50  c.swsp   x8, 0x1c
#11508 0 8000004a     1000 r 08         f0040f20  c.addi4spn  x8, 0x8
#11509 0 8000004c fea42623 m f0040f0c   00000002  sw       x10, -0x14(x8)
#11510 0 80000050 feb42423 m f0040f08   00000005  sw       x11, -0x18(x8)
#11511 0 80000054 fec42703 r 0e         00000002  lw       x14, -0x14(x8)
#11512 0 80000058 fe842783 r 0f         00000005  lw       x15, -0x18(x8)
#11513 0 8000005c 00e7d363 r 00         00000000  bge      x15, x14, . + 0x6
#11514 0 80000062     853e r 0a         00000005  c.mv     x10, x15
#11515 0 80000064     4472 r 08         f0040f50  c.lwsp   x8, 0x1c
#11516 0 80000066     6105 r 02         f0040f20  c.addi16sp 0x2
#11517 0 80000068     8082 r 00         00000000  c.jr     x1
#11518 0 800000c6 fea42623 m f0040f3c   00000005  sw       x10, -0x14(x8)
#11519 0 800000ca fe842783 r 0f         00000001  lw       x15, -0x18(x8)
#11520 0 800000ce     0785 r 0f         00000002  c.addi   x15, 0x1
#11521 0 800000d0 fef42423 m f0040f38   00000002  sw       x15, -0x18(x8)
#11522 0 800000d4 fe842703 r 0e         00000002  lw       x14, -0x18(x8)
#11523 0 800000d8 fd842783 r 0f         00000002  lw       x15, -0x28(x8)
#11524 0 800000dc faf74de3 r 00         00000000  blt      x14, x15, . - 0x46
#11525 0 800000e0 fec42783 r 0f         00000005  lw       x15, -0x14(x8)
#11526 0 800000e4     853e r 0a         00000005  c.mv     x10, x15
#11527 0 800000e6     50b2 r 01         800000ba  c.lwsp   x1, 0x2c
#11528 0 800000e8     5422 r 08         f0040f80  c.lwsp   x8, 0x28
#11529 0 800000ea     5492 r 09         00000005  c.lwsp   x9, 0x24
#11530 0 800000ec     6145 r 02         f0040f50  c.addi16sp 0x3
#11531 0 800000ee     8082 r 00         00000000  c.jr     x1
#11532 0 800000ba     87aa r 0f         00000005  c.mv     x15, x10
#11533 0 800000bc     97a6 r 0f         0000000a  c.add    x15, x9
#11534 0 800000be     85be r 0b         0000000a  c.mv     x11, x15
#11535 0 800000c0 fec42503 r 0a         00000009  lw       x10, -0x14(x8)
#11536 0 800000c4     3749 r 01         800000c6  c.jal    . - 0x7e
#11537 0 80000046     1101 r 02         f0040f30  c.addi   x2, -0x20
#11538 0 80000048     ce22 m f0040f4c   f0040f80  c.swsp   x8, 0x1c
#11539 0 8000004a     1000 r 08         f0040f50  c.addi4spn  x8, 0x8
#11540 0 8000004c fea42623 m f0040f3c   00000009  sw       x10, -0x14(x8)
#11541 0 80000050 feb42423 m f0040f38   0000000a  sw       x11, -0x18(x8)
#11542 0 80000054 fec42703 r 0e         00000009  lw       x14, -0x14(x8)
#11543 0 80000058 fe842783 r 0f         0000000a  lw       x15, -0x18(x8)
#11544 0 8000005c 00e7d363 r 00         00000000  bge      x15, x14, . + 0x6
#11545 0 80000062     853e r 0a         0000000a  c.mv     x10, x15
#11546 0 80000064     4472 r 08         f0040f80  c.lwsp   x8, 0x1c
#11547 0 80000066     6105 r 02         f0040f50  c.addi16sp 0x2
#11548 0 80000068     8082 r 00         00000000  c.jr     x1
#11549 0 800000c6 fea42623 m f0040f6c   0000000a  sw       x10, -0x14(x8)
#11550 0 800000ca fe842783 r 0f         00000001  lw       x15, -0x18(x8)
#11551 0 800000ce     0785 r 0f         00000002  c.addi   x15, 0x1
#11552 0 800000d0 fef42423 m f0040f68   00000002  sw       x15, -0x18(x8)
#11553 0 800000d4 fe842703 r 0e         00000002  lw       x14, -0x18(x8)
#11554 0 800000d8 fd842783 r 0f         00000004  lw       x15, -0x28(x8)
#11555 0 800000dc faf74de3 r 00         00000000  blt      x14, x15, . - 0x46
#11556 0 80000096 fe842783 r 0f         00000002  lw       x15, -0x18(x8)
#11557 0 8000009a     078a r 0f         00000008  c.slli   x15, 2
#11558 0 8000009c fdc42703 r 0e         f0040fec  lw       x14, -0x24(x8)
#11559 0 800000a0     97ba r 0f         f0040ff4  c.add    x15, x14
#11560 0 800000a2     4384 r 09         00000008  c.lw     x9, 0x0(x15)
#11561 0 800000a4 fd842703 r 0e         00000004  lw       x14, -0x28(x8)
#11562 0 800000a8 fe842783 r 0f         00000002  lw       x15, -0x18(x8)
#11563 0 800000ac 40f707b3 r 0f         00000002  sub      x15, x14, x15
#11564 0 800000b0     17fd r 0f         00000001  c.addi   x15, -0x1
#11565 0 800000b2     85be r 0b         00000001  c.mv     x11, x15
#11566 0 800000b4 fdc42503 r 0a         f0040fec  lw       x10, -0x24(x8)
#11567 0 800000b8     3f4d r 01         800000ba  c.jal    . - 0x4e
#11568 0 8000006a     7179 r 02         f0040f20  c.addi16sp -0x3
#11569 0 8000006c     d606 m f0040f4c   800000ba  c.swsp   x1, 0x2c
#11570 0 8000006e     d422 m f0040f48   f0040f80  c.swsp   x8, 0x28
#11571 0 80000070     d226 m f0040f44   00000008  c.swsp   x9, 0x24
#11572 0 80000072     1800 r 08         f0040f50  c.addi4spn  x8, 0xc
#11573 0 80000074 fca42e23 m f0040f2c   f0040fec  sw       x10, -0x24(x8)
#11574 0 80000078 fcb42c23 m f0040f28   00000001  sw       x11, -0x28(x8)
#11575 0 8000007c fd842783 r 0f         00000001  lw       x15, -0x28(x8)
#11576 0 80000080 00f04463 r 00         00000000  blt      x0, x15, . + 0x8
#11577 0 80000088 800007b7 r 0f         80000000  lui      x15, -0x80000
#11578 0 8000008c fef42623 m f0040f3c   80000000  sw       x15, -0x14(x8)
#11579 0 80000090 fe042423 m f0040f38   00000000  sw       x0, -0x18(x8)
#11580 0 80000094     a081 r 00         00000000  c.j      . + 0x40
#11581 0 800000d4 fe842703 r 0e         00000000  lw       x14, -0x18(x8)
#11582 0 800000d8 fd842783 r 0f         00000001  lw       x15, -0x28(x8)
#11583 0 800000dc faf74de3 r 00         00000000  blt      x14, x15, . - 0x46
#11584 0 80000096 fe842783 r 0f         00000000  lw       x15, -0x18(x8)
#11585 0 8000009a     078a r 0f         00000000  c.slli   x15, 2
#11586 0 8000009c fdc42703 r 0e         f0040fec  lw       x14, -0x24(x8)
#11587 0 800000a0     97ba r 0f         f0040fec  c.add    x15, x14
#11588 0 800000a2     4384 r 09         00000001  c.lw     x9, 0x0(x15)
#11589 0 800000a4 fd842703 r 0e         00000001  lw       x14, -0x28(x8)
#11590 0 800000a8 fe842783 r 0f         00000000  lw       x15, -0x18(x8)
#11591 0 800000ac 40f707b3 r 0f         00000001  sub      x15, x14, x15
#11592 0 800000b0     17fd r 0f         00000000  c.addi   x15, -0x1
#11593 0 800000b2     85be r 0b         00000000  c.mv     x11, x15
#11594 0 800000b4 fdc42503 r 0a         f0040fec  lw       x10, -0x24(x8)
#11595 0 800000b8     3f4d r 01         800000ba  c.jal    . - 0x4e
#11596 0 8000006a     7179 r 02         f0040ef0  c.addi16sp -0x3
#11597 0 8000006c     d606 m f0040f1c   800000ba  c.swsp   x1, 0x2c
#11598 0 8000006e     d422 m f0040f18   f0040f50  c.swsp   x8, 0x28
#11599 0 80000070     d226 m f0040f14   00000001  c.swsp   x9, 0x24
#11600 0 80000072     1800 r 08         f0040f20  c.addi4spn  x8, 0xc
#11601 0 80000074 fca42e23 m f0040efc   f0040fec  sw       x10, -0x24(x8)
#11602 0 80000078 fcb42c23 m f0040ef8   00000000  sw       x11, -0x28(x8)
#11603 0 8000007c fd842783 r 0f         00000000  lw       x15, -0x28(x8)
#11604 0 80000080 00f04463 r 00         00000000  blt      x0, x15, . + 0x8
#11605 0 80000084     4781 r 0f         00000000  c.li     x15, 0x0
#11606 0 80000086     a8b9 r 00         00000000  c.j      . + 0x5e
#11607 0 800000e4     853e r 0a         00000000  c.mv     x10, x15
#11608 0 800000e6     50b2 r 01         800000ba  c.lwsp   x1, 0x2c
#11609 0 800000e8     5422 r 08         f0040f50  c.lwsp   x8, 0x28
#11610 0 800000ea     5492 r 09         00000001  c.lwsp   x9, 0x24
#11611 0 800000ec     6145 r 02         f0040f20  c.addi16sp 0x3
#11612 0 800000ee     8082 r 00         00000000  c.jr     x1
#11613 0 800000ba     87aa r 0f         00000000  c.mv     x15, x10
#11614 0 800000bc     97a6 r 0f         00000001  c.add    x15, x9
#11615 0 800000be     85be r 0b         00000001  c.mv     x11, x15
#11616 0 800000c0 fec42503 r 0a         80000000  lw       x10, -0x14(x8)
#11617 0 800000c4     3749 r 01         800000c6  c.jal    . - 0x7e
#11618 0 80000046     1101 r 02         f0040f00  c.addi   x2, -0x20
#11619 0 80000048     ce22 m f0040f1c   f0040f50  c.swsp   x8, 0x1c
#11620 0 8000004a     1000 r 08         f0040f20  c.addi4spn  x8, 0x8
#11621 0 8000004c fea42623 m f0040f0c   80000000  sw       x10, -0x14(x8)
#11622 0 80000050 feb42423 m f0040f08   00000001  sw       x11, -0x18(x8)
#11623 0 80000054 fec42703 r 0e         80000000  lw       x14, -0x14(x8)
#11624 0 80000058 fe842783 r 0f         00000001  lw       x15, -0x18(x8)
#11625 0 8000005c 00e7d363 r 00         00000000  bge      x15, x14, . + 0x6
#11626 0 80000062     853e r 0a         00000001  c.mv     x10, x15
#11627 0 80000064     4472 r 08         f0040f50  c.lwsp   x8, 0x1c
#11628 0 80000066     6105 r 02         f0040f20  c.addi16sp 0x2
#11629 0 80000068     8082 r 00         00000000  c.jr     x1
#11630 0 800000c6 fea42623 m f0040f3c   00000001  sw       x10, -0x14(x8)
#11631 0 800000ca fe842783 r 0f         00000000  lw       x15, -0x18(x8)
#11632 0 800000ce     0785 r 0f         00000001  c.addi   x15, 0x1
#11633 0 800000d0 fef42423 m f0040f38   00000001  sw       x15, -0x18(x8)
#11634 0 800000d4 fe842703 r 0e         00000001  lw       x14, -0x18(x8)
#11635 0 800000d8 fd842783 r 0f         00000001  lw       x15, -0x28(x8)
#11636 0 800000dc faf74de3 r 00         00000000  blt      x14, x15, . - 0x46
#11637 0 800000e0 fec42783 r 0f         00000001  lw       x15, -0x14(x8)
#11638 0 800000e4     853e r 0a         00000001  c.mv     x10, x15
#11639 0 800000e6     50b2 r 01         800000ba  c.lwsp   x1, 0x2c
#11640 0 800000e8     5422 r 08         f0040f80  c.lwsp   x8, 0x28
#11641 0 800000ea     5492 r 09         00000008  c.lwsp   x9, 0x24
#11642 0 800000ec     6145 r 02         f0040f50  c.addi16sp 0x3
#11643 0 800000ee     8082 r 00         00000000  c.jr     x1
#11644 0 800000ba     87aa r 0f         00000001  c.mv     x15, x10
#11645 0 800000bc     97a6 r 0f         00000009  c.add    x15, x9
#11646 0 800000be     85be r 0b         00000009  c.mv     x11, x15
#11647 0 800000c0 fec42503 r 0a         0000000a  lw       x10, -0x14(x8)
#11648 0 800000c4     3749 r 01         800000c6  c.jal    . - 0x7e
#11649 0 80000046     1101 r 02         f0040f30  c.addi   x2, -0x20
#11650 0 80000048     ce22 m f0040f4c   f0040f80  c.swsp   x8, 0x1c
#11651 0 8000004a     1000 r 08         f0040f50  c.addi4spn  x8, 0x8
#11652 0 8000004c fea42623 m f0040f3c   0000000a  sw       x10, -0x14(x8)
#11653 0 80000050 feb42423 m f0040f38   00000009  sw       x11, -0x18(x8)
#11654 0 80000054 fec42703 r 0e         0000000a  lw       x14, -0x14(x8)
#11655 0 80000058 fe842783 r 0f         00000009  lw       x15, -0x18(x8)
#11656 0 8000005c 00e7d363 r 00         00000000  bge      x15, x14, . + 0x6
#11657 0 80000060     87ba r 0f         0000000a  c.mv     x15, x14
#11658 0 80000062     853e r 0a         0000000a  c.mv     x10, x15
#11659 0 80000064     4472 r 08         f0040f80  c.lwsp   x8, 0x1c
#11660 0 80000066     6105 r 02         f0040f50  c.addi16sp 0x2
#11661 0 80000068     8082 r 00         00000000  c.jr     x1
#11662 0 800000c6 fea42623 m f0040f6c   0000000a  sw       x10, -0x14(x8)
#11663 0 800000ca fe842783 r 0f         00000002  lw       x15, -0x18(x8)
#11664 0 800000ce     0785 r 0f         00000003  c.addi   x15, 0x1
#11665 0 800000d0 fef42423 m f0040f68   00000003  sw       x15, -0x18(x8)
#11666 0 800000d4 fe842703 r 0e         00000003  lw       x14, -0x18(x8)
#11667 0 800000d8 fd842783 r 0f         00000004  lw       x15, -0x28(x8)
#11668 0 800000dc faf74de3 r 00         00000000  blt      x14, x15, . - 0x46
#11669 0 80000096 fe842783 r 0f         00000003  lw       x15, -0x18(x8)
#11670 0 8000009a     078a r 0f         0000000c  c.slli   x15, 2
#11671 0 8000009c fdc42703 r 0e         f0040fec  lw       x14, -0x24(x8)
#11672 0 800000a0     97ba r 0f         f0040ff8  c.add    x15, x14
#11673 0 800000a2     4384 r 09         00000009  c.lw     x9, 0x0(x15)
#11674 0 800000a4 fd842703 r 0e         00000004  lw       x14, -0x28(x8)
#11675 0 800000a8 fe842783 r 0f         00000003  lw       x15, -0x18(x8)
#11676 0 800000ac 40f707b3 r 0f         00000001  sub      x15, x14, x15
#11677 0 800000b0     17fd r 0f         00000000  c.addi   x15, -0x1
#11678 0 800000b2     85be r 0b         00000000  c.mv     x11, x15
#11679 0 800000b4 fdc42503 r 0a         f0040fec  lw       x10, -0x24(x8)
#11680 0 800000b8     3f4d r 01         800000ba  c.jal    . - 0x4e
#11681 0 8000006a     7179 r 02         f0040f20  c.addi16sp -0x3
#11682 0 8000006c     d606 m f0040f4c   800000ba  c.swsp   x1, 0x2c
#11683 0 8000006e     d422 m f0040f48   f0040f80  c.swsp   x8, 0x28
#11684 0 80000070     d226 m f0040f44   00000009  c.swsp   x9, 0x24
#11685 0 80000072     1800 r 08         f0040f50  c.addi4spn  x8, 0xc
#11686 0 80000074 fca42e23 m f0040f2c   f0040fec  sw       x10, -0x24(x8)
#11687 0 80000078 fcb42c23 m f0040f28   00000000  sw       x11, -0x28(x8)
#11688 0 8000007c fd842783 r 0f         00000000  lw       x15, -0x28(x8)
#11689 0 80000080 00f04463 r 00         00000000  blt      x0, x15, . + 0x8
#11690 0 80000084     4781 r 0f         00000000  c.li     x15, 0x0
#11691 0 80000086     a8b9 r 00         00000000  c.j      . + 0x5e
#11692 0 800000e4     853e r 0a         00000000  c.mv     x10, x15
#11693 0 800000e6     50b2 r 01         800000ba  c.lwsp   x1, 0x2c
#11694 0 800000e8     5422 r 08         f0040f80  c.lwsp   x8, 0x28
#11695 0 800000ea     5492 r 09         00000009  c.lwsp   x9, 0x24
#11696 0 800000ec     6145 r 02         f0040f50  c.addi16sp 0x3
#11697 0 800000ee     8082 r 00         00000000  c.jr     x1
#11698 0 800000ba     87aa r 0f         00000000  c.mv     x15, x10
#11699 0 800000bc     97a6 r 0f         00000009  c.add    x15, x9
#11700 0 800000be     85be r 0b         00000009  c.mv     x11, x15
#11701 0 800000c0 fec42503 r 0a         0000000a  lw       x10, -0x14(x8)
#11702 0 800000c4     3749 r 01         800000c6  c.jal    . - 0x7e
#11703 0 80000046     1101 r 02         f0040f30  c.addi   x2, -0x20
#11704 0 80000048     ce22 m f0040f4c   f0040f80  c.swsp   x8, 0x1c
#11705 0 8000004a     1000 r 08         f0040f50  c.addi4spn  x8, 0x8
#11706 0 8000004c fea42623 m f0040f3c   0000000a  sw       x10, -0x14(x8)
#11707 0 80000050 feb42423 m f0040f38   00000009  sw       x11, -0x18(x8)
#11708 0 80000054 fec42703 r 0e         0000000a  lw       x14, -0x14(x8)
#11709 0 80000058 fe842783 r 0f         00000009  lw       x15, -0x18(x8)
#11710 0 8000005c 00e7d363 r 00         00000000  bge      x15, x14, . + 0x6
#11711 0 80000060     87ba r 0f         0000000a  c.mv     x15, x14
#11712 0 80000062     853e r 0a         0000000a  c.mv     x10, x15
#11713 0 80000064     4472 r 08         f0040f80  c.lwsp   x8, 0x1c
#11714 0 80000066     6105 r 02         f0040f50  c.addi16sp 0x2
#11715 0 80000068     8082 r 00         00000000  c.jr     x1
#11716 0 800000c6 fea42623 m f0040f6c   0000000a  sw       x10, -0x14(x8)
#11717 0 800000ca fe842783 r 0f         00000003  lw       x15, -0x18(x8)
#11718 0 800000ce     0785 r 0f         00000004  c.addi   x15, 0x1
#11719 0 800000d0 fef42423 m f0040f68   00000004  sw       x15, -0x18(x8)
#11720 0 800000d4 fe842703 r 0e         00000004  lw       x14, -0x18(x8)
#11721 0 800000d8 fd842783 r 0f         00000004  lw       x15, -0x28(x8)
#11722 0 800000dc faf74de3 r 00         00000000  blt      x14, x15, . - 0x46
#11723 0 800000e0 fec42783 r 0f         0000000a  lw       x15, -0x14(x8)
#11724 0 800000e4     853e r 0a         0000000a  c.mv     x10, x15
#11725 0 800000e6     50b2 r 01         800000ba  c.lwsp   x1, 0x2c
#11726 0 800000e8     5422 r 08         f0040fb0  c.lwsp   x8, 0x28
#11727 0 800000ea     5492 r 09         00000001  c.lwsp   x9, 0x24
#11728 0 800000ec     6145 r 02         f0040f80  c.addi16sp 0x3
#11729 0 800000ee     8082 r 00         00000000  c.jr     x1
#11730 0 800000ba     87aa r 0f         0000000a  c.mv     x15, x10
#11731 0 800000bc     97a6 r 0f         0000000b  c.add    x15, x9
#11732 0 800000be     85be r 0b         0000000b  c.mv     x11, x15
#11733 0 800000c0 fec42503 r 0a         80000000  lw       x10, -0x14(x8)
#11734 0 800000c4     3749 r 01         800000c6  c.jal    . - 0x7e
#11735 0 80000046     1101 r 02         f0040f60  c.addi   x2, -0x20
#11736 0 80000048     ce22 m f0040f7c   f0040fb0  c.swsp   x8, 0x1c
#11737 0 8000004a     1000 r 08         f0040f80  c.addi4spn  x8, 0x8
#11738 0 8000004c fea42623 m f0040f6c   80000000  sw       x10, -0x14(x8)
#11739 0 80000050 feb42423 m f0040f68   0000000b  sw       x11, -0x18(x8)
#11740 0 80000054 fec42703 r 0e         80000000  lw       x14, -0x14(x8)
#11741 0 80000058 fe842783 r 0f         0000000b  lw       x15, -0x18(x8)
#11742 0 8000005c 00e7d363 r 00         00000000  bge      x15, x14, . + 0x6
#11743 0 80000062     853e r 0a         0000000b  c.mv     x10, x15
#11744 0 80000064     4472 r 08         f0040fb0  c.lwsp   x8, 0x1c
#11745 0 80000066     6105 r 02         f0040f80  c.addi16sp 0x2
#11746 0 80000068     8082 r 00         00000000  c.jr     x1
#11747 0 800000c6 fea42623 m f0040f9c   0000000b  sw       x10, -0x14(x8)
#11748 0 800000ca fe842783 r 0f         00000000  lw       x15, -0x18(x8)
#11749 0 800000ce     0785 r 0f         00000001  c.addi   x15, 0x1
#11750 0 800000d0 fef42423 m f0040f98   00000001  sw       x15, -0x18(x8)
#11751 0 800000d4 fe842703 r 0e         00000001  lw       x14, -0x18(x8)
#11752 0 800000d8 fd842783 r 0f         00000005  lw       x15, -0x28(x8)
#11753 0 800000dc faf74de3 r 00         00000000  blt      x14, x15, . - 0x46
#11754 0 80000096 fe842783 r 0f         00000001  lw       x15, -0x18(x8)
#11755 0 8000009a     078a r 0f         00000004  c.slli   x15, 2
#11756 0 8000009c fdc42703 r 0e         f0040fec  lw       x14, -0x24(x8)
#11757 0 800000a0     97ba r 0f         f0040ff0  c.add    x15, x14
#11758 0 800000a2     4384 r 09         00000005  c.lw     x9, 0x0(x15)
#11759 0 800000a4 fd842703 r 0e         00000005  lw       x14, -0x28(x8)
#11760 0 800000a8 fe842783 r 0f         00000001  lw       x15, -0x18(x8)
#11761 0 800000ac 40f707b3 r 0f         00000004  sub      x15, x14, x15
#11762 0 800000b0     17fd r 0f         00000003  c.addi   x15, -0x1
#11763 0 800000b2     85be r 0b         00000003  c.mv     x11, x15
#11764 0 800000b4 fdc42503 r 0a         f0040fec  lw       x10, -0x24(x8)
#11765 0 800000b8     3f4d r 01         800000ba  c.jal    . - 0x4e
#11766 0 8000006a     7179 r 02         f0040f50  c.addi16sp -0x3
#11767 0 8000006c     d606 m f0040f7c   800000ba  c.swsp   x1, 0x2c
#11768 0 8000006e     d422 m f0040f78   f0040fb0  c.swsp   x8, 0x28
#11769 0 80000070     d226 m f0040f74   00000005  c.swsp   x9, 0x24
#11770 0 80000072     1800 r 08         f0040f80  c.addi4spn  x8, 0xc
#11771 0 80000074 fca42e23 m f0040f5c   f0040fec  sw       x10, -0x24(x8)
#11772 0 80000078 fcb42c23 m f0040f58   00000003  sw       x11, -0x28(x8)
#11773 0 8000007c fd842783 r 0f         00000003  lw       x15, -0x28(x8)
#11774 0 80000080 00f04463 r 00         00000000  blt      x0, x15, . + 0x8
#11775 0 80000088 800007b7 r 0f         80000000  lui      x15, -0x80000
#11776 0 8000008c fef42623 m f0040f6c   80000000  sw       x15, -0x14(x8)
#11777 0 80000090 fe042423 m f0040f68   00000000  sw       x0, -0x18(x8)
#11778 0 80000094     a081 r 00         00000000  c.j      . + 0x40
#11779 0 800000d4 fe842703 r 0e         00000000  lw       x14, -0x18(x8)
#11780 0 800000d8 fd842783 r 0f         00000003  lw       x15, -0x28(x8)
#11781 0 800000dc faf74de3 r 00         00000000  blt      x14, x15, . - 0x46
#11782 0 80000096 fe842783 r 0f         00000000  lw       x15, -0x18(x8)
#11783 0 8000009a     078a r 0f         00000000  c.slli   x15, 2
#11784 0 8000009c fdc42703 r 0e         f0040fec  lw       x14, -0x24(x8)
#11785 0 800000a0     97ba r 0f         f0040fec  c.add    x15, x14
#11786 0 800000a2     4384 r 09         00000001  c.lw     x9, 0x0(x15)
#11787 0 800000a4 fd842703 r 0e         00000003  lw       x14, -0x28(x8)
#11788 0 800000a8 fe842783 r 0f         00000000  lw       x15, -0x18(x8)
#11789 0 800000ac 40f707b3 r 0f         00000003  sub      x15, x14, x15
#11790 0 800000b0     17fd r 0f         00000002  c.addi   x15, -0x1
#11791 0 800000b2     85be r 0b         00000002  c.mv     x11, x15
#11792 0 800000b4 fdc42503 r 0a         f0040fec  lw       x10, -0x24(x8)
#11793 0 800000b8     3f4d r 01         800000ba  c.jal    . - 0x4e
#11794 0 8000006a     7179 r 02         f0040f20  c.addi16sp -0x3
#11795 0 8000006c     d606 m f0040f4c   800000ba  c.swsp   x1, 0x2c
#11796 0 8000006e     d422 m f0040f48   f0040f80  c.swsp   x8, 0x28
#11797 0 80000070     d226 m f0040f44   00000001  c.swsp   x9, 0x24
#11798 0 80000072     1800 r 08         f0040f50  c.addi4spn  x8, 0xc
#11799 0 80000074 fca42e23 m f0040f2c   f0040fec  sw       x10, -0x24(x8)
#11800 0 80000078 fcb42c23 m f0040f28   00000002  sw       x11, -0x28(x8)
#11801 0 8000007c fd842783 r 0f         00000002  lw       x15, -0x28(x8)
#11802 0 80000080 00f04463 r 00         00000000  blt      x0, x15, . + 0x8
#11803 0 80000088 800007b7 r 0f         80000000  lui      x15, -0x80000
#11804 0 8000008c fef42623 m f0040f3c   80000000  sw       x15, -0x14(x8)
#11805 0 80000090 fe042423 m f0040f38   00000000  sw       x0, -0x18(x8)
#11806 0 80000094     a081 r 00         00000000  c.j      . + 0x40
#11807 0 800000d4 fe842703 r 0e         00000000  lw       x14, -0x18(x8)
#11808 0 800000d8 fd842783 r 0f         00000002  lw       x15, -0x28(x8)
#11809 0 800000dc faf74de3 r 00         00000000  blt      x14, x15, . - 0x46
#11810 0 80000096 fe842783 r 0f         00000000  lw       x15, -0x18(x8)
#11811 0 8000009a     078a r 0f         00000000  c.slli   x15, 2
#11812 0 8000009c fdc42703 r 0e         f0040fec  lw       x14, -0x24(x8)
#11813 0 800000a0     97ba r 0f         f0040fec  c.add    x15, x14
#11814 0 800000a2     4384 r 09         00000001  c.lw     x9, 0x0(x15)
#11815 0 800000a4 fd842703 r 0e         00000002  lw       x14, -0x28(x8)
#11816 0 800000a8 fe842783 r 0f         00000000  lw       x15, -0x18(x8)
#11817 0 800000ac 40f707b3 r 0f         00000002  sub      x15, x14, x15
#11818 0 800000b0     17fd r 0f         00000001  c.addi   x15, -0x1
#11819 0 800000b2     85be r 0b         00000001  c.mv     x11, x15
#11820 0 800000b4 fdc42503 r 0a         f0040fec  lw       x10, -0x24(x8)
#11821 0 800000b8     3f4d r 01         800000ba  c.jal    . - 0x4e
#11822 0 8000006a     7179 r 02         f0040ef0  c.addi16sp -0x3
#11823 0 8000006c     d606 m f0040f1c   800000ba  c.swsp   x1, 0x2c
#11824 0 8000006e     d422 m f0040f18   f0040f50  c.swsp   x8, 0x28
#11825 0 80000070     d226 m f0040f14   00000001  c.swsp   x9, 0x24
#11826 0 80000072     1800 r 08         f0040f20  c.addi4spn  x8, 0xc
#11827 0 80000074 fca42e23 m f0040efc   f0040fec  sw       x10, -0x24(x8)
#11828 0 80000078 fcb42c23 m f0040ef8   00000001  sw       x11, -0x28(x8)
#11829 0 8000007c fd842783 r 0f         00000001  lw       x15, -0x28(x8)
#11830 0 80000080 00f04463 r 00         00000000  blt      x0, x15, . + 0x8
#11831 0 80000088 800007b7 r 0f         80000000  lui      x15, -0x80000
#11832 0 8000008c fef42623 m f0040f0c   80000000  sw       x15, -0x14(x8)
#11833 0 80000090 fe042423 m f0040f08   00000000  sw       x0, -0x18(x8)
#11834 0 80000094     a081 r 00         00000000  c.j      . + 0x40
#11835 0 800000d4 fe842703 r 0e         00000000  lw       x14, -0x18(x8)
#11836 0 800000d8 fd842783 r 0f         00000001  lw       x15, -0x28(x8)
#11837 0 800000dc faf74de3 r 00         00000000  blt      x14, x15, . - 0x46
#11838 0 80000096 fe842783 r 0f         00000000  lw       x15, -0x18(x8)
#11839 0 8000009a     078a r 0f         00000000  c.slli   x15, 2
#11840 0 8000009c fdc42703 r 0e         f0040fec  lw       x14, -0x24(x8)
#11841 0 800000a0     97ba r 0f         f0040fec  c.add    x15, x14
#11842 0 800000a2     4384 r 09         00000001  c.lw     x9, 0x0(x15)
#11843 0 800000a4 fd842703 r 0e         00000001  lw       x14, -0x28(x8)
#11844 0 800000a8 fe842783 r 0f         00000000  lw       x15, -0x18(x8)
#11845 0 800000ac 40f707b3 r 0f         00000001  sub      x15, x14, x15
#11846 0 800000b0     17fd r 0f         00000000  c.addi   x15, -0x1
#11847 0 800000b2     85be r 0b         00000000  c.mv     x11, x15
#11848 0 800000b4 fdc42503 r 0a         f0040fec  lw       x10, -0x24(x8)
#11849 0 800000b8     3f4d r 01         800000ba  c.jal    . - 0x4e
#11850 0 8000006a     7179 r 02         f0040ec0  c.addi16sp -0x3
#11851 0 8000006c     d606 m f0040eec   800000ba  c.swsp   x1, 0x2c
#11852 0 8000006e     d422 m f0040ee8   f0040f20  c.swsp   x8, 0x28
#11853 0 80000070     d226 m f0040ee4   00000001  c.swsp   x9, 0x24
#11854 0 80000072     1800 r 08         f0040ef0  c.addi4spn  x8, 0xc
#11855 0 80000074 fca42e23 m f0040ecc   f0040fec  sw       x10, -0x24(x8)
#11856 0 80000078 fcb42c23 m f0040ec8   00000000  sw       x11, -0x28(x8)
#11857 0 8000007c fd842783 r 0f         00000000  lw       x15, -0x28(x8)
#11858 0 80000080 00f04463 r 00         00000000  blt      x0, x15, . + 0x8
#11859 0 80000084     4781 r 0f         00000000  c.li     x15, 0x0
#11860 0 80000086     a8b9 r 00         00000000  c.j      . + 0x5e
#11861 0 800000e4     853e r 0a         00000000  c.mv     x10, x15
#11862 0 800000e6     50b2 r 01         800000ba  c.lwsp   x1, 0x2c
#11863 0 800000e8     5422 r 08         f0040f20  c.lwsp   x8, 0x28
#11864 0 800000ea     5492 r 09         00000001  c.lwsp   x9, 0x24
#11865 0 800000ec     6145 r 02         f0040ef0  c.addi16sp 0x3
#11866 0 800000ee     8082 r 00         00000000  c.jr     x1
#11867 0 800000ba     87aa r 0f         00000000  c.mv     x15, x10
#11868 0 800000bc     97a6 r 0f         00000001  c.add    x15, x9
#11869 0 800000be     85be r 0b         00000001  c.mv     x11, x15
#11870 0 800000c0 fec42503 r 0a         80000000  lw       x10, -0x14(x8)
#11871 0 800000c4     3749 r 01         800000c6  c.jal    . - 0x7e
#11872 0 80000046     1101 r 02         f0040ed0  c.addi   x2, -0x20
#11873 0 80000048     ce22 m f0040eec   f0040f20  c.swsp   x8, 0x1c
#11874 0 8000004a     1000 r 08         f0040ef0  c.addi4spn  x8, 0x8
#11875 0 8000004c fea42623 m f0040edc   80000000  sw       x10, -0x14(x8)
#11876 0 80000050 feb42423 m f0040ed8   00000001  sw       x11, -0x18(x8)
#11877 0 80000054 fec42703 r 0e         80000000  lw       x14, -0x14(x8)
#11878 0 80000058 fe842783 r 0f         00000001  lw       x15, -0x18(x8)
#11879 0 8000005c 00e7d363 r 00         00000000  bge      x15, x14, . + 0x6
#11880 0 80000062     853e r 0a         00000001  c.mv     x10, x15
#11881 0 80000064     4472 r 08         f0040f20  c.lwsp   x8, 0x1c
#11882 0 80000066     6105 r 02         f0040ef0  c.addi16sp 0x2
#11883 0 80000068     8082 r 00         00000000  c.jr     x1
#11884 0 800000c6 fea42623 m f0040f0c   00000001  sw       x10, -0x14(x8)
#11885 0 800000ca fe842783 r 0f         00000000  lw       x15, -0x18(x8)
#11886 0 800000ce     0785 r 0f         00000001  c.addi   x15, 0x1
#11887 0 800000d0 fef42423 m f0040f08   00000001  sw       x15, -0x18(x8)
#11888 0 800000d4 fe842703 r 0e         00000001  lw       x14, -0x18(x8)
#11889 0 800000d8 fd842783 r 0f         00000001  lw       x15, -0x28(x8)
#11890 0 800000dc faf74de3 r 00         00000000  blt      x14, x15, . - 0x46
#11891 0 800000e0 fec42783 r 0f         00000001  lw       x15, -0x14(x8)
#11892 0 800000e4     853e r 0a         00000001  c.mv     x10, x15
#11893 0 800000e6     50b2 r 01         800000ba  c.lwsp   x1, 0x2c
#11894 0 800000e8     5422 r 08         f0040f50  c.lwsp   x8, 0x28
#11895 0 800000ea     5492 r 09         00000001  c.lwsp   x9, 0x24
#11896 0 800000ec     6145 r 02         f0040f20  c.addi16sp 0x3
#11897 0 800000ee     8082 r 00         00000000  c.jr     x1
#11898 0 800000ba     87aa r 0f         00000001  c.mv     x15, x10
#11899 0 800000bc     97a6 r 0f         00000002  c.add    x15, x9
#11900 0 800000be     85be r 0b         00000002  c.mv     x11, x15
#11901 0 800000c0 fec42503 r 0a         80000000  lw       x10, -0x14(x8)
#11902 0 800000c4     3749 r 01         800000c6  c.jal    . - 0x7e
#11903 0 80000046     1101 r 02         f0040f00  c.addi   x2, -0x20
#11904 0 80000048     ce22 m f0040f1c   f0040f50  c.swsp   x8, 0x1c
#11905 0 8000004a     1000 r 08         f0040f20  c.addi4spn  x8, 0x8
#11906 0 8000004c fea42623 m f0040f0c   80000000  sw       x10, -0x14(x8)
#11907 0 80000050 feb42423 m f0040f08   00000002  sw       x11, -0x18(x8)
#11908 0 80000054 fec42703 r 0e         80000000  lw       x14, -0x14(x8)
#11909 0 80000058 fe842783 r 0f         00000002  lw       x15, -0x18(x8)
#11910 0 8000005c 00e7d363 r 00         00000000  bge      x15, x14, . + 0x6
#11911 0 80000062     853e r 0a         00000002  c.mv     x10, x15
#11912 0 80000064     4472 r 08         f0040f50  c.lwsp   x8, 0x1c
#11913 0 80000066     6105 r 02         f0040f20  c.addi16sp 0x2
#11914 0 80000068     8082 r 00         00000000  c.jr     x1
#11915 0 800000c6 fea42623 m f0040f3c   00000002  sw       x10, -0x14(x8)
#11916 0 800000ca fe842783 r 0f         00000000  lw       x15, -0x18(x8)
#11917 0 800000ce     0785 r 0f         00000001  c.addi   x15, 0x1
#11918 0 800000d0 fef42423 m f0040f38   00000001  sw       x15, -0x18(x8)
#11919 0 800000d4 fe842703 r 0e         00000001  lw       x14, -0x18(x8)
#11920 0 800000d8 fd842783 r 0f         00000002  lw       x15, -0x28(x8)
#11921 0 800000dc faf74de3 r 00         00000000  blt      x14, x15, . - 0x46
#11922 0 80000096 fe842783 r 0f         00000001  lw       x15, -0x18(x8)
#11923 0 8000009a     078a r 0f         00000004  c.slli   x15, 2
#11924 0 8000009c fdc42703 r 0e         f0040fec  lw       x14, -0x24(x8)
#11925 0 800000a0     97ba r 0f         f0040ff0  c.add    x15, x14
#11926 0 800000a2     4384 r 09         00000005  c.lw     x9, 0x0(x15)
#11927 0 800000a4 fd842703 r 0e         00000002  lw       x14, -0x28(x8)
#11928 0 800000a8 fe842783 r 0f         00000001  lw       x15, -0x18(x8)
#11929 0 800000ac 40f707b3 r 0f         00000001  sub      x15, x14, x15
#11930 0 800000b0     17fd r 0f         00000000  c.addi   x15, -0x1
#11931 0 800000b2     85be r 0b         00000000  c.mv     x11, x15
#11932 0 800000b4 fdc42503 r 0a         f0040fec  lw       x10, -0x24(x8)
#11933 0 800000b8     3f4d r 01         800000ba  c.jal    . - 0x4e
#11934 0 8000006a     7179 r 02         f0040ef0  c.addi16sp -0x3
#11935 0 8000006c     d606 m f0040f1c   800000ba  c.swsp   x1, 0x2c
#11936 0 8000006e     d422 m f0040f18   f0040f50  c.swsp   x8, 0x28
#11937 0 80000070     d226 m f0040f14   00000005  c.swsp   x9, 0x24
#11938 0 80000072     1800 r 08         f0040f20  c.addi4spn  x8, 0xc
#11939 0 80000074 fca42e23 m f0040efc   f0040fec  sw       x10, -0x24(x8)
#11940 0 80000078 fcb42c23 m f0040ef8   00000000  sw       x11, -0x28(x8)
#11941 0 8000007c fd842783 r 0f         00000000  lw       x15, -0x28(x8)
#11942 0 80000080 00f04463 r 00         00000000  blt      x0, x15, . + 0x8
#11943 0 80000084     4781 r 0f         00000000  c.li     x15, 0x0
#11944 0 80000086     a8b9 r 00         00000000  c.j      . + 0x5e
#11945 0 800000e4     853e r 0a         00000000  c.mv     x10, x15
#11946 0 800000e6     50b2 r 01         800000ba  c.lwsp   x1, 0x2c
#11947 0 800000e8     5422 r 08         f0040f50  c.lwsp   x8, 0x28
#11948 0 800000ea     5492 r 09         00000005  c.lwsp   x9, 0x24
#11949 0 800000ec     6145 r 02         f0040f20  c.addi16sp 0x3
#11950 0 800000ee     8082 r 00         00000000  c.jr     x1
#11951 0 800000ba     87aa r 0f         00000000  c.mv     x15, x10
#11952 0 800000bc     97a6 r 0f         00000005  c.add    x15, x9
#11953 0 800000be     85be r 0b         00000005  c.mv     x11, x15
#11954 0 800000c0 fec42503 r 0a         00000002  lw       x10, -0x14(x8)
#11955 0 800000c4     3749 r 01         800000c6  c.jal    . - 0x7e
#11956 0 80000046     1101 r 02         f0040f00  c.addi   x2, -0x20
#11957 0 80000048     ce22 m f0040f1c   f0040f50  c.swsp   x8, 0x1c
#11958 0 8000004a     1000 r 08         f0040f20  c.addi4spn  x8, 0x8
#11959 0 8000004c fea42623 m f0040f0c   00000002  sw       x10, -0x14(x8)
#11960 0 80000050 feb42423 m f0040f08   00000005  sw       x11, -0x18(x8)
#11961 0 80000054 fec42703 r 0e         00000002  lw       x14, -0x14(x8)
#11962 0 80000058 fe842783 r 0f         00000005  lw       x15, -0x18(x8)
#11963 0 8000005c 00e7d363 r 00         00000000  bge      x15, x14, . + 0x6
#11964 0 80000062     853e r 0a         00000005  c.mv     x10, x15
#11965 0 80000064     4472 r 08         f0040f50  c.lwsp   x8, 0x1c
#11966 0 80000066     6105 r 02         f0040f20  c.addi16sp 0x2
#11967 0 80000068     8082 r 00         00000000  c.jr     x1
#11968 0 800000c6 fea42623 m f0040f3c   00000005  sw       x10, -0x14(x8)
#11969 0 800000ca fe842783 r 0f         00000001  lw       x15, -0x18(x8)
#11970 0 800000ce     0785 r 0f         00000002  c.addi   x15, 0x1
#11971 0 800000d0 fef42423 m f0040f38   00000002  sw       x15, -0x18(x8)
#11972 0 800000d4 fe842703 r 0e         00000002  lw       x14, -0x18(x8)
#11973 0 800000d8 fd842783 r 0f         00000002  lw       x15, -0x28(x8)
#11974 0 800000dc faf74de3 r 00         00000000  blt      x14, x15, . - 0x46
#11975 0 800000e0 fec42783 r 0f         00000005  lw       x15, -0x14(x8)
#11976 0 800000e4     853e r 0a         00000005  c.mv     x10, x15
#11977 0 800000e6     50b2 r 01         800000ba  c.lwsp   x1, 0x2c
#11978 0 800000e8     5422 r 08         f0040f80  c.lwsp   x8, 0x28
#11979 0 800000ea     5492 r 09         00000001  c.lwsp   x9, 0x24
#11980 0 800000ec     6145 r 02         f0040f50  c.addi16sp 0x3
#11981 0 800000ee     8082 r 00         00000000  c.jr     x1
#11982 0 800000ba     87aa r 0f         00000005  c.mv     x15, x10
#11983 0 800000bc     97a6 r 0f         00000006  c.add    x15, x9
#11984 0 800000be     85be r 0b         00000006  c.mv     x11, x15
#11985 0 800000c0 fec42503 r 0a         80000000  lw       x10, -0x14(x8)
#11986 0 800000c4     3749 r 01         800000c6  c.jal    . - 0x7e
#11987 0 80000046     1101 r 02         f0040f30  c.addi   x2, -0x20
#11988 0 80000048     ce22 m f0040f4c   f0040f80  c.swsp   x8, 0x1c
#11989 0 8000004a     1000 r 08         f0040f50  c.addi4spn  x8, 0x8
#11990 0 8000004c fea42623 m f0040f3c   80000000  sw       x10, -0x14(x8)
#11991 0 80000050 feb42423 m f0040f38   00000006  sw       x11, -0x18(x8)
#11992 0 80000054 fec42703 r 0e         80000000  lw       x14, -0x14(x8)
#11993 0 80000058 fe842783 r 0f         00000006  lw       x15, -0x18(x8)
#11994 0 8000005c 00e7d363 r 00         00000000  bge      x15, x14, . + 0x6
#11995 0 80000062     853e r 0a         00000006  c.mv     x10, x15
#11996 0 80000064     4472 r 08         f0040f80  c.lwsp   x8, 0x1c
#11997 0 80000066     6105 r 02         f0040f50  c.addi16sp 0x2
#11998 0 80000068     8082 r 00         00000000  c.jr     x1
#11999 0 800000c6 fea42623 m f0040f6c   00000006  sw       x10, -0x14(x8)
#12000 0 800000ca fe842783 r 0f         00000000  lw       x15, -0x18(x8)
#12001 0 800000ce     0785 r 0f         00000001  c.addi   x15, 0x1
#12002 0 800000d0 fef42423 m f0040f68   00000001  sw       x15, -0x18(x8)
#12003 0 800000d4 fe842703 r 0e         00000001  lw       x14, -0x18(x8)
#12004 0 800000d8 fd842783 r 0f         00000003  lw       x15, -0x28(x8)
#12005 0 800000dc faf74de3 r 00         00000000  blt      x14, x15, . - 0x46
#12006 0 80000096 fe842783 r 0f         00000001  lw       x15, -0x18(x8)
#12007 0 8000009a     078a r 0f         00000004  c.slli   x15, 2
#12008 0 8000009c fdc42703 r 0e         f0040fec  lw       x14, -0x24(x8)
#12009 0 800000a0     97ba r 0f         f0040ff0  c.add    x15, x14
#12010 0 800000a2     4384 r 09         00000005  c.lw     x9, 0x0(x15)
#12011 0 800000a4 fd842703 r 0e         00000003  lw       x14, -0x28(x8)
#12012 0 800000a8 fe842783 r 0f         00000001  lw       x15, -0x18(x8)
#12013 0 800000ac 40f707b3 r 0f         00000002  sub      x15, x14, x15
#12014 0 800000b0     17fd r 0f         00000001  c.addi   x15, -0x1
#12015 0 800000b2     85be r 0b         00000001  c.mv     x11, x15
#12016 0 800000b4 fdc42503 r 0a         f0040fec  lw       x10, -0x24(x8)
#12017 0 800000b8     3f4d r 01         800000ba  c.jal    . - 0x4e
#12018 0 8000006a     7179 r 02         f0040f20  c.addi16sp -0x3
#12019 0 8000006c     d606 m f0040f4c   800000ba  c.swsp   x1, 0x2c
#12020 0 8000006e     d422 m f0040f48   f0040f80  c.swsp   x8, 0x28
#12021 0 80000070     d226 m f0040f44   00000005  c.swsp   x9, 0x24
#12022 0 80000072     1800 r 08         f0040f50  c.addi4spn  x8, 0xc
#12023 0 80000074 fca42e23 m f0040f2c   f0040fec  sw       x10, -0x24(x8)
#12024 0 80000078 fcb42c23 m f0040f28   00000001  sw       x11, -0x28(x8)
#12025 0 8000007c fd842783 r 0f         00000001  lw       x15, -0x28(x8)
#12026 0 80000080 00f04463 r 00         00000000  blt      x0, x15, . + 0x8
#12027 0 80000088 800007b7 r 0f         80000000  lui      x15, -0x80000
#12028 0 8000008c fef42623 m f0040f3c   80000000  sw       x15, -0x14(x8)
#12029 0 80000090 fe042423 m f0040f38   00000000  sw       x0, -0x18(x8)
#12030 0 80000094     a081 r 00         00000000  c.j      . + 0x40
#12031 0 800000d4 fe842703 r 0e         00000000  lw       x14, -0x18(x8)
#12032 0 800000d8 fd842783 r 0f         00000001  lw       x15, -0x28(x8)
#12033 0 800000dc faf74de3 r 00         00000000  blt      x14, x15, . - 0x46
#12034 0 80000096 fe842783 r 0f         00000000  lw       x15, -0x18(x8)
#12035 0 8000009a     078a r 0f         00000000  c.slli   x15, 2
#12036 0 8000009c fdc42703 r 0e         f0040fec  lw       x14, -0x24(x8)
#12037 0 800000a0     97ba r 0f         f0040fec  c.add    x15, x14
#12038 0 800000a2     4384 r 09         00000001  c.lw     x9, 0x0(x15)
#12039 0 800000a4 fd842703 r 0e         00000001  lw       x14, -0x28(x8)
#12040 0 800000a8 fe842783 r 0f         00000000  lw       x15, -0x18(x8)
#12041 0 800000ac 40f707b3 r 0f         00000001  sub      x15, x14, x15
#12042 0 800000b0     17fd r 0f         00000000  c.addi   x15, -0x1
#12043 0 800000b2     85be r 0b         00000000  c.mv     x11, x15
#12044 0 800000b4 fdc42503 r 0a         f0040fec  lw       x10, -0x24(x8)
#12045 0 800000b8     3f4d r 01         800000ba  c.jal    . - 0x4e
#12046 0 8000006a     7179 r 02         f0040ef0  c.addi16sp -0x3
#12047 0 8000006c     d606 m f0040f1c   800000ba  c.swsp   x1, 0x2c
#12048 0 8000006e     d422 m f0040f18   f0040f50  c.swsp   x8, 0x28
#12049 0 80000070     d226 m f0040f14   00000001  c.swsp   x9, 0x24
#12050 0 80000072     1800 r 08         f0040f20  c.addi4spn  x8, 0xc
#12051 0 80000074 fca42e23 m f0040efc   f0040fec  sw       x10, -0x24(x8)
#12052 0 80000078 fcb42c23 m f0040ef8   00000000  sw       x11, -0x28(x8)
#12053 0 8000007c fd842783 r 0f         00000000  lw       x15, -0x28(x8)
#12054 0 80000080 00f04463 r 00         00000000  blt      x0, x15, . + 0x8
#12055 0 80000084     4781 r 0f         00000000  c.li     x15, 0x0
#12056 0 80000086     a8b9 r 00         00000000  c.j      . + 0x5e
#12057 0 800000e4     853e r 0a         00000000  c.mv     x10, x15
#12058 0 800000e6     50b2 r 01         800000ba  c.lwsp   x1, 0x2c
#12059 0 800000e8     5422 r 08         f0040f50  c.lwsp   x8, 0x28
#12060 0 800000ea     5492 r 09         00000001  c.lwsp   x9, 0x24
#12061 0 800000ec     6145 r 02         f0040f20  c.addi16sp 0x3
#12062 0 800000ee     8082 r 00         00000000  c.jr     x1
#12063 0 800000ba     87aa r 0f         00000000  c.mv     x15, x10
#12064 0 800000bc     97a6 r 0f         00000001  c.add    x15, x9
#12065 0 800000be     85be r 0b         00000001  c.mv     x11, x15
#12066 0 800000c0 fec42503 r 0a         80000000  lw       x10, -0x14(x8)
#12067 0 800000c4     3749 r 01         800000c6  c.jal    . - 0x7e
#12068 0 80000046     1101 r 02         f0040f00  c.addi   x2, -0x20
#12069 0 80000048     ce22 m f0040f1c   f0040f50  c.swsp   x8, 0x1c
#12070 0 8000004a     1000 r 08         f0040f20  c.addi4spn  x8, 0x8
#12071 0 8000004c fea42623 m f0040f0c   80000000  sw       x10, -0x14(x8)
#12072 0 80000050 feb42423 m f0040f08   00000001  sw       x11, -0x18(x8)
#12073 0 80000054 fec42703 r 0e         80000000  lw       x14, -0x14(x8)
#12074 0 80000058 fe842783 r 0f         00000001  lw       x15, -0x18(x8)
#12075 0 8000005c 00e7d363 r 00         00000000  bge      x15, x14, . + 0x6
#12076 0 80000062     853e r 0a         00000001  c.mv     x10, x15
#12077 0 80000064     4472 r 08         f0040f50  c.lwsp   x8, 0x1c
#12078 0 80000066     6105 r 02         f0040f20  c.addi16sp 0x2
#12079 0 80000068     8082 r 00         00000000  c.jr     x1
#12080 0 800000c6 fea42623 m f0040f3c   00000001  sw       x10, -0x14(x8)
#12081 0 800000ca fe842783 r 0f         00000000  lw       x15, -0x18(x8)
#12082 0 800000ce     0785 r 0f         00000001  c.addi   x15, 0x1
#12083 0 800000d0 fef42423 m f0040f38   00000001  sw       x15, -0x18(x8)
#12084 0 800000d4 fe842703 r 0e         00000001  lw       x14, -0x18(x8)
#12085 0 800000d8 fd842783 r 0f         00000001  lw       x15, -0x28(x8)
#12086 0 800000dc faf74de3 r 00         00000000  blt      x14, x15, . - 0x46
#12087 0 800000e0 fec42783 r 0f         00000001  lw       x15, -0x14(x8)
#12088 0 800000e4     853e r 0a         00000001  c.mv     x10, x15
#12089 0 800000e6     50b2 r 01         800000ba  c.lwsp   x1, 0x2c
#12090 0 800000e8     5422 r 08         f0040f80  c.lwsp   x8, 0x28
#12091 0 800000ea     5492 r 09         00000005  c.lwsp   x9, 0x24
#12092 0 800000ec     6145 r 02         f0040f50  c.addi16sp 0x3
#12093 0 800000ee     8082 r 00         00000000  c.jr     x1
#12094 0 800000ba     87aa r 0f         00000001  c.mv     x15, x10
#12095 0 800000bc     97a6 r 0f         00000006  c.add    x15, x9
#12096 0 800000be     85be r 0b         00000006  c.mv     x11, x15
#12097 0 800000c0 fec42503 r 0a         00000006  lw       x10, -0x14(x8)
#12098 0 800000c4     3749 r 01         800000c6  c.jal    . - 0x7e
#12099 0 80000046     1101 r 02         f0040f30  c.addi   x2, -0x20
#12100 0 80000048     ce22 m f0040f4c   f0040f80  c.swsp   x8, 0x1c
#12101 0 8000004a     1000 r 08         f0040f50  c.addi4spn  x8, 0x8
#12102 0 8000004c fea42623 m f0040f3c   00000006  sw       x10, -0x14(x8)
#12103 0 80000050 feb42423 m f0040f38   00000006  sw       x11, -0x18(x8)
#12104 0 80000054 fec42703 r 0e         00000006  lw       x14, -0x14(x8)
#12105 0 80000058 fe842783 r 0f         00000006  lw       x15, -0x18(x8)
#12106 0 8000005c 00e7d363 r 00         00000000  bge      x15, x14, . + 0x6
#12107 0 80000062     853e r 0a         00000006  c.mv     x10, x15
#12108 0 80000064     4472 r 08         f0040f80  c.lwsp   x8, 0x1c
#12109 0 80000066     6105 r 02         f0040f50  c.addi16sp 0x2
#12110 0 80000068     8082 r 00         00000000  c.jr     x1
#12111 0 800000c6 fea42623 m f0040f6c   00000006  sw       x10, -0x14(x8)
#12112 0 800000ca fe842783 r 0f         00000001  lw       x15, -0x18(x8)
#12113 0 800000ce     0785 r 0f         00000002  c.addi   x15, 0x1
#12114 0 800000d0 fef42423 m f0040f68   00000002  sw       x15, -0x18(x8)
#12115 0 800000d4 fe842703 r 0e         00000002  lw       x14, -0x18(x8)
#12116 0 800000d8 fd842783 r 0f         00000003  lw       x15, -0x28(x8)
#12117 0 800000dc faf74de3 r 00         00000000  blt      x14, x15, . - 0x46
#12118 0 80000096 fe842783 r 0f         00000002  lw       x15, -0x18(x8)
#12119 0 8000009a     078a r 0f         00000008  c.slli   x15, 2
#12120 0 8000009c fdc42703 r 0e         f0040fec  lw       x14, -0x24(x8)
#12121 0 800000a0     97ba r 0f         f0040ff4  c.add    x15, x14
#12122 0 800000a2     4384 r 09         00000008  c.lw     x9, 0x0(x15)
#12123 0 800000a4 fd842703 r 0e         00000003  lw       x14, -0x28(x8)
#12124 0 800000a8 fe842783 r 0f         00000002  lw       x15, -0x18(x8)
#12125 0 800000ac 40f707b3 r 0f         00000001  sub      x15, x14, x15
#12126 0 800000b0     17fd r 0f         00000000  c.addi   x15, -0x1
#12127 0 800000b2     85be r 0b         00000000  c.mv     x11, x15
#12128 0 800000b4 fdc42503 r 0a         f0040fec  lw       x10, -0x24(x8)
#12129 0 800000b8     3f4d r 01         800000ba  c.jal    . - 0x4e
#12130 0 8000006a     7179 r 02         f0040f20  c.addi16sp -0x3
#12131 0 8000006c     d606 m f0040f4c   800000ba  c.swsp   x1, 0x2c
#12132 0 8000006e     d422 m f0040f48   f0040f80  c.swsp   x8, 0x28
#12133 0 80000070     d226 m f0040f44   00000008  c.swsp   x9, 0x24
#12134 0 80000072     1800 r 08         f0040f50  c.addi4spn  x8, 0xc
#12135 0 80000074 fca42e23 m f0040f2c   f0040fec  sw       x10, -0x24(x8)
#12136 0 80000078 fcb42c23 m f0040f28   00000000  sw       x11, -0x28(x8)
#12137 0 8000007c fd842783 r 0f         00000000  lw       x15, -0x28(x8)
#12138 0 80000080 00f04463 r 00         00000000  blt      x0, x15, . + 0x8
#12139 0 80000084     4781 r 0f         00000000  c.li     x15, 0x0
#12140 0 80000086     a8b9 r 00         00000000  c.j      . + 0x5e
#12141 0 800000e4     853e r 0a         00000000  c.mv     x10, x15
#12142 0 800000e6     50b2 r 01         800000ba  c.lwsp   x1, 0x2c
#12143 0 800000e8     5422 r 08         f0040f80  c.lwsp   x8, 0x28
#12144 0 800000ea     5492 r 09         00000008  c.lwsp   x9, 0x24
#12145 0 800000ec     6145 r 02         f0040f50  c.addi16sp 0x3
#12146 0 800000ee     8082 r 00         00000000  c.jr     x1
#12147 0 800000ba     87aa r 0f         00000000  c.mv     x15, x10
#12148 0 800000bc     97a6 r 0f         00000008  c.add    x15, x9
#12149 0 800000be     85be r 0b         00000008  c.mv     x11, x15
#12150 0 800000c0 fec42503 r 0a         00000006  lw       x10, -0x14(x8)
#12151 0 800000c4     3749 r 01         800000c6  c.jal    . - 0x7e
#12152 0 80000046     1101 r 02         f0040f30  c.addi   x2, -0x20
#12153 0 80000048     ce22 m f0040f4c   f0040f80  c.swsp   x8, 0x1c
#12154 0 8000004a     1000 r 08         f0040f50  c.addi4spn  x8, 0x8
#12155 0 8000004c fea42623 m f0040f3c   00000006  sw       x10, -0x14(x8)
#12156 0 80000050 feb42423 m f0040f38   00000008  sw       x11, -0x18(x8)
#12157 0 80000054 fec42703 r 0e         00000006  lw       x14, -0x14(x8)
#12158 0 80000058 fe842783 r 0f         00000008  lw       x15, -0x18(x8)
#12159 0 8000005c 00e7d363 r 00         00000000  bge      x15, x14, . + 0x6
#12160 0 80000062     853e r 0a         00000008  c.mv     x10, x15
#12161 0 80000064     4472 r 08         f0040f80  c.lwsp   x8, 0x1c
#12162 0 80000066     6105 r 02         f0040f50  c.addi16sp 0x2
#12163 0 80000068     8082 r 00         00000000  c.jr     x1
#12164 0 800000c6 fea42623 m f0040f6c   00000008  sw       x10, -0x14(x8)
#12165 0 800000ca fe842783 r 0f         00000002  lw       x15, -0x18(x8)
#12166 0 800000ce     0785 r 0f         00000003  c.addi   x15, 0x1
#12167 0 800000d0 fef42423 m f0040f68   00000003  sw       x15, -0x18(x8)
#12168 0 800000d4 fe842703 r 0e         00000003  lw       x14, -0x18(x8)
#12169 0 800000d8 fd842783 r 0f         00000003  lw       x15, -0x28(x8)
#12170 0 800000dc faf74de3 r 00         00000000  blt      x14, x15, . - 0x46
#12171 0 800000e0 fec42783 r 0f         00000008  lw       x15, -0x14(x8)
#12172 0 800000e4     853e r 0a         00000008  c.mv     x10, x15
#12173 0 800000e6     50b2 r 01         800000ba  c.lwsp   x1, 0x2c
#12174 0 800000e8     5422 r 08         f0040fb0  c.lwsp   x8, 0x28
#12175 0 800000ea     5492 r 09         00000005  c.lwsp   x9, 0x24
#12176 0 800000ec     6145 r 02         f0040f80  c.addi16sp 0x3
#12177 0 800000ee     8082 r 00         00000000  c.jr     x1
#12178 0 800000ba     87aa r 0f         00000008  c.mv     x15, x10
#12179 0 800000bc     97a6 r 0f         0000000d  c.add    x15, x9
#12180 0 800000be     85be r 0b         0000000d  c.mv     x11, x15
#12181 0 800000c0 fec42503 r 0a         0000000b  lw       x10, -0x14(x8)
#12182 0 800000c4     3749 r 01         800000c6  c.jal    . - 0x7e
#12183 0 80000046     1101 r 02         f0040f60  c.addi   x2, -0x20
#12184 0 80000048     ce22 m f0040f7c   f0040fb0  c.swsp   x8, 0x1c
#12185 0 8000004a     1000 r 08         f0040f80  c.addi4spn  x8, 0x8
#12186 0 8000004c fea42623 m f0040f6c   0000000b  sw       x10, -0x14(x8)
#12187 0 80000050 feb42423 m f0040f68   0000000d  sw       x11, -0x18(x8)
#12188 0 80000054 fec42703 r 0e         0000000b  lw       x14, -0x14(x8)
#12189 0 80000058 fe842783 r 0f         0000000d  lw       x15, -0x18(x8)
#12190 0 8000005c 00e7d363 r 00         00000000  bge      x15, x14, . + 0x6
#12191 0 80000062     853e r 0a         0000000d  c.mv     x10, x15
#12192 0 80000064     4472 r 08         f0040fb0  c.lwsp   x8, 0x1c
#12193 0 80000066     6105 r 02         f0040f80  c.addi16sp 0x2
#12194 0 80000068     8082 r 00         00000000  c.jr     x1
#12195 0 800000c6 fea42623 m f0040f9c   0000000d  sw       x10, -0x14(x8)
#12196 0 800000ca fe842783 r 0f         00000001  lw       x15, -0x18(x8)
#12197 0 800000ce     0785 r 0f         00000002  c.addi   x15, 0x1
#12198 0 800000d0 fef42423 m f0040f98   00000002  sw       x15, -0x18(x8)
#12199 0 800000d4 fe842703 r 0e         00000002  lw       x14, -0x18(x8)
#12200 0 800000d8 fd842783 r 0f         00000005  lw       x15, -0x28(x8)
#12201 0 800000dc faf74de3 r 00         00000000  blt      x14, x15, . - 0x46
#12202 0 80000096 fe842783 r 0f         00000002  lw       x15, -0x18(x8)
#12203 0 8000009a     078a r 0f         00000008  c.slli   x15, 2
#12204 0 8000009c fdc42703 r 0e         f0040fec  lw       x14, -0x24(x8)
#12205 0 800000a0     97ba r 0f         f0040ff4  c.add    x15, x14
#12206 0 800000a2     4384 r 09         00000008  c.lw     x9, 0x0(x15)
#12207 0 800000a4 fd842703 r 0e         00000005  lw       x14, -0x28(x8)
#12208 0 800000a8 fe842783 r 0f         00000002  lw       x15, -0x18(x8)
#12209 0 800000ac 40f707b3 r 0f         00000003  sub      x15, x14, x15
#12210 0 800000b0     17fd r 0f         00000002  c.addi   x15, -0x1
#12211 0 800000b2     85be r 0b         00000002  c.mv     x11, x15
#12212 0 800000b4 fdc42503 r 0a         f0040fec  lw       x10, -0x24(x8)
#12213 0 800000b8     3f4d r 01         800000ba  c.jal    . - 0x4e
#12214 0 8000006a     7179 r 02         f0040f50  c.addi16sp -0x3
#12215 0 8000006c     d606 m f0040f7c   800000ba  c.swsp   x1, 0x2c
#12216 0 8000006e     d422 m f0040f78   f0040fb0  c.swsp   x8, 0x28
#12217 0 80000070     d226 m f0040f74   00000008  c.swsp   x9, 0x24
#12218 0 80000072     1800 r 08         f0040f80  c.addi4spn  x8, 0xc
#12219 0 80000074 fca42e23 m f0040f5c   f0040fec  sw       x10, -0x24(x8)
#12220 0 80000078 fcb42c23 m f0040f58   00000002  sw       x11, -0x28(x8)
#12221 0 8000007c fd842783 r 0f         00000002  lw       x15, -0x28(x8)
#12222 0 80000080 00f04463 r 00         00000000  blt      x0, x15, . + 0x8
#12223 0 80000088 800007b7 r 0f         80000000  lui      x15, -0x80000
#12224 0 8000008c fef42623 m f0040f6c   80000000  sw       x15, -0x14(x8)
#12225 0 80000090 fe042423 m f0040f68   00000000  sw       x0, -0x18(x8)
#12226 0 80000094     a081 r 00         00000000  c.j      . + 0x40
#12227 0 800000d4 fe842703 r 0e         00000000  lw       x14, -0x18(x8)
#12228 0 800000d8 fd842783 r 0f         00000002  lw       x15, -0x28(x8)
#12229 0 800000dc faf74de3 r 00         00000000  blt      x14, x15, . - 0x46
#12230 0 80000096 fe842783 r 0f         00000000  lw       x15, -0x18(x8)
#12231 0 8000009a     078a r 0f         00000000  c.slli   x15, 2
#12232 0 8000009c fdc42703 r 0e         f0040fec  lw       x14, -0x24(x8)
#12233 0 800000a0     97ba r 0f         f0040fec  c.add    x15, x14
#12234 0 800000a2     4384 r 09         00000001  c.lw     x9, 0x0(x15)
#12235 0 800000a4 fd842703 r 0e         00000002  lw       x14, -0x28(x8)
#12236 0 800000a8 fe842783 r 0f         00000000  lw       x15, -0x18(x8)
#12237 0 800000ac 40f707b3 r 0f         00000002  sub      x15, x14, x15
#12238 0 800000b0     17fd r 0f         00000001  c.addi   x15, -0x1
#12239 0 800000b2     85be r 0b         00000001  c.mv     x11, x15
#12240 0 800000b4 fdc42503 r 0a         f0040fec  lw       x10, -0x24(x8)
#12241 0 800000b8     3f4d r 01         800000ba  c.jal    . - 0x4e
#12242 0 8000006a     7179 r 02         f0040f20  c.addi16sp -0x3
#12243 0 8000006c     d606 m f0040f4c   800000ba  c.swsp   x1, 0x2c
#12244 0 8000006e     d422 m f0040f48   f0040f80  c.swsp   x8, 0x28
#12245 0 80000070     d226 m f0040f44   00000001  c.swsp   x9, 0x24
#12246 0 80000072     1800 r 08         f0040f50  c.addi4spn  x8, 0xc
#12247 0 80000074 fca42e23 m f0040f2c   f0040fec  sw       x10, -0x24(x8)
#12248 0 80000078 fcb42c23 m f0040f28   00000001  sw       x11, -0x28(x8)
#12249 0 8000007c fd842783 r 0f         00000001  lw       x15, -0x28(x8)
#12250 0 80000080 00f04463 r 00         00000000  blt      x0, x15, . + 0x8
#12251 0 80000088 800007b7 r 0f         80000000  lui      x15, -0x80000
#12252 0 8000008c fef42623 m f0040f3c   80000000  sw       x15, -0x14(x8)
#12253 0 80000090 fe042423 m f0040f38   00000000  sw       x0, -0x18(x8)
#12254 0 80000094     a081 r 00         00000000  c.j      . + 0x40
#12255 0 800000d4 fe842703 r 0e         00000000  lw       x14, -0x18(x8)
#12256 0 800000d8 fd842783 r 0f         00000001  lw       x15, -0x28(x8)
#12257 0 800000dc faf74de3 r 00         00000000  blt      x14, x15, . - 0x46
#12258 0 80000096 fe842783 r 0f         00000000  lw       x15, -0x18(x8)
#12259 0 8000009a     078a r 0f         00000000  c.slli   x15, 2
#12260 0 8000009c fdc42703 r 0e         f0040fec  lw       x14, -0x24(x8)
#12261 0 800000a0     97ba r 0f         f0040fec  c.add    x15, x14
#12262 0 800000a2     4384 r 09         00000001  c.lw     x9, 0x0(x15)
#12263 0 800000a4 fd842703 r 0e         00000001  lw       x14, -0x28(x8)
#12264 0 800000a8 fe842783 r 0f         00000000  lw       x15, -0x18(x8)
#12265 0 800000ac 40f707b3 r 0f         00000001  sub      x15, x14, x15
#12266 0 800000b0     17fd r 0f         00000000  c.addi   x15, -0x1
#12267 0 800000b2     85be r 0b         00000000  c.mv     x11, x15
#12268 0 800000b4 fdc42503 r 0a         f0040fec  lw       x10, -0x24(x8)
#12269 0 800000b8     3f4d r 01         800000ba  c.jal    . - 0x4e
#12270 0 8000006a     7179 r 02         f0040ef0  c.addi16sp -0x3
#12271 0 8000006c     d606 m f0040f1c   800000ba  c.swsp   x1, 0x2c
#12272 0 8000006e     d422 m f0040f18   f0040f50  c.swsp   x8, 0x28
#12273 0 80000070     d226 m f0040f14   00000001  c.swsp   x9, 0x24
#12274 0 80000072     1800 r 08         f0040f20  c.addi4spn  x8, 0xc
#12275 0 80000074 fca42e23 m f0040efc   f0040fec  sw       x10, -0x24(x8)
#12276 0 80000078 fcb42c23 m f0040ef8   00000000  sw       x11, -0x28(x8)
#12277 0 8000007c fd842783 r 0f         00000000  lw       x15, -0x28(x8)
#12278 0 80000080 00f04463 r 00         00000000  blt      x0, x15, . + 0x8
#12279 0 80000084     4781 r 0f         00000000  c.li     x15, 0x0
#12280 0 80000086     a8b9 r 00         00000000  c.j      . + 0x5e
#12281 0 800000e4     853e r 0a         00000000  c.mv     x10, x15
#12282 0 800000e6     50b2 r 01         800000ba  c.lwsp   x1, 0x2c
#12283 0 800000e8     5422 r 08         f0040f50  c.lwsp   x8, 0x28
#12284 0 800000ea     5492 r 09         00000001  c.lwsp   x9, 0x24
#12285 0 800000ec     6145 r 02         f0040f20  c.addi16sp 0x3
#12286 0 800000ee     8082 r 00         00000000  c.jr     x1
#12287 0 800000ba     87aa r 0f         00000000  c.mv     x15, x10
#12288 0 800000bc     97a6 r 0f         00000001  c.add    x15, x9
#12289 0 800000be     85be r 0b         00000001  c.mv     x11, x15
#12290 0 800000c0 fec42503 r 0a         80000000  lw       x10, -0x14(x8)
#12291 0 800000c4     3749 r 01         800000c6  c.jal    . - 0x7e
#12292 0 80000046     1101 r 02         f0040f00  c.addi   x2, -0x20
#12293 0 80000048     ce22 m f0040f1c   f0040f50  c.swsp   x8, 0x1c
#12294 0 8000004a     1000 r 08         f0040f20  c.addi4spn  x8, 0x8
#12295 0 8000004c fea42623 m f0040f0c   80000000  sw       x10, -0x14(x8)
#12296 0 80000050 feb42423 m f0040f08   00000001  sw       x11, -0x18(x8)
#12297 0 80000054 fec42703 r 0e         80000000  lw       x14, -0x14(x8)
#12298 0 80000058 fe842783 r 0f         00000001  lw       x15, -0x18(x8)
#12299 0 8000005c 00e7d363 r 00         00000000  bge      x15, x14, . + 0x6
#12300 0 80000062     853e r 0a         00000001  c.mv     x10, x15
#12301 0 80000064     4472 r 08         f0040f50  c.lwsp   x8, 0x1c
#12302 0 80000066     6105 r 02         f0040f20  c.addi16sp 0x2
#12303 0 80000068     8082 r 00         00000000  c.jr     x1
#12304 0 800000c6 fea42623 m f0040f3c   00000001  sw       x10, -0x14(x8)
#12305 0 800000ca fe842783 r 0f         00000000  lw       x15, -0x18(x8)
#12306 0 800000ce     0785 r 0f         00000001  c.addi   x15, 0x1
#12307 0 800000d0 fef42423 m f0040f38   00000001  sw       x15, -0x18(x8)
#12308 0 800000d4 fe842703 r 0e         00000001  lw       x14, -0x18(x8)
#12309 0 800000d8 fd842783 r 0f         00000001  lw       x15, -0x28(x8)
#12310 0 800000dc faf74de3 r 00         00000000  blt      x14, x15, . - 0x46
#12311 0 800000e0 fec42783 r 0f         00000001  lw       x15, -0x14(x8)
#12312 0 800000e4     853e r 0a         00000001  c.mv     x10, x15
#12313 0 800000e6     50b2 r 01         800000ba  c.lwsp   x1, 0x2c
#12314 0 800000e8     5422 r 08         f0040f80  c.lwsp   x8, 0x28
#12315 0 800000ea     5492 r 09         00000001  c.lwsp   x9, 0x24
#12316 0 800000ec     6145 r 02         f0040f50  c.addi16sp 0x3
#12317 0 800000ee     8082 r 00         00000000  c.jr     x1
#12318 0 800000ba     87aa r 0f         00000001  c.mv     x15, x10
#12319 0 800000bc     97a6 r 0f         00000002  c.add    x15, x9
#12320 0 800000be     85be r 0b         00000002  c.mv     x11, x15
#12321 0 800000c0 fec42503 r 0a         80000000  lw       x10, -0x14(x8)
#12322 0 800000c4     3749 r 01         800000c6  c.jal    . - 0x7e
#12323 0 80000046     1101 r 02         f0040f30  c.addi   x2, -0x20
#12324 0 80000048     ce22 m f0040f4c   f0040f80  c.swsp   x8, 0x1c
#12325 0 8000004a     1000 r 08         f0040f50  c.addi4spn  x8, 0x8
#12326 0 8000004c fea42623 m f0040f3c   80000000  sw       x10, -0x14(x8)
#12327 0 80000050 feb42423 m f0040f38   00000002  sw       x11, -0x18(x8)
#12328 0 80000054 fec42703 r 0e         80000000  lw       x14, -0x14(x8)
#12329 0 80000058 fe842783 r 0f         00000002  lw       x15, -0x18(x8)
#12330 0 8000005c 00e7d363 r 00         00000000  bge      x15, x14, . + 0x6
#12331 0 80000062     853e r 0a         00000002  c.mv     x10, x15
#12332 0 80000064     4472 r 08         f0040f80  c.lwsp   x8, 0x1c
#12333 0 80000066     6105 r 02         f0040f50  c.addi16sp 0x2
#12334 0 80000068     8082 r 00         00000000  c.jr     x1
#12335 0 800000c6 fea42623 m f0040f6c   00000002  sw       x10, -0x14(x8)
#12336 0 800000ca fe842783 r 0f         00000000  lw       x15, -0x18(x8)
#12337 0 800000ce     0785 r 0f         00000001  c.addi   x15, 0x1
#12338 0 800000d0 fef42423 m f0040f68   00000001  sw       x15, -0x18(x8)
#12339 0 800000d4 fe842703 r 0e         00000001  lw       x14, -0x18(x8)
#12340 0 800000d8 fd842783 r 0f         00000002  lw       x15, -0x28(x8)
#12341 0 800000dc faf74de3 r 00         00000000  blt      x14, x15, . - 0x46
#12342 0 80000096 fe842783 r 0f         00000001  lw       x15, -0x18(x8)
#12343 0 8000009a     078a r 0f         00000004  c.slli   x15, 2
#12344 0 8000009c fdc42703 r 0e         f0040fec  lw       x14, -0x24(x8)
#12345 0 800000a0     97ba r 0f         f0040ff0  c.add    x15, x14
#12346 0 800000a2     4384 r 09         00000005  c.lw     x9, 0x0(x15)
#12347 0 800000a4 fd842703 r 0e         00000002  lw       x14, -0x28(x8)
#12348 0 800000a8 fe842783 r 0f         00000001  lw       x15, -0x18(x8)
#12349 0 800000ac 40f707b3 r 0f         00000001  sub      x15, x14, x15
#12350 0 800000b0     17fd r 0f         00000000  c.addi   x15, -0x1
#12351 0 800000b2     85be r 0b         00000000  c.mv     x11, x15
#12352 0 800000b4 fdc42503 r 0a         f0040fec  lw       x10, -0x24(x8)
#12353 0 800000b8     3f4d r 01         800000ba  c.jal    . - 0x4e
#12354 0 8000006a     7179 r 02         f0040f20  c.addi16sp -0x3
#12355 0 8000006c     d606 m f0040f4c   800000ba  c.swsp   x1, 0x2c
#12356 0 8000006e     d422 m f0040f48   f0040f80  c.swsp   x8, 0x28
#12357 0 80000070     d226 m f0040f44   00000005  c.swsp   x9, 0x24
#12358 0 80000072     1800 r 08         f0040f50  c.addi4spn  x8, 0xc
#12359 0 80000074 fca42e23 m f0040f2c   f0040fec  sw       x10, -0x24(x8)
#12360 0 80000078 fcb42c23 m f0040f28   00000000  sw       x11, -0x28(x8)
#12361 0 8000007c fd842783 r 0f         00000000  lw       x15, -0x28(x8)
#12362 0 80000080 00f04463 r 00         00000000  blt      x0, x15, . + 0x8
#12363 0 80000084     4781 r 0f         00000000  c.li     x15, 0x0
#12364 0 80000086     a8b9 r 00         00000000  c.j      . + 0x5e
#12365 0 800000e4     853e r 0a         00000000  c.mv     x10, x15
#12366 0 800000e6     50b2 r 01         800000ba  c.lwsp   x1, 0x2c
#12367 0 800000e8     5422 r 08         f0040f80  c.lwsp   x8, 0x28
#12368 0 800000ea     5492 r 09         00000005  c.lwsp   x9, 0x24
#12369 0 800000ec     6145 r 02         f0040f50  c.addi16sp 0x3
#12370 0 800000ee     8082 r 00         00000000  c.jr     x1
#12371 0 800000ba     87aa r 0f         00000000  c.mv     x15, x10
#12372 0 800000bc     97a6 r 0f         00000005  c.add    x15, x9
#12373 0 800000be     85be r 0b         00000005  c.mv     x11, x15
#12374 0 800000c0 fec42503 r 0a         00000002  lw       x10, -0x14(x8)
#12375 0 800000c4     3749 r 01         800000c6  c.jal    . - 0x7e
#12376 0 80000046     1101 r 02         f0040f30  c.addi   x2, -0x20
#12377 0 80000048     ce22 m f0040f4c   f0040f80  c.swsp   x8, 0x1c
#12378 0 8000004a     1000 r 08         f0040f50  c.addi4spn  x8, 0x8
#12379 0 8000004c fea42623 m f0040f3c   00000002  sw       x10, -0x14(x8)
#12380 0 80000050 feb42423 m f0040f38   00000005  sw       x11, -0x18(x8)
#12381 0 80000054 fec42703 r 0e         00000002  lw       x14, -0x14(x8)
#12382 0 80000058 fe842783 r 0f         00000005  lw       x15, -0x18(x8)
#12383 0 8000005c 00e7d363 r 00         00000000  bge      x15, x14, . + 0x6
#12384 0 80000062     853e r 0a         00000005  c.mv     x10, x15
#12385 0 80000064     4472 r 08         f0040f80  c.lwsp   x8, 0x1c
#12386 0 80000066     6105 r 02         f0040f50  c.addi16sp 0x2
#12387 0 80000068     8082 r 00         00000000  c.jr     x1
#12388 0 800000c6 fea42623 m f0040f6c   00000005  sw       x10, -0x14(x8)
#12389 0 800000ca fe842783 r 0f         00000001  lw       x15, -0x18(x8)
#12390 0 800000ce     0785 r 0f         00000002  c.addi   x15, 0x1
#12391 0 800000d0 fef42423 m f0040f68   00000002  sw       x15, -0x18(x8)
#12392 0 800000d4 fe842703 r 0e         00000002  lw       x14, -0x18(x8)
#12393 0 800000d8 fd842783 r 0f         00000002  lw       x15, -0x28(x8)
#12394 0 800000dc faf74de3 r 00         00000000  blt      x14, x15, . - 0x46
#12395 0 800000e0 fec42783 r 0f         00000005  lw       x15, -0x14(x8)
#12396 0 800000e4     853e r 0a         00000005  c.mv     x10, x15
#12397 0 800000e6     50b2 r 01         800000ba  c.lwsp   x1, 0x2c
#12398 0 800000e8     5422 r 08         f0040fb0  c.lwsp   x8, 0x28
#12399 0 800000ea     5492 r 09         00000008  c.lwsp   x9, 0x24
#12400 0 800000ec     6145 r 02         f0040f80  c.addi16sp 0x3
#12401 0 800000ee     8082 r 00         00000000  c.jr     x1
#12402 0 800000ba     87aa r 0f         00000005  c.mv     x15, x10
#12403 0 800000bc     97a6 r 0f         0000000d  c.add    x15, x9
#12404 0 800000be     85be r 0b         0000000d  c.mv     x11, x15
#12405 0 800000c0 fec42503 r 0a         0000000d  lw       x10, -0x14(x8)
#12406 0 800000c4     3749 r 01         800000c6  c.jal    . - 0x7e
#12407 0 80000046     1101 r 02         f0040f60  c.addi   x2, -0x20
#12408 0 80000048     ce22 m f0040f7c   f0040fb0  c.swsp   x8, 0x1c
#12409 0 8000004a     1000 r 08         f0040f80  c.addi4spn  x8, 0x8
#12410 0 8000004c fea42623 m f0040f6c   0000000d  sw       x10, -0x14(x8)
#12411 0 80000050 feb42423 m f0040f68   0000000d  sw       x11, -0x18(x8)
#12412 0 80000054 fec42703 r 0e         0000000d  lw       x14, -0x14(x8)
#12413 0 80000058 fe842783 r 0f         0000000d  lw       x15, -0x18(x8)
#12414 0 8000005c 00e7d363 r 00         00000000  bge      x15, x14, . + 0x6
#12415 0 80000062     853e r 0a         0000000d  c.mv     x10, x15
#12416 0 80000064     4472 r 08         f0040fb0  c.lwsp   x8, 0x1c
#12417 0 80000066     6105 r 02         f0040f80  c.addi16sp 0x2
#12418 0 80000068     8082 r 00         00000000  c.jr     x1
#12419 0 800000c6 fea42623 m f0040f9c   0000000d  sw       x10, -0x14(x8)
#12420 0 800000ca fe842783 r 0f         00000002  lw       x15, -0x18(x8)
#12421 0 800000ce     0785 r 0f         00000003  c.addi   x15, 0x1
#12422 0 800000d0 fef42423 m f0040f98   00000003  sw       x15, -0x18(x8)
#12423 0 800000d4 fe842703 r 0e         00000003  lw       x14, -0x18(x8)
#12424 0 800000d8 fd842783 r 0f         00000005  lw       x15, -0x28(x8)
#12425 0 800000dc faf74de3 r 00         00000000  blt      x14, x15, . - 0x46
#12426 0 80000096 fe842783 r 0f         00000003  lw       x15, -0x18(x8)
#12427 0 8000009a     078a r 0f         0000000c  c.slli   x15, 2
#12428 0 8000009c fdc42703 r 0e         f0040fec  lw       x14, -0x24(x8)
#12429 0 800000a0     97ba r 0f         f0040ff8  c.add    x15, x14
#12430 0 800000a2     4384 r 09         00000009  c.lw     x9, 0x0(x15)
#12431 0 800000a4 fd842703 r 0e         00000005  lw       x14, -0x28(x8)
#12432 0 800000a8 fe842783 r 0f         00000003  lw       x15, -0x18(x8)
#12433 0 800000ac 40f707b3 r 0f         00000002  sub      x15, x14, x15
#12434 0 800000b0     17fd r 0f         00000001  c.addi   x15, -0x1
#12435 0 800000b2     85be r 0b         00000001  c.mv     x11, x15
#12436 0 800000b4 fdc42503 r 0a         f0040fec  lw       x10, -0x24(x8)
#12437 0 800000b8     3f4d r 01         800000ba  c.jal    . - 0x4e
#12438 0 8000006a     7179 r 02         f0040f50  c.addi16sp -0x3
#12439 0 8000006c     d606 m f0040f7c   800000ba  c.swsp   x1, 0x2c
#12440 0 8000006e     d422 m f0040f78   f0040fb0  c.swsp   x8, 0x28
#12441 0 80000070     d226 m f0040f74   00000009  c.swsp   x9, 0x24
#12442 0 80000072     1800 r 08         f0040f80  c.addi4spn  x8, 0xc
#12443 0 80000074 fca42e23 m f0040f5c   f0040fec  sw       x10, -0x24(x8)
#12444 0 80000078 fcb42c23 m f0040f58   00000001  sw       x11, -0x28(x8)
#12445 0 8000007c fd842783 r 0f         00000001  lw       x15, -0x28(x8)
#12446 0 80000080 00f04463 r 00         00000000  blt      x0, x15, . + 0x8
#12447 0 80000088 800007b7 r 0f         80000000  lui      x15, -0x80000
#12448 0 8000008c fef42623 m f0040f6c   80000000  sw       x15, -0x14(x8)
#12449 0 80000090 fe042423 m f0040f68   00000000  sw       x0, -0x18(x8)
#12450 0 80000094     a081 r 00         00000000  c.j      . + 0x40
#12451 0 800000d4 fe842703 r 0e         00000000  lw       x14, -0x18(x8)
#12452 0 800000d8 fd842783 r 0f         00000001  lw       x15, -0x28(x8)
#12453 0 800000dc faf74de3 r 00         00000000  blt      x14, x15, . - 0x46
#12454 0 80000096 fe842783 r 0f         00000000  lw       x15, -0x18(x8)
#12455 0 8000009a     078a r 0f         00000000  c.slli   x15, 2
#12456 0 8000009c fdc42703 r 0e         f0040fec  lw       x14, -0x24(x8)
#12457 0 800000a0     97ba r 0f         f0040fec  c.add    x15, x14
#12458 0 800000a2     4384 r 09         00000001  c.lw     x9, 0x0(x15)
#12459 0 800000a4 fd842703 r 0e         00000001  lw       x14, -0x28(x8)
#12460 0 800000a8 fe842783 r 0f         00000000  lw       x15, -0x18(x8)
#12461 0 800000ac 40f707b3 r 0f         00000001  sub      x15, x14, x15
#12462 0 800000b0     17fd r 0f         00000000  c.addi   x15, -0x1
#12463 0 800000b2     85be r 0b         00000000  c.mv     x11, x15
#12464 0 800000b4 fdc42503 r 0a         f0040fec  lw       x10, -0x24(x8)
#12465 0 800000b8     3f4d r 01         800000ba  c.jal    . - 0x4e
#12466 0 8000006a     7179 r 02         f0040f20  c.addi16sp -0x3
#12467 0 8000006c     d606 m f0040f4c   800000ba  c.swsp   x1, 0x2c
#12468 0 8000006e     d422 m f0040f48   f0040f80  c.swsp   x8, 0x28
#12469 0 80000070     d226 m f0040f44   00000001  c.swsp   x9, 0x24
#12470 0 80000072     1800 r 08         f0040f50  c.addi4spn  x8, 0xc
#12471 0 80000074 fca42e23 m f0040f2c   f0040fec  sw       x10, -0x24(x8)
#12472 0 80000078 fcb42c23 m f0040f28   00000000  sw       x11, -0x28(x8)
#12473 0 8000007c fd842783 r 0f         00000000  lw       x15, -0x28(x8)
#12474 0 80000080 00f04463 r 00         00000000  blt      x0, x15, . + 0x8
#12475 0 80000084     4781 r 0f         00000000  c.li     x15, 0x0
#12476 0 80000086     a8b9 r 00         00000000  c.j      . + 0x5e
#12477 0 800000e4     853e r 0a         00000000  c.mv     x10, x15
#12478 0 800000e6     50b2 r 01         800000ba  c.lwsp   x1, 0x2c
#12479 0 800000e8     5422 r 08         f0040f80  c.lwsp   x8, 0x28
#12480 0 800000ea     5492 r 09         00000001  c.lwsp   x9, 0x24
#12481 0 800000ec     6145 r 02         f0040f50  c.addi16sp 0x3
#12482 0 800000ee     8082 r 00         00000000  c.jr     x1
#12483 0 800000ba     87aa r 0f         00000000  c.mv     x15, x10
#12484 0 800000bc     97a6 r 0f         00000001  c.add    x15, x9
#12485 0 800000be     85be r 0b         00000001  c.mv     x11, x15
#12486 0 800000c0 fec42503 r 0a         80000000  lw       x10, -0x14(x8)
#12487 0 800000c4     3749 r 01         800000c6  c.jal    . - 0x7e
#12488 0 80000046     1101 r 02         f0040f30  c.addi   x2, -0x20
#12489 0 80000048     ce22 m f0040f4c   f0040f80  c.swsp   x8, 0x1c
#12490 0 8000004a     1000 r 08         f0040f50  c.addi4spn  x8, 0x8
#12491 0 8000004c fea42623 m f0040f3c   80000000  sw       x10, -0x14(x8)
#12492 0 80000050 feb42423 m f0040f38   00000001  sw       x11, -0x18(x8)
#12493 0 80000054 fec42703 r 0e         80000000  lw       x14, -0x14(x8)
#12494 0 80000058 fe842783 r 0f         00000001  lw       x15, -0x18(x8)
#12495 0 8000005c 00e7d363 r 00         00000000  bge      x15, x14, . + 0x6
#12496 0 80000062     853e r 0a         00000001  c.mv     x10, x15
#12497 0 80000064     4472 r 08         f0040f80  c.lwsp   x8, 0x1c
#12498 0 80000066     6105 r 02         f0040f50  c.addi16sp 0x2
#12499 0 80000068     8082 r 00         00000000  c.jr     x1
#12500 0 800000c6 fea42623 m f0040f6c   00000001  sw       x10, -0x14(x8)
#12501 0 800000ca fe842783 r 0f         00000000  lw       x15, -0x18(x8)
#12502 0 800000ce     0785 r 0f         00000001  c.addi   x15, 0x1
#12503 0 800000d0 fef42423 m f0040f68   00000001  sw       x15, -0x18(x8)
#12504 0 800000d4 fe842703 r 0e         00000001  lw       x14, -0x18(x8)
#12505 0 800000d8 fd842783 r 0f         00000001  lw       x15, -0x28(x8)
#12506 0 800000dc faf74de3 r 00         00000000  blt      x14, x15, . - 0x46
#12507 0 800000e0 fec42783 r 0f         00000001  lw       x15, -0x14(x8)
#12508 0 800000e4     853e r 0a         00000001  c.mv     x10, x15
#12509 0 800000e6     50b2 r 01         800000ba  c.lwsp   x1, 0x2c
#12510 0 800000e8     5422 r 08         f0040fb0  c.lwsp   x8, 0x28
#12511 0 800000ea     5492 r 09         00000009  c.lwsp   x9, 0x24
#12512 0 800000ec     6145 r 02         f0040f80  c.addi16sp 0x3
#12513 0 800000ee     8082 r 00         00000000  c.jr     x1
#12514 0 800000ba     87aa r 0f         00000001  c.mv     x15, x10
#12515 0 800000bc     97a6 r 0f         0000000a  c.add    x15, x9
#12516 0 800000be     85be r 0b         0000000a  c.mv     x11, x15
#12517 0 800000c0 fec42503 r 0a         0000000d  lw       x10, -0x14(x8)
#12518 0 800000c4     3749 r 01         800000c6  c.jal    . - 0x7e
#12519 0 80000046     1101 r 02         f0040f60  c.addi   x2, -0x20
#12520 0 80000048     ce22 m f0040f7c   f0040fb0  c.swsp   x8, 0x1c
#12521 0 8000004a     1000 r 08         f0040f80  c.addi4spn  x8, 0x8
#12522 0 8000004c fea42623 m f0040f6c   0000000d  sw       x10, -0x14(x8)
#12523 0 80000050 feb42423 m f0040f68   0000000a  sw       x11, -0x18(x8)
#12524 0 80000054 fec42703 r 0e         0000000d  lw       x14, -0x14(x8)
#12525 0 80000058 fe842783 r 0f         0000000a  lw       x15, -0x18(x8)
#12526 0 8000005c 00e7d363 r 00         00000000  bge      x15, x14, . + 0x6
#12527 0 80000060     87ba r 0f         0000000d  c.mv     x15, x14
#12528 0 80000062     853e r 0a         0000000d  c.mv     x10, x15
#12529 0 80000064     4472 r 08         f0040fb0  c.lwsp   x8, 0x1c
#12530 0 80000066     6105 r 02         f0040f80  c.addi16sp 0x2
#12531 0 80000068     8082 r 00         00000000  c.jr     x1
#12532 0 800000c6 fea42623 m f0040f9c   0000000d  sw       x10, -0x14(x8)
#12533 0 800000ca fe842783 r 0f         00000003  lw       x15, -0x18(x8)
#12534 0 800000ce     0785 r 0f         00000004  c.addi   x15, 0x1
#12535 0 800000d0 fef42423 m f0040f98   00000004  sw       x15, -0x18(x8)
#12536 0 800000d4 fe842703 r 0e         00000004  lw       x14, -0x18(x8)
#12537 0 800000d8 fd842783 r 0f         00000005  lw       x15, -0x28(x8)
#12538 0 800000dc faf74de3 r 00         00000000  blt      x14, x15, . - 0x46
#12539 0 80000096 fe842783 r 0f         00000004  lw       x15, -0x18(x8)
#12540 0 8000009a     078a r 0f         00000010  c.slli   x15, 2
#12541 0 8000009c fdc42703 r 0e         f0040fec  lw       x14, -0x24(x8)
#12542 0 800000a0     97ba r 0f         f0040ffc  c.add    x15, x14
#12543 0 800000a2     4384 r 09         0000000a  c.lw     x9, 0x0(x15)
#12544 0 800000a4 fd842703 r 0e         00000005  lw       x14, -0x28(x8)
#12545 0 800000a8 fe842783 r 0f         00000004  lw       x15, -0x18(x8)
#12546 0 800000ac 40f707b3 r 0f         00000001  sub      x15, x14, x15
#12547 0 800000b0     17fd r 0f         00000000  c.addi   x15, -0x1
#12548 0 800000b2     85be r 0b         00000000  c.mv     x11, x15
#12549 0 800000b4 fdc42503 r 0a         f0040fec  lw       x10, -0x24(x8)
#12550 0 800000b8     3f4d r 01         800000ba  c.jal    . - 0x4e
#12551 0 8000006a     7179 r 02         f0040f50  c.addi16sp -0x3
#12552 0 8000006c     d606 m f0040f7c   800000ba  c.swsp   x1, 0x2c
#12553 0 8000006e     d422 m f0040f78   f0040fb0  c.swsp   x8, 0x28
#12554 0 80000070     d226 m f0040f74   0000000a  c.swsp   x9, 0x24
#12555 0 80000072     1800 r 08         f0040f80  c.addi4spn  x8, 0xc
#12556 0 80000074 fca42e23 m f0040f5c   f0040fec  sw       x10, -0x24(x8)
#12557 0 80000078 fcb42c23 m f0040f58   00000000  sw       x11, -0x28(x8)
#12558 0 8000007c fd842783 r 0f         00000000  lw       x15, -0x28(x8)
#12559 0 80000080 00f04463 r 00         00000000  blt      x0, x15, . + 0x8
#12560 0 80000084     4781 r 0f         00000000  c.li     x15, 0x0
#12561 0 80000086     a8b9 r 00         00000000  c.j      . + 0x5e
#12562 0 800000e4     853e r 0a         00000000  c.mv     x10, x15
#12563 0 800000e6     50b2 r 01         800000ba  c.lwsp   x1, 0x2c
#12564 0 800000e8     5422 r 08         f0040fb0  c.lwsp   x8, 0x28
#12565 0 800000ea     5492 r 09         0000000a  c.lwsp   x9, 0x24
#12566 0 800000ec     6145 r 02         f0040f80  c.addi16sp 0x3
#12567 0 800000ee     8082 r 00         00000000  c.jr     x1
#12568 0 800000ba     87aa r 0f         00000000  c.mv     x15, x10
#12569 0 800000bc     97a6 r 0f         0000000a  c.add    x15, x9
#12570 0 800000be     85be r 0b         0000000a  c.mv     x11, x15
#12571 0 800000c0 fec42503 r 0a         0000000d  lw       x10, -0x14(x8)
#12572 0 800000c4     3749 r 01         800000c6  c.jal    . - 0x7e
#12573 0 80000046     1101 r 02         f0040f60  c.addi   x2, -0x20
#12574 0 80000048     ce22 m f0040f7c   f0040fb0  c.swsp   x8, 0x1c
#12575 0 8000004a     1000 r 08         f0040f80  c.addi4spn  x8, 0x8
#12576 0 8000004c fea42623 m f0040f6c   0000000d  sw       x10, -0x14(x8)
#12577 0 80000050 feb42423 m f0040f68   0000000a  sw       x11, -0x18(x8)
#12578 0 80000054 fec42703 r 0e         0000000d  lw       x14, -0x14(x8)
#12579 0 80000058 fe842783 r 0f         0000000a  lw       x15, -0x18(x8)
#12580 0 8000005c 00e7d363 r 00         00000000  bge      x15, x14, . + 0x6
#12581 0 80000060     87ba r 0f         0000000d  c.mv     x15, x14
#12582 0 80000062     853e r 0a         0000000d  c.mv     x10, x15
#12583 0 80000064     4472 r 08         f0040fb0  c.lwsp   x8, 0x1c
#12584 0 80000066     6105 r 02         f0040f80  c.addi16sp 0x2
#12585 0 80000068     8082 r 00         00000000  c.jr     x1
#12586 0 800000c6 fea42623 m f0040f9c   0000000d  sw       x10, -0x14(x8)
#12587 0 800000ca fe842783 r 0f         00000004  lw       x15, -0x18(x8)
#12588 0 800000ce     0785 r 0f         00000005  c.addi   x15, 0x1
#12589 0 800000d0 fef42423 m f0040f98   00000005  sw       x15, -0x18(x8)
#12590 0 800000d4 fe842703 r 0e         00000005  lw       x14, -0x18(x8)
#12591 0 800000d8 fd842783 r 0f         00000005  lw       x15, -0x28(x8)
#12592 0 800000dc faf74de3 r 00         00000000  blt      x14, x15, . - 0x46
#12593 0 800000e0 fec42783 r 0f         0000000d  lw       x15, -0x14(x8)
#12594 0 800000e4     853e r 0a         0000000d  c.mv     x10, x15
#12595 0 800000e6     50b2 r 01         800000ba  c.lwsp   x1, 0x2c
#12596 0 800000e8     5422 r 08         f0040fe0  c.lwsp   x8, 0x28
#12597 0 800000ea     5492 r 09         00000008  c.lwsp   x9, 0x24
#12598 0 800000ec     6145 r 02         f0040fb0  c.addi16sp 0x3
#12599 0 800000ee     8082 r 00         00000000  c.jr     x1
#12600 0 800000ba     87aa r 0f         0000000d  c.mv     x15, x10
#12601 0 800000bc     97a6 r 0f         00000015  c.add    x15, x9
#12602 0 800000be     85be r 0b         00000015  c.mv     x11, x15
#12603 0 800000c0 fec42503 r 0a         00000016  lw       x10, -0x14(x8)
#12604 0 800000c4     3749 r 01         800000c6  c.jal    . - 0x7e
#12605 0 80000046     1101 r 02         f0040f90  c.addi   x2, -0x20
#12606 0 80000048     ce22 m f0040fac   f0040fe0  c.swsp   x8, 0x1c
#12607 0 8000004a     1000 r 08         f0040fb0  c.addi4spn  x8, 0x8
#12608 0 8000004c fea42623 m f0040f9c   00000016  sw       x10, -0x14(x8)
#12609 0 80000050 feb42423 m f0040f98   00000015  sw       x11, -0x18(x8)
#12610 0 80000054 fec42703 r 0e         00000016  lw       x14, -0x14(x8)
#12611 0 80000058 fe842783 r 0f         00000015  lw       x15, -0x18(x8)
#12612 0 8000005c 00e7d363 r 00         00000000  bge      x15, x14, . + 0x6
#12613 0 80000060     87ba r 0f         00000016  c.mv     x15, x14
#12614 0 80000062     853e r 0a         00000016  c.mv     x10, x15
#12615 0 80000064     4472 r 08         f0040fe0  c.lwsp   x8, 0x1c
#12616 0 80000066     6105 r 02         f0040fb0  c.addi16sp 0x2
#12617 0 80000068     8082 r 00         00000000  c.jr     x1
#12618 0 800000c6 fea42623 m f0040fcc   00000016  sw       x10, -0x14(x8)
#12619 0 800000ca fe842783 r 0f         00000002  lw       x15, -0x18(x8)
#12620 0 800000ce     0785 r 0f         00000003  c.addi   x15, 0x1
#12621 0 800000d0 fef42423 m f0040fc8   00000003  sw       x15, -0x18(x8)
#12622 0 800000d4 fe842703 r 0e         00000003  lw       x14, -0x18(x8)
#12623 0 800000d8 fd842783 r 0f         00000008  lw       x15, -0x28(x8)
#12624 0 800000dc faf74de3 r 00         00000000  blt      x14, x15, . - 0x46
#12625 0 80000096 fe842783 r 0f         00000003  lw       x15, -0x18(x8)
#12626 0 8000009a     078a r 0f         0000000c  c.slli   x15, 2
#12627 0 8000009c fdc42703 r 0e         f0040fec  lw       x14, -0x24(x8)
#12628 0 800000a0     97ba r 0f         f0040ff8  c.add    x15, x14
#12629 0 800000a2     4384 r 09         00000009  c.lw     x9, 0x0(x15)
#12630 0 800000a4 fd842703 r 0e         00000008  lw       x14, -0x28(x8)
#12631 0 800000a8 fe842783 r 0f         00000003  lw       x15, -0x18(x8)
#12632 0 800000ac 40f707b3 r 0f         00000005  sub      x15, x14, x15
#12633 0 800000b0     17fd r 0f         00000004  c.addi   x15, -0x1
#12634 0 800000b2     85be r 0b         00000004  c.mv     x11, x15
#12635 0 800000b4 fdc42503 r 0a         f0040fec  lw       x10, -0x24(x8)
#12636 0 800000b8     3f4d r 01         800000ba  c.jal    . - 0x4e
#12637 0 8000006a     7179 r 02         f0040f80  c.addi16sp -0x3
#12638 0 8000006c     d606 m f0040fac   800000ba  c.swsp   x1, 0x2c
#12639 0 8000006e     d422 m f0040fa8   f0040fe0  c.swsp   x8, 0x28
#12640 0 80000070     d226 m f0040fa4   00000009  c.swsp   x9, 0x24
#12641 0 80000072     1800 r 08         f0040fb0  c.addi4spn  x8, 0xc
#12642 0 80000074 fca42e23 m f0040f8c   f0040fec  sw       x10, -0x24(x8)
#12643 0 80000078 fcb42c23 m f0040f88   00000004  sw       x11, -0x28(x8)
#12644 0 8000007c fd842783 r 0f         00000004  lw       x15, -0x28(x8)
#12645 0 80000080 00f04463 r 00         00000000  blt      x0, x15, . + 0x8
#12646 0 80000088 800007b7 r 0f         80000000  lui      x15, -0x80000
#12647 0 8000008c fef42623 m f0040f9c   80000000  sw       x15, -0x14(x8)
#12648 0 80000090 fe042423 m f0040f98   00000000  sw       x0, -0x18(x8)
#12649 0 80000094     a081 r 00         00000000  c.j      . + 0x40
#12650 0 800000d4 fe842703 r 0e         00000000  lw       x14, -0x18(x8)
#12651 0 800000d8 fd842783 r 0f         00000004  lw       x15, -0x28(x8)
#12652 0 800000dc faf74de3 r 00         00000000  blt      x14, x15, . - 0x46
#12653 0 80000096 fe842783 r 0f         00000000  lw       x15, -0x18(x8)
#12654 0 8000009a     078a r 0f         00000000  c.slli   x15, 2
#12655 0 8000009c fdc42703 r 0e         f0040fec  lw       x14, -0x24(x8)
#12656 0 800000a0     97ba r 0f         f0040fec  c.add    x15, x14
#12657 0 800000a2     4384 r 09         00000001  c.lw     x9, 0x0(x15)
#12658 0 800000a4 fd842703 r 0e         00000004  lw       x14, -0x28(x8)
#12659 0 800000a8 fe842783 r 0f         00000000  lw       x15, -0x18(x8)
#12660 0 800000ac 40f707b3 r 0f         00000004  sub      x15, x14, x15
#12661 0 800000b0     17fd r 0f         00000003  c.addi   x15, -0x1
#12662 0 800000b2     85be r 0b         00000003  c.mv     x11, x15
#12663 0 800000b4 fdc42503 r 0a         f0040fec  lw       x10, -0x24(x8)
#12664 0 800000b8     3f4d r 01         800000ba  c.jal    . - 0x4e
#12665 0 8000006a     7179 r 02         f0040f50  c.addi16sp -0x3
#12666 0 8000006c     d606 m f0040f7c   800000ba  c.swsp   x1, 0x2c
#12667 0 8000006e     d422 m f0040f78   f0040fb0  c.swsp   x8, 0x28
#12668 0 80000070     d226 m f0040f74   00000001  c.swsp   x9, 0x24
#12669 0 80000072     1800 r 08         f0040f80  c.addi4spn  x8, 0xc
#12670 0 80000074 fca42e23 m f0040f5c   f0040fec  sw       x10, -0x24(x8)
#12671 0 80000078 fcb42c23 m f0040f58   00000003  sw       x11, -0x28(x8)
#12672 0 8000007c fd842783 r 0f         00000003  lw       x15, -0x28(x8)
#12673 0 80000080 00f04463 r 00         00000000  blt      x0, x15, . + 0x8
#12674 0 80000088 800007b7 r 0f         80000000  lui      x15, -0x80000
#12675 0 8000008c fef42623 m f0040f6c   80000000  sw       x15, -0x14(x8)
#12676 0 80000090 fe042423 m f0040f68   00000000  sw       x0, -0x18(x8)
#12677 0 80000094     a081 r 00         00000000  c.j      . + 0x40
#12678 0 800000d4 fe842703 r 0e         00000000  lw       x14, -0x18(x8)
#12679 0 800000d8 fd842783 r 0f         00000003  lw       x15, -0x28(x8)
#12680 0 800000dc faf74de3 r 00         00000000  blt      x14, x15, . - 0x46
#12681 0 80000096 fe842783 r 0f         00000000  lw       x15, -0x18(x8)
#12682 0 8000009a     078a r 0f         00000000  c.slli   x15, 2
#12683 0 8000009c fdc42703 r 0e         f0040fec  lw       x14, -0x24(x8)
#12684 0 800000a0     97ba r 0f         f0040fec  c.add    x15, x14
#12685 0 800000a2     4384 r 09         00000001  c.lw     x9, 0x0(x15)
#12686 0 800000a4 fd842703 r 0e         00000003  lw       x14, -0x28(x8)
#12687 0 800000a8 fe842783 r 0f         00000000  lw       x15, -0x18(x8)
#12688 0 800000ac 40f707b3 r 0f         00000003  sub      x15, x14, x15
#12689 0 800000b0     17fd r 0f         00000002  c.addi   x15, -0x1
#12690 0 800000b2     85be r 0b         00000002  c.mv     x11, x15
#12691 0 800000b4 fdc42503 r 0a         f0040fec  lw       x10, -0x24(x8)
#12692 0 800000b8     3f4d r 01         800000ba  c.jal    . - 0x4e
#12693 0 8000006a     7179 r 02         f0040f20  c.addi16sp -0x3
#12694 0 8000006c     d606 m f0040f4c   800000ba  c.swsp   x1, 0x2c
#12695 0 8000006e     d422 m f0040f48   f0040f80  c.swsp   x8, 0x28
#12696 0 80000070     d226 m f0040f44   00000001  c.swsp   x9, 0x24
#12697 0 80000072     1800 r 08         f0040f50  c.addi4spn  x8, 0xc
#12698 0 80000074 fca42e23 m f0040f2c   f0040fec  sw       x10, -0x24(x8)
#12699 0 80000078 fcb42c23 m f0040f28   00000002  sw       x11, -0x28(x8)
#12700 0 8000007c fd842783 r 0f         00000002  lw       x15, -0x28(x8)
#12701 0 80000080 00f04463 r 00         00000000  blt      x0, x15, . + 0x8
#12702 0 80000088 800007b7 r 0f         80000000  lui      x15, -0x80000
#12703 0 8000008c fef42623 m f0040f3c   80000000  sw       x15, -0x14(x8)
#12704 0 80000090 fe042423 m f0040f38   00000000  sw       x0, -0x18(x8)
#12705 0 80000094     a081 r 00         00000000  c.j      . + 0x40
#12706 0 800000d4 fe842703 r 0e         00000000  lw       x14, -0x18(x8)
#12707 0 800000d8 fd842783 r 0f         00000002  lw       x15, -0x28(x8)
#12708 0 800000dc faf74de3 r 00         00000000  blt      x14, x15, . - 0x46
#12709 0 80000096 fe842783 r 0f         00000000  lw       x15, -0x18(x8)
#12710 0 8000009a     078a r 0f         00000000  c.slli   x15, 2
#12711 0 8000009c fdc42703 r 0e         f0040fec  lw       x14, -0x24(x8)
#12712 0 800000a0     97ba r 0f         f0040fec  c.add    x15, x14
#12713 0 800000a2     4384 r 09         00000001  c.lw     x9, 0x0(x15)
#12714 0 800000a4 fd842703 r 0e         00000002  lw       x14, -0x28(x8)
#12715 0 800000a8 fe842783 r 0f         00000000  lw       x15, -0x18(x8)
#12716 0 800000ac 40f707b3 r 0f         00000002  sub      x15, x14, x15
#12717 0 800000b0     17fd r 0f         00000001  c.addi   x15, -0x1
#12718 0 800000b2     85be r 0b         00000001  c.mv     x11, x15
#12719 0 800000b4 fdc42503 r 0a         f0040fec  lw       x10, -0x24(x8)
#12720 0 800000b8     3f4d r 01         800000ba  c.jal    . - 0x4e
#12721 0 8000006a     7179 r 02         f0040ef0  c.addi16sp -0x3
#12722 0 8000006c     d606 m f0040f1c   800000ba  c.swsp   x1, 0x2c
#12723 0 8000006e     d422 m f0040f18   f0040f50  c.swsp   x8, 0x28
#12724 0 80000070     d226 m f0040f14   00000001  c.swsp   x9, 0x24
#12725 0 80000072     1800 r 08         f0040f20  c.addi4spn  x8, 0xc
#12726 0 80000074 fca42e23 m f0040efc   f0040fec  sw       x10, -0x24(x8)
#12727 0 80000078 fcb42c23 m f0040ef8   00000001  sw       x11, -0x28(x8)
#12728 0 8000007c fd842783 r 0f         00000001  lw       x15, -0x28(x8)
#12729 0 80000080 00f04463 r 00         00000000  blt      x0, x15, . + 0x8
#12730 0 80000088 800007b7 r 0f         80000000  lui      x15, -0x80000
#12731 0 8000008c fef42623 m f0040f0c   80000000  sw       x15, -0x14(x8)
#12732 0 80000090 fe042423 m f0040f08   00000000  sw       x0, -0x18(x8)
#12733 0 80000094     a081 r 00         00000000  c.j      . + 0x40
#12734 0 800000d4 fe842703 r 0e         00000000  lw       x14, -0x18(x8)
#12735 0 800000d8 fd842783 r 0f         00000001  lw       x15, -0x28(x8)
#12736 0 800000dc faf74de3 r 00         00000000  blt      x14, x15, . - 0x46
#12737 0 80000096 fe842783 r 0f         00000000  lw       x15, -0x18(x8)
#12738 0 8000009a     078a r 0f         00000000  c.slli   x15, 2
#12739 0 8000009c fdc42703 r 0e         f0040fec  lw       x14, -0x24(x8)
#12740 0 800000a0     97ba r 0f         f0040fec  c.add    x15, x14
#12741 0 800000a2     4384 r 09         00000001  c.lw     x9, 0x0(x15)
#12742 0 800000a4 fd842703 r 0e         00000001  lw       x14, -0x28(x8)
#12743 0 800000a8 fe842783 r 0f         00000000  lw       x15, -0x18(x8)
#12744 0 800000ac 40f707b3 r 0f         00000001  sub      x15, x14, x15
#12745 0 800000b0     17fd r 0f         00000000  c.addi   x15, -0x1
#12746 0 800000b2     85be r 0b         00000000  c.mv     x11, x15
#12747 0 800000b4 fdc42503 r 0a         f0040fec  lw       x10, -0x24(x8)
#12748 0 800000b8     3f4d r 01         800000ba  c.jal    . - 0x4e
#12749 0 8000006a     7179 r 02         f0040ec0  c.addi16sp -0x3
#12750 0 8000006c     d606 m f0040eec   800000ba  c.swsp   x1, 0x2c
#12751 0 8000006e     d422 m f0040ee8   f0040f20  c.swsp   x8, 0x28
#12752 0 80000070     d226 m f0040ee4   00000001  c.swsp   x9, 0x24
#12753 0 80000072     1800 r 08         f0040ef0  c.addi4spn  x8, 0xc
#12754 0 80000074 fca42e23 m f0040ecc   f0040fec  sw       x10, -0x24(x8)
#12755 0 80000078 fcb42c23 m f0040ec8   00000000  sw       x11, -0x28(x8)
#12756 0 8000007c fd842783 r 0f         00000000  lw       x15, -0x28(x8)
#12757 0 80000080 00f04463 r 00         00000000  blt      x0, x15, . + 0x8
#12758 0 80000084     4781 r 0f         00000000  c.li     x15, 0x0
#12759 0 80000086     a8b9 r 00         00000000  c.j      . + 0x5e
#12760 0 800000e4     853e r 0a         00000000  c.mv     x10, x15
#12761 0 800000e6     50b2 r 01         800000ba  c.lwsp   x1, 0x2c
#12762 0 800000e8     5422 r 08         f0040f20  c.lwsp   x8, 0x28
#12763 0 800000ea     5492 r 09         00000001  c.lwsp   x9, 0x24
#12764 0 800000ec     6145 r 02         f0040ef0  c.addi16sp 0x3
#12765 0 800000ee     8082 r 00         00000000  c.jr     x1
#12766 0 800000ba     87aa r 0f         00000000  c.mv     x15, x10
#12767 0 800000bc     97a6 r 0f         00000001  c.add    x15, x9
#12768 0 800000be     85be r 0b         00000001  c.mv     x11, x15
#12769 0 800000c0 fec42503 r 0a         80000000  lw       x10, -0x14(x8)
#12770 0 800000c4     3749 r 01         800000c6  c.jal    . - 0x7e
#12771 0 80000046     1101 r 02         f0040ed0  c.addi   x2, -0x20
#12772 0 80000048     ce22 m f0040eec   f0040f20  c.swsp   x8, 0x1c
#12773 0 8000004a     1000 r 08         f0040ef0  c.addi4spn  x8, 0x8
#12774 0 8000004c fea42623 m f0040edc   80000000  sw       x10, -0x14(x8)
#12775 0 80000050 feb42423 m f0040ed8   00000001  sw       x11, -0x18(x8)
#12776 0 80000054 fec42703 r 0e         80000000  lw       x14, -0x14(x8)
#12777 0 80000058 fe842783 r 0f         00000001  lw       x15, -0x18(x8)
#12778 0 8000005c 00e7d363 r 00         00000000  bge      x15, x14, . + 0x6
#12779 0 80000062     853e r 0a         00000001  c.mv     x10, x15
#12780 0 80000064     4472 r 08         f0040f20  c.lwsp   x8, 0x1c
#12781 0 80000066     6105 r 02         f0040ef0  c.addi16sp 0x2
#12782 0 80000068     8082 r 00         00000000  c.jr     x1
#12783 0 800000c6 fea42623 m f0040f0c   00000001  sw       x10, -0x14(x8)
#12784 0 800000ca fe842783 r 0f         00000000  lw       x15, -0x18(x8)
#12785 0 800000ce     0785 r 0f         00000001  c.addi   x15, 0x1
#12786 0 800000d0 fef42423 m f0040f08   00000001  sw       x15, -0x18(x8)
#12787 0 800000d4 fe842703 r 0e         00000001  lw       x14, -0x18(x8)
#12788 0 800000d8 fd842783 r 0f         00000001  lw       x15, -0x28(x8)
#12789 0 800000dc faf74de3 r 00         00000000  blt      x14, x15, . - 0x46
#12790 0 800000e0 fec42783 r 0f         00000001  lw       x15, -0x14(x8)
#12791 0 800000e4     853e r 0a         00000001  c.mv     x10, x15
#12792 0 800000e6     50b2 r 01         800000ba  c.lwsp   x1, 0x2c
#12793 0 800000e8     5422 r 08         f0040f50  c.lwsp   x8, 0x28
#12794 0 800000ea     5492 r 09         00000001  c.lwsp   x9, 0x24
#12795 0 800000ec     6145 r 02         f0040f20  c.addi16sp 0x3
#12796 0 800000ee     8082 r 00         00000000  c.jr     x1
#12797 0 800000ba     87aa r 0f         00000001  c.mv     x15, x10
#12798 0 800000bc     97a6 r 0f         00000002  c.add    x15, x9
#12799 0 800000be     85be r 0b         00000002  c.mv     x11, x15
#12800 0 800000c0 fec42503 r 0a         80000000  lw       x10, -0x14(x8)
#12801 0 800000c4     3749 r 01         800000c6  c.jal    . - 0x7e
#12802 0 80000046     1101 r 02         f0040f00  c.addi   x2, -0x20
#12803 0 80000048     ce22 m f0040f1c   f0040f50  c.swsp   x8, 0x1c
#12804 0 8000004a     1000 r 08         f0040f20  c.addi4spn  x8, 0x8
#12805 0 8000004c fea42623 m f0040f0c   80000000  sw       x10, -0x14(x8)
#12806 0 80000050 feb42423 m f0040f08   00000002  sw       x11, -0x18(x8)
#12807 0 80000054 fec42703 r 0e         80000000  lw       x14, -0x14(x8)
#12808 0 80000058 fe842783 r 0f         00000002  lw       x15, -0x18(x8)
#12809 0 8000005c 00e7d363 r 00         00000000  bge      x15, x14, . + 0x6
#12810 0 80000062     853e r 0a         00000002  c.mv     x10, x15
#12811 0 80000064     4472 r 08         f0040f50  c.lwsp   x8, 0x1c
#12812 0 80000066     6105 r 02         f0040f20  c.addi16sp 0x2
#12813 0 80000068     8082 r 00         00000000  c.jr     x1
#12814 0 800000c6 fea42623 m f0040f3c   00000002  sw       x10, -0x14(x8)
#12815 0 800000ca fe842783 r 0f         00000000  lw       x15, -0x18(x8)
#12816 0 800000ce     0785 r 0f         00000001  c.addi   x15, 0x1
#12817 0 800000d0 fef42423 m f0040f38   00000001  sw       x15, -0x18(x8)
#12818 0 800000d4 fe842703 r 0e         00000001  lw       x14, -0x18(x8)
#12819 0 800000d8 fd842783 r 0f         00000002  lw       x15, -0x28(x8)
#12820 0 800000dc faf74de3 r 00         00000000  blt      x14, x15, . - 0x46
#12821 0 80000096 fe842783 r 0f         00000001  lw       x15, -0x18(x8)
#12822 0 8000009a     078a r 0f         00000004  c.slli   x15, 2
#12823 0 8000009c fdc42703 r 0e         f0040fec  lw       x14, -0x24(x8)
#12824 0 800000a0     97ba r 0f         f0040ff0  c.add    x15, x14
#12825 0 800000a2     4384 r 09         00000005  c.lw     x9, 0x0(x15)
#12826 0 800000a4 fd842703 r 0e         00000002  lw       x14, -0x28(x8)
#12827 0 800000a8 fe842783 r 0f         00000001  lw       x15, -0x18(x8)
#12828 0 800000ac 40f707b3 r 0f         00000001  sub      x15, x14, x15
#12829 0 800000b0     17fd r 0f         00000000  c.addi   x15, -0x1
#12830 0 800000b2     85be r 0b         00000000  c.mv     x11, x15
#12831 0 800000b4 fdc42503 r 0a         f0040fec  lw       x10, -0x24(x8)
#12832 0 800000b8     3f4d r 01         800000ba  c.jal    . - 0x4e
#12833 0 8000006a     7179 r 02         f0040ef0  c.addi16sp -0x3
#12834 0 8000006c     d606 m f0040f1c   800000ba  c.swsp   x1, 0x2c
#12835 0 8000006e     d422 m f0040f18   f0040f50  c.swsp   x8, 0x28
#12836 0 80000070     d226 m f0040f14   00000005  c.swsp   x9, 0x24
#12837 0 80000072     1800 r 08         f0040f20  c.addi4spn  x8, 0xc
#12838 0 80000074 fca42e23 m f0040efc   f0040fec  sw       x10, -0x24(x8)
#12839 0 80000078 fcb42c23 m f0040ef8   00000000  sw       x11, -0x28(x8)
#12840 0 8000007c fd842783 r 0f         00000000  lw       x15, -0x28(x8)
#12841 0 80000080 00f04463 r 00         00000000  blt      x0, x15, . + 0x8
#12842 0 80000084     4781 r 0f         00000000  c.li     x15, 0x0
#12843 0 80000086     a8b9 r 00         00000000  c.j      . + 0x5e
#12844 0 800000e4     853e r 0a         00000000  c.mv     x10, x15
#12845 0 800000e6     50b2 r 01         800000ba  c.lwsp   x1, 0x2c
#12846 0 800000e8     5422 r 08         f0040f50  c.lwsp   x8, 0x28
#12847 0 800000ea     5492 r 09         00000005  c.lwsp   x9, 0x24
#12848 0 800000ec     6145 r 02         f0040f20  c.addi16sp 0x3
#12849 0 800000ee     8082 r 00         00000000  c.jr     x1
#12850 0 800000ba     87aa r 0f         00000000  c.mv     x15, x10
#12851 0 800000bc     97a6 r 0f         00000005  c.add    x15, x9
#12852 0 800000be     85be r 0b         00000005  c.mv     x11, x15
#12853 0 800000c0 fec42503 r 0a         00000002  lw       x10, -0x14(x8)
#12854 0 800000c4     3749 r 01         800000c6  c.jal    . - 0x7e
#12855 0 80000046     1101 r 02         f0040f00  c.addi   x2, -0x20
#12856 0 80000048     ce22 m f0040f1c   f0040f50  c.swsp   x8, 0x1c
#12857 0 8000004a     1000 r 08         f0040f20  c.addi4spn  x8, 0x8
#12858 0 8000004c fea42623 m f0040f0c   00000002  sw       x10, -0x14(x8)
#12859 0 80000050 feb42423 m f0040f08   00000005  sw       x11, -0x18(x8)
#12860 0 80000054 fec42703 r 0e         00000002  lw       x14, -0x14(x8)
#12861 0 80000058 fe842783 r 0f         00000005  lw       x15, -0x18(x8)
#12862 0 8000005c 00e7d363 r 00         00000000  bge      x15, x14, . + 0x6
#12863 0 80000062     853e r 0a         00000005  c.mv     x10, x15
#12864 0 80000064     4472 r 08         f0040f50  c.lwsp   x8, 0x1c
#12865 0 80000066     6105 r 02         f0040f20  c.addi16sp 0x2
#12866 0 80000068     8082 r 00         00000000  c.jr     x1
#12867 0 800000c6 fea42623 m f0040f3c   00000005  sw       x10, -0x14(x8)
#12868 0 800000ca fe842783 r 0f         00000001  lw       x15, -0x18(x8)
#12869 0 800000ce     0785 r 0f         00000002  c.addi   x15, 0x1
#12870 0 800000d0 fef42423 m f0040f38   00000002  sw       x15, -0x18(x8)
#12871 0 800000d4 fe842703 r 0e         00000002  lw       x14, -0x18(x8)
#12872 0 800000d8 fd842783 r 0f         00000002  lw       x15, -0x28(x8)
#12873 0 800000dc faf74de3 r 00         00000000  blt      x14, x15, . - 0x46
#12874 0 800000e0 fec42783 r 0f         00000005  lw       x15, -0x14(x8)
#12875 0 800000e4     853e r 0a         00000005  c.mv     x10, x15
#12876 0 800000e6     50b2 r 01         800000ba  c.lwsp   x1, 0x2c
#12877 0 800000e8     5422 r 08         f0040f80  c.lwsp   x8, 0x28
#12878 0 800000ea     5492 r 09         00000001  c.lwsp   x9, 0x24
#12879 0 800000ec     6145 r 02         f0040f50  c.addi16sp 0x3
#12880 0 800000ee     8082 r 00         00000000  c.jr     x1
#12881 0 800000ba     87aa r 0f         00000005  c.mv     x15, x10
#12882 0 800000bc     97a6 r 0f         00000006  c.add    x15, x9
#12883 0 800000be     85be r 0b         00000006  c.mv     x11, x15
#12884 0 800000c0 fec42503 r 0a         80000000  lw       x10, -0x14(x8)
#12885 0 800000c4     3749 r 01         800000c6  c.jal    . - 0x7e
#12886 0 80000046     1101 r 02         f0040f30  c.addi   x2, -0x20
#12887 0 80000048     ce22 m f0040f4c   f0040f80  c.swsp   x8, 0x1c
#12888 0 8000004a     1000 r 08         f0040f50  c.addi4spn  x8, 0x8
#12889 0 8000004c fea42623 m f0040f3c   80000000  sw       x10, -0x14(x8)
#12890 0 80000050 feb42423 m f0040f38   00000006  sw       x11, -0x18(x8)
#12891 0 80000054 fec42703 r 0e         80000000  lw       x14, -0x14(x8)
#12892 0 80000058 fe842783 r 0f         00000006  lw       x15, -0x18(x8)
#12893 0 8000005c 00e7d363 r 00         00000000  bge      x15, x14, . + 0x6
#12894 0 80000062     853e r 0a         00000006  c.mv     x10, x15
#12895 0 80000064     4472 r 08         f0040f80  c.lwsp   x8, 0x1c
#12896 0 80000066     6105 r 02         f0040f50  c.addi16sp 0x2
#12897 0 80000068     8082 r 00         00000000  c.jr     x1
#12898 0 800000c6 fea42623 m f0040f6c   00000006  sw       x10, -0x14(x8)
#12899 0 800000ca fe842783 r 0f         00000000  lw       x15, -0x18(x8)
#12900 0 800000ce     0785 r 0f         00000001  c.addi   x15, 0x1
#12901 0 800000d0 fef42423 m f0040f68   00000001  sw       x15, -0x18(x8)
#12902 0 800000d4 fe842703 r 0e         00000001  lw       x14, -0x18(x8)
#12903 0 800000d8 fd842783 r 0f         00000003  lw       x15, -0x28(x8)
#12904 0 800000dc faf74de3 r 00         00000000  blt      x14, x15, . - 0x46
#12905 0 80000096 fe842783 r 0f         00000001  lw       x15, -0x18(x8)
#12906 0 8000009a     078a r 0f         00000004  c.slli   x15, 2
#12907 0 8000009c fdc42703 r 0e         f0040fec  lw       x14, -0x24(x8)
#12908 0 800000a0     97ba r 0f         f0040ff0  c.add    x15, x14
#12909 0 800000a2     4384 r 09         00000005  c.lw     x9, 0x0(x15)
#12910 0 800000a4 fd842703 r 0e         00000003  lw       x14, -0x28(x8)
#12911 0 800000a8 fe842783 r 0f         00000001  lw       x15, -0x18(x8)
#12912 0 800000ac 40f707b3 r 0f         00000002  sub      x15, x14, x15
#12913 0 800000b0     17fd r 0f         00000001  c.addi   x15, -0x1
#12914 0 800000b2     85be r 0b         00000001  c.mv     x11, x15
#12915 0 800000b4 fdc42503 r 0a         f0040fec  lw       x10, -0x24(x8)
#12916 0 800000b8     3f4d r 01         800000ba  c.jal    . - 0x4e
#12917 0 8000006a     7179 r 02         f0040f20  c.addi16sp -0x3
#12918 0 8000006c     d606 m f0040f4c   800000ba  c.swsp   x1, 0x2c
#12919 0 8000006e     d422 m f0040f48   f0040f80  c.swsp   x8, 0x28
#12920 0 80000070     d226 m f0040f44   00000005  c.swsp   x9, 0x24
#12921 0 80000072     1800 r 08         f0040f50  c.addi4spn  x8, 0xc
#12922 0 80000074 fca42e23 m f0040f2c   f0040fec  sw       x10, -0x24(x8)
#12923 0 80000078 fcb42c23 m f0040f28   00000001  sw       x11, -0x28(x8)
#12924 0 8000007c fd842783 r 0f         00000001  lw       x15, -0x28(x8)
#12925 0 80000080 00f04463 r 00         00000000  blt      x0, x15, . + 0x8
#12926 0 80000088 800007b7 r 0f         80000000  lui      x15, -0x80000
#12927 0 8000008c fef42623 m f0040f3c   80000000  sw       x15, -0x14(x8)
#12928 0 80000090 fe042423 m f0040f38   00000000  sw       x0, -0x18(x8)
#12929 0 80000094     a081 r 00         00000000  c.j      . + 0x40
#12930 0 800000d4 fe842703 r 0e         00000000  lw       x14, -0x18(x8)
#12931 0 800000d8 fd842783 r 0f         00000001  lw       x15, -0x28(x8)
#12932 0 800000dc faf74de3 r 00         00000000  blt      x14, x15, . - 0x46
#12933 0 80000096 fe842783 r 0f         00000000  lw       x15, -0x18(x8)
#12934 0 8000009a     078a r 0f         00000000  c.slli   x15, 2
#12935 0 8000009c fdc42703 r 0e         f0040fec  lw       x14, -0x24(x8)
#12936 0 800000a0     97ba r 0f         f0040fec  c.add    x15, x14
#12937 0 800000a2     4384 r 09         00000001  c.lw     x9, 0x0(x15)
#12938 0 800000a4 fd842703 r 0e         00000001  lw       x14, -0x28(x8)
#12939 0 800000a8 fe842783 r 0f         00000000  lw       x15, -0x18(x8)
#12940 0 800000ac 40f707b3 r 0f         00000001  sub      x15, x14, x15
#12941 0 800000b0     17fd r 0f         00000000  c.addi   x15, -0x1
#12942 0 800000b2     85be r 0b         00000000  c.mv     x11, x15
#12943 0 800000b4 fdc42503 r 0a         f0040fec  lw       x10, -0x24(x8)
#12944 0 800000b8     3f4d r 01         800000ba  c.jal    . - 0x4e
#12945 0 8000006a     7179 r 02         f0040ef0  c.addi16sp -0x3
#12946 0 8000006c     d606 m f0040f1c   800000ba  c.swsp   x1, 0x2c
#12947 0 8000006e     d422 m f0040f18   f0040f50  c.swsp   x8, 0x28
#12948 0 80000070     d226 m f0040f14   00000001  c.swsp   x9, 0x24
#12949 0 80000072     1800 r 08         f0040f20  c.addi4spn  x8, 0xc
#12950 0 80000074 fca42e23 m f0040efc   f0040fec  sw       x10, -0x24(x8)
#12951 0 80000078 fcb42c23 m f0040ef8   00000000  sw       x11, -0x28(x8)
#12952 0 8000007c fd842783 r 0f         00000000  lw       x15, -0x28(x8)
#12953 0 80000080 00f04463 r 00         00000000  blt      x0, x15, . + 0x8
#12954 0 80000084     4781 r 0f         00000000  c.li     x15, 0x0
#12955 0 80000086     a8b9 r 00         00000000  c.j      . + 0x5e
#12956 0 800000e4     853e r 0a         00000000  c.mv     x10, x15
#12957 0 800000e6     50b2 r 01         800000ba  c.lwsp   x1, 0x2c
#12958 0 800000e8     5422 r 08         f0040f50  c.lwsp   x8, 0x28
#12959 0 800000ea     5492 r 09         00000001  c.lwsp   x9, 0x24
#12960 0 800000ec     6145 r 02         f0040f20  c.addi16sp 0x3
#12961 0 800000ee     8082 r 00         00000000  c.jr     x1
#12962 0 800000ba     87aa r 0f         00000000  c.mv     x15, x10
#12963 0 800000bc     97a6 r 0f         00000001  c.add    x15, x9
#12964 0 800000be     85be r 0b         00000001  c.mv     x11, x15
#12965 0 800000c0 fec42503 r 0a         80000000  lw       x10, -0x14(x8)
#12966 0 800000c4     3749 r 01         800000c6  c.jal    . - 0x7e
#12967 0 80000046     1101 r 02         f0040f00  c.addi   x2, -0x20
#12968 0 80000048     ce22 m f0040f1c   f0040f50  c.swsp   x8, 0x1c
#12969 0 8000004a     1000 r 08         f0040f20  c.addi4spn  x8, 0x8
#12970 0 8000004c fea42623 m f0040f0c   80000000  sw       x10, -0x14(x8)
#12971 0 80000050 feb42423 m f0040f08   00000001  sw       x11, -0x18(x8)
#12972 0 80000054 fec42703 r 0e         80000000  lw       x14, -0x14(x8)
#12973 0 80000058 fe842783 r 0f         00000001  lw       x15, -0x18(x8)
#12974 0 8000005c 00e7d363 r 00         00000000  bge      x15, x14, . + 0x6
#12975 0 80000062     853e r 0a         00000001  c.mv     x10, x15
#12976 0 80000064     4472 r 08         f0040f50  c.lwsp   x8, 0x1c
#12977 0 80000066     6105 r 02         f0040f20  c.addi16sp 0x2
#12978 0 80000068     8082 r 00         00000000  c.jr     x1
#12979 0 800000c6 fea42623 m f0040f3c   00000001  sw       x10, -0x14(x8)
#12980 0 800000ca fe842783 r 0f         00000000  lw       x15, -0x18(x8)
#12981 0 800000ce     0785 r 0f         00000001  c.addi   x15, 0x1
#12982 0 800000d0 fef42423 m f0040f38   00000001  sw       x15, -0x18(x8)
#12983 0 800000d4 fe842703 r 0e         00000001  lw       x14, -0x18(x8)
#12984 0 800000d8 fd842783 r 0f         00000001  lw       x15, -0x28(x8)
#12985 0 800000dc faf74de3 r 00         00000000  blt      x14, x15, . - 0x46
#12986 0 800000e0 fec42783 r 0f         00000001  lw       x15, -0x14(x8)
#12987 0 800000e4     853e r 0a         00000001  c.mv     x10, x15
#12988 0 800000e6     50b2 r 01         800000ba  c.lwsp   x1, 0x2c
#12989 0 800000e8     5422 r 08         f0040f80  c.lwsp   x8, 0x28
#12990 0 800000ea     5492 r 09         00000005  c.lwsp   x9, 0x24
#12991 0 800000ec     6145 r 02         f0040f50  c.addi16sp 0x3
#12992 0 800000ee     8082 r 00         00000000  c.jr     x1
#12993 0 800000ba     87aa r 0f         00000001  c.mv     x15, x10
#12994 0 800000bc     97a6 r 0f         00000006  c.add    x15, x9
#12995 0 800000be     85be r 0b         00000006  c.mv     x11, x15
#12996 0 800000c0 fec42503 r 0a         00000006  lw       x10, -0x14(x8)
#12997 0 800000c4     3749 r 01         800000c6  c.jal    . - 0x7e
#12998 0 80000046     1101 r 02         f0040f30  c.addi   x2, -0x20
#12999 0 80000048     ce22 m f0040f4c   f0040f80  c.swsp   x8, 0x1c
#13000 0 8000004a     1000 r 08         f0040f50  c.addi4spn  x8, 0x8
#13001 0 8000004c fea42623 m f0040f3c   00000006  sw       x10, -0x14(x8)
#13002 0 80000050 feb42423 m f0040f38   00000006  sw       x11, -0x18(x8)
#13003 0 80000054 fec42703 r 0e         00000006  lw       x14, -0x14(x8)
#13004 0 80000058 fe842783 r 0f         00000006  lw       x15, -0x18(x8)
#13005 0 8000005c 00e7d363 r 00         00000000  bge      x15, x14, . + 0x6
#13006 0 80000062     853e r 0a         00000006  c.mv     x10, x15
#13007 0 80000064     4472 r 08         f0040f80  c.lwsp   x8, 0x1c
#13008 0 80000066     6105 r 02         f0040f50  c.addi16sp 0x2
#13009 0 80000068     8082 r 00         00000000  c.jr     x1
#13010 0 800000c6 fea42623 m f0040f6c   00000006  sw       x10, -0x14(x8)
#13011 0 800000ca fe842783 r 0f         00000001  lw       x15, -0x18(x8)
#13012 0 800000ce     0785 r 0f         00000002  c.addi   x15, 0x1
#13013 0 800000d0 fef42423 m f0040f68   00000002  sw       x15, -0x18(x8)
#13014 0 800000d4 fe842703 r 0e         00000002  lw       x14, -0x18(x8)
#13015 0 800000d8 fd842783 r 0f         00000003  lw       x15, -0x28(x8)
#13016 0 800000dc faf74de3 r 00         00000000  blt      x14, x15, . - 0x46
#13017 0 80000096 fe842783 r 0f         00000002  lw       x15, -0x18(x8)
#13018 0 8000009a     078a r 0f         00000008  c.slli   x15, 2
#13019 0 8000009c fdc42703 r 0e         f0040fec  lw       x14, -0x24(x8)
#13020 0 800000a0     97ba r 0f         f0040ff4  c.add    x15, x14
#13021 0 800000a2     4384 r 09         00000008  c.lw     x9, 0x0(x15)
#13022 0 800000a4 fd842703 r 0e         00000003  lw       x14, -0x28(x8)
#13023 0 800000a8 fe842783 r 0f         00000002  lw       x15, -0x18(x8)
#13024 0 800000ac 40f707b3 r 0f         00000001  sub      x15, x14, x15
#13025 0 800000b0     17fd r 0f         00000000  c.addi   x15, -0x1
#13026 0 800000b2     85be r 0b         00000000  c.mv     x11, x15
#13027 0 800000b4 fdc42503 r 0a         f0040fec  lw       x10, -0x24(x8)
#13028 0 800000b8     3f4d r 01         800000ba  c.jal    . - 0x4e
#13029 0 8000006a     7179 r 02         f0040f20  c.addi16sp -0x3
#13030 0 8000006c     d606 m f0040f4c   800000ba  c.swsp   x1, 0x2c
#13031 0 8000006e     d422 m f0040f48   f0040f80  c.swsp   x8, 0x28
#13032 0 80000070     d226 m f0040f44   00000008  c.swsp   x9, 0x24
#13033 0 80000072     1800 r 08         f0040f50  c.addi4spn  x8, 0xc
#13034 0 80000074 fca42e23 m f0040f2c   f0040fec  sw       x10, -0x24(x8)
#13035 0 80000078 fcb42c23 m f0040f28   00000000  sw       x11, -0x28(x8)
#13036 0 8000007c fd842783 r 0f         00000000  lw       x15, -0x28(x8)
#13037 0 80000080 00f04463 r 00         00000000  blt      x0, x15, . + 0x8
#13038 0 80000084     4781 r 0f         00000000  c.li     x15, 0x0
#13039 0 80000086     a8b9 r 00         00000000  c.j      . + 0x5e
#13040 0 800000e4     853e r 0a         00000000  c.mv     x10, x15
#13041 0 800000e6     50b2 r 01         800000ba  c.lwsp   x1, 0x2c
#13042 0 800000e8     5422 r 08         f0040f80  c.lwsp   x8, 0x28
#13043 0 800000ea     5492 r 09         00000008  c.lwsp   x9, 0x24
#13044 0 800000ec     6145 r 02         f0040f50  c.addi16sp 0x3
#13045 0 800000ee     8082 r 00         00000000  c.jr     x1
#13046 0 800000ba     87aa r 0f         00000000  c.mv     x15, x10
#13047 0 800000bc     97a6 r 0f         00000008  c.add    x15, x9
#13048 0 800000be     85be r 0b         00000008  c.mv     x11, x15
#13049 0 800000c0 fec42503 r 0a         00000006  lw       x10, -0x14(x8)
#13050 0 800000c4     3749 r 01         800000c6  c.jal    . - 0x7e
#13051 0 80000046     1101 r 02         f0040f30  c.addi   x2, -0x20
#13052 0 80000048     ce22 m f0040f4c   f0040f80  c.swsp   x8, 0x1c
#13053 0 8000004a     1000 r 08         f0040f50  c.addi4spn  x8, 0x8
#13054 0 8000004c fea42623 m f0040f3c   00000006  sw       x10, -0x14(x8)
#13055 0 80000050 feb42423 m f0040f38   00000008  sw       x11, -0x18(x8)
#13056 0 80000054 fec42703 r 0e         00000006  lw       x14, -0x14(x8)
#13057 0 80000058 fe842783 r 0f         00000008  lw       x15, -0x18(x8)
#13058 0 8000005c 00e7d363 r 00         00000000  bge      x15, x14, . + 0x6
#13059 0 80000062     853e r 0a         00000008  c.mv     x10, x15
#13060 0 80000064     4472 r 08         f0040f80  c.lwsp   x8, 0x1c
#13061 0 80000066     6105 r 02         f0040f50  c.addi16sp 0x2
#13062 0 80000068     8082 r 00         00000000  c.jr     x1
#13063 0 800000c6 fea42623 m f0040f6c   00000008  sw       x10, -0x14(x8)
#13064 0 800000ca fe842783 r 0f         00000002  lw       x15, -0x18(x8)
#13065 0 800000ce     0785 r 0f         00000003  c.addi   x15, 0x1
#13066 0 800000d0 fef42423 m f0040f68   00000003  sw       x15, -0x18(x8)
#13067 0 800000d4 fe842703 r 0e         00000003  lw       x14, -0x18(x8)
#13068 0 800000d8 fd842783 r 0f         00000003  lw       x15, -0x28(x8)
#13069 0 800000dc faf74de3 r 00         00000000  blt      x14, x15, . - 0x46
#13070 0 800000e0 fec42783 r 0f         00000008  lw       x15, -0x14(x8)
#13071 0 800000e4     853e r 0a         00000008  c.mv     x10, x15
#13072 0 800000e6     50b2 r 01         800000ba  c.lwsp   x1, 0x2c
#13073 0 800000e8     5422 r 08         f0040fb0  c.lwsp   x8, 0x28
#13074 0 800000ea     5492 r 09         00000001  c.lwsp   x9, 0x24
#13075 0 800000ec     6145 r 02         f0040f80  c.addi16sp 0x3
#13076 0 800000ee     8082 r 00         00000000  c.jr     x1
#13077 0 800000ba     87aa r 0f         00000008  c.mv     x15, x10
#13078 0 800000bc     97a6 r 0f         00000009  c.add    x15, x9
#13079 0 800000be     85be r 0b         00000009  c.mv     x11, x15
#13080 0 800000c0 fec42503 r 0a         80000000  lw       x10, -0x14(x8)
#13081 0 800000c4     3749 r 01         800000c6  c.jal    . - 0x7e
#13082 0 80000046     1101 r 02         f0040f60  c.addi   x2, -0x20
#13083 0 80000048     ce22 m f0040f7c   f0040fb0  c.swsp   x8, 0x1c
#13084 0 8000004a     1000 r 08         f0040f80  c.addi4spn  x8, 0x8
#13085 0 8000004c fea42623 m f0040f6c   80000000  sw       x10, -0x14(x8)
#13086 0 80000050 feb42423 m f0040f68   00000009  sw       x11, -0x18(x8)
#13087 0 80000054 fec42703 r 0e         80000000  lw       x14, -0x14(x8)
#13088 0 80000058 fe842783 r 0f         00000009  lw       x15, -0x18(x8)
#13089 0 8000005c 00e7d363 r 00         00000000  bge      x15, x14, . + 0x6
#13090 0 80000062     853e r 0a         00000009  c.mv     x10, x15
#13091 0 80000064     4472 r 08         f0040fb0  c.lwsp   x8, 0x1c
#13092 0 80000066     6105 r 02         f0040f80  c.addi16sp 0x2
#13093 0 80000068     8082 r 00         00000000  c.jr     x1
#13094 0 800000c6 fea42623 m f0040f9c   00000009  sw       x10, -0x14(x8)
#13095 0 800000ca fe842783 r 0f         00000000  lw       x15, -0x18(x8)
#13096 0 800000ce     0785 r 0f         00000001  c.addi   x15, 0x1
#13097 0 800000d0 fef42423 m f0040f98   00000001  sw       x15, -0x18(x8)
#13098 0 800000d4 fe842703 r 0e         00000001  lw       x14, -0x18(x8)
#13099 0 800000d8 fd842783 r 0f         00000004  lw       x15, -0x28(x8)
#13100 0 800000dc faf74de3 r 00         00000000  blt      x14, x15, . - 0x46
#13101 0 80000096 fe842783 r 0f         00000001  lw       x15, -0x18(x8)
#13102 0 8000009a     078a r 0f         00000004  c.slli   x15, 2
#13103 0 8000009c fdc42703 r 0e         f0040fec  lw       x14, -0x24(x8)
#13104 0 800000a0     97ba r 0f         f0040ff0  c.add    x15, x14
#13105 0 800000a2     4384 r 09         00000005  c.lw     x9, 0x0(x15)
#13106 0 800000a4 fd842703 r 0e         00000004  lw       x14, -0x28(x8)
#13107 0 800000a8 fe842783 r 0f         00000001  lw       x15, -0x18(x8)
#13108 0 800000ac 40f707b3 r 0f         00000003  sub      x15, x14, x15
#13109 0 800000b0     17fd r 0f         00000002  c.addi   x15, -0x1
#13110 0 800000b2     85be r 0b         00000002  c.mv     x11, x15
#13111 0 800000b4 fdc42503 r 0a         f0040fec  lw       x10, -0x24(x8)
#13112 0 800000b8     3f4d r 01         800000ba  c.jal    . - 0x4e
#13113 0 8000006a     7179 r 02         f0040f50  c.addi16sp -0x3
#13114 0 8000006c     d606 m f0040f7c   800000ba  c.swsp   x1, 0x2c
#13115 0 8000006e     d422 m f0040f78   f0040fb0  c.swsp   x8, 0x28
#13116 0 80000070     d226 m f0040f74   00000005  c.swsp   x9, 0x24
#13117 0 80000072     1800 r 08         f0040f80  c.addi4spn  x8, 0xc
#13118 0 80000074 fca42e23 m f0040f5c   f0040fec  sw       x10, -0x24(x8)
#13119 0 80000078 fcb42c23 m f0040f58   00000002  sw       x11, -0x28(x8)
#13120 0 8000007c fd842783 r 0f         00000002  lw       x15, -0x28(x8)
#13121 0 80000080 00f04463 r 00         00000000  blt      x0, x15, . + 0x8
#13122 0 80000088 800007b7 r 0f         80000000  lui      x15, -0x80000
#13123 0 8000008c fef42623 m f0040f6c   80000000  sw       x15, -0x14(x8)
#13124 0 80000090 fe042423 m f0040f68   00000000  sw       x0, -0x18(x8)
#13125 0 80000094     a081 r 00         00000000  c.j      . + 0x40
#13126 0 800000d4 fe842703 r 0e         00000000  lw       x14, -0x18(x8)
#13127 0 800000d8 fd842783 r 0f         00000002  lw       x15, -0x28(x8)
#13128 0 800000dc faf74de3 r 00         00000000  blt      x14, x15, . - 0x46
#13129 0 80000096 fe842783 r 0f         00000000  lw       x15, -0x18(x8)
#13130 0 8000009a     078a r 0f         00000000  c.slli   x15, 2
#13131 0 8000009c fdc42703 r 0e         f0040fec  lw       x14, -0x24(x8)
#13132 0 800000a0     97ba r 0f         f0040fec  c.add    x15, x14
#13133 0 800000a2     4384 r 09         00000001  c.lw     x9, 0x0(x15)
#13134 0 800000a4 fd842703 r 0e         00000002  lw       x14, -0x28(x8)
#13135 0 800000a8 fe842783 r 0f         00000000  lw       x15, -0x18(x8)
#13136 0 800000ac 40f707b3 r 0f         00000002  sub      x15, x14, x15
#13137 0 800000b0     17fd r 0f         00000001  c.addi   x15, -0x1
#13138 0 800000b2     85be r 0b         00000001  c.mv     x11, x15
#13139 0 800000b4 fdc42503 r 0a         f0040fec  lw       x10, -0x24(x8)
#13140 0 800000b8     3f4d r 01         800000ba  c.jal    . - 0x4e
#13141 0 8000006a     7179 r 02         f0040f20  c.addi16sp -0x3
#13142 0 8000006c     d606 m f0040f4c   800000ba  c.swsp   x1, 0x2c
#13143 0 8000006e     d422 m f0040f48   f0040f80  c.swsp   x8, 0x28
#13144 0 80000070     d226 m f0040f44   00000001  c.swsp   x9, 0x24
#13145 0 80000072     1800 r 08         f0040f50  c.addi4spn  x8, 0xc
#13146 0 80000074 fca42e23 m f0040f2c   f0040fec  sw       x10, -0x24(x8)
#13147 0 80000078 fcb42c23 m f0040f28   00000001  sw       x11, -0x28(x8)
#13148 0 8000007c fd842783 r 0f         00000001  lw       x15, -0x28(x8)
#13149 0 80000080 00f04463 r 00         00000000  blt      x0, x15, . + 0x8
#13150 0 80000088 800007b7 r 0f         80000000  lui      x15, -0x80000
#13151 0 8000008c fef42623 m f0040f3c   80000000  sw       x15, -0x14(x8)
#13152 0 80000090 fe042423 m f0040f38   00000000  sw       x0, -0x18(x8)
#13153 0 80000094     a081 r 00         00000000  c.j      . + 0x40
#13154 0 800000d4 fe842703 r 0e         00000000  lw       x14, -0x18(x8)
#13155 0 800000d8 fd842783 r 0f         00000001  lw       x15, -0x28(x8)
#13156 0 800000dc faf74de3 r 00         00000000  blt      x14, x15, . - 0x46
#13157 0 80000096 fe842783 r 0f         00000000  lw       x15, -0x18(x8)
#13158 0 8000009a     078a r 0f         00000000  c.slli   x15, 2
#13159 0 8000009c fdc42703 r 0e         f0040fec  lw       x14, -0x24(x8)
#13160 0 800000a0     97ba r 0f         f0040fec  c.add    x15, x14
#13161 0 800000a2     4384 r 09         00000001  c.lw     x9, 0x0(x15)
#13162 0 800000a4 fd842703 r 0e         00000001  lw       x14, -0x28(x8)
#13163 0 800000a8 fe842783 r 0f         00000000  lw       x15, -0x18(x8)
#13164 0 800000ac 40f707b3 r 0f         00000001  sub      x15, x14, x15
#13165 0 800000b0     17fd r 0f         00000000  c.addi   x15, -0x1
#13166 0 800000b2     85be r 0b         00000000  c.mv     x11, x15
#13167 0 800000b4 fdc42503 r 0a         f0040fec  lw       x10, -0x24(x8)
#13168 0 800000b8     3f4d r 01         800000ba  c.jal    . - 0x4e
#13169 0 8000006a     7179 r 02         f0040ef0  c.addi16sp -0x3
#13170 0 8000006c     d606 m f0040f1c   800000ba  c.swsp   x1, 0x2c
#13171 0 8000006e     d422 m f0040f18   f0040f50  c.swsp   x8, 0x28
#13172 0 80000070     d226 m f0040f14   00000001  c.swsp   x9, 0x24
#13173 0 80000072     1800 r 08         f0040f20  c.addi4spn  x8, 0xc
#13174 0 80000074 fca42e23 m f0040efc   f0040fec  sw       x10, -0x24(x8)
#13175 0 80000078 fcb42c23 m f0040ef8   00000000  sw       x11, -0x28(x8)
#13176 0 8000007c fd842783 r 0f         00000000  lw       x15, -0x28(x8)
#13177 0 80000080 00f04463 r 00         00000000  blt      x0, x15, . + 0x8
#13178 0 80000084     4781 r 0f         00000000  c.li     x15, 0x0
#13179 0 80000086     a8b9 r 00         00000000  c.j      . + 0x5e
#13180 0 800000e4     853e r 0a         00000000  c.mv     x10, x15
#13181 0 800000e6     50b2 r 01         800000ba  c.lwsp   x1, 0x2c
#13182 0 800000e8     5422 r 08         f0040f50  c.lwsp   x8, 0x28
#13183 0 800000ea     5492 r 09         00000001  c.lwsp   x9, 0x24
#13184 0 800000ec     6145 r 02         f0040f20  c.addi16sp 0x3
#13185 0 800000ee     8082 r 00         00000000  c.jr     x1
#13186 0 800000ba     87aa r 0f         00000000  c.mv     x15, x10
#13187 0 800000bc     97a6 r 0f         00000001  c.add    x15, x9
#13188 0 800000be     85be r 0b         00000001  c.mv     x11, x15
#13189 0 800000c0 fec42503 r 0a         80000000  lw       x10, -0x14(x8)
#13190 0 800000c4     3749 r 01         800000c6  c.jal    . - 0x7e
#13191 0 80000046     1101 r 02         f0040f00  c.addi   x2, -0x20
#13192 0 80000048     ce22 m f0040f1c   f0040f50  c.swsp   x8, 0x1c
#13193 0 8000004a     1000 r 08         f0040f20  c.addi4spn  x8, 0x8
#13194 0 8000004c fea42623 m f0040f0c   80000000  sw       x10, -0x14(x8)
#13195 0 80000050 feb42423 m f0040f08   00000001  sw       x11, -0x18(x8)
#13196 0 80000054 fec42703 r 0e         80000000  lw       x14, -0x14(x8)
#13197 0 80000058 fe842783 r 0f         00000001  lw       x15, -0x18(x8)
#13198 0 8000005c 00e7d363 r 00         00000000  bge      x15, x14, . + 0x6
#13199 0 80000062     853e r 0a         00000001  c.mv     x10, x15
#13200 0 80000064     4472 r 08         f0040f50  c.lwsp   x8, 0x1c
#13201 0 80000066     6105 r 02         f0040f20  c.addi16sp 0x2
#13202 0 80000068     8082 r 00         00000000  c.jr     x1
#13203 0 800000c6 fea42623 m f0040f3c   00000001  sw       x10, -0x14(x8)
#13204 0 800000ca fe842783 r 0f         00000000  lw       x15, -0x18(x8)
#13205 0 800000ce     0785 r 0f         00000001  c.addi   x15, 0x1
#13206 0 800000d0 fef42423 m f0040f38   00000001  sw       x15, -0x18(x8)
#13207 0 800000d4 fe842703 r 0e         00000001  lw       x14, -0x18(x8)
#13208 0 800000d8 fd842783 r 0f         00000001  lw       x15, -0x28(x8)
#13209 0 800000dc faf74de3 r 00         00000000  blt      x14, x15, . - 0x46
#13210 0 800000e0 fec42783 r 0f         00000001  lw       x15, -0x14(x8)
#13211 0 800000e4     853e r 0a         00000001  c.mv     x10, x15
#13212 0 800000e6     50b2 r 01         800000ba  c.lwsp   x1, 0x2c
#13213 0 800000e8     5422 r 08         f0040f80  c.lwsp   x8, 0x28
#13214 0 800000ea     5492 r 09         00000001  c.lwsp   x9, 0x24
#13215 0 800000ec     6145 r 02         f0040f50  c.addi16sp 0x3
#13216 0 800000ee     8082 r 00         00000000  c.jr     x1
#13217 0 800000ba     87aa r 0f         00000001  c.mv     x15, x10
#13218 0 800000bc     97a6 r 0f         00000002  c.add    x15, x9
#13219 0 800000be     85be r 0b         00000002  c.mv     x11, x15
#13220 0 800000c0 fec42503 r 0a         80000000  lw       x10, -0x14(x8)
#13221 0 800000c4     3749 r 01         800000c6  c.jal    . - 0x7e
#13222 0 80000046     1101 r 02         f0040f30  c.addi   x2, -0x20
#13223 0 80000048     ce22 m f0040f4c   f0040f80  c.swsp   x8, 0x1c
#13224 0 8000004a     1000 r 08         f0040f50  c.addi4spn  x8, 0x8
#13225 0 8000004c fea42623 m f0040f3c   80000000  sw       x10, -0x14(x8)
#13226 0 80000050 feb42423 m f0040f38   00000002  sw       x11, -0x18(x8)
#13227 0 80000054 fec42703 r 0e         80000000  lw       x14, -0x14(x8)
#13228 0 80000058 fe842783 r 0f         00000002  lw       x15, -0x18(x8)
#13229 0 8000005c 00e7d363 r 00         00000000  bge      x15, x14, . + 0x6
#13230 0 80000062     853e r 0a         00000002  c.mv     x10, x15
#13231 0 80000064     4472 r 08         f0040f80  c.lwsp   x8, 0x1c
#13232 0 80000066     6105 r 02         f0040f50  c.addi16sp 0x2
#13233 0 80000068     8082 r 00         00000000  c.jr     x1
#13234 0 800000c6 fea42623 m f0040f6c   00000002  sw       x10, -0x14(x8)
#13235 0 800000ca fe842783 r 0f         00000000  lw       x15, -0x18(x8)
#13236 0 800000ce     0785 r 0f         00000001  c.addi   x15, 0x1
#13237 0 800000d0 fef42423 m f0040f68   00000001  sw       x15, -0x18(x8)
#13238 0 800000d4 fe842703 r 0e         00000001  lw       x14, -0x18(x8)
#13239 0 800000d8 fd842783 r 0f         00000002  lw       x15, -0x28(x8)
#13240 0 800000dc faf74de3 r 00         00000000  blt      x14, x15, . - 0x46
#13241 0 80000096 fe842783 r 0f         00000001  lw       x15, -0x18(x8)
#13242 0 8000009a     078a r 0f         00000004  c.slli   x15, 2
#13243 0 8000009c fdc42703 r 0e         f0040fec  lw       x14, -0x24(x8)
#13244 0 800000a0     97ba r 0f         f0040ff0  c.add    x15, x14
#13245 0 800000a2     4384 r 09         00000005  c.lw     x9, 0x0(x15)
#13246 0 800000a4 fd842703 r 0e         00000002  lw       x14, -0x28(x8)
#13247 0 800000a8 fe842783 r 0f         00000001  lw       x15, -0x18(x8)
#13248 0 800000ac 40f707b3 r 0f         00000001  sub      x15, x14, x15
#13249 0 800000b0     17fd r 0f         00000000  c.addi   x15, -0x1
#13250 0 800000b2     85be r 0b         00000000  c.mv     x11, x15
#13251 0 800000b4 fdc42503 r 0a         f0040fec  lw       x10, -0x24(x8)
#13252 0 800000b8     3f4d r 01         800000ba  c.jal    . - 0x4e
#13253 0 8000006a     7179 r 02         f0040f20  c.addi16sp -0x3
#13254 0 8000006c     d606 m f0040f4c   800000ba  c.swsp   x1, 0x2c
#13255 0 8000006e     d422 m f0040f48   f0040f80  c.swsp   x8, 0x28
#13256 0 80000070     d226 m f0040f44   00000005  c.swsp   x9, 0x24
#13257 0 80000072     1800 r 08         f0040f50  c.addi4spn  x8, 0xc
#13258 0 80000074 fca42e23 m f0040f2c   f0040fec  sw       x10, -0x24(x8)
#13259 0 80000078 fcb42c23 m f0040f28   00000000  sw       x11, -0x28(x8)
#13260 0 8000007c fd842783 r 0f         00000000  lw       x15, -0x28(x8)
#13261 0 80000080 00f04463 r 00         00000000  blt      x0, x15, . + 0x8
#13262 0 80000084     4781 r 0f         00000000  c.li     x15, 0x0
#13263 0 80000086     a8b9 r 00         00000000  c.j      . + 0x5e
#13264 0 800000e4     853e r 0a         00000000  c.mv     x10, x15
#13265 0 800000e6     50b2 r 01         800000ba  c.lwsp   x1, 0x2c
#13266 0 800000e8     5422 r 08         f0040f80  c.lwsp   x8, 0x28
#13267 0 800000ea     5492 r 09         00000005  c.lwsp   x9, 0x24
#13268 0 800000ec     6145 r 02         f0040f50  c.addi16sp 0x3
#13269 0 800000ee     8082 r 00         00000000  c.jr     x1
#13270 0 800000ba     87aa r 0f         00000000  c.mv     x15, x10
#13271 0 800000bc     97a6 r 0f         00000005  c.add    x15, x9
#13272 0 800000be     85be r 0b         00000005  c.mv     x11, x15
#13273 0 800000c0 fec42503 r 0a         00000002  lw       x10, -0x14(x8)
#13274 0 800000c4     3749 r 01         800000c6  c.jal    . - 0x7e
#13275 0 80000046     1101 r 02         f0040f30  c.addi   x2, -0x20
#13276 0 80000048     ce22 m f0040f4c   f0040f80  c.swsp   x8, 0x1c
#13277 0 8000004a     1000 r 08         f0040f50  c.addi4spn  x8, 0x8
#13278 0 8000004c fea42623 m f0040f3c   00000002  sw       x10, -0x14(x8)
#13279 0 80000050 feb42423 m f0040f38   00000005  sw       x11, -0x18(x8)
#13280 0 80000054 fec42703 r 0e         00000002  lw       x14, -0x14(x8)
#13281 0 80000058 fe842783 r 0f         00000005  lw       x15, -0x18(x8)
#13282 0 8000005c 00e7d363 r 00         00000000  bge      x15, x14, . + 0x6
#13283 0 80000062     853e r 0a         00000005  c.mv     x10, x15
#13284 0 80000064     4472 r 08         f0040f80  c.lwsp   x8, 0x1c
#13285 0 80000066     6105 r 02         f0040f50  c.addi16sp 0x2
#13286 0 80000068     8082 r 00         00000000  c.jr     x1
#13287 0 800000c6 fea42623 m f0040f6c   00000005  sw       x10, -0x14(x8)
#13288 0 800000ca fe842783 r 0f         00000001  lw       x15, -0x18(x8)
#13289 0 800000ce     0785 r 0f         00000002  c.addi   x15, 0x1
#13290 0 800000d0 fef42423 m f0040f68   00000002  sw       x15, -0x18(x8)
#13291 0 800000d4 fe842703 r 0e         00000002  lw       x14, -0x18(x8)
#13292 0 800000d8 fd842783 r 0f         00000002  lw       x15, -0x28(x8)
#13293 0 800000dc faf74de3 r 00         00000000  blt      x14, x15, . - 0x46
#13294 0 800000e0 fec42783 r 0f         00000005  lw       x15, -0x14(x8)
#13295 0 800000e4     853e r 0a         00000005  c.mv     x10, x15
#13296 0 800000e6     50b2 r 01         800000ba  c.lwsp   x1, 0x2c
#13297 0 800000e8     5422 r 08         f0040fb0  c.lwsp   x8, 0x28
#13298 0 800000ea     5492 r 09         00000005  c.lwsp   x9, 0x24
#13299 0 800000ec     6145 r 02         f0040f80  c.addi16sp 0x3
#13300 0 800000ee     8082 r 00         00000000  c.jr     x1
#13301 0 800000ba     87aa r 0f         00000005  c.mv     x15, x10
#13302 0 800000bc     97a6 r 0f         0000000a  c.add    x15, x9
#13303 0 800000be     85be r 0b         0000000a  c.mv     x11, x15
#13304 0 800000c0 fec42503 r 0a         00000009  lw       x10, -0x14(x8)
#13305 0 800000c4     3749 r 01         800000c6  c.jal    . - 0x7e
#13306 0 80000046     1101 r 02         f0040f60  c.addi   x2, -0x20
#13307 0 80000048     ce22 m f0040f7c   f0040fb0  c.swsp   x8, 0x1c
#13308 0 8000004a     1000 r 08         f0040f80  c.addi4spn  x8, 0x8
#13309 0 8000004c fea42623 m f0040f6c   00000009  sw       x10, -0x14(x8)
#13310 0 80000050 feb42423 m f0040f68   0000000a  sw       x11, -0x18(x8)
#13311 0 80000054 fec42703 r 0e         00000009  lw       x14, -0x14(x8)
#13312 0 80000058 fe842783 r 0f         0000000a  lw       x15, -0x18(x8)
#13313 0 8000005c 00e7d363 r 00         00000000  bge      x15, x14, . + 0x6
#13314 0 80000062     853e r 0a         0000000a  c.mv     x10, x15
#13315 0 80000064     4472 r 08         f0040fb0  c.lwsp   x8, 0x1c
#13316 0 80000066     6105 r 02         f0040f80  c.addi16sp 0x2
#13317 0 80000068     8082 r 00         00000000  c.jr     x1
#13318 0 800000c6 fea42623 m f0040f9c   0000000a  sw       x10, -0x14(x8)
#13319 0 800000ca fe842783 r 0f         00000001  lw       x15, -0x18(x8)
#13320 0 800000ce     0785 r 0f         00000002  c.addi   x15, 0x1
#13321 0 800000d0 fef42423 m f0040f98   00000002  sw       x15, -0x18(x8)
#13322 0 800000d4 fe842703 r 0e         00000002  lw       x14, -0x18(x8)
#13323 0 800000d8 fd842783 r 0f         00000004  lw       x15, -0x28(x8)
#13324 0 800000dc faf74de3 r 00         00000000  blt      x14, x15, . - 0x46
#13325 0 80000096 fe842783 r 0f         00000002  lw       x15, -0x18(x8)
#13326 0 8000009a     078a r 0f         00000008  c.slli   x15, 2
#13327 0 8000009c fdc42703 r 0e         f0040fec  lw       x14, -0x24(x8)
#13328 0 800000a0     97ba r 0f         f0040ff4  c.add    x15, x14
#13329 0 800000a2     4384 r 09         00000008  c.lw     x9, 0x0(x15)
#13330 0 800000a4 fd842703 r 0e         00000004  lw       x14, -0x28(x8)
#13331 0 800000a8 fe842783 r 0f         00000002  lw       x15, -0x18(x8)
#13332 0 800000ac 40f707b3 r 0f         00000002  sub      x15, x14, x15
#13333 0 800000b0     17fd r 0f         00000001  c.addi   x15, -0x1
#13334 0 800000b2     85be r 0b         00000001  c.mv     x11, x15
#13335 0 800000b4 fdc42503 r 0a         f0040fec  lw       x10, -0x24(x8)
#13336 0 800000b8     3f4d r 01         800000ba  c.jal    . - 0x4e
#13337 0 8000006a     7179 r 02         f0040f50  c.addi16sp -0x3
#13338 0 8000006c     d606 m f0040f7c   800000ba  c.swsp   x1, 0x2c
#13339 0 8000006e     d422 m f0040f78   f0040fb0  c.swsp   x8, 0x28
#13340 0 80000070     d226 m f0040f74   00000008  c.swsp   x9, 0x24
#13341 0 80000072     1800 r 08         f0040f80  c.addi4spn  x8, 0xc
#13342 0 80000074 fca42e23 m f0040f5c   f0040fec  sw       x10, -0x24(x8)
#13343 0 80000078 fcb42c23 m f0040f58   00000001  sw       x11, -0x28(x8)
#13344 0 8000007c fd842783 r 0f         00000001  lw       x15, -0x28(x8)
#13345 0 80000080 00f04463 r 00         00000000  blt      x0, x15, . + 0x8
#13346 0 80000088 800007b7 r 0f         80000000  lui      x15, -0x80000
#13347 0 8000008c fef42623 m f0040f6c   80000000  sw       x15, -0x14(x8)
#13348 0 80000090 fe042423 m f0040f68   00000000  sw       x0, -0x18(x8)
#13349 0 80000094     a081 r 00         00000000  c.j      . + 0x40
#13350 0 800000d4 fe842703 r 0e         00000000  lw       x14, -0x18(x8)
#13351 0 800000d8 fd842783 r 0f         00000001  lw       x15, -0x28(x8)
#13352 0 800000dc faf74de3 r 00         00000000  blt      x14, x15, . - 0x46
#13353 0 80000096 fe842783 r 0f         00000000  lw       x15, -0x18(x8)
#13354 0 8000009a     078a r 0f         00000000  c.slli   x15, 2
#13355 0 8000009c fdc42703 r 0e         f0040fec  lw       x14, -0x24(x8)
#13356 0 800000a0     97ba r 0f         f0040fec  c.add    x15, x14
#13357 0 800000a2     4384 r 09         00000001  c.lw     x9, 0x0(x15)
#13358 0 800000a4 fd842703 r 0e         00000001  lw       x14, -0x28(x8)
#13359 0 800000a8 fe842783 r 0f         00000000  lw       x15, -0x18(x8)
#13360 0 800000ac 40f707b3 r 0f         00000001  sub      x15, x14, x15
#13361 0 800000b0     17fd r 0f         00000000  c.addi   x15, -0x1
#13362 0 800000b2     85be r 0b         00000000  c.mv     x11, x15
#13363 0 800000b4 fdc42503 r 0a         f0040fec  lw       x10, -0x24(x8)
#13364 0 800000b8     3f4d r 01         800000ba  c.jal    . - 0x4e
#13365 0 8000006a     7179 r 02         f0040f20  c.addi16sp -0x3
#13366 0 8000006c     d606 m f0040f4c   800000ba  c.swsp   x1, 0x2c
#13367 0 8000006e     d422 m f0040f48   f0040f80  c.swsp   x8, 0x28
#13368 0 80000070     d226 m f0040f44   00000001  c.swsp   x9, 0x24
#13369 0 80000072     1800 r 08         f0040f50  c.addi4spn  x8, 0xc
#13370 0 80000074 fca42e23 m f0040f2c   f0040fec  sw       x10, -0x24(x8)
#13371 0 80000078 fcb42c23 m f0040f28   00000000  sw       x11, -0x28(x8)
#13372 0 8000007c fd842783 r 0f         00000000  lw       x15, -0x28(x8)
#13373 0 80000080 00f04463 r 00         00000000  blt      x0, x15, . + 0x8
#13374 0 80000084     4781 r 0f         00000000  c.li     x15, 0x0
#13375 0 80000086     a8b9 r 00         00000000  c.j      . + 0x5e
#13376 0 800000e4     853e r 0a         00000000  c.mv     x10, x15
#13377 0 800000e6     50b2 r 01         800000ba  c.lwsp   x1, 0x2c
#13378 0 800000e8     5422 r 08         f0040f80  c.lwsp   x8, 0x28
#13379 0 800000ea     5492 r 09         00000001  c.lwsp   x9, 0x24
#13380 0 800000ec     6145 r 02         f0040f50  c.addi16sp 0x3
#13381 0 800000ee     8082 r 00         00000000  c.jr     x1
#13382 0 800000ba     87aa r 0f         00000000  c.mv     x15, x10
#13383 0 800000bc     97a6 r 0f         00000001  c.add    x15, x9
#13384 0 800000be     85be r 0b         00000001  c.mv     x11, x15
#13385 0 800000c0 fec42503 r 0a         80000000  lw       x10, -0x14(x8)
#13386 0 800000c4     3749 r 01         800000c6  c.jal    . - 0x7e
#13387 0 80000046     1101 r 02         f0040f30  c.addi   x2, -0x20
#13388 0 80000048     ce22 m f0040f4c   f0040f80  c.swsp   x8, 0x1c
#13389 0 8000004a     1000 r 08         f0040f50  c.addi4spn  x8, 0x8
#13390 0 8000004c fea42623 m f0040f3c   80000000  sw       x10, -0x14(x8)
#13391 0 80000050 feb42423 m f0040f38   00000001  sw       x11, -0x18(x8)
#13392 0 80000054 fec42703 r 0e         80000000  lw       x14, -0x14(x8)
#13393 0 80000058 fe842783 r 0f         00000001  lw       x15, -0x18(x8)
#13394 0 8000005c 00e7d363 r 00         00000000  bge      x15, x14, . + 0x6
#13395 0 80000062     853e r 0a         00000001  c.mv     x10, x15
#13396 0 80000064     4472 r 08         f0040f80  c.lwsp   x8, 0x1c
#13397 0 80000066     6105 r 02         f0040f50  c.addi16sp 0x2
#13398 0 80000068     8082 r 00         00000000  c.jr     x1
#13399 0 800000c6 fea42623 m f0040f6c   00000001  sw       x10, -0x14(x8)
#13400 0 800000ca fe842783 r 0f         00000000  lw       x15, -0x18(x8)
#13401 0 800000ce     0785 r 0f         00000001  c.addi   x15, 0x1
#13402 0 800000d0 fef42423 m f0040f68   00000001  sw       x15, -0x18(x8)
#13403 0 800000d4 fe842703 r 0e         00000001  lw       x14, -0x18(x8)
#13404 0 800000d8 fd842783 r 0f         00000001  lw       x15, -0x28(x8)
#13405 0 800000dc faf74de3 r 00         00000000  blt      x14, x15, . - 0x46
#13406 0 800000e0 fec42783 r 0f         00000001  lw       x15, -0x14(x8)
#13407 0 800000e4     853e r 0a         00000001  c.mv     x10, x15
#13408 0 800000e6     50b2 r 01         800000ba  c.lwsp   x1, 0x2c
#13409 0 800000e8     5422 r 08         f0040fb0  c.lwsp   x8, 0x28
#13410 0 800000ea     5492 r 09         00000008  c.lwsp   x9, 0x24
#13411 0 800000ec     6145 r 02         f0040f80  c.addi16sp 0x3
#13412 0 800000ee     8082 r 00         00000000  c.jr     x1
#13413 0 800000ba     87aa r 0f         00000001  c.mv     x15, x10
#13414 0 800000bc     97a6 r 0f         00000009  c.add    x15, x9
#13415 0 800000be     85be r 0b         00000009  c.mv     x11, x15
#13416 0 800000c0 fec42503 r 0a         0000000a  lw       x10, -0x14(x8)
#13417 0 800000c4     3749 r 01         800000c6  c.jal    . - 0x7e
#13418 0 80000046     1101 r 02         f0040f60  c.addi   x2, -0x20
#13419 0 80000048     ce22 m f0040f7c   f0040fb0  c.swsp   x8, 0x1c
#13420 0 8000004a     1000 r 08         f0040f80  c.addi4spn  x8, 0x8
#13421 0 8000004c fea42623 m f0040f6c   0000000a  sw       x10, -0x14(x8)
#13422 0 80000050 feb42423 m f0040f68   00000009  sw       x11, -0x18(x8)
#13423 0 80000054 fec42703 r 0e         0000000a  lw       x14, -0x14(x8)
#13424 0 80000058 fe842783 r 0f         00000009  lw       x15, -0x18(x8)
#13425 0 8000005c 00e7d363 r 00         00000000  bge      x15, x14, . + 0x6
#13426 0 80000060     87ba r 0f         0000000a  c.mv     x15, x14
#13427 0 80000062     853e r 0a         0000000a  c.mv     x10, x15
#13428 0 80000064     4472 r 08         f0040fb0  c.lwsp   x8, 0x1c
#13429 0 80000066     6105 r 02         f0040f80  c.addi16sp 0x2
#13430 0 80000068     8082 r 00         00000000  c.jr     x1
#13431 0 800000c6 fea42623 m f0040f9c   0000000a  sw       x10, -0x14(x8)
#13432 0 800000ca fe842783 r 0f         00000002  lw       x15, -0x18(x8)
#13433 0 800000ce     0785 r 0f         00000003  c.addi   x15, 0x1
#13434 0 800000d0 fef42423 m f0040f98   00000003  sw       x15, -0x18(x8)
#13435 0 800000d4 fe842703 r 0e         00000003  lw       x14, -0x18(x8)
#13436 0 800000d8 fd842783 r 0f         00000004  lw       x15, -0x28(x8)
#13437 0 800000dc faf74de3 r 00         00000000  blt      x14, x15, . - 0x46
#13438 0 80000096 fe842783 r 0f         00000003  lw       x15, -0x18(x8)
#13439 0 8000009a     078a r 0f         0000000c  c.slli   x15, 2
#13440 0 8000009c fdc42703 r 0e         f0040fec  lw       x14, -0x24(x8)
#13441 0 800000a0     97ba r 0f         f0040ff8  c.add    x15, x14
#13442 0 800000a2     4384 r 09         00000009  c.lw     x9, 0x0(x15)
#13443 0 800000a4 fd842703 r 0e         00000004  lw       x14, -0x28(x8)
#13444 0 800000a8 fe842783 r 0f         00000003  lw       x15, -0x18(x8)
#13445 0 800000ac 40f707b3 r 0f         00000001  sub      x15, x14, x15
#13446 0 800000b0     17fd r 0f         00000000  c.addi   x15, -0x1
#13447 0 800000b2     85be r 0b         00000000  c.mv     x11, x15
#13448 0 800000b4 fdc42503 r 0a         f0040fec  lw       x10, -0x24(x8)
#13449 0 800000b8     3f4d r 01         800000ba  c.jal    . - 0x4e
#13450 0 8000006a     7179 r 02         f0040f50  c.addi16sp -0x3
#13451 0 8000006c     d606 m f0040f7c   800000ba  c.swsp   x1, 0x2c
#13452 0 8000006e     d422 m f0040f78   f0040fb0  c.swsp   x8, 0x28
#13453 0 80000070     d226 m f0040f74   00000009  c.swsp   x9, 0x24
#13454 0 80000072     1800 r 08         f0040f80  c.addi4spn  x8, 0xc
#13455 0 80000074 fca42e23 m f0040f5c   f0040fec  sw       x10, -0x24(x8)
#13456 0 80000078 fcb42c23 m f0040f58   00000000  sw       x11, -0x28(x8)
#13457 0 8000007c fd842783 r 0f         00000000  lw       x15, -0x28(x8)
#13458 0 80000080 00f04463 r 00         00000000  blt      x0, x15, . + 0x8
#13459 0 80000084     4781 r 0f         00000000  c.li     x15, 0x0
#13460 0 80000086     a8b9 r 00         00000000  c.j      . + 0x5e
#13461 0 800000e4     853e r 0a         00000000  c.mv     x10, x15
#13462 0 800000e6     50b2 r 01         800000ba  c.lwsp   x1, 0x2c
#13463 0 800000e8     5422 r 08         f0040fb0  c.lwsp   x8, 0x28
#13464 0 800000ea     5492 r 09         00000009  c.lwsp   x9, 0x24
#13465 0 800000ec     6145 r 02         f0040f80  c.addi16sp 0x3
#13466 0 800000ee     8082 r 00         00000000  c.jr     x1
#13467 0 800000ba     87aa r 0f         00000000  c.mv     x15, x10
#13468 0 800000bc     97a6 r 0f         00000009  c.add    x15, x9
#13469 0 800000be     85be r 0b         00000009  c.mv     x11, x15
#13470 0 800000c0 fec42503 r 0a         0000000a  lw       x10, -0x14(x8)
#13471 0 800000c4     3749 r 01         800000c6  c.jal    . - 0x7e
#13472 0 80000046     1101 r 02         f0040f60  c.addi   x2, -0x20
#13473 0 80000048     ce22 m f0040f7c   f0040fb0  c.swsp   x8, 0x1c
#13474 0 8000004a     1000 r 08         f0040f80  c.addi4spn  x8, 0x8
#13475 0 8000004c fea42623 m f0040f6c   0000000a  sw       x10, -0x14(x8)
#13476 0 80000050 feb42423 m f0040f68   00000009  sw       x11, -0x18(x8)
#13477 0 80000054 fec42703 r 0e         0000000a  lw       x14, -0x14(x8)
#13478 0 80000058 fe842783 r 0f         00000009  lw       x15, -0x18(x8)
#13479 0 8000005c 00e7d363 r 00         00000000  bge      x15, x14, . + 0x6
#13480 0 80000060     87ba r 0f         0000000a  c.mv     x15, x14
#13481 0 80000062     853e r 0a         0000000a  c.mv     x10, x15
#13482 0 80000064     4472 r 08         f0040fb0  c.lwsp   x8, 0x1c
#13483 0 80000066     6105 r 02         f0040f80  c.addi16sp 0x2
#13484 0 80000068     8082 r 00         00000000  c.jr     x1
#13485 0 800000c6 fea42623 m f0040f9c   0000000a  sw       x10, -0x14(x8)
#13486 0 800000ca fe842783 r 0f         00000003  lw       x15, -0x18(x8)
#13487 0 800000ce     0785 r 0f         00000004  c.addi   x15, 0x1
#13488 0 800000d0 fef42423 m f0040f98   00000004  sw       x15, -0x18(x8)
#13489 0 800000d4 fe842703 r 0e         00000004  lw       x14, -0x18(x8)
#13490 0 800000d8 fd842783 r 0f         00000004  lw       x15, -0x28(x8)
#13491 0 800000dc faf74de3 r 00         00000000  blt      x14, x15, . - 0x46
#13492 0 800000e0 fec42783 r 0f         0000000a  lw       x15, -0x14(x8)
#13493 0 800000e4     853e r 0a         0000000a  c.mv     x10, x15
#13494 0 800000e6     50b2 r 01         800000ba  c.lwsp   x1, 0x2c
#13495 0 800000e8     5422 r 08         f0040fe0  c.lwsp   x8, 0x28
#13496 0 800000ea     5492 r 09         00000009  c.lwsp   x9, 0x24
#13497 0 800000ec     6145 r 02         f0040fb0  c.addi16sp 0x3
#13498 0 800000ee     8082 r 00         00000000  c.jr     x1
#13499 0 800000ba     87aa r 0f         0000000a  c.mv     x15, x10
#13500 0 800000bc     97a6 r 0f         00000013  c.add    x15, x9
#13501 0 800000be     85be r 0b         00000013  c.mv     x11, x15
#13502 0 800000c0 fec42503 r 0a         00000016  lw       x10, -0x14(x8)
#13503 0 800000c4     3749 r 01         800000c6  c.jal    . - 0x7e
#13504 0 80000046     1101 r 02         f0040f90  c.addi   x2, -0x20
#13505 0 80000048     ce22 m f0040fac   f0040fe0  c.swsp   x8, 0x1c
#13506 0 8000004a     1000 r 08         f0040fb0  c.addi4spn  x8, 0x8
#13507 0 8000004c fea42623 m f0040f9c   00000016  sw       x10, -0x14(x8)
#13508 0 80000050 feb42423 m f0040f98   00000013  sw       x11, -0x18(x8)
#13509 0 80000054 fec42703 r 0e         00000016  lw       x14, -0x14(x8)
#13510 0 80000058 fe842783 r 0f         00000013  lw       x15, -0x18(x8)
#13511 0 8000005c 00e7d363 r 00         00000000  bge      x15, x14, . + 0x6
#13512 0 80000060     87ba r 0f         00000016  c.mv     x15, x14
#13513 0 80000062     853e r 0a         00000016  c.mv     x10, x15
#13514 0 80000064     4472 r 08         f0040fe0  c.lwsp   x8, 0x1c
#13515 0 80000066     6105 r 02         f0040fb0  c.addi16sp 0x2
#13516 0 80000068     8082 r 00         00000000  c.jr     x1
#13517 0 800000c6 fea42623 m f0040fcc   00000016  sw       x10, -0x14(x8)
#13518 0 800000ca fe842783 r 0f         00000003  lw       x15, -0x18(x8)
#13519 0 800000ce     0785 r 0f         00000004  c.addi   x15, 0x1
#13520 0 800000d0 fef42423 m f0040fc8   00000004  sw       x15, -0x18(x8)
#13521 0 800000d4 fe842703 r 0e         00000004  lw       x14, -0x18(x8)
#13522 0 800000d8 fd842783 r 0f         00000008  lw       x15, -0x28(x8)
#13523 0 800000dc faf74de3 r 00         00000000  blt      x14, x15, . - 0x46
#13524 0 80000096 fe842783 r 0f         00000004  lw       x15, -0x18(x8)
#13525 0 8000009a     078a r 0f         00000010  c.slli   x15, 2
#13526 0 8000009c fdc42703 r 0e         f0040fec  lw       x14, -0x24(x8)
#13527 0 800000a0     97ba r 0f         f0040ffc  c.add    x15, x14
#13528 0 800000a2     4384 r 09         0000000a  c.lw     x9, 0x0(x15)
#13529 0 800000a4 fd842703 r 0e         00000008  lw       x14, -0x28(x8)
#13530 0 800000a8 fe842783 r 0f         00000004  lw       x15, -0x18(x8)
#13531 0 800000ac 40f707b3 r 0f         00000004  sub      x15, x14, x15
#13532 0 800000b0     17fd r 0f         00000003  c.addi   x15, -0x1
#13533 0 800000b2     85be r 0b         00000003  c.mv     x11, x15
#13534 0 800000b4 fdc42503 r 0a         f0040fec  lw       x10, -0x24(x8)
#13535 0 800000b8     3f4d r 01         800000ba  c.jal    . - 0x4e
#13536 0 8000006a     7179 r 02         f0040f80  c.addi16sp -0x3
#13537 0 8000006c     d606 m f0040fac   800000ba  c.swsp   x1, 0x2c
#13538 0 8000006e     d422 m f0040fa8   f0040fe0  c.swsp   x8, 0x28
#13539 0 80000070     d226 m f0040fa4   0000000a  c.swsp   x9, 0x24
#13540 0 80000072     1800 r 08         f0040fb0  c.addi4spn  x8, 0xc
#13541 0 80000074 fca42e23 m f0040f8c   f0040fec  sw       x10, -0x24(x8)
#13542 0 80000078 fcb42c23 m f0040f88   00000003  sw       x11, -0x28(x8)
#13543 0 8000007c fd842783 r 0f         00000003  lw       x15, -0x28(x8)
#13544 0 80000080 00f04463 r 00         00000000  blt      x0, x15, . + 0x8
#13545 0 80000088 800007b7 r 0f         80000000  lui      x15, -0x80000
#13546 0 8000008c fef42623 m f0040f9c   80000000  sw       x15, -0x14(x8)
#13547 0 80000090 fe042423 m f0040f98   00000000  sw       x0, -0x18(x8)
#13548 0 80000094     a081 r 00         00000000  c.j      . + 0x40
#13549 0 800000d4 fe842703 r 0e         00000000  lw       x14, -0x18(x8)
#13550 0 800000d8 fd842783 r 0f         00000003  lw       x15, -0x28(x8)
#13551 0 800000dc faf74de3 r 00         00000000  blt      x14, x15, . - 0x46
#13552 0 80000096 fe842783 r 0f         00000000  lw       x15, -0x18(x8)
#13553 0 8000009a     078a r 0f         00000000  c.slli   x15, 2
#13554 0 8000009c fdc42703 r 0e         f0040fec  lw       x14, -0x24(x8)
#13555 0 800000a0     97ba r 0f         f0040fec  c.add    x15, x14
#13556 0 800000a2     4384 r 09         00000001  c.lw     x9, 0x0(x15)
#13557 0 800000a4 fd842703 r 0e         00000003  lw       x14, -0x28(x8)
#13558 0 800000a8 fe842783 r 0f         00000000  lw       x15, -0x18(x8)
#13559 0 800000ac 40f707b3 r 0f         00000003  sub      x15, x14, x15
#13560 0 800000b0     17fd r 0f         00000002  c.addi   x15, -0x1
#13561 0 800000b2     85be r 0b         00000002  c.mv     x11, x15
#13562 0 800000b4 fdc42503 r 0a         f0040fec  lw       x10, -0x24(x8)
#13563 0 800000b8     3f4d r 01         800000ba  c.jal    . - 0x4e
#13564 0 8000006a     7179 r 02         f0040f50  c.addi16sp -0x3
#13565 0 8000006c     d606 m f0040f7c   800000ba  c.swsp   x1, 0x2c
#13566 0 8000006e     d422 m f0040f78   f0040fb0  c.swsp   x8, 0x28
#13567 0 80000070     d226 m f0040f74   00000001  c.swsp   x9, 0x24
#13568 0 80000072     1800 r 08         f0040f80  c.addi4spn  x8, 0xc
#13569 0 80000074 fca42e23 m f0040f5c   f0040fec  sw       x10, -0x24(x8)
#13570 0 80000078 fcb42c23 m f0040f58   00000002  sw       x11, -0x28(x8)
#13571 0 8000007c fd842783 r 0f         00000002  lw       x15, -0x28(x8)
#13572 0 80000080 00f04463 r 00         00000000  blt      x0, x15, . + 0x8
#13573 0 80000088 800007b7 r 0f         80000000  lui      x15, -0x80000
#13574 0 8000008c fef42623 m f0040f6c   80000000  sw       x15, -0x14(x8)
#13575 0 80000090 fe042423 m f0040f68   00000000  sw       x0, -0x18(x8)
#13576 0 80000094     a081 r 00         00000000  c.j      . + 0x40
#13577 0 800000d4 fe842703 r 0e         00000000  lw       x14, -0x18(x8)
#13578 0 800000d8 fd842783 r 0f         00000002  lw       x15, -0x28(x8)
#13579 0 800000dc faf74de3 r 00         00000000  blt      x14, x15, . - 0x46
#13580 0 80000096 fe842783 r 0f         00000000  lw       x15, -0x18(x8)
#13581 0 8000009a     078a r 0f         00000000  c.slli   x15, 2
#13582 0 8000009c fdc42703 r 0e         f0040fec  lw       x14, -0x24(x8)
#13583 0 800000a0     97ba r 0f         f0040fec  c.add    x15, x14
#13584 0 800000a2     4384 r 09         00000001  c.lw     x9, 0x0(x15)
#13585 0 800000a4 fd842703 r 0e         00000002  lw       x14, -0x28(x8)
#13586 0 800000a8 fe842783 r 0f         00000000  lw       x15, -0x18(x8)
#13587 0 800000ac 40f707b3 r 0f         00000002  sub      x15, x14, x15
#13588 0 800000b0     17fd r 0f         00000001  c.addi   x15, -0x1
#13589 0 800000b2     85be r 0b         00000001  c.mv     x11, x15
#13590 0 800000b4 fdc42503 r 0a         f0040fec  lw       x10, -0x24(x8)
#13591 0 800000b8     3f4d r 01         800000ba  c.jal    . - 0x4e
#13592 0 8000006a     7179 r 02         f0040f20  c.addi16sp -0x3
#13593 0 8000006c     d606 m f0040f4c   800000ba  c.swsp   x1, 0x2c
#13594 0 8000006e     d422 m f0040f48   f0040f80  c.swsp   x8, 0x28
#13595 0 80000070     d226 m f0040f44   00000001  c.swsp   x9, 0x24
#13596 0 80000072     1800 r 08         f0040f50  c.addi4spn  x8, 0xc
#13597 0 80000074 fca42e23 m f0040f2c   f0040fec  sw       x10, -0x24(x8)
#13598 0 80000078 fcb42c23 m f0040f28   00000001  sw       x11, -0x28(x8)
#13599 0 8000007c fd842783 r 0f         00000001  lw       x15, -0x28(x8)
#13600 0 80000080 00f04463 r 00         00000000  blt      x0, x15, . + 0x8
#13601 0 80000088 800007b7 r 0f         80000000  lui      x15, -0x80000
#13602 0 8000008c fef42623 m f0040f3c   80000000  sw       x15, -0x14(x8)
#13603 0 80000090 fe042423 m f0040f38   00000000  sw       x0, -0x18(x8)
#13604 0 80000094     a081 r 00         00000000  c.j      . + 0x40
#13605 0 800000d4 fe842703 r 0e         00000000  lw       x14, -0x18(x8)
#13606 0 800000d8 fd842783 r 0f         00000001  lw       x15, -0x28(x8)
#13607 0 800000dc faf74de3 r 00         00000000  blt      x14, x15, . - 0x46
#13608 0 80000096 fe842783 r 0f         00000000  lw       x15, -0x18(x8)
#13609 0 8000009a     078a r 0f         00000000  c.slli   x15, 2
#13610 0 8000009c fdc42703 r 0e         f0040fec  lw       x14, -0x24(x8)
#13611 0 800000a0     97ba r 0f         f0040fec  c.add    x15, x14
#13612 0 800000a2     4384 r 09         00000001  c.lw     x9, 0x0(x15)
#13613 0 800000a4 fd842703 r 0e         00000001  lw       x14, -0x28(x8)
#13614 0 800000a8 fe842783 r 0f         00000000  lw       x15, -0x18(x8)
#13615 0 800000ac 40f707b3 r 0f         00000001  sub      x15, x14, x15
#13616 0 800000b0     17fd r 0f         00000000  c.addi   x15, -0x1
#13617 0 800000b2     85be r 0b         00000000  c.mv     x11, x15
#13618 0 800000b4 fdc42503 r 0a         f0040fec  lw       x10, -0x24(x8)
#13619 0 800000b8     3f4d r 01         800000ba  c.jal    . - 0x4e
#13620 0 8000006a     7179 r 02         f0040ef0  c.addi16sp -0x3
#13621 0 8000006c     d606 m f0040f1c   800000ba  c.swsp   x1, 0x2c
#13622 0 8000006e     d422 m f0040f18   f0040f50  c.swsp   x8, 0x28
#13623 0 80000070     d226 m f0040f14   00000001  c.swsp   x9, 0x24
#13624 0 80000072     1800 r 08         f0040f20  c.addi4spn  x8, 0xc
#13625 0 80000074 fca42e23 m f0040efc   f0040fec  sw       x10, -0x24(x8)
#13626 0 80000078 fcb42c23 m f0040ef8   00000000  sw       x11, -0x28(x8)
#13627 0 8000007c fd842783 r 0f         00000000  lw       x15, -0x28(x8)
#13628 0 80000080 00f04463 r 00         00000000  blt      x0, x15, . + 0x8
#13629 0 80000084     4781 r 0f         00000000  c.li     x15, 0x0
#13630 0 80000086     a8b9 r 00         00000000  c.j      . + 0x5e
#13631 0 800000e4     853e r 0a         00000000  c.mv     x10, x15
#13632 0 800000e6     50b2 r 01         800000ba  c.lwsp   x1, 0x2c
#13633 0 800000e8     5422 r 08         f0040f50  c.lwsp   x8, 0x28
#13634 0 800000ea     5492 r 09         00000001  c.lwsp   x9, 0x24
#13635 0 800000ec     6145 r 02         f0040f20  c.addi16sp 0x3
#13636 0 800000ee     8082 r 00         00000000  c.jr     x1
#13637 0 800000ba     87aa r 0f         00000000  c.mv     x15, x10
#13638 0 800000bc     97a6 r 0f         00000001  c.add    x15, x9
#13639 0 800000be     85be r 0b         00000001  c.mv     x11, x15
#13640 0 800000c0 fec42503 r 0a         80000000  lw       x10, -0x14(x8)
#13641 0 800000c4     3749 r 01         800000c6  c.jal    . - 0x7e
#13642 0 80000046     1101 r 02         f0040f00  c.addi   x2, -0x20
#13643 0 80000048     ce22 m f0040f1c   f0040f50  c.swsp   x8, 0x1c
#13644 0 8000004a     1000 r 08         f0040f20  c.addi4spn  x8, 0x8
#13645 0 8000004c fea42623 m f0040f0c   80000000  sw       x10, -0x14(x8)
#13646 0 80000050 feb42423 m f0040f08   00000001  sw       x11, -0x18(x8)
#13647 0 80000054 fec42703 r 0e         80000000  lw       x14, -0x14(x8)
#13648 0 80000058 fe842783 r 0f         00000001  lw       x15, -0x18(x8)
#13649 0 8000005c 00e7d363 r 00         00000000  bge      x15, x14, . + 0x6
#13650 0 80000062     853e r 0a         00000001  c.mv     x10, x15
#13651 0 80000064     4472 r 08         f0040f50  c.lwsp   x8, 0x1c
#13652 0 80000066     6105 r 02         f0040f20  c.addi16sp 0x2
#13653 0 80000068     8082 r 00         00000000  c.jr     x1
#13654 0 800000c6 fea42623 m f0040f3c   00000001  sw       x10, -0x14(x8)
#13655 0 800000ca fe842783 r 0f         00000000  lw       x15, -0x18(x8)
#13656 0 800000ce     0785 r 0f         00000001  c.addi   x15, 0x1
#13657 0 800000d0 fef42423 m f0040f38   00000001  sw       x15, -0x18(x8)
#13658 0 800000d4 fe842703 r 0e         00000001  lw       x14, -0x18(x8)
#13659 0 800000d8 fd842783 r 0f         00000001  lw       x15, -0x28(x8)
#13660 0 800000dc faf74de3 r 00         00000000  blt      x14, x15, . - 0x46
#13661 0 800000e0 fec42783 r 0f         00000001  lw       x15, -0x14(x8)
#13662 0 800000e4     853e r 0a         00000001  c.mv     x10, x15
#13663 0 800000e6     50b2 r 01         800000ba  c.lwsp   x1, 0x2c
#13664 0 800000e8     5422 r 08         f0040f80  c.lwsp   x8, 0x28
#13665 0 800000ea     5492 r 09         00000001  c.lwsp   x9, 0x24
#13666 0 800000ec     6145 r 02         f0040f50  c.addi16sp 0x3
#13667 0 800000ee     8082 r 00         00000000  c.jr     x1
#13668 0 800000ba     87aa r 0f         00000001  c.mv     x15, x10
#13669 0 800000bc     97a6 r 0f         00000002  c.add    x15, x9
#13670 0 800000be     85be r 0b         00000002  c.mv     x11, x15
#13671 0 800000c0 fec42503 r 0a         80000000  lw       x10, -0x14(x8)
#13672 0 800000c4     3749 r 01         800000c6  c.jal    . - 0x7e
#13673 0 80000046     1101 r 02         f0040f30  c.addi   x2, -0x20
#13674 0 80000048     ce22 m f0040f4c   f0040f80  c.swsp   x8, 0x1c
#13675 0 8000004a     1000 r 08         f0040f50  c.addi4spn  x8, 0x8
#13676 0 8000004c fea42623 m f0040f3c   80000000  sw       x10, -0x14(x8)
#13677 0 80000050 feb42423 m f0040f38   00000002  sw       x11, -0x18(x8)
#13678 0 80000054 fec42703 r 0e         80000000  lw       x14, -0x14(x8)
#13679 0 80000058 fe842783 r 0f         00000002  lw       x15, -0x18(x8)
#13680 0 8000005c 00e7d363 r 00         00000000  bge      x15, x14, . + 0x6
#13681 0 80000062     853e r 0a         00000002  c.mv     x10, x15
#13682 0 80000064     4472 r 08         f0040f80  c.lwsp   x8, 0x1c
#13683 0 80000066     6105 r 02         f0040f50  c.addi16sp 0x2
#13684 0 80000068     8082 r 00         00000000  c.jr     x1
#13685 0 800000c6 fea42623 m f0040f6c   00000002  sw       x10, -0x14(x8)
#13686 0 800000ca fe842783 r 0f         00000000  lw       x15, -0x18(x8)
#13687 0 800000ce     0785 r 0f         00000001  c.addi   x15, 0x1
#13688 0 800000d0 fef42423 m f0040f68   00000001  sw       x15, -0x18(x8)
#13689 0 800000d4 fe842703 r 0e         00000001  lw       x14, -0x18(x8)
#13690 0 800000d8 fd842783 r 0f         00000002  lw       x15, -0x28(x8)
#13691 0 800000dc faf74de3 r 00         00000000  blt      x14, x15, . - 0x46
#13692 0 80000096 fe842783 r 0f         00000001  lw       x15, -0x18(x8)
#13693 0 8000009a     078a r 0f         00000004  c.slli   x15, 2
#13694 0 8000009c fdc42703 r 0e         f0040fec  lw       x14, -0x24(x8)
#13695 0 800000a0     97ba r 0f         f0040ff0  c.add    x15, x14
#13696 0 800000a2     4384 r 09         00000005  c.lw     x9, 0x0(x15)
#13697 0 800000a4 fd842703 r 0e         00000002  lw       x14, -0x28(x8)
#13698 0 800000a8 fe842783 r 0f         00000001  lw       x15, -0x18(x8)
#13699 0 800000ac 40f707b3 r 0f         00000001  sub      x15, x14, x15
#13700 0 800000b0     17fd r 0f         00000000  c.addi   x15, -0x1
#13701 0 800000b2     85be r 0b         00000000  c.mv     x11, x15
#13702 0 800000b4 fdc42503 r 0a         f0040fec  lw       x10, -0x24(x8)
#13703 0 800000b8     3f4d r 01         800000ba  c.jal    . - 0x4e
#13704 0 8000006a     7179 r 02         f0040f20  c.addi16sp -0x3
#13705 0 8000006c     d606 m f0040f4c   800000ba  c.swsp   x1, 0x2c
#13706 0 8000006e     d422 m f0040f48   f0040f80  c.swsp   x8, 0x28
#13707 0 80000070     d226 m f0040f44   00000005  c.swsp   x9, 0x24
#13708 0 80000072     1800 r 08         f0040f50  c.addi4spn  x8, 0xc
#13709 0 80000074 fca42e23 m f0040f2c   f0040fec  sw       x10, -0x24(x8)
#13710 0 80000078 fcb42c23 m f0040f28   00000000  sw       x11, -0x28(x8)
#13711 0 8000007c fd842783 r 0f         00000000  lw       x15, -0x28(x8)
#13712 0 80000080 00f04463 r 00         00000000  blt      x0, x15, . + 0x8
#13713 0 80000084     4781 r 0f         00000000  c.li     x15, 0x0
#13714 0 80000086     a8b9 r 00         00000000  c.j      . + 0x5e
#13715 0 800000e4     853e r 0a         00000000  c.mv     x10, x15
#13716 0 800000e6     50b2 r 01         800000ba  c.lwsp   x1, 0x2c
#13717 0 800000e8     5422 r 08         f0040f80  c.lwsp   x8, 0x28
#13718 0 800000ea     5492 r 09         00000005  c.lwsp   x9, 0x24
#13719 0 800000ec     6145 r 02         f0040f50  c.addi16sp 0x3
#13720 0 800000ee     8082 r 00         00000000  c.jr     x1
#13721 0 800000ba     87aa r 0f         00000000  c.mv     x15, x10
#13722 0 800000bc     97a6 r 0f         00000005  c.add    x15, x9
#13723 0 800000be     85be r 0b         00000005  c.mv     x11, x15
#13724 0 800000c0 fec42503 r 0a         00000002  lw       x10, -0x14(x8)
#13725 0 800000c4     3749 r 01         800000c6  c.jal    . - 0x7e
#13726 0 80000046     1101 r 02         f0040f30  c.addi   x2, -0x20
#13727 0 80000048     ce22 m f0040f4c   f0040f80  c.swsp   x8, 0x1c
#13728 0 8000004a     1000 r 08         f0040f50  c.addi4spn  x8, 0x8
#13729 0 8000004c fea42623 m f0040f3c   00000002  sw       x10, -0x14(x8)
#13730 0 80000050 feb42423 m f0040f38   00000005  sw       x11, -0x18(x8)
#13731 0 80000054 fec42703 r 0e         00000002  lw       x14, -0x14(x8)
#13732 0 80000058 fe842783 r 0f         00000005  lw       x15, -0x18(x8)
#13733 0 8000005c 00e7d363 r 00         00000000  bge      x15, x14, . + 0x6
#13734 0 80000062     853e r 0a         00000005  c.mv     x10, x15
#13735 0 80000064     4472 r 08         f0040f80  c.lwsp   x8, 0x1c
#13736 0 80000066     6105 r 02         f0040f50  c.addi16sp 0x2
#13737 0 80000068     8082 r 00         00000000  c.jr     x1
#13738 0 800000c6 fea42623 m f0040f6c   00000005  sw       x10, -0x14(x8)
#13739 0 800000ca fe842783 r 0f         00000001  lw       x15, -0x18(x8)
#13740 0 800000ce     0785 r 0f         00000002  c.addi   x15, 0x1
#13741 0 800000d0 fef42423 m f0040f68   00000002  sw       x15, -0x18(x8)
#13742 0 800000d4 fe842703 r 0e         00000002  lw       x14, -0x18(x8)
#13743 0 800000d8 fd842783 r 0f         00000002  lw       x15, -0x28(x8)
#13744 0 800000dc faf74de3 r 00         00000000  blt      x14, x15, . - 0x46
#13745 0 800000e0 fec42783 r 0f         00000005  lw       x15, -0x14(x8)
#13746 0 800000e4     853e r 0a         00000005  c.mv     x10, x15
#13747 0 800000e6     50b2 r 01         800000ba  c.lwsp   x1, 0x2c
#13748 0 800000e8     5422 r 08         f0040fb0  c.lwsp   x8, 0x28
#13749 0 800000ea     5492 r 09         00000001  c.lwsp   x9, 0x24
#13750 0 800000ec     6145 r 02         f0040f80  c.addi16sp 0x3
#13751 0 800000ee     8082 r 00         00000000  c.jr     x1
#13752 0 800000ba     87aa r 0f         00000005  c.mv     x15, x10
#13753 0 800000bc     97a6 r 0f         00000006  c.add    x15, x9
#13754 0 800000be     85be r 0b         00000006  c.mv     x11, x15
#13755 0 800000c0 fec42503 r 0a         80000000  lw       x10, -0x14(x8)
#13756 0 800000c4     3749 r 01         800000c6  c.jal    . - 0x7e
#13757 0 80000046     1101 r 02         f0040f60  c.addi   x2, -0x20
#13758 0 80000048     ce22 m f0040f7c   f0040fb0  c.swsp   x8, 0x1c
#13759 0 8000004a     1000 r 08         f0040f80  c.addi4spn  x8, 0x8
#13760 0 8000004c fea42623 m f0040f6c   80000000  sw       x10, -0x14(x8)
#13761 0 80000050 feb42423 m f0040f68   00000006  sw       x11, -0x18(x8)
#13762 0 80000054 fec42703 r 0e         80000000  lw       x14, -0x14(x8)
#13763 0 80000058 fe842783 r 0f         00000006  lw       x15, -0x18(x8)
#13764 0 8000005c 00e7d363 r 00         00000000  bge      x15, x14, . + 0x6
#13765 0 80000062     853e r 0a         00000006  c.mv     x10, x15
#13766 0 80000064     4472 r 08         f0040fb0  c.lwsp   x8, 0x1c
#13767 0 80000066     6105 r 02         f0040f80  c.addi16sp 0x2
#13768 0 80000068     8082 r 00         00000000  c.jr     x1
#13769 0 800000c6 fea42623 m f0040f9c   00000006  sw       x10, -0x14(x8)
#13770 0 800000ca fe842783 r 0f         00000000  lw       x15, -0x18(x8)
#13771 0 800000ce     0785 r 0f         00000001  c.addi   x15, 0x1
#13772 0 800000d0 fef42423 m f0040f98   00000001  sw       x15, -0x18(x8)
#13773 0 800000d4 fe842703 r 0e         00000001  lw       x14, -0x18(x8)
#13774 0 800000d8 fd842783 r 0f         00000003  lw       x15, -0x28(x8)
#13775 0 800000dc faf74de3 r 00         00000000  blt      x14, x15, . - 0x46
#13776 0 80000096 fe842783 r 0f         00000001  lw       x15, -0x18(x8)
#13777 0 8000009a     078a r 0f         00000004  c.slli   x15, 2
#13778 0 8000009c fdc42703 r 0e         f0040fec  lw       x14, -0x24(x8)
#13779 0 800000a0     97ba r 0f         f0040ff0  c.add    x15, x14
#13780 0 800000a2     4384 r 09         00000005  c.lw     x9, 0x0(x15)
#13781 0 800000a4 fd842703 r 0e         00000003  lw       x14, -0x28(x8)
#13782 0 800000a8 fe842783 r 0f         00000001  lw       x15, -0x18(x8)
#13783 0 800000ac 40f707b3 r 0f         00000002  sub      x15, x14, x15
#13784 0 800000b0     17fd r 0f         00000001  c.addi   x15, -0x1
#13785 0 800000b2     85be r 0b         00000001  c.mv     x11, x15
#13786 0 800000b4 fdc42503 r 0a         f0040fec  lw       x10, -0x24(x8)
#13787 0 800000b8     3f4d r 01         800000ba  c.jal    . - 0x4e
#13788 0 8000006a     7179 r 02         f0040f50  c.addi16sp -0x3
#13789 0 8000006c     d606 m f0040f7c   800000ba  c.swsp   x1, 0x2c
#13790 0 8000006e     d422 m f0040f78   f0040fb0  c.swsp   x8, 0x28
#13791 0 80000070     d226 m f0040f74   00000005  c.swsp   x9, 0x24
#13792 0 80000072     1800 r 08         f0040f80  c.addi4spn  x8, 0xc
#13793 0 80000074 fca42e23 m f0040f5c   f0040fec  sw       x10, -0x24(x8)
#13794 0 80000078 fcb42c23 m f0040f58   00000001  sw       x11, -0x28(x8)
#13795 0 8000007c fd842783 r 0f         00000001  lw       x15, -0x28(x8)
#13796 0 80000080 00f04463 r 00         00000000  blt      x0, x15, . + 0x8
#13797 0 80000088 800007b7 r 0f         80000000  lui      x15, -0x80000
#13798 0 8000008c fef42623 m f0040f6c   80000000  sw       x15, -0x14(x8)
#13799 0 80000090 fe042423 m f0040f68   00000000  sw       x0, -0x18(x8)
#13800 0 80000094     a081 r 00         00000000  c.j      . + 0x40
#13801 0 800000d4 fe842703 r 0e         00000000  lw       x14, -0x18(x8)
#13802 0 800000d8 fd842783 r 0f         00000001  lw       x15, -0x28(x8)
#13803 0 800000dc faf74de3 r 00         00000000  blt      x14, x15, . - 0x46
#13804 0 80000096 fe842783 r 0f         00000000  lw       x15, -0x18(x8)
#13805 0 8000009a     078a r 0f         00000000  c.slli   x15, 2
#13806 0 8000009c fdc42703 r 0e         f0040fec  lw       x14, -0x24(x8)
#13807 0 800000a0     97ba r 0f         f0040fec  c.add    x15, x14
#13808 0 800000a2     4384 r 09         00000001  c.lw     x9, 0x0(x15)
#13809 0 800000a4 fd842703 r 0e         00000001  lw       x14, -0x28(x8)
#13810 0 800000a8 fe842783 r 0f         00000000  lw       x15, -0x18(x8)
#13811 0 800000ac 40f707b3 r 0f         00000001  sub      x15, x14, x15
#13812 0 800000b0     17fd r 0f         00000000  c.addi   x15, -0x1
#13813 0 800000b2     85be r 0b         00000000  c.mv     x11, x15
#13814 0 800000b4 fdc42503 r 0a         f0040fec  lw       x10, -0x24(x8)
#13815 0 800000b8     3f4d r 01         800000ba  c.jal    . - 0x4e
#13816 0 8000006a     7179 r 02         f0040f20  c.addi16sp -0x3
#13817 0 8000006c     d606 m f0040f4c   800000ba  c.swsp   x1, 0x2c
#13818 0 8000006e     d422 m f0040f48   f0040f80  c.swsp   x8, 0x28
#13819 0 80000070     d226 m f0040f44   00000001  c.swsp   x9, 0x24
#13820 0 80000072     1800 r 08         f0040f50  c.addi4spn  x8, 0xc
#13821 0 80000074 fca42e23 m f0040f2c   f0040fec  sw       x10, -0x24(x8)
#13822 0 80000078 fcb42c23 m f0040f28   00000000  sw       x11, -0x28(x8)
#13823 0 8000007c fd842783 r 0f         00000000  lw       x15, -0x28(x8)
#13824 0 80000080 00f04463 r 00         00000000  blt      x0, x15, . + 0x8
#13825 0 80000084     4781 r 0f         00000000  c.li     x15, 0x0
#13826 0 80000086     a8b9 r 00         00000000  c.j      . + 0x5e
#13827 0 800000e4     853e r 0a         00000000  c.mv     x10, x15
#13828 0 800000e6     50b2 r 01         800000ba  c.lwsp   x1, 0x2c
#13829 0 800000e8     5422 r 08         f0040f80  c.lwsp   x8, 0x28
#13830 0 800000ea     5492 r 09         00000001  c.lwsp   x9, 0x24
#13831 0 800000ec     6145 r 02         f0040f50  c.addi16sp 0x3
#13832 0 800000ee     8082 r 00         00000000  c.jr     x1
#13833 0 800000ba     87aa r 0f         00000000  c.mv     x15, x10
#13834 0 800000bc     97a6 r 0f         00000001  c.add    x15, x9
#13835 0 800000be     85be r 0b         00000001  c.mv     x11, x15
#13836 0 800000c0 fec42503 r 0a         80000000  lw       x10, -0x14(x8)
#13837 0 800000c4     3749 r 01         800000c6  c.jal    . - 0x7e
#13838 0 80000046     1101 r 02         f0040f30  c.addi   x2, -0x20
#13839 0 80000048     ce22 m f0040f4c   f0040f80  c.swsp   x8, 0x1c
#13840 0 8000004a     1000 r 08         f0040f50  c.addi4spn  x8, 0x8
#13841 0 8000004c fea42623 m f0040f3c   80000000  sw       x10, -0x14(x8)
#13842 0 80000050 feb42423 m f0040f38   00000001  sw       x11, -0x18(x8)
#13843 0 80000054 fec42703 r 0e         80000000  lw       x14, -0x14(x8)
#13844 0 80000058 fe842783 r 0f         00000001  lw       x15, -0x18(x8)
#13845 0 8000005c 00e7d363 r 00         00000000  bge      x15, x14, . + 0x6
#13846 0 80000062     853e r 0a         00000001  c.mv     x10, x15
#13847 0 80000064     4472 r 08         f0040f80  c.lwsp   x8, 0x1c
#13848 0 80000066     6105 r 02         f0040f50  c.addi16sp 0x2
#13849 0 80000068     8082 r 00         00000000  c.jr     x1
#13850 0 800000c6 fea42623 m f0040f6c   00000001  sw       x10, -0x14(x8)
#13851 0 800000ca fe842783 r 0f         00000000  lw       x15, -0x18(x8)
#13852 0 800000ce     0785 r 0f         00000001  c.addi   x15, 0x1
#13853 0 800000d0 fef42423 m f0040f68   00000001  sw       x15, -0x18(x8)
#13854 0 800000d4 fe842703 r 0e         00000001  lw       x14, -0x18(x8)
#13855 0 800000d8 fd842783 r 0f         00000001  lw       x15, -0x28(x8)
#13856 0 800000dc faf74de3 r 00         00000000  blt      x14, x15, . - 0x46
#13857 0 800000e0 fec42783 r 0f         00000001  lw       x15, -0x14(x8)
#13858 0 800000e4     853e r 0a         00000001  c.mv     x10, x15
#13859 0 800000e6     50b2 r 01         800000ba  c.lwsp   x1, 0x2c
#13860 0 800000e8     5422 r 08         f0040fb0  c.lwsp   x8, 0x28
#13861 0 800000ea     5492 r 09         00000005  c.lwsp   x9, 0x24
#13862 0 800000ec     6145 r 02         f0040f80  c.addi16sp 0x3
#13863 0 800000ee     8082 r 00         00000000  c.jr     x1
#13864 0 800000ba     87aa r 0f         00000001  c.mv     x15, x10
#13865 0 800000bc     97a6 r 0f         00000006  c.add    x15, x9
#13866 0 800000be     85be r 0b         00000006  c.mv     x11, x15
#13867 0 800000c0 fec42503 r 0a         00000006  lw       x10, -0x14(x8)
#13868 0 800000c4     3749 r 01         800000c6  c.jal    . - 0x7e
#13869 0 80000046     1101 r 02         f0040f60  c.addi   x2, -0x20
#13870 0 80000048     ce22 m f0040f7c   f0040fb0  c.swsp   x8, 0x1c
#13871 0 8000004a     1000 r 08         f0040f80  c.addi4spn  x8, 0x8
#13872 0 8000004c fea42623 m f0040f6c   00000006  sw       x10, -0x14(x8)
#13873 0 80000050 feb42423 m f0040f68   00000006  sw       x11, -0x18(x8)
#13874 0 80000054 fec42703 r 0e         00000006  lw       x14, -0x14(x8)
#13875 0 80000058 fe842783 r 0f         00000006  lw       x15, -0x18(x8)
#13876 0 8000005c 00e7d363 r 00         00000000  bge      x15, x14, . + 0x6
#13877 0 80000062     853e r 0a         00000006  c.mv     x10, x15
#13878 0 80000064     4472 r 08         f0040fb0  c.lwsp   x8, 0x1c
#13879 0 80000066     6105 r 02         f0040f80  c.addi16sp 0x2
#13880 0 80000068     8082 r 00         00000000  c.jr     x1
#13881 0 800000c6 fea42623 m f0040f9c   00000006  sw       x10, -0x14(x8)
#13882 0 800000ca fe842783 r 0f         00000001  lw       x15, -0x18(x8)
#13883 0 800000ce     0785 r 0f         00000002  c.addi   x15, 0x1
#13884 0 800000d0 fef42423 m f0040f98   00000002  sw       x15, -0x18(x8)
#13885 0 800000d4 fe842703 r 0e         00000002  lw       x14, -0x18(x8)
#13886 0 800000d8 fd842783 r 0f         00000003  lw       x15, -0x28(x8)
#13887 0 800000dc faf74de3 r 00         00000000  blt      x14, x15, . - 0x46
#13888 0 80000096 fe842783 r 0f         00000002  lw       x15, -0x18(x8)
#13889 0 8000009a     078a r 0f         00000008  c.slli   x15, 2
#13890 0 8000009c fdc42703 r 0e         f0040fec  lw       x14, -0x24(x8)
#13891 0 800000a0     97ba r 0f         f0040ff4  c.add    x15, x14
#13892 0 800000a2     4384 r 09         00000008  c.lw     x9, 0x0(x15)
#13893 0 800000a4 fd842703 r 0e         00000003  lw       x14, -0x28(x8)
#13894 0 800000a8 fe842783 r 0f         00000002  lw       x15, -0x18(x8)
#13895 0 800000ac 40f707b3 r 0f         00000001  sub      x15, x14, x15
#13896 0 800000b0     17fd r 0f         00000000  c.addi   x15, -0x1
#13897 0 800000b2     85be r 0b         00000000  c.mv     x11, x15
#13898 0 800000b4 fdc42503 r 0a         f0040fec  lw       x10, -0x24(x8)
#13899 0 800000b8     3f4d r 01         800000ba  c.jal    . - 0x4e
#13900 0 8000006a     7179 r 02         f0040f50  c.addi16sp -0x3
#13901 0 8000006c     d606 m f0040f7c   800000ba  c.swsp   x1, 0x2c
#13902 0 8000006e     d422 m f0040f78   f0040fb0  c.swsp   x8, 0x28
#13903 0 80000070     d226 m f0040f74   00000008  c.swsp   x9, 0x24
#13904 0 80000072     1800 r 08         f0040f80  c.addi4spn  x8, 0xc
#13905 0 80000074 fca42e23 m f0040f5c   f0040fec  sw       x10, -0x24(x8)
#13906 0 80000078 fcb42c23 m f0040f58   00000000  sw       x11, -0x28(x8)
#13907 0 8000007c fd842783 r 0f         00000000  lw       x15, -0x28(x8)
#13908 0 80000080 00f04463 r 00         00000000  blt      x0, x15, . + 0x8
#13909 0 80000084     4781 r 0f         00000000  c.li     x15, 0x0
#13910 0 80000086     a8b9 r 00         00000000  c.j      . + 0x5e
#13911 0 800000e4     853e r 0a         00000000  c.mv     x10, x15
#13912 0 800000e6     50b2 r 01         800000ba  c.lwsp   x1, 0x2c
#13913 0 800000e8     5422 r 08         f0040fb0  c.lwsp   x8, 0x28
#13914 0 800000ea     5492 r 09         00000008  c.lwsp   x9, 0x24
#13915 0 800000ec     6145 r 02         f0040f80  c.addi16sp 0x3
#13916 0 800000ee     8082 r 00         00000000  c.jr     x1
#13917 0 800000ba     87aa r 0f         00000000  c.mv     x15, x10
#13918 0 800000bc     97a6 r 0f         00000008  c.add    x15, x9
#13919 0 800000be     85be r 0b         00000008  c.mv     x11, x15
#13920 0 800000c0 fec42503 r 0a         00000006  lw       x10, -0x14(x8)
#13921 0 800000c4     3749 r 01         800000c6  c.jal    . - 0x7e
#13922 0 80000046     1101 r 02         f0040f60  c.addi   x2, -0x20
#13923 0 80000048     ce22 m f0040f7c   f0040fb0  c.swsp   x8, 0x1c
#13924 0 8000004a     1000 r 08         f0040f80  c.addi4spn  x8, 0x8
#13925 0 8000004c fea42623 m f0040f6c   00000006  sw       x10, -0x14(x8)
#13926 0 80000050 feb42423 m f0040f68   00000008  sw       x11, -0x18(x8)
#13927 0 80000054 fec42703 r 0e         00000006  lw       x14, -0x14(x8)
#13928 0 80000058 fe842783 r 0f         00000008  lw       x15, -0x18(x8)
#13929 0 8000005c 00e7d363 r 00         00000000  bge      x15, x14, . + 0x6
#13930 0 80000062     853e r 0a         00000008  c.mv     x10, x15
#13931 0 80000064     4472 r 08         f0040fb0  c.lwsp   x8, 0x1c
#13932 0 80000066     6105 r 02         f0040f80  c.addi16sp 0x2
#13933 0 80000068     8082 r 00         00000000  c.jr     x1
#13934 0 800000c6 fea42623 m f0040f9c   00000008  sw       x10, -0x14(x8)
#13935 0 800000ca fe842783 r 0f         00000002  lw       x15, -0x18(x8)
#13936 0 800000ce     0785 r 0f         00000003  c.addi   x15, 0x1
#13937 0 800000d0 fef42423 m f0040f98   00000003  sw       x15, -0x18(x8)
#13938 0 800000d4 fe842703 r 0e         00000003  lw       x14, -0x18(x8)
#13939 0 800000d8 fd842783 r 0f         00000003  lw       x15, -0x28(x8)
#13940 0 800000dc faf74de3 r 00         00000000  blt      x14, x15, . - 0x46
#13941 0 800000e0 fec42783 r 0f         00000008  lw       x15, -0x14(x8)
#13942 0 800000e4     853e r 0a         00000008  c.mv     x10, x15
#13943 0 800000e6     50b2 r 01         800000ba  c.lwsp   x1, 0x2c
#13944 0 800000e8     5422 r 08         f0040fe0  c.lwsp   x8, 0x28
#13945 0 800000ea     5492 r 09         0000000a  c.lwsp   x9, 0x24
#13946 0 800000ec     6145 r 02         f0040fb0  c.addi16sp 0x3
#13947 0 800000ee     8082 r 00         00000000  c.jr     x1
#13948 0 800000ba     87aa r 0f         00000008  c.mv     x15, x10
#13949 0 800000bc     97a6 r 0f         00000012  c.add    x15, x9
#13950 0 800000be     85be r 0b         00000012  c.mv     x11, x15
#13951 0 800000c0 fec42503 r 0a         00000016  lw       x10, -0x14(x8)
#13952 0 800000c4     3749 r 01         800000c6  c.jal    . - 0x7e
#13953 0 80000046     1101 r 02         f0040f90  c.addi   x2, -0x20
#13954 0 80000048     ce22 m f0040fac   f0040fe0  c.swsp   x8, 0x1c
#13955 0 8000004a     1000 r 08         f0040fb0  c.addi4spn  x8, 0x8
#13956 0 8000004c fea42623 m f0040f9c   00000016  sw       x10, -0x14(x8)
#13957 0 80000050 feb42423 m f0040f98   00000012  sw       x11, -0x18(x8)
#13958 0 80000054 fec42703 r 0e         00000016  lw       x14, -0x14(x8)
#13959 0 80000058 fe842783 r 0f         00000012  lw       x15, -0x18(x8)
#13960 0 8000005c 00e7d363 r 00         00000000  bge      x15, x14, . + 0x6
#13961 0 80000060     87ba r 0f         00000016  c.mv     x15, x14
#13962 0 80000062     853e r 0a         00000016  c.mv     x10, x15
#13963 0 80000064     4472 r 08         f0040fe0  c.lwsp   x8, 0x1c
#13964 0 80000066     6105 r 02         f0040fb0  c.addi16sp 0x2
#13965 0 80000068     8082 r 00         00000000  c.jr     x1
#13966 0 800000c6 fea42623 m f0040fcc   00000016  sw       x10, -0x14(x8)
#13967 0 800000ca fe842783 r 0f         00000004  lw       x15, -0x18(x8)
#13968 0 800000ce     0785 r 0f         00000005  c.addi   x15, 0x1
#13969 0 800000d0 fef42423 m f0040fc8   00000005  sw       x15, -0x18(x8)
#13970 0 800000d4 fe842703 r 0e         00000005  lw       x14, -0x18(x8)
#13971 0 800000d8 fd842783 r 0f         00000008  lw       x15, -0x28(x8)
#13972 0 800000dc faf74de3 r 00         00000000  blt      x14, x15, . - 0x46
#13973 0 80000096 fe842783 r 0f         00000005  lw       x15, -0x18(x8)
#13974 0 8000009a     078a r 0f         00000014  c.slli   x15, 2
#13975 0 8000009c fdc42703 r 0e         f0040fec  lw       x14, -0x24(x8)
#13976 0 800000a0     97ba r 0f         f0041000  c.add    x15, x14
#13977 0 800000a2     4384 r 09         00000011  c.lw     x9, 0x0(x15)
#13978 0 800000a4 fd842703 r 0e         00000008  lw       x14, -0x28(x8)
#13979 0 800000a8 fe842783 r 0f         00000005  lw       x15, -0x18(x8)
#13980 0 800000ac 40f707b3 r 0f         00000003  sub      x15, x14, x15
#13981 0 800000b0     17fd r 0f         00000002  c.addi   x15, -0x1
#13982 0 800000b2     85be r 0b         00000002  c.mv     x11, x15
#13983 0 800000b4 fdc42503 r 0a         f0040fec  lw       x10, -0x24(x8)
#13984 0 800000b8     3f4d r 01         800000ba  c.jal    . - 0x4e
#13985 0 8000006a     7179 r 02         f0040f80  c.addi16sp -0x3
#13986 0 8000006c     d606 m f0040fac   800000ba  c.swsp   x1, 0x2c
#13987 0 8000006e     d422 m f0040fa8   f0040fe0  c.swsp   x8, 0x28
#13988 0 80000070     d226 m f0040fa4   00000011  c.swsp   x9, 0x24
#13989 0 80000072     1800 r 08         f0040fb0  c.addi4spn  x8, 0xc
#13990 0 80000074 fca42e23 m f0040f8c   f0040fec  sw       x10, -0x24(x8)
#13991 0 80000078 fcb42c23 m f0040f88   00000002  sw       x11, -0x28(x8)
#13992 0 8000007c fd842783 r 0f         00000002  lw       x15, -0x28(x8)
#13993 0 80000080 00f04463 r 00         00000000  blt      x0, x15, . + 0x8
#13994 0 80000088 800007b7 r 0f         80000000  lui      x15, -0x80000
#13995 0 8000008c fef42623 m f0040f9c   80000000  sw       x15, -0x14(x8)
#13996 0 80000090 fe042423 m f0040f98   00000000  sw       x0, -0x18(x8)
#13997 0 80000094     a081 r 00         00000000  c.j      . + 0x40
#13998 0 800000d4 fe842703 r 0e         00000000  lw       x14, -0x18(x8)
#13999 0 800000d8 fd842783 r 0f         00000002  lw       x15, -0x28(x8)
#14000 0 800000dc faf74de3 r 00         00000000  blt      x14, x15, . - 0x46
#14001 0 80000096 fe842783 r 0f         00000000  lw       x15, -0x18(x8)
#14002 0 8000009a     078a r 0f         00000000  c.slli   x15, 2
#14003 0 8000009c fdc42703 r 0e         f0040fec  lw       x14, -0x24(x8)
#14004 0 800000a0     97ba r 0f         f0040fec  c.add    x15, x14
#14005 0 800000a2     4384 r 09         00000001  c.lw     x9, 0x0(x15)
#14006 0 800000a4 fd842703 r 0e         00000002  lw       x14, -0x28(x8)
#14007 0 800000a8 fe842783 r 0f         00000000  lw       x15, -0x18(x8)
#14008 0 800000ac 40f707b3 r 0f         00000002  sub      x15, x14, x15
#14009 0 800000b0     17fd r 0f         00000001  c.addi   x15, -0x1
#14010 0 800000b2     85be r 0b         00000001  c.mv     x11, x15
#14011 0 800000b4 fdc42503 r 0a         f0040fec  lw       x10, -0x24(x8)
#14012 0 800000b8     3f4d r 01         800000ba  c.jal    . - 0x4e
#14013 0 8000006a     7179 r 02         f0040f50  c.addi16sp -0x3
#14014 0 8000006c     d606 m f0040f7c   800000ba  c.swsp   x1, 0x2c
#14015 0 8000006e     d422 m f0040f78   f0040fb0  c.swsp   x8, 0x28
#14016 0 80000070     d226 m f0040f74   00000001  c.swsp   x9, 0x24
#14017 0 80000072     1800 r 08         f0040f80  c.addi4spn  x8, 0xc
#14018 0 80000074 fca42e23 m f0040f5c   f0040fec  sw       x10, -0x24(x8)
#14019 0 80000078 fcb42c23 m f0040f58   00000001  sw       x11, -0x28(x8)
#14020 0 8000007c fd842783 r 0f         00000001  lw       x15, -0x28(x8)
#14021 0 80000080 00f04463 r 00         00000000  blt      x0, x15, . + 0x8
#14022 0 80000088 800007b7 r 0f         80000000  lui      x15, -0x80000
#14023 0 8000008c fef42623 m f0040f6c   80000000  sw       x15, -0x14(x8)
#14024 0 80000090 fe042423 m f0040f68   00000000  sw       x0, -0x18(x8)
#14025 0 80000094     a081 r 00         00000000  c.j      . + 0x40
#14026 0 800000d4 fe842703 r 0e         00000000  lw       x14, -0x18(x8)
#14027 0 800000d8 fd842783 r 0f         00000001  lw       x15, -0x28(x8)
#14028 0 800000dc faf74de3 r 00         00000000  blt      x14, x15, . - 0x46
#14029 0 80000096 fe842783 r 0f         00000000  lw       x15, -0x18(x8)
#14030 0 8000009a     078a r 0f         00000000  c.slli   x15, 2
#14031 0 8000009c fdc42703 r 0e         f0040fec  lw       x14, -0x24(x8)
#14032 0 800000a0     97ba r 0f         f0040fec  c.add    x15, x14
#14033 0 800000a2     4384 r 09         00000001  c.lw     x9, 0x0(x15)
#14034 0 800000a4 fd842703 r 0e         00000001  lw       x14, -0x28(x8)
#14035 0 800000a8 fe842783 r 0f         00000000  lw       x15, -0x18(x8)
#14036 0 800000ac 40f707b3 r 0f         00000001  sub      x15, x14, x15
#14037 0 800000b0     17fd r 0f         00000000  c.addi   x15, -0x1
#14038 0 800000b2     85be r 0b         00000000  c.mv     x11, x15
#14039 0 800000b4 fdc42503 r 0a         f0040fec  lw       x10, -0x24(x8)
#14040 0 800000b8     3f4d r 01         800000ba  c.jal    . - 0x4e
#14041 0 8000006a     7179 r 02         f0040f20  c.addi16sp -0x3
#14042 0 8000006c     d606 m f0040f4c   800000ba  c.swsp   x1, 0x2c
#14043 0 8000006e     d422 m f0040f48   f0040f80  c.swsp   x8, 0x28
#14044 0 80000070     d226 m f0040f44   00000001  c.swsp   x9, 0x24
#14045 0 80000072     1800 r 08         f0040f50  c.addi4spn  x8, 0xc
#14046 0 80000074 fca42e23 m f0040f2c   f0040fec  sw       x10, -0x24(x8)
#14047 0 80000078 fcb42c23 m f0040f28   00000000  sw       x11, -0x28(x8)
#14048 0 8000007c fd842783 r 0f         00000000  lw       x15, -0x28(x8)
#14049 0 80000080 00f04463 r 00         00000000  blt      x0, x15, . + 0x8
#14050 0 80000084     4781 r 0f         00000000  c.li     x15, 0x0
#14051 0 80000086     a8b9 r 00         00000000  c.j      . + 0x5e
#14052 0 800000e4     853e r 0a         00000000  c.mv     x10, x15
#14053 0 800000e6     50b2 r 01         800000ba  c.lwsp   x1, 0x2c
#14054 0 800000e8     5422 r 08         f0040f80  c.lwsp   x8, 0x28
#14055 0 800000ea     5492 r 09         00000001  c.lwsp   x9, 0x24
#14056 0 800000ec     6145 r 02         f0040f50  c.addi16sp 0x3
#14057 0 800000ee     8082 r 00         00000000  c.jr     x1
#14058 0 800000ba     87aa r 0f         00000000  c.mv     x15, x10
#14059 0 800000bc     97a6 r 0f         00000001  c.add    x15, x9
#14060 0 800000be     85be r 0b         00000001  c.mv     x11, x15
#14061 0 800000c0 fec42503 r 0a         80000000  lw       x10, -0x14(x8)
#14062 0 800000c4     3749 r 01         800000c6  c.jal    . - 0x7e
#14063 0 80000046     1101 r 02         f0040f30  c.addi   x2, -0x20
#14064 0 80000048     ce22 m f0040f4c   f0040f80  c.swsp   x8, 0x1c
#14065 0 8000004a     1000 r 08         f0040f50  c.addi4spn  x8, 0x8
#14066 0 8000004c fea42623 m f0040f3c   80000000  sw       x10, -0x14(x8)
#14067 0 80000050 feb42423 m f0040f38   00000001  sw       x11, -0x18(x8)
#14068 0 80000054 fec42703 r 0e         80000000  lw       x14, -0x14(x8)
#14069 0 80000058 fe842783 r 0f         00000001  lw       x15, -0x18(x8)
#14070 0 8000005c 00e7d363 r 00         00000000  bge      x15, x14, . + 0x6
#14071 0 80000062     853e r 0a         00000001  c.mv     x10, x15
#14072 0 80000064     4472 r 08         f0040f80  c.lwsp   x8, 0x1c
#14073 0 80000066     6105 r 02         f0040f50  c.addi16sp 0x2
#14074 0 80000068     8082 r 00         00000000  c.jr     x1
#14075 0 800000c6 fea42623 m f0040f6c   00000001  sw       x10, -0x14(x8)
#14076 0 800000ca fe842783 r 0f         00000000  lw       x15, -0x18(x8)
#14077 0 800000ce     0785 r 0f         00000001  c.addi   x15, 0x1
#14078 0 800000d0 fef42423 m f0040f68   00000001  sw       x15, -0x18(x8)
#14079 0 800000d4 fe842703 r 0e         00000001  lw       x14, -0x18(x8)
#14080 0 800000d8 fd842783 r 0f         00000001  lw       x15, -0x28(x8)
#14081 0 800000dc faf74de3 r 00         00000000  blt      x14, x15, . - 0x46
#14082 0 800000e0 fec42783 r 0f         00000001  lw       x15, -0x14(x8)
#14083 0 800000e4     853e r 0a         00000001  c.mv     x10, x15
#14084 0 800000e6     50b2 r 01         800000ba  c.lwsp   x1, 0x2c
#14085 0 800000e8     5422 r 08         f0040fb0  c.lwsp   x8, 0x28
#14086 0 800000ea     5492 r 09         00000001  c.lwsp   x9, 0x24
#14087 0 800000ec     6145 r 02         f0040f80  c.addi16sp 0x3
#14088 0 800000ee     8082 r 00         00000000  c.jr     x1
#14089 0 800000ba     87aa r 0f         00000001  c.mv     x15, x10
#14090 0 800000bc     97a6 r 0f         00000002  c.add    x15, x9
#14091 0 800000be     85be r 0b         00000002  c.mv     x11, x15
#14092 0 800000c0 fec42503 r 0a         80000000  lw       x10, -0x14(x8)
#14093 0 800000c4     3749 r 01         800000c6  c.jal    . - 0x7e
#14094 0 80000046     1101 r 02         f0040f60  c.addi   x2, -0x20
#14095 0 80000048     ce22 m f0040f7c   f0040fb0  c.swsp   x8, 0x1c
#14096 0 8000004a     1000 r 08         f0040f80  c.addi4spn  x8, 0x8
#14097 0 8000004c fea42623 m f0040f6c   80000000  sw       x10, -0x14(x8)
#14098 0 80000050 feb42423 m f0040f68   00000002  sw       x11, -0x18(x8)
#14099 0 80000054 fec42703 r 0e         80000000  lw       x14, -0x14(x8)
#14100 0 80000058 fe842783 r 0f         00000002  lw       x15, -0x18(x8)
#14101 0 8000005c 00e7d363 r 00         00000000  bge      x15, x14, . + 0x6
#14102 0 80000062     853e r 0a         00000002  c.mv     x10, x15
#14103 0 80000064     4472 r 08         f0040fb0  c.lwsp   x8, 0x1c
#14104 0 80000066     6105 r 02         f0040f80  c.addi16sp 0x2
#14105 0 80000068     8082 r 00         00000000  c.jr     x1
#14106 0 800000c6 fea42623 m f0040f9c   00000002  sw       x10, -0x14(x8)
#14107 0 800000ca fe842783 r 0f         00000000  lw       x15, -0x18(x8)
#14108 0 800000ce     0785 r 0f         00000001  c.addi   x15, 0x1
#14109 0 800000d0 fef42423 m f0040f98   00000001  sw       x15, -0x18(x8)
#14110 0 800000d4 fe842703 r 0e         00000001  lw       x14, -0x18(x8)
#14111 0 800000d8 fd842783 r 0f         00000002  lw       x15, -0x28(x8)
#14112 0 800000dc faf74de3 r 00         00000000  blt      x14, x15, . - 0x46
#14113 0 80000096 fe842783 r 0f         00000001  lw       x15, -0x18(x8)
#14114 0 8000009a     078a r 0f         00000004  c.slli   x15, 2
#14115 0 8000009c fdc42703 r 0e         f0040fec  lw       x14, -0x24(x8)
#14116 0 800000a0     97ba r 0f         f0040ff0  c.add    x15, x14
#14117 0 800000a2     4384 r 09         00000005  c.lw     x9, 0x0(x15)
#14118 0 800000a4 fd842703 r 0e         00000002  lw       x14, -0x28(x8)
#14119 0 800000a8 fe842783 r 0f         00000001  lw       x15, -0x18(x8)
#14120 0 800000ac 40f707b3 r 0f         00000001  sub      x15, x14, x15
#14121 0 800000b0     17fd r 0f         00000000  c.addi   x15, -0x1
#14122 0 800000b2     85be r 0b         00000000  c.mv     x11, x15
#14123 0 800000b4 fdc42503 r 0a         f0040fec  lw       x10, -0x24(x8)
#14124 0 800000b8     3f4d r 01         800000ba  c.jal    . - 0x4e
#14125 0 8000006a     7179 r 02         f0040f50  c.addi16sp -0x3
#14126 0 8000006c     d606 m f0040f7c   800000ba  c.swsp   x1, 0x2c
#14127 0 8000006e     d422 m f0040f78   f0040fb0  c.swsp   x8, 0x28
#14128 0 80000070     d226 m f0040f74   00000005  c.swsp   x9, 0x24
#14129 0 80000072     1800 r 08         f0040f80  c.addi4spn  x8, 0xc
#14130 0 80000074 fca42e23 m f0040f5c   f0040fec  sw       x10, -0x24(x8)
#14131 0 80000078 fcb42c23 m f0040f58   00000000  sw       x11, -0x28(x8)
#14132 0 8000007c fd842783 r 0f         00000000  lw       x15, -0x28(x8)
#14133 0 80000080 00f04463 r 00         00000000  blt      x0, x15, . + 0x8
#14134 0 80000084     4781 r 0f         00000000  c.li     x15, 0x0
#14135 0 80000086     a8b9 r 00         00000000  c.j      . + 0x5e
#14136 0 800000e4     853e r 0a         00000000  c.mv     x10, x15
#14137 0 800000e6     50b2 r 01         800000ba  c.lwsp   x1, 0x2c
#14138 0 800000e8     5422 r 08         f0040fb0  c.lwsp   x8, 0x28
#14139 0 800000ea     5492 r 09         00000005  c.lwsp   x9, 0x24
#14140 0 800000ec     6145 r 02         f0040f80  c.addi16sp 0x3
#14141 0 800000ee     8082 r 00         00000000  c.jr     x1
#14142 0 800000ba     87aa r 0f         00000000  c.mv     x15, x10
#14143 0 800000bc     97a6 r 0f         00000005  c.add    x15, x9
#14144 0 800000be     85be r 0b         00000005  c.mv     x11, x15
#14145 0 800000c0 fec42503 r 0a         00000002  lw       x10, -0x14(x8)
#14146 0 800000c4     3749 r 01         800000c6  c.jal    . - 0x7e
#14147 0 80000046     1101 r 02         f0040f60  c.addi   x2, -0x20
#14148 0 80000048     ce22 m f0040f7c   f0040fb0  c.swsp   x8, 0x1c
#14149 0 8000004a     1000 r 08         f0040f80  c.addi4spn  x8, 0x8
#14150 0 8000004c fea42623 m f0040f6c   00000002  sw       x10, -0x14(x8)
#14151 0 80000050 feb42423 m f0040f68   00000005  sw       x11, -0x18(x8)
#14152 0 80000054 fec42703 r 0e         00000002  lw       x14, -0x14(x8)
#14153 0 80000058 fe842783 r 0f         00000005  lw       x15, -0x18(x8)
#14154 0 8000005c 00e7d363 r 00         00000000  bge      x15, x14, . + 0x6
#14155 0 80000062     853e r 0a         00000005  c.mv     x10, x15
#14156 0 80000064     4472 r 08         f0040fb0  c.lwsp   x8, 0x1c
#14157 0 80000066     6105 r 02         f0040f80  c.addi16sp 0x2
#14158 0 80000068     8082 r 00         00000000  c.jr     x1
#14159 0 800000c6 fea42623 m f0040f9c   00000005  sw       x10, -0x14(x8)
#14160 0 800000ca fe842783 r 0f         00000001  lw       x15, -0x18(x8)
#14161 0 800000ce     0785 r 0f         00000002  c.addi   x15, 0x1
#14162 0 800000d0 fef42423 m f0040f98   00000002  sw       x15, -0x18(x8)
#14163 0 800000d4 fe842703 r 0e         00000002  lw       x14, -0x18(x8)
#14164 0 800000d8 fd842783 r 0f         00000002  lw       x15, -0x28(x8)
#14165 0 800000dc faf74de3 r 00         00000000  blt      x14, x15, . - 0x46
#14166 0 800000e0 fec42783 r 0f         00000005  lw       x15, -0x14(x8)
#14167 0 800000e4     853e r 0a         00000005  c.mv     x10, x15
#14168 0 800000e6     50b2 r 01         800000ba  c.lwsp   x1, 0x2c
#14169 0 800000e8     5422 r 08         f0040fe0  c.lwsp   x8, 0x28
#14170 0 800000ea     5492 r 09         00000011  c.lwsp   x9, 0x24
#14171 0 800000ec     6145 r 02         f0040fb0  c.addi16sp 0x3
#14172 0 800000ee     8082 r 00         00000000  c.jr     x1
#14173 0 800000ba     87aa r 0f         00000005  c.mv     x15, x10
#14174 0 800000bc     97a6 r 0f         00000016  c.add    x15, x9
#14175 0 800000be     85be r 0b         00000016  c.mv     x11, x15
#14176 0 800000c0 fec42503 r 0a         00000016  lw       x10, -0x14(x8)
#14177 0 800000c4     3749 r 01         800000c6  c.jal    . - 0x7e
#14178 0 80000046     1101 r 02         f0040f90  c.addi   x2, -0x20
#14179 0 80000048     ce22 m f0040fac   f0040fe0  c.swsp   x8, 0x1c
#14180 0 8000004a     1000 r 08         f0040fb0  c.addi4spn  x8, 0x8
#14181 0 8000004c fea42623 m f0040f9c   00000016  sw       x10, -0x14(x8)
#14182 0 80000050 feb42423 m f0040f98   00000016  sw       x11, -0x18(x8)
#14183 0 80000054 fec42703 r 0e         00000016  lw       x14, -0x14(x8)
#14184 0 80000058 fe842783 r 0f         00000016  lw       x15, -0x18(x8)
#14185 0 8000005c 00e7d363 r 00         00000000  bge      x15, x14, . + 0x6
#14186 0 80000062     853e r 0a         00000016  c.mv     x10, x15
#14187 0 80000064     4472 r 08         f0040fe0  c.lwsp   x8, 0x1c
#14188 0 80000066     6105 r 02         f0040fb0  c.addi16sp 0x2
#14189 0 80000068     8082 r 00         00000000  c.jr     x1
#14190 0 800000c6 fea42623 m f0040fcc   00000016  sw       x10, -0x14(x8)
#14191 0 800000ca fe842783 r 0f         00000005  lw       x15, -0x18(x8)
#14192 0 800000ce     0785 r 0f         00000006  c.addi   x15, 0x1
#14193 0 800000d0 fef42423 m f0040fc8   00000006  sw       x15, -0x18(x8)
#14194 0 800000d4 fe842703 r 0e         00000006  lw       x14, -0x18(x8)
#14195 0 800000d8 fd842783 r 0f         00000008  lw       x15, -0x28(x8)
#14196 0 800000dc faf74de3 r 00         00000000  blt      x14, x15, . - 0x46
#14197 0 80000096 fe842783 r 0f         00000006  lw       x15, -0x18(x8)
#14198 0 8000009a     078a r 0f         00000018  c.slli   x15, 2
#14199 0 8000009c fdc42703 r 0e         f0040fec  lw       x14, -0x24(x8)
#14200 0 800000a0     97ba r 0f         f0041004  c.add    x15, x14
#14201 0 800000a2     4384 r 09         00000011  c.lw     x9, 0x0(x15)
#14202 0 800000a4 fd842703 r 0e         00000008  lw       x14, -0x28(x8)
#14203 0 800000a8 fe842783 r 0f         00000006  lw       x15, -0x18(x8)
#14204 0 800000ac 40f707b3 r 0f         00000002  sub      x15, x14, x15
#14205 0 800000b0     17fd r 0f         00000001  c.addi   x15, -0x1
#14206 0 800000b2     85be r 0b         00000001  c.mv     x11, x15
#14207 0 800000b4 fdc42503 r 0a         f0040fec  lw       x10, -0x24(x8)
#14208 0 800000b8     3f4d r 01         800000ba  c.jal    . - 0x4e
#14209 0 8000006a     7179 r 02         f0040f80  c.addi16sp -0x3
#14210 0 8000006c     d606 m f0040fac   800000ba  c.swsp   x1, 0x2c
#14211 0 8000006e     d422 m f0040fa8   f0040fe0  c.swsp   x8, 0x28
#14212 0 80000070     d226 m f0040fa4   00000011  c.swsp   x9, 0x24
#14213 0 80000072     1800 r 08         f0040fb0  c.addi4spn  x8, 0xc
#14214 0 80000074 fca42e23 m f0040f8c   f0040fec  sw       x10, -0x24(x8)
#14215 0 80000078 fcb42c23 m f0040f88   00000001  sw       x11, -0x28(x8)
#14216 0 8000007c fd842783 r 0f         00000001  lw       x15, -0x28(x8)
#14217 0 80000080 00f04463 r 00         00000000  blt      x0, x15, . + 0x8
#14218 0 80000088 800007b7 r 0f         80000000  lui      x15, -0x80000
#14219 0 8000008c fef42623 m f0040f9c   80000000  sw       x15, -0x14(x8)
#14220 0 80000090 fe042423 m f0040f98   00000000  sw       x0, -0x18(x8)
#14221 0 80000094     a081 r 00         00000000  c.j      . + 0x40
#14222 0 800000d4 fe842703 r 0e         00000000  lw       x14, -0x18(x8)
#14223 0 800000d8 fd842783 r 0f         00000001  lw       x15, -0x28(x8)
#14224 0 800000dc faf74de3 r 00         00000000  blt      x14, x15, . - 0x46
#14225 0 80000096 fe842783 r 0f         00000000  lw       x15, -0x18(x8)
#14226 0 8000009a     078a r 0f         00000000  c.slli   x15, 2
#14227 0 8000009c fdc42703 r 0e         f0040fec  lw       x14, -0x24(x8)
#14228 0 800000a0     97ba r 0f         f0040fec  c.add    x15, x14
#14229 0 800000a2     4384 r 09         00000001  c.lw     x9, 0x0(x15)
#14230 0 800000a4 fd842703 r 0e         00000001  lw       x14, -0x28(x8)
#14231 0 800000a8 fe842783 r 0f         00000000  lw       x15, -0x18(x8)
#14232 0 800000ac 40f707b3 r 0f         00000001  sub      x15, x14, x15
#14233 0 800000b0     17fd r 0f         00000000  c.addi   x15, -0x1
#14234 0 800000b2     85be r 0b         00000000  c.mv     x11, x15
#14235 0 800000b4 fdc42503 r 0a         f0040fec  lw       x10, -0x24(x8)
#14236 0 800000b8     3f4d r 01         800000ba  c.jal    . - 0x4e
#14237 0 8000006a     7179 r 02         f0040f50  c.addi16sp -0x3
#14238 0 8000006c     d606 m f0040f7c   800000ba  c.swsp   x1, 0x2c
#14239 0 8000006e     d422 m f0040f78   f0040fb0  c.swsp   x8, 0x28
#14240 0 80000070     d226 m f0040f74   00000001  c.swsp   x9, 0x24
#14241 0 80000072     1800 r 08         f0040f80  c.addi4spn  x8, 0xc
#14242 0 80000074 fca42e23 m f0040f5c   f0040fec  sw       x10, -0x24(x8)
#14243 0 80000078 fcb42c23 m f0040f58   00000000  sw       x11, -0x28(x8)
#14244 0 8000007c fd842783 r 0f         00000000  lw       x15, -0x28(x8)
#14245 0 80000080 00f04463 r 00         00000000  blt      x0, x15, . + 0x8
#14246 0 80000084     4781 r 0f         00000000  c.li     x15, 0x0
#14247 0 80000086     a8b9 r 00         00000000  c.j      . + 0x5e
#14248 0 800000e4     853e r 0a         00000000  c.mv     x10, x15
#14249 0 800000e6     50b2 r 01         800000ba  c.lwsp   x1, 0x2c
#14250 0 800000e8     5422 r 08         f0040fb0  c.lwsp   x8, 0x28
#14251 0 800000ea     5492 r 09         00000001  c.lwsp   x9, 0x24
#14252 0 800000ec     6145 r 02         f0040f80  c.addi16sp 0x3
#14253 0 800000ee     8082 r 00         00000000  c.jr     x1
#14254 0 800000ba     87aa r 0f         00000000  c.mv     x15, x10
#14255 0 800000bc     97a6 r 0f         00000001  c.add    x15, x9
#14256 0 800000be     85be r 0b         00000001  c.mv     x11, x15
#14257 0 800000c0 fec42503 r 0a         80000000  lw       x10, -0x14(x8)
#14258 0 800000c4     3749 r 01         800000c6  c.jal    . - 0x7e
#14259 0 80000046     1101 r 02         f0040f60  c.addi   x2, -0x20
#14260 0 80000048     ce22 m f0040f7c   f0040fb0  c.swsp   x8, 0x1c
#14261 0 8000004a     1000 r 08         f0040f80  c.addi4spn  x8, 0x8
#14262 0 8000004c fea42623 m f0040f6c   80000000  sw       x10, -0x14(x8)
#14263 0 80000050 feb42423 m f0040f68   00000001  sw       x11, -0x18(x8)
#14264 0 80000054 fec42703 r 0e         80000000  lw       x14, -0x14(x8)
#14265 0 80000058 fe842783 r 0f         00000001  lw       x15, -0x18(x8)
#14266 0 8000005c 00e7d363 r 00         00000000  bge      x15, x14, . + 0x6
#14267 0 80000062     853e r 0a         00000001  c.mv     x10, x15
#14268 0 80000064     4472 r 08         f0040fb0  c.lwsp   x8, 0x1c
#14269 0 80000066     6105 r 02         f0040f80  c.addi16sp 0x2
#14270 0 80000068     8082 r 00         00000000  c.jr     x1
#14271 0 800000c6 fea42623 m f0040f9c   00000001  sw       x10, -0x14(x8)
#14272 0 800000ca fe842783 r 0f         00000000  lw       x15, -0x18(x8)
#14273 0 800000ce     0785 r 0f         00000001  c.addi   x15, 0x1
#14274 0 800000d0 fef42423 m f0040f98   00000001  sw       x15, -0x18(x8)
#14275 0 800000d4 fe842703 r 0e         00000001  lw       x14, -0x18(x8)
#14276 0 800000d8 fd842783 r 0f         00000001  lw       x15, -0x28(x8)
#14277 0 800000dc faf74de3 r 00         00000000  blt      x14, x15, . - 0x46
#14278 0 800000e0 fec42783 r 0f         00000001  lw       x15, -0x14(x8)
#14279 0 800000e4     853e r 0a         00000001  c.mv     x10, x15
#14280 0 800000e6     50b2 r 01         800000ba  c.lwsp   x1, 0x2c
#14281 0 800000e8     5422 r 08         f0040fe0  c.lwsp   x8, 0x28
#14282 0 800000ea     5492 r 09         00000011  c.lwsp   x9, 0x24
#14283 0 800000ec     6145 r 02         f0040fb0  c.addi16sp 0x3
#14284 0 800000ee     8082 r 00         00000000  c.jr     x1
#14285 0 800000ba     87aa r 0f         00000001  c.mv     x15, x10
#14286 0 800000bc     97a6 r 0f         00000012  c.add    x15, x9
#14287 0 800000be     85be r 0b         00000012  c.mv     x11, x15
#14288 0 800000c0 fec42503 r 0a         00000016  lw       x10, -0x14(x8)
#14289 0 800000c4     3749 r 01         800000c6  c.jal    . - 0x7e
#14290 0 80000046     1101 r 02         f0040f90  c.addi   x2, -0x20
#14291 0 80000048     ce22 m f0040fac   f0040fe0  c.swsp   x8, 0x1c
#14292 0 8000004a     1000 r 08         f0040fb0  c.addi4spn  x8, 0x8
#14293 0 8000004c fea42623 m f0040f9c   00000016  sw       x10, -0x14(x8)
#14294 0 80000050 feb42423 m f0040f98   00000012  sw       x11, -0x18(x8)
#14295 0 80000054 fec42703 r 0e         00000016  lw       x14, -0x14(x8)
#14296 0 80000058 fe842783 r 0f         00000012  lw       x15, -0x18(x8)
#14297 0 8000005c 00e7d363 r 00         00000000  bge      x15, x14, . + 0x6
#14298 0 80000060     87ba r 0f         00000016  c.mv     x15, x14
#14299 0 80000062     853e r 0a         00000016  c.mv     x10, x15
#14300 0 80000064     4472 r 08         f0040fe0  c.lwsp   x8, 0x1c
#14301 0 80000066     6105 r 02         f0040fb0  c.addi16sp 0x2
#14302 0 80000068     8082 r 00         00000000  c.jr     x1
#14303 0 800000c6 fea42623 m f0040fcc   00000016  sw       x10, -0x14(x8)
#14304 0 800000ca fe842783 r 0f         00000006  lw       x15, -0x18(x8)
#14305 0 800000ce     0785 r 0f         00000007  c.addi   x15, 0x1
#14306 0 800000d0 fef42423 m f0040fc8   00000007  sw       x15, -0x18(x8)
#14307 0 800000d4 fe842703 r 0e         00000007  lw       x14, -0x18(x8)
#14308 0 800000d8 fd842783 r 0f         00000008  lw       x15, -0x28(x8)
#14309 0 800000dc faf74de3 r 00         00000000  blt      x14, x15, . - 0x46
#14310 0 80000096 fe842783 r 0f         00000007  lw       x15, -0x18(x8)
#14311 0 8000009a     078a r 0f         0000001c  c.slli   x15, 2
#14312 0 8000009c fdc42703 r 0e         f0040fec  lw       x14, -0x24(x8)
#14313 0 800000a0     97ba r 0f         f0041008  c.add    x15, x14
#14314 0 800000a2     4384 r 09         00000014  c.lw     x9, 0x0(x15)
#14315 0 800000a4 fd842703 r 0e         00000008  lw       x14, -0x28(x8)
#14316 0 800000a8 fe842783 r 0f         00000007  lw       x15, -0x18(x8)
#14317 0 800000ac 40f707b3 r 0f         00000001  sub      x15, x14, x15
#14318 0 800000b0     17fd r 0f         00000000  c.addi   x15, -0x1
#14319 0 800000b2     85be r 0b         00000000  c.mv     x11, x15
#14320 0 800000b4 fdc42503 r 0a         f0040fec  lw       x10, -0x24(x8)
#14321 0 800000b8     3f4d r 01         800000ba  c.jal    . - 0x4e
#14322 0 8000006a     7179 r 02         f0040f80  c.addi16sp -0x3
#14323 0 8000006c     d606 m f0040fac   800000ba  c.swsp   x1, 0x2c
#14324 0 8000006e     d422 m f0040fa8   f0040fe0  c.swsp   x8, 0x28
#14325 0 80000070     d226 m f0040fa4   00000014  c.swsp   x9, 0x24
#14326 0 80000072     1800 r 08         f0040fb0  c.addi4spn  x8, 0xc
#14327 0 80000074 fca42e23 m f0040f8c   f0040fec  sw       x10, -0x24(x8)
#14328 0 80000078 fcb42c23 m f0040f88   00000000  sw       x11, -0x28(x8)
#14329 0 8000007c fd842783 r 0f         00000000  lw       x15, -0x28(x8)
#14330 0 80000080 00f04463 r 00         00000000  blt      x0, x15, . + 0x8
#14331 0 80000084     4781 r 0f         00000000  c.li     x15, 0x0
#14332 0 80000086     a8b9 r 00         00000000  c.j      . + 0x5e
#14333 0 800000e4     853e r 0a         00000000  c.mv     x10, x15
#14334 0 800000e6     50b2 r 01         800000ba  c.lwsp   x1, 0x2c
#14335 0 800000e8     5422 r 08         f0040fe0  c.lwsp   x8, 0x28
#14336 0 800000ea     5492 r 09         00000014  c.lwsp   x9, 0x24
#14337 0 800000ec     6145 r 02         f0040fb0  c.addi16sp 0x3
#14338 0 800000ee     8082 r 00         00000000  c.jr     x1
#14339 0 800000ba     87aa r 0f         00000000  c.mv     x15, x10
#14340 0 800000bc     97a6 r 0f         00000014  c.add    x15, x9
#14341 0 800000be     85be r 0b         00000014  c.mv     x11, x15
#14342 0 800000c0 fec42503 r 0a         00000016  lw       x10, -0x14(x8)
#14343 0 800000c4     3749 r 01         800000c6  c.jal    . - 0x7e
#14344 0 80000046     1101 r 02         f0040f90  c.addi   x2, -0x20
#14345 0 80000048     ce22 m f0040fac   f0040fe0  c.swsp   x8, 0x1c
#14346 0 8000004a     1000 r 08         f0040fb0  c.addi4spn  x8, 0x8
#14347 0 8000004c fea42623 m f0040f9c   00000016  sw       x10, -0x14(x8)
#14348 0 80000050 feb42423 m f0040f98   00000014  sw       x11, -0x18(x8)
#14349 0 80000054 fec42703 r 0e         00000016  lw       x14, -0x14(x8)
#14350 0 80000058 fe842783 r 0f         00000014  lw       x15, -0x18(x8)
#14351 0 8000005c 00e7d363 r 00         00000000  bge      x15, x14, . + 0x6
#14352 0 80000060     87ba r 0f         00000016  c.mv     x15, x14
#14353 0 80000062     853e r 0a         00000016  c.mv     x10, x15
#14354 0 80000064     4472 r 08         f0040fe0  c.lwsp   x8, 0x1c
#14355 0 80000066     6105 r 02         f0040fb0  c.addi16sp 0x2
#14356 0 80000068     8082 r 00         00000000  c.jr     x1
#14357 0 800000c6 fea42623 m f0040fcc   00000016  sw       x10, -0x14(x8)
#14358 0 800000ca fe842783 r 0f         00000007  lw       x15, -0x18(x8)
#14359 0 800000ce     0785 r 0f         00000008  c.addi   x15, 0x1
#14360 0 800000d0 fef42423 m f0040fc8   00000008  sw       x15, -0x18(x8)
#14361 0 800000d4 fe842703 r 0e         00000008  lw       x14, -0x18(x8)
#14362 0 800000d8 fd842783 r 0f         00000008  lw       x15, -0x28(x8)
#14363 0 800000dc faf74de3 r 00         00000000  blt      x14, x15, . - 0x46
#14364 0 800000e0 fec42783 r 0f         00000016  lw       x15, -0x14(x8)
#14365 0 800000e4     853e r 0a         00000016  c.mv     x10, x15
#14366 0 800000e6     50b2 r 01         80000146  c.lwsp   x1, 0x2c
#14367 0 800000e8     5422 r 08         f0041020  c.lwsp   x8, 0x28
#14368 0 800000ea     5492 r 09         00000000  c.lwsp   x9, 0x24
#14369 0 800000ec     6145 r 02         f0040fe0  c.addi16sp 0x3
#14370 0 800000ee     8082 r 00         00000000  c.jr     x1
#14371 0 80000146     0001 r 00         00000000  c.nop
#14372 0 80000148     50f2 r 01         80000018  c.lwsp   x1, 0x3c
#14373 0 8000014a     5462 r 08         00000000  c.lwsp   x8, 0x38
#14374 0 8000014c     6121 r 02         f0041020  c.addi16sp 0x4
#14375 0 8000014e     8082 r 00         00000000  c.jr     x1
#14376 0 80000018 50580297 r 05         d0580018  auipc    x5, 0x50580
#14377 0 8000001c fe828293 r 05         d0580000  addi     x5, x5, -0x18
#14378 0 80000020 0ff00313 r 06         000000ff  addi     x6, x0, 0xff
#14379 0 80000024 00628023 m d0580000   000000ff  sb       x6, 0x0(x5)
