#1 0 80000000 595552b7 r 05         59555000  lui      x5, 0x59555
#2 0 80000004 55528293 r 05         59555555  addi     x5, x5, 0x555
#3 0 80000008 7c029073 c 07c0       59555555  csrrw    x0, mrac, x5
#4 0 8000000c 70041117 r 02         f004100c  auipc    x2, 0x70041
#5 0 80000010 0f410113 r 02         f0041100  addi     x2, x2, 0xf4
#6 0 80000014 146000ef r 01         80000018  jal      x1, . + 0x146
#7 0 8000015a     1101 r 02         f00410e0  c.addi   x2, -0x20
#8 0 8000015c     ce06 m f00410fc   80000018  c.swsp   x1, 0x1c
#9 0 8000015e     cc22 m f00410f8   00000000  c.swsp   x8, 0x18
#10 0 80000160     1000 r 08         f0041100  c.addi4spn  x8, 0x8
#11 0 80000162     4785 r 0f         00000001  c.li     x15, 0x1
#12 0 80000164 fef42623 m f00410ec   00000001  sw       x15, -0x14(x8)
#13 0 80000168 f00407b7 r 0f         f0040000  lui      x15, -0xffc0
#14 0 8000016c     4705 r 0e         00000001  c.li     x14, 0x1
#15 0 8000016e 0ee7a423 m f00400e8   00000001  sw       x14, 0xe8(x15)
#16 0 80000172     a099 r 00         00000000  c.j      . + 0x46
#17 0 800001b8 f00407b7 r 0f         f0040000  lui      x15, -0xffc0
#18 0 800001bc 0e87a703 r 0e         00000001  lw       x14, 0xe8(x15)
#19 0 800001c0 f00407b7 r 0f         f0040000  lui      x15, -0xffc0
#20 0 800001c4 0407a783 r 0f         00000004  lw       x15, 0x40(x15)
#21 0 800001c8 fae7d6e3 r 00         00000000  bge      x15, x14, . - 0x54
#22 0 80000174 f00407b7 r 0f         f0040000  lui      x15, -0xffc0
#23 0 80000178 0e87a783 r 0f         00000001  lw       x15, 0xe8(x15)
#24 0 8000017c f0040737 r 0e         f0040000  lui      x14, -0xffc0
#25 0 80000180 04870713 r 0e         f0040048  addi     x14, x14, 0x48
#26 0 80000184     078a r 0f         00000004  c.slli   x15, 2
#27 0 80000186     97ba r 0f         f004004c  c.add    x15, x14
#28 0 80000188 0007a023 m f004004c   00000000  sw       x0, 0x0(x15)
#29 0 8000018c f00407b7 r 0f         f0040000  lui      x15, -0xffc0
#30 0 80000190 0e87a783 r 0f         00000001  lw       x15, 0xe8(x15)
#31 0 80000194 f0040737 r 0e         f0040000  lui      x14, -0xffc0
#32 0 80000198 09870713 r 0e         f0040098  addi     x14, x14, 0x98
#33 0 8000019c     078a r 0f         00000004  c.slli   x15, 2
#34 0 8000019e     97ba r 0f         f004009c  c.add    x15, x14
#35 0 800001a0 0007a023 m f004009c   00000000  sw       x0, 0x0(x15)
#36 0 800001a4 f00407b7 r 0f         f0040000  lui      x15, -0xffc0
#37 0 800001a8 0e87a783 r 0f         00000001  lw       x15, 0xe8(x15)
#38 0 800001ac 00178713 r 0e         00000002  addi     x14, x15, 0x1
#39 0 800001b0 f00407b7 r 0f         f0040000  lui      x15, -0xffc0
#40 0 800001b4 0ee7a423 m f00400e8   00000002  sw       x14, 0xe8(x15)
#41 0 800001b8 f00407b7 r 0f         f0040000  lui      x15, -0xffc0
#42 0 800001bc 0e87a703 r 0e         00000002  lw       x14, 0xe8(x15)
#43 0 800001c0 f00407b7 r 0f         f0040000  lui      x15, -0xffc0
#44 0 800001c4 0407a783 r 0f         00000004  lw       x15, 0x40(x15)
#45 0 800001c8 fae7d6e3 r 00         00000000  bge      x15, x14, . - 0x54
#46 0 80000174 f00407b7 r 0f         f0040000  lui      x15, -0xffc0
#47 0 80000178 0e87a783 r 0f         00000002  lw       x15, 0xe8(x15)
#48 0 8000017c f0040737 r 0e         f0040000  lui      x14, -0xffc0
#49 0 80000180 04870713 r 0e         f0040048  addi     x14, x14, 0x48
#50 0 80000184     078a r 0f         00000008  c.slli   x15, 2
#51 0 80000186     97ba r 0f         f0040050  c.add    x15, x14
#52 0 80000188 0007a023 m f0040050   00000000  sw       x0, 0x0(x15)
#53 0 8000018c f00407b7 r 0f         f0040000  lui      x15, -0xffc0
#54 0 80000190 0e87a783 r 0f         00000002  lw       x15, 0xe8(x15)
#55 0 80000194 f0040737 r 0e         f0040000  lui      x14, -0xffc0
#56 0 80000198 09870713 r 0e         f0040098  addi     x14, x14, 0x98
#57 0 8000019c     078a r 0f         00000008  c.slli   x15, 2
#58 0 8000019e     97ba r 0f         f00400a0  c.add    x15, x14
#59 0 800001a0 0007a023 m f00400a0   00000000  sw       x0, 0x0(x15)
#60 0 800001a4 f00407b7 r 0f         f0040000  lui      x15, -0xffc0
#61 0 800001a8 0e87a783 r 0f         00000002  lw       x15, 0xe8(x15)
#62 0 800001ac 00178713 r 0e         00000003  addi     x14, x15, 0x1
#63 0 800001b0 f00407b7 r 0f         f0040000  lui      x15, -0xffc0
#64 0 800001b4 0ee7a423 m f00400e8   00000003  sw       x14, 0xe8(x15)
#65 0 800001b8 f00407b7 r 0f         f0040000  lui      x15, -0xffc0
#66 0 800001bc 0e87a703 r 0e         00000003  lw       x14, 0xe8(x15)
#67 0 800001c0 f00407b7 r 0f         f0040000  lui      x15, -0xffc0
#68 0 800001c4 0407a783 r 0f         00000004  lw       x15, 0x40(x15)
#69 0 800001c8 fae7d6e3 r 00         00000000  bge      x15, x14, . - 0x54
#70 0 80000174 f00407b7 r 0f         f0040000  lui      x15, -0xffc0
#71 0 80000178 0e87a783 r 0f         00000003  lw       x15, 0xe8(x15)
#72 0 8000017c f0040737 r 0e         f0040000  lui      x14, -0xffc0
#73 0 80000180 04870713 r 0e         f0040048  addi     x14, x14, 0x48
#74 0 80000184     078a r 0f         0000000c  c.slli   x15, 2
#75 0 80000186     97ba r 0f         f0040054  c.add    x15, x14
#76 0 80000188 0007a023 m f0040054   00000000  sw       x0, 0x0(x15)
#77 0 8000018c f00407b7 r 0f         f0040000  lui      x15, -0xffc0
#78 0 80000190 0e87a783 r 0f         00000003  lw       x15, 0xe8(x15)
#79 0 80000194 f0040737 r 0e         f0040000  lui      x14, -0xffc0
#80 0 80000198 09870713 r 0e         f0040098  addi     x14, x14, 0x98
#81 0 8000019c     078a r 0f         0000000c  c.slli   x15, 2
#82 0 8000019e     97ba r 0f         f00400a4  c.add    x15, x14
#83 0 800001a0 0007a023 m f00400a4   00000000  sw       x0, 0x0(x15)
#84 0 800001a4 f00407b7 r 0f         f0040000  lui      x15, -0xffc0
#85 0 800001a8 0e87a783 r 0f         00000003  lw       x15, 0xe8(x15)
#86 0 800001ac 00178713 r 0e         00000004  addi     x14, x15, 0x1
#87 0 800001b0 f00407b7 r 0f         f0040000  lui      x15, -0xffc0
#88 0 800001b4 0ee7a423 m f00400e8   00000004  sw       x14, 0xe8(x15)
#89 0 800001b8 f00407b7 r 0f         f0040000  lui      x15, -0xffc0
#90 0 800001bc 0e87a703 r 0e         00000004  lw       x14, 0xe8(x15)
#91 0 800001c0 f00407b7 r 0f         f0040000  lui      x15, -0xffc0
#92 0 800001c4 0407a783 r 0f         00000004  lw       x15, 0x40(x15)
#93 0 800001c8 fae7d6e3 r 00         00000000  bge      x15, x14, . - 0x54
#94 0 80000174 f00407b7 r 0f         f0040000  lui      x15, -0xffc0
#95 0 80000178 0e87a783 r 0f         00000004  lw       x15, 0xe8(x15)
#96 0 8000017c f0040737 r 0e         f0040000  lui      x14, -0xffc0
#97 0 80000180 04870713 r 0e         f0040048  addi     x14, x14, 0x48
#98 0 80000184     078a r 0f         00000010  c.slli   x15, 2
#99 0 80000186     97ba r 0f         f0040058  c.add    x15, x14
#100 0 80000188 0007a023 m f0040058   00000000  sw       x0, 0x0(x15)
#101 0 8000018c f00407b7 r 0f         f0040000  lui      x15, -0xffc0
#102 0 80000190 0e87a783 r 0f         00000004  lw       x15, 0xe8(x15)
#103 0 80000194 f0040737 r 0e         f0040000  lui      x14, -0xffc0
#104 0 80000198 09870713 r 0e         f0040098  addi     x14, x14, 0x98
#105 0 8000019c     078a r 0f         00000010  c.slli   x15, 2
#106 0 8000019e     97ba r 0f         f00400a8  c.add    x15, x14
#107 0 800001a0 0007a023 m f00400a8   00000000  sw       x0, 0x0(x15)
#108 0 800001a4 f00407b7 r 0f         f0040000  lui      x15, -0xffc0
#109 0 800001a8 0e87a783 r 0f         00000004  lw       x15, 0xe8(x15)
#110 0 800001ac 00178713 r 0e         00000005  addi     x14, x15, 0x1
#111 0 800001b0 f00407b7 r 0f         f0040000  lui      x15, -0xffc0
#112 0 800001b4 0ee7a423 m f00400e8   00000005  sw       x14, 0xe8(x15)
#113 0 800001b8 f00407b7 r 0f         f0040000  lui      x15, -0xffc0
#114 0 800001bc 0e87a703 r 0e         00000005  lw       x14, 0xe8(x15)
#115 0 800001c0 f00407b7 r 0f         f0040000  lui      x15, -0xffc0
#116 0 800001c4 0407a783 r 0f         00000004  lw       x15, 0x40(x15)
#117 0 800001c8 fae7d6e3 r 00         00000000  bge      x15, x14, . - 0x54
#118 0 800001cc fec42503 r 0a         00000001  lw       x10, -0x14(x8)
#119 0 800001d0     3d9d r 01         800001d2  c.jal    . - 0x18a
#120 0 80000046     1101 r 02         f00410c0  c.addi   x2, -0x20
#121 0 80000048     ce06 m f00410dc   800001d2  c.swsp   x1, 0x1c
#122 0 8000004a     cc22 m f00410d8   f0041100  c.swsp   x8, 0x18
#123 0 8000004c     1000 r 08         f00410e0  c.addi4spn  x8, 0x8
#124 0 8000004e fea42623 m f00410cc   00000001  sw       x10, -0x14(x8)
#125 0 80000052 f00407b7 r 0f         f0040000  lui      x15, -0xffc0
#126 0 80000056     4705 r 0e         00000001  c.li     x14, 0x1
#127 0 80000058 0ee7a423 m f00400e8   00000001  sw       x14, 0xe8(x15)
#128 0 8000005c     a041 r 00         00000000  c.j      . + 0x80
#129 0 800000dc f00407b7 r 0f         f0040000  lui      x15, -0xffc0
#130 0 800000e0 0e87a703 r 0e         00000001  lw       x14, 0xe8(x15)
#131 0 800000e4 f00407b7 r 0f         f0040000  lui      x15, -0xffc0
#132 0 800000e8 0407a783 r 0f         00000004  lw       x15, 0x40(x15)
#133 0 800000ec f6e7d9e3 r 00         00000000  bge      x15, x14, . - 0x8e
#134 0 8000005e f00407b7 r 0f         f0040000  lui      x15, -0xffc0
#135 0 80000062 0e87a783 r 0f         00000001  lw       x15, 0xe8(x15)
#136 0 80000066 f0040737 r 0e         f0040000  lui      x14, -0xffc0
#137 0 8000006a 00070713 r 0e         f0040000  addi     x14, x14, 0x0
#138 0 8000006e fec42683 r 0d         00000001  lw       x13, -0x14(x8)
#139 0 80000072     068a r 0d         00000004  c.slli   x13, 2
#140 0 80000074     97b6 r 0f         00000005  c.add    x15, x13
#141 0 80000076     078a r 0f         00000014  c.slli   x15, 2
#142 0 80000078     97ba r 0f         f0040014  c.add    x15, x14
#143 0 8000007a     439c r 0f         00000001  c.lw     x15, 0x0(x15)
#144 0 8000007c     c7b1 r 00         00000000  c.beqz   x15, . + 0x4c
#145 0 8000007e f00407b7 r 0f         f0040000  lui      x15, -0xffc0
#146 0 80000082 0e87a783 r 0f         00000001  lw       x15, 0xe8(x15)
#147 0 80000086 f0040737 r 0e         f0040000  lui      x14, -0xffc0
#148 0 8000008a 09870713 r 0e         f0040098  addi     x14, x14, 0x98
#149 0 8000008e     078a r 0f         00000004  c.slli   x15, 2
#150 0 80000090     97ba r 0f         f004009c  c.add    x15, x14
#151 0 80000092     439c r 0f         00000000  c.lw     x15, 0x0(x15)
#152 0 80000094     eb95 r 00         00000000  c.bnez   x15, . + 0x34
#153 0 80000096 f00407b7 r 0f         f0040000  lui      x15, -0xffc0
#154 0 8000009a 0447a783 r 0f         ffffffff  lw       x15, 0x44(x15)
#155 0 8000009e 00178713 r 0e         00000000  addi     x14, x15, 0x1
#156 0 800000a2 f00407b7 r 0f         f0040000  lui      x15, -0xffc0
#157 0 800000a6 04e7a223 m f0040044   00000000  sw       x14, 0x44(x15)
#158 0 800000aa f00407b7 r 0f         f0040000  lui      x15, -0xffc0
#159 0 800000ae 0447a783 r 0f         00000000  lw       x15, 0x44(x15)
#160 0 800000b2 f0040737 r 0e         f0040000  lui      x14, -0xffc0
#161 0 800000b6 0e872703 r 0e         00000001  lw       x14, 0xe8(x14)
#162 0 800000ba f00406b7 r 0d         f0040000  lui      x13, -0xffc0
#163 0 800000be 04868693 r 0d         f0040048  addi     x13, x13, 0x48
#164 0 800000c2     078a r 0f         00000000  c.slli   x15, 2
#165 0 800000c4     97b6 r 0f         f0040048  c.add    x15, x13
#166 0 800000c6     c398 m f0040048   00000001  c.sw     x14, 0x0(x15)
#167 0 800000c8 f00407b7 r 0f         f0040000  lui      x15, -0xffc0
#168 0 800000cc 0e87a783 r 0f         00000001  lw       x15, 0xe8(x15)
#169 0 800000d0 00178713 r 0e         00000002  addi     x14, x15, 0x1
#170 0 800000d4 f00407b7 r 0f         f0040000  lui      x15, -0xffc0
#171 0 800000d8 0ee7a423 m f00400e8   00000002  sw       x14, 0xe8(x15)
#172 0 800000dc f00407b7 r 0f         f0040000  lui      x15, -0xffc0
#173 0 800000e0 0e87a703 r 0e         00000002  lw       x14, 0xe8(x15)
#174 0 800000e4 f00407b7 r 0f         f0040000  lui      x15, -0xffc0
#175 0 800000e8 0407a783 r 0f         00000004  lw       x15, 0x40(x15)
#176 0 800000ec f6e7d9e3 r 00         00000000  bge      x15, x14, . - 0x8e
#177 0 8000005e f00407b7 r 0f         f0040000  lui      x15, -0xffc0
#178 0 80000062 0e87a783 r 0f         00000002  lw       x15, 0xe8(x15)
#179 0 80000066 f0040737 r 0e         f0040000  lui      x14, -0xffc0
#180 0 8000006a 00070713 r 0e         f0040000  addi     x14, x14, 0x0
#181 0 8000006e fec42683 r 0d         00000001  lw       x13, -0x14(x8)
#182 0 80000072     068a r 0d         00000004  c.slli   x13, 2
#183 0 80000074     97b6 r 0f         00000006  c.add    x15, x13
#184 0 80000076     078a r 0f         00000018  c.slli   x15, 2
#185 0 80000078     97ba r 0f         f0040018  c.add    x15, x14
#186 0 8000007a     439c r 0f         00000001  c.lw     x15, 0x0(x15)
#187 0 8000007c     c7b1 r 00         00000000  c.beqz   x15, . + 0x4c
#188 0 8000007e f00407b7 r 0f         f0040000  lui      x15, -0xffc0
#189 0 80000082 0e87a783 r 0f         00000002  lw       x15, 0xe8(x15)
#190 0 80000086 f0040737 r 0e         f0040000  lui      x14, -0xffc0
#191 0 8000008a 09870713 r 0e         f0040098  addi     x14, x14, 0x98
#192 0 8000008e     078a r 0f         00000008  c.slli   x15, 2
#193 0 80000090     97ba r 0f         f00400a0  c.add    x15, x14
#194 0 80000092     439c r 0f         00000000  c.lw     x15, 0x0(x15)
#195 0 80000094     eb95 r 00         00000000  c.bnez   x15, . + 0x34
#196 0 80000096 f00407b7 r 0f         f0040000  lui      x15, -0xffc0
#197 0 8000009a 0447a783 r 0f         00000000  lw       x15, 0x44(x15)
#198 0 8000009e 00178713 r 0e         00000001  addi     x14, x15, 0x1
#199 0 800000a2 f00407b7 r 0f         f0040000  lui      x15, -0xffc0
#200 0 800000a6 04e7a223 m f0040044   00000001  sw       x14, 0x44(x15)
#201 0 800000aa f00407b7 r 0f         f0040000  lui      x15, -0xffc0
#202 0 800000ae 0447a783 r 0f         00000001  lw       x15, 0x44(x15)
#203 0 800000b2 f0040737 r 0e         f0040000  lui      x14, -0xffc0
#204 0 800000b6 0e872703 r 0e         00000002  lw       x14, 0xe8(x14)
#205 0 800000ba f00406b7 r 0d         f0040000  lui      x13, -0xffc0
#206 0 800000be 04868693 r 0d         f0040048  addi     x13, x13, 0x48
#207 0 800000c2     078a r 0f         00000004  c.slli   x15, 2
#208 0 800000c4     97b6 r 0f         f004004c  c.add    x15, x13
#209 0 800000c6     c398 m f004004c   00000002  c.sw     x14, 0x0(x15)
#210 0 800000c8 f00407b7 r 0f         f0040000  lui      x15, -0xffc0
#211 0 800000cc 0e87a783 r 0f         00000002  lw       x15, 0xe8(x15)
#212 0 800000d0 00178713 r 0e         00000003  addi     x14, x15, 0x1
#213 0 800000d4 f00407b7 r 0f         f0040000  lui      x15, -0xffc0
#214 0 800000d8 0ee7a423 m f00400e8   00000003  sw       x14, 0xe8(x15)
#215 0 800000dc f00407b7 r 0f         f0040000  lui      x15, -0xffc0
#216 0 800000e0 0e87a703 r 0e         00000003  lw       x14, 0xe8(x15)
#217 0 800000e4 f00407b7 r 0f         f0040000  lui      x15, -0xffc0
#218 0 800000e8 0407a783 r 0f         00000004  lw       x15, 0x40(x15)
#219 0 800000ec f6e7d9e3 r 00         00000000  bge      x15, x14, . - 0x8e
#220 0 8000005e f00407b7 r 0f         f0040000  lui      x15, -0xffc0
#221 0 80000062 0e87a783 r 0f         00000003  lw       x15, 0xe8(x15)
#222 0 80000066 f0040737 r 0e         f0040000  lui      x14, -0xffc0
#223 0 8000006a 00070713 r 0e         f0040000  addi     x14, x14, 0x0
#224 0 8000006e fec42683 r 0d         00000001  lw       x13, -0x14(x8)
#225 0 80000072     068a r 0d         00000004  c.slli   x13, 2
#226 0 80000074     97b6 r 0f         00000007  c.add    x15, x13
#227 0 80000076     078a r 0f         0000001c  c.slli   x15, 2
#228 0 80000078     97ba r 0f         f004001c  c.add    x15, x14
#229 0 8000007a     439c r 0f         00000000  c.lw     x15, 0x0(x15)
#230 0 8000007c     c7b1 r 00         00000000  c.beqz   x15, . + 0x4c
#231 0 800000c8 f00407b7 r 0f         f0040000  lui      x15, -0xffc0
#232 0 800000cc 0e87a783 r 0f         00000003  lw       x15, 0xe8(x15)
#233 0 800000d0 00178713 r 0e         00000004  addi     x14, x15, 0x1
#234 0 800000d4 f00407b7 r 0f         f0040000  lui      x15, -0xffc0
#235 0 800000d8 0ee7a423 m f00400e8   00000004  sw       x14, 0xe8(x15)
#236 0 800000dc f00407b7 r 0f         f0040000  lui      x15, -0xffc0
#237 0 800000e0 0e87a703 r 0e         00000004  lw       x14, 0xe8(x15)
#238 0 800000e4 f00407b7 r 0f         f0040000  lui      x15, -0xffc0
#239 0 800000e8 0407a783 r 0f         00000004  lw       x15, 0x40(x15)
#240 0 800000ec f6e7d9e3 r 00         00000000  bge      x15, x14, . - 0x8e
#241 0 8000005e f00407b7 r 0f         f0040000  lui      x15, -0xffc0
#242 0 80000062 0e87a783 r 0f         00000004  lw       x15, 0xe8(x15)
#243 0 80000066 f0040737 r 0e         f0040000  lui      x14, -0xffc0
#244 0 8000006a 00070713 r 0e         f0040000  addi     x14, x14, 0x0
#245 0 8000006e fec42683 r 0d         00000001  lw       x13, -0x14(x8)
#246 0 80000072     068a r 0d         00000004  c.slli   x13, 2
#247 0 80000074     97b6 r 0f         00000008  c.add    x15, x13
#248 0 80000076     078a r 0f         00000020  c.slli   x15, 2
#249 0 80000078     97ba r 0f         f0040020  c.add    x15, x14
#250 0 8000007a     439c r 0f         00000001  c.lw     x15, 0x0(x15)
#251 0 8000007c     c7b1 r 00         00000000  c.beqz   x15, . + 0x4c
#252 0 8000007e f00407b7 r 0f         f0040000  lui      x15, -0xffc0
#253 0 80000082 0e87a783 r 0f         00000004  lw       x15, 0xe8(x15)
#254 0 80000086 f0040737 r 0e         f0040000  lui      x14, -0xffc0
#255 0 8000008a 09870713 r 0e         f0040098  addi     x14, x14, 0x98
#256 0 8000008e     078a r 0f         00000010  c.slli   x15, 2
#257 0 80000090     97ba r 0f         f00400a8  c.add    x15, x14
#258 0 80000092     439c r 0f         00000000  c.lw     x15, 0x0(x15)
#259 0 80000094     eb95 r 00         00000000  c.bnez   x15, . + 0x34
#260 0 80000096 f00407b7 r 0f         f0040000  lui      x15, -0xffc0
#261 0 8000009a 0447a783 r 0f         00000001  lw       x15, 0x44(x15)
#262 0 8000009e 00178713 r 0e         00000002  addi     x14, x15, 0x1
#263 0 800000a2 f00407b7 r 0f         f0040000  lui      x15, -0xffc0
#264 0 800000a6 04e7a223 m f0040044   00000002  sw       x14, 0x44(x15)
#265 0 800000aa f00407b7 r 0f         f0040000  lui      x15, -0xffc0
#266 0 800000ae 0447a783 r 0f         00000002  lw       x15, 0x44(x15)
#267 0 800000b2 f0040737 r 0e         f0040000  lui      x14, -0xffc0
#268 0 800000b6 0e872703 r 0e         00000004  lw       x14, 0xe8(x14)
#269 0 800000ba f00406b7 r 0d         f0040000  lui      x13, -0xffc0
#270 0 800000be 04868693 r 0d         f0040048  addi     x13, x13, 0x48
#271 0 800000c2     078a r 0f         00000008  c.slli   x15, 2
#272 0 800000c4     97b6 r 0f         f0040050  c.add    x15, x13
#273 0 800000c6     c398 m f0040050   00000004  c.sw     x14, 0x0(x15)
#274 0 800000c8 f00407b7 r 0f         f0040000  lui      x15, -0xffc0
#275 0 800000cc 0e87a783 r 0f         00000004  lw       x15, 0xe8(x15)
#276 0 800000d0 00178713 r 0e         00000005  addi     x14, x15, 0x1
#277 0 800000d4 f00407b7 r 0f         f0040000  lui      x15, -0xffc0
#278 0 800000d8 0ee7a423 m f00400e8   00000005  sw       x14, 0xe8(x15)
#279 0 800000dc f00407b7 r 0f         f0040000  lui      x15, -0xffc0
#280 0 800000e0 0e87a703 r 0e         00000005  lw       x14, 0xe8(x15)
#281 0 800000e4 f00407b7 r 0f         f0040000  lui      x15, -0xffc0
#282 0 800000e8 0407a783 r 0f         00000004  lw       x15, 0x40(x15)
#283 0 800000ec f6e7d9e3 r 00         00000000  bge      x15, x14, . - 0x8e
#284 0 800000f0 f00407b7 r 0f         f0040000  lui      x15, -0xffc0
#285 0 800000f4 0f07a703 r 0e         00000000  lw       x14, 0xf0(x15)
#286 0 800000f8 f00407b7 r 0f         f0040000  lui      x15, -0xffc0
#287 0 800000fc 0447a783 r 0f         00000002  lw       x15, 0x44(x15)
#288 0 80000100 04e7c863 r 00         00000000  blt      x15, x14, . + 0x50
#289 0 80000104 f00407b7 r 0f         f0040000  lui      x15, -0xffc0
#290 0 80000108 0f07a783 r 0f         00000000  lw       x15, 0xf0(x15)
#291 0 8000010c f0040737 r 0e         f0040000  lui      x14, -0xffc0
#292 0 80000110 04870713 r 0e         f0040048  addi     x14, x14, 0x48
#293 0 80000114     078a r 0f         00000000  c.slli   x15, 2
#294 0 80000116     97ba r 0f         f0040048  c.add    x15, x14
#295 0 80000118     439c r 0f         00000001  c.lw     x15, 0x0(x15)
#296 0 8000011a f0040737 r 0e         f0040000  lui      x14, -0xffc0
#297 0 8000011e 09870713 r 0e         f0040098  addi     x14, x14, 0x98
#298 0 80000122     078a r 0f         00000004  c.slli   x15, 2
#299 0 80000124     97ba r 0f         f004009c  c.add    x15, x14
#300 0 80000126     4705 r 0e         00000001  c.li     x14, 0x1
#301 0 80000128     c398 m f004009c   00000001  c.sw     x14, 0x0(x15)
#302 0 8000012a f00407b7 r 0f         f0040000  lui      x15, -0xffc0
#303 0 8000012e 0f07a783 r 0f         00000000  lw       x15, 0xf0(x15)
#304 0 80000132 00178693 r 0d         00000001  addi     x13, x15, 0x1
#305 0 80000136 f0040737 r 0e         f0040000  lui      x14, -0xffc0
#306 0 8000013a 0ed72823 m f00400f0   00000001  sw       x13, 0xf0(x14)
#307 0 8000013e f0040737 r 0e         f0040000  lui      x14, -0xffc0
#308 0 80000142 04870713 r 0e         f0040048  addi     x14, x14, 0x48
#309 0 80000146     078a r 0f         00000000  c.slli   x15, 2
#310 0 80000148     97ba r 0f         f0040048  c.add    x15, x14
#311 0 8000014a     439c r 0f         00000001  c.lw     x15, 0x0(x15)
#312 0 8000014c     853e r 0a         00000001  c.mv     x10, x15
#313 0 8000014e     3de5 r 01         80000150  c.jal    . - 0x108
#314 0 80000046     1101 r 02         f00410a0  c.addi   x2, -0x20
#315 0 80000048     ce06 m f00410bc   80000150  c.swsp   x1, 0x1c
#316 0 8000004a     cc22 m f00410b8   f00410e0  c.swsp   x8, 0x18
#317 0 8000004c     1000 r 08         f00410c0  c.addi4spn  x8, 0x8
#318 0 8000004e fea42623 m f00410ac   00000001  sw       x10, -0x14(x8)
#319 0 80000052 f00407b7 r 0f         f0040000  lui      x15, -0xffc0
#320 0 80000056     4705 r 0e         00000001  c.li     x14, 0x1
#321 0 80000058 0ee7a423 m f00400e8   00000001  sw       x14, 0xe8(x15)
#322 0 8000005c     a041 r 00         00000000  c.j      . + 0x80
#323 0 800000dc f00407b7 r 0f         f0040000  lui      x15, -0xffc0
#324 0 800000e0 0e87a703 r 0e         00000001  lw       x14, 0xe8(x15)
#325 0 800000e4 f00407b7 r 0f         f0040000  lui      x15, -0xffc0
#326 0 800000e8 0407a783 r 0f         00000004  lw       x15, 0x40(x15)
#327 0 800000ec f6e7d9e3 r 00         00000000  bge      x15, x14, . - 0x8e
#328 0 8000005e f00407b7 r 0f         f0040000  lui      x15, -0xffc0
#329 0 80000062 0e87a783 r 0f         00000001  lw       x15, 0xe8(x15)
#330 0 80000066 f0040737 r 0e         f0040000  lui      x14, -0xffc0
#331 0 8000006a 00070713 r 0e         f0040000  addi     x14, x14, 0x0
#332 0 8000006e fec42683 r 0d         00000001  lw       x13, -0x14(x8)
#333 0 80000072     068a r 0d         00000004  c.slli   x13, 2
#334 0 80000074     97b6 r 0f         00000005  c.add    x15, x13
#335 0 80000076     078a r 0f         00000014  c.slli   x15, 2
#336 0 80000078     97ba r 0f         f0040014  c.add    x15, x14
#337 0 8000007a     439c r 0f         00000001  c.lw     x15, 0x0(x15)
#338 0 8000007c     c7b1 r 00         00000000  c.beqz   x15, . + 0x4c
#339 0 8000007e f00407b7 r 0f         f0040000  lui      x15, -0xffc0
#340 0 80000082 0e87a783 r 0f         00000001  lw       x15, 0xe8(x15)
#341 0 80000086 f0040737 r 0e         f0040000  lui      x14, -0xffc0
#342 0 8000008a 09870713 r 0e         f0040098  addi     x14, x14, 0x98
#343 0 8000008e     078a r 0f         00000004  c.slli   x15, 2
#344 0 80000090     97ba r 0f         f004009c  c.add    x15, x14
#345 0 80000092     439c r 0f         00000001  c.lw     x15, 0x0(x15)
#346 0 80000094     eb95 r 00         00000000  c.bnez   x15, . + 0x34
#347 0 800000c8 f00407b7 r 0f         f0040000  lui      x15, -0xffc0
#348 0 800000cc 0e87a783 r 0f         00000001  lw       x15, 0xe8(x15)
#349 0 800000d0 00178713 r 0e         00000002  addi     x14, x15, 0x1
#350 0 800000d4 f00407b7 r 0f         f0040000  lui      x15, -0xffc0
#351 0 800000d8 0ee7a423 m f00400e8   00000002  sw       x14, 0xe8(x15)
#352 0 800000dc f00407b7 r 0f         f0040000  lui      x15, -0xffc0
#353 0 800000e0 0e87a703 r 0e         00000002  lw       x14, 0xe8(x15)
#354 0 800000e4 f00407b7 r 0f         f0040000  lui      x15, -0xffc0
#355 0 800000e8 0407a783 r 0f         00000004  lw       x15, 0x40(x15)
#356 0 800000ec f6e7d9e3 r 00         00000000  bge      x15, x14, . - 0x8e
#357 0 8000005e f00407b7 r 0f         f0040000  lui      x15, -0xffc0
#358 0 80000062 0e87a783 r 0f         00000002  lw       x15, 0xe8(x15)
#359 0 80000066 f0040737 r 0e         f0040000  lui      x14, -0xffc0
#360 0 8000006a 00070713 r 0e         f0040000  addi     x14, x14, 0x0
#361 0 8000006e fec42683 r 0d         00000001  lw       x13, -0x14(x8)
#362 0 80000072     068a r 0d         00000004  c.slli   x13, 2
#363 0 80000074     97b6 r 0f         00000006  c.add    x15, x13
#364 0 80000076     078a r 0f         00000018  c.slli   x15, 2
#365 0 80000078     97ba r 0f         f0040018  c.add    x15, x14
#366 0 8000007a     439c r 0f         00000001  c.lw     x15, 0x0(x15)
#367 0 8000007c     c7b1 r 00         00000000  c.beqz   x15, . + 0x4c
#368 0 8000007e f00407b7 r 0f         f0040000  lui      x15, -0xffc0
#369 0 80000082 0e87a783 r 0f         00000002  lw       x15, 0xe8(x15)
#370 0 80000086 f0040737 r 0e         f0040000  lui      x14, -0xffc0
#371 0 8000008a 09870713 r 0e         f0040098  addi     x14, x14, 0x98
#372 0 8000008e     078a r 0f         00000008  c.slli   x15, 2
#373 0 80000090     97ba r 0f         f00400a0  c.add    x15, x14
#374 0 80000092     439c r 0f         00000000  c.lw     x15, 0x0(x15)
#375 0 80000094     eb95 r 00         00000000  c.bnez   x15, . + 0x34
#376 0 80000096 f00407b7 r 0f         f0040000  lui      x15, -0xffc0
#377 0 8000009a 0447a783 r 0f         00000002  lw       x15, 0x44(x15)
#378 0 8000009e 00178713 r 0e         00000003  addi     x14, x15, 0x1
#379 0 800000a2 f00407b7 r 0f         f0040000  lui      x15, -0xffc0
#380 0 800000a6 04e7a223 m f0040044   00000003  sw       x14, 0x44(x15)
#381 0 800000aa f00407b7 r 0f         f0040000  lui      x15, -0xffc0
#382 0 800000ae 0447a783 r 0f         00000003  lw       x15, 0x44(x15)
#383 0 800000b2 f0040737 r 0e         f0040000  lui      x14, -0xffc0
#384 0 800000b6 0e872703 r 0e         00000002  lw       x14, 0xe8(x14)
#385 0 800000ba f00406b7 r 0d         f0040000  lui      x13, -0xffc0
#386 0 800000be 04868693 r 0d         f0040048  addi     x13, x13, 0x48
#387 0 800000c2     078a r 0f         0000000c  c.slli   x15, 2
#388 0 800000c4     97b6 r 0f         f0040054  c.add    x15, x13
#389 0 800000c6     c398 m f0040054   00000002  c.sw     x14, 0x0(x15)
#390 0 800000c8 f00407b7 r 0f         f0040000  lui      x15, -0xffc0
#391 0 800000cc 0e87a783 r 0f         00000002  lw       x15, 0xe8(x15)
#392 0 800000d0 00178713 r 0e         00000003  addi     x14, x15, 0x1
#393 0 800000d4 f00407b7 r 0f         f0040000  lui      x15, -0xffc0
#394 0 800000d8 0ee7a423 m f00400e8   00000003  sw       x14, 0xe8(x15)
#395 0 800000dc f00407b7 r 0f         f0040000  lui      x15, -0xffc0
#396 0 800000e0 0e87a703 r 0e         00000003  lw       x14, 0xe8(x15)
#397 0 800000e4 f00407b7 r 0f         f0040000  lui      x15, -0xffc0
#398 0 800000e8 0407a783 r 0f         00000004  lw       x15, 0x40(x15)
#399 0 800000ec f6e7d9e3 r 00         00000000  bge      x15, x14, . - 0x8e
#400 0 8000005e f00407b7 r 0f         f0040000  lui      x15, -0xffc0
#401 0 80000062 0e87a783 r 0f         00000003  lw       x15, 0xe8(x15)
#402 0 80000066 f0040737 r 0e         f0040000  lui      x14, -0xffc0
#403 0 8000006a 00070713 r 0e         f0040000  addi     x14, x14, 0x0
#404 0 8000006e fec42683 r 0d         00000001  lw       x13, -0x14(x8)
#405 0 80000072     068a r 0d         00000004  c.slli   x13, 2
#406 0 80000074     97b6 r 0f         00000007  c.add    x15, x13
#407 0 80000076     078a r 0f         0000001c  c.slli   x15, 2
#408 0 80000078     97ba r 0f         f004001c  c.add    x15, x14
#409 0 8000007a     439c r 0f         00000000  c.lw     x15, 0x0(x15)
#410 0 8000007c     c7b1 r 00         00000000  c.beqz   x15, . + 0x4c
#411 0 800000c8 f00407b7 r 0f         f0040000  lui      x15, -0xffc0
#412 0 800000cc 0e87a783 r 0f         00000003  lw       x15, 0xe8(x15)
#413 0 800000d0 00178713 r 0e         00000004  addi     x14, x15, 0x1
#414 0 800000d4 f00407b7 r 0f         f0040000  lui      x15, -0xffc0
#415 0 800000d8 0ee7a423 m f00400e8   00000004  sw       x14, 0xe8(x15)
#416 0 800000dc f00407b7 r 0f         f0040000  lui      x15, -0xffc0
#417 0 800000e0 0e87a703 r 0e         00000004  lw       x14, 0xe8(x15)
#418 0 800000e4 f00407b7 r 0f         f0040000  lui      x15, -0xffc0
#419 0 800000e8 0407a783 r 0f         00000004  lw       x15, 0x40(x15)
#420 0 800000ec f6e7d9e3 r 00         00000000  bge      x15, x14, . - 0x8e
#421 0 8000005e f00407b7 r 0f         f0040000  lui      x15, -0xffc0
#422 0 80000062 0e87a783 r 0f         00000004  lw       x15, 0xe8(x15)
#423 0 80000066 f0040737 r 0e         f0040000  lui      x14, -0xffc0
#424 0 8000006a 00070713 r 0e         f0040000  addi     x14, x14, 0x0
#425 0 8000006e fec42683 r 0d         00000001  lw       x13, -0x14(x8)
#426 0 80000072     068a r 0d         00000004  c.slli   x13, 2
#427 0 80000074     97b6 r 0f         00000008  c.add    x15, x13
#428 0 80000076     078a r 0f         00000020  c.slli   x15, 2
#429 0 80000078     97ba r 0f         f0040020  c.add    x15, x14
#430 0 8000007a     439c r 0f         00000001  c.lw     x15, 0x0(x15)
#431 0 8000007c     c7b1 r 00         00000000  c.beqz   x15, . + 0x4c
#432 0 8000007e f00407b7 r 0f         f0040000  lui      x15, -0xffc0
#433 0 80000082 0e87a783 r 0f         00000004  lw       x15, 0xe8(x15)
#434 0 80000086 f0040737 r 0e         f0040000  lui      x14, -0xffc0
#435 0 8000008a 09870713 r 0e         f0040098  addi     x14, x14, 0x98
#436 0 8000008e     078a r 0f         00000010  c.slli   x15, 2
#437 0 80000090     97ba r 0f         f00400a8  c.add    x15, x14
#438 0 80000092     439c r 0f         00000000  c.lw     x15, 0x0(x15)
#439 0 80000094     eb95 r 00         00000000  c.bnez   x15, . + 0x34
#440 0 80000096 f00407b7 r 0f         f0040000  lui      x15, -0xffc0
#441 0 8000009a 0447a783 r 0f         00000003  lw       x15, 0x44(x15)
#442 0 8000009e 00178713 r 0e         00000004  addi     x14, x15, 0x1
#443 0 800000a2 f00407b7 r 0f         f0040000  lui      x15, -0xffc0
#444 0 800000a6 04e7a223 m f0040044   00000004  sw       x14, 0x44(x15)
#445 0 800000aa f00407b7 r 0f         f0040000  lui      x15, -0xffc0
#446 0 800000ae 0447a783 r 0f         00000004  lw       x15, 0x44(x15)
#447 0 800000b2 f0040737 r 0e         f0040000  lui      x14, -0xffc0
#448 0 800000b6 0e872703 r 0e         00000004  lw       x14, 0xe8(x14)
#449 0 800000ba f00406b7 r 0d         f0040000  lui      x13, -0xffc0
#450 0 800000be 04868693 r 0d         f0040048  addi     x13, x13, 0x48
#451 0 800000c2     078a r 0f         00000010  c.slli   x15, 2
#452 0 800000c4     97b6 r 0f         f0040058  c.add    x15, x13
#453 0 800000c6     c398 m f0040058   00000004  c.sw     x14, 0x0(x15)
#454 0 800000c8 f00407b7 r 0f         f0040000  lui      x15, -0xffc0
#455 0 800000cc 0e87a783 r 0f         00000004  lw       x15, 0xe8(x15)
#456 0 800000d0 00178713 r 0e         00000005  addi     x14, x15, 0x1
#457 0 800000d4 f00407b7 r 0f         f0040000  lui      x15, -0xffc0
#458 0 800000d8 0ee7a423 m f00400e8   00000005  sw       x14, 0xe8(x15)
#459 0 800000dc f00407b7 r 0f         f0040000  lui      x15, -0xffc0
#460 0 800000e0 0e87a703 r 0e         00000005  lw       x14, 0xe8(x15)
#461 0 800000e4 f00407b7 r 0f         f0040000  lui      x15, -0xffc0
#462 0 800000e8 0407a783 r 0f         00000004  lw       x15, 0x40(x15)
#463 0 800000ec f6e7d9e3 r 00         00000000  bge      x15, x14, . - 0x8e
#464 0 800000f0 f00407b7 r 0f         f0040000  lui      x15, -0xffc0
#465 0 800000f4 0f07a703 r 0e         00000001  lw       x14, 0xf0(x15)
#466 0 800000f8 f00407b7 r 0f         f0040000  lui      x15, -0xffc0
#467 0 800000fc 0447a783 r 0f         00000004  lw       x15, 0x44(x15)
#468 0 80000100 04e7c863 r 00         00000000  blt      x15, x14, . + 0x50
#469 0 80000104 f00407b7 r 0f         f0040000  lui      x15, -0xffc0
#470 0 80000108 0f07a783 r 0f         00000001  lw       x15, 0xf0(x15)
#471 0 8000010c f0040737 r 0e         f0040000  lui      x14, -0xffc0
#472 0 80000110 04870713 r 0e         f0040048  addi     x14, x14, 0x48
#473 0 80000114     078a r 0f         00000004  c.slli   x15, 2
#474 0 80000116     97ba r 0f         f004004c  c.add    x15, x14
#475 0 80000118     439c r 0f         00000002  c.lw     x15, 0x0(x15)
#476 0 8000011a f0040737 r 0e         f0040000  lui      x14, -0xffc0
#477 0 8000011e 09870713 r 0e         f0040098  addi     x14, x14, 0x98
#478 0 80000122     078a r 0f         00000008  c.slli   x15, 2
#479 0 80000124     97ba r 0f         f00400a0  c.add    x15, x14
#480 0 80000126     4705 r 0e         00000001  c.li     x14, 0x1
#481 0 80000128     c398 m f00400a0   00000001  c.sw     x14, 0x0(x15)
#482 0 8000012a f00407b7 r 0f         f0040000  lui      x15, -0xffc0
#483 0 8000012e 0f07a783 r 0f         00000001  lw       x15, 0xf0(x15)
#484 0 80000132 00178693 r 0d         00000002  addi     x13, x15, 0x1
#485 0 80000136 f0040737 r 0e         f0040000  lui      x14, -0xffc0
#486 0 8000013a 0ed72823 m f00400f0   00000002  sw       x13, 0xf0(x14)
#487 0 8000013e f0040737 r 0e         f0040000  lui      x14, -0xffc0
#488 0 80000142 04870713 r 0e         f0040048  addi     x14, x14, 0x48
#489 0 80000146     078a r 0f         00000004  c.slli   x15, 2
#490 0 80000148     97ba r 0f         f004004c  c.add    x15, x14
#491 0 8000014a     439c r 0f         00000002  c.lw     x15, 0x0(x15)
#492 0 8000014c     853e r 0a         00000002  c.mv     x10, x15
#493 0 8000014e     3de5 r 01         80000150  c.jal    . - 0x108
#494 0 80000046     1101 r 02         f0041080  c.addi   x2, -0x20
#495 0 80000048     ce06 m f004109c   80000150  c.swsp   x1, 0x1c
#496 0 8000004a     cc22 m f0041098   f00410c0  c.swsp   x8, 0x18
#497 0 8000004c     1000 r 08         f00410a0  c.addi4spn  x8, 0x8
#498 0 8000004e fea42623 m f004108c   00000002  sw       x10, -0x14(x8)
#499 0 80000052 f00407b7 r 0f         f0040000  lui      x15, -0xffc0
#500 0 80000056     4705 r 0e         00000001  c.li     x14, 0x1
#501 0 80000058 0ee7a423 m f00400e8   00000001  sw       x14, 0xe8(x15)
#502 0 8000005c     a041 r 00         00000000  c.j      . + 0x80
#503 0 800000dc f00407b7 r 0f         f0040000  lui      x15, -0xffc0
#504 0 800000e0 0e87a703 r 0e         00000001  lw       x14, 0xe8(x15)
#505 0 800000e4 f00407b7 r 0f         f0040000  lui      x15, -0xffc0
#506 0 800000e8 0407a783 r 0f         00000004  lw       x15, 0x40(x15)
#507 0 800000ec f6e7d9e3 r 00         00000000  bge      x15, x14, . - 0x8e
#508 0 8000005e f00407b7 r 0f         f0040000  lui      x15, -0xffc0
#509 0 80000062 0e87a783 r 0f         00000001  lw       x15, 0xe8(x15)
#510 0 80000066 f0040737 r 0e         f0040000  lui      x14, -0xffc0
#511 0 8000006a 00070713 r 0e         f0040000  addi     x14, x14, 0x0
#512 0 8000006e fec42683 r 0d         00000002  lw       x13, -0x14(x8)
#513 0 80000072     068a r 0d         00000008  c.slli   x13, 2
#514 0 80000074     97b6 r 0f         00000009  c.add    x15, x13
#515 0 80000076     078a r 0f         00000024  c.slli   x15, 2
#516 0 80000078     97ba r 0f         f0040024  c.add    x15, x14
#517 0 8000007a     439c r 0f         00000001  c.lw     x15, 0x0(x15)
#518 0 8000007c     c7b1 r 00         00000000  c.beqz   x15, . + 0x4c
#519 0 8000007e f00407b7 r 0f         f0040000  lui      x15, -0xffc0
#520 0 80000082 0e87a783 r 0f         00000001  lw       x15, 0xe8(x15)
#521 0 80000086 f0040737 r 0e         f0040000  lui      x14, -0xffc0
#522 0 8000008a 09870713 r 0e         f0040098  addi     x14, x14, 0x98
#523 0 8000008e     078a r 0f         00000004  c.slli   x15, 2
#524 0 80000090     97ba r 0f         f004009c  c.add    x15, x14
#525 0 80000092     439c r 0f         00000001  c.lw     x15, 0x0(x15)
#526 0 80000094     eb95 r 00         00000000  c.bnez   x15, . + 0x34
#527 0 800000c8 f00407b7 r 0f         f0040000  lui      x15, -0xffc0
#528 0 800000cc 0e87a783 r 0f         00000001  lw       x15, 0xe8(x15)
#529 0 800000d0 00178713 r 0e         00000002  addi     x14, x15, 0x1
#530 0 800000d4 f00407b7 r 0f         f0040000  lui      x15, -0xffc0
#531 0 800000d8 0ee7a423 m f00400e8   00000002  sw       x14, 0xe8(x15)
#532 0 800000dc f00407b7 r 0f         f0040000  lui      x15, -0xffc0
#533 0 800000e0 0e87a703 r 0e         00000002  lw       x14, 0xe8(x15)
#534 0 800000e4 f00407b7 r 0f         f0040000  lui      x15, -0xffc0
#535 0 800000e8 0407a783 r 0f         00000004  lw       x15, 0x40(x15)
#536 0 800000ec f6e7d9e3 r 00         00000000  bge      x15, x14, . - 0x8e
#537 0 8000005e f00407b7 r 0f         f0040000  lui      x15, -0xffc0
#538 0 80000062 0e87a783 r 0f         00000002  lw       x15, 0xe8(x15)
#539 0 80000066 f0040737 r 0e         f0040000  lui      x14, -0xffc0
#540 0 8000006a 00070713 r 0e         f0040000  addi     x14, x14, 0x0
#541 0 8000006e fec42683 r 0d         00000002  lw       x13, -0x14(x8)
#542 0 80000072     068a r 0d         00000008  c.slli   x13, 2
#543 0 80000074     97b6 r 0f         0000000a  c.add    x15, x13
#544 0 80000076     078a r 0f         00000028  c.slli   x15, 2
#545 0 80000078     97ba r 0f         f0040028  c.add    x15, x14
#546 0 8000007a     439c r 0f         00000001  c.lw     x15, 0x0(x15)
#547 0 8000007c     c7b1 r 00         00000000  c.beqz   x15, . + 0x4c
#548 0 8000007e f00407b7 r 0f         f0040000  lui      x15, -0xffc0
#549 0 80000082 0e87a783 r 0f         00000002  lw       x15, 0xe8(x15)
#550 0 80000086 f0040737 r 0e         f0040000  lui      x14, -0xffc0
#551 0 8000008a 09870713 r 0e         f0040098  addi     x14, x14, 0x98
#552 0 8000008e     078a r 0f         00000008  c.slli   x15, 2
#553 0 80000090     97ba r 0f         f00400a0  c.add    x15, x14
#554 0 80000092     439c r 0f         00000001  c.lw     x15, 0x0(x15)
#555 0 80000094     eb95 r 00         00000000  c.bnez   x15, . + 0x34
#556 0 800000c8 f00407b7 r 0f         f0040000  lui      x15, -0xffc0
#557 0 800000cc 0e87a783 r 0f         00000002  lw       x15, 0xe8(x15)
#558 0 800000d0 00178713 r 0e         00000003  addi     x14, x15, 0x1
#559 0 800000d4 f00407b7 r 0f         f0040000  lui      x15, -0xffc0
#560 0 800000d8 0ee7a423 m f00400e8   00000003  sw       x14, 0xe8(x15)
#561 0 800000dc f00407b7 r 0f         f0040000  lui      x15, -0xffc0
#562 0 800000e0 0e87a703 r 0e         00000003  lw       x14, 0xe8(x15)
#563 0 800000e4 f00407b7 r 0f         f0040000  lui      x15, -0xffc0
#564 0 800000e8 0407a783 r 0f         00000004  lw       x15, 0x40(x15)
#565 0 800000ec f6e7d9e3 r 00         00000000  bge      x15, x14, . - 0x8e
#566 0 8000005e f00407b7 r 0f         f0040000  lui      x15, -0xffc0
#567 0 80000062 0e87a783 r 0f         00000003  lw       x15, 0xe8(x15)
#568 0 80000066 f0040737 r 0e         f0040000  lui      x14, -0xffc0
#569 0 8000006a 00070713 r 0e         f0040000  addi     x14, x14, 0x0
#570 0 8000006e fec42683 r 0d         00000002  lw       x13, -0x14(x8)
#571 0 80000072     068a r 0d         00000008  c.slli   x13, 2
#572 0 80000074     97b6 r 0f         0000000b  c.add    x15, x13
#573 0 80000076     078a r 0f         0000002c  c.slli   x15, 2
#574 0 80000078     97ba r 0f         f004002c  c.add    x15, x14
#575 0 8000007a     439c r 0f         00000000  c.lw     x15, 0x0(x15)
#576 0 8000007c     c7b1 r 00         00000000  c.beqz   x15, . + 0x4c
#577 0 800000c8 f00407b7 r 0f         f0040000  lui      x15, -0xffc0
#578 0 800000cc 0e87a783 r 0f         00000003  lw       x15, 0xe8(x15)
#579 0 800000d0 00178713 r 0e         00000004  addi     x14, x15, 0x1
#580 0 800000d4 f00407b7 r 0f         f0040000  lui      x15, -0xffc0
#581 0 800000d8 0ee7a423 m f00400e8   00000004  sw       x14, 0xe8(x15)
#582 0 800000dc f00407b7 r 0f         f0040000  lui      x15, -0xffc0
#583 0 800000e0 0e87a703 r 0e         00000004  lw       x14, 0xe8(x15)
#584 0 800000e4 f00407b7 r 0f         f0040000  lui      x15, -0xffc0
#585 0 800000e8 0407a783 r 0f         00000004  lw       x15, 0x40(x15)
#586 0 800000ec f6e7d9e3 r 00         00000000  bge      x15, x14, . - 0x8e
#587 0 8000005e f00407b7 r 0f         f0040000  lui      x15, -0xffc0
#588 0 80000062 0e87a783 r 0f         00000004  lw       x15, 0xe8(x15)
#589 0 80000066 f0040737 r 0e         f0040000  lui      x14, -0xffc0
#590 0 8000006a 00070713 r 0e         f0040000  addi     x14, x14, 0x0
#591 0 8000006e fec42683 r 0d         00000002  lw       x13, -0x14(x8)
#592 0 80000072     068a r 0d         00000008  c.slli   x13, 2
#593 0 80000074     97b6 r 0f         0000000c  c.add    x15, x13
#594 0 80000076     078a r 0f         00000030  c.slli   x15, 2
#595 0 80000078     97ba r 0f         f0040030  c.add    x15, x14
#596 0 8000007a     439c r 0f         00000000  c.lw     x15, 0x0(x15)
#597 0 8000007c     c7b1 r 00         00000000  c.beqz   x15, . + 0x4c
#598 0 800000c8 f00407b7 r 0f         f0040000  lui      x15, -0xffc0
#599 0 800000cc 0e87a783 r 0f         00000004  lw       x15, 0xe8(x15)
#600 0 800000d0 00178713 r 0e         00000005  addi     x14, x15, 0x1
#601 0 800000d4 f00407b7 r 0f         f0040000  lui      x15, -0xffc0
#602 0 800000d8 0ee7a423 m f00400e8   00000005  sw       x14, 0xe8(x15)
#603 0 800000dc f00407b7 r 0f         f0040000  lui      x15, -0xffc0
#604 0 800000e0 0e87a703 r 0e         00000005  lw       x14, 0xe8(x15)
#605 0 800000e4 f00407b7 r 0f         f0040000  lui      x15, -0xffc0
#606 0 800000e8 0407a783 r 0f         00000004  lw       x15, 0x40(x15)
#607 0 800000ec f6e7d9e3 r 00         00000000  bge      x15, x14, . - 0x8e
#608 0 800000f0 f00407b7 r 0f         f0040000  lui      x15, -0xffc0
#609 0 800000f4 0f07a703 r 0e         00000002  lw       x14, 0xf0(x15)
#610 0 800000f8 f00407b7 r 0f         f0040000  lui      x15, -0xffc0
#611 0 800000fc 0447a783 r 0f         00000004  lw       x15, 0x44(x15)
#612 0 80000100 04e7c863 r 00         00000000  blt      x15, x14, . + 0x50
#613 0 80000104 f00407b7 r 0f         f0040000  lui      x15, -0xffc0
#614 0 80000108 0f07a783 r 0f         00000002  lw       x15, 0xf0(x15)
#615 0 8000010c f0040737 r 0e         f0040000  lui      x14, -0xffc0
#616 0 80000110 04870713 r 0e         f0040048  addi     x14, x14, 0x48
#617 0 80000114     078a r 0f         00000008  c.slli   x15, 2
#618 0 80000116     97ba r 0f         f0040050  c.add    x15, x14
#619 0 80000118     439c r 0f         00000004  c.lw     x15, 0x0(x15)
#620 0 8000011a f0040737 r 0e         f0040000  lui      x14, -0xffc0
#621 0 8000011e 09870713 r 0e         f0040098  addi     x14, x14, 0x98
#622 0 80000122     078a r 0f         00000010  c.slli   x15, 2
#623 0 80000124     97ba r 0f         f00400a8  c.add    x15, x14
#624 0 80000126     4705 r 0e         00000001  c.li     x14, 0x1
#625 0 80000128     c398 m f00400a8   00000001  c.sw     x14, 0x0(x15)
#626 0 8000012a f00407b7 r 0f         f0040000  lui      x15, -0xffc0
#627 0 8000012e 0f07a783 r 0f         00000002  lw       x15, 0xf0(x15)
#628 0 80000132 00178693 r 0d         00000003  addi     x13, x15, 0x1
#629 0 80000136 f0040737 r 0e         f0040000  lui      x14, -0xffc0
#630 0 8000013a 0ed72823 m f00400f0   00000003  sw       x13, 0xf0(x14)
#631 0 8000013e f0040737 r 0e         f0040000  lui      x14, -0xffc0
#632 0 80000142 04870713 r 0e         f0040048  addi     x14, x14, 0x48
#633 0 80000146     078a r 0f         00000008  c.slli   x15, 2
#634 0 80000148     97ba r 0f         f0040050  c.add    x15, x14
#635 0 8000014a     439c r 0f         00000004  c.lw     x15, 0x0(x15)
#636 0 8000014c     853e r 0a         00000004  c.mv     x10, x15
#637 0 8000014e     3de5 r 01         80000150  c.jal    . - 0x108
#638 0 80000046     1101 r 02         f0041060  c.addi   x2, -0x20
#639 0 80000048     ce06 m f004107c   80000150  c.swsp   x1, 0x1c
#640 0 8000004a     cc22 m f0041078   f00410a0  c.swsp   x8, 0x18
#641 0 8000004c     1000 r 08         f0041080  c.addi4spn  x8, 0x8
#642 0 8000004e fea42623 m f004106c   00000004  sw       x10, -0x14(x8)
#643 0 80000052 f00407b7 r 0f         f0040000  lui      x15, -0xffc0
#644 0 80000056     4705 r 0e         00000001  c.li     x14, 0x1
#645 0 80000058 0ee7a423 m f00400e8   00000001  sw       x14, 0xe8(x15)
#646 0 8000005c     a041 r 00         00000000  c.j      . + 0x80
#647 0 800000dc f00407b7 r 0f         f0040000  lui      x15, -0xffc0
#648 0 800000e0 0e87a703 r 0e         00000001  lw       x14, 0xe8(x15)
#649 0 800000e4 f00407b7 r 0f         f0040000  lui      x15, -0xffc0
#650 0 800000e8 0407a783 r 0f         00000004  lw       x15, 0x40(x15)
#651 0 800000ec f6e7d9e3 r 00         00000000  bge      x15, x14, . - 0x8e
#652 0 8000005e f00407b7 r 0f         f0040000  lui      x15, -0xffc0
#653 0 80000062 0e87a783 r 0f         00000001  lw       x15, 0xe8(x15)
#654 0 80000066 f0040737 r 0e         f0040000  lui      x14, -0xffc0
#655 0 8000006a 00070713 r 0e         f0040000  addi     x14, x14, 0x0
#656 0 8000006e fec42683 r 0d         00000004  lw       x13, -0x14(x8)
#657 0 80000072     068a r 0d         00000010  c.slli   x13, 2
#658 0 80000074     97b6 r 0f         00000011  c.add    x15, x13
#659 0 80000076     078a r 0f         00000044  c.slli   x15, 2
#660 0 80000078     97ba r 0f         f0040044  c.add    x15, x14
#661 0 8000007a     439c r 0f         00000004  c.lw     x15, 0x0(x15)
#662 0 8000007c     c7b1 r 00         00000000  c.beqz   x15, . + 0x4c
#663 0 8000007e f00407b7 r 0f         f0040000  lui      x15, -0xffc0
#664 0 80000082 0e87a783 r 0f         00000001  lw       x15, 0xe8(x15)
#665 0 80000086 f0040737 r 0e         f0040000  lui      x14, -0xffc0
#666 0 8000008a 09870713 r 0e         f0040098  addi     x14, x14, 0x98
#667 0 8000008e     078a r 0f         00000004  c.slli   x15, 2
#668 0 80000090     97ba r 0f         f004009c  c.add    x15, x14
#669 0 80000092     439c r 0f         00000001  c.lw     x15, 0x0(x15)
#670 0 80000094     eb95 r 00         00000000  c.bnez   x15, . + 0x34
#671 0 800000c8 f00407b7 r 0f         f0040000  lui      x15, -0xffc0
#672 0 800000cc 0e87a783 r 0f         00000001  lw       x15, 0xe8(x15)
#673 0 800000d0 00178713 r 0e         00000002  addi     x14, x15, 0x1
#674 0 800000d4 f00407b7 r 0f         f0040000  lui      x15, -0xffc0
#675 0 800000d8 0ee7a423 m f00400e8   00000002  sw       x14, 0xe8(x15)
#676 0 800000dc f00407b7 r 0f         f0040000  lui      x15, -0xffc0
#677 0 800000e0 0e87a703 r 0e         00000002  lw       x14, 0xe8(x15)
#678 0 800000e4 f00407b7 r 0f         f0040000  lui      x15, -0xffc0
#679 0 800000e8 0407a783 r 0f         00000004  lw       x15, 0x40(x15)
#680 0 800000ec f6e7d9e3 r 00         00000000  bge      x15, x14, . - 0x8e
#681 0 8000005e f00407b7 r 0f         f0040000  lui      x15, -0xffc0
#682 0 80000062 0e87a783 r 0f         00000002  lw       x15, 0xe8(x15)
#683 0 80000066 f0040737 r 0e         f0040000  lui      x14, -0xffc0
#684 0 8000006a 00070713 r 0e         f0040000  addi     x14, x14, 0x0
#685 0 8000006e fec42683 r 0d         00000004  lw       x13, -0x14(x8)
#686 0 80000072     068a r 0d         00000010  c.slli   x13, 2
#687 0 80000074     97b6 r 0f         00000012  c.add    x15, x13
#688 0 80000076     078a r 0f         00000048  c.slli   x15, 2
#689 0 80000078     97ba r 0f         f0040048  c.add    x15, x14
#690 0 8000007a     439c r 0f         00000001  c.lw     x15, 0x0(x15)
#691 0 8000007c     c7b1 r 00         00000000  c.beqz   x15, . + 0x4c
#692 0 8000007e f00407b7 r 0f         f0040000  lui      x15, -0xffc0
#693 0 80000082 0e87a783 r 0f         00000002  lw       x15, 0xe8(x15)
#694 0 80000086 f0040737 r 0e         f0040000  lui      x14, -0xffc0
#695 0 8000008a 09870713 r 0e         f0040098  addi     x14, x14, 0x98
#696 0 8000008e     078a r 0f         00000008  c.slli   x15, 2
#697 0 80000090     97ba r 0f         f00400a0  c.add    x15, x14
#698 0 80000092     439c r 0f         00000001  c.lw     x15, 0x0(x15)
#699 0 80000094     eb95 r 00         00000000  c.bnez   x15, . + 0x34
#700 0 800000c8 f00407b7 r 0f         f0040000  lui      x15, -0xffc0
#701 0 800000cc 0e87a783 r 0f         00000002  lw       x15, 0xe8(x15)
#702 0 800000d0 00178713 r 0e         00000003  addi     x14, x15, 0x1
#703 0 800000d4 f00407b7 r 0f         f0040000  lui      x15, -0xffc0
#704 0 800000d8 0ee7a423 m f00400e8   00000003  sw       x14, 0xe8(x15)
#705 0 800000dc f00407b7 r 0f         f0040000  lui      x15, -0xffc0
#706 0 800000e0 0e87a703 r 0e         00000003  lw       x14, 0xe8(x15)
#707 0 800000e4 f00407b7 r 0f         f0040000  lui      x15, -0xffc0
#708 0 800000e8 0407a783 r 0f         00000004  lw       x15, 0x40(x15)
#709 0 800000ec f6e7d9e3 r 00         00000000  bge      x15, x14, . - 0x8e
#710 0 8000005e f00407b7 r 0f         f0040000  lui      x15, -0xffc0
#711 0 80000062 0e87a783 r 0f         00000003  lw       x15, 0xe8(x15)
#712 0 80000066 f0040737 r 0e         f0040000  lui      x14, -0xffc0
#713 0 8000006a 00070713 r 0e         f0040000  addi     x14, x14, 0x0
#714 0 8000006e fec42683 r 0d         00000004  lw       x13, -0x14(x8)
#715 0 80000072     068a r 0d         00000010  c.slli   x13, 2
#716 0 80000074     97b6 r 0f         00000013  c.add    x15, x13
#717 0 80000076     078a r 0f         0000004c  c.slli   x15, 2
#718 0 80000078     97ba r 0f         f004004c  c.add    x15, x14
#719 0 8000007a     439c r 0f         00000002  c.lw     x15, 0x0(x15)
#720 0 8000007c     c7b1 r 00         00000000  c.beqz   x15, . + 0x4c
#721 0 8000007e f00407b7 r 0f         f0040000  lui      x15, -0xffc0
#722 0 80000082 0e87a783 r 0f         00000003  lw       x15, 0xe8(x15)
#723 0 80000086 f0040737 r 0e         f0040000  lui      x14, -0xffc0
#724 0 8000008a 09870713 r 0e         f0040098  addi     x14, x14, 0x98
#725 0 8000008e     078a r 0f         0000000c  c.slli   x15, 2
#726 0 80000090     97ba r 0f         f00400a4  c.add    x15, x14
#727 0 80000092     439c r 0f         00000000  c.lw     x15, 0x0(x15)
#728 0 80000094     eb95 r 00         00000000  c.bnez   x15, . + 0x34
#729 0 80000096 f00407b7 r 0f         f0040000  lui      x15, -0xffc0
#730 0 8000009a 0447a783 r 0f         00000004  lw       x15, 0x44(x15)
#731 0 8000009e 00178713 r 0e         00000005  addi     x14, x15, 0x1
#732 0 800000a2 f00407b7 r 0f         f0040000  lui      x15, -0xffc0
#733 0 800000a6 04e7a223 m f0040044   00000005  sw       x14, 0x44(x15)
#734 0 800000aa f00407b7 r 0f         f0040000  lui      x15, -0xffc0
#735 0 800000ae 0447a783 r 0f         00000005  lw       x15, 0x44(x15)
#736 0 800000b2 f0040737 r 0e         f0040000  lui      x14, -0xffc0
#737 0 800000b6 0e872703 r 0e         00000003  lw       x14, 0xe8(x14)
#738 0 800000ba f00406b7 r 0d         f0040000  lui      x13, -0xffc0
#739 0 800000be 04868693 r 0d         f0040048  addi     x13, x13, 0x48
#740 0 800000c2     078a r 0f         00000014  c.slli   x15, 2
#741 0 800000c4     97b6 r 0f         f004005c  c.add    x15, x13
#742 0 800000c6     c398 m f004005c   00000003  c.sw     x14, 0x0(x15)
#743 0 800000c8 f00407b7 r 0f         f0040000  lui      x15, -0xffc0
#744 0 800000cc 0e87a783 r 0f         00000003  lw       x15, 0xe8(x15)
#745 0 800000d0 00178713 r 0e         00000004  addi     x14, x15, 0x1
#746 0 800000d4 f00407b7 r 0f         f0040000  lui      x15, -0xffc0
#747 0 800000d8 0ee7a423 m f00400e8   00000004  sw       x14, 0xe8(x15)
#748 0 800000dc f00407b7 r 0f         f0040000  lui      x15, -0xffc0
#749 0 800000e0 0e87a703 r 0e         00000004  lw       x14, 0xe8(x15)
#750 0 800000e4 f00407b7 r 0f         f0040000  lui      x15, -0xffc0
#751 0 800000e8 0407a783 r 0f         00000004  lw       x15, 0x40(x15)
#752 0 800000ec f6e7d9e3 r 00         00000000  bge      x15, x14, . - 0x8e
#753 0 8000005e f00407b7 r 0f         f0040000  lui      x15, -0xffc0
#754 0 80000062 0e87a783 r 0f         00000004  lw       x15, 0xe8(x15)
#755 0 80000066 f0040737 r 0e         f0040000  lui      x14, -0xffc0
#756 0 8000006a 00070713 r 0e         f0040000  addi     x14, x14, 0x0
#757 0 8000006e fec42683 r 0d         00000004  lw       x13, -0x14(x8)
#758 0 80000072     068a r 0d         00000010  c.slli   x13, 2
#759 0 80000074     97b6 r 0f         00000014  c.add    x15, x13
#760 0 80000076     078a r 0f         00000050  c.slli   x15, 2
#761 0 80000078     97ba r 0f         f0040050  c.add    x15, x14
#762 0 8000007a     439c r 0f         00000004  c.lw     x15, 0x0(x15)
#763 0 8000007c     c7b1 r 00         00000000  c.beqz   x15, . + 0x4c
#764 0 8000007e f00407b7 r 0f         f0040000  lui      x15, -0xffc0
#765 0 80000082 0e87a783 r 0f         00000004  lw       x15, 0xe8(x15)
#766 0 80000086 f0040737 r 0e         f0040000  lui      x14, -0xffc0
#767 0 8000008a 09870713 r 0e         f0040098  addi     x14, x14, 0x98
#768 0 8000008e     078a r 0f         00000010  c.slli   x15, 2
#769 0 80000090     97ba r 0f         f00400a8  c.add    x15, x14
#770 0 80000092     439c r 0f         00000001  c.lw     x15, 0x0(x15)
#771 0 80000094     eb95 r 00         00000000  c.bnez   x15, . + 0x34
#772 0 800000c8 f00407b7 r 0f         f0040000  lui      x15, -0xffc0
#773 0 800000cc 0e87a783 r 0f         00000004  lw       x15, 0xe8(x15)
#774 0 800000d0 00178713 r 0e         00000005  addi     x14, x15, 0x1
#775 0 800000d4 f00407b7 r 0f         f0040000  lui      x15, -0xffc0
#776 0 800000d8 0ee7a423 m f00400e8   00000005  sw       x14, 0xe8(x15)
#777 0 800000dc f00407b7 r 0f         f0040000  lui      x15, -0xffc0
#778 0 800000e0 0e87a703 r 0e         00000005  lw       x14, 0xe8(x15)
#779 0 800000e4 f00407b7 r 0f         f0040000  lui      x15, -0xffc0
#780 0 800000e8 0407a783 r 0f         00000004  lw       x15, 0x40(x15)
#781 0 800000ec f6e7d9e3 r 00         00000000  bge      x15, x14, . - 0x8e
#782 0 800000f0 f00407b7 r 0f         f0040000  lui      x15, -0xffc0
#783 0 800000f4 0f07a703 r 0e         00000003  lw       x14, 0xf0(x15)
#784 0 800000f8 f00407b7 r 0f         f0040000  lui      x15, -0xffc0
#785 0 800000fc 0447a783 r 0f         00000005  lw       x15, 0x44(x15)
#786 0 80000100 04e7c863 r 00         00000000  blt      x15, x14, . + 0x50
#787 0 80000104 f00407b7 r 0f         f0040000  lui      x15, -0xffc0
#788 0 80000108 0f07a783 r 0f         00000003  lw       x15, 0xf0(x15)
#789 0 8000010c f0040737 r 0e         f0040000  lui      x14, -0xffc0
#790 0 80000110 04870713 r 0e         f0040048  addi     x14, x14, 0x48
#791 0 80000114     078a r 0f         0000000c  c.slli   x15, 2
#792 0 80000116     97ba r 0f         f0040054  c.add    x15, x14
#793 0 80000118     439c r 0f         00000002  c.lw     x15, 0x0(x15)
#794 0 8000011a f0040737 r 0e         f0040000  lui      x14, -0xffc0
#795 0 8000011e 09870713 r 0e         f0040098  addi     x14, x14, 0x98
#796 0 80000122     078a r 0f         00000008  c.slli   x15, 2
#797 0 80000124     97ba r 0f         f00400a0  c.add    x15, x14
#798 0 80000126     4705 r 0e         00000001  c.li     x14, 0x1
#799 0 80000128     c398 m f00400a0   00000001  c.sw     x14, 0x0(x15)
#800 0 8000012a f00407b7 r 0f         f0040000  lui      x15, -0xffc0
#801 0 8000012e 0f07a783 r 0f         00000003  lw       x15, 0xf0(x15)
#802 0 80000132 00178693 r 0d         00000004  addi     x13, x15, 0x1
#803 0 80000136 f0040737 r 0e         f0040000  lui      x14, -0xffc0
#804 0 8000013a 0ed72823 m f00400f0   00000004  sw       x13, 0xf0(x14)
#805 0 8000013e f0040737 r 0e         f0040000  lui      x14, -0xffc0
#806 0 80000142 04870713 r 0e         f0040048  addi     x14, x14, 0x48
#807 0 80000146     078a r 0f         0000000c  c.slli   x15, 2
#808 0 80000148     97ba r 0f         f0040054  c.add    x15, x14
#809 0 8000014a     439c r 0f         00000002  c.lw     x15, 0x0(x15)
#810 0 8000014c     853e r 0a         00000002  c.mv     x10, x15
#811 0 8000014e     3de5 r 01         80000150  c.jal    . - 0x108
#812 0 80000046     1101 r 02         f0041040  c.addi   x2, -0x20
#813 0 80000048     ce06 m f004105c   80000150  c.swsp   x1, 0x1c
#814 0 8000004a     cc22 m f0041058   f0041080  c.swsp   x8, 0x18
#815 0 8000004c     1000 r 08         f0041060  c.addi4spn  x8, 0x8
#816 0 8000004e fea42623 m f004104c   00000002  sw       x10, -0x14(x8)
#817 0 80000052 f00407b7 r 0f         f0040000  lui      x15, -0xffc0
#818 0 80000056     4705 r 0e         00000001  c.li     x14, 0x1
#819 0 80000058 0ee7a423 m f00400e8   00000001  sw       x14, 0xe8(x15)
#820 0 8000005c     a041 r 00         00000000  c.j      . + 0x80
#821 0 800000dc f00407b7 r 0f         f0040000  lui      x15, -0xffc0
#822 0 800000e0 0e87a703 r 0e         00000001  lw       x14, 0xe8(x15)
#823 0 800000e4 f00407b7 r 0f         f0040000  lui      x15, -0xffc0
#824 0 800000e8 0407a783 r 0f         00000004  lw       x15, 0x40(x15)
#825 0 800000ec f6e7d9e3 r 00         00000000  bge      x15, x14, . - 0x8e
#826 0 8000005e f00407b7 r 0f         f0040000  lui      x15, -0xffc0
#827 0 80000062 0e87a783 r 0f         00000001  lw       x15, 0xe8(x15)
#828 0 80000066 f0040737 r 0e         f0040000  lui      x14, -0xffc0
#829 0 8000006a 00070713 r 0e         f0040000  addi     x14, x14, 0x0
#830 0 8000006e fec42683 r 0d         00000002  lw       x13, -0x14(x8)
#831 0 80000072     068a r 0d         00000008  c.slli   x13, 2
#832 0 80000074     97b6 r 0f         00000009  c.add    x15, x13
#833 0 80000076     078a r 0f         00000024  c.slli   x15, 2
#834 0 80000078     97ba r 0f         f0040024  c.add    x15, x14
#835 0 8000007a     439c r 0f         00000001  c.lw     x15, 0x0(x15)
#836 0 8000007c     c7b1 r 00         00000000  c.beqz   x15, . + 0x4c
#837 0 8000007e f00407b7 r 0f         f0040000  lui      x15, -0xffc0
#838 0 80000082 0e87a783 r 0f         00000001  lw       x15, 0xe8(x15)
#839 0 80000086 f0040737 r 0e         f0040000  lui      x14, -0xffc0
#840 0 8000008a 09870713 r 0e         f0040098  addi     x14, x14, 0x98
#841 0 8000008e     078a r 0f         00000004  c.slli   x15, 2
#842 0 80000090     97ba r 0f         f004009c  c.add    x15, x14
#843 0 80000092     439c r 0f         00000001  c.lw     x15, 0x0(x15)
#844 0 80000094     eb95 r 00         00000000  c.bnez   x15, . + 0x34
#845 0 800000c8 f00407b7 r 0f         f0040000  lui      x15, -0xffc0
#846 0 800000cc 0e87a783 r 0f         00000001  lw       x15, 0xe8(x15)
#847 0 800000d0 00178713 r 0e         00000002  addi     x14, x15, 0x1
#848 0 800000d4 f00407b7 r 0f         f0040000  lui      x15, -0xffc0
#849 0 800000d8 0ee7a423 m f00400e8   00000002  sw       x14, 0xe8(x15)
#850 0 800000dc f00407b7 r 0f         f0040000  lui      x15, -0xffc0
#851 0 800000e0 0e87a703 r 0e         00000002  lw       x14, 0xe8(x15)
#852 0 800000e4 f00407b7 r 0f         f0040000  lui      x15, -0xffc0
#853 0 800000e8 0407a783 r 0f         00000004  lw       x15, 0x40(x15)
#854 0 800000ec f6e7d9e3 r 00         00000000  bge      x15, x14, . - 0x8e
#855 0 8000005e f00407b7 r 0f         f0040000  lui      x15, -0xffc0
#856 0 80000062 0e87a783 r 0f         00000002  lw       x15, 0xe8(x15)
#857 0 80000066 f0040737 r 0e         f0040000  lui      x14, -0xffc0
#858 0 8000006a 00070713 r 0e         f0040000  addi     x14, x14, 0x0
#859 0 8000006e fec42683 r 0d         00000002  lw       x13, -0x14(x8)
#860 0 80000072     068a r 0d         00000008  c.slli   x13, 2
#861 0 80000074     97b6 r 0f         0000000a  c.add    x15, x13
#862 0 80000076     078a r 0f         00000028  c.slli   x15, 2
#863 0 80000078     97ba r 0f         f0040028  c.add    x15, x14
#864 0 8000007a     439c r 0f         00000001  c.lw     x15, 0x0(x15)
#865 0 8000007c     c7b1 r 00         00000000  c.beqz   x15, . + 0x4c
#866 0 8000007e f00407b7 r 0f         f0040000  lui      x15, -0xffc0
#867 0 80000082 0e87a783 r 0f         00000002  lw       x15, 0xe8(x15)
#868 0 80000086 f0040737 r 0e         f0040000  lui      x14, -0xffc0
#869 0 8000008a 09870713 r 0e         f0040098  addi     x14, x14, 0x98
#870 0 8000008e     078a r 0f         00000008  c.slli   x15, 2
#871 0 80000090     97ba r 0f         f00400a0  c.add    x15, x14
#872 0 80000092     439c r 0f         00000001  c.lw     x15, 0x0(x15)
#873 0 80000094     eb95 r 00         00000000  c.bnez   x15, . + 0x34
#874 0 800000c8 f00407b7 r 0f         f0040000  lui      x15, -0xffc0
#875 0 800000cc 0e87a783 r 0f         00000002  lw       x15, 0xe8(x15)
#876 0 800000d0 00178713 r 0e         00000003  addi     x14, x15, 0x1
#877 0 800000d4 f00407b7 r 0f         f0040000  lui      x15, -0xffc0
#878 0 800000d8 0ee7a423 m f00400e8   00000003  sw       x14, 0xe8(x15)
#879 0 800000dc f00407b7 r 0f         f0040000  lui      x15, -0xffc0
#880 0 800000e0 0e87a703 r 0e         00000003  lw       x14, 0xe8(x15)
#881 0 800000e4 f00407b7 r 0f         f0040000  lui      x15, -0xffc0
#882 0 800000e8 0407a783 r 0f         00000004  lw       x15, 0x40(x15)
#883 0 800000ec f6e7d9e3 r 00         00000000  bge      x15, x14, . - 0x8e
#884 0 8000005e f00407b7 r 0f         f0040000  lui      x15, -0xffc0
#885 0 80000062 0e87a783 r 0f         00000003  lw       x15, 0xe8(x15)
#886 0 80000066 f0040737 r 0e         f0040000  lui      x14, -0xffc0
#887 0 8000006a 00070713 r 0e         f0040000  addi     x14, x14, 0x0
#888 0 8000006e fec42683 r 0d         00000002  lw       x13, -0x14(x8)
#889 0 80000072     068a r 0d         00000008  c.slli   x13, 2
#890 0 80000074     97b6 r 0f         0000000b  c.add    x15, x13
#891 0 80000076     078a r 0f         0000002c  c.slli   x15, 2
#892 0 80000078     97ba r 0f         f004002c  c.add    x15, x14
#893 0 8000007a     439c r 0f         00000000  c.lw     x15, 0x0(x15)
#894 0 8000007c     c7b1 r 00         00000000  c.beqz   x15, . + 0x4c
#895 0 800000c8 f00407b7 r 0f         f0040000  lui      x15, -0xffc0
#896 0 800000cc 0e87a783 r 0f         00000003  lw       x15, 0xe8(x15)
#897 0 800000d0 00178713 r 0e         00000004  addi     x14, x15, 0x1
#898 0 800000d4 f00407b7 r 0f         f0040000  lui      x15, -0xffc0
#899 0 800000d8 0ee7a423 m f00400e8   00000004  sw       x14, 0xe8(x15)
#900 0 800000dc f00407b7 r 0f         f0040000  lui      x15, -0xffc0
#901 0 800000e0 0e87a703 r 0e         00000004  lw       x14, 0xe8(x15)
#902 0 800000e4 f00407b7 r 0f         f0040000  lui      x15, -0xffc0
#903 0 800000e8 0407a783 r 0f         00000004  lw       x15, 0x40(x15)
#904 0 800000ec f6e7d9e3 r 00         00000000  bge      x15, x14, . - 0x8e
#905 0 8000005e f00407b7 r 0f         f0040000  lui      x15, -0xffc0
#906 0 80000062 0e87a783 r 0f         00000004  lw       x15, 0xe8(x15)
#907 0 80000066 f0040737 r 0e         f0040000  lui      x14, -0xffc0
#908 0 8000006a 00070713 r 0e         f0040000  addi     x14, x14, 0x0
#909 0 8000006e fec42683 r 0d         00000002  lw       x13, -0x14(x8)
#910 0 80000072     068a r 0d         00000008  c.slli   x13, 2
#911 0 80000074     97b6 r 0f         0000000c  c.add    x15, x13
#912 0 80000076     078a r 0f         00000030  c.slli   x15, 2
#913 0 80000078     97ba r 0f         f0040030  c.add    x15, x14
#914 0 8000007a     439c r 0f         00000000  c.lw     x15, 0x0(x15)
#915 0 8000007c     c7b1 r 00         00000000  c.beqz   x15, . + 0x4c
#916 0 800000c8 f00407b7 r 0f         f0040000  lui      x15, -0xffc0
#917 0 800000cc 0e87a783 r 0f         00000004  lw       x15, 0xe8(x15)
#918 0 800000d0 00178713 r 0e         00000005  addi     x14, x15, 0x1
#919 0 800000d4 f00407b7 r 0f         f0040000  lui      x15, -0xffc0
#920 0 800000d8 0ee7a423 m f00400e8   00000005  sw       x14, 0xe8(x15)
#921 0 800000dc f00407b7 r 0f         f0040000  lui      x15, -0xffc0
#922 0 800000e0 0e87a703 r 0e         00000005  lw       x14, 0xe8(x15)
#923 0 800000e4 f00407b7 r 0f         f0040000  lui      x15, -0xffc0
#924 0 800000e8 0407a783 r 0f         00000004  lw       x15, 0x40(x15)
#925 0 800000ec f6e7d9e3 r 00         00000000  bge      x15, x14, . - 0x8e
#926 0 800000f0 f00407b7 r 0f         f0040000  lui      x15, -0xffc0
#927 0 800000f4 0f07a703 r 0e         00000004  lw       x14, 0xf0(x15)
#928 0 800000f8 f00407b7 r 0f         f0040000  lui      x15, -0xffc0
#929 0 800000fc 0447a783 r 0f         00000005  lw       x15, 0x44(x15)
#930 0 80000100 04e7c863 r 00         00000000  blt      x15, x14, . + 0x50
#931 0 80000104 f00407b7 r 0f         f0040000  lui      x15, -0xffc0
#932 0 80000108 0f07a783 r 0f         00000004  lw       x15, 0xf0(x15)
#933 0 8000010c f0040737 r 0e         f0040000  lui      x14, -0xffc0
#934 0 80000110 04870713 r 0e         f0040048  addi     x14, x14, 0x48
#935 0 80000114     078a r 0f         00000010  c.slli   x15, 2
#936 0 80000116     97ba r 0f         f0040058  c.add    x15, x14
#937 0 80000118     439c r 0f         00000004  c.lw     x15, 0x0(x15)
#938 0 8000011a f0040737 r 0e         f0040000  lui      x14, -0xffc0
#939 0 8000011e 09870713 r 0e         f0040098  addi     x14, x14, 0x98
#940 0 80000122     078a r 0f         00000010  c.slli   x15, 2
#941 0 80000124     97ba r 0f         f00400a8  c.add    x15, x14
#942 0 80000126     4705 r 0e         00000001  c.li     x14, 0x1
#943 0 80000128     c398 m f00400a8   00000001  c.sw     x14, 0x0(x15)
#944 0 8000012a f00407b7 r 0f         f0040000  lui      x15, -0xffc0
#945 0 8000012e 0f07a783 r 0f         00000004  lw       x15, 0xf0(x15)
#946 0 80000132 00178693 r 0d         00000005  addi     x13, x15, 0x1
#947 0 80000136 f0040737 r 0e         f0040000  lui      x14, -0xffc0
#948 0 8000013a 0ed72823 m f00400f0   00000005  sw       x13, 0xf0(x14)
#949 0 8000013e f0040737 r 0e         f0040000  lui      x14, -0xffc0
#950 0 80000142 04870713 r 0e         f0040048  addi     x14, x14, 0x48
#951 0 80000146     078a r 0f         00000010  c.slli   x15, 2
#952 0 80000148     97ba r 0f         f0040058  c.add    x15, x14
#953 0 8000014a     439c r 0f         00000004  c.lw     x15, 0x0(x15)
#954 0 8000014c     853e r 0a         00000004  c.mv     x10, x15
#955 0 8000014e     3de5 r 01         80000150  c.jal    . - 0x108
#956 0 80000046     1101 r 02         f0041020  c.addi   x2, -0x20
#957 0 80000048     ce06 m f004103c   80000150  c.swsp   x1, 0x1c
#958 0 8000004a     cc22 m f0041038   f0041060  c.swsp   x8, 0x18
#959 0 8000004c     1000 r 08         f0041040  c.addi4spn  x8, 0x8
#960 0 8000004e fea42623 m f004102c   00000004  sw       x10, -0x14(x8)
#961 0 80000052 f00407b7 r 0f         f0040000  lui      x15, -0xffc0
#962 0 80000056     4705 r 0e         00000001  c.li     x14, 0x1
#963 0 80000058 0ee7a423 m f00400e8   00000001  sw       x14, 0xe8(x15)
#964 0 8000005c     a041 r 00         00000000  c.j      . + 0x80
#965 0 800000dc f00407b7 r 0f         f0040000  lui      x15, -0xffc0
#966 0 800000e0 0e87a703 r 0e         00000001  lw       x14, 0xe8(x15)
#967 0 800000e4 f00407b7 r 0f         f0040000  lui      x15, -0xffc0
#968 0 800000e8 0407a783 r 0f         00000004  lw       x15, 0x40(x15)
#969 0 800000ec f6e7d9e3 r 00         00000000  bge      x15, x14, . - 0x8e
#970 0 8000005e f00407b7 r 0f         f0040000  lui      x15, -0xffc0
#971 0 80000062 0e87a783 r 0f         00000001  lw       x15, 0xe8(x15)
#972 0 80000066 f0040737 r 0e         f0040000  lui      x14, -0xffc0
#973 0 8000006a 00070713 r 0e         f0040000  addi     x14, x14, 0x0
#974 0 8000006e fec42683 r 0d         00000004  lw       x13, -0x14(x8)
#975 0 80000072     068a r 0d         00000010  c.slli   x13, 2
#976 0 80000074     97b6 r 0f         00000011  c.add    x15, x13
#977 0 80000076     078a r 0f         00000044  c.slli   x15, 2
#978 0 80000078     97ba r 0f         f0040044  c.add    x15, x14
#979 0 8000007a     439c r 0f         00000005  c.lw     x15, 0x0(x15)
#980 0 8000007c     c7b1 r 00         00000000  c.beqz   x15, . + 0x4c
#981 0 8000007e f00407b7 r 0f         f0040000  lui      x15, -0xffc0
#982 0 80000082 0e87a783 r 0f         00000001  lw       x15, 0xe8(x15)
#983 0 80000086 f0040737 r 0e         f0040000  lui      x14, -0xffc0
#984 0 8000008a 09870713 r 0e         f0040098  addi     x14, x14, 0x98
#985 0 8000008e     078a r 0f         00000004  c.slli   x15, 2
#986 0 80000090     97ba r 0f         f004009c  c.add    x15, x14
#987 0 80000092     439c r 0f         00000001  c.lw     x15, 0x0(x15)
#988 0 80000094     eb95 r 00         00000000  c.bnez   x15, . + 0x34
#989 0 800000c8 f00407b7 r 0f         f0040000  lui      x15, -0xffc0
#990 0 800000cc 0e87a783 r 0f         00000001  lw       x15, 0xe8(x15)
#991 0 800000d0 00178713 r 0e         00000002  addi     x14, x15, 0x1
#992 0 800000d4 f00407b7 r 0f         f0040000  lui      x15, -0xffc0
#993 0 800000d8 0ee7a423 m f00400e8   00000002  sw       x14, 0xe8(x15)
#994 0 800000dc f00407b7 r 0f         f0040000  lui      x15, -0xffc0
#995 0 800000e0 0e87a703 r 0e         00000002  lw       x14, 0xe8(x15)
#996 0 800000e4 f00407b7 r 0f         f0040000  lui      x15, -0xffc0
#997 0 800000e8 0407a783 r 0f         00000004  lw       x15, 0x40(x15)
#998 0 800000ec f6e7d9e3 r 00         00000000  bge      x15, x14, . - 0x8e
#999 0 8000005e f00407b7 r 0f         f0040000  lui      x15, -0xffc0
#1000 0 80000062 0e87a783 r 0f         00000002  lw       x15, 0xe8(x15)
#1001 0 80000066 f0040737 r 0e         f0040000  lui      x14, -0xffc0
#1002 0 8000006a 00070713 r 0e         f0040000  addi     x14, x14, 0x0
#1003 0 8000006e fec42683 r 0d         00000004  lw       x13, -0x14(x8)
#1004 0 80000072     068a r 0d         00000010  c.slli   x13, 2
#1005 0 80000074     97b6 r 0f         00000012  c.add    x15, x13
#1006 0 80000076     078a r 0f         00000048  c.slli   x15, 2
#1007 0 80000078     97ba r 0f         f0040048  c.add    x15, x14
#1008 0 8000007a     439c r 0f         00000001  c.lw     x15, 0x0(x15)
#1009 0 8000007c     c7b1 r 00         00000000  c.beqz   x15, . + 0x4c
#1010 0 8000007e f00407b7 r 0f         f0040000  lui      x15, -0xffc0
#1011 0 80000082 0e87a783 r 0f         00000002  lw       x15, 0xe8(x15)
#1012 0 80000086 f0040737 r 0e         f0040000  lui      x14, -0xffc0
#1013 0 8000008a 09870713 r 0e         f0040098  addi     x14, x14, 0x98
#1014 0 8000008e     078a r 0f         00000008  c.slli   x15, 2
#1015 0 80000090     97ba r 0f         f00400a0  c.add    x15, x14
#1016 0 80000092     439c r 0f         00000001  c.lw     x15, 0x0(x15)
#1017 0 80000094     eb95 r 00         00000000  c.bnez   x15, . + 0x34
#1018 0 800000c8 f00407b7 r 0f         f0040000  lui      x15, -0xffc0
#1019 0 800000cc 0e87a783 r 0f         00000002  lw       x15, 0xe8(x15)
#1020 0 800000d0 00178713 r 0e         00000003  addi     x14, x15, 0x1
#1021 0 800000d4 f00407b7 r 0f         f0040000  lui      x15, -0xffc0
#1022 0 800000d8 0ee7a423 m f00400e8   00000003  sw       x14, 0xe8(x15)
#1023 0 800000dc f00407b7 r 0f         f0040000  lui      x15, -0xffc0
#1024 0 800000e0 0e87a703 r 0e         00000003  lw       x14, 0xe8(x15)
#1025 0 800000e4 f00407b7 r 0f         f0040000  lui      x15, -0xffc0
#1026 0 800000e8 0407a783 r 0f         00000004  lw       x15, 0x40(x15)
#1027 0 800000ec f6e7d9e3 r 00         00000000  bge      x15, x14, . - 0x8e
#1028 0 8000005e f00407b7 r 0f         f0040000  lui      x15, -0xffc0
#1029 0 80000062 0e87a783 r 0f         00000003  lw       x15, 0xe8(x15)
#1030 0 80000066 f0040737 r 0e         f0040000  lui      x14, -0xffc0
#1031 0 8000006a 00070713 r 0e         f0040000  addi     x14, x14, 0x0
#1032 0 8000006e fec42683 r 0d         00000004  lw       x13, -0x14(x8)
#1033 0 80000072     068a r 0d         00000010  c.slli   x13, 2
#1034 0 80000074     97b6 r 0f         00000013  c.add    x15, x13
#1035 0 80000076     078a r 0f         0000004c  c.slli   x15, 2
#1036 0 80000078     97ba r 0f         f004004c  c.add    x15, x14
#1037 0 8000007a     439c r 0f         00000002  c.lw     x15, 0x0(x15)
#1038 0 8000007c     c7b1 r 00         00000000  c.beqz   x15, . + 0x4c
#1039 0 8000007e f00407b7 r 0f         f0040000  lui      x15, -0xffc0
#1040 0 80000082 0e87a783 r 0f         00000003  lw       x15, 0xe8(x15)
#1041 0 80000086 f0040737 r 0e         f0040000  lui      x14, -0xffc0
#1042 0 8000008a 09870713 r 0e         f0040098  addi     x14, x14, 0x98
#1043 0 8000008e     078a r 0f         0000000c  c.slli   x15, 2
#1044 0 80000090     97ba r 0f         f00400a4  c.add    x15, x14
#1045 0 80000092     439c r 0f         00000000  c.lw     x15, 0x0(x15)
#1046 0 80000094     eb95 r 00         00000000  c.bnez   x15, . + 0x34
#1047 0 80000096 f00407b7 r 0f         f0040000  lui      x15, -0xffc0
#1048 0 8000009a 0447a783 r 0f         00000005  lw       x15, 0x44(x15)
#1049 0 8000009e 00178713 r 0e         00000006  addi     x14, x15, 0x1
#1050 0 800000a2 f00407b7 r 0f         f0040000  lui      x15, -0xffc0
#1051 0 800000a6 04e7a223 m f0040044   00000006  sw       x14, 0x44(x15)
#1052 0 800000aa f00407b7 r 0f         f0040000  lui      x15, -0xffc0
#1053 0 800000ae 0447a783 r 0f         00000006  lw       x15, 0x44(x15)
#1054 0 800000b2 f0040737 r 0e         f0040000  lui      x14, -0xffc0
#1055 0 800000b6 0e872703 r 0e         00000003  lw       x14, 0xe8(x14)
#1056 0 800000ba f00406b7 r 0d         f0040000  lui      x13, -0xffc0
#1057 0 800000be 04868693 r 0d         f0040048  addi     x13, x13, 0x48
#1058 0 800000c2     078a r 0f         00000018  c.slli   x15, 2
#1059 0 800000c4     97b6 r 0f         f0040060  c.add    x15, x13
#1060 0 800000c6     c398 m f0040060   00000003  c.sw     x14, 0x0(x15)
#1061 0 800000c8 f00407b7 r 0f         f0040000  lui      x15, -0xffc0
#1062 0 800000cc 0e87a783 r 0f         00000003  lw       x15, 0xe8(x15)
#1063 0 800000d0 00178713 r 0e         00000004  addi     x14, x15, 0x1
#1064 0 800000d4 f00407b7 r 0f         f0040000  lui      x15, -0xffc0
#1065 0 800000d8 0ee7a423 m f00400e8   00000004  sw       x14, 0xe8(x15)
#1066 0 800000dc f00407b7 r 0f         f0040000  lui      x15, -0xffc0
#1067 0 800000e0 0e87a703 r 0e         00000004  lw       x14, 0xe8(x15)
#1068 0 800000e4 f00407b7 r 0f         f0040000  lui      x15, -0xffc0
#1069 0 800000e8 0407a783 r 0f         00000004  lw       x15, 0x40(x15)
#1070 0 800000ec f6e7d9e3 r 00         00000000  bge      x15, x14, . - 0x8e
#1071 0 8000005e f00407b7 r 0f         f0040000  lui      x15, -0xffc0
#1072 0 80000062 0e87a783 r 0f         00000004  lw       x15, 0xe8(x15)
#1073 0 80000066 f0040737 r 0e         f0040000  lui      x14, -0xffc0
#1074 0 8000006a 00070713 r 0e         f0040000  addi     x14, x14, 0x0
#1075 0 8000006e fec42683 r 0d         00000004  lw       x13, -0x14(x8)
#1076 0 80000072     068a r 0d         00000010  c.slli   x13, 2
#1077 0 80000074     97b6 r 0f         00000014  c.add    x15, x13
#1078 0 80000076     078a r 0f         00000050  c.slli   x15, 2
#1079 0 80000078     97ba r 0f         f0040050  c.add    x15, x14
#1080 0 8000007a     439c r 0f         00000004  c.lw     x15, 0x0(x15)
#1081 0 8000007c     c7b1 r 00         00000000  c.beqz   x15, . + 0x4c
#1082 0 8000007e f00407b7 r 0f         f0040000  lui      x15, -0xffc0
#1083 0 80000082 0e87a783 r 0f         00000004  lw       x15, 0xe8(x15)
#1084 0 80000086 f0040737 r 0e         f0040000  lui      x14, -0xffc0
#1085 0 8000008a 09870713 r 0e         f0040098  addi     x14, x14, 0x98
#1086 0 8000008e     078a r 0f         00000010  c.slli   x15, 2
#1087 0 80000090     97ba r 0f         f00400a8  c.add    x15, x14
#1088 0 80000092     439c r 0f         00000001  c.lw     x15, 0x0(x15)
#1089 0 80000094     eb95 r 00         00000000  c.bnez   x15, . + 0x34
#1090 0 800000c8 f00407b7 r 0f         f0040000  lui      x15, -0xffc0
#1091 0 800000cc 0e87a783 r 0f         00000004  lw       x15, 0xe8(x15)
#1092 0 800000d0 00178713 r 0e         00000005  addi     x14, x15, 0x1
#1093 0 800000d4 f00407b7 r 0f         f0040000  lui      x15, -0xffc0
#1094 0 800000d8 0ee7a423 m f00400e8   00000005  sw       x14, 0xe8(x15)
#1095 0 800000dc f00407b7 r 0f         f0040000  lui      x15, -0xffc0
#1096 0 800000e0 0e87a703 r 0e         00000005  lw       x14, 0xe8(x15)
#1097 0 800000e4 f00407b7 r 0f         f0040000  lui      x15, -0xffc0
#1098 0 800000e8 0407a783 r 0f         00000004  lw       x15, 0x40(x15)
#1099 0 800000ec f6e7d9e3 r 00         00000000  bge      x15, x14, . - 0x8e
#1100 0 800000f0 f00407b7 r 0f         f0040000  lui      x15, -0xffc0
#1101 0 800000f4 0f07a703 r 0e         00000005  lw       x14, 0xf0(x15)
#1102 0 800000f8 f00407b7 r 0f         f0040000  lui      x15, -0xffc0
#1103 0 800000fc 0447a783 r 0f         00000006  lw       x15, 0x44(x15)
#1104 0 80000100 04e7c863 r 00         00000000  blt      x15, x14, . + 0x50
#1105 0 80000104 f00407b7 r 0f         f0040000  lui      x15, -0xffc0
#1106 0 80000108 0f07a783 r 0f         00000005  lw       x15, 0xf0(x15)
#1107 0 8000010c f0040737 r 0e         f0040000  lui      x14, -0xffc0
#1108 0 80000110 04870713 r 0e         f0040048  addi     x14, x14, 0x48
#1109 0 80000114     078a r 0f         00000014  c.slli   x15, 2
#1110 0 80000116     97ba r 0f         f004005c  c.add    x15, x14
#1111 0 80000118     439c r 0f         00000003  c.lw     x15, 0x0(x15)
#1112 0 8000011a f0040737 r 0e         f0040000  lui      x14, -0xffc0
#1113 0 8000011e 09870713 r 0e         f0040098  addi     x14, x14, 0x98
#1114 0 80000122     078a r 0f         0000000c  c.slli   x15, 2
#1115 0 80000124     97ba r 0f         f00400a4  c.add    x15, x14
#1116 0 80000126     4705 r 0e         00000001  c.li     x14, 0x1
#1117 0 80000128     c398 m f00400a4   00000001  c.sw     x14, 0x0(x15)
#1118 0 8000012a f00407b7 r 0f         f0040000  lui      x15, -0xffc0
#1119 0 8000012e 0f07a783 r 0f         00000005  lw       x15, 0xf0(x15)
#1120 0 80000132 00178693 r 0d         00000006  addi     x13, x15, 0x1
#1121 0 80000136 f0040737 r 0e         f0040000  lui      x14, -0xffc0
#1122 0 8000013a 0ed72823 m f00400f0   00000006  sw       x13, 0xf0(x14)
#1123 0 8000013e f0040737 r 0e         f0040000  lui      x14, -0xffc0
#1124 0 80000142 04870713 r 0e         f0040048  addi     x14, x14, 0x48
#1125 0 80000146     078a r 0f         00000014  c.slli   x15, 2
#1126 0 80000148     97ba r 0f         f004005c  c.add    x15, x14
#1127 0 8000014a     439c r 0f         00000003  c.lw     x15, 0x0(x15)
#1128 0 8000014c     853e r 0a         00000003  c.mv     x10, x15
#1129 0 8000014e     3de5 r 01         80000150  c.jal    . - 0x108
#1130 0 80000046     1101 r 02         f0041000  c.addi   x2, -0x20
#1131 0 80000048     ce06 m f004101c   80000150  c.swsp   x1, 0x1c
#1132 0 8000004a     cc22 m f0041018   f0041040  c.swsp   x8, 0x18
#1133 0 8000004c     1000 r 08         f0041020  c.addi4spn  x8, 0x8
#1134 0 8000004e fea42623 m f004100c   00000003  sw       x10, -0x14(x8)
#1135 0 80000052 f00407b7 r 0f         f0040000  lui      x15, -0xffc0
#1136 0 80000056     4705 r 0e         00000001  c.li     x14, 0x1
#1137 0 80000058 0ee7a423 m f00400e8   00000001  sw       x14, 0xe8(x15)
#1138 0 8000005c     a041 r 00         00000000  c.j      . + 0x80
#1139 0 800000dc f00407b7 r 0f         f0040000  lui      x15, -0xffc0
#1140 0 800000e0 0e87a703 r 0e         00000001  lw       x14, 0xe8(x15)
#1141 0 800000e4 f00407b7 r 0f         f0040000  lui      x15, -0xffc0
#1142 0 800000e8 0407a783 r 0f         00000004  lw       x15, 0x40(x15)
#1143 0 800000ec f6e7d9e3 r 00         00000000  bge      x15, x14, . - 0x8e
#1144 0 8000005e f00407b7 r 0f         f0040000  lui      x15, -0xffc0
#1145 0 80000062 0e87a783 r 0f         00000001  lw       x15, 0xe8(x15)
#1146 0 80000066 f0040737 r 0e         f0040000  lui      x14, -0xffc0
#1147 0 8000006a 00070713 r 0e         f0040000  addi     x14, x14, 0x0
#1148 0 8000006e fec42683 r 0d         00000003  lw       x13, -0x14(x8)
#1149 0 80000072     068a r 0d         0000000c  c.slli   x13, 2
#1150 0 80000074     97b6 r 0f         0000000d  c.add    x15, x13
#1151 0 80000076     078a r 0f         00000034  c.slli   x15, 2
#1152 0 80000078     97ba r 0f         f0040034  c.add    x15, x14
#1153 0 8000007a     439c r 0f         00000001  c.lw     x15, 0x0(x15)
#1154 0 8000007c     c7b1 r 00         00000000  c.beqz   x15, . + 0x4c
#1155 0 8000007e f00407b7 r 0f         f0040000  lui      x15, -0xffc0
#1156 0 80000082 0e87a783 r 0f         00000001  lw       x15, 0xe8(x15)
#1157 0 80000086 f0040737 r 0e         f0040000  lui      x14, -0xffc0
#1158 0 8000008a 09870713 r 0e         f0040098  addi     x14, x14, 0x98
#1159 0 8000008e     078a r 0f         00000004  c.slli   x15, 2
#1160 0 80000090     97ba r 0f         f004009c  c.add    x15, x14
#1161 0 80000092     439c r 0f         00000001  c.lw     x15, 0x0(x15)
#1162 0 80000094     eb95 r 00         00000000  c.bnez   x15, . + 0x34
#1163 0 800000c8 f00407b7 r 0f         f0040000  lui      x15, -0xffc0
#1164 0 800000cc 0e87a783 r 0f         00000001  lw       x15, 0xe8(x15)
#1165 0 800000d0 00178713 r 0e         00000002  addi     x14, x15, 0x1
#1166 0 800000d4 f00407b7 r 0f         f0040000  lui      x15, -0xffc0
#1167 0 800000d8 0ee7a423 m f00400e8   00000002  sw       x14, 0xe8(x15)
#1168 0 800000dc f00407b7 r 0f         f0040000  lui      x15, -0xffc0
#1169 0 800000e0 0e87a703 r 0e         00000002  lw       x14, 0xe8(x15)
#1170 0 800000e4 f00407b7 r 0f         f0040000  lui      x15, -0xffc0
#1171 0 800000e8 0407a783 r 0f         00000004  lw       x15, 0x40(x15)
#1172 0 800000ec f6e7d9e3 r 00         00000000  bge      x15, x14, . - 0x8e
#1173 0 8000005e f00407b7 r 0f         f0040000  lui      x15, -0xffc0
#1174 0 80000062 0e87a783 r 0f         00000002  lw       x15, 0xe8(x15)
#1175 0 80000066 f0040737 r 0e         f0040000  lui      x14, -0xffc0
#1176 0 8000006a 00070713 r 0e         f0040000  addi     x14, x14, 0x0
#1177 0 8000006e fec42683 r 0d         00000003  lw       x13, -0x14(x8)
#1178 0 80000072     068a r 0d         0000000c  c.slli   x13, 2
#1179 0 80000074     97b6 r 0f         0000000e  c.add    x15, x13
#1180 0 80000076     078a r 0f         00000038  c.slli   x15, 2
#1181 0 80000078     97ba r 0f         f0040038  c.add    x15, x14
#1182 0 8000007a     439c r 0f         00000000  c.lw     x15, 0x0(x15)
#1183 0 8000007c     c7b1 r 00         00000000  c.beqz   x15, . + 0x4c
#1184 0 800000c8 f00407b7 r 0f         f0040000  lui      x15, -0xffc0
#1185 0 800000cc 0e87a783 r 0f         00000002  lw       x15, 0xe8(x15)
#1186 0 800000d0 00178713 r 0e         00000003  addi     x14, x15, 0x1
#1187 0 800000d4 f00407b7 r 0f         f0040000  lui      x15, -0xffc0
#1188 0 800000d8 0ee7a423 m f00400e8   00000003  sw       x14, 0xe8(x15)
#1189 0 800000dc f00407b7 r 0f         f0040000  lui      x15, -0xffc0
#1190 0 800000e0 0e87a703 r 0e         00000003  lw       x14, 0xe8(x15)
#1191 0 800000e4 f00407b7 r 0f         f0040000  lui      x15, -0xffc0
#1192 0 800000e8 0407a783 r 0f         00000004  lw       x15, 0x40(x15)
#1193 0 800000ec f6e7d9e3 r 00         00000000  bge      x15, x14, . - 0x8e
#1194 0 8000005e f00407b7 r 0f         f0040000  lui      x15, -0xffc0
#1195 0 80000062 0e87a783 r 0f         00000003  lw       x15, 0xe8(x15)
#1196 0 80000066 f0040737 r 0e         f0040000  lui      x14, -0xffc0
#1197 0 8000006a 00070713 r 0e         f0040000  addi     x14, x14, 0x0
#1198 0 8000006e fec42683 r 0d         00000003  lw       x13, -0x14(x8)
#1199 0 80000072     068a r 0d         0000000c  c.slli   x13, 2
#1200 0 80000074     97b6 r 0f         0000000f  c.add    x15, x13
#1201 0 80000076     078a r 0f         0000003c  c.slli   x15, 2
#1202 0 80000078     97ba r 0f         f004003c  c.add    x15, x14
#1203 0 8000007a     439c r 0f         00000001  c.lw     x15, 0x0(x15)
#1204 0 8000007c     c7b1 r 00         00000000  c.beqz   x15, . + 0x4c
#1205 0 8000007e f00407b7 r 0f         f0040000  lui      x15, -0xffc0
#1206 0 80000082 0e87a783 r 0f         00000003  lw       x15, 0xe8(x15)
#1207 0 80000086 f0040737 r 0e         f0040000  lui      x14, -0xffc0
#1208 0 8000008a 09870713 r 0e         f0040098  addi     x14, x14, 0x98
#1209 0 8000008e     078a r 0f         0000000c  c.slli   x15, 2
#1210 0 80000090     97ba r 0f         f00400a4  c.add    x15, x14
#1211 0 80000092     439c r 0f         00000001  c.lw     x15, 0x0(x15)
#1212 0 80000094     eb95 r 00         00000000  c.bnez   x15, . + 0x34
#1213 0 800000c8 f00407b7 r 0f         f0040000  lui      x15, -0xffc0
#1214 0 800000cc 0e87a783 r 0f         00000003  lw       x15, 0xe8(x15)
#1215 0 800000d0 00178713 r 0e         00000004  addi     x14, x15, 0x1
#1216 0 800000d4 f00407b7 r 0f         f0040000  lui      x15, -0xffc0
#1217 0 800000d8 0ee7a423 m f00400e8   00000004  sw       x14, 0xe8(x15)
#1218 0 800000dc f00407b7 r 0f         f0040000  lui      x15, -0xffc0
#1219 0 800000e0 0e87a703 r 0e         00000004  lw       x14, 0xe8(x15)
#1220 0 800000e4 f00407b7 r 0f         f0040000  lui      x15, -0xffc0
#1221 0 800000e8 0407a783 r 0f         00000004  lw       x15, 0x40(x15)
#1222 0 800000ec f6e7d9e3 r 00         00000000  bge      x15, x14, . - 0x8e
#1223 0 8000005e f00407b7 r 0f         f0040000  lui      x15, -0xffc0
#1224 0 80000062 0e87a783 r 0f         00000004  lw       x15, 0xe8(x15)
#1225 0 80000066 f0040737 r 0e         f0040000  lui      x14, -0xffc0
#1226 0 8000006a 00070713 r 0e         f0040000  addi     x14, x14, 0x0
#1227 0 8000006e fec42683 r 0d         00000003  lw       x13, -0x14(x8)
#1228 0 80000072     068a r 0d         0000000c  c.slli   x13, 2
#1229 0 80000074     97b6 r 0f         00000010  c.add    x15, x13
#1230 0 80000076     078a r 0f         00000040  c.slli   x15, 2
#1231 0 80000078     97ba r 0f         f0040040  c.add    x15, x14
#1232 0 8000007a     439c r 0f         00000004  c.lw     x15, 0x0(x15)
#1233 0 8000007c     c7b1 r 00         00000000  c.beqz   x15, . + 0x4c
#1234 0 8000007e f00407b7 r 0f         f0040000  lui      x15, -0xffc0
#1235 0 80000082 0e87a783 r 0f         00000004  lw       x15, 0xe8(x15)
#1236 0 80000086 f0040737 r 0e         f0040000  lui      x14, -0xffc0
#1237 0 8000008a 09870713 r 0e         f0040098  addi     x14, x14, 0x98
#1238 0 8000008e     078a r 0f         00000010  c.slli   x15, 2
#1239 0 80000090     97ba r 0f         f00400a8  c.add    x15, x14
#1240 0 80000092     439c r 0f         00000001  c.lw     x15, 0x0(x15)
#1241 0 80000094     eb95 r 00         00000000  c.bnez   x15, . + 0x34
#1242 0 800000c8 f00407b7 r 0f         f0040000  lui      x15, -0xffc0
#1243 0 800000cc 0e87a783 r 0f         00000004  lw       x15, 0xe8(x15)
#1244 0 800000d0 00178713 r 0e         00000005  addi     x14, x15, 0x1
#1245 0 800000d4 f00407b7 r 0f         f0040000  lui      x15, -0xffc0
#1246 0 800000d8 0ee7a423 m f00400e8   00000005  sw       x14, 0xe8(x15)
#1247 0 800000dc f00407b7 r 0f         f0040000  lui      x15, -0xffc0
#1248 0 800000e0 0e87a703 r 0e         00000005  lw       x14, 0xe8(x15)
#1249 0 800000e4 f00407b7 r 0f         f0040000  lui      x15, -0xffc0
#1250 0 800000e8 0407a783 r 0f         00000004  lw       x15, 0x40(x15)
#1251 0 800000ec f6e7d9e3 r 00         00000000  bge      x15, x14, . - 0x8e
#1252 0 800000f0 f00407b7 r 0f         f0040000  lui      x15, -0xffc0
#1253 0 800000f4 0f07a703 r 0e         00000006  lw       x14, 0xf0(x15)
#1254 0 800000f8 f00407b7 r 0f         f0040000  lui      x15, -0xffc0
#1255 0 800000fc 0447a783 r 0f         00000006  lw       x15, 0x44(x15)
#1256 0 80000100 04e7c863 r 00         00000000  blt      x15, x14, . + 0x50
#1257 0 80000104 f00407b7 r 0f         f0040000  lui      x15, -0xffc0
#1258 0 80000108 0f07a783 r 0f         00000006  lw       x15, 0xf0(x15)
#1259 0 8000010c f0040737 r 0e         f0040000  lui      x14, -0xffc0
#1260 0 80000110 04870713 r 0e         f0040048  addi     x14, x14, 0x48
#1261 0 80000114     078a r 0f         00000018  c.slli   x15, 2
#1262 0 80000116     97ba r 0f         f0040060  c.add    x15, x14
#1263 0 80000118     439c r 0f         00000003  c.lw     x15, 0x0(x15)
#1264 0 8000011a f0040737 r 0e         f0040000  lui      x14, -0xffc0
#1265 0 8000011e 09870713 r 0e         f0040098  addi     x14, x14, 0x98
#1266 0 80000122     078a r 0f         0000000c  c.slli   x15, 2
#1267 0 80000124     97ba r 0f         f00400a4  c.add    x15, x14
#1268 0 80000126     4705 r 0e         00000001  c.li     x14, 0x1
#1269 0 80000128     c398 m f00400a4   00000001  c.sw     x14, 0x0(x15)
#1270 0 8000012a f00407b7 r 0f         f0040000  lui      x15, -0xffc0
#1271 0 8000012e 0f07a783 r 0f         00000006  lw       x15, 0xf0(x15)
#1272 0 80000132 00178693 r 0d         00000007  addi     x13, x15, 0x1
#1273 0 80000136 f0040737 r 0e         f0040000  lui      x14, -0xffc0
#1274 0 8000013a 0ed72823 m f00400f0   00000007  sw       x13, 0xf0(x14)
#1275 0 8000013e f0040737 r 0e         f0040000  lui      x14, -0xffc0
#1276 0 80000142 04870713 r 0e         f0040048  addi     x14, x14, 0x48
#1277 0 80000146     078a r 0f         00000018  c.slli   x15, 2
#1278 0 80000148     97ba r 0f         f0040060  c.add    x15, x14
#1279 0 8000014a     439c r 0f         00000003  c.lw     x15, 0x0(x15)
#1280 0 8000014c     853e r 0a         00000003  c.mv     x10, x15
#1281 0 8000014e     3de5 r 01         80000150  c.jal    . - 0x108
#1282 0 80000046     1101 r 02         f0040fe0  c.addi   x2, -0x20
#1283 0 80000048     ce06 m f0040ffc   80000150  c.swsp   x1, 0x1c
#1284 0 8000004a     cc22 m f0040ff8   f0041020  c.swsp   x8, 0x18
#1285 0 8000004c     1000 r 08         f0041000  c.addi4spn  x8, 0x8
#1286 0 8000004e fea42623 m f0040fec   00000003  sw       x10, -0x14(x8)
#1287 0 80000052 f00407b7 r 0f         f0040000  lui      x15, -0xffc0
#1288 0 80000056     4705 r 0e         00000001  c.li     x14, 0x1
#1289 0 80000058 0ee7a423 m f00400e8   00000001  sw       x14, 0xe8(x15)
#1290 0 8000005c     a041 r 00         00000000  c.j      . + 0x80
#1291 0 800000dc f00407b7 r 0f         f0040000  lui      x15, -0xffc0
#1292 0 800000e0 0e87a703 r 0e         00000001  lw       x14, 0xe8(x15)
#1293 0 800000e4 f00407b7 r 0f         f0040000  lui      x15, -0xffc0
#1294 0 800000e8 0407a783 r 0f         00000004  lw       x15, 0x40(x15)
#1295 0 800000ec f6e7d9e3 r 00         00000000  bge      x15, x14, . - 0x8e
#1296 0 8000005e f00407b7 r 0f         f0040000  lui      x15, -0xffc0
#1297 0 80000062 0e87a783 r 0f         00000001  lw       x15, 0xe8(x15)
#1298 0 80000066 f0040737 r 0e         f0040000  lui      x14, -0xffc0
#1299 0 8000006a 00070713 r 0e         f0040000  addi     x14, x14, 0x0
#1300 0 8000006e fec42683 r 0d         00000003  lw       x13, -0x14(x8)
#1301 0 80000072     068a r 0d         0000000c  c.slli   x13, 2
#1302 0 80000074     97b6 r 0f         0000000d  c.add    x15, x13
#1303 0 80000076     078a r 0f         00000034  c.slli   x15, 2
#1304 0 80000078     97ba r 0f         f0040034  c.add    x15, x14
#1305 0 8000007a     439c r 0f         00000001  c.lw     x15, 0x0(x15)
#1306 0 8000007c     c7b1 r 00         00000000  c.beqz   x15, . + 0x4c
#1307 0 8000007e f00407b7 r 0f         f0040000  lui      x15, -0xffc0
#1308 0 80000082 0e87a783 r 0f         00000001  lw       x15, 0xe8(x15)
#1309 0 80000086 f0040737 r 0e         f0040000  lui      x14, -0xffc0
#1310 0 8000008a 09870713 r 0e         f0040098  addi     x14, x14, 0x98
#1311 0 8000008e     078a r 0f         00000004  c.slli   x15, 2
#1312 0 80000090     97ba r 0f         f004009c  c.add    x15, x14
#1313 0 80000092     439c r 0f         00000001  c.lw     x15, 0x0(x15)
#1314 0 80000094     eb95 r 00         00000000  c.bnez   x15, . + 0x34
#1315 0 800000c8 f00407b7 r 0f         f0040000  lui      x15, -0xffc0
#1316 0 800000cc 0e87a783 r 0f         00000001  lw       x15, 0xe8(x15)
#1317 0 800000d0 00178713 r 0e         00000002  addi     x14, x15, 0x1
#1318 0 800000d4 f00407b7 r 0f         f0040000  lui      x15, -0xffc0
#1319 0 800000d8 0ee7a423 m f00400e8   00000002  sw       x14, 0xe8(x15)
#1320 0 800000dc f00407b7 r 0f         f0040000  lui      x15, -0xffc0
#1321 0 800000e0 0e87a703 r 0e         00000002  lw       x14, 0xe8(x15)
#1322 0 800000e4 f00407b7 r 0f         f0040000  lui      x15, -0xffc0
#1323 0 800000e8 0407a783 r 0f         00000004  lw       x15, 0x40(x15)
#1324 0 800000ec f6e7d9e3 r 00         00000000  bge      x15, x14, . - 0x8e
#1325 0 8000005e f00407b7 r 0f         f0040000  lui      x15, -0xffc0
#1326 0 80000062 0e87a783 r 0f         00000002  lw       x15, 0xe8(x15)
#1327 0 80000066 f0040737 r 0e         f0040000  lui      x14, -0xffc0
#1328 0 8000006a 00070713 r 0e         f0040000  addi     x14, x14, 0x0
#1329 0 8000006e fec42683 r 0d         00000003  lw       x13, -0x14(x8)
#1330 0 80000072     068a r 0d         0000000c  c.slli   x13, 2
#1331 0 80000074     97b6 r 0f         0000000e  c.add    x15, x13
#1332 0 80000076     078a r 0f         00000038  c.slli   x15, 2
#1333 0 80000078     97ba r 0f         f0040038  c.add    x15, x14
#1334 0 8000007a     439c r 0f         00000000  c.lw     x15, 0x0(x15)
#1335 0 8000007c     c7b1 r 00         00000000  c.beqz   x15, . + 0x4c
#1336 0 800000c8 f00407b7 r 0f         f0040000  lui      x15, -0xffc0
#1337 0 800000cc 0e87a783 r 0f         00000002  lw       x15, 0xe8(x15)
#1338 0 800000d0 00178713 r 0e         00000003  addi     x14, x15, 0x1
#1339 0 800000d4 f00407b7 r 0f         f0040000  lui      x15, -0xffc0
#1340 0 800000d8 0ee7a423 m f00400e8   00000003  sw       x14, 0xe8(x15)
#1341 0 800000dc f00407b7 r 0f         f0040000  lui      x15, -0xffc0
#1342 0 800000e0 0e87a703 r 0e         00000003  lw       x14, 0xe8(x15)
#1343 0 800000e4 f00407b7 r 0f         f0040000  lui      x15, -0xffc0
#1344 0 800000e8 0407a783 r 0f         00000004  lw       x15, 0x40(x15)
#1345 0 800000ec f6e7d9e3 r 00         00000000  bge      x15, x14, . - 0x8e
#1346 0 8000005e f00407b7 r 0f         f0040000  lui      x15, -0xffc0
#1347 0 80000062 0e87a783 r 0f         00000003  lw       x15, 0xe8(x15)
#1348 0 80000066 f0040737 r 0e         f0040000  lui      x14, -0xffc0
#1349 0 8000006a 00070713 r 0e         f0040000  addi     x14, x14, 0x0
#1350 0 8000006e fec42683 r 0d         00000003  lw       x13, -0x14(x8)
#1351 0 80000072     068a r 0d         0000000c  c.slli   x13, 2
#1352 0 80000074     97b6 r 0f         0000000f  c.add    x15, x13
#1353 0 80000076     078a r 0f         0000003c  c.slli   x15, 2
#1354 0 80000078     97ba r 0f         f004003c  c.add    x15, x14
#1355 0 8000007a     439c r 0f         00000001  c.lw     x15, 0x0(x15)
#1356 0 8000007c     c7b1 r 00         00000000  c.beqz   x15, . + 0x4c
#1357 0 8000007e f00407b7 r 0f         f0040000  lui      x15, -0xffc0
#1358 0 80000082 0e87a783 r 0f         00000003  lw       x15, 0xe8(x15)
#1359 0 80000086 f0040737 r 0e         f0040000  lui      x14, -0xffc0
#1360 0 8000008a 09870713 r 0e         f0040098  addi     x14, x14, 0x98
#1361 0 8000008e     078a r 0f         0000000c  c.slli   x15, 2
#1362 0 80000090     97ba r 0f         f00400a4  c.add    x15, x14
#1363 0 80000092     439c r 0f         00000001  c.lw     x15, 0x0(x15)
#1364 0 80000094     eb95 r 00         00000000  c.bnez   x15, . + 0x34
#1365 0 800000c8 f00407b7 r 0f         f0040000  lui      x15, -0xffc0
#1366 0 800000cc 0e87a783 r 0f         00000003  lw       x15, 0xe8(x15)
#1367 0 800000d0 00178713 r 0e         00000004  addi     x14, x15, 0x1
#1368 0 800000d4 f00407b7 r 0f         f0040000  lui      x15, -0xffc0
#1369 0 800000d8 0ee7a423 m f00400e8   00000004  sw       x14, 0xe8(x15)
#1370 0 800000dc f00407b7 r 0f         f0040000  lui      x15, -0xffc0
#1371 0 800000e0 0e87a703 r 0e         00000004  lw       x14, 0xe8(x15)
#1372 0 800000e4 f00407b7 r 0f         f0040000  lui      x15, -0xffc0
#1373 0 800000e8 0407a783 r 0f         00000004  lw       x15, 0x40(x15)
#1374 0 800000ec f6e7d9e3 r 00         00000000  bge      x15, x14, . - 0x8e
#1375 0 8000005e f00407b7 r 0f         f0040000  lui      x15, -0xffc0
#1376 0 80000062 0e87a783 r 0f         00000004  lw       x15, 0xe8(x15)
#1377 0 80000066 f0040737 r 0e         f0040000  lui      x14, -0xffc0
#1378 0 8000006a 00070713 r 0e         f0040000  addi     x14, x14, 0x0
#1379 0 8000006e fec42683 r 0d         00000003  lw       x13, -0x14(x8)
#1380 0 80000072     068a r 0d         0000000c  c.slli   x13, 2
#1381 0 80000074     97b6 r 0f         00000010  c.add    x15, x13
#1382 0 80000076     078a r 0f         00000040  c.slli   x15, 2
#1383 0 80000078     97ba r 0f         f0040040  c.add    x15, x14
#1384 0 8000007a     439c r 0f         00000004  c.lw     x15, 0x0(x15)
#1385 0 8000007c     c7b1 r 00         00000000  c.beqz   x15, . + 0x4c
#1386 0 8000007e f00407b7 r 0f         f0040000  lui      x15, -0xffc0
#1387 0 80000082 0e87a783 r 0f         00000004  lw       x15, 0xe8(x15)
#1388 0 80000086 f0040737 r 0e         f0040000  lui      x14, -0xffc0
#1389 0 8000008a 09870713 r 0e         f0040098  addi     x14, x14, 0x98
#1390 0 8000008e     078a r 0f         00000010  c.slli   x15, 2
#1391 0 80000090     97ba r 0f         f00400a8  c.add    x15, x14
#1392 0 80000092     439c r 0f         00000001  c.lw     x15, 0x0(x15)
#1393 0 80000094     eb95 r 00         00000000  c.bnez   x15, . + 0x34
#1394 0 800000c8 f00407b7 r 0f         f0040000  lui      x15, -0xffc0
#1395 0 800000cc 0e87a783 r 0f         00000004  lw       x15, 0xe8(x15)
#1396 0 800000d0 00178713 r 0e         00000005  addi     x14, x15, 0x1
#1397 0 800000d4 f00407b7 r 0f         f0040000  lui      x15, -0xffc0
#1398 0 800000d8 0ee7a423 m f00400e8   00000005  sw       x14, 0xe8(x15)
#1399 0 800000dc f00407b7 r 0f         f0040000  lui      x15, -0xffc0
#1400 0 800000e0 0e87a703 r 0e         00000005  lw       x14, 0xe8(x15)
#1401 0 800000e4 f00407b7 r 0f         f0040000  lui      x15, -0xffc0
#1402 0 800000e8 0407a783 r 0f         00000004  lw       x15, 0x40(x15)
#1403 0 800000ec f6e7d9e3 r 00         00000000  bge      x15, x14, . - 0x8e
#1404 0 800000f0 f00407b7 r 0f         f0040000  lui      x15, -0xffc0
#1405 0 800000f4 0f07a703 r 0e         00000007  lw       x14, 0xf0(x15)
#1406 0 800000f8 f00407b7 r 0f         f0040000  lui      x15, -0xffc0
#1407 0 800000fc 0447a783 r 0f         00000006  lw       x15, 0x44(x15)
#1408 0 80000100 04e7c863 r 00         00000000  blt      x15, x14, . + 0x50
#1409 0 80000150     0001 r 00         00000000  c.nop
#1410 0 80000152     40f2 r 01         80000150  c.lwsp   x1, 0x1c
#1411 0 80000154     4462 r 08         f0041020  c.lwsp   x8, 0x18
#1412 0 80000156     6105 r 02         f0041000  c.addi16sp 0x2
#1413 0 80000158     8082 r 00         00000000  c.jr     x1
#1414 0 80000150     0001 r 00         00000000  c.nop
#1415 0 80000152     40f2 r 01         80000150  c.lwsp   x1, 0x1c
#1416 0 80000154     4462 r 08         f0041040  c.lwsp   x8, 0x18
#1417 0 80000156     6105 r 02         f0041020  c.addi16sp 0x2
#1418 0 80000158     8082 r 00         00000000  c.jr     x1
#1419 0 80000150     0001 r 00         00000000  c.nop
#1420 0 80000152     40f2 r 01         80000150  c.lwsp   x1, 0x1c
#1421 0 80000154     4462 r 08         f0041060  c.lwsp   x8, 0x18
#1422 0 80000156     6105 r 02         f0041040  c.addi16sp 0x2
#1423 0 80000158     8082 r 00         00000000  c.jr     x1
#1424 0 80000150     0001 r 00         00000000  c.nop
#1425 0 80000152     40f2 r 01         80000150  c.lwsp   x1, 0x1c
#1426 0 80000154     4462 r 08         f0041080  c.lwsp   x8, 0x18
#1427 0 80000156     6105 r 02         f0041060  c.addi16sp 0x2
#1428 0 80000158     8082 r 00         00000000  c.jr     x1
#1429 0 80000150     0001 r 00         00000000  c.nop
#1430 0 80000152     40f2 r 01         80000150  c.lwsp   x1, 0x1c
#1431 0 80000154     4462 r 08         f00410a0  c.lwsp   x8, 0x18
#1432 0 80000156     6105 r 02         f0041080  c.addi16sp 0x2
#1433 0 80000158     8082 r 00         00000000  c.jr     x1
#1434 0 80000150     0001 r 00         00000000  c.nop
#1435 0 80000152     40f2 r 01         80000150  c.lwsp   x1, 0x1c
#1436 0 80000154     4462 r 08         f00410c0  c.lwsp   x8, 0x18
#1437 0 80000156     6105 r 02         f00410a0  c.addi16sp 0x2
#1438 0 80000158     8082 r 00         00000000  c.jr     x1
#1439 0 80000150     0001 r 00         00000000  c.nop
#1440 0 80000152     40f2 r 01         80000150  c.lwsp   x1, 0x1c
#1441 0 80000154     4462 r 08         f00410e0  c.lwsp   x8, 0x18
#1442 0 80000156     6105 r 02         f00410c0  c.addi16sp 0x2
#1443 0 80000158     8082 r 00         00000000  c.jr     x1
#1444 0 80000150     0001 r 00         00000000  c.nop
#1445 0 80000152     40f2 r 01         800001d2  c.lwsp   x1, 0x1c
#1446 0 80000154     4462 r 08         f0041100  c.lwsp   x8, 0x18
#1447 0 80000156     6105 r 02         f00410e0  c.addi16sp 0x2
#1448 0 80000158     8082 r 00         00000000  c.jr     x1
#1449 0 800001d2     0001 r 00         00000000  c.nop
#1450 0 800001d4     40f2 r 01         80000018  c.lwsp   x1, 0x1c
#1451 0 800001d6     4462 r 08         00000000  c.lwsp   x8, 0x18
#1452 0 800001d8     6105 r 02         f0041100  c.addi16sp 0x2
#1453 0 800001da     8082 r 00         00000000  c.jr     x1
#1454 0 80000018 50580297 r 05         d0580018  auipc    x5, 0x50580
#1455 0 8000001c fe828293 r 05         d0580000  addi     x5, x5, -0x18
#1456 0 80000020 0ff00313 r 06         000000ff  addi     x6, x0, 0xff
#1457 0 80000024 00628023 m d0580000   000000ff  sb       x6, 0x0(x5)
