#1 0 80000000 595552b7 r 05         59555000  lui      x5, 0x59555
#2 0 80000004 55528293 r 05         59555555  addi     x5, x5, 0x555
#3 0 80000008 7c029073 c 07c0       59555555  csrrw    x0, mrac, x5
#4 0 8000000c 70041117 r 02         f004100c  auipc    x2, 0x70041
#5 0 80000010 ff410113 r 02         f0041000  addi     x2, x2, -0xc
#6 0 80000014     2059 r 01         80000016  c.jal    . + 0x86
#7 0 8000009a     1101 r 02         f0040fe0  c.addi   x2, -0x20
#8 0 8000009c     ce06 m f0040ffc   80000016  c.swsp   x1, 0x1c
#9 0 8000009e     cc22 m f0040ff8   00000000  c.swsp   x8, 0x18
#10 0 800000a0     1000 r 08         f0041000  c.addi4spn  x8, 0x8
#11 0 800000a2 02000793 r 0f         00000020  addi     x15, x0, 0x20
#12 0 800000a6 fef42623 m f0040fec   00000020  sw       x15, -0x14(x8)
#13 0 800000aa 02d00593 r 0b         0000002d  addi     x11, x0, 0x2d
#14 0 800000ae fec42503 r 0a         00000020  lw       x10, -0x14(x8)
#15 0 800000b2     3f49 r 01         800000b4  c.jal    . - 0x6e
#16 0 80000044     7179 r 02         f0040fb0  c.addi16sp -0x3
#17 0 80000046     d622 m f0040fdc   f0041000  c.swsp   x8, 0x2c
#18 0 80000048     1800 r 08         f0040fe0  c.addi4spn  x8, 0xc
#19 0 8000004a fca42e23 m f0040fbc   00000020  sw       x10, -0x24(x8)
#20 0 8000004e fcb42c23 m f0040fb8   0000002d  sw       x11, -0x28(x8)
#21 0 80000052     4785 r 0f         00000001  c.li     x15, 0x1
#22 0 80000054 fef42623 m f0040fcc   00000001  sw       x15, -0x14(x8)
#23 0 80000058     a805 r 00         00000000  c.j      . + 0x30
#24 0 80000088 fd842783 r 0f         0000002d  lw       x15, -0x28(x8)
#25 0 8000008c     f7f9 r 00         00000000  c.bnez   x15, . - 0x32
#26 0 8000005a fd842783 r 0f         0000002d  lw       x15, -0x28(x8)
#27 0 8000005e     8b85 r 0f         00000001  c.andi   x15, 0x1
#28 0 80000060     cb89 r 00         00000000  c.beqz   x15, . + 0x12
#29 0 80000062 fec42703 r 0e         00000001  lw       x14, -0x14(x8)
#30 0 80000066 fdc42783 r 0f         00000020  lw       x15, -0x24(x8)
#31 0 8000006a 02f707b3 r 0f         00000020  mul      x15, x14, x15
#32 0 8000006e fef42623 m f0040fcc   00000020  sw       x15, -0x14(x8)
#33 0 80000072 fd842783 r 0f         0000002d  lw       x15, -0x28(x8)
#34 0 80000076     8385 r 0f         00000016  c.srli   x15, 0x1
#35 0 80000078 fcf42c23 m f0040fb8   00000016  sw       x15, -0x28(x8)
#36 0 8000007c fdc42783 r 0f         00000020  lw       x15, -0x24(x8)
#37 0 80000080 02f787b3 r 0f         00000400  mul      x15, x15, x15
#38 0 80000084 fcf42e23 m f0040fbc   00000400  sw       x15, -0x24(x8)
#39 0 80000088 fd842783 r 0f         00000016  lw       x15, -0x28(x8)
#40 0 8000008c     f7f9 r 00         00000000  c.bnez   x15, . - 0x32
#41 0 8000005a fd842783 r 0f         00000016  lw       x15, -0x28(x8)
#42 0 8000005e     8b85 r 0f         00000000  c.andi   x15, 0x1
#43 0 80000060     cb89 r 00         00000000  c.beqz   x15, . + 0x12
#44 0 80000072 fd842783 r 0f         00000016  lw       x15, -0x28(x8)
#45 0 80000076     8385 r 0f         0000000b  c.srli   x15, 0x1
#46 0 80000078 fcf42c23 m f0040fb8   0000000b  sw       x15, -0x28(x8)
#47 0 8000007c fdc42783 r 0f         00000400  lw       x15, -0x24(x8)
#48 0 80000080 02f787b3 r 0f         00100000  mul      x15, x15, x15
#49 0 80000084 fcf42e23 m f0040fbc   00100000  sw       x15, -0x24(x8)
#50 0 80000088 fd842783 r 0f         0000000b  lw       x15, -0x28(x8)
#51 0 8000008c     f7f9 r 00         00000000  c.bnez   x15, . - 0x32
#52 0 8000005a fd842783 r 0f         0000000b  lw       x15, -0x28(x8)
#53 0 8000005e     8b85 r 0f         00000001  c.andi   x15, 0x1
#54 0 80000060     cb89 r 00         00000000  c.beqz   x15, . + 0x12
#55 0 80000062 fec42703 r 0e         00000020  lw       x14, -0x14(x8)
#56 0 80000066 fdc42783 r 0f         00100000  lw       x15, -0x24(x8)
#57 0 8000006a 02f707b3 r 0f         02000000  mul      x15, x14, x15
#58 0 8000006e fef42623 m f0040fcc   02000000  sw       x15, -0x14(x8)
#59 0 80000072 fd842783 r 0f         0000000b  lw       x15, -0x28(x8)
#60 0 80000076     8385 r 0f         00000005  c.srli   x15, 0x1
#61 0 80000078 fcf42c23 m f0040fb8   00000005  sw       x15, -0x28(x8)
#62 0 8000007c fdc42783 r 0f         00100000  lw       x15, -0x24(x8)
#63 0 80000080 02f787b3 r 0f         00000000  mul      x15, x15, x15
#64 0 80000084 fcf42e23 m f0040fbc   00000000  sw       x15, -0x24(x8)
#65 0 80000088 fd842783 r 0f         00000005  lw       x15, -0x28(x8)
#66 0 8000008c     f7f9 r 00         00000000  c.bnez   x15, . - 0x32
#67 0 8000005a fd842783 r 0f         00000005  lw       x15, -0x28(x8)
#68 0 8000005e     8b85 r 0f         00000001  c.andi   x15, 0x1
#69 0 80000060     cb89 r 00         00000000  c.beqz   x15, . + 0x12
#70 0 80000062 fec42703 r 0e         02000000  lw       x14, -0x14(x8)
#71 0 80000066 fdc42783 r 0f         00000000  lw       x15, -0x24(x8)
#72 0 8000006a 02f707b3 r 0f         00000000  mul      x15, x14, x15
#73 0 8000006e fef42623 m f0040fcc   00000000  sw       x15, -0x14(x8)
#74 0 80000072 fd842783 r 0f         00000005  lw       x15, -0x28(x8)
#75 0 80000076     8385 r 0f         00000002  c.srli   x15, 0x1
#76 0 80000078 fcf42c23 m f0040fb8   00000002  sw       x15, -0x28(x8)
#77 0 8000007c fdc42783 r 0f         00000000  lw       x15, -0x24(x8)
#78 0 80000080 02f787b3 r 0f         00000000  mul      x15, x15, x15
#79 0 80000084 fcf42e23 m f0040fbc   00000000  sw       x15, -0x24(x8)
#80 0 80000088 fd842783 r 0f         00000002  lw       x15, -0x28(x8)
#81 0 8000008c     f7f9 r 00         00000000  c.bnez   x15, . - 0x32
#82 0 8000005a fd842783 r 0f         00000002  lw       x15, -0x28(x8)
#83 0 8000005e     8b85 r 0f         00000000  c.andi   x15, 0x1
#84 0 80000060     cb89 r 00         00000000  c.beqz   x15, . + 0x12
#85 0 80000072 fd842783 r 0f         00000002  lw       x15, -0x28(x8)
#86 0 80000076     8385 r 0f         00000001  c.srli   x15, 0x1
#87 0 80000078 fcf42c23 m f0040fb8   00000001  sw       x15, -0x28(x8)
#88 0 8000007c fdc42783 r 0f         00000000  lw       x15, -0x24(x8)
#89 0 80000080 02f787b3 r 0f         00000000  mul      x15, x15, x15
#90 0 80000084 fcf42e23 m f0040fbc   00000000  sw       x15, -0x24(x8)
#91 0 80000088 fd842783 r 0f         00000001  lw       x15, -0x28(x8)
#92 0 8000008c     f7f9 r 00         00000000  c.bnez   x15, . - 0x32
#93 0 8000005a fd842783 r 0f         00000001  lw       x15, -0x28(x8)
#94 0 8000005e     8b85 r 0f         00000001  c.andi   x15, 0x1
#95 0 80000060     cb89 r 00         00000000  c.beqz   x15, . + 0x12
#96 0 80000062 fec42703 r 0e         00000000  lw       x14, -0x14(x8)
#97 0 80000066 fdc42783 r 0f         00000000  lw       x15, -0x24(x8)
#98 0 8000006a 02f707b3 r 0f         00000000  mul      x15, x14, x15
#99 0 8000006e fef42623 m f0040fcc   00000000  sw       x15, -0x14(x8)
#100 0 80000072 fd842783 r 0f         00000001  lw       x15, -0x28(x8)
#101 0 80000076     8385 r 0f         00000000  c.srli   x15, 0x1
#102 0 80000078 fcf42c23 m f0040fb8   00000000  sw       x15, -0x28(x8)
#103 0 8000007c fdc42783 r 0f         00000000  lw       x15, -0x24(x8)
#104 0 80000080 02f787b3 r 0f         00000000  mul      x15, x15, x15
#105 0 80000084 fcf42e23 m f0040fbc   00000000  sw       x15, -0x24(x8)
#106 0 80000088 fd842783 r 0f         00000000  lw       x15, -0x28(x8)
#107 0 8000008c     f7f9 r 00         00000000  c.bnez   x15, . - 0x32
#108 0 8000008e fec42783 r 0f         00000000  lw       x15, -0x14(x8)
#109 0 80000092     853e r 0a         00000000  c.mv     x10, x15
#110 0 80000094     5432 r 08         f0041000  c.lwsp   x8, 0x2c
#111 0 80000096     6145 r 02         f0040fe0  c.addi16sp 0x3
#112 0 80000098     8082 r 00         00000000  c.jr     x1
#113 0 800000b4     0001 r 00         00000000  c.nop
#114 0 800000b6     40f2 r 01         80000016  c.lwsp   x1, 0x1c
#115 0 800000b8     4462 r 08         00000000  c.lwsp   x8, 0x18
#116 0 800000ba     6105 r 02         f0041000  c.addi16sp 0x2
#117 0 800000bc     8082 r 00         00000000  c.jr     x1
#118 0 80000016 50580297 r 05         d0580016  auipc    x5, 0x50580
#119 0 8000001a fea28293 r 05         d0580000  addi     x5, x5, -0x16
#120 0 8000001e 0ff00313 r 06         000000ff  addi     x6, x0, 0xff
#121 0 80000022 00628023 m d0580000   000000ff  sb       x6, 0x0(x5)
