//   Cycle : #inst    0    pc    opcode    reg=value   ; mnemonic
        16 :       #1 0 80000000 595552b7  t0=59555000 ; lui     t0,0x59555000
        22 :       #2 0 80000004 55528293  t0=59555555 ; addi    t0,t0,1365
        28 :       #3 0 80000008 7c029073              ; csrrw   zero,csr_7c0,t0
        33 :       #4 0 8000000c 70042117  sp=f004200c ; auipc   sp,0x70042000
        38 :       #5 0 80000010 c7410113  sp=f0041c80 ; addi    sp,sp,-908
        39 :       #6 0 80000014 080000ef  ra=80000018 ; jal     ra,0x80000094
        48 :       #7 0 80000094 9b010113  sp=f0041630 ; addi    sp,sp,-1616
        49 :       #8 0 80000098 70040597  a1=f0040098 ; auipc   a1,0x70040000
        50 :       #9 0 8000009c f6858593  a1=f0040000 ; addi    a1,a1,-152
        51 :      #10 0 800000a0 19000513  a0=00000190 ; addi    a0,zero,400
        52 :      #11 0 800000a4 0000860a  a2=f0041630 ; c.mv    a2,sp
        53 :      #12 0 800000a6 64112623              ; sw      ra,1612(sp) [f0041c7c]
        54 :      #13 0 800000aa f9dff0ef  ra=800000ae ; jal     ra,0x80000046
        61 :      #14 0 80000046 00251793  a5=00000640 ; slli    a5,a0,2
        62 :      #15 0 8000004a 000017f1  a5=0000063c ; c.addi  a5,-4
        63 :      #16 0 8000004c 00f60733  a4=f0041c6c ; add     a4,a2,a5
        64 :      #17 0 80000050 00062023              ; sw      zero,0(a2) [f0041630]
        65 :      #18 0 80000054 00072023              ; sw      zero,0(a4) [f0041c6c]
        66 :      #19 0 80000058 00004709  a4=00000002 ; c.li    a4,2
        67 :      #20 0 8000005a 02a75463              ; bge     a4,a0,0x80000082
        68 :      #21 0 8000005e 00b78533  a0=f004063c ; add     a0,a5,a1
        69 :      #22 0 80000062 00000611  a2=f0041634 ; c.addi  a2,4
        70 :      #23 0 80000064 00001571  a0=f0040638 ; c.addi  a0,-4
        71 :      #24 0 80000066 00004198  a4=00000029 ; c.lw    a4,0(a1) [f0040000]
        72 :      #25 0 80000068 000041dc  a5=000001c6 ; c.lw    a5,128(a1) [f0040080]
        73 :      #26 0 8000006a 00004594  a3=00000341 ; c.lw    a3,8(a1) [f0040008]
        74 :      #27 0 8000006c 00f75c63              ; bge     a4,a5,0x80000084
        75 :      #28 0 80000070 02d7c063              ; blt     a5,a3,0x80000090
        77 :      #29 0 80000090 0000c21c              ; c.sw    a5,0(a2) [f0041634]
        78 :      #30 0 80000092 0000b7e5              ; c.j     0x8000007a
        80 :      #31 0 8000007a 00000591  a1=f0040004 ; c.addi  a1,4
        81 :      #32 0 8000007c 00000611  a2=f0041638 ; c.addi  a2,4
        82 :      #33 0 8000007e fea594e3              ; bne     a1,a0,0x80000066
        84 :      #34 0 80000066 00004198  a4=000001c6 ; c.lw    a4,0(a1) [f0040004]
        85 :      #35 0 80000068 000041dc  a5=00000341 ; c.lw    a5,128(a1) [f0040084]
        86 :      #36 0 8000006a 00004594  a3=0000014f ; c.lw    a3,8(a1) [f004000c]
        87 :      #37 0 8000006c 00f75c63              ; bge     a4,a5,0x80000084
        88 :      #38 0 80000070 02d7c063              ; blt     a5,a3,0x80000090
        90 :      #39 0 80000074 00e6dc63              ; bge     a3,a4,0x8000008c
        91 :      #40 0 80000078 0000c218              ; c.sw    a4,0(a2) [f0041638]
        92 :      #41 0 8000007a 00000591  a1=f0040008 ; c.addi  a1,4
        93 :      #42 0 8000007c 00000611  a2=f004163c ; c.addi  a2,4
        94 :      #43 0 8000007e fea594e3              ; bne     a1,a0,0x80000066
        95 :      #44 0 80000066 00004198  a4=00000341 ; c.lw    a4,0(a1) [f0040008]
        96 :      #45 0 80000068 000041dc  a5=0000014f ; c.lw    a5,128(a1) [f0040088]
        97 :      #46 0 8000006a 00004594  a3=00000234 ; c.lw    a3,8(a1) [f0040010]
        98 :      #47 0 8000006c 00f75c63              ; bge     a4,a5,0x80000084
       100 :      #48 0 80000084 fed74ae3              ; blt     a4,a3,0x80000078
       101 :      #49 0 80000088 00f6c463              ; blt     a3,a5,0x80000090
       102 :      #50 0 8000008c 0000c214              ; c.sw    a3,0(a2) [f004163c]
       103 :      #51 0 8000008e 0000b7f5              ; c.j     0x8000007a
       105 :      #52 0 8000007a 00000591  a1=f004000c ; c.addi  a1,4
       106 :      #53 0 8000007c 00000611  a2=f0041640 ; c.addi  a2,4
       107 :      #54 0 8000007e fea594e3              ; bne     a1,a0,0x80000066
       109 :      #55 0 80000066 00004198  a4=0000014f ; c.lw    a4,0(a1) [f004000c]
       110 :      #56 0 80000068 000041dc  a5=00000234 ; c.lw    a5,128(a1) [f004008c]
       111 :      #57 0 8000006a 00004594  a3=00000001 ; c.lw    a3,8(a1) [f0040014]
       112 :      #58 0 8000006c 00f75c63              ; bge     a4,a5,0x80000084
       113 :      #59 0 80000070 02d7c063              ; blt     a5,a3,0x80000090
       115 :      #60 0 80000074 00e6dc63              ; bge     a3,a4,0x8000008c
       116 :      #61 0 80000078 0000c218              ; c.sw    a4,0(a2) [f0041640]
       117 :      #62 0 8000007a 00000591  a1=f0040010 ; c.addi  a1,4
       118 :      #63 0 8000007c 00000611  a2=f0041644 ; c.addi  a2,4
       119 :      #64 0 8000007e fea594e3              ; bne     a1,a0,0x80000066
       121 :      #65 0 80000066 00004198  a4=00000234 ; c.lw    a4,0(a1) [f0040010]
       122 :      #66 0 80000068 000041dc  a5=00000001 ; c.lw    a5,128(a1) [f0040090]
       123 :      #67 0 8000006a 00004594  a3=000000bb ; c.lw    a3,8(a1) [f0040018]
       124 :      #68 0 8000006c 00f75c63              ; bge     a4,a5,0x80000084
       126 :      #69 0 80000084 fed74ae3              ; blt     a4,a3,0x80000078
       127 :      #70 0 80000088 00f6c463              ; blt     a3,a5,0x80000090
       128 :      #71 0 8000008c 0000c214              ; c.sw    a3,0(a2) [f0041644]
       129 :      #72 0 8000008e 0000b7f5              ; c.j     0x8000007a
       130 :      #73 0 8000007a 00000591  a1=f0040014 ; c.addi  a1,4
       131 :      #74 0 8000007c 00000611  a2=f0041648 ; c.addi  a2,4
       132 :      #75 0 8000007e fea594e3              ; bne     a1,a0,0x80000066
       134 :      #76 0 80000066 00004198  a4=00000001 ; c.lw    a4,0(a1) [f0040014]
       135 :      #77 0 80000068 000041dc  a5=000000bb ; c.lw    a5,128(a1) [f0040094]
       136 :      #78 0 8000006a 00004594  a3=000003dd ; c.lw    a3,8(a1) [f004001c]
       137 :      #79 0 8000006c 00f75c63              ; bge     a4,a5,0x80000084
       138 :      #80 0 80000070 02d7c063              ; blt     a5,a3,0x80000090
       140 :      #81 0 80000090 0000c21c              ; c.sw    a5,0(a2) [f0041648]
       141 :      #82 0 80000092 0000b7e5              ; c.j     0x8000007a
       142 :      #83 0 8000007a 00000591  a1=f0040018 ; c.addi  a1,4
       143 :      #84 0 8000007c 00000611  a2=f004164c ; c.addi  a2,4
       144 :      #85 0 8000007e fea594e3              ; bne     a1,a0,0x80000066
       146 :      #86 0 80000066 00004198  a4=000000bb ; c.lw    a4,0(a1) [f0040018]
       147 :      #87 0 80000068 000041dc  a5=000003dd ; c.lw    a5,128(a1) [f0040098]
       148 :      #88 0 8000006a 00004594  a3=000002ed ; c.lw    a3,8(a1) [f0040020]
       149 :      #89 0 8000006c 00f75c63              ; bge     a4,a5,0x80000084
       150 :      #90 0 80000070 02d7c063              ; blt     a5,a3,0x80000090
       151 :      #91 0 80000074 00e6dc63              ; bge     a3,a4,0x8000008c
       153 :      #92 0 8000008c 0000c214              ; c.sw    a3,0(a2) [f004164c]
       154 :      #93 0 8000008e 0000b7f5              ; c.j     0x8000007a
       155 :      #94 0 8000007a 00000591  a1=f004001c ; c.addi  a1,4
       156 :      #95 0 8000007c 00000611  a2=f0041650 ; c.addi  a2,4
       157 :      #96 0 8000007e fea594e3              ; bne     a1,a0,0x80000066
       159 :      #97 0 80000066 00004198  a4=000003dd ; c.lw    a4,0(a1) [f004001c]
       160 :      #98 0 80000068 000041dc  a5=000002ed ; c.lw    a5,128(a1) [f004009c]
       161 :      #99 0 8000006a 00004594  a3=0000016d ; c.lw    a3,8(a1) [f0040024]
       162 :     #100 0 8000006c 00f75c63              ; bge     a4,a5,0x80000084
       164 :     #101 0 80000084 fed74ae3              ; blt     a4,a3,0x80000078
       165 :     #102 0 80000088 00f6c463              ; blt     a3,a5,0x80000090
       167 :     #103 0 80000090 0000c21c              ; c.sw    a5,0(a2) [f0041650]
       168 :     #104 0 80000092 0000b7e5              ; c.j     0x8000007a
       169 :     #105 0 8000007a 00000591  a1=f0040020 ; c.addi  a1,4
       170 :     #106 0 8000007c 00000611  a2=f0041654 ; c.addi  a2,4
       171 :     #107 0 8000007e fea594e3              ; bne     a1,a0,0x80000066
       173 :     #108 0 80000066 00004198  a4=000002ed ; c.lw    a4,0(a1) [f0040020]
       174 :     #109 0 80000068 000041dc  a5=0000016d ; c.lw    a5,128(a1) [f00400a0]
       175 :     #110 0 8000006a 00004594  a3=0000015e ; c.lw    a3,8(a1) [f0040028]
       176 :     #111 0 8000006c 00f75c63              ; bge     a4,a5,0x80000084
       178 :     #112 0 80000084 fed74ae3              ; blt     a4,a3,0x80000078
       179 :     #113 0 80000088 00f6c463              ; blt     a3,a5,0x80000090
       181 :     #114 0 80000090 0000c21c              ; c.sw    a5,0(a2) [f0041654]
       182 :     #115 0 80000092 0000b7e5              ; c.j     0x8000007a
       183 :     #116 0 8000007a 00000591  a1=f0040024 ; c.addi  a1,4
       184 :     #117 0 8000007c 00000611  a2=f0041658 ; c.addi  a2,4
       185 :     #118 0 8000007e fea594e3              ; bne     a1,a0,0x80000066
       187 :     #119 0 80000066 00004198  a4=0000016d ; c.lw    a4,0(a1) [f0040024]
       188 :     #120 0 80000068 000041dc  a5=0000015e ; c.lw    a5,128(a1) [f00400a4]
       189 :     #121 0 8000006a 00004594  a3=0000023c ; c.lw    a3,8(a1) [f004002c]
       190 :     #122 0 8000006c 00f75c63              ; bge     a4,a5,0x80000084
       192 :     #123 0 80000084 fed74ae3              ; blt     a4,a3,0x80000078
       194 :     #124 0 80000078 0000c218              ; c.sw    a4,0(a2) [f0041658]
       195 :     #125 0 8000007a 00000591  a1=f0040028 ; c.addi  a1,4
       196 :     #126 0 8000007c 00000611  a2=f004165c ; c.addi  a2,4
       197 :     #127 0 8000007e fea594e3              ; bne     a1,a0,0x80000066
       199 :     #128 0 80000066 00004198  a4=0000015e ; c.lw    a4,0(a1) [f0040028]
       200 :     #129 0 80000068 000041dc  a5=0000023c ; c.lw    a5,128(a1) [f00400a8]
       201 :     #130 0 8000006a 00004594  a3=00000084 ; c.lw    a3,8(a1) [f0040030]
       202 :     #131 0 8000006c 00f75c63              ; bge     a4,a5,0x80000084
       204 :     #132 0 80000070 02d7c063              ; blt     a5,a3,0x80000090
       205 :     #133 0 80000074 00e6dc63              ; bge     a3,a4,0x8000008c
       206 :     #134 0 80000078 0000c218              ; c.sw    a4,0(a2) [f004165c]
       207 :     #135 0 8000007a 00000591  a1=f004002c ; c.addi  a1,4
       208 :     #136 0 8000007c 00000611  a2=f0041660 ; c.addi  a2,4
       209 :     #137 0 8000007e fea594e3              ; bne     a1,a0,0x80000066
       211 :     #138 0 80000066 00004198  a4=0000023c ; c.lw    a4,0(a1) [f004002c]
       212 :     #139 0 80000068 000041dc  a5=00000084 ; c.lw    a5,128(a1) [f00400ac]
       213 :     #140 0 8000006a 00004594  a3=00000040 ; c.lw    a3,8(a1) [f0040034]
       214 :     #141 0 8000006c 00f75c63              ; bge     a4,a5,0x80000084
       216 :     #142 0 80000084 fed74ae3              ; blt     a4,a3,0x80000078
       217 :     #143 0 80000088 00f6c463              ; blt     a3,a5,0x80000090
       218 :     #144 0 80000090 0000c21c              ; c.sw    a5,0(a2) [f0041660]
       219 :     #145 0 80000092 0000b7e5              ; c.j     0x8000007a
       220 :     #146 0 8000007a 00000591  a1=f0040030 ; c.addi  a1,4
       221 :     #147 0 8000007c 00000611  a2=f0041664 ; c.addi  a2,4
       222 :     #148 0 8000007e fea594e3              ; bne     a1,a0,0x80000066
       224 :     #149 0 80000066 00004198  a4=00000084 ; c.lw    a4,0(a1) [f0040030]
       225 :     #150 0 80000068 000041dc  a5=00000040 ; c.lw    a5,128(a1) [f00400b0]
       226 :     #151 0 8000006a 00004594  a3=000003b5 ; c.lw    a3,8(a1) [f0040038]
       227 :     #152 0 8000006c 00f75c63              ; bge     a4,a5,0x80000084
       229 :     #153 0 80000084 fed74ae3              ; blt     a4,a3,0x80000078
       231 :     #154 0 80000078 0000c218              ; c.sw    a4,0(a2) [f0041664]
       232 :     #155 0 8000007a 00000591  a1=f0040034 ; c.addi  a1,4
       233 :     #156 0 8000007c 00000611  a2=f0041668 ; c.addi  a2,4
       234 :     #157 0 8000007e fea594e3              ; bne     a1,a0,0x80000066
       236 :     #158 0 80000066 00004198  a4=00000040 ; c.lw    a4,0(a1) [f0040034]
       237 :     #159 0 80000068 000041dc  a5=000003b5 ; c.lw    a5,128(a1) [f00400b4]
       238 :     #160 0 8000006a 00004594  a3=00000099 ; c.lw    a3,8(a1) [f004003c]
       239 :     #161 0 8000006c 00f75c63              ; bge     a4,a5,0x80000084
       240 :     #162 0 80000070 02d7c063              ; blt     a5,a3,0x80000090
       241 :     #163 0 80000074 00e6dc63              ; bge     a3,a4,0x8000008c
       243 :     #164 0 8000008c 0000c214              ; c.sw    a3,0(a2) [f0041668]
       244 :     #165 0 8000008e 0000b7f5              ; c.j     0x8000007a
       245 :     #166 0 8000007a 00000591  a1=f0040038 ; c.addi  a1,4
       246 :     #167 0 8000007c 00000611  a2=f004166c ; c.addi  a2,4
       247 :     #168 0 8000007e fea594e3              ; bne     a1,a0,0x80000066
       249 :     #169 0 80000066 00004198  a4=000003b5 ; c.lw    a4,0(a1) [f0040038]
       250 :     #170 0 80000068 000041dc  a5=00000099 ; c.lw    a5,128(a1) [f00400b8]
       251 :     #171 0 8000006a 00004594  a3=00000248 ; c.lw    a3,8(a1) [f0040040]
       252 :     #172 0 8000006c 00f75c63              ; bge     a4,a5,0x80000084
       254 :     #173 0 80000084 fed74ae3              ; blt     a4,a3,0x80000078
       255 :     #174 0 80000088 00f6c463              ; blt     a3,a5,0x80000090
       256 :     #175 0 8000008c 0000c214              ; c.sw    a3,0(a2) [f004166c]
       257 :     #176 0 8000008e 0000b7f5              ; c.j     0x8000007a
       258 :     #177 0 8000007a 00000591  a1=f004003c ; c.addi  a1,4
       259 :     #178 0 8000007c 00000611  a2=f0041670 ; c.addi  a2,4
       260 :     #179 0 8000007e fea594e3              ; bne     a1,a0,0x80000066
       261 :     #180 0 80000066 00004198  a4=00000099 ; c.lw    a4,0(a1) [f004003c]
       262 :     #181 0 80000068 000041dc  a5=00000248 ; c.lw    a5,128(a1) [f00400bc]
       263 :     #182 0 8000006a 00004594  a3=000000d8 ; c.lw    a3,8(a1) [f0040044]
       264 :     #183 0 8000006c 00f75c63              ; bge     a4,a5,0x80000084
       265 :     #184 0 80000070 02d7c063              ; blt     a5,a3,0x80000090
       267 :     #185 0 80000074 00e6dc63              ; bge     a3,a4,0x8000008c
       269 :     #186 0 8000008c 0000c214              ; c.sw    a3,0(a2) [f0041670]
       270 :     #187 0 8000008e 0000b7f5              ; c.j     0x8000007a
       271 :     #188 0 8000007a 00000591  a1=f0040040 ; c.addi  a1,4
       272 :     #189 0 8000007c 00000611  a2=f0041674 ; c.addi  a2,4
       273 :     #190 0 8000007e fea594e3              ; bne     a1,a0,0x80000066
       275 :     #191 0 80000066 00004198  a4=00000248 ; c.lw    a4,0(a1) [f0040040]
       276 :     #192 0 80000068 000041dc  a5=000000d8 ; c.lw    a5,128(a1) [f00400c0]
       277 :     #193 0 8000006a 00004594  a3=00000325 ; c.lw    a3,8(a1) [f0040048]
       278 :     #194 0 8000006c 00f75c63              ; bge     a4,a5,0x80000084
       280 :     #195 0 80000084 fed74ae3              ; blt     a4,a3,0x80000078
       281 :     #196 0 80000078 0000c218              ; c.sw    a4,0(a2) [f0041674]
       282 :     #197 0 8000007a 00000591  a1=f0040044 ; c.addi  a1,4
       283 :     #198 0 8000007c 00000611  a2=f0041678 ; c.addi  a2,4
       284 :     #199 0 8000007e fea594e3              ; bne     a1,a0,0x80000066
       286 :     #200 0 80000066 00004198  a4=000000d8 ; c.lw    a4,0(a1) [f0040044]
       287 :     #201 0 80000068 000041dc  a5=00000325 ; c.lw    a5,128(a1) [f00400c4]
       288 :     #202 0 8000006a 00004594  a3=0000008c ; c.lw    a3,8(a1) [f004004c]
       289 :     #203 0 8000006c 00f75c63              ; bge     a4,a5,0x80000084
       290 :     #204 0 80000070 02d7c063              ; blt     a5,a3,0x80000090
       291 :     #205 0 80000074 00e6dc63              ; bge     a3,a4,0x8000008c
       293 :     #206 0 80000078 0000c218              ; c.sw    a4,0(a2) [f0041678]
       294 :     #207 0 8000007a 00000591  a1=f0040048 ; c.addi  a1,4
       295 :     #208 0 8000007c 00000611  a2=f004167c ; c.addi  a2,4
       296 :     #209 0 8000007e fea594e3              ; bne     a1,a0,0x80000066
       298 :     #210 0 80000066 00004198  a4=00000325 ; c.lw    a4,0(a1) [f0040048]
       299 :     #211 0 80000068 000041dc  a5=0000008c ; c.lw    a5,128(a1) [f00400c8]
       300 :     #212 0 8000006a 00004594  a3=0000026d ; c.lw    a3,8(a1) [f0040050]
       301 :     #213 0 8000006c 00f75c63              ; bge     a4,a5,0x80000084
       303 :     #214 0 80000084 fed74ae3              ; blt     a4,a3,0x80000078
       304 :     #215 0 80000088 00f6c463              ; blt     a3,a5,0x80000090
       306 :     #216 0 8000008c 0000c214              ; c.sw    a3,0(a2) [f004167c]
       307 :     #217 0 8000008e 0000b7f5              ; c.j     0x8000007a
       308 :     #218 0 8000007a 00000591  a1=f004004c ; c.addi  a1,4
       309 :     #219 0 8000007c 00000611  a2=f0041680 ; c.addi  a2,4
       310 :     #220 0 8000007e fea594e3              ; bne     a1,a0,0x80000066
       312 :     #221 0 80000066 00004198  a4=0000008c ; c.lw    a4,0(a1) [f004004c]
       313 :     #222 0 80000068 000041dc  a5=0000026d ; c.lw    a5,128(a1) [f00400cc]
       314 :     #223 0 8000006a 00004594  a3=000000d2 ; c.lw    a3,8(a1) [f0040054]
       315 :     #224 0 8000006c 00f75c63              ; bge     a4,a5,0x80000084
       316 :     #225 0 80000070 02d7c063              ; blt     a5,a3,0x80000090
       317 :     #226 0 80000074 00e6dc63              ; bge     a3,a4,0x8000008c
       319 :     #227 0 8000008c 0000c214              ; c.sw    a3,0(a2) [f0041680]
       320 :     #228 0 8000008e 0000b7f5              ; c.j     0x8000007a
       321 :     #229 0 8000007a 00000591  a1=f0040050 ; c.addi  a1,4
       322 :     #230 0 8000007c 00000611  a2=f0041684 ; c.addi  a2,4
       323 :     #231 0 8000007e fea594e3              ; bne     a1,a0,0x80000066
       324 :     #232 0 80000066 00004198  a4=0000026d ; c.lw    a4,0(a1) [f0040050]
       325 :     #233 0 80000068 000041dc  a5=000000d2 ; c.lw    a5,128(a1) [f00400d0]
       326 :     #234 0 8000006a 00004594  a3=00000006 ; c.lw    a3,8(a1) [f0040058]
       327 :     #235 0 8000006c 00f75c63              ; bge     a4,a5,0x80000084
       329 :     #236 0 80000084 fed74ae3              ; blt     a4,a3,0x80000078
       330 :     #237 0 80000088 00f6c463              ; blt     a3,a5,0x80000090
       332 :     #238 0 80000090 0000c21c              ; c.sw    a5,0(a2) [f0041684]
       333 :     #239 0 80000092 0000b7e5              ; c.j     0x8000007a
       334 :     #240 0 8000007a 00000591  a1=f0040054 ; c.addi  a1,4
       335 :     #241 0 8000007c 00000611  a2=f0041688 ; c.addi  a2,4
       336 :     #242 0 8000007e fea594e3              ; bne     a1,a0,0x80000066
       337 :     #243 0 80000066 00004198  a4=000000d2 ; c.lw    a4,0(a1) [f0040054]
       338 :     #244 0 80000068 000041dc  a5=00000006 ; c.lw    a5,128(a1) [f00400d4]
       339 :     #245 0 8000006a 00004594  a3=0000023c ; c.lw    a3,8(a1) [f004005c]
       340 :     #246 0 8000006c 00f75c63              ; bge     a4,a5,0x80000084
       342 :     #247 0 80000084 fed74ae3              ; blt     a4,a3,0x80000078
       344 :     #248 0 80000078 0000c218              ; c.sw    a4,0(a2) [f0041688]
       345 :     #249 0 8000007a 00000591  a1=f0040058 ; c.addi  a1,4
       346 :     #250 0 8000007c 00000611  a2=f004168c ; c.addi  a2,4
       347 :     #251 0 8000007e fea594e3              ; bne     a1,a0,0x80000066
       348 :     #252 0 80000066 00004198  a4=00000006 ; c.lw    a4,0(a1) [f0040058]
       349 :     #253 0 80000068 000041dc  a5=0000023c ; c.lw    a5,128(a1) [f00400d8]
       350 :     #254 0 8000006a 00004594  a3=000003a3 ; c.lw    a3,8(a1) [f0040060]
       351 :     #255 0 8000006c 00f75c63              ; bge     a4,a5,0x80000084
       352 :     #256 0 80000070 02d7c063              ; blt     a5,a3,0x80000090
       354 :     #257 0 80000090 0000c21c              ; c.sw    a5,0(a2) [f004168c]
       355 :     #258 0 80000092 0000b7e5              ; c.j     0x8000007a
       356 :     #259 0 8000007a 00000591  a1=f004005c ; c.addi  a1,4
       357 :     #260 0 8000007c 00000611  a2=f0041690 ; c.addi  a2,4
       358 :     #261 0 8000007e fea594e3              ; bne     a1,a0,0x80000066
       360 :     #262 0 80000066 00004198  a4=0000023c ; c.lw    a4,0(a1) [f004005c]
       361 :     #263 0 80000068 000041dc  a5=000003a3 ; c.lw    a5,128(a1) [f00400dc]
       362 :     #264 0 8000006a 00004594  a3=00000153 ; c.lw    a3,8(a1) [f0040064]
       363 :     #265 0 8000006c 00f75c63              ; bge     a4,a5,0x80000084
       364 :     #266 0 80000070 02d7c063              ; blt     a5,a3,0x80000090
       365 :     #267 0 80000074 00e6dc63              ; bge     a3,a4,0x8000008c
       367 :     #268 0 80000078 0000c218              ; c.sw    a4,0(a2) [f0041690]
       368 :     #269 0 8000007a 00000591  a1=f0040060 ; c.addi  a1,4
       369 :     #270 0 8000007c 00000611  a2=f0041694 ; c.addi  a2,4
       370 :     #271 0 8000007e fea594e3              ; bne     a1,a0,0x80000066
       372 :     #272 0 80000066 00004198  a4=000003a3 ; c.lw    a4,0(a1) [f0040060]
       373 :     #273 0 80000068 000041dc  a5=00000153 ; c.lw    a5,128(a1) [f00400e0]
       374 :     #274 0 8000006a 00004594  a3=0000037a ; c.lw    a3,8(a1) [f0040068]
       375 :     #275 0 8000006c 00f75c63              ; bge     a4,a5,0x80000084
       377 :     #276 0 80000084 fed74ae3              ; blt     a4,a3,0x80000078
       378 :     #277 0 80000088 00f6c463              ; blt     a3,a5,0x80000090
       379 :     #278 0 8000008c 0000c214              ; c.sw    a3,0(a2) [f0041694]
       380 :     #279 0 8000008e 0000b7f5              ; c.j     0x8000007a
       381 :     #280 0 8000007a 00000591  a1=f0040064 ; c.addi  a1,4
       382 :     #281 0 8000007c 00000611  a2=f0041698 ; c.addi  a2,4
       383 :     #282 0 8000007e fea594e3              ; bne     a1,a0,0x80000066
       385 :     #283 0 80000066 00004198  a4=00000153 ; c.lw    a4,0(a1) [f0040064]
       386 :     #284 0 80000068 000041dc  a5=0000037a ; c.lw    a5,128(a1) [f00400e4]
       387 :     #285 0 8000006a 00004594  a3=00000251 ; c.lw    a3,8(a1) [f004006c]
       388 :     #286 0 8000006c 00f75c63              ; bge     a4,a5,0x80000084
       389 :     #287 0 80000070 02d7c063              ; blt     a5,a3,0x80000090
       390 :     #288 0 80000074 00e6dc63              ; bge     a3,a4,0x8000008c
       391 :     #289 0 8000008c 0000c214              ; c.sw    a3,0(a2) [f0041698]
       392 :     #290 0 8000008e 0000b7f5              ; c.j     0x8000007a
       393 :     #291 0 8000007a 00000591  a1=f0040068 ; c.addi  a1,4
       394 :     #292 0 8000007c 00000611  a2=f004169c ; c.addi  a2,4
       395 :     #293 0 8000007e fea594e3              ; bne     a1,a0,0x80000066
       397 :     #294 0 80000066 00004198  a4=0000037a ; c.lw    a4,0(a1) [f0040068]
       398 :     #295 0 80000068 000041dc  a5=00000251 ; c.lw    a5,128(a1) [f00400e8]
       399 :     #296 0 8000006a 00004594  a3=00000188 ; c.lw    a3,8(a1) [f0040070]
       400 :     #297 0 8000006c 00f75c63              ; bge     a4,a5,0x80000084
       401 :     #298 0 80000084 fed74ae3              ; blt     a4,a3,0x80000078
       402 :     #299 0 80000088 00f6c463              ; blt     a3,a5,0x80000090
       404 :     #300 0 80000090 0000c21c              ; c.sw    a5,0(a2) [f004169c]
       405 :     #301 0 80000092 0000b7e5              ; c.j     0x8000007a
       406 :     #302 0 8000007a 00000591  a1=f004006c ; c.addi  a1,4
       407 :     #303 0 8000007c 00000611  a2=f00416a0 ; c.addi  a2,4
       408 :     #304 0 8000007e fea594e3              ; bne     a1,a0,0x80000066
       409 :     #305 0 80000066 00004198  a4=00000251 ; c.lw    a4,0(a1) [f004006c]
       410 :     #306 0 80000068 000041dc  a5=00000188 ; c.lw    a5,128(a1) [f00400ec]
       411 :     #307 0 8000006a 00004594  a3=00000382 ; c.lw    a3,8(a1) [f0040074]
       412 :     #308 0 8000006c 00f75c63              ; bge     a4,a5,0x80000084
       414 :     #309 0 80000084 fed74ae3              ; blt     a4,a3,0x80000078
       415 :     #310 0 80000078 0000c218              ; c.sw    a4,0(a2) [f00416a0]
       416 :     #311 0 8000007a 00000591  a1=f0040070 ; c.addi  a1,4
       417 :     #312 0 8000007c 00000611  a2=f00416a4 ; c.addi  a2,4
       418 :     #313 0 8000007e fea594e3              ; bne     a1,a0,0x80000066
       420 :     #314 0 80000066 00004198  a4=00000188 ; c.lw    a4,0(a1) [f0040070]
       421 :     #315 0 80000068 000041dc  a5=00000382 ; c.lw    a5,128(a1) [f00400f0]
       422 :     #316 0 8000006a 00004594  a3=000002b6 ; c.lw    a3,8(a1) [f0040078]
       423 :     #317 0 8000006c 00f75c63              ; bge     a4,a5,0x80000084
       424 :     #318 0 80000070 02d7c063              ; blt     a5,a3,0x80000090
       425 :     #319 0 80000074 00e6dc63              ; bge     a3,a4,0x8000008c
       427 :     #320 0 8000008c 0000c214              ; c.sw    a3,0(a2) [f00416a4]
       428 :     #321 0 8000008e 0000b7f5              ; c.j     0x8000007a
       429 :     #322 0 8000007a 00000591  a1=f0040074 ; c.addi  a1,4
       430 :     #323 0 8000007c 00000611  a2=f00416a8 ; c.addi  a2,4
       431 :     #324 0 8000007e fea594e3              ; bne     a1,a0,0x80000066
       432 :     #325 0 80000066 00004198  a4=00000382 ; c.lw    a4,0(a1) [f0040074]
       433 :     #326 0 80000068 000041dc  a5=000002b6 ; c.lw    a5,128(a1) [f00400f4]
       434 :     #327 0 8000006a 00004594  a3=000000e4 ; c.lw    a3,8(a1) [f004007c]
       435 :     #328 0 8000006c 00f75c63              ; bge     a4,a5,0x80000084
       437 :     #329 0 80000084 fed74ae3              ; blt     a4,a3,0x80000078
       438 :     #330 0 80000088 00f6c463              ; blt     a3,a5,0x80000090
       440 :     #331 0 80000090 0000c21c              ; c.sw    a5,0(a2) [f00416a8]
       441 :     #332 0 80000092 0000b7e5              ; c.j     0x8000007a
       442 :     #333 0 8000007a 00000591  a1=f0040078 ; c.addi  a1,4
       443 :     #334 0 8000007c 00000611  a2=f00416ac ; c.addi  a2,4
       444 :     #335 0 8000007e fea594e3              ; bne     a1,a0,0x80000066
       445 :     #336 0 80000066 00004198  a4=000002b6 ; c.lw    a4,0(a1) [f0040078]
       446 :     #337 0 80000068 000041dc  a5=000000e4 ; c.lw    a5,128(a1) [f00400f8]
       447 :     #338 0 8000006a 00004594  a3=000003c1 ; c.lw    a3,8(a1) [f0040080]
       448 :     #339 0 8000006c 00f75c63              ; bge     a4,a5,0x80000084
       449 :     #340 0 80000084 fed74ae3              ; blt     a4,a3,0x80000078
       451 :     #341 0 80000078 0000c218              ; c.sw    a4,0(a2) [f00416ac]
       452 :     #342 0 8000007a 00000591  a1=f004007c ; c.addi  a1,4
       453 :     #343 0 8000007c 00000611  a2=f00416b0 ; c.addi  a2,4
       454 :     #344 0 8000007e fea594e3              ; bne     a1,a0,0x80000066
       455 :     #345 0 80000066 00004198  a4=000000e4 ; c.lw    a4,0(a1) [f004007c]
       456 :     #346 0 80000068 000041dc  a5=000003c1 ; c.lw    a5,128(a1) [f00400fc]
       457 :     #347 0 8000006a 00004594  a3=0000000c ; c.lw    a3,8(a1) [f0040084]
       458 :     #348 0 8000006c 00f75c63              ; bge     a4,a5,0x80000084
       459 :     #349 0 80000070 02d7c063              ; blt     a5,a3,0x80000090
       460 :     #350 0 80000074 00e6dc63              ; bge     a3,a4,0x8000008c
       462 :     #351 0 80000078 0000c218              ; c.sw    a4,0(a2) [f00416b0]
       463 :     #352 0 8000007a 00000591  a1=f0040080 ; c.addi  a1,4
       464 :     #353 0 8000007c 00000611  a2=f00416b4 ; c.addi  a2,4
       465 :     #354 0 8000007e fea594e3              ; bne     a1,a0,0x80000066
       466 :     #355 0 80000066 00004198  a4=000003c1 ; c.lw    a4,0(a1) [f0040080]
       467 :     #356 0 80000068 000041dc  a5=0000000c ; c.lw    a5,128(a1) [f0040100]
       468 :     #357 0 8000006a 00004594  a3=0000006e ; c.lw    a3,8(a1) [f0040088]
       469 :     #358 0 8000006c 00f75c63              ; bge     a4,a5,0x80000084
       470 :     #359 0 80000084 fed74ae3              ; blt     a4,a3,0x80000078
       471 :     #360 0 80000088 00f6c463              ; blt     a3,a5,0x80000090
       473 :     #361 0 8000008c 0000c214              ; c.sw    a3,0(a2) [f00416b4]
       474 :     #362 0 8000008e 0000b7f5              ; c.j     0x8000007a
       475 :     #363 0 8000007a 00000591  a1=f0040084 ; c.addi  a1,4
       476 :     #364 0 8000007c 00000611  a2=f00416b8 ; c.addi  a2,4
       477 :     #365 0 8000007e fea594e3              ; bne     a1,a0,0x80000066
       478 :     #366 0 80000066 00004198  a4=0000000c ; c.lw    a4,0(a1) [f0040084]
       479 :     #367 0 80000068 000041dc  a5=0000006e ; c.lw    a5,128(a1) [f0040104]
       480 :     #368 0 8000006a 00004594  a3=00000373 ; c.lw    a3,8(a1) [f004008c]
       481 :     #369 0 8000006c 00f75c63              ; bge     a4,a5,0x80000084
       483 :     #370 0 80000070 02d7c063              ; blt     a5,a3,0x80000090
       485 :     #371 0 80000090 0000c21c              ; c.sw    a5,0(a2) [f00416b8]
       486 :     #372 0 80000092 0000b7e5              ; c.j     0x8000007a
       487 :     #373 0 8000007a 00000591  a1=f0040088 ; c.addi  a1,4
       488 :     #374 0 8000007c 00000611  a2=f00416bc ; c.addi  a2,4
       489 :     #375 0 8000007e fea594e3              ; bne     a1,a0,0x80000066
       491 :     #376 0 80000066 00004198  a4=0000006e ; c.lw    a4,0(a1) [f0040088]
       492 :     #377 0 80000068 000041dc  a5=00000373 ; c.lw    a5,128(a1) [f0040108]
       493 :     #378 0 8000006a 00004594  a3=00000074 ; c.lw    a3,8(a1) [f0040090]
       494 :     #379 0 8000006c 00f75c63              ; bge     a4,a5,0x80000084
       496 :     #380 0 80000070 02d7c063              ; blt     a5,a3,0x80000090
       497 :     #381 0 80000074 00e6dc63              ; bge     a3,a4,0x8000008c
       499 :     #382 0 8000008c 0000c214              ; c.sw    a3,0(a2) [f00416bc]
       500 :     #383 0 8000008e 0000b7f5              ; c.j     0x8000007a
       501 :     #384 0 8000007a 00000591  a1=f004008c ; c.addi  a1,4
       502 :     #385 0 8000007c 00000611  a2=f00416c0 ; c.addi  a2,4
       503 :     #386 0 8000007e fea594e3              ; bne     a1,a0,0x80000066
       505 :     #387 0 80000066 00004198  a4=00000373 ; c.lw    a4,0(a1) [f004008c]
       506 :     #388 0 80000068 000041dc  a5=00000074 ; c.lw    a5,128(a1) [f004010c]
       507 :     #389 0 8000006a 00004594  a3=000002ee ; c.lw    a3,8(a1) [f0040094]
       508 :     #390 0 8000006c 00f75c63              ; bge     a4,a5,0x80000084
       509 :     #391 0 80000084 fed74ae3              ; blt     a4,a3,0x80000078
       510 :     #392 0 80000088 00f6c463              ; blt     a3,a5,0x80000090
       512 :     #393 0 8000008c 0000c214              ; c.sw    a3,0(a2) [f00416c0]
       513 :     #394 0 8000008e 0000b7f5              ; c.j     0x8000007a
       514 :     #395 0 8000007a 00000591  a1=f0040090 ; c.addi  a1,4
       515 :     #396 0 8000007c 00000611  a2=f00416c4 ; c.addi  a2,4
       516 :     #397 0 8000007e fea594e3              ; bne     a1,a0,0x80000066
       518 :     #398 0 80000066 00004198  a4=00000074 ; c.lw    a4,0(a1) [f0040090]
       519 :     #399 0 80000068 000041dc  a5=000002ee ; c.lw    a5,128(a1) [f0040110]
       520 :     #400 0 8000006a 00004594  a3=00000128 ; c.lw    a3,8(a1) [f0040098]
       521 :     #401 0 8000006c 00f75c63              ; bge     a4,a5,0x80000084
       523 :     #402 0 80000070 02d7c063              ; blt     a5,a3,0x80000090
       524 :     #403 0 80000074 00e6dc63              ; bge     a3,a4,0x8000008c
       526 :     #404 0 8000008c 0000c214              ; c.sw    a3,0(a2) [f00416c4]
       527 :     #405 0 8000008e 0000b7f5              ; c.j     0x8000007a
       528 :     #406 0 8000007a 00000591  a1=f0040094 ; c.addi  a1,4
       529 :     #407 0 8000007c 00000611  a2=f00416c8 ; c.addi  a2,4
       530 :     #408 0 8000007e fea594e3              ; bne     a1,a0,0x80000066
       531 :     #409 0 80000066 00004198  a4=000002ee ; c.lw    a4,0(a1) [f0040094]
       532 :     #410 0 80000068 000041dc  a5=00000128 ; c.lw    a5,128(a1) [f0040114]
       533 :     #411 0 8000006a 00004594  a3=00000286 ; c.lw    a3,8(a1) [f004009c]
       534 :     #412 0 8000006c 00f75c63              ; bge     a4,a5,0x80000084
       536 :     #413 0 80000084 fed74ae3              ; blt     a4,a3,0x80000078
       537 :     #414 0 80000088 00f6c463              ; blt     a3,a5,0x80000090
       538 :     #415 0 8000008c 0000c214              ; c.sw    a3,0(a2) [f00416c8]
       539 :     #416 0 8000008e 0000b7f5              ; c.j     0x8000007a
       540 :     #417 0 8000007a 00000591  a1=f0040098 ; c.addi  a1,4
       541 :     #418 0 8000007c 00000611  a2=f00416cc ; c.addi  a2,4
       542 :     #419 0 8000007e fea594e3              ; bne     a1,a0,0x80000066
       543 :     #420 0 80000066 00004198  a4=00000128 ; c.lw    a4,0(a1) [f0040098]
       544 :     #421 0 80000068 000041dc  a5=00000286 ; c.lw    a5,128(a1) [f0040118]
       545 :     #422 0 8000006a 00004594  a3=000001aa ; c.lw    a3,8(a1) [f00400a0]
       546 :     #423 0 8000006c 00f75c63              ; bge     a4,a5,0x80000084
       548 :     #424 0 80000070 02d7c063              ; blt     a5,a3,0x80000090
       549 :     #425 0 80000074 00e6dc63              ; bge     a3,a4,0x8000008c
       550 :     #426 0 8000008c 0000c214              ; c.sw    a3,0(a2) [f00416cc]
       551 :     #427 0 8000008e 0000b7f5              ; c.j     0x8000007a
       552 :     #428 0 8000007a 00000591  a1=f004009c ; c.addi  a1,4
       553 :     #429 0 8000007c 00000611  a2=f00416d0 ; c.addi  a2,4
       554 :     #430 0 8000007e fea594e3              ; bne     a1,a0,0x80000066
       556 :     #431 0 80000066 00004198  a4=00000286 ; c.lw    a4,0(a1) [f004009c]
       557 :     #432 0 80000068 000041dc  a5=000001aa ; c.lw    a5,128(a1) [f004011c]
       558 :     #433 0 8000006a 00004594  a3=000001f4 ; c.lw    a3,8(a1) [f00400a4]
       559 :     #434 0 8000006c 00f75c63              ; bge     a4,a5,0x80000084
       560 :     #435 0 80000084 fed74ae3              ; blt     a4,a3,0x80000078
       562 :     #436 0 80000088 00f6c463              ; blt     a3,a5,0x80000090
       564 :     #437 0 8000008c 0000c214              ; c.sw    a3,0(a2) [f00416d0]
       565 :     #438 0 8000008e 0000b7f5              ; c.j     0x8000007a
       566 :     #439 0 8000007a 00000591  a1=f00400a0 ; c.addi  a1,4
       567 :     #440 0 8000007c 00000611  a2=f00416d4 ; c.addi  a2,4
       568 :     #441 0 8000007e fea594e3              ; bne     a1,a0,0x80000066
       569 :     #442 0 80000066 00004198  a4=000001aa ; c.lw    a4,0(a1) [f00400a0]
       570 :     #443 0 80000068 000041dc  a5=000001f4 ; c.lw    a5,128(a1) [f0040120]
       571 :     #444 0 8000006a 00004594  a3=0000013a ; c.lw    a3,8(a1) [f00400a8]
       572 :     #445 0 8000006c 00f75c63              ; bge     a4,a5,0x80000084
       573 :     #446 0 80000070 02d7c063              ; blt     a5,a3,0x80000090
       575 :     #447 0 80000074 00e6dc63              ; bge     a3,a4,0x8000008c
       576 :     #448 0 80000078 0000c218              ; c.sw    a4,0(a2) [f00416d4]
       577 :     #449 0 8000007a 00000591  a1=f00400a4 ; c.addi  a1,4
       578 :     #450 0 8000007c 00000611  a2=f00416d8 ; c.addi  a2,4
       579 :     #451 0 8000007e fea594e3              ; bne     a1,a0,0x80000066
       581 :     #452 0 80000066 00004198  a4=000001f4 ; c.lw    a4,0(a1) [f00400a4]
       582 :     #453 0 80000068 000041dc  a5=0000013a ; c.lw    a5,128(a1) [f0040124]
       583 :     #454 0 8000006a 00004594  a3=000001b4 ; c.lw    a3,8(a1) [f00400ac]
       584 :     #455 0 8000006c 00f75c63              ; bge     a4,a5,0x80000084
       586 :     #456 0 80000084 fed74ae3              ; blt     a4,a3,0x80000078
       588 :     #457 0 80000088 00f6c463              ; blt     a3,a5,0x80000090
       589 :     #458 0 8000008c 0000c214              ; c.sw    a3,0(a2) [f00416d8]
       590 :     #459 0 8000008e 0000b7f5              ; c.j     0x8000007a
       591 :     #460 0 8000007a 00000591  a1=f00400a8 ; c.addi  a1,4
       592 :     #461 0 8000007c 00000611  a2=f00416dc ; c.addi  a2,4
       593 :     #462 0 8000007e fea594e3              ; bne     a1,a0,0x80000066
       594 :     #463 0 80000066 00004198  a4=0000013a ; c.lw    a4,0(a1) [f00400a8]
       595 :     #464 0 80000068 000041dc  a5=000001b4 ; c.lw    a5,128(a1) [f0040128]
       596 :     #465 0 8000006a 00004594  a3=00000293 ; c.lw    a3,8(a1) [f00400b0]
       597 :     #466 0 8000006c 00f75c63              ; bge     a4,a5,0x80000084
       598 :     #467 0 80000070 02d7c063              ; blt     a5,a3,0x80000090
       599 :     #468 0 80000090 0000c21c              ; c.sw    a5,0(a2) [f00416dc]
       600 :     #469 0 80000092 0000b7e5              ; c.j     0x8000007a
       601 :     #470 0 8000007a 00000591  a1=f00400ac ; c.addi  a1,4
       602 :     #471 0 8000007c 00000611  a2=f00416e0 ; c.addi  a2,4
       603 :     #472 0 8000007e fea594e3              ; bne     a1,a0,0x80000066
       605 :     #473 0 80000066 00004198  a4=000001b4 ; c.lw    a4,0(a1) [f00400ac]
       606 :     #474 0 80000068 000041dc  a5=00000293 ; c.lw    a5,128(a1) [f004012c]
       607 :     #475 0 8000006a 00004594  a3=000002bd ; c.lw    a3,8(a1) [f00400b4]
       608 :     #476 0 8000006c 00f75c63              ; bge     a4,a5,0x80000084
       609 :     #477 0 80000070 02d7c063              ; blt     a5,a3,0x80000090
       611 :     #478 0 80000090 0000c21c              ; c.sw    a5,0(a2) [f00416e0]
       612 :     #479 0 80000092 0000b7e5              ; c.j     0x8000007a
       613 :     #480 0 8000007a 00000591  a1=f00400b0 ; c.addi  a1,4
       614 :     #481 0 8000007c 00000611  a2=f00416e4 ; c.addi  a2,4
       615 :     #482 0 8000007e fea594e3              ; bne     a1,a0,0x80000066
       617 :     #483 0 80000066 00004198  a4=00000293 ; c.lw    a4,0(a1) [f00400b0]
       618 :     #484 0 80000068 000041dc  a5=000002bd ; c.lw    a5,128(a1) [f0040130]
       619 :     #485 0 8000006a 00004594  a3=00000306 ; c.lw    a3,8(a1) [f00400b8]
       620 :     #486 0 8000006c 00f75c63              ; bge     a4,a5,0x80000084
       621 :     #487 0 80000070 02d7c063              ; blt     a5,a3,0x80000090
       623 :     #488 0 80000090 0000c21c              ; c.sw    a5,0(a2) [f00416e4]
       624 :     #489 0 80000092 0000b7e5              ; c.j     0x8000007a
       625 :     #490 0 8000007a 00000591  a1=f00400b4 ; c.addi  a1,4
       626 :     #491 0 8000007c 00000611  a2=f00416e8 ; c.addi  a2,4
       627 :     #492 0 8000007e fea594e3              ; bne     a1,a0,0x80000066
       628 :     #493 0 80000066 00004198  a4=000002bd ; c.lw    a4,0(a1) [f00400b4]
       629 :     #494 0 80000068 000041dc  a5=00000306 ; c.lw    a5,128(a1) [f0040134]
       630 :     #495 0 8000006a 00004594  a3=0000032c ; c.lw    a3,8(a1) [f00400bc]
       631 :     #496 0 8000006c 00f75c63              ; bge     a4,a5,0x80000084
       632 :     #497 0 80000070 02d7c063              ; blt     a5,a3,0x80000090
       633 :     #498 0 80000090 0000c21c              ; c.sw    a5,0(a2) [f00416e8]
       634 :     #499 0 80000092 0000b7e5              ; c.j     0x8000007a
       635 :     #500 0 8000007a 00000591  a1=f00400b8 ; c.addi  a1,4
       636 :     #501 0 8000007c 00000611  a2=f00416ec ; c.addi  a2,4
       637 :     #502 0 8000007e fea594e3              ; bne     a1,a0,0x80000066
       638 :     #503 0 80000066 00004198  a4=00000306 ; c.lw    a4,0(a1) [f00400b8]
       639 :     #504 0 80000068 000041dc  a5=0000032c ; c.lw    a5,128(a1) [f0040138]
       640 :     #505 0 8000006a 00004594  a3=0000013f ; c.lw    a3,8(a1) [f00400c0]
       641 :     #506 0 8000006c 00f75c63              ; bge     a4,a5,0x80000084
       642 :     #507 0 80000070 02d7c063              ; blt     a5,a3,0x80000090
       644 :     #508 0 80000074 00e6dc63              ; bge     a3,a4,0x8000008c
       645 :     #509 0 80000078 0000c218              ; c.sw    a4,0(a2) [f00416ec]
       646 :     #510 0 8000007a 00000591  a1=f00400bc ; c.addi  a1,4
       647 :     #511 0 8000007c 00000611  a2=f00416f0 ; c.addi  a2,4
       648 :     #512 0 8000007e fea594e3              ; bne     a1,a0,0x80000066
       649 :     #513 0 80000066 00004198  a4=0000032c ; c.lw    a4,0(a1) [f00400bc]
       650 :     #514 0 80000068 000041dc  a5=0000013f ; c.lw    a5,128(a1) [f004013c]
       651 :     #515 0 8000006a 00004594  a3=000003d5 ; c.lw    a3,8(a1) [f00400c4]
       652 :     #516 0 8000006c 00f75c63              ; bge     a4,a5,0x80000084
       654 :     #517 0 80000084 fed74ae3              ; blt     a4,a3,0x80000078
       655 :     #518 0 80000078 0000c218              ; c.sw    a4,0(a2) [f00416f0]
       656 :     #519 0 8000007a 00000591  a1=f00400c0 ; c.addi  a1,4
       657 :     #520 0 8000007c 00000611  a2=f00416f4 ; c.addi  a2,4
       658 :     #521 0 8000007e fea594e3              ; bne     a1,a0,0x80000066
       660 :     #522 0 80000066 00004198  a4=0000013f ; c.lw    a4,0(a1) [f00400c0]
       661 :     #523 0 80000068 000041dc  a5=000003d5 ; c.lw    a5,128(a1) [f0040140]
       662 :     #524 0 8000006a 00004594  a3=000002a6 ; c.lw    a3,8(a1) [f00400c8]
       663 :     #525 0 8000006c 00f75c63              ; bge     a4,a5,0x80000084
       664 :     #526 0 80000070 02d7c063              ; blt     a5,a3,0x80000090
       665 :     #527 0 80000074 00e6dc63              ; bge     a3,a4,0x8000008c
       667 :     #528 0 8000008c 0000c214              ; c.sw    a3,0(a2) [f00416f4]
       668 :     #529 0 8000008e 0000b7f5              ; c.j     0x8000007a
       669 :     #530 0 8000007a 00000591  a1=f00400c4 ; c.addi  a1,4
       670 :     #531 0 8000007c 00000611  a2=f00416f8 ; c.addi  a2,4
       671 :     #532 0 8000007e fea594e3              ; bne     a1,a0,0x80000066
       673 :     #533 0 80000066 00004198  a4=000003d5 ; c.lw    a4,0(a1) [f00400c4]
       674 :     #534 0 80000068 000041dc  a5=000002a6 ; c.lw    a5,128(a1) [f0040144]
       675 :     #535 0 8000006a 00004594  a3=00000096 ; c.lw    a3,8(a1) [f00400cc]
       676 :     #536 0 8000006c 00f75c63              ; bge     a4,a5,0x80000084
       677 :     #537 0 80000084 fed74ae3              ; blt     a4,a3,0x80000078
       678 :     #538 0 80000088 00f6c463              ; blt     a3,a5,0x80000090
       680 :     #539 0 80000090 0000c21c              ; c.sw    a5,0(a2) [f00416f8]
       681 :     #540 0 80000092 0000b7e5              ; c.j     0x8000007a
       682 :     #541 0 8000007a 00000591  a1=f00400c8 ; c.addi  a1,4
       683 :     #542 0 8000007c 00000611  a2=f00416fc ; c.addi  a2,4
       684 :     #543 0 8000007e fea594e3              ; bne     a1,a0,0x80000066
       685 :     #544 0 80000066 00004198  a4=000002a6 ; c.lw    a4,0(a1) [f00400c8]
       686 :     #545 0 80000068 000041dc  a5=00000096 ; c.lw    a5,128(a1) [f0040148]
       687 :     #546 0 8000006a 00004594  a3=0000036b ; c.lw    a3,8(a1) [f00400d0]
       688 :     #547 0 8000006c 00f75c63              ; bge     a4,a5,0x80000084
       689 :     #548 0 80000084 fed74ae3              ; blt     a4,a3,0x80000078
       690 :     #549 0 80000078 0000c218              ; c.sw    a4,0(a2) [f00416fc]
       691 :     #550 0 8000007a 00000591  a1=f00400cc ; c.addi  a1,4
       692 :     #551 0 8000007c 00000611  a2=f0041700 ; c.addi  a2,4
       693 :     #552 0 8000007e fea594e3              ; bne     a1,a0,0x80000066
       694 :     #553 0 80000066 00004198  a4=00000096 ; c.lw    a4,0(a1) [f00400cc]
       695 :     #554 0 80000068 000041dc  a5=0000036b ; c.lw    a5,128(a1) [f004014c]
       696 :     #555 0 8000006a 00004594  a3=000002b8 ; c.lw    a3,8(a1) [f00400d4]
       697 :     #556 0 8000006c 00f75c63              ; bge     a4,a5,0x80000084
       698 :     #557 0 80000070 02d7c063              ; blt     a5,a3,0x80000090
       700 :     #558 0 80000074 00e6dc63              ; bge     a3,a4,0x8000008c
       701 :     #559 0 8000008c 0000c214              ; c.sw    a3,0(a2) [f0041700]
       702 :     #560 0 8000008e 0000b7f5              ; c.j     0x8000007a
       703 :     #561 0 8000007a 00000591  a1=f00400d0 ; c.addi  a1,4
       704 :     #562 0 8000007c 00000611  a2=f0041704 ; c.addi  a2,4
       705 :     #563 0 8000007e fea594e3              ; bne     a1,a0,0x80000066
       706 :     #564 0 80000066 00004198  a4=0000036b ; c.lw    a4,0(a1) [f00400d0]
       707 :     #565 0 80000068 000041dc  a5=000002b8 ; c.lw    a5,128(a1) [f0040150]
       708 :     #566 0 8000006a 00004594  a3=00000178 ; c.lw    a3,8(a1) [f00400d8]
       709 :     #567 0 8000006c 00f75c63              ; bge     a4,a5,0x80000084
       711 :     #568 0 80000084 fed74ae3              ; blt     a4,a3,0x80000078
       712 :     #569 0 80000088 00f6c463              ; blt     a3,a5,0x80000090
       714 :     #570 0 80000090 0000c21c              ; c.sw    a5,0(a2) [f0041704]
       715 :     #571 0 80000092 0000b7e5              ; c.j     0x8000007a
       716 :     #572 0 8000007a 00000591  a1=f00400d4 ; c.addi  a1,4
       717 :     #573 0 8000007c 00000611  a2=f0041708 ; c.addi  a2,4
       718 :     #574 0 8000007e fea594e3              ; bne     a1,a0,0x80000066
       719 :     #575 0 80000066 00004198  a4=000002b8 ; c.lw    a4,0(a1) [f00400d4]
       720 :     #576 0 80000068 000041dc  a5=00000178 ; c.lw    a5,128(a1) [f0040154]
       721 :     #577 0 8000006a 00004594  a3=00000234 ; c.lw    a3,8(a1) [f00400dc]
       722 :     #578 0 8000006c 00f75c63              ; bge     a4,a5,0x80000084
       723 :     #579 0 80000084 fed74ae3              ; blt     a4,a3,0x80000078
       725 :     #580 0 80000088 00f6c463              ; blt     a3,a5,0x80000090
       726 :     #581 0 8000008c 0000c214              ; c.sw    a3,0(a2) [f0041708]
       727 :     #582 0 8000008e 0000b7f5              ; c.j     0x8000007a
       728 :     #583 0 8000007a 00000591  a1=f00400d8 ; c.addi  a1,4
       729 :     #584 0 8000007c 00000611  a2=f004170c ; c.addi  a2,4
       730 :     #585 0 8000007e fea594e3              ; bne     a1,a0,0x80000066
       732 :     #586 0 80000066 00004198  a4=00000178 ; c.lw    a4,0(a1) [f00400d8]
       733 :     #587 0 80000068 000041dc  a5=00000234 ; c.lw    a5,128(a1) [f0040158]
       734 :     #588 0 8000006a 00004594  a3=000001da ; c.lw    a3,8(a1) [f00400e0]
       735 :     #589 0 8000006c 00f75c63              ; bge     a4,a5,0x80000084
       737 :     #590 0 80000070 02d7c063              ; blt     a5,a3,0x80000090
       738 :     #591 0 80000074 00e6dc63              ; bge     a3,a4,0x8000008c
       739 :     #592 0 8000008c 0000c214              ; c.sw    a3,0(a2) [f004170c]
       740 :     #593 0 8000008e 0000b7f5              ; c.j     0x8000007a
       741 :     #594 0 8000007a 00000591  a1=f00400dc ; c.addi  a1,4
       742 :     #595 0 8000007c 00000611  a2=f0041710 ; c.addi  a2,4
       743 :     #596 0 8000007e fea594e3              ; bne     a1,a0,0x80000066
       744 :     #597 0 80000066 00004198  a4=00000234 ; c.lw    a4,0(a1) [f00400dc]
       745 :     #598 0 80000068 000041dc  a5=000001da ; c.lw    a5,128(a1) [f004015c]
       746 :     #599 0 8000006a 00004594  a3=00000110 ; c.lw    a3,8(a1) [f00400e4]
       747 :     #600 0 8000006c 00f75c63              ; bge     a4,a5,0x80000084
       749 :     #601 0 80000084 fed74ae3              ; blt     a4,a3,0x80000078
       751 :     #602 0 80000088 00f6c463              ; blt     a3,a5,0x80000090
       753 :     #603 0 80000090 0000c21c              ; c.sw    a5,0(a2) [f0041710]
       754 :     #604 0 80000092 0000b7e5              ; c.j     0x8000007a
       755 :     #605 0 8000007a 00000591  a1=f00400e0 ; c.addi  a1,4
       756 :     #606 0 8000007c 00000611  a2=f0041714 ; c.addi  a2,4
       757 :     #607 0 8000007e fea594e3              ; bne     a1,a0,0x80000066
       758 :     #608 0 80000066 00004198  a4=000001da ; c.lw    a4,0(a1) [f00400e0]
       759 :     #609 0 80000068 000041dc  a5=00000110 ; c.lw    a5,128(a1) [f0040160]
       760 :     #610 0 8000006a 00004594  a3=000003aa ; c.lw    a3,8(a1) [f00400e8]
       761 :     #611 0 8000006c 00f75c63              ; bge     a4,a5,0x80000084
       762 :     #612 0 80000084 fed74ae3              ; blt     a4,a3,0x80000078
       763 :     #613 0 80000078 0000c218              ; c.sw    a4,0(a2) [f0041714]
       764 :     #614 0 8000007a 00000591  a1=f00400e4 ; c.addi  a1,4
       765 :     #615 0 8000007c 00000611  a2=f0041718 ; c.addi  a2,4
       766 :     #616 0 8000007e fea594e3              ; bne     a1,a0,0x80000066
       767 :     #617 0 80000066 00004198  a4=00000110 ; c.lw    a4,0(a1) [f00400e4]
       768 :     #618 0 80000068 000041dc  a5=000003aa ; c.lw    a5,128(a1) [f0040164]
       769 :     #619 0 8000006a 00004594  a3=00000102 ; c.lw    a3,8(a1) [f00400ec]
       770 :     #620 0 8000006c 00f75c63              ; bge     a4,a5,0x80000084
       771 :     #621 0 80000070 02d7c063              ; blt     a5,a3,0x80000090
       772 :     #622 0 80000074 00e6dc63              ; bge     a3,a4,0x8000008c
       773 :     #623 0 80000078 0000c218              ; c.sw    a4,0(a2) [f0041718]
       774 :     #624 0 8000007a 00000591  a1=f00400e8 ; c.addi  a1,4
       775 :     #625 0 8000007c 00000611  a2=f004171c ; c.addi  a2,4
       776 :     #626 0 8000007e fea594e3              ; bne     a1,a0,0x80000066
       777 :     #627 0 80000066 00004198  a4=000003aa ; c.lw    a4,0(a1) [f00400e8]
       778 :     #628 0 80000068 000041dc  a5=00000102 ; c.lw    a5,128(a1) [f0040168]
       779 :     #629 0 8000006a 00004594  a3=0000021b ; c.lw    a3,8(a1) [f00400f0]
       780 :     #630 0 8000006c 00f75c63              ; bge     a4,a5,0x80000084
       781 :     #631 0 80000084 fed74ae3              ; blt     a4,a3,0x80000078
       782 :     #632 0 80000088 00f6c463              ; blt     a3,a5,0x80000090
       784 :     #633 0 8000008c 0000c214              ; c.sw    a3,0(a2) [f004171c]
       785 :     #634 0 8000008e 0000b7f5              ; c.j     0x8000007a
       786 :     #635 0 8000007a 00000591  a1=f00400ec ; c.addi  a1,4
       787 :     #636 0 8000007c 00000611  a2=f0041720 ; c.addi  a2,4
       788 :     #637 0 8000007e fea594e3              ; bne     a1,a0,0x80000066
       789 :     #638 0 80000066 00004198  a4=00000102 ; c.lw    a4,0(a1) [f00400ec]
       790 :     #639 0 80000068 000041dc  a5=0000021b ; c.lw    a5,128(a1) [f004016c]
       791 :     #640 0 8000006a 00004594  a3=00000287 ; c.lw    a3,8(a1) [f00400f4]
       792 :     #641 0 8000006c 00f75c63              ; bge     a4,a5,0x80000084
       793 :     #642 0 80000070 02d7c063              ; blt     a5,a3,0x80000090
       795 :     #643 0 80000090 0000c21c              ; c.sw    a5,0(a2) [f0041720]
       796 :     #644 0 80000092 0000b7e5              ; c.j     0x8000007a
       797 :     #645 0 8000007a 00000591  a1=f00400f0 ; c.addi  a1,4
       798 :     #646 0 8000007c 00000611  a2=f0041724 ; c.addi  a2,4
       799 :     #647 0 8000007e fea594e3              ; bne     a1,a0,0x80000066
       800 :     #648 0 80000066 00004198  a4=0000021b ; c.lw    a4,0(a1) [f00400f0]
       801 :     #649 0 80000068 000041dc  a5=00000287 ; c.lw    a5,128(a1) [f0040170]
       802 :     #650 0 8000006a 00004594  a3=00000239 ; c.lw    a3,8(a1) [f00400f8]
       803 :     #651 0 8000006c 00f75c63              ; bge     a4,a5,0x80000084
       804 :     #652 0 80000070 02d7c063              ; blt     a5,a3,0x80000090
       806 :     #653 0 80000074 00e6dc63              ; bge     a3,a4,0x8000008c
       808 :     #654 0 8000008c 0000c214              ; c.sw    a3,0(a2) [f0041724]
       809 :     #655 0 8000008e 0000b7f5              ; c.j     0x8000007a
       810 :     #656 0 8000007a 00000591  a1=f00400f4 ; c.addi  a1,4
       811 :     #657 0 8000007c 00000611  a2=f0041728 ; c.addi  a2,4
       812 :     #658 0 8000007e fea594e3              ; bne     a1,a0,0x80000066
       813 :     #659 0 80000066 00004198  a4=00000287 ; c.lw    a4,0(a1) [f00400f4]
       814 :     #660 0 80000068 000041dc  a5=00000239 ; c.lw    a5,128(a1) [f0040174]
       815 :     #661 0 8000006a 00004594  a3=000001fd ; c.lw    a3,8(a1) [f00400fc]
       816 :     #662 0 8000006c 00f75c63              ; bge     a4,a5,0x80000084
       817 :     #663 0 80000084 fed74ae3              ; blt     a4,a3,0x80000078
       818 :     #664 0 80000088 00f6c463              ; blt     a3,a5,0x80000090
       820 :     #665 0 80000090 0000c21c              ; c.sw    a5,0(a2) [f0041728]
       821 :     #666 0 80000092 0000b7e5              ; c.j     0x8000007a
       822 :     #667 0 8000007a 00000591  a1=f00400f8 ; c.addi  a1,4
       823 :     #668 0 8000007c 00000611  a2=f004172c ; c.addi  a2,4
       824 :     #669 0 8000007e fea594e3              ; bne     a1,a0,0x80000066
       825 :     #670 0 80000066 00004198  a4=00000239 ; c.lw    a4,0(a1) [f00400f8]
       826 :     #671 0 80000068 000041dc  a5=000001fd ; c.lw    a5,128(a1) [f0040178]
       827 :     #672 0 8000006a 00004594  a3=000000cb ; c.lw    a3,8(a1) [f0040100]
       828 :     #673 0 8000006c 00f75c63              ; bge     a4,a5,0x80000084
       829 :     #674 0 80000084 fed74ae3              ; blt     a4,a3,0x80000078
       831 :     #675 0 80000088 00f6c463              ; blt     a3,a5,0x80000090
       833 :     #676 0 80000090 0000c21c              ; c.sw    a5,0(a2) [f004172c]
       834 :     #677 0 80000092 0000b7e5              ; c.j     0x8000007a
       835 :     #678 0 8000007a 00000591  a1=f00400fc ; c.addi  a1,4
       836 :     #679 0 8000007c 00000611  a2=f0041730 ; c.addi  a2,4
       837 :     #680 0 8000007e fea594e3              ; bne     a1,a0,0x80000066
       838 :     #681 0 80000066 00004198  a4=000001fd ; c.lw    a4,0(a1) [f00400fc]
       839 :     #682 0 80000068 000041dc  a5=000000cb ; c.lw    a5,128(a1) [f004017c]
       840 :     #683 0 8000006a 00004594  a3=00000058 ; c.lw    a3,8(a1) [f0040104]
       841 :     #684 0 8000006c 00f75c63              ; bge     a4,a5,0x80000084
       842 :     #685 0 80000084 fed74ae3              ; blt     a4,a3,0x80000078
       844 :     #686 0 80000088 00f6c463              ; blt     a3,a5,0x80000090
       846 :     #687 0 80000090 0000c21c              ; c.sw    a5,0(a2) [f0041730]
       847 :     #688 0 80000092 0000b7e5              ; c.j     0x8000007a
       848 :     #689 0 8000007a 00000591  a1=f0040100 ; c.addi  a1,4
       849 :     #690 0 8000007c 00000611  a2=f0041734 ; c.addi  a2,4
       850 :     #691 0 8000007e fea594e3              ; bne     a1,a0,0x80000066
       851 :     #692 0 80000066 00004198  a4=000000cb ; c.lw    a4,0(a1) [f0040100]
       852 :     #693 0 80000068 000041dc  a5=00000058 ; c.lw    a5,128(a1) [f0040180]
       853 :     #694 0 8000006a 00004594  a3=00000118 ; c.lw    a3,8(a1) [f0040108]
       854 :     #695 0 8000006c 00f75c63              ; bge     a4,a5,0x80000084
       855 :     #696 0 80000084 fed74ae3              ; blt     a4,a3,0x80000078
       857 :     #697 0 80000078 0000c218              ; c.sw    a4,0(a2) [f0041734]
       858 :     #698 0 8000007a 00000591  a1=f0040104 ; c.addi  a1,4
       859 :     #699 0 8000007c 00000611  a2=f0041738 ; c.addi  a2,4
       860 :     #700 0 8000007e fea594e3              ; bne     a1,a0,0x80000066
       861 :     #701 0 80000066 00004198  a4=00000058 ; c.lw    a4,0(a1) [f0040104]
       862 :     #702 0 80000068 000041dc  a5=00000118 ; c.lw    a5,128(a1) [f0040184]
       863 :     #703 0 8000006a 00004594  a3=000002bf ; c.lw    a3,8(a1) [f004010c]
       864 :     #704 0 8000006c 00f75c63              ; bge     a4,a5,0x80000084
       865 :     #705 0 80000070 02d7c063              ; blt     a5,a3,0x80000090
       867 :     #706 0 80000090 0000c21c              ; c.sw    a5,0(a2) [f0041738]
       868 :     #707 0 80000092 0000b7e5              ; c.j     0x8000007a
       869 :     #708 0 8000007a 00000591  a1=f0040108 ; c.addi  a1,4
       870 :     #709 0 8000007c 00000611  a2=f004173c ; c.addi  a2,4
       871 :     #710 0 8000007e fea594e3              ; bne     a1,a0,0x80000066
       872 :     #711 0 80000066 00004198  a4=00000118 ; c.lw    a4,0(a1) [f0040108]
       873 :     #712 0 80000068 000041dc  a5=000002bf ; c.lw    a5,128(a1) [f0040188]
       874 :     #713 0 8000006a 00004594  a3=000002f7 ; c.lw    a3,8(a1) [f0040110]
       875 :     #714 0 8000006c 00f75c63              ; bge     a4,a5,0x80000084
       876 :     #715 0 80000070 02d7c063              ; blt     a5,a3,0x80000090
       877 :     #716 0 80000090 0000c21c              ; c.sw    a5,0(a2) [f004173c]
       878 :     #717 0 80000092 0000b7e5              ; c.j     0x8000007a
       879 :     #718 0 8000007a 00000591  a1=f004010c ; c.addi  a1,4
       880 :     #719 0 8000007c 00000611  a2=f0041740 ; c.addi  a2,4
       881 :     #720 0 8000007e fea594e3              ; bne     a1,a0,0x80000066
       882 :     #721 0 80000066 00004198  a4=000002bf ; c.lw    a4,0(a1) [f004010c]
       883 :     #722 0 80000068 000041dc  a5=000002f7 ; c.lw    a5,128(a1) [f004018c]
       884 :     #723 0 8000006a 00004594  a3=0000029d ; c.lw    a3,8(a1) [f0040114]
       885 :     #724 0 8000006c 00f75c63              ; bge     a4,a5,0x80000084
       886 :     #725 0 80000070 02d7c063              ; blt     a5,a3,0x80000090
       887 :     #726 0 80000074 00e6dc63              ; bge     a3,a4,0x8000008c
       888 :     #727 0 80000078 0000c218              ; c.sw    a4,0(a2) [f0041740]
       889 :     #728 0 8000007a 00000591  a1=f0040110 ; c.addi  a1,4
       890 :     #729 0 8000007c 00000611  a2=f0041744 ; c.addi  a2,4
       891 :     #730 0 8000007e fea594e3              ; bne     a1,a0,0x80000066
       892 :     #731 0 80000066 00004198  a4=000002f7 ; c.lw    a4,0(a1) [f0040110]
       893 :     #732 0 80000068 000041dc  a5=0000029d ; c.lw    a5,128(a1) [f0040190]
       894 :     #733 0 8000006a 00004594  a3=0000025e ; c.lw    a3,8(a1) [f0040118]
       895 :     #734 0 8000006c 00f75c63              ; bge     a4,a5,0x80000084
       896 :     #735 0 80000084 fed74ae3              ; blt     a4,a3,0x80000078
       897 :     #736 0 80000088 00f6c463              ; blt     a3,a5,0x80000090
       899 :     #737 0 80000090 0000c21c              ; c.sw    a5,0(a2) [f0041744]
       900 :     #738 0 80000092 0000b7e5              ; c.j     0x8000007a
       901 :     #739 0 8000007a 00000591  a1=f0040114 ; c.addi  a1,4
       902 :     #740 0 8000007c 00000611  a2=f0041748 ; c.addi  a2,4
       903 :     #741 0 8000007e fea594e3              ; bne     a1,a0,0x80000066
       904 :     #742 0 80000066 00004198  a4=0000029d ; c.lw    a4,0(a1) [f0040114]
       905 :     #743 0 80000068 000041dc  a5=0000025e ; c.lw    a5,128(a1) [f0040194]
       906 :     #744 0 8000006a 00004594  a3=00000177 ; c.lw    a3,8(a1) [f004011c]
       907 :     #745 0 8000006c 00f75c63              ; bge     a4,a5,0x80000084
       909 :     #746 0 80000084 fed74ae3              ; blt     a4,a3,0x80000078
       910 :     #747 0 80000088 00f6c463              ; blt     a3,a5,0x80000090
       912 :     #748 0 80000090 0000c21c              ; c.sw    a5,0(a2) [f0041748]
       913 :     #749 0 80000092 0000b7e5              ; c.j     0x8000007a
       914 :     #750 0 8000007a 00000591  a1=f0040118 ; c.addi  a1,4
       915 :     #751 0 8000007c 00000611  a2=f004174c ; c.addi  a2,4
       916 :     #752 0 8000007e fea594e3              ; bne     a1,a0,0x80000066
       917 :     #753 0 80000066 00004198  a4=0000025e ; c.lw    a4,0(a1) [f0040118]
       918 :     #754 0 80000068 000041dc  a5=00000177 ; c.lw    a5,128(a1) [f0040198]
       919 :     #755 0 8000006a 00004594  a3=000001ff ; c.lw    a3,8(a1) [f0040120]
       920 :     #756 0 8000006c 00f75c63              ; bge     a4,a5,0x80000084
       921 :     #757 0 80000084 fed74ae3              ; blt     a4,a3,0x80000078
       923 :     #758 0 80000088 00f6c463              ; blt     a3,a5,0x80000090
       925 :     #759 0 8000008c 0000c214              ; c.sw    a3,0(a2) [f004174c]
       926 :     #760 0 8000008e 0000b7f5              ; c.j     0x8000007a
       927 :     #761 0 8000007a 00000591  a1=f004011c ; c.addi  a1,4
       928 :     #762 0 8000007c 00000611  a2=f0041750 ; c.addi  a2,4
       929 :     #763 0 8000007e fea594e3              ; bne     a1,a0,0x80000066
       931 :     #764 0 80000066 00004198  a4=00000177 ; c.lw    a4,0(a1) [f004011c]
       932 :     #765 0 80000068 000041dc  a5=000001ff ; c.lw    a5,128(a1) [f004019c]
       933 :     #766 0 8000006a 00004594  a3=00000227 ; c.lw    a3,8(a1) [f0040124]
       934 :     #767 0 8000006c 00f75c63              ; bge     a4,a5,0x80000084
       935 :     #768 0 80000070 02d7c063              ; blt     a5,a3,0x80000090
       936 :     #769 0 80000090 0000c21c              ; c.sw    a5,0(a2) [f0041750]
       937 :     #770 0 80000092 0000b7e5              ; c.j     0x8000007a
       938 :     #771 0 8000007a 00000591  a1=f0040120 ; c.addi  a1,4
       939 :     #772 0 8000007c 00000611  a2=f0041754 ; c.addi  a2,4
       940 :     #773 0 8000007e fea594e3              ; bne     a1,a0,0x80000066
       941 :     #774 0 80000066 00004198  a4=000001ff ; c.lw    a4,0(a1) [f0040120]
       942 :     #775 0 80000068 000041dc  a5=00000227 ; c.lw    a5,128(a1) [f00401a0]
       943 :     #776 0 8000006a 00004594  a3=00000291 ; c.lw    a3,8(a1) [f0040128]
       944 :     #777 0 8000006c 00f75c63              ; bge     a4,a5,0x80000084
       945 :     #778 0 80000070 02d7c063              ; blt     a5,a3,0x80000090
       947 :     #779 0 80000090 0000c21c              ; c.sw    a5,0(a2) [f0041754]
       948 :     #780 0 80000092 0000b7e5              ; c.j     0x8000007a
       949 :     #781 0 8000007a 00000591  a1=f0040124 ; c.addi  a1,4
       950 :     #782 0 8000007c 00000611  a2=f0041758 ; c.addi  a2,4
       951 :     #783 0 8000007e fea594e3              ; bne     a1,a0,0x80000066
       952 :     #784 0 80000066 00004198  a4=00000227 ; c.lw    a4,0(a1) [f0040124]
       953 :     #785 0 80000068 000041dc  a5=00000291 ; c.lw    a5,128(a1) [f00401a4]
       954 :     #786 0 8000006a 00004594  a3=000003a8 ; c.lw    a3,8(a1) [f004012c]
       955 :     #787 0 8000006c 00f75c63              ; bge     a4,a5,0x80000084
       956 :     #788 0 80000070 02d7c063              ; blt     a5,a3,0x80000090
       957 :     #789 0 80000090 0000c21c              ; c.sw    a5,0(a2) [f0041758]
       958 :     #790 0 80000092 0000b7e5              ; c.j     0x8000007a
       959 :     #791 0 8000007a 00000591  a1=f0040128 ; c.addi  a1,4
       960 :     #792 0 8000007c 00000611  a2=f004175c ; c.addi  a2,4
       961 :     #793 0 8000007e fea594e3              ; bne     a1,a0,0x80000066
       962 :     #794 0 80000066 00004198  a4=00000291 ; c.lw    a4,0(a1) [f0040128]
       963 :     #795 0 80000068 000041dc  a5=000003a8 ; c.lw    a5,128(a1) [f00401a8]
       964 :     #796 0 8000006a 00004594  a3=000000c3 ; c.lw    a3,8(a1) [f0040130]
       965 :     #797 0 8000006c 00f75c63              ; bge     a4,a5,0x80000084
       966 :     #798 0 80000070 02d7c063              ; blt     a5,a3,0x80000090
       967 :     #799 0 80000074 00e6dc63              ; bge     a3,a4,0x8000008c
       968 :     #800 0 80000078 0000c218              ; c.sw    a4,0(a2) [f004175c]
       969 :     #801 0 8000007a 00000591  a1=f004012c ; c.addi  a1,4
       970 :     #802 0 8000007c 00000611  a2=f0041760 ; c.addi  a2,4
       971 :     #803 0 8000007e fea594e3              ; bne     a1,a0,0x80000066
       972 :     #804 0 80000066 00004198  a4=000003a8 ; c.lw    a4,0(a1) [f004012c]
       973 :     #805 0 80000068 000041dc  a5=000000c3 ; c.lw    a5,128(a1) [f00401ac]
       974 :     #806 0 8000006a 00004594  a3=00000250 ; c.lw    a3,8(a1) [f0040134]
       975 :     #807 0 8000006c 00f75c63              ; bge     a4,a5,0x80000084
       976 :     #808 0 80000084 fed74ae3              ; blt     a4,a3,0x80000078
       977 :     #809 0 80000088 00f6c463              ; blt     a3,a5,0x80000090
       979 :     #810 0 8000008c 0000c214              ; c.sw    a3,0(a2) [f0041760]
       980 :     #811 0 8000008e 0000b7f5              ; c.j     0x8000007a
       981 :     #812 0 8000007a 00000591  a1=f0040130 ; c.addi  a1,4
       982 :     #813 0 8000007c 00000611  a2=f0041764 ; c.addi  a2,4
       983 :     #814 0 8000007e fea594e3              ; bne     a1,a0,0x80000066
       984 :     #815 0 80000066 00004198  a4=000000c3 ; c.lw    a4,0(a1) [f0040130]
       985 :     #816 0 80000068 000041dc  a5=00000250 ; c.lw    a5,128(a1) [f00401b0]
       986 :     #817 0 8000006a 00004594  a3=00000051 ; c.lw    a3,8(a1) [f0040138]
       987 :     #818 0 8000006c 00f75c63              ; bge     a4,a5,0x80000084
       988 :     #819 0 80000070 02d7c063              ; blt     a5,a3,0x80000090
       990 :     #820 0 80000074 00e6dc63              ; bge     a3,a4,0x8000008c
       991 :     #821 0 80000078 0000c218              ; c.sw    a4,0(a2) [f0041764]
       992 :     #822 0 8000007a 00000591  a1=f0040134 ; c.addi  a1,4
       993 :     #823 0 8000007c 00000611  a2=f0041768 ; c.addi  a2,4
       994 :     #824 0 8000007e fea594e3              ; bne     a1,a0,0x80000066
       995 :     #825 0 80000066 00004198  a4=00000250 ; c.lw    a4,0(a1) [f0040134]
       996 :     #826 0 80000068 000041dc  a5=00000051 ; c.lw    a5,128(a1) [f00401b4]
       997 :     #827 0 8000006a 00004594  a3=00000239 ; c.lw    a3,8(a1) [f004013c]
       998 :     #828 0 8000006c 00f75c63              ; bge     a4,a5,0x80000084
       999 :     #829 0 80000084 fed74ae3              ; blt     a4,a3,0x80000078
      1000 :     #830 0 80000088 00f6c463              ; blt     a3,a5,0x80000090
      1001 :     #831 0 8000008c 0000c214              ; c.sw    a3,0(a2) [f0041768]
      1002 :     #832 0 8000008e 0000b7f5              ; c.j     0x8000007a
      1003 :     #833 0 8000007a 00000591  a1=f0040138 ; c.addi  a1,4
      1004 :     #834 0 8000007c 00000611  a2=f004176c ; c.addi  a2,4
      1005 :     #835 0 8000007e fea594e3              ; bne     a1,a0,0x80000066
      1006 :     #836 0 80000066 00004198  a4=00000051 ; c.lw    a4,0(a1) [f0040138]
      1007 :     #837 0 80000068 000041dc  a5=00000239 ; c.lw    a5,128(a1) [f00401b8]
      1008 :     #838 0 8000006a 00004594  a3=0000010b ; c.lw    a3,8(a1) [f0040140]
      1009 :     #839 0 8000006c 00f75c63              ; bge     a4,a5,0x80000084
      1010 :     #840 0 80000070 02d7c063              ; blt     a5,a3,0x80000090
      1011 :     #841 0 80000074 00e6dc63              ; bge     a3,a4,0x8000008c
      1012 :     #842 0 8000008c 0000c214              ; c.sw    a3,0(a2) [f004176c]
      1013 :     #843 0 8000008e 0000b7f5              ; c.j     0x8000007a
      1014 :     #844 0 8000007a 00000591  a1=f004013c ; c.addi  a1,4
      1015 :     #845 0 8000007c 00000611  a2=f0041770 ; c.addi  a2,4
      1016 :     #846 0 8000007e fea594e3              ; bne     a1,a0,0x80000066
      1017 :     #847 0 80000066 00004198  a4=00000239 ; c.lw    a4,0(a1) [f004013c]
      1018 :     #848 0 80000068 000041dc  a5=0000010b ; c.lw    a5,128(a1) [f00401bc]
      1019 :     #849 0 8000006a 00004594  a3=000003b8 ; c.lw    a3,8(a1) [f0040144]
      1020 :     #850 0 8000006c 00f75c63              ; bge     a4,a5,0x80000084
      1021 :     #851 0 80000084 fed74ae3              ; blt     a4,a3,0x80000078
      1022 :     #852 0 80000078 0000c218              ; c.sw    a4,0(a2) [f0041770]
      1023 :     #853 0 8000007a 00000591  a1=f0040140 ; c.addi  a1,4
      1024 :     #854 0 8000007c 00000611  a2=f0041774 ; c.addi  a2,4
      1025 :     #855 0 8000007e fea594e3              ; bne     a1,a0,0x80000066
      1027 :     #856 0 80000066 00004198  a4=0000010b ; c.lw    a4,0(a1) [f0040140]
      1028 :     #857 0 80000068 000041dc  a5=000003b8 ; c.lw    a5,128(a1) [f00401c0]
      1029 :     #858 0 8000006a 00004594  a3=000000e5 ; c.lw    a3,8(a1) [f0040148]
      1030 :     #859 0 8000006c 00f75c63              ; bge     a4,a5,0x80000084
      1031 :     #860 0 80000070 02d7c063              ; blt     a5,a3,0x80000090
      1032 :     #861 0 80000074 00e6dc63              ; bge     a3,a4,0x8000008c
      1033 :     #862 0 80000078 0000c218              ; c.sw    a4,0(a2) [f0041774]
      1034 :     #863 0 8000007a 00000591  a1=f0040144 ; c.addi  a1,4
      1035 :     #864 0 8000007c 00000611  a2=f0041778 ; c.addi  a2,4
      1036 :     #865 0 8000007e fea594e3              ; bne     a1,a0,0x80000066
      1037 :     #866 0 80000066 00004198  a4=000003b8 ; c.lw    a4,0(a1) [f0040144]
      1038 :     #867 0 80000068 000041dc  a5=000000e5 ; c.lw    a5,128(a1) [f00401c4]
      1039 :     #868 0 8000006a 00004594  a3=00000320 ; c.lw    a3,8(a1) [f004014c]
      1040 :     #869 0 8000006c 00f75c63              ; bge     a4,a5,0x80000084
      1041 :     #870 0 80000084 fed74ae3              ; blt     a4,a3,0x80000078
      1042 :     #871 0 80000088 00f6c463              ; blt     a3,a5,0x80000090
      1043 :     #872 0 8000008c 0000c214              ; c.sw    a3,0(a2) [f0041778]
      1044 :     #873 0 8000008e 0000b7f5              ; c.j     0x8000007a
      1045 :     #874 0 8000007a 00000591  a1=f0040148 ; c.addi  a1,4
      1046 :     #875 0 8000007c 00000611  a2=f004177c ; c.addi  a2,4
      1047 :     #876 0 8000007e fea594e3              ; bne     a1,a0,0x80000066
      1049 :     #877 0 80000066 00004198  a4=000000e5 ; c.lw    a4,0(a1) [f0040148]
      1050 :     #878 0 80000068 000041dc  a5=00000320 ; c.lw    a5,128(a1) [f00401c8]
      1051 :     #879 0 8000006a 00004594  a3=00000151 ; c.lw    a3,8(a1) [f0040150]
      1052 :     #880 0 8000006c 00f75c63              ; bge     a4,a5,0x80000084
      1053 :     #881 0 80000070 02d7c063              ; blt     a5,a3,0x80000090
      1054 :     #882 0 80000074 00e6dc63              ; bge     a3,a4,0x8000008c
      1055 :     #883 0 8000008c 0000c214              ; c.sw    a3,0(a2) [f004177c]
      1056 :     #884 0 8000008e 0000b7f5              ; c.j     0x8000007a
      1057 :     #885 0 8000007a 00000591  a1=f004014c ; c.addi  a1,4
      1058 :     #886 0 8000007c 00000611  a2=f0041780 ; c.addi  a2,4
      1059 :     #887 0 8000007e fea594e3              ; bne     a1,a0,0x80000066
      1060 :     #888 0 80000066 00004198  a4=00000320 ; c.lw    a4,0(a1) [f004014c]
      1061 :     #889 0 80000068 000041dc  a5=00000151 ; c.lw    a5,128(a1) [f00401cc]
      1062 :     #890 0 8000006a 00004594  a3=00000248 ; c.lw    a3,8(a1) [f0040154]
      1063 :     #891 0 8000006c 00f75c63              ; bge     a4,a5,0x80000084
      1064 :     #892 0 80000084 fed74ae3              ; blt     a4,a3,0x80000078
      1066 :     #893 0 80000088 00f6c463              ; blt     a3,a5,0x80000090
      1068 :     #894 0 8000008c 0000c214              ; c.sw    a3,0(a2) [f0041780]
      1069 :     #895 0 8000008e 0000b7f5              ; c.j     0x8000007a
      1070 :     #896 0 8000007a 00000591  a1=f0040150 ; c.addi  a1,4
      1071 :     #897 0 8000007c 00000611  a2=f0041784 ; c.addi  a2,4
      1072 :     #898 0 8000007e fea594e3              ; bne     a1,a0,0x80000066
      1073 :     #899 0 80000066 00004198  a4=00000151 ; c.lw    a4,0(a1) [f0040150]
      1074 :     #900 0 80000068 000041dc  a5=00000248 ; c.lw    a5,128(a1) [f00401d0]
      1075 :     #901 0 8000006a 00004594  a3=000003b0 ; c.lw    a3,8(a1) [f0040158]
      1076 :     #902 0 8000006c 00f75c63              ; bge     a4,a5,0x80000084
      1077 :     #903 0 80000070 02d7c063              ; blt     a5,a3,0x80000090
      1078 :     #904 0 80000090 0000c21c              ; c.sw    a5,0(a2) [f0041784]
      1079 :     #905 0 80000092 0000b7e5              ; c.j     0x8000007a
      1080 :     #906 0 8000007a 00000591  a1=f0040154 ; c.addi  a1,4
      1081 :     #907 0 8000007c 00000611  a2=f0041788 ; c.addi  a2,4
      1082 :     #908 0 8000007e fea594e3              ; bne     a1,a0,0x80000066
      1084 :     #909 0 80000066 00004198  a4=00000248 ; c.lw    a4,0(a1) [f0040154]
      1085 :     #910 0 80000068 000041dc  a5=000003b0 ; c.lw    a5,128(a1) [f00401d4]
      1086 :     #911 0 8000006a 00004594  a3=00000283 ; c.lw    a3,8(a1) [f004015c]
      1087 :     #912 0 8000006c 00f75c63              ; bge     a4,a5,0x80000084
      1088 :     #913 0 80000070 02d7c063              ; blt     a5,a3,0x80000090
      1089 :     #914 0 80000074 00e6dc63              ; bge     a3,a4,0x8000008c
      1090 :     #915 0 8000008c 0000c214              ; c.sw    a3,0(a2) [f0041788]
      1091 :     #916 0 8000008e 0000b7f5              ; c.j     0x8000007a
      1092 :     #917 0 8000007a 00000591  a1=f0040158 ; c.addi  a1,4
      1093 :     #918 0 8000007c 00000611  a2=f004178c ; c.addi  a2,4
      1094 :     #919 0 8000007e fea594e3              ; bne     a1,a0,0x80000066
      1096 :     #920 0 80000066 00004198  a4=000003b0 ; c.lw    a4,0(a1) [f0040158]
      1097 :     #921 0 80000068 000041dc  a5=00000283 ; c.lw    a5,128(a1) [f00401d8]
      1098 :     #922 0 8000006a 00004594  a3=00000386 ; c.lw    a3,8(a1) [f0040160]
      1099 :     #923 0 8000006c 00f75c63              ; bge     a4,a5,0x80000084
      1100 :     #924 0 80000084 fed74ae3              ; blt     a4,a3,0x80000078
      1102 :     #925 0 80000088 00f6c463              ; blt     a3,a5,0x80000090
      1104 :     #926 0 8000008c 0000c214              ; c.sw    a3,0(a2) [f004178c]
      1105 :     #927 0 8000008e 0000b7f5              ; c.j     0x8000007a
      1106 :     #928 0 8000007a 00000591  a1=f004015c ; c.addi  a1,4
      1107 :     #929 0 8000007c 00000611  a2=f0041790 ; c.addi  a2,4
      1108 :     #930 0 8000007e fea594e3              ; bne     a1,a0,0x80000066
      1109 :     #931 0 80000066 00004198  a4=00000283 ; c.lw    a4,0(a1) [f004015c]
      1110 :     #932 0 80000068 000041dc  a5=00000386 ; c.lw    a5,128(a1) [f00401dc]
      1111 :     #933 0 8000006a 00004594  a3=00000170 ; c.lw    a3,8(a1) [f0040164]
      1112 :     #934 0 8000006c 00f75c63              ; bge     a4,a5,0x80000084
      1113 :     #935 0 80000070 02d7c063              ; blt     a5,a3,0x80000090
      1115 :     #936 0 80000074 00e6dc63              ; bge     a3,a4,0x8000008c
      1117 :     #937 0 80000078 0000c218              ; c.sw    a4,0(a2) [f0041790]
      1118 :     #938 0 8000007a 00000591  a1=f0040160 ; c.addi  a1,4
      1119 :     #939 0 8000007c 00000611  a2=f0041794 ; c.addi  a2,4
      1120 :     #940 0 8000007e fea594e3              ; bne     a1,a0,0x80000066
      1122 :     #941 0 80000066 00004198  a4=00000386 ; c.lw    a4,0(a1) [f0040160]
      1123 :     #942 0 80000068 000041dc  a5=00000170 ; c.lw    a5,128(a1) [f00401e0]
      1124 :     #943 0 8000006a 00004594  a3=000000f1 ; c.lw    a3,8(a1) [f0040168]
      1125 :     #944 0 8000006c 00f75c63              ; bge     a4,a5,0x80000084
      1126 :     #945 0 80000084 fed74ae3              ; blt     a4,a3,0x80000078
      1128 :     #946 0 80000088 00f6c463              ; blt     a3,a5,0x80000090
      1129 :     #947 0 80000090 0000c21c              ; c.sw    a5,0(a2) [f0041794]
      1130 :     #948 0 80000092 0000b7e5              ; c.j     0x8000007a
      1131 :     #949 0 8000007a 00000591  a1=f0040164 ; c.addi  a1,4
      1132 :     #950 0 8000007c 00000611  a2=f0041798 ; c.addi  a2,4
      1133 :     #951 0 8000007e fea594e3              ; bne     a1,a0,0x80000066
      1134 :     #952 0 80000066 00004198  a4=00000170 ; c.lw    a4,0(a1) [f0040164]
      1135 :     #953 0 80000068 000041dc  a5=000000f1 ; c.lw    a5,128(a1) [f00401e4]
      1136 :     #954 0 8000006a 00004594  a3=000001e9 ; c.lw    a3,8(a1) [f004016c]
      1137 :     #955 0 8000006c 00f75c63              ; bge     a4,a5,0x80000084
      1139 :     #956 0 80000084 fed74ae3              ; blt     a4,a3,0x80000078
      1141 :     #957 0 80000078 0000c218              ; c.sw    a4,0(a2) [f0041798]
      1142 :     #958 0 8000007a 00000591  a1=f0040168 ; c.addi  a1,4
      1143 :     #959 0 8000007c 00000611  a2=f004179c ; c.addi  a2,4
      1144 :     #960 0 8000007e fea594e3              ; bne     a1,a0,0x80000066
      1145 :     #961 0 80000066 00004198  a4=000000f1 ; c.lw    a4,0(a1) [f0040168]
      1146 :     #962 0 80000068 000041dc  a5=000001e9 ; c.lw    a5,128(a1) [f00401e8]
      1147 :     #963 0 8000006a 00004594  a3=00000391 ; c.lw    a3,8(a1) [f0040170]
      1148 :     #964 0 8000006c 00f75c63              ; bge     a4,a5,0x80000084
      1149 :     #965 0 80000070 02d7c063              ; blt     a5,a3,0x80000090
      1151 :     #966 0 80000090 0000c21c              ; c.sw    a5,0(a2) [f004179c]
      1152 :     #967 0 80000092 0000b7e5              ; c.j     0x8000007a
      1153 :     #968 0 8000007a 00000591  a1=f004016c ; c.addi  a1,4
      1154 :     #969 0 8000007c 00000611  a2=f00417a0 ; c.addi  a2,4
      1155 :     #970 0 8000007e fea594e3              ; bne     a1,a0,0x80000066
      1156 :     #971 0 80000066 00004198  a4=000001e9 ; c.lw    a4,0(a1) [f004016c]
      1157 :     #972 0 80000068 000041dc  a5=00000391 ; c.lw    a5,128(a1) [f00401ec]
      1158 :     #973 0 8000006a 00004594  a3=00000148 ; c.lw    a3,8(a1) [f0040174]
      1159 :     #974 0 8000006c 00f75c63              ; bge     a4,a5,0x80000084
      1160 :     #975 0 80000070 02d7c063              ; blt     a5,a3,0x80000090
      1162 :     #976 0 80000074 00e6dc63              ; bge     a3,a4,0x8000008c
      1164 :     #977 0 80000078 0000c218              ; c.sw    a4,0(a2) [f00417a0]
      1165 :     #978 0 8000007a 00000591  a1=f0040170 ; c.addi  a1,4
      1166 :     #979 0 8000007c 00000611  a2=f00417a4 ; c.addi  a2,4
      1167 :     #980 0 8000007e fea594e3              ; bne     a1,a0,0x80000066
      1168 :     #981 0 80000066 00004198  a4=00000391 ; c.lw    a4,0(a1) [f0040170]
      1169 :     #982 0 80000068 000041dc  a5=00000148 ; c.lw    a5,128(a1) [f00401f0]
      1170 :     #983 0 8000006a 00004594  a3=0000033a ; c.lw    a3,8(a1) [f0040178]
      1171 :     #984 0 8000006c 00f75c63              ; bge     a4,a5,0x80000084
      1172 :     #985 0 80000084 fed74ae3              ; blt     a4,a3,0x80000078
      1173 :     #986 0 80000088 00f6c463              ; blt     a3,a5,0x80000090
      1174 :     #987 0 8000008c 0000c214              ; c.sw    a3,0(a2) [f00417a4]
      1175 :     #988 0 8000008e 0000b7f5              ; c.j     0x8000007a
      1176 :     #989 0 8000007a 00000591  a1=f0040174 ; c.addi  a1,4
      1177 :     #990 0 8000007c 00000611  a2=f00417a8 ; c.addi  a2,4
      1178 :     #991 0 8000007e fea594e3              ; bne     a1,a0,0x80000066
      1179 :     #992 0 80000066 00004198  a4=00000148 ; c.lw    a4,0(a1) [f0040174]
      1180 :     #993 0 80000068 000041dc  a5=0000033a ; c.lw    a5,128(a1) [f00401f4]
      1181 :     #994 0 8000006a 00004594  a3=00000139 ; c.lw    a3,8(a1) [f004017c]
      1182 :     #995 0 8000006c 00f75c63              ; bge     a4,a5,0x80000084
      1183 :     #996 0 80000070 02d7c063              ; blt     a5,a3,0x80000090
      1184 :     #997 0 80000074 00e6dc63              ; bge     a3,a4,0x8000008c
      1186 :     #998 0 80000078 0000c218              ; c.sw    a4,0(a2) [f00417a8]
      1187 :     #999 0 8000007a 00000591  a1=f0040178 ; c.addi  a1,4
      1188 :    #1000 0 8000007c 00000611  a2=f00417ac ; c.addi  a2,4
      1189 :    #1001 0 8000007e fea594e3              ; bne     a1,a0,0x80000066
      1190 :    #1002 0 80000066 00004198  a4=0000033a ; c.lw    a4,0(a1) [f0040178]
      1191 :    #1003 0 80000068 000041dc  a5=00000139 ; c.lw    a5,128(a1) [f00401f8]
      1192 :    #1004 0 8000006a 00004594  a3=000003a5 ; c.lw    a3,8(a1) [f0040180]
      1193 :    #1005 0 8000006c 00f75c63              ; bge     a4,a5,0x80000084
      1194 :    #1006 0 80000084 fed74ae3              ; blt     a4,a3,0x80000078
      1195 :    #1007 0 80000078 0000c218              ; c.sw    a4,0(a2) [f00417ac]
      1196 :    #1008 0 8000007a 00000591  a1=f004017c ; c.addi  a1,4
      1197 :    #1009 0 8000007c 00000611  a2=f00417b0 ; c.addi  a2,4
      1198 :    #1010 0 8000007e fea594e3              ; bne     a1,a0,0x80000066
      1200 :    #1011 0 80000066 00004198  a4=00000139 ; c.lw    a4,0(a1) [f004017c]
      1201 :    #1012 0 80000068 000041dc  a5=000003a5 ; c.lw    a5,128(a1) [f00401fc]
      1202 :    #1013 0 8000006a 00004594  a3=00000250 ; c.lw    a3,8(a1) [f0040184]
      1203 :    #1014 0 8000006c 00f75c63              ; bge     a4,a5,0x80000084
      1204 :    #1015 0 80000070 02d7c063              ; blt     a5,a3,0x80000090
      1205 :    #1016 0 80000074 00e6dc63              ; bge     a3,a4,0x8000008c
      1206 :    #1017 0 8000008c 0000c214              ; c.sw    a3,0(a2) [f00417b0]
      1207 :    #1018 0 8000008e 0000b7f5              ; c.j     0x8000007a
      1208 :    #1019 0 8000007a 00000591  a1=f0040180 ; c.addi  a1,4
      1209 :    #1020 0 8000007c 00000611  a2=f00417b4 ; c.addi  a2,4
      1210 :    #1021 0 8000007e fea594e3              ; bne     a1,a0,0x80000066
      1212 :    #1022 0 80000066 00004198  a4=000003a5 ; c.lw    a4,0(a1) [f0040180]
      1213 :    #1023 0 80000068 000041dc  a5=00000250 ; c.lw    a5,128(a1) [f0040200]
      1214 :    #1024 0 8000006a 00004594  a3=000003d9 ; c.lw    a3,8(a1) [f0040188]
      1215 :    #1025 0 8000006c 00f75c63              ; bge     a4,a5,0x80000084
      1216 :    #1026 0 80000084 fed74ae3              ; blt     a4,a3,0x80000078
      1218 :    #1027 0 80000078 0000c218              ; c.sw    a4,0(a2) [f00417b4]
      1219 :    #1028 0 8000007a 00000591  a1=f0040184 ; c.addi  a1,4
      1220 :    #1029 0 8000007c 00000611  a2=f00417b8 ; c.addi  a2,4
      1221 :    #1030 0 8000007e fea594e3              ; bne     a1,a0,0x80000066
      1222 :    #1031 0 80000066 00004198  a4=00000250 ; c.lw    a4,0(a1) [f0040184]
      1223 :    #1032 0 80000068 000041dc  a5=000003d9 ; c.lw    a5,128(a1) [f0040204]
      1224 :    #1033 0 8000006a 00004594  a3=00000184 ; c.lw    a3,8(a1) [f004018c]
      1225 :    #1034 0 8000006c 00f75c63              ; bge     a4,a5,0x80000084
      1226 :    #1035 0 80000070 02d7c063              ; blt     a5,a3,0x80000090
      1227 :    #1036 0 80000074 00e6dc63              ; bge     a3,a4,0x8000008c
      1228 :    #1037 0 80000078 0000c218              ; c.sw    a4,0(a2) [f00417b8]
      1229 :    #1038 0 8000007a 00000591  a1=f0040188 ; c.addi  a1,4
      1230 :    #1039 0 8000007c 00000611  a2=f00417bc ; c.addi  a2,4
      1231 :    #1040 0 8000007e fea594e3              ; bne     a1,a0,0x80000066
      1232 :    #1041 0 80000066 00004198  a4=000003d9 ; c.lw    a4,0(a1) [f0040188]
      1233 :    #1042 0 80000068 000041dc  a5=00000184 ; c.lw    a5,128(a1) [f0040208]
      1234 :    #1043 0 8000006a 00004594  a3=000000c3 ; c.lw    a3,8(a1) [f0040190]
      1235 :    #1044 0 8000006c 00f75c63              ; bge     a4,a5,0x80000084
      1236 :    #1045 0 80000084 fed74ae3              ; blt     a4,a3,0x80000078
      1237 :    #1046 0 80000088 00f6c463              ; blt     a3,a5,0x80000090
      1239 :    #1047 0 80000090 0000c21c              ; c.sw    a5,0(a2) [f00417bc]
      1240 :    #1048 0 80000092 0000b7e5              ; c.j     0x8000007a
      1241 :    #1049 0 8000007a 00000591  a1=f004018c ; c.addi  a1,4
      1242 :    #1050 0 8000007c 00000611  a2=f00417c0 ; c.addi  a2,4
      1243 :    #1051 0 8000007e fea594e3              ; bne     a1,a0,0x80000066
      1244 :    #1052 0 80000066 00004198  a4=00000184 ; c.lw    a4,0(a1) [f004018c]
      1245 :    #1053 0 80000068 000041dc  a5=000000c3 ; c.lw    a5,128(a1) [f004020c]
      1246 :    #1054 0 8000006a 00004594  a3=0000021f ; c.lw    a3,8(a1) [f0040194]
      1247 :    #1055 0 8000006c 00f75c63              ; bge     a4,a5,0x80000084
      1248 :    #1056 0 80000084 fed74ae3              ; blt     a4,a3,0x80000078
      1250 :    #1057 0 80000078 0000c218              ; c.sw    a4,0(a2) [f00417c0]
      1251 :    #1058 0 8000007a 00000591  a1=f0040190 ; c.addi  a1,4
      1252 :    #1059 0 8000007c 00000611  a2=f00417c4 ; c.addi  a2,4
      1253 :    #1060 0 8000007e fea594e3              ; bne     a1,a0,0x80000066
      1254 :    #1061 0 80000066 00004198  a4=000000c3 ; c.lw    a4,0(a1) [f0040190]
      1255 :    #1062 0 80000068 000041dc  a5=0000021f ; c.lw    a5,128(a1) [f0040210]
      1256 :    #1063 0 8000006a 00004594  a3=000003c0 ; c.lw    a3,8(a1) [f0040198]
      1257 :    #1064 0 8000006c 00f75c63              ; bge     a4,a5,0x80000084
      1258 :    #1065 0 80000070 02d7c063              ; blt     a5,a3,0x80000090
      1260 :    #1066 0 80000090 0000c21c              ; c.sw    a5,0(a2) [f00417c4]
      1261 :    #1067 0 80000092 0000b7e5              ; c.j     0x8000007a
      1262 :    #1068 0 8000007a 00000591  a1=f0040194 ; c.addi  a1,4
      1263 :    #1069 0 8000007c 00000611  a2=f00417c8 ; c.addi  a2,4
      1264 :    #1070 0 8000007e fea594e3              ; bne     a1,a0,0x80000066
      1265 :    #1071 0 80000066 00004198  a4=0000021f ; c.lw    a4,0(a1) [f0040194]
      1266 :    #1072 0 80000068 000041dc  a5=000003c0 ; c.lw    a5,128(a1) [f0040214]
      1267 :    #1073 0 8000006a 00004594  a3=00000289 ; c.lw    a3,8(a1) [f004019c]
      1268 :    #1074 0 8000006c 00f75c63              ; bge     a4,a5,0x80000084
      1269 :    #1075 0 80000070 02d7c063              ; blt     a5,a3,0x80000090
      1271 :    #1076 0 80000074 00e6dc63              ; bge     a3,a4,0x8000008c
      1273 :    #1077 0 8000008c 0000c214              ; c.sw    a3,0(a2) [f00417c8]
      1274 :    #1078 0 8000008e 0000b7f5              ; c.j     0x8000007a
      1275 :    #1079 0 8000007a 00000591  a1=f0040198 ; c.addi  a1,4
      1276 :    #1080 0 8000007c 00000611  a2=f00417cc ; c.addi  a2,4
      1277 :    #1081 0 8000007e fea594e3              ; bne     a1,a0,0x80000066
      1278 :    #1082 0 80000066 00004198  a4=000003c0 ; c.lw    a4,0(a1) [f0040198]
      1279 :    #1083 0 80000068 000041dc  a5=00000289 ; c.lw    a5,128(a1) [f0040218]
      1280 :    #1084 0 8000006a 00004594  a3=00000236 ; c.lw    a3,8(a1) [f00401a0]
      1281 :    #1085 0 8000006c 00f75c63              ; bge     a4,a5,0x80000084
      1282 :    #1086 0 80000084 fed74ae3              ; blt     a4,a3,0x80000078
      1283 :    #1087 0 80000088 00f6c463              ; blt     a3,a5,0x80000090
      1285 :    #1088 0 80000090 0000c21c              ; c.sw    a5,0(a2) [f00417cc]
      1286 :    #1089 0 80000092 0000b7e5              ; c.j     0x8000007a
      1287 :    #1090 0 8000007a 00000591  a1=f004019c ; c.addi  a1,4
      1288 :    #1091 0 8000007c 00000611  a2=f00417d0 ; c.addi  a2,4
      1289 :    #1092 0 8000007e fea594e3              ; bne     a1,a0,0x80000066
      1290 :    #1093 0 80000066 00004198  a4=00000289 ; c.lw    a4,0(a1) [f004019c]
      1291 :    #1094 0 80000068 000041dc  a5=00000236 ; c.lw    a5,128(a1) [f004021c]
      1292 :    #1095 0 8000006a 00004594  a3=000003d3 ; c.lw    a3,8(a1) [f00401a4]
      1293 :    #1096 0 8000006c 00f75c63              ; bge     a4,a5,0x80000084
      1294 :    #1097 0 80000084 fed74ae3              ; blt     a4,a3,0x80000078
      1296 :    #1098 0 80000078 0000c218              ; c.sw    a4,0(a2) [f00417d0]
      1297 :    #1099 0 8000007a 00000591  a1=f00401a0 ; c.addi  a1,4
      1298 :    #1100 0 8000007c 00000611  a2=f00417d4 ; c.addi  a2,4
      1299 :    #1101 0 8000007e fea594e3              ; bne     a1,a0,0x80000066
      1300 :    #1102 0 80000066 00004198  a4=00000236 ; c.lw    a4,0(a1) [f00401a0]
      1301 :    #1103 0 80000068 000041dc  a5=000003d3 ; c.lw    a5,128(a1) [f0040220]
      1302 :    #1104 0 8000006a 00004594  a3=0000015e ; c.lw    a3,8(a1) [f00401a8]
      1303 :    #1105 0 8000006c 00f75c63              ; bge     a4,a5,0x80000084
      1304 :    #1106 0 80000070 02d7c063              ; blt     a5,a3,0x80000090
      1305 :    #1107 0 80000074 00e6dc63              ; bge     a3,a4,0x8000008c
      1306 :    #1108 0 80000078 0000c218              ; c.sw    a4,0(a2) [f00417d4]
      1307 :    #1109 0 8000007a 00000591  a1=f00401a4 ; c.addi  a1,4
      1308 :    #1110 0 8000007c 00000611  a2=f00417d8 ; c.addi  a2,4
      1309 :    #1111 0 8000007e fea594e3              ; bne     a1,a0,0x80000066
      1310 :    #1112 0 80000066 00004198  a4=000003d3 ; c.lw    a4,0(a1) [f00401a4]
      1311 :    #1113 0 80000068 000041dc  a5=0000015e ; c.lw    a5,128(a1) [f0040224]
      1312 :    #1114 0 8000006a 00004594  a3=000003e5 ; c.lw    a3,8(a1) [f00401ac]
      1313 :    #1115 0 8000006c 00f75c63              ; bge     a4,a5,0x80000084
      1314 :    #1116 0 80000084 fed74ae3              ; blt     a4,a3,0x80000078
      1316 :    #1117 0 80000078 0000c218              ; c.sw    a4,0(a2) [f00417d8]
      1317 :    #1118 0 8000007a 00000591  a1=f00401a8 ; c.addi  a1,4
      1318 :    #1119 0 8000007c 00000611  a2=f00417dc ; c.addi  a2,4
      1319 :    #1120 0 8000007e fea594e3              ; bne     a1,a0,0x80000066
      1320 :    #1121 0 80000066 00004198  a4=0000015e ; c.lw    a4,0(a1) [f00401a8]
      1321 :    #1122 0 80000068 000041dc  a5=000003e5 ; c.lw    a5,128(a1) [f0040228]
      1322 :    #1123 0 8000006a 00004594  a3=00000289 ; c.lw    a3,8(a1) [f00401b0]
      1323 :    #1124 0 8000006c 00f75c63              ; bge     a4,a5,0x80000084
      1324 :    #1125 0 80000070 02d7c063              ; blt     a5,a3,0x80000090
      1325 :    #1126 0 80000074 00e6dc63              ; bge     a3,a4,0x8000008c
      1326 :    #1127 0 8000008c 0000c214              ; c.sw    a3,0(a2) [f00417dc]
      1327 :    #1128 0 8000008e 0000b7f5              ; c.j     0x8000007a
      1328 :    #1129 0 8000007a 00000591  a1=f00401ac ; c.addi  a1,4
      1329 :    #1130 0 8000007c 00000611  a2=f00417e0 ; c.addi  a2,4
      1330 :    #1131 0 8000007e fea594e3              ; bne     a1,a0,0x80000066
      1331 :    #1132 0 80000066 00004198  a4=000003e5 ; c.lw    a4,0(a1) [f00401ac]
      1332 :    #1133 0 80000068 000041dc  a5=00000289 ; c.lw    a5,128(a1) [f004022c]
      1333 :    #1134 0 8000006a 00004594  a3=0000032e ; c.lw    a3,8(a1) [f00401b4]
      1334 :    #1135 0 8000006c 00f75c63              ; bge     a4,a5,0x80000084
      1335 :    #1136 0 80000084 fed74ae3              ; blt     a4,a3,0x80000078
      1337 :    #1137 0 80000088 00f6c463              ; blt     a3,a5,0x80000090
      1339 :    #1138 0 8000008c 0000c214              ; c.sw    a3,0(a2) [f00417e0]
      1340 :    #1139 0 8000008e 0000b7f5              ; c.j     0x8000007a
      1341 :    #1140 0 8000007a 00000591  a1=f00401b0 ; c.addi  a1,4
      1342 :    #1141 0 8000007c 00000611  a2=f00417e4 ; c.addi  a2,4
      1343 :    #1142 0 8000007e fea594e3              ; bne     a1,a0,0x80000066
      1344 :    #1143 0 80000066 00004198  a4=00000289 ; c.lw    a4,0(a1) [f00401b0]
      1345 :    #1144 0 80000068 000041dc  a5=0000032e ; c.lw    a5,128(a1) [f0040230]
      1346 :    #1145 0 8000006a 00004594  a3=00000291 ; c.lw    a3,8(a1) [f00401b8]
      1347 :    #1146 0 8000006c 00f75c63              ; bge     a4,a5,0x80000084
      1348 :    #1147 0 80000070 02d7c063              ; blt     a5,a3,0x80000090
      1349 :    #1148 0 80000074 00e6dc63              ; bge     a3,a4,0x8000008c
      1351 :    #1149 0 8000008c 0000c214              ; c.sw    a3,0(a2) [f00417e4]
      1352 :    #1150 0 8000008e 0000b7f5              ; c.j     0x8000007a
      1353 :    #1151 0 8000007a 00000591  a1=f00401b4 ; c.addi  a1,4
      1354 :    #1152 0 8000007c 00000611  a2=f00417e8 ; c.addi  a2,4
      1355 :    #1153 0 8000007e fea594e3              ; bne     a1,a0,0x80000066
      1356 :    #1154 0 80000066 00004198  a4=0000032e ; c.lw    a4,0(a1) [f00401b4]
      1357 :    #1155 0 80000068 000041dc  a5=00000291 ; c.lw    a5,128(a1) [f0040234]
      1358 :    #1156 0 8000006a 00004594  a3=0000004f ; c.lw    a3,8(a1) [f00401bc]
      1359 :    #1157 0 8000006c 00f75c63              ; bge     a4,a5,0x80000084
      1361 :    #1158 0 80000084 fed74ae3              ; blt     a4,a3,0x80000078
      1362 :    #1159 0 80000088 00f6c463              ; blt     a3,a5,0x80000090
      1364 :    #1160 0 80000090 0000c21c              ; c.sw    a5,0(a2) [f00417e8]
      1365 :    #1161 0 80000092 0000b7e5              ; c.j     0x8000007a
      1366 :    #1162 0 8000007a 00000591  a1=f00401b8 ; c.addi  a1,4
      1367 :    #1163 0 8000007c 00000611  a2=f00417ec ; c.addi  a2,4
      1368 :    #1164 0 8000007e fea594e3              ; bne     a1,a0,0x80000066
      1369 :    #1165 0 80000066 00004198  a4=00000291 ; c.lw    a4,0(a1) [f00401b8]
      1370 :    #1166 0 80000068 000041dc  a5=0000004f ; c.lw    a5,128(a1) [f0040238]
      1371 :    #1167 0 8000006a 00004594  a3=000000b5 ; c.lw    a3,8(a1) [f00401c0]
      1372 :    #1168 0 8000006c 00f75c63              ; bge     a4,a5,0x80000084
      1373 :    #1169 0 80000084 fed74ae3              ; blt     a4,a3,0x80000078
      1375 :    #1170 0 80000088 00f6c463              ; blt     a3,a5,0x80000090
      1376 :    #1171 0 8000008c 0000c214              ; c.sw    a3,0(a2) [f00417ec]
      1377 :    #1172 0 8000008e 0000b7f5              ; c.j     0x8000007a
      1378 :    #1173 0 8000007a 00000591  a1=f00401bc ; c.addi  a1,4
      1379 :    #1174 0 8000007c 00000611  a2=f00417f0 ; c.addi  a2,4
      1380 :    #1175 0 8000007e fea594e3              ; bne     a1,a0,0x80000066
      1381 :    #1176 0 80000066 00004198  a4=0000004f ; c.lw    a4,0(a1) [f00401bc]
      1382 :    #1177 0 80000068 000041dc  a5=000000b5 ; c.lw    a5,128(a1) [f004023c]
      1383 :    #1178 0 8000006a 00004594  a3=000000d0 ; c.lw    a3,8(a1) [f00401c4]
      1384 :    #1179 0 8000006c 00f75c63              ; bge     a4,a5,0x80000084
      1386 :    #1180 0 80000070 02d7c063              ; blt     a5,a3,0x80000090
      1388 :    #1181 0 80000090 0000c21c              ; c.sw    a5,0(a2) [f00417f0]
      1389 :    #1182 0 80000092 0000b7e5              ; c.j     0x8000007a
      1390 :    #1183 0 8000007a 00000591  a1=f00401c0 ; c.addi  a1,4
      1391 :    #1184 0 8000007c 00000611  a2=f00417f4 ; c.addi  a2,4
      1392 :    #1185 0 8000007e fea594e3              ; bne     a1,a0,0x80000066
      1393 :    #1186 0 80000066 00004198  a4=000000b5 ; c.lw    a4,0(a1) [f00401c0]
      1394 :    #1187 0 80000068 000041dc  a5=000000d0 ; c.lw    a5,128(a1) [f0040240]
      1395 :    #1188 0 8000006a 00004594  a3=0000006f ; c.lw    a3,8(a1) [f00401c8]
      1396 :    #1189 0 8000006c 00f75c63              ; bge     a4,a5,0x80000084
      1397 :    #1190 0 80000070 02d7c063              ; blt     a5,a3,0x80000090
      1399 :    #1191 0 80000074 00e6dc63              ; bge     a3,a4,0x8000008c
      1401 :    #1192 0 80000078 0000c218              ; c.sw    a4,0(a2) [f00417f4]
      1402 :    #1193 0 8000007a 00000591  a1=f00401c4 ; c.addi  a1,4
      1403 :    #1194 0 8000007c 00000611  a2=f00417f8 ; c.addi  a2,4
      1404 :    #1195 0 8000007e fea594e3              ; bne     a1,a0,0x80000066
      1405 :    #1196 0 80000066 00004198  a4=000000d0 ; c.lw    a4,0(a1) [f00401c4]
      1406 :    #1197 0 80000068 000041dc  a5=0000006f ; c.lw    a5,128(a1) [f0040244]
      1407 :    #1198 0 8000006a 00004594  a3=000003e6 ; c.lw    a3,8(a1) [f00401cc]
      1408 :    #1199 0 8000006c 00f75c63              ; bge     a4,a5,0x80000084
      1409 :    #1200 0 80000084 fed74ae3              ; blt     a4,a3,0x80000078
      1410 :    #1201 0 80000078 0000c218              ; c.sw    a4,0(a2) [f00417f8]
      1411 :    #1202 0 8000007a 00000591  a1=f00401c8 ; c.addi  a1,4
      1412 :    #1203 0 8000007c 00000611  a2=f00417fc ; c.addi  a2,4
      1413 :    #1204 0 8000007e fea594e3              ; bne     a1,a0,0x80000066
      1414 :    #1205 0 80000066 00004198  a4=0000006f ; c.lw    a4,0(a1) [f00401c8]
      1415 :    #1206 0 80000068 000041dc  a5=000003e6 ; c.lw    a5,128(a1) [f0040248]
      1416 :    #1207 0 8000006a 00004594  a3=0000035b ; c.lw    a3,8(a1) [f00401d0]
      1417 :    #1208 0 8000006c 00f75c63              ; bge     a4,a5,0x80000084
      1418 :    #1209 0 80000070 02d7c063              ; blt     a5,a3,0x80000090
      1419 :    #1210 0 80000074 00e6dc63              ; bge     a3,a4,0x8000008c
      1420 :    #1211 0 8000008c 0000c214              ; c.sw    a3,0(a2) [f00417fc]
      1421 :    #1212 0 8000008e 0000b7f5              ; c.j     0x8000007a
      1422 :    #1213 0 8000007a 00000591  a1=f00401cc ; c.addi  a1,4
      1423 :    #1214 0 8000007c 00000611  a2=f0041800 ; c.addi  a2,4
      1424 :    #1215 0 8000007e fea594e3              ; bne     a1,a0,0x80000066
      1425 :    #1216 0 80000066 00004198  a4=000003e6 ; c.lw    a4,0(a1) [f00401cc]
      1426 :    #1217 0 80000068 000041dc  a5=0000035b ; c.lw    a5,128(a1) [f004024c]
      1427 :    #1218 0 8000006a 00004594  a3=00000275 ; c.lw    a3,8(a1) [f00401d4]
      1428 :    #1219 0 8000006c 00f75c63              ; bge     a4,a5,0x80000084
      1429 :    #1220 0 80000084 fed74ae3              ; blt     a4,a3,0x80000078
      1430 :    #1221 0 80000088 00f6c463              ; blt     a3,a5,0x80000090
      1431 :    #1222 0 80000090 0000c21c              ; c.sw    a5,0(a2) [f0041800]
      1432 :    #1223 0 80000092 0000b7e5              ; c.j     0x8000007a
      1433 :    #1224 0 8000007a 00000591  a1=f00401d0 ; c.addi  a1,4
      1434 :    #1225 0 8000007c 00000611  a2=f0041804 ; c.addi  a2,4
      1435 :    #1226 0 8000007e fea594e3              ; bne     a1,a0,0x80000066
      1437 :    #1227 0 80000066 00004198  a4=0000035b ; c.lw    a4,0(a1) [f00401d0]
      1438 :    #1228 0 80000068 000041dc  a5=00000275 ; c.lw    a5,128(a1) [f0040250]
      1439 :    #1229 0 8000006a 00004594  a3=00000041 ; c.lw    a3,8(a1) [f00401d8]
      1440 :    #1230 0 8000006c 00f75c63              ; bge     a4,a5,0x80000084
      1441 :    #1231 0 80000084 fed74ae3              ; blt     a4,a3,0x80000078
      1442 :    #1232 0 80000088 00f6c463              ; blt     a3,a5,0x80000090
      1443 :    #1233 0 80000090 0000c21c              ; c.sw    a5,0(a2) [f0041804]
      1444 :    #1234 0 80000092 0000b7e5              ; c.j     0x8000007a
      1445 :    #1235 0 8000007a 00000591  a1=f00401d4 ; c.addi  a1,4
      1446 :    #1236 0 8000007c 00000611  a2=f0041808 ; c.addi  a2,4
      1447 :    #1237 0 8000007e fea594e3              ; bne     a1,a0,0x80000066
      1448 :    #1238 0 80000066 00004198  a4=00000275 ; c.lw    a4,0(a1) [f00401d4]
      1449 :    #1239 0 80000068 000041dc  a5=00000041 ; c.lw    a5,128(a1) [f0040254]
      1450 :    #1240 0 8000006a 00004594  a3=0000034f ; c.lw    a3,8(a1) [f00401dc]
      1451 :    #1241 0 8000006c 00f75c63              ; bge     a4,a5,0x80000084
      1452 :    #1242 0 80000084 fed74ae3              ; blt     a4,a3,0x80000078
      1454 :    #1243 0 80000078 0000c218              ; c.sw    a4,0(a2) [f0041808]
      1455 :    #1244 0 8000007a 00000591  a1=f00401d8 ; c.addi  a1,4
      1456 :    #1245 0 8000007c 00000611  a2=f004180c ; c.addi  a2,4
      1457 :    #1246 0 8000007e fea594e3              ; bne     a1,a0,0x80000066
      1458 :    #1247 0 80000066 00004198  a4=00000041 ; c.lw    a4,0(a1) [f00401d8]
      1459 :    #1248 0 80000068 000041dc  a5=0000034f ; c.lw    a5,128(a1) [f0040258]
      1460 :    #1249 0 8000006a 00004594  a3=00000120 ; c.lw    a3,8(a1) [f00401e0]
      1461 :    #1250 0 8000006c 00f75c63              ; bge     a4,a5,0x80000084
      1462 :    #1251 0 80000070 02d7c063              ; blt     a5,a3,0x80000090
      1463 :    #1252 0 80000074 00e6dc63              ; bge     a3,a4,0x8000008c
      1465 :    #1253 0 8000008c 0000c214              ; c.sw    a3,0(a2) [f004180c]
      1466 :    #1254 0 8000008e 0000b7f5              ; c.j     0x8000007a
      1467 :    #1255 0 8000007a 00000591  a1=f00401dc ; c.addi  a1,4
      1468 :    #1256 0 8000007c 00000611  a2=f0041810 ; c.addi  a2,4
      1469 :    #1257 0 8000007e fea594e3              ; bne     a1,a0,0x80000066
      1470 :    #1258 0 80000066 00004198  a4=0000034f ; c.lw    a4,0(a1) [f00401dc]
      1471 :    #1259 0 80000068 000041dc  a5=00000120 ; c.lw    a5,128(a1) [f004025c]
      1472 :    #1260 0 8000006a 00004594  a3=000002c0 ; c.lw    a3,8(a1) [f00401e4]
      1473 :    #1261 0 8000006c 00f75c63              ; bge     a4,a5,0x80000084
      1475 :    #1262 0 80000084 fed74ae3              ; blt     a4,a3,0x80000078
      1477 :    #1263 0 80000088 00f6c463              ; blt     a3,a5,0x80000090
      1478 :    #1264 0 8000008c 0000c214              ; c.sw    a3,0(a2) [f0041810]
      1479 :    #1265 0 8000008e 0000b7f5              ; c.j     0x8000007a
      1480 :    #1266 0 8000007a 00000591  a1=f00401e0 ; c.addi  a1,4
      1481 :    #1267 0 8000007c 00000611  a2=f0041814 ; c.addi  a2,4
      1482 :    #1268 0 8000007e fea594e3              ; bne     a1,a0,0x80000066
      1483 :    #1269 0 80000066 00004198  a4=00000120 ; c.lw    a4,0(a1) [f00401e0]
      1484 :    #1270 0 80000068 000041dc  a5=000002c0 ; c.lw    a5,128(a1) [f0040260]
      1485 :    #1271 0 8000006a 00004594  a3=0000015d ; c.lw    a3,8(a1) [f00401e8]
      1486 :    #1272 0 8000006c 00f75c63              ; bge     a4,a5,0x80000084
      1488 :    #1273 0 80000070 02d7c063              ; blt     a5,a3,0x80000090
      1490 :    #1274 0 80000074 00e6dc63              ; bge     a3,a4,0x8000008c
      1491 :    #1275 0 8000008c 0000c214              ; c.sw    a3,0(a2) [f0041814]
      1492 :    #1276 0 8000008e 0000b7f5              ; c.j     0x8000007a
      1493 :    #1277 0 8000007a 00000591  a1=f00401e4 ; c.addi  a1,4
      1494 :    #1278 0 8000007c 00000611  a2=f0041818 ; c.addi  a2,4
      1495 :    #1279 0 8000007e fea594e3              ; bne     a1,a0,0x80000066
      1496 :    #1280 0 80000066 00004198  a4=000002c0 ; c.lw    a4,0(a1) [f00401e4]
      1497 :    #1281 0 80000068 000041dc  a5=0000015d ; c.lw    a5,128(a1) [f0040264]
      1498 :    #1282 0 8000006a 00004594  a3=000003e5 ; c.lw    a3,8(a1) [f00401ec]
      1499 :    #1283 0 8000006c 00f75c63              ; bge     a4,a5,0x80000084
      1501 :    #1284 0 80000084 fed74ae3              ; blt     a4,a3,0x80000078
      1503 :    #1285 0 80000078 0000c218              ; c.sw    a4,0(a2) [f0041818]
      1504 :    #1286 0 8000007a 00000591  a1=f00401e8 ; c.addi  a1,4
      1505 :    #1287 0 8000007c 00000611  a2=f004181c ; c.addi  a2,4
      1506 :    #1288 0 8000007e fea594e3              ; bne     a1,a0,0x80000066
      1507 :    #1289 0 80000066 00004198  a4=0000015d ; c.lw    a4,0(a1) [f00401e8]
      1508 :    #1290 0 80000068 000041dc  a5=000003e5 ; c.lw    a5,128(a1) [f0040268]
      1509 :    #1291 0 8000006a 00004594  a3=0000008d ; c.lw    a3,8(a1) [f00401f0]
      1510 :    #1292 0 8000006c 00f75c63              ; bge     a4,a5,0x80000084
      1511 :    #1293 0 80000070 02d7c063              ; blt     a5,a3,0x80000090
      1512 :    #1294 0 80000074 00e6dc63              ; bge     a3,a4,0x8000008c
      1513 :    #1295 0 80000078 0000c218              ; c.sw    a4,0(a2) [f004181c]
      1514 :    #1296 0 8000007a 00000591  a1=f00401ec ; c.addi  a1,4
      1515 :    #1297 0 8000007c 00000611  a2=f0041820 ; c.addi  a2,4
      1516 :    #1298 0 8000007e fea594e3              ; bne     a1,a0,0x80000066
      1517 :    #1299 0 80000066 00004198  a4=000003e5 ; c.lw    a4,0(a1) [f00401ec]
      1518 :    #1300 0 80000068 000041dc  a5=0000008d ; c.lw    a5,128(a1) [f004026c]
      1519 :    #1301 0 8000006a 00004594  a3=000000fd ; c.lw    a3,8(a1) [f00401f4]
      1520 :    #1302 0 8000006c 00f75c63              ; bge     a4,a5,0x80000084
      1521 :    #1303 0 80000084 fed74ae3              ; blt     a4,a3,0x80000078
      1523 :    #1304 0 80000088 00f6c463              ; blt     a3,a5,0x80000090
      1525 :    #1305 0 8000008c 0000c214              ; c.sw    a3,0(a2) [f0041820]
      1526 :    #1306 0 8000008e 0000b7f5              ; c.j     0x8000007a
      1527 :    #1307 0 8000007a 00000591  a1=f00401f0 ; c.addi  a1,4
      1528 :    #1308 0 8000007c 00000611  a2=f0041824 ; c.addi  a2,4
      1529 :    #1309 0 8000007e fea594e3              ; bne     a1,a0,0x80000066
      1530 :    #1310 0 80000066 00004198  a4=0000008d ; c.lw    a4,0(a1) [f00401f0]
      1531 :    #1311 0 80000068 000041dc  a5=000000fd ; c.lw    a5,128(a1) [f0040270]
      1532 :    #1312 0 8000006a 00004594  a3=00000389 ; c.lw    a3,8(a1) [f00401f8]
      1533 :    #1313 0 8000006c 00f75c63              ; bge     a4,a5,0x80000084
      1534 :    #1314 0 80000070 02d7c063              ; blt     a5,a3,0x80000090
      1536 :    #1315 0 80000090 0000c21c              ; c.sw    a5,0(a2) [f0041824]
      1537 :    #1316 0 80000092 0000b7e5              ; c.j     0x8000007a
      1538 :    #1317 0 8000007a 00000591  a1=f00401f4 ; c.addi  a1,4
      1539 :    #1318 0 8000007c 00000611  a2=f0041828 ; c.addi  a2,4
      1540 :    #1319 0 8000007e fea594e3              ; bne     a1,a0,0x80000066
      1541 :    #1320 0 80000066 00004198  a4=000000fd ; c.lw    a4,0(a1) [f00401f4]
      1542 :    #1321 0 80000068 000041dc  a5=00000389 ; c.lw    a5,128(a1) [f0040274]
      1543 :    #1322 0 8000006a 00004594  a3=000002cb ; c.lw    a3,8(a1) [f00401fc]
      1544 :    #1323 0 8000006c 00f75c63              ; bge     a4,a5,0x80000084
      1545 :    #1324 0 80000070 02d7c063              ; blt     a5,a3,0x80000090
      1547 :    #1325 0 80000074 00e6dc63              ; bge     a3,a4,0x8000008c
      1549 :    #1326 0 8000008c 0000c214              ; c.sw    a3,0(a2) [f0041828]
      1550 :    #1327 0 8000008e 0000b7f5              ; c.j     0x8000007a
      1551 :    #1328 0 8000007a 00000591  a1=f00401f8 ; c.addi  a1,4
      1552 :    #1329 0 8000007c 00000611  a2=f004182c ; c.addi  a2,4
      1553 :    #1330 0 8000007e fea594e3              ; bne     a1,a0,0x80000066
      1554 :    #1331 0 80000066 00004198  a4=00000389 ; c.lw    a4,0(a1) [f00401f8]
      1555 :    #1332 0 80000068 000041dc  a5=000002cb ; c.lw    a5,128(a1) [f0040278]
      1556 :    #1333 0 8000006a 00004594  a3=00000376 ; c.lw    a3,8(a1) [f0040200]
      1557 :    #1334 0 8000006c 00f75c63              ; bge     a4,a5,0x80000084
      1558 :    #1335 0 80000084 fed74ae3              ; blt     a4,a3,0x80000078
      1559 :    #1336 0 80000088 00f6c463              ; blt     a3,a5,0x80000090
      1561 :    #1337 0 8000008c 0000c214              ; c.sw    a3,0(a2) [f004182c]
      1562 :    #1338 0 8000008e 0000b7f5              ; c.j     0x8000007a
      1563 :    #1339 0 8000007a 00000591  a1=f00401fc ; c.addi  a1,4
      1564 :    #1340 0 8000007c 00000611  a2=f0041830 ; c.addi  a2,4
      1565 :    #1341 0 8000007e fea594e3              ; bne     a1,a0,0x80000066
      1566 :    #1342 0 80000066 00004198  a4=000002cb ; c.lw    a4,0(a1) [f00401fc]
      1567 :    #1343 0 80000068 000041dc  a5=00000376 ; c.lw    a5,128(a1) [f004027c]
      1568 :    #1344 0 8000006a 00004594  a3=000001ae ; c.lw    a3,8(a1) [f0040204]
      1569 :    #1345 0 8000006c 00f75c63              ; bge     a4,a5,0x80000084
      1570 :    #1346 0 80000070 02d7c063              ; blt     a5,a3,0x80000090
      1571 :    #1347 0 80000074 00e6dc63              ; bge     a3,a4,0x8000008c
      1573 :    #1348 0 80000078 0000c218              ; c.sw    a4,0(a2) [f0041830]
      1574 :    #1349 0 8000007a 00000591  a1=f0040200 ; c.addi  a1,4
      1575 :    #1350 0 8000007c 00000611  a2=f0041834 ; c.addi  a2,4
      1576 :    #1351 0 8000007e fea594e3              ; bne     a1,a0,0x80000066
      1577 :    #1352 0 80000066 00004198  a4=00000376 ; c.lw    a4,0(a1) [f0040200]
      1578 :    #1353 0 80000068 000041dc  a5=000001ae ; c.lw    a5,128(a1) [f0040280]
      1579 :    #1354 0 8000006a 00004594  a3=00000108 ; c.lw    a3,8(a1) [f0040208]
      1580 :    #1355 0 8000006c 00f75c63              ; bge     a4,a5,0x80000084
      1582 :    #1356 0 80000084 fed74ae3              ; blt     a4,a3,0x80000078
      1584 :    #1357 0 80000088 00f6c463              ; blt     a3,a5,0x80000090
      1586 :    #1358 0 80000090 0000c21c              ; c.sw    a5,0(a2) [f0041834]
      1587 :    #1359 0 80000092 0000b7e5              ; c.j     0x8000007a
      1588 :    #1360 0 8000007a 00000591  a1=f0040204 ; c.addi  a1,4
      1589 :    #1361 0 8000007c 00000611  a2=f0041838 ; c.addi  a2,4
      1590 :    #1362 0 8000007e fea594e3              ; bne     a1,a0,0x80000066
      1591 :    #1363 0 80000066 00004198  a4=000001ae ; c.lw    a4,0(a1) [f0040204]
      1592 :    #1364 0 80000068 000041dc  a5=00000108 ; c.lw    a5,128(a1) [f0040284]
      1593 :    #1365 0 8000006a 00004594  a3=0000019f ; c.lw    a3,8(a1) [f004020c]
      1594 :    #1366 0 8000006c 00f75c63              ; bge     a4,a5,0x80000084
      1595 :    #1367 0 80000084 fed74ae3              ; blt     a4,a3,0x80000078
      1597 :    #1368 0 80000088 00f6c463              ; blt     a3,a5,0x80000090
      1599 :    #1369 0 8000008c 0000c214              ; c.sw    a3,0(a2) [f0041838]
      1600 :    #1370 0 8000008e 0000b7f5              ; c.j     0x8000007a
      1601 :    #1371 0 8000007a 00000591  a1=f0040208 ; c.addi  a1,4
      1602 :    #1372 0 8000007c 00000611  a2=f004183c ; c.addi  a2,4
      1603 :    #1373 0 8000007e fea594e3              ; bne     a1,a0,0x80000066
      1604 :    #1374 0 80000066 00004198  a4=00000108 ; c.lw    a4,0(a1) [f0040208]
      1605 :    #1375 0 80000068 000041dc  a5=0000019f ; c.lw    a5,128(a1) [f0040288]
      1606 :    #1376 0 8000006a 00004594  a3=00000240 ; c.lw    a3,8(a1) [f0040210]
      1607 :    #1377 0 8000006c 00f75c63              ; bge     a4,a5,0x80000084
      1608 :    #1378 0 80000070 02d7c063              ; blt     a5,a3,0x80000090
      1610 :    #1379 0 80000090 0000c21c              ; c.sw    a5,0(a2) [f004183c]
      1611 :    #1380 0 80000092 0000b7e5              ; c.j     0x8000007a
      1612 :    #1381 0 8000007a 00000591  a1=f004020c ; c.addi  a1,4
      1613 :    #1382 0 8000007c 00000611  a2=f0041840 ; c.addi  a2,4
      1614 :    #1383 0 8000007e fea594e3              ; bne     a1,a0,0x80000066
      1615 :    #1384 0 80000066 00004198  a4=0000019f ; c.lw    a4,0(a1) [f004020c]
      1616 :    #1385 0 80000068 000041dc  a5=00000240 ; c.lw    a5,128(a1) [f004028c]
      1617 :    #1386 0 8000006a 00004594  a3=0000021a ; c.lw    a3,8(a1) [f0040214]
      1618 :    #1387 0 8000006c 00f75c63              ; bge     a4,a5,0x80000084
      1619 :    #1388 0 80000070 02d7c063              ; blt     a5,a3,0x80000090
      1621 :    #1389 0 80000074 00e6dc63              ; bge     a3,a4,0x8000008c
      1622 :    #1390 0 8000008c 0000c214              ; c.sw    a3,0(a2) [f0041840]
      1623 :    #1391 0 8000008e 0000b7f5              ; c.j     0x8000007a
      1624 :    #1392 0 8000007a 00000591  a1=f0040210 ; c.addi  a1,4
      1625 :    #1393 0 8000007c 00000611  a2=f0041844 ; c.addi  a2,4
      1626 :    #1394 0 8000007e fea594e3              ; bne     a1,a0,0x80000066
      1627 :    #1395 0 80000066 00004198  a4=00000240 ; c.lw    a4,0(a1) [f0040210]
      1628 :    #1396 0 80000068 000041dc  a5=0000021a ; c.lw    a5,128(a1) [f0040290]
      1629 :    #1397 0 8000006a 00004594  a3=000003d3 ; c.lw    a3,8(a1) [f0040218]
      1630 :    #1398 0 8000006c 00f75c63              ; bge     a4,a5,0x80000084
      1631 :    #1399 0 80000084 fed74ae3              ; blt     a4,a3,0x80000078
      1633 :    #1400 0 80000078 0000c218              ; c.sw    a4,0(a2) [f0041844]
      1634 :    #1401 0 8000007a 00000591  a1=f0040214 ; c.addi  a1,4
      1635 :    #1402 0 8000007c 00000611  a2=f0041848 ; c.addi  a2,4
      1636 :    #1403 0 8000007e fea594e3              ; bne     a1,a0,0x80000066
      1637 :    #1404 0 80000066 00004198  a4=0000021a ; c.lw    a4,0(a1) [f0040214]
      1638 :    #1405 0 80000068 000041dc  a5=000003d3 ; c.lw    a5,128(a1) [f0040294]
      1639 :    #1406 0 8000006a 00004594  a3=000002bc ; c.lw    a3,8(a1) [f004021c]
      1640 :    #1407 0 8000006c 00f75c63              ; bge     a4,a5,0x80000084
      1641 :    #1408 0 80000070 02d7c063              ; blt     a5,a3,0x80000090
      1642 :    #1409 0 80000074 00e6dc63              ; bge     a3,a4,0x8000008c
      1644 :    #1410 0 8000008c 0000c214              ; c.sw    a3,0(a2) [f0041848]
      1645 :    #1411 0 8000008e 0000b7f5              ; c.j     0x8000007a
      1646 :    #1412 0 8000007a 00000591  a1=f0040218 ; c.addi  a1,4
      1647 :    #1413 0 8000007c 00000611  a2=f004184c ; c.addi  a2,4
      1648 :    #1414 0 8000007e fea594e3              ; bne     a1,a0,0x80000066
      1649 :    #1415 0 80000066 00004198  a4=000003d3 ; c.lw    a4,0(a1) [f0040218]
      1650 :    #1416 0 80000068 000041dc  a5=000002bc ; c.lw    a5,128(a1) [f0040298]
      1651 :    #1417 0 8000006a 00004594  a3=000002f9 ; c.lw    a3,8(a1) [f0040220]
      1652 :    #1418 0 8000006c 00f75c63              ; bge     a4,a5,0x80000084
      1654 :    #1419 0 80000084 fed74ae3              ; blt     a4,a3,0x80000078
      1655 :    #1420 0 80000088 00f6c463              ; blt     a3,a5,0x80000090
      1656 :    #1421 0 8000008c 0000c214              ; c.sw    a3,0(a2) [f004184c]
      1657 :    #1422 0 8000008e 0000b7f5              ; c.j     0x8000007a
      1658 :    #1423 0 8000007a 00000591  a1=f004021c ; c.addi  a1,4
      1659 :    #1424 0 8000007c 00000611  a2=f0041850 ; c.addi  a2,4
      1660 :    #1425 0 8000007e fea594e3              ; bne     a1,a0,0x80000066
      1661 :    #1426 0 80000066 00004198  a4=000002bc ; c.lw    a4,0(a1) [f004021c]
      1662 :    #1427 0 80000068 000041dc  a5=000002f9 ; c.lw    a5,128(a1) [f004029c]
      1663 :    #1428 0 8000006a 00004594  a3=00000004 ; c.lw    a3,8(a1) [f0040224]
      1664 :    #1429 0 8000006c 00f75c63              ; bge     a4,a5,0x80000084
      1665 :    #1430 0 80000070 02d7c063              ; blt     a5,a3,0x80000090
      1667 :    #1431 0 80000074 00e6dc63              ; bge     a3,a4,0x8000008c
      1669 :    #1432 0 80000078 0000c218              ; c.sw    a4,0(a2) [f0041850]
      1670 :    #1433 0 8000007a 00000591  a1=f0040220 ; c.addi  a1,4
      1671 :    #1434 0 8000007c 00000611  a2=f0041854 ; c.addi  a2,4
      1672 :    #1435 0 8000007e fea594e3              ; bne     a1,a0,0x80000066
      1673 :    #1436 0 80000066 00004198  a4=000002f9 ; c.lw    a4,0(a1) [f0040220]
      1674 :    #1437 0 80000068 000041dc  a5=00000004 ; c.lw    a5,128(a1) [f00402a0]
      1675 :    #1438 0 8000006a 00004594  a3=000000f1 ; c.lw    a3,8(a1) [f0040228]
      1676 :    #1439 0 8000006c 00f75c63              ; bge     a4,a5,0x80000084
      1678 :    #1440 0 80000084 fed74ae3              ; blt     a4,a3,0x80000078
      1680 :    #1441 0 80000088 00f6c463              ; blt     a3,a5,0x80000090
      1681 :    #1442 0 8000008c 0000c214              ; c.sw    a3,0(a2) [f0041854]
      1682 :    #1443 0 8000008e 0000b7f5              ; c.j     0x8000007a
      1683 :    #1444 0 8000007a 00000591  a1=f0040224 ; c.addi  a1,4
      1684 :    #1445 0 8000007c 00000611  a2=f0041858 ; c.addi  a2,4
      1685 :    #1446 0 8000007e fea594e3              ; bne     a1,a0,0x80000066
      1686 :    #1447 0 80000066 00004198  a4=00000004 ; c.lw    a4,0(a1) [f0040224]
      1687 :    #1448 0 80000068 000041dc  a5=000000f1 ; c.lw    a5,128(a1) [f00402a4]
      1688 :    #1449 0 8000006a 00004594  a3=000001ee ; c.lw    a3,8(a1) [f004022c]
      1689 :    #1450 0 8000006c 00f75c63              ; bge     a4,a5,0x80000084
      1691 :    #1451 0 80000070 02d7c063              ; blt     a5,a3,0x80000090
      1693 :    #1452 0 80000090 0000c21c              ; c.sw    a5,0(a2) [f0041858]
      1694 :    #1453 0 80000092 0000b7e5              ; c.j     0x8000007a
      1695 :    #1454 0 8000007a 00000591  a1=f0040228 ; c.addi  a1,4
      1696 :    #1455 0 8000007c 00000611  a2=f004185c ; c.addi  a2,4
      1697 :    #1456 0 8000007e fea594e3              ; bne     a1,a0,0x80000066
      1698 :    #1457 0 80000066 00004198  a4=000000f1 ; c.lw    a4,0(a1) [f0040228]
      1699 :    #1458 0 80000068 000041dc  a5=000001ee ; c.lw    a5,128(a1) [f00402a8]
      1700 :    #1459 0 8000006a 00004594  a3=000001de ; c.lw    a3,8(a1) [f0040230]
      1701 :    #1460 0 8000006c 00f75c63              ; bge     a4,a5,0x80000084
      1702 :    #1461 0 80000070 02d7c063              ; blt     a5,a3,0x80000090
      1704 :    #1462 0 80000074 00e6dc63              ; bge     a3,a4,0x8000008c
      1705 :    #1463 0 8000008c 0000c214              ; c.sw    a3,0(a2) [f004185c]
      1706 :    #1464 0 8000008e 0000b7f5              ; c.j     0x8000007a
      1707 :    #1465 0 8000007a 00000591  a1=f004022c ; c.addi  a1,4
      1708 :    #1466 0 8000007c 00000611  a2=f0041860 ; c.addi  a2,4
      1709 :    #1467 0 8000007e fea594e3              ; bne     a1,a0,0x80000066
      1710 :    #1468 0 80000066 00004198  a4=000001ee ; c.lw    a4,0(a1) [f004022c]
      1711 :    #1469 0 80000068 000041dc  a5=000001de ; c.lw    a5,128(a1) [f00402ac]
      1712 :    #1470 0 8000006a 00004594  a3=00000064 ; c.lw    a3,8(a1) [f0040234]
      1713 :    #1471 0 8000006c 00f75c63              ; bge     a4,a5,0x80000084
      1714 :    #1472 0 80000084 fed74ae3              ; blt     a4,a3,0x80000078
      1715 :    #1473 0 80000088 00f6c463              ; blt     a3,a5,0x80000090
      1717 :    #1474 0 80000090 0000c21c              ; c.sw    a5,0(a2) [f0041860]
      1718 :    #1475 0 80000092 0000b7e5              ; c.j     0x8000007a
      1719 :    #1476 0 8000007a 00000591  a1=f0040230 ; c.addi  a1,4
      1720 :    #1477 0 8000007c 00000611  a2=f0041864 ; c.addi  a2,4
      1721 :    #1478 0 8000007e fea594e3              ; bne     a1,a0,0x80000066
      1722 :    #1479 0 80000066 00004198  a4=000001de ; c.lw    a4,0(a1) [f0040230]
      1723 :    #1480 0 80000068 000041dc  a5=00000064 ; c.lw    a5,128(a1) [f00402b0]
      1724 :    #1481 0 8000006a 00004594  a3=000001f3 ; c.lw    a3,8(a1) [f0040238]
      1725 :    #1482 0 8000006c 00f75c63              ; bge     a4,a5,0x80000084
      1727 :    #1483 0 80000084 fed74ae3              ; blt     a4,a3,0x80000078
      1728 :    #1484 0 80000078 0000c218              ; c.sw    a4,0(a2) [f0041864]
      1729 :    #1485 0 8000007a 00000591  a1=f0040234 ; c.addi  a1,4
      1730 :    #1486 0 8000007c 00000611  a2=f0041868 ; c.addi  a2,4
      1731 :    #1487 0 8000007e fea594e3              ; bne     a1,a0,0x80000066
      1732 :    #1488 0 80000066 00004198  a4=00000064 ; c.lw    a4,0(a1) [f0040234]
      1733 :    #1489 0 80000068 000041dc  a5=000001f3 ; c.lw    a5,128(a1) [f00402b4]
      1734 :    #1490 0 8000006a 00004594  a3=00000360 ; c.lw    a3,8(a1) [f004023c]
      1735 :    #1491 0 8000006c 00f75c63              ; bge     a4,a5,0x80000084
      1736 :    #1492 0 80000070 02d7c063              ; blt     a5,a3,0x80000090
      1738 :    #1493 0 80000090 0000c21c              ; c.sw    a5,0(a2) [f0041868]
      1739 :    #1494 0 80000092 0000b7e5              ; c.j     0x8000007a
      1740 :    #1495 0 8000007a 00000591  a1=f0040238 ; c.addi  a1,4
      1741 :    #1496 0 8000007c 00000611  a2=f004186c ; c.addi  a2,4
      1742 :    #1497 0 8000007e fea594e3              ; bne     a1,a0,0x80000066
      1743 :    #1498 0 80000066 00004198  a4=000001f3 ; c.lw    a4,0(a1) [f0040238]
      1744 :    #1499 0 80000068 000041dc  a5=00000360 ; c.lw    a5,128(a1) [f00402b8]
      1745 :    #1500 0 8000006a 00004594  a3=00000193 ; c.lw    a3,8(a1) [f0040240]
      1746 :    #1501 0 8000006c 00f75c63              ; bge     a4,a5,0x80000084
      1747 :    #1502 0 80000070 02d7c063              ; blt     a5,a3,0x80000090
      1749 :    #1503 0 80000074 00e6dc63              ; bge     a3,a4,0x8000008c
      1750 :    #1504 0 80000078 0000c218              ; c.sw    a4,0(a2) [f004186c]
      1751 :    #1505 0 8000007a 00000591  a1=f004023c ; c.addi  a1,4
      1752 :    #1506 0 8000007c 00000611  a2=f0041870 ; c.addi  a2,4
      1753 :    #1507 0 8000007e fea594e3              ; bne     a1,a0,0x80000066
      1754 :    #1508 0 80000066 00004198  a4=00000360 ; c.lw    a4,0(a1) [f004023c]
      1755 :    #1509 0 80000068 000041dc  a5=00000193 ; c.lw    a5,128(a1) [f00402bc]
      1756 :    #1510 0 8000006a 00004594  a3=000002b5 ; c.lw    a3,8(a1) [f0040244]
      1757 :    #1511 0 8000006c 00f75c63              ; bge     a4,a5,0x80000084
      1759 :    #1512 0 80000084 fed74ae3              ; blt     a4,a3,0x80000078
      1761 :    #1513 0 80000088 00f6c463              ; blt     a3,a5,0x80000090
      1763 :    #1514 0 8000008c 0000c214              ; c.sw    a3,0(a2) [f0041870]
      1764 :    #1515 0 8000008e 0000b7f5              ; c.j     0x8000007a
      1765 :    #1516 0 8000007a 00000591  a1=f0040240 ; c.addi  a1,4
      1766 :    #1517 0 8000007c 00000611  a2=f0041874 ; c.addi  a2,4
      1767 :    #1518 0 8000007e fea594e3              ; bne     a1,a0,0x80000066
      1768 :    #1519 0 80000066 00004198  a4=00000193 ; c.lw    a4,0(a1) [f0040240]
      1769 :    #1520 0 80000068 000041dc  a5=000002b5 ; c.lw    a5,128(a1) [f00402c0]
      1770 :    #1521 0 8000006a 00004594  a3=000000de ; c.lw    a3,8(a1) [f0040248]
      1771 :    #1522 0 8000006c 00f75c63              ; bge     a4,a5,0x80000084
      1772 :    #1523 0 80000070 02d7c063              ; blt     a5,a3,0x80000090
      1774 :    #1524 0 80000074 00e6dc63              ; bge     a3,a4,0x8000008c
      1775 :    #1525 0 80000078 0000c218              ; c.sw    a4,0(a2) [f0041874]
      1776 :    #1526 0 8000007a 00000591  a1=f0040244 ; c.addi  a1,4
      1777 :    #1527 0 8000007c 00000611  a2=f0041878 ; c.addi  a2,4
      1778 :    #1528 0 8000007e fea594e3              ; bne     a1,a0,0x80000066
      1779 :    #1529 0 80000066 00004198  a4=000002b5 ; c.lw    a4,0(a1) [f0040244]
      1780 :    #1530 0 80000068 000041dc  a5=000000de ; c.lw    a5,128(a1) [f00402c4]
      1781 :    #1531 0 8000006a 00004594  a3=000001a0 ; c.lw    a3,8(a1) [f004024c]
      1782 :    #1532 0 8000006c 00f75c63              ; bge     a4,a5,0x80000084
      1783 :    #1533 0 80000084 fed74ae3              ; blt     a4,a3,0x80000078
      1784 :    #1534 0 80000088 00f6c463              ; blt     a3,a5,0x80000090
      1785 :    #1535 0 8000008c 0000c214              ; c.sw    a3,0(a2) [f0041878]
      1786 :    #1536 0 8000008e 0000b7f5              ; c.j     0x8000007a
      1787 :    #1537 0 8000007a 00000591  a1=f0040248 ; c.addi  a1,4
      1788 :    #1538 0 8000007c 00000611  a2=f004187c ; c.addi  a2,4
      1789 :    #1539 0 8000007e fea594e3              ; bne     a1,a0,0x80000066
      1790 :    #1540 0 80000066 00004198  a4=000000de ; c.lw    a4,0(a1) [f0040248]
      1791 :    #1541 0 80000068 000041dc  a5=000001a0 ; c.lw    a5,128(a1) [f00402c8]
      1792 :    #1542 0 8000006a 00004594  a3=000001bc ; c.lw    a3,8(a1) [f0040250]
      1793 :    #1543 0 8000006c 00f75c63              ; bge     a4,a5,0x80000084
      1795 :    #1544 0 80000070 02d7c063              ; blt     a5,a3,0x80000090
      1797 :    #1545 0 80000090 0000c21c              ; c.sw    a5,0(a2) [f004187c]
      1798 :    #1546 0 80000092 0000b7e5              ; c.j     0x8000007a
      1799 :    #1547 0 8000007a 00000591  a1=f004024c ; c.addi  a1,4
      1800 :    #1548 0 8000007c 00000611  a2=f0041880 ; c.addi  a2,4
      1801 :    #1549 0 8000007e fea594e3              ; bne     a1,a0,0x80000066
      1802 :    #1550 0 80000066 00004198  a4=000001a0 ; c.lw    a4,0(a1) [f004024c]
      1803 :    #1551 0 80000068 000041dc  a5=000001bc ; c.lw    a5,128(a1) [f00402cc]
      1804 :    #1552 0 8000006a 00004594  a3=00000128 ; c.lw    a3,8(a1) [f0040254]
      1805 :    #1553 0 8000006c 00f75c63              ; bge     a4,a5,0x80000084
      1806 :    #1554 0 80000070 02d7c063              ; blt     a5,a3,0x80000090
      1807 :    #1555 0 80000074 00e6dc63              ; bge     a3,a4,0x8000008c
      1808 :    #1556 0 80000078 0000c218              ; c.sw    a4,0(a2) [f0041880]
      1809 :    #1557 0 8000007a 00000591  a1=f0040250 ; c.addi  a1,4
      1810 :    #1558 0 8000007c 00000611  a2=f0041884 ; c.addi  a2,4
      1811 :    #1559 0 8000007e fea594e3              ; bne     a1,a0,0x80000066
      1813 :    #1560 0 80000066 00004198  a4=000001bc ; c.lw    a4,0(a1) [f0040250]
      1814 :    #1561 0 80000068 000041dc  a5=00000128 ; c.lw    a5,128(a1) [f00402d0]
      1815 :    #1562 0 8000006a 00004594  a3=000002d1 ; c.lw    a3,8(a1) [f0040258]
      1816 :    #1563 0 8000006c 00f75c63              ; bge     a4,a5,0x80000084
      1817 :    #1564 0 80000084 fed74ae3              ; blt     a4,a3,0x80000078
      1818 :    #1565 0 80000078 0000c218              ; c.sw    a4,0(a2) [f0041884]
      1819 :    #1566 0 8000007a 00000591  a1=f0040254 ; c.addi  a1,4
      1820 :    #1567 0 8000007c 00000611  a2=f0041888 ; c.addi  a2,4
      1821 :    #1568 0 8000007e fea594e3              ; bne     a1,a0,0x80000066
      1822 :    #1569 0 80000066 00004198  a4=00000128 ; c.lw    a4,0(a1) [f0040254]
      1823 :    #1570 0 80000068 000041dc  a5=000002d1 ; c.lw    a5,128(a1) [f00402d4]
      1824 :    #1571 0 8000006a 00004594  a3=0000011d ; c.lw    a3,8(a1) [f004025c]
      1825 :    #1572 0 8000006c 00f75c63              ; bge     a4,a5,0x80000084
      1826 :    #1573 0 80000070 02d7c063              ; blt     a5,a3,0x80000090
      1827 :    #1574 0 80000074 00e6dc63              ; bge     a3,a4,0x8000008c
      1829 :    #1575 0 80000078 0000c218              ; c.sw    a4,0(a2) [f0041888]
      1830 :    #1576 0 8000007a 00000591  a1=f0040258 ; c.addi  a1,4
      1831 :    #1577 0 8000007c 00000611  a2=f004188c ; c.addi  a2,4
      1832 :    #1578 0 8000007e fea594e3              ; bne     a1,a0,0x80000066
      1834 :    #1579 0 80000066 00004198  a4=000002d1 ; c.lw    a4,0(a1) [f0040258]
      1835 :    #1580 0 80000068 000041dc  a5=0000011d ; c.lw    a5,128(a1) [f00402d8]
      1836 :    #1581 0 8000006a 00004594  a3=000002a4 ; c.lw    a3,8(a1) [f0040260]
      1837 :    #1582 0 8000006c 00f75c63              ; bge     a4,a5,0x80000084
      1839 :    #1583 0 80000084 fed74ae3              ; blt     a4,a3,0x80000078
      1841 :    #1584 0 80000088 00f6c463              ; blt     a3,a5,0x80000090
      1843 :    #1585 0 8000008c 0000c214              ; c.sw    a3,0(a2) [f004188c]
      1844 :    #1586 0 8000008e 0000b7f5              ; c.j     0x8000007a
      1845 :    #1587 0 8000007a 00000591  a1=f004025c ; c.addi  a1,4
      1846 :    #1588 0 8000007c 00000611  a2=f0041890 ; c.addi  a2,4
      1847 :    #1589 0 8000007e fea594e3              ; bne     a1,a0,0x80000066
      1848 :    #1590 0 80000066 00004198  a4=0000011d ; c.lw    a4,0(a1) [f004025c]
      1849 :    #1591 0 80000068 000041dc  a5=000002a4 ; c.lw    a5,128(a1) [f00402dc]
      1850 :    #1592 0 8000006a 00004594  a3=0000026c ; c.lw    a3,8(a1) [f0040264]
      1851 :    #1593 0 8000006c 00f75c63              ; bge     a4,a5,0x80000084
      1852 :    #1594 0 80000070 02d7c063              ; blt     a5,a3,0x80000090
      1853 :    #1595 0 80000074 00e6dc63              ; bge     a3,a4,0x8000008c
      1855 :    #1596 0 8000008c 0000c214              ; c.sw    a3,0(a2) [f0041890]
      1856 :    #1597 0 8000008e 0000b7f5              ; c.j     0x8000007a
      1857 :    #1598 0 8000007a 00000591  a1=f0040260 ; c.addi  a1,4
      1858 :    #1599 0 8000007c 00000611  a2=f0041894 ; c.addi  a2,4
      1859 :    #1600 0 8000007e fea594e3              ; bne     a1,a0,0x80000066
      1860 :    #1601 0 80000066 00004198  a4=000002a4 ; c.lw    a4,0(a1) [f0040260]
      1861 :    #1602 0 80000068 000041dc  a5=0000026c ; c.lw    a5,128(a1) [f00402e0]
      1862 :    #1603 0 8000006a 00004594  a3=0000013d ; c.lw    a3,8(a1) [f0040268]
      1863 :    #1604 0 8000006c 00f75c63              ; bge     a4,a5,0x80000084
      1865 :    #1605 0 80000084 fed74ae3              ; blt     a4,a3,0x80000078
      1866 :    #1606 0 80000088 00f6c463              ; blt     a3,a5,0x80000090
      1868 :    #1607 0 80000090 0000c21c              ; c.sw    a5,0(a2) [f0041894]
      1869 :    #1608 0 80000092 0000b7e5              ; c.j     0x8000007a
      1870 :    #1609 0 8000007a 00000591  a1=f0040264 ; c.addi  a1,4
      1871 :    #1610 0 8000007c 00000611  a2=f0041898 ; c.addi  a2,4
      1872 :    #1611 0 8000007e fea594e3              ; bne     a1,a0,0x80000066
      1873 :    #1612 0 80000066 00004198  a4=0000026c ; c.lw    a4,0(a1) [f0040264]
      1874 :    #1613 0 80000068 000041dc  a5=0000013d ; c.lw    a5,128(a1) [f00402e4]
      1875 :    #1614 0 8000006a 00004594  a3=0000004e ; c.lw    a3,8(a1) [f004026c]
      1876 :    #1615 0 8000006c 00f75c63              ; bge     a4,a5,0x80000084
      1878 :    #1616 0 80000084 fed74ae3              ; blt     a4,a3,0x80000078
      1880 :    #1617 0 80000088 00f6c463              ; blt     a3,a5,0x80000090
      1882 :    #1618 0 80000090 0000c21c              ; c.sw    a5,0(a2) [f0041898]
      1883 :    #1619 0 80000092 0000b7e5              ; c.j     0x8000007a
      1884 :    #1620 0 8000007a 00000591  a1=f0040268 ; c.addi  a1,4
      1885 :    #1621 0 8000007c 00000611  a2=f004189c ; c.addi  a2,4
      1886 :    #1622 0 8000007e fea594e3              ; bne     a1,a0,0x80000066
      1887 :    #1623 0 80000066 00004198  a4=0000013d ; c.lw    a4,0(a1) [f0040268]
      1888 :    #1624 0 80000068 000041dc  a5=0000004e ; c.lw    a5,128(a1) [f00402e8]
      1889 :    #1625 0 8000006a 00004594  a3=000000e0 ; c.lw    a3,8(a1) [f0040270]
      1890 :    #1626 0 8000006c 00f75c63              ; bge     a4,a5,0x80000084
      1891 :    #1627 0 80000084 fed74ae3              ; blt     a4,a3,0x80000078
      1892 :    #1628 0 80000088 00f6c463              ; blt     a3,a5,0x80000090
      1894 :    #1629 0 8000008c 0000c214              ; c.sw    a3,0(a2) [f004189c]
      1895 :    #1630 0 8000008e 0000b7f5              ; c.j     0x8000007a
      1896 :    #1631 0 8000007a 00000591  a1=f004026c ; c.addi  a1,4
      1897 :    #1632 0 8000007c 00000611  a2=f00418a0 ; c.addi  a2,4
      1898 :    #1633 0 8000007e fea594e3              ; bne     a1,a0,0x80000066
      1899 :    #1634 0 80000066 00004198  a4=0000004e ; c.lw    a4,0(a1) [f004026c]
      1900 :    #1635 0 80000068 000041dc  a5=000000e0 ; c.lw    a5,128(a1) [f00402ec]
      1901 :    #1636 0 8000006a 00004594  a3=0000015f ; c.lw    a3,8(a1) [f0040274]
      1902 :    #1637 0 8000006c 00f75c63              ; bge     a4,a5,0x80000084
      1903 :    #1638 0 80000070 02d7c063              ; blt     a5,a3,0x80000090
      1905 :    #1639 0 80000090 0000c21c              ; c.sw    a5,0(a2) [f00418a0]
      1906 :    #1640 0 80000092 0000b7e5              ; c.j     0x8000007a
      1907 :    #1641 0 8000007a 00000591  a1=f0040270 ; c.addi  a1,4
      1908 :    #1642 0 8000007c 00000611  a2=f00418a4 ; c.addi  a2,4
      1909 :    #1643 0 8000007e fea594e3              ; bne     a1,a0,0x80000066
      1910 :    #1644 0 80000066 00004198  a4=000000e0 ; c.lw    a4,0(a1) [f0040270]
      1911 :    #1645 0 80000068 000041dc  a5=0000015f ; c.lw    a5,128(a1) [f00402f0]
      1912 :    #1646 0 8000006a 00004594  a3=000003a9 ; c.lw    a3,8(a1) [f0040278]
      1913 :    #1647 0 8000006c 00f75c63              ; bge     a4,a5,0x80000084
      1914 :    #1648 0 80000070 02d7c063              ; blt     a5,a3,0x80000090
      1916 :    #1649 0 80000090 0000c21c              ; c.sw    a5,0(a2) [f00418a4]
      1917 :    #1650 0 80000092 0000b7e5              ; c.j     0x8000007a
      1918 :    #1651 0 8000007a 00000591  a1=f0040274 ; c.addi  a1,4
      1919 :    #1652 0 8000007c 00000611  a2=f00418a8 ; c.addi  a2,4
      1920 :    #1653 0 8000007e fea594e3              ; bne     a1,a0,0x80000066
      1921 :    #1654 0 80000066 00004198  a4=0000015f ; c.lw    a4,0(a1) [f0040274]
      1922 :    #1655 0 80000068 000041dc  a5=000003a9 ; c.lw    a5,128(a1) [f00402f4]
      1923 :    #1656 0 8000006a 00004594  a3=0000021c ; c.lw    a3,8(a1) [f004027c]
      1924 :    #1657 0 8000006c 00f75c63              ; bge     a4,a5,0x80000084
      1925 :    #1658 0 80000070 02d7c063              ; blt     a5,a3,0x80000090
      1927 :    #1659 0 80000074 00e6dc63              ; bge     a3,a4,0x8000008c
      1929 :    #1660 0 8000008c 0000c214              ; c.sw    a3,0(a2) [f00418a8]
      1930 :    #1661 0 8000008e 0000b7f5              ; c.j     0x8000007a
      1931 :    #1662 0 8000007a 00000591  a1=f0040278 ; c.addi  a1,4
      1932 :    #1663 0 8000007c 00000611  a2=f00418ac ; c.addi  a2,4
      1933 :    #1664 0 8000007e fea594e3              ; bne     a1,a0,0x80000066
      1934 :    #1665 0 80000066 00004198  a4=000003a9 ; c.lw    a4,0(a1) [f0040278]
      1935 :    #1666 0 80000068 000041dc  a5=0000021c ; c.lw    a5,128(a1) [f00402f8]
      1936 :    #1667 0 8000006a 00004594  a3=00000120 ; c.lw    a3,8(a1) [f0040280]
      1937 :    #1668 0 8000006c 00f75c63              ; bge     a4,a5,0x80000084
      1938 :    #1669 0 80000084 fed74ae3              ; blt     a4,a3,0x80000078
      1939 :    #1670 0 80000088 00f6c463              ; blt     a3,a5,0x80000090
      1941 :    #1671 0 80000090 0000c21c              ; c.sw    a5,0(a2) [f00418ac]
      1942 :    #1672 0 80000092 0000b7e5              ; c.j     0x8000007a
      1943 :    #1673 0 8000007a 00000591  a1=f004027c ; c.addi  a1,4
      1944 :    #1674 0 8000007c 00000611  a2=f00418b0 ; c.addi  a2,4
      1945 :    #1675 0 8000007e fea594e3              ; bne     a1,a0,0x80000066
      1946 :    #1676 0 80000066 00004198  a4=0000021c ; c.lw    a4,0(a1) [f004027c]
      1947 :    #1677 0 80000068 000041dc  a5=00000120 ; c.lw    a5,128(a1) [f00402fc]
      1948 :    #1678 0 8000006a 00004594  a3=00000286 ; c.lw    a3,8(a1) [f0040284]
      1949 :    #1679 0 8000006c 00f75c63              ; bge     a4,a5,0x80000084
      1950 :    #1680 0 80000084 fed74ae3              ; blt     a4,a3,0x80000078
      1952 :    #1681 0 80000078 0000c218              ; c.sw    a4,0(a2) [f00418b0]
      1953 :    #1682 0 8000007a 00000591  a1=f0040280 ; c.addi  a1,4
      1954 :    #1683 0 8000007c 00000611  a2=f00418b4 ; c.addi  a2,4
      1955 :    #1684 0 8000007e fea594e3              ; bne     a1,a0,0x80000066
      1956 :    #1685 0 80000066 00004198  a4=00000120 ; c.lw    a4,0(a1) [f0040280]
      1957 :    #1686 0 80000068 000041dc  a5=00000286 ; c.lw    a5,128(a1) [f0040300]
      1958 :    #1687 0 8000006a 00004594  a3=00000077 ; c.lw    a3,8(a1) [f0040288]
      1959 :    #1688 0 8000006c 00f75c63              ; bge     a4,a5,0x80000084
      1960 :    #1689 0 80000070 02d7c063              ; blt     a5,a3,0x80000090
      1961 :    #1690 0 80000074 00e6dc63              ; bge     a3,a4,0x8000008c
      1962 :    #1691 0 80000078 0000c218              ; c.sw    a4,0(a2) [f00418b4]
      1963 :    #1692 0 8000007a 00000591  a1=f0040284 ; c.addi  a1,4
      1964 :    #1693 0 8000007c 00000611  a2=f00418b8 ; c.addi  a2,4
      1965 :    #1694 0 8000007e fea594e3              ; bne     a1,a0,0x80000066
      1966 :    #1695 0 80000066 00004198  a4=00000286 ; c.lw    a4,0(a1) [f0040284]
      1967 :    #1696 0 80000068 000041dc  a5=00000077 ; c.lw    a5,128(a1) [f0040304]
      1968 :    #1697 0 8000006a 00004594  a3=000000a9 ; c.lw    a3,8(a1) [f004028c]
      1969 :    #1698 0 8000006c 00f75c63              ; bge     a4,a5,0x80000084
      1970 :    #1699 0 80000084 fed74ae3              ; blt     a4,a3,0x80000078
      1972 :    #1700 0 80000088 00f6c463              ; blt     a3,a5,0x80000090
      1974 :    #1701 0 8000008c 0000c214              ; c.sw    a3,0(a2) [f00418b8]
      1975 :    #1702 0 8000008e 0000b7f5              ; c.j     0x8000007a
      1976 :    #1703 0 8000007a 00000591  a1=f0040288 ; c.addi  a1,4
      1977 :    #1704 0 8000007c 00000611  a2=f00418bc ; c.addi  a2,4
      1978 :    #1705 0 8000007e fea594e3              ; bne     a1,a0,0x80000066
      1979 :    #1706 0 80000066 00004198  a4=00000077 ; c.lw    a4,0(a1) [f0040288]
      1980 :    #1707 0 80000068 000041dc  a5=000000a9 ; c.lw    a5,128(a1) [f0040308]
      1981 :    #1708 0 8000006a 00004594  a3=00000267 ; c.lw    a3,8(a1) [f0040290]
      1982 :    #1709 0 8000006c 00f75c63              ; bge     a4,a5,0x80000084
      1983 :    #1710 0 80000070 02d7c063              ; blt     a5,a3,0x80000090
      1985 :    #1711 0 80000090 0000c21c              ; c.sw    a5,0(a2) [f00418bc]
      1986 :    #1712 0 80000092 0000b7e5              ; c.j     0x8000007a
      1987 :    #1713 0 8000007a 00000591  a1=f004028c ; c.addi  a1,4
      1988 :    #1714 0 8000007c 00000611  a2=f00418c0 ; c.addi  a2,4
      1989 :    #1715 0 8000007e fea594e3              ; bne     a1,a0,0x80000066
      1990 :    #1716 0 80000066 00004198  a4=000000a9 ; c.lw    a4,0(a1) [f004028c]
      1991 :    #1717 0 80000068 000041dc  a5=00000267 ; c.lw    a5,128(a1) [f004030c]
      1992 :    #1718 0 8000006a 00004594  a3=0000020f ; c.lw    a3,8(a1) [f0040294]
      1993 :    #1719 0 8000006c 00f75c63              ; bge     a4,a5,0x80000084
      1994 :    #1720 0 80000070 02d7c063              ; blt     a5,a3,0x80000090
      1995 :    #1721 0 80000074 00e6dc63              ; bge     a3,a4,0x8000008c
      1997 :    #1722 0 8000008c 0000c214              ; c.sw    a3,0(a2) [f00418c0]
      1998 :    #1723 0 8000008e 0000b7f5              ; c.j     0x8000007a
      1999 :    #1724 0 8000007a 00000591  a1=f0040290 ; c.addi  a1,4
      2000 :    #1725 0 8000007c 00000611  a2=f00418c4 ; c.addi  a2,4
      2001 :    #1726 0 8000007e fea594e3              ; bne     a1,a0,0x80000066
      2002 :    #1727 0 80000066 00004198  a4=00000267 ; c.lw    a4,0(a1) [f0040290]
      2003 :    #1728 0 80000068 000041dc  a5=0000020f ; c.lw    a5,128(a1) [f0040310]
      2004 :    #1729 0 8000006a 00004594  a3=0000025e ; c.lw    a3,8(a1) [f0040298]
      2005 :    #1730 0 8000006c 00f75c63              ; bge     a4,a5,0x80000084
      2006 :    #1731 0 80000084 fed74ae3              ; blt     a4,a3,0x80000078
      2007 :    #1732 0 80000088 00f6c463              ; blt     a3,a5,0x80000090
      2009 :    #1733 0 8000008c 0000c214              ; c.sw    a3,0(a2) [f00418c4]
      2010 :    #1734 0 8000008e 0000b7f5              ; c.j     0x8000007a
      2011 :    #1735 0 8000007a 00000591  a1=f0040294 ; c.addi  a1,4
      2012 :    #1736 0 8000007c 00000611  a2=f00418c8 ; c.addi  a2,4
      2013 :    #1737 0 8000007e fea594e3              ; bne     a1,a0,0x80000066
      2014 :    #1738 0 80000066 00004198  a4=0000020f ; c.lw    a4,0(a1) [f0040294]
      2015 :    #1739 0 80000068 000041dc  a5=0000025e ; c.lw    a5,128(a1) [f0040314]
      2016 :    #1740 0 8000006a 00004594  a3=00000121 ; c.lw    a3,8(a1) [f004029c]
      2017 :    #1741 0 8000006c 00f75c63              ; bge     a4,a5,0x80000084
      2018 :    #1742 0 80000070 02d7c063              ; blt     a5,a3,0x80000090
      2020 :    #1743 0 80000074 00e6dc63              ; bge     a3,a4,0x8000008c
      2022 :    #1744 0 80000078 0000c218              ; c.sw    a4,0(a2) [f00418c8]
      2023 :    #1745 0 8000007a 00000591  a1=f0040298 ; c.addi  a1,4
      2024 :    #1746 0 8000007c 00000611  a2=f00418cc ; c.addi  a2,4
      2025 :    #1747 0 8000007e fea594e3              ; bne     a1,a0,0x80000066
      2026 :    #1748 0 80000066 00004198  a4=0000025e ; c.lw    a4,0(a1) [f0040298]
      2027 :    #1749 0 80000068 000041dc  a5=00000121 ; c.lw    a5,128(a1) [f0040318]
      2028 :    #1750 0 8000006a 00004594  a3=00000185 ; c.lw    a3,8(a1) [f00402a0]
      2029 :    #1751 0 8000006c 00f75c63              ; bge     a4,a5,0x80000084
      2031 :    #1752 0 80000084 fed74ae3              ; blt     a4,a3,0x80000078
      2033 :    #1753 0 80000088 00f6c463              ; blt     a3,a5,0x80000090
      2034 :    #1754 0 8000008c 0000c214              ; c.sw    a3,0(a2) [f00418cc]
      2035 :    #1755 0 8000008e 0000b7f5              ; c.j     0x8000007a
      2036 :    #1756 0 8000007a 00000591  a1=f004029c ; c.addi  a1,4
      2037 :    #1757 0 8000007c 00000611  a2=f00418d0 ; c.addi  a2,4
      2038 :    #1758 0 8000007e fea594e3              ; bne     a1,a0,0x80000066
      2039 :    #1759 0 80000066 00004198  a4=00000121 ; c.lw    a4,0(a1) [f004029c]
      2040 :    #1760 0 80000068 000041dc  a5=00000185 ; c.lw    a5,128(a1) [f004031c]
      2041 :    #1761 0 8000006a 00004594  a3=0000031c ; c.lw    a3,8(a1) [f00402a4]
      2042 :    #1762 0 8000006c 00f75c63              ; bge     a4,a5,0x80000084
      2044 :    #1763 0 80000070 02d7c063              ; blt     a5,a3,0x80000090
      2046 :    #1764 0 80000090 0000c21c              ; c.sw    a5,0(a2) [f00418d0]
      2047 :    #1765 0 80000092 0000b7e5              ; c.j     0x8000007a
      2048 :    #1766 0 8000007a 00000591  a1=f00402a0 ; c.addi  a1,4
      2049 :    #1767 0 8000007c 00000611  a2=f00418d4 ; c.addi  a2,4
      2050 :    #1768 0 8000007e fea594e3              ; bne     a1,a0,0x80000066
      2051 :    #1769 0 80000066 00004198  a4=00000185 ; c.lw    a4,0(a1) [f00402a0]
      2052 :    #1770 0 80000068 000041dc  a5=0000031c ; c.lw    a5,128(a1) [f0040320]
      2053 :    #1771 0 8000006a 00004594  a3=0000015f ; c.lw    a3,8(a1) [f00402a8]
      2054 :    #1772 0 8000006c 00f75c63              ; bge     a4,a5,0x80000084
      2055 :    #1773 0 80000070 02d7c063              ; blt     a5,a3,0x80000090
      2056 :    #1774 0 80000074 00e6dc63              ; bge     a3,a4,0x8000008c
      2057 :    #1775 0 80000078 0000c218              ; c.sw    a4,0(a2) [f00418d4]
      2058 :    #1776 0 8000007a 00000591  a1=f00402a4 ; c.addi  a1,4
      2059 :    #1777 0 8000007c 00000611  a2=f00418d8 ; c.addi  a2,4
      2060 :    #1778 0 8000007e fea594e3              ; bne     a1,a0,0x80000066
      2061 :    #1779 0 80000066 00004198  a4=0000031c ; c.lw    a4,0(a1) [f00402a4]
      2062 :    #1780 0 80000068 000041dc  a5=0000015f ; c.lw    a5,128(a1) [f0040324]
      2063 :    #1781 0 8000006a 00004594  a3=00000321 ; c.lw    a3,8(a1) [f00402ac]
      2064 :    #1782 0 8000006c 00f75c63              ; bge     a4,a5,0x80000084
      2066 :    #1783 0 80000084 fed74ae3              ; blt     a4,a3,0x80000078
      2067 :    #1784 0 80000078 0000c218              ; c.sw    a4,0(a2) [f00418d8]
      2068 :    #1785 0 8000007a 00000591  a1=f00402a8 ; c.addi  a1,4
      2069 :    #1786 0 8000007c 00000611  a2=f00418dc ; c.addi  a2,4
      2070 :    #1787 0 8000007e fea594e3              ; bne     a1,a0,0x80000066
      2071 :    #1788 0 80000066 00004198  a4=0000015f ; c.lw    a4,0(a1) [f00402a8]
      2072 :    #1789 0 80000068 000041dc  a5=00000321 ; c.lw    a5,128(a1) [f0040328]
      2073 :    #1790 0 8000006a 00004594  a3=000001c7 ; c.lw    a3,8(a1) [f00402b0]
      2074 :    #1791 0 8000006c 00f75c63              ; bge     a4,a5,0x80000084
      2075 :    #1792 0 80000070 02d7c063              ; blt     a5,a3,0x80000090
      2076 :    #1793 0 80000074 00e6dc63              ; bge     a3,a4,0x8000008c
      2078 :    #1794 0 8000008c 0000c214              ; c.sw    a3,0(a2) [f00418dc]
      2079 :    #1795 0 8000008e 0000b7f5              ; c.j     0x8000007a
      2080 :    #1796 0 8000007a 00000591  a1=f00402ac ; c.addi  a1,4
      2081 :    #1797 0 8000007c 00000611  a2=f00418e0 ; c.addi  a2,4
      2082 :    #1798 0 8000007e fea594e3              ; bne     a1,a0,0x80000066
      2083 :    #1799 0 80000066 00004198  a4=00000321 ; c.lw    a4,0(a1) [f00402ac]
      2084 :    #1800 0 80000068 000041dc  a5=000001c7 ; c.lw    a5,128(a1) [f004032c]
      2085 :    #1801 0 8000006a 00004594  a3=000002d0 ; c.lw    a3,8(a1) [f00402b4]
      2086 :    #1802 0 8000006c 00f75c63              ; bge     a4,a5,0x80000084
      2087 :    #1803 0 80000084 fed74ae3              ; blt     a4,a3,0x80000078
      2088 :    #1804 0 80000088 00f6c463              ; blt     a3,a5,0x80000090
      2089 :    #1805 0 8000008c 0000c214              ; c.sw    a3,0(a2) [f00418e0]
      2090 :    #1806 0 8000008e 0000b7f5              ; c.j     0x8000007a
      2091 :    #1807 0 8000007a 00000591  a1=f00402b0 ; c.addi  a1,4
      2092 :    #1808 0 8000007c 00000611  a2=f00418e4 ; c.addi  a2,4
      2093 :    #1809 0 8000007e fea594e3              ; bne     a1,a0,0x80000066
      2095 :    #1810 0 80000066 00004198  a4=000001c7 ; c.lw    a4,0(a1) [f00402b0]
      2096 :    #1811 0 80000068 000041dc  a5=000002d0 ; c.lw    a5,128(a1) [f0040330]
      2097 :    #1812 0 8000006a 00004594  a3=00000116 ; c.lw    a3,8(a1) [f00402b8]
      2098 :    #1813 0 8000006c 00f75c63              ; bge     a4,a5,0x80000084
      2100 :    #1814 0 80000070 02d7c063              ; blt     a5,a3,0x80000090
      2101 :    #1815 0 80000074 00e6dc63              ; bge     a3,a4,0x8000008c
      2103 :    #1816 0 80000078 0000c218              ; c.sw    a4,0(a2) [f00418e4]
      2104 :    #1817 0 8000007a 00000591  a1=f00402b4 ; c.addi  a1,4
      2105 :    #1818 0 8000007c 00000611  a2=f00418e8 ; c.addi  a2,4
      2106 :    #1819 0 8000007e fea594e3              ; bne     a1,a0,0x80000066
      2107 :    #1820 0 80000066 00004198  a4=000002d0 ; c.lw    a4,0(a1) [f00402b4]
      2108 :    #1821 0 80000068 000041dc  a5=00000116 ; c.lw    a5,128(a1) [f0040334]
      2109 :    #1822 0 8000006a 00004594  a3=000002f6 ; c.lw    a3,8(a1) [f00402bc]
      2110 :    #1823 0 8000006c 00f75c63              ; bge     a4,a5,0x80000084
      2112 :    #1824 0 80000084 fed74ae3              ; blt     a4,a3,0x80000078
      2113 :    #1825 0 80000078 0000c218              ; c.sw    a4,0(a2) [f00418e8]
      2114 :    #1826 0 8000007a 00000591  a1=f00402b8 ; c.addi  a1,4
      2115 :    #1827 0 8000007c 00000611  a2=f00418ec ; c.addi  a2,4
      2116 :    #1828 0 8000007e fea594e3              ; bne     a1,a0,0x80000066
      2118 :    #1829 0 80000066 00004198  a4=00000116 ; c.lw    a4,0(a1) [f00402b8]
      2119 :    #1830 0 80000068 000041dc  a5=000002f6 ; c.lw    a5,128(a1) [f0040338]
      2120 :    #1831 0 8000006a 00004594  a3=0000016f ; c.lw    a3,8(a1) [f00402c0]
      2121 :    #1832 0 8000006c 00f75c63              ; bge     a4,a5,0x80000084
      2122 :    #1833 0 80000070 02d7c063              ; blt     a5,a3,0x80000090
      2123 :    #1834 0 80000074 00e6dc63              ; bge     a3,a4,0x8000008c
      2124 :    #1835 0 8000008c 0000c214              ; c.sw    a3,0(a2) [f00418ec]
      2125 :    #1836 0 8000008e 0000b7f5              ; c.j     0x8000007a
      2126 :    #1837 0 8000007a 00000591  a1=f00402bc ; c.addi  a1,4
      2127 :    #1838 0 8000007c 00000611  a2=f00418f0 ; c.addi  a2,4
      2128 :    #1839 0 8000007e fea594e3              ; bne     a1,a0,0x80000066
      2129 :    #1840 0 80000066 00004198  a4=000002f6 ; c.lw    a4,0(a1) [f00402bc]
      2130 :    #1841 0 80000068 000041dc  a5=0000016f ; c.lw    a5,128(a1) [f004033c]
      2131 :    #1842 0 8000006a 00004594  a3=000002e9 ; c.lw    a3,8(a1) [f00402c4]
      2132 :    #1843 0 8000006c 00f75c63              ; bge     a4,a5,0x80000084
      2133 :    #1844 0 80000084 fed74ae3              ; blt     a4,a3,0x80000078
      2134 :    #1845 0 80000088 00f6c463              ; blt     a3,a5,0x80000090
      2136 :    #1846 0 8000008c 0000c214              ; c.sw    a3,0(a2) [f00418f0]
      2137 :    #1847 0 8000008e 0000b7f5              ; c.j     0x8000007a
      2138 :    #1848 0 8000007a 00000591  a1=f00402c0 ; c.addi  a1,4
      2139 :    #1849 0 8000007c 00000611  a2=f00418f4 ; c.addi  a2,4
      2140 :    #1850 0 8000007e fea594e3              ; bne     a1,a0,0x80000066
      2141 :    #1851 0 80000066 00004198  a4=0000016f ; c.lw    a4,0(a1) [f00402c0]
      2142 :    #1852 0 80000068 000041dc  a5=000002e9 ; c.lw    a5,128(a1) [f0040340]
      2143 :    #1853 0 8000006a 00004594  a3=00000166 ; c.lw    a3,8(a1) [f00402c8]
      2144 :    #1854 0 8000006c 00f75c63              ; bge     a4,a5,0x80000084
      2145 :    #1855 0 80000070 02d7c063              ; blt     a5,a3,0x80000090
      2146 :    #1856 0 80000074 00e6dc63              ; bge     a3,a4,0x8000008c
      2147 :    #1857 0 80000078 0000c218              ; c.sw    a4,0(a2) [f00418f4]
      2148 :    #1858 0 8000007a 00000591  a1=f00402c4 ; c.addi  a1,4
      2149 :    #1859 0 8000007c 00000611  a2=f00418f8 ; c.addi  a2,4
      2150 :    #1860 0 8000007e fea594e3              ; bne     a1,a0,0x80000066
      2152 :    #1861 0 80000066 00004198  a4=000002e9 ; c.lw    a4,0(a1) [f00402c4]
      2153 :    #1862 0 80000068 000041dc  a5=00000166 ; c.lw    a5,128(a1) [f0040344]
      2154 :    #1863 0 8000006a 00004594  a3=0000005c ; c.lw    a3,8(a1) [f00402cc]
      2155 :    #1864 0 8000006c 00f75c63              ; bge     a4,a5,0x80000084
      2157 :    #1865 0 80000084 fed74ae3              ; blt     a4,a3,0x80000078
      2159 :    #1866 0 80000088 00f6c463              ; blt     a3,a5,0x80000090
      2161 :    #1867 0 80000090 0000c21c              ; c.sw    a5,0(a2) [f00418f8]
      2162 :    #1868 0 80000092 0000b7e5              ; c.j     0x8000007a
      2163 :    #1869 0 8000007a 00000591  a1=f00402c8 ; c.addi  a1,4
      2164 :    #1870 0 8000007c 00000611  a2=f00418fc ; c.addi  a2,4
      2165 :    #1871 0 8000007e fea594e3              ; bne     a1,a0,0x80000066
      2166 :    #1872 0 80000066 00004198  a4=00000166 ; c.lw    a4,0(a1) [f00402c8]
      2167 :    #1873 0 80000068 000041dc  a5=0000005c ; c.lw    a5,128(a1) [f0040348]
      2168 :    #1874 0 8000006a 00004594  a3=00000248 ; c.lw    a3,8(a1) [f00402d0]
      2169 :    #1875 0 8000006c 00f75c63              ; bge     a4,a5,0x80000084
      2171 :    #1876 0 80000084 fed74ae3              ; blt     a4,a3,0x80000078
      2173 :    #1877 0 80000078 0000c218              ; c.sw    a4,0(a2) [f00418fc]
      2174 :    #1878 0 8000007a 00000591  a1=f00402cc ; c.addi  a1,4
      2175 :    #1879 0 8000007c 00000611  a2=f0041900 ; c.addi  a2,4
      2176 :    #1880 0 8000007e fea594e3              ; bne     a1,a0,0x80000066
      2177 :    #1881 0 80000066 00004198  a4=0000005c ; c.lw    a4,0(a1) [f00402cc]
      2178 :    #1882 0 80000068 000041dc  a5=00000248 ; c.lw    a5,128(a1) [f004034c]
      2179 :    #1883 0 8000006a 00004594  a3=000003dd ; c.lw    a3,8(a1) [f00402d4]
      2180 :    #1884 0 8000006c 00f75c63              ; bge     a4,a5,0x80000084
      2181 :    #1885 0 80000070 02d7c063              ; blt     a5,a3,0x80000090
      2183 :    #1886 0 80000090 0000c21c              ; c.sw    a5,0(a2) [f0041900]
      2184 :    #1887 0 80000092 0000b7e5              ; c.j     0x8000007a
      2185 :    #1888 0 8000007a 00000591  a1=f00402d0 ; c.addi  a1,4
      2186 :    #1889 0 8000007c 00000611  a2=f0041904 ; c.addi  a2,4
      2187 :    #1890 0 8000007e fea594e3              ; bne     a1,a0,0x80000066
      2188 :    #1891 0 80000066 00004198  a4=00000248 ; c.lw    a4,0(a1) [f00402d0]
      2189 :    #1892 0 80000068 000041dc  a5=000003dd ; c.lw    a5,128(a1) [f0040350]
      2190 :    #1893 0 8000006a 00004594  a3=0000003e ; c.lw    a3,8(a1) [f00402d8]
      2191 :    #1894 0 8000006c 00f75c63              ; bge     a4,a5,0x80000084
      2192 :    #1895 0 80000070 02d7c063              ; blt     a5,a3,0x80000090
      2194 :    #1896 0 80000074 00e6dc63              ; bge     a3,a4,0x8000008c
      2195 :    #1897 0 80000078 0000c218              ; c.sw    a4,0(a2) [f0041904]
      2196 :    #1898 0 8000007a 00000591  a1=f00402d4 ; c.addi  a1,4
      2197 :    #1899 0 8000007c 00000611  a2=f0041908 ; c.addi  a2,4
      2198 :    #1900 0 8000007e fea594e3              ; bne     a1,a0,0x80000066
      2199 :    #1901 0 80000066 00004198  a4=000003dd ; c.lw    a4,0(a1) [f00402d4]
      2200 :    #1902 0 80000068 000041dc  a5=0000003e ; c.lw    a5,128(a1) [f0040354]
      2201 :    #1903 0 8000006a 00004594  a3=0000010f ; c.lw    a3,8(a1) [f00402dc]
      2202 :    #1904 0 8000006c 00f75c63              ; bge     a4,a5,0x80000084
      2203 :    #1905 0 80000084 fed74ae3              ; blt     a4,a3,0x80000078
      2204 :    #1906 0 80000088 00f6c463              ; blt     a3,a5,0x80000090
      2205 :    #1907 0 8000008c 0000c214              ; c.sw    a3,0(a2) [f0041908]
      2206 :    #1908 0 8000008e 0000b7f5              ; c.j     0x8000007a
      2207 :    #1909 0 8000007a 00000591  a1=f00402d8 ; c.addi  a1,4
      2208 :    #1910 0 8000007c 00000611  a2=f004190c ; c.addi  a2,4
      2209 :    #1911 0 8000007e fea594e3              ; bne     a1,a0,0x80000066
      2210 :    #1912 0 80000066 00004198  a4=0000003e ; c.lw    a4,0(a1) [f00402d8]
      2211 :    #1913 0 80000068 000041dc  a5=0000010f ; c.lw    a5,128(a1) [f0040358]
      2212 :    #1914 0 8000006a 00004594  a3=000003d9 ; c.lw    a3,8(a1) [f00402e0]
      2213 :    #1915 0 8000006c 00f75c63              ; bge     a4,a5,0x80000084
      2215 :    #1916 0 80000070 02d7c063              ; blt     a5,a3,0x80000090
      2217 :    #1917 0 80000090 0000c21c              ; c.sw    a5,0(a2) [f004190c]
      2218 :    #1918 0 80000092 0000b7e5              ; c.j     0x8000007a
      2219 :    #1919 0 8000007a 00000591  a1=f00402dc ; c.addi  a1,4
      2220 :    #1920 0 8000007c 00000611  a2=f0041910 ; c.addi  a2,4
      2221 :    #1921 0 8000007e fea594e3              ; bne     a1,a0,0x80000066
      2222 :    #1922 0 80000066 00004198  a4=0000010f ; c.lw    a4,0(a1) [f00402dc]
      2223 :    #1923 0 80000068 000041dc  a5=000003d9 ; c.lw    a5,128(a1) [f004035c]
      2224 :    #1924 0 8000006a 00004594  a3=00000355 ; c.lw    a3,8(a1) [f00402e4]
      2225 :    #1925 0 8000006c 00f75c63              ; bge     a4,a5,0x80000084
      2226 :    #1926 0 80000070 02d7c063              ; blt     a5,a3,0x80000090
      2228 :    #1927 0 80000074 00e6dc63              ; bge     a3,a4,0x8000008c
      2229 :    #1928 0 8000008c 0000c214              ; c.sw    a3,0(a2) [f0041910]
      2230 :    #1929 0 8000008e 0000b7f5              ; c.j     0x8000007a
      2231 :    #1930 0 8000007a 00000591  a1=f00402e0 ; c.addi  a1,4
      2232 :    #1931 0 8000007c 00000611  a2=f0041914 ; c.addi  a2,4
      2233 :    #1932 0 8000007e fea594e3              ; bne     a1,a0,0x80000066
      2234 :    #1933 0 80000066 00004198  a4=000003d9 ; c.lw    a4,0(a1) [f00402e0]
      2235 :    #1934 0 80000068 000041dc  a5=00000355 ; c.lw    a5,128(a1) [f0040360]
      2236 :    #1935 0 8000006a 00004594  a3=00000193 ; c.lw    a3,8(a1) [f00402e8]
      2237 :    #1936 0 8000006c 00f75c63              ; bge     a4,a5,0x80000084
      2238 :    #1937 0 80000084 fed74ae3              ; blt     a4,a3,0x80000078
      2239 :    #1938 0 80000088 00f6c463              ; blt     a3,a5,0x80000090
      2241 :    #1939 0 80000090 0000c21c              ; c.sw    a5,0(a2) [f0041914]
      2242 :    #1940 0 80000092 0000b7e5              ; c.j     0x8000007a
      2243 :    #1941 0 8000007a 00000591  a1=f00402e4 ; c.addi  a1,4
      2244 :    #1942 0 8000007c 00000611  a2=f0041918 ; c.addi  a2,4
      2245 :    #1943 0 8000007e fea594e3              ; bne     a1,a0,0x80000066
      2246 :    #1944 0 80000066 00004198  a4=00000355 ; c.lw    a4,0(a1) [f00402e4]
      2247 :    #1945 0 80000068 000041dc  a5=00000193 ; c.lw    a5,128(a1) [f0040364]
      2248 :    #1946 0 8000006a 00004594  a3=00000314 ; c.lw    a3,8(a1) [f00402ec]
      2249 :    #1947 0 8000006c 00f75c63              ; bge     a4,a5,0x80000084
      2250 :    #1948 0 80000084 fed74ae3              ; blt     a4,a3,0x80000078
      2251 :    #1949 0 80000088 00f6c463              ; blt     a3,a5,0x80000090
      2252 :    #1950 0 8000008c 0000c214              ; c.sw    a3,0(a2) [f0041918]
      2253 :    #1951 0 8000008e 0000b7f5              ; c.j     0x8000007a
      2254 :    #1952 0 8000007a 00000591  a1=f00402e8 ; c.addi  a1,4
      2255 :    #1953 0 8000007c 00000611  a2=f004191c ; c.addi  a2,4
      2256 :    #1954 0 8000007e fea594e3              ; bne     a1,a0,0x80000066
      2257 :    #1955 0 80000066 00004198  a4=00000193 ; c.lw    a4,0(a1) [f00402e8]
      2258 :    #1956 0 80000068 000041dc  a5=00000314 ; c.lw    a5,128(a1) [f0040368]
      2259 :    #1957 0 8000006a 00004594  a3=0000015a ; c.lw    a3,8(a1) [f00402f0]
      2260 :    #1958 0 8000006c 00f75c63              ; bge     a4,a5,0x80000084
      2262 :    #1959 0 80000070 02d7c063              ; blt     a5,a3,0x80000090
      2263 :    #1960 0 80000074 00e6dc63              ; bge     a3,a4,0x8000008c
      2265 :    #1961 0 80000078 0000c218              ; c.sw    a4,0(a2) [f004191c]
      2266 :    #1962 0 8000007a 00000591  a1=f00402ec ; c.addi  a1,4
      2267 :    #1963 0 8000007c 00000611  a2=f0041920 ; c.addi  a2,4
      2268 :    #1964 0 8000007e fea594e3              ; bne     a1,a0,0x80000066
      2269 :    #1965 0 80000066 00004198  a4=00000314 ; c.lw    a4,0(a1) [f00402ec]
      2270 :    #1966 0 80000068 000041dc  a5=0000015a ; c.lw    a5,128(a1) [f004036c]
      2271 :    #1967 0 8000006a 00004594  a3=00000213 ; c.lw    a3,8(a1) [f00402f4]
      2272 :    #1968 0 8000006c 00f75c63              ; bge     a4,a5,0x80000084
      2274 :    #1969 0 80000084 fed74ae3              ; blt     a4,a3,0x80000078
      2276 :    #1970 0 80000088 00f6c463              ; blt     a3,a5,0x80000090
      2277 :    #1971 0 8000008c 0000c214              ; c.sw    a3,0(a2) [f0041920]
      2278 :    #1972 0 8000008e 0000b7f5              ; c.j     0x8000007a
      2279 :    #1973 0 8000007a 00000591  a1=f00402f0 ; c.addi  a1,4
      2280 :    #1974 0 8000007c 00000611  a2=f0041924 ; c.addi  a2,4
      2281 :    #1975 0 8000007e fea594e3              ; bne     a1,a0,0x80000066
      2282 :    #1976 0 80000066 00004198  a4=0000015a ; c.lw    a4,0(a1) [f00402f0]
      2283 :    #1977 0 80000068 000041dc  a5=00000213 ; c.lw    a5,128(a1) [f0040370]
      2284 :    #1978 0 8000006a 00004594  a3=00000205 ; c.lw    a3,8(a1) [f00402f8]
      2285 :    #1979 0 8000006c 00f75c63              ; bge     a4,a5,0x80000084
      2287 :    #1980 0 80000070 02d7c063              ; blt     a5,a3,0x80000090
      2289 :    #1981 0 80000074 00e6dc63              ; bge     a3,a4,0x8000008c
      2291 :    #1982 0 8000008c 0000c214              ; c.sw    a3,0(a2) [f0041924]
      2292 :    #1983 0 8000008e 0000b7f5              ; c.j     0x8000007a
      2293 :    #1984 0 8000007a 00000591  a1=f00402f4 ; c.addi  a1,4
      2294 :    #1985 0 8000007c 00000611  a2=f0041928 ; c.addi  a2,4
      2295 :    #1986 0 8000007e fea594e3              ; bne     a1,a0,0x80000066
      2296 :    #1987 0 80000066 00004198  a4=00000213 ; c.lw    a4,0(a1) [f00402f4]
      2297 :    #1988 0 80000068 000041dc  a5=00000205 ; c.lw    a5,128(a1) [f0040374]
      2298 :    #1989 0 8000006a 00004594  a3=000000de ; c.lw    a3,8(a1) [f00402fc]
      2299 :    #1990 0 8000006c 00f75c63              ; bge     a4,a5,0x80000084
      2301 :    #1991 0 80000084 fed74ae3              ; blt     a4,a3,0x80000078
      2302 :    #1992 0 80000088 00f6c463              ; blt     a3,a5,0x80000090
      2304 :    #1993 0 80000090 0000c21c              ; c.sw    a5,0(a2) [f0041928]
      2305 :    #1994 0 80000092 0000b7e5              ; c.j     0x8000007a
      2306 :    #1995 0 8000007a 00000591  a1=f00402f8 ; c.addi  a1,4
      2307 :    #1996 0 8000007c 00000611  a2=f004192c ; c.addi  a2,4
      2308 :    #1997 0 8000007e fea594e3              ; bne     a1,a0,0x80000066
      2309 :    #1998 0 80000066 00004198  a4=00000205 ; c.lw    a4,0(a1) [f00402f8]
      2310 :    #1999 0 80000068 000041dc  a5=000000de ; c.lw    a5,128(a1) [f0040378]
      2311 :    #2000 0 8000006a 00004594  a3=0000022f ; c.lw    a3,8(a1) [f0040300]
      2312 :    #2001 0 8000006c 00f75c63              ; bge     a4,a5,0x80000084
      2313 :    #2002 0 80000084 fed74ae3              ; blt     a4,a3,0x80000078
      2315 :    #2003 0 80000078 0000c218              ; c.sw    a4,0(a2) [f004192c]
      2316 :    #2004 0 8000007a 00000591  a1=f00402fc ; c.addi  a1,4
      2317 :    #2005 0 8000007c 00000611  a2=f0041930 ; c.addi  a2,4
      2318 :    #2006 0 8000007e fea594e3              ; bne     a1,a0,0x80000066
      2319 :    #2007 0 80000066 00004198  a4=000000de ; c.lw    a4,0(a1) [f00402fc]
      2320 :    #2008 0 80000068 000041dc  a5=0000022f ; c.lw    a5,128(a1) [f004037c]
      2321 :    #2009 0 8000006a 00004594  a3=000001cd ; c.lw    a3,8(a1) [f0040304]
      2322 :    #2010 0 8000006c 00f75c63              ; bge     a4,a5,0x80000084
      2323 :    #2011 0 80000070 02d7c063              ; blt     a5,a3,0x80000090
      2324 :    #2012 0 80000074 00e6dc63              ; bge     a3,a4,0x8000008c
      2326 :    #2013 0 8000008c 0000c214              ; c.sw    a3,0(a2) [f0041930]
      2327 :    #2014 0 8000008e 0000b7f5              ; c.j     0x8000007a
      2328 :    #2015 0 8000007a 00000591  a1=f0040300 ; c.addi  a1,4
      2329 :    #2016 0 8000007c 00000611  a2=f0041934 ; c.addi  a2,4
      2330 :    #2017 0 8000007e fea594e3              ; bne     a1,a0,0x80000066
      2331 :    #2018 0 80000066 00004198  a4=0000022f ; c.lw    a4,0(a1) [f0040300]
      2332 :    #2019 0 80000068 000041dc  a5=000001cd ; c.lw    a5,128(a1) [f0040380]
      2333 :    #2020 0 8000006a 00004594  a3=0000038c ; c.lw    a3,8(a1) [f0040308]
      2334 :    #2021 0 8000006c 00f75c63              ; bge     a4,a5,0x80000084
      2335 :    #2022 0 80000084 fed74ae3              ; blt     a4,a3,0x80000078
      2337 :    #2023 0 80000078 0000c218              ; c.sw    a4,0(a2) [f0041934]
      2338 :    #2024 0 8000007a 00000591  a1=f0040304 ; c.addi  a1,4
      2339 :    #2025 0 8000007c 00000611  a2=f0041938 ; c.addi  a2,4
      2340 :    #2026 0 8000007e fea594e3              ; bne     a1,a0,0x80000066
      2341 :    #2027 0 80000066 00004198  a4=000001cd ; c.lw    a4,0(a1) [f0040304]
      2342 :    #2028 0 80000068 000041dc  a5=0000038c ; c.lw    a5,128(a1) [f0040384]
      2343 :    #2029 0 8000006a 00004594  a3=000000f1 ; c.lw    a3,8(a1) [f004030c]
      2344 :    #2030 0 8000006c 00f75c63              ; bge     a4,a5,0x80000084
      2345 :    #2031 0 80000070 02d7c063              ; blt     a5,a3,0x80000090
      2346 :    #2032 0 80000074 00e6dc63              ; bge     a3,a4,0x8000008c
      2347 :    #2033 0 80000078 0000c218              ; c.sw    a4,0(a2) [f0041938]
      2348 :    #2034 0 8000007a 00000591  a1=f0040308 ; c.addi  a1,4
      2349 :    #2035 0 8000007c 00000611  a2=f004193c ; c.addi  a2,4
      2350 :    #2036 0 8000007e fea594e3              ; bne     a1,a0,0x80000066
      2351 :    #2037 0 80000066 00004198  a4=0000038c ; c.lw    a4,0(a1) [f0040308]
      2352 :    #2038 0 80000068 000041dc  a5=000000f1 ; c.lw    a5,128(a1) [f0040388]
      2353 :    #2039 0 8000006a 00004594  a3=00000307 ; c.lw    a3,8(a1) [f0040310]
      2354 :    #2040 0 8000006c 00f75c63              ; bge     a4,a5,0x80000084
      2355 :    #2041 0 80000084 fed74ae3              ; blt     a4,a3,0x80000078
      2357 :    #2042 0 80000088 00f6c463              ; blt     a3,a5,0x80000090
      2359 :    #2043 0 8000008c 0000c214              ; c.sw    a3,0(a2) [f004193c]
      2360 :    #2044 0 8000008e 0000b7f5              ; c.j     0x8000007a
      2361 :    #2045 0 8000007a 00000591  a1=f004030c ; c.addi  a1,4
      2362 :    #2046 0 8000007c 00000611  a2=f0041940 ; c.addi  a2,4
      2363 :    #2047 0 8000007e fea594e3              ; bne     a1,a0,0x80000066
      2364 :    #2048 0 80000066 00004198  a4=000000f1 ; c.lw    a4,0(a1) [f004030c]
      2365 :    #2049 0 80000068 000041dc  a5=00000307 ; c.lw    a5,128(a1) [f004038c]
      2366 :    #2050 0 8000006a 00004594  a3=00000166 ; c.lw    a3,8(a1) [f0040314]
      2367 :    #2051 0 8000006c 00f75c63              ; bge     a4,a5,0x80000084
      2368 :    #2052 0 80000070 02d7c063              ; blt     a5,a3,0x80000090
      2369 :    #2053 0 80000074 00e6dc63              ; bge     a3,a4,0x8000008c
      2370 :    #2054 0 8000008c 0000c214              ; c.sw    a3,0(a2) [f0041940]
      2371 :    #2055 0 8000008e 0000b7f5              ; c.j     0x8000007a
      2372 :    #2056 0 8000007a 00000591  a1=f0040310 ; c.addi  a1,4
      2373 :    #2057 0 8000007c 00000611  a2=f0041944 ; c.addi  a2,4
      2374 :    #2058 0 8000007e fea594e3              ; bne     a1,a0,0x80000066
      2376 :    #2059 0 80000066 00004198  a4=00000307 ; c.lw    a4,0(a1) [f0040310]
      2377 :    #2060 0 80000068 000041dc  a5=00000166 ; c.lw    a5,128(a1) [f0040390]
      2378 :    #2061 0 8000006a 00004594  a3=000000ff ; c.lw    a3,8(a1) [f0040318]
      2379 :    #2062 0 8000006c 00f75c63              ; bge     a4,a5,0x80000084
      2380 :    #2063 0 80000084 fed74ae3              ; blt     a4,a3,0x80000078
      2381 :    #2064 0 80000088 00f6c463              ; blt     a3,a5,0x80000090
      2382 :    #2065 0 80000090 0000c21c              ; c.sw    a5,0(a2) [f0041944]
      2383 :    #2066 0 80000092 0000b7e5              ; c.j     0x8000007a
      2384 :    #2067 0 8000007a 00000591  a1=f0040314 ; c.addi  a1,4
      2385 :    #2068 0 8000007c 00000611  a2=f0041948 ; c.addi  a2,4
      2386 :    #2069 0 8000007e fea594e3              ; bne     a1,a0,0x80000066
      2387 :    #2070 0 80000066 00004198  a4=00000166 ; c.lw    a4,0(a1) [f0040314]
      2388 :    #2071 0 80000068 000041dc  a5=000000ff ; c.lw    a5,128(a1) [f0040394]
      2389 :    #2072 0 8000006a 00004594  a3=0000014c ; c.lw    a3,8(a1) [f004031c]
      2390 :    #2073 0 8000006c 00f75c63              ; bge     a4,a5,0x80000084
      2392 :    #2074 0 80000084 fed74ae3              ; blt     a4,a3,0x80000078
      2394 :    #2075 0 80000088 00f6c463              ; blt     a3,a5,0x80000090
      2395 :    #2076 0 8000008c 0000c214              ; c.sw    a3,0(a2) [f0041948]
      2396 :    #2077 0 8000008e 0000b7f5              ; c.j     0x8000007a
      2397 :    #2078 0 8000007a 00000591  a1=f0040318 ; c.addi  a1,4
      2398 :    #2079 0 8000007c 00000611  a2=f004194c ; c.addi  a2,4
      2399 :    #2080 0 8000007e fea594e3              ; bne     a1,a0,0x80000066
      2400 :    #2081 0 80000066 00004198  a4=000000ff ; c.lw    a4,0(a1) [f0040318]
      2401 :    #2082 0 80000068 000041dc  a5=0000014c ; c.lw    a5,128(a1) [f0040398]
      2402 :    #2083 0 8000006a 00004594  a3=0000030a ; c.lw    a3,8(a1) [f0040320]
      2403 :    #2084 0 8000006c 00f75c63              ; bge     a4,a5,0x80000084
      2405 :    #2085 0 80000070 02d7c063              ; blt     a5,a3,0x80000090
      2407 :    #2086 0 80000090 0000c21c              ; c.sw    a5,0(a2) [f004194c]
      2408 :    #2087 0 80000092 0000b7e5              ; c.j     0x8000007a
      2409 :    #2088 0 8000007a 00000591  a1=f004031c ; c.addi  a1,4
      2410 :    #2089 0 8000007c 00000611  a2=f0041950 ; c.addi  a2,4
      2411 :    #2090 0 8000007e fea594e3              ; bne     a1,a0,0x80000066
      2412 :    #2091 0 80000066 00004198  a4=0000014c ; c.lw    a4,0(a1) [f004031c]
      2413 :    #2092 0 80000068 000041dc  a5=0000030a ; c.lw    a5,128(a1) [f004039c]
      2414 :    #2093 0 8000006a 00004594  a3=000002ac ; c.lw    a3,8(a1) [f0040324]
      2415 :    #2094 0 8000006c 00f75c63              ; bge     a4,a5,0x80000084
      2416 :    #2095 0 80000070 02d7c063              ; blt     a5,a3,0x80000090
      2418 :    #2096 0 80000074 00e6dc63              ; bge     a3,a4,0x8000008c
      2419 :    #2097 0 8000008c 0000c214              ; c.sw    a3,0(a2) [f0041950]
      2420 :    #2098 0 8000008e 0000b7f5              ; c.j     0x8000007a
      2421 :    #2099 0 8000007a 00000591  a1=f0040320 ; c.addi  a1,4
      2422 :    #2100 0 8000007c 00000611  a2=f0041954 ; c.addi  a2,4
      2423 :    #2101 0 8000007e fea594e3              ; bne     a1,a0,0x80000066
      2424 :    #2102 0 80000066 00004198  a4=0000030a ; c.lw    a4,0(a1) [f0040320]
      2425 :    #2103 0 80000068 000041dc  a5=000002ac ; c.lw    a5,128(a1) [f00403a0]
      2426 :    #2104 0 8000006a 00004594  a3=00000256 ; c.lw    a3,8(a1) [f0040328]
      2427 :    #2105 0 8000006c 00f75c63              ; bge     a4,a5,0x80000084
      2428 :    #2106 0 80000084 fed74ae3              ; blt     a4,a3,0x80000078
      2429 :    #2107 0 80000088 00f6c463              ; blt     a3,a5,0x80000090
      2430 :    #2108 0 80000090 0000c21c              ; c.sw    a5,0(a2) [f0041954]
      2431 :    #2109 0 80000092 0000b7e5              ; c.j     0x8000007a
      2432 :    #2110 0 8000007a 00000591  a1=f0040324 ; c.addi  a1,4
      2433 :    #2111 0 8000007c 00000611  a2=f0041958 ; c.addi  a2,4
      2434 :    #2112 0 8000007e fea594e3              ; bne     a1,a0,0x80000066
      2436 :    #2113 0 80000066 00004198  a4=000002ac ; c.lw    a4,0(a1) [f0040324]
      2437 :    #2114 0 80000068 000041dc  a5=00000256 ; c.lw    a5,128(a1) [f00403a4]
      2438 :    #2115 0 8000006a 00004594  a3=000002e4 ; c.lw    a3,8(a1) [f004032c]
      2439 :    #2116 0 8000006c 00f75c63              ; bge     a4,a5,0x80000084
      2440 :    #2117 0 80000084 fed74ae3              ; blt     a4,a3,0x80000078
      2442 :    #2118 0 80000078 0000c218              ; c.sw    a4,0(a2) [f0041958]
      2443 :    #2119 0 8000007a 00000591  a1=f0040328 ; c.addi  a1,4
      2444 :    #2120 0 8000007c 00000611  a2=f004195c ; c.addi  a2,4
      2445 :    #2121 0 8000007e fea594e3              ; bne     a1,a0,0x80000066
      2446 :    #2122 0 80000066 00004198  a4=00000256 ; c.lw    a4,0(a1) [f0040328]
      2447 :    #2123 0 80000068 000041dc  a5=000002e4 ; c.lw    a5,128(a1) [f00403a8]
      2448 :    #2124 0 8000006a 00004594  a3=0000008f ; c.lw    a3,8(a1) [f0040330]
      2449 :    #2125 0 8000006c 00f75c63              ; bge     a4,a5,0x80000084
      2450 :    #2126 0 80000070 02d7c063              ; blt     a5,a3,0x80000090
      2451 :    #2127 0 80000074 00e6dc63              ; bge     a3,a4,0x8000008c
      2452 :    #2128 0 80000078 0000c218              ; c.sw    a4,0(a2) [f004195c]
      2453 :    #2129 0 8000007a 00000591  a1=f004032c ; c.addi  a1,4
      2454 :    #2130 0 8000007c 00000611  a2=f0041960 ; c.addi  a2,4
      2455 :    #2131 0 8000007e fea594e3              ; bne     a1,a0,0x80000066
      2456 :    #2132 0 80000066 00004198  a4=000002e4 ; c.lw    a4,0(a1) [f004032c]
      2457 :    #2133 0 80000068 000041dc  a5=0000008f ; c.lw    a5,128(a1) [f00403ac]
      2458 :    #2134 0 8000006a 00004594  a3=000001be ; c.lw    a3,8(a1) [f0040334]
      2459 :    #2135 0 8000006c 00f75c63              ; bge     a4,a5,0x80000084
      2460 :    #2136 0 80000084 fed74ae3              ; blt     a4,a3,0x80000078
      2462 :    #2137 0 80000088 00f6c463              ; blt     a3,a5,0x80000090
      2464 :    #2138 0 8000008c 0000c214              ; c.sw    a3,0(a2) [f0041960]
      2465 :    #2139 0 8000008e 0000b7f5              ; c.j     0x8000007a
      2466 :    #2140 0 8000007a 00000591  a1=f0040330 ; c.addi  a1,4
      2467 :    #2141 0 8000007c 00000611  a2=f0041964 ; c.addi  a2,4
      2468 :    #2142 0 8000007e fea594e3              ; bne     a1,a0,0x80000066
      2469 :    #2143 0 80000066 00004198  a4=0000008f ; c.lw    a4,0(a1) [f0040330]
      2470 :    #2144 0 80000068 000041dc  a5=000001be ; c.lw    a5,128(a1) [f00403b0]
      2471 :    #2145 0 8000006a 00004594  a3=00000021 ; c.lw    a3,8(a1) [f0040338]
      2472 :    #2146 0 8000006c 00f75c63              ; bge     a4,a5,0x80000084
      2473 :    #2147 0 80000070 02d7c063              ; blt     a5,a3,0x80000090
      2474 :    #2148 0 80000074 00e6dc63              ; bge     a3,a4,0x8000008c
      2476 :    #2149 0 80000078 0000c218              ; c.sw    a4,0(a2) [f0041964]
      2477 :    #2150 0 8000007a 00000591  a1=f0040334 ; c.addi  a1,4
      2478 :    #2151 0 8000007c 00000611  a2=f0041968 ; c.addi  a2,4
      2479 :    #2152 0 8000007e fea594e3              ; bne     a1,a0,0x80000066
      2480 :    #2153 0 80000066 00004198  a4=000001be ; c.lw    a4,0(a1) [f0040334]
      2481 :    #2154 0 80000068 000041dc  a5=00000021 ; c.lw    a5,128(a1) [f00403b4]
      2482 :    #2155 0 8000006a 00004594  a3=00000137 ; c.lw    a3,8(a1) [f004033c]
      2483 :    #2156 0 8000006c 00f75c63              ; bge     a4,a5,0x80000084
      2485 :    #2157 0 80000084 fed74ae3              ; blt     a4,a3,0x80000078
      2487 :    #2158 0 80000088 00f6c463              ; blt     a3,a5,0x80000090
      2488 :    #2159 0 8000008c 0000c214              ; c.sw    a3,0(a2) [f0041968]
      2489 :    #2160 0 8000008e 0000b7f5              ; c.j     0x8000007a
      2490 :    #2161 0 8000007a 00000591  a1=f0040338 ; c.addi  a1,4
      2491 :    #2162 0 8000007c 00000611  a2=f004196c ; c.addi  a2,4
      2492 :    #2163 0 8000007e fea594e3              ; bne     a1,a0,0x80000066
      2493 :    #2164 0 80000066 00004198  a4=00000021 ; c.lw    a4,0(a1) [f0040338]
      2494 :    #2165 0 80000068 000041dc  a5=00000137 ; c.lw    a5,128(a1) [f00403b8]
      2495 :    #2166 0 8000006a 00004594  a3=0000007d ; c.lw    a3,8(a1) [f0040340]
      2496 :    #2167 0 8000006c 00f75c63              ; bge     a4,a5,0x80000084
      2497 :    #2168 0 80000070 02d7c063              ; blt     a5,a3,0x80000090
      2499 :    #2169 0 80000074 00e6dc63              ; bge     a3,a4,0x8000008c
      2500 :    #2170 0 8000008c 0000c214              ; c.sw    a3,0(a2) [f004196c]
      2501 :    #2171 0 8000008e 0000b7f5              ; c.j     0x8000007a
      2502 :    #2172 0 8000007a 00000591  a1=f004033c ; c.addi  a1,4
      2503 :    #2173 0 8000007c 00000611  a2=f0041970 ; c.addi  a2,4
      2504 :    #2174 0 8000007e fea594e3              ; bne     a1,a0,0x80000066
      2505 :    #2175 0 80000066 00004198  a4=00000137 ; c.lw    a4,0(a1) [f004033c]
      2506 :    #2176 0 80000068 000041dc  a5=0000007d ; c.lw    a5,128(a1) [f00403bc]
      2507 :    #2177 0 8000006a 00004594  a3=000002e7 ; c.lw    a3,8(a1) [f0040344]
      2508 :    #2178 0 8000006c 00f75c63              ; bge     a4,a5,0x80000084
      2509 :    #2179 0 80000084 fed74ae3              ; blt     a4,a3,0x80000078
      2511 :    #2180 0 80000078 0000c218              ; c.sw    a4,0(a2) [f0041970]
      2512 :    #2181 0 8000007a 00000591  a1=f0040340 ; c.addi  a1,4
      2513 :    #2182 0 8000007c 00000611  a2=f0041974 ; c.addi  a2,4
      2514 :    #2183 0 8000007e fea594e3              ; bne     a1,a0,0x80000066
      2515 :    #2184 0 80000066 00004198  a4=0000007d ; c.lw    a4,0(a1) [f0040340]
      2516 :    #2185 0 80000068 000041dc  a5=000002e7 ; c.lw    a5,128(a1) [f00403c0]
      2517 :    #2186 0 8000006a 00004594  a3=000003ad ; c.lw    a3,8(a1) [f0040348]
      2518 :    #2187 0 8000006c 00f75c63              ; bge     a4,a5,0x80000084
      2519 :    #2188 0 80000070 02d7c063              ; blt     a5,a3,0x80000090
      2521 :    #2189 0 80000090 0000c21c              ; c.sw    a5,0(a2) [f0041974]
      2522 :    #2190 0 80000092 0000b7e5              ; c.j     0x8000007a
      2523 :    #2191 0 8000007a 00000591  a1=f0040344 ; c.addi  a1,4
      2524 :    #2192 0 8000007c 00000611  a2=f0041978 ; c.addi  a2,4
      2525 :    #2193 0 8000007e fea594e3              ; bne     a1,a0,0x80000066
      2526 :    #2194 0 80000066 00004198  a4=000002e7 ; c.lw    a4,0(a1) [f0040344]
      2527 :    #2195 0 80000068 000041dc  a5=000003ad ; c.lw    a5,128(a1) [f00403c4]
      2528 :    #2196 0 8000006a 00004594  a3=0000022d ; c.lw    a3,8(a1) [f004034c]
      2529 :    #2197 0 8000006c 00f75c63              ; bge     a4,a5,0x80000084
      2530 :    #2198 0 80000070 02d7c063              ; blt     a5,a3,0x80000090
      2532 :    #2199 0 80000074 00e6dc63              ; bge     a3,a4,0x8000008c
      2533 :    #2200 0 80000078 0000c218              ; c.sw    a4,0(a2) [f0041978]
      2534 :    #2201 0 8000007a 00000591  a1=f0040348 ; c.addi  a1,4
      2535 :    #2202 0 8000007c 00000611  a2=f004197c ; c.addi  a2,4
      2536 :    #2203 0 8000007e fea594e3              ; bne     a1,a0,0x80000066
      2537 :    #2204 0 80000066 00004198  a4=000003ad ; c.lw    a4,0(a1) [f0040348]
      2538 :    #2205 0 80000068 000041dc  a5=0000022d ; c.lw    a5,128(a1) [f00403c8]
      2539 :    #2206 0 8000006a 00004594  a3=000003a5 ; c.lw    a3,8(a1) [f0040350]
      2540 :    #2207 0 8000006c 00f75c63              ; bge     a4,a5,0x80000084
      2541 :    #2208 0 80000084 fed74ae3              ; blt     a4,a3,0x80000078
      2542 :    #2209 0 80000088 00f6c463              ; blt     a3,a5,0x80000090
      2543 :    #2210 0 8000008c 0000c214              ; c.sw    a3,0(a2) [f004197c]
      2544 :    #2211 0 8000008e 0000b7f5              ; c.j     0x8000007a
      2545 :    #2212 0 8000007a 00000591  a1=f004034c ; c.addi  a1,4
      2546 :    #2213 0 8000007c 00000611  a2=f0041980 ; c.addi  a2,4
      2547 :    #2214 0 8000007e fea594e3              ; bne     a1,a0,0x80000066
      2548 :    #2215 0 80000066 00004198  a4=0000022d ; c.lw    a4,0(a1) [f004034c]
      2549 :    #2216 0 80000068 000041dc  a5=000003a5 ; c.lw    a5,128(a1) [f00403cc]
      2550 :    #2217 0 8000006a 00004594  a3=000001df ; c.lw    a3,8(a1) [f0040354]
      2551 :    #2218 0 8000006c 00f75c63              ; bge     a4,a5,0x80000084
      2553 :    #2219 0 80000070 02d7c063              ; blt     a5,a3,0x80000090
      2554 :    #2220 0 80000074 00e6dc63              ; bge     a3,a4,0x8000008c
      2556 :    #2221 0 80000078 0000c218              ; c.sw    a4,0(a2) [f0041980]
      2557 :    #2222 0 8000007a 00000591  a1=f0040350 ; c.addi  a1,4
      2558 :    #2223 0 8000007c 00000611  a2=f0041984 ; c.addi  a2,4
      2559 :    #2224 0 8000007e fea594e3              ; bne     a1,a0,0x80000066
      2560 :    #2225 0 80000066 00004198  a4=000003a5 ; c.lw    a4,0(a1) [f0040350]
      2561 :    #2226 0 80000068 000041dc  a5=000001df ; c.lw    a5,128(a1) [f00403d0]
      2562 :    #2227 0 8000006a 00004594  a3=0000031f ; c.lw    a3,8(a1) [f0040358]
      2563 :    #2228 0 8000006c 00f75c63              ; bge     a4,a5,0x80000084
      2565 :    #2229 0 80000084 fed74ae3              ; blt     a4,a3,0x80000078
      2567 :    #2230 0 80000088 00f6c463              ; blt     a3,a5,0x80000090
      2568 :    #2231 0 8000008c 0000c214              ; c.sw    a3,0(a2) [f0041984]
      2569 :    #2232 0 8000008e 0000b7f5              ; c.j     0x8000007a
      2570 :    #2233 0 8000007a 00000591  a1=f0040354 ; c.addi  a1,4
      2571 :    #2234 0 8000007c 00000611  a2=f0041988 ; c.addi  a2,4
      2572 :    #2235 0 8000007e fea594e3              ; bne     a1,a0,0x80000066
      2573 :    #2236 0 80000066 00004198  a4=000001df ; c.lw    a4,0(a1) [f0040354]
      2574 :    #2237 0 80000068 000041dc  a5=0000031f ; c.lw    a5,128(a1) [f00403d4]
      2575 :    #2238 0 8000006a 00004594  a3=0000022d ; c.lw    a3,8(a1) [f004035c]
      2576 :    #2239 0 8000006c 00f75c63              ; bge     a4,a5,0x80000084
      2577 :    #2240 0 80000070 02d7c063              ; blt     a5,a3,0x80000090
      2579 :    #2241 0 80000074 00e6dc63              ; bge     a3,a4,0x8000008c
      2580 :    #2242 0 8000008c 0000c214              ; c.sw    a3,0(a2) [f0041988]
      2581 :    #2243 0 8000008e 0000b7f5              ; c.j     0x8000007a
      2582 :    #2244 0 8000007a 00000591  a1=f0040358 ; c.addi  a1,4
      2583 :    #2245 0 8000007c 00000611  a2=f004198c ; c.addi  a2,4
      2584 :    #2246 0 8000007e fea594e3              ; bne     a1,a0,0x80000066
      2585 :    #2247 0 80000066 00004198  a4=0000031f ; c.lw    a4,0(a1) [f0040358]
      2586 :    #2248 0 80000068 000041dc  a5=0000022d ; c.lw    a5,128(a1) [f00403d8]
      2587 :    #2249 0 8000006a 00004594  a3=00000229 ; c.lw    a3,8(a1) [f0040360]
      2588 :    #2250 0 8000006c 00f75c63              ; bge     a4,a5,0x80000084
      2589 :    #2251 0 80000084 fed74ae3              ; blt     a4,a3,0x80000078
      2591 :    #2252 0 80000088 00f6c463              ; blt     a3,a5,0x80000090
      2593 :    #2253 0 80000090 0000c21c              ; c.sw    a5,0(a2) [f004198c]
      2594 :    #2254 0 80000092 0000b7e5              ; c.j     0x8000007a
      2595 :    #2255 0 8000007a 00000591  a1=f004035c ; c.addi  a1,4
      2596 :    #2256 0 8000007c 00000611  a2=f0041990 ; c.addi  a2,4
      2597 :    #2257 0 8000007e fea594e3              ; bne     a1,a0,0x80000066
      2598 :    #2258 0 80000066 00004198  a4=0000022d ; c.lw    a4,0(a1) [f004035c]
      2599 :    #2259 0 80000068 000041dc  a5=00000229 ; c.lw    a5,128(a1) [f00403dc]
      2600 :    #2260 0 8000006a 00004594  a3=0000039d ; c.lw    a3,8(a1) [f0040364]
      2601 :    #2261 0 8000006c 00f75c63              ; bge     a4,a5,0x80000084
      2602 :    #2262 0 80000084 fed74ae3              ; blt     a4,a3,0x80000078
      2604 :    #2263 0 80000078 0000c218              ; c.sw    a4,0(a2) [f0041990]
      2605 :    #2264 0 8000007a 00000591  a1=f0040360 ; c.addi  a1,4
      2606 :    #2265 0 8000007c 00000611  a2=f0041994 ; c.addi  a2,4
      2607 :    #2266 0 8000007e fea594e3              ; bne     a1,a0,0x80000066
      2608 :    #2267 0 80000066 00004198  a4=00000229 ; c.lw    a4,0(a1) [f0040360]
      2609 :    #2268 0 80000068 000041dc  a5=0000039d ; c.lw    a5,128(a1) [f00403e0]
      2610 :    #2269 0 8000006a 00004594  a3=000001af ; c.lw    a3,8(a1) [f0040368]
      2611 :    #2270 0 8000006c 00f75c63              ; bge     a4,a5,0x80000084
      2612 :    #2271 0 80000070 02d7c063              ; blt     a5,a3,0x80000090
      2613 :    #2272 0 80000074 00e6dc63              ; bge     a3,a4,0x8000008c
      2614 :    #2273 0 80000078 0000c218              ; c.sw    a4,0(a2) [f0041994]
      2615 :    #2274 0 8000007a 00000591  a1=f0040364 ; c.addi  a1,4
      2616 :    #2275 0 8000007c 00000611  a2=f0041998 ; c.addi  a2,4
      2617 :    #2276 0 8000007e fea594e3              ; bne     a1,a0,0x80000066
      2618 :    #2277 0 80000066 00004198  a4=0000039d ; c.lw    a4,0(a1) [f0040364]
      2619 :    #2278 0 80000068 000041dc  a5=000001af ; c.lw    a5,128(a1) [f00403e4]
      2620 :    #2279 0 8000006a 00004594  a3=0000031c ; c.lw    a3,8(a1) [f004036c]
      2621 :    #2280 0 8000006c 00f75c63              ; bge     a4,a5,0x80000084
      2622 :    #2281 0 80000084 fed74ae3              ; blt     a4,a3,0x80000078
      2624 :    #2282 0 80000088 00f6c463              ; blt     a3,a5,0x80000090
      2626 :    #2283 0 8000008c 0000c214              ; c.sw    a3,0(a2) [f0041998]
      2627 :    #2284 0 8000008e 0000b7f5              ; c.j     0x8000007a
      2628 :    #2285 0 8000007a 00000591  a1=f0040368 ; c.addi  a1,4
      2629 :    #2286 0 8000007c 00000611  a2=f004199c ; c.addi  a2,4
      2630 :    #2287 0 8000007e fea594e3              ; bne     a1,a0,0x80000066
      2631 :    #2288 0 80000066 00004198  a4=000001af ; c.lw    a4,0(a1) [f0040368]
      2632 :    #2289 0 80000068 000041dc  a5=0000031c ; c.lw    a5,128(a1) [f00403e8]
      2633 :    #2290 0 8000006a 00004594  a3=00000288 ; c.lw    a3,8(a1) [f0040370]
      2634 :    #2291 0 8000006c 00f75c63              ; bge     a4,a5,0x80000084
      2635 :    #2292 0 80000070 02d7c063              ; blt     a5,a3,0x80000090
      2636 :    #2293 0 80000074 00e6dc63              ; bge     a3,a4,0x8000008c
      2637 :    #2294 0 8000008c 0000c214              ; c.sw    a3,0(a2) [f004199c]
      2638 :    #2295 0 8000008e 0000b7f5              ; c.j     0x8000007a
      2639 :    #2296 0 8000007a 00000591  a1=f004036c ; c.addi  a1,4
      2640 :    #2297 0 8000007c 00000611  a2=f00419a0 ; c.addi  a2,4
      2641 :    #2298 0 8000007e fea594e3              ; bne     a1,a0,0x80000066
      2642 :    #2299 0 80000066 00004198  a4=0000031c ; c.lw    a4,0(a1) [f004036c]
      2643 :    #2300 0 80000068 000041dc  a5=00000288 ; c.lw    a5,128(a1) [f00403ec]
      2644 :    #2301 0 8000006a 00004594  a3=00000165 ; c.lw    a3,8(a1) [f0040374]
      2645 :    #2302 0 8000006c 00f75c63              ; bge     a4,a5,0x80000084
      2647 :    #2303 0 80000084 fed74ae3              ; blt     a4,a3,0x80000078
      2649 :    #2304 0 80000088 00f6c463              ; blt     a3,a5,0x80000090
      2651 :    #2305 0 80000090 0000c21c              ; c.sw    a5,0(a2) [f00419a0]
      2652 :    #2306 0 80000092 0000b7e5              ; c.j     0x8000007a
      2653 :    #2307 0 8000007a 00000591  a1=f0040370 ; c.addi  a1,4
      2654 :    #2308 0 8000007c 00000611  a2=f00419a4 ; c.addi  a2,4
      2655 :    #2309 0 8000007e fea594e3              ; bne     a1,a0,0x80000066
      2656 :    #2310 0 80000066 00004198  a4=00000288 ; c.lw    a4,0(a1) [f0040370]
      2657 :    #2311 0 80000068 000041dc  a5=00000165 ; c.lw    a5,128(a1) [f00403f0]
      2658 :    #2312 0 8000006a 00004594  a3=000003b8 ; c.lw    a3,8(a1) [f0040378]
      2659 :    #2313 0 8000006c 00f75c63              ; bge     a4,a5,0x80000084
      2660 :    #2314 0 80000084 fed74ae3              ; blt     a4,a3,0x80000078
      2661 :    #2315 0 80000078 0000c218              ; c.sw    a4,0(a2) [f00419a4]
      2662 :    #2316 0 8000007a 00000591  a1=f0040374 ; c.addi  a1,4
      2663 :    #2317 0 8000007c 00000611  a2=f00419a8 ; c.addi  a2,4
      2664 :    #2318 0 8000007e fea594e3              ; bne     a1,a0,0x80000066
      2665 :    #2319 0 80000066 00004198  a4=00000165 ; c.lw    a4,0(a1) [f0040374]
      2666 :    #2320 0 80000068 000041dc  a5=000003b8 ; c.lw    a5,128(a1) [f00403f4]
      2667 :    #2321 0 8000006a 00004594  a3=0000037b ; c.lw    a3,8(a1) [f004037c]
      2668 :    #2322 0 8000006c 00f75c63              ; bge     a4,a5,0x80000084
      2669 :    #2323 0 80000070 02d7c063              ; blt     a5,a3,0x80000090
      2671 :    #2324 0 80000074 00e6dc63              ; bge     a3,a4,0x8000008c
      2672 :    #2325 0 8000008c 0000c214              ; c.sw    a3,0(a2) [f00419a8]
      2673 :    #2326 0 8000008e 0000b7f5              ; c.j     0x8000007a
      2674 :    #2327 0 8000007a 00000591  a1=f0040378 ; c.addi  a1,4
      2675 :    #2328 0 8000007c 00000611  a2=f00419ac ; c.addi  a2,4
      2676 :    #2329 0 8000007e fea594e3              ; bne     a1,a0,0x80000066
      2677 :    #2330 0 80000066 00004198  a4=000003b8 ; c.lw    a4,0(a1) [f0040378]
      2678 :    #2331 0 80000068 000041dc  a5=0000037b ; c.lw    a5,128(a1) [f00403f8]
      2679 :    #2332 0 8000006a 00004594  a3=0000011f ; c.lw    a3,8(a1) [f0040380]
      2680 :    #2333 0 8000006c 00f75c63              ; bge     a4,a5,0x80000084
      2681 :    #2334 0 80000084 fed74ae3              ; blt     a4,a3,0x80000078
      2682 :    #2335 0 80000088 00f6c463              ; blt     a3,a5,0x80000090
      2683 :    #2336 0 80000090 0000c21c              ; c.sw    a5,0(a2) [f00419ac]
      2684 :    #2337 0 80000092 0000b7e5              ; c.j     0x8000007a
      2685 :    #2338 0 8000007a 00000591  a1=f004037c ; c.addi  a1,4
      2686 :    #2339 0 8000007c 00000611  a2=f00419b0 ; c.addi  a2,4
      2687 :    #2340 0 8000007e fea594e3              ; bne     a1,a0,0x80000066
      2688 :    #2341 0 80000066 00004198  a4=0000037b ; c.lw    a4,0(a1) [f004037c]
      2689 :    #2342 0 80000068 000041dc  a5=0000011f ; c.lw    a5,128(a1) [f00403fc]
      2690 :    #2343 0 8000006a 00004594  a3=0000029a ; c.lw    a3,8(a1) [f0040384]
      2691 :    #2344 0 8000006c 00f75c63              ; bge     a4,a5,0x80000084
      2693 :    #2345 0 80000084 fed74ae3              ; blt     a4,a3,0x80000078
      2695 :    #2346 0 80000088 00f6c463              ; blt     a3,a5,0x80000090
      2696 :    #2347 0 8000008c 0000c214              ; c.sw    a3,0(a2) [f00419b0]
      2697 :    #2348 0 8000008e 0000b7f5              ; c.j     0x8000007a
      2698 :    #2349 0 8000007a 00000591  a1=f0040380 ; c.addi  a1,4
      2699 :    #2350 0 8000007c 00000611  a2=f00419b4 ; c.addi  a2,4
      2700 :    #2351 0 8000007e fea594e3              ; bne     a1,a0,0x80000066
      2701 :    #2352 0 80000066 00004198  a4=0000011f ; c.lw    a4,0(a1) [f0040380]
      2702 :    #2353 0 80000068 000041dc  a5=0000029a ; c.lw    a5,128(a1) [f0040400]
      2703 :    #2354 0 8000006a 00004594  a3=00000013 ; c.lw    a3,8(a1) [f0040388]
      2704 :    #2355 0 8000006c 00f75c63              ; bge     a4,a5,0x80000084
      2706 :    #2356 0 80000070 02d7c063              ; blt     a5,a3,0x80000090
      2707 :    #2357 0 80000074 00e6dc63              ; bge     a3,a4,0x8000008c
      2708 :    #2358 0 80000078 0000c218              ; c.sw    a4,0(a2) [f00419b4]
      2709 :    #2359 0 8000007a 00000591  a1=f0040384 ; c.addi  a1,4
      2710 :    #2360 0 8000007c 00000611  a2=f00419b8 ; c.addi  a2,4
      2711 :    #2361 0 8000007e fea594e3              ; bne     a1,a0,0x80000066
      2712 :    #2362 0 80000066 00004198  a4=0000029a ; c.lw    a4,0(a1) [f0040384]
      2713 :    #2363 0 80000068 000041dc  a5=00000013 ; c.lw    a5,128(a1) [f0040404]
      2714 :    #2364 0 8000006a 00004594  a3=00000202 ; c.lw    a3,8(a1) [f004038c]
      2715 :    #2365 0 8000006c 00f75c63              ; bge     a4,a5,0x80000084
      2716 :    #2366 0 80000084 fed74ae3              ; blt     a4,a3,0x80000078
      2717 :    #2367 0 80000088 00f6c463              ; blt     a3,a5,0x80000090
      2718 :    #2368 0 8000008c 0000c214              ; c.sw    a3,0(a2) [f00419b8]
      2719 :    #2369 0 8000008e 0000b7f5              ; c.j     0x8000007a
      2720 :    #2370 0 8000007a 00000591  a1=f0040388 ; c.addi  a1,4
      2721 :    #2371 0 8000007c 00000611  a2=f00419bc ; c.addi  a2,4
      2722 :    #2372 0 8000007e fea594e3              ; bne     a1,a0,0x80000066
      2723 :    #2373 0 80000066 00004198  a4=00000013 ; c.lw    a4,0(a1) [f0040388]
      2724 :    #2374 0 80000068 000041dc  a5=00000202 ; c.lw    a5,128(a1) [f0040408]
      2725 :    #2375 0 8000006a 00004594  a3=00000031 ; c.lw    a3,8(a1) [f0040390]
      2726 :    #2376 0 8000006c 00f75c63              ; bge     a4,a5,0x80000084
      2728 :    #2377 0 80000070 02d7c063              ; blt     a5,a3,0x80000090
      2729 :    #2378 0 80000074 00e6dc63              ; bge     a3,a4,0x8000008c
      2731 :    #2379 0 8000008c 0000c214              ; c.sw    a3,0(a2) [f00419bc]
      2732 :    #2380 0 8000008e 0000b7f5              ; c.j     0x8000007a
      2733 :    #2381 0 8000007a 00000591  a1=f004038c ; c.addi  a1,4
      2734 :    #2382 0 8000007c 00000611  a2=f00419c0 ; c.addi  a2,4
      2735 :    #2383 0 8000007e fea594e3              ; bne     a1,a0,0x80000066
      2736 :    #2384 0 80000066 00004198  a4=00000202 ; c.lw    a4,0(a1) [f004038c]
      2737 :    #2385 0 80000068 000041dc  a5=00000031 ; c.lw    a5,128(a1) [f004040c]
      2738 :    #2386 0 8000006a 00004594  a3=0000022d ; c.lw    a3,8(a1) [f0040394]
      2739 :    #2387 0 8000006c 00f75c63              ; bge     a4,a5,0x80000084
      2740 :    #2388 0 80000084 fed74ae3              ; blt     a4,a3,0x80000078
      2742 :    #2389 0 80000078 0000c218              ; c.sw    a4,0(a2) [f00419c0]
      2743 :    #2390 0 8000007a 00000591  a1=f0040390 ; c.addi  a1,4
      2744 :    #2391 0 8000007c 00000611  a2=f00419c4 ; c.addi  a2,4
      2745 :    #2392 0 8000007e fea594e3              ; bne     a1,a0,0x80000066
      2746 :    #2393 0 80000066 00004198  a4=00000031 ; c.lw    a4,0(a1) [f0040390]
      2747 :    #2394 0 80000068 000041dc  a5=0000022d ; c.lw    a5,128(a1) [f0040410]
      2748 :    #2395 0 8000006a 00004594  a3=00000056 ; c.lw    a3,8(a1) [f0040398]
      2749 :    #2396 0 8000006c 00f75c63              ; bge     a4,a5,0x80000084
      2750 :    #2397 0 80000070 02d7c063              ; blt     a5,a3,0x80000090
      2751 :    #2398 0 80000074 00e6dc63              ; bge     a3,a4,0x8000008c
      2753 :    #2399 0 8000008c 0000c214              ; c.sw    a3,0(a2) [f00419c4]
      2754 :    #2400 0 8000008e 0000b7f5              ; c.j     0x8000007a
      2755 :    #2401 0 8000007a 00000591  a1=f0040394 ; c.addi  a1,4
      2756 :    #2402 0 8000007c 00000611  a2=f00419c8 ; c.addi  a2,4
      2757 :    #2403 0 8000007e fea594e3              ; bne     a1,a0,0x80000066
      2758 :    #2404 0 80000066 00004198  a4=0000022d ; c.lw    a4,0(a1) [f0040394]
      2759 :    #2405 0 80000068 000041dc  a5=00000056 ; c.lw    a5,128(a1) [f0040414]
      2760 :    #2406 0 8000006a 00004594  a3=00000366 ; c.lw    a3,8(a1) [f004039c]
      2761 :    #2407 0 8000006c 00f75c63              ; bge     a4,a5,0x80000084
      2762 :    #2408 0 80000084 fed74ae3              ; blt     a4,a3,0x80000078
      2764 :    #2409 0 80000078 0000c218              ; c.sw    a4,0(a2) [f00419c8]
      2765 :    #2410 0 8000007a 00000591  a1=f0040398 ; c.addi  a1,4
      2766 :    #2411 0 8000007c 00000611  a2=f00419cc ; c.addi  a2,4
      2767 :    #2412 0 8000007e fea594e3              ; bne     a1,a0,0x80000066
      2768 :    #2413 0 80000066 00004198  a4=00000056 ; c.lw    a4,0(a1) [f0040398]
      2769 :    #2414 0 80000068 000041dc  a5=00000366 ; c.lw    a5,128(a1) [f0040418]
      2770 :    #2415 0 8000006a 00004594  a3=0000005f ; c.lw    a3,8(a1) [f00403a0]
      2771 :    #2416 0 8000006c 00f75c63              ; bge     a4,a5,0x80000084
      2772 :    #2417 0 80000070 02d7c063              ; blt     a5,a3,0x80000090
      2773 :    #2418 0 80000074 00e6dc63              ; bge     a3,a4,0x8000008c
      2775 :    #2419 0 8000008c 0000c214              ; c.sw    a3,0(a2) [f00419cc]
      2776 :    #2420 0 8000008e 0000b7f5              ; c.j     0x8000007a
      2777 :    #2421 0 8000007a 00000591  a1=f004039c ; c.addi  a1,4
      2778 :    #2422 0 8000007c 00000611  a2=f00419d0 ; c.addi  a2,4
      2779 :    #2423 0 8000007e fea594e3              ; bne     a1,a0,0x80000066
      2780 :    #2424 0 80000066 00004198  a4=00000366 ; c.lw    a4,0(a1) [f004039c]
      2781 :    #2425 0 80000068 000041dc  a5=0000005f ; c.lw    a5,128(a1) [f004041c]
      2782 :    #2426 0 8000006a 00004594  a3=00000355 ; c.lw    a3,8(a1) [f00403a4]
      2783 :    #2427 0 8000006c 00f75c63              ; bge     a4,a5,0x80000084
      2784 :    #2428 0 80000084 fed74ae3              ; blt     a4,a3,0x80000078
      2785 :    #2429 0 80000088 00f6c463              ; blt     a3,a5,0x80000090
      2787 :    #2430 0 8000008c 0000c214              ; c.sw    a3,0(a2) [f00419d0]
      2788 :    #2431 0 8000008e 0000b7f5              ; c.j     0x8000007a
      2789 :    #2432 0 8000007a 00000591  a1=f00403a0 ; c.addi  a1,4
      2790 :    #2433 0 8000007c 00000611  a2=f00419d4 ; c.addi  a2,4
      2791 :    #2434 0 8000007e fea594e3              ; bne     a1,a0,0x80000066
      2792 :    #2435 0 80000066 00004198  a4=0000005f ; c.lw    a4,0(a1) [f00403a0]
      2793 :    #2436 0 80000068 000041dc  a5=00000355 ; c.lw    a5,128(a1) [f0040420]
      2794 :    #2437 0 8000006a 00004594  a3=000001b9 ; c.lw    a3,8(a1) [f00403a8]
      2795 :    #2438 0 8000006c 00f75c63              ; bge     a4,a5,0x80000084
      2796 :    #2439 0 80000070 02d7c063              ; blt     a5,a3,0x80000090
      2797 :    #2440 0 80000074 00e6dc63              ; bge     a3,a4,0x8000008c
      2799 :    #2441 0 8000008c 0000c214              ; c.sw    a3,0(a2) [f00419d4]
      2800 :    #2442 0 8000008e 0000b7f5              ; c.j     0x8000007a
      2801 :    #2443 0 8000007a 00000591  a1=f00403a4 ; c.addi  a1,4
      2802 :    #2444 0 8000007c 00000611  a2=f00419d8 ; c.addi  a2,4
      2803 :    #2445 0 8000007e fea594e3              ; bne     a1,a0,0x80000066
      2804 :    #2446 0 80000066 00004198  a4=00000355 ; c.lw    a4,0(a1) [f00403a4]
      2805 :    #2447 0 80000068 000041dc  a5=000001b9 ; c.lw    a5,128(a1) [f0040424]
      2806 :    #2448 0 8000006a 00004594  a3=000001b8 ; c.lw    a3,8(a1) [f00403ac]
      2807 :    #2449 0 8000006c 00f75c63              ; bge     a4,a5,0x80000084
      2808 :    #2450 0 80000084 fed74ae3              ; blt     a4,a3,0x80000078
      2810 :    #2451 0 80000088 00f6c463              ; blt     a3,a5,0x80000090
      2811 :    #2452 0 80000090 0000c21c              ; c.sw    a5,0(a2) [f00419d8]
      2812 :    #2453 0 80000092 0000b7e5              ; c.j     0x8000007a
      2813 :    #2454 0 8000007a 00000591  a1=f00403a8 ; c.addi  a1,4
      2814 :    #2455 0 8000007c 00000611  a2=f00419dc ; c.addi  a2,4
      2815 :    #2456 0 8000007e fea594e3              ; bne     a1,a0,0x80000066
      2816 :    #2457 0 80000066 00004198  a4=000001b9 ; c.lw    a4,0(a1) [f00403a8]
      2817 :    #2458 0 80000068 000041dc  a5=000001b8 ; c.lw    a5,128(a1) [f0040428]
      2818 :    #2459 0 8000006a 00004594  a3=0000024b ; c.lw    a3,8(a1) [f00403b0]
      2819 :    #2460 0 8000006c 00f75c63              ; bge     a4,a5,0x80000084
      2820 :    #2461 0 80000084 fed74ae3              ; blt     a4,a3,0x80000078
      2821 :    #2462 0 80000078 0000c218              ; c.sw    a4,0(a2) [f00419dc]
      2822 :    #2463 0 8000007a 00000591  a1=f00403ac ; c.addi  a1,4
      2823 :    #2464 0 8000007c 00000611  a2=f00419e0 ; c.addi  a2,4
      2824 :    #2465 0 8000007e fea594e3              ; bne     a1,a0,0x80000066
      2825 :    #2466 0 80000066 00004198  a4=000001b8 ; c.lw    a4,0(a1) [f00403ac]
      2826 :    #2467 0 80000068 000041dc  a5=0000024b ; c.lw    a5,128(a1) [f004042c]
      2827 :    #2468 0 8000006a 00004594  a3=0000003d ; c.lw    a3,8(a1) [f00403b4]
      2828 :    #2469 0 8000006c 00f75c63              ; bge     a4,a5,0x80000084
      2829 :    #2470 0 80000070 02d7c063              ; blt     a5,a3,0x80000090
      2831 :    #2471 0 80000074 00e6dc63              ; bge     a3,a4,0x8000008c
      2833 :    #2472 0 80000078 0000c218              ; c.sw    a4,0(a2) [f00419e0]
      2834 :    #2473 0 8000007a 00000591  a1=f00403b0 ; c.addi  a1,4
      2835 :    #2474 0 8000007c 00000611  a2=f00419e4 ; c.addi  a2,4
      2836 :    #2475 0 8000007e fea594e3              ; bne     a1,a0,0x80000066
      2837 :    #2476 0 80000066 00004198  a4=0000024b ; c.lw    a4,0(a1) [f00403b0]
      2838 :    #2477 0 80000068 000041dc  a5=0000003d ; c.lw    a5,128(a1) [f0040430]
      2839 :    #2478 0 8000006a 00004594  a3=00000266 ; c.lw    a3,8(a1) [f00403b8]
      2840 :    #2479 0 8000006c 00f75c63              ; bge     a4,a5,0x80000084
      2841 :    #2480 0 80000084 fed74ae3              ; blt     a4,a3,0x80000078
      2843 :    #2481 0 80000078 0000c218              ; c.sw    a4,0(a2) [f00419e4]
      2844 :    #2482 0 8000007a 00000591  a1=f00403b4 ; c.addi  a1,4
      2845 :    #2483 0 8000007c 00000611  a2=f00419e8 ; c.addi  a2,4
      2846 :    #2484 0 8000007e fea594e3              ; bne     a1,a0,0x80000066
      2847 :    #2485 0 80000066 00004198  a4=0000003d ; c.lw    a4,0(a1) [f00403b4]
      2848 :    #2486 0 80000068 000041dc  a5=00000266 ; c.lw    a5,128(a1) [f0040434]
      2849 :    #2487 0 8000006a 00004594  a3=000002a6 ; c.lw    a3,8(a1) [f00403bc]
      2850 :    #2488 0 8000006c 00f75c63              ; bge     a4,a5,0x80000084
      2851 :    #2489 0 80000070 02d7c063              ; blt     a5,a3,0x80000090
      2853 :    #2490 0 80000090 0000c21c              ; c.sw    a5,0(a2) [f00419e8]
      2854 :    #2491 0 80000092 0000b7e5              ; c.j     0x8000007a
      2855 :    #2492 0 8000007a 00000591  a1=f00403b8 ; c.addi  a1,4
      2856 :    #2493 0 8000007c 00000611  a2=f00419ec ; c.addi  a2,4
      2857 :    #2494 0 8000007e fea594e3              ; bne     a1,a0,0x80000066
      2858 :    #2495 0 80000066 00004198  a4=00000266 ; c.lw    a4,0(a1) [f00403b8]
      2859 :    #2496 0 80000068 000041dc  a5=000002a6 ; c.lw    a5,128(a1) [f0040438]
      2860 :    #2497 0 8000006a 00004594  a3=0000017e ; c.lw    a3,8(a1) [f00403c0]
      2861 :    #2498 0 8000006c 00f75c63              ; bge     a4,a5,0x80000084
      2863 :    #2499 0 80000070 02d7c063              ; blt     a5,a3,0x80000090
      2864 :    #2500 0 80000074 00e6dc63              ; bge     a3,a4,0x8000008c
      2865 :    #2501 0 80000078 0000c218              ; c.sw    a4,0(a2) [f00419ec]
      2866 :    #2502 0 8000007a 00000591  a1=f00403bc ; c.addi  a1,4
      2867 :    #2503 0 8000007c 00000611  a2=f00419f0 ; c.addi  a2,4
      2868 :    #2504 0 8000007e fea594e3              ; bne     a1,a0,0x80000066
      2869 :    #2505 0 80000066 00004198  a4=000002a6 ; c.lw    a4,0(a1) [f00403bc]
      2870 :    #2506 0 80000068 000041dc  a5=0000017e ; c.lw    a5,128(a1) [f004043c]
      2871 :    #2507 0 8000006a 00004594  a3=0000018c ; c.lw    a3,8(a1) [f00403c4]
      2872 :    #2508 0 8000006c 00f75c63              ; bge     a4,a5,0x80000084
      2874 :    #2509 0 80000084 fed74ae3              ; blt     a4,a3,0x80000078
      2876 :    #2510 0 80000088 00f6c463              ; blt     a3,a5,0x80000090
      2877 :    #2511 0 8000008c 0000c214              ; c.sw    a3,0(a2) [f00419f0]
      2878 :    #2512 0 8000008e 0000b7f5              ; c.j     0x8000007a
      2879 :    #2513 0 8000007a 00000591  a1=f00403c0 ; c.addi  a1,4
      2880 :    #2514 0 8000007c 00000611  a2=f00419f4 ; c.addi  a2,4
      2881 :    #2515 0 8000007e fea594e3              ; bne     a1,a0,0x80000066
      2882 :    #2516 0 80000066 00004198  a4=0000017e ; c.lw    a4,0(a1) [f00403c0]
      2883 :    #2517 0 80000068 000041dc  a5=0000018c ; c.lw    a5,128(a1) [f0040440]
      2884 :    #2518 0 8000006a 00004594  a3=00000118 ; c.lw    a3,8(a1) [f00403c8]
      2885 :    #2519 0 8000006c 00f75c63              ; bge     a4,a5,0x80000084
      2886 :    #2520 0 80000070 02d7c063              ; blt     a5,a3,0x80000090
      2887 :    #2521 0 80000074 00e6dc63              ; bge     a3,a4,0x8000008c
      2888 :    #2522 0 80000078 0000c218              ; c.sw    a4,0(a2) [f00419f4]
      2889 :    #2523 0 8000007a 00000591  a1=f00403c4 ; c.addi  a1,4
      2890 :    #2524 0 8000007c 00000611  a2=f00419f8 ; c.addi  a2,4
      2891 :    #2525 0 8000007e fea594e3              ; bne     a1,a0,0x80000066
      2892 :    #2526 0 80000066 00004198  a4=0000018c ; c.lw    a4,0(a1) [f00403c4]
      2893 :    #2527 0 80000068 000041dc  a5=00000118 ; c.lw    a5,128(a1) [f0040444]
      2894 :    #2528 0 8000006a 00004594  a3=00000009 ; c.lw    a3,8(a1) [f00403cc]
      2895 :    #2529 0 8000006c 00f75c63              ; bge     a4,a5,0x80000084
      2896 :    #2530 0 80000084 fed74ae3              ; blt     a4,a3,0x80000078
      2898 :    #2531 0 80000088 00f6c463              ; blt     a3,a5,0x80000090
      2899 :    #2532 0 80000090 0000c21c              ; c.sw    a5,0(a2) [f00419f8]
      2900 :    #2533 0 80000092 0000b7e5              ; c.j     0x8000007a
      2901 :    #2534 0 8000007a 00000591  a1=f00403c8 ; c.addi  a1,4
      2902 :    #2535 0 8000007c 00000611  a2=f00419fc ; c.addi  a2,4
      2903 :    #2536 0 8000007e fea594e3              ; bne     a1,a0,0x80000066
      2904 :    #2537 0 80000066 00004198  a4=00000118 ; c.lw    a4,0(a1) [f00403c8]
      2905 :    #2538 0 80000068 000041dc  a5=00000009 ; c.lw    a5,128(a1) [f0040448]
      2906 :    #2539 0 8000006a 00004594  a3=00000328 ; c.lw    a3,8(a1) [f00403d0]
      2907 :    #2540 0 8000006c 00f75c63              ; bge     a4,a5,0x80000084
      2909 :    #2541 0 80000084 fed74ae3              ; blt     a4,a3,0x80000078
      2911 :    #2542 0 80000078 0000c218              ; c.sw    a4,0(a2) [f00419fc]
      2912 :    #2543 0 8000007a 00000591  a1=f00403cc ; c.addi  a1,4
      2913 :    #2544 0 8000007c 00000611  a2=f0041a00 ; c.addi  a2,4
      2914 :    #2545 0 8000007e fea594e3              ; bne     a1,a0,0x80000066
      2915 :    #2546 0 80000066 00004198  a4=00000009 ; c.lw    a4,0(a1) [f00403cc]
      2916 :    #2547 0 80000068 000041dc  a5=00000328 ; c.lw    a5,128(a1) [f004044c]
      2917 :    #2548 0 8000006a 00004594  a3=00000011 ; c.lw    a3,8(a1) [f00403d4]
      2918 :    #2549 0 8000006c 00f75c63              ; bge     a4,a5,0x80000084
      2919 :    #2550 0 80000070 02d7c063              ; blt     a5,a3,0x80000090
      2920 :    #2551 0 80000074 00e6dc63              ; bge     a3,a4,0x8000008c
      2921 :    #2552 0 8000008c 0000c214              ; c.sw    a3,0(a2) [f0041a00]
      2922 :    #2553 0 8000008e 0000b7f5              ; c.j     0x8000007a
      2923 :    #2554 0 8000007a 00000591  a1=f00403d0 ; c.addi  a1,4
      2924 :    #2555 0 8000007c 00000611  a2=f0041a04 ; c.addi  a2,4
      2925 :    #2556 0 8000007e fea594e3              ; bne     a1,a0,0x80000066
      2926 :    #2557 0 80000066 00004198  a4=00000328 ; c.lw    a4,0(a1) [f00403d0]
      2927 :    #2558 0 80000068 000041dc  a5=00000011 ; c.lw    a5,128(a1) [f0040450]
      2928 :    #2559 0 8000006a 00004594  a3=000003cb ; c.lw    a3,8(a1) [f00403d8]
      2929 :    #2560 0 8000006c 00f75c63              ; bge     a4,a5,0x80000084
      2930 :    #2561 0 80000084 fed74ae3              ; blt     a4,a3,0x80000078
      2932 :    #2562 0 80000078 0000c218              ; c.sw    a4,0(a2) [f0041a04]
      2933 :    #2563 0 8000007a 00000591  a1=f00403d4 ; c.addi  a1,4
      2934 :    #2564 0 8000007c 00000611  a2=f0041a08 ; c.addi  a2,4
      2935 :    #2565 0 8000007e fea594e3              ; bne     a1,a0,0x80000066
      2936 :    #2566 0 80000066 00004198  a4=00000011 ; c.lw    a4,0(a1) [f00403d4]
      2937 :    #2567 0 80000068 000041dc  a5=000003cb ; c.lw    a5,128(a1) [f0040454]
      2938 :    #2568 0 8000006a 00004594  a3=000000aa ; c.lw    a3,8(a1) [f00403dc]
      2939 :    #2569 0 8000006c 00f75c63              ; bge     a4,a5,0x80000084
      2940 :    #2570 0 80000070 02d7c063              ; blt     a5,a3,0x80000090
      2941 :    #2571 0 80000074 00e6dc63              ; bge     a3,a4,0x8000008c
      2942 :    #2572 0 8000008c 0000c214              ; c.sw    a3,0(a2) [f0041a08]
      2943 :    #2573 0 8000008e 0000b7f5              ; c.j     0x8000007a
      2944 :    #2574 0 8000007a 00000591  a1=f00403d8 ; c.addi  a1,4
      2945 :    #2575 0 8000007c 00000611  a2=f0041a0c ; c.addi  a2,4
      2946 :    #2576 0 8000007e fea594e3              ; bne     a1,a0,0x80000066
      2947 :    #2577 0 80000066 00004198  a4=000003cb ; c.lw    a4,0(a1) [f00403d8]
      2948 :    #2578 0 80000068 000041dc  a5=000000aa ; c.lw    a5,128(a1) [f0040458]
      2949 :    #2579 0 8000006a 00004594  a3=00000333 ; c.lw    a3,8(a1) [f00403e0]
      2950 :    #2580 0 8000006c 00f75c63              ; bge     a4,a5,0x80000084
      2951 :    #2581 0 80000084 fed74ae3              ; blt     a4,a3,0x80000078
      2952 :    #2582 0 80000088 00f6c463              ; blt     a3,a5,0x80000090
      2954 :    #2583 0 8000008c 0000c214              ; c.sw    a3,0(a2) [f0041a0c]
      2955 :    #2584 0 8000008e 0000b7f5              ; c.j     0x8000007a
      2956 :    #2585 0 8000007a 00000591  a1=f00403dc ; c.addi  a1,4
      2957 :    #2586 0 8000007c 00000611  a2=f0041a10 ; c.addi  a2,4
      2958 :    #2587 0 8000007e fea594e3              ; bne     a1,a0,0x80000066
      2959 :    #2588 0 80000066 00004198  a4=000000aa ; c.lw    a4,0(a1) [f00403dc]
      2960 :    #2589 0 80000068 000041dc  a5=00000333 ; c.lw    a5,128(a1) [f004045c]
      2961 :    #2590 0 8000006a 00004594  a3=00000123 ; c.lw    a3,8(a1) [f00403e4]
      2962 :    #2591 0 8000006c 00f75c63              ; bge     a4,a5,0x80000084
      2963 :    #2592 0 80000070 02d7c063              ; blt     a5,a3,0x80000090
      2964 :    #2593 0 80000074 00e6dc63              ; bge     a3,a4,0x8000008c
      2966 :    #2594 0 8000008c 0000c214              ; c.sw    a3,0(a2) [f0041a10]
      2967 :    #2595 0 8000008e 0000b7f5              ; c.j     0x8000007a
      2968 :    #2596 0 8000007a 00000591  a1=f00403e0 ; c.addi  a1,4
      2969 :    #2597 0 8000007c 00000611  a2=f0041a14 ; c.addi  a2,4
      2970 :    #2598 0 8000007e fea594e3              ; bne     a1,a0,0x80000066
      2971 :    #2599 0 80000066 00004198  a4=00000333 ; c.lw    a4,0(a1) [f00403e0]
      2972 :    #2600 0 80000068 000041dc  a5=00000123 ; c.lw    a5,128(a1) [f0040460]
      2973 :    #2601 0 8000006a 00004594  a3=00000158 ; c.lw    a3,8(a1) [f00403e8]
      2974 :    #2602 0 8000006c 00f75c63              ; bge     a4,a5,0x80000084
      2975 :    #2603 0 80000084 fed74ae3              ; blt     a4,a3,0x80000078
      2976 :    #2604 0 80000088 00f6c463              ; blt     a3,a5,0x80000090
      2978 :    #2605 0 8000008c 0000c214              ; c.sw    a3,0(a2) [f0041a14]
      2979 :    #2606 0 8000008e 0000b7f5              ; c.j     0x8000007a
      2980 :    #2607 0 8000007a 00000591  a1=f00403e4 ; c.addi  a1,4
      2981 :    #2608 0 8000007c 00000611  a2=f0041a18 ; c.addi  a2,4
      2982 :    #2609 0 8000007e fea594e3              ; bne     a1,a0,0x80000066
      2983 :    #2610 0 80000066 00004198  a4=00000123 ; c.lw    a4,0(a1) [f00403e4]
      2984 :    #2611 0 80000068 000041dc  a5=00000158 ; c.lw    a5,128(a1) [f0040464]
      2985 :    #2612 0 8000006a 00004594  a3=0000017c ; c.lw    a3,8(a1) [f00403ec]
      2986 :    #2613 0 8000006c 00f75c63              ; bge     a4,a5,0x80000084
      2987 :    #2614 0 80000070 02d7c063              ; blt     a5,a3,0x80000090
      2989 :    #2615 0 80000090 0000c21c              ; c.sw    a5,0(a2) [f0041a18]
      2990 :    #2616 0 80000092 0000b7e5              ; c.j     0x8000007a
      2991 :    #2617 0 8000007a 00000591  a1=f00403e8 ; c.addi  a1,4
      2992 :    #2618 0 8000007c 00000611  a2=f0041a1c ; c.addi  a2,4
      2993 :    #2619 0 8000007e fea594e3              ; bne     a1,a0,0x80000066
      2994 :    #2620 0 80000066 00004198  a4=00000158 ; c.lw    a4,0(a1) [f00403e8]
      2995 :    #2621 0 80000068 000041dc  a5=0000017c ; c.lw    a5,128(a1) [f0040468]
      2996 :    #2622 0 8000006a 00004594  a3=000001c2 ; c.lw    a3,8(a1) [f00403f0]
      2997 :    #2623 0 8000006c 00f75c63              ; bge     a4,a5,0x80000084
      2998 :    #2624 0 80000070 02d7c063              ; blt     a5,a3,0x80000090
      3000 :    #2625 0 80000090 0000c21c              ; c.sw    a5,0(a2) [f0041a1c]
      3001 :    #2626 0 80000092 0000b7e5              ; c.j     0x8000007a
      3002 :    #2627 0 8000007a 00000591  a1=f00403ec ; c.addi  a1,4
      3003 :    #2628 0 8000007c 00000611  a2=f0041a20 ; c.addi  a2,4
      3004 :    #2629 0 8000007e fea594e3              ; bne     a1,a0,0x80000066
      3005 :    #2630 0 80000066 00004198  a4=0000017c ; c.lw    a4,0(a1) [f00403ec]
      3006 :    #2631 0 80000068 000041dc  a5=000001c2 ; c.lw    a5,128(a1) [f004046c]
      3007 :    #2632 0 8000006a 00004594  a3=00000218 ; c.lw    a3,8(a1) [f00403f4]
      3008 :    #2633 0 8000006c 00f75c63              ; bge     a4,a5,0x80000084
      3009 :    #2634 0 80000070 02d7c063              ; blt     a5,a3,0x80000090
      3010 :    #2635 0 80000090 0000c21c              ; c.sw    a5,0(a2) [f0041a20]
      3011 :    #2636 0 80000092 0000b7e5              ; c.j     0x8000007a
      3012 :    #2637 0 8000007a 00000591  a1=f00403f0 ; c.addi  a1,4
      3013 :    #2638 0 8000007c 00000611  a2=f0041a24 ; c.addi  a2,4
      3014 :    #2639 0 8000007e fea594e3              ; bne     a1,a0,0x80000066
      3015 :    #2640 0 80000066 00004198  a4=000001c2 ; c.lw    a4,0(a1) [f00403f0]
      3016 :    #2641 0 80000068 000041dc  a5=00000218 ; c.lw    a5,128(a1) [f0040470]
      3017 :    #2642 0 8000006a 00004594  a3=00000200 ; c.lw    a3,8(a1) [f00403f8]
      3018 :    #2643 0 8000006c 00f75c63              ; bge     a4,a5,0x80000084
      3019 :    #2644 0 80000070 02d7c063              ; blt     a5,a3,0x80000090
      3020 :    #2645 0 80000074 00e6dc63              ; bge     a3,a4,0x8000008c
      3022 :    #2646 0 8000008c 0000c214              ; c.sw    a3,0(a2) [f0041a24]
      3023 :    #2647 0 8000008e 0000b7f5              ; c.j     0x8000007a
      3024 :    #2648 0 8000007a 00000591  a1=f00403f4 ; c.addi  a1,4
      3025 :    #2649 0 8000007c 00000611  a2=f0041a28 ; c.addi  a2,4
      3026 :    #2650 0 8000007e fea594e3              ; bne     a1,a0,0x80000066
      3027 :    #2651 0 80000066 00004198  a4=00000218 ; c.lw    a4,0(a1) [f00403f4]
      3028 :    #2652 0 80000068 000041dc  a5=00000200 ; c.lw    a5,128(a1) [f0040474]
      3029 :    #2653 0 8000006a 00004594  a3=000000b9 ; c.lw    a3,8(a1) [f00403fc]
      3030 :    #2654 0 8000006c 00f75c63              ; bge     a4,a5,0x80000084
      3031 :    #2655 0 80000084 fed74ae3              ; blt     a4,a3,0x80000078
      3032 :    #2656 0 80000088 00f6c463              ; blt     a3,a5,0x80000090
      3034 :    #2657 0 80000090 0000c21c              ; c.sw    a5,0(a2) [f0041a28]
      3035 :    #2658 0 80000092 0000b7e5              ; c.j     0x8000007a
      3036 :    #2659 0 8000007a 00000591  a1=f00403f8 ; c.addi  a1,4
      3037 :    #2660 0 8000007c 00000611  a2=f0041a2c ; c.addi  a2,4
      3038 :    #2661 0 8000007e fea594e3              ; bne     a1,a0,0x80000066
      3039 :    #2662 0 80000066 00004198  a4=00000200 ; c.lw    a4,0(a1) [f00403f8]
      3040 :    #2663 0 80000068 000041dc  a5=000000b9 ; c.lw    a5,128(a1) [f0040478]
      3041 :    #2664 0 8000006a 00004594  a3=000003c5 ; c.lw    a3,8(a1) [f0040400]
      3042 :    #2665 0 8000006c 00f75c63              ; bge     a4,a5,0x80000084
      3044 :    #2666 0 80000084 fed74ae3              ; blt     a4,a3,0x80000078
      3046 :    #2667 0 80000078 0000c218              ; c.sw    a4,0(a2) [f0041a2c]
      3047 :    #2668 0 8000007a 00000591  a1=f00403fc ; c.addi  a1,4
      3048 :    #2669 0 8000007c 00000611  a2=f0041a30 ; c.addi  a2,4
      3049 :    #2670 0 8000007e fea594e3              ; bne     a1,a0,0x80000066
      3050 :    #2671 0 80000066 00004198  a4=000000b9 ; c.lw    a4,0(a1) [f00403fc]
      3051 :    #2672 0 80000068 000041dc  a5=000003c5 ; c.lw    a5,128(a1) [f004047c]
      3052 :    #2673 0 8000006a 00004594  a3=00000395 ; c.lw    a3,8(a1) [f0040404]
      3053 :    #2674 0 8000006c 00f75c63              ; bge     a4,a5,0x80000084
      3054 :    #2675 0 80000070 02d7c063              ; blt     a5,a3,0x80000090
      3055 :    #2676 0 80000074 00e6dc63              ; bge     a3,a4,0x8000008c
      3056 :    #2677 0 8000008c 0000c214              ; c.sw    a3,0(a2) [f0041a30]
      3057 :    #2678 0 8000008e 0000b7f5              ; c.j     0x8000007a
      3058 :    #2679 0 8000007a 00000591  a1=f0040400 ; c.addi  a1,4
      3059 :    #2680 0 8000007c 00000611  a2=f0041a34 ; c.addi  a2,4
      3060 :    #2681 0 8000007e fea594e3              ; bne     a1,a0,0x80000066
      3061 :    #2682 0 80000066 00004198  a4=000003c5 ; c.lw    a4,0(a1) [f0040400]
      3062 :    #2683 0 80000068 000041dc  a5=00000395 ; c.lw    a5,128(a1) [f0040480]
      3063 :    #2684 0 8000006a 00004594  a3=0000015b ; c.lw    a3,8(a1) [f0040408]
      3064 :    #2685 0 8000006c 00f75c63              ; bge     a4,a5,0x80000084
      3065 :    #2686 0 80000084 fed74ae3              ; blt     a4,a3,0x80000078
      3066 :    #2687 0 80000088 00f6c463              ; blt     a3,a5,0x80000090
      3067 :    #2688 0 80000090 0000c21c              ; c.sw    a5,0(a2) [f0041a34]
      3068 :    #2689 0 80000092 0000b7e5              ; c.j     0x8000007a
      3069 :    #2690 0 8000007a 00000591  a1=f0040404 ; c.addi  a1,4
      3070 :    #2691 0 8000007c 00000611  a2=f0041a38 ; c.addi  a2,4
      3071 :    #2692 0 8000007e fea594e3              ; bne     a1,a0,0x80000066
      3072 :    #2693 0 80000066 00004198  a4=00000395 ; c.lw    a4,0(a1) [f0040404]
      3073 :    #2694 0 80000068 000041dc  a5=0000015b ; c.lw    a5,128(a1) [f0040484]
      3074 :    #2695 0 8000006a 00004594  a3=0000021b ; c.lw    a3,8(a1) [f004040c]
      3075 :    #2696 0 8000006c 00f75c63              ; bge     a4,a5,0x80000084
      3076 :    #2697 0 80000084 fed74ae3              ; blt     a4,a3,0x80000078
      3078 :    #2698 0 80000088 00f6c463              ; blt     a3,a5,0x80000090
      3080 :    #2699 0 8000008c 0000c214              ; c.sw    a3,0(a2) [f0041a38]
      3081 :    #2700 0 8000008e 0000b7f5              ; c.j     0x8000007a
      3082 :    #2701 0 8000007a 00000591  a1=f0040408 ; c.addi  a1,4
      3083 :    #2702 0 8000007c 00000611  a2=f0041a3c ; c.addi  a2,4
      3084 :    #2703 0 8000007e fea594e3              ; bne     a1,a0,0x80000066
      3085 :    #2704 0 80000066 00004198  a4=0000015b ; c.lw    a4,0(a1) [f0040408]
      3086 :    #2705 0 80000068 000041dc  a5=0000021b ; c.lw    a5,128(a1) [f0040488]
      3087 :    #2706 0 8000006a 00004594  a3=00000328 ; c.lw    a3,8(a1) [f0040410]
      3088 :    #2707 0 8000006c 00f75c63              ; bge     a4,a5,0x80000084
      3089 :    #2708 0 80000070 02d7c063              ; blt     a5,a3,0x80000090
      3091 :    #2709 0 80000090 0000c21c              ; c.sw    a5,0(a2) [f0041a3c]
      3092 :    #2710 0 80000092 0000b7e5              ; c.j     0x8000007a
      3093 :    #2711 0 8000007a 00000591  a1=f004040c ; c.addi  a1,4
      3094 :    #2712 0 8000007c 00000611  a2=f0041a40 ; c.addi  a2,4
      3095 :    #2713 0 8000007e fea594e3              ; bne     a1,a0,0x80000066
      3096 :    #2714 0 80000066 00004198  a4=0000021b ; c.lw    a4,0(a1) [f004040c]
      3097 :    #2715 0 80000068 000041dc  a5=00000328 ; c.lw    a5,128(a1) [f004048c]
      3098 :    #2716 0 8000006a 00004594  a3=000003d7 ; c.lw    a3,8(a1) [f0040414]
      3099 :    #2717 0 8000006c 00f75c63              ; bge     a4,a5,0x80000084
      3100 :    #2718 0 80000070 02d7c063              ; blt     a5,a3,0x80000090
      3102 :    #2719 0 80000090 0000c21c              ; c.sw    a5,0(a2) [f0041a40]
      3103 :    #2720 0 80000092 0000b7e5              ; c.j     0x8000007a
      3104 :    #2721 0 8000007a 00000591  a1=f0040410 ; c.addi  a1,4
      3105 :    #2722 0 8000007c 00000611  a2=f0041a44 ; c.addi  a2,4
      3106 :    #2723 0 8000007e fea594e3              ; bne     a1,a0,0x80000066
      3107 :    #2724 0 80000066 00004198  a4=00000328 ; c.lw    a4,0(a1) [f0040410]
      3108 :    #2725 0 80000068 000041dc  a5=000003d7 ; c.lw    a5,128(a1) [f0040490]
      3109 :    #2726 0 8000006a 00004594  a3=00000372 ; c.lw    a3,8(a1) [f0040418]
      3110 :    #2727 0 8000006c 00f75c63              ; bge     a4,a5,0x80000084
      3111 :    #2728 0 80000070 02d7c063              ; blt     a5,a3,0x80000090
      3113 :    #2729 0 80000074 00e6dc63              ; bge     a3,a4,0x8000008c
      3115 :    #2730 0 8000008c 0000c214              ; c.sw    a3,0(a2) [f0041a44]
      3116 :    #2731 0 8000008e 0000b7f5              ; c.j     0x8000007a
      3117 :    #2732 0 8000007a 00000591  a1=f0040414 ; c.addi  a1,4
      3118 :    #2733 0 8000007c 00000611  a2=f0041a48 ; c.addi  a2,4
      3119 :    #2734 0 8000007e fea594e3              ; bne     a1,a0,0x80000066
      3120 :    #2735 0 80000066 00004198  a4=000003d7 ; c.lw    a4,0(a1) [f0040414]
      3121 :    #2736 0 80000068 000041dc  a5=00000372 ; c.lw    a5,128(a1) [f0040494]
      3122 :    #2737 0 8000006a 00004594  a3=00000377 ; c.lw    a3,8(a1) [f004041c]
      3123 :    #2738 0 8000006c 00f75c63              ; bge     a4,a5,0x80000084
      3124 :    #2739 0 80000084 fed74ae3              ; blt     a4,a3,0x80000078
      3125 :    #2740 0 80000088 00f6c463              ; blt     a3,a5,0x80000090
      3127 :    #2741 0 8000008c 0000c214              ; c.sw    a3,0(a2) [f0041a48]
      3128 :    #2742 0 8000008e 0000b7f5              ; c.j     0x8000007a
      3129 :    #2743 0 8000007a 00000591  a1=f0040418 ; c.addi  a1,4
      3130 :    #2744 0 8000007c 00000611  a2=f0041a4c ; c.addi  a2,4
      3131 :    #2745 0 8000007e fea594e3              ; bne     a1,a0,0x80000066
      3132 :    #2746 0 80000066 00004198  a4=00000372 ; c.lw    a4,0(a1) [f0040418]
      3133 :    #2747 0 80000068 000041dc  a5=00000377 ; c.lw    a5,128(a1) [f0040498]
      3134 :    #2748 0 8000006a 00004594  a3=00000219 ; c.lw    a3,8(a1) [f0040420]
      3135 :    #2749 0 8000006c 00f75c63              ; bge     a4,a5,0x80000084
      3136 :    #2750 0 80000070 02d7c063              ; blt     a5,a3,0x80000090
      3137 :    #2751 0 80000074 00e6dc63              ; bge     a3,a4,0x8000008c
      3139 :    #2752 0 80000078 0000c218              ; c.sw    a4,0(a2) [f0041a4c]
      3140 :    #2753 0 8000007a 00000591  a1=f004041c ; c.addi  a1,4
      3141 :    #2754 0 8000007c 00000611  a2=f0041a50 ; c.addi  a2,4
      3142 :    #2755 0 8000007e fea594e3              ; bne     a1,a0,0x80000066
      3143 :    #2756 0 80000066 00004198  a4=00000377 ; c.lw    a4,0(a1) [f004041c]
      3144 :    #2757 0 80000068 000041dc  a5=00000219 ; c.lw    a5,128(a1) [f004049c]
      3145 :    #2758 0 8000006a 00004594  a3=00000036 ; c.lw    a3,8(a1) [f0040424]
      3146 :    #2759 0 8000006c 00f75c63              ; bge     a4,a5,0x80000084
      3147 :    #2760 0 80000084 fed74ae3              ; blt     a4,a3,0x80000078
      3149 :    #2761 0 80000088 00f6c463              ; blt     a3,a5,0x80000090
      3150 :    #2762 0 80000090 0000c21c              ; c.sw    a5,0(a2) [f0041a50]
      3151 :    #2763 0 80000092 0000b7e5              ; c.j     0x8000007a
      3152 :    #2764 0 8000007a 00000591  a1=f0040420 ; c.addi  a1,4
      3153 :    #2765 0 8000007c 00000611  a2=f0041a54 ; c.addi  a2,4
      3154 :    #2766 0 8000007e fea594e3              ; bne     a1,a0,0x80000066
      3155 :    #2767 0 80000066 00004198  a4=00000219 ; c.lw    a4,0(a1) [f0040420]
      3156 :    #2768 0 80000068 000041dc  a5=00000036 ; c.lw    a5,128(a1) [f00404a0]
      3157 :    #2769 0 8000006a 00004594  a3=000003b2 ; c.lw    a3,8(a1) [f0040428]
      3158 :    #2770 0 8000006c 00f75c63              ; bge     a4,a5,0x80000084
      3160 :    #2771 0 80000084 fed74ae3              ; blt     a4,a3,0x80000078
      3161 :    #2772 0 80000078 0000c218              ; c.sw    a4,0(a2) [f0041a54]
      3162 :    #2773 0 8000007a 00000591  a1=f0040424 ; c.addi  a1,4
      3163 :    #2774 0 8000007c 00000611  a2=f0041a58 ; c.addi  a2,4
      3164 :    #2775 0 8000007e fea594e3              ; bne     a1,a0,0x80000066
      3166 :    #2776 0 80000066 00004198  a4=00000036 ; c.lw    a4,0(a1) [f0040424]
      3167 :    #2777 0 80000068 000041dc  a5=000003b2 ; c.lw    a5,128(a1) [f00404a4]
      3168 :    #2778 0 8000006a 00004594  a3=00000264 ; c.lw    a3,8(a1) [f004042c]
      3169 :    #2779 0 8000006c 00f75c63              ; bge     a4,a5,0x80000084
      3170 :    #2780 0 80000070 02d7c063              ; blt     a5,a3,0x80000090
      3171 :    #2781 0 80000074 00e6dc63              ; bge     a3,a4,0x8000008c
      3172 :    #2782 0 8000008c 0000c214              ; c.sw    a3,0(a2) [f0041a58]
      3173 :    #2783 0 8000008e 0000b7f5              ; c.j     0x8000007a
      3174 :    #2784 0 8000007a 00000591  a1=f0040428 ; c.addi  a1,4
      3175 :    #2785 0 8000007c 00000611  a2=f0041a5c ; c.addi  a2,4
      3176 :    #2786 0 8000007e fea594e3              ; bne     a1,a0,0x80000066
      3177 :    #2787 0 80000066 00004198  a4=000003b2 ; c.lw    a4,0(a1) [f0040428]
      3178 :    #2788 0 80000068 000041dc  a5=00000264 ; c.lw    a5,128(a1) [f00404a8]
      3179 :    #2789 0 8000006a 00004594  a3=000002bd ; c.lw    a3,8(a1) [f0040430]
      3180 :    #2790 0 8000006c 00f75c63              ; bge     a4,a5,0x80000084
      3181 :    #2791 0 80000084 fed74ae3              ; blt     a4,a3,0x80000078
      3182 :    #2792 0 80000088 00f6c463              ; blt     a3,a5,0x80000090
      3184 :    #2793 0 8000008c 0000c214              ; c.sw    a3,0(a2) [f0041a5c]
      3185 :    #2794 0 8000008e 0000b7f5              ; c.j     0x8000007a
      3186 :    #2795 0 8000007a 00000591  a1=f004042c ; c.addi  a1,4
      3187 :    #2796 0 8000007c 00000611  a2=f0041a60 ; c.addi  a2,4
      3188 :    #2797 0 8000007e fea594e3              ; bne     a1,a0,0x80000066
      3189 :    #2798 0 80000066 00004198  a4=00000264 ; c.lw    a4,0(a1) [f004042c]
      3190 :    #2799 0 80000068 000041dc  a5=000002bd ; c.lw    a5,128(a1) [f00404ac]
      3191 :    #2800 0 8000006a 00004594  a3=000003b7 ; c.lw    a3,8(a1) [f0040434]
      3192 :    #2801 0 8000006c 00f75c63              ; bge     a4,a5,0x80000084
      3193 :    #2802 0 80000070 02d7c063              ; blt     a5,a3,0x80000090
      3195 :    #2803 0 80000090 0000c21c              ; c.sw    a5,0(a2) [f0041a60]
      3196 :    #2804 0 80000092 0000b7e5              ; c.j     0x8000007a
      3197 :    #2805 0 8000007a 00000591  a1=f0040430 ; c.addi  a1,4
      3198 :    #2806 0 8000007c 00000611  a2=f0041a64 ; c.addi  a2,4
      3199 :    #2807 0 8000007e fea594e3              ; bne     a1,a0,0x80000066
      3200 :    #2808 0 80000066 00004198  a4=000002bd ; c.lw    a4,0(a1) [f0040430]
      3201 :    #2809 0 80000068 000041dc  a5=000003b7 ; c.lw    a5,128(a1) [f00404b0]
      3202 :    #2810 0 8000006a 00004594  a3=00000164 ; c.lw    a3,8(a1) [f0040438]
      3203 :    #2811 0 8000006c 00f75c63              ; bge     a4,a5,0x80000084
      3204 :    #2812 0 80000070 02d7c063              ; blt     a5,a3,0x80000090
      3206 :    #2813 0 80000074 00e6dc63              ; bge     a3,a4,0x8000008c
      3208 :    #2814 0 80000078 0000c218              ; c.sw    a4,0(a2) [f0041a64]
      3209 :    #2815 0 8000007a 00000591  a1=f0040434 ; c.addi  a1,4
      3210 :    #2816 0 8000007c 00000611  a2=f0041a68 ; c.addi  a2,4
      3211 :    #2817 0 8000007e fea594e3              ; bne     a1,a0,0x80000066
      3212 :    #2818 0 80000066 00004198  a4=000003b7 ; c.lw    a4,0(a1) [f0040434]
      3213 :    #2819 0 80000068 000041dc  a5=00000164 ; c.lw    a5,128(a1) [f00404b4]
      3214 :    #2820 0 8000006a 00004594  a3=000001df ; c.lw    a3,8(a1) [f004043c]
      3215 :    #2821 0 8000006c 00f75c63              ; bge     a4,a5,0x80000084
      3216 :    #2822 0 80000084 fed74ae3              ; blt     a4,a3,0x80000078
      3218 :    #2823 0 80000088 00f6c463              ; blt     a3,a5,0x80000090
      3220 :    #2824 0 8000008c 0000c214              ; c.sw    a3,0(a2) [f0041a68]
      3221 :    #2825 0 8000008e 0000b7f5              ; c.j     0x8000007a
      3222 :    #2826 0 8000007a 00000591  a1=f0040438 ; c.addi  a1,4
      3223 :    #2827 0 8000007c 00000611  a2=f0041a6c ; c.addi  a2,4
      3224 :    #2828 0 8000007e fea594e3              ; bne     a1,a0,0x80000066
      3225 :    #2829 0 80000066 00004198  a4=00000164 ; c.lw    a4,0(a1) [f0040438]
      3226 :    #2830 0 80000068 000041dc  a5=000001df ; c.lw    a5,128(a1) [f00404b8]
      3227 :    #2831 0 8000006a 00004594  a3=00000237 ; c.lw    a3,8(a1) [f0040440]
      3228 :    #2832 0 8000006c 00f75c63              ; bge     a4,a5,0x80000084
      3229 :    #2833 0 80000070 02d7c063              ; blt     a5,a3,0x80000090
      3231 :    #2834 0 80000090 0000c21c              ; c.sw    a5,0(a2) [f0041a6c]
      3232 :    #2835 0 80000092 0000b7e5              ; c.j     0x8000007a
      3233 :    #2836 0 8000007a 00000591  a1=f004043c ; c.addi  a1,4
      3234 :    #2837 0 8000007c 00000611  a2=f0041a70 ; c.addi  a2,4
      3235 :    #2838 0 8000007e fea594e3              ; bne     a1,a0,0x80000066
      3236 :    #2839 0 80000066 00004198  a4=000001df ; c.lw    a4,0(a1) [f004043c]
      3237 :    #2840 0 80000068 000041dc  a5=00000237 ; c.lw    a5,128(a1) [f00404bc]
      3238 :    #2841 0 8000006a 00004594  a3=00000097 ; c.lw    a3,8(a1) [f0040444]
      3239 :    #2842 0 8000006c 00f75c63              ; bge     a4,a5,0x80000084
      3240 :    #2843 0 80000070 02d7c063              ; blt     a5,a3,0x80000090
      3242 :    #2844 0 80000074 00e6dc63              ; bge     a3,a4,0x8000008c
      3244 :    #2845 0 80000078 0000c218              ; c.sw    a4,0(a2) [f0041a70]
      3245 :    #2846 0 8000007a 00000591  a1=f0040440 ; c.addi  a1,4
      3246 :    #2847 0 8000007c 00000611  a2=f0041a74 ; c.addi  a2,4
      3247 :    #2848 0 8000007e fea594e3              ; bne     a1,a0,0x80000066
      3248 :    #2849 0 80000066 00004198  a4=00000237 ; c.lw    a4,0(a1) [f0040440]
      3249 :    #2850 0 80000068 000041dc  a5=00000097 ; c.lw    a5,128(a1) [f00404c0]
      3250 :    #2851 0 8000006a 00004594  a3=0000037b ; c.lw    a3,8(a1) [f0040448]
      3251 :    #2852 0 8000006c 00f75c63              ; bge     a4,a5,0x80000084
      3252 :    #2853 0 80000084 fed74ae3              ; blt     a4,a3,0x80000078
      3254 :    #2854 0 80000078 0000c218              ; c.sw    a4,0(a2) [f0041a74]
      3255 :    #2855 0 8000007a 00000591  a1=f0040444 ; c.addi  a1,4
      3256 :    #2856 0 8000007c 00000611  a2=f0041a78 ; c.addi  a2,4
      3257 :    #2857 0 8000007e fea594e3              ; bne     a1,a0,0x80000066
      3258 :    #2858 0 80000066 00004198  a4=00000097 ; c.lw    a4,0(a1) [f0040444]
      3259 :    #2859 0 80000068 000041dc  a5=0000037b ; c.lw    a5,128(a1) [f00404c4]
      3260 :    #2860 0 8000006a 00004594  a3=00000007 ; c.lw    a3,8(a1) [f004044c]
      3261 :    #2861 0 8000006c 00f75c63              ; bge     a4,a5,0x80000084
      3262 :    #2862 0 80000070 02d7c063              ; blt     a5,a3,0x80000090
      3263 :    #2863 0 80000074 00e6dc63              ; bge     a3,a4,0x8000008c
      3265 :    #2864 0 80000078 0000c218              ; c.sw    a4,0(a2) [f0041a78]
      3266 :    #2865 0 8000007a 00000591  a1=f0040448 ; c.addi  a1,4
      3267 :    #2866 0 8000007c 00000611  a2=f0041a7c ; c.addi  a2,4
      3268 :    #2867 0 8000007e fea594e3              ; bne     a1,a0,0x80000066
      3269 :    #2868 0 80000066 00004198  a4=0000037b ; c.lw    a4,0(a1) [f0040448]
      3270 :    #2869 0 80000068 000041dc  a5=00000007 ; c.lw    a5,128(a1) [f00404c8]
      3271 :    #2870 0 8000006a 00004594  a3=00000016 ; c.lw    a3,8(a1) [f0040450]
      3272 :    #2871 0 8000006c 00f75c63              ; bge     a4,a5,0x80000084
      3273 :    #2872 0 80000084 fed74ae3              ; blt     a4,a3,0x80000078
      3275 :    #2873 0 80000088 00f6c463              ; blt     a3,a5,0x80000090
      3277 :    #2874 0 8000008c 0000c214              ; c.sw    a3,0(a2) [f0041a7c]
      3278 :    #2875 0 8000008e 0000b7f5              ; c.j     0x8000007a
      3279 :    #2876 0 8000007a 00000591  a1=f004044c ; c.addi  a1,4
      3280 :    #2877 0 8000007c 00000611  a2=f0041a80 ; c.addi  a2,4
      3281 :    #2878 0 8000007e fea594e3              ; bne     a1,a0,0x80000066
      3282 :    #2879 0 80000066 00004198  a4=00000007 ; c.lw    a4,0(a1) [f004044c]
      3283 :    #2880 0 80000068 000041dc  a5=00000016 ; c.lw    a5,128(a1) [f00404cc]
      3284 :    #2881 0 8000006a 00004594  a3=00000281 ; c.lw    a3,8(a1) [f0040454]
      3285 :    #2882 0 8000006c 00f75c63              ; bge     a4,a5,0x80000084
      3286 :    #2883 0 80000070 02d7c063              ; blt     a5,a3,0x80000090
      3288 :    #2884 0 80000090 0000c21c              ; c.sw    a5,0(a2) [f0041a80]
      3289 :    #2885 0 80000092 0000b7e5              ; c.j     0x8000007a
      3290 :    #2886 0 8000007a 00000591  a1=f0040450 ; c.addi  a1,4
      3291 :    #2887 0 8000007c 00000611  a2=f0041a84 ; c.addi  a2,4
      3292 :    #2888 0 8000007e fea594e3              ; bne     a1,a0,0x80000066
      3293 :    #2889 0 80000066 00004198  a4=00000016 ; c.lw    a4,0(a1) [f0040450]
      3294 :    #2890 0 80000068 000041dc  a5=00000281 ; c.lw    a5,128(a1) [f00404d0]
      3295 :    #2891 0 8000006a 00004594  a3=00000238 ; c.lw    a3,8(a1) [f0040458]
      3296 :    #2892 0 8000006c 00f75c63              ; bge     a4,a5,0x80000084
      3297 :    #2893 0 80000070 02d7c063              ; blt     a5,a3,0x80000090
      3298 :    #2894 0 80000074 00e6dc63              ; bge     a3,a4,0x8000008c
      3300 :    #2895 0 8000008c 0000c214              ; c.sw    a3,0(a2) [f0041a84]
      3301 :    #2896 0 8000008e 0000b7f5              ; c.j     0x8000007a
      3302 :    #2897 0 8000007a 00000591  a1=f0040454 ; c.addi  a1,4
      3303 :    #2898 0 8000007c 00000611  a2=f0041a88 ; c.addi  a2,4
      3304 :    #2899 0 8000007e fea594e3              ; bne     a1,a0,0x80000066
      3305 :    #2900 0 80000066 00004198  a4=00000281 ; c.lw    a4,0(a1) [f0040454]
      3306 :    #2901 0 80000068 000041dc  a5=00000238 ; c.lw    a5,128(a1) [f00404d4]
      3307 :    #2902 0 8000006a 00004594  a3=0000014f ; c.lw    a3,8(a1) [f004045c]
      3308 :    #2903 0 8000006c 00f75c63              ; bge     a4,a5,0x80000084
      3309 :    #2904 0 80000084 fed74ae3              ; blt     a4,a3,0x80000078
      3310 :    #2905 0 80000088 00f6c463              ; blt     a3,a5,0x80000090
      3311 :    #2906 0 80000090 0000c21c              ; c.sw    a5,0(a2) [f0041a88]
      3312 :    #2907 0 80000092 0000b7e5              ; c.j     0x8000007a
      3313 :    #2908 0 8000007a 00000591  a1=f0040458 ; c.addi  a1,4
      3314 :    #2909 0 8000007c 00000611  a2=f0041a8c ; c.addi  a2,4
      3315 :    #2910 0 8000007e fea594e3              ; bne     a1,a0,0x80000066
      3316 :    #2911 0 80000066 00004198  a4=00000238 ; c.lw    a4,0(a1) [f0040458]
      3317 :    #2912 0 80000068 000041dc  a5=0000014f ; c.lw    a5,128(a1) [f00404d8]
      3318 :    #2913 0 8000006a 00004594  a3=00000299 ; c.lw    a3,8(a1) [f0040460]
      3319 :    #2914 0 8000006c 00f75c63              ; bge     a4,a5,0x80000084
      3321 :    #2915 0 80000084 fed74ae3              ; blt     a4,a3,0x80000078
      3322 :    #2916 0 80000078 0000c218              ; c.sw    a4,0(a2) [f0041a8c]
      3323 :    #2917 0 8000007a 00000591  a1=f004045c ; c.addi  a1,4
      3324 :    #2918 0 8000007c 00000611  a2=f0041a90 ; c.addi  a2,4
      3325 :    #2919 0 8000007e fea594e3              ; bne     a1,a0,0x80000066
      3326 :    #2920 0 80000066 00004198  a4=0000014f ; c.lw    a4,0(a1) [f004045c]
      3327 :    #2921 0 80000068 000041dc  a5=00000299 ; c.lw    a5,128(a1) [f00404dc]
      3328 :    #2922 0 8000006a 00004594  a3=000002da ; c.lw    a3,8(a1) [f0040464]
      3329 :    #2923 0 8000006c 00f75c63              ; bge     a4,a5,0x80000084
      3330 :    #2924 0 80000070 02d7c063              ; blt     a5,a3,0x80000090
      3331 :    #2925 0 80000090 0000c21c              ; c.sw    a5,0(a2) [f0041a90]
      3332 :    #2926 0 80000092 0000b7e5              ; c.j     0x8000007a
      3333 :    #2927 0 8000007a 00000591  a1=f0040460 ; c.addi  a1,4
      3334 :    #2928 0 8000007c 00000611  a2=f0041a94 ; c.addi  a2,4
      3335 :    #2929 0 8000007e fea594e3              ; bne     a1,a0,0x80000066
      3337 :    #2930 0 80000066 00004198  a4=00000299 ; c.lw    a4,0(a1) [f0040460]
      3338 :    #2931 0 80000068 000041dc  a5=000002da ; c.lw    a5,128(a1) [f00404e0]
      3339 :    #2932 0 8000006a 00004594  a3=000001a7 ; c.lw    a3,8(a1) [f0040468]
      3340 :    #2933 0 8000006c 00f75c63              ; bge     a4,a5,0x80000084
      3342 :    #2934 0 80000070 02d7c063              ; blt     a5,a3,0x80000090
      3343 :    #2935 0 80000074 00e6dc63              ; bge     a3,a4,0x8000008c
      3344 :    #2936 0 80000078 0000c218              ; c.sw    a4,0(a2) [f0041a94]
      3345 :    #2937 0 8000007a 00000591  a1=f0040464 ; c.addi  a1,4
      3346 :    #2938 0 8000007c 00000611  a2=f0041a98 ; c.addi  a2,4
      3347 :    #2939 0 8000007e fea594e3              ; bne     a1,a0,0x80000066
      3348 :    #2940 0 80000066 00004198  a4=000002da ; c.lw    a4,0(a1) [f0040464]
      3349 :    #2941 0 80000068 000041dc  a5=000001a7 ; c.lw    a5,128(a1) [f00404e4]
      3350 :    #2942 0 8000006a 00004594  a3=0000005f ; c.lw    a3,8(a1) [f004046c]
      3351 :    #2943 0 8000006c 00f75c63              ; bge     a4,a5,0x80000084
      3352 :    #2944 0 80000084 fed74ae3              ; blt     a4,a3,0x80000078
      3353 :    #2945 0 80000088 00f6c463              ; blt     a3,a5,0x80000090
      3355 :    #2946 0 80000090 0000c21c              ; c.sw    a5,0(a2) [f0041a98]
      3356 :    #2947 0 80000092 0000b7e5              ; c.j     0x8000007a
      3357 :    #2948 0 8000007a 00000591  a1=f0040468 ; c.addi  a1,4
      3358 :    #2949 0 8000007c 00000611  a2=f0041a9c ; c.addi  a2,4
      3359 :    #2950 0 8000007e fea594e3              ; bne     a1,a0,0x80000066
      3360 :    #2951 0 80000066 00004198  a4=000001a7 ; c.lw    a4,0(a1) [f0040468]
      3361 :    #2952 0 80000068 000041dc  a5=0000005f ; c.lw    a5,128(a1) [f00404e8]
      3362 :    #2953 0 8000006a 00004594  a3=000001b2 ; c.lw    a3,8(a1) [f0040470]
      3363 :    #2954 0 8000006c 00f75c63              ; bge     a4,a5,0x80000084
      3364 :    #2955 0 80000084 fed74ae3              ; blt     a4,a3,0x80000078
      3366 :    #2956 0 80000078 0000c218              ; c.sw    a4,0(a2) [f0041a9c]
      3367 :    #2957 0 8000007a 00000591  a1=f004046c ; c.addi  a1,4
      3368 :    #2958 0 8000007c 00000611  a2=f0041aa0 ; c.addi  a2,4
      3369 :    #2959 0 8000007e fea594e3              ; bne     a1,a0,0x80000066
      3370 :    #2960 0 80000066 00004198  a4=0000005f ; c.lw    a4,0(a1) [f004046c]
      3371 :    #2961 0 80000068 000041dc  a5=000001b2 ; c.lw    a5,128(a1) [f00404ec]
      3372 :    #2962 0 8000006a 00004594  a3=000002d8 ; c.lw    a3,8(a1) [f0040474]
      3373 :    #2963 0 8000006c 00f75c63              ; bge     a4,a5,0x80000084
      3374 :    #2964 0 80000070 02d7c063              ; blt     a5,a3,0x80000090
      3376 :    #2965 0 80000090 0000c21c              ; c.sw    a5,0(a2) [f0041aa0]
      3377 :    #2966 0 80000092 0000b7e5              ; c.j     0x8000007a
      3378 :    #2967 0 8000007a 00000591  a1=f0040470 ; c.addi  a1,4
      3379 :    #2968 0 8000007c 00000611  a2=f0041aa4 ; c.addi  a2,4
      3380 :    #2969 0 8000007e fea594e3              ; bne     a1,a0,0x80000066
      3381 :    #2970 0 80000066 00004198  a4=000001b2 ; c.lw    a4,0(a1) [f0040470]
      3382 :    #2971 0 80000068 000041dc  a5=000002d8 ; c.lw    a5,128(a1) [f00404f0]
      3383 :    #2972 0 8000006a 00004594  a3=0000009e ; c.lw    a3,8(a1) [f0040478]
      3384 :    #2973 0 8000006c 00f75c63              ; bge     a4,a5,0x80000084
      3385 :    #2974 0 80000070 02d7c063              ; blt     a5,a3,0x80000090
      3387 :    #2975 0 80000074 00e6dc63              ; bge     a3,a4,0x8000008c
      3388 :    #2976 0 80000078 0000c218              ; c.sw    a4,0(a2) [f0041aa4]
      3389 :    #2977 0 8000007a 00000591  a1=f0040474 ; c.addi  a1,4
      3390 :    #2978 0 8000007c 00000611  a2=f0041aa8 ; c.addi  a2,4
      3391 :    #2979 0 8000007e fea594e3              ; bne     a1,a0,0x80000066
      3392 :    #2980 0 80000066 00004198  a4=000002d8 ; c.lw    a4,0(a1) [f0040474]
      3393 :    #2981 0 80000068 000041dc  a5=0000009e ; c.lw    a5,128(a1) [f00404f4]
      3394 :    #2982 0 8000006a 00004594  a3=00000118 ; c.lw    a3,8(a1) [f004047c]
      3395 :    #2983 0 8000006c 00f75c63              ; bge     a4,a5,0x80000084
      3396 :    #2984 0 80000084 fed74ae3              ; blt     a4,a3,0x80000078
      3397 :    #2985 0 80000088 00f6c463              ; blt     a3,a5,0x80000090
      3398 :    #2986 0 8000008c 0000c214              ; c.sw    a3,0(a2) [f0041aa8]
      3399 :    #2987 0 8000008e 0000b7f5              ; c.j     0x8000007a
      3400 :    #2988 0 8000007a 00000591  a1=f0040478 ; c.addi  a1,4
      3401 :    #2989 0 8000007c 00000611  a2=f0041aac ; c.addi  a2,4
      3402 :    #2990 0 8000007e fea594e3              ; bne     a1,a0,0x80000066
      3403 :    #2991 0 80000066 00004198  a4=0000009e ; c.lw    a4,0(a1) [f0040478]
      3404 :    #2992 0 80000068 000041dc  a5=00000118 ; c.lw    a5,128(a1) [f00404f8]
      3405 :    #2993 0 8000006a 00004594  a3=00000002 ; c.lw    a3,8(a1) [f0040480]
      3406 :    #2994 0 8000006c 00f75c63              ; bge     a4,a5,0x80000084
      3408 :    #2995 0 80000070 02d7c063              ; blt     a5,a3,0x80000090
      3409 :    #2996 0 80000074 00e6dc63              ; bge     a3,a4,0x8000008c
      3411 :    #2997 0 80000078 0000c218              ; c.sw    a4,0(a2) [f0041aac]
      3412 :    #2998 0 8000007a 00000591  a1=f004047c ; c.addi  a1,4
      3413 :    #2999 0 8000007c 00000611  a2=f0041ab0 ; c.addi  a2,4
      3414 :    #3000 0 8000007e fea594e3              ; bne     a1,a0,0x80000066
      3415 :    #3001 0 80000066 00004198  a4=00000118 ; c.lw    a4,0(a1) [f004047c]
      3416 :    #3002 0 80000068 000041dc  a5=00000002 ; c.lw    a5,128(a1) [f00404fc]
      3417 :    #3003 0 8000006a 00004594  a3=0000018b ; c.lw    a3,8(a1) [f0040484]
      3418 :    #3004 0 8000006c 00f75c63              ; bge     a4,a5,0x80000084
      3420 :    #3005 0 80000084 fed74ae3              ; blt     a4,a3,0x80000078
      3421 :    #3006 0 80000078 0000c218              ; c.sw    a4,0(a2) [f0041ab0]
      3422 :    #3007 0 8000007a 00000591  a1=f0040480 ; c.addi  a1,4
      3423 :    #3008 0 8000007c 00000611  a2=f0041ab4 ; c.addi  a2,4
      3424 :    #3009 0 8000007e fea594e3              ; bne     a1,a0,0x80000066
      3425 :    #3010 0 80000066 00004198  a4=00000002 ; c.lw    a4,0(a1) [f0040480]
      3426 :    #3011 0 80000068 000041dc  a5=0000018b ; c.lw    a5,128(a1) [f0040500]
      3427 :    #3012 0 8000006a 00004594  a3=00000054 ; c.lw    a3,8(a1) [f0040488]
      3428 :    #3013 0 8000006c 00f75c63              ; bge     a4,a5,0x80000084
      3429 :    #3014 0 80000070 02d7c063              ; blt     a5,a3,0x80000090
      3430 :    #3015 0 80000074 00e6dc63              ; bge     a3,a4,0x8000008c
      3431 :    #3016 0 8000008c 0000c214              ; c.sw    a3,0(a2) [f0041ab4]
      3432 :    #3017 0 8000008e 0000b7f5              ; c.j     0x8000007a
      3433 :    #3018 0 8000007a 00000591  a1=f0040484 ; c.addi  a1,4
      3434 :    #3019 0 8000007c 00000611  a2=f0041ab8 ; c.addi  a2,4
      3435 :    #3020 0 8000007e fea594e3              ; bne     a1,a0,0x80000066
      3436 :    #3021 0 80000066 00004198  a4=0000018b ; c.lw    a4,0(a1) [f0040484]
      3437 :    #3022 0 80000068 000041dc  a5=00000054 ; c.lw    a5,128(a1) [f0040504]
      3438 :    #3023 0 8000006a 00004594  a3=000002b0 ; c.lw    a3,8(a1) [f004048c]
      3439 :    #3024 0 8000006c 00f75c63              ; bge     a4,a5,0x80000084
      3440 :    #3025 0 80000084 fed74ae3              ; blt     a4,a3,0x80000078
      3442 :    #3026 0 80000078 0000c218              ; c.sw    a4,0(a2) [f0041ab8]
      3443 :    #3027 0 8000007a 00000591  a1=f0040488 ; c.addi  a1,4
      3444 :    #3028 0 8000007c 00000611  a2=f0041abc ; c.addi  a2,4
      3445 :    #3029 0 8000007e fea594e3              ; bne     a1,a0,0x80000066
      3446 :    #3030 0 80000066 00004198  a4=00000054 ; c.lw    a4,0(a1) [f0040488]
      3447 :    #3031 0 80000068 000041dc  a5=000002b0 ; c.lw    a5,128(a1) [f0040508]
      3448 :    #3032 0 8000006a 00004594  a3=000000f7 ; c.lw    a3,8(a1) [f0040490]
      3449 :    #3033 0 8000006c 00f75c63              ; bge     a4,a5,0x80000084
      3450 :    #3034 0 80000070 02d7c063              ; blt     a5,a3,0x80000090
      3451 :    #3035 0 80000074 00e6dc63              ; bge     a3,a4,0x8000008c
      3452 :    #3036 0 8000008c 0000c214              ; c.sw    a3,0(a2) [f0041abc]
      3453 :    #3037 0 8000008e 0000b7f5              ; c.j     0x8000007a
      3454 :    #3038 0 8000007a 00000591  a1=f004048c ; c.addi  a1,4
      3455 :    #3039 0 8000007c 00000611  a2=f0041ac0 ; c.addi  a2,4
      3456 :    #3040 0 8000007e fea594e3              ; bne     a1,a0,0x80000066
      3457 :    #3041 0 80000066 00004198  a4=000002b0 ; c.lw    a4,0(a1) [f004048c]
      3458 :    #3042 0 80000068 000041dc  a5=000000f7 ; c.lw    a5,128(a1) [f004050c]
      3459 :    #3043 0 8000006a 00004594  a3=0000038f ; c.lw    a3,8(a1) [f0040494]
      3460 :    #3044 0 8000006c 00f75c63              ; bge     a4,a5,0x80000084
      3461 :    #3045 0 80000084 fed74ae3              ; blt     a4,a3,0x80000078
      3462 :    #3046 0 80000078 0000c218              ; c.sw    a4,0(a2) [f0041ac0]
      3463 :    #3047 0 8000007a 00000591  a1=f0040490 ; c.addi  a1,4
      3464 :    #3048 0 8000007c 00000611  a2=f0041ac4 ; c.addi  a2,4
      3465 :    #3049 0 8000007e fea594e3              ; bne     a1,a0,0x80000066
      3466 :    #3050 0 80000066 00004198  a4=000000f7 ; c.lw    a4,0(a1) [f0040490]
      3467 :    #3051 0 80000068 000041dc  a5=0000038f ; c.lw    a5,128(a1) [f0040510]
      3468 :    #3052 0 8000006a 00004594  a3=00000031 ; c.lw    a3,8(a1) [f0040498]
      3469 :    #3053 0 8000006c 00f75c63              ; bge     a4,a5,0x80000084
      3470 :    #3054 0 80000070 02d7c063              ; blt     a5,a3,0x80000090
      3471 :    #3055 0 80000074 00e6dc63              ; bge     a3,a4,0x8000008c
      3473 :    #3056 0 80000078 0000c218              ; c.sw    a4,0(a2) [f0041ac4]
      3474 :    #3057 0 8000007a 00000591  a1=f0040494 ; c.addi  a1,4
      3475 :    #3058 0 8000007c 00000611  a2=f0041ac8 ; c.addi  a2,4
      3476 :    #3059 0 8000007e fea594e3              ; bne     a1,a0,0x80000066
      3477 :    #3060 0 80000066 00004198  a4=0000038f ; c.lw    a4,0(a1) [f0040494]
      3478 :    #3061 0 80000068 000041dc  a5=00000031 ; c.lw    a5,128(a1) [f0040514]
      3479 :    #3062 0 8000006a 00004594  a3=000001dc ; c.lw    a3,8(a1) [f004049c]
      3480 :    #3063 0 8000006c 00f75c63              ; bge     a4,a5,0x80000084
      3481 :    #3064 0 80000084 fed74ae3              ; blt     a4,a3,0x80000078
      3482 :    #3065 0 80000088 00f6c463              ; blt     a3,a5,0x80000090
      3483 :    #3066 0 8000008c 0000c214              ; c.sw    a3,0(a2) [f0041ac8]
      3484 :    #3067 0 8000008e 0000b7f5              ; c.j     0x8000007a
      3485 :    #3068 0 8000007a 00000591  a1=f0040498 ; c.addi  a1,4
      3486 :    #3069 0 8000007c 00000611  a2=f0041acc ; c.addi  a2,4
      3487 :    #3070 0 8000007e fea594e3              ; bne     a1,a0,0x80000066
      3488 :    #3071 0 80000066 00004198  a4=00000031 ; c.lw    a4,0(a1) [f0040498]
      3489 :    #3072 0 80000068 000041dc  a5=000001dc ; c.lw    a5,128(a1) [f0040518]
      3490 :    #3073 0 8000006a 00004594  a3=000001b3 ; c.lw    a3,8(a1) [f00404a0]
      3491 :    #3074 0 8000006c 00f75c63              ; bge     a4,a5,0x80000084
      3493 :    #3075 0 80000070 02d7c063              ; blt     a5,a3,0x80000090
      3494 :    #3076 0 80000074 00e6dc63              ; bge     a3,a4,0x8000008c
      3496 :    #3077 0 8000008c 0000c214              ; c.sw    a3,0(a2) [f0041acc]
      3497 :    #3078 0 8000008e 0000b7f5              ; c.j     0x8000007a
      3498 :    #3079 0 8000007a 00000591  a1=f004049c ; c.addi  a1,4
      3499 :    #3080 0 8000007c 00000611  a2=f0041ad0 ; c.addi  a2,4
      3500 :    #3081 0 8000007e fea594e3              ; bne     a1,a0,0x80000066
      3501 :    #3082 0 80000066 00004198  a4=000001dc ; c.lw    a4,0(a1) [f004049c]
      3502 :    #3083 0 80000068 000041dc  a5=000001b3 ; c.lw    a5,128(a1) [f004051c]
      3503 :    #3084 0 8000006a 00004594  a3=0000032f ; c.lw    a3,8(a1) [f00404a4]
      3504 :    #3085 0 8000006c 00f75c63              ; bge     a4,a5,0x80000084
      3506 :    #3086 0 80000084 fed74ae3              ; blt     a4,a3,0x80000078
      3507 :    #3087 0 80000078 0000c218              ; c.sw    a4,0(a2) [f0041ad0]
      3508 :    #3088 0 8000007a 00000591  a1=f00404a0 ; c.addi  a1,4
      3509 :    #3089 0 8000007c 00000611  a2=f0041ad4 ; c.addi  a2,4
      3510 :    #3090 0 8000007e fea594e3              ; bne     a1,a0,0x80000066
      3511 :    #3091 0 80000066 00004198  a4=000001b3 ; c.lw    a4,0(a1) [f00404a0]
      3512 :    #3092 0 80000068 000041dc  a5=0000032f ; c.lw    a5,128(a1) [f0040520]
      3513 :    #3093 0 8000006a 00004594  a3=00000318 ; c.lw    a3,8(a1) [f00404a8]
      3514 :    #3094 0 8000006c 00f75c63              ; bge     a4,a5,0x80000084
      3516 :    #3095 0 80000070 02d7c063              ; blt     a5,a3,0x80000090
      3517 :    #3096 0 80000074 00e6dc63              ; bge     a3,a4,0x8000008c
      3519 :    #3097 0 8000008c 0000c214              ; c.sw    a3,0(a2) [f0041ad4]
      3520 :    #3098 0 8000008e 0000b7f5              ; c.j     0x8000007a
      3521 :    #3099 0 8000007a 00000591  a1=f00404a4 ; c.addi  a1,4
      3522 :    #3100 0 8000007c 00000611  a2=f0041ad8 ; c.addi  a2,4
      3523 :    #3101 0 8000007e fea594e3              ; bne     a1,a0,0x80000066
      3524 :    #3102 0 80000066 00004198  a4=0000032f ; c.lw    a4,0(a1) [f00404a4]
      3525 :    #3103 0 80000068 000041dc  a5=00000318 ; c.lw    a5,128(a1) [f0040524]
      3526 :    #3104 0 8000006a 00004594  a3=000002d9 ; c.lw    a3,8(a1) [f00404ac]
      3527 :    #3105 0 8000006c 00f75c63              ; bge     a4,a5,0x80000084
      3528 :    #3106 0 80000084 fed74ae3              ; blt     a4,a3,0x80000078
      3529 :    #3107 0 80000088 00f6c463              ; blt     a3,a5,0x80000090
      3530 :    #3108 0 80000090 0000c21c              ; c.sw    a5,0(a2) [f0041ad8]
      3531 :    #3109 0 80000092 0000b7e5              ; c.j     0x8000007a
      3532 :    #3110 0 8000007a 00000591  a1=f00404a8 ; c.addi  a1,4
      3533 :    #3111 0 8000007c 00000611  a2=f0041adc ; c.addi  a2,4
      3534 :    #3112 0 8000007e fea594e3              ; bne     a1,a0,0x80000066
      3535 :    #3113 0 80000066 00004198  a4=00000318 ; c.lw    a4,0(a1) [f00404a8]
      3536 :    #3114 0 80000068 000041dc  a5=000002d9 ; c.lw    a5,128(a1) [f0040528]
      3537 :    #3115 0 8000006a 00004594  a3=00000365 ; c.lw    a3,8(a1) [f00404b0]
      3538 :    #3116 0 8000006c 00f75c63              ; bge     a4,a5,0x80000084
      3539 :    #3117 0 80000084 fed74ae3              ; blt     a4,a3,0x80000078
      3541 :    #3118 0 80000078 0000c218              ; c.sw    a4,0(a2) [f0041adc]
      3542 :    #3119 0 8000007a 00000591  a1=f00404ac ; c.addi  a1,4
      3543 :    #3120 0 8000007c 00000611  a2=f0041ae0 ; c.addi  a2,4
      3544 :    #3121 0 8000007e fea594e3              ; bne     a1,a0,0x80000066
      3545 :    #3122 0 80000066 00004198  a4=000002d9 ; c.lw    a4,0(a1) [f00404ac]
      3546 :    #3123 0 80000068 000041dc  a5=00000365 ; c.lw    a5,128(a1) [f004052c]
      3547 :    #3124 0 8000006a 00004594  a3=00000109 ; c.lw    a3,8(a1) [f00404b4]
      3548 :    #3125 0 8000006c 00f75c63              ; bge     a4,a5,0x80000084
      3549 :    #3126 0 80000070 02d7c063              ; blt     a5,a3,0x80000090
      3550 :    #3127 0 80000074 00e6dc63              ; bge     a3,a4,0x8000008c
      3552 :    #3128 0 80000078 0000c218              ; c.sw    a4,0(a2) [f0041ae0]
      3553 :    #3129 0 8000007a 00000591  a1=f00404b0 ; c.addi  a1,4
      3554 :    #3130 0 8000007c 00000611  a2=f0041ae4 ; c.addi  a2,4
      3555 :    #3131 0 8000007e fea594e3              ; bne     a1,a0,0x80000066
      3556 :    #3132 0 80000066 00004198  a4=00000365 ; c.lw    a4,0(a1) [f00404b0]
      3557 :    #3133 0 80000068 000041dc  a5=00000109 ; c.lw    a5,128(a1) [f0040530]
      3558 :    #3134 0 8000006a 00004594  a3=000001e6 ; c.lw    a3,8(a1) [f00404b8]
      3559 :    #3135 0 8000006c 00f75c63              ; bge     a4,a5,0x80000084
      3560 :    #3136 0 80000084 fed74ae3              ; blt     a4,a3,0x80000078
      3561 :    #3137 0 80000088 00f6c463              ; blt     a3,a5,0x80000090
      3562 :    #3138 0 8000008c 0000c214              ; c.sw    a3,0(a2) [f0041ae4]
      3563 :    #3139 0 8000008e 0000b7f5              ; c.j     0x8000007a
      3564 :    #3140 0 8000007a 00000591  a1=f00404b4 ; c.addi  a1,4
      3565 :    #3141 0 8000007c 00000611  a2=f0041ae8 ; c.addi  a2,4
      3566 :    #3142 0 8000007e fea594e3              ; bne     a1,a0,0x80000066
      3567 :    #3143 0 80000066 00004198  a4=00000109 ; c.lw    a4,0(a1) [f00404b4]
      3568 :    #3144 0 80000068 000041dc  a5=000001e6 ; c.lw    a5,128(a1) [f0040534]
      3569 :    #3145 0 8000006a 00004594  a3=0000007f ; c.lw    a3,8(a1) [f00404bc]
      3570 :    #3146 0 8000006c 00f75c63              ; bge     a4,a5,0x80000084
      3572 :    #3147 0 80000070 02d7c063              ; blt     a5,a3,0x80000090
      3573 :    #3148 0 80000074 00e6dc63              ; bge     a3,a4,0x8000008c
      3575 :    #3149 0 80000078 0000c218              ; c.sw    a4,0(a2) [f0041ae8]
      3576 :    #3150 0 8000007a 00000591  a1=f00404b8 ; c.addi  a1,4
      3577 :    #3151 0 8000007c 00000611  a2=f0041aec ; c.addi  a2,4
      3578 :    #3152 0 8000007e fea594e3              ; bne     a1,a0,0x80000066
      3579 :    #3153 0 80000066 00004198  a4=000001e6 ; c.lw    a4,0(a1) [f00404b8]
      3580 :    #3154 0 80000068 000041dc  a5=0000007f ; c.lw    a5,128(a1) [f0040538]
      3581 :    #3155 0 8000006a 00004594  a3=0000019e ; c.lw    a3,8(a1) [f00404c0]
      3582 :    #3156 0 8000006c 00f75c63              ; bge     a4,a5,0x80000084
      3584 :    #3157 0 80000084 fed74ae3              ; blt     a4,a3,0x80000078
      3586 :    #3158 0 80000088 00f6c463              ; blt     a3,a5,0x80000090
      3587 :    #3159 0 8000008c 0000c214              ; c.sw    a3,0(a2) [f0041aec]
      3588 :    #3160 0 8000008e 0000b7f5              ; c.j     0x8000007a
      3589 :    #3161 0 8000007a 00000591  a1=f00404bc ; c.addi  a1,4
      3590 :    #3162 0 8000007c 00000611  a2=f0041af0 ; c.addi  a2,4
      3591 :    #3163 0 8000007e fea594e3              ; bne     a1,a0,0x80000066
      3592 :    #3164 0 80000066 00004198  a4=0000007f ; c.lw    a4,0(a1) [f00404bc]
      3593 :    #3165 0 80000068 000041dc  a5=0000019e ; c.lw    a5,128(a1) [f004053c]
      3594 :    #3166 0 8000006a 00004594  a3=000000ec ; c.lw    a3,8(a1) [f00404c4]
      3595 :    #3167 0 8000006c 00f75c63              ; bge     a4,a5,0x80000084
      3597 :    #3168 0 80000070 02d7c063              ; blt     a5,a3,0x80000090
      3599 :    #3169 0 80000074 00e6dc63              ; bge     a3,a4,0x8000008c
      3601 :    #3170 0 8000008c 0000c214              ; c.sw    a3,0(a2) [f0041af0]
      3602 :    #3171 0 8000008e 0000b7f5              ; c.j     0x8000007a
      3603 :    #3172 0 8000007a 00000591  a1=f00404c0 ; c.addi  a1,4
      3604 :    #3173 0 8000007c 00000611  a2=f0041af4 ; c.addi  a2,4
      3605 :    #3174 0 8000007e fea594e3              ; bne     a1,a0,0x80000066
      3606 :    #3175 0 80000066 00004198  a4=0000019e ; c.lw    a4,0(a1) [f00404c0]
      3607 :    #3176 0 80000068 000041dc  a5=000000ec ; c.lw    a5,128(a1) [f0040540]
      3608 :    #3177 0 8000006a 00004594  a3=00000171 ; c.lw    a3,8(a1) [f00404c8]
      3609 :    #3178 0 8000006c 00f75c63              ; bge     a4,a5,0x80000084
      3611 :    #3179 0 80000084 fed74ae3              ; blt     a4,a3,0x80000078
      3613 :    #3180 0 80000088 00f6c463              ; blt     a3,a5,0x80000090
      3615 :    #3181 0 8000008c 0000c214              ; c.sw    a3,0(a2) [f0041af4]
      3616 :    #3182 0 8000008e 0000b7f5              ; c.j     0x8000007a
      3617 :    #3183 0 8000007a 00000591  a1=f00404c4 ; c.addi  a1,4
      3618 :    #3184 0 8000007c 00000611  a2=f0041af8 ; c.addi  a2,4
      3619 :    #3185 0 8000007e fea594e3              ; bne     a1,a0,0x80000066
      3620 :    #3186 0 80000066 00004198  a4=000000ec ; c.lw    a4,0(a1) [f00404c4]
      3621 :    #3187 0 80000068 000041dc  a5=00000171 ; c.lw    a5,128(a1) [f0040544]
      3622 :    #3188 0 8000006a 00004594  a3=000000d6 ; c.lw    a3,8(a1) [f00404cc]
      3623 :    #3189 0 8000006c 00f75c63              ; bge     a4,a5,0x80000084
      3624 :    #3190 0 80000070 02d7c063              ; blt     a5,a3,0x80000090
      3626 :    #3191 0 80000074 00e6dc63              ; bge     a3,a4,0x8000008c
      3627 :    #3192 0 80000078 0000c218              ; c.sw    a4,0(a2) [f0041af8]
      3628 :    #3193 0 8000007a 00000591  a1=f00404c8 ; c.addi  a1,4
      3629 :    #3194 0 8000007c 00000611  a2=f0041afc ; c.addi  a2,4
      3630 :    #3195 0 8000007e fea594e3              ; bne     a1,a0,0x80000066
      3631 :    #3196 0 80000066 00004198  a4=00000171 ; c.lw    a4,0(a1) [f00404c8]
      3632 :    #3197 0 80000068 000041dc  a5=000000d6 ; c.lw    a5,128(a1) [f0040548]
      3633 :    #3198 0 8000006a 00004594  a3=00000224 ; c.lw    a3,8(a1) [f00404d0]
      3634 :    #3199 0 8000006c 00f75c63              ; bge     a4,a5,0x80000084
      3635 :    #3200 0 80000084 fed74ae3              ; blt     a4,a3,0x80000078
      3637 :    #3201 0 80000078 0000c218              ; c.sw    a4,0(a2) [f0041afc]
      3638 :    #3202 0 8000007a 00000591  a1=f00404cc ; c.addi  a1,4
      3639 :    #3203 0 8000007c 00000611  a2=f0041b00 ; c.addi  a2,4
      3640 :    #3204 0 8000007e fea594e3              ; bne     a1,a0,0x80000066
      3641 :    #3205 0 80000066 00004198  a4=000000d6 ; c.lw    a4,0(a1) [f00404cc]
      3642 :    #3206 0 80000068 000041dc  a5=00000224 ; c.lw    a5,128(a1) [f004054c]
      3643 :    #3207 0 8000006a 00004594  a3=000000b4 ; c.lw    a3,8(a1) [f00404d4]
      3644 :    #3208 0 8000006c 00f75c63              ; bge     a4,a5,0x80000084
      3645 :    #3209 0 80000070 02d7c063              ; blt     a5,a3,0x80000090
      3646 :    #3210 0 80000074 00e6dc63              ; bge     a3,a4,0x8000008c
      3648 :    #3211 0 80000078 0000c218              ; c.sw    a4,0(a2) [f0041b00]
      3649 :    #3212 0 8000007a 00000591  a1=f00404d0 ; c.addi  a1,4
      3650 :    #3213 0 8000007c 00000611  a2=f0041b04 ; c.addi  a2,4
      3651 :    #3214 0 8000007e fea594e3              ; bne     a1,a0,0x80000066
      3652 :    #3215 0 80000066 00004198  a4=00000224 ; c.lw    a4,0(a1) [f00404d0]
      3653 :    #3216 0 80000068 000041dc  a5=000000b4 ; c.lw    a5,128(a1) [f0040550]
      3654 :    #3217 0 8000006a 00004594  a3=00000206 ; c.lw    a3,8(a1) [f00404d8]
      3655 :    #3218 0 8000006c 00f75c63              ; bge     a4,a5,0x80000084
      3656 :    #3219 0 80000084 fed74ae3              ; blt     a4,a3,0x80000078
      3657 :    #3220 0 80000088 00f6c463              ; blt     a3,a5,0x80000090
      3658 :    #3221 0 8000008c 0000c214              ; c.sw    a3,0(a2) [f0041b04]
      3659 :    #3222 0 8000008e 0000b7f5              ; c.j     0x8000007a
      3660 :    #3223 0 8000007a 00000591  a1=f00404d4 ; c.addi  a1,4
      3661 :    #3224 0 8000007c 00000611  a2=f0041b08 ; c.addi  a2,4
      3662 :    #3225 0 8000007e fea594e3              ; bne     a1,a0,0x80000066
      3663 :    #3226 0 80000066 00004198  a4=000000b4 ; c.lw    a4,0(a1) [f00404d4]
      3664 :    #3227 0 80000068 000041dc  a5=00000206 ; c.lw    a5,128(a1) [f0040554]
      3665 :    #3228 0 8000006a 00004594  a3=00000006 ; c.lw    a3,8(a1) [f00404dc]
      3666 :    #3229 0 8000006c 00f75c63              ; bge     a4,a5,0x80000084
      3668 :    #3230 0 80000070 02d7c063              ; blt     a5,a3,0x80000090
      3669 :    #3231 0 80000074 00e6dc63              ; bge     a3,a4,0x8000008c
      3671 :    #3232 0 80000078 0000c218              ; c.sw    a4,0(a2) [f0041b08]
      3672 :    #3233 0 8000007a 00000591  a1=f00404d8 ; c.addi  a1,4
      3673 :    #3234 0 8000007c 00000611  a2=f0041b0c ; c.addi  a2,4
      3674 :    #3235 0 8000007e fea594e3              ; bne     a1,a0,0x80000066
      3675 :    #3236 0 80000066 00004198  a4=00000206 ; c.lw    a4,0(a1) [f00404d8]
      3676 :    #3237 0 80000068 000041dc  a5=00000006 ; c.lw    a5,128(a1) [f0040558]
      3677 :    #3238 0 8000006a 00004594  a3=00000378 ; c.lw    a3,8(a1) [f00404e0]
      3678 :    #3239 0 8000006c 00f75c63              ; bge     a4,a5,0x80000084
      3679 :    #3240 0 80000084 fed74ae3              ; blt     a4,a3,0x80000078
      3681 :    #3241 0 80000078 0000c218              ; c.sw    a4,0(a2) [f0041b0c]
      3682 :    #3242 0 8000007a 00000591  a1=f00404dc ; c.addi  a1,4
      3683 :    #3243 0 8000007c 00000611  a2=f0041b10 ; c.addi  a2,4
      3684 :    #3244 0 8000007e fea594e3              ; bne     a1,a0,0x80000066
      3685 :    #3245 0 80000066 00004198  a4=00000006 ; c.lw    a4,0(a1) [f00404dc]
      3686 :    #3246 0 80000068 000041dc  a5=00000378 ; c.lw    a5,128(a1) [f004055c]
      3687 :    #3247 0 8000006a 00004594  a3=000001f7 ; c.lw    a3,8(a1) [f00404e4]
      3688 :    #3248 0 8000006c 00f75c63              ; bge     a4,a5,0x80000084
      3689 :    #3249 0 80000070 02d7c063              ; blt     a5,a3,0x80000090
      3690 :    #3250 0 80000074 00e6dc63              ; bge     a3,a4,0x8000008c
      3692 :    #3251 0 8000008c 0000c214              ; c.sw    a3,0(a2) [f0041b10]
      3693 :    #3252 0 8000008e 0000b7f5              ; c.j     0x8000007a
      3694 :    #3253 0 8000007a 00000591  a1=f00404e0 ; c.addi  a1,4
      3695 :    #3254 0 8000007c 00000611  a2=f0041b14 ; c.addi  a2,4
      3696 :    #3255 0 8000007e fea594e3              ; bne     a1,a0,0x80000066
      3697 :    #3256 0 80000066 00004198  a4=00000378 ; c.lw    a4,0(a1) [f00404e0]
      3698 :    #3257 0 80000068 000041dc  a5=000001f7 ; c.lw    a5,128(a1) [f0040560]
      3699 :    #3258 0 8000006a 00004594  a3=000002aa ; c.lw    a3,8(a1) [f00404e8]
      3700 :    #3259 0 8000006c 00f75c63              ; bge     a4,a5,0x80000084
      3701 :    #3260 0 80000084 fed74ae3              ; blt     a4,a3,0x80000078
      3702 :    #3261 0 80000088 00f6c463              ; blt     a3,a5,0x80000090
      3704 :    #3262 0 8000008c 0000c214              ; c.sw    a3,0(a2) [f0041b14]
      3705 :    #3263 0 8000008e 0000b7f5              ; c.j     0x8000007a
      3706 :    #3264 0 8000007a 00000591  a1=f00404e4 ; c.addi  a1,4
      3707 :    #3265 0 8000007c 00000611  a2=f0041b18 ; c.addi  a2,4
      3708 :    #3266 0 8000007e fea594e3              ; bne     a1,a0,0x80000066
      3709 :    #3267 0 80000066 00004198  a4=000001f7 ; c.lw    a4,0(a1) [f00404e4]
      3710 :    #3268 0 80000068 000041dc  a5=000002aa ; c.lw    a5,128(a1) [f0040564]
      3711 :    #3269 0 8000006a 00004594  a3=00000254 ; c.lw    a3,8(a1) [f00404ec]
      3712 :    #3270 0 8000006c 00f75c63              ; bge     a4,a5,0x80000084
      3713 :    #3271 0 80000070 02d7c063              ; blt     a5,a3,0x80000090
      3715 :    #3272 0 80000074 00e6dc63              ; bge     a3,a4,0x8000008c
      3717 :    #3273 0 8000008c 0000c214              ; c.sw    a3,0(a2) [f0041b18]
      3718 :    #3274 0 8000008e 0000b7f5              ; c.j     0x8000007a
      3719 :    #3275 0 8000007a 00000591  a1=f00404e8 ; c.addi  a1,4
      3720 :    #3276 0 8000007c 00000611  a2=f0041b1c ; c.addi  a2,4
      3721 :    #3277 0 8000007e fea594e3              ; bne     a1,a0,0x80000066
      3722 :    #3278 0 80000066 00004198  a4=000002aa ; c.lw    a4,0(a1) [f00404e8]
      3723 :    #3279 0 80000068 000041dc  a5=00000254 ; c.lw    a5,128(a1) [f0040568]
      3724 :    #3280 0 8000006a 00004594  a3=0000011c ; c.lw    a3,8(a1) [f00404f0]
      3725 :    #3281 0 8000006c 00f75c63              ; bge     a4,a5,0x80000084
      3727 :    #3282 0 80000084 fed74ae3              ; blt     a4,a3,0x80000078
      3729 :    #3283 0 80000088 00f6c463              ; blt     a3,a5,0x80000090
      3730 :    #3284 0 80000090 0000c21c              ; c.sw    a5,0(a2) [f0041b1c]
      3731 :    #3285 0 80000092 0000b7e5              ; c.j     0x8000007a
      3732 :    #3286 0 8000007a 00000591  a1=f00404ec ; c.addi  a1,4
      3733 :    #3287 0 8000007c 00000611  a2=f0041b20 ; c.addi  a2,4
      3734 :    #3288 0 8000007e fea594e3              ; bne     a1,a0,0x80000066
      3735 :    #3289 0 80000066 00004198  a4=00000254 ; c.lw    a4,0(a1) [f00404ec]
      3736 :    #3290 0 80000068 000041dc  a5=0000011c ; c.lw    a5,128(a1) [f004056c]
      3737 :    #3291 0 8000006a 00004594  a3=000000ad ; c.lw    a3,8(a1) [f00404f4]
      3738 :    #3292 0 8000006c 00f75c63              ; bge     a4,a5,0x80000084
      3739 :    #3293 0 80000084 fed74ae3              ; blt     a4,a3,0x80000078
      3741 :    #3294 0 80000088 00f6c463              ; blt     a3,a5,0x80000090
      3743 :    #3295 0 80000090 0000c21c              ; c.sw    a5,0(a2) [f0041b20]
      3744 :    #3296 0 80000092 0000b7e5              ; c.j     0x8000007a
      3745 :    #3297 0 8000007a 00000591  a1=f00404f0 ; c.addi  a1,4
      3746 :    #3298 0 8000007c 00000611  a2=f0041b24 ; c.addi  a2,4
      3747 :    #3299 0 8000007e fea594e3              ; bne     a1,a0,0x80000066
      3748 :    #3300 0 80000066 00004198  a4=0000011c ; c.lw    a4,0(a1) [f00404f0]
      3749 :    #3301 0 80000068 000041dc  a5=000000ad ; c.lw    a5,128(a1) [f0040570]
      3750 :    #3302 0 8000006a 00004594  a3=00000108 ; c.lw    a3,8(a1) [f00404f8]
      3751 :    #3303 0 8000006c 00f75c63              ; bge     a4,a5,0x80000084
      3752 :    #3304 0 80000084 fed74ae3              ; blt     a4,a3,0x80000078
      3754 :    #3305 0 80000088 00f6c463              ; blt     a3,a5,0x80000090
      3755 :    #3306 0 8000008c 0000c214              ; c.sw    a3,0(a2) [f0041b24]
      3756 :    #3307 0 8000008e 0000b7f5              ; c.j     0x8000007a
      3757 :    #3308 0 8000007a 00000591  a1=f00404f4 ; c.addi  a1,4
      3758 :    #3309 0 8000007c 00000611  a2=f0041b28 ; c.addi  a2,4
      3759 :    #3310 0 8000007e fea594e3              ; bne     a1,a0,0x80000066
      3760 :    #3311 0 80000066 00004198  a4=000000ad ; c.lw    a4,0(a1) [f00404f4]
      3761 :    #3312 0 80000068 000041dc  a5=00000108 ; c.lw    a5,128(a1) [f0040574]
      3762 :    #3313 0 8000006a 00004594  a3=00000283 ; c.lw    a3,8(a1) [f00404fc]
      3763 :    #3314 0 8000006c 00f75c63              ; bge     a4,a5,0x80000084
      3765 :    #3315 0 80000070 02d7c063              ; blt     a5,a3,0x80000090
      3766 :    #3316 0 80000090 0000c21c              ; c.sw    a5,0(a2) [f0041b28]
      3767 :    #3317 0 80000092 0000b7e5              ; c.j     0x8000007a
      3768 :    #3318 0 8000007a 00000591  a1=f00404f8 ; c.addi  a1,4
      3769 :    #3319 0 8000007c 00000611  a2=f0041b2c ; c.addi  a2,4
      3770 :    #3320 0 8000007e fea594e3              ; bne     a1,a0,0x80000066
      3771 :    #3321 0 80000066 00004198  a4=00000108 ; c.lw    a4,0(a1) [f00404f8]
      3772 :    #3322 0 80000068 000041dc  a5=00000283 ; c.lw    a5,128(a1) [f0040578]
      3773 :    #3323 0 8000006a 00004594  a3=000001f3 ; c.lw    a3,8(a1) [f0040500]
      3774 :    #3324 0 8000006c 00f75c63              ; bge     a4,a5,0x80000084
      3775 :    #3325 0 80000070 02d7c063              ; blt     a5,a3,0x80000090
      3777 :    #3326 0 80000074 00e6dc63              ; bge     a3,a4,0x8000008c
      3779 :    #3327 0 8000008c 0000c214              ; c.sw    a3,0(a2) [f0041b2c]
      3780 :    #3328 0 8000008e 0000b7f5              ; c.j     0x8000007a
      3781 :    #3329 0 8000007a 00000591  a1=f00404fc ; c.addi  a1,4
      3782 :    #3330 0 8000007c 00000611  a2=f0041b30 ; c.addi  a2,4
      3783 :    #3331 0 8000007e fea594e3              ; bne     a1,a0,0x80000066
      3784 :    #3332 0 80000066 00004198  a4=00000283 ; c.lw    a4,0(a1) [f00404fc]
      3785 :    #3333 0 80000068 000041dc  a5=000001f3 ; c.lw    a5,128(a1) [f004057c]
      3786 :    #3334 0 8000006a 00004594  a3=0000015a ; c.lw    a3,8(a1) [f0040504]
      3787 :    #3335 0 8000006c 00f75c63              ; bge     a4,a5,0x80000084
      3788 :    #3336 0 80000084 fed74ae3              ; blt     a4,a3,0x80000078
      3789 :    #3337 0 80000088 00f6c463              ; blt     a3,a5,0x80000090
      3790 :    #3338 0 80000090 0000c21c              ; c.sw    a5,0(a2) [f0041b30]
      3791 :    #3339 0 80000092 0000b7e5              ; c.j     0x8000007a
      3792 :    #3340 0 8000007a 00000591  a1=f0040500 ; c.addi  a1,4
      3793 :    #3341 0 8000007c 00000611  a2=f0041b34 ; c.addi  a2,4
      3794 :    #3342 0 8000007e fea594e3              ; bne     a1,a0,0x80000066
      3795 :    #3343 0 80000066 00004198  a4=000001f3 ; c.lw    a4,0(a1) [f0040500]
      3796 :    #3344 0 80000068 000041dc  a5=0000015a ; c.lw    a5,128(a1) [f0040580]
      3797 :    #3345 0 8000006a 00004594  a3=00000122 ; c.lw    a3,8(a1) [f0040508]
      3798 :    #3346 0 8000006c 00f75c63              ; bge     a4,a5,0x80000084
      3799 :    #3347 0 80000084 fed74ae3              ; blt     a4,a3,0x80000078
      3801 :    #3348 0 80000088 00f6c463              ; blt     a3,a5,0x80000090
      3802 :    #3349 0 80000090 0000c21c              ; c.sw    a5,0(a2) [f0041b34]
      3803 :    #3350 0 80000092 0000b7e5              ; c.j     0x8000007a
      3804 :    #3351 0 8000007a 00000591  a1=f0040504 ; c.addi  a1,4
      3805 :    #3352 0 8000007c 00000611  a2=f0041b38 ; c.addi  a2,4
      3806 :    #3353 0 8000007e fea594e3              ; bne     a1,a0,0x80000066
      3807 :    #3354 0 80000066 00004198  a4=0000015a ; c.lw    a4,0(a1) [f0040504]
      3808 :    #3355 0 80000068 000041dc  a5=00000122 ; c.lw    a5,128(a1) [f0040584]
      3809 :    #3356 0 8000006a 00004594  a3=00000257 ; c.lw    a3,8(a1) [f004050c]
      3810 :    #3357 0 8000006c 00f75c63              ; bge     a4,a5,0x80000084
      3811 :    #3358 0 80000084 fed74ae3              ; blt     a4,a3,0x80000078
      3813 :    #3359 0 80000078 0000c218              ; c.sw    a4,0(a2) [f0041b38]
      3814 :    #3360 0 8000007a 00000591  a1=f0040508 ; c.addi  a1,4
      3815 :    #3361 0 8000007c 00000611  a2=f0041b3c ; c.addi  a2,4
      3816 :    #3362 0 8000007e fea594e3              ; bne     a1,a0,0x80000066
      3817 :    #3363 0 80000066 00004198  a4=00000122 ; c.lw    a4,0(a1) [f0040508]
      3818 :    #3364 0 80000068 000041dc  a5=00000257 ; c.lw    a5,128(a1) [f0040588]
      3819 :    #3365 0 8000006a 00004594  a3=00000381 ; c.lw    a3,8(a1) [f0040510]
      3820 :    #3366 0 8000006c 00f75c63              ; bge     a4,a5,0x80000084
      3821 :    #3367 0 80000070 02d7c063              ; blt     a5,a3,0x80000090
      3823 :    #3368 0 80000090 0000c21c              ; c.sw    a5,0(a2) [f0041b3c]
      3824 :    #3369 0 80000092 0000b7e5              ; c.j     0x8000007a
      3825 :    #3370 0 8000007a 00000591  a1=f004050c ; c.addi  a1,4
      3826 :    #3371 0 8000007c 00000611  a2=f0041b40 ; c.addi  a2,4
      3827 :    #3372 0 8000007e fea594e3              ; bne     a1,a0,0x80000066
      3828 :    #3373 0 80000066 00004198  a4=00000257 ; c.lw    a4,0(a1) [f004050c]
      3829 :    #3374 0 80000068 000041dc  a5=00000381 ; c.lw    a5,128(a1) [f004058c]
      3830 :    #3375 0 8000006a 00004594  a3=00000044 ; c.lw    a3,8(a1) [f0040514]
      3831 :    #3376 0 8000006c 00f75c63              ; bge     a4,a5,0x80000084
      3832 :    #3377 0 80000070 02d7c063              ; blt     a5,a3,0x80000090
      3834 :    #3378 0 80000074 00e6dc63              ; bge     a3,a4,0x8000008c
      3835 :    #3379 0 80000078 0000c218              ; c.sw    a4,0(a2) [f0041b40]
      3836 :    #3380 0 8000007a 00000591  a1=f0040510 ; c.addi  a1,4
      3837 :    #3381 0 8000007c 00000611  a2=f0041b44 ; c.addi  a2,4
      3838 :    #3382 0 8000007e fea594e3              ; bne     a1,a0,0x80000066
      3839 :    #3383 0 80000066 00004198  a4=00000381 ; c.lw    a4,0(a1) [f0040510]
      3840 :    #3384 0 80000068 000041dc  a5=00000044 ; c.lw    a5,128(a1) [f0040590]
      3841 :    #3385 0 8000006a 00004594  a3=000000d7 ; c.lw    a3,8(a1) [f0040518]
      3842 :    #3386 0 8000006c 00f75c63              ; bge     a4,a5,0x80000084
      3843 :    #3387 0 80000084 fed74ae3              ; blt     a4,a3,0x80000078
      3844 :    #3388 0 80000088 00f6c463              ; blt     a3,a5,0x80000090
      3845 :    #3389 0 8000008c 0000c214              ; c.sw    a3,0(a2) [f0041b44]
      3846 :    #3390 0 8000008e 0000b7f5              ; c.j     0x8000007a
      3847 :    #3391 0 8000007a 00000591  a1=f0040514 ; c.addi  a1,4
      3848 :    #3392 0 8000007c 00000611  a2=f0041b48 ; c.addi  a2,4
      3849 :    #3393 0 8000007e fea594e3              ; bne     a1,a0,0x80000066
      3850 :    #3394 0 80000066 00004198  a4=00000044 ; c.lw    a4,0(a1) [f0040514]
      3851 :    #3395 0 80000068 000041dc  a5=000000d7 ; c.lw    a5,128(a1) [f0040594]
      3852 :    #3396 0 8000006a 00004594  a3=00000351 ; c.lw    a3,8(a1) [f004051c]
      3853 :    #3397 0 8000006c 00f75c63              ; bge     a4,a5,0x80000084
      3855 :    #3398 0 80000070 02d7c063              ; blt     a5,a3,0x80000090
      3857 :    #3399 0 80000090 0000c21c              ; c.sw    a5,0(a2) [f0041b48]
      3858 :    #3400 0 80000092 0000b7e5              ; c.j     0x8000007a
      3859 :    #3401 0 8000007a 00000591  a1=f0040518 ; c.addi  a1,4
      3860 :    #3402 0 8000007c 00000611  a2=f0041b4c ; c.addi  a2,4
      3861 :    #3403 0 8000007e fea594e3              ; bne     a1,a0,0x80000066
      3862 :    #3404 0 80000066 00004198  a4=000000d7 ; c.lw    a4,0(a1) [f0040518]
      3863 :    #3405 0 80000068 000041dc  a5=00000351 ; c.lw    a5,128(a1) [f0040598]
      3864 :    #3406 0 8000006a 00004594  a3=000002db ; c.lw    a3,8(a1) [f0040520]
      3865 :    #3407 0 8000006c 00f75c63              ; bge     a4,a5,0x80000084
      3866 :    #3408 0 80000070 02d7c063              ; blt     a5,a3,0x80000090
      3868 :    #3409 0 80000074 00e6dc63              ; bge     a3,a4,0x8000008c
      3869 :    #3410 0 8000008c 0000c214              ; c.sw    a3,0(a2) [f0041b4c]
      3870 :    #3411 0 8000008e 0000b7f5              ; c.j     0x8000007a
      3871 :    #3412 0 8000007a 00000591  a1=f004051c ; c.addi  a1,4
      3872 :    #3413 0 8000007c 00000611  a2=f0041b50 ; c.addi  a2,4
      3873 :    #3414 0 8000007e fea594e3              ; bne     a1,a0,0x80000066
      3874 :    #3415 0 80000066 00004198  a4=00000351 ; c.lw    a4,0(a1) [f004051c]
      3875 :    #3416 0 80000068 000041dc  a5=000002db ; c.lw    a5,128(a1) [f004059c]
      3876 :    #3417 0 8000006a 00004594  a3=00000292 ; c.lw    a3,8(a1) [f0040524]
      3877 :    #3418 0 8000006c 00f75c63              ; bge     a4,a5,0x80000084
      3878 :    #3419 0 80000084 fed74ae3              ; blt     a4,a3,0x80000078
      3879 :    #3420 0 80000088 00f6c463              ; blt     a3,a5,0x80000090
      3880 :    #3421 0 80000090 0000c21c              ; c.sw    a5,0(a2) [f0041b50]
      3881 :    #3422 0 80000092 0000b7e5              ; c.j     0x8000007a
      3882 :    #3423 0 8000007a 00000591  a1=f0040520 ; c.addi  a1,4
      3883 :    #3424 0 8000007c 00000611  a2=f0041b54 ; c.addi  a2,4
      3884 :    #3425 0 8000007e fea594e3              ; bne     a1,a0,0x80000066
      3885 :    #3426 0 80000066 00004198  a4=000002db ; c.lw    a4,0(a1) [f0040520]
      3886 :    #3427 0 80000068 000041dc  a5=00000292 ; c.lw    a5,128(a1) [f00405a0]
      3887 :    #3428 0 8000006a 00004594  a3=000002b0 ; c.lw    a3,8(a1) [f0040528]
      3888 :    #3429 0 8000006c 00f75c63              ; bge     a4,a5,0x80000084
      3889 :    #3430 0 80000084 fed74ae3              ; blt     a4,a3,0x80000078
      3890 :    #3431 0 80000088 00f6c463              ; blt     a3,a5,0x80000090
      3892 :    #3432 0 8000008c 0000c214              ; c.sw    a3,0(a2) [f0041b54]
      3893 :    #3433 0 8000008e 0000b7f5              ; c.j     0x8000007a
      3894 :    #3434 0 8000007a 00000591  a1=f0040524 ; c.addi  a1,4
      3895 :    #3435 0 8000007c 00000611  a2=f0041b58 ; c.addi  a2,4
      3896 :    #3436 0 8000007e fea594e3              ; bne     a1,a0,0x80000066
      3897 :    #3437 0 80000066 00004198  a4=00000292 ; c.lw    a4,0(a1) [f0040524]
      3898 :    #3438 0 80000068 000041dc  a5=000002b0 ; c.lw    a5,128(a1) [f00405a4]
      3899 :    #3439 0 8000006a 00004594  a3=0000026b ; c.lw    a3,8(a1) [f004052c]
      3900 :    #3440 0 8000006c 00f75c63              ; bge     a4,a5,0x80000084
      3901 :    #3441 0 80000070 02d7c063              ; blt     a5,a3,0x80000090
      3902 :    #3442 0 80000074 00e6dc63              ; bge     a3,a4,0x8000008c
      3903 :    #3443 0 80000078 0000c218              ; c.sw    a4,0(a2) [f0041b58]
      3904 :    #3444 0 8000007a 00000591  a1=f0040528 ; c.addi  a1,4
      3905 :    #3445 0 8000007c 00000611  a2=f0041b5c ; c.addi  a2,4
      3906 :    #3446 0 8000007e fea594e3              ; bne     a1,a0,0x80000066
      3907 :    #3447 0 80000066 00004198  a4=000002b0 ; c.lw    a4,0(a1) [f0040528]
      3908 :    #3448 0 80000068 000041dc  a5=0000026b ; c.lw    a5,128(a1) [f00405a8]
      3909 :    #3449 0 8000006a 00004594  a3=000000fb ; c.lw    a3,8(a1) [f0040530]
      3910 :    #3450 0 8000006c 00f75c63              ; bge     a4,a5,0x80000084
      3912 :    #3451 0 80000084 fed74ae3              ; blt     a4,a3,0x80000078
      3913 :    #3452 0 80000088 00f6c463              ; blt     a3,a5,0x80000090
      3915 :    #3453 0 80000090 0000c21c              ; c.sw    a5,0(a2) [f0041b5c]
      3916 :    #3454 0 80000092 0000b7e5              ; c.j     0x8000007a
      3917 :    #3455 0 8000007a 00000591  a1=f004052c ; c.addi  a1,4
      3918 :    #3456 0 8000007c 00000611  a2=f0041b60 ; c.addi  a2,4
      3919 :    #3457 0 8000007e fea594e3              ; bne     a1,a0,0x80000066
      3920 :    #3458 0 80000066 00004198  a4=0000026b ; c.lw    a4,0(a1) [f004052c]
      3921 :    #3459 0 80000068 000041dc  a5=000000fb ; c.lw    a5,128(a1) [f00405ac]
      3922 :    #3460 0 8000006a 00004594  a3=00000079 ; c.lw    a3,8(a1) [f0040534]
      3923 :    #3461 0 8000006c 00f75c63              ; bge     a4,a5,0x80000084
      3924 :    #3462 0 80000084 fed74ae3              ; blt     a4,a3,0x80000078
      3926 :    #3463 0 80000088 00f6c463              ; blt     a3,a5,0x80000090
      3927 :    #3464 0 80000090 0000c21c              ; c.sw    a5,0(a2) [f0041b60]
      3928 :    #3465 0 80000092 0000b7e5              ; c.j     0x8000007a
      3929 :    #3466 0 8000007a 00000591  a1=f0040530 ; c.addi  a1,4
      3930 :    #3467 0 8000007c 00000611  a2=f0041b64 ; c.addi  a2,4
      3931 :    #3468 0 8000007e fea594e3              ; bne     a1,a0,0x80000066
      3932 :    #3469 0 80000066 00004198  a4=000000fb ; c.lw    a4,0(a1) [f0040530]
      3933 :    #3470 0 80000068 000041dc  a5=00000079 ; c.lw    a5,128(a1) [f00405b0]
      3934 :    #3471 0 8000006a 00004594  a3=00000312 ; c.lw    a3,8(a1) [f0040538]
      3935 :    #3472 0 8000006c 00f75c63              ; bge     a4,a5,0x80000084
      3936 :    #3473 0 80000084 fed74ae3              ; blt     a4,a3,0x80000078
      3937 :    #3474 0 80000078 0000c218              ; c.sw    a4,0(a2) [f0041b64]
      3938 :    #3475 0 8000007a 00000591  a1=f0040534 ; c.addi  a1,4
      3939 :    #3476 0 8000007c 00000611  a2=f0041b68 ; c.addi  a2,4
      3940 :    #3477 0 8000007e fea594e3              ; bne     a1,a0,0x80000066
      3941 :    #3478 0 80000066 00004198  a4=00000079 ; c.lw    a4,0(a1) [f0040534]
      3942 :    #3479 0 80000068 000041dc  a5=00000312 ; c.lw    a5,128(a1) [f00405b4]
      3943 :    #3480 0 8000006a 00004594  a3=00000083 ; c.lw    a3,8(a1) [f004053c]
      3944 :    #3481 0 8000006c 00f75c63              ; bge     a4,a5,0x80000084
      3945 :    #3482 0 80000070 02d7c063              ; blt     a5,a3,0x80000090
      3947 :    #3483 0 80000074 00e6dc63              ; bge     a3,a4,0x8000008c
      3948 :    #3484 0 8000008c 0000c214              ; c.sw    a3,0(a2) [f0041b68]
      3949 :    #3485 0 8000008e 0000b7f5              ; c.j     0x8000007a
      3950 :    #3486 0 8000007a 00000591  a1=f0040538 ; c.addi  a1,4
      3951 :    #3487 0 8000007c 00000611  a2=f0041b6c ; c.addi  a2,4
      3952 :    #3488 0 8000007e fea594e3              ; bne     a1,a0,0x80000066
      3953 :    #3489 0 80000066 00004198  a4=00000312 ; c.lw    a4,0(a1) [f0040538]
      3954 :    #3490 0 80000068 000041dc  a5=00000083 ; c.lw    a5,128(a1) [f00405b8]
      3955 :    #3491 0 8000006a 00004594  a3=0000022b ; c.lw    a3,8(a1) [f0040540]
      3956 :    #3492 0 8000006c 00f75c63              ; bge     a4,a5,0x80000084
      3957 :    #3493 0 80000084 fed74ae3              ; blt     a4,a3,0x80000078
      3958 :    #3494 0 80000088 00f6c463              ; blt     a3,a5,0x80000090
      3960 :    #3495 0 8000008c 0000c214              ; c.sw    a3,0(a2) [f0041b6c]
      3961 :    #3496 0 8000008e 0000b7f5              ; c.j     0x8000007a
      3962 :    #3497 0 8000007a 00000591  a1=f004053c ; c.addi  a1,4
      3963 :    #3498 0 8000007c 00000611  a2=f0041b70 ; c.addi  a2,4
      3964 :    #3499 0 8000007e fea594e3              ; bne     a1,a0,0x80000066
      3965 :    #3500 0 80000066 00004198  a4=00000083 ; c.lw    a4,0(a1) [f004053c]
      3966 :    #3501 0 80000068 000041dc  a5=0000022b ; c.lw    a5,128(a1) [f00405bc]
      3967 :    #3502 0 8000006a 00004594  a3=0000033c ; c.lw    a3,8(a1) [f0040544]
      3968 :    #3503 0 8000006c 00f75c63              ; bge     a4,a5,0x80000084
      3969 :    #3504 0 80000070 02d7c063              ; blt     a5,a3,0x80000090
      3971 :    #3505 0 80000090 0000c21c              ; c.sw    a5,0(a2) [f0041b70]
      3972 :    #3506 0 80000092 0000b7e5              ; c.j     0x8000007a
      3973 :    #3507 0 8000007a 00000591  a1=f0040540 ; c.addi  a1,4
      3974 :    #3508 0 8000007c 00000611  a2=f0041b74 ; c.addi  a2,4
      3975 :    #3509 0 8000007e fea594e3              ; bne     a1,a0,0x80000066
      3976 :    #3510 0 80000066 00004198  a4=0000022b ; c.lw    a4,0(a1) [f0040540]
      3977 :    #3511 0 80000068 000041dc  a5=0000033c ; c.lw    a5,128(a1) [f00405c0]
      3978 :    #3512 0 8000006a 00004594  a3=0000012e ; c.lw    a3,8(a1) [f0040548]
      3979 :    #3513 0 8000006c 00f75c63              ; bge     a4,a5,0x80000084
      3980 :    #3514 0 80000070 02d7c063              ; blt     a5,a3,0x80000090
      3981 :    #3515 0 80000074 00e6dc63              ; bge     a3,a4,0x8000008c
      3982 :    #3516 0 80000078 0000c218              ; c.sw    a4,0(a2) [f0041b74]
      3983 :    #3517 0 8000007a 00000591  a1=f0040544 ; c.addi  a1,4
      3984 :    #3518 0 8000007c 00000611  a2=f0041b78 ; c.addi  a2,4
      3985 :    #3519 0 8000007e fea594e3              ; bne     a1,a0,0x80000066
      3986 :    #3520 0 80000066 00004198  a4=0000033c ; c.lw    a4,0(a1) [f0040544]
      3987 :    #3521 0 80000068 000041dc  a5=0000012e ; c.lw    a5,128(a1) [f00405c4]
      3988 :    #3522 0 8000006a 00004594  a3=0000029b ; c.lw    a3,8(a1) [f004054c]
      3989 :    #3523 0 8000006c 00f75c63              ; bge     a4,a5,0x80000084
      3990 :    #3524 0 80000084 fed74ae3              ; blt     a4,a3,0x80000078
      3992 :    #3525 0 80000088 00f6c463              ; blt     a3,a5,0x80000090
      3994 :    #3526 0 8000008c 0000c214              ; c.sw    a3,0(a2) [f0041b78]
      3995 :    #3527 0 8000008e 0000b7f5              ; c.j     0x8000007a
      3996 :    #3528 0 8000007a 00000591  a1=f0040548 ; c.addi  a1,4
      3997 :    #3529 0 8000007c 00000611  a2=f0041b7c ; c.addi  a2,4
      3998 :    #3530 0 8000007e fea594e3              ; bne     a1,a0,0x80000066
      3999 :    #3531 0 80000066 00004198  a4=0000012e ; c.lw    a4,0(a1) [f0040548]
      4000 :    #3532 0 80000068 000041dc  a5=0000029b ; c.lw    a5,128(a1) [f00405c8]
      4001 :    #3533 0 8000006a 00004594  a3=00000210 ; c.lw    a3,8(a1) [f0040550]
      4002 :    #3534 0 8000006c 00f75c63              ; bge     a4,a5,0x80000084
      4003 :    #3535 0 80000070 02d7c063              ; blt     a5,a3,0x80000090
      4005 :    #3536 0 80000074 00e6dc63              ; bge     a3,a4,0x8000008c
      4007 :    #3537 0 8000008c 0000c214              ; c.sw    a3,0(a2) [f0041b7c]
      4008 :    #3538 0 8000008e 0000b7f5              ; c.j     0x8000007a
      4009 :    #3539 0 8000007a 00000591  a1=f004054c ; c.addi  a1,4
      4010 :    #3540 0 8000007c 00000611  a2=f0041b80 ; c.addi  a2,4
      4011 :    #3541 0 8000007e fea594e3              ; bne     a1,a0,0x80000066
      4012 :    #3542 0 80000066 00004198  a4=0000029b ; c.lw    a4,0(a1) [f004054c]
      4013 :    #3543 0 80000068 000041dc  a5=00000210 ; c.lw    a5,128(a1) [f00405cc]
      4014 :    #3544 0 8000006a 00004594  a3=000001b1 ; c.lw    a3,8(a1) [f0040554]
      4015 :    #3545 0 8000006c 00f75c63              ; bge     a4,a5,0x80000084
      4017 :    #3546 0 80000084 fed74ae3              ; blt     a4,a3,0x80000078
      4019 :    #3547 0 80000088 00f6c463              ; blt     a3,a5,0x80000090
      4020 :    #3548 0 80000090 0000c21c              ; c.sw    a5,0(a2) [f0041b80]
      4021 :    #3549 0 80000092 0000b7e5              ; c.j     0x8000007a
      4022 :    #3550 0 8000007a 00000591  a1=f0040550 ; c.addi  a1,4
      4023 :    #3551 0 8000007c 00000611  a2=f0041b84 ; c.addi  a2,4
      4024 :    #3552 0 8000007e fea594e3              ; bne     a1,a0,0x80000066
      4025 :    #3553 0 80000066 00004198  a4=00000210 ; c.lw    a4,0(a1) [f0040550]
      4026 :    #3554 0 80000068 000041dc  a5=000001b1 ; c.lw    a5,128(a1) [f00405d0]
      4027 :    #3555 0 8000006a 00004594  a3=00000220 ; c.lw    a3,8(a1) [f0040558]
      4028 :    #3556 0 8000006c 00f75c63              ; bge     a4,a5,0x80000084
      4029 :    #3557 0 80000084 fed74ae3              ; blt     a4,a3,0x80000078
      4030 :    #3558 0 80000078 0000c218              ; c.sw    a4,0(a2) [f0041b84]
      4031 :    #3559 0 8000007a 00000591  a1=f0040554 ; c.addi  a1,4
      4032 :    #3560 0 8000007c 00000611  a2=f0041b88 ; c.addi  a2,4
      4033 :    #3561 0 8000007e fea594e3              ; bne     a1,a0,0x80000066
      4034 :    #3562 0 80000066 00004198  a4=000001b1 ; c.lw    a4,0(a1) [f0040554]
      4035 :    #3563 0 80000068 000041dc  a5=00000220 ; c.lw    a5,128(a1) [f00405d4]
      4036 :    #3564 0 8000006a 00004594  a3=000001e7 ; c.lw    a3,8(a1) [f004055c]
      4037 :    #3565 0 8000006c 00f75c63              ; bge     a4,a5,0x80000084
      4038 :    #3566 0 80000070 02d7c063              ; blt     a5,a3,0x80000090
      4040 :    #3567 0 80000074 00e6dc63              ; bge     a3,a4,0x8000008c
      4041 :    #3568 0 8000008c 0000c214              ; c.sw    a3,0(a2) [f0041b88]
      4042 :    #3569 0 8000008e 0000b7f5              ; c.j     0x8000007a
      4043 :    #3570 0 8000007a 00000591  a1=f0040558 ; c.addi  a1,4
      4044 :    #3571 0 8000007c 00000611  a2=f0041b8c ; c.addi  a2,4
      4045 :    #3572 0 8000007e fea594e3              ; bne     a1,a0,0x80000066
      4046 :    #3573 0 80000066 00004198  a4=00000220 ; c.lw    a4,0(a1) [f0040558]
      4047 :    #3574 0 80000068 000041dc  a5=000001e7 ; c.lw    a5,128(a1) [f00405d8]
      4048 :    #3575 0 8000006a 00004594  a3=00000142 ; c.lw    a3,8(a1) [f0040560]
      4049 :    #3576 0 8000006c 00f75c63              ; bge     a4,a5,0x80000084
      4050 :    #3577 0 80000084 fed74ae3              ; blt     a4,a3,0x80000078
      4051 :    #3578 0 80000088 00f6c463              ; blt     a3,a5,0x80000090
      4052 :    #3579 0 80000090 0000c21c              ; c.sw    a5,0(a2) [f0041b8c]
      4053 :    #3580 0 80000092 0000b7e5              ; c.j     0x8000007a
      4054 :    #3581 0 8000007a 00000591  a1=f004055c ; c.addi  a1,4
      4055 :    #3582 0 8000007c 00000611  a2=f0041b90 ; c.addi  a2,4
      4056 :    #3583 0 8000007e fea594e3              ; bne     a1,a0,0x80000066
      4057 :    #3584 0 80000066 00004198  a4=000001e7 ; c.lw    a4,0(a1) [f004055c]
      4058 :    #3585 0 80000068 000041dc  a5=00000142 ; c.lw    a5,128(a1) [f00405dc]
      4059 :    #3586 0 8000006a 00004594  a3=000002f1 ; c.lw    a3,8(a1) [f0040564]
      4060 :    #3587 0 8000006c 00f75c63              ; bge     a4,a5,0x80000084
      4061 :    #3588 0 80000084 fed74ae3              ; blt     a4,a3,0x80000078
      4063 :    #3589 0 80000078 0000c218              ; c.sw    a4,0(a2) [f0041b90]
      4064 :    #3590 0 8000007a 00000591  a1=f0040560 ; c.addi  a1,4
      4065 :    #3591 0 8000007c 00000611  a2=f0041b94 ; c.addi  a2,4
      4066 :    #3592 0 8000007e fea594e3              ; bne     a1,a0,0x80000066
      4067 :    #3593 0 80000066 00004198  a4=00000142 ; c.lw    a4,0(a1) [f0040560]
      4068 :    #3594 0 80000068 000041dc  a5=000002f1 ; c.lw    a5,128(a1) [f00405e0]
      4069 :    #3595 0 8000006a 00004594  a3=000003b3 ; c.lw    a3,8(a1) [f0040568]
      4070 :    #3596 0 8000006c 00f75c63              ; bge     a4,a5,0x80000084
      4071 :    #3597 0 80000070 02d7c063              ; blt     a5,a3,0x80000090
      4073 :    #3598 0 80000090 0000c21c              ; c.sw    a5,0(a2) [f0041b94]
      4074 :    #3599 0 80000092 0000b7e5              ; c.j     0x8000007a
      4075 :    #3600 0 8000007a 00000591  a1=f0040564 ; c.addi  a1,4
      4076 :    #3601 0 8000007c 00000611  a2=f0041b98 ; c.addi  a2,4
      4077 :    #3602 0 8000007e fea594e3              ; bne     a1,a0,0x80000066
      4078 :    #3603 0 80000066 00004198  a4=000002f1 ; c.lw    a4,0(a1) [f0040564]
      4079 :    #3604 0 80000068 000041dc  a5=000003b3 ; c.lw    a5,128(a1) [f00405e4]
      4080 :    #3605 0 8000006a 00004594  a3=0000007d ; c.lw    a3,8(a1) [f004056c]
      4081 :    #3606 0 8000006c 00f75c63              ; bge     a4,a5,0x80000084
      4082 :    #3607 0 80000070 02d7c063              ; blt     a5,a3,0x80000090
      4084 :    #3608 0 80000074 00e6dc63              ; bge     a3,a4,0x8000008c
      4085 :    #3609 0 80000078 0000c218              ; c.sw    a4,0(a2) [f0041b98]
      4086 :    #3610 0 8000007a 00000591  a1=f0040568 ; c.addi  a1,4
      4087 :    #3611 0 8000007c 00000611  a2=f0041b9c ; c.addi  a2,4
      4088 :    #3612 0 8000007e fea594e3              ; bne     a1,a0,0x80000066
      4089 :    #3613 0 80000066 00004198  a4=000003b3 ; c.lw    a4,0(a1) [f0040568]
      4090 :    #3614 0 80000068 000041dc  a5=0000007d ; c.lw    a5,128(a1) [f00405e8]
      4091 :    #3615 0 8000006a 00004594  a3=0000011f ; c.lw    a3,8(a1) [f0040570]
      4092 :    #3616 0 8000006c 00f75c63              ; bge     a4,a5,0x80000084
      4094 :    #3617 0 80000084 fed74ae3              ; blt     a4,a3,0x80000078
      4095 :    #3618 0 80000088 00f6c463              ; blt     a3,a5,0x80000090
      4096 :    #3619 0 8000008c 0000c214              ; c.sw    a3,0(a2) [f0041b9c]
      4097 :    #3620 0 8000008e 0000b7f5              ; c.j     0x8000007a
      4098 :    #3621 0 8000007a 00000591  a1=f004056c ; c.addi  a1,4
      4099 :    #3622 0 8000007c 00000611  a2=f0041ba0 ; c.addi  a2,4
      4100 :    #3623 0 8000007e fea594e3              ; bne     a1,a0,0x80000066
      4101 :    #3624 0 80000066 00004198  a4=0000007d ; c.lw    a4,0(a1) [f004056c]
      4102 :    #3625 0 80000068 000041dc  a5=0000011f ; c.lw    a5,128(a1) [f00405ec]
      4103 :    #3626 0 8000006a 00004594  a3=00000272 ; c.lw    a3,8(a1) [f0040574]
      4104 :    #3627 0 8000006c 00f75c63              ; bge     a4,a5,0x80000084
      4106 :    #3628 0 80000070 02d7c063              ; blt     a5,a3,0x80000090
      4108 :    #3629 0 80000090 0000c21c              ; c.sw    a5,0(a2) [f0041ba0]
      4109 :    #3630 0 80000092 0000b7e5              ; c.j     0x8000007a
      4110 :    #3631 0 8000007a 00000591  a1=f0040570 ; c.addi  a1,4
      4111 :    #3632 0 8000007c 00000611  a2=f0041ba4 ; c.addi  a2,4
      4112 :    #3633 0 8000007e fea594e3              ; bne     a1,a0,0x80000066
      4113 :    #3634 0 80000066 00004198  a4=0000011f ; c.lw    a4,0(a1) [f0040570]
      4114 :    #3635 0 80000068 000041dc  a5=00000272 ; c.lw    a5,128(a1) [f00405f0]
      4115 :    #3636 0 8000006a 00004594  a3=00000338 ; c.lw    a3,8(a1) [f0040578]
      4116 :    #3637 0 8000006c 00f75c63              ; bge     a4,a5,0x80000084
      4117 :    #3638 0 80000070 02d7c063              ; blt     a5,a3,0x80000090
      4119 :    #3639 0 80000090 0000c21c              ; c.sw    a5,0(a2) [f0041ba4]
      4120 :    #3640 0 80000092 0000b7e5              ; c.j     0x8000007a
      4121 :    #3641 0 8000007a 00000591  a1=f0040574 ; c.addi  a1,4
      4122 :    #3642 0 8000007c 00000611  a2=f0041ba8 ; c.addi  a2,4
      4123 :    #3643 0 8000007e fea594e3              ; bne     a1,a0,0x80000066
      4124 :    #3644 0 80000066 00004198  a4=00000272 ; c.lw    a4,0(a1) [f0040574]
      4125 :    #3645 0 80000068 000041dc  a5=00000338 ; c.lw    a5,128(a1) [f00405f4]
      4126 :    #3646 0 8000006a 00004594  a3=0000000e ; c.lw    a3,8(a1) [f004057c]
      4127 :    #3647 0 8000006c 00f75c63              ; bge     a4,a5,0x80000084
      4128 :    #3648 0 80000070 02d7c063              ; blt     a5,a3,0x80000090
      4130 :    #3649 0 80000074 00e6dc63              ; bge     a3,a4,0x8000008c
      4131 :    #3650 0 80000078 0000c218              ; c.sw    a4,0(a2) [f0041ba8]
      4132 :    #3651 0 8000007a 00000591  a1=f0040578 ; c.addi  a1,4
      4133 :    #3652 0 8000007c 00000611  a2=f0041bac ; c.addi  a2,4
      4134 :    #3653 0 8000007e fea594e3              ; bne     a1,a0,0x80000066
      4135 :    #3654 0 80000066 00004198  a4=00000338 ; c.lw    a4,0(a1) [f0040578]
      4136 :    #3655 0 80000068 000041dc  a5=0000000e ; c.lw    a5,128(a1) [f00405f8]
      4137 :    #3656 0 8000006a 00004594  a3=00000130 ; c.lw    a3,8(a1) [f0040580]
      4138 :    #3657 0 8000006c 00f75c63              ; bge     a4,a5,0x80000084
      4139 :    #3658 0 80000084 fed74ae3              ; blt     a4,a3,0x80000078
      4140 :    #3659 0 80000088 00f6c463              ; blt     a3,a5,0x80000090
      4141 :    #3660 0 8000008c 0000c214              ; c.sw    a3,0(a2) [f0041bac]
      4142 :    #3661 0 8000008e 0000b7f5              ; c.j     0x8000007a
      4143 :    #3662 0 8000007a 00000591  a1=f004057c ; c.addi  a1,4
      4144 :    #3663 0 8000007c 00000611  a2=f0041bb0 ; c.addi  a2,4
      4145 :    #3664 0 8000007e fea594e3              ; bne     a1,a0,0x80000066
      4146 :    #3665 0 80000066 00004198  a4=0000000e ; c.lw    a4,0(a1) [f004057c]
      4147 :    #3666 0 80000068 000041dc  a5=00000130 ; c.lw    a5,128(a1) [f00405fc]
      4148 :    #3667 0 8000006a 00004594  a3=0000000a ; c.lw    a3,8(a1) [f0040584]
      4149 :    #3668 0 8000006c 00f75c63              ; bge     a4,a5,0x80000084
      4151 :    #3669 0 80000070 02d7c063              ; blt     a5,a3,0x80000090
      4152 :    #3670 0 80000074 00e6dc63              ; bge     a3,a4,0x8000008c
      4153 :    #3671 0 80000078 0000c218              ; c.sw    a4,0(a2) [f0041bb0]
      4154 :    #3672 0 8000007a 00000591  a1=f0040580 ; c.addi  a1,4
      4155 :    #3673 0 8000007c 00000611  a2=f0041bb4 ; c.addi  a2,4
      4156 :    #3674 0 8000007e fea594e3              ; bne     a1,a0,0x80000066
      4157 :    #3675 0 80000066 00004198  a4=00000130 ; c.lw    a4,0(a1) [f0040580]
      4158 :    #3676 0 80000068 000041dc  a5=0000000a ; c.lw    a5,128(a1) [f0040600]
      4159 :    #3677 0 8000006a 00004594  a3=00000314 ; c.lw    a3,8(a1) [f0040588]
      4160 :    #3678 0 8000006c 00f75c63              ; bge     a4,a5,0x80000084
      4161 :    #3679 0 80000084 fed74ae3              ; blt     a4,a3,0x80000078
      4163 :    #3680 0 80000078 0000c218              ; c.sw    a4,0(a2) [f0041bb4]
      4164 :    #3681 0 8000007a 00000591  a1=f0040584 ; c.addi  a1,4
      4165 :    #3682 0 8000007c 00000611  a2=f0041bb8 ; c.addi  a2,4
      4166 :    #3683 0 8000007e fea594e3              ; bne     a1,a0,0x80000066
      4167 :    #3684 0 80000066 00004198  a4=0000000a ; c.lw    a4,0(a1) [f0040584]
      4168 :    #3685 0 80000068 000041dc  a5=00000314 ; c.lw    a5,128(a1) [f0040604]
      4169 :    #3686 0 8000006a 00004594  a3=00000193 ; c.lw    a3,8(a1) [f004058c]
      4170 :    #3687 0 8000006c 00f75c63              ; bge     a4,a5,0x80000084
      4171 :    #3688 0 80000070 02d7c063              ; blt     a5,a3,0x80000090
      4172 :    #3689 0 80000074 00e6dc63              ; bge     a3,a4,0x8000008c
      4173 :    #3690 0 8000008c 0000c214              ; c.sw    a3,0(a2) [f0041bb8]
      4174 :    #3691 0 8000008e 0000b7f5              ; c.j     0x8000007a
      4175 :    #3692 0 8000007a 00000591  a1=f0040588 ; c.addi  a1,4
      4176 :    #3693 0 8000007c 00000611  a2=f0041bbc ; c.addi  a2,4
      4177 :    #3694 0 8000007e fea594e3              ; bne     a1,a0,0x80000066
      4178 :    #3695 0 80000066 00004198  a4=00000314 ; c.lw    a4,0(a1) [f0040588]
      4179 :    #3696 0 80000068 000041dc  a5=00000193 ; c.lw    a5,128(a1) [f0040608]
      4180 :    #3697 0 8000006a 00004594  a3=000002dd ; c.lw    a3,8(a1) [f0040590]
      4181 :    #3698 0 8000006c 00f75c63              ; bge     a4,a5,0x80000084
      4182 :    #3699 0 80000084 fed74ae3              ; blt     a4,a3,0x80000078
      4183 :    #3700 0 80000088 00f6c463              ; blt     a3,a5,0x80000090
      4185 :    #3701 0 8000008c 0000c214              ; c.sw    a3,0(a2) [f0041bbc]
      4186 :    #3702 0 8000008e 0000b7f5              ; c.j     0x8000007a
      4187 :    #3703 0 8000007a 00000591  a1=f004058c ; c.addi  a1,4
      4188 :    #3704 0 8000007c 00000611  a2=f0041bc0 ; c.addi  a2,4
      4189 :    #3705 0 8000007e fea594e3              ; bne     a1,a0,0x80000066
      4190 :    #3706 0 80000066 00004198  a4=00000193 ; c.lw    a4,0(a1) [f004058c]
      4191 :    #3707 0 80000068 000041dc  a5=000002dd ; c.lw    a5,128(a1) [f004060c]
      4192 :    #3708 0 8000006a 00004594  a3=0000006a ; c.lw    a3,8(a1) [f0040594]
      4193 :    #3709 0 8000006c 00f75c63              ; bge     a4,a5,0x80000084
      4194 :    #3710 0 80000070 02d7c063              ; blt     a5,a3,0x80000090
      4195 :    #3711 0 80000074 00e6dc63              ; bge     a3,a4,0x8000008c
      4196 :    #3712 0 80000078 0000c218              ; c.sw    a4,0(a2) [f0041bc0]
      4197 :    #3713 0 8000007a 00000591  a1=f0040590 ; c.addi  a1,4
      4198 :    #3714 0 8000007c 00000611  a2=f0041bc4 ; c.addi  a2,4
      4199 :    #3715 0 8000007e fea594e3              ; bne     a1,a0,0x80000066
      4200 :    #3716 0 80000066 00004198  a4=000002dd ; c.lw    a4,0(a1) [f0040590]
      4201 :    #3717 0 80000068 000041dc  a5=0000006a ; c.lw    a5,128(a1) [f0040610]
      4202 :    #3718 0 8000006a 00004594  a3=000003bf ; c.lw    a3,8(a1) [f0040598]
      4203 :    #3719 0 8000006c 00f75c63              ; bge     a4,a5,0x80000084
      4204 :    #3720 0 80000084 fed74ae3              ; blt     a4,a3,0x80000078
      4206 :    #3721 0 80000078 0000c218              ; c.sw    a4,0(a2) [f0041bc4]
      4207 :    #3722 0 8000007a 00000591  a1=f0040594 ; c.addi  a1,4
      4208 :    #3723 0 8000007c 00000611  a2=f0041bc8 ; c.addi  a2,4
      4209 :    #3724 0 8000007e fea594e3              ; bne     a1,a0,0x80000066
      4210 :    #3725 0 80000066 00004198  a4=0000006a ; c.lw    a4,0(a1) [f0040594]
      4211 :    #3726 0 80000068 000041dc  a5=000003bf ; c.lw    a5,128(a1) [f0040614]
      4212 :    #3727 0 8000006a 00004594  a3=000002bf ; c.lw    a3,8(a1) [f004059c]
      4213 :    #3728 0 8000006c 00f75c63              ; bge     a4,a5,0x80000084
      4214 :    #3729 0 80000070 02d7c063              ; blt     a5,a3,0x80000090
      4215 :    #3730 0 80000074 00e6dc63              ; bge     a3,a4,0x8000008c
      4216 :    #3731 0 8000008c 0000c214              ; c.sw    a3,0(a2) [f0041bc8]
      4217 :    #3732 0 8000008e 0000b7f5              ; c.j     0x8000007a
      4218 :    #3733 0 8000007a 00000591  a1=f0040598 ; c.addi  a1,4
      4219 :    #3734 0 8000007c 00000611  a2=f0041bcc ; c.addi  a2,4
      4220 :    #3735 0 8000007e fea594e3              ; bne     a1,a0,0x80000066
      4221 :    #3736 0 80000066 00004198  a4=000003bf ; c.lw    a4,0(a1) [f0040598]
      4222 :    #3737 0 80000068 000041dc  a5=000002bf ; c.lw    a5,128(a1) [f0040618]
      4223 :    #3738 0 8000006a 00004594  a3=0000016e ; c.lw    a3,8(a1) [f00405a0]
      4224 :    #3739 0 8000006c 00f75c63              ; bge     a4,a5,0x80000084
      4225 :    #3740 0 80000084 fed74ae3              ; blt     a4,a3,0x80000078
      4226 :    #3741 0 80000088 00f6c463              ; blt     a3,a5,0x80000090
      4228 :    #3742 0 80000090 0000c21c              ; c.sw    a5,0(a2) [f0041bcc]
      4229 :    #3743 0 80000092 0000b7e5              ; c.j     0x8000007a
      4230 :    #3744 0 8000007a 00000591  a1=f004059c ; c.addi  a1,4
      4231 :    #3745 0 8000007c 00000611  a2=f0041bd0 ; c.addi  a2,4
      4232 :    #3746 0 8000007e fea594e3              ; bne     a1,a0,0x80000066
      4233 :    #3747 0 80000066 00004198  a4=000002bf ; c.lw    a4,0(a1) [f004059c]
      4234 :    #3748 0 80000068 000041dc  a5=0000016e ; c.lw    a5,128(a1) [f004061c]
      4235 :    #3749 0 8000006a 00004594  a3=00000332 ; c.lw    a3,8(a1) [f00405a4]
      4236 :    #3750 0 8000006c 00f75c63              ; bge     a4,a5,0x80000084
      4237 :    #3751 0 80000084 fed74ae3              ; blt     a4,a3,0x80000078
      4238 :    #3752 0 80000078 0000c218              ; c.sw    a4,0(a2) [f0041bd0]
      4239 :    #3753 0 8000007a 00000591  a1=f00405a0 ; c.addi  a1,4
      4240 :    #3754 0 8000007c 00000611  a2=f0041bd4 ; c.addi  a2,4
      4241 :    #3755 0 8000007e fea594e3              ; bne     a1,a0,0x80000066
      4242 :    #3756 0 80000066 00004198  a4=0000016e ; c.lw    a4,0(a1) [f00405a0]
      4243 :    #3757 0 80000068 000041dc  a5=00000332 ; c.lw    a5,128(a1) [f0040620]
      4244 :    #3758 0 8000006a 00004594  a3=000002d2 ; c.lw    a3,8(a1) [f00405a8]
      4245 :    #3759 0 8000006c 00f75c63              ; bge     a4,a5,0x80000084
      4246 :    #3760 0 80000070 02d7c063              ; blt     a5,a3,0x80000090
      4248 :    #3761 0 80000074 00e6dc63              ; bge     a3,a4,0x8000008c
      4249 :    #3762 0 8000008c 0000c214              ; c.sw    a3,0(a2) [f0041bd4]
      4250 :    #3763 0 8000008e 0000b7f5              ; c.j     0x8000007a
      4251 :    #3764 0 8000007a 00000591  a1=f00405a4 ; c.addi  a1,4
      4252 :    #3765 0 8000007c 00000611  a2=f0041bd8 ; c.addi  a2,4
      4253 :    #3766 0 8000007e fea594e3              ; bne     a1,a0,0x80000066
      4254 :    #3767 0 80000066 00004198  a4=00000332 ; c.lw    a4,0(a1) [f00405a4]
      4255 :    #3768 0 80000068 000041dc  a5=000002d2 ; c.lw    a5,128(a1) [f0040624]
      4256 :    #3769 0 8000006a 00004594  a3=000003c4 ; c.lw    a3,8(a1) [f00405ac]
      4257 :    #3770 0 8000006c 00f75c63              ; bge     a4,a5,0x80000084
      4258 :    #3771 0 80000084 fed74ae3              ; blt     a4,a3,0x80000078
      4260 :    #3772 0 80000078 0000c218              ; c.sw    a4,0(a2) [f0041bd8]
      4261 :    #3773 0 8000007a 00000591  a1=f00405a8 ; c.addi  a1,4
      4262 :    #3774 0 8000007c 00000611  a2=f0041bdc ; c.addi  a2,4
      4263 :    #3775 0 8000007e fea594e3              ; bne     a1,a0,0x80000066
      4264 :    #3776 0 80000066 00004198  a4=000002d2 ; c.lw    a4,0(a1) [f00405a8]
      4265 :    #3777 0 80000068 000041dc  a5=000003c4 ; c.lw    a5,128(a1) [f0040628]
      4266 :    #3778 0 8000006a 00004594  a3=00000126 ; c.lw    a3,8(a1) [f00405b0]
      4267 :    #3779 0 8000006c 00f75c63              ; bge     a4,a5,0x80000084
      4268 :    #3780 0 80000070 02d7c063              ; blt     a5,a3,0x80000090
      4269 :    #3781 0 80000074 00e6dc63              ; bge     a3,a4,0x8000008c
      4270 :    #3782 0 80000078 0000c218              ; c.sw    a4,0(a2) [f0041bdc]
      4271 :    #3783 0 8000007a 00000591  a1=f00405ac ; c.addi  a1,4
      4272 :    #3784 0 8000007c 00000611  a2=f0041be0 ; c.addi  a2,4
      4273 :    #3785 0 8000007e fea594e3              ; bne     a1,a0,0x80000066
      4274 :    #3786 0 80000066 00004198  a4=000003c4 ; c.lw    a4,0(a1) [f00405ac]
      4275 :    #3787 0 80000068 000041dc  a5=00000126 ; c.lw    a5,128(a1) [f004062c]
      4276 :    #3788 0 8000006a 00004594  a3=00000196 ; c.lw    a3,8(a1) [f00405b4]
      4277 :    #3789 0 8000006c 00f75c63              ; bge     a4,a5,0x80000084
      4279 :    #3790 0 80000084 fed74ae3              ; blt     a4,a3,0x80000078
      4280 :    #3791 0 80000088 00f6c463              ; blt     a3,a5,0x80000090
      4281 :    #3792 0 8000008c 0000c214              ; c.sw    a3,0(a2) [f0041be0]
      4282 :    #3793 0 8000008e 0000b7f5              ; c.j     0x8000007a
      4283 :    #3794 0 8000007a 00000591  a1=f00405b0 ; c.addi  a1,4
      4284 :    #3795 0 8000007c 00000611  a2=f0041be4 ; c.addi  a2,4
      4285 :    #3796 0 8000007e fea594e3              ; bne     a1,a0,0x80000066
      4286 :    #3797 0 80000066 00004198  a4=00000126 ; c.lw    a4,0(a1) [f00405b0]
      4287 :    #3798 0 80000068 000041dc  a5=00000196 ; c.lw    a5,128(a1) [f0040630]
      4288 :    #3799 0 8000006a 00004594  a3=000003cf ; c.lw    a3,8(a1) [f00405b8]
      4289 :    #3800 0 8000006c 00f75c63              ; bge     a4,a5,0x80000084
      4291 :    #3801 0 80000070 02d7c063              ; blt     a5,a3,0x80000090
      4293 :    #3802 0 80000090 0000c21c              ; c.sw    a5,0(a2) [f0041be4]
      4294 :    #3803 0 80000092 0000b7e5              ; c.j     0x8000007a
      4295 :    #3804 0 8000007a 00000591  a1=f00405b4 ; c.addi  a1,4
      4296 :    #3805 0 8000007c 00000611  a2=f0041be8 ; c.addi  a2,4
      4297 :    #3806 0 8000007e fea594e3              ; bne     a1,a0,0x80000066
      4298 :    #3807 0 80000066 00004198  a4=00000196 ; c.lw    a4,0(a1) [f00405b4]
      4299 :    #3808 0 80000068 000041dc  a5=000003cf ; c.lw    a5,128(a1) [f0040634]
      4300 :    #3809 0 8000006a 00004594  a3=0000036a ; c.lw    a3,8(a1) [f00405bc]
      4301 :    #3810 0 8000006c 00f75c63              ; bge     a4,a5,0x80000084
      4302 :    #3811 0 80000070 02d7c063              ; blt     a5,a3,0x80000090
      4303 :    #3812 0 80000074 00e6dc63              ; bge     a3,a4,0x8000008c
      4305 :    #3813 0 8000008c 0000c214              ; c.sw    a3,0(a2) [f0041be8]
      4306 :    #3814 0 8000008e 0000b7f5              ; c.j     0x8000007a
      4307 :    #3815 0 8000007a 00000591  a1=f00405b8 ; c.addi  a1,4
      4308 :    #3816 0 8000007c 00000611  a2=f0041bec ; c.addi  a2,4
      4309 :    #3817 0 8000007e fea594e3              ; bne     a1,a0,0x80000066
      4310 :    #3818 0 80000066 00004198  a4=000003cf ; c.lw    a4,0(a1) [f00405b8]
      4311 :    #3819 0 80000068 000041dc  a5=0000036a ; c.lw    a5,128(a1) [f0040638]
      4312 :    #3820 0 8000006a 00004594  a3=0000028d ; c.lw    a3,8(a1) [f00405c0]
      4313 :    #3821 0 8000006c 00f75c63              ; bge     a4,a5,0x80000084
      4314 :    #3822 0 80000084 fed74ae3              ; blt     a4,a3,0x80000078
      4315 :    #3823 0 80000088 00f6c463              ; blt     a3,a5,0x80000090
      4316 :    #3824 0 80000090 0000c21c              ; c.sw    a5,0(a2) [f0041bec]
      4317 :    #3825 0 80000092 0000b7e5              ; c.j     0x8000007a
      4318 :    #3826 0 8000007a 00000591  a1=f00405bc ; c.addi  a1,4
      4319 :    #3827 0 8000007c 00000611  a2=f0041bf0 ; c.addi  a2,4
      4320 :    #3828 0 8000007e fea594e3              ; bne     a1,a0,0x80000066
      4321 :    #3829 0 80000066 00004198  a4=0000036a ; c.lw    a4,0(a1) [f00405bc]
      4322 :    #3830 0 80000068 000041dc  a5=0000028d ; c.lw    a5,128(a1) [f004063c]
      4323 :    #3831 0 8000006a 00004594  a3=00000358 ; c.lw    a3,8(a1) [f00405c4]
      4324 :    #3832 0 8000006c 00f75c63              ; bge     a4,a5,0x80000084
      4325 :    #3833 0 80000084 fed74ae3              ; blt     a4,a3,0x80000078
      4326 :    #3834 0 80000088 00f6c463              ; blt     a3,a5,0x80000090
      4328 :    #3835 0 8000008c 0000c214              ; c.sw    a3,0(a2) [f0041bf0]
      4329 :    #3836 0 8000008e 0000b7f5              ; c.j     0x8000007a
      4330 :    #3837 0 8000007a 00000591  a1=f00405c0 ; c.addi  a1,4
      4331 :    #3838 0 8000007c 00000611  a2=f0041bf4 ; c.addi  a2,4
      4332 :    #3839 0 8000007e fea594e3              ; bne     a1,a0,0x80000066
      4333 :    #3840 0 80000066 00004198  a4=0000028d ; c.lw    a4,0(a1) [f00405c0]
      4334 :    #3841 0 80000068 000041dc  a5=00000358 ; c.lw    a5,128(a1) [f0040640]
      4335 :    #3842 0 8000006a 00004594  a3=000002ec ; c.lw    a3,8(a1) [f00405c8]
      4336 :    #3843 0 8000006c 00f75c63              ; bge     a4,a5,0x80000084
      4337 :    #3844 0 80000070 02d7c063              ; blt     a5,a3,0x80000090
      4338 :    #3845 0 80000074 00e6dc63              ; bge     a3,a4,0x8000008c
      4340 :    #3846 0 8000008c 0000c214              ; c.sw    a3,0(a2) [f0041bf4]
      4341 :    #3847 0 8000008e 0000b7f5              ; c.j     0x8000007a
      4342 :    #3848 0 8000007a 00000591  a1=f00405c4 ; c.addi  a1,4
      4343 :    #3849 0 8000007c 00000611  a2=f0041bf8 ; c.addi  a2,4
      4344 :    #3850 0 8000007e fea594e3              ; bne     a1,a0,0x80000066
      4345 :    #3851 0 80000066 00004198  a4=00000358 ; c.lw    a4,0(a1) [f00405c4]
      4346 :    #3852 0 80000068 000041dc  a5=000002ec ; c.lw    a5,128(a1) [f0040644]
      4347 :    #3853 0 8000006a 00004594  a3=00000056 ; c.lw    a3,8(a1) [f00405cc]
      4348 :    #3854 0 8000006c 00f75c63              ; bge     a4,a5,0x80000084
      4350 :    #3855 0 80000084 fed74ae3              ; blt     a4,a3,0x80000078
      4352 :    #3856 0 80000088 00f6c463              ; blt     a3,a5,0x80000090
      4353 :    #3857 0 80000090 0000c21c              ; c.sw    a5,0(a2) [f0041bf8]
      4354 :    #3858 0 80000092 0000b7e5              ; c.j     0x8000007a
      4355 :    #3859 0 8000007a 00000591  a1=f00405c8 ; c.addi  a1,4
      4356 :    #3860 0 8000007c 00000611  a2=f0041bfc ; c.addi  a2,4
      4357 :    #3861 0 8000007e fea594e3              ; bne     a1,a0,0x80000066
      4358 :    #3862 0 80000066 00004198  a4=000002ec ; c.lw    a4,0(a1) [f00405c8]
      4359 :    #3863 0 80000068 000041dc  a5=00000056 ; c.lw    a5,128(a1) [f0040648]
      4360 :    #3864 0 8000006a 00004594  a3=0000005b ; c.lw    a3,8(a1) [f00405d0]
      4361 :    #3865 0 8000006c 00f75c63              ; bge     a4,a5,0x80000084
      4362 :    #3866 0 80000084 fed74ae3              ; blt     a4,a3,0x80000078
      4364 :    #3867 0 80000088 00f6c463              ; blt     a3,a5,0x80000090
      4365 :    #3868 0 8000008c 0000c214              ; c.sw    a3,0(a2) [f0041bfc]
      4366 :    #3869 0 8000008e 0000b7f5              ; c.j     0x8000007a
      4367 :    #3870 0 8000007a 00000591  a1=f00405cc ; c.addi  a1,4
      4368 :    #3871 0 8000007c 00000611  a2=f0041c00 ; c.addi  a2,4
      4369 :    #3872 0 8000007e fea594e3              ; bne     a1,a0,0x80000066
      4370 :    #3873 0 80000066 00004198  a4=00000056 ; c.lw    a4,0(a1) [f00405cc]
      4371 :    #3874 0 80000068 000041dc  a5=0000005b ; c.lw    a5,128(a1) [f004064c]
      4372 :    #3875 0 8000006a 00004594  a3=0000003c ; c.lw    a3,8(a1) [f00405d4]
      4373 :    #3876 0 8000006c 00f75c63              ; bge     a4,a5,0x80000084
      4375 :    #3877 0 80000070 02d7c063              ; blt     a5,a3,0x80000090
      4376 :    #3878 0 80000074 00e6dc63              ; bge     a3,a4,0x8000008c
      4378 :    #3879 0 80000078 0000c218              ; c.sw    a4,0(a2) [f0041c00]
      4379 :    #3880 0 8000007a 00000591  a1=f00405d0 ; c.addi  a1,4
      4380 :    #3881 0 8000007c 00000611  a2=f0041c04 ; c.addi  a2,4
      4381 :    #3882 0 8000007e fea594e3              ; bne     a1,a0,0x80000066
      4382 :    #3883 0 80000066 00004198  a4=0000005b ; c.lw    a4,0(a1) [f00405d0]
      4383 :    #3884 0 80000068 000041dc  a5=0000003c ; c.lw    a5,128(a1) [f0040650]
      4384 :    #3885 0 8000006a 00004594  a3=0000017a ; c.lw    a3,8(a1) [f00405d8]
      4385 :    #3886 0 8000006c 00f75c63              ; bge     a4,a5,0x80000084
      4387 :    #3887 0 80000084 fed74ae3              ; blt     a4,a3,0x80000078
      4388 :    #3888 0 80000078 0000c218              ; c.sw    a4,0(a2) [f0041c04]
      4389 :    #3889 0 8000007a 00000591  a1=f00405d4 ; c.addi  a1,4
      4390 :    #3890 0 8000007c 00000611  a2=f0041c08 ; c.addi  a2,4
      4391 :    #3891 0 8000007e fea594e3              ; bne     a1,a0,0x80000066
      4392 :    #3892 0 80000066 00004198  a4=0000003c ; c.lw    a4,0(a1) [f00405d4]
      4393 :    #3893 0 80000068 000041dc  a5=0000017a ; c.lw    a5,128(a1) [f0040654]
      4394 :    #3894 0 8000006a 00004594  a3=00000294 ; c.lw    a3,8(a1) [f00405dc]
      4395 :    #3895 0 8000006c 00f75c63              ; bge     a4,a5,0x80000084
      4396 :    #3896 0 80000070 02d7c063              ; blt     a5,a3,0x80000090
      4398 :    #3897 0 80000090 0000c21c              ; c.sw    a5,0(a2) [f0041c08]
      4399 :    #3898 0 80000092 0000b7e5              ; c.j     0x8000007a
      4400 :    #3899 0 8000007a 00000591  a1=f00405d8 ; c.addi  a1,4
      4401 :    #3900 0 8000007c 00000611  a2=f0041c0c ; c.addi  a2,4
      4402 :    #3901 0 8000007e fea594e3              ; bne     a1,a0,0x80000066
      4403 :    #3902 0 80000066 00004198  a4=0000017a ; c.lw    a4,0(a1) [f00405d8]
      4404 :    #3903 0 80000068 000041dc  a5=00000294 ; c.lw    a5,128(a1) [f0040658]
      4405 :    #3904 0 8000006a 00004594  a3=00000069 ; c.lw    a3,8(a1) [f00405e0]
      4406 :    #3905 0 8000006c 00f75c63              ; bge     a4,a5,0x80000084
      4408 :    #3906 0 80000070 02d7c063              ; blt     a5,a3,0x80000090
      4409 :    #3907 0 80000074 00e6dc63              ; bge     a3,a4,0x8000008c
      4410 :    #3908 0 80000078 0000c218              ; c.sw    a4,0(a2) [f0041c0c]
      4411 :    #3909 0 8000007a 00000591  a1=f00405dc ; c.addi  a1,4
      4412 :    #3910 0 8000007c 00000611  a2=f0041c10 ; c.addi  a2,4
      4413 :    #3911 0 8000007e fea594e3              ; bne     a1,a0,0x80000066
      4414 :    #3912 0 80000066 00004198  a4=00000294 ; c.lw    a4,0(a1) [f00405dc]
      4415 :    #3913 0 80000068 000041dc  a5=00000069 ; c.lw    a5,128(a1) [f004065c]
      4416 :    #3914 0 8000006a 00004594  a3=0000029b ; c.lw    a3,8(a1) [f00405e4]
      4417 :    #3915 0 8000006c 00f75c63              ; bge     a4,a5,0x80000084
      4418 :    #3916 0 80000084 fed74ae3              ; blt     a4,a3,0x80000078
      4420 :    #3917 0 80000078 0000c218              ; c.sw    a4,0(a2) [f0041c10]
      4421 :    #3918 0 8000007a 00000591  a1=f00405e0 ; c.addi  a1,4
      4422 :    #3919 0 8000007c 00000611  a2=f0041c14 ; c.addi  a2,4
      4423 :    #3920 0 8000007e fea594e3              ; bne     a1,a0,0x80000066
      4424 :    #3921 0 80000066 00004198  a4=00000069 ; c.lw    a4,0(a1) [f00405e0]
      4425 :    #3922 0 80000068 000041dc  a5=0000029b ; c.lw    a5,128(a1) [f0040660]
      4426 :    #3923 0 8000006a 00004594  a3=00000066 ; c.lw    a3,8(a1) [f00405e8]
      4427 :    #3924 0 8000006c 00f75c63              ; bge     a4,a5,0x80000084
      4428 :    #3925 0 80000070 02d7c063              ; blt     a5,a3,0x80000090
      4429 :    #3926 0 80000074 00e6dc63              ; bge     a3,a4,0x8000008c
      4431 :    #3927 0 80000078 0000c218              ; c.sw    a4,0(a2) [f0041c14]
      4432 :    #3928 0 8000007a 00000591  a1=f00405e4 ; c.addi  a1,4
      4433 :    #3929 0 8000007c 00000611  a2=f0041c18 ; c.addi  a2,4
      4434 :    #3930 0 8000007e fea594e3              ; bne     a1,a0,0x80000066
      4435 :    #3931 0 80000066 00004198  a4=0000029b ; c.lw    a4,0(a1) [f00405e4]
      4436 :    #3932 0 80000068 000041dc  a5=00000066 ; c.lw    a5,128(a1) [f0040664]
      4437 :    #3933 0 8000006a 00004594  a3=00000099 ; c.lw    a3,8(a1) [f00405ec]
      4438 :    #3934 0 8000006c 00f75c63              ; bge     a4,a5,0x80000084
      4439 :    #3935 0 80000084 fed74ae3              ; blt     a4,a3,0x80000078
      4441 :    #3936 0 80000088 00f6c463              ; blt     a3,a5,0x80000090
      4443 :    #3937 0 8000008c 0000c214              ; c.sw    a3,0(a2) [f0041c18]
      4444 :    #3938 0 8000008e 0000b7f5              ; c.j     0x8000007a
      4445 :    #3939 0 8000007a 00000591  a1=f00405e8 ; c.addi  a1,4
      4446 :    #3940 0 8000007c 00000611  a2=f0041c1c ; c.addi  a2,4
      4447 :    #3941 0 8000007e fea594e3              ; bne     a1,a0,0x80000066
      4448 :    #3942 0 80000066 00004198  a4=00000066 ; c.lw    a4,0(a1) [f00405e8]
      4449 :    #3943 0 80000068 000041dc  a5=00000099 ; c.lw    a5,128(a1) [f0040668]
      4450 :    #3944 0 8000006a 00004594  a3=0000017d ; c.lw    a3,8(a1) [f00405f0]
      4451 :    #3945 0 8000006c 00f75c63              ; bge     a4,a5,0x80000084
      4452 :    #3946 0 80000070 02d7c063              ; blt     a5,a3,0x80000090
      4454 :    #3947 0 80000090 0000c21c              ; c.sw    a5,0(a2) [f0041c1c]
      4455 :    #3948 0 80000092 0000b7e5              ; c.j     0x8000007a
      4456 :    #3949 0 8000007a 00000591  a1=f00405ec ; c.addi  a1,4
      4457 :    #3950 0 8000007c 00000611  a2=f0041c20 ; c.addi  a2,4
      4458 :    #3951 0 8000007e fea594e3              ; bne     a1,a0,0x80000066
      4459 :    #3952 0 80000066 00004198  a4=00000099 ; c.lw    a4,0(a1) [f00405ec]
      4460 :    #3953 0 80000068 000041dc  a5=0000017d ; c.lw    a5,128(a1) [f004066c]
      4461 :    #3954 0 8000006a 00004594  a3=00000079 ; c.lw    a3,8(a1) [f00405f4]
      4462 :    #3955 0 8000006c 00f75c63              ; bge     a4,a5,0x80000084
      4463 :    #3956 0 80000070 02d7c063              ; blt     a5,a3,0x80000090
      4464 :    #3957 0 80000074 00e6dc63              ; bge     a3,a4,0x8000008c
      4465 :    #3958 0 80000078 0000c218              ; c.sw    a4,0(a2) [f0041c20]
      4466 :    #3959 0 8000007a 00000591  a1=f00405f0 ; c.addi  a1,4
      4467 :    #3960 0 8000007c 00000611  a2=f0041c24 ; c.addi  a2,4
      4468 :    #3961 0 8000007e fea594e3              ; bne     a1,a0,0x80000066
      4469 :    #3962 0 80000066 00004198  a4=0000017d ; c.lw    a4,0(a1) [f00405f0]
      4470 :    #3963 0 80000068 000041dc  a5=00000079 ; c.lw    a5,128(a1) [f0040670]
      4471 :    #3964 0 8000006a 00004594  a3=0000028b ; c.lw    a3,8(a1) [f00405f8]
      4472 :    #3965 0 8000006c 00f75c63              ; bge     a4,a5,0x80000084
      4473 :    #3966 0 80000084 fed74ae3              ; blt     a4,a3,0x80000078
      4474 :    #3967 0 80000078 0000c218              ; c.sw    a4,0(a2) [f0041c24]
      4475 :    #3968 0 8000007a 00000591  a1=f00405f4 ; c.addi  a1,4
      4476 :    #3969 0 8000007c 00000611  a2=f0041c28 ; c.addi  a2,4
      4477 :    #3970 0 8000007e fea594e3              ; bne     a1,a0,0x80000066
      4478 :    #3971 0 80000066 00004198  a4=00000079 ; c.lw    a4,0(a1) [f00405f4]
      4479 :    #3972 0 80000068 000041dc  a5=0000028b ; c.lw    a5,128(a1) [f0040674]
      4480 :    #3973 0 8000006a 00004594  a3=00000062 ; c.lw    a3,8(a1) [f00405fc]
      4481 :    #3974 0 8000006c 00f75c63              ; bge     a4,a5,0x80000084
      4482 :    #3975 0 80000070 02d7c063              ; blt     a5,a3,0x80000090
      4483 :    #3976 0 80000074 00e6dc63              ; bge     a3,a4,0x8000008c
      4485 :    #3977 0 80000078 0000c218              ; c.sw    a4,0(a2) [f0041c28]
      4486 :    #3978 0 8000007a 00000591  a1=f00405f8 ; c.addi  a1,4
      4487 :    #3979 0 8000007c 00000611  a2=f0041c2c ; c.addi  a2,4
      4488 :    #3980 0 8000007e fea594e3              ; bne     a1,a0,0x80000066
      4489 :    #3981 0 80000066 00004198  a4=0000028b ; c.lw    a4,0(a1) [f00405f8]
      4490 :    #3982 0 80000068 000041dc  a5=00000062 ; c.lw    a5,128(a1) [f0040678]
      4491 :    #3983 0 8000006a 00004594  a3=00000339 ; c.lw    a3,8(a1) [f0040600]
      4492 :    #3984 0 8000006c 00f75c63              ; bge     a4,a5,0x80000084
      4493 :    #3985 0 80000084 fed74ae3              ; blt     a4,a3,0x80000078
      4494 :    #3986 0 80000078 0000c218              ; c.sw    a4,0(a2) [f0041c2c]
      4495 :    #3987 0 8000007a 00000591  a1=f00405fc ; c.addi  a1,4
      4496 :    #3988 0 8000007c 00000611  a2=f0041c30 ; c.addi  a2,4
      4497 :    #3989 0 8000007e fea594e3              ; bne     a1,a0,0x80000066
      4498 :    #3990 0 80000066 00004198  a4=00000062 ; c.lw    a4,0(a1) [f00405fc]
      4499 :    #3991 0 80000068 000041dc  a5=00000339 ; c.lw    a5,128(a1) [f004067c]
      4500 :    #3992 0 8000006a 00004594  a3=0000019c ; c.lw    a3,8(a1) [f0040604]
      4501 :    #3993 0 8000006c 00f75c63              ; bge     a4,a5,0x80000084
      4502 :    #3994 0 80000070 02d7c063              ; blt     a5,a3,0x80000090
      4503 :    #3995 0 80000074 00e6dc63              ; bge     a3,a4,0x8000008c
      4505 :    #3996 0 8000008c 0000c214              ; c.sw    a3,0(a2) [f0041c30]
      4506 :    #3997 0 8000008e 0000b7f5              ; c.j     0x8000007a
      4507 :    #3998 0 8000007a 00000591  a1=f0040600 ; c.addi  a1,4
      4508 :    #3999 0 8000007c 00000611  a2=f0041c34 ; c.addi  a2,4
      4509 :    #4000 0 8000007e fea594e3              ; bne     a1,a0,0x80000066
      4510 :    #4001 0 80000066 00004198  a4=00000339 ; c.lw    a4,0(a1) [f0040600]
      4511 :    #4002 0 80000068 000041dc  a5=0000019c ; c.lw    a5,128(a1) [f0040680]
      4512 :    #4003 0 8000006a 00004594  a3=00000348 ; c.lw    a3,8(a1) [f0040608]
      4513 :    #4004 0 8000006c 00f75c63              ; bge     a4,a5,0x80000084
      4514 :    #4005 0 80000084 fed74ae3              ; blt     a4,a3,0x80000078
      4516 :    #4006 0 80000078 0000c218              ; c.sw    a4,0(a2) [f0041c34]
      4517 :    #4007 0 8000007a 00000591  a1=f0040604 ; c.addi  a1,4
      4518 :    #4008 0 8000007c 00000611  a2=f0041c38 ; c.addi  a2,4
      4519 :    #4009 0 8000007e fea594e3              ; bne     a1,a0,0x80000066
      4520 :    #4010 0 80000066 00004198  a4=0000019c ; c.lw    a4,0(a1) [f0040604]
      4521 :    #4011 0 80000068 000041dc  a5=00000348 ; c.lw    a5,128(a1) [f0040684]
      4522 :    #4012 0 8000006a 00004594  a3=000000ec ; c.lw    a3,8(a1) [f004060c]
      4523 :    #4013 0 8000006c 00f75c63              ; bge     a4,a5,0x80000084
      4524 :    #4014 0 80000070 02d7c063              ; blt     a5,a3,0x80000090
      4525 :    #4015 0 80000074 00e6dc63              ; bge     a3,a4,0x8000008c
      4526 :    #4016 0 80000078 0000c218              ; c.sw    a4,0(a2) [f0041c38]
      4527 :    #4017 0 8000007a 00000591  a1=f0040608 ; c.addi  a1,4
      4528 :    #4018 0 8000007c 00000611  a2=f0041c3c ; c.addi  a2,4
      4529 :    #4019 0 8000007e fea594e3              ; bne     a1,a0,0x80000066
      4530 :    #4020 0 80000066 00004198  a4=00000348 ; c.lw    a4,0(a1) [f0040608]
      4531 :    #4021 0 80000068 000041dc  a5=000000ec ; c.lw    a5,128(a1) [f0040688]
      4532 :    #4022 0 8000006a 00004594  a3=00000164 ; c.lw    a3,8(a1) [f0040610]
      4533 :    #4023 0 8000006c 00f75c63              ; bge     a4,a5,0x80000084
      4534 :    #4024 0 80000084 fed74ae3              ; blt     a4,a3,0x80000078
      4536 :    #4025 0 80000088 00f6c463              ; blt     a3,a5,0x80000090
      4538 :    #4026 0 8000008c 0000c214              ; c.sw    a3,0(a2) [f0041c3c]
      4539 :    #4027 0 8000008e 0000b7f5              ; c.j     0x8000007a
      4540 :    #4028 0 8000007a 00000591  a1=f004060c ; c.addi  a1,4
      4541 :    #4029 0 8000007c 00000611  a2=f0041c40 ; c.addi  a2,4
      4542 :    #4030 0 8000007e fea594e3              ; bne     a1,a0,0x80000066
      4543 :    #4031 0 80000066 00004198  a4=000000ec ; c.lw    a4,0(a1) [f004060c]
      4544 :    #4032 0 80000068 000041dc  a5=00000164 ; c.lw    a5,128(a1) [f004068c]
      4545 :    #4033 0 8000006a 00004594  a3=0000000c ; c.lw    a3,8(a1) [f0040614]
      4546 :    #4034 0 8000006c 00f75c63              ; bge     a4,a5,0x80000084
      4547 :    #4035 0 80000070 02d7c063              ; blt     a5,a3,0x80000090
      4549 :    #4036 0 80000074 00e6dc63              ; bge     a3,a4,0x8000008c
      4550 :    #4037 0 80000078 0000c218              ; c.sw    a4,0(a2) [f0041c40]
      4551 :    #4038 0 8000007a 00000591  a1=f0040610 ; c.addi  a1,4
      4552 :    #4039 0 8000007c 00000611  a2=f0041c44 ; c.addi  a2,4
      4553 :    #4040 0 8000007e fea594e3              ; bne     a1,a0,0x80000066
      4554 :    #4041 0 80000066 00004198  a4=00000164 ; c.lw    a4,0(a1) [f0040610]
      4555 :    #4042 0 80000068 000041dc  a5=0000000c ; c.lw    a5,128(a1) [f0040690]
      4556 :    #4043 0 8000006a 00004594  a3=00000094 ; c.lw    a3,8(a1) [f0040618]
      4557 :    #4044 0 8000006c 00f75c63              ; bge     a4,a5,0x80000084
      4558 :    #4045 0 80000084 fed74ae3              ; blt     a4,a3,0x80000078
      4560 :    #4046 0 80000088 00f6c463              ; blt     a3,a5,0x80000090
      4561 :    #4047 0 8000008c 0000c214              ; c.sw    a3,0(a2) [f0041c44]
      4562 :    #4048 0 8000008e 0000b7f5              ; c.j     0x8000007a
      4563 :    #4049 0 8000007a 00000591  a1=f0040614 ; c.addi  a1,4
      4564 :    #4050 0 8000007c 00000611  a2=f0041c48 ; c.addi  a2,4
      4565 :    #4051 0 8000007e fea594e3              ; bne     a1,a0,0x80000066
      4566 :    #4052 0 80000066 00004198  a4=0000000c ; c.lw    a4,0(a1) [f0040614]
      4567 :    #4053 0 80000068 000041dc  a5=00000094 ; c.lw    a5,128(a1) [f0040694]
      4568 :    #4054 0 8000006a 00004594  a3=000001a7 ; c.lw    a3,8(a1) [f004061c]
      4569 :    #4055 0 8000006c 00f75c63              ; bge     a4,a5,0x80000084
      4570 :    #4056 0 80000070 02d7c063              ; blt     a5,a3,0x80000090
      4572 :    #4057 0 80000090 0000c21c              ; c.sw    a5,0(a2) [f0041c48]
      4573 :    #4058 0 80000092 0000b7e5              ; c.j     0x8000007a
      4574 :    #4059 0 8000007a 00000591  a1=f0040618 ; c.addi  a1,4
      4575 :    #4060 0 8000007c 00000611  a2=f0041c4c ; c.addi  a2,4
      4576 :    #4061 0 8000007e fea594e3              ; bne     a1,a0,0x80000066
      4577 :    #4062 0 80000066 00004198  a4=00000094 ; c.lw    a4,0(a1) [f0040618]
      4578 :    #4063 0 80000068 000041dc  a5=000001a7 ; c.lw    a5,128(a1) [f0040698]
      4579 :    #4064 0 8000006a 00004594  a3=00000036 ; c.lw    a3,8(a1) [f0040620]
      4580 :    #4065 0 8000006c 00f75c63              ; bge     a4,a5,0x80000084
      4581 :    #4066 0 80000070 02d7c063              ; blt     a5,a3,0x80000090
      4582 :    #4067 0 80000074 00e6dc63              ; bge     a3,a4,0x8000008c
      4583 :    #4068 0 80000078 0000c218              ; c.sw    a4,0(a2) [f0041c4c]
      4584 :    #4069 0 8000007a 00000591  a1=f004061c ; c.addi  a1,4
      4585 :    #4070 0 8000007c 00000611  a2=f0041c50 ; c.addi  a2,4
      4586 :    #4071 0 8000007e fea594e3              ; bne     a1,a0,0x80000066
      4587 :    #4072 0 80000066 00004198  a4=000001a7 ; c.lw    a4,0(a1) [f004061c]
      4588 :    #4073 0 80000068 000041dc  a5=00000036 ; c.lw    a5,128(a1) [f004069c]
      4589 :    #4074 0 8000006a 00004594  a3=000003c5 ; c.lw    a3,8(a1) [f0040624]
      4590 :    #4075 0 8000006c 00f75c63              ; bge     a4,a5,0x80000084
      4591 :    #4076 0 80000084 fed74ae3              ; blt     a4,a3,0x80000078
      4592 :    #4077 0 80000078 0000c218              ; c.sw    a4,0(a2) [f0041c50]
      4593 :    #4078 0 8000007a 00000591  a1=f0040620 ; c.addi  a1,4
      4594 :    #4079 0 8000007c 00000611  a2=f0041c54 ; c.addi  a2,4
      4595 :    #4080 0 8000007e fea594e3              ; bne     a1,a0,0x80000066
      4596 :    #4081 0 80000066 00004198  a4=00000036 ; c.lw    a4,0(a1) [f0040620]
      4597 :    #4082 0 80000068 000041dc  a5=000003c5 ; c.lw    a5,128(a1) [f00406a0]
      4598 :    #4083 0 8000006a 00004594  a3=0000008c ; c.lw    a3,8(a1) [f0040628]
      4599 :    #4084 0 8000006c 00f75c63              ; bge     a4,a5,0x80000084
      4600 :    #4085 0 80000070 02d7c063              ; blt     a5,a3,0x80000090
      4601 :    #4086 0 80000074 00e6dc63              ; bge     a3,a4,0x8000008c
      4602 :    #4087 0 8000008c 0000c214              ; c.sw    a3,0(a2) [f0041c54]
      4603 :    #4088 0 8000008e 0000b7f5              ; c.j     0x8000007a
      4604 :    #4089 0 8000007a 00000591  a1=f0040624 ; c.addi  a1,4
      4605 :    #4090 0 8000007c 00000611  a2=f0041c58 ; c.addi  a2,4
      4606 :    #4091 0 8000007e fea594e3              ; bne     a1,a0,0x80000066
      4607 :    #4092 0 80000066 00004198  a4=000003c5 ; c.lw    a4,0(a1) [f0040624]
      4608 :    #4093 0 80000068 000041dc  a5=0000008c ; c.lw    a5,128(a1) [f00406a4]
      4609 :    #4094 0 8000006a 00004594  a3=000000d8 ; c.lw    a3,8(a1) [f004062c]
      4610 :    #4095 0 8000006c 00f75c63              ; bge     a4,a5,0x80000084
      4611 :    #4096 0 80000084 fed74ae3              ; blt     a4,a3,0x80000078
      4612 :    #4097 0 80000088 00f6c463              ; blt     a3,a5,0x80000090
      4614 :    #4098 0 8000008c 0000c214              ; c.sw    a3,0(a2) [f0041c58]
      4615 :    #4099 0 8000008e 0000b7f5              ; c.j     0x8000007a
      4616 :    #4100 0 8000007a 00000591  a1=f0040628 ; c.addi  a1,4
      4617 :    #4101 0 8000007c 00000611  a2=f0041c5c ; c.addi  a2,4
      4618 :    #4102 0 8000007e fea594e3              ; bne     a1,a0,0x80000066
      4619 :    #4103 0 80000066 00004198  a4=0000008c ; c.lw    a4,0(a1) [f0040628]
      4620 :    #4104 0 80000068 000041dc  a5=000000d8 ; c.lw    a5,128(a1) [f00406a8]
      4621 :    #4105 0 8000006a 00004594  a3=000003bb ; c.lw    a3,8(a1) [f0040630]
      4622 :    #4106 0 8000006c 00f75c63              ; bge     a4,a5,0x80000084
      4623 :    #4107 0 80000070 02d7c063              ; blt     a5,a3,0x80000090
      4625 :    #4108 0 80000090 0000c21c              ; c.sw    a5,0(a2) [f0041c5c]
      4626 :    #4109 0 80000092 0000b7e5              ; c.j     0x8000007a
      4627 :    #4110 0 8000007a 00000591  a1=f004062c ; c.addi  a1,4
      4628 :    #4111 0 8000007c 00000611  a2=f0041c60 ; c.addi  a2,4
      4629 :    #4112 0 8000007e fea594e3              ; bne     a1,a0,0x80000066
      4630 :    #4113 0 80000066 00004198  a4=000000d8 ; c.lw    a4,0(a1) [f004062c]
      4631 :    #4114 0 80000068 000041dc  a5=000003bb ; c.lw    a5,128(a1) [f00406ac]
      4632 :    #4115 0 8000006a 00004594  a3=0000026d ; c.lw    a3,8(a1) [f0040634]
      4633 :    #4116 0 8000006c 00f75c63              ; bge     a4,a5,0x80000084
      4634 :    #4117 0 80000070 02d7c063              ; blt     a5,a3,0x80000090
      4635 :    #4118 0 80000074 00e6dc63              ; bge     a3,a4,0x8000008c
      4637 :    #4119 0 8000008c 0000c214              ; c.sw    a3,0(a2) [f0041c60]
      4638 :    #4120 0 8000008e 0000b7f5              ; c.j     0x8000007a
      4639 :    #4121 0 8000007a 00000591  a1=f0040630 ; c.addi  a1,4
      4640 :    #4122 0 8000007c 00000611  a2=f0041c64 ; c.addi  a2,4
      4641 :    #4123 0 8000007e fea594e3              ; bne     a1,a0,0x80000066
      4642 :    #4124 0 80000066 00004198  a4=000003bb ; c.lw    a4,0(a1) [f0040630]
      4643 :    #4125 0 80000068 000041dc  a5=0000026d ; c.lw    a5,128(a1) [f00406b0]
      4644 :    #4126 0 8000006a 00004594  a3=00000157 ; c.lw    a3,8(a1) [f0040638]
      4645 :    #4127 0 8000006c 00f75c63              ; bge     a4,a5,0x80000084
      4646 :    #4128 0 80000084 fed74ae3              ; blt     a4,a3,0x80000078
      4647 :    #4129 0 80000088 00f6c463              ; blt     a3,a5,0x80000090
      4648 :    #4130 0 80000090 0000c21c              ; c.sw    a5,0(a2) [f0041c64]
      4649 :    #4131 0 80000092 0000b7e5              ; c.j     0x8000007a
      4650 :    #4132 0 8000007a 00000591  a1=f0040634 ; c.addi  a1,4
      4651 :    #4133 0 8000007c 00000611  a2=f0041c68 ; c.addi  a2,4
      4652 :    #4134 0 8000007e fea594e3              ; bne     a1,a0,0x80000066
      4653 :    #4135 0 80000066 00004198  a4=0000026d ; c.lw    a4,0(a1) [f0040634]
      4654 :    #4136 0 80000068 000041dc  a5=00000157 ; c.lw    a5,128(a1) [f00406b4]
      4655 :    #4137 0 8000006a 00004594  a3=00000169 ; c.lw    a3,8(a1) [f004063c]
      4656 :    #4138 0 8000006c 00f75c63              ; bge     a4,a5,0x80000084
      4657 :    #4139 0 80000084 fed74ae3              ; blt     a4,a3,0x80000078
      4658 :    #4140 0 80000088 00f6c463              ; blt     a3,a5,0x80000090
      4660 :    #4141 0 8000008c 0000c214              ; c.sw    a3,0(a2) [f0041c68]
      4661 :    #4142 0 8000008e 0000b7f5              ; c.j     0x8000007a
      4662 :    #4143 0 8000007a 00000591  a1=f0040638 ; c.addi  a1,4
      4663 :    #4144 0 8000007c 00000611  a2=f0041c6c ; c.addi  a2,4
      4664 :    #4145 0 8000007e fea594e3              ; bne     a1,a0,0x80000066
      4666 :    #4146 0 80000082 00008082              ; c.jr    ra
      4668 :    #4147 0 800000ae 19000513  a0=00000190 ; addi    a0,zero,400
      4669 :    #4148 0 800000b2 0000860a  a2=f0041630 ; c.mv    a2,sp
      4670 :    #4149 0 800000b4 70040597  a1=f00400b4 ; auipc   a1,0x70040000
      4671 :    #4150 0 800000b8 f4c58593  a1=f0040000 ; addi    a1,a1,-180
      4672 :    #4151 0 800000bc f8bff0ef  ra=800000c0 ; jal     ra,0x80000046
      4674 :    #4152 0 80000046 00251793  a5=00000640 ; slli    a5,a0,2
      4675 :    #4153 0 8000004a 000017f1  a5=0000063c ; c.addi  a5,-4
      4676 :    #4154 0 8000004c 00f60733  a4=f0041c6c ; add     a4,a2,a5
      4677 :    #4155 0 80000050 00062023              ; sw      zero,0(a2) [f0041630]
      4678 :    #4156 0 80000054 00072023              ; sw      zero,0(a4) [f0041c6c]
      4679 :    #4157 0 80000058 00004709  a4=00000002 ; c.li    a4,2
      4680 :    #4158 0 8000005a 02a75463              ; bge     a4,a0,0x80000082
      4681 :    #4159 0 8000005e 00b78533  a0=f004063c ; add     a0,a5,a1
      4682 :    #4160 0 80000062 00000611  a2=f0041634 ; c.addi  a2,4
      4683 :    #4161 0 80000064 00001571  a0=f0040638 ; c.addi  a0,-4
      4684 :    #4162 0 80000066 00004198  a4=00000029 ; c.lw    a4,0(a1) [f0040000]
      4685 :    #4163 0 80000068 000041dc  a5=000001c6 ; c.lw    a5,128(a1) [f0040080]
      4686 :    #4164 0 8000006a 00004594  a3=00000341 ; c.lw    a3,8(a1) [f0040008]
      4687 :    #4165 0 8000006c 00f75c63              ; bge     a4,a5,0x80000084
      4689 :    #4166 0 80000070 02d7c063              ; blt     a5,a3,0x80000090
      4690 :    #4167 0 80000090 0000c21c              ; c.sw    a5,0(a2) [f0041634]
      4691 :    #4168 0 80000092 0000b7e5              ; c.j     0x8000007a
      4692 :    #4169 0 8000007a 00000591  a1=f0040004 ; c.addi  a1,4
      4693 :    #4170 0 8000007c 00000611  a2=f0041638 ; c.addi  a2,4
      4694 :    #4171 0 8000007e fea594e3              ; bne     a1,a0,0x80000066
      4696 :    #4172 0 80000066 00004198  a4=000001c6 ; c.lw    a4,0(a1) [f0040004]
      4697 :    #4173 0 80000068 000041dc  a5=00000341 ; c.lw    a5,128(a1) [f0040084]
      4698 :    #4174 0 8000006a 00004594  a3=0000014f ; c.lw    a3,8(a1) [f004000c]
      4699 :    #4175 0 8000006c 00f75c63              ; bge     a4,a5,0x80000084
      4700 :    #4176 0 80000070 02d7c063              ; blt     a5,a3,0x80000090
      4701 :    #4177 0 80000074 00e6dc63              ; bge     a3,a4,0x8000008c
      4702 :    #4178 0 80000078 0000c218              ; c.sw    a4,0(a2) [f0041638]
      4703 :    #4179 0 8000007a 00000591  a1=f0040008 ; c.addi  a1,4
      4704 :    #4180 0 8000007c 00000611  a2=f004163c ; c.addi  a2,4
      4705 :    #4181 0 8000007e fea594e3              ; bne     a1,a0,0x80000066
      4706 :    #4182 0 80000066 00004198  a4=00000341 ; c.lw    a4,0(a1) [f0040008]
      4707 :    #4183 0 80000068 000041dc  a5=0000014f ; c.lw    a5,128(a1) [f0040088]
      4708 :    #4184 0 8000006a 00004594  a3=00000234 ; c.lw    a3,8(a1) [f0040010]
      4709 :    #4185 0 8000006c 00f75c63              ; bge     a4,a5,0x80000084
      4711 :    #4186 0 80000084 fed74ae3              ; blt     a4,a3,0x80000078
      4712 :    #4187 0 80000088 00f6c463              ; blt     a3,a5,0x80000090
      4713 :    #4188 0 8000008c 0000c214              ; c.sw    a3,0(a2) [f004163c]
      4714 :    #4189 0 8000008e 0000b7f5              ; c.j     0x8000007a
      4715 :    #4190 0 8000007a 00000591  a1=f004000c ; c.addi  a1,4
      4716 :    #4191 0 8000007c 00000611  a2=f0041640 ; c.addi  a2,4
      4717 :    #4192 0 8000007e fea594e3              ; bne     a1,a0,0x80000066
      4718 :    #4193 0 80000066 00004198  a4=0000014f ; c.lw    a4,0(a1) [f004000c]
      4719 :    #4194 0 80000068 000041dc  a5=00000234 ; c.lw    a5,128(a1) [f004008c]
      4720 :    #4195 0 8000006a 00004594  a3=00000001 ; c.lw    a3,8(a1) [f0040014]
      4721 :    #4196 0 8000006c 00f75c63              ; bge     a4,a5,0x80000084
      4722 :    #4197 0 80000070 02d7c063              ; blt     a5,a3,0x80000090
      4723 :    #4198 0 80000074 00e6dc63              ; bge     a3,a4,0x8000008c
      4725 :    #4199 0 80000078 0000c218              ; c.sw    a4,0(a2) [f0041640]
      4726 :    #4200 0 8000007a 00000591  a1=f0040010 ; c.addi  a1,4
      4727 :    #4201 0 8000007c 00000611  a2=f0041644 ; c.addi  a2,4
      4728 :    #4202 0 8000007e fea594e3              ; bne     a1,a0,0x80000066
      4729 :    #4203 0 80000066 00004198  a4=00000234 ; c.lw    a4,0(a1) [f0040010]
      4730 :    #4204 0 80000068 000041dc  a5=00000001 ; c.lw    a5,128(a1) [f0040090]
      4731 :    #4205 0 8000006a 00004594  a3=000000bb ; c.lw    a3,8(a1) [f0040018]
      4732 :    #4206 0 8000006c 00f75c63              ; bge     a4,a5,0x80000084
      4734 :    #4207 0 80000084 fed74ae3              ; blt     a4,a3,0x80000078
      4735 :    #4208 0 80000088 00f6c463              ; blt     a3,a5,0x80000090
      4736 :    #4209 0 8000008c 0000c214              ; c.sw    a3,0(a2) [f0041644]
      4737 :    #4210 0 8000008e 0000b7f5              ; c.j     0x8000007a
      4738 :    #4211 0 8000007a 00000591  a1=f0040014 ; c.addi  a1,4
      4739 :    #4212 0 8000007c 00000611  a2=f0041648 ; c.addi  a2,4
      4740 :    #4213 0 8000007e fea594e3              ; bne     a1,a0,0x80000066
      4741 :    #4214 0 80000066 00004198  a4=00000001 ; c.lw    a4,0(a1) [f0040014]
      4742 :    #4215 0 80000068 000041dc  a5=000000bb ; c.lw    a5,128(a1) [f0040094]
      4743 :    #4216 0 8000006a 00004594  a3=000003dd ; c.lw    a3,8(a1) [f004001c]
      4744 :    #4217 0 8000006c 00f75c63              ; bge     a4,a5,0x80000084
      4745 :    #4218 0 80000070 02d7c063              ; blt     a5,a3,0x80000090
      4747 :    #4219 0 80000090 0000c21c              ; c.sw    a5,0(a2) [f0041648]
      4748 :    #4220 0 80000092 0000b7e5              ; c.j     0x8000007a
      4749 :    #4221 0 8000007a 00000591  a1=f0040018 ; c.addi  a1,4
      4750 :    #4222 0 8000007c 00000611  a2=f004164c ; c.addi  a2,4
      4751 :    #4223 0 8000007e fea594e3              ; bne     a1,a0,0x80000066
      4752 :    #4224 0 80000066 00004198  a4=000000bb ; c.lw    a4,0(a1) [f0040018]
      4753 :    #4225 0 80000068 000041dc  a5=000003dd ; c.lw    a5,128(a1) [f0040098]
      4754 :    #4226 0 8000006a 00004594  a3=000002ed ; c.lw    a3,8(a1) [f0040020]
      4755 :    #4227 0 8000006c 00f75c63              ; bge     a4,a5,0x80000084
      4756 :    #4228 0 80000070 02d7c063              ; blt     a5,a3,0x80000090
      4757 :    #4229 0 80000074 00e6dc63              ; bge     a3,a4,0x8000008c
      4758 :    #4230 0 8000008c 0000c214              ; c.sw    a3,0(a2) [f004164c]
      4759 :    #4231 0 8000008e 0000b7f5              ; c.j     0x8000007a
      4760 :    #4232 0 8000007a 00000591  a1=f004001c ; c.addi  a1,4
      4761 :    #4233 0 8000007c 00000611  a2=f0041650 ; c.addi  a2,4
      4762 :    #4234 0 8000007e fea594e3              ; bne     a1,a0,0x80000066
      4764 :    #4235 0 80000066 00004198  a4=000003dd ; c.lw    a4,0(a1) [f004001c]
      4765 :    #4236 0 80000068 000041dc  a5=000002ed ; c.lw    a5,128(a1) [f004009c]
      4766 :    #4237 0 8000006a 00004594  a3=0000016d ; c.lw    a3,8(a1) [f0040024]
      4767 :    #4238 0 8000006c 00f75c63              ; bge     a4,a5,0x80000084
      4768 :    #4239 0 80000084 fed74ae3              ; blt     a4,a3,0x80000078
      4769 :    #4240 0 80000088 00f6c463              ; blt     a3,a5,0x80000090
      4771 :    #4241 0 80000090 0000c21c              ; c.sw    a5,0(a2) [f0041650]
      4772 :    #4242 0 80000092 0000b7e5              ; c.j     0x8000007a
      4773 :    #4243 0 8000007a 00000591  a1=f0040020 ; c.addi  a1,4
      4774 :    #4244 0 8000007c 00000611  a2=f0041654 ; c.addi  a2,4
      4775 :    #4245 0 8000007e fea594e3              ; bne     a1,a0,0x80000066
      4776 :    #4246 0 80000066 00004198  a4=000002ed ; c.lw    a4,0(a1) [f0040020]
      4777 :    #4247 0 80000068 000041dc  a5=0000016d ; c.lw    a5,128(a1) [f00400a0]
      4778 :    #4248 0 8000006a 00004594  a3=0000015e ; c.lw    a3,8(a1) [f0040028]
      4779 :    #4249 0 8000006c 00f75c63              ; bge     a4,a5,0x80000084
      4781 :    #4250 0 80000084 fed74ae3              ; blt     a4,a3,0x80000078
      4782 :    #4251 0 80000088 00f6c463              ; blt     a3,a5,0x80000090
      4784 :    #4252 0 80000090 0000c21c              ; c.sw    a5,0(a2) [f0041654]
      4785 :    #4253 0 80000092 0000b7e5              ; c.j     0x8000007a
      4786 :    #4254 0 8000007a 00000591  a1=f0040024 ; c.addi  a1,4
      4787 :    #4255 0 8000007c 00000611  a2=f0041658 ; c.addi  a2,4
      4788 :    #4256 0 8000007e fea594e3              ; bne     a1,a0,0x80000066
      4789 :    #4257 0 80000066 00004198  a4=0000016d ; c.lw    a4,0(a1) [f0040024]
      4790 :    #4258 0 80000068 000041dc  a5=0000015e ; c.lw    a5,128(a1) [f00400a4]
      4791 :    #4259 0 8000006a 00004594  a3=0000023c ; c.lw    a3,8(a1) [f004002c]
      4792 :    #4260 0 8000006c 00f75c63              ; bge     a4,a5,0x80000084
      4794 :    #4261 0 80000084 fed74ae3              ; blt     a4,a3,0x80000078
      4796 :    #4262 0 80000078 0000c218              ; c.sw    a4,0(a2) [f0041658]
      4797 :    #4263 0 8000007a 00000591  a1=f0040028 ; c.addi  a1,4
      4798 :    #4264 0 8000007c 00000611  a2=f004165c ; c.addi  a2,4
      4799 :    #4265 0 8000007e fea594e3              ; bne     a1,a0,0x80000066
      4800 :    #4266 0 80000066 00004198  a4=0000015e ; c.lw    a4,0(a1) [f0040028]
      4801 :    #4267 0 80000068 000041dc  a5=0000023c ; c.lw    a5,128(a1) [f00400a8]
      4802 :    #4268 0 8000006a 00004594  a3=00000084 ; c.lw    a3,8(a1) [f0040030]
      4803 :    #4269 0 8000006c 00f75c63              ; bge     a4,a5,0x80000084
      4804 :    #4270 0 80000070 02d7c063              ; blt     a5,a3,0x80000090
      4805 :    #4271 0 80000074 00e6dc63              ; bge     a3,a4,0x8000008c
      4807 :    #4272 0 80000078 0000c218              ; c.sw    a4,0(a2) [f004165c]
      4808 :    #4273 0 8000007a 00000591  a1=f004002c ; c.addi  a1,4
      4809 :    #4274 0 8000007c 00000611  a2=f0041660 ; c.addi  a2,4
      4810 :    #4275 0 8000007e fea594e3              ; bne     a1,a0,0x80000066
      4811 :    #4276 0 80000066 00004198  a4=0000023c ; c.lw    a4,0(a1) [f004002c]
      4812 :    #4277 0 80000068 000041dc  a5=00000084 ; c.lw    a5,128(a1) [f00400ac]
      4813 :    #4278 0 8000006a 00004594  a3=00000040 ; c.lw    a3,8(a1) [f0040034]
      4814 :    #4279 0 8000006c 00f75c63              ; bge     a4,a5,0x80000084
      4815 :    #4280 0 80000084 fed74ae3              ; blt     a4,a3,0x80000078
      4817 :    #4281 0 80000088 00f6c463              ; blt     a3,a5,0x80000090
      4819 :    #4282 0 80000090 0000c21c              ; c.sw    a5,0(a2) [f0041660]
      4820 :    #4283 0 80000092 0000b7e5              ; c.j     0x8000007a
      4821 :    #4284 0 8000007a 00000591  a1=f0040030 ; c.addi  a1,4
      4822 :    #4285 0 8000007c 00000611  a2=f0041664 ; c.addi  a2,4
      4823 :    #4286 0 8000007e fea594e3              ; bne     a1,a0,0x80000066
      4824 :    #4287 0 80000066 00004198  a4=00000084 ; c.lw    a4,0(a1) [f0040030]
      4825 :    #4288 0 80000068 000041dc  a5=00000040 ; c.lw    a5,128(a1) [f00400b0]
      4826 :    #4289 0 8000006a 00004594  a3=000003b5 ; c.lw    a3,8(a1) [f0040038]
      4827 :    #4290 0 8000006c 00f75c63              ; bge     a4,a5,0x80000084
      4829 :    #4291 0 80000084 fed74ae3              ; blt     a4,a3,0x80000078
      4831 :    #4292 0 80000078 0000c218              ; c.sw    a4,0(a2) [f0041664]
      4832 :    #4293 0 8000007a 00000591  a1=f0040034 ; c.addi  a1,4
      4833 :    #4294 0 8000007c 00000611  a2=f0041668 ; c.addi  a2,4
      4834 :    #4295 0 8000007e fea594e3              ; bne     a1,a0,0x80000066
      4835 :    #4296 0 80000066 00004198  a4=00000040 ; c.lw    a4,0(a1) [f0040034]
      4836 :    #4297 0 80000068 000041dc  a5=000003b5 ; c.lw    a5,128(a1) [f00400b4]
      4837 :    #4298 0 8000006a 00004594  a3=00000099 ; c.lw    a3,8(a1) [f004003c]
      4838 :    #4299 0 8000006c 00f75c63              ; bge     a4,a5,0x80000084
      4839 :    #4300 0 80000070 02d7c063              ; blt     a5,a3,0x80000090
      4840 :    #4301 0 80000074 00e6dc63              ; bge     a3,a4,0x8000008c
      4842 :    #4302 0 8000008c 0000c214              ; c.sw    a3,0(a2) [f0041668]
      4843 :    #4303 0 8000008e 0000b7f5              ; c.j     0x8000007a
      4844 :    #4304 0 8000007a 00000591  a1=f0040038 ; c.addi  a1,4
      4845 :    #4305 0 8000007c 00000611  a2=f004166c ; c.addi  a2,4
      4846 :    #4306 0 8000007e fea594e3              ; bne     a1,a0,0x80000066
      4847 :    #4307 0 80000066 00004198  a4=000003b5 ; c.lw    a4,0(a1) [f0040038]
      4848 :    #4308 0 80000068 000041dc  a5=00000099 ; c.lw    a5,128(a1) [f00400b8]
      4849 :    #4309 0 8000006a 00004594  a3=00000248 ; c.lw    a3,8(a1) [f0040040]
      4850 :    #4310 0 8000006c 00f75c63              ; bge     a4,a5,0x80000084
      4851 :    #4311 0 80000084 fed74ae3              ; blt     a4,a3,0x80000078
      4853 :    #4312 0 80000088 00f6c463              ; blt     a3,a5,0x80000090
      4854 :    #4313 0 8000008c 0000c214              ; c.sw    a3,0(a2) [f004166c]
      4855 :    #4314 0 8000008e 0000b7f5              ; c.j     0x8000007a
      4856 :    #4315 0 8000007a 00000591  a1=f004003c ; c.addi  a1,4
      4857 :    #4316 0 8000007c 00000611  a2=f0041670 ; c.addi  a2,4
      4858 :    #4317 0 8000007e fea594e3              ; bne     a1,a0,0x80000066
      4859 :    #4318 0 80000066 00004198  a4=00000099 ; c.lw    a4,0(a1) [f004003c]
      4860 :    #4319 0 80000068 000041dc  a5=00000248 ; c.lw    a5,128(a1) [f00400bc]
      4861 :    #4320 0 8000006a 00004594  a3=000000d8 ; c.lw    a3,8(a1) [f0040044]
      4862 :    #4321 0 8000006c 00f75c63              ; bge     a4,a5,0x80000084
      4864 :    #4322 0 80000070 02d7c063              ; blt     a5,a3,0x80000090
      4865 :    #4323 0 80000074 00e6dc63              ; bge     a3,a4,0x8000008c
      4866 :    #4324 0 8000008c 0000c214              ; c.sw    a3,0(a2) [f0041670]
      4867 :    #4325 0 8000008e 0000b7f5              ; c.j     0x8000007a
      4868 :    #4326 0 8000007a 00000591  a1=f0040040 ; c.addi  a1,4
      4869 :    #4327 0 8000007c 00000611  a2=f0041674 ; c.addi  a2,4
      4870 :    #4328 0 8000007e fea594e3              ; bne     a1,a0,0x80000066
      4871 :    #4329 0 80000066 00004198  a4=00000248 ; c.lw    a4,0(a1) [f0040040]
      4872 :    #4330 0 80000068 000041dc  a5=000000d8 ; c.lw    a5,128(a1) [f00400c0]
      4873 :    #4331 0 8000006a 00004594  a3=00000325 ; c.lw    a3,8(a1) [f0040048]
      4874 :    #4332 0 8000006c 00f75c63              ; bge     a4,a5,0x80000084
      4876 :    #4333 0 80000084 fed74ae3              ; blt     a4,a3,0x80000078
      4878 :    #4334 0 80000078 0000c218              ; c.sw    a4,0(a2) [f0041674]
      4879 :    #4335 0 8000007a 00000591  a1=f0040044 ; c.addi  a1,4
      4880 :    #4336 0 8000007c 00000611  a2=f0041678 ; c.addi  a2,4
      4881 :    #4337 0 8000007e fea594e3              ; bne     a1,a0,0x80000066
      4882 :    #4338 0 80000066 00004198  a4=000000d8 ; c.lw    a4,0(a1) [f0040044]
      4883 :    #4339 0 80000068 000041dc  a5=00000325 ; c.lw    a5,128(a1) [f00400c4]
      4884 :    #4340 0 8000006a 00004594  a3=0000008c ; c.lw    a3,8(a1) [f004004c]
      4885 :    #4341 0 8000006c 00f75c63              ; bge     a4,a5,0x80000084
      4886 :    #4342 0 80000070 02d7c063              ; blt     a5,a3,0x80000090
      4887 :    #4343 0 80000074 00e6dc63              ; bge     a3,a4,0x8000008c
      4889 :    #4344 0 80000078 0000c218              ; c.sw    a4,0(a2) [f0041678]
      4890 :    #4345 0 8000007a 00000591  a1=f0040048 ; c.addi  a1,4
      4891 :    #4346 0 8000007c 00000611  a2=f004167c ; c.addi  a2,4
      4892 :    #4347 0 8000007e fea594e3              ; bne     a1,a0,0x80000066
      4893 :    #4348 0 80000066 00004198  a4=00000325 ; c.lw    a4,0(a1) [f0040048]
      4894 :    #4349 0 80000068 000041dc  a5=0000008c ; c.lw    a5,128(a1) [f00400c8]
      4895 :    #4350 0 8000006a 00004594  a3=0000026d ; c.lw    a3,8(a1) [f0040050]
      4896 :    #4351 0 8000006c 00f75c63              ; bge     a4,a5,0x80000084
      4897 :    #4352 0 80000084 fed74ae3              ; blt     a4,a3,0x80000078
      4899 :    #4353 0 80000088 00f6c463              ; blt     a3,a5,0x80000090
      4900 :    #4354 0 8000008c 0000c214              ; c.sw    a3,0(a2) [f004167c]
      4901 :    #4355 0 8000008e 0000b7f5              ; c.j     0x8000007a
      4902 :    #4356 0 8000007a 00000591  a1=f004004c ; c.addi  a1,4
      4903 :    #4357 0 8000007c 00000611  a2=f0041680 ; c.addi  a2,4
      4904 :    #4358 0 8000007e fea594e3              ; bne     a1,a0,0x80000066
      4905 :    #4359 0 80000066 00004198  a4=0000008c ; c.lw    a4,0(a1) [f004004c]
      4906 :    #4360 0 80000068 000041dc  a5=0000026d ; c.lw    a5,128(a1) [f00400cc]
      4907 :    #4361 0 8000006a 00004594  a3=000000d2 ; c.lw    a3,8(a1) [f0040054]
      4908 :    #4362 0 8000006c 00f75c63              ; bge     a4,a5,0x80000084
      4909 :    #4363 0 80000070 02d7c063              ; blt     a5,a3,0x80000090
      4910 :    #4364 0 80000074 00e6dc63              ; bge     a3,a4,0x8000008c
      4911 :    #4365 0 8000008c 0000c214              ; c.sw    a3,0(a2) [f0041680]
      4912 :    #4366 0 8000008e 0000b7f5              ; c.j     0x8000007a
      4913 :    #4367 0 8000007a 00000591  a1=f0040050 ; c.addi  a1,4
      4914 :    #4368 0 8000007c 00000611  a2=f0041684 ; c.addi  a2,4
      4915 :    #4369 0 8000007e fea594e3              ; bne     a1,a0,0x80000066
      4916 :    #4370 0 80000066 00004198  a4=0000026d ; c.lw    a4,0(a1) [f0040050]
      4917 :    #4371 0 80000068 000041dc  a5=000000d2 ; c.lw    a5,128(a1) [f00400d0]
      4918 :    #4372 0 8000006a 00004594  a3=00000006 ; c.lw    a3,8(a1) [f0040058]
      4919 :    #4373 0 8000006c 00f75c63              ; bge     a4,a5,0x80000084
      4921 :    #4374 0 80000084 fed74ae3              ; blt     a4,a3,0x80000078
      4922 :    #4375 0 80000088 00f6c463              ; blt     a3,a5,0x80000090
      4923 :    #4376 0 80000090 0000c21c              ; c.sw    a5,0(a2) [f0041684]
      4924 :    #4377 0 80000092 0000b7e5              ; c.j     0x8000007a
      4925 :    #4378 0 8000007a 00000591  a1=f0040054 ; c.addi  a1,4
      4926 :    #4379 0 8000007c 00000611  a2=f0041688 ; c.addi  a2,4
      4927 :    #4380 0 8000007e fea594e3              ; bne     a1,a0,0x80000066
      4929 :    #4381 0 80000066 00004198  a4=000000d2 ; c.lw    a4,0(a1) [f0040054]
      4930 :    #4382 0 80000068 000041dc  a5=00000006 ; c.lw    a5,128(a1) [f00400d4]
      4931 :    #4383 0 8000006a 00004594  a3=0000023c ; c.lw    a3,8(a1) [f004005c]
      4932 :    #4384 0 8000006c 00f75c63              ; bge     a4,a5,0x80000084
      4933 :    #4385 0 80000084 fed74ae3              ; blt     a4,a3,0x80000078
      4935 :    #4386 0 80000078 0000c218              ; c.sw    a4,0(a2) [f0041688]
      4936 :    #4387 0 8000007a 00000591  a1=f0040058 ; c.addi  a1,4
      4937 :    #4388 0 8000007c 00000611  a2=f004168c ; c.addi  a2,4
      4938 :    #4389 0 8000007e fea594e3              ; bne     a1,a0,0x80000066
      4939 :    #4390 0 80000066 00004198  a4=00000006 ; c.lw    a4,0(a1) [f0040058]
      4940 :    #4391 0 80000068 000041dc  a5=0000023c ; c.lw    a5,128(a1) [f00400d8]
      4941 :    #4392 0 8000006a 00004594  a3=000003a3 ; c.lw    a3,8(a1) [f0040060]
      4942 :    #4393 0 8000006c 00f75c63              ; bge     a4,a5,0x80000084
      4943 :    #4394 0 80000070 02d7c063              ; blt     a5,a3,0x80000090
      4945 :    #4395 0 80000090 0000c21c              ; c.sw    a5,0(a2) [f004168c]
      4946 :    #4396 0 80000092 0000b7e5              ; c.j     0x8000007a
      4947 :    #4397 0 8000007a 00000591  a1=f004005c ; c.addi  a1,4
      4948 :    #4398 0 8000007c 00000611  a2=f0041690 ; c.addi  a2,4
      4949 :    #4399 0 8000007e fea594e3              ; bne     a1,a0,0x80000066
      4950 :    #4400 0 80000066 00004198  a4=0000023c ; c.lw    a4,0(a1) [f004005c]
      4951 :    #4401 0 80000068 000041dc  a5=000003a3 ; c.lw    a5,128(a1) [f00400dc]
      4952 :    #4402 0 8000006a 00004594  a3=00000153 ; c.lw    a3,8(a1) [f0040064]
      4953 :    #4403 0 8000006c 00f75c63              ; bge     a4,a5,0x80000084
      4955 :    #4404 0 80000070 02d7c063              ; blt     a5,a3,0x80000090
      4956 :    #4405 0 80000074 00e6dc63              ; bge     a3,a4,0x8000008c
      4957 :    #4406 0 80000078 0000c218              ; c.sw    a4,0(a2) [f0041690]
      4958 :    #4407 0 8000007a 00000591  a1=f0040060 ; c.addi  a1,4
      4959 :    #4408 0 8000007c 00000611  a2=f0041694 ; c.addi  a2,4
      4960 :    #4409 0 8000007e fea594e3              ; bne     a1,a0,0x80000066
      4961 :    #4410 0 80000066 00004198  a4=000003a3 ; c.lw    a4,0(a1) [f0040060]
      4962 :    #4411 0 80000068 000041dc  a5=00000153 ; c.lw    a5,128(a1) [f00400e0]
      4963 :    #4412 0 8000006a 00004594  a3=0000037a ; c.lw    a3,8(a1) [f0040068]
      4964 :    #4413 0 8000006c 00f75c63              ; bge     a4,a5,0x80000084
      4965 :    #4414 0 80000084 fed74ae3              ; blt     a4,a3,0x80000078
      4967 :    #4415 0 80000088 00f6c463              ; blt     a3,a5,0x80000090
      4969 :    #4416 0 8000008c 0000c214              ; c.sw    a3,0(a2) [f0041694]
      4970 :    #4417 0 8000008e 0000b7f5              ; c.j     0x8000007a
      4971 :    #4418 0 8000007a 00000591  a1=f0040064 ; c.addi  a1,4
      4972 :    #4419 0 8000007c 00000611  a2=f0041698 ; c.addi  a2,4
      4973 :    #4420 0 8000007e fea594e3              ; bne     a1,a0,0x80000066
      4974 :    #4421 0 80000066 00004198  a4=00000153 ; c.lw    a4,0(a1) [f0040064]
      4975 :    #4422 0 80000068 000041dc  a5=0000037a ; c.lw    a5,128(a1) [f00400e4]
      4976 :    #4423 0 8000006a 00004594  a3=00000251 ; c.lw    a3,8(a1) [f004006c]
      4977 :    #4424 0 8000006c 00f75c63              ; bge     a4,a5,0x80000084
      4978 :    #4425 0 80000070 02d7c063              ; blt     a5,a3,0x80000090
      4979 :    #4426 0 80000074 00e6dc63              ; bge     a3,a4,0x8000008c
      4981 :    #4427 0 8000008c 0000c214              ; c.sw    a3,0(a2) [f0041698]
      4982 :    #4428 0 8000008e 0000b7f5              ; c.j     0x8000007a
      4983 :    #4429 0 8000007a 00000591  a1=f0040068 ; c.addi  a1,4
      4984 :    #4430 0 8000007c 00000611  a2=f004169c ; c.addi  a2,4
      4985 :    #4431 0 8000007e fea594e3              ; bne     a1,a0,0x80000066
      4986 :    #4432 0 80000066 00004198  a4=0000037a ; c.lw    a4,0(a1) [f0040068]
      4987 :    #4433 0 80000068 000041dc  a5=00000251 ; c.lw    a5,128(a1) [f00400e8]
      4988 :    #4434 0 8000006a 00004594  a3=00000188 ; c.lw    a3,8(a1) [f0040070]
      4989 :    #4435 0 8000006c 00f75c63              ; bge     a4,a5,0x80000084
      4991 :    #4436 0 80000084 fed74ae3              ; blt     a4,a3,0x80000078
      4992 :    #4437 0 80000088 00f6c463              ; blt     a3,a5,0x80000090
      4993 :    #4438 0 80000090 0000c21c              ; c.sw    a5,0(a2) [f004169c]
      4994 :    #4439 0 80000092 0000b7e5              ; c.j     0x8000007a
      4995 :    #4440 0 8000007a 00000591  a1=f004006c ; c.addi  a1,4
      4996 :    #4441 0 8000007c 00000611  a2=f00416a0 ; c.addi  a2,4
      4997 :    #4442 0 8000007e fea594e3              ; bne     a1,a0,0x80000066
      4998 :    #4443 0 80000066 00004198  a4=00000251 ; c.lw    a4,0(a1) [f004006c]
      4999 :    #4444 0 80000068 000041dc  a5=00000188 ; c.lw    a5,128(a1) [f00400ec]
      5000 :    #4445 0 8000006a 00004594  a3=00000382 ; c.lw    a3,8(a1) [f0040074]
      5001 :    #4446 0 8000006c 00f75c63              ; bge     a4,a5,0x80000084
      5003 :    #4447 0 80000084 fed74ae3              ; blt     a4,a3,0x80000078
      5005 :    #4448 0 80000078 0000c218              ; c.sw    a4,0(a2) [f00416a0]
      5006 :    #4449 0 8000007a 00000591  a1=f0040070 ; c.addi  a1,4
      5007 :    #4450 0 8000007c 00000611  a2=f00416a4 ; c.addi  a2,4
      5008 :    #4451 0 8000007e fea594e3              ; bne     a1,a0,0x80000066
      5009 :    #4452 0 80000066 00004198  a4=00000188 ; c.lw    a4,0(a1) [f0040070]
      5010 :    #4453 0 80000068 000041dc  a5=00000382 ; c.lw    a5,128(a1) [f00400f0]
      5011 :    #4454 0 8000006a 00004594  a3=000002b6 ; c.lw    a3,8(a1) [f0040078]
      5012 :    #4455 0 8000006c 00f75c63              ; bge     a4,a5,0x80000084
      5013 :    #4456 0 80000070 02d7c063              ; blt     a5,a3,0x80000090
      5015 :    #4457 0 80000074 00e6dc63              ; bge     a3,a4,0x8000008c
      5016 :    #4458 0 8000008c 0000c214              ; c.sw    a3,0(a2) [f00416a4]
      5017 :    #4459 0 8000008e 0000b7f5              ; c.j     0x8000007a
      5018 :    #4460 0 8000007a 00000591  a1=f0040074 ; c.addi  a1,4
      5019 :    #4461 0 8000007c 00000611  a2=f00416a8 ; c.addi  a2,4
      5020 :    #4462 0 8000007e fea594e3              ; bne     a1,a0,0x80000066
      5021 :    #4463 0 80000066 00004198  a4=00000382 ; c.lw    a4,0(a1) [f0040074]
      5022 :    #4464 0 80000068 000041dc  a5=000002b6 ; c.lw    a5,128(a1) [f00400f4]
      5023 :    #4465 0 8000006a 00004594  a3=000000e4 ; c.lw    a3,8(a1) [f004007c]
      5024 :    #4466 0 8000006c 00f75c63              ; bge     a4,a5,0x80000084
      5025 :    #4467 0 80000084 fed74ae3              ; blt     a4,a3,0x80000078
      5027 :    #4468 0 80000088 00f6c463              ; blt     a3,a5,0x80000090
      5029 :    #4469 0 80000090 0000c21c              ; c.sw    a5,0(a2) [f00416a8]
      5030 :    #4470 0 80000092 0000b7e5              ; c.j     0x8000007a
      5031 :    #4471 0 8000007a 00000591  a1=f0040078 ; c.addi  a1,4
      5032 :    #4472 0 8000007c 00000611  a2=f00416ac ; c.addi  a2,4
      5033 :    #4473 0 8000007e fea594e3              ; bne     a1,a0,0x80000066
      5034 :    #4474 0 80000066 00004198  a4=000002b6 ; c.lw    a4,0(a1) [f0040078]
      5035 :    #4475 0 80000068 000041dc  a5=000000e4 ; c.lw    a5,128(a1) [f00400f8]
      5036 :    #4476 0 8000006a 00004594  a3=000003c1 ; c.lw    a3,8(a1) [f0040080]
      5037 :    #4477 0 8000006c 00f75c63              ; bge     a4,a5,0x80000084
      5038 :    #4478 0 80000084 fed74ae3              ; blt     a4,a3,0x80000078
      5040 :    #4479 0 80000078 0000c218              ; c.sw    a4,0(a2) [f00416ac]
      5041 :    #4480 0 8000007a 00000591  a1=f004007c ; c.addi  a1,4
      5042 :    #4481 0 8000007c 00000611  a2=f00416b0 ; c.addi  a2,4
      5043 :    #4482 0 8000007e fea594e3              ; bne     a1,a0,0x80000066
      5044 :    #4483 0 80000066 00004198  a4=000000e4 ; c.lw    a4,0(a1) [f004007c]
      5045 :    #4484 0 80000068 000041dc  a5=000003c1 ; c.lw    a5,128(a1) [f00400fc]
      5046 :    #4485 0 8000006a 00004594  a3=0000000c ; c.lw    a3,8(a1) [f0040084]
      5047 :    #4486 0 8000006c 00f75c63              ; bge     a4,a5,0x80000084
      5048 :    #4487 0 80000070 02d7c063              ; blt     a5,a3,0x80000090
      5049 :    #4488 0 80000074 00e6dc63              ; bge     a3,a4,0x8000008c
      5050 :    #4489 0 80000078 0000c218              ; c.sw    a4,0(a2) [f00416b0]
      5051 :    #4490 0 8000007a 00000591  a1=f0040080 ; c.addi  a1,4
      5052 :    #4491 0 8000007c 00000611  a2=f00416b4 ; c.addi  a2,4
      5053 :    #4492 0 8000007e fea594e3              ; bne     a1,a0,0x80000066
      5055 :    #4493 0 80000066 00004198  a4=000003c1 ; c.lw    a4,0(a1) [f0040080]
      5056 :    #4494 0 80000068 000041dc  a5=0000000c ; c.lw    a5,128(a1) [f0040100]
      5057 :    #4495 0 8000006a 00004594  a3=0000006e ; c.lw    a3,8(a1) [f0040088]
      5058 :    #4496 0 8000006c 00f75c63              ; bge     a4,a5,0x80000084
      5060 :    #4497 0 80000084 fed74ae3              ; blt     a4,a3,0x80000078
      5061 :    #4498 0 80000088 00f6c463              ; blt     a3,a5,0x80000090
      5062 :    #4499 0 8000008c 0000c214              ; c.sw    a3,0(a2) [f00416b4]
      5063 :    #4500 0 8000008e 0000b7f5              ; c.j     0x8000007a
      5064 :    #4501 0 8000007a 00000591  a1=f0040084 ; c.addi  a1,4
      5065 :    #4502 0 8000007c 00000611  a2=f00416b8 ; c.addi  a2,4
      5066 :    #4503 0 8000007e fea594e3              ; bne     a1,a0,0x80000066
      5067 :    #4504 0 80000066 00004198  a4=0000000c ; c.lw    a4,0(a1) [f0040084]
      5068 :    #4505 0 80000068 000041dc  a5=0000006e ; c.lw    a5,128(a1) [f0040104]
      5069 :    #4506 0 8000006a 00004594  a3=00000373 ; c.lw    a3,8(a1) [f004008c]
      5070 :    #4507 0 8000006c 00f75c63              ; bge     a4,a5,0x80000084
      5071 :    #4508 0 80000070 02d7c063              ; blt     a5,a3,0x80000090
      5073 :    #4509 0 80000090 0000c21c              ; c.sw    a5,0(a2) [f00416b8]
      5074 :    #4510 0 80000092 0000b7e5              ; c.j     0x8000007a
      5075 :    #4511 0 8000007a 00000591  a1=f0040088 ; c.addi  a1,4
      5076 :    #4512 0 8000007c 00000611  a2=f00416bc ; c.addi  a2,4
      5077 :    #4513 0 8000007e fea594e3              ; bne     a1,a0,0x80000066
      5078 :    #4514 0 80000066 00004198  a4=0000006e ; c.lw    a4,0(a1) [f0040088]
      5079 :    #4515 0 80000068 000041dc  a5=00000373 ; c.lw    a5,128(a1) [f0040108]
      5080 :    #4516 0 8000006a 00004594  a3=00000074 ; c.lw    a3,8(a1) [f0040090]
      5081 :    #4517 0 8000006c 00f75c63              ; bge     a4,a5,0x80000084
      5082 :    #4518 0 80000070 02d7c063              ; blt     a5,a3,0x80000090
      5083 :    #4519 0 80000074 00e6dc63              ; bge     a3,a4,0x8000008c
      5084 :    #4520 0 8000008c 0000c214              ; c.sw    a3,0(a2) [f00416bc]
      5085 :    #4521 0 8000008e 0000b7f5              ; c.j     0x8000007a
      5086 :    #4522 0 8000007a 00000591  a1=f004008c ; c.addi  a1,4
      5087 :    #4523 0 8000007c 00000611  a2=f00416c0 ; c.addi  a2,4
      5088 :    #4524 0 8000007e fea594e3              ; bne     a1,a0,0x80000066
      5089 :    #4525 0 80000066 00004198  a4=00000373 ; c.lw    a4,0(a1) [f004008c]
      5090 :    #4526 0 80000068 000041dc  a5=00000074 ; c.lw    a5,128(a1) [f004010c]
      5091 :    #4527 0 8000006a 00004594  a3=000002ee ; c.lw    a3,8(a1) [f0040094]
      5092 :    #4528 0 8000006c 00f75c63              ; bge     a4,a5,0x80000084
      5093 :    #4529 0 80000084 fed74ae3              ; blt     a4,a3,0x80000078
      5095 :    #4530 0 80000088 00f6c463              ; blt     a3,a5,0x80000090
      5096 :    #4531 0 8000008c 0000c214              ; c.sw    a3,0(a2) [f00416c0]
      5097 :    #4532 0 8000008e 0000b7f5              ; c.j     0x8000007a
      5098 :    #4533 0 8000007a 00000591  a1=f0040090 ; c.addi  a1,4
      5099 :    #4534 0 8000007c 00000611  a2=f00416c4 ; c.addi  a2,4
      5100 :    #4535 0 8000007e fea594e3              ; bne     a1,a0,0x80000066
      5101 :    #4536 0 80000066 00004198  a4=00000074 ; c.lw    a4,0(a1) [f0040090]
      5102 :    #4537 0 80000068 000041dc  a5=000002ee ; c.lw    a5,128(a1) [f0040110]
      5103 :    #4538 0 8000006a 00004594  a3=00000128 ; c.lw    a3,8(a1) [f0040098]
      5104 :    #4539 0 8000006c 00f75c63              ; bge     a4,a5,0x80000084
      5106 :    #4540 0 80000070 02d7c063              ; blt     a5,a3,0x80000090
      5107 :    #4541 0 80000074 00e6dc63              ; bge     a3,a4,0x8000008c
      5108 :    #4542 0 8000008c 0000c214              ; c.sw    a3,0(a2) [f00416c4]
      5109 :    #4543 0 8000008e 0000b7f5              ; c.j     0x8000007a
      5110 :    #4544 0 8000007a 00000591  a1=f0040094 ; c.addi  a1,4
      5111 :    #4545 0 8000007c 00000611  a2=f00416c8 ; c.addi  a2,4
      5112 :    #4546 0 8000007e fea594e3              ; bne     a1,a0,0x80000066
      5113 :    #4547 0 80000066 00004198  a4=000002ee ; c.lw    a4,0(a1) [f0040094]
      5114 :    #4548 0 80000068 000041dc  a5=00000128 ; c.lw    a5,128(a1) [f0040114]
      5115 :    #4549 0 8000006a 00004594  a3=00000286 ; c.lw    a3,8(a1) [f004009c]
      5116 :    #4550 0 8000006c 00f75c63              ; bge     a4,a5,0x80000084
      5118 :    #4551 0 80000084 fed74ae3              ; blt     a4,a3,0x80000078
      5120 :    #4552 0 80000088 00f6c463              ; blt     a3,a5,0x80000090
      5122 :    #4553 0 8000008c 0000c214              ; c.sw    a3,0(a2) [f00416c8]
      5123 :    #4554 0 8000008e 0000b7f5              ; c.j     0x8000007a
      5124 :    #4555 0 8000007a 00000591  a1=f0040098 ; c.addi  a1,4
      5125 :    #4556 0 8000007c 00000611  a2=f00416cc ; c.addi  a2,4
      5126 :    #4557 0 8000007e fea594e3              ; bne     a1,a0,0x80000066
      5127 :    #4558 0 80000066 00004198  a4=00000128 ; c.lw    a4,0(a1) [f0040098]
      5128 :    #4559 0 80000068 000041dc  a5=00000286 ; c.lw    a5,128(a1) [f0040118]
      5129 :    #4560 0 8000006a 00004594  a3=000001aa ; c.lw    a3,8(a1) [f00400a0]
      5130 :    #4561 0 8000006c 00f75c63              ; bge     a4,a5,0x80000084
      5132 :    #4562 0 80000070 02d7c063              ; blt     a5,a3,0x80000090
      5134 :    #4563 0 80000074 00e6dc63              ; bge     a3,a4,0x8000008c
      5135 :    #4564 0 8000008c 0000c214              ; c.sw    a3,0(a2) [f00416cc]
      5136 :    #4565 0 8000008e 0000b7f5              ; c.j     0x8000007a
      5137 :    #4566 0 8000007a 00000591  a1=f004009c ; c.addi  a1,4
      5138 :    #4567 0 8000007c 00000611  a2=f00416d0 ; c.addi  a2,4
      5139 :    #4568 0 8000007e fea594e3              ; bne     a1,a0,0x80000066
      5140 :    #4569 0 80000066 00004198  a4=00000286 ; c.lw    a4,0(a1) [f004009c]
      5141 :    #4570 0 80000068 000041dc  a5=000001aa ; c.lw    a5,128(a1) [f004011c]
      5142 :    #4571 0 8000006a 00004594  a3=000001f4 ; c.lw    a3,8(a1) [f00400a4]
      5143 :    #4572 0 8000006c 00f75c63              ; bge     a4,a5,0x80000084
      5145 :    #4573 0 80000084 fed74ae3              ; blt     a4,a3,0x80000078
      5146 :    #4574 0 80000088 00f6c463              ; blt     a3,a5,0x80000090
      5148 :    #4575 0 8000008c 0000c214              ; c.sw    a3,0(a2) [f00416d0]
      5149 :    #4576 0 8000008e 0000b7f5              ; c.j     0x8000007a
      5150 :    #4577 0 8000007a 00000591  a1=f00400a0 ; c.addi  a1,4
      5151 :    #4578 0 8000007c 00000611  a2=f00416d4 ; c.addi  a2,4
      5152 :    #4579 0 8000007e fea594e3              ; bne     a1,a0,0x80000066
      5153 :    #4580 0 80000066 00004198  a4=000001aa ; c.lw    a4,0(a1) [f00400a0]
      5154 :    #4581 0 80000068 000041dc  a5=000001f4 ; c.lw    a5,128(a1) [f0040120]
      5155 :    #4582 0 8000006a 00004594  a3=0000013a ; c.lw    a3,8(a1) [f00400a8]
      5156 :    #4583 0 8000006c 00f75c63              ; bge     a4,a5,0x80000084
      5157 :    #4584 0 80000070 02d7c063              ; blt     a5,a3,0x80000090
      5159 :    #4585 0 80000074 00e6dc63              ; bge     a3,a4,0x8000008c
      5161 :    #4586 0 80000078 0000c218              ; c.sw    a4,0(a2) [f00416d4]
      5162 :    #4587 0 8000007a 00000591  a1=f00400a4 ; c.addi  a1,4
      5163 :    #4588 0 8000007c 00000611  a2=f00416d8 ; c.addi  a2,4
      5164 :    #4589 0 8000007e fea594e3              ; bne     a1,a0,0x80000066
      5165 :    #4590 0 80000066 00004198  a4=000001f4 ; c.lw    a4,0(a1) [f00400a4]
      5166 :    #4591 0 80000068 000041dc  a5=0000013a ; c.lw    a5,128(a1) [f0040124]
      5167 :    #4592 0 8000006a 00004594  a3=000001b4 ; c.lw    a3,8(a1) [f00400ac]
      5168 :    #4593 0 8000006c 00f75c63              ; bge     a4,a5,0x80000084
      5169 :    #4594 0 80000084 fed74ae3              ; blt     a4,a3,0x80000078
      5171 :    #4595 0 80000088 00f6c463              ; blt     a3,a5,0x80000090
      5172 :    #4596 0 8000008c 0000c214              ; c.sw    a3,0(a2) [f00416d8]
      5173 :    #4597 0 8000008e 0000b7f5              ; c.j     0x8000007a
      5174 :    #4598 0 8000007a 00000591  a1=f00400a8 ; c.addi  a1,4
      5175 :    #4599 0 8000007c 00000611  a2=f00416dc ; c.addi  a2,4
      5176 :    #4600 0 8000007e fea594e3              ; bne     a1,a0,0x80000066
      5177 :    #4601 0 80000066 00004198  a4=0000013a ; c.lw    a4,0(a1) [f00400a8]
      5178 :    #4602 0 80000068 000041dc  a5=000001b4 ; c.lw    a5,128(a1) [f0040128]
      5179 :    #4603 0 8000006a 00004594  a3=00000293 ; c.lw    a3,8(a1) [f00400b0]
      5180 :    #4604 0 8000006c 00f75c63              ; bge     a4,a5,0x80000084
      5181 :    #4605 0 80000070 02d7c063              ; blt     a5,a3,0x80000090
      5183 :    #4606 0 80000090 0000c21c              ; c.sw    a5,0(a2) [f00416dc]
      5184 :    #4607 0 80000092 0000b7e5              ; c.j     0x8000007a
      5185 :    #4608 0 8000007a 00000591  a1=f00400ac ; c.addi  a1,4
      5186 :    #4609 0 8000007c 00000611  a2=f00416e0 ; c.addi  a2,4
      5187 :    #4610 0 8000007e fea594e3              ; bne     a1,a0,0x80000066
      5188 :    #4611 0 80000066 00004198  a4=000001b4 ; c.lw    a4,0(a1) [f00400ac]
      5189 :    #4612 0 80000068 000041dc  a5=00000293 ; c.lw    a5,128(a1) [f004012c]
      5190 :    #4613 0 8000006a 00004594  a3=000002bd ; c.lw    a3,8(a1) [f00400b4]
      5191 :    #4614 0 8000006c 00f75c63              ; bge     a4,a5,0x80000084
      5192 :    #4615 0 80000070 02d7c063              ; blt     a5,a3,0x80000090
      5193 :    #4616 0 80000090 0000c21c              ; c.sw    a5,0(a2) [f00416e0]
      5194 :    #4617 0 80000092 0000b7e5              ; c.j     0x8000007a
      5195 :    #4618 0 8000007a 00000591  a1=f00400b0 ; c.addi  a1,4
      5196 :    #4619 0 8000007c 00000611  a2=f00416e4 ; c.addi  a2,4
      5197 :    #4620 0 8000007e fea594e3              ; bne     a1,a0,0x80000066
      5199 :    #4621 0 80000066 00004198  a4=00000293 ; c.lw    a4,0(a1) [f00400b0]
      5200 :    #4622 0 80000068 000041dc  a5=000002bd ; c.lw    a5,128(a1) [f0040130]
      5201 :    #4623 0 8000006a 00004594  a3=00000306 ; c.lw    a3,8(a1) [f00400b8]
      5202 :    #4624 0 8000006c 00f75c63              ; bge     a4,a5,0x80000084
      5204 :    #4625 0 80000070 02d7c063              ; blt     a5,a3,0x80000090
      5206 :    #4626 0 80000090 0000c21c              ; c.sw    a5,0(a2) [f00416e4]
      5207 :    #4627 0 80000092 0000b7e5              ; c.j     0x8000007a
      5208 :    #4628 0 8000007a 00000591  a1=f00400b4 ; c.addi  a1,4
      5209 :    #4629 0 8000007c 00000611  a2=f00416e8 ; c.addi  a2,4
      5210 :    #4630 0 8000007e fea594e3              ; bne     a1,a0,0x80000066
      5211 :    #4631 0 80000066 00004198  a4=000002bd ; c.lw    a4,0(a1) [f00400b4]
      5212 :    #4632 0 80000068 000041dc  a5=00000306 ; c.lw    a5,128(a1) [f0040134]
      5213 :    #4633 0 8000006a 00004594  a3=0000032c ; c.lw    a3,8(a1) [f00400bc]
      5214 :    #4634 0 8000006c 00f75c63              ; bge     a4,a5,0x80000084
      5215 :    #4635 0 80000070 02d7c063              ; blt     a5,a3,0x80000090
      5217 :    #4636 0 80000090 0000c21c              ; c.sw    a5,0(a2) [f00416e8]
      5218 :    #4637 0 80000092 0000b7e5              ; c.j     0x8000007a
      5219 :    #4638 0 8000007a 00000591  a1=f00400b8 ; c.addi  a1,4
      5220 :    #4639 0 8000007c 00000611  a2=f00416ec ; c.addi  a2,4
      5221 :    #4640 0 8000007e fea594e3              ; bne     a1,a0,0x80000066
      5222 :    #4641 0 80000066 00004198  a4=00000306 ; c.lw    a4,0(a1) [f00400b8]
      5223 :    #4642 0 80000068 000041dc  a5=0000032c ; c.lw    a5,128(a1) [f0040138]
      5224 :    #4643 0 8000006a 00004594  a3=0000013f ; c.lw    a3,8(a1) [f00400c0]
      5225 :    #4644 0 8000006c 00f75c63              ; bge     a4,a5,0x80000084
      5226 :    #4645 0 80000070 02d7c063              ; blt     a5,a3,0x80000090
      5228 :    #4646 0 80000074 00e6dc63              ; bge     a3,a4,0x8000008c
      5229 :    #4647 0 80000078 0000c218              ; c.sw    a4,0(a2) [f00416ec]
      5230 :    #4648 0 8000007a 00000591  a1=f00400bc ; c.addi  a1,4
      5231 :    #4649 0 8000007c 00000611  a2=f00416f0 ; c.addi  a2,4
      5232 :    #4650 0 8000007e fea594e3              ; bne     a1,a0,0x80000066
      5233 :    #4651 0 80000066 00004198  a4=0000032c ; c.lw    a4,0(a1) [f00400bc]
      5234 :    #4652 0 80000068 000041dc  a5=0000013f ; c.lw    a5,128(a1) [f004013c]
      5235 :    #4653 0 8000006a 00004594  a3=000003d5 ; c.lw    a3,8(a1) [f00400c4]
      5236 :    #4654 0 8000006c 00f75c63              ; bge     a4,a5,0x80000084
      5237 :    #4655 0 80000084 fed74ae3              ; blt     a4,a3,0x80000078
      5238 :    #4656 0 80000078 0000c218              ; c.sw    a4,0(a2) [f00416f0]
      5239 :    #4657 0 8000007a 00000591  a1=f00400c0 ; c.addi  a1,4
      5240 :    #4658 0 8000007c 00000611  a2=f00416f4 ; c.addi  a2,4
      5241 :    #4659 0 8000007e fea594e3              ; bne     a1,a0,0x80000066
      5242 :    #4660 0 80000066 00004198  a4=0000013f ; c.lw    a4,0(a1) [f00400c0]
      5243 :    #4661 0 80000068 000041dc  a5=000003d5 ; c.lw    a5,128(a1) [f0040140]
      5244 :    #4662 0 8000006a 00004594  a3=000002a6 ; c.lw    a3,8(a1) [f00400c8]
      5245 :    #4663 0 8000006c 00f75c63              ; bge     a4,a5,0x80000084
      5246 :    #4664 0 80000070 02d7c063              ; blt     a5,a3,0x80000090
      5247 :    #4665 0 80000074 00e6dc63              ; bge     a3,a4,0x8000008c
      5249 :    #4666 0 8000008c 0000c214              ; c.sw    a3,0(a2) [f00416f4]
      5250 :    #4667 0 8000008e 0000b7f5              ; c.j     0x8000007a
      5251 :    #4668 0 8000007a 00000591  a1=f00400c4 ; c.addi  a1,4
      5252 :    #4669 0 8000007c 00000611  a2=f00416f8 ; c.addi  a2,4
      5253 :    #4670 0 8000007e fea594e3              ; bne     a1,a0,0x80000066
      5254 :    #4671 0 80000066 00004198  a4=000003d5 ; c.lw    a4,0(a1) [f00400c4]
      5255 :    #4672 0 80000068 000041dc  a5=000002a6 ; c.lw    a5,128(a1) [f0040144]
      5256 :    #4673 0 8000006a 00004594  a3=00000096 ; c.lw    a3,8(a1) [f00400cc]
      5257 :    #4674 0 8000006c 00f75c63              ; bge     a4,a5,0x80000084
      5258 :    #4675 0 80000084 fed74ae3              ; blt     a4,a3,0x80000078
      5259 :    #4676 0 80000088 00f6c463              ; blt     a3,a5,0x80000090
      5261 :    #4677 0 80000090 0000c21c              ; c.sw    a5,0(a2) [f00416f8]
      5262 :    #4678 0 80000092 0000b7e5              ; c.j     0x8000007a
      5263 :    #4679 0 8000007a 00000591  a1=f00400c8 ; c.addi  a1,4
      5264 :    #4680 0 8000007c 00000611  a2=f00416fc ; c.addi  a2,4
      5265 :    #4681 0 8000007e fea594e3              ; bne     a1,a0,0x80000066
      5266 :    #4682 0 80000066 00004198  a4=000002a6 ; c.lw    a4,0(a1) [f00400c8]
      5267 :    #4683 0 80000068 000041dc  a5=00000096 ; c.lw    a5,128(a1) [f0040148]
      5268 :    #4684 0 8000006a 00004594  a3=0000036b ; c.lw    a3,8(a1) [f00400d0]
      5269 :    #4685 0 8000006c 00f75c63              ; bge     a4,a5,0x80000084
      5270 :    #4686 0 80000084 fed74ae3              ; blt     a4,a3,0x80000078
      5271 :    #4687 0 80000078 0000c218              ; c.sw    a4,0(a2) [f00416fc]
      5272 :    #4688 0 8000007a 00000591  a1=f00400cc ; c.addi  a1,4
      5273 :    #4689 0 8000007c 00000611  a2=f0041700 ; c.addi  a2,4
      5274 :    #4690 0 8000007e fea594e3              ; bne     a1,a0,0x80000066
      5276 :    #4691 0 80000066 00004198  a4=00000096 ; c.lw    a4,0(a1) [f00400cc]
      5277 :    #4692 0 80000068 000041dc  a5=0000036b ; c.lw    a5,128(a1) [f004014c]
      5278 :    #4693 0 8000006a 00004594  a3=000002b8 ; c.lw    a3,8(a1) [f00400d4]
      5279 :    #4694 0 8000006c 00f75c63              ; bge     a4,a5,0x80000084
      5280 :    #4695 0 80000070 02d7c063              ; blt     a5,a3,0x80000090
      5281 :    #4696 0 80000074 00e6dc63              ; bge     a3,a4,0x8000008c
      5283 :    #4697 0 8000008c 0000c214              ; c.sw    a3,0(a2) [f0041700]
      5284 :    #4698 0 8000008e 0000b7f5              ; c.j     0x8000007a
      5285 :    #4699 0 8000007a 00000591  a1=f00400d0 ; c.addi  a1,4
      5286 :    #4700 0 8000007c 00000611  a2=f0041704 ; c.addi  a2,4
      5287 :    #4701 0 8000007e fea594e3              ; bne     a1,a0,0x80000066
      5288 :    #4702 0 80000066 00004198  a4=0000036b ; c.lw    a4,0(a1) [f00400d0]
      5289 :    #4703 0 80000068 000041dc  a5=000002b8 ; c.lw    a5,128(a1) [f0040150]
      5290 :    #4704 0 8000006a 00004594  a3=00000178 ; c.lw    a3,8(a1) [f00400d8]
      5291 :    #4705 0 8000006c 00f75c63              ; bge     a4,a5,0x80000084
      5292 :    #4706 0 80000084 fed74ae3              ; blt     a4,a3,0x80000078
      5293 :    #4707 0 80000088 00f6c463              ; blt     a3,a5,0x80000090
      5295 :    #4708 0 80000090 0000c21c              ; c.sw    a5,0(a2) [f0041704]
      5296 :    #4709 0 80000092 0000b7e5              ; c.j     0x8000007a
      5297 :    #4710 0 8000007a 00000591  a1=f00400d4 ; c.addi  a1,4
      5298 :    #4711 0 8000007c 00000611  a2=f0041708 ; c.addi  a2,4
      5299 :    #4712 0 8000007e fea594e3              ; bne     a1,a0,0x80000066
      5300 :    #4713 0 80000066 00004198  a4=000002b8 ; c.lw    a4,0(a1) [f00400d4]
      5301 :    #4714 0 80000068 000041dc  a5=00000178 ; c.lw    a5,128(a1) [f0040154]
      5302 :    #4715 0 8000006a 00004594  a3=00000234 ; c.lw    a3,8(a1) [f00400dc]
      5303 :    #4716 0 8000006c 00f75c63              ; bge     a4,a5,0x80000084
      5304 :    #4717 0 80000084 fed74ae3              ; blt     a4,a3,0x80000078
      5306 :    #4718 0 80000088 00f6c463              ; blt     a3,a5,0x80000090
      5308 :    #4719 0 8000008c 0000c214              ; c.sw    a3,0(a2) [f0041708]
      5309 :    #4720 0 8000008e 0000b7f5              ; c.j     0x8000007a
      5310 :    #4721 0 8000007a 00000591  a1=f00400d8 ; c.addi  a1,4
      5311 :    #4722 0 8000007c 00000611  a2=f004170c ; c.addi  a2,4
      5312 :    #4723 0 8000007e fea594e3              ; bne     a1,a0,0x80000066
      5313 :    #4724 0 80000066 00004198  a4=00000178 ; c.lw    a4,0(a1) [f00400d8]
      5314 :    #4725 0 80000068 000041dc  a5=00000234 ; c.lw    a5,128(a1) [f0040158]
      5315 :    #4726 0 8000006a 00004594  a3=000001da ; c.lw    a3,8(a1) [f00400e0]
      5316 :    #4727 0 8000006c 00f75c63              ; bge     a4,a5,0x80000084
      5317 :    #4728 0 80000070 02d7c063              ; blt     a5,a3,0x80000090
      5319 :    #4729 0 80000074 00e6dc63              ; bge     a3,a4,0x8000008c
      5320 :    #4730 0 8000008c 0000c214              ; c.sw    a3,0(a2) [f004170c]
      5321 :    #4731 0 8000008e 0000b7f5              ; c.j     0x8000007a
      5322 :    #4732 0 8000007a 00000591  a1=f00400dc ; c.addi  a1,4
      5323 :    #4733 0 8000007c 00000611  a2=f0041710 ; c.addi  a2,4
      5324 :    #4734 0 8000007e fea594e3              ; bne     a1,a0,0x80000066
      5325 :    #4735 0 80000066 00004198  a4=00000234 ; c.lw    a4,0(a1) [f00400dc]
      5326 :    #4736 0 80000068 000041dc  a5=000001da ; c.lw    a5,128(a1) [f004015c]
      5327 :    #4737 0 8000006a 00004594  a3=00000110 ; c.lw    a3,8(a1) [f00400e4]
      5328 :    #4738 0 8000006c 00f75c63              ; bge     a4,a5,0x80000084
      5329 :    #4739 0 80000084 fed74ae3              ; blt     a4,a3,0x80000078
      5330 :    #4740 0 80000088 00f6c463              ; blt     a3,a5,0x80000090
      5331 :    #4741 0 80000090 0000c21c              ; c.sw    a5,0(a2) [f0041710]
      5332 :    #4742 0 80000092 0000b7e5              ; c.j     0x8000007a
      5333 :    #4743 0 8000007a 00000591  a1=f00400e0 ; c.addi  a1,4
      5334 :    #4744 0 8000007c 00000611  a2=f0041714 ; c.addi  a2,4
      5335 :    #4745 0 8000007e fea594e3              ; bne     a1,a0,0x80000066
      5337 :    #4746 0 80000066 00004198  a4=000001da ; c.lw    a4,0(a1) [f00400e0]
      5338 :    #4747 0 80000068 000041dc  a5=00000110 ; c.lw    a5,128(a1) [f0040160]
      5339 :    #4748 0 8000006a 00004594  a3=000003aa ; c.lw    a3,8(a1) [f00400e8]
      5340 :    #4749 0 8000006c 00f75c63              ; bge     a4,a5,0x80000084
      5341 :    #4750 0 80000084 fed74ae3              ; blt     a4,a3,0x80000078
      5343 :    #4751 0 80000078 0000c218              ; c.sw    a4,0(a2) [f0041714]
      5344 :    #4752 0 8000007a 00000591  a1=f00400e4 ; c.addi  a1,4
      5345 :    #4753 0 8000007c 00000611  a2=f0041718 ; c.addi  a2,4
      5346 :    #4754 0 8000007e fea594e3              ; bne     a1,a0,0x80000066
      5347 :    #4755 0 80000066 00004198  a4=00000110 ; c.lw    a4,0(a1) [f00400e4]
      5348 :    #4756 0 80000068 000041dc  a5=000003aa ; c.lw    a5,128(a1) [f0040164]
      5349 :    #4757 0 8000006a 00004594  a3=00000102 ; c.lw    a3,8(a1) [f00400ec]
      5350 :    #4758 0 8000006c 00f75c63              ; bge     a4,a5,0x80000084
      5351 :    #4759 0 80000070 02d7c063              ; blt     a5,a3,0x80000090
      5352 :    #4760 0 80000074 00e6dc63              ; bge     a3,a4,0x8000008c
      5353 :    #4761 0 80000078 0000c218              ; c.sw    a4,0(a2) [f0041718]
      5354 :    #4762 0 8000007a 00000591  a1=f00400e8 ; c.addi  a1,4
      5355 :    #4763 0 8000007c 00000611  a2=f004171c ; c.addi  a2,4
      5356 :    #4764 0 8000007e fea594e3              ; bne     a1,a0,0x80000066
      5357 :    #4765 0 80000066 00004198  a4=000003aa ; c.lw    a4,0(a1) [f00400e8]
      5358 :    #4766 0 80000068 000041dc  a5=00000102 ; c.lw    a5,128(a1) [f0040168]
      5359 :    #4767 0 8000006a 00004594  a3=0000021b ; c.lw    a3,8(a1) [f00400f0]
      5360 :    #4768 0 8000006c 00f75c63              ; bge     a4,a5,0x80000084
      5361 :    #4769 0 80000084 fed74ae3              ; blt     a4,a3,0x80000078
      5362 :    #4770 0 80000088 00f6c463              ; blt     a3,a5,0x80000090
      5363 :    #4771 0 8000008c 0000c214              ; c.sw    a3,0(a2) [f004171c]
      5364 :    #4772 0 8000008e 0000b7f5              ; c.j     0x8000007a
      5365 :    #4773 0 8000007a 00000591  a1=f00400ec ; c.addi  a1,4
      5366 :    #4774 0 8000007c 00000611  a2=f0041720 ; c.addi  a2,4
      5367 :    #4775 0 8000007e fea594e3              ; bne     a1,a0,0x80000066
      5368 :    #4776 0 80000066 00004198  a4=00000102 ; c.lw    a4,0(a1) [f00400ec]
      5369 :    #4777 0 80000068 000041dc  a5=0000021b ; c.lw    a5,128(a1) [f004016c]
      5370 :    #4778 0 8000006a 00004594  a3=00000287 ; c.lw    a3,8(a1) [f00400f4]
      5371 :    #4779 0 8000006c 00f75c63              ; bge     a4,a5,0x80000084
      5373 :    #4780 0 80000070 02d7c063              ; blt     a5,a3,0x80000090
      5374 :    #4781 0 80000090 0000c21c              ; c.sw    a5,0(a2) [f0041720]
      5375 :    #4782 0 80000092 0000b7e5              ; c.j     0x8000007a
      5376 :    #4783 0 8000007a 00000591  a1=f00400f0 ; c.addi  a1,4
      5377 :    #4784 0 8000007c 00000611  a2=f0041724 ; c.addi  a2,4
      5378 :    #4785 0 8000007e fea594e3              ; bne     a1,a0,0x80000066
      5379 :    #4786 0 80000066 00004198  a4=0000021b ; c.lw    a4,0(a1) [f00400f0]
      5380 :    #4787 0 80000068 000041dc  a5=00000287 ; c.lw    a5,128(a1) [f0040170]
      5381 :    #4788 0 8000006a 00004594  a3=00000239 ; c.lw    a3,8(a1) [f00400f8]
      5382 :    #4789 0 8000006c 00f75c63              ; bge     a4,a5,0x80000084
      5383 :    #4790 0 80000070 02d7c063              ; blt     a5,a3,0x80000090
      5385 :    #4791 0 80000074 00e6dc63              ; bge     a3,a4,0x8000008c
      5387 :    #4792 0 8000008c 0000c214              ; c.sw    a3,0(a2) [f0041724]
      5388 :    #4793 0 8000008e 0000b7f5              ; c.j     0x8000007a
      5389 :    #4794 0 8000007a 00000591  a1=f00400f4 ; c.addi  a1,4
      5390 :    #4795 0 8000007c 00000611  a2=f0041728 ; c.addi  a2,4
      5391 :    #4796 0 8000007e fea594e3              ; bne     a1,a0,0x80000066
      5392 :    #4797 0 80000066 00004198  a4=00000287 ; c.lw    a4,0(a1) [f00400f4]
      5393 :    #4798 0 80000068 000041dc  a5=00000239 ; c.lw    a5,128(a1) [f0040174]
      5394 :    #4799 0 8000006a 00004594  a3=000001fd ; c.lw    a3,8(a1) [f00400fc]
      5395 :    #4800 0 8000006c 00f75c63              ; bge     a4,a5,0x80000084
      5396 :    #4801 0 80000084 fed74ae3              ; blt     a4,a3,0x80000078
      5397 :    #4802 0 80000088 00f6c463              ; blt     a3,a5,0x80000090
      5398 :    #4803 0 80000090 0000c21c              ; c.sw    a5,0(a2) [f0041728]
      5399 :    #4804 0 80000092 0000b7e5              ; c.j     0x8000007a
      5400 :    #4805 0 8000007a 00000591  a1=f00400f8 ; c.addi  a1,4
      5401 :    #4806 0 8000007c 00000611  a2=f004172c ; c.addi  a2,4
      5402 :    #4807 0 8000007e fea594e3              ; bne     a1,a0,0x80000066
      5403 :    #4808 0 80000066 00004198  a4=00000239 ; c.lw    a4,0(a1) [f00400f8]
      5404 :    #4809 0 80000068 000041dc  a5=000001fd ; c.lw    a5,128(a1) [f0040178]
      5405 :    #4810 0 8000006a 00004594  a3=000000cb ; c.lw    a3,8(a1) [f0040100]
      5406 :    #4811 0 8000006c 00f75c63              ; bge     a4,a5,0x80000084
      5407 :    #4812 0 80000084 fed74ae3              ; blt     a4,a3,0x80000078
      5409 :    #4813 0 80000088 00f6c463              ; blt     a3,a5,0x80000090
      5411 :    #4814 0 80000090 0000c21c              ; c.sw    a5,0(a2) [f004172c]
      5412 :    #4815 0 80000092 0000b7e5              ; c.j     0x8000007a
      5413 :    #4816 0 8000007a 00000591  a1=f00400fc ; c.addi  a1,4
      5414 :    #4817 0 8000007c 00000611  a2=f0041730 ; c.addi  a2,4
      5415 :    #4818 0 8000007e fea594e3              ; bne     a1,a0,0x80000066
      5416 :    #4819 0 80000066 00004198  a4=000001fd ; c.lw    a4,0(a1) [f00400fc]
      5417 :    #4820 0 80000068 000041dc  a5=000000cb ; c.lw    a5,128(a1) [f004017c]
      5418 :    #4821 0 8000006a 00004594  a3=00000058 ; c.lw    a3,8(a1) [f0040104]
      5419 :    #4822 0 8000006c 00f75c63              ; bge     a4,a5,0x80000084
      5420 :    #4823 0 80000084 fed74ae3              ; blt     a4,a3,0x80000078
      5422 :    #4824 0 80000088 00f6c463              ; blt     a3,a5,0x80000090
      5424 :    #4825 0 80000090 0000c21c              ; c.sw    a5,0(a2) [f0041730]
      5425 :    #4826 0 80000092 0000b7e5              ; c.j     0x8000007a
      5426 :    #4827 0 8000007a 00000591  a1=f0040100 ; c.addi  a1,4
      5427 :    #4828 0 8000007c 00000611  a2=f0041734 ; c.addi  a2,4
      5428 :    #4829 0 8000007e fea594e3              ; bne     a1,a0,0x80000066
      5429 :    #4830 0 80000066 00004198  a4=000000cb ; c.lw    a4,0(a1) [f0040100]
      5430 :    #4831 0 80000068 000041dc  a5=00000058 ; c.lw    a5,128(a1) [f0040180]
      5431 :    #4832 0 8000006a 00004594  a3=00000118 ; c.lw    a3,8(a1) [f0040108]
      5432 :    #4833 0 8000006c 00f75c63              ; bge     a4,a5,0x80000084
      5433 :    #4834 0 80000084 fed74ae3              ; blt     a4,a3,0x80000078
      5435 :    #4835 0 80000078 0000c218              ; c.sw    a4,0(a2) [f0041734]
      5436 :    #4836 0 8000007a 00000591  a1=f0040104 ; c.addi  a1,4
      5437 :    #4837 0 8000007c 00000611  a2=f0041738 ; c.addi  a2,4
      5438 :    #4838 0 8000007e fea594e3              ; bne     a1,a0,0x80000066
      5439 :    #4839 0 80000066 00004198  a4=00000058 ; c.lw    a4,0(a1) [f0040104]
      5440 :    #4840 0 80000068 000041dc  a5=00000118 ; c.lw    a5,128(a1) [f0040184]
      5441 :    #4841 0 8000006a 00004594  a3=000002bf ; c.lw    a3,8(a1) [f004010c]
      5442 :    #4842 0 8000006c 00f75c63              ; bge     a4,a5,0x80000084
      5443 :    #4843 0 80000070 02d7c063              ; blt     a5,a3,0x80000090
      5445 :    #4844 0 80000090 0000c21c              ; c.sw    a5,0(a2) [f0041738]
      5446 :    #4845 0 80000092 0000b7e5              ; c.j     0x8000007a
      5447 :    #4846 0 8000007a 00000591  a1=f0040108 ; c.addi  a1,4
      5448 :    #4847 0 8000007c 00000611  a2=f004173c ; c.addi  a2,4
      5449 :    #4848 0 8000007e fea594e3              ; bne     a1,a0,0x80000066
      5450 :    #4849 0 80000066 00004198  a4=00000118 ; c.lw    a4,0(a1) [f0040108]
      5451 :    #4850 0 80000068 000041dc  a5=000002bf ; c.lw    a5,128(a1) [f0040188]
      5452 :    #4851 0 8000006a 00004594  a3=000002f7 ; c.lw    a3,8(a1) [f0040110]
      5453 :    #4852 0 8000006c 00f75c63              ; bge     a4,a5,0x80000084
      5455 :    #4853 0 80000070 02d7c063              ; blt     a5,a3,0x80000090
      5456 :    #4854 0 80000090 0000c21c              ; c.sw    a5,0(a2) [f004173c]
      5457 :    #4855 0 80000092 0000b7e5              ; c.j     0x8000007a
      5458 :    #4856 0 8000007a 00000591  a1=f004010c ; c.addi  a1,4
      5459 :    #4857 0 8000007c 00000611  a2=f0041740 ; c.addi  a2,4
      5460 :    #4858 0 8000007e fea594e3              ; bne     a1,a0,0x80000066
      5461 :    #4859 0 80000066 00004198  a4=000002bf ; c.lw    a4,0(a1) [f004010c]
      5462 :    #4860 0 80000068 000041dc  a5=000002f7 ; c.lw    a5,128(a1) [f004018c]
      5463 :    #4861 0 8000006a 00004594  a3=0000029d ; c.lw    a3,8(a1) [f0040114]
      5464 :    #4862 0 8000006c 00f75c63              ; bge     a4,a5,0x80000084
      5465 :    #4863 0 80000070 02d7c063              ; blt     a5,a3,0x80000090
      5466 :    #4864 0 80000074 00e6dc63              ; bge     a3,a4,0x8000008c
      5468 :    #4865 0 80000078 0000c218              ; c.sw    a4,0(a2) [f0041740]
      5469 :    #4866 0 8000007a 00000591  a1=f0040110 ; c.addi  a1,4
      5470 :    #4867 0 8000007c 00000611  a2=f0041744 ; c.addi  a2,4
      5471 :    #4868 0 8000007e fea594e3              ; bne     a1,a0,0x80000066
      5472 :    #4869 0 80000066 00004198  a4=000002f7 ; c.lw    a4,0(a1) [f0040110]
      5473 :    #4870 0 80000068 000041dc  a5=0000029d ; c.lw    a5,128(a1) [f0040190]
      5474 :    #4871 0 8000006a 00004594  a3=0000025e ; c.lw    a3,8(a1) [f0040118]
      5475 :    #4872 0 8000006c 00f75c63              ; bge     a4,a5,0x80000084
      5476 :    #4873 0 80000084 fed74ae3              ; blt     a4,a3,0x80000078
      5477 :    #4874 0 80000088 00f6c463              ; blt     a3,a5,0x80000090
      5479 :    #4875 0 80000090 0000c21c              ; c.sw    a5,0(a2) [f0041744]
      5480 :    #4876 0 80000092 0000b7e5              ; c.j     0x8000007a
      5481 :    #4877 0 8000007a 00000591  a1=f0040114 ; c.addi  a1,4
      5482 :    #4878 0 8000007c 00000611  a2=f0041748 ; c.addi  a2,4
      5483 :    #4879 0 8000007e fea594e3              ; bne     a1,a0,0x80000066
      5484 :    #4880 0 80000066 00004198  a4=0000029d ; c.lw    a4,0(a1) [f0040114]
      5485 :    #4881 0 80000068 000041dc  a5=0000025e ; c.lw    a5,128(a1) [f0040194]
      5486 :    #4882 0 8000006a 00004594  a3=00000177 ; c.lw    a3,8(a1) [f004011c]
      5487 :    #4883 0 8000006c 00f75c63              ; bge     a4,a5,0x80000084
      5489 :    #4884 0 80000084 fed74ae3              ; blt     a4,a3,0x80000078
      5490 :    #4885 0 80000088 00f6c463              ; blt     a3,a5,0x80000090
      5491 :    #4886 0 80000090 0000c21c              ; c.sw    a5,0(a2) [f0041748]
      5492 :    #4887 0 80000092 0000b7e5              ; c.j     0x8000007a
      5493 :    #4888 0 8000007a 00000591  a1=f0040118 ; c.addi  a1,4
      5494 :    #4889 0 8000007c 00000611  a2=f004174c ; c.addi  a2,4
      5495 :    #4890 0 8000007e fea594e3              ; bne     a1,a0,0x80000066
      5497 :    #4891 0 80000066 00004198  a4=0000025e ; c.lw    a4,0(a1) [f0040118]
      5498 :    #4892 0 80000068 000041dc  a5=00000177 ; c.lw    a5,128(a1) [f0040198]
      5499 :    #4893 0 8000006a 00004594  a3=000001ff ; c.lw    a3,8(a1) [f0040120]
      5500 :    #4894 0 8000006c 00f75c63              ; bge     a4,a5,0x80000084
      5501 :    #4895 0 80000084 fed74ae3              ; blt     a4,a3,0x80000078
      5503 :    #4896 0 80000088 00f6c463              ; blt     a3,a5,0x80000090
      5505 :    #4897 0 8000008c 0000c214              ; c.sw    a3,0(a2) [f004174c]
      5506 :    #4898 0 8000008e 0000b7f5              ; c.j     0x8000007a
      5507 :    #4899 0 8000007a 00000591  a1=f004011c ; c.addi  a1,4
      5508 :    #4900 0 8000007c 00000611  a2=f0041750 ; c.addi  a2,4
      5509 :    #4901 0 8000007e fea594e3              ; bne     a1,a0,0x80000066
      5510 :    #4902 0 80000066 00004198  a4=00000177 ; c.lw    a4,0(a1) [f004011c]
      5511 :    #4903 0 80000068 000041dc  a5=000001ff ; c.lw    a5,128(a1) [f004019c]
      5512 :    #4904 0 8000006a 00004594  a3=00000227 ; c.lw    a3,8(a1) [f0040124]
      5513 :    #4905 0 8000006c 00f75c63              ; bge     a4,a5,0x80000084
      5514 :    #4906 0 80000070 02d7c063              ; blt     a5,a3,0x80000090
      5515 :    #4907 0 80000090 0000c21c              ; c.sw    a5,0(a2) [f0041750]
      5516 :    #4908 0 80000092 0000b7e5              ; c.j     0x8000007a
      5517 :    #4909 0 8000007a 00000591  a1=f0040120 ; c.addi  a1,4
      5518 :    #4910 0 8000007c 00000611  a2=f0041754 ; c.addi  a2,4
      5519 :    #4911 0 8000007e fea594e3              ; bne     a1,a0,0x80000066
      5521 :    #4912 0 80000066 00004198  a4=000001ff ; c.lw    a4,0(a1) [f0040120]
      5522 :    #4913 0 80000068 000041dc  a5=00000227 ; c.lw    a5,128(a1) [f00401a0]
      5523 :    #4914 0 8000006a 00004594  a3=00000291 ; c.lw    a3,8(a1) [f0040128]
      5524 :    #4915 0 8000006c 00f75c63              ; bge     a4,a5,0x80000084
      5525 :    #4916 0 80000070 02d7c063              ; blt     a5,a3,0x80000090
      5526 :    #4917 0 80000090 0000c21c              ; c.sw    a5,0(a2) [f0041754]
      5527 :    #4918 0 80000092 0000b7e5              ; c.j     0x8000007a
      5528 :    #4919 0 8000007a 00000591  a1=f0040124 ; c.addi  a1,4
      5529 :    #4920 0 8000007c 00000611  a2=f0041758 ; c.addi  a2,4
      5530 :    #4921 0 8000007e fea594e3              ; bne     a1,a0,0x80000066
      5532 :    #4922 0 80000066 00004198  a4=00000227 ; c.lw    a4,0(a1) [f0040124]
      5533 :    #4923 0 80000068 000041dc  a5=00000291 ; c.lw    a5,128(a1) [f00401a4]
      5534 :    #4924 0 8000006a 00004594  a3=000003a8 ; c.lw    a3,8(a1) [f004012c]
      5535 :    #4925 0 8000006c 00f75c63              ; bge     a4,a5,0x80000084
      5537 :    #4926 0 80000070 02d7c063              ; blt     a5,a3,0x80000090
      5538 :    #4927 0 80000090 0000c21c              ; c.sw    a5,0(a2) [f0041758]
      5539 :    #4928 0 80000092 0000b7e5              ; c.j     0x8000007a
      5540 :    #4929 0 8000007a 00000591  a1=f0040128 ; c.addi  a1,4
      5541 :    #4930 0 8000007c 00000611  a2=f004175c ; c.addi  a2,4
      5542 :    #4931 0 8000007e fea594e3              ; bne     a1,a0,0x80000066
      5543 :    #4932 0 80000066 00004198  a4=00000291 ; c.lw    a4,0(a1) [f0040128]
      5544 :    #4933 0 80000068 000041dc  a5=000003a8 ; c.lw    a5,128(a1) [f00401a8]
      5545 :    #4934 0 8000006a 00004594  a3=000000c3 ; c.lw    a3,8(a1) [f0040130]
      5546 :    #4935 0 8000006c 00f75c63              ; bge     a4,a5,0x80000084
      5547 :    #4936 0 80000070 02d7c063              ; blt     a5,a3,0x80000090
      5548 :    #4937 0 80000074 00e6dc63              ; bge     a3,a4,0x8000008c
      5550 :    #4938 0 80000078 0000c218              ; c.sw    a4,0(a2) [f004175c]
      5551 :    #4939 0 8000007a 00000591  a1=f004012c ; c.addi  a1,4
      5552 :    #4940 0 8000007c 00000611  a2=f0041760 ; c.addi  a2,4
      5553 :    #4941 0 8000007e fea594e3              ; bne     a1,a0,0x80000066
      5554 :    #4942 0 80000066 00004198  a4=000003a8 ; c.lw    a4,0(a1) [f004012c]
      5555 :    #4943 0 80000068 000041dc  a5=000000c3 ; c.lw    a5,128(a1) [f00401ac]
      5556 :    #4944 0 8000006a 00004594  a3=00000250 ; c.lw    a3,8(a1) [f0040134]
      5557 :    #4945 0 8000006c 00f75c63              ; bge     a4,a5,0x80000084
      5558 :    #4946 0 80000084 fed74ae3              ; blt     a4,a3,0x80000078
      5559 :    #4947 0 80000088 00f6c463              ; blt     a3,a5,0x80000090
      5560 :    #4948 0 8000008c 0000c214              ; c.sw    a3,0(a2) [f0041760]
      5561 :    #4949 0 8000008e 0000b7f5              ; c.j     0x8000007a
      5562 :    #4950 0 8000007a 00000591  a1=f0040130 ; c.addi  a1,4
      5563 :    #4951 0 8000007c 00000611  a2=f0041764 ; c.addi  a2,4
      5564 :    #4952 0 8000007e fea594e3              ; bne     a1,a0,0x80000066
      5565 :    #4953 0 80000066 00004198  a4=000000c3 ; c.lw    a4,0(a1) [f0040130]
      5566 :    #4954 0 80000068 000041dc  a5=00000250 ; c.lw    a5,128(a1) [f00401b0]
      5567 :    #4955 0 8000006a 00004594  a3=00000051 ; c.lw    a3,8(a1) [f0040138]
      5568 :    #4956 0 8000006c 00f75c63              ; bge     a4,a5,0x80000084
      5570 :    #4957 0 80000070 02d7c063              ; blt     a5,a3,0x80000090
      5572 :    #4958 0 80000074 00e6dc63              ; bge     a3,a4,0x8000008c
      5573 :    #4959 0 80000078 0000c218              ; c.sw    a4,0(a2) [f0041764]
      5574 :    #4960 0 8000007a 00000591  a1=f0040134 ; c.addi  a1,4
      5575 :    #4961 0 8000007c 00000611  a2=f0041768 ; c.addi  a2,4
      5576 :    #4962 0 8000007e fea594e3              ; bne     a1,a0,0x80000066
      5577 :    #4963 0 80000066 00004198  a4=00000250 ; c.lw    a4,0(a1) [f0040134]
      5578 :    #4964 0 80000068 000041dc  a5=00000051 ; c.lw    a5,128(a1) [f00401b4]
      5579 :    #4965 0 8000006a 00004594  a3=00000239 ; c.lw    a3,8(a1) [f004013c]
      5580 :    #4966 0 8000006c 00f75c63              ; bge     a4,a5,0x80000084
      5582 :    #4967 0 80000084 fed74ae3              ; blt     a4,a3,0x80000078
      5584 :    #4968 0 80000088 00f6c463              ; blt     a3,a5,0x80000090
      5585 :    #4969 0 8000008c 0000c214              ; c.sw    a3,0(a2) [f0041768]
      5586 :    #4970 0 8000008e 0000b7f5              ; c.j     0x8000007a
      5587 :    #4971 0 8000007a 00000591  a1=f0040138 ; c.addi  a1,4
      5588 :    #4972 0 8000007c 00000611  a2=f004176c ; c.addi  a2,4
      5589 :    #4973 0 8000007e fea594e3              ; bne     a1,a0,0x80000066
      5590 :    #4974 0 80000066 00004198  a4=00000051 ; c.lw    a4,0(a1) [f0040138]
      5591 :    #4975 0 80000068 000041dc  a5=00000239 ; c.lw    a5,128(a1) [f00401b8]
      5592 :    #4976 0 8000006a 00004594  a3=0000010b ; c.lw    a3,8(a1) [f0040140]
      5593 :    #4977 0 8000006c 00f75c63              ; bge     a4,a5,0x80000084
      5594 :    #4978 0 80000070 02d7c063              ; blt     a5,a3,0x80000090
      5596 :    #4979 0 80000074 00e6dc63              ; bge     a3,a4,0x8000008c
      5598 :    #4980 0 8000008c 0000c214              ; c.sw    a3,0(a2) [f004176c]
      5599 :    #4981 0 8000008e 0000b7f5              ; c.j     0x8000007a
      5600 :    #4982 0 8000007a 00000591  a1=f004013c ; c.addi  a1,4
      5601 :    #4983 0 8000007c 00000611  a2=f0041770 ; c.addi  a2,4
      5602 :    #4984 0 8000007e fea594e3              ; bne     a1,a0,0x80000066
      5603 :    #4985 0 80000066 00004198  a4=00000239 ; c.lw    a4,0(a1) [f004013c]
      5604 :    #4986 0 80000068 000041dc  a5=0000010b ; c.lw    a5,128(a1) [f00401bc]
      5605 :    #4987 0 8000006a 00004594  a3=000003b8 ; c.lw    a3,8(a1) [f0040144]
      5606 :    #4988 0 8000006c 00f75c63              ; bge     a4,a5,0x80000084
      5608 :    #4989 0 80000084 fed74ae3              ; blt     a4,a3,0x80000078
      5609 :    #4990 0 80000078 0000c218              ; c.sw    a4,0(a2) [f0041770]
      5610 :    #4991 0 8000007a 00000591  a1=f0040140 ; c.addi  a1,4
      5611 :    #4992 0 8000007c 00000611  a2=f0041774 ; c.addi  a2,4
      5612 :    #4993 0 8000007e fea594e3              ; bne     a1,a0,0x80000066
      5613 :    #4994 0 80000066 00004198  a4=0000010b ; c.lw    a4,0(a1) [f0040140]
      5614 :    #4995 0 80000068 000041dc  a5=000003b8 ; c.lw    a5,128(a1) [f00401c0]
      5615 :    #4996 0 8000006a 00004594  a3=000000e5 ; c.lw    a3,8(a1) [f0040148]
      5616 :    #4997 0 8000006c 00f75c63              ; bge     a4,a5,0x80000084
      5617 :    #4998 0 80000070 02d7c063              ; blt     a5,a3,0x80000090
      5618 :    #4999 0 80000074 00e6dc63              ; bge     a3,a4,0x8000008c
      5619 :    #5000 0 80000078 0000c218              ; c.sw    a4,0(a2) [f0041774]
      5620 :    #5001 0 8000007a 00000591  a1=f0040144 ; c.addi  a1,4
      5621 :    #5002 0 8000007c 00000611  a2=f0041778 ; c.addi  a2,4
      5622 :    #5003 0 8000007e fea594e3              ; bne     a1,a0,0x80000066
      5623 :    #5004 0 80000066 00004198  a4=000003b8 ; c.lw    a4,0(a1) [f0040144]
      5624 :    #5005 0 80000068 000041dc  a5=000000e5 ; c.lw    a5,128(a1) [f00401c4]
      5625 :    #5006 0 8000006a 00004594  a3=00000320 ; c.lw    a3,8(a1) [f004014c]
      5626 :    #5007 0 8000006c 00f75c63              ; bge     a4,a5,0x80000084
      5627 :    #5008 0 80000084 fed74ae3              ; blt     a4,a3,0x80000078
      5628 :    #5009 0 80000088 00f6c463              ; blt     a3,a5,0x80000090
      5629 :    #5010 0 8000008c 0000c214              ; c.sw    a3,0(a2) [f0041778]
      5630 :    #5011 0 8000008e 0000b7f5              ; c.j     0x8000007a
      5631 :    #5012 0 8000007a 00000591  a1=f0040148 ; c.addi  a1,4
      5632 :    #5013 0 8000007c 00000611  a2=f004177c ; c.addi  a2,4
      5633 :    #5014 0 8000007e fea594e3              ; bne     a1,a0,0x80000066
      5634 :    #5015 0 80000066 00004198  a4=000000e5 ; c.lw    a4,0(a1) [f0040148]
      5635 :    #5016 0 80000068 000041dc  a5=00000320 ; c.lw    a5,128(a1) [f00401c8]
      5636 :    #5017 0 8000006a 00004594  a3=00000151 ; c.lw    a3,8(a1) [f0040150]
      5637 :    #5018 0 8000006c 00f75c63              ; bge     a4,a5,0x80000084
      5639 :    #5019 0 80000070 02d7c063              ; blt     a5,a3,0x80000090
      5641 :    #5020 0 80000074 00e6dc63              ; bge     a3,a4,0x8000008c
      5643 :    #5021 0 8000008c 0000c214              ; c.sw    a3,0(a2) [f004177c]
      5644 :    #5022 0 8000008e 0000b7f5              ; c.j     0x8000007a
      5645 :    #5023 0 8000007a 00000591  a1=f004014c ; c.addi  a1,4
      5646 :    #5024 0 8000007c 00000611  a2=f0041780 ; c.addi  a2,4
      5647 :    #5025 0 8000007e fea594e3              ; bne     a1,a0,0x80000066
      5648 :    #5026 0 80000066 00004198  a4=00000320 ; c.lw    a4,0(a1) [f004014c]
      5649 :    #5027 0 80000068 000041dc  a5=00000151 ; c.lw    a5,128(a1) [f00401cc]
      5650 :    #5028 0 8000006a 00004594  a3=00000248 ; c.lw    a3,8(a1) [f0040154]
      5651 :    #5029 0 8000006c 00f75c63              ; bge     a4,a5,0x80000084
      5653 :    #5030 0 80000084 fed74ae3              ; blt     a4,a3,0x80000078
      5655 :    #5031 0 80000088 00f6c463              ; blt     a3,a5,0x80000090
      5656 :    #5032 0 8000008c 0000c214              ; c.sw    a3,0(a2) [f0041780]
      5657 :    #5033 0 8000008e 0000b7f5              ; c.j     0x8000007a
      5658 :    #5034 0 8000007a 00000591  a1=f0040150 ; c.addi  a1,4
      5659 :    #5035 0 8000007c 00000611  a2=f0041784 ; c.addi  a2,4
      5660 :    #5036 0 8000007e fea594e3              ; bne     a1,a0,0x80000066
      5661 :    #5037 0 80000066 00004198  a4=00000151 ; c.lw    a4,0(a1) [f0040150]
      5662 :    #5038 0 80000068 000041dc  a5=00000248 ; c.lw    a5,128(a1) [f00401d0]
      5663 :    #5039 0 8000006a 00004594  a3=000003b0 ; c.lw    a3,8(a1) [f0040158]
      5664 :    #5040 0 8000006c 00f75c63              ; bge     a4,a5,0x80000084
      5666 :    #5041 0 80000070 02d7c063              ; blt     a5,a3,0x80000090
      5667 :    #5042 0 80000090 0000c21c              ; c.sw    a5,0(a2) [f0041784]
      5668 :    #5043 0 80000092 0000b7e5              ; c.j     0x8000007a
      5669 :    #5044 0 8000007a 00000591  a1=f0040154 ; c.addi  a1,4
      5670 :    #5045 0 8000007c 00000611  a2=f0041788 ; c.addi  a2,4
      5671 :    #5046 0 8000007e fea594e3              ; bne     a1,a0,0x80000066
      5672 :    #5047 0 80000066 00004198  a4=00000248 ; c.lw    a4,0(a1) [f0040154]
      5673 :    #5048 0 80000068 000041dc  a5=000003b0 ; c.lw    a5,128(a1) [f00401d4]
      5674 :    #5049 0 8000006a 00004594  a3=00000283 ; c.lw    a3,8(a1) [f004015c]
      5675 :    #5050 0 8000006c 00f75c63              ; bge     a4,a5,0x80000084
      5676 :    #5051 0 80000070 02d7c063              ; blt     a5,a3,0x80000090
      5678 :    #5052 0 80000074 00e6dc63              ; bge     a3,a4,0x8000008c
      5679 :    #5053 0 8000008c 0000c214              ; c.sw    a3,0(a2) [f0041788]
      5680 :    #5054 0 8000008e 0000b7f5              ; c.j     0x8000007a
      5681 :    #5055 0 8000007a 00000591  a1=f0040158 ; c.addi  a1,4
      5682 :    #5056 0 8000007c 00000611  a2=f004178c ; c.addi  a2,4
      5683 :    #5057 0 8000007e fea594e3              ; bne     a1,a0,0x80000066
      5684 :    #5058 0 80000066 00004198  a4=000003b0 ; c.lw    a4,0(a1) [f0040158]
      5685 :    #5059 0 80000068 000041dc  a5=00000283 ; c.lw    a5,128(a1) [f00401d8]
      5686 :    #5060 0 8000006a 00004594  a3=00000386 ; c.lw    a3,8(a1) [f0040160]
      5687 :    #5061 0 8000006c 00f75c63              ; bge     a4,a5,0x80000084
      5688 :    #5062 0 80000084 fed74ae3              ; blt     a4,a3,0x80000078
      5689 :    #5063 0 80000088 00f6c463              ; blt     a3,a5,0x80000090
      5691 :    #5064 0 8000008c 0000c214              ; c.sw    a3,0(a2) [f004178c]
      5692 :    #5065 0 8000008e 0000b7f5              ; c.j     0x8000007a
      5693 :    #5066 0 8000007a 00000591  a1=f004015c ; c.addi  a1,4
      5694 :    #5067 0 8000007c 00000611  a2=f0041790 ; c.addi  a2,4
      5695 :    #5068 0 8000007e fea594e3              ; bne     a1,a0,0x80000066
      5696 :    #5069 0 80000066 00004198  a4=00000283 ; c.lw    a4,0(a1) [f004015c]
      5697 :    #5070 0 80000068 000041dc  a5=00000386 ; c.lw    a5,128(a1) [f00401dc]
      5698 :    #5071 0 8000006a 00004594  a3=00000170 ; c.lw    a3,8(a1) [f0040164]
      5699 :    #5072 0 8000006c 00f75c63              ; bge     a4,a5,0x80000084
      5700 :    #5073 0 80000070 02d7c063              ; blt     a5,a3,0x80000090
      5702 :    #5074 0 80000074 00e6dc63              ; bge     a3,a4,0x8000008c
      5704 :    #5075 0 80000078 0000c218              ; c.sw    a4,0(a2) [f0041790]
      5705 :    #5076 0 8000007a 00000591  a1=f0040160 ; c.addi  a1,4
      5706 :    #5077 0 8000007c 00000611  a2=f0041794 ; c.addi  a2,4
      5707 :    #5078 0 8000007e fea594e3              ; bne     a1,a0,0x80000066
      5708 :    #5079 0 80000066 00004198  a4=00000386 ; c.lw    a4,0(a1) [f0040160]
      5709 :    #5080 0 80000068 000041dc  a5=00000170 ; c.lw    a5,128(a1) [f00401e0]
      5710 :    #5081 0 8000006a 00004594  a3=000000f1 ; c.lw    a3,8(a1) [f0040168]
      5711 :    #5082 0 8000006c 00f75c63              ; bge     a4,a5,0x80000084
      5712 :    #5083 0 80000084 fed74ae3              ; blt     a4,a3,0x80000078
      5713 :    #5084 0 80000088 00f6c463              ; blt     a3,a5,0x80000090
      5715 :    #5085 0 80000090 0000c21c              ; c.sw    a5,0(a2) [f0041794]
      5716 :    #5086 0 80000092 0000b7e5              ; c.j     0x8000007a
      5717 :    #5087 0 8000007a 00000591  a1=f0040164 ; c.addi  a1,4
      5718 :    #5088 0 8000007c 00000611  a2=f0041798 ; c.addi  a2,4
      5719 :    #5089 0 8000007e fea594e3              ; bne     a1,a0,0x80000066
      5720 :    #5090 0 80000066 00004198  a4=00000170 ; c.lw    a4,0(a1) [f0040164]
      5721 :    #5091 0 80000068 000041dc  a5=000000f1 ; c.lw    a5,128(a1) [f00401e4]
      5722 :    #5092 0 8000006a 00004594  a3=000001e9 ; c.lw    a3,8(a1) [f004016c]
      5723 :    #5093 0 8000006c 00f75c63              ; bge     a4,a5,0x80000084
      5725 :    #5094 0 80000084 fed74ae3              ; blt     a4,a3,0x80000078
      5726 :    #5095 0 80000078 0000c218              ; c.sw    a4,0(a2) [f0041798]
      5727 :    #5096 0 8000007a 00000591  a1=f0040168 ; c.addi  a1,4
      5728 :    #5097 0 8000007c 00000611  a2=f004179c ; c.addi  a2,4
      5729 :    #5098 0 8000007e fea594e3              ; bne     a1,a0,0x80000066
      5730 :    #5099 0 80000066 00004198  a4=000000f1 ; c.lw    a4,0(a1) [f0040168]
      5731 :    #5100 0 80000068 000041dc  a5=000001e9 ; c.lw    a5,128(a1) [f00401e8]
      5732 :    #5101 0 8000006a 00004594  a3=00000391 ; c.lw    a3,8(a1) [f0040170]
      5733 :    #5102 0 8000006c 00f75c63              ; bge     a4,a5,0x80000084
      5734 :    #5103 0 80000070 02d7c063              ; blt     a5,a3,0x80000090
      5736 :    #5104 0 80000090 0000c21c              ; c.sw    a5,0(a2) [f004179c]
      5737 :    #5105 0 80000092 0000b7e5              ; c.j     0x8000007a
      5738 :    #5106 0 8000007a 00000591  a1=f004016c ; c.addi  a1,4
      5739 :    #5107 0 8000007c 00000611  a2=f00417a0 ; c.addi  a2,4
      5740 :    #5108 0 8000007e fea594e3              ; bne     a1,a0,0x80000066
      5741 :    #5109 0 80000066 00004198  a4=000001e9 ; c.lw    a4,0(a1) [f004016c]
      5742 :    #5110 0 80000068 000041dc  a5=00000391 ; c.lw    a5,128(a1) [f00401ec]
      5743 :    #5111 0 8000006a 00004594  a3=00000148 ; c.lw    a3,8(a1) [f0040174]
      5744 :    #5112 0 8000006c 00f75c63              ; bge     a4,a5,0x80000084
      5745 :    #5113 0 80000070 02d7c063              ; blt     a5,a3,0x80000090
      5746 :    #5114 0 80000074 00e6dc63              ; bge     a3,a4,0x8000008c
      5747 :    #5115 0 80000078 0000c218              ; c.sw    a4,0(a2) [f00417a0]
      5748 :    #5116 0 8000007a 00000591  a1=f0040170 ; c.addi  a1,4
      5749 :    #5117 0 8000007c 00000611  a2=f00417a4 ; c.addi  a2,4
      5750 :    #5118 0 8000007e fea594e3              ; bne     a1,a0,0x80000066
      5752 :    #5119 0 80000066 00004198  a4=00000391 ; c.lw    a4,0(a1) [f0040170]
      5753 :    #5120 0 80000068 000041dc  a5=00000148 ; c.lw    a5,128(a1) [f00401f0]
      5754 :    #5121 0 8000006a 00004594  a3=0000033a ; c.lw    a3,8(a1) [f0040178]
      5755 :    #5122 0 8000006c 00f75c63              ; bge     a4,a5,0x80000084
      5756 :    #5123 0 80000084 fed74ae3              ; blt     a4,a3,0x80000078
      5758 :    #5124 0 80000088 00f6c463              ; blt     a3,a5,0x80000090
      5760 :    #5125 0 8000008c 0000c214              ; c.sw    a3,0(a2) [f00417a4]
      5761 :    #5126 0 8000008e 0000b7f5              ; c.j     0x8000007a
      5762 :    #5127 0 8000007a 00000591  a1=f0040174 ; c.addi  a1,4
      5763 :    #5128 0 8000007c 00000611  a2=f00417a8 ; c.addi  a2,4
      5764 :    #5129 0 8000007e fea594e3              ; bne     a1,a0,0x80000066
      5765 :    #5130 0 80000066 00004198  a4=00000148 ; c.lw    a4,0(a1) [f0040174]
      5766 :    #5131 0 80000068 000041dc  a5=0000033a ; c.lw    a5,128(a1) [f00401f4]
      5767 :    #5132 0 8000006a 00004594  a3=00000139 ; c.lw    a3,8(a1) [f004017c]
      5768 :    #5133 0 8000006c 00f75c63              ; bge     a4,a5,0x80000084
      5769 :    #5134 0 80000070 02d7c063              ; blt     a5,a3,0x80000090
      5771 :    #5135 0 80000074 00e6dc63              ; bge     a3,a4,0x8000008c
      5773 :    #5136 0 80000078 0000c218              ; c.sw    a4,0(a2) [f00417a8]
      5774 :    #5137 0 8000007a 00000591  a1=f0040178 ; c.addi  a1,4
      5775 :    #5138 0 8000007c 00000611  a2=f00417ac ; c.addi  a2,4
      5776 :    #5139 0 8000007e fea594e3              ; bne     a1,a0,0x80000066
      5777 :    #5140 0 80000066 00004198  a4=0000033a ; c.lw    a4,0(a1) [f0040178]
      5778 :    #5141 0 80000068 000041dc  a5=00000139 ; c.lw    a5,128(a1) [f00401f8]
      5779 :    #5142 0 8000006a 00004594  a3=000003a5 ; c.lw    a3,8(a1) [f0040180]
      5780 :    #5143 0 8000006c 00f75c63              ; bge     a4,a5,0x80000084
      5781 :    #5144 0 80000084 fed74ae3              ; blt     a4,a3,0x80000078
      5783 :    #5145 0 80000078 0000c218              ; c.sw    a4,0(a2) [f00417ac]
      5784 :    #5146 0 8000007a 00000591  a1=f004017c ; c.addi  a1,4
      5785 :    #5147 0 8000007c 00000611  a2=f00417b0 ; c.addi  a2,4
      5786 :    #5148 0 8000007e fea594e3              ; bne     a1,a0,0x80000066
      5787 :    #5149 0 80000066 00004198  a4=00000139 ; c.lw    a4,0(a1) [f004017c]
      5788 :    #5150 0 80000068 000041dc  a5=000003a5 ; c.lw    a5,128(a1) [f00401fc]
      5789 :    #5151 0 8000006a 00004594  a3=00000250 ; c.lw    a3,8(a1) [f0040184]
      5790 :    #5152 0 8000006c 00f75c63              ; bge     a4,a5,0x80000084
      5791 :    #5153 0 80000070 02d7c063              ; blt     a5,a3,0x80000090
      5792 :    #5154 0 80000074 00e6dc63              ; bge     a3,a4,0x8000008c
      5793 :    #5155 0 8000008c 0000c214              ; c.sw    a3,0(a2) [f00417b0]
      5794 :    #5156 0 8000008e 0000b7f5              ; c.j     0x8000007a
      5795 :    #5157 0 8000007a 00000591  a1=f0040180 ; c.addi  a1,4
      5796 :    #5158 0 8000007c 00000611  a2=f00417b4 ; c.addi  a2,4
      5797 :    #5159 0 8000007e fea594e3              ; bne     a1,a0,0x80000066
      5799 :    #5160 0 80000066 00004198  a4=000003a5 ; c.lw    a4,0(a1) [f0040180]
      5800 :    #5161 0 80000068 000041dc  a5=00000250 ; c.lw    a5,128(a1) [f0040200]
      5801 :    #5162 0 8000006a 00004594  a3=000003d9 ; c.lw    a3,8(a1) [f0040188]
      5802 :    #5163 0 8000006c 00f75c63              ; bge     a4,a5,0x80000084
      5803 :    #5164 0 80000084 fed74ae3              ; blt     a4,a3,0x80000078
      5805 :    #5165 0 80000078 0000c218              ; c.sw    a4,0(a2) [f00417b4]
      5806 :    #5166 0 8000007a 00000591  a1=f0040184 ; c.addi  a1,4
      5807 :    #5167 0 8000007c 00000611  a2=f00417b8 ; c.addi  a2,4
      5808 :    #5168 0 8000007e fea594e3              ; bne     a1,a0,0x80000066
      5809 :    #5169 0 80000066 00004198  a4=00000250 ; c.lw    a4,0(a1) [f0040184]
      5810 :    #5170 0 80000068 000041dc  a5=000003d9 ; c.lw    a5,128(a1) [f0040204]
      5811 :    #5171 0 8000006a 00004594  a3=00000184 ; c.lw    a3,8(a1) [f004018c]
      5812 :    #5172 0 8000006c 00f75c63              ; bge     a4,a5,0x80000084
      5813 :    #5173 0 80000070 02d7c063              ; blt     a5,a3,0x80000090
      5814 :    #5174 0 80000074 00e6dc63              ; bge     a3,a4,0x8000008c
      5815 :    #5175 0 80000078 0000c218              ; c.sw    a4,0(a2) [f00417b8]
      5816 :    #5176 0 8000007a 00000591  a1=f0040188 ; c.addi  a1,4
      5817 :    #5177 0 8000007c 00000611  a2=f00417bc ; c.addi  a2,4
      5818 :    #5178 0 8000007e fea594e3              ; bne     a1,a0,0x80000066
      5819 :    #5179 0 80000066 00004198  a4=000003d9 ; c.lw    a4,0(a1) [f0040188]
      5820 :    #5180 0 80000068 000041dc  a5=00000184 ; c.lw    a5,128(a1) [f0040208]
      5821 :    #5181 0 8000006a 00004594  a3=000000c3 ; c.lw    a3,8(a1) [f0040190]
      5822 :    #5182 0 8000006c 00f75c63              ; bge     a4,a5,0x80000084
      5823 :    #5183 0 80000084 fed74ae3              ; blt     a4,a3,0x80000078
      5824 :    #5184 0 80000088 00f6c463              ; blt     a3,a5,0x80000090
      5826 :    #5185 0 80000090 0000c21c              ; c.sw    a5,0(a2) [f00417bc]
      5827 :    #5186 0 80000092 0000b7e5              ; c.j     0x8000007a
      5828 :    #5187 0 8000007a 00000591  a1=f004018c ; c.addi  a1,4
      5829 :    #5188 0 8000007c 00000611  a2=f00417c0 ; c.addi  a2,4
      5830 :    #5189 0 8000007e fea594e3              ; bne     a1,a0,0x80000066
      5831 :    #5190 0 80000066 00004198  a4=00000184 ; c.lw    a4,0(a1) [f004018c]
      5832 :    #5191 0 80000068 000041dc  a5=000000c3 ; c.lw    a5,128(a1) [f004020c]
      5833 :    #5192 0 8000006a 00004594  a3=0000021f ; c.lw    a3,8(a1) [f0040194]
      5834 :    #5193 0 8000006c 00f75c63              ; bge     a4,a5,0x80000084
      5836 :    #5194 0 80000084 fed74ae3              ; blt     a4,a3,0x80000078
      5837 :    #5195 0 80000078 0000c218              ; c.sw    a4,0(a2) [f00417c0]
      5838 :    #5196 0 8000007a 00000591  a1=f0040190 ; c.addi  a1,4
      5839 :    #5197 0 8000007c 00000611  a2=f00417c4 ; c.addi  a2,4
      5840 :    #5198 0 8000007e fea594e3              ; bne     a1,a0,0x80000066
      5841 :    #5199 0 80000066 00004198  a4=000000c3 ; c.lw    a4,0(a1) [f0040190]
      5842 :    #5200 0 80000068 000041dc  a5=0000021f ; c.lw    a5,128(a1) [f0040210]
      5843 :    #5201 0 8000006a 00004594  a3=000003c0 ; c.lw    a3,8(a1) [f0040198]
      5844 :    #5202 0 8000006c 00f75c63              ; bge     a4,a5,0x80000084
      5845 :    #5203 0 80000070 02d7c063              ; blt     a5,a3,0x80000090
      5847 :    #5204 0 80000090 0000c21c              ; c.sw    a5,0(a2) [f00417c4]
      5848 :    #5205 0 80000092 0000b7e5              ; c.j     0x8000007a
      5849 :    #5206 0 8000007a 00000591  a1=f0040194 ; c.addi  a1,4
      5850 :    #5207 0 8000007c 00000611  a2=f00417c8 ; c.addi  a2,4
      5851 :    #5208 0 8000007e fea594e3              ; bne     a1,a0,0x80000066
      5852 :    #5209 0 80000066 00004198  a4=0000021f ; c.lw    a4,0(a1) [f0040194]
      5853 :    #5210 0 80000068 000041dc  a5=000003c0 ; c.lw    a5,128(a1) [f0040214]
      5854 :    #5211 0 8000006a 00004594  a3=00000289 ; c.lw    a3,8(a1) [f004019c]
      5855 :    #5212 0 8000006c 00f75c63              ; bge     a4,a5,0x80000084
      5856 :    #5213 0 80000070 02d7c063              ; blt     a5,a3,0x80000090
      5857 :    #5214 0 80000074 00e6dc63              ; bge     a3,a4,0x8000008c
      5859 :    #5215 0 8000008c 0000c214              ; c.sw    a3,0(a2) [f00417c8]
      5860 :    #5216 0 8000008e 0000b7f5              ; c.j     0x8000007a
      5861 :    #5217 0 8000007a 00000591  a1=f0040198 ; c.addi  a1,4
      5862 :    #5218 0 8000007c 00000611  a2=f00417cc ; c.addi  a2,4
      5863 :    #5219 0 8000007e fea594e3              ; bne     a1,a0,0x80000066
      5864 :    #5220 0 80000066 00004198  a4=000003c0 ; c.lw    a4,0(a1) [f0040198]
      5865 :    #5221 0 80000068 000041dc  a5=00000289 ; c.lw    a5,128(a1) [f0040218]
      5866 :    #5222 0 8000006a 00004594  a3=00000236 ; c.lw    a3,8(a1) [f00401a0]
      5867 :    #5223 0 8000006c 00f75c63              ; bge     a4,a5,0x80000084
      5868 :    #5224 0 80000084 fed74ae3              ; blt     a4,a3,0x80000078
      5869 :    #5225 0 80000088 00f6c463              ; blt     a3,a5,0x80000090
      5871 :    #5226 0 80000090 0000c21c              ; c.sw    a5,0(a2) [f00417cc]
      5872 :    #5227 0 80000092 0000b7e5              ; c.j     0x8000007a
      5873 :    #5228 0 8000007a 00000591  a1=f004019c ; c.addi  a1,4
      5874 :    #5229 0 8000007c 00000611  a2=f00417d0 ; c.addi  a2,4
      5875 :    #5230 0 8000007e fea594e3              ; bne     a1,a0,0x80000066
      5876 :    #5231 0 80000066 00004198  a4=00000289 ; c.lw    a4,0(a1) [f004019c]
      5877 :    #5232 0 80000068 000041dc  a5=00000236 ; c.lw    a5,128(a1) [f004021c]
      5878 :    #5233 0 8000006a 00004594  a3=000003d3 ; c.lw    a3,8(a1) [f00401a4]
      5879 :    #5234 0 8000006c 00f75c63              ; bge     a4,a5,0x80000084
      5881 :    #5235 0 80000084 fed74ae3              ; blt     a4,a3,0x80000078
      5882 :    #5236 0 80000078 0000c218              ; c.sw    a4,0(a2) [f00417d0]
      5883 :    #5237 0 8000007a 00000591  a1=f00401a0 ; c.addi  a1,4
      5884 :    #5238 0 8000007c 00000611  a2=f00417d4 ; c.addi  a2,4
      5885 :    #5239 0 8000007e fea594e3              ; bne     a1,a0,0x80000066
      5886 :    #5240 0 80000066 00004198  a4=00000236 ; c.lw    a4,0(a1) [f00401a0]
      5887 :    #5241 0 80000068 000041dc  a5=000003d3 ; c.lw    a5,128(a1) [f0040220]
      5888 :    #5242 0 8000006a 00004594  a3=0000015e ; c.lw    a3,8(a1) [f00401a8]
      5889 :    #5243 0 8000006c 00f75c63              ; bge     a4,a5,0x80000084
      5890 :    #5244 0 80000070 02d7c063              ; blt     a5,a3,0x80000090
      5891 :    #5245 0 80000074 00e6dc63              ; bge     a3,a4,0x8000008c
      5892 :    #5246 0 80000078 0000c218              ; c.sw    a4,0(a2) [f00417d4]
      5893 :    #5247 0 8000007a 00000591  a1=f00401a4 ; c.addi  a1,4
      5894 :    #5248 0 8000007c 00000611  a2=f00417d8 ; c.addi  a2,4
      5895 :    #5249 0 8000007e fea594e3              ; bne     a1,a0,0x80000066
      5896 :    #5250 0 80000066 00004198  a4=000003d3 ; c.lw    a4,0(a1) [f00401a4]
      5897 :    #5251 0 80000068 000041dc  a5=0000015e ; c.lw    a5,128(a1) [f0040224]
      5898 :    #5252 0 8000006a 00004594  a3=000003e5 ; c.lw    a3,8(a1) [f00401ac]
      5899 :    #5253 0 8000006c 00f75c63              ; bge     a4,a5,0x80000084
      5900 :    #5254 0 80000084 fed74ae3              ; blt     a4,a3,0x80000078
      5902 :    #5255 0 80000078 0000c218              ; c.sw    a4,0(a2) [f00417d8]
      5903 :    #5256 0 8000007a 00000591  a1=f00401a8 ; c.addi  a1,4
      5904 :    #5257 0 8000007c 00000611  a2=f00417dc ; c.addi  a2,4
      5905 :    #5258 0 8000007e fea594e3              ; bne     a1,a0,0x80000066
      5906 :    #5259 0 80000066 00004198  a4=0000015e ; c.lw    a4,0(a1) [f00401a8]
      5907 :    #5260 0 80000068 000041dc  a5=000003e5 ; c.lw    a5,128(a1) [f0040228]
      5908 :    #5261 0 8000006a 00004594  a3=00000289 ; c.lw    a3,8(a1) [f00401b0]
      5909 :    #5262 0 8000006c 00f75c63              ; bge     a4,a5,0x80000084
      5910 :    #5263 0 80000070 02d7c063              ; blt     a5,a3,0x80000090
      5911 :    #5264 0 80000074 00e6dc63              ; bge     a3,a4,0x8000008c
      5912 :    #5265 0 8000008c 0000c214              ; c.sw    a3,0(a2) [f00417dc]
      5913 :    #5266 0 8000008e 0000b7f5              ; c.j     0x8000007a
      5914 :    #5267 0 8000007a 00000591  a1=f00401ac ; c.addi  a1,4
      5915 :    #5268 0 8000007c 00000611  a2=f00417e0 ; c.addi  a2,4
      5916 :    #5269 0 8000007e fea594e3              ; bne     a1,a0,0x80000066
      5917 :    #5270 0 80000066 00004198  a4=000003e5 ; c.lw    a4,0(a1) [f00401ac]
      5918 :    #5271 0 80000068 000041dc  a5=00000289 ; c.lw    a5,128(a1) [f004022c]
      5919 :    #5272 0 8000006a 00004594  a3=0000032e ; c.lw    a3,8(a1) [f00401b4]
      5920 :    #5273 0 8000006c 00f75c63              ; bge     a4,a5,0x80000084
      5921 :    #5274 0 80000084 fed74ae3              ; blt     a4,a3,0x80000078
      5923 :    #5275 0 80000088 00f6c463              ; blt     a3,a5,0x80000090
      5924 :    #5276 0 8000008c 0000c214              ; c.sw    a3,0(a2) [f00417e0]
      5925 :    #5277 0 8000008e 0000b7f5              ; c.j     0x8000007a
      5926 :    #5278 0 8000007a 00000591  a1=f00401b0 ; c.addi  a1,4
      5927 :    #5279 0 8000007c 00000611  a2=f00417e4 ; c.addi  a2,4
      5928 :    #5280 0 8000007e fea594e3              ; bne     a1,a0,0x80000066
      5929 :    #5281 0 80000066 00004198  a4=00000289 ; c.lw    a4,0(a1) [f00401b0]
      5930 :    #5282 0 80000068 000041dc  a5=0000032e ; c.lw    a5,128(a1) [f0040230]
      5931 :    #5283 0 8000006a 00004594  a3=00000291 ; c.lw    a3,8(a1) [f00401b8]
      5932 :    #5284 0 8000006c 00f75c63              ; bge     a4,a5,0x80000084
      5933 :    #5285 0 80000070 02d7c063              ; blt     a5,a3,0x80000090
      5934 :    #5286 0 80000074 00e6dc63              ; bge     a3,a4,0x8000008c
      5936 :    #5287 0 8000008c 0000c214              ; c.sw    a3,0(a2) [f00417e4]
      5937 :    #5288 0 8000008e 0000b7f5              ; c.j     0x8000007a
      5938 :    #5289 0 8000007a 00000591  a1=f00401b4 ; c.addi  a1,4
      5939 :    #5290 0 8000007c 00000611  a2=f00417e8 ; c.addi  a2,4
      5940 :    #5291 0 8000007e fea594e3              ; bne     a1,a0,0x80000066
      5941 :    #5292 0 80000066 00004198  a4=0000032e ; c.lw    a4,0(a1) [f00401b4]
      5942 :    #5293 0 80000068 000041dc  a5=00000291 ; c.lw    a5,128(a1) [f0040234]
      5943 :    #5294 0 8000006a 00004594  a3=0000004f ; c.lw    a3,8(a1) [f00401bc]
      5944 :    #5295 0 8000006c 00f75c63              ; bge     a4,a5,0x80000084
      5946 :    #5296 0 80000084 fed74ae3              ; blt     a4,a3,0x80000078
      5948 :    #5297 0 80000088 00f6c463              ; blt     a3,a5,0x80000090
      5950 :    #5298 0 80000090 0000c21c              ; c.sw    a5,0(a2) [f00417e8]
      5951 :    #5299 0 80000092 0000b7e5              ; c.j     0x8000007a
      5952 :    #5300 0 8000007a 00000591  a1=f00401b8 ; c.addi  a1,4
      5953 :    #5301 0 8000007c 00000611  a2=f00417ec ; c.addi  a2,4
      5954 :    #5302 0 8000007e fea594e3              ; bne     a1,a0,0x80000066
      5955 :    #5303 0 80000066 00004198  a4=00000291 ; c.lw    a4,0(a1) [f00401b8]
      5956 :    #5304 0 80000068 000041dc  a5=0000004f ; c.lw    a5,128(a1) [f0040238]
      5957 :    #5305 0 8000006a 00004594  a3=000000b5 ; c.lw    a3,8(a1) [f00401c0]
      5958 :    #5306 0 8000006c 00f75c63              ; bge     a4,a5,0x80000084
      5960 :    #5307 0 80000084 fed74ae3              ; blt     a4,a3,0x80000078
      5962 :    #5308 0 80000088 00f6c463              ; blt     a3,a5,0x80000090
      5963 :    #5309 0 8000008c 0000c214              ; c.sw    a3,0(a2) [f00417ec]
      5964 :    #5310 0 8000008e 0000b7f5              ; c.j     0x8000007a
      5965 :    #5311 0 8000007a 00000591  a1=f00401bc ; c.addi  a1,4
      5966 :    #5312 0 8000007c 00000611  a2=f00417f0 ; c.addi  a2,4
      5967 :    #5313 0 8000007e fea594e3              ; bne     a1,a0,0x80000066
      5968 :    #5314 0 80000066 00004198  a4=0000004f ; c.lw    a4,0(a1) [f00401bc]
      5969 :    #5315 0 80000068 000041dc  a5=000000b5 ; c.lw    a5,128(a1) [f004023c]
      5970 :    #5316 0 8000006a 00004594  a3=000000d0 ; c.lw    a3,8(a1) [f00401c4]
      5971 :    #5317 0 8000006c 00f75c63              ; bge     a4,a5,0x80000084
      5972 :    #5318 0 80000070 02d7c063              ; blt     a5,a3,0x80000090
      5974 :    #5319 0 80000090 0000c21c              ; c.sw    a5,0(a2) [f00417f0]
      5975 :    #5320 0 80000092 0000b7e5              ; c.j     0x8000007a
      5976 :    #5321 0 8000007a 00000591  a1=f00401c0 ; c.addi  a1,4
      5977 :    #5322 0 8000007c 00000611  a2=f00417f4 ; c.addi  a2,4
      5978 :    #5323 0 8000007e fea594e3              ; bne     a1,a0,0x80000066
      5979 :    #5324 0 80000066 00004198  a4=000000b5 ; c.lw    a4,0(a1) [f00401c0]
      5980 :    #5325 0 80000068 000041dc  a5=000000d0 ; c.lw    a5,128(a1) [f0040240]
      5981 :    #5326 0 8000006a 00004594  a3=0000006f ; c.lw    a3,8(a1) [f00401c8]
      5982 :    #5327 0 8000006c 00f75c63              ; bge     a4,a5,0x80000084
      5984 :    #5328 0 80000070 02d7c063              ; blt     a5,a3,0x80000090
      5986 :    #5329 0 80000074 00e6dc63              ; bge     a3,a4,0x8000008c
      5987 :    #5330 0 80000078 0000c218              ; c.sw    a4,0(a2) [f00417f4]
      5988 :    #5331 0 8000007a 00000591  a1=f00401c4 ; c.addi  a1,4
      5989 :    #5332 0 8000007c 00000611  a2=f00417f8 ; c.addi  a2,4
      5990 :    #5333 0 8000007e fea594e3              ; bne     a1,a0,0x80000066
      5991 :    #5334 0 80000066 00004198  a4=000000d0 ; c.lw    a4,0(a1) [f00401c4]
      5992 :    #5335 0 80000068 000041dc  a5=0000006f ; c.lw    a5,128(a1) [f0040244]
      5993 :    #5336 0 8000006a 00004594  a3=000003e6 ; c.lw    a3,8(a1) [f00401cc]
      5994 :    #5337 0 8000006c 00f75c63              ; bge     a4,a5,0x80000084
      5995 :    #5338 0 80000084 fed74ae3              ; blt     a4,a3,0x80000078
      5996 :    #5339 0 80000078 0000c218              ; c.sw    a4,0(a2) [f00417f8]
      5997 :    #5340 0 8000007a 00000591  a1=f00401c8 ; c.addi  a1,4
      5998 :    #5341 0 8000007c 00000611  a2=f00417fc ; c.addi  a2,4
      5999 :    #5342 0 8000007e fea594e3              ; bne     a1,a0,0x80000066
      6000 :    #5343 0 80000066 00004198  a4=0000006f ; c.lw    a4,0(a1) [f00401c8]
      6001 :    #5344 0 80000068 000041dc  a5=000003e6 ; c.lw    a5,128(a1) [f0040248]
      6002 :    #5345 0 8000006a 00004594  a3=0000035b ; c.lw    a3,8(a1) [f00401d0]
      6003 :    #5346 0 8000006c 00f75c63              ; bge     a4,a5,0x80000084
      6004 :    #5347 0 80000070 02d7c063              ; blt     a5,a3,0x80000090
      6005 :    #5348 0 80000074 00e6dc63              ; bge     a3,a4,0x8000008c
      6006 :    #5349 0 8000008c 0000c214              ; c.sw    a3,0(a2) [f00417fc]
      6007 :    #5350 0 8000008e 0000b7f5              ; c.j     0x8000007a
      6008 :    #5351 0 8000007a 00000591  a1=f00401cc ; c.addi  a1,4
      6009 :    #5352 0 8000007c 00000611  a2=f0041800 ; c.addi  a2,4
      6010 :    #5353 0 8000007e fea594e3              ; bne     a1,a0,0x80000066
      6011 :    #5354 0 80000066 00004198  a4=000003e6 ; c.lw    a4,0(a1) [f00401cc]
      6012 :    #5355 0 80000068 000041dc  a5=0000035b ; c.lw    a5,128(a1) [f004024c]
      6013 :    #5356 0 8000006a 00004594  a3=00000275 ; c.lw    a3,8(a1) [f00401d4]
      6014 :    #5357 0 8000006c 00f75c63              ; bge     a4,a5,0x80000084
      6015 :    #5358 0 80000084 fed74ae3              ; blt     a4,a3,0x80000078
      6017 :    #5359 0 80000088 00f6c463              ; blt     a3,a5,0x80000090
      6019 :    #5360 0 80000090 0000c21c              ; c.sw    a5,0(a2) [f0041800]
      6020 :    #5361 0 80000092 0000b7e5              ; c.j     0x8000007a
      6021 :    #5362 0 8000007a 00000591  a1=f00401d0 ; c.addi  a1,4
      6022 :    #5363 0 8000007c 00000611  a2=f0041804 ; c.addi  a2,4
      6023 :    #5364 0 8000007e fea594e3              ; bne     a1,a0,0x80000066
      6024 :    #5365 0 80000066 00004198  a4=0000035b ; c.lw    a4,0(a1) [f00401d0]
      6025 :    #5366 0 80000068 000041dc  a5=00000275 ; c.lw    a5,128(a1) [f0040250]
      6026 :    #5367 0 8000006a 00004594  a3=00000041 ; c.lw    a3,8(a1) [f00401d8]
      6027 :    #5368 0 8000006c 00f75c63              ; bge     a4,a5,0x80000084
      6029 :    #5369 0 80000084 fed74ae3              ; blt     a4,a3,0x80000078
      6031 :    #5370 0 80000088 00f6c463              ; blt     a3,a5,0x80000090
      6033 :    #5371 0 80000090 0000c21c              ; c.sw    a5,0(a2) [f0041804]
      6034 :    #5372 0 80000092 0000b7e5              ; c.j     0x8000007a
      6035 :    #5373 0 8000007a 00000591  a1=f00401d4 ; c.addi  a1,4
      6036 :    #5374 0 8000007c 00000611  a2=f0041808 ; c.addi  a2,4
      6037 :    #5375 0 8000007e fea594e3              ; bne     a1,a0,0x80000066
      6038 :    #5376 0 80000066 00004198  a4=00000275 ; c.lw    a4,0(a1) [f00401d4]
      6039 :    #5377 0 80000068 000041dc  a5=00000041 ; c.lw    a5,128(a1) [f0040254]
      6040 :    #5378 0 8000006a 00004594  a3=0000034f ; c.lw    a3,8(a1) [f00401dc]
      6041 :    #5379 0 8000006c 00f75c63              ; bge     a4,a5,0x80000084
      6043 :    #5380 0 80000084 fed74ae3              ; blt     a4,a3,0x80000078
      6045 :    #5381 0 80000078 0000c218              ; c.sw    a4,0(a2) [f0041808]
      6046 :    #5382 0 8000007a 00000591  a1=f00401d8 ; c.addi  a1,4
      6047 :    #5383 0 8000007c 00000611  a2=f004180c ; c.addi  a2,4
      6048 :    #5384 0 8000007e fea594e3              ; bne     a1,a0,0x80000066
      6049 :    #5385 0 80000066 00004198  a4=00000041 ; c.lw    a4,0(a1) [f00401d8]
      6050 :    #5386 0 80000068 000041dc  a5=0000034f ; c.lw    a5,128(a1) [f0040258]
      6051 :    #5387 0 8000006a 00004594  a3=00000120 ; c.lw    a3,8(a1) [f00401e0]
      6052 :    #5388 0 8000006c 00f75c63              ; bge     a4,a5,0x80000084
      6053 :    #5389 0 80000070 02d7c063              ; blt     a5,a3,0x80000090
      6054 :    #5390 0 80000074 00e6dc63              ; bge     a3,a4,0x8000008c
      6056 :    #5391 0 8000008c 0000c214              ; c.sw    a3,0(a2) [f004180c]
      6057 :    #5392 0 8000008e 0000b7f5              ; c.j     0x8000007a
      6058 :    #5393 0 8000007a 00000591  a1=f00401dc ; c.addi  a1,4
      6059 :    #5394 0 8000007c 00000611  a2=f0041810 ; c.addi  a2,4
      6060 :    #5395 0 8000007e fea594e3              ; bne     a1,a0,0x80000066
      6061 :    #5396 0 80000066 00004198  a4=0000034f ; c.lw    a4,0(a1) [f00401dc]
      6062 :    #5397 0 80000068 000041dc  a5=00000120 ; c.lw    a5,128(a1) [f004025c]
      6063 :    #5398 0 8000006a 00004594  a3=000002c0 ; c.lw    a3,8(a1) [f00401e4]
      6064 :    #5399 0 8000006c 00f75c63              ; bge     a4,a5,0x80000084
      6065 :    #5400 0 80000084 fed74ae3              ; blt     a4,a3,0x80000078
      6066 :    #5401 0 80000088 00f6c463              ; blt     a3,a5,0x80000090
      6067 :    #5402 0 8000008c 0000c214              ; c.sw    a3,0(a2) [f0041810]
      6068 :    #5403 0 8000008e 0000b7f5              ; c.j     0x8000007a
      6069 :    #5404 0 8000007a 00000591  a1=f00401e0 ; c.addi  a1,4
      6070 :    #5405 0 8000007c 00000611  a2=f0041814 ; c.addi  a2,4
      6071 :    #5406 0 8000007e fea594e3              ; bne     a1,a0,0x80000066
      6073 :    #5407 0 80000066 00004198  a4=00000120 ; c.lw    a4,0(a1) [f00401e0]
      6074 :    #5408 0 80000068 000041dc  a5=000002c0 ; c.lw    a5,128(a1) [f0040260]
      6075 :    #5409 0 8000006a 00004594  a3=0000015d ; c.lw    a3,8(a1) [f00401e8]
      6076 :    #5410 0 8000006c 00f75c63              ; bge     a4,a5,0x80000084
      6078 :    #5411 0 80000070 02d7c063              ; blt     a5,a3,0x80000090
      6079 :    #5412 0 80000074 00e6dc63              ; bge     a3,a4,0x8000008c
      6080 :    #5413 0 8000008c 0000c214              ; c.sw    a3,0(a2) [f0041814]
      6081 :    #5414 0 8000008e 0000b7f5              ; c.j     0x8000007a
      6082 :    #5415 0 8000007a 00000591  a1=f00401e4 ; c.addi  a1,4
      6083 :    #5416 0 8000007c 00000611  a2=f0041818 ; c.addi  a2,4
      6084 :    #5417 0 8000007e fea594e3              ; bne     a1,a0,0x80000066
      6085 :    #5418 0 80000066 00004198  a4=000002c0 ; c.lw    a4,0(a1) [f00401e4]
      6086 :    #5419 0 80000068 000041dc  a5=0000015d ; c.lw    a5,128(a1) [f0040264]
      6087 :    #5420 0 8000006a 00004594  a3=000003e5 ; c.lw    a3,8(a1) [f00401ec]
      6088 :    #5421 0 8000006c 00f75c63              ; bge     a4,a5,0x80000084
      6090 :    #5422 0 80000084 fed74ae3              ; blt     a4,a3,0x80000078
      6091 :    #5423 0 80000078 0000c218              ; c.sw    a4,0(a2) [f0041818]
      6092 :    #5424 0 8000007a 00000591  a1=f00401e8 ; c.addi  a1,4
      6093 :    #5425 0 8000007c 00000611  a2=f004181c ; c.addi  a2,4
      6094 :    #5426 0 8000007e fea594e3              ; bne     a1,a0,0x80000066
      6095 :    #5427 0 80000066 00004198  a4=0000015d ; c.lw    a4,0(a1) [f00401e8]
      6096 :    #5428 0 80000068 000041dc  a5=000003e5 ; c.lw    a5,128(a1) [f0040268]
      6097 :    #5429 0 8000006a 00004594  a3=0000008d ; c.lw    a3,8(a1) [f00401f0]
      6098 :    #5430 0 8000006c 00f75c63              ; bge     a4,a5,0x80000084
      6099 :    #5431 0 80000070 02d7c063              ; blt     a5,a3,0x80000090
      6100 :    #5432 0 80000074 00e6dc63              ; bge     a3,a4,0x8000008c
      6101 :    #5433 0 80000078 0000c218              ; c.sw    a4,0(a2) [f004181c]
      6102 :    #5434 0 8000007a 00000591  a1=f00401ec ; c.addi  a1,4
      6103 :    #5435 0 8000007c 00000611  a2=f0041820 ; c.addi  a2,4
      6104 :    #5436 0 8000007e fea594e3              ; bne     a1,a0,0x80000066
      6105 :    #5437 0 80000066 00004198  a4=000003e5 ; c.lw    a4,0(a1) [f00401ec]
      6106 :    #5438 0 80000068 000041dc  a5=0000008d ; c.lw    a5,128(a1) [f004026c]
      6107 :    #5439 0 8000006a 00004594  a3=000000fd ; c.lw    a3,8(a1) [f00401f4]
      6108 :    #5440 0 8000006c 00f75c63              ; bge     a4,a5,0x80000084
      6109 :    #5441 0 80000084 fed74ae3              ; blt     a4,a3,0x80000078
      6110 :    #5442 0 80000088 00f6c463              ; blt     a3,a5,0x80000090
      6112 :    #5443 0 8000008c 0000c214              ; c.sw    a3,0(a2) [f0041820]
      6113 :    #5444 0 8000008e 0000b7f5              ; c.j     0x8000007a
      6114 :    #5445 0 8000007a 00000591  a1=f00401f0 ; c.addi  a1,4
      6115 :    #5446 0 8000007c 00000611  a2=f0041824 ; c.addi  a2,4
      6116 :    #5447 0 8000007e fea594e3              ; bne     a1,a0,0x80000066
      6117 :    #5448 0 80000066 00004198  a4=0000008d ; c.lw    a4,0(a1) [f00401f0]
      6118 :    #5449 0 80000068 000041dc  a5=000000fd ; c.lw    a5,128(a1) [f0040270]
      6119 :    #5450 0 8000006a 00004594  a3=00000389 ; c.lw    a3,8(a1) [f00401f8]
      6120 :    #5451 0 8000006c 00f75c63              ; bge     a4,a5,0x80000084
      6121 :    #5452 0 80000070 02d7c063              ; blt     a5,a3,0x80000090
      6122 :    #5453 0 80000090 0000c21c              ; c.sw    a5,0(a2) [f0041824]
      6123 :    #5454 0 80000092 0000b7e5              ; c.j     0x8000007a
      6124 :    #5455 0 8000007a 00000591  a1=f00401f4 ; c.addi  a1,4
      6125 :    #5456 0 8000007c 00000611  a2=f0041828 ; c.addi  a2,4
      6126 :    #5457 0 8000007e fea594e3              ; bne     a1,a0,0x80000066
      6127 :    #5458 0 80000066 00004198  a4=000000fd ; c.lw    a4,0(a1) [f00401f4]
      6128 :    #5459 0 80000068 000041dc  a5=00000389 ; c.lw    a5,128(a1) [f0040274]
      6129 :    #5460 0 8000006a 00004594  a3=000002cb ; c.lw    a3,8(a1) [f00401fc]
      6130 :    #5461 0 8000006c 00f75c63              ; bge     a4,a5,0x80000084
      6131 :    #5462 0 80000070 02d7c063              ; blt     a5,a3,0x80000090
      6132 :    #5463 0 80000074 00e6dc63              ; bge     a3,a4,0x8000008c
      6134 :    #5464 0 8000008c 0000c214              ; c.sw    a3,0(a2) [f0041828]
      6135 :    #5465 0 8000008e 0000b7f5              ; c.j     0x8000007a
      6136 :    #5466 0 8000007a 00000591  a1=f00401f8 ; c.addi  a1,4
      6137 :    #5467 0 8000007c 00000611  a2=f004182c ; c.addi  a2,4
      6138 :    #5468 0 8000007e fea594e3              ; bne     a1,a0,0x80000066
      6139 :    #5469 0 80000066 00004198  a4=00000389 ; c.lw    a4,0(a1) [f00401f8]
      6140 :    #5470 0 80000068 000041dc  a5=000002cb ; c.lw    a5,128(a1) [f0040278]
      6141 :    #5471 0 8000006a 00004594  a3=00000376 ; c.lw    a3,8(a1) [f0040200]
      6142 :    #5472 0 8000006c 00f75c63              ; bge     a4,a5,0x80000084
      6143 :    #5473 0 80000084 fed74ae3              ; blt     a4,a3,0x80000078
      6144 :    #5474 0 80000088 00f6c463              ; blt     a3,a5,0x80000090
      6145 :    #5475 0 8000008c 0000c214              ; c.sw    a3,0(a2) [f004182c]
      6146 :    #5476 0 8000008e 0000b7f5              ; c.j     0x8000007a
      6147 :    #5477 0 8000007a 00000591  a1=f00401fc ; c.addi  a1,4
      6148 :    #5478 0 8000007c 00000611  a2=f0041830 ; c.addi  a2,4
      6149 :    #5479 0 8000007e fea594e3              ; bne     a1,a0,0x80000066
      6150 :    #5480 0 80000066 00004198  a4=000002cb ; c.lw    a4,0(a1) [f00401fc]
      6151 :    #5481 0 80000068 000041dc  a5=00000376 ; c.lw    a5,128(a1) [f004027c]
      6152 :    #5482 0 8000006a 00004594  a3=000001ae ; c.lw    a3,8(a1) [f0040204]
      6153 :    #5483 0 8000006c 00f75c63              ; bge     a4,a5,0x80000084
      6155 :    #5484 0 80000070 02d7c063              ; blt     a5,a3,0x80000090
      6156 :    #5485 0 80000074 00e6dc63              ; bge     a3,a4,0x8000008c
      6158 :    #5486 0 80000078 0000c218              ; c.sw    a4,0(a2) [f0041830]
      6159 :    #5487 0 8000007a 00000591  a1=f0040200 ; c.addi  a1,4
      6160 :    #5488 0 8000007c 00000611  a2=f0041834 ; c.addi  a2,4
      6161 :    #5489 0 8000007e fea594e3              ; bne     a1,a0,0x80000066
      6162 :    #5490 0 80000066 00004198  a4=00000376 ; c.lw    a4,0(a1) [f0040200]
      6163 :    #5491 0 80000068 000041dc  a5=000001ae ; c.lw    a5,128(a1) [f0040280]
      6164 :    #5492 0 8000006a 00004594  a3=00000108 ; c.lw    a3,8(a1) [f0040208]
      6165 :    #5493 0 8000006c 00f75c63              ; bge     a4,a5,0x80000084
      6166 :    #5494 0 80000084 fed74ae3              ; blt     a4,a3,0x80000078
      6167 :    #5495 0 80000088 00f6c463              ; blt     a3,a5,0x80000090
      6169 :    #5496 0 80000090 0000c21c              ; c.sw    a5,0(a2) [f0041834]
      6170 :    #5497 0 80000092 0000b7e5              ; c.j     0x8000007a
      6171 :    #5498 0 8000007a 00000591  a1=f0040204 ; c.addi  a1,4
      6172 :    #5499 0 8000007c 00000611  a2=f0041838 ; c.addi  a2,4
      6173 :    #5500 0 8000007e fea594e3              ; bne     a1,a0,0x80000066
      6174 :    #5501 0 80000066 00004198  a4=000001ae ; c.lw    a4,0(a1) [f0040204]
      6175 :    #5502 0 80000068 000041dc  a5=00000108 ; c.lw    a5,128(a1) [f0040284]
      6176 :    #5503 0 8000006a 00004594  a3=0000019f ; c.lw    a3,8(a1) [f004020c]
      6177 :    #5504 0 8000006c 00f75c63              ; bge     a4,a5,0x80000084
      6178 :    #5505 0 80000084 fed74ae3              ; blt     a4,a3,0x80000078
      6179 :    #5506 0 80000088 00f6c463              ; blt     a3,a5,0x80000090
      6180 :    #5507 0 8000008c 0000c214              ; c.sw    a3,0(a2) [f0041838]
      6181 :    #5508 0 8000008e 0000b7f5              ; c.j     0x8000007a
      6182 :    #5509 0 8000007a 00000591  a1=f0040208 ; c.addi  a1,4
      6183 :    #5510 0 8000007c 00000611  a2=f004183c ; c.addi  a2,4
      6184 :    #5511 0 8000007e fea594e3              ; bne     a1,a0,0x80000066
      6185 :    #5512 0 80000066 00004198  a4=00000108 ; c.lw    a4,0(a1) [f0040208]
      6186 :    #5513 0 80000068 000041dc  a5=0000019f ; c.lw    a5,128(a1) [f0040288]
      6187 :    #5514 0 8000006a 00004594  a3=00000240 ; c.lw    a3,8(a1) [f0040210]
      6188 :    #5515 0 8000006c 00f75c63              ; bge     a4,a5,0x80000084
      6190 :    #5516 0 80000070 02d7c063              ; blt     a5,a3,0x80000090
      6192 :    #5517 0 80000090 0000c21c              ; c.sw    a5,0(a2) [f004183c]
      6193 :    #5518 0 80000092 0000b7e5              ; c.j     0x8000007a
      6194 :    #5519 0 8000007a 00000591  a1=f004020c ; c.addi  a1,4
      6195 :    #5520 0 8000007c 00000611  a2=f0041840 ; c.addi  a2,4
      6196 :    #5521 0 8000007e fea594e3              ; bne     a1,a0,0x80000066
      6197 :    #5522 0 80000066 00004198  a4=0000019f ; c.lw    a4,0(a1) [f004020c]
      6198 :    #5523 0 80000068 000041dc  a5=00000240 ; c.lw    a5,128(a1) [f004028c]
      6199 :    #5524 0 8000006a 00004594  a3=0000021a ; c.lw    a3,8(a1) [f0040214]
      6200 :    #5525 0 8000006c 00f75c63              ; bge     a4,a5,0x80000084
      6202 :    #5526 0 80000070 02d7c063              ; blt     a5,a3,0x80000090
      6204 :    #5527 0 80000074 00e6dc63              ; bge     a3,a4,0x8000008c
      6206 :    #5528 0 8000008c 0000c214              ; c.sw    a3,0(a2) [f0041840]
      6207 :    #5529 0 8000008e 0000b7f5              ; c.j     0x8000007a
      6208 :    #5530 0 8000007a 00000591  a1=f0040210 ; c.addi  a1,4
      6209 :    #5531 0 8000007c 00000611  a2=f0041844 ; c.addi  a2,4
      6210 :    #5532 0 8000007e fea594e3              ; bne     a1,a0,0x80000066
      6211 :    #5533 0 80000066 00004198  a4=00000240 ; c.lw    a4,0(a1) [f0040210]
      6212 :    #5534 0 80000068 000041dc  a5=0000021a ; c.lw    a5,128(a1) [f0040290]
      6213 :    #5535 0 8000006a 00004594  a3=000003d3 ; c.lw    a3,8(a1) [f0040218]
      6214 :    #5536 0 8000006c 00f75c63              ; bge     a4,a5,0x80000084
      6215 :    #5537 0 80000084 fed74ae3              ; blt     a4,a3,0x80000078
      6217 :    #5538 0 80000078 0000c218              ; c.sw    a4,0(a2) [f0041844]
      6218 :    #5539 0 8000007a 00000591  a1=f0040214 ; c.addi  a1,4
      6219 :    #5540 0 8000007c 00000611  a2=f0041848 ; c.addi  a2,4
      6220 :    #5541 0 8000007e fea594e3              ; bne     a1,a0,0x80000066
      6221 :    #5542 0 80000066 00004198  a4=0000021a ; c.lw    a4,0(a1) [f0040214]
      6222 :    #5543 0 80000068 000041dc  a5=000003d3 ; c.lw    a5,128(a1) [f0040294]
      6223 :    #5544 0 8000006a 00004594  a3=000002bc ; c.lw    a3,8(a1) [f004021c]
      6224 :    #5545 0 8000006c 00f75c63              ; bge     a4,a5,0x80000084
      6225 :    #5546 0 80000070 02d7c063              ; blt     a5,a3,0x80000090
      6226 :    #5547 0 80000074 00e6dc63              ; bge     a3,a4,0x8000008c
      6228 :    #5548 0 8000008c 0000c214              ; c.sw    a3,0(a2) [f0041848]
      6229 :    #5549 0 8000008e 0000b7f5              ; c.j     0x8000007a
      6230 :    #5550 0 8000007a 00000591  a1=f0040218 ; c.addi  a1,4
      6231 :    #5551 0 8000007c 00000611  a2=f004184c ; c.addi  a2,4
      6232 :    #5552 0 8000007e fea594e3              ; bne     a1,a0,0x80000066
      6233 :    #5553 0 80000066 00004198  a4=000003d3 ; c.lw    a4,0(a1) [f0040218]
      6234 :    #5554 0 80000068 000041dc  a5=000002bc ; c.lw    a5,128(a1) [f0040298]
      6235 :    #5555 0 8000006a 00004594  a3=000002f9 ; c.lw    a3,8(a1) [f0040220]
      6236 :    #5556 0 8000006c 00f75c63              ; bge     a4,a5,0x80000084
      6237 :    #5557 0 80000084 fed74ae3              ; blt     a4,a3,0x80000078
      6238 :    #5558 0 80000088 00f6c463              ; blt     a3,a5,0x80000090
      6239 :    #5559 0 8000008c 0000c214              ; c.sw    a3,0(a2) [f004184c]
      6240 :    #5560 0 8000008e 0000b7f5              ; c.j     0x8000007a
      6241 :    #5561 0 8000007a 00000591  a1=f004021c ; c.addi  a1,4
      6242 :    #5562 0 8000007c 00000611  a2=f0041850 ; c.addi  a2,4
      6243 :    #5563 0 8000007e fea594e3              ; bne     a1,a0,0x80000066
      6244 :    #5564 0 80000066 00004198  a4=000002bc ; c.lw    a4,0(a1) [f004021c]
      6245 :    #5565 0 80000068 000041dc  a5=000002f9 ; c.lw    a5,128(a1) [f004029c]
      6246 :    #5566 0 8000006a 00004594  a3=00000004 ; c.lw    a3,8(a1) [f0040224]
      6247 :    #5567 0 8000006c 00f75c63              ; bge     a4,a5,0x80000084
      6248 :    #5568 0 80000070 02d7c063              ; blt     a5,a3,0x80000090
      6250 :    #5569 0 80000074 00e6dc63              ; bge     a3,a4,0x8000008c
      6251 :    #5570 0 80000078 0000c218              ; c.sw    a4,0(a2) [f0041850]
      6252 :    #5571 0 8000007a 00000591  a1=f0040220 ; c.addi  a1,4
      6253 :    #5572 0 8000007c 00000611  a2=f0041854 ; c.addi  a2,4
      6254 :    #5573 0 8000007e fea594e3              ; bne     a1,a0,0x80000066
      6255 :    #5574 0 80000066 00004198  a4=000002f9 ; c.lw    a4,0(a1) [f0040220]
      6256 :    #5575 0 80000068 000041dc  a5=00000004 ; c.lw    a5,128(a1) [f00402a0]
      6257 :    #5576 0 8000006a 00004594  a3=000000f1 ; c.lw    a3,8(a1) [f0040228]
      6258 :    #5577 0 8000006c 00f75c63              ; bge     a4,a5,0x80000084
      6260 :    #5578 0 80000084 fed74ae3              ; blt     a4,a3,0x80000078
      6262 :    #5579 0 80000088 00f6c463              ; blt     a3,a5,0x80000090
      6263 :    #5580 0 8000008c 0000c214              ; c.sw    a3,0(a2) [f0041854]
      6264 :    #5581 0 8000008e 0000b7f5              ; c.j     0x8000007a
      6265 :    #5582 0 8000007a 00000591  a1=f0040224 ; c.addi  a1,4
      6266 :    #5583 0 8000007c 00000611  a2=f0041858 ; c.addi  a2,4
      6267 :    #5584 0 8000007e fea594e3              ; bne     a1,a0,0x80000066
      6268 :    #5585 0 80000066 00004198  a4=00000004 ; c.lw    a4,0(a1) [f0040224]
      6269 :    #5586 0 80000068 000041dc  a5=000000f1 ; c.lw    a5,128(a1) [f00402a4]
      6270 :    #5587 0 8000006a 00004594  a3=000001ee ; c.lw    a3,8(a1) [f004022c]
      6271 :    #5588 0 8000006c 00f75c63              ; bge     a4,a5,0x80000084
      6273 :    #5589 0 80000070 02d7c063              ; blt     a5,a3,0x80000090
      6274 :    #5590 0 80000090 0000c21c              ; c.sw    a5,0(a2) [f0041858]
      6275 :    #5591 0 80000092 0000b7e5              ; c.j     0x8000007a
      6276 :    #5592 0 8000007a 00000591  a1=f0040228 ; c.addi  a1,4
      6277 :    #5593 0 8000007c 00000611  a2=f004185c ; c.addi  a2,4
      6278 :    #5594 0 8000007e fea594e3              ; bne     a1,a0,0x80000066
      6279 :    #5595 0 80000066 00004198  a4=000000f1 ; c.lw    a4,0(a1) [f0040228]
      6280 :    #5596 0 80000068 000041dc  a5=000001ee ; c.lw    a5,128(a1) [f00402a8]
      6281 :    #5597 0 8000006a 00004594  a3=000001de ; c.lw    a3,8(a1) [f0040230]
      6282 :    #5598 0 8000006c 00f75c63              ; bge     a4,a5,0x80000084
      6283 :    #5599 0 80000070 02d7c063              ; blt     a5,a3,0x80000090
      6285 :    #5600 0 80000074 00e6dc63              ; bge     a3,a4,0x8000008c
      6286 :    #5601 0 8000008c 0000c214              ; c.sw    a3,0(a2) [f004185c]
      6287 :    #5602 0 8000008e 0000b7f5              ; c.j     0x8000007a
      6288 :    #5603 0 8000007a 00000591  a1=f004022c ; c.addi  a1,4
      6289 :    #5604 0 8000007c 00000611  a2=f0041860 ; c.addi  a2,4
      6290 :    #5605 0 8000007e fea594e3              ; bne     a1,a0,0x80000066
      6291 :    #5606 0 80000066 00004198  a4=000001ee ; c.lw    a4,0(a1) [f004022c]
      6292 :    #5607 0 80000068 000041dc  a5=000001de ; c.lw    a5,128(a1) [f00402ac]
      6293 :    #5608 0 8000006a 00004594  a3=00000064 ; c.lw    a3,8(a1) [f0040234]
      6294 :    #5609 0 8000006c 00f75c63              ; bge     a4,a5,0x80000084
      6295 :    #5610 0 80000084 fed74ae3              ; blt     a4,a3,0x80000078
      6296 :    #5611 0 80000088 00f6c463              ; blt     a3,a5,0x80000090
      6298 :    #5612 0 80000090 0000c21c              ; c.sw    a5,0(a2) [f0041860]
      6299 :    #5613 0 80000092 0000b7e5              ; c.j     0x8000007a
      6300 :    #5614 0 8000007a 00000591  a1=f0040230 ; c.addi  a1,4
      6301 :    #5615 0 8000007c 00000611  a2=f0041864 ; c.addi  a2,4
      6302 :    #5616 0 8000007e fea594e3              ; bne     a1,a0,0x80000066
      6303 :    #5617 0 80000066 00004198  a4=000001de ; c.lw    a4,0(a1) [f0040230]
      6304 :    #5618 0 80000068 000041dc  a5=00000064 ; c.lw    a5,128(a1) [f00402b0]
      6305 :    #5619 0 8000006a 00004594  a3=000001f3 ; c.lw    a3,8(a1) [f0040238]
      6306 :    #5620 0 8000006c 00f75c63              ; bge     a4,a5,0x80000084
      6307 :    #5621 0 80000084 fed74ae3              ; blt     a4,a3,0x80000078
      6308 :    #5622 0 80000078 0000c218              ; c.sw    a4,0(a2) [f0041864]
      6309 :    #5623 0 8000007a 00000591  a1=f0040234 ; c.addi  a1,4
      6310 :    #5624 0 8000007c 00000611  a2=f0041868 ; c.addi  a2,4
      6311 :    #5625 0 8000007e fea594e3              ; bne     a1,a0,0x80000066
      6312 :    #5626 0 80000066 00004198  a4=00000064 ; c.lw    a4,0(a1) [f0040234]
      6313 :    #5627 0 80000068 000041dc  a5=000001f3 ; c.lw    a5,128(a1) [f00402b4]
      6314 :    #5628 0 8000006a 00004594  a3=00000360 ; c.lw    a3,8(a1) [f004023c]
      6315 :    #5629 0 8000006c 00f75c63              ; bge     a4,a5,0x80000084
      6316 :    #5630 0 80000070 02d7c063              ; blt     a5,a3,0x80000090
      6318 :    #5631 0 80000090 0000c21c              ; c.sw    a5,0(a2) [f0041868]
      6319 :    #5632 0 80000092 0000b7e5              ; c.j     0x8000007a
      6320 :    #5633 0 8000007a 00000591  a1=f0040238 ; c.addi  a1,4
      6321 :    #5634 0 8000007c 00000611  a2=f004186c ; c.addi  a2,4
      6322 :    #5635 0 8000007e fea594e3              ; bne     a1,a0,0x80000066
      6323 :    #5636 0 80000066 00004198  a4=000001f3 ; c.lw    a4,0(a1) [f0040238]
      6324 :    #5637 0 80000068 000041dc  a5=00000360 ; c.lw    a5,128(a1) [f00402b8]
      6325 :    #5638 0 8000006a 00004594  a3=00000193 ; c.lw    a3,8(a1) [f0040240]
      6326 :    #5639 0 8000006c 00f75c63              ; bge     a4,a5,0x80000084
      6328 :    #5640 0 80000070 02d7c063              ; blt     a5,a3,0x80000090
      6330 :    #5641 0 80000074 00e6dc63              ; bge     a3,a4,0x8000008c
      6331 :    #5642 0 80000078 0000c218              ; c.sw    a4,0(a2) [f004186c]
      6332 :    #5643 0 8000007a 00000591  a1=f004023c ; c.addi  a1,4
      6333 :    #5644 0 8000007c 00000611  a2=f0041870 ; c.addi  a2,4
      6334 :    #5645 0 8000007e fea594e3              ; bne     a1,a0,0x80000066
      6335 :    #5646 0 80000066 00004198  a4=00000360 ; c.lw    a4,0(a1) [f004023c]
      6336 :    #5647 0 80000068 000041dc  a5=00000193 ; c.lw    a5,128(a1) [f00402bc]
      6337 :    #5648 0 8000006a 00004594  a3=000002b5 ; c.lw    a3,8(a1) [f0040244]
      6338 :    #5649 0 8000006c 00f75c63              ; bge     a4,a5,0x80000084
      6339 :    #5650 0 80000084 fed74ae3              ; blt     a4,a3,0x80000078
      6341 :    #5651 0 80000088 00f6c463              ; blt     a3,a5,0x80000090
      6343 :    #5652 0 8000008c 0000c214              ; c.sw    a3,0(a2) [f0041870]
      6344 :    #5653 0 8000008e 0000b7f5              ; c.j     0x8000007a
      6345 :    #5654 0 8000007a 00000591  a1=f0040240 ; c.addi  a1,4
      6346 :    #5655 0 8000007c 00000611  a2=f0041874 ; c.addi  a2,4
      6347 :    #5656 0 8000007e fea594e3              ; bne     a1,a0,0x80000066
      6348 :    #5657 0 80000066 00004198  a4=00000193 ; c.lw    a4,0(a1) [f0040240]
      6349 :    #5658 0 80000068 000041dc  a5=000002b5 ; c.lw    a5,128(a1) [f00402c0]
      6350 :    #5659 0 8000006a 00004594  a3=000000de ; c.lw    a3,8(a1) [f0040248]
      6351 :    #5660 0 8000006c 00f75c63              ; bge     a4,a5,0x80000084
      6352 :    #5661 0 80000070 02d7c063              ; blt     a5,a3,0x80000090
      6353 :    #5662 0 80000074 00e6dc63              ; bge     a3,a4,0x8000008c
      6355 :    #5663 0 80000078 0000c218              ; c.sw    a4,0(a2) [f0041874]
      6356 :    #5664 0 8000007a 00000591  a1=f0040244 ; c.addi  a1,4
      6357 :    #5665 0 8000007c 00000611  a2=f0041878 ; c.addi  a2,4
      6358 :    #5666 0 8000007e fea594e3              ; bne     a1,a0,0x80000066
      6359 :    #5667 0 80000066 00004198  a4=000002b5 ; c.lw    a4,0(a1) [f0040244]
      6360 :    #5668 0 80000068 000041dc  a5=000000de ; c.lw    a5,128(a1) [f00402c4]
      6361 :    #5669 0 8000006a 00004594  a3=000001a0 ; c.lw    a3,8(a1) [f004024c]
      6362 :    #5670 0 8000006c 00f75c63              ; bge     a4,a5,0x80000084
      6363 :    #5671 0 80000084 fed74ae3              ; blt     a4,a3,0x80000078
      6364 :    #5672 0 80000088 00f6c463              ; blt     a3,a5,0x80000090
      6366 :    #5673 0 8000008c 0000c214              ; c.sw    a3,0(a2) [f0041878]
      6367 :    #5674 0 8000008e 0000b7f5              ; c.j     0x8000007a
      6368 :    #5675 0 8000007a 00000591  a1=f0040248 ; c.addi  a1,4
      6369 :    #5676 0 8000007c 00000611  a2=f004187c ; c.addi  a2,4
      6370 :    #5677 0 8000007e fea594e3              ; bne     a1,a0,0x80000066
      6371 :    #5678 0 80000066 00004198  a4=000000de ; c.lw    a4,0(a1) [f0040248]
      6372 :    #5679 0 80000068 000041dc  a5=000001a0 ; c.lw    a5,128(a1) [f00402c8]
      6373 :    #5680 0 8000006a 00004594  a3=000001bc ; c.lw    a3,8(a1) [f0040250]
      6374 :    #5681 0 8000006c 00f75c63              ; bge     a4,a5,0x80000084
      6375 :    #5682 0 80000070 02d7c063              ; blt     a5,a3,0x80000090
      6377 :    #5683 0 80000090 0000c21c              ; c.sw    a5,0(a2) [f004187c]
      6378 :    #5684 0 80000092 0000b7e5              ; c.j     0x8000007a
      6379 :    #5685 0 8000007a 00000591  a1=f004024c ; c.addi  a1,4
      6380 :    #5686 0 8000007c 00000611  a2=f0041880 ; c.addi  a2,4
      6381 :    #5687 0 8000007e fea594e3              ; bne     a1,a0,0x80000066
      6382 :    #5688 0 80000066 00004198  a4=000001a0 ; c.lw    a4,0(a1) [f004024c]
      6383 :    #5689 0 80000068 000041dc  a5=000001bc ; c.lw    a5,128(a1) [f00402cc]
      6384 :    #5690 0 8000006a 00004594  a3=00000128 ; c.lw    a3,8(a1) [f0040254]
      6385 :    #5691 0 8000006c 00f75c63              ; bge     a4,a5,0x80000084
      6387 :    #5692 0 80000070 02d7c063              ; blt     a5,a3,0x80000090
      6389 :    #5693 0 80000074 00e6dc63              ; bge     a3,a4,0x8000008c
      6390 :    #5694 0 80000078 0000c218              ; c.sw    a4,0(a2) [f0041880]
      6391 :    #5695 0 8000007a 00000591  a1=f0040250 ; c.addi  a1,4
      6392 :    #5696 0 8000007c 00000611  a2=f0041884 ; c.addi  a2,4
      6393 :    #5697 0 8000007e fea594e3              ; bne     a1,a0,0x80000066
      6394 :    #5698 0 80000066 00004198  a4=000001bc ; c.lw    a4,0(a1) [f0040250]
      6395 :    #5699 0 80000068 000041dc  a5=00000128 ; c.lw    a5,128(a1) [f00402d0]
      6396 :    #5700 0 8000006a 00004594  a3=000002d1 ; c.lw    a3,8(a1) [f0040258]
      6397 :    #5701 0 8000006c 00f75c63              ; bge     a4,a5,0x80000084
      6398 :    #5702 0 80000084 fed74ae3              ; blt     a4,a3,0x80000078
      6399 :    #5703 0 80000078 0000c218              ; c.sw    a4,0(a2) [f0041884]
      6400 :    #5704 0 8000007a 00000591  a1=f0040254 ; c.addi  a1,4
      6401 :    #5705 0 8000007c 00000611  a2=f0041888 ; c.addi  a2,4
      6402 :    #5706 0 8000007e fea594e3              ; bne     a1,a0,0x80000066
      6403 :    #5707 0 80000066 00004198  a4=00000128 ; c.lw    a4,0(a1) [f0040254]
      6404 :    #5708 0 80000068 000041dc  a5=000002d1 ; c.lw    a5,128(a1) [f00402d4]
      6405 :    #5709 0 8000006a 00004594  a3=0000011d ; c.lw    a3,8(a1) [f004025c]
      6406 :    #5710 0 8000006c 00f75c63              ; bge     a4,a5,0x80000084
      6407 :    #5711 0 80000070 02d7c063              ; blt     a5,a3,0x80000090
      6408 :    #5712 0 80000074 00e6dc63              ; bge     a3,a4,0x8000008c
      6410 :    #5713 0 80000078 0000c218              ; c.sw    a4,0(a2) [f0041888]
      6411 :    #5714 0 8000007a 00000591  a1=f0040258 ; c.addi  a1,4
      6412 :    #5715 0 8000007c 00000611  a2=f004188c ; c.addi  a2,4
      6413 :    #5716 0 8000007e fea594e3              ; bne     a1,a0,0x80000066
      6414 :    #5717 0 80000066 00004198  a4=000002d1 ; c.lw    a4,0(a1) [f0040258]
      6415 :    #5718 0 80000068 000041dc  a5=0000011d ; c.lw    a5,128(a1) [f00402d8]
      6416 :    #5719 0 8000006a 00004594  a3=000002a4 ; c.lw    a3,8(a1) [f0040260]
      6417 :    #5720 0 8000006c 00f75c63              ; bge     a4,a5,0x80000084
      6418 :    #5721 0 80000084 fed74ae3              ; blt     a4,a3,0x80000078
      6419 :    #5722 0 80000088 00f6c463              ; blt     a3,a5,0x80000090
      6420 :    #5723 0 8000008c 0000c214              ; c.sw    a3,0(a2) [f004188c]
      6421 :    #5724 0 8000008e 0000b7f5              ; c.j     0x8000007a
      6422 :    #5725 0 8000007a 00000591  a1=f004025c ; c.addi  a1,4
      6423 :    #5726 0 8000007c 00000611  a2=f0041890 ; c.addi  a2,4
      6424 :    #5727 0 8000007e fea594e3              ; bne     a1,a0,0x80000066
      6425 :    #5728 0 80000066 00004198  a4=0000011d ; c.lw    a4,0(a1) [f004025c]
      6426 :    #5729 0 80000068 000041dc  a5=000002a4 ; c.lw    a5,128(a1) [f00402dc]
      6427 :    #5730 0 8000006a 00004594  a3=0000026c ; c.lw    a3,8(a1) [f0040264]
      6428 :    #5731 0 8000006c 00f75c63              ; bge     a4,a5,0x80000084
      6429 :    #5732 0 80000070 02d7c063              ; blt     a5,a3,0x80000090
      6431 :    #5733 0 80000074 00e6dc63              ; bge     a3,a4,0x8000008c
      6433 :    #5734 0 8000008c 0000c214              ; c.sw    a3,0(a2) [f0041890]
      6434 :    #5735 0 8000008e 0000b7f5              ; c.j     0x8000007a
      6435 :    #5736 0 8000007a 00000591  a1=f0040260 ; c.addi  a1,4
      6436 :    #5737 0 8000007c 00000611  a2=f0041894 ; c.addi  a2,4
      6437 :    #5738 0 8000007e fea594e3              ; bne     a1,a0,0x80000066
      6438 :    #5739 0 80000066 00004198  a4=000002a4 ; c.lw    a4,0(a1) [f0040260]
      6439 :    #5740 0 80000068 000041dc  a5=0000026c ; c.lw    a5,128(a1) [f00402e0]
      6440 :    #5741 0 8000006a 00004594  a3=0000013d ; c.lw    a3,8(a1) [f0040268]
      6441 :    #5742 0 8000006c 00f75c63              ; bge     a4,a5,0x80000084
      6443 :    #5743 0 80000084 fed74ae3              ; blt     a4,a3,0x80000078
      6444 :    #5744 0 80000088 00f6c463              ; blt     a3,a5,0x80000090
      6446 :    #5745 0 80000090 0000c21c              ; c.sw    a5,0(a2) [f0041894]
      6447 :    #5746 0 80000092 0000b7e5              ; c.j     0x8000007a
      6448 :    #5747 0 8000007a 00000591  a1=f0040264 ; c.addi  a1,4
      6449 :    #5748 0 8000007c 00000611  a2=f0041898 ; c.addi  a2,4
      6450 :    #5749 0 8000007e fea594e3              ; bne     a1,a0,0x80000066
      6451 :    #5750 0 80000066 00004198  a4=0000026c ; c.lw    a4,0(a1) [f0040264]
      6452 :    #5751 0 80000068 000041dc  a5=0000013d ; c.lw    a5,128(a1) [f00402e4]
      6453 :    #5752 0 8000006a 00004594  a3=0000004e ; c.lw    a3,8(a1) [f004026c]
      6454 :    #5753 0 8000006c 00f75c63              ; bge     a4,a5,0x80000084
      6455 :    #5754 0 80000084 fed74ae3              ; blt     a4,a3,0x80000078
      6457 :    #5755 0 80000088 00f6c463              ; blt     a3,a5,0x80000090
      6458 :    #5756 0 80000090 0000c21c              ; c.sw    a5,0(a2) [f0041898]
      6459 :    #5757 0 80000092 0000b7e5              ; c.j     0x8000007a
      6460 :    #5758 0 8000007a 00000591  a1=f0040268 ; c.addi  a1,4
      6461 :    #5759 0 8000007c 00000611  a2=f004189c ; c.addi  a2,4
      6462 :    #5760 0 8000007e fea594e3              ; bne     a1,a0,0x80000066
      6463 :    #5761 0 80000066 00004198  a4=0000013d ; c.lw    a4,0(a1) [f0040268]
      6464 :    #5762 0 80000068 000041dc  a5=0000004e ; c.lw    a5,128(a1) [f00402e8]
      6465 :    #5763 0 8000006a 00004594  a3=000000e0 ; c.lw    a3,8(a1) [f0040270]
      6466 :    #5764 0 8000006c 00f75c63              ; bge     a4,a5,0x80000084
      6467 :    #5765 0 80000084 fed74ae3              ; blt     a4,a3,0x80000078
      6468 :    #5766 0 80000088 00f6c463              ; blt     a3,a5,0x80000090
      6469 :    #5767 0 8000008c 0000c214              ; c.sw    a3,0(a2) [f004189c]
      6470 :    #5768 0 8000008e 0000b7f5              ; c.j     0x8000007a
      6471 :    #5769 0 8000007a 00000591  a1=f004026c ; c.addi  a1,4
      6472 :    #5770 0 8000007c 00000611  a2=f00418a0 ; c.addi  a2,4
      6473 :    #5771 0 8000007e fea594e3              ; bne     a1,a0,0x80000066
      6474 :    #5772 0 80000066 00004198  a4=0000004e ; c.lw    a4,0(a1) [f004026c]
      6475 :    #5773 0 80000068 000041dc  a5=000000e0 ; c.lw    a5,128(a1) [f00402ec]
      6476 :    #5774 0 8000006a 00004594  a3=0000015f ; c.lw    a3,8(a1) [f0040274]
      6477 :    #5775 0 8000006c 00f75c63              ; bge     a4,a5,0x80000084
      6478 :    #5776 0 80000070 02d7c063              ; blt     a5,a3,0x80000090
      6480 :    #5777 0 80000090 0000c21c              ; c.sw    a5,0(a2) [f00418a0]
      6481 :    #5778 0 80000092 0000b7e5              ; c.j     0x8000007a
      6482 :    #5779 0 8000007a 00000591  a1=f0040270 ; c.addi  a1,4
      6483 :    #5780 0 8000007c 00000611  a2=f00418a4 ; c.addi  a2,4
      6484 :    #5781 0 8000007e fea594e3              ; bne     a1,a0,0x80000066
      6485 :    #5782 0 80000066 00004198  a4=000000e0 ; c.lw    a4,0(a1) [f0040270]
      6486 :    #5783 0 80000068 000041dc  a5=0000015f ; c.lw    a5,128(a1) [f00402f0]
      6487 :    #5784 0 8000006a 00004594  a3=000003a9 ; c.lw    a3,8(a1) [f0040278]
      6488 :    #5785 0 8000006c 00f75c63              ; bge     a4,a5,0x80000084
      6490 :    #5786 0 80000070 02d7c063              ; blt     a5,a3,0x80000090
      6492 :    #5787 0 80000090 0000c21c              ; c.sw    a5,0(a2) [f00418a4]
      6493 :    #5788 0 80000092 0000b7e5              ; c.j     0x8000007a
      6494 :    #5789 0 8000007a 00000591  a1=f0040274 ; c.addi  a1,4
      6495 :    #5790 0 8000007c 00000611  a2=f00418a8 ; c.addi  a2,4
      6496 :    #5791 0 8000007e fea594e3              ; bne     a1,a0,0x80000066
      6497 :    #5792 0 80000066 00004198  a4=0000015f ; c.lw    a4,0(a1) [f0040274]
      6498 :    #5793 0 80000068 000041dc  a5=000003a9 ; c.lw    a5,128(a1) [f00402f4]
      6499 :    #5794 0 8000006a 00004594  a3=0000021c ; c.lw    a3,8(a1) [f004027c]
      6500 :    #5795 0 8000006c 00f75c63              ; bge     a4,a5,0x80000084
      6501 :    #5796 0 80000070 02d7c063              ; blt     a5,a3,0x80000090
      6502 :    #5797 0 80000074 00e6dc63              ; bge     a3,a4,0x8000008c
      6503 :    #5798 0 8000008c 0000c214              ; c.sw    a3,0(a2) [f00418a8]
      6504 :    #5799 0 8000008e 0000b7f5              ; c.j     0x8000007a
      6505 :    #5800 0 8000007a 00000591  a1=f0040278 ; c.addi  a1,4
      6506 :    #5801 0 8000007c 00000611  a2=f00418ac ; c.addi  a2,4
      6507 :    #5802 0 8000007e fea594e3              ; bne     a1,a0,0x80000066
      6508 :    #5803 0 80000066 00004198  a4=000003a9 ; c.lw    a4,0(a1) [f0040278]
      6509 :    #5804 0 80000068 000041dc  a5=0000021c ; c.lw    a5,128(a1) [f00402f8]
      6510 :    #5805 0 8000006a 00004594  a3=00000120 ; c.lw    a3,8(a1) [f0040280]
      6511 :    #5806 0 8000006c 00f75c63              ; bge     a4,a5,0x80000084
      6512 :    #5807 0 80000084 fed74ae3              ; blt     a4,a3,0x80000078
      6514 :    #5808 0 80000088 00f6c463              ; blt     a3,a5,0x80000090
      6516 :    #5809 0 80000090 0000c21c              ; c.sw    a5,0(a2) [f00418ac]
      6517 :    #5810 0 80000092 0000b7e5              ; c.j     0x8000007a
      6518 :    #5811 0 8000007a 00000591  a1=f004027c ; c.addi  a1,4
      6519 :    #5812 0 8000007c 00000611  a2=f00418b0 ; c.addi  a2,4
      6520 :    #5813 0 8000007e fea594e3              ; bne     a1,a0,0x80000066
      6521 :    #5814 0 80000066 00004198  a4=0000021c ; c.lw    a4,0(a1) [f004027c]
      6522 :    #5815 0 80000068 000041dc  a5=00000120 ; c.lw    a5,128(a1) [f00402fc]
      6523 :    #5816 0 8000006a 00004594  a3=00000286 ; c.lw    a3,8(a1) [f0040284]
      6524 :    #5817 0 8000006c 00f75c63              ; bge     a4,a5,0x80000084
      6525 :    #5818 0 80000084 fed74ae3              ; blt     a4,a3,0x80000078
      6527 :    #5819 0 80000078 0000c218              ; c.sw    a4,0(a2) [f00418b0]
      6528 :    #5820 0 8000007a 00000591  a1=f0040280 ; c.addi  a1,4
      6529 :    #5821 0 8000007c 00000611  a2=f00418b4 ; c.addi  a2,4
      6530 :    #5822 0 8000007e fea594e3              ; bne     a1,a0,0x80000066
      6531 :    #5823 0 80000066 00004198  a4=00000120 ; c.lw    a4,0(a1) [f0040280]
      6532 :    #5824 0 80000068 000041dc  a5=00000286 ; c.lw    a5,128(a1) [f0040300]
      6533 :    #5825 0 8000006a 00004594  a3=00000077 ; c.lw    a3,8(a1) [f0040288]
      6534 :    #5826 0 8000006c 00f75c63              ; bge     a4,a5,0x80000084
      6535 :    #5827 0 80000070 02d7c063              ; blt     a5,a3,0x80000090
      6536 :    #5828 0 80000074 00e6dc63              ; bge     a3,a4,0x8000008c
      6537 :    #5829 0 80000078 0000c218              ; c.sw    a4,0(a2) [f00418b4]
      6538 :    #5830 0 8000007a 00000591  a1=f0040284 ; c.addi  a1,4
      6539 :    #5831 0 8000007c 00000611  a2=f00418b8 ; c.addi  a2,4
      6540 :    #5832 0 8000007e fea594e3              ; bne     a1,a0,0x80000066
      6541 :    #5833 0 80000066 00004198  a4=00000286 ; c.lw    a4,0(a1) [f0040284]
      6542 :    #5834 0 80000068 000041dc  a5=00000077 ; c.lw    a5,128(a1) [f0040304]
      6543 :    #5835 0 8000006a 00004594  a3=000000a9 ; c.lw    a3,8(a1) [f004028c]
      6544 :    #5836 0 8000006c 00f75c63              ; bge     a4,a5,0x80000084
      6545 :    #5837 0 80000084 fed74ae3              ; blt     a4,a3,0x80000078
      6546 :    #5838 0 80000088 00f6c463              ; blt     a3,a5,0x80000090
      6547 :    #5839 0 8000008c 0000c214              ; c.sw    a3,0(a2) [f00418b8]
      6548 :    #5840 0 8000008e 0000b7f5              ; c.j     0x8000007a
      6549 :    #5841 0 8000007a 00000591  a1=f0040288 ; c.addi  a1,4
      6550 :    #5842 0 8000007c 00000611  a2=f00418bc ; c.addi  a2,4
      6551 :    #5843 0 8000007e fea594e3              ; bne     a1,a0,0x80000066
      6552 :    #5844 0 80000066 00004198  a4=00000077 ; c.lw    a4,0(a1) [f0040288]
      6553 :    #5845 0 80000068 000041dc  a5=000000a9 ; c.lw    a5,128(a1) [f0040308]
      6554 :    #5846 0 8000006a 00004594  a3=00000267 ; c.lw    a3,8(a1) [f0040290]
      6555 :    #5847 0 8000006c 00f75c63              ; bge     a4,a5,0x80000084
      6556 :    #5848 0 80000070 02d7c063              ; blt     a5,a3,0x80000090
      6557 :    #5849 0 80000090 0000c21c              ; c.sw    a5,0(a2) [f00418bc]
      6558 :    #5850 0 80000092 0000b7e5              ; c.j     0x8000007a
      6559 :    #5851 0 8000007a 00000591  a1=f004028c ; c.addi  a1,4
      6560 :    #5852 0 8000007c 00000611  a2=f00418c0 ; c.addi  a2,4
      6561 :    #5853 0 8000007e fea594e3              ; bne     a1,a0,0x80000066
      6563 :    #5854 0 80000066 00004198  a4=000000a9 ; c.lw    a4,0(a1) [f004028c]
      6564 :    #5855 0 80000068 000041dc  a5=00000267 ; c.lw    a5,128(a1) [f004030c]
      6565 :    #5856 0 8000006a 00004594  a3=0000020f ; c.lw    a3,8(a1) [f0040294]
      6566 :    #5857 0 8000006c 00f75c63              ; bge     a4,a5,0x80000084
      6567 :    #5858 0 80000070 02d7c063              ; blt     a5,a3,0x80000090
      6569 :    #5859 0 80000074 00e6dc63              ; bge     a3,a4,0x8000008c
      6570 :    #5860 0 8000008c 0000c214              ; c.sw    a3,0(a2) [f00418c0]
      6571 :    #5861 0 8000008e 0000b7f5              ; c.j     0x8000007a
      6572 :    #5862 0 8000007a 00000591  a1=f0040290 ; c.addi  a1,4
      6573 :    #5863 0 8000007c 00000611  a2=f00418c4 ; c.addi  a2,4
      6574 :    #5864 0 8000007e fea594e3              ; bne     a1,a0,0x80000066
      6575 :    #5865 0 80000066 00004198  a4=00000267 ; c.lw    a4,0(a1) [f0040290]
      6576 :    #5866 0 80000068 000041dc  a5=0000020f ; c.lw    a5,128(a1) [f0040310]
      6577 :    #5867 0 8000006a 00004594  a3=0000025e ; c.lw    a3,8(a1) [f0040298]
      6578 :    #5868 0 8000006c 00f75c63              ; bge     a4,a5,0x80000084
      6579 :    #5869 0 80000084 fed74ae3              ; blt     a4,a3,0x80000078
      6580 :    #5870 0 80000088 00f6c463              ; blt     a3,a5,0x80000090
      6581 :    #5871 0 8000008c 0000c214              ; c.sw    a3,0(a2) [f00418c4]
      6582 :    #5872 0 8000008e 0000b7f5              ; c.j     0x8000007a
      6583 :    #5873 0 8000007a 00000591  a1=f0040294 ; c.addi  a1,4
      6584 :    #5874 0 8000007c 00000611  a2=f00418c8 ; c.addi  a2,4
      6585 :    #5875 0 8000007e fea594e3              ; bne     a1,a0,0x80000066
      6586 :    #5876 0 80000066 00004198  a4=0000020f ; c.lw    a4,0(a1) [f0040294]
      6587 :    #5877 0 80000068 000041dc  a5=0000025e ; c.lw    a5,128(a1) [f0040314]
      6588 :    #5878 0 8000006a 00004594  a3=00000121 ; c.lw    a3,8(a1) [f004029c]
      6589 :    #5879 0 8000006c 00f75c63              ; bge     a4,a5,0x80000084
      6590 :    #5880 0 80000070 02d7c063              ; blt     a5,a3,0x80000090
      6592 :    #5881 0 80000074 00e6dc63              ; bge     a3,a4,0x8000008c
      6593 :    #5882 0 80000078 0000c218              ; c.sw    a4,0(a2) [f00418c8]
      6594 :    #5883 0 8000007a 00000591  a1=f0040298 ; c.addi  a1,4
      6595 :    #5884 0 8000007c 00000611  a2=f00418cc ; c.addi  a2,4
      6596 :    #5885 0 8000007e fea594e3              ; bne     a1,a0,0x80000066
      6597 :    #5886 0 80000066 00004198  a4=0000025e ; c.lw    a4,0(a1) [f0040298]
      6598 :    #5887 0 80000068 000041dc  a5=00000121 ; c.lw    a5,128(a1) [f0040318]
      6599 :    #5888 0 8000006a 00004594  a3=00000185 ; c.lw    a3,8(a1) [f00402a0]
      6600 :    #5889 0 8000006c 00f75c63              ; bge     a4,a5,0x80000084
      6602 :    #5890 0 80000084 fed74ae3              ; blt     a4,a3,0x80000078
      6604 :    #5891 0 80000088 00f6c463              ; blt     a3,a5,0x80000090
      6605 :    #5892 0 8000008c 0000c214              ; c.sw    a3,0(a2) [f00418cc]
      6606 :    #5893 0 8000008e 0000b7f5              ; c.j     0x8000007a
      6607 :    #5894 0 8000007a 00000591  a1=f004029c ; c.addi  a1,4
      6608 :    #5895 0 8000007c 00000611  a2=f00418d0 ; c.addi  a2,4
      6609 :    #5896 0 8000007e fea594e3              ; bne     a1,a0,0x80000066
      6610 :    #5897 0 80000066 00004198  a4=00000121 ; c.lw    a4,0(a1) [f004029c]
      6611 :    #5898 0 80000068 000041dc  a5=00000185 ; c.lw    a5,128(a1) [f004031c]
      6612 :    #5899 0 8000006a 00004594  a3=0000031c ; c.lw    a3,8(a1) [f00402a4]
      6613 :    #5900 0 8000006c 00f75c63              ; bge     a4,a5,0x80000084
      6614 :    #5901 0 80000070 02d7c063              ; blt     a5,a3,0x80000090
      6616 :    #5902 0 80000090 0000c21c              ; c.sw    a5,0(a2) [f00418d0]
      6617 :    #5903 0 80000092 0000b7e5              ; c.j     0x8000007a
      6618 :    #5904 0 8000007a 00000591  a1=f00402a0 ; c.addi  a1,4
      6619 :    #5905 0 8000007c 00000611  a2=f00418d4 ; c.addi  a2,4
      6620 :    #5906 0 8000007e fea594e3              ; bne     a1,a0,0x80000066
      6621 :    #5907 0 80000066 00004198  a4=00000185 ; c.lw    a4,0(a1) [f00402a0]
      6622 :    #5908 0 80000068 000041dc  a5=0000031c ; c.lw    a5,128(a1) [f0040320]
      6623 :    #5909 0 8000006a 00004594  a3=0000015f ; c.lw    a3,8(a1) [f00402a8]
      6624 :    #5910 0 8000006c 00f75c63              ; bge     a4,a5,0x80000084
      6625 :    #5911 0 80000070 02d7c063              ; blt     a5,a3,0x80000090
      6627 :    #5912 0 80000074 00e6dc63              ; bge     a3,a4,0x8000008c
      6629 :    #5913 0 80000078 0000c218              ; c.sw    a4,0(a2) [f00418d4]
      6630 :    #5914 0 8000007a 00000591  a1=f00402a4 ; c.addi  a1,4
      6631 :    #5915 0 8000007c 00000611  a2=f00418d8 ; c.addi  a2,4
      6632 :    #5916 0 8000007e fea594e3              ; bne     a1,a0,0x80000066
      6633 :    #5917 0 80000066 00004198  a4=0000031c ; c.lw    a4,0(a1) [f00402a4]
      6634 :    #5918 0 80000068 000041dc  a5=0000015f ; c.lw    a5,128(a1) [f0040324]
      6635 :    #5919 0 8000006a 00004594  a3=00000321 ; c.lw    a3,8(a1) [f00402ac]
      6636 :    #5920 0 8000006c 00f75c63              ; bge     a4,a5,0x80000084
      6637 :    #5921 0 80000084 fed74ae3              ; blt     a4,a3,0x80000078
      6639 :    #5922 0 80000078 0000c218              ; c.sw    a4,0(a2) [f00418d8]
      6640 :    #5923 0 8000007a 00000591  a1=f00402a8 ; c.addi  a1,4
      6641 :    #5924 0 8000007c 00000611  a2=f00418dc ; c.addi  a2,4
      6642 :    #5925 0 8000007e fea594e3              ; bne     a1,a0,0x80000066
      6643 :    #5926 0 80000066 00004198  a4=0000015f ; c.lw    a4,0(a1) [f00402a8]
      6644 :    #5927 0 80000068 000041dc  a5=00000321 ; c.lw    a5,128(a1) [f0040328]
      6645 :    #5928 0 8000006a 00004594  a3=000001c7 ; c.lw    a3,8(a1) [f00402b0]
      6646 :    #5929 0 8000006c 00f75c63              ; bge     a4,a5,0x80000084
      6647 :    #5930 0 80000070 02d7c063              ; blt     a5,a3,0x80000090
      6648 :    #5931 0 80000074 00e6dc63              ; bge     a3,a4,0x8000008c
      6649 :    #5932 0 8000008c 0000c214              ; c.sw    a3,0(a2) [f00418dc]
      6650 :    #5933 0 8000008e 0000b7f5              ; c.j     0x8000007a
      6651 :    #5934 0 8000007a 00000591  a1=f00402ac ; c.addi  a1,4
      6652 :    #5935 0 8000007c 00000611  a2=f00418e0 ; c.addi  a2,4
      6653 :    #5936 0 8000007e fea594e3              ; bne     a1,a0,0x80000066
      6654 :    #5937 0 80000066 00004198  a4=00000321 ; c.lw    a4,0(a1) [f00402ac]
      6655 :    #5938 0 80000068 000041dc  a5=000001c7 ; c.lw    a5,128(a1) [f004032c]
      6656 :    #5939 0 8000006a 00004594  a3=000002d0 ; c.lw    a3,8(a1) [f00402b4]
      6657 :    #5940 0 8000006c 00f75c63              ; bge     a4,a5,0x80000084
      6658 :    #5941 0 80000084 fed74ae3              ; blt     a4,a3,0x80000078
      6660 :    #5942 0 80000088 00f6c463              ; blt     a3,a5,0x80000090
      6662 :    #5943 0 8000008c 0000c214              ; c.sw    a3,0(a2) [f00418e0]
      6663 :    #5944 0 8000008e 0000b7f5              ; c.j     0x8000007a
      6664 :    #5945 0 8000007a 00000591  a1=f00402b0 ; c.addi  a1,4
      6665 :    #5946 0 8000007c 00000611  a2=f00418e4 ; c.addi  a2,4
      6666 :    #5947 0 8000007e fea594e3              ; bne     a1,a0,0x80000066
      6667 :    #5948 0 80000066 00004198  a4=000001c7 ; c.lw    a4,0(a1) [f00402b0]
      6668 :    #5949 0 80000068 000041dc  a5=000002d0 ; c.lw    a5,128(a1) [f0040330]
      6669 :    #5950 0 8000006a 00004594  a3=00000116 ; c.lw    a3,8(a1) [f00402b8]
      6670 :    #5951 0 8000006c 00f75c63              ; bge     a4,a5,0x80000084
      6671 :    #5952 0 80000070 02d7c063              ; blt     a5,a3,0x80000090
      6673 :    #5953 0 80000074 00e6dc63              ; bge     a3,a4,0x8000008c
      6674 :    #5954 0 80000078 0000c218              ; c.sw    a4,0(a2) [f00418e4]
      6675 :    #5955 0 8000007a 00000591  a1=f00402b4 ; c.addi  a1,4
      6676 :    #5956 0 8000007c 00000611  a2=f00418e8 ; c.addi  a2,4
      6677 :    #5957 0 8000007e fea594e3              ; bne     a1,a0,0x80000066
      6678 :    #5958 0 80000066 00004198  a4=000002d0 ; c.lw    a4,0(a1) [f00402b4]
      6679 :    #5959 0 80000068 000041dc  a5=00000116 ; c.lw    a5,128(a1) [f0040334]
      6680 :    #5960 0 8000006a 00004594  a3=000002f6 ; c.lw    a3,8(a1) [f00402bc]
      6681 :    #5961 0 8000006c 00f75c63              ; bge     a4,a5,0x80000084
      6683 :    #5962 0 80000084 fed74ae3              ; blt     a4,a3,0x80000078
      6684 :    #5963 0 80000078 0000c218              ; c.sw    a4,0(a2) [f00418e8]
      6685 :    #5964 0 8000007a 00000591  a1=f00402b8 ; c.addi  a1,4
      6686 :    #5965 0 8000007c 00000611  a2=f00418ec ; c.addi  a2,4
      6687 :    #5966 0 8000007e fea594e3              ; bne     a1,a0,0x80000066
      6688 :    #5967 0 80000066 00004198  a4=00000116 ; c.lw    a4,0(a1) [f00402b8]
      6689 :    #5968 0 80000068 000041dc  a5=000002f6 ; c.lw    a5,128(a1) [f0040338]
      6690 :    #5969 0 8000006a 00004594  a3=0000016f ; c.lw    a3,8(a1) [f00402c0]
      6691 :    #5970 0 8000006c 00f75c63              ; bge     a4,a5,0x80000084
      6692 :    #5971 0 80000070 02d7c063              ; blt     a5,a3,0x80000090
      6693 :    #5972 0 80000074 00e6dc63              ; bge     a3,a4,0x8000008c
      6695 :    #5973 0 8000008c 0000c214              ; c.sw    a3,0(a2) [f00418ec]
      6696 :    #5974 0 8000008e 0000b7f5              ; c.j     0x8000007a
      6697 :    #5975 0 8000007a 00000591  a1=f00402bc ; c.addi  a1,4
      6698 :    #5976 0 8000007c 00000611  a2=f00418f0 ; c.addi  a2,4
      6699 :    #5977 0 8000007e fea594e3              ; bne     a1,a0,0x80000066
      6700 :    #5978 0 80000066 00004198  a4=000002f6 ; c.lw    a4,0(a1) [f00402bc]
      6701 :    #5979 0 80000068 000041dc  a5=0000016f ; c.lw    a5,128(a1) [f004033c]
      6702 :    #5980 0 8000006a 00004594  a3=000002e9 ; c.lw    a3,8(a1) [f00402c4]
      6703 :    #5981 0 8000006c 00f75c63              ; bge     a4,a5,0x80000084
      6704 :    #5982 0 80000084 fed74ae3              ; blt     a4,a3,0x80000078
      6705 :    #5983 0 80000088 00f6c463              ; blt     a3,a5,0x80000090
      6706 :    #5984 0 8000008c 0000c214              ; c.sw    a3,0(a2) [f00418f0]
      6707 :    #5985 0 8000008e 0000b7f5              ; c.j     0x8000007a
      6708 :    #5986 0 8000007a 00000591  a1=f00402c0 ; c.addi  a1,4
      6709 :    #5987 0 8000007c 00000611  a2=f00418f4 ; c.addi  a2,4
      6710 :    #5988 0 8000007e fea594e3              ; bne     a1,a0,0x80000066
      6711 :    #5989 0 80000066 00004198  a4=0000016f ; c.lw    a4,0(a1) [f00402c0]
      6712 :    #5990 0 80000068 000041dc  a5=000002e9 ; c.lw    a5,128(a1) [f0040340]
      6713 :    #5991 0 8000006a 00004594  a3=00000166 ; c.lw    a3,8(a1) [f00402c8]
      6714 :    #5992 0 8000006c 00f75c63              ; bge     a4,a5,0x80000084
      6715 :    #5993 0 80000070 02d7c063              ; blt     a5,a3,0x80000090
      6717 :    #5994 0 80000074 00e6dc63              ; bge     a3,a4,0x8000008c
      6718 :    #5995 0 80000078 0000c218              ; c.sw    a4,0(a2) [f00418f4]
      6719 :    #5996 0 8000007a 00000591  a1=f00402c4 ; c.addi  a1,4
      6720 :    #5997 0 8000007c 00000611  a2=f00418f8 ; c.addi  a2,4
      6721 :    #5998 0 8000007e fea594e3              ; bne     a1,a0,0x80000066
      6722 :    #5999 0 80000066 00004198  a4=000002e9 ; c.lw    a4,0(a1) [f00402c4]
      6723 :    #6000 0 80000068 000041dc  a5=00000166 ; c.lw    a5,128(a1) [f0040344]
      6724 :    #6001 0 8000006a 00004594  a3=0000005c ; c.lw    a3,8(a1) [f00402cc]
      6725 :    #6002 0 8000006c 00f75c63              ; bge     a4,a5,0x80000084
      6726 :    #6003 0 80000084 fed74ae3              ; blt     a4,a3,0x80000078
      6728 :    #6004 0 80000088 00f6c463              ; blt     a3,a5,0x80000090
      6729 :    #6005 0 80000090 0000c21c              ; c.sw    a5,0(a2) [f00418f8]
      6730 :    #6006 0 80000092 0000b7e5              ; c.j     0x8000007a
      6731 :    #6007 0 8000007a 00000591  a1=f00402c8 ; c.addi  a1,4
      6732 :    #6008 0 8000007c 00000611  a2=f00418fc ; c.addi  a2,4
      6733 :    #6009 0 8000007e fea594e3              ; bne     a1,a0,0x80000066
      6734 :    #6010 0 80000066 00004198  a4=00000166 ; c.lw    a4,0(a1) [f00402c8]
      6735 :    #6011 0 80000068 000041dc  a5=0000005c ; c.lw    a5,128(a1) [f0040348]
      6736 :    #6012 0 8000006a 00004594  a3=00000248 ; c.lw    a3,8(a1) [f00402d0]
      6737 :    #6013 0 8000006c 00f75c63              ; bge     a4,a5,0x80000084
      6739 :    #6014 0 80000084 fed74ae3              ; blt     a4,a3,0x80000078
      6740 :    #6015 0 80000078 0000c218              ; c.sw    a4,0(a2) [f00418fc]
      6741 :    #6016 0 8000007a 00000591  a1=f00402cc ; c.addi  a1,4
      6742 :    #6017 0 8000007c 00000611  a2=f0041900 ; c.addi  a2,4
      6743 :    #6018 0 8000007e fea594e3              ; bne     a1,a0,0x80000066
      6744 :    #6019 0 80000066 00004198  a4=0000005c ; c.lw    a4,0(a1) [f00402cc]
      6745 :    #6020 0 80000068 000041dc  a5=00000248 ; c.lw    a5,128(a1) [f004034c]
      6746 :    #6021 0 8000006a 00004594  a3=000003dd ; c.lw    a3,8(a1) [f00402d4]
      6747 :    #6022 0 8000006c 00f75c63              ; bge     a4,a5,0x80000084
      6748 :    #6023 0 80000070 02d7c063              ; blt     a5,a3,0x80000090
      6750 :    #6024 0 80000090 0000c21c              ; c.sw    a5,0(a2) [f0041900]
      6751 :    #6025 0 80000092 0000b7e5              ; c.j     0x8000007a
      6752 :    #6026 0 8000007a 00000591  a1=f00402d0 ; c.addi  a1,4
      6753 :    #6027 0 8000007c 00000611  a2=f0041904 ; c.addi  a2,4
      6754 :    #6028 0 8000007e fea594e3              ; bne     a1,a0,0x80000066
      6755 :    #6029 0 80000066 00004198  a4=00000248 ; c.lw    a4,0(a1) [f00402d0]
      6756 :    #6030 0 80000068 000041dc  a5=000003dd ; c.lw    a5,128(a1) [f0040350]
      6757 :    #6031 0 8000006a 00004594  a3=0000003e ; c.lw    a3,8(a1) [f00402d8]
      6758 :    #6032 0 8000006c 00f75c63              ; bge     a4,a5,0x80000084
      6760 :    #6033 0 80000070 02d7c063              ; blt     a5,a3,0x80000090
      6762 :    #6034 0 80000074 00e6dc63              ; bge     a3,a4,0x8000008c
      6763 :    #6035 0 80000078 0000c218              ; c.sw    a4,0(a2) [f0041904]
      6764 :    #6036 0 8000007a 00000591  a1=f00402d4 ; c.addi  a1,4
      6765 :    #6037 0 8000007c 00000611  a2=f0041908 ; c.addi  a2,4
      6766 :    #6038 0 8000007e fea594e3              ; bne     a1,a0,0x80000066
      6767 :    #6039 0 80000066 00004198  a4=000003dd ; c.lw    a4,0(a1) [f00402d4]
      6768 :    #6040 0 80000068 000041dc  a5=0000003e ; c.lw    a5,128(a1) [f0040354]
      6769 :    #6041 0 8000006a 00004594  a3=0000010f ; c.lw    a3,8(a1) [f00402dc]
      6770 :    #6042 0 8000006c 00f75c63              ; bge     a4,a5,0x80000084
      6771 :    #6043 0 80000084 fed74ae3              ; blt     a4,a3,0x80000078
      6773 :    #6044 0 80000088 00f6c463              ; blt     a3,a5,0x80000090
      6775 :    #6045 0 8000008c 0000c214              ; c.sw    a3,0(a2) [f0041908]
      6776 :    #6046 0 8000008e 0000b7f5              ; c.j     0x8000007a
      6777 :    #6047 0 8000007a 00000591  a1=f00402d8 ; c.addi  a1,4
      6778 :    #6048 0 8000007c 00000611  a2=f004190c ; c.addi  a2,4
      6779 :    #6049 0 8000007e fea594e3              ; bne     a1,a0,0x80000066
      6780 :    #6050 0 80000066 00004198  a4=0000003e ; c.lw    a4,0(a1) [f00402d8]
      6781 :    #6051 0 80000068 000041dc  a5=0000010f ; c.lw    a5,128(a1) [f0040358]
      6782 :    #6052 0 8000006a 00004594  a3=000003d9 ; c.lw    a3,8(a1) [f00402e0]
      6783 :    #6053 0 8000006c 00f75c63              ; bge     a4,a5,0x80000084
      6785 :    #6054 0 80000070 02d7c063              ; blt     a5,a3,0x80000090
      6786 :    #6055 0 80000090 0000c21c              ; c.sw    a5,0(a2) [f004190c]
      6787 :    #6056 0 80000092 0000b7e5              ; c.j     0x8000007a
      6788 :    #6057 0 8000007a 00000591  a1=f00402dc ; c.addi  a1,4
      6789 :    #6058 0 8000007c 00000611  a2=f0041910 ; c.addi  a2,4
      6790 :    #6059 0 8000007e fea594e3              ; bne     a1,a0,0x80000066
      6791 :    #6060 0 80000066 00004198  a4=0000010f ; c.lw    a4,0(a1) [f00402dc]
      6792 :    #6061 0 80000068 000041dc  a5=000003d9 ; c.lw    a5,128(a1) [f004035c]
      6793 :    #6062 0 8000006a 00004594  a3=00000355 ; c.lw    a3,8(a1) [f00402e4]
      6794 :    #6063 0 8000006c 00f75c63              ; bge     a4,a5,0x80000084
      6795 :    #6064 0 80000070 02d7c063              ; blt     a5,a3,0x80000090
      6796 :    #6065 0 80000074 00e6dc63              ; bge     a3,a4,0x8000008c
      6797 :    #6066 0 8000008c 0000c214              ; c.sw    a3,0(a2) [f0041910]
      6798 :    #6067 0 8000008e 0000b7f5              ; c.j     0x8000007a
      6799 :    #6068 0 8000007a 00000591  a1=f00402e0 ; c.addi  a1,4
      6800 :    #6069 0 8000007c 00000611  a2=f0041914 ; c.addi  a2,4
      6801 :    #6070 0 8000007e fea594e3              ; bne     a1,a0,0x80000066
      6802 :    #6071 0 80000066 00004198  a4=000003d9 ; c.lw    a4,0(a1) [f00402e0]
      6803 :    #6072 0 80000068 000041dc  a5=00000355 ; c.lw    a5,128(a1) [f0040360]
      6804 :    #6073 0 8000006a 00004594  a3=00000193 ; c.lw    a3,8(a1) [f00402e8]
      6805 :    #6074 0 8000006c 00f75c63              ; bge     a4,a5,0x80000084
      6806 :    #6075 0 80000084 fed74ae3              ; blt     a4,a3,0x80000078
      6808 :    #6076 0 80000088 00f6c463              ; blt     a3,a5,0x80000090
      6810 :    #6077 0 80000090 0000c21c              ; c.sw    a5,0(a2) [f0041914]
      6811 :    #6078 0 80000092 0000b7e5              ; c.j     0x8000007a
      6812 :    #6079 0 8000007a 00000591  a1=f00402e4 ; c.addi  a1,4
      6813 :    #6080 0 8000007c 00000611  a2=f0041918 ; c.addi  a2,4
      6814 :    #6081 0 8000007e fea594e3              ; bne     a1,a0,0x80000066
      6815 :    #6082 0 80000066 00004198  a4=00000355 ; c.lw    a4,0(a1) [f00402e4]
      6816 :    #6083 0 80000068 000041dc  a5=00000193 ; c.lw    a5,128(a1) [f0040364]
      6817 :    #6084 0 8000006a 00004594  a3=00000314 ; c.lw    a3,8(a1) [f00402ec]
      6818 :    #6085 0 8000006c 00f75c63              ; bge     a4,a5,0x80000084
      6819 :    #6086 0 80000084 fed74ae3              ; blt     a4,a3,0x80000078
      6821 :    #6087 0 80000088 00f6c463              ; blt     a3,a5,0x80000090
      6823 :    #6088 0 8000008c 0000c214              ; c.sw    a3,0(a2) [f0041918]
      6824 :    #6089 0 8000008e 0000b7f5              ; c.j     0x8000007a
      6825 :    #6090 0 8000007a 00000591  a1=f00402e8 ; c.addi  a1,4
      6826 :    #6091 0 8000007c 00000611  a2=f004191c ; c.addi  a2,4
      6827 :    #6092 0 8000007e fea594e3              ; bne     a1,a0,0x80000066
      6828 :    #6093 0 80000066 00004198  a4=00000193 ; c.lw    a4,0(a1) [f00402e8]
      6829 :    #6094 0 80000068 000041dc  a5=00000314 ; c.lw    a5,128(a1) [f0040368]
      6830 :    #6095 0 8000006a 00004594  a3=0000015a ; c.lw    a3,8(a1) [f00402f0]
      6831 :    #6096 0 8000006c 00f75c63              ; bge     a4,a5,0x80000084
      6832 :    #6097 0 80000070 02d7c063              ; blt     a5,a3,0x80000090
      6834 :    #6098 0 80000074 00e6dc63              ; bge     a3,a4,0x8000008c
      6835 :    #6099 0 80000078 0000c218              ; c.sw    a4,0(a2) [f004191c]
      6836 :    #6100 0 8000007a 00000591  a1=f00402ec ; c.addi  a1,4
      6837 :    #6101 0 8000007c 00000611  a2=f0041920 ; c.addi  a2,4
      6838 :    #6102 0 8000007e fea594e3              ; bne     a1,a0,0x80000066
      6839 :    #6103 0 80000066 00004198  a4=00000314 ; c.lw    a4,0(a1) [f00402ec]
      6840 :    #6104 0 80000068 000041dc  a5=0000015a ; c.lw    a5,128(a1) [f004036c]
      6841 :    #6105 0 8000006a 00004594  a3=00000213 ; c.lw    a3,8(a1) [f00402f4]
      6842 :    #6106 0 8000006c 00f75c63              ; bge     a4,a5,0x80000084
      6843 :    #6107 0 80000084 fed74ae3              ; blt     a4,a3,0x80000078
      6845 :    #6108 0 80000088 00f6c463              ; blt     a3,a5,0x80000090
      6847 :    #6109 0 8000008c 0000c214              ; c.sw    a3,0(a2) [f0041920]
      6848 :    #6110 0 8000008e 0000b7f5              ; c.j     0x8000007a
      6849 :    #6111 0 8000007a 00000591  a1=f00402f0 ; c.addi  a1,4
      6850 :    #6112 0 8000007c 00000611  a2=f0041924 ; c.addi  a2,4
      6851 :    #6113 0 8000007e fea594e3              ; bne     a1,a0,0x80000066
      6852 :    #6114 0 80000066 00004198  a4=0000015a ; c.lw    a4,0(a1) [f00402f0]
      6853 :    #6115 0 80000068 000041dc  a5=00000213 ; c.lw    a5,128(a1) [f0040370]
      6854 :    #6116 0 8000006a 00004594  a3=00000205 ; c.lw    a3,8(a1) [f00402f8]
      6855 :    #6117 0 8000006c 00f75c63              ; bge     a4,a5,0x80000084
      6857 :    #6118 0 80000070 02d7c063              ; blt     a5,a3,0x80000090
      6859 :    #6119 0 80000074 00e6dc63              ; bge     a3,a4,0x8000008c
      6861 :    #6120 0 8000008c 0000c214              ; c.sw    a3,0(a2) [f0041924]
      6862 :    #6121 0 8000008e 0000b7f5              ; c.j     0x8000007a
      6863 :    #6122 0 8000007a 00000591  a1=f00402f4 ; c.addi  a1,4
      6864 :    #6123 0 8000007c 00000611  a2=f0041928 ; c.addi  a2,4
      6865 :    #6124 0 8000007e fea594e3              ; bne     a1,a0,0x80000066
      6866 :    #6125 0 80000066 00004198  a4=00000213 ; c.lw    a4,0(a1) [f00402f4]
      6867 :    #6126 0 80000068 000041dc  a5=00000205 ; c.lw    a5,128(a1) [f0040374]
      6868 :    #6127 0 8000006a 00004594  a3=000000de ; c.lw    a3,8(a1) [f00402fc]
      6869 :    #6128 0 8000006c 00f75c63              ; bge     a4,a5,0x80000084
      6871 :    #6129 0 80000084 fed74ae3              ; blt     a4,a3,0x80000078
      6872 :    #6130 0 80000088 00f6c463              ; blt     a3,a5,0x80000090
      6873 :    #6131 0 80000090 0000c21c              ; c.sw    a5,0(a2) [f0041928]
      6874 :    #6132 0 80000092 0000b7e5              ; c.j     0x8000007a
      6875 :    #6133 0 8000007a 00000591  a1=f00402f8 ; c.addi  a1,4
      6876 :    #6134 0 8000007c 00000611  a2=f004192c ; c.addi  a2,4
      6877 :    #6135 0 8000007e fea594e3              ; bne     a1,a0,0x80000066
      6878 :    #6136 0 80000066 00004198  a4=00000205 ; c.lw    a4,0(a1) [f00402f8]
      6879 :    #6137 0 80000068 000041dc  a5=000000de ; c.lw    a5,128(a1) [f0040378]
      6880 :    #6138 0 8000006a 00004594  a3=0000022f ; c.lw    a3,8(a1) [f0040300]
      6881 :    #6139 0 8000006c 00f75c63              ; bge     a4,a5,0x80000084
      6883 :    #6140 0 80000084 fed74ae3              ; blt     a4,a3,0x80000078
      6884 :    #6141 0 80000078 0000c218              ; c.sw    a4,0(a2) [f004192c]
      6885 :    #6142 0 8000007a 00000591  a1=f00402fc ; c.addi  a1,4
      6886 :    #6143 0 8000007c 00000611  a2=f0041930 ; c.addi  a2,4
      6887 :    #6144 0 8000007e fea594e3              ; bne     a1,a0,0x80000066
      6888 :    #6145 0 80000066 00004198  a4=000000de ; c.lw    a4,0(a1) [f00402fc]
      6889 :    #6146 0 80000068 000041dc  a5=0000022f ; c.lw    a5,128(a1) [f004037c]
      6890 :    #6147 0 8000006a 00004594  a3=000001cd ; c.lw    a3,8(a1) [f0040304]
      6891 :    #6148 0 8000006c 00f75c63              ; bge     a4,a5,0x80000084
      6892 :    #6149 0 80000070 02d7c063              ; blt     a5,a3,0x80000090
      6893 :    #6150 0 80000074 00e6dc63              ; bge     a3,a4,0x8000008c
      6895 :    #6151 0 8000008c 0000c214              ; c.sw    a3,0(a2) [f0041930]
      6896 :    #6152 0 8000008e 0000b7f5              ; c.j     0x8000007a
      6897 :    #6153 0 8000007a 00000591  a1=f0040300 ; c.addi  a1,4
      6898 :    #6154 0 8000007c 00000611  a2=f0041934 ; c.addi  a2,4
      6899 :    #6155 0 8000007e fea594e3              ; bne     a1,a0,0x80000066
      6900 :    #6156 0 80000066 00004198  a4=0000022f ; c.lw    a4,0(a1) [f0040300]
      6901 :    #6157 0 80000068 000041dc  a5=000001cd ; c.lw    a5,128(a1) [f0040380]
      6902 :    #6158 0 8000006a 00004594  a3=0000038c ; c.lw    a3,8(a1) [f0040308]
      6903 :    #6159 0 8000006c 00f75c63              ; bge     a4,a5,0x80000084
      6904 :    #6160 0 80000084 fed74ae3              ; blt     a4,a3,0x80000078
      6906 :    #6161 0 80000078 0000c218              ; c.sw    a4,0(a2) [f0041934]
      6907 :    #6162 0 8000007a 00000591  a1=f0040304 ; c.addi  a1,4
      6908 :    #6163 0 8000007c 00000611  a2=f0041938 ; c.addi  a2,4
      6909 :    #6164 0 8000007e fea594e3              ; bne     a1,a0,0x80000066
      6910 :    #6165 0 80000066 00004198  a4=000001cd ; c.lw    a4,0(a1) [f0040304]
      6911 :    #6166 0 80000068 000041dc  a5=0000038c ; c.lw    a5,128(a1) [f0040384]
      6912 :    #6167 0 8000006a 00004594  a3=000000f1 ; c.lw    a3,8(a1) [f004030c]
      6913 :    #6168 0 8000006c 00f75c63              ; bge     a4,a5,0x80000084
      6914 :    #6169 0 80000070 02d7c063              ; blt     a5,a3,0x80000090
      6915 :    #6170 0 80000074 00e6dc63              ; bge     a3,a4,0x8000008c
      6916 :    #6171 0 80000078 0000c218              ; c.sw    a4,0(a2) [f0041938]
      6917 :    #6172 0 8000007a 00000591  a1=f0040308 ; c.addi  a1,4
      6918 :    #6173 0 8000007c 00000611  a2=f004193c ; c.addi  a2,4
      6919 :    #6174 0 8000007e fea594e3              ; bne     a1,a0,0x80000066
      6920 :    #6175 0 80000066 00004198  a4=0000038c ; c.lw    a4,0(a1) [f0040308]
      6921 :    #6176 0 80000068 000041dc  a5=000000f1 ; c.lw    a5,128(a1) [f0040388]
      6922 :    #6177 0 8000006a 00004594  a3=00000307 ; c.lw    a3,8(a1) [f0040310]
      6923 :    #6178 0 8000006c 00f75c63              ; bge     a4,a5,0x80000084
      6924 :    #6179 0 80000084 fed74ae3              ; blt     a4,a3,0x80000078
      6925 :    #6180 0 80000088 00f6c463              ; blt     a3,a5,0x80000090
      6926 :    #6181 0 8000008c 0000c214              ; c.sw    a3,0(a2) [f004193c]
      6927 :    #6182 0 8000008e 0000b7f5              ; c.j     0x8000007a
      6928 :    #6183 0 8000007a 00000591  a1=f004030c ; c.addi  a1,4
      6929 :    #6184 0 8000007c 00000611  a2=f0041940 ; c.addi  a2,4
      6930 :    #6185 0 8000007e fea594e3              ; bne     a1,a0,0x80000066
      6931 :    #6186 0 80000066 00004198  a4=000000f1 ; c.lw    a4,0(a1) [f004030c]
      6932 :    #6187 0 80000068 000041dc  a5=00000307 ; c.lw    a5,128(a1) [f004038c]
      6933 :    #6188 0 8000006a 00004594  a3=00000166 ; c.lw    a3,8(a1) [f0040314]
      6934 :    #6189 0 8000006c 00f75c63              ; bge     a4,a5,0x80000084
      6935 :    #6190 0 80000070 02d7c063              ; blt     a5,a3,0x80000090
      6936 :    #6191 0 80000074 00e6dc63              ; bge     a3,a4,0x8000008c
      6938 :    #6192 0 8000008c 0000c214              ; c.sw    a3,0(a2) [f0041940]
      6939 :    #6193 0 8000008e 0000b7f5              ; c.j     0x8000007a
      6940 :    #6194 0 8000007a 00000591  a1=f0040310 ; c.addi  a1,4
      6941 :    #6195 0 8000007c 00000611  a2=f0041944 ; c.addi  a2,4
      6942 :    #6196 0 8000007e fea594e3              ; bne     a1,a0,0x80000066
      6943 :    #6197 0 80000066 00004198  a4=00000307 ; c.lw    a4,0(a1) [f0040310]
      6944 :    #6198 0 80000068 000041dc  a5=00000166 ; c.lw    a5,128(a1) [f0040390]
      6945 :    #6199 0 8000006a 00004594  a3=000000ff ; c.lw    a3,8(a1) [f0040318]
      6946 :    #6200 0 8000006c 00f75c63              ; bge     a4,a5,0x80000084
      6948 :    #6201 0 80000084 fed74ae3              ; blt     a4,a3,0x80000078
      6949 :    #6202 0 80000088 00f6c463              ; blt     a3,a5,0x80000090
      6950 :    #6203 0 80000090 0000c21c              ; c.sw    a5,0(a2) [f0041944]
      6951 :    #6204 0 80000092 0000b7e5              ; c.j     0x8000007a
      6952 :    #6205 0 8000007a 00000591  a1=f0040314 ; c.addi  a1,4
      6953 :    #6206 0 8000007c 00000611  a2=f0041948 ; c.addi  a2,4
      6954 :    #6207 0 8000007e fea594e3              ; bne     a1,a0,0x80000066
      6955 :    #6208 0 80000066 00004198  a4=00000166 ; c.lw    a4,0(a1) [f0040314]
      6956 :    #6209 0 80000068 000041dc  a5=000000ff ; c.lw    a5,128(a1) [f0040394]
      6957 :    #6210 0 8000006a 00004594  a3=0000014c ; c.lw    a3,8(a1) [f004031c]
      6958 :    #6211 0 8000006c 00f75c63              ; bge     a4,a5,0x80000084
      6960 :    #6212 0 80000084 fed74ae3              ; blt     a4,a3,0x80000078
      6962 :    #6213 0 80000088 00f6c463              ; blt     a3,a5,0x80000090
      6963 :    #6214 0 8000008c 0000c214              ; c.sw    a3,0(a2) [f0041948]
      6964 :    #6215 0 8000008e 0000b7f5              ; c.j     0x8000007a
      6965 :    #6216 0 8000007a 00000591  a1=f0040318 ; c.addi  a1,4
      6966 :    #6217 0 8000007c 00000611  a2=f004194c ; c.addi  a2,4
      6967 :    #6218 0 8000007e fea594e3              ; bne     a1,a0,0x80000066
      6968 :    #6219 0 80000066 00004198  a4=000000ff ; c.lw    a4,0(a1) [f0040318]
      6969 :    #6220 0 80000068 000041dc  a5=0000014c ; c.lw    a5,128(a1) [f0040398]
      6970 :    #6221 0 8000006a 00004594  a3=0000030a ; c.lw    a3,8(a1) [f0040320]
      6971 :    #6222 0 8000006c 00f75c63              ; bge     a4,a5,0x80000084
      6973 :    #6223 0 80000070 02d7c063              ; blt     a5,a3,0x80000090
      6974 :    #6224 0 80000090 0000c21c              ; c.sw    a5,0(a2) [f004194c]
      6975 :    #6225 0 80000092 0000b7e5              ; c.j     0x8000007a
      6976 :    #6226 0 8000007a 00000591  a1=f004031c ; c.addi  a1,4
      6977 :    #6227 0 8000007c 00000611  a2=f0041950 ; c.addi  a2,4
      6978 :    #6228 0 8000007e fea594e3              ; bne     a1,a0,0x80000066
      6979 :    #6229 0 80000066 00004198  a4=0000014c ; c.lw    a4,0(a1) [f004031c]
      6980 :    #6230 0 80000068 000041dc  a5=0000030a ; c.lw    a5,128(a1) [f004039c]
      6981 :    #6231 0 8000006a 00004594  a3=000002ac ; c.lw    a3,8(a1) [f0040324]
      6982 :    #6232 0 8000006c 00f75c63              ; bge     a4,a5,0x80000084
      6983 :    #6233 0 80000070 02d7c063              ; blt     a5,a3,0x80000090
      6984 :    #6234 0 80000074 00e6dc63              ; bge     a3,a4,0x8000008c
      6985 :    #6235 0 8000008c 0000c214              ; c.sw    a3,0(a2) [f0041950]
      6986 :    #6236 0 8000008e 0000b7f5              ; c.j     0x8000007a
      6987 :    #6237 0 8000007a 00000591  a1=f0040320 ; c.addi  a1,4
      6988 :    #6238 0 8000007c 00000611  a2=f0041954 ; c.addi  a2,4
      6989 :    #6239 0 8000007e fea594e3              ; bne     a1,a0,0x80000066
      6990 :    #6240 0 80000066 00004198  a4=0000030a ; c.lw    a4,0(a1) [f0040320]
      6991 :    #6241 0 80000068 000041dc  a5=000002ac ; c.lw    a5,128(a1) [f00403a0]
      6992 :    #6242 0 8000006a 00004594  a3=00000256 ; c.lw    a3,8(a1) [f0040328]
      6993 :    #6243 0 8000006c 00f75c63              ; bge     a4,a5,0x80000084
      6994 :    #6244 0 80000084 fed74ae3              ; blt     a4,a3,0x80000078
      6996 :    #6245 0 80000088 00f6c463              ; blt     a3,a5,0x80000090
      6997 :    #6246 0 80000090 0000c21c              ; c.sw    a5,0(a2) [f0041954]
      6998 :    #6247 0 80000092 0000b7e5              ; c.j     0x8000007a
      6999 :    #6248 0 8000007a 00000591  a1=f0040324 ; c.addi  a1,4
      7000 :    #6249 0 8000007c 00000611  a2=f0041958 ; c.addi  a2,4
      7001 :    #6250 0 8000007e fea594e3              ; bne     a1,a0,0x80000066
      7002 :    #6251 0 80000066 00004198  a4=000002ac ; c.lw    a4,0(a1) [f0040324]
      7003 :    #6252 0 80000068 000041dc  a5=00000256 ; c.lw    a5,128(a1) [f00403a4]
      7004 :    #6253 0 8000006a 00004594  a3=000002e4 ; c.lw    a3,8(a1) [f004032c]
      7005 :    #6254 0 8000006c 00f75c63              ; bge     a4,a5,0x80000084
      7006 :    #6255 0 80000084 fed74ae3              ; blt     a4,a3,0x80000078
      7007 :    #6256 0 80000078 0000c218              ; c.sw    a4,0(a2) [f0041958]
      7008 :    #6257 0 8000007a 00000591  a1=f0040328 ; c.addi  a1,4
      7009 :    #6258 0 8000007c 00000611  a2=f004195c ; c.addi  a2,4
      7010 :    #6259 0 8000007e fea594e3              ; bne     a1,a0,0x80000066
      7011 :    #6260 0 80000066 00004198  a4=00000256 ; c.lw    a4,0(a1) [f0040328]
      7012 :    #6261 0 80000068 000041dc  a5=000002e4 ; c.lw    a5,128(a1) [f00403a8]
      7013 :    #6262 0 8000006a 00004594  a3=0000008f ; c.lw    a3,8(a1) [f0040330]
      7014 :    #6263 0 8000006c 00f75c63              ; bge     a4,a5,0x80000084
      7015 :    #6264 0 80000070 02d7c063              ; blt     a5,a3,0x80000090
      7016 :    #6265 0 80000074 00e6dc63              ; bge     a3,a4,0x8000008c
      7018 :    #6266 0 80000078 0000c218              ; c.sw    a4,0(a2) [f004195c]
      7019 :    #6267 0 8000007a 00000591  a1=f004032c ; c.addi  a1,4
      7020 :    #6268 0 8000007c 00000611  a2=f0041960 ; c.addi  a2,4
      7021 :    #6269 0 8000007e fea594e3              ; bne     a1,a0,0x80000066
      7022 :    #6270 0 80000066 00004198  a4=000002e4 ; c.lw    a4,0(a1) [f004032c]
      7023 :    #6271 0 80000068 000041dc  a5=0000008f ; c.lw    a5,128(a1) [f00403ac]
      7024 :    #6272 0 8000006a 00004594  a3=000001be ; c.lw    a3,8(a1) [f0040334]
      7025 :    #6273 0 8000006c 00f75c63              ; bge     a4,a5,0x80000084
      7026 :    #6274 0 80000084 fed74ae3              ; blt     a4,a3,0x80000078
      7028 :    #6275 0 80000088 00f6c463              ; blt     a3,a5,0x80000090
      7029 :    #6276 0 8000008c 0000c214              ; c.sw    a3,0(a2) [f0041960]
      7030 :    #6277 0 8000008e 0000b7f5              ; c.j     0x8000007a
      7031 :    #6278 0 8000007a 00000591  a1=f0040330 ; c.addi  a1,4
      7032 :    #6279 0 8000007c 00000611  a2=f0041964 ; c.addi  a2,4
      7033 :    #6280 0 8000007e fea594e3              ; bne     a1,a0,0x80000066
      7034 :    #6281 0 80000066 00004198  a4=0000008f ; c.lw    a4,0(a1) [f0040330]
      7035 :    #6282 0 80000068 000041dc  a5=000001be ; c.lw    a5,128(a1) [f00403b0]
      7036 :    #6283 0 8000006a 00004594  a3=00000021 ; c.lw    a3,8(a1) [f0040338]
      7037 :    #6284 0 8000006c 00f75c63              ; bge     a4,a5,0x80000084
      7038 :    #6285 0 80000070 02d7c063              ; blt     a5,a3,0x80000090
      7039 :    #6286 0 80000074 00e6dc63              ; bge     a3,a4,0x8000008c
      7041 :    #6287 0 80000078 0000c218              ; c.sw    a4,0(a2) [f0041964]
      7042 :    #6288 0 8000007a 00000591  a1=f0040334 ; c.addi  a1,4
      7043 :    #6289 0 8000007c 00000611  a2=f0041968 ; c.addi  a2,4
      7044 :    #6290 0 8000007e fea594e3              ; bne     a1,a0,0x80000066
      7045 :    #6291 0 80000066 00004198  a4=000001be ; c.lw    a4,0(a1) [f0040334]
      7046 :    #6292 0 80000068 000041dc  a5=00000021 ; c.lw    a5,128(a1) [f00403b4]
      7047 :    #6293 0 8000006a 00004594  a3=00000137 ; c.lw    a3,8(a1) [f004033c]
      7048 :    #6294 0 8000006c 00f75c63              ; bge     a4,a5,0x80000084
      7049 :    #6295 0 80000084 fed74ae3              ; blt     a4,a3,0x80000078
      7051 :    #6296 0 80000088 00f6c463              ; blt     a3,a5,0x80000090
      7052 :    #6297 0 8000008c 0000c214              ; c.sw    a3,0(a2) [f0041968]
      7053 :    #6298 0 8000008e 0000b7f5              ; c.j     0x8000007a
      7054 :    #6299 0 8000007a 00000591  a1=f0040338 ; c.addi  a1,4
      7055 :    #6300 0 8000007c 00000611  a2=f004196c ; c.addi  a2,4
      7056 :    #6301 0 8000007e fea594e3              ; bne     a1,a0,0x80000066
      7057 :    #6302 0 80000066 00004198  a4=00000021 ; c.lw    a4,0(a1) [f0040338]
      7058 :    #6303 0 80000068 000041dc  a5=00000137 ; c.lw    a5,128(a1) [f00403b8]
      7059 :    #6304 0 8000006a 00004594  a3=0000007d ; c.lw    a3,8(a1) [f0040340]
      7060 :    #6305 0 8000006c 00f75c63              ; bge     a4,a5,0x80000084
      7061 :    #6306 0 80000070 02d7c063              ; blt     a5,a3,0x80000090
      7062 :    #6307 0 80000074 00e6dc63              ; bge     a3,a4,0x8000008c
      7063 :    #6308 0 8000008c 0000c214              ; c.sw    a3,0(a2) [f004196c]
      7064 :    #6309 0 8000008e 0000b7f5              ; c.j     0x8000007a
      7065 :    #6310 0 8000007a 00000591  a1=f004033c ; c.addi  a1,4
      7066 :    #6311 0 8000007c 00000611  a2=f0041970 ; c.addi  a2,4
      7067 :    #6312 0 8000007e fea594e3              ; bne     a1,a0,0x80000066
      7068 :    #6313 0 80000066 00004198  a4=00000137 ; c.lw    a4,0(a1) [f004033c]
      7069 :    #6314 0 80000068 000041dc  a5=0000007d ; c.lw    a5,128(a1) [f00403bc]
      7070 :    #6315 0 8000006a 00004594  a3=000002e7 ; c.lw    a3,8(a1) [f0040344]
      7071 :    #6316 0 8000006c 00f75c63              ; bge     a4,a5,0x80000084
      7072 :    #6317 0 80000084 fed74ae3              ; blt     a4,a3,0x80000078
      7073 :    #6318 0 80000078 0000c218              ; c.sw    a4,0(a2) [f0041970]
      7074 :    #6319 0 8000007a 00000591  a1=f0040340 ; c.addi  a1,4
      7075 :    #6320 0 8000007c 00000611  a2=f0041974 ; c.addi  a2,4
      7076 :    #6321 0 8000007e fea594e3              ; bne     a1,a0,0x80000066
      7078 :    #6322 0 80000066 00004198  a4=0000007d ; c.lw    a4,0(a1) [f0040340]
      7079 :    #6323 0 80000068 000041dc  a5=000002e7 ; c.lw    a5,128(a1) [f00403c0]
      7080 :    #6324 0 8000006a 00004594  a3=000003ad ; c.lw    a3,8(a1) [f0040348]
      7081 :    #6325 0 8000006c 00f75c63              ; bge     a4,a5,0x80000084
      7082 :    #6326 0 80000070 02d7c063              ; blt     a5,a3,0x80000090
      7084 :    #6327 0 80000090 0000c21c              ; c.sw    a5,0(a2) [f0041974]
      7085 :    #6328 0 80000092 0000b7e5              ; c.j     0x8000007a
      7086 :    #6329 0 8000007a 00000591  a1=f0040344 ; c.addi  a1,4
      7087 :    #6330 0 8000007c 00000611  a2=f0041978 ; c.addi  a2,4
      7088 :    #6331 0 8000007e fea594e3              ; bne     a1,a0,0x80000066
      7089 :    #6332 0 80000066 00004198  a4=000002e7 ; c.lw    a4,0(a1) [f0040344]
      7090 :    #6333 0 80000068 000041dc  a5=000003ad ; c.lw    a5,128(a1) [f00403c4]
      7091 :    #6334 0 8000006a 00004594  a3=0000022d ; c.lw    a3,8(a1) [f004034c]
      7092 :    #6335 0 8000006c 00f75c63              ; bge     a4,a5,0x80000084
      7094 :    #6336 0 80000070 02d7c063              ; blt     a5,a3,0x80000090
      7096 :    #6337 0 80000074 00e6dc63              ; bge     a3,a4,0x8000008c
      7097 :    #6338 0 80000078 0000c218              ; c.sw    a4,0(a2) [f0041978]
      7098 :    #6339 0 8000007a 00000591  a1=f0040348 ; c.addi  a1,4
      7099 :    #6340 0 8000007c 00000611  a2=f004197c ; c.addi  a2,4
      7100 :    #6341 0 8000007e fea594e3              ; bne     a1,a0,0x80000066
      7101 :    #6342 0 80000066 00004198  a4=000003ad ; c.lw    a4,0(a1) [f0040348]
      7102 :    #6343 0 80000068 000041dc  a5=0000022d ; c.lw    a5,128(a1) [f00403c8]
      7103 :    #6344 0 8000006a 00004594  a3=000003a5 ; c.lw    a3,8(a1) [f0040350]
      7104 :    #6345 0 8000006c 00f75c63              ; bge     a4,a5,0x80000084
      7105 :    #6346 0 80000084 fed74ae3              ; blt     a4,a3,0x80000078
      7107 :    #6347 0 80000088 00f6c463              ; blt     a3,a5,0x80000090
      7109 :    #6348 0 8000008c 0000c214              ; c.sw    a3,0(a2) [f004197c]
      7110 :    #6349 0 8000008e 0000b7f5              ; c.j     0x8000007a
      7111 :    #6350 0 8000007a 00000591  a1=f004034c ; c.addi  a1,4
      7112 :    #6351 0 8000007c 00000611  a2=f0041980 ; c.addi  a2,4
      7113 :    #6352 0 8000007e fea594e3              ; bne     a1,a0,0x80000066
      7114 :    #6353 0 80000066 00004198  a4=0000022d ; c.lw    a4,0(a1) [f004034c]
      7115 :    #6354 0 80000068 000041dc  a5=000003a5 ; c.lw    a5,128(a1) [f00403cc]
      7116 :    #6355 0 8000006a 00004594  a3=000001df ; c.lw    a3,8(a1) [f0040354]
      7117 :    #6356 0 8000006c 00f75c63              ; bge     a4,a5,0x80000084
      7119 :    #6357 0 80000070 02d7c063              ; blt     a5,a3,0x80000090
      7121 :    #6358 0 80000074 00e6dc63              ; bge     a3,a4,0x8000008c
      7123 :    #6359 0 80000078 0000c218              ; c.sw    a4,0(a2) [f0041980]
      7124 :    #6360 0 8000007a 00000591  a1=f0040350 ; c.addi  a1,4
      7125 :    #6361 0 8000007c 00000611  a2=f0041984 ; c.addi  a2,4
      7126 :    #6362 0 8000007e fea594e3              ; bne     a1,a0,0x80000066
      7127 :    #6363 0 80000066 00004198  a4=000003a5 ; c.lw    a4,0(a1) [f0040350]
      7128 :    #6364 0 80000068 000041dc  a5=000001df ; c.lw    a5,128(a1) [f00403d0]
      7129 :    #6365 0 8000006a 00004594  a3=0000031f ; c.lw    a3,8(a1) [f0040358]
      7130 :    #6366 0 8000006c 00f75c63              ; bge     a4,a5,0x80000084
      7131 :    #6367 0 80000084 fed74ae3              ; blt     a4,a3,0x80000078
      7132 :    #6368 0 80000088 00f6c463              ; blt     a3,a5,0x80000090
      7133 :    #6369 0 8000008c 0000c214              ; c.sw    a3,0(a2) [f0041984]
      7134 :    #6370 0 8000008e 0000b7f5              ; c.j     0x8000007a
      7135 :    #6371 0 8000007a 00000591  a1=f0040354 ; c.addi  a1,4
      7136 :    #6372 0 8000007c 00000611  a2=f0041988 ; c.addi  a2,4
      7137 :    #6373 0 8000007e fea594e3              ; bne     a1,a0,0x80000066
      7138 :    #6374 0 80000066 00004198  a4=000001df ; c.lw    a4,0(a1) [f0040354]
      7139 :    #6375 0 80000068 000041dc  a5=0000031f ; c.lw    a5,128(a1) [f00403d4]
      7140 :    #6376 0 8000006a 00004594  a3=0000022d ; c.lw    a3,8(a1) [f004035c]
      7141 :    #6377 0 8000006c 00f75c63              ; bge     a4,a5,0x80000084
      7142 :    #6378 0 80000070 02d7c063              ; blt     a5,a3,0x80000090
      7143 :    #6379 0 80000074 00e6dc63              ; bge     a3,a4,0x8000008c
      7144 :    #6380 0 8000008c 0000c214              ; c.sw    a3,0(a2) [f0041988]
      7145 :    #6381 0 8000008e 0000b7f5              ; c.j     0x8000007a
      7146 :    #6382 0 8000007a 00000591  a1=f0040358 ; c.addi  a1,4
      7147 :    #6383 0 8000007c 00000611  a2=f004198c ; c.addi  a2,4
      7148 :    #6384 0 8000007e fea594e3              ; bne     a1,a0,0x80000066
      7149 :    #6385 0 80000066 00004198  a4=0000031f ; c.lw    a4,0(a1) [f0040358]
      7150 :    #6386 0 80000068 000041dc  a5=0000022d ; c.lw    a5,128(a1) [f00403d8]
      7151 :    #6387 0 8000006a 00004594  a3=00000229 ; c.lw    a3,8(a1) [f0040360]
      7152 :    #6388 0 8000006c 00f75c63              ; bge     a4,a5,0x80000084
      7153 :    #6389 0 80000084 fed74ae3              ; blt     a4,a3,0x80000078
      7155 :    #6390 0 80000088 00f6c463              ; blt     a3,a5,0x80000090
      7156 :    #6391 0 80000090 0000c21c              ; c.sw    a5,0(a2) [f004198c]
      7157 :    #6392 0 80000092 0000b7e5              ; c.j     0x8000007a
      7158 :    #6393 0 8000007a 00000591  a1=f004035c ; c.addi  a1,4
      7159 :    #6394 0 8000007c 00000611  a2=f0041990 ; c.addi  a2,4
      7160 :    #6395 0 8000007e fea594e3              ; bne     a1,a0,0x80000066
      7161 :    #6396 0 80000066 00004198  a4=0000022d ; c.lw    a4,0(a1) [f004035c]
      7162 :    #6397 0 80000068 000041dc  a5=00000229 ; c.lw    a5,128(a1) [f00403dc]
      7163 :    #6398 0 8000006a 00004594  a3=0000039d ; c.lw    a3,8(a1) [f0040364]
      7164 :    #6399 0 8000006c 00f75c63              ; bge     a4,a5,0x80000084
      7165 :    #6400 0 80000084 fed74ae3              ; blt     a4,a3,0x80000078
      7166 :    #6401 0 80000078 0000c218              ; c.sw    a4,0(a2) [f0041990]
      7167 :    #6402 0 8000007a 00000591  a1=f0040360 ; c.addi  a1,4
      7168 :    #6403 0 8000007c 00000611  a2=f0041994 ; c.addi  a2,4
      7169 :    #6404 0 8000007e fea594e3              ; bne     a1,a0,0x80000066
      7170 :    #6405 0 80000066 00004198  a4=00000229 ; c.lw    a4,0(a1) [f0040360]
      7171 :    #6406 0 80000068 000041dc  a5=0000039d ; c.lw    a5,128(a1) [f00403e0]
      7172 :    #6407 0 8000006a 00004594  a3=000001af ; c.lw    a3,8(a1) [f0040368]
      7173 :    #6408 0 8000006c 00f75c63              ; bge     a4,a5,0x80000084
      7174 :    #6409 0 80000070 02d7c063              ; blt     a5,a3,0x80000090
      7175 :    #6410 0 80000074 00e6dc63              ; bge     a3,a4,0x8000008c
      7177 :    #6411 0 80000078 0000c218              ; c.sw    a4,0(a2) [f0041994]
      7178 :    #6412 0 8000007a 00000591  a1=f0040364 ; c.addi  a1,4
      7179 :    #6413 0 8000007c 00000611  a2=f0041998 ; c.addi  a2,4
      7180 :    #6414 0 8000007e fea594e3              ; bne     a1,a0,0x80000066
      7181 :    #6415 0 80000066 00004198  a4=0000039d ; c.lw    a4,0(a1) [f0040364]
      7182 :    #6416 0 80000068 000041dc  a5=000001af ; c.lw    a5,128(a1) [f00403e4]
      7183 :    #6417 0 8000006a 00004594  a3=0000031c ; c.lw    a3,8(a1) [f004036c]
      7184 :    #6418 0 8000006c 00f75c63              ; bge     a4,a5,0x80000084
      7185 :    #6419 0 80000084 fed74ae3              ; blt     a4,a3,0x80000078
      7186 :    #6420 0 80000088 00f6c463              ; blt     a3,a5,0x80000090
      7187 :    #6421 0 8000008c 0000c214              ; c.sw    a3,0(a2) [f0041998]
      7188 :    #6422 0 8000008e 0000b7f5              ; c.j     0x8000007a
      7189 :    #6423 0 8000007a 00000591  a1=f0040368 ; c.addi  a1,4
      7190 :    #6424 0 8000007c 00000611  a2=f004199c ; c.addi  a2,4
      7191 :    #6425 0 8000007e fea594e3              ; bne     a1,a0,0x80000066
      7192 :    #6426 0 80000066 00004198  a4=000001af ; c.lw    a4,0(a1) [f0040368]
      7193 :    #6427 0 80000068 000041dc  a5=0000031c ; c.lw    a5,128(a1) [f00403e8]
      7194 :    #6428 0 8000006a 00004594  a3=00000288 ; c.lw    a3,8(a1) [f0040370]
      7195 :    #6429 0 8000006c 00f75c63              ; bge     a4,a5,0x80000084
      7196 :    #6430 0 80000070 02d7c063              ; blt     a5,a3,0x80000090
      7197 :    #6431 0 80000074 00e6dc63              ; bge     a3,a4,0x8000008c
      7198 :    #6432 0 8000008c 0000c214              ; c.sw    a3,0(a2) [f004199c]
      7199 :    #6433 0 8000008e 0000b7f5              ; c.j     0x8000007a
      7200 :    #6434 0 8000007a 00000591  a1=f004036c ; c.addi  a1,4
      7201 :    #6435 0 8000007c 00000611  a2=f00419a0 ; c.addi  a2,4
      7202 :    #6436 0 8000007e fea594e3              ; bne     a1,a0,0x80000066
      7203 :    #6437 0 80000066 00004198  a4=0000031c ; c.lw    a4,0(a1) [f004036c]
      7204 :    #6438 0 80000068 000041dc  a5=00000288 ; c.lw    a5,128(a1) [f00403ec]
      7205 :    #6439 0 8000006a 00004594  a3=00000165 ; c.lw    a3,8(a1) [f0040374]
      7206 :    #6440 0 8000006c 00f75c63              ; bge     a4,a5,0x80000084
      7207 :    #6441 0 80000084 fed74ae3              ; blt     a4,a3,0x80000078
      7209 :    #6442 0 80000088 00f6c463              ; blt     a3,a5,0x80000090
      7210 :    #6443 0 80000090 0000c21c              ; c.sw    a5,0(a2) [f00419a0]
      7211 :    #6444 0 80000092 0000b7e5              ; c.j     0x8000007a
      7212 :    #6445 0 8000007a 00000591  a1=f0040370 ; c.addi  a1,4
      7213 :    #6446 0 8000007c 00000611  a2=f00419a4 ; c.addi  a2,4
      7214 :    #6447 0 8000007e fea594e3              ; bne     a1,a0,0x80000066
      7215 :    #6448 0 80000066 00004198  a4=00000288 ; c.lw    a4,0(a1) [f0040370]
      7216 :    #6449 0 80000068 000041dc  a5=00000165 ; c.lw    a5,128(a1) [f00403f0]
      7217 :    #6450 0 8000006a 00004594  a3=000003b8 ; c.lw    a3,8(a1) [f0040378]
      7218 :    #6451 0 8000006c 00f75c63              ; bge     a4,a5,0x80000084
      7219 :    #6452 0 80000084 fed74ae3              ; blt     a4,a3,0x80000078
      7220 :    #6453 0 80000078 0000c218              ; c.sw    a4,0(a2) [f00419a4]
      7221 :    #6454 0 8000007a 00000591  a1=f0040374 ; c.addi  a1,4
      7222 :    #6455 0 8000007c 00000611  a2=f00419a8 ; c.addi  a2,4
      7223 :    #6456 0 8000007e fea594e3              ; bne     a1,a0,0x80000066
      7224 :    #6457 0 80000066 00004198  a4=00000165 ; c.lw    a4,0(a1) [f0040374]
      7225 :    #6458 0 80000068 000041dc  a5=000003b8 ; c.lw    a5,128(a1) [f00403f4]
      7226 :    #6459 0 8000006a 00004594  a3=0000037b ; c.lw    a3,8(a1) [f004037c]
      7227 :    #6460 0 8000006c 00f75c63              ; bge     a4,a5,0x80000084
      7228 :    #6461 0 80000070 02d7c063              ; blt     a5,a3,0x80000090
      7229 :    #6462 0 80000074 00e6dc63              ; bge     a3,a4,0x8000008c
      7231 :    #6463 0 8000008c 0000c214              ; c.sw    a3,0(a2) [f00419a8]
      7232 :    #6464 0 8000008e 0000b7f5              ; c.j     0x8000007a
      7233 :    #6465 0 8000007a 00000591  a1=f0040378 ; c.addi  a1,4
      7234 :    #6466 0 8000007c 00000611  a2=f00419ac ; c.addi  a2,4
      7235 :    #6467 0 8000007e fea594e3              ; bne     a1,a0,0x80000066
      7236 :    #6468 0 80000066 00004198  a4=000003b8 ; c.lw    a4,0(a1) [f0040378]
      7237 :    #6469 0 80000068 000041dc  a5=0000037b ; c.lw    a5,128(a1) [f00403f8]
      7238 :    #6470 0 8000006a 00004594  a3=0000011f ; c.lw    a3,8(a1) [f0040380]
      7239 :    #6471 0 8000006c 00f75c63              ; bge     a4,a5,0x80000084
      7240 :    #6472 0 80000084 fed74ae3              ; blt     a4,a3,0x80000078
      7241 :    #6473 0 80000088 00f6c463              ; blt     a3,a5,0x80000090
      7243 :    #6474 0 80000090 0000c21c              ; c.sw    a5,0(a2) [f00419ac]
      7244 :    #6475 0 80000092 0000b7e5              ; c.j     0x8000007a
      7245 :    #6476 0 8000007a 00000591  a1=f004037c ; c.addi  a1,4
      7246 :    #6477 0 8000007c 00000611  a2=f00419b0 ; c.addi  a2,4
      7247 :    #6478 0 8000007e fea594e3              ; bne     a1,a0,0x80000066
      7248 :    #6479 0 80000066 00004198  a4=0000037b ; c.lw    a4,0(a1) [f004037c]
      7249 :    #6480 0 80000068 000041dc  a5=0000011f ; c.lw    a5,128(a1) [f00403fc]
      7250 :    #6481 0 8000006a 00004594  a3=0000029a ; c.lw    a3,8(a1) [f0040384]
      7251 :    #6482 0 8000006c 00f75c63              ; bge     a4,a5,0x80000084
      7252 :    #6483 0 80000084 fed74ae3              ; blt     a4,a3,0x80000078
      7254 :    #6484 0 80000088 00f6c463              ; blt     a3,a5,0x80000090
      7256 :    #6485 0 8000008c 0000c214              ; c.sw    a3,0(a2) [f00419b0]
      7257 :    #6486 0 8000008e 0000b7f5              ; c.j     0x8000007a
      7258 :    #6487 0 8000007a 00000591  a1=f0040380 ; c.addi  a1,4
      7259 :    #6488 0 8000007c 00000611  a2=f00419b4 ; c.addi  a2,4
      7260 :    #6489 0 8000007e fea594e3              ; bne     a1,a0,0x80000066
      7261 :    #6490 0 80000066 00004198  a4=0000011f ; c.lw    a4,0(a1) [f0040380]
      7262 :    #6491 0 80000068 000041dc  a5=0000029a ; c.lw    a5,128(a1) [f0040400]
      7263 :    #6492 0 8000006a 00004594  a3=00000013 ; c.lw    a3,8(a1) [f0040388]
      7264 :    #6493 0 8000006c 00f75c63              ; bge     a4,a5,0x80000084
      7265 :    #6494 0 80000070 02d7c063              ; blt     a5,a3,0x80000090
      7267 :    #6495 0 80000074 00e6dc63              ; bge     a3,a4,0x8000008c
      7269 :    #6496 0 80000078 0000c218              ; c.sw    a4,0(a2) [f00419b4]
      7270 :    #6497 0 8000007a 00000591  a1=f0040384 ; c.addi  a1,4
      7271 :    #6498 0 8000007c 00000611  a2=f00419b8 ; c.addi  a2,4
      7272 :    #6499 0 8000007e fea594e3              ; bne     a1,a0,0x80000066
      7273 :    #6500 0 80000066 00004198  a4=0000029a ; c.lw    a4,0(a1) [f0040384]
      7274 :    #6501 0 80000068 000041dc  a5=00000013 ; c.lw    a5,128(a1) [f0040404]
      7275 :    #6502 0 8000006a 00004594  a3=00000202 ; c.lw    a3,8(a1) [f004038c]
      7276 :    #6503 0 8000006c 00f75c63              ; bge     a4,a5,0x80000084
      7277 :    #6504 0 80000084 fed74ae3              ; blt     a4,a3,0x80000078
      7278 :    #6505 0 80000088 00f6c463              ; blt     a3,a5,0x80000090
      7279 :    #6506 0 8000008c 0000c214              ; c.sw    a3,0(a2) [f00419b8]
      7280 :    #6507 0 8000008e 0000b7f5              ; c.j     0x8000007a
      7281 :    #6508 0 8000007a 00000591  a1=f0040388 ; c.addi  a1,4
      7282 :    #6509 0 8000007c 00000611  a2=f00419bc ; c.addi  a2,4
      7283 :    #6510 0 8000007e fea594e3              ; bne     a1,a0,0x80000066
      7284 :    #6511 0 80000066 00004198  a4=00000013 ; c.lw    a4,0(a1) [f0040388]
      7285 :    #6512 0 80000068 000041dc  a5=00000202 ; c.lw    a5,128(a1) [f0040408]
      7286 :    #6513 0 8000006a 00004594  a3=00000031 ; c.lw    a3,8(a1) [f0040390]
      7287 :    #6514 0 8000006c 00f75c63              ; bge     a4,a5,0x80000084
      7288 :    #6515 0 80000070 02d7c063              ; blt     a5,a3,0x80000090
      7289 :    #6516 0 80000074 00e6dc63              ; bge     a3,a4,0x8000008c
      7290 :    #6517 0 8000008c 0000c214              ; c.sw    a3,0(a2) [f00419bc]
      7291 :    #6518 0 8000008e 0000b7f5              ; c.j     0x8000007a
      7292 :    #6519 0 8000007a 00000591  a1=f004038c ; c.addi  a1,4
      7293 :    #6520 0 8000007c 00000611  a2=f00419c0 ; c.addi  a2,4
      7294 :    #6521 0 8000007e fea594e3              ; bne     a1,a0,0x80000066
      7295 :    #6522 0 80000066 00004198  a4=00000202 ; c.lw    a4,0(a1) [f004038c]
      7296 :    #6523 0 80000068 000041dc  a5=00000031 ; c.lw    a5,128(a1) [f004040c]
      7297 :    #6524 0 8000006a 00004594  a3=0000022d ; c.lw    a3,8(a1) [f0040394]
      7298 :    #6525 0 8000006c 00f75c63              ; bge     a4,a5,0x80000084
      7299 :    #6526 0 80000084 fed74ae3              ; blt     a4,a3,0x80000078
      7300 :    #6527 0 80000078 0000c218              ; c.sw    a4,0(a2) [f00419c0]
      7301 :    #6528 0 8000007a 00000591  a1=f0040390 ; c.addi  a1,4
      7302 :    #6529 0 8000007c 00000611  a2=f00419c4 ; c.addi  a2,4
      7303 :    #6530 0 8000007e fea594e3              ; bne     a1,a0,0x80000066
      7304 :    #6531 0 80000066 00004198  a4=00000031 ; c.lw    a4,0(a1) [f0040390]
      7305 :    #6532 0 80000068 000041dc  a5=0000022d ; c.lw    a5,128(a1) [f0040410]
      7306 :    #6533 0 8000006a 00004594  a3=00000056 ; c.lw    a3,8(a1) [f0040398]
      7307 :    #6534 0 8000006c 00f75c63              ; bge     a4,a5,0x80000084
      7308 :    #6535 0 80000070 02d7c063              ; blt     a5,a3,0x80000090
      7309 :    #6536 0 80000074 00e6dc63              ; bge     a3,a4,0x8000008c
      7310 :    #6537 0 8000008c 0000c214              ; c.sw    a3,0(a2) [f00419c4]
      7311 :    #6538 0 8000008e 0000b7f5              ; c.j     0x8000007a
      7312 :    #6539 0 8000007a 00000591  a1=f0040394 ; c.addi  a1,4
      7313 :    #6540 0 8000007c 00000611  a2=f00419c8 ; c.addi  a2,4
      7314 :    #6541 0 8000007e fea594e3              ; bne     a1,a0,0x80000066
      7315 :    #6542 0 80000066 00004198  a4=0000022d ; c.lw    a4,0(a1) [f0040394]
      7316 :    #6543 0 80000068 000041dc  a5=00000056 ; c.lw    a5,128(a1) [f0040414]
      7317 :    #6544 0 8000006a 00004594  a3=00000366 ; c.lw    a3,8(a1) [f004039c]
      7318 :    #6545 0 8000006c 00f75c63              ; bge     a4,a5,0x80000084
      7319 :    #6546 0 80000084 fed74ae3              ; blt     a4,a3,0x80000078
      7320 :    #6547 0 80000078 0000c218              ; c.sw    a4,0(a2) [f00419c8]
      7321 :    #6548 0 8000007a 00000591  a1=f0040398 ; c.addi  a1,4
      7322 :    #6549 0 8000007c 00000611  a2=f00419cc ; c.addi  a2,4
      7323 :    #6550 0 8000007e fea594e3              ; bne     a1,a0,0x80000066
      7324 :    #6551 0 80000066 00004198  a4=00000056 ; c.lw    a4,0(a1) [f0040398]
      7325 :    #6552 0 80000068 000041dc  a5=00000366 ; c.lw    a5,128(a1) [f0040418]
      7326 :    #6553 0 8000006a 00004594  a3=0000005f ; c.lw    a3,8(a1) [f00403a0]
      7327 :    #6554 0 8000006c 00f75c63              ; bge     a4,a5,0x80000084
      7328 :    #6555 0 80000070 02d7c063              ; blt     a5,a3,0x80000090
      7329 :    #6556 0 80000074 00e6dc63              ; bge     a3,a4,0x8000008c
      7330 :    #6557 0 8000008c 0000c214              ; c.sw    a3,0(a2) [f00419cc]
      7331 :    #6558 0 8000008e 0000b7f5              ; c.j     0x8000007a
      7332 :    #6559 0 8000007a 00000591  a1=f004039c ; c.addi  a1,4
      7333 :    #6560 0 8000007c 00000611  a2=f00419d0 ; c.addi  a2,4
      7334 :    #6561 0 8000007e fea594e3              ; bne     a1,a0,0x80000066
      7335 :    #6562 0 80000066 00004198  a4=00000366 ; c.lw    a4,0(a1) [f004039c]
      7336 :    #6563 0 80000068 000041dc  a5=0000005f ; c.lw    a5,128(a1) [f004041c]
      7337 :    #6564 0 8000006a 00004594  a3=00000355 ; c.lw    a3,8(a1) [f00403a4]
      7338 :    #6565 0 8000006c 00f75c63              ; bge     a4,a5,0x80000084
      7339 :    #6566 0 80000084 fed74ae3              ; blt     a4,a3,0x80000078
      7341 :    #6567 0 80000088 00f6c463              ; blt     a3,a5,0x80000090
      7343 :    #6568 0 8000008c 0000c214              ; c.sw    a3,0(a2) [f00419d0]
      7344 :    #6569 0 8000008e 0000b7f5              ; c.j     0x8000007a
      7345 :    #6570 0 8000007a 00000591  a1=f00403a0 ; c.addi  a1,4
      7346 :    #6571 0 8000007c 00000611  a2=f00419d4 ; c.addi  a2,4
      7347 :    #6572 0 8000007e fea594e3              ; bne     a1,a0,0x80000066
      7348 :    #6573 0 80000066 00004198  a4=0000005f ; c.lw    a4,0(a1) [f00403a0]
      7349 :    #6574 0 80000068 000041dc  a5=00000355 ; c.lw    a5,128(a1) [f0040420]
      7350 :    #6575 0 8000006a 00004594  a3=000001b9 ; c.lw    a3,8(a1) [f00403a8]
      7351 :    #6576 0 8000006c 00f75c63              ; bge     a4,a5,0x80000084
      7352 :    #6577 0 80000070 02d7c063              ; blt     a5,a3,0x80000090
      7354 :    #6578 0 80000074 00e6dc63              ; bge     a3,a4,0x8000008c
      7355 :    #6579 0 8000008c 0000c214              ; c.sw    a3,0(a2) [f00419d4]
      7356 :    #6580 0 8000008e 0000b7f5              ; c.j     0x8000007a
      7357 :    #6581 0 8000007a 00000591  a1=f00403a4 ; c.addi  a1,4
      7358 :    #6582 0 8000007c 00000611  a2=f00419d8 ; c.addi  a2,4
      7359 :    #6583 0 8000007e fea594e3              ; bne     a1,a0,0x80000066
      7360 :    #6584 0 80000066 00004198  a4=00000355 ; c.lw    a4,0(a1) [f00403a4]
      7361 :    #6585 0 80000068 000041dc  a5=000001b9 ; c.lw    a5,128(a1) [f0040424]
      7362 :    #6586 0 8000006a 00004594  a3=000001b8 ; c.lw    a3,8(a1) [f00403ac]
      7363 :    #6587 0 8000006c 00f75c63              ; bge     a4,a5,0x80000084
      7365 :    #6588 0 80000084 fed74ae3              ; blt     a4,a3,0x80000078
      7366 :    #6589 0 80000088 00f6c463              ; blt     a3,a5,0x80000090
      7367 :    #6590 0 80000090 0000c21c              ; c.sw    a5,0(a2) [f00419d8]
      7368 :    #6591 0 80000092 0000b7e5              ; c.j     0x8000007a
      7369 :    #6592 0 8000007a 00000591  a1=f00403a8 ; c.addi  a1,4
      7370 :    #6593 0 8000007c 00000611  a2=f00419dc ; c.addi  a2,4
      7371 :    #6594 0 8000007e fea594e3              ; bne     a1,a0,0x80000066
      7372 :    #6595 0 80000066 00004198  a4=000001b9 ; c.lw    a4,0(a1) [f00403a8]
      7373 :    #6596 0 80000068 000041dc  a5=000001b8 ; c.lw    a5,128(a1) [f0040428]
      7374 :    #6597 0 8000006a 00004594  a3=0000024b ; c.lw    a3,8(a1) [f00403b0]
      7375 :    #6598 0 8000006c 00f75c63              ; bge     a4,a5,0x80000084
      7377 :    #6599 0 80000084 fed74ae3              ; blt     a4,a3,0x80000078
      7378 :    #6600 0 80000078 0000c218              ; c.sw    a4,0(a2) [f00419dc]
      7379 :    #6601 0 8000007a 00000591  a1=f00403ac ; c.addi  a1,4
      7380 :    #6602 0 8000007c 00000611  a2=f00419e0 ; c.addi  a2,4
      7381 :    #6603 0 8000007e fea594e3              ; bne     a1,a0,0x80000066
      7382 :    #6604 0 80000066 00004198  a4=000001b8 ; c.lw    a4,0(a1) [f00403ac]
      7383 :    #6605 0 80000068 000041dc  a5=0000024b ; c.lw    a5,128(a1) [f004042c]
      7384 :    #6606 0 8000006a 00004594  a3=0000003d ; c.lw    a3,8(a1) [f00403b4]
      7385 :    #6607 0 8000006c 00f75c63              ; bge     a4,a5,0x80000084
      7386 :    #6608 0 80000070 02d7c063              ; blt     a5,a3,0x80000090
      7387 :    #6609 0 80000074 00e6dc63              ; bge     a3,a4,0x8000008c
      7388 :    #6610 0 80000078 0000c218              ; c.sw    a4,0(a2) [f00419e0]
      7389 :    #6611 0 8000007a 00000591  a1=f00403b0 ; c.addi  a1,4
      7390 :    #6612 0 8000007c 00000611  a2=f00419e4 ; c.addi  a2,4
      7391 :    #6613 0 8000007e fea594e3              ; bne     a1,a0,0x80000066
      7392 :    #6614 0 80000066 00004198  a4=0000024b ; c.lw    a4,0(a1) [f00403b0]
      7393 :    #6615 0 80000068 000041dc  a5=0000003d ; c.lw    a5,128(a1) [f0040430]
      7394 :    #6616 0 8000006a 00004594  a3=00000266 ; c.lw    a3,8(a1) [f00403b8]
      7395 :    #6617 0 8000006c 00f75c63              ; bge     a4,a5,0x80000084
      7396 :    #6618 0 80000084 fed74ae3              ; blt     a4,a3,0x80000078
      7398 :    #6619 0 80000078 0000c218              ; c.sw    a4,0(a2) [f00419e4]
      7399 :    #6620 0 8000007a 00000591  a1=f00403b4 ; c.addi  a1,4
      7400 :    #6621 0 8000007c 00000611  a2=f00419e8 ; c.addi  a2,4
      7401 :    #6622 0 8000007e fea594e3              ; bne     a1,a0,0x80000066
      7402 :    #6623 0 80000066 00004198  a4=0000003d ; c.lw    a4,0(a1) [f00403b4]
      7403 :    #6624 0 80000068 000041dc  a5=00000266 ; c.lw    a5,128(a1) [f0040434]
      7404 :    #6625 0 8000006a 00004594  a3=000002a6 ; c.lw    a3,8(a1) [f00403bc]
      7405 :    #6626 0 8000006c 00f75c63              ; bge     a4,a5,0x80000084
      7406 :    #6627 0 80000070 02d7c063              ; blt     a5,a3,0x80000090
      7408 :    #6628 0 80000090 0000c21c              ; c.sw    a5,0(a2) [f00419e8]
      7409 :    #6629 0 80000092 0000b7e5              ; c.j     0x8000007a
      7410 :    #6630 0 8000007a 00000591  a1=f00403b8 ; c.addi  a1,4
      7411 :    #6631 0 8000007c 00000611  a2=f00419ec ; c.addi  a2,4
      7412 :    #6632 0 8000007e fea594e3              ; bne     a1,a0,0x80000066
      7413 :    #6633 0 80000066 00004198  a4=00000266 ; c.lw    a4,0(a1) [f00403b8]
      7414 :    #6634 0 80000068 000041dc  a5=000002a6 ; c.lw    a5,128(a1) [f0040438]
      7415 :    #6635 0 8000006a 00004594  a3=0000017e ; c.lw    a3,8(a1) [f00403c0]
      7416 :    #6636 0 8000006c 00f75c63              ; bge     a4,a5,0x80000084
      7418 :    #6637 0 80000070 02d7c063              ; blt     a5,a3,0x80000090
      7420 :    #6638 0 80000074 00e6dc63              ; bge     a3,a4,0x8000008c
      7421 :    #6639 0 80000078 0000c218              ; c.sw    a4,0(a2) [f00419ec]
      7422 :    #6640 0 8000007a 00000591  a1=f00403bc ; c.addi  a1,4
      7423 :    #6641 0 8000007c 00000611  a2=f00419f0 ; c.addi  a2,4
      7424 :    #6642 0 8000007e fea594e3              ; bne     a1,a0,0x80000066
      7425 :    #6643 0 80000066 00004198  a4=000002a6 ; c.lw    a4,0(a1) [f00403bc]
      7426 :    #6644 0 80000068 000041dc  a5=0000017e ; c.lw    a5,128(a1) [f004043c]
      7427 :    #6645 0 8000006a 00004594  a3=0000018c ; c.lw    a3,8(a1) [f00403c4]
      7428 :    #6646 0 8000006c 00f75c63              ; bge     a4,a5,0x80000084
      7429 :    #6647 0 80000084 fed74ae3              ; blt     a4,a3,0x80000078
      7431 :    #6648 0 80000088 00f6c463              ; blt     a3,a5,0x80000090
      7433 :    #6649 0 8000008c 0000c214              ; c.sw    a3,0(a2) [f00419f0]
      7434 :    #6650 0 8000008e 0000b7f5              ; c.j     0x8000007a
      7435 :    #6651 0 8000007a 00000591  a1=f00403c0 ; c.addi  a1,4
      7436 :    #6652 0 8000007c 00000611  a2=f00419f4 ; c.addi  a2,4
      7437 :    #6653 0 8000007e fea594e3              ; bne     a1,a0,0x80000066
      7438 :    #6654 0 80000066 00004198  a4=0000017e ; c.lw    a4,0(a1) [f00403c0]
      7439 :    #6655 0 80000068 000041dc  a5=0000018c ; c.lw    a5,128(a1) [f0040440]
      7440 :    #6656 0 8000006a 00004594  a3=00000118 ; c.lw    a3,8(a1) [f00403c8]
      7441 :    #6657 0 8000006c 00f75c63              ; bge     a4,a5,0x80000084
      7442 :    #6658 0 80000070 02d7c063              ; blt     a5,a3,0x80000090
      7443 :    #6659 0 80000074 00e6dc63              ; bge     a3,a4,0x8000008c
      7444 :    #6660 0 80000078 0000c218              ; c.sw    a4,0(a2) [f00419f4]
      7445 :    #6661 0 8000007a 00000591  a1=f00403c4 ; c.addi  a1,4
      7446 :    #6662 0 8000007c 00000611  a2=f00419f8 ; c.addi  a2,4
      7447 :    #6663 0 8000007e fea594e3              ; bne     a1,a0,0x80000066
      7449 :    #6664 0 80000066 00004198  a4=0000018c ; c.lw    a4,0(a1) [f00403c4]
      7450 :    #6665 0 80000068 000041dc  a5=00000118 ; c.lw    a5,128(a1) [f0040444]
      7451 :    #6666 0 8000006a 00004594  a3=00000009 ; c.lw    a3,8(a1) [f00403cc]
      7452 :    #6667 0 8000006c 00f75c63              ; bge     a4,a5,0x80000084
      7454 :    #6668 0 80000084 fed74ae3              ; blt     a4,a3,0x80000078
      7456 :    #6669 0 80000088 00f6c463              ; blt     a3,a5,0x80000090
      7458 :    #6670 0 80000090 0000c21c              ; c.sw    a5,0(a2) [f00419f8]
      7459 :    #6671 0 80000092 0000b7e5              ; c.j     0x8000007a
      7460 :    #6672 0 8000007a 00000591  a1=f00403c8 ; c.addi  a1,4
      7461 :    #6673 0 8000007c 00000611  a2=f00419fc ; c.addi  a2,4
      7462 :    #6674 0 8000007e fea594e3              ; bne     a1,a0,0x80000066
      7463 :    #6675 0 80000066 00004198  a4=00000118 ; c.lw    a4,0(a1) [f00403c8]
      7464 :    #6676 0 80000068 000041dc  a5=00000009 ; c.lw    a5,128(a1) [f0040448]
      7465 :    #6677 0 8000006a 00004594  a3=00000328 ; c.lw    a3,8(a1) [f00403d0]
      7466 :    #6678 0 8000006c 00f75c63              ; bge     a4,a5,0x80000084
      7468 :    #6679 0 80000084 fed74ae3              ; blt     a4,a3,0x80000078
      7470 :    #6680 0 80000078 0000c218              ; c.sw    a4,0(a2) [f00419fc]
      7471 :    #6681 0 8000007a 00000591  a1=f00403cc ; c.addi  a1,4
      7472 :    #6682 0 8000007c 00000611  a2=f0041a00 ; c.addi  a2,4
      7473 :    #6683 0 8000007e fea594e3              ; bne     a1,a0,0x80000066
      7474 :    #6684 0 80000066 00004198  a4=00000009 ; c.lw    a4,0(a1) [f00403cc]
      7475 :    #6685 0 80000068 000041dc  a5=00000328 ; c.lw    a5,128(a1) [f004044c]
      7476 :    #6686 0 8000006a 00004594  a3=00000011 ; c.lw    a3,8(a1) [f00403d4]
      7477 :    #6687 0 8000006c 00f75c63              ; bge     a4,a5,0x80000084
      7478 :    #6688 0 80000070 02d7c063              ; blt     a5,a3,0x80000090
      7480 :    #6689 0 80000074 00e6dc63              ; bge     a3,a4,0x8000008c
      7481 :    #6690 0 8000008c 0000c214              ; c.sw    a3,0(a2) [f0041a00]
      7482 :    #6691 0 8000008e 0000b7f5              ; c.j     0x8000007a
      7483 :    #6692 0 8000007a 00000591  a1=f00403d0 ; c.addi  a1,4
      7484 :    #6693 0 8000007c 00000611  a2=f0041a04 ; c.addi  a2,4
      7485 :    #6694 0 8000007e fea594e3              ; bne     a1,a0,0x80000066
      7486 :    #6695 0 80000066 00004198  a4=00000328 ; c.lw    a4,0(a1) [f00403d0]
      7487 :    #6696 0 80000068 000041dc  a5=00000011 ; c.lw    a5,128(a1) [f0040450]
      7488 :    #6697 0 8000006a 00004594  a3=000003cb ; c.lw    a3,8(a1) [f00403d8]
      7489 :    #6698 0 8000006c 00f75c63              ; bge     a4,a5,0x80000084
      7491 :    #6699 0 80000084 fed74ae3              ; blt     a4,a3,0x80000078
      7493 :    #6700 0 80000078 0000c218              ; c.sw    a4,0(a2) [f0041a04]
      7494 :    #6701 0 8000007a 00000591  a1=f00403d4 ; c.addi  a1,4
      7495 :    #6702 0 8000007c 00000611  a2=f0041a08 ; c.addi  a2,4
      7496 :    #6703 0 8000007e fea594e3              ; bne     a1,a0,0x80000066
      7497 :    #6704 0 80000066 00004198  a4=00000011 ; c.lw    a4,0(a1) [f00403d4]
      7498 :    #6705 0 80000068 000041dc  a5=000003cb ; c.lw    a5,128(a1) [f0040454]
      7499 :    #6706 0 8000006a 00004594  a3=000000aa ; c.lw    a3,8(a1) [f00403dc]
      7500 :    #6707 0 8000006c 00f75c63              ; bge     a4,a5,0x80000084
      7501 :    #6708 0 80000070 02d7c063              ; blt     a5,a3,0x80000090
      7502 :    #6709 0 80000074 00e6dc63              ; bge     a3,a4,0x8000008c
      7504 :    #6710 0 8000008c 0000c214              ; c.sw    a3,0(a2) [f0041a08]
      7505 :    #6711 0 8000008e 0000b7f5              ; c.j     0x8000007a
      7506 :    #6712 0 8000007a 00000591  a1=f00403d8 ; c.addi  a1,4
      7507 :    #6713 0 8000007c 00000611  a2=f0041a0c ; c.addi  a2,4
      7508 :    #6714 0 8000007e fea594e3              ; bne     a1,a0,0x80000066
      7509 :    #6715 0 80000066 00004198  a4=000003cb ; c.lw    a4,0(a1) [f00403d8]
      7510 :    #6716 0 80000068 000041dc  a5=000000aa ; c.lw    a5,128(a1) [f0040458]
      7511 :    #6717 0 8000006a 00004594  a3=00000333 ; c.lw    a3,8(a1) [f00403e0]
      7512 :    #6718 0 8000006c 00f75c63              ; bge     a4,a5,0x80000084
      7513 :    #6719 0 80000084 fed74ae3              ; blt     a4,a3,0x80000078
      7514 :    #6720 0 80000088 00f6c463              ; blt     a3,a5,0x80000090
      7515 :    #6721 0 8000008c 0000c214              ; c.sw    a3,0(a2) [f0041a0c]
      7516 :    #6722 0 8000008e 0000b7f5              ; c.j     0x8000007a
      7517 :    #6723 0 8000007a 00000591  a1=f00403dc ; c.addi  a1,4
      7518 :    #6724 0 8000007c 00000611  a2=f0041a10 ; c.addi  a2,4
      7519 :    #6725 0 8000007e fea594e3              ; bne     a1,a0,0x80000066
      7520 :    #6726 0 80000066 00004198  a4=000000aa ; c.lw    a4,0(a1) [f00403dc]
      7521 :    #6727 0 80000068 000041dc  a5=00000333 ; c.lw    a5,128(a1) [f004045c]
      7522 :    #6728 0 8000006a 00004594  a3=00000123 ; c.lw    a3,8(a1) [f00403e4]
      7523 :    #6729 0 8000006c 00f75c63              ; bge     a4,a5,0x80000084
      7524 :    #6730 0 80000070 02d7c063              ; blt     a5,a3,0x80000090
      7525 :    #6731 0 80000074 00e6dc63              ; bge     a3,a4,0x8000008c
      7526 :    #6732 0 8000008c 0000c214              ; c.sw    a3,0(a2) [f0041a10]
      7527 :    #6733 0 8000008e 0000b7f5              ; c.j     0x8000007a
      7528 :    #6734 0 8000007a 00000591  a1=f00403e0 ; c.addi  a1,4
      7529 :    #6735 0 8000007c 00000611  a2=f0041a14 ; c.addi  a2,4
      7530 :    #6736 0 8000007e fea594e3              ; bne     a1,a0,0x80000066
      7531 :    #6737 0 80000066 00004198  a4=00000333 ; c.lw    a4,0(a1) [f00403e0]
      7532 :    #6738 0 80000068 000041dc  a5=00000123 ; c.lw    a5,128(a1) [f0040460]
      7533 :    #6739 0 8000006a 00004594  a3=00000158 ; c.lw    a3,8(a1) [f00403e8]
      7534 :    #6740 0 8000006c 00f75c63              ; bge     a4,a5,0x80000084
      7535 :    #6741 0 80000084 fed74ae3              ; blt     a4,a3,0x80000078
      7537 :    #6742 0 80000088 00f6c463              ; blt     a3,a5,0x80000090
      7539 :    #6743 0 8000008c 0000c214              ; c.sw    a3,0(a2) [f0041a14]
      7540 :    #6744 0 8000008e 0000b7f5              ; c.j     0x8000007a
      7541 :    #6745 0 8000007a 00000591  a1=f00403e4 ; c.addi  a1,4
      7542 :    #6746 0 8000007c 00000611  a2=f0041a18 ; c.addi  a2,4
      7543 :    #6747 0 8000007e fea594e3              ; bne     a1,a0,0x80000066
      7544 :    #6748 0 80000066 00004198  a4=00000123 ; c.lw    a4,0(a1) [f00403e4]
      7545 :    #6749 0 80000068 000041dc  a5=00000158 ; c.lw    a5,128(a1) [f0040464]
      7546 :    #6750 0 8000006a 00004594  a3=0000017c ; c.lw    a3,8(a1) [f00403ec]
      7547 :    #6751 0 8000006c 00f75c63              ; bge     a4,a5,0x80000084
      7548 :    #6752 0 80000070 02d7c063              ; blt     a5,a3,0x80000090
      7549 :    #6753 0 80000090 0000c21c              ; c.sw    a5,0(a2) [f0041a18]
      7550 :    #6754 0 80000092 0000b7e5              ; c.j     0x8000007a
      7551 :    #6755 0 8000007a 00000591  a1=f00403e8 ; c.addi  a1,4
      7552 :    #6756 0 8000007c 00000611  a2=f0041a1c ; c.addi  a2,4
      7553 :    #6757 0 8000007e fea594e3              ; bne     a1,a0,0x80000066
      7554 :    #6758 0 80000066 00004198  a4=00000158 ; c.lw    a4,0(a1) [f00403e8]
      7555 :    #6759 0 80000068 000041dc  a5=0000017c ; c.lw    a5,128(a1) [f0040468]
      7556 :    #6760 0 8000006a 00004594  a3=000001c2 ; c.lw    a3,8(a1) [f00403f0]
      7557 :    #6761 0 8000006c 00f75c63              ; bge     a4,a5,0x80000084
      7558 :    #6762 0 80000070 02d7c063              ; blt     a5,a3,0x80000090
      7560 :    #6763 0 80000090 0000c21c              ; c.sw    a5,0(a2) [f0041a1c]
      7561 :    #6764 0 80000092 0000b7e5              ; c.j     0x8000007a
      7562 :    #6765 0 8000007a 00000591  a1=f00403ec ; c.addi  a1,4
      7563 :    #6766 0 8000007c 00000611  a2=f0041a20 ; c.addi  a2,4
      7564 :    #6767 0 8000007e fea594e3              ; bne     a1,a0,0x80000066
      7565 :    #6768 0 80000066 00004198  a4=0000017c ; c.lw    a4,0(a1) [f00403ec]
      7566 :    #6769 0 80000068 000041dc  a5=000001c2 ; c.lw    a5,128(a1) [f004046c]
      7567 :    #6770 0 8000006a 00004594  a3=00000218 ; c.lw    a3,8(a1) [f00403f4]
      7568 :    #6771 0 8000006c 00f75c63              ; bge     a4,a5,0x80000084
      7569 :    #6772 0 80000070 02d7c063              ; blt     a5,a3,0x80000090
      7571 :    #6773 0 80000090 0000c21c              ; c.sw    a5,0(a2) [f0041a20]
      7572 :    #6774 0 80000092 0000b7e5              ; c.j     0x8000007a
      7573 :    #6775 0 8000007a 00000591  a1=f00403f0 ; c.addi  a1,4
      7574 :    #6776 0 8000007c 00000611  a2=f0041a24 ; c.addi  a2,4
      7575 :    #6777 0 8000007e fea594e3              ; bne     a1,a0,0x80000066
      7576 :    #6778 0 80000066 00004198  a4=000001c2 ; c.lw    a4,0(a1) [f00403f0]
      7577 :    #6779 0 80000068 000041dc  a5=00000218 ; c.lw    a5,128(a1) [f0040470]
      7578 :    #6780 0 8000006a 00004594  a3=00000200 ; c.lw    a3,8(a1) [f00403f8]
      7579 :    #6781 0 8000006c 00f75c63              ; bge     a4,a5,0x80000084
      7580 :    #6782 0 80000070 02d7c063              ; blt     a5,a3,0x80000090
      7581 :    #6783 0 80000074 00e6dc63              ; bge     a3,a4,0x8000008c
      7582 :    #6784 0 8000008c 0000c214              ; c.sw    a3,0(a2) [f0041a24]
      7583 :    #6785 0 8000008e 0000b7f5              ; c.j     0x8000007a
      7584 :    #6786 0 8000007a 00000591  a1=f00403f4 ; c.addi  a1,4
      7585 :    #6787 0 8000007c 00000611  a2=f0041a28 ; c.addi  a2,4
      7586 :    #6788 0 8000007e fea594e3              ; bne     a1,a0,0x80000066
      7587 :    #6789 0 80000066 00004198  a4=00000218 ; c.lw    a4,0(a1) [f00403f4]
      7588 :    #6790 0 80000068 000041dc  a5=00000200 ; c.lw    a5,128(a1) [f0040474]
      7589 :    #6791 0 8000006a 00004594  a3=000000b9 ; c.lw    a3,8(a1) [f00403fc]
      7590 :    #6792 0 8000006c 00f75c63              ; bge     a4,a5,0x80000084
      7591 :    #6793 0 80000084 fed74ae3              ; blt     a4,a3,0x80000078
      7593 :    #6794 0 80000088 00f6c463              ; blt     a3,a5,0x80000090
      7595 :    #6795 0 80000090 0000c21c              ; c.sw    a5,0(a2) [f0041a28]
      7596 :    #6796 0 80000092 0000b7e5              ; c.j     0x8000007a
      7597 :    #6797 0 8000007a 00000591  a1=f00403f8 ; c.addi  a1,4
      7598 :    #6798 0 8000007c 00000611  a2=f0041a2c ; c.addi  a2,4
      7599 :    #6799 0 8000007e fea594e3              ; bne     a1,a0,0x80000066
      7600 :    #6800 0 80000066 00004198  a4=00000200 ; c.lw    a4,0(a1) [f00403f8]
      7601 :    #6801 0 80000068 000041dc  a5=000000b9 ; c.lw    a5,128(a1) [f0040478]
      7602 :    #6802 0 8000006a 00004594  a3=000003c5 ; c.lw    a3,8(a1) [f0040400]
      7603 :    #6803 0 8000006c 00f75c63              ; bge     a4,a5,0x80000084
      7604 :    #6804 0 80000084 fed74ae3              ; blt     a4,a3,0x80000078
      7605 :    #6805 0 80000078 0000c218              ; c.sw    a4,0(a2) [f0041a2c]
      7606 :    #6806 0 8000007a 00000591  a1=f00403fc ; c.addi  a1,4
      7607 :    #6807 0 8000007c 00000611  a2=f0041a30 ; c.addi  a2,4
      7608 :    #6808 0 8000007e fea594e3              ; bne     a1,a0,0x80000066
      7609 :    #6809 0 80000066 00004198  a4=000000b9 ; c.lw    a4,0(a1) [f00403fc]
      7610 :    #6810 0 80000068 000041dc  a5=000003c5 ; c.lw    a5,128(a1) [f004047c]
      7611 :    #6811 0 8000006a 00004594  a3=00000395 ; c.lw    a3,8(a1) [f0040404]
      7612 :    #6812 0 8000006c 00f75c63              ; bge     a4,a5,0x80000084
      7613 :    #6813 0 80000070 02d7c063              ; blt     a5,a3,0x80000090
      7614 :    #6814 0 80000074 00e6dc63              ; bge     a3,a4,0x8000008c
      7615 :    #6815 0 8000008c 0000c214              ; c.sw    a3,0(a2) [f0041a30]
      7616 :    #6816 0 8000008e 0000b7f5              ; c.j     0x8000007a
      7617 :    #6817 0 8000007a 00000591  a1=f0040400 ; c.addi  a1,4
      7618 :    #6818 0 8000007c 00000611  a2=f0041a34 ; c.addi  a2,4
      7619 :    #6819 0 8000007e fea594e3              ; bne     a1,a0,0x80000066
      7620 :    #6820 0 80000066 00004198  a4=000003c5 ; c.lw    a4,0(a1) [f0040400]
      7621 :    #6821 0 80000068 000041dc  a5=00000395 ; c.lw    a5,128(a1) [f0040480]
      7622 :    #6822 0 8000006a 00004594  a3=0000015b ; c.lw    a3,8(a1) [f0040408]
      7623 :    #6823 0 8000006c 00f75c63              ; bge     a4,a5,0x80000084
      7624 :    #6824 0 80000084 fed74ae3              ; blt     a4,a3,0x80000078
      7626 :    #6825 0 80000088 00f6c463              ; blt     a3,a5,0x80000090
      7627 :    #6826 0 80000090 0000c21c              ; c.sw    a5,0(a2) [f0041a34]
      7628 :    #6827 0 80000092 0000b7e5              ; c.j     0x8000007a
      7629 :    #6828 0 8000007a 00000591  a1=f0040404 ; c.addi  a1,4
      7630 :    #6829 0 8000007c 00000611  a2=f0041a38 ; c.addi  a2,4
      7631 :    #6830 0 8000007e fea594e3              ; bne     a1,a0,0x80000066
      7632 :    #6831 0 80000066 00004198  a4=00000395 ; c.lw    a4,0(a1) [f0040404]
      7633 :    #6832 0 80000068 000041dc  a5=0000015b ; c.lw    a5,128(a1) [f0040484]
      7634 :    #6833 0 8000006a 00004594  a3=0000021b ; c.lw    a3,8(a1) [f004040c]
      7635 :    #6834 0 8000006c 00f75c63              ; bge     a4,a5,0x80000084
      7636 :    #6835 0 80000084 fed74ae3              ; blt     a4,a3,0x80000078
      7638 :    #6836 0 80000088 00f6c463              ; blt     a3,a5,0x80000090
      7640 :    #6837 0 8000008c 0000c214              ; c.sw    a3,0(a2) [f0041a38]
      7641 :    #6838 0 8000008e 0000b7f5              ; c.j     0x8000007a
      7642 :    #6839 0 8000007a 00000591  a1=f0040408 ; c.addi  a1,4
      7643 :    #6840 0 8000007c 00000611  a2=f0041a3c ; c.addi  a2,4
      7644 :    #6841 0 8000007e fea594e3              ; bne     a1,a0,0x80000066
      7645 :    #6842 0 80000066 00004198  a4=0000015b ; c.lw    a4,0(a1) [f0040408]
      7646 :    #6843 0 80000068 000041dc  a5=0000021b ; c.lw    a5,128(a1) [f0040488]
      7647 :    #6844 0 8000006a 00004594  a3=00000328 ; c.lw    a3,8(a1) [f0040410]
      7648 :    #6845 0 8000006c 00f75c63              ; bge     a4,a5,0x80000084
      7649 :    #6846 0 80000070 02d7c063              ; blt     a5,a3,0x80000090
      7650 :    #6847 0 80000090 0000c21c              ; c.sw    a5,0(a2) [f0041a3c]
      7651 :    #6848 0 80000092 0000b7e5              ; c.j     0x8000007a
      7652 :    #6849 0 8000007a 00000591  a1=f004040c ; c.addi  a1,4
      7653 :    #6850 0 8000007c 00000611  a2=f0041a40 ; c.addi  a2,4
      7654 :    #6851 0 8000007e fea594e3              ; bne     a1,a0,0x80000066
      7655 :    #6852 0 80000066 00004198  a4=0000021b ; c.lw    a4,0(a1) [f004040c]
      7656 :    #6853 0 80000068 000041dc  a5=00000328 ; c.lw    a5,128(a1) [f004048c]
      7657 :    #6854 0 8000006a 00004594  a3=000003d7 ; c.lw    a3,8(a1) [f0040414]
      7658 :    #6855 0 8000006c 00f75c63              ; bge     a4,a5,0x80000084
      7659 :    #6856 0 80000070 02d7c063              ; blt     a5,a3,0x80000090
      7661 :    #6857 0 80000090 0000c21c              ; c.sw    a5,0(a2) [f0041a40]
      7662 :    #6858 0 80000092 0000b7e5              ; c.j     0x8000007a
      7663 :    #6859 0 8000007a 00000591  a1=f0040410 ; c.addi  a1,4
      7664 :    #6860 0 8000007c 00000611  a2=f0041a44 ; c.addi  a2,4
      7665 :    #6861 0 8000007e fea594e3              ; bne     a1,a0,0x80000066
      7666 :    #6862 0 80000066 00004198  a4=00000328 ; c.lw    a4,0(a1) [f0040410]
      7667 :    #6863 0 80000068 000041dc  a5=000003d7 ; c.lw    a5,128(a1) [f0040490]
      7668 :    #6864 0 8000006a 00004594  a3=00000372 ; c.lw    a3,8(a1) [f0040418]
      7669 :    #6865 0 8000006c 00f75c63              ; bge     a4,a5,0x80000084
      7670 :    #6866 0 80000070 02d7c063              ; blt     a5,a3,0x80000090
      7671 :    #6867 0 80000074 00e6dc63              ; bge     a3,a4,0x8000008c
      7672 :    #6868 0 8000008c 0000c214              ; c.sw    a3,0(a2) [f0041a44]
      7673 :    #6869 0 8000008e 0000b7f5              ; c.j     0x8000007a
      7674 :    #6870 0 8000007a 00000591  a1=f0040414 ; c.addi  a1,4
      7675 :    #6871 0 8000007c 00000611  a2=f0041a48 ; c.addi  a2,4
      7676 :    #6872 0 8000007e fea594e3              ; bne     a1,a0,0x80000066
      7677 :    #6873 0 80000066 00004198  a4=000003d7 ; c.lw    a4,0(a1) [f0040414]
      7678 :    #6874 0 80000068 000041dc  a5=00000372 ; c.lw    a5,128(a1) [f0040494]
      7679 :    #6875 0 8000006a 00004594  a3=00000377 ; c.lw    a3,8(a1) [f004041c]
      7680 :    #6876 0 8000006c 00f75c63              ; bge     a4,a5,0x80000084
      7681 :    #6877 0 80000084 fed74ae3              ; blt     a4,a3,0x80000078
      7683 :    #6878 0 80000088 00f6c463              ; blt     a3,a5,0x80000090
      7685 :    #6879 0 8000008c 0000c214              ; c.sw    a3,0(a2) [f0041a48]
      7686 :    #6880 0 8000008e 0000b7f5              ; c.j     0x8000007a
      7687 :    #6881 0 8000007a 00000591  a1=f0040418 ; c.addi  a1,4
      7688 :    #6882 0 8000007c 00000611  a2=f0041a4c ; c.addi  a2,4
      7689 :    #6883 0 8000007e fea594e3              ; bne     a1,a0,0x80000066
      7690 :    #6884 0 80000066 00004198  a4=00000372 ; c.lw    a4,0(a1) [f0040418]
      7691 :    #6885 0 80000068 000041dc  a5=00000377 ; c.lw    a5,128(a1) [f0040498]
      7692 :    #6886 0 8000006a 00004594  a3=00000219 ; c.lw    a3,8(a1) [f0040420]
      7693 :    #6887 0 8000006c 00f75c63              ; bge     a4,a5,0x80000084
      7694 :    #6888 0 80000070 02d7c063              ; blt     a5,a3,0x80000090
      7696 :    #6889 0 80000074 00e6dc63              ; bge     a3,a4,0x8000008c
      7698 :    #6890 0 80000078 0000c218              ; c.sw    a4,0(a2) [f0041a4c]
      7699 :    #6891 0 8000007a 00000591  a1=f004041c ; c.addi  a1,4
      7700 :    #6892 0 8000007c 00000611  a2=f0041a50 ; c.addi  a2,4
      7701 :    #6893 0 8000007e fea594e3              ; bne     a1,a0,0x80000066
      7702 :    #6894 0 80000066 00004198  a4=00000377 ; c.lw    a4,0(a1) [f004041c]
      7703 :    #6895 0 80000068 000041dc  a5=00000219 ; c.lw    a5,128(a1) [f004049c]
      7704 :    #6896 0 8000006a 00004594  a3=00000036 ; c.lw    a3,8(a1) [f0040424]
      7705 :    #6897 0 8000006c 00f75c63              ; bge     a4,a5,0x80000084
      7706 :    #6898 0 80000084 fed74ae3              ; blt     a4,a3,0x80000078
      7708 :    #6899 0 80000088 00f6c463              ; blt     a3,a5,0x80000090
      7710 :    #6900 0 80000090 0000c21c              ; c.sw    a5,0(a2) [f0041a50]
      7711 :    #6901 0 80000092 0000b7e5              ; c.j     0x8000007a
      7712 :    #6902 0 8000007a 00000591  a1=f0040420 ; c.addi  a1,4
      7713 :    #6903 0 8000007c 00000611  a2=f0041a54 ; c.addi  a2,4
      7714 :    #6904 0 8000007e fea594e3              ; bne     a1,a0,0x80000066
      7715 :    #6905 0 80000066 00004198  a4=00000219 ; c.lw    a4,0(a1) [f0040420]
      7716 :    #6906 0 80000068 000041dc  a5=00000036 ; c.lw    a5,128(a1) [f00404a0]
      7717 :    #6907 0 8000006a 00004594  a3=000003b2 ; c.lw    a3,8(a1) [f0040428]
      7718 :    #6908 0 8000006c 00f75c63              ; bge     a4,a5,0x80000084
      7720 :    #6909 0 80000084 fed74ae3              ; blt     a4,a3,0x80000078
      7722 :    #6910 0 80000078 0000c218              ; c.sw    a4,0(a2) [f0041a54]
      7723 :    #6911 0 8000007a 00000591  a1=f0040424 ; c.addi  a1,4
      7724 :    #6912 0 8000007c 00000611  a2=f0041a58 ; c.addi  a2,4
      7725 :    #6913 0 8000007e fea594e3              ; bne     a1,a0,0x80000066
      7726 :    #6914 0 80000066 00004198  a4=00000036 ; c.lw    a4,0(a1) [f0040424]
      7727 :    #6915 0 80000068 000041dc  a5=000003b2 ; c.lw    a5,128(a1) [f00404a4]
      7728 :    #6916 0 8000006a 00004594  a3=00000264 ; c.lw    a3,8(a1) [f004042c]
      7729 :    #6917 0 8000006c 00f75c63              ; bge     a4,a5,0x80000084
      7730 :    #6918 0 80000070 02d7c063              ; blt     a5,a3,0x80000090
      7731 :    #6919 0 80000074 00e6dc63              ; bge     a3,a4,0x8000008c
      7733 :    #6920 0 8000008c 0000c214              ; c.sw    a3,0(a2) [f0041a58]
      7734 :    #6921 0 8000008e 0000b7f5              ; c.j     0x8000007a
      7735 :    #6922 0 8000007a 00000591  a1=f0040428 ; c.addi  a1,4
      7736 :    #6923 0 8000007c 00000611  a2=f0041a5c ; c.addi  a2,4
      7737 :    #6924 0 8000007e fea594e3              ; bne     a1,a0,0x80000066
      7738 :    #6925 0 80000066 00004198  a4=000003b2 ; c.lw    a4,0(a1) [f0040428]
      7739 :    #6926 0 80000068 000041dc  a5=00000264 ; c.lw    a5,128(a1) [f00404a8]
      7740 :    #6927 0 8000006a 00004594  a3=000002bd ; c.lw    a3,8(a1) [f0040430]
      7741 :    #6928 0 8000006c 00f75c63              ; bge     a4,a5,0x80000084
      7742 :    #6929 0 80000084 fed74ae3              ; blt     a4,a3,0x80000078
      7743 :    #6930 0 80000088 00f6c463              ; blt     a3,a5,0x80000090
      7744 :    #6931 0 8000008c 0000c214              ; c.sw    a3,0(a2) [f0041a5c]
      7745 :    #6932 0 8000008e 0000b7f5              ; c.j     0x8000007a
      7746 :    #6933 0 8000007a 00000591  a1=f004042c ; c.addi  a1,4
      7747 :    #6934 0 8000007c 00000611  a2=f0041a60 ; c.addi  a2,4
      7748 :    #6935 0 8000007e fea594e3              ; bne     a1,a0,0x80000066
      7749 :    #6936 0 80000066 00004198  a4=00000264 ; c.lw    a4,0(a1) [f004042c]
      7750 :    #6937 0 80000068 000041dc  a5=000002bd ; c.lw    a5,128(a1) [f00404ac]
      7751 :    #6938 0 8000006a 00004594  a3=000003b7 ; c.lw    a3,8(a1) [f0040434]
      7752 :    #6939 0 8000006c 00f75c63              ; bge     a4,a5,0x80000084
      7753 :    #6940 0 80000070 02d7c063              ; blt     a5,a3,0x80000090
      7755 :    #6941 0 80000090 0000c21c              ; c.sw    a5,0(a2) [f0041a60]
      7756 :    #6942 0 80000092 0000b7e5              ; c.j     0x8000007a
      7757 :    #6943 0 8000007a 00000591  a1=f0040430 ; c.addi  a1,4
      7758 :    #6944 0 8000007c 00000611  a2=f0041a64 ; c.addi  a2,4
      7759 :    #6945 0 8000007e fea594e3              ; bne     a1,a0,0x80000066
      7760 :    #6946 0 80000066 00004198  a4=000002bd ; c.lw    a4,0(a1) [f0040430]
      7761 :    #6947 0 80000068 000041dc  a5=000003b7 ; c.lw    a5,128(a1) [f00404b0]
      7762 :    #6948 0 8000006a 00004594  a3=00000164 ; c.lw    a3,8(a1) [f0040438]
      7763 :    #6949 0 8000006c 00f75c63              ; bge     a4,a5,0x80000084
      7765 :    #6950 0 80000070 02d7c063              ; blt     a5,a3,0x80000090
      7767 :    #6951 0 80000074 00e6dc63              ; bge     a3,a4,0x8000008c
      7768 :    #6952 0 80000078 0000c218              ; c.sw    a4,0(a2) [f0041a64]
      7769 :    #6953 0 8000007a 00000591  a1=f0040434 ; c.addi  a1,4
      7770 :    #6954 0 8000007c 00000611  a2=f0041a68 ; c.addi  a2,4
      7771 :    #6955 0 8000007e fea594e3              ; bne     a1,a0,0x80000066
      7772 :    #6956 0 80000066 00004198  a4=000003b7 ; c.lw    a4,0(a1) [f0040434]
      7773 :    #6957 0 80000068 000041dc  a5=00000164 ; c.lw    a5,128(a1) [f00404b4]
      7774 :    #6958 0 8000006a 00004594  a3=000001df ; c.lw    a3,8(a1) [f004043c]
      7775 :    #6959 0 8000006c 00f75c63              ; bge     a4,a5,0x80000084
      7776 :    #6960 0 80000084 fed74ae3              ; blt     a4,a3,0x80000078
      7777 :    #6961 0 80000088 00f6c463              ; blt     a3,a5,0x80000090
      7778 :    #6962 0 8000008c 0000c214              ; c.sw    a3,0(a2) [f0041a68]
      7779 :    #6963 0 8000008e 0000b7f5              ; c.j     0x8000007a
      7780 :    #6964 0 8000007a 00000591  a1=f0040438 ; c.addi  a1,4
      7781 :    #6965 0 8000007c 00000611  a2=f0041a6c ; c.addi  a2,4
      7782 :    #6966 0 8000007e fea594e3              ; bne     a1,a0,0x80000066
      7783 :    #6967 0 80000066 00004198  a4=00000164 ; c.lw    a4,0(a1) [f0040438]
      7784 :    #6968 0 80000068 000041dc  a5=000001df ; c.lw    a5,128(a1) [f00404b8]
      7785 :    #6969 0 8000006a 00004594  a3=00000237 ; c.lw    a3,8(a1) [f0040440]
      7786 :    #6970 0 8000006c 00f75c63              ; bge     a4,a5,0x80000084
      7787 :    #6971 0 80000070 02d7c063              ; blt     a5,a3,0x80000090
      7789 :    #6972 0 80000090 0000c21c              ; c.sw    a5,0(a2) [f0041a6c]
      7790 :    #6973 0 80000092 0000b7e5              ; c.j     0x8000007a
      7791 :    #6974 0 8000007a 00000591  a1=f004043c ; c.addi  a1,4
      7792 :    #6975 0 8000007c 00000611  a2=f0041a70 ; c.addi  a2,4
      7793 :    #6976 0 8000007e fea594e3              ; bne     a1,a0,0x80000066
      7794 :    #6977 0 80000066 00004198  a4=000001df ; c.lw    a4,0(a1) [f004043c]
      7795 :    #6978 0 80000068 000041dc  a5=00000237 ; c.lw    a5,128(a1) [f00404bc]
      7796 :    #6979 0 8000006a 00004594  a3=00000097 ; c.lw    a3,8(a1) [f0040444]
      7797 :    #6980 0 8000006c 00f75c63              ; bge     a4,a5,0x80000084
      7798 :    #6981 0 80000070 02d7c063              ; blt     a5,a3,0x80000090
      7799 :    #6982 0 80000074 00e6dc63              ; bge     a3,a4,0x8000008c
      7801 :    #6983 0 80000078 0000c218              ; c.sw    a4,0(a2) [f0041a70]
      7802 :    #6984 0 8000007a 00000591  a1=f0040440 ; c.addi  a1,4
      7803 :    #6985 0 8000007c 00000611  a2=f0041a74 ; c.addi  a2,4
      7804 :    #6986 0 8000007e fea594e3              ; bne     a1,a0,0x80000066
      7805 :    #6987 0 80000066 00004198  a4=00000237 ; c.lw    a4,0(a1) [f0040440]
      7806 :    #6988 0 80000068 000041dc  a5=00000097 ; c.lw    a5,128(a1) [f00404c0]
      7807 :    #6989 0 8000006a 00004594  a3=0000037b ; c.lw    a3,8(a1) [f0040448]
      7808 :    #6990 0 8000006c 00f75c63              ; bge     a4,a5,0x80000084
      7809 :    #6991 0 80000084 fed74ae3              ; blt     a4,a3,0x80000078
      7810 :    #6992 0 80000078 0000c218              ; c.sw    a4,0(a2) [f0041a74]
      7811 :    #6993 0 8000007a 00000591  a1=f0040444 ; c.addi  a1,4
      7812 :    #6994 0 8000007c 00000611  a2=f0041a78 ; c.addi  a2,4
      7813 :    #6995 0 8000007e fea594e3              ; bne     a1,a0,0x80000066
      7815 :    #6996 0 80000066 00004198  a4=00000097 ; c.lw    a4,0(a1) [f0040444]
      7816 :    #6997 0 80000068 000041dc  a5=0000037b ; c.lw    a5,128(a1) [f00404c4]
      7817 :    #6998 0 8000006a 00004594  a3=00000007 ; c.lw    a3,8(a1) [f004044c]
      7818 :    #6999 0 8000006c 00f75c63              ; bge     a4,a5,0x80000084
      7819 :    #7000 0 80000070 02d7c063              ; blt     a5,a3,0x80000090
      7820 :    #7001 0 80000074 00e6dc63              ; bge     a3,a4,0x8000008c
      7822 :    #7002 0 80000078 0000c218              ; c.sw    a4,0(a2) [f0041a78]
      7823 :    #7003 0 8000007a 00000591  a1=f0040448 ; c.addi  a1,4
      7824 :    #7004 0 8000007c 00000611  a2=f0041a7c ; c.addi  a2,4
      7825 :    #7005 0 8000007e fea594e3              ; bne     a1,a0,0x80000066
      7826 :    #7006 0 80000066 00004198  a4=0000037b ; c.lw    a4,0(a1) [f0040448]
      7827 :    #7007 0 80000068 000041dc  a5=00000007 ; c.lw    a5,128(a1) [f00404c8]
      7828 :    #7008 0 8000006a 00004594  a3=00000016 ; c.lw    a3,8(a1) [f0040450]
      7829 :    #7009 0 8000006c 00f75c63              ; bge     a4,a5,0x80000084
      7830 :    #7010 0 80000084 fed74ae3              ; blt     a4,a3,0x80000078
      7832 :    #7011 0 80000088 00f6c463              ; blt     a3,a5,0x80000090
      7833 :    #7012 0 8000008c 0000c214              ; c.sw    a3,0(a2) [f0041a7c]
      7834 :    #7013 0 8000008e 0000b7f5              ; c.j     0x8000007a
      7835 :    #7014 0 8000007a 00000591  a1=f004044c ; c.addi  a1,4
      7836 :    #7015 0 8000007c 00000611  a2=f0041a80 ; c.addi  a2,4
      7837 :    #7016 0 8000007e fea594e3              ; bne     a1,a0,0x80000066
      7838 :    #7017 0 80000066 00004198  a4=00000007 ; c.lw    a4,0(a1) [f004044c]
      7839 :    #7018 0 80000068 000041dc  a5=00000016 ; c.lw    a5,128(a1) [f00404cc]
      7840 :    #7019 0 8000006a 00004594  a3=00000281 ; c.lw    a3,8(a1) [f0040454]
      7841 :    #7020 0 8000006c 00f75c63              ; bge     a4,a5,0x80000084
      7842 :    #7021 0 80000070 02d7c063              ; blt     a5,a3,0x80000090
      7844 :    #7022 0 80000090 0000c21c              ; c.sw    a5,0(a2) [f0041a80]
      7845 :    #7023 0 80000092 0000b7e5              ; c.j     0x8000007a
      7846 :    #7024 0 8000007a 00000591  a1=f0040450 ; c.addi  a1,4
      7847 :    #7025 0 8000007c 00000611  a2=f0041a84 ; c.addi  a2,4
      7848 :    #7026 0 8000007e fea594e3              ; bne     a1,a0,0x80000066
      7849 :    #7027 0 80000066 00004198  a4=00000016 ; c.lw    a4,0(a1) [f0040450]
      7850 :    #7028 0 80000068 000041dc  a5=00000281 ; c.lw    a5,128(a1) [f00404d0]
      7851 :    #7029 0 8000006a 00004594  a3=00000238 ; c.lw    a3,8(a1) [f0040458]
      7852 :    #7030 0 8000006c 00f75c63              ; bge     a4,a5,0x80000084
      7853 :    #7031 0 80000070 02d7c063              ; blt     a5,a3,0x80000090
      7854 :    #7032 0 80000074 00e6dc63              ; bge     a3,a4,0x8000008c
      7855 :    #7033 0 8000008c 0000c214              ; c.sw    a3,0(a2) [f0041a84]
      7856 :    #7034 0 8000008e 0000b7f5              ; c.j     0x8000007a
      7857 :    #7035 0 8000007a 00000591  a1=f0040454 ; c.addi  a1,4
      7858 :    #7036 0 8000007c 00000611  a2=f0041a88 ; c.addi  a2,4
      7859 :    #7037 0 8000007e fea594e3              ; bne     a1,a0,0x80000066
      7860 :    #7038 0 80000066 00004198  a4=00000281 ; c.lw    a4,0(a1) [f0040454]
      7861 :    #7039 0 80000068 000041dc  a5=00000238 ; c.lw    a5,128(a1) [f00404d4]
      7862 :    #7040 0 8000006a 00004594  a3=0000014f ; c.lw    a3,8(a1) [f004045c]
      7863 :    #7041 0 8000006c 00f75c63              ; bge     a4,a5,0x80000084
      7864 :    #7042 0 80000084 fed74ae3              ; blt     a4,a3,0x80000078
      7866 :    #7043 0 80000088 00f6c463              ; blt     a3,a5,0x80000090
      7867 :    #7044 0 80000090 0000c21c              ; c.sw    a5,0(a2) [f0041a88]
      7868 :    #7045 0 80000092 0000b7e5              ; c.j     0x8000007a
      7869 :    #7046 0 8000007a 00000591  a1=f0040458 ; c.addi  a1,4
      7870 :    #7047 0 8000007c 00000611  a2=f0041a8c ; c.addi  a2,4
      7871 :    #7048 0 8000007e fea594e3              ; bne     a1,a0,0x80000066
      7872 :    #7049 0 80000066 00004198  a4=00000238 ; c.lw    a4,0(a1) [f0040458]
      7873 :    #7050 0 80000068 000041dc  a5=0000014f ; c.lw    a5,128(a1) [f00404d8]
      7874 :    #7051 0 8000006a 00004594  a3=00000299 ; c.lw    a3,8(a1) [f0040460]
      7875 :    #7052 0 8000006c 00f75c63              ; bge     a4,a5,0x80000084
      7876 :    #7053 0 80000084 fed74ae3              ; blt     a4,a3,0x80000078
      7877 :    #7054 0 80000078 0000c218              ; c.sw    a4,0(a2) [f0041a8c]
      7878 :    #7055 0 8000007a 00000591  a1=f004045c ; c.addi  a1,4
      7879 :    #7056 0 8000007c 00000611  a2=f0041a90 ; c.addi  a2,4
      7880 :    #7057 0 8000007e fea594e3              ; bne     a1,a0,0x80000066
      7881 :    #7058 0 80000066 00004198  a4=0000014f ; c.lw    a4,0(a1) [f004045c]
      7882 :    #7059 0 80000068 000041dc  a5=00000299 ; c.lw    a5,128(a1) [f00404dc]
      7883 :    #7060 0 8000006a 00004594  a3=000002da ; c.lw    a3,8(a1) [f0040464]
      7884 :    #7061 0 8000006c 00f75c63              ; bge     a4,a5,0x80000084
      7885 :    #7062 0 80000070 02d7c063              ; blt     a5,a3,0x80000090
      7887 :    #7063 0 80000090 0000c21c              ; c.sw    a5,0(a2) [f0041a90]
      7888 :    #7064 0 80000092 0000b7e5              ; c.j     0x8000007a
      7889 :    #7065 0 8000007a 00000591  a1=f0040460 ; c.addi  a1,4
      7890 :    #7066 0 8000007c 00000611  a2=f0041a94 ; c.addi  a2,4
      7891 :    #7067 0 8000007e fea594e3              ; bne     a1,a0,0x80000066
      7892 :    #7068 0 80000066 00004198  a4=00000299 ; c.lw    a4,0(a1) [f0040460]
      7893 :    #7069 0 80000068 000041dc  a5=000002da ; c.lw    a5,128(a1) [f00404e0]
      7894 :    #7070 0 8000006a 00004594  a3=000001a7 ; c.lw    a3,8(a1) [f0040468]
      7895 :    #7071 0 8000006c 00f75c63              ; bge     a4,a5,0x80000084
      7897 :    #7072 0 80000070 02d7c063              ; blt     a5,a3,0x80000090
      7899 :    #7073 0 80000074 00e6dc63              ; bge     a3,a4,0x8000008c
      7900 :    #7074 0 80000078 0000c218              ; c.sw    a4,0(a2) [f0041a94]
      7901 :    #7075 0 8000007a 00000591  a1=f0040464 ; c.addi  a1,4
      7902 :    #7076 0 8000007c 00000611  a2=f0041a98 ; c.addi  a2,4
      7903 :    #7077 0 8000007e fea594e3              ; bne     a1,a0,0x80000066
      7904 :    #7078 0 80000066 00004198  a4=000002da ; c.lw    a4,0(a1) [f0040464]
      7905 :    #7079 0 80000068 000041dc  a5=000001a7 ; c.lw    a5,128(a1) [f00404e4]
      7906 :    #7080 0 8000006a 00004594  a3=0000005f ; c.lw    a3,8(a1) [f004046c]
      7907 :    #7081 0 8000006c 00f75c63              ; bge     a4,a5,0x80000084
      7908 :    #7082 0 80000084 fed74ae3              ; blt     a4,a3,0x80000078
      7909 :    #7083 0 80000088 00f6c463              ; blt     a3,a5,0x80000090
      7911 :    #7084 0 80000090 0000c21c              ; c.sw    a5,0(a2) [f0041a98]
      7912 :    #7085 0 80000092 0000b7e5              ; c.j     0x8000007a
      7913 :    #7086 0 8000007a 00000591  a1=f0040468 ; c.addi  a1,4
      7914 :    #7087 0 8000007c 00000611  a2=f0041a9c ; c.addi  a2,4
      7915 :    #7088 0 8000007e fea594e3              ; bne     a1,a0,0x80000066
      7916 :    #7089 0 80000066 00004198  a4=000001a7 ; c.lw    a4,0(a1) [f0040468]
      7917 :    #7090 0 80000068 000041dc  a5=0000005f ; c.lw    a5,128(a1) [f00404e8]
      7918 :    #7091 0 8000006a 00004594  a3=000001b2 ; c.lw    a3,8(a1) [f0040470]
      7919 :    #7092 0 8000006c 00f75c63              ; bge     a4,a5,0x80000084
      7921 :    #7093 0 80000084 fed74ae3              ; blt     a4,a3,0x80000078
      7922 :    #7094 0 80000078 0000c218              ; c.sw    a4,0(a2) [f0041a9c]
      7923 :    #7095 0 8000007a 00000591  a1=f004046c ; c.addi  a1,4
      7924 :    #7096 0 8000007c 00000611  a2=f0041aa0 ; c.addi  a2,4
      7925 :    #7097 0 8000007e fea594e3              ; bne     a1,a0,0x80000066
      7926 :    #7098 0 80000066 00004198  a4=0000005f ; c.lw    a4,0(a1) [f004046c]
      7927 :    #7099 0 80000068 000041dc  a5=000001b2 ; c.lw    a5,128(a1) [f00404ec]
      7928 :    #7100 0 8000006a 00004594  a3=000002d8 ; c.lw    a3,8(a1) [f0040474]
      7929 :    #7101 0 8000006c 00f75c63              ; bge     a4,a5,0x80000084
      7930 :    #7102 0 80000070 02d7c063              ; blt     a5,a3,0x80000090
      7932 :    #7103 0 80000090 0000c21c              ; c.sw    a5,0(a2) [f0041aa0]
      7933 :    #7104 0 80000092 0000b7e5              ; c.j     0x8000007a
      7934 :    #7105 0 8000007a 00000591  a1=f0040470 ; c.addi  a1,4
      7935 :    #7106 0 8000007c 00000611  a2=f0041aa4 ; c.addi  a2,4
      7936 :    #7107 0 8000007e fea594e3              ; bne     a1,a0,0x80000066
      7937 :    #7108 0 80000066 00004198  a4=000001b2 ; c.lw    a4,0(a1) [f0040470]
      7938 :    #7109 0 80000068 000041dc  a5=000002d8 ; c.lw    a5,128(a1) [f00404f0]
      7939 :    #7110 0 8000006a 00004594  a3=0000009e ; c.lw    a3,8(a1) [f0040478]
      7940 :    #7111 0 8000006c 00f75c63              ; bge     a4,a5,0x80000084
      7942 :    #7112 0 80000070 02d7c063              ; blt     a5,a3,0x80000090
      7943 :    #7113 0 80000074 00e6dc63              ; bge     a3,a4,0x8000008c
      7944 :    #7114 0 80000078 0000c218              ; c.sw    a4,0(a2) [f0041aa4]
      7945 :    #7115 0 8000007a 00000591  a1=f0040474 ; c.addi  a1,4
      7946 :    #7116 0 8000007c 00000611  a2=f0041aa8 ; c.addi  a2,4
      7947 :    #7117 0 8000007e fea594e3              ; bne     a1,a0,0x80000066
      7948 :    #7118 0 80000066 00004198  a4=000002d8 ; c.lw    a4,0(a1) [f0040474]
      7949 :    #7119 0 80000068 000041dc  a5=0000009e ; c.lw    a5,128(a1) [f00404f4]
      7950 :    #7120 0 8000006a 00004594  a3=00000118 ; c.lw    a3,8(a1) [f004047c]
      7951 :    #7121 0 8000006c 00f75c63              ; bge     a4,a5,0x80000084
      7952 :    #7122 0 80000084 fed74ae3              ; blt     a4,a3,0x80000078
      7953 :    #7123 0 80000088 00f6c463              ; blt     a3,a5,0x80000090
      7954 :    #7124 0 8000008c 0000c214              ; c.sw    a3,0(a2) [f0041aa8]
      7955 :    #7125 0 8000008e 0000b7f5              ; c.j     0x8000007a
      7956 :    #7126 0 8000007a 00000591  a1=f0040478 ; c.addi  a1,4
      7957 :    #7127 0 8000007c 00000611  a2=f0041aac ; c.addi  a2,4
      7958 :    #7128 0 8000007e fea594e3              ; bne     a1,a0,0x80000066
      7959 :    #7129 0 80000066 00004198  a4=0000009e ; c.lw    a4,0(a1) [f0040478]
      7960 :    #7130 0 80000068 000041dc  a5=00000118 ; c.lw    a5,128(a1) [f00404f8]
      7961 :    #7131 0 8000006a 00004594  a3=00000002 ; c.lw    a3,8(a1) [f0040480]
      7962 :    #7132 0 8000006c 00f75c63              ; bge     a4,a5,0x80000084
      7963 :    #7133 0 80000070 02d7c063              ; blt     a5,a3,0x80000090
      7965 :    #7134 0 80000074 00e6dc63              ; bge     a3,a4,0x8000008c
      7966 :    #7135 0 80000078 0000c218              ; c.sw    a4,0(a2) [f0041aac]
      7967 :    #7136 0 8000007a 00000591  a1=f004047c ; c.addi  a1,4
      7968 :    #7137 0 8000007c 00000611  a2=f0041ab0 ; c.addi  a2,4
      7969 :    #7138 0 8000007e fea594e3              ; bne     a1,a0,0x80000066
      7970 :    #7139 0 80000066 00004198  a4=00000118 ; c.lw    a4,0(a1) [f004047c]
      7971 :    #7140 0 80000068 000041dc  a5=00000002 ; c.lw    a5,128(a1) [f00404fc]
      7972 :    #7141 0 8000006a 00004594  a3=0000018b ; c.lw    a3,8(a1) [f0040484]
      7973 :    #7142 0 8000006c 00f75c63              ; bge     a4,a5,0x80000084
      7975 :    #7143 0 80000084 fed74ae3              ; blt     a4,a3,0x80000078
      7976 :    #7144 0 80000078 0000c218              ; c.sw    a4,0(a2) [f0041ab0]
      7977 :    #7145 0 8000007a 00000591  a1=f0040480 ; c.addi  a1,4
      7978 :    #7146 0 8000007c 00000611  a2=f0041ab4 ; c.addi  a2,4
      7979 :    #7147 0 8000007e fea594e3              ; bne     a1,a0,0x80000066
      7980 :    #7148 0 80000066 00004198  a4=00000002 ; c.lw    a4,0(a1) [f0040480]
      7981 :    #7149 0 80000068 000041dc  a5=0000018b ; c.lw    a5,128(a1) [f0040500]
      7982 :    #7150 0 8000006a 00004594  a3=00000054 ; c.lw    a3,8(a1) [f0040488]
      7983 :    #7151 0 8000006c 00f75c63              ; bge     a4,a5,0x80000084
      7984 :    #7152 0 80000070 02d7c063              ; blt     a5,a3,0x80000090
      7985 :    #7153 0 80000074 00e6dc63              ; bge     a3,a4,0x8000008c
      7986 :    #7154 0 8000008c 0000c214              ; c.sw    a3,0(a2) [f0041ab4]
      7987 :    #7155 0 8000008e 0000b7f5              ; c.j     0x8000007a
      7988 :    #7156 0 8000007a 00000591  a1=f0040484 ; c.addi  a1,4
      7989 :    #7157 0 8000007c 00000611  a2=f0041ab8 ; c.addi  a2,4
      7990 :    #7158 0 8000007e fea594e3              ; bne     a1,a0,0x80000066
      7991 :    #7159 0 80000066 00004198  a4=0000018b ; c.lw    a4,0(a1) [f0040484]
      7992 :    #7160 0 80000068 000041dc  a5=00000054 ; c.lw    a5,128(a1) [f0040504]
      7993 :    #7161 0 8000006a 00004594  a3=000002b0 ; c.lw    a3,8(a1) [f004048c]
      7994 :    #7162 0 8000006c 00f75c63              ; bge     a4,a5,0x80000084
      7995 :    #7163 0 80000084 fed74ae3              ; blt     a4,a3,0x80000078
      7996 :    #7164 0 80000078 0000c218              ; c.sw    a4,0(a2) [f0041ab8]
      7997 :    #7165 0 8000007a 00000591  a1=f0040488 ; c.addi  a1,4
      7998 :    #7166 0 8000007c 00000611  a2=f0041abc ; c.addi  a2,4
      7999 :    #7167 0 8000007e fea594e3              ; bne     a1,a0,0x80000066
      8000 :    #7168 0 80000066 00004198  a4=00000054 ; c.lw    a4,0(a1) [f0040488]
      8001 :    #7169 0 80000068 000041dc  a5=000002b0 ; c.lw    a5,128(a1) [f0040508]
      8002 :    #7170 0 8000006a 00004594  a3=000000f7 ; c.lw    a3,8(a1) [f0040490]
      8003 :    #7171 0 8000006c 00f75c63              ; bge     a4,a5,0x80000084
      8004 :    #7172 0 80000070 02d7c063              ; blt     a5,a3,0x80000090
      8005 :    #7173 0 80000074 00e6dc63              ; bge     a3,a4,0x8000008c
      8006 :    #7174 0 8000008c 0000c214              ; c.sw    a3,0(a2) [f0041abc]
      8007 :    #7175 0 8000008e 0000b7f5              ; c.j     0x8000007a
      8008 :    #7176 0 8000007a 00000591  a1=f004048c ; c.addi  a1,4
      8009 :    #7177 0 8000007c 00000611  a2=f0041ac0 ; c.addi  a2,4
      8010 :    #7178 0 8000007e fea594e3              ; bne     a1,a0,0x80000066
      8011 :    #7179 0 80000066 00004198  a4=000002b0 ; c.lw    a4,0(a1) [f004048c]
      8012 :    #7180 0 80000068 000041dc  a5=000000f7 ; c.lw    a5,128(a1) [f004050c]
      8013 :    #7181 0 8000006a 00004594  a3=0000038f ; c.lw    a3,8(a1) [f0040494]
      8014 :    #7182 0 8000006c 00f75c63              ; bge     a4,a5,0x80000084
      8015 :    #7183 0 80000084 fed74ae3              ; blt     a4,a3,0x80000078
      8016 :    #7184 0 80000078 0000c218              ; c.sw    a4,0(a2) [f0041ac0]
      8017 :    #7185 0 8000007a 00000591  a1=f0040490 ; c.addi  a1,4
      8018 :    #7186 0 8000007c 00000611  a2=f0041ac4 ; c.addi  a2,4
      8019 :    #7187 0 8000007e fea594e3              ; bne     a1,a0,0x80000066
      8020 :    #7188 0 80000066 00004198  a4=000000f7 ; c.lw    a4,0(a1) [f0040490]
      8021 :    #7189 0 80000068 000041dc  a5=0000038f ; c.lw    a5,128(a1) [f0040510]
      8022 :    #7190 0 8000006a 00004594  a3=00000031 ; c.lw    a3,8(a1) [f0040498]
      8023 :    #7191 0 8000006c 00f75c63              ; bge     a4,a5,0x80000084
      8024 :    #7192 0 80000070 02d7c063              ; blt     a5,a3,0x80000090
      8025 :    #7193 0 80000074 00e6dc63              ; bge     a3,a4,0x8000008c
      8027 :    #7194 0 80000078 0000c218              ; c.sw    a4,0(a2) [f0041ac4]
      8028 :    #7195 0 8000007a 00000591  a1=f0040494 ; c.addi  a1,4
      8029 :    #7196 0 8000007c 00000611  a2=f0041ac8 ; c.addi  a2,4
      8030 :    #7197 0 8000007e fea594e3              ; bne     a1,a0,0x80000066
      8031 :    #7198 0 80000066 00004198  a4=0000038f ; c.lw    a4,0(a1) [f0040494]
      8032 :    #7199 0 80000068 000041dc  a5=00000031 ; c.lw    a5,128(a1) [f0040514]
      8033 :    #7200 0 8000006a 00004594  a3=000001dc ; c.lw    a3,8(a1) [f004049c]
      8034 :    #7201 0 8000006c 00f75c63              ; bge     a4,a5,0x80000084
      8035 :    #7202 0 80000084 fed74ae3              ; blt     a4,a3,0x80000078
      8037 :    #7203 0 80000088 00f6c463              ; blt     a3,a5,0x80000090
      8038 :    #7204 0 8000008c 0000c214              ; c.sw    a3,0(a2) [f0041ac8]
      8039 :    #7205 0 8000008e 0000b7f5              ; c.j     0x8000007a
      8040 :    #7206 0 8000007a 00000591  a1=f0040498 ; c.addi  a1,4
      8041 :    #7207 0 8000007c 00000611  a2=f0041acc ; c.addi  a2,4
      8042 :    #7208 0 8000007e fea594e3              ; bne     a1,a0,0x80000066
      8043 :    #7209 0 80000066 00004198  a4=00000031 ; c.lw    a4,0(a1) [f0040498]
      8044 :    #7210 0 80000068 000041dc  a5=000001dc ; c.lw    a5,128(a1) [f0040518]
      8045 :    #7211 0 8000006a 00004594  a3=000001b3 ; c.lw    a3,8(a1) [f00404a0]
      8046 :    #7212 0 8000006c 00f75c63              ; bge     a4,a5,0x80000084
      8047 :    #7213 0 80000070 02d7c063              ; blt     a5,a3,0x80000090
      8048 :    #7214 0 80000074 00e6dc63              ; bge     a3,a4,0x8000008c
      8049 :    #7215 0 8000008c 0000c214              ; c.sw    a3,0(a2) [f0041acc]
      8050 :    #7216 0 8000008e 0000b7f5              ; c.j     0x8000007a
      8051 :    #7217 0 8000007a 00000591  a1=f004049c ; c.addi  a1,4
      8052 :    #7218 0 8000007c 00000611  a2=f0041ad0 ; c.addi  a2,4
      8053 :    #7219 0 8000007e fea594e3              ; bne     a1,a0,0x80000066
      8054 :    #7220 0 80000066 00004198  a4=000001dc ; c.lw    a4,0(a1) [f004049c]
      8055 :    #7221 0 80000068 000041dc  a5=000001b3 ; c.lw    a5,128(a1) [f004051c]
      8056 :    #7222 0 8000006a 00004594  a3=0000032f ; c.lw    a3,8(a1) [f00404a4]
      8057 :    #7223 0 8000006c 00f75c63              ; bge     a4,a5,0x80000084
      8058 :    #7224 0 80000084 fed74ae3              ; blt     a4,a3,0x80000078
      8059 :    #7225 0 80000078 0000c218              ; c.sw    a4,0(a2) [f0041ad0]
      8060 :    #7226 0 8000007a 00000591  a1=f00404a0 ; c.addi  a1,4
      8061 :    #7227 0 8000007c 00000611  a2=f0041ad4 ; c.addi  a2,4
      8062 :    #7228 0 8000007e fea594e3              ; bne     a1,a0,0x80000066
      8063 :    #7229 0 80000066 00004198  a4=000001b3 ; c.lw    a4,0(a1) [f00404a0]
      8064 :    #7230 0 80000068 000041dc  a5=0000032f ; c.lw    a5,128(a1) [f0040520]
      8065 :    #7231 0 8000006a 00004594  a3=00000318 ; c.lw    a3,8(a1) [f00404a8]
      8066 :    #7232 0 8000006c 00f75c63              ; bge     a4,a5,0x80000084
      8067 :    #7233 0 80000070 02d7c063              ; blt     a5,a3,0x80000090
      8068 :    #7234 0 80000074 00e6dc63              ; bge     a3,a4,0x8000008c
      8069 :    #7235 0 8000008c 0000c214              ; c.sw    a3,0(a2) [f0041ad4]
      8070 :    #7236 0 8000008e 0000b7f5              ; c.j     0x8000007a
      8071 :    #7237 0 8000007a 00000591  a1=f00404a4 ; c.addi  a1,4
      8072 :    #7238 0 8000007c 00000611  a2=f0041ad8 ; c.addi  a2,4
      8073 :    #7239 0 8000007e fea594e3              ; bne     a1,a0,0x80000066
      8074 :    #7240 0 80000066 00004198  a4=0000032f ; c.lw    a4,0(a1) [f00404a4]
      8075 :    #7241 0 80000068 000041dc  a5=00000318 ; c.lw    a5,128(a1) [f0040524]
      8076 :    #7242 0 8000006a 00004594  a3=000002d9 ; c.lw    a3,8(a1) [f00404ac]
      8077 :    #7243 0 8000006c 00f75c63              ; bge     a4,a5,0x80000084
      8078 :    #7244 0 80000084 fed74ae3              ; blt     a4,a3,0x80000078
      8080 :    #7245 0 80000088 00f6c463              ; blt     a3,a5,0x80000090
      8081 :    #7246 0 80000090 0000c21c              ; c.sw    a5,0(a2) [f0041ad8]
      8082 :    #7247 0 80000092 0000b7e5              ; c.j     0x8000007a
      8083 :    #7248 0 8000007a 00000591  a1=f00404a8 ; c.addi  a1,4
      8084 :    #7249 0 8000007c 00000611  a2=f0041adc ; c.addi  a2,4
      8085 :    #7250 0 8000007e fea594e3              ; bne     a1,a0,0x80000066
      8086 :    #7251 0 80000066 00004198  a4=00000318 ; c.lw    a4,0(a1) [f00404a8]
      8087 :    #7252 0 80000068 000041dc  a5=000002d9 ; c.lw    a5,128(a1) [f0040528]
      8088 :    #7253 0 8000006a 00004594  a3=00000365 ; c.lw    a3,8(a1) [f00404b0]
      8089 :    #7254 0 8000006c 00f75c63              ; bge     a4,a5,0x80000084
      8091 :    #7255 0 80000084 fed74ae3              ; blt     a4,a3,0x80000078
      8092 :    #7256 0 80000078 0000c218              ; c.sw    a4,0(a2) [f0041adc]
      8093 :    #7257 0 8000007a 00000591  a1=f00404ac ; c.addi  a1,4
      8094 :    #7258 0 8000007c 00000611  a2=f0041ae0 ; c.addi  a2,4
      8095 :    #7259 0 8000007e fea594e3              ; bne     a1,a0,0x80000066
      8096 :    #7260 0 80000066 00004198  a4=000002d9 ; c.lw    a4,0(a1) [f00404ac]
      8097 :    #7261 0 80000068 000041dc  a5=00000365 ; c.lw    a5,128(a1) [f004052c]
      8098 :    #7262 0 8000006a 00004594  a3=00000109 ; c.lw    a3,8(a1) [f00404b4]
      8099 :    #7263 0 8000006c 00f75c63              ; bge     a4,a5,0x80000084
      8100 :    #7264 0 80000070 02d7c063              ; blt     a5,a3,0x80000090
      8101 :    #7265 0 80000074 00e6dc63              ; bge     a3,a4,0x8000008c
      8103 :    #7266 0 80000078 0000c218              ; c.sw    a4,0(a2) [f0041ae0]
      8104 :    #7267 0 8000007a 00000591  a1=f00404b0 ; c.addi  a1,4
      8105 :    #7268 0 8000007c 00000611  a2=f0041ae4 ; c.addi  a2,4
      8106 :    #7269 0 8000007e fea594e3              ; bne     a1,a0,0x80000066
      8107 :    #7270 0 80000066 00004198  a4=00000365 ; c.lw    a4,0(a1) [f00404b0]
      8108 :    #7271 0 80000068 000041dc  a5=00000109 ; c.lw    a5,128(a1) [f0040530]
      8109 :    #7272 0 8000006a 00004594  a3=000001e6 ; c.lw    a3,8(a1) [f00404b8]
      8110 :    #7273 0 8000006c 00f75c63              ; bge     a4,a5,0x80000084
      8111 :    #7274 0 80000084 fed74ae3              ; blt     a4,a3,0x80000078
      8112 :    #7275 0 80000088 00f6c463              ; blt     a3,a5,0x80000090
      8113 :    #7276 0 8000008c 0000c214              ; c.sw    a3,0(a2) [f0041ae4]
      8114 :    #7277 0 8000008e 0000b7f5              ; c.j     0x8000007a
      8115 :    #7278 0 8000007a 00000591  a1=f00404b4 ; c.addi  a1,4
      8116 :    #7279 0 8000007c 00000611  a2=f0041ae8 ; c.addi  a2,4
      8117 :    #7280 0 8000007e fea594e3              ; bne     a1,a0,0x80000066
      8118 :    #7281 0 80000066 00004198  a4=00000109 ; c.lw    a4,0(a1) [f00404b4]
      8119 :    #7282 0 80000068 000041dc  a5=000001e6 ; c.lw    a5,128(a1) [f0040534]
      8120 :    #7283 0 8000006a 00004594  a3=0000007f ; c.lw    a3,8(a1) [f00404bc]
      8121 :    #7284 0 8000006c 00f75c63              ; bge     a4,a5,0x80000084
      8122 :    #7285 0 80000070 02d7c063              ; blt     a5,a3,0x80000090
      8123 :    #7286 0 80000074 00e6dc63              ; bge     a3,a4,0x8000008c
      8125 :    #7287 0 80000078 0000c218              ; c.sw    a4,0(a2) [f0041ae8]
      8126 :    #7288 0 8000007a 00000591  a1=f00404b8 ; c.addi  a1,4
      8127 :    #7289 0 8000007c 00000611  a2=f0041aec ; c.addi  a2,4
      8128 :    #7290 0 8000007e fea594e3              ; bne     a1,a0,0x80000066
      8129 :    #7291 0 80000066 00004198  a4=000001e6 ; c.lw    a4,0(a1) [f00404b8]
      8130 :    #7292 0 80000068 000041dc  a5=0000007f ; c.lw    a5,128(a1) [f0040538]
      8131 :    #7293 0 8000006a 00004594  a3=0000019e ; c.lw    a3,8(a1) [f00404c0]
      8132 :    #7294 0 8000006c 00f75c63              ; bge     a4,a5,0x80000084
      8133 :    #7295 0 80000084 fed74ae3              ; blt     a4,a3,0x80000078
      8134 :    #7296 0 80000088 00f6c463              ; blt     a3,a5,0x80000090
      8135 :    #7297 0 8000008c 0000c214              ; c.sw    a3,0(a2) [f0041aec]
      8136 :    #7298 0 8000008e 0000b7f5              ; c.j     0x8000007a
      8137 :    #7299 0 8000007a 00000591  a1=f00404bc ; c.addi  a1,4
      8138 :    #7300 0 8000007c 00000611  a2=f0041af0 ; c.addi  a2,4
      8139 :    #7301 0 8000007e fea594e3              ; bne     a1,a0,0x80000066
      8140 :    #7302 0 80000066 00004198  a4=0000007f ; c.lw    a4,0(a1) [f00404bc]
      8141 :    #7303 0 80000068 000041dc  a5=0000019e ; c.lw    a5,128(a1) [f004053c]
      8142 :    #7304 0 8000006a 00004594  a3=000000ec ; c.lw    a3,8(a1) [f00404c4]
      8143 :    #7305 0 8000006c 00f75c63              ; bge     a4,a5,0x80000084
      8144 :    #7306 0 80000070 02d7c063              ; blt     a5,a3,0x80000090
      8145 :    #7307 0 80000074 00e6dc63              ; bge     a3,a4,0x8000008c
      8146 :    #7308 0 8000008c 0000c214              ; c.sw    a3,0(a2) [f0041af0]
      8147 :    #7309 0 8000008e 0000b7f5              ; c.j     0x8000007a
      8148 :    #7310 0 8000007a 00000591  a1=f00404c0 ; c.addi  a1,4
      8149 :    #7311 0 8000007c 00000611  a2=f0041af4 ; c.addi  a2,4
      8150 :    #7312 0 8000007e fea594e3              ; bne     a1,a0,0x80000066
      8151 :    #7313 0 80000066 00004198  a4=0000019e ; c.lw    a4,0(a1) [f00404c0]
      8152 :    #7314 0 80000068 000041dc  a5=000000ec ; c.lw    a5,128(a1) [f0040540]
      8153 :    #7315 0 8000006a 00004594  a3=00000171 ; c.lw    a3,8(a1) [f00404c8]
      8154 :    #7316 0 8000006c 00f75c63              ; bge     a4,a5,0x80000084
      8155 :    #7317 0 80000084 fed74ae3              ; blt     a4,a3,0x80000078
      8157 :    #7318 0 80000088 00f6c463              ; blt     a3,a5,0x80000090
      8159 :    #7319 0 8000008c 0000c214              ; c.sw    a3,0(a2) [f0041af4]
      8160 :    #7320 0 8000008e 0000b7f5              ; c.j     0x8000007a
      8161 :    #7321 0 8000007a 00000591  a1=f00404c4 ; c.addi  a1,4
      8162 :    #7322 0 8000007c 00000611  a2=f0041af8 ; c.addi  a2,4
      8163 :    #7323 0 8000007e fea594e3              ; bne     a1,a0,0x80000066
      8164 :    #7324 0 80000066 00004198  a4=000000ec ; c.lw    a4,0(a1) [f00404c4]
      8165 :    #7325 0 80000068 000041dc  a5=00000171 ; c.lw    a5,128(a1) [f0040544]
      8166 :    #7326 0 8000006a 00004594  a3=000000d6 ; c.lw    a3,8(a1) [f00404cc]
      8167 :    #7327 0 8000006c 00f75c63              ; bge     a4,a5,0x80000084
      8168 :    #7328 0 80000070 02d7c063              ; blt     a5,a3,0x80000090
      8170 :    #7329 0 80000074 00e6dc63              ; bge     a3,a4,0x8000008c
      8172 :    #7330 0 80000078 0000c218              ; c.sw    a4,0(a2) [f0041af8]
      8173 :    #7331 0 8000007a 00000591  a1=f00404c8 ; c.addi  a1,4
      8174 :    #7332 0 8000007c 00000611  a2=f0041afc ; c.addi  a2,4
      8175 :    #7333 0 8000007e fea594e3              ; bne     a1,a0,0x80000066
      8176 :    #7334 0 80000066 00004198  a4=00000171 ; c.lw    a4,0(a1) [f00404c8]
      8177 :    #7335 0 80000068 000041dc  a5=000000d6 ; c.lw    a5,128(a1) [f0040548]
      8178 :    #7336 0 8000006a 00004594  a3=00000224 ; c.lw    a3,8(a1) [f00404d0]
      8179 :    #7337 0 8000006c 00f75c63              ; bge     a4,a5,0x80000084
      8180 :    #7338 0 80000084 fed74ae3              ; blt     a4,a3,0x80000078
      8182 :    #7339 0 80000078 0000c218              ; c.sw    a4,0(a2) [f0041afc]
      8183 :    #7340 0 8000007a 00000591  a1=f00404cc ; c.addi  a1,4
      8184 :    #7341 0 8000007c 00000611  a2=f0041b00 ; c.addi  a2,4
      8185 :    #7342 0 8000007e fea594e3              ; bne     a1,a0,0x80000066
      8186 :    #7343 0 80000066 00004198  a4=000000d6 ; c.lw    a4,0(a1) [f00404cc]
      8187 :    #7344 0 80000068 000041dc  a5=00000224 ; c.lw    a5,128(a1) [f004054c]
      8188 :    #7345 0 8000006a 00004594  a3=000000b4 ; c.lw    a3,8(a1) [f00404d4]
      8189 :    #7346 0 8000006c 00f75c63              ; bge     a4,a5,0x80000084
      8190 :    #7347 0 80000070 02d7c063              ; blt     a5,a3,0x80000090
      8191 :    #7348 0 80000074 00e6dc63              ; bge     a3,a4,0x8000008c
      8193 :    #7349 0 80000078 0000c218              ; c.sw    a4,0(a2) [f0041b00]
      8194 :    #7350 0 8000007a 00000591  a1=f00404d0 ; c.addi  a1,4
      8195 :    #7351 0 8000007c 00000611  a2=f0041b04 ; c.addi  a2,4
      8196 :    #7352 0 8000007e fea594e3              ; bne     a1,a0,0x80000066
      8197 :    #7353 0 80000066 00004198  a4=00000224 ; c.lw    a4,0(a1) [f00404d0]
      8198 :    #7354 0 80000068 000041dc  a5=000000b4 ; c.lw    a5,128(a1) [f0040550]
      8199 :    #7355 0 8000006a 00004594  a3=00000206 ; c.lw    a3,8(a1) [f00404d8]
      8200 :    #7356 0 8000006c 00f75c63              ; bge     a4,a5,0x80000084
      8201 :    #7357 0 80000084 fed74ae3              ; blt     a4,a3,0x80000078
      8202 :    #7358 0 80000088 00f6c463              ; blt     a3,a5,0x80000090
      8203 :    #7359 0 8000008c 0000c214              ; c.sw    a3,0(a2) [f0041b04]
      8204 :    #7360 0 8000008e 0000b7f5              ; c.j     0x8000007a
      8205 :    #7361 0 8000007a 00000591  a1=f00404d4 ; c.addi  a1,4
      8206 :    #7362 0 8000007c 00000611  a2=f0041b08 ; c.addi  a2,4
      8207 :    #7363 0 8000007e fea594e3              ; bne     a1,a0,0x80000066
      8208 :    #7364 0 80000066 00004198  a4=000000b4 ; c.lw    a4,0(a1) [f00404d4]
      8209 :    #7365 0 80000068 000041dc  a5=00000206 ; c.lw    a5,128(a1) [f0040554]
      8210 :    #7366 0 8000006a 00004594  a3=00000006 ; c.lw    a3,8(a1) [f00404dc]
      8211 :    #7367 0 8000006c 00f75c63              ; bge     a4,a5,0x80000084
      8212 :    #7368 0 80000070 02d7c063              ; blt     a5,a3,0x80000090
      8213 :    #7369 0 80000074 00e6dc63              ; bge     a3,a4,0x8000008c
      8215 :    #7370 0 80000078 0000c218              ; c.sw    a4,0(a2) [f0041b08]
      8216 :    #7371 0 8000007a 00000591  a1=f00404d8 ; c.addi  a1,4
      8217 :    #7372 0 8000007c 00000611  a2=f0041b0c ; c.addi  a2,4
      8218 :    #7373 0 8000007e fea594e3              ; bne     a1,a0,0x80000066
      8219 :    #7374 0 80000066 00004198  a4=00000206 ; c.lw    a4,0(a1) [f00404d8]
      8220 :    #7375 0 80000068 000041dc  a5=00000006 ; c.lw    a5,128(a1) [f0040558]
      8221 :    #7376 0 8000006a 00004594  a3=00000378 ; c.lw    a3,8(a1) [f00404e0]
      8222 :    #7377 0 8000006c 00f75c63              ; bge     a4,a5,0x80000084
      8223 :    #7378 0 80000084 fed74ae3              ; blt     a4,a3,0x80000078
      8225 :    #7379 0 80000078 0000c218              ; c.sw    a4,0(a2) [f0041b0c]
      8226 :    #7380 0 8000007a 00000591  a1=f00404dc ; c.addi  a1,4
      8227 :    #7381 0 8000007c 00000611  a2=f0041b10 ; c.addi  a2,4
      8228 :    #7382 0 8000007e fea594e3              ; bne     a1,a0,0x80000066
      8229 :    #7383 0 80000066 00004198  a4=00000006 ; c.lw    a4,0(a1) [f00404dc]
      8230 :    #7384 0 80000068 000041dc  a5=00000378 ; c.lw    a5,128(a1) [f004055c]
      8231 :    #7385 0 8000006a 00004594  a3=000001f7 ; c.lw    a3,8(a1) [f00404e4]
      8232 :    #7386 0 8000006c 00f75c63              ; bge     a4,a5,0x80000084
      8233 :    #7387 0 80000070 02d7c063              ; blt     a5,a3,0x80000090
      8234 :    #7388 0 80000074 00e6dc63              ; bge     a3,a4,0x8000008c
      8235 :    #7389 0 8000008c 0000c214              ; c.sw    a3,0(a2) [f0041b10]
      8236 :    #7390 0 8000008e 0000b7f5              ; c.j     0x8000007a
      8237 :    #7391 0 8000007a 00000591  a1=f00404e0 ; c.addi  a1,4
      8238 :    #7392 0 8000007c 00000611  a2=f0041b14 ; c.addi  a2,4
      8239 :    #7393 0 8000007e fea594e3              ; bne     a1,a0,0x80000066
      8240 :    #7394 0 80000066 00004198  a4=00000378 ; c.lw    a4,0(a1) [f00404e0]
      8241 :    #7395 0 80000068 000041dc  a5=000001f7 ; c.lw    a5,128(a1) [f0040560]
      8242 :    #7396 0 8000006a 00004594  a3=000002aa ; c.lw    a3,8(a1) [f00404e8]
      8243 :    #7397 0 8000006c 00f75c63              ; bge     a4,a5,0x80000084
      8244 :    #7398 0 80000084 fed74ae3              ; blt     a4,a3,0x80000078
      8246 :    #7399 0 80000088 00f6c463              ; blt     a3,a5,0x80000090
      8248 :    #7400 0 8000008c 0000c214              ; c.sw    a3,0(a2) [f0041b14]
      8249 :    #7401 0 8000008e 0000b7f5              ; c.j     0x8000007a
      8250 :    #7402 0 8000007a 00000591  a1=f00404e4 ; c.addi  a1,4
      8251 :    #7403 0 8000007c 00000611  a2=f0041b18 ; c.addi  a2,4
      8252 :    #7404 0 8000007e fea594e3              ; bne     a1,a0,0x80000066
      8253 :    #7405 0 80000066 00004198  a4=000001f7 ; c.lw    a4,0(a1) [f00404e4]
      8254 :    #7406 0 80000068 000041dc  a5=000002aa ; c.lw    a5,128(a1) [f0040564]
      8255 :    #7407 0 8000006a 00004594  a3=00000254 ; c.lw    a3,8(a1) [f00404ec]
      8256 :    #7408 0 8000006c 00f75c63              ; bge     a4,a5,0x80000084
      8257 :    #7409 0 80000070 02d7c063              ; blt     a5,a3,0x80000090
      8259 :    #7410 0 80000074 00e6dc63              ; bge     a3,a4,0x8000008c
      8261 :    #7411 0 8000008c 0000c214              ; c.sw    a3,0(a2) [f0041b18]
      8262 :    #7412 0 8000008e 0000b7f5              ; c.j     0x8000007a
      8263 :    #7413 0 8000007a 00000591  a1=f00404e8 ; c.addi  a1,4
      8264 :    #7414 0 8000007c 00000611  a2=f0041b1c ; c.addi  a2,4
      8265 :    #7415 0 8000007e fea594e3              ; bne     a1,a0,0x80000066
      8266 :    #7416 0 80000066 00004198  a4=000002aa ; c.lw    a4,0(a1) [f00404e8]
      8267 :    #7417 0 80000068 000041dc  a5=00000254 ; c.lw    a5,128(a1) [f0040568]
      8268 :    #7418 0 8000006a 00004594  a3=0000011c ; c.lw    a3,8(a1) [f00404f0]
      8269 :    #7419 0 8000006c 00f75c63              ; bge     a4,a5,0x80000084
      8271 :    #7420 0 80000084 fed74ae3              ; blt     a4,a3,0x80000078
      8272 :    #7421 0 80000088 00f6c463              ; blt     a3,a5,0x80000090
      8273 :    #7422 0 80000090 0000c21c              ; c.sw    a5,0(a2) [f0041b1c]
      8274 :    #7423 0 80000092 0000b7e5              ; c.j     0x8000007a
      8275 :    #7424 0 8000007a 00000591  a1=f00404ec ; c.addi  a1,4
      8276 :    #7425 0 8000007c 00000611  a2=f0041b20 ; c.addi  a2,4
      8277 :    #7426 0 8000007e fea594e3              ; bne     a1,a0,0x80000066
      8278 :    #7427 0 80000066 00004198  a4=00000254 ; c.lw    a4,0(a1) [f00404ec]
      8279 :    #7428 0 80000068 000041dc  a5=0000011c ; c.lw    a5,128(a1) [f004056c]
      8280 :    #7429 0 8000006a 00004594  a3=000000ad ; c.lw    a3,8(a1) [f00404f4]
      8281 :    #7430 0 8000006c 00f75c63              ; bge     a4,a5,0x80000084
      8283 :    #7431 0 80000084 fed74ae3              ; blt     a4,a3,0x80000078
      8285 :    #7432 0 80000088 00f6c463              ; blt     a3,a5,0x80000090
      8287 :    #7433 0 80000090 0000c21c              ; c.sw    a5,0(a2) [f0041b20]
      8288 :    #7434 0 80000092 0000b7e5              ; c.j     0x8000007a
      8289 :    #7435 0 8000007a 00000591  a1=f00404f0 ; c.addi  a1,4
      8290 :    #7436 0 8000007c 00000611  a2=f0041b24 ; c.addi  a2,4
      8291 :    #7437 0 8000007e fea594e3              ; bne     a1,a0,0x80000066
      8292 :    #7438 0 80000066 00004198  a4=0000011c ; c.lw    a4,0(a1) [f00404f0]
      8293 :    #7439 0 80000068 000041dc  a5=000000ad ; c.lw    a5,128(a1) [f0040570]
      8294 :    #7440 0 8000006a 00004594  a3=00000108 ; c.lw    a3,8(a1) [f00404f8]
      8295 :    #7441 0 8000006c 00f75c63              ; bge     a4,a5,0x80000084
      8296 :    #7442 0 80000084 fed74ae3              ; blt     a4,a3,0x80000078
      8298 :    #7443 0 80000088 00f6c463              ; blt     a3,a5,0x80000090
      8300 :    #7444 0 8000008c 0000c214              ; c.sw    a3,0(a2) [f0041b24]
      8301 :    #7445 0 8000008e 0000b7f5              ; c.j     0x8000007a
      8302 :    #7446 0 8000007a 00000591  a1=f00404f4 ; c.addi  a1,4
      8303 :    #7447 0 8000007c 00000611  a2=f0041b28 ; c.addi  a2,4
      8304 :    #7448 0 8000007e fea594e3              ; bne     a1,a0,0x80000066
      8305 :    #7449 0 80000066 00004198  a4=000000ad ; c.lw    a4,0(a1) [f00404f4]
      8306 :    #7450 0 80000068 000041dc  a5=00000108 ; c.lw    a5,128(a1) [f0040574]
      8307 :    #7451 0 8000006a 00004594  a3=00000283 ; c.lw    a3,8(a1) [f00404fc]
      8308 :    #7452 0 8000006c 00f75c63              ; bge     a4,a5,0x80000084
      8309 :    #7453 0 80000070 02d7c063              ; blt     a5,a3,0x80000090
      8311 :    #7454 0 80000090 0000c21c              ; c.sw    a5,0(a2) [f0041b28]
      8312 :    #7455 0 80000092 0000b7e5              ; c.j     0x8000007a
      8313 :    #7456 0 8000007a 00000591  a1=f00404f8 ; c.addi  a1,4
      8314 :    #7457 0 8000007c 00000611  a2=f0041b2c ; c.addi  a2,4
      8315 :    #7458 0 8000007e fea594e3              ; bne     a1,a0,0x80000066
      8316 :    #7459 0 80000066 00004198  a4=00000108 ; c.lw    a4,0(a1) [f00404f8]
      8317 :    #7460 0 80000068 000041dc  a5=00000283 ; c.lw    a5,128(a1) [f0040578]
      8318 :    #7461 0 8000006a 00004594  a3=000001f3 ; c.lw    a3,8(a1) [f0040500]
      8319 :    #7462 0 8000006c 00f75c63              ; bge     a4,a5,0x80000084
      8320 :    #7463 0 80000070 02d7c063              ; blt     a5,a3,0x80000090
      8321 :    #7464 0 80000074 00e6dc63              ; bge     a3,a4,0x8000008c
      8322 :    #7465 0 8000008c 0000c214              ; c.sw    a3,0(a2) [f0041b2c]
      8323 :    #7466 0 8000008e 0000b7f5              ; c.j     0x8000007a
      8324 :    #7467 0 8000007a 00000591  a1=f00404fc ; c.addi  a1,4
      8325 :    #7468 0 8000007c 00000611  a2=f0041b30 ; c.addi  a2,4
      8326 :    #7469 0 8000007e fea594e3              ; bne     a1,a0,0x80000066
      8327 :    #7470 0 80000066 00004198  a4=00000283 ; c.lw    a4,0(a1) [f00404fc]
      8328 :    #7471 0 80000068 000041dc  a5=000001f3 ; c.lw    a5,128(a1) [f004057c]
      8329 :    #7472 0 8000006a 00004594  a3=0000015a ; c.lw    a3,8(a1) [f0040504]
      8330 :    #7473 0 8000006c 00f75c63              ; bge     a4,a5,0x80000084
      8331 :    #7474 0 80000084 fed74ae3              ; blt     a4,a3,0x80000078
      8332 :    #7475 0 80000088 00f6c463              ; blt     a3,a5,0x80000090
      8334 :    #7476 0 80000090 0000c21c              ; c.sw    a5,0(a2) [f0041b30]
      8335 :    #7477 0 80000092 0000b7e5              ; c.j     0x8000007a
      8336 :    #7478 0 8000007a 00000591  a1=f0040500 ; c.addi  a1,4
      8337 :    #7479 0 8000007c 00000611  a2=f0041b34 ; c.addi  a2,4
      8338 :    #7480 0 8000007e fea594e3              ; bne     a1,a0,0x80000066
      8339 :    #7481 0 80000066 00004198  a4=000001f3 ; c.lw    a4,0(a1) [f0040500]
      8340 :    #7482 0 80000068 000041dc  a5=0000015a ; c.lw    a5,128(a1) [f0040580]
      8341 :    #7483 0 8000006a 00004594  a3=00000122 ; c.lw    a3,8(a1) [f0040508]
      8342 :    #7484 0 8000006c 00f75c63              ; bge     a4,a5,0x80000084
      8343 :    #7485 0 80000084 fed74ae3              ; blt     a4,a3,0x80000078
      8345 :    #7486 0 80000088 00f6c463              ; blt     a3,a5,0x80000090
      8346 :    #7487 0 80000090 0000c21c              ; c.sw    a5,0(a2) [f0041b34]
      8347 :    #7488 0 80000092 0000b7e5              ; c.j     0x8000007a
      8348 :    #7489 0 8000007a 00000591  a1=f0040504 ; c.addi  a1,4
      8349 :    #7490 0 8000007c 00000611  a2=f0041b38 ; c.addi  a2,4
      8350 :    #7491 0 8000007e fea594e3              ; bne     a1,a0,0x80000066
      8351 :    #7492 0 80000066 00004198  a4=0000015a ; c.lw    a4,0(a1) [f0040504]
      8352 :    #7493 0 80000068 000041dc  a5=00000122 ; c.lw    a5,128(a1) [f0040584]
      8353 :    #7494 0 8000006a 00004594  a3=00000257 ; c.lw    a3,8(a1) [f004050c]
      8354 :    #7495 0 8000006c 00f75c63              ; bge     a4,a5,0x80000084
      8355 :    #7496 0 80000084 fed74ae3              ; blt     a4,a3,0x80000078
      8357 :    #7497 0 80000078 0000c218              ; c.sw    a4,0(a2) [f0041b38]
      8358 :    #7498 0 8000007a 00000591  a1=f0040508 ; c.addi  a1,4
      8359 :    #7499 0 8000007c 00000611  a2=f0041b3c ; c.addi  a2,4
      8360 :    #7500 0 8000007e fea594e3              ; bne     a1,a0,0x80000066
      8361 :    #7501 0 80000066 00004198  a4=00000122 ; c.lw    a4,0(a1) [f0040508]
      8362 :    #7502 0 80000068 000041dc  a5=00000257 ; c.lw    a5,128(a1) [f0040588]
      8363 :    #7503 0 8000006a 00004594  a3=00000381 ; c.lw    a3,8(a1) [f0040510]
      8364 :    #7504 0 8000006c 00f75c63              ; bge     a4,a5,0x80000084
      8365 :    #7505 0 80000070 02d7c063              ; blt     a5,a3,0x80000090
      8367 :    #7506 0 80000090 0000c21c              ; c.sw    a5,0(a2) [f0041b3c]
      8368 :    #7507 0 80000092 0000b7e5              ; c.j     0x8000007a
      8369 :    #7508 0 8000007a 00000591  a1=f004050c ; c.addi  a1,4
      8370 :    #7509 0 8000007c 00000611  a2=f0041b40 ; c.addi  a2,4
      8371 :    #7510 0 8000007e fea594e3              ; bne     a1,a0,0x80000066
      8372 :    #7511 0 80000066 00004198  a4=00000257 ; c.lw    a4,0(a1) [f004050c]
      8373 :    #7512 0 80000068 000041dc  a5=00000381 ; c.lw    a5,128(a1) [f004058c]
      8374 :    #7513 0 8000006a 00004594  a3=00000044 ; c.lw    a3,8(a1) [f0040514]
      8375 :    #7514 0 8000006c 00f75c63              ; bge     a4,a5,0x80000084
      8377 :    #7515 0 80000070 02d7c063              ; blt     a5,a3,0x80000090
      8378 :    #7516 0 80000074 00e6dc63              ; bge     a3,a4,0x8000008c
      8379 :    #7517 0 80000078 0000c218              ; c.sw    a4,0(a2) [f0041b40]
      8380 :    #7518 0 8000007a 00000591  a1=f0040510 ; c.addi  a1,4
      8381 :    #7519 0 8000007c 00000611  a2=f0041b44 ; c.addi  a2,4
      8382 :    #7520 0 8000007e fea594e3              ; bne     a1,a0,0x80000066
      8383 :    #7521 0 80000066 00004198  a4=00000381 ; c.lw    a4,0(a1) [f0040510]
      8384 :    #7522 0 80000068 000041dc  a5=00000044 ; c.lw    a5,128(a1) [f0040590]
      8385 :    #7523 0 8000006a 00004594  a3=000000d7 ; c.lw    a3,8(a1) [f0040518]
      8386 :    #7524 0 8000006c 00f75c63              ; bge     a4,a5,0x80000084
      8387 :    #7525 0 80000084 fed74ae3              ; blt     a4,a3,0x80000078
      8388 :    #7526 0 80000088 00f6c463              ; blt     a3,a5,0x80000090
      8389 :    #7527 0 8000008c 0000c214              ; c.sw    a3,0(a2) [f0041b44]
      8390 :    #7528 0 8000008e 0000b7f5              ; c.j     0x8000007a
      8391 :    #7529 0 8000007a 00000591  a1=f0040514 ; c.addi  a1,4
      8392 :    #7530 0 8000007c 00000611  a2=f0041b48 ; c.addi  a2,4
      8393 :    #7531 0 8000007e fea594e3              ; bne     a1,a0,0x80000066
      8394 :    #7532 0 80000066 00004198  a4=00000044 ; c.lw    a4,0(a1) [f0040514]
      8395 :    #7533 0 80000068 000041dc  a5=000000d7 ; c.lw    a5,128(a1) [f0040594]
      8396 :    #7534 0 8000006a 00004594  a3=00000351 ; c.lw    a3,8(a1) [f004051c]
      8397 :    #7535 0 8000006c 00f75c63              ; bge     a4,a5,0x80000084
      8398 :    #7536 0 80000070 02d7c063              ; blt     a5,a3,0x80000090
      8400 :    #7537 0 80000090 0000c21c              ; c.sw    a5,0(a2) [f0041b48]
      8401 :    #7538 0 80000092 0000b7e5              ; c.j     0x8000007a
      8402 :    #7539 0 8000007a 00000591  a1=f0040518 ; c.addi  a1,4
      8403 :    #7540 0 8000007c 00000611  a2=f0041b4c ; c.addi  a2,4
      8404 :    #7541 0 8000007e fea594e3              ; bne     a1,a0,0x80000066
      8405 :    #7542 0 80000066 00004198  a4=000000d7 ; c.lw    a4,0(a1) [f0040518]
      8406 :    #7543 0 80000068 000041dc  a5=00000351 ; c.lw    a5,128(a1) [f0040598]
      8407 :    #7544 0 8000006a 00004594  a3=000002db ; c.lw    a3,8(a1) [f0040520]
      8408 :    #7545 0 8000006c 00f75c63              ; bge     a4,a5,0x80000084
      8409 :    #7546 0 80000070 02d7c063              ; blt     a5,a3,0x80000090
      8410 :    #7547 0 80000074 00e6dc63              ; bge     a3,a4,0x8000008c
      8411 :    #7548 0 8000008c 0000c214              ; c.sw    a3,0(a2) [f0041b4c]
      8412 :    #7549 0 8000008e 0000b7f5              ; c.j     0x8000007a
      8413 :    #7550 0 8000007a 00000591  a1=f004051c ; c.addi  a1,4
      8414 :    #7551 0 8000007c 00000611  a2=f0041b50 ; c.addi  a2,4
      8415 :    #7552 0 8000007e fea594e3              ; bne     a1,a0,0x80000066
      8416 :    #7553 0 80000066 00004198  a4=00000351 ; c.lw    a4,0(a1) [f004051c]
      8417 :    #7554 0 80000068 000041dc  a5=000002db ; c.lw    a5,128(a1) [f004059c]
      8418 :    #7555 0 8000006a 00004594  a3=00000292 ; c.lw    a3,8(a1) [f0040524]
      8419 :    #7556 0 8000006c 00f75c63              ; bge     a4,a5,0x80000084
      8420 :    #7557 0 80000084 fed74ae3              ; blt     a4,a3,0x80000078
      8421 :    #7558 0 80000088 00f6c463              ; blt     a3,a5,0x80000090
      8422 :    #7559 0 80000090 0000c21c              ; c.sw    a5,0(a2) [f0041b50]
      8423 :    #7560 0 80000092 0000b7e5              ; c.j     0x8000007a
      8424 :    #7561 0 8000007a 00000591  a1=f0040520 ; c.addi  a1,4
      8425 :    #7562 0 8000007c 00000611  a2=f0041b54 ; c.addi  a2,4
      8426 :    #7563 0 8000007e fea594e3              ; bne     a1,a0,0x80000066
      8427 :    #7564 0 80000066 00004198  a4=000002db ; c.lw    a4,0(a1) [f0040520]
      8428 :    #7565 0 80000068 000041dc  a5=00000292 ; c.lw    a5,128(a1) [f00405a0]
      8429 :    #7566 0 8000006a 00004594  a3=000002b0 ; c.lw    a3,8(a1) [f0040528]
      8430 :    #7567 0 8000006c 00f75c63              ; bge     a4,a5,0x80000084
      8432 :    #7568 0 80000084 fed74ae3              ; blt     a4,a3,0x80000078
      8434 :    #7569 0 80000088 00f6c463              ; blt     a3,a5,0x80000090
      8435 :    #7570 0 8000008c 0000c214              ; c.sw    a3,0(a2) [f0041b54]
      8436 :    #7571 0 8000008e 0000b7f5              ; c.j     0x8000007a
      8437 :    #7572 0 8000007a 00000591  a1=f0040524 ; c.addi  a1,4
      8438 :    #7573 0 8000007c 00000611  a2=f0041b58 ; c.addi  a2,4
      8439 :    #7574 0 8000007e fea594e3              ; bne     a1,a0,0x80000066
      8440 :    #7575 0 80000066 00004198  a4=00000292 ; c.lw    a4,0(a1) [f0040524]
      8441 :    #7576 0 80000068 000041dc  a5=000002b0 ; c.lw    a5,128(a1) [f00405a4]
      8442 :    #7577 0 8000006a 00004594  a3=0000026b ; c.lw    a3,8(a1) [f004052c]
      8443 :    #7578 0 8000006c 00f75c63              ; bge     a4,a5,0x80000084
      8445 :    #7579 0 80000070 02d7c063              ; blt     a5,a3,0x80000090
      8446 :    #7580 0 80000074 00e6dc63              ; bge     a3,a4,0x8000008c
      8448 :    #7581 0 80000078 0000c218              ; c.sw    a4,0(a2) [f0041b58]
      8449 :    #7582 0 8000007a 00000591  a1=f0040528 ; c.addi  a1,4
      8450 :    #7583 0 8000007c 00000611  a2=f0041b5c ; c.addi  a2,4
      8451 :    #7584 0 8000007e fea594e3              ; bne     a1,a0,0x80000066
      8452 :    #7585 0 80000066 00004198  a4=000002b0 ; c.lw    a4,0(a1) [f0040528]
      8453 :    #7586 0 80000068 000041dc  a5=0000026b ; c.lw    a5,128(a1) [f00405a8]
      8454 :    #7587 0 8000006a 00004594  a3=000000fb ; c.lw    a3,8(a1) [f0040530]
      8455 :    #7588 0 8000006c 00f75c63              ; bge     a4,a5,0x80000084
      8456 :    #7589 0 80000084 fed74ae3              ; blt     a4,a3,0x80000078
      8457 :    #7590 0 80000088 00f6c463              ; blt     a3,a5,0x80000090
      8459 :    #7591 0 80000090 0000c21c              ; c.sw    a5,0(a2) [f0041b5c]
      8460 :    #7592 0 80000092 0000b7e5              ; c.j     0x8000007a
      8461 :    #7593 0 8000007a 00000591  a1=f004052c ; c.addi  a1,4
      8462 :    #7594 0 8000007c 00000611  a2=f0041b60 ; c.addi  a2,4
      8463 :    #7595 0 8000007e fea594e3              ; bne     a1,a0,0x80000066
      8464 :    #7596 0 80000066 00004198  a4=0000026b ; c.lw    a4,0(a1) [f004052c]
      8465 :    #7597 0 80000068 000041dc  a5=000000fb ; c.lw    a5,128(a1) [f00405ac]
      8466 :    #7598 0 8000006a 00004594  a3=00000079 ; c.lw    a3,8(a1) [f0040534]
      8467 :    #7599 0 8000006c 00f75c63              ; bge     a4,a5,0x80000084
      8469 :    #7600 0 80000084 fed74ae3              ; blt     a4,a3,0x80000078
      8471 :    #7601 0 80000088 00f6c463              ; blt     a3,a5,0x80000090
      8472 :    #7602 0 80000090 0000c21c              ; c.sw    a5,0(a2) [f0041b60]
      8473 :    #7603 0 80000092 0000b7e5              ; c.j     0x8000007a
      8474 :    #7604 0 8000007a 00000591  a1=f0040530 ; c.addi  a1,4
      8475 :    #7605 0 8000007c 00000611  a2=f0041b64 ; c.addi  a2,4
      8476 :    #7606 0 8000007e fea594e3              ; bne     a1,a0,0x80000066
      8477 :    #7607 0 80000066 00004198  a4=000000fb ; c.lw    a4,0(a1) [f0040530]
      8478 :    #7608 0 80000068 000041dc  a5=00000079 ; c.lw    a5,128(a1) [f00405b0]
      8479 :    #7609 0 8000006a 00004594  a3=00000312 ; c.lw    a3,8(a1) [f0040538]
      8480 :    #7610 0 8000006c 00f75c63              ; bge     a4,a5,0x80000084
      8482 :    #7611 0 80000084 fed74ae3              ; blt     a4,a3,0x80000078
      8483 :    #7612 0 80000078 0000c218              ; c.sw    a4,0(a2) [f0041b64]
      8484 :    #7613 0 8000007a 00000591  a1=f0040534 ; c.addi  a1,4
      8485 :    #7614 0 8000007c 00000611  a2=f0041b68 ; c.addi  a2,4
      8486 :    #7615 0 8000007e fea594e3              ; bne     a1,a0,0x80000066
      8487 :    #7616 0 80000066 00004198  a4=00000079 ; c.lw    a4,0(a1) [f0040534]
      8488 :    #7617 0 80000068 000041dc  a5=00000312 ; c.lw    a5,128(a1) [f00405b4]
      8489 :    #7618 0 8000006a 00004594  a3=00000083 ; c.lw    a3,8(a1) [f004053c]
      8490 :    #7619 0 8000006c 00f75c63              ; bge     a4,a5,0x80000084
      8491 :    #7620 0 80000070 02d7c063              ; blt     a5,a3,0x80000090
      8492 :    #7621 0 80000074 00e6dc63              ; bge     a3,a4,0x8000008c
      8494 :    #7622 0 8000008c 0000c214              ; c.sw    a3,0(a2) [f0041b68]
      8495 :    #7623 0 8000008e 0000b7f5              ; c.j     0x8000007a
      8496 :    #7624 0 8000007a 00000591  a1=f0040538 ; c.addi  a1,4
      8497 :    #7625 0 8000007c 00000611  a2=f0041b6c ; c.addi  a2,4
      8498 :    #7626 0 8000007e fea594e3              ; bne     a1,a0,0x80000066
      8499 :    #7627 0 80000066 00004198  a4=00000312 ; c.lw    a4,0(a1) [f0040538]
      8500 :    #7628 0 80000068 000041dc  a5=00000083 ; c.lw    a5,128(a1) [f00405b8]
      8501 :    #7629 0 8000006a 00004594  a3=0000022b ; c.lw    a3,8(a1) [f0040540]
      8502 :    #7630 0 8000006c 00f75c63              ; bge     a4,a5,0x80000084
      8503 :    #7631 0 80000084 fed74ae3              ; blt     a4,a3,0x80000078
      8504 :    #7632 0 80000088 00f6c463              ; blt     a3,a5,0x80000090
      8505 :    #7633 0 8000008c 0000c214              ; c.sw    a3,0(a2) [f0041b6c]
      8506 :    #7634 0 8000008e 0000b7f5              ; c.j     0x8000007a
      8507 :    #7635 0 8000007a 00000591  a1=f004053c ; c.addi  a1,4
      8508 :    #7636 0 8000007c 00000611  a2=f0041b70 ; c.addi  a2,4
      8509 :    #7637 0 8000007e fea594e3              ; bne     a1,a0,0x80000066
      8510 :    #7638 0 80000066 00004198  a4=00000083 ; c.lw    a4,0(a1) [f004053c]
      8511 :    #7639 0 80000068 000041dc  a5=0000022b ; c.lw    a5,128(a1) [f00405bc]
      8512 :    #7640 0 8000006a 00004594  a3=0000033c ; c.lw    a3,8(a1) [f0040544]
      8513 :    #7641 0 8000006c 00f75c63              ; bge     a4,a5,0x80000084
      8514 :    #7642 0 80000070 02d7c063              ; blt     a5,a3,0x80000090
      8516 :    #7643 0 80000090 0000c21c              ; c.sw    a5,0(a2) [f0041b70]
      8517 :    #7644 0 80000092 0000b7e5              ; c.j     0x8000007a
      8518 :    #7645 0 8000007a 00000591  a1=f0040540 ; c.addi  a1,4
      8519 :    #7646 0 8000007c 00000611  a2=f0041b74 ; c.addi  a2,4
      8520 :    #7647 0 8000007e fea594e3              ; bne     a1,a0,0x80000066
      8521 :    #7648 0 80000066 00004198  a4=0000022b ; c.lw    a4,0(a1) [f0040540]
      8522 :    #7649 0 80000068 000041dc  a5=0000033c ; c.lw    a5,128(a1) [f00405c0]
      8523 :    #7650 0 8000006a 00004594  a3=0000012e ; c.lw    a3,8(a1) [f0040548]
      8524 :    #7651 0 8000006c 00f75c63              ; bge     a4,a5,0x80000084
      8525 :    #7652 0 80000070 02d7c063              ; blt     a5,a3,0x80000090
      8526 :    #7653 0 80000074 00e6dc63              ; bge     a3,a4,0x8000008c
      8528 :    #7654 0 80000078 0000c218              ; c.sw    a4,0(a2) [f0041b74]
      8529 :    #7655 0 8000007a 00000591  a1=f0040544 ; c.addi  a1,4
      8530 :    #7656 0 8000007c 00000611  a2=f0041b78 ; c.addi  a2,4
      8531 :    #7657 0 8000007e fea594e3              ; bne     a1,a0,0x80000066
      8532 :    #7658 0 80000066 00004198  a4=0000033c ; c.lw    a4,0(a1) [f0040544]
      8533 :    #7659 0 80000068 000041dc  a5=0000012e ; c.lw    a5,128(a1) [f00405c4]
      8534 :    #7660 0 8000006a 00004594  a3=0000029b ; c.lw    a3,8(a1) [f004054c]
      8535 :    #7661 0 8000006c 00f75c63              ; bge     a4,a5,0x80000084
      8536 :    #7662 0 80000084 fed74ae3              ; blt     a4,a3,0x80000078
      8537 :    #7663 0 80000088 00f6c463              ; blt     a3,a5,0x80000090
      8538 :    #7664 0 8000008c 0000c214              ; c.sw    a3,0(a2) [f0041b78]
      8539 :    #7665 0 8000008e 0000b7f5              ; c.j     0x8000007a
      8540 :    #7666 0 8000007a 00000591  a1=f0040548 ; c.addi  a1,4
      8541 :    #7667 0 8000007c 00000611  a2=f0041b7c ; c.addi  a2,4
      8542 :    #7668 0 8000007e fea594e3              ; bne     a1,a0,0x80000066
      8543 :    #7669 0 80000066 00004198  a4=0000012e ; c.lw    a4,0(a1) [f0040548]
      8544 :    #7670 0 80000068 000041dc  a5=0000029b ; c.lw    a5,128(a1) [f00405c8]
      8545 :    #7671 0 8000006a 00004594  a3=00000210 ; c.lw    a3,8(a1) [f0040550]
      8546 :    #7672 0 8000006c 00f75c63              ; bge     a4,a5,0x80000084
      8547 :    #7673 0 80000070 02d7c063              ; blt     a5,a3,0x80000090
      8549 :    #7674 0 80000074 00e6dc63              ; bge     a3,a4,0x8000008c
      8551 :    #7675 0 8000008c 0000c214              ; c.sw    a3,0(a2) [f0041b7c]
      8552 :    #7676 0 8000008e 0000b7f5              ; c.j     0x8000007a
      8553 :    #7677 0 8000007a 00000591  a1=f004054c ; c.addi  a1,4
      8554 :    #7678 0 8000007c 00000611  a2=f0041b80 ; c.addi  a2,4
      8555 :    #7679 0 8000007e fea594e3              ; bne     a1,a0,0x80000066
      8556 :    #7680 0 80000066 00004198  a4=0000029b ; c.lw    a4,0(a1) [f004054c]
      8557 :    #7681 0 80000068 000041dc  a5=00000210 ; c.lw    a5,128(a1) [f00405cc]
      8558 :    #7682 0 8000006a 00004594  a3=000001b1 ; c.lw    a3,8(a1) [f0040554]
      8559 :    #7683 0 8000006c 00f75c63              ; bge     a4,a5,0x80000084
      8561 :    #7684 0 80000084 fed74ae3              ; blt     a4,a3,0x80000078
      8562 :    #7685 0 80000088 00f6c463              ; blt     a3,a5,0x80000090
      8563 :    #7686 0 80000090 0000c21c              ; c.sw    a5,0(a2) [f0041b80]
      8564 :    #7687 0 80000092 0000b7e5              ; c.j     0x8000007a
      8565 :    #7688 0 8000007a 00000591  a1=f0040550 ; c.addi  a1,4
      8566 :    #7689 0 8000007c 00000611  a2=f0041b84 ; c.addi  a2,4
      8567 :    #7690 0 8000007e fea594e3              ; bne     a1,a0,0x80000066
      8568 :    #7691 0 80000066 00004198  a4=00000210 ; c.lw    a4,0(a1) [f0040550]
      8569 :    #7692 0 80000068 000041dc  a5=000001b1 ; c.lw    a5,128(a1) [f00405d0]
      8570 :    #7693 0 8000006a 00004594  a3=00000220 ; c.lw    a3,8(a1) [f0040558]
      8571 :    #7694 0 8000006c 00f75c63              ; bge     a4,a5,0x80000084
      8572 :    #7695 0 80000084 fed74ae3              ; blt     a4,a3,0x80000078
      8573 :    #7696 0 80000078 0000c218              ; c.sw    a4,0(a2) [f0041b84]
      8574 :    #7697 0 8000007a 00000591  a1=f0040554 ; c.addi  a1,4
      8575 :    #7698 0 8000007c 00000611  a2=f0041b88 ; c.addi  a2,4
      8576 :    #7699 0 8000007e fea594e3              ; bne     a1,a0,0x80000066
      8578 :    #7700 0 80000066 00004198  a4=000001b1 ; c.lw    a4,0(a1) [f0040554]
      8579 :    #7701 0 80000068 000041dc  a5=00000220 ; c.lw    a5,128(a1) [f00405d4]
      8580 :    #7702 0 8000006a 00004594  a3=000001e7 ; c.lw    a3,8(a1) [f004055c]
      8581 :    #7703 0 8000006c 00f75c63              ; bge     a4,a5,0x80000084
      8582 :    #7704 0 80000070 02d7c063              ; blt     a5,a3,0x80000090
      8584 :    #7705 0 80000074 00e6dc63              ; bge     a3,a4,0x8000008c
      8585 :    #7706 0 8000008c 0000c214              ; c.sw    a3,0(a2) [f0041b88]
      8586 :    #7707 0 8000008e 0000b7f5              ; c.j     0x8000007a
      8587 :    #7708 0 8000007a 00000591  a1=f0040558 ; c.addi  a1,4
      8588 :    #7709 0 8000007c 00000611  a2=f0041b8c ; c.addi  a2,4
      8589 :    #7710 0 8000007e fea594e3              ; bne     a1,a0,0x80000066
      8590 :    #7711 0 80000066 00004198  a4=00000220 ; c.lw    a4,0(a1) [f0040558]
      8591 :    #7712 0 80000068 000041dc  a5=000001e7 ; c.lw    a5,128(a1) [f00405d8]
      8592 :    #7713 0 8000006a 00004594  a3=00000142 ; c.lw    a3,8(a1) [f0040560]
      8593 :    #7714 0 8000006c 00f75c63              ; bge     a4,a5,0x80000084
      8594 :    #7715 0 80000084 fed74ae3              ; blt     a4,a3,0x80000078
      8595 :    #7716 0 80000088 00f6c463              ; blt     a3,a5,0x80000090
      8597 :    #7717 0 80000090 0000c21c              ; c.sw    a5,0(a2) [f0041b8c]
      8598 :    #7718 0 80000092 0000b7e5              ; c.j     0x8000007a
      8599 :    #7719 0 8000007a 00000591  a1=f004055c ; c.addi  a1,4
      8600 :    #7720 0 8000007c 00000611  a2=f0041b90 ; c.addi  a2,4
      8601 :    #7721 0 8000007e fea594e3              ; bne     a1,a0,0x80000066
      8602 :    #7722 0 80000066 00004198  a4=000001e7 ; c.lw    a4,0(a1) [f004055c]
      8603 :    #7723 0 80000068 000041dc  a5=00000142 ; c.lw    a5,128(a1) [f00405dc]
      8604 :    #7724 0 8000006a 00004594  a3=000002f1 ; c.lw    a3,8(a1) [f0040564]
      8605 :    #7725 0 8000006c 00f75c63              ; bge     a4,a5,0x80000084
      8606 :    #7726 0 80000084 fed74ae3              ; blt     a4,a3,0x80000078
      8607 :    #7727 0 80000078 0000c218              ; c.sw    a4,0(a2) [f0041b90]
      8608 :    #7728 0 8000007a 00000591  a1=f0040560 ; c.addi  a1,4
      8609 :    #7729 0 8000007c 00000611  a2=f0041b94 ; c.addi  a2,4
      8610 :    #7730 0 8000007e fea594e3              ; bne     a1,a0,0x80000066
      8611 :    #7731 0 80000066 00004198  a4=00000142 ; c.lw    a4,0(a1) [f0040560]
      8612 :    #7732 0 80000068 000041dc  a5=000002f1 ; c.lw    a5,128(a1) [f00405e0]
      8613 :    #7733 0 8000006a 00004594  a3=000003b3 ; c.lw    a3,8(a1) [f0040568]
      8614 :    #7734 0 8000006c 00f75c63              ; bge     a4,a5,0x80000084
      8615 :    #7735 0 80000070 02d7c063              ; blt     a5,a3,0x80000090
      8617 :    #7736 0 80000090 0000c21c              ; c.sw    a5,0(a2) [f0041b94]
      8618 :    #7737 0 80000092 0000b7e5              ; c.j     0x8000007a
      8619 :    #7738 0 8000007a 00000591  a1=f0040564 ; c.addi  a1,4
      8620 :    #7739 0 8000007c 00000611  a2=f0041b98 ; c.addi  a2,4
      8621 :    #7740 0 8000007e fea594e3              ; bne     a1,a0,0x80000066
      8622 :    #7741 0 80000066 00004198  a4=000002f1 ; c.lw    a4,0(a1) [f0040564]
      8623 :    #7742 0 80000068 000041dc  a5=000003b3 ; c.lw    a5,128(a1) [f00405e4]
      8624 :    #7743 0 8000006a 00004594  a3=0000007d ; c.lw    a3,8(a1) [f004056c]
      8625 :    #7744 0 8000006c 00f75c63              ; bge     a4,a5,0x80000084
      8627 :    #7745 0 80000070 02d7c063              ; blt     a5,a3,0x80000090
      8629 :    #7746 0 80000074 00e6dc63              ; bge     a3,a4,0x8000008c
      8630 :    #7747 0 80000078 0000c218              ; c.sw    a4,0(a2) [f0041b98]
      8631 :    #7748 0 8000007a 00000591  a1=f0040568 ; c.addi  a1,4
      8632 :    #7749 0 8000007c 00000611  a2=f0041b9c ; c.addi  a2,4
      8633 :    #7750 0 8000007e fea594e3              ; bne     a1,a0,0x80000066
      8634 :    #7751 0 80000066 00004198  a4=000003b3 ; c.lw    a4,0(a1) [f0040568]
      8635 :    #7752 0 80000068 000041dc  a5=0000007d ; c.lw    a5,128(a1) [f00405e8]
      8636 :    #7753 0 8000006a 00004594  a3=0000011f ; c.lw    a3,8(a1) [f0040570]
      8637 :    #7754 0 8000006c 00f75c63              ; bge     a4,a5,0x80000084
      8638 :    #7755 0 80000084 fed74ae3              ; blt     a4,a3,0x80000078
      8639 :    #7756 0 80000088 00f6c463              ; blt     a3,a5,0x80000090
      8640 :    #7757 0 8000008c 0000c214              ; c.sw    a3,0(a2) [f0041b9c]
      8641 :    #7758 0 8000008e 0000b7f5              ; c.j     0x8000007a
      8642 :    #7759 0 8000007a 00000591  a1=f004056c ; c.addi  a1,4
      8643 :    #7760 0 8000007c 00000611  a2=f0041ba0 ; c.addi  a2,4
      8644 :    #7761 0 8000007e fea594e3              ; bne     a1,a0,0x80000066
      8645 :    #7762 0 80000066 00004198  a4=0000007d ; c.lw    a4,0(a1) [f004056c]
      8646 :    #7763 0 80000068 000041dc  a5=0000011f ; c.lw    a5,128(a1) [f00405ec]
      8647 :    #7764 0 8000006a 00004594  a3=00000272 ; c.lw    a3,8(a1) [f0040574]
      8648 :    #7765 0 8000006c 00f75c63              ; bge     a4,a5,0x80000084
      8649 :    #7766 0 80000070 02d7c063              ; blt     a5,a3,0x80000090
      8651 :    #7767 0 80000090 0000c21c              ; c.sw    a5,0(a2) [f0041ba0]
      8652 :    #7768 0 80000092 0000b7e5              ; c.j     0x8000007a
      8653 :    #7769 0 8000007a 00000591  a1=f0040570 ; c.addi  a1,4
      8654 :    #7770 0 8000007c 00000611  a2=f0041ba4 ; c.addi  a2,4
      8655 :    #7771 0 8000007e fea594e3              ; bne     a1,a0,0x80000066
      8656 :    #7772 0 80000066 00004198  a4=0000011f ; c.lw    a4,0(a1) [f0040570]
      8657 :    #7773 0 80000068 000041dc  a5=00000272 ; c.lw    a5,128(a1) [f00405f0]
      8658 :    #7774 0 8000006a 00004594  a3=00000338 ; c.lw    a3,8(a1) [f0040578]
      8659 :    #7775 0 8000006c 00f75c63              ; bge     a4,a5,0x80000084
      8660 :    #7776 0 80000070 02d7c063              ; blt     a5,a3,0x80000090
      8662 :    #7777 0 80000090 0000c21c              ; c.sw    a5,0(a2) [f0041ba4]
      8663 :    #7778 0 80000092 0000b7e5              ; c.j     0x8000007a
      8664 :    #7779 0 8000007a 00000591  a1=f0040574 ; c.addi  a1,4
      8665 :    #7780 0 8000007c 00000611  a2=f0041ba8 ; c.addi  a2,4
      8666 :    #7781 0 8000007e fea594e3              ; bne     a1,a0,0x80000066
      8667 :    #7782 0 80000066 00004198  a4=00000272 ; c.lw    a4,0(a1) [f0040574]
      8668 :    #7783 0 80000068 000041dc  a5=00000338 ; c.lw    a5,128(a1) [f00405f4]
      8669 :    #7784 0 8000006a 00004594  a3=0000000e ; c.lw    a3,8(a1) [f004057c]
      8670 :    #7785 0 8000006c 00f75c63              ; bge     a4,a5,0x80000084
      8671 :    #7786 0 80000070 02d7c063              ; blt     a5,a3,0x80000090
      8672 :    #7787 0 80000074 00e6dc63              ; bge     a3,a4,0x8000008c
      8674 :    #7788 0 80000078 0000c218              ; c.sw    a4,0(a2) [f0041ba8]
      8675 :    #7789 0 8000007a 00000591  a1=f0040578 ; c.addi  a1,4
      8676 :    #7790 0 8000007c 00000611  a2=f0041bac ; c.addi  a2,4
      8677 :    #7791 0 8000007e fea594e3              ; bne     a1,a0,0x80000066
      8678 :    #7792 0 80000066 00004198  a4=00000338 ; c.lw    a4,0(a1) [f0040578]
      8679 :    #7793 0 80000068 000041dc  a5=0000000e ; c.lw    a5,128(a1) [f00405f8]
      8680 :    #7794 0 8000006a 00004594  a3=00000130 ; c.lw    a3,8(a1) [f0040580]
      8681 :    #7795 0 8000006c 00f75c63              ; bge     a4,a5,0x80000084
      8682 :    #7796 0 80000084 fed74ae3              ; blt     a4,a3,0x80000078
      8683 :    #7797 0 80000088 00f6c463              ; blt     a3,a5,0x80000090
      8684 :    #7798 0 8000008c 0000c214              ; c.sw    a3,0(a2) [f0041bac]
      8685 :    #7799 0 8000008e 0000b7f5              ; c.j     0x8000007a
      8686 :    #7800 0 8000007a 00000591  a1=f004057c ; c.addi  a1,4
      8687 :    #7801 0 8000007c 00000611  a2=f0041bb0 ; c.addi  a2,4
      8688 :    #7802 0 8000007e fea594e3              ; bne     a1,a0,0x80000066
      8689 :    #7803 0 80000066 00004198  a4=0000000e ; c.lw    a4,0(a1) [f004057c]
      8690 :    #7804 0 80000068 000041dc  a5=00000130 ; c.lw    a5,128(a1) [f00405fc]
      8691 :    #7805 0 8000006a 00004594  a3=0000000a ; c.lw    a3,8(a1) [f0040584]
      8692 :    #7806 0 8000006c 00f75c63              ; bge     a4,a5,0x80000084
      8693 :    #7807 0 80000070 02d7c063              ; blt     a5,a3,0x80000090
      8695 :    #7808 0 80000074 00e6dc63              ; bge     a3,a4,0x8000008c
      8696 :    #7809 0 80000078 0000c218              ; c.sw    a4,0(a2) [f0041bb0]
      8697 :    #7810 0 8000007a 00000591  a1=f0040580 ; c.addi  a1,4
      8698 :    #7811 0 8000007c 00000611  a2=f0041bb4 ; c.addi  a2,4
      8699 :    #7812 0 8000007e fea594e3              ; bne     a1,a0,0x80000066
      8700 :    #7813 0 80000066 00004198  a4=00000130 ; c.lw    a4,0(a1) [f0040580]
      8701 :    #7814 0 80000068 000041dc  a5=0000000a ; c.lw    a5,128(a1) [f0040600]
      8702 :    #7815 0 8000006a 00004594  a3=00000314 ; c.lw    a3,8(a1) [f0040588]
      8703 :    #7816 0 8000006c 00f75c63              ; bge     a4,a5,0x80000084
      8704 :    #7817 0 80000084 fed74ae3              ; blt     a4,a3,0x80000078
      8705 :    #7818 0 80000078 0000c218              ; c.sw    a4,0(a2) [f0041bb4]
      8706 :    #7819 0 8000007a 00000591  a1=f0040584 ; c.addi  a1,4
      8707 :    #7820 0 8000007c 00000611  a2=f0041bb8 ; c.addi  a2,4
      8708 :    #7821 0 8000007e fea594e3              ; bne     a1,a0,0x80000066
      8709 :    #7822 0 80000066 00004198  a4=0000000a ; c.lw    a4,0(a1) [f0040584]
      8710 :    #7823 0 80000068 000041dc  a5=00000314 ; c.lw    a5,128(a1) [f0040604]
      8711 :    #7824 0 8000006a 00004594  a3=00000193 ; c.lw    a3,8(a1) [f004058c]
      8712 :    #7825 0 8000006c 00f75c63              ; bge     a4,a5,0x80000084
      8713 :    #7826 0 80000070 02d7c063              ; blt     a5,a3,0x80000090
      8714 :    #7827 0 80000074 00e6dc63              ; bge     a3,a4,0x8000008c
      8715 :    #7828 0 8000008c 0000c214              ; c.sw    a3,0(a2) [f0041bb8]
      8716 :    #7829 0 8000008e 0000b7f5              ; c.j     0x8000007a
      8717 :    #7830 0 8000007a 00000591  a1=f0040588 ; c.addi  a1,4
      8718 :    #7831 0 8000007c 00000611  a2=f0041bbc ; c.addi  a2,4
      8719 :    #7832 0 8000007e fea594e3              ; bne     a1,a0,0x80000066
      8720 :    #7833 0 80000066 00004198  a4=00000314 ; c.lw    a4,0(a1) [f0040588]
      8721 :    #7834 0 80000068 000041dc  a5=00000193 ; c.lw    a5,128(a1) [f0040608]
      8722 :    #7835 0 8000006a 00004594  a3=000002dd ; c.lw    a3,8(a1) [f0040590]
      8723 :    #7836 0 8000006c 00f75c63              ; bge     a4,a5,0x80000084
      8724 :    #7837 0 80000084 fed74ae3              ; blt     a4,a3,0x80000078
      8725 :    #7838 0 80000088 00f6c463              ; blt     a3,a5,0x80000090
      8727 :    #7839 0 8000008c 0000c214              ; c.sw    a3,0(a2) [f0041bbc]
      8728 :    #7840 0 8000008e 0000b7f5              ; c.j     0x8000007a
      8729 :    #7841 0 8000007a 00000591  a1=f004058c ; c.addi  a1,4
      8730 :    #7842 0 8000007c 00000611  a2=f0041bc0 ; c.addi  a2,4
      8731 :    #7843 0 8000007e fea594e3              ; bne     a1,a0,0x80000066
      8732 :    #7844 0 80000066 00004198  a4=00000193 ; c.lw    a4,0(a1) [f004058c]
      8733 :    #7845 0 80000068 000041dc  a5=000002dd ; c.lw    a5,128(a1) [f004060c]
      8734 :    #7846 0 8000006a 00004594  a3=0000006a ; c.lw    a3,8(a1) [f0040594]
      8735 :    #7847 0 8000006c 00f75c63              ; bge     a4,a5,0x80000084
      8736 :    #7848 0 80000070 02d7c063              ; blt     a5,a3,0x80000090
      8738 :    #7849 0 80000074 00e6dc63              ; bge     a3,a4,0x8000008c
      8740 :    #7850 0 80000078 0000c218              ; c.sw    a4,0(a2) [f0041bc0]
      8741 :    #7851 0 8000007a 00000591  a1=f0040590 ; c.addi  a1,4
      8742 :    #7852 0 8000007c 00000611  a2=f0041bc4 ; c.addi  a2,4
      8743 :    #7853 0 8000007e fea594e3              ; bne     a1,a0,0x80000066
      8744 :    #7854 0 80000066 00004198  a4=000002dd ; c.lw    a4,0(a1) [f0040590]
      8745 :    #7855 0 80000068 000041dc  a5=0000006a ; c.lw    a5,128(a1) [f0040610]
      8746 :    #7856 0 8000006a 00004594  a3=000003bf ; c.lw    a3,8(a1) [f0040598]
      8747 :    #7857 0 8000006c 00f75c63              ; bge     a4,a5,0x80000084
      8748 :    #7858 0 80000084 fed74ae3              ; blt     a4,a3,0x80000078
      8750 :    #7859 0 80000078 0000c218              ; c.sw    a4,0(a2) [f0041bc4]
      8751 :    #7860 0 8000007a 00000591  a1=f0040594 ; c.addi  a1,4
      8752 :    #7861 0 8000007c 00000611  a2=f0041bc8 ; c.addi  a2,4
      8753 :    #7862 0 8000007e fea594e3              ; bne     a1,a0,0x80000066
      8754 :    #7863 0 80000066 00004198  a4=0000006a ; c.lw    a4,0(a1) [f0040594]
      8755 :    #7864 0 80000068 000041dc  a5=000003bf ; c.lw    a5,128(a1) [f0040614]
      8756 :    #7865 0 8000006a 00004594  a3=000002bf ; c.lw    a3,8(a1) [f004059c]
      8757 :    #7866 0 8000006c 00f75c63              ; bge     a4,a5,0x80000084
      8758 :    #7867 0 80000070 02d7c063              ; blt     a5,a3,0x80000090
      8759 :    #7868 0 80000074 00e6dc63              ; bge     a3,a4,0x8000008c
      8760 :    #7869 0 8000008c 0000c214              ; c.sw    a3,0(a2) [f0041bc8]
      8761 :    #7870 0 8000008e 0000b7f5              ; c.j     0x8000007a
      8762 :    #7871 0 8000007a 00000591  a1=f0040598 ; c.addi  a1,4
      8763 :    #7872 0 8000007c 00000611  a2=f0041bcc ; c.addi  a2,4
      8764 :    #7873 0 8000007e fea594e3              ; bne     a1,a0,0x80000066
      8765 :    #7874 0 80000066 00004198  a4=000003bf ; c.lw    a4,0(a1) [f0040598]
      8766 :    #7875 0 80000068 000041dc  a5=000002bf ; c.lw    a5,128(a1) [f0040618]
      8767 :    #7876 0 8000006a 00004594  a3=0000016e ; c.lw    a3,8(a1) [f00405a0]
      8768 :    #7877 0 8000006c 00f75c63              ; bge     a4,a5,0x80000084
      8769 :    #7878 0 80000084 fed74ae3              ; blt     a4,a3,0x80000078
      8770 :    #7879 0 80000088 00f6c463              ; blt     a3,a5,0x80000090
      8771 :    #7880 0 80000090 0000c21c              ; c.sw    a5,0(a2) [f0041bcc]
      8772 :    #7881 0 80000092 0000b7e5              ; c.j     0x8000007a
      8773 :    #7882 0 8000007a 00000591  a1=f004059c ; c.addi  a1,4
      8774 :    #7883 0 8000007c 00000611  a2=f0041bd0 ; c.addi  a2,4
      8775 :    #7884 0 8000007e fea594e3              ; bne     a1,a0,0x80000066
      8776 :    #7885 0 80000066 00004198  a4=000002bf ; c.lw    a4,0(a1) [f004059c]
      8777 :    #7886 0 80000068 000041dc  a5=0000016e ; c.lw    a5,128(a1) [f004061c]
      8778 :    #7887 0 8000006a 00004594  a3=00000332 ; c.lw    a3,8(a1) [f00405a4]
      8779 :    #7888 0 8000006c 00f75c63              ; bge     a4,a5,0x80000084
      8781 :    #7889 0 80000084 fed74ae3              ; blt     a4,a3,0x80000078
      8782 :    #7890 0 80000078 0000c218              ; c.sw    a4,0(a2) [f0041bd0]
      8783 :    #7891 0 8000007a 00000591  a1=f00405a0 ; c.addi  a1,4
      8784 :    #7892 0 8000007c 00000611  a2=f0041bd4 ; c.addi  a2,4
      8785 :    #7893 0 8000007e fea594e3              ; bne     a1,a0,0x80000066
      8786 :    #7894 0 80000066 00004198  a4=0000016e ; c.lw    a4,0(a1) [f00405a0]
      8787 :    #7895 0 80000068 000041dc  a5=00000332 ; c.lw    a5,128(a1) [f0040620]
      8788 :    #7896 0 8000006a 00004594  a3=000002d2 ; c.lw    a3,8(a1) [f00405a8]
      8789 :    #7897 0 8000006c 00f75c63              ; bge     a4,a5,0x80000084
      8790 :    #7898 0 80000070 02d7c063              ; blt     a5,a3,0x80000090
      8791 :    #7899 0 80000074 00e6dc63              ; bge     a3,a4,0x8000008c
      8792 :    #7900 0 8000008c 0000c214              ; c.sw    a3,0(a2) [f0041bd4]
      8793 :    #7901 0 8000008e 0000b7f5              ; c.j     0x8000007a
      8794 :    #7902 0 8000007a 00000591  a1=f00405a4 ; c.addi  a1,4
      8795 :    #7903 0 8000007c 00000611  a2=f0041bd8 ; c.addi  a2,4
      8796 :    #7904 0 8000007e fea594e3              ; bne     a1,a0,0x80000066
      8797 :    #7905 0 80000066 00004198  a4=00000332 ; c.lw    a4,0(a1) [f00405a4]
      8798 :    #7906 0 80000068 000041dc  a5=000002d2 ; c.lw    a5,128(a1) [f0040624]
      8799 :    #7907 0 8000006a 00004594  a3=000003c4 ; c.lw    a3,8(a1) [f00405ac]
      8800 :    #7908 0 8000006c 00f75c63              ; bge     a4,a5,0x80000084
      8801 :    #7909 0 80000084 fed74ae3              ; blt     a4,a3,0x80000078
      8803 :    #7910 0 80000078 0000c218              ; c.sw    a4,0(a2) [f0041bd8]
      8804 :    #7911 0 8000007a 00000591  a1=f00405a8 ; c.addi  a1,4
      8805 :    #7912 0 8000007c 00000611  a2=f0041bdc ; c.addi  a2,4
      8806 :    #7913 0 8000007e fea594e3              ; bne     a1,a0,0x80000066
      8807 :    #7914 0 80000066 00004198  a4=000002d2 ; c.lw    a4,0(a1) [f00405a8]
      8808 :    #7915 0 80000068 000041dc  a5=000003c4 ; c.lw    a5,128(a1) [f0040628]
      8809 :    #7916 0 8000006a 00004594  a3=00000126 ; c.lw    a3,8(a1) [f00405b0]
      8810 :    #7917 0 8000006c 00f75c63              ; bge     a4,a5,0x80000084
      8811 :    #7918 0 80000070 02d7c063              ; blt     a5,a3,0x80000090
      8813 :    #7919 0 80000074 00e6dc63              ; bge     a3,a4,0x8000008c
      8815 :    #7920 0 80000078 0000c218              ; c.sw    a4,0(a2) [f0041bdc]
      8816 :    #7921 0 8000007a 00000591  a1=f00405ac ; c.addi  a1,4
      8817 :    #7922 0 8000007c 00000611  a2=f0041be0 ; c.addi  a2,4
      8818 :    #7923 0 8000007e fea594e3              ; bne     a1,a0,0x80000066
      8819 :    #7924 0 80000066 00004198  a4=000003c4 ; c.lw    a4,0(a1) [f00405ac]
      8820 :    #7925 0 80000068 000041dc  a5=00000126 ; c.lw    a5,128(a1) [f004062c]
      8821 :    #7926 0 8000006a 00004594  a3=00000196 ; c.lw    a3,8(a1) [f00405b4]
      8822 :    #7927 0 8000006c 00f75c63              ; bge     a4,a5,0x80000084
      8823 :    #7928 0 80000084 fed74ae3              ; blt     a4,a3,0x80000078
      8824 :    #7929 0 80000088 00f6c463              ; blt     a3,a5,0x80000090
      8825 :    #7930 0 8000008c 0000c214              ; c.sw    a3,0(a2) [f0041be0]
      8826 :    #7931 0 8000008e 0000b7f5              ; c.j     0x8000007a
      8827 :    #7932 0 8000007a 00000591  a1=f00405b0 ; c.addi  a1,4
      8828 :    #7933 0 8000007c 00000611  a2=f0041be4 ; c.addi  a2,4
      8829 :    #7934 0 8000007e fea594e3              ; bne     a1,a0,0x80000066
      8830 :    #7935 0 80000066 00004198  a4=00000126 ; c.lw    a4,0(a1) [f00405b0]
      8831 :    #7936 0 80000068 000041dc  a5=00000196 ; c.lw    a5,128(a1) [f0040630]
      8832 :    #7937 0 8000006a 00004594  a3=000003cf ; c.lw    a3,8(a1) [f00405b8]
      8833 :    #7938 0 8000006c 00f75c63              ; bge     a4,a5,0x80000084
      8834 :    #7939 0 80000070 02d7c063              ; blt     a5,a3,0x80000090
      8836 :    #7940 0 80000090 0000c21c              ; c.sw    a5,0(a2) [f0041be4]
      8837 :    #7941 0 80000092 0000b7e5              ; c.j     0x8000007a
      8838 :    #7942 0 8000007a 00000591  a1=f00405b4 ; c.addi  a1,4
      8839 :    #7943 0 8000007c 00000611  a2=f0041be8 ; c.addi  a2,4
      8840 :    #7944 0 8000007e fea594e3              ; bne     a1,a0,0x80000066
      8841 :    #7945 0 80000066 00004198  a4=00000196 ; c.lw    a4,0(a1) [f00405b4]
      8842 :    #7946 0 80000068 000041dc  a5=000003cf ; c.lw    a5,128(a1) [f0040634]
      8843 :    #7947 0 8000006a 00004594  a3=0000036a ; c.lw    a3,8(a1) [f00405bc]
      8844 :    #7948 0 8000006c 00f75c63              ; bge     a4,a5,0x80000084
      8845 :    #7949 0 80000070 02d7c063              ; blt     a5,a3,0x80000090
      8847 :    #7950 0 80000074 00e6dc63              ; bge     a3,a4,0x8000008c
      8848 :    #7951 0 8000008c 0000c214              ; c.sw    a3,0(a2) [f0041be8]
      8849 :    #7952 0 8000008e 0000b7f5              ; c.j     0x8000007a
      8850 :    #7953 0 8000007a 00000591  a1=f00405b8 ; c.addi  a1,4
      8851 :    #7954 0 8000007c 00000611  a2=f0041bec ; c.addi  a2,4
      8852 :    #7955 0 8000007e fea594e3              ; bne     a1,a0,0x80000066
      8853 :    #7956 0 80000066 00004198  a4=000003cf ; c.lw    a4,0(a1) [f00405b8]
      8854 :    #7957 0 80000068 000041dc  a5=0000036a ; c.lw    a5,128(a1) [f0040638]
      8855 :    #7958 0 8000006a 00004594  a3=0000028d ; c.lw    a3,8(a1) [f00405c0]
      8856 :    #7959 0 8000006c 00f75c63              ; bge     a4,a5,0x80000084
      8857 :    #7960 0 80000084 fed74ae3              ; blt     a4,a3,0x80000078
      8858 :    #7961 0 80000088 00f6c463              ; blt     a3,a5,0x80000090
      8860 :    #7962 0 80000090 0000c21c              ; c.sw    a5,0(a2) [f0041bec]
      8861 :    #7963 0 80000092 0000b7e5              ; c.j     0x8000007a
      8862 :    #7964 0 8000007a 00000591  a1=f00405bc ; c.addi  a1,4
      8863 :    #7965 0 8000007c 00000611  a2=f0041bf0 ; c.addi  a2,4
      8864 :    #7966 0 8000007e fea594e3              ; bne     a1,a0,0x80000066
      8865 :    #7967 0 80000066 00004198  a4=0000036a ; c.lw    a4,0(a1) [f00405bc]
      8866 :    #7968 0 80000068 000041dc  a5=0000028d ; c.lw    a5,128(a1) [f004063c]
      8867 :    #7969 0 8000006a 00004594  a3=00000358 ; c.lw    a3,8(a1) [f00405c4]
      8868 :    #7970 0 8000006c 00f75c63              ; bge     a4,a5,0x80000084
      8869 :    #7971 0 80000084 fed74ae3              ; blt     a4,a3,0x80000078
      8871 :    #7972 0 80000088 00f6c463              ; blt     a3,a5,0x80000090
      8873 :    #7973 0 8000008c 0000c214              ; c.sw    a3,0(a2) [f0041bf0]
      8874 :    #7974 0 8000008e 0000b7f5              ; c.j     0x8000007a
      8875 :    #7975 0 8000007a 00000591  a1=f00405c0 ; c.addi  a1,4
      8876 :    #7976 0 8000007c 00000611  a2=f0041bf4 ; c.addi  a2,4
      8877 :    #7977 0 8000007e fea594e3              ; bne     a1,a0,0x80000066
      8878 :    #7978 0 80000066 00004198  a4=0000028d ; c.lw    a4,0(a1) [f00405c0]
      8879 :    #7979 0 80000068 000041dc  a5=00000358 ; c.lw    a5,128(a1) [f0040640]
      8880 :    #7980 0 8000006a 00004594  a3=000002ec ; c.lw    a3,8(a1) [f00405c8]
      8881 :    #7981 0 8000006c 00f75c63              ; bge     a4,a5,0x80000084
      8882 :    #7982 0 80000070 02d7c063              ; blt     a5,a3,0x80000090
      8884 :    #7983 0 80000074 00e6dc63              ; bge     a3,a4,0x8000008c
      8886 :    #7984 0 8000008c 0000c214              ; c.sw    a3,0(a2) [f0041bf4]
      8887 :    #7985 0 8000008e 0000b7f5              ; c.j     0x8000007a
      8888 :    #7986 0 8000007a 00000591  a1=f00405c4 ; c.addi  a1,4
      8889 :    #7987 0 8000007c 00000611  a2=f0041bf8 ; c.addi  a2,4
      8890 :    #7988 0 8000007e fea594e3              ; bne     a1,a0,0x80000066
      8891 :    #7989 0 80000066 00004198  a4=00000358 ; c.lw    a4,0(a1) [f00405c4]
      8892 :    #7990 0 80000068 000041dc  a5=000002ec ; c.lw    a5,128(a1) [f0040644]
      8893 :    #7991 0 8000006a 00004594  a3=00000056 ; c.lw    a3,8(a1) [f00405cc]
      8894 :    #7992 0 8000006c 00f75c63              ; bge     a4,a5,0x80000084
      8896 :    #7993 0 80000084 fed74ae3              ; blt     a4,a3,0x80000078
      8898 :    #7994 0 80000088 00f6c463              ; blt     a3,a5,0x80000090
      8899 :    #7995 0 80000090 0000c21c              ; c.sw    a5,0(a2) [f0041bf8]
      8900 :    #7996 0 80000092 0000b7e5              ; c.j     0x8000007a
      8901 :    #7997 0 8000007a 00000591  a1=f00405c8 ; c.addi  a1,4
      8902 :    #7998 0 8000007c 00000611  a2=f0041bfc ; c.addi  a2,4
      8903 :    #7999 0 8000007e fea594e3              ; bne     a1,a0,0x80000066
      8904 :    #8000 0 80000066 00004198  a4=000002ec ; c.lw    a4,0(a1) [f00405c8]
      8905 :    #8001 0 80000068 000041dc  a5=00000056 ; c.lw    a5,128(a1) [f0040648]
      8906 :    #8002 0 8000006a 00004594  a3=0000005b ; c.lw    a3,8(a1) [f00405d0]
      8907 :    #8003 0 8000006c 00f75c63              ; bge     a4,a5,0x80000084
      8908 :    #8004 0 80000084 fed74ae3              ; blt     a4,a3,0x80000078
      8910 :    #8005 0 80000088 00f6c463              ; blt     a3,a5,0x80000090
      8912 :    #8006 0 8000008c 0000c214              ; c.sw    a3,0(a2) [f0041bfc]
      8913 :    #8007 0 8000008e 0000b7f5              ; c.j     0x8000007a
      8914 :    #8008 0 8000007a 00000591  a1=f00405cc ; c.addi  a1,4
      8915 :    #8009 0 8000007c 00000611  a2=f0041c00 ; c.addi  a2,4
      8916 :    #8010 0 8000007e fea594e3              ; bne     a1,a0,0x80000066
      8917 :    #8011 0 80000066 00004198  a4=00000056 ; c.lw    a4,0(a1) [f00405cc]
      8918 :    #8012 0 80000068 000041dc  a5=0000005b ; c.lw    a5,128(a1) [f004064c]
      8919 :    #8013 0 8000006a 00004594  a3=0000003c ; c.lw    a3,8(a1) [f00405d4]
      8920 :    #8014 0 8000006c 00f75c63              ; bge     a4,a5,0x80000084
      8921 :    #8015 0 80000070 02d7c063              ; blt     a5,a3,0x80000090
      8923 :    #8016 0 80000074 00e6dc63              ; bge     a3,a4,0x8000008c
      8925 :    #8017 0 80000078 0000c218              ; c.sw    a4,0(a2) [f0041c00]
      8926 :    #8018 0 8000007a 00000591  a1=f00405d0 ; c.addi  a1,4
      8927 :    #8019 0 8000007c 00000611  a2=f0041c04 ; c.addi  a2,4
      8928 :    #8020 0 8000007e fea594e3              ; bne     a1,a0,0x80000066
      8929 :    #8021 0 80000066 00004198  a4=0000005b ; c.lw    a4,0(a1) [f00405d0]
      8930 :    #8022 0 80000068 000041dc  a5=0000003c ; c.lw    a5,128(a1) [f0040650]
      8931 :    #8023 0 8000006a 00004594  a3=0000017a ; c.lw    a3,8(a1) [f00405d8]
      8932 :    #8024 0 8000006c 00f75c63              ; bge     a4,a5,0x80000084
      8933 :    #8025 0 80000084 fed74ae3              ; blt     a4,a3,0x80000078
      8935 :    #8026 0 80000078 0000c218              ; c.sw    a4,0(a2) [f0041c04]
      8936 :    #8027 0 8000007a 00000591  a1=f00405d4 ; c.addi  a1,4
      8937 :    #8028 0 8000007c 00000611  a2=f0041c08 ; c.addi  a2,4
      8938 :    #8029 0 8000007e fea594e3              ; bne     a1,a0,0x80000066
      8939 :    #8030 0 80000066 00004198  a4=0000003c ; c.lw    a4,0(a1) [f00405d4]
      8940 :    #8031 0 80000068 000041dc  a5=0000017a ; c.lw    a5,128(a1) [f0040654]
      8941 :    #8032 0 8000006a 00004594  a3=00000294 ; c.lw    a3,8(a1) [f00405dc]
      8942 :    #8033 0 8000006c 00f75c63              ; bge     a4,a5,0x80000084
      8943 :    #8034 0 80000070 02d7c063              ; blt     a5,a3,0x80000090
      8945 :    #8035 0 80000090 0000c21c              ; c.sw    a5,0(a2) [f0041c08]
      8946 :    #8036 0 80000092 0000b7e5              ; c.j     0x8000007a
      8947 :    #8037 0 8000007a 00000591  a1=f00405d8 ; c.addi  a1,4
      8948 :    #8038 0 8000007c 00000611  a2=f0041c0c ; c.addi  a2,4
      8949 :    #8039 0 8000007e fea594e3              ; bne     a1,a0,0x80000066
      8950 :    #8040 0 80000066 00004198  a4=0000017a ; c.lw    a4,0(a1) [f00405d8]
      8951 :    #8041 0 80000068 000041dc  a5=00000294 ; c.lw    a5,128(a1) [f0040658]
      8952 :    #8042 0 8000006a 00004594  a3=00000069 ; c.lw    a3,8(a1) [f00405e0]
      8953 :    #8043 0 8000006c 00f75c63              ; bge     a4,a5,0x80000084
      8955 :    #8044 0 80000070 02d7c063              ; blt     a5,a3,0x80000090
      8956 :    #8045 0 80000074 00e6dc63              ; bge     a3,a4,0x8000008c
      8957 :    #8046 0 80000078 0000c218              ; c.sw    a4,0(a2) [f0041c0c]
      8958 :    #8047 0 8000007a 00000591  a1=f00405dc ; c.addi  a1,4
      8959 :    #8048 0 8000007c 00000611  a2=f0041c10 ; c.addi  a2,4
      8960 :    #8049 0 8000007e fea594e3              ; bne     a1,a0,0x80000066
      8961 :    #8050 0 80000066 00004198  a4=00000294 ; c.lw    a4,0(a1) [f00405dc]
      8962 :    #8051 0 80000068 000041dc  a5=00000069 ; c.lw    a5,128(a1) [f004065c]
      8963 :    #8052 0 8000006a 00004594  a3=0000029b ; c.lw    a3,8(a1) [f00405e4]
      8964 :    #8053 0 8000006c 00f75c63              ; bge     a4,a5,0x80000084
      8965 :    #8054 0 80000084 fed74ae3              ; blt     a4,a3,0x80000078
      8967 :    #8055 0 80000078 0000c218              ; c.sw    a4,0(a2) [f0041c10]
      8968 :    #8056 0 8000007a 00000591  a1=f00405e0 ; c.addi  a1,4
      8969 :    #8057 0 8000007c 00000611  a2=f0041c14 ; c.addi  a2,4
      8970 :    #8058 0 8000007e fea594e3              ; bne     a1,a0,0x80000066
      8971 :    #8059 0 80000066 00004198  a4=00000069 ; c.lw    a4,0(a1) [f00405e0]
      8972 :    #8060 0 80000068 000041dc  a5=0000029b ; c.lw    a5,128(a1) [f0040660]
      8973 :    #8061 0 8000006a 00004594  a3=00000066 ; c.lw    a3,8(a1) [f00405e8]
      8974 :    #8062 0 8000006c 00f75c63              ; bge     a4,a5,0x80000084
      8975 :    #8063 0 80000070 02d7c063              ; blt     a5,a3,0x80000090
      8976 :    #8064 0 80000074 00e6dc63              ; bge     a3,a4,0x8000008c
      8978 :    #8065 0 80000078 0000c218              ; c.sw    a4,0(a2) [f0041c14]
      8979 :    #8066 0 8000007a 00000591  a1=f00405e4 ; c.addi  a1,4
      8980 :    #8067 0 8000007c 00000611  a2=f0041c18 ; c.addi  a2,4
      8981 :    #8068 0 8000007e fea594e3              ; bne     a1,a0,0x80000066
      8982 :    #8069 0 80000066 00004198  a4=0000029b ; c.lw    a4,0(a1) [f00405e4]
      8983 :    #8070 0 80000068 000041dc  a5=00000066 ; c.lw    a5,128(a1) [f0040664]
      8984 :    #8071 0 8000006a 00004594  a3=00000099 ; c.lw    a3,8(a1) [f00405ec]
      8985 :    #8072 0 8000006c 00f75c63              ; bge     a4,a5,0x80000084
      8986 :    #8073 0 80000084 fed74ae3              ; blt     a4,a3,0x80000078
      8987 :    #8074 0 80000088 00f6c463              ; blt     a3,a5,0x80000090
      8988 :    #8075 0 8000008c 0000c214              ; c.sw    a3,0(a2) [f0041c18]
      8989 :    #8076 0 8000008e 0000b7f5              ; c.j     0x8000007a
      8990 :    #8077 0 8000007a 00000591  a1=f00405e8 ; c.addi  a1,4
      8991 :    #8078 0 8000007c 00000611  a2=f0041c1c ; c.addi  a2,4
      8992 :    #8079 0 8000007e fea594e3              ; bne     a1,a0,0x80000066
      8993 :    #8080 0 80000066 00004198  a4=00000066 ; c.lw    a4,0(a1) [f00405e8]
      8994 :    #8081 0 80000068 000041dc  a5=00000099 ; c.lw    a5,128(a1) [f0040668]
      8995 :    #8082 0 8000006a 00004594  a3=0000017d ; c.lw    a3,8(a1) [f00405f0]
      8996 :    #8083 0 8000006c 00f75c63              ; bge     a4,a5,0x80000084
      8997 :    #8084 0 80000070 02d7c063              ; blt     a5,a3,0x80000090
      8998 :    #8085 0 80000090 0000c21c              ; c.sw    a5,0(a2) [f0041c1c]
      8999 :    #8086 0 80000092 0000b7e5              ; c.j     0x8000007a
      9000 :    #8087 0 8000007a 00000591  a1=f00405ec ; c.addi  a1,4
      9001 :    #8088 0 8000007c 00000611  a2=f0041c20 ; c.addi  a2,4
      9002 :    #8089 0 8000007e fea594e3              ; bne     a1,a0,0x80000066
      9003 :    #8090 0 80000066 00004198  a4=00000099 ; c.lw    a4,0(a1) [f00405ec]
      9004 :    #8091 0 80000068 000041dc  a5=0000017d ; c.lw    a5,128(a1) [f004066c]
      9005 :    #8092 0 8000006a 00004594  a3=00000079 ; c.lw    a3,8(a1) [f00405f4]
      9006 :    #8093 0 8000006c 00f75c63              ; bge     a4,a5,0x80000084
      9007 :    #8094 0 80000070 02d7c063              ; blt     a5,a3,0x80000090
      9008 :    #8095 0 80000074 00e6dc63              ; bge     a3,a4,0x8000008c
      9010 :    #8096 0 80000078 0000c218              ; c.sw    a4,0(a2) [f0041c20]
      9011 :    #8097 0 8000007a 00000591  a1=f00405f0 ; c.addi  a1,4
      9012 :    #8098 0 8000007c 00000611  a2=f0041c24 ; c.addi  a2,4
      9013 :    #8099 0 8000007e fea594e3              ; bne     a1,a0,0x80000066
      9014 :    #8100 0 80000066 00004198  a4=0000017d ; c.lw    a4,0(a1) [f00405f0]
      9015 :    #8101 0 80000068 000041dc  a5=00000079 ; c.lw    a5,128(a1) [f0040670]
      9016 :    #8102 0 8000006a 00004594  a3=0000028b ; c.lw    a3,8(a1) [f00405f8]
      9017 :    #8103 0 8000006c 00f75c63              ; bge     a4,a5,0x80000084
      9018 :    #8104 0 80000084 fed74ae3              ; blt     a4,a3,0x80000078
      9020 :    #8105 0 80000078 0000c218              ; c.sw    a4,0(a2) [f0041c24]
      9021 :    #8106 0 8000007a 00000591  a1=f00405f4 ; c.addi  a1,4
      9022 :    #8107 0 8000007c 00000611  a2=f0041c28 ; c.addi  a2,4
      9023 :    #8108 0 8000007e fea594e3              ; bne     a1,a0,0x80000066
      9024 :    #8109 0 80000066 00004198  a4=00000079 ; c.lw    a4,0(a1) [f00405f4]
      9025 :    #8110 0 80000068 000041dc  a5=0000028b ; c.lw    a5,128(a1) [f0040674]
      9026 :    #8111 0 8000006a 00004594  a3=00000062 ; c.lw    a3,8(a1) [f00405fc]
      9027 :    #8112 0 8000006c 00f75c63              ; bge     a4,a5,0x80000084
      9028 :    #8113 0 80000070 02d7c063              ; blt     a5,a3,0x80000090
      9029 :    #8114 0 80000074 00e6dc63              ; bge     a3,a4,0x8000008c
      9031 :    #8115 0 80000078 0000c218              ; c.sw    a4,0(a2) [f0041c28]
      9032 :    #8116 0 8000007a 00000591  a1=f00405f8 ; c.addi  a1,4
      9033 :    #8117 0 8000007c 00000611  a2=f0041c2c ; c.addi  a2,4
      9034 :    #8118 0 8000007e fea594e3              ; bne     a1,a0,0x80000066
      9035 :    #8119 0 80000066 00004198  a4=0000028b ; c.lw    a4,0(a1) [f00405f8]
      9036 :    #8120 0 80000068 000041dc  a5=00000062 ; c.lw    a5,128(a1) [f0040678]
      9037 :    #8121 0 8000006a 00004594  a3=00000339 ; c.lw    a3,8(a1) [f0040600]
      9038 :    #8122 0 8000006c 00f75c63              ; bge     a4,a5,0x80000084
      9039 :    #8123 0 80000084 fed74ae3              ; blt     a4,a3,0x80000078
      9041 :    #8124 0 80000078 0000c218              ; c.sw    a4,0(a2) [f0041c2c]
      9042 :    #8125 0 8000007a 00000591  a1=f00405fc ; c.addi  a1,4
      9043 :    #8126 0 8000007c 00000611  a2=f0041c30 ; c.addi  a2,4
      9044 :    #8127 0 8000007e fea594e3              ; bne     a1,a0,0x80000066
      9045 :    #8128 0 80000066 00004198  a4=00000062 ; c.lw    a4,0(a1) [f00405fc]
      9046 :    #8129 0 80000068 000041dc  a5=00000339 ; c.lw    a5,128(a1) [f004067c]
      9047 :    #8130 0 8000006a 00004594  a3=0000019c ; c.lw    a3,8(a1) [f0040604]
      9048 :    #8131 0 8000006c 00f75c63              ; bge     a4,a5,0x80000084
      9049 :    #8132 0 80000070 02d7c063              ; blt     a5,a3,0x80000090
      9050 :    #8133 0 80000074 00e6dc63              ; bge     a3,a4,0x8000008c
      9052 :    #8134 0 8000008c 0000c214              ; c.sw    a3,0(a2) [f0041c30]
      9053 :    #8135 0 8000008e 0000b7f5              ; c.j     0x8000007a
      9054 :    #8136 0 8000007a 00000591  a1=f0040600 ; c.addi  a1,4
      9055 :    #8137 0 8000007c 00000611  a2=f0041c34 ; c.addi  a2,4
      9056 :    #8138 0 8000007e fea594e3              ; bne     a1,a0,0x80000066
      9057 :    #8139 0 80000066 00004198  a4=00000339 ; c.lw    a4,0(a1) [f0040600]
      9058 :    #8140 0 80000068 000041dc  a5=0000019c ; c.lw    a5,128(a1) [f0040680]
      9059 :    #8141 0 8000006a 00004594  a3=00000348 ; c.lw    a3,8(a1) [f0040608]
      9060 :    #8142 0 8000006c 00f75c63              ; bge     a4,a5,0x80000084
      9062 :    #8143 0 80000084 fed74ae3              ; blt     a4,a3,0x80000078
      9064 :    #8144 0 80000078 0000c218              ; c.sw    a4,0(a2) [f0041c34]
      9065 :    #8145 0 8000007a 00000591  a1=f0040604 ; c.addi  a1,4
      9066 :    #8146 0 8000007c 00000611  a2=f0041c38 ; c.addi  a2,4
      9067 :    #8147 0 8000007e fea594e3              ; bne     a1,a0,0x80000066
      9068 :    #8148 0 80000066 00004198  a4=0000019c ; c.lw    a4,0(a1) [f0040604]
      9069 :    #8149 0 80000068 000041dc  a5=00000348 ; c.lw    a5,128(a1) [f0040684]
      9070 :    #8150 0 8000006a 00004594  a3=000000ec ; c.lw    a3,8(a1) [f004060c]
      9071 :    #8151 0 8000006c 00f75c63              ; bge     a4,a5,0x80000084
      9072 :    #8152 0 80000070 02d7c063              ; blt     a5,a3,0x80000090
      9074 :    #8153 0 80000074 00e6dc63              ; bge     a3,a4,0x8000008c
      9076 :    #8154 0 80000078 0000c218              ; c.sw    a4,0(a2) [f0041c38]
      9077 :    #8155 0 8000007a 00000591  a1=f0040608 ; c.addi  a1,4
      9078 :    #8156 0 8000007c 00000611  a2=f0041c3c ; c.addi  a2,4
      9079 :    #8157 0 8000007e fea594e3              ; bne     a1,a0,0x80000066
      9080 :    #8158 0 80000066 00004198  a4=00000348 ; c.lw    a4,0(a1) [f0040608]
      9081 :    #8159 0 80000068 000041dc  a5=000000ec ; c.lw    a5,128(a1) [f0040688]
      9082 :    #8160 0 8000006a 00004594  a3=00000164 ; c.lw    a3,8(a1) [f0040610]
      9083 :    #8161 0 8000006c 00f75c63              ; bge     a4,a5,0x80000084
      9084 :    #8162 0 80000084 fed74ae3              ; blt     a4,a3,0x80000078
      9086 :    #8163 0 80000088 00f6c463              ; blt     a3,a5,0x80000090
      9087 :    #8164 0 8000008c 0000c214              ; c.sw    a3,0(a2) [f0041c3c]
      9088 :    #8165 0 8000008e 0000b7f5              ; c.j     0x8000007a
      9089 :    #8166 0 8000007a 00000591  a1=f004060c ; c.addi  a1,4
      9090 :    #8167 0 8000007c 00000611  a2=f0041c40 ; c.addi  a2,4
      9091 :    #8168 0 8000007e fea594e3              ; bne     a1,a0,0x80000066
      9092 :    #8169 0 80000066 00004198  a4=000000ec ; c.lw    a4,0(a1) [f004060c]
      9093 :    #8170 0 80000068 000041dc  a5=00000164 ; c.lw    a5,128(a1) [f004068c]
      9094 :    #8171 0 8000006a 00004594  a3=0000000c ; c.lw    a3,8(a1) [f0040614]
      9095 :    #8172 0 8000006c 00f75c63              ; bge     a4,a5,0x80000084
      9096 :    #8173 0 80000070 02d7c063              ; blt     a5,a3,0x80000090
      9097 :    #8174 0 80000074 00e6dc63              ; bge     a3,a4,0x8000008c
      9098 :    #8175 0 80000078 0000c218              ; c.sw    a4,0(a2) [f0041c40]
      9099 :    #8176 0 8000007a 00000591  a1=f0040610 ; c.addi  a1,4
      9100 :    #8177 0 8000007c 00000611  a2=f0041c44 ; c.addi  a2,4
      9101 :    #8178 0 8000007e fea594e3              ; bne     a1,a0,0x80000066
      9102 :    #8179 0 80000066 00004198  a4=00000164 ; c.lw    a4,0(a1) [f0040610]
      9103 :    #8180 0 80000068 000041dc  a5=0000000c ; c.lw    a5,128(a1) [f0040690]
      9104 :    #8181 0 8000006a 00004594  a3=00000094 ; c.lw    a3,8(a1) [f0040618]
      9105 :    #8182 0 8000006c 00f75c63              ; bge     a4,a5,0x80000084
      9106 :    #8183 0 80000084 fed74ae3              ; blt     a4,a3,0x80000078
      9107 :    #8184 0 80000088 00f6c463              ; blt     a3,a5,0x80000090
      9108 :    #8185 0 8000008c 0000c214              ; c.sw    a3,0(a2) [f0041c44]
      9109 :    #8186 0 8000008e 0000b7f5              ; c.j     0x8000007a
      9110 :    #8187 0 8000007a 00000591  a1=f0040614 ; c.addi  a1,4
      9111 :    #8188 0 8000007c 00000611  a2=f0041c48 ; c.addi  a2,4
      9112 :    #8189 0 8000007e fea594e3              ; bne     a1,a0,0x80000066
      9113 :    #8190 0 80000066 00004198  a4=0000000c ; c.lw    a4,0(a1) [f0040614]
      9114 :    #8191 0 80000068 000041dc  a5=00000094 ; c.lw    a5,128(a1) [f0040694]
      9115 :    #8192 0 8000006a 00004594  a3=000001a7 ; c.lw    a3,8(a1) [f004061c]
      9116 :    #8193 0 8000006c 00f75c63              ; bge     a4,a5,0x80000084
      9117 :    #8194 0 80000070 02d7c063              ; blt     a5,a3,0x80000090
      9118 :    #8195 0 80000090 0000c21c              ; c.sw    a5,0(a2) [f0041c48]
      9119 :    #8196 0 80000092 0000b7e5              ; c.j     0x8000007a
      9120 :    #8197 0 8000007a 00000591  a1=f0040618 ; c.addi  a1,4
      9121 :    #8198 0 8000007c 00000611  a2=f0041c4c ; c.addi  a2,4
      9122 :    #8199 0 8000007e fea594e3              ; bne     a1,a0,0x80000066
      9123 :    #8200 0 80000066 00004198  a4=00000094 ; c.lw    a4,0(a1) [f0040618]
      9124 :    #8201 0 80000068 000041dc  a5=000001a7 ; c.lw    a5,128(a1) [f0040698]
      9125 :    #8202 0 8000006a 00004594  a3=00000036 ; c.lw    a3,8(a1) [f0040620]
      9126 :    #8203 0 8000006c 00f75c63              ; bge     a4,a5,0x80000084
      9127 :    #8204 0 80000070 02d7c063              ; blt     a5,a3,0x80000090
      9128 :    #8205 0 80000074 00e6dc63              ; bge     a3,a4,0x8000008c
      9129 :    #8206 0 80000078 0000c218              ; c.sw    a4,0(a2) [f0041c4c]
      9130 :    #8207 0 8000007a 00000591  a1=f004061c ; c.addi  a1,4
      9131 :    #8208 0 8000007c 00000611  a2=f0041c50 ; c.addi  a2,4
      9132 :    #8209 0 8000007e fea594e3              ; bne     a1,a0,0x80000066
      9134 :    #8210 0 80000066 00004198  a4=000001a7 ; c.lw    a4,0(a1) [f004061c]
      9135 :    #8211 0 80000068 000041dc  a5=00000036 ; c.lw    a5,128(a1) [f004069c]
      9136 :    #8212 0 8000006a 00004594  a3=000003c5 ; c.lw    a3,8(a1) [f0040624]
      9137 :    #8213 0 8000006c 00f75c63              ; bge     a4,a5,0x80000084
      9138 :    #8214 0 80000084 fed74ae3              ; blt     a4,a3,0x80000078
      9140 :    #8215 0 80000078 0000c218              ; c.sw    a4,0(a2) [f0041c50]
      9141 :    #8216 0 8000007a 00000591  a1=f0040620 ; c.addi  a1,4
      9142 :    #8217 0 8000007c 00000611  a2=f0041c54 ; c.addi  a2,4
      9143 :    #8218 0 8000007e fea594e3              ; bne     a1,a0,0x80000066
      9144 :    #8219 0 80000066 00004198  a4=00000036 ; c.lw    a4,0(a1) [f0040620]
      9145 :    #8220 0 80000068 000041dc  a5=000003c5 ; c.lw    a5,128(a1) [f00406a0]
      9146 :    #8221 0 8000006a 00004594  a3=0000008c ; c.lw    a3,8(a1) [f0040628]
      9147 :    #8222 0 8000006c 00f75c63              ; bge     a4,a5,0x80000084
      9148 :    #8223 0 80000070 02d7c063              ; blt     a5,a3,0x80000090
      9149 :    #8224 0 80000074 00e6dc63              ; bge     a3,a4,0x8000008c
      9150 :    #8225 0 8000008c 0000c214              ; c.sw    a3,0(a2) [f0041c54]
      9151 :    #8226 0 8000008e 0000b7f5              ; c.j     0x8000007a
      9152 :    #8227 0 8000007a 00000591  a1=f0040624 ; c.addi  a1,4
      9153 :    #8228 0 8000007c 00000611  a2=f0041c58 ; c.addi  a2,4
      9154 :    #8229 0 8000007e fea594e3              ; bne     a1,a0,0x80000066
      9155 :    #8230 0 80000066 00004198  a4=000003c5 ; c.lw    a4,0(a1) [f0040624]
      9156 :    #8231 0 80000068 000041dc  a5=0000008c ; c.lw    a5,128(a1) [f00406a4]
      9157 :    #8232 0 8000006a 00004594  a3=000000d8 ; c.lw    a3,8(a1) [f004062c]
      9158 :    #8233 0 8000006c 00f75c63              ; bge     a4,a5,0x80000084
      9159 :    #8234 0 80000084 fed74ae3              ; blt     a4,a3,0x80000078
      9161 :    #8235 0 80000088 00f6c463              ; blt     a3,a5,0x80000090
      9162 :    #8236 0 8000008c 0000c214              ; c.sw    a3,0(a2) [f0041c58]
      9163 :    #8237 0 8000008e 0000b7f5              ; c.j     0x8000007a
      9164 :    #8238 0 8000007a 00000591  a1=f0040628 ; c.addi  a1,4
      9165 :    #8239 0 8000007c 00000611  a2=f0041c5c ; c.addi  a2,4
      9166 :    #8240 0 8000007e fea594e3              ; bne     a1,a0,0x80000066
      9167 :    #8241 0 80000066 00004198  a4=0000008c ; c.lw    a4,0(a1) [f0040628]
      9168 :    #8242 0 80000068 000041dc  a5=000000d8 ; c.lw    a5,128(a1) [f00406a8]
      9169 :    #8243 0 8000006a 00004594  a3=000003bb ; c.lw    a3,8(a1) [f0040630]
      9170 :    #8244 0 8000006c 00f75c63              ; bge     a4,a5,0x80000084
      9172 :    #8245 0 80000070 02d7c063              ; blt     a5,a3,0x80000090
      9173 :    #8246 0 80000090 0000c21c              ; c.sw    a5,0(a2) [f0041c5c]
      9174 :    #8247 0 80000092 0000b7e5              ; c.j     0x8000007a
      9175 :    #8248 0 8000007a 00000591  a1=f004062c ; c.addi  a1,4
      9176 :    #8249 0 8000007c 00000611  a2=f0041c60 ; c.addi  a2,4
      9177 :    #8250 0 8000007e fea594e3              ; bne     a1,a0,0x80000066
      9178 :    #8251 0 80000066 00004198  a4=000000d8 ; c.lw    a4,0(a1) [f004062c]
      9179 :    #8252 0 80000068 000041dc  a5=000003bb ; c.lw    a5,128(a1) [f00406ac]
      9180 :    #8253 0 8000006a 00004594  a3=0000026d ; c.lw    a3,8(a1) [f0040634]
      9181 :    #8254 0 8000006c 00f75c63              ; bge     a4,a5,0x80000084
      9182 :    #8255 0 80000070 02d7c063              ; blt     a5,a3,0x80000090
      9183 :    #8256 0 80000074 00e6dc63              ; bge     a3,a4,0x8000008c
      9185 :    #8257 0 8000008c 0000c214              ; c.sw    a3,0(a2) [f0041c60]
      9186 :    #8258 0 8000008e 0000b7f5              ; c.j     0x8000007a
      9187 :    #8259 0 8000007a 00000591  a1=f0040630 ; c.addi  a1,4
      9188 :    #8260 0 8000007c 00000611  a2=f0041c64 ; c.addi  a2,4
      9189 :    #8261 0 8000007e fea594e3              ; bne     a1,a0,0x80000066
      9190 :    #8262 0 80000066 00004198  a4=000003bb ; c.lw    a4,0(a1) [f0040630]
      9191 :    #8263 0 80000068 000041dc  a5=0000026d ; c.lw    a5,128(a1) [f00406b0]
      9192 :    #8264 0 8000006a 00004594  a3=00000157 ; c.lw    a3,8(a1) [f0040638]
      9193 :    #8265 0 8000006c 00f75c63              ; bge     a4,a5,0x80000084
      9194 :    #8266 0 80000084 fed74ae3              ; blt     a4,a3,0x80000078
      9195 :    #8267 0 80000088 00f6c463              ; blt     a3,a5,0x80000090
      9196 :    #8268 0 80000090 0000c21c              ; c.sw    a5,0(a2) [f0041c64]
      9197 :    #8269 0 80000092 0000b7e5              ; c.j     0x8000007a
      9198 :    #8270 0 8000007a 00000591  a1=f0040634 ; c.addi  a1,4
      9199 :    #8271 0 8000007c 00000611  a2=f0041c68 ; c.addi  a2,4
      9200 :    #8272 0 8000007e fea594e3              ; bne     a1,a0,0x80000066
      9201 :    #8273 0 80000066 00004198  a4=0000026d ; c.lw    a4,0(a1) [f0040634]
      9202 :    #8274 0 80000068 000041dc  a5=00000157 ; c.lw    a5,128(a1) [f00406b4]
      9203 :    #8275 0 8000006a 00004594  a3=00000169 ; c.lw    a3,8(a1) [f004063c]
      9204 :    #8276 0 8000006c 00f75c63              ; bge     a4,a5,0x80000084
      9206 :    #8277 0 80000084 fed74ae3              ; blt     a4,a3,0x80000078
      9208 :    #8278 0 80000088 00f6c463              ; blt     a3,a5,0x80000090
      9209 :    #8279 0 8000008c 0000c214              ; c.sw    a3,0(a2) [f0041c68]
      9210 :    #8280 0 8000008e 0000b7f5              ; c.j     0x8000007a
      9211 :    #8281 0 8000007a 00000591  a1=f0040638 ; c.addi  a1,4
      9212 :    #8282 0 8000007c 00000611  a2=f0041c6c ; c.addi  a2,4
      9213 :    #8283 0 8000007e fea594e3              ; bne     a1,a0,0x80000066
      9215 :    #8284 0 80000082 00008082              ; c.jr    ra
      9220 :    #8285 0 800000c0 0000878a  a5=f0041630 ; c.mv    a5,sp
      9221 :    #8286 0 800000c2 70040717  a4=f00400c2 ; auipc   a4,0x70040000
      9222 :    #8287 0 800000c6 57e70713  a4=f0040640 ; addi    a4,a4,1406
      9223 :    #8288 0 800000ca 00004501  a0=00000000 ; c.li    a0,0
      9224 :    #8289 0 800000cc 19000693  a3=00000190 ; addi    a3,zero,400
      9225 :    #8290 0 800000d0 0007a883  a7=00000000 ; lw      a7,0(a5) [f0041630]
      9226 :    #8291 0 800000d4 00072803  a6=00000000 ; lw      a6,0(a4) [f0040640]
      9227 :    #8292 0 800000d8 000043cc  a1=000001c6 ; c.lw    a1,128(a5) [f00416b0]
      9228 :    #8293 0 800000da 00004350  a2=000001c6 ; c.lw    a2,128(a4) [f00406c0]
      9229 :    #8294 0 800000dc 01089f63              ; bne     a7,a6,0x800000fa
      9230 :    #8295 0 800000e0 00000509  a0=00000002 ; c.addi  a0,2
      9231 :    #8296 0 800000e2 00c59763              ; bne     a1,a2,0x800000f0
      9232 :    #8297 0 800000e6 000007a1  a5=f0041638 ; c.addi  a5,8
      9233 :    #8298 0 800000e8 00000721  a4=f0040648 ; c.addi  a4,8
      9234 :    #8299 0 800000ea fed513e3              ; bne     a0,a3,0x800000d0
      9236 :    #8300 0 800000d0 0007a883  a7=000001c6 ; lw      a7,0(a5) [f0041638]
      9237 :    #8301 0 800000d4 00072803  a6=000001c6 ; lw      a6,0(a4) [f0040648]
      9238 :    #8302 0 800000d8 000043cc  a1=00000234 ; c.lw    a1,128(a5) [f00416b8]
      9239 :    #8303 0 800000da 00004350  a2=00000234 ; c.lw    a2,128(a4) [f00406c8]
      9240 :    #8304 0 800000dc 01089f63              ; bne     a7,a6,0x800000fa
      9241 :    #8305 0 800000e0 00000509  a0=00000004 ; c.addi  a0,2
      9242 :    #8306 0 800000e2 00c59763              ; bne     a1,a2,0x800000f0
      9243 :    #8307 0 800000e6 000007a1  a5=f0041640 ; c.addi  a5,8
      9244 :    #8308 0 800000e8 00000721  a4=f0040650 ; c.addi  a4,8
      9245 :    #8309 0 800000ea fed513e3              ; bne     a0,a3,0x800000d0
      9246 :    #8310 0 800000d0 0007a883  a7=0000014f ; lw      a7,0(a5) [f0041640]
      9247 :    #8311 0 800000d4 00072803  a6=0000014f ; lw      a6,0(a4) [f0040650]
      9248 :    #8312 0 800000d8 000043cc  a1=000000bb ; c.lw    a1,128(a5) [f00416c0]
      9249 :    #8313 0 800000da 00004350  a2=000000bb ; c.lw    a2,128(a4) [f00406d0]
      9250 :    #8314 0 800000dc 01089f63              ; bne     a7,a6,0x800000fa
      9251 :    #8315 0 800000e0 00000509  a0=00000006 ; c.addi  a0,2
      9252 :    #8316 0 800000e2 00c59763              ; bne     a1,a2,0x800000f0
      9253 :    #8317 0 800000e6 000007a1  a5=f0041648 ; c.addi  a5,8
      9254 :    #8318 0 800000e8 00000721  a4=f0040658 ; c.addi  a4,8
      9255 :    #8319 0 800000ea fed513e3              ; bne     a0,a3,0x800000d0
      9257 :    #8320 0 800000d0 0007a883  a7=000000bb ; lw      a7,0(a5) [f0041648]
      9258 :    #8321 0 800000d4 00072803  a6=000000bb ; lw      a6,0(a4) [f0040658]
      9259 :    #8322 0 800000d8 000043cc  a1=000002ed ; c.lw    a1,128(a5) [f00416c8]
      9260 :    #8323 0 800000da 00004350  a2=000002ed ; c.lw    a2,128(a4) [f00406d8]
      9261 :    #8324 0 800000dc 01089f63              ; bne     a7,a6,0x800000fa
      9262 :    #8325 0 800000e0 00000509  a0=00000008 ; c.addi  a0,2
      9263 :    #8326 0 800000e2 00c59763              ; bne     a1,a2,0x800000f0
      9264 :    #8327 0 800000e6 000007a1  a5=f0041650 ; c.addi  a5,8
      9265 :    #8328 0 800000e8 00000721  a4=f0040660 ; c.addi  a4,8
      9266 :    #8329 0 800000ea fed513e3              ; bne     a0,a3,0x800000d0
      9267 :    #8330 0 800000d0 0007a883  a7=000002ed ; lw      a7,0(a5) [f0041650]
      9268 :    #8331 0 800000d4 00072803  a6=000002ed ; lw      a6,0(a4) [f0040660]
      9269 :    #8332 0 800000d8 000043cc  a1=0000016d ; c.lw    a1,128(a5) [f00416d0]
      9270 :    #8333 0 800000da 00004350  a2=0000016d ; c.lw    a2,128(a4) [f00406e0]
      9271 :    #8334 0 800000dc 01089f63              ; bne     a7,a6,0x800000fa
      9272 :    #8335 0 800000e0 00000509  a0=0000000a ; c.addi  a0,2
      9273 :    #8336 0 800000e2 00c59763              ; bne     a1,a2,0x800000f0
      9274 :    #8337 0 800000e6 000007a1  a5=f0041658 ; c.addi  a5,8
      9275 :    #8338 0 800000e8 00000721  a4=f0040668 ; c.addi  a4,8
      9276 :    #8339 0 800000ea fed513e3              ; bne     a0,a3,0x800000d0
      9278 :    #8340 0 800000d0 0007a883  a7=0000016d ; lw      a7,0(a5) [f0041658]
      9279 :    #8341 0 800000d4 00072803  a6=0000016d ; lw      a6,0(a4) [f0040668]
      9280 :    #8342 0 800000d8 000043cc  a1=0000015e ; c.lw    a1,128(a5) [f00416d8]
      9281 :    #8343 0 800000da 00004350  a2=0000015e ; c.lw    a2,128(a4) [f00406e8]
      9282 :    #8344 0 800000dc 01089f63              ; bne     a7,a6,0x800000fa
      9283 :    #8345 0 800000e0 00000509  a0=0000000c ; c.addi  a0,2
      9284 :    #8346 0 800000e2 00c59763              ; bne     a1,a2,0x800000f0
      9285 :    #8347 0 800000e6 000007a1  a5=f0041660 ; c.addi  a5,8
      9286 :    #8348 0 800000e8 00000721  a4=f0040670 ; c.addi  a4,8
      9287 :    #8349 0 800000ea fed513e3              ; bne     a0,a3,0x800000d0
      9289 :    #8350 0 800000d0 0007a883  a7=00000084 ; lw      a7,0(a5) [f0041660]
      9290 :    #8351 0 800000d4 00072803  a6=00000084 ; lw      a6,0(a4) [f0040670]
      9291 :    #8352 0 800000d8 000043cc  a1=00000084 ; c.lw    a1,128(a5) [f00416e0]
      9292 :    #8353 0 800000da 00004350  a2=00000084 ; c.lw    a2,128(a4) [f00406f0]
      9293 :    #8354 0 800000dc 01089f63              ; bne     a7,a6,0x800000fa
      9294 :    #8355 0 800000e0 00000509  a0=0000000e ; c.addi  a0,2
      9295 :    #8356 0 800000e2 00c59763              ; bne     a1,a2,0x800000f0
      9296 :    #8357 0 800000e6 000007a1  a5=f0041668 ; c.addi  a5,8
      9297 :    #8358 0 800000e8 00000721  a4=f0040678 ; c.addi  a4,8
      9298 :    #8359 0 800000ea fed513e3              ; bne     a0,a3,0x800000d0
      9300 :    #8360 0 800000d0 0007a883  a7=00000099 ; lw      a7,0(a5) [f0041668]
      9301 :    #8361 0 800000d4 00072803  a6=00000099 ; lw      a6,0(a4) [f0040678]
      9302 :    #8362 0 800000d8 000043cc  a1=00000248 ; c.lw    a1,128(a5) [f00416e8]
      9303 :    #8363 0 800000da 00004350  a2=00000248 ; c.lw    a2,128(a4) [f00406f8]
      9304 :    #8364 0 800000dc 01089f63              ; bne     a7,a6,0x800000fa
      9305 :    #8365 0 800000e0 00000509  a0=00000010 ; c.addi  a0,2
      9306 :    #8366 0 800000e2 00c59763              ; bne     a1,a2,0x800000f0
      9307 :    #8367 0 800000e6 000007a1  a5=f0041670 ; c.addi  a5,8
      9308 :    #8368 0 800000e8 00000721  a4=f0040680 ; c.addi  a4,8
      9309 :    #8369 0 800000ea fed513e3              ; bne     a0,a3,0x800000d0
      9311 :    #8370 0 800000d0 0007a883  a7=000000d8 ; lw      a7,0(a5) [f0041670]
      9312 :    #8371 0 800000d4 00072803  a6=000000d8 ; lw      a6,0(a4) [f0040680]
      9313 :    #8372 0 800000d8 000043cc  a1=00000248 ; c.lw    a1,128(a5) [f00416f0]
      9314 :    #8373 0 800000da 00004350  a2=00000248 ; c.lw    a2,128(a4) [f0040700]
      9315 :    #8374 0 800000dc 01089f63              ; bne     a7,a6,0x800000fa
      9316 :    #8375 0 800000e0 00000509  a0=00000012 ; c.addi  a0,2
      9317 :    #8376 0 800000e2 00c59763              ; bne     a1,a2,0x800000f0
      9318 :    #8377 0 800000e6 000007a1  a5=f0041678 ; c.addi  a5,8
      9319 :    #8378 0 800000e8 00000721  a4=f0040688 ; c.addi  a4,8
      9320 :    #8379 0 800000ea fed513e3              ; bne     a0,a3,0x800000d0
      9322 :    #8380 0 800000d0 0007a883  a7=000000d8 ; lw      a7,0(a5) [f0041678]
      9323 :    #8381 0 800000d4 00072803  a6=000000d8 ; lw      a6,0(a4) [f0040688]
      9324 :    #8382 0 800000d8 000043cc  a1=0000026d ; c.lw    a1,128(a5) [f00416f8]
      9325 :    #8383 0 800000da 00004350  a2=0000026d ; c.lw    a2,128(a4) [f0040708]
      9326 :    #8384 0 800000dc 01089f63              ; bne     a7,a6,0x800000fa
      9327 :    #8385 0 800000e0 00000509  a0=00000014 ; c.addi  a0,2
      9328 :    #8386 0 800000e2 00c59763              ; bne     a1,a2,0x800000f0
      9329 :    #8387 0 800000e6 000007a1  a5=f0041680 ; c.addi  a5,8
      9330 :    #8388 0 800000e8 00000721  a4=f0040690 ; c.addi  a4,8
      9331 :    #8389 0 800000ea fed513e3              ; bne     a0,a3,0x800000d0
      9332 :    #8390 0 800000d0 0007a883  a7=000000d2 ; lw      a7,0(a5) [f0041680]
      9333 :    #8391 0 800000d4 00072803  a6=000000d2 ; lw      a6,0(a4) [f0040690]
      9334 :    #8392 0 800000d8 000043cc  a1=000000d2 ; c.lw    a1,128(a5) [f0041700]
      9335 :    #8393 0 800000da 00004350  a2=000000d2 ; c.lw    a2,128(a4) [f0040710]
      9336 :    #8394 0 800000dc 01089f63              ; bne     a7,a6,0x800000fa
      9337 :    #8395 0 800000e0 00000509  a0=00000016 ; c.addi  a0,2
      9338 :    #8396 0 800000e2 00c59763              ; bne     a1,a2,0x800000f0
      9339 :    #8397 0 800000e6 000007a1  a5=f0041688 ; c.addi  a5,8
      9340 :    #8398 0 800000e8 00000721  a4=f0040698 ; c.addi  a4,8
      9341 :    #8399 0 800000ea fed513e3              ; bne     a0,a3,0x800000d0
      9342 :    #8400 0 800000d0 0007a883  a7=000000d2 ; lw      a7,0(a5) [f0041688]
      9343 :    #8401 0 800000d4 00072803  a6=000000d2 ; lw      a6,0(a4) [f0040698]
      9344 :    #8402 0 800000d8 000043cc  a1=0000023c ; c.lw    a1,128(a5) [f0041708]
      9345 :    #8403 0 800000da 00004350  a2=0000023c ; c.lw    a2,128(a4) [f0040718]
      9346 :    #8404 0 800000dc 01089f63              ; bne     a7,a6,0x800000fa
      9347 :    #8405 0 800000e0 00000509  a0=00000018 ; c.addi  a0,2
      9348 :    #8406 0 800000e2 00c59763              ; bne     a1,a2,0x800000f0
      9349 :    #8407 0 800000e6 000007a1  a5=f0041690 ; c.addi  a5,8
      9350 :    #8408 0 800000e8 00000721  a4=f00406a0 ; c.addi  a4,8
      9351 :    #8409 0 800000ea fed513e3              ; bne     a0,a3,0x800000d0
      9352 :    #8410 0 800000d0 0007a883  a7=0000023c ; lw      a7,0(a5) [f0041690]
      9353 :    #8411 0 800000d4 00072803  a6=0000023c ; lw      a6,0(a4) [f00406a0]
      9354 :    #8412 0 800000d8 000043cc  a1=0000037a ; c.lw    a1,128(a5) [f0041710]
      9355 :    #8413 0 800000da 00004350  a2=0000037a ; c.lw    a2,128(a4) [f0040720]
      9356 :    #8414 0 800000dc 01089f63              ; bne     a7,a6,0x800000fa
      9357 :    #8415 0 800000e0 00000509  a0=0000001a ; c.addi  a0,2
      9358 :    #8416 0 800000e2 00c59763              ; bne     a1,a2,0x800000f0
      9359 :    #8417 0 800000e6 000007a1  a5=f0041698 ; c.addi  a5,8
      9360 :    #8418 0 800000e8 00000721  a4=f00406a8 ; c.addi  a4,8
      9361 :    #8419 0 800000ea fed513e3              ; bne     a0,a3,0x800000d0
      9362 :    #8420 0 800000d0 0007a883  a7=00000251 ; lw      a7,0(a5) [f0041698]
      9363 :    #8421 0 800000d4 00072803  a6=00000251 ; lw      a6,0(a4) [f00406a8]
      9364 :    #8422 0 800000d8 000043cc  a1=00000251 ; c.lw    a1,128(a5) [f0041718]
      9365 :    #8423 0 800000da 00004350  a2=00000251 ; c.lw    a2,128(a4) [f0040728]
      9366 :    #8424 0 800000dc 01089f63              ; bne     a7,a6,0x800000fa
      9367 :    #8425 0 800000e0 00000509  a0=0000001c ; c.addi  a0,2
      9368 :    #8426 0 800000e2 00c59763              ; bne     a1,a2,0x800000f0
      9369 :    #8427 0 800000e6 000007a1  a5=f00416a0 ; c.addi  a5,8
      9370 :    #8428 0 800000e8 00000721  a4=f00406b0 ; c.addi  a4,8
      9371 :    #8429 0 800000ea fed513e3              ; bne     a0,a3,0x800000d0
      9372 :    #8430 0 800000d0 0007a883  a7=00000251 ; lw      a7,0(a5) [f00416a0]
      9373 :    #8431 0 800000d4 00072803  a6=00000251 ; lw      a6,0(a4) [f00406b0]
      9374 :    #8432 0 800000d8 000043cc  a1=000002b6 ; c.lw    a1,128(a5) [f0041720]
      9375 :    #8433 0 800000da 00004350  a2=000002b6 ; c.lw    a2,128(a4) [f0040730]
      9376 :    #8434 0 800000dc 01089f63              ; bne     a7,a6,0x800000fa
      9377 :    #8435 0 800000e0 00000509  a0=0000001e ; c.addi  a0,2
      9378 :    #8436 0 800000e2 00c59763              ; bne     a1,a2,0x800000f0
      9379 :    #8437 0 800000e6 000007a1  a5=f00416a8 ; c.addi  a5,8
      9380 :    #8438 0 800000e8 00000721  a4=f00406b8 ; c.addi  a4,8
      9381 :    #8439 0 800000ea fed513e3              ; bne     a0,a3,0x800000d0
      9382 :    #8440 0 800000d0 0007a883  a7=000002b6 ; lw      a7,0(a5) [f00416a8]
      9383 :    #8441 0 800000d4 00072803  a6=000002b6 ; lw      a6,0(a4) [f00406b8]
      9384 :    #8442 0 800000d8 000043cc  a1=000002b6 ; c.lw    a1,128(a5) [f0041728]
      9385 :    #8443 0 800000da 00004350  a2=000002b6 ; c.lw    a2,128(a4) [f0040738]
      9386 :    #8444 0 800000dc 01089f63              ; bne     a7,a6,0x800000fa
      9387 :    #8445 0 800000e0 00000509  a0=00000020 ; c.addi  a0,2
      9388 :    #8446 0 800000e2 00c59763              ; bne     a1,a2,0x800000f0
      9389 :    #8447 0 800000e6 000007a1  a5=f00416b0 ; c.addi  a5,8
      9390 :    #8448 0 800000e8 00000721  a4=f00406c0 ; c.addi  a4,8
      9391 :    #8449 0 800000ea fed513e3              ; bne     a0,a3,0x800000d0
      9392 :    #8450 0 800000d0 0007a883  a7=000000e4 ; lw      a7,0(a5) [f00416b0]
      9393 :    #8451 0 800000d4 00072803  a6=000000e4 ; lw      a6,0(a4) [f00406c0]
      9394 :    #8452 0 800000d8 000043cc  a1=0000006e ; c.lw    a1,128(a5) [f0041730]
      9395 :    #8453 0 800000da 00004350  a2=0000006e ; c.lw    a2,128(a4) [f0040740]
      9396 :    #8454 0 800000dc 01089f63              ; bne     a7,a6,0x800000fa
      9397 :    #8455 0 800000e0 00000509  a0=00000022 ; c.addi  a0,2
      9398 :    #8456 0 800000e2 00c59763              ; bne     a1,a2,0x800000f0
      9399 :    #8457 0 800000e6 000007a1  a5=f00416b8 ; c.addi  a5,8
      9400 :    #8458 0 800000e8 00000721  a4=f00406c8 ; c.addi  a4,8
      9401 :    #8459 0 800000ea fed513e3              ; bne     a0,a3,0x800000d0
      9402 :    #8460 0 800000d0 0007a883  a7=0000006e ; lw      a7,0(a5) [f00416b8]
      9403 :    #8461 0 800000d4 00072803  a6=0000006e ; lw      a6,0(a4) [f00406c8]
      9404 :    #8462 0 800000d8 000043cc  a1=00000074 ; c.lw    a1,128(a5) [f0041738]
      9405 :    #8463 0 800000da 00004350  a2=00000074 ; c.lw    a2,128(a4) [f0040748]
      9406 :    #8464 0 800000dc 01089f63              ; bne     a7,a6,0x800000fa
      9407 :    #8465 0 800000e0 00000509  a0=00000024 ; c.addi  a0,2
      9408 :    #8466 0 800000e2 00c59763              ; bne     a1,a2,0x800000f0
      9409 :    #8467 0 800000e6 000007a1  a5=f00416c0 ; c.addi  a5,8
      9410 :    #8468 0 800000e8 00000721  a4=f00406d0 ; c.addi  a4,8
      9411 :    #8469 0 800000ea fed513e3              ; bne     a0,a3,0x800000d0
      9412 :    #8470 0 800000d0 0007a883  a7=000002ee ; lw      a7,0(a5) [f00416c0]
      9413 :    #8471 0 800000d4 00072803  a6=000002ee ; lw      a6,0(a4) [f00406d0]
      9414 :    #8472 0 800000d8 000043cc  a1=00000128 ; c.lw    a1,128(a5) [f0041740]
      9415 :    #8473 0 800000da 00004350  a2=00000128 ; c.lw    a2,128(a4) [f0040750]
      9416 :    #8474 0 800000dc 01089f63              ; bne     a7,a6,0x800000fa
      9417 :    #8475 0 800000e0 00000509  a0=00000026 ; c.addi  a0,2
      9418 :    #8476 0 800000e2 00c59763              ; bne     a1,a2,0x800000f0
      9419 :    #8477 0 800000e6 000007a1  a5=f00416c8 ; c.addi  a5,8
      9420 :    #8478 0 800000e8 00000721  a4=f00406d8 ; c.addi  a4,8
      9421 :    #8479 0 800000ea fed513e3              ; bne     a0,a3,0x800000d0
      9422 :    #8480 0 800000d0 0007a883  a7=00000286 ; lw      a7,0(a5) [f00416c8]
      9423 :    #8481 0 800000d4 00072803  a6=00000286 ; lw      a6,0(a4) [f00406d8]
      9424 :    #8482 0 800000d8 000043cc  a1=000001aa ; c.lw    a1,128(a5) [f0041748]
      9425 :    #8483 0 800000da 00004350  a2=000001aa ; c.lw    a2,128(a4) [f0040758]
      9426 :    #8484 0 800000dc 01089f63              ; bne     a7,a6,0x800000fa
      9427 :    #8485 0 800000e0 00000509  a0=00000028 ; c.addi  a0,2
      9428 :    #8486 0 800000e2 00c59763              ; bne     a1,a2,0x800000f0
      9429 :    #8487 0 800000e6 000007a1  a5=f00416d0 ; c.addi  a5,8
      9430 :    #8488 0 800000e8 00000721  a4=f00406e0 ; c.addi  a4,8
      9431 :    #8489 0 800000ea fed513e3              ; bne     a0,a3,0x800000d0
      9432 :    #8490 0 800000d0 0007a883  a7=000001f4 ; lw      a7,0(a5) [f00416d0]
      9433 :    #8491 0 800000d4 00072803  a6=000001f4 ; lw      a6,0(a4) [f00406e0]
      9434 :    #8492 0 800000d8 000043cc  a1=000001aa ; c.lw    a1,128(a5) [f0041750]
      9435 :    #8493 0 800000da 00004350  a2=000001aa ; c.lw    a2,128(a4) [f0040760]
      9436 :    #8494 0 800000dc 01089f63              ; bne     a7,a6,0x800000fa
      9437 :    #8495 0 800000e0 00000509  a0=0000002a ; c.addi  a0,2
      9438 :    #8496 0 800000e2 00c59763              ; bne     a1,a2,0x800000f0
      9439 :    #8497 0 800000e6 000007a1  a5=f00416d8 ; c.addi  a5,8
      9440 :    #8498 0 800000e8 00000721  a4=f00406e8 ; c.addi  a4,8
      9441 :    #8499 0 800000ea fed513e3              ; bne     a0,a3,0x800000d0
      9442 :    #8500 0 800000d0 0007a883  a7=000001b4 ; lw      a7,0(a5) [f00416d8]
      9443 :    #8501 0 800000d4 00072803  a6=000001b4 ; lw      a6,0(a4) [f00406e8]
      9444 :    #8502 0 800000d8 000043cc  a1=000001b4 ; c.lw    a1,128(a5) [f0041758]
      9445 :    #8503 0 800000da 00004350  a2=000001b4 ; c.lw    a2,128(a4) [f0040768]
      9446 :    #8504 0 800000dc 01089f63              ; bne     a7,a6,0x800000fa
      9447 :    #8505 0 800000e0 00000509  a0=0000002c ; c.addi  a0,2
      9448 :    #8506 0 800000e2 00c59763              ; bne     a1,a2,0x800000f0
      9449 :    #8507 0 800000e6 000007a1  a5=f00416e0 ; c.addi  a5,8
      9450 :    #8508 0 800000e8 00000721  a4=f00406f0 ; c.addi  a4,8
      9451 :    #8509 0 800000ea fed513e3              ; bne     a0,a3,0x800000d0
      9452 :    #8510 0 800000d0 0007a883  a7=00000293 ; lw      a7,0(a5) [f00416e0]
      9453 :    #8511 0 800000d4 00072803  a6=00000293 ; lw      a6,0(a4) [f00406f0]
      9454 :    #8512 0 800000d8 000043cc  a1=000002bd ; c.lw    a1,128(a5) [f0041760]
      9455 :    #8513 0 800000da 00004350  a2=000002bd ; c.lw    a2,128(a4) [f0040770]
      9456 :    #8514 0 800000dc 01089f63              ; bne     a7,a6,0x800000fa
      9457 :    #8515 0 800000e0 00000509  a0=0000002e ; c.addi  a0,2
      9458 :    #8516 0 800000e2 00c59763              ; bne     a1,a2,0x800000f0
      9459 :    #8517 0 800000e6 000007a1  a5=f00416e8 ; c.addi  a5,8
      9460 :    #8518 0 800000e8 00000721  a4=f00406f8 ; c.addi  a4,8
      9461 :    #8519 0 800000ea fed513e3              ; bne     a0,a3,0x800000d0
      9462 :    #8520 0 800000d0 0007a883  a7=00000306 ; lw      a7,0(a5) [f00416e8]
      9463 :    #8521 0 800000d4 00072803  a6=00000306 ; lw      a6,0(a4) [f00406f8]
      9464 :    #8522 0 800000d8 000043cc  a1=00000306 ; c.lw    a1,128(a5) [f0041768]
      9465 :    #8523 0 800000da 00004350  a2=00000306 ; c.lw    a2,128(a4) [f0040778]
      9466 :    #8524 0 800000dc 01089f63              ; bne     a7,a6,0x800000fa
      9467 :    #8525 0 800000e0 00000509  a0=00000030 ; c.addi  a0,2
      9468 :    #8526 0 800000e2 00c59763              ; bne     a1,a2,0x800000f0
      9469 :    #8527 0 800000e6 000007a1  a5=f00416f0 ; c.addi  a5,8
      9470 :    #8528 0 800000e8 00000721  a4=f0040700 ; c.addi  a4,8
      9471 :    #8529 0 800000ea fed513e3              ; bne     a0,a3,0x800000d0
      9472 :    #8530 0 800000d0 0007a883  a7=0000032c ; lw      a7,0(a5) [f00416f0]
      9473 :    #8531 0 800000d4 00072803  a6=0000032c ; lw      a6,0(a4) [f0040700]
      9474 :    #8532 0 800000d8 000043cc  a1=000002a6 ; c.lw    a1,128(a5) [f0041770]
      9475 :    #8533 0 800000da 00004350  a2=000002a6 ; c.lw    a2,128(a4) [f0040780]
      9476 :    #8534 0 800000dc 01089f63              ; bne     a7,a6,0x800000fa
      9477 :    #8535 0 800000e0 00000509  a0=00000032 ; c.addi  a0,2
      9478 :    #8536 0 800000e2 00c59763              ; bne     a1,a2,0x800000f0
      9479 :    #8537 0 800000e6 000007a1  a5=f00416f8 ; c.addi  a5,8
      9480 :    #8538 0 800000e8 00000721  a4=f0040708 ; c.addi  a4,8
      9481 :    #8539 0 800000ea fed513e3              ; bne     a0,a3,0x800000d0
      9482 :    #8540 0 800000d0 0007a883  a7=000002a6 ; lw      a7,0(a5) [f00416f8]
      9483 :    #8541 0 800000d4 00072803  a6=000002a6 ; lw      a6,0(a4) [f0040708]
      9484 :    #8542 0 800000d8 000043cc  a1=000002a6 ; c.lw    a1,128(a5) [f0041778]
      9485 :    #8543 0 800000da 00004350  a2=000002a6 ; c.lw    a2,128(a4) [f0040788]
      9486 :    #8544 0 800000dc 01089f63              ; bne     a7,a6,0x800000fa
      9487 :    #8545 0 800000e0 00000509  a0=00000034 ; c.addi  a0,2
      9488 :    #8546 0 800000e2 00c59763              ; bne     a1,a2,0x800000f0
      9489 :    #8547 0 800000e6 000007a1  a5=f0041700 ; c.addi  a5,8
      9490 :    #8548 0 800000e8 00000721  a4=f0040710 ; c.addi  a4,8
      9491 :    #8549 0 800000ea fed513e3              ; bne     a0,a3,0x800000d0
      9492 :    #8550 0 800000d0 0007a883  a7=000002b8 ; lw      a7,0(a5) [f0041700]
      9493 :    #8551 0 800000d4 00072803  a6=000002b8 ; lw      a6,0(a4) [f0040710]
      9494 :    #8552 0 800000d8 000043cc  a1=000002b8 ; c.lw    a1,128(a5) [f0041780]
      9495 :    #8553 0 800000da 00004350  a2=000002b8 ; c.lw    a2,128(a4) [f0040790]
      9496 :    #8554 0 800000dc 01089f63              ; bne     a7,a6,0x800000fa
      9497 :    #8555 0 800000e0 00000509  a0=00000036 ; c.addi  a0,2
      9498 :    #8556 0 800000e2 00c59763              ; bne     a1,a2,0x800000f0
      9499 :    #8557 0 800000e6 000007a1  a5=f0041708 ; c.addi  a5,8
      9500 :    #8558 0 800000e8 00000721  a4=f0040718 ; c.addi  a4,8
      9501 :    #8559 0 800000ea fed513e3              ; bne     a0,a3,0x800000d0
      9502 :    #8560 0 800000d0 0007a883  a7=00000234 ; lw      a7,0(a5) [f0041708]
      9503 :    #8561 0 800000d4 00072803  a6=00000234 ; lw      a6,0(a4) [f0040718]
      9504 :    #8562 0 800000d8 000043cc  a1=000001da ; c.lw    a1,128(a5) [f0041788]
      9505 :    #8563 0 800000da 00004350  a2=000001da ; c.lw    a2,128(a4) [f0040798]
      9506 :    #8564 0 800000dc 01089f63              ; bne     a7,a6,0x800000fa
      9507 :    #8565 0 800000e0 00000509  a0=00000038 ; c.addi  a0,2
      9508 :    #8566 0 800000e2 00c59763              ; bne     a1,a2,0x800000f0
      9509 :    #8567 0 800000e6 000007a1  a5=f0041710 ; c.addi  a5,8
      9510 :    #8568 0 800000e8 00000721  a4=f0040720 ; c.addi  a4,8
      9511 :    #8569 0 800000ea fed513e3              ; bne     a0,a3,0x800000d0
      9512 :    #8570 0 800000d0 0007a883  a7=000001da ; lw      a7,0(a5) [f0041710]
      9513 :    #8571 0 800000d4 00072803  a6=000001da ; lw      a6,0(a4) [f0040720]
      9514 :    #8572 0 800000d8 000043cc  a1=000001da ; c.lw    a1,128(a5) [f0041790]
      9515 :    #8573 0 800000da 00004350  a2=000001da ; c.lw    a2,128(a4) [f00407a0]
      9516 :    #8574 0 800000dc 01089f63              ; bne     a7,a6,0x800000fa
      9517 :    #8575 0 800000e0 00000509  a0=0000003a ; c.addi  a0,2
      9518 :    #8576 0 800000e2 00c59763              ; bne     a1,a2,0x800000f0
      9519 :    #8577 0 800000e6 000007a1  a5=f0041718 ; c.addi  a5,8
      9520 :    #8578 0 800000e8 00000721  a4=f0040728 ; c.addi  a4,8
      9521 :    #8579 0 800000ea fed513e3              ; bne     a0,a3,0x800000d0
      9522 :    #8580 0 800000d0 0007a883  a7=00000110 ; lw      a7,0(a5) [f0041718]
      9523 :    #8581 0 800000d4 00072803  a6=00000110 ; lw      a6,0(a4) [f0040728]
      9524 :    #8582 0 800000d8 000043cc  a1=0000021b ; c.lw    a1,128(a5) [f0041798]
      9525 :    #8583 0 800000da 00004350  a2=0000021b ; c.lw    a2,128(a4) [f00407a8]
      9526 :    #8584 0 800000dc 01089f63              ; bne     a7,a6,0x800000fa
      9527 :    #8585 0 800000e0 00000509  a0=0000003c ; c.addi  a0,2
      9528 :    #8586 0 800000e2 00c59763              ; bne     a1,a2,0x800000f0
      9529 :    #8587 0 800000e6 000007a1  a5=f0041720 ; c.addi  a5,8
      9530 :    #8588 0 800000e8 00000721  a4=f0040730 ; c.addi  a4,8
      9531 :    #8589 0 800000ea fed513e3              ; bne     a0,a3,0x800000d0
      9532 :    #8590 0 800000d0 0007a883  a7=0000021b ; lw      a7,0(a5) [f0041720]
      9533 :    #8591 0 800000d4 00072803  a6=0000021b ; lw      a6,0(a4) [f0040730]
      9534 :    #8592 0 800000d8 000043cc  a1=00000239 ; c.lw    a1,128(a5) [f00417a0]
      9535 :    #8593 0 800000da 00004350  a2=00000239 ; c.lw    a2,128(a4) [f00407b0]
      9536 :    #8594 0 800000dc 01089f63              ; bne     a7,a6,0x800000fa
      9537 :    #8595 0 800000e0 00000509  a0=0000003e ; c.addi  a0,2
      9538 :    #8596 0 800000e2 00c59763              ; bne     a1,a2,0x800000f0
      9539 :    #8597 0 800000e6 000007a1  a5=f0041728 ; c.addi  a5,8
      9540 :    #8598 0 800000e8 00000721  a4=f0040738 ; c.addi  a4,8
      9541 :    #8599 0 800000ea fed513e3              ; bne     a0,a3,0x800000d0
      9542 :    #8600 0 800000d0 0007a883  a7=00000239 ; lw      a7,0(a5) [f0041728]
      9543 :    #8601 0 800000d4 00072803  a6=00000239 ; lw      a6,0(a4) [f0040738]
      9544 :    #8602 0 800000d8 000043cc  a1=000001fd ; c.lw    a1,128(a5) [f00417a8]
      9545 :    #8603 0 800000da 00004350  a2=000001fd ; c.lw    a2,128(a4) [f00407b8]
      9546 :    #8604 0 800000dc 01089f63              ; bne     a7,a6,0x800000fa
      9547 :    #8605 0 800000e0 00000509  a0=00000040 ; c.addi  a0,2
      9548 :    #8606 0 800000e2 00c59763              ; bne     a1,a2,0x800000f0
      9549 :    #8607 0 800000e6 000007a1  a5=f0041730 ; c.addi  a5,8
      9550 :    #8608 0 800000e8 00000721  a4=f0040740 ; c.addi  a4,8
      9551 :    #8609 0 800000ea fed513e3              ; bne     a0,a3,0x800000d0
      9552 :    #8610 0 800000d0 0007a883  a7=000000cb ; lw      a7,0(a5) [f0041730]
      9553 :    #8611 0 800000d4 00072803  a6=000000cb ; lw      a6,0(a4) [f0040740]
      9554 :    #8612 0 800000d8 000043cc  a1=000000cb ; c.lw    a1,128(a5) [f00417b0]
      9555 :    #8613 0 800000da 00004350  a2=000000cb ; c.lw    a2,128(a4) [f00407c0]
      9556 :    #8614 0 800000dc 01089f63              ; bne     a7,a6,0x800000fa
      9557 :    #8615 0 800000e0 00000509  a0=00000042 ; c.addi  a0,2
      9558 :    #8616 0 800000e2 00c59763              ; bne     a1,a2,0x800000f0
      9559 :    #8617 0 800000e6 000007a1  a5=f0041738 ; c.addi  a5,8
      9560 :    #8618 0 800000e8 00000721  a4=f0040748 ; c.addi  a4,8
      9561 :    #8619 0 800000ea fed513e3              ; bne     a0,a3,0x800000d0
      9562 :    #8620 0 800000d0 0007a883  a7=00000118 ; lw      a7,0(a5) [f0041738]
      9563 :    #8621 0 800000d4 00072803  a6=00000118 ; lw      a6,0(a4) [f0040748]
      9564 :    #8622 0 800000d8 000043cc  a1=000002bf ; c.lw    a1,128(a5) [f00417b8]
      9565 :    #8623 0 800000da 00004350  a2=000002bf ; c.lw    a2,128(a4) [f00407c8]
      9566 :    #8624 0 800000dc 01089f63              ; bne     a7,a6,0x800000fa
      9567 :    #8625 0 800000e0 00000509  a0=00000044 ; c.addi  a0,2
      9568 :    #8626 0 800000e2 00c59763              ; bne     a1,a2,0x800000f0
      9569 :    #8627 0 800000e6 000007a1  a5=f0041740 ; c.addi  a5,8
      9570 :    #8628 0 800000e8 00000721  a4=f0040750 ; c.addi  a4,8
      9571 :    #8629 0 800000ea fed513e3              ; bne     a0,a3,0x800000d0
      9572 :    #8630 0 800000d0 0007a883  a7=000002bf ; lw      a7,0(a5) [f0041740]
      9573 :    #8631 0 800000d4 00072803  a6=000002bf ; lw      a6,0(a4) [f0040750]
      9574 :    #8632 0 800000d8 000043cc  a1=0000029d ; c.lw    a1,128(a5) [f00417c0]
      9575 :    #8633 0 800000da 00004350  a2=0000029d ; c.lw    a2,128(a4) [f00407d0]
      9576 :    #8634 0 800000dc 01089f63              ; bne     a7,a6,0x800000fa
      9577 :    #8635 0 800000e0 00000509  a0=00000046 ; c.addi  a0,2
      9578 :    #8636 0 800000e2 00c59763              ; bne     a1,a2,0x800000f0
      9579 :    #8637 0 800000e6 000007a1  a5=f0041748 ; c.addi  a5,8
      9580 :    #8638 0 800000e8 00000721  a4=f0040758 ; c.addi  a4,8
      9581 :    #8639 0 800000ea fed513e3              ; bne     a0,a3,0x800000d0
      9582 :    #8640 0 800000d0 0007a883  a7=0000025e ; lw      a7,0(a5) [f0041748]
      9583 :    #8641 0 800000d4 00072803  a6=0000025e ; lw      a6,0(a4) [f0040758]
      9584 :    #8642 0 800000d8 000043cc  a1=000001ff ; c.lw    a1,128(a5) [f00417c8]
      9585 :    #8643 0 800000da 00004350  a2=000001ff ; c.lw    a2,128(a4) [f00407d8]
      9586 :    #8644 0 800000dc 01089f63              ; bne     a7,a6,0x800000fa
      9587 :    #8645 0 800000e0 00000509  a0=00000048 ; c.addi  a0,2
      9588 :    #8646 0 800000e2 00c59763              ; bne     a1,a2,0x800000f0
      9589 :    #8647 0 800000e6 000007a1  a5=f0041750 ; c.addi  a5,8
      9590 :    #8648 0 800000e8 00000721  a4=f0040760 ; c.addi  a4,8
      9591 :    #8649 0 800000ea fed513e3              ; bne     a0,a3,0x800000d0
      9592 :    #8650 0 800000d0 0007a883  a7=000001ff ; lw      a7,0(a5) [f0041750]
      9593 :    #8651 0 800000d4 00072803  a6=000001ff ; lw      a6,0(a4) [f0040760]
      9594 :    #8652 0 800000d8 000043cc  a1=00000227 ; c.lw    a1,128(a5) [f00417d0]
      9595 :    #8653 0 800000da 00004350  a2=00000227 ; c.lw    a2,128(a4) [f00407e0]
      9596 :    #8654 0 800000dc 01089f63              ; bne     a7,a6,0x800000fa
      9597 :    #8655 0 800000e0 00000509  a0=0000004a ; c.addi  a0,2
      9598 :    #8656 0 800000e2 00c59763              ; bne     a1,a2,0x800000f0
      9599 :    #8657 0 800000e6 000007a1  a5=f0041758 ; c.addi  a5,8
      9600 :    #8658 0 800000e8 00000721  a4=f0040768 ; c.addi  a4,8
      9601 :    #8659 0 800000ea fed513e3              ; bne     a0,a3,0x800000d0
      9602 :    #8660 0 800000d0 0007a883  a7=00000291 ; lw      a7,0(a5) [f0041758]
      9603 :    #8661 0 800000d4 00072803  a6=00000291 ; lw      a6,0(a4) [f0040768]
      9604 :    #8662 0 800000d8 000043cc  a1=00000291 ; c.lw    a1,128(a5) [f00417d8]
      9605 :    #8663 0 800000da 00004350  a2=00000291 ; c.lw    a2,128(a4) [f00407e8]
      9606 :    #8664 0 800000dc 01089f63              ; bne     a7,a6,0x800000fa
      9607 :    #8665 0 800000e0 00000509  a0=0000004c ; c.addi  a0,2
      9608 :    #8666 0 800000e2 00c59763              ; bne     a1,a2,0x800000f0
      9609 :    #8667 0 800000e6 000007a1  a5=f0041760 ; c.addi  a5,8
      9610 :    #8668 0 800000e8 00000721  a4=f0040770 ; c.addi  a4,8
      9611 :    #8669 0 800000ea fed513e3              ; bne     a0,a3,0x800000d0
      9612 :    #8670 0 800000d0 0007a883  a7=00000250 ; lw      a7,0(a5) [f0041760]
      9613 :    #8671 0 800000d4 00072803  a6=00000250 ; lw      a6,0(a4) [f0040770]
      9614 :    #8672 0 800000d8 000043cc  a1=000000c3 ; c.lw    a1,128(a5) [f00417e0]
      9615 :    #8673 0 800000da 00004350  a2=000000c3 ; c.lw    a2,128(a4) [f00407f0]
      9616 :    #8674 0 800000dc 01089f63              ; bne     a7,a6,0x800000fa
      9617 :    #8675 0 800000e0 00000509  a0=0000004e ; c.addi  a0,2
      9618 :    #8676 0 800000e2 00c59763              ; bne     a1,a2,0x800000f0
      9619 :    #8677 0 800000e6 000007a1  a5=f0041768 ; c.addi  a5,8
      9620 :    #8678 0 800000e8 00000721  a4=f0040778 ; c.addi  a4,8
      9621 :    #8679 0 800000ea fed513e3              ; bne     a0,a3,0x800000d0
      9622 :    #8680 0 800000d0 0007a883  a7=00000239 ; lw      a7,0(a5) [f0041768]
      9623 :    #8681 0 800000d4 00072803  a6=00000239 ; lw      a6,0(a4) [f0040778]
      9624 :    #8682 0 800000d8 000043cc  a1=0000010b ; c.lw    a1,128(a5) [f00417e8]
      9625 :    #8683 0 800000da 00004350  a2=0000010b ; c.lw    a2,128(a4) [f00407f8]
      9626 :    #8684 0 800000dc 01089f63              ; bne     a7,a6,0x800000fa
      9627 :    #8685 0 800000e0 00000509  a0=00000050 ; c.addi  a0,2
      9628 :    #8686 0 800000e2 00c59763              ; bne     a1,a2,0x800000f0
      9629 :    #8687 0 800000e6 000007a1  a5=f0041770 ; c.addi  a5,8
      9630 :    #8688 0 800000e8 00000721  a4=f0040780 ; c.addi  a4,8
      9631 :    #8689 0 800000ea fed513e3              ; bne     a0,a3,0x800000d0
      9632 :    #8690 0 800000d0 0007a883  a7=00000239 ; lw      a7,0(a5) [f0041770]
      9633 :    #8691 0 800000d4 00072803  a6=00000239 ; lw      a6,0(a4) [f0040780]
      9634 :    #8692 0 800000d8 000043cc  a1=0000010b ; c.lw    a1,128(a5) [f00417f0]
      9635 :    #8693 0 800000da 00004350  a2=0000010b ; c.lw    a2,128(a4) [f0040800]
      9636 :    #8694 0 800000dc 01089f63              ; bne     a7,a6,0x800000fa
      9637 :    #8695 0 800000e0 00000509  a0=00000052 ; c.addi  a0,2
      9638 :    #8696 0 800000e2 00c59763              ; bne     a1,a2,0x800000f0
      9639 :    #8697 0 800000e6 000007a1  a5=f0041778 ; c.addi  a5,8
      9640 :    #8698 0 800000e8 00000721  a4=f0040788 ; c.addi  a4,8
      9641 :    #8699 0 800000ea fed513e3              ; bne     a0,a3,0x800000d0
      9642 :    #8700 0 800000d0 0007a883  a7=00000320 ; lw      a7,0(a5) [f0041778]
      9643 :    #8701 0 800000d4 00072803  a6=00000320 ; lw      a6,0(a4) [f0040788]
      9644 :    #8702 0 800000d8 000043cc  a1=00000151 ; c.lw    a1,128(a5) [f00417f8]
      9645 :    #8703 0 800000da 00004350  a2=00000151 ; c.lw    a2,128(a4) [f0040808]
      9646 :    #8704 0 800000dc 01089f63              ; bne     a7,a6,0x800000fa
      9647 :    #8705 0 800000e0 00000509  a0=00000054 ; c.addi  a0,2
      9648 :    #8706 0 800000e2 00c59763              ; bne     a1,a2,0x800000f0
      9649 :    #8707 0 800000e6 000007a1  a5=f0041780 ; c.addi  a5,8
      9650 :    #8708 0 800000e8 00000721  a4=f0040790 ; c.addi  a4,8
      9651 :    #8709 0 800000ea fed513e3              ; bne     a0,a3,0x800000d0
      9652 :    #8710 0 800000d0 0007a883  a7=00000248 ; lw      a7,0(a5) [f0041780]
      9653 :    #8711 0 800000d4 00072803  a6=00000248 ; lw      a6,0(a4) [f0040790]
      9654 :    #8712 0 800000d8 000043cc  a1=00000248 ; c.lw    a1,128(a5) [f0041800]
      9655 :    #8713 0 800000da 00004350  a2=00000248 ; c.lw    a2,128(a4) [f0040810]
      9656 :    #8714 0 800000dc 01089f63              ; bne     a7,a6,0x800000fa
      9657 :    #8715 0 800000e0 00000509  a0=00000056 ; c.addi  a0,2
      9658 :    #8716 0 800000e2 00c59763              ; bne     a1,a2,0x800000f0
      9659 :    #8717 0 800000e6 000007a1  a5=f0041788 ; c.addi  a5,8
      9660 :    #8718 0 800000e8 00000721  a4=f0040798 ; c.addi  a4,8
      9661 :    #8719 0 800000ea fed513e3              ; bne     a0,a3,0x800000d0
      9662 :    #8720 0 800000d0 0007a883  a7=00000283 ; lw      a7,0(a5) [f0041788]
      9663 :    #8721 0 800000d4 00072803  a6=00000283 ; lw      a6,0(a4) [f0040798]
      9664 :    #8722 0 800000d8 000043cc  a1=00000386 ; c.lw    a1,128(a5) [f0041808]
      9665 :    #8723 0 800000da 00004350  a2=00000386 ; c.lw    a2,128(a4) [f0040818]
      9666 :    #8724 0 800000dc 01089f63              ; bne     a7,a6,0x800000fa
      9667 :    #8725 0 800000e0 00000509  a0=00000058 ; c.addi  a0,2
      9668 :    #8726 0 800000e2 00c59763              ; bne     a1,a2,0x800000f0
      9669 :    #8727 0 800000e6 000007a1  a5=f0041790 ; c.addi  a5,8
      9670 :    #8728 0 800000e8 00000721  a4=f00407a0 ; c.addi  a4,8
      9671 :    #8729 0 800000ea fed513e3              ; bne     a0,a3,0x800000d0
      9672 :    #8730 0 800000d0 0007a883  a7=00000283 ; lw      a7,0(a5) [f0041790]
      9673 :    #8731 0 800000d4 00072803  a6=00000283 ; lw      a6,0(a4) [f00407a0]
      9674 :    #8732 0 800000d8 000043cc  a1=00000170 ; c.lw    a1,128(a5) [f0041810]
      9675 :    #8733 0 800000da 00004350  a2=00000170 ; c.lw    a2,128(a4) [f0040820]
      9676 :    #8734 0 800000dc 01089f63              ; bne     a7,a6,0x800000fa
      9677 :    #8735 0 800000e0 00000509  a0=0000005a ; c.addi  a0,2
      9678 :    #8736 0 800000e2 00c59763              ; bne     a1,a2,0x800000f0
      9679 :    #8737 0 800000e6 000007a1  a5=f0041798 ; c.addi  a5,8
      9680 :    #8738 0 800000e8 00000721  a4=f00407a8 ; c.addi  a4,8
      9681 :    #8739 0 800000ea fed513e3              ; bne     a0,a3,0x800000d0
      9682 :    #8740 0 800000d0 0007a883  a7=00000170 ; lw      a7,0(a5) [f0041798]
      9683 :    #8741 0 800000d4 00072803  a6=00000170 ; lw      a6,0(a4) [f00407a8]
      9684 :    #8742 0 800000d8 000043cc  a1=000001e9 ; c.lw    a1,128(a5) [f0041818]
      9685 :    #8743 0 800000da 00004350  a2=000001e9 ; c.lw    a2,128(a4) [f0040828]
      9686 :    #8744 0 800000dc 01089f63              ; bne     a7,a6,0x800000fa
      9687 :    #8745 0 800000e0 00000509  a0=0000005c ; c.addi  a0,2
      9688 :    #8746 0 800000e2 00c59763              ; bne     a1,a2,0x800000f0
      9689 :    #8747 0 800000e6 000007a1  a5=f00417a0 ; c.addi  a5,8
      9690 :    #8748 0 800000e8 00000721  a4=f00407b0 ; c.addi  a4,8
      9691 :    #8749 0 800000ea fed513e3              ; bne     a0,a3,0x800000d0
      9692 :    #8750 0 800000d0 0007a883  a7=000001e9 ; lw      a7,0(a5) [f00417a0]
      9693 :    #8751 0 800000d4 00072803  a6=000001e9 ; lw      a6,0(a4) [f00407b0]
      9694 :    #8752 0 800000d8 000043cc  a1=0000033a ; c.lw    a1,128(a5) [f0041820]
      9695 :    #8753 0 800000da 00004350  a2=0000033a ; c.lw    a2,128(a4) [f0040830]
      9696 :    #8754 0 800000dc 01089f63              ; bne     a7,a6,0x800000fa
      9697 :    #8755 0 800000e0 00000509  a0=0000005e ; c.addi  a0,2
      9698 :    #8756 0 800000e2 00c59763              ; bne     a1,a2,0x800000f0
      9699 :    #8757 0 800000e6 000007a1  a5=f00417a8 ; c.addi  a5,8
      9700 :    #8758 0 800000e8 00000721  a4=f00407b8 ; c.addi  a4,8
      9701 :    #8759 0 800000ea fed513e3              ; bne     a0,a3,0x800000d0
      9702 :    #8760 0 800000d0 0007a883  a7=00000148 ; lw      a7,0(a5) [f00417a8]
      9703 :    #8761 0 800000d4 00072803  a6=00000148 ; lw      a6,0(a4) [f00407b8]
      9704 :    #8762 0 800000d8 000043cc  a1=0000033a ; c.lw    a1,128(a5) [f0041828]
      9705 :    #8763 0 800000da 00004350  a2=0000033a ; c.lw    a2,128(a4) [f0040838]
      9706 :    #8764 0 800000dc 01089f63              ; bne     a7,a6,0x800000fa
      9707 :    #8765 0 800000e0 00000509  a0=00000060 ; c.addi  a0,2
      9708 :    #8766 0 800000e2 00c59763              ; bne     a1,a2,0x800000f0
      9709 :    #8767 0 800000e6 000007a1  a5=f00417b0 ; c.addi  a5,8
      9710 :    #8768 0 800000e8 00000721  a4=f00407c0 ; c.addi  a4,8
      9711 :    #8769 0 800000ea fed513e3              ; bne     a0,a3,0x800000d0
      9712 :    #8770 0 800000d0 0007a883  a7=00000250 ; lw      a7,0(a5) [f00417b0]
      9713 :    #8771 0 800000d4 00072803  a6=00000250 ; lw      a6,0(a4) [f00407c0]
      9714 :    #8772 0 800000d8 000043cc  a1=000003a5 ; c.lw    a1,128(a5) [f0041830]
      9715 :    #8773 0 800000da 00004350  a2=000003a5 ; c.lw    a2,128(a4) [f0040840]
      9716 :    #8774 0 800000dc 01089f63              ; bne     a7,a6,0x800000fa
      9717 :    #8775 0 800000e0 00000509  a0=00000062 ; c.addi  a0,2
      9718 :    #8776 0 800000e2 00c59763              ; bne     a1,a2,0x800000f0
      9719 :    #8777 0 800000e6 000007a1  a5=f00417b8 ; c.addi  a5,8
      9720 :    #8778 0 800000e8 00000721  a4=f00407c8 ; c.addi  a4,8
      9721 :    #8779 0 800000ea fed513e3              ; bne     a0,a3,0x800000d0
      9722 :    #8780 0 800000d0 0007a883  a7=00000250 ; lw      a7,0(a5) [f00417b8]
      9723 :    #8781 0 800000d4 00072803  a6=00000250 ; lw      a6,0(a4) [f00407c8]
      9724 :    #8782 0 800000d8 000043cc  a1=00000184 ; c.lw    a1,128(a5) [f0041838]
      9725 :    #8783 0 800000da 00004350  a2=00000184 ; c.lw    a2,128(a4) [f0040848]
      9726 :    #8784 0 800000dc 01089f63              ; bne     a7,a6,0x800000fa
      9727 :    #8785 0 800000e0 00000509  a0=00000064 ; c.addi  a0,2
      9728 :    #8786 0 800000e2 00c59763              ; bne     a1,a2,0x800000f0
      9729 :    #8787 0 800000e6 000007a1  a5=f00417c0 ; c.addi  a5,8
      9730 :    #8788 0 800000e8 00000721  a4=f00407d0 ; c.addi  a4,8
      9731 :    #8789 0 800000ea fed513e3              ; bne     a0,a3,0x800000d0
      9732 :    #8790 0 800000d0 0007a883  a7=00000184 ; lw      a7,0(a5) [f00417c0]
      9733 :    #8791 0 800000d4 00072803  a6=00000184 ; lw      a6,0(a4) [f00407d0]
      9734 :    #8792 0 800000d8 000043cc  a1=0000021f ; c.lw    a1,128(a5) [f0041840]
      9735 :    #8793 0 800000da 00004350  a2=0000021f ; c.lw    a2,128(a4) [f0040850]
      9736 :    #8794 0 800000dc 01089f63              ; bne     a7,a6,0x800000fa
      9737 :    #8795 0 800000e0 00000509  a0=00000066 ; c.addi  a0,2
      9738 :    #8796 0 800000e2 00c59763              ; bne     a1,a2,0x800000f0
      9739 :    #8797 0 800000e6 000007a1  a5=f00417c8 ; c.addi  a5,8
      9740 :    #8798 0 800000e8 00000721  a4=f00407d8 ; c.addi  a4,8
      9741 :    #8799 0 800000ea fed513e3              ; bne     a0,a3,0x800000d0
      9742 :    #8800 0 800000d0 0007a883  a7=00000289 ; lw      a7,0(a5) [f00417c8]
      9743 :    #8801 0 800000d4 00072803  a6=00000289 ; lw      a6,0(a4) [f00407d8]
      9744 :    #8802 0 800000d8 000043cc  a1=00000289 ; c.lw    a1,128(a5) [f0041848]
      9745 :    #8803 0 800000da 00004350  a2=00000289 ; c.lw    a2,128(a4) [f0040858]
      9746 :    #8804 0 800000dc 01089f63              ; bne     a7,a6,0x800000fa
      9747 :    #8805 0 800000e0 00000509  a0=00000068 ; c.addi  a0,2
      9748 :    #8806 0 800000e2 00c59763              ; bne     a1,a2,0x800000f0
      9749 :    #8807 0 800000e6 000007a1  a5=f00417d0 ; c.addi  a5,8
      9750 :    #8808 0 800000e8 00000721  a4=f00407e0 ; c.addi  a4,8
      9751 :    #8809 0 800000ea fed513e3              ; bne     a0,a3,0x800000d0
      9752 :    #8810 0 800000d0 0007a883  a7=00000289 ; lw      a7,0(a5) [f00417d0]
      9753 :    #8811 0 800000d4 00072803  a6=00000289 ; lw      a6,0(a4) [f00407e0]
      9754 :    #8812 0 800000d8 000043cc  a1=00000236 ; c.lw    a1,128(a5) [f0041850]
      9755 :    #8813 0 800000da 00004350  a2=00000236 ; c.lw    a2,128(a4) [f0040860]
      9756 :    #8814 0 800000dc 01089f63              ; bne     a7,a6,0x800000fa
      9757 :    #8815 0 800000e0 00000509  a0=0000006a ; c.addi  a0,2
      9758 :    #8816 0 800000e2 00c59763              ; bne     a1,a2,0x800000f0
      9759 :    #8817 0 800000e6 000007a1  a5=f00417d8 ; c.addi  a5,8
      9760 :    #8818 0 800000e8 00000721  a4=f00407e8 ; c.addi  a4,8
      9761 :    #8819 0 800000ea fed513e3              ; bne     a0,a3,0x800000d0
      9762 :    #8820 0 800000d0 0007a883  a7=000003d3 ; lw      a7,0(a5) [f00417d8]
      9763 :    #8821 0 800000d4 00072803  a6=000003d3 ; lw      a6,0(a4) [f00407e8]
      9764 :    #8822 0 800000d8 000043cc  a1=00000289 ; c.lw    a1,128(a5) [f0041858]
      9765 :    #8823 0 800000da 00004350  a2=00000289 ; c.lw    a2,128(a4) [f0040868]
      9766 :    #8824 0 800000dc 01089f63              ; bne     a7,a6,0x800000fa
      9767 :    #8825 0 800000e0 00000509  a0=0000006c ; c.addi  a0,2
      9768 :    #8826 0 800000e2 00c59763              ; bne     a1,a2,0x800000f0
      9769 :    #8827 0 800000e6 000007a1  a5=f00417e0 ; c.addi  a5,8
      9770 :    #8828 0 800000e8 00000721  a4=f00407f0 ; c.addi  a4,8
      9771 :    #8829 0 800000ea fed513e3              ; bne     a0,a3,0x800000d0
      9772 :    #8830 0 800000d0 0007a883  a7=0000032e ; lw      a7,0(a5) [f00417e0]
      9773 :    #8831 0 800000d4 00072803  a6=0000032e ; lw      a6,0(a4) [f00407f0]
      9774 :    #8832 0 800000d8 000043cc  a1=00000291 ; c.lw    a1,128(a5) [f0041860]
      9775 :    #8833 0 800000da 00004350  a2=00000291 ; c.lw    a2,128(a4) [f0040870]
      9776 :    #8834 0 800000dc 01089f63              ; bne     a7,a6,0x800000fa
      9777 :    #8835 0 800000e0 00000509  a0=0000006e ; c.addi  a0,2
      9778 :    #8836 0 800000e2 00c59763              ; bne     a1,a2,0x800000f0
      9779 :    #8837 0 800000e6 000007a1  a5=f00417e8 ; c.addi  a5,8
      9780 :    #8838 0 800000e8 00000721  a4=f00407f8 ; c.addi  a4,8
      9781 :    #8839 0 800000ea fed513e3              ; bne     a0,a3,0x800000d0
      9782 :    #8840 0 800000d0 0007a883  a7=00000291 ; lw      a7,0(a5) [f00417e8]
      9783 :    #8841 0 800000d4 00072803  a6=00000291 ; lw      a6,0(a4) [f00407f8]
      9784 :    #8842 0 800000d8 000043cc  a1=000000b5 ; c.lw    a1,128(a5) [f0041868]
      9785 :    #8843 0 800000da 00004350  a2=000000b5 ; c.lw    a2,128(a4) [f0040878]
      9786 :    #8844 0 800000dc 01089f63              ; bne     a7,a6,0x800000fa
      9787 :    #8845 0 800000e0 00000509  a0=00000070 ; c.addi  a0,2
      9788 :    #8846 0 800000e2 00c59763              ; bne     a1,a2,0x800000f0
      9789 :    #8847 0 800000e6 000007a1  a5=f00417f0 ; c.addi  a5,8
      9790 :    #8848 0 800000e8 00000721  a4=f0040800 ; c.addi  a4,8
      9791 :    #8849 0 800000ea fed513e3              ; bne     a0,a3,0x800000d0
      9792 :    #8850 0 800000d0 0007a883  a7=000000b5 ; lw      a7,0(a5) [f00417f0]
      9793 :    #8851 0 800000d4 00072803  a6=000000b5 ; lw      a6,0(a4) [f0040800]
      9794 :    #8852 0 800000d8 000043cc  a1=000000b5 ; c.lw    a1,128(a5) [f0041870]
      9795 :    #8853 0 800000da 00004350  a2=000000b5 ; c.lw    a2,128(a4) [f0040880]
      9796 :    #8854 0 800000dc 01089f63              ; bne     a7,a6,0x800000fa
      9797 :    #8855 0 800000e0 00000509  a0=00000072 ; c.addi  a0,2
      9798 :    #8856 0 800000e2 00c59763              ; bne     a1,a2,0x800000f0
      9799 :    #8857 0 800000e6 000007a1  a5=f00417f8 ; c.addi  a5,8
      9800 :    #8858 0 800000e8 00000721  a4=f0040808 ; c.addi  a4,8
      9801 :    #8859 0 800000ea fed513e3              ; bne     a0,a3,0x800000d0
      9802 :    #8860 0 800000d0 0007a883  a7=000000d0 ; lw      a7,0(a5) [f00417f8]
      9803 :    #8861 0 800000d4 00072803  a6=000000d0 ; lw      a6,0(a4) [f0040808]
      9804 :    #8862 0 800000d8 000043cc  a1=0000035b ; c.lw    a1,128(a5) [f0041878]
      9805 :    #8863 0 800000da 00004350  a2=0000035b ; c.lw    a2,128(a4) [f0040888]
      9806 :    #8864 0 800000dc 01089f63              ; bne     a7,a6,0x800000fa
      9807 :    #8865 0 800000e0 00000509  a0=00000074 ; c.addi  a0,2
      9808 :    #8866 0 800000e2 00c59763              ; bne     a1,a2,0x800000f0
      9809 :    #8867 0 800000e6 000007a1  a5=f0041800 ; c.addi  a5,8
      9810 :    #8868 0 800000e8 00000721  a4=f0040810 ; c.addi  a4,8
      9811 :    #8869 0 800000ea fed513e3              ; bne     a0,a3,0x800000d0
      9812 :    #8870 0 800000d0 0007a883  a7=0000035b ; lw      a7,0(a5) [f0041800]
      9813 :    #8871 0 800000d4 00072803  a6=0000035b ; lw      a6,0(a4) [f0040810]
      9814 :    #8872 0 800000d8 000043cc  a1=00000275 ; c.lw    a1,128(a5) [f0041880]
      9815 :    #8873 0 800000da 00004350  a2=00000275 ; c.lw    a2,128(a4) [f0040890]
      9816 :    #8874 0 800000dc 01089f63              ; bne     a7,a6,0x800000fa
      9817 :    #8875 0 800000e0 00000509  a0=00000076 ; c.addi  a0,2
      9818 :    #8876 0 800000e2 00c59763              ; bne     a1,a2,0x800000f0
      9819 :    #8877 0 800000e6 000007a1  a5=f0041808 ; c.addi  a5,8
      9820 :    #8878 0 800000e8 00000721  a4=f0040818 ; c.addi  a4,8
      9821 :    #8879 0 800000ea fed513e3              ; bne     a0,a3,0x800000d0
      9822 :    #8880 0 800000d0 0007a883  a7=00000275 ; lw      a7,0(a5) [f0041808]
      9823 :    #8881 0 800000d4 00072803  a6=00000275 ; lw      a6,0(a4) [f0040818]
      9824 :    #8882 0 800000d8 000043cc  a1=00000120 ; c.lw    a1,128(a5) [f0041888]
      9825 :    #8883 0 800000da 00004350  a2=00000120 ; c.lw    a2,128(a4) [f0040898]
      9826 :    #8884 0 800000dc 01089f63              ; bne     a7,a6,0x800000fa
      9827 :    #8885 0 800000e0 00000509  a0=00000078 ; c.addi  a0,2
      9828 :    #8886 0 800000e2 00c59763              ; bne     a1,a2,0x800000f0
      9829 :    #8887 0 800000e6 000007a1  a5=f0041810 ; c.addi  a5,8
      9830 :    #8888 0 800000e8 00000721  a4=f0040820 ; c.addi  a4,8
      9831 :    #8889 0 800000ea fed513e3              ; bne     a0,a3,0x800000d0
      9832 :    #8890 0 800000d0 0007a883  a7=000002c0 ; lw      a7,0(a5) [f0041810]
      9833 :    #8891 0 800000d4 00072803  a6=000002c0 ; lw      a6,0(a4) [f0040820]
      9834 :    #8892 0 800000d8 000043cc  a1=0000015d ; c.lw    a1,128(a5) [f0041890]
      9835 :    #8893 0 800000da 00004350  a2=0000015d ; c.lw    a2,128(a4) [f00408a0]
      9836 :    #8894 0 800000dc 01089f63              ; bne     a7,a6,0x800000fa
      9837 :    #8895 0 800000e0 00000509  a0=0000007a ; c.addi  a0,2
      9838 :    #8896 0 800000e2 00c59763              ; bne     a1,a2,0x800000f0
      9839 :    #8897 0 800000e6 000007a1  a5=f0041818 ; c.addi  a5,8
      9840 :    #8898 0 800000e8 00000721  a4=f0040828 ; c.addi  a4,8
      9841 :    #8899 0 800000ea fed513e3              ; bne     a0,a3,0x800000d0
      9842 :    #8900 0 800000d0 0007a883  a7=000002c0 ; lw      a7,0(a5) [f0041818]
      9843 :    #8901 0 800000d4 00072803  a6=000002c0 ; lw      a6,0(a4) [f0040828]
      9844 :    #8902 0 800000d8 000043cc  a1=0000015d ; c.lw    a1,128(a5) [f0041898]
      9845 :    #8903 0 800000da 00004350  a2=0000015d ; c.lw    a2,128(a4) [f00408a8]
      9846 :    #8904 0 800000dc 01089f63              ; bne     a7,a6,0x800000fa
      9847 :    #8905 0 800000e0 00000509  a0=0000007c ; c.addi  a0,2
      9848 :    #8906 0 800000e2 00c59763              ; bne     a1,a2,0x800000f0
      9849 :    #8907 0 800000e6 000007a1  a5=f0041820 ; c.addi  a5,8
      9850 :    #8908 0 800000e8 00000721  a4=f0040830 ; c.addi  a4,8
      9851 :    #8909 0 800000ea fed513e3              ; bne     a0,a3,0x800000d0
      9852 :    #8910 0 800000d0 0007a883  a7=000000fd ; lw      a7,0(a5) [f0041820]
      9853 :    #8911 0 800000d4 00072803  a6=000000fd ; lw      a6,0(a4) [f0040830]
      9854 :    #8912 0 800000d8 000043cc  a1=000000fd ; c.lw    a1,128(a5) [f00418a0]
      9855 :    #8913 0 800000da 00004350  a2=000000fd ; c.lw    a2,128(a4) [f00408b0]
      9856 :    #8914 0 800000dc 01089f63              ; bne     a7,a6,0x800000fa
      9857 :    #8915 0 800000e0 00000509  a0=0000007e ; c.addi  a0,2
      9858 :    #8916 0 800000e2 00c59763              ; bne     a1,a2,0x800000f0
      9859 :    #8917 0 800000e6 000007a1  a5=f0041828 ; c.addi  a5,8
      9860 :    #8918 0 800000e8 00000721  a4=f0040838 ; c.addi  a4,8
      9861 :    #8919 0 800000ea fed513e3              ; bne     a0,a3,0x800000d0
      9862 :    #8920 0 800000d0 0007a883  a7=000002cb ; lw      a7,0(a5) [f0041828]
      9863 :    #8921 0 800000d4 00072803  a6=000002cb ; lw      a6,0(a4) [f0040838]
      9864 :    #8922 0 800000d8 000043cc  a1=00000376 ; c.lw    a1,128(a5) [f00418a8]
      9865 :    #8923 0 800000da 00004350  a2=00000376 ; c.lw    a2,128(a4) [f00408b8]
      9866 :    #8924 0 800000dc 01089f63              ; bne     a7,a6,0x800000fa
      9867 :    #8925 0 800000e0 00000509  a0=00000080 ; c.addi  a0,2
      9868 :    #8926 0 800000e2 00c59763              ; bne     a1,a2,0x800000f0
      9869 :    #8927 0 800000e6 000007a1  a5=f0041830 ; c.addi  a5,8
      9870 :    #8928 0 800000e8 00000721  a4=f0040840 ; c.addi  a4,8
      9871 :    #8929 0 800000ea fed513e3              ; bne     a0,a3,0x800000d0
      9872 :    #8930 0 800000d0 0007a883  a7=000002cb ; lw      a7,0(a5) [f0041830]
      9873 :    #8931 0 800000d4 00072803  a6=000002cb ; lw      a6,0(a4) [f0040840]
      9874 :    #8932 0 800000d8 000043cc  a1=000001ae ; c.lw    a1,128(a5) [f00418b0]
      9875 :    #8933 0 800000da 00004350  a2=000001ae ; c.lw    a2,128(a4) [f00408c0]
      9876 :    #8934 0 800000dc 01089f63              ; bne     a7,a6,0x800000fa
      9877 :    #8935 0 800000e0 00000509  a0=00000082 ; c.addi  a0,2
      9878 :    #8936 0 800000e2 00c59763              ; bne     a1,a2,0x800000f0
      9879 :    #8937 0 800000e6 000007a1  a5=f0041838 ; c.addi  a5,8
      9880 :    #8938 0 800000e8 00000721  a4=f0040848 ; c.addi  a4,8
      9881 :    #8939 0 800000ea fed513e3              ; bne     a0,a3,0x800000d0
      9882 :    #8940 0 800000d0 0007a883  a7=0000019f ; lw      a7,0(a5) [f0041838]
      9883 :    #8941 0 800000d4 00072803  a6=0000019f ; lw      a6,0(a4) [f0040848]
      9884 :    #8942 0 800000d8 000043cc  a1=0000019f ; c.lw    a1,128(a5) [f00418b8]
      9885 :    #8943 0 800000da 00004350  a2=0000019f ; c.lw    a2,128(a4) [f00408c8]
      9886 :    #8944 0 800000dc 01089f63              ; bne     a7,a6,0x800000fa
      9887 :    #8945 0 800000e0 00000509  a0=00000084 ; c.addi  a0,2
      9888 :    #8946 0 800000e2 00c59763              ; bne     a1,a2,0x800000f0
      9889 :    #8947 0 800000e6 000007a1  a5=f0041840 ; c.addi  a5,8
      9890 :    #8948 0 800000e8 00000721  a4=f0040850 ; c.addi  a4,8
      9891 :    #8949 0 800000ea fed513e3              ; bne     a0,a3,0x800000d0
      9892 :    #8950 0 800000d0 0007a883  a7=0000021a ; lw      a7,0(a5) [f0041840]
      9893 :    #8951 0 800000d4 00072803  a6=0000021a ; lw      a6,0(a4) [f0040850]
      9894 :    #8952 0 800000d8 000043cc  a1=00000240 ; c.lw    a1,128(a5) [f00418c0]
      9895 :    #8953 0 800000da 00004350  a2=00000240 ; c.lw    a2,128(a4) [f00408d0]
      9896 :    #8954 0 800000dc 01089f63              ; bne     a7,a6,0x800000fa
      9897 :    #8955 0 800000e0 00000509  a0=00000086 ; c.addi  a0,2
      9898 :    #8956 0 800000e2 00c59763              ; bne     a1,a2,0x800000f0
      9899 :    #8957 0 800000e6 000007a1  a5=f0041848 ; c.addi  a5,8
      9900 :    #8958 0 800000e8 00000721  a4=f0040858 ; c.addi  a4,8
      9901 :    #8959 0 800000ea fed513e3              ; bne     a0,a3,0x800000d0
      9902 :    #8960 0 800000d0 0007a883  a7=000002bc ; lw      a7,0(a5) [f0041848]
      9903 :    #8961 0 800000d4 00072803  a6=000002bc ; lw      a6,0(a4) [f0040858]
      9904 :    #8962 0 800000d8 000043cc  a1=000002f9 ; c.lw    a1,128(a5) [f00418c8]
      9905 :    #8963 0 800000da 00004350  a2=000002f9 ; c.lw    a2,128(a4) [f00408d8]
      9906 :    #8964 0 800000dc 01089f63              ; bne     a7,a6,0x800000fa
      9907 :    #8965 0 800000e0 00000509  a0=00000088 ; c.addi  a0,2
      9908 :    #8966 0 800000e2 00c59763              ; bne     a1,a2,0x800000f0
      9909 :    #8967 0 800000e6 000007a1  a5=f0041850 ; c.addi  a5,8
      9910 :    #8968 0 800000e8 00000721  a4=f0040860 ; c.addi  a4,8
      9911 :    #8969 0 800000ea fed513e3              ; bne     a0,a3,0x800000d0
      9912 :    #8970 0 800000d0 0007a883  a7=000002bc ; lw      a7,0(a5) [f0041850]
      9913 :    #8971 0 800000d4 00072803  a6=000002bc ; lw      a6,0(a4) [f0040860]
      9914 :    #8972 0 800000d8 000043cc  a1=000000f1 ; c.lw    a1,128(a5) [f00418d0]
      9915 :    #8973 0 800000da 00004350  a2=000000f1 ; c.lw    a2,128(a4) [f00408e0]
      9916 :    #8974 0 800000dc 01089f63              ; bne     a7,a6,0x800000fa
      9917 :    #8975 0 800000e0 00000509  a0=0000008a ; c.addi  a0,2
      9918 :    #8976 0 800000e2 00c59763              ; bne     a1,a2,0x800000f0
      9919 :    #8977 0 800000e6 000007a1  a5=f0041858 ; c.addi  a5,8
      9920 :    #8978 0 800000e8 00000721  a4=f0040868 ; c.addi  a4,8
      9921 :    #8979 0 800000ea fed513e3              ; bne     a0,a3,0x800000d0
      9922 :    #8980 0 800000d0 0007a883  a7=000000f1 ; lw      a7,0(a5) [f0041858]
      9923 :    #8981 0 800000d4 00072803  a6=000000f1 ; lw      a6,0(a4) [f0040868]
      9924 :    #8982 0 800000d8 000043cc  a1=000001de ; c.lw    a1,128(a5) [f00418d8]
      9925 :    #8983 0 800000da 00004350  a2=000001de ; c.lw    a2,128(a4) [f00408e8]
      9926 :    #8984 0 800000dc 01089f63              ; bne     a7,a6,0x800000fa
      9927 :    #8985 0 800000e0 00000509  a0=0000008c ; c.addi  a0,2
      9928 :    #8986 0 800000e2 00c59763              ; bne     a1,a2,0x800000f0
      9929 :    #8987 0 800000e6 000007a1  a5=f0041860 ; c.addi  a5,8
      9930 :    #8988 0 800000e8 00000721  a4=f0040870 ; c.addi  a4,8
      9931 :    #8989 0 800000ea fed513e3              ; bne     a0,a3,0x800000d0
      9932 :    #8990 0 800000d0 0007a883  a7=000001de ; lw      a7,0(a5) [f0041860]
      9933 :    #8991 0 800000d4 00072803  a6=000001de ; lw      a6,0(a4) [f0040870]
      9934 :    #8992 0 800000d8 000043cc  a1=000001de ; c.lw    a1,128(a5) [f00418e0]
      9935 :    #8993 0 800000da 00004350  a2=000001de ; c.lw    a2,128(a4) [f00408f0]
      9936 :    #8994 0 800000dc 01089f63              ; bne     a7,a6,0x800000fa
      9937 :    #8995 0 800000e0 00000509  a0=0000008e ; c.addi  a0,2
      9938 :    #8996 0 800000e2 00c59763              ; bne     a1,a2,0x800000f0
      9939 :    #8997 0 800000e6 000007a1  a5=f0041868 ; c.addi  a5,8
      9940 :    #8998 0 800000e8 00000721  a4=f0040878 ; c.addi  a4,8
      9941 :    #8999 0 800000ea fed513e3              ; bne     a0,a3,0x800000d0
      9942 :    #9000 0 800000d0 0007a883  a7=000001f3 ; lw      a7,0(a5) [f0041868]
      9943 :    #9001 0 800000d4 00072803  a6=000001f3 ; lw      a6,0(a4) [f0040878]
      9944 :    #9002 0 800000d8 000043cc  a1=000001f3 ; c.lw    a1,128(a5) [f00418e8]
      9945 :    #9003 0 800000da 00004350  a2=000001f3 ; c.lw    a2,128(a4) [f00408f8]
      9946 :    #9004 0 800000dc 01089f63              ; bne     a7,a6,0x800000fa
      9947 :    #9005 0 800000e0 00000509  a0=00000090 ; c.addi  a0,2
      9948 :    #9006 0 800000e2 00c59763              ; bne     a1,a2,0x800000f0
      9949 :    #9007 0 800000e6 000007a1  a5=f0041870 ; c.addi  a5,8
      9950 :    #9008 0 800000e8 00000721  a4=f0040880 ; c.addi  a4,8
      9951 :    #9009 0 800000ea fed513e3              ; bne     a0,a3,0x800000d0
      9952 :    #9010 0 800000d0 0007a883  a7=000002b5 ; lw      a7,0(a5) [f0041870]
      9953 :    #9011 0 800000d4 00072803  a6=000002b5 ; lw      a6,0(a4) [f0040880]
      9954 :    #9012 0 800000d8 000043cc  a1=00000193 ; c.lw    a1,128(a5) [f00418f0]
      9955 :    #9013 0 800000da 00004350  a2=00000193 ; c.lw    a2,128(a4) [f0040900]
      9956 :    #9014 0 800000dc 01089f63              ; bne     a7,a6,0x800000fa
      9957 :    #9015 0 800000e0 00000509  a0=00000092 ; c.addi  a0,2
      9958 :    #9016 0 800000e2 00c59763              ; bne     a1,a2,0x800000f0
      9959 :    #9017 0 800000e6 000007a1  a5=f0041878 ; c.addi  a5,8
      9960 :    #9018 0 800000e8 00000721  a4=f0040888 ; c.addi  a4,8
      9961 :    #9019 0 800000ea fed513e3              ; bne     a0,a3,0x800000d0
      9962 :    #9020 0 800000d0 0007a883  a7=000001a0 ; lw      a7,0(a5) [f0041878]
      9963 :    #9021 0 800000d4 00072803  a6=000001a0 ; lw      a6,0(a4) [f0040888]
      9964 :    #9022 0 800000d8 000043cc  a1=000001a0 ; c.lw    a1,128(a5) [f00418f8]
      9965 :    #9023 0 800000da 00004350  a2=000001a0 ; c.lw    a2,128(a4) [f0040908]
      9966 :    #9024 0 800000dc 01089f63              ; bne     a7,a6,0x800000fa
      9967 :    #9025 0 800000e0 00000509  a0=00000094 ; c.addi  a0,2
      9968 :    #9026 0 800000e2 00c59763              ; bne     a1,a2,0x800000f0
      9969 :    #9027 0 800000e6 000007a1  a5=f0041880 ; c.addi  a5,8
      9970 :    #9028 0 800000e8 00000721  a4=f0040890 ; c.addi  a4,8
      9971 :    #9029 0 800000ea fed513e3              ; bne     a0,a3,0x800000d0
      9972 :    #9030 0 800000d0 0007a883  a7=000001a0 ; lw      a7,0(a5) [f0041880]
      9973 :    #9031 0 800000d4 00072803  a6=000001a0 ; lw      a6,0(a4) [f0040890]
      9974 :    #9032 0 800000d8 000043cc  a1=000001bc ; c.lw    a1,128(a5) [f0041900]
      9975 :    #9033 0 800000da 00004350  a2=000001bc ; c.lw    a2,128(a4) [f0040910]
      9976 :    #9034 0 800000dc 01089f63              ; bne     a7,a6,0x800000fa
      9977 :    #9035 0 800000e0 00000509  a0=00000096 ; c.addi  a0,2
      9978 :    #9036 0 800000e2 00c59763              ; bne     a1,a2,0x800000f0
      9979 :    #9037 0 800000e6 000007a1  a5=f0041888 ; c.addi  a5,8
      9980 :    #9038 0 800000e8 00000721  a4=f0040898 ; c.addi  a4,8
      9981 :    #9039 0 800000ea fed513e3              ; bne     a0,a3,0x800000d0
      9982 :    #9040 0 800000d0 0007a883  a7=00000128 ; lw      a7,0(a5) [f0041888]
      9983 :    #9041 0 800000d4 00072803  a6=00000128 ; lw      a6,0(a4) [f0040898]
      9984 :    #9042 0 800000d8 000043cc  a1=000002a4 ; c.lw    a1,128(a5) [f0041908]
      9985 :    #9043 0 800000da 00004350  a2=000002a4 ; c.lw    a2,128(a4) [f0040918]
      9986 :    #9044 0 800000dc 01089f63              ; bne     a7,a6,0x800000fa
      9987 :    #9045 0 800000e0 00000509  a0=00000098 ; c.addi  a0,2
      9988 :    #9046 0 800000e2 00c59763              ; bne     a1,a2,0x800000f0
      9989 :    #9047 0 800000e6 000007a1  a5=f0041890 ; c.addi  a5,8
      9990 :    #9048 0 800000e8 00000721  a4=f00408a0 ; c.addi  a4,8
      9991 :    #9049 0 800000ea fed513e3              ; bne     a0,a3,0x800000d0
      9992 :    #9050 0 800000d0 0007a883  a7=0000026c ; lw      a7,0(a5) [f0041890]
      9993 :    #9051 0 800000d4 00072803  a6=0000026c ; lw      a6,0(a4) [f00408a0]
      9994 :    #9052 0 800000d8 000043cc  a1=0000026c ; c.lw    a1,128(a5) [f0041910]
      9995 :    #9053 0 800000da 00004350  a2=0000026c ; c.lw    a2,128(a4) [f0040920]
      9996 :    #9054 0 800000dc 01089f63              ; bne     a7,a6,0x800000fa
      9997 :    #9055 0 800000e0 00000509  a0=0000009a ; c.addi  a0,2
      9998 :    #9056 0 800000e2 00c59763              ; bne     a1,a2,0x800000f0
      9999 :    #9057 0 800000e6 000007a1  a5=f0041898 ; c.addi  a5,8
     10000 :    #9058 0 800000e8 00000721  a4=f00408a8 ; c.addi  a4,8
     10001 :    #9059 0 800000ea fed513e3              ; bne     a0,a3,0x800000d0
     10002 :    #9060 0 800000d0 0007a883  a7=0000013d ; lw      a7,0(a5) [f0041898]
     10003 :    #9061 0 800000d4 00072803  a6=0000013d ; lw      a6,0(a4) [f00408a8]
     10004 :    #9062 0 800000d8 000043cc  a1=000000e0 ; c.lw    a1,128(a5) [f0041918]
     10005 :    #9063 0 800000da 00004350  a2=000000e0 ; c.lw    a2,128(a4) [f0040928]
     10006 :    #9064 0 800000dc 01089f63              ; bne     a7,a6,0x800000fa
     10007 :    #9065 0 800000e0 00000509  a0=0000009c ; c.addi  a0,2
     10008 :    #9066 0 800000e2 00c59763              ; bne     a1,a2,0x800000f0
     10009 :    #9067 0 800000e6 000007a1  a5=f00418a0 ; c.addi  a5,8
     10010 :    #9068 0 800000e8 00000721  a4=f00408b0 ; c.addi  a4,8
     10011 :    #9069 0 800000ea fed513e3              ; bne     a0,a3,0x800000d0
     10012 :    #9070 0 800000d0 0007a883  a7=000000e0 ; lw      a7,0(a5) [f00418a0]
     10013 :    #9071 0 800000d4 00072803  a6=000000e0 ; lw      a6,0(a4) [f00408b0]
     10014 :    #9072 0 800000d8 000043cc  a1=0000015f ; c.lw    a1,128(a5) [f0041920]
     10015 :    #9073 0 800000da 00004350  a2=0000015f ; c.lw    a2,128(a4) [f0040930]
     10016 :    #9074 0 800000dc 01089f63              ; bne     a7,a6,0x800000fa
     10017 :    #9075 0 800000e0 00000509  a0=0000009e ; c.addi  a0,2
     10018 :    #9076 0 800000e2 00c59763              ; bne     a1,a2,0x800000f0
     10019 :    #9077 0 800000e6 000007a1  a5=f00418a8 ; c.addi  a5,8
     10020 :    #9078 0 800000e8 00000721  a4=f00408b8 ; c.addi  a4,8
     10021 :    #9079 0 800000ea fed513e3              ; bne     a0,a3,0x800000d0
     10022 :    #9080 0 800000d0 0007a883  a7=0000021c ; lw      a7,0(a5) [f00418a8]
     10023 :    #9081 0 800000d4 00072803  a6=0000021c ; lw      a6,0(a4) [f00408b8]
     10024 :    #9082 0 800000d8 000043cc  a1=0000021c ; c.lw    a1,128(a5) [f0041928]
     10025 :    #9083 0 800000da 00004350  a2=0000021c ; c.lw    a2,128(a4) [f0040938]
     10026 :    #9084 0 800000dc 01089f63              ; bne     a7,a6,0x800000fa
     10027 :    #9085 0 800000e0 00000509  a0=000000a0 ; c.addi  a0,2
     10028 :    #9086 0 800000e2 00c59763              ; bne     a1,a2,0x800000f0
     10029 :    #9087 0 800000e6 000007a1  a5=f00418b0 ; c.addi  a5,8
     10030 :    #9088 0 800000e8 00000721  a4=f00408c0 ; c.addi  a4,8
     10031 :    #9089 0 800000ea fed513e3              ; bne     a0,a3,0x800000d0
     10032 :    #9090 0 800000d0 0007a883  a7=0000021c ; lw      a7,0(a5) [f00418b0]
     10033 :    #9091 0 800000d4 00072803  a6=0000021c ; lw      a6,0(a4) [f00408c0]
     10034 :    #9092 0 800000d8 000043cc  a1=00000120 ; c.lw    a1,128(a5) [f0041930]
     10035 :    #9093 0 800000da 00004350  a2=00000120 ; c.lw    a2,128(a4) [f0040940]
     10036 :    #9094 0 800000dc 01089f63              ; bne     a7,a6,0x800000fa
     10037 :    #9095 0 800000e0 00000509  a0=000000a2 ; c.addi  a0,2
     10038 :    #9096 0 800000e2 00c59763              ; bne     a1,a2,0x800000f0
     10039 :    #9097 0 800000e6 000007a1  a5=f00418b8 ; c.addi  a5,8
     10040 :    #9098 0 800000e8 00000721  a4=f00408c8 ; c.addi  a4,8
     10041 :    #9099 0 800000ea fed513e3              ; bne     a0,a3,0x800000d0
     10042 :    #9100 0 800000d0 0007a883  a7=000000a9 ; lw      a7,0(a5) [f00418b8]
     10043 :    #9101 0 800000d4 00072803  a6=000000a9 ; lw      a6,0(a4) [f00408c8]
     10044 :    #9102 0 800000d8 000043cc  a1=000000a9 ; c.lw    a1,128(a5) [f0041938]
     10045 :    #9103 0 800000da 00004350  a2=000000a9 ; c.lw    a2,128(a4) [f0040948]
     10046 :    #9104 0 800000dc 01089f63              ; bne     a7,a6,0x800000fa
     10047 :    #9105 0 800000e0 00000509  a0=000000a4 ; c.addi  a0,2
     10048 :    #9106 0 800000e2 00c59763              ; bne     a1,a2,0x800000f0
     10049 :    #9107 0 800000e6 000007a1  a5=f00418c0 ; c.addi  a5,8
     10050 :    #9108 0 800000e8 00000721  a4=f00408d0 ; c.addi  a4,8
     10051 :    #9109 0 800000ea fed513e3              ; bne     a0,a3,0x800000d0
     10052 :    #9110 0 800000d0 0007a883  a7=0000020f ; lw      a7,0(a5) [f00418c0]
     10053 :    #9111 0 800000d4 00072803  a6=0000020f ; lw      a6,0(a4) [f00408d0]
     10054 :    #9112 0 800000d8 000043cc  a1=0000025e ; c.lw    a1,128(a5) [f0041940]
     10055 :    #9113 0 800000da 00004350  a2=0000025e ; c.lw    a2,128(a4) [f0040950]
     10056 :    #9114 0 800000dc 01089f63              ; bne     a7,a6,0x800000fa
     10057 :    #9115 0 800000e0 00000509  a0=000000a6 ; c.addi  a0,2
     10058 :    #9116 0 800000e2 00c59763              ; bne     a1,a2,0x800000f0
     10059 :    #9117 0 800000e6 000007a1  a5=f00418c8 ; c.addi  a5,8
     10060 :    #9118 0 800000e8 00000721  a4=f00408d8 ; c.addi  a4,8
     10061 :    #9119 0 800000ea fed513e3              ; bne     a0,a3,0x800000d0
     10062 :    #9120 0 800000d0 0007a883  a7=0000020f ; lw      a7,0(a5) [f00418c8]
     10063 :    #9121 0 800000d4 00072803  a6=0000020f ; lw      a6,0(a4) [f00408d8]
     10064 :    #9122 0 800000d8 000043cc  a1=00000185 ; c.lw    a1,128(a5) [f0041948]
     10065 :    #9123 0 800000da 00004350  a2=00000185 ; c.lw    a2,128(a4) [f0040958]
     10066 :    #9124 0 800000dc 01089f63              ; bne     a7,a6,0x800000fa
     10067 :    #9125 0 800000e0 00000509  a0=000000a8 ; c.addi  a0,2
     10068 :    #9126 0 800000e2 00c59763              ; bne     a1,a2,0x800000f0
     10069 :    #9127 0 800000e6 000007a1  a5=f00418d0 ; c.addi  a5,8
     10070 :    #9128 0 800000e8 00000721  a4=f00408e0 ; c.addi  a4,8
     10071 :    #9129 0 800000ea fed513e3              ; bne     a0,a3,0x800000d0
     10072 :    #9130 0 800000d0 0007a883  a7=00000185 ; lw      a7,0(a5) [f00418d0]
     10073 :    #9131 0 800000d4 00072803  a6=00000185 ; lw      a6,0(a4) [f00408e0]
     10074 :    #9132 0 800000d8 000043cc  a1=00000185 ; c.lw    a1,128(a5) [f0041950]
     10075 :    #9133 0 800000da 00004350  a2=00000185 ; c.lw    a2,128(a4) [f0040960]
     10076 :    #9134 0 800000dc 01089f63              ; bne     a7,a6,0x800000fa
     10077 :    #9135 0 800000e0 00000509  a0=000000aa ; c.addi  a0,2
     10078 :    #9136 0 800000e2 00c59763              ; bne     a1,a2,0x800000f0
     10079 :    #9137 0 800000e6 000007a1  a5=f00418d8 ; c.addi  a5,8
     10080 :    #9138 0 800000e8 00000721  a4=f00408e8 ; c.addi  a4,8
     10081 :    #9139 0 800000ea fed513e3              ; bne     a0,a3,0x800000d0
     10082 :    #9140 0 800000d0 0007a883  a7=0000031c ; lw      a7,0(a5) [f00418d8]
     10083 :    #9141 0 800000d4 00072803  a6=0000031c ; lw      a6,0(a4) [f00408e8]
     10084 :    #9142 0 800000d8 000043cc  a1=000001c7 ; c.lw    a1,128(a5) [f0041958]
     10085 :    #9143 0 800000da 00004350  a2=000001c7 ; c.lw    a2,128(a4) [f0040968]
     10086 :    #9144 0 800000dc 01089f63              ; bne     a7,a6,0x800000fa
     10087 :    #9145 0 800000e0 00000509  a0=000000ac ; c.addi  a0,2
     10088 :    #9146 0 800000e2 00c59763              ; bne     a1,a2,0x800000f0
     10089 :    #9147 0 800000e6 000007a1  a5=f00418e0 ; c.addi  a5,8
     10090 :    #9148 0 800000e8 00000721  a4=f00408f0 ; c.addi  a4,8
     10091 :    #9149 0 800000ea fed513e3              ; bne     a0,a3,0x800000d0
     10092 :    #9150 0 800000d0 0007a883  a7=000002d0 ; lw      a7,0(a5) [f00418e0]
     10093 :    #9151 0 800000d4 00072803  a6=000002d0 ; lw      a6,0(a4) [f00408f0]
     10094 :    #9152 0 800000d8 000043cc  a1=000001c7 ; c.lw    a1,128(a5) [f0041960]
     10095 :    #9153 0 800000da 00004350  a2=000001c7 ; c.lw    a2,128(a4) [f0040970]
     10096 :    #9154 0 800000dc 01089f63              ; bne     a7,a6,0x800000fa
     10097 :    #9155 0 800000e0 00000509  a0=000000ae ; c.addi  a0,2
     10098 :    #9156 0 800000e2 00c59763              ; bne     a1,a2,0x800000f0
     10099 :    #9157 0 800000e6 000007a1  a5=f00418e8 ; c.addi  a5,8
     10100 :    #9158 0 800000e8 00000721  a4=f00408f8 ; c.addi  a4,8
     10101 :    #9159 0 800000ea fed513e3              ; bne     a0,a3,0x800000d0
     10102 :    #9160 0 800000d0 0007a883  a7=000002d0 ; lw      a7,0(a5) [f00418e8]
     10103 :    #9161 0 800000d4 00072803  a6=000002d0 ; lw      a6,0(a4) [f00408f8]
     10104 :    #9162 0 800000d8 000043cc  a1=0000016f ; c.lw    a1,128(a5) [f0041968]
     10105 :    #9163 0 800000da 00004350  a2=0000016f ; c.lw    a2,128(a4) [f0040978]
     10106 :    #9164 0 800000dc 01089f63              ; bne     a7,a6,0x800000fa
     10107 :    #9165 0 800000e0 00000509  a0=000000b0 ; c.addi  a0,2
     10108 :    #9166 0 800000e2 00c59763              ; bne     a1,a2,0x800000f0
     10109 :    #9167 0 800000e6 000007a1  a5=f00418f0 ; c.addi  a5,8
     10110 :    #9168 0 800000e8 00000721  a4=f0040900 ; c.addi  a4,8
     10111 :    #9169 0 800000ea fed513e3              ; bne     a0,a3,0x800000d0
     10112 :    #9170 0 800000d0 0007a883  a7=000002e9 ; lw      a7,0(a5) [f00418f0]
     10113 :    #9171 0 800000d4 00072803  a6=000002e9 ; lw      a6,0(a4) [f0040900]
     10114 :    #9172 0 800000d8 000043cc  a1=0000016f ; c.lw    a1,128(a5) [f0041970]
     10115 :    #9173 0 800000da 00004350  a2=0000016f ; c.lw    a2,128(a4) [f0040980]
     10116 :    #9174 0 800000dc 01089f63              ; bne     a7,a6,0x800000fa
     10117 :    #9175 0 800000e0 00000509  a0=000000b2 ; c.addi  a0,2
     10118 :    #9176 0 800000e2 00c59763              ; bne     a1,a2,0x800000f0
     10119 :    #9177 0 800000e6 000007a1  a5=f00418f8 ; c.addi  a5,8
     10120 :    #9178 0 800000e8 00000721  a4=f0040908 ; c.addi  a4,8
     10121 :    #9179 0 800000ea fed513e3              ; bne     a0,a3,0x800000d0
     10122 :    #9180 0 800000d0 0007a883  a7=00000166 ; lw      a7,0(a5) [f00418f8]
     10123 :    #9181 0 800000d4 00072803  a6=00000166 ; lw      a6,0(a4) [f0040908]
     10124 :    #9182 0 800000d8 000043cc  a1=00000166 ; c.lw    a1,128(a5) [f0041978]
     10125 :    #9183 0 800000da 00004350  a2=00000166 ; c.lw    a2,128(a4) [f0040988]
     10126 :    #9184 0 800000dc 01089f63              ; bne     a7,a6,0x800000fa
     10127 :    #9185 0 800000e0 00000509  a0=000000b4 ; c.addi  a0,2
     10128 :    #9186 0 800000e2 00c59763              ; bne     a1,a2,0x800000f0
     10129 :    #9187 0 800000e6 000007a1  a5=f0041900 ; c.addi  a5,8
     10130 :    #9188 0 800000e8 00000721  a4=f0040910 ; c.addi  a4,8
     10131 :    #9189 0 800000ea fed513e3              ; bne     a0,a3,0x800000d0
     10132 :    #9190 0 800000d0 0007a883  a7=00000248 ; lw      a7,0(a5) [f0041900]
     10133 :    #9191 0 800000d4 00072803  a6=00000248 ; lw      a6,0(a4) [f0040910]
     10134 :    #9192 0 800000d8 000043cc  a1=00000248 ; c.lw    a1,128(a5) [f0041980]
     10135 :    #9193 0 800000da 00004350  a2=00000248 ; c.lw    a2,128(a4) [f0040990]
     10136 :    #9194 0 800000dc 01089f63              ; bne     a7,a6,0x800000fa
     10137 :    #9195 0 800000e0 00000509  a0=000000b6 ; c.addi  a0,2
     10138 :    #9196 0 800000e2 00c59763              ; bne     a1,a2,0x800000f0
     10139 :    #9197 0 800000e6 000007a1  a5=f0041908 ; c.addi  a5,8
     10140 :    #9198 0 800000e8 00000721  a4=f0040918 ; c.addi  a4,8
     10141 :    #9199 0 800000ea fed513e3              ; bne     a0,a3,0x800000d0
     10142 :    #9200 0 800000d0 0007a883  a7=0000010f ; lw      a7,0(a5) [f0041908]
     10143 :    #9201 0 800000d4 00072803  a6=0000010f ; lw      a6,0(a4) [f0040918]
     10144 :    #9202 0 800000d8 000043cc  a1=0000010f ; c.lw    a1,128(a5) [f0041988]
     10145 :    #9203 0 800000da 00004350  a2=0000010f ; c.lw    a2,128(a4) [f0040998]
     10146 :    #9204 0 800000dc 01089f63              ; bne     a7,a6,0x800000fa
     10147 :    #9205 0 800000e0 00000509  a0=000000b8 ; c.addi  a0,2
     10148 :    #9206 0 800000e2 00c59763              ; bne     a1,a2,0x800000f0
     10149 :    #9207 0 800000e6 000007a1  a5=f0041910 ; c.addi  a5,8
     10150 :    #9208 0 800000e8 00000721  a4=f0040920 ; c.addi  a4,8
     10151 :    #9209 0 800000ea fed513e3              ; bne     a0,a3,0x800000d0
     10152 :    #9210 0 800000d0 0007a883  a7=00000355 ; lw      a7,0(a5) [f0041910]
     10153 :    #9211 0 800000d4 00072803  a6=00000355 ; lw      a6,0(a4) [f0040920]
     10154 :    #9212 0 800000d8 000043cc  a1=00000355 ; c.lw    a1,128(a5) [f0041990]
     10155 :    #9213 0 800000da 00004350  a2=00000355 ; c.lw    a2,128(a4) [f00409a0]
     10156 :    #9214 0 800000dc 01089f63              ; bne     a7,a6,0x800000fa
     10157 :    #9215 0 800000e0 00000509  a0=000000ba ; c.addi  a0,2
     10158 :    #9216 0 800000e2 00c59763              ; bne     a1,a2,0x800000f0
     10159 :    #9217 0 800000e6 000007a1  a5=f0041918 ; c.addi  a5,8
     10160 :    #9218 0 800000e8 00000721  a4=f0040928 ; c.addi  a4,8
     10161 :    #9219 0 800000ea fed513e3              ; bne     a0,a3,0x800000d0
     10162 :    #9220 0 800000d0 0007a883  a7=00000314 ; lw      a7,0(a5) [f0041918]
     10163 :    #9221 0 800000d4 00072803  a6=00000314 ; lw      a6,0(a4) [f0040928]
     10164 :    #9222 0 800000d8 000043cc  a1=00000193 ; c.lw    a1,128(a5) [f0041998]
     10165 :    #9223 0 800000da 00004350  a2=00000193 ; c.lw    a2,128(a4) [f00409a8]
     10166 :    #9224 0 800000dc 01089f63              ; bne     a7,a6,0x800000fa
     10167 :    #9225 0 800000e0 00000509  a0=000000bc ; c.addi  a0,2
     10168 :    #9226 0 800000e2 00c59763              ; bne     a1,a2,0x800000f0
     10169 :    #9227 0 800000e6 000007a1  a5=f0041920 ; c.addi  a5,8
     10170 :    #9228 0 800000e8 00000721  a4=f0040930 ; c.addi  a4,8
     10171 :    #9229 0 800000ea fed513e3              ; bne     a0,a3,0x800000d0
     10172 :    #9230 0 800000d0 0007a883  a7=00000213 ; lw      a7,0(a5) [f0041920]
     10173 :    #9231 0 800000d4 00072803  a6=00000213 ; lw      a6,0(a4) [f0040930]
     10174 :    #9232 0 800000d8 000043cc  a1=00000205 ; c.lw    a1,128(a5) [f00419a0]
     10175 :    #9233 0 800000da 00004350  a2=00000205 ; c.lw    a2,128(a4) [f00409b0]
     10176 :    #9234 0 800000dc 01089f63              ; bne     a7,a6,0x800000fa
     10177 :    #9235 0 800000e0 00000509  a0=000000be ; c.addi  a0,2
     10178 :    #9236 0 800000e2 00c59763              ; bne     a1,a2,0x800000f0
     10179 :    #9237 0 800000e6 000007a1  a5=f0041928 ; c.addi  a5,8
     10180 :    #9238 0 800000e8 00000721  a4=f0040938 ; c.addi  a4,8
     10181 :    #9239 0 800000ea fed513e3              ; bne     a0,a3,0x800000d0
     10182 :    #9240 0 800000d0 0007a883  a7=00000205 ; lw      a7,0(a5) [f0041928]
     10183 :    #9241 0 800000d4 00072803  a6=00000205 ; lw      a6,0(a4) [f0040938]
     10184 :    #9242 0 800000d8 000043cc  a1=00000205 ; c.lw    a1,128(a5) [f00419a8]
     10185 :    #9243 0 800000da 00004350  a2=00000205 ; c.lw    a2,128(a4) [f00409b8]
     10186 :    #9244 0 800000dc 01089f63              ; bne     a7,a6,0x800000fa
     10187 :    #9245 0 800000e0 00000509  a0=000000c0 ; c.addi  a0,2
     10188 :    #9246 0 800000e2 00c59763              ; bne     a1,a2,0x800000f0
     10189 :    #9247 0 800000e6 000007a1  a5=f0041930 ; c.addi  a5,8
     10190 :    #9248 0 800000e8 00000721  a4=f0040940 ; c.addi  a4,8
     10191 :    #9249 0 800000ea fed513e3              ; bne     a0,a3,0x800000d0
     10192 :    #9250 0 800000d0 0007a883  a7=000001cd ; lw      a7,0(a5) [f0041930]
     10193 :    #9251 0 800000d4 00072803  a6=000001cd ; lw      a6,0(a4) [f0040940]
     10194 :    #9252 0 800000d8 000043cc  a1=0000022f ; c.lw    a1,128(a5) [f00419b0]
     10195 :    #9253 0 800000da 00004350  a2=0000022f ; c.lw    a2,128(a4) [f00409c0]
     10196 :    #9254 0 800000dc 01089f63              ; bne     a7,a6,0x800000fa
     10197 :    #9255 0 800000e0 00000509  a0=000000c2 ; c.addi  a0,2
     10198 :    #9256 0 800000e2 00c59763              ; bne     a1,a2,0x800000f0
     10199 :    #9257 0 800000e6 000007a1  a5=f0041938 ; c.addi  a5,8
     10200 :    #9258 0 800000e8 00000721  a4=f0040948 ; c.addi  a4,8
     10201 :    #9259 0 800000ea fed513e3              ; bne     a0,a3,0x800000d0
     10202 :    #9260 0 800000d0 0007a883  a7=000001cd ; lw      a7,0(a5) [f0041938]
     10203 :    #9261 0 800000d4 00072803  a6=000001cd ; lw      a6,0(a4) [f0040948]
     10204 :    #9262 0 800000d8 000043cc  a1=00000307 ; c.lw    a1,128(a5) [f00419b8]
     10205 :    #9263 0 800000da 00004350  a2=00000307 ; c.lw    a2,128(a4) [f00409c8]
     10206 :    #9264 0 800000dc 01089f63              ; bne     a7,a6,0x800000fa
     10207 :    #9265 0 800000e0 00000509  a0=000000c4 ; c.addi  a0,2
     10208 :    #9266 0 800000e2 00c59763              ; bne     a1,a2,0x800000f0
     10209 :    #9267 0 800000e6 000007a1  a5=f0041940 ; c.addi  a5,8
     10210 :    #9268 0 800000e8 00000721  a4=f0040950 ; c.addi  a4,8
     10211 :    #9269 0 800000ea fed513e3              ; bne     a0,a3,0x800000d0
     10212 :    #9270 0 800000d0 0007a883  a7=00000166 ; lw      a7,0(a5) [f0041940]
     10213 :    #9271 0 800000d4 00072803  a6=00000166 ; lw      a6,0(a4) [f0040950]
     10214 :    #9272 0 800000d8 000043cc  a1=00000166 ; c.lw    a1,128(a5) [f00419c0]
     10215 :    #9273 0 800000da 00004350  a2=00000166 ; c.lw    a2,128(a4) [f00409d0]
     10216 :    #9274 0 800000dc 01089f63              ; bne     a7,a6,0x800000fa
     10217 :    #9275 0 800000e0 00000509  a0=000000c6 ; c.addi  a0,2
     10218 :    #9276 0 800000e2 00c59763              ; bne     a1,a2,0x800000f0
     10219 :    #9277 0 800000e6 000007a1  a5=f0041948 ; c.addi  a5,8
     10220 :    #9278 0 800000e8 00000721  a4=f0040958 ; c.addi  a4,8
     10221 :    #9279 0 800000ea fed513e3              ; bne     a0,a3,0x800000d0
     10222 :    #9280 0 800000d0 0007a883  a7=0000014c ; lw      a7,0(a5) [f0041948]
     10223 :    #9281 0 800000d4 00072803  a6=0000014c ; lw      a6,0(a4) [f0040958]
     10224 :    #9282 0 800000d8 000043cc  a1=0000014c ; c.lw    a1,128(a5) [f00419c8]
     10225 :    #9283 0 800000da 00004350  a2=0000014c ; c.lw    a2,128(a4) [f00409d8]
     10226 :    #9284 0 800000dc 01089f63              ; bne     a7,a6,0x800000fa
     10227 :    #9285 0 800000e0 00000509  a0=000000c8 ; c.addi  a0,2
     10228 :    #9286 0 800000e2 00c59763              ; bne     a1,a2,0x800000f0
     10229 :    #9287 0 800000e6 000007a1  a5=f0041950 ; c.addi  a5,8
     10230 :    #9288 0 800000e8 00000721  a4=f0040960 ; c.addi  a4,8
     10231 :    #9289 0 800000ea fed513e3              ; bne     a0,a3,0x800000d0
     10232 :    #9290 0 800000d0 0007a883  a7=000002ac ; lw      a7,0(a5) [f0041950]
     10233 :    #9291 0 800000d4 00072803  a6=000002ac ; lw      a6,0(a4) [f0040960]
     10234 :    #9292 0 800000d8 000043cc  a1=000002ac ; c.lw    a1,128(a5) [f00419d0]
     10235 :    #9293 0 800000da 00004350  a2=000002ac ; c.lw    a2,128(a4) [f00409e0]
     10236 :    #9294 0 800000dc 01089f63              ; bne     a7,a6,0x800000fa
     10237 :    #9295 0 800000e0 00000509  a0=000000ca ; c.addi  a0,2
     10238 :    #9296 0 800000e2 00c59763              ; bne     a1,a2,0x800000f0
     10239 :    #9297 0 800000e6 000007a1  a5=f0041958 ; c.addi  a5,8
     10240 :    #9298 0 800000e8 00000721  a4=f0040968 ; c.addi  a4,8
     10241 :    #9299 0 800000ea fed513e3              ; bne     a0,a3,0x800000d0
     10242 :    #9300 0 800000d0 0007a883  a7=000002ac ; lw      a7,0(a5) [f0041958]
     10243 :    #9301 0 800000d4 00072803  a6=000002ac ; lw      a6,0(a4) [f0040968]
     10244 :    #9302 0 800000d8 000043cc  a1=00000256 ; c.lw    a1,128(a5) [f00419d8]
     10245 :    #9303 0 800000da 00004350  a2=00000256 ; c.lw    a2,128(a4) [f00409e8]
     10246 :    #9304 0 800000dc 01089f63              ; bne     a7,a6,0x800000fa
     10247 :    #9305 0 800000e0 00000509  a0=000000cc ; c.addi  a0,2
     10248 :    #9306 0 800000e2 00c59763              ; bne     a1,a2,0x800000f0
     10249 :    #9307 0 800000e6 000007a1  a5=f0041960 ; c.addi  a5,8
     10250 :    #9308 0 800000e8 00000721  a4=f0040970 ; c.addi  a4,8
     10251 :    #9309 0 800000ea fed513e3              ; bne     a0,a3,0x800000d0
     10252 :    #9310 0 800000d0 0007a883  a7=000001be ; lw      a7,0(a5) [f0041960]
     10253 :    #9311 0 800000d4 00072803  a6=000001be ; lw      a6,0(a4) [f0040970]
     10254 :    #9312 0 800000d8 000043cc  a1=0000008f ; c.lw    a1,128(a5) [f00419e0]
     10255 :    #9313 0 800000da 00004350  a2=0000008f ; c.lw    a2,128(a4) [f00409f0]
     10256 :    #9314 0 800000dc 01089f63              ; bne     a7,a6,0x800000fa
     10257 :    #9315 0 800000e0 00000509  a0=000000ce ; c.addi  a0,2
     10258 :    #9316 0 800000e2 00c59763              ; bne     a1,a2,0x800000f0
     10259 :    #9317 0 800000e6 000007a1  a5=f0041968 ; c.addi  a5,8
     10260 :    #9318 0 800000e8 00000721  a4=f0040978 ; c.addi  a4,8
     10261 :    #9319 0 800000ea fed513e3              ; bne     a0,a3,0x800000d0
     10262 :    #9320 0 800000d0 0007a883  a7=00000137 ; lw      a7,0(a5) [f0041968]
     10263 :    #9321 0 800000d4 00072803  a6=00000137 ; lw      a6,0(a4) [f0040978]
     10264 :    #9322 0 800000d8 000043cc  a1=0000007d ; c.lw    a1,128(a5) [f00419e8]
     10265 :    #9323 0 800000da 00004350  a2=0000007d ; c.lw    a2,128(a4) [f00409f8]
     10266 :    #9324 0 800000dc 01089f63              ; bne     a7,a6,0x800000fa
     10267 :    #9325 0 800000e0 00000509  a0=000000d0 ; c.addi  a0,2
     10268 :    #9326 0 800000e2 00c59763              ; bne     a1,a2,0x800000f0
     10269 :    #9327 0 800000e6 000007a1  a5=f0041970 ; c.addi  a5,8
     10270 :    #9328 0 800000e8 00000721  a4=f0040980 ; c.addi  a4,8
     10271 :    #9329 0 800000ea fed513e3              ; bne     a0,a3,0x800000d0
     10272 :    #9330 0 800000d0 0007a883  a7=00000137 ; lw      a7,0(a5) [f0041970]
     10273 :    #9331 0 800000d4 00072803  a6=00000137 ; lw      a6,0(a4) [f0040980]
     10274 :    #9332 0 800000d8 000043cc  a1=000002e7 ; c.lw    a1,128(a5) [f00419f0]
     10275 :    #9333 0 800000da 00004350  a2=000002e7 ; c.lw    a2,128(a4) [f0040a00]
     10276 :    #9334 0 800000dc 01089f63              ; bne     a7,a6,0x800000fa
     10277 :    #9335 0 800000e0 00000509  a0=000000d2 ; c.addi  a0,2
     10278 :    #9336 0 800000e2 00c59763              ; bne     a1,a2,0x800000f0
     10279 :    #9337 0 800000e6 000007a1  a5=f0041978 ; c.addi  a5,8
     10280 :    #9338 0 800000e8 00000721  a4=f0040988 ; c.addi  a4,8
     10281 :    #9339 0 800000ea fed513e3              ; bne     a0,a3,0x800000d0
     10282 :    #9340 0 800000d0 0007a883  a7=000002e7 ; lw      a7,0(a5) [f0041978]
     10283 :    #9341 0 800000d4 00072803  a6=000002e7 ; lw      a6,0(a4) [f0040988]
     10284 :    #9342 0 800000d8 000043cc  a1=000003a5 ; c.lw    a1,128(a5) [f00419f8]
     10285 :    #9343 0 800000da 00004350  a2=000003a5 ; c.lw    a2,128(a4) [f0040a08]
     10286 :    #9344 0 800000dc 01089f63              ; bne     a7,a6,0x800000fa
     10287 :    #9345 0 800000e0 00000509  a0=000000d4 ; c.addi  a0,2
     10288 :    #9346 0 800000e2 00c59763              ; bne     a1,a2,0x800000f0
     10289 :    #9347 0 800000e6 000007a1  a5=f0041980 ; c.addi  a5,8
     10290 :    #9348 0 800000e8 00000721  a4=f0040990 ; c.addi  a4,8
     10291 :    #9349 0 800000ea fed513e3              ; bne     a0,a3,0x800000d0
     10292 :    #9350 0 800000d0 0007a883  a7=0000022d ; lw      a7,0(a5) [f0041980]
     10293 :    #9351 0 800000d4 00072803  a6=0000022d ; lw      a6,0(a4) [f0040990]
     10294 :    #9352 0 800000d8 000043cc  a1=0000031f ; c.lw    a1,128(a5) [f0041a00]
     10295 :    #9353 0 800000da 00004350  a2=0000031f ; c.lw    a2,128(a4) [f0040a10]
     10296 :    #9354 0 800000dc 01089f63              ; bne     a7,a6,0x800000fa
     10297 :    #9355 0 800000e0 00000509  a0=000000d6 ; c.addi  a0,2
     10298 :    #9356 0 800000e2 00c59763              ; bne     a1,a2,0x800000f0
     10299 :    #9357 0 800000e6 000007a1  a5=f0041988 ; c.addi  a5,8
     10300 :    #9358 0 800000e8 00000721  a4=f0040998 ; c.addi  a4,8
     10301 :    #9359 0 800000ea fed513e3              ; bne     a0,a3,0x800000d0
     10302 :    #9360 0 800000d0 0007a883  a7=0000022d ; lw      a7,0(a5) [f0041988]
     10303 :    #9361 0 800000d4 00072803  a6=0000022d ; lw      a6,0(a4) [f0040998]
     10304 :    #9362 0 800000d8 000043cc  a1=0000022d ; c.lw    a1,128(a5) [f0041a08]
     10305 :    #9363 0 800000da 00004350  a2=0000022d ; c.lw    a2,128(a4) [f0040a18]
     10306 :    #9364 0 800000dc 01089f63              ; bne     a7,a6,0x800000fa
     10307 :    #9365 0 800000e0 00000509  a0=000000d8 ; c.addi  a0,2
     10308 :    #9366 0 800000e2 00c59763              ; bne     a1,a2,0x800000f0
     10309 :    #9367 0 800000e6 000007a1  a5=f0041990 ; c.addi  a5,8
     10310 :    #9368 0 800000e8 00000721  a4=f00409a0 ; c.addi  a4,8
     10311 :    #9369 0 800000ea fed513e3              ; bne     a0,a3,0x800000d0
     10312 :    #9370 0 800000d0 0007a883  a7=0000022d ; lw      a7,0(a5) [f0041990]
     10313 :    #9371 0 800000d4 00072803  a6=0000022d ; lw      a6,0(a4) [f00409a0]
     10314 :    #9372 0 800000d8 000043cc  a1=00000229 ; c.lw    a1,128(a5) [f0041a10]
     10315 :    #9373 0 800000da 00004350  a2=00000229 ; c.lw    a2,128(a4) [f0040a20]
     10316 :    #9374 0 800000dc 01089f63              ; bne     a7,a6,0x800000fa
     10317 :    #9375 0 800000e0 00000509  a0=000000da ; c.addi  a0,2
     10318 :    #9376 0 800000e2 00c59763              ; bne     a1,a2,0x800000f0
     10319 :    #9377 0 800000e6 000007a1  a5=f0041998 ; c.addi  a5,8
     10320 :    #9378 0 800000e8 00000721  a4=f00409a8 ; c.addi  a4,8
     10321 :    #9379 0 800000ea fed513e3              ; bne     a0,a3,0x800000d0
     10322 :    #9380 0 800000d0 0007a883  a7=0000031c ; lw      a7,0(a5) [f0041998]
     10323 :    #9381 0 800000d4 00072803  a6=0000031c ; lw      a6,0(a4) [f00409a8]
     10324 :    #9382 0 800000d8 000043cc  a1=00000288 ; c.lw    a1,128(a5) [f0041a18]
     10325 :    #9383 0 800000da 00004350  a2=00000288 ; c.lw    a2,128(a4) [f0040a28]
     10326 :    #9384 0 800000dc 01089f63              ; bne     a7,a6,0x800000fa
     10327 :    #9385 0 800000e0 00000509  a0=000000dc ; c.addi  a0,2
     10328 :    #9386 0 800000e2 00c59763              ; bne     a1,a2,0x800000f0
     10329 :    #9387 0 800000e6 000007a1  a5=f00419a0 ; c.addi  a5,8
     10330 :    #9388 0 800000e8 00000721  a4=f00409b0 ; c.addi  a4,8
     10331 :    #9389 0 800000ea fed513e3              ; bne     a0,a3,0x800000d0
     10332 :    #9390 0 800000d0 0007a883  a7=00000288 ; lw      a7,0(a5) [f00419a0]
     10333 :    #9391 0 800000d4 00072803  a6=00000288 ; lw      a6,0(a4) [f00409b0]
     10334 :    #9392 0 800000d8 000043cc  a1=00000288 ; c.lw    a1,128(a5) [f0041a20]
     10335 :    #9393 0 800000da 00004350  a2=00000288 ; c.lw    a2,128(a4) [f0040a30]
     10336 :    #9394 0 800000dc 01089f63              ; bne     a7,a6,0x800000fa
     10337 :    #9395 0 800000e0 00000509  a0=000000de ; c.addi  a0,2
     10338 :    #9396 0 800000e2 00c59763              ; bne     a1,a2,0x800000f0
     10339 :    #9397 0 800000e6 000007a1  a5=f00419a8 ; c.addi  a5,8
     10340 :    #9398 0 800000e8 00000721  a4=f00409b8 ; c.addi  a4,8
     10341 :    #9399 0 800000ea fed513e3              ; bne     a0,a3,0x800000d0
     10342 :    #9400 0 800000d0 0007a883  a7=0000037b ; lw      a7,0(a5) [f00419a8]
     10343 :    #9401 0 800000d4 00072803  a6=0000037b ; lw      a6,0(a4) [f00409b8]
     10344 :    #9402 0 800000d8 000043cc  a1=0000037b ; c.lw    a1,128(a5) [f0041a28]
     10345 :    #9403 0 800000da 00004350  a2=0000037b ; c.lw    a2,128(a4) [f0040a38]
     10346 :    #9404 0 800000dc 01089f63              ; bne     a7,a6,0x800000fa
     10347 :    #9405 0 800000e0 00000509  a0=000000e0 ; c.addi  a0,2
     10348 :    #9406 0 800000e2 00c59763              ; bne     a1,a2,0x800000f0
     10349 :    #9407 0 800000e6 000007a1  a5=f00419b0 ; c.addi  a5,8
     10350 :    #9408 0 800000e8 00000721  a4=f00409c0 ; c.addi  a4,8
     10351 :    #9409 0 800000ea fed513e3              ; bne     a0,a3,0x800000d0
     10352 :    #9410 0 800000d0 0007a883  a7=0000029a ; lw      a7,0(a5) [f00419b0]
     10353 :    #9411 0 800000d4 00072803  a6=0000029a ; lw      a6,0(a4) [f00409c0]
     10354 :    #9412 0 800000d8 000043cc  a1=0000011f ; c.lw    a1,128(a5) [f0041a30]
     10355 :    #9413 0 800000da 00004350  a2=0000011f ; c.lw    a2,128(a4) [f0040a40]
     10356 :    #9414 0 800000dc 01089f63              ; bne     a7,a6,0x800000fa
     10357 :    #9415 0 800000e0 00000509  a0=000000e2 ; c.addi  a0,2
     10358 :    #9416 0 800000e2 00c59763              ; bne     a1,a2,0x800000f0
     10359 :    #9417 0 800000e6 000007a1  a5=f00419b8 ; c.addi  a5,8
     10360 :    #9418 0 800000e8 00000721  a4=f00409c8 ; c.addi  a4,8
     10361 :    #9419 0 800000ea fed513e3              ; bne     a0,a3,0x800000d0
     10362 :    #9420 0 800000d0 0007a883  a7=00000202 ; lw      a7,0(a5) [f00419b8]
     10363 :    #9421 0 800000d4 00072803  a6=00000202 ; lw      a6,0(a4) [f00409c8]
     10364 :    #9422 0 800000d8 000043cc  a1=00000031 ; c.lw    a1,128(a5) [f0041a38]
     10365 :    #9423 0 800000da 00004350  a2=00000031 ; c.lw    a2,128(a4) [f0040a48]
     10366 :    #9424 0 800000dc 01089f63              ; bne     a7,a6,0x800000fa
     10367 :    #9425 0 800000e0 00000509  a0=000000e4 ; c.addi  a0,2
     10368 :    #9426 0 800000e2 00c59763              ; bne     a1,a2,0x800000f0
     10369 :    #9427 0 800000e6 000007a1  a5=f00419c0 ; c.addi  a5,8
     10370 :    #9428 0 800000e8 00000721  a4=f00409d0 ; c.addi  a4,8
     10371 :    #9429 0 800000ea fed513e3              ; bne     a0,a3,0x800000d0
     10372 :    #9430 0 800000d0 0007a883  a7=00000202 ; lw      a7,0(a5) [f00419c0]
     10373 :    #9431 0 800000d4 00072803  a6=00000202 ; lw      a6,0(a4) [f00409d0]
     10374 :    #9432 0 800000d8 000043cc  a1=00000056 ; c.lw    a1,128(a5) [f0041a40]
     10375 :    #9433 0 800000da 00004350  a2=00000056 ; c.lw    a2,128(a4) [f0040a50]
     10376 :    #9434 0 800000dc 01089f63              ; bne     a7,a6,0x800000fa
     10377 :    #9435 0 800000e0 00000509  a0=000000e6 ; c.addi  a0,2
     10378 :    #9436 0 800000e2 00c59763              ; bne     a1,a2,0x800000f0
     10379 :    #9437 0 800000e6 000007a1  a5=f00419c8 ; c.addi  a5,8
     10380 :    #9438 0 800000e8 00000721  a4=f00409d8 ; c.addi  a4,8
     10381 :    #9439 0 800000ea fed513e3              ; bne     a0,a3,0x800000d0
     10382 :    #9440 0 800000d0 0007a883  a7=0000022d ; lw      a7,0(a5) [f00419c8]
     10383 :    #9441 0 800000d4 00072803  a6=0000022d ; lw      a6,0(a4) [f00409d8]
     10384 :    #9442 0 800000d8 000043cc  a1=0000005f ; c.lw    a1,128(a5) [f0041a48]
     10385 :    #9443 0 800000da 00004350  a2=0000005f ; c.lw    a2,128(a4) [f0040a58]
     10386 :    #9444 0 800000dc 01089f63              ; bne     a7,a6,0x800000fa
     10387 :    #9445 0 800000e0 00000509  a0=000000e8 ; c.addi  a0,2
     10388 :    #9446 0 800000e2 00c59763              ; bne     a1,a2,0x800000f0
     10389 :    #9447 0 800000e6 000007a1  a5=f00419d0 ; c.addi  a5,8
     10390 :    #9448 0 800000e8 00000721  a4=f00409e0 ; c.addi  a4,8
     10391 :    #9449 0 800000ea fed513e3              ; bne     a0,a3,0x800000d0
     10392 :    #9450 0 800000d0 0007a883  a7=00000355 ; lw      a7,0(a5) [f00419d0]
     10393 :    #9451 0 800000d4 00072803  a6=00000355 ; lw      a6,0(a4) [f00409e0]
     10394 :    #9452 0 800000d8 000043cc  a1=000001b9 ; c.lw    a1,128(a5) [f0041a50]
     10395 :    #9453 0 800000da 00004350  a2=000001b9 ; c.lw    a2,128(a4) [f0040a60]
     10396 :    #9454 0 800000dc 01089f63              ; bne     a7,a6,0x800000fa
     10397 :    #9455 0 800000e0 00000509  a0=000000ea ; c.addi  a0,2
     10398 :    #9456 0 800000e2 00c59763              ; bne     a1,a2,0x800000f0
     10399 :    #9457 0 800000e6 000007a1  a5=f00419d8 ; c.addi  a5,8
     10400 :    #9458 0 800000e8 00000721  a4=f00409e8 ; c.addi  a4,8
     10401 :    #9459 0 800000ea fed513e3              ; bne     a0,a3,0x800000d0
     10402 :    #9460 0 800000d0 0007a883  a7=000001b9 ; lw      a7,0(a5) [f00419d8]
     10403 :    #9461 0 800000d4 00072803  a6=000001b9 ; lw      a6,0(a4) [f00409e8]
     10404 :    #9462 0 800000d8 000043cc  a1=000001b9 ; c.lw    a1,128(a5) [f0041a58]
     10405 :    #9463 0 800000da 00004350  a2=000001b9 ; c.lw    a2,128(a4) [f0040a68]
     10406 :    #9464 0 800000dc 01089f63              ; bne     a7,a6,0x800000fa
     10407 :    #9465 0 800000e0 00000509  a0=000000ec ; c.addi  a0,2
     10408 :    #9466 0 800000e2 00c59763              ; bne     a1,a2,0x800000f0
     10409 :    #9467 0 800000e6 000007a1  a5=f00419e0 ; c.addi  a5,8
     10410 :    #9468 0 800000e8 00000721  a4=f00409f0 ; c.addi  a4,8
     10411 :    #9469 0 800000ea fed513e3              ; bne     a0,a3,0x800000d0
     10412 :    #9470 0 800000d0 0007a883  a7=000001b8 ; lw      a7,0(a5) [f00419e0]
     10413 :    #9471 0 800000d4 00072803  a6=000001b8 ; lw      a6,0(a4) [f00409f0]
     10414 :    #9472 0 800000d8 000043cc  a1=0000024b ; c.lw    a1,128(a5) [f0041a60]
     10415 :    #9473 0 800000da 00004350  a2=0000024b ; c.lw    a2,128(a4) [f0040a70]
     10416 :    #9474 0 800000dc 01089f63              ; bne     a7,a6,0x800000fa
     10417 :    #9475 0 800000e0 00000509  a0=000000ee ; c.addi  a0,2
     10418 :    #9476 0 800000e2 00c59763              ; bne     a1,a2,0x800000f0
     10419 :    #9477 0 800000e6 000007a1  a5=f00419e8 ; c.addi  a5,8
     10420 :    #9478 0 800000e8 00000721  a4=f00409f8 ; c.addi  a4,8
     10421 :    #9479 0 800000ea fed513e3              ; bne     a0,a3,0x800000d0
     10422 :    #9480 0 800000d0 0007a883  a7=00000266 ; lw      a7,0(a5) [f00419e8]
     10423 :    #9481 0 800000d4 00072803  a6=00000266 ; lw      a6,0(a4) [f00409f8]
     10424 :    #9482 0 800000d8 000043cc  a1=00000266 ; c.lw    a1,128(a5) [f0041a68]
     10425 :    #9483 0 800000da 00004350  a2=00000266 ; c.lw    a2,128(a4) [f0040a78]
     10426 :    #9484 0 800000dc 01089f63              ; bne     a7,a6,0x800000fa
     10427 :    #9485 0 800000e0 00000509  a0=000000f0 ; c.addi  a0,2
     10428 :    #9486 0 800000e2 00c59763              ; bne     a1,a2,0x800000f0
     10429 :    #9487 0 800000e6 000007a1  a5=f00419f0 ; c.addi  a5,8
     10430 :    #9488 0 800000e8 00000721  a4=f0040a00 ; c.addi  a4,8
     10431 :    #9489 0 800000ea fed513e3              ; bne     a0,a3,0x800000d0
     10432 :    #9490 0 800000d0 0007a883  a7=0000018c ; lw      a7,0(a5) [f00419f0]
     10433 :    #9491 0 800000d4 00072803  a6=0000018c ; lw      a6,0(a4) [f0040a00]
     10434 :    #9492 0 800000d8 000043cc  a1=0000017e ; c.lw    a1,128(a5) [f0041a70]
     10435 :    #9493 0 800000da 00004350  a2=0000017e ; c.lw    a2,128(a4) [f0040a80]
     10436 :    #9494 0 800000dc 01089f63              ; bne     a7,a6,0x800000fa
     10437 :    #9495 0 800000e0 00000509  a0=000000f2 ; c.addi  a0,2
     10438 :    #9496 0 800000e2 00c59763              ; bne     a1,a2,0x800000f0
     10439 :    #9497 0 800000e6 000007a1  a5=f00419f8 ; c.addi  a5,8
     10440 :    #9498 0 800000e8 00000721  a4=f0040a08 ; c.addi  a4,8
     10441 :    #9499 0 800000ea fed513e3              ; bne     a0,a3,0x800000d0
     10442 :    #9500 0 800000d0 0007a883  a7=00000118 ; lw      a7,0(a5) [f00419f8]
     10443 :    #9501 0 800000d4 00072803  a6=00000118 ; lw      a6,0(a4) [f0040a08]
     10444 :    #9502 0 800000d8 000043cc  a1=00000118 ; c.lw    a1,128(a5) [f0041a78]
     10445 :    #9503 0 800000da 00004350  a2=00000118 ; c.lw    a2,128(a4) [f0040a88]
     10446 :    #9504 0 800000dc 01089f63              ; bne     a7,a6,0x800000fa
     10447 :    #9505 0 800000e0 00000509  a0=000000f4 ; c.addi  a0,2
     10448 :    #9506 0 800000e2 00c59763              ; bne     a1,a2,0x800000f0
     10449 :    #9507 0 800000e6 000007a1  a5=f0041a00 ; c.addi  a5,8
     10450 :    #9508 0 800000e8 00000721  a4=f0040a10 ; c.addi  a4,8
     10451 :    #9509 0 800000ea fed513e3              ; bne     a0,a3,0x800000d0
     10452 :    #9510 0 800000d0 0007a883  a7=00000011 ; lw      a7,0(a5) [f0041a00]
     10453 :    #9511 0 800000d4 00072803  a6=00000011 ; lw      a6,0(a4) [f0040a10]
     10454 :    #9512 0 800000d8 000043cc  a1=00000328 ; c.lw    a1,128(a5) [f0041a80]
     10455 :    #9513 0 800000da 00004350  a2=00000328 ; c.lw    a2,128(a4) [f0040a90]
     10456 :    #9514 0 800000dc 01089f63              ; bne     a7,a6,0x800000fa
     10457 :    #9515 0 800000e0 00000509  a0=000000f6 ; c.addi  a0,2
     10458 :    #9516 0 800000e2 00c59763              ; bne     a1,a2,0x800000f0
     10459 :    #9517 0 800000e6 000007a1  a5=f0041a08 ; c.addi  a5,8
     10460 :    #9518 0 800000e8 00000721  a4=f0040a18 ; c.addi  a4,8
     10461 :    #9519 0 800000ea fed513e3              ; bne     a0,a3,0x800000d0
     10462 :    #9520 0 800000d0 0007a883  a7=000000aa ; lw      a7,0(a5) [f0041a08]
     10463 :    #9521 0 800000d4 00072803  a6=000000aa ; lw      a6,0(a4) [f0040a18]
     10464 :    #9522 0 800000d8 000043cc  a1=00000333 ; c.lw    a1,128(a5) [f0041a88]
     10465 :    #9523 0 800000da 00004350  a2=00000333 ; c.lw    a2,128(a4) [f0040a98]
     10466 :    #9524 0 800000dc 01089f63              ; bne     a7,a6,0x800000fa
     10467 :    #9525 0 800000e0 00000509  a0=000000f8 ; c.addi  a0,2
     10468 :    #9526 0 800000e2 00c59763              ; bne     a1,a2,0x800000f0
     10469 :    #9527 0 800000e6 000007a1  a5=f0041a10 ; c.addi  a5,8
     10470 :    #9528 0 800000e8 00000721  a4=f0040a20 ; c.addi  a4,8
     10471 :    #9529 0 800000ea fed513e3              ; bne     a0,a3,0x800000d0
     10472 :    #9530 0 800000d0 0007a883  a7=00000123 ; lw      a7,0(a5) [f0041a10]
     10473 :    #9531 0 800000d4 00072803  a6=00000123 ; lw      a6,0(a4) [f0040a20]
     10474 :    #9532 0 800000d8 000043cc  a1=00000158 ; c.lw    a1,128(a5) [f0041a90]
     10475 :    #9533 0 800000da 00004350  a2=00000158 ; c.lw    a2,128(a4) [f0040aa0]
     10476 :    #9534 0 800000dc 01089f63              ; bne     a7,a6,0x800000fa
     10477 :    #9535 0 800000e0 00000509  a0=000000fa ; c.addi  a0,2
     10478 :    #9536 0 800000e2 00c59763              ; bne     a1,a2,0x800000f0
     10479 :    #9537 0 800000e6 000007a1  a5=f0041a18 ; c.addi  a5,8
     10480 :    #9538 0 800000e8 00000721  a4=f0040a28 ; c.addi  a4,8
     10481 :    #9539 0 800000ea fed513e3              ; bne     a0,a3,0x800000d0
     10482 :    #9540 0 800000d0 0007a883  a7=00000158 ; lw      a7,0(a5) [f0041a18]
     10483 :    #9541 0 800000d4 00072803  a6=00000158 ; lw      a6,0(a4) [f0040a28]
     10484 :    #9542 0 800000d8 000043cc  a1=0000017c ; c.lw    a1,128(a5) [f0041a98]
     10485 :    #9543 0 800000da 00004350  a2=0000017c ; c.lw    a2,128(a4) [f0040aa8]
     10486 :    #9544 0 800000dc 01089f63              ; bne     a7,a6,0x800000fa
     10487 :    #9545 0 800000e0 00000509  a0=000000fc ; c.addi  a0,2
     10488 :    #9546 0 800000e2 00c59763              ; bne     a1,a2,0x800000f0
     10489 :    #9547 0 800000e6 000007a1  a5=f0041a20 ; c.addi  a5,8
     10490 :    #9548 0 800000e8 00000721  a4=f0040a30 ; c.addi  a4,8
     10491 :    #9549 0 800000ea fed513e3              ; bne     a0,a3,0x800000d0
     10492 :    #9550 0 800000d0 0007a883  a7=000001c2 ; lw      a7,0(a5) [f0041a20]
     10493 :    #9551 0 800000d4 00072803  a6=000001c2 ; lw      a6,0(a4) [f0040a30]
     10494 :    #9552 0 800000d8 000043cc  a1=00000200 ; c.lw    a1,128(a5) [f0041aa0]
     10495 :    #9553 0 800000da 00004350  a2=00000200 ; c.lw    a2,128(a4) [f0040ab0]
     10496 :    #9554 0 800000dc 01089f63              ; bne     a7,a6,0x800000fa
     10497 :    #9555 0 800000e0 00000509  a0=000000fe ; c.addi  a0,2
     10498 :    #9556 0 800000e2 00c59763              ; bne     a1,a2,0x800000f0
     10499 :    #9557 0 800000e6 000007a1  a5=f0041a28 ; c.addi  a5,8
     10500 :    #9558 0 800000e8 00000721  a4=f0040a38 ; c.addi  a4,8
     10501 :    #9559 0 800000ea fed513e3              ; bne     a0,a3,0x800000d0
     10502 :    #9560 0 800000d0 0007a883  a7=00000200 ; lw      a7,0(a5) [f0041a28]
     10503 :    #9561 0 800000d4 00072803  a6=00000200 ; lw      a6,0(a4) [f0040a38]
     10504 :    #9562 0 800000d8 000043cc  a1=00000200 ; c.lw    a1,128(a5) [f0041aa8]
     10505 :    #9563 0 800000da 00004350  a2=00000200 ; c.lw    a2,128(a4) [f0040ab8]
     10506 :    #9564 0 800000dc 01089f63              ; bne     a7,a6,0x800000fa
     10507 :    #9565 0 800000e0 00000509  a0=00000100 ; c.addi  a0,2
     10508 :    #9566 0 800000e2 00c59763              ; bne     a1,a2,0x800000f0
     10509 :    #9567 0 800000e6 000007a1  a5=f0041a30 ; c.addi  a5,8
     10510 :    #9568 0 800000e8 00000721  a4=f0040a40 ; c.addi  a4,8
     10511 :    #9569 0 800000ea fed513e3              ; bne     a0,a3,0x800000d0
     10512 :    #9570 0 800000d0 0007a883  a7=00000395 ; lw      a7,0(a5) [f0041a30]
     10513 :    #9571 0 800000d4 00072803  a6=00000395 ; lw      a6,0(a4) [f0040a40]
     10514 :    #9572 0 800000d8 000043cc  a1=00000395 ; c.lw    a1,128(a5) [f0041ab0]
     10515 :    #9573 0 800000da 00004350  a2=00000395 ; c.lw    a2,128(a4) [f0040ac0]
     10516 :    #9574 0 800000dc 01089f63              ; bne     a7,a6,0x800000fa
     10517 :    #9575 0 800000e0 00000509  a0=00000102 ; c.addi  a0,2
     10518 :    #9576 0 800000e2 00c59763              ; bne     a1,a2,0x800000f0
     10519 :    #9577 0 800000e6 000007a1  a5=f0041a38 ; c.addi  a5,8
     10520 :    #9578 0 800000e8 00000721  a4=f0040a48 ; c.addi  a4,8
     10521 :    #9579 0 800000ea fed513e3              ; bne     a0,a3,0x800000d0
     10522 :    #9580 0 800000d0 0007a883  a7=0000021b ; lw      a7,0(a5) [f0041a38]
     10523 :    #9581 0 800000d4 00072803  a6=0000021b ; lw      a6,0(a4) [f0040a48]
     10524 :    #9582 0 800000d8 000043cc  a1=0000021b ; c.lw    a1,128(a5) [f0041ab8]
     10525 :    #9583 0 800000da 00004350  a2=0000021b ; c.lw    a2,128(a4) [f0040ac8]
     10526 :    #9584 0 800000dc 01089f63              ; bne     a7,a6,0x800000fa
     10527 :    #9585 0 800000e0 00000509  a0=00000104 ; c.addi  a0,2
     10528 :    #9586 0 800000e2 00c59763              ; bne     a1,a2,0x800000f0
     10529 :    #9587 0 800000e6 000007a1  a5=f0041a40 ; c.addi  a5,8
     10530 :    #9588 0 800000e8 00000721  a4=f0040a50 ; c.addi  a4,8
     10531 :    #9589 0 800000ea fed513e3              ; bne     a0,a3,0x800000d0
     10532 :    #9590 0 800000d0 0007a883  a7=00000328 ; lw      a7,0(a5) [f0041a40]
     10533 :    #9591 0 800000d4 00072803  a6=00000328 ; lw      a6,0(a4) [f0040a50]
     10534 :    #9592 0 800000d8 000043cc  a1=00000372 ; c.lw    a1,128(a5) [f0041ac0]
     10535 :    #9593 0 800000da 00004350  a2=00000372 ; c.lw    a2,128(a4) [f0040ad0]
     10536 :    #9594 0 800000dc 01089f63              ; bne     a7,a6,0x800000fa
     10537 :    #9595 0 800000e0 00000509  a0=00000106 ; c.addi  a0,2
     10538 :    #9596 0 800000e2 00c59763              ; bne     a1,a2,0x800000f0
     10539 :    #9597 0 800000e6 000007a1  a5=f0041a48 ; c.addi  a5,8
     10540 :    #9598 0 800000e8 00000721  a4=f0040a58 ; c.addi  a4,8
     10541 :    #9599 0 800000ea fed513e3              ; bne     a0,a3,0x800000d0
     10542 :    #9600 0 800000d0 0007a883  a7=00000377 ; lw      a7,0(a5) [f0041a48]
     10543 :    #9601 0 800000d4 00072803  a6=00000377 ; lw      a6,0(a4) [f0040a58]
     10544 :    #9602 0 800000d8 000043cc  a1=00000372 ; c.lw    a1,128(a5) [f0041ac8]
     10545 :    #9603 0 800000da 00004350  a2=00000372 ; c.lw    a2,128(a4) [f0040ad8]
     10546 :    #9604 0 800000dc 01089f63              ; bne     a7,a6,0x800000fa
     10547 :    #9605 0 800000e0 00000509  a0=00000108 ; c.addi  a0,2
     10548 :    #9606 0 800000e2 00c59763              ; bne     a1,a2,0x800000f0
     10549 :    #9607 0 800000e6 000007a1  a5=f0041a50 ; c.addi  a5,8
     10550 :    #9608 0 800000e8 00000721  a4=f0040a60 ; c.addi  a4,8
     10551 :    #9609 0 800000ea fed513e3              ; bne     a0,a3,0x800000d0
     10552 :    #9610 0 800000d0 0007a883  a7=00000219 ; lw      a7,0(a5) [f0041a50]
     10553 :    #9611 0 800000d4 00072803  a6=00000219 ; lw      a6,0(a4) [f0040a60]
     10554 :    #9612 0 800000d8 000043cc  a1=00000219 ; c.lw    a1,128(a5) [f0041ad0]
     10555 :    #9613 0 800000da 00004350  a2=00000219 ; c.lw    a2,128(a4) [f0040ae0]
     10556 :    #9614 0 800000dc 01089f63              ; bne     a7,a6,0x800000fa
     10557 :    #9615 0 800000e0 00000509  a0=0000010a ; c.addi  a0,2
     10558 :    #9616 0 800000e2 00c59763              ; bne     a1,a2,0x800000f0
     10559 :    #9617 0 800000e6 000007a1  a5=f0041a58 ; c.addi  a5,8
     10560 :    #9618 0 800000e8 00000721  a4=f0040a68 ; c.addi  a4,8
     10561 :    #9619 0 800000ea fed513e3              ; bne     a0,a3,0x800000d0
     10562 :    #9620 0 800000d0 0007a883  a7=00000264 ; lw      a7,0(a5) [f0041a58]
     10563 :    #9621 0 800000d4 00072803  a6=00000264 ; lw      a6,0(a4) [f0040a68]
     10564 :    #9622 0 800000d8 000043cc  a1=000002bd ; c.lw    a1,128(a5) [f0041ad8]
     10565 :    #9623 0 800000da 00004350  a2=000002bd ; c.lw    a2,128(a4) [f0040ae8]
     10566 :    #9624 0 800000dc 01089f63              ; bne     a7,a6,0x800000fa
     10567 :    #9625 0 800000e0 00000509  a0=0000010c ; c.addi  a0,2
     10568 :    #9626 0 800000e2 00c59763              ; bne     a1,a2,0x800000f0
     10569 :    #9627 0 800000e6 000007a1  a5=f0041a60 ; c.addi  a5,8
     10570 :    #9628 0 800000e8 00000721  a4=f0040a70 ; c.addi  a4,8
     10571 :    #9629 0 800000ea fed513e3              ; bne     a0,a3,0x800000d0
     10572 :    #9630 0 800000d0 0007a883  a7=000002bd ; lw      a7,0(a5) [f0041a60]
     10573 :    #9631 0 800000d4 00072803  a6=000002bd ; lw      a6,0(a4) [f0040a70]
     10574 :    #9632 0 800000d8 000043cc  a1=000002bd ; c.lw    a1,128(a5) [f0041ae0]
     10575 :    #9633 0 800000da 00004350  a2=000002bd ; c.lw    a2,128(a4) [f0040af0]
     10576 :    #9634 0 800000dc 01089f63              ; bne     a7,a6,0x800000fa
     10577 :    #9635 0 800000e0 00000509  a0=0000010e ; c.addi  a0,2
     10578 :    #9636 0 800000e2 00c59763              ; bne     a1,a2,0x800000f0
     10579 :    #9637 0 800000e6 000007a1  a5=f0041a68 ; c.addi  a5,8
     10580 :    #9638 0 800000e8 00000721  a4=f0040a78 ; c.addi  a4,8
     10581 :    #9639 0 800000ea fed513e3              ; bne     a0,a3,0x800000d0
     10582 :    #9640 0 800000d0 0007a883  a7=000001df ; lw      a7,0(a5) [f0041a68]
     10583 :    #9641 0 800000d4 00072803  a6=000001df ; lw      a6,0(a4) [f0040a78]
     10584 :    #9642 0 800000d8 000043cc  a1=000001df ; c.lw    a1,128(a5) [f0041ae8]
     10585 :    #9643 0 800000da 00004350  a2=000001df ; c.lw    a2,128(a4) [f0040af8]
     10586 :    #9644 0 800000dc 01089f63              ; bne     a7,a6,0x800000fa
     10587 :    #9645 0 800000e0 00000509  a0=00000110 ; c.addi  a0,2
     10588 :    #9646 0 800000e2 00c59763              ; bne     a1,a2,0x800000f0
     10589 :    #9647 0 800000e6 000007a1  a5=f0041a70 ; c.addi  a5,8
     10590 :    #9648 0 800000e8 00000721  a4=f0040a80 ; c.addi  a4,8
     10591 :    #9649 0 800000ea fed513e3              ; bne     a0,a3,0x800000d0
     10592 :    #9650 0 800000d0 0007a883  a7=000001df ; lw      a7,0(a5) [f0041a70]
     10593 :    #9651 0 800000d4 00072803  a6=000001df ; lw      a6,0(a4) [f0040a80]
     10594 :    #9652 0 800000d8 000043cc  a1=00000237 ; c.lw    a1,128(a5) [f0041af0]
     10595 :    #9653 0 800000da 00004350  a2=00000237 ; c.lw    a2,128(a4) [f0040b00]
     10596 :    #9654 0 800000dc 01089f63              ; bne     a7,a6,0x800000fa
     10597 :    #9655 0 800000e0 00000509  a0=00000112 ; c.addi  a0,2
     10598 :    #9656 0 800000e2 00c59763              ; bne     a1,a2,0x800000f0
     10599 :    #9657 0 800000e6 000007a1  a5=f0041a78 ; c.addi  a5,8
     10600 :    #9658 0 800000e8 00000721  a4=f0040a88 ; c.addi  a4,8
     10601 :    #9659 0 800000ea fed513e3              ; bne     a0,a3,0x800000d0
     10602 :    #9660 0 800000d0 0007a883  a7=00000097 ; lw      a7,0(a5) [f0041a78]
     10603 :    #9661 0 800000d4 00072803  a6=00000097 ; lw      a6,0(a4) [f0040a88]
     10604 :    #9662 0 800000d8 000043cc  a1=00000016 ; c.lw    a1,128(a5) [f0041af8]
     10605 :    #9663 0 800000da 00004350  a2=00000016 ; c.lw    a2,128(a4) [f0040b08]
     10606 :    #9664 0 800000dc 01089f63              ; bne     a7,a6,0x800000fa
     10607 :    #9665 0 800000e0 00000509  a0=00000114 ; c.addi  a0,2
     10608 :    #9666 0 800000e2 00c59763              ; bne     a1,a2,0x800000f0
     10609 :    #9667 0 800000e6 000007a1  a5=f0041a80 ; c.addi  a5,8
     10610 :    #9668 0 800000e8 00000721  a4=f0040a90 ; c.addi  a4,8
     10611 :    #9669 0 800000ea fed513e3              ; bne     a0,a3,0x800000d0
     10612 :    #9670 0 800000d0 0007a883  a7=00000016 ; lw      a7,0(a5) [f0041a80]
     10613 :    #9671 0 800000d4 00072803  a6=00000016 ; lw      a6,0(a4) [f0040a90]
     10614 :    #9672 0 800000d8 000043cc  a1=00000238 ; c.lw    a1,128(a5) [f0041b00]
     10615 :    #9673 0 800000da 00004350  a2=00000238 ; c.lw    a2,128(a4) [f0040b10]
     10616 :    #9674 0 800000dc 01089f63              ; bne     a7,a6,0x800000fa
     10617 :    #9675 0 800000e0 00000509  a0=00000116 ; c.addi  a0,2
     10618 :    #9676 0 800000e2 00c59763              ; bne     a1,a2,0x800000f0
     10619 :    #9677 0 800000e6 000007a1  a5=f0041a88 ; c.addi  a5,8
     10620 :    #9678 0 800000e8 00000721  a4=f0040a98 ; c.addi  a4,8
     10621 :    #9679 0 800000ea fed513e3              ; bne     a0,a3,0x800000d0
     10622 :    #9680 0 800000d0 0007a883  a7=00000238 ; lw      a7,0(a5) [f0041a88]
     10623 :    #9681 0 800000d4 00072803  a6=00000238 ; lw      a6,0(a4) [f0040a98]
     10624 :    #9682 0 800000d8 000043cc  a1=00000238 ; c.lw    a1,128(a5) [f0041b08]
     10625 :    #9683 0 800000da 00004350  a2=00000238 ; c.lw    a2,128(a4) [f0040b18]
     10626 :    #9684 0 800000dc 01089f63              ; bne     a7,a6,0x800000fa
     10627 :    #9685 0 800000e0 00000509  a0=00000118 ; c.addi  a0,2
     10628 :    #9686 0 800000e2 00c59763              ; bne     a1,a2,0x800000f0
     10629 :    #9687 0 800000e6 000007a1  a5=f0041a90 ; c.addi  a5,8
     10630 :    #9688 0 800000e8 00000721  a4=f0040aa0 ; c.addi  a4,8
     10631 :    #9689 0 800000ea fed513e3              ; bne     a0,a3,0x800000d0
     10632 :    #9690 0 800000d0 0007a883  a7=00000299 ; lw      a7,0(a5) [f0041a90]
     10633 :    #9691 0 800000d4 00072803  a6=00000299 ; lw      a6,0(a4) [f0040aa0]
     10634 :    #9692 0 800000d8 000043cc  a1=00000299 ; c.lw    a1,128(a5) [f0041b10]
     10635 :    #9693 0 800000da 00004350  a2=00000299 ; c.lw    a2,128(a4) [f0040b20]
     10636 :    #9694 0 800000dc 01089f63              ; bne     a7,a6,0x800000fa
     10637 :    #9695 0 800000e0 00000509  a0=0000011a ; c.addi  a0,2
     10638 :    #9696 0 800000e2 00c59763              ; bne     a1,a2,0x800000f0
     10639 :    #9697 0 800000e6 000007a1  a5=f0041a98 ; c.addi  a5,8
     10640 :    #9698 0 800000e8 00000721  a4=f0040aa8 ; c.addi  a4,8
     10641 :    #9699 0 800000ea fed513e3              ; bne     a0,a3,0x800000d0
     10642 :    #9700 0 800000d0 0007a883  a7=000001a7 ; lw      a7,0(a5) [f0041a98]
     10643 :    #9701 0 800000d4 00072803  a6=000001a7 ; lw      a6,0(a4) [f0040aa8]
     10644 :    #9702 0 800000d8 000043cc  a1=000001a7 ; c.lw    a1,128(a5) [f0041b18]
     10645 :    #9703 0 800000da 00004350  a2=000001a7 ; c.lw    a2,128(a4) [f0040b28]
     10646 :    #9704 0 800000dc 01089f63              ; bne     a7,a6,0x800000fa
     10647 :    #9705 0 800000e0 00000509  a0=0000011c ; c.addi  a0,2
     10648 :    #9706 0 800000e2 00c59763              ; bne     a1,a2,0x800000f0
     10649 :    #9707 0 800000e6 000007a1  a5=f0041aa0 ; c.addi  a5,8
     10650 :    #9708 0 800000e8 00000721  a4=f0040ab0 ; c.addi  a4,8
     10651 :    #9709 0 800000ea fed513e3              ; bne     a0,a3,0x800000d0
     10652 :    #9710 0 800000d0 0007a883  a7=000001b2 ; lw      a7,0(a5) [f0041aa0]
     10653 :    #9711 0 800000d4 00072803  a6=000001b2 ; lw      a6,0(a4) [f0040ab0]
     10654 :    #9712 0 800000d8 000043cc  a1=000001b2 ; c.lw    a1,128(a5) [f0041b20]
     10655 :    #9713 0 800000da 00004350  a2=000001b2 ; c.lw    a2,128(a4) [f0040b30]
     10656 :    #9714 0 800000dc 01089f63              ; bne     a7,a6,0x800000fa
     10657 :    #9715 0 800000e0 00000509  a0=0000011e ; c.addi  a0,2
     10658 :    #9716 0 800000e2 00c59763              ; bne     a1,a2,0x800000f0
     10659 :    #9717 0 800000e6 000007a1  a5=f0041aa8 ; c.addi  a5,8
     10660 :    #9718 0 800000e8 00000721  a4=f0040ab8 ; c.addi  a4,8
     10661 :    #9719 0 800000ea fed513e3              ; bne     a0,a3,0x800000d0
     10662 :    #9720 0 800000d0 0007a883  a7=00000118 ; lw      a7,0(a5) [f0041aa8]
     10663 :    #9721 0 800000d4 00072803  a6=00000118 ; lw      a6,0(a4) [f0040ab8]
     10664 :    #9722 0 800000d8 000043cc  a1=0000009e ; c.lw    a1,128(a5) [f0041b28]
     10665 :    #9723 0 800000da 00004350  a2=0000009e ; c.lw    a2,128(a4) [f0040b38]
     10666 :    #9724 0 800000dc 01089f63              ; bne     a7,a6,0x800000fa
     10667 :    #9725 0 800000e0 00000509  a0=00000120 ; c.addi  a0,2
     10668 :    #9726 0 800000e2 00c59763              ; bne     a1,a2,0x800000f0
     10669 :    #9727 0 800000e6 000007a1  a5=f0041ab0 ; c.addi  a5,8
     10670 :    #9728 0 800000e8 00000721  a4=f0040ac0 ; c.addi  a4,8
     10671 :    #9729 0 800000ea fed513e3              ; bne     a0,a3,0x800000d0
     10672 :    #9730 0 800000d0 0007a883  a7=00000118 ; lw      a7,0(a5) [f0041ab0]
     10673 :    #9731 0 800000d4 00072803  a6=00000118 ; lw      a6,0(a4) [f0040ac0]
     10674 :    #9732 0 800000d8 000043cc  a1=00000054 ; c.lw    a1,128(a5) [f0041b30]
     10675 :    #9733 0 800000da 00004350  a2=00000054 ; c.lw    a2,128(a4) [f0040b40]
     10676 :    #9734 0 800000dc 01089f63              ; bne     a7,a6,0x800000fa
     10677 :    #9735 0 800000e0 00000509  a0=00000122 ; c.addi  a0,2
     10678 :    #9736 0 800000e2 00c59763              ; bne     a1,a2,0x800000f0
     10679 :    #9737 0 800000e6 000007a1  a5=f0041ab8 ; c.addi  a5,8
     10680 :    #9738 0 800000e8 00000721  a4=f0040ac8 ; c.addi  a4,8
     10681 :    #9739 0 800000ea fed513e3              ; bne     a0,a3,0x800000d0
     10682 :    #9740 0 800000d0 0007a883  a7=0000018b ; lw      a7,0(a5) [f0041ab8]
     10683 :    #9741 0 800000d4 00072803  a6=0000018b ; lw      a6,0(a4) [f0040ac8]
     10684 :    #9742 0 800000d8 000043cc  a1=000000f7 ; c.lw    a1,128(a5) [f0041b38]
     10685 :    #9743 0 800000da 00004350  a2=000000f7 ; c.lw    a2,128(a4) [f0040b48]
     10686 :    #9744 0 800000dc 01089f63              ; bne     a7,a6,0x800000fa
     10687 :    #9745 0 800000e0 00000509  a0=00000124 ; c.addi  a0,2
     10688 :    #9746 0 800000e2 00c59763              ; bne     a1,a2,0x800000f0
     10689 :    #9747 0 800000e6 000007a1  a5=f0041ac0 ; c.addi  a5,8
     10690 :    #9748 0 800000e8 00000721  a4=f0040ad0 ; c.addi  a4,8
     10691 :    #9749 0 800000ea fed513e3              ; bne     a0,a3,0x800000d0
     10692 :    #9750 0 800000d0 0007a883  a7=000002b0 ; lw      a7,0(a5) [f0041ac0]
     10693 :    #9751 0 800000d4 00072803  a6=000002b0 ; lw      a6,0(a4) [f0040ad0]
     10694 :    #9752 0 800000d8 000043cc  a1=000000f7 ; c.lw    a1,128(a5) [f0041b40]
     10695 :    #9753 0 800000da 00004350  a2=000000f7 ; c.lw    a2,128(a4) [f0040b50]
     10696 :    #9754 0 800000dc 01089f63              ; bne     a7,a6,0x800000fa
     10697 :    #9755 0 800000e0 00000509  a0=00000126 ; c.addi  a0,2
     10698 :    #9756 0 800000e2 00c59763              ; bne     a1,a2,0x800000f0
     10699 :    #9757 0 800000e6 000007a1  a5=f0041ac8 ; c.addi  a5,8
     10700 :    #9758 0 800000e8 00000721  a4=f0040ad8 ; c.addi  a4,8
     10701 :    #9759 0 800000ea fed513e3              ; bne     a0,a3,0x800000d0
     10702 :    #9760 0 800000d0 0007a883  a7=000001dc ; lw      a7,0(a5) [f0041ac8]
     10703 :    #9761 0 800000d4 00072803  a6=000001dc ; lw      a6,0(a4) [f0040ad8]
     10704 :    #9762 0 800000d8 000043cc  a1=000001b3 ; c.lw    a1,128(a5) [f0041b48]
     10705 :    #9763 0 800000da 00004350  a2=000001b3 ; c.lw    a2,128(a4) [f0040b58]
     10706 :    #9764 0 800000dc 01089f63              ; bne     a7,a6,0x800000fa
     10707 :    #9765 0 800000e0 00000509  a0=00000128 ; c.addi  a0,2
     10708 :    #9766 0 800000e2 00c59763              ; bne     a1,a2,0x800000f0
     10709 :    #9767 0 800000e6 000007a1  a5=f0041ad0 ; c.addi  a5,8
     10710 :    #9768 0 800000e8 00000721  a4=f0040ae0 ; c.addi  a4,8
     10711 :    #9769 0 800000ea fed513e3              ; bne     a0,a3,0x800000d0
     10712 :    #9770 0 800000d0 0007a883  a7=000001dc ; lw      a7,0(a5) [f0041ad0]
     10713 :    #9771 0 800000d4 00072803  a6=000001dc ; lw      a6,0(a4) [f0040ae0]
     10714 :    #9772 0 800000d8 000043cc  a1=00000318 ; c.lw    a1,128(a5) [f0041b50]
     10715 :    #9773 0 800000da 00004350  a2=00000318 ; c.lw    a2,128(a4) [f0040b60]
     10716 :    #9774 0 800000dc 01089f63              ; bne     a7,a6,0x800000fa
     10717 :    #9775 0 800000e0 00000509  a0=0000012a ; c.addi  a0,2
     10718 :    #9776 0 800000e2 00c59763              ; bne     a1,a2,0x800000f0
     10719 :    #9777 0 800000e6 000007a1  a5=f0041ad8 ; c.addi  a5,8
     10720 :    #9778 0 800000e8 00000721  a4=f0040ae8 ; c.addi  a4,8
     10721 :    #9779 0 800000ea fed513e3              ; bne     a0,a3,0x800000d0
     10722 :    #9780 0 800000d0 0007a883  a7=00000318 ; lw      a7,0(a5) [f0041ad8]
     10723 :    #9781 0 800000d4 00072803  a6=00000318 ; lw      a6,0(a4) [f0040ae8]
     10724 :    #9782 0 800000d8 000043cc  a1=00000318 ; c.lw    a1,128(a5) [f0041b58]
     10725 :    #9783 0 800000da 00004350  a2=00000318 ; c.lw    a2,128(a4) [f0040b68]
     10726 :    #9784 0 800000dc 01089f63              ; bne     a7,a6,0x800000fa
     10727 :    #9785 0 800000e0 00000509  a0=0000012c ; c.addi  a0,2
     10728 :    #9786 0 800000e2 00c59763              ; bne     a1,a2,0x800000f0
     10729 :    #9787 0 800000e6 000007a1  a5=f0041ae0 ; c.addi  a5,8
     10730 :    #9788 0 800000e8 00000721  a4=f0040af0 ; c.addi  a4,8
     10731 :    #9789 0 800000ea fed513e3              ; bne     a0,a3,0x800000d0
     10732 :    #9790 0 800000d0 0007a883  a7=000002d9 ; lw      a7,0(a5) [f0041ae0]
     10733 :    #9791 0 800000d4 00072803  a6=000002d9 ; lw      a6,0(a4) [f0040af0]
     10734 :    #9792 0 800000d8 000043cc  a1=000001e6 ; c.lw    a1,128(a5) [f0041b60]
     10735 :    #9793 0 800000da 00004350  a2=000001e6 ; c.lw    a2,128(a4) [f0040b70]
     10736 :    #9794 0 800000dc 01089f63              ; bne     a7,a6,0x800000fa
     10737 :    #9795 0 800000e0 00000509  a0=0000012e ; c.addi  a0,2
     10738 :    #9796 0 800000e2 00c59763              ; bne     a1,a2,0x800000f0
     10739 :    #9797 0 800000e6 000007a1  a5=f0041ae8 ; c.addi  a5,8
     10740 :    #9798 0 800000e8 00000721  a4=f0040af8 ; c.addi  a4,8
     10741 :    #9799 0 800000ea fed513e3              ; bne     a0,a3,0x800000d0
     10742 :    #9800 0 800000d0 0007a883  a7=00000109 ; lw      a7,0(a5) [f0041ae8]
     10743 :    #9801 0 800000d4 00072803  a6=00000109 ; lw      a6,0(a4) [f0040af8]
     10744 :    #9802 0 800000d8 000043cc  a1=0000019e ; c.lw    a1,128(a5) [f0041b68]
     10745 :    #9803 0 800000da 00004350  a2=0000019e ; c.lw    a2,128(a4) [f0040b78]
     10746 :    #9804 0 800000dc 01089f63              ; bne     a7,a6,0x800000fa
     10747 :    #9805 0 800000e0 00000509  a0=00000130 ; c.addi  a0,2
     10748 :    #9806 0 800000e2 00c59763              ; bne     a1,a2,0x800000f0
     10749 :    #9807 0 800000e6 000007a1  a5=f0041af0 ; c.addi  a5,8
     10750 :    #9808 0 800000e8 00000721  a4=f0040b00 ; c.addi  a4,8
     10751 :    #9809 0 800000ea fed513e3              ; bne     a0,a3,0x800000d0
     10752 :    #9810 0 800000d0 0007a883  a7=000000ec ; lw      a7,0(a5) [f0041af0]
     10753 :    #9811 0 800000d4 00072803  a6=000000ec ; lw      a6,0(a4) [f0040b00]
     10754 :    #9812 0 800000d8 000043cc  a1=00000171 ; c.lw    a1,128(a5) [f0041b70]
     10755 :    #9813 0 800000da 00004350  a2=00000171 ; c.lw    a2,128(a4) [f0040b80]
     10756 :    #9814 0 800000dc 01089f63              ; bne     a7,a6,0x800000fa
     10757 :    #9815 0 800000e0 00000509  a0=00000132 ; c.addi  a0,2
     10758 :    #9816 0 800000e2 00c59763              ; bne     a1,a2,0x800000f0
     10759 :    #9817 0 800000e6 000007a1  a5=f0041af8 ; c.addi  a5,8
     10760 :    #9818 0 800000e8 00000721  a4=f0040b08 ; c.addi  a4,8
     10761 :    #9819 0 800000ea fed513e3              ; bne     a0,a3,0x800000d0
     10762 :    #9820 0 800000d0 0007a883  a7=000000ec ; lw      a7,0(a5) [f0041af8]
     10763 :    #9821 0 800000d4 00072803  a6=000000ec ; lw      a6,0(a4) [f0040b08]
     10764 :    #9822 0 800000d8 000043cc  a1=00000171 ; c.lw    a1,128(a5) [f0041b78]
     10765 :    #9823 0 800000da 00004350  a2=00000171 ; c.lw    a2,128(a4) [f0040b88]
     10766 :    #9824 0 800000dc 01089f63              ; bne     a7,a6,0x800000fa
     10767 :    #9825 0 800000e0 00000509  a0=00000134 ; c.addi  a0,2
     10768 :    #9826 0 800000e2 00c59763              ; bne     a1,a2,0x800000f0
     10769 :    #9827 0 800000e6 000007a1  a5=f0041b00 ; c.addi  a5,8
     10770 :    #9828 0 800000e8 00000721  a4=f0040b10 ; c.addi  a4,8
     10771 :    #9829 0 800000ea fed513e3              ; bne     a0,a3,0x800000d0
     10772 :    #9830 0 800000d0 0007a883  a7=000000d6 ; lw      a7,0(a5) [f0041b00]
     10773 :    #9831 0 800000d4 00072803  a6=000000d6 ; lw      a6,0(a4) [f0040b10]
     10774 :    #9832 0 800000d8 000043cc  a1=00000206 ; c.lw    a1,128(a5) [f0041b80]
     10775 :    #9833 0 800000da 00004350  a2=00000206 ; c.lw    a2,128(a4) [f0040b90]
     10776 :    #9834 0 800000dc 01089f63              ; bne     a7,a6,0x800000fa
     10777 :    #9835 0 800000e0 00000509  a0=00000136 ; c.addi  a0,2
     10778 :    #9836 0 800000e2 00c59763              ; bne     a1,a2,0x800000f0
     10779 :    #9837 0 800000e6 000007a1  a5=f0041b08 ; c.addi  a5,8
     10780 :    #9838 0 800000e8 00000721  a4=f0040b18 ; c.addi  a4,8
     10781 :    #9839 0 800000ea fed513e3              ; bne     a0,a3,0x800000d0
     10782 :    #9840 0 800000d0 0007a883  a7=000000b4 ; lw      a7,0(a5) [f0041b08]
     10783 :    #9841 0 800000d4 00072803  a6=000000b4 ; lw      a6,0(a4) [f0040b18]
     10784 :    #9842 0 800000d8 000043cc  a1=00000206 ; c.lw    a1,128(a5) [f0041b88]
     10785 :    #9843 0 800000da 00004350  a2=00000206 ; c.lw    a2,128(a4) [f0040b98]
     10786 :    #9844 0 800000dc 01089f63              ; bne     a7,a6,0x800000fa
     10787 :    #9845 0 800000e0 00000509  a0=00000138 ; c.addi  a0,2
     10788 :    #9846 0 800000e2 00c59763              ; bne     a1,a2,0x800000f0
     10789 :    #9847 0 800000e6 000007a1  a5=f0041b10 ; c.addi  a5,8
     10790 :    #9848 0 800000e8 00000721  a4=f0040b20 ; c.addi  a4,8
     10791 :    #9849 0 800000ea fed513e3              ; bne     a0,a3,0x800000d0
     10792 :    #9850 0 800000d0 0007a883  a7=000001f7 ; lw      a7,0(a5) [f0041b10]
     10793 :    #9851 0 800000d4 00072803  a6=000001f7 ; lw      a6,0(a4) [f0040b20]
     10794 :    #9852 0 800000d8 000043cc  a1=000002aa ; c.lw    a1,128(a5) [f0041b90]
     10795 :    #9853 0 800000da 00004350  a2=000002aa ; c.lw    a2,128(a4) [f0040ba0]
     10796 :    #9854 0 800000dc 01089f63              ; bne     a7,a6,0x800000fa
     10797 :    #9855 0 800000e0 00000509  a0=0000013a ; c.addi  a0,2
     10798 :    #9856 0 800000e2 00c59763              ; bne     a1,a2,0x800000f0
     10799 :    #9857 0 800000e6 000007a1  a5=f0041b18 ; c.addi  a5,8
     10800 :    #9858 0 800000e8 00000721  a4=f0040b28 ; c.addi  a4,8
     10801 :    #9859 0 800000ea fed513e3              ; bne     a0,a3,0x800000d0
     10802 :    #9860 0 800000d0 0007a883  a7=00000254 ; lw      a7,0(a5) [f0041b18]
     10803 :    #9861 0 800000d4 00072803  a6=00000254 ; lw      a6,0(a4) [f0040b28]
     10804 :    #9862 0 800000d8 000043cc  a1=00000254 ; c.lw    a1,128(a5) [f0041b98]
     10805 :    #9863 0 800000da 00004350  a2=00000254 ; c.lw    a2,128(a4) [f0040ba8]
     10806 :    #9864 0 800000dc 01089f63              ; bne     a7,a6,0x800000fa
     10807 :    #9865 0 800000e0 00000509  a0=0000013c ; c.addi  a0,2
     10808 :    #9866 0 800000e2 00c59763              ; bne     a1,a2,0x800000f0
     10809 :    #9867 0 800000e6 000007a1  a5=f0041b20 ; c.addi  a5,8
     10810 :    #9868 0 800000e8 00000721  a4=f0040b30 ; c.addi  a4,8
     10811 :    #9869 0 800000ea fed513e3              ; bne     a0,a3,0x800000d0
     10812 :    #9870 0 800000d0 0007a883  a7=0000011c ; lw      a7,0(a5) [f0041b20]
     10813 :    #9871 0 800000d4 00072803  a6=0000011c ; lw      a6,0(a4) [f0040b30]
     10814 :    #9872 0 800000d8 000043cc  a1=00000108 ; c.lw    a1,128(a5) [f0041ba0]
     10815 :    #9873 0 800000da 00004350  a2=00000108 ; c.lw    a2,128(a4) [f0040bb0]
     10816 :    #9874 0 800000dc 01089f63              ; bne     a7,a6,0x800000fa
     10817 :    #9875 0 800000e0 00000509  a0=0000013e ; c.addi  a0,2
     10818 :    #9876 0 800000e2 00c59763              ; bne     a1,a2,0x800000f0
     10819 :    #9877 0 800000e6 000007a1  a5=f0041b28 ; c.addi  a5,8
     10820 :    #9878 0 800000e8 00000721  a4=f0040b38 ; c.addi  a4,8
     10821 :    #9879 0 800000ea fed513e3              ; bne     a0,a3,0x800000d0
     10822 :    #9880 0 800000d0 0007a883  a7=00000108 ; lw      a7,0(a5) [f0041b28]
     10823 :    #9881 0 800000d4 00072803  a6=00000108 ; lw      a6,0(a4) [f0040b38]
     10824 :    #9882 0 800000d8 000043cc  a1=000001f3 ; c.lw    a1,128(a5) [f0041ba8]
     10825 :    #9883 0 800000da 00004350  a2=000001f3 ; c.lw    a2,128(a4) [f0040bb8]
     10826 :    #9884 0 800000dc 01089f63              ; bne     a7,a6,0x800000fa
     10827 :    #9885 0 800000e0 00000509  a0=00000140 ; c.addi  a0,2
     10828 :    #9886 0 800000e2 00c59763              ; bne     a1,a2,0x800000f0
     10829 :    #9887 0 800000e6 000007a1  a5=f0041b30 ; c.addi  a5,8
     10830 :    #9888 0 800000e8 00000721  a4=f0040b40 ; c.addi  a4,8
     10831 :    #9889 0 800000ea fed513e3              ; bne     a0,a3,0x800000d0
     10832 :    #9890 0 800000d0 0007a883  a7=000001f3 ; lw      a7,0(a5) [f0041b30]
     10833 :    #9891 0 800000d4 00072803  a6=000001f3 ; lw      a6,0(a4) [f0040b40]
     10834 :    #9892 0 800000d8 000043cc  a1=0000015a ; c.lw    a1,128(a5) [f0041bb0]
     10835 :    #9893 0 800000da 00004350  a2=0000015a ; c.lw    a2,128(a4) [f0040bc0]
     10836 :    #9894 0 800000dc 01089f63              ; bne     a7,a6,0x800000fa
     10837 :    #9895 0 800000e0 00000509  a0=00000142 ; c.addi  a0,2
     10838 :    #9896 0 800000e2 00c59763              ; bne     a1,a2,0x800000f0
     10839 :    #9897 0 800000e6 000007a1  a5=f0041b38 ; c.addi  a5,8
     10840 :    #9898 0 800000e8 00000721  a4=f0040b48 ; c.addi  a4,8
     10841 :    #9899 0 800000ea fed513e3              ; bne     a0,a3,0x800000d0
     10842 :    #9900 0 800000d0 0007a883  a7=0000015a ; lw      a7,0(a5) [f0041b38]
     10843 :    #9901 0 800000d4 00072803  a6=0000015a ; lw      a6,0(a4) [f0040b48]
     10844 :    #9902 0 800000d8 000043cc  a1=00000257 ; c.lw    a1,128(a5) [f0041bb8]
     10845 :    #9903 0 800000da 00004350  a2=00000257 ; c.lw    a2,128(a4) [f0040bc8]
     10846 :    #9904 0 800000dc 01089f63              ; bne     a7,a6,0x800000fa
     10847 :    #9905 0 800000e0 00000509  a0=00000144 ; c.addi  a0,2
     10848 :    #9906 0 800000e2 00c59763              ; bne     a1,a2,0x800000f0
     10849 :    #9907 0 800000e6 000007a1  a5=f0041b40 ; c.addi  a5,8
     10850 :    #9908 0 800000e8 00000721  a4=f0040b50 ; c.addi  a4,8
     10851 :    #9909 0 800000ea fed513e3              ; bne     a0,a3,0x800000d0
     10852 :    #9910 0 800000d0 0007a883  a7=00000257 ; lw      a7,0(a5) [f0041b40]
     10853 :    #9911 0 800000d4 00072803  a6=00000257 ; lw      a6,0(a4) [f0040b50]
     10854 :    #9912 0 800000d8 000043cc  a1=000000d7 ; c.lw    a1,128(a5) [f0041bc0]
     10855 :    #9913 0 800000da 00004350  a2=000000d7 ; c.lw    a2,128(a4) [f0040bd0]
     10856 :    #9914 0 800000dc 01089f63              ; bne     a7,a6,0x800000fa
     10857 :    #9915 0 800000e0 00000509  a0=00000146 ; c.addi  a0,2
     10858 :    #9916 0 800000e2 00c59763              ; bne     a1,a2,0x800000f0
     10859 :    #9917 0 800000e6 000007a1  a5=f0041b48 ; c.addi  a5,8
     10860 :    #9918 0 800000e8 00000721  a4=f0040b58 ; c.addi  a4,8
     10861 :    #9919 0 800000ea fed513e3              ; bne     a0,a3,0x800000d0
     10862 :    #9920 0 800000d0 0007a883  a7=000000d7 ; lw      a7,0(a5) [f0041b48]
     10863 :    #9921 0 800000d4 00072803  a6=000000d7 ; lw      a6,0(a4) [f0040b58]
     10864 :    #9922 0 800000d8 000043cc  a1=000002db ; c.lw    a1,128(a5) [f0041bc8]
     10865 :    #9923 0 800000da 00004350  a2=000002db ; c.lw    a2,128(a4) [f0040bd8]
     10866 :    #9924 0 800000dc 01089f63              ; bne     a7,a6,0x800000fa
     10867 :    #9925 0 800000e0 00000509  a0=00000148 ; c.addi  a0,2
     10868 :    #9926 0 800000e2 00c59763              ; bne     a1,a2,0x800000f0
     10869 :    #9927 0 800000e6 000007a1  a5=f0041b50 ; c.addi  a5,8
     10870 :    #9928 0 800000e8 00000721  a4=f0040b60 ; c.addi  a4,8
     10871 :    #9929 0 800000ea fed513e3              ; bne     a0,a3,0x800000d0
     10872 :    #9930 0 800000d0 0007a883  a7=000002db ; lw      a7,0(a5) [f0041b50]
     10873 :    #9931 0 800000d4 00072803  a6=000002db ; lw      a6,0(a4) [f0040b60]
     10874 :    #9932 0 800000d8 000043cc  a1=000002b0 ; c.lw    a1,128(a5) [f0041bd0]
     10875 :    #9933 0 800000da 00004350  a2=000002b0 ; c.lw    a2,128(a4) [f0040be0]
     10876 :    #9934 0 800000dc 01089f63              ; bne     a7,a6,0x800000fa
     10877 :    #9935 0 800000e0 00000509  a0=0000014a ; c.addi  a0,2
     10878 :    #9936 0 800000e2 00c59763              ; bne     a1,a2,0x800000f0
     10879 :    #9937 0 800000e6 000007a1  a5=f0041b58 ; c.addi  a5,8
     10880 :    #9938 0 800000e8 00000721  a4=f0040b68 ; c.addi  a4,8
     10881 :    #9939 0 800000ea fed513e3              ; bne     a0,a3,0x800000d0
     10882 :    #9940 0 800000d0 0007a883  a7=00000292 ; lw      a7,0(a5) [f0041b58]
     10883 :    #9941 0 800000d4 00072803  a6=00000292 ; lw      a6,0(a4) [f0040b68]
     10884 :    #9942 0 800000d8 000043cc  a1=0000026b ; c.lw    a1,128(a5) [f0041bd8]
     10885 :    #9943 0 800000da 00004350  a2=0000026b ; c.lw    a2,128(a4) [f0040be8]
     10886 :    #9944 0 800000dc 01089f63              ; bne     a7,a6,0x800000fa
     10887 :    #9945 0 800000e0 00000509  a0=0000014c ; c.addi  a0,2
     10888 :    #9946 0 800000e2 00c59763              ; bne     a1,a2,0x800000f0
     10889 :    #9947 0 800000e6 000007a1  a5=f0041b60 ; c.addi  a5,8
     10890 :    #9948 0 800000e8 00000721  a4=f0040b70 ; c.addi  a4,8
     10891 :    #9949 0 800000ea fed513e3              ; bne     a0,a3,0x800000d0
     10892 :    #9950 0 800000d0 0007a883  a7=000000fb ; lw      a7,0(a5) [f0041b60]
     10893 :    #9951 0 800000d4 00072803  a6=000000fb ; lw      a6,0(a4) [f0040b70]
     10894 :    #9952 0 800000d8 000043cc  a1=000000fb ; c.lw    a1,128(a5) [f0041be0]
     10895 :    #9953 0 800000da 00004350  a2=000000fb ; c.lw    a2,128(a4) [f0040bf0]
     10896 :    #9954 0 800000dc 01089f63              ; bne     a7,a6,0x800000fa
     10897 :    #9955 0 800000e0 00000509  a0=0000014e ; c.addi  a0,2
     10898 :    #9956 0 800000e2 00c59763              ; bne     a1,a2,0x800000f0
     10899 :    #9957 0 800000e6 000007a1  a5=f0041b68 ; c.addi  a5,8
     10900 :    #9958 0 800000e8 00000721  a4=f0040b78 ; c.addi  a4,8
     10901 :    #9959 0 800000ea fed513e3              ; bne     a0,a3,0x800000d0
     10902 :    #9960 0 800000d0 0007a883  a7=00000083 ; lw      a7,0(a5) [f0041b68]
     10903 :    #9961 0 800000d4 00072803  a6=00000083 ; lw      a6,0(a4) [f0040b78]
     10904 :    #9962 0 800000d8 000043cc  a1=0000022b ; c.lw    a1,128(a5) [f0041be8]
     10905 :    #9963 0 800000da 00004350  a2=0000022b ; c.lw    a2,128(a4) [f0040bf8]
     10906 :    #9964 0 800000dc 01089f63              ; bne     a7,a6,0x800000fa
     10907 :    #9965 0 800000e0 00000509  a0=00000150 ; c.addi  a0,2
     10908 :    #9966 0 800000e2 00c59763              ; bne     a1,a2,0x800000f0
     10909 :    #9967 0 800000e6 000007a1  a5=f0041b70 ; c.addi  a5,8
     10910 :    #9968 0 800000e8 00000721  a4=f0040b80 ; c.addi  a4,8
     10911 :    #9969 0 800000ea fed513e3              ; bne     a0,a3,0x800000d0
     10912 :    #9970 0 800000d0 0007a883  a7=0000022b ; lw      a7,0(a5) [f0041b70]
     10913 :    #9971 0 800000d4 00072803  a6=0000022b ; lw      a6,0(a4) [f0040b80]
     10914 :    #9972 0 800000d8 000043cc  a1=0000022b ; c.lw    a1,128(a5) [f0041bf0]
     10915 :    #9973 0 800000da 00004350  a2=0000022b ; c.lw    a2,128(a4) [f0040c00]
     10916 :    #9974 0 800000dc 01089f63              ; bne     a7,a6,0x800000fa
     10917 :    #9975 0 800000e0 00000509  a0=00000152 ; c.addi  a0,2
     10918 :    #9976 0 800000e2 00c59763              ; bne     a1,a2,0x800000f0
     10919 :    #9977 0 800000e6 000007a1  a5=f0041b78 ; c.addi  a5,8
     10920 :    #9978 0 800000e8 00000721  a4=f0040b88 ; c.addi  a4,8
     10921 :    #9979 0 800000ea fed513e3              ; bne     a0,a3,0x800000d0
     10922 :    #9980 0 800000d0 0007a883  a7=0000029b ; lw      a7,0(a5) [f0041b78]
     10923 :    #9981 0 800000d4 00072803  a6=0000029b ; lw      a6,0(a4) [f0040b88]
     10924 :    #9982 0 800000d8 000043cc  a1=00000210 ; c.lw    a1,128(a5) [f0041bf8]
     10925 :    #9983 0 800000da 00004350  a2=00000210 ; c.lw    a2,128(a4) [f0040c08]
     10926 :    #9984 0 800000dc 01089f63              ; bne     a7,a6,0x800000fa
     10927 :    #9985 0 800000e0 00000509  a0=00000154 ; c.addi  a0,2
     10928 :    #9986 0 800000e2 00c59763              ; bne     a1,a2,0x800000f0
     10929 :    #9987 0 800000e6 000007a1  a5=f0041b80 ; c.addi  a5,8
     10930 :    #9988 0 800000e8 00000721  a4=f0040b90 ; c.addi  a4,8
     10931 :    #9989 0 800000ea fed513e3              ; bne     a0,a3,0x800000d0
     10932 :    #9990 0 800000d0 0007a883  a7=00000210 ; lw      a7,0(a5) [f0041b80]
     10933 :    #9991 0 800000d4 00072803  a6=00000210 ; lw      a6,0(a4) [f0040b90]
     10934 :    #9992 0 800000d8 000043cc  a1=00000210 ; c.lw    a1,128(a5) [f0041c00]
     10935 :    #9993 0 800000da 00004350  a2=00000210 ; c.lw    a2,128(a4) [f0040c10]
     10936 :    #9994 0 800000dc 01089f63              ; bne     a7,a6,0x800000fa
     10937 :    #9995 0 800000e0 00000509  a0=00000156 ; c.addi  a0,2
     10938 :    #9996 0 800000e2 00c59763              ; bne     a1,a2,0x800000f0
     10939 :    #9997 0 800000e6 000007a1  a5=f0041b88 ; c.addi  a5,8
     10940 :    #9998 0 800000e8 00000721  a4=f0040b98 ; c.addi  a4,8
     10941 :    #9999 0 800000ea fed513e3              ; bne     a0,a3,0x800000d0
     10942 :   #10000 0 800000d0 0007a883  a7=000001e7 ; lw      a7,0(a5) [f0041b88]
     10943 :   #10001 0 800000d4 00072803  a6=000001e7 ; lw      a6,0(a4) [f0040b98]
     10944 :   #10002 0 800000d8 000043cc  a1=000001e7 ; c.lw    a1,128(a5) [f0041c08]
     10945 :   #10003 0 800000da 00004350  a2=000001e7 ; c.lw    a2,128(a4) [f0040c18]
     10946 :   #10004 0 800000dc 01089f63              ; bne     a7,a6,0x800000fa
     10947 :   #10005 0 800000e0 00000509  a0=00000158 ; c.addi  a0,2
     10948 :   #10006 0 800000e2 00c59763              ; bne     a1,a2,0x800000f0
     10949 :   #10007 0 800000e6 000007a1  a5=f0041b90 ; c.addi  a5,8
     10950 :   #10008 0 800000e8 00000721  a4=f0040ba0 ; c.addi  a4,8
     10951 :   #10009 0 800000ea fed513e3              ; bne     a0,a3,0x800000d0
     10952 :   #10010 0 800000d0 0007a883  a7=000001e7 ; lw      a7,0(a5) [f0041b90]
     10953 :   #10011 0 800000d4 00072803  a6=000001e7 ; lw      a6,0(a4) [f0040ba0]
     10954 :   #10012 0 800000d8 000043cc  a1=000002f1 ; c.lw    a1,128(a5) [f0041c10]
     10955 :   #10013 0 800000da 00004350  a2=000002f1 ; c.lw    a2,128(a4) [f0040c20]
     10956 :   #10014 0 800000dc 01089f63              ; bne     a7,a6,0x800000fa
     10957 :   #10015 0 800000e0 00000509  a0=0000015a ; c.addi  a0,2
     10958 :   #10016 0 800000e2 00c59763              ; bne     a1,a2,0x800000f0
     10959 :   #10017 0 800000e6 000007a1  a5=f0041b98 ; c.addi  a5,8
     10960 :   #10018 0 800000e8 00000721  a4=f0040ba8 ; c.addi  a4,8
     10961 :   #10019 0 800000ea fed513e3              ; bne     a0,a3,0x800000d0
     10962 :   #10020 0 800000d0 0007a883  a7=000002f1 ; lw      a7,0(a5) [f0041b98]
     10963 :   #10021 0 800000d4 00072803  a6=000002f1 ; lw      a6,0(a4) [f0040ba8]
     10964 :   #10022 0 800000d8 000043cc  a1=0000011f ; c.lw    a1,128(a5) [f0041c18]
     10965 :   #10023 0 800000da 00004350  a2=0000011f ; c.lw    a2,128(a4) [f0040c28]
     10966 :   #10024 0 800000dc 01089f63              ; bne     a7,a6,0x800000fa
     10967 :   #10025 0 800000e0 00000509  a0=0000015c ; c.addi  a0,2
     10968 :   #10026 0 800000e2 00c59763              ; bne     a1,a2,0x800000f0
     10969 :   #10027 0 800000e6 000007a1  a5=f0041ba0 ; c.addi  a5,8
     10970 :   #10028 0 800000e8 00000721  a4=f0040bb0 ; c.addi  a4,8
     10971 :   #10029 0 800000ea fed513e3              ; bne     a0,a3,0x800000d0
     10972 :   #10030 0 800000d0 0007a883  a7=0000011f ; lw      a7,0(a5) [f0041ba0]
     10973 :   #10031 0 800000d4 00072803  a6=0000011f ; lw      a6,0(a4) [f0040bb0]
     10974 :   #10032 0 800000d8 000043cc  a1=00000272 ; c.lw    a1,128(a5) [f0041c20]
     10975 :   #10033 0 800000da 00004350  a2=00000272 ; c.lw    a2,128(a4) [f0040c30]
     10976 :   #10034 0 800000dc 01089f63              ; bne     a7,a6,0x800000fa
     10977 :   #10035 0 800000e0 00000509  a0=0000015e ; c.addi  a0,2
     10978 :   #10036 0 800000e2 00c59763              ; bne     a1,a2,0x800000f0
     10979 :   #10037 0 800000e6 000007a1  a5=f0041ba8 ; c.addi  a5,8
     10980 :   #10038 0 800000e8 00000721  a4=f0040bb8 ; c.addi  a4,8
     10981 :   #10039 0 800000ea fed513e3              ; bne     a0,a3,0x800000d0
     10982 :   #10040 0 800000d0 0007a883  a7=00000272 ; lw      a7,0(a5) [f0041ba8]
     10983 :   #10041 0 800000d4 00072803  a6=00000272 ; lw      a6,0(a4) [f0040bb8]
     10984 :   #10042 0 800000d8 000043cc  a1=00000130 ; c.lw    a1,128(a5) [f0041c28]
     10985 :   #10043 0 800000da 00004350  a2=00000130 ; c.lw    a2,128(a4) [f0040c38]
     10986 :   #10044 0 800000dc 01089f63              ; bne     a7,a6,0x800000fa
     10987 :   #10045 0 800000e0 00000509  a0=00000160 ; c.addi  a0,2
     10988 :   #10046 0 800000e2 00c59763              ; bne     a1,a2,0x800000f0
     10989 :   #10047 0 800000e6 000007a1  a5=f0041bb0 ; c.addi  a5,8
     10990 :   #10048 0 800000e8 00000721  a4=f0040bc0 ; c.addi  a4,8
     10991 :   #10049 0 800000ea fed513e3              ; bne     a0,a3,0x800000d0
     10992 :   #10050 0 800000d0 0007a883  a7=0000000e ; lw      a7,0(a5) [f0041bb0]
     10993 :   #10051 0 800000d4 00072803  a6=0000000e ; lw      a6,0(a4) [f0040bc0]
     10994 :   #10052 0 800000d8 000043cc  a1=00000130 ; c.lw    a1,128(a5) [f0041c30]
     10995 :   #10053 0 800000da 00004350  a2=00000130 ; c.lw    a2,128(a4) [f0040c40]
     10996 :   #10054 0 800000dc 01089f63              ; bne     a7,a6,0x800000fa
     10997 :   #10055 0 800000e0 00000509  a0=00000162 ; c.addi  a0,2
     10998 :   #10056 0 800000e2 00c59763              ; bne     a1,a2,0x800000f0
     10999 :   #10057 0 800000e6 000007a1  a5=f0041bb8 ; c.addi  a5,8
     11000 :   #10058 0 800000e8 00000721  a4=f0040bc8 ; c.addi  a4,8
     11001 :   #10059 0 800000ea fed513e3              ; bne     a0,a3,0x800000d0
     11002 :   #10060 0 800000d0 0007a883  a7=00000193 ; lw      a7,0(a5) [f0041bb8]
     11003 :   #10061 0 800000d4 00072803  a6=00000193 ; lw      a6,0(a4) [f0040bc8]
     11004 :   #10062 0 800000d8 000043cc  a1=000002dd ; c.lw    a1,128(a5) [f0041c38]
     11005 :   #10063 0 800000da 00004350  a2=000002dd ; c.lw    a2,128(a4) [f0040c48]
     11006 :   #10064 0 800000dc 01089f63              ; bne     a7,a6,0x800000fa
     11007 :   #10065 0 800000e0 00000509  a0=00000164 ; c.addi  a0,2
     11008 :   #10066 0 800000e2 00c59763              ; bne     a1,a2,0x800000f0
     11009 :   #10067 0 800000e6 000007a1  a5=f0041bc0 ; c.addi  a5,8
     11010 :   #10068 0 800000e8 00000721  a4=f0040bd0 ; c.addi  a4,8
     11011 :   #10069 0 800000ea fed513e3              ; bne     a0,a3,0x800000d0
     11012 :   #10070 0 800000d0 0007a883  a7=00000193 ; lw      a7,0(a5) [f0041bc0]
     11013 :   #10071 0 800000d4 00072803  a6=00000193 ; lw      a6,0(a4) [f0040bd0]
     11014 :   #10072 0 800000d8 000043cc  a1=000002dd ; c.lw    a1,128(a5) [f0041c40]
     11015 :   #10073 0 800000da 00004350  a2=000002dd ; c.lw    a2,128(a4) [f0040c50]
     11016 :   #10074 0 800000dc 01089f63              ; bne     a7,a6,0x800000fa
     11017 :   #10075 0 800000e0 00000509  a0=00000166 ; c.addi  a0,2
     11018 :   #10076 0 800000e2 00c59763              ; bne     a1,a2,0x800000f0
     11019 :   #10077 0 800000e6 000007a1  a5=f0041bc8 ; c.addi  a5,8
     11020 :   #10078 0 800000e8 00000721  a4=f0040bd8 ; c.addi  a4,8
     11021 :   #10079 0 800000ea fed513e3              ; bne     a0,a3,0x800000d0
     11022 :   #10080 0 800000d0 0007a883  a7=000002bf ; lw      a7,0(a5) [f0041bc8]
     11023 :   #10081 0 800000d4 00072803  a6=000002bf ; lw      a6,0(a4) [f0040bd8]
     11024 :   #10082 0 800000d8 000043cc  a1=000002bf ; c.lw    a1,128(a5) [f0041c48]
     11025 :   #10083 0 800000da 00004350  a2=000002bf ; c.lw    a2,128(a4) [f0040c58]
     11026 :   #10084 0 800000dc 01089f63              ; bne     a7,a6,0x800000fa
     11027 :   #10085 0 800000e0 00000509  a0=00000168 ; c.addi  a0,2
     11028 :   #10086 0 800000e2 00c59763              ; bne     a1,a2,0x800000f0
     11029 :   #10087 0 800000e6 000007a1  a5=f0041bd0 ; c.addi  a5,8
     11030 :   #10088 0 800000e8 00000721  a4=f0040be0 ; c.addi  a4,8
     11031 :   #10089 0 800000ea fed513e3              ; bne     a0,a3,0x800000d0
     11032 :   #10090 0 800000d0 0007a883  a7=000002bf ; lw      a7,0(a5) [f0041bd0]
     11033 :   #10091 0 800000d4 00072803  a6=000002bf ; lw      a6,0(a4) [f0040be0]
     11034 :   #10092 0 800000d8 000043cc  a1=000002d2 ; c.lw    a1,128(a5) [f0041c50]
     11035 :   #10093 0 800000da 00004350  a2=000002d2 ; c.lw    a2,128(a4) [f0040c60]
     11036 :   #10094 0 800000dc 01089f63              ; bne     a7,a6,0x800000fa
     11037 :   #10095 0 800000e0 00000509  a0=0000016a ; c.addi  a0,2
     11038 :   #10096 0 800000e2 00c59763              ; bne     a1,a2,0x800000f0
     11039 :   #10097 0 800000e6 000007a1  a5=f0041bd8 ; c.addi  a5,8
     11040 :   #10098 0 800000e8 00000721  a4=f0040be8 ; c.addi  a4,8
     11041 :   #10099 0 800000ea fed513e3              ; bne     a0,a3,0x800000d0
     11042 :   #10100 0 800000d0 0007a883  a7=00000332 ; lw      a7,0(a5) [f0041bd8]
     11043 :   #10101 0 800000d4 00072803  a6=00000332 ; lw      a6,0(a4) [f0040be8]
     11044 :   #10102 0 800000d8 000043cc  a1=000002d2 ; c.lw    a1,128(a5) [f0041c58]
     11045 :   #10103 0 800000da 00004350  a2=000002d2 ; c.lw    a2,128(a4) [f0040c68]
     11046 :   #10104 0 800000dc 01089f63              ; bne     a7,a6,0x800000fa
     11047 :   #10105 0 800000e0 00000509  a0=0000016c ; c.addi  a0,2
     11048 :   #10106 0 800000e2 00c59763              ; bne     a1,a2,0x800000f0
     11049 :   #10107 0 800000e6 000007a1  a5=f0041be0 ; c.addi  a5,8
     11050 :   #10108 0 800000e8 00000721  a4=f0040bf0 ; c.addi  a4,8
     11051 :   #10109 0 800000ea fed513e3              ; bne     a0,a3,0x800000d0
     11052 :   #10110 0 800000d0 0007a883  a7=00000196 ; lw      a7,0(a5) [f0041be0]
     11053 :   #10111 0 800000d4 00072803  a6=00000196 ; lw      a6,0(a4) [f0040bf0]
     11054 :   #10112 0 800000d8 000043cc  a1=00000196 ; c.lw    a1,128(a5) [f0041c60]
     11055 :   #10113 0 800000da 00004350  a2=00000196 ; c.lw    a2,128(a4) [f0040c70]
     11056 :   #10114 0 800000dc 01089f63              ; bne     a7,a6,0x800000fa
     11057 :   #10115 0 800000e0 00000509  a0=0000016e ; c.addi  a0,2
     11058 :   #10116 0 800000e2 00c59763              ; bne     a1,a2,0x800000f0
     11059 :   #10117 0 800000e6 000007a1  a5=f0041be8 ; c.addi  a5,8
     11060 :   #10118 0 800000e8 00000721  a4=f0040bf8 ; c.addi  a4,8
     11061 :   #10119 0 800000ea fed513e3              ; bne     a0,a3,0x800000d0
     11062 :   #10120 0 800000d0 0007a883  a7=0000036a ; lw      a7,0(a5) [f0041be8]
     11063 :   #10121 0 800000d4 00072803  a6=0000036a ; lw      a6,0(a4) [f0040bf8]
     11064 :   #10122 0 800000d8 000043cc  a1=0000036a ; c.lw    a1,128(a5) [f0041c68]
     11065 :   #10123 0 800000da 00004350  a2=0000036a ; c.lw    a2,128(a4) [f0040c78]
     11066 :   #10124 0 800000dc 01089f63              ; bne     a7,a6,0x800000fa
     11067 :   #10125 0 800000e0 00000509  a0=00000170 ; c.addi  a0,2
     11068 :   #10126 0 800000e2 00c59763              ; bne     a1,a2,0x800000f0
     11069 :   #10127 0 800000e6 000007a1  a5=f0041bf0 ; c.addi  a5,8
     11070 :   #10128 0 800000e8 00000721  a4=f0040c00 ; c.addi  a4,8
     11071 :   #10129 0 800000ea fed513e3              ; bne     a0,a3,0x800000d0
     11072 :   #10130 0 800000d0 0007a883  a7=00000358 ; lw      a7,0(a5) [f0041bf0]
     11073 :   #10131 0 800000d4 00072803  a6=00000358 ; lw      a6,0(a4) [f0040c00]
     11074 :   #10132 0 800000d8 000043cc  a1=000002ec ; c.lw    a1,128(a5) [f0041c70]
     11075 :   #10133 0 800000da 00004350  a2=000002ec ; c.lw    a2,128(a4) [f0040c80]
     11076 :   #10134 0 800000dc 01089f63              ; bne     a7,a6,0x800000fa
     11077 :   #10135 0 800000e0 00000509  a0=00000172 ; c.addi  a0,2
     11078 :   #10136 0 800000e2 00c59763              ; bne     a1,a2,0x800000f0
     11079 :   #10137 0 800000e6 000007a1  a5=f0041bf8 ; c.addi  a5,8
     11080 :   #10138 0 800000e8 00000721  a4=f0040c08 ; c.addi  a4,8
     11081 :   #10139 0 800000ea fed513e3              ; bne     a0,a3,0x800000d0
     11082 :   #10140 0 800000d0 0007a883  a7=000002ec ; lw      a7,0(a5) [f0041bf8]
     11083 :   #10141 0 800000d4 00072803  a6=000002ec ; lw      a6,0(a4) [f0040c08]
     11084 :   #10142 0 800000d8 000043cc  a1=0000005b ; c.lw    a1,128(a5) [f0041c78]
     11085 :   #10143 0 800000da 00004350  a2=0000005b ; c.lw    a2,128(a4) [f0040c88]
     11086 :   #10144 0 800000dc 01089f63              ; bne     a7,a6,0x800000fa
     11087 :   #10145 0 800000e0 00000509  a0=00000174 ; c.addi  a0,2
     11088 :   #10146 0 800000e2 00c59763              ; bne     a1,a2,0x800000f0
     11089 :   #10147 0 800000e6 000007a1  a5=f0041c00 ; c.addi  a5,8
     11090 :   #10148 0 800000e8 00000721  a4=f0040c10 ; c.addi  a4,8
     11091 :   #10149 0 800000ea fed513e3              ; bne     a0,a3,0x800000d0
     11092 :   #10150 0 800000d0 0007a883  a7=00000056 ; lw      a7,0(a5) [f0041c00]
     11093 :   #10151 0 800000d4 00072803  a6=00000056 ; lw      a6,0(a4) [f0040c10]
     11094 :   #10152 0 800000d8 000043cc  a1=0000005b ; c.lw    a1,128(a5) [f0041c80]
     11095 :   #10153 0 800000da 00004350  a2=0000005b ; c.lw    a2,128(a4) [f0040c90]
     11096 :   #10154 0 800000dc 01089f63              ; bne     a7,a6,0x800000fa
     11097 :   #10155 0 800000e0 00000509  a0=00000176 ; c.addi  a0,2
     11098 :   #10156 0 800000e2 00c59763              ; bne     a1,a2,0x800000f0
     11099 :   #10157 0 800000e6 000007a1  a5=f0041c08 ; c.addi  a5,8
     11100 :   #10158 0 800000e8 00000721  a4=f0040c18 ; c.addi  a4,8
     11101 :   #10159 0 800000ea fed513e3              ; bne     a0,a3,0x800000d0
     11102 :   #10160 0 800000d0 0007a883  a7=0000017a ; lw      a7,0(a5) [f0041c08]
     11103 :   #10161 0 800000d4 00072803  a6=0000017a ; lw      a6,0(a4) [f0040c18]
     11104 :   #10162 0 800000d8 000043cc  a1=0000017a ; c.lw    a1,128(a5) [f0041c88]
     11105 :   #10163 0 800000da 00004350  a2=0000017a ; c.lw    a2,128(a4) [f0040c98]
     11106 :   #10164 0 800000dc 01089f63              ; bne     a7,a6,0x800000fa
     11107 :   #10165 0 800000e0 00000509  a0=00000178 ; c.addi  a0,2
     11108 :   #10166 0 800000e2 00c59763              ; bne     a1,a2,0x800000f0
     11109 :   #10167 0 800000e6 000007a1  a5=f0041c10 ; c.addi  a5,8
     11110 :   #10168 0 800000e8 00000721  a4=f0040c20 ; c.addi  a4,8
     11111 :   #10169 0 800000ea fed513e3              ; bne     a0,a3,0x800000d0
     11112 :   #10170 0 800000d0 0007a883  a7=00000294 ; lw      a7,0(a5) [f0041c10]
     11113 :   #10171 0 800000d4 00072803  a6=00000294 ; lw      a6,0(a4) [f0040c20]
     11114 :   #10172 0 800000d8 000043cc  a1=00000069 ; c.lw    a1,128(a5) [f0041c90]
     11115 :   #10173 0 800000da 00004350  a2=00000069 ; c.lw    a2,128(a4) [f0040ca0]
     11116 :   #10174 0 800000dc 01089f63              ; bne     a7,a6,0x800000fa
     11117 :   #10175 0 800000e0 00000509  a0=0000017a ; c.addi  a0,2
     11118 :   #10176 0 800000e2 00c59763              ; bne     a1,a2,0x800000f0
     11119 :   #10177 0 800000e6 000007a1  a5=f0041c18 ; c.addi  a5,8
     11120 :   #10178 0 800000e8 00000721  a4=f0040c28 ; c.addi  a4,8
     11121 :   #10179 0 800000ea fed513e3              ; bne     a0,a3,0x800000d0
     11122 :   #10180 0 800000d0 0007a883  a7=00000099 ; lw      a7,0(a5) [f0041c18]
     11123 :   #10181 0 800000d4 00072803  a6=00000099 ; lw      a6,0(a4) [f0040c28]
     11124 :   #10182 0 800000d8 000043cc  a1=00000099 ; c.lw    a1,128(a5) [f0041c98]
     11125 :   #10183 0 800000da 00004350  a2=00000099 ; c.lw    a2,128(a4) [f0040ca8]
     11126 :   #10184 0 800000dc 01089f63              ; bne     a7,a6,0x800000fa
     11127 :   #10185 0 800000e0 00000509  a0=0000017c ; c.addi  a0,2
     11128 :   #10186 0 800000e2 00c59763              ; bne     a1,a2,0x800000f0
     11129 :   #10187 0 800000e6 000007a1  a5=f0041c20 ; c.addi  a5,8
     11130 :   #10188 0 800000e8 00000721  a4=f0040c30 ; c.addi  a4,8
     11131 :   #10189 0 800000ea fed513e3              ; bne     a0,a3,0x800000d0
     11132 :   #10190 0 800000d0 0007a883  a7=00000099 ; lw      a7,0(a5) [f0041c20]
     11133 :   #10191 0 800000d4 00072803  a6=00000099 ; lw      a6,0(a4) [f0040c30]
     11134 :   #10192 0 800000d8 000043cc  a1=0000017d ; c.lw    a1,128(a5) [f0041ca0]
     11135 :   #10193 0 800000da 00004350  a2=0000017d ; c.lw    a2,128(a4) [f0040cb0]
     11136 :   #10194 0 800000dc 01089f63              ; bne     a7,a6,0x800000fa
     11137 :   #10195 0 800000e0 00000509  a0=0000017e ; c.addi  a0,2
     11138 :   #10196 0 800000e2 00c59763              ; bne     a1,a2,0x800000f0
     11139 :   #10197 0 800000e6 000007a1  a5=f0041c28 ; c.addi  a5,8
     11140 :   #10198 0 800000e8 00000721  a4=f0040c38 ; c.addi  a4,8
     11141 :   #10199 0 800000ea fed513e3              ; bne     a0,a3,0x800000d0
     11142 :   #10200 0 800000d0 0007a883  a7=00000079 ; lw      a7,0(a5) [f0041c28]
     11143 :   #10201 0 800000d4 00072803  a6=00000079 ; lw      a6,0(a4) [f0040c38]
     11144 :   #10202 0 800000d8 000043cc  a1=0000028b ; c.lw    a1,128(a5) [f0041ca8]
     11145 :   #10203 0 800000da 00004350  a2=0000028b ; c.lw    a2,128(a4) [f0040cb8]
     11146 :   #10204 0 800000dc 01089f63              ; bne     a7,a6,0x800000fa
     11147 :   #10205 0 800000e0 00000509  a0=00000180 ; c.addi  a0,2
     11148 :   #10206 0 800000e2 00c59763              ; bne     a1,a2,0x800000f0
     11149 :   #10207 0 800000e6 000007a1  a5=f0041c30 ; c.addi  a5,8
     11150 :   #10208 0 800000e8 00000721  a4=f0040c40 ; c.addi  a4,8
     11151 :   #10209 0 800000ea fed513e3              ; bne     a0,a3,0x800000d0
     11152 :   #10210 0 800000d0 0007a883  a7=0000019c ; lw      a7,0(a5) [f0041c30]
     11153 :   #10211 0 800000d4 00072803  a6=0000019c ; lw      a6,0(a4) [f0040c40]
     11154 :   #10212 0 800000d8 000043cc  a1=00000339 ; c.lw    a1,128(a5) [f0041cb0]
     11155 :   #10213 0 800000da 00004350  a2=00000339 ; c.lw    a2,128(a4) [f0040cc0]
     11156 :   #10214 0 800000dc 01089f63              ; bne     a7,a6,0x800000fa
     11157 :   #10215 0 800000e0 00000509  a0=00000182 ; c.addi  a0,2
     11158 :   #10216 0 800000e2 00c59763              ; bne     a1,a2,0x800000f0
     11159 :   #10217 0 800000e6 000007a1  a5=f0041c38 ; c.addi  a5,8
     11160 :   #10218 0 800000e8 00000721  a4=f0040c48 ; c.addi  a4,8
     11161 :   #10219 0 800000ea fed513e3              ; bne     a0,a3,0x800000d0
     11162 :   #10220 0 800000d0 0007a883  a7=0000019c ; lw      a7,0(a5) [f0041c38]
     11163 :   #10221 0 800000d4 00072803  a6=0000019c ; lw      a6,0(a4) [f0040c48]
     11164 :   #10222 0 800000d8 000043cc  a1=00000164 ; c.lw    a1,128(a5) [f0041cb8]
     11165 :   #10223 0 800000da 00004350  a2=00000164 ; c.lw    a2,128(a4) [f0040cc8]
     11166 :   #10224 0 800000dc 01089f63              ; bne     a7,a6,0x800000fa
     11167 :   #10225 0 800000e0 00000509  a0=00000184 ; c.addi  a0,2
     11168 :   #10226 0 800000e2 00c59763              ; bne     a1,a2,0x800000f0
     11169 :   #10227 0 800000e6 000007a1  a5=f0041c40 ; c.addi  a5,8
     11170 :   #10228 0 800000e8 00000721  a4=f0040c50 ; c.addi  a4,8
     11171 :   #10229 0 800000ea fed513e3              ; bne     a0,a3,0x800000d0
     11172 :   #10230 0 800000d0 0007a883  a7=000000ec ; lw      a7,0(a5) [f0041c40]
     11173 :   #10231 0 800000d4 00072803  a6=000000ec ; lw      a6,0(a4) [f0040c50]
     11174 :   #10232 0 800000d8 000043cc  a1=00000094 ; c.lw    a1,128(a5) [f0041cc0]
     11175 :   #10233 0 800000da 00004350  a2=00000094 ; c.lw    a2,128(a4) [f0040cd0]
     11176 :   #10234 0 800000dc 01089f63              ; bne     a7,a6,0x800000fa
     11177 :   #10235 0 800000e0 00000509  a0=00000186 ; c.addi  a0,2
     11178 :   #10236 0 800000e2 00c59763              ; bne     a1,a2,0x800000f0
     11179 :   #10237 0 800000e6 000007a1  a5=f0041c48 ; c.addi  a5,8
     11180 :   #10238 0 800000e8 00000721  a4=f0040c58 ; c.addi  a4,8
     11181 :   #10239 0 800000ea fed513e3              ; bne     a0,a3,0x800000d0
     11182 :   #10240 0 800000d0 0007a883  a7=00000094 ; lw      a7,0(a5) [f0041c48]
     11183 :   #10241 0 800000d4 00072803  a6=00000094 ; lw      a6,0(a4) [f0040c58]
     11184 :   #10242 0 800000d8 000043cc  a1=00000094 ; c.lw    a1,128(a5) [f0041cc8]
     11185 :   #10243 0 800000da 00004350  a2=00000094 ; c.lw    a2,128(a4) [f0040cd8]
     11186 :   #10244 0 800000dc 01089f63              ; bne     a7,a6,0x800000fa
     11187 :   #10245 0 800000e0 00000509  a0=00000188 ; c.addi  a0,2
     11188 :   #10246 0 800000e2 00c59763              ; bne     a1,a2,0x800000f0
     11189 :   #10247 0 800000e6 000007a1  a5=f0041c50 ; c.addi  a5,8
     11190 :   #10248 0 800000e8 00000721  a4=f0040c60 ; c.addi  a4,8
     11191 :   #10249 0 800000ea fed513e3              ; bne     a0,a3,0x800000d0
     11192 :   #10250 0 800000d0 0007a883  a7=000001a7 ; lw      a7,0(a5) [f0041c50]
     11193 :   #10251 0 800000d4 00072803  a6=000001a7 ; lw      a6,0(a4) [f0040c60]
     11194 :   #10252 0 800000d8 000043cc  a1=0000008c ; c.lw    a1,128(a5) [f0041cd0]
     11195 :   #10253 0 800000da 00004350  a2=0000008c ; c.lw    a2,128(a4) [f0040ce0]
     11196 :   #10254 0 800000dc 01089f63              ; bne     a7,a6,0x800000fa
     11197 :   #10255 0 800000e0 00000509  a0=0000018a ; c.addi  a0,2
     11198 :   #10256 0 800000e2 00c59763              ; bne     a1,a2,0x800000f0
     11199 :   #10257 0 800000e6 000007a1  a5=f0041c58 ; c.addi  a5,8
     11200 :   #10258 0 800000e8 00000721  a4=f0040c68 ; c.addi  a4,8
     11201 :   #10259 0 800000ea fed513e3              ; bne     a0,a3,0x800000d0
     11202 :   #10260 0 800000d0 0007a883  a7=000000d8 ; lw      a7,0(a5) [f0041c58]
     11203 :   #10261 0 800000d4 00072803  a6=000000d8 ; lw      a6,0(a4) [f0040c68]
     11204 :   #10262 0 800000d8 000043cc  a1=000000d8 ; c.lw    a1,128(a5) [f0041cd8]
     11205 :   #10263 0 800000da 00004350  a2=000000d8 ; c.lw    a2,128(a4) [f0040ce8]
     11206 :   #10264 0 800000dc 01089f63              ; bne     a7,a6,0x800000fa
     11207 :   #10265 0 800000e0 00000509  a0=0000018c ; c.addi  a0,2
     11208 :   #10266 0 800000e2 00c59763              ; bne     a1,a2,0x800000f0
     11209 :   #10267 0 800000e6 000007a1  a5=f0041c60 ; c.addi  a5,8
     11210 :   #10268 0 800000e8 00000721  a4=f0040c70 ; c.addi  a4,8
     11211 :   #10269 0 800000ea fed513e3              ; bne     a0,a3,0x800000d0
     11212 :   #10270 0 800000d0 0007a883  a7=0000026d ; lw      a7,0(a5) [f0041c60]
     11213 :   #10271 0 800000d4 00072803  a6=0000026d ; lw      a6,0(a4) [f0040c70]
     11214 :   #10272 0 800000d8 000043cc  a1=0000026d ; c.lw    a1,128(a5) [f0041ce0]
     11215 :   #10273 0 800000da 00004350  a2=0000026d ; c.lw    a2,128(a4) [f0040cf0]
     11216 :   #10274 0 800000dc 01089f63              ; bne     a7,a6,0x800000fa
     11217 :   #10275 0 800000e0 00000509  a0=0000018e ; c.addi  a0,2
     11218 :   #10276 0 800000e2 00c59763              ; bne     a1,a2,0x800000f0
     11219 :   #10277 0 800000e6 000007a1  a5=f0041c68 ; c.addi  a5,8
     11220 :   #10278 0 800000e8 00000721  a4=f0040c78 ; c.addi  a4,8
     11221 :   #10279 0 800000ea fed513e3              ; bne     a0,a3,0x800000d0
     11222 :   #10280 0 800000d0 0007a883  a7=00000169 ; lw      a7,0(a5) [f0041c68]
     11223 :   #10281 0 800000d4 00072803  a6=00000169 ; lw      a6,0(a4) [f0040c78]
     11224 :   #10282 0 800000d8 000043cc  a1=00000000 ; c.lw    a1,128(a5) [f0041ce8]
     11225 :   #10283 0 800000da 00004350  a2=00000000 ; c.lw    a2,128(a4) [f0040cf8]
     11226 :   #10284 0 800000dc 01089f63              ; bne     a7,a6,0x800000fa
     11227 :   #10285 0 800000e0 00000509  a0=00000190 ; c.addi  a0,2
     11228 :   #10286 0 800000e2 00c59763              ; bne     a1,a2,0x800000f0
     11229 :   #10287 0 800000e6 000007a1  a5=f0041c70 ; c.addi  a5,8
     11230 :   #10288 0 800000e8 00000721  a4=f0040c80 ; c.addi  a4,8
     11231 :   #10289 0 800000ea fed513e3              ; bne     a0,a3,0x800000d0
     11233 :   #10290 0 800000ee 00004501  a0=00000000 ; c.li    a0,0
     11234 :   #10291 0 800000f0 64c12083  ra=80000018 ; lw      ra,1612(sp) [f0041c7c]
     11235 :   #10292 0 800000f4 65010113  sp=f0041c80 ; addi    sp,sp,1616
     11236 :   #10293 0 800000f8 00008082              ; c.jr    ra
     11238 :   #10294 0 80000018 50580297  t0=d0580018 ; auipc   t0,0x50580000
     11239 :   #10295 0 8000001c fe828293  t0=d0580000 ; addi    t0,t0,-24
     11240 :   #10296 0 80000020 0ff00313  t1=000000ff ; addi    t1,zero,255
     11241 :   #10297 0 80000024 00628023              ; sb      t1,0(t0) [d0580000]
     11242 :   #10298 0 80000028 00004305  t1=00000001 ; c.li    t1,1
