#1 0 80000000 595552b7 r 05         59555000  lui      x5, 0x59555
#2 0 80000004 55528293 r 05         59555555  addi     x5, x5, 0x555
#3 0 80000008 7c029073 c 07c0       59555555  csrrw    x0, mrac, x5
#4 0 8000000c 70041117 r 02         f004100c  auipc    x2, 0x70041
#5 0 80000010 0e410113 r 02         f00410f0  addi     x2, x2, 0xe4
#6 0 80000014 032000ef r 01         80000018  jal      x1, . + 0x32
#7 0 80000046     1141 r 02         f00410e0  c.addi   x2, -0x10
#8 0 80000048     c606 m f00410ec   80000018  c.swsp   x1, 0xc
#9 0 8000004a     c422 m f00410e8   00000000  c.swsp   x8, 0x8
#10 0 8000004c     0800 r 08         f00410f0  c.addi4spn  x8, 0x4
#11 0 8000004e     2031 r 01         80000050  c.jal    . + 0xc
#12 0 8000005a     7139 r 02         f00410a0  c.addi16sp -0x4
#13 0 8000005c     de06 m f00410dc   80000050  c.swsp   x1, 0x3c
#14 0 8000005e     dc22 m f00410d8   f00410f0  c.swsp   x8, 0x38
#15 0 80000060     0080 r 08         f00410e0  c.addi4spn  x8, 0x10
#16 0 80000062 f00407b7 r 0f         f0040000  lui      x15, -0xffc0
#17 0 80000066 06878793 r 0f         f0040068  addi     x15, x15, 0x68
#18 0 8000006a 0207ae23 m f00400a4   00000000  sw       x0, 0x3c(x15)
#19 0 8000006e     4785 r 0f         00000001  c.li     x15, 0x1
#20 0 80000070 fef42623 m f00410cc   00000001  sw       x15, -0x14(x8)
#21 0 80000074     a0c5 r 00         00000000  c.j      . + 0xe0
#22 0 80000154 f00407b7 r 0f         f0040000  lui      x15, -0xffc0
#23 0 80000158 0647a783 r 0f         00000005  lw       x15, 0x64(x15)
#24 0 8000015c fec42703 r 0e         00000001  lw       x14, -0x14(x8)
#25 0 80000160 f0f74be3 r 00         00000000  blt      x14, x15, . - 0xea
#26 0 80000076 fe042423 m f00410c8   00000000  sw       x0, -0x18(x8)
#27 0 8000007a     a0d1 r 00         00000000  c.j      . + 0xc4
#28 0 8000013e fe842703 r 0e         00000000  lw       x14, -0x18(x8)
#29 0 80000142 fec42783 r 0f         00000001  lw       x15, -0x14(x8)
#30 0 80000146 f2f74be3 r 00         00000000  blt      x14, x15, . - 0xca
#31 0 8000007c f00407b7 r 0f         f0040000  lui      x15, -0xffc0
#32 0 80000080 00078693 r 0d         f0040000  addi     x13, x15, 0x0
#33 0 80000084 fec42703 r 0e         00000001  lw       x14, -0x14(x8)
#34 0 80000088     87ba r 0f         00000001  c.mv     x15, x14
#35 0 8000008a     078a r 0f         00000004  c.slli   x15, 2
#36 0 8000008c     97ba r 0f         00000005  c.add    x15, x14
#37 0 8000008e fe842703 r 0e         00000000  lw       x14, -0x18(x8)
#38 0 80000092     97ba r 0f         00000005  c.add    x15, x14
#39 0 80000094     078a r 0f         00000014  c.slli   x15, 2
#40 0 80000096     97b6 r 0f         f0040014  c.add    x15, x13
#41 0 80000098     439c r 0f         0000000a  c.lw     x15, 0x0(x15)
#42 0 8000009a     cfc9 r 00         00000000  c.beqz   x15, . + 0x9a
#43 0 8000009c f00407b7 r 0f         f0040000  lui      x15, -0xffc0
#44 0 800000a0 06878793 r 0f         f0040068  addi     x15, x15, 0x68
#45 0 800000a4     5fd8 r 0e         00000000  c.lw     x14, 0x3c(x15)
#46 0 800000a6 f00407b7 r 0f         f0040000  lui      x15, -0xffc0
#47 0 800000aa 06878693 r 0d         f0040068  addi     x13, x15, 0x68
#48 0 800000ae     87ba r 0f         00000000  c.mv     x15, x14
#49 0 800000b0     0786 r 0f         00000000  c.slli   x15, 1
#50 0 800000b2     97ba r 0f         00000000  c.add    x15, x14
#51 0 800000b4     078a r 0f         00000000  c.slli   x15, 2
#52 0 800000b6     97b6 r 0f         f0040068  c.add    x15, x13
#53 0 800000b8 fec42703 r 0e         00000001  lw       x14, -0x14(x8)
#54 0 800000bc     c398 m f0040068   00000001  c.sw     x14, 0x0(x15)
#55 0 800000be f00407b7 r 0f         f0040000  lui      x15, -0xffc0
#56 0 800000c2 06878793 r 0f         f0040068  addi     x15, x15, 0x68
#57 0 800000c6     5fd8 r 0e         00000000  c.lw     x14, 0x3c(x15)
#58 0 800000c8 f00407b7 r 0f         f0040000  lui      x15, -0xffc0
#59 0 800000cc 06878693 r 0d         f0040068  addi     x13, x15, 0x68
#60 0 800000d0     87ba r 0f         00000000  c.mv     x15, x14
#61 0 800000d2     0786 r 0f         00000000  c.slli   x15, 1
#62 0 800000d4     97ba r 0f         00000000  c.add    x15, x14
#63 0 800000d6     078a r 0f         00000000  c.slli   x15, 2
#64 0 800000d8     97b6 r 0f         f0040068  c.add    x15, x13
#65 0 800000da fe842703 r 0e         00000000  lw       x14, -0x18(x8)
#66 0 800000de     c3d8 m f004006c   00000000  c.sw     x14, 0x4(x15)
#67 0 800000e0 f00407b7 r 0f         f0040000  lui      x15, -0xffc0
#68 0 800000e4 06878793 r 0f         f0040068  addi     x15, x15, 0x68
#69 0 800000e8     5fd8 r 0e         00000000  c.lw     x14, 0x3c(x15)
#70 0 800000ea f00407b7 r 0f         f0040000  lui      x15, -0xffc0
#71 0 800000ee 00078613 r 0c         f0040000  addi     x12, x15, 0x0
#72 0 800000f2 fec42683 r 0d         00000001  lw       x13, -0x14(x8)
#73 0 800000f6     87b6 r 0f         00000001  c.mv     x15, x13
#74 0 800000f8     078a r 0f         00000004  c.slli   x15, 2
#75 0 800000fa     97b6 r 0f         00000005  c.add    x15, x13
#76 0 800000fc fe842683 r 0d         00000000  lw       x13, -0x18(x8)
#77 0 80000100     97b6 r 0f         00000005  c.add    x15, x13
#78 0 80000102     078a r 0f         00000014  c.slli   x15, 2
#79 0 80000104     97b2 r 0f         f0040014  c.add    x15, x12
#80 0 80000106     4394 r 0d         0000000a  c.lw     x13, 0x0(x15)
#81 0 80000108 f00407b7 r 0f         f0040000  lui      x15, -0xffc0
#82 0 8000010c 06878613 r 0c         f0040068  addi     x12, x15, 0x68
#83 0 80000110     87ba r 0f         00000000  c.mv     x15, x14
#84 0 80000112     0786 r 0f         00000000  c.slli   x15, 1
#85 0 80000114     97ba r 0f         00000000  c.add    x15, x14
#86 0 80000116     078a r 0f         00000000  c.slli   x15, 2
#87 0 80000118     97b2 r 0f         f0040068  c.add    x15, x12
#88 0 8000011a     c794 m f0040070   0000000a  c.sw     x13, 0x8(x15)
#89 0 8000011c f00407b7 r 0f         f0040000  lui      x15, -0xffc0
#90 0 80000120 06878793 r 0f         f0040068  addi     x15, x15, 0x68
#91 0 80000124     5fdc r 0f         00000000  c.lw     x15, 0x3c(x15)
#92 0 80000126 00178713 r 0e         00000001  addi     x14, x15, 0x1
#93 0 8000012a f00407b7 r 0f         f0040000  lui      x15, -0xffc0
#94 0 8000012e 06878793 r 0f         f0040068  addi     x15, x15, 0x68
#95 0 80000132     dfd8 m f00400a4   00000001  c.sw     x14, 0x3c(x15)
#96 0 80000134 fe842783 r 0f         00000000  lw       x15, -0x18(x8)
#97 0 80000138     0785 r 0f         00000001  c.addi   x15, 0x1
#98 0 8000013a fef42423 m f00410c8   00000001  sw       x15, -0x18(x8)
#99 0 8000013e fe842703 r 0e         00000001  lw       x14, -0x18(x8)
#100 0 80000142 fec42783 r 0f         00000001  lw       x15, -0x14(x8)
#101 0 80000146 f2f74be3 r 00         00000000  blt      x14, x15, . - 0xca
#102 0 8000014a fec42783 r 0f         00000001  lw       x15, -0x14(x8)
#103 0 8000014e     0785 r 0f         00000002  c.addi   x15, 0x1
#104 0 80000150 fef42623 m f00410cc   00000002  sw       x15, -0x14(x8)
#105 0 80000154 f00407b7 r 0f         f0040000  lui      x15, -0xffc0
#106 0 80000158 0647a783 r 0f         00000005  lw       x15, 0x64(x15)
#107 0 8000015c fec42703 r 0e         00000002  lw       x14, -0x14(x8)
#108 0 80000160 f0f74be3 r 00         00000000  blt      x14, x15, . - 0xea
#109 0 80000076 fe042423 m f00410c8   00000000  sw       x0, -0x18(x8)
#110 0 8000007a     a0d1 r 00         00000000  c.j      . + 0xc4
#111 0 8000013e fe842703 r 0e         00000000  lw       x14, -0x18(x8)
#112 0 80000142 fec42783 r 0f         00000002  lw       x15, -0x14(x8)
#113 0 80000146 f2f74be3 r 00         00000000  blt      x14, x15, . - 0xca
#114 0 8000007c f00407b7 r 0f         f0040000  lui      x15, -0xffc0
#115 0 80000080 00078693 r 0d         f0040000  addi     x13, x15, 0x0
#116 0 80000084 fec42703 r 0e         00000002  lw       x14, -0x14(x8)
#117 0 80000088     87ba r 0f         00000002  c.mv     x15, x14
#118 0 8000008a     078a r 0f         00000008  c.slli   x15, 2
#119 0 8000008c     97ba r 0f         0000000a  c.add    x15, x14
#120 0 8000008e fe842703 r 0e         00000000  lw       x14, -0x18(x8)
#121 0 80000092     97ba r 0f         0000000a  c.add    x15, x14
#122 0 80000094     078a r 0f         00000028  c.slli   x15, 2
#123 0 80000096     97b6 r 0f         f0040028  c.add    x15, x13
#124 0 80000098     439c r 0f         00000000  c.lw     x15, 0x0(x15)
#125 0 8000009a     cfc9 r 00         00000000  c.beqz   x15, . + 0x9a
#126 0 80000134 fe842783 r 0f         00000000  lw       x15, -0x18(x8)
#127 0 80000138     0785 r 0f         00000001  c.addi   x15, 0x1
#128 0 8000013a fef42423 m f00410c8   00000001  sw       x15, -0x18(x8)
#129 0 8000013e fe842703 r 0e         00000001  lw       x14, -0x18(x8)
#130 0 80000142 fec42783 r 0f         00000002  lw       x15, -0x14(x8)
#131 0 80000146 f2f74be3 r 00         00000000  blt      x14, x15, . - 0xca
#132 0 8000007c f00407b7 r 0f         f0040000  lui      x15, -0xffc0
#133 0 80000080 00078693 r 0d         f0040000  addi     x13, x15, 0x0
#134 0 80000084 fec42703 r 0e         00000002  lw       x14, -0x14(x8)
#135 0 80000088     87ba r 0f         00000002  c.mv     x15, x14
#136 0 8000008a     078a r 0f         00000008  c.slli   x15, 2
#137 0 8000008c     97ba r 0f         0000000a  c.add    x15, x14
#138 0 8000008e fe842703 r 0e         00000001  lw       x14, -0x18(x8)
#139 0 80000092     97ba r 0f         0000000b  c.add    x15, x14
#140 0 80000094     078a r 0f         0000002c  c.slli   x15, 2
#141 0 80000096     97b6 r 0f         f004002c  c.add    x15, x13
#142 0 80000098     439c r 0f         00000032  c.lw     x15, 0x0(x15)
#143 0 8000009a     cfc9 r 00         00000000  c.beqz   x15, . + 0x9a
#144 0 8000009c f00407b7 r 0f         f0040000  lui      x15, -0xffc0
#145 0 800000a0 06878793 r 0f         f0040068  addi     x15, x15, 0x68
#146 0 800000a4     5fd8 r 0e         00000001  c.lw     x14, 0x3c(x15)
#147 0 800000a6 f00407b7 r 0f         f0040000  lui      x15, -0xffc0
#148 0 800000aa 06878693 r 0d         f0040068  addi     x13, x15, 0x68
#149 0 800000ae     87ba r 0f         00000001  c.mv     x15, x14
#150 0 800000b0     0786 r 0f         00000002  c.slli   x15, 1
#151 0 800000b2     97ba r 0f         00000003  c.add    x15, x14
#152 0 800000b4     078a r 0f         0000000c  c.slli   x15, 2
#153 0 800000b6     97b6 r 0f         f0040074  c.add    x15, x13
#154 0 800000b8 fec42703 r 0e         00000002  lw       x14, -0x14(x8)
#155 0 800000bc     c398 m f0040074   00000002  c.sw     x14, 0x0(x15)
#156 0 800000be f00407b7 r 0f         f0040000  lui      x15, -0xffc0
#157 0 800000c2 06878793 r 0f         f0040068  addi     x15, x15, 0x68
#158 0 800000c6     5fd8 r 0e         00000001  c.lw     x14, 0x3c(x15)
#159 0 800000c8 f00407b7 r 0f         f0040000  lui      x15, -0xffc0
#160 0 800000cc 06878693 r 0d         f0040068  addi     x13, x15, 0x68
#161 0 800000d0     87ba r 0f         00000001  c.mv     x15, x14
#162 0 800000d2     0786 r 0f         00000002  c.slli   x15, 1
#163 0 800000d4     97ba r 0f         00000003  c.add    x15, x14
#164 0 800000d6     078a r 0f         0000000c  c.slli   x15, 2
#165 0 800000d8     97b6 r 0f         f0040074  c.add    x15, x13
#166 0 800000da fe842703 r 0e         00000001  lw       x14, -0x18(x8)
#167 0 800000de     c3d8 m f0040078   00000001  c.sw     x14, 0x4(x15)
#168 0 800000e0 f00407b7 r 0f         f0040000  lui      x15, -0xffc0
#169 0 800000e4 06878793 r 0f         f0040068  addi     x15, x15, 0x68
#170 0 800000e8     5fd8 r 0e         00000001  c.lw     x14, 0x3c(x15)
#171 0 800000ea f00407b7 r 0f         f0040000  lui      x15, -0xffc0
#172 0 800000ee 00078613 r 0c         f0040000  addi     x12, x15, 0x0
#173 0 800000f2 fec42683 r 0d         00000002  lw       x13, -0x14(x8)
#174 0 800000f6     87b6 r 0f         00000002  c.mv     x15, x13
#175 0 800000f8     078a r 0f         00000008  c.slli   x15, 2
#176 0 800000fa     97b6 r 0f         0000000a  c.add    x15, x13
#177 0 800000fc fe842683 r 0d         00000001  lw       x13, -0x18(x8)
#178 0 80000100     97b6 r 0f         0000000b  c.add    x15, x13
#179 0 80000102     078a r 0f         0000002c  c.slli   x15, 2
#180 0 80000104     97b2 r 0f         f004002c  c.add    x15, x12
#181 0 80000106     4394 r 0d         00000032  c.lw     x13, 0x0(x15)
#182 0 80000108 f00407b7 r 0f         f0040000  lui      x15, -0xffc0
#183 0 8000010c 06878613 r 0c         f0040068  addi     x12, x15, 0x68
#184 0 80000110     87ba r 0f         00000001  c.mv     x15, x14
#185 0 80000112     0786 r 0f         00000002  c.slli   x15, 1
#186 0 80000114     97ba r 0f         00000003  c.add    x15, x14
#187 0 80000116     078a r 0f         0000000c  c.slli   x15, 2
#188 0 80000118     97b2 r 0f         f0040074  c.add    x15, x12
#189 0 8000011a     c794 m f004007c   00000032  c.sw     x13, 0x8(x15)
#190 0 8000011c f00407b7 r 0f         f0040000  lui      x15, -0xffc0
#191 0 80000120 06878793 r 0f         f0040068  addi     x15, x15, 0x68
#192 0 80000124     5fdc r 0f         00000001  c.lw     x15, 0x3c(x15)
#193 0 80000126 00178713 r 0e         00000002  addi     x14, x15, 0x1
#194 0 8000012a f00407b7 r 0f         f0040000  lui      x15, -0xffc0
#195 0 8000012e 06878793 r 0f         f0040068  addi     x15, x15, 0x68
#196 0 80000132     dfd8 m f00400a4   00000002  c.sw     x14, 0x3c(x15)
#197 0 80000134 fe842783 r 0f         00000001  lw       x15, -0x18(x8)
#198 0 80000138     0785 r 0f         00000002  c.addi   x15, 0x1
#199 0 8000013a fef42423 m f00410c8   00000002  sw       x15, -0x18(x8)
#200 0 8000013e fe842703 r 0e         00000002  lw       x14, -0x18(x8)
#201 0 80000142 fec42783 r 0f         00000002  lw       x15, -0x14(x8)
#202 0 80000146 f2f74be3 r 00         00000000  blt      x14, x15, . - 0xca
#203 0 8000014a fec42783 r 0f         00000002  lw       x15, -0x14(x8)
#204 0 8000014e     0785 r 0f         00000003  c.addi   x15, 0x1
#205 0 80000150 fef42623 m f00410cc   00000003  sw       x15, -0x14(x8)
#206 0 80000154 f00407b7 r 0f         f0040000  lui      x15, -0xffc0
#207 0 80000158 0647a783 r 0f         00000005  lw       x15, 0x64(x15)
#208 0 8000015c fec42703 r 0e         00000003  lw       x14, -0x14(x8)
#209 0 80000160 f0f74be3 r 00         00000000  blt      x14, x15, . - 0xea
#210 0 80000076 fe042423 m f00410c8   00000000  sw       x0, -0x18(x8)
#211 0 8000007a     a0d1 r 00         00000000  c.j      . + 0xc4
#212 0 8000013e fe842703 r 0e         00000000  lw       x14, -0x18(x8)
#213 0 80000142 fec42783 r 0f         00000003  lw       x15, -0x14(x8)
#214 0 80000146 f2f74be3 r 00         00000000  blt      x14, x15, . - 0xca
#215 0 8000007c f00407b7 r 0f         f0040000  lui      x15, -0xffc0
#216 0 80000080 00078693 r 0d         f0040000  addi     x13, x15, 0x0
#217 0 80000084 fec42703 r 0e         00000003  lw       x14, -0x14(x8)
#218 0 80000088     87ba r 0f         00000003  c.mv     x15, x14
#219 0 8000008a     078a r 0f         0000000c  c.slli   x15, 2
#220 0 8000008c     97ba r 0f         0000000f  c.add    x15, x14
#221 0 8000008e fe842703 r 0e         00000000  lw       x14, -0x18(x8)
#222 0 80000092     97ba r 0f         0000000f  c.add    x15, x14
#223 0 80000094     078a r 0f         0000003c  c.slli   x15, 2
#224 0 80000096     97b6 r 0f         f004003c  c.add    x15, x13
#225 0 80000098     439c r 0f         0000001e  c.lw     x15, 0x0(x15)
#226 0 8000009a     cfc9 r 00         00000000  c.beqz   x15, . + 0x9a
#227 0 8000009c f00407b7 r 0f         f0040000  lui      x15, -0xffc0
#228 0 800000a0 06878793 r 0f         f0040068  addi     x15, x15, 0x68
#229 0 800000a4     5fd8 r 0e         00000002  c.lw     x14, 0x3c(x15)
#230 0 800000a6 f00407b7 r 0f         f0040000  lui      x15, -0xffc0
#231 0 800000aa 06878693 r 0d         f0040068  addi     x13, x15, 0x68
#232 0 800000ae     87ba r 0f         00000002  c.mv     x15, x14
#233 0 800000b0     0786 r 0f         00000004  c.slli   x15, 1
#234 0 800000b2     97ba r 0f         00000006  c.add    x15, x14
#235 0 800000b4     078a r 0f         00000018  c.slli   x15, 2
#236 0 800000b6     97b6 r 0f         f0040080  c.add    x15, x13
#237 0 800000b8 fec42703 r 0e         00000003  lw       x14, -0x14(x8)
#238 0 800000bc     c398 m f0040080   00000003  c.sw     x14, 0x0(x15)
#239 0 800000be f00407b7 r 0f         f0040000  lui      x15, -0xffc0
#240 0 800000c2 06878793 r 0f         f0040068  addi     x15, x15, 0x68
#241 0 800000c6     5fd8 r 0e         00000002  c.lw     x14, 0x3c(x15)
#242 0 800000c8 f00407b7 r 0f         f0040000  lui      x15, -0xffc0
#243 0 800000cc 06878693 r 0d         f0040068  addi     x13, x15, 0x68
#244 0 800000d0     87ba r 0f         00000002  c.mv     x15, x14
#245 0 800000d2     0786 r 0f         00000004  c.slli   x15, 1
#246 0 800000d4     97ba r 0f         00000006  c.add    x15, x14
#247 0 800000d6     078a r 0f         00000018  c.slli   x15, 2
#248 0 800000d8     97b6 r 0f         f0040080  c.add    x15, x13
#249 0 800000da fe842703 r 0e         00000000  lw       x14, -0x18(x8)
#250 0 800000de     c3d8 m f0040084   00000000  c.sw     x14, 0x4(x15)
#251 0 800000e0 f00407b7 r 0f         f0040000  lui      x15, -0xffc0
#252 0 800000e4 06878793 r 0f         f0040068  addi     x15, x15, 0x68
#253 0 800000e8     5fd8 r 0e         00000002  c.lw     x14, 0x3c(x15)
#254 0 800000ea f00407b7 r 0f         f0040000  lui      x15, -0xffc0
#255 0 800000ee 00078613 r 0c         f0040000  addi     x12, x15, 0x0
#256 0 800000f2 fec42683 r 0d         00000003  lw       x13, -0x14(x8)
#257 0 800000f6     87b6 r 0f         00000003  c.mv     x15, x13
#258 0 800000f8     078a r 0f         0000000c  c.slli   x15, 2
#259 0 800000fa     97b6 r 0f         0000000f  c.add    x15, x13
#260 0 800000fc fe842683 r 0d         00000000  lw       x13, -0x18(x8)
#261 0 80000100     97b6 r 0f         0000000f  c.add    x15, x13
#262 0 80000102     078a r 0f         0000003c  c.slli   x15, 2
#263 0 80000104     97b2 r 0f         f004003c  c.add    x15, x12
#264 0 80000106     4394 r 0d         0000001e  c.lw     x13, 0x0(x15)
#265 0 80000108 f00407b7 r 0f         f0040000  lui      x15, -0xffc0
#266 0 8000010c 06878613 r 0c         f0040068  addi     x12, x15, 0x68
#267 0 80000110     87ba r 0f         00000002  c.mv     x15, x14
#268 0 80000112     0786 r 0f         00000004  c.slli   x15, 1
#269 0 80000114     97ba r 0f         00000006  c.add    x15, x14
#270 0 80000116     078a r 0f         00000018  c.slli   x15, 2
#271 0 80000118     97b2 r 0f         f0040080  c.add    x15, x12
#272 0 8000011a     c794 m f0040088   0000001e  c.sw     x13, 0x8(x15)
#273 0 8000011c f00407b7 r 0f         f0040000  lui      x15, -0xffc0
#274 0 80000120 06878793 r 0f         f0040068  addi     x15, x15, 0x68
#275 0 80000124     5fdc r 0f         00000002  c.lw     x15, 0x3c(x15)
#276 0 80000126 00178713 r 0e         00000003  addi     x14, x15, 0x1
#277 0 8000012a f00407b7 r 0f         f0040000  lui      x15, -0xffc0
#278 0 8000012e 06878793 r 0f         f0040068  addi     x15, x15, 0x68
#279 0 80000132     dfd8 m f00400a4   00000003  c.sw     x14, 0x3c(x15)
#280 0 80000134 fe842783 r 0f         00000000  lw       x15, -0x18(x8)
#281 0 80000138     0785 r 0f         00000001  c.addi   x15, 0x1
#282 0 8000013a fef42423 m f00410c8   00000001  sw       x15, -0x18(x8)
#283 0 8000013e fe842703 r 0e         00000001  lw       x14, -0x18(x8)
#284 0 80000142 fec42783 r 0f         00000003  lw       x15, -0x14(x8)
#285 0 80000146 f2f74be3 r 00         00000000  blt      x14, x15, . - 0xca
#286 0 8000007c f00407b7 r 0f         f0040000  lui      x15, -0xffc0
#287 0 80000080 00078693 r 0d         f0040000  addi     x13, x15, 0x0
#288 0 80000084 fec42703 r 0e         00000003  lw       x14, -0x14(x8)
#289 0 80000088     87ba r 0f         00000003  c.mv     x15, x14
#290 0 8000008a     078a r 0f         0000000c  c.slli   x15, 2
#291 0 8000008c     97ba r 0f         0000000f  c.add    x15, x14
#292 0 8000008e fe842703 r 0e         00000001  lw       x14, -0x18(x8)
#293 0 80000092     97ba r 0f         00000010  c.add    x15, x14
#294 0 80000094     078a r 0f         00000040  c.slli   x15, 2
#295 0 80000096     97b6 r 0f         f0040040  c.add    x15, x13
#296 0 80000098     439c r 0f         00000000  c.lw     x15, 0x0(x15)
#297 0 8000009a     cfc9 r 00         00000000  c.beqz   x15, . + 0x9a
#298 0 80000134 fe842783 r 0f         00000001  lw       x15, -0x18(x8)
#299 0 80000138     0785 r 0f         00000002  c.addi   x15, 0x1
#300 0 8000013a fef42423 m f00410c8   00000002  sw       x15, -0x18(x8)
#301 0 8000013e fe842703 r 0e         00000002  lw       x14, -0x18(x8)
#302 0 80000142 fec42783 r 0f         00000003  lw       x15, -0x14(x8)
#303 0 80000146 f2f74be3 r 00         00000000  blt      x14, x15, . - 0xca
#304 0 8000007c f00407b7 r 0f         f0040000  lui      x15, -0xffc0
#305 0 80000080 00078693 r 0d         f0040000  addi     x13, x15, 0x0
#306 0 80000084 fec42703 r 0e         00000003  lw       x14, -0x14(x8)
#307 0 80000088     87ba r 0f         00000003  c.mv     x15, x14
#308 0 8000008a     078a r 0f         0000000c  c.slli   x15, 2
#309 0 8000008c     97ba r 0f         0000000f  c.add    x15, x14
#310 0 8000008e fe842703 r 0e         00000002  lw       x14, -0x18(x8)
#311 0 80000092     97ba r 0f         00000011  c.add    x15, x14
#312 0 80000094     078a r 0f         00000044  c.slli   x15, 2
#313 0 80000096     97b6 r 0f         f0040044  c.add    x15, x13
#314 0 80000098     439c r 0f         00000014  c.lw     x15, 0x0(x15)
#315 0 8000009a     cfc9 r 00         00000000  c.beqz   x15, . + 0x9a
#316 0 8000009c f00407b7 r 0f         f0040000  lui      x15, -0xffc0
#317 0 800000a0 06878793 r 0f         f0040068  addi     x15, x15, 0x68
#318 0 800000a4     5fd8 r 0e         00000003  c.lw     x14, 0x3c(x15)
#319 0 800000a6 f00407b7 r 0f         f0040000  lui      x15, -0xffc0
#320 0 800000aa 06878693 r 0d         f0040068  addi     x13, x15, 0x68
#321 0 800000ae     87ba r 0f         00000003  c.mv     x15, x14
#322 0 800000b0     0786 r 0f         00000006  c.slli   x15, 1
#323 0 800000b2     97ba r 0f         00000009  c.add    x15, x14
#324 0 800000b4     078a r 0f         00000024  c.slli   x15, 2
#325 0 800000b6     97b6 r 0f         f004008c  c.add    x15, x13
#326 0 800000b8 fec42703 r 0e         00000003  lw       x14, -0x14(x8)
#327 0 800000bc     c398 m f004008c   00000003  c.sw     x14, 0x0(x15)
#328 0 800000be f00407b7 r 0f         f0040000  lui      x15, -0xffc0
#329 0 800000c2 06878793 r 0f         f0040068  addi     x15, x15, 0x68
#330 0 800000c6     5fd8 r 0e         00000003  c.lw     x14, 0x3c(x15)
#331 0 800000c8 f00407b7 r 0f         f0040000  lui      x15, -0xffc0
#332 0 800000cc 06878693 r 0d         f0040068  addi     x13, x15, 0x68
#333 0 800000d0     87ba r 0f         00000003  c.mv     x15, x14
#334 0 800000d2     0786 r 0f         00000006  c.slli   x15, 1
#335 0 800000d4     97ba r 0f         00000009  c.add    x15, x14
#336 0 800000d6     078a r 0f         00000024  c.slli   x15, 2
#337 0 800000d8     97b6 r 0f         f004008c  c.add    x15, x13
#338 0 800000da fe842703 r 0e         00000002  lw       x14, -0x18(x8)
#339 0 800000de     c3d8 m f0040090   00000002  c.sw     x14, 0x4(x15)
#340 0 800000e0 f00407b7 r 0f         f0040000  lui      x15, -0xffc0
#341 0 800000e4 06878793 r 0f         f0040068  addi     x15, x15, 0x68
#342 0 800000e8     5fd8 r 0e         00000003  c.lw     x14, 0x3c(x15)
#343 0 800000ea f00407b7 r 0f         f0040000  lui      x15, -0xffc0
#344 0 800000ee 00078613 r 0c         f0040000  addi     x12, x15, 0x0
#345 0 800000f2 fec42683 r 0d         00000003  lw       x13, -0x14(x8)
#346 0 800000f6     87b6 r 0f         00000003  c.mv     x15, x13
#347 0 800000f8     078a r 0f         0000000c  c.slli   x15, 2
#348 0 800000fa     97b6 r 0f         0000000f  c.add    x15, x13
#349 0 800000fc fe842683 r 0d         00000002  lw       x13, -0x18(x8)
#350 0 80000100     97b6 r 0f         00000011  c.add    x15, x13
#351 0 80000102     078a r 0f         00000044  c.slli   x15, 2
#352 0 80000104     97b2 r 0f         f0040044  c.add    x15, x12
#353 0 80000106     4394 r 0d         00000014  c.lw     x13, 0x0(x15)
#354 0 80000108 f00407b7 r 0f         f0040000  lui      x15, -0xffc0
#355 0 8000010c 06878613 r 0c         f0040068  addi     x12, x15, 0x68
#356 0 80000110     87ba r 0f         00000003  c.mv     x15, x14
#357 0 80000112     0786 r 0f         00000006  c.slli   x15, 1
#358 0 80000114     97ba r 0f         00000009  c.add    x15, x14
#359 0 80000116     078a r 0f         00000024  c.slli   x15, 2
#360 0 80000118     97b2 r 0f         f004008c  c.add    x15, x12
#361 0 8000011a     c794 m f0040094   00000014  c.sw     x13, 0x8(x15)
#362 0 8000011c f00407b7 r 0f         f0040000  lui      x15, -0xffc0
#363 0 80000120 06878793 r 0f         f0040068  addi     x15, x15, 0x68
#364 0 80000124     5fdc r 0f         00000003  c.lw     x15, 0x3c(x15)
#365 0 80000126 00178713 r 0e         00000004  addi     x14, x15, 0x1
#366 0 8000012a f00407b7 r 0f         f0040000  lui      x15, -0xffc0
#367 0 8000012e 06878793 r 0f         f0040068  addi     x15, x15, 0x68
#368 0 80000132     dfd8 m f00400a4   00000004  c.sw     x14, 0x3c(x15)
#369 0 80000134 fe842783 r 0f         00000002  lw       x15, -0x18(x8)
#370 0 80000138     0785 r 0f         00000003  c.addi   x15, 0x1
#371 0 8000013a fef42423 m f00410c8   00000003  sw       x15, -0x18(x8)
#372 0 8000013e fe842703 r 0e         00000003  lw       x14, -0x18(x8)
#373 0 80000142 fec42783 r 0f         00000003  lw       x15, -0x14(x8)
#374 0 80000146 f2f74be3 r 00         00000000  blt      x14, x15, . - 0xca
#375 0 8000014a fec42783 r 0f         00000003  lw       x15, -0x14(x8)
#376 0 8000014e     0785 r 0f         00000004  c.addi   x15, 0x1
#377 0 80000150 fef42623 m f00410cc   00000004  sw       x15, -0x14(x8)
#378 0 80000154 f00407b7 r 0f         f0040000  lui      x15, -0xffc0
#379 0 80000158 0647a783 r 0f         00000005  lw       x15, 0x64(x15)
#380 0 8000015c fec42703 r 0e         00000004  lw       x14, -0x14(x8)
#381 0 80000160 f0f74be3 r 00         00000000  blt      x14, x15, . - 0xea
#382 0 80000076 fe042423 m f00410c8   00000000  sw       x0, -0x18(x8)
#383 0 8000007a     a0d1 r 00         00000000  c.j      . + 0xc4
#384 0 8000013e fe842703 r 0e         00000000  lw       x14, -0x18(x8)
#385 0 80000142 fec42783 r 0f         00000004  lw       x15, -0x14(x8)
#386 0 80000146 f2f74be3 r 00         00000000  blt      x14, x15, . - 0xca
#387 0 8000007c f00407b7 r 0f         f0040000  lui      x15, -0xffc0
#388 0 80000080 00078693 r 0d         f0040000  addi     x13, x15, 0x0
#389 0 80000084 fec42703 r 0e         00000004  lw       x14, -0x14(x8)
#390 0 80000088     87ba r 0f         00000004  c.mv     x15, x14
#391 0 8000008a     078a r 0f         00000010  c.slli   x15, 2
#392 0 8000008c     97ba r 0f         00000014  c.add    x15, x14
#393 0 8000008e fe842703 r 0e         00000000  lw       x14, -0x18(x8)
#394 0 80000092     97ba r 0f         00000014  c.add    x15, x14
#395 0 80000094     078a r 0f         00000050  c.slli   x15, 2
#396 0 80000096     97b6 r 0f         f0040050  c.add    x15, x13
#397 0 80000098     439c r 0f         00000064  c.lw     x15, 0x0(x15)
#398 0 8000009a     cfc9 r 00         00000000  c.beqz   x15, . + 0x9a
#399 0 8000009c f00407b7 r 0f         f0040000  lui      x15, -0xffc0
#400 0 800000a0 06878793 r 0f         f0040068  addi     x15, x15, 0x68
#401 0 800000a4     5fd8 r 0e         00000004  c.lw     x14, 0x3c(x15)
#402 0 800000a6 f00407b7 r 0f         f0040000  lui      x15, -0xffc0
#403 0 800000aa 06878693 r 0d         f0040068  addi     x13, x15, 0x68
#404 0 800000ae     87ba r 0f         00000004  c.mv     x15, x14
#405 0 800000b0     0786 r 0f         00000008  c.slli   x15, 1
#406 0 800000b2     97ba r 0f         0000000c  c.add    x15, x14
#407 0 800000b4     078a r 0f         00000030  c.slli   x15, 2
#408 0 800000b6     97b6 r 0f         f0040098  c.add    x15, x13
#409 0 800000b8 fec42703 r 0e         00000004  lw       x14, -0x14(x8)
#410 0 800000bc     c398 m f0040098   00000004  c.sw     x14, 0x0(x15)
#411 0 800000be f00407b7 r 0f         f0040000  lui      x15, -0xffc0
#412 0 800000c2 06878793 r 0f         f0040068  addi     x15, x15, 0x68
#413 0 800000c6     5fd8 r 0e         00000004  c.lw     x14, 0x3c(x15)
#414 0 800000c8 f00407b7 r 0f         f0040000  lui      x15, -0xffc0
#415 0 800000cc 06878693 r 0d         f0040068  addi     x13, x15, 0x68
#416 0 800000d0     87ba r 0f         00000004  c.mv     x15, x14
#417 0 800000d2     0786 r 0f         00000008  c.slli   x15, 1
#418 0 800000d4     97ba r 0f         0000000c  c.add    x15, x14
#419 0 800000d6     078a r 0f         00000030  c.slli   x15, 2
#420 0 800000d8     97b6 r 0f         f0040098  c.add    x15, x13
#421 0 800000da fe842703 r 0e         00000000  lw       x14, -0x18(x8)
#422 0 800000de     c3d8 m f004009c   00000000  c.sw     x14, 0x4(x15)
#423 0 800000e0 f00407b7 r 0f         f0040000  lui      x15, -0xffc0
#424 0 800000e4 06878793 r 0f         f0040068  addi     x15, x15, 0x68
#425 0 800000e8     5fd8 r 0e         00000004  c.lw     x14, 0x3c(x15)
#426 0 800000ea f00407b7 r 0f         f0040000  lui      x15, -0xffc0
#427 0 800000ee 00078613 r 0c         f0040000  addi     x12, x15, 0x0
#428 0 800000f2 fec42683 r 0d         00000004  lw       x13, -0x14(x8)
#429 0 800000f6     87b6 r 0f         00000004  c.mv     x15, x13
#430 0 800000f8     078a r 0f         00000010  c.slli   x15, 2
#431 0 800000fa     97b6 r 0f         00000014  c.add    x15, x13
#432 0 800000fc fe842683 r 0d         00000000  lw       x13, -0x18(x8)
#433 0 80000100     97b6 r 0f         00000014  c.add    x15, x13
#434 0 80000102     078a r 0f         00000050  c.slli   x15, 2
#435 0 80000104     97b2 r 0f         f0040050  c.add    x15, x12
#436 0 80000106     4394 r 0d         00000064  c.lw     x13, 0x0(x15)
#437 0 80000108 f00407b7 r 0f         f0040000  lui      x15, -0xffc0
#438 0 8000010c 06878613 r 0c         f0040068  addi     x12, x15, 0x68
#439 0 80000110     87ba r 0f         00000004  c.mv     x15, x14
#440 0 80000112     0786 r 0f         00000008  c.slli   x15, 1
#441 0 80000114     97ba r 0f         0000000c  c.add    x15, x14
#442 0 80000116     078a r 0f         00000030  c.slli   x15, 2
#443 0 80000118     97b2 r 0f         f0040098  c.add    x15, x12
#444 0 8000011a     c794 m f00400a0   00000064  c.sw     x13, 0x8(x15)
#445 0 8000011c f00407b7 r 0f         f0040000  lui      x15, -0xffc0
#446 0 80000120 06878793 r 0f         f0040068  addi     x15, x15, 0x68
#447 0 80000124     5fdc r 0f         00000004  c.lw     x15, 0x3c(x15)
#448 0 80000126 00178713 r 0e         00000005  addi     x14, x15, 0x1
#449 0 8000012a f00407b7 r 0f         f0040000  lui      x15, -0xffc0
#450 0 8000012e 06878793 r 0f         f0040068  addi     x15, x15, 0x68
#451 0 80000132     dfd8 m f00400a4   00000005  c.sw     x14, 0x3c(x15)
#452 0 80000134 fe842783 r 0f         00000000  lw       x15, -0x18(x8)
#453 0 80000138     0785 r 0f         00000001  c.addi   x15, 0x1
#454 0 8000013a fef42423 m f00410c8   00000001  sw       x15, -0x18(x8)
#455 0 8000013e fe842703 r 0e         00000001  lw       x14, -0x18(x8)
#456 0 80000142 fec42783 r 0f         00000004  lw       x15, -0x14(x8)
#457 0 80000146 f2f74be3 r 00         00000000  blt      x14, x15, . - 0xca
#458 0 8000007c f00407b7 r 0f         f0040000  lui      x15, -0xffc0
#459 0 80000080 00078693 r 0d         f0040000  addi     x13, x15, 0x0
#460 0 80000084 fec42703 r 0e         00000004  lw       x14, -0x14(x8)
#461 0 80000088     87ba r 0f         00000004  c.mv     x15, x14
#462 0 8000008a     078a r 0f         00000010  c.slli   x15, 2
#463 0 8000008c     97ba r 0f         00000014  c.add    x15, x14
#464 0 8000008e fe842703 r 0e         00000001  lw       x14, -0x18(x8)
#465 0 80000092     97ba r 0f         00000015  c.add    x15, x14
#466 0 80000094     078a r 0f         00000054  c.slli   x15, 2
#467 0 80000096     97b6 r 0f         f0040054  c.add    x15, x13
#468 0 80000098     439c r 0f         00000000  c.lw     x15, 0x0(x15)
#469 0 8000009a     cfc9 r 00         00000000  c.beqz   x15, . + 0x9a
#470 0 80000134 fe842783 r 0f         00000001  lw       x15, -0x18(x8)
#471 0 80000138     0785 r 0f         00000002  c.addi   x15, 0x1
#472 0 8000013a fef42423 m f00410c8   00000002  sw       x15, -0x18(x8)
#473 0 8000013e fe842703 r 0e         00000002  lw       x14, -0x18(x8)
#474 0 80000142 fec42783 r 0f         00000004  lw       x15, -0x14(x8)
#475 0 80000146 f2f74be3 r 00         00000000  blt      x14, x15, . - 0xca
#476 0 8000007c f00407b7 r 0f         f0040000  lui      x15, -0xffc0
#477 0 80000080 00078693 r 0d         f0040000  addi     x13, x15, 0x0
#478 0 80000084 fec42703 r 0e         00000004  lw       x14, -0x14(x8)
#479 0 80000088     87ba r 0f         00000004  c.mv     x15, x14
#480 0 8000008a     078a r 0f         00000010  c.slli   x15, 2
#481 0 8000008c     97ba r 0f         00000014  c.add    x15, x14
#482 0 8000008e fe842703 r 0e         00000002  lw       x14, -0x18(x8)
#483 0 80000092     97ba r 0f         00000016  c.add    x15, x14
#484 0 80000094     078a r 0f         00000058  c.slli   x15, 2
#485 0 80000096     97b6 r 0f         f0040058  c.add    x15, x13
#486 0 80000098     439c r 0f         0000000a  c.lw     x15, 0x0(x15)
#487 0 8000009a     cfc9 r 00         00000000  c.beqz   x15, . + 0x9a
#488 0 8000009c f00407b7 r 0f         f0040000  lui      x15, -0xffc0
#489 0 800000a0 06878793 r 0f         f0040068  addi     x15, x15, 0x68
#490 0 800000a4     5fd8 r 0e         00000005  c.lw     x14, 0x3c(x15)
#491 0 800000a6 f00407b7 r 0f         f0040000  lui      x15, -0xffc0
#492 0 800000aa 06878693 r 0d         f0040068  addi     x13, x15, 0x68
#493 0 800000ae     87ba r 0f         00000005  c.mv     x15, x14
#494 0 800000b0     0786 r 0f         0000000a  c.slli   x15, 1
#495 0 800000b2     97ba r 0f         0000000f  c.add    x15, x14
#496 0 800000b4     078a r 0f         0000003c  c.slli   x15, 2
#497 0 800000b6     97b6 r 0f         f00400a4  c.add    x15, x13
#498 0 800000b8 fec42703 r 0e         00000004  lw       x14, -0x14(x8)
#499 0 800000bc     c398 m f00400a4   00000004  c.sw     x14, 0x0(x15)
#500 0 800000be f00407b7 r 0f         f0040000  lui      x15, -0xffc0
#501 0 800000c2 06878793 r 0f         f0040068  addi     x15, x15, 0x68
#502 0 800000c6     5fd8 r 0e         00000004  c.lw     x14, 0x3c(x15)
#503 0 800000c8 f00407b7 r 0f         f0040000  lui      x15, -0xffc0
#504 0 800000cc 06878693 r 0d         f0040068  addi     x13, x15, 0x68
#505 0 800000d0     87ba r 0f         00000004  c.mv     x15, x14
#506 0 800000d2     0786 r 0f         00000008  c.slli   x15, 1
#507 0 800000d4     97ba r 0f         0000000c  c.add    x15, x14
#508 0 800000d6     078a r 0f         00000030  c.slli   x15, 2
#509 0 800000d8     97b6 r 0f         f0040098  c.add    x15, x13
#510 0 800000da fe842703 r 0e         00000002  lw       x14, -0x18(x8)
#511 0 800000de     c3d8 m f004009c   00000002  c.sw     x14, 0x4(x15)
#512 0 800000e0 f00407b7 r 0f         f0040000  lui      x15, -0xffc0
#513 0 800000e4 06878793 r 0f         f0040068  addi     x15, x15, 0x68
#514 0 800000e8     5fd8 r 0e         00000004  c.lw     x14, 0x3c(x15)
#515 0 800000ea f00407b7 r 0f         f0040000  lui      x15, -0xffc0
#516 0 800000ee 00078613 r 0c         f0040000  addi     x12, x15, 0x0
#517 0 800000f2 fec42683 r 0d         00000004  lw       x13, -0x14(x8)
#518 0 800000f6     87b6 r 0f         00000004  c.mv     x15, x13
#519 0 800000f8     078a r 0f         00000010  c.slli   x15, 2
#520 0 800000fa     97b6 r 0f         00000014  c.add    x15, x13
#521 0 800000fc fe842683 r 0d         00000002  lw       x13, -0x18(x8)
#522 0 80000100     97b6 r 0f         00000016  c.add    x15, x13
#523 0 80000102     078a r 0f         00000058  c.slli   x15, 2
#524 0 80000104     97b2 r 0f         f0040058  c.add    x15, x12
#525 0 80000106     4394 r 0d         0000000a  c.lw     x13, 0x0(x15)
#526 0 80000108 f00407b7 r 0f         f0040000  lui      x15, -0xffc0
#527 0 8000010c 06878613 r 0c         f0040068  addi     x12, x15, 0x68
#528 0 80000110     87ba r 0f         00000004  c.mv     x15, x14
#529 0 80000112     0786 r 0f         00000008  c.slli   x15, 1
#530 0 80000114     97ba r 0f         0000000c  c.add    x15, x14
#531 0 80000116     078a r 0f         00000030  c.slli   x15, 2
#532 0 80000118     97b2 r 0f         f0040098  c.add    x15, x12
#533 0 8000011a     c794 m f00400a0   0000000a  c.sw     x13, 0x8(x15)
#534 0 8000011c f00407b7 r 0f         f0040000  lui      x15, -0xffc0
#535 0 80000120 06878793 r 0f         f0040068  addi     x15, x15, 0x68
#536 0 80000124     5fdc r 0f         00000004  c.lw     x15, 0x3c(x15)
#537 0 80000126 00178713 r 0e         00000005  addi     x14, x15, 0x1
#538 0 8000012a f00407b7 r 0f         f0040000  lui      x15, -0xffc0
#539 0 8000012e 06878793 r 0f         f0040068  addi     x15, x15, 0x68
#540 0 80000132     dfd8 m f00400a4   00000005  c.sw     x14, 0x3c(x15)
#541 0 80000134 fe842783 r 0f         00000002  lw       x15, -0x18(x8)
#542 0 80000138     0785 r 0f         00000003  c.addi   x15, 0x1
#543 0 8000013a fef42423 m f00410c8   00000003  sw       x15, -0x18(x8)
#544 0 8000013e fe842703 r 0e         00000003  lw       x14, -0x18(x8)
#545 0 80000142 fec42783 r 0f         00000004  lw       x15, -0x14(x8)
#546 0 80000146 f2f74be3 r 00         00000000  blt      x14, x15, . - 0xca
#547 0 8000007c f00407b7 r 0f         f0040000  lui      x15, -0xffc0
#548 0 80000080 00078693 r 0d         f0040000  addi     x13, x15, 0x0
#549 0 80000084 fec42703 r 0e         00000004  lw       x14, -0x14(x8)
#550 0 80000088     87ba r 0f         00000004  c.mv     x15, x14
#551 0 8000008a     078a r 0f         00000010  c.slli   x15, 2
#552 0 8000008c     97ba r 0f         00000014  c.add    x15, x14
#553 0 8000008e fe842703 r 0e         00000003  lw       x14, -0x18(x8)
#554 0 80000092     97ba r 0f         00000017  c.add    x15, x14
#555 0 80000094     078a r 0f         0000005c  c.slli   x15, 2
#556 0 80000096     97b6 r 0f         f004005c  c.add    x15, x13
#557 0 80000098     439c r 0f         0000003c  c.lw     x15, 0x0(x15)
#558 0 8000009a     cfc9 r 00         00000000  c.beqz   x15, . + 0x9a
#559 0 8000009c f00407b7 r 0f         f0040000  lui      x15, -0xffc0
#560 0 800000a0 06878793 r 0f         f0040068  addi     x15, x15, 0x68
#561 0 800000a4     5fd8 r 0e         00000005  c.lw     x14, 0x3c(x15)
#562 0 800000a6 f00407b7 r 0f         f0040000  lui      x15, -0xffc0
#563 0 800000aa 06878693 r 0d         f0040068  addi     x13, x15, 0x68
#564 0 800000ae     87ba r 0f         00000005  c.mv     x15, x14
#565 0 800000b0     0786 r 0f         0000000a  c.slli   x15, 1
#566 0 800000b2     97ba r 0f         0000000f  c.add    x15, x14
#567 0 800000b4     078a r 0f         0000003c  c.slli   x15, 2
#568 0 800000b6     97b6 r 0f         f00400a4  c.add    x15, x13
#569 0 800000b8 fec42703 r 0e         00000004  lw       x14, -0x14(x8)
#570 0 800000bc     c398 m f00400a4   00000004  c.sw     x14, 0x0(x15)
#571 0 800000be f00407b7 r 0f         f0040000  lui      x15, -0xffc0
#572 0 800000c2 06878793 r 0f         f0040068  addi     x15, x15, 0x68
#573 0 800000c6     5fd8 r 0e         00000004  c.lw     x14, 0x3c(x15)
#574 0 800000c8 f00407b7 r 0f         f0040000  lui      x15, -0xffc0
#575 0 800000cc 06878693 r 0d         f0040068  addi     x13, x15, 0x68
#576 0 800000d0     87ba r 0f         00000004  c.mv     x15, x14
#577 0 800000d2     0786 r 0f         00000008  c.slli   x15, 1
#578 0 800000d4     97ba r 0f         0000000c  c.add    x15, x14
#579 0 800000d6     078a r 0f         00000030  c.slli   x15, 2
#580 0 800000d8     97b6 r 0f         f0040098  c.add    x15, x13
#581 0 800000da fe842703 r 0e         00000003  lw       x14, -0x18(x8)
#582 0 800000de     c3d8 m f004009c   00000003  c.sw     x14, 0x4(x15)
#583 0 800000e0 f00407b7 r 0f         f0040000  lui      x15, -0xffc0
#584 0 800000e4 06878793 r 0f         f0040068  addi     x15, x15, 0x68
#585 0 800000e8     5fd8 r 0e         00000004  c.lw     x14, 0x3c(x15)
#586 0 800000ea f00407b7 r 0f         f0040000  lui      x15, -0xffc0
#587 0 800000ee 00078613 r 0c         f0040000  addi     x12, x15, 0x0
#588 0 800000f2 fec42683 r 0d         00000004  lw       x13, -0x14(x8)
#589 0 800000f6     87b6 r 0f         00000004  c.mv     x15, x13
#590 0 800000f8     078a r 0f         00000010  c.slli   x15, 2
#591 0 800000fa     97b6 r 0f         00000014  c.add    x15, x13
#592 0 800000fc fe842683 r 0d         00000003  lw       x13, -0x18(x8)
#593 0 80000100     97b6 r 0f         00000017  c.add    x15, x13
#594 0 80000102     078a r 0f         0000005c  c.slli   x15, 2
#595 0 80000104     97b2 r 0f         f004005c  c.add    x15, x12
#596 0 80000106     4394 r 0d         0000003c  c.lw     x13, 0x0(x15)
#597 0 80000108 f00407b7 r 0f         f0040000  lui      x15, -0xffc0
#598 0 8000010c 06878613 r 0c         f0040068  addi     x12, x15, 0x68
#599 0 80000110     87ba r 0f         00000004  c.mv     x15, x14
#600 0 80000112     0786 r 0f         00000008  c.slli   x15, 1
#601 0 80000114     97ba r 0f         0000000c  c.add    x15, x14
#602 0 80000116     078a r 0f         00000030  c.slli   x15, 2
#603 0 80000118     97b2 r 0f         f0040098  c.add    x15, x12
#604 0 8000011a     c794 m f00400a0   0000003c  c.sw     x13, 0x8(x15)
#605 0 8000011c f00407b7 r 0f         f0040000  lui      x15, -0xffc0
#606 0 80000120 06878793 r 0f         f0040068  addi     x15, x15, 0x68
#607 0 80000124     5fdc r 0f         00000004  c.lw     x15, 0x3c(x15)
#608 0 80000126 00178713 r 0e         00000005  addi     x14, x15, 0x1
#609 0 8000012a f00407b7 r 0f         f0040000  lui      x15, -0xffc0
#610 0 8000012e 06878793 r 0f         f0040068  addi     x15, x15, 0x68
#611 0 80000132     dfd8 m f00400a4   00000005  c.sw     x14, 0x3c(x15)
#612 0 80000134 fe842783 r 0f         00000003  lw       x15, -0x18(x8)
#613 0 80000138     0785 r 0f         00000004  c.addi   x15, 0x1
#614 0 8000013a fef42423 m f00410c8   00000004  sw       x15, -0x18(x8)
#615 0 8000013e fe842703 r 0e         00000004  lw       x14, -0x18(x8)
#616 0 80000142 fec42783 r 0f         00000004  lw       x15, -0x14(x8)
#617 0 80000146 f2f74be3 r 00         00000000  blt      x14, x15, . - 0xca
#618 0 8000014a fec42783 r 0f         00000004  lw       x15, -0x14(x8)
#619 0 8000014e     0785 r 0f         00000005  c.addi   x15, 0x1
#620 0 80000150 fef42623 m f00410cc   00000005  sw       x15, -0x14(x8)
#621 0 80000154 f00407b7 r 0f         f0040000  lui      x15, -0xffc0
#622 0 80000158 0647a783 r 0f         00000005  lw       x15, 0x64(x15)
#623 0 8000015c fec42703 r 0e         00000005  lw       x14, -0x14(x8)
#624 0 80000160 f0f74be3 r 00         00000000  blt      x14, x15, . - 0xea
#625 0 80000164     2a5d r 01         80000166  c.jal    . + 0x1b6
#626 0 8000031a     7179 r 02         f0041070  c.addi16sp -0x3
#627 0 8000031c     d622 m f004109c   f00410e0  c.swsp   x8, 0x2c
#628 0 8000031e     1800 r 08         f00410a0  c.addi4spn  x8, 0xc
#629 0 80000320     4785 r 0f         00000001  c.li     x15, 0x1
#630 0 80000322 fef42623 m f004108c   00000001  sw       x15, -0x14(x8)
#631 0 80000326     a8ed r 00         00000000  c.j      . + 0xfa
#632 0 80000420 f00407b7 r 0f         f0040000  lui      x15, -0xffc0
#633 0 80000424 06878793 r 0f         f0040068  addi     x15, x15, 0x68
#634 0 80000428     5fdc r 0f         00000005  c.lw     x15, 0x3c(x15)
#635 0 8000042a fec42703 r 0e         00000001  lw       x14, -0x14(x8)
#636 0 8000042e eef74de3 r 00         00000000  blt      x14, x15, . - 0x106
#637 0 80000328 fe042423 m f0041088   00000000  sw       x0, -0x18(x8)
#638 0 8000032c     a8d9 r 00         00000000  c.j      . + 0xd6
#639 0 80000402 f00407b7 r 0f         f0040000  lui      x15, -0xffc0
#640 0 80000406 06878793 r 0f         f0040068  addi     x15, x15, 0x68
#641 0 8000040a     5fdc r 0f         00000005  c.lw     x15, 0x3c(x15)
#642 0 8000040c     17fd r 0f         00000004  c.addi   x15, -0x1
#643 0 8000040e fe842703 r 0e         00000000  lw       x14, -0x18(x8)
#644 0 80000412 f0f74ee3 r 00         00000000  blt      x14, x15, . - 0xe4
#645 0 8000032e f00407b7 r 0f         f0040000  lui      x15, -0xffc0
#646 0 80000332 06878693 r 0d         f0040068  addi     x13, x15, 0x68
#647 0 80000336 fe842703 r 0e         00000000  lw       x14, -0x18(x8)
#648 0 8000033a     87ba r 0f         00000000  c.mv     x15, x14
#649 0 8000033c     0786 r 0f         00000000  c.slli   x15, 1
#650 0 8000033e     97ba r 0f         00000000  c.add    x15, x14
#651 0 80000340     078a r 0f         00000000  c.slli   x15, 2
#652 0 80000342     97b6 r 0f         f0040068  c.add    x15, x13
#653 0 80000344     4794 r 0d         0000000a  c.lw     x13, 0x8(x15)
#654 0 80000346 fe842783 r 0f         00000000  lw       x15, -0x18(x8)
#655 0 8000034a 00178713 r 0e         00000001  addi     x14, x15, 0x1
#656 0 8000034e f00407b7 r 0f         f0040000  lui      x15, -0xffc0
#657 0 80000352 06878613 r 0c         f0040068  addi     x12, x15, 0x68
#658 0 80000356     87ba r 0f         00000001  c.mv     x15, x14
#659 0 80000358     0786 r 0f         00000002  c.slli   x15, 1
#660 0 8000035a     97ba r 0f         00000003  c.add    x15, x14
#661 0 8000035c     078a r 0f         0000000c  c.slli   x15, 2
#662 0 8000035e     97b2 r 0f         f0040074  c.add    x15, x12
#663 0 80000360     479c r 0f         00000032  c.lw     x15, 0x8(x15)
#664 0 80000362 08d7db63 r 00         00000000  bge      x15, x13, . + 0x96
#665 0 800003f8 fe842783 r 0f         00000000  lw       x15, -0x18(x8)
#666 0 800003fc     0785 r 0f         00000001  c.addi   x15, 0x1
#667 0 800003fe fef42423 m f0041088   00000001  sw       x15, -0x18(x8)
#668 0 80000402 f00407b7 r 0f         f0040000  lui      x15, -0xffc0
#669 0 80000406 06878793 r 0f         f0040068  addi     x15, x15, 0x68
#670 0 8000040a     5fdc r 0f         00000005  c.lw     x15, 0x3c(x15)
#671 0 8000040c     17fd r 0f         00000004  c.addi   x15, -0x1
#672 0 8000040e fe842703 r 0e         00000001  lw       x14, -0x18(x8)
#673 0 80000412 f0f74ee3 r 00         00000000  blt      x14, x15, . - 0xe4
#674 0 8000032e f00407b7 r 0f         f0040000  lui      x15, -0xffc0
#675 0 80000332 06878693 r 0d         f0040068  addi     x13, x15, 0x68
#676 0 80000336 fe842703 r 0e         00000001  lw       x14, -0x18(x8)
#677 0 8000033a     87ba r 0f         00000001  c.mv     x15, x14
#678 0 8000033c     0786 r 0f         00000002  c.slli   x15, 1
#679 0 8000033e     97ba r 0f         00000003  c.add    x15, x14
#680 0 80000340     078a r 0f         0000000c  c.slli   x15, 2
#681 0 80000342     97b6 r 0f         f0040074  c.add    x15, x13
#682 0 80000344     4794 r 0d         00000032  c.lw     x13, 0x8(x15)
#683 0 80000346 fe842783 r 0f         00000001  lw       x15, -0x18(x8)
#684 0 8000034a 00178713 r 0e         00000002  addi     x14, x15, 0x1
#685 0 8000034e f00407b7 r 0f         f0040000  lui      x15, -0xffc0
#686 0 80000352 06878613 r 0c         f0040068  addi     x12, x15, 0x68
#687 0 80000356     87ba r 0f         00000002  c.mv     x15, x14
#688 0 80000358     0786 r 0f         00000004  c.slli   x15, 1
#689 0 8000035a     97ba r 0f         00000006  c.add    x15, x14
#690 0 8000035c     078a r 0f         00000018  c.slli   x15, 2
#691 0 8000035e     97b2 r 0f         f0040080  c.add    x15, x12
#692 0 80000360     479c r 0f         0000001e  c.lw     x15, 0x8(x15)
#693 0 80000362 08d7db63 r 00         00000000  bge      x15, x13, . + 0x96
#694 0 80000366 f00407b7 r 0f         f0040000  lui      x15, -0xffc0
#695 0 8000036a 06878693 r 0d         f0040068  addi     x13, x15, 0x68
#696 0 8000036e fe842703 r 0e         00000001  lw       x14, -0x18(x8)
#697 0 80000372     87ba r 0f         00000001  c.mv     x15, x14
#698 0 80000374     0786 r 0f         00000002  c.slli   x15, 1
#699 0 80000376     97ba r 0f         00000003  c.add    x15, x14
#700 0 80000378     078a r 0f         0000000c  c.slli   x15, 2
#701 0 8000037a     97b6 r 0f         f0040074  c.add    x15, x13
#702 0 8000037c     4398 r 0e         00000002  c.lw     x14, 0x0(x15)
#703 0 8000037e fce42e23 m f004107c   00000002  sw       x14, -0x24(x8)
#704 0 80000382     43d8 r 0e         00000001  c.lw     x14, 0x4(x15)
#705 0 80000384 fee42023 m f0041080   00000001  sw       x14, -0x20(x8)
#706 0 80000388     479c r 0f         00000032  c.lw     x15, 0x8(x15)
#707 0 8000038a fef42223 m f0041084   00000032  sw       x15, -0x1c(x8)
#708 0 8000038e fe842783 r 0f         00000001  lw       x15, -0x18(x8)
#709 0 80000392 00178693 r 0d         00000002  addi     x13, x15, 0x1
#710 0 80000396 f00407b7 r 0f         f0040000  lui      x15, -0xffc0
#711 0 8000039a 06878613 r 0c         f0040068  addi     x12, x15, 0x68
#712 0 8000039e fe842703 r 0e         00000001  lw       x14, -0x18(x8)
#713 0 800003a2     87ba r 0f         00000001  c.mv     x15, x14
#714 0 800003a4     0786 r 0f         00000002  c.slli   x15, 1
#715 0 800003a6     97ba r 0f         00000003  c.add    x15, x14
#716 0 800003a8     078a r 0f         0000000c  c.slli   x15, 2
#717 0 800003aa 00f60733 r 0e         f0040074  add      x14, x12, x15
#718 0 800003ae f00407b7 r 0f         f0040000  lui      x15, -0xffc0
#719 0 800003b2 06878613 r 0c         f0040068  addi     x12, x15, 0x68
#720 0 800003b6     87b6 r 0f         00000002  c.mv     x15, x13
#721 0 800003b8     0786 r 0f         00000004  c.slli   x15, 1
#722 0 800003ba     97b6 r 0f         00000006  c.add    x15, x13
#723 0 800003bc     078a r 0f         00000018  c.slli   x15, 2
#724 0 800003be     97b2 r 0f         f0040080  c.add    x15, x12
#725 0 800003c0     4394 r 0d         00000003  c.lw     x13, 0x0(x15)
#726 0 800003c2     c314 m f0040074   00000003  c.sw     x13, 0x0(x14)
#727 0 800003c4     43d4 r 0d         00000000  c.lw     x13, 0x4(x15)
#728 0 800003c6     c354 m f0040078   00000000  c.sw     x13, 0x4(x14)
#729 0 800003c8     479c r 0f         0000001e  c.lw     x15, 0x8(x15)
#730 0 800003ca     c71c m f004007c   0000001e  c.sw     x15, 0x8(x14)
#731 0 800003cc fe842783 r 0f         00000001  lw       x15, -0x18(x8)
#732 0 800003d0 00178713 r 0e         00000002  addi     x14, x15, 0x1
#733 0 800003d4 f00407b7 r 0f         f0040000  lui      x15, -0xffc0
#734 0 800003d8 06878693 r 0d         f0040068  addi     x13, x15, 0x68
#735 0 800003dc     87ba r 0f         00000002  c.mv     x15, x14
#736 0 800003de     0786 r 0f         00000004  c.slli   x15, 1
#737 0 800003e0     97ba r 0f         00000006  c.add    x15, x14
#738 0 800003e2     078a r 0f         00000018  c.slli   x15, 2
#739 0 800003e4     97b6 r 0f         f0040080  c.add    x15, x13
#740 0 800003e6 fdc42703 r 0e         00000002  lw       x14, -0x24(x8)
#741 0 800003ea     c398 m f0040080   00000002  c.sw     x14, 0x0(x15)
#742 0 800003ec fe042703 r 0e         00000001  lw       x14, -0x20(x8)
#743 0 800003f0     c3d8 m f0040084   00000001  c.sw     x14, 0x4(x15)
#744 0 800003f2 fe442703 r 0e         00000032  lw       x14, -0x1c(x8)
#745 0 800003f6     c798 m f0040088   00000032  c.sw     x14, 0x8(x15)
#746 0 800003f8 fe842783 r 0f         00000001  lw       x15, -0x18(x8)
#747 0 800003fc     0785 r 0f         00000002  c.addi   x15, 0x1
#748 0 800003fe fef42423 m f0041088   00000002  sw       x15, -0x18(x8)
#749 0 80000402 f00407b7 r 0f         f0040000  lui      x15, -0xffc0
#750 0 80000406 06878793 r 0f         f0040068  addi     x15, x15, 0x68
#751 0 8000040a     5fdc r 0f         00000005  c.lw     x15, 0x3c(x15)
#752 0 8000040c     17fd r 0f         00000004  c.addi   x15, -0x1
#753 0 8000040e fe842703 r 0e         00000002  lw       x14, -0x18(x8)
#754 0 80000412 f0f74ee3 r 00         00000000  blt      x14, x15, . - 0xe4
#755 0 8000032e f00407b7 r 0f         f0040000  lui      x15, -0xffc0
#756 0 80000332 06878693 r 0d         f0040068  addi     x13, x15, 0x68
#757 0 80000336 fe842703 r 0e         00000002  lw       x14, -0x18(x8)
#758 0 8000033a     87ba r 0f         00000002  c.mv     x15, x14
#759 0 8000033c     0786 r 0f         00000004  c.slli   x15, 1
#760 0 8000033e     97ba r 0f         00000006  c.add    x15, x14
#761 0 80000340     078a r 0f         00000018  c.slli   x15, 2
#762 0 80000342     97b6 r 0f         f0040080  c.add    x15, x13
#763 0 80000344     4794 r 0d         00000032  c.lw     x13, 0x8(x15)
#764 0 80000346 fe842783 r 0f         00000002  lw       x15, -0x18(x8)
#765 0 8000034a 00178713 r 0e         00000003  addi     x14, x15, 0x1
#766 0 8000034e f00407b7 r 0f         f0040000  lui      x15, -0xffc0
#767 0 80000352 06878613 r 0c         f0040068  addi     x12, x15, 0x68
#768 0 80000356     87ba r 0f         00000003  c.mv     x15, x14
#769 0 80000358     0786 r 0f         00000006  c.slli   x15, 1
#770 0 8000035a     97ba r 0f         00000009  c.add    x15, x14
#771 0 8000035c     078a r 0f         00000024  c.slli   x15, 2
#772 0 8000035e     97b2 r 0f         f004008c  c.add    x15, x12
#773 0 80000360     479c r 0f         00000014  c.lw     x15, 0x8(x15)
#774 0 80000362 08d7db63 r 00         00000000  bge      x15, x13, . + 0x96
#775 0 80000366 f00407b7 r 0f         f0040000  lui      x15, -0xffc0
#776 0 8000036a 06878693 r 0d         f0040068  addi     x13, x15, 0x68
#777 0 8000036e fe842703 r 0e         00000002  lw       x14, -0x18(x8)
#778 0 80000372     87ba r 0f         00000002  c.mv     x15, x14
#779 0 80000374     0786 r 0f         00000004  c.slli   x15, 1
#780 0 80000376     97ba r 0f         00000006  c.add    x15, x14
#781 0 80000378     078a r 0f         00000018  c.slli   x15, 2
#782 0 8000037a     97b6 r 0f         f0040080  c.add    x15, x13
#783 0 8000037c     4398 r 0e         00000002  c.lw     x14, 0x0(x15)
#784 0 8000037e fce42e23 m f004107c   00000002  sw       x14, -0x24(x8)
#785 0 80000382     43d8 r 0e         00000001  c.lw     x14, 0x4(x15)
#786 0 80000384 fee42023 m f0041080   00000001  sw       x14, -0x20(x8)
#787 0 80000388     479c r 0f         00000032  c.lw     x15, 0x8(x15)
#788 0 8000038a fef42223 m f0041084   00000032  sw       x15, -0x1c(x8)
#789 0 8000038e fe842783 r 0f         00000002  lw       x15, -0x18(x8)
#790 0 80000392 00178693 r 0d         00000003  addi     x13, x15, 0x1
#791 0 80000396 f00407b7 r 0f         f0040000  lui      x15, -0xffc0
#792 0 8000039a 06878613 r 0c         f0040068  addi     x12, x15, 0x68
#793 0 8000039e fe842703 r 0e         00000002  lw       x14, -0x18(x8)
#794 0 800003a2     87ba r 0f         00000002  c.mv     x15, x14
#795 0 800003a4     0786 r 0f         00000004  c.slli   x15, 1
#796 0 800003a6     97ba r 0f         00000006  c.add    x15, x14
#797 0 800003a8     078a r 0f         00000018  c.slli   x15, 2
#798 0 800003aa 00f60733 r 0e         f0040080  add      x14, x12, x15
#799 0 800003ae f00407b7 r 0f         f0040000  lui      x15, -0xffc0
#800 0 800003b2 06878613 r 0c         f0040068  addi     x12, x15, 0x68
#801 0 800003b6     87b6 r 0f         00000003  c.mv     x15, x13
#802 0 800003b8     0786 r 0f         00000006  c.slli   x15, 1
#803 0 800003ba     97b6 r 0f         00000009  c.add    x15, x13
#804 0 800003bc     078a r 0f         00000024  c.slli   x15, 2
#805 0 800003be     97b2 r 0f         f004008c  c.add    x15, x12
#806 0 800003c0     4394 r 0d         00000003  c.lw     x13, 0x0(x15)
#807 0 800003c2     c314 m f0040080   00000003  c.sw     x13, 0x0(x14)
#808 0 800003c4     43d4 r 0d         00000002  c.lw     x13, 0x4(x15)
#809 0 800003c6     c354 m f0040084   00000002  c.sw     x13, 0x4(x14)
#810 0 800003c8     479c r 0f         00000014  c.lw     x15, 0x8(x15)
#811 0 800003ca     c71c m f0040088   00000014  c.sw     x15, 0x8(x14)
#812 0 800003cc fe842783 r 0f         00000002  lw       x15, -0x18(x8)
#813 0 800003d0 00178713 r 0e         00000003  addi     x14, x15, 0x1
#814 0 800003d4 f00407b7 r 0f         f0040000  lui      x15, -0xffc0
#815 0 800003d8 06878693 r 0d         f0040068  addi     x13, x15, 0x68
#816 0 800003dc     87ba r 0f         00000003  c.mv     x15, x14
#817 0 800003de     0786 r 0f         00000006  c.slli   x15, 1
#818 0 800003e0     97ba r 0f         00000009  c.add    x15, x14
#819 0 800003e2     078a r 0f         00000024  c.slli   x15, 2
#820 0 800003e4     97b6 r 0f         f004008c  c.add    x15, x13
#821 0 800003e6 fdc42703 r 0e         00000002  lw       x14, -0x24(x8)
#822 0 800003ea     c398 m f004008c   00000002  c.sw     x14, 0x0(x15)
#823 0 800003ec fe042703 r 0e         00000001  lw       x14, -0x20(x8)
#824 0 800003f0     c3d8 m f0040090   00000001  c.sw     x14, 0x4(x15)
#825 0 800003f2 fe442703 r 0e         00000032  lw       x14, -0x1c(x8)
#826 0 800003f6     c798 m f0040094   00000032  c.sw     x14, 0x8(x15)
#827 0 800003f8 fe842783 r 0f         00000002  lw       x15, -0x18(x8)
#828 0 800003fc     0785 r 0f         00000003  c.addi   x15, 0x1
#829 0 800003fe fef42423 m f0041088   00000003  sw       x15, -0x18(x8)
#830 0 80000402 f00407b7 r 0f         f0040000  lui      x15, -0xffc0
#831 0 80000406 06878793 r 0f         f0040068  addi     x15, x15, 0x68
#832 0 8000040a     5fdc r 0f         00000005  c.lw     x15, 0x3c(x15)
#833 0 8000040c     17fd r 0f         00000004  c.addi   x15, -0x1
#834 0 8000040e fe842703 r 0e         00000003  lw       x14, -0x18(x8)
#835 0 80000412 f0f74ee3 r 00         00000000  blt      x14, x15, . - 0xe4
#836 0 8000032e f00407b7 r 0f         f0040000  lui      x15, -0xffc0
#837 0 80000332 06878693 r 0d         f0040068  addi     x13, x15, 0x68
#838 0 80000336 fe842703 r 0e         00000003  lw       x14, -0x18(x8)
#839 0 8000033a     87ba r 0f         00000003  c.mv     x15, x14
#840 0 8000033c     0786 r 0f         00000006  c.slli   x15, 1
#841 0 8000033e     97ba r 0f         00000009  c.add    x15, x14
#842 0 80000340     078a r 0f         00000024  c.slli   x15, 2
#843 0 80000342     97b6 r 0f         f004008c  c.add    x15, x13
#844 0 80000344     4794 r 0d         00000032  c.lw     x13, 0x8(x15)
#845 0 80000346 fe842783 r 0f         00000003  lw       x15, -0x18(x8)
#846 0 8000034a 00178713 r 0e         00000004  addi     x14, x15, 0x1
#847 0 8000034e f00407b7 r 0f         f0040000  lui      x15, -0xffc0
#848 0 80000352 06878613 r 0c         f0040068  addi     x12, x15, 0x68
#849 0 80000356     87ba r 0f         00000004  c.mv     x15, x14
#850 0 80000358     0786 r 0f         00000008  c.slli   x15, 1
#851 0 8000035a     97ba r 0f         0000000c  c.add    x15, x14
#852 0 8000035c     078a r 0f         00000030  c.slli   x15, 2
#853 0 8000035e     97b2 r 0f         f0040098  c.add    x15, x12
#854 0 80000360     479c r 0f         0000003c  c.lw     x15, 0x8(x15)
#855 0 80000362 08d7db63 r 00         00000000  bge      x15, x13, . + 0x96
#856 0 800003f8 fe842783 r 0f         00000003  lw       x15, -0x18(x8)
#857 0 800003fc     0785 r 0f         00000004  c.addi   x15, 0x1
#858 0 800003fe fef42423 m f0041088   00000004  sw       x15, -0x18(x8)
#859 0 80000402 f00407b7 r 0f         f0040000  lui      x15, -0xffc0
#860 0 80000406 06878793 r 0f         f0040068  addi     x15, x15, 0x68
#861 0 8000040a     5fdc r 0f         00000005  c.lw     x15, 0x3c(x15)
#862 0 8000040c     17fd r 0f         00000004  c.addi   x15, -0x1
#863 0 8000040e fe842703 r 0e         00000004  lw       x14, -0x18(x8)
#864 0 80000412 f0f74ee3 r 00         00000000  blt      x14, x15, . - 0xe4
#865 0 80000416 fec42783 r 0f         00000001  lw       x15, -0x14(x8)
#866 0 8000041a     0785 r 0f         00000002  c.addi   x15, 0x1
#867 0 8000041c fef42623 m f004108c   00000002  sw       x15, -0x14(x8)
#868 0 80000420 f00407b7 r 0f         f0040000  lui      x15, -0xffc0
#869 0 80000424 06878793 r 0f         f0040068  addi     x15, x15, 0x68
#870 0 80000428     5fdc r 0f         00000005  c.lw     x15, 0x3c(x15)
#871 0 8000042a fec42703 r 0e         00000002  lw       x14, -0x14(x8)
#872 0 8000042e eef74de3 r 00         00000000  blt      x14, x15, . - 0x106
#873 0 80000328 fe042423 m f0041088   00000000  sw       x0, -0x18(x8)
#874 0 8000032c     a8d9 r 00         00000000  c.j      . + 0xd6
#875 0 80000402 f00407b7 r 0f         f0040000  lui      x15, -0xffc0
#876 0 80000406 06878793 r 0f         f0040068  addi     x15, x15, 0x68
#877 0 8000040a     5fdc r 0f         00000005  c.lw     x15, 0x3c(x15)
#878 0 8000040c     17fd r 0f         00000004  c.addi   x15, -0x1
#879 0 8000040e fe842703 r 0e         00000000  lw       x14, -0x18(x8)
#880 0 80000412 f0f74ee3 r 00         00000000  blt      x14, x15, . - 0xe4
#881 0 8000032e f00407b7 r 0f         f0040000  lui      x15, -0xffc0
#882 0 80000332 06878693 r 0d         f0040068  addi     x13, x15, 0x68
#883 0 80000336 fe842703 r 0e         00000000  lw       x14, -0x18(x8)
#884 0 8000033a     87ba r 0f         00000000  c.mv     x15, x14
#885 0 8000033c     0786 r 0f         00000000  c.slli   x15, 1
#886 0 8000033e     97ba r 0f         00000000  c.add    x15, x14
#887 0 80000340     078a r 0f         00000000  c.slli   x15, 2
#888 0 80000342     97b6 r 0f         f0040068  c.add    x15, x13
#889 0 80000344     4794 r 0d         0000000a  c.lw     x13, 0x8(x15)
#890 0 80000346 fe842783 r 0f         00000000  lw       x15, -0x18(x8)
#891 0 8000034a 00178713 r 0e         00000001  addi     x14, x15, 0x1
#892 0 8000034e f00407b7 r 0f         f0040000  lui      x15, -0xffc0
#893 0 80000352 06878613 r 0c         f0040068  addi     x12, x15, 0x68
#894 0 80000356     87ba r 0f         00000001  c.mv     x15, x14
#895 0 80000358     0786 r 0f         00000002  c.slli   x15, 1
#896 0 8000035a     97ba r 0f         00000003  c.add    x15, x14
#897 0 8000035c     078a r 0f         0000000c  c.slli   x15, 2
#898 0 8000035e     97b2 r 0f         f0040074  c.add    x15, x12
#899 0 80000360     479c r 0f         0000001e  c.lw     x15, 0x8(x15)
#900 0 80000362 08d7db63 r 00         00000000  bge      x15, x13, . + 0x96
#901 0 800003f8 fe842783 r 0f         00000000  lw       x15, -0x18(x8)
#902 0 800003fc     0785 r 0f         00000001  c.addi   x15, 0x1
#903 0 800003fe fef42423 m f0041088   00000001  sw       x15, -0x18(x8)
#904 0 80000402 f00407b7 r 0f         f0040000  lui      x15, -0xffc0
#905 0 80000406 06878793 r 0f         f0040068  addi     x15, x15, 0x68
#906 0 8000040a     5fdc r 0f         00000005  c.lw     x15, 0x3c(x15)
#907 0 8000040c     17fd r 0f         00000004  c.addi   x15, -0x1
#908 0 8000040e fe842703 r 0e         00000001  lw       x14, -0x18(x8)
#909 0 80000412 f0f74ee3 r 00         00000000  blt      x14, x15, . - 0xe4
#910 0 8000032e f00407b7 r 0f         f0040000  lui      x15, -0xffc0
#911 0 80000332 06878693 r 0d         f0040068  addi     x13, x15, 0x68
#912 0 80000336 fe842703 r 0e         00000001  lw       x14, -0x18(x8)
#913 0 8000033a     87ba r 0f         00000001  c.mv     x15, x14
#914 0 8000033c     0786 r 0f         00000002  c.slli   x15, 1
#915 0 8000033e     97ba r 0f         00000003  c.add    x15, x14
#916 0 80000340     078a r 0f         0000000c  c.slli   x15, 2
#917 0 80000342     97b6 r 0f         f0040074  c.add    x15, x13
#918 0 80000344     4794 r 0d         0000001e  c.lw     x13, 0x8(x15)
#919 0 80000346 fe842783 r 0f         00000001  lw       x15, -0x18(x8)
#920 0 8000034a 00178713 r 0e         00000002  addi     x14, x15, 0x1
#921 0 8000034e f00407b7 r 0f         f0040000  lui      x15, -0xffc0
#922 0 80000352 06878613 r 0c         f0040068  addi     x12, x15, 0x68
#923 0 80000356     87ba r 0f         00000002  c.mv     x15, x14
#924 0 80000358     0786 r 0f         00000004  c.slli   x15, 1
#925 0 8000035a     97ba r 0f         00000006  c.add    x15, x14
#926 0 8000035c     078a r 0f         00000018  c.slli   x15, 2
#927 0 8000035e     97b2 r 0f         f0040080  c.add    x15, x12
#928 0 80000360     479c r 0f         00000014  c.lw     x15, 0x8(x15)
#929 0 80000362 08d7db63 r 00         00000000  bge      x15, x13, . + 0x96
#930 0 80000366 f00407b7 r 0f         f0040000  lui      x15, -0xffc0
#931 0 8000036a 06878693 r 0d         f0040068  addi     x13, x15, 0x68
#932 0 8000036e fe842703 r 0e         00000001  lw       x14, -0x18(x8)
#933 0 80000372     87ba r 0f         00000001  c.mv     x15, x14
#934 0 80000374     0786 r 0f         00000002  c.slli   x15, 1
#935 0 80000376     97ba r 0f         00000003  c.add    x15, x14
#936 0 80000378     078a r 0f         0000000c  c.slli   x15, 2
#937 0 8000037a     97b6 r 0f         f0040074  c.add    x15, x13
#938 0 8000037c     4398 r 0e         00000003  c.lw     x14, 0x0(x15)
#939 0 8000037e fce42e23 m f004107c   00000003  sw       x14, -0x24(x8)
#940 0 80000382     43d8 r 0e         00000000  c.lw     x14, 0x4(x15)
#941 0 80000384 fee42023 m f0041080   00000000  sw       x14, -0x20(x8)
#942 0 80000388     479c r 0f         0000001e  c.lw     x15, 0x8(x15)
#943 0 8000038a fef42223 m f0041084   0000001e  sw       x15, -0x1c(x8)
#944 0 8000038e fe842783 r 0f         00000001  lw       x15, -0x18(x8)
#945 0 80000392 00178693 r 0d         00000002  addi     x13, x15, 0x1
#946 0 80000396 f00407b7 r 0f         f0040000  lui      x15, -0xffc0
#947 0 8000039a 06878613 r 0c         f0040068  addi     x12, x15, 0x68
#948 0 8000039e fe842703 r 0e         00000001  lw       x14, -0x18(x8)
#949 0 800003a2     87ba r 0f         00000001  c.mv     x15, x14
#950 0 800003a4     0786 r 0f         00000002  c.slli   x15, 1
#951 0 800003a6     97ba r 0f         00000003  c.add    x15, x14
#952 0 800003a8     078a r 0f         0000000c  c.slli   x15, 2
#953 0 800003aa 00f60733 r 0e         f0040074  add      x14, x12, x15
#954 0 800003ae f00407b7 r 0f         f0040000  lui      x15, -0xffc0
#955 0 800003b2 06878613 r 0c         f0040068  addi     x12, x15, 0x68
#956 0 800003b6     87b6 r 0f         00000002  c.mv     x15, x13
#957 0 800003b8     0786 r 0f         00000004  c.slli   x15, 1
#958 0 800003ba     97b6 r 0f         00000006  c.add    x15, x13
#959 0 800003bc     078a r 0f         00000018  c.slli   x15, 2
#960 0 800003be     97b2 r 0f         f0040080  c.add    x15, x12
#961 0 800003c0     4394 r 0d         00000003  c.lw     x13, 0x0(x15)
#962 0 800003c2     c314 m f0040074   00000003  c.sw     x13, 0x0(x14)
#963 0 800003c4     43d4 r 0d         00000002  c.lw     x13, 0x4(x15)
#964 0 800003c6     c354 m f0040078   00000002  c.sw     x13, 0x4(x14)
#965 0 800003c8     479c r 0f         00000014  c.lw     x15, 0x8(x15)
#966 0 800003ca     c71c m f004007c   00000014  c.sw     x15, 0x8(x14)
#967 0 800003cc fe842783 r 0f         00000001  lw       x15, -0x18(x8)
#968 0 800003d0 00178713 r 0e         00000002  addi     x14, x15, 0x1
#969 0 800003d4 f00407b7 r 0f         f0040000  lui      x15, -0xffc0
#970 0 800003d8 06878693 r 0d         f0040068  addi     x13, x15, 0x68
#971 0 800003dc     87ba r 0f         00000002  c.mv     x15, x14
#972 0 800003de     0786 r 0f         00000004  c.slli   x15, 1
#973 0 800003e0     97ba r 0f         00000006  c.add    x15, x14
#974 0 800003e2     078a r 0f         00000018  c.slli   x15, 2
#975 0 800003e4     97b6 r 0f         f0040080  c.add    x15, x13
#976 0 800003e6 fdc42703 r 0e         00000003  lw       x14, -0x24(x8)
#977 0 800003ea     c398 m f0040080   00000003  c.sw     x14, 0x0(x15)
#978 0 800003ec fe042703 r 0e         00000000  lw       x14, -0x20(x8)
#979 0 800003f0     c3d8 m f0040084   00000000  c.sw     x14, 0x4(x15)
#980 0 800003f2 fe442703 r 0e         0000001e  lw       x14, -0x1c(x8)
#981 0 800003f6     c798 m f0040088   0000001e  c.sw     x14, 0x8(x15)
#982 0 800003f8 fe842783 r 0f         00000001  lw       x15, -0x18(x8)
#983 0 800003fc     0785 r 0f         00000002  c.addi   x15, 0x1
#984 0 800003fe fef42423 m f0041088   00000002  sw       x15, -0x18(x8)
#985 0 80000402 f00407b7 r 0f         f0040000  lui      x15, -0xffc0
#986 0 80000406 06878793 r 0f         f0040068  addi     x15, x15, 0x68
#987 0 8000040a     5fdc r 0f         00000005  c.lw     x15, 0x3c(x15)
#988 0 8000040c     17fd r 0f         00000004  c.addi   x15, -0x1
#989 0 8000040e fe842703 r 0e         00000002  lw       x14, -0x18(x8)
#990 0 80000412 f0f74ee3 r 00         00000000  blt      x14, x15, . - 0xe4
#991 0 8000032e f00407b7 r 0f         f0040000  lui      x15, -0xffc0
#992 0 80000332 06878693 r 0d         f0040068  addi     x13, x15, 0x68
#993 0 80000336 fe842703 r 0e         00000002  lw       x14, -0x18(x8)
#994 0 8000033a     87ba r 0f         00000002  c.mv     x15, x14
#995 0 8000033c     0786 r 0f         00000004  c.slli   x15, 1
#996 0 8000033e     97ba r 0f         00000006  c.add    x15, x14
#997 0 80000340     078a r 0f         00000018  c.slli   x15, 2
#998 0 80000342     97b6 r 0f         f0040080  c.add    x15, x13
#999 0 80000344     4794 r 0d         0000001e  c.lw     x13, 0x8(x15)
#1000 0 80000346 fe842783 r 0f         00000002  lw       x15, -0x18(x8)
#1001 0 8000034a 00178713 r 0e         00000003  addi     x14, x15, 0x1
#1002 0 8000034e f00407b7 r 0f         f0040000  lui      x15, -0xffc0
#1003 0 80000352 06878613 r 0c         f0040068  addi     x12, x15, 0x68
#1004 0 80000356     87ba r 0f         00000003  c.mv     x15, x14
#1005 0 80000358     0786 r 0f         00000006  c.slli   x15, 1
#1006 0 8000035a     97ba r 0f         00000009  c.add    x15, x14
#1007 0 8000035c     078a r 0f         00000024  c.slli   x15, 2
#1008 0 8000035e     97b2 r 0f         f004008c  c.add    x15, x12
#1009 0 80000360     479c r 0f         00000032  c.lw     x15, 0x8(x15)
#1010 0 80000362 08d7db63 r 00         00000000  bge      x15, x13, . + 0x96
#1011 0 800003f8 fe842783 r 0f         00000002  lw       x15, -0x18(x8)
#1012 0 800003fc     0785 r 0f         00000003  c.addi   x15, 0x1
#1013 0 800003fe fef42423 m f0041088   00000003  sw       x15, -0x18(x8)
#1014 0 80000402 f00407b7 r 0f         f0040000  lui      x15, -0xffc0
#1015 0 80000406 06878793 r 0f         f0040068  addi     x15, x15, 0x68
#1016 0 8000040a     5fdc r 0f         00000005  c.lw     x15, 0x3c(x15)
#1017 0 8000040c     17fd r 0f         00000004  c.addi   x15, -0x1
#1018 0 8000040e fe842703 r 0e         00000003  lw       x14, -0x18(x8)
#1019 0 80000412 f0f74ee3 r 00         00000000  blt      x14, x15, . - 0xe4
#1020 0 8000032e f00407b7 r 0f         f0040000  lui      x15, -0xffc0
#1021 0 80000332 06878693 r 0d         f0040068  addi     x13, x15, 0x68
#1022 0 80000336 fe842703 r 0e         00000003  lw       x14, -0x18(x8)
#1023 0 8000033a     87ba r 0f         00000003  c.mv     x15, x14
#1024 0 8000033c     0786 r 0f         00000006  c.slli   x15, 1
#1025 0 8000033e     97ba r 0f         00000009  c.add    x15, x14
#1026 0 80000340     078a r 0f         00000024  c.slli   x15, 2
#1027 0 80000342     97b6 r 0f         f004008c  c.add    x15, x13
#1028 0 80000344     4794 r 0d         00000032  c.lw     x13, 0x8(x15)
#1029 0 80000346 fe842783 r 0f         00000003  lw       x15, -0x18(x8)
#1030 0 8000034a 00178713 r 0e         00000004  addi     x14, x15, 0x1
#1031 0 8000034e f00407b7 r 0f         f0040000  lui      x15, -0xffc0
#1032 0 80000352 06878613 r 0c         f0040068  addi     x12, x15, 0x68
#1033 0 80000356     87ba r 0f         00000004  c.mv     x15, x14
#1034 0 80000358     0786 r 0f         00000008  c.slli   x15, 1
#1035 0 8000035a     97ba r 0f         0000000c  c.add    x15, x14
#1036 0 8000035c     078a r 0f         00000030  c.slli   x15, 2
#1037 0 8000035e     97b2 r 0f         f0040098  c.add    x15, x12
#1038 0 80000360     479c r 0f         0000003c  c.lw     x15, 0x8(x15)
#1039 0 80000362 08d7db63 r 00         00000000  bge      x15, x13, . + 0x96
#1040 0 800003f8 fe842783 r 0f         00000003  lw       x15, -0x18(x8)
#1041 0 800003fc     0785 r 0f         00000004  c.addi   x15, 0x1
#1042 0 800003fe fef42423 m f0041088   00000004  sw       x15, -0x18(x8)
#1043 0 80000402 f00407b7 r 0f         f0040000  lui      x15, -0xffc0
#1044 0 80000406 06878793 r 0f         f0040068  addi     x15, x15, 0x68
#1045 0 8000040a     5fdc r 0f         00000005  c.lw     x15, 0x3c(x15)
#1046 0 8000040c     17fd r 0f         00000004  c.addi   x15, -0x1
#1047 0 8000040e fe842703 r 0e         00000004  lw       x14, -0x18(x8)
#1048 0 80000412 f0f74ee3 r 00         00000000  blt      x14, x15, . - 0xe4
#1049 0 80000416 fec42783 r 0f         00000002  lw       x15, -0x14(x8)
#1050 0 8000041a     0785 r 0f         00000003  c.addi   x15, 0x1
#1051 0 8000041c fef42623 m f004108c   00000003  sw       x15, -0x14(x8)
#1052 0 80000420 f00407b7 r 0f         f0040000  lui      x15, -0xffc0
#1053 0 80000424 06878793 r 0f         f0040068  addi     x15, x15, 0x68
#1054 0 80000428     5fdc r 0f         00000005  c.lw     x15, 0x3c(x15)
#1055 0 8000042a fec42703 r 0e         00000003  lw       x14, -0x14(x8)
#1056 0 8000042e eef74de3 r 00         00000000  blt      x14, x15, . - 0x106
#1057 0 80000328 fe042423 m f0041088   00000000  sw       x0, -0x18(x8)
#1058 0 8000032c     a8d9 r 00         00000000  c.j      . + 0xd6
#1059 0 80000402 f00407b7 r 0f         f0040000  lui      x15, -0xffc0
#1060 0 80000406 06878793 r 0f         f0040068  addi     x15, x15, 0x68
#1061 0 8000040a     5fdc r 0f         00000005  c.lw     x15, 0x3c(x15)
#1062 0 8000040c     17fd r 0f         00000004  c.addi   x15, -0x1
#1063 0 8000040e fe842703 r 0e         00000000  lw       x14, -0x18(x8)
#1064 0 80000412 f0f74ee3 r 00         00000000  blt      x14, x15, . - 0xe4
#1065 0 8000032e f00407b7 r 0f         f0040000  lui      x15, -0xffc0
#1066 0 80000332 06878693 r 0d         f0040068  addi     x13, x15, 0x68
#1067 0 80000336 fe842703 r 0e         00000000  lw       x14, -0x18(x8)
#1068 0 8000033a     87ba r 0f         00000000  c.mv     x15, x14
#1069 0 8000033c     0786 r 0f         00000000  c.slli   x15, 1
#1070 0 8000033e     97ba r 0f         00000000  c.add    x15, x14
#1071 0 80000340     078a r 0f         00000000  c.slli   x15, 2
#1072 0 80000342     97b6 r 0f         f0040068  c.add    x15, x13
#1073 0 80000344     4794 r 0d         0000000a  c.lw     x13, 0x8(x15)
#1074 0 80000346 fe842783 r 0f         00000000  lw       x15, -0x18(x8)
#1075 0 8000034a 00178713 r 0e         00000001  addi     x14, x15, 0x1
#1076 0 8000034e f00407b7 r 0f         f0040000  lui      x15, -0xffc0
#1077 0 80000352 06878613 r 0c         f0040068  addi     x12, x15, 0x68
#1078 0 80000356     87ba r 0f         00000001  c.mv     x15, x14
#1079 0 80000358     0786 r 0f         00000002  c.slli   x15, 1
#1080 0 8000035a     97ba r 0f         00000003  c.add    x15, x14
#1081 0 8000035c     078a r 0f         0000000c  c.slli   x15, 2
#1082 0 8000035e     97b2 r 0f         f0040074  c.add    x15, x12
#1083 0 80000360     479c r 0f         00000014  c.lw     x15, 0x8(x15)
#1084 0 80000362 08d7db63 r 00         00000000  bge      x15, x13, . + 0x96
#1085 0 800003f8 fe842783 r 0f         00000000  lw       x15, -0x18(x8)
#1086 0 800003fc     0785 r 0f         00000001  c.addi   x15, 0x1
#1087 0 800003fe fef42423 m f0041088   00000001  sw       x15, -0x18(x8)
#1088 0 80000402 f00407b7 r 0f         f0040000  lui      x15, -0xffc0
#1089 0 80000406 06878793 r 0f         f0040068  addi     x15, x15, 0x68
#1090 0 8000040a     5fdc r 0f         00000005  c.lw     x15, 0x3c(x15)
#1091 0 8000040c     17fd r 0f         00000004  c.addi   x15, -0x1
#1092 0 8000040e fe842703 r 0e         00000001  lw       x14, -0x18(x8)
#1093 0 80000412 f0f74ee3 r 00         00000000  blt      x14, x15, . - 0xe4
#1094 0 8000032e f00407b7 r 0f         f0040000  lui      x15, -0xffc0
#1095 0 80000332 06878693 r 0d         f0040068  addi     x13, x15, 0x68
#1096 0 80000336 fe842703 r 0e         00000001  lw       x14, -0x18(x8)
#1097 0 8000033a     87ba r 0f         00000001  c.mv     x15, x14
#1098 0 8000033c     0786 r 0f         00000002  c.slli   x15, 1
#1099 0 8000033e     97ba r 0f         00000003  c.add    x15, x14
#1100 0 80000340     078a r 0f         0000000c  c.slli   x15, 2
#1101 0 80000342     97b6 r 0f         f0040074  c.add    x15, x13
#1102 0 80000344     4794 r 0d         00000014  c.lw     x13, 0x8(x15)
#1103 0 80000346 fe842783 r 0f         00000001  lw       x15, -0x18(x8)
#1104 0 8000034a 00178713 r 0e         00000002  addi     x14, x15, 0x1
#1105 0 8000034e f00407b7 r 0f         f0040000  lui      x15, -0xffc0
#1106 0 80000352 06878613 r 0c         f0040068  addi     x12, x15, 0x68
#1107 0 80000356     87ba r 0f         00000002  c.mv     x15, x14
#1108 0 80000358     0786 r 0f         00000004  c.slli   x15, 1
#1109 0 8000035a     97ba r 0f         00000006  c.add    x15, x14
#1110 0 8000035c     078a r 0f         00000018  c.slli   x15, 2
#1111 0 8000035e     97b2 r 0f         f0040080  c.add    x15, x12
#1112 0 80000360     479c r 0f         0000001e  c.lw     x15, 0x8(x15)
#1113 0 80000362 08d7db63 r 00         00000000  bge      x15, x13, . + 0x96
#1114 0 800003f8 fe842783 r 0f         00000001  lw       x15, -0x18(x8)
#1115 0 800003fc     0785 r 0f         00000002  c.addi   x15, 0x1
#1116 0 800003fe fef42423 m f0041088   00000002  sw       x15, -0x18(x8)
#1117 0 80000402 f00407b7 r 0f         f0040000  lui      x15, -0xffc0
#1118 0 80000406 06878793 r 0f         f0040068  addi     x15, x15, 0x68
#1119 0 8000040a     5fdc r 0f         00000005  c.lw     x15, 0x3c(x15)
#1120 0 8000040c     17fd r 0f         00000004  c.addi   x15, -0x1
#1121 0 8000040e fe842703 r 0e         00000002  lw       x14, -0x18(x8)
#1122 0 80000412 f0f74ee3 r 00         00000000  blt      x14, x15, . - 0xe4
#1123 0 8000032e f00407b7 r 0f         f0040000  lui      x15, -0xffc0
#1124 0 80000332 06878693 r 0d         f0040068  addi     x13, x15, 0x68
#1125 0 80000336 fe842703 r 0e         00000002  lw       x14, -0x18(x8)
#1126 0 8000033a     87ba r 0f         00000002  c.mv     x15, x14
#1127 0 8000033c     0786 r 0f         00000004  c.slli   x15, 1
#1128 0 8000033e     97ba r 0f         00000006  c.add    x15, x14
#1129 0 80000340     078a r 0f         00000018  c.slli   x15, 2
#1130 0 80000342     97b6 r 0f         f0040080  c.add    x15, x13
#1131 0 80000344     4794 r 0d         0000001e  c.lw     x13, 0x8(x15)
#1132 0 80000346 fe842783 r 0f         00000002  lw       x15, -0x18(x8)
#1133 0 8000034a 00178713 r 0e         00000003  addi     x14, x15, 0x1
#1134 0 8000034e f00407b7 r 0f         f0040000  lui      x15, -0xffc0
#1135 0 80000352 06878613 r 0c         f0040068  addi     x12, x15, 0x68
#1136 0 80000356     87ba r 0f         00000003  c.mv     x15, x14
#1137 0 80000358     0786 r 0f         00000006  c.slli   x15, 1
#1138 0 8000035a     97ba r 0f         00000009  c.add    x15, x14
#1139 0 8000035c     078a r 0f         00000024  c.slli   x15, 2
#1140 0 8000035e     97b2 r 0f         f004008c  c.add    x15, x12
#1141 0 80000360     479c r 0f         00000032  c.lw     x15, 0x8(x15)
#1142 0 80000362 08d7db63 r 00         00000000  bge      x15, x13, . + 0x96
#1143 0 800003f8 fe842783 r 0f         00000002  lw       x15, -0x18(x8)
#1144 0 800003fc     0785 r 0f         00000003  c.addi   x15, 0x1
#1145 0 800003fe fef42423 m f0041088   00000003  sw       x15, -0x18(x8)
#1146 0 80000402 f00407b7 r 0f         f0040000  lui      x15, -0xffc0
#1147 0 80000406 06878793 r 0f         f0040068  addi     x15, x15, 0x68
#1148 0 8000040a     5fdc r 0f         00000005  c.lw     x15, 0x3c(x15)
#1149 0 8000040c     17fd r 0f         00000004  c.addi   x15, -0x1
#1150 0 8000040e fe842703 r 0e         00000003  lw       x14, -0x18(x8)
#1151 0 80000412 f0f74ee3 r 00         00000000  blt      x14, x15, . - 0xe4
#1152 0 8000032e f00407b7 r 0f         f0040000  lui      x15, -0xffc0
#1153 0 80000332 06878693 r 0d         f0040068  addi     x13, x15, 0x68
#1154 0 80000336 fe842703 r 0e         00000003  lw       x14, -0x18(x8)
#1155 0 8000033a     87ba r 0f         00000003  c.mv     x15, x14
#1156 0 8000033c     0786 r 0f         00000006  c.slli   x15, 1
#1157 0 8000033e     97ba r 0f         00000009  c.add    x15, x14
#1158 0 80000340     078a r 0f         00000024  c.slli   x15, 2
#1159 0 80000342     97b6 r 0f         f004008c  c.add    x15, x13
#1160 0 80000344     4794 r 0d         00000032  c.lw     x13, 0x8(x15)
#1161 0 80000346 fe842783 r 0f         00000003  lw       x15, -0x18(x8)
#1162 0 8000034a 00178713 r 0e         00000004  addi     x14, x15, 0x1
#1163 0 8000034e f00407b7 r 0f         f0040000  lui      x15, -0xffc0
#1164 0 80000352 06878613 r 0c         f0040068  addi     x12, x15, 0x68
#1165 0 80000356     87ba r 0f         00000004  c.mv     x15, x14
#1166 0 80000358     0786 r 0f         00000008  c.slli   x15, 1
#1167 0 8000035a     97ba r 0f         0000000c  c.add    x15, x14
#1168 0 8000035c     078a r 0f         00000030  c.slli   x15, 2
#1169 0 8000035e     97b2 r 0f         f0040098  c.add    x15, x12
#1170 0 80000360     479c r 0f         0000003c  c.lw     x15, 0x8(x15)
#1171 0 80000362 08d7db63 r 00         00000000  bge      x15, x13, . + 0x96
#1172 0 800003f8 fe842783 r 0f         00000003  lw       x15, -0x18(x8)
#1173 0 800003fc     0785 r 0f         00000004  c.addi   x15, 0x1
#1174 0 800003fe fef42423 m f0041088   00000004  sw       x15, -0x18(x8)
#1175 0 80000402 f00407b7 r 0f         f0040000  lui      x15, -0xffc0
#1176 0 80000406 06878793 r 0f         f0040068  addi     x15, x15, 0x68
#1177 0 8000040a     5fdc r 0f         00000005  c.lw     x15, 0x3c(x15)
#1178 0 8000040c     17fd r 0f         00000004  c.addi   x15, -0x1
#1179 0 8000040e fe842703 r 0e         00000004  lw       x14, -0x18(x8)
#1180 0 80000412 f0f74ee3 r 00         00000000  blt      x14, x15, . - 0xe4
#1181 0 80000416 fec42783 r 0f         00000003  lw       x15, -0x14(x8)
#1182 0 8000041a     0785 r 0f         00000004  c.addi   x15, 0x1
#1183 0 8000041c fef42623 m f004108c   00000004  sw       x15, -0x14(x8)
#1184 0 80000420 f00407b7 r 0f         f0040000  lui      x15, -0xffc0
#1185 0 80000424 06878793 r 0f         f0040068  addi     x15, x15, 0x68
#1186 0 80000428     5fdc r 0f         00000005  c.lw     x15, 0x3c(x15)
#1187 0 8000042a fec42703 r 0e         00000004  lw       x14, -0x14(x8)
#1188 0 8000042e eef74de3 r 00         00000000  blt      x14, x15, . - 0x106
#1189 0 80000328 fe042423 m f0041088   00000000  sw       x0, -0x18(x8)
#1190 0 8000032c     a8d9 r 00         00000000  c.j      . + 0xd6
#1191 0 80000402 f00407b7 r 0f         f0040000  lui      x15, -0xffc0
#1192 0 80000406 06878793 r 0f         f0040068  addi     x15, x15, 0x68
#1193 0 8000040a     5fdc r 0f         00000005  c.lw     x15, 0x3c(x15)
#1194 0 8000040c     17fd r 0f         00000004  c.addi   x15, -0x1
#1195 0 8000040e fe842703 r 0e         00000000  lw       x14, -0x18(x8)
#1196 0 80000412 f0f74ee3 r 00         00000000  blt      x14, x15, . - 0xe4
#1197 0 8000032e f00407b7 r 0f         f0040000  lui      x15, -0xffc0
#1198 0 80000332 06878693 r 0d         f0040068  addi     x13, x15, 0x68
#1199 0 80000336 fe842703 r 0e         00000000  lw       x14, -0x18(x8)
#1200 0 8000033a     87ba r 0f         00000000  c.mv     x15, x14
#1201 0 8000033c     0786 r 0f         00000000  c.slli   x15, 1
#1202 0 8000033e     97ba r 0f         00000000  c.add    x15, x14
#1203 0 80000340     078a r 0f         00000000  c.slli   x15, 2
#1204 0 80000342     97b6 r 0f         f0040068  c.add    x15, x13
#1205 0 80000344     4794 r 0d         0000000a  c.lw     x13, 0x8(x15)
#1206 0 80000346 fe842783 r 0f         00000000  lw       x15, -0x18(x8)
#1207 0 8000034a 00178713 r 0e         00000001  addi     x14, x15, 0x1
#1208 0 8000034e f00407b7 r 0f         f0040000  lui      x15, -0xffc0
#1209 0 80000352 06878613 r 0c         f0040068  addi     x12, x15, 0x68
#1210 0 80000356     87ba r 0f         00000001  c.mv     x15, x14
#1211 0 80000358     0786 r 0f         00000002  c.slli   x15, 1
#1212 0 8000035a     97ba r 0f         00000003  c.add    x15, x14
#1213 0 8000035c     078a r 0f         0000000c  c.slli   x15, 2
#1214 0 8000035e     97b2 r 0f         f0040074  c.add    x15, x12
#1215 0 80000360     479c r 0f         00000014  c.lw     x15, 0x8(x15)
#1216 0 80000362 08d7db63 r 00         00000000  bge      x15, x13, . + 0x96
#1217 0 800003f8 fe842783 r 0f         00000000  lw       x15, -0x18(x8)
#1218 0 800003fc     0785 r 0f         00000001  c.addi   x15, 0x1
#1219 0 800003fe fef42423 m f0041088   00000001  sw       x15, -0x18(x8)
#1220 0 80000402 f00407b7 r 0f         f0040000  lui      x15, -0xffc0
#1221 0 80000406 06878793 r 0f         f0040068  addi     x15, x15, 0x68
#1222 0 8000040a     5fdc r 0f         00000005  c.lw     x15, 0x3c(x15)
#1223 0 8000040c     17fd r 0f         00000004  c.addi   x15, -0x1
#1224 0 8000040e fe842703 r 0e         00000001  lw       x14, -0x18(x8)
#1225 0 80000412 f0f74ee3 r 00         00000000  blt      x14, x15, . - 0xe4
#1226 0 8000032e f00407b7 r 0f         f0040000  lui      x15, -0xffc0
#1227 0 80000332 06878693 r 0d         f0040068  addi     x13, x15, 0x68
#1228 0 80000336 fe842703 r 0e         00000001  lw       x14, -0x18(x8)
#1229 0 8000033a     87ba r 0f         00000001  c.mv     x15, x14
#1230 0 8000033c     0786 r 0f         00000002  c.slli   x15, 1
#1231 0 8000033e     97ba r 0f         00000003  c.add    x15, x14
#1232 0 80000340     078a r 0f         0000000c  c.slli   x15, 2
#1233 0 80000342     97b6 r 0f         f0040074  c.add    x15, x13
#1234 0 80000344     4794 r 0d         00000014  c.lw     x13, 0x8(x15)
#1235 0 80000346 fe842783 r 0f         00000001  lw       x15, -0x18(x8)
#1236 0 8000034a 00178713 r 0e         00000002  addi     x14, x15, 0x1
#1237 0 8000034e f00407b7 r 0f         f0040000  lui      x15, -0xffc0
#1238 0 80000352 06878613 r 0c         f0040068  addi     x12, x15, 0x68
#1239 0 80000356     87ba r 0f         00000002  c.mv     x15, x14
#1240 0 80000358     0786 r 0f         00000004  c.slli   x15, 1
#1241 0 8000035a     97ba r 0f         00000006  c.add    x15, x14
#1242 0 8000035c     078a r 0f         00000018  c.slli   x15, 2
#1243 0 8000035e     97b2 r 0f         f0040080  c.add    x15, x12
#1244 0 80000360     479c r 0f         0000001e  c.lw     x15, 0x8(x15)
#1245 0 80000362 08d7db63 r 00         00000000  bge      x15, x13, . + 0x96
#1246 0 800003f8 fe842783 r 0f         00000001  lw       x15, -0x18(x8)
#1247 0 800003fc     0785 r 0f         00000002  c.addi   x15, 0x1
#1248 0 800003fe fef42423 m f0041088   00000002  sw       x15, -0x18(x8)
#1249 0 80000402 f00407b7 r 0f         f0040000  lui      x15, -0xffc0
#1250 0 80000406 06878793 r 0f         f0040068  addi     x15, x15, 0x68
#1251 0 8000040a     5fdc r 0f         00000005  c.lw     x15, 0x3c(x15)
#1252 0 8000040c     17fd r 0f         00000004  c.addi   x15, -0x1
#1253 0 8000040e fe842703 r 0e         00000002  lw       x14, -0x18(x8)
#1254 0 80000412 f0f74ee3 r 00         00000000  blt      x14, x15, . - 0xe4
#1255 0 8000032e f00407b7 r 0f         f0040000  lui      x15, -0xffc0
#1256 0 80000332 06878693 r 0d         f0040068  addi     x13, x15, 0x68
#1257 0 80000336 fe842703 r 0e         00000002  lw       x14, -0x18(x8)
#1258 0 8000033a     87ba r 0f         00000002  c.mv     x15, x14
#1259 0 8000033c     0786 r 0f         00000004  c.slli   x15, 1
#1260 0 8000033e     97ba r 0f         00000006  c.add    x15, x14
#1261 0 80000340     078a r 0f         00000018  c.slli   x15, 2
#1262 0 80000342     97b6 r 0f         f0040080  c.add    x15, x13
#1263 0 80000344     4794 r 0d         0000001e  c.lw     x13, 0x8(x15)
#1264 0 80000346 fe842783 r 0f         00000002  lw       x15, -0x18(x8)
#1265 0 8000034a 00178713 r 0e         00000003  addi     x14, x15, 0x1
#1266 0 8000034e f00407b7 r 0f         f0040000  lui      x15, -0xffc0
#1267 0 80000352 06878613 r 0c         f0040068  addi     x12, x15, 0x68
#1268 0 80000356     87ba r 0f         00000003  c.mv     x15, x14
#1269 0 80000358     0786 r 0f         00000006  c.slli   x15, 1
#1270 0 8000035a     97ba r 0f         00000009  c.add    x15, x14
#1271 0 8000035c     078a r 0f         00000024  c.slli   x15, 2
#1272 0 8000035e     97b2 r 0f         f004008c  c.add    x15, x12
#1273 0 80000360     479c r 0f         00000032  c.lw     x15, 0x8(x15)
#1274 0 80000362 08d7db63 r 00         00000000  bge      x15, x13, . + 0x96
#1275 0 800003f8 fe842783 r 0f         00000002  lw       x15, -0x18(x8)
#1276 0 800003fc     0785 r 0f         00000003  c.addi   x15, 0x1
#1277 0 800003fe fef42423 m f0041088   00000003  sw       x15, -0x18(x8)
#1278 0 80000402 f00407b7 r 0f         f0040000  lui      x15, -0xffc0
#1279 0 80000406 06878793 r 0f         f0040068  addi     x15, x15, 0x68
#1280 0 8000040a     5fdc r 0f         00000005  c.lw     x15, 0x3c(x15)
#1281 0 8000040c     17fd r 0f         00000004  c.addi   x15, -0x1
#1282 0 8000040e fe842703 r 0e         00000003  lw       x14, -0x18(x8)
#1283 0 80000412 f0f74ee3 r 00         00000000  blt      x14, x15, . - 0xe4
#1284 0 8000032e f00407b7 r 0f         f0040000  lui      x15, -0xffc0
#1285 0 80000332 06878693 r 0d         f0040068  addi     x13, x15, 0x68
#1286 0 80000336 fe842703 r 0e         00000003  lw       x14, -0x18(x8)
#1287 0 8000033a     87ba r 0f         00000003  c.mv     x15, x14
#1288 0 8000033c     0786 r 0f         00000006  c.slli   x15, 1
#1289 0 8000033e     97ba r 0f         00000009  c.add    x15, x14
#1290 0 80000340     078a r 0f         00000024  c.slli   x15, 2
#1291 0 80000342     97b6 r 0f         f004008c  c.add    x15, x13
#1292 0 80000344     4794 r 0d         00000032  c.lw     x13, 0x8(x15)
#1293 0 80000346 fe842783 r 0f         00000003  lw       x15, -0x18(x8)
#1294 0 8000034a 00178713 r 0e         00000004  addi     x14, x15, 0x1
#1295 0 8000034e f00407b7 r 0f         f0040000  lui      x15, -0xffc0
#1296 0 80000352 06878613 r 0c         f0040068  addi     x12, x15, 0x68
#1297 0 80000356     87ba r 0f         00000004  c.mv     x15, x14
#1298 0 80000358     0786 r 0f         00000008  c.slli   x15, 1
#1299 0 8000035a     97ba r 0f         0000000c  c.add    x15, x14
#1300 0 8000035c     078a r 0f         00000030  c.slli   x15, 2
#1301 0 8000035e     97b2 r 0f         f0040098  c.add    x15, x12
#1302 0 80000360     479c r 0f         0000003c  c.lw     x15, 0x8(x15)
#1303 0 80000362 08d7db63 r 00         00000000  bge      x15, x13, . + 0x96
#1304 0 800003f8 fe842783 r 0f         00000003  lw       x15, -0x18(x8)
#1305 0 800003fc     0785 r 0f         00000004  c.addi   x15, 0x1
#1306 0 800003fe fef42423 m f0041088   00000004  sw       x15, -0x18(x8)
#1307 0 80000402 f00407b7 r 0f         f0040000  lui      x15, -0xffc0
#1308 0 80000406 06878793 r 0f         f0040068  addi     x15, x15, 0x68
#1309 0 8000040a     5fdc r 0f         00000005  c.lw     x15, 0x3c(x15)
#1310 0 8000040c     17fd r 0f         00000004  c.addi   x15, -0x1
#1311 0 8000040e fe842703 r 0e         00000004  lw       x14, -0x18(x8)
#1312 0 80000412 f0f74ee3 r 00         00000000  blt      x14, x15, . - 0xe4
#1313 0 80000416 fec42783 r 0f         00000004  lw       x15, -0x14(x8)
#1314 0 8000041a     0785 r 0f         00000005  c.addi   x15, 0x1
#1315 0 8000041c fef42623 m f004108c   00000005  sw       x15, -0x14(x8)
#1316 0 80000420 f00407b7 r 0f         f0040000  lui      x15, -0xffc0
#1317 0 80000424 06878793 r 0f         f0040068  addi     x15, x15, 0x68
#1318 0 80000428     5fdc r 0f         00000005  c.lw     x15, 0x3c(x15)
#1319 0 8000042a fec42703 r 0e         00000005  lw       x14, -0x14(x8)
#1320 0 8000042e eef74de3 r 00         00000000  blt      x14, x15, . - 0x106
#1321 0 80000432     0001 r 00         00000000  c.nop
#1322 0 80000434     0001 r 00         00000000  c.nop
#1323 0 80000436     5432 r 08         f00410e0  c.lwsp   x8, 0x2c
#1324 0 80000438     6145 r 02         f00410a0  c.addi16sp 0x3
#1325 0 8000043a     8082 r 00         00000000  c.jr     x1
#1326 0 80000166 fe042623 m f00410cc   00000000  sw       x0, -0x14(x8)
#1327 0 8000016a     a839 r 00         00000000  c.j      . + 0x1e
#1328 0 80000188 f00407b7 r 0f         f0040000  lui      x15, -0xffc0
#1329 0 8000018c 0647a783 r 0f         00000005  lw       x15, 0x64(x15)
#1330 0 80000190 fec42703 r 0e         00000000  lw       x14, -0x14(x8)
#1331 0 80000194 fcf74ce3 r 00         00000000  blt      x14, x15, . - 0x28
#1332 0 8000016c fec42783 r 0f         00000000  lw       x15, -0x14(x8)
#1333 0 80000170     078a r 0f         00000000  c.slli   x15, 2
#1334 0 80000172     17c1 r 0f         fffffff0  c.addi   x15, -0x10
#1335 0 80000174     97a2 r 0f         f00410d0  c.add    x15, x8
#1336 0 80000176 fec42703 r 0e         00000000  lw       x14, -0x14(x8)
#1337 0 8000017a fce7ae23 m f00410ac   00000000  sw       x14, -0x24(x15)
#1338 0 8000017e fec42783 r 0f         00000000  lw       x15, -0x14(x8)
#1339 0 80000182     0785 r 0f         00000001  c.addi   x15, 0x1
#1340 0 80000184 fef42623 m f00410cc   00000001  sw       x15, -0x14(x8)
#1341 0 80000188 f00407b7 r 0f         f0040000  lui      x15, -0xffc0
#1342 0 8000018c 0647a783 r 0f         00000005  lw       x15, 0x64(x15)
#1343 0 80000190 fec42703 r 0e         00000001  lw       x14, -0x14(x8)
#1344 0 80000194 fcf74ce3 r 00         00000000  blt      x14, x15, . - 0x28
#1345 0 8000016c fec42783 r 0f         00000001  lw       x15, -0x14(x8)
#1346 0 80000170     078a r 0f         00000004  c.slli   x15, 2
#1347 0 80000172     17c1 r 0f         fffffff4  c.addi   x15, -0x10
#1348 0 80000174     97a2 r 0f         f00410d4  c.add    x15, x8
#1349 0 80000176 fec42703 r 0e         00000001  lw       x14, -0x14(x8)
#1350 0 8000017a fce7ae23 m f00410b0   00000001  sw       x14, -0x24(x15)
#1351 0 8000017e fec42783 r 0f         00000001  lw       x15, -0x14(x8)
#1352 0 80000182     0785 r 0f         00000002  c.addi   x15, 0x1
#1353 0 80000184 fef42623 m f00410cc   00000002  sw       x15, -0x14(x8)
#1354 0 80000188 f00407b7 r 0f         f0040000  lui      x15, -0xffc0
#1355 0 8000018c 0647a783 r 0f         00000005  lw       x15, 0x64(x15)
#1356 0 80000190 fec42703 r 0e         00000002  lw       x14, -0x14(x8)
#1357 0 80000194 fcf74ce3 r 00         00000000  blt      x14, x15, . - 0x28
#1358 0 8000016c fec42783 r 0f         00000002  lw       x15, -0x14(x8)
#1359 0 80000170     078a r 0f         00000008  c.slli   x15, 2
#1360 0 80000172     17c1 r 0f         fffffff8  c.addi   x15, -0x10
#1361 0 80000174     97a2 r 0f         f00410d8  c.add    x15, x8
#1362 0 80000176 fec42703 r 0e         00000002  lw       x14, -0x14(x8)
#1363 0 8000017a fce7ae23 m f00410b4   00000002  sw       x14, -0x24(x15)
#1364 0 8000017e fec42783 r 0f         00000002  lw       x15, -0x14(x8)
#1365 0 80000182     0785 r 0f         00000003  c.addi   x15, 0x1
#1366 0 80000184 fef42623 m f00410cc   00000003  sw       x15, -0x14(x8)
#1367 0 80000188 f00407b7 r 0f         f0040000  lui      x15, -0xffc0
#1368 0 8000018c 0647a783 r 0f         00000005  lw       x15, 0x64(x15)
#1369 0 80000190 fec42703 r 0e         00000003  lw       x14, -0x14(x8)
#1370 0 80000194 fcf74ce3 r 00         00000000  blt      x14, x15, . - 0x28
#1371 0 8000016c fec42783 r 0f         00000003  lw       x15, -0x14(x8)
#1372 0 80000170     078a r 0f         0000000c  c.slli   x15, 2
#1373 0 80000172     17c1 r 0f         fffffffc  c.addi   x15, -0x10
#1374 0 80000174     97a2 r 0f         f00410dc  c.add    x15, x8
#1375 0 80000176 fec42703 r 0e         00000003  lw       x14, -0x14(x8)
#1376 0 8000017a fce7ae23 m f00410b8   00000003  sw       x14, -0x24(x15)
#1377 0 8000017e fec42783 r 0f         00000003  lw       x15, -0x14(x8)
#1378 0 80000182     0785 r 0f         00000004  c.addi   x15, 0x1
#1379 0 80000184 fef42623 m f00410cc   00000004  sw       x15, -0x14(x8)
#1380 0 80000188 f00407b7 r 0f         f0040000  lui      x15, -0xffc0
#1381 0 8000018c 0647a783 r 0f         00000005  lw       x15, 0x64(x15)
#1382 0 80000190 fec42703 r 0e         00000004  lw       x14, -0x14(x8)
#1383 0 80000194 fcf74ce3 r 00         00000000  blt      x14, x15, . - 0x28
#1384 0 8000016c fec42783 r 0f         00000004  lw       x15, -0x14(x8)
#1385 0 80000170     078a r 0f         00000010  c.slli   x15, 2
#1386 0 80000172     17c1 r 0f         00000000  c.addi   x15, -0x10
#1387 0 80000174     97a2 r 0f         f00410e0  c.add    x15, x8
#1388 0 80000176 fec42703 r 0e         00000004  lw       x14, -0x14(x8)
#1389 0 8000017a fce7ae23 m f00410bc   00000004  sw       x14, -0x24(x15)
#1390 0 8000017e fec42783 r 0f         00000004  lw       x15, -0x14(x8)
#1391 0 80000182     0785 r 0f         00000005  c.addi   x15, 0x1
#1392 0 80000184 fef42623 m f00410cc   00000005  sw       x15, -0x14(x8)
#1393 0 80000188 f00407b7 r 0f         f0040000  lui      x15, -0xffc0
#1394 0 8000018c 0647a783 r 0f         00000005  lw       x15, 0x64(x15)
#1395 0 80000190 fec42703 r 0e         00000005  lw       x14, -0x14(x8)
#1396 0 80000194 fcf74ce3 r 00         00000000  blt      x14, x15, . - 0x28
#1397 0 80000198 f00407b7 r 0f         f0040000  lui      x15, -0xffc0
#1398 0 8000019c 0a878793 r 0f         f00400a8  addi     x15, x15, 0xa8
#1399 0 800001a0 0207ae23 m f00400e4   00000000  sw       x0, 0x3c(x15)
#1400 0 800001a4 fe042623 m f00410cc   00000000  sw       x0, -0x14(x8)
#1401 0 800001a8     a0f1 r 00         00000000  c.j      . + 0xcc
#1402 0 80000274 f00407b7 r 0f         f0040000  lui      x15, -0xffc0
#1403 0 80000278 06878793 r 0f         f0040068  addi     x15, x15, 0x68
#1404 0 8000027c     5fdc r 0f         00000005  c.lw     x15, 0x3c(x15)
#1405 0 8000027e fec42703 r 0e         00000000  lw       x14, -0x14(x8)
#1406 0 80000282 f2f744e3 r 00         00000000  blt      x14, x15, . - 0xd8
#1407 0 800001aa f00407b7 r 0f         f0040000  lui      x15, -0xffc0
#1408 0 800001ae 06878693 r 0d         f0040068  addi     x13, x15, 0x68
#1409 0 800001b2 fec42703 r 0e         00000000  lw       x14, -0x14(x8)
#1410 0 800001b6     87ba r 0f         00000000  c.mv     x15, x14
#1411 0 800001b8     0786 r 0f         00000000  c.slli   x15, 1
#1412 0 800001ba     97ba r 0f         00000000  c.add    x15, x14
#1413 0 800001bc     078a r 0f         00000000  c.slli   x15, 2
#1414 0 800001be     97b6 r 0f         f0040068  c.add    x15, x13
#1415 0 800001c0     4398 r 0e         00000001  c.lw     x14, 0x0(x15)
#1416 0 800001c2 fcc40793 r 0f         f00410ac  addi     x15, x8, -0x34
#1417 0 800001c6     85ba r 0b         00000001  c.mv     x11, x14
#1418 0 800001c8     853e r 0a         f00410ac  c.mv     x10, x15
#1419 0 800001ca     20e1 r 01         800001cc  c.jal    . + 0xc8
#1420 0 80000292     1101 r 02         f0041080  c.addi   x2, -0x20
#1421 0 80000294     ce22 m f004109c   f00410e0  c.swsp   x8, 0x1c
#1422 0 80000296     1000 r 08         f00410a0  c.addi4spn  x8, 0x8
#1423 0 80000298 fea42623 m f004108c   f00410ac  sw       x10, -0x14(x8)
#1424 0 8000029c feb42423 m f0041088   00000001  sw       x11, -0x18(x8)
#1425 0 800002a0 fe842783 r 0f         00000001  lw       x15, -0x18(x8)
#1426 0 800002a4     078a r 0f         00000004  c.slli   x15, 2
#1427 0 800002a6 fec42703 r 0e         f00410ac  lw       x14, -0x14(x8)
#1428 0 800002aa     97ba r 0f         f00410b0  c.add    x15, x14
#1429 0 800002ac     439c r 0f         00000001  c.lw     x15, 0x0(x15)
#1430 0 800002ae     853e r 0a         00000001  c.mv     x10, x15
#1431 0 800002b0     4472 r 08         f00410e0  c.lwsp   x8, 0x1c
#1432 0 800002b2     6105 r 02         f00410a0  c.addi16sp 0x2
#1433 0 800002b4     8082 r 00         00000000  c.jr     x1
#1434 0 800001cc fea42223 m f00410c4   00000001  sw       x10, -0x1c(x8)
#1435 0 800001d0 f00407b7 r 0f         f0040000  lui      x15, -0xffc0
#1436 0 800001d4 06878693 r 0d         f0040068  addi     x13, x15, 0x68
#1437 0 800001d8 fec42703 r 0e         00000000  lw       x14, -0x14(x8)
#1438 0 800001dc     87ba r 0f         00000000  c.mv     x15, x14
#1439 0 800001de     0786 r 0f         00000000  c.slli   x15, 1
#1440 0 800001e0     97ba r 0f         00000000  c.add    x15, x14
#1441 0 800001e2     078a r 0f         00000000  c.slli   x15, 2
#1442 0 800001e4     97b6 r 0f         f0040068  c.add    x15, x13
#1443 0 800001e6     43d8 r 0e         00000000  c.lw     x14, 0x4(x15)
#1444 0 800001e8 fcc40793 r 0f         f00410ac  addi     x15, x8, -0x34
#1445 0 800001ec     85ba r 0b         00000000  c.mv     x11, x14
#1446 0 800001ee     853e r 0a         f00410ac  c.mv     x10, x15
#1447 0 800001f0     204d r 01         800001f2  c.jal    . + 0xa2
#1448 0 80000292     1101 r 02         f0041080  c.addi   x2, -0x20
#1449 0 80000294     ce22 m f004109c   f00410e0  c.swsp   x8, 0x1c
#1450 0 80000296     1000 r 08         f00410a0  c.addi4spn  x8, 0x8
#1451 0 80000298 fea42623 m f004108c   f00410ac  sw       x10, -0x14(x8)
#1452 0 8000029c feb42423 m f0041088   00000000  sw       x11, -0x18(x8)
#1453 0 800002a0 fe842783 r 0f         00000000  lw       x15, -0x18(x8)
#1454 0 800002a4     078a r 0f         00000000  c.slli   x15, 2
#1455 0 800002a6 fec42703 r 0e         f00410ac  lw       x14, -0x14(x8)
#1456 0 800002aa     97ba r 0f         f00410ac  c.add    x15, x14
#1457 0 800002ac     439c r 0f         00000000  c.lw     x15, 0x0(x15)
#1458 0 800002ae     853e r 0a         00000000  c.mv     x10, x15
#1459 0 800002b0     4472 r 08         f00410e0  c.lwsp   x8, 0x1c
#1460 0 800002b2     6105 r 02         f00410a0  c.addi16sp 0x2
#1461 0 800002b4     8082 r 00         00000000  c.jr     x1
#1462 0 800001f2 fea42023 m f00410c0   00000000  sw       x10, -0x20(x8)
#1463 0 800001f6 fe442703 r 0e         00000001  lw       x14, -0x1c(x8)
#1464 0 800001fa fe042783 r 0f         00000000  lw       x15, -0x20(x8)
#1465 0 800001fe 06f70663 r 00         00000000  beq      x14, x15, . + 0x6c
#1466 0 80000202 f00407b7 r 0f         f0040000  lui      x15, -0xffc0
#1467 0 80000206 0a878793 r 0f         f00400a8  addi     x15, x15, 0xa8
#1468 0 8000020a     5fd8 r 0e         00000000  c.lw     x14, 0x3c(x15)
#1469 0 8000020c f00407b7 r 0f         f0040000  lui      x15, -0xffc0
#1470 0 80000210 0a878693 r 0d         f00400a8  addi     x13, x15, 0xa8
#1471 0 80000214     87ba r 0f         00000000  c.mv     x15, x14
#1472 0 80000216     0786 r 0f         00000000  c.slli   x15, 1
#1473 0 80000218     97ba r 0f         00000000  c.add    x15, x14
#1474 0 8000021a     078a r 0f         00000000  c.slli   x15, 2
#1475 0 8000021c 00f68733 r 0e         f00400a8  add      x14, x13, x15
#1476 0 80000220 f00407b7 r 0f         f0040000  lui      x15, -0xffc0
#1477 0 80000224 06878613 r 0c         f0040068  addi     x12, x15, 0x68
#1478 0 80000228 fec42683 r 0d         00000000  lw       x13, -0x14(x8)
#1479 0 8000022c     87b6 r 0f         00000000  c.mv     x15, x13
#1480 0 8000022e     0786 r 0f         00000000  c.slli   x15, 1
#1481 0 80000230     97b6 r 0f         00000000  c.add    x15, x13
#1482 0 80000232     078a r 0f         00000000  c.slli   x15, 2
#1483 0 80000234     97b2 r 0f         f0040068  c.add    x15, x12
#1484 0 80000236     4394 r 0d         00000001  c.lw     x13, 0x0(x15)
#1485 0 80000238     c314 m f00400a8   00000001  c.sw     x13, 0x0(x14)
#1486 0 8000023a     43d4 r 0d         00000000  c.lw     x13, 0x4(x15)
#1487 0 8000023c     c354 m f00400ac   00000000  c.sw     x13, 0x4(x14)
#1488 0 8000023e     479c r 0f         0000000a  c.lw     x15, 0x8(x15)
#1489 0 80000240     c71c m f00400b0   0000000a  c.sw     x15, 0x8(x14)
#1490 0 80000242 f00407b7 r 0f         f0040000  lui      x15, -0xffc0
#1491 0 80000246 0a878793 r 0f         f00400a8  addi     x15, x15, 0xa8
#1492 0 8000024a     5fdc r 0f         00000000  c.lw     x15, 0x3c(x15)
#1493 0 8000024c 00178713 r 0e         00000001  addi     x14, x15, 0x1
#1494 0 80000250 f00407b7 r 0f         f0040000  lui      x15, -0xffc0
#1495 0 80000254 0a878793 r 0f         f00400a8  addi     x15, x15, 0xa8
#1496 0 80000258     dfd8 m f00400e4   00000001  c.sw     x14, 0x3c(x15)
#1497 0 8000025a fcc40793 r 0f         f00410ac  addi     x15, x8, -0x34
#1498 0 8000025e fe042603 r 0c         00000000  lw       x12, -0x20(x8)
#1499 0 80000262 fe442583 r 0b         00000001  lw       x11, -0x1c(x8)
#1500 0 80000266     853e r 0a         f00410ac  c.mv     x10, x15
#1501 0 80000268     20b9 r 01         8000026a  c.jal    . + 0x4e
#1502 0 800002b6     7179 r 02         f0041070  c.addi16sp -0x3
#1503 0 800002b8     d622 m f004109c   f00410e0  c.swsp   x8, 0x2c
#1504 0 800002ba     1800 r 08         f00410a0  c.addi4spn  x8, 0xc
#1505 0 800002bc fca42e23 m f004107c   f00410ac  sw       x10, -0x24(x8)
#1506 0 800002c0 fcb42c23 m f0041078   00000001  sw       x11, -0x28(x8)
#1507 0 800002c4 fcc42a23 m f0041074   00000000  sw       x12, -0x2c(x8)
#1508 0 800002c8 fe042623 m f004108c   00000000  sw       x0, -0x14(x8)
#1509 0 800002cc     a815 r 00         00000000  c.j      . + 0x34
#1510 0 80000300 f00407b7 r 0f         f0040000  lui      x15, -0xffc0
#1511 0 80000304 0647a783 r 0f         00000005  lw       x15, 0x64(x15)
#1512 0 80000308 fec42703 r 0e         00000000  lw       x14, -0x14(x8)
#1513 0 8000030c fcf741e3 r 00         00000000  blt      x14, x15, . - 0x3e
#1514 0 800002ce fec42783 r 0f         00000000  lw       x15, -0x14(x8)
#1515 0 800002d2     078a r 0f         00000000  c.slli   x15, 2
#1516 0 800002d4 fdc42703 r 0e         f00410ac  lw       x14, -0x24(x8)
#1517 0 800002d8     97ba r 0f         f00410ac  c.add    x15, x14
#1518 0 800002da     439c r 0f         00000000  c.lw     x15, 0x0(x15)
#1519 0 800002dc fd442703 r 0e         00000000  lw       x14, -0x2c(x8)
#1520 0 800002e0 00f71b63 r 00         00000000  bne      x14, x15, . + 0x16
#1521 0 800002e4 fec42783 r 0f         00000000  lw       x15, -0x14(x8)
#1522 0 800002e8     078a r 0f         00000000  c.slli   x15, 2
#1523 0 800002ea fdc42703 r 0e         f00410ac  lw       x14, -0x24(x8)
#1524 0 800002ee     97ba r 0f         f00410ac  c.add    x15, x14
#1525 0 800002f0 fd842703 r 0e         00000001  lw       x14, -0x28(x8)
#1526 0 800002f4     c398 m f00410ac   00000001  c.sw     x14, 0x0(x15)
#1527 0 800002f6 fec42783 r 0f         00000000  lw       x15, -0x14(x8)
#1528 0 800002fa     0785 r 0f         00000001  c.addi   x15, 0x1
#1529 0 800002fc fef42623 m f004108c   00000001  sw       x15, -0x14(x8)
#1530 0 80000300 f00407b7 r 0f         f0040000  lui      x15, -0xffc0
#1531 0 80000304 0647a783 r 0f         00000005  lw       x15, 0x64(x15)
#1532 0 80000308 fec42703 r 0e         00000001  lw       x14, -0x14(x8)
#1533 0 8000030c fcf741e3 r 00         00000000  blt      x14, x15, . - 0x3e
#1534 0 800002ce fec42783 r 0f         00000001  lw       x15, -0x14(x8)
#1535 0 800002d2     078a r 0f         00000004  c.slli   x15, 2
#1536 0 800002d4 fdc42703 r 0e         f00410ac  lw       x14, -0x24(x8)
#1537 0 800002d8     97ba r 0f         f00410b0  c.add    x15, x14
#1538 0 800002da     439c r 0f         00000001  c.lw     x15, 0x0(x15)
#1539 0 800002dc fd442703 r 0e         00000000  lw       x14, -0x2c(x8)
#1540 0 800002e0 00f71b63 r 00         00000000  bne      x14, x15, . + 0x16
#1541 0 800002f6 fec42783 r 0f         00000001  lw       x15, -0x14(x8)
#1542 0 800002fa     0785 r 0f         00000002  c.addi   x15, 0x1
#1543 0 800002fc fef42623 m f004108c   00000002  sw       x15, -0x14(x8)
#1544 0 80000300 f00407b7 r 0f         f0040000  lui      x15, -0xffc0
#1545 0 80000304 0647a783 r 0f         00000005  lw       x15, 0x64(x15)
#1546 0 80000308 fec42703 r 0e         00000002  lw       x14, -0x14(x8)
#1547 0 8000030c fcf741e3 r 00         00000000  blt      x14, x15, . - 0x3e
#1548 0 800002ce fec42783 r 0f         00000002  lw       x15, -0x14(x8)
#1549 0 800002d2     078a r 0f         00000008  c.slli   x15, 2
#1550 0 800002d4 fdc42703 r 0e         f00410ac  lw       x14, -0x24(x8)
#1551 0 800002d8     97ba r 0f         f00410b4  c.add    x15, x14
#1552 0 800002da     439c r 0f         00000002  c.lw     x15, 0x0(x15)
#1553 0 800002dc fd442703 r 0e         00000000  lw       x14, -0x2c(x8)
#1554 0 800002e0 00f71b63 r 00         00000000  bne      x14, x15, . + 0x16
#1555 0 800002f6 fec42783 r 0f         00000002  lw       x15, -0x14(x8)
#1556 0 800002fa     0785 r 0f         00000003  c.addi   x15, 0x1
#1557 0 800002fc fef42623 m f004108c   00000003  sw       x15, -0x14(x8)
#1558 0 80000300 f00407b7 r 0f         f0040000  lui      x15, -0xffc0
#1559 0 80000304 0647a783 r 0f         00000005  lw       x15, 0x64(x15)
#1560 0 80000308 fec42703 r 0e         00000003  lw       x14, -0x14(x8)
#1561 0 8000030c fcf741e3 r 00         00000000  blt      x14, x15, . - 0x3e
#1562 0 800002ce fec42783 r 0f         00000003  lw       x15, -0x14(x8)
#1563 0 800002d2     078a r 0f         0000000c  c.slli   x15, 2
#1564 0 800002d4 fdc42703 r 0e         f00410ac  lw       x14, -0x24(x8)
#1565 0 800002d8     97ba r 0f         f00410b8  c.add    x15, x14
#1566 0 800002da     439c r 0f         00000003  c.lw     x15, 0x0(x15)
#1567 0 800002dc fd442703 r 0e         00000000  lw       x14, -0x2c(x8)
#1568 0 800002e0 00f71b63 r 00         00000000  bne      x14, x15, . + 0x16
#1569 0 800002f6 fec42783 r 0f         00000003  lw       x15, -0x14(x8)
#1570 0 800002fa     0785 r 0f         00000004  c.addi   x15, 0x1
#1571 0 800002fc fef42623 m f004108c   00000004  sw       x15, -0x14(x8)
#1572 0 80000300 f00407b7 r 0f         f0040000  lui      x15, -0xffc0
#1573 0 80000304 0647a783 r 0f         00000005  lw       x15, 0x64(x15)
#1574 0 80000308 fec42703 r 0e         00000004  lw       x14, -0x14(x8)
#1575 0 8000030c fcf741e3 r 00         00000000  blt      x14, x15, . - 0x3e
#1576 0 800002ce fec42783 r 0f         00000004  lw       x15, -0x14(x8)
#1577 0 800002d2     078a r 0f         00000010  c.slli   x15, 2
#1578 0 800002d4 fdc42703 r 0e         f00410ac  lw       x14, -0x24(x8)
#1579 0 800002d8     97ba r 0f         f00410bc  c.add    x15, x14
#1580 0 800002da     439c r 0f         00000004  c.lw     x15, 0x0(x15)
#1581 0 800002dc fd442703 r 0e         00000000  lw       x14, -0x2c(x8)
#1582 0 800002e0 00f71b63 r 00         00000000  bne      x14, x15, . + 0x16
#1583 0 800002f6 fec42783 r 0f         00000004  lw       x15, -0x14(x8)
#1584 0 800002fa     0785 r 0f         00000005  c.addi   x15, 0x1
#1585 0 800002fc fef42623 m f004108c   00000005  sw       x15, -0x14(x8)
#1586 0 80000300 f00407b7 r 0f         f0040000  lui      x15, -0xffc0
#1587 0 80000304 0647a783 r 0f         00000005  lw       x15, 0x64(x15)
#1588 0 80000308 fec42703 r 0e         00000005  lw       x14, -0x14(x8)
#1589 0 8000030c fcf741e3 r 00         00000000  blt      x14, x15, . - 0x3e
#1590 0 80000310     0001 r 00         00000000  c.nop
#1591 0 80000312     0001 r 00         00000000  c.nop
#1592 0 80000314     5432 r 08         f00410e0  c.lwsp   x8, 0x2c
#1593 0 80000316     6145 r 02         f00410a0  c.addi16sp 0x3
#1594 0 80000318     8082 r 00         00000000  c.jr     x1
#1595 0 8000026a fec42783 r 0f         00000000  lw       x15, -0x14(x8)
#1596 0 8000026e     0785 r 0f         00000001  c.addi   x15, 0x1
#1597 0 80000270 fef42623 m f00410cc   00000001  sw       x15, -0x14(x8)
#1598 0 80000274 f00407b7 r 0f         f0040000  lui      x15, -0xffc0
#1599 0 80000278 06878793 r 0f         f0040068  addi     x15, x15, 0x68
#1600 0 8000027c     5fdc r 0f         00000005  c.lw     x15, 0x3c(x15)
#1601 0 8000027e fec42703 r 0e         00000001  lw       x14, -0x14(x8)
#1602 0 80000282 f2f744e3 r 00         00000000  blt      x14, x15, . - 0xd8
#1603 0 800001aa f00407b7 r 0f         f0040000  lui      x15, -0xffc0
#1604 0 800001ae 06878693 r 0d         f0040068  addi     x13, x15, 0x68
#1605 0 800001b2 fec42703 r 0e         00000001  lw       x14, -0x14(x8)
#1606 0 800001b6     87ba r 0f         00000001  c.mv     x15, x14
#1607 0 800001b8     0786 r 0f         00000002  c.slli   x15, 1
#1608 0 800001ba     97ba r 0f         00000003  c.add    x15, x14
#1609 0 800001bc     078a r 0f         0000000c  c.slli   x15, 2
#1610 0 800001be     97b6 r 0f         f0040074  c.add    x15, x13
#1611 0 800001c0     4398 r 0e         00000003  c.lw     x14, 0x0(x15)
#1612 0 800001c2 fcc40793 r 0f         f00410ac  addi     x15, x8, -0x34
#1613 0 800001c6     85ba r 0b         00000003  c.mv     x11, x14
#1614 0 800001c8     853e r 0a         f00410ac  c.mv     x10, x15
#1615 0 800001ca     20e1 r 01         800001cc  c.jal    . + 0xc8
#1616 0 80000292     1101 r 02         f0041080  c.addi   x2, -0x20
#1617 0 80000294     ce22 m f004109c   f00410e0  c.swsp   x8, 0x1c
#1618 0 80000296     1000 r 08         f00410a0  c.addi4spn  x8, 0x8
#1619 0 80000298 fea42623 m f004108c   f00410ac  sw       x10, -0x14(x8)
#1620 0 8000029c feb42423 m f0041088   00000003  sw       x11, -0x18(x8)
#1621 0 800002a0 fe842783 r 0f         00000003  lw       x15, -0x18(x8)
#1622 0 800002a4     078a r 0f         0000000c  c.slli   x15, 2
#1623 0 800002a6 fec42703 r 0e         f00410ac  lw       x14, -0x14(x8)
#1624 0 800002aa     97ba r 0f         f00410b8  c.add    x15, x14
#1625 0 800002ac     439c r 0f         00000003  c.lw     x15, 0x0(x15)
#1626 0 800002ae     853e r 0a         00000003  c.mv     x10, x15
#1627 0 800002b0     4472 r 08         f00410e0  c.lwsp   x8, 0x1c
#1628 0 800002b2     6105 r 02         f00410a0  c.addi16sp 0x2
#1629 0 800002b4     8082 r 00         00000000  c.jr     x1
#1630 0 800001cc fea42223 m f00410c4   00000003  sw       x10, -0x1c(x8)
#1631 0 800001d0 f00407b7 r 0f         f0040000  lui      x15, -0xffc0
#1632 0 800001d4 06878693 r 0d         f0040068  addi     x13, x15, 0x68
#1633 0 800001d8 fec42703 r 0e         00000001  lw       x14, -0x14(x8)
#1634 0 800001dc     87ba r 0f         00000001  c.mv     x15, x14
#1635 0 800001de     0786 r 0f         00000002  c.slli   x15, 1
#1636 0 800001e0     97ba r 0f         00000003  c.add    x15, x14
#1637 0 800001e2     078a r 0f         0000000c  c.slli   x15, 2
#1638 0 800001e4     97b6 r 0f         f0040074  c.add    x15, x13
#1639 0 800001e6     43d8 r 0e         00000002  c.lw     x14, 0x4(x15)
#1640 0 800001e8 fcc40793 r 0f         f00410ac  addi     x15, x8, -0x34
#1641 0 800001ec     85ba r 0b         00000002  c.mv     x11, x14
#1642 0 800001ee     853e r 0a         f00410ac  c.mv     x10, x15
#1643 0 800001f0     204d r 01         800001f2  c.jal    . + 0xa2
#1644 0 80000292     1101 r 02         f0041080  c.addi   x2, -0x20
#1645 0 80000294     ce22 m f004109c   f00410e0  c.swsp   x8, 0x1c
#1646 0 80000296     1000 r 08         f00410a0  c.addi4spn  x8, 0x8
#1647 0 80000298 fea42623 m f004108c   f00410ac  sw       x10, -0x14(x8)
#1648 0 8000029c feb42423 m f0041088   00000002  sw       x11, -0x18(x8)
#1649 0 800002a0 fe842783 r 0f         00000002  lw       x15, -0x18(x8)
#1650 0 800002a4     078a r 0f         00000008  c.slli   x15, 2
#1651 0 800002a6 fec42703 r 0e         f00410ac  lw       x14, -0x14(x8)
#1652 0 800002aa     97ba r 0f         f00410b4  c.add    x15, x14
#1653 0 800002ac     439c r 0f         00000002  c.lw     x15, 0x0(x15)
#1654 0 800002ae     853e r 0a         00000002  c.mv     x10, x15
#1655 0 800002b0     4472 r 08         f00410e0  c.lwsp   x8, 0x1c
#1656 0 800002b2     6105 r 02         f00410a0  c.addi16sp 0x2
#1657 0 800002b4     8082 r 00         00000000  c.jr     x1
#1658 0 800001f2 fea42023 m f00410c0   00000002  sw       x10, -0x20(x8)
#1659 0 800001f6 fe442703 r 0e         00000003  lw       x14, -0x1c(x8)
#1660 0 800001fa fe042783 r 0f         00000002  lw       x15, -0x20(x8)
#1661 0 800001fe 06f70663 r 00         00000000  beq      x14, x15, . + 0x6c
#1662 0 80000202 f00407b7 r 0f         f0040000  lui      x15, -0xffc0
#1663 0 80000206 0a878793 r 0f         f00400a8  addi     x15, x15, 0xa8
#1664 0 8000020a     5fd8 r 0e         00000001  c.lw     x14, 0x3c(x15)
#1665 0 8000020c f00407b7 r 0f         f0040000  lui      x15, -0xffc0
#1666 0 80000210 0a878693 r 0d         f00400a8  addi     x13, x15, 0xa8
#1667 0 80000214     87ba r 0f         00000001  c.mv     x15, x14
#1668 0 80000216     0786 r 0f         00000002  c.slli   x15, 1
#1669 0 80000218     97ba r 0f         00000003  c.add    x15, x14
#1670 0 8000021a     078a r 0f         0000000c  c.slli   x15, 2
#1671 0 8000021c 00f68733 r 0e         f00400b4  add      x14, x13, x15
#1672 0 80000220 f00407b7 r 0f         f0040000  lui      x15, -0xffc0
#1673 0 80000224 06878613 r 0c         f0040068  addi     x12, x15, 0x68
#1674 0 80000228 fec42683 r 0d         00000001  lw       x13, -0x14(x8)
#1675 0 8000022c     87b6 r 0f         00000001  c.mv     x15, x13
#1676 0 8000022e     0786 r 0f         00000002  c.slli   x15, 1
#1677 0 80000230     97b6 r 0f         00000003  c.add    x15, x13
#1678 0 80000232     078a r 0f         0000000c  c.slli   x15, 2
#1679 0 80000234     97b2 r 0f         f0040074  c.add    x15, x12
#1680 0 80000236     4394 r 0d         00000003  c.lw     x13, 0x0(x15)
#1681 0 80000238     c314 m f00400b4   00000003  c.sw     x13, 0x0(x14)
#1682 0 8000023a     43d4 r 0d         00000002  c.lw     x13, 0x4(x15)
#1683 0 8000023c     c354 m f00400b8   00000002  c.sw     x13, 0x4(x14)
#1684 0 8000023e     479c r 0f         00000014  c.lw     x15, 0x8(x15)
#1685 0 80000240     c71c m f00400bc   00000014  c.sw     x15, 0x8(x14)
#1686 0 80000242 f00407b7 r 0f         f0040000  lui      x15, -0xffc0
#1687 0 80000246 0a878793 r 0f         f00400a8  addi     x15, x15, 0xa8
#1688 0 8000024a     5fdc r 0f         00000001  c.lw     x15, 0x3c(x15)
#1689 0 8000024c 00178713 r 0e         00000002  addi     x14, x15, 0x1
#1690 0 80000250 f00407b7 r 0f         f0040000  lui      x15, -0xffc0
#1691 0 80000254 0a878793 r 0f         f00400a8  addi     x15, x15, 0xa8
#1692 0 80000258     dfd8 m f00400e4   00000002  c.sw     x14, 0x3c(x15)
#1693 0 8000025a fcc40793 r 0f         f00410ac  addi     x15, x8, -0x34
#1694 0 8000025e fe042603 r 0c         00000002  lw       x12, -0x20(x8)
#1695 0 80000262 fe442583 r 0b         00000003  lw       x11, -0x1c(x8)
#1696 0 80000266     853e r 0a         f00410ac  c.mv     x10, x15
#1697 0 80000268     20b9 r 01         8000026a  c.jal    . + 0x4e
#1698 0 800002b6     7179 r 02         f0041070  c.addi16sp -0x3
#1699 0 800002b8     d622 m f004109c   f00410e0  c.swsp   x8, 0x2c
#1700 0 800002ba     1800 r 08         f00410a0  c.addi4spn  x8, 0xc
#1701 0 800002bc fca42e23 m f004107c   f00410ac  sw       x10, -0x24(x8)
#1702 0 800002c0 fcb42c23 m f0041078   00000003  sw       x11, -0x28(x8)
#1703 0 800002c4 fcc42a23 m f0041074   00000002  sw       x12, -0x2c(x8)
#1704 0 800002c8 fe042623 m f004108c   00000000  sw       x0, -0x14(x8)
#1705 0 800002cc     a815 r 00         00000000  c.j      . + 0x34
#1706 0 80000300 f00407b7 r 0f         f0040000  lui      x15, -0xffc0
#1707 0 80000304 0647a783 r 0f         00000005  lw       x15, 0x64(x15)
#1708 0 80000308 fec42703 r 0e         00000000  lw       x14, -0x14(x8)
#1709 0 8000030c fcf741e3 r 00         00000000  blt      x14, x15, . - 0x3e
#1710 0 800002ce fec42783 r 0f         00000000  lw       x15, -0x14(x8)
#1711 0 800002d2     078a r 0f         00000000  c.slli   x15, 2
#1712 0 800002d4 fdc42703 r 0e         f00410ac  lw       x14, -0x24(x8)
#1713 0 800002d8     97ba r 0f         f00410ac  c.add    x15, x14
#1714 0 800002da     439c r 0f         00000001  c.lw     x15, 0x0(x15)
#1715 0 800002dc fd442703 r 0e         00000002  lw       x14, -0x2c(x8)
#1716 0 800002e0 00f71b63 r 00         00000000  bne      x14, x15, . + 0x16
#1717 0 800002f6 fec42783 r 0f         00000000  lw       x15, -0x14(x8)
#1718 0 800002fa     0785 r 0f         00000001  c.addi   x15, 0x1
#1719 0 800002fc fef42623 m f004108c   00000001  sw       x15, -0x14(x8)
#1720 0 80000300 f00407b7 r 0f         f0040000  lui      x15, -0xffc0
#1721 0 80000304 0647a783 r 0f         00000005  lw       x15, 0x64(x15)
#1722 0 80000308 fec42703 r 0e         00000001  lw       x14, -0x14(x8)
#1723 0 8000030c fcf741e3 r 00         00000000  blt      x14, x15, . - 0x3e
#1724 0 800002ce fec42783 r 0f         00000001  lw       x15, -0x14(x8)
#1725 0 800002d2     078a r 0f         00000004  c.slli   x15, 2
#1726 0 800002d4 fdc42703 r 0e         f00410ac  lw       x14, -0x24(x8)
#1727 0 800002d8     97ba r 0f         f00410b0  c.add    x15, x14
#1728 0 800002da     439c r 0f         00000001  c.lw     x15, 0x0(x15)
#1729 0 800002dc fd442703 r 0e         00000002  lw       x14, -0x2c(x8)
#1730 0 800002e0 00f71b63 r 00         00000000  bne      x14, x15, . + 0x16
#1731 0 800002f6 fec42783 r 0f         00000001  lw       x15, -0x14(x8)
#1732 0 800002fa     0785 r 0f         00000002  c.addi   x15, 0x1
#1733 0 800002fc fef42623 m f004108c   00000002  sw       x15, -0x14(x8)
#1734 0 80000300 f00407b7 r 0f         f0040000  lui      x15, -0xffc0
#1735 0 80000304 0647a783 r 0f         00000005  lw       x15, 0x64(x15)
#1736 0 80000308 fec42703 r 0e         00000002  lw       x14, -0x14(x8)
#1737 0 8000030c fcf741e3 r 00         00000000  blt      x14, x15, . - 0x3e
#1738 0 800002ce fec42783 r 0f         00000002  lw       x15, -0x14(x8)
#1739 0 800002d2     078a r 0f         00000008  c.slli   x15, 2
#1740 0 800002d4 fdc42703 r 0e         f00410ac  lw       x14, -0x24(x8)
#1741 0 800002d8     97ba r 0f         f00410b4  c.add    x15, x14
#1742 0 800002da     439c r 0f         00000002  c.lw     x15, 0x0(x15)
#1743 0 800002dc fd442703 r 0e         00000002  lw       x14, -0x2c(x8)
#1744 0 800002e0 00f71b63 r 00         00000000  bne      x14, x15, . + 0x16
#1745 0 800002e4 fec42783 r 0f         00000002  lw       x15, -0x14(x8)
#1746 0 800002e8     078a r 0f         00000008  c.slli   x15, 2
#1747 0 800002ea fdc42703 r 0e         f00410ac  lw       x14, -0x24(x8)
#1748 0 800002ee     97ba r 0f         f00410b4  c.add    x15, x14
#1749 0 800002f0 fd842703 r 0e         00000003  lw       x14, -0x28(x8)
#1750 0 800002f4     c398 m f00410b4   00000003  c.sw     x14, 0x0(x15)
#1751 0 800002f6 fec42783 r 0f         00000002  lw       x15, -0x14(x8)
#1752 0 800002fa     0785 r 0f         00000003  c.addi   x15, 0x1
#1753 0 800002fc fef42623 m f004108c   00000003  sw       x15, -0x14(x8)
#1754 0 80000300 f00407b7 r 0f         f0040000  lui      x15, -0xffc0
#1755 0 80000304 0647a783 r 0f         00000005  lw       x15, 0x64(x15)
#1756 0 80000308 fec42703 r 0e         00000003  lw       x14, -0x14(x8)
#1757 0 8000030c fcf741e3 r 00         00000000  blt      x14, x15, . - 0x3e
#1758 0 800002ce fec42783 r 0f         00000003  lw       x15, -0x14(x8)
#1759 0 800002d2     078a r 0f         0000000c  c.slli   x15, 2
#1760 0 800002d4 fdc42703 r 0e         f00410ac  lw       x14, -0x24(x8)
#1761 0 800002d8     97ba r 0f         f00410b8  c.add    x15, x14
#1762 0 800002da     439c r 0f         00000003  c.lw     x15, 0x0(x15)
#1763 0 800002dc fd442703 r 0e         00000002  lw       x14, -0x2c(x8)
#1764 0 800002e0 00f71b63 r 00         00000000  bne      x14, x15, . + 0x16
#1765 0 800002f6 fec42783 r 0f         00000003  lw       x15, -0x14(x8)
#1766 0 800002fa     0785 r 0f         00000004  c.addi   x15, 0x1
#1767 0 800002fc fef42623 m f004108c   00000004  sw       x15, -0x14(x8)
#1768 0 80000300 f00407b7 r 0f         f0040000  lui      x15, -0xffc0
#1769 0 80000304 0647a783 r 0f         00000005  lw       x15, 0x64(x15)
#1770 0 80000308 fec42703 r 0e         00000004  lw       x14, -0x14(x8)
#1771 0 8000030c fcf741e3 r 00         00000000  blt      x14, x15, . - 0x3e
#1772 0 800002ce fec42783 r 0f         00000004  lw       x15, -0x14(x8)
#1773 0 800002d2     078a r 0f         00000010  c.slli   x15, 2
#1774 0 800002d4 fdc42703 r 0e         f00410ac  lw       x14, -0x24(x8)
#1775 0 800002d8     97ba r 0f         f00410bc  c.add    x15, x14
#1776 0 800002da     439c r 0f         00000004  c.lw     x15, 0x0(x15)
#1777 0 800002dc fd442703 r 0e         00000002  lw       x14, -0x2c(x8)
#1778 0 800002e0 00f71b63 r 00         00000000  bne      x14, x15, . + 0x16
#1779 0 800002f6 fec42783 r 0f         00000004  lw       x15, -0x14(x8)
#1780 0 800002fa     0785 r 0f         00000005  c.addi   x15, 0x1
#1781 0 800002fc fef42623 m f004108c   00000005  sw       x15, -0x14(x8)
#1782 0 80000300 f00407b7 r 0f         f0040000  lui      x15, -0xffc0
#1783 0 80000304 0647a783 r 0f         00000005  lw       x15, 0x64(x15)
#1784 0 80000308 fec42703 r 0e         00000005  lw       x14, -0x14(x8)
#1785 0 8000030c fcf741e3 r 00         00000000  blt      x14, x15, . - 0x3e
#1786 0 80000310     0001 r 00         00000000  c.nop
#1787 0 80000312     0001 r 00         00000000  c.nop
#1788 0 80000314     5432 r 08         f00410e0  c.lwsp   x8, 0x2c
#1789 0 80000316     6145 r 02         f00410a0  c.addi16sp 0x3
#1790 0 80000318     8082 r 00         00000000  c.jr     x1
#1791 0 8000026a fec42783 r 0f         00000001  lw       x15, -0x14(x8)
#1792 0 8000026e     0785 r 0f         00000002  c.addi   x15, 0x1
#1793 0 80000270 fef42623 m f00410cc   00000002  sw       x15, -0x14(x8)
#1794 0 80000274 f00407b7 r 0f         f0040000  lui      x15, -0xffc0
#1795 0 80000278 06878793 r 0f         f0040068  addi     x15, x15, 0x68
#1796 0 8000027c     5fdc r 0f         00000005  c.lw     x15, 0x3c(x15)
#1797 0 8000027e fec42703 r 0e         00000002  lw       x14, -0x14(x8)
#1798 0 80000282 f2f744e3 r 00         00000000  blt      x14, x15, . - 0xd8
#1799 0 800001aa f00407b7 r 0f         f0040000  lui      x15, -0xffc0
#1800 0 800001ae 06878693 r 0d         f0040068  addi     x13, x15, 0x68
#1801 0 800001b2 fec42703 r 0e         00000002  lw       x14, -0x14(x8)
#1802 0 800001b6     87ba r 0f         00000002  c.mv     x15, x14
#1803 0 800001b8     0786 r 0f         00000004  c.slli   x15, 1
#1804 0 800001ba     97ba r 0f         00000006  c.add    x15, x14
#1805 0 800001bc     078a r 0f         00000018  c.slli   x15, 2
#1806 0 800001be     97b6 r 0f         f0040080  c.add    x15, x13
#1807 0 800001c0     4398 r 0e         00000003  c.lw     x14, 0x0(x15)
#1808 0 800001c2 fcc40793 r 0f         f00410ac  addi     x15, x8, -0x34
#1809 0 800001c6     85ba r 0b         00000003  c.mv     x11, x14
#1810 0 800001c8     853e r 0a         f00410ac  c.mv     x10, x15
#1811 0 800001ca     20e1 r 01         800001cc  c.jal    . + 0xc8
#1812 0 80000292     1101 r 02         f0041080  c.addi   x2, -0x20
#1813 0 80000294     ce22 m f004109c   f00410e0  c.swsp   x8, 0x1c
#1814 0 80000296     1000 r 08         f00410a0  c.addi4spn  x8, 0x8
#1815 0 80000298 fea42623 m f004108c   f00410ac  sw       x10, -0x14(x8)
#1816 0 8000029c feb42423 m f0041088   00000003  sw       x11, -0x18(x8)
#1817 0 800002a0 fe842783 r 0f         00000003  lw       x15, -0x18(x8)
#1818 0 800002a4     078a r 0f         0000000c  c.slli   x15, 2
#1819 0 800002a6 fec42703 r 0e         f00410ac  lw       x14, -0x14(x8)
#1820 0 800002aa     97ba r 0f         f00410b8  c.add    x15, x14
#1821 0 800002ac     439c r 0f         00000003  c.lw     x15, 0x0(x15)
#1822 0 800002ae     853e r 0a         00000003  c.mv     x10, x15
#1823 0 800002b0     4472 r 08         f00410e0  c.lwsp   x8, 0x1c
#1824 0 800002b2     6105 r 02         f00410a0  c.addi16sp 0x2
#1825 0 800002b4     8082 r 00         00000000  c.jr     x1
#1826 0 800001cc fea42223 m f00410c4   00000003  sw       x10, -0x1c(x8)
#1827 0 800001d0 f00407b7 r 0f         f0040000  lui      x15, -0xffc0
#1828 0 800001d4 06878693 r 0d         f0040068  addi     x13, x15, 0x68
#1829 0 800001d8 fec42703 r 0e         00000002  lw       x14, -0x14(x8)
#1830 0 800001dc     87ba r 0f         00000002  c.mv     x15, x14
#1831 0 800001de     0786 r 0f         00000004  c.slli   x15, 1
#1832 0 800001e0     97ba r 0f         00000006  c.add    x15, x14
#1833 0 800001e2     078a r 0f         00000018  c.slli   x15, 2
#1834 0 800001e4     97b6 r 0f         f0040080  c.add    x15, x13
#1835 0 800001e6     43d8 r 0e         00000000  c.lw     x14, 0x4(x15)
#1836 0 800001e8 fcc40793 r 0f         f00410ac  addi     x15, x8, -0x34
#1837 0 800001ec     85ba r 0b         00000000  c.mv     x11, x14
#1838 0 800001ee     853e r 0a         f00410ac  c.mv     x10, x15
#1839 0 800001f0     204d r 01         800001f2  c.jal    . + 0xa2
#1840 0 80000292     1101 r 02         f0041080  c.addi   x2, -0x20
#1841 0 80000294     ce22 m f004109c   f00410e0  c.swsp   x8, 0x1c
#1842 0 80000296     1000 r 08         f00410a0  c.addi4spn  x8, 0x8
#1843 0 80000298 fea42623 m f004108c   f00410ac  sw       x10, -0x14(x8)
#1844 0 8000029c feb42423 m f0041088   00000000  sw       x11, -0x18(x8)
#1845 0 800002a0 fe842783 r 0f         00000000  lw       x15, -0x18(x8)
#1846 0 800002a4     078a r 0f         00000000  c.slli   x15, 2
#1847 0 800002a6 fec42703 r 0e         f00410ac  lw       x14, -0x14(x8)
#1848 0 800002aa     97ba r 0f         f00410ac  c.add    x15, x14
#1849 0 800002ac     439c r 0f         00000001  c.lw     x15, 0x0(x15)
#1850 0 800002ae     853e r 0a         00000001  c.mv     x10, x15
#1851 0 800002b0     4472 r 08         f00410e0  c.lwsp   x8, 0x1c
#1852 0 800002b2     6105 r 02         f00410a0  c.addi16sp 0x2
#1853 0 800002b4     8082 r 00         00000000  c.jr     x1
#1854 0 800001f2 fea42023 m f00410c0   00000001  sw       x10, -0x20(x8)
#1855 0 800001f6 fe442703 r 0e         00000003  lw       x14, -0x1c(x8)
#1856 0 800001fa fe042783 r 0f         00000001  lw       x15, -0x20(x8)
#1857 0 800001fe 06f70663 r 00         00000000  beq      x14, x15, . + 0x6c
#1858 0 80000202 f00407b7 r 0f         f0040000  lui      x15, -0xffc0
#1859 0 80000206 0a878793 r 0f         f00400a8  addi     x15, x15, 0xa8
#1860 0 8000020a     5fd8 r 0e         00000002  c.lw     x14, 0x3c(x15)
#1861 0 8000020c f00407b7 r 0f         f0040000  lui      x15, -0xffc0
#1862 0 80000210 0a878693 r 0d         f00400a8  addi     x13, x15, 0xa8
#1863 0 80000214     87ba r 0f         00000002  c.mv     x15, x14
#1864 0 80000216     0786 r 0f         00000004  c.slli   x15, 1
#1865 0 80000218     97ba r 0f         00000006  c.add    x15, x14
#1866 0 8000021a     078a r 0f         00000018  c.slli   x15, 2
#1867 0 8000021c 00f68733 r 0e         f00400c0  add      x14, x13, x15
#1868 0 80000220 f00407b7 r 0f         f0040000  lui      x15, -0xffc0
#1869 0 80000224 06878613 r 0c         f0040068  addi     x12, x15, 0x68
#1870 0 80000228 fec42683 r 0d         00000002  lw       x13, -0x14(x8)
#1871 0 8000022c     87b6 r 0f         00000002  c.mv     x15, x13
#1872 0 8000022e     0786 r 0f         00000004  c.slli   x15, 1
#1873 0 80000230     97b6 r 0f         00000006  c.add    x15, x13
#1874 0 80000232     078a r 0f         00000018  c.slli   x15, 2
#1875 0 80000234     97b2 r 0f         f0040080  c.add    x15, x12
#1876 0 80000236     4394 r 0d         00000003  c.lw     x13, 0x0(x15)
#1877 0 80000238     c314 m f00400c0   00000003  c.sw     x13, 0x0(x14)
#1878 0 8000023a     43d4 r 0d         00000000  c.lw     x13, 0x4(x15)
#1879 0 8000023c     c354 m f00400c4   00000000  c.sw     x13, 0x4(x14)
#1880 0 8000023e     479c r 0f         0000001e  c.lw     x15, 0x8(x15)
#1881 0 80000240     c71c m f00400c8   0000001e  c.sw     x15, 0x8(x14)
#1882 0 80000242 f00407b7 r 0f         f0040000  lui      x15, -0xffc0
#1883 0 80000246 0a878793 r 0f         f00400a8  addi     x15, x15, 0xa8
#1884 0 8000024a     5fdc r 0f         00000002  c.lw     x15, 0x3c(x15)
#1885 0 8000024c 00178713 r 0e         00000003  addi     x14, x15, 0x1
#1886 0 80000250 f00407b7 r 0f         f0040000  lui      x15, -0xffc0
#1887 0 80000254 0a878793 r 0f         f00400a8  addi     x15, x15, 0xa8
#1888 0 80000258     dfd8 m f00400e4   00000003  c.sw     x14, 0x3c(x15)
#1889 0 8000025a fcc40793 r 0f         f00410ac  addi     x15, x8, -0x34
#1890 0 8000025e fe042603 r 0c         00000001  lw       x12, -0x20(x8)
#1891 0 80000262 fe442583 r 0b         00000003  lw       x11, -0x1c(x8)
#1892 0 80000266     853e r 0a         f00410ac  c.mv     x10, x15
#1893 0 80000268     20b9 r 01         8000026a  c.jal    . + 0x4e
#1894 0 800002b6     7179 r 02         f0041070  c.addi16sp -0x3
#1895 0 800002b8     d622 m f004109c   f00410e0  c.swsp   x8, 0x2c
#1896 0 800002ba     1800 r 08         f00410a0  c.addi4spn  x8, 0xc
#1897 0 800002bc fca42e23 m f004107c   f00410ac  sw       x10, -0x24(x8)
#1898 0 800002c0 fcb42c23 m f0041078   00000003  sw       x11, -0x28(x8)
#1899 0 800002c4 fcc42a23 m f0041074   00000001  sw       x12, -0x2c(x8)
#1900 0 800002c8 fe042623 m f004108c   00000000  sw       x0, -0x14(x8)
#1901 0 800002cc     a815 r 00         00000000  c.j      . + 0x34
#1902 0 80000300 f00407b7 r 0f         f0040000  lui      x15, -0xffc0
#1903 0 80000304 0647a783 r 0f         00000005  lw       x15, 0x64(x15)
#1904 0 80000308 fec42703 r 0e         00000000  lw       x14, -0x14(x8)
#1905 0 8000030c fcf741e3 r 00         00000000  blt      x14, x15, . - 0x3e
#1906 0 800002ce fec42783 r 0f         00000000  lw       x15, -0x14(x8)
#1907 0 800002d2     078a r 0f         00000000  c.slli   x15, 2
#1908 0 800002d4 fdc42703 r 0e         f00410ac  lw       x14, -0x24(x8)
#1909 0 800002d8     97ba r 0f         f00410ac  c.add    x15, x14
#1910 0 800002da     439c r 0f         00000001  c.lw     x15, 0x0(x15)
#1911 0 800002dc fd442703 r 0e         00000001  lw       x14, -0x2c(x8)
#1912 0 800002e0 00f71b63 r 00         00000000  bne      x14, x15, . + 0x16
#1913 0 800002e4 fec42783 r 0f         00000000  lw       x15, -0x14(x8)
#1914 0 800002e8     078a r 0f         00000000  c.slli   x15, 2
#1915 0 800002ea fdc42703 r 0e         f00410ac  lw       x14, -0x24(x8)
#1916 0 800002ee     97ba r 0f         f00410ac  c.add    x15, x14
#1917 0 800002f0 fd842703 r 0e         00000003  lw       x14, -0x28(x8)
#1918 0 800002f4     c398 m f00410ac   00000003  c.sw     x14, 0x0(x15)
#1919 0 800002f6 fec42783 r 0f         00000000  lw       x15, -0x14(x8)
#1920 0 800002fa     0785 r 0f         00000001  c.addi   x15, 0x1
#1921 0 800002fc fef42623 m f004108c   00000001  sw       x15, -0x14(x8)
#1922 0 80000300 f00407b7 r 0f         f0040000  lui      x15, -0xffc0
#1923 0 80000304 0647a783 r 0f         00000005  lw       x15, 0x64(x15)
#1924 0 80000308 fec42703 r 0e         00000001  lw       x14, -0x14(x8)
#1925 0 8000030c fcf741e3 r 00         00000000  blt      x14, x15, . - 0x3e
#1926 0 800002ce fec42783 r 0f         00000001  lw       x15, -0x14(x8)
#1927 0 800002d2     078a r 0f         00000004  c.slli   x15, 2
#1928 0 800002d4 fdc42703 r 0e         f00410ac  lw       x14, -0x24(x8)
#1929 0 800002d8     97ba r 0f         f00410b0  c.add    x15, x14
#1930 0 800002da     439c r 0f         00000001  c.lw     x15, 0x0(x15)
#1931 0 800002dc fd442703 r 0e         00000001  lw       x14, -0x2c(x8)
#1932 0 800002e0 00f71b63 r 00         00000000  bne      x14, x15, . + 0x16
#1933 0 800002e4 fec42783 r 0f         00000001  lw       x15, -0x14(x8)
#1934 0 800002e8     078a r 0f         00000004  c.slli   x15, 2
#1935 0 800002ea fdc42703 r 0e         f00410ac  lw       x14, -0x24(x8)
#1936 0 800002ee     97ba r 0f         f00410b0  c.add    x15, x14
#1937 0 800002f0 fd842703 r 0e         00000003  lw       x14, -0x28(x8)
#1938 0 800002f4     c398 m f00410b0   00000003  c.sw     x14, 0x0(x15)
#1939 0 800002f6 fec42783 r 0f         00000001  lw       x15, -0x14(x8)
#1940 0 800002fa     0785 r 0f         00000002  c.addi   x15, 0x1
#1941 0 800002fc fef42623 m f004108c   00000002  sw       x15, -0x14(x8)
#1942 0 80000300 f00407b7 r 0f         f0040000  lui      x15, -0xffc0
#1943 0 80000304 0647a783 r 0f         00000005  lw       x15, 0x64(x15)
#1944 0 80000308 fec42703 r 0e         00000002  lw       x14, -0x14(x8)
#1945 0 8000030c fcf741e3 r 00         00000000  blt      x14, x15, . - 0x3e
#1946 0 800002ce fec42783 r 0f         00000002  lw       x15, -0x14(x8)
#1947 0 800002d2     078a r 0f         00000008  c.slli   x15, 2
#1948 0 800002d4 fdc42703 r 0e         f00410ac  lw       x14, -0x24(x8)
#1949 0 800002d8     97ba r 0f         f00410b4  c.add    x15, x14
#1950 0 800002da     439c r 0f         00000003  c.lw     x15, 0x0(x15)
#1951 0 800002dc fd442703 r 0e         00000001  lw       x14, -0x2c(x8)
#1952 0 800002e0 00f71b63 r 00         00000000  bne      x14, x15, . + 0x16
#1953 0 800002f6 fec42783 r 0f         00000002  lw       x15, -0x14(x8)
#1954 0 800002fa     0785 r 0f         00000003  c.addi   x15, 0x1
#1955 0 800002fc fef42623 m f004108c   00000003  sw       x15, -0x14(x8)
#1956 0 80000300 f00407b7 r 0f         f0040000  lui      x15, -0xffc0
#1957 0 80000304 0647a783 r 0f         00000005  lw       x15, 0x64(x15)
#1958 0 80000308 fec42703 r 0e         00000003  lw       x14, -0x14(x8)
#1959 0 8000030c fcf741e3 r 00         00000000  blt      x14, x15, . - 0x3e
#1960 0 800002ce fec42783 r 0f         00000003  lw       x15, -0x14(x8)
#1961 0 800002d2     078a r 0f         0000000c  c.slli   x15, 2
#1962 0 800002d4 fdc42703 r 0e         f00410ac  lw       x14, -0x24(x8)
#1963 0 800002d8     97ba r 0f         f00410b8  c.add    x15, x14
#1964 0 800002da     439c r 0f         00000003  c.lw     x15, 0x0(x15)
#1965 0 800002dc fd442703 r 0e         00000001  lw       x14, -0x2c(x8)
#1966 0 800002e0 00f71b63 r 00         00000000  bne      x14, x15, . + 0x16
#1967 0 800002f6 fec42783 r 0f         00000003  lw       x15, -0x14(x8)
#1968 0 800002fa     0785 r 0f         00000004  c.addi   x15, 0x1
#1969 0 800002fc fef42623 m f004108c   00000004  sw       x15, -0x14(x8)
#1970 0 80000300 f00407b7 r 0f         f0040000  lui      x15, -0xffc0
#1971 0 80000304 0647a783 r 0f         00000005  lw       x15, 0x64(x15)
#1972 0 80000308 fec42703 r 0e         00000004  lw       x14, -0x14(x8)
#1973 0 8000030c fcf741e3 r 00         00000000  blt      x14, x15, . - 0x3e
#1974 0 800002ce fec42783 r 0f         00000004  lw       x15, -0x14(x8)
#1975 0 800002d2     078a r 0f         00000010  c.slli   x15, 2
#1976 0 800002d4 fdc42703 r 0e         f00410ac  lw       x14, -0x24(x8)
#1977 0 800002d8     97ba r 0f         f00410bc  c.add    x15, x14
#1978 0 800002da     439c r 0f         00000004  c.lw     x15, 0x0(x15)
#1979 0 800002dc fd442703 r 0e         00000001  lw       x14, -0x2c(x8)
#1980 0 800002e0 00f71b63 r 00         00000000  bne      x14, x15, . + 0x16
#1981 0 800002f6 fec42783 r 0f         00000004  lw       x15, -0x14(x8)
#1982 0 800002fa     0785 r 0f         00000005  c.addi   x15, 0x1
#1983 0 800002fc fef42623 m f004108c   00000005  sw       x15, -0x14(x8)
#1984 0 80000300 f00407b7 r 0f         f0040000  lui      x15, -0xffc0
#1985 0 80000304 0647a783 r 0f         00000005  lw       x15, 0x64(x15)
#1986 0 80000308 fec42703 r 0e         00000005  lw       x14, -0x14(x8)
#1987 0 8000030c fcf741e3 r 00         00000000  blt      x14, x15, . - 0x3e
#1988 0 80000310     0001 r 00         00000000  c.nop
#1989 0 80000312     0001 r 00         00000000  c.nop
#1990 0 80000314     5432 r 08         f00410e0  c.lwsp   x8, 0x2c
#1991 0 80000316     6145 r 02         f00410a0  c.addi16sp 0x3
#1992 0 80000318     8082 r 00         00000000  c.jr     x1
#1993 0 8000026a fec42783 r 0f         00000002  lw       x15, -0x14(x8)
#1994 0 8000026e     0785 r 0f         00000003  c.addi   x15, 0x1
#1995 0 80000270 fef42623 m f00410cc   00000003  sw       x15, -0x14(x8)
#1996 0 80000274 f00407b7 r 0f         f0040000  lui      x15, -0xffc0
#1997 0 80000278 06878793 r 0f         f0040068  addi     x15, x15, 0x68
#1998 0 8000027c     5fdc r 0f         00000005  c.lw     x15, 0x3c(x15)
#1999 0 8000027e fec42703 r 0e         00000003  lw       x14, -0x14(x8)
#2000 0 80000282 f2f744e3 r 00         00000000  blt      x14, x15, . - 0xd8
#2001 0 800001aa f00407b7 r 0f         f0040000  lui      x15, -0xffc0
#2002 0 800001ae 06878693 r 0d         f0040068  addi     x13, x15, 0x68
#2003 0 800001b2 fec42703 r 0e         00000003  lw       x14, -0x14(x8)
#2004 0 800001b6     87ba r 0f         00000003  c.mv     x15, x14
#2005 0 800001b8     0786 r 0f         00000006  c.slli   x15, 1
#2006 0 800001ba     97ba r 0f         00000009  c.add    x15, x14
#2007 0 800001bc     078a r 0f         00000024  c.slli   x15, 2
#2008 0 800001be     97b6 r 0f         f004008c  c.add    x15, x13
#2009 0 800001c0     4398 r 0e         00000002  c.lw     x14, 0x0(x15)
#2010 0 800001c2 fcc40793 r 0f         f00410ac  addi     x15, x8, -0x34
#2011 0 800001c6     85ba r 0b         00000002  c.mv     x11, x14
#2012 0 800001c8     853e r 0a         f00410ac  c.mv     x10, x15
#2013 0 800001ca     20e1 r 01         800001cc  c.jal    . + 0xc8
#2014 0 80000292     1101 r 02         f0041080  c.addi   x2, -0x20
#2015 0 80000294     ce22 m f004109c   f00410e0  c.swsp   x8, 0x1c
#2016 0 80000296     1000 r 08         f00410a0  c.addi4spn  x8, 0x8
#2017 0 80000298 fea42623 m f004108c   f00410ac  sw       x10, -0x14(x8)
#2018 0 8000029c feb42423 m f0041088   00000002  sw       x11, -0x18(x8)
#2019 0 800002a0 fe842783 r 0f         00000002  lw       x15, -0x18(x8)
#2020 0 800002a4     078a r 0f         00000008  c.slli   x15, 2
#2021 0 800002a6 fec42703 r 0e         f00410ac  lw       x14, -0x14(x8)
#2022 0 800002aa     97ba r 0f         f00410b4  c.add    x15, x14
#2023 0 800002ac     439c r 0f         00000003  c.lw     x15, 0x0(x15)
#2024 0 800002ae     853e r 0a         00000003  c.mv     x10, x15
#2025 0 800002b0     4472 r 08         f00410e0  c.lwsp   x8, 0x1c
#2026 0 800002b2     6105 r 02         f00410a0  c.addi16sp 0x2
#2027 0 800002b4     8082 r 00         00000000  c.jr     x1
#2028 0 800001cc fea42223 m f00410c4   00000003  sw       x10, -0x1c(x8)
#2029 0 800001d0 f00407b7 r 0f         f0040000  lui      x15, -0xffc0
#2030 0 800001d4 06878693 r 0d         f0040068  addi     x13, x15, 0x68
#2031 0 800001d8 fec42703 r 0e         00000003  lw       x14, -0x14(x8)
#2032 0 800001dc     87ba r 0f         00000003  c.mv     x15, x14
#2033 0 800001de     0786 r 0f         00000006  c.slli   x15, 1
#2034 0 800001e0     97ba r 0f         00000009  c.add    x15, x14
#2035 0 800001e2     078a r 0f         00000024  c.slli   x15, 2
#2036 0 800001e4     97b6 r 0f         f004008c  c.add    x15, x13
#2037 0 800001e6     43d8 r 0e         00000001  c.lw     x14, 0x4(x15)
#2038 0 800001e8 fcc40793 r 0f         f00410ac  addi     x15, x8, -0x34
#2039 0 800001ec     85ba r 0b         00000001  c.mv     x11, x14
#2040 0 800001ee     853e r 0a         f00410ac  c.mv     x10, x15
#2041 0 800001f0     204d r 01         800001f2  c.jal    . + 0xa2
#2042 0 80000292     1101 r 02         f0041080  c.addi   x2, -0x20
#2043 0 80000294     ce22 m f004109c   f00410e0  c.swsp   x8, 0x1c
#2044 0 80000296     1000 r 08         f00410a0  c.addi4spn  x8, 0x8
#2045 0 80000298 fea42623 m f004108c   f00410ac  sw       x10, -0x14(x8)
#2046 0 8000029c feb42423 m f0041088   00000001  sw       x11, -0x18(x8)
#2047 0 800002a0 fe842783 r 0f         00000001  lw       x15, -0x18(x8)
#2048 0 800002a4     078a r 0f         00000004  c.slli   x15, 2
#2049 0 800002a6 fec42703 r 0e         f00410ac  lw       x14, -0x14(x8)
#2050 0 800002aa     97ba r 0f         f00410b0  c.add    x15, x14
#2051 0 800002ac     439c r 0f         00000003  c.lw     x15, 0x0(x15)
#2052 0 800002ae     853e r 0a         00000003  c.mv     x10, x15
#2053 0 800002b0     4472 r 08         f00410e0  c.lwsp   x8, 0x1c
#2054 0 800002b2     6105 r 02         f00410a0  c.addi16sp 0x2
#2055 0 800002b4     8082 r 00         00000000  c.jr     x1
#2056 0 800001f2 fea42023 m f00410c0   00000003  sw       x10, -0x20(x8)
#2057 0 800001f6 fe442703 r 0e         00000003  lw       x14, -0x1c(x8)
#2058 0 800001fa fe042783 r 0f         00000003  lw       x15, -0x20(x8)
#2059 0 800001fe 06f70663 r 00         00000000  beq      x14, x15, . + 0x6c
#2060 0 8000026a fec42783 r 0f         00000003  lw       x15, -0x14(x8)
#2061 0 8000026e     0785 r 0f         00000004  c.addi   x15, 0x1
#2062 0 80000270 fef42623 m f00410cc   00000004  sw       x15, -0x14(x8)
#2063 0 80000274 f00407b7 r 0f         f0040000  lui      x15, -0xffc0
#2064 0 80000278 06878793 r 0f         f0040068  addi     x15, x15, 0x68
#2065 0 8000027c     5fdc r 0f         00000005  c.lw     x15, 0x3c(x15)
#2066 0 8000027e fec42703 r 0e         00000004  lw       x14, -0x14(x8)
#2067 0 80000282 f2f744e3 r 00         00000000  blt      x14, x15, . - 0xd8
#2068 0 800001aa f00407b7 r 0f         f0040000  lui      x15, -0xffc0
#2069 0 800001ae 06878693 r 0d         f0040068  addi     x13, x15, 0x68
#2070 0 800001b2 fec42703 r 0e         00000004  lw       x14, -0x14(x8)
#2071 0 800001b6     87ba r 0f         00000004  c.mv     x15, x14
#2072 0 800001b8     0786 r 0f         00000008  c.slli   x15, 1
#2073 0 800001ba     97ba r 0f         0000000c  c.add    x15, x14
#2074 0 800001bc     078a r 0f         00000030  c.slli   x15, 2
#2075 0 800001be     97b6 r 0f         f0040098  c.add    x15, x13
#2076 0 800001c0     4398 r 0e         00000004  c.lw     x14, 0x0(x15)
#2077 0 800001c2 fcc40793 r 0f         f00410ac  addi     x15, x8, -0x34
#2078 0 800001c6     85ba r 0b         00000004  c.mv     x11, x14
#2079 0 800001c8     853e r 0a         f00410ac  c.mv     x10, x15
#2080 0 800001ca     20e1 r 01         800001cc  c.jal    . + 0xc8
#2081 0 80000292     1101 r 02         f0041080  c.addi   x2, -0x20
#2082 0 80000294     ce22 m f004109c   f00410e0  c.swsp   x8, 0x1c
#2083 0 80000296     1000 r 08         f00410a0  c.addi4spn  x8, 0x8
#2084 0 80000298 fea42623 m f004108c   f00410ac  sw       x10, -0x14(x8)
#2085 0 8000029c feb42423 m f0041088   00000004  sw       x11, -0x18(x8)
#2086 0 800002a0 fe842783 r 0f         00000004  lw       x15, -0x18(x8)
#2087 0 800002a4     078a r 0f         00000010  c.slli   x15, 2
#2088 0 800002a6 fec42703 r 0e         f00410ac  lw       x14, -0x14(x8)
#2089 0 800002aa     97ba r 0f         f00410bc  c.add    x15, x14
#2090 0 800002ac     439c r 0f         00000004  c.lw     x15, 0x0(x15)
#2091 0 800002ae     853e r 0a         00000004  c.mv     x10, x15
#2092 0 800002b0     4472 r 08         f00410e0  c.lwsp   x8, 0x1c
#2093 0 800002b2     6105 r 02         f00410a0  c.addi16sp 0x2
#2094 0 800002b4     8082 r 00         00000000  c.jr     x1
#2095 0 800001cc fea42223 m f00410c4   00000004  sw       x10, -0x1c(x8)
#2096 0 800001d0 f00407b7 r 0f         f0040000  lui      x15, -0xffc0
#2097 0 800001d4 06878693 r 0d         f0040068  addi     x13, x15, 0x68
#2098 0 800001d8 fec42703 r 0e         00000004  lw       x14, -0x14(x8)
#2099 0 800001dc     87ba r 0f         00000004  c.mv     x15, x14
#2100 0 800001de     0786 r 0f         00000008  c.slli   x15, 1
#2101 0 800001e0     97ba r 0f         0000000c  c.add    x15, x14
#2102 0 800001e2     078a r 0f         00000030  c.slli   x15, 2
#2103 0 800001e4     97b6 r 0f         f0040098  c.add    x15, x13
#2104 0 800001e6     43d8 r 0e         00000003  c.lw     x14, 0x4(x15)
#2105 0 800001e8 fcc40793 r 0f         f00410ac  addi     x15, x8, -0x34
#2106 0 800001ec     85ba r 0b         00000003  c.mv     x11, x14
#2107 0 800001ee     853e r 0a         f00410ac  c.mv     x10, x15
#2108 0 800001f0     204d r 01         800001f2  c.jal    . + 0xa2
#2109 0 80000292     1101 r 02         f0041080  c.addi   x2, -0x20
#2110 0 80000294     ce22 m f004109c   f00410e0  c.swsp   x8, 0x1c
#2111 0 80000296     1000 r 08         f00410a0  c.addi4spn  x8, 0x8
#2112 0 80000298 fea42623 m f004108c   f00410ac  sw       x10, -0x14(x8)
#2113 0 8000029c feb42423 m f0041088   00000003  sw       x11, -0x18(x8)
#2114 0 800002a0 fe842783 r 0f         00000003  lw       x15, -0x18(x8)
#2115 0 800002a4     078a r 0f         0000000c  c.slli   x15, 2
#2116 0 800002a6 fec42703 r 0e         f00410ac  lw       x14, -0x14(x8)
#2117 0 800002aa     97ba r 0f         f00410b8  c.add    x15, x14
#2118 0 800002ac     439c r 0f         00000003  c.lw     x15, 0x0(x15)
#2119 0 800002ae     853e r 0a         00000003  c.mv     x10, x15
#2120 0 800002b0     4472 r 08         f00410e0  c.lwsp   x8, 0x1c
#2121 0 800002b2     6105 r 02         f00410a0  c.addi16sp 0x2
#2122 0 800002b4     8082 r 00         00000000  c.jr     x1
#2123 0 800001f2 fea42023 m f00410c0   00000003  sw       x10, -0x20(x8)
#2124 0 800001f6 fe442703 r 0e         00000004  lw       x14, -0x1c(x8)
#2125 0 800001fa fe042783 r 0f         00000003  lw       x15, -0x20(x8)
#2126 0 800001fe 06f70663 r 00         00000000  beq      x14, x15, . + 0x6c
#2127 0 80000202 f00407b7 r 0f         f0040000  lui      x15, -0xffc0
#2128 0 80000206 0a878793 r 0f         f00400a8  addi     x15, x15, 0xa8
#2129 0 8000020a     5fd8 r 0e         00000003  c.lw     x14, 0x3c(x15)
#2130 0 8000020c f00407b7 r 0f         f0040000  lui      x15, -0xffc0
#2131 0 80000210 0a878693 r 0d         f00400a8  addi     x13, x15, 0xa8
#2132 0 80000214     87ba r 0f         00000003  c.mv     x15, x14
#2133 0 80000216     0786 r 0f         00000006  c.slli   x15, 1
#2134 0 80000218     97ba r 0f         00000009  c.add    x15, x14
#2135 0 8000021a     078a r 0f         00000024  c.slli   x15, 2
#2136 0 8000021c 00f68733 r 0e         f00400cc  add      x14, x13, x15
#2137 0 80000220 f00407b7 r 0f         f0040000  lui      x15, -0xffc0
#2138 0 80000224 06878613 r 0c         f0040068  addi     x12, x15, 0x68
#2139 0 80000228 fec42683 r 0d         00000004  lw       x13, -0x14(x8)
#2140 0 8000022c     87b6 r 0f         00000004  c.mv     x15, x13
#2141 0 8000022e     0786 r 0f         00000008  c.slli   x15, 1
#2142 0 80000230     97b6 r 0f         0000000c  c.add    x15, x13
#2143 0 80000232     078a r 0f         00000030  c.slli   x15, 2
#2144 0 80000234     97b2 r 0f         f0040098  c.add    x15, x12
#2145 0 80000236     4394 r 0d         00000004  c.lw     x13, 0x0(x15)
#2146 0 80000238     c314 m f00400cc   00000004  c.sw     x13, 0x0(x14)
#2147 0 8000023a     43d4 r 0d         00000003  c.lw     x13, 0x4(x15)
#2148 0 8000023c     c354 m f00400d0   00000003  c.sw     x13, 0x4(x14)
#2149 0 8000023e     479c r 0f         0000003c  c.lw     x15, 0x8(x15)
#2150 0 80000240     c71c m f00400d4   0000003c  c.sw     x15, 0x8(x14)
#2151 0 80000242 f00407b7 r 0f         f0040000  lui      x15, -0xffc0
#2152 0 80000246 0a878793 r 0f         f00400a8  addi     x15, x15, 0xa8
#2153 0 8000024a     5fdc r 0f         00000003  c.lw     x15, 0x3c(x15)
#2154 0 8000024c 00178713 r 0e         00000004  addi     x14, x15, 0x1
#2155 0 80000250 f00407b7 r 0f         f0040000  lui      x15, -0xffc0
#2156 0 80000254 0a878793 r 0f         f00400a8  addi     x15, x15, 0xa8
#2157 0 80000258     dfd8 m f00400e4   00000004  c.sw     x14, 0x3c(x15)
#2158 0 8000025a fcc40793 r 0f         f00410ac  addi     x15, x8, -0x34
#2159 0 8000025e fe042603 r 0c         00000003  lw       x12, -0x20(x8)
#2160 0 80000262 fe442583 r 0b         00000004  lw       x11, -0x1c(x8)
#2161 0 80000266     853e r 0a         f00410ac  c.mv     x10, x15
#2162 0 80000268     20b9 r 01         8000026a  c.jal    . + 0x4e
#2163 0 800002b6     7179 r 02         f0041070  c.addi16sp -0x3
#2164 0 800002b8     d622 m f004109c   f00410e0  c.swsp   x8, 0x2c
#2165 0 800002ba     1800 r 08         f00410a0  c.addi4spn  x8, 0xc
#2166 0 800002bc fca42e23 m f004107c   f00410ac  sw       x10, -0x24(x8)
#2167 0 800002c0 fcb42c23 m f0041078   00000004  sw       x11, -0x28(x8)
#2168 0 800002c4 fcc42a23 m f0041074   00000003  sw       x12, -0x2c(x8)
#2169 0 800002c8 fe042623 m f004108c   00000000  sw       x0, -0x14(x8)
#2170 0 800002cc     a815 r 00         00000000  c.j      . + 0x34
#2171 0 80000300 f00407b7 r 0f         f0040000  lui      x15, -0xffc0
#2172 0 80000304 0647a783 r 0f         00000005  lw       x15, 0x64(x15)
#2173 0 80000308 fec42703 r 0e         00000000  lw       x14, -0x14(x8)
#2174 0 8000030c fcf741e3 r 00         00000000  blt      x14, x15, . - 0x3e
#2175 0 800002ce fec42783 r 0f         00000000  lw       x15, -0x14(x8)
#2176 0 800002d2     078a r 0f         00000000  c.slli   x15, 2
#2177 0 800002d4 fdc42703 r 0e         f00410ac  lw       x14, -0x24(x8)
#2178 0 800002d8     97ba r 0f         f00410ac  c.add    x15, x14
#2179 0 800002da     439c r 0f         00000003  c.lw     x15, 0x0(x15)
#2180 0 800002dc fd442703 r 0e         00000003  lw       x14, -0x2c(x8)
#2181 0 800002e0 00f71b63 r 00         00000000  bne      x14, x15, . + 0x16
#2182 0 800002e4 fec42783 r 0f         00000000  lw       x15, -0x14(x8)
#2183 0 800002e8     078a r 0f         00000000  c.slli   x15, 2
#2184 0 800002ea fdc42703 r 0e         f00410ac  lw       x14, -0x24(x8)
#2185 0 800002ee     97ba r 0f         f00410ac  c.add    x15, x14
#2186 0 800002f0 fd842703 r 0e         00000004  lw       x14, -0x28(x8)
#2187 0 800002f4     c398 m f00410ac   00000004  c.sw     x14, 0x0(x15)
#2188 0 800002f6 fec42783 r 0f         00000000  lw       x15, -0x14(x8)
#2189 0 800002fa     0785 r 0f         00000001  c.addi   x15, 0x1
#2190 0 800002fc fef42623 m f004108c   00000001  sw       x15, -0x14(x8)
#2191 0 80000300 f00407b7 r 0f         f0040000  lui      x15, -0xffc0
#2192 0 80000304 0647a783 r 0f         00000005  lw       x15, 0x64(x15)
#2193 0 80000308 fec42703 r 0e         00000001  lw       x14, -0x14(x8)
#2194 0 8000030c fcf741e3 r 00         00000000  blt      x14, x15, . - 0x3e
#2195 0 800002ce fec42783 r 0f         00000001  lw       x15, -0x14(x8)
#2196 0 800002d2     078a r 0f         00000004  c.slli   x15, 2
#2197 0 800002d4 fdc42703 r 0e         f00410ac  lw       x14, -0x24(x8)
#2198 0 800002d8     97ba r 0f         f00410b0  c.add    x15, x14
#2199 0 800002da     439c r 0f         00000003  c.lw     x15, 0x0(x15)
#2200 0 800002dc fd442703 r 0e         00000003  lw       x14, -0x2c(x8)
#2201 0 800002e0 00f71b63 r 00         00000000  bne      x14, x15, . + 0x16
#2202 0 800002e4 fec42783 r 0f         00000001  lw       x15, -0x14(x8)
#2203 0 800002e8     078a r 0f         00000004  c.slli   x15, 2
#2204 0 800002ea fdc42703 r 0e         f00410ac  lw       x14, -0x24(x8)
#2205 0 800002ee     97ba r 0f         f00410b0  c.add    x15, x14
#2206 0 800002f0 fd842703 r 0e         00000004  lw       x14, -0x28(x8)
#2207 0 800002f4     c398 m f00410b0   00000004  c.sw     x14, 0x0(x15)
#2208 0 800002f6 fec42783 r 0f         00000001  lw       x15, -0x14(x8)
#2209 0 800002fa     0785 r 0f         00000002  c.addi   x15, 0x1
#2210 0 800002fc fef42623 m f004108c   00000002  sw       x15, -0x14(x8)
#2211 0 80000300 f00407b7 r 0f         f0040000  lui      x15, -0xffc0
#2212 0 80000304 0647a783 r 0f         00000005  lw       x15, 0x64(x15)
#2213 0 80000308 fec42703 r 0e         00000002  lw       x14, -0x14(x8)
#2214 0 8000030c fcf741e3 r 00         00000000  blt      x14, x15, . - 0x3e
#2215 0 800002ce fec42783 r 0f         00000002  lw       x15, -0x14(x8)
#2216 0 800002d2     078a r 0f         00000008  c.slli   x15, 2
#2217 0 800002d4 fdc42703 r 0e         f00410ac  lw       x14, -0x24(x8)
#2218 0 800002d8     97ba r 0f         f00410b4  c.add    x15, x14
#2219 0 800002da     439c r 0f         00000003  c.lw     x15, 0x0(x15)
#2220 0 800002dc fd442703 r 0e         00000003  lw       x14, -0x2c(x8)
#2221 0 800002e0 00f71b63 r 00         00000000  bne      x14, x15, . + 0x16
#2222 0 800002e4 fec42783 r 0f         00000002  lw       x15, -0x14(x8)
#2223 0 800002e8     078a r 0f         00000008  c.slli   x15, 2
#2224 0 800002ea fdc42703 r 0e         f00410ac  lw       x14, -0x24(x8)
#2225 0 800002ee     97ba r 0f         f00410b4  c.add    x15, x14
#2226 0 800002f0 fd842703 r 0e         00000004  lw       x14, -0x28(x8)
#2227 0 800002f4     c398 m f00410b4   00000004  c.sw     x14, 0x0(x15)
#2228 0 800002f6 fec42783 r 0f         00000002  lw       x15, -0x14(x8)
#2229 0 800002fa     0785 r 0f         00000003  c.addi   x15, 0x1
#2230 0 800002fc fef42623 m f004108c   00000003  sw       x15, -0x14(x8)
#2231 0 80000300 f00407b7 r 0f         f0040000  lui      x15, -0xffc0
#2232 0 80000304 0647a783 r 0f         00000005  lw       x15, 0x64(x15)
#2233 0 80000308 fec42703 r 0e         00000003  lw       x14, -0x14(x8)
#2234 0 8000030c fcf741e3 r 00         00000000  blt      x14, x15, . - 0x3e
#2235 0 800002ce fec42783 r 0f         00000003  lw       x15, -0x14(x8)
#2236 0 800002d2     078a r 0f         0000000c  c.slli   x15, 2
#2237 0 800002d4 fdc42703 r 0e         f00410ac  lw       x14, -0x24(x8)
#2238 0 800002d8     97ba r 0f         f00410b8  c.add    x15, x14
#2239 0 800002da     439c r 0f         00000003  c.lw     x15, 0x0(x15)
#2240 0 800002dc fd442703 r 0e         00000003  lw       x14, -0x2c(x8)
#2241 0 800002e0 00f71b63 r 00         00000000  bne      x14, x15, . + 0x16
#2242 0 800002e4 fec42783 r 0f         00000003  lw       x15, -0x14(x8)
#2243 0 800002e8     078a r 0f         0000000c  c.slli   x15, 2
#2244 0 800002ea fdc42703 r 0e         f00410ac  lw       x14, -0x24(x8)
#2245 0 800002ee     97ba r 0f         f00410b8  c.add    x15, x14
#2246 0 800002f0 fd842703 r 0e         00000004  lw       x14, -0x28(x8)
#2247 0 800002f4     c398 m f00410b8   00000004  c.sw     x14, 0x0(x15)
#2248 0 800002f6 fec42783 r 0f         00000003  lw       x15, -0x14(x8)
#2249 0 800002fa     0785 r 0f         00000004  c.addi   x15, 0x1
#2250 0 800002fc fef42623 m f004108c   00000004  sw       x15, -0x14(x8)
#2251 0 80000300 f00407b7 r 0f         f0040000  lui      x15, -0xffc0
#2252 0 80000304 0647a783 r 0f         00000005  lw       x15, 0x64(x15)
#2253 0 80000308 fec42703 r 0e         00000004  lw       x14, -0x14(x8)
#2254 0 8000030c fcf741e3 r 00         00000000  blt      x14, x15, . - 0x3e
#2255 0 800002ce fec42783 r 0f         00000004  lw       x15, -0x14(x8)
#2256 0 800002d2     078a r 0f         00000010  c.slli   x15, 2
#2257 0 800002d4 fdc42703 r 0e         f00410ac  lw       x14, -0x24(x8)
#2258 0 800002d8     97ba r 0f         f00410bc  c.add    x15, x14
#2259 0 800002da     439c r 0f         00000004  c.lw     x15, 0x0(x15)
#2260 0 800002dc fd442703 r 0e         00000003  lw       x14, -0x2c(x8)
#2261 0 800002e0 00f71b63 r 00         00000000  bne      x14, x15, . + 0x16
#2262 0 800002f6 fec42783 r 0f         00000004  lw       x15, -0x14(x8)
#2263 0 800002fa     0785 r 0f         00000005  c.addi   x15, 0x1
#2264 0 800002fc fef42623 m f004108c   00000005  sw       x15, -0x14(x8)
#2265 0 80000300 f00407b7 r 0f         f0040000  lui      x15, -0xffc0
#2266 0 80000304 0647a783 r 0f         00000005  lw       x15, 0x64(x15)
#2267 0 80000308 fec42703 r 0e         00000005  lw       x14, -0x14(x8)
#2268 0 8000030c fcf741e3 r 00         00000000  blt      x14, x15, . - 0x3e
#2269 0 80000310     0001 r 00         00000000  c.nop
#2270 0 80000312     0001 r 00         00000000  c.nop
#2271 0 80000314     5432 r 08         f00410e0  c.lwsp   x8, 0x2c
#2272 0 80000316     6145 r 02         f00410a0  c.addi16sp 0x3
#2273 0 80000318     8082 r 00         00000000  c.jr     x1
#2274 0 8000026a fec42783 r 0f         00000004  lw       x15, -0x14(x8)
#2275 0 8000026e     0785 r 0f         00000005  c.addi   x15, 0x1
#2276 0 80000270 fef42623 m f00410cc   00000005  sw       x15, -0x14(x8)
#2277 0 80000274 f00407b7 r 0f         f0040000  lui      x15, -0xffc0
#2278 0 80000278 06878793 r 0f         f0040068  addi     x15, x15, 0x68
#2279 0 8000027c     5fdc r 0f         00000005  c.lw     x15, 0x3c(x15)
#2280 0 8000027e fec42703 r 0e         00000005  lw       x14, -0x14(x8)
#2281 0 80000282 f2f744e3 r 00         00000000  blt      x14, x15, . - 0xd8
#2282 0 80000286     0001 r 00         00000000  c.nop
#2283 0 80000288     0001 r 00         00000000  c.nop
#2284 0 8000028a     50f2 r 01         80000050  c.lwsp   x1, 0x3c
#2285 0 8000028c     5462 r 08         f00410f0  c.lwsp   x8, 0x38
#2286 0 8000028e     6121 r 02         f00410e0  c.addi16sp 0x4
#2287 0 80000290     8082 r 00         00000000  c.jr     x1
#2288 0 80000050     0001 r 00         00000000  c.nop
#2289 0 80000052     40b2 r 01         80000018  c.lwsp   x1, 0xc
#2290 0 80000054     4422 r 08         00000000  c.lwsp   x8, 0x8
#2291 0 80000056     0141 r 02         f00410f0  c.addi   x2, 0x10
#2292 0 80000058     8082 r 00         00000000  c.jr     x1
#2293 0 80000018 50580297 r 05         d0580018  auipc    x5, 0x50580
#2294 0 8000001c fe828293 r 05         d0580000  addi     x5, x5, -0x18
#2295 0 80000020 0ff00313 r 06         000000ff  addi     x6, x0, 0xff
#2296 0 80000024 00628023 m d0580000   000000ff  sb       x6, 0x0(x5)
