#1 0 80000000 595552b7 r 05         59555000  lui      x5, 0x59555
#2 0 80000004 55528293 r 05         59555555  addi     x5, x5, 0x555
#3 0 80000008 7c029073 c 07c0       59555555  csrrw    x0, mrac, x5
#4 0 8000000c 70041117 r 02         f004100c  auipc    x2, 0x70041
#5 0 80000010 ff410113 r 02         f0041000  addi     x2, x2, -0xc
#6 0 80000014     2805 r 01         80000016  c.jal    . + 0x30
#7 0 80000044     711d r 02         f0040fa0  c.addi16sp -0x6
#8 0 80000046     cea2 m f0040ffc   00000000  c.swsp   x8, 0x5c
#9 0 80000048     1080 r 08         f0041000  c.addi4spn  x8, 0x18
#10 0 8000004a     47b5 r 0f         0000000d  c.li     x15, 0xd
#11 0 8000004c fef42223 m f0040fe4   0000000d  sw       x15, -0x1c(x8)
#12 0 80000050 fa042423 m f0040fa8   00000000  sw       x0, -0x58(x8)
#13 0 80000054 fa042623 m f0040fac   00000000  sw       x0, -0x54(x8)
#14 0 80000058 fa042823 m f0040fb0   00000000  sw       x0, -0x50(x8)
#15 0 8000005c fa042a23 m f0040fb4   00000000  sw       x0, -0x4c(x8)
#16 0 80000060 fa042c23 m f0040fb8   00000000  sw       x0, -0x48(x8)
#17 0 80000064 fa042e23 m f0040fbc   00000000  sw       x0, -0x44(x8)
#18 0 80000068 fc042023 m f0040fc0   00000000  sw       x0, -0x40(x8)
#19 0 8000006c fc042223 m f0040fc4   00000000  sw       x0, -0x3c(x8)
#20 0 80000070 fc042423 m f0040fc8   00000000  sw       x0, -0x38(x8)
#21 0 80000074 fc042623 m f0040fcc   00000000  sw       x0, -0x34(x8)
#22 0 80000078 fc042823 m f0040fd0   00000000  sw       x0, -0x30(x8)
#23 0 8000007c fc042a23 m f0040fd4   00000000  sw       x0, -0x2c(x8)
#24 0 80000080 fc042c23 m f0040fd8   00000000  sw       x0, -0x28(x8)
#25 0 80000084 fc042e23 m f0040fdc   00000000  sw       x0, -0x24(x8)
#26 0 80000088 02d00793 r 0f         0000002d  addi     x15, x0, 0x2d
#27 0 8000008c faf42423 m f0040fa8   0000002d  sw       x15, -0x58(x8)
#28 0 80000090 04300793 r 0f         00000043  addi     x15, x0, 0x43
#29 0 80000094 faf42623 m f0040fac   00000043  sw       x15, -0x54(x8)
#30 0 80000098     47b1 r 0f         0000000c  c.li     x15, 0xc
#31 0 8000009a faf42823 m f0040fb0   0000000c  sw       x15, -0x50(x8)
#32 0 8000009e 05900793 r 0f         00000059  addi     x15, x0, 0x59
#33 0 800000a2 faf42a23 m f0040fb4   00000059  sw       x15, -0x4c(x8)
#34 0 800000a6 02c00793 r 0f         0000002c  addi     x15, x0, 0x2c
#35 0 800000aa faf42c23 m f0040fb8   0000002c  sw       x15, -0x48(x8)
#36 0 800000ae     47dd r 0f         00000017  c.li     x15, 0x17
#37 0 800000b0 faf42e23 m f0040fbc   00000017  sw       x15, -0x44(x8)
#38 0 800000b4 05800793 r 0f         00000058  addi     x15, x0, 0x58
#39 0 800000b8 fcf42023 m f0040fc0   00000058  sw       x15, -0x40(x8)
#40 0 800000bc     47ad r 0f         0000000b  c.li     x15, 0xb
#41 0 800000be fcf42223 m f0040fc4   0000000b  sw       x15, -0x3c(x8)
#42 0 800000c2 05a00793 r 0f         0000005a  addi     x15, x0, 0x5a
#43 0 800000c6 fcf42423 m f0040fc8   0000005a  sw       x15, -0x38(x8)
#44 0 800000ca 04800793 r 0f         00000048  addi     x15, x0, 0x48
#45 0 800000ce fcf42623 m f0040fcc   00000048  sw       x15, -0x34(x8)
#46 0 800000d2 04e00793 r 0f         0000004e  addi     x15, x0, 0x4e
#47 0 800000d6 fcf42823 m f0040fd0   0000004e  sw       x15, -0x30(x8)
#48 0 800000da 02200793 r 0f         00000022  addi     x15, x0, 0x22
#49 0 800000de fcf42a23 m f0040fd4   00000022  sw       x15, -0x2c(x8)
#50 0 800000e2 04200793 r 0f         00000042  addi     x15, x0, 0x42
#51 0 800000e6 fcf42c23 m f0040fd8   00000042  sw       x15, -0x28(x8)
#52 0 800000ea     4785 r 0f         00000001  c.li     x15, 0x1
#53 0 800000ec fef42623 m f0040fec   00000001  sw       x15, -0x14(x8)
#54 0 800000f0     a079 r 00         00000000  c.j      . + 0x8e
#55 0 8000017e fe442703 r 0e         0000000d  lw       x14, -0x1c(x8)
#56 0 80000182 fec42783 r 0f         00000001  lw       x15, -0x14(x8)
#57 0 80000186 f6e7c6e3 r 00         00000000  blt      x15, x14, . - 0x94
#58 0 800000f2 fec42783 r 0f         00000001  lw       x15, -0x14(x8)
#59 0 800000f6 fef42423 m f0040fe8   00000001  sw       x15, -0x18(x8)
#60 0 800000fa     a881 r 00         00000000  c.j      . + 0x50
#61 0 8000014a fe842783 r 0f         00000001  lw       x15, -0x18(x8)
#62 0 8000014e 02f05363 r 00         00000000  bge      x0, x15, . + 0x26
#63 0 80000152 fe842783 r 0f         00000001  lw       x15, -0x18(x8)
#64 0 80000156     17fd r 0f         00000000  c.addi   x15, -0x1
#65 0 80000158     078a r 0f         00000000  c.slli   x15, 2
#66 0 8000015a     17c1 r 0f         fffffff0  c.addi   x15, -0x10
#67 0 8000015c     97a2 r 0f         f0040ff0  c.add    x15, x8
#68 0 8000015e fb87a703 r 0e         0000002d  lw       x14, -0x48(x15)
#69 0 80000162 fe842783 r 0f         00000001  lw       x15, -0x18(x8)
#70 0 80000166     078a r 0f         00000004  c.slli   x15, 2
#71 0 80000168     17c1 r 0f         fffffff4  c.addi   x15, -0x10
#72 0 8000016a     97a2 r 0f         f0040ff4  c.add    x15, x8
#73 0 8000016c fb87a783 r 0f         00000043  lw       x15, -0x48(x15)
#74 0 80000170 f8e7c6e3 r 00         00000000  blt      x15, x14, . - 0x74
#75 0 80000174 fec42783 r 0f         00000001  lw       x15, -0x14(x8)
#76 0 80000178     0785 r 0f         00000002  c.addi   x15, 0x1
#77 0 8000017a fef42623 m f0040fec   00000002  sw       x15, -0x14(x8)
#78 0 8000017e fe442703 r 0e         0000000d  lw       x14, -0x1c(x8)
#79 0 80000182 fec42783 r 0f         00000002  lw       x15, -0x14(x8)
#80 0 80000186 f6e7c6e3 r 00         00000000  blt      x15, x14, . - 0x94
#81 0 800000f2 fec42783 r 0f         00000002  lw       x15, -0x14(x8)
#82 0 800000f6 fef42423 m f0040fe8   00000002  sw       x15, -0x18(x8)
#83 0 800000fa     a881 r 00         00000000  c.j      . + 0x50
#84 0 8000014a fe842783 r 0f         00000002  lw       x15, -0x18(x8)
#85 0 8000014e 02f05363 r 00         00000000  bge      x0, x15, . + 0x26
#86 0 80000152 fe842783 r 0f         00000002  lw       x15, -0x18(x8)
#87 0 80000156     17fd r 0f         00000001  c.addi   x15, -0x1
#88 0 80000158     078a r 0f         00000004  c.slli   x15, 2
#89 0 8000015a     17c1 r 0f         fffffff4  c.addi   x15, -0x10
#90 0 8000015c     97a2 r 0f         f0040ff4  c.add    x15, x8
#91 0 8000015e fb87a703 r 0e         00000043  lw       x14, -0x48(x15)
#92 0 80000162 fe842783 r 0f         00000002  lw       x15, -0x18(x8)
#93 0 80000166     078a r 0f         00000008  c.slli   x15, 2
#94 0 80000168     17c1 r 0f         fffffff8  c.addi   x15, -0x10
#95 0 8000016a     97a2 r 0f         f0040ff8  c.add    x15, x8
#96 0 8000016c fb87a783 r 0f         0000000c  lw       x15, -0x48(x15)
#97 0 80000170 f8e7c6e3 r 00         00000000  blt      x15, x14, . - 0x74
#98 0 800000fc fe842783 r 0f         00000002  lw       x15, -0x18(x8)
#99 0 80000100     078a r 0f         00000008  c.slli   x15, 2
#100 0 80000102     17c1 r 0f         fffffff8  c.addi   x15, -0x10
#101 0 80000104     97a2 r 0f         f0040ff8  c.add    x15, x8
#102 0 80000106 fb87a783 r 0f         0000000c  lw       x15, -0x48(x15)
#103 0 8000010a fef42023 m f0040fe0   0000000c  sw       x15, -0x20(x8)
#104 0 8000010e fe842783 r 0f         00000002  lw       x15, -0x18(x8)
#105 0 80000112     17fd r 0f         00000001  c.addi   x15, -0x1
#106 0 80000114     078a r 0f         00000004  c.slli   x15, 2
#107 0 80000116     17c1 r 0f         fffffff4  c.addi   x15, -0x10
#108 0 80000118     97a2 r 0f         f0040ff4  c.add    x15, x8
#109 0 8000011a fb87a703 r 0e         00000043  lw       x14, -0x48(x15)
#110 0 8000011e fe842783 r 0f         00000002  lw       x15, -0x18(x8)
#111 0 80000122     078a r 0f         00000008  c.slli   x15, 2
#112 0 80000124     17c1 r 0f         fffffff8  c.addi   x15, -0x10
#113 0 80000126     97a2 r 0f         f0040ff8  c.add    x15, x8
#114 0 80000128 fae7ac23 m f0040fb0   00000043  sw       x14, -0x48(x15)
#115 0 8000012c fe842783 r 0f         00000002  lw       x15, -0x18(x8)
#116 0 80000130     17fd r 0f         00000001  c.addi   x15, -0x1
#117 0 80000132     078a r 0f         00000004  c.slli   x15, 2
#118 0 80000134     17c1 r 0f         fffffff4  c.addi   x15, -0x10
#119 0 80000136     97a2 r 0f         f0040ff4  c.add    x15, x8
#120 0 80000138 fe042703 r 0e         0000000c  lw       x14, -0x20(x8)
#121 0 8000013c fae7ac23 m f0040fac   0000000c  sw       x14, -0x48(x15)
#122 0 80000140 fe842783 r 0f         00000002  lw       x15, -0x18(x8)
#123 0 80000144     17fd r 0f         00000001  c.addi   x15, -0x1
#124 0 80000146 fef42423 m f0040fe8   00000001  sw       x15, -0x18(x8)
#125 0 8000014a fe842783 r 0f         00000001  lw       x15, -0x18(x8)
#126 0 8000014e 02f05363 r 00         00000000  bge      x0, x15, . + 0x26
#127 0 80000152 fe842783 r 0f         00000001  lw       x15, -0x18(x8)
#128 0 80000156     17fd r 0f         00000000  c.addi   x15, -0x1
#129 0 80000158     078a r 0f         00000000  c.slli   x15, 2
#130 0 8000015a     17c1 r 0f         fffffff0  c.addi   x15, -0x10
#131 0 8000015c     97a2 r 0f         f0040ff0  c.add    x15, x8
#132 0 8000015e fb87a703 r 0e         0000002d  lw       x14, -0x48(x15)
#133 0 80000162 fe842783 r 0f         00000001  lw       x15, -0x18(x8)
#134 0 80000166     078a r 0f         00000004  c.slli   x15, 2
#135 0 80000168     17c1 r 0f         fffffff4  c.addi   x15, -0x10
#136 0 8000016a     97a2 r 0f         f0040ff4  c.add    x15, x8
#137 0 8000016c fb87a783 r 0f         0000000c  lw       x15, -0x48(x15)
#138 0 80000170 f8e7c6e3 r 00         00000000  blt      x15, x14, . - 0x74
#139 0 800000fc fe842783 r 0f         00000001  lw       x15, -0x18(x8)
#140 0 80000100     078a r 0f         00000004  c.slli   x15, 2
#141 0 80000102     17c1 r 0f         fffffff4  c.addi   x15, -0x10
#142 0 80000104     97a2 r 0f         f0040ff4  c.add    x15, x8
#143 0 80000106 fb87a783 r 0f         0000000c  lw       x15, -0x48(x15)
#144 0 8000010a fef42023 m f0040fe0   0000000c  sw       x15, -0x20(x8)
#145 0 8000010e fe842783 r 0f         00000001  lw       x15, -0x18(x8)
#146 0 80000112     17fd r 0f         00000000  c.addi   x15, -0x1
#147 0 80000114     078a r 0f         00000000  c.slli   x15, 2
#148 0 80000116     17c1 r 0f         fffffff0  c.addi   x15, -0x10
#149 0 80000118     97a2 r 0f         f0040ff0  c.add    x15, x8
#150 0 8000011a fb87a703 r 0e         0000002d  lw       x14, -0x48(x15)
#151 0 8000011e fe842783 r 0f         00000001  lw       x15, -0x18(x8)
#152 0 80000122     078a r 0f         00000004  c.slli   x15, 2
#153 0 80000124     17c1 r 0f         fffffff4  c.addi   x15, -0x10
#154 0 80000126     97a2 r 0f         f0040ff4  c.add    x15, x8
#155 0 80000128 fae7ac23 m f0040fac   0000002d  sw       x14, -0x48(x15)
#156 0 8000012c fe842783 r 0f         00000001  lw       x15, -0x18(x8)
#157 0 80000130     17fd r 0f         00000000  c.addi   x15, -0x1
#158 0 80000132     078a r 0f         00000000  c.slli   x15, 2
#159 0 80000134     17c1 r 0f         fffffff0  c.addi   x15, -0x10
#160 0 80000136     97a2 r 0f         f0040ff0  c.add    x15, x8
#161 0 80000138 fe042703 r 0e         0000000c  lw       x14, -0x20(x8)
#162 0 8000013c fae7ac23 m f0040fa8   0000000c  sw       x14, -0x48(x15)
#163 0 80000140 fe842783 r 0f         00000001  lw       x15, -0x18(x8)
#164 0 80000144     17fd r 0f         00000000  c.addi   x15, -0x1
#165 0 80000146 fef42423 m f0040fe8   00000000  sw       x15, -0x18(x8)
#166 0 8000014a fe842783 r 0f         00000000  lw       x15, -0x18(x8)
#167 0 8000014e 02f05363 r 00         00000000  bge      x0, x15, . + 0x26
#168 0 80000174 fec42783 r 0f         00000002  lw       x15, -0x14(x8)
#169 0 80000178     0785 r 0f         00000003  c.addi   x15, 0x1
#170 0 8000017a fef42623 m f0040fec   00000003  sw       x15, -0x14(x8)
#171 0 8000017e fe442703 r 0e         0000000d  lw       x14, -0x1c(x8)
#172 0 80000182 fec42783 r 0f         00000003  lw       x15, -0x14(x8)
#173 0 80000186 f6e7c6e3 r 00         00000000  blt      x15, x14, . - 0x94
#174 0 800000f2 fec42783 r 0f         00000003  lw       x15, -0x14(x8)
#175 0 800000f6 fef42423 m f0040fe8   00000003  sw       x15, -0x18(x8)
#176 0 800000fa     a881 r 00         00000000  c.j      . + 0x50
#177 0 8000014a fe842783 r 0f         00000003  lw       x15, -0x18(x8)
#178 0 8000014e 02f05363 r 00         00000000  bge      x0, x15, . + 0x26
#179 0 80000152 fe842783 r 0f         00000003  lw       x15, -0x18(x8)
#180 0 80000156     17fd r 0f         00000002  c.addi   x15, -0x1
#181 0 80000158     078a r 0f         00000008  c.slli   x15, 2
#182 0 8000015a     17c1 r 0f         fffffff8  c.addi   x15, -0x10
#183 0 8000015c     97a2 r 0f         f0040ff8  c.add    x15, x8
#184 0 8000015e fb87a703 r 0e         00000043  lw       x14, -0x48(x15)
#185 0 80000162 fe842783 r 0f         00000003  lw       x15, -0x18(x8)
#186 0 80000166     078a r 0f         0000000c  c.slli   x15, 2
#187 0 80000168     17c1 r 0f         fffffffc  c.addi   x15, -0x10
#188 0 8000016a     97a2 r 0f         f0040ffc  c.add    x15, x8
#189 0 8000016c fb87a783 r 0f         00000059  lw       x15, -0x48(x15)
#190 0 80000170 f8e7c6e3 r 00         00000000  blt      x15, x14, . - 0x74
#191 0 80000174 fec42783 r 0f         00000003  lw       x15, -0x14(x8)
#192 0 80000178     0785 r 0f         00000004  c.addi   x15, 0x1
#193 0 8000017a fef42623 m f0040fec   00000004  sw       x15, -0x14(x8)
#194 0 8000017e fe442703 r 0e         0000000d  lw       x14, -0x1c(x8)
#195 0 80000182 fec42783 r 0f         00000004  lw       x15, -0x14(x8)
#196 0 80000186 f6e7c6e3 r 00         00000000  blt      x15, x14, . - 0x94
#197 0 800000f2 fec42783 r 0f         00000004  lw       x15, -0x14(x8)
#198 0 800000f6 fef42423 m f0040fe8   00000004  sw       x15, -0x18(x8)
#199 0 800000fa     a881 r 00         00000000  c.j      . + 0x50
#200 0 8000014a fe842783 r 0f         00000004  lw       x15, -0x18(x8)
#201 0 8000014e 02f05363 r 00         00000000  bge      x0, x15, . + 0x26
#202 0 80000152 fe842783 r 0f         00000004  lw       x15, -0x18(x8)
#203 0 80000156     17fd r 0f         00000003  c.addi   x15, -0x1
#204 0 80000158     078a r 0f         0000000c  c.slli   x15, 2
#205 0 8000015a     17c1 r 0f         fffffffc  c.addi   x15, -0x10
#206 0 8000015c     97a2 r 0f         f0040ffc  c.add    x15, x8
#207 0 8000015e fb87a703 r 0e         00000059  lw       x14, -0x48(x15)
#208 0 80000162 fe842783 r 0f         00000004  lw       x15, -0x18(x8)
#209 0 80000166     078a r 0f         00000010  c.slli   x15, 2
#210 0 80000168     17c1 r 0f         00000000  c.addi   x15, -0x10
#211 0 8000016a     97a2 r 0f         f0041000  c.add    x15, x8
#212 0 8000016c fb87a783 r 0f         0000002c  lw       x15, -0x48(x15)
#213 0 80000170 f8e7c6e3 r 00         00000000  blt      x15, x14, . - 0x74
#214 0 800000fc fe842783 r 0f         00000004  lw       x15, -0x18(x8)
#215 0 80000100     078a r 0f         00000010  c.slli   x15, 2
#216 0 80000102     17c1 r 0f         00000000  c.addi   x15, -0x10
#217 0 80000104     97a2 r 0f         f0041000  c.add    x15, x8
#218 0 80000106 fb87a783 r 0f         0000002c  lw       x15, -0x48(x15)
#219 0 8000010a fef42023 m f0040fe0   0000002c  sw       x15, -0x20(x8)
#220 0 8000010e fe842783 r 0f         00000004  lw       x15, -0x18(x8)
#221 0 80000112     17fd r 0f         00000003  c.addi   x15, -0x1
#222 0 80000114     078a r 0f         0000000c  c.slli   x15, 2
#223 0 80000116     17c1 r 0f         fffffffc  c.addi   x15, -0x10
#224 0 80000118     97a2 r 0f         f0040ffc  c.add    x15, x8
#225 0 8000011a fb87a703 r 0e         00000059  lw       x14, -0x48(x15)
#226 0 8000011e fe842783 r 0f         00000004  lw       x15, -0x18(x8)
#227 0 80000122     078a r 0f         00000010  c.slli   x15, 2
#228 0 80000124     17c1 r 0f         00000000  c.addi   x15, -0x10
#229 0 80000126     97a2 r 0f         f0041000  c.add    x15, x8
#230 0 80000128 fae7ac23 m f0040fb8   00000059  sw       x14, -0x48(x15)
#231 0 8000012c fe842783 r 0f         00000004  lw       x15, -0x18(x8)
#232 0 80000130     17fd r 0f         00000003  c.addi   x15, -0x1
#233 0 80000132     078a r 0f         0000000c  c.slli   x15, 2
#234 0 80000134     17c1 r 0f         fffffffc  c.addi   x15, -0x10
#235 0 80000136     97a2 r 0f         f0040ffc  c.add    x15, x8
#236 0 80000138 fe042703 r 0e         0000002c  lw       x14, -0x20(x8)
#237 0 8000013c fae7ac23 m f0040fb4   0000002c  sw       x14, -0x48(x15)
#238 0 80000140 fe842783 r 0f         00000004  lw       x15, -0x18(x8)
#239 0 80000144     17fd r 0f         00000003  c.addi   x15, -0x1
#240 0 80000146 fef42423 m f0040fe8   00000003  sw       x15, -0x18(x8)
#241 0 8000014a fe842783 r 0f         00000003  lw       x15, -0x18(x8)
#242 0 8000014e 02f05363 r 00         00000000  bge      x0, x15, . + 0x26
#243 0 80000152 fe842783 r 0f         00000003  lw       x15, -0x18(x8)
#244 0 80000156     17fd r 0f         00000002  c.addi   x15, -0x1
#245 0 80000158     078a r 0f         00000008  c.slli   x15, 2
#246 0 8000015a     17c1 r 0f         fffffff8  c.addi   x15, -0x10
#247 0 8000015c     97a2 r 0f         f0040ff8  c.add    x15, x8
#248 0 8000015e fb87a703 r 0e         00000043  lw       x14, -0x48(x15)
#249 0 80000162 fe842783 r 0f         00000003  lw       x15, -0x18(x8)
#250 0 80000166     078a r 0f         0000000c  c.slli   x15, 2
#251 0 80000168     17c1 r 0f         fffffffc  c.addi   x15, -0x10
#252 0 8000016a     97a2 r 0f         f0040ffc  c.add    x15, x8
#253 0 8000016c fb87a783 r 0f         0000002c  lw       x15, -0x48(x15)
#254 0 80000170 f8e7c6e3 r 00         00000000  blt      x15, x14, . - 0x74
#255 0 800000fc fe842783 r 0f         00000003  lw       x15, -0x18(x8)
#256 0 80000100     078a r 0f         0000000c  c.slli   x15, 2
#257 0 80000102     17c1 r 0f         fffffffc  c.addi   x15, -0x10
#258 0 80000104     97a2 r 0f         f0040ffc  c.add    x15, x8
#259 0 80000106 fb87a783 r 0f         0000002c  lw       x15, -0x48(x15)
#260 0 8000010a fef42023 m f0040fe0   0000002c  sw       x15, -0x20(x8)
#261 0 8000010e fe842783 r 0f         00000003  lw       x15, -0x18(x8)
#262 0 80000112     17fd r 0f         00000002  c.addi   x15, -0x1
#263 0 80000114     078a r 0f         00000008  c.slli   x15, 2
#264 0 80000116     17c1 r 0f         fffffff8  c.addi   x15, -0x10
#265 0 80000118     97a2 r 0f         f0040ff8  c.add    x15, x8
#266 0 8000011a fb87a703 r 0e         00000043  lw       x14, -0x48(x15)
#267 0 8000011e fe842783 r 0f         00000003  lw       x15, -0x18(x8)
#268 0 80000122     078a r 0f         0000000c  c.slli   x15, 2
#269 0 80000124     17c1 r 0f         fffffffc  c.addi   x15, -0x10
#270 0 80000126     97a2 r 0f         f0040ffc  c.add    x15, x8
#271 0 80000128 fae7ac23 m f0040fb4   00000043  sw       x14, -0x48(x15)
#272 0 8000012c fe842783 r 0f         00000003  lw       x15, -0x18(x8)
#273 0 80000130     17fd r 0f         00000002  c.addi   x15, -0x1
#274 0 80000132     078a r 0f         00000008  c.slli   x15, 2
#275 0 80000134     17c1 r 0f         fffffff8  c.addi   x15, -0x10
#276 0 80000136     97a2 r 0f         f0040ff8  c.add    x15, x8
#277 0 80000138 fe042703 r 0e         0000002c  lw       x14, -0x20(x8)
#278 0 8000013c fae7ac23 m f0040fb0   0000002c  sw       x14, -0x48(x15)
#279 0 80000140 fe842783 r 0f         00000003  lw       x15, -0x18(x8)
#280 0 80000144     17fd r 0f         00000002  c.addi   x15, -0x1
#281 0 80000146 fef42423 m f0040fe8   00000002  sw       x15, -0x18(x8)
#282 0 8000014a fe842783 r 0f         00000002  lw       x15, -0x18(x8)
#283 0 8000014e 02f05363 r 00         00000000  bge      x0, x15, . + 0x26
#284 0 80000152 fe842783 r 0f         00000002  lw       x15, -0x18(x8)
#285 0 80000156     17fd r 0f         00000001  c.addi   x15, -0x1
#286 0 80000158     078a r 0f         00000004  c.slli   x15, 2
#287 0 8000015a     17c1 r 0f         fffffff4  c.addi   x15, -0x10
#288 0 8000015c     97a2 r 0f         f0040ff4  c.add    x15, x8
#289 0 8000015e fb87a703 r 0e         0000002d  lw       x14, -0x48(x15)
#290 0 80000162 fe842783 r 0f         00000002  lw       x15, -0x18(x8)
#291 0 80000166     078a r 0f         00000008  c.slli   x15, 2
#292 0 80000168     17c1 r 0f         fffffff8  c.addi   x15, -0x10
#293 0 8000016a     97a2 r 0f         f0040ff8  c.add    x15, x8
#294 0 8000016c fb87a783 r 0f         0000002c  lw       x15, -0x48(x15)
#295 0 80000170 f8e7c6e3 r 00         00000000  blt      x15, x14, . - 0x74
#296 0 800000fc fe842783 r 0f         00000002  lw       x15, -0x18(x8)
#297 0 80000100     078a r 0f         00000008  c.slli   x15, 2
#298 0 80000102     17c1 r 0f         fffffff8  c.addi   x15, -0x10
#299 0 80000104     97a2 r 0f         f0040ff8  c.add    x15, x8
#300 0 80000106 fb87a783 r 0f         0000002c  lw       x15, -0x48(x15)
#301 0 8000010a fef42023 m f0040fe0   0000002c  sw       x15, -0x20(x8)
#302 0 8000010e fe842783 r 0f         00000002  lw       x15, -0x18(x8)
#303 0 80000112     17fd r 0f         00000001  c.addi   x15, -0x1
#304 0 80000114     078a r 0f         00000004  c.slli   x15, 2
#305 0 80000116     17c1 r 0f         fffffff4  c.addi   x15, -0x10
#306 0 80000118     97a2 r 0f         f0040ff4  c.add    x15, x8
#307 0 8000011a fb87a703 r 0e         0000002d  lw       x14, -0x48(x15)
#308 0 8000011e fe842783 r 0f         00000002  lw       x15, -0x18(x8)
#309 0 80000122     078a r 0f         00000008  c.slli   x15, 2
#310 0 80000124     17c1 r 0f         fffffff8  c.addi   x15, -0x10
#311 0 80000126     97a2 r 0f         f0040ff8  c.add    x15, x8
#312 0 80000128 fae7ac23 m f0040fb0   0000002d  sw       x14, -0x48(x15)
#313 0 8000012c fe842783 r 0f         00000002  lw       x15, -0x18(x8)
#314 0 80000130     17fd r 0f         00000001  c.addi   x15, -0x1
#315 0 80000132     078a r 0f         00000004  c.slli   x15, 2
#316 0 80000134     17c1 r 0f         fffffff4  c.addi   x15, -0x10
#317 0 80000136     97a2 r 0f         f0040ff4  c.add    x15, x8
#318 0 80000138 fe042703 r 0e         0000002c  lw       x14, -0x20(x8)
#319 0 8000013c fae7ac23 m f0040fac   0000002c  sw       x14, -0x48(x15)
#320 0 80000140 fe842783 r 0f         00000002  lw       x15, -0x18(x8)
#321 0 80000144     17fd r 0f         00000001  c.addi   x15, -0x1
#322 0 80000146 fef42423 m f0040fe8   00000001  sw       x15, -0x18(x8)
#323 0 8000014a fe842783 r 0f         00000001  lw       x15, -0x18(x8)
#324 0 8000014e 02f05363 r 00         00000000  bge      x0, x15, . + 0x26
#325 0 80000152 fe842783 r 0f         00000001  lw       x15, -0x18(x8)
#326 0 80000156     17fd r 0f         00000000  c.addi   x15, -0x1
#327 0 80000158     078a r 0f         00000000  c.slli   x15, 2
#328 0 8000015a     17c1 r 0f         fffffff0  c.addi   x15, -0x10
#329 0 8000015c     97a2 r 0f         f0040ff0  c.add    x15, x8
#330 0 8000015e fb87a703 r 0e         0000000c  lw       x14, -0x48(x15)
#331 0 80000162 fe842783 r 0f         00000001  lw       x15, -0x18(x8)
#332 0 80000166     078a r 0f         00000004  c.slli   x15, 2
#333 0 80000168     17c1 r 0f         fffffff4  c.addi   x15, -0x10
#334 0 8000016a     97a2 r 0f         f0040ff4  c.add    x15, x8
#335 0 8000016c fb87a783 r 0f         0000002c  lw       x15, -0x48(x15)
#336 0 80000170 f8e7c6e3 r 00         00000000  blt      x15, x14, . - 0x74
#337 0 80000174 fec42783 r 0f         00000004  lw       x15, -0x14(x8)
#338 0 80000178     0785 r 0f         00000005  c.addi   x15, 0x1
#339 0 8000017a fef42623 m f0040fec   00000005  sw       x15, -0x14(x8)
#340 0 8000017e fe442703 r 0e         0000000d  lw       x14, -0x1c(x8)
#341 0 80000182 fec42783 r 0f         00000005  lw       x15, -0x14(x8)
#342 0 80000186 f6e7c6e3 r 00         00000000  blt      x15, x14, . - 0x94
#343 0 800000f2 fec42783 r 0f         00000005  lw       x15, -0x14(x8)
#344 0 800000f6 fef42423 m f0040fe8   00000005  sw       x15, -0x18(x8)
#345 0 800000fa     a881 r 00         00000000  c.j      . + 0x50
#346 0 8000014a fe842783 r 0f         00000005  lw       x15, -0x18(x8)
#347 0 8000014e 02f05363 r 00         00000000  bge      x0, x15, . + 0x26
#348 0 80000152 fe842783 r 0f         00000005  lw       x15, -0x18(x8)
#349 0 80000156     17fd r 0f         00000004  c.addi   x15, -0x1
#350 0 80000158     078a r 0f         00000010  c.slli   x15, 2
#351 0 8000015a     17c1 r 0f         00000000  c.addi   x15, -0x10
#352 0 8000015c     97a2 r 0f         f0041000  c.add    x15, x8
#353 0 8000015e fb87a703 r 0e         00000059  lw       x14, -0x48(x15)
#354 0 80000162 fe842783 r 0f         00000005  lw       x15, -0x18(x8)
#355 0 80000166     078a r 0f         00000014  c.slli   x15, 2
#356 0 80000168     17c1 r 0f         00000004  c.addi   x15, -0x10
#357 0 8000016a     97a2 r 0f         f0041004  c.add    x15, x8
#358 0 8000016c fb87a783 r 0f         00000017  lw       x15, -0x48(x15)
#359 0 80000170 f8e7c6e3 r 00         00000000  blt      x15, x14, . - 0x74
#360 0 800000fc fe842783 r 0f         00000005  lw       x15, -0x18(x8)
#361 0 80000100     078a r 0f         00000014  c.slli   x15, 2
#362 0 80000102     17c1 r 0f         00000004  c.addi   x15, -0x10
#363 0 80000104     97a2 r 0f         f0041004  c.add    x15, x8
#364 0 80000106 fb87a783 r 0f         00000017  lw       x15, -0x48(x15)
#365 0 8000010a fef42023 m f0040fe0   00000017  sw       x15, -0x20(x8)
#366 0 8000010e fe842783 r 0f         00000005  lw       x15, -0x18(x8)
#367 0 80000112     17fd r 0f         00000004  c.addi   x15, -0x1
#368 0 80000114     078a r 0f         00000010  c.slli   x15, 2
#369 0 80000116     17c1 r 0f         00000000  c.addi   x15, -0x10
#370 0 80000118     97a2 r 0f         f0041000  c.add    x15, x8
#371 0 8000011a fb87a703 r 0e         00000059  lw       x14, -0x48(x15)
#372 0 8000011e fe842783 r 0f         00000005  lw       x15, -0x18(x8)
#373 0 80000122     078a r 0f         00000014  c.slli   x15, 2
#374 0 80000124     17c1 r 0f         00000004  c.addi   x15, -0x10
#375 0 80000126     97a2 r 0f         f0041004  c.add    x15, x8
#376 0 80000128 fae7ac23 m f0040fbc   00000059  sw       x14, -0x48(x15)
#377 0 8000012c fe842783 r 0f         00000005  lw       x15, -0x18(x8)
#378 0 80000130     17fd r 0f         00000004  c.addi   x15, -0x1
#379 0 80000132     078a r 0f         00000010  c.slli   x15, 2
#380 0 80000134     17c1 r 0f         00000000  c.addi   x15, -0x10
#381 0 80000136     97a2 r 0f         f0041000  c.add    x15, x8
#382 0 80000138 fe042703 r 0e         00000017  lw       x14, -0x20(x8)
#383 0 8000013c fae7ac23 m f0040fb8   00000017  sw       x14, -0x48(x15)
#384 0 80000140 fe842783 r 0f         00000005  lw       x15, -0x18(x8)
#385 0 80000144     17fd r 0f         00000004  c.addi   x15, -0x1
#386 0 80000146 fef42423 m f0040fe8   00000004  sw       x15, -0x18(x8)
#387 0 8000014a fe842783 r 0f         00000004  lw       x15, -0x18(x8)
#388 0 8000014e 02f05363 r 00         00000000  bge      x0, x15, . + 0x26
#389 0 80000152 fe842783 r 0f         00000004  lw       x15, -0x18(x8)
#390 0 80000156     17fd r 0f         00000003  c.addi   x15, -0x1
#391 0 80000158     078a r 0f         0000000c  c.slli   x15, 2
#392 0 8000015a     17c1 r 0f         fffffffc  c.addi   x15, -0x10
#393 0 8000015c     97a2 r 0f         f0040ffc  c.add    x15, x8
#394 0 8000015e fb87a703 r 0e         00000043  lw       x14, -0x48(x15)
#395 0 80000162 fe842783 r 0f         00000004  lw       x15, -0x18(x8)
#396 0 80000166     078a r 0f         00000010  c.slli   x15, 2
#397 0 80000168     17c1 r 0f         00000000  c.addi   x15, -0x10
#398 0 8000016a     97a2 r 0f         f0041000  c.add    x15, x8
#399 0 8000016c fb87a783 r 0f         00000017  lw       x15, -0x48(x15)
#400 0 80000170 f8e7c6e3 r 00         00000000  blt      x15, x14, . - 0x74
#401 0 800000fc fe842783 r 0f         00000004  lw       x15, -0x18(x8)
#402 0 80000100     078a r 0f         00000010  c.slli   x15, 2
#403 0 80000102     17c1 r 0f         00000000  c.addi   x15, -0x10
#404 0 80000104     97a2 r 0f         f0041000  c.add    x15, x8
#405 0 80000106 fb87a783 r 0f         00000017  lw       x15, -0x48(x15)
#406 0 8000010a fef42023 m f0040fe0   00000017  sw       x15, -0x20(x8)
#407 0 8000010e fe842783 r 0f         00000004  lw       x15, -0x18(x8)
#408 0 80000112     17fd r 0f         00000003  c.addi   x15, -0x1
#409 0 80000114     078a r 0f         0000000c  c.slli   x15, 2
#410 0 80000116     17c1 r 0f         fffffffc  c.addi   x15, -0x10
#411 0 80000118     97a2 r 0f         f0040ffc  c.add    x15, x8
#412 0 8000011a fb87a703 r 0e         00000043  lw       x14, -0x48(x15)
#413 0 8000011e fe842783 r 0f         00000004  lw       x15, -0x18(x8)
#414 0 80000122     078a r 0f         00000010  c.slli   x15, 2
#415 0 80000124     17c1 r 0f         00000000  c.addi   x15, -0x10
#416 0 80000126     97a2 r 0f         f0041000  c.add    x15, x8
#417 0 80000128 fae7ac23 m f0040fb8   00000043  sw       x14, -0x48(x15)
#418 0 8000012c fe842783 r 0f         00000004  lw       x15, -0x18(x8)
#419 0 80000130     17fd r 0f         00000003  c.addi   x15, -0x1
#420 0 80000132     078a r 0f         0000000c  c.slli   x15, 2
#421 0 80000134     17c1 r 0f         fffffffc  c.addi   x15, -0x10
#422 0 80000136     97a2 r 0f         f0040ffc  c.add    x15, x8
#423 0 80000138 fe042703 r 0e         00000017  lw       x14, -0x20(x8)
#424 0 8000013c fae7ac23 m f0040fb4   00000017  sw       x14, -0x48(x15)
#425 0 80000140 fe842783 r 0f         00000004  lw       x15, -0x18(x8)
#426 0 80000144     17fd r 0f         00000003  c.addi   x15, -0x1
#427 0 80000146 fef42423 m f0040fe8   00000003  sw       x15, -0x18(x8)
#428 0 8000014a fe842783 r 0f         00000003  lw       x15, -0x18(x8)
#429 0 8000014e 02f05363 r 00         00000000  bge      x0, x15, . + 0x26
#430 0 80000152 fe842783 r 0f         00000003  lw       x15, -0x18(x8)
#431 0 80000156     17fd r 0f         00000002  c.addi   x15, -0x1
#432 0 80000158     078a r 0f         00000008  c.slli   x15, 2
#433 0 8000015a     17c1 r 0f         fffffff8  c.addi   x15, -0x10
#434 0 8000015c     97a2 r 0f         f0040ff8  c.add    x15, x8
#435 0 8000015e fb87a703 r 0e         0000002d  lw       x14, -0x48(x15)
#436 0 80000162 fe842783 r 0f         00000003  lw       x15, -0x18(x8)
#437 0 80000166     078a r 0f         0000000c  c.slli   x15, 2
#438 0 80000168     17c1 r 0f         fffffffc  c.addi   x15, -0x10
#439 0 8000016a     97a2 r 0f         f0040ffc  c.add    x15, x8
#440 0 8000016c fb87a783 r 0f         00000017  lw       x15, -0x48(x15)
#441 0 80000170 f8e7c6e3 r 00         00000000  blt      x15, x14, . - 0x74
#442 0 800000fc fe842783 r 0f         00000003  lw       x15, -0x18(x8)
#443 0 80000100     078a r 0f         0000000c  c.slli   x15, 2
#444 0 80000102     17c1 r 0f         fffffffc  c.addi   x15, -0x10
#445 0 80000104     97a2 r 0f         f0040ffc  c.add    x15, x8
#446 0 80000106 fb87a783 r 0f         00000017  lw       x15, -0x48(x15)
#447 0 8000010a fef42023 m f0040fe0   00000017  sw       x15, -0x20(x8)
#448 0 8000010e fe842783 r 0f         00000003  lw       x15, -0x18(x8)
#449 0 80000112     17fd r 0f         00000002  c.addi   x15, -0x1
#450 0 80000114     078a r 0f         00000008  c.slli   x15, 2
#451 0 80000116     17c1 r 0f         fffffff8  c.addi   x15, -0x10
#452 0 80000118     97a2 r 0f         f0040ff8  c.add    x15, x8
#453 0 8000011a fb87a703 r 0e         0000002d  lw       x14, -0x48(x15)
#454 0 8000011e fe842783 r 0f         00000003  lw       x15, -0x18(x8)
#455 0 80000122     078a r 0f         0000000c  c.slli   x15, 2
#456 0 80000124     17c1 r 0f         fffffffc  c.addi   x15, -0x10
#457 0 80000126     97a2 r 0f         f0040ffc  c.add    x15, x8
#458 0 80000128 fae7ac23 m f0040fb4   0000002d  sw       x14, -0x48(x15)
#459 0 8000012c fe842783 r 0f         00000003  lw       x15, -0x18(x8)
#460 0 80000130     17fd r 0f         00000002  c.addi   x15, -0x1
#461 0 80000132     078a r 0f         00000008  c.slli   x15, 2
#462 0 80000134     17c1 r 0f         fffffff8  c.addi   x15, -0x10
#463 0 80000136     97a2 r 0f         f0040ff8  c.add    x15, x8
#464 0 80000138 fe042703 r 0e         00000017  lw       x14, -0x20(x8)
#465 0 8000013c fae7ac23 m f0040fb0   00000017  sw       x14, -0x48(x15)
#466 0 80000140 fe842783 r 0f         00000003  lw       x15, -0x18(x8)
#467 0 80000144     17fd r 0f         00000002  c.addi   x15, -0x1
#468 0 80000146 fef42423 m f0040fe8   00000002  sw       x15, -0x18(x8)
#469 0 8000014a fe842783 r 0f         00000002  lw       x15, -0x18(x8)
#470 0 8000014e 02f05363 r 00         00000000  bge      x0, x15, . + 0x26
#471 0 80000152 fe842783 r 0f         00000002  lw       x15, -0x18(x8)
#472 0 80000156     17fd r 0f         00000001  c.addi   x15, -0x1
#473 0 80000158     078a r 0f         00000004  c.slli   x15, 2
#474 0 8000015a     17c1 r 0f         fffffff4  c.addi   x15, -0x10
#475 0 8000015c     97a2 r 0f         f0040ff4  c.add    x15, x8
#476 0 8000015e fb87a703 r 0e         0000002c  lw       x14, -0x48(x15)
#477 0 80000162 fe842783 r 0f         00000002  lw       x15, -0x18(x8)
#478 0 80000166     078a r 0f         00000008  c.slli   x15, 2
#479 0 80000168     17c1 r 0f         fffffff8  c.addi   x15, -0x10
#480 0 8000016a     97a2 r 0f         f0040ff8  c.add    x15, x8
#481 0 8000016c fb87a783 r 0f         00000017  lw       x15, -0x48(x15)
#482 0 80000170 f8e7c6e3 r 00         00000000  blt      x15, x14, . - 0x74
#483 0 800000fc fe842783 r 0f         00000002  lw       x15, -0x18(x8)
#484 0 80000100     078a r 0f         00000008  c.slli   x15, 2
#485 0 80000102     17c1 r 0f         fffffff8  c.addi   x15, -0x10
#486 0 80000104     97a2 r 0f         f0040ff8  c.add    x15, x8
#487 0 80000106 fb87a783 r 0f         00000017  lw       x15, -0x48(x15)
#488 0 8000010a fef42023 m f0040fe0   00000017  sw       x15, -0x20(x8)
#489 0 8000010e fe842783 r 0f         00000002  lw       x15, -0x18(x8)
#490 0 80000112     17fd r 0f         00000001  c.addi   x15, -0x1
#491 0 80000114     078a r 0f         00000004  c.slli   x15, 2
#492 0 80000116     17c1 r 0f         fffffff4  c.addi   x15, -0x10
#493 0 80000118     97a2 r 0f         f0040ff4  c.add    x15, x8
#494 0 8000011a fb87a703 r 0e         0000002c  lw       x14, -0x48(x15)
#495 0 8000011e fe842783 r 0f         00000002  lw       x15, -0x18(x8)
#496 0 80000122     078a r 0f         00000008  c.slli   x15, 2
#497 0 80000124     17c1 r 0f         fffffff8  c.addi   x15, -0x10
#498 0 80000126     97a2 r 0f         f0040ff8  c.add    x15, x8
#499 0 80000128 fae7ac23 m f0040fb0   0000002c  sw       x14, -0x48(x15)
#500 0 8000012c fe842783 r 0f         00000002  lw       x15, -0x18(x8)
#501 0 80000130     17fd r 0f         00000001  c.addi   x15, -0x1
#502 0 80000132     078a r 0f         00000004  c.slli   x15, 2
#503 0 80000134     17c1 r 0f         fffffff4  c.addi   x15, -0x10
#504 0 80000136     97a2 r 0f         f0040ff4  c.add    x15, x8
#505 0 80000138 fe042703 r 0e         00000017  lw       x14, -0x20(x8)
#506 0 8000013c fae7ac23 m f0040fac   00000017  sw       x14, -0x48(x15)
#507 0 80000140 fe842783 r 0f         00000002  lw       x15, -0x18(x8)
#508 0 80000144     17fd r 0f         00000001  c.addi   x15, -0x1
#509 0 80000146 fef42423 m f0040fe8   00000001  sw       x15, -0x18(x8)
#510 0 8000014a fe842783 r 0f         00000001  lw       x15, -0x18(x8)
#511 0 8000014e 02f05363 r 00         00000000  bge      x0, x15, . + 0x26
#512 0 80000152 fe842783 r 0f         00000001  lw       x15, -0x18(x8)
#513 0 80000156     17fd r 0f         00000000  c.addi   x15, -0x1
#514 0 80000158     078a r 0f         00000000  c.slli   x15, 2
#515 0 8000015a     17c1 r 0f         fffffff0  c.addi   x15, -0x10
#516 0 8000015c     97a2 r 0f         f0040ff0  c.add    x15, x8
#517 0 8000015e fb87a703 r 0e         0000000c  lw       x14, -0x48(x15)
#518 0 80000162 fe842783 r 0f         00000001  lw       x15, -0x18(x8)
#519 0 80000166     078a r 0f         00000004  c.slli   x15, 2
#520 0 80000168     17c1 r 0f         fffffff4  c.addi   x15, -0x10
#521 0 8000016a     97a2 r 0f         f0040ff4  c.add    x15, x8
#522 0 8000016c fb87a783 r 0f         00000017  lw       x15, -0x48(x15)
#523 0 80000170 f8e7c6e3 r 00         00000000  blt      x15, x14, . - 0x74
#524 0 80000174 fec42783 r 0f         00000005  lw       x15, -0x14(x8)
#525 0 80000178     0785 r 0f         00000006  c.addi   x15, 0x1
#526 0 8000017a fef42623 m f0040fec   00000006  sw       x15, -0x14(x8)
#527 0 8000017e fe442703 r 0e         0000000d  lw       x14, -0x1c(x8)
#528 0 80000182 fec42783 r 0f         00000006  lw       x15, -0x14(x8)
#529 0 80000186 f6e7c6e3 r 00         00000000  blt      x15, x14, . - 0x94
#530 0 800000f2 fec42783 r 0f         00000006  lw       x15, -0x14(x8)
#531 0 800000f6 fef42423 m f0040fe8   00000006  sw       x15, -0x18(x8)
#532 0 800000fa     a881 r 00         00000000  c.j      . + 0x50
#533 0 8000014a fe842783 r 0f         00000006  lw       x15, -0x18(x8)
#534 0 8000014e 02f05363 r 00         00000000  bge      x0, x15, . + 0x26
#535 0 80000152 fe842783 r 0f         00000006  lw       x15, -0x18(x8)
#536 0 80000156     17fd r 0f         00000005  c.addi   x15, -0x1
#537 0 80000158     078a r 0f         00000014  c.slli   x15, 2
#538 0 8000015a     17c1 r 0f         00000004  c.addi   x15, -0x10
#539 0 8000015c     97a2 r 0f         f0041004  c.add    x15, x8
#540 0 8000015e fb87a703 r 0e         00000059  lw       x14, -0x48(x15)
#541 0 80000162 fe842783 r 0f         00000006  lw       x15, -0x18(x8)
#542 0 80000166     078a r 0f         00000018  c.slli   x15, 2
#543 0 80000168     17c1 r 0f         00000008  c.addi   x15, -0x10
#544 0 8000016a     97a2 r 0f         f0041008  c.add    x15, x8
#545 0 8000016c fb87a783 r 0f         00000058  lw       x15, -0x48(x15)
#546 0 80000170 f8e7c6e3 r 00         00000000  blt      x15, x14, . - 0x74
#547 0 800000fc fe842783 r 0f         00000006  lw       x15, -0x18(x8)
#548 0 80000100     078a r 0f         00000018  c.slli   x15, 2
#549 0 80000102     17c1 r 0f         00000008  c.addi   x15, -0x10
#550 0 80000104     97a2 r 0f         f0041008  c.add    x15, x8
#551 0 80000106 fb87a783 r 0f         00000058  lw       x15, -0x48(x15)
#552 0 8000010a fef42023 m f0040fe0   00000058  sw       x15, -0x20(x8)
#553 0 8000010e fe842783 r 0f         00000006  lw       x15, -0x18(x8)
#554 0 80000112     17fd r 0f         00000005  c.addi   x15, -0x1
#555 0 80000114     078a r 0f         00000014  c.slli   x15, 2
#556 0 80000116     17c1 r 0f         00000004  c.addi   x15, -0x10
#557 0 80000118     97a2 r 0f         f0041004  c.add    x15, x8
#558 0 8000011a fb87a703 r 0e         00000059  lw       x14, -0x48(x15)
#559 0 8000011e fe842783 r 0f         00000006  lw       x15, -0x18(x8)
#560 0 80000122     078a r 0f         00000018  c.slli   x15, 2
#561 0 80000124     17c1 r 0f         00000008  c.addi   x15, -0x10
#562 0 80000126     97a2 r 0f         f0041008  c.add    x15, x8
#563 0 80000128 fae7ac23 m f0040fc0   00000059  sw       x14, -0x48(x15)
#564 0 8000012c fe842783 r 0f         00000006  lw       x15, -0x18(x8)
#565 0 80000130     17fd r 0f         00000005  c.addi   x15, -0x1
#566 0 80000132     078a r 0f         00000014  c.slli   x15, 2
#567 0 80000134     17c1 r 0f         00000004  c.addi   x15, -0x10
#568 0 80000136     97a2 r 0f         f0041004  c.add    x15, x8
#569 0 80000138 fe042703 r 0e         00000058  lw       x14, -0x20(x8)
#570 0 8000013c fae7ac23 m f0040fbc   00000058  sw       x14, -0x48(x15)
#571 0 80000140 fe842783 r 0f         00000006  lw       x15, -0x18(x8)
#572 0 80000144     17fd r 0f         00000005  c.addi   x15, -0x1
#573 0 80000146 fef42423 m f0040fe8   00000005  sw       x15, -0x18(x8)
#574 0 8000014a fe842783 r 0f         00000005  lw       x15, -0x18(x8)
#575 0 8000014e 02f05363 r 00         00000000  bge      x0, x15, . + 0x26
#576 0 80000152 fe842783 r 0f         00000005  lw       x15, -0x18(x8)
#577 0 80000156     17fd r 0f         00000004  c.addi   x15, -0x1
#578 0 80000158     078a r 0f         00000010  c.slli   x15, 2
#579 0 8000015a     17c1 r 0f         00000000  c.addi   x15, -0x10
#580 0 8000015c     97a2 r 0f         f0041000  c.add    x15, x8
#581 0 8000015e fb87a703 r 0e         00000043  lw       x14, -0x48(x15)
#582 0 80000162 fe842783 r 0f         00000005  lw       x15, -0x18(x8)
#583 0 80000166     078a r 0f         00000014  c.slli   x15, 2
#584 0 80000168     17c1 r 0f         00000004  c.addi   x15, -0x10
#585 0 8000016a     97a2 r 0f         f0041004  c.add    x15, x8
#586 0 8000016c fb87a783 r 0f         00000058  lw       x15, -0x48(x15)
#587 0 80000170 f8e7c6e3 r 00         00000000  blt      x15, x14, . - 0x74
#588 0 80000174 fec42783 r 0f         00000006  lw       x15, -0x14(x8)
#589 0 80000178     0785 r 0f         00000007  c.addi   x15, 0x1
#590 0 8000017a fef42623 m f0040fec   00000007  sw       x15, -0x14(x8)
#591 0 8000017e fe442703 r 0e         0000000d  lw       x14, -0x1c(x8)
#592 0 80000182 fec42783 r 0f         00000007  lw       x15, -0x14(x8)
#593 0 80000186 f6e7c6e3 r 00         00000000  blt      x15, x14, . - 0x94
#594 0 800000f2 fec42783 r 0f         00000007  lw       x15, -0x14(x8)
#595 0 800000f6 fef42423 m f0040fe8   00000007  sw       x15, -0x18(x8)
#596 0 800000fa     a881 r 00         00000000  c.j      . + 0x50
#597 0 8000014a fe842783 r 0f         00000007  lw       x15, -0x18(x8)
#598 0 8000014e 02f05363 r 00         00000000  bge      x0, x15, . + 0x26
#599 0 80000152 fe842783 r 0f         00000007  lw       x15, -0x18(x8)
#600 0 80000156     17fd r 0f         00000006  c.addi   x15, -0x1
#601 0 80000158     078a r 0f         00000018  c.slli   x15, 2
#602 0 8000015a     17c1 r 0f         00000008  c.addi   x15, -0x10
#603 0 8000015c     97a2 r 0f         f0041008  c.add    x15, x8
#604 0 8000015e fb87a703 r 0e         00000059  lw       x14, -0x48(x15)
#605 0 80000162 fe842783 r 0f         00000007  lw       x15, -0x18(x8)
#606 0 80000166     078a r 0f         0000001c  c.slli   x15, 2
#607 0 80000168     17c1 r 0f         0000000c  c.addi   x15, -0x10
#608 0 8000016a     97a2 r 0f         f004100c  c.add    x15, x8
#609 0 8000016c fb87a783 r 0f         0000000b  lw       x15, -0x48(x15)
#610 0 80000170 f8e7c6e3 r 00         00000000  blt      x15, x14, . - 0x74
#611 0 800000fc fe842783 r 0f         00000007  lw       x15, -0x18(x8)
#612 0 80000100     078a r 0f         0000001c  c.slli   x15, 2
#613 0 80000102     17c1 r 0f         0000000c  c.addi   x15, -0x10
#614 0 80000104     97a2 r 0f         f004100c  c.add    x15, x8
#615 0 80000106 fb87a783 r 0f         0000000b  lw       x15, -0x48(x15)
#616 0 8000010a fef42023 m f0040fe0   0000000b  sw       x15, -0x20(x8)
#617 0 8000010e fe842783 r 0f         00000007  lw       x15, -0x18(x8)
#618 0 80000112     17fd r 0f         00000006  c.addi   x15, -0x1
#619 0 80000114     078a r 0f         00000018  c.slli   x15, 2
#620 0 80000116     17c1 r 0f         00000008  c.addi   x15, -0x10
#621 0 80000118     97a2 r 0f         f0041008  c.add    x15, x8
#622 0 8000011a fb87a703 r 0e         00000059  lw       x14, -0x48(x15)
#623 0 8000011e fe842783 r 0f         00000007  lw       x15, -0x18(x8)
#624 0 80000122     078a r 0f         0000001c  c.slli   x15, 2
#625 0 80000124     17c1 r 0f         0000000c  c.addi   x15, -0x10
#626 0 80000126     97a2 r 0f         f004100c  c.add    x15, x8
#627 0 80000128 fae7ac23 m f0040fc4   00000059  sw       x14, -0x48(x15)
#628 0 8000012c fe842783 r 0f         00000007  lw       x15, -0x18(x8)
#629 0 80000130     17fd r 0f         00000006  c.addi   x15, -0x1
#630 0 80000132     078a r 0f         00000018  c.slli   x15, 2
#631 0 80000134     17c1 r 0f         00000008  c.addi   x15, -0x10
#632 0 80000136     97a2 r 0f         f0041008  c.add    x15, x8
#633 0 80000138 fe042703 r 0e         0000000b  lw       x14, -0x20(x8)
#634 0 8000013c fae7ac23 m f0040fc0   0000000b  sw       x14, -0x48(x15)
#635 0 80000140 fe842783 r 0f         00000007  lw       x15, -0x18(x8)
#636 0 80000144     17fd r 0f         00000006  c.addi   x15, -0x1
#637 0 80000146 fef42423 m f0040fe8   00000006  sw       x15, -0x18(x8)
#638 0 8000014a fe842783 r 0f         00000006  lw       x15, -0x18(x8)
#639 0 8000014e 02f05363 r 00         00000000  bge      x0, x15, . + 0x26
#640 0 80000152 fe842783 r 0f         00000006  lw       x15, -0x18(x8)
#641 0 80000156     17fd r 0f         00000005  c.addi   x15, -0x1
#642 0 80000158     078a r 0f         00000014  c.slli   x15, 2
#643 0 8000015a     17c1 r 0f         00000004  c.addi   x15, -0x10
#644 0 8000015c     97a2 r 0f         f0041004  c.add    x15, x8
#645 0 8000015e fb87a703 r 0e         00000058  lw       x14, -0x48(x15)
#646 0 80000162 fe842783 r 0f         00000006  lw       x15, -0x18(x8)
#647 0 80000166     078a r 0f         00000018  c.slli   x15, 2
#648 0 80000168     17c1 r 0f         00000008  c.addi   x15, -0x10
#649 0 8000016a     97a2 r 0f         f0041008  c.add    x15, x8
#650 0 8000016c fb87a783 r 0f         0000000b  lw       x15, -0x48(x15)
#651 0 80000170 f8e7c6e3 r 00         00000000  blt      x15, x14, . - 0x74
#652 0 800000fc fe842783 r 0f         00000006  lw       x15, -0x18(x8)
#653 0 80000100     078a r 0f         00000018  c.slli   x15, 2
#654 0 80000102     17c1 r 0f         00000008  c.addi   x15, -0x10
#655 0 80000104     97a2 r 0f         f0041008  c.add    x15, x8
#656 0 80000106 fb87a783 r 0f         0000000b  lw       x15, -0x48(x15)
#657 0 8000010a fef42023 m f0040fe0   0000000b  sw       x15, -0x20(x8)
#658 0 8000010e fe842783 r 0f         00000006  lw       x15, -0x18(x8)
#659 0 80000112     17fd r 0f         00000005  c.addi   x15, -0x1
#660 0 80000114     078a r 0f         00000014  c.slli   x15, 2
#661 0 80000116     17c1 r 0f         00000004  c.addi   x15, -0x10
#662 0 80000118     97a2 r 0f         f0041004  c.add    x15, x8
#663 0 8000011a fb87a703 r 0e         00000058  lw       x14, -0x48(x15)
#664 0 8000011e fe842783 r 0f         00000006  lw       x15, -0x18(x8)
#665 0 80000122     078a r 0f         00000018  c.slli   x15, 2
#666 0 80000124     17c1 r 0f         00000008  c.addi   x15, -0x10
#667 0 80000126     97a2 r 0f         f0041008  c.add    x15, x8
#668 0 80000128 fae7ac23 m f0040fc0   00000058  sw       x14, -0x48(x15)
#669 0 8000012c fe842783 r 0f         00000006  lw       x15, -0x18(x8)
#670 0 80000130     17fd r 0f         00000005  c.addi   x15, -0x1
#671 0 80000132     078a r 0f         00000014  c.slli   x15, 2
#672 0 80000134     17c1 r 0f         00000004  c.addi   x15, -0x10
#673 0 80000136     97a2 r 0f         f0041004  c.add    x15, x8
#674 0 80000138 fe042703 r 0e         0000000b  lw       x14, -0x20(x8)
#675 0 8000013c fae7ac23 m f0040fbc   0000000b  sw       x14, -0x48(x15)
#676 0 80000140 fe842783 r 0f         00000006  lw       x15, -0x18(x8)
#677 0 80000144     17fd r 0f         00000005  c.addi   x15, -0x1
#678 0 80000146 fef42423 m f0040fe8   00000005  sw       x15, -0x18(x8)
#679 0 8000014a fe842783 r 0f         00000005  lw       x15, -0x18(x8)
#680 0 8000014e 02f05363 r 00         00000000  bge      x0, x15, . + 0x26
#681 0 80000152 fe842783 r 0f         00000005  lw       x15, -0x18(x8)
#682 0 80000156     17fd r 0f         00000004  c.addi   x15, -0x1
#683 0 80000158     078a r 0f         00000010  c.slli   x15, 2
#684 0 8000015a     17c1 r 0f         00000000  c.addi   x15, -0x10
#685 0 8000015c     97a2 r 0f         f0041000  c.add    x15, x8
#686 0 8000015e fb87a703 r 0e         00000043  lw       x14, -0x48(x15)
#687 0 80000162 fe842783 r 0f         00000005  lw       x15, -0x18(x8)
#688 0 80000166     078a r 0f         00000014  c.slli   x15, 2
#689 0 80000168     17c1 r 0f         00000004  c.addi   x15, -0x10
#690 0 8000016a     97a2 r 0f         f0041004  c.add    x15, x8
#691 0 8000016c fb87a783 r 0f         0000000b  lw       x15, -0x48(x15)
#692 0 80000170 f8e7c6e3 r 00         00000000  blt      x15, x14, . - 0x74
#693 0 800000fc fe842783 r 0f         00000005  lw       x15, -0x18(x8)
#694 0 80000100     078a r 0f         00000014  c.slli   x15, 2
#695 0 80000102     17c1 r 0f         00000004  c.addi   x15, -0x10
#696 0 80000104     97a2 r 0f         f0041004  c.add    x15, x8
#697 0 80000106 fb87a783 r 0f         0000000b  lw       x15, -0x48(x15)
#698 0 8000010a fef42023 m f0040fe0   0000000b  sw       x15, -0x20(x8)
#699 0 8000010e fe842783 r 0f         00000005  lw       x15, -0x18(x8)
#700 0 80000112     17fd r 0f         00000004  c.addi   x15, -0x1
#701 0 80000114     078a r 0f         00000010  c.slli   x15, 2
#702 0 80000116     17c1 r 0f         00000000  c.addi   x15, -0x10
#703 0 80000118     97a2 r 0f         f0041000  c.add    x15, x8
#704 0 8000011a fb87a703 r 0e         00000043  lw       x14, -0x48(x15)
#705 0 8000011e fe842783 r 0f         00000005  lw       x15, -0x18(x8)
#706 0 80000122     078a r 0f         00000014  c.slli   x15, 2
#707 0 80000124     17c1 r 0f         00000004  c.addi   x15, -0x10
#708 0 80000126     97a2 r 0f         f0041004  c.add    x15, x8
#709 0 80000128 fae7ac23 m f0040fbc   00000043  sw       x14, -0x48(x15)
#710 0 8000012c fe842783 r 0f         00000005  lw       x15, -0x18(x8)
#711 0 80000130     17fd r 0f         00000004  c.addi   x15, -0x1
#712 0 80000132     078a r 0f         00000010  c.slli   x15, 2
#713 0 80000134     17c1 r 0f         00000000  c.addi   x15, -0x10
#714 0 80000136     97a2 r 0f         f0041000  c.add    x15, x8
#715 0 80000138 fe042703 r 0e         0000000b  lw       x14, -0x20(x8)
#716 0 8000013c fae7ac23 m f0040fb8   0000000b  sw       x14, -0x48(x15)
#717 0 80000140 fe842783 r 0f         00000005  lw       x15, -0x18(x8)
#718 0 80000144     17fd r 0f         00000004  c.addi   x15, -0x1
#719 0 80000146 fef42423 m f0040fe8   00000004  sw       x15, -0x18(x8)
#720 0 8000014a fe842783 r 0f         00000004  lw       x15, -0x18(x8)
#721 0 8000014e 02f05363 r 00         00000000  bge      x0, x15, . + 0x26
#722 0 80000152 fe842783 r 0f         00000004  lw       x15, -0x18(x8)
#723 0 80000156     17fd r 0f         00000003  c.addi   x15, -0x1
#724 0 80000158     078a r 0f         0000000c  c.slli   x15, 2
#725 0 8000015a     17c1 r 0f         fffffffc  c.addi   x15, -0x10
#726 0 8000015c     97a2 r 0f         f0040ffc  c.add    x15, x8
#727 0 8000015e fb87a703 r 0e         0000002d  lw       x14, -0x48(x15)
#728 0 80000162 fe842783 r 0f         00000004  lw       x15, -0x18(x8)
#729 0 80000166     078a r 0f         00000010  c.slli   x15, 2
#730 0 80000168     17c1 r 0f         00000000  c.addi   x15, -0x10
#731 0 8000016a     97a2 r 0f         f0041000  c.add    x15, x8
#732 0 8000016c fb87a783 r 0f         0000000b  lw       x15, -0x48(x15)
#733 0 80000170 f8e7c6e3 r 00         00000000  blt      x15, x14, . - 0x74
#734 0 800000fc fe842783 r 0f         00000004  lw       x15, -0x18(x8)
#735 0 80000100     078a r 0f         00000010  c.slli   x15, 2
#736 0 80000102     17c1 r 0f         00000000  c.addi   x15, -0x10
#737 0 80000104     97a2 r 0f         f0041000  c.add    x15, x8
#738 0 80000106 fb87a783 r 0f         0000000b  lw       x15, -0x48(x15)
#739 0 8000010a fef42023 m f0040fe0   0000000b  sw       x15, -0x20(x8)
#740 0 8000010e fe842783 r 0f         00000004  lw       x15, -0x18(x8)
#741 0 80000112     17fd r 0f         00000003  c.addi   x15, -0x1
#742 0 80000114     078a r 0f         0000000c  c.slli   x15, 2
#743 0 80000116     17c1 r 0f         fffffffc  c.addi   x15, -0x10
#744 0 80000118     97a2 r 0f         f0040ffc  c.add    x15, x8
#745 0 8000011a fb87a703 r 0e         0000002d  lw       x14, -0x48(x15)
#746 0 8000011e fe842783 r 0f         00000004  lw       x15, -0x18(x8)
#747 0 80000122     078a r 0f         00000010  c.slli   x15, 2
#748 0 80000124     17c1 r 0f         00000000  c.addi   x15, -0x10
#749 0 80000126     97a2 r 0f         f0041000  c.add    x15, x8
#750 0 80000128 fae7ac23 m f0040fb8   0000002d  sw       x14, -0x48(x15)
#751 0 8000012c fe842783 r 0f         00000004  lw       x15, -0x18(x8)
#752 0 80000130     17fd r 0f         00000003  c.addi   x15, -0x1
#753 0 80000132     078a r 0f         0000000c  c.slli   x15, 2
#754 0 80000134     17c1 r 0f         fffffffc  c.addi   x15, -0x10
#755 0 80000136     97a2 r 0f         f0040ffc  c.add    x15, x8
#756 0 80000138 fe042703 r 0e         0000000b  lw       x14, -0x20(x8)
#757 0 8000013c fae7ac23 m f0040fb4   0000000b  sw       x14, -0x48(x15)
#758 0 80000140 fe842783 r 0f         00000004  lw       x15, -0x18(x8)
#759 0 80000144     17fd r 0f         00000003  c.addi   x15, -0x1
#760 0 80000146 fef42423 m f0040fe8   00000003  sw       x15, -0x18(x8)
#761 0 8000014a fe842783 r 0f         00000003  lw       x15, -0x18(x8)
#762 0 8000014e 02f05363 r 00         00000000  bge      x0, x15, . + 0x26
#763 0 80000152 fe842783 r 0f         00000003  lw       x15, -0x18(x8)
#764 0 80000156     17fd r 0f         00000002  c.addi   x15, -0x1
#765 0 80000158     078a r 0f         00000008  c.slli   x15, 2
#766 0 8000015a     17c1 r 0f         fffffff8  c.addi   x15, -0x10
#767 0 8000015c     97a2 r 0f         f0040ff8  c.add    x15, x8
#768 0 8000015e fb87a703 r 0e         0000002c  lw       x14, -0x48(x15)
#769 0 80000162 fe842783 r 0f         00000003  lw       x15, -0x18(x8)
#770 0 80000166     078a r 0f         0000000c  c.slli   x15, 2
#771 0 80000168     17c1 r 0f         fffffffc  c.addi   x15, -0x10
#772 0 8000016a     97a2 r 0f         f0040ffc  c.add    x15, x8
#773 0 8000016c fb87a783 r 0f         0000000b  lw       x15, -0x48(x15)
#774 0 80000170 f8e7c6e3 r 00         00000000  blt      x15, x14, . - 0x74
#775 0 800000fc fe842783 r 0f         00000003  lw       x15, -0x18(x8)
#776 0 80000100     078a r 0f         0000000c  c.slli   x15, 2
#777 0 80000102     17c1 r 0f         fffffffc  c.addi   x15, -0x10
#778 0 80000104     97a2 r 0f         f0040ffc  c.add    x15, x8
#779 0 80000106 fb87a783 r 0f         0000000b  lw       x15, -0x48(x15)
#780 0 8000010a fef42023 m f0040fe0   0000000b  sw       x15, -0x20(x8)
#781 0 8000010e fe842783 r 0f         00000003  lw       x15, -0x18(x8)
#782 0 80000112     17fd r 0f         00000002  c.addi   x15, -0x1
#783 0 80000114     078a r 0f         00000008  c.slli   x15, 2
#784 0 80000116     17c1 r 0f         fffffff8  c.addi   x15, -0x10
#785 0 80000118     97a2 r 0f         f0040ff8  c.add    x15, x8
#786 0 8000011a fb87a703 r 0e         0000002c  lw       x14, -0x48(x15)
#787 0 8000011e fe842783 r 0f         00000003  lw       x15, -0x18(x8)
#788 0 80000122     078a r 0f         0000000c  c.slli   x15, 2
#789 0 80000124     17c1 r 0f         fffffffc  c.addi   x15, -0x10
#790 0 80000126     97a2 r 0f         f0040ffc  c.add    x15, x8
#791 0 80000128 fae7ac23 m f0040fb4   0000002c  sw       x14, -0x48(x15)
#792 0 8000012c fe842783 r 0f         00000003  lw       x15, -0x18(x8)
#793 0 80000130     17fd r 0f         00000002  c.addi   x15, -0x1
#794 0 80000132     078a r 0f         00000008  c.slli   x15, 2
#795 0 80000134     17c1 r 0f         fffffff8  c.addi   x15, -0x10
#796 0 80000136     97a2 r 0f         f0040ff8  c.add    x15, x8
#797 0 80000138 fe042703 r 0e         0000000b  lw       x14, -0x20(x8)
#798 0 8000013c fae7ac23 m f0040fb0   0000000b  sw       x14, -0x48(x15)
#799 0 80000140 fe842783 r 0f         00000003  lw       x15, -0x18(x8)
#800 0 80000144     17fd r 0f         00000002  c.addi   x15, -0x1
#801 0 80000146 fef42423 m f0040fe8   00000002  sw       x15, -0x18(x8)
#802 0 8000014a fe842783 r 0f         00000002  lw       x15, -0x18(x8)
#803 0 8000014e 02f05363 r 00         00000000  bge      x0, x15, . + 0x26
#804 0 80000152 fe842783 r 0f         00000002  lw       x15, -0x18(x8)
#805 0 80000156     17fd r 0f         00000001  c.addi   x15, -0x1
#806 0 80000158     078a r 0f         00000004  c.slli   x15, 2
#807 0 8000015a     17c1 r 0f         fffffff4  c.addi   x15, -0x10
#808 0 8000015c     97a2 r 0f         f0040ff4  c.add    x15, x8
#809 0 8000015e fb87a703 r 0e         00000017  lw       x14, -0x48(x15)
#810 0 80000162 fe842783 r 0f         00000002  lw       x15, -0x18(x8)
#811 0 80000166     078a r 0f         00000008  c.slli   x15, 2
#812 0 80000168     17c1 r 0f         fffffff8  c.addi   x15, -0x10
#813 0 8000016a     97a2 r 0f         f0040ff8  c.add    x15, x8
#814 0 8000016c fb87a783 r 0f         0000000b  lw       x15, -0x48(x15)
#815 0 80000170 f8e7c6e3 r 00         00000000  blt      x15, x14, . - 0x74
#816 0 800000fc fe842783 r 0f         00000002  lw       x15, -0x18(x8)
#817 0 80000100     078a r 0f         00000008  c.slli   x15, 2
#818 0 80000102     17c1 r 0f         fffffff8  c.addi   x15, -0x10
#819 0 80000104     97a2 r 0f         f0040ff8  c.add    x15, x8
#820 0 80000106 fb87a783 r 0f         0000000b  lw       x15, -0x48(x15)
#821 0 8000010a fef42023 m f0040fe0   0000000b  sw       x15, -0x20(x8)
#822 0 8000010e fe842783 r 0f         00000002  lw       x15, -0x18(x8)
#823 0 80000112     17fd r 0f         00000001  c.addi   x15, -0x1
#824 0 80000114     078a r 0f         00000004  c.slli   x15, 2
#825 0 80000116     17c1 r 0f         fffffff4  c.addi   x15, -0x10
#826 0 80000118     97a2 r 0f         f0040ff4  c.add    x15, x8
#827 0 8000011a fb87a703 r 0e         00000017  lw       x14, -0x48(x15)
#828 0 8000011e fe842783 r 0f         00000002  lw       x15, -0x18(x8)
#829 0 80000122     078a r 0f         00000008  c.slli   x15, 2
#830 0 80000124     17c1 r 0f         fffffff8  c.addi   x15, -0x10
#831 0 80000126     97a2 r 0f         f0040ff8  c.add    x15, x8
#832 0 80000128 fae7ac23 m f0040fb0   00000017  sw       x14, -0x48(x15)
#833 0 8000012c fe842783 r 0f         00000002  lw       x15, -0x18(x8)
#834 0 80000130     17fd r 0f         00000001  c.addi   x15, -0x1
#835 0 80000132     078a r 0f         00000004  c.slli   x15, 2
#836 0 80000134     17c1 r 0f         fffffff4  c.addi   x15, -0x10
#837 0 80000136     97a2 r 0f         f0040ff4  c.add    x15, x8
#838 0 80000138 fe042703 r 0e         0000000b  lw       x14, -0x20(x8)
#839 0 8000013c fae7ac23 m f0040fac   0000000b  sw       x14, -0x48(x15)
#840 0 80000140 fe842783 r 0f         00000002  lw       x15, -0x18(x8)
#841 0 80000144     17fd r 0f         00000001  c.addi   x15, -0x1
#842 0 80000146 fef42423 m f0040fe8   00000001  sw       x15, -0x18(x8)
#843 0 8000014a fe842783 r 0f         00000001  lw       x15, -0x18(x8)
#844 0 8000014e 02f05363 r 00         00000000  bge      x0, x15, . + 0x26
#845 0 80000152 fe842783 r 0f         00000001  lw       x15, -0x18(x8)
#846 0 80000156     17fd r 0f         00000000  c.addi   x15, -0x1
#847 0 80000158     078a r 0f         00000000  c.slli   x15, 2
#848 0 8000015a     17c1 r 0f         fffffff0  c.addi   x15, -0x10
#849 0 8000015c     97a2 r 0f         f0040ff0  c.add    x15, x8
#850 0 8000015e fb87a703 r 0e         0000000c  lw       x14, -0x48(x15)
#851 0 80000162 fe842783 r 0f         00000001  lw       x15, -0x18(x8)
#852 0 80000166     078a r 0f         00000004  c.slli   x15, 2
#853 0 80000168     17c1 r 0f         fffffff4  c.addi   x15, -0x10
#854 0 8000016a     97a2 r 0f         f0040ff4  c.add    x15, x8
#855 0 8000016c fb87a783 r 0f         0000000b  lw       x15, -0x48(x15)
#856 0 80000170 f8e7c6e3 r 00         00000000  blt      x15, x14, . - 0x74
#857 0 800000fc fe842783 r 0f         00000001  lw       x15, -0x18(x8)
#858 0 80000100     078a r 0f         00000004  c.slli   x15, 2
#859 0 80000102     17c1 r 0f         fffffff4  c.addi   x15, -0x10
#860 0 80000104     97a2 r 0f         f0040ff4  c.add    x15, x8
#861 0 80000106 fb87a783 r 0f         0000000b  lw       x15, -0x48(x15)
#862 0 8000010a fef42023 m f0040fe0   0000000b  sw       x15, -0x20(x8)
#863 0 8000010e fe842783 r 0f         00000001  lw       x15, -0x18(x8)
#864 0 80000112     17fd r 0f         00000000  c.addi   x15, -0x1
#865 0 80000114     078a r 0f         00000000  c.slli   x15, 2
#866 0 80000116     17c1 r 0f         fffffff0  c.addi   x15, -0x10
#867 0 80000118     97a2 r 0f         f0040ff0  c.add    x15, x8
#868 0 8000011a fb87a703 r 0e         0000000c  lw       x14, -0x48(x15)
#869 0 8000011e fe842783 r 0f         00000001  lw       x15, -0x18(x8)
#870 0 80000122     078a r 0f         00000004  c.slli   x15, 2
#871 0 80000124     17c1 r 0f         fffffff4  c.addi   x15, -0x10
#872 0 80000126     97a2 r 0f         f0040ff4  c.add    x15, x8
#873 0 80000128 fae7ac23 m f0040fac   0000000c  sw       x14, -0x48(x15)
#874 0 8000012c fe842783 r 0f         00000001  lw       x15, -0x18(x8)
#875 0 80000130     17fd r 0f         00000000  c.addi   x15, -0x1
#876 0 80000132     078a r 0f         00000000  c.slli   x15, 2
#877 0 80000134     17c1 r 0f         fffffff0  c.addi   x15, -0x10
#878 0 80000136     97a2 r 0f         f0040ff0  c.add    x15, x8
#879 0 80000138 fe042703 r 0e         0000000b  lw       x14, -0x20(x8)
#880 0 8000013c fae7ac23 m f0040fa8   0000000b  sw       x14, -0x48(x15)
#881 0 80000140 fe842783 r 0f         00000001  lw       x15, -0x18(x8)
#882 0 80000144     17fd r 0f         00000000  c.addi   x15, -0x1
#883 0 80000146 fef42423 m f0040fe8   00000000  sw       x15, -0x18(x8)
#884 0 8000014a fe842783 r 0f         00000000  lw       x15, -0x18(x8)
#885 0 8000014e 02f05363 r 00         00000000  bge      x0, x15, . + 0x26
#886 0 80000174 fec42783 r 0f         00000007  lw       x15, -0x14(x8)
#887 0 80000178     0785 r 0f         00000008  c.addi   x15, 0x1
#888 0 8000017a fef42623 m f0040fec   00000008  sw       x15, -0x14(x8)
#889 0 8000017e fe442703 r 0e         0000000d  lw       x14, -0x1c(x8)
#890 0 80000182 fec42783 r 0f         00000008  lw       x15, -0x14(x8)
#891 0 80000186 f6e7c6e3 r 00         00000000  blt      x15, x14, . - 0x94
#892 0 800000f2 fec42783 r 0f         00000008  lw       x15, -0x14(x8)
#893 0 800000f6 fef42423 m f0040fe8   00000008  sw       x15, -0x18(x8)
#894 0 800000fa     a881 r 00         00000000  c.j      . + 0x50
#895 0 8000014a fe842783 r 0f         00000008  lw       x15, -0x18(x8)
#896 0 8000014e 02f05363 r 00         00000000  bge      x0, x15, . + 0x26
#897 0 80000152 fe842783 r 0f         00000008  lw       x15, -0x18(x8)
#898 0 80000156     17fd r 0f         00000007  c.addi   x15, -0x1
#899 0 80000158     078a r 0f         0000001c  c.slli   x15, 2
#900 0 8000015a     17c1 r 0f         0000000c  c.addi   x15, -0x10
#901 0 8000015c     97a2 r 0f         f004100c  c.add    x15, x8
#902 0 8000015e fb87a703 r 0e         00000059  lw       x14, -0x48(x15)
#903 0 80000162 fe842783 r 0f         00000008  lw       x15, -0x18(x8)
#904 0 80000166     078a r 0f         00000020  c.slli   x15, 2
#905 0 80000168     17c1 r 0f         00000010  c.addi   x15, -0x10
#906 0 8000016a     97a2 r 0f         f0041010  c.add    x15, x8
#907 0 8000016c fb87a783 r 0f         0000005a  lw       x15, -0x48(x15)
#908 0 80000170 f8e7c6e3 r 00         00000000  blt      x15, x14, . - 0x74
#909 0 80000174 fec42783 r 0f         00000008  lw       x15, -0x14(x8)
#910 0 80000178     0785 r 0f         00000009  c.addi   x15, 0x1
#911 0 8000017a fef42623 m f0040fec   00000009  sw       x15, -0x14(x8)
#912 0 8000017e fe442703 r 0e         0000000d  lw       x14, -0x1c(x8)
#913 0 80000182 fec42783 r 0f         00000009  lw       x15, -0x14(x8)
#914 0 80000186 f6e7c6e3 r 00         00000000  blt      x15, x14, . - 0x94
#915 0 800000f2 fec42783 r 0f         00000009  lw       x15, -0x14(x8)
#916 0 800000f6 fef42423 m f0040fe8   00000009  sw       x15, -0x18(x8)
#917 0 800000fa     a881 r 00         00000000  c.j      . + 0x50
#918 0 8000014a fe842783 r 0f         00000009  lw       x15, -0x18(x8)
#919 0 8000014e 02f05363 r 00         00000000  bge      x0, x15, . + 0x26
#920 0 80000152 fe842783 r 0f         00000009  lw       x15, -0x18(x8)
#921 0 80000156     17fd r 0f         00000008  c.addi   x15, -0x1
#922 0 80000158     078a r 0f         00000020  c.slli   x15, 2
#923 0 8000015a     17c1 r 0f         00000010  c.addi   x15, -0x10
#924 0 8000015c     97a2 r 0f         f0041010  c.add    x15, x8
#925 0 8000015e fb87a703 r 0e         0000005a  lw       x14, -0x48(x15)
#926 0 80000162 fe842783 r 0f         00000009  lw       x15, -0x18(x8)
#927 0 80000166     078a r 0f         00000024  c.slli   x15, 2
#928 0 80000168     17c1 r 0f         00000014  c.addi   x15, -0x10
#929 0 8000016a     97a2 r 0f         f0041014  c.add    x15, x8
#930 0 8000016c fb87a783 r 0f         00000048  lw       x15, -0x48(x15)
#931 0 80000170 f8e7c6e3 r 00         00000000  blt      x15, x14, . - 0x74
#932 0 800000fc fe842783 r 0f         00000009  lw       x15, -0x18(x8)
#933 0 80000100     078a r 0f         00000024  c.slli   x15, 2
#934 0 80000102     17c1 r 0f         00000014  c.addi   x15, -0x10
#935 0 80000104     97a2 r 0f         f0041014  c.add    x15, x8
#936 0 80000106 fb87a783 r 0f         00000048  lw       x15, -0x48(x15)
#937 0 8000010a fef42023 m f0040fe0   00000048  sw       x15, -0x20(x8)
#938 0 8000010e fe842783 r 0f         00000009  lw       x15, -0x18(x8)
#939 0 80000112     17fd r 0f         00000008  c.addi   x15, -0x1
#940 0 80000114     078a r 0f         00000020  c.slli   x15, 2
#941 0 80000116     17c1 r 0f         00000010  c.addi   x15, -0x10
#942 0 80000118     97a2 r 0f         f0041010  c.add    x15, x8
#943 0 8000011a fb87a703 r 0e         0000005a  lw       x14, -0x48(x15)
#944 0 8000011e fe842783 r 0f         00000009  lw       x15, -0x18(x8)
#945 0 80000122     078a r 0f         00000024  c.slli   x15, 2
#946 0 80000124     17c1 r 0f         00000014  c.addi   x15, -0x10
#947 0 80000126     97a2 r 0f         f0041014  c.add    x15, x8
#948 0 80000128 fae7ac23 m f0040fcc   0000005a  sw       x14, -0x48(x15)
#949 0 8000012c fe842783 r 0f         00000009  lw       x15, -0x18(x8)
#950 0 80000130     17fd r 0f         00000008  c.addi   x15, -0x1
#951 0 80000132     078a r 0f         00000020  c.slli   x15, 2
#952 0 80000134     17c1 r 0f         00000010  c.addi   x15, -0x10
#953 0 80000136     97a2 r 0f         f0041010  c.add    x15, x8
#954 0 80000138 fe042703 r 0e         00000048  lw       x14, -0x20(x8)
#955 0 8000013c fae7ac23 m f0040fc8   00000048  sw       x14, -0x48(x15)
#956 0 80000140 fe842783 r 0f         00000009  lw       x15, -0x18(x8)
#957 0 80000144     17fd r 0f         00000008  c.addi   x15, -0x1
#958 0 80000146 fef42423 m f0040fe8   00000008  sw       x15, -0x18(x8)
#959 0 8000014a fe842783 r 0f         00000008  lw       x15, -0x18(x8)
#960 0 8000014e 02f05363 r 00         00000000  bge      x0, x15, . + 0x26
#961 0 80000152 fe842783 r 0f         00000008  lw       x15, -0x18(x8)
#962 0 80000156     17fd r 0f         00000007  c.addi   x15, -0x1
#963 0 80000158     078a r 0f         0000001c  c.slli   x15, 2
#964 0 8000015a     17c1 r 0f         0000000c  c.addi   x15, -0x10
#965 0 8000015c     97a2 r 0f         f004100c  c.add    x15, x8
#966 0 8000015e fb87a703 r 0e         00000059  lw       x14, -0x48(x15)
#967 0 80000162 fe842783 r 0f         00000008  lw       x15, -0x18(x8)
#968 0 80000166     078a r 0f         00000020  c.slli   x15, 2
#969 0 80000168     17c1 r 0f         00000010  c.addi   x15, -0x10
#970 0 8000016a     97a2 r 0f         f0041010  c.add    x15, x8
#971 0 8000016c fb87a783 r 0f         00000048  lw       x15, -0x48(x15)
#972 0 80000170 f8e7c6e3 r 00         00000000  blt      x15, x14, . - 0x74
#973 0 800000fc fe842783 r 0f         00000008  lw       x15, -0x18(x8)
#974 0 80000100     078a r 0f         00000020  c.slli   x15, 2
#975 0 80000102     17c1 r 0f         00000010  c.addi   x15, -0x10
#976 0 80000104     97a2 r 0f         f0041010  c.add    x15, x8
#977 0 80000106 fb87a783 r 0f         00000048  lw       x15, -0x48(x15)
#978 0 8000010a fef42023 m f0040fe0   00000048  sw       x15, -0x20(x8)
#979 0 8000010e fe842783 r 0f         00000008  lw       x15, -0x18(x8)
#980 0 80000112     17fd r 0f         00000007  c.addi   x15, -0x1
#981 0 80000114     078a r 0f         0000001c  c.slli   x15, 2
#982 0 80000116     17c1 r 0f         0000000c  c.addi   x15, -0x10
#983 0 80000118     97a2 r 0f         f004100c  c.add    x15, x8
#984 0 8000011a fb87a703 r 0e         00000059  lw       x14, -0x48(x15)
#985 0 8000011e fe842783 r 0f         00000008  lw       x15, -0x18(x8)
#986 0 80000122     078a r 0f         00000020  c.slli   x15, 2
#987 0 80000124     17c1 r 0f         00000010  c.addi   x15, -0x10
#988 0 80000126     97a2 r 0f         f0041010  c.add    x15, x8
#989 0 80000128 fae7ac23 m f0040fc8   00000059  sw       x14, -0x48(x15)
#990 0 8000012c fe842783 r 0f         00000008  lw       x15, -0x18(x8)
#991 0 80000130     17fd r 0f         00000007  c.addi   x15, -0x1
#992 0 80000132     078a r 0f         0000001c  c.slli   x15, 2
#993 0 80000134     17c1 r 0f         0000000c  c.addi   x15, -0x10
#994 0 80000136     97a2 r 0f         f004100c  c.add    x15, x8
#995 0 80000138 fe042703 r 0e         00000048  lw       x14, -0x20(x8)
#996 0 8000013c fae7ac23 m f0040fc4   00000048  sw       x14, -0x48(x15)
#997 0 80000140 fe842783 r 0f         00000008  lw       x15, -0x18(x8)
#998 0 80000144     17fd r 0f         00000007  c.addi   x15, -0x1
#999 0 80000146 fef42423 m f0040fe8   00000007  sw       x15, -0x18(x8)
#1000 0 8000014a fe842783 r 0f         00000007  lw       x15, -0x18(x8)
#1001 0 8000014e 02f05363 r 00         00000000  bge      x0, x15, . + 0x26
#1002 0 80000152 fe842783 r 0f         00000007  lw       x15, -0x18(x8)
#1003 0 80000156     17fd r 0f         00000006  c.addi   x15, -0x1
#1004 0 80000158     078a r 0f         00000018  c.slli   x15, 2
#1005 0 8000015a     17c1 r 0f         00000008  c.addi   x15, -0x10
#1006 0 8000015c     97a2 r 0f         f0041008  c.add    x15, x8
#1007 0 8000015e fb87a703 r 0e         00000058  lw       x14, -0x48(x15)
#1008 0 80000162 fe842783 r 0f         00000007  lw       x15, -0x18(x8)
#1009 0 80000166     078a r 0f         0000001c  c.slli   x15, 2
#1010 0 80000168     17c1 r 0f         0000000c  c.addi   x15, -0x10
#1011 0 8000016a     97a2 r 0f         f004100c  c.add    x15, x8
#1012 0 8000016c fb87a783 r 0f         00000048  lw       x15, -0x48(x15)
#1013 0 80000170 f8e7c6e3 r 00         00000000  blt      x15, x14, . - 0x74
#1014 0 800000fc fe842783 r 0f         00000007  lw       x15, -0x18(x8)
#1015 0 80000100     078a r 0f         0000001c  c.slli   x15, 2
#1016 0 80000102     17c1 r 0f         0000000c  c.addi   x15, -0x10
#1017 0 80000104     97a2 r 0f         f004100c  c.add    x15, x8
#1018 0 80000106 fb87a783 r 0f         00000048  lw       x15, -0x48(x15)
#1019 0 8000010a fef42023 m f0040fe0   00000048  sw       x15, -0x20(x8)
#1020 0 8000010e fe842783 r 0f         00000007  lw       x15, -0x18(x8)
#1021 0 80000112     17fd r 0f         00000006  c.addi   x15, -0x1
#1022 0 80000114     078a r 0f         00000018  c.slli   x15, 2
#1023 0 80000116     17c1 r 0f         00000008  c.addi   x15, -0x10
#1024 0 80000118     97a2 r 0f         f0041008  c.add    x15, x8
#1025 0 8000011a fb87a703 r 0e         00000058  lw       x14, -0x48(x15)
#1026 0 8000011e fe842783 r 0f         00000007  lw       x15, -0x18(x8)
#1027 0 80000122     078a r 0f         0000001c  c.slli   x15, 2
#1028 0 80000124     17c1 r 0f         0000000c  c.addi   x15, -0x10
#1029 0 80000126     97a2 r 0f         f004100c  c.add    x15, x8
#1030 0 80000128 fae7ac23 m f0040fc4   00000058  sw       x14, -0x48(x15)
#1031 0 8000012c fe842783 r 0f         00000007  lw       x15, -0x18(x8)
#1032 0 80000130     17fd r 0f         00000006  c.addi   x15, -0x1
#1033 0 80000132     078a r 0f         00000018  c.slli   x15, 2
#1034 0 80000134     17c1 r 0f         00000008  c.addi   x15, -0x10
#1035 0 80000136     97a2 r 0f         f0041008  c.add    x15, x8
#1036 0 80000138 fe042703 r 0e         00000048  lw       x14, -0x20(x8)
#1037 0 8000013c fae7ac23 m f0040fc0   00000048  sw       x14, -0x48(x15)
#1038 0 80000140 fe842783 r 0f         00000007  lw       x15, -0x18(x8)
#1039 0 80000144     17fd r 0f         00000006  c.addi   x15, -0x1
#1040 0 80000146 fef42423 m f0040fe8   00000006  sw       x15, -0x18(x8)
#1041 0 8000014a fe842783 r 0f         00000006  lw       x15, -0x18(x8)
#1042 0 8000014e 02f05363 r 00         00000000  bge      x0, x15, . + 0x26
#1043 0 80000152 fe842783 r 0f         00000006  lw       x15, -0x18(x8)
#1044 0 80000156     17fd r 0f         00000005  c.addi   x15, -0x1
#1045 0 80000158     078a r 0f         00000014  c.slli   x15, 2
#1046 0 8000015a     17c1 r 0f         00000004  c.addi   x15, -0x10
#1047 0 8000015c     97a2 r 0f         f0041004  c.add    x15, x8
#1048 0 8000015e fb87a703 r 0e         00000043  lw       x14, -0x48(x15)
#1049 0 80000162 fe842783 r 0f         00000006  lw       x15, -0x18(x8)
#1050 0 80000166     078a r 0f         00000018  c.slli   x15, 2
#1051 0 80000168     17c1 r 0f         00000008  c.addi   x15, -0x10
#1052 0 8000016a     97a2 r 0f         f0041008  c.add    x15, x8
#1053 0 8000016c fb87a783 r 0f         00000048  lw       x15, -0x48(x15)
#1054 0 80000170 f8e7c6e3 r 00         00000000  blt      x15, x14, . - 0x74
#1055 0 80000174 fec42783 r 0f         00000009  lw       x15, -0x14(x8)
#1056 0 80000178     0785 r 0f         0000000a  c.addi   x15, 0x1
#1057 0 8000017a fef42623 m f0040fec   0000000a  sw       x15, -0x14(x8)
#1058 0 8000017e fe442703 r 0e         0000000d  lw       x14, -0x1c(x8)
#1059 0 80000182 fec42783 r 0f         0000000a  lw       x15, -0x14(x8)
#1060 0 80000186 f6e7c6e3 r 00         00000000  blt      x15, x14, . - 0x94
#1061 0 800000f2 fec42783 r 0f         0000000a  lw       x15, -0x14(x8)
#1062 0 800000f6 fef42423 m f0040fe8   0000000a  sw       x15, -0x18(x8)
#1063 0 800000fa     a881 r 00         00000000  c.j      . + 0x50
#1064 0 8000014a fe842783 r 0f         0000000a  lw       x15, -0x18(x8)
#1065 0 8000014e 02f05363 r 00         00000000  bge      x0, x15, . + 0x26
#1066 0 80000152 fe842783 r 0f         0000000a  lw       x15, -0x18(x8)
#1067 0 80000156     17fd r 0f         00000009  c.addi   x15, -0x1
#1068 0 80000158     078a r 0f         00000024  c.slli   x15, 2
#1069 0 8000015a     17c1 r 0f         00000014  c.addi   x15, -0x10
#1070 0 8000015c     97a2 r 0f         f0041014  c.add    x15, x8
#1071 0 8000015e fb87a703 r 0e         0000005a  lw       x14, -0x48(x15)
#1072 0 80000162 fe842783 r 0f         0000000a  lw       x15, -0x18(x8)
#1073 0 80000166     078a r 0f         00000028  c.slli   x15, 2
#1074 0 80000168     17c1 r 0f         00000018  c.addi   x15, -0x10
#1075 0 8000016a     97a2 r 0f         f0041018  c.add    x15, x8
#1076 0 8000016c fb87a783 r 0f         0000004e  lw       x15, -0x48(x15)
#1077 0 80000170 f8e7c6e3 r 00         00000000  blt      x15, x14, . - 0x74
#1078 0 800000fc fe842783 r 0f         0000000a  lw       x15, -0x18(x8)
#1079 0 80000100     078a r 0f         00000028  c.slli   x15, 2
#1080 0 80000102     17c1 r 0f         00000018  c.addi   x15, -0x10
#1081 0 80000104     97a2 r 0f         f0041018  c.add    x15, x8
#1082 0 80000106 fb87a783 r 0f         0000004e  lw       x15, -0x48(x15)
#1083 0 8000010a fef42023 m f0040fe0   0000004e  sw       x15, -0x20(x8)
#1084 0 8000010e fe842783 r 0f         0000000a  lw       x15, -0x18(x8)
#1085 0 80000112     17fd r 0f         00000009  c.addi   x15, -0x1
#1086 0 80000114     078a r 0f         00000024  c.slli   x15, 2
#1087 0 80000116     17c1 r 0f         00000014  c.addi   x15, -0x10
#1088 0 80000118     97a2 r 0f         f0041014  c.add    x15, x8
#1089 0 8000011a fb87a703 r 0e         0000005a  lw       x14, -0x48(x15)
#1090 0 8000011e fe842783 r 0f         0000000a  lw       x15, -0x18(x8)
#1091 0 80000122     078a r 0f         00000028  c.slli   x15, 2
#1092 0 80000124     17c1 r 0f         00000018  c.addi   x15, -0x10
#1093 0 80000126     97a2 r 0f         f0041018  c.add    x15, x8
#1094 0 80000128 fae7ac23 m f0040fd0   0000005a  sw       x14, -0x48(x15)
#1095 0 8000012c fe842783 r 0f         0000000a  lw       x15, -0x18(x8)
#1096 0 80000130     17fd r 0f         00000009  c.addi   x15, -0x1
#1097 0 80000132     078a r 0f         00000024  c.slli   x15, 2
#1098 0 80000134     17c1 r 0f         00000014  c.addi   x15, -0x10
#1099 0 80000136     97a2 r 0f         f0041014  c.add    x15, x8
#1100 0 80000138 fe042703 r 0e         0000004e  lw       x14, -0x20(x8)
#1101 0 8000013c fae7ac23 m f0040fcc   0000004e  sw       x14, -0x48(x15)
#1102 0 80000140 fe842783 r 0f         0000000a  lw       x15, -0x18(x8)
#1103 0 80000144     17fd r 0f         00000009  c.addi   x15, -0x1
#1104 0 80000146 fef42423 m f0040fe8   00000009  sw       x15, -0x18(x8)
#1105 0 8000014a fe842783 r 0f         00000009  lw       x15, -0x18(x8)
#1106 0 8000014e 02f05363 r 00         00000000  bge      x0, x15, . + 0x26
#1107 0 80000152 fe842783 r 0f         00000009  lw       x15, -0x18(x8)
#1108 0 80000156     17fd r 0f         00000008  c.addi   x15, -0x1
#1109 0 80000158     078a r 0f         00000020  c.slli   x15, 2
#1110 0 8000015a     17c1 r 0f         00000010  c.addi   x15, -0x10
#1111 0 8000015c     97a2 r 0f         f0041010  c.add    x15, x8
#1112 0 8000015e fb87a703 r 0e         00000059  lw       x14, -0x48(x15)
#1113 0 80000162 fe842783 r 0f         00000009  lw       x15, -0x18(x8)
#1114 0 80000166     078a r 0f         00000024  c.slli   x15, 2
#1115 0 80000168     17c1 r 0f         00000014  c.addi   x15, -0x10
#1116 0 8000016a     97a2 r 0f         f0041014  c.add    x15, x8
#1117 0 8000016c fb87a783 r 0f         0000004e  lw       x15, -0x48(x15)
#1118 0 80000170 f8e7c6e3 r 00         00000000  blt      x15, x14, . - 0x74
#1119 0 800000fc fe842783 r 0f         00000009  lw       x15, -0x18(x8)
#1120 0 80000100     078a r 0f         00000024  c.slli   x15, 2
#1121 0 80000102     17c1 r 0f         00000014  c.addi   x15, -0x10
#1122 0 80000104     97a2 r 0f         f0041014  c.add    x15, x8
#1123 0 80000106 fb87a783 r 0f         0000004e  lw       x15, -0x48(x15)
#1124 0 8000010a fef42023 m f0040fe0   0000004e  sw       x15, -0x20(x8)
#1125 0 8000010e fe842783 r 0f         00000009  lw       x15, -0x18(x8)
#1126 0 80000112     17fd r 0f         00000008  c.addi   x15, -0x1
#1127 0 80000114     078a r 0f         00000020  c.slli   x15, 2
#1128 0 80000116     17c1 r 0f         00000010  c.addi   x15, -0x10
#1129 0 80000118     97a2 r 0f         f0041010  c.add    x15, x8
#1130 0 8000011a fb87a703 r 0e         00000059  lw       x14, -0x48(x15)
#1131 0 8000011e fe842783 r 0f         00000009  lw       x15, -0x18(x8)
#1132 0 80000122     078a r 0f         00000024  c.slli   x15, 2
#1133 0 80000124     17c1 r 0f         00000014  c.addi   x15, -0x10
#1134 0 80000126     97a2 r 0f         f0041014  c.add    x15, x8
#1135 0 80000128 fae7ac23 m f0040fcc   00000059  sw       x14, -0x48(x15)
#1136 0 8000012c fe842783 r 0f         00000009  lw       x15, -0x18(x8)
#1137 0 80000130     17fd r 0f         00000008  c.addi   x15, -0x1
#1138 0 80000132     078a r 0f         00000020  c.slli   x15, 2
#1139 0 80000134     17c1 r 0f         00000010  c.addi   x15, -0x10
#1140 0 80000136     97a2 r 0f         f0041010  c.add    x15, x8
#1141 0 80000138 fe042703 r 0e         0000004e  lw       x14, -0x20(x8)
#1142 0 8000013c fae7ac23 m f0040fc8   0000004e  sw       x14, -0x48(x15)
#1143 0 80000140 fe842783 r 0f         00000009  lw       x15, -0x18(x8)
#1144 0 80000144     17fd r 0f         00000008  c.addi   x15, -0x1
#1145 0 80000146 fef42423 m f0040fe8   00000008  sw       x15, -0x18(x8)
#1146 0 8000014a fe842783 r 0f         00000008  lw       x15, -0x18(x8)
#1147 0 8000014e 02f05363 r 00         00000000  bge      x0, x15, . + 0x26
#1148 0 80000152 fe842783 r 0f         00000008  lw       x15, -0x18(x8)
#1149 0 80000156     17fd r 0f         00000007  c.addi   x15, -0x1
#1150 0 80000158     078a r 0f         0000001c  c.slli   x15, 2
#1151 0 8000015a     17c1 r 0f         0000000c  c.addi   x15, -0x10
#1152 0 8000015c     97a2 r 0f         f004100c  c.add    x15, x8
#1153 0 8000015e fb87a703 r 0e         00000058  lw       x14, -0x48(x15)
#1154 0 80000162 fe842783 r 0f         00000008  lw       x15, -0x18(x8)
#1155 0 80000166     078a r 0f         00000020  c.slli   x15, 2
#1156 0 80000168     17c1 r 0f         00000010  c.addi   x15, -0x10
#1157 0 8000016a     97a2 r 0f         f0041010  c.add    x15, x8
#1158 0 8000016c fb87a783 r 0f         0000004e  lw       x15, -0x48(x15)
#1159 0 80000170 f8e7c6e3 r 00         00000000  blt      x15, x14, . - 0x74
#1160 0 800000fc fe842783 r 0f         00000008  lw       x15, -0x18(x8)
#1161 0 80000100     078a r 0f         00000020  c.slli   x15, 2
#1162 0 80000102     17c1 r 0f         00000010  c.addi   x15, -0x10
#1163 0 80000104     97a2 r 0f         f0041010  c.add    x15, x8
#1164 0 80000106 fb87a783 r 0f         0000004e  lw       x15, -0x48(x15)
#1165 0 8000010a fef42023 m f0040fe0   0000004e  sw       x15, -0x20(x8)
#1166 0 8000010e fe842783 r 0f         00000008  lw       x15, -0x18(x8)
#1167 0 80000112     17fd r 0f         00000007  c.addi   x15, -0x1
#1168 0 80000114     078a r 0f         0000001c  c.slli   x15, 2
#1169 0 80000116     17c1 r 0f         0000000c  c.addi   x15, -0x10
#1170 0 80000118     97a2 r 0f         f004100c  c.add    x15, x8
#1171 0 8000011a fb87a703 r 0e         00000058  lw       x14, -0x48(x15)
#1172 0 8000011e fe842783 r 0f         00000008  lw       x15, -0x18(x8)
#1173 0 80000122     078a r 0f         00000020  c.slli   x15, 2
#1174 0 80000124     17c1 r 0f         00000010  c.addi   x15, -0x10
#1175 0 80000126     97a2 r 0f         f0041010  c.add    x15, x8
#1176 0 80000128 fae7ac23 m f0040fc8   00000058  sw       x14, -0x48(x15)
#1177 0 8000012c fe842783 r 0f         00000008  lw       x15, -0x18(x8)
#1178 0 80000130     17fd r 0f         00000007  c.addi   x15, -0x1
#1179 0 80000132     078a r 0f         0000001c  c.slli   x15, 2
#1180 0 80000134     17c1 r 0f         0000000c  c.addi   x15, -0x10
#1181 0 80000136     97a2 r 0f         f004100c  c.add    x15, x8
#1182 0 80000138 fe042703 r 0e         0000004e  lw       x14, -0x20(x8)
#1183 0 8000013c fae7ac23 m f0040fc4   0000004e  sw       x14, -0x48(x15)
#1184 0 80000140 fe842783 r 0f         00000008  lw       x15, -0x18(x8)
#1185 0 80000144     17fd r 0f         00000007  c.addi   x15, -0x1
#1186 0 80000146 fef42423 m f0040fe8   00000007  sw       x15, -0x18(x8)
#1187 0 8000014a fe842783 r 0f         00000007  lw       x15, -0x18(x8)
#1188 0 8000014e 02f05363 r 00         00000000  bge      x0, x15, . + 0x26
#1189 0 80000152 fe842783 r 0f         00000007  lw       x15, -0x18(x8)
#1190 0 80000156     17fd r 0f         00000006  c.addi   x15, -0x1
#1191 0 80000158     078a r 0f         00000018  c.slli   x15, 2
#1192 0 8000015a     17c1 r 0f         00000008  c.addi   x15, -0x10
#1193 0 8000015c     97a2 r 0f         f0041008  c.add    x15, x8
#1194 0 8000015e fb87a703 r 0e         00000048  lw       x14, -0x48(x15)
#1195 0 80000162 fe842783 r 0f         00000007  lw       x15, -0x18(x8)
#1196 0 80000166     078a r 0f         0000001c  c.slli   x15, 2
#1197 0 80000168     17c1 r 0f         0000000c  c.addi   x15, -0x10
#1198 0 8000016a     97a2 r 0f         f004100c  c.add    x15, x8
#1199 0 8000016c fb87a783 r 0f         0000004e  lw       x15, -0x48(x15)
#1200 0 80000170 f8e7c6e3 r 00         00000000  blt      x15, x14, . - 0x74
#1201 0 80000174 fec42783 r 0f         0000000a  lw       x15, -0x14(x8)
#1202 0 80000178     0785 r 0f         0000000b  c.addi   x15, 0x1
#1203 0 8000017a fef42623 m f0040fec   0000000b  sw       x15, -0x14(x8)
#1204 0 8000017e fe442703 r 0e         0000000d  lw       x14, -0x1c(x8)
#1205 0 80000182 fec42783 r 0f         0000000b  lw       x15, -0x14(x8)
#1206 0 80000186 f6e7c6e3 r 00         00000000  blt      x15, x14, . - 0x94
#1207 0 800000f2 fec42783 r 0f         0000000b  lw       x15, -0x14(x8)
#1208 0 800000f6 fef42423 m f0040fe8   0000000b  sw       x15, -0x18(x8)
#1209 0 800000fa     a881 r 00         00000000  c.j      . + 0x50
#1210 0 8000014a fe842783 r 0f         0000000b  lw       x15, -0x18(x8)
#1211 0 8000014e 02f05363 r 00         00000000  bge      x0, x15, . + 0x26
#1212 0 80000152 fe842783 r 0f         0000000b  lw       x15, -0x18(x8)
#1213 0 80000156     17fd r 0f         0000000a  c.addi   x15, -0x1
#1214 0 80000158     078a r 0f         00000028  c.slli   x15, 2
#1215 0 8000015a     17c1 r 0f         00000018  c.addi   x15, -0x10
#1216 0 8000015c     97a2 r 0f         f0041018  c.add    x15, x8
#1217 0 8000015e fb87a703 r 0e         0000005a  lw       x14, -0x48(x15)
#1218 0 80000162 fe842783 r 0f         0000000b  lw       x15, -0x18(x8)
#1219 0 80000166     078a r 0f         0000002c  c.slli   x15, 2
#1220 0 80000168     17c1 r 0f         0000001c  c.addi   x15, -0x10
#1221 0 8000016a     97a2 r 0f         f004101c  c.add    x15, x8
#1222 0 8000016c fb87a783 r 0f         00000022  lw       x15, -0x48(x15)
#1223 0 80000170 f8e7c6e3 r 00         00000000  blt      x15, x14, . - 0x74
#1224 0 800000fc fe842783 r 0f         0000000b  lw       x15, -0x18(x8)
#1225 0 80000100     078a r 0f         0000002c  c.slli   x15, 2
#1226 0 80000102     17c1 r 0f         0000001c  c.addi   x15, -0x10
#1227 0 80000104     97a2 r 0f         f004101c  c.add    x15, x8
#1228 0 80000106 fb87a783 r 0f         00000022  lw       x15, -0x48(x15)
#1229 0 8000010a fef42023 m f0040fe0   00000022  sw       x15, -0x20(x8)
#1230 0 8000010e fe842783 r 0f         0000000b  lw       x15, -0x18(x8)
#1231 0 80000112     17fd r 0f         0000000a  c.addi   x15, -0x1
#1232 0 80000114     078a r 0f         00000028  c.slli   x15, 2
#1233 0 80000116     17c1 r 0f         00000018  c.addi   x15, -0x10
#1234 0 80000118     97a2 r 0f         f0041018  c.add    x15, x8
#1235 0 8000011a fb87a703 r 0e         0000005a  lw       x14, -0x48(x15)
#1236 0 8000011e fe842783 r 0f         0000000b  lw       x15, -0x18(x8)
#1237 0 80000122     078a r 0f         0000002c  c.slli   x15, 2
#1238 0 80000124     17c1 r 0f         0000001c  c.addi   x15, -0x10
#1239 0 80000126     97a2 r 0f         f004101c  c.add    x15, x8
#1240 0 80000128 fae7ac23 m f0040fd4   0000005a  sw       x14, -0x48(x15)
#1241 0 8000012c fe842783 r 0f         0000000b  lw       x15, -0x18(x8)
#1242 0 80000130     17fd r 0f         0000000a  c.addi   x15, -0x1
#1243 0 80000132     078a r 0f         00000028  c.slli   x15, 2
#1244 0 80000134     17c1 r 0f         00000018  c.addi   x15, -0x10
#1245 0 80000136     97a2 r 0f         f0041018  c.add    x15, x8
#1246 0 80000138 fe042703 r 0e         00000022  lw       x14, -0x20(x8)
#1247 0 8000013c fae7ac23 m f0040fd0   00000022  sw       x14, -0x48(x15)
#1248 0 80000140 fe842783 r 0f         0000000b  lw       x15, -0x18(x8)
#1249 0 80000144     17fd r 0f         0000000a  c.addi   x15, -0x1
#1250 0 80000146 fef42423 m f0040fe8   0000000a  sw       x15, -0x18(x8)
#1251 0 8000014a fe842783 r 0f         0000000a  lw       x15, -0x18(x8)
#1252 0 8000014e 02f05363 r 00         00000000  bge      x0, x15, . + 0x26
#1253 0 80000152 fe842783 r 0f         0000000a  lw       x15, -0x18(x8)
#1254 0 80000156     17fd r 0f         00000009  c.addi   x15, -0x1
#1255 0 80000158     078a r 0f         00000024  c.slli   x15, 2
#1256 0 8000015a     17c1 r 0f         00000014  c.addi   x15, -0x10
#1257 0 8000015c     97a2 r 0f         f0041014  c.add    x15, x8
#1258 0 8000015e fb87a703 r 0e         00000059  lw       x14, -0x48(x15)
#1259 0 80000162 fe842783 r 0f         0000000a  lw       x15, -0x18(x8)
#1260 0 80000166     078a r 0f         00000028  c.slli   x15, 2
#1261 0 80000168     17c1 r 0f         00000018  c.addi   x15, -0x10
#1262 0 8000016a     97a2 r 0f         f0041018  c.add    x15, x8
#1263 0 8000016c fb87a783 r 0f         00000022  lw       x15, -0x48(x15)
#1264 0 80000170 f8e7c6e3 r 00         00000000  blt      x15, x14, . - 0x74
#1265 0 800000fc fe842783 r 0f         0000000a  lw       x15, -0x18(x8)
#1266 0 80000100     078a r 0f         00000028  c.slli   x15, 2
#1267 0 80000102     17c1 r 0f         00000018  c.addi   x15, -0x10
#1268 0 80000104     97a2 r 0f         f0041018  c.add    x15, x8
#1269 0 80000106 fb87a783 r 0f         00000022  lw       x15, -0x48(x15)
#1270 0 8000010a fef42023 m f0040fe0   00000022  sw       x15, -0x20(x8)
#1271 0 8000010e fe842783 r 0f         0000000a  lw       x15, -0x18(x8)
#1272 0 80000112     17fd r 0f         00000009  c.addi   x15, -0x1
#1273 0 80000114     078a r 0f         00000024  c.slli   x15, 2
#1274 0 80000116     17c1 r 0f         00000014  c.addi   x15, -0x10
#1275 0 80000118     97a2 r 0f         f0041014  c.add    x15, x8
#1276 0 8000011a fb87a703 r 0e         00000059  lw       x14, -0x48(x15)
#1277 0 8000011e fe842783 r 0f         0000000a  lw       x15, -0x18(x8)
#1278 0 80000122     078a r 0f         00000028  c.slli   x15, 2
#1279 0 80000124     17c1 r 0f         00000018  c.addi   x15, -0x10
#1280 0 80000126     97a2 r 0f         f0041018  c.add    x15, x8
#1281 0 80000128 fae7ac23 m f0040fd0   00000059  sw       x14, -0x48(x15)
#1282 0 8000012c fe842783 r 0f         0000000a  lw       x15, -0x18(x8)
#1283 0 80000130     17fd r 0f         00000009  c.addi   x15, -0x1
#1284 0 80000132     078a r 0f         00000024  c.slli   x15, 2
#1285 0 80000134     17c1 r 0f         00000014  c.addi   x15, -0x10
#1286 0 80000136     97a2 r 0f         f0041014  c.add    x15, x8
#1287 0 80000138 fe042703 r 0e         00000022  lw       x14, -0x20(x8)
#1288 0 8000013c fae7ac23 m f0040fcc   00000022  sw       x14, -0x48(x15)
#1289 0 80000140 fe842783 r 0f         0000000a  lw       x15, -0x18(x8)
#1290 0 80000144     17fd r 0f         00000009  c.addi   x15, -0x1
#1291 0 80000146 fef42423 m f0040fe8   00000009  sw       x15, -0x18(x8)
#1292 0 8000014a fe842783 r 0f         00000009  lw       x15, -0x18(x8)
#1293 0 8000014e 02f05363 r 00         00000000  bge      x0, x15, . + 0x26
#1294 0 80000152 fe842783 r 0f         00000009  lw       x15, -0x18(x8)
#1295 0 80000156     17fd r 0f         00000008  c.addi   x15, -0x1
#1296 0 80000158     078a r 0f         00000020  c.slli   x15, 2
#1297 0 8000015a     17c1 r 0f         00000010  c.addi   x15, -0x10
#1298 0 8000015c     97a2 r 0f         f0041010  c.add    x15, x8
#1299 0 8000015e fb87a703 r 0e         00000058  lw       x14, -0x48(x15)
#1300 0 80000162 fe842783 r 0f         00000009  lw       x15, -0x18(x8)
#1301 0 80000166     078a r 0f         00000024  c.slli   x15, 2
#1302 0 80000168     17c1 r 0f         00000014  c.addi   x15, -0x10
#1303 0 8000016a     97a2 r 0f         f0041014  c.add    x15, x8
#1304 0 8000016c fb87a783 r 0f         00000022  lw       x15, -0x48(x15)
#1305 0 80000170 f8e7c6e3 r 00         00000000  blt      x15, x14, . - 0x74
#1306 0 800000fc fe842783 r 0f         00000009  lw       x15, -0x18(x8)
#1307 0 80000100     078a r 0f         00000024  c.slli   x15, 2
#1308 0 80000102     17c1 r 0f         00000014  c.addi   x15, -0x10
#1309 0 80000104     97a2 r 0f         f0041014  c.add    x15, x8
#1310 0 80000106 fb87a783 r 0f         00000022  lw       x15, -0x48(x15)
#1311 0 8000010a fef42023 m f0040fe0   00000022  sw       x15, -0x20(x8)
#1312 0 8000010e fe842783 r 0f         00000009  lw       x15, -0x18(x8)
#1313 0 80000112     17fd r 0f         00000008  c.addi   x15, -0x1
#1314 0 80000114     078a r 0f         00000020  c.slli   x15, 2
#1315 0 80000116     17c1 r 0f         00000010  c.addi   x15, -0x10
#1316 0 80000118     97a2 r 0f         f0041010  c.add    x15, x8
#1317 0 8000011a fb87a703 r 0e         00000058  lw       x14, -0x48(x15)
#1318 0 8000011e fe842783 r 0f         00000009  lw       x15, -0x18(x8)
#1319 0 80000122     078a r 0f         00000024  c.slli   x15, 2
#1320 0 80000124     17c1 r 0f         00000014  c.addi   x15, -0x10
#1321 0 80000126     97a2 r 0f         f0041014  c.add    x15, x8
#1322 0 80000128 fae7ac23 m f0040fcc   00000058  sw       x14, -0x48(x15)
#1323 0 8000012c fe842783 r 0f         00000009  lw       x15, -0x18(x8)
#1324 0 80000130     17fd r 0f         00000008  c.addi   x15, -0x1
#1325 0 80000132     078a r 0f         00000020  c.slli   x15, 2
#1326 0 80000134     17c1 r 0f         00000010  c.addi   x15, -0x10
#1327 0 80000136     97a2 r 0f         f0041010  c.add    x15, x8
#1328 0 80000138 fe042703 r 0e         00000022  lw       x14, -0x20(x8)
#1329 0 8000013c fae7ac23 m f0040fc8   00000022  sw       x14, -0x48(x15)
#1330 0 80000140 fe842783 r 0f         00000009  lw       x15, -0x18(x8)
#1331 0 80000144     17fd r 0f         00000008  c.addi   x15, -0x1
#1332 0 80000146 fef42423 m f0040fe8   00000008  sw       x15, -0x18(x8)
#1333 0 8000014a fe842783 r 0f         00000008  lw       x15, -0x18(x8)
#1334 0 8000014e 02f05363 r 00         00000000  bge      x0, x15, . + 0x26
#1335 0 80000152 fe842783 r 0f         00000008  lw       x15, -0x18(x8)
#1336 0 80000156     17fd r 0f         00000007  c.addi   x15, -0x1
#1337 0 80000158     078a r 0f         0000001c  c.slli   x15, 2
#1338 0 8000015a     17c1 r 0f         0000000c  c.addi   x15, -0x10
#1339 0 8000015c     97a2 r 0f         f004100c  c.add    x15, x8
#1340 0 8000015e fb87a703 r 0e         0000004e  lw       x14, -0x48(x15)
#1341 0 80000162 fe842783 r 0f         00000008  lw       x15, -0x18(x8)
#1342 0 80000166     078a r 0f         00000020  c.slli   x15, 2
#1343 0 80000168     17c1 r 0f         00000010  c.addi   x15, -0x10
#1344 0 8000016a     97a2 r 0f         f0041010  c.add    x15, x8
#1345 0 8000016c fb87a783 r 0f         00000022  lw       x15, -0x48(x15)
#1346 0 80000170 f8e7c6e3 r 00         00000000  blt      x15, x14, . - 0x74
#1347 0 800000fc fe842783 r 0f         00000008  lw       x15, -0x18(x8)
#1348 0 80000100     078a r 0f         00000020  c.slli   x15, 2
#1349 0 80000102     17c1 r 0f         00000010  c.addi   x15, -0x10
#1350 0 80000104     97a2 r 0f         f0041010  c.add    x15, x8
#1351 0 80000106 fb87a783 r 0f         00000022  lw       x15, -0x48(x15)
#1352 0 8000010a fef42023 m f0040fe0   00000022  sw       x15, -0x20(x8)
#1353 0 8000010e fe842783 r 0f         00000008  lw       x15, -0x18(x8)
#1354 0 80000112     17fd r 0f         00000007  c.addi   x15, -0x1
#1355 0 80000114     078a r 0f         0000001c  c.slli   x15, 2
#1356 0 80000116     17c1 r 0f         0000000c  c.addi   x15, -0x10
#1357 0 80000118     97a2 r 0f         f004100c  c.add    x15, x8
#1358 0 8000011a fb87a703 r 0e         0000004e  lw       x14, -0x48(x15)
#1359 0 8000011e fe842783 r 0f         00000008  lw       x15, -0x18(x8)
#1360 0 80000122     078a r 0f         00000020  c.slli   x15, 2
#1361 0 80000124     17c1 r 0f         00000010  c.addi   x15, -0x10
#1362 0 80000126     97a2 r 0f         f0041010  c.add    x15, x8
#1363 0 80000128 fae7ac23 m f0040fc8   0000004e  sw       x14, -0x48(x15)
#1364 0 8000012c fe842783 r 0f         00000008  lw       x15, -0x18(x8)
#1365 0 80000130     17fd r 0f         00000007  c.addi   x15, -0x1
#1366 0 80000132     078a r 0f         0000001c  c.slli   x15, 2
#1367 0 80000134     17c1 r 0f         0000000c  c.addi   x15, -0x10
#1368 0 80000136     97a2 r 0f         f004100c  c.add    x15, x8
#1369 0 80000138 fe042703 r 0e         00000022  lw       x14, -0x20(x8)
#1370 0 8000013c fae7ac23 m f0040fc4   00000022  sw       x14, -0x48(x15)
#1371 0 80000140 fe842783 r 0f         00000008  lw       x15, -0x18(x8)
#1372 0 80000144     17fd r 0f         00000007  c.addi   x15, -0x1
#1373 0 80000146 fef42423 m f0040fe8   00000007  sw       x15, -0x18(x8)
#1374 0 8000014a fe842783 r 0f         00000007  lw       x15, -0x18(x8)
#1375 0 8000014e 02f05363 r 00         00000000  bge      x0, x15, . + 0x26
#1376 0 80000152 fe842783 r 0f         00000007  lw       x15, -0x18(x8)
#1377 0 80000156     17fd r 0f         00000006  c.addi   x15, -0x1
#1378 0 80000158     078a r 0f         00000018  c.slli   x15, 2
#1379 0 8000015a     17c1 r 0f         00000008  c.addi   x15, -0x10
#1380 0 8000015c     97a2 r 0f         f0041008  c.add    x15, x8
#1381 0 8000015e fb87a703 r 0e         00000048  lw       x14, -0x48(x15)
#1382 0 80000162 fe842783 r 0f         00000007  lw       x15, -0x18(x8)
#1383 0 80000166     078a r 0f         0000001c  c.slli   x15, 2
#1384 0 80000168     17c1 r 0f         0000000c  c.addi   x15, -0x10
#1385 0 8000016a     97a2 r 0f         f004100c  c.add    x15, x8
#1386 0 8000016c fb87a783 r 0f         00000022  lw       x15, -0x48(x15)
#1387 0 80000170 f8e7c6e3 r 00         00000000  blt      x15, x14, . - 0x74
#1388 0 800000fc fe842783 r 0f         00000007  lw       x15, -0x18(x8)
#1389 0 80000100     078a r 0f         0000001c  c.slli   x15, 2
#1390 0 80000102     17c1 r 0f         0000000c  c.addi   x15, -0x10
#1391 0 80000104     97a2 r 0f         f004100c  c.add    x15, x8
#1392 0 80000106 fb87a783 r 0f         00000022  lw       x15, -0x48(x15)
#1393 0 8000010a fef42023 m f0040fe0   00000022  sw       x15, -0x20(x8)
#1394 0 8000010e fe842783 r 0f         00000007  lw       x15, -0x18(x8)
#1395 0 80000112     17fd r 0f         00000006  c.addi   x15, -0x1
#1396 0 80000114     078a r 0f         00000018  c.slli   x15, 2
#1397 0 80000116     17c1 r 0f         00000008  c.addi   x15, -0x10
#1398 0 80000118     97a2 r 0f         f0041008  c.add    x15, x8
#1399 0 8000011a fb87a703 r 0e         00000048  lw       x14, -0x48(x15)
#1400 0 8000011e fe842783 r 0f         00000007  lw       x15, -0x18(x8)
#1401 0 80000122     078a r 0f         0000001c  c.slli   x15, 2
#1402 0 80000124     17c1 r 0f         0000000c  c.addi   x15, -0x10
#1403 0 80000126     97a2 r 0f         f004100c  c.add    x15, x8
#1404 0 80000128 fae7ac23 m f0040fc4   00000048  sw       x14, -0x48(x15)
#1405 0 8000012c fe842783 r 0f         00000007  lw       x15, -0x18(x8)
#1406 0 80000130     17fd r 0f         00000006  c.addi   x15, -0x1
#1407 0 80000132     078a r 0f         00000018  c.slli   x15, 2
#1408 0 80000134     17c1 r 0f         00000008  c.addi   x15, -0x10
#1409 0 80000136     97a2 r 0f         f0041008  c.add    x15, x8
#1410 0 80000138 fe042703 r 0e         00000022  lw       x14, -0x20(x8)
#1411 0 8000013c fae7ac23 m f0040fc0   00000022  sw       x14, -0x48(x15)
#1412 0 80000140 fe842783 r 0f         00000007  lw       x15, -0x18(x8)
#1413 0 80000144     17fd r 0f         00000006  c.addi   x15, -0x1
#1414 0 80000146 fef42423 m f0040fe8   00000006  sw       x15, -0x18(x8)
#1415 0 8000014a fe842783 r 0f         00000006  lw       x15, -0x18(x8)
#1416 0 8000014e 02f05363 r 00         00000000  bge      x0, x15, . + 0x26
#1417 0 80000152 fe842783 r 0f         00000006  lw       x15, -0x18(x8)
#1418 0 80000156     17fd r 0f         00000005  c.addi   x15, -0x1
#1419 0 80000158     078a r 0f         00000014  c.slli   x15, 2
#1420 0 8000015a     17c1 r 0f         00000004  c.addi   x15, -0x10
#1421 0 8000015c     97a2 r 0f         f0041004  c.add    x15, x8
#1422 0 8000015e fb87a703 r 0e         00000043  lw       x14, -0x48(x15)
#1423 0 80000162 fe842783 r 0f         00000006  lw       x15, -0x18(x8)
#1424 0 80000166     078a r 0f         00000018  c.slli   x15, 2
#1425 0 80000168     17c1 r 0f         00000008  c.addi   x15, -0x10
#1426 0 8000016a     97a2 r 0f         f0041008  c.add    x15, x8
#1427 0 8000016c fb87a783 r 0f         00000022  lw       x15, -0x48(x15)
#1428 0 80000170 f8e7c6e3 r 00         00000000  blt      x15, x14, . - 0x74
#1429 0 800000fc fe842783 r 0f         00000006  lw       x15, -0x18(x8)
#1430 0 80000100     078a r 0f         00000018  c.slli   x15, 2
#1431 0 80000102     17c1 r 0f         00000008  c.addi   x15, -0x10
#1432 0 80000104     97a2 r 0f         f0041008  c.add    x15, x8
#1433 0 80000106 fb87a783 r 0f         00000022  lw       x15, -0x48(x15)
#1434 0 8000010a fef42023 m f0040fe0   00000022  sw       x15, -0x20(x8)
#1435 0 8000010e fe842783 r 0f         00000006  lw       x15, -0x18(x8)
#1436 0 80000112     17fd r 0f         00000005  c.addi   x15, -0x1
#1437 0 80000114     078a r 0f         00000014  c.slli   x15, 2
#1438 0 80000116     17c1 r 0f         00000004  c.addi   x15, -0x10
#1439 0 80000118     97a2 r 0f         f0041004  c.add    x15, x8
#1440 0 8000011a fb87a703 r 0e         00000043  lw       x14, -0x48(x15)
#1441 0 8000011e fe842783 r 0f         00000006  lw       x15, -0x18(x8)
#1442 0 80000122     078a r 0f         00000018  c.slli   x15, 2
#1443 0 80000124     17c1 r 0f         00000008  c.addi   x15, -0x10
#1444 0 80000126     97a2 r 0f         f0041008  c.add    x15, x8
#1445 0 80000128 fae7ac23 m f0040fc0   00000043  sw       x14, -0x48(x15)
#1446 0 8000012c fe842783 r 0f         00000006  lw       x15, -0x18(x8)
#1447 0 80000130     17fd r 0f         00000005  c.addi   x15, -0x1
#1448 0 80000132     078a r 0f         00000014  c.slli   x15, 2
#1449 0 80000134     17c1 r 0f         00000004  c.addi   x15, -0x10
#1450 0 80000136     97a2 r 0f         f0041004  c.add    x15, x8
#1451 0 80000138 fe042703 r 0e         00000022  lw       x14, -0x20(x8)
#1452 0 8000013c fae7ac23 m f0040fbc   00000022  sw       x14, -0x48(x15)
#1453 0 80000140 fe842783 r 0f         00000006  lw       x15, -0x18(x8)
#1454 0 80000144     17fd r 0f         00000005  c.addi   x15, -0x1
#1455 0 80000146 fef42423 m f0040fe8   00000005  sw       x15, -0x18(x8)
#1456 0 8000014a fe842783 r 0f         00000005  lw       x15, -0x18(x8)
#1457 0 8000014e 02f05363 r 00         00000000  bge      x0, x15, . + 0x26
#1458 0 80000152 fe842783 r 0f         00000005  lw       x15, -0x18(x8)
#1459 0 80000156     17fd r 0f         00000004  c.addi   x15, -0x1
#1460 0 80000158     078a r 0f         00000010  c.slli   x15, 2
#1461 0 8000015a     17c1 r 0f         00000000  c.addi   x15, -0x10
#1462 0 8000015c     97a2 r 0f         f0041000  c.add    x15, x8
#1463 0 8000015e fb87a703 r 0e         0000002d  lw       x14, -0x48(x15)
#1464 0 80000162 fe842783 r 0f         00000005  lw       x15, -0x18(x8)
#1465 0 80000166     078a r 0f         00000014  c.slli   x15, 2
#1466 0 80000168     17c1 r 0f         00000004  c.addi   x15, -0x10
#1467 0 8000016a     97a2 r 0f         f0041004  c.add    x15, x8
#1468 0 8000016c fb87a783 r 0f         00000022  lw       x15, -0x48(x15)
#1469 0 80000170 f8e7c6e3 r 00         00000000  blt      x15, x14, . - 0x74
#1470 0 800000fc fe842783 r 0f         00000005  lw       x15, -0x18(x8)
#1471 0 80000100     078a r 0f         00000014  c.slli   x15, 2
#1472 0 80000102     17c1 r 0f         00000004  c.addi   x15, -0x10
#1473 0 80000104     97a2 r 0f         f0041004  c.add    x15, x8
#1474 0 80000106 fb87a783 r 0f         00000022  lw       x15, -0x48(x15)
#1475 0 8000010a fef42023 m f0040fe0   00000022  sw       x15, -0x20(x8)
#1476 0 8000010e fe842783 r 0f         00000005  lw       x15, -0x18(x8)
#1477 0 80000112     17fd r 0f         00000004  c.addi   x15, -0x1
#1478 0 80000114     078a r 0f         00000010  c.slli   x15, 2
#1479 0 80000116     17c1 r 0f         00000000  c.addi   x15, -0x10
#1480 0 80000118     97a2 r 0f         f0041000  c.add    x15, x8
#1481 0 8000011a fb87a703 r 0e         0000002d  lw       x14, -0x48(x15)
#1482 0 8000011e fe842783 r 0f         00000005  lw       x15, -0x18(x8)
#1483 0 80000122     078a r 0f         00000014  c.slli   x15, 2
#1484 0 80000124     17c1 r 0f         00000004  c.addi   x15, -0x10
#1485 0 80000126     97a2 r 0f         f0041004  c.add    x15, x8
#1486 0 80000128 fae7ac23 m f0040fbc   0000002d  sw       x14, -0x48(x15)
#1487 0 8000012c fe842783 r 0f         00000005  lw       x15, -0x18(x8)
#1488 0 80000130     17fd r 0f         00000004  c.addi   x15, -0x1
#1489 0 80000132     078a r 0f         00000010  c.slli   x15, 2
#1490 0 80000134     17c1 r 0f         00000000  c.addi   x15, -0x10
#1491 0 80000136     97a2 r 0f         f0041000  c.add    x15, x8
#1492 0 80000138 fe042703 r 0e         00000022  lw       x14, -0x20(x8)
#1493 0 8000013c fae7ac23 m f0040fb8   00000022  sw       x14, -0x48(x15)
#1494 0 80000140 fe842783 r 0f         00000005  lw       x15, -0x18(x8)
#1495 0 80000144     17fd r 0f         00000004  c.addi   x15, -0x1
#1496 0 80000146 fef42423 m f0040fe8   00000004  sw       x15, -0x18(x8)
#1497 0 8000014a fe842783 r 0f         00000004  lw       x15, -0x18(x8)
#1498 0 8000014e 02f05363 r 00         00000000  bge      x0, x15, . + 0x26
#1499 0 80000152 fe842783 r 0f         00000004  lw       x15, -0x18(x8)
#1500 0 80000156     17fd r 0f         00000003  c.addi   x15, -0x1
#1501 0 80000158     078a r 0f         0000000c  c.slli   x15, 2
#1502 0 8000015a     17c1 r 0f         fffffffc  c.addi   x15, -0x10
#1503 0 8000015c     97a2 r 0f         f0040ffc  c.add    x15, x8
#1504 0 8000015e fb87a703 r 0e         0000002c  lw       x14, -0x48(x15)
#1505 0 80000162 fe842783 r 0f         00000004  lw       x15, -0x18(x8)
#1506 0 80000166     078a r 0f         00000010  c.slli   x15, 2
#1507 0 80000168     17c1 r 0f         00000000  c.addi   x15, -0x10
#1508 0 8000016a     97a2 r 0f         f0041000  c.add    x15, x8
#1509 0 8000016c fb87a783 r 0f         00000022  lw       x15, -0x48(x15)
#1510 0 80000170 f8e7c6e3 r 00         00000000  blt      x15, x14, . - 0x74
#1511 0 800000fc fe842783 r 0f         00000004  lw       x15, -0x18(x8)
#1512 0 80000100     078a r 0f         00000010  c.slli   x15, 2
#1513 0 80000102     17c1 r 0f         00000000  c.addi   x15, -0x10
#1514 0 80000104     97a2 r 0f         f0041000  c.add    x15, x8
#1515 0 80000106 fb87a783 r 0f         00000022  lw       x15, -0x48(x15)
#1516 0 8000010a fef42023 m f0040fe0   00000022  sw       x15, -0x20(x8)
#1517 0 8000010e fe842783 r 0f         00000004  lw       x15, -0x18(x8)
#1518 0 80000112     17fd r 0f         00000003  c.addi   x15, -0x1
#1519 0 80000114     078a r 0f         0000000c  c.slli   x15, 2
#1520 0 80000116     17c1 r 0f         fffffffc  c.addi   x15, -0x10
#1521 0 80000118     97a2 r 0f         f0040ffc  c.add    x15, x8
#1522 0 8000011a fb87a703 r 0e         0000002c  lw       x14, -0x48(x15)
#1523 0 8000011e fe842783 r 0f         00000004  lw       x15, -0x18(x8)
#1524 0 80000122     078a r 0f         00000010  c.slli   x15, 2
#1525 0 80000124     17c1 r 0f         00000000  c.addi   x15, -0x10
#1526 0 80000126     97a2 r 0f         f0041000  c.add    x15, x8
#1527 0 80000128 fae7ac23 m f0040fb8   0000002c  sw       x14, -0x48(x15)
#1528 0 8000012c fe842783 r 0f         00000004  lw       x15, -0x18(x8)
#1529 0 80000130     17fd r 0f         00000003  c.addi   x15, -0x1
#1530 0 80000132     078a r 0f         0000000c  c.slli   x15, 2
#1531 0 80000134     17c1 r 0f         fffffffc  c.addi   x15, -0x10
#1532 0 80000136     97a2 r 0f         f0040ffc  c.add    x15, x8
#1533 0 80000138 fe042703 r 0e         00000022  lw       x14, -0x20(x8)
#1534 0 8000013c fae7ac23 m f0040fb4   00000022  sw       x14, -0x48(x15)
#1535 0 80000140 fe842783 r 0f         00000004  lw       x15, -0x18(x8)
#1536 0 80000144     17fd r 0f         00000003  c.addi   x15, -0x1
#1537 0 80000146 fef42423 m f0040fe8   00000003  sw       x15, -0x18(x8)
#1538 0 8000014a fe842783 r 0f         00000003  lw       x15, -0x18(x8)
#1539 0 8000014e 02f05363 r 00         00000000  bge      x0, x15, . + 0x26
#1540 0 80000152 fe842783 r 0f         00000003  lw       x15, -0x18(x8)
#1541 0 80000156     17fd r 0f         00000002  c.addi   x15, -0x1
#1542 0 80000158     078a r 0f         00000008  c.slli   x15, 2
#1543 0 8000015a     17c1 r 0f         fffffff8  c.addi   x15, -0x10
#1544 0 8000015c     97a2 r 0f         f0040ff8  c.add    x15, x8
#1545 0 8000015e fb87a703 r 0e         00000017  lw       x14, -0x48(x15)
#1546 0 80000162 fe842783 r 0f         00000003  lw       x15, -0x18(x8)
#1547 0 80000166     078a r 0f         0000000c  c.slli   x15, 2
#1548 0 80000168     17c1 r 0f         fffffffc  c.addi   x15, -0x10
#1549 0 8000016a     97a2 r 0f         f0040ffc  c.add    x15, x8
#1550 0 8000016c fb87a783 r 0f         00000022  lw       x15, -0x48(x15)
#1551 0 80000170 f8e7c6e3 r 00         00000000  blt      x15, x14, . - 0x74
#1552 0 80000174 fec42783 r 0f         0000000b  lw       x15, -0x14(x8)
#1553 0 80000178     0785 r 0f         0000000c  c.addi   x15, 0x1
#1554 0 8000017a fef42623 m f0040fec   0000000c  sw       x15, -0x14(x8)
#1555 0 8000017e fe442703 r 0e         0000000d  lw       x14, -0x1c(x8)
#1556 0 80000182 fec42783 r 0f         0000000c  lw       x15, -0x14(x8)
#1557 0 80000186 f6e7c6e3 r 00         00000000  blt      x15, x14, . - 0x94
#1558 0 800000f2 fec42783 r 0f         0000000c  lw       x15, -0x14(x8)
#1559 0 800000f6 fef42423 m f0040fe8   0000000c  sw       x15, -0x18(x8)
#1560 0 800000fa     a881 r 00         00000000  c.j      . + 0x50
#1561 0 8000014a fe842783 r 0f         0000000c  lw       x15, -0x18(x8)
#1562 0 8000014e 02f05363 r 00         00000000  bge      x0, x15, . + 0x26
#1563 0 80000152 fe842783 r 0f         0000000c  lw       x15, -0x18(x8)
#1564 0 80000156     17fd r 0f         0000000b  c.addi   x15, -0x1
#1565 0 80000158     078a r 0f         0000002c  c.slli   x15, 2
#1566 0 8000015a     17c1 r 0f         0000001c  c.addi   x15, -0x10
#1567 0 8000015c     97a2 r 0f         f004101c  c.add    x15, x8
#1568 0 8000015e fb87a703 r 0e         0000005a  lw       x14, -0x48(x15)
#1569 0 80000162 fe842783 r 0f         0000000c  lw       x15, -0x18(x8)
#1570 0 80000166     078a r 0f         00000030  c.slli   x15, 2
#1571 0 80000168     17c1 r 0f         00000020  c.addi   x15, -0x10
#1572 0 8000016a     97a2 r 0f         f0041020  c.add    x15, x8
#1573 0 8000016c fb87a783 r 0f         00000042  lw       x15, -0x48(x15)
#1574 0 80000170 f8e7c6e3 r 00         00000000  blt      x15, x14, . - 0x74
#1575 0 800000fc fe842783 r 0f         0000000c  lw       x15, -0x18(x8)
#1576 0 80000100     078a r 0f         00000030  c.slli   x15, 2
#1577 0 80000102     17c1 r 0f         00000020  c.addi   x15, -0x10
#1578 0 80000104     97a2 r 0f         f0041020  c.add    x15, x8
#1579 0 80000106 fb87a783 r 0f         00000042  lw       x15, -0x48(x15)
#1580 0 8000010a fef42023 m f0040fe0   00000042  sw       x15, -0x20(x8)
#1581 0 8000010e fe842783 r 0f         0000000c  lw       x15, -0x18(x8)
#1582 0 80000112     17fd r 0f         0000000b  c.addi   x15, -0x1
#1583 0 80000114     078a r 0f         0000002c  c.slli   x15, 2
#1584 0 80000116     17c1 r 0f         0000001c  c.addi   x15, -0x10
#1585 0 80000118     97a2 r 0f         f004101c  c.add    x15, x8
#1586 0 8000011a fb87a703 r 0e         0000005a  lw       x14, -0x48(x15)
#1587 0 8000011e fe842783 r 0f         0000000c  lw       x15, -0x18(x8)
#1588 0 80000122     078a r 0f         00000030  c.slli   x15, 2
#1589 0 80000124     17c1 r 0f         00000020  c.addi   x15, -0x10
#1590 0 80000126     97a2 r 0f         f0041020  c.add    x15, x8
#1591 0 80000128 fae7ac23 m f0040fd8   0000005a  sw       x14, -0x48(x15)
#1592 0 8000012c fe842783 r 0f         0000000c  lw       x15, -0x18(x8)
#1593 0 80000130     17fd r 0f         0000000b  c.addi   x15, -0x1
#1594 0 80000132     078a r 0f         0000002c  c.slli   x15, 2
#1595 0 80000134     17c1 r 0f         0000001c  c.addi   x15, -0x10
#1596 0 80000136     97a2 r 0f         f004101c  c.add    x15, x8
#1597 0 80000138 fe042703 r 0e         00000042  lw       x14, -0x20(x8)
#1598 0 8000013c fae7ac23 m f0040fd4   00000042  sw       x14, -0x48(x15)
#1599 0 80000140 fe842783 r 0f         0000000c  lw       x15, -0x18(x8)
#1600 0 80000144     17fd r 0f         0000000b  c.addi   x15, -0x1
#1601 0 80000146 fef42423 m f0040fe8   0000000b  sw       x15, -0x18(x8)
#1602 0 8000014a fe842783 r 0f         0000000b  lw       x15, -0x18(x8)
#1603 0 8000014e 02f05363 r 00         00000000  bge      x0, x15, . + 0x26
#1604 0 80000152 fe842783 r 0f         0000000b  lw       x15, -0x18(x8)
#1605 0 80000156     17fd r 0f         0000000a  c.addi   x15, -0x1
#1606 0 80000158     078a r 0f         00000028  c.slli   x15, 2
#1607 0 8000015a     17c1 r 0f         00000018  c.addi   x15, -0x10
#1608 0 8000015c     97a2 r 0f         f0041018  c.add    x15, x8
#1609 0 8000015e fb87a703 r 0e         00000059  lw       x14, -0x48(x15)
#1610 0 80000162 fe842783 r 0f         0000000b  lw       x15, -0x18(x8)
#1611 0 80000166     078a r 0f         0000002c  c.slli   x15, 2
#1612 0 80000168     17c1 r 0f         0000001c  c.addi   x15, -0x10
#1613 0 8000016a     97a2 r 0f         f004101c  c.add    x15, x8
#1614 0 8000016c fb87a783 r 0f         00000042  lw       x15, -0x48(x15)
#1615 0 80000170 f8e7c6e3 r 00         00000000  blt      x15, x14, . - 0x74
#1616 0 800000fc fe842783 r 0f         0000000b  lw       x15, -0x18(x8)
#1617 0 80000100     078a r 0f         0000002c  c.slli   x15, 2
#1618 0 80000102     17c1 r 0f         0000001c  c.addi   x15, -0x10
#1619 0 80000104     97a2 r 0f         f004101c  c.add    x15, x8
#1620 0 80000106 fb87a783 r 0f         00000042  lw       x15, -0x48(x15)
#1621 0 8000010a fef42023 m f0040fe0   00000042  sw       x15, -0x20(x8)
#1622 0 8000010e fe842783 r 0f         0000000b  lw       x15, -0x18(x8)
#1623 0 80000112     17fd r 0f         0000000a  c.addi   x15, -0x1
#1624 0 80000114     078a r 0f         00000028  c.slli   x15, 2
#1625 0 80000116     17c1 r 0f         00000018  c.addi   x15, -0x10
#1626 0 80000118     97a2 r 0f         f0041018  c.add    x15, x8
#1627 0 8000011a fb87a703 r 0e         00000059  lw       x14, -0x48(x15)
#1628 0 8000011e fe842783 r 0f         0000000b  lw       x15, -0x18(x8)
#1629 0 80000122     078a r 0f         0000002c  c.slli   x15, 2
#1630 0 80000124     17c1 r 0f         0000001c  c.addi   x15, -0x10
#1631 0 80000126     97a2 r 0f         f004101c  c.add    x15, x8
#1632 0 80000128 fae7ac23 m f0040fd4   00000059  sw       x14, -0x48(x15)
#1633 0 8000012c fe842783 r 0f         0000000b  lw       x15, -0x18(x8)
#1634 0 80000130     17fd r 0f         0000000a  c.addi   x15, -0x1
#1635 0 80000132     078a r 0f         00000028  c.slli   x15, 2
#1636 0 80000134     17c1 r 0f         00000018  c.addi   x15, -0x10
#1637 0 80000136     97a2 r 0f         f0041018  c.add    x15, x8
#1638 0 80000138 fe042703 r 0e         00000042  lw       x14, -0x20(x8)
#1639 0 8000013c fae7ac23 m f0040fd0   00000042  sw       x14, -0x48(x15)
#1640 0 80000140 fe842783 r 0f         0000000b  lw       x15, -0x18(x8)
#1641 0 80000144     17fd r 0f         0000000a  c.addi   x15, -0x1
#1642 0 80000146 fef42423 m f0040fe8   0000000a  sw       x15, -0x18(x8)
#1643 0 8000014a fe842783 r 0f         0000000a  lw       x15, -0x18(x8)
#1644 0 8000014e 02f05363 r 00         00000000  bge      x0, x15, . + 0x26
#1645 0 80000152 fe842783 r 0f         0000000a  lw       x15, -0x18(x8)
#1646 0 80000156     17fd r 0f         00000009  c.addi   x15, -0x1
#1647 0 80000158     078a r 0f         00000024  c.slli   x15, 2
#1648 0 8000015a     17c1 r 0f         00000014  c.addi   x15, -0x10
#1649 0 8000015c     97a2 r 0f         f0041014  c.add    x15, x8
#1650 0 8000015e fb87a703 r 0e         00000058  lw       x14, -0x48(x15)
#1651 0 80000162 fe842783 r 0f         0000000a  lw       x15, -0x18(x8)
#1652 0 80000166     078a r 0f         00000028  c.slli   x15, 2
#1653 0 80000168     17c1 r 0f         00000018  c.addi   x15, -0x10
#1654 0 8000016a     97a2 r 0f         f0041018  c.add    x15, x8
#1655 0 8000016c fb87a783 r 0f         00000042  lw       x15, -0x48(x15)
#1656 0 80000170 f8e7c6e3 r 00         00000000  blt      x15, x14, . - 0x74
#1657 0 800000fc fe842783 r 0f         0000000a  lw       x15, -0x18(x8)
#1658 0 80000100     078a r 0f         00000028  c.slli   x15, 2
#1659 0 80000102     17c1 r 0f         00000018  c.addi   x15, -0x10
#1660 0 80000104     97a2 r 0f         f0041018  c.add    x15, x8
#1661 0 80000106 fb87a783 r 0f         00000042  lw       x15, -0x48(x15)
#1662 0 8000010a fef42023 m f0040fe0   00000042  sw       x15, -0x20(x8)
#1663 0 8000010e fe842783 r 0f         0000000a  lw       x15, -0x18(x8)
#1664 0 80000112     17fd r 0f         00000009  c.addi   x15, -0x1
#1665 0 80000114     078a r 0f         00000024  c.slli   x15, 2
#1666 0 80000116     17c1 r 0f         00000014  c.addi   x15, -0x10
#1667 0 80000118     97a2 r 0f         f0041014  c.add    x15, x8
#1668 0 8000011a fb87a703 r 0e         00000058  lw       x14, -0x48(x15)
#1669 0 8000011e fe842783 r 0f         0000000a  lw       x15, -0x18(x8)
#1670 0 80000122     078a r 0f         00000028  c.slli   x15, 2
#1671 0 80000124     17c1 r 0f         00000018  c.addi   x15, -0x10
#1672 0 80000126     97a2 r 0f         f0041018  c.add    x15, x8
#1673 0 80000128 fae7ac23 m f0040fd0   00000058  sw       x14, -0x48(x15)
#1674 0 8000012c fe842783 r 0f         0000000a  lw       x15, -0x18(x8)
#1675 0 80000130     17fd r 0f         00000009  c.addi   x15, -0x1
#1676 0 80000132     078a r 0f         00000024  c.slli   x15, 2
#1677 0 80000134     17c1 r 0f         00000014  c.addi   x15, -0x10
#1678 0 80000136     97a2 r 0f         f0041014  c.add    x15, x8
#1679 0 80000138 fe042703 r 0e         00000042  lw       x14, -0x20(x8)
#1680 0 8000013c fae7ac23 m f0040fcc   00000042  sw       x14, -0x48(x15)
#1681 0 80000140 fe842783 r 0f         0000000a  lw       x15, -0x18(x8)
#1682 0 80000144     17fd r 0f         00000009  c.addi   x15, -0x1
#1683 0 80000146 fef42423 m f0040fe8   00000009  sw       x15, -0x18(x8)
#1684 0 8000014a fe842783 r 0f         00000009  lw       x15, -0x18(x8)
#1685 0 8000014e 02f05363 r 00         00000000  bge      x0, x15, . + 0x26
#1686 0 80000152 fe842783 r 0f         00000009  lw       x15, -0x18(x8)
#1687 0 80000156     17fd r 0f         00000008  c.addi   x15, -0x1
#1688 0 80000158     078a r 0f         00000020  c.slli   x15, 2
#1689 0 8000015a     17c1 r 0f         00000010  c.addi   x15, -0x10
#1690 0 8000015c     97a2 r 0f         f0041010  c.add    x15, x8
#1691 0 8000015e fb87a703 r 0e         0000004e  lw       x14, -0x48(x15)
#1692 0 80000162 fe842783 r 0f         00000009  lw       x15, -0x18(x8)
#1693 0 80000166     078a r 0f         00000024  c.slli   x15, 2
#1694 0 80000168     17c1 r 0f         00000014  c.addi   x15, -0x10
#1695 0 8000016a     97a2 r 0f         f0041014  c.add    x15, x8
#1696 0 8000016c fb87a783 r 0f         00000042  lw       x15, -0x48(x15)
#1697 0 80000170 f8e7c6e3 r 00         00000000  blt      x15, x14, . - 0x74
#1698 0 800000fc fe842783 r 0f         00000009  lw       x15, -0x18(x8)
#1699 0 80000100     078a r 0f         00000024  c.slli   x15, 2
#1700 0 80000102     17c1 r 0f         00000014  c.addi   x15, -0x10
#1701 0 80000104     97a2 r 0f         f0041014  c.add    x15, x8
#1702 0 80000106 fb87a783 r 0f         00000042  lw       x15, -0x48(x15)
#1703 0 8000010a fef42023 m f0040fe0   00000042  sw       x15, -0x20(x8)
#1704 0 8000010e fe842783 r 0f         00000009  lw       x15, -0x18(x8)
#1705 0 80000112     17fd r 0f         00000008  c.addi   x15, -0x1
#1706 0 80000114     078a r 0f         00000020  c.slli   x15, 2
#1707 0 80000116     17c1 r 0f         00000010  c.addi   x15, -0x10
#1708 0 80000118     97a2 r 0f         f0041010  c.add    x15, x8
#1709 0 8000011a fb87a703 r 0e         0000004e  lw       x14, -0x48(x15)
#1710 0 8000011e fe842783 r 0f         00000009  lw       x15, -0x18(x8)
#1711 0 80000122     078a r 0f         00000024  c.slli   x15, 2
#1712 0 80000124     17c1 r 0f         00000014  c.addi   x15, -0x10
#1713 0 80000126     97a2 r 0f         f0041014  c.add    x15, x8
#1714 0 80000128 fae7ac23 m f0040fcc   0000004e  sw       x14, -0x48(x15)
#1715 0 8000012c fe842783 r 0f         00000009  lw       x15, -0x18(x8)
#1716 0 80000130     17fd r 0f         00000008  c.addi   x15, -0x1
#1717 0 80000132     078a r 0f         00000020  c.slli   x15, 2
#1718 0 80000134     17c1 r 0f         00000010  c.addi   x15, -0x10
#1719 0 80000136     97a2 r 0f         f0041010  c.add    x15, x8
#1720 0 80000138 fe042703 r 0e         00000042  lw       x14, -0x20(x8)
#1721 0 8000013c fae7ac23 m f0040fc8   00000042  sw       x14, -0x48(x15)
#1722 0 80000140 fe842783 r 0f         00000009  lw       x15, -0x18(x8)
#1723 0 80000144     17fd r 0f         00000008  c.addi   x15, -0x1
#1724 0 80000146 fef42423 m f0040fe8   00000008  sw       x15, -0x18(x8)
#1725 0 8000014a fe842783 r 0f         00000008  lw       x15, -0x18(x8)
#1726 0 8000014e 02f05363 r 00         00000000  bge      x0, x15, . + 0x26
#1727 0 80000152 fe842783 r 0f         00000008  lw       x15, -0x18(x8)
#1728 0 80000156     17fd r 0f         00000007  c.addi   x15, -0x1
#1729 0 80000158     078a r 0f         0000001c  c.slli   x15, 2
#1730 0 8000015a     17c1 r 0f         0000000c  c.addi   x15, -0x10
#1731 0 8000015c     97a2 r 0f         f004100c  c.add    x15, x8
#1732 0 8000015e fb87a703 r 0e         00000048  lw       x14, -0x48(x15)
#1733 0 80000162 fe842783 r 0f         00000008  lw       x15, -0x18(x8)
#1734 0 80000166     078a r 0f         00000020  c.slli   x15, 2
#1735 0 80000168     17c1 r 0f         00000010  c.addi   x15, -0x10
#1736 0 8000016a     97a2 r 0f         f0041010  c.add    x15, x8
#1737 0 8000016c fb87a783 r 0f         00000042  lw       x15, -0x48(x15)
#1738 0 80000170 f8e7c6e3 r 00         00000000  blt      x15, x14, . - 0x74
#1739 0 800000fc fe842783 r 0f         00000008  lw       x15, -0x18(x8)
#1740 0 80000100     078a r 0f         00000020  c.slli   x15, 2
#1741 0 80000102     17c1 r 0f         00000010  c.addi   x15, -0x10
#1742 0 80000104     97a2 r 0f         f0041010  c.add    x15, x8
#1743 0 80000106 fb87a783 r 0f         00000042  lw       x15, -0x48(x15)
#1744 0 8000010a fef42023 m f0040fe0   00000042  sw       x15, -0x20(x8)
#1745 0 8000010e fe842783 r 0f         00000008  lw       x15, -0x18(x8)
#1746 0 80000112     17fd r 0f         00000007  c.addi   x15, -0x1
#1747 0 80000114     078a r 0f         0000001c  c.slli   x15, 2
#1748 0 80000116     17c1 r 0f         0000000c  c.addi   x15, -0x10
#1749 0 80000118     97a2 r 0f         f004100c  c.add    x15, x8
#1750 0 8000011a fb87a703 r 0e         00000048  lw       x14, -0x48(x15)
#1751 0 8000011e fe842783 r 0f         00000008  lw       x15, -0x18(x8)
#1752 0 80000122     078a r 0f         00000020  c.slli   x15, 2
#1753 0 80000124     17c1 r 0f         00000010  c.addi   x15, -0x10
#1754 0 80000126     97a2 r 0f         f0041010  c.add    x15, x8
#1755 0 80000128 fae7ac23 m f0040fc8   00000048  sw       x14, -0x48(x15)
#1756 0 8000012c fe842783 r 0f         00000008  lw       x15, -0x18(x8)
#1757 0 80000130     17fd r 0f         00000007  c.addi   x15, -0x1
#1758 0 80000132     078a r 0f         0000001c  c.slli   x15, 2
#1759 0 80000134     17c1 r 0f         0000000c  c.addi   x15, -0x10
#1760 0 80000136     97a2 r 0f         f004100c  c.add    x15, x8
#1761 0 80000138 fe042703 r 0e         00000042  lw       x14, -0x20(x8)
#1762 0 8000013c fae7ac23 m f0040fc4   00000042  sw       x14, -0x48(x15)
#1763 0 80000140 fe842783 r 0f         00000008  lw       x15, -0x18(x8)
#1764 0 80000144     17fd r 0f         00000007  c.addi   x15, -0x1
#1765 0 80000146 fef42423 m f0040fe8   00000007  sw       x15, -0x18(x8)
#1766 0 8000014a fe842783 r 0f         00000007  lw       x15, -0x18(x8)
#1767 0 8000014e 02f05363 r 00         00000000  bge      x0, x15, . + 0x26
#1768 0 80000152 fe842783 r 0f         00000007  lw       x15, -0x18(x8)
#1769 0 80000156     17fd r 0f         00000006  c.addi   x15, -0x1
#1770 0 80000158     078a r 0f         00000018  c.slli   x15, 2
#1771 0 8000015a     17c1 r 0f         00000008  c.addi   x15, -0x10
#1772 0 8000015c     97a2 r 0f         f0041008  c.add    x15, x8
#1773 0 8000015e fb87a703 r 0e         00000043  lw       x14, -0x48(x15)
#1774 0 80000162 fe842783 r 0f         00000007  lw       x15, -0x18(x8)
#1775 0 80000166     078a r 0f         0000001c  c.slli   x15, 2
#1776 0 80000168     17c1 r 0f         0000000c  c.addi   x15, -0x10
#1777 0 8000016a     97a2 r 0f         f004100c  c.add    x15, x8
#1778 0 8000016c fb87a783 r 0f         00000042  lw       x15, -0x48(x15)
#1779 0 80000170 f8e7c6e3 r 00         00000000  blt      x15, x14, . - 0x74
#1780 0 800000fc fe842783 r 0f         00000007  lw       x15, -0x18(x8)
#1781 0 80000100     078a r 0f         0000001c  c.slli   x15, 2
#1782 0 80000102     17c1 r 0f         0000000c  c.addi   x15, -0x10
#1783 0 80000104     97a2 r 0f         f004100c  c.add    x15, x8
#1784 0 80000106 fb87a783 r 0f         00000042  lw       x15, -0x48(x15)
#1785 0 8000010a fef42023 m f0040fe0   00000042  sw       x15, -0x20(x8)
#1786 0 8000010e fe842783 r 0f         00000007  lw       x15, -0x18(x8)
#1787 0 80000112     17fd r 0f         00000006  c.addi   x15, -0x1
#1788 0 80000114     078a r 0f         00000018  c.slli   x15, 2
#1789 0 80000116     17c1 r 0f         00000008  c.addi   x15, -0x10
#1790 0 80000118     97a2 r 0f         f0041008  c.add    x15, x8
#1791 0 8000011a fb87a703 r 0e         00000043  lw       x14, -0x48(x15)
#1792 0 8000011e fe842783 r 0f         00000007  lw       x15, -0x18(x8)
#1793 0 80000122     078a r 0f         0000001c  c.slli   x15, 2
#1794 0 80000124     17c1 r 0f         0000000c  c.addi   x15, -0x10
#1795 0 80000126     97a2 r 0f         f004100c  c.add    x15, x8
#1796 0 80000128 fae7ac23 m f0040fc4   00000043  sw       x14, -0x48(x15)
#1797 0 8000012c fe842783 r 0f         00000007  lw       x15, -0x18(x8)
#1798 0 80000130     17fd r 0f         00000006  c.addi   x15, -0x1
#1799 0 80000132     078a r 0f         00000018  c.slli   x15, 2
#1800 0 80000134     17c1 r 0f         00000008  c.addi   x15, -0x10
#1801 0 80000136     97a2 r 0f         f0041008  c.add    x15, x8
#1802 0 80000138 fe042703 r 0e         00000042  lw       x14, -0x20(x8)
#1803 0 8000013c fae7ac23 m f0040fc0   00000042  sw       x14, -0x48(x15)
#1804 0 80000140 fe842783 r 0f         00000007  lw       x15, -0x18(x8)
#1805 0 80000144     17fd r 0f         00000006  c.addi   x15, -0x1
#1806 0 80000146 fef42423 m f0040fe8   00000006  sw       x15, -0x18(x8)
#1807 0 8000014a fe842783 r 0f         00000006  lw       x15, -0x18(x8)
#1808 0 8000014e 02f05363 r 00         00000000  bge      x0, x15, . + 0x26
#1809 0 80000152 fe842783 r 0f         00000006  lw       x15, -0x18(x8)
#1810 0 80000156     17fd r 0f         00000005  c.addi   x15, -0x1
#1811 0 80000158     078a r 0f         00000014  c.slli   x15, 2
#1812 0 8000015a     17c1 r 0f         00000004  c.addi   x15, -0x10
#1813 0 8000015c     97a2 r 0f         f0041004  c.add    x15, x8
#1814 0 8000015e fb87a703 r 0e         0000002d  lw       x14, -0x48(x15)
#1815 0 80000162 fe842783 r 0f         00000006  lw       x15, -0x18(x8)
#1816 0 80000166     078a r 0f         00000018  c.slli   x15, 2
#1817 0 80000168     17c1 r 0f         00000008  c.addi   x15, -0x10
#1818 0 8000016a     97a2 r 0f         f0041008  c.add    x15, x8
#1819 0 8000016c fb87a783 r 0f         00000042  lw       x15, -0x48(x15)
#1820 0 80000170 f8e7c6e3 r 00         00000000  blt      x15, x14, . - 0x74
#1821 0 80000174 fec42783 r 0f         0000000c  lw       x15, -0x14(x8)
#1822 0 80000178     0785 r 0f         0000000d  c.addi   x15, 0x1
#1823 0 8000017a fef42623 m f0040fec   0000000d  sw       x15, -0x14(x8)
#1824 0 8000017e fe442703 r 0e         0000000d  lw       x14, -0x1c(x8)
#1825 0 80000182 fec42783 r 0f         0000000d  lw       x15, -0x14(x8)
#1826 0 80000186 f6e7c6e3 r 00         00000000  blt      x15, x14, . - 0x94
#1827 0 8000018a     0001 r 00         00000000  c.nop
#1828 0 8000018c     0001 r 00         00000000  c.nop
#1829 0 8000018e     4476 r 08         00000000  c.lwsp   x8, 0x5c
#1830 0 80000190     6125 r 02         f0041000  c.addi16sp 0x6
#1831 0 80000192     8082 r 00         00000000  c.jr     x1
#1832 0 80000016 50580297 r 05         d0580016  auipc    x5, 0x50580
#1833 0 8000001a fea28293 r 05         d0580000  addi     x5, x5, -0x16
#1834 0 8000001e 0ff00313 r 06         000000ff  addi     x6, x0, 0xff
#1835 0 80000022 00628023 m d0580000   000000ff  sb       x6, 0x0(x5)
