#1 0 80000000 595552b7 r 05         59555000  lui      x5, 0x59555
#2 0 80000004 55528293 r 05         59555555  addi     x5, x5, 0x555
#3 0 80000008 7c029073 c 07c0       59555555  csrrw    x0, mrac, x5
#4 0 8000000c 70041117 r 02         f004100c  auipc    x2, 0x70041
#5 0 80000010 01410113 r 02         f0041020  addi     x2, x2, 0x14
#6 0 80000014 10c000ef r 01         80000018  jal      x1, . + 0x10c
#7 0 80000120     7179 r 02         f0040ff0  c.addi16sp -0x3
#8 0 80000122     d606 m f004101c   80000018  c.swsp   x1, 0x2c
#9 0 80000124     d422 m f0041018   00000000  c.swsp   x8, 0x28
#10 0 80000126     1800 r 08         f0041020  c.addi4spn  x8, 0xc
#11 0 80000128 f00407b7 r 0f         f0040000  lui      x15, -0xffc0
#12 0 8000012c 00078793 r 0f         f0040000  addi     x15, x15, 0x0
#13 0 80000130     438c r 0b         00000028  c.lw     x11, 0x0(x15)
#14 0 80000132     43d0 r 0c         00000014  c.lw     x12, 0x4(x15)
#15 0 80000134     4794 r 0d         0000001e  c.lw     x13, 0x8(x15)
#16 0 80000136     47d8 r 0e         0000000a  c.lw     x14, 0xc(x15)
#17 0 80000138     4b9c r 0f         0000001e  c.lw     x15, 0x10(x15)
#18 0 8000013a fcb42c23 m f0040ff8   00000028  sw       x11, -0x28(x8)
#19 0 8000013e fcc42e23 m f0040ffc   00000014  sw       x12, -0x24(x8)
#20 0 80000142 fed42023 m f0041000   0000001e  sw       x13, -0x20(x8)
#21 0 80000146 fee42223 m f0041004   0000000a  sw       x14, -0x1c(x8)
#22 0 8000014a fef42423 m f0041008   0000001e  sw       x15, -0x18(x8)
#23 0 8000014e     4795 r 0f         00000005  c.li     x15, 0x5
#24 0 80000150 fef42623 m f004100c   00000005  sw       x15, -0x14(x8)
#25 0 80000154 fec42783 r 0f         00000005  lw       x15, -0x14(x8)
#26 0 80000158 fff78713 r 0e         00000004  addi     x14, x15, -0x1
#27 0 8000015c fd840793 r 0f         f0040ff8  addi     x15, x8, -0x28
#28 0 80000160     863a r 0c         00000004  c.mv     x12, x14
#29 0 80000162     4585 r 0b         00000001  c.li     x11, 0x1
#30 0 80000164     853e r 0a         f0040ff8  c.mv     x10, x15
#31 0 80000166     35c5 r 01         80000168  c.jal    . - 0x120
#32 0 80000046     7179 r 02         f0040fc0  c.addi16sp -0x3
#33 0 80000048     d606 m f0040fec   80000168  c.swsp   x1, 0x2c
#34 0 8000004a     d422 m f0040fe8   f0041020  c.swsp   x8, 0x28
#35 0 8000004c     d226 m f0040fe4   00000000  c.swsp   x9, 0x24
#36 0 8000004e     1800 r 08         f0040ff0  c.addi4spn  x8, 0xc
#37 0 80000050 fca42e23 m f0040fcc   f0040ff8  sw       x10, -0x24(x8)
#38 0 80000054 fcb42c23 m f0040fc8   00000001  sw       x11, -0x28(x8)
#39 0 80000058 fcc42a23 m f0040fc4   00000004  sw       x12, -0x2c(x8)
#40 0 8000005c fd842703 r 0e         00000001  lw       x14, -0x28(x8)
#41 0 80000060 fd442783 r 0f         00000004  lw       x15, -0x2c(x8)
#42 0 80000064 00f71463 r 00         00000000  bne      x14, x15, . + 0x8
#43 0 8000006c 800007b7 r 0f         80000000  lui      x15, -0x80000
#44 0 80000070 fff7c793 r 0f         7fffffff  xori     x15, x15, -0x1
#45 0 80000074 fef42423 m f0040fd8   7fffffff  sw       x15, -0x18(x8)
#46 0 80000078 fd842783 r 0f         00000001  lw       x15, -0x28(x8)
#47 0 8000007c fef42623 m f0040fdc   00000001  sw       x15, -0x14(x8)
#48 0 80000080     a061 r 00         00000000  c.j      . + 0x88
#49 0 80000108 fec42703 r 0e         00000001  lw       x14, -0x14(x8)
#50 0 8000010c fd442783 r 0f         00000004  lw       x15, -0x2c(x8)
#51 0 80000110 f6f749e3 r 00         00000000  blt      x14, x15, . - 0x8e
#52 0 80000082 fec42603 r 0c         00000001  lw       x12, -0x14(x8)
#53 0 80000086 fd842583 r 0b         00000001  lw       x11, -0x28(x8)
#54 0 8000008a fdc42503 r 0a         f0040ff8  lw       x10, -0x24(x8)
#55 0 8000008e     3f65 r 01         80000090  c.jal    . - 0x48
#56 0 80000046     7179 r 02         f0040f90  c.addi16sp -0x3
#57 0 80000048     d606 m f0040fbc   80000090  c.swsp   x1, 0x2c
#58 0 8000004a     d422 m f0040fb8   f0040ff0  c.swsp   x8, 0x28
#59 0 8000004c     d226 m f0040fb4   00000000  c.swsp   x9, 0x24
#60 0 8000004e     1800 r 08         f0040fc0  c.addi4spn  x8, 0xc
#61 0 80000050 fca42e23 m f0040f9c   f0040ff8  sw       x10, -0x24(x8)
#62 0 80000054 fcb42c23 m f0040f98   00000001  sw       x11, -0x28(x8)
#63 0 80000058 fcc42a23 m f0040f94   00000001  sw       x12, -0x2c(x8)
#64 0 8000005c fd842703 r 0e         00000001  lw       x14, -0x28(x8)
#65 0 80000060 fd442783 r 0f         00000001  lw       x15, -0x2c(x8)
#66 0 80000064 00f71463 r 00         00000000  bne      x14, x15, . + 0x8
#67 0 80000068     4781 r 0f         00000000  c.li     x15, 0x0
#68 0 8000006a     a06d r 00         00000000  c.j      . + 0xaa
#69 0 80000114     853e r 0a         00000000  c.mv     x10, x15
#70 0 80000116     50b2 r 01         80000090  c.lwsp   x1, 0x2c
#71 0 80000118     5422 r 08         f0040ff0  c.lwsp   x8, 0x28
#72 0 8000011a     5492 r 09         00000000  c.lwsp   x9, 0x24
#73 0 8000011c     6145 r 02         f0040fc0  c.addi16sp 0x3
#74 0 8000011e     8082 r 00         00000000  c.jr     x1
#75 0 80000090     84aa r 09         00000000  c.mv     x9, x10
#76 0 80000092 fec42783 r 0f         00000001  lw       x15, -0x14(x8)
#77 0 80000096     0785 r 0f         00000002  c.addi   x15, 0x1
#78 0 80000098 fd442603 r 0c         00000004  lw       x12, -0x2c(x8)
#79 0 8000009c     85be r 0b         00000002  c.mv     x11, x15
#80 0 8000009e fdc42503 r 0a         f0040ff8  lw       x10, -0x24(x8)
#81 0 800000a2     3755 r 01         800000a4  c.jal    . - 0x5c
#82 0 80000046     7179 r 02         f0040f90  c.addi16sp -0x3
#83 0 80000048     d606 m f0040fbc   800000a4  c.swsp   x1, 0x2c
#84 0 8000004a     d422 m f0040fb8   f0040ff0  c.swsp   x8, 0x28
#85 0 8000004c     d226 m f0040fb4   00000000  c.swsp   x9, 0x24
#86 0 8000004e     1800 r 08         f0040fc0  c.addi4spn  x8, 0xc
#87 0 80000050 fca42e23 m f0040f9c   f0040ff8  sw       x10, -0x24(x8)
#88 0 80000054 fcb42c23 m f0040f98   00000002  sw       x11, -0x28(x8)
#89 0 80000058 fcc42a23 m f0040f94   00000004  sw       x12, -0x2c(x8)
#90 0 8000005c fd842703 r 0e         00000002  lw       x14, -0x28(x8)
#91 0 80000060 fd442783 r 0f         00000004  lw       x15, -0x2c(x8)
#92 0 80000064 00f71463 r 00         00000000  bne      x14, x15, . + 0x8
#93 0 8000006c 800007b7 r 0f         80000000  lui      x15, -0x80000
#94 0 80000070 fff7c793 r 0f         7fffffff  xori     x15, x15, -0x1
#95 0 80000074 fef42423 m f0040fa8   7fffffff  sw       x15, -0x18(x8)
#96 0 80000078 fd842783 r 0f         00000002  lw       x15, -0x28(x8)
#97 0 8000007c fef42623 m f0040fac   00000002  sw       x15, -0x14(x8)
#98 0 80000080     a061 r 00         00000000  c.j      . + 0x88
#99 0 80000108 fec42703 r 0e         00000002  lw       x14, -0x14(x8)
#100 0 8000010c fd442783 r 0f         00000004  lw       x15, -0x2c(x8)
#101 0 80000110 f6f749e3 r 00         00000000  blt      x14, x15, . - 0x8e
#102 0 80000082 fec42603 r 0c         00000002  lw       x12, -0x14(x8)
#103 0 80000086 fd842583 r 0b         00000002  lw       x11, -0x28(x8)
#104 0 8000008a fdc42503 r 0a         f0040ff8  lw       x10, -0x24(x8)
#105 0 8000008e     3f65 r 01         80000090  c.jal    . - 0x48
#106 0 80000046     7179 r 02         f0040f60  c.addi16sp -0x3
#107 0 80000048     d606 m f0040f8c   80000090  c.swsp   x1, 0x2c
#108 0 8000004a     d422 m f0040f88   f0040fc0  c.swsp   x8, 0x28
#109 0 8000004c     d226 m f0040f84   00000000  c.swsp   x9, 0x24
#110 0 8000004e     1800 r 08         f0040f90  c.addi4spn  x8, 0xc
#111 0 80000050 fca42e23 m f0040f6c   f0040ff8  sw       x10, -0x24(x8)
#112 0 80000054 fcb42c23 m f0040f68   00000002  sw       x11, -0x28(x8)
#113 0 80000058 fcc42a23 m f0040f64   00000002  sw       x12, -0x2c(x8)
#114 0 8000005c fd842703 r 0e         00000002  lw       x14, -0x28(x8)
#115 0 80000060 fd442783 r 0f         00000002  lw       x15, -0x2c(x8)
#116 0 80000064 00f71463 r 00         00000000  bne      x14, x15, . + 0x8
#117 0 80000068     4781 r 0f         00000000  c.li     x15, 0x0
#118 0 8000006a     a06d r 00         00000000  c.j      . + 0xaa
#119 0 80000114     853e r 0a         00000000  c.mv     x10, x15
#120 0 80000116     50b2 r 01         80000090  c.lwsp   x1, 0x2c
#121 0 80000118     5422 r 08         f0040fc0  c.lwsp   x8, 0x28
#122 0 8000011a     5492 r 09         00000000  c.lwsp   x9, 0x24
#123 0 8000011c     6145 r 02         f0040f90  c.addi16sp 0x3
#124 0 8000011e     8082 r 00         00000000  c.jr     x1
#125 0 80000090     84aa r 09         00000000  c.mv     x9, x10
#126 0 80000092 fec42783 r 0f         00000002  lw       x15, -0x14(x8)
#127 0 80000096     0785 r 0f         00000003  c.addi   x15, 0x1
#128 0 80000098 fd442603 r 0c         00000004  lw       x12, -0x2c(x8)
#129 0 8000009c     85be r 0b         00000003  c.mv     x11, x15
#130 0 8000009e fdc42503 r 0a         f0040ff8  lw       x10, -0x24(x8)
#131 0 800000a2     3755 r 01         800000a4  c.jal    . - 0x5c
#132 0 80000046     7179 r 02         f0040f60  c.addi16sp -0x3
#133 0 80000048     d606 m f0040f8c   800000a4  c.swsp   x1, 0x2c
#134 0 8000004a     d422 m f0040f88   f0040fc0  c.swsp   x8, 0x28
#135 0 8000004c     d226 m f0040f84   00000000  c.swsp   x9, 0x24
#136 0 8000004e     1800 r 08         f0040f90  c.addi4spn  x8, 0xc
#137 0 80000050 fca42e23 m f0040f6c   f0040ff8  sw       x10, -0x24(x8)
#138 0 80000054 fcb42c23 m f0040f68   00000003  sw       x11, -0x28(x8)
#139 0 80000058 fcc42a23 m f0040f64   00000004  sw       x12, -0x2c(x8)
#140 0 8000005c fd842703 r 0e         00000003  lw       x14, -0x28(x8)
#141 0 80000060 fd442783 r 0f         00000004  lw       x15, -0x2c(x8)
#142 0 80000064 00f71463 r 00         00000000  bne      x14, x15, . + 0x8
#143 0 8000006c 800007b7 r 0f         80000000  lui      x15, -0x80000
#144 0 80000070 fff7c793 r 0f         7fffffff  xori     x15, x15, -0x1
#145 0 80000074 fef42423 m f0040f78   7fffffff  sw       x15, -0x18(x8)
#146 0 80000078 fd842783 r 0f         00000003  lw       x15, -0x28(x8)
#147 0 8000007c fef42623 m f0040f7c   00000003  sw       x15, -0x14(x8)
#148 0 80000080     a061 r 00         00000000  c.j      . + 0x88
#149 0 80000108 fec42703 r 0e         00000003  lw       x14, -0x14(x8)
#150 0 8000010c fd442783 r 0f         00000004  lw       x15, -0x2c(x8)
#151 0 80000110 f6f749e3 r 00         00000000  blt      x14, x15, . - 0x8e
#152 0 80000082 fec42603 r 0c         00000003  lw       x12, -0x14(x8)
#153 0 80000086 fd842583 r 0b         00000003  lw       x11, -0x28(x8)
#154 0 8000008a fdc42503 r 0a         f0040ff8  lw       x10, -0x24(x8)
#155 0 8000008e     3f65 r 01         80000090  c.jal    . - 0x48
#156 0 80000046     7179 r 02         f0040f30  c.addi16sp -0x3
#157 0 80000048     d606 m f0040f5c   80000090  c.swsp   x1, 0x2c
#158 0 8000004a     d422 m f0040f58   f0040f90  c.swsp   x8, 0x28
#159 0 8000004c     d226 m f0040f54   00000000  c.swsp   x9, 0x24
#160 0 8000004e     1800 r 08         f0040f60  c.addi4spn  x8, 0xc
#161 0 80000050 fca42e23 m f0040f3c   f0040ff8  sw       x10, -0x24(x8)
#162 0 80000054 fcb42c23 m f0040f38   00000003  sw       x11, -0x28(x8)
#163 0 80000058 fcc42a23 m f0040f34   00000003  sw       x12, -0x2c(x8)
#164 0 8000005c fd842703 r 0e         00000003  lw       x14, -0x28(x8)
#165 0 80000060 fd442783 r 0f         00000003  lw       x15, -0x2c(x8)
#166 0 80000064 00f71463 r 00         00000000  bne      x14, x15, . + 0x8
#167 0 80000068     4781 r 0f         00000000  c.li     x15, 0x0
#168 0 8000006a     a06d r 00         00000000  c.j      . + 0xaa
#169 0 80000114     853e r 0a         00000000  c.mv     x10, x15
#170 0 80000116     50b2 r 01         80000090  c.lwsp   x1, 0x2c
#171 0 80000118     5422 r 08         f0040f90  c.lwsp   x8, 0x28
#172 0 8000011a     5492 r 09         00000000  c.lwsp   x9, 0x24
#173 0 8000011c     6145 r 02         f0040f60  c.addi16sp 0x3
#174 0 8000011e     8082 r 00         00000000  c.jr     x1
#175 0 80000090     84aa r 09         00000000  c.mv     x9, x10
#176 0 80000092 fec42783 r 0f         00000003  lw       x15, -0x14(x8)
#177 0 80000096     0785 r 0f         00000004  c.addi   x15, 0x1
#178 0 80000098 fd442603 r 0c         00000004  lw       x12, -0x2c(x8)
#179 0 8000009c     85be r 0b         00000004  c.mv     x11, x15
#180 0 8000009e fdc42503 r 0a         f0040ff8  lw       x10, -0x24(x8)
#181 0 800000a2     3755 r 01         800000a4  c.jal    . - 0x5c
#182 0 80000046     7179 r 02         f0040f30  c.addi16sp -0x3
#183 0 80000048     d606 m f0040f5c   800000a4  c.swsp   x1, 0x2c
#184 0 8000004a     d422 m f0040f58   f0040f90  c.swsp   x8, 0x28
#185 0 8000004c     d226 m f0040f54   00000000  c.swsp   x9, 0x24
#186 0 8000004e     1800 r 08         f0040f60  c.addi4spn  x8, 0xc
#187 0 80000050 fca42e23 m f0040f3c   f0040ff8  sw       x10, -0x24(x8)
#188 0 80000054 fcb42c23 m f0040f38   00000004  sw       x11, -0x28(x8)
#189 0 80000058 fcc42a23 m f0040f34   00000004  sw       x12, -0x2c(x8)
#190 0 8000005c fd842703 r 0e         00000004  lw       x14, -0x28(x8)
#191 0 80000060 fd442783 r 0f         00000004  lw       x15, -0x2c(x8)
#192 0 80000064 00f71463 r 00         00000000  bne      x14, x15, . + 0x8
#193 0 80000068     4781 r 0f         00000000  c.li     x15, 0x0
#194 0 8000006a     a06d r 00         00000000  c.j      . + 0xaa
#195 0 80000114     853e r 0a         00000000  c.mv     x10, x15
#196 0 80000116     50b2 r 01         800000a4  c.lwsp   x1, 0x2c
#197 0 80000118     5422 r 08         f0040f90  c.lwsp   x8, 0x28
#198 0 8000011a     5492 r 09         00000000  c.lwsp   x9, 0x24
#199 0 8000011c     6145 r 02         f0040f60  c.addi16sp 0x3
#200 0 8000011e     8082 r 00         00000000  c.jr     x1
#201 0 800000a4     87aa r 0f         00000000  c.mv     x15, x10
#202 0 800000a6 00f48733 r 0e         00000000  add      x14, x9, x15
#203 0 800000aa fd842683 r 0d         00000003  lw       x13, -0x28(x8)
#204 0 800000ae 400007b7 r 0f         40000000  lui      x15, 0x40000
#205 0 800000b2     17fd r 0f         3fffffff  c.addi   x15, -0x1
#206 0 800000b4     97b6 r 0f         40000002  c.add    x15, x13
#207 0 800000b6     078a r 0f         00000008  c.slli   x15, 2
#208 0 800000b8 fdc42683 r 0d         f0040ff8  lw       x13, -0x24(x8)
#209 0 800000bc     97b6 r 0f         f0041000  c.add    x15, x13
#210 0 800000be     4394 r 0d         0000001e  c.lw     x13, 0x0(x15)
#211 0 800000c0 fec42783 r 0f         00000003  lw       x15, -0x14(x8)
#212 0 800000c4     078a r 0f         0000000c  c.slli   x15, 2
#213 0 800000c6 fdc42603 r 0c         f0040ff8  lw       x12, -0x24(x8)
#214 0 800000ca     97b2 r 0f         f0041004  c.add    x15, x12
#215 0 800000cc     439c r 0f         0000000a  c.lw     x15, 0x0(x15)
#216 0 800000ce 02f686b3 r 0d         0000012c  mul      x13, x13, x15
#217 0 800000d2 fd442783 r 0f         00000004  lw       x15, -0x2c(x8)
#218 0 800000d6     078a r 0f         00000010  c.slli   x15, 2
#219 0 800000d8 fdc42603 r 0c         f0040ff8  lw       x12, -0x24(x8)
#220 0 800000dc     97b2 r 0f         f0041008  c.add    x15, x12
#221 0 800000de     439c r 0f         0000001e  c.lw     x15, 0x0(x15)
#222 0 800000e0 02f687b3 r 0f         00002328  mul      x15, x13, x15
#223 0 800000e4     97ba r 0f         00002328  c.add    x15, x14
#224 0 800000e6 fef42223 m f0040f74   00002328  sw       x15, -0x1c(x8)
#225 0 800000ea fe442703 r 0e         00002328  lw       x14, -0x1c(x8)
#226 0 800000ee fe842783 r 0f         7fffffff  lw       x15, -0x18(x8)
#227 0 800000f2 00f75663 r 00         00000000  bge      x14, x15, . + 0xc
#228 0 800000f6 fe442783 r 0f         00002328  lw       x15, -0x1c(x8)
#229 0 800000fa fef42423 m f0040f78   00002328  sw       x15, -0x18(x8)
#230 0 800000fe fec42783 r 0f         00000003  lw       x15, -0x14(x8)
#231 0 80000102     0785 r 0f         00000004  c.addi   x15, 0x1
#232 0 80000104 fef42623 m f0040f7c   00000004  sw       x15, -0x14(x8)
#233 0 80000108 fec42703 r 0e         00000004  lw       x14, -0x14(x8)
#234 0 8000010c fd442783 r 0f         00000004  lw       x15, -0x2c(x8)
#235 0 80000110 f6f749e3 r 00         00000000  blt      x14, x15, . - 0x8e
#236 0 80000114     853e r 0a         00000004  c.mv     x10, x15
#237 0 80000116     50b2 r 01         800000a4  c.lwsp   x1, 0x2c
#238 0 80000118     5422 r 08         f0040fc0  c.lwsp   x8, 0x28
#239 0 8000011a     5492 r 09         00000000  c.lwsp   x9, 0x24
#240 0 8000011c     6145 r 02         f0040f90  c.addi16sp 0x3
#241 0 8000011e     8082 r 00         00000000  c.jr     x1
#242 0 800000a4     87aa r 0f         00000004  c.mv     x15, x10
#243 0 800000a6 00f48733 r 0e         00000004  add      x14, x9, x15
#244 0 800000aa fd842683 r 0d         00000002  lw       x13, -0x28(x8)
#245 0 800000ae 400007b7 r 0f         40000000  lui      x15, 0x40000
#246 0 800000b2     17fd r 0f         3fffffff  c.addi   x15, -0x1
#247 0 800000b4     97b6 r 0f         40000001  c.add    x15, x13
#248 0 800000b6     078a r 0f         00000004  c.slli   x15, 2
#249 0 800000b8 fdc42683 r 0d         f0040ff8  lw       x13, -0x24(x8)
#250 0 800000bc     97b6 r 0f         f0040ffc  c.add    x15, x13
#251 0 800000be     4394 r 0d         00000014  c.lw     x13, 0x0(x15)
#252 0 800000c0 fec42783 r 0f         00000002  lw       x15, -0x14(x8)
#253 0 800000c4     078a r 0f         00000008  c.slli   x15, 2
#254 0 800000c6 fdc42603 r 0c         f0040ff8  lw       x12, -0x24(x8)
#255 0 800000ca     97b2 r 0f         f0041000  c.add    x15, x12
#256 0 800000cc     439c r 0f         0000001e  c.lw     x15, 0x0(x15)
#257 0 800000ce 02f686b3 r 0d         00000258  mul      x13, x13, x15
#258 0 800000d2 fd442783 r 0f         00000004  lw       x15, -0x2c(x8)
#259 0 800000d6     078a r 0f         00000010  c.slli   x15, 2
#260 0 800000d8 fdc42603 r 0c         f0040ff8  lw       x12, -0x24(x8)
#261 0 800000dc     97b2 r 0f         f0041008  c.add    x15, x12
#262 0 800000de     439c r 0f         0000001e  c.lw     x15, 0x0(x15)
#263 0 800000e0 02f687b3 r 0f         00004650  mul      x15, x13, x15
#264 0 800000e4     97ba r 0f         00004654  c.add    x15, x14
#265 0 800000e6 fef42223 m f0040fa4   00004654  sw       x15, -0x1c(x8)
#266 0 800000ea fe442703 r 0e         00004654  lw       x14, -0x1c(x8)
#267 0 800000ee fe842783 r 0f         7fffffff  lw       x15, -0x18(x8)
#268 0 800000f2 00f75663 r 00         00000000  bge      x14, x15, . + 0xc
#269 0 800000f6 fe442783 r 0f         00004654  lw       x15, -0x1c(x8)
#270 0 800000fa fef42423 m f0040fa8   00004654  sw       x15, -0x18(x8)
#271 0 800000fe fec42783 r 0f         00000002  lw       x15, -0x14(x8)
#272 0 80000102     0785 r 0f         00000003  c.addi   x15, 0x1
#273 0 80000104 fef42623 m f0040fac   00000003  sw       x15, -0x14(x8)
#274 0 80000108 fec42703 r 0e         00000003  lw       x14, -0x14(x8)
#275 0 8000010c fd442783 r 0f         00000004  lw       x15, -0x2c(x8)
#276 0 80000110 f6f749e3 r 00         00000000  blt      x14, x15, . - 0x8e
#277 0 80000082 fec42603 r 0c         00000003  lw       x12, -0x14(x8)
#278 0 80000086 fd842583 r 0b         00000002  lw       x11, -0x28(x8)
#279 0 8000008a fdc42503 r 0a         f0040ff8  lw       x10, -0x24(x8)
#280 0 8000008e     3f65 r 01         80000090  c.jal    . - 0x48
#281 0 80000046     7179 r 02         f0040f60  c.addi16sp -0x3
#282 0 80000048     d606 m f0040f8c   80000090  c.swsp   x1, 0x2c
#283 0 8000004a     d422 m f0040f88   f0040fc0  c.swsp   x8, 0x28
#284 0 8000004c     d226 m f0040f84   00000000  c.swsp   x9, 0x24
#285 0 8000004e     1800 r 08         f0040f90  c.addi4spn  x8, 0xc
#286 0 80000050 fca42e23 m f0040f6c   f0040ff8  sw       x10, -0x24(x8)
#287 0 80000054 fcb42c23 m f0040f68   00000002  sw       x11, -0x28(x8)
#288 0 80000058 fcc42a23 m f0040f64   00000003  sw       x12, -0x2c(x8)
#289 0 8000005c fd842703 r 0e         00000002  lw       x14, -0x28(x8)
#290 0 80000060 fd442783 r 0f         00000003  lw       x15, -0x2c(x8)
#291 0 80000064 00f71463 r 00         00000000  bne      x14, x15, . + 0x8
#292 0 8000006c 800007b7 r 0f         80000000  lui      x15, -0x80000
#293 0 80000070 fff7c793 r 0f         7fffffff  xori     x15, x15, -0x1
#294 0 80000074 fef42423 m f0040f78   7fffffff  sw       x15, -0x18(x8)
#295 0 80000078 fd842783 r 0f         00000002  lw       x15, -0x28(x8)
#296 0 8000007c fef42623 m f0040f7c   00000002  sw       x15, -0x14(x8)
#297 0 80000080     a061 r 00         00000000  c.j      . + 0x88
#298 0 80000108 fec42703 r 0e         00000002  lw       x14, -0x14(x8)
#299 0 8000010c fd442783 r 0f         00000003  lw       x15, -0x2c(x8)
#300 0 80000110 f6f749e3 r 00         00000000  blt      x14, x15, . - 0x8e
#301 0 80000082 fec42603 r 0c         00000002  lw       x12, -0x14(x8)
#302 0 80000086 fd842583 r 0b         00000002  lw       x11, -0x28(x8)
#303 0 8000008a fdc42503 r 0a         f0040ff8  lw       x10, -0x24(x8)
#304 0 8000008e     3f65 r 01         80000090  c.jal    . - 0x48
#305 0 80000046     7179 r 02         f0040f30  c.addi16sp -0x3
#306 0 80000048     d606 m f0040f5c   80000090  c.swsp   x1, 0x2c
#307 0 8000004a     d422 m f0040f58   f0040f90  c.swsp   x8, 0x28
#308 0 8000004c     d226 m f0040f54   00000000  c.swsp   x9, 0x24
#309 0 8000004e     1800 r 08         f0040f60  c.addi4spn  x8, 0xc
#310 0 80000050 fca42e23 m f0040f3c   f0040ff8  sw       x10, -0x24(x8)
#311 0 80000054 fcb42c23 m f0040f38   00000002  sw       x11, -0x28(x8)
#312 0 80000058 fcc42a23 m f0040f34   00000002  sw       x12, -0x2c(x8)
#313 0 8000005c fd842703 r 0e         00000002  lw       x14, -0x28(x8)
#314 0 80000060 fd442783 r 0f         00000002  lw       x15, -0x2c(x8)
#315 0 80000064 00f71463 r 00         00000000  bne      x14, x15, . + 0x8
#316 0 80000068     4781 r 0f         00000000  c.li     x15, 0x0
#317 0 8000006a     a06d r 00         00000000  c.j      . + 0xaa
#318 0 80000114     853e r 0a         00000000  c.mv     x10, x15
#319 0 80000116     50b2 r 01         80000090  c.lwsp   x1, 0x2c
#320 0 80000118     5422 r 08         f0040f90  c.lwsp   x8, 0x28
#321 0 8000011a     5492 r 09         00000000  c.lwsp   x9, 0x24
#322 0 8000011c     6145 r 02         f0040f60  c.addi16sp 0x3
#323 0 8000011e     8082 r 00         00000000  c.jr     x1
#324 0 80000090     84aa r 09         00000000  c.mv     x9, x10
#325 0 80000092 fec42783 r 0f         00000002  lw       x15, -0x14(x8)
#326 0 80000096     0785 r 0f         00000003  c.addi   x15, 0x1
#327 0 80000098 fd442603 r 0c         00000003  lw       x12, -0x2c(x8)
#328 0 8000009c     85be r 0b         00000003  c.mv     x11, x15
#329 0 8000009e fdc42503 r 0a         f0040ff8  lw       x10, -0x24(x8)
#330 0 800000a2     3755 r 01         800000a4  c.jal    . - 0x5c
#331 0 80000046     7179 r 02         f0040f30  c.addi16sp -0x3
#332 0 80000048     d606 m f0040f5c   800000a4  c.swsp   x1, 0x2c
#333 0 8000004a     d422 m f0040f58   f0040f90  c.swsp   x8, 0x28
#334 0 8000004c     d226 m f0040f54   00000000  c.swsp   x9, 0x24
#335 0 8000004e     1800 r 08         f0040f60  c.addi4spn  x8, 0xc
#336 0 80000050 fca42e23 m f0040f3c   f0040ff8  sw       x10, -0x24(x8)
#337 0 80000054 fcb42c23 m f0040f38   00000003  sw       x11, -0x28(x8)
#338 0 80000058 fcc42a23 m f0040f34   00000003  sw       x12, -0x2c(x8)
#339 0 8000005c fd842703 r 0e         00000003  lw       x14, -0x28(x8)
#340 0 80000060 fd442783 r 0f         00000003  lw       x15, -0x2c(x8)
#341 0 80000064 00f71463 r 00         00000000  bne      x14, x15, . + 0x8
#342 0 80000068     4781 r 0f         00000000  c.li     x15, 0x0
#343 0 8000006a     a06d r 00         00000000  c.j      . + 0xaa
#344 0 80000114     853e r 0a         00000000  c.mv     x10, x15
#345 0 80000116     50b2 r 01         800000a4  c.lwsp   x1, 0x2c
#346 0 80000118     5422 r 08         f0040f90  c.lwsp   x8, 0x28
#347 0 8000011a     5492 r 09         00000000  c.lwsp   x9, 0x24
#348 0 8000011c     6145 r 02         f0040f60  c.addi16sp 0x3
#349 0 8000011e     8082 r 00         00000000  c.jr     x1
#350 0 800000a4     87aa r 0f         00000000  c.mv     x15, x10
#351 0 800000a6 00f48733 r 0e         00000000  add      x14, x9, x15
#352 0 800000aa fd842683 r 0d         00000002  lw       x13, -0x28(x8)
#353 0 800000ae 400007b7 r 0f         40000000  lui      x15, 0x40000
#354 0 800000b2     17fd r 0f         3fffffff  c.addi   x15, -0x1
#355 0 800000b4     97b6 r 0f         40000001  c.add    x15, x13
#356 0 800000b6     078a r 0f         00000004  c.slli   x15, 2
#357 0 800000b8 fdc42683 r 0d         f0040ff8  lw       x13, -0x24(x8)
#358 0 800000bc     97b6 r 0f         f0040ffc  c.add    x15, x13
#359 0 800000be     4394 r 0d         00000014  c.lw     x13, 0x0(x15)
#360 0 800000c0 fec42783 r 0f         00000002  lw       x15, -0x14(x8)
#361 0 800000c4     078a r 0f         00000008  c.slli   x15, 2
#362 0 800000c6 fdc42603 r 0c         f0040ff8  lw       x12, -0x24(x8)
#363 0 800000ca     97b2 r 0f         f0041000  c.add    x15, x12
#364 0 800000cc     439c r 0f         0000001e  c.lw     x15, 0x0(x15)
#365 0 800000ce 02f686b3 r 0d         00000258  mul      x13, x13, x15
#366 0 800000d2 fd442783 r 0f         00000003  lw       x15, -0x2c(x8)
#367 0 800000d6     078a r 0f         0000000c  c.slli   x15, 2
#368 0 800000d8 fdc42603 r 0c         f0040ff8  lw       x12, -0x24(x8)
#369 0 800000dc     97b2 r 0f         f0041004  c.add    x15, x12
#370 0 800000de     439c r 0f         0000000a  c.lw     x15, 0x0(x15)
#371 0 800000e0 02f687b3 r 0f         00001770  mul      x15, x13, x15
#372 0 800000e4     97ba r 0f         00001770  c.add    x15, x14
#373 0 800000e6 fef42223 m f0040f74   00001770  sw       x15, -0x1c(x8)
#374 0 800000ea fe442703 r 0e         00001770  lw       x14, -0x1c(x8)
#375 0 800000ee fe842783 r 0f         7fffffff  lw       x15, -0x18(x8)
#376 0 800000f2 00f75663 r 00         00000000  bge      x14, x15, . + 0xc
#377 0 800000f6 fe442783 r 0f         00001770  lw       x15, -0x1c(x8)
#378 0 800000fa fef42423 m f0040f78   00001770  sw       x15, -0x18(x8)
#379 0 800000fe fec42783 r 0f         00000002  lw       x15, -0x14(x8)
#380 0 80000102     0785 r 0f         00000003  c.addi   x15, 0x1
#381 0 80000104 fef42623 m f0040f7c   00000003  sw       x15, -0x14(x8)
#382 0 80000108 fec42703 r 0e         00000003  lw       x14, -0x14(x8)
#383 0 8000010c fd442783 r 0f         00000003  lw       x15, -0x2c(x8)
#384 0 80000110 f6f749e3 r 00         00000000  blt      x14, x15, . - 0x8e
#385 0 80000114     853e r 0a         00000003  c.mv     x10, x15
#386 0 80000116     50b2 r 01         80000090  c.lwsp   x1, 0x2c
#387 0 80000118     5422 r 08         f0040fc0  c.lwsp   x8, 0x28
#388 0 8000011a     5492 r 09         00000000  c.lwsp   x9, 0x24
#389 0 8000011c     6145 r 02         f0040f90  c.addi16sp 0x3
#390 0 8000011e     8082 r 00         00000000  c.jr     x1
#391 0 80000090     84aa r 09         00000003  c.mv     x9, x10
#392 0 80000092 fec42783 r 0f         00000003  lw       x15, -0x14(x8)
#393 0 80000096     0785 r 0f         00000004  c.addi   x15, 0x1
#394 0 80000098 fd442603 r 0c         00000004  lw       x12, -0x2c(x8)
#395 0 8000009c     85be r 0b         00000004  c.mv     x11, x15
#396 0 8000009e fdc42503 r 0a         f0040ff8  lw       x10, -0x24(x8)
#397 0 800000a2     3755 r 01         800000a4  c.jal    . - 0x5c
#398 0 80000046     7179 r 02         f0040f60  c.addi16sp -0x3
#399 0 80000048     d606 m f0040f8c   800000a4  c.swsp   x1, 0x2c
#400 0 8000004a     d422 m f0040f88   f0040fc0  c.swsp   x8, 0x28
#401 0 8000004c     d226 m f0040f84   00000003  c.swsp   x9, 0x24
#402 0 8000004e     1800 r 08         f0040f90  c.addi4spn  x8, 0xc
#403 0 80000050 fca42e23 m f0040f6c   f0040ff8  sw       x10, -0x24(x8)
#404 0 80000054 fcb42c23 m f0040f68   00000004  sw       x11, -0x28(x8)
#405 0 80000058 fcc42a23 m f0040f64   00000004  sw       x12, -0x2c(x8)
#406 0 8000005c fd842703 r 0e         00000004  lw       x14, -0x28(x8)
#407 0 80000060 fd442783 r 0f         00000004  lw       x15, -0x2c(x8)
#408 0 80000064 00f71463 r 00         00000000  bne      x14, x15, . + 0x8
#409 0 80000068     4781 r 0f         00000000  c.li     x15, 0x0
#410 0 8000006a     a06d r 00         00000000  c.j      . + 0xaa
#411 0 80000114     853e r 0a         00000000  c.mv     x10, x15
#412 0 80000116     50b2 r 01         800000a4  c.lwsp   x1, 0x2c
#413 0 80000118     5422 r 08         f0040fc0  c.lwsp   x8, 0x28
#414 0 8000011a     5492 r 09         00000003  c.lwsp   x9, 0x24
#415 0 8000011c     6145 r 02         f0040f90  c.addi16sp 0x3
#416 0 8000011e     8082 r 00         00000000  c.jr     x1
#417 0 800000a4     87aa r 0f         00000000  c.mv     x15, x10
#418 0 800000a6 00f48733 r 0e         00000003  add      x14, x9, x15
#419 0 800000aa fd842683 r 0d         00000002  lw       x13, -0x28(x8)
#420 0 800000ae 400007b7 r 0f         40000000  lui      x15, 0x40000
#421 0 800000b2     17fd r 0f         3fffffff  c.addi   x15, -0x1
#422 0 800000b4     97b6 r 0f         40000001  c.add    x15, x13
#423 0 800000b6     078a r 0f         00000004  c.slli   x15, 2
#424 0 800000b8 fdc42683 r 0d         f0040ff8  lw       x13, -0x24(x8)
#425 0 800000bc     97b6 r 0f         f0040ffc  c.add    x15, x13
#426 0 800000be     4394 r 0d         00000014  c.lw     x13, 0x0(x15)
#427 0 800000c0 fec42783 r 0f         00000003  lw       x15, -0x14(x8)
#428 0 800000c4     078a r 0f         0000000c  c.slli   x15, 2
#429 0 800000c6 fdc42603 r 0c         f0040ff8  lw       x12, -0x24(x8)
#430 0 800000ca     97b2 r 0f         f0041004  c.add    x15, x12
#431 0 800000cc     439c r 0f         0000000a  c.lw     x15, 0x0(x15)
#432 0 800000ce 02f686b3 r 0d         000000c8  mul      x13, x13, x15
#433 0 800000d2 fd442783 r 0f         00000004  lw       x15, -0x2c(x8)
#434 0 800000d6     078a r 0f         00000010  c.slli   x15, 2
#435 0 800000d8 fdc42603 r 0c         f0040ff8  lw       x12, -0x24(x8)
#436 0 800000dc     97b2 r 0f         f0041008  c.add    x15, x12
#437 0 800000de     439c r 0f         0000001e  c.lw     x15, 0x0(x15)
#438 0 800000e0 02f687b3 r 0f         00001770  mul      x15, x13, x15
#439 0 800000e4     97ba r 0f         00001773  c.add    x15, x14
#440 0 800000e6 fef42223 m f0040fa4   00001773  sw       x15, -0x1c(x8)
#441 0 800000ea fe442703 r 0e         00001773  lw       x14, -0x1c(x8)
#442 0 800000ee fe842783 r 0f         00004654  lw       x15, -0x18(x8)
#443 0 800000f2 00f75663 r 00         00000000  bge      x14, x15, . + 0xc
#444 0 800000f6 fe442783 r 0f         00001773  lw       x15, -0x1c(x8)
#445 0 800000fa fef42423 m f0040fa8   00001773  sw       x15, -0x18(x8)
#446 0 800000fe fec42783 r 0f         00000003  lw       x15, -0x14(x8)
#447 0 80000102     0785 r 0f         00000004  c.addi   x15, 0x1
#448 0 80000104 fef42623 m f0040fac   00000004  sw       x15, -0x14(x8)
#449 0 80000108 fec42703 r 0e         00000004  lw       x14, -0x14(x8)
#450 0 8000010c fd442783 r 0f         00000004  lw       x15, -0x2c(x8)
#451 0 80000110 f6f749e3 r 00         00000000  blt      x14, x15, . - 0x8e
#452 0 80000114     853e r 0a         00000004  c.mv     x10, x15
#453 0 80000116     50b2 r 01         800000a4  c.lwsp   x1, 0x2c
#454 0 80000118     5422 r 08         f0040ff0  c.lwsp   x8, 0x28
#455 0 8000011a     5492 r 09         00000000  c.lwsp   x9, 0x24
#456 0 8000011c     6145 r 02         f0040fc0  c.addi16sp 0x3
#457 0 8000011e     8082 r 00         00000000  c.jr     x1
#458 0 800000a4     87aa r 0f         00000004  c.mv     x15, x10
#459 0 800000a6 00f48733 r 0e         00000004  add      x14, x9, x15
#460 0 800000aa fd842683 r 0d         00000001  lw       x13, -0x28(x8)
#461 0 800000ae 400007b7 r 0f         40000000  lui      x15, 0x40000
#462 0 800000b2     17fd r 0f         3fffffff  c.addi   x15, -0x1
#463 0 800000b4     97b6 r 0f         40000000  c.add    x15, x13
#464 0 800000b6     078a r 0f         00000000  c.slli   x15, 2
#465 0 800000b8 fdc42683 r 0d         f0040ff8  lw       x13, -0x24(x8)
#466 0 800000bc     97b6 r 0f         f0040ff8  c.add    x15, x13
#467 0 800000be     4394 r 0d         00000028  c.lw     x13, 0x0(x15)
#468 0 800000c0 fec42783 r 0f         00000001  lw       x15, -0x14(x8)
#469 0 800000c4     078a r 0f         00000004  c.slli   x15, 2
#470 0 800000c6 fdc42603 r 0c         f0040ff8  lw       x12, -0x24(x8)
#471 0 800000ca     97b2 r 0f         f0040ffc  c.add    x15, x12
#472 0 800000cc     439c r 0f         00000014  c.lw     x15, 0x0(x15)
#473 0 800000ce 02f686b3 r 0d         00000320  mul      x13, x13, x15
#474 0 800000d2 fd442783 r 0f         00000004  lw       x15, -0x2c(x8)
#475 0 800000d6     078a r 0f         00000010  c.slli   x15, 2
#476 0 800000d8 fdc42603 r 0c         f0040ff8  lw       x12, -0x24(x8)
#477 0 800000dc     97b2 r 0f         f0041008  c.add    x15, x12
#478 0 800000de     439c r 0f         0000001e  c.lw     x15, 0x0(x15)
#479 0 800000e0 02f687b3 r 0f         00005dc0  mul      x15, x13, x15
#480 0 800000e4     97ba r 0f         00005dc4  c.add    x15, x14
#481 0 800000e6 fef42223 m f0040fd4   00005dc4  sw       x15, -0x1c(x8)
#482 0 800000ea fe442703 r 0e         00005dc4  lw       x14, -0x1c(x8)
#483 0 800000ee fe842783 r 0f         7fffffff  lw       x15, -0x18(x8)
#484 0 800000f2 00f75663 r 00         00000000  bge      x14, x15, . + 0xc
#485 0 800000f6 fe442783 r 0f         00005dc4  lw       x15, -0x1c(x8)
#486 0 800000fa fef42423 m f0040fd8   00005dc4  sw       x15, -0x18(x8)
#487 0 800000fe fec42783 r 0f         00000001  lw       x15, -0x14(x8)
#488 0 80000102     0785 r 0f         00000002  c.addi   x15, 0x1
#489 0 80000104 fef42623 m f0040fdc   00000002  sw       x15, -0x14(x8)
#490 0 80000108 fec42703 r 0e         00000002  lw       x14, -0x14(x8)
#491 0 8000010c fd442783 r 0f         00000004  lw       x15, -0x2c(x8)
#492 0 80000110 f6f749e3 r 00         00000000  blt      x14, x15, . - 0x8e
#493 0 80000082 fec42603 r 0c         00000002  lw       x12, -0x14(x8)
#494 0 80000086 fd842583 r 0b         00000001  lw       x11, -0x28(x8)
#495 0 8000008a fdc42503 r 0a         f0040ff8  lw       x10, -0x24(x8)
#496 0 8000008e     3f65 r 01         80000090  c.jal    . - 0x48
#497 0 80000046     7179 r 02         f0040f90  c.addi16sp -0x3
#498 0 80000048     d606 m f0040fbc   80000090  c.swsp   x1, 0x2c
#499 0 8000004a     d422 m f0040fb8   f0040ff0  c.swsp   x8, 0x28
#500 0 8000004c     d226 m f0040fb4   00000000  c.swsp   x9, 0x24
#501 0 8000004e     1800 r 08         f0040fc0  c.addi4spn  x8, 0xc
#502 0 80000050 fca42e23 m f0040f9c   f0040ff8  sw       x10, -0x24(x8)
#503 0 80000054 fcb42c23 m f0040f98   00000001  sw       x11, -0x28(x8)
#504 0 80000058 fcc42a23 m f0040f94   00000002  sw       x12, -0x2c(x8)
#505 0 8000005c fd842703 r 0e         00000001  lw       x14, -0x28(x8)
#506 0 80000060 fd442783 r 0f         00000002  lw       x15, -0x2c(x8)
#507 0 80000064 00f71463 r 00         00000000  bne      x14, x15, . + 0x8
#508 0 8000006c 800007b7 r 0f         80000000  lui      x15, -0x80000
#509 0 80000070 fff7c793 r 0f         7fffffff  xori     x15, x15, -0x1
#510 0 80000074 fef42423 m f0040fa8   7fffffff  sw       x15, -0x18(x8)
#511 0 80000078 fd842783 r 0f         00000001  lw       x15, -0x28(x8)
#512 0 8000007c fef42623 m f0040fac   00000001  sw       x15, -0x14(x8)
#513 0 80000080     a061 r 00         00000000  c.j      . + 0x88
#514 0 80000108 fec42703 r 0e         00000001  lw       x14, -0x14(x8)
#515 0 8000010c fd442783 r 0f         00000002  lw       x15, -0x2c(x8)
#516 0 80000110 f6f749e3 r 00         00000000  blt      x14, x15, . - 0x8e
#517 0 80000082 fec42603 r 0c         00000001  lw       x12, -0x14(x8)
#518 0 80000086 fd842583 r 0b         00000001  lw       x11, -0x28(x8)
#519 0 8000008a fdc42503 r 0a         f0040ff8  lw       x10, -0x24(x8)
#520 0 8000008e     3f65 r 01         80000090  c.jal    . - 0x48
#521 0 80000046     7179 r 02         f0040f60  c.addi16sp -0x3
#522 0 80000048     d606 m f0040f8c   80000090  c.swsp   x1, 0x2c
#523 0 8000004a     d422 m f0040f88   f0040fc0  c.swsp   x8, 0x28
#524 0 8000004c     d226 m f0040f84   00000000  c.swsp   x9, 0x24
#525 0 8000004e     1800 r 08         f0040f90  c.addi4spn  x8, 0xc
#526 0 80000050 fca42e23 m f0040f6c   f0040ff8  sw       x10, -0x24(x8)
#527 0 80000054 fcb42c23 m f0040f68   00000001  sw       x11, -0x28(x8)
#528 0 80000058 fcc42a23 m f0040f64   00000001  sw       x12, -0x2c(x8)
#529 0 8000005c fd842703 r 0e         00000001  lw       x14, -0x28(x8)
#530 0 80000060 fd442783 r 0f         00000001  lw       x15, -0x2c(x8)
#531 0 80000064 00f71463 r 00         00000000  bne      x14, x15, . + 0x8
#532 0 80000068     4781 r 0f         00000000  c.li     x15, 0x0
#533 0 8000006a     a06d r 00         00000000  c.j      . + 0xaa
#534 0 80000114     853e r 0a         00000000  c.mv     x10, x15
#535 0 80000116     50b2 r 01         80000090  c.lwsp   x1, 0x2c
#536 0 80000118     5422 r 08         f0040fc0  c.lwsp   x8, 0x28
#537 0 8000011a     5492 r 09         00000000  c.lwsp   x9, 0x24
#538 0 8000011c     6145 r 02         f0040f90  c.addi16sp 0x3
#539 0 8000011e     8082 r 00         00000000  c.jr     x1
#540 0 80000090     84aa r 09         00000000  c.mv     x9, x10
#541 0 80000092 fec42783 r 0f         00000001  lw       x15, -0x14(x8)
#542 0 80000096     0785 r 0f         00000002  c.addi   x15, 0x1
#543 0 80000098 fd442603 r 0c         00000002  lw       x12, -0x2c(x8)
#544 0 8000009c     85be r 0b         00000002  c.mv     x11, x15
#545 0 8000009e fdc42503 r 0a         f0040ff8  lw       x10, -0x24(x8)
#546 0 800000a2     3755 r 01         800000a4  c.jal    . - 0x5c
#547 0 80000046     7179 r 02         f0040f60  c.addi16sp -0x3
#548 0 80000048     d606 m f0040f8c   800000a4  c.swsp   x1, 0x2c
#549 0 8000004a     d422 m f0040f88   f0040fc0  c.swsp   x8, 0x28
#550 0 8000004c     d226 m f0040f84   00000000  c.swsp   x9, 0x24
#551 0 8000004e     1800 r 08         f0040f90  c.addi4spn  x8, 0xc
#552 0 80000050 fca42e23 m f0040f6c   f0040ff8  sw       x10, -0x24(x8)
#553 0 80000054 fcb42c23 m f0040f68   00000002  sw       x11, -0x28(x8)
#554 0 80000058 fcc42a23 m f0040f64   00000002  sw       x12, -0x2c(x8)
#555 0 8000005c fd842703 r 0e         00000002  lw       x14, -0x28(x8)
#556 0 80000060 fd442783 r 0f         00000002  lw       x15, -0x2c(x8)
#557 0 80000064 00f71463 r 00         00000000  bne      x14, x15, . + 0x8
#558 0 80000068     4781 r 0f         00000000  c.li     x15, 0x0
#559 0 8000006a     a06d r 00         00000000  c.j      . + 0xaa
#560 0 80000114     853e r 0a         00000000  c.mv     x10, x15
#561 0 80000116     50b2 r 01         800000a4  c.lwsp   x1, 0x2c
#562 0 80000118     5422 r 08         f0040fc0  c.lwsp   x8, 0x28
#563 0 8000011a     5492 r 09         00000000  c.lwsp   x9, 0x24
#564 0 8000011c     6145 r 02         f0040f90  c.addi16sp 0x3
#565 0 8000011e     8082 r 00         00000000  c.jr     x1
#566 0 800000a4     87aa r 0f         00000000  c.mv     x15, x10
#567 0 800000a6 00f48733 r 0e         00000000  add      x14, x9, x15
#568 0 800000aa fd842683 r 0d         00000001  lw       x13, -0x28(x8)
#569 0 800000ae 400007b7 r 0f         40000000  lui      x15, 0x40000
#570 0 800000b2     17fd r 0f         3fffffff  c.addi   x15, -0x1
#571 0 800000b4     97b6 r 0f         40000000  c.add    x15, x13
#572 0 800000b6     078a r 0f         00000000  c.slli   x15, 2
#573 0 800000b8 fdc42683 r 0d         f0040ff8  lw       x13, -0x24(x8)
#574 0 800000bc     97b6 r 0f         f0040ff8  c.add    x15, x13
#575 0 800000be     4394 r 0d         00000028  c.lw     x13, 0x0(x15)
#576 0 800000c0 fec42783 r 0f         00000001  lw       x15, -0x14(x8)
#577 0 800000c4     078a r 0f         00000004  c.slli   x15, 2
#578 0 800000c6 fdc42603 r 0c         f0040ff8  lw       x12, -0x24(x8)
#579 0 800000ca     97b2 r 0f         f0040ffc  c.add    x15, x12
#580 0 800000cc     439c r 0f         00000014  c.lw     x15, 0x0(x15)
#581 0 800000ce 02f686b3 r 0d         00000320  mul      x13, x13, x15
#582 0 800000d2 fd442783 r 0f         00000002  lw       x15, -0x2c(x8)
#583 0 800000d6     078a r 0f         00000008  c.slli   x15, 2
#584 0 800000d8 fdc42603 r 0c         f0040ff8  lw       x12, -0x24(x8)
#585 0 800000dc     97b2 r 0f         f0041000  c.add    x15, x12
#586 0 800000de     439c r 0f         0000001e  c.lw     x15, 0x0(x15)
#587 0 800000e0 02f687b3 r 0f         00005dc0  mul      x15, x13, x15
#588 0 800000e4     97ba r 0f         00005dc0  c.add    x15, x14
#589 0 800000e6 fef42223 m f0040fa4   00005dc0  sw       x15, -0x1c(x8)
#590 0 800000ea fe442703 r 0e         00005dc0  lw       x14, -0x1c(x8)
#591 0 800000ee fe842783 r 0f         7fffffff  lw       x15, -0x18(x8)
#592 0 800000f2 00f75663 r 00         00000000  bge      x14, x15, . + 0xc
#593 0 800000f6 fe442783 r 0f         00005dc0  lw       x15, -0x1c(x8)
#594 0 800000fa fef42423 m f0040fa8   00005dc0  sw       x15, -0x18(x8)
#595 0 800000fe fec42783 r 0f         00000001  lw       x15, -0x14(x8)
#596 0 80000102     0785 r 0f         00000002  c.addi   x15, 0x1
#597 0 80000104 fef42623 m f0040fac   00000002  sw       x15, -0x14(x8)
#598 0 80000108 fec42703 r 0e         00000002  lw       x14, -0x14(x8)
#599 0 8000010c fd442783 r 0f         00000002  lw       x15, -0x2c(x8)
#600 0 80000110 f6f749e3 r 00         00000000  blt      x14, x15, . - 0x8e
#601 0 80000114     853e r 0a         00000002  c.mv     x10, x15
#602 0 80000116     50b2 r 01         80000090  c.lwsp   x1, 0x2c
#603 0 80000118     5422 r 08         f0040ff0  c.lwsp   x8, 0x28
#604 0 8000011a     5492 r 09         00000000  c.lwsp   x9, 0x24
#605 0 8000011c     6145 r 02         f0040fc0  c.addi16sp 0x3
#606 0 8000011e     8082 r 00         00000000  c.jr     x1
#607 0 80000090     84aa r 09         00000002  c.mv     x9, x10
#608 0 80000092 fec42783 r 0f         00000002  lw       x15, -0x14(x8)
#609 0 80000096     0785 r 0f         00000003  c.addi   x15, 0x1
#610 0 80000098 fd442603 r 0c         00000004  lw       x12, -0x2c(x8)
#611 0 8000009c     85be r 0b         00000003  c.mv     x11, x15
#612 0 8000009e fdc42503 r 0a         f0040ff8  lw       x10, -0x24(x8)
#613 0 800000a2     3755 r 01         800000a4  c.jal    . - 0x5c
#614 0 80000046     7179 r 02         f0040f90  c.addi16sp -0x3
#615 0 80000048     d606 m f0040fbc   800000a4  c.swsp   x1, 0x2c
#616 0 8000004a     d422 m f0040fb8   f0040ff0  c.swsp   x8, 0x28
#617 0 8000004c     d226 m f0040fb4   00000002  c.swsp   x9, 0x24
#618 0 8000004e     1800 r 08         f0040fc0  c.addi4spn  x8, 0xc
#619 0 80000050 fca42e23 m f0040f9c   f0040ff8  sw       x10, -0x24(x8)
#620 0 80000054 fcb42c23 m f0040f98   00000003  sw       x11, -0x28(x8)
#621 0 80000058 fcc42a23 m f0040f94   00000004  sw       x12, -0x2c(x8)
#622 0 8000005c fd842703 r 0e         00000003  lw       x14, -0x28(x8)
#623 0 80000060 fd442783 r 0f         00000004  lw       x15, -0x2c(x8)
#624 0 80000064 00f71463 r 00         00000000  bne      x14, x15, . + 0x8
#625 0 8000006c 800007b7 r 0f         80000000  lui      x15, -0x80000
#626 0 80000070 fff7c793 r 0f         7fffffff  xori     x15, x15, -0x1
#627 0 80000074 fef42423 m f0040fa8   7fffffff  sw       x15, -0x18(x8)
#628 0 80000078 fd842783 r 0f         00000003  lw       x15, -0x28(x8)
#629 0 8000007c fef42623 m f0040fac   00000003  sw       x15, -0x14(x8)
#630 0 80000080     a061 r 00         00000000  c.j      . + 0x88
#631 0 80000108 fec42703 r 0e         00000003  lw       x14, -0x14(x8)
#632 0 8000010c fd442783 r 0f         00000004  lw       x15, -0x2c(x8)
#633 0 80000110 f6f749e3 r 00         00000000  blt      x14, x15, . - 0x8e
#634 0 80000082 fec42603 r 0c         00000003  lw       x12, -0x14(x8)
#635 0 80000086 fd842583 r 0b         00000003  lw       x11, -0x28(x8)
#636 0 8000008a fdc42503 r 0a         f0040ff8  lw       x10, -0x24(x8)
#637 0 8000008e     3f65 r 01         80000090  c.jal    . - 0x48
#638 0 80000046     7179 r 02         f0040f60  c.addi16sp -0x3
#639 0 80000048     d606 m f0040f8c   80000090  c.swsp   x1, 0x2c
#640 0 8000004a     d422 m f0040f88   f0040fc0  c.swsp   x8, 0x28
#641 0 8000004c     d226 m f0040f84   00000002  c.swsp   x9, 0x24
#642 0 8000004e     1800 r 08         f0040f90  c.addi4spn  x8, 0xc
#643 0 80000050 fca42e23 m f0040f6c   f0040ff8  sw       x10, -0x24(x8)
#644 0 80000054 fcb42c23 m f0040f68   00000003  sw       x11, -0x28(x8)
#645 0 80000058 fcc42a23 m f0040f64   00000003  sw       x12, -0x2c(x8)
#646 0 8000005c fd842703 r 0e         00000003  lw       x14, -0x28(x8)
#647 0 80000060 fd442783 r 0f         00000003  lw       x15, -0x2c(x8)
#648 0 80000064 00f71463 r 00         00000000  bne      x14, x15, . + 0x8
#649 0 80000068     4781 r 0f         00000000  c.li     x15, 0x0
#650 0 8000006a     a06d r 00         00000000  c.j      . + 0xaa
#651 0 80000114     853e r 0a         00000000  c.mv     x10, x15
#652 0 80000116     50b2 r 01         80000090  c.lwsp   x1, 0x2c
#653 0 80000118     5422 r 08         f0040fc0  c.lwsp   x8, 0x28
#654 0 8000011a     5492 r 09         00000002  c.lwsp   x9, 0x24
#655 0 8000011c     6145 r 02         f0040f90  c.addi16sp 0x3
#656 0 8000011e     8082 r 00         00000000  c.jr     x1
#657 0 80000090     84aa r 09         00000000  c.mv     x9, x10
#658 0 80000092 fec42783 r 0f         00000003  lw       x15, -0x14(x8)
#659 0 80000096     0785 r 0f         00000004  c.addi   x15, 0x1
#660 0 80000098 fd442603 r 0c         00000004  lw       x12, -0x2c(x8)
#661 0 8000009c     85be r 0b         00000004  c.mv     x11, x15
#662 0 8000009e fdc42503 r 0a         f0040ff8  lw       x10, -0x24(x8)
#663 0 800000a2     3755 r 01         800000a4  c.jal    . - 0x5c
#664 0 80000046     7179 r 02         f0040f60  c.addi16sp -0x3
#665 0 80000048     d606 m f0040f8c   800000a4  c.swsp   x1, 0x2c
#666 0 8000004a     d422 m f0040f88   f0040fc0  c.swsp   x8, 0x28
#667 0 8000004c     d226 m f0040f84   00000000  c.swsp   x9, 0x24
#668 0 8000004e     1800 r 08         f0040f90  c.addi4spn  x8, 0xc
#669 0 80000050 fca42e23 m f0040f6c   f0040ff8  sw       x10, -0x24(x8)
#670 0 80000054 fcb42c23 m f0040f68   00000004  sw       x11, -0x28(x8)
#671 0 80000058 fcc42a23 m f0040f64   00000004  sw       x12, -0x2c(x8)
#672 0 8000005c fd842703 r 0e         00000004  lw       x14, -0x28(x8)
#673 0 80000060 fd442783 r 0f         00000004  lw       x15, -0x2c(x8)
#674 0 80000064 00f71463 r 00         00000000  bne      x14, x15, . + 0x8
#675 0 80000068     4781 r 0f         00000000  c.li     x15, 0x0
#676 0 8000006a     a06d r 00         00000000  c.j      . + 0xaa
#677 0 80000114     853e r 0a         00000000  c.mv     x10, x15
#678 0 80000116     50b2 r 01         800000a4  c.lwsp   x1, 0x2c
#679 0 80000118     5422 r 08         f0040fc0  c.lwsp   x8, 0x28
#680 0 8000011a     5492 r 09         00000000  c.lwsp   x9, 0x24
#681 0 8000011c     6145 r 02         f0040f90  c.addi16sp 0x3
#682 0 8000011e     8082 r 00         00000000  c.jr     x1
#683 0 800000a4     87aa r 0f         00000000  c.mv     x15, x10
#684 0 800000a6 00f48733 r 0e         00000000  add      x14, x9, x15
#685 0 800000aa fd842683 r 0d         00000003  lw       x13, -0x28(x8)
#686 0 800000ae 400007b7 r 0f         40000000  lui      x15, 0x40000
#687 0 800000b2     17fd r 0f         3fffffff  c.addi   x15, -0x1
#688 0 800000b4     97b6 r 0f         40000002  c.add    x15, x13
#689 0 800000b6     078a r 0f         00000008  c.slli   x15, 2
#690 0 800000b8 fdc42683 r 0d         f0040ff8  lw       x13, -0x24(x8)
#691 0 800000bc     97b6 r 0f         f0041000  c.add    x15, x13
#692 0 800000be     4394 r 0d         0000001e  c.lw     x13, 0x0(x15)
#693 0 800000c0 fec42783 r 0f         00000003  lw       x15, -0x14(x8)
#694 0 800000c4     078a r 0f         0000000c  c.slli   x15, 2
#695 0 800000c6 fdc42603 r 0c         f0040ff8  lw       x12, -0x24(x8)
#696 0 800000ca     97b2 r 0f         f0041004  c.add    x15, x12
#697 0 800000cc     439c r 0f         0000000a  c.lw     x15, 0x0(x15)
#698 0 800000ce 02f686b3 r 0d         0000012c  mul      x13, x13, x15
#699 0 800000d2 fd442783 r 0f         00000004  lw       x15, -0x2c(x8)
#700 0 800000d6     078a r 0f         00000010  c.slli   x15, 2
#701 0 800000d8 fdc42603 r 0c         f0040ff8  lw       x12, -0x24(x8)
#702 0 800000dc     97b2 r 0f         f0041008  c.add    x15, x12
#703 0 800000de     439c r 0f         0000001e  c.lw     x15, 0x0(x15)
#704 0 800000e0 02f687b3 r 0f         00002328  mul      x15, x13, x15
#705 0 800000e4     97ba r 0f         00002328  c.add    x15, x14
#706 0 800000e6 fef42223 m f0040fa4   00002328  sw       x15, -0x1c(x8)
#707 0 800000ea fe442703 r 0e         00002328  lw       x14, -0x1c(x8)
#708 0 800000ee fe842783 r 0f         7fffffff  lw       x15, -0x18(x8)
#709 0 800000f2 00f75663 r 00         00000000  bge      x14, x15, . + 0xc
#710 0 800000f6 fe442783 r 0f         00002328  lw       x15, -0x1c(x8)
#711 0 800000fa fef42423 m f0040fa8   00002328  sw       x15, -0x18(x8)
#712 0 800000fe fec42783 r 0f         00000003  lw       x15, -0x14(x8)
#713 0 80000102     0785 r 0f         00000004  c.addi   x15, 0x1
#714 0 80000104 fef42623 m f0040fac   00000004  sw       x15, -0x14(x8)
#715 0 80000108 fec42703 r 0e         00000004  lw       x14, -0x14(x8)
#716 0 8000010c fd442783 r 0f         00000004  lw       x15, -0x2c(x8)
#717 0 80000110 f6f749e3 r 00         00000000  blt      x14, x15, . - 0x8e
#718 0 80000114     853e r 0a         00000004  c.mv     x10, x15
#719 0 80000116     50b2 r 01         800000a4  c.lwsp   x1, 0x2c
#720 0 80000118     5422 r 08         f0040ff0  c.lwsp   x8, 0x28
#721 0 8000011a     5492 r 09         00000002  c.lwsp   x9, 0x24
#722 0 8000011c     6145 r 02         f0040fc0  c.addi16sp 0x3
#723 0 8000011e     8082 r 00         00000000  c.jr     x1
#724 0 800000a4     87aa r 0f         00000004  c.mv     x15, x10
#725 0 800000a6 00f48733 r 0e         00000006  add      x14, x9, x15
#726 0 800000aa fd842683 r 0d         00000001  lw       x13, -0x28(x8)
#727 0 800000ae 400007b7 r 0f         40000000  lui      x15, 0x40000
#728 0 800000b2     17fd r 0f         3fffffff  c.addi   x15, -0x1
#729 0 800000b4     97b6 r 0f         40000000  c.add    x15, x13
#730 0 800000b6     078a r 0f         00000000  c.slli   x15, 2
#731 0 800000b8 fdc42683 r 0d         f0040ff8  lw       x13, -0x24(x8)
#732 0 800000bc     97b6 r 0f         f0040ff8  c.add    x15, x13
#733 0 800000be     4394 r 0d         00000028  c.lw     x13, 0x0(x15)
#734 0 800000c0 fec42783 r 0f         00000002  lw       x15, -0x14(x8)
#735 0 800000c4     078a r 0f         00000008  c.slli   x15, 2
#736 0 800000c6 fdc42603 r 0c         f0040ff8  lw       x12, -0x24(x8)
#737 0 800000ca     97b2 r 0f         f0041000  c.add    x15, x12
#738 0 800000cc     439c r 0f         0000001e  c.lw     x15, 0x0(x15)
#739 0 800000ce 02f686b3 r 0d         000004b0  mul      x13, x13, x15
#740 0 800000d2 fd442783 r 0f         00000004  lw       x15, -0x2c(x8)
#741 0 800000d6     078a r 0f         00000010  c.slli   x15, 2
#742 0 800000d8 fdc42603 r 0c         f0040ff8  lw       x12, -0x24(x8)
#743 0 800000dc     97b2 r 0f         f0041008  c.add    x15, x12
#744 0 800000de     439c r 0f         0000001e  c.lw     x15, 0x0(x15)
#745 0 800000e0 02f687b3 r 0f         00008ca0  mul      x15, x13, x15
#746 0 800000e4     97ba r 0f         00008ca6  c.add    x15, x14
#747 0 800000e6 fef42223 m f0040fd4   00008ca6  sw       x15, -0x1c(x8)
#748 0 800000ea fe442703 r 0e         00008ca6  lw       x14, -0x1c(x8)
#749 0 800000ee fe842783 r 0f         00005dc4  lw       x15, -0x18(x8)
#750 0 800000f2 00f75663 r 00         00000000  bge      x14, x15, . + 0xc
#751 0 800000fe fec42783 r 0f         00000002  lw       x15, -0x14(x8)
#752 0 80000102     0785 r 0f         00000003  c.addi   x15, 0x1
#753 0 80000104 fef42623 m f0040fdc   00000003  sw       x15, -0x14(x8)
#754 0 80000108 fec42703 r 0e         00000003  lw       x14, -0x14(x8)
#755 0 8000010c fd442783 r 0f         00000004  lw       x15, -0x2c(x8)
#756 0 80000110 f6f749e3 r 00         00000000  blt      x14, x15, . - 0x8e
#757 0 80000082 fec42603 r 0c         00000003  lw       x12, -0x14(x8)
#758 0 80000086 fd842583 r 0b         00000001  lw       x11, -0x28(x8)
#759 0 8000008a fdc42503 r 0a         f0040ff8  lw       x10, -0x24(x8)
#760 0 8000008e     3f65 r 01         80000090  c.jal    . - 0x48
#761 0 80000046     7179 r 02         f0040f90  c.addi16sp -0x3
#762 0 80000048     d606 m f0040fbc   80000090  c.swsp   x1, 0x2c
#763 0 8000004a     d422 m f0040fb8   f0040ff0  c.swsp   x8, 0x28
#764 0 8000004c     d226 m f0040fb4   00000002  c.swsp   x9, 0x24
#765 0 8000004e     1800 r 08         f0040fc0  c.addi4spn  x8, 0xc
#766 0 80000050 fca42e23 m f0040f9c   f0040ff8  sw       x10, -0x24(x8)
#767 0 80000054 fcb42c23 m f0040f98   00000001  sw       x11, -0x28(x8)
#768 0 80000058 fcc42a23 m f0040f94   00000003  sw       x12, -0x2c(x8)
#769 0 8000005c fd842703 r 0e         00000001  lw       x14, -0x28(x8)
#770 0 80000060 fd442783 r 0f         00000003  lw       x15, -0x2c(x8)
#771 0 80000064 00f71463 r 00         00000000  bne      x14, x15, . + 0x8
#772 0 8000006c 800007b7 r 0f         80000000  lui      x15, -0x80000
#773 0 80000070 fff7c793 r 0f         7fffffff  xori     x15, x15, -0x1
#774 0 80000074 fef42423 m f0040fa8   7fffffff  sw       x15, -0x18(x8)
#775 0 80000078 fd842783 r 0f         00000001  lw       x15, -0x28(x8)
#776 0 8000007c fef42623 m f0040fac   00000001  sw       x15, -0x14(x8)
#777 0 80000080     a061 r 00         00000000  c.j      . + 0x88
#778 0 80000108 fec42703 r 0e         00000001  lw       x14, -0x14(x8)
#779 0 8000010c fd442783 r 0f         00000003  lw       x15, -0x2c(x8)
#780 0 80000110 f6f749e3 r 00         00000000  blt      x14, x15, . - 0x8e
#781 0 80000082 fec42603 r 0c         00000001  lw       x12, -0x14(x8)
#782 0 80000086 fd842583 r 0b         00000001  lw       x11, -0x28(x8)
#783 0 8000008a fdc42503 r 0a         f0040ff8  lw       x10, -0x24(x8)
#784 0 8000008e     3f65 r 01         80000090  c.jal    . - 0x48
#785 0 80000046     7179 r 02         f0040f60  c.addi16sp -0x3
#786 0 80000048     d606 m f0040f8c   80000090  c.swsp   x1, 0x2c
#787 0 8000004a     d422 m f0040f88   f0040fc0  c.swsp   x8, 0x28
#788 0 8000004c     d226 m f0040f84   00000002  c.swsp   x9, 0x24
#789 0 8000004e     1800 r 08         f0040f90  c.addi4spn  x8, 0xc
#790 0 80000050 fca42e23 m f0040f6c   f0040ff8  sw       x10, -0x24(x8)
#791 0 80000054 fcb42c23 m f0040f68   00000001  sw       x11, -0x28(x8)
#792 0 80000058 fcc42a23 m f0040f64   00000001  sw       x12, -0x2c(x8)
#793 0 8000005c fd842703 r 0e         00000001  lw       x14, -0x28(x8)
#794 0 80000060 fd442783 r 0f         00000001  lw       x15, -0x2c(x8)
#795 0 80000064 00f71463 r 00         00000000  bne      x14, x15, . + 0x8
#796 0 80000068     4781 r 0f         00000000  c.li     x15, 0x0
#797 0 8000006a     a06d r 00         00000000  c.j      . + 0xaa
#798 0 80000114     853e r 0a         00000000  c.mv     x10, x15
#799 0 80000116     50b2 r 01         80000090  c.lwsp   x1, 0x2c
#800 0 80000118     5422 r 08         f0040fc0  c.lwsp   x8, 0x28
#801 0 8000011a     5492 r 09         00000002  c.lwsp   x9, 0x24
#802 0 8000011c     6145 r 02         f0040f90  c.addi16sp 0x3
#803 0 8000011e     8082 r 00         00000000  c.jr     x1
#804 0 80000090     84aa r 09         00000000  c.mv     x9, x10
#805 0 80000092 fec42783 r 0f         00000001  lw       x15, -0x14(x8)
#806 0 80000096     0785 r 0f         00000002  c.addi   x15, 0x1
#807 0 80000098 fd442603 r 0c         00000003  lw       x12, -0x2c(x8)
#808 0 8000009c     85be r 0b         00000002  c.mv     x11, x15
#809 0 8000009e fdc42503 r 0a         f0040ff8  lw       x10, -0x24(x8)
#810 0 800000a2     3755 r 01         800000a4  c.jal    . - 0x5c
#811 0 80000046     7179 r 02         f0040f60  c.addi16sp -0x3
#812 0 80000048     d606 m f0040f8c   800000a4  c.swsp   x1, 0x2c
#813 0 8000004a     d422 m f0040f88   f0040fc0  c.swsp   x8, 0x28
#814 0 8000004c     d226 m f0040f84   00000000  c.swsp   x9, 0x24
#815 0 8000004e     1800 r 08         f0040f90  c.addi4spn  x8, 0xc
#816 0 80000050 fca42e23 m f0040f6c   f0040ff8  sw       x10, -0x24(x8)
#817 0 80000054 fcb42c23 m f0040f68   00000002  sw       x11, -0x28(x8)
#818 0 80000058 fcc42a23 m f0040f64   00000003  sw       x12, -0x2c(x8)
#819 0 8000005c fd842703 r 0e         00000002  lw       x14, -0x28(x8)
#820 0 80000060 fd442783 r 0f         00000003  lw       x15, -0x2c(x8)
#821 0 80000064 00f71463 r 00         00000000  bne      x14, x15, . + 0x8
#822 0 8000006c 800007b7 r 0f         80000000  lui      x15, -0x80000
#823 0 80000070 fff7c793 r 0f         7fffffff  xori     x15, x15, -0x1
#824 0 80000074 fef42423 m f0040f78   7fffffff  sw       x15, -0x18(x8)
#825 0 80000078 fd842783 r 0f         00000002  lw       x15, -0x28(x8)
#826 0 8000007c fef42623 m f0040f7c   00000002  sw       x15, -0x14(x8)
#827 0 80000080     a061 r 00         00000000  c.j      . + 0x88
#828 0 80000108 fec42703 r 0e         00000002  lw       x14, -0x14(x8)
#829 0 8000010c fd442783 r 0f         00000003  lw       x15, -0x2c(x8)
#830 0 80000110 f6f749e3 r 00         00000000  blt      x14, x15, . - 0x8e
#831 0 80000082 fec42603 r 0c         00000002  lw       x12, -0x14(x8)
#832 0 80000086 fd842583 r 0b         00000002  lw       x11, -0x28(x8)
#833 0 8000008a fdc42503 r 0a         f0040ff8  lw       x10, -0x24(x8)
#834 0 8000008e     3f65 r 01         80000090  c.jal    . - 0x48
#835 0 80000046     7179 r 02         f0040f30  c.addi16sp -0x3
#836 0 80000048     d606 m f0040f5c   80000090  c.swsp   x1, 0x2c
#837 0 8000004a     d422 m f0040f58   f0040f90  c.swsp   x8, 0x28
#838 0 8000004c     d226 m f0040f54   00000000  c.swsp   x9, 0x24
#839 0 8000004e     1800 r 08         f0040f60  c.addi4spn  x8, 0xc
#840 0 80000050 fca42e23 m f0040f3c   f0040ff8  sw       x10, -0x24(x8)
#841 0 80000054 fcb42c23 m f0040f38   00000002  sw       x11, -0x28(x8)
#842 0 80000058 fcc42a23 m f0040f34   00000002  sw       x12, -0x2c(x8)
#843 0 8000005c fd842703 r 0e         00000002  lw       x14, -0x28(x8)
#844 0 80000060 fd442783 r 0f         00000002  lw       x15, -0x2c(x8)
#845 0 80000064 00f71463 r 00         00000000  bne      x14, x15, . + 0x8
#846 0 80000068     4781 r 0f         00000000  c.li     x15, 0x0
#847 0 8000006a     a06d r 00         00000000  c.j      . + 0xaa
#848 0 80000114     853e r 0a         00000000  c.mv     x10, x15
#849 0 80000116     50b2 r 01         80000090  c.lwsp   x1, 0x2c
#850 0 80000118     5422 r 08         f0040f90  c.lwsp   x8, 0x28
#851 0 8000011a     5492 r 09         00000000  c.lwsp   x9, 0x24
#852 0 8000011c     6145 r 02         f0040f60  c.addi16sp 0x3
#853 0 8000011e     8082 r 00         00000000  c.jr     x1
#854 0 80000090     84aa r 09         00000000  c.mv     x9, x10
#855 0 80000092 fec42783 r 0f         00000002  lw       x15, -0x14(x8)
#856 0 80000096     0785 r 0f         00000003  c.addi   x15, 0x1
#857 0 80000098 fd442603 r 0c         00000003  lw       x12, -0x2c(x8)
#858 0 8000009c     85be r 0b         00000003  c.mv     x11, x15
#859 0 8000009e fdc42503 r 0a         f0040ff8  lw       x10, -0x24(x8)
#860 0 800000a2     3755 r 01         800000a4  c.jal    . - 0x5c
#861 0 80000046     7179 r 02         f0040f30  c.addi16sp -0x3
#862 0 80000048     d606 m f0040f5c   800000a4  c.swsp   x1, 0x2c
#863 0 8000004a     d422 m f0040f58   f0040f90  c.swsp   x8, 0x28
#864 0 8000004c     d226 m f0040f54   00000000  c.swsp   x9, 0x24
#865 0 8000004e     1800 r 08         f0040f60  c.addi4spn  x8, 0xc
#866 0 80000050 fca42e23 m f0040f3c   f0040ff8  sw       x10, -0x24(x8)
#867 0 80000054 fcb42c23 m f0040f38   00000003  sw       x11, -0x28(x8)
#868 0 80000058 fcc42a23 m f0040f34   00000003  sw       x12, -0x2c(x8)
#869 0 8000005c fd842703 r 0e         00000003  lw       x14, -0x28(x8)
#870 0 80000060 fd442783 r 0f         00000003  lw       x15, -0x2c(x8)
#871 0 80000064 00f71463 r 00         00000000  bne      x14, x15, . + 0x8
#872 0 80000068     4781 r 0f         00000000  c.li     x15, 0x0
#873 0 8000006a     a06d r 00         00000000  c.j      . + 0xaa
#874 0 80000114     853e r 0a         00000000  c.mv     x10, x15
#875 0 80000116     50b2 r 01         800000a4  c.lwsp   x1, 0x2c
#876 0 80000118     5422 r 08         f0040f90  c.lwsp   x8, 0x28
#877 0 8000011a     5492 r 09         00000000  c.lwsp   x9, 0x24
#878 0 8000011c     6145 r 02         f0040f60  c.addi16sp 0x3
#879 0 8000011e     8082 r 00         00000000  c.jr     x1
#880 0 800000a4     87aa r 0f         00000000  c.mv     x15, x10
#881 0 800000a6 00f48733 r 0e         00000000  add      x14, x9, x15
#882 0 800000aa fd842683 r 0d         00000002  lw       x13, -0x28(x8)
#883 0 800000ae 400007b7 r 0f         40000000  lui      x15, 0x40000
#884 0 800000b2     17fd r 0f         3fffffff  c.addi   x15, -0x1
#885 0 800000b4     97b6 r 0f         40000001  c.add    x15, x13
#886 0 800000b6     078a r 0f         00000004  c.slli   x15, 2
#887 0 800000b8 fdc42683 r 0d         f0040ff8  lw       x13, -0x24(x8)
#888 0 800000bc     97b6 r 0f         f0040ffc  c.add    x15, x13
#889 0 800000be     4394 r 0d         00000014  c.lw     x13, 0x0(x15)
#890 0 800000c0 fec42783 r 0f         00000002  lw       x15, -0x14(x8)
#891 0 800000c4     078a r 0f         00000008  c.slli   x15, 2
#892 0 800000c6 fdc42603 r 0c         f0040ff8  lw       x12, -0x24(x8)
#893 0 800000ca     97b2 r 0f         f0041000  c.add    x15, x12
#894 0 800000cc     439c r 0f         0000001e  c.lw     x15, 0x0(x15)
#895 0 800000ce 02f686b3 r 0d         00000258  mul      x13, x13, x15
#896 0 800000d2 fd442783 r 0f         00000003  lw       x15, -0x2c(x8)
#897 0 800000d6     078a r 0f         0000000c  c.slli   x15, 2
#898 0 800000d8 fdc42603 r 0c         f0040ff8  lw       x12, -0x24(x8)
#899 0 800000dc     97b2 r 0f         f0041004  c.add    x15, x12
#900 0 800000de     439c r 0f         0000000a  c.lw     x15, 0x0(x15)
#901 0 800000e0 02f687b3 r 0f         00001770  mul      x15, x13, x15
#902 0 800000e4     97ba r 0f         00001770  c.add    x15, x14
#903 0 800000e6 fef42223 m f0040f74   00001770  sw       x15, -0x1c(x8)
#904 0 800000ea fe442703 r 0e         00001770  lw       x14, -0x1c(x8)
#905 0 800000ee fe842783 r 0f         7fffffff  lw       x15, -0x18(x8)
#906 0 800000f2 00f75663 r 00         00000000  bge      x14, x15, . + 0xc
#907 0 800000f6 fe442783 r 0f         00001770  lw       x15, -0x1c(x8)
#908 0 800000fa fef42423 m f0040f78   00001770  sw       x15, -0x18(x8)
#909 0 800000fe fec42783 r 0f         00000002  lw       x15, -0x14(x8)
#910 0 80000102     0785 r 0f         00000003  c.addi   x15, 0x1
#911 0 80000104 fef42623 m f0040f7c   00000003  sw       x15, -0x14(x8)
#912 0 80000108 fec42703 r 0e         00000003  lw       x14, -0x14(x8)
#913 0 8000010c fd442783 r 0f         00000003  lw       x15, -0x2c(x8)
#914 0 80000110 f6f749e3 r 00         00000000  blt      x14, x15, . - 0x8e
#915 0 80000114     853e r 0a         00000003  c.mv     x10, x15
#916 0 80000116     50b2 r 01         800000a4  c.lwsp   x1, 0x2c
#917 0 80000118     5422 r 08         f0040fc0  c.lwsp   x8, 0x28
#918 0 8000011a     5492 r 09         00000000  c.lwsp   x9, 0x24
#919 0 8000011c     6145 r 02         f0040f90  c.addi16sp 0x3
#920 0 8000011e     8082 r 00         00000000  c.jr     x1
#921 0 800000a4     87aa r 0f         00000003  c.mv     x15, x10
#922 0 800000a6 00f48733 r 0e         00000003  add      x14, x9, x15
#923 0 800000aa fd842683 r 0d         00000001  lw       x13, -0x28(x8)
#924 0 800000ae 400007b7 r 0f         40000000  lui      x15, 0x40000
#925 0 800000b2     17fd r 0f         3fffffff  c.addi   x15, -0x1
#926 0 800000b4     97b6 r 0f         40000000  c.add    x15, x13
#927 0 800000b6     078a r 0f         00000000  c.slli   x15, 2
#928 0 800000b8 fdc42683 r 0d         f0040ff8  lw       x13, -0x24(x8)
#929 0 800000bc     97b6 r 0f         f0040ff8  c.add    x15, x13
#930 0 800000be     4394 r 0d         00000028  c.lw     x13, 0x0(x15)
#931 0 800000c0 fec42783 r 0f         00000001  lw       x15, -0x14(x8)
#932 0 800000c4     078a r 0f         00000004  c.slli   x15, 2
#933 0 800000c6 fdc42603 r 0c         f0040ff8  lw       x12, -0x24(x8)
#934 0 800000ca     97b2 r 0f         f0040ffc  c.add    x15, x12
#935 0 800000cc     439c r 0f         00000014  c.lw     x15, 0x0(x15)
#936 0 800000ce 02f686b3 r 0d         00000320  mul      x13, x13, x15
#937 0 800000d2 fd442783 r 0f         00000003  lw       x15, -0x2c(x8)
#938 0 800000d6     078a r 0f         0000000c  c.slli   x15, 2
#939 0 800000d8 fdc42603 r 0c         f0040ff8  lw       x12, -0x24(x8)
#940 0 800000dc     97b2 r 0f         f0041004  c.add    x15, x12
#941 0 800000de     439c r 0f         0000000a  c.lw     x15, 0x0(x15)
#942 0 800000e0 02f687b3 r 0f         00001f40  mul      x15, x13, x15
#943 0 800000e4     97ba r 0f         00001f43  c.add    x15, x14
#944 0 800000e6 fef42223 m f0040fa4   00001f43  sw       x15, -0x1c(x8)
#945 0 800000ea fe442703 r 0e         00001f43  lw       x14, -0x1c(x8)
#946 0 800000ee fe842783 r 0f         7fffffff  lw       x15, -0x18(x8)
#947 0 800000f2 00f75663 r 00         00000000  bge      x14, x15, . + 0xc
#948 0 800000f6 fe442783 r 0f         00001f43  lw       x15, -0x1c(x8)
#949 0 800000fa fef42423 m f0040fa8   00001f43  sw       x15, -0x18(x8)
#950 0 800000fe fec42783 r 0f         00000001  lw       x15, -0x14(x8)
#951 0 80000102     0785 r 0f         00000002  c.addi   x15, 0x1
#952 0 80000104 fef42623 m f0040fac   00000002  sw       x15, -0x14(x8)
#953 0 80000108 fec42703 r 0e         00000002  lw       x14, -0x14(x8)
#954 0 8000010c fd442783 r 0f         00000003  lw       x15, -0x2c(x8)
#955 0 80000110 f6f749e3 r 00         00000000  blt      x14, x15, . - 0x8e
#956 0 80000082 fec42603 r 0c         00000002  lw       x12, -0x14(x8)
#957 0 80000086 fd842583 r 0b         00000001  lw       x11, -0x28(x8)
#958 0 8000008a fdc42503 r 0a         f0040ff8  lw       x10, -0x24(x8)
#959 0 8000008e     3f65 r 01         80000090  c.jal    . - 0x48
#960 0 80000046     7179 r 02         f0040f60  c.addi16sp -0x3
#961 0 80000048     d606 m f0040f8c   80000090  c.swsp   x1, 0x2c
#962 0 8000004a     d422 m f0040f88   f0040fc0  c.swsp   x8, 0x28
#963 0 8000004c     d226 m f0040f84   00000000  c.swsp   x9, 0x24
#964 0 8000004e     1800 r 08         f0040f90  c.addi4spn  x8, 0xc
#965 0 80000050 fca42e23 m f0040f6c   f0040ff8  sw       x10, -0x24(x8)
#966 0 80000054 fcb42c23 m f0040f68   00000001  sw       x11, -0x28(x8)
#967 0 80000058 fcc42a23 m f0040f64   00000002  sw       x12, -0x2c(x8)
#968 0 8000005c fd842703 r 0e         00000001  lw       x14, -0x28(x8)
#969 0 80000060 fd442783 r 0f         00000002  lw       x15, -0x2c(x8)
#970 0 80000064 00f71463 r 00         00000000  bne      x14, x15, . + 0x8
#971 0 8000006c 800007b7 r 0f         80000000  lui      x15, -0x80000
#972 0 80000070 fff7c793 r 0f         7fffffff  xori     x15, x15, -0x1
#973 0 80000074 fef42423 m f0040f78   7fffffff  sw       x15, -0x18(x8)
#974 0 80000078 fd842783 r 0f         00000001  lw       x15, -0x28(x8)
#975 0 8000007c fef42623 m f0040f7c   00000001  sw       x15, -0x14(x8)
#976 0 80000080     a061 r 00         00000000  c.j      . + 0x88
#977 0 80000108 fec42703 r 0e         00000001  lw       x14, -0x14(x8)
#978 0 8000010c fd442783 r 0f         00000002  lw       x15, -0x2c(x8)
#979 0 80000110 f6f749e3 r 00         00000000  blt      x14, x15, . - 0x8e
#980 0 80000082 fec42603 r 0c         00000001  lw       x12, -0x14(x8)
#981 0 80000086 fd842583 r 0b         00000001  lw       x11, -0x28(x8)
#982 0 8000008a fdc42503 r 0a         f0040ff8  lw       x10, -0x24(x8)
#983 0 8000008e     3f65 r 01         80000090  c.jal    . - 0x48
#984 0 80000046     7179 r 02         f0040f30  c.addi16sp -0x3
#985 0 80000048     d606 m f0040f5c   80000090  c.swsp   x1, 0x2c
#986 0 8000004a     d422 m f0040f58   f0040f90  c.swsp   x8, 0x28
#987 0 8000004c     d226 m f0040f54   00000000  c.swsp   x9, 0x24
#988 0 8000004e     1800 r 08         f0040f60  c.addi4spn  x8, 0xc
#989 0 80000050 fca42e23 m f0040f3c   f0040ff8  sw       x10, -0x24(x8)
#990 0 80000054 fcb42c23 m f0040f38   00000001  sw       x11, -0x28(x8)
#991 0 80000058 fcc42a23 m f0040f34   00000001  sw       x12, -0x2c(x8)
#992 0 8000005c fd842703 r 0e         00000001  lw       x14, -0x28(x8)
#993 0 80000060 fd442783 r 0f         00000001  lw       x15, -0x2c(x8)
#994 0 80000064 00f71463 r 00         00000000  bne      x14, x15, . + 0x8
#995 0 80000068     4781 r 0f         00000000  c.li     x15, 0x0
#996 0 8000006a     a06d r 00         00000000  c.j      . + 0xaa
#997 0 80000114     853e r 0a         00000000  c.mv     x10, x15
#998 0 80000116     50b2 r 01         80000090  c.lwsp   x1, 0x2c
#999 0 80000118     5422 r 08         f0040f90  c.lwsp   x8, 0x28
#1000 0 8000011a     5492 r 09         00000000  c.lwsp   x9, 0x24
#1001 0 8000011c     6145 r 02         f0040f60  c.addi16sp 0x3
#1002 0 8000011e     8082 r 00         00000000  c.jr     x1
#1003 0 80000090     84aa r 09         00000000  c.mv     x9, x10
#1004 0 80000092 fec42783 r 0f         00000001  lw       x15, -0x14(x8)
#1005 0 80000096     0785 r 0f         00000002  c.addi   x15, 0x1
#1006 0 80000098 fd442603 r 0c         00000002  lw       x12, -0x2c(x8)
#1007 0 8000009c     85be r 0b         00000002  c.mv     x11, x15
#1008 0 8000009e fdc42503 r 0a         f0040ff8  lw       x10, -0x24(x8)
#1009 0 800000a2     3755 r 01         800000a4  c.jal    . - 0x5c
#1010 0 80000046     7179 r 02         f0040f30  c.addi16sp -0x3
#1011 0 80000048     d606 m f0040f5c   800000a4  c.swsp   x1, 0x2c
#1012 0 8000004a     d422 m f0040f58   f0040f90  c.swsp   x8, 0x28
#1013 0 8000004c     d226 m f0040f54   00000000  c.swsp   x9, 0x24
#1014 0 8000004e     1800 r 08         f0040f60  c.addi4spn  x8, 0xc
#1015 0 80000050 fca42e23 m f0040f3c   f0040ff8  sw       x10, -0x24(x8)
#1016 0 80000054 fcb42c23 m f0040f38   00000002  sw       x11, -0x28(x8)
#1017 0 80000058 fcc42a23 m f0040f34   00000002  sw       x12, -0x2c(x8)
#1018 0 8000005c fd842703 r 0e         00000002  lw       x14, -0x28(x8)
#1019 0 80000060 fd442783 r 0f         00000002  lw       x15, -0x2c(x8)
#1020 0 80000064 00f71463 r 00         00000000  bne      x14, x15, . + 0x8
#1021 0 80000068     4781 r 0f         00000000  c.li     x15, 0x0
#1022 0 8000006a     a06d r 00         00000000  c.j      . + 0xaa
#1023 0 80000114     853e r 0a         00000000  c.mv     x10, x15
#1024 0 80000116     50b2 r 01         800000a4  c.lwsp   x1, 0x2c
#1025 0 80000118     5422 r 08         f0040f90  c.lwsp   x8, 0x28
#1026 0 8000011a     5492 r 09         00000000  c.lwsp   x9, 0x24
#1027 0 8000011c     6145 r 02         f0040f60  c.addi16sp 0x3
#1028 0 8000011e     8082 r 00         00000000  c.jr     x1
#1029 0 800000a4     87aa r 0f         00000000  c.mv     x15, x10
#1030 0 800000a6 00f48733 r 0e         00000000  add      x14, x9, x15
#1031 0 800000aa fd842683 r 0d         00000001  lw       x13, -0x28(x8)
#1032 0 800000ae 400007b7 r 0f         40000000  lui      x15, 0x40000
#1033 0 800000b2     17fd r 0f         3fffffff  c.addi   x15, -0x1
#1034 0 800000b4     97b6 r 0f         40000000  c.add    x15, x13
#1035 0 800000b6     078a r 0f         00000000  c.slli   x15, 2
#1036 0 800000b8 fdc42683 r 0d         f0040ff8  lw       x13, -0x24(x8)
#1037 0 800000bc     97b6 r 0f         f0040ff8  c.add    x15, x13
#1038 0 800000be     4394 r 0d         00000028  c.lw     x13, 0x0(x15)
#1039 0 800000c0 fec42783 r 0f         00000001  lw       x15, -0x14(x8)
#1040 0 800000c4     078a r 0f         00000004  c.slli   x15, 2
#1041 0 800000c6 fdc42603 r 0c         f0040ff8  lw       x12, -0x24(x8)
#1042 0 800000ca     97b2 r 0f         f0040ffc  c.add    x15, x12
#1043 0 800000cc     439c r 0f         00000014  c.lw     x15, 0x0(x15)
#1044 0 800000ce 02f686b3 r 0d         00000320  mul      x13, x13, x15
#1045 0 800000d2 fd442783 r 0f         00000002  lw       x15, -0x2c(x8)
#1046 0 800000d6     078a r 0f         00000008  c.slli   x15, 2
#1047 0 800000d8 fdc42603 r 0c         f0040ff8  lw       x12, -0x24(x8)
#1048 0 800000dc     97b2 r 0f         f0041000  c.add    x15, x12
#1049 0 800000de     439c r 0f         0000001e  c.lw     x15, 0x0(x15)
#1050 0 800000e0 02f687b3 r 0f         00005dc0  mul      x15, x13, x15
#1051 0 800000e4     97ba r 0f         00005dc0  c.add    x15, x14
#1052 0 800000e6 fef42223 m f0040f74   00005dc0  sw       x15, -0x1c(x8)
#1053 0 800000ea fe442703 r 0e         00005dc0  lw       x14, -0x1c(x8)
#1054 0 800000ee fe842783 r 0f         7fffffff  lw       x15, -0x18(x8)
#1055 0 800000f2 00f75663 r 00         00000000  bge      x14, x15, . + 0xc
#1056 0 800000f6 fe442783 r 0f         00005dc0  lw       x15, -0x1c(x8)
#1057 0 800000fa fef42423 m f0040f78   00005dc0  sw       x15, -0x18(x8)
#1058 0 800000fe fec42783 r 0f         00000001  lw       x15, -0x14(x8)
#1059 0 80000102     0785 r 0f         00000002  c.addi   x15, 0x1
#1060 0 80000104 fef42623 m f0040f7c   00000002  sw       x15, -0x14(x8)
#1061 0 80000108 fec42703 r 0e         00000002  lw       x14, -0x14(x8)
#1062 0 8000010c fd442783 r 0f         00000002  lw       x15, -0x2c(x8)
#1063 0 80000110 f6f749e3 r 00         00000000  blt      x14, x15, . - 0x8e
#1064 0 80000114     853e r 0a         00000002  c.mv     x10, x15
#1065 0 80000116     50b2 r 01         80000090  c.lwsp   x1, 0x2c
#1066 0 80000118     5422 r 08         f0040fc0  c.lwsp   x8, 0x28
#1067 0 8000011a     5492 r 09         00000000  c.lwsp   x9, 0x24
#1068 0 8000011c     6145 r 02         f0040f90  c.addi16sp 0x3
#1069 0 8000011e     8082 r 00         00000000  c.jr     x1
#1070 0 80000090     84aa r 09         00000002  c.mv     x9, x10
#1071 0 80000092 fec42783 r 0f         00000002  lw       x15, -0x14(x8)
#1072 0 80000096     0785 r 0f         00000003  c.addi   x15, 0x1
#1073 0 80000098 fd442603 r 0c         00000003  lw       x12, -0x2c(x8)
#1074 0 8000009c     85be r 0b         00000003  c.mv     x11, x15
#1075 0 8000009e fdc42503 r 0a         f0040ff8  lw       x10, -0x24(x8)
#1076 0 800000a2     3755 r 01         800000a4  c.jal    . - 0x5c
#1077 0 80000046     7179 r 02         f0040f60  c.addi16sp -0x3
#1078 0 80000048     d606 m f0040f8c   800000a4  c.swsp   x1, 0x2c
#1079 0 8000004a     d422 m f0040f88   f0040fc0  c.swsp   x8, 0x28
#1080 0 8000004c     d226 m f0040f84   00000002  c.swsp   x9, 0x24
#1081 0 8000004e     1800 r 08         f0040f90  c.addi4spn  x8, 0xc
#1082 0 80000050 fca42e23 m f0040f6c   f0040ff8  sw       x10, -0x24(x8)
#1083 0 80000054 fcb42c23 m f0040f68   00000003  sw       x11, -0x28(x8)
#1084 0 80000058 fcc42a23 m f0040f64   00000003  sw       x12, -0x2c(x8)
#1085 0 8000005c fd842703 r 0e         00000003  lw       x14, -0x28(x8)
#1086 0 80000060 fd442783 r 0f         00000003  lw       x15, -0x2c(x8)
#1087 0 80000064 00f71463 r 00         00000000  bne      x14, x15, . + 0x8
#1088 0 80000068     4781 r 0f         00000000  c.li     x15, 0x0
#1089 0 8000006a     a06d r 00         00000000  c.j      . + 0xaa
#1090 0 80000114     853e r 0a         00000000  c.mv     x10, x15
#1091 0 80000116     50b2 r 01         800000a4  c.lwsp   x1, 0x2c
#1092 0 80000118     5422 r 08         f0040fc0  c.lwsp   x8, 0x28
#1093 0 8000011a     5492 r 09         00000002  c.lwsp   x9, 0x24
#1094 0 8000011c     6145 r 02         f0040f90  c.addi16sp 0x3
#1095 0 8000011e     8082 r 00         00000000  c.jr     x1
#1096 0 800000a4     87aa r 0f         00000000  c.mv     x15, x10
#1097 0 800000a6 00f48733 r 0e         00000002  add      x14, x9, x15
#1098 0 800000aa fd842683 r 0d         00000001  lw       x13, -0x28(x8)
#1099 0 800000ae 400007b7 r 0f         40000000  lui      x15, 0x40000
#1100 0 800000b2     17fd r 0f         3fffffff  c.addi   x15, -0x1
#1101 0 800000b4     97b6 r 0f         40000000  c.add    x15, x13
#1102 0 800000b6     078a r 0f         00000000  c.slli   x15, 2
#1103 0 800000b8 fdc42683 r 0d         f0040ff8  lw       x13, -0x24(x8)
#1104 0 800000bc     97b6 r 0f         f0040ff8  c.add    x15, x13
#1105 0 800000be     4394 r 0d         00000028  c.lw     x13, 0x0(x15)
#1106 0 800000c0 fec42783 r 0f         00000002  lw       x15, -0x14(x8)
#1107 0 800000c4     078a r 0f         00000008  c.slli   x15, 2
#1108 0 800000c6 fdc42603 r 0c         f0040ff8  lw       x12, -0x24(x8)
#1109 0 800000ca     97b2 r 0f         f0041000  c.add    x15, x12
#1110 0 800000cc     439c r 0f         0000001e  c.lw     x15, 0x0(x15)
#1111 0 800000ce 02f686b3 r 0d         000004b0  mul      x13, x13, x15
#1112 0 800000d2 fd442783 r 0f         00000003  lw       x15, -0x2c(x8)
#1113 0 800000d6     078a r 0f         0000000c  c.slli   x15, 2
#1114 0 800000d8 fdc42603 r 0c         f0040ff8  lw       x12, -0x24(x8)
#1115 0 800000dc     97b2 r 0f         f0041004  c.add    x15, x12
#1116 0 800000de     439c r 0f         0000000a  c.lw     x15, 0x0(x15)
#1117 0 800000e0 02f687b3 r 0f         00002ee0  mul      x15, x13, x15
#1118 0 800000e4     97ba r 0f         00002ee2  c.add    x15, x14
#1119 0 800000e6 fef42223 m f0040fa4   00002ee2  sw       x15, -0x1c(x8)
#1120 0 800000ea fe442703 r 0e         00002ee2  lw       x14, -0x1c(x8)
#1121 0 800000ee fe842783 r 0f         00001f43  lw       x15, -0x18(x8)
#1122 0 800000f2 00f75663 r 00         00000000  bge      x14, x15, . + 0xc
#1123 0 800000fe fec42783 r 0f         00000002  lw       x15, -0x14(x8)
#1124 0 80000102     0785 r 0f         00000003  c.addi   x15, 0x1
#1125 0 80000104 fef42623 m f0040fac   00000003  sw       x15, -0x14(x8)
#1126 0 80000108 fec42703 r 0e         00000003  lw       x14, -0x14(x8)
#1127 0 8000010c fd442783 r 0f         00000003  lw       x15, -0x2c(x8)
#1128 0 80000110 f6f749e3 r 00         00000000  blt      x14, x15, . - 0x8e
#1129 0 80000114     853e r 0a         00000003  c.mv     x10, x15
#1130 0 80000116     50b2 r 01         80000090  c.lwsp   x1, 0x2c
#1131 0 80000118     5422 r 08         f0040ff0  c.lwsp   x8, 0x28
#1132 0 8000011a     5492 r 09         00000002  c.lwsp   x9, 0x24
#1133 0 8000011c     6145 r 02         f0040fc0  c.addi16sp 0x3
#1134 0 8000011e     8082 r 00         00000000  c.jr     x1
#1135 0 80000090     84aa r 09         00000003  c.mv     x9, x10
#1136 0 80000092 fec42783 r 0f         00000003  lw       x15, -0x14(x8)
#1137 0 80000096     0785 r 0f         00000004  c.addi   x15, 0x1
#1138 0 80000098 fd442603 r 0c         00000004  lw       x12, -0x2c(x8)
#1139 0 8000009c     85be r 0b         00000004  c.mv     x11, x15
#1140 0 8000009e fdc42503 r 0a         f0040ff8  lw       x10, -0x24(x8)
#1141 0 800000a2     3755 r 01         800000a4  c.jal    . - 0x5c
#1142 0 80000046     7179 r 02         f0040f90  c.addi16sp -0x3
#1143 0 80000048     d606 m f0040fbc   800000a4  c.swsp   x1, 0x2c
#1144 0 8000004a     d422 m f0040fb8   f0040ff0  c.swsp   x8, 0x28
#1145 0 8000004c     d226 m f0040fb4   00000003  c.swsp   x9, 0x24
#1146 0 8000004e     1800 r 08         f0040fc0  c.addi4spn  x8, 0xc
#1147 0 80000050 fca42e23 m f0040f9c   f0040ff8  sw       x10, -0x24(x8)
#1148 0 80000054 fcb42c23 m f0040f98   00000004  sw       x11, -0x28(x8)
#1149 0 80000058 fcc42a23 m f0040f94   00000004  sw       x12, -0x2c(x8)
#1150 0 8000005c fd842703 r 0e         00000004  lw       x14, -0x28(x8)
#1151 0 80000060 fd442783 r 0f         00000004  lw       x15, -0x2c(x8)
#1152 0 80000064 00f71463 r 00         00000000  bne      x14, x15, . + 0x8
#1153 0 80000068     4781 r 0f         00000000  c.li     x15, 0x0
#1154 0 8000006a     a06d r 00         00000000  c.j      . + 0xaa
#1155 0 80000114     853e r 0a         00000000  c.mv     x10, x15
#1156 0 80000116     50b2 r 01         800000a4  c.lwsp   x1, 0x2c
#1157 0 80000118     5422 r 08         f0040ff0  c.lwsp   x8, 0x28
#1158 0 8000011a     5492 r 09         00000003  c.lwsp   x9, 0x24
#1159 0 8000011c     6145 r 02         f0040fc0  c.addi16sp 0x3
#1160 0 8000011e     8082 r 00         00000000  c.jr     x1
#1161 0 800000a4     87aa r 0f         00000000  c.mv     x15, x10
#1162 0 800000a6 00f48733 r 0e         00000003  add      x14, x9, x15
#1163 0 800000aa fd842683 r 0d         00000001  lw       x13, -0x28(x8)
#1164 0 800000ae 400007b7 r 0f         40000000  lui      x15, 0x40000
#1165 0 800000b2     17fd r 0f         3fffffff  c.addi   x15, -0x1
#1166 0 800000b4     97b6 r 0f         40000000  c.add    x15, x13
#1167 0 800000b6     078a r 0f         00000000  c.slli   x15, 2
#1168 0 800000b8 fdc42683 r 0d         f0040ff8  lw       x13, -0x24(x8)
#1169 0 800000bc     97b6 r 0f         f0040ff8  c.add    x15, x13
#1170 0 800000be     4394 r 0d         00000028  c.lw     x13, 0x0(x15)
#1171 0 800000c0 fec42783 r 0f         00000003  lw       x15, -0x14(x8)
#1172 0 800000c4     078a r 0f         0000000c  c.slli   x15, 2
#1173 0 800000c6 fdc42603 r 0c         f0040ff8  lw       x12, -0x24(x8)
#1174 0 800000ca     97b2 r 0f         f0041004  c.add    x15, x12
#1175 0 800000cc     439c r 0f         0000000a  c.lw     x15, 0x0(x15)
#1176 0 800000ce 02f686b3 r 0d         00000190  mul      x13, x13, x15
#1177 0 800000d2 fd442783 r 0f         00000004  lw       x15, -0x2c(x8)
#1178 0 800000d6     078a r 0f         00000010  c.slli   x15, 2
#1179 0 800000d8 fdc42603 r 0c         f0040ff8  lw       x12, -0x24(x8)
#1180 0 800000dc     97b2 r 0f         f0041008  c.add    x15, x12
#1181 0 800000de     439c r 0f         0000001e  c.lw     x15, 0x0(x15)
#1182 0 800000e0 02f687b3 r 0f         00002ee0  mul      x15, x13, x15
#1183 0 800000e4     97ba r 0f         00002ee3  c.add    x15, x14
#1184 0 800000e6 fef42223 m f0040fd4   00002ee3  sw       x15, -0x1c(x8)
#1185 0 800000ea fe442703 r 0e         00002ee3  lw       x14, -0x1c(x8)
#1186 0 800000ee fe842783 r 0f         00005dc4  lw       x15, -0x18(x8)
#1187 0 800000f2 00f75663 r 00         00000000  bge      x14, x15, . + 0xc
#1188 0 800000f6 fe442783 r 0f         00002ee3  lw       x15, -0x1c(x8)
#1189 0 800000fa fef42423 m f0040fd8   00002ee3  sw       x15, -0x18(x8)
#1190 0 800000fe fec42783 r 0f         00000003  lw       x15, -0x14(x8)
#1191 0 80000102     0785 r 0f         00000004  c.addi   x15, 0x1
#1192 0 80000104 fef42623 m f0040fdc   00000004  sw       x15, -0x14(x8)
#1193 0 80000108 fec42703 r 0e         00000004  lw       x14, -0x14(x8)
#1194 0 8000010c fd442783 r 0f         00000004  lw       x15, -0x2c(x8)
#1195 0 80000110 f6f749e3 r 00         00000000  blt      x14, x15, . - 0x8e
#1196 0 80000114     853e r 0a         00000004  c.mv     x10, x15
#1197 0 80000116     50b2 r 01         80000168  c.lwsp   x1, 0x2c
#1198 0 80000118     5422 r 08         f0041020  c.lwsp   x8, 0x28
#1199 0 8000011a     5492 r 09         00000000  c.lwsp   x9, 0x24
#1200 0 8000011c     6145 r 02         f0040ff0  c.addi16sp 0x3
#1201 0 8000011e     8082 r 00         00000000  c.jr     x1
#1202 0 80000168     0001 r 00         00000000  c.nop
#1203 0 8000016a     50b2 r 01         80000018  c.lwsp   x1, 0x2c
#1204 0 8000016c     5422 r 08         00000000  c.lwsp   x8, 0x28
#1205 0 8000016e     6145 r 02         f0041020  c.addi16sp 0x3
#1206 0 80000170     8082 r 00         00000000  c.jr     x1
#1207 0 80000018 50580297 r 05         d0580018  auipc    x5, 0x50580
#1208 0 8000001c fe828293 r 05         d0580000  addi     x5, x5, -0x18
#1209 0 80000020 0ff00313 r 06         000000ff  addi     x6, x0, 0xff
#1210 0 80000024 00628023 m d0580000   000000ff  sb       x6, 0x0(x5)
