#1 0 80000000 595552b7 r 05         59555000  lui      x5, 0x59555
#2 0 80000004 55528293 r 05         59555555  addi     x5, x5, 0x555
#3 0 80000008 7c029073 c 07c0       59555555  csrrw    x0, mrac, x5
#4 0 8000000c 70041117 r 02         f004100c  auipc    x2, 0x70041
#5 0 80000010 08410113 r 02         f0041090  addi     x2, x2, 0x84
#6 0 80000014 032000ef r 01         80000018  jal      x1, . + 0x32
#7 0 80000046     1101 r 02         f0041070  c.addi   x2, -0x20
#8 0 80000048     ce06 m f004108c   80000018  c.swsp   x1, 0x1c
#9 0 8000004a     cc22 m f0041088   00000000  c.swsp   x8, 0x18
#10 0 8000004c     1000 r 08         f0041090  c.addi4spn  x8, 0x8
#11 0 8000004e     4785 r 0f         00000001  c.li     x15, 0x1
#12 0 80000050 fef42423 m f0041078   00000001  sw       x15, -0x18(x8)
#13 0 80000054 f00407b7 r 0f         f0040000  lui      x15, -0xffc0
#14 0 80000058 0607aa23 m f0040074   00000000  sw       x0, 0x74(x15)
#15 0 8000005c     a089 r 00         00000000  c.j      . + 0x42
#16 0 8000009e f00407b7 r 0f         f0040000  lui      x15, -0xffc0
#17 0 800000a2 0747a703 r 0e         00000000  lw       x14, 0x74(x15)
#18 0 800000a6 f00407b7 r 0f         f0040000  lui      x15, -0xffc0
#19 0 800000aa 0387a783 r 0f         0000000e  lw       x15, 0x38(x15)
#20 0 800000ae faf748e3 r 00         00000000  blt      x14, x15, . - 0x50
#21 0 8000005e f00407b7 r 0f         f0040000  lui      x15, -0xffc0
#22 0 80000062 0747a703 r 0e         00000000  lw       x14, 0x74(x15)
#23 0 80000066 f00407b7 r 0f         f0040000  lui      x15, -0xffc0
#24 0 8000006a 0747a783 r 0f         00000000  lw       x15, 0x74(x15)
#25 0 8000006e f00406b7 r 0d         f0040000  lui      x13, -0xffc0
#26 0 80000072 00068693 r 0d         f0040000  addi     x13, x13, 0x0
#27 0 80000076     070a r 0e         00000000  c.slli   x14, 2
#28 0 80000078     9736 r 0e         f0040000  c.add    x14, x13
#29 0 8000007a     4318 r 0e         0000002d  c.lw     x14, 0x0(x14)
#30 0 8000007c f00406b7 r 0d         f0040000  lui      x13, -0xffc0
#31 0 80000080 03c68693 r 0d         f004003c  addi     x13, x13, 0x3c
#32 0 80000084     078a r 0f         00000000  c.slli   x15, 2
#33 0 80000086     97b6 r 0f         f004003c  c.add    x15, x13
#34 0 80000088     c398 m f004003c   0000002d  c.sw     x14, 0x0(x15)
#35 0 8000008a f00407b7 r 0f         f0040000  lui      x15, -0xffc0
#36 0 8000008e 0747a783 r 0f         00000000  lw       x15, 0x74(x15)
#37 0 80000092 00178713 r 0e         00000001  addi     x14, x15, 0x1
#38 0 80000096 f00407b7 r 0f         f0040000  lui      x15, -0xffc0
#39 0 8000009a 06e7aa23 m f0040074   00000001  sw       x14, 0x74(x15)
#40 0 8000009e f00407b7 r 0f         f0040000  lui      x15, -0xffc0
#41 0 800000a2 0747a703 r 0e         00000001  lw       x14, 0x74(x15)
#42 0 800000a6 f00407b7 r 0f         f0040000  lui      x15, -0xffc0
#43 0 800000aa 0387a783 r 0f         0000000e  lw       x15, 0x38(x15)
#44 0 800000ae faf748e3 r 00         00000000  blt      x14, x15, . - 0x50
#45 0 8000005e f00407b7 r 0f         f0040000  lui      x15, -0xffc0
#46 0 80000062 0747a703 r 0e         00000001  lw       x14, 0x74(x15)
#47 0 80000066 f00407b7 r 0f         f0040000  lui      x15, -0xffc0
#48 0 8000006a 0747a783 r 0f         00000001  lw       x15, 0x74(x15)
#49 0 8000006e f00406b7 r 0d         f0040000  lui      x13, -0xffc0
#50 0 80000072 00068693 r 0d         f0040000  addi     x13, x13, 0x0
#51 0 80000076     070a r 0e         00000004  c.slli   x14, 2
#52 0 80000078     9736 r 0e         f0040004  c.add    x14, x13
#53 0 8000007a     4318 r 0e         00000043  c.lw     x14, 0x0(x14)
#54 0 8000007c f00406b7 r 0d         f0040000  lui      x13, -0xffc0
#55 0 80000080 03c68693 r 0d         f004003c  addi     x13, x13, 0x3c
#56 0 80000084     078a r 0f         00000004  c.slli   x15, 2
#57 0 80000086     97b6 r 0f         f0040040  c.add    x15, x13
#58 0 80000088     c398 m f0040040   00000043  c.sw     x14, 0x0(x15)
#59 0 8000008a f00407b7 r 0f         f0040000  lui      x15, -0xffc0
#60 0 8000008e 0747a783 r 0f         00000001  lw       x15, 0x74(x15)
#61 0 80000092 00178713 r 0e         00000002  addi     x14, x15, 0x1
#62 0 80000096 f00407b7 r 0f         f0040000  lui      x15, -0xffc0
#63 0 8000009a 06e7aa23 m f0040074   00000002  sw       x14, 0x74(x15)
#64 0 8000009e f00407b7 r 0f         f0040000  lui      x15, -0xffc0
#65 0 800000a2 0747a703 r 0e         00000002  lw       x14, 0x74(x15)
#66 0 800000a6 f00407b7 r 0f         f0040000  lui      x15, -0xffc0
#67 0 800000aa 0387a783 r 0f         0000000e  lw       x15, 0x38(x15)
#68 0 800000ae faf748e3 r 00         00000000  blt      x14, x15, . - 0x50
#69 0 8000005e f00407b7 r 0f         f0040000  lui      x15, -0xffc0
#70 0 80000062 0747a703 r 0e         00000002  lw       x14, 0x74(x15)
#71 0 80000066 f00407b7 r 0f         f0040000  lui      x15, -0xffc0
#72 0 8000006a 0747a783 r 0f         00000002  lw       x15, 0x74(x15)
#73 0 8000006e f00406b7 r 0d         f0040000  lui      x13, -0xffc0
#74 0 80000072 00068693 r 0d         f0040000  addi     x13, x13, 0x0
#75 0 80000076     070a r 0e         00000008  c.slli   x14, 2
#76 0 80000078     9736 r 0e         f0040008  c.add    x14, x13
#77 0 8000007a     4318 r 0e         0000000c  c.lw     x14, 0x0(x14)
#78 0 8000007c f00406b7 r 0d         f0040000  lui      x13, -0xffc0
#79 0 80000080 03c68693 r 0d         f004003c  addi     x13, x13, 0x3c
#80 0 80000084     078a r 0f         00000008  c.slli   x15, 2
#81 0 80000086     97b6 r 0f         f0040044  c.add    x15, x13
#82 0 80000088     c398 m f0040044   0000000c  c.sw     x14, 0x0(x15)
#83 0 8000008a f00407b7 r 0f         f0040000  lui      x15, -0xffc0
#84 0 8000008e 0747a783 r 0f         00000002  lw       x15, 0x74(x15)
#85 0 80000092 00178713 r 0e         00000003  addi     x14, x15, 0x1
#86 0 80000096 f00407b7 r 0f         f0040000  lui      x15, -0xffc0
#87 0 8000009a 06e7aa23 m f0040074   00000003  sw       x14, 0x74(x15)
#88 0 8000009e f00407b7 r 0f         f0040000  lui      x15, -0xffc0
#89 0 800000a2 0747a703 r 0e         00000003  lw       x14, 0x74(x15)
#90 0 800000a6 f00407b7 r 0f         f0040000  lui      x15, -0xffc0
#91 0 800000aa 0387a783 r 0f         0000000e  lw       x15, 0x38(x15)
#92 0 800000ae faf748e3 r 00         00000000  blt      x14, x15, . - 0x50
#93 0 8000005e f00407b7 r 0f         f0040000  lui      x15, -0xffc0
#94 0 80000062 0747a703 r 0e         00000003  lw       x14, 0x74(x15)
#95 0 80000066 f00407b7 r 0f         f0040000  lui      x15, -0xffc0
#96 0 8000006a 0747a783 r 0f         00000003  lw       x15, 0x74(x15)
#97 0 8000006e f00406b7 r 0d         f0040000  lui      x13, -0xffc0
#98 0 80000072 00068693 r 0d         f0040000  addi     x13, x13, 0x0
#99 0 80000076     070a r 0e         0000000c  c.slli   x14, 2
#100 0 80000078     9736 r 0e         f004000c  c.add    x14, x13
#101 0 8000007a     4318 r 0e         00000059  c.lw     x14, 0x0(x14)
#102 0 8000007c f00406b7 r 0d         f0040000  lui      x13, -0xffc0
#103 0 80000080 03c68693 r 0d         f004003c  addi     x13, x13, 0x3c
#104 0 80000084     078a r 0f         0000000c  c.slli   x15, 2
#105 0 80000086     97b6 r 0f         f0040048  c.add    x15, x13
#106 0 80000088     c398 m f0040048   00000059  c.sw     x14, 0x0(x15)
#107 0 8000008a f00407b7 r 0f         f0040000  lui      x15, -0xffc0
#108 0 8000008e 0747a783 r 0f         00000003  lw       x15, 0x74(x15)
#109 0 80000092 00178713 r 0e         00000004  addi     x14, x15, 0x1
#110 0 80000096 f00407b7 r 0f         f0040000  lui      x15, -0xffc0
#111 0 8000009a 06e7aa23 m f0040074   00000004  sw       x14, 0x74(x15)
#112 0 8000009e f00407b7 r 0f         f0040000  lui      x15, -0xffc0
#113 0 800000a2 0747a703 r 0e         00000004  lw       x14, 0x74(x15)
#114 0 800000a6 f00407b7 r 0f         f0040000  lui      x15, -0xffc0
#115 0 800000aa 0387a783 r 0f         0000000e  lw       x15, 0x38(x15)
#116 0 800000ae faf748e3 r 00         00000000  blt      x14, x15, . - 0x50
#117 0 8000005e f00407b7 r 0f         f0040000  lui      x15, -0xffc0
#118 0 80000062 0747a703 r 0e         00000004  lw       x14, 0x74(x15)
#119 0 80000066 f00407b7 r 0f         f0040000  lui      x15, -0xffc0
#120 0 8000006a 0747a783 r 0f         00000004  lw       x15, 0x74(x15)
#121 0 8000006e f00406b7 r 0d         f0040000  lui      x13, -0xffc0
#122 0 80000072 00068693 r 0d         f0040000  addi     x13, x13, 0x0
#123 0 80000076     070a r 0e         00000010  c.slli   x14, 2
#124 0 80000078     9736 r 0e         f0040010  c.add    x14, x13
#125 0 8000007a     4318 r 0e         0000002c  c.lw     x14, 0x0(x14)
#126 0 8000007c f00406b7 r 0d         f0040000  lui      x13, -0xffc0
#127 0 80000080 03c68693 r 0d         f004003c  addi     x13, x13, 0x3c
#128 0 80000084     078a r 0f         00000010  c.slli   x15, 2
#129 0 80000086     97b6 r 0f         f004004c  c.add    x15, x13
#130 0 80000088     c398 m f004004c   0000002c  c.sw     x14, 0x0(x15)
#131 0 8000008a f00407b7 r 0f         f0040000  lui      x15, -0xffc0
#132 0 8000008e 0747a783 r 0f         00000004  lw       x15, 0x74(x15)
#133 0 80000092 00178713 r 0e         00000005  addi     x14, x15, 0x1
#134 0 80000096 f00407b7 r 0f         f0040000  lui      x15, -0xffc0
#135 0 8000009a 06e7aa23 m f0040074   00000005  sw       x14, 0x74(x15)
#136 0 8000009e f00407b7 r 0f         f0040000  lui      x15, -0xffc0
#137 0 800000a2 0747a703 r 0e         00000005  lw       x14, 0x74(x15)
#138 0 800000a6 f00407b7 r 0f         f0040000  lui      x15, -0xffc0
#139 0 800000aa 0387a783 r 0f         0000000e  lw       x15, 0x38(x15)
#140 0 800000ae faf748e3 r 00         00000000  blt      x14, x15, . - 0x50
#141 0 8000005e f00407b7 r 0f         f0040000  lui      x15, -0xffc0
#142 0 80000062 0747a703 r 0e         00000005  lw       x14, 0x74(x15)
#143 0 80000066 f00407b7 r 0f         f0040000  lui      x15, -0xffc0
#144 0 8000006a 0747a783 r 0f         00000005  lw       x15, 0x74(x15)
#145 0 8000006e f00406b7 r 0d         f0040000  lui      x13, -0xffc0
#146 0 80000072 00068693 r 0d         f0040000  addi     x13, x13, 0x0
#147 0 80000076     070a r 0e         00000014  c.slli   x14, 2
#148 0 80000078     9736 r 0e         f0040014  c.add    x14, x13
#149 0 8000007a     4318 r 0e         00000017  c.lw     x14, 0x0(x14)
#150 0 8000007c f00406b7 r 0d         f0040000  lui      x13, -0xffc0
#151 0 80000080 03c68693 r 0d         f004003c  addi     x13, x13, 0x3c
#152 0 80000084     078a r 0f         00000014  c.slli   x15, 2
#153 0 80000086     97b6 r 0f         f0040050  c.add    x15, x13
#154 0 80000088     c398 m f0040050   00000017  c.sw     x14, 0x0(x15)
#155 0 8000008a f00407b7 r 0f         f0040000  lui      x15, -0xffc0
#156 0 8000008e 0747a783 r 0f         00000005  lw       x15, 0x74(x15)
#157 0 80000092 00178713 r 0e         00000006  addi     x14, x15, 0x1
#158 0 80000096 f00407b7 r 0f         f0040000  lui      x15, -0xffc0
#159 0 8000009a 06e7aa23 m f0040074   00000006  sw       x14, 0x74(x15)
#160 0 8000009e f00407b7 r 0f         f0040000  lui      x15, -0xffc0
#161 0 800000a2 0747a703 r 0e         00000006  lw       x14, 0x74(x15)
#162 0 800000a6 f00407b7 r 0f         f0040000  lui      x15, -0xffc0
#163 0 800000aa 0387a783 r 0f         0000000e  lw       x15, 0x38(x15)
#164 0 800000ae faf748e3 r 00         00000000  blt      x14, x15, . - 0x50
#165 0 8000005e f00407b7 r 0f         f0040000  lui      x15, -0xffc0
#166 0 80000062 0747a703 r 0e         00000006  lw       x14, 0x74(x15)
#167 0 80000066 f00407b7 r 0f         f0040000  lui      x15, -0xffc0
#168 0 8000006a 0747a783 r 0f         00000006  lw       x15, 0x74(x15)
#169 0 8000006e f00406b7 r 0d         f0040000  lui      x13, -0xffc0
#170 0 80000072 00068693 r 0d         f0040000  addi     x13, x13, 0x0
#171 0 80000076     070a r 0e         00000018  c.slli   x14, 2
#172 0 80000078     9736 r 0e         f0040018  c.add    x14, x13
#173 0 8000007a     4318 r 0e         00000058  c.lw     x14, 0x0(x14)
#174 0 8000007c f00406b7 r 0d         f0040000  lui      x13, -0xffc0
#175 0 80000080 03c68693 r 0d         f004003c  addi     x13, x13, 0x3c
#176 0 80000084     078a r 0f         00000018  c.slli   x15, 2
#177 0 80000086     97b6 r 0f         f0040054  c.add    x15, x13
#178 0 80000088     c398 m f0040054   00000058  c.sw     x14, 0x0(x15)
#179 0 8000008a f00407b7 r 0f         f0040000  lui      x15, -0xffc0
#180 0 8000008e 0747a783 r 0f         00000006  lw       x15, 0x74(x15)
#181 0 80000092 00178713 r 0e         00000007  addi     x14, x15, 0x1
#182 0 80000096 f00407b7 r 0f         f0040000  lui      x15, -0xffc0
#183 0 8000009a 06e7aa23 m f0040074   00000007  sw       x14, 0x74(x15)
#184 0 8000009e f00407b7 r 0f         f0040000  lui      x15, -0xffc0
#185 0 800000a2 0747a703 r 0e         00000007  lw       x14, 0x74(x15)
#186 0 800000a6 f00407b7 r 0f         f0040000  lui      x15, -0xffc0
#187 0 800000aa 0387a783 r 0f         0000000e  lw       x15, 0x38(x15)
#188 0 800000ae faf748e3 r 00         00000000  blt      x14, x15, . - 0x50
#189 0 8000005e f00407b7 r 0f         f0040000  lui      x15, -0xffc0
#190 0 80000062 0747a703 r 0e         00000007  lw       x14, 0x74(x15)
#191 0 80000066 f00407b7 r 0f         f0040000  lui      x15, -0xffc0
#192 0 8000006a 0747a783 r 0f         00000007  lw       x15, 0x74(x15)
#193 0 8000006e f00406b7 r 0d         f0040000  lui      x13, -0xffc0
#194 0 80000072 00068693 r 0d         f0040000  addi     x13, x13, 0x0
#195 0 80000076     070a r 0e         0000001c  c.slli   x14, 2
#196 0 80000078     9736 r 0e         f004001c  c.add    x14, x13
#197 0 8000007a     4318 r 0e         0000000b  c.lw     x14, 0x0(x14)
#198 0 8000007c f00406b7 r 0d         f0040000  lui      x13, -0xffc0
#199 0 80000080 03c68693 r 0d         f004003c  addi     x13, x13, 0x3c
#200 0 80000084     078a r 0f         0000001c  c.slli   x15, 2
#201 0 80000086     97b6 r 0f         f0040058  c.add    x15, x13
#202 0 80000088     c398 m f0040058   0000000b  c.sw     x14, 0x0(x15)
#203 0 8000008a f00407b7 r 0f         f0040000  lui      x15, -0xffc0
#204 0 8000008e 0747a783 r 0f         00000007  lw       x15, 0x74(x15)
#205 0 80000092 00178713 r 0e         00000008  addi     x14, x15, 0x1
#206 0 80000096 f00407b7 r 0f         f0040000  lui      x15, -0xffc0
#207 0 8000009a 06e7aa23 m f0040074   00000008  sw       x14, 0x74(x15)
#208 0 8000009e f00407b7 r 0f         f0040000  lui      x15, -0xffc0
#209 0 800000a2 0747a703 r 0e         00000008  lw       x14, 0x74(x15)
#210 0 800000a6 f00407b7 r 0f         f0040000  lui      x15, -0xffc0
#211 0 800000aa 0387a783 r 0f         0000000e  lw       x15, 0x38(x15)
#212 0 800000ae faf748e3 r 00         00000000  blt      x14, x15, . - 0x50
#213 0 8000005e f00407b7 r 0f         f0040000  lui      x15, -0xffc0
#214 0 80000062 0747a703 r 0e         00000008  lw       x14, 0x74(x15)
#215 0 80000066 f00407b7 r 0f         f0040000  lui      x15, -0xffc0
#216 0 8000006a 0747a783 r 0f         00000008  lw       x15, 0x74(x15)
#217 0 8000006e f00406b7 r 0d         f0040000  lui      x13, -0xffc0
#218 0 80000072 00068693 r 0d         f0040000  addi     x13, x13, 0x0
#219 0 80000076     070a r 0e         00000020  c.slli   x14, 2
#220 0 80000078     9736 r 0e         f0040020  c.add    x14, x13
#221 0 8000007a     4318 r 0e         0000005a  c.lw     x14, 0x0(x14)
#222 0 8000007c f00406b7 r 0d         f0040000  lui      x13, -0xffc0
#223 0 80000080 03c68693 r 0d         f004003c  addi     x13, x13, 0x3c
#224 0 80000084     078a r 0f         00000020  c.slli   x15, 2
#225 0 80000086     97b6 r 0f         f004005c  c.add    x15, x13
#226 0 80000088     c398 m f004005c   0000005a  c.sw     x14, 0x0(x15)
#227 0 8000008a f00407b7 r 0f         f0040000  lui      x15, -0xffc0
#228 0 8000008e 0747a783 r 0f         00000008  lw       x15, 0x74(x15)
#229 0 80000092 00178713 r 0e         00000009  addi     x14, x15, 0x1
#230 0 80000096 f00407b7 r 0f         f0040000  lui      x15, -0xffc0
#231 0 8000009a 06e7aa23 m f0040074   00000009  sw       x14, 0x74(x15)
#232 0 8000009e f00407b7 r 0f         f0040000  lui      x15, -0xffc0
#233 0 800000a2 0747a703 r 0e         00000009  lw       x14, 0x74(x15)
#234 0 800000a6 f00407b7 r 0f         f0040000  lui      x15, -0xffc0
#235 0 800000aa 0387a783 r 0f         0000000e  lw       x15, 0x38(x15)
#236 0 800000ae faf748e3 r 00         00000000  blt      x14, x15, . - 0x50
#237 0 8000005e f00407b7 r 0f         f0040000  lui      x15, -0xffc0
#238 0 80000062 0747a703 r 0e         00000009  lw       x14, 0x74(x15)
#239 0 80000066 f00407b7 r 0f         f0040000  lui      x15, -0xffc0
#240 0 8000006a 0747a783 r 0f         00000009  lw       x15, 0x74(x15)
#241 0 8000006e f00406b7 r 0d         f0040000  lui      x13, -0xffc0
#242 0 80000072 00068693 r 0d         f0040000  addi     x13, x13, 0x0
#243 0 80000076     070a r 0e         00000024  c.slli   x14, 2
#244 0 80000078     9736 r 0e         f0040024  c.add    x14, x13
#245 0 8000007a     4318 r 0e         00000048  c.lw     x14, 0x0(x14)
#246 0 8000007c f00406b7 r 0d         f0040000  lui      x13, -0xffc0
#247 0 80000080 03c68693 r 0d         f004003c  addi     x13, x13, 0x3c
#248 0 80000084     078a r 0f         00000024  c.slli   x15, 2
#249 0 80000086     97b6 r 0f         f0040060  c.add    x15, x13
#250 0 80000088     c398 m f0040060   00000048  c.sw     x14, 0x0(x15)
#251 0 8000008a f00407b7 r 0f         f0040000  lui      x15, -0xffc0
#252 0 8000008e 0747a783 r 0f         00000009  lw       x15, 0x74(x15)
#253 0 80000092 00178713 r 0e         0000000a  addi     x14, x15, 0x1
#254 0 80000096 f00407b7 r 0f         f0040000  lui      x15, -0xffc0
#255 0 8000009a 06e7aa23 m f0040074   0000000a  sw       x14, 0x74(x15)
#256 0 8000009e f00407b7 r 0f         f0040000  lui      x15, -0xffc0
#257 0 800000a2 0747a703 r 0e         0000000a  lw       x14, 0x74(x15)
#258 0 800000a6 f00407b7 r 0f         f0040000  lui      x15, -0xffc0
#259 0 800000aa 0387a783 r 0f         0000000e  lw       x15, 0x38(x15)
#260 0 800000ae faf748e3 r 00         00000000  blt      x14, x15, . - 0x50
#261 0 8000005e f00407b7 r 0f         f0040000  lui      x15, -0xffc0
#262 0 80000062 0747a703 r 0e         0000000a  lw       x14, 0x74(x15)
#263 0 80000066 f00407b7 r 0f         f0040000  lui      x15, -0xffc0
#264 0 8000006a 0747a783 r 0f         0000000a  lw       x15, 0x74(x15)
#265 0 8000006e f00406b7 r 0d         f0040000  lui      x13, -0xffc0
#266 0 80000072 00068693 r 0d         f0040000  addi     x13, x13, 0x0
#267 0 80000076     070a r 0e         00000028  c.slli   x14, 2
#268 0 80000078     9736 r 0e         f0040028  c.add    x14, x13
#269 0 8000007a     4318 r 0e         0000004e  c.lw     x14, 0x0(x14)
#270 0 8000007c f00406b7 r 0d         f0040000  lui      x13, -0xffc0
#271 0 80000080 03c68693 r 0d         f004003c  addi     x13, x13, 0x3c
#272 0 80000084     078a r 0f         00000028  c.slli   x15, 2
#273 0 80000086     97b6 r 0f         f0040064  c.add    x15, x13
#274 0 80000088     c398 m f0040064   0000004e  c.sw     x14, 0x0(x15)
#275 0 8000008a f00407b7 r 0f         f0040000  lui      x15, -0xffc0
#276 0 8000008e 0747a783 r 0f         0000000a  lw       x15, 0x74(x15)
#277 0 80000092 00178713 r 0e         0000000b  addi     x14, x15, 0x1
#278 0 80000096 f00407b7 r 0f         f0040000  lui      x15, -0xffc0
#279 0 8000009a 06e7aa23 m f0040074   0000000b  sw       x14, 0x74(x15)
#280 0 8000009e f00407b7 r 0f         f0040000  lui      x15, -0xffc0
#281 0 800000a2 0747a703 r 0e         0000000b  lw       x14, 0x74(x15)
#282 0 800000a6 f00407b7 r 0f         f0040000  lui      x15, -0xffc0
#283 0 800000aa 0387a783 r 0f         0000000e  lw       x15, 0x38(x15)
#284 0 800000ae faf748e3 r 00         00000000  blt      x14, x15, . - 0x50
#285 0 8000005e f00407b7 r 0f         f0040000  lui      x15, -0xffc0
#286 0 80000062 0747a703 r 0e         0000000b  lw       x14, 0x74(x15)
#287 0 80000066 f00407b7 r 0f         f0040000  lui      x15, -0xffc0
#288 0 8000006a 0747a783 r 0f         0000000b  lw       x15, 0x74(x15)
#289 0 8000006e f00406b7 r 0d         f0040000  lui      x13, -0xffc0
#290 0 80000072 00068693 r 0d         f0040000  addi     x13, x13, 0x0
#291 0 80000076     070a r 0e         0000002c  c.slli   x14, 2
#292 0 80000078     9736 r 0e         f004002c  c.add    x14, x13
#293 0 8000007a     4318 r 0e         00000022  c.lw     x14, 0x0(x14)
#294 0 8000007c f00406b7 r 0d         f0040000  lui      x13, -0xffc0
#295 0 80000080 03c68693 r 0d         f004003c  addi     x13, x13, 0x3c
#296 0 80000084     078a r 0f         0000002c  c.slli   x15, 2
#297 0 80000086     97b6 r 0f         f0040068  c.add    x15, x13
#298 0 80000088     c398 m f0040068   00000022  c.sw     x14, 0x0(x15)
#299 0 8000008a f00407b7 r 0f         f0040000  lui      x15, -0xffc0
#300 0 8000008e 0747a783 r 0f         0000000b  lw       x15, 0x74(x15)
#301 0 80000092 00178713 r 0e         0000000c  addi     x14, x15, 0x1
#302 0 80000096 f00407b7 r 0f         f0040000  lui      x15, -0xffc0
#303 0 8000009a 06e7aa23 m f0040074   0000000c  sw       x14, 0x74(x15)
#304 0 8000009e f00407b7 r 0f         f0040000  lui      x15, -0xffc0
#305 0 800000a2 0747a703 r 0e         0000000c  lw       x14, 0x74(x15)
#306 0 800000a6 f00407b7 r 0f         f0040000  lui      x15, -0xffc0
#307 0 800000aa 0387a783 r 0f         0000000e  lw       x15, 0x38(x15)
#308 0 800000ae faf748e3 r 00         00000000  blt      x14, x15, . - 0x50
#309 0 8000005e f00407b7 r 0f         f0040000  lui      x15, -0xffc0
#310 0 80000062 0747a703 r 0e         0000000c  lw       x14, 0x74(x15)
#311 0 80000066 f00407b7 r 0f         f0040000  lui      x15, -0xffc0
#312 0 8000006a 0747a783 r 0f         0000000c  lw       x15, 0x74(x15)
#313 0 8000006e f00406b7 r 0d         f0040000  lui      x13, -0xffc0
#314 0 80000072 00068693 r 0d         f0040000  addi     x13, x13, 0x0
#315 0 80000076     070a r 0e         00000030  c.slli   x14, 2
#316 0 80000078     9736 r 0e         f0040030  c.add    x14, x13
#317 0 8000007a     4318 r 0e         00000042  c.lw     x14, 0x0(x14)
#318 0 8000007c f00406b7 r 0d         f0040000  lui      x13, -0xffc0
#319 0 80000080 03c68693 r 0d         f004003c  addi     x13, x13, 0x3c
#320 0 80000084     078a r 0f         00000030  c.slli   x15, 2
#321 0 80000086     97b6 r 0f         f004006c  c.add    x15, x13
#322 0 80000088     c398 m f004006c   00000042  c.sw     x14, 0x0(x15)
#323 0 8000008a f00407b7 r 0f         f0040000  lui      x15, -0xffc0
#324 0 8000008e 0747a783 r 0f         0000000c  lw       x15, 0x74(x15)
#325 0 80000092 00178713 r 0e         0000000d  addi     x14, x15, 0x1
#326 0 80000096 f00407b7 r 0f         f0040000  lui      x15, -0xffc0
#327 0 8000009a 06e7aa23 m f0040074   0000000d  sw       x14, 0x74(x15)
#328 0 8000009e f00407b7 r 0f         f0040000  lui      x15, -0xffc0
#329 0 800000a2 0747a703 r 0e         0000000d  lw       x14, 0x74(x15)
#330 0 800000a6 f00407b7 r 0f         f0040000  lui      x15, -0xffc0
#331 0 800000aa 0387a783 r 0f         0000000e  lw       x15, 0x38(x15)
#332 0 800000ae faf748e3 r 00         00000000  blt      x14, x15, . - 0x50
#333 0 8000005e f00407b7 r 0f         f0040000  lui      x15, -0xffc0
#334 0 80000062 0747a703 r 0e         0000000d  lw       x14, 0x74(x15)
#335 0 80000066 f00407b7 r 0f         f0040000  lui      x15, -0xffc0
#336 0 8000006a 0747a783 r 0f         0000000d  lw       x15, 0x74(x15)
#337 0 8000006e f00406b7 r 0d         f0040000  lui      x13, -0xffc0
#338 0 80000072 00068693 r 0d         f0040000  addi     x13, x13, 0x0
#339 0 80000076     070a r 0e         00000034  c.slli   x14, 2
#340 0 80000078     9736 r 0e         f0040034  c.add    x14, x13
#341 0 8000007a     4318 r 0e         00000037  c.lw     x14, 0x0(x14)
#342 0 8000007c f00406b7 r 0d         f0040000  lui      x13, -0xffc0
#343 0 80000080 03c68693 r 0d         f004003c  addi     x13, x13, 0x3c
#344 0 80000084     078a r 0f         00000034  c.slli   x15, 2
#345 0 80000086     97b6 r 0f         f0040070  c.add    x15, x13
#346 0 80000088     c398 m f0040070   00000037  c.sw     x14, 0x0(x15)
#347 0 8000008a f00407b7 r 0f         f0040000  lui      x15, -0xffc0
#348 0 8000008e 0747a783 r 0f         0000000d  lw       x15, 0x74(x15)
#349 0 80000092 00178713 r 0e         0000000e  addi     x14, x15, 0x1
#350 0 80000096 f00407b7 r 0f         f0040000  lui      x15, -0xffc0
#351 0 8000009a 06e7aa23 m f0040074   0000000e  sw       x14, 0x74(x15)
#352 0 8000009e f00407b7 r 0f         f0040000  lui      x15, -0xffc0
#353 0 800000a2 0747a703 r 0e         0000000e  lw       x14, 0x74(x15)
#354 0 800000a6 f00407b7 r 0f         f0040000  lui      x15, -0xffc0
#355 0 800000aa 0387a783 r 0f         0000000e  lw       x15, 0x38(x15)
#356 0 800000ae faf748e3 r 00         00000000  blt      x14, x15, . - 0x50
#357 0 800000b2 f00407b7 r 0f         f0040000  lui      x15, -0xffc0
#358 0 800000b6 0607aa23 m f0040074   00000000  sw       x0, 0x74(x15)
#359 0 800000ba     a061 r 00         00000000  c.j      . + 0x88
#360 0 80000142 f00407b7 r 0f         f0040000  lui      x15, -0xffc0
#361 0 80000146 0747a703 r 0e         00000000  lw       x14, 0x74(x15)
#362 0 8000014a f00407b7 r 0f         f0040000  lui      x15, -0xffc0
#363 0 8000014e 0387a783 r 0f         0000000e  lw       x15, 0x38(x15)
#364 0 80000152 f6f745e3 r 00         00000000  blt      x14, x15, . - 0x96
#365 0 800000bc f00407b7 r 0f         f0040000  lui      x15, -0xffc0
#366 0 800000c0 0747a783 r 0f         00000000  lw       x15, 0x74(x15)
#367 0 800000c4 f0040737 r 0e         f0040000  lui      x14, -0xffc0
#368 0 800000c8 00070713 r 0e         f0040000  addi     x14, x14, 0x0
#369 0 800000cc     078a r 0f         00000000  c.slli   x15, 2
#370 0 800000ce     97ba r 0f         f0040000  c.add    x15, x14
#371 0 800000d0     439c r 0f         0000002d  c.lw     x15, 0x0(x15)
#372 0 800000d2 fef42623 m f004107c   0000002d  sw       x15, -0x14(x8)
#373 0 800000d6     a015 r 00         00000000  c.j      . + 0x24
#374 0 800000fa fec42783 r 0f         0000002d  lw       x15, -0x14(x8)
#375 0 800000fe fcf04de3 r 00         00000000  blt      x0, x15, . - 0x26
#376 0 800000d8 f00407b7 r 0f         f0040000  lui      x15, -0xffc0
#377 0 800000dc 0887a783 r 0f         00000000  lw       x15, 0x88(x15)
#378 0 800000e0 00178713 r 0e         00000001  addi     x14, x15, 0x1
#379 0 800000e4 f00407b7 r 0f         f0040000  lui      x15, -0xffc0
#380 0 800000e8 08e7a423 m f0040088   00000001  sw       x14, 0x88(x15)
#381 0 800000ec fec42703 r 0e         0000002d  lw       x14, -0x14(x8)
#382 0 800000f0     47a9 r 0f         0000000a  c.li     x15, 0xa
#383 0 800000f2 02f747b3 r 0f         00000004  div      x15, x14, x15
#384 0 800000f6 fef42623 m f004107c   00000004  sw       x15, -0x14(x8)
#385 0 800000fa fec42783 r 0f         00000004  lw       x15, -0x14(x8)
#386 0 800000fe fcf04de3 r 00         00000000  blt      x0, x15, . - 0x26
#387 0 800000d8 f00407b7 r 0f         f0040000  lui      x15, -0xffc0
#388 0 800000dc 0887a783 r 0f         00000001  lw       x15, 0x88(x15)
#389 0 800000e0 00178713 r 0e         00000002  addi     x14, x15, 0x1
#390 0 800000e4 f00407b7 r 0f         f0040000  lui      x15, -0xffc0
#391 0 800000e8 08e7a423 m f0040088   00000002  sw       x14, 0x88(x15)
#392 0 800000ec fec42703 r 0e         00000004  lw       x14, -0x14(x8)
#393 0 800000f0     47a9 r 0f         0000000a  c.li     x15, 0xa
#394 0 800000f2 02f747b3 r 0f         00000000  div      x15, x14, x15
#395 0 800000f6 fef42623 m f004107c   00000000  sw       x15, -0x14(x8)
#396 0 800000fa fec42783 r 0f         00000000  lw       x15, -0x14(x8)
#397 0 800000fe fcf04de3 r 00         00000000  blt      x0, x15, . - 0x26
#398 0 80000102 f00407b7 r 0f         f0040000  lui      x15, -0xffc0
#399 0 80000106 0847a703 r 0e         00000000  lw       x14, 0x84(x15)
#400 0 8000010a f00407b7 r 0f         f0040000  lui      x15, -0xffc0
#401 0 8000010e 0887a783 r 0f         00000002  lw       x15, 0x88(x15)
#402 0 80000112 00f75a63 r 00         00000000  bge      x14, x15, . + 0x14
#403 0 80000116 f00407b7 r 0f         f0040000  lui      x15, -0xffc0
#404 0 8000011a 0887a703 r 0e         00000002  lw       x14, 0x88(x15)
#405 0 8000011e f00407b7 r 0f         f0040000  lui      x15, -0xffc0
#406 0 80000122 08e7a223 m f0040084   00000002  sw       x14, 0x84(x15)
#407 0 80000126 f00407b7 r 0f         f0040000  lui      x15, -0xffc0
#408 0 8000012a 0807a423 m f0040088   00000000  sw       x0, 0x88(x15)
#409 0 8000012e f00407b7 r 0f         f0040000  lui      x15, -0xffc0
#410 0 80000132 0747a783 r 0f         00000000  lw       x15, 0x74(x15)
#411 0 80000136 00178713 r 0e         00000001  addi     x14, x15, 0x1
#412 0 8000013a f00407b7 r 0f         f0040000  lui      x15, -0xffc0
#413 0 8000013e 06e7aa23 m f0040074   00000001  sw       x14, 0x74(x15)
#414 0 80000142 f00407b7 r 0f         f0040000  lui      x15, -0xffc0
#415 0 80000146 0747a703 r 0e         00000001  lw       x14, 0x74(x15)
#416 0 8000014a f00407b7 r 0f         f0040000  lui      x15, -0xffc0
#417 0 8000014e 0387a783 r 0f         0000000e  lw       x15, 0x38(x15)
#418 0 80000152 f6f745e3 r 00         00000000  blt      x14, x15, . - 0x96
#419 0 800000bc f00407b7 r 0f         f0040000  lui      x15, -0xffc0
#420 0 800000c0 0747a783 r 0f         00000001  lw       x15, 0x74(x15)
#421 0 800000c4 f0040737 r 0e         f0040000  lui      x14, -0xffc0
#422 0 800000c8 00070713 r 0e         f0040000  addi     x14, x14, 0x0
#423 0 800000cc     078a r 0f         00000004  c.slli   x15, 2
#424 0 800000ce     97ba r 0f         f0040004  c.add    x15, x14
#425 0 800000d0     439c r 0f         00000043  c.lw     x15, 0x0(x15)
#426 0 800000d2 fef42623 m f004107c   00000043  sw       x15, -0x14(x8)
#427 0 800000d6     a015 r 00         00000000  c.j      . + 0x24
#428 0 800000fa fec42783 r 0f         00000043  lw       x15, -0x14(x8)
#429 0 800000fe fcf04de3 r 00         00000000  blt      x0, x15, . - 0x26
#430 0 800000d8 f00407b7 r 0f         f0040000  lui      x15, -0xffc0
#431 0 800000dc 0887a783 r 0f         00000000  lw       x15, 0x88(x15)
#432 0 800000e0 00178713 r 0e         00000001  addi     x14, x15, 0x1
#433 0 800000e4 f00407b7 r 0f         f0040000  lui      x15, -0xffc0
#434 0 800000e8 08e7a423 m f0040088   00000001  sw       x14, 0x88(x15)
#435 0 800000ec fec42703 r 0e         00000043  lw       x14, -0x14(x8)
#436 0 800000f0     47a9 r 0f         0000000a  c.li     x15, 0xa
#437 0 800000f2 02f747b3 r 0f         00000006  div      x15, x14, x15
#438 0 800000f6 fef42623 m f004107c   00000006  sw       x15, -0x14(x8)
#439 0 800000fa fec42783 r 0f         00000006  lw       x15, -0x14(x8)
#440 0 800000fe fcf04de3 r 00         00000000  blt      x0, x15, . - 0x26
#441 0 800000d8 f00407b7 r 0f         f0040000  lui      x15, -0xffc0
#442 0 800000dc 0887a783 r 0f         00000001  lw       x15, 0x88(x15)
#443 0 800000e0 00178713 r 0e         00000002  addi     x14, x15, 0x1
#444 0 800000e4 f00407b7 r 0f         f0040000  lui      x15, -0xffc0
#445 0 800000e8 08e7a423 m f0040088   00000002  sw       x14, 0x88(x15)
#446 0 800000ec fec42703 r 0e         00000006  lw       x14, -0x14(x8)
#447 0 800000f0     47a9 r 0f         0000000a  c.li     x15, 0xa
#448 0 800000f2 02f747b3 r 0f         00000000  div      x15, x14, x15
#449 0 800000f6 fef42623 m f004107c   00000000  sw       x15, -0x14(x8)
#450 0 800000fa fec42783 r 0f         00000000  lw       x15, -0x14(x8)
#451 0 800000fe fcf04de3 r 00         00000000  blt      x0, x15, . - 0x26
#452 0 80000102 f00407b7 r 0f         f0040000  lui      x15, -0xffc0
#453 0 80000106 0847a703 r 0e         00000002  lw       x14, 0x84(x15)
#454 0 8000010a f00407b7 r 0f         f0040000  lui      x15, -0xffc0
#455 0 8000010e 0887a783 r 0f         00000002  lw       x15, 0x88(x15)
#456 0 80000112 00f75a63 r 00         00000000  bge      x14, x15, . + 0x14
#457 0 80000126 f00407b7 r 0f         f0040000  lui      x15, -0xffc0
#458 0 8000012a 0807a423 m f0040088   00000000  sw       x0, 0x88(x15)
#459 0 8000012e f00407b7 r 0f         f0040000  lui      x15, -0xffc0
#460 0 80000132 0747a783 r 0f         00000001  lw       x15, 0x74(x15)
#461 0 80000136 00178713 r 0e         00000002  addi     x14, x15, 0x1
#462 0 8000013a f00407b7 r 0f         f0040000  lui      x15, -0xffc0
#463 0 8000013e 06e7aa23 m f0040074   00000002  sw       x14, 0x74(x15)
#464 0 80000142 f00407b7 r 0f         f0040000  lui      x15, -0xffc0
#465 0 80000146 0747a703 r 0e         00000002  lw       x14, 0x74(x15)
#466 0 8000014a f00407b7 r 0f         f0040000  lui      x15, -0xffc0
#467 0 8000014e 0387a783 r 0f         0000000e  lw       x15, 0x38(x15)
#468 0 80000152 f6f745e3 r 00         00000000  blt      x14, x15, . - 0x96
#469 0 800000bc f00407b7 r 0f         f0040000  lui      x15, -0xffc0
#470 0 800000c0 0747a783 r 0f         00000002  lw       x15, 0x74(x15)
#471 0 800000c4 f0040737 r 0e         f0040000  lui      x14, -0xffc0
#472 0 800000c8 00070713 r 0e         f0040000  addi     x14, x14, 0x0
#473 0 800000cc     078a r 0f         00000008  c.slli   x15, 2
#474 0 800000ce     97ba r 0f         f0040008  c.add    x15, x14
#475 0 800000d0     439c r 0f         0000000c  c.lw     x15, 0x0(x15)
#476 0 800000d2 fef42623 m f004107c   0000000c  sw       x15, -0x14(x8)
#477 0 800000d6     a015 r 00         00000000  c.j      . + 0x24
#478 0 800000fa fec42783 r 0f         0000000c  lw       x15, -0x14(x8)
#479 0 800000fe fcf04de3 r 00         00000000  blt      x0, x15, . - 0x26
#480 0 800000d8 f00407b7 r 0f         f0040000  lui      x15, -0xffc0
#481 0 800000dc 0887a783 r 0f         00000000  lw       x15, 0x88(x15)
#482 0 800000e0 00178713 r 0e         00000001  addi     x14, x15, 0x1
#483 0 800000e4 f00407b7 r 0f         f0040000  lui      x15, -0xffc0
#484 0 800000e8 08e7a423 m f0040088   00000001  sw       x14, 0x88(x15)
#485 0 800000ec fec42703 r 0e         0000000c  lw       x14, -0x14(x8)
#486 0 800000f0     47a9 r 0f         0000000a  c.li     x15, 0xa
#487 0 800000f2 02f747b3 r 0f         00000001  div      x15, x14, x15
#488 0 800000f6 fef42623 m f004107c   00000001  sw       x15, -0x14(x8)
#489 0 800000fa fec42783 r 0f         00000001  lw       x15, -0x14(x8)
#490 0 800000fe fcf04de3 r 00         00000000  blt      x0, x15, . - 0x26
#491 0 800000d8 f00407b7 r 0f         f0040000  lui      x15, -0xffc0
#492 0 800000dc 0887a783 r 0f         00000001  lw       x15, 0x88(x15)
#493 0 800000e0 00178713 r 0e         00000002  addi     x14, x15, 0x1
#494 0 800000e4 f00407b7 r 0f         f0040000  lui      x15, -0xffc0
#495 0 800000e8 08e7a423 m f0040088   00000002  sw       x14, 0x88(x15)
#496 0 800000ec fec42703 r 0e         00000001  lw       x14, -0x14(x8)
#497 0 800000f0     47a9 r 0f         0000000a  c.li     x15, 0xa
#498 0 800000f2 02f747b3 r 0f         00000000  div      x15, x14, x15
#499 0 800000f6 fef42623 m f004107c   00000000  sw       x15, -0x14(x8)
#500 0 800000fa fec42783 r 0f         00000000  lw       x15, -0x14(x8)
#501 0 800000fe fcf04de3 r 00         00000000  blt      x0, x15, . - 0x26
#502 0 80000102 f00407b7 r 0f         f0040000  lui      x15, -0xffc0
#503 0 80000106 0847a703 r 0e         00000002  lw       x14, 0x84(x15)
#504 0 8000010a f00407b7 r 0f         f0040000  lui      x15, -0xffc0
#505 0 8000010e 0887a783 r 0f         00000002  lw       x15, 0x88(x15)
#506 0 80000112 00f75a63 r 00         00000000  bge      x14, x15, . + 0x14
#507 0 80000126 f00407b7 r 0f         f0040000  lui      x15, -0xffc0
#508 0 8000012a 0807a423 m f0040088   00000000  sw       x0, 0x88(x15)
#509 0 8000012e f00407b7 r 0f         f0040000  lui      x15, -0xffc0
#510 0 80000132 0747a783 r 0f         00000002  lw       x15, 0x74(x15)
#511 0 80000136 00178713 r 0e         00000003  addi     x14, x15, 0x1
#512 0 8000013a f00407b7 r 0f         f0040000  lui      x15, -0xffc0
#513 0 8000013e 06e7aa23 m f0040074   00000003  sw       x14, 0x74(x15)
#514 0 80000142 f00407b7 r 0f         f0040000  lui      x15, -0xffc0
#515 0 80000146 0747a703 r 0e         00000003  lw       x14, 0x74(x15)
#516 0 8000014a f00407b7 r 0f         f0040000  lui      x15, -0xffc0
#517 0 8000014e 0387a783 r 0f         0000000e  lw       x15, 0x38(x15)
#518 0 80000152 f6f745e3 r 00         00000000  blt      x14, x15, . - 0x96
#519 0 800000bc f00407b7 r 0f         f0040000  lui      x15, -0xffc0
#520 0 800000c0 0747a783 r 0f         00000003  lw       x15, 0x74(x15)
#521 0 800000c4 f0040737 r 0e         f0040000  lui      x14, -0xffc0
#522 0 800000c8 00070713 r 0e         f0040000  addi     x14, x14, 0x0
#523 0 800000cc     078a r 0f         0000000c  c.slli   x15, 2
#524 0 800000ce     97ba r 0f         f004000c  c.add    x15, x14
#525 0 800000d0     439c r 0f         00000059  c.lw     x15, 0x0(x15)
#526 0 800000d2 fef42623 m f004107c   00000059  sw       x15, -0x14(x8)
#527 0 800000d6     a015 r 00         00000000  c.j      . + 0x24
#528 0 800000fa fec42783 r 0f         00000059  lw       x15, -0x14(x8)
#529 0 800000fe fcf04de3 r 00         00000000  blt      x0, x15, . - 0x26
#530 0 800000d8 f00407b7 r 0f         f0040000  lui      x15, -0xffc0
#531 0 800000dc 0887a783 r 0f         00000000  lw       x15, 0x88(x15)
#532 0 800000e0 00178713 r 0e         00000001  addi     x14, x15, 0x1
#533 0 800000e4 f00407b7 r 0f         f0040000  lui      x15, -0xffc0
#534 0 800000e8 08e7a423 m f0040088   00000001  sw       x14, 0x88(x15)
#535 0 800000ec fec42703 r 0e         00000059  lw       x14, -0x14(x8)
#536 0 800000f0     47a9 r 0f         0000000a  c.li     x15, 0xa
#537 0 800000f2 02f747b3 r 0f         00000008  div      x15, x14, x15
#538 0 800000f6 fef42623 m f004107c   00000008  sw       x15, -0x14(x8)
#539 0 800000fa fec42783 r 0f         00000008  lw       x15, -0x14(x8)
#540 0 800000fe fcf04de3 r 00         00000000  blt      x0, x15, . - 0x26
#541 0 800000d8 f00407b7 r 0f         f0040000  lui      x15, -0xffc0
#542 0 800000dc 0887a783 r 0f         00000001  lw       x15, 0x88(x15)
#543 0 800000e0 00178713 r 0e         00000002  addi     x14, x15, 0x1
#544 0 800000e4 f00407b7 r 0f         f0040000  lui      x15, -0xffc0
#545 0 800000e8 08e7a423 m f0040088   00000002  sw       x14, 0x88(x15)
#546 0 800000ec fec42703 r 0e         00000008  lw       x14, -0x14(x8)
#547 0 800000f0     47a9 r 0f         0000000a  c.li     x15, 0xa
#548 0 800000f2 02f747b3 r 0f         00000000  div      x15, x14, x15
#549 0 800000f6 fef42623 m f004107c   00000000  sw       x15, -0x14(x8)
#550 0 800000fa fec42783 r 0f         00000000  lw       x15, -0x14(x8)
#551 0 800000fe fcf04de3 r 00         00000000  blt      x0, x15, . - 0x26
#552 0 80000102 f00407b7 r 0f         f0040000  lui      x15, -0xffc0
#553 0 80000106 0847a703 r 0e         00000002  lw       x14, 0x84(x15)
#554 0 8000010a f00407b7 r 0f         f0040000  lui      x15, -0xffc0
#555 0 8000010e 0887a783 r 0f         00000002  lw       x15, 0x88(x15)
#556 0 80000112 00f75a63 r 00         00000000  bge      x14, x15, . + 0x14
#557 0 80000126 f00407b7 r 0f         f0040000  lui      x15, -0xffc0
#558 0 8000012a 0807a423 m f0040088   00000000  sw       x0, 0x88(x15)
#559 0 8000012e f00407b7 r 0f         f0040000  lui      x15, -0xffc0
#560 0 80000132 0747a783 r 0f         00000003  lw       x15, 0x74(x15)
#561 0 80000136 00178713 r 0e         00000004  addi     x14, x15, 0x1
#562 0 8000013a f00407b7 r 0f         f0040000  lui      x15, -0xffc0
#563 0 8000013e 06e7aa23 m f0040074   00000004  sw       x14, 0x74(x15)
#564 0 80000142 f00407b7 r 0f         f0040000  lui      x15, -0xffc0
#565 0 80000146 0747a703 r 0e         00000004  lw       x14, 0x74(x15)
#566 0 8000014a f00407b7 r 0f         f0040000  lui      x15, -0xffc0
#567 0 8000014e 0387a783 r 0f         0000000e  lw       x15, 0x38(x15)
#568 0 80000152 f6f745e3 r 00         00000000  blt      x14, x15, . - 0x96
#569 0 800000bc f00407b7 r 0f         f0040000  lui      x15, -0xffc0
#570 0 800000c0 0747a783 r 0f         00000004  lw       x15, 0x74(x15)
#571 0 800000c4 f0040737 r 0e         f0040000  lui      x14, -0xffc0
#572 0 800000c8 00070713 r 0e         f0040000  addi     x14, x14, 0x0
#573 0 800000cc     078a r 0f         00000010  c.slli   x15, 2
#574 0 800000ce     97ba r 0f         f0040010  c.add    x15, x14
#575 0 800000d0     439c r 0f         0000002c  c.lw     x15, 0x0(x15)
#576 0 800000d2 fef42623 m f004107c   0000002c  sw       x15, -0x14(x8)
#577 0 800000d6     a015 r 00         00000000  c.j      . + 0x24
#578 0 800000fa fec42783 r 0f         0000002c  lw       x15, -0x14(x8)
#579 0 800000fe fcf04de3 r 00         00000000  blt      x0, x15, . - 0x26
#580 0 800000d8 f00407b7 r 0f         f0040000  lui      x15, -0xffc0
#581 0 800000dc 0887a783 r 0f         00000000  lw       x15, 0x88(x15)
#582 0 800000e0 00178713 r 0e         00000001  addi     x14, x15, 0x1
#583 0 800000e4 f00407b7 r 0f         f0040000  lui      x15, -0xffc0
#584 0 800000e8 08e7a423 m f0040088   00000001  sw       x14, 0x88(x15)
#585 0 800000ec fec42703 r 0e         0000002c  lw       x14, -0x14(x8)
#586 0 800000f0     47a9 r 0f         0000000a  c.li     x15, 0xa
#587 0 800000f2 02f747b3 r 0f         00000004  div      x15, x14, x15
#588 0 800000f6 fef42623 m f004107c   00000004  sw       x15, -0x14(x8)
#589 0 800000fa fec42783 r 0f         00000004  lw       x15, -0x14(x8)
#590 0 800000fe fcf04de3 r 00         00000000  blt      x0, x15, . - 0x26
#591 0 800000d8 f00407b7 r 0f         f0040000  lui      x15, -0xffc0
#592 0 800000dc 0887a783 r 0f         00000001  lw       x15, 0x88(x15)
#593 0 800000e0 00178713 r 0e         00000002  addi     x14, x15, 0x1
#594 0 800000e4 f00407b7 r 0f         f0040000  lui      x15, -0xffc0
#595 0 800000e8 08e7a423 m f0040088   00000002  sw       x14, 0x88(x15)
#596 0 800000ec fec42703 r 0e         00000004  lw       x14, -0x14(x8)
#597 0 800000f0     47a9 r 0f         0000000a  c.li     x15, 0xa
#598 0 800000f2 02f747b3 r 0f         00000000  div      x15, x14, x15
#599 0 800000f6 fef42623 m f004107c   00000000  sw       x15, -0x14(x8)
#600 0 800000fa fec42783 r 0f         00000000  lw       x15, -0x14(x8)
#601 0 800000fe fcf04de3 r 00         00000000  blt      x0, x15, . - 0x26
#602 0 80000102 f00407b7 r 0f         f0040000  lui      x15, -0xffc0
#603 0 80000106 0847a703 r 0e         00000002  lw       x14, 0x84(x15)
#604 0 8000010a f00407b7 r 0f         f0040000  lui      x15, -0xffc0
#605 0 8000010e 0887a783 r 0f         00000002  lw       x15, 0x88(x15)
#606 0 80000112 00f75a63 r 00         00000000  bge      x14, x15, . + 0x14
#607 0 80000126 f00407b7 r 0f         f0040000  lui      x15, -0xffc0
#608 0 8000012a 0807a423 m f0040088   00000000  sw       x0, 0x88(x15)
#609 0 8000012e f00407b7 r 0f         f0040000  lui      x15, -0xffc0
#610 0 80000132 0747a783 r 0f         00000004  lw       x15, 0x74(x15)
#611 0 80000136 00178713 r 0e         00000005  addi     x14, x15, 0x1
#612 0 8000013a f00407b7 r 0f         f0040000  lui      x15, -0xffc0
#613 0 8000013e 06e7aa23 m f0040074   00000005  sw       x14, 0x74(x15)
#614 0 80000142 f00407b7 r 0f         f0040000  lui      x15, -0xffc0
#615 0 80000146 0747a703 r 0e         00000005  lw       x14, 0x74(x15)
#616 0 8000014a f00407b7 r 0f         f0040000  lui      x15, -0xffc0
#617 0 8000014e 0387a783 r 0f         0000000e  lw       x15, 0x38(x15)
#618 0 80000152 f6f745e3 r 00         00000000  blt      x14, x15, . - 0x96
#619 0 800000bc f00407b7 r 0f         f0040000  lui      x15, -0xffc0
#620 0 800000c0 0747a783 r 0f         00000005  lw       x15, 0x74(x15)
#621 0 800000c4 f0040737 r 0e         f0040000  lui      x14, -0xffc0
#622 0 800000c8 00070713 r 0e         f0040000  addi     x14, x14, 0x0
#623 0 800000cc     078a r 0f         00000014  c.slli   x15, 2
#624 0 800000ce     97ba r 0f         f0040014  c.add    x15, x14
#625 0 800000d0     439c r 0f         00000017  c.lw     x15, 0x0(x15)
#626 0 800000d2 fef42623 m f004107c   00000017  sw       x15, -0x14(x8)
#627 0 800000d6     a015 r 00         00000000  c.j      . + 0x24
#628 0 800000fa fec42783 r 0f         00000017  lw       x15, -0x14(x8)
#629 0 800000fe fcf04de3 r 00         00000000  blt      x0, x15, . - 0x26
#630 0 800000d8 f00407b7 r 0f         f0040000  lui      x15, -0xffc0
#631 0 800000dc 0887a783 r 0f         00000000  lw       x15, 0x88(x15)
#632 0 800000e0 00178713 r 0e         00000001  addi     x14, x15, 0x1
#633 0 800000e4 f00407b7 r 0f         f0040000  lui      x15, -0xffc0
#634 0 800000e8 08e7a423 m f0040088   00000001  sw       x14, 0x88(x15)
#635 0 800000ec fec42703 r 0e         00000017  lw       x14, -0x14(x8)
#636 0 800000f0     47a9 r 0f         0000000a  c.li     x15, 0xa
#637 0 800000f2 02f747b3 r 0f         00000002  div      x15, x14, x15
#638 0 800000f6 fef42623 m f004107c   00000002  sw       x15, -0x14(x8)
#639 0 800000fa fec42783 r 0f         00000002  lw       x15, -0x14(x8)
#640 0 800000fe fcf04de3 r 00         00000000  blt      x0, x15, . - 0x26
#641 0 800000d8 f00407b7 r 0f         f0040000  lui      x15, -0xffc0
#642 0 800000dc 0887a783 r 0f         00000001  lw       x15, 0x88(x15)
#643 0 800000e0 00178713 r 0e         00000002  addi     x14, x15, 0x1
#644 0 800000e4 f00407b7 r 0f         f0040000  lui      x15, -0xffc0
#645 0 800000e8 08e7a423 m f0040088   00000002  sw       x14, 0x88(x15)
#646 0 800000ec fec42703 r 0e         00000002  lw       x14, -0x14(x8)
#647 0 800000f0     47a9 r 0f         0000000a  c.li     x15, 0xa
#648 0 800000f2 02f747b3 r 0f         00000000  div      x15, x14, x15
#649 0 800000f6 fef42623 m f004107c   00000000  sw       x15, -0x14(x8)
#650 0 800000fa fec42783 r 0f         00000000  lw       x15, -0x14(x8)
#651 0 800000fe fcf04de3 r 00         00000000  blt      x0, x15, . - 0x26
#652 0 80000102 f00407b7 r 0f         f0040000  lui      x15, -0xffc0
#653 0 80000106 0847a703 r 0e         00000002  lw       x14, 0x84(x15)
#654 0 8000010a f00407b7 r 0f         f0040000  lui      x15, -0xffc0
#655 0 8000010e 0887a783 r 0f         00000002  lw       x15, 0x88(x15)
#656 0 80000112 00f75a63 r 00         00000000  bge      x14, x15, . + 0x14
#657 0 80000126 f00407b7 r 0f         f0040000  lui      x15, -0xffc0
#658 0 8000012a 0807a423 m f0040088   00000000  sw       x0, 0x88(x15)
#659 0 8000012e f00407b7 r 0f         f0040000  lui      x15, -0xffc0
#660 0 80000132 0747a783 r 0f         00000005  lw       x15, 0x74(x15)
#661 0 80000136 00178713 r 0e         00000006  addi     x14, x15, 0x1
#662 0 8000013a f00407b7 r 0f         f0040000  lui      x15, -0xffc0
#663 0 8000013e 06e7aa23 m f0040074   00000006  sw       x14, 0x74(x15)
#664 0 80000142 f00407b7 r 0f         f0040000  lui      x15, -0xffc0
#665 0 80000146 0747a703 r 0e         00000006  lw       x14, 0x74(x15)
#666 0 8000014a f00407b7 r 0f         f0040000  lui      x15, -0xffc0
#667 0 8000014e 0387a783 r 0f         0000000e  lw       x15, 0x38(x15)
#668 0 80000152 f6f745e3 r 00         00000000  blt      x14, x15, . - 0x96
#669 0 800000bc f00407b7 r 0f         f0040000  lui      x15, -0xffc0
#670 0 800000c0 0747a783 r 0f         00000006  lw       x15, 0x74(x15)
#671 0 800000c4 f0040737 r 0e         f0040000  lui      x14, -0xffc0
#672 0 800000c8 00070713 r 0e         f0040000  addi     x14, x14, 0x0
#673 0 800000cc     078a r 0f         00000018  c.slli   x15, 2
#674 0 800000ce     97ba r 0f         f0040018  c.add    x15, x14
#675 0 800000d0     439c r 0f         00000058  c.lw     x15, 0x0(x15)
#676 0 800000d2 fef42623 m f004107c   00000058  sw       x15, -0x14(x8)
#677 0 800000d6     a015 r 00         00000000  c.j      . + 0x24
#678 0 800000fa fec42783 r 0f         00000058  lw       x15, -0x14(x8)
#679 0 800000fe fcf04de3 r 00         00000000  blt      x0, x15, . - 0x26
#680 0 800000d8 f00407b7 r 0f         f0040000  lui      x15, -0xffc0
#681 0 800000dc 0887a783 r 0f         00000000  lw       x15, 0x88(x15)
#682 0 800000e0 00178713 r 0e         00000001  addi     x14, x15, 0x1
#683 0 800000e4 f00407b7 r 0f         f0040000  lui      x15, -0xffc0
#684 0 800000e8 08e7a423 m f0040088   00000001  sw       x14, 0x88(x15)
#685 0 800000ec fec42703 r 0e         00000058  lw       x14, -0x14(x8)
#686 0 800000f0     47a9 r 0f         0000000a  c.li     x15, 0xa
#687 0 800000f2 02f747b3 r 0f         00000008  div      x15, x14, x15
#688 0 800000f6 fef42623 m f004107c   00000008  sw       x15, -0x14(x8)
#689 0 800000fa fec42783 r 0f         00000008  lw       x15, -0x14(x8)
#690 0 800000fe fcf04de3 r 00         00000000  blt      x0, x15, . - 0x26
#691 0 800000d8 f00407b7 r 0f         f0040000  lui      x15, -0xffc0
#692 0 800000dc 0887a783 r 0f         00000001  lw       x15, 0x88(x15)
#693 0 800000e0 00178713 r 0e         00000002  addi     x14, x15, 0x1
#694 0 800000e4 f00407b7 r 0f         f0040000  lui      x15, -0xffc0
#695 0 800000e8 08e7a423 m f0040088   00000002  sw       x14, 0x88(x15)
#696 0 800000ec fec42703 r 0e         00000008  lw       x14, -0x14(x8)
#697 0 800000f0     47a9 r 0f         0000000a  c.li     x15, 0xa
#698 0 800000f2 02f747b3 r 0f         00000000  div      x15, x14, x15
#699 0 800000f6 fef42623 m f004107c   00000000  sw       x15, -0x14(x8)
#700 0 800000fa fec42783 r 0f         00000000  lw       x15, -0x14(x8)
#701 0 800000fe fcf04de3 r 00         00000000  blt      x0, x15, . - 0x26
#702 0 80000102 f00407b7 r 0f         f0040000  lui      x15, -0xffc0
#703 0 80000106 0847a703 r 0e         00000002  lw       x14, 0x84(x15)
#704 0 8000010a f00407b7 r 0f         f0040000  lui      x15, -0xffc0
#705 0 8000010e 0887a783 r 0f         00000002  lw       x15, 0x88(x15)
#706 0 80000112 00f75a63 r 00         00000000  bge      x14, x15, . + 0x14
#707 0 80000126 f00407b7 r 0f         f0040000  lui      x15, -0xffc0
#708 0 8000012a 0807a423 m f0040088   00000000  sw       x0, 0x88(x15)
#709 0 8000012e f00407b7 r 0f         f0040000  lui      x15, -0xffc0
#710 0 80000132 0747a783 r 0f         00000006  lw       x15, 0x74(x15)
#711 0 80000136 00178713 r 0e         00000007  addi     x14, x15, 0x1
#712 0 8000013a f00407b7 r 0f         f0040000  lui      x15, -0xffc0
#713 0 8000013e 06e7aa23 m f0040074   00000007  sw       x14, 0x74(x15)
#714 0 80000142 f00407b7 r 0f         f0040000  lui      x15, -0xffc0
#715 0 80000146 0747a703 r 0e         00000007  lw       x14, 0x74(x15)
#716 0 8000014a f00407b7 r 0f         f0040000  lui      x15, -0xffc0
#717 0 8000014e 0387a783 r 0f         0000000e  lw       x15, 0x38(x15)
#718 0 80000152 f6f745e3 r 00         00000000  blt      x14, x15, . - 0x96
#719 0 800000bc f00407b7 r 0f         f0040000  lui      x15, -0xffc0
#720 0 800000c0 0747a783 r 0f         00000007  lw       x15, 0x74(x15)
#721 0 800000c4 f0040737 r 0e         f0040000  lui      x14, -0xffc0
#722 0 800000c8 00070713 r 0e         f0040000  addi     x14, x14, 0x0
#723 0 800000cc     078a r 0f         0000001c  c.slli   x15, 2
#724 0 800000ce     97ba r 0f         f004001c  c.add    x15, x14
#725 0 800000d0     439c r 0f         0000000b  c.lw     x15, 0x0(x15)
#726 0 800000d2 fef42623 m f004107c   0000000b  sw       x15, -0x14(x8)
#727 0 800000d6     a015 r 00         00000000  c.j      . + 0x24
#728 0 800000fa fec42783 r 0f         0000000b  lw       x15, -0x14(x8)
#729 0 800000fe fcf04de3 r 00         00000000  blt      x0, x15, . - 0x26
#730 0 800000d8 f00407b7 r 0f         f0040000  lui      x15, -0xffc0
#731 0 800000dc 0887a783 r 0f         00000000  lw       x15, 0x88(x15)
#732 0 800000e0 00178713 r 0e         00000001  addi     x14, x15, 0x1
#733 0 800000e4 f00407b7 r 0f         f0040000  lui      x15, -0xffc0
#734 0 800000e8 08e7a423 m f0040088   00000001  sw       x14, 0x88(x15)
#735 0 800000ec fec42703 r 0e         0000000b  lw       x14, -0x14(x8)
#736 0 800000f0     47a9 r 0f         0000000a  c.li     x15, 0xa
#737 0 800000f2 02f747b3 r 0f         00000001  div      x15, x14, x15
#738 0 800000f6 fef42623 m f004107c   00000001  sw       x15, -0x14(x8)
#739 0 800000fa fec42783 r 0f         00000001  lw       x15, -0x14(x8)
#740 0 800000fe fcf04de3 r 00         00000000  blt      x0, x15, . - 0x26
#741 0 800000d8 f00407b7 r 0f         f0040000  lui      x15, -0xffc0
#742 0 800000dc 0887a783 r 0f         00000001  lw       x15, 0x88(x15)
#743 0 800000e0 00178713 r 0e         00000002  addi     x14, x15, 0x1
#744 0 800000e4 f00407b7 r 0f         f0040000  lui      x15, -0xffc0
#745 0 800000e8 08e7a423 m f0040088   00000002  sw       x14, 0x88(x15)
#746 0 800000ec fec42703 r 0e         00000001  lw       x14, -0x14(x8)
#747 0 800000f0     47a9 r 0f         0000000a  c.li     x15, 0xa
#748 0 800000f2 02f747b3 r 0f         00000000  div      x15, x14, x15
#749 0 800000f6 fef42623 m f004107c   00000000  sw       x15, -0x14(x8)
#750 0 800000fa fec42783 r 0f         00000000  lw       x15, -0x14(x8)
#751 0 800000fe fcf04de3 r 00         00000000  blt      x0, x15, . - 0x26
#752 0 80000102 f00407b7 r 0f         f0040000  lui      x15, -0xffc0
#753 0 80000106 0847a703 r 0e         00000002  lw       x14, 0x84(x15)
#754 0 8000010a f00407b7 r 0f         f0040000  lui      x15, -0xffc0
#755 0 8000010e 0887a783 r 0f         00000002  lw       x15, 0x88(x15)
#756 0 80000112 00f75a63 r 00         00000000  bge      x14, x15, . + 0x14
#757 0 80000126 f00407b7 r 0f         f0040000  lui      x15, -0xffc0
#758 0 8000012a 0807a423 m f0040088   00000000  sw       x0, 0x88(x15)
#759 0 8000012e f00407b7 r 0f         f0040000  lui      x15, -0xffc0
#760 0 80000132 0747a783 r 0f         00000007  lw       x15, 0x74(x15)
#761 0 80000136 00178713 r 0e         00000008  addi     x14, x15, 0x1
#762 0 8000013a f00407b7 r 0f         f0040000  lui      x15, -0xffc0
#763 0 8000013e 06e7aa23 m f0040074   00000008  sw       x14, 0x74(x15)
#764 0 80000142 f00407b7 r 0f         f0040000  lui      x15, -0xffc0
#765 0 80000146 0747a703 r 0e         00000008  lw       x14, 0x74(x15)
#766 0 8000014a f00407b7 r 0f         f0040000  lui      x15, -0xffc0
#767 0 8000014e 0387a783 r 0f         0000000e  lw       x15, 0x38(x15)
#768 0 80000152 f6f745e3 r 00         00000000  blt      x14, x15, . - 0x96
#769 0 800000bc f00407b7 r 0f         f0040000  lui      x15, -0xffc0
#770 0 800000c0 0747a783 r 0f         00000008  lw       x15, 0x74(x15)
#771 0 800000c4 f0040737 r 0e         f0040000  lui      x14, -0xffc0
#772 0 800000c8 00070713 r 0e         f0040000  addi     x14, x14, 0x0
#773 0 800000cc     078a r 0f         00000020  c.slli   x15, 2
#774 0 800000ce     97ba r 0f         f0040020  c.add    x15, x14
#775 0 800000d0     439c r 0f         0000005a  c.lw     x15, 0x0(x15)
#776 0 800000d2 fef42623 m f004107c   0000005a  sw       x15, -0x14(x8)
#777 0 800000d6     a015 r 00         00000000  c.j      . + 0x24
#778 0 800000fa fec42783 r 0f         0000005a  lw       x15, -0x14(x8)
#779 0 800000fe fcf04de3 r 00         00000000  blt      x0, x15, . - 0x26
#780 0 800000d8 f00407b7 r 0f         f0040000  lui      x15, -0xffc0
#781 0 800000dc 0887a783 r 0f         00000000  lw       x15, 0x88(x15)
#782 0 800000e0 00178713 r 0e         00000001  addi     x14, x15, 0x1
#783 0 800000e4 f00407b7 r 0f         f0040000  lui      x15, -0xffc0
#784 0 800000e8 08e7a423 m f0040088   00000001  sw       x14, 0x88(x15)
#785 0 800000ec fec42703 r 0e         0000005a  lw       x14, -0x14(x8)
#786 0 800000f0     47a9 r 0f         0000000a  c.li     x15, 0xa
#787 0 800000f2 02f747b3 r 0f         00000009  div      x15, x14, x15
#788 0 800000f6 fef42623 m f004107c   00000009  sw       x15, -0x14(x8)
#789 0 800000fa fec42783 r 0f         00000009  lw       x15, -0x14(x8)
#790 0 800000fe fcf04de3 r 00         00000000  blt      x0, x15, . - 0x26
#791 0 800000d8 f00407b7 r 0f         f0040000  lui      x15, -0xffc0
#792 0 800000dc 0887a783 r 0f         00000001  lw       x15, 0x88(x15)
#793 0 800000e0 00178713 r 0e         00000002  addi     x14, x15, 0x1
#794 0 800000e4 f00407b7 r 0f         f0040000  lui      x15, -0xffc0
#795 0 800000e8 08e7a423 m f0040088   00000002  sw       x14, 0x88(x15)
#796 0 800000ec fec42703 r 0e         00000009  lw       x14, -0x14(x8)
#797 0 800000f0     47a9 r 0f         0000000a  c.li     x15, 0xa
#798 0 800000f2 02f747b3 r 0f         00000000  div      x15, x14, x15
#799 0 800000f6 fef42623 m f004107c   00000000  sw       x15, -0x14(x8)
#800 0 800000fa fec42783 r 0f         00000000  lw       x15, -0x14(x8)
#801 0 800000fe fcf04de3 r 00         00000000  blt      x0, x15, . - 0x26
#802 0 80000102 f00407b7 r 0f         f0040000  lui      x15, -0xffc0
#803 0 80000106 0847a703 r 0e         00000002  lw       x14, 0x84(x15)
#804 0 8000010a f00407b7 r 0f         f0040000  lui      x15, -0xffc0
#805 0 8000010e 0887a783 r 0f         00000002  lw       x15, 0x88(x15)
#806 0 80000112 00f75a63 r 00         00000000  bge      x14, x15, . + 0x14
#807 0 80000126 f00407b7 r 0f         f0040000  lui      x15, -0xffc0
#808 0 8000012a 0807a423 m f0040088   00000000  sw       x0, 0x88(x15)
#809 0 8000012e f00407b7 r 0f         f0040000  lui      x15, -0xffc0
#810 0 80000132 0747a783 r 0f         00000008  lw       x15, 0x74(x15)
#811 0 80000136 00178713 r 0e         00000009  addi     x14, x15, 0x1
#812 0 8000013a f00407b7 r 0f         f0040000  lui      x15, -0xffc0
#813 0 8000013e 06e7aa23 m f0040074   00000009  sw       x14, 0x74(x15)
#814 0 80000142 f00407b7 r 0f         f0040000  lui      x15, -0xffc0
#815 0 80000146 0747a703 r 0e         00000009  lw       x14, 0x74(x15)
#816 0 8000014a f00407b7 r 0f         f0040000  lui      x15, -0xffc0
#817 0 8000014e 0387a783 r 0f         0000000e  lw       x15, 0x38(x15)
#818 0 80000152 f6f745e3 r 00         00000000  blt      x14, x15, . - 0x96
#819 0 800000bc f00407b7 r 0f         f0040000  lui      x15, -0xffc0
#820 0 800000c0 0747a783 r 0f         00000009  lw       x15, 0x74(x15)
#821 0 800000c4 f0040737 r 0e         f0040000  lui      x14, -0xffc0
#822 0 800000c8 00070713 r 0e         f0040000  addi     x14, x14, 0x0
#823 0 800000cc     078a r 0f         00000024  c.slli   x15, 2
#824 0 800000ce     97ba r 0f         f0040024  c.add    x15, x14
#825 0 800000d0     439c r 0f         00000048  c.lw     x15, 0x0(x15)
#826 0 800000d2 fef42623 m f004107c   00000048  sw       x15, -0x14(x8)
#827 0 800000d6     a015 r 00         00000000  c.j      . + 0x24
#828 0 800000fa fec42783 r 0f         00000048  lw       x15, -0x14(x8)
#829 0 800000fe fcf04de3 r 00         00000000  blt      x0, x15, . - 0x26
#830 0 800000d8 f00407b7 r 0f         f0040000  lui      x15, -0xffc0
#831 0 800000dc 0887a783 r 0f         00000000  lw       x15, 0x88(x15)
#832 0 800000e0 00178713 r 0e         00000001  addi     x14, x15, 0x1
#833 0 800000e4 f00407b7 r 0f         f0040000  lui      x15, -0xffc0
#834 0 800000e8 08e7a423 m f0040088   00000001  sw       x14, 0x88(x15)
#835 0 800000ec fec42703 r 0e         00000048  lw       x14, -0x14(x8)
#836 0 800000f0     47a9 r 0f         0000000a  c.li     x15, 0xa
#837 0 800000f2 02f747b3 r 0f         00000007  div      x15, x14, x15
#838 0 800000f6 fef42623 m f004107c   00000007  sw       x15, -0x14(x8)
#839 0 800000fa fec42783 r 0f         00000007  lw       x15, -0x14(x8)
#840 0 800000fe fcf04de3 r 00         00000000  blt      x0, x15, . - 0x26
#841 0 800000d8 f00407b7 r 0f         f0040000  lui      x15, -0xffc0
#842 0 800000dc 0887a783 r 0f         00000001  lw       x15, 0x88(x15)
#843 0 800000e0 00178713 r 0e         00000002  addi     x14, x15, 0x1
#844 0 800000e4 f00407b7 r 0f         f0040000  lui      x15, -0xffc0
#845 0 800000e8 08e7a423 m f0040088   00000002  sw       x14, 0x88(x15)
#846 0 800000ec fec42703 r 0e         00000007  lw       x14, -0x14(x8)
#847 0 800000f0     47a9 r 0f         0000000a  c.li     x15, 0xa
#848 0 800000f2 02f747b3 r 0f         00000000  div      x15, x14, x15
#849 0 800000f6 fef42623 m f004107c   00000000  sw       x15, -0x14(x8)
#850 0 800000fa fec42783 r 0f         00000000  lw       x15, -0x14(x8)
#851 0 800000fe fcf04de3 r 00         00000000  blt      x0, x15, . - 0x26
#852 0 80000102 f00407b7 r 0f         f0040000  lui      x15, -0xffc0
#853 0 80000106 0847a703 r 0e         00000002  lw       x14, 0x84(x15)
#854 0 8000010a f00407b7 r 0f         f0040000  lui      x15, -0xffc0
#855 0 8000010e 0887a783 r 0f         00000002  lw       x15, 0x88(x15)
#856 0 80000112 00f75a63 r 00         00000000  bge      x14, x15, . + 0x14
#857 0 80000126 f00407b7 r 0f         f0040000  lui      x15, -0xffc0
#858 0 8000012a 0807a423 m f0040088   00000000  sw       x0, 0x88(x15)
#859 0 8000012e f00407b7 r 0f         f0040000  lui      x15, -0xffc0
#860 0 80000132 0747a783 r 0f         00000009  lw       x15, 0x74(x15)
#861 0 80000136 00178713 r 0e         0000000a  addi     x14, x15, 0x1
#862 0 8000013a f00407b7 r 0f         f0040000  lui      x15, -0xffc0
#863 0 8000013e 06e7aa23 m f0040074   0000000a  sw       x14, 0x74(x15)
#864 0 80000142 f00407b7 r 0f         f0040000  lui      x15, -0xffc0
#865 0 80000146 0747a703 r 0e         0000000a  lw       x14, 0x74(x15)
#866 0 8000014a f00407b7 r 0f         f0040000  lui      x15, -0xffc0
#867 0 8000014e 0387a783 r 0f         0000000e  lw       x15, 0x38(x15)
#868 0 80000152 f6f745e3 r 00         00000000  blt      x14, x15, . - 0x96
#869 0 800000bc f00407b7 r 0f         f0040000  lui      x15, -0xffc0
#870 0 800000c0 0747a783 r 0f         0000000a  lw       x15, 0x74(x15)
#871 0 800000c4 f0040737 r 0e         f0040000  lui      x14, -0xffc0
#872 0 800000c8 00070713 r 0e         f0040000  addi     x14, x14, 0x0
#873 0 800000cc     078a r 0f         00000028  c.slli   x15, 2
#874 0 800000ce     97ba r 0f         f0040028  c.add    x15, x14
#875 0 800000d0     439c r 0f         0000004e  c.lw     x15, 0x0(x15)
#876 0 800000d2 fef42623 m f004107c   0000004e  sw       x15, -0x14(x8)
#877 0 800000d6     a015 r 00         00000000  c.j      . + 0x24
#878 0 800000fa fec42783 r 0f         0000004e  lw       x15, -0x14(x8)
#879 0 800000fe fcf04de3 r 00         00000000  blt      x0, x15, . - 0x26
#880 0 800000d8 f00407b7 r 0f         f0040000  lui      x15, -0xffc0
#881 0 800000dc 0887a783 r 0f         00000000  lw       x15, 0x88(x15)
#882 0 800000e0 00178713 r 0e         00000001  addi     x14, x15, 0x1
#883 0 800000e4 f00407b7 r 0f         f0040000  lui      x15, -0xffc0
#884 0 800000e8 08e7a423 m f0040088   00000001  sw       x14, 0x88(x15)
#885 0 800000ec fec42703 r 0e         0000004e  lw       x14, -0x14(x8)
#886 0 800000f0     47a9 r 0f         0000000a  c.li     x15, 0xa
#887 0 800000f2 02f747b3 r 0f         00000007  div      x15, x14, x15
#888 0 800000f6 fef42623 m f004107c   00000007  sw       x15, -0x14(x8)
#889 0 800000fa fec42783 r 0f         00000007  lw       x15, -0x14(x8)
#890 0 800000fe fcf04de3 r 00         00000000  blt      x0, x15, . - 0x26
#891 0 800000d8 f00407b7 r 0f         f0040000  lui      x15, -0xffc0
#892 0 800000dc 0887a783 r 0f         00000001  lw       x15, 0x88(x15)
#893 0 800000e0 00178713 r 0e         00000002  addi     x14, x15, 0x1
#894 0 800000e4 f00407b7 r 0f         f0040000  lui      x15, -0xffc0
#895 0 800000e8 08e7a423 m f0040088   00000002  sw       x14, 0x88(x15)
#896 0 800000ec fec42703 r 0e         00000007  lw       x14, -0x14(x8)
#897 0 800000f0     47a9 r 0f         0000000a  c.li     x15, 0xa
#898 0 800000f2 02f747b3 r 0f         00000000  div      x15, x14, x15
#899 0 800000f6 fef42623 m f004107c   00000000  sw       x15, -0x14(x8)
#900 0 800000fa fec42783 r 0f         00000000  lw       x15, -0x14(x8)
#901 0 800000fe fcf04de3 r 00         00000000  blt      x0, x15, . - 0x26
#902 0 80000102 f00407b7 r 0f         f0040000  lui      x15, -0xffc0
#903 0 80000106 0847a703 r 0e         00000002  lw       x14, 0x84(x15)
#904 0 8000010a f00407b7 r 0f         f0040000  lui      x15, -0xffc0
#905 0 8000010e 0887a783 r 0f         00000002  lw       x15, 0x88(x15)
#906 0 80000112 00f75a63 r 00         00000000  bge      x14, x15, . + 0x14
#907 0 80000126 f00407b7 r 0f         f0040000  lui      x15, -0xffc0
#908 0 8000012a 0807a423 m f0040088   00000000  sw       x0, 0x88(x15)
#909 0 8000012e f00407b7 r 0f         f0040000  lui      x15, -0xffc0
#910 0 80000132 0747a783 r 0f         0000000a  lw       x15, 0x74(x15)
#911 0 80000136 00178713 r 0e         0000000b  addi     x14, x15, 0x1
#912 0 8000013a f00407b7 r 0f         f0040000  lui      x15, -0xffc0
#913 0 8000013e 06e7aa23 m f0040074   0000000b  sw       x14, 0x74(x15)
#914 0 80000142 f00407b7 r 0f         f0040000  lui      x15, -0xffc0
#915 0 80000146 0747a703 r 0e         0000000b  lw       x14, 0x74(x15)
#916 0 8000014a f00407b7 r 0f         f0040000  lui      x15, -0xffc0
#917 0 8000014e 0387a783 r 0f         0000000e  lw       x15, 0x38(x15)
#918 0 80000152 f6f745e3 r 00         00000000  blt      x14, x15, . - 0x96
#919 0 800000bc f00407b7 r 0f         f0040000  lui      x15, -0xffc0
#920 0 800000c0 0747a783 r 0f         0000000b  lw       x15, 0x74(x15)
#921 0 800000c4 f0040737 r 0e         f0040000  lui      x14, -0xffc0
#922 0 800000c8 00070713 r 0e         f0040000  addi     x14, x14, 0x0
#923 0 800000cc     078a r 0f         0000002c  c.slli   x15, 2
#924 0 800000ce     97ba r 0f         f004002c  c.add    x15, x14
#925 0 800000d0     439c r 0f         00000022  c.lw     x15, 0x0(x15)
#926 0 800000d2 fef42623 m f004107c   00000022  sw       x15, -0x14(x8)
#927 0 800000d6     a015 r 00         00000000  c.j      . + 0x24
#928 0 800000fa fec42783 r 0f         00000022  lw       x15, -0x14(x8)
#929 0 800000fe fcf04de3 r 00         00000000  blt      x0, x15, . - 0x26
#930 0 800000d8 f00407b7 r 0f         f0040000  lui      x15, -0xffc0
#931 0 800000dc 0887a783 r 0f         00000000  lw       x15, 0x88(x15)
#932 0 800000e0 00178713 r 0e         00000001  addi     x14, x15, 0x1
#933 0 800000e4 f00407b7 r 0f         f0040000  lui      x15, -0xffc0
#934 0 800000e8 08e7a423 m f0040088   00000001  sw       x14, 0x88(x15)
#935 0 800000ec fec42703 r 0e         00000022  lw       x14, -0x14(x8)
#936 0 800000f0     47a9 r 0f         0000000a  c.li     x15, 0xa
#937 0 800000f2 02f747b3 r 0f         00000003  div      x15, x14, x15
#938 0 800000f6 fef42623 m f004107c   00000003  sw       x15, -0x14(x8)
#939 0 800000fa fec42783 r 0f         00000003  lw       x15, -0x14(x8)
#940 0 800000fe fcf04de3 r 00         00000000  blt      x0, x15, . - 0x26
#941 0 800000d8 f00407b7 r 0f         f0040000  lui      x15, -0xffc0
#942 0 800000dc 0887a783 r 0f         00000001  lw       x15, 0x88(x15)
#943 0 800000e0 00178713 r 0e         00000002  addi     x14, x15, 0x1
#944 0 800000e4 f00407b7 r 0f         f0040000  lui      x15, -0xffc0
#945 0 800000e8 08e7a423 m f0040088   00000002  sw       x14, 0x88(x15)
#946 0 800000ec fec42703 r 0e         00000003  lw       x14, -0x14(x8)
#947 0 800000f0     47a9 r 0f         0000000a  c.li     x15, 0xa
#948 0 800000f2 02f747b3 r 0f         00000000  div      x15, x14, x15
#949 0 800000f6 fef42623 m f004107c   00000000  sw       x15, -0x14(x8)
#950 0 800000fa fec42783 r 0f         00000000  lw       x15, -0x14(x8)
#951 0 800000fe fcf04de3 r 00         00000000  blt      x0, x15, . - 0x26
#952 0 80000102 f00407b7 r 0f         f0040000  lui      x15, -0xffc0
#953 0 80000106 0847a703 r 0e         00000002  lw       x14, 0x84(x15)
#954 0 8000010a f00407b7 r 0f         f0040000  lui      x15, -0xffc0
#955 0 8000010e 0887a783 r 0f         00000002  lw       x15, 0x88(x15)
#956 0 80000112 00f75a63 r 00         00000000  bge      x14, x15, . + 0x14
#957 0 80000126 f00407b7 r 0f         f0040000  lui      x15, -0xffc0
#958 0 8000012a 0807a423 m f0040088   00000000  sw       x0, 0x88(x15)
#959 0 8000012e f00407b7 r 0f         f0040000  lui      x15, -0xffc0
#960 0 80000132 0747a783 r 0f         0000000b  lw       x15, 0x74(x15)
#961 0 80000136 00178713 r 0e         0000000c  addi     x14, x15, 0x1
#962 0 8000013a f00407b7 r 0f         f0040000  lui      x15, -0xffc0
#963 0 8000013e 06e7aa23 m f0040074   0000000c  sw       x14, 0x74(x15)
#964 0 80000142 f00407b7 r 0f         f0040000  lui      x15, -0xffc0
#965 0 80000146 0747a703 r 0e         0000000c  lw       x14, 0x74(x15)
#966 0 8000014a f00407b7 r 0f         f0040000  lui      x15, -0xffc0
#967 0 8000014e 0387a783 r 0f         0000000e  lw       x15, 0x38(x15)
#968 0 80000152 f6f745e3 r 00         00000000  blt      x14, x15, . - 0x96
#969 0 800000bc f00407b7 r 0f         f0040000  lui      x15, -0xffc0
#970 0 800000c0 0747a783 r 0f         0000000c  lw       x15, 0x74(x15)
#971 0 800000c4 f0040737 r 0e         f0040000  lui      x14, -0xffc0
#972 0 800000c8 00070713 r 0e         f0040000  addi     x14, x14, 0x0
#973 0 800000cc     078a r 0f         00000030  c.slli   x15, 2
#974 0 800000ce     97ba r 0f         f0040030  c.add    x15, x14
#975 0 800000d0     439c r 0f         00000042  c.lw     x15, 0x0(x15)
#976 0 800000d2 fef42623 m f004107c   00000042  sw       x15, -0x14(x8)
#977 0 800000d6     a015 r 00         00000000  c.j      . + 0x24
#978 0 800000fa fec42783 r 0f         00000042  lw       x15, -0x14(x8)
#979 0 800000fe fcf04de3 r 00         00000000  blt      x0, x15, . - 0x26
#980 0 800000d8 f00407b7 r 0f         f0040000  lui      x15, -0xffc0
#981 0 800000dc 0887a783 r 0f         00000000  lw       x15, 0x88(x15)
#982 0 800000e0 00178713 r 0e         00000001  addi     x14, x15, 0x1
#983 0 800000e4 f00407b7 r 0f         f0040000  lui      x15, -0xffc0
#984 0 800000e8 08e7a423 m f0040088   00000001  sw       x14, 0x88(x15)
#985 0 800000ec fec42703 r 0e         00000042  lw       x14, -0x14(x8)
#986 0 800000f0     47a9 r 0f         0000000a  c.li     x15, 0xa
#987 0 800000f2 02f747b3 r 0f         00000006  div      x15, x14, x15
#988 0 800000f6 fef42623 m f004107c   00000006  sw       x15, -0x14(x8)
#989 0 800000fa fec42783 r 0f         00000006  lw       x15, -0x14(x8)
#990 0 800000fe fcf04de3 r 00         00000000  blt      x0, x15, . - 0x26
#991 0 800000d8 f00407b7 r 0f         f0040000  lui      x15, -0xffc0
#992 0 800000dc 0887a783 r 0f         00000001  lw       x15, 0x88(x15)
#993 0 800000e0 00178713 r 0e         00000002  addi     x14, x15, 0x1
#994 0 800000e4 f00407b7 r 0f         f0040000  lui      x15, -0xffc0
#995 0 800000e8 08e7a423 m f0040088   00000002  sw       x14, 0x88(x15)
#996 0 800000ec fec42703 r 0e         00000006  lw       x14, -0x14(x8)
#997 0 800000f0     47a9 r 0f         0000000a  c.li     x15, 0xa
#998 0 800000f2 02f747b3 r 0f         00000000  div      x15, x14, x15
#999 0 800000f6 fef42623 m f004107c   00000000  sw       x15, -0x14(x8)
#1000 0 800000fa fec42783 r 0f         00000000  lw       x15, -0x14(x8)
#1001 0 800000fe fcf04de3 r 00         00000000  blt      x0, x15, . - 0x26
#1002 0 80000102 f00407b7 r 0f         f0040000  lui      x15, -0xffc0
#1003 0 80000106 0847a703 r 0e         00000002  lw       x14, 0x84(x15)
#1004 0 8000010a f00407b7 r 0f         f0040000  lui      x15, -0xffc0
#1005 0 8000010e 0887a783 r 0f         00000002  lw       x15, 0x88(x15)
#1006 0 80000112 00f75a63 r 00         00000000  bge      x14, x15, . + 0x14
#1007 0 80000126 f00407b7 r 0f         f0040000  lui      x15, -0xffc0
#1008 0 8000012a 0807a423 m f0040088   00000000  sw       x0, 0x88(x15)
#1009 0 8000012e f00407b7 r 0f         f0040000  lui      x15, -0xffc0
#1010 0 80000132 0747a783 r 0f         0000000c  lw       x15, 0x74(x15)
#1011 0 80000136 00178713 r 0e         0000000d  addi     x14, x15, 0x1
#1012 0 8000013a f00407b7 r 0f         f0040000  lui      x15, -0xffc0
#1013 0 8000013e 06e7aa23 m f0040074   0000000d  sw       x14, 0x74(x15)
#1014 0 80000142 f00407b7 r 0f         f0040000  lui      x15, -0xffc0
#1015 0 80000146 0747a703 r 0e         0000000d  lw       x14, 0x74(x15)
#1016 0 8000014a f00407b7 r 0f         f0040000  lui      x15, -0xffc0
#1017 0 8000014e 0387a783 r 0f         0000000e  lw       x15, 0x38(x15)
#1018 0 80000152 f6f745e3 r 00         00000000  blt      x14, x15, . - 0x96
#1019 0 800000bc f00407b7 r 0f         f0040000  lui      x15, -0xffc0
#1020 0 800000c0 0747a783 r 0f         0000000d  lw       x15, 0x74(x15)
#1021 0 800000c4 f0040737 r 0e         f0040000  lui      x14, -0xffc0
#1022 0 800000c8 00070713 r 0e         f0040000  addi     x14, x14, 0x0
#1023 0 800000cc     078a r 0f         00000034  c.slli   x15, 2
#1024 0 800000ce     97ba r 0f         f0040034  c.add    x15, x14
#1025 0 800000d0     439c r 0f         00000037  c.lw     x15, 0x0(x15)
#1026 0 800000d2 fef42623 m f004107c   00000037  sw       x15, -0x14(x8)
#1027 0 800000d6     a015 r 00         00000000  c.j      . + 0x24
#1028 0 800000fa fec42783 r 0f         00000037  lw       x15, -0x14(x8)
#1029 0 800000fe fcf04de3 r 00         00000000  blt      x0, x15, . - 0x26
#1030 0 800000d8 f00407b7 r 0f         f0040000  lui      x15, -0xffc0
#1031 0 800000dc 0887a783 r 0f         00000000  lw       x15, 0x88(x15)
#1032 0 800000e0 00178713 r 0e         00000001  addi     x14, x15, 0x1
#1033 0 800000e4 f00407b7 r 0f         f0040000  lui      x15, -0xffc0
#1034 0 800000e8 08e7a423 m f0040088   00000001  sw       x14, 0x88(x15)
#1035 0 800000ec fec42703 r 0e         00000037  lw       x14, -0x14(x8)
#1036 0 800000f0     47a9 r 0f         0000000a  c.li     x15, 0xa
#1037 0 800000f2 02f747b3 r 0f         00000005  div      x15, x14, x15
#1038 0 800000f6 fef42623 m f004107c   00000005  sw       x15, -0x14(x8)
#1039 0 800000fa fec42783 r 0f         00000005  lw       x15, -0x14(x8)
#1040 0 800000fe fcf04de3 r 00         00000000  blt      x0, x15, . - 0x26
#1041 0 800000d8 f00407b7 r 0f         f0040000  lui      x15, -0xffc0
#1042 0 800000dc 0887a783 r 0f         00000001  lw       x15, 0x88(x15)
#1043 0 800000e0 00178713 r 0e         00000002  addi     x14, x15, 0x1
#1044 0 800000e4 f00407b7 r 0f         f0040000  lui      x15, -0xffc0
#1045 0 800000e8 08e7a423 m f0040088   00000002  sw       x14, 0x88(x15)
#1046 0 800000ec fec42703 r 0e         00000005  lw       x14, -0x14(x8)
#1047 0 800000f0     47a9 r 0f         0000000a  c.li     x15, 0xa
#1048 0 800000f2 02f747b3 r 0f         00000000  div      x15, x14, x15
#1049 0 800000f6 fef42623 m f004107c   00000000  sw       x15, -0x14(x8)
#1050 0 800000fa fec42783 r 0f         00000000  lw       x15, -0x14(x8)
#1051 0 800000fe fcf04de3 r 00         00000000  blt      x0, x15, . - 0x26
#1052 0 80000102 f00407b7 r 0f         f0040000  lui      x15, -0xffc0
#1053 0 80000106 0847a703 r 0e         00000002  lw       x14, 0x84(x15)
#1054 0 8000010a f00407b7 r 0f         f0040000  lui      x15, -0xffc0
#1055 0 8000010e 0887a783 r 0f         00000002  lw       x15, 0x88(x15)
#1056 0 80000112 00f75a63 r 00         00000000  bge      x14, x15, . + 0x14
#1057 0 80000126 f00407b7 r 0f         f0040000  lui      x15, -0xffc0
#1058 0 8000012a 0807a423 m f0040088   00000000  sw       x0, 0x88(x15)
#1059 0 8000012e f00407b7 r 0f         f0040000  lui      x15, -0xffc0
#1060 0 80000132 0747a783 r 0f         0000000d  lw       x15, 0x74(x15)
#1061 0 80000136 00178713 r 0e         0000000e  addi     x14, x15, 0x1
#1062 0 8000013a f00407b7 r 0f         f0040000  lui      x15, -0xffc0
#1063 0 8000013e 06e7aa23 m f0040074   0000000e  sw       x14, 0x74(x15)
#1064 0 80000142 f00407b7 r 0f         f0040000  lui      x15, -0xffc0
#1065 0 80000146 0747a703 r 0e         0000000e  lw       x14, 0x74(x15)
#1066 0 8000014a f00407b7 r 0f         f0040000  lui      x15, -0xffc0
#1067 0 8000014e 0387a783 r 0f         0000000e  lw       x15, 0x38(x15)
#1068 0 80000152 f6f745e3 r 00         00000000  blt      x14, x15, . - 0x96
#1069 0 80000156     a809 r 00         00000000  c.j      . + 0x12
#1070 0 80000168 f00407b7 r 0f         f0040000  lui      x15, -0xffc0
#1071 0 8000016c 0847a783 r 0f         00000002  lw       x15, 0x84(x15)
#1072 0 80000170 fff78713 r 0e         00000001  addi     x14, x15, -0x1
#1073 0 80000174 f00407b7 r 0f         f0040000  lui      x15, -0xffc0
#1074 0 80000178 08e7a223 m f0040084   00000001  sw       x14, 0x84(x15)
#1075 0 8000017c f00407b7 r 0f         f0040000  lui      x15, -0xffc0
#1076 0 80000180 0847a783 r 0f         00000001  lw       x15, 0x84(x15)
#1077 0 80000184     fbf1 r 00         00000000  c.bnez   x15, . - 0x2c
#1078 0 80000158 fe842703 r 0e         00000001  lw       x14, -0x18(x8)
#1079 0 8000015c     87ba r 0f         00000001  c.mv     x15, x14
#1080 0 8000015e     078a r 0f         00000004  c.slli   x15, 2
#1081 0 80000160     97ba r 0f         00000005  c.add    x15, x14
#1082 0 80000162     0786 r 0f         0000000a  c.slli   x15, 1
#1083 0 80000164 fef42423 m f0041078   0000000a  sw       x15, -0x18(x8)
#1084 0 80000168 f00407b7 r 0f         f0040000  lui      x15, -0xffc0
#1085 0 8000016c 0847a783 r 0f         00000001  lw       x15, 0x84(x15)
#1086 0 80000170 fff78713 r 0e         00000000  addi     x14, x15, -0x1
#1087 0 80000174 f00407b7 r 0f         f0040000  lui      x15, -0xffc0
#1088 0 80000178 08e7a223 m f0040084   00000000  sw       x14, 0x84(x15)
#1089 0 8000017c f00407b7 r 0f         f0040000  lui      x15, -0xffc0
#1090 0 80000180 0847a783 r 0f         00000000  lw       x15, 0x84(x15)
#1091 0 80000184     fbf1 r 00         00000000  c.bnez   x15, . - 0x2c
#1092 0 80000186 f00407b7 r 0f         f0040000  lui      x15, -0xffc0
#1093 0 8000018a 0607aa23 m f0040074   00000000  sw       x0, 0x74(x15)
#1094 0 8000018e     a24d r 00         00000000  c.j      . + 0x1a2
#1095 0 80000330 f00407b7 r 0f         f0040000  lui      x15, -0xffc0
#1096 0 80000334 0747a703 r 0e         00000000  lw       x14, 0x74(x15)
#1097 0 80000338 f00407b7 r 0f         f0040000  lui      x15, -0xffc0
#1098 0 8000033c 0387a783 r 0f         0000000e  lw       x15, 0x38(x15)
#1099 0 80000340 e4f748e3 r 00         00000000  blt      x14, x15, . - 0x1b0
#1100 0 80000190 f00407b7 r 0f         f0040000  lui      x15, -0xffc0
#1101 0 80000194 0747a783 r 0f         00000000  lw       x15, 0x74(x15)
#1102 0 80000198 f0040737 r 0e         f0040000  lui      x14, -0xffc0
#1103 0 8000019c 00070713 r 0e         f0040000  addi     x14, x14, 0x0
#1104 0 800001a0     078a r 0f         00000000  c.slli   x15, 2
#1105 0 800001a2     97ba r 0f         f0040000  c.add    x15, x14
#1106 0 800001a4     4398 r 0e         0000002d  c.lw     x14, 0x0(x15)
#1107 0 800001a6 fe842783 r 0f         0000000a  lw       x15, -0x18(x8)
#1108 0 800001aa 02f74733 r 0e         00000004  div      x14, x14, x15
#1109 0 800001ae f00407b7 r 0f         f0040000  lui      x15, -0xffc0
#1110 0 800001b2 08e7a023 m f0040080   00000004  sw       x14, 0x80(x15)
#1111 0 800001b6 f00407b7 r 0f         f0040000  lui      x15, -0xffc0
#1112 0 800001ba 0747a783 r 0f         00000000  lw       x15, 0x74(x15)
#1113 0 800001be fef42623 m f004107c   00000000  sw       x15, -0x14(x8)
#1114 0 800001c2 f00407b7 r 0f         f0040000  lui      x15, -0xffc0
#1115 0 800001c6 0747a783 r 0f         00000000  lw       x15, 0x74(x15)
#1116 0 800001ca 00178713 r 0e         00000001  addi     x14, x15, 0x1
#1117 0 800001ce f00407b7 r 0f         f0040000  lui      x15, -0xffc0
#1118 0 800001d2 06e7ac23 m f0040078   00000001  sw       x14, 0x78(x15)
#1119 0 800001d6     a88d r 00         00000000  c.j      . + 0x72
#1120 0 80000248 f00407b7 r 0f         f0040000  lui      x15, -0xffc0
#1121 0 8000024c 0787a703 r 0e         00000001  lw       x14, 0x78(x15)
#1122 0 80000250 f00407b7 r 0f         f0040000  lui      x15, -0xffc0
#1123 0 80000254 0387a783 r 0f         0000000e  lw       x15, 0x38(x15)
#1124 0 80000258 f8f740e3 r 00         00000000  blt      x14, x15, . - 0x80
#1125 0 800001d8 f00407b7 r 0f         f0040000  lui      x15, -0xffc0
#1126 0 800001dc 0787a783 r 0f         00000001  lw       x15, 0x78(x15)
#1127 0 800001e0 f0040737 r 0e         f0040000  lui      x14, -0xffc0
#1128 0 800001e4 00070713 r 0e         f0040000  addi     x14, x14, 0x0
#1129 0 800001e8     078a r 0f         00000004  c.slli   x15, 2
#1130 0 800001ea     97ba r 0f         f0040004  c.add    x15, x14
#1131 0 800001ec     4398 r 0e         00000043  c.lw     x14, 0x0(x15)
#1132 0 800001ee fe842783 r 0f         0000000a  lw       x15, -0x18(x8)
#1133 0 800001f2 02f74733 r 0e         00000006  div      x14, x14, x15
#1134 0 800001f6 f00407b7 r 0f         f0040000  lui      x15, -0xffc0
#1135 0 800001fa 0807a783 r 0f         00000004  lw       x15, 0x80(x15)
#1136 0 800001fe 02f75b63 r 00         00000000  bge      x14, x15, . + 0x36
#1137 0 80000234 f00407b7 r 0f         f0040000  lui      x15, -0xffc0
#1138 0 80000238 0787a783 r 0f         00000001  lw       x15, 0x78(x15)
#1139 0 8000023c 00178713 r 0e         00000002  addi     x14, x15, 0x1
#1140 0 80000240 f00407b7 r 0f         f0040000  lui      x15, -0xffc0
#1141 0 80000244 06e7ac23 m f0040078   00000002  sw       x14, 0x78(x15)
#1142 0 80000248 f00407b7 r 0f         f0040000  lui      x15, -0xffc0
#1143 0 8000024c 0787a703 r 0e         00000002  lw       x14, 0x78(x15)
#1144 0 80000250 f00407b7 r 0f         f0040000  lui      x15, -0xffc0
#1145 0 80000254 0387a783 r 0f         0000000e  lw       x15, 0x38(x15)
#1146 0 80000258 f8f740e3 r 00         00000000  blt      x14, x15, . - 0x80
#1147 0 800001d8 f00407b7 r 0f         f0040000  lui      x15, -0xffc0
#1148 0 800001dc 0787a783 r 0f         00000002  lw       x15, 0x78(x15)
#1149 0 800001e0 f0040737 r 0e         f0040000  lui      x14, -0xffc0
#1150 0 800001e4 00070713 r 0e         f0040000  addi     x14, x14, 0x0
#1151 0 800001e8     078a r 0f         00000008  c.slli   x15, 2
#1152 0 800001ea     97ba r 0f         f0040008  c.add    x15, x14
#1153 0 800001ec     4398 r 0e         0000000c  c.lw     x14, 0x0(x15)
#1154 0 800001ee fe842783 r 0f         0000000a  lw       x15, -0x18(x8)
#1155 0 800001f2 02f74733 r 0e         00000001  div      x14, x14, x15
#1156 0 800001f6 f00407b7 r 0f         f0040000  lui      x15, -0xffc0
#1157 0 800001fa 0807a783 r 0f         00000004  lw       x15, 0x80(x15)
#1158 0 800001fe 02f75b63 r 00         00000000  bge      x14, x15, . + 0x36
#1159 0 80000202 f00407b7 r 0f         f0040000  lui      x15, -0xffc0
#1160 0 80000206 0787a783 r 0f         00000002  lw       x15, 0x78(x15)
#1161 0 8000020a f0040737 r 0e         f0040000  lui      x14, -0xffc0
#1162 0 8000020e 00070713 r 0e         f0040000  addi     x14, x14, 0x0
#1163 0 80000212     078a r 0f         00000008  c.slli   x15, 2
#1164 0 80000214     97ba r 0f         f0040008  c.add    x15, x14
#1165 0 80000216     4398 r 0e         0000000c  c.lw     x14, 0x0(x15)
#1166 0 80000218 fe842783 r 0f         0000000a  lw       x15, -0x18(x8)
#1167 0 8000021c 02f74733 r 0e         00000001  div      x14, x14, x15
#1168 0 80000220 f00407b7 r 0f         f0040000  lui      x15, -0xffc0
#1169 0 80000224 08e7a023 m f0040080   00000001  sw       x14, 0x80(x15)
#1170 0 80000228 f00407b7 r 0f         f0040000  lui      x15, -0xffc0
#1171 0 8000022c 0787a783 r 0f         00000002  lw       x15, 0x78(x15)
#1172 0 80000230 fef42623 m f004107c   00000002  sw       x15, -0x14(x8)
#1173 0 80000234 f00407b7 r 0f         f0040000  lui      x15, -0xffc0
#1174 0 80000238 0787a783 r 0f         00000002  lw       x15, 0x78(x15)
#1175 0 8000023c 00178713 r 0e         00000003  addi     x14, x15, 0x1
#1176 0 80000240 f00407b7 r 0f         f0040000  lui      x15, -0xffc0
#1177 0 80000244 06e7ac23 m f0040078   00000003  sw       x14, 0x78(x15)
#1178 0 80000248 f00407b7 r 0f         f0040000  lui      x15, -0xffc0
#1179 0 8000024c 0787a703 r 0e         00000003  lw       x14, 0x78(x15)
#1180 0 80000250 f00407b7 r 0f         f0040000  lui      x15, -0xffc0
#1181 0 80000254 0387a783 r 0f         0000000e  lw       x15, 0x38(x15)
#1182 0 80000258 f8f740e3 r 00         00000000  blt      x14, x15, . - 0x80
#1183 0 800001d8 f00407b7 r 0f         f0040000  lui      x15, -0xffc0
#1184 0 800001dc 0787a783 r 0f         00000003  lw       x15, 0x78(x15)
#1185 0 800001e0 f0040737 r 0e         f0040000  lui      x14, -0xffc0
#1186 0 800001e4 00070713 r 0e         f0040000  addi     x14, x14, 0x0
#1187 0 800001e8     078a r 0f         0000000c  c.slli   x15, 2
#1188 0 800001ea     97ba r 0f         f004000c  c.add    x15, x14
#1189 0 800001ec     4398 r 0e         00000059  c.lw     x14, 0x0(x15)
#1190 0 800001ee fe842783 r 0f         0000000a  lw       x15, -0x18(x8)
#1191 0 800001f2 02f74733 r 0e         00000008  div      x14, x14, x15
#1192 0 800001f6 f00407b7 r 0f         f0040000  lui      x15, -0xffc0
#1193 0 800001fa 0807a783 r 0f         00000001  lw       x15, 0x80(x15)
#1194 0 800001fe 02f75b63 r 00         00000000  bge      x14, x15, . + 0x36
#1195 0 80000234 f00407b7 r 0f         f0040000  lui      x15, -0xffc0
#1196 0 80000238 0787a783 r 0f         00000003  lw       x15, 0x78(x15)
#1197 0 8000023c 00178713 r 0e         00000004  addi     x14, x15, 0x1
#1198 0 80000240 f00407b7 r 0f         f0040000  lui      x15, -0xffc0
#1199 0 80000244 06e7ac23 m f0040078   00000004  sw       x14, 0x78(x15)
#1200 0 80000248 f00407b7 r 0f         f0040000  lui      x15, -0xffc0
#1201 0 8000024c 0787a703 r 0e         00000004  lw       x14, 0x78(x15)
#1202 0 80000250 f00407b7 r 0f         f0040000  lui      x15, -0xffc0
#1203 0 80000254 0387a783 r 0f         0000000e  lw       x15, 0x38(x15)
#1204 0 80000258 f8f740e3 r 00         00000000  blt      x14, x15, . - 0x80
#1205 0 800001d8 f00407b7 r 0f         f0040000  lui      x15, -0xffc0
#1206 0 800001dc 0787a783 r 0f         00000004  lw       x15, 0x78(x15)
#1207 0 800001e0 f0040737 r 0e         f0040000  lui      x14, -0xffc0
#1208 0 800001e4 00070713 r 0e         f0040000  addi     x14, x14, 0x0
#1209 0 800001e8     078a r 0f         00000010  c.slli   x15, 2
#1210 0 800001ea     97ba r 0f         f0040010  c.add    x15, x14
#1211 0 800001ec     4398 r 0e         0000002c  c.lw     x14, 0x0(x15)
#1212 0 800001ee fe842783 r 0f         0000000a  lw       x15, -0x18(x8)
#1213 0 800001f2 02f74733 r 0e         00000004  div      x14, x14, x15
#1214 0 800001f6 f00407b7 r 0f         f0040000  lui      x15, -0xffc0
#1215 0 800001fa 0807a783 r 0f         00000001  lw       x15, 0x80(x15)
#1216 0 800001fe 02f75b63 r 00         00000000  bge      x14, x15, . + 0x36
#1217 0 80000234 f00407b7 r 0f         f0040000  lui      x15, -0xffc0
#1218 0 80000238 0787a783 r 0f         00000004  lw       x15, 0x78(x15)
#1219 0 8000023c 00178713 r 0e         00000005  addi     x14, x15, 0x1
#1220 0 80000240 f00407b7 r 0f         f0040000  lui      x15, -0xffc0
#1221 0 80000244 06e7ac23 m f0040078   00000005  sw       x14, 0x78(x15)
#1222 0 80000248 f00407b7 r 0f         f0040000  lui      x15, -0xffc0
#1223 0 8000024c 0787a703 r 0e         00000005  lw       x14, 0x78(x15)
#1224 0 80000250 f00407b7 r 0f         f0040000  lui      x15, -0xffc0
#1225 0 80000254 0387a783 r 0f         0000000e  lw       x15, 0x38(x15)
#1226 0 80000258 f8f740e3 r 00         00000000  blt      x14, x15, . - 0x80
#1227 0 800001d8 f00407b7 r 0f         f0040000  lui      x15, -0xffc0
#1228 0 800001dc 0787a783 r 0f         00000005  lw       x15, 0x78(x15)
#1229 0 800001e0 f0040737 r 0e         f0040000  lui      x14, -0xffc0
#1230 0 800001e4 00070713 r 0e         f0040000  addi     x14, x14, 0x0
#1231 0 800001e8     078a r 0f         00000014  c.slli   x15, 2
#1232 0 800001ea     97ba r 0f         f0040014  c.add    x15, x14
#1233 0 800001ec     4398 r 0e         00000017  c.lw     x14, 0x0(x15)
#1234 0 800001ee fe842783 r 0f         0000000a  lw       x15, -0x18(x8)
#1235 0 800001f2 02f74733 r 0e         00000002  div      x14, x14, x15
#1236 0 800001f6 f00407b7 r 0f         f0040000  lui      x15, -0xffc0
#1237 0 800001fa 0807a783 r 0f         00000001  lw       x15, 0x80(x15)
#1238 0 800001fe 02f75b63 r 00         00000000  bge      x14, x15, . + 0x36
#1239 0 80000234 f00407b7 r 0f         f0040000  lui      x15, -0xffc0
#1240 0 80000238 0787a783 r 0f         00000005  lw       x15, 0x78(x15)
#1241 0 8000023c 00178713 r 0e         00000006  addi     x14, x15, 0x1
#1242 0 80000240 f00407b7 r 0f         f0040000  lui      x15, -0xffc0
#1243 0 80000244 06e7ac23 m f0040078   00000006  sw       x14, 0x78(x15)
#1244 0 80000248 f00407b7 r 0f         f0040000  lui      x15, -0xffc0
#1245 0 8000024c 0787a703 r 0e         00000006  lw       x14, 0x78(x15)
#1246 0 80000250 f00407b7 r 0f         f0040000  lui      x15, -0xffc0
#1247 0 80000254 0387a783 r 0f         0000000e  lw       x15, 0x38(x15)
#1248 0 80000258 f8f740e3 r 00         00000000  blt      x14, x15, . - 0x80
#1249 0 800001d8 f00407b7 r 0f         f0040000  lui      x15, -0xffc0
#1250 0 800001dc 0787a783 r 0f         00000006  lw       x15, 0x78(x15)
#1251 0 800001e0 f0040737 r 0e         f0040000  lui      x14, -0xffc0
#1252 0 800001e4 00070713 r 0e         f0040000  addi     x14, x14, 0x0
#1253 0 800001e8     078a r 0f         00000018  c.slli   x15, 2
#1254 0 800001ea     97ba r 0f         f0040018  c.add    x15, x14
#1255 0 800001ec     4398 r 0e         00000058  c.lw     x14, 0x0(x15)
#1256 0 800001ee fe842783 r 0f         0000000a  lw       x15, -0x18(x8)
#1257 0 800001f2 02f74733 r 0e         00000008  div      x14, x14, x15
#1258 0 800001f6 f00407b7 r 0f         f0040000  lui      x15, -0xffc0
#1259 0 800001fa 0807a783 r 0f         00000001  lw       x15, 0x80(x15)
#1260 0 800001fe 02f75b63 r 00         00000000  bge      x14, x15, . + 0x36
#1261 0 80000234 f00407b7 r 0f         f0040000  lui      x15, -0xffc0
#1262 0 80000238 0787a783 r 0f         00000006  lw       x15, 0x78(x15)
#1263 0 8000023c 00178713 r 0e         00000007  addi     x14, x15, 0x1
#1264 0 80000240 f00407b7 r 0f         f0040000  lui      x15, -0xffc0
#1265 0 80000244 06e7ac23 m f0040078   00000007  sw       x14, 0x78(x15)
#1266 0 80000248 f00407b7 r 0f         f0040000  lui      x15, -0xffc0
#1267 0 8000024c 0787a703 r 0e         00000007  lw       x14, 0x78(x15)
#1268 0 80000250 f00407b7 r 0f         f0040000  lui      x15, -0xffc0
#1269 0 80000254 0387a783 r 0f         0000000e  lw       x15, 0x38(x15)
#1270 0 80000258 f8f740e3 r 00         00000000  blt      x14, x15, . - 0x80
#1271 0 800001d8 f00407b7 r 0f         f0040000  lui      x15, -0xffc0
#1272 0 800001dc 0787a783 r 0f         00000007  lw       x15, 0x78(x15)
#1273 0 800001e0 f0040737 r 0e         f0040000  lui      x14, -0xffc0
#1274 0 800001e4 00070713 r 0e         f0040000  addi     x14, x14, 0x0
#1275 0 800001e8     078a r 0f         0000001c  c.slli   x15, 2
#1276 0 800001ea     97ba r 0f         f004001c  c.add    x15, x14
#1277 0 800001ec     4398 r 0e         0000000b  c.lw     x14, 0x0(x15)
#1278 0 800001ee fe842783 r 0f         0000000a  lw       x15, -0x18(x8)
#1279 0 800001f2 02f74733 r 0e         00000001  div      x14, x14, x15
#1280 0 800001f6 f00407b7 r 0f         f0040000  lui      x15, -0xffc0
#1281 0 800001fa 0807a783 r 0f         00000001  lw       x15, 0x80(x15)
#1282 0 800001fe 02f75b63 r 00         00000000  bge      x14, x15, . + 0x36
#1283 0 80000234 f00407b7 r 0f         f0040000  lui      x15, -0xffc0
#1284 0 80000238 0787a783 r 0f         00000007  lw       x15, 0x78(x15)
#1285 0 8000023c 00178713 r 0e         00000008  addi     x14, x15, 0x1
#1286 0 80000240 f00407b7 r 0f         f0040000  lui      x15, -0xffc0
#1287 0 80000244 06e7ac23 m f0040078   00000008  sw       x14, 0x78(x15)
#1288 0 80000248 f00407b7 r 0f         f0040000  lui      x15, -0xffc0
#1289 0 8000024c 0787a703 r 0e         00000008  lw       x14, 0x78(x15)
#1290 0 80000250 f00407b7 r 0f         f0040000  lui      x15, -0xffc0
#1291 0 80000254 0387a783 r 0f         0000000e  lw       x15, 0x38(x15)
#1292 0 80000258 f8f740e3 r 00         00000000  blt      x14, x15, . - 0x80
#1293 0 800001d8 f00407b7 r 0f         f0040000  lui      x15, -0xffc0
#1294 0 800001dc 0787a783 r 0f         00000008  lw       x15, 0x78(x15)
#1295 0 800001e0 f0040737 r 0e         f0040000  lui      x14, -0xffc0
#1296 0 800001e4 00070713 r 0e         f0040000  addi     x14, x14, 0x0
#1297 0 800001e8     078a r 0f         00000020  c.slli   x15, 2
#1298 0 800001ea     97ba r 0f         f0040020  c.add    x15, x14
#1299 0 800001ec     4398 r 0e         0000005a  c.lw     x14, 0x0(x15)
#1300 0 800001ee fe842783 r 0f         0000000a  lw       x15, -0x18(x8)
#1301 0 800001f2 02f74733 r 0e         00000009  div      x14, x14, x15
#1302 0 800001f6 f00407b7 r 0f         f0040000  lui      x15, -0xffc0
#1303 0 800001fa 0807a783 r 0f         00000001  lw       x15, 0x80(x15)
#1304 0 800001fe 02f75b63 r 00         00000000  bge      x14, x15, . + 0x36
#1305 0 80000234 f00407b7 r 0f         f0040000  lui      x15, -0xffc0
#1306 0 80000238 0787a783 r 0f         00000008  lw       x15, 0x78(x15)
#1307 0 8000023c 00178713 r 0e         00000009  addi     x14, x15, 0x1
#1308 0 80000240 f00407b7 r 0f         f0040000  lui      x15, -0xffc0
#1309 0 80000244 06e7ac23 m f0040078   00000009  sw       x14, 0x78(x15)
#1310 0 80000248 f00407b7 r 0f         f0040000  lui      x15, -0xffc0
#1311 0 8000024c 0787a703 r 0e         00000009  lw       x14, 0x78(x15)
#1312 0 80000250 f00407b7 r 0f         f0040000  lui      x15, -0xffc0
#1313 0 80000254 0387a783 r 0f         0000000e  lw       x15, 0x38(x15)
#1314 0 80000258 f8f740e3 r 00         00000000  blt      x14, x15, . - 0x80
#1315 0 800001d8 f00407b7 r 0f         f0040000  lui      x15, -0xffc0
#1316 0 800001dc 0787a783 r 0f         00000009  lw       x15, 0x78(x15)
#1317 0 800001e0 f0040737 r 0e         f0040000  lui      x14, -0xffc0
#1318 0 800001e4 00070713 r 0e         f0040000  addi     x14, x14, 0x0
#1319 0 800001e8     078a r 0f         00000024  c.slli   x15, 2
#1320 0 800001ea     97ba r 0f         f0040024  c.add    x15, x14
#1321 0 800001ec     4398 r 0e         00000048  c.lw     x14, 0x0(x15)
#1322 0 800001ee fe842783 r 0f         0000000a  lw       x15, -0x18(x8)
#1323 0 800001f2 02f74733 r 0e         00000007  div      x14, x14, x15
#1324 0 800001f6 f00407b7 r 0f         f0040000  lui      x15, -0xffc0
#1325 0 800001fa 0807a783 r 0f         00000001  lw       x15, 0x80(x15)
#1326 0 800001fe 02f75b63 r 00         00000000  bge      x14, x15, . + 0x36
#1327 0 80000234 f00407b7 r 0f         f0040000  lui      x15, -0xffc0
#1328 0 80000238 0787a783 r 0f         00000009  lw       x15, 0x78(x15)
#1329 0 8000023c 00178713 r 0e         0000000a  addi     x14, x15, 0x1
#1330 0 80000240 f00407b7 r 0f         f0040000  lui      x15, -0xffc0
#1331 0 80000244 06e7ac23 m f0040078   0000000a  sw       x14, 0x78(x15)
#1332 0 80000248 f00407b7 r 0f         f0040000  lui      x15, -0xffc0
#1333 0 8000024c 0787a703 r 0e         0000000a  lw       x14, 0x78(x15)
#1334 0 80000250 f00407b7 r 0f         f0040000  lui      x15, -0xffc0
#1335 0 80000254 0387a783 r 0f         0000000e  lw       x15, 0x38(x15)
#1336 0 80000258 f8f740e3 r 00         00000000  blt      x14, x15, . - 0x80
#1337 0 800001d8 f00407b7 r 0f         f0040000  lui      x15, -0xffc0
#1338 0 800001dc 0787a783 r 0f         0000000a  lw       x15, 0x78(x15)
#1339 0 800001e0 f0040737 r 0e         f0040000  lui      x14, -0xffc0
#1340 0 800001e4 00070713 r 0e         f0040000  addi     x14, x14, 0x0
#1341 0 800001e8     078a r 0f         00000028  c.slli   x15, 2
#1342 0 800001ea     97ba r 0f         f0040028  c.add    x15, x14
#1343 0 800001ec     4398 r 0e         0000004e  c.lw     x14, 0x0(x15)
#1344 0 800001ee fe842783 r 0f         0000000a  lw       x15, -0x18(x8)
#1345 0 800001f2 02f74733 r 0e         00000007  div      x14, x14, x15
#1346 0 800001f6 f00407b7 r 0f         f0040000  lui      x15, -0xffc0
#1347 0 800001fa 0807a783 r 0f         00000001  lw       x15, 0x80(x15)
#1348 0 800001fe 02f75b63 r 00         00000000  bge      x14, x15, . + 0x36
#1349 0 80000234 f00407b7 r 0f         f0040000  lui      x15, -0xffc0
#1350 0 80000238 0787a783 r 0f         0000000a  lw       x15, 0x78(x15)
#1351 0 8000023c 00178713 r 0e         0000000b  addi     x14, x15, 0x1
#1352 0 80000240 f00407b7 r 0f         f0040000  lui      x15, -0xffc0
#1353 0 80000244 06e7ac23 m f0040078   0000000b  sw       x14, 0x78(x15)
#1354 0 80000248 f00407b7 r 0f         f0040000  lui      x15, -0xffc0
#1355 0 8000024c 0787a703 r 0e         0000000b  lw       x14, 0x78(x15)
#1356 0 80000250 f00407b7 r 0f         f0040000  lui      x15, -0xffc0
#1357 0 80000254 0387a783 r 0f         0000000e  lw       x15, 0x38(x15)
#1358 0 80000258 f8f740e3 r 00         00000000  blt      x14, x15, . - 0x80
#1359 0 800001d8 f00407b7 r 0f         f0040000  lui      x15, -0xffc0
#1360 0 800001dc 0787a783 r 0f         0000000b  lw       x15, 0x78(x15)
#1361 0 800001e0 f0040737 r 0e         f0040000  lui      x14, -0xffc0
#1362 0 800001e4 00070713 r 0e         f0040000  addi     x14, x14, 0x0
#1363 0 800001e8     078a r 0f         0000002c  c.slli   x15, 2
#1364 0 800001ea     97ba r 0f         f004002c  c.add    x15, x14
#1365 0 800001ec     4398 r 0e         00000022  c.lw     x14, 0x0(x15)
#1366 0 800001ee fe842783 r 0f         0000000a  lw       x15, -0x18(x8)
#1367 0 800001f2 02f74733 r 0e         00000003  div      x14, x14, x15
#1368 0 800001f6 f00407b7 r 0f         f0040000  lui      x15, -0xffc0
#1369 0 800001fa 0807a783 r 0f         00000001  lw       x15, 0x80(x15)
#1370 0 800001fe 02f75b63 r 00         00000000  bge      x14, x15, . + 0x36
#1371 0 80000234 f00407b7 r 0f         f0040000  lui      x15, -0xffc0
#1372 0 80000238 0787a783 r 0f         0000000b  lw       x15, 0x78(x15)
#1373 0 8000023c 00178713 r 0e         0000000c  addi     x14, x15, 0x1
#1374 0 80000240 f00407b7 r 0f         f0040000  lui      x15, -0xffc0
#1375 0 80000244 06e7ac23 m f0040078   0000000c  sw       x14, 0x78(x15)
#1376 0 80000248 f00407b7 r 0f         f0040000  lui      x15, -0xffc0
#1377 0 8000024c 0787a703 r 0e         0000000c  lw       x14, 0x78(x15)
#1378 0 80000250 f00407b7 r 0f         f0040000  lui      x15, -0xffc0
#1379 0 80000254 0387a783 r 0f         0000000e  lw       x15, 0x38(x15)
#1380 0 80000258 f8f740e3 r 00         00000000  blt      x14, x15, . - 0x80
#1381 0 800001d8 f00407b7 r 0f         f0040000  lui      x15, -0xffc0
#1382 0 800001dc 0787a783 r 0f         0000000c  lw       x15, 0x78(x15)
#1383 0 800001e0 f0040737 r 0e         f0040000  lui      x14, -0xffc0
#1384 0 800001e4 00070713 r 0e         f0040000  addi     x14, x14, 0x0
#1385 0 800001e8     078a r 0f         00000030  c.slli   x15, 2
#1386 0 800001ea     97ba r 0f         f0040030  c.add    x15, x14
#1387 0 800001ec     4398 r 0e         00000042  c.lw     x14, 0x0(x15)
#1388 0 800001ee fe842783 r 0f         0000000a  lw       x15, -0x18(x8)
#1389 0 800001f2 02f74733 r 0e         00000006  div      x14, x14, x15
#1390 0 800001f6 f00407b7 r 0f         f0040000  lui      x15, -0xffc0
#1391 0 800001fa 0807a783 r 0f         00000001  lw       x15, 0x80(x15)
#1392 0 800001fe 02f75b63 r 00         00000000  bge      x14, x15, . + 0x36
#1393 0 80000234 f00407b7 r 0f         f0040000  lui      x15, -0xffc0
#1394 0 80000238 0787a783 r 0f         0000000c  lw       x15, 0x78(x15)
#1395 0 8000023c 00178713 r 0e         0000000d  addi     x14, x15, 0x1
#1396 0 80000240 f00407b7 r 0f         f0040000  lui      x15, -0xffc0
#1397 0 80000244 06e7ac23 m f0040078   0000000d  sw       x14, 0x78(x15)
#1398 0 80000248 f00407b7 r 0f         f0040000  lui      x15, -0xffc0
#1399 0 8000024c 0787a703 r 0e         0000000d  lw       x14, 0x78(x15)
#1400 0 80000250 f00407b7 r 0f         f0040000  lui      x15, -0xffc0
#1401 0 80000254 0387a783 r 0f         0000000e  lw       x15, 0x38(x15)
#1402 0 80000258 f8f740e3 r 00         00000000  blt      x14, x15, . - 0x80
#1403 0 800001d8 f00407b7 r 0f         f0040000  lui      x15, -0xffc0
#1404 0 800001dc 0787a783 r 0f         0000000d  lw       x15, 0x78(x15)
#1405 0 800001e0 f0040737 r 0e         f0040000  lui      x14, -0xffc0
#1406 0 800001e4 00070713 r 0e         f0040000  addi     x14, x14, 0x0
#1407 0 800001e8     078a r 0f         00000034  c.slli   x15, 2
#1408 0 800001ea     97ba r 0f         f0040034  c.add    x15, x14
#1409 0 800001ec     4398 r 0e         00000037  c.lw     x14, 0x0(x15)
#1410 0 800001ee fe842783 r 0f         0000000a  lw       x15, -0x18(x8)
#1411 0 800001f2 02f74733 r 0e         00000005  div      x14, x14, x15
#1412 0 800001f6 f00407b7 r 0f         f0040000  lui      x15, -0xffc0
#1413 0 800001fa 0807a783 r 0f         00000001  lw       x15, 0x80(x15)
#1414 0 800001fe 02f75b63 r 00         00000000  bge      x14, x15, . + 0x36
#1415 0 80000234 f00407b7 r 0f         f0040000  lui      x15, -0xffc0
#1416 0 80000238 0787a783 r 0f         0000000d  lw       x15, 0x78(x15)
#1417 0 8000023c 00178713 r 0e         0000000e  addi     x14, x15, 0x1
#1418 0 80000240 f00407b7 r 0f         f0040000  lui      x15, -0xffc0
#1419 0 80000244 06e7ac23 m f0040078   0000000e  sw       x14, 0x78(x15)
#1420 0 80000248 f00407b7 r 0f         f0040000  lui      x15, -0xffc0
#1421 0 8000024c 0787a703 r 0e         0000000e  lw       x14, 0x78(x15)
#1422 0 80000250 f00407b7 r 0f         f0040000  lui      x15, -0xffc0
#1423 0 80000254 0387a783 r 0f         0000000e  lw       x15, 0x38(x15)
#1424 0 80000258 f8f740e3 r 00         00000000  blt      x14, x15, . - 0x80
#1425 0 8000025c f00407b7 r 0f         f0040000  lui      x15, -0xffc0
#1426 0 80000260 03c78713 r 0e         f004003c  addi     x14, x15, 0x3c
#1427 0 80000264 fec42783 r 0f         00000002  lw       x15, -0x14(x8)
#1428 0 80000268     078a r 0f         00000008  c.slli   x15, 2
#1429 0 8000026a     97ba r 0f         f0040044  c.add    x15, x14
#1430 0 8000026c     4398 r 0e         0000000c  c.lw     x14, 0x0(x15)
#1431 0 8000026e f00407b7 r 0f         f0040000  lui      x15, -0xffc0
#1432 0 80000272 06e7ae23 m f004007c   0000000c  sw       x14, 0x7c(x15)
#1433 0 80000276 f00407b7 r 0f         f0040000  lui      x15, -0xffc0
#1434 0 8000027a 0747a783 r 0f         00000000  lw       x15, 0x74(x15)
#1435 0 8000027e f0040737 r 0e         f0040000  lui      x14, -0xffc0
#1436 0 80000282 03c70713 r 0e         f004003c  addi     x14, x14, 0x3c
#1437 0 80000286     078a r 0f         00000000  c.slli   x15, 2
#1438 0 80000288     97ba r 0f         f004003c  c.add    x15, x14
#1439 0 8000028a     4398 r 0e         0000002d  c.lw     x14, 0x0(x15)
#1440 0 8000028c f00407b7 r 0f         f0040000  lui      x15, -0xffc0
#1441 0 80000290 03c78693 r 0d         f004003c  addi     x13, x15, 0x3c
#1442 0 80000294 fec42783 r 0f         00000002  lw       x15, -0x14(x8)
#1443 0 80000298     078a r 0f         00000008  c.slli   x15, 2
#1444 0 8000029a     97b6 r 0f         f0040044  c.add    x15, x13
#1445 0 8000029c     c398 m f0040044   0000002d  c.sw     x14, 0x0(x15)
#1446 0 8000029e f00407b7 r 0f         f0040000  lui      x15, -0xffc0
#1447 0 800002a2 0747a783 r 0f         00000000  lw       x15, 0x74(x15)
#1448 0 800002a6 f0040737 r 0e         f0040000  lui      x14, -0xffc0
#1449 0 800002aa 07c72703 r 0e         0000000c  lw       x14, 0x7c(x14)
#1450 0 800002ae f00406b7 r 0d         f0040000  lui      x13, -0xffc0
#1451 0 800002b2 03c68693 r 0d         f004003c  addi     x13, x13, 0x3c
#1452 0 800002b6     078a r 0f         00000000  c.slli   x15, 2
#1453 0 800002b8     97b6 r 0f         f004003c  c.add    x15, x13
#1454 0 800002ba     c398 m f004003c   0000000c  c.sw     x14, 0x0(x15)
#1455 0 800002bc f00407b7 r 0f         f0040000  lui      x15, -0xffc0
#1456 0 800002c0 00078713 r 0e         f0040000  addi     x14, x15, 0x0
#1457 0 800002c4 fec42783 r 0f         00000002  lw       x15, -0x14(x8)
#1458 0 800002c8     078a r 0f         00000008  c.slli   x15, 2
#1459 0 800002ca     97ba r 0f         f0040008  c.add    x15, x14
#1460 0 800002cc     4398 r 0e         0000000c  c.lw     x14, 0x0(x15)
#1461 0 800002ce f00407b7 r 0f         f0040000  lui      x15, -0xffc0
#1462 0 800002d2 06e7ae23 m f004007c   0000000c  sw       x14, 0x7c(x15)
#1463 0 800002d6 f00407b7 r 0f         f0040000  lui      x15, -0xffc0
#1464 0 800002da 0747a783 r 0f         00000000  lw       x15, 0x74(x15)
#1465 0 800002de f0040737 r 0e         f0040000  lui      x14, -0xffc0
#1466 0 800002e2 00070713 r 0e         f0040000  addi     x14, x14, 0x0
#1467 0 800002e6     078a r 0f         00000000  c.slli   x15, 2
#1468 0 800002e8     97ba r 0f         f0040000  c.add    x15, x14
#1469 0 800002ea     4398 r 0e         0000002d  c.lw     x14, 0x0(x15)
#1470 0 800002ec f00407b7 r 0f         f0040000  lui      x15, -0xffc0
#1471 0 800002f0 00078693 r 0d         f0040000  addi     x13, x15, 0x0
#1472 0 800002f4 fec42783 r 0f         00000002  lw       x15, -0x14(x8)
#1473 0 800002f8     078a r 0f         00000008  c.slli   x15, 2
#1474 0 800002fa     97b6 r 0f         f0040008  c.add    x15, x13
#1475 0 800002fc     c398 m f0040008   0000002d  c.sw     x14, 0x0(x15)
#1476 0 800002fe f00407b7 r 0f         f0040000  lui      x15, -0xffc0
#1477 0 80000302 0747a783 r 0f         00000000  lw       x15, 0x74(x15)
#1478 0 80000306 f0040737 r 0e         f0040000  lui      x14, -0xffc0
#1479 0 8000030a 07c72703 r 0e         0000000c  lw       x14, 0x7c(x14)
#1480 0 8000030e f00406b7 r 0d         f0040000  lui      x13, -0xffc0
#1481 0 80000312 00068693 r 0d         f0040000  addi     x13, x13, 0x0
#1482 0 80000316     078a r 0f         00000000  c.slli   x15, 2
#1483 0 80000318     97b6 r 0f         f0040000  c.add    x15, x13
#1484 0 8000031a     c398 m f0040000   0000000c  c.sw     x14, 0x0(x15)
#1485 0 8000031c f00407b7 r 0f         f0040000  lui      x15, -0xffc0
#1486 0 80000320 0747a783 r 0f         00000000  lw       x15, 0x74(x15)
#1487 0 80000324 00178713 r 0e         00000001  addi     x14, x15, 0x1
#1488 0 80000328 f00407b7 r 0f         f0040000  lui      x15, -0xffc0
#1489 0 8000032c 06e7aa23 m f0040074   00000001  sw       x14, 0x74(x15)
#1490 0 80000330 f00407b7 r 0f         f0040000  lui      x15, -0xffc0
#1491 0 80000334 0747a703 r 0e         00000001  lw       x14, 0x74(x15)
#1492 0 80000338 f00407b7 r 0f         f0040000  lui      x15, -0xffc0
#1493 0 8000033c 0387a783 r 0f         0000000e  lw       x15, 0x38(x15)
#1494 0 80000340 e4f748e3 r 00         00000000  blt      x14, x15, . - 0x1b0
#1495 0 80000190 f00407b7 r 0f         f0040000  lui      x15, -0xffc0
#1496 0 80000194 0747a783 r 0f         00000001  lw       x15, 0x74(x15)
#1497 0 80000198 f0040737 r 0e         f0040000  lui      x14, -0xffc0
#1498 0 8000019c 00070713 r 0e         f0040000  addi     x14, x14, 0x0
#1499 0 800001a0     078a r 0f         00000004  c.slli   x15, 2
#1500 0 800001a2     97ba r 0f         f0040004  c.add    x15, x14
#1501 0 800001a4     4398 r 0e         00000043  c.lw     x14, 0x0(x15)
#1502 0 800001a6 fe842783 r 0f         0000000a  lw       x15, -0x18(x8)
#1503 0 800001aa 02f74733 r 0e         00000006  div      x14, x14, x15
#1504 0 800001ae f00407b7 r 0f         f0040000  lui      x15, -0xffc0
#1505 0 800001b2 08e7a023 m f0040080   00000006  sw       x14, 0x80(x15)
#1506 0 800001b6 f00407b7 r 0f         f0040000  lui      x15, -0xffc0
#1507 0 800001ba 0747a783 r 0f         00000001  lw       x15, 0x74(x15)
#1508 0 800001be fef42623 m f004107c   00000001  sw       x15, -0x14(x8)
#1509 0 800001c2 f00407b7 r 0f         f0040000  lui      x15, -0xffc0
#1510 0 800001c6 0747a783 r 0f         00000001  lw       x15, 0x74(x15)
#1511 0 800001ca 00178713 r 0e         00000002  addi     x14, x15, 0x1
#1512 0 800001ce f00407b7 r 0f         f0040000  lui      x15, -0xffc0
#1513 0 800001d2 06e7ac23 m f0040078   00000002  sw       x14, 0x78(x15)
#1514 0 800001d6     a88d r 00         00000000  c.j      . + 0x72
#1515 0 80000248 f00407b7 r 0f         f0040000  lui      x15, -0xffc0
#1516 0 8000024c 0787a703 r 0e         00000002  lw       x14, 0x78(x15)
#1517 0 80000250 f00407b7 r 0f         f0040000  lui      x15, -0xffc0
#1518 0 80000254 0387a783 r 0f         0000000e  lw       x15, 0x38(x15)
#1519 0 80000258 f8f740e3 r 00         00000000  blt      x14, x15, . - 0x80
#1520 0 800001d8 f00407b7 r 0f         f0040000  lui      x15, -0xffc0
#1521 0 800001dc 0787a783 r 0f         00000002  lw       x15, 0x78(x15)
#1522 0 800001e0 f0040737 r 0e         f0040000  lui      x14, -0xffc0
#1523 0 800001e4 00070713 r 0e         f0040000  addi     x14, x14, 0x0
#1524 0 800001e8     078a r 0f         00000008  c.slli   x15, 2
#1525 0 800001ea     97ba r 0f         f0040008  c.add    x15, x14
#1526 0 800001ec     4398 r 0e         0000002d  c.lw     x14, 0x0(x15)
#1527 0 800001ee fe842783 r 0f         0000000a  lw       x15, -0x18(x8)
#1528 0 800001f2 02f74733 r 0e         00000004  div      x14, x14, x15
#1529 0 800001f6 f00407b7 r 0f         f0040000  lui      x15, -0xffc0
#1530 0 800001fa 0807a783 r 0f         00000006  lw       x15, 0x80(x15)
#1531 0 800001fe 02f75b63 r 00         00000000  bge      x14, x15, . + 0x36
#1532 0 80000202 f00407b7 r 0f         f0040000  lui      x15, -0xffc0
#1533 0 80000206 0787a783 r 0f         00000002  lw       x15, 0x78(x15)
#1534 0 8000020a f0040737 r 0e         f0040000  lui      x14, -0xffc0
#1535 0 8000020e 00070713 r 0e         f0040000  addi     x14, x14, 0x0
#1536 0 80000212     078a r 0f         00000008  c.slli   x15, 2
#1537 0 80000214     97ba r 0f         f0040008  c.add    x15, x14
#1538 0 80000216     4398 r 0e         0000002d  c.lw     x14, 0x0(x15)
#1539 0 80000218 fe842783 r 0f         0000000a  lw       x15, -0x18(x8)
#1540 0 8000021c 02f74733 r 0e         00000004  div      x14, x14, x15
#1541 0 80000220 f00407b7 r 0f         f0040000  lui      x15, -0xffc0
#1542 0 80000224 08e7a023 m f0040080   00000004  sw       x14, 0x80(x15)
#1543 0 80000228 f00407b7 r 0f         f0040000  lui      x15, -0xffc0
#1544 0 8000022c 0787a783 r 0f         00000002  lw       x15, 0x78(x15)
#1545 0 80000230 fef42623 m f004107c   00000002  sw       x15, -0x14(x8)
#1546 0 80000234 f00407b7 r 0f         f0040000  lui      x15, -0xffc0
#1547 0 80000238 0787a783 r 0f         00000002  lw       x15, 0x78(x15)
#1548 0 8000023c 00178713 r 0e         00000003  addi     x14, x15, 0x1
#1549 0 80000240 f00407b7 r 0f         f0040000  lui      x15, -0xffc0
#1550 0 80000244 06e7ac23 m f0040078   00000003  sw       x14, 0x78(x15)
#1551 0 80000248 f00407b7 r 0f         f0040000  lui      x15, -0xffc0
#1552 0 8000024c 0787a703 r 0e         00000003  lw       x14, 0x78(x15)
#1553 0 80000250 f00407b7 r 0f         f0040000  lui      x15, -0xffc0
#1554 0 80000254 0387a783 r 0f         0000000e  lw       x15, 0x38(x15)
#1555 0 80000258 f8f740e3 r 00         00000000  blt      x14, x15, . - 0x80
#1556 0 800001d8 f00407b7 r 0f         f0040000  lui      x15, -0xffc0
#1557 0 800001dc 0787a783 r 0f         00000003  lw       x15, 0x78(x15)
#1558 0 800001e0 f0040737 r 0e         f0040000  lui      x14, -0xffc0
#1559 0 800001e4 00070713 r 0e         f0040000  addi     x14, x14, 0x0
#1560 0 800001e8     078a r 0f         0000000c  c.slli   x15, 2
#1561 0 800001ea     97ba r 0f         f004000c  c.add    x15, x14
#1562 0 800001ec     4398 r 0e         00000059  c.lw     x14, 0x0(x15)
#1563 0 800001ee fe842783 r 0f         0000000a  lw       x15, -0x18(x8)
#1564 0 800001f2 02f74733 r 0e         00000008  div      x14, x14, x15
#1565 0 800001f6 f00407b7 r 0f         f0040000  lui      x15, -0xffc0
#1566 0 800001fa 0807a783 r 0f         00000004  lw       x15, 0x80(x15)
#1567 0 800001fe 02f75b63 r 00         00000000  bge      x14, x15, . + 0x36
#1568 0 80000234 f00407b7 r 0f         f0040000  lui      x15, -0xffc0
#1569 0 80000238 0787a783 r 0f         00000003  lw       x15, 0x78(x15)
#1570 0 8000023c 00178713 r 0e         00000004  addi     x14, x15, 0x1
#1571 0 80000240 f00407b7 r 0f         f0040000  lui      x15, -0xffc0
#1572 0 80000244 06e7ac23 m f0040078   00000004  sw       x14, 0x78(x15)
#1573 0 80000248 f00407b7 r 0f         f0040000  lui      x15, -0xffc0
#1574 0 8000024c 0787a703 r 0e         00000004  lw       x14, 0x78(x15)
#1575 0 80000250 f00407b7 r 0f         f0040000  lui      x15, -0xffc0
#1576 0 80000254 0387a783 r 0f         0000000e  lw       x15, 0x38(x15)
#1577 0 80000258 f8f740e3 r 00         00000000  blt      x14, x15, . - 0x80
#1578 0 800001d8 f00407b7 r 0f         f0040000  lui      x15, -0xffc0
#1579 0 800001dc 0787a783 r 0f         00000004  lw       x15, 0x78(x15)
#1580 0 800001e0 f0040737 r 0e         f0040000  lui      x14, -0xffc0
#1581 0 800001e4 00070713 r 0e         f0040000  addi     x14, x14, 0x0
#1582 0 800001e8     078a r 0f         00000010  c.slli   x15, 2
#1583 0 800001ea     97ba r 0f         f0040010  c.add    x15, x14
#1584 0 800001ec     4398 r 0e         0000002c  c.lw     x14, 0x0(x15)
#1585 0 800001ee fe842783 r 0f         0000000a  lw       x15, -0x18(x8)
#1586 0 800001f2 02f74733 r 0e         00000004  div      x14, x14, x15
#1587 0 800001f6 f00407b7 r 0f         f0040000  lui      x15, -0xffc0
#1588 0 800001fa 0807a783 r 0f         00000004  lw       x15, 0x80(x15)
#1589 0 800001fe 02f75b63 r 00         00000000  bge      x14, x15, . + 0x36
#1590 0 80000234 f00407b7 r 0f         f0040000  lui      x15, -0xffc0
#1591 0 80000238 0787a783 r 0f         00000004  lw       x15, 0x78(x15)
#1592 0 8000023c 00178713 r 0e         00000005  addi     x14, x15, 0x1
#1593 0 80000240 f00407b7 r 0f         f0040000  lui      x15, -0xffc0
#1594 0 80000244 06e7ac23 m f0040078   00000005  sw       x14, 0x78(x15)
#1595 0 80000248 f00407b7 r 0f         f0040000  lui      x15, -0xffc0
#1596 0 8000024c 0787a703 r 0e         00000005  lw       x14, 0x78(x15)
#1597 0 80000250 f00407b7 r 0f         f0040000  lui      x15, -0xffc0
#1598 0 80000254 0387a783 r 0f         0000000e  lw       x15, 0x38(x15)
#1599 0 80000258 f8f740e3 r 00         00000000  blt      x14, x15, . - 0x80
#1600 0 800001d8 f00407b7 r 0f         f0040000  lui      x15, -0xffc0
#1601 0 800001dc 0787a783 r 0f         00000005  lw       x15, 0x78(x15)
#1602 0 800001e0 f0040737 r 0e         f0040000  lui      x14, -0xffc0
#1603 0 800001e4 00070713 r 0e         f0040000  addi     x14, x14, 0x0
#1604 0 800001e8     078a r 0f         00000014  c.slli   x15, 2
#1605 0 800001ea     97ba r 0f         f0040014  c.add    x15, x14
#1606 0 800001ec     4398 r 0e         00000017  c.lw     x14, 0x0(x15)
#1607 0 800001ee fe842783 r 0f         0000000a  lw       x15, -0x18(x8)
#1608 0 800001f2 02f74733 r 0e         00000002  div      x14, x14, x15
#1609 0 800001f6 f00407b7 r 0f         f0040000  lui      x15, -0xffc0
#1610 0 800001fa 0807a783 r 0f         00000004  lw       x15, 0x80(x15)
#1611 0 800001fe 02f75b63 r 00         00000000  bge      x14, x15, . + 0x36
#1612 0 80000202 f00407b7 r 0f         f0040000  lui      x15, -0xffc0
#1613 0 80000206 0787a783 r 0f         00000005  lw       x15, 0x78(x15)
#1614 0 8000020a f0040737 r 0e         f0040000  lui      x14, -0xffc0
#1615 0 8000020e 00070713 r 0e         f0040000  addi     x14, x14, 0x0
#1616 0 80000212     078a r 0f         00000014  c.slli   x15, 2
#1617 0 80000214     97ba r 0f         f0040014  c.add    x15, x14
#1618 0 80000216     4398 r 0e         00000017  c.lw     x14, 0x0(x15)
#1619 0 80000218 fe842783 r 0f         0000000a  lw       x15, -0x18(x8)
#1620 0 8000021c 02f74733 r 0e         00000002  div      x14, x14, x15
#1621 0 80000220 f00407b7 r 0f         f0040000  lui      x15, -0xffc0
#1622 0 80000224 08e7a023 m f0040080   00000002  sw       x14, 0x80(x15)
#1623 0 80000228 f00407b7 r 0f         f0040000  lui      x15, -0xffc0
#1624 0 8000022c 0787a783 r 0f         00000005  lw       x15, 0x78(x15)
#1625 0 80000230 fef42623 m f004107c   00000005  sw       x15, -0x14(x8)
#1626 0 80000234 f00407b7 r 0f         f0040000  lui      x15, -0xffc0
#1627 0 80000238 0787a783 r 0f         00000005  lw       x15, 0x78(x15)
#1628 0 8000023c 00178713 r 0e         00000006  addi     x14, x15, 0x1
#1629 0 80000240 f00407b7 r 0f         f0040000  lui      x15, -0xffc0
#1630 0 80000244 06e7ac23 m f0040078   00000006  sw       x14, 0x78(x15)
#1631 0 80000248 f00407b7 r 0f         f0040000  lui      x15, -0xffc0
#1632 0 8000024c 0787a703 r 0e         00000006  lw       x14, 0x78(x15)
#1633 0 80000250 f00407b7 r 0f         f0040000  lui      x15, -0xffc0
#1634 0 80000254 0387a783 r 0f         0000000e  lw       x15, 0x38(x15)
#1635 0 80000258 f8f740e3 r 00         00000000  blt      x14, x15, . - 0x80
#1636 0 800001d8 f00407b7 r 0f         f0040000  lui      x15, -0xffc0
#1637 0 800001dc 0787a783 r 0f         00000006  lw       x15, 0x78(x15)
#1638 0 800001e0 f0040737 r 0e         f0040000  lui      x14, -0xffc0
#1639 0 800001e4 00070713 r 0e         f0040000  addi     x14, x14, 0x0
#1640 0 800001e8     078a r 0f         00000018  c.slli   x15, 2
#1641 0 800001ea     97ba r 0f         f0040018  c.add    x15, x14
#1642 0 800001ec     4398 r 0e         00000058  c.lw     x14, 0x0(x15)
#1643 0 800001ee fe842783 r 0f         0000000a  lw       x15, -0x18(x8)
#1644 0 800001f2 02f74733 r 0e         00000008  div      x14, x14, x15
#1645 0 800001f6 f00407b7 r 0f         f0040000  lui      x15, -0xffc0
#1646 0 800001fa 0807a783 r 0f         00000002  lw       x15, 0x80(x15)
#1647 0 800001fe 02f75b63 r 00         00000000  bge      x14, x15, . + 0x36
#1648 0 80000234 f00407b7 r 0f         f0040000  lui      x15, -0xffc0
#1649 0 80000238 0787a783 r 0f         00000006  lw       x15, 0x78(x15)
#1650 0 8000023c 00178713 r 0e         00000007  addi     x14, x15, 0x1
#1651 0 80000240 f00407b7 r 0f         f0040000  lui      x15, -0xffc0
#1652 0 80000244 06e7ac23 m f0040078   00000007  sw       x14, 0x78(x15)
#1653 0 80000248 f00407b7 r 0f         f0040000  lui      x15, -0xffc0
#1654 0 8000024c 0787a703 r 0e         00000007  lw       x14, 0x78(x15)
#1655 0 80000250 f00407b7 r 0f         f0040000  lui      x15, -0xffc0
#1656 0 80000254 0387a783 r 0f         0000000e  lw       x15, 0x38(x15)
#1657 0 80000258 f8f740e3 r 00         00000000  blt      x14, x15, . - 0x80
#1658 0 800001d8 f00407b7 r 0f         f0040000  lui      x15, -0xffc0
#1659 0 800001dc 0787a783 r 0f         00000007  lw       x15, 0x78(x15)
#1660 0 800001e0 f0040737 r 0e         f0040000  lui      x14, -0xffc0
#1661 0 800001e4 00070713 r 0e         f0040000  addi     x14, x14, 0x0
#1662 0 800001e8     078a r 0f         0000001c  c.slli   x15, 2
#1663 0 800001ea     97ba r 0f         f004001c  c.add    x15, x14
#1664 0 800001ec     4398 r 0e         0000000b  c.lw     x14, 0x0(x15)
#1665 0 800001ee fe842783 r 0f         0000000a  lw       x15, -0x18(x8)
#1666 0 800001f2 02f74733 r 0e         00000001  div      x14, x14, x15
#1667 0 800001f6 f00407b7 r 0f         f0040000  lui      x15, -0xffc0
#1668 0 800001fa 0807a783 r 0f         00000002  lw       x15, 0x80(x15)
#1669 0 800001fe 02f75b63 r 00         00000000  bge      x14, x15, . + 0x36
#1670 0 80000202 f00407b7 r 0f         f0040000  lui      x15, -0xffc0
#1671 0 80000206 0787a783 r 0f         00000007  lw       x15, 0x78(x15)
#1672 0 8000020a f0040737 r 0e         f0040000  lui      x14, -0xffc0
#1673 0 8000020e 00070713 r 0e         f0040000  addi     x14, x14, 0x0
#1674 0 80000212     078a r 0f         0000001c  c.slli   x15, 2
#1675 0 80000214     97ba r 0f         f004001c  c.add    x15, x14
#1676 0 80000216     4398 r 0e         0000000b  c.lw     x14, 0x0(x15)
#1677 0 80000218 fe842783 r 0f         0000000a  lw       x15, -0x18(x8)
#1678 0 8000021c 02f74733 r 0e         00000001  div      x14, x14, x15
#1679 0 80000220 f00407b7 r 0f         f0040000  lui      x15, -0xffc0
#1680 0 80000224 08e7a023 m f0040080   00000001  sw       x14, 0x80(x15)
#1681 0 80000228 f00407b7 r 0f         f0040000  lui      x15, -0xffc0
#1682 0 8000022c 0787a783 r 0f         00000007  lw       x15, 0x78(x15)
#1683 0 80000230 fef42623 m f004107c   00000007  sw       x15, -0x14(x8)
#1684 0 80000234 f00407b7 r 0f         f0040000  lui      x15, -0xffc0
#1685 0 80000238 0787a783 r 0f         00000007  lw       x15, 0x78(x15)
#1686 0 8000023c 00178713 r 0e         00000008  addi     x14, x15, 0x1
#1687 0 80000240 f00407b7 r 0f         f0040000  lui      x15, -0xffc0
#1688 0 80000244 06e7ac23 m f0040078   00000008  sw       x14, 0x78(x15)
#1689 0 80000248 f00407b7 r 0f         f0040000  lui      x15, -0xffc0
#1690 0 8000024c 0787a703 r 0e         00000008  lw       x14, 0x78(x15)
#1691 0 80000250 f00407b7 r 0f         f0040000  lui      x15, -0xffc0
#1692 0 80000254 0387a783 r 0f         0000000e  lw       x15, 0x38(x15)
#1693 0 80000258 f8f740e3 r 00         00000000  blt      x14, x15, . - 0x80
#1694 0 800001d8 f00407b7 r 0f         f0040000  lui      x15, -0xffc0
#1695 0 800001dc 0787a783 r 0f         00000008  lw       x15, 0x78(x15)
#1696 0 800001e0 f0040737 r 0e         f0040000  lui      x14, -0xffc0
#1697 0 800001e4 00070713 r 0e         f0040000  addi     x14, x14, 0x0
#1698 0 800001e8     078a r 0f         00000020  c.slli   x15, 2
#1699 0 800001ea     97ba r 0f         f0040020  c.add    x15, x14
#1700 0 800001ec     4398 r 0e         0000005a  c.lw     x14, 0x0(x15)
#1701 0 800001ee fe842783 r 0f         0000000a  lw       x15, -0x18(x8)
#1702 0 800001f2 02f74733 r 0e         00000009  div      x14, x14, x15
#1703 0 800001f6 f00407b7 r 0f         f0040000  lui      x15, -0xffc0
#1704 0 800001fa 0807a783 r 0f         00000001  lw       x15, 0x80(x15)
#1705 0 800001fe 02f75b63 r 00         00000000  bge      x14, x15, . + 0x36
#1706 0 80000234 f00407b7 r 0f         f0040000  lui      x15, -0xffc0
#1707 0 80000238 0787a783 r 0f         00000008  lw       x15, 0x78(x15)
#1708 0 8000023c 00178713 r 0e         00000009  addi     x14, x15, 0x1
#1709 0 80000240 f00407b7 r 0f         f0040000  lui      x15, -0xffc0
#1710 0 80000244 06e7ac23 m f0040078   00000009  sw       x14, 0x78(x15)
#1711 0 80000248 f00407b7 r 0f         f0040000  lui      x15, -0xffc0
#1712 0 8000024c 0787a703 r 0e         00000009  lw       x14, 0x78(x15)
#1713 0 80000250 f00407b7 r 0f         f0040000  lui      x15, -0xffc0
#1714 0 80000254 0387a783 r 0f         0000000e  lw       x15, 0x38(x15)
#1715 0 80000258 f8f740e3 r 00         00000000  blt      x14, x15, . - 0x80
#1716 0 800001d8 f00407b7 r 0f         f0040000  lui      x15, -0xffc0
#1717 0 800001dc 0787a783 r 0f         00000009  lw       x15, 0x78(x15)
#1718 0 800001e0 f0040737 r 0e         f0040000  lui      x14, -0xffc0
#1719 0 800001e4 00070713 r 0e         f0040000  addi     x14, x14, 0x0
#1720 0 800001e8     078a r 0f         00000024  c.slli   x15, 2
#1721 0 800001ea     97ba r 0f         f0040024  c.add    x15, x14
#1722 0 800001ec     4398 r 0e         00000048  c.lw     x14, 0x0(x15)
#1723 0 800001ee fe842783 r 0f         0000000a  lw       x15, -0x18(x8)
#1724 0 800001f2 02f74733 r 0e         00000007  div      x14, x14, x15
#1725 0 800001f6 f00407b7 r 0f         f0040000  lui      x15, -0xffc0
#1726 0 800001fa 0807a783 r 0f         00000001  lw       x15, 0x80(x15)
#1727 0 800001fe 02f75b63 r 00         00000000  bge      x14, x15, . + 0x36
#1728 0 80000234 f00407b7 r 0f         f0040000  lui      x15, -0xffc0
#1729 0 80000238 0787a783 r 0f         00000009  lw       x15, 0x78(x15)
#1730 0 8000023c 00178713 r 0e         0000000a  addi     x14, x15, 0x1
#1731 0 80000240 f00407b7 r 0f         f0040000  lui      x15, -0xffc0
#1732 0 80000244 06e7ac23 m f0040078   0000000a  sw       x14, 0x78(x15)
#1733 0 80000248 f00407b7 r 0f         f0040000  lui      x15, -0xffc0
#1734 0 8000024c 0787a703 r 0e         0000000a  lw       x14, 0x78(x15)
#1735 0 80000250 f00407b7 r 0f         f0040000  lui      x15, -0xffc0
#1736 0 80000254 0387a783 r 0f         0000000e  lw       x15, 0x38(x15)
#1737 0 80000258 f8f740e3 r 00         00000000  blt      x14, x15, . - 0x80
#1738 0 800001d8 f00407b7 r 0f         f0040000  lui      x15, -0xffc0
#1739 0 800001dc 0787a783 r 0f         0000000a  lw       x15, 0x78(x15)
#1740 0 800001e0 f0040737 r 0e         f0040000  lui      x14, -0xffc0
#1741 0 800001e4 00070713 r 0e         f0040000  addi     x14, x14, 0x0
#1742 0 800001e8     078a r 0f         00000028  c.slli   x15, 2
#1743 0 800001ea     97ba r 0f         f0040028  c.add    x15, x14
#1744 0 800001ec     4398 r 0e         0000004e  c.lw     x14, 0x0(x15)
#1745 0 800001ee fe842783 r 0f         0000000a  lw       x15, -0x18(x8)
#1746 0 800001f2 02f74733 r 0e         00000007  div      x14, x14, x15
#1747 0 800001f6 f00407b7 r 0f         f0040000  lui      x15, -0xffc0
#1748 0 800001fa 0807a783 r 0f         00000001  lw       x15, 0x80(x15)
#1749 0 800001fe 02f75b63 r 00         00000000  bge      x14, x15, . + 0x36
#1750 0 80000234 f00407b7 r 0f         f0040000  lui      x15, -0xffc0
#1751 0 80000238 0787a783 r 0f         0000000a  lw       x15, 0x78(x15)
#1752 0 8000023c 00178713 r 0e         0000000b  addi     x14, x15, 0x1
#1753 0 80000240 f00407b7 r 0f         f0040000  lui      x15, -0xffc0
#1754 0 80000244 06e7ac23 m f0040078   0000000b  sw       x14, 0x78(x15)
#1755 0 80000248 f00407b7 r 0f         f0040000  lui      x15, -0xffc0
#1756 0 8000024c 0787a703 r 0e         0000000b  lw       x14, 0x78(x15)
#1757 0 80000250 f00407b7 r 0f         f0040000  lui      x15, -0xffc0
#1758 0 80000254 0387a783 r 0f         0000000e  lw       x15, 0x38(x15)
#1759 0 80000258 f8f740e3 r 00         00000000  blt      x14, x15, . - 0x80
#1760 0 800001d8 f00407b7 r 0f         f0040000  lui      x15, -0xffc0
#1761 0 800001dc 0787a783 r 0f         0000000b  lw       x15, 0x78(x15)
#1762 0 800001e0 f0040737 r 0e         f0040000  lui      x14, -0xffc0
#1763 0 800001e4 00070713 r 0e         f0040000  addi     x14, x14, 0x0
#1764 0 800001e8     078a r 0f         0000002c  c.slli   x15, 2
#1765 0 800001ea     97ba r 0f         f004002c  c.add    x15, x14
#1766 0 800001ec     4398 r 0e         00000022  c.lw     x14, 0x0(x15)
#1767 0 800001ee fe842783 r 0f         0000000a  lw       x15, -0x18(x8)
#1768 0 800001f2 02f74733 r 0e         00000003  div      x14, x14, x15
#1769 0 800001f6 f00407b7 r 0f         f0040000  lui      x15, -0xffc0
#1770 0 800001fa 0807a783 r 0f         00000001  lw       x15, 0x80(x15)
#1771 0 800001fe 02f75b63 r 00         00000000  bge      x14, x15, . + 0x36
#1772 0 80000234 f00407b7 r 0f         f0040000  lui      x15, -0xffc0
#1773 0 80000238 0787a783 r 0f         0000000b  lw       x15, 0x78(x15)
#1774 0 8000023c 00178713 r 0e         0000000c  addi     x14, x15, 0x1
#1775 0 80000240 f00407b7 r 0f         f0040000  lui      x15, -0xffc0
#1776 0 80000244 06e7ac23 m f0040078   0000000c  sw       x14, 0x78(x15)
#1777 0 80000248 f00407b7 r 0f         f0040000  lui      x15, -0xffc0
#1778 0 8000024c 0787a703 r 0e         0000000c  lw       x14, 0x78(x15)
#1779 0 80000250 f00407b7 r 0f         f0040000  lui      x15, -0xffc0
#1780 0 80000254 0387a783 r 0f         0000000e  lw       x15, 0x38(x15)
#1781 0 80000258 f8f740e3 r 00         00000000  blt      x14, x15, . - 0x80
#1782 0 800001d8 f00407b7 r 0f         f0040000  lui      x15, -0xffc0
#1783 0 800001dc 0787a783 r 0f         0000000c  lw       x15, 0x78(x15)
#1784 0 800001e0 f0040737 r 0e         f0040000  lui      x14, -0xffc0
#1785 0 800001e4 00070713 r 0e         f0040000  addi     x14, x14, 0x0
#1786 0 800001e8     078a r 0f         00000030  c.slli   x15, 2
#1787 0 800001ea     97ba r 0f         f0040030  c.add    x15, x14
#1788 0 800001ec     4398 r 0e         00000042  c.lw     x14, 0x0(x15)
#1789 0 800001ee fe842783 r 0f         0000000a  lw       x15, -0x18(x8)
#1790 0 800001f2 02f74733 r 0e         00000006  div      x14, x14, x15
#1791 0 800001f6 f00407b7 r 0f         f0040000  lui      x15, -0xffc0
#1792 0 800001fa 0807a783 r 0f         00000001  lw       x15, 0x80(x15)
#1793 0 800001fe 02f75b63 r 00         00000000  bge      x14, x15, . + 0x36
#1794 0 80000234 f00407b7 r 0f         f0040000  lui      x15, -0xffc0
#1795 0 80000238 0787a783 r 0f         0000000c  lw       x15, 0x78(x15)
#1796 0 8000023c 00178713 r 0e         0000000d  addi     x14, x15, 0x1
#1797 0 80000240 f00407b7 r 0f         f0040000  lui      x15, -0xffc0
#1798 0 80000244 06e7ac23 m f0040078   0000000d  sw       x14, 0x78(x15)
#1799 0 80000248 f00407b7 r 0f         f0040000  lui      x15, -0xffc0
#1800 0 8000024c 0787a703 r 0e         0000000d  lw       x14, 0x78(x15)
#1801 0 80000250 f00407b7 r 0f         f0040000  lui      x15, -0xffc0
#1802 0 80000254 0387a783 r 0f         0000000e  lw       x15, 0x38(x15)
#1803 0 80000258 f8f740e3 r 00         00000000  blt      x14, x15, . - 0x80
#1804 0 800001d8 f00407b7 r 0f         f0040000  lui      x15, -0xffc0
#1805 0 800001dc 0787a783 r 0f         0000000d  lw       x15, 0x78(x15)
#1806 0 800001e0 f0040737 r 0e         f0040000  lui      x14, -0xffc0
#1807 0 800001e4 00070713 r 0e         f0040000  addi     x14, x14, 0x0
#1808 0 800001e8     078a r 0f         00000034  c.slli   x15, 2
#1809 0 800001ea     97ba r 0f         f0040034  c.add    x15, x14
#1810 0 800001ec     4398 r 0e         00000037  c.lw     x14, 0x0(x15)
#1811 0 800001ee fe842783 r 0f         0000000a  lw       x15, -0x18(x8)
#1812 0 800001f2 02f74733 r 0e         00000005  div      x14, x14, x15
#1813 0 800001f6 f00407b7 r 0f         f0040000  lui      x15, -0xffc0
#1814 0 800001fa 0807a783 r 0f         00000001  lw       x15, 0x80(x15)
#1815 0 800001fe 02f75b63 r 00         00000000  bge      x14, x15, . + 0x36
#1816 0 80000234 f00407b7 r 0f         f0040000  lui      x15, -0xffc0
#1817 0 80000238 0787a783 r 0f         0000000d  lw       x15, 0x78(x15)
#1818 0 8000023c 00178713 r 0e         0000000e  addi     x14, x15, 0x1
#1819 0 80000240 f00407b7 r 0f         f0040000  lui      x15, -0xffc0
#1820 0 80000244 06e7ac23 m f0040078   0000000e  sw       x14, 0x78(x15)
#1821 0 80000248 f00407b7 r 0f         f0040000  lui      x15, -0xffc0
#1822 0 8000024c 0787a703 r 0e         0000000e  lw       x14, 0x78(x15)
#1823 0 80000250 f00407b7 r 0f         f0040000  lui      x15, -0xffc0
#1824 0 80000254 0387a783 r 0f         0000000e  lw       x15, 0x38(x15)
#1825 0 80000258 f8f740e3 r 00         00000000  blt      x14, x15, . - 0x80
#1826 0 8000025c f00407b7 r 0f         f0040000  lui      x15, -0xffc0
#1827 0 80000260 03c78713 r 0e         f004003c  addi     x14, x15, 0x3c
#1828 0 80000264 fec42783 r 0f         00000007  lw       x15, -0x14(x8)
#1829 0 80000268     078a r 0f         0000001c  c.slli   x15, 2
#1830 0 8000026a     97ba r 0f         f0040058  c.add    x15, x14
#1831 0 8000026c     4398 r 0e         0000000b  c.lw     x14, 0x0(x15)
#1832 0 8000026e f00407b7 r 0f         f0040000  lui      x15, -0xffc0
#1833 0 80000272 06e7ae23 m f004007c   0000000b  sw       x14, 0x7c(x15)
#1834 0 80000276 f00407b7 r 0f         f0040000  lui      x15, -0xffc0
#1835 0 8000027a 0747a783 r 0f         00000001  lw       x15, 0x74(x15)
#1836 0 8000027e f0040737 r 0e         f0040000  lui      x14, -0xffc0
#1837 0 80000282 03c70713 r 0e         f004003c  addi     x14, x14, 0x3c
#1838 0 80000286     078a r 0f         00000004  c.slli   x15, 2
#1839 0 80000288     97ba r 0f         f0040040  c.add    x15, x14
#1840 0 8000028a     4398 r 0e         00000043  c.lw     x14, 0x0(x15)
#1841 0 8000028c f00407b7 r 0f         f0040000  lui      x15, -0xffc0
#1842 0 80000290 03c78693 r 0d         f004003c  addi     x13, x15, 0x3c
#1843 0 80000294 fec42783 r 0f         00000007  lw       x15, -0x14(x8)
#1844 0 80000298     078a r 0f         0000001c  c.slli   x15, 2
#1845 0 8000029a     97b6 r 0f         f0040058  c.add    x15, x13
#1846 0 8000029c     c398 m f0040058   00000043  c.sw     x14, 0x0(x15)
#1847 0 8000029e f00407b7 r 0f         f0040000  lui      x15, -0xffc0
#1848 0 800002a2 0747a783 r 0f         00000001  lw       x15, 0x74(x15)
#1849 0 800002a6 f0040737 r 0e         f0040000  lui      x14, -0xffc0
#1850 0 800002aa 07c72703 r 0e         0000000b  lw       x14, 0x7c(x14)
#1851 0 800002ae f00406b7 r 0d         f0040000  lui      x13, -0xffc0
#1852 0 800002b2 03c68693 r 0d         f004003c  addi     x13, x13, 0x3c
#1853 0 800002b6     078a r 0f         00000004  c.slli   x15, 2
#1854 0 800002b8     97b6 r 0f         f0040040  c.add    x15, x13
#1855 0 800002ba     c398 m f0040040   0000000b  c.sw     x14, 0x0(x15)
#1856 0 800002bc f00407b7 r 0f         f0040000  lui      x15, -0xffc0
#1857 0 800002c0 00078713 r 0e         f0040000  addi     x14, x15, 0x0
#1858 0 800002c4 fec42783 r 0f         00000007  lw       x15, -0x14(x8)
#1859 0 800002c8     078a r 0f         0000001c  c.slli   x15, 2
#1860 0 800002ca     97ba r 0f         f004001c  c.add    x15, x14
#1861 0 800002cc     4398 r 0e         0000000b  c.lw     x14, 0x0(x15)
#1862 0 800002ce f00407b7 r 0f         f0040000  lui      x15, -0xffc0
#1863 0 800002d2 06e7ae23 m f004007c   0000000b  sw       x14, 0x7c(x15)
#1864 0 800002d6 f00407b7 r 0f         f0040000  lui      x15, -0xffc0
#1865 0 800002da 0747a783 r 0f         00000001  lw       x15, 0x74(x15)
#1866 0 800002de f0040737 r 0e         f0040000  lui      x14, -0xffc0
#1867 0 800002e2 00070713 r 0e         f0040000  addi     x14, x14, 0x0
#1868 0 800002e6     078a r 0f         00000004  c.slli   x15, 2
#1869 0 800002e8     97ba r 0f         f0040004  c.add    x15, x14
#1870 0 800002ea     4398 r 0e         00000043  c.lw     x14, 0x0(x15)
#1871 0 800002ec f00407b7 r 0f         f0040000  lui      x15, -0xffc0
#1872 0 800002f0 00078693 r 0d         f0040000  addi     x13, x15, 0x0
#1873 0 800002f4 fec42783 r 0f         00000007  lw       x15, -0x14(x8)
#1874 0 800002f8     078a r 0f         0000001c  c.slli   x15, 2
#1875 0 800002fa     97b6 r 0f         f004001c  c.add    x15, x13
#1876 0 800002fc     c398 m f004001c   00000043  c.sw     x14, 0x0(x15)
#1877 0 800002fe f00407b7 r 0f         f0040000  lui      x15, -0xffc0
#1878 0 80000302 0747a783 r 0f         00000001  lw       x15, 0x74(x15)
#1879 0 80000306 f0040737 r 0e         f0040000  lui      x14, -0xffc0
#1880 0 8000030a 07c72703 r 0e         0000000b  lw       x14, 0x7c(x14)
#1881 0 8000030e f00406b7 r 0d         f0040000  lui      x13, -0xffc0
#1882 0 80000312 00068693 r 0d         f0040000  addi     x13, x13, 0x0
#1883 0 80000316     078a r 0f         00000004  c.slli   x15, 2
#1884 0 80000318     97b6 r 0f         f0040004  c.add    x15, x13
#1885 0 8000031a     c398 m f0040004   0000000b  c.sw     x14, 0x0(x15)
#1886 0 8000031c f00407b7 r 0f         f0040000  lui      x15, -0xffc0
#1887 0 80000320 0747a783 r 0f         00000001  lw       x15, 0x74(x15)
#1888 0 80000324 00178713 r 0e         00000002  addi     x14, x15, 0x1
#1889 0 80000328 f00407b7 r 0f         f0040000  lui      x15, -0xffc0
#1890 0 8000032c 06e7aa23 m f0040074   00000002  sw       x14, 0x74(x15)
#1891 0 80000330 f00407b7 r 0f         f0040000  lui      x15, -0xffc0
#1892 0 80000334 0747a703 r 0e         00000002  lw       x14, 0x74(x15)
#1893 0 80000338 f00407b7 r 0f         f0040000  lui      x15, -0xffc0
#1894 0 8000033c 0387a783 r 0f         0000000e  lw       x15, 0x38(x15)
#1895 0 80000340 e4f748e3 r 00         00000000  blt      x14, x15, . - 0x1b0
#1896 0 80000190 f00407b7 r 0f         f0040000  lui      x15, -0xffc0
#1897 0 80000194 0747a783 r 0f         00000002  lw       x15, 0x74(x15)
#1898 0 80000198 f0040737 r 0e         f0040000  lui      x14, -0xffc0
#1899 0 8000019c 00070713 r 0e         f0040000  addi     x14, x14, 0x0
#1900 0 800001a0     078a r 0f         00000008  c.slli   x15, 2
#1901 0 800001a2     97ba r 0f         f0040008  c.add    x15, x14
#1902 0 800001a4     4398 r 0e         0000002d  c.lw     x14, 0x0(x15)
#1903 0 800001a6 fe842783 r 0f         0000000a  lw       x15, -0x18(x8)
#1904 0 800001aa 02f74733 r 0e         00000004  div      x14, x14, x15
#1905 0 800001ae f00407b7 r 0f         f0040000  lui      x15, -0xffc0
#1906 0 800001b2 08e7a023 m f0040080   00000004  sw       x14, 0x80(x15)
#1907 0 800001b6 f00407b7 r 0f         f0040000  lui      x15, -0xffc0
#1908 0 800001ba 0747a783 r 0f         00000002  lw       x15, 0x74(x15)
#1909 0 800001be fef42623 m f004107c   00000002  sw       x15, -0x14(x8)
#1910 0 800001c2 f00407b7 r 0f         f0040000  lui      x15, -0xffc0
#1911 0 800001c6 0747a783 r 0f         00000002  lw       x15, 0x74(x15)
#1912 0 800001ca 00178713 r 0e         00000003  addi     x14, x15, 0x1
#1913 0 800001ce f00407b7 r 0f         f0040000  lui      x15, -0xffc0
#1914 0 800001d2 06e7ac23 m f0040078   00000003  sw       x14, 0x78(x15)
#1915 0 800001d6     a88d r 00         00000000  c.j      . + 0x72
#1916 0 80000248 f00407b7 r 0f         f0040000  lui      x15, -0xffc0
#1917 0 8000024c 0787a703 r 0e         00000003  lw       x14, 0x78(x15)
#1918 0 80000250 f00407b7 r 0f         f0040000  lui      x15, -0xffc0
#1919 0 80000254 0387a783 r 0f         0000000e  lw       x15, 0x38(x15)
#1920 0 80000258 f8f740e3 r 00         00000000  blt      x14, x15, . - 0x80
#1921 0 800001d8 f00407b7 r 0f         f0040000  lui      x15, -0xffc0
#1922 0 800001dc 0787a783 r 0f         00000003  lw       x15, 0x78(x15)
#1923 0 800001e0 f0040737 r 0e         f0040000  lui      x14, -0xffc0
#1924 0 800001e4 00070713 r 0e         f0040000  addi     x14, x14, 0x0
#1925 0 800001e8     078a r 0f         0000000c  c.slli   x15, 2
#1926 0 800001ea     97ba r 0f         f004000c  c.add    x15, x14
#1927 0 800001ec     4398 r 0e         00000059  c.lw     x14, 0x0(x15)
#1928 0 800001ee fe842783 r 0f         0000000a  lw       x15, -0x18(x8)
#1929 0 800001f2 02f74733 r 0e         00000008  div      x14, x14, x15
#1930 0 800001f6 f00407b7 r 0f         f0040000  lui      x15, -0xffc0
#1931 0 800001fa 0807a783 r 0f         00000004  lw       x15, 0x80(x15)
#1932 0 800001fe 02f75b63 r 00         00000000  bge      x14, x15, . + 0x36
#1933 0 80000234 f00407b7 r 0f         f0040000  lui      x15, -0xffc0
#1934 0 80000238 0787a783 r 0f         00000003  lw       x15, 0x78(x15)
#1935 0 8000023c 00178713 r 0e         00000004  addi     x14, x15, 0x1
#1936 0 80000240 f00407b7 r 0f         f0040000  lui      x15, -0xffc0
#1937 0 80000244 06e7ac23 m f0040078   00000004  sw       x14, 0x78(x15)
#1938 0 80000248 f00407b7 r 0f         f0040000  lui      x15, -0xffc0
#1939 0 8000024c 0787a703 r 0e         00000004  lw       x14, 0x78(x15)
#1940 0 80000250 f00407b7 r 0f         f0040000  lui      x15, -0xffc0
#1941 0 80000254 0387a783 r 0f         0000000e  lw       x15, 0x38(x15)
#1942 0 80000258 f8f740e3 r 00         00000000  blt      x14, x15, . - 0x80
#1943 0 800001d8 f00407b7 r 0f         f0040000  lui      x15, -0xffc0
#1944 0 800001dc 0787a783 r 0f         00000004  lw       x15, 0x78(x15)
#1945 0 800001e0 f0040737 r 0e         f0040000  lui      x14, -0xffc0
#1946 0 800001e4 00070713 r 0e         f0040000  addi     x14, x14, 0x0
#1947 0 800001e8     078a r 0f         00000010  c.slli   x15, 2
#1948 0 800001ea     97ba r 0f         f0040010  c.add    x15, x14
#1949 0 800001ec     4398 r 0e         0000002c  c.lw     x14, 0x0(x15)
#1950 0 800001ee fe842783 r 0f         0000000a  lw       x15, -0x18(x8)
#1951 0 800001f2 02f74733 r 0e         00000004  div      x14, x14, x15
#1952 0 800001f6 f00407b7 r 0f         f0040000  lui      x15, -0xffc0
#1953 0 800001fa 0807a783 r 0f         00000004  lw       x15, 0x80(x15)
#1954 0 800001fe 02f75b63 r 00         00000000  bge      x14, x15, . + 0x36
#1955 0 80000234 f00407b7 r 0f         f0040000  lui      x15, -0xffc0
#1956 0 80000238 0787a783 r 0f         00000004  lw       x15, 0x78(x15)
#1957 0 8000023c 00178713 r 0e         00000005  addi     x14, x15, 0x1
#1958 0 80000240 f00407b7 r 0f         f0040000  lui      x15, -0xffc0
#1959 0 80000244 06e7ac23 m f0040078   00000005  sw       x14, 0x78(x15)
#1960 0 80000248 f00407b7 r 0f         f0040000  lui      x15, -0xffc0
#1961 0 8000024c 0787a703 r 0e         00000005  lw       x14, 0x78(x15)
#1962 0 80000250 f00407b7 r 0f         f0040000  lui      x15, -0xffc0
#1963 0 80000254 0387a783 r 0f         0000000e  lw       x15, 0x38(x15)
#1964 0 80000258 f8f740e3 r 00         00000000  blt      x14, x15, . - 0x80
#1965 0 800001d8 f00407b7 r 0f         f0040000  lui      x15, -0xffc0
#1966 0 800001dc 0787a783 r 0f         00000005  lw       x15, 0x78(x15)
#1967 0 800001e0 f0040737 r 0e         f0040000  lui      x14, -0xffc0
#1968 0 800001e4 00070713 r 0e         f0040000  addi     x14, x14, 0x0
#1969 0 800001e8     078a r 0f         00000014  c.slli   x15, 2
#1970 0 800001ea     97ba r 0f         f0040014  c.add    x15, x14
#1971 0 800001ec     4398 r 0e         00000017  c.lw     x14, 0x0(x15)
#1972 0 800001ee fe842783 r 0f         0000000a  lw       x15, -0x18(x8)
#1973 0 800001f2 02f74733 r 0e         00000002  div      x14, x14, x15
#1974 0 800001f6 f00407b7 r 0f         f0040000  lui      x15, -0xffc0
#1975 0 800001fa 0807a783 r 0f         00000004  lw       x15, 0x80(x15)
#1976 0 800001fe 02f75b63 r 00         00000000  bge      x14, x15, . + 0x36
#1977 0 80000202 f00407b7 r 0f         f0040000  lui      x15, -0xffc0
#1978 0 80000206 0787a783 r 0f         00000005  lw       x15, 0x78(x15)
#1979 0 8000020a f0040737 r 0e         f0040000  lui      x14, -0xffc0
#1980 0 8000020e 00070713 r 0e         f0040000  addi     x14, x14, 0x0
#1981 0 80000212     078a r 0f         00000014  c.slli   x15, 2
#1982 0 80000214     97ba r 0f         f0040014  c.add    x15, x14
#1983 0 80000216     4398 r 0e         00000017  c.lw     x14, 0x0(x15)
#1984 0 80000218 fe842783 r 0f         0000000a  lw       x15, -0x18(x8)
#1985 0 8000021c 02f74733 r 0e         00000002  div      x14, x14, x15
#1986 0 80000220 f00407b7 r 0f         f0040000  lui      x15, -0xffc0
#1987 0 80000224 08e7a023 m f0040080   00000002  sw       x14, 0x80(x15)
#1988 0 80000228 f00407b7 r 0f         f0040000  lui      x15, -0xffc0
#1989 0 8000022c 0787a783 r 0f         00000005  lw       x15, 0x78(x15)
#1990 0 80000230 fef42623 m f004107c   00000005  sw       x15, -0x14(x8)
#1991 0 80000234 f00407b7 r 0f         f0040000  lui      x15, -0xffc0
#1992 0 80000238 0787a783 r 0f         00000005  lw       x15, 0x78(x15)
#1993 0 8000023c 00178713 r 0e         00000006  addi     x14, x15, 0x1
#1994 0 80000240 f00407b7 r 0f         f0040000  lui      x15, -0xffc0
#1995 0 80000244 06e7ac23 m f0040078   00000006  sw       x14, 0x78(x15)
#1996 0 80000248 f00407b7 r 0f         f0040000  lui      x15, -0xffc0
#1997 0 8000024c 0787a703 r 0e         00000006  lw       x14, 0x78(x15)
#1998 0 80000250 f00407b7 r 0f         f0040000  lui      x15, -0xffc0
#1999 0 80000254 0387a783 r 0f         0000000e  lw       x15, 0x38(x15)
#2000 0 80000258 f8f740e3 r 00         00000000  blt      x14, x15, . - 0x80
#2001 0 800001d8 f00407b7 r 0f         f0040000  lui      x15, -0xffc0
#2002 0 800001dc 0787a783 r 0f         00000006  lw       x15, 0x78(x15)
#2003 0 800001e0 f0040737 r 0e         f0040000  lui      x14, -0xffc0
#2004 0 800001e4 00070713 r 0e         f0040000  addi     x14, x14, 0x0
#2005 0 800001e8     078a r 0f         00000018  c.slli   x15, 2
#2006 0 800001ea     97ba r 0f         f0040018  c.add    x15, x14
#2007 0 800001ec     4398 r 0e         00000058  c.lw     x14, 0x0(x15)
#2008 0 800001ee fe842783 r 0f         0000000a  lw       x15, -0x18(x8)
#2009 0 800001f2 02f74733 r 0e         00000008  div      x14, x14, x15
#2010 0 800001f6 f00407b7 r 0f         f0040000  lui      x15, -0xffc0
#2011 0 800001fa 0807a783 r 0f         00000002  lw       x15, 0x80(x15)
#2012 0 800001fe 02f75b63 r 00         00000000  bge      x14, x15, . + 0x36
#2013 0 80000234 f00407b7 r 0f         f0040000  lui      x15, -0xffc0
#2014 0 80000238 0787a783 r 0f         00000006  lw       x15, 0x78(x15)
#2015 0 8000023c 00178713 r 0e         00000007  addi     x14, x15, 0x1
#2016 0 80000240 f00407b7 r 0f         f0040000  lui      x15, -0xffc0
#2017 0 80000244 06e7ac23 m f0040078   00000007  sw       x14, 0x78(x15)
#2018 0 80000248 f00407b7 r 0f         f0040000  lui      x15, -0xffc0
#2019 0 8000024c 0787a703 r 0e         00000007  lw       x14, 0x78(x15)
#2020 0 80000250 f00407b7 r 0f         f0040000  lui      x15, -0xffc0
#2021 0 80000254 0387a783 r 0f         0000000e  lw       x15, 0x38(x15)
#2022 0 80000258 f8f740e3 r 00         00000000  blt      x14, x15, . - 0x80
#2023 0 800001d8 f00407b7 r 0f         f0040000  lui      x15, -0xffc0
#2024 0 800001dc 0787a783 r 0f         00000007  lw       x15, 0x78(x15)
#2025 0 800001e0 f0040737 r 0e         f0040000  lui      x14, -0xffc0
#2026 0 800001e4 00070713 r 0e         f0040000  addi     x14, x14, 0x0
#2027 0 800001e8     078a r 0f         0000001c  c.slli   x15, 2
#2028 0 800001ea     97ba r 0f         f004001c  c.add    x15, x14
#2029 0 800001ec     4398 r 0e         00000043  c.lw     x14, 0x0(x15)
#2030 0 800001ee fe842783 r 0f         0000000a  lw       x15, -0x18(x8)
#2031 0 800001f2 02f74733 r 0e         00000006  div      x14, x14, x15
#2032 0 800001f6 f00407b7 r 0f         f0040000  lui      x15, -0xffc0
#2033 0 800001fa 0807a783 r 0f         00000002  lw       x15, 0x80(x15)
#2034 0 800001fe 02f75b63 r 00         00000000  bge      x14, x15, . + 0x36
#2035 0 80000234 f00407b7 r 0f         f0040000  lui      x15, -0xffc0
#2036 0 80000238 0787a783 r 0f         00000007  lw       x15, 0x78(x15)
#2037 0 8000023c 00178713 r 0e         00000008  addi     x14, x15, 0x1
#2038 0 80000240 f00407b7 r 0f         f0040000  lui      x15, -0xffc0
#2039 0 80000244 06e7ac23 m f0040078   00000008  sw       x14, 0x78(x15)
#2040 0 80000248 f00407b7 r 0f         f0040000  lui      x15, -0xffc0
#2041 0 8000024c 0787a703 r 0e         00000008  lw       x14, 0x78(x15)
#2042 0 80000250 f00407b7 r 0f         f0040000  lui      x15, -0xffc0
#2043 0 80000254 0387a783 r 0f         0000000e  lw       x15, 0x38(x15)
#2044 0 80000258 f8f740e3 r 00         00000000  blt      x14, x15, . - 0x80
#2045 0 800001d8 f00407b7 r 0f         f0040000  lui      x15, -0xffc0
#2046 0 800001dc 0787a783 r 0f         00000008  lw       x15, 0x78(x15)
#2047 0 800001e0 f0040737 r 0e         f0040000  lui      x14, -0xffc0
#2048 0 800001e4 00070713 r 0e         f0040000  addi     x14, x14, 0x0
#2049 0 800001e8     078a r 0f         00000020  c.slli   x15, 2
#2050 0 800001ea     97ba r 0f         f0040020  c.add    x15, x14
#2051 0 800001ec     4398 r 0e         0000005a  c.lw     x14, 0x0(x15)
#2052 0 800001ee fe842783 r 0f         0000000a  lw       x15, -0x18(x8)
#2053 0 800001f2 02f74733 r 0e         00000009  div      x14, x14, x15
#2054 0 800001f6 f00407b7 r 0f         f0040000  lui      x15, -0xffc0
#2055 0 800001fa 0807a783 r 0f         00000002  lw       x15, 0x80(x15)
#2056 0 800001fe 02f75b63 r 00         00000000  bge      x14, x15, . + 0x36
#2057 0 80000234 f00407b7 r 0f         f0040000  lui      x15, -0xffc0
#2058 0 80000238 0787a783 r 0f         00000008  lw       x15, 0x78(x15)
#2059 0 8000023c 00178713 r 0e         00000009  addi     x14, x15, 0x1
#2060 0 80000240 f00407b7 r 0f         f0040000  lui      x15, -0xffc0
#2061 0 80000244 06e7ac23 m f0040078   00000009  sw       x14, 0x78(x15)
#2062 0 80000248 f00407b7 r 0f         f0040000  lui      x15, -0xffc0
#2063 0 8000024c 0787a703 r 0e         00000009  lw       x14, 0x78(x15)
#2064 0 80000250 f00407b7 r 0f         f0040000  lui      x15, -0xffc0
#2065 0 80000254 0387a783 r 0f         0000000e  lw       x15, 0x38(x15)
#2066 0 80000258 f8f740e3 r 00         00000000  blt      x14, x15, . - 0x80
#2067 0 800001d8 f00407b7 r 0f         f0040000  lui      x15, -0xffc0
#2068 0 800001dc 0787a783 r 0f         00000009  lw       x15, 0x78(x15)
#2069 0 800001e0 f0040737 r 0e         f0040000  lui      x14, -0xffc0
#2070 0 800001e4 00070713 r 0e         f0040000  addi     x14, x14, 0x0
#2071 0 800001e8     078a r 0f         00000024  c.slli   x15, 2
#2072 0 800001ea     97ba r 0f         f0040024  c.add    x15, x14
#2073 0 800001ec     4398 r 0e         00000048  c.lw     x14, 0x0(x15)
#2074 0 800001ee fe842783 r 0f         0000000a  lw       x15, -0x18(x8)
#2075 0 800001f2 02f74733 r 0e         00000007  div      x14, x14, x15
#2076 0 800001f6 f00407b7 r 0f         f0040000  lui      x15, -0xffc0
#2077 0 800001fa 0807a783 r 0f         00000002  lw       x15, 0x80(x15)
#2078 0 800001fe 02f75b63 r 00         00000000  bge      x14, x15, . + 0x36
#2079 0 80000234 f00407b7 r 0f         f0040000  lui      x15, -0xffc0
#2080 0 80000238 0787a783 r 0f         00000009  lw       x15, 0x78(x15)
#2081 0 8000023c 00178713 r 0e         0000000a  addi     x14, x15, 0x1
#2082 0 80000240 f00407b7 r 0f         f0040000  lui      x15, -0xffc0
#2083 0 80000244 06e7ac23 m f0040078   0000000a  sw       x14, 0x78(x15)
#2084 0 80000248 f00407b7 r 0f         f0040000  lui      x15, -0xffc0
#2085 0 8000024c 0787a703 r 0e         0000000a  lw       x14, 0x78(x15)
#2086 0 80000250 f00407b7 r 0f         f0040000  lui      x15, -0xffc0
#2087 0 80000254 0387a783 r 0f         0000000e  lw       x15, 0x38(x15)
#2088 0 80000258 f8f740e3 r 00         00000000  blt      x14, x15, . - 0x80
#2089 0 800001d8 f00407b7 r 0f         f0040000  lui      x15, -0xffc0
#2090 0 800001dc 0787a783 r 0f         0000000a  lw       x15, 0x78(x15)
#2091 0 800001e0 f0040737 r 0e         f0040000  lui      x14, -0xffc0
#2092 0 800001e4 00070713 r 0e         f0040000  addi     x14, x14, 0x0
#2093 0 800001e8     078a r 0f         00000028  c.slli   x15, 2
#2094 0 800001ea     97ba r 0f         f0040028  c.add    x15, x14
#2095 0 800001ec     4398 r 0e         0000004e  c.lw     x14, 0x0(x15)
#2096 0 800001ee fe842783 r 0f         0000000a  lw       x15, -0x18(x8)
#2097 0 800001f2 02f74733 r 0e         00000007  div      x14, x14, x15
#2098 0 800001f6 f00407b7 r 0f         f0040000  lui      x15, -0xffc0
#2099 0 800001fa 0807a783 r 0f         00000002  lw       x15, 0x80(x15)
#2100 0 800001fe 02f75b63 r 00         00000000  bge      x14, x15, . + 0x36
#2101 0 80000234 f00407b7 r 0f         f0040000  lui      x15, -0xffc0
#2102 0 80000238 0787a783 r 0f         0000000a  lw       x15, 0x78(x15)
#2103 0 8000023c 00178713 r 0e         0000000b  addi     x14, x15, 0x1
#2104 0 80000240 f00407b7 r 0f         f0040000  lui      x15, -0xffc0
#2105 0 80000244 06e7ac23 m f0040078   0000000b  sw       x14, 0x78(x15)
#2106 0 80000248 f00407b7 r 0f         f0040000  lui      x15, -0xffc0
#2107 0 8000024c 0787a703 r 0e         0000000b  lw       x14, 0x78(x15)
#2108 0 80000250 f00407b7 r 0f         f0040000  lui      x15, -0xffc0
#2109 0 80000254 0387a783 r 0f         0000000e  lw       x15, 0x38(x15)
#2110 0 80000258 f8f740e3 r 00         00000000  blt      x14, x15, . - 0x80
#2111 0 800001d8 f00407b7 r 0f         f0040000  lui      x15, -0xffc0
#2112 0 800001dc 0787a783 r 0f         0000000b  lw       x15, 0x78(x15)
#2113 0 800001e0 f0040737 r 0e         f0040000  lui      x14, -0xffc0
#2114 0 800001e4 00070713 r 0e         f0040000  addi     x14, x14, 0x0
#2115 0 800001e8     078a r 0f         0000002c  c.slli   x15, 2
#2116 0 800001ea     97ba r 0f         f004002c  c.add    x15, x14
#2117 0 800001ec     4398 r 0e         00000022  c.lw     x14, 0x0(x15)
#2118 0 800001ee fe842783 r 0f         0000000a  lw       x15, -0x18(x8)
#2119 0 800001f2 02f74733 r 0e         00000003  div      x14, x14, x15
#2120 0 800001f6 f00407b7 r 0f         f0040000  lui      x15, -0xffc0
#2121 0 800001fa 0807a783 r 0f         00000002  lw       x15, 0x80(x15)
#2122 0 800001fe 02f75b63 r 00         00000000  bge      x14, x15, . + 0x36
#2123 0 80000234 f00407b7 r 0f         f0040000  lui      x15, -0xffc0
#2124 0 80000238 0787a783 r 0f         0000000b  lw       x15, 0x78(x15)
#2125 0 8000023c 00178713 r 0e         0000000c  addi     x14, x15, 0x1
#2126 0 80000240 f00407b7 r 0f         f0040000  lui      x15, -0xffc0
#2127 0 80000244 06e7ac23 m f0040078   0000000c  sw       x14, 0x78(x15)
#2128 0 80000248 f00407b7 r 0f         f0040000  lui      x15, -0xffc0
#2129 0 8000024c 0787a703 r 0e         0000000c  lw       x14, 0x78(x15)
#2130 0 80000250 f00407b7 r 0f         f0040000  lui      x15, -0xffc0
#2131 0 80000254 0387a783 r 0f         0000000e  lw       x15, 0x38(x15)
#2132 0 80000258 f8f740e3 r 00         00000000  blt      x14, x15, . - 0x80
#2133 0 800001d8 f00407b7 r 0f         f0040000  lui      x15, -0xffc0
#2134 0 800001dc 0787a783 r 0f         0000000c  lw       x15, 0x78(x15)
#2135 0 800001e0 f0040737 r 0e         f0040000  lui      x14, -0xffc0
#2136 0 800001e4 00070713 r 0e         f0040000  addi     x14, x14, 0x0
#2137 0 800001e8     078a r 0f         00000030  c.slli   x15, 2
#2138 0 800001ea     97ba r 0f         f0040030  c.add    x15, x14
#2139 0 800001ec     4398 r 0e         00000042  c.lw     x14, 0x0(x15)
#2140 0 800001ee fe842783 r 0f         0000000a  lw       x15, -0x18(x8)
#2141 0 800001f2 02f74733 r 0e         00000006  div      x14, x14, x15
#2142 0 800001f6 f00407b7 r 0f         f0040000  lui      x15, -0xffc0
#2143 0 800001fa 0807a783 r 0f         00000002  lw       x15, 0x80(x15)
#2144 0 800001fe 02f75b63 r 00         00000000  bge      x14, x15, . + 0x36
#2145 0 80000234 f00407b7 r 0f         f0040000  lui      x15, -0xffc0
#2146 0 80000238 0787a783 r 0f         0000000c  lw       x15, 0x78(x15)
#2147 0 8000023c 00178713 r 0e         0000000d  addi     x14, x15, 0x1
#2148 0 80000240 f00407b7 r 0f         f0040000  lui      x15, -0xffc0
#2149 0 80000244 06e7ac23 m f0040078   0000000d  sw       x14, 0x78(x15)
#2150 0 80000248 f00407b7 r 0f         f0040000  lui      x15, -0xffc0
#2151 0 8000024c 0787a703 r 0e         0000000d  lw       x14, 0x78(x15)
#2152 0 80000250 f00407b7 r 0f         f0040000  lui      x15, -0xffc0
#2153 0 80000254 0387a783 r 0f         0000000e  lw       x15, 0x38(x15)
#2154 0 80000258 f8f740e3 r 00         00000000  blt      x14, x15, . - 0x80
#2155 0 800001d8 f00407b7 r 0f         f0040000  lui      x15, -0xffc0
#2156 0 800001dc 0787a783 r 0f         0000000d  lw       x15, 0x78(x15)
#2157 0 800001e0 f0040737 r 0e         f0040000  lui      x14, -0xffc0
#2158 0 800001e4 00070713 r 0e         f0040000  addi     x14, x14, 0x0
#2159 0 800001e8     078a r 0f         00000034  c.slli   x15, 2
#2160 0 800001ea     97ba r 0f         f0040034  c.add    x15, x14
#2161 0 800001ec     4398 r 0e         00000037  c.lw     x14, 0x0(x15)
#2162 0 800001ee fe842783 r 0f         0000000a  lw       x15, -0x18(x8)
#2163 0 800001f2 02f74733 r 0e         00000005  div      x14, x14, x15
#2164 0 800001f6 f00407b7 r 0f         f0040000  lui      x15, -0xffc0
#2165 0 800001fa 0807a783 r 0f         00000002  lw       x15, 0x80(x15)
#2166 0 800001fe 02f75b63 r 00         00000000  bge      x14, x15, . + 0x36
#2167 0 80000234 f00407b7 r 0f         f0040000  lui      x15, -0xffc0
#2168 0 80000238 0787a783 r 0f         0000000d  lw       x15, 0x78(x15)
#2169 0 8000023c 00178713 r 0e         0000000e  addi     x14, x15, 0x1
#2170 0 80000240 f00407b7 r 0f         f0040000  lui      x15, -0xffc0
#2171 0 80000244 06e7ac23 m f0040078   0000000e  sw       x14, 0x78(x15)
#2172 0 80000248 f00407b7 r 0f         f0040000  lui      x15, -0xffc0
#2173 0 8000024c 0787a703 r 0e         0000000e  lw       x14, 0x78(x15)
#2174 0 80000250 f00407b7 r 0f         f0040000  lui      x15, -0xffc0
#2175 0 80000254 0387a783 r 0f         0000000e  lw       x15, 0x38(x15)
#2176 0 80000258 f8f740e3 r 00         00000000  blt      x14, x15, . - 0x80
#2177 0 8000025c f00407b7 r 0f         f0040000  lui      x15, -0xffc0
#2178 0 80000260 03c78713 r 0e         f004003c  addi     x14, x15, 0x3c
#2179 0 80000264 fec42783 r 0f         00000005  lw       x15, -0x14(x8)
#2180 0 80000268     078a r 0f         00000014  c.slli   x15, 2
#2181 0 8000026a     97ba r 0f         f0040050  c.add    x15, x14
#2182 0 8000026c     4398 r 0e         00000017  c.lw     x14, 0x0(x15)
#2183 0 8000026e f00407b7 r 0f         f0040000  lui      x15, -0xffc0
#2184 0 80000272 06e7ae23 m f004007c   00000017  sw       x14, 0x7c(x15)
#2185 0 80000276 f00407b7 r 0f         f0040000  lui      x15, -0xffc0
#2186 0 8000027a 0747a783 r 0f         00000002  lw       x15, 0x74(x15)
#2187 0 8000027e f0040737 r 0e         f0040000  lui      x14, -0xffc0
#2188 0 80000282 03c70713 r 0e         f004003c  addi     x14, x14, 0x3c
#2189 0 80000286     078a r 0f         00000008  c.slli   x15, 2
#2190 0 80000288     97ba r 0f         f0040044  c.add    x15, x14
#2191 0 8000028a     4398 r 0e         0000002d  c.lw     x14, 0x0(x15)
#2192 0 8000028c f00407b7 r 0f         f0040000  lui      x15, -0xffc0
#2193 0 80000290 03c78693 r 0d         f004003c  addi     x13, x15, 0x3c
#2194 0 80000294 fec42783 r 0f         00000005  lw       x15, -0x14(x8)
#2195 0 80000298     078a r 0f         00000014  c.slli   x15, 2
#2196 0 8000029a     97b6 r 0f         f0040050  c.add    x15, x13
#2197 0 8000029c     c398 m f0040050   0000002d  c.sw     x14, 0x0(x15)
#2198 0 8000029e f00407b7 r 0f         f0040000  lui      x15, -0xffc0
#2199 0 800002a2 0747a783 r 0f         00000002  lw       x15, 0x74(x15)
#2200 0 800002a6 f0040737 r 0e         f0040000  lui      x14, -0xffc0
#2201 0 800002aa 07c72703 r 0e         00000017  lw       x14, 0x7c(x14)
#2202 0 800002ae f00406b7 r 0d         f0040000  lui      x13, -0xffc0
#2203 0 800002b2 03c68693 r 0d         f004003c  addi     x13, x13, 0x3c
#2204 0 800002b6     078a r 0f         00000008  c.slli   x15, 2
#2205 0 800002b8     97b6 r 0f         f0040044  c.add    x15, x13
#2206 0 800002ba     c398 m f0040044   00000017  c.sw     x14, 0x0(x15)
#2207 0 800002bc f00407b7 r 0f         f0040000  lui      x15, -0xffc0
#2208 0 800002c0 00078713 r 0e         f0040000  addi     x14, x15, 0x0
#2209 0 800002c4 fec42783 r 0f         00000005  lw       x15, -0x14(x8)
#2210 0 800002c8     078a r 0f         00000014  c.slli   x15, 2
#2211 0 800002ca     97ba r 0f         f0040014  c.add    x15, x14
#2212 0 800002cc     4398 r 0e         00000017  c.lw     x14, 0x0(x15)
#2213 0 800002ce f00407b7 r 0f         f0040000  lui      x15, -0xffc0
#2214 0 800002d2 06e7ae23 m f004007c   00000017  sw       x14, 0x7c(x15)
#2215 0 800002d6 f00407b7 r 0f         f0040000  lui      x15, -0xffc0
#2216 0 800002da 0747a783 r 0f         00000002  lw       x15, 0x74(x15)
#2217 0 800002de f0040737 r 0e         f0040000  lui      x14, -0xffc0
#2218 0 800002e2 00070713 r 0e         f0040000  addi     x14, x14, 0x0
#2219 0 800002e6     078a r 0f         00000008  c.slli   x15, 2
#2220 0 800002e8     97ba r 0f         f0040008  c.add    x15, x14
#2221 0 800002ea     4398 r 0e         0000002d  c.lw     x14, 0x0(x15)
#2222 0 800002ec f00407b7 r 0f         f0040000  lui      x15, -0xffc0
#2223 0 800002f0 00078693 r 0d         f0040000  addi     x13, x15, 0x0
#2224 0 800002f4 fec42783 r 0f         00000005  lw       x15, -0x14(x8)
#2225 0 800002f8     078a r 0f         00000014  c.slli   x15, 2
#2226 0 800002fa     97b6 r 0f         f0040014  c.add    x15, x13
#2227 0 800002fc     c398 m f0040014   0000002d  c.sw     x14, 0x0(x15)
#2228 0 800002fe f00407b7 r 0f         f0040000  lui      x15, -0xffc0
#2229 0 80000302 0747a783 r 0f         00000002  lw       x15, 0x74(x15)
#2230 0 80000306 f0040737 r 0e         f0040000  lui      x14, -0xffc0
#2231 0 8000030a 07c72703 r 0e         00000017  lw       x14, 0x7c(x14)
#2232 0 8000030e f00406b7 r 0d         f0040000  lui      x13, -0xffc0
#2233 0 80000312 00068693 r 0d         f0040000  addi     x13, x13, 0x0
#2234 0 80000316     078a r 0f         00000008  c.slli   x15, 2
#2235 0 80000318     97b6 r 0f         f0040008  c.add    x15, x13
#2236 0 8000031a     c398 m f0040008   00000017  c.sw     x14, 0x0(x15)
#2237 0 8000031c f00407b7 r 0f         f0040000  lui      x15, -0xffc0
#2238 0 80000320 0747a783 r 0f         00000002  lw       x15, 0x74(x15)
#2239 0 80000324 00178713 r 0e         00000003  addi     x14, x15, 0x1
#2240 0 80000328 f00407b7 r 0f         f0040000  lui      x15, -0xffc0
#2241 0 8000032c 06e7aa23 m f0040074   00000003  sw       x14, 0x74(x15)
#2242 0 80000330 f00407b7 r 0f         f0040000  lui      x15, -0xffc0
#2243 0 80000334 0747a703 r 0e         00000003  lw       x14, 0x74(x15)
#2244 0 80000338 f00407b7 r 0f         f0040000  lui      x15, -0xffc0
#2245 0 8000033c 0387a783 r 0f         0000000e  lw       x15, 0x38(x15)
#2246 0 80000340 e4f748e3 r 00         00000000  blt      x14, x15, . - 0x1b0
#2247 0 80000190 f00407b7 r 0f         f0040000  lui      x15, -0xffc0
#2248 0 80000194 0747a783 r 0f         00000003  lw       x15, 0x74(x15)
#2249 0 80000198 f0040737 r 0e         f0040000  lui      x14, -0xffc0
#2250 0 8000019c 00070713 r 0e         f0040000  addi     x14, x14, 0x0
#2251 0 800001a0     078a r 0f         0000000c  c.slli   x15, 2
#2252 0 800001a2     97ba r 0f         f004000c  c.add    x15, x14
#2253 0 800001a4     4398 r 0e         00000059  c.lw     x14, 0x0(x15)
#2254 0 800001a6 fe842783 r 0f         0000000a  lw       x15, -0x18(x8)
#2255 0 800001aa 02f74733 r 0e         00000008  div      x14, x14, x15
#2256 0 800001ae f00407b7 r 0f         f0040000  lui      x15, -0xffc0
#2257 0 800001b2 08e7a023 m f0040080   00000008  sw       x14, 0x80(x15)
#2258 0 800001b6 f00407b7 r 0f         f0040000  lui      x15, -0xffc0
#2259 0 800001ba 0747a783 r 0f         00000003  lw       x15, 0x74(x15)
#2260 0 800001be fef42623 m f004107c   00000003  sw       x15, -0x14(x8)
#2261 0 800001c2 f00407b7 r 0f         f0040000  lui      x15, -0xffc0
#2262 0 800001c6 0747a783 r 0f         00000003  lw       x15, 0x74(x15)
#2263 0 800001ca 00178713 r 0e         00000004  addi     x14, x15, 0x1
#2264 0 800001ce f00407b7 r 0f         f0040000  lui      x15, -0xffc0
#2265 0 800001d2 06e7ac23 m f0040078   00000004  sw       x14, 0x78(x15)
#2266 0 800001d6     a88d r 00         00000000  c.j      . + 0x72
#2267 0 80000248 f00407b7 r 0f         f0040000  lui      x15, -0xffc0
#2268 0 8000024c 0787a703 r 0e         00000004  lw       x14, 0x78(x15)
#2269 0 80000250 f00407b7 r 0f         f0040000  lui      x15, -0xffc0
#2270 0 80000254 0387a783 r 0f         0000000e  lw       x15, 0x38(x15)
#2271 0 80000258 f8f740e3 r 00         00000000  blt      x14, x15, . - 0x80
#2272 0 800001d8 f00407b7 r 0f         f0040000  lui      x15, -0xffc0
#2273 0 800001dc 0787a783 r 0f         00000004  lw       x15, 0x78(x15)
#2274 0 800001e0 f0040737 r 0e         f0040000  lui      x14, -0xffc0
#2275 0 800001e4 00070713 r 0e         f0040000  addi     x14, x14, 0x0
#2276 0 800001e8     078a r 0f         00000010  c.slli   x15, 2
#2277 0 800001ea     97ba r 0f         f0040010  c.add    x15, x14
#2278 0 800001ec     4398 r 0e         0000002c  c.lw     x14, 0x0(x15)
#2279 0 800001ee fe842783 r 0f         0000000a  lw       x15, -0x18(x8)
#2280 0 800001f2 02f74733 r 0e         00000004  div      x14, x14, x15
#2281 0 800001f6 f00407b7 r 0f         f0040000  lui      x15, -0xffc0
#2282 0 800001fa 0807a783 r 0f         00000008  lw       x15, 0x80(x15)
#2283 0 800001fe 02f75b63 r 00         00000000  bge      x14, x15, . + 0x36
#2284 0 80000202 f00407b7 r 0f         f0040000  lui      x15, -0xffc0
#2285 0 80000206 0787a783 r 0f         00000004  lw       x15, 0x78(x15)
#2286 0 8000020a f0040737 r 0e         f0040000  lui      x14, -0xffc0
#2287 0 8000020e 00070713 r 0e         f0040000  addi     x14, x14, 0x0
#2288 0 80000212     078a r 0f         00000010  c.slli   x15, 2
#2289 0 80000214     97ba r 0f         f0040010  c.add    x15, x14
#2290 0 80000216     4398 r 0e         0000002c  c.lw     x14, 0x0(x15)
#2291 0 80000218 fe842783 r 0f         0000000a  lw       x15, -0x18(x8)
#2292 0 8000021c 02f74733 r 0e         00000004  div      x14, x14, x15
#2293 0 80000220 f00407b7 r 0f         f0040000  lui      x15, -0xffc0
#2294 0 80000224 08e7a023 m f0040080   00000004  sw       x14, 0x80(x15)
#2295 0 80000228 f00407b7 r 0f         f0040000  lui      x15, -0xffc0
#2296 0 8000022c 0787a783 r 0f         00000004  lw       x15, 0x78(x15)
#2297 0 80000230 fef42623 m f004107c   00000004  sw       x15, -0x14(x8)
#2298 0 80000234 f00407b7 r 0f         f0040000  lui      x15, -0xffc0
#2299 0 80000238 0787a783 r 0f         00000004  lw       x15, 0x78(x15)
#2300 0 8000023c 00178713 r 0e         00000005  addi     x14, x15, 0x1
#2301 0 80000240 f00407b7 r 0f         f0040000  lui      x15, -0xffc0
#2302 0 80000244 06e7ac23 m f0040078   00000005  sw       x14, 0x78(x15)
#2303 0 80000248 f00407b7 r 0f         f0040000  lui      x15, -0xffc0
#2304 0 8000024c 0787a703 r 0e         00000005  lw       x14, 0x78(x15)
#2305 0 80000250 f00407b7 r 0f         f0040000  lui      x15, -0xffc0
#2306 0 80000254 0387a783 r 0f         0000000e  lw       x15, 0x38(x15)
#2307 0 80000258 f8f740e3 r 00         00000000  blt      x14, x15, . - 0x80
#2308 0 800001d8 f00407b7 r 0f         f0040000  lui      x15, -0xffc0
#2309 0 800001dc 0787a783 r 0f         00000005  lw       x15, 0x78(x15)
#2310 0 800001e0 f0040737 r 0e         f0040000  lui      x14, -0xffc0
#2311 0 800001e4 00070713 r 0e         f0040000  addi     x14, x14, 0x0
#2312 0 800001e8     078a r 0f         00000014  c.slli   x15, 2
#2313 0 800001ea     97ba r 0f         f0040014  c.add    x15, x14
#2314 0 800001ec     4398 r 0e         0000002d  c.lw     x14, 0x0(x15)
#2315 0 800001ee fe842783 r 0f         0000000a  lw       x15, -0x18(x8)
#2316 0 800001f2 02f74733 r 0e         00000004  div      x14, x14, x15
#2317 0 800001f6 f00407b7 r 0f         f0040000  lui      x15, -0xffc0
#2318 0 800001fa 0807a783 r 0f         00000004  lw       x15, 0x80(x15)
#2319 0 800001fe 02f75b63 r 00         00000000  bge      x14, x15, . + 0x36
#2320 0 80000234 f00407b7 r 0f         f0040000  lui      x15, -0xffc0
#2321 0 80000238 0787a783 r 0f         00000005  lw       x15, 0x78(x15)
#2322 0 8000023c 00178713 r 0e         00000006  addi     x14, x15, 0x1
#2323 0 80000240 f00407b7 r 0f         f0040000  lui      x15, -0xffc0
#2324 0 80000244 06e7ac23 m f0040078   00000006  sw       x14, 0x78(x15)
#2325 0 80000248 f00407b7 r 0f         f0040000  lui      x15, -0xffc0
#2326 0 8000024c 0787a703 r 0e         00000006  lw       x14, 0x78(x15)
#2327 0 80000250 f00407b7 r 0f         f0040000  lui      x15, -0xffc0
#2328 0 80000254 0387a783 r 0f         0000000e  lw       x15, 0x38(x15)
#2329 0 80000258 f8f740e3 r 00         00000000  blt      x14, x15, . - 0x80
#2330 0 800001d8 f00407b7 r 0f         f0040000  lui      x15, -0xffc0
#2331 0 800001dc 0787a783 r 0f         00000006  lw       x15, 0x78(x15)
#2332 0 800001e0 f0040737 r 0e         f0040000  lui      x14, -0xffc0
#2333 0 800001e4 00070713 r 0e         f0040000  addi     x14, x14, 0x0
#2334 0 800001e8     078a r 0f         00000018  c.slli   x15, 2
#2335 0 800001ea     97ba r 0f         f0040018  c.add    x15, x14
#2336 0 800001ec     4398 r 0e         00000058  c.lw     x14, 0x0(x15)
#2337 0 800001ee fe842783 r 0f         0000000a  lw       x15, -0x18(x8)
#2338 0 800001f2 02f74733 r 0e         00000008  div      x14, x14, x15
#2339 0 800001f6 f00407b7 r 0f         f0040000  lui      x15, -0xffc0
#2340 0 800001fa 0807a783 r 0f         00000004  lw       x15, 0x80(x15)
#2341 0 800001fe 02f75b63 r 00         00000000  bge      x14, x15, . + 0x36
#2342 0 80000234 f00407b7 r 0f         f0040000  lui      x15, -0xffc0
#2343 0 80000238 0787a783 r 0f         00000006  lw       x15, 0x78(x15)
#2344 0 8000023c 00178713 r 0e         00000007  addi     x14, x15, 0x1
#2345 0 80000240 f00407b7 r 0f         f0040000  lui      x15, -0xffc0
#2346 0 80000244 06e7ac23 m f0040078   00000007  sw       x14, 0x78(x15)
#2347 0 80000248 f00407b7 r 0f         f0040000  lui      x15, -0xffc0
#2348 0 8000024c 0787a703 r 0e         00000007  lw       x14, 0x78(x15)
#2349 0 80000250 f00407b7 r 0f         f0040000  lui      x15, -0xffc0
#2350 0 80000254 0387a783 r 0f         0000000e  lw       x15, 0x38(x15)
#2351 0 80000258 f8f740e3 r 00         00000000  blt      x14, x15, . - 0x80
#2352 0 800001d8 f00407b7 r 0f         f0040000  lui      x15, -0xffc0
#2353 0 800001dc 0787a783 r 0f         00000007  lw       x15, 0x78(x15)
#2354 0 800001e0 f0040737 r 0e         f0040000  lui      x14, -0xffc0
#2355 0 800001e4 00070713 r 0e         f0040000  addi     x14, x14, 0x0
#2356 0 800001e8     078a r 0f         0000001c  c.slli   x15, 2
#2357 0 800001ea     97ba r 0f         f004001c  c.add    x15, x14
#2358 0 800001ec     4398 r 0e         00000043  c.lw     x14, 0x0(x15)
#2359 0 800001ee fe842783 r 0f         0000000a  lw       x15, -0x18(x8)
#2360 0 800001f2 02f74733 r 0e         00000006  div      x14, x14, x15
#2361 0 800001f6 f00407b7 r 0f         f0040000  lui      x15, -0xffc0
#2362 0 800001fa 0807a783 r 0f         00000004  lw       x15, 0x80(x15)
#2363 0 800001fe 02f75b63 r 00         00000000  bge      x14, x15, . + 0x36
#2364 0 80000234 f00407b7 r 0f         f0040000  lui      x15, -0xffc0
#2365 0 80000238 0787a783 r 0f         00000007  lw       x15, 0x78(x15)
#2366 0 8000023c 00178713 r 0e         00000008  addi     x14, x15, 0x1
#2367 0 80000240 f00407b7 r 0f         f0040000  lui      x15, -0xffc0
#2368 0 80000244 06e7ac23 m f0040078   00000008  sw       x14, 0x78(x15)
#2369 0 80000248 f00407b7 r 0f         f0040000  lui      x15, -0xffc0
#2370 0 8000024c 0787a703 r 0e         00000008  lw       x14, 0x78(x15)
#2371 0 80000250 f00407b7 r 0f         f0040000  lui      x15, -0xffc0
#2372 0 80000254 0387a783 r 0f         0000000e  lw       x15, 0x38(x15)
#2373 0 80000258 f8f740e3 r 00         00000000  blt      x14, x15, . - 0x80
#2374 0 800001d8 f00407b7 r 0f         f0040000  lui      x15, -0xffc0
#2375 0 800001dc 0787a783 r 0f         00000008  lw       x15, 0x78(x15)
#2376 0 800001e0 f0040737 r 0e         f0040000  lui      x14, -0xffc0
#2377 0 800001e4 00070713 r 0e         f0040000  addi     x14, x14, 0x0
#2378 0 800001e8     078a r 0f         00000020  c.slli   x15, 2
#2379 0 800001ea     97ba r 0f         f0040020  c.add    x15, x14
#2380 0 800001ec     4398 r 0e         0000005a  c.lw     x14, 0x0(x15)
#2381 0 800001ee fe842783 r 0f         0000000a  lw       x15, -0x18(x8)
#2382 0 800001f2 02f74733 r 0e         00000009  div      x14, x14, x15
#2383 0 800001f6 f00407b7 r 0f         f0040000  lui      x15, -0xffc0
#2384 0 800001fa 0807a783 r 0f         00000004  lw       x15, 0x80(x15)
#2385 0 800001fe 02f75b63 r 00         00000000  bge      x14, x15, . + 0x36
#2386 0 80000234 f00407b7 r 0f         f0040000  lui      x15, -0xffc0
#2387 0 80000238 0787a783 r 0f         00000008  lw       x15, 0x78(x15)
#2388 0 8000023c 00178713 r 0e         00000009  addi     x14, x15, 0x1
#2389 0 80000240 f00407b7 r 0f         f0040000  lui      x15, -0xffc0
#2390 0 80000244 06e7ac23 m f0040078   00000009  sw       x14, 0x78(x15)
#2391 0 80000248 f00407b7 r 0f         f0040000  lui      x15, -0xffc0
#2392 0 8000024c 0787a703 r 0e         00000009  lw       x14, 0x78(x15)
#2393 0 80000250 f00407b7 r 0f         f0040000  lui      x15, -0xffc0
#2394 0 80000254 0387a783 r 0f         0000000e  lw       x15, 0x38(x15)
#2395 0 80000258 f8f740e3 r 00         00000000  blt      x14, x15, . - 0x80
#2396 0 800001d8 f00407b7 r 0f         f0040000  lui      x15, -0xffc0
#2397 0 800001dc 0787a783 r 0f         00000009  lw       x15, 0x78(x15)
#2398 0 800001e0 f0040737 r 0e         f0040000  lui      x14, -0xffc0
#2399 0 800001e4 00070713 r 0e         f0040000  addi     x14, x14, 0x0
#2400 0 800001e8     078a r 0f         00000024  c.slli   x15, 2
#2401 0 800001ea     97ba r 0f         f0040024  c.add    x15, x14
#2402 0 800001ec     4398 r 0e         00000048  c.lw     x14, 0x0(x15)
#2403 0 800001ee fe842783 r 0f         0000000a  lw       x15, -0x18(x8)
#2404 0 800001f2 02f74733 r 0e         00000007  div      x14, x14, x15
#2405 0 800001f6 f00407b7 r 0f         f0040000  lui      x15, -0xffc0
#2406 0 800001fa 0807a783 r 0f         00000004  lw       x15, 0x80(x15)
#2407 0 800001fe 02f75b63 r 00         00000000  bge      x14, x15, . + 0x36
#2408 0 80000234 f00407b7 r 0f         f0040000  lui      x15, -0xffc0
#2409 0 80000238 0787a783 r 0f         00000009  lw       x15, 0x78(x15)
#2410 0 8000023c 00178713 r 0e         0000000a  addi     x14, x15, 0x1
#2411 0 80000240 f00407b7 r 0f         f0040000  lui      x15, -0xffc0
#2412 0 80000244 06e7ac23 m f0040078   0000000a  sw       x14, 0x78(x15)
#2413 0 80000248 f00407b7 r 0f         f0040000  lui      x15, -0xffc0
#2414 0 8000024c 0787a703 r 0e         0000000a  lw       x14, 0x78(x15)
#2415 0 80000250 f00407b7 r 0f         f0040000  lui      x15, -0xffc0
#2416 0 80000254 0387a783 r 0f         0000000e  lw       x15, 0x38(x15)
#2417 0 80000258 f8f740e3 r 00         00000000  blt      x14, x15, . - 0x80
#2418 0 800001d8 f00407b7 r 0f         f0040000  lui      x15, -0xffc0
#2419 0 800001dc 0787a783 r 0f         0000000a  lw       x15, 0x78(x15)
#2420 0 800001e0 f0040737 r 0e         f0040000  lui      x14, -0xffc0
#2421 0 800001e4 00070713 r 0e         f0040000  addi     x14, x14, 0x0
#2422 0 800001e8     078a r 0f         00000028  c.slli   x15, 2
#2423 0 800001ea     97ba r 0f         f0040028  c.add    x15, x14
#2424 0 800001ec     4398 r 0e         0000004e  c.lw     x14, 0x0(x15)
#2425 0 800001ee fe842783 r 0f         0000000a  lw       x15, -0x18(x8)
#2426 0 800001f2 02f74733 r 0e         00000007  div      x14, x14, x15
#2427 0 800001f6 f00407b7 r 0f         f0040000  lui      x15, -0xffc0
#2428 0 800001fa 0807a783 r 0f         00000004  lw       x15, 0x80(x15)
#2429 0 800001fe 02f75b63 r 00         00000000  bge      x14, x15, . + 0x36
#2430 0 80000234 f00407b7 r 0f         f0040000  lui      x15, -0xffc0
#2431 0 80000238 0787a783 r 0f         0000000a  lw       x15, 0x78(x15)
#2432 0 8000023c 00178713 r 0e         0000000b  addi     x14, x15, 0x1
#2433 0 80000240 f00407b7 r 0f         f0040000  lui      x15, -0xffc0
#2434 0 80000244 06e7ac23 m f0040078   0000000b  sw       x14, 0x78(x15)
#2435 0 80000248 f00407b7 r 0f         f0040000  lui      x15, -0xffc0
#2436 0 8000024c 0787a703 r 0e         0000000b  lw       x14, 0x78(x15)
#2437 0 80000250 f00407b7 r 0f         f0040000  lui      x15, -0xffc0
#2438 0 80000254 0387a783 r 0f         0000000e  lw       x15, 0x38(x15)
#2439 0 80000258 f8f740e3 r 00         00000000  blt      x14, x15, . - 0x80
#2440 0 800001d8 f00407b7 r 0f         f0040000  lui      x15, -0xffc0
#2441 0 800001dc 0787a783 r 0f         0000000b  lw       x15, 0x78(x15)
#2442 0 800001e0 f0040737 r 0e         f0040000  lui      x14, -0xffc0
#2443 0 800001e4 00070713 r 0e         f0040000  addi     x14, x14, 0x0
#2444 0 800001e8     078a r 0f         0000002c  c.slli   x15, 2
#2445 0 800001ea     97ba r 0f         f004002c  c.add    x15, x14
#2446 0 800001ec     4398 r 0e         00000022  c.lw     x14, 0x0(x15)
#2447 0 800001ee fe842783 r 0f         0000000a  lw       x15, -0x18(x8)
#2448 0 800001f2 02f74733 r 0e         00000003  div      x14, x14, x15
#2449 0 800001f6 f00407b7 r 0f         f0040000  lui      x15, -0xffc0
#2450 0 800001fa 0807a783 r 0f         00000004  lw       x15, 0x80(x15)
#2451 0 800001fe 02f75b63 r 00         00000000  bge      x14, x15, . + 0x36
#2452 0 80000202 f00407b7 r 0f         f0040000  lui      x15, -0xffc0
#2453 0 80000206 0787a783 r 0f         0000000b  lw       x15, 0x78(x15)
#2454 0 8000020a f0040737 r 0e         f0040000  lui      x14, -0xffc0
#2455 0 8000020e 00070713 r 0e         f0040000  addi     x14, x14, 0x0
#2456 0 80000212     078a r 0f         0000002c  c.slli   x15, 2
#2457 0 80000214     97ba r 0f         f004002c  c.add    x15, x14
#2458 0 80000216     4398 r 0e         00000022  c.lw     x14, 0x0(x15)
#2459 0 80000218 fe842783 r 0f         0000000a  lw       x15, -0x18(x8)
#2460 0 8000021c 02f74733 r 0e         00000003  div      x14, x14, x15
#2461 0 80000220 f00407b7 r 0f         f0040000  lui      x15, -0xffc0
#2462 0 80000224 08e7a023 m f0040080   00000003  sw       x14, 0x80(x15)
#2463 0 80000228 f00407b7 r 0f         f0040000  lui      x15, -0xffc0
#2464 0 8000022c 0787a783 r 0f         0000000b  lw       x15, 0x78(x15)
#2465 0 80000230 fef42623 m f004107c   0000000b  sw       x15, -0x14(x8)
#2466 0 80000234 f00407b7 r 0f         f0040000  lui      x15, -0xffc0
#2467 0 80000238 0787a783 r 0f         0000000b  lw       x15, 0x78(x15)
#2468 0 8000023c 00178713 r 0e         0000000c  addi     x14, x15, 0x1
#2469 0 80000240 f00407b7 r 0f         f0040000  lui      x15, -0xffc0
#2470 0 80000244 06e7ac23 m f0040078   0000000c  sw       x14, 0x78(x15)
#2471 0 80000248 f00407b7 r 0f         f0040000  lui      x15, -0xffc0
#2472 0 8000024c 0787a703 r 0e         0000000c  lw       x14, 0x78(x15)
#2473 0 80000250 f00407b7 r 0f         f0040000  lui      x15, -0xffc0
#2474 0 80000254 0387a783 r 0f         0000000e  lw       x15, 0x38(x15)
#2475 0 80000258 f8f740e3 r 00         00000000  blt      x14, x15, . - 0x80
#2476 0 800001d8 f00407b7 r 0f         f0040000  lui      x15, -0xffc0
#2477 0 800001dc 0787a783 r 0f         0000000c  lw       x15, 0x78(x15)
#2478 0 800001e0 f0040737 r 0e         f0040000  lui      x14, -0xffc0
#2479 0 800001e4 00070713 r 0e         f0040000  addi     x14, x14, 0x0
#2480 0 800001e8     078a r 0f         00000030  c.slli   x15, 2
#2481 0 800001ea     97ba r 0f         f0040030  c.add    x15, x14
#2482 0 800001ec     4398 r 0e         00000042  c.lw     x14, 0x0(x15)
#2483 0 800001ee fe842783 r 0f         0000000a  lw       x15, -0x18(x8)
#2484 0 800001f2 02f74733 r 0e         00000006  div      x14, x14, x15
#2485 0 800001f6 f00407b7 r 0f         f0040000  lui      x15, -0xffc0
#2486 0 800001fa 0807a783 r 0f         00000003  lw       x15, 0x80(x15)
#2487 0 800001fe 02f75b63 r 00         00000000  bge      x14, x15, . + 0x36
#2488 0 80000234 f00407b7 r 0f         f0040000  lui      x15, -0xffc0
#2489 0 80000238 0787a783 r 0f         0000000c  lw       x15, 0x78(x15)
#2490 0 8000023c 00178713 r 0e         0000000d  addi     x14, x15, 0x1
#2491 0 80000240 f00407b7 r 0f         f0040000  lui      x15, -0xffc0
#2492 0 80000244 06e7ac23 m f0040078   0000000d  sw       x14, 0x78(x15)
#2493 0 80000248 f00407b7 r 0f         f0040000  lui      x15, -0xffc0
#2494 0 8000024c 0787a703 r 0e         0000000d  lw       x14, 0x78(x15)
#2495 0 80000250 f00407b7 r 0f         f0040000  lui      x15, -0xffc0
#2496 0 80000254 0387a783 r 0f         0000000e  lw       x15, 0x38(x15)
#2497 0 80000258 f8f740e3 r 00         00000000  blt      x14, x15, . - 0x80
#2498 0 800001d8 f00407b7 r 0f         f0040000  lui      x15, -0xffc0
#2499 0 800001dc 0787a783 r 0f         0000000d  lw       x15, 0x78(x15)
#2500 0 800001e0 f0040737 r 0e         f0040000  lui      x14, -0xffc0
#2501 0 800001e4 00070713 r 0e         f0040000  addi     x14, x14, 0x0
#2502 0 800001e8     078a r 0f         00000034  c.slli   x15, 2
#2503 0 800001ea     97ba r 0f         f0040034  c.add    x15, x14
#2504 0 800001ec     4398 r 0e         00000037  c.lw     x14, 0x0(x15)
#2505 0 800001ee fe842783 r 0f         0000000a  lw       x15, -0x18(x8)
#2506 0 800001f2 02f74733 r 0e         00000005  div      x14, x14, x15
#2507 0 800001f6 f00407b7 r 0f         f0040000  lui      x15, -0xffc0
#2508 0 800001fa 0807a783 r 0f         00000003  lw       x15, 0x80(x15)
#2509 0 800001fe 02f75b63 r 00         00000000  bge      x14, x15, . + 0x36
#2510 0 80000234 f00407b7 r 0f         f0040000  lui      x15, -0xffc0
#2511 0 80000238 0787a783 r 0f         0000000d  lw       x15, 0x78(x15)
#2512 0 8000023c 00178713 r 0e         0000000e  addi     x14, x15, 0x1
#2513 0 80000240 f00407b7 r 0f         f0040000  lui      x15, -0xffc0
#2514 0 80000244 06e7ac23 m f0040078   0000000e  sw       x14, 0x78(x15)
#2515 0 80000248 f00407b7 r 0f         f0040000  lui      x15, -0xffc0
#2516 0 8000024c 0787a703 r 0e         0000000e  lw       x14, 0x78(x15)
#2517 0 80000250 f00407b7 r 0f         f0040000  lui      x15, -0xffc0
#2518 0 80000254 0387a783 r 0f         0000000e  lw       x15, 0x38(x15)
#2519 0 80000258 f8f740e3 r 00         00000000  blt      x14, x15, . - 0x80
#2520 0 8000025c f00407b7 r 0f         f0040000  lui      x15, -0xffc0
#2521 0 80000260 03c78713 r 0e         f004003c  addi     x14, x15, 0x3c
#2522 0 80000264 fec42783 r 0f         0000000b  lw       x15, -0x14(x8)
#2523 0 80000268     078a r 0f         0000002c  c.slli   x15, 2
#2524 0 8000026a     97ba r 0f         f0040068  c.add    x15, x14
#2525 0 8000026c     4398 r 0e         00000022  c.lw     x14, 0x0(x15)
#2526 0 8000026e f00407b7 r 0f         f0040000  lui      x15, -0xffc0
#2527 0 80000272 06e7ae23 m f004007c   00000022  sw       x14, 0x7c(x15)
#2528 0 80000276 f00407b7 r 0f         f0040000  lui      x15, -0xffc0
#2529 0 8000027a 0747a783 r 0f         00000003  lw       x15, 0x74(x15)
#2530 0 8000027e f0040737 r 0e         f0040000  lui      x14, -0xffc0
#2531 0 80000282 03c70713 r 0e         f004003c  addi     x14, x14, 0x3c
#2532 0 80000286     078a r 0f         0000000c  c.slli   x15, 2
#2533 0 80000288     97ba r 0f         f0040048  c.add    x15, x14
#2534 0 8000028a     4398 r 0e         00000059  c.lw     x14, 0x0(x15)
#2535 0 8000028c f00407b7 r 0f         f0040000  lui      x15, -0xffc0
#2536 0 80000290 03c78693 r 0d         f004003c  addi     x13, x15, 0x3c
#2537 0 80000294 fec42783 r 0f         0000000b  lw       x15, -0x14(x8)
#2538 0 80000298     078a r 0f         0000002c  c.slli   x15, 2
#2539 0 8000029a     97b6 r 0f         f0040068  c.add    x15, x13
#2540 0 8000029c     c398 m f0040068   00000059  c.sw     x14, 0x0(x15)
#2541 0 8000029e f00407b7 r 0f         f0040000  lui      x15, -0xffc0
#2542 0 800002a2 0747a783 r 0f         00000003  lw       x15, 0x74(x15)
#2543 0 800002a6 f0040737 r 0e         f0040000  lui      x14, -0xffc0
#2544 0 800002aa 07c72703 r 0e         00000022  lw       x14, 0x7c(x14)
#2545 0 800002ae f00406b7 r 0d         f0040000  lui      x13, -0xffc0
#2546 0 800002b2 03c68693 r 0d         f004003c  addi     x13, x13, 0x3c
#2547 0 800002b6     078a r 0f         0000000c  c.slli   x15, 2
#2548 0 800002b8     97b6 r 0f         f0040048  c.add    x15, x13
#2549 0 800002ba     c398 m f0040048   00000022  c.sw     x14, 0x0(x15)
#2550 0 800002bc f00407b7 r 0f         f0040000  lui      x15, -0xffc0
#2551 0 800002c0 00078713 r 0e         f0040000  addi     x14, x15, 0x0
#2552 0 800002c4 fec42783 r 0f         0000000b  lw       x15, -0x14(x8)
#2553 0 800002c8     078a r 0f         0000002c  c.slli   x15, 2
#2554 0 800002ca     97ba r 0f         f004002c  c.add    x15, x14
#2555 0 800002cc     4398 r 0e         00000022  c.lw     x14, 0x0(x15)
#2556 0 800002ce f00407b7 r 0f         f0040000  lui      x15, -0xffc0
#2557 0 800002d2 06e7ae23 m f004007c   00000022  sw       x14, 0x7c(x15)
#2558 0 800002d6 f00407b7 r 0f         f0040000  lui      x15, -0xffc0
#2559 0 800002da 0747a783 r 0f         00000003  lw       x15, 0x74(x15)
#2560 0 800002de f0040737 r 0e         f0040000  lui      x14, -0xffc0
#2561 0 800002e2 00070713 r 0e         f0040000  addi     x14, x14, 0x0
#2562 0 800002e6     078a r 0f         0000000c  c.slli   x15, 2
#2563 0 800002e8     97ba r 0f         f004000c  c.add    x15, x14
#2564 0 800002ea     4398 r 0e         00000059  c.lw     x14, 0x0(x15)
#2565 0 800002ec f00407b7 r 0f         f0040000  lui      x15, -0xffc0
#2566 0 800002f0 00078693 r 0d         f0040000  addi     x13, x15, 0x0
#2567 0 800002f4 fec42783 r 0f         0000000b  lw       x15, -0x14(x8)
#2568 0 800002f8     078a r 0f         0000002c  c.slli   x15, 2
#2569 0 800002fa     97b6 r 0f         f004002c  c.add    x15, x13
#2570 0 800002fc     c398 m f004002c   00000059  c.sw     x14, 0x0(x15)
#2571 0 800002fe f00407b7 r 0f         f0040000  lui      x15, -0xffc0
#2572 0 80000302 0747a783 r 0f         00000003  lw       x15, 0x74(x15)
#2573 0 80000306 f0040737 r 0e         f0040000  lui      x14, -0xffc0
#2574 0 8000030a 07c72703 r 0e         00000022  lw       x14, 0x7c(x14)
#2575 0 8000030e f00406b7 r 0d         f0040000  lui      x13, -0xffc0
#2576 0 80000312 00068693 r 0d         f0040000  addi     x13, x13, 0x0
#2577 0 80000316     078a r 0f         0000000c  c.slli   x15, 2
#2578 0 80000318     97b6 r 0f         f004000c  c.add    x15, x13
#2579 0 8000031a     c398 m f004000c   00000022  c.sw     x14, 0x0(x15)
#2580 0 8000031c f00407b7 r 0f         f0040000  lui      x15, -0xffc0
#2581 0 80000320 0747a783 r 0f         00000003  lw       x15, 0x74(x15)
#2582 0 80000324 00178713 r 0e         00000004  addi     x14, x15, 0x1
#2583 0 80000328 f00407b7 r 0f         f0040000  lui      x15, -0xffc0
#2584 0 8000032c 06e7aa23 m f0040074   00000004  sw       x14, 0x74(x15)
#2585 0 80000330 f00407b7 r 0f         f0040000  lui      x15, -0xffc0
#2586 0 80000334 0747a703 r 0e         00000004  lw       x14, 0x74(x15)
#2587 0 80000338 f00407b7 r 0f         f0040000  lui      x15, -0xffc0
#2588 0 8000033c 0387a783 r 0f         0000000e  lw       x15, 0x38(x15)
#2589 0 80000340 e4f748e3 r 00         00000000  blt      x14, x15, . - 0x1b0
#2590 0 80000190 f00407b7 r 0f         f0040000  lui      x15, -0xffc0
#2591 0 80000194 0747a783 r 0f         00000004  lw       x15, 0x74(x15)
#2592 0 80000198 f0040737 r 0e         f0040000  lui      x14, -0xffc0
#2593 0 8000019c 00070713 r 0e         f0040000  addi     x14, x14, 0x0
#2594 0 800001a0     078a r 0f         00000010  c.slli   x15, 2
#2595 0 800001a2     97ba r 0f         f0040010  c.add    x15, x14
#2596 0 800001a4     4398 r 0e         0000002c  c.lw     x14, 0x0(x15)
#2597 0 800001a6 fe842783 r 0f         0000000a  lw       x15, -0x18(x8)
#2598 0 800001aa 02f74733 r 0e         00000004  div      x14, x14, x15
#2599 0 800001ae f00407b7 r 0f         f0040000  lui      x15, -0xffc0
#2600 0 800001b2 08e7a023 m f0040080   00000004  sw       x14, 0x80(x15)
#2601 0 800001b6 f00407b7 r 0f         f0040000  lui      x15, -0xffc0
#2602 0 800001ba 0747a783 r 0f         00000004  lw       x15, 0x74(x15)
#2603 0 800001be fef42623 m f004107c   00000004  sw       x15, -0x14(x8)
#2604 0 800001c2 f00407b7 r 0f         f0040000  lui      x15, -0xffc0
#2605 0 800001c6 0747a783 r 0f         00000004  lw       x15, 0x74(x15)
#2606 0 800001ca 00178713 r 0e         00000005  addi     x14, x15, 0x1
#2607 0 800001ce f00407b7 r 0f         f0040000  lui      x15, -0xffc0
#2608 0 800001d2 06e7ac23 m f0040078   00000005  sw       x14, 0x78(x15)
#2609 0 800001d6     a88d r 00         00000000  c.j      . + 0x72
#2610 0 80000248 f00407b7 r 0f         f0040000  lui      x15, -0xffc0
#2611 0 8000024c 0787a703 r 0e         00000005  lw       x14, 0x78(x15)
#2612 0 80000250 f00407b7 r 0f         f0040000  lui      x15, -0xffc0
#2613 0 80000254 0387a783 r 0f         0000000e  lw       x15, 0x38(x15)
#2614 0 80000258 f8f740e3 r 00         00000000  blt      x14, x15, . - 0x80
#2615 0 800001d8 f00407b7 r 0f         f0040000  lui      x15, -0xffc0
#2616 0 800001dc 0787a783 r 0f         00000005  lw       x15, 0x78(x15)
#2617 0 800001e0 f0040737 r 0e         f0040000  lui      x14, -0xffc0
#2618 0 800001e4 00070713 r 0e         f0040000  addi     x14, x14, 0x0
#2619 0 800001e8     078a r 0f         00000014  c.slli   x15, 2
#2620 0 800001ea     97ba r 0f         f0040014  c.add    x15, x14
#2621 0 800001ec     4398 r 0e         0000002d  c.lw     x14, 0x0(x15)
#2622 0 800001ee fe842783 r 0f         0000000a  lw       x15, -0x18(x8)
#2623 0 800001f2 02f74733 r 0e         00000004  div      x14, x14, x15
#2624 0 800001f6 f00407b7 r 0f         f0040000  lui      x15, -0xffc0
#2625 0 800001fa 0807a783 r 0f         00000004  lw       x15, 0x80(x15)
#2626 0 800001fe 02f75b63 r 00         00000000  bge      x14, x15, . + 0x36
#2627 0 80000234 f00407b7 r 0f         f0040000  lui      x15, -0xffc0
#2628 0 80000238 0787a783 r 0f         00000005  lw       x15, 0x78(x15)
#2629 0 8000023c 00178713 r 0e         00000006  addi     x14, x15, 0x1
#2630 0 80000240 f00407b7 r 0f         f0040000  lui      x15, -0xffc0
#2631 0 80000244 06e7ac23 m f0040078   00000006  sw       x14, 0x78(x15)
#2632 0 80000248 f00407b7 r 0f         f0040000  lui      x15, -0xffc0
#2633 0 8000024c 0787a703 r 0e         00000006  lw       x14, 0x78(x15)
#2634 0 80000250 f00407b7 r 0f         f0040000  lui      x15, -0xffc0
#2635 0 80000254 0387a783 r 0f         0000000e  lw       x15, 0x38(x15)
#2636 0 80000258 f8f740e3 r 00         00000000  blt      x14, x15, . - 0x80
#2637 0 800001d8 f00407b7 r 0f         f0040000  lui      x15, -0xffc0
#2638 0 800001dc 0787a783 r 0f         00000006  lw       x15, 0x78(x15)
#2639 0 800001e0 f0040737 r 0e         f0040000  lui      x14, -0xffc0
#2640 0 800001e4 00070713 r 0e         f0040000  addi     x14, x14, 0x0
#2641 0 800001e8     078a r 0f         00000018  c.slli   x15, 2
#2642 0 800001ea     97ba r 0f         f0040018  c.add    x15, x14
#2643 0 800001ec     4398 r 0e         00000058  c.lw     x14, 0x0(x15)
#2644 0 800001ee fe842783 r 0f         0000000a  lw       x15, -0x18(x8)
#2645 0 800001f2 02f74733 r 0e         00000008  div      x14, x14, x15
#2646 0 800001f6 f00407b7 r 0f         f0040000  lui      x15, -0xffc0
#2647 0 800001fa 0807a783 r 0f         00000004  lw       x15, 0x80(x15)
#2648 0 800001fe 02f75b63 r 00         00000000  bge      x14, x15, . + 0x36
#2649 0 80000234 f00407b7 r 0f         f0040000  lui      x15, -0xffc0
#2650 0 80000238 0787a783 r 0f         00000006  lw       x15, 0x78(x15)
#2651 0 8000023c 00178713 r 0e         00000007  addi     x14, x15, 0x1
#2652 0 80000240 f00407b7 r 0f         f0040000  lui      x15, -0xffc0
#2653 0 80000244 06e7ac23 m f0040078   00000007  sw       x14, 0x78(x15)
#2654 0 80000248 f00407b7 r 0f         f0040000  lui      x15, -0xffc0
#2655 0 8000024c 0787a703 r 0e         00000007  lw       x14, 0x78(x15)
#2656 0 80000250 f00407b7 r 0f         f0040000  lui      x15, -0xffc0
#2657 0 80000254 0387a783 r 0f         0000000e  lw       x15, 0x38(x15)
#2658 0 80000258 f8f740e3 r 00         00000000  blt      x14, x15, . - 0x80
#2659 0 800001d8 f00407b7 r 0f         f0040000  lui      x15, -0xffc0
#2660 0 800001dc 0787a783 r 0f         00000007  lw       x15, 0x78(x15)
#2661 0 800001e0 f0040737 r 0e         f0040000  lui      x14, -0xffc0
#2662 0 800001e4 00070713 r 0e         f0040000  addi     x14, x14, 0x0
#2663 0 800001e8     078a r 0f         0000001c  c.slli   x15, 2
#2664 0 800001ea     97ba r 0f         f004001c  c.add    x15, x14
#2665 0 800001ec     4398 r 0e         00000043  c.lw     x14, 0x0(x15)
#2666 0 800001ee fe842783 r 0f         0000000a  lw       x15, -0x18(x8)
#2667 0 800001f2 02f74733 r 0e         00000006  div      x14, x14, x15
#2668 0 800001f6 f00407b7 r 0f         f0040000  lui      x15, -0xffc0
#2669 0 800001fa 0807a783 r 0f         00000004  lw       x15, 0x80(x15)
#2670 0 800001fe 02f75b63 r 00         00000000  bge      x14, x15, . + 0x36
#2671 0 80000234 f00407b7 r 0f         f0040000  lui      x15, -0xffc0
#2672 0 80000238 0787a783 r 0f         00000007  lw       x15, 0x78(x15)
#2673 0 8000023c 00178713 r 0e         00000008  addi     x14, x15, 0x1
#2674 0 80000240 f00407b7 r 0f         f0040000  lui      x15, -0xffc0
#2675 0 80000244 06e7ac23 m f0040078   00000008  sw       x14, 0x78(x15)
#2676 0 80000248 f00407b7 r 0f         f0040000  lui      x15, -0xffc0
#2677 0 8000024c 0787a703 r 0e         00000008  lw       x14, 0x78(x15)
#2678 0 80000250 f00407b7 r 0f         f0040000  lui      x15, -0xffc0
#2679 0 80000254 0387a783 r 0f         0000000e  lw       x15, 0x38(x15)
#2680 0 80000258 f8f740e3 r 00         00000000  blt      x14, x15, . - 0x80
#2681 0 800001d8 f00407b7 r 0f         f0040000  lui      x15, -0xffc0
#2682 0 800001dc 0787a783 r 0f         00000008  lw       x15, 0x78(x15)
#2683 0 800001e0 f0040737 r 0e         f0040000  lui      x14, -0xffc0
#2684 0 800001e4 00070713 r 0e         f0040000  addi     x14, x14, 0x0
#2685 0 800001e8     078a r 0f         00000020  c.slli   x15, 2
#2686 0 800001ea     97ba r 0f         f0040020  c.add    x15, x14
#2687 0 800001ec     4398 r 0e         0000005a  c.lw     x14, 0x0(x15)
#2688 0 800001ee fe842783 r 0f         0000000a  lw       x15, -0x18(x8)
#2689 0 800001f2 02f74733 r 0e         00000009  div      x14, x14, x15
#2690 0 800001f6 f00407b7 r 0f         f0040000  lui      x15, -0xffc0
#2691 0 800001fa 0807a783 r 0f         00000004  lw       x15, 0x80(x15)
#2692 0 800001fe 02f75b63 r 00         00000000  bge      x14, x15, . + 0x36
#2693 0 80000234 f00407b7 r 0f         f0040000  lui      x15, -0xffc0
#2694 0 80000238 0787a783 r 0f         00000008  lw       x15, 0x78(x15)
#2695 0 8000023c 00178713 r 0e         00000009  addi     x14, x15, 0x1
#2696 0 80000240 f00407b7 r 0f         f0040000  lui      x15, -0xffc0
#2697 0 80000244 06e7ac23 m f0040078   00000009  sw       x14, 0x78(x15)
#2698 0 80000248 f00407b7 r 0f         f0040000  lui      x15, -0xffc0
#2699 0 8000024c 0787a703 r 0e         00000009  lw       x14, 0x78(x15)
#2700 0 80000250 f00407b7 r 0f         f0040000  lui      x15, -0xffc0
#2701 0 80000254 0387a783 r 0f         0000000e  lw       x15, 0x38(x15)
#2702 0 80000258 f8f740e3 r 00         00000000  blt      x14, x15, . - 0x80
#2703 0 800001d8 f00407b7 r 0f         f0040000  lui      x15, -0xffc0
#2704 0 800001dc 0787a783 r 0f         00000009  lw       x15, 0x78(x15)
#2705 0 800001e0 f0040737 r 0e         f0040000  lui      x14, -0xffc0
#2706 0 800001e4 00070713 r 0e         f0040000  addi     x14, x14, 0x0
#2707 0 800001e8     078a r 0f         00000024  c.slli   x15, 2
#2708 0 800001ea     97ba r 0f         f0040024  c.add    x15, x14
#2709 0 800001ec     4398 r 0e         00000048  c.lw     x14, 0x0(x15)
#2710 0 800001ee fe842783 r 0f         0000000a  lw       x15, -0x18(x8)
#2711 0 800001f2 02f74733 r 0e         00000007  div      x14, x14, x15
#2712 0 800001f6 f00407b7 r 0f         f0040000  lui      x15, -0xffc0
#2713 0 800001fa 0807a783 r 0f         00000004  lw       x15, 0x80(x15)
#2714 0 800001fe 02f75b63 r 00         00000000  bge      x14, x15, . + 0x36
#2715 0 80000234 f00407b7 r 0f         f0040000  lui      x15, -0xffc0
#2716 0 80000238 0787a783 r 0f         00000009  lw       x15, 0x78(x15)
#2717 0 8000023c 00178713 r 0e         0000000a  addi     x14, x15, 0x1
#2718 0 80000240 f00407b7 r 0f         f0040000  lui      x15, -0xffc0
#2719 0 80000244 06e7ac23 m f0040078   0000000a  sw       x14, 0x78(x15)
#2720 0 80000248 f00407b7 r 0f         f0040000  lui      x15, -0xffc0
#2721 0 8000024c 0787a703 r 0e         0000000a  lw       x14, 0x78(x15)
#2722 0 80000250 f00407b7 r 0f         f0040000  lui      x15, -0xffc0
#2723 0 80000254 0387a783 r 0f         0000000e  lw       x15, 0x38(x15)
#2724 0 80000258 f8f740e3 r 00         00000000  blt      x14, x15, . - 0x80
#2725 0 800001d8 f00407b7 r 0f         f0040000  lui      x15, -0xffc0
#2726 0 800001dc 0787a783 r 0f         0000000a  lw       x15, 0x78(x15)
#2727 0 800001e0 f0040737 r 0e         f0040000  lui      x14, -0xffc0
#2728 0 800001e4 00070713 r 0e         f0040000  addi     x14, x14, 0x0
#2729 0 800001e8     078a r 0f         00000028  c.slli   x15, 2
#2730 0 800001ea     97ba r 0f         f0040028  c.add    x15, x14
#2731 0 800001ec     4398 r 0e         0000004e  c.lw     x14, 0x0(x15)
#2732 0 800001ee fe842783 r 0f         0000000a  lw       x15, -0x18(x8)
#2733 0 800001f2 02f74733 r 0e         00000007  div      x14, x14, x15
#2734 0 800001f6 f00407b7 r 0f         f0040000  lui      x15, -0xffc0
#2735 0 800001fa 0807a783 r 0f         00000004  lw       x15, 0x80(x15)
#2736 0 800001fe 02f75b63 r 00         00000000  bge      x14, x15, . + 0x36
#2737 0 80000234 f00407b7 r 0f         f0040000  lui      x15, -0xffc0
#2738 0 80000238 0787a783 r 0f         0000000a  lw       x15, 0x78(x15)
#2739 0 8000023c 00178713 r 0e         0000000b  addi     x14, x15, 0x1
#2740 0 80000240 f00407b7 r 0f         f0040000  lui      x15, -0xffc0
#2741 0 80000244 06e7ac23 m f0040078   0000000b  sw       x14, 0x78(x15)
#2742 0 80000248 f00407b7 r 0f         f0040000  lui      x15, -0xffc0
#2743 0 8000024c 0787a703 r 0e         0000000b  lw       x14, 0x78(x15)
#2744 0 80000250 f00407b7 r 0f         f0040000  lui      x15, -0xffc0
#2745 0 80000254 0387a783 r 0f         0000000e  lw       x15, 0x38(x15)
#2746 0 80000258 f8f740e3 r 00         00000000  blt      x14, x15, . - 0x80
#2747 0 800001d8 f00407b7 r 0f         f0040000  lui      x15, -0xffc0
#2748 0 800001dc 0787a783 r 0f         0000000b  lw       x15, 0x78(x15)
#2749 0 800001e0 f0040737 r 0e         f0040000  lui      x14, -0xffc0
#2750 0 800001e4 00070713 r 0e         f0040000  addi     x14, x14, 0x0
#2751 0 800001e8     078a r 0f         0000002c  c.slli   x15, 2
#2752 0 800001ea     97ba r 0f         f004002c  c.add    x15, x14
#2753 0 800001ec     4398 r 0e         00000059  c.lw     x14, 0x0(x15)
#2754 0 800001ee fe842783 r 0f         0000000a  lw       x15, -0x18(x8)
#2755 0 800001f2 02f74733 r 0e         00000008  div      x14, x14, x15
#2756 0 800001f6 f00407b7 r 0f         f0040000  lui      x15, -0xffc0
#2757 0 800001fa 0807a783 r 0f         00000004  lw       x15, 0x80(x15)
#2758 0 800001fe 02f75b63 r 00         00000000  bge      x14, x15, . + 0x36
#2759 0 80000234 f00407b7 r 0f         f0040000  lui      x15, -0xffc0
#2760 0 80000238 0787a783 r 0f         0000000b  lw       x15, 0x78(x15)
#2761 0 8000023c 00178713 r 0e         0000000c  addi     x14, x15, 0x1
#2762 0 80000240 f00407b7 r 0f         f0040000  lui      x15, -0xffc0
#2763 0 80000244 06e7ac23 m f0040078   0000000c  sw       x14, 0x78(x15)
#2764 0 80000248 f00407b7 r 0f         f0040000  lui      x15, -0xffc0
#2765 0 8000024c 0787a703 r 0e         0000000c  lw       x14, 0x78(x15)
#2766 0 80000250 f00407b7 r 0f         f0040000  lui      x15, -0xffc0
#2767 0 80000254 0387a783 r 0f         0000000e  lw       x15, 0x38(x15)
#2768 0 80000258 f8f740e3 r 00         00000000  blt      x14, x15, . - 0x80
#2769 0 800001d8 f00407b7 r 0f         f0040000  lui      x15, -0xffc0
#2770 0 800001dc 0787a783 r 0f         0000000c  lw       x15, 0x78(x15)
#2771 0 800001e0 f0040737 r 0e         f0040000  lui      x14, -0xffc0
#2772 0 800001e4 00070713 r 0e         f0040000  addi     x14, x14, 0x0
#2773 0 800001e8     078a r 0f         00000030  c.slli   x15, 2
#2774 0 800001ea     97ba r 0f         f0040030  c.add    x15, x14
#2775 0 800001ec     4398 r 0e         00000042  c.lw     x14, 0x0(x15)
#2776 0 800001ee fe842783 r 0f         0000000a  lw       x15, -0x18(x8)
#2777 0 800001f2 02f74733 r 0e         00000006  div      x14, x14, x15
#2778 0 800001f6 f00407b7 r 0f         f0040000  lui      x15, -0xffc0
#2779 0 800001fa 0807a783 r 0f         00000004  lw       x15, 0x80(x15)
#2780 0 800001fe 02f75b63 r 00         00000000  bge      x14, x15, . + 0x36
#2781 0 80000234 f00407b7 r 0f         f0040000  lui      x15, -0xffc0
#2782 0 80000238 0787a783 r 0f         0000000c  lw       x15, 0x78(x15)
#2783 0 8000023c 00178713 r 0e         0000000d  addi     x14, x15, 0x1
#2784 0 80000240 f00407b7 r 0f         f0040000  lui      x15, -0xffc0
#2785 0 80000244 06e7ac23 m f0040078   0000000d  sw       x14, 0x78(x15)
#2786 0 80000248 f00407b7 r 0f         f0040000  lui      x15, -0xffc0
#2787 0 8000024c 0787a703 r 0e         0000000d  lw       x14, 0x78(x15)
#2788 0 80000250 f00407b7 r 0f         f0040000  lui      x15, -0xffc0
#2789 0 80000254 0387a783 r 0f         0000000e  lw       x15, 0x38(x15)
#2790 0 80000258 f8f740e3 r 00         00000000  blt      x14, x15, . - 0x80
#2791 0 800001d8 f00407b7 r 0f         f0040000  lui      x15, -0xffc0
#2792 0 800001dc 0787a783 r 0f         0000000d  lw       x15, 0x78(x15)
#2793 0 800001e0 f0040737 r 0e         f0040000  lui      x14, -0xffc0
#2794 0 800001e4 00070713 r 0e         f0040000  addi     x14, x14, 0x0
#2795 0 800001e8     078a r 0f         00000034  c.slli   x15, 2
#2796 0 800001ea     97ba r 0f         f0040034  c.add    x15, x14
#2797 0 800001ec     4398 r 0e         00000037  c.lw     x14, 0x0(x15)
#2798 0 800001ee fe842783 r 0f         0000000a  lw       x15, -0x18(x8)
#2799 0 800001f2 02f74733 r 0e         00000005  div      x14, x14, x15
#2800 0 800001f6 f00407b7 r 0f         f0040000  lui      x15, -0xffc0
#2801 0 800001fa 0807a783 r 0f         00000004  lw       x15, 0x80(x15)
#2802 0 800001fe 02f75b63 r 00         00000000  bge      x14, x15, . + 0x36
#2803 0 80000234 f00407b7 r 0f         f0040000  lui      x15, -0xffc0
#2804 0 80000238 0787a783 r 0f         0000000d  lw       x15, 0x78(x15)
#2805 0 8000023c 00178713 r 0e         0000000e  addi     x14, x15, 0x1
#2806 0 80000240 f00407b7 r 0f         f0040000  lui      x15, -0xffc0
#2807 0 80000244 06e7ac23 m f0040078   0000000e  sw       x14, 0x78(x15)
#2808 0 80000248 f00407b7 r 0f         f0040000  lui      x15, -0xffc0
#2809 0 8000024c 0787a703 r 0e         0000000e  lw       x14, 0x78(x15)
#2810 0 80000250 f00407b7 r 0f         f0040000  lui      x15, -0xffc0
#2811 0 80000254 0387a783 r 0f         0000000e  lw       x15, 0x38(x15)
#2812 0 80000258 f8f740e3 r 00         00000000  blt      x14, x15, . - 0x80
#2813 0 8000025c f00407b7 r 0f         f0040000  lui      x15, -0xffc0
#2814 0 80000260 03c78713 r 0e         f004003c  addi     x14, x15, 0x3c
#2815 0 80000264 fec42783 r 0f         00000004  lw       x15, -0x14(x8)
#2816 0 80000268     078a r 0f         00000010  c.slli   x15, 2
#2817 0 8000026a     97ba r 0f         f004004c  c.add    x15, x14
#2818 0 8000026c     4398 r 0e         0000002c  c.lw     x14, 0x0(x15)
#2819 0 8000026e f00407b7 r 0f         f0040000  lui      x15, -0xffc0
#2820 0 80000272 06e7ae23 m f004007c   0000002c  sw       x14, 0x7c(x15)
#2821 0 80000276 f00407b7 r 0f         f0040000  lui      x15, -0xffc0
#2822 0 8000027a 0747a783 r 0f         00000004  lw       x15, 0x74(x15)
#2823 0 8000027e f0040737 r 0e         f0040000  lui      x14, -0xffc0
#2824 0 80000282 03c70713 r 0e         f004003c  addi     x14, x14, 0x3c
#2825 0 80000286     078a r 0f         00000010  c.slli   x15, 2
#2826 0 80000288     97ba r 0f         f004004c  c.add    x15, x14
#2827 0 8000028a     4398 r 0e         0000002c  c.lw     x14, 0x0(x15)
#2828 0 8000028c f00407b7 r 0f         f0040000  lui      x15, -0xffc0
#2829 0 80000290 03c78693 r 0d         f004003c  addi     x13, x15, 0x3c
#2830 0 80000294 fec42783 r 0f         00000004  lw       x15, -0x14(x8)
#2831 0 80000298     078a r 0f         00000010  c.slli   x15, 2
#2832 0 8000029a     97b6 r 0f         f004004c  c.add    x15, x13
#2833 0 8000029c     c398 m f004004c   0000002c  c.sw     x14, 0x0(x15)
#2834 0 8000029e f00407b7 r 0f         f0040000  lui      x15, -0xffc0
#2835 0 800002a2 0747a783 r 0f         00000004  lw       x15, 0x74(x15)
#2836 0 800002a6 f0040737 r 0e         f0040000  lui      x14, -0xffc0
#2837 0 800002aa 07c72703 r 0e         0000002c  lw       x14, 0x7c(x14)
#2838 0 800002ae f00406b7 r 0d         f0040000  lui      x13, -0xffc0
#2839 0 800002b2 03c68693 r 0d         f004003c  addi     x13, x13, 0x3c
#2840 0 800002b6     078a r 0f         00000010  c.slli   x15, 2
#2841 0 800002b8     97b6 r 0f         f004004c  c.add    x15, x13
#2842 0 800002ba     c398 m f004004c   0000002c  c.sw     x14, 0x0(x15)
#2843 0 800002bc f00407b7 r 0f         f0040000  lui      x15, -0xffc0
#2844 0 800002c0 00078713 r 0e         f0040000  addi     x14, x15, 0x0
#2845 0 800002c4 fec42783 r 0f         00000004  lw       x15, -0x14(x8)
#2846 0 800002c8     078a r 0f         00000010  c.slli   x15, 2
#2847 0 800002ca     97ba r 0f         f0040010  c.add    x15, x14
#2848 0 800002cc     4398 r 0e         0000002c  c.lw     x14, 0x0(x15)
#2849 0 800002ce f00407b7 r 0f         f0040000  lui      x15, -0xffc0
#2850 0 800002d2 06e7ae23 m f004007c   0000002c  sw       x14, 0x7c(x15)
#2851 0 800002d6 f00407b7 r 0f         f0040000  lui      x15, -0xffc0
#2852 0 800002da 0747a783 r 0f         00000004  lw       x15, 0x74(x15)
#2853 0 800002de f0040737 r 0e         f0040000  lui      x14, -0xffc0
#2854 0 800002e2 00070713 r 0e         f0040000  addi     x14, x14, 0x0
#2855 0 800002e6     078a r 0f         00000010  c.slli   x15, 2
#2856 0 800002e8     97ba r 0f         f0040010  c.add    x15, x14
#2857 0 800002ea     4398 r 0e         0000002c  c.lw     x14, 0x0(x15)
#2858 0 800002ec f00407b7 r 0f         f0040000  lui      x15, -0xffc0
#2859 0 800002f0 00078693 r 0d         f0040000  addi     x13, x15, 0x0
#2860 0 800002f4 fec42783 r 0f         00000004  lw       x15, -0x14(x8)
#2861 0 800002f8     078a r 0f         00000010  c.slli   x15, 2
#2862 0 800002fa     97b6 r 0f         f0040010  c.add    x15, x13
#2863 0 800002fc     c398 m f0040010   0000002c  c.sw     x14, 0x0(x15)
#2864 0 800002fe f00407b7 r 0f         f0040000  lui      x15, -0xffc0
#2865 0 80000302 0747a783 r 0f         00000004  lw       x15, 0x74(x15)
#2866 0 80000306 f0040737 r 0e         f0040000  lui      x14, -0xffc0
#2867 0 8000030a 07c72703 r 0e         0000002c  lw       x14, 0x7c(x14)
#2868 0 8000030e f00406b7 r 0d         f0040000  lui      x13, -0xffc0
#2869 0 80000312 00068693 r 0d         f0040000  addi     x13, x13, 0x0
#2870 0 80000316     078a r 0f         00000010  c.slli   x15, 2
#2871 0 80000318     97b6 r 0f         f0040010  c.add    x15, x13
#2872 0 8000031a     c398 m f0040010   0000002c  c.sw     x14, 0x0(x15)
#2873 0 8000031c f00407b7 r 0f         f0040000  lui      x15, -0xffc0
#2874 0 80000320 0747a783 r 0f         00000004  lw       x15, 0x74(x15)
#2875 0 80000324 00178713 r 0e         00000005  addi     x14, x15, 0x1
#2876 0 80000328 f00407b7 r 0f         f0040000  lui      x15, -0xffc0
#2877 0 8000032c 06e7aa23 m f0040074   00000005  sw       x14, 0x74(x15)
#2878 0 80000330 f00407b7 r 0f         f0040000  lui      x15, -0xffc0
#2879 0 80000334 0747a703 r 0e         00000005  lw       x14, 0x74(x15)
#2880 0 80000338 f00407b7 r 0f         f0040000  lui      x15, -0xffc0
#2881 0 8000033c 0387a783 r 0f         0000000e  lw       x15, 0x38(x15)
#2882 0 80000340 e4f748e3 r 00         00000000  blt      x14, x15, . - 0x1b0
#2883 0 80000190 f00407b7 r 0f         f0040000  lui      x15, -0xffc0
#2884 0 80000194 0747a783 r 0f         00000005  lw       x15, 0x74(x15)
#2885 0 80000198 f0040737 r 0e         f0040000  lui      x14, -0xffc0
#2886 0 8000019c 00070713 r 0e         f0040000  addi     x14, x14, 0x0
#2887 0 800001a0     078a r 0f         00000014  c.slli   x15, 2
#2888 0 800001a2     97ba r 0f         f0040014  c.add    x15, x14
#2889 0 800001a4     4398 r 0e         0000002d  c.lw     x14, 0x0(x15)
#2890 0 800001a6 fe842783 r 0f         0000000a  lw       x15, -0x18(x8)
#2891 0 800001aa 02f74733 r 0e         00000004  div      x14, x14, x15
#2892 0 800001ae f00407b7 r 0f         f0040000  lui      x15, -0xffc0
#2893 0 800001b2 08e7a023 m f0040080   00000004  sw       x14, 0x80(x15)
#2894 0 800001b6 f00407b7 r 0f         f0040000  lui      x15, -0xffc0
#2895 0 800001ba 0747a783 r 0f         00000005  lw       x15, 0x74(x15)
#2896 0 800001be fef42623 m f004107c   00000005  sw       x15, -0x14(x8)
#2897 0 800001c2 f00407b7 r 0f         f0040000  lui      x15, -0xffc0
#2898 0 800001c6 0747a783 r 0f         00000005  lw       x15, 0x74(x15)
#2899 0 800001ca 00178713 r 0e         00000006  addi     x14, x15, 0x1
#2900 0 800001ce f00407b7 r 0f         f0040000  lui      x15, -0xffc0
#2901 0 800001d2 06e7ac23 m f0040078   00000006  sw       x14, 0x78(x15)
#2902 0 800001d6     a88d r 00         00000000  c.j      . + 0x72
#2903 0 80000248 f00407b7 r 0f         f0040000  lui      x15, -0xffc0
#2904 0 8000024c 0787a703 r 0e         00000006  lw       x14, 0x78(x15)
#2905 0 80000250 f00407b7 r 0f         f0040000  lui      x15, -0xffc0
#2906 0 80000254 0387a783 r 0f         0000000e  lw       x15, 0x38(x15)
#2907 0 80000258 f8f740e3 r 00         00000000  blt      x14, x15, . - 0x80
#2908 0 800001d8 f00407b7 r 0f         f0040000  lui      x15, -0xffc0
#2909 0 800001dc 0787a783 r 0f         00000006  lw       x15, 0x78(x15)
#2910 0 800001e0 f0040737 r 0e         f0040000  lui      x14, -0xffc0
#2911 0 800001e4 00070713 r 0e         f0040000  addi     x14, x14, 0x0
#2912 0 800001e8     078a r 0f         00000018  c.slli   x15, 2
#2913 0 800001ea     97ba r 0f         f0040018  c.add    x15, x14
#2914 0 800001ec     4398 r 0e         00000058  c.lw     x14, 0x0(x15)
#2915 0 800001ee fe842783 r 0f         0000000a  lw       x15, -0x18(x8)
#2916 0 800001f2 02f74733 r 0e         00000008  div      x14, x14, x15
#2917 0 800001f6 f00407b7 r 0f         f0040000  lui      x15, -0xffc0
#2918 0 800001fa 0807a783 r 0f         00000004  lw       x15, 0x80(x15)
#2919 0 800001fe 02f75b63 r 00         00000000  bge      x14, x15, . + 0x36
#2920 0 80000234 f00407b7 r 0f         f0040000  lui      x15, -0xffc0
#2921 0 80000238 0787a783 r 0f         00000006  lw       x15, 0x78(x15)
#2922 0 8000023c 00178713 r 0e         00000007  addi     x14, x15, 0x1
#2923 0 80000240 f00407b7 r 0f         f0040000  lui      x15, -0xffc0
#2924 0 80000244 06e7ac23 m f0040078   00000007  sw       x14, 0x78(x15)
#2925 0 80000248 f00407b7 r 0f         f0040000  lui      x15, -0xffc0
#2926 0 8000024c 0787a703 r 0e         00000007  lw       x14, 0x78(x15)
#2927 0 80000250 f00407b7 r 0f         f0040000  lui      x15, -0xffc0
#2928 0 80000254 0387a783 r 0f         0000000e  lw       x15, 0x38(x15)
#2929 0 80000258 f8f740e3 r 00         00000000  blt      x14, x15, . - 0x80
#2930 0 800001d8 f00407b7 r 0f         f0040000  lui      x15, -0xffc0
#2931 0 800001dc 0787a783 r 0f         00000007  lw       x15, 0x78(x15)
#2932 0 800001e0 f0040737 r 0e         f0040000  lui      x14, -0xffc0
#2933 0 800001e4 00070713 r 0e         f0040000  addi     x14, x14, 0x0
#2934 0 800001e8     078a r 0f         0000001c  c.slli   x15, 2
#2935 0 800001ea     97ba r 0f         f004001c  c.add    x15, x14
#2936 0 800001ec     4398 r 0e         00000043  c.lw     x14, 0x0(x15)
#2937 0 800001ee fe842783 r 0f         0000000a  lw       x15, -0x18(x8)
#2938 0 800001f2 02f74733 r 0e         00000006  div      x14, x14, x15
#2939 0 800001f6 f00407b7 r 0f         f0040000  lui      x15, -0xffc0
#2940 0 800001fa 0807a783 r 0f         00000004  lw       x15, 0x80(x15)
#2941 0 800001fe 02f75b63 r 00         00000000  bge      x14, x15, . + 0x36
#2942 0 80000234 f00407b7 r 0f         f0040000  lui      x15, -0xffc0
#2943 0 80000238 0787a783 r 0f         00000007  lw       x15, 0x78(x15)
#2944 0 8000023c 00178713 r 0e         00000008  addi     x14, x15, 0x1
#2945 0 80000240 f00407b7 r 0f         f0040000  lui      x15, -0xffc0
#2946 0 80000244 06e7ac23 m f0040078   00000008  sw       x14, 0x78(x15)
#2947 0 80000248 f00407b7 r 0f         f0040000  lui      x15, -0xffc0
#2948 0 8000024c 0787a703 r 0e         00000008  lw       x14, 0x78(x15)
#2949 0 80000250 f00407b7 r 0f         f0040000  lui      x15, -0xffc0
#2950 0 80000254 0387a783 r 0f         0000000e  lw       x15, 0x38(x15)
#2951 0 80000258 f8f740e3 r 00         00000000  blt      x14, x15, . - 0x80
#2952 0 800001d8 f00407b7 r 0f         f0040000  lui      x15, -0xffc0
#2953 0 800001dc 0787a783 r 0f         00000008  lw       x15, 0x78(x15)
#2954 0 800001e0 f0040737 r 0e         f0040000  lui      x14, -0xffc0
#2955 0 800001e4 00070713 r 0e         f0040000  addi     x14, x14, 0x0
#2956 0 800001e8     078a r 0f         00000020  c.slli   x15, 2
#2957 0 800001ea     97ba r 0f         f0040020  c.add    x15, x14
#2958 0 800001ec     4398 r 0e         0000005a  c.lw     x14, 0x0(x15)
#2959 0 800001ee fe842783 r 0f         0000000a  lw       x15, -0x18(x8)
#2960 0 800001f2 02f74733 r 0e         00000009  div      x14, x14, x15
#2961 0 800001f6 f00407b7 r 0f         f0040000  lui      x15, -0xffc0
#2962 0 800001fa 0807a783 r 0f         00000004  lw       x15, 0x80(x15)
#2963 0 800001fe 02f75b63 r 00         00000000  bge      x14, x15, . + 0x36
#2964 0 80000234 f00407b7 r 0f         f0040000  lui      x15, -0xffc0
#2965 0 80000238 0787a783 r 0f         00000008  lw       x15, 0x78(x15)
#2966 0 8000023c 00178713 r 0e         00000009  addi     x14, x15, 0x1
#2967 0 80000240 f00407b7 r 0f         f0040000  lui      x15, -0xffc0
#2968 0 80000244 06e7ac23 m f0040078   00000009  sw       x14, 0x78(x15)
#2969 0 80000248 f00407b7 r 0f         f0040000  lui      x15, -0xffc0
#2970 0 8000024c 0787a703 r 0e         00000009  lw       x14, 0x78(x15)
#2971 0 80000250 f00407b7 r 0f         f0040000  lui      x15, -0xffc0
#2972 0 80000254 0387a783 r 0f         0000000e  lw       x15, 0x38(x15)
#2973 0 80000258 f8f740e3 r 00         00000000  blt      x14, x15, . - 0x80
#2974 0 800001d8 f00407b7 r 0f         f0040000  lui      x15, -0xffc0
#2975 0 800001dc 0787a783 r 0f         00000009  lw       x15, 0x78(x15)
#2976 0 800001e0 f0040737 r 0e         f0040000  lui      x14, -0xffc0
#2977 0 800001e4 00070713 r 0e         f0040000  addi     x14, x14, 0x0
#2978 0 800001e8     078a r 0f         00000024  c.slli   x15, 2
#2979 0 800001ea     97ba r 0f         f0040024  c.add    x15, x14
#2980 0 800001ec     4398 r 0e         00000048  c.lw     x14, 0x0(x15)
#2981 0 800001ee fe842783 r 0f         0000000a  lw       x15, -0x18(x8)
#2982 0 800001f2 02f74733 r 0e         00000007  div      x14, x14, x15
#2983 0 800001f6 f00407b7 r 0f         f0040000  lui      x15, -0xffc0
#2984 0 800001fa 0807a783 r 0f         00000004  lw       x15, 0x80(x15)
#2985 0 800001fe 02f75b63 r 00         00000000  bge      x14, x15, . + 0x36
#2986 0 80000234 f00407b7 r 0f         f0040000  lui      x15, -0xffc0
#2987 0 80000238 0787a783 r 0f         00000009  lw       x15, 0x78(x15)
#2988 0 8000023c 00178713 r 0e         0000000a  addi     x14, x15, 0x1
#2989 0 80000240 f00407b7 r 0f         f0040000  lui      x15, -0xffc0
#2990 0 80000244 06e7ac23 m f0040078   0000000a  sw       x14, 0x78(x15)
#2991 0 80000248 f00407b7 r 0f         f0040000  lui      x15, -0xffc0
#2992 0 8000024c 0787a703 r 0e         0000000a  lw       x14, 0x78(x15)
#2993 0 80000250 f00407b7 r 0f         f0040000  lui      x15, -0xffc0
#2994 0 80000254 0387a783 r 0f         0000000e  lw       x15, 0x38(x15)
#2995 0 80000258 f8f740e3 r 00         00000000  blt      x14, x15, . - 0x80
#2996 0 800001d8 f00407b7 r 0f         f0040000  lui      x15, -0xffc0
#2997 0 800001dc 0787a783 r 0f         0000000a  lw       x15, 0x78(x15)
#2998 0 800001e0 f0040737 r 0e         f0040000  lui      x14, -0xffc0
#2999 0 800001e4 00070713 r 0e         f0040000  addi     x14, x14, 0x0
#3000 0 800001e8     078a r 0f         00000028  c.slli   x15, 2
#3001 0 800001ea     97ba r 0f         f0040028  c.add    x15, x14
#3002 0 800001ec     4398 r 0e         0000004e  c.lw     x14, 0x0(x15)
#3003 0 800001ee fe842783 r 0f         0000000a  lw       x15, -0x18(x8)
#3004 0 800001f2 02f74733 r 0e         00000007  div      x14, x14, x15
#3005 0 800001f6 f00407b7 r 0f         f0040000  lui      x15, -0xffc0
#3006 0 800001fa 0807a783 r 0f         00000004  lw       x15, 0x80(x15)
#3007 0 800001fe 02f75b63 r 00         00000000  bge      x14, x15, . + 0x36
#3008 0 80000234 f00407b7 r 0f         f0040000  lui      x15, -0xffc0
#3009 0 80000238 0787a783 r 0f         0000000a  lw       x15, 0x78(x15)
#3010 0 8000023c 00178713 r 0e         0000000b  addi     x14, x15, 0x1
#3011 0 80000240 f00407b7 r 0f         f0040000  lui      x15, -0xffc0
#3012 0 80000244 06e7ac23 m f0040078   0000000b  sw       x14, 0x78(x15)
#3013 0 80000248 f00407b7 r 0f         f0040000  lui      x15, -0xffc0
#3014 0 8000024c 0787a703 r 0e         0000000b  lw       x14, 0x78(x15)
#3015 0 80000250 f00407b7 r 0f         f0040000  lui      x15, -0xffc0
#3016 0 80000254 0387a783 r 0f         0000000e  lw       x15, 0x38(x15)
#3017 0 80000258 f8f740e3 r 00         00000000  blt      x14, x15, . - 0x80
#3018 0 800001d8 f00407b7 r 0f         f0040000  lui      x15, -0xffc0
#3019 0 800001dc 0787a783 r 0f         0000000b  lw       x15, 0x78(x15)
#3020 0 800001e0 f0040737 r 0e         f0040000  lui      x14, -0xffc0
#3021 0 800001e4 00070713 r 0e         f0040000  addi     x14, x14, 0x0
#3022 0 800001e8     078a r 0f         0000002c  c.slli   x15, 2
#3023 0 800001ea     97ba r 0f         f004002c  c.add    x15, x14
#3024 0 800001ec     4398 r 0e         00000059  c.lw     x14, 0x0(x15)
#3025 0 800001ee fe842783 r 0f         0000000a  lw       x15, -0x18(x8)
#3026 0 800001f2 02f74733 r 0e         00000008  div      x14, x14, x15
#3027 0 800001f6 f00407b7 r 0f         f0040000  lui      x15, -0xffc0
#3028 0 800001fa 0807a783 r 0f         00000004  lw       x15, 0x80(x15)
#3029 0 800001fe 02f75b63 r 00         00000000  bge      x14, x15, . + 0x36
#3030 0 80000234 f00407b7 r 0f         f0040000  lui      x15, -0xffc0
#3031 0 80000238 0787a783 r 0f         0000000b  lw       x15, 0x78(x15)
#3032 0 8000023c 00178713 r 0e         0000000c  addi     x14, x15, 0x1
#3033 0 80000240 f00407b7 r 0f         f0040000  lui      x15, -0xffc0
#3034 0 80000244 06e7ac23 m f0040078   0000000c  sw       x14, 0x78(x15)
#3035 0 80000248 f00407b7 r 0f         f0040000  lui      x15, -0xffc0
#3036 0 8000024c 0787a703 r 0e         0000000c  lw       x14, 0x78(x15)
#3037 0 80000250 f00407b7 r 0f         f0040000  lui      x15, -0xffc0
#3038 0 80000254 0387a783 r 0f         0000000e  lw       x15, 0x38(x15)
#3039 0 80000258 f8f740e3 r 00         00000000  blt      x14, x15, . - 0x80
#3040 0 800001d8 f00407b7 r 0f         f0040000  lui      x15, -0xffc0
#3041 0 800001dc 0787a783 r 0f         0000000c  lw       x15, 0x78(x15)
#3042 0 800001e0 f0040737 r 0e         f0040000  lui      x14, -0xffc0
#3043 0 800001e4 00070713 r 0e         f0040000  addi     x14, x14, 0x0
#3044 0 800001e8     078a r 0f         00000030  c.slli   x15, 2
#3045 0 800001ea     97ba r 0f         f0040030  c.add    x15, x14
#3046 0 800001ec     4398 r 0e         00000042  c.lw     x14, 0x0(x15)
#3047 0 800001ee fe842783 r 0f         0000000a  lw       x15, -0x18(x8)
#3048 0 800001f2 02f74733 r 0e         00000006  div      x14, x14, x15
#3049 0 800001f6 f00407b7 r 0f         f0040000  lui      x15, -0xffc0
#3050 0 800001fa 0807a783 r 0f         00000004  lw       x15, 0x80(x15)
#3051 0 800001fe 02f75b63 r 00         00000000  bge      x14, x15, . + 0x36
#3052 0 80000234 f00407b7 r 0f         f0040000  lui      x15, -0xffc0
#3053 0 80000238 0787a783 r 0f         0000000c  lw       x15, 0x78(x15)
#3054 0 8000023c 00178713 r 0e         0000000d  addi     x14, x15, 0x1
#3055 0 80000240 f00407b7 r 0f         f0040000  lui      x15, -0xffc0
#3056 0 80000244 06e7ac23 m f0040078   0000000d  sw       x14, 0x78(x15)
#3057 0 80000248 f00407b7 r 0f         f0040000  lui      x15, -0xffc0
#3058 0 8000024c 0787a703 r 0e         0000000d  lw       x14, 0x78(x15)
#3059 0 80000250 f00407b7 r 0f         f0040000  lui      x15, -0xffc0
#3060 0 80000254 0387a783 r 0f         0000000e  lw       x15, 0x38(x15)
#3061 0 80000258 f8f740e3 r 00         00000000  blt      x14, x15, . - 0x80
#3062 0 800001d8 f00407b7 r 0f         f0040000  lui      x15, -0xffc0
#3063 0 800001dc 0787a783 r 0f         0000000d  lw       x15, 0x78(x15)
#3064 0 800001e0 f0040737 r 0e         f0040000  lui      x14, -0xffc0
#3065 0 800001e4 00070713 r 0e         f0040000  addi     x14, x14, 0x0
#3066 0 800001e8     078a r 0f         00000034  c.slli   x15, 2
#3067 0 800001ea     97ba r 0f         f0040034  c.add    x15, x14
#3068 0 800001ec     4398 r 0e         00000037  c.lw     x14, 0x0(x15)
#3069 0 800001ee fe842783 r 0f         0000000a  lw       x15, -0x18(x8)
#3070 0 800001f2 02f74733 r 0e         00000005  div      x14, x14, x15
#3071 0 800001f6 f00407b7 r 0f         f0040000  lui      x15, -0xffc0
#3072 0 800001fa 0807a783 r 0f         00000004  lw       x15, 0x80(x15)
#3073 0 800001fe 02f75b63 r 00         00000000  bge      x14, x15, . + 0x36
#3074 0 80000234 f00407b7 r 0f         f0040000  lui      x15, -0xffc0
#3075 0 80000238 0787a783 r 0f         0000000d  lw       x15, 0x78(x15)
#3076 0 8000023c 00178713 r 0e         0000000e  addi     x14, x15, 0x1
#3077 0 80000240 f00407b7 r 0f         f0040000  lui      x15, -0xffc0
#3078 0 80000244 06e7ac23 m f0040078   0000000e  sw       x14, 0x78(x15)
#3079 0 80000248 f00407b7 r 0f         f0040000  lui      x15, -0xffc0
#3080 0 8000024c 0787a703 r 0e         0000000e  lw       x14, 0x78(x15)
#3081 0 80000250 f00407b7 r 0f         f0040000  lui      x15, -0xffc0
#3082 0 80000254 0387a783 r 0f         0000000e  lw       x15, 0x38(x15)
#3083 0 80000258 f8f740e3 r 00         00000000  blt      x14, x15, . - 0x80
#3084 0 8000025c f00407b7 r 0f         f0040000  lui      x15, -0xffc0
#3085 0 80000260 03c78713 r 0e         f004003c  addi     x14, x15, 0x3c
#3086 0 80000264 fec42783 r 0f         00000005  lw       x15, -0x14(x8)
#3087 0 80000268     078a r 0f         00000014  c.slli   x15, 2
#3088 0 8000026a     97ba r 0f         f0040050  c.add    x15, x14
#3089 0 8000026c     4398 r 0e         0000002d  c.lw     x14, 0x0(x15)
#3090 0 8000026e f00407b7 r 0f         f0040000  lui      x15, -0xffc0
#3091 0 80000272 06e7ae23 m f004007c   0000002d  sw       x14, 0x7c(x15)
#3092 0 80000276 f00407b7 r 0f         f0040000  lui      x15, -0xffc0
#3093 0 8000027a 0747a783 r 0f         00000005  lw       x15, 0x74(x15)
#3094 0 8000027e f0040737 r 0e         f0040000  lui      x14, -0xffc0
#3095 0 80000282 03c70713 r 0e         f004003c  addi     x14, x14, 0x3c
#3096 0 80000286     078a r 0f         00000014  c.slli   x15, 2
#3097 0 80000288     97ba r 0f         f0040050  c.add    x15, x14
#3098 0 8000028a     4398 r 0e         0000002d  c.lw     x14, 0x0(x15)
#3099 0 8000028c f00407b7 r 0f         f0040000  lui      x15, -0xffc0
#3100 0 80000290 03c78693 r 0d         f004003c  addi     x13, x15, 0x3c
#3101 0 80000294 fec42783 r 0f         00000005  lw       x15, -0x14(x8)
#3102 0 80000298     078a r 0f         00000014  c.slli   x15, 2
#3103 0 8000029a     97b6 r 0f         f0040050  c.add    x15, x13
#3104 0 8000029c     c398 m f0040050   0000002d  c.sw     x14, 0x0(x15)
#3105 0 8000029e f00407b7 r 0f         f0040000  lui      x15, -0xffc0
#3106 0 800002a2 0747a783 r 0f         00000005  lw       x15, 0x74(x15)
#3107 0 800002a6 f0040737 r 0e         f0040000  lui      x14, -0xffc0
#3108 0 800002aa 07c72703 r 0e         0000002d  lw       x14, 0x7c(x14)
#3109 0 800002ae f00406b7 r 0d         f0040000  lui      x13, -0xffc0
#3110 0 800002b2 03c68693 r 0d         f004003c  addi     x13, x13, 0x3c
#3111 0 800002b6     078a r 0f         00000014  c.slli   x15, 2
#3112 0 800002b8     97b6 r 0f         f0040050  c.add    x15, x13
#3113 0 800002ba     c398 m f0040050   0000002d  c.sw     x14, 0x0(x15)
#3114 0 800002bc f00407b7 r 0f         f0040000  lui      x15, -0xffc0
#3115 0 800002c0 00078713 r 0e         f0040000  addi     x14, x15, 0x0
#3116 0 800002c4 fec42783 r 0f         00000005  lw       x15, -0x14(x8)
#3117 0 800002c8     078a r 0f         00000014  c.slli   x15, 2
#3118 0 800002ca     97ba r 0f         f0040014  c.add    x15, x14
#3119 0 800002cc     4398 r 0e         0000002d  c.lw     x14, 0x0(x15)
#3120 0 800002ce f00407b7 r 0f         f0040000  lui      x15, -0xffc0
#3121 0 800002d2 06e7ae23 m f004007c   0000002d  sw       x14, 0x7c(x15)
#3122 0 800002d6 f00407b7 r 0f         f0040000  lui      x15, -0xffc0
#3123 0 800002da 0747a783 r 0f         00000005  lw       x15, 0x74(x15)
#3124 0 800002de f0040737 r 0e         f0040000  lui      x14, -0xffc0
#3125 0 800002e2 00070713 r 0e         f0040000  addi     x14, x14, 0x0
#3126 0 800002e6     078a r 0f         00000014  c.slli   x15, 2
#3127 0 800002e8     97ba r 0f         f0040014  c.add    x15, x14
#3128 0 800002ea     4398 r 0e         0000002d  c.lw     x14, 0x0(x15)
#3129 0 800002ec f00407b7 r 0f         f0040000  lui      x15, -0xffc0
#3130 0 800002f0 00078693 r 0d         f0040000  addi     x13, x15, 0x0
#3131 0 800002f4 fec42783 r 0f         00000005  lw       x15, -0x14(x8)
#3132 0 800002f8     078a r 0f         00000014  c.slli   x15, 2
#3133 0 800002fa     97b6 r 0f         f0040014  c.add    x15, x13
#3134 0 800002fc     c398 m f0040014   0000002d  c.sw     x14, 0x0(x15)
#3135 0 800002fe f00407b7 r 0f         f0040000  lui      x15, -0xffc0
#3136 0 80000302 0747a783 r 0f         00000005  lw       x15, 0x74(x15)
#3137 0 80000306 f0040737 r 0e         f0040000  lui      x14, -0xffc0
#3138 0 8000030a 07c72703 r 0e         0000002d  lw       x14, 0x7c(x14)
#3139 0 8000030e f00406b7 r 0d         f0040000  lui      x13, -0xffc0
#3140 0 80000312 00068693 r 0d         f0040000  addi     x13, x13, 0x0
#3141 0 80000316     078a r 0f         00000014  c.slli   x15, 2
#3142 0 80000318     97b6 r 0f         f0040014  c.add    x15, x13
#3143 0 8000031a     c398 m f0040014   0000002d  c.sw     x14, 0x0(x15)
#3144 0 8000031c f00407b7 r 0f         f0040000  lui      x15, -0xffc0
#3145 0 80000320 0747a783 r 0f         00000005  lw       x15, 0x74(x15)
#3146 0 80000324 00178713 r 0e         00000006  addi     x14, x15, 0x1
#3147 0 80000328 f00407b7 r 0f         f0040000  lui      x15, -0xffc0
#3148 0 8000032c 06e7aa23 m f0040074   00000006  sw       x14, 0x74(x15)
#3149 0 80000330 f00407b7 r 0f         f0040000  lui      x15, -0xffc0
#3150 0 80000334 0747a703 r 0e         00000006  lw       x14, 0x74(x15)
#3151 0 80000338 f00407b7 r 0f         f0040000  lui      x15, -0xffc0
#3152 0 8000033c 0387a783 r 0f         0000000e  lw       x15, 0x38(x15)
#3153 0 80000340 e4f748e3 r 00         00000000  blt      x14, x15, . - 0x1b0
#3154 0 80000190 f00407b7 r 0f         f0040000  lui      x15, -0xffc0
#3155 0 80000194 0747a783 r 0f         00000006  lw       x15, 0x74(x15)
#3156 0 80000198 f0040737 r 0e         f0040000  lui      x14, -0xffc0
#3157 0 8000019c 00070713 r 0e         f0040000  addi     x14, x14, 0x0
#3158 0 800001a0     078a r 0f         00000018  c.slli   x15, 2
#3159 0 800001a2     97ba r 0f         f0040018  c.add    x15, x14
#3160 0 800001a4     4398 r 0e         00000058  c.lw     x14, 0x0(x15)
#3161 0 800001a6 fe842783 r 0f         0000000a  lw       x15, -0x18(x8)
#3162 0 800001aa 02f74733 r 0e         00000008  div      x14, x14, x15
#3163 0 800001ae f00407b7 r 0f         f0040000  lui      x15, -0xffc0
#3164 0 800001b2 08e7a023 m f0040080   00000008  sw       x14, 0x80(x15)
#3165 0 800001b6 f00407b7 r 0f         f0040000  lui      x15, -0xffc0
#3166 0 800001ba 0747a783 r 0f         00000006  lw       x15, 0x74(x15)
#3167 0 800001be fef42623 m f004107c   00000006  sw       x15, -0x14(x8)
#3168 0 800001c2 f00407b7 r 0f         f0040000  lui      x15, -0xffc0
#3169 0 800001c6 0747a783 r 0f         00000006  lw       x15, 0x74(x15)
#3170 0 800001ca 00178713 r 0e         00000007  addi     x14, x15, 0x1
#3171 0 800001ce f00407b7 r 0f         f0040000  lui      x15, -0xffc0
#3172 0 800001d2 06e7ac23 m f0040078   00000007  sw       x14, 0x78(x15)
#3173 0 800001d6     a88d r 00         00000000  c.j      . + 0x72
#3174 0 80000248 f00407b7 r 0f         f0040000  lui      x15, -0xffc0
#3175 0 8000024c 0787a703 r 0e         00000007  lw       x14, 0x78(x15)
#3176 0 80000250 f00407b7 r 0f         f0040000  lui      x15, -0xffc0
#3177 0 80000254 0387a783 r 0f         0000000e  lw       x15, 0x38(x15)
#3178 0 80000258 f8f740e3 r 00         00000000  blt      x14, x15, . - 0x80
#3179 0 800001d8 f00407b7 r 0f         f0040000  lui      x15, -0xffc0
#3180 0 800001dc 0787a783 r 0f         00000007  lw       x15, 0x78(x15)
#3181 0 800001e0 f0040737 r 0e         f0040000  lui      x14, -0xffc0
#3182 0 800001e4 00070713 r 0e         f0040000  addi     x14, x14, 0x0
#3183 0 800001e8     078a r 0f         0000001c  c.slli   x15, 2
#3184 0 800001ea     97ba r 0f         f004001c  c.add    x15, x14
#3185 0 800001ec     4398 r 0e         00000043  c.lw     x14, 0x0(x15)
#3186 0 800001ee fe842783 r 0f         0000000a  lw       x15, -0x18(x8)
#3187 0 800001f2 02f74733 r 0e         00000006  div      x14, x14, x15
#3188 0 800001f6 f00407b7 r 0f         f0040000  lui      x15, -0xffc0
#3189 0 800001fa 0807a783 r 0f         00000008  lw       x15, 0x80(x15)
#3190 0 800001fe 02f75b63 r 00         00000000  bge      x14, x15, . + 0x36
#3191 0 80000202 f00407b7 r 0f         f0040000  lui      x15, -0xffc0
#3192 0 80000206 0787a783 r 0f         00000007  lw       x15, 0x78(x15)
#3193 0 8000020a f0040737 r 0e         f0040000  lui      x14, -0xffc0
#3194 0 8000020e 00070713 r 0e         f0040000  addi     x14, x14, 0x0
#3195 0 80000212     078a r 0f         0000001c  c.slli   x15, 2
#3196 0 80000214     97ba r 0f         f004001c  c.add    x15, x14
#3197 0 80000216     4398 r 0e         00000043  c.lw     x14, 0x0(x15)
#3198 0 80000218 fe842783 r 0f         0000000a  lw       x15, -0x18(x8)
#3199 0 8000021c 02f74733 r 0e         00000006  div      x14, x14, x15
#3200 0 80000220 f00407b7 r 0f         f0040000  lui      x15, -0xffc0
#3201 0 80000224 08e7a023 m f0040080   00000006  sw       x14, 0x80(x15)
#3202 0 80000228 f00407b7 r 0f         f0040000  lui      x15, -0xffc0
#3203 0 8000022c 0787a783 r 0f         00000007  lw       x15, 0x78(x15)
#3204 0 80000230 fef42623 m f004107c   00000007  sw       x15, -0x14(x8)
#3205 0 80000234 f00407b7 r 0f         f0040000  lui      x15, -0xffc0
#3206 0 80000238 0787a783 r 0f         00000007  lw       x15, 0x78(x15)
#3207 0 8000023c 00178713 r 0e         00000008  addi     x14, x15, 0x1
#3208 0 80000240 f00407b7 r 0f         f0040000  lui      x15, -0xffc0
#3209 0 80000244 06e7ac23 m f0040078   00000008  sw       x14, 0x78(x15)
#3210 0 80000248 f00407b7 r 0f         f0040000  lui      x15, -0xffc0
#3211 0 8000024c 0787a703 r 0e         00000008  lw       x14, 0x78(x15)
#3212 0 80000250 f00407b7 r 0f         f0040000  lui      x15, -0xffc0
#3213 0 80000254 0387a783 r 0f         0000000e  lw       x15, 0x38(x15)
#3214 0 80000258 f8f740e3 r 00         00000000  blt      x14, x15, . - 0x80
#3215 0 800001d8 f00407b7 r 0f         f0040000  lui      x15, -0xffc0
#3216 0 800001dc 0787a783 r 0f         00000008  lw       x15, 0x78(x15)
#3217 0 800001e0 f0040737 r 0e         f0040000  lui      x14, -0xffc0
#3218 0 800001e4 00070713 r 0e         f0040000  addi     x14, x14, 0x0
#3219 0 800001e8     078a r 0f         00000020  c.slli   x15, 2
#3220 0 800001ea     97ba r 0f         f0040020  c.add    x15, x14
#3221 0 800001ec     4398 r 0e         0000005a  c.lw     x14, 0x0(x15)
#3222 0 800001ee fe842783 r 0f         0000000a  lw       x15, -0x18(x8)
#3223 0 800001f2 02f74733 r 0e         00000009  div      x14, x14, x15
#3224 0 800001f6 f00407b7 r 0f         f0040000  lui      x15, -0xffc0
#3225 0 800001fa 0807a783 r 0f         00000006  lw       x15, 0x80(x15)
#3226 0 800001fe 02f75b63 r 00         00000000  bge      x14, x15, . + 0x36
#3227 0 80000234 f00407b7 r 0f         f0040000  lui      x15, -0xffc0
#3228 0 80000238 0787a783 r 0f         00000008  lw       x15, 0x78(x15)
#3229 0 8000023c 00178713 r 0e         00000009  addi     x14, x15, 0x1
#3230 0 80000240 f00407b7 r 0f         f0040000  lui      x15, -0xffc0
#3231 0 80000244 06e7ac23 m f0040078   00000009  sw       x14, 0x78(x15)
#3232 0 80000248 f00407b7 r 0f         f0040000  lui      x15, -0xffc0
#3233 0 8000024c 0787a703 r 0e         00000009  lw       x14, 0x78(x15)
#3234 0 80000250 f00407b7 r 0f         f0040000  lui      x15, -0xffc0
#3235 0 80000254 0387a783 r 0f         0000000e  lw       x15, 0x38(x15)
#3236 0 80000258 f8f740e3 r 00         00000000  blt      x14, x15, . - 0x80
#3237 0 800001d8 f00407b7 r 0f         f0040000  lui      x15, -0xffc0
#3238 0 800001dc 0787a783 r 0f         00000009  lw       x15, 0x78(x15)
#3239 0 800001e0 f0040737 r 0e         f0040000  lui      x14, -0xffc0
#3240 0 800001e4 00070713 r 0e         f0040000  addi     x14, x14, 0x0
#3241 0 800001e8     078a r 0f         00000024  c.slli   x15, 2
#3242 0 800001ea     97ba r 0f         f0040024  c.add    x15, x14
#3243 0 800001ec     4398 r 0e         00000048  c.lw     x14, 0x0(x15)
#3244 0 800001ee fe842783 r 0f         0000000a  lw       x15, -0x18(x8)
#3245 0 800001f2 02f74733 r 0e         00000007  div      x14, x14, x15
#3246 0 800001f6 f00407b7 r 0f         f0040000  lui      x15, -0xffc0
#3247 0 800001fa 0807a783 r 0f         00000006  lw       x15, 0x80(x15)
#3248 0 800001fe 02f75b63 r 00         00000000  bge      x14, x15, . + 0x36
#3249 0 80000234 f00407b7 r 0f         f0040000  lui      x15, -0xffc0
#3250 0 80000238 0787a783 r 0f         00000009  lw       x15, 0x78(x15)
#3251 0 8000023c 00178713 r 0e         0000000a  addi     x14, x15, 0x1
#3252 0 80000240 f00407b7 r 0f         f0040000  lui      x15, -0xffc0
#3253 0 80000244 06e7ac23 m f0040078   0000000a  sw       x14, 0x78(x15)
#3254 0 80000248 f00407b7 r 0f         f0040000  lui      x15, -0xffc0
#3255 0 8000024c 0787a703 r 0e         0000000a  lw       x14, 0x78(x15)
#3256 0 80000250 f00407b7 r 0f         f0040000  lui      x15, -0xffc0
#3257 0 80000254 0387a783 r 0f         0000000e  lw       x15, 0x38(x15)
#3258 0 80000258 f8f740e3 r 00         00000000  blt      x14, x15, . - 0x80
#3259 0 800001d8 f00407b7 r 0f         f0040000  lui      x15, -0xffc0
#3260 0 800001dc 0787a783 r 0f         0000000a  lw       x15, 0x78(x15)
#3261 0 800001e0 f0040737 r 0e         f0040000  lui      x14, -0xffc0
#3262 0 800001e4 00070713 r 0e         f0040000  addi     x14, x14, 0x0
#3263 0 800001e8     078a r 0f         00000028  c.slli   x15, 2
#3264 0 800001ea     97ba r 0f         f0040028  c.add    x15, x14
#3265 0 800001ec     4398 r 0e         0000004e  c.lw     x14, 0x0(x15)
#3266 0 800001ee fe842783 r 0f         0000000a  lw       x15, -0x18(x8)
#3267 0 800001f2 02f74733 r 0e         00000007  div      x14, x14, x15
#3268 0 800001f6 f00407b7 r 0f         f0040000  lui      x15, -0xffc0
#3269 0 800001fa 0807a783 r 0f         00000006  lw       x15, 0x80(x15)
#3270 0 800001fe 02f75b63 r 00         00000000  bge      x14, x15, . + 0x36
#3271 0 80000234 f00407b7 r 0f         f0040000  lui      x15, -0xffc0
#3272 0 80000238 0787a783 r 0f         0000000a  lw       x15, 0x78(x15)
#3273 0 8000023c 00178713 r 0e         0000000b  addi     x14, x15, 0x1
#3274 0 80000240 f00407b7 r 0f         f0040000  lui      x15, -0xffc0
#3275 0 80000244 06e7ac23 m f0040078   0000000b  sw       x14, 0x78(x15)
#3276 0 80000248 f00407b7 r 0f         f0040000  lui      x15, -0xffc0
#3277 0 8000024c 0787a703 r 0e         0000000b  lw       x14, 0x78(x15)
#3278 0 80000250 f00407b7 r 0f         f0040000  lui      x15, -0xffc0
#3279 0 80000254 0387a783 r 0f         0000000e  lw       x15, 0x38(x15)
#3280 0 80000258 f8f740e3 r 00         00000000  blt      x14, x15, . - 0x80
#3281 0 800001d8 f00407b7 r 0f         f0040000  lui      x15, -0xffc0
#3282 0 800001dc 0787a783 r 0f         0000000b  lw       x15, 0x78(x15)
#3283 0 800001e0 f0040737 r 0e         f0040000  lui      x14, -0xffc0
#3284 0 800001e4 00070713 r 0e         f0040000  addi     x14, x14, 0x0
#3285 0 800001e8     078a r 0f         0000002c  c.slli   x15, 2
#3286 0 800001ea     97ba r 0f         f004002c  c.add    x15, x14
#3287 0 800001ec     4398 r 0e         00000059  c.lw     x14, 0x0(x15)
#3288 0 800001ee fe842783 r 0f         0000000a  lw       x15, -0x18(x8)
#3289 0 800001f2 02f74733 r 0e         00000008  div      x14, x14, x15
#3290 0 800001f6 f00407b7 r 0f         f0040000  lui      x15, -0xffc0
#3291 0 800001fa 0807a783 r 0f         00000006  lw       x15, 0x80(x15)
#3292 0 800001fe 02f75b63 r 00         00000000  bge      x14, x15, . + 0x36
#3293 0 80000234 f00407b7 r 0f         f0040000  lui      x15, -0xffc0
#3294 0 80000238 0787a783 r 0f         0000000b  lw       x15, 0x78(x15)
#3295 0 8000023c 00178713 r 0e         0000000c  addi     x14, x15, 0x1
#3296 0 80000240 f00407b7 r 0f         f0040000  lui      x15, -0xffc0
#3297 0 80000244 06e7ac23 m f0040078   0000000c  sw       x14, 0x78(x15)
#3298 0 80000248 f00407b7 r 0f         f0040000  lui      x15, -0xffc0
#3299 0 8000024c 0787a703 r 0e         0000000c  lw       x14, 0x78(x15)
#3300 0 80000250 f00407b7 r 0f         f0040000  lui      x15, -0xffc0
#3301 0 80000254 0387a783 r 0f         0000000e  lw       x15, 0x38(x15)
#3302 0 80000258 f8f740e3 r 00         00000000  blt      x14, x15, . - 0x80
#3303 0 800001d8 f00407b7 r 0f         f0040000  lui      x15, -0xffc0
#3304 0 800001dc 0787a783 r 0f         0000000c  lw       x15, 0x78(x15)
#3305 0 800001e0 f0040737 r 0e         f0040000  lui      x14, -0xffc0
#3306 0 800001e4 00070713 r 0e         f0040000  addi     x14, x14, 0x0
#3307 0 800001e8     078a r 0f         00000030  c.slli   x15, 2
#3308 0 800001ea     97ba r 0f         f0040030  c.add    x15, x14
#3309 0 800001ec     4398 r 0e         00000042  c.lw     x14, 0x0(x15)
#3310 0 800001ee fe842783 r 0f         0000000a  lw       x15, -0x18(x8)
#3311 0 800001f2 02f74733 r 0e         00000006  div      x14, x14, x15
#3312 0 800001f6 f00407b7 r 0f         f0040000  lui      x15, -0xffc0
#3313 0 800001fa 0807a783 r 0f         00000006  lw       x15, 0x80(x15)
#3314 0 800001fe 02f75b63 r 00         00000000  bge      x14, x15, . + 0x36
#3315 0 80000234 f00407b7 r 0f         f0040000  lui      x15, -0xffc0
#3316 0 80000238 0787a783 r 0f         0000000c  lw       x15, 0x78(x15)
#3317 0 8000023c 00178713 r 0e         0000000d  addi     x14, x15, 0x1
#3318 0 80000240 f00407b7 r 0f         f0040000  lui      x15, -0xffc0
#3319 0 80000244 06e7ac23 m f0040078   0000000d  sw       x14, 0x78(x15)
#3320 0 80000248 f00407b7 r 0f         f0040000  lui      x15, -0xffc0
#3321 0 8000024c 0787a703 r 0e         0000000d  lw       x14, 0x78(x15)
#3322 0 80000250 f00407b7 r 0f         f0040000  lui      x15, -0xffc0
#3323 0 80000254 0387a783 r 0f         0000000e  lw       x15, 0x38(x15)
#3324 0 80000258 f8f740e3 r 00         00000000  blt      x14, x15, . - 0x80
#3325 0 800001d8 f00407b7 r 0f         f0040000  lui      x15, -0xffc0
#3326 0 800001dc 0787a783 r 0f         0000000d  lw       x15, 0x78(x15)
#3327 0 800001e0 f0040737 r 0e         f0040000  lui      x14, -0xffc0
#3328 0 800001e4 00070713 r 0e         f0040000  addi     x14, x14, 0x0
#3329 0 800001e8     078a r 0f         00000034  c.slli   x15, 2
#3330 0 800001ea     97ba r 0f         f0040034  c.add    x15, x14
#3331 0 800001ec     4398 r 0e         00000037  c.lw     x14, 0x0(x15)
#3332 0 800001ee fe842783 r 0f         0000000a  lw       x15, -0x18(x8)
#3333 0 800001f2 02f74733 r 0e         00000005  div      x14, x14, x15
#3334 0 800001f6 f00407b7 r 0f         f0040000  lui      x15, -0xffc0
#3335 0 800001fa 0807a783 r 0f         00000006  lw       x15, 0x80(x15)
#3336 0 800001fe 02f75b63 r 00         00000000  bge      x14, x15, . + 0x36
#3337 0 80000202 f00407b7 r 0f         f0040000  lui      x15, -0xffc0
#3338 0 80000206 0787a783 r 0f         0000000d  lw       x15, 0x78(x15)
#3339 0 8000020a f0040737 r 0e         f0040000  lui      x14, -0xffc0
#3340 0 8000020e 00070713 r 0e         f0040000  addi     x14, x14, 0x0
#3341 0 80000212     078a r 0f         00000034  c.slli   x15, 2
#3342 0 80000214     97ba r 0f         f0040034  c.add    x15, x14
#3343 0 80000216     4398 r 0e         00000037  c.lw     x14, 0x0(x15)
#3344 0 80000218 fe842783 r 0f         0000000a  lw       x15, -0x18(x8)
#3345 0 8000021c 02f74733 r 0e         00000005  div      x14, x14, x15
#3346 0 80000220 f00407b7 r 0f         f0040000  lui      x15, -0xffc0
#3347 0 80000224 08e7a023 m f0040080   00000005  sw       x14, 0x80(x15)
#3348 0 80000228 f00407b7 r 0f         f0040000  lui      x15, -0xffc0
#3349 0 8000022c 0787a783 r 0f         0000000d  lw       x15, 0x78(x15)
#3350 0 80000230 fef42623 m f004107c   0000000d  sw       x15, -0x14(x8)
#3351 0 80000234 f00407b7 r 0f         f0040000  lui      x15, -0xffc0
#3352 0 80000238 0787a783 r 0f         0000000d  lw       x15, 0x78(x15)
#3353 0 8000023c 00178713 r 0e         0000000e  addi     x14, x15, 0x1
#3354 0 80000240 f00407b7 r 0f         f0040000  lui      x15, -0xffc0
#3355 0 80000244 06e7ac23 m f0040078   0000000e  sw       x14, 0x78(x15)
#3356 0 80000248 f00407b7 r 0f         f0040000  lui      x15, -0xffc0
#3357 0 8000024c 0787a703 r 0e         0000000e  lw       x14, 0x78(x15)
#3358 0 80000250 f00407b7 r 0f         f0040000  lui      x15, -0xffc0
#3359 0 80000254 0387a783 r 0f         0000000e  lw       x15, 0x38(x15)
#3360 0 80000258 f8f740e3 r 00         00000000  blt      x14, x15, . - 0x80
#3361 0 8000025c f00407b7 r 0f         f0040000  lui      x15, -0xffc0
#3362 0 80000260 03c78713 r 0e         f004003c  addi     x14, x15, 0x3c
#3363 0 80000264 fec42783 r 0f         0000000d  lw       x15, -0x14(x8)
#3364 0 80000268     078a r 0f         00000034  c.slli   x15, 2
#3365 0 8000026a     97ba r 0f         f0040070  c.add    x15, x14
#3366 0 8000026c     4398 r 0e         00000037  c.lw     x14, 0x0(x15)
#3367 0 8000026e f00407b7 r 0f         f0040000  lui      x15, -0xffc0
#3368 0 80000272 06e7ae23 m f004007c   00000037  sw       x14, 0x7c(x15)
#3369 0 80000276 f00407b7 r 0f         f0040000  lui      x15, -0xffc0
#3370 0 8000027a 0747a783 r 0f         00000006  lw       x15, 0x74(x15)
#3371 0 8000027e f0040737 r 0e         f0040000  lui      x14, -0xffc0
#3372 0 80000282 03c70713 r 0e         f004003c  addi     x14, x14, 0x3c
#3373 0 80000286     078a r 0f         00000018  c.slli   x15, 2
#3374 0 80000288     97ba r 0f         f0040054  c.add    x15, x14
#3375 0 8000028a     4398 r 0e         00000058  c.lw     x14, 0x0(x15)
#3376 0 8000028c f00407b7 r 0f         f0040000  lui      x15, -0xffc0
#3377 0 80000290 03c78693 r 0d         f004003c  addi     x13, x15, 0x3c
#3378 0 80000294 fec42783 r 0f         0000000d  lw       x15, -0x14(x8)
#3379 0 80000298     078a r 0f         00000034  c.slli   x15, 2
#3380 0 8000029a     97b6 r 0f         f0040070  c.add    x15, x13
#3381 0 8000029c     c398 m f0040070   00000058  c.sw     x14, 0x0(x15)
#3382 0 8000029e f00407b7 r 0f         f0040000  lui      x15, -0xffc0
#3383 0 800002a2 0747a783 r 0f         00000006  lw       x15, 0x74(x15)
#3384 0 800002a6 f0040737 r 0e         f0040000  lui      x14, -0xffc0
#3385 0 800002aa 07c72703 r 0e         00000037  lw       x14, 0x7c(x14)
#3386 0 800002ae f00406b7 r 0d         f0040000  lui      x13, -0xffc0
#3387 0 800002b2 03c68693 r 0d         f004003c  addi     x13, x13, 0x3c
#3388 0 800002b6     078a r 0f         00000018  c.slli   x15, 2
#3389 0 800002b8     97b6 r 0f         f0040054  c.add    x15, x13
#3390 0 800002ba     c398 m f0040054   00000037  c.sw     x14, 0x0(x15)
#3391 0 800002bc f00407b7 r 0f         f0040000  lui      x15, -0xffc0
#3392 0 800002c0 00078713 r 0e         f0040000  addi     x14, x15, 0x0
#3393 0 800002c4 fec42783 r 0f         0000000d  lw       x15, -0x14(x8)
#3394 0 800002c8     078a r 0f         00000034  c.slli   x15, 2
#3395 0 800002ca     97ba r 0f         f0040034  c.add    x15, x14
#3396 0 800002cc     4398 r 0e         00000037  c.lw     x14, 0x0(x15)
#3397 0 800002ce f00407b7 r 0f         f0040000  lui      x15, -0xffc0
#3398 0 800002d2 06e7ae23 m f004007c   00000037  sw       x14, 0x7c(x15)
#3399 0 800002d6 f00407b7 r 0f         f0040000  lui      x15, -0xffc0
#3400 0 800002da 0747a783 r 0f         00000006  lw       x15, 0x74(x15)
#3401 0 800002de f0040737 r 0e         f0040000  lui      x14, -0xffc0
#3402 0 800002e2 00070713 r 0e         f0040000  addi     x14, x14, 0x0
#3403 0 800002e6     078a r 0f         00000018  c.slli   x15, 2
#3404 0 800002e8     97ba r 0f         f0040018  c.add    x15, x14
#3405 0 800002ea     4398 r 0e         00000058  c.lw     x14, 0x0(x15)
#3406 0 800002ec f00407b7 r 0f         f0040000  lui      x15, -0xffc0
#3407 0 800002f0 00078693 r 0d         f0040000  addi     x13, x15, 0x0
#3408 0 800002f4 fec42783 r 0f         0000000d  lw       x15, -0x14(x8)
#3409 0 800002f8     078a r 0f         00000034  c.slli   x15, 2
#3410 0 800002fa     97b6 r 0f         f0040034  c.add    x15, x13
#3411 0 800002fc     c398 m f0040034   00000058  c.sw     x14, 0x0(x15)
#3412 0 800002fe f00407b7 r 0f         f0040000  lui      x15, -0xffc0
#3413 0 80000302 0747a783 r 0f         00000006  lw       x15, 0x74(x15)
#3414 0 80000306 f0040737 r 0e         f0040000  lui      x14, -0xffc0
#3415 0 8000030a 07c72703 r 0e         00000037  lw       x14, 0x7c(x14)
#3416 0 8000030e f00406b7 r 0d         f0040000  lui      x13, -0xffc0
#3417 0 80000312 00068693 r 0d         f0040000  addi     x13, x13, 0x0
#3418 0 80000316     078a r 0f         00000018  c.slli   x15, 2
#3419 0 80000318     97b6 r 0f         f0040018  c.add    x15, x13
#3420 0 8000031a     c398 m f0040018   00000037  c.sw     x14, 0x0(x15)
#3421 0 8000031c f00407b7 r 0f         f0040000  lui      x15, -0xffc0
#3422 0 80000320 0747a783 r 0f         00000006  lw       x15, 0x74(x15)
#3423 0 80000324 00178713 r 0e         00000007  addi     x14, x15, 0x1
#3424 0 80000328 f00407b7 r 0f         f0040000  lui      x15, -0xffc0
#3425 0 8000032c 06e7aa23 m f0040074   00000007  sw       x14, 0x74(x15)
#3426 0 80000330 f00407b7 r 0f         f0040000  lui      x15, -0xffc0
#3427 0 80000334 0747a703 r 0e         00000007  lw       x14, 0x74(x15)
#3428 0 80000338 f00407b7 r 0f         f0040000  lui      x15, -0xffc0
#3429 0 8000033c 0387a783 r 0f         0000000e  lw       x15, 0x38(x15)
#3430 0 80000340 e4f748e3 r 00         00000000  blt      x14, x15, . - 0x1b0
#3431 0 80000190 f00407b7 r 0f         f0040000  lui      x15, -0xffc0
#3432 0 80000194 0747a783 r 0f         00000007  lw       x15, 0x74(x15)
#3433 0 80000198 f0040737 r 0e         f0040000  lui      x14, -0xffc0
#3434 0 8000019c 00070713 r 0e         f0040000  addi     x14, x14, 0x0
#3435 0 800001a0     078a r 0f         0000001c  c.slli   x15, 2
#3436 0 800001a2     97ba r 0f         f004001c  c.add    x15, x14
#3437 0 800001a4     4398 r 0e         00000043  c.lw     x14, 0x0(x15)
#3438 0 800001a6 fe842783 r 0f         0000000a  lw       x15, -0x18(x8)
#3439 0 800001aa 02f74733 r 0e         00000006  div      x14, x14, x15
#3440 0 800001ae f00407b7 r 0f         f0040000  lui      x15, -0xffc0
#3441 0 800001b2 08e7a023 m f0040080   00000006  sw       x14, 0x80(x15)
#3442 0 800001b6 f00407b7 r 0f         f0040000  lui      x15, -0xffc0
#3443 0 800001ba 0747a783 r 0f         00000007  lw       x15, 0x74(x15)
#3444 0 800001be fef42623 m f004107c   00000007  sw       x15, -0x14(x8)
#3445 0 800001c2 f00407b7 r 0f         f0040000  lui      x15, -0xffc0
#3446 0 800001c6 0747a783 r 0f         00000007  lw       x15, 0x74(x15)
#3447 0 800001ca 00178713 r 0e         00000008  addi     x14, x15, 0x1
#3448 0 800001ce f00407b7 r 0f         f0040000  lui      x15, -0xffc0
#3449 0 800001d2 06e7ac23 m f0040078   00000008  sw       x14, 0x78(x15)
#3450 0 800001d6     a88d r 00         00000000  c.j      . + 0x72
#3451 0 80000248 f00407b7 r 0f         f0040000  lui      x15, -0xffc0
#3452 0 8000024c 0787a703 r 0e         00000008  lw       x14, 0x78(x15)
#3453 0 80000250 f00407b7 r 0f         f0040000  lui      x15, -0xffc0
#3454 0 80000254 0387a783 r 0f         0000000e  lw       x15, 0x38(x15)
#3455 0 80000258 f8f740e3 r 00         00000000  blt      x14, x15, . - 0x80
#3456 0 800001d8 f00407b7 r 0f         f0040000  lui      x15, -0xffc0
#3457 0 800001dc 0787a783 r 0f         00000008  lw       x15, 0x78(x15)
#3458 0 800001e0 f0040737 r 0e         f0040000  lui      x14, -0xffc0
#3459 0 800001e4 00070713 r 0e         f0040000  addi     x14, x14, 0x0
#3460 0 800001e8     078a r 0f         00000020  c.slli   x15, 2
#3461 0 800001ea     97ba r 0f         f0040020  c.add    x15, x14
#3462 0 800001ec     4398 r 0e         0000005a  c.lw     x14, 0x0(x15)
#3463 0 800001ee fe842783 r 0f         0000000a  lw       x15, -0x18(x8)
#3464 0 800001f2 02f74733 r 0e         00000009  div      x14, x14, x15
#3465 0 800001f6 f00407b7 r 0f         f0040000  lui      x15, -0xffc0
#3466 0 800001fa 0807a783 r 0f         00000006  lw       x15, 0x80(x15)
#3467 0 800001fe 02f75b63 r 00         00000000  bge      x14, x15, . + 0x36
#3468 0 80000234 f00407b7 r 0f         f0040000  lui      x15, -0xffc0
#3469 0 80000238 0787a783 r 0f         00000008  lw       x15, 0x78(x15)
#3470 0 8000023c 00178713 r 0e         00000009  addi     x14, x15, 0x1
#3471 0 80000240 f00407b7 r 0f         f0040000  lui      x15, -0xffc0
#3472 0 80000244 06e7ac23 m f0040078   00000009  sw       x14, 0x78(x15)
#3473 0 80000248 f00407b7 r 0f         f0040000  lui      x15, -0xffc0
#3474 0 8000024c 0787a703 r 0e         00000009  lw       x14, 0x78(x15)
#3475 0 80000250 f00407b7 r 0f         f0040000  lui      x15, -0xffc0
#3476 0 80000254 0387a783 r 0f         0000000e  lw       x15, 0x38(x15)
#3477 0 80000258 f8f740e3 r 00         00000000  blt      x14, x15, . - 0x80
#3478 0 800001d8 f00407b7 r 0f         f0040000  lui      x15, -0xffc0
#3479 0 800001dc 0787a783 r 0f         00000009  lw       x15, 0x78(x15)
#3480 0 800001e0 f0040737 r 0e         f0040000  lui      x14, -0xffc0
#3481 0 800001e4 00070713 r 0e         f0040000  addi     x14, x14, 0x0
#3482 0 800001e8     078a r 0f         00000024  c.slli   x15, 2
#3483 0 800001ea     97ba r 0f         f0040024  c.add    x15, x14
#3484 0 800001ec     4398 r 0e         00000048  c.lw     x14, 0x0(x15)
#3485 0 800001ee fe842783 r 0f         0000000a  lw       x15, -0x18(x8)
#3486 0 800001f2 02f74733 r 0e         00000007  div      x14, x14, x15
#3487 0 800001f6 f00407b7 r 0f         f0040000  lui      x15, -0xffc0
#3488 0 800001fa 0807a783 r 0f         00000006  lw       x15, 0x80(x15)
#3489 0 800001fe 02f75b63 r 00         00000000  bge      x14, x15, . + 0x36
#3490 0 80000234 f00407b7 r 0f         f0040000  lui      x15, -0xffc0
#3491 0 80000238 0787a783 r 0f         00000009  lw       x15, 0x78(x15)
#3492 0 8000023c 00178713 r 0e         0000000a  addi     x14, x15, 0x1
#3493 0 80000240 f00407b7 r 0f         f0040000  lui      x15, -0xffc0
#3494 0 80000244 06e7ac23 m f0040078   0000000a  sw       x14, 0x78(x15)
#3495 0 80000248 f00407b7 r 0f         f0040000  lui      x15, -0xffc0
#3496 0 8000024c 0787a703 r 0e         0000000a  lw       x14, 0x78(x15)
#3497 0 80000250 f00407b7 r 0f         f0040000  lui      x15, -0xffc0
#3498 0 80000254 0387a783 r 0f         0000000e  lw       x15, 0x38(x15)
#3499 0 80000258 f8f740e3 r 00         00000000  blt      x14, x15, . - 0x80
#3500 0 800001d8 f00407b7 r 0f         f0040000  lui      x15, -0xffc0
#3501 0 800001dc 0787a783 r 0f         0000000a  lw       x15, 0x78(x15)
#3502 0 800001e0 f0040737 r 0e         f0040000  lui      x14, -0xffc0
#3503 0 800001e4 00070713 r 0e         f0040000  addi     x14, x14, 0x0
#3504 0 800001e8     078a r 0f         00000028  c.slli   x15, 2
#3505 0 800001ea     97ba r 0f         f0040028  c.add    x15, x14
#3506 0 800001ec     4398 r 0e         0000004e  c.lw     x14, 0x0(x15)
#3507 0 800001ee fe842783 r 0f         0000000a  lw       x15, -0x18(x8)
#3508 0 800001f2 02f74733 r 0e         00000007  div      x14, x14, x15
#3509 0 800001f6 f00407b7 r 0f         f0040000  lui      x15, -0xffc0
#3510 0 800001fa 0807a783 r 0f         00000006  lw       x15, 0x80(x15)
#3511 0 800001fe 02f75b63 r 00         00000000  bge      x14, x15, . + 0x36
#3512 0 80000234 f00407b7 r 0f         f0040000  lui      x15, -0xffc0
#3513 0 80000238 0787a783 r 0f         0000000a  lw       x15, 0x78(x15)
#3514 0 8000023c 00178713 r 0e         0000000b  addi     x14, x15, 0x1
#3515 0 80000240 f00407b7 r 0f         f0040000  lui      x15, -0xffc0
#3516 0 80000244 06e7ac23 m f0040078   0000000b  sw       x14, 0x78(x15)
#3517 0 80000248 f00407b7 r 0f         f0040000  lui      x15, -0xffc0
#3518 0 8000024c 0787a703 r 0e         0000000b  lw       x14, 0x78(x15)
#3519 0 80000250 f00407b7 r 0f         f0040000  lui      x15, -0xffc0
#3520 0 80000254 0387a783 r 0f         0000000e  lw       x15, 0x38(x15)
#3521 0 80000258 f8f740e3 r 00         00000000  blt      x14, x15, . - 0x80
#3522 0 800001d8 f00407b7 r 0f         f0040000  lui      x15, -0xffc0
#3523 0 800001dc 0787a783 r 0f         0000000b  lw       x15, 0x78(x15)
#3524 0 800001e0 f0040737 r 0e         f0040000  lui      x14, -0xffc0
#3525 0 800001e4 00070713 r 0e         f0040000  addi     x14, x14, 0x0
#3526 0 800001e8     078a r 0f         0000002c  c.slli   x15, 2
#3527 0 800001ea     97ba r 0f         f004002c  c.add    x15, x14
#3528 0 800001ec     4398 r 0e         00000059  c.lw     x14, 0x0(x15)
#3529 0 800001ee fe842783 r 0f         0000000a  lw       x15, -0x18(x8)
#3530 0 800001f2 02f74733 r 0e         00000008  div      x14, x14, x15
#3531 0 800001f6 f00407b7 r 0f         f0040000  lui      x15, -0xffc0
#3532 0 800001fa 0807a783 r 0f         00000006  lw       x15, 0x80(x15)
#3533 0 800001fe 02f75b63 r 00         00000000  bge      x14, x15, . + 0x36
#3534 0 80000234 f00407b7 r 0f         f0040000  lui      x15, -0xffc0
#3535 0 80000238 0787a783 r 0f         0000000b  lw       x15, 0x78(x15)
#3536 0 8000023c 00178713 r 0e         0000000c  addi     x14, x15, 0x1
#3537 0 80000240 f00407b7 r 0f         f0040000  lui      x15, -0xffc0
#3538 0 80000244 06e7ac23 m f0040078   0000000c  sw       x14, 0x78(x15)
#3539 0 80000248 f00407b7 r 0f         f0040000  lui      x15, -0xffc0
#3540 0 8000024c 0787a703 r 0e         0000000c  lw       x14, 0x78(x15)
#3541 0 80000250 f00407b7 r 0f         f0040000  lui      x15, -0xffc0
#3542 0 80000254 0387a783 r 0f         0000000e  lw       x15, 0x38(x15)
#3543 0 80000258 f8f740e3 r 00         00000000  blt      x14, x15, . - 0x80
#3544 0 800001d8 f00407b7 r 0f         f0040000  lui      x15, -0xffc0
#3545 0 800001dc 0787a783 r 0f         0000000c  lw       x15, 0x78(x15)
#3546 0 800001e0 f0040737 r 0e         f0040000  lui      x14, -0xffc0
#3547 0 800001e4 00070713 r 0e         f0040000  addi     x14, x14, 0x0
#3548 0 800001e8     078a r 0f         00000030  c.slli   x15, 2
#3549 0 800001ea     97ba r 0f         f0040030  c.add    x15, x14
#3550 0 800001ec     4398 r 0e         00000042  c.lw     x14, 0x0(x15)
#3551 0 800001ee fe842783 r 0f         0000000a  lw       x15, -0x18(x8)
#3552 0 800001f2 02f74733 r 0e         00000006  div      x14, x14, x15
#3553 0 800001f6 f00407b7 r 0f         f0040000  lui      x15, -0xffc0
#3554 0 800001fa 0807a783 r 0f         00000006  lw       x15, 0x80(x15)
#3555 0 800001fe 02f75b63 r 00         00000000  bge      x14, x15, . + 0x36
#3556 0 80000234 f00407b7 r 0f         f0040000  lui      x15, -0xffc0
#3557 0 80000238 0787a783 r 0f         0000000c  lw       x15, 0x78(x15)
#3558 0 8000023c 00178713 r 0e         0000000d  addi     x14, x15, 0x1
#3559 0 80000240 f00407b7 r 0f         f0040000  lui      x15, -0xffc0
#3560 0 80000244 06e7ac23 m f0040078   0000000d  sw       x14, 0x78(x15)
#3561 0 80000248 f00407b7 r 0f         f0040000  lui      x15, -0xffc0
#3562 0 8000024c 0787a703 r 0e         0000000d  lw       x14, 0x78(x15)
#3563 0 80000250 f00407b7 r 0f         f0040000  lui      x15, -0xffc0
#3564 0 80000254 0387a783 r 0f         0000000e  lw       x15, 0x38(x15)
#3565 0 80000258 f8f740e3 r 00         00000000  blt      x14, x15, . - 0x80
#3566 0 800001d8 f00407b7 r 0f         f0040000  lui      x15, -0xffc0
#3567 0 800001dc 0787a783 r 0f         0000000d  lw       x15, 0x78(x15)
#3568 0 800001e0 f0040737 r 0e         f0040000  lui      x14, -0xffc0
#3569 0 800001e4 00070713 r 0e         f0040000  addi     x14, x14, 0x0
#3570 0 800001e8     078a r 0f         00000034  c.slli   x15, 2
#3571 0 800001ea     97ba r 0f         f0040034  c.add    x15, x14
#3572 0 800001ec     4398 r 0e         00000058  c.lw     x14, 0x0(x15)
#3573 0 800001ee fe842783 r 0f         0000000a  lw       x15, -0x18(x8)
#3574 0 800001f2 02f74733 r 0e         00000008  div      x14, x14, x15
#3575 0 800001f6 f00407b7 r 0f         f0040000  lui      x15, -0xffc0
#3576 0 800001fa 0807a783 r 0f         00000006  lw       x15, 0x80(x15)
#3577 0 800001fe 02f75b63 r 00         00000000  bge      x14, x15, . + 0x36
#3578 0 80000234 f00407b7 r 0f         f0040000  lui      x15, -0xffc0
#3579 0 80000238 0787a783 r 0f         0000000d  lw       x15, 0x78(x15)
#3580 0 8000023c 00178713 r 0e         0000000e  addi     x14, x15, 0x1
#3581 0 80000240 f00407b7 r 0f         f0040000  lui      x15, -0xffc0
#3582 0 80000244 06e7ac23 m f0040078   0000000e  sw       x14, 0x78(x15)
#3583 0 80000248 f00407b7 r 0f         f0040000  lui      x15, -0xffc0
#3584 0 8000024c 0787a703 r 0e         0000000e  lw       x14, 0x78(x15)
#3585 0 80000250 f00407b7 r 0f         f0040000  lui      x15, -0xffc0
#3586 0 80000254 0387a783 r 0f         0000000e  lw       x15, 0x38(x15)
#3587 0 80000258 f8f740e3 r 00         00000000  blt      x14, x15, . - 0x80
#3588 0 8000025c f00407b7 r 0f         f0040000  lui      x15, -0xffc0
#3589 0 80000260 03c78713 r 0e         f004003c  addi     x14, x15, 0x3c
#3590 0 80000264 fec42783 r 0f         00000007  lw       x15, -0x14(x8)
#3591 0 80000268     078a r 0f         0000001c  c.slli   x15, 2
#3592 0 8000026a     97ba r 0f         f0040058  c.add    x15, x14
#3593 0 8000026c     4398 r 0e         00000043  c.lw     x14, 0x0(x15)
#3594 0 8000026e f00407b7 r 0f         f0040000  lui      x15, -0xffc0
#3595 0 80000272 06e7ae23 m f004007c   00000043  sw       x14, 0x7c(x15)
#3596 0 80000276 f00407b7 r 0f         f0040000  lui      x15, -0xffc0
#3597 0 8000027a 0747a783 r 0f         00000007  lw       x15, 0x74(x15)
#3598 0 8000027e f0040737 r 0e         f0040000  lui      x14, -0xffc0
#3599 0 80000282 03c70713 r 0e         f004003c  addi     x14, x14, 0x3c
#3600 0 80000286     078a r 0f         0000001c  c.slli   x15, 2
#3601 0 80000288     97ba r 0f         f0040058  c.add    x15, x14
#3602 0 8000028a     4398 r 0e         00000043  c.lw     x14, 0x0(x15)
#3603 0 8000028c f00407b7 r 0f         f0040000  lui      x15, -0xffc0
#3604 0 80000290 03c78693 r 0d         f004003c  addi     x13, x15, 0x3c
#3605 0 80000294 fec42783 r 0f         00000007  lw       x15, -0x14(x8)
#3606 0 80000298     078a r 0f         0000001c  c.slli   x15, 2
#3607 0 8000029a     97b6 r 0f         f0040058  c.add    x15, x13
#3608 0 8000029c     c398 m f0040058   00000043  c.sw     x14, 0x0(x15)
#3609 0 8000029e f00407b7 r 0f         f0040000  lui      x15, -0xffc0
#3610 0 800002a2 0747a783 r 0f         00000007  lw       x15, 0x74(x15)
#3611 0 800002a6 f0040737 r 0e         f0040000  lui      x14, -0xffc0
#3612 0 800002aa 07c72703 r 0e         00000043  lw       x14, 0x7c(x14)
#3613 0 800002ae f00406b7 r 0d         f0040000  lui      x13, -0xffc0
#3614 0 800002b2 03c68693 r 0d         f004003c  addi     x13, x13, 0x3c
#3615 0 800002b6     078a r 0f         0000001c  c.slli   x15, 2
#3616 0 800002b8     97b6 r 0f         f0040058  c.add    x15, x13
#3617 0 800002ba     c398 m f0040058   00000043  c.sw     x14, 0x0(x15)
#3618 0 800002bc f00407b7 r 0f         f0040000  lui      x15, -0xffc0
#3619 0 800002c0 00078713 r 0e         f0040000  addi     x14, x15, 0x0
#3620 0 800002c4 fec42783 r 0f         00000007  lw       x15, -0x14(x8)
#3621 0 800002c8     078a r 0f         0000001c  c.slli   x15, 2
#3622 0 800002ca     97ba r 0f         f004001c  c.add    x15, x14
#3623 0 800002cc     4398 r 0e         00000043  c.lw     x14, 0x0(x15)
#3624 0 800002ce f00407b7 r 0f         f0040000  lui      x15, -0xffc0
#3625 0 800002d2 06e7ae23 m f004007c   00000043  sw       x14, 0x7c(x15)
#3626 0 800002d6 f00407b7 r 0f         f0040000  lui      x15, -0xffc0
#3627 0 800002da 0747a783 r 0f         00000007  lw       x15, 0x74(x15)
#3628 0 800002de f0040737 r 0e         f0040000  lui      x14, -0xffc0
#3629 0 800002e2 00070713 r 0e         f0040000  addi     x14, x14, 0x0
#3630 0 800002e6     078a r 0f         0000001c  c.slli   x15, 2
#3631 0 800002e8     97ba r 0f         f004001c  c.add    x15, x14
#3632 0 800002ea     4398 r 0e         00000043  c.lw     x14, 0x0(x15)
#3633 0 800002ec f00407b7 r 0f         f0040000  lui      x15, -0xffc0
#3634 0 800002f0 00078693 r 0d         f0040000  addi     x13, x15, 0x0
#3635 0 800002f4 fec42783 r 0f         00000007  lw       x15, -0x14(x8)
#3636 0 800002f8     078a r 0f         0000001c  c.slli   x15, 2
#3637 0 800002fa     97b6 r 0f         f004001c  c.add    x15, x13
#3638 0 800002fc     c398 m f004001c   00000043  c.sw     x14, 0x0(x15)
#3639 0 800002fe f00407b7 r 0f         f0040000  lui      x15, -0xffc0
#3640 0 80000302 0747a783 r 0f         00000007  lw       x15, 0x74(x15)
#3641 0 80000306 f0040737 r 0e         f0040000  lui      x14, -0xffc0
#3642 0 8000030a 07c72703 r 0e         00000043  lw       x14, 0x7c(x14)
#3643 0 8000030e f00406b7 r 0d         f0040000  lui      x13, -0xffc0
#3644 0 80000312 00068693 r 0d         f0040000  addi     x13, x13, 0x0
#3645 0 80000316     078a r 0f         0000001c  c.slli   x15, 2
#3646 0 80000318     97b6 r 0f         f004001c  c.add    x15, x13
#3647 0 8000031a     c398 m f004001c   00000043  c.sw     x14, 0x0(x15)
#3648 0 8000031c f00407b7 r 0f         f0040000  lui      x15, -0xffc0
#3649 0 80000320 0747a783 r 0f         00000007  lw       x15, 0x74(x15)
#3650 0 80000324 00178713 r 0e         00000008  addi     x14, x15, 0x1
#3651 0 80000328 f00407b7 r 0f         f0040000  lui      x15, -0xffc0
#3652 0 8000032c 06e7aa23 m f0040074   00000008  sw       x14, 0x74(x15)
#3653 0 80000330 f00407b7 r 0f         f0040000  lui      x15, -0xffc0
#3654 0 80000334 0747a703 r 0e         00000008  lw       x14, 0x74(x15)
#3655 0 80000338 f00407b7 r 0f         f0040000  lui      x15, -0xffc0
#3656 0 8000033c 0387a783 r 0f         0000000e  lw       x15, 0x38(x15)
#3657 0 80000340 e4f748e3 r 00         00000000  blt      x14, x15, . - 0x1b0
#3658 0 80000190 f00407b7 r 0f         f0040000  lui      x15, -0xffc0
#3659 0 80000194 0747a783 r 0f         00000008  lw       x15, 0x74(x15)
#3660 0 80000198 f0040737 r 0e         f0040000  lui      x14, -0xffc0
#3661 0 8000019c 00070713 r 0e         f0040000  addi     x14, x14, 0x0
#3662 0 800001a0     078a r 0f         00000020  c.slli   x15, 2
#3663 0 800001a2     97ba r 0f         f0040020  c.add    x15, x14
#3664 0 800001a4     4398 r 0e         0000005a  c.lw     x14, 0x0(x15)
#3665 0 800001a6 fe842783 r 0f         0000000a  lw       x15, -0x18(x8)
#3666 0 800001aa 02f74733 r 0e         00000009  div      x14, x14, x15
#3667 0 800001ae f00407b7 r 0f         f0040000  lui      x15, -0xffc0
#3668 0 800001b2 08e7a023 m f0040080   00000009  sw       x14, 0x80(x15)
#3669 0 800001b6 f00407b7 r 0f         f0040000  lui      x15, -0xffc0
#3670 0 800001ba 0747a783 r 0f         00000008  lw       x15, 0x74(x15)
#3671 0 800001be fef42623 m f004107c   00000008  sw       x15, -0x14(x8)
#3672 0 800001c2 f00407b7 r 0f         f0040000  lui      x15, -0xffc0
#3673 0 800001c6 0747a783 r 0f         00000008  lw       x15, 0x74(x15)
#3674 0 800001ca 00178713 r 0e         00000009  addi     x14, x15, 0x1
#3675 0 800001ce f00407b7 r 0f         f0040000  lui      x15, -0xffc0
#3676 0 800001d2 06e7ac23 m f0040078   00000009  sw       x14, 0x78(x15)
#3677 0 800001d6     a88d r 00         00000000  c.j      . + 0x72
#3678 0 80000248 f00407b7 r 0f         f0040000  lui      x15, -0xffc0
#3679 0 8000024c 0787a703 r 0e         00000009  lw       x14, 0x78(x15)
#3680 0 80000250 f00407b7 r 0f         f0040000  lui      x15, -0xffc0
#3681 0 80000254 0387a783 r 0f         0000000e  lw       x15, 0x38(x15)
#3682 0 80000258 f8f740e3 r 00         00000000  blt      x14, x15, . - 0x80
#3683 0 800001d8 f00407b7 r 0f         f0040000  lui      x15, -0xffc0
#3684 0 800001dc 0787a783 r 0f         00000009  lw       x15, 0x78(x15)
#3685 0 800001e0 f0040737 r 0e         f0040000  lui      x14, -0xffc0
#3686 0 800001e4 00070713 r 0e         f0040000  addi     x14, x14, 0x0
#3687 0 800001e8     078a r 0f         00000024  c.slli   x15, 2
#3688 0 800001ea     97ba r 0f         f0040024  c.add    x15, x14
#3689 0 800001ec     4398 r 0e         00000048  c.lw     x14, 0x0(x15)
#3690 0 800001ee fe842783 r 0f         0000000a  lw       x15, -0x18(x8)
#3691 0 800001f2 02f74733 r 0e         00000007  div      x14, x14, x15
#3692 0 800001f6 f00407b7 r 0f         f0040000  lui      x15, -0xffc0
#3693 0 800001fa 0807a783 r 0f         00000009  lw       x15, 0x80(x15)
#3694 0 800001fe 02f75b63 r 00         00000000  bge      x14, x15, . + 0x36
#3695 0 80000202 f00407b7 r 0f         f0040000  lui      x15, -0xffc0
#3696 0 80000206 0787a783 r 0f         00000009  lw       x15, 0x78(x15)
#3697 0 8000020a f0040737 r 0e         f0040000  lui      x14, -0xffc0
#3698 0 8000020e 00070713 r 0e         f0040000  addi     x14, x14, 0x0
#3699 0 80000212     078a r 0f         00000024  c.slli   x15, 2
#3700 0 80000214     97ba r 0f         f0040024  c.add    x15, x14
#3701 0 80000216     4398 r 0e         00000048  c.lw     x14, 0x0(x15)
#3702 0 80000218 fe842783 r 0f         0000000a  lw       x15, -0x18(x8)
#3703 0 8000021c 02f74733 r 0e         00000007  div      x14, x14, x15
#3704 0 80000220 f00407b7 r 0f         f0040000  lui      x15, -0xffc0
#3705 0 80000224 08e7a023 m f0040080   00000007  sw       x14, 0x80(x15)
#3706 0 80000228 f00407b7 r 0f         f0040000  lui      x15, -0xffc0
#3707 0 8000022c 0787a783 r 0f         00000009  lw       x15, 0x78(x15)
#3708 0 80000230 fef42623 m f004107c   00000009  sw       x15, -0x14(x8)
#3709 0 80000234 f00407b7 r 0f         f0040000  lui      x15, -0xffc0
#3710 0 80000238 0787a783 r 0f         00000009  lw       x15, 0x78(x15)
#3711 0 8000023c 00178713 r 0e         0000000a  addi     x14, x15, 0x1
#3712 0 80000240 f00407b7 r 0f         f0040000  lui      x15, -0xffc0
#3713 0 80000244 06e7ac23 m f0040078   0000000a  sw       x14, 0x78(x15)
#3714 0 80000248 f00407b7 r 0f         f0040000  lui      x15, -0xffc0
#3715 0 8000024c 0787a703 r 0e         0000000a  lw       x14, 0x78(x15)
#3716 0 80000250 f00407b7 r 0f         f0040000  lui      x15, -0xffc0
#3717 0 80000254 0387a783 r 0f         0000000e  lw       x15, 0x38(x15)
#3718 0 80000258 f8f740e3 r 00         00000000  blt      x14, x15, . - 0x80
#3719 0 800001d8 f00407b7 r 0f         f0040000  lui      x15, -0xffc0
#3720 0 800001dc 0787a783 r 0f         0000000a  lw       x15, 0x78(x15)
#3721 0 800001e0 f0040737 r 0e         f0040000  lui      x14, -0xffc0
#3722 0 800001e4 00070713 r 0e         f0040000  addi     x14, x14, 0x0
#3723 0 800001e8     078a r 0f         00000028  c.slli   x15, 2
#3724 0 800001ea     97ba r 0f         f0040028  c.add    x15, x14
#3725 0 800001ec     4398 r 0e         0000004e  c.lw     x14, 0x0(x15)
#3726 0 800001ee fe842783 r 0f         0000000a  lw       x15, -0x18(x8)
#3727 0 800001f2 02f74733 r 0e         00000007  div      x14, x14, x15
#3728 0 800001f6 f00407b7 r 0f         f0040000  lui      x15, -0xffc0
#3729 0 800001fa 0807a783 r 0f         00000007  lw       x15, 0x80(x15)
#3730 0 800001fe 02f75b63 r 00         00000000  bge      x14, x15, . + 0x36
#3731 0 80000234 f00407b7 r 0f         f0040000  lui      x15, -0xffc0
#3732 0 80000238 0787a783 r 0f         0000000a  lw       x15, 0x78(x15)
#3733 0 8000023c 00178713 r 0e         0000000b  addi     x14, x15, 0x1
#3734 0 80000240 f00407b7 r 0f         f0040000  lui      x15, -0xffc0
#3735 0 80000244 06e7ac23 m f0040078   0000000b  sw       x14, 0x78(x15)
#3736 0 80000248 f00407b7 r 0f         f0040000  lui      x15, -0xffc0
#3737 0 8000024c 0787a703 r 0e         0000000b  lw       x14, 0x78(x15)
#3738 0 80000250 f00407b7 r 0f         f0040000  lui      x15, -0xffc0
#3739 0 80000254 0387a783 r 0f         0000000e  lw       x15, 0x38(x15)
#3740 0 80000258 f8f740e3 r 00         00000000  blt      x14, x15, . - 0x80
#3741 0 800001d8 f00407b7 r 0f         f0040000  lui      x15, -0xffc0
#3742 0 800001dc 0787a783 r 0f         0000000b  lw       x15, 0x78(x15)
#3743 0 800001e0 f0040737 r 0e         f0040000  lui      x14, -0xffc0
#3744 0 800001e4 00070713 r 0e         f0040000  addi     x14, x14, 0x0
#3745 0 800001e8     078a r 0f         0000002c  c.slli   x15, 2
#3746 0 800001ea     97ba r 0f         f004002c  c.add    x15, x14
#3747 0 800001ec     4398 r 0e         00000059  c.lw     x14, 0x0(x15)
#3748 0 800001ee fe842783 r 0f         0000000a  lw       x15, -0x18(x8)
#3749 0 800001f2 02f74733 r 0e         00000008  div      x14, x14, x15
#3750 0 800001f6 f00407b7 r 0f         f0040000  lui      x15, -0xffc0
#3751 0 800001fa 0807a783 r 0f         00000007  lw       x15, 0x80(x15)
#3752 0 800001fe 02f75b63 r 00         00000000  bge      x14, x15, . + 0x36
#3753 0 80000234 f00407b7 r 0f         f0040000  lui      x15, -0xffc0
#3754 0 80000238 0787a783 r 0f         0000000b  lw       x15, 0x78(x15)
#3755 0 8000023c 00178713 r 0e         0000000c  addi     x14, x15, 0x1
#3756 0 80000240 f00407b7 r 0f         f0040000  lui      x15, -0xffc0
#3757 0 80000244 06e7ac23 m f0040078   0000000c  sw       x14, 0x78(x15)
#3758 0 80000248 f00407b7 r 0f         f0040000  lui      x15, -0xffc0
#3759 0 8000024c 0787a703 r 0e         0000000c  lw       x14, 0x78(x15)
#3760 0 80000250 f00407b7 r 0f         f0040000  lui      x15, -0xffc0
#3761 0 80000254 0387a783 r 0f         0000000e  lw       x15, 0x38(x15)
#3762 0 80000258 f8f740e3 r 00         00000000  blt      x14, x15, . - 0x80
#3763 0 800001d8 f00407b7 r 0f         f0040000  lui      x15, -0xffc0
#3764 0 800001dc 0787a783 r 0f         0000000c  lw       x15, 0x78(x15)
#3765 0 800001e0 f0040737 r 0e         f0040000  lui      x14, -0xffc0
#3766 0 800001e4 00070713 r 0e         f0040000  addi     x14, x14, 0x0
#3767 0 800001e8     078a r 0f         00000030  c.slli   x15, 2
#3768 0 800001ea     97ba r 0f         f0040030  c.add    x15, x14
#3769 0 800001ec     4398 r 0e         00000042  c.lw     x14, 0x0(x15)
#3770 0 800001ee fe842783 r 0f         0000000a  lw       x15, -0x18(x8)
#3771 0 800001f2 02f74733 r 0e         00000006  div      x14, x14, x15
#3772 0 800001f6 f00407b7 r 0f         f0040000  lui      x15, -0xffc0
#3773 0 800001fa 0807a783 r 0f         00000007  lw       x15, 0x80(x15)
#3774 0 800001fe 02f75b63 r 00         00000000  bge      x14, x15, . + 0x36
#3775 0 80000202 f00407b7 r 0f         f0040000  lui      x15, -0xffc0
#3776 0 80000206 0787a783 r 0f         0000000c  lw       x15, 0x78(x15)
#3777 0 8000020a f0040737 r 0e         f0040000  lui      x14, -0xffc0
#3778 0 8000020e 00070713 r 0e         f0040000  addi     x14, x14, 0x0
#3779 0 80000212     078a r 0f         00000030  c.slli   x15, 2
#3780 0 80000214     97ba r 0f         f0040030  c.add    x15, x14
#3781 0 80000216     4398 r 0e         00000042  c.lw     x14, 0x0(x15)
#3782 0 80000218 fe842783 r 0f         0000000a  lw       x15, -0x18(x8)
#3783 0 8000021c 02f74733 r 0e         00000006  div      x14, x14, x15
#3784 0 80000220 f00407b7 r 0f         f0040000  lui      x15, -0xffc0
#3785 0 80000224 08e7a023 m f0040080   00000006  sw       x14, 0x80(x15)
#3786 0 80000228 f00407b7 r 0f         f0040000  lui      x15, -0xffc0
#3787 0 8000022c 0787a783 r 0f         0000000c  lw       x15, 0x78(x15)
#3788 0 80000230 fef42623 m f004107c   0000000c  sw       x15, -0x14(x8)
#3789 0 80000234 f00407b7 r 0f         f0040000  lui      x15, -0xffc0
#3790 0 80000238 0787a783 r 0f         0000000c  lw       x15, 0x78(x15)
#3791 0 8000023c 00178713 r 0e         0000000d  addi     x14, x15, 0x1
#3792 0 80000240 f00407b7 r 0f         f0040000  lui      x15, -0xffc0
#3793 0 80000244 06e7ac23 m f0040078   0000000d  sw       x14, 0x78(x15)
#3794 0 80000248 f00407b7 r 0f         f0040000  lui      x15, -0xffc0
#3795 0 8000024c 0787a703 r 0e         0000000d  lw       x14, 0x78(x15)
#3796 0 80000250 f00407b7 r 0f         f0040000  lui      x15, -0xffc0
#3797 0 80000254 0387a783 r 0f         0000000e  lw       x15, 0x38(x15)
#3798 0 80000258 f8f740e3 r 00         00000000  blt      x14, x15, . - 0x80
#3799 0 800001d8 f00407b7 r 0f         f0040000  lui      x15, -0xffc0
#3800 0 800001dc 0787a783 r 0f         0000000d  lw       x15, 0x78(x15)
#3801 0 800001e0 f0040737 r 0e         f0040000  lui      x14, -0xffc0
#3802 0 800001e4 00070713 r 0e         f0040000  addi     x14, x14, 0x0
#3803 0 800001e8     078a r 0f         00000034  c.slli   x15, 2
#3804 0 800001ea     97ba r 0f         f0040034  c.add    x15, x14
#3805 0 800001ec     4398 r 0e         00000058  c.lw     x14, 0x0(x15)
#3806 0 800001ee fe842783 r 0f         0000000a  lw       x15, -0x18(x8)
#3807 0 800001f2 02f74733 r 0e         00000008  div      x14, x14, x15
#3808 0 800001f6 f00407b7 r 0f         f0040000  lui      x15, -0xffc0
#3809 0 800001fa 0807a783 r 0f         00000006  lw       x15, 0x80(x15)
#3810 0 800001fe 02f75b63 r 00         00000000  bge      x14, x15, . + 0x36
#3811 0 80000234 f00407b7 r 0f         f0040000  lui      x15, -0xffc0
#3812 0 80000238 0787a783 r 0f         0000000d  lw       x15, 0x78(x15)
#3813 0 8000023c 00178713 r 0e         0000000e  addi     x14, x15, 0x1
#3814 0 80000240 f00407b7 r 0f         f0040000  lui      x15, -0xffc0
#3815 0 80000244 06e7ac23 m f0040078   0000000e  sw       x14, 0x78(x15)
#3816 0 80000248 f00407b7 r 0f         f0040000  lui      x15, -0xffc0
#3817 0 8000024c 0787a703 r 0e         0000000e  lw       x14, 0x78(x15)
#3818 0 80000250 f00407b7 r 0f         f0040000  lui      x15, -0xffc0
#3819 0 80000254 0387a783 r 0f         0000000e  lw       x15, 0x38(x15)
#3820 0 80000258 f8f740e3 r 00         00000000  blt      x14, x15, . - 0x80
#3821 0 8000025c f00407b7 r 0f         f0040000  lui      x15, -0xffc0
#3822 0 80000260 03c78713 r 0e         f004003c  addi     x14, x15, 0x3c
#3823 0 80000264 fec42783 r 0f         0000000c  lw       x15, -0x14(x8)
#3824 0 80000268     078a r 0f         00000030  c.slli   x15, 2
#3825 0 8000026a     97ba r 0f         f004006c  c.add    x15, x14
#3826 0 8000026c     4398 r 0e         00000042  c.lw     x14, 0x0(x15)
#3827 0 8000026e f00407b7 r 0f         f0040000  lui      x15, -0xffc0
#3828 0 80000272 06e7ae23 m f004007c   00000042  sw       x14, 0x7c(x15)
#3829 0 80000276 f00407b7 r 0f         f0040000  lui      x15, -0xffc0
#3830 0 8000027a 0747a783 r 0f         00000008  lw       x15, 0x74(x15)
#3831 0 8000027e f0040737 r 0e         f0040000  lui      x14, -0xffc0
#3832 0 80000282 03c70713 r 0e         f004003c  addi     x14, x14, 0x3c
#3833 0 80000286     078a r 0f         00000020  c.slli   x15, 2
#3834 0 80000288     97ba r 0f         f004005c  c.add    x15, x14
#3835 0 8000028a     4398 r 0e         0000005a  c.lw     x14, 0x0(x15)
#3836 0 8000028c f00407b7 r 0f         f0040000  lui      x15, -0xffc0
#3837 0 80000290 03c78693 r 0d         f004003c  addi     x13, x15, 0x3c
#3838 0 80000294 fec42783 r 0f         0000000c  lw       x15, -0x14(x8)
#3839 0 80000298     078a r 0f         00000030  c.slli   x15, 2
#3840 0 8000029a     97b6 r 0f         f004006c  c.add    x15, x13
#3841 0 8000029c     c398 m f004006c   0000005a  c.sw     x14, 0x0(x15)
#3842 0 8000029e f00407b7 r 0f         f0040000  lui      x15, -0xffc0
#3843 0 800002a2 0747a783 r 0f         00000008  lw       x15, 0x74(x15)
#3844 0 800002a6 f0040737 r 0e         f0040000  lui      x14, -0xffc0
#3845 0 800002aa 07c72703 r 0e         00000042  lw       x14, 0x7c(x14)
#3846 0 800002ae f00406b7 r 0d         f0040000  lui      x13, -0xffc0
#3847 0 800002b2 03c68693 r 0d         f004003c  addi     x13, x13, 0x3c
#3848 0 800002b6     078a r 0f         00000020  c.slli   x15, 2
#3849 0 800002b8     97b6 r 0f         f004005c  c.add    x15, x13
#3850 0 800002ba     c398 m f004005c   00000042  c.sw     x14, 0x0(x15)
#3851 0 800002bc f00407b7 r 0f         f0040000  lui      x15, -0xffc0
#3852 0 800002c0 00078713 r 0e         f0040000  addi     x14, x15, 0x0
#3853 0 800002c4 fec42783 r 0f         0000000c  lw       x15, -0x14(x8)
#3854 0 800002c8     078a r 0f         00000030  c.slli   x15, 2
#3855 0 800002ca     97ba r 0f         f0040030  c.add    x15, x14
#3856 0 800002cc     4398 r 0e         00000042  c.lw     x14, 0x0(x15)
#3857 0 800002ce f00407b7 r 0f         f0040000  lui      x15, -0xffc0
#3858 0 800002d2 06e7ae23 m f004007c   00000042  sw       x14, 0x7c(x15)
#3859 0 800002d6 f00407b7 r 0f         f0040000  lui      x15, -0xffc0
#3860 0 800002da 0747a783 r 0f         00000008  lw       x15, 0x74(x15)
#3861 0 800002de f0040737 r 0e         f0040000  lui      x14, -0xffc0
#3862 0 800002e2 00070713 r 0e         f0040000  addi     x14, x14, 0x0
#3863 0 800002e6     078a r 0f         00000020  c.slli   x15, 2
#3864 0 800002e8     97ba r 0f         f0040020  c.add    x15, x14
#3865 0 800002ea     4398 r 0e         0000005a  c.lw     x14, 0x0(x15)
#3866 0 800002ec f00407b7 r 0f         f0040000  lui      x15, -0xffc0
#3867 0 800002f0 00078693 r 0d         f0040000  addi     x13, x15, 0x0
#3868 0 800002f4 fec42783 r 0f         0000000c  lw       x15, -0x14(x8)
#3869 0 800002f8     078a r 0f         00000030  c.slli   x15, 2
#3870 0 800002fa     97b6 r 0f         f0040030  c.add    x15, x13
#3871 0 800002fc     c398 m f0040030   0000005a  c.sw     x14, 0x0(x15)
#3872 0 800002fe f00407b7 r 0f         f0040000  lui      x15, -0xffc0
#3873 0 80000302 0747a783 r 0f         00000008  lw       x15, 0x74(x15)
#3874 0 80000306 f0040737 r 0e         f0040000  lui      x14, -0xffc0
#3875 0 8000030a 07c72703 r 0e         00000042  lw       x14, 0x7c(x14)
#3876 0 8000030e f00406b7 r 0d         f0040000  lui      x13, -0xffc0
#3877 0 80000312 00068693 r 0d         f0040000  addi     x13, x13, 0x0
#3878 0 80000316     078a r 0f         00000020  c.slli   x15, 2
#3879 0 80000318     97b6 r 0f         f0040020  c.add    x15, x13
#3880 0 8000031a     c398 m f0040020   00000042  c.sw     x14, 0x0(x15)
#3881 0 8000031c f00407b7 r 0f         f0040000  lui      x15, -0xffc0
#3882 0 80000320 0747a783 r 0f         00000008  lw       x15, 0x74(x15)
#3883 0 80000324 00178713 r 0e         00000009  addi     x14, x15, 0x1
#3884 0 80000328 f00407b7 r 0f         f0040000  lui      x15, -0xffc0
#3885 0 8000032c 06e7aa23 m f0040074   00000009  sw       x14, 0x74(x15)
#3886 0 80000330 f00407b7 r 0f         f0040000  lui      x15, -0xffc0
#3887 0 80000334 0747a703 r 0e         00000009  lw       x14, 0x74(x15)
#3888 0 80000338 f00407b7 r 0f         f0040000  lui      x15, -0xffc0
#3889 0 8000033c 0387a783 r 0f         0000000e  lw       x15, 0x38(x15)
#3890 0 80000340 e4f748e3 r 00         00000000  blt      x14, x15, . - 0x1b0
#3891 0 80000190 f00407b7 r 0f         f0040000  lui      x15, -0xffc0
#3892 0 80000194 0747a783 r 0f         00000009  lw       x15, 0x74(x15)
#3893 0 80000198 f0040737 r 0e         f0040000  lui      x14, -0xffc0
#3894 0 8000019c 00070713 r 0e         f0040000  addi     x14, x14, 0x0
#3895 0 800001a0     078a r 0f         00000024  c.slli   x15, 2
#3896 0 800001a2     97ba r 0f         f0040024  c.add    x15, x14
#3897 0 800001a4     4398 r 0e         00000048  c.lw     x14, 0x0(x15)
#3898 0 800001a6 fe842783 r 0f         0000000a  lw       x15, -0x18(x8)
#3899 0 800001aa 02f74733 r 0e         00000007  div      x14, x14, x15
#3900 0 800001ae f00407b7 r 0f         f0040000  lui      x15, -0xffc0
#3901 0 800001b2 08e7a023 m f0040080   00000007  sw       x14, 0x80(x15)
#3902 0 800001b6 f00407b7 r 0f         f0040000  lui      x15, -0xffc0
#3903 0 800001ba 0747a783 r 0f         00000009  lw       x15, 0x74(x15)
#3904 0 800001be fef42623 m f004107c   00000009  sw       x15, -0x14(x8)
#3905 0 800001c2 f00407b7 r 0f         f0040000  lui      x15, -0xffc0
#3906 0 800001c6 0747a783 r 0f         00000009  lw       x15, 0x74(x15)
#3907 0 800001ca 00178713 r 0e         0000000a  addi     x14, x15, 0x1
#3908 0 800001ce f00407b7 r 0f         f0040000  lui      x15, -0xffc0
#3909 0 800001d2 06e7ac23 m f0040078   0000000a  sw       x14, 0x78(x15)
#3910 0 800001d6     a88d r 00         00000000  c.j      . + 0x72
#3911 0 80000248 f00407b7 r 0f         f0040000  lui      x15, -0xffc0
#3912 0 8000024c 0787a703 r 0e         0000000a  lw       x14, 0x78(x15)
#3913 0 80000250 f00407b7 r 0f         f0040000  lui      x15, -0xffc0
#3914 0 80000254 0387a783 r 0f         0000000e  lw       x15, 0x38(x15)
#3915 0 80000258 f8f740e3 r 00         00000000  blt      x14, x15, . - 0x80
#3916 0 800001d8 f00407b7 r 0f         f0040000  lui      x15, -0xffc0
#3917 0 800001dc 0787a783 r 0f         0000000a  lw       x15, 0x78(x15)
#3918 0 800001e0 f0040737 r 0e         f0040000  lui      x14, -0xffc0
#3919 0 800001e4 00070713 r 0e         f0040000  addi     x14, x14, 0x0
#3920 0 800001e8     078a r 0f         00000028  c.slli   x15, 2
#3921 0 800001ea     97ba r 0f         f0040028  c.add    x15, x14
#3922 0 800001ec     4398 r 0e         0000004e  c.lw     x14, 0x0(x15)
#3923 0 800001ee fe842783 r 0f         0000000a  lw       x15, -0x18(x8)
#3924 0 800001f2 02f74733 r 0e         00000007  div      x14, x14, x15
#3925 0 800001f6 f00407b7 r 0f         f0040000  lui      x15, -0xffc0
#3926 0 800001fa 0807a783 r 0f         00000007  lw       x15, 0x80(x15)
#3927 0 800001fe 02f75b63 r 00         00000000  bge      x14, x15, . + 0x36
#3928 0 80000234 f00407b7 r 0f         f0040000  lui      x15, -0xffc0
#3929 0 80000238 0787a783 r 0f         0000000a  lw       x15, 0x78(x15)
#3930 0 8000023c 00178713 r 0e         0000000b  addi     x14, x15, 0x1
#3931 0 80000240 f00407b7 r 0f         f0040000  lui      x15, -0xffc0
#3932 0 80000244 06e7ac23 m f0040078   0000000b  sw       x14, 0x78(x15)
#3933 0 80000248 f00407b7 r 0f         f0040000  lui      x15, -0xffc0
#3934 0 8000024c 0787a703 r 0e         0000000b  lw       x14, 0x78(x15)
#3935 0 80000250 f00407b7 r 0f         f0040000  lui      x15, -0xffc0
#3936 0 80000254 0387a783 r 0f         0000000e  lw       x15, 0x38(x15)
#3937 0 80000258 f8f740e3 r 00         00000000  blt      x14, x15, . - 0x80
#3938 0 800001d8 f00407b7 r 0f         f0040000  lui      x15, -0xffc0
#3939 0 800001dc 0787a783 r 0f         0000000b  lw       x15, 0x78(x15)
#3940 0 800001e0 f0040737 r 0e         f0040000  lui      x14, -0xffc0
#3941 0 800001e4 00070713 r 0e         f0040000  addi     x14, x14, 0x0
#3942 0 800001e8     078a r 0f         0000002c  c.slli   x15, 2
#3943 0 800001ea     97ba r 0f         f004002c  c.add    x15, x14
#3944 0 800001ec     4398 r 0e         00000059  c.lw     x14, 0x0(x15)
#3945 0 800001ee fe842783 r 0f         0000000a  lw       x15, -0x18(x8)
#3946 0 800001f2 02f74733 r 0e         00000008  div      x14, x14, x15
#3947 0 800001f6 f00407b7 r 0f         f0040000  lui      x15, -0xffc0
#3948 0 800001fa 0807a783 r 0f         00000007  lw       x15, 0x80(x15)
#3949 0 800001fe 02f75b63 r 00         00000000  bge      x14, x15, . + 0x36
#3950 0 80000234 f00407b7 r 0f         f0040000  lui      x15, -0xffc0
#3951 0 80000238 0787a783 r 0f         0000000b  lw       x15, 0x78(x15)
#3952 0 8000023c 00178713 r 0e         0000000c  addi     x14, x15, 0x1
#3953 0 80000240 f00407b7 r 0f         f0040000  lui      x15, -0xffc0
#3954 0 80000244 06e7ac23 m f0040078   0000000c  sw       x14, 0x78(x15)
#3955 0 80000248 f00407b7 r 0f         f0040000  lui      x15, -0xffc0
#3956 0 8000024c 0787a703 r 0e         0000000c  lw       x14, 0x78(x15)
#3957 0 80000250 f00407b7 r 0f         f0040000  lui      x15, -0xffc0
#3958 0 80000254 0387a783 r 0f         0000000e  lw       x15, 0x38(x15)
#3959 0 80000258 f8f740e3 r 00         00000000  blt      x14, x15, . - 0x80
#3960 0 800001d8 f00407b7 r 0f         f0040000  lui      x15, -0xffc0
#3961 0 800001dc 0787a783 r 0f         0000000c  lw       x15, 0x78(x15)
#3962 0 800001e0 f0040737 r 0e         f0040000  lui      x14, -0xffc0
#3963 0 800001e4 00070713 r 0e         f0040000  addi     x14, x14, 0x0
#3964 0 800001e8     078a r 0f         00000030  c.slli   x15, 2
#3965 0 800001ea     97ba r 0f         f0040030  c.add    x15, x14
#3966 0 800001ec     4398 r 0e         0000005a  c.lw     x14, 0x0(x15)
#3967 0 800001ee fe842783 r 0f         0000000a  lw       x15, -0x18(x8)
#3968 0 800001f2 02f74733 r 0e         00000009  div      x14, x14, x15
#3969 0 800001f6 f00407b7 r 0f         f0040000  lui      x15, -0xffc0
#3970 0 800001fa 0807a783 r 0f         00000007  lw       x15, 0x80(x15)
#3971 0 800001fe 02f75b63 r 00         00000000  bge      x14, x15, . + 0x36
#3972 0 80000234 f00407b7 r 0f         f0040000  lui      x15, -0xffc0
#3973 0 80000238 0787a783 r 0f         0000000c  lw       x15, 0x78(x15)
#3974 0 8000023c 00178713 r 0e         0000000d  addi     x14, x15, 0x1
#3975 0 80000240 f00407b7 r 0f         f0040000  lui      x15, -0xffc0
#3976 0 80000244 06e7ac23 m f0040078   0000000d  sw       x14, 0x78(x15)
#3977 0 80000248 f00407b7 r 0f         f0040000  lui      x15, -0xffc0
#3978 0 8000024c 0787a703 r 0e         0000000d  lw       x14, 0x78(x15)
#3979 0 80000250 f00407b7 r 0f         f0040000  lui      x15, -0xffc0
#3980 0 80000254 0387a783 r 0f         0000000e  lw       x15, 0x38(x15)
#3981 0 80000258 f8f740e3 r 00         00000000  blt      x14, x15, . - 0x80
#3982 0 800001d8 f00407b7 r 0f         f0040000  lui      x15, -0xffc0
#3983 0 800001dc 0787a783 r 0f         0000000d  lw       x15, 0x78(x15)
#3984 0 800001e0 f0040737 r 0e         f0040000  lui      x14, -0xffc0
#3985 0 800001e4 00070713 r 0e         f0040000  addi     x14, x14, 0x0
#3986 0 800001e8     078a r 0f         00000034  c.slli   x15, 2
#3987 0 800001ea     97ba r 0f         f0040034  c.add    x15, x14
#3988 0 800001ec     4398 r 0e         00000058  c.lw     x14, 0x0(x15)
#3989 0 800001ee fe842783 r 0f         0000000a  lw       x15, -0x18(x8)
#3990 0 800001f2 02f74733 r 0e         00000008  div      x14, x14, x15
#3991 0 800001f6 f00407b7 r 0f         f0040000  lui      x15, -0xffc0
#3992 0 800001fa 0807a783 r 0f         00000007  lw       x15, 0x80(x15)
#3993 0 800001fe 02f75b63 r 00         00000000  bge      x14, x15, . + 0x36
#3994 0 80000234 f00407b7 r 0f         f0040000  lui      x15, -0xffc0
#3995 0 80000238 0787a783 r 0f         0000000d  lw       x15, 0x78(x15)
#3996 0 8000023c 00178713 r 0e         0000000e  addi     x14, x15, 0x1
#3997 0 80000240 f00407b7 r 0f         f0040000  lui      x15, -0xffc0
#3998 0 80000244 06e7ac23 m f0040078   0000000e  sw       x14, 0x78(x15)
#3999 0 80000248 f00407b7 r 0f         f0040000  lui      x15, -0xffc0
#4000 0 8000024c 0787a703 r 0e         0000000e  lw       x14, 0x78(x15)
#4001 0 80000250 f00407b7 r 0f         f0040000  lui      x15, -0xffc0
#4002 0 80000254 0387a783 r 0f         0000000e  lw       x15, 0x38(x15)
#4003 0 80000258 f8f740e3 r 00         00000000  blt      x14, x15, . - 0x80
#4004 0 8000025c f00407b7 r 0f         f0040000  lui      x15, -0xffc0
#4005 0 80000260 03c78713 r 0e         f004003c  addi     x14, x15, 0x3c
#4006 0 80000264 fec42783 r 0f         00000009  lw       x15, -0x14(x8)
#4007 0 80000268     078a r 0f         00000024  c.slli   x15, 2
#4008 0 8000026a     97ba r 0f         f0040060  c.add    x15, x14
#4009 0 8000026c     4398 r 0e         00000048  c.lw     x14, 0x0(x15)
#4010 0 8000026e f00407b7 r 0f         f0040000  lui      x15, -0xffc0
#4011 0 80000272 06e7ae23 m f004007c   00000048  sw       x14, 0x7c(x15)
#4012 0 80000276 f00407b7 r 0f         f0040000  lui      x15, -0xffc0
#4013 0 8000027a 0747a783 r 0f         00000009  lw       x15, 0x74(x15)
#4014 0 8000027e f0040737 r 0e         f0040000  lui      x14, -0xffc0
#4015 0 80000282 03c70713 r 0e         f004003c  addi     x14, x14, 0x3c
#4016 0 80000286     078a r 0f         00000024  c.slli   x15, 2
#4017 0 80000288     97ba r 0f         f0040060  c.add    x15, x14
#4018 0 8000028a     4398 r 0e         00000048  c.lw     x14, 0x0(x15)
#4019 0 8000028c f00407b7 r 0f         f0040000  lui      x15, -0xffc0
#4020 0 80000290 03c78693 r 0d         f004003c  addi     x13, x15, 0x3c
#4021 0 80000294 fec42783 r 0f         00000009  lw       x15, -0x14(x8)
#4022 0 80000298     078a r 0f         00000024  c.slli   x15, 2
#4023 0 8000029a     97b6 r 0f         f0040060  c.add    x15, x13
#4024 0 8000029c     c398 m f0040060   00000048  c.sw     x14, 0x0(x15)
#4025 0 8000029e f00407b7 r 0f         f0040000  lui      x15, -0xffc0
#4026 0 800002a2 0747a783 r 0f         00000009  lw       x15, 0x74(x15)
#4027 0 800002a6 f0040737 r 0e         f0040000  lui      x14, -0xffc0
#4028 0 800002aa 07c72703 r 0e         00000048  lw       x14, 0x7c(x14)
#4029 0 800002ae f00406b7 r 0d         f0040000  lui      x13, -0xffc0
#4030 0 800002b2 03c68693 r 0d         f004003c  addi     x13, x13, 0x3c
#4031 0 800002b6     078a r 0f         00000024  c.slli   x15, 2
#4032 0 800002b8     97b6 r 0f         f0040060  c.add    x15, x13
#4033 0 800002ba     c398 m f0040060   00000048  c.sw     x14, 0x0(x15)
#4034 0 800002bc f00407b7 r 0f         f0040000  lui      x15, -0xffc0
#4035 0 800002c0 00078713 r 0e         f0040000  addi     x14, x15, 0x0
#4036 0 800002c4 fec42783 r 0f         00000009  lw       x15, -0x14(x8)
#4037 0 800002c8     078a r 0f         00000024  c.slli   x15, 2
#4038 0 800002ca     97ba r 0f         f0040024  c.add    x15, x14
#4039 0 800002cc     4398 r 0e         00000048  c.lw     x14, 0x0(x15)
#4040 0 800002ce f00407b7 r 0f         f0040000  lui      x15, -0xffc0
#4041 0 800002d2 06e7ae23 m f004007c   00000048  sw       x14, 0x7c(x15)
#4042 0 800002d6 f00407b7 r 0f         f0040000  lui      x15, -0xffc0
#4043 0 800002da 0747a783 r 0f         00000009  lw       x15, 0x74(x15)
#4044 0 800002de f0040737 r 0e         f0040000  lui      x14, -0xffc0
#4045 0 800002e2 00070713 r 0e         f0040000  addi     x14, x14, 0x0
#4046 0 800002e6     078a r 0f         00000024  c.slli   x15, 2
#4047 0 800002e8     97ba r 0f         f0040024  c.add    x15, x14
#4048 0 800002ea     4398 r 0e         00000048  c.lw     x14, 0x0(x15)
#4049 0 800002ec f00407b7 r 0f         f0040000  lui      x15, -0xffc0
#4050 0 800002f0 00078693 r 0d         f0040000  addi     x13, x15, 0x0
#4051 0 800002f4 fec42783 r 0f         00000009  lw       x15, -0x14(x8)
#4052 0 800002f8     078a r 0f         00000024  c.slli   x15, 2
#4053 0 800002fa     97b6 r 0f         f0040024  c.add    x15, x13
#4054 0 800002fc     c398 m f0040024   00000048  c.sw     x14, 0x0(x15)
#4055 0 800002fe f00407b7 r 0f         f0040000  lui      x15, -0xffc0
#4056 0 80000302 0747a783 r 0f         00000009  lw       x15, 0x74(x15)
#4057 0 80000306 f0040737 r 0e         f0040000  lui      x14, -0xffc0
#4058 0 8000030a 07c72703 r 0e         00000048  lw       x14, 0x7c(x14)
#4059 0 8000030e f00406b7 r 0d         f0040000  lui      x13, -0xffc0
#4060 0 80000312 00068693 r 0d         f0040000  addi     x13, x13, 0x0
#4061 0 80000316     078a r 0f         00000024  c.slli   x15, 2
#4062 0 80000318     97b6 r 0f         f0040024  c.add    x15, x13
#4063 0 8000031a     c398 m f0040024   00000048  c.sw     x14, 0x0(x15)
#4064 0 8000031c f00407b7 r 0f         f0040000  lui      x15, -0xffc0
#4065 0 80000320 0747a783 r 0f         00000009  lw       x15, 0x74(x15)
#4066 0 80000324 00178713 r 0e         0000000a  addi     x14, x15, 0x1
#4067 0 80000328 f00407b7 r 0f         f0040000  lui      x15, -0xffc0
#4068 0 8000032c 06e7aa23 m f0040074   0000000a  sw       x14, 0x74(x15)
#4069 0 80000330 f00407b7 r 0f         f0040000  lui      x15, -0xffc0
#4070 0 80000334 0747a703 r 0e         0000000a  lw       x14, 0x74(x15)
#4071 0 80000338 f00407b7 r 0f         f0040000  lui      x15, -0xffc0
#4072 0 8000033c 0387a783 r 0f         0000000e  lw       x15, 0x38(x15)
#4073 0 80000340 e4f748e3 r 00         00000000  blt      x14, x15, . - 0x1b0
#4074 0 80000190 f00407b7 r 0f         f0040000  lui      x15, -0xffc0
#4075 0 80000194 0747a783 r 0f         0000000a  lw       x15, 0x74(x15)
#4076 0 80000198 f0040737 r 0e         f0040000  lui      x14, -0xffc0
#4077 0 8000019c 00070713 r 0e         f0040000  addi     x14, x14, 0x0
#4078 0 800001a0     078a r 0f         00000028  c.slli   x15, 2
#4079 0 800001a2     97ba r 0f         f0040028  c.add    x15, x14
#4080 0 800001a4     4398 r 0e         0000004e  c.lw     x14, 0x0(x15)
#4081 0 800001a6 fe842783 r 0f         0000000a  lw       x15, -0x18(x8)
#4082 0 800001aa 02f74733 r 0e         00000007  div      x14, x14, x15
#4083 0 800001ae f00407b7 r 0f         f0040000  lui      x15, -0xffc0
#4084 0 800001b2 08e7a023 m f0040080   00000007  sw       x14, 0x80(x15)
#4085 0 800001b6 f00407b7 r 0f         f0040000  lui      x15, -0xffc0
#4086 0 800001ba 0747a783 r 0f         0000000a  lw       x15, 0x74(x15)
#4087 0 800001be fef42623 m f004107c   0000000a  sw       x15, -0x14(x8)
#4088 0 800001c2 f00407b7 r 0f         f0040000  lui      x15, -0xffc0
#4089 0 800001c6 0747a783 r 0f         0000000a  lw       x15, 0x74(x15)
#4090 0 800001ca 00178713 r 0e         0000000b  addi     x14, x15, 0x1
#4091 0 800001ce f00407b7 r 0f         f0040000  lui      x15, -0xffc0
#4092 0 800001d2 06e7ac23 m f0040078   0000000b  sw       x14, 0x78(x15)
#4093 0 800001d6     a88d r 00         00000000  c.j      . + 0x72
#4094 0 80000248 f00407b7 r 0f         f0040000  lui      x15, -0xffc0
#4095 0 8000024c 0787a703 r 0e         0000000b  lw       x14, 0x78(x15)
#4096 0 80000250 f00407b7 r 0f         f0040000  lui      x15, -0xffc0
#4097 0 80000254 0387a783 r 0f         0000000e  lw       x15, 0x38(x15)
#4098 0 80000258 f8f740e3 r 00         00000000  blt      x14, x15, . - 0x80
#4099 0 800001d8 f00407b7 r 0f         f0040000  lui      x15, -0xffc0
#4100 0 800001dc 0787a783 r 0f         0000000b  lw       x15, 0x78(x15)
#4101 0 800001e0 f0040737 r 0e         f0040000  lui      x14, -0xffc0
#4102 0 800001e4 00070713 r 0e         f0040000  addi     x14, x14, 0x0
#4103 0 800001e8     078a r 0f         0000002c  c.slli   x15, 2
#4104 0 800001ea     97ba r 0f         f004002c  c.add    x15, x14
#4105 0 800001ec     4398 r 0e         00000059  c.lw     x14, 0x0(x15)
#4106 0 800001ee fe842783 r 0f         0000000a  lw       x15, -0x18(x8)
#4107 0 800001f2 02f74733 r 0e         00000008  div      x14, x14, x15
#4108 0 800001f6 f00407b7 r 0f         f0040000  lui      x15, -0xffc0
#4109 0 800001fa 0807a783 r 0f         00000007  lw       x15, 0x80(x15)
#4110 0 800001fe 02f75b63 r 00         00000000  bge      x14, x15, . + 0x36
#4111 0 80000234 f00407b7 r 0f         f0040000  lui      x15, -0xffc0
#4112 0 80000238 0787a783 r 0f         0000000b  lw       x15, 0x78(x15)
#4113 0 8000023c 00178713 r 0e         0000000c  addi     x14, x15, 0x1
#4114 0 80000240 f00407b7 r 0f         f0040000  lui      x15, -0xffc0
#4115 0 80000244 06e7ac23 m f0040078   0000000c  sw       x14, 0x78(x15)
#4116 0 80000248 f00407b7 r 0f         f0040000  lui      x15, -0xffc0
#4117 0 8000024c 0787a703 r 0e         0000000c  lw       x14, 0x78(x15)
#4118 0 80000250 f00407b7 r 0f         f0040000  lui      x15, -0xffc0
#4119 0 80000254 0387a783 r 0f         0000000e  lw       x15, 0x38(x15)
#4120 0 80000258 f8f740e3 r 00         00000000  blt      x14, x15, . - 0x80
#4121 0 800001d8 f00407b7 r 0f         f0040000  lui      x15, -0xffc0
#4122 0 800001dc 0787a783 r 0f         0000000c  lw       x15, 0x78(x15)
#4123 0 800001e0 f0040737 r 0e         f0040000  lui      x14, -0xffc0
#4124 0 800001e4 00070713 r 0e         f0040000  addi     x14, x14, 0x0
#4125 0 800001e8     078a r 0f         00000030  c.slli   x15, 2
#4126 0 800001ea     97ba r 0f         f0040030  c.add    x15, x14
#4127 0 800001ec     4398 r 0e         0000005a  c.lw     x14, 0x0(x15)
#4128 0 800001ee fe842783 r 0f         0000000a  lw       x15, -0x18(x8)
#4129 0 800001f2 02f74733 r 0e         00000009  div      x14, x14, x15
#4130 0 800001f6 f00407b7 r 0f         f0040000  lui      x15, -0xffc0
#4131 0 800001fa 0807a783 r 0f         00000007  lw       x15, 0x80(x15)
#4132 0 800001fe 02f75b63 r 00         00000000  bge      x14, x15, . + 0x36
#4133 0 80000234 f00407b7 r 0f         f0040000  lui      x15, -0xffc0
#4134 0 80000238 0787a783 r 0f         0000000c  lw       x15, 0x78(x15)
#4135 0 8000023c 00178713 r 0e         0000000d  addi     x14, x15, 0x1
#4136 0 80000240 f00407b7 r 0f         f0040000  lui      x15, -0xffc0
#4137 0 80000244 06e7ac23 m f0040078   0000000d  sw       x14, 0x78(x15)
#4138 0 80000248 f00407b7 r 0f         f0040000  lui      x15, -0xffc0
#4139 0 8000024c 0787a703 r 0e         0000000d  lw       x14, 0x78(x15)
#4140 0 80000250 f00407b7 r 0f         f0040000  lui      x15, -0xffc0
#4141 0 80000254 0387a783 r 0f         0000000e  lw       x15, 0x38(x15)
#4142 0 80000258 f8f740e3 r 00         00000000  blt      x14, x15, . - 0x80
#4143 0 800001d8 f00407b7 r 0f         f0040000  lui      x15, -0xffc0
#4144 0 800001dc 0787a783 r 0f         0000000d  lw       x15, 0x78(x15)
#4145 0 800001e0 f0040737 r 0e         f0040000  lui      x14, -0xffc0
#4146 0 800001e4 00070713 r 0e         f0040000  addi     x14, x14, 0x0
#4147 0 800001e8     078a r 0f         00000034  c.slli   x15, 2
#4148 0 800001ea     97ba r 0f         f0040034  c.add    x15, x14
#4149 0 800001ec     4398 r 0e         00000058  c.lw     x14, 0x0(x15)
#4150 0 800001ee fe842783 r 0f         0000000a  lw       x15, -0x18(x8)
#4151 0 800001f2 02f74733 r 0e         00000008  div      x14, x14, x15
#4152 0 800001f6 f00407b7 r 0f         f0040000  lui      x15, -0xffc0
#4153 0 800001fa 0807a783 r 0f         00000007  lw       x15, 0x80(x15)
#4154 0 800001fe 02f75b63 r 00         00000000  bge      x14, x15, . + 0x36
#4155 0 80000234 f00407b7 r 0f         f0040000  lui      x15, -0xffc0
#4156 0 80000238 0787a783 r 0f         0000000d  lw       x15, 0x78(x15)
#4157 0 8000023c 00178713 r 0e         0000000e  addi     x14, x15, 0x1
#4158 0 80000240 f00407b7 r 0f         f0040000  lui      x15, -0xffc0
#4159 0 80000244 06e7ac23 m f0040078   0000000e  sw       x14, 0x78(x15)
#4160 0 80000248 f00407b7 r 0f         f0040000  lui      x15, -0xffc0
#4161 0 8000024c 0787a703 r 0e         0000000e  lw       x14, 0x78(x15)
#4162 0 80000250 f00407b7 r 0f         f0040000  lui      x15, -0xffc0
#4163 0 80000254 0387a783 r 0f         0000000e  lw       x15, 0x38(x15)
#4164 0 80000258 f8f740e3 r 00         00000000  blt      x14, x15, . - 0x80
#4165 0 8000025c f00407b7 r 0f         f0040000  lui      x15, -0xffc0
#4166 0 80000260 03c78713 r 0e         f004003c  addi     x14, x15, 0x3c
#4167 0 80000264 fec42783 r 0f         0000000a  lw       x15, -0x14(x8)
#4168 0 80000268     078a r 0f         00000028  c.slli   x15, 2
#4169 0 8000026a     97ba r 0f         f0040064  c.add    x15, x14
#4170 0 8000026c     4398 r 0e         0000004e  c.lw     x14, 0x0(x15)
#4171 0 8000026e f00407b7 r 0f         f0040000  lui      x15, -0xffc0
#4172 0 80000272 06e7ae23 m f004007c   0000004e  sw       x14, 0x7c(x15)
#4173 0 80000276 f00407b7 r 0f         f0040000  lui      x15, -0xffc0
#4174 0 8000027a 0747a783 r 0f         0000000a  lw       x15, 0x74(x15)
#4175 0 8000027e f0040737 r 0e         f0040000  lui      x14, -0xffc0
#4176 0 80000282 03c70713 r 0e         f004003c  addi     x14, x14, 0x3c
#4177 0 80000286     078a r 0f         00000028  c.slli   x15, 2
#4178 0 80000288     97ba r 0f         f0040064  c.add    x15, x14
#4179 0 8000028a     4398 r 0e         0000004e  c.lw     x14, 0x0(x15)
#4180 0 8000028c f00407b7 r 0f         f0040000  lui      x15, -0xffc0
#4181 0 80000290 03c78693 r 0d         f004003c  addi     x13, x15, 0x3c
#4182 0 80000294 fec42783 r 0f         0000000a  lw       x15, -0x14(x8)
#4183 0 80000298     078a r 0f         00000028  c.slli   x15, 2
#4184 0 8000029a     97b6 r 0f         f0040064  c.add    x15, x13
#4185 0 8000029c     c398 m f0040064   0000004e  c.sw     x14, 0x0(x15)
#4186 0 8000029e f00407b7 r 0f         f0040000  lui      x15, -0xffc0
#4187 0 800002a2 0747a783 r 0f         0000000a  lw       x15, 0x74(x15)
#4188 0 800002a6 f0040737 r 0e         f0040000  lui      x14, -0xffc0
#4189 0 800002aa 07c72703 r 0e         0000004e  lw       x14, 0x7c(x14)
#4190 0 800002ae f00406b7 r 0d         f0040000  lui      x13, -0xffc0
#4191 0 800002b2 03c68693 r 0d         f004003c  addi     x13, x13, 0x3c
#4192 0 800002b6     078a r 0f         00000028  c.slli   x15, 2
#4193 0 800002b8     97b6 r 0f         f0040064  c.add    x15, x13
#4194 0 800002ba     c398 m f0040064   0000004e  c.sw     x14, 0x0(x15)
#4195 0 800002bc f00407b7 r 0f         f0040000  lui      x15, -0xffc0
#4196 0 800002c0 00078713 r 0e         f0040000  addi     x14, x15, 0x0
#4197 0 800002c4 fec42783 r 0f         0000000a  lw       x15, -0x14(x8)
#4198 0 800002c8     078a r 0f         00000028  c.slli   x15, 2
#4199 0 800002ca     97ba r 0f         f0040028  c.add    x15, x14
#4200 0 800002cc     4398 r 0e         0000004e  c.lw     x14, 0x0(x15)
#4201 0 800002ce f00407b7 r 0f         f0040000  lui      x15, -0xffc0
#4202 0 800002d2 06e7ae23 m f004007c   0000004e  sw       x14, 0x7c(x15)
#4203 0 800002d6 f00407b7 r 0f         f0040000  lui      x15, -0xffc0
#4204 0 800002da 0747a783 r 0f         0000000a  lw       x15, 0x74(x15)
#4205 0 800002de f0040737 r 0e         f0040000  lui      x14, -0xffc0
#4206 0 800002e2 00070713 r 0e         f0040000  addi     x14, x14, 0x0
#4207 0 800002e6     078a r 0f         00000028  c.slli   x15, 2
#4208 0 800002e8     97ba r 0f         f0040028  c.add    x15, x14
#4209 0 800002ea     4398 r 0e         0000004e  c.lw     x14, 0x0(x15)
#4210 0 800002ec f00407b7 r 0f         f0040000  lui      x15, -0xffc0
#4211 0 800002f0 00078693 r 0d         f0040000  addi     x13, x15, 0x0
#4212 0 800002f4 fec42783 r 0f         0000000a  lw       x15, -0x14(x8)
#4213 0 800002f8     078a r 0f         00000028  c.slli   x15, 2
#4214 0 800002fa     97b6 r 0f         f0040028  c.add    x15, x13
#4215 0 800002fc     c398 m f0040028   0000004e  c.sw     x14, 0x0(x15)
#4216 0 800002fe f00407b7 r 0f         f0040000  lui      x15, -0xffc0
#4217 0 80000302 0747a783 r 0f         0000000a  lw       x15, 0x74(x15)
#4218 0 80000306 f0040737 r 0e         f0040000  lui      x14, -0xffc0
#4219 0 8000030a 07c72703 r 0e         0000004e  lw       x14, 0x7c(x14)
#4220 0 8000030e f00406b7 r 0d         f0040000  lui      x13, -0xffc0
#4221 0 80000312 00068693 r 0d         f0040000  addi     x13, x13, 0x0
#4222 0 80000316     078a r 0f         00000028  c.slli   x15, 2
#4223 0 80000318     97b6 r 0f         f0040028  c.add    x15, x13
#4224 0 8000031a     c398 m f0040028   0000004e  c.sw     x14, 0x0(x15)
#4225 0 8000031c f00407b7 r 0f         f0040000  lui      x15, -0xffc0
#4226 0 80000320 0747a783 r 0f         0000000a  lw       x15, 0x74(x15)
#4227 0 80000324 00178713 r 0e         0000000b  addi     x14, x15, 0x1
#4228 0 80000328 f00407b7 r 0f         f0040000  lui      x15, -0xffc0
#4229 0 8000032c 06e7aa23 m f0040074   0000000b  sw       x14, 0x74(x15)
#4230 0 80000330 f00407b7 r 0f         f0040000  lui      x15, -0xffc0
#4231 0 80000334 0747a703 r 0e         0000000b  lw       x14, 0x74(x15)
#4232 0 80000338 f00407b7 r 0f         f0040000  lui      x15, -0xffc0
#4233 0 8000033c 0387a783 r 0f         0000000e  lw       x15, 0x38(x15)
#4234 0 80000340 e4f748e3 r 00         00000000  blt      x14, x15, . - 0x1b0
#4235 0 80000190 f00407b7 r 0f         f0040000  lui      x15, -0xffc0
#4236 0 80000194 0747a783 r 0f         0000000b  lw       x15, 0x74(x15)
#4237 0 80000198 f0040737 r 0e         f0040000  lui      x14, -0xffc0
#4238 0 8000019c 00070713 r 0e         f0040000  addi     x14, x14, 0x0
#4239 0 800001a0     078a r 0f         0000002c  c.slli   x15, 2
#4240 0 800001a2     97ba r 0f         f004002c  c.add    x15, x14
#4241 0 800001a4     4398 r 0e         00000059  c.lw     x14, 0x0(x15)
#4242 0 800001a6 fe842783 r 0f         0000000a  lw       x15, -0x18(x8)
#4243 0 800001aa 02f74733 r 0e         00000008  div      x14, x14, x15
#4244 0 800001ae f00407b7 r 0f         f0040000  lui      x15, -0xffc0
#4245 0 800001b2 08e7a023 m f0040080   00000008  sw       x14, 0x80(x15)
#4246 0 800001b6 f00407b7 r 0f         f0040000  lui      x15, -0xffc0
#4247 0 800001ba 0747a783 r 0f         0000000b  lw       x15, 0x74(x15)
#4248 0 800001be fef42623 m f004107c   0000000b  sw       x15, -0x14(x8)
#4249 0 800001c2 f00407b7 r 0f         f0040000  lui      x15, -0xffc0
#4250 0 800001c6 0747a783 r 0f         0000000b  lw       x15, 0x74(x15)
#4251 0 800001ca 00178713 r 0e         0000000c  addi     x14, x15, 0x1
#4252 0 800001ce f00407b7 r 0f         f0040000  lui      x15, -0xffc0
#4253 0 800001d2 06e7ac23 m f0040078   0000000c  sw       x14, 0x78(x15)
#4254 0 800001d6     a88d r 00         00000000  c.j      . + 0x72
#4255 0 80000248 f00407b7 r 0f         f0040000  lui      x15, -0xffc0
#4256 0 8000024c 0787a703 r 0e         0000000c  lw       x14, 0x78(x15)
#4257 0 80000250 f00407b7 r 0f         f0040000  lui      x15, -0xffc0
#4258 0 80000254 0387a783 r 0f         0000000e  lw       x15, 0x38(x15)
#4259 0 80000258 f8f740e3 r 00         00000000  blt      x14, x15, . - 0x80
#4260 0 800001d8 f00407b7 r 0f         f0040000  lui      x15, -0xffc0
#4261 0 800001dc 0787a783 r 0f         0000000c  lw       x15, 0x78(x15)
#4262 0 800001e0 f0040737 r 0e         f0040000  lui      x14, -0xffc0
#4263 0 800001e4 00070713 r 0e         f0040000  addi     x14, x14, 0x0
#4264 0 800001e8     078a r 0f         00000030  c.slli   x15, 2
#4265 0 800001ea     97ba r 0f         f0040030  c.add    x15, x14
#4266 0 800001ec     4398 r 0e         0000005a  c.lw     x14, 0x0(x15)
#4267 0 800001ee fe842783 r 0f         0000000a  lw       x15, -0x18(x8)
#4268 0 800001f2 02f74733 r 0e         00000009  div      x14, x14, x15
#4269 0 800001f6 f00407b7 r 0f         f0040000  lui      x15, -0xffc0
#4270 0 800001fa 0807a783 r 0f         00000008  lw       x15, 0x80(x15)
#4271 0 800001fe 02f75b63 r 00         00000000  bge      x14, x15, . + 0x36
#4272 0 80000234 f00407b7 r 0f         f0040000  lui      x15, -0xffc0
#4273 0 80000238 0787a783 r 0f         0000000c  lw       x15, 0x78(x15)
#4274 0 8000023c 00178713 r 0e         0000000d  addi     x14, x15, 0x1
#4275 0 80000240 f00407b7 r 0f         f0040000  lui      x15, -0xffc0
#4276 0 80000244 06e7ac23 m f0040078   0000000d  sw       x14, 0x78(x15)
#4277 0 80000248 f00407b7 r 0f         f0040000  lui      x15, -0xffc0
#4278 0 8000024c 0787a703 r 0e         0000000d  lw       x14, 0x78(x15)
#4279 0 80000250 f00407b7 r 0f         f0040000  lui      x15, -0xffc0
#4280 0 80000254 0387a783 r 0f         0000000e  lw       x15, 0x38(x15)
#4281 0 80000258 f8f740e3 r 00         00000000  blt      x14, x15, . - 0x80
#4282 0 800001d8 f00407b7 r 0f         f0040000  lui      x15, -0xffc0
#4283 0 800001dc 0787a783 r 0f         0000000d  lw       x15, 0x78(x15)
#4284 0 800001e0 f0040737 r 0e         f0040000  lui      x14, -0xffc0
#4285 0 800001e4 00070713 r 0e         f0040000  addi     x14, x14, 0x0
#4286 0 800001e8     078a r 0f         00000034  c.slli   x15, 2
#4287 0 800001ea     97ba r 0f         f0040034  c.add    x15, x14
#4288 0 800001ec     4398 r 0e         00000058  c.lw     x14, 0x0(x15)
#4289 0 800001ee fe842783 r 0f         0000000a  lw       x15, -0x18(x8)
#4290 0 800001f2 02f74733 r 0e         00000008  div      x14, x14, x15
#4291 0 800001f6 f00407b7 r 0f         f0040000  lui      x15, -0xffc0
#4292 0 800001fa 0807a783 r 0f         00000008  lw       x15, 0x80(x15)
#4293 0 800001fe 02f75b63 r 00         00000000  bge      x14, x15, . + 0x36
#4294 0 80000234 f00407b7 r 0f         f0040000  lui      x15, -0xffc0
#4295 0 80000238 0787a783 r 0f         0000000d  lw       x15, 0x78(x15)
#4296 0 8000023c 00178713 r 0e         0000000e  addi     x14, x15, 0x1
#4297 0 80000240 f00407b7 r 0f         f0040000  lui      x15, -0xffc0
#4298 0 80000244 06e7ac23 m f0040078   0000000e  sw       x14, 0x78(x15)
#4299 0 80000248 f00407b7 r 0f         f0040000  lui      x15, -0xffc0
#4300 0 8000024c 0787a703 r 0e         0000000e  lw       x14, 0x78(x15)
#4301 0 80000250 f00407b7 r 0f         f0040000  lui      x15, -0xffc0
#4302 0 80000254 0387a783 r 0f         0000000e  lw       x15, 0x38(x15)
#4303 0 80000258 f8f740e3 r 00         00000000  blt      x14, x15, . - 0x80
#4304 0 8000025c f00407b7 r 0f         f0040000  lui      x15, -0xffc0
#4305 0 80000260 03c78713 r 0e         f004003c  addi     x14, x15, 0x3c
#4306 0 80000264 fec42783 r 0f         0000000b  lw       x15, -0x14(x8)
#4307 0 80000268     078a r 0f         0000002c  c.slli   x15, 2
#4308 0 8000026a     97ba r 0f         f0040068  c.add    x15, x14
#4309 0 8000026c     4398 r 0e         00000059  c.lw     x14, 0x0(x15)
#4310 0 8000026e f00407b7 r 0f         f0040000  lui      x15, -0xffc0
#4311 0 80000272 06e7ae23 m f004007c   00000059  sw       x14, 0x7c(x15)
#4312 0 80000276 f00407b7 r 0f         f0040000  lui      x15, -0xffc0
#4313 0 8000027a 0747a783 r 0f         0000000b  lw       x15, 0x74(x15)
#4314 0 8000027e f0040737 r 0e         f0040000  lui      x14, -0xffc0
#4315 0 80000282 03c70713 r 0e         f004003c  addi     x14, x14, 0x3c
#4316 0 80000286     078a r 0f         0000002c  c.slli   x15, 2
#4317 0 80000288     97ba r 0f         f0040068  c.add    x15, x14
#4318 0 8000028a     4398 r 0e         00000059  c.lw     x14, 0x0(x15)
#4319 0 8000028c f00407b7 r 0f         f0040000  lui      x15, -0xffc0
#4320 0 80000290 03c78693 r 0d         f004003c  addi     x13, x15, 0x3c
#4321 0 80000294 fec42783 r 0f         0000000b  lw       x15, -0x14(x8)
#4322 0 80000298     078a r 0f         0000002c  c.slli   x15, 2
#4323 0 8000029a     97b6 r 0f         f0040068  c.add    x15, x13
#4324 0 8000029c     c398 m f0040068   00000059  c.sw     x14, 0x0(x15)
#4325 0 8000029e f00407b7 r 0f         f0040000  lui      x15, -0xffc0
#4326 0 800002a2 0747a783 r 0f         0000000b  lw       x15, 0x74(x15)
#4327 0 800002a6 f0040737 r 0e         f0040000  lui      x14, -0xffc0
#4328 0 800002aa 07c72703 r 0e         00000059  lw       x14, 0x7c(x14)
#4329 0 800002ae f00406b7 r 0d         f0040000  lui      x13, -0xffc0
#4330 0 800002b2 03c68693 r 0d         f004003c  addi     x13, x13, 0x3c
#4331 0 800002b6     078a r 0f         0000002c  c.slli   x15, 2
#4332 0 800002b8     97b6 r 0f         f0040068  c.add    x15, x13
#4333 0 800002ba     c398 m f0040068   00000059  c.sw     x14, 0x0(x15)
#4334 0 800002bc f00407b7 r 0f         f0040000  lui      x15, -0xffc0
#4335 0 800002c0 00078713 r 0e         f0040000  addi     x14, x15, 0x0
#4336 0 800002c4 fec42783 r 0f         0000000b  lw       x15, -0x14(x8)
#4337 0 800002c8     078a r 0f         0000002c  c.slli   x15, 2
#4338 0 800002ca     97ba r 0f         f004002c  c.add    x15, x14
#4339 0 800002cc     4398 r 0e         00000059  c.lw     x14, 0x0(x15)
#4340 0 800002ce f00407b7 r 0f         f0040000  lui      x15, -0xffc0
#4341 0 800002d2 06e7ae23 m f004007c   00000059  sw       x14, 0x7c(x15)
#4342 0 800002d6 f00407b7 r 0f         f0040000  lui      x15, -0xffc0
#4343 0 800002da 0747a783 r 0f         0000000b  lw       x15, 0x74(x15)
#4344 0 800002de f0040737 r 0e         f0040000  lui      x14, -0xffc0
#4345 0 800002e2 00070713 r 0e         f0040000  addi     x14, x14, 0x0
#4346 0 800002e6     078a r 0f         0000002c  c.slli   x15, 2
#4347 0 800002e8     97ba r 0f         f004002c  c.add    x15, x14
#4348 0 800002ea     4398 r 0e         00000059  c.lw     x14, 0x0(x15)
#4349 0 800002ec f00407b7 r 0f         f0040000  lui      x15, -0xffc0
#4350 0 800002f0 00078693 r 0d         f0040000  addi     x13, x15, 0x0
#4351 0 800002f4 fec42783 r 0f         0000000b  lw       x15, -0x14(x8)
#4352 0 800002f8     078a r 0f         0000002c  c.slli   x15, 2
#4353 0 800002fa     97b6 r 0f         f004002c  c.add    x15, x13
#4354 0 800002fc     c398 m f004002c   00000059  c.sw     x14, 0x0(x15)
#4355 0 800002fe f00407b7 r 0f         f0040000  lui      x15, -0xffc0
#4356 0 80000302 0747a783 r 0f         0000000b  lw       x15, 0x74(x15)
#4357 0 80000306 f0040737 r 0e         f0040000  lui      x14, -0xffc0
#4358 0 8000030a 07c72703 r 0e         00000059  lw       x14, 0x7c(x14)
#4359 0 8000030e f00406b7 r 0d         f0040000  lui      x13, -0xffc0
#4360 0 80000312 00068693 r 0d         f0040000  addi     x13, x13, 0x0
#4361 0 80000316     078a r 0f         0000002c  c.slli   x15, 2
#4362 0 80000318     97b6 r 0f         f004002c  c.add    x15, x13
#4363 0 8000031a     c398 m f004002c   00000059  c.sw     x14, 0x0(x15)
#4364 0 8000031c f00407b7 r 0f         f0040000  lui      x15, -0xffc0
#4365 0 80000320 0747a783 r 0f         0000000b  lw       x15, 0x74(x15)
#4366 0 80000324 00178713 r 0e         0000000c  addi     x14, x15, 0x1
#4367 0 80000328 f00407b7 r 0f         f0040000  lui      x15, -0xffc0
#4368 0 8000032c 06e7aa23 m f0040074   0000000c  sw       x14, 0x74(x15)
#4369 0 80000330 f00407b7 r 0f         f0040000  lui      x15, -0xffc0
#4370 0 80000334 0747a703 r 0e         0000000c  lw       x14, 0x74(x15)
#4371 0 80000338 f00407b7 r 0f         f0040000  lui      x15, -0xffc0
#4372 0 8000033c 0387a783 r 0f         0000000e  lw       x15, 0x38(x15)
#4373 0 80000340 e4f748e3 r 00         00000000  blt      x14, x15, . - 0x1b0
#4374 0 80000190 f00407b7 r 0f         f0040000  lui      x15, -0xffc0
#4375 0 80000194 0747a783 r 0f         0000000c  lw       x15, 0x74(x15)
#4376 0 80000198 f0040737 r 0e         f0040000  lui      x14, -0xffc0
#4377 0 8000019c 00070713 r 0e         f0040000  addi     x14, x14, 0x0
#4378 0 800001a0     078a r 0f         00000030  c.slli   x15, 2
#4379 0 800001a2     97ba r 0f         f0040030  c.add    x15, x14
#4380 0 800001a4     4398 r 0e         0000005a  c.lw     x14, 0x0(x15)
#4381 0 800001a6 fe842783 r 0f         0000000a  lw       x15, -0x18(x8)
#4382 0 800001aa 02f74733 r 0e         00000009  div      x14, x14, x15
#4383 0 800001ae f00407b7 r 0f         f0040000  lui      x15, -0xffc0
#4384 0 800001b2 08e7a023 m f0040080   00000009  sw       x14, 0x80(x15)
#4385 0 800001b6 f00407b7 r 0f         f0040000  lui      x15, -0xffc0
#4386 0 800001ba 0747a783 r 0f         0000000c  lw       x15, 0x74(x15)
#4387 0 800001be fef42623 m f004107c   0000000c  sw       x15, -0x14(x8)
#4388 0 800001c2 f00407b7 r 0f         f0040000  lui      x15, -0xffc0
#4389 0 800001c6 0747a783 r 0f         0000000c  lw       x15, 0x74(x15)
#4390 0 800001ca 00178713 r 0e         0000000d  addi     x14, x15, 0x1
#4391 0 800001ce f00407b7 r 0f         f0040000  lui      x15, -0xffc0
#4392 0 800001d2 06e7ac23 m f0040078   0000000d  sw       x14, 0x78(x15)
#4393 0 800001d6     a88d r 00         00000000  c.j      . + 0x72
#4394 0 80000248 f00407b7 r 0f         f0040000  lui      x15, -0xffc0
#4395 0 8000024c 0787a703 r 0e         0000000d  lw       x14, 0x78(x15)
#4396 0 80000250 f00407b7 r 0f         f0040000  lui      x15, -0xffc0
#4397 0 80000254 0387a783 r 0f         0000000e  lw       x15, 0x38(x15)
#4398 0 80000258 f8f740e3 r 00         00000000  blt      x14, x15, . - 0x80
#4399 0 800001d8 f00407b7 r 0f         f0040000  lui      x15, -0xffc0
#4400 0 800001dc 0787a783 r 0f         0000000d  lw       x15, 0x78(x15)
#4401 0 800001e0 f0040737 r 0e         f0040000  lui      x14, -0xffc0
#4402 0 800001e4 00070713 r 0e         f0040000  addi     x14, x14, 0x0
#4403 0 800001e8     078a r 0f         00000034  c.slli   x15, 2
#4404 0 800001ea     97ba r 0f         f0040034  c.add    x15, x14
#4405 0 800001ec     4398 r 0e         00000058  c.lw     x14, 0x0(x15)
#4406 0 800001ee fe842783 r 0f         0000000a  lw       x15, -0x18(x8)
#4407 0 800001f2 02f74733 r 0e         00000008  div      x14, x14, x15
#4408 0 800001f6 f00407b7 r 0f         f0040000  lui      x15, -0xffc0
#4409 0 800001fa 0807a783 r 0f         00000009  lw       x15, 0x80(x15)
#4410 0 800001fe 02f75b63 r 00         00000000  bge      x14, x15, . + 0x36
#4411 0 80000202 f00407b7 r 0f         f0040000  lui      x15, -0xffc0
#4412 0 80000206 0787a783 r 0f         0000000d  lw       x15, 0x78(x15)
#4413 0 8000020a f0040737 r 0e         f0040000  lui      x14, -0xffc0
#4414 0 8000020e 00070713 r 0e         f0040000  addi     x14, x14, 0x0
#4415 0 80000212     078a r 0f         00000034  c.slli   x15, 2
#4416 0 80000214     97ba r 0f         f0040034  c.add    x15, x14
#4417 0 80000216     4398 r 0e         00000058  c.lw     x14, 0x0(x15)
#4418 0 80000218 fe842783 r 0f         0000000a  lw       x15, -0x18(x8)
#4419 0 8000021c 02f74733 r 0e         00000008  div      x14, x14, x15
#4420 0 80000220 f00407b7 r 0f         f0040000  lui      x15, -0xffc0
#4421 0 80000224 08e7a023 m f0040080   00000008  sw       x14, 0x80(x15)
#4422 0 80000228 f00407b7 r 0f         f0040000  lui      x15, -0xffc0
#4423 0 8000022c 0787a783 r 0f         0000000d  lw       x15, 0x78(x15)
#4424 0 80000230 fef42623 m f004107c   0000000d  sw       x15, -0x14(x8)
#4425 0 80000234 f00407b7 r 0f         f0040000  lui      x15, -0xffc0
#4426 0 80000238 0787a783 r 0f         0000000d  lw       x15, 0x78(x15)
#4427 0 8000023c 00178713 r 0e         0000000e  addi     x14, x15, 0x1
#4428 0 80000240 f00407b7 r 0f         f0040000  lui      x15, -0xffc0
#4429 0 80000244 06e7ac23 m f0040078   0000000e  sw       x14, 0x78(x15)
#4430 0 80000248 f00407b7 r 0f         f0040000  lui      x15, -0xffc0
#4431 0 8000024c 0787a703 r 0e         0000000e  lw       x14, 0x78(x15)
#4432 0 80000250 f00407b7 r 0f         f0040000  lui      x15, -0xffc0
#4433 0 80000254 0387a783 r 0f         0000000e  lw       x15, 0x38(x15)
#4434 0 80000258 f8f740e3 r 00         00000000  blt      x14, x15, . - 0x80
#4435 0 8000025c f00407b7 r 0f         f0040000  lui      x15, -0xffc0
#4436 0 80000260 03c78713 r 0e         f004003c  addi     x14, x15, 0x3c
#4437 0 80000264 fec42783 r 0f         0000000d  lw       x15, -0x14(x8)
#4438 0 80000268     078a r 0f         00000034  c.slli   x15, 2
#4439 0 8000026a     97ba r 0f         f0040070  c.add    x15, x14
#4440 0 8000026c     4398 r 0e         00000058  c.lw     x14, 0x0(x15)
#4441 0 8000026e f00407b7 r 0f         f0040000  lui      x15, -0xffc0
#4442 0 80000272 06e7ae23 m f004007c   00000058  sw       x14, 0x7c(x15)
#4443 0 80000276 f00407b7 r 0f         f0040000  lui      x15, -0xffc0
#4444 0 8000027a 0747a783 r 0f         0000000c  lw       x15, 0x74(x15)
#4445 0 8000027e f0040737 r 0e         f0040000  lui      x14, -0xffc0
#4446 0 80000282 03c70713 r 0e         f004003c  addi     x14, x14, 0x3c
#4447 0 80000286     078a r 0f         00000030  c.slli   x15, 2
#4448 0 80000288     97ba r 0f         f004006c  c.add    x15, x14
#4449 0 8000028a     4398 r 0e         0000005a  c.lw     x14, 0x0(x15)
#4450 0 8000028c f00407b7 r 0f         f0040000  lui      x15, -0xffc0
#4451 0 80000290 03c78693 r 0d         f004003c  addi     x13, x15, 0x3c
#4452 0 80000294 fec42783 r 0f         0000000d  lw       x15, -0x14(x8)
#4453 0 80000298     078a r 0f         00000034  c.slli   x15, 2
#4454 0 8000029a     97b6 r 0f         f0040070  c.add    x15, x13
#4455 0 8000029c     c398 m f0040070   0000005a  c.sw     x14, 0x0(x15)
#4456 0 8000029e f00407b7 r 0f         f0040000  lui      x15, -0xffc0
#4457 0 800002a2 0747a783 r 0f         0000000c  lw       x15, 0x74(x15)
#4458 0 800002a6 f0040737 r 0e         f0040000  lui      x14, -0xffc0
#4459 0 800002aa 07c72703 r 0e         00000058  lw       x14, 0x7c(x14)
#4460 0 800002ae f00406b7 r 0d         f0040000  lui      x13, -0xffc0
#4461 0 800002b2 03c68693 r 0d         f004003c  addi     x13, x13, 0x3c
#4462 0 800002b6     078a r 0f         00000030  c.slli   x15, 2
#4463 0 800002b8     97b6 r 0f         f004006c  c.add    x15, x13
#4464 0 800002ba     c398 m f004006c   00000058  c.sw     x14, 0x0(x15)
#4465 0 800002bc f00407b7 r 0f         f0040000  lui      x15, -0xffc0
#4466 0 800002c0 00078713 r 0e         f0040000  addi     x14, x15, 0x0
#4467 0 800002c4 fec42783 r 0f         0000000d  lw       x15, -0x14(x8)
#4468 0 800002c8     078a r 0f         00000034  c.slli   x15, 2
#4469 0 800002ca     97ba r 0f         f0040034  c.add    x15, x14
#4470 0 800002cc     4398 r 0e         00000058  c.lw     x14, 0x0(x15)
#4471 0 800002ce f00407b7 r 0f         f0040000  lui      x15, -0xffc0
#4472 0 800002d2 06e7ae23 m f004007c   00000058  sw       x14, 0x7c(x15)
#4473 0 800002d6 f00407b7 r 0f         f0040000  lui      x15, -0xffc0
#4474 0 800002da 0747a783 r 0f         0000000c  lw       x15, 0x74(x15)
#4475 0 800002de f0040737 r 0e         f0040000  lui      x14, -0xffc0
#4476 0 800002e2 00070713 r 0e         f0040000  addi     x14, x14, 0x0
#4477 0 800002e6     078a r 0f         00000030  c.slli   x15, 2
#4478 0 800002e8     97ba r 0f         f0040030  c.add    x15, x14
#4479 0 800002ea     4398 r 0e         0000005a  c.lw     x14, 0x0(x15)
#4480 0 800002ec f00407b7 r 0f         f0040000  lui      x15, -0xffc0
#4481 0 800002f0 00078693 r 0d         f0040000  addi     x13, x15, 0x0
#4482 0 800002f4 fec42783 r 0f         0000000d  lw       x15, -0x14(x8)
#4483 0 800002f8     078a r 0f         00000034  c.slli   x15, 2
#4484 0 800002fa     97b6 r 0f         f0040034  c.add    x15, x13
#4485 0 800002fc     c398 m f0040034   0000005a  c.sw     x14, 0x0(x15)
#4486 0 800002fe f00407b7 r 0f         f0040000  lui      x15, -0xffc0
#4487 0 80000302 0747a783 r 0f         0000000c  lw       x15, 0x74(x15)
#4488 0 80000306 f0040737 r 0e         f0040000  lui      x14, -0xffc0
#4489 0 8000030a 07c72703 r 0e         00000058  lw       x14, 0x7c(x14)
#4490 0 8000030e f00406b7 r 0d         f0040000  lui      x13, -0xffc0
#4491 0 80000312 00068693 r 0d         f0040000  addi     x13, x13, 0x0
#4492 0 80000316     078a r 0f         00000030  c.slli   x15, 2
#4493 0 80000318     97b6 r 0f         f0040030  c.add    x15, x13
#4494 0 8000031a     c398 m f0040030   00000058  c.sw     x14, 0x0(x15)
#4495 0 8000031c f00407b7 r 0f         f0040000  lui      x15, -0xffc0
#4496 0 80000320 0747a783 r 0f         0000000c  lw       x15, 0x74(x15)
#4497 0 80000324 00178713 r 0e         0000000d  addi     x14, x15, 0x1
#4498 0 80000328 f00407b7 r 0f         f0040000  lui      x15, -0xffc0
#4499 0 8000032c 06e7aa23 m f0040074   0000000d  sw       x14, 0x74(x15)
#4500 0 80000330 f00407b7 r 0f         f0040000  lui      x15, -0xffc0
#4501 0 80000334 0747a703 r 0e         0000000d  lw       x14, 0x74(x15)
#4502 0 80000338 f00407b7 r 0f         f0040000  lui      x15, -0xffc0
#4503 0 8000033c 0387a783 r 0f         0000000e  lw       x15, 0x38(x15)
#4504 0 80000340 e4f748e3 r 00         00000000  blt      x14, x15, . - 0x1b0
#4505 0 80000190 f00407b7 r 0f         f0040000  lui      x15, -0xffc0
#4506 0 80000194 0747a783 r 0f         0000000d  lw       x15, 0x74(x15)
#4507 0 80000198 f0040737 r 0e         f0040000  lui      x14, -0xffc0
#4508 0 8000019c 00070713 r 0e         f0040000  addi     x14, x14, 0x0
#4509 0 800001a0     078a r 0f         00000034  c.slli   x15, 2
#4510 0 800001a2     97ba r 0f         f0040034  c.add    x15, x14
#4511 0 800001a4     4398 r 0e         0000005a  c.lw     x14, 0x0(x15)
#4512 0 800001a6 fe842783 r 0f         0000000a  lw       x15, -0x18(x8)
#4513 0 800001aa 02f74733 r 0e         00000009  div      x14, x14, x15
#4514 0 800001ae f00407b7 r 0f         f0040000  lui      x15, -0xffc0
#4515 0 800001b2 08e7a023 m f0040080   00000009  sw       x14, 0x80(x15)
#4516 0 800001b6 f00407b7 r 0f         f0040000  lui      x15, -0xffc0
#4517 0 800001ba 0747a783 r 0f         0000000d  lw       x15, 0x74(x15)
#4518 0 800001be fef42623 m f004107c   0000000d  sw       x15, -0x14(x8)
#4519 0 800001c2 f00407b7 r 0f         f0040000  lui      x15, -0xffc0
#4520 0 800001c6 0747a783 r 0f         0000000d  lw       x15, 0x74(x15)
#4521 0 800001ca 00178713 r 0e         0000000e  addi     x14, x15, 0x1
#4522 0 800001ce f00407b7 r 0f         f0040000  lui      x15, -0xffc0
#4523 0 800001d2 06e7ac23 m f0040078   0000000e  sw       x14, 0x78(x15)
#4524 0 800001d6     a88d r 00         00000000  c.j      . + 0x72
#4525 0 80000248 f00407b7 r 0f         f0040000  lui      x15, -0xffc0
#4526 0 8000024c 0787a703 r 0e         0000000e  lw       x14, 0x78(x15)
#4527 0 80000250 f00407b7 r 0f         f0040000  lui      x15, -0xffc0
#4528 0 80000254 0387a783 r 0f         0000000e  lw       x15, 0x38(x15)
#4529 0 80000258 f8f740e3 r 00         00000000  blt      x14, x15, . - 0x80
#4530 0 8000025c f00407b7 r 0f         f0040000  lui      x15, -0xffc0
#4531 0 80000260 03c78713 r 0e         f004003c  addi     x14, x15, 0x3c
#4532 0 80000264 fec42783 r 0f         0000000d  lw       x15, -0x14(x8)
#4533 0 80000268     078a r 0f         00000034  c.slli   x15, 2
#4534 0 8000026a     97ba r 0f         f0040070  c.add    x15, x14
#4535 0 8000026c     4398 r 0e         0000005a  c.lw     x14, 0x0(x15)
#4536 0 8000026e f00407b7 r 0f         f0040000  lui      x15, -0xffc0
#4537 0 80000272 06e7ae23 m f004007c   0000005a  sw       x14, 0x7c(x15)
#4538 0 80000276 f00407b7 r 0f         f0040000  lui      x15, -0xffc0
#4539 0 8000027a 0747a783 r 0f         0000000d  lw       x15, 0x74(x15)
#4540 0 8000027e f0040737 r 0e         f0040000  lui      x14, -0xffc0
#4541 0 80000282 03c70713 r 0e         f004003c  addi     x14, x14, 0x3c
#4542 0 80000286     078a r 0f         00000034  c.slli   x15, 2
#4543 0 80000288     97ba r 0f         f0040070  c.add    x15, x14
#4544 0 8000028a     4398 r 0e         0000005a  c.lw     x14, 0x0(x15)
#4545 0 8000028c f00407b7 r 0f         f0040000  lui      x15, -0xffc0
#4546 0 80000290 03c78693 r 0d         f004003c  addi     x13, x15, 0x3c
#4547 0 80000294 fec42783 r 0f         0000000d  lw       x15, -0x14(x8)
#4548 0 80000298     078a r 0f         00000034  c.slli   x15, 2
#4549 0 8000029a     97b6 r 0f         f0040070  c.add    x15, x13
#4550 0 8000029c     c398 m f0040070   0000005a  c.sw     x14, 0x0(x15)
#4551 0 8000029e f00407b7 r 0f         f0040000  lui      x15, -0xffc0
#4552 0 800002a2 0747a783 r 0f         0000000d  lw       x15, 0x74(x15)
#4553 0 800002a6 f0040737 r 0e         f0040000  lui      x14, -0xffc0
#4554 0 800002aa 07c72703 r 0e         0000005a  lw       x14, 0x7c(x14)
#4555 0 800002ae f00406b7 r 0d         f0040000  lui      x13, -0xffc0
#4556 0 800002b2 03c68693 r 0d         f004003c  addi     x13, x13, 0x3c
#4557 0 800002b6     078a r 0f         00000034  c.slli   x15, 2
#4558 0 800002b8     97b6 r 0f         f0040070  c.add    x15, x13
#4559 0 800002ba     c398 m f0040070   0000005a  c.sw     x14, 0x0(x15)
#4560 0 800002bc f00407b7 r 0f         f0040000  lui      x15, -0xffc0
#4561 0 800002c0 00078713 r 0e         f0040000  addi     x14, x15, 0x0
#4562 0 800002c4 fec42783 r 0f         0000000d  lw       x15, -0x14(x8)
#4563 0 800002c8     078a r 0f         00000034  c.slli   x15, 2
#4564 0 800002ca     97ba r 0f         f0040034  c.add    x15, x14
#4565 0 800002cc     4398 r 0e         0000005a  c.lw     x14, 0x0(x15)
#4566 0 800002ce f00407b7 r 0f         f0040000  lui      x15, -0xffc0
#4567 0 800002d2 06e7ae23 m f004007c   0000005a  sw       x14, 0x7c(x15)
#4568 0 800002d6 f00407b7 r 0f         f0040000  lui      x15, -0xffc0
#4569 0 800002da 0747a783 r 0f         0000000d  lw       x15, 0x74(x15)
#4570 0 800002de f0040737 r 0e         f0040000  lui      x14, -0xffc0
#4571 0 800002e2 00070713 r 0e         f0040000  addi     x14, x14, 0x0
#4572 0 800002e6     078a r 0f         00000034  c.slli   x15, 2
#4573 0 800002e8     97ba r 0f         f0040034  c.add    x15, x14
#4574 0 800002ea     4398 r 0e         0000005a  c.lw     x14, 0x0(x15)
#4575 0 800002ec f00407b7 r 0f         f0040000  lui      x15, -0xffc0
#4576 0 800002f0 00078693 r 0d         f0040000  addi     x13, x15, 0x0
#4577 0 800002f4 fec42783 r 0f         0000000d  lw       x15, -0x14(x8)
#4578 0 800002f8     078a r 0f         00000034  c.slli   x15, 2
#4579 0 800002fa     97b6 r 0f         f0040034  c.add    x15, x13
#4580 0 800002fc     c398 m f0040034   0000005a  c.sw     x14, 0x0(x15)
#4581 0 800002fe f00407b7 r 0f         f0040000  lui      x15, -0xffc0
#4582 0 80000302 0747a783 r 0f         0000000d  lw       x15, 0x74(x15)
#4583 0 80000306 f0040737 r 0e         f0040000  lui      x14, -0xffc0
#4584 0 8000030a 07c72703 r 0e         0000005a  lw       x14, 0x7c(x14)
#4585 0 8000030e f00406b7 r 0d         f0040000  lui      x13, -0xffc0
#4586 0 80000312 00068693 r 0d         f0040000  addi     x13, x13, 0x0
#4587 0 80000316     078a r 0f         00000034  c.slli   x15, 2
#4588 0 80000318     97b6 r 0f         f0040034  c.add    x15, x13
#4589 0 8000031a     c398 m f0040034   0000005a  c.sw     x14, 0x0(x15)
#4590 0 8000031c f00407b7 r 0f         f0040000  lui      x15, -0xffc0
#4591 0 80000320 0747a783 r 0f         0000000d  lw       x15, 0x74(x15)
#4592 0 80000324 00178713 r 0e         0000000e  addi     x14, x15, 0x1
#4593 0 80000328 f00407b7 r 0f         f0040000  lui      x15, -0xffc0
#4594 0 8000032c 06e7aa23 m f0040074   0000000e  sw       x14, 0x74(x15)
#4595 0 80000330 f00407b7 r 0f         f0040000  lui      x15, -0xffc0
#4596 0 80000334 0747a703 r 0e         0000000e  lw       x14, 0x74(x15)
#4597 0 80000338 f00407b7 r 0f         f0040000  lui      x15, -0xffc0
#4598 0 8000033c 0387a783 r 0f         0000000e  lw       x15, 0x38(x15)
#4599 0 80000340 e4f748e3 r 00         00000000  blt      x14, x15, . - 0x1b0
#4600 0 80000344     a0d9 r 00         00000000  c.j      . + 0xc6
#4601 0 8000040a fe842783 r 0f         0000000a  lw       x15, -0x18(x8)
#4602 0 8000040e f2f04ce3 r 00         00000000  blt      x0, x15, . - 0xc8
#4603 0 80000346 f00407b7 r 0f         f0040000  lui      x15, -0xffc0
#4604 0 8000034a 0607aa23 m f0040074   00000000  sw       x0, 0x74(x15)
#4605 0 8000034e     a869 r 00         00000000  c.j      . + 0x9a
#4606 0 800003e8 f00407b7 r 0f         f0040000  lui      x15, -0xffc0
#4607 0 800003ec 0747a703 r 0e         00000000  lw       x14, 0x74(x15)
#4608 0 800003f0 f00407b7 r 0f         f0040000  lui      x15, -0xffc0
#4609 0 800003f4 0387a783 r 0f         0000000e  lw       x15, 0x38(x15)
#4610 0 800003f8 f4f74ce3 r 00         00000000  blt      x14, x15, . - 0xa8
#4611 0 80000350 f00407b7 r 0f         f0040000  lui      x15, -0xffc0
#4612 0 80000354 0747a783 r 0f         00000000  lw       x15, 0x74(x15)
#4613 0 80000358 f0040737 r 0e         f0040000  lui      x14, -0xffc0
#4614 0 8000035c 00070713 r 0e         f0040000  addi     x14, x14, 0x0
#4615 0 80000360     078a r 0f         00000000  c.slli   x15, 2
#4616 0 80000362     97ba r 0f         f0040000  c.add    x15, x14
#4617 0 80000364     4398 r 0e         0000000c  c.lw     x14, 0x0(x15)
#4618 0 80000366 fe842783 r 0f         0000000a  lw       x15, -0x18(x8)
#4619 0 8000036a 02f747b3 r 0f         00000001  div      x15, x14, x15
#4620 0 8000036e fef42223 m f0041074   00000001  sw       x15, -0x1c(x8)
#4621 0 80000372 f00407b7 r 0f         f0040000  lui      x15, -0xffc0
#4622 0 80000376 0747a783 r 0f         00000000  lw       x15, 0x74(x15)
#4623 0 8000037a 00178713 r 0e         00000001  addi     x14, x15, 0x1
#4624 0 8000037e f00407b7 r 0f         f0040000  lui      x15, -0xffc0
#4625 0 80000382 06e7ac23 m f0040078   00000001  sw       x14, 0x78(x15)
#4626 0 80000386     a819 r 00         00000000  c.j      . + 0x16
#4627 0 8000039c f00407b7 r 0f         f0040000  lui      x15, -0xffc0
#4628 0 800003a0 0787a783 r 0f         00000001  lw       x15, 0x78(x15)
#4629 0 800003a4 f0040737 r 0e         f0040000  lui      x14, -0xffc0
#4630 0 800003a8 00070713 r 0e         f0040000  addi     x14, x14, 0x0
#4631 0 800003ac     078a r 0f         00000004  c.slli   x15, 2
#4632 0 800003ae     97ba r 0f         f0040004  c.add    x15, x14
#4633 0 800003b0     4398 r 0e         0000000b  c.lw     x14, 0x0(x15)
#4634 0 800003b2 fe842783 r 0f         0000000a  lw       x15, -0x18(x8)
#4635 0 800003b6 02f747b3 r 0f         00000001  div      x15, x14, x15
#4636 0 800003ba fe442703 r 0e         00000001  lw       x14, -0x1c(x8)
#4637 0 800003be fcf705e3 r 00         00000000  beq      x14, x15, . - 0x36
#4638 0 80000388 f00407b7 r 0f         f0040000  lui      x15, -0xffc0
#4639 0 8000038c 0787a783 r 0f         00000001  lw       x15, 0x78(x15)
#4640 0 80000390 00178713 r 0e         00000002  addi     x14, x15, 0x1
#4641 0 80000394 f00407b7 r 0f         f0040000  lui      x15, -0xffc0
#4642 0 80000398 06e7ac23 m f0040078   00000002  sw       x14, 0x78(x15)
#4643 0 8000039c f00407b7 r 0f         f0040000  lui      x15, -0xffc0
#4644 0 800003a0 0787a783 r 0f         00000002  lw       x15, 0x78(x15)
#4645 0 800003a4 f0040737 r 0e         f0040000  lui      x14, -0xffc0
#4646 0 800003a8 00070713 r 0e         f0040000  addi     x14, x14, 0x0
#4647 0 800003ac     078a r 0f         00000008  c.slli   x15, 2
#4648 0 800003ae     97ba r 0f         f0040008  c.add    x15, x14
#4649 0 800003b0     4398 r 0e         00000017  c.lw     x14, 0x0(x15)
#4650 0 800003b2 fe842783 r 0f         0000000a  lw       x15, -0x18(x8)
#4651 0 800003b6 02f747b3 r 0f         00000002  div      x15, x14, x15
#4652 0 800003ba fe442703 r 0e         00000001  lw       x14, -0x1c(x8)
#4653 0 800003be fcf705e3 r 00         00000000  beq      x14, x15, . - 0x36
#4654 0 800003c2 f00407b7 r 0f         f0040000  lui      x15, -0xffc0
#4655 0 800003c6 0747a703 r 0e         00000000  lw       x14, 0x74(x15)
#4656 0 800003ca f00407b7 r 0f         f0040000  lui      x15, -0xffc0
#4657 0 800003ce 0787a783 r 0f         00000002  lw       x15, 0x78(x15)
#4658 0 800003d2     85be r 0b         00000002  c.mv     x11, x15
#4659 0 800003d4     853a r 0a         00000000  c.mv     x10, x14
#4660 0 800003d6     20a1 r 01         800003d8  c.jal    . + 0x48
#4661 0 8000041e     1101 r 02         f0041050  c.addi   x2, -0x20
#4662 0 80000420     ce22 m f004106c   f0041090  c.swsp   x8, 0x1c
#4663 0 80000422     1000 r 08         f0041070  c.addi4spn  x8, 0x8
#4664 0 80000424 fea42623 m f004105c   00000000  sw       x10, -0x14(x8)
#4665 0 80000428 feb42423 m f0041058   00000002  sw       x11, -0x18(x8)
#4666 0 8000042c f00407b7 r 0f         f0040000  lui      x15, -0xffc0
#4667 0 80000430 fec42703 r 0e         00000000  lw       x14, -0x14(x8)
#4668 0 80000434 06e7aa23 m f0040074   00000000  sw       x14, 0x74(x15)
#4669 0 80000438     aab1 r 00         00000000  c.j      . + 0x15c
#4670 0 80000594 fe842783 r 0f         00000002  lw       x15, -0x18(x8)
#4671 0 80000598 fff78713 r 0e         00000001  addi     x14, x15, -0x1
#4672 0 8000059c f00407b7 r 0f         f0040000  lui      x15, -0xffc0
#4673 0 800005a0 0747a783 r 0f         00000000  lw       x15, 0x74(x15)
#4674 0 800005a4 e8e7cbe3 r 00         00000000  blt      x15, x14, . - 0x16a
#4675 0 8000043a f00407b7 r 0f         f0040000  lui      x15, -0xffc0
#4676 0 8000043e 0747a783 r 0f         00000000  lw       x15, 0x74(x15)
#4677 0 80000442 00178713 r 0e         00000001  addi     x14, x15, 0x1
#4678 0 80000446 f00407b7 r 0f         f0040000  lui      x15, -0xffc0
#4679 0 8000044a 06e7ac23 m f0040078   00000001  sw       x14, 0x78(x15)
#4680 0 8000044e     a20d r 00         00000000  c.j      . + 0x122
#4681 0 80000570 f00407b7 r 0f         f0040000  lui      x15, -0xffc0
#4682 0 80000574 0787a783 r 0f         00000001  lw       x15, 0x78(x15)
#4683 0 80000578 fe842703 r 0e         00000002  lw       x14, -0x18(x8)
#4684 0 8000057c ece7cae3 r 00         00000000  blt      x15, x14, . - 0x12c
#4685 0 80000450 f00407b7 r 0f         f0040000  lui      x15, -0xffc0
#4686 0 80000454 0747a783 r 0f         00000000  lw       x15, 0x74(x15)
#4687 0 80000458 f0040737 r 0e         f0040000  lui      x14, -0xffc0
#4688 0 8000045c 03c70713 r 0e         f004003c  addi     x14, x14, 0x3c
#4689 0 80000460     078a r 0f         00000000  c.slli   x15, 2
#4690 0 80000462     97ba r 0f         f004003c  c.add    x15, x14
#4691 0 80000464     4398 r 0e         0000000c  c.lw     x14, 0x0(x15)
#4692 0 80000466 f00407b7 r 0f         f0040000  lui      x15, -0xffc0
#4693 0 8000046a 0787a783 r 0f         00000001  lw       x15, 0x78(x15)
#4694 0 8000046e f00406b7 r 0d         f0040000  lui      x13, -0xffc0
#4695 0 80000472 03c68693 r 0d         f004003c  addi     x13, x13, 0x3c
#4696 0 80000476     078a r 0f         00000004  c.slli   x15, 2
#4697 0 80000478     97b6 r 0f         f0040040  c.add    x15, x13
#4698 0 8000047a     439c r 0f         0000000b  c.lw     x15, 0x0(x15)
#4699 0 8000047c 0ee7d063 r 00         00000000  bge      x15, x14, . + 0xe0
#4700 0 80000480 f00407b7 r 0f         f0040000  lui      x15, -0xffc0
#4701 0 80000484 0747a783 r 0f         00000000  lw       x15, 0x74(x15)
#4702 0 80000488 f0040737 r 0e         f0040000  lui      x14, -0xffc0
#4703 0 8000048c 03c70713 r 0e         f004003c  addi     x14, x14, 0x3c
#4704 0 80000490     078a r 0f         00000000  c.slli   x15, 2
#4705 0 80000492     97ba r 0f         f004003c  c.add    x15, x14
#4706 0 80000494     4398 r 0e         0000000c  c.lw     x14, 0x0(x15)
#4707 0 80000496 f00407b7 r 0f         f0040000  lui      x15, -0xffc0
#4708 0 8000049a 06e7ae23 m f004007c   0000000c  sw       x14, 0x7c(x15)
#4709 0 8000049e f00407b7 r 0f         f0040000  lui      x15, -0xffc0
#4710 0 800004a2 0787a703 r 0e         00000001  lw       x14, 0x78(x15)
#4711 0 800004a6 f00407b7 r 0f         f0040000  lui      x15, -0xffc0
#4712 0 800004aa 0747a783 r 0f         00000000  lw       x15, 0x74(x15)
#4713 0 800004ae f00406b7 r 0d         f0040000  lui      x13, -0xffc0
#4714 0 800004b2 03c68693 r 0d         f004003c  addi     x13, x13, 0x3c
#4715 0 800004b6     070a r 0e         00000004  c.slli   x14, 2
#4716 0 800004b8     9736 r 0e         f0040040  c.add    x14, x13
#4717 0 800004ba     4318 r 0e         0000000b  c.lw     x14, 0x0(x14)
#4718 0 800004bc f00406b7 r 0d         f0040000  lui      x13, -0xffc0
#4719 0 800004c0 03c68693 r 0d         f004003c  addi     x13, x13, 0x3c
#4720 0 800004c4     078a r 0f         00000000  c.slli   x15, 2
#4721 0 800004c6     97b6 r 0f         f004003c  c.add    x15, x13
#4722 0 800004c8     c398 m f004003c   0000000b  c.sw     x14, 0x0(x15)
#4723 0 800004ca f00407b7 r 0f         f0040000  lui      x15, -0xffc0
#4724 0 800004ce 0787a783 r 0f         00000001  lw       x15, 0x78(x15)
#4725 0 800004d2 f0040737 r 0e         f0040000  lui      x14, -0xffc0
#4726 0 800004d6 07c72703 r 0e         0000000c  lw       x14, 0x7c(x14)
#4727 0 800004da f00406b7 r 0d         f0040000  lui      x13, -0xffc0
#4728 0 800004de 03c68693 r 0d         f004003c  addi     x13, x13, 0x3c
#4729 0 800004e2     078a r 0f         00000004  c.slli   x15, 2
#4730 0 800004e4     97b6 r 0f         f0040040  c.add    x15, x13
#4731 0 800004e6     c398 m f0040040   0000000c  c.sw     x14, 0x0(x15)
#4732 0 800004e8 f00407b7 r 0f         f0040000  lui      x15, -0xffc0
#4733 0 800004ec 0747a783 r 0f         00000000  lw       x15, 0x74(x15)
#4734 0 800004f0 f0040737 r 0e         f0040000  lui      x14, -0xffc0
#4735 0 800004f4 00070713 r 0e         f0040000  addi     x14, x14, 0x0
#4736 0 800004f8     078a r 0f         00000000  c.slli   x15, 2
#4737 0 800004fa     97ba r 0f         f0040000  c.add    x15, x14
#4738 0 800004fc     4398 r 0e         0000000c  c.lw     x14, 0x0(x15)
#4739 0 800004fe     47a9 r 0f         0000000a  c.li     x15, 0xa
#4740 0 80000500 02f76733 r 0e         00000002  rem      x14, x14, x15
#4741 0 80000504 f00407b7 r 0f         f0040000  lui      x15, -0xffc0
#4742 0 80000508 06e7ae23 m f004007c   00000002  sw       x14, 0x7c(x15)
#4743 0 8000050c f00407b7 r 0f         f0040000  lui      x15, -0xffc0
#4744 0 80000510 0787a783 r 0f         00000001  lw       x15, 0x78(x15)
#4745 0 80000514 f0040737 r 0e         f0040000  lui      x14, -0xffc0
#4746 0 80000518 00070713 r 0e         f0040000  addi     x14, x14, 0x0
#4747 0 8000051c     078a r 0f         00000004  c.slli   x15, 2
#4748 0 8000051e     97ba r 0f         f0040004  c.add    x15, x14
#4749 0 80000520     4394 r 0d         0000000b  c.lw     x13, 0x0(x15)
#4750 0 80000522 f00407b7 r 0f         f0040000  lui      x15, -0xffc0
#4751 0 80000526 0747a783 r 0f         00000000  lw       x15, 0x74(x15)
#4752 0 8000052a     4729 r 0e         0000000a  c.li     x14, 0xa
#4753 0 8000052c 02e6e733 r 0e         00000001  rem      x14, x13, x14
#4754 0 80000530 f00406b7 r 0d         f0040000  lui      x13, -0xffc0
#4755 0 80000534 00068693 r 0d         f0040000  addi     x13, x13, 0x0
#4756 0 80000538     078a r 0f         00000000  c.slli   x15, 2
#4757 0 8000053a     97b6 r 0f         f0040000  c.add    x15, x13
#4758 0 8000053c     c398 m f0040000   00000001  c.sw     x14, 0x0(x15)
#4759 0 8000053e f00407b7 r 0f         f0040000  lui      x15, -0xffc0
#4760 0 80000542 0787a783 r 0f         00000001  lw       x15, 0x78(x15)
#4761 0 80000546 f0040737 r 0e         f0040000  lui      x14, -0xffc0
#4762 0 8000054a 07c72703 r 0e         00000002  lw       x14, 0x7c(x14)
#4763 0 8000054e f00406b7 r 0d         f0040000  lui      x13, -0xffc0
#4764 0 80000552 00068693 r 0d         f0040000  addi     x13, x13, 0x0
#4765 0 80000556     078a r 0f         00000004  c.slli   x15, 2
#4766 0 80000558     97b6 r 0f         f0040004  c.add    x15, x13
#4767 0 8000055a     c398 m f0040004   00000002  c.sw     x14, 0x0(x15)
#4768 0 8000055c f00407b7 r 0f         f0040000  lui      x15, -0xffc0
#4769 0 80000560 0787a783 r 0f         00000001  lw       x15, 0x78(x15)
#4770 0 80000564 00178713 r 0e         00000002  addi     x14, x15, 0x1
#4771 0 80000568 f00407b7 r 0f         f0040000  lui      x15, -0xffc0
#4772 0 8000056c 06e7ac23 m f0040078   00000002  sw       x14, 0x78(x15)
#4773 0 80000570 f00407b7 r 0f         f0040000  lui      x15, -0xffc0
#4774 0 80000574 0787a783 r 0f         00000002  lw       x15, 0x78(x15)
#4775 0 80000578 fe842703 r 0e         00000002  lw       x14, -0x18(x8)
#4776 0 8000057c ece7cae3 r 00         00000000  blt      x15, x14, . - 0x12c
#4777 0 80000580 f00407b7 r 0f         f0040000  lui      x15, -0xffc0
#4778 0 80000584 0747a783 r 0f         00000000  lw       x15, 0x74(x15)
#4779 0 80000588 00178713 r 0e         00000001  addi     x14, x15, 0x1
#4780 0 8000058c f00407b7 r 0f         f0040000  lui      x15, -0xffc0
#4781 0 80000590 06e7aa23 m f0040074   00000001  sw       x14, 0x74(x15)
#4782 0 80000594 fe842783 r 0f         00000002  lw       x15, -0x18(x8)
#4783 0 80000598 fff78713 r 0e         00000001  addi     x14, x15, -0x1
#4784 0 8000059c f00407b7 r 0f         f0040000  lui      x15, -0xffc0
#4785 0 800005a0 0747a783 r 0f         00000001  lw       x15, 0x74(x15)
#4786 0 800005a4 e8e7cbe3 r 00         00000000  blt      x15, x14, . - 0x16a
#4787 0 800005a8     0001 r 00         00000000  c.nop
#4788 0 800005aa     0001 r 00         00000000  c.nop
#4789 0 800005ac     4472 r 08         f0041090  c.lwsp   x8, 0x1c
#4790 0 800005ae     6105 r 02         f0041070  c.addi16sp 0x2
#4791 0 800005b0     8082 r 00         00000000  c.jr     x1
#4792 0 800003d8 f00407b7 r 0f         f0040000  lui      x15, -0xffc0
#4793 0 800003dc 0787a703 r 0e         00000002  lw       x14, 0x78(x15)
#4794 0 800003e0 f00407b7 r 0f         f0040000  lui      x15, -0xffc0
#4795 0 800003e4 06e7aa23 m f0040074   00000002  sw       x14, 0x74(x15)
#4796 0 800003e8 f00407b7 r 0f         f0040000  lui      x15, -0xffc0
#4797 0 800003ec 0747a703 r 0e         00000002  lw       x14, 0x74(x15)
#4798 0 800003f0 f00407b7 r 0f         f0040000  lui      x15, -0xffc0
#4799 0 800003f4 0387a783 r 0f         0000000e  lw       x15, 0x38(x15)
#4800 0 800003f8 f4f74ce3 r 00         00000000  blt      x14, x15, . - 0xa8
#4801 0 80000350 f00407b7 r 0f         f0040000  lui      x15, -0xffc0
#4802 0 80000354 0747a783 r 0f         00000002  lw       x15, 0x74(x15)
#4803 0 80000358 f0040737 r 0e         f0040000  lui      x14, -0xffc0
#4804 0 8000035c 00070713 r 0e         f0040000  addi     x14, x14, 0x0
#4805 0 80000360     078a r 0f         00000008  c.slli   x15, 2
#4806 0 80000362     97ba r 0f         f0040008  c.add    x15, x14
#4807 0 80000364     4398 r 0e         00000017  c.lw     x14, 0x0(x15)
#4808 0 80000366 fe842783 r 0f         0000000a  lw       x15, -0x18(x8)
#4809 0 8000036a 02f747b3 r 0f         00000002  div      x15, x14, x15
#4810 0 8000036e fef42223 m f0041074   00000002  sw       x15, -0x1c(x8)
#4811 0 80000372 f00407b7 r 0f         f0040000  lui      x15, -0xffc0
#4812 0 80000376 0747a783 r 0f         00000002  lw       x15, 0x74(x15)
#4813 0 8000037a 00178713 r 0e         00000003  addi     x14, x15, 0x1
#4814 0 8000037e f00407b7 r 0f         f0040000  lui      x15, -0xffc0
#4815 0 80000382 06e7ac23 m f0040078   00000003  sw       x14, 0x78(x15)
#4816 0 80000386     a819 r 00         00000000  c.j      . + 0x16
#4817 0 8000039c f00407b7 r 0f         f0040000  lui      x15, -0xffc0
#4818 0 800003a0 0787a783 r 0f         00000003  lw       x15, 0x78(x15)
#4819 0 800003a4 f0040737 r 0e         f0040000  lui      x14, -0xffc0
#4820 0 800003a8 00070713 r 0e         f0040000  addi     x14, x14, 0x0
#4821 0 800003ac     078a r 0f         0000000c  c.slli   x15, 2
#4822 0 800003ae     97ba r 0f         f004000c  c.add    x15, x14
#4823 0 800003b0     4398 r 0e         00000022  c.lw     x14, 0x0(x15)
#4824 0 800003b2 fe842783 r 0f         0000000a  lw       x15, -0x18(x8)
#4825 0 800003b6 02f747b3 r 0f         00000003  div      x15, x14, x15
#4826 0 800003ba fe442703 r 0e         00000002  lw       x14, -0x1c(x8)
#4827 0 800003be fcf705e3 r 00         00000000  beq      x14, x15, . - 0x36
#4828 0 800003c2 f00407b7 r 0f         f0040000  lui      x15, -0xffc0
#4829 0 800003c6 0747a703 r 0e         00000002  lw       x14, 0x74(x15)
#4830 0 800003ca f00407b7 r 0f         f0040000  lui      x15, -0xffc0
#4831 0 800003ce 0787a783 r 0f         00000003  lw       x15, 0x78(x15)
#4832 0 800003d2     85be r 0b         00000003  c.mv     x11, x15
#4833 0 800003d4     853a r 0a         00000002  c.mv     x10, x14
#4834 0 800003d6     20a1 r 01         800003d8  c.jal    . + 0x48
#4835 0 8000041e     1101 r 02         f0041050  c.addi   x2, -0x20
#4836 0 80000420     ce22 m f004106c   f0041090  c.swsp   x8, 0x1c
#4837 0 80000422     1000 r 08         f0041070  c.addi4spn  x8, 0x8
#4838 0 80000424 fea42623 m f004105c   00000002  sw       x10, -0x14(x8)
#4839 0 80000428 feb42423 m f0041058   00000003  sw       x11, -0x18(x8)
#4840 0 8000042c f00407b7 r 0f         f0040000  lui      x15, -0xffc0
#4841 0 80000430 fec42703 r 0e         00000002  lw       x14, -0x14(x8)
#4842 0 80000434 06e7aa23 m f0040074   00000002  sw       x14, 0x74(x15)
#4843 0 80000438     aab1 r 00         00000000  c.j      . + 0x15c
#4844 0 80000594 fe842783 r 0f         00000003  lw       x15, -0x18(x8)
#4845 0 80000598 fff78713 r 0e         00000002  addi     x14, x15, -0x1
#4846 0 8000059c f00407b7 r 0f         f0040000  lui      x15, -0xffc0
#4847 0 800005a0 0747a783 r 0f         00000002  lw       x15, 0x74(x15)
#4848 0 800005a4 e8e7cbe3 r 00         00000000  blt      x15, x14, . - 0x16a
#4849 0 800005a8     0001 r 00         00000000  c.nop
#4850 0 800005aa     0001 r 00         00000000  c.nop
#4851 0 800005ac     4472 r 08         f0041090  c.lwsp   x8, 0x1c
#4852 0 800005ae     6105 r 02         f0041070  c.addi16sp 0x2
#4853 0 800005b0     8082 r 00         00000000  c.jr     x1
#4854 0 800003d8 f00407b7 r 0f         f0040000  lui      x15, -0xffc0
#4855 0 800003dc 0787a703 r 0e         00000003  lw       x14, 0x78(x15)
#4856 0 800003e0 f00407b7 r 0f         f0040000  lui      x15, -0xffc0
#4857 0 800003e4 06e7aa23 m f0040074   00000003  sw       x14, 0x74(x15)
#4858 0 800003e8 f00407b7 r 0f         f0040000  lui      x15, -0xffc0
#4859 0 800003ec 0747a703 r 0e         00000003  lw       x14, 0x74(x15)
#4860 0 800003f0 f00407b7 r 0f         f0040000  lui      x15, -0xffc0
#4861 0 800003f4 0387a783 r 0f         0000000e  lw       x15, 0x38(x15)
#4862 0 800003f8 f4f74ce3 r 00         00000000  blt      x14, x15, . - 0xa8
#4863 0 80000350 f00407b7 r 0f         f0040000  lui      x15, -0xffc0
#4864 0 80000354 0747a783 r 0f         00000003  lw       x15, 0x74(x15)
#4865 0 80000358 f0040737 r 0e         f0040000  lui      x14, -0xffc0
#4866 0 8000035c 00070713 r 0e         f0040000  addi     x14, x14, 0x0
#4867 0 80000360     078a r 0f         0000000c  c.slli   x15, 2
#4868 0 80000362     97ba r 0f         f004000c  c.add    x15, x14
#4869 0 80000364     4398 r 0e         00000022  c.lw     x14, 0x0(x15)
#4870 0 80000366 fe842783 r 0f         0000000a  lw       x15, -0x18(x8)
#4871 0 8000036a 02f747b3 r 0f         00000003  div      x15, x14, x15
#4872 0 8000036e fef42223 m f0041074   00000003  sw       x15, -0x1c(x8)
#4873 0 80000372 f00407b7 r 0f         f0040000  lui      x15, -0xffc0
#4874 0 80000376 0747a783 r 0f         00000003  lw       x15, 0x74(x15)
#4875 0 8000037a 00178713 r 0e         00000004  addi     x14, x15, 0x1
#4876 0 8000037e f00407b7 r 0f         f0040000  lui      x15, -0xffc0
#4877 0 80000382 06e7ac23 m f0040078   00000004  sw       x14, 0x78(x15)
#4878 0 80000386     a819 r 00         00000000  c.j      . + 0x16
#4879 0 8000039c f00407b7 r 0f         f0040000  lui      x15, -0xffc0
#4880 0 800003a0 0787a783 r 0f         00000004  lw       x15, 0x78(x15)
#4881 0 800003a4 f0040737 r 0e         f0040000  lui      x14, -0xffc0
#4882 0 800003a8 00070713 r 0e         f0040000  addi     x14, x14, 0x0
#4883 0 800003ac     078a r 0f         00000010  c.slli   x15, 2
#4884 0 800003ae     97ba r 0f         f0040010  c.add    x15, x14
#4885 0 800003b0     4398 r 0e         0000002c  c.lw     x14, 0x0(x15)
#4886 0 800003b2 fe842783 r 0f         0000000a  lw       x15, -0x18(x8)
#4887 0 800003b6 02f747b3 r 0f         00000004  div      x15, x14, x15
#4888 0 800003ba fe442703 r 0e         00000003  lw       x14, -0x1c(x8)
#4889 0 800003be fcf705e3 r 00         00000000  beq      x14, x15, . - 0x36
#4890 0 800003c2 f00407b7 r 0f         f0040000  lui      x15, -0xffc0
#4891 0 800003c6 0747a703 r 0e         00000003  lw       x14, 0x74(x15)
#4892 0 800003ca f00407b7 r 0f         f0040000  lui      x15, -0xffc0
#4893 0 800003ce 0787a783 r 0f         00000004  lw       x15, 0x78(x15)
#4894 0 800003d2     85be r 0b         00000004  c.mv     x11, x15
#4895 0 800003d4     853a r 0a         00000003  c.mv     x10, x14
#4896 0 800003d6     20a1 r 01         800003d8  c.jal    . + 0x48
#4897 0 8000041e     1101 r 02         f0041050  c.addi   x2, -0x20
#4898 0 80000420     ce22 m f004106c   f0041090  c.swsp   x8, 0x1c
#4899 0 80000422     1000 r 08         f0041070  c.addi4spn  x8, 0x8
#4900 0 80000424 fea42623 m f004105c   00000003  sw       x10, -0x14(x8)
#4901 0 80000428 feb42423 m f0041058   00000004  sw       x11, -0x18(x8)
#4902 0 8000042c f00407b7 r 0f         f0040000  lui      x15, -0xffc0
#4903 0 80000430 fec42703 r 0e         00000003  lw       x14, -0x14(x8)
#4904 0 80000434 06e7aa23 m f0040074   00000003  sw       x14, 0x74(x15)
#4905 0 80000438     aab1 r 00         00000000  c.j      . + 0x15c
#4906 0 80000594 fe842783 r 0f         00000004  lw       x15, -0x18(x8)
#4907 0 80000598 fff78713 r 0e         00000003  addi     x14, x15, -0x1
#4908 0 8000059c f00407b7 r 0f         f0040000  lui      x15, -0xffc0
#4909 0 800005a0 0747a783 r 0f         00000003  lw       x15, 0x74(x15)
#4910 0 800005a4 e8e7cbe3 r 00         00000000  blt      x15, x14, . - 0x16a
#4911 0 800005a8     0001 r 00         00000000  c.nop
#4912 0 800005aa     0001 r 00         00000000  c.nop
#4913 0 800005ac     4472 r 08         f0041090  c.lwsp   x8, 0x1c
#4914 0 800005ae     6105 r 02         f0041070  c.addi16sp 0x2
#4915 0 800005b0     8082 r 00         00000000  c.jr     x1
#4916 0 800003d8 f00407b7 r 0f         f0040000  lui      x15, -0xffc0
#4917 0 800003dc 0787a703 r 0e         00000004  lw       x14, 0x78(x15)
#4918 0 800003e0 f00407b7 r 0f         f0040000  lui      x15, -0xffc0
#4919 0 800003e4 06e7aa23 m f0040074   00000004  sw       x14, 0x74(x15)
#4920 0 800003e8 f00407b7 r 0f         f0040000  lui      x15, -0xffc0
#4921 0 800003ec 0747a703 r 0e         00000004  lw       x14, 0x74(x15)
#4922 0 800003f0 f00407b7 r 0f         f0040000  lui      x15, -0xffc0
#4923 0 800003f4 0387a783 r 0f         0000000e  lw       x15, 0x38(x15)
#4924 0 800003f8 f4f74ce3 r 00         00000000  blt      x14, x15, . - 0xa8
#4925 0 80000350 f00407b7 r 0f         f0040000  lui      x15, -0xffc0
#4926 0 80000354 0747a783 r 0f         00000004  lw       x15, 0x74(x15)
#4927 0 80000358 f0040737 r 0e         f0040000  lui      x14, -0xffc0
#4928 0 8000035c 00070713 r 0e         f0040000  addi     x14, x14, 0x0
#4929 0 80000360     078a r 0f         00000010  c.slli   x15, 2
#4930 0 80000362     97ba r 0f         f0040010  c.add    x15, x14
#4931 0 80000364     4398 r 0e         0000002c  c.lw     x14, 0x0(x15)
#4932 0 80000366 fe842783 r 0f         0000000a  lw       x15, -0x18(x8)
#4933 0 8000036a 02f747b3 r 0f         00000004  div      x15, x14, x15
#4934 0 8000036e fef42223 m f0041074   00000004  sw       x15, -0x1c(x8)
#4935 0 80000372 f00407b7 r 0f         f0040000  lui      x15, -0xffc0
#4936 0 80000376 0747a783 r 0f         00000004  lw       x15, 0x74(x15)
#4937 0 8000037a 00178713 r 0e         00000005  addi     x14, x15, 0x1
#4938 0 8000037e f00407b7 r 0f         f0040000  lui      x15, -0xffc0
#4939 0 80000382 06e7ac23 m f0040078   00000005  sw       x14, 0x78(x15)
#4940 0 80000386     a819 r 00         00000000  c.j      . + 0x16
#4941 0 8000039c f00407b7 r 0f         f0040000  lui      x15, -0xffc0
#4942 0 800003a0 0787a783 r 0f         00000005  lw       x15, 0x78(x15)
#4943 0 800003a4 f0040737 r 0e         f0040000  lui      x14, -0xffc0
#4944 0 800003a8 00070713 r 0e         f0040000  addi     x14, x14, 0x0
#4945 0 800003ac     078a r 0f         00000014  c.slli   x15, 2
#4946 0 800003ae     97ba r 0f         f0040014  c.add    x15, x14
#4947 0 800003b0     4398 r 0e         0000002d  c.lw     x14, 0x0(x15)
#4948 0 800003b2 fe842783 r 0f         0000000a  lw       x15, -0x18(x8)
#4949 0 800003b6 02f747b3 r 0f         00000004  div      x15, x14, x15
#4950 0 800003ba fe442703 r 0e         00000004  lw       x14, -0x1c(x8)
#4951 0 800003be fcf705e3 r 00         00000000  beq      x14, x15, . - 0x36
#4952 0 80000388 f00407b7 r 0f         f0040000  lui      x15, -0xffc0
#4953 0 8000038c 0787a783 r 0f         00000005  lw       x15, 0x78(x15)
#4954 0 80000390 00178713 r 0e         00000006  addi     x14, x15, 0x1
#4955 0 80000394 f00407b7 r 0f         f0040000  lui      x15, -0xffc0
#4956 0 80000398 06e7ac23 m f0040078   00000006  sw       x14, 0x78(x15)
#4957 0 8000039c f00407b7 r 0f         f0040000  lui      x15, -0xffc0
#4958 0 800003a0 0787a783 r 0f         00000006  lw       x15, 0x78(x15)
#4959 0 800003a4 f0040737 r 0e         f0040000  lui      x14, -0xffc0
#4960 0 800003a8 00070713 r 0e         f0040000  addi     x14, x14, 0x0
#4961 0 800003ac     078a r 0f         00000018  c.slli   x15, 2
#4962 0 800003ae     97ba r 0f         f0040018  c.add    x15, x14
#4963 0 800003b0     4398 r 0e         00000037  c.lw     x14, 0x0(x15)
#4964 0 800003b2 fe842783 r 0f         0000000a  lw       x15, -0x18(x8)
#4965 0 800003b6 02f747b3 r 0f         00000005  div      x15, x14, x15
#4966 0 800003ba fe442703 r 0e         00000004  lw       x14, -0x1c(x8)
#4967 0 800003be fcf705e3 r 00         00000000  beq      x14, x15, . - 0x36
#4968 0 800003c2 f00407b7 r 0f         f0040000  lui      x15, -0xffc0
#4969 0 800003c6 0747a703 r 0e         00000004  lw       x14, 0x74(x15)
#4970 0 800003ca f00407b7 r 0f         f0040000  lui      x15, -0xffc0
#4971 0 800003ce 0787a783 r 0f         00000006  lw       x15, 0x78(x15)
#4972 0 800003d2     85be r 0b         00000006  c.mv     x11, x15
#4973 0 800003d4     853a r 0a         00000004  c.mv     x10, x14
#4974 0 800003d6     20a1 r 01         800003d8  c.jal    . + 0x48
#4975 0 8000041e     1101 r 02         f0041050  c.addi   x2, -0x20
#4976 0 80000420     ce22 m f004106c   f0041090  c.swsp   x8, 0x1c
#4977 0 80000422     1000 r 08         f0041070  c.addi4spn  x8, 0x8
#4978 0 80000424 fea42623 m f004105c   00000004  sw       x10, -0x14(x8)
#4979 0 80000428 feb42423 m f0041058   00000006  sw       x11, -0x18(x8)
#4980 0 8000042c f00407b7 r 0f         f0040000  lui      x15, -0xffc0
#4981 0 80000430 fec42703 r 0e         00000004  lw       x14, -0x14(x8)
#4982 0 80000434 06e7aa23 m f0040074   00000004  sw       x14, 0x74(x15)
#4983 0 80000438     aab1 r 00         00000000  c.j      . + 0x15c
#4984 0 80000594 fe842783 r 0f         00000006  lw       x15, -0x18(x8)
#4985 0 80000598 fff78713 r 0e         00000005  addi     x14, x15, -0x1
#4986 0 8000059c f00407b7 r 0f         f0040000  lui      x15, -0xffc0
#4987 0 800005a0 0747a783 r 0f         00000004  lw       x15, 0x74(x15)
#4988 0 800005a4 e8e7cbe3 r 00         00000000  blt      x15, x14, . - 0x16a
#4989 0 8000043a f00407b7 r 0f         f0040000  lui      x15, -0xffc0
#4990 0 8000043e 0747a783 r 0f         00000004  lw       x15, 0x74(x15)
#4991 0 80000442 00178713 r 0e         00000005  addi     x14, x15, 0x1
#4992 0 80000446 f00407b7 r 0f         f0040000  lui      x15, -0xffc0
#4993 0 8000044a 06e7ac23 m f0040078   00000005  sw       x14, 0x78(x15)
#4994 0 8000044e     a20d r 00         00000000  c.j      . + 0x122
#4995 0 80000570 f00407b7 r 0f         f0040000  lui      x15, -0xffc0
#4996 0 80000574 0787a783 r 0f         00000005  lw       x15, 0x78(x15)
#4997 0 80000578 fe842703 r 0e         00000006  lw       x14, -0x18(x8)
#4998 0 8000057c ece7cae3 r 00         00000000  blt      x15, x14, . - 0x12c
#4999 0 80000450 f00407b7 r 0f         f0040000  lui      x15, -0xffc0
#5000 0 80000454 0747a783 r 0f         00000004  lw       x15, 0x74(x15)
#5001 0 80000458 f0040737 r 0e         f0040000  lui      x14, -0xffc0
#5002 0 8000045c 03c70713 r 0e         f004003c  addi     x14, x14, 0x3c
#5003 0 80000460     078a r 0f         00000010  c.slli   x15, 2
#5004 0 80000462     97ba r 0f         f004004c  c.add    x15, x14
#5005 0 80000464     4398 r 0e         0000002c  c.lw     x14, 0x0(x15)
#5006 0 80000466 f00407b7 r 0f         f0040000  lui      x15, -0xffc0
#5007 0 8000046a 0787a783 r 0f         00000005  lw       x15, 0x78(x15)
#5008 0 8000046e f00406b7 r 0d         f0040000  lui      x13, -0xffc0
#5009 0 80000472 03c68693 r 0d         f004003c  addi     x13, x13, 0x3c
#5010 0 80000476     078a r 0f         00000014  c.slli   x15, 2
#5011 0 80000478     97b6 r 0f         f0040050  c.add    x15, x13
#5012 0 8000047a     439c r 0f         0000002d  c.lw     x15, 0x0(x15)
#5013 0 8000047c 0ee7d063 r 00         00000000  bge      x15, x14, . + 0xe0
#5014 0 8000055c f00407b7 r 0f         f0040000  lui      x15, -0xffc0
#5015 0 80000560 0787a783 r 0f         00000005  lw       x15, 0x78(x15)
#5016 0 80000564 00178713 r 0e         00000006  addi     x14, x15, 0x1
#5017 0 80000568 f00407b7 r 0f         f0040000  lui      x15, -0xffc0
#5018 0 8000056c 06e7ac23 m f0040078   00000006  sw       x14, 0x78(x15)
#5019 0 80000570 f00407b7 r 0f         f0040000  lui      x15, -0xffc0
#5020 0 80000574 0787a783 r 0f         00000006  lw       x15, 0x78(x15)
#5021 0 80000578 fe842703 r 0e         00000006  lw       x14, -0x18(x8)
#5022 0 8000057c ece7cae3 r 00         00000000  blt      x15, x14, . - 0x12c
#5023 0 80000580 f00407b7 r 0f         f0040000  lui      x15, -0xffc0
#5024 0 80000584 0747a783 r 0f         00000004  lw       x15, 0x74(x15)
#5025 0 80000588 00178713 r 0e         00000005  addi     x14, x15, 0x1
#5026 0 8000058c f00407b7 r 0f         f0040000  lui      x15, -0xffc0
#5027 0 80000590 06e7aa23 m f0040074   00000005  sw       x14, 0x74(x15)
#5028 0 80000594 fe842783 r 0f         00000006  lw       x15, -0x18(x8)
#5029 0 80000598 fff78713 r 0e         00000005  addi     x14, x15, -0x1
#5030 0 8000059c f00407b7 r 0f         f0040000  lui      x15, -0xffc0
#5031 0 800005a0 0747a783 r 0f         00000005  lw       x15, 0x74(x15)
#5032 0 800005a4 e8e7cbe3 r 00         00000000  blt      x15, x14, . - 0x16a
#5033 0 800005a8     0001 r 00         00000000  c.nop
#5034 0 800005aa     0001 r 00         00000000  c.nop
#5035 0 800005ac     4472 r 08         f0041090  c.lwsp   x8, 0x1c
#5036 0 800005ae     6105 r 02         f0041070  c.addi16sp 0x2
#5037 0 800005b0     8082 r 00         00000000  c.jr     x1
#5038 0 800003d8 f00407b7 r 0f         f0040000  lui      x15, -0xffc0
#5039 0 800003dc 0787a703 r 0e         00000006  lw       x14, 0x78(x15)
#5040 0 800003e0 f00407b7 r 0f         f0040000  lui      x15, -0xffc0
#5041 0 800003e4 06e7aa23 m f0040074   00000006  sw       x14, 0x74(x15)
#5042 0 800003e8 f00407b7 r 0f         f0040000  lui      x15, -0xffc0
#5043 0 800003ec 0747a703 r 0e         00000006  lw       x14, 0x74(x15)
#5044 0 800003f0 f00407b7 r 0f         f0040000  lui      x15, -0xffc0
#5045 0 800003f4 0387a783 r 0f         0000000e  lw       x15, 0x38(x15)
#5046 0 800003f8 f4f74ce3 r 00         00000000  blt      x14, x15, . - 0xa8
#5047 0 80000350 f00407b7 r 0f         f0040000  lui      x15, -0xffc0
#5048 0 80000354 0747a783 r 0f         00000006  lw       x15, 0x74(x15)
#5049 0 80000358 f0040737 r 0e         f0040000  lui      x14, -0xffc0
#5050 0 8000035c 00070713 r 0e         f0040000  addi     x14, x14, 0x0
#5051 0 80000360     078a r 0f         00000018  c.slli   x15, 2
#5052 0 80000362     97ba r 0f         f0040018  c.add    x15, x14
#5053 0 80000364     4398 r 0e         00000037  c.lw     x14, 0x0(x15)
#5054 0 80000366 fe842783 r 0f         0000000a  lw       x15, -0x18(x8)
#5055 0 8000036a 02f747b3 r 0f         00000005  div      x15, x14, x15
#5056 0 8000036e fef42223 m f0041074   00000005  sw       x15, -0x1c(x8)
#5057 0 80000372 f00407b7 r 0f         f0040000  lui      x15, -0xffc0
#5058 0 80000376 0747a783 r 0f         00000006  lw       x15, 0x74(x15)
#5059 0 8000037a 00178713 r 0e         00000007  addi     x14, x15, 0x1
#5060 0 8000037e f00407b7 r 0f         f0040000  lui      x15, -0xffc0
#5061 0 80000382 06e7ac23 m f0040078   00000007  sw       x14, 0x78(x15)
#5062 0 80000386     a819 r 00         00000000  c.j      . + 0x16
#5063 0 8000039c f00407b7 r 0f         f0040000  lui      x15, -0xffc0
#5064 0 800003a0 0787a783 r 0f         00000007  lw       x15, 0x78(x15)
#5065 0 800003a4 f0040737 r 0e         f0040000  lui      x14, -0xffc0
#5066 0 800003a8 00070713 r 0e         f0040000  addi     x14, x14, 0x0
#5067 0 800003ac     078a r 0f         0000001c  c.slli   x15, 2
#5068 0 800003ae     97ba r 0f         f004001c  c.add    x15, x14
#5069 0 800003b0     4398 r 0e         00000043  c.lw     x14, 0x0(x15)
#5070 0 800003b2 fe842783 r 0f         0000000a  lw       x15, -0x18(x8)
#5071 0 800003b6 02f747b3 r 0f         00000006  div      x15, x14, x15
#5072 0 800003ba fe442703 r 0e         00000005  lw       x14, -0x1c(x8)
#5073 0 800003be fcf705e3 r 00         00000000  beq      x14, x15, . - 0x36
#5074 0 800003c2 f00407b7 r 0f         f0040000  lui      x15, -0xffc0
#5075 0 800003c6 0747a703 r 0e         00000006  lw       x14, 0x74(x15)
#5076 0 800003ca f00407b7 r 0f         f0040000  lui      x15, -0xffc0
#5077 0 800003ce 0787a783 r 0f         00000007  lw       x15, 0x78(x15)
#5078 0 800003d2     85be r 0b         00000007  c.mv     x11, x15
#5079 0 800003d4     853a r 0a         00000006  c.mv     x10, x14
#5080 0 800003d6     20a1 r 01         800003d8  c.jal    . + 0x48
#5081 0 8000041e     1101 r 02         f0041050  c.addi   x2, -0x20
#5082 0 80000420     ce22 m f004106c   f0041090  c.swsp   x8, 0x1c
#5083 0 80000422     1000 r 08         f0041070  c.addi4spn  x8, 0x8
#5084 0 80000424 fea42623 m f004105c   00000006  sw       x10, -0x14(x8)
#5085 0 80000428 feb42423 m f0041058   00000007  sw       x11, -0x18(x8)
#5086 0 8000042c f00407b7 r 0f         f0040000  lui      x15, -0xffc0
#5087 0 80000430 fec42703 r 0e         00000006  lw       x14, -0x14(x8)
#5088 0 80000434 06e7aa23 m f0040074   00000006  sw       x14, 0x74(x15)
#5089 0 80000438     aab1 r 00         00000000  c.j      . + 0x15c
#5090 0 80000594 fe842783 r 0f         00000007  lw       x15, -0x18(x8)
#5091 0 80000598 fff78713 r 0e         00000006  addi     x14, x15, -0x1
#5092 0 8000059c f00407b7 r 0f         f0040000  lui      x15, -0xffc0
#5093 0 800005a0 0747a783 r 0f         00000006  lw       x15, 0x74(x15)
#5094 0 800005a4 e8e7cbe3 r 00         00000000  blt      x15, x14, . - 0x16a
#5095 0 800005a8     0001 r 00         00000000  c.nop
#5096 0 800005aa     0001 r 00         00000000  c.nop
#5097 0 800005ac     4472 r 08         f0041090  c.lwsp   x8, 0x1c
#5098 0 800005ae     6105 r 02         f0041070  c.addi16sp 0x2
#5099 0 800005b0     8082 r 00         00000000  c.jr     x1
#5100 0 800003d8 f00407b7 r 0f         f0040000  lui      x15, -0xffc0
#5101 0 800003dc 0787a703 r 0e         00000007  lw       x14, 0x78(x15)
#5102 0 800003e0 f00407b7 r 0f         f0040000  lui      x15, -0xffc0
#5103 0 800003e4 06e7aa23 m f0040074   00000007  sw       x14, 0x74(x15)
#5104 0 800003e8 f00407b7 r 0f         f0040000  lui      x15, -0xffc0
#5105 0 800003ec 0747a703 r 0e         00000007  lw       x14, 0x74(x15)
#5106 0 800003f0 f00407b7 r 0f         f0040000  lui      x15, -0xffc0
#5107 0 800003f4 0387a783 r 0f         0000000e  lw       x15, 0x38(x15)
#5108 0 800003f8 f4f74ce3 r 00         00000000  blt      x14, x15, . - 0xa8
#5109 0 80000350 f00407b7 r 0f         f0040000  lui      x15, -0xffc0
#5110 0 80000354 0747a783 r 0f         00000007  lw       x15, 0x74(x15)
#5111 0 80000358 f0040737 r 0e         f0040000  lui      x14, -0xffc0
#5112 0 8000035c 00070713 r 0e         f0040000  addi     x14, x14, 0x0
#5113 0 80000360     078a r 0f         0000001c  c.slli   x15, 2
#5114 0 80000362     97ba r 0f         f004001c  c.add    x15, x14
#5115 0 80000364     4398 r 0e         00000043  c.lw     x14, 0x0(x15)
#5116 0 80000366 fe842783 r 0f         0000000a  lw       x15, -0x18(x8)
#5117 0 8000036a 02f747b3 r 0f         00000006  div      x15, x14, x15
#5118 0 8000036e fef42223 m f0041074   00000006  sw       x15, -0x1c(x8)
#5119 0 80000372 f00407b7 r 0f         f0040000  lui      x15, -0xffc0
#5120 0 80000376 0747a783 r 0f         00000007  lw       x15, 0x74(x15)
#5121 0 8000037a 00178713 r 0e         00000008  addi     x14, x15, 0x1
#5122 0 8000037e f00407b7 r 0f         f0040000  lui      x15, -0xffc0
#5123 0 80000382 06e7ac23 m f0040078   00000008  sw       x14, 0x78(x15)
#5124 0 80000386     a819 r 00         00000000  c.j      . + 0x16
#5125 0 8000039c f00407b7 r 0f         f0040000  lui      x15, -0xffc0
#5126 0 800003a0 0787a783 r 0f         00000008  lw       x15, 0x78(x15)
#5127 0 800003a4 f0040737 r 0e         f0040000  lui      x14, -0xffc0
#5128 0 800003a8 00070713 r 0e         f0040000  addi     x14, x14, 0x0
#5129 0 800003ac     078a r 0f         00000020  c.slli   x15, 2
#5130 0 800003ae     97ba r 0f         f0040020  c.add    x15, x14
#5131 0 800003b0     4398 r 0e         00000042  c.lw     x14, 0x0(x15)
#5132 0 800003b2 fe842783 r 0f         0000000a  lw       x15, -0x18(x8)
#5133 0 800003b6 02f747b3 r 0f         00000006  div      x15, x14, x15
#5134 0 800003ba fe442703 r 0e         00000006  lw       x14, -0x1c(x8)
#5135 0 800003be fcf705e3 r 00         00000000  beq      x14, x15, . - 0x36
#5136 0 80000388 f00407b7 r 0f         f0040000  lui      x15, -0xffc0
#5137 0 8000038c 0787a783 r 0f         00000008  lw       x15, 0x78(x15)
#5138 0 80000390 00178713 r 0e         00000009  addi     x14, x15, 0x1
#5139 0 80000394 f00407b7 r 0f         f0040000  lui      x15, -0xffc0
#5140 0 80000398 06e7ac23 m f0040078   00000009  sw       x14, 0x78(x15)
#5141 0 8000039c f00407b7 r 0f         f0040000  lui      x15, -0xffc0
#5142 0 800003a0 0787a783 r 0f         00000009  lw       x15, 0x78(x15)
#5143 0 800003a4 f0040737 r 0e         f0040000  lui      x14, -0xffc0
#5144 0 800003a8 00070713 r 0e         f0040000  addi     x14, x14, 0x0
#5145 0 800003ac     078a r 0f         00000024  c.slli   x15, 2
#5146 0 800003ae     97ba r 0f         f0040024  c.add    x15, x14
#5147 0 800003b0     4398 r 0e         00000048  c.lw     x14, 0x0(x15)
#5148 0 800003b2 fe842783 r 0f         0000000a  lw       x15, -0x18(x8)
#5149 0 800003b6 02f747b3 r 0f         00000007  div      x15, x14, x15
#5150 0 800003ba fe442703 r 0e         00000006  lw       x14, -0x1c(x8)
#5151 0 800003be fcf705e3 r 00         00000000  beq      x14, x15, . - 0x36
#5152 0 800003c2 f00407b7 r 0f         f0040000  lui      x15, -0xffc0
#5153 0 800003c6 0747a703 r 0e         00000007  lw       x14, 0x74(x15)
#5154 0 800003ca f00407b7 r 0f         f0040000  lui      x15, -0xffc0
#5155 0 800003ce 0787a783 r 0f         00000009  lw       x15, 0x78(x15)
#5156 0 800003d2     85be r 0b         00000009  c.mv     x11, x15
#5157 0 800003d4     853a r 0a         00000007  c.mv     x10, x14
#5158 0 800003d6     20a1 r 01         800003d8  c.jal    . + 0x48
#5159 0 8000041e     1101 r 02         f0041050  c.addi   x2, -0x20
#5160 0 80000420     ce22 m f004106c   f0041090  c.swsp   x8, 0x1c
#5161 0 80000422     1000 r 08         f0041070  c.addi4spn  x8, 0x8
#5162 0 80000424 fea42623 m f004105c   00000007  sw       x10, -0x14(x8)
#5163 0 80000428 feb42423 m f0041058   00000009  sw       x11, -0x18(x8)
#5164 0 8000042c f00407b7 r 0f         f0040000  lui      x15, -0xffc0
#5165 0 80000430 fec42703 r 0e         00000007  lw       x14, -0x14(x8)
#5166 0 80000434 06e7aa23 m f0040074   00000007  sw       x14, 0x74(x15)
#5167 0 80000438     aab1 r 00         00000000  c.j      . + 0x15c
#5168 0 80000594 fe842783 r 0f         00000009  lw       x15, -0x18(x8)
#5169 0 80000598 fff78713 r 0e         00000008  addi     x14, x15, -0x1
#5170 0 8000059c f00407b7 r 0f         f0040000  lui      x15, -0xffc0
#5171 0 800005a0 0747a783 r 0f         00000007  lw       x15, 0x74(x15)
#5172 0 800005a4 e8e7cbe3 r 00         00000000  blt      x15, x14, . - 0x16a
#5173 0 8000043a f00407b7 r 0f         f0040000  lui      x15, -0xffc0
#5174 0 8000043e 0747a783 r 0f         00000007  lw       x15, 0x74(x15)
#5175 0 80000442 00178713 r 0e         00000008  addi     x14, x15, 0x1
#5176 0 80000446 f00407b7 r 0f         f0040000  lui      x15, -0xffc0
#5177 0 8000044a 06e7ac23 m f0040078   00000008  sw       x14, 0x78(x15)
#5178 0 8000044e     a20d r 00         00000000  c.j      . + 0x122
#5179 0 80000570 f00407b7 r 0f         f0040000  lui      x15, -0xffc0
#5180 0 80000574 0787a783 r 0f         00000008  lw       x15, 0x78(x15)
#5181 0 80000578 fe842703 r 0e         00000009  lw       x14, -0x18(x8)
#5182 0 8000057c ece7cae3 r 00         00000000  blt      x15, x14, . - 0x12c
#5183 0 80000450 f00407b7 r 0f         f0040000  lui      x15, -0xffc0
#5184 0 80000454 0747a783 r 0f         00000007  lw       x15, 0x74(x15)
#5185 0 80000458 f0040737 r 0e         f0040000  lui      x14, -0xffc0
#5186 0 8000045c 03c70713 r 0e         f004003c  addi     x14, x14, 0x3c
#5187 0 80000460     078a r 0f         0000001c  c.slli   x15, 2
#5188 0 80000462     97ba r 0f         f0040058  c.add    x15, x14
#5189 0 80000464     4398 r 0e         00000043  c.lw     x14, 0x0(x15)
#5190 0 80000466 f00407b7 r 0f         f0040000  lui      x15, -0xffc0
#5191 0 8000046a 0787a783 r 0f         00000008  lw       x15, 0x78(x15)
#5192 0 8000046e f00406b7 r 0d         f0040000  lui      x13, -0xffc0
#5193 0 80000472 03c68693 r 0d         f004003c  addi     x13, x13, 0x3c
#5194 0 80000476     078a r 0f         00000020  c.slli   x15, 2
#5195 0 80000478     97b6 r 0f         f004005c  c.add    x15, x13
#5196 0 8000047a     439c r 0f         00000042  c.lw     x15, 0x0(x15)
#5197 0 8000047c 0ee7d063 r 00         00000000  bge      x15, x14, . + 0xe0
#5198 0 80000480 f00407b7 r 0f         f0040000  lui      x15, -0xffc0
#5199 0 80000484 0747a783 r 0f         00000007  lw       x15, 0x74(x15)
#5200 0 80000488 f0040737 r 0e         f0040000  lui      x14, -0xffc0
#5201 0 8000048c 03c70713 r 0e         f004003c  addi     x14, x14, 0x3c
#5202 0 80000490     078a r 0f         0000001c  c.slli   x15, 2
#5203 0 80000492     97ba r 0f         f0040058  c.add    x15, x14
#5204 0 80000494     4398 r 0e         00000043  c.lw     x14, 0x0(x15)
#5205 0 80000496 f00407b7 r 0f         f0040000  lui      x15, -0xffc0
#5206 0 8000049a 06e7ae23 m f004007c   00000043  sw       x14, 0x7c(x15)
#5207 0 8000049e f00407b7 r 0f         f0040000  lui      x15, -0xffc0
#5208 0 800004a2 0787a703 r 0e         00000008  lw       x14, 0x78(x15)
#5209 0 800004a6 f00407b7 r 0f         f0040000  lui      x15, -0xffc0
#5210 0 800004aa 0747a783 r 0f         00000007  lw       x15, 0x74(x15)
#5211 0 800004ae f00406b7 r 0d         f0040000  lui      x13, -0xffc0
#5212 0 800004b2 03c68693 r 0d         f004003c  addi     x13, x13, 0x3c
#5213 0 800004b6     070a r 0e         00000020  c.slli   x14, 2
#5214 0 800004b8     9736 r 0e         f004005c  c.add    x14, x13
#5215 0 800004ba     4318 r 0e         00000042  c.lw     x14, 0x0(x14)
#5216 0 800004bc f00406b7 r 0d         f0040000  lui      x13, -0xffc0
#5217 0 800004c0 03c68693 r 0d         f004003c  addi     x13, x13, 0x3c
#5218 0 800004c4     078a r 0f         0000001c  c.slli   x15, 2
#5219 0 800004c6     97b6 r 0f         f0040058  c.add    x15, x13
#5220 0 800004c8     c398 m f0040058   00000042  c.sw     x14, 0x0(x15)
#5221 0 800004ca f00407b7 r 0f         f0040000  lui      x15, -0xffc0
#5222 0 800004ce 0787a783 r 0f         00000008  lw       x15, 0x78(x15)
#5223 0 800004d2 f0040737 r 0e         f0040000  lui      x14, -0xffc0
#5224 0 800004d6 07c72703 r 0e         00000043  lw       x14, 0x7c(x14)
#5225 0 800004da f00406b7 r 0d         f0040000  lui      x13, -0xffc0
#5226 0 800004de 03c68693 r 0d         f004003c  addi     x13, x13, 0x3c
#5227 0 800004e2     078a r 0f         00000020  c.slli   x15, 2
#5228 0 800004e4     97b6 r 0f         f004005c  c.add    x15, x13
#5229 0 800004e6     c398 m f004005c   00000043  c.sw     x14, 0x0(x15)
#5230 0 800004e8 f00407b7 r 0f         f0040000  lui      x15, -0xffc0
#5231 0 800004ec 0747a783 r 0f         00000007  lw       x15, 0x74(x15)
#5232 0 800004f0 f0040737 r 0e         f0040000  lui      x14, -0xffc0
#5233 0 800004f4 00070713 r 0e         f0040000  addi     x14, x14, 0x0
#5234 0 800004f8     078a r 0f         0000001c  c.slli   x15, 2
#5235 0 800004fa     97ba r 0f         f004001c  c.add    x15, x14
#5236 0 800004fc     4398 r 0e         00000043  c.lw     x14, 0x0(x15)
#5237 0 800004fe     47a9 r 0f         0000000a  c.li     x15, 0xa
#5238 0 80000500 02f76733 r 0e         00000007  rem      x14, x14, x15
#5239 0 80000504 f00407b7 r 0f         f0040000  lui      x15, -0xffc0
#5240 0 80000508 06e7ae23 m f004007c   00000007  sw       x14, 0x7c(x15)
#5241 0 8000050c f00407b7 r 0f         f0040000  lui      x15, -0xffc0
#5242 0 80000510 0787a783 r 0f         00000008  lw       x15, 0x78(x15)
#5243 0 80000514 f0040737 r 0e         f0040000  lui      x14, -0xffc0
#5244 0 80000518 00070713 r 0e         f0040000  addi     x14, x14, 0x0
#5245 0 8000051c     078a r 0f         00000020  c.slli   x15, 2
#5246 0 8000051e     97ba r 0f         f0040020  c.add    x15, x14
#5247 0 80000520     4394 r 0d         00000042  c.lw     x13, 0x0(x15)
#5248 0 80000522 f00407b7 r 0f         f0040000  lui      x15, -0xffc0
#5249 0 80000526 0747a783 r 0f         00000007  lw       x15, 0x74(x15)
#5250 0 8000052a     4729 r 0e         0000000a  c.li     x14, 0xa
#5251 0 8000052c 02e6e733 r 0e         00000006  rem      x14, x13, x14
#5252 0 80000530 f00406b7 r 0d         f0040000  lui      x13, -0xffc0
#5253 0 80000534 00068693 r 0d         f0040000  addi     x13, x13, 0x0
#5254 0 80000538     078a r 0f         0000001c  c.slli   x15, 2
#5255 0 8000053a     97b6 r 0f         f004001c  c.add    x15, x13
#5256 0 8000053c     c398 m f004001c   00000006  c.sw     x14, 0x0(x15)
#5257 0 8000053e f00407b7 r 0f         f0040000  lui      x15, -0xffc0
#5258 0 80000542 0787a783 r 0f         00000008  lw       x15, 0x78(x15)
#5259 0 80000546 f0040737 r 0e         f0040000  lui      x14, -0xffc0
#5260 0 8000054a 07c72703 r 0e         00000007  lw       x14, 0x7c(x14)
#5261 0 8000054e f00406b7 r 0d         f0040000  lui      x13, -0xffc0
#5262 0 80000552 00068693 r 0d         f0040000  addi     x13, x13, 0x0
#5263 0 80000556     078a r 0f         00000020  c.slli   x15, 2
#5264 0 80000558     97b6 r 0f         f0040020  c.add    x15, x13
#5265 0 8000055a     c398 m f0040020   00000007  c.sw     x14, 0x0(x15)
#5266 0 8000055c f00407b7 r 0f         f0040000  lui      x15, -0xffc0
#5267 0 80000560 0787a783 r 0f         00000008  lw       x15, 0x78(x15)
#5268 0 80000564 00178713 r 0e         00000009  addi     x14, x15, 0x1
#5269 0 80000568 f00407b7 r 0f         f0040000  lui      x15, -0xffc0
#5270 0 8000056c 06e7ac23 m f0040078   00000009  sw       x14, 0x78(x15)
#5271 0 80000570 f00407b7 r 0f         f0040000  lui      x15, -0xffc0
#5272 0 80000574 0787a783 r 0f         00000009  lw       x15, 0x78(x15)
#5273 0 80000578 fe842703 r 0e         00000009  lw       x14, -0x18(x8)
#5274 0 8000057c ece7cae3 r 00         00000000  blt      x15, x14, . - 0x12c
#5275 0 80000580 f00407b7 r 0f         f0040000  lui      x15, -0xffc0
#5276 0 80000584 0747a783 r 0f         00000007  lw       x15, 0x74(x15)
#5277 0 80000588 00178713 r 0e         00000008  addi     x14, x15, 0x1
#5278 0 8000058c f00407b7 r 0f         f0040000  lui      x15, -0xffc0
#5279 0 80000590 06e7aa23 m f0040074   00000008  sw       x14, 0x74(x15)
#5280 0 80000594 fe842783 r 0f         00000009  lw       x15, -0x18(x8)
#5281 0 80000598 fff78713 r 0e         00000008  addi     x14, x15, -0x1
#5282 0 8000059c f00407b7 r 0f         f0040000  lui      x15, -0xffc0
#5283 0 800005a0 0747a783 r 0f         00000008  lw       x15, 0x74(x15)
#5284 0 800005a4 e8e7cbe3 r 00         00000000  blt      x15, x14, . - 0x16a
#5285 0 800005a8     0001 r 00         00000000  c.nop
#5286 0 800005aa     0001 r 00         00000000  c.nop
#5287 0 800005ac     4472 r 08         f0041090  c.lwsp   x8, 0x1c
#5288 0 800005ae     6105 r 02         f0041070  c.addi16sp 0x2
#5289 0 800005b0     8082 r 00         00000000  c.jr     x1
#5290 0 800003d8 f00407b7 r 0f         f0040000  lui      x15, -0xffc0
#5291 0 800003dc 0787a703 r 0e         00000009  lw       x14, 0x78(x15)
#5292 0 800003e0 f00407b7 r 0f         f0040000  lui      x15, -0xffc0
#5293 0 800003e4 06e7aa23 m f0040074   00000009  sw       x14, 0x74(x15)
#5294 0 800003e8 f00407b7 r 0f         f0040000  lui      x15, -0xffc0
#5295 0 800003ec 0747a703 r 0e         00000009  lw       x14, 0x74(x15)
#5296 0 800003f0 f00407b7 r 0f         f0040000  lui      x15, -0xffc0
#5297 0 800003f4 0387a783 r 0f         0000000e  lw       x15, 0x38(x15)
#5298 0 800003f8 f4f74ce3 r 00         00000000  blt      x14, x15, . - 0xa8
#5299 0 80000350 f00407b7 r 0f         f0040000  lui      x15, -0xffc0
#5300 0 80000354 0747a783 r 0f         00000009  lw       x15, 0x74(x15)
#5301 0 80000358 f0040737 r 0e         f0040000  lui      x14, -0xffc0
#5302 0 8000035c 00070713 r 0e         f0040000  addi     x14, x14, 0x0
#5303 0 80000360     078a r 0f         00000024  c.slli   x15, 2
#5304 0 80000362     97ba r 0f         f0040024  c.add    x15, x14
#5305 0 80000364     4398 r 0e         00000048  c.lw     x14, 0x0(x15)
#5306 0 80000366 fe842783 r 0f         0000000a  lw       x15, -0x18(x8)
#5307 0 8000036a 02f747b3 r 0f         00000007  div      x15, x14, x15
#5308 0 8000036e fef42223 m f0041074   00000007  sw       x15, -0x1c(x8)
#5309 0 80000372 f00407b7 r 0f         f0040000  lui      x15, -0xffc0
#5310 0 80000376 0747a783 r 0f         00000009  lw       x15, 0x74(x15)
#5311 0 8000037a 00178713 r 0e         0000000a  addi     x14, x15, 0x1
#5312 0 8000037e f00407b7 r 0f         f0040000  lui      x15, -0xffc0
#5313 0 80000382 06e7ac23 m f0040078   0000000a  sw       x14, 0x78(x15)
#5314 0 80000386     a819 r 00         00000000  c.j      . + 0x16
#5315 0 8000039c f00407b7 r 0f         f0040000  lui      x15, -0xffc0
#5316 0 800003a0 0787a783 r 0f         0000000a  lw       x15, 0x78(x15)
#5317 0 800003a4 f0040737 r 0e         f0040000  lui      x14, -0xffc0
#5318 0 800003a8 00070713 r 0e         f0040000  addi     x14, x14, 0x0
#5319 0 800003ac     078a r 0f         00000028  c.slli   x15, 2
#5320 0 800003ae     97ba r 0f         f0040028  c.add    x15, x14
#5321 0 800003b0     4398 r 0e         0000004e  c.lw     x14, 0x0(x15)
#5322 0 800003b2 fe842783 r 0f         0000000a  lw       x15, -0x18(x8)
#5323 0 800003b6 02f747b3 r 0f         00000007  div      x15, x14, x15
#5324 0 800003ba fe442703 r 0e         00000007  lw       x14, -0x1c(x8)
#5325 0 800003be fcf705e3 r 00         00000000  beq      x14, x15, . - 0x36
#5326 0 80000388 f00407b7 r 0f         f0040000  lui      x15, -0xffc0
#5327 0 8000038c 0787a783 r 0f         0000000a  lw       x15, 0x78(x15)
#5328 0 80000390 00178713 r 0e         0000000b  addi     x14, x15, 0x1
#5329 0 80000394 f00407b7 r 0f         f0040000  lui      x15, -0xffc0
#5330 0 80000398 06e7ac23 m f0040078   0000000b  sw       x14, 0x78(x15)
#5331 0 8000039c f00407b7 r 0f         f0040000  lui      x15, -0xffc0
#5332 0 800003a0 0787a783 r 0f         0000000b  lw       x15, 0x78(x15)
#5333 0 800003a4 f0040737 r 0e         f0040000  lui      x14, -0xffc0
#5334 0 800003a8 00070713 r 0e         f0040000  addi     x14, x14, 0x0
#5335 0 800003ac     078a r 0f         0000002c  c.slli   x15, 2
#5336 0 800003ae     97ba r 0f         f004002c  c.add    x15, x14
#5337 0 800003b0     4398 r 0e         00000059  c.lw     x14, 0x0(x15)
#5338 0 800003b2 fe842783 r 0f         0000000a  lw       x15, -0x18(x8)
#5339 0 800003b6 02f747b3 r 0f         00000008  div      x15, x14, x15
#5340 0 800003ba fe442703 r 0e         00000007  lw       x14, -0x1c(x8)
#5341 0 800003be fcf705e3 r 00         00000000  beq      x14, x15, . - 0x36
#5342 0 800003c2 f00407b7 r 0f         f0040000  lui      x15, -0xffc0
#5343 0 800003c6 0747a703 r 0e         00000009  lw       x14, 0x74(x15)
#5344 0 800003ca f00407b7 r 0f         f0040000  lui      x15, -0xffc0
#5345 0 800003ce 0787a783 r 0f         0000000b  lw       x15, 0x78(x15)
#5346 0 800003d2     85be r 0b         0000000b  c.mv     x11, x15
#5347 0 800003d4     853a r 0a         00000009  c.mv     x10, x14
#5348 0 800003d6     20a1 r 01         800003d8  c.jal    . + 0x48
#5349 0 8000041e     1101 r 02         f0041050  c.addi   x2, -0x20
#5350 0 80000420     ce22 m f004106c   f0041090  c.swsp   x8, 0x1c
#5351 0 80000422     1000 r 08         f0041070  c.addi4spn  x8, 0x8
#5352 0 80000424 fea42623 m f004105c   00000009  sw       x10, -0x14(x8)
#5353 0 80000428 feb42423 m f0041058   0000000b  sw       x11, -0x18(x8)
#5354 0 8000042c f00407b7 r 0f         f0040000  lui      x15, -0xffc0
#5355 0 80000430 fec42703 r 0e         00000009  lw       x14, -0x14(x8)
#5356 0 80000434 06e7aa23 m f0040074   00000009  sw       x14, 0x74(x15)
#5357 0 80000438     aab1 r 00         00000000  c.j      . + 0x15c
#5358 0 80000594 fe842783 r 0f         0000000b  lw       x15, -0x18(x8)
#5359 0 80000598 fff78713 r 0e         0000000a  addi     x14, x15, -0x1
#5360 0 8000059c f00407b7 r 0f         f0040000  lui      x15, -0xffc0
#5361 0 800005a0 0747a783 r 0f         00000009  lw       x15, 0x74(x15)
#5362 0 800005a4 e8e7cbe3 r 00         00000000  blt      x15, x14, . - 0x16a
#5363 0 8000043a f00407b7 r 0f         f0040000  lui      x15, -0xffc0
#5364 0 8000043e 0747a783 r 0f         00000009  lw       x15, 0x74(x15)
#5365 0 80000442 00178713 r 0e         0000000a  addi     x14, x15, 0x1
#5366 0 80000446 f00407b7 r 0f         f0040000  lui      x15, -0xffc0
#5367 0 8000044a 06e7ac23 m f0040078   0000000a  sw       x14, 0x78(x15)
#5368 0 8000044e     a20d r 00         00000000  c.j      . + 0x122
#5369 0 80000570 f00407b7 r 0f         f0040000  lui      x15, -0xffc0
#5370 0 80000574 0787a783 r 0f         0000000a  lw       x15, 0x78(x15)
#5371 0 80000578 fe842703 r 0e         0000000b  lw       x14, -0x18(x8)
#5372 0 8000057c ece7cae3 r 00         00000000  blt      x15, x14, . - 0x12c
#5373 0 80000450 f00407b7 r 0f         f0040000  lui      x15, -0xffc0
#5374 0 80000454 0747a783 r 0f         00000009  lw       x15, 0x74(x15)
#5375 0 80000458 f0040737 r 0e         f0040000  lui      x14, -0xffc0
#5376 0 8000045c 03c70713 r 0e         f004003c  addi     x14, x14, 0x3c
#5377 0 80000460     078a r 0f         00000024  c.slli   x15, 2
#5378 0 80000462     97ba r 0f         f0040060  c.add    x15, x14
#5379 0 80000464     4398 r 0e         00000048  c.lw     x14, 0x0(x15)
#5380 0 80000466 f00407b7 r 0f         f0040000  lui      x15, -0xffc0
#5381 0 8000046a 0787a783 r 0f         0000000a  lw       x15, 0x78(x15)
#5382 0 8000046e f00406b7 r 0d         f0040000  lui      x13, -0xffc0
#5383 0 80000472 03c68693 r 0d         f004003c  addi     x13, x13, 0x3c
#5384 0 80000476     078a r 0f         00000028  c.slli   x15, 2
#5385 0 80000478     97b6 r 0f         f0040064  c.add    x15, x13
#5386 0 8000047a     439c r 0f         0000004e  c.lw     x15, 0x0(x15)
#5387 0 8000047c 0ee7d063 r 00         00000000  bge      x15, x14, . + 0xe0
#5388 0 8000055c f00407b7 r 0f         f0040000  lui      x15, -0xffc0
#5389 0 80000560 0787a783 r 0f         0000000a  lw       x15, 0x78(x15)
#5390 0 80000564 00178713 r 0e         0000000b  addi     x14, x15, 0x1
#5391 0 80000568 f00407b7 r 0f         f0040000  lui      x15, -0xffc0
#5392 0 8000056c 06e7ac23 m f0040078   0000000b  sw       x14, 0x78(x15)
#5393 0 80000570 f00407b7 r 0f         f0040000  lui      x15, -0xffc0
#5394 0 80000574 0787a783 r 0f         0000000b  lw       x15, 0x78(x15)
#5395 0 80000578 fe842703 r 0e         0000000b  lw       x14, -0x18(x8)
#5396 0 8000057c ece7cae3 r 00         00000000  blt      x15, x14, . - 0x12c
#5397 0 80000580 f00407b7 r 0f         f0040000  lui      x15, -0xffc0
#5398 0 80000584 0747a783 r 0f         00000009  lw       x15, 0x74(x15)
#5399 0 80000588 00178713 r 0e         0000000a  addi     x14, x15, 0x1
#5400 0 8000058c f00407b7 r 0f         f0040000  lui      x15, -0xffc0
#5401 0 80000590 06e7aa23 m f0040074   0000000a  sw       x14, 0x74(x15)
#5402 0 80000594 fe842783 r 0f         0000000b  lw       x15, -0x18(x8)
#5403 0 80000598 fff78713 r 0e         0000000a  addi     x14, x15, -0x1
#5404 0 8000059c f00407b7 r 0f         f0040000  lui      x15, -0xffc0
#5405 0 800005a0 0747a783 r 0f         0000000a  lw       x15, 0x74(x15)
#5406 0 800005a4 e8e7cbe3 r 00         00000000  blt      x15, x14, . - 0x16a
#5407 0 800005a8     0001 r 00         00000000  c.nop
#5408 0 800005aa     0001 r 00         00000000  c.nop
#5409 0 800005ac     4472 r 08         f0041090  c.lwsp   x8, 0x1c
#5410 0 800005ae     6105 r 02         f0041070  c.addi16sp 0x2
#5411 0 800005b0     8082 r 00         00000000  c.jr     x1
#5412 0 800003d8 f00407b7 r 0f         f0040000  lui      x15, -0xffc0
#5413 0 800003dc 0787a703 r 0e         0000000b  lw       x14, 0x78(x15)
#5414 0 800003e0 f00407b7 r 0f         f0040000  lui      x15, -0xffc0
#5415 0 800003e4 06e7aa23 m f0040074   0000000b  sw       x14, 0x74(x15)
#5416 0 800003e8 f00407b7 r 0f         f0040000  lui      x15, -0xffc0
#5417 0 800003ec 0747a703 r 0e         0000000b  lw       x14, 0x74(x15)
#5418 0 800003f0 f00407b7 r 0f         f0040000  lui      x15, -0xffc0
#5419 0 800003f4 0387a783 r 0f         0000000e  lw       x15, 0x38(x15)
#5420 0 800003f8 f4f74ce3 r 00         00000000  blt      x14, x15, . - 0xa8
#5421 0 80000350 f00407b7 r 0f         f0040000  lui      x15, -0xffc0
#5422 0 80000354 0747a783 r 0f         0000000b  lw       x15, 0x74(x15)
#5423 0 80000358 f0040737 r 0e         f0040000  lui      x14, -0xffc0
#5424 0 8000035c 00070713 r 0e         f0040000  addi     x14, x14, 0x0
#5425 0 80000360     078a r 0f         0000002c  c.slli   x15, 2
#5426 0 80000362     97ba r 0f         f004002c  c.add    x15, x14
#5427 0 80000364     4398 r 0e         00000059  c.lw     x14, 0x0(x15)
#5428 0 80000366 fe842783 r 0f         0000000a  lw       x15, -0x18(x8)
#5429 0 8000036a 02f747b3 r 0f         00000008  div      x15, x14, x15
#5430 0 8000036e fef42223 m f0041074   00000008  sw       x15, -0x1c(x8)
#5431 0 80000372 f00407b7 r 0f         f0040000  lui      x15, -0xffc0
#5432 0 80000376 0747a783 r 0f         0000000b  lw       x15, 0x74(x15)
#5433 0 8000037a 00178713 r 0e         0000000c  addi     x14, x15, 0x1
#5434 0 8000037e f00407b7 r 0f         f0040000  lui      x15, -0xffc0
#5435 0 80000382 06e7ac23 m f0040078   0000000c  sw       x14, 0x78(x15)
#5436 0 80000386     a819 r 00         00000000  c.j      . + 0x16
#5437 0 8000039c f00407b7 r 0f         f0040000  lui      x15, -0xffc0
#5438 0 800003a0 0787a783 r 0f         0000000c  lw       x15, 0x78(x15)
#5439 0 800003a4 f0040737 r 0e         f0040000  lui      x14, -0xffc0
#5440 0 800003a8 00070713 r 0e         f0040000  addi     x14, x14, 0x0
#5441 0 800003ac     078a r 0f         00000030  c.slli   x15, 2
#5442 0 800003ae     97ba r 0f         f0040030  c.add    x15, x14
#5443 0 800003b0     4398 r 0e         00000058  c.lw     x14, 0x0(x15)
#5444 0 800003b2 fe842783 r 0f         0000000a  lw       x15, -0x18(x8)
#5445 0 800003b6 02f747b3 r 0f         00000008  div      x15, x14, x15
#5446 0 800003ba fe442703 r 0e         00000008  lw       x14, -0x1c(x8)
#5447 0 800003be fcf705e3 r 00         00000000  beq      x14, x15, . - 0x36
#5448 0 80000388 f00407b7 r 0f         f0040000  lui      x15, -0xffc0
#5449 0 8000038c 0787a783 r 0f         0000000c  lw       x15, 0x78(x15)
#5450 0 80000390 00178713 r 0e         0000000d  addi     x14, x15, 0x1
#5451 0 80000394 f00407b7 r 0f         f0040000  lui      x15, -0xffc0
#5452 0 80000398 06e7ac23 m f0040078   0000000d  sw       x14, 0x78(x15)
#5453 0 8000039c f00407b7 r 0f         f0040000  lui      x15, -0xffc0
#5454 0 800003a0 0787a783 r 0f         0000000d  lw       x15, 0x78(x15)
#5455 0 800003a4 f0040737 r 0e         f0040000  lui      x14, -0xffc0
#5456 0 800003a8 00070713 r 0e         f0040000  addi     x14, x14, 0x0
#5457 0 800003ac     078a r 0f         00000034  c.slli   x15, 2
#5458 0 800003ae     97ba r 0f         f0040034  c.add    x15, x14
#5459 0 800003b0     4398 r 0e         0000005a  c.lw     x14, 0x0(x15)
#5460 0 800003b2 fe842783 r 0f         0000000a  lw       x15, -0x18(x8)
#5461 0 800003b6 02f747b3 r 0f         00000009  div      x15, x14, x15
#5462 0 800003ba fe442703 r 0e         00000008  lw       x14, -0x1c(x8)
#5463 0 800003be fcf705e3 r 00         00000000  beq      x14, x15, . - 0x36
#5464 0 800003c2 f00407b7 r 0f         f0040000  lui      x15, -0xffc0
#5465 0 800003c6 0747a703 r 0e         0000000b  lw       x14, 0x74(x15)
#5466 0 800003ca f00407b7 r 0f         f0040000  lui      x15, -0xffc0
#5467 0 800003ce 0787a783 r 0f         0000000d  lw       x15, 0x78(x15)
#5468 0 800003d2     85be r 0b         0000000d  c.mv     x11, x15
#5469 0 800003d4     853a r 0a         0000000b  c.mv     x10, x14
#5470 0 800003d6     20a1 r 01         800003d8  c.jal    . + 0x48
#5471 0 8000041e     1101 r 02         f0041050  c.addi   x2, -0x20
#5472 0 80000420     ce22 m f004106c   f0041090  c.swsp   x8, 0x1c
#5473 0 80000422     1000 r 08         f0041070  c.addi4spn  x8, 0x8
#5474 0 80000424 fea42623 m f004105c   0000000b  sw       x10, -0x14(x8)
#5475 0 80000428 feb42423 m f0041058   0000000d  sw       x11, -0x18(x8)
#5476 0 8000042c f00407b7 r 0f         f0040000  lui      x15, -0xffc0
#5477 0 80000430 fec42703 r 0e         0000000b  lw       x14, -0x14(x8)
#5478 0 80000434 06e7aa23 m f0040074   0000000b  sw       x14, 0x74(x15)
#5479 0 80000438     aab1 r 00         00000000  c.j      . + 0x15c
#5480 0 80000594 fe842783 r 0f         0000000d  lw       x15, -0x18(x8)
#5481 0 80000598 fff78713 r 0e         0000000c  addi     x14, x15, -0x1
#5482 0 8000059c f00407b7 r 0f         f0040000  lui      x15, -0xffc0
#5483 0 800005a0 0747a783 r 0f         0000000b  lw       x15, 0x74(x15)
#5484 0 800005a4 e8e7cbe3 r 00         00000000  blt      x15, x14, . - 0x16a
#5485 0 8000043a f00407b7 r 0f         f0040000  lui      x15, -0xffc0
#5486 0 8000043e 0747a783 r 0f         0000000b  lw       x15, 0x74(x15)
#5487 0 80000442 00178713 r 0e         0000000c  addi     x14, x15, 0x1
#5488 0 80000446 f00407b7 r 0f         f0040000  lui      x15, -0xffc0
#5489 0 8000044a 06e7ac23 m f0040078   0000000c  sw       x14, 0x78(x15)
#5490 0 8000044e     a20d r 00         00000000  c.j      . + 0x122
#5491 0 80000570 f00407b7 r 0f         f0040000  lui      x15, -0xffc0
#5492 0 80000574 0787a783 r 0f         0000000c  lw       x15, 0x78(x15)
#5493 0 80000578 fe842703 r 0e         0000000d  lw       x14, -0x18(x8)
#5494 0 8000057c ece7cae3 r 00         00000000  blt      x15, x14, . - 0x12c
#5495 0 80000450 f00407b7 r 0f         f0040000  lui      x15, -0xffc0
#5496 0 80000454 0747a783 r 0f         0000000b  lw       x15, 0x74(x15)
#5497 0 80000458 f0040737 r 0e         f0040000  lui      x14, -0xffc0
#5498 0 8000045c 03c70713 r 0e         f004003c  addi     x14, x14, 0x3c
#5499 0 80000460     078a r 0f         0000002c  c.slli   x15, 2
#5500 0 80000462     97ba r 0f         f0040068  c.add    x15, x14
#5501 0 80000464     4398 r 0e         00000059  c.lw     x14, 0x0(x15)
#5502 0 80000466 f00407b7 r 0f         f0040000  lui      x15, -0xffc0
#5503 0 8000046a 0787a783 r 0f         0000000c  lw       x15, 0x78(x15)
#5504 0 8000046e f00406b7 r 0d         f0040000  lui      x13, -0xffc0
#5505 0 80000472 03c68693 r 0d         f004003c  addi     x13, x13, 0x3c
#5506 0 80000476     078a r 0f         00000030  c.slli   x15, 2
#5507 0 80000478     97b6 r 0f         f004006c  c.add    x15, x13
#5508 0 8000047a     439c r 0f         00000058  c.lw     x15, 0x0(x15)
#5509 0 8000047c 0ee7d063 r 00         00000000  bge      x15, x14, . + 0xe0
#5510 0 80000480 f00407b7 r 0f         f0040000  lui      x15, -0xffc0
#5511 0 80000484 0747a783 r 0f         0000000b  lw       x15, 0x74(x15)
#5512 0 80000488 f0040737 r 0e         f0040000  lui      x14, -0xffc0
#5513 0 8000048c 03c70713 r 0e         f004003c  addi     x14, x14, 0x3c
#5514 0 80000490     078a r 0f         0000002c  c.slli   x15, 2
#5515 0 80000492     97ba r 0f         f0040068  c.add    x15, x14
#5516 0 80000494     4398 r 0e         00000059  c.lw     x14, 0x0(x15)
#5517 0 80000496 f00407b7 r 0f         f0040000  lui      x15, -0xffc0
#5518 0 8000049a 06e7ae23 m f004007c   00000059  sw       x14, 0x7c(x15)
#5519 0 8000049e f00407b7 r 0f         f0040000  lui      x15, -0xffc0
#5520 0 800004a2 0787a703 r 0e         0000000c  lw       x14, 0x78(x15)
#5521 0 800004a6 f00407b7 r 0f         f0040000  lui      x15, -0xffc0
#5522 0 800004aa 0747a783 r 0f         0000000b  lw       x15, 0x74(x15)
#5523 0 800004ae f00406b7 r 0d         f0040000  lui      x13, -0xffc0
#5524 0 800004b2 03c68693 r 0d         f004003c  addi     x13, x13, 0x3c
#5525 0 800004b6     070a r 0e         00000030  c.slli   x14, 2
#5526 0 800004b8     9736 r 0e         f004006c  c.add    x14, x13
#5527 0 800004ba     4318 r 0e         00000058  c.lw     x14, 0x0(x14)
#5528 0 800004bc f00406b7 r 0d         f0040000  lui      x13, -0xffc0
#5529 0 800004c0 03c68693 r 0d         f004003c  addi     x13, x13, 0x3c
#5530 0 800004c4     078a r 0f         0000002c  c.slli   x15, 2
#5531 0 800004c6     97b6 r 0f         f0040068  c.add    x15, x13
#5532 0 800004c8     c398 m f0040068   00000058  c.sw     x14, 0x0(x15)
#5533 0 800004ca f00407b7 r 0f         f0040000  lui      x15, -0xffc0
#5534 0 800004ce 0787a783 r 0f         0000000c  lw       x15, 0x78(x15)
#5535 0 800004d2 f0040737 r 0e         f0040000  lui      x14, -0xffc0
#5536 0 800004d6 07c72703 r 0e         00000059  lw       x14, 0x7c(x14)
#5537 0 800004da f00406b7 r 0d         f0040000  lui      x13, -0xffc0
#5538 0 800004de 03c68693 r 0d         f004003c  addi     x13, x13, 0x3c
#5539 0 800004e2     078a r 0f         00000030  c.slli   x15, 2
#5540 0 800004e4     97b6 r 0f         f004006c  c.add    x15, x13
#5541 0 800004e6     c398 m f004006c   00000059  c.sw     x14, 0x0(x15)
#5542 0 800004e8 f00407b7 r 0f         f0040000  lui      x15, -0xffc0
#5543 0 800004ec 0747a783 r 0f         0000000b  lw       x15, 0x74(x15)
#5544 0 800004f0 f0040737 r 0e         f0040000  lui      x14, -0xffc0
#5545 0 800004f4 00070713 r 0e         f0040000  addi     x14, x14, 0x0
#5546 0 800004f8     078a r 0f         0000002c  c.slli   x15, 2
#5547 0 800004fa     97ba r 0f         f004002c  c.add    x15, x14
#5548 0 800004fc     4398 r 0e         00000059  c.lw     x14, 0x0(x15)
#5549 0 800004fe     47a9 r 0f         0000000a  c.li     x15, 0xa
#5550 0 80000500 02f76733 r 0e         00000009  rem      x14, x14, x15
#5551 0 80000504 f00407b7 r 0f         f0040000  lui      x15, -0xffc0
#5552 0 80000508 06e7ae23 m f004007c   00000009  sw       x14, 0x7c(x15)
#5553 0 8000050c f00407b7 r 0f         f0040000  lui      x15, -0xffc0
#5554 0 80000510 0787a783 r 0f         0000000c  lw       x15, 0x78(x15)
#5555 0 80000514 f0040737 r 0e         f0040000  lui      x14, -0xffc0
#5556 0 80000518 00070713 r 0e         f0040000  addi     x14, x14, 0x0
#5557 0 8000051c     078a r 0f         00000030  c.slli   x15, 2
#5558 0 8000051e     97ba r 0f         f0040030  c.add    x15, x14
#5559 0 80000520     4394 r 0d         00000058  c.lw     x13, 0x0(x15)
#5560 0 80000522 f00407b7 r 0f         f0040000  lui      x15, -0xffc0
#5561 0 80000526 0747a783 r 0f         0000000b  lw       x15, 0x74(x15)
#5562 0 8000052a     4729 r 0e         0000000a  c.li     x14, 0xa
#5563 0 8000052c 02e6e733 r 0e         00000008  rem      x14, x13, x14
#5564 0 80000530 f00406b7 r 0d         f0040000  lui      x13, -0xffc0
#5565 0 80000534 00068693 r 0d         f0040000  addi     x13, x13, 0x0
#5566 0 80000538     078a r 0f         0000002c  c.slli   x15, 2
#5567 0 8000053a     97b6 r 0f         f004002c  c.add    x15, x13
#5568 0 8000053c     c398 m f004002c   00000008  c.sw     x14, 0x0(x15)
#5569 0 8000053e f00407b7 r 0f         f0040000  lui      x15, -0xffc0
#5570 0 80000542 0787a783 r 0f         0000000c  lw       x15, 0x78(x15)
#5571 0 80000546 f0040737 r 0e         f0040000  lui      x14, -0xffc0
#5572 0 8000054a 07c72703 r 0e         00000009  lw       x14, 0x7c(x14)
#5573 0 8000054e f00406b7 r 0d         f0040000  lui      x13, -0xffc0
#5574 0 80000552 00068693 r 0d         f0040000  addi     x13, x13, 0x0
#5575 0 80000556     078a r 0f         00000030  c.slli   x15, 2
#5576 0 80000558     97b6 r 0f         f0040030  c.add    x15, x13
#5577 0 8000055a     c398 m f0040030   00000009  c.sw     x14, 0x0(x15)
#5578 0 8000055c f00407b7 r 0f         f0040000  lui      x15, -0xffc0
#5579 0 80000560 0787a783 r 0f         0000000c  lw       x15, 0x78(x15)
#5580 0 80000564 00178713 r 0e         0000000d  addi     x14, x15, 0x1
#5581 0 80000568 f00407b7 r 0f         f0040000  lui      x15, -0xffc0
#5582 0 8000056c 06e7ac23 m f0040078   0000000d  sw       x14, 0x78(x15)
#5583 0 80000570 f00407b7 r 0f         f0040000  lui      x15, -0xffc0
#5584 0 80000574 0787a783 r 0f         0000000d  lw       x15, 0x78(x15)
#5585 0 80000578 fe842703 r 0e         0000000d  lw       x14, -0x18(x8)
#5586 0 8000057c ece7cae3 r 00         00000000  blt      x15, x14, . - 0x12c
#5587 0 80000580 f00407b7 r 0f         f0040000  lui      x15, -0xffc0
#5588 0 80000584 0747a783 r 0f         0000000b  lw       x15, 0x74(x15)
#5589 0 80000588 00178713 r 0e         0000000c  addi     x14, x15, 0x1
#5590 0 8000058c f00407b7 r 0f         f0040000  lui      x15, -0xffc0
#5591 0 80000590 06e7aa23 m f0040074   0000000c  sw       x14, 0x74(x15)
#5592 0 80000594 fe842783 r 0f         0000000d  lw       x15, -0x18(x8)
#5593 0 80000598 fff78713 r 0e         0000000c  addi     x14, x15, -0x1
#5594 0 8000059c f00407b7 r 0f         f0040000  lui      x15, -0xffc0
#5595 0 800005a0 0747a783 r 0f         0000000c  lw       x15, 0x74(x15)
#5596 0 800005a4 e8e7cbe3 r 00         00000000  blt      x15, x14, . - 0x16a
#5597 0 800005a8     0001 r 00         00000000  c.nop
#5598 0 800005aa     0001 r 00         00000000  c.nop
#5599 0 800005ac     4472 r 08         f0041090  c.lwsp   x8, 0x1c
#5600 0 800005ae     6105 r 02         f0041070  c.addi16sp 0x2
#5601 0 800005b0     8082 r 00         00000000  c.jr     x1
#5602 0 800003d8 f00407b7 r 0f         f0040000  lui      x15, -0xffc0
#5603 0 800003dc 0787a703 r 0e         0000000d  lw       x14, 0x78(x15)
#5604 0 800003e0 f00407b7 r 0f         f0040000  lui      x15, -0xffc0
#5605 0 800003e4 06e7aa23 m f0040074   0000000d  sw       x14, 0x74(x15)
#5606 0 800003e8 f00407b7 r 0f         f0040000  lui      x15, -0xffc0
#5607 0 800003ec 0747a703 r 0e         0000000d  lw       x14, 0x74(x15)
#5608 0 800003f0 f00407b7 r 0f         f0040000  lui      x15, -0xffc0
#5609 0 800003f4 0387a783 r 0f         0000000e  lw       x15, 0x38(x15)
#5610 0 800003f8 f4f74ce3 r 00         00000000  blt      x14, x15, . - 0xa8
#5611 0 80000350 f00407b7 r 0f         f0040000  lui      x15, -0xffc0
#5612 0 80000354 0747a783 r 0f         0000000d  lw       x15, 0x74(x15)
#5613 0 80000358 f0040737 r 0e         f0040000  lui      x14, -0xffc0
#5614 0 8000035c 00070713 r 0e         f0040000  addi     x14, x14, 0x0
#5615 0 80000360     078a r 0f         00000034  c.slli   x15, 2
#5616 0 80000362     97ba r 0f         f0040034  c.add    x15, x14
#5617 0 80000364     4398 r 0e         0000005a  c.lw     x14, 0x0(x15)
#5618 0 80000366 fe842783 r 0f         0000000a  lw       x15, -0x18(x8)
#5619 0 8000036a 02f747b3 r 0f         00000009  div      x15, x14, x15
#5620 0 8000036e fef42223 m f0041074   00000009  sw       x15, -0x1c(x8)
#5621 0 80000372 f00407b7 r 0f         f0040000  lui      x15, -0xffc0
#5622 0 80000376 0747a783 r 0f         0000000d  lw       x15, 0x74(x15)
#5623 0 8000037a 00178713 r 0e         0000000e  addi     x14, x15, 0x1
#5624 0 8000037e f00407b7 r 0f         f0040000  lui      x15, -0xffc0
#5625 0 80000382 06e7ac23 m f0040078   0000000e  sw       x14, 0x78(x15)
#5626 0 80000386     a819 r 00         00000000  c.j      . + 0x16
#5627 0 8000039c f00407b7 r 0f         f0040000  lui      x15, -0xffc0
#5628 0 800003a0 0787a783 r 0f         0000000e  lw       x15, 0x78(x15)
#5629 0 800003a4 f0040737 r 0e         f0040000  lui      x14, -0xffc0
#5630 0 800003a8 00070713 r 0e         f0040000  addi     x14, x14, 0x0
#5631 0 800003ac     078a r 0f         00000038  c.slli   x15, 2
#5632 0 800003ae     97ba r 0f         f0040038  c.add    x15, x14
#5633 0 800003b0     4398 r 0e         0000000e  c.lw     x14, 0x0(x15)
#5634 0 800003b2 fe842783 r 0f         0000000a  lw       x15, -0x18(x8)
#5635 0 800003b6 02f747b3 r 0f         00000001  div      x15, x14, x15
#5636 0 800003ba fe442703 r 0e         00000009  lw       x14, -0x1c(x8)
#5637 0 800003be fcf705e3 r 00         00000000  beq      x14, x15, . - 0x36
#5638 0 800003c2 f00407b7 r 0f         f0040000  lui      x15, -0xffc0
#5639 0 800003c6 0747a703 r 0e         0000000d  lw       x14, 0x74(x15)
#5640 0 800003ca f00407b7 r 0f         f0040000  lui      x15, -0xffc0
#5641 0 800003ce 0787a783 r 0f         0000000e  lw       x15, 0x78(x15)
#5642 0 800003d2     85be r 0b         0000000e  c.mv     x11, x15
#5643 0 800003d4     853a r 0a         0000000d  c.mv     x10, x14
#5644 0 800003d6     20a1 r 01         800003d8  c.jal    . + 0x48
#5645 0 8000041e     1101 r 02         f0041050  c.addi   x2, -0x20
#5646 0 80000420     ce22 m f004106c   f0041090  c.swsp   x8, 0x1c
#5647 0 80000422     1000 r 08         f0041070  c.addi4spn  x8, 0x8
#5648 0 80000424 fea42623 m f004105c   0000000d  sw       x10, -0x14(x8)
#5649 0 80000428 feb42423 m f0041058   0000000e  sw       x11, -0x18(x8)
#5650 0 8000042c f00407b7 r 0f         f0040000  lui      x15, -0xffc0
#5651 0 80000430 fec42703 r 0e         0000000d  lw       x14, -0x14(x8)
#5652 0 80000434 06e7aa23 m f0040074   0000000d  sw       x14, 0x74(x15)
#5653 0 80000438     aab1 r 00         00000000  c.j      . + 0x15c
#5654 0 80000594 fe842783 r 0f         0000000e  lw       x15, -0x18(x8)
#5655 0 80000598 fff78713 r 0e         0000000d  addi     x14, x15, -0x1
#5656 0 8000059c f00407b7 r 0f         f0040000  lui      x15, -0xffc0
#5657 0 800005a0 0747a783 r 0f         0000000d  lw       x15, 0x74(x15)
#5658 0 800005a4 e8e7cbe3 r 00         00000000  blt      x15, x14, . - 0x16a
#5659 0 800005a8     0001 r 00         00000000  c.nop
#5660 0 800005aa     0001 r 00         00000000  c.nop
#5661 0 800005ac     4472 r 08         f0041090  c.lwsp   x8, 0x1c
#5662 0 800005ae     6105 r 02         f0041070  c.addi16sp 0x2
#5663 0 800005b0     8082 r 00         00000000  c.jr     x1
#5664 0 800003d8 f00407b7 r 0f         f0040000  lui      x15, -0xffc0
#5665 0 800003dc 0787a703 r 0e         0000000e  lw       x14, 0x78(x15)
#5666 0 800003e0 f00407b7 r 0f         f0040000  lui      x15, -0xffc0
#5667 0 800003e4 06e7aa23 m f0040074   0000000e  sw       x14, 0x74(x15)
#5668 0 800003e8 f00407b7 r 0f         f0040000  lui      x15, -0xffc0
#5669 0 800003ec 0747a703 r 0e         0000000e  lw       x14, 0x74(x15)
#5670 0 800003f0 f00407b7 r 0f         f0040000  lui      x15, -0xffc0
#5671 0 800003f4 0387a783 r 0f         0000000e  lw       x15, 0x38(x15)
#5672 0 800003f8 f4f74ce3 r 00         00000000  blt      x14, x15, . - 0xa8
#5673 0 800003fc fe842703 r 0e         0000000a  lw       x14, -0x18(x8)
#5674 0 80000400     47a9 r 0f         0000000a  c.li     x15, 0xa
#5675 0 80000402 02f747b3 r 0f         00000001  div      x15, x14, x15
#5676 0 80000406 fef42423 m f0041078   00000001  sw       x15, -0x18(x8)
#5677 0 8000040a fe842783 r 0f         00000001  lw       x15, -0x18(x8)
#5678 0 8000040e f2f04ce3 r 00         00000000  blt      x0, x15, . - 0xc8
#5679 0 80000346 f00407b7 r 0f         f0040000  lui      x15, -0xffc0
#5680 0 8000034a 0607aa23 m f0040074   00000000  sw       x0, 0x74(x15)
#5681 0 8000034e     a869 r 00         00000000  c.j      . + 0x9a
#5682 0 800003e8 f00407b7 r 0f         f0040000  lui      x15, -0xffc0
#5683 0 800003ec 0747a703 r 0e         00000000  lw       x14, 0x74(x15)
#5684 0 800003f0 f00407b7 r 0f         f0040000  lui      x15, -0xffc0
#5685 0 800003f4 0387a783 r 0f         0000000e  lw       x15, 0x38(x15)
#5686 0 800003f8 f4f74ce3 r 00         00000000  blt      x14, x15, . - 0xa8
#5687 0 80000350 f00407b7 r 0f         f0040000  lui      x15, -0xffc0
#5688 0 80000354 0747a783 r 0f         00000000  lw       x15, 0x74(x15)
#5689 0 80000358 f0040737 r 0e         f0040000  lui      x14, -0xffc0
#5690 0 8000035c 00070713 r 0e         f0040000  addi     x14, x14, 0x0
#5691 0 80000360     078a r 0f         00000000  c.slli   x15, 2
#5692 0 80000362     97ba r 0f         f0040000  c.add    x15, x14
#5693 0 80000364     4398 r 0e         00000001  c.lw     x14, 0x0(x15)
#5694 0 80000366 fe842783 r 0f         00000001  lw       x15, -0x18(x8)
#5695 0 8000036a 02f747b3 r 0f         00000001  div      x15, x14, x15
#5696 0 8000036e fef42223 m f0041074   00000001  sw       x15, -0x1c(x8)
#5697 0 80000372 f00407b7 r 0f         f0040000  lui      x15, -0xffc0
#5698 0 80000376 0747a783 r 0f         00000000  lw       x15, 0x74(x15)
#5699 0 8000037a 00178713 r 0e         00000001  addi     x14, x15, 0x1
#5700 0 8000037e f00407b7 r 0f         f0040000  lui      x15, -0xffc0
#5701 0 80000382 06e7ac23 m f0040078   00000001  sw       x14, 0x78(x15)
#5702 0 80000386     a819 r 00         00000000  c.j      . + 0x16
#5703 0 8000039c f00407b7 r 0f         f0040000  lui      x15, -0xffc0
#5704 0 800003a0 0787a783 r 0f         00000001  lw       x15, 0x78(x15)
#5705 0 800003a4 f0040737 r 0e         f0040000  lui      x14, -0xffc0
#5706 0 800003a8 00070713 r 0e         f0040000  addi     x14, x14, 0x0
#5707 0 800003ac     078a r 0f         00000004  c.slli   x15, 2
#5708 0 800003ae     97ba r 0f         f0040004  c.add    x15, x14
#5709 0 800003b0     4398 r 0e         00000002  c.lw     x14, 0x0(x15)
#5710 0 800003b2 fe842783 r 0f         00000001  lw       x15, -0x18(x8)
#5711 0 800003b6 02f747b3 r 0f         00000002  div      x15, x14, x15
#5712 0 800003ba fe442703 r 0e         00000001  lw       x14, -0x1c(x8)
#5713 0 800003be fcf705e3 r 00         00000000  beq      x14, x15, . - 0x36
#5714 0 800003c2 f00407b7 r 0f         f0040000  lui      x15, -0xffc0
#5715 0 800003c6 0747a703 r 0e         00000000  lw       x14, 0x74(x15)
#5716 0 800003ca f00407b7 r 0f         f0040000  lui      x15, -0xffc0
#5717 0 800003ce 0787a783 r 0f         00000001  lw       x15, 0x78(x15)
#5718 0 800003d2     85be r 0b         00000001  c.mv     x11, x15
#5719 0 800003d4     853a r 0a         00000000  c.mv     x10, x14
#5720 0 800003d6     20a1 r 01         800003d8  c.jal    . + 0x48
#5721 0 8000041e     1101 r 02         f0041050  c.addi   x2, -0x20
#5722 0 80000420     ce22 m f004106c   f0041090  c.swsp   x8, 0x1c
#5723 0 80000422     1000 r 08         f0041070  c.addi4spn  x8, 0x8
#5724 0 80000424 fea42623 m f004105c   00000000  sw       x10, -0x14(x8)
#5725 0 80000428 feb42423 m f0041058   00000001  sw       x11, -0x18(x8)
#5726 0 8000042c f00407b7 r 0f         f0040000  lui      x15, -0xffc0
#5727 0 80000430 fec42703 r 0e         00000000  lw       x14, -0x14(x8)
#5728 0 80000434 06e7aa23 m f0040074   00000000  sw       x14, 0x74(x15)
#5729 0 80000438     aab1 r 00         00000000  c.j      . + 0x15c
#5730 0 80000594 fe842783 r 0f         00000001  lw       x15, -0x18(x8)
#5731 0 80000598 fff78713 r 0e         00000000  addi     x14, x15, -0x1
#5732 0 8000059c f00407b7 r 0f         f0040000  lui      x15, -0xffc0
#5733 0 800005a0 0747a783 r 0f         00000000  lw       x15, 0x74(x15)
#5734 0 800005a4 e8e7cbe3 r 00         00000000  blt      x15, x14, . - 0x16a
#5735 0 800005a8     0001 r 00         00000000  c.nop
#5736 0 800005aa     0001 r 00         00000000  c.nop
#5737 0 800005ac     4472 r 08         f0041090  c.lwsp   x8, 0x1c
#5738 0 800005ae     6105 r 02         f0041070  c.addi16sp 0x2
#5739 0 800005b0     8082 r 00         00000000  c.jr     x1
#5740 0 800003d8 f00407b7 r 0f         f0040000  lui      x15, -0xffc0
#5741 0 800003dc 0787a703 r 0e         00000001  lw       x14, 0x78(x15)
#5742 0 800003e0 f00407b7 r 0f         f0040000  lui      x15, -0xffc0
#5743 0 800003e4 06e7aa23 m f0040074   00000001  sw       x14, 0x74(x15)
#5744 0 800003e8 f00407b7 r 0f         f0040000  lui      x15, -0xffc0
#5745 0 800003ec 0747a703 r 0e         00000001  lw       x14, 0x74(x15)
#5746 0 800003f0 f00407b7 r 0f         f0040000  lui      x15, -0xffc0
#5747 0 800003f4 0387a783 r 0f         0000000e  lw       x15, 0x38(x15)
#5748 0 800003f8 f4f74ce3 r 00         00000000  blt      x14, x15, . - 0xa8
#5749 0 80000350 f00407b7 r 0f         f0040000  lui      x15, -0xffc0
#5750 0 80000354 0747a783 r 0f         00000001  lw       x15, 0x74(x15)
#5751 0 80000358 f0040737 r 0e         f0040000  lui      x14, -0xffc0
#5752 0 8000035c 00070713 r 0e         f0040000  addi     x14, x14, 0x0
#5753 0 80000360     078a r 0f         00000004  c.slli   x15, 2
#5754 0 80000362     97ba r 0f         f0040004  c.add    x15, x14
#5755 0 80000364     4398 r 0e         00000002  c.lw     x14, 0x0(x15)
#5756 0 80000366 fe842783 r 0f         00000001  lw       x15, -0x18(x8)
#5757 0 8000036a 02f747b3 r 0f         00000002  div      x15, x14, x15
#5758 0 8000036e fef42223 m f0041074   00000002  sw       x15, -0x1c(x8)
#5759 0 80000372 f00407b7 r 0f         f0040000  lui      x15, -0xffc0
#5760 0 80000376 0747a783 r 0f         00000001  lw       x15, 0x74(x15)
#5761 0 8000037a 00178713 r 0e         00000002  addi     x14, x15, 0x1
#5762 0 8000037e f00407b7 r 0f         f0040000  lui      x15, -0xffc0
#5763 0 80000382 06e7ac23 m f0040078   00000002  sw       x14, 0x78(x15)
#5764 0 80000386     a819 r 00         00000000  c.j      . + 0x16
#5765 0 8000039c f00407b7 r 0f         f0040000  lui      x15, -0xffc0
#5766 0 800003a0 0787a783 r 0f         00000002  lw       x15, 0x78(x15)
#5767 0 800003a4 f0040737 r 0e         f0040000  lui      x14, -0xffc0
#5768 0 800003a8 00070713 r 0e         f0040000  addi     x14, x14, 0x0
#5769 0 800003ac     078a r 0f         00000008  c.slli   x15, 2
#5770 0 800003ae     97ba r 0f         f0040008  c.add    x15, x14
#5771 0 800003b0     4398 r 0e         00000017  c.lw     x14, 0x0(x15)
#5772 0 800003b2 fe842783 r 0f         00000001  lw       x15, -0x18(x8)
#5773 0 800003b6 02f747b3 r 0f         00000017  div      x15, x14, x15
#5774 0 800003ba fe442703 r 0e         00000002  lw       x14, -0x1c(x8)
#5775 0 800003be fcf705e3 r 00         00000000  beq      x14, x15, . - 0x36
#5776 0 800003c2 f00407b7 r 0f         f0040000  lui      x15, -0xffc0
#5777 0 800003c6 0747a703 r 0e         00000001  lw       x14, 0x74(x15)
#5778 0 800003ca f00407b7 r 0f         f0040000  lui      x15, -0xffc0
#5779 0 800003ce 0787a783 r 0f         00000002  lw       x15, 0x78(x15)
#5780 0 800003d2     85be r 0b         00000002  c.mv     x11, x15
#5781 0 800003d4     853a r 0a         00000001  c.mv     x10, x14
#5782 0 800003d6     20a1 r 01         800003d8  c.jal    . + 0x48
#5783 0 8000041e     1101 r 02         f0041050  c.addi   x2, -0x20
#5784 0 80000420     ce22 m f004106c   f0041090  c.swsp   x8, 0x1c
#5785 0 80000422     1000 r 08         f0041070  c.addi4spn  x8, 0x8
#5786 0 80000424 fea42623 m f004105c   00000001  sw       x10, -0x14(x8)
#5787 0 80000428 feb42423 m f0041058   00000002  sw       x11, -0x18(x8)
#5788 0 8000042c f00407b7 r 0f         f0040000  lui      x15, -0xffc0
#5789 0 80000430 fec42703 r 0e         00000001  lw       x14, -0x14(x8)
#5790 0 80000434 06e7aa23 m f0040074   00000001  sw       x14, 0x74(x15)
#5791 0 80000438     aab1 r 00         00000000  c.j      . + 0x15c
#5792 0 80000594 fe842783 r 0f         00000002  lw       x15, -0x18(x8)
#5793 0 80000598 fff78713 r 0e         00000001  addi     x14, x15, -0x1
#5794 0 8000059c f00407b7 r 0f         f0040000  lui      x15, -0xffc0
#5795 0 800005a0 0747a783 r 0f         00000001  lw       x15, 0x74(x15)
#5796 0 800005a4 e8e7cbe3 r 00         00000000  blt      x15, x14, . - 0x16a
#5797 0 800005a8     0001 r 00         00000000  c.nop
#5798 0 800005aa     0001 r 00         00000000  c.nop
#5799 0 800005ac     4472 r 08         f0041090  c.lwsp   x8, 0x1c
#5800 0 800005ae     6105 r 02         f0041070  c.addi16sp 0x2
#5801 0 800005b0     8082 r 00         00000000  c.jr     x1
#5802 0 800003d8 f00407b7 r 0f         f0040000  lui      x15, -0xffc0
#5803 0 800003dc 0787a703 r 0e         00000002  lw       x14, 0x78(x15)
#5804 0 800003e0 f00407b7 r 0f         f0040000  lui      x15, -0xffc0
#5805 0 800003e4 06e7aa23 m f0040074   00000002  sw       x14, 0x74(x15)
#5806 0 800003e8 f00407b7 r 0f         f0040000  lui      x15, -0xffc0
#5807 0 800003ec 0747a703 r 0e         00000002  lw       x14, 0x74(x15)
#5808 0 800003f0 f00407b7 r 0f         f0040000  lui      x15, -0xffc0
#5809 0 800003f4 0387a783 r 0f         0000000e  lw       x15, 0x38(x15)
#5810 0 800003f8 f4f74ce3 r 00         00000000  blt      x14, x15, . - 0xa8
#5811 0 80000350 f00407b7 r 0f         f0040000  lui      x15, -0xffc0
#5812 0 80000354 0747a783 r 0f         00000002  lw       x15, 0x74(x15)
#5813 0 80000358 f0040737 r 0e         f0040000  lui      x14, -0xffc0
#5814 0 8000035c 00070713 r 0e         f0040000  addi     x14, x14, 0x0
#5815 0 80000360     078a r 0f         00000008  c.slli   x15, 2
#5816 0 80000362     97ba r 0f         f0040008  c.add    x15, x14
#5817 0 80000364     4398 r 0e         00000017  c.lw     x14, 0x0(x15)
#5818 0 80000366 fe842783 r 0f         00000001  lw       x15, -0x18(x8)
#5819 0 8000036a 02f747b3 r 0f         00000017  div      x15, x14, x15
#5820 0 8000036e fef42223 m f0041074   00000017  sw       x15, -0x1c(x8)
#5821 0 80000372 f00407b7 r 0f         f0040000  lui      x15, -0xffc0
#5822 0 80000376 0747a783 r 0f         00000002  lw       x15, 0x74(x15)
#5823 0 8000037a 00178713 r 0e         00000003  addi     x14, x15, 0x1
#5824 0 8000037e f00407b7 r 0f         f0040000  lui      x15, -0xffc0
#5825 0 80000382 06e7ac23 m f0040078   00000003  sw       x14, 0x78(x15)
#5826 0 80000386     a819 r 00         00000000  c.j      . + 0x16
#5827 0 8000039c f00407b7 r 0f         f0040000  lui      x15, -0xffc0
#5828 0 800003a0 0787a783 r 0f         00000003  lw       x15, 0x78(x15)
#5829 0 800003a4 f0040737 r 0e         f0040000  lui      x14, -0xffc0
#5830 0 800003a8 00070713 r 0e         f0040000  addi     x14, x14, 0x0
#5831 0 800003ac     078a r 0f         0000000c  c.slli   x15, 2
#5832 0 800003ae     97ba r 0f         f004000c  c.add    x15, x14
#5833 0 800003b0     4398 r 0e         00000022  c.lw     x14, 0x0(x15)
#5834 0 800003b2 fe842783 r 0f         00000001  lw       x15, -0x18(x8)
#5835 0 800003b6 02f747b3 r 0f         00000022  div      x15, x14, x15
#5836 0 800003ba fe442703 r 0e         00000017  lw       x14, -0x1c(x8)
#5837 0 800003be fcf705e3 r 00         00000000  beq      x14, x15, . - 0x36
#5838 0 800003c2 f00407b7 r 0f         f0040000  lui      x15, -0xffc0
#5839 0 800003c6 0747a703 r 0e         00000002  lw       x14, 0x74(x15)
#5840 0 800003ca f00407b7 r 0f         f0040000  lui      x15, -0xffc0
#5841 0 800003ce 0787a783 r 0f         00000003  lw       x15, 0x78(x15)
#5842 0 800003d2     85be r 0b         00000003  c.mv     x11, x15
#5843 0 800003d4     853a r 0a         00000002  c.mv     x10, x14
#5844 0 800003d6     20a1 r 01         800003d8  c.jal    . + 0x48
#5845 0 8000041e     1101 r 02         f0041050  c.addi   x2, -0x20
#5846 0 80000420     ce22 m f004106c   f0041090  c.swsp   x8, 0x1c
#5847 0 80000422     1000 r 08         f0041070  c.addi4spn  x8, 0x8
#5848 0 80000424 fea42623 m f004105c   00000002  sw       x10, -0x14(x8)
#5849 0 80000428 feb42423 m f0041058   00000003  sw       x11, -0x18(x8)
#5850 0 8000042c f00407b7 r 0f         f0040000  lui      x15, -0xffc0
#5851 0 80000430 fec42703 r 0e         00000002  lw       x14, -0x14(x8)
#5852 0 80000434 06e7aa23 m f0040074   00000002  sw       x14, 0x74(x15)
#5853 0 80000438     aab1 r 00         00000000  c.j      . + 0x15c
#5854 0 80000594 fe842783 r 0f         00000003  lw       x15, -0x18(x8)
#5855 0 80000598 fff78713 r 0e         00000002  addi     x14, x15, -0x1
#5856 0 8000059c f00407b7 r 0f         f0040000  lui      x15, -0xffc0
#5857 0 800005a0 0747a783 r 0f         00000002  lw       x15, 0x74(x15)
#5858 0 800005a4 e8e7cbe3 r 00         00000000  blt      x15, x14, . - 0x16a
#5859 0 800005a8     0001 r 00         00000000  c.nop
#5860 0 800005aa     0001 r 00         00000000  c.nop
#5861 0 800005ac     4472 r 08         f0041090  c.lwsp   x8, 0x1c
#5862 0 800005ae     6105 r 02         f0041070  c.addi16sp 0x2
#5863 0 800005b0     8082 r 00         00000000  c.jr     x1
#5864 0 800003d8 f00407b7 r 0f         f0040000  lui      x15, -0xffc0
#5865 0 800003dc 0787a703 r 0e         00000003  lw       x14, 0x78(x15)
#5866 0 800003e0 f00407b7 r 0f         f0040000  lui      x15, -0xffc0
#5867 0 800003e4 06e7aa23 m f0040074   00000003  sw       x14, 0x74(x15)
#5868 0 800003e8 f00407b7 r 0f         f0040000  lui      x15, -0xffc0
#5869 0 800003ec 0747a703 r 0e         00000003  lw       x14, 0x74(x15)
#5870 0 800003f0 f00407b7 r 0f         f0040000  lui      x15, -0xffc0
#5871 0 800003f4 0387a783 r 0f         0000000e  lw       x15, 0x38(x15)
#5872 0 800003f8 f4f74ce3 r 00         00000000  blt      x14, x15, . - 0xa8
#5873 0 80000350 f00407b7 r 0f         f0040000  lui      x15, -0xffc0
#5874 0 80000354 0747a783 r 0f         00000003  lw       x15, 0x74(x15)
#5875 0 80000358 f0040737 r 0e         f0040000  lui      x14, -0xffc0
#5876 0 8000035c 00070713 r 0e         f0040000  addi     x14, x14, 0x0
#5877 0 80000360     078a r 0f         0000000c  c.slli   x15, 2
#5878 0 80000362     97ba r 0f         f004000c  c.add    x15, x14
#5879 0 80000364     4398 r 0e         00000022  c.lw     x14, 0x0(x15)
#5880 0 80000366 fe842783 r 0f         00000001  lw       x15, -0x18(x8)
#5881 0 8000036a 02f747b3 r 0f         00000022  div      x15, x14, x15
#5882 0 8000036e fef42223 m f0041074   00000022  sw       x15, -0x1c(x8)
#5883 0 80000372 f00407b7 r 0f         f0040000  lui      x15, -0xffc0
#5884 0 80000376 0747a783 r 0f         00000003  lw       x15, 0x74(x15)
#5885 0 8000037a 00178713 r 0e         00000004  addi     x14, x15, 0x1
#5886 0 8000037e f00407b7 r 0f         f0040000  lui      x15, -0xffc0
#5887 0 80000382 06e7ac23 m f0040078   00000004  sw       x14, 0x78(x15)
#5888 0 80000386     a819 r 00         00000000  c.j      . + 0x16
#5889 0 8000039c f00407b7 r 0f         f0040000  lui      x15, -0xffc0
#5890 0 800003a0 0787a783 r 0f         00000004  lw       x15, 0x78(x15)
#5891 0 800003a4 f0040737 r 0e         f0040000  lui      x14, -0xffc0
#5892 0 800003a8 00070713 r 0e         f0040000  addi     x14, x14, 0x0
#5893 0 800003ac     078a r 0f         00000010  c.slli   x15, 2
#5894 0 800003ae     97ba r 0f         f0040010  c.add    x15, x14
#5895 0 800003b0     4398 r 0e         0000002c  c.lw     x14, 0x0(x15)
#5896 0 800003b2 fe842783 r 0f         00000001  lw       x15, -0x18(x8)
#5897 0 800003b6 02f747b3 r 0f         0000002c  div      x15, x14, x15
#5898 0 800003ba fe442703 r 0e         00000022  lw       x14, -0x1c(x8)
#5899 0 800003be fcf705e3 r 00         00000000  beq      x14, x15, . - 0x36
#5900 0 800003c2 f00407b7 r 0f         f0040000  lui      x15, -0xffc0
#5901 0 800003c6 0747a703 r 0e         00000003  lw       x14, 0x74(x15)
#5902 0 800003ca f00407b7 r 0f         f0040000  lui      x15, -0xffc0
#5903 0 800003ce 0787a783 r 0f         00000004  lw       x15, 0x78(x15)
#5904 0 800003d2     85be r 0b         00000004  c.mv     x11, x15
#5905 0 800003d4     853a r 0a         00000003  c.mv     x10, x14
#5906 0 800003d6     20a1 r 01         800003d8  c.jal    . + 0x48
#5907 0 8000041e     1101 r 02         f0041050  c.addi   x2, -0x20
#5908 0 80000420     ce22 m f004106c   f0041090  c.swsp   x8, 0x1c
#5909 0 80000422     1000 r 08         f0041070  c.addi4spn  x8, 0x8
#5910 0 80000424 fea42623 m f004105c   00000003  sw       x10, -0x14(x8)
#5911 0 80000428 feb42423 m f0041058   00000004  sw       x11, -0x18(x8)
#5912 0 8000042c f00407b7 r 0f         f0040000  lui      x15, -0xffc0
#5913 0 80000430 fec42703 r 0e         00000003  lw       x14, -0x14(x8)
#5914 0 80000434 06e7aa23 m f0040074   00000003  sw       x14, 0x74(x15)
#5915 0 80000438     aab1 r 00         00000000  c.j      . + 0x15c
#5916 0 80000594 fe842783 r 0f         00000004  lw       x15, -0x18(x8)
#5917 0 80000598 fff78713 r 0e         00000003  addi     x14, x15, -0x1
#5918 0 8000059c f00407b7 r 0f         f0040000  lui      x15, -0xffc0
#5919 0 800005a0 0747a783 r 0f         00000003  lw       x15, 0x74(x15)
#5920 0 800005a4 e8e7cbe3 r 00         00000000  blt      x15, x14, . - 0x16a
#5921 0 800005a8     0001 r 00         00000000  c.nop
#5922 0 800005aa     0001 r 00         00000000  c.nop
#5923 0 800005ac     4472 r 08         f0041090  c.lwsp   x8, 0x1c
#5924 0 800005ae     6105 r 02         f0041070  c.addi16sp 0x2
#5925 0 800005b0     8082 r 00         00000000  c.jr     x1
#5926 0 800003d8 f00407b7 r 0f         f0040000  lui      x15, -0xffc0
#5927 0 800003dc 0787a703 r 0e         00000004  lw       x14, 0x78(x15)
#5928 0 800003e0 f00407b7 r 0f         f0040000  lui      x15, -0xffc0
#5929 0 800003e4 06e7aa23 m f0040074   00000004  sw       x14, 0x74(x15)
#5930 0 800003e8 f00407b7 r 0f         f0040000  lui      x15, -0xffc0
#5931 0 800003ec 0747a703 r 0e         00000004  lw       x14, 0x74(x15)
#5932 0 800003f0 f00407b7 r 0f         f0040000  lui      x15, -0xffc0
#5933 0 800003f4 0387a783 r 0f         0000000e  lw       x15, 0x38(x15)
#5934 0 800003f8 f4f74ce3 r 00         00000000  blt      x14, x15, . - 0xa8
#5935 0 80000350 f00407b7 r 0f         f0040000  lui      x15, -0xffc0
#5936 0 80000354 0747a783 r 0f         00000004  lw       x15, 0x74(x15)
#5937 0 80000358 f0040737 r 0e         f0040000  lui      x14, -0xffc0
#5938 0 8000035c 00070713 r 0e         f0040000  addi     x14, x14, 0x0
#5939 0 80000360     078a r 0f         00000010  c.slli   x15, 2
#5940 0 80000362     97ba r 0f         f0040010  c.add    x15, x14
#5941 0 80000364     4398 r 0e         0000002c  c.lw     x14, 0x0(x15)
#5942 0 80000366 fe842783 r 0f         00000001  lw       x15, -0x18(x8)
#5943 0 8000036a 02f747b3 r 0f         0000002c  div      x15, x14, x15
#5944 0 8000036e fef42223 m f0041074   0000002c  sw       x15, -0x1c(x8)
#5945 0 80000372 f00407b7 r 0f         f0040000  lui      x15, -0xffc0
#5946 0 80000376 0747a783 r 0f         00000004  lw       x15, 0x74(x15)
#5947 0 8000037a 00178713 r 0e         00000005  addi     x14, x15, 0x1
#5948 0 8000037e f00407b7 r 0f         f0040000  lui      x15, -0xffc0
#5949 0 80000382 06e7ac23 m f0040078   00000005  sw       x14, 0x78(x15)
#5950 0 80000386     a819 r 00         00000000  c.j      . + 0x16
#5951 0 8000039c f00407b7 r 0f         f0040000  lui      x15, -0xffc0
#5952 0 800003a0 0787a783 r 0f         00000005  lw       x15, 0x78(x15)
#5953 0 800003a4 f0040737 r 0e         f0040000  lui      x14, -0xffc0
#5954 0 800003a8 00070713 r 0e         f0040000  addi     x14, x14, 0x0
#5955 0 800003ac     078a r 0f         00000014  c.slli   x15, 2
#5956 0 800003ae     97ba r 0f         f0040014  c.add    x15, x14
#5957 0 800003b0     4398 r 0e         0000002d  c.lw     x14, 0x0(x15)
#5958 0 800003b2 fe842783 r 0f         00000001  lw       x15, -0x18(x8)
#5959 0 800003b6 02f747b3 r 0f         0000002d  div      x15, x14, x15
#5960 0 800003ba fe442703 r 0e         0000002c  lw       x14, -0x1c(x8)
#5961 0 800003be fcf705e3 r 00         00000000  beq      x14, x15, . - 0x36
#5962 0 800003c2 f00407b7 r 0f         f0040000  lui      x15, -0xffc0
#5963 0 800003c6 0747a703 r 0e         00000004  lw       x14, 0x74(x15)
#5964 0 800003ca f00407b7 r 0f         f0040000  lui      x15, -0xffc0
#5965 0 800003ce 0787a783 r 0f         00000005  lw       x15, 0x78(x15)
#5966 0 800003d2     85be r 0b         00000005  c.mv     x11, x15
#5967 0 800003d4     853a r 0a         00000004  c.mv     x10, x14
#5968 0 800003d6     20a1 r 01         800003d8  c.jal    . + 0x48
#5969 0 8000041e     1101 r 02         f0041050  c.addi   x2, -0x20
#5970 0 80000420     ce22 m f004106c   f0041090  c.swsp   x8, 0x1c
#5971 0 80000422     1000 r 08         f0041070  c.addi4spn  x8, 0x8
#5972 0 80000424 fea42623 m f004105c   00000004  sw       x10, -0x14(x8)
#5973 0 80000428 feb42423 m f0041058   00000005  sw       x11, -0x18(x8)
#5974 0 8000042c f00407b7 r 0f         f0040000  lui      x15, -0xffc0
#5975 0 80000430 fec42703 r 0e         00000004  lw       x14, -0x14(x8)
#5976 0 80000434 06e7aa23 m f0040074   00000004  sw       x14, 0x74(x15)
#5977 0 80000438     aab1 r 00         00000000  c.j      . + 0x15c
#5978 0 80000594 fe842783 r 0f         00000005  lw       x15, -0x18(x8)
#5979 0 80000598 fff78713 r 0e         00000004  addi     x14, x15, -0x1
#5980 0 8000059c f00407b7 r 0f         f0040000  lui      x15, -0xffc0
#5981 0 800005a0 0747a783 r 0f         00000004  lw       x15, 0x74(x15)
#5982 0 800005a4 e8e7cbe3 r 00         00000000  blt      x15, x14, . - 0x16a
#5983 0 800005a8     0001 r 00         00000000  c.nop
#5984 0 800005aa     0001 r 00         00000000  c.nop
#5985 0 800005ac     4472 r 08         f0041090  c.lwsp   x8, 0x1c
#5986 0 800005ae     6105 r 02         f0041070  c.addi16sp 0x2
#5987 0 800005b0     8082 r 00         00000000  c.jr     x1
#5988 0 800003d8 f00407b7 r 0f         f0040000  lui      x15, -0xffc0
#5989 0 800003dc 0787a703 r 0e         00000005  lw       x14, 0x78(x15)
#5990 0 800003e0 f00407b7 r 0f         f0040000  lui      x15, -0xffc0
#5991 0 800003e4 06e7aa23 m f0040074   00000005  sw       x14, 0x74(x15)
#5992 0 800003e8 f00407b7 r 0f         f0040000  lui      x15, -0xffc0
#5993 0 800003ec 0747a703 r 0e         00000005  lw       x14, 0x74(x15)
#5994 0 800003f0 f00407b7 r 0f         f0040000  lui      x15, -0xffc0
#5995 0 800003f4 0387a783 r 0f         0000000e  lw       x15, 0x38(x15)
#5996 0 800003f8 f4f74ce3 r 00         00000000  blt      x14, x15, . - 0xa8
#5997 0 80000350 f00407b7 r 0f         f0040000  lui      x15, -0xffc0
#5998 0 80000354 0747a783 r 0f         00000005  lw       x15, 0x74(x15)
#5999 0 80000358 f0040737 r 0e         f0040000  lui      x14, -0xffc0
#6000 0 8000035c 00070713 r 0e         f0040000  addi     x14, x14, 0x0
#6001 0 80000360     078a r 0f         00000014  c.slli   x15, 2
#6002 0 80000362     97ba r 0f         f0040014  c.add    x15, x14
#6003 0 80000364     4398 r 0e         0000002d  c.lw     x14, 0x0(x15)
#6004 0 80000366 fe842783 r 0f         00000001  lw       x15, -0x18(x8)
#6005 0 8000036a 02f747b3 r 0f         0000002d  div      x15, x14, x15
#6006 0 8000036e fef42223 m f0041074   0000002d  sw       x15, -0x1c(x8)
#6007 0 80000372 f00407b7 r 0f         f0040000  lui      x15, -0xffc0
#6008 0 80000376 0747a783 r 0f         00000005  lw       x15, 0x74(x15)
#6009 0 8000037a 00178713 r 0e         00000006  addi     x14, x15, 0x1
#6010 0 8000037e f00407b7 r 0f         f0040000  lui      x15, -0xffc0
#6011 0 80000382 06e7ac23 m f0040078   00000006  sw       x14, 0x78(x15)
#6012 0 80000386     a819 r 00         00000000  c.j      . + 0x16
#6013 0 8000039c f00407b7 r 0f         f0040000  lui      x15, -0xffc0
#6014 0 800003a0 0787a783 r 0f         00000006  lw       x15, 0x78(x15)
#6015 0 800003a4 f0040737 r 0e         f0040000  lui      x14, -0xffc0
#6016 0 800003a8 00070713 r 0e         f0040000  addi     x14, x14, 0x0
#6017 0 800003ac     078a r 0f         00000018  c.slli   x15, 2
#6018 0 800003ae     97ba r 0f         f0040018  c.add    x15, x14
#6019 0 800003b0     4398 r 0e         00000037  c.lw     x14, 0x0(x15)
#6020 0 800003b2 fe842783 r 0f         00000001  lw       x15, -0x18(x8)
#6021 0 800003b6 02f747b3 r 0f         00000037  div      x15, x14, x15
#6022 0 800003ba fe442703 r 0e         0000002d  lw       x14, -0x1c(x8)
#6023 0 800003be fcf705e3 r 00         00000000  beq      x14, x15, . - 0x36
#6024 0 800003c2 f00407b7 r 0f         f0040000  lui      x15, -0xffc0
#6025 0 800003c6 0747a703 r 0e         00000005  lw       x14, 0x74(x15)
#6026 0 800003ca f00407b7 r 0f         f0040000  lui      x15, -0xffc0
#6027 0 800003ce 0787a783 r 0f         00000006  lw       x15, 0x78(x15)
#6028 0 800003d2     85be r 0b         00000006  c.mv     x11, x15
#6029 0 800003d4     853a r 0a         00000005  c.mv     x10, x14
#6030 0 800003d6     20a1 r 01         800003d8  c.jal    . + 0x48
#6031 0 8000041e     1101 r 02         f0041050  c.addi   x2, -0x20
#6032 0 80000420     ce22 m f004106c   f0041090  c.swsp   x8, 0x1c
#6033 0 80000422     1000 r 08         f0041070  c.addi4spn  x8, 0x8
#6034 0 80000424 fea42623 m f004105c   00000005  sw       x10, -0x14(x8)
#6035 0 80000428 feb42423 m f0041058   00000006  sw       x11, -0x18(x8)
#6036 0 8000042c f00407b7 r 0f         f0040000  lui      x15, -0xffc0
#6037 0 80000430 fec42703 r 0e         00000005  lw       x14, -0x14(x8)
#6038 0 80000434 06e7aa23 m f0040074   00000005  sw       x14, 0x74(x15)
#6039 0 80000438     aab1 r 00         00000000  c.j      . + 0x15c
#6040 0 80000594 fe842783 r 0f         00000006  lw       x15, -0x18(x8)
#6041 0 80000598 fff78713 r 0e         00000005  addi     x14, x15, -0x1
#6042 0 8000059c f00407b7 r 0f         f0040000  lui      x15, -0xffc0
#6043 0 800005a0 0747a783 r 0f         00000005  lw       x15, 0x74(x15)
#6044 0 800005a4 e8e7cbe3 r 00         00000000  blt      x15, x14, . - 0x16a
#6045 0 800005a8     0001 r 00         00000000  c.nop
#6046 0 800005aa     0001 r 00         00000000  c.nop
#6047 0 800005ac     4472 r 08         f0041090  c.lwsp   x8, 0x1c
#6048 0 800005ae     6105 r 02         f0041070  c.addi16sp 0x2
#6049 0 800005b0     8082 r 00         00000000  c.jr     x1
#6050 0 800003d8 f00407b7 r 0f         f0040000  lui      x15, -0xffc0
#6051 0 800003dc 0787a703 r 0e         00000006  lw       x14, 0x78(x15)
#6052 0 800003e0 f00407b7 r 0f         f0040000  lui      x15, -0xffc0
#6053 0 800003e4 06e7aa23 m f0040074   00000006  sw       x14, 0x74(x15)
#6054 0 800003e8 f00407b7 r 0f         f0040000  lui      x15, -0xffc0
#6055 0 800003ec 0747a703 r 0e         00000006  lw       x14, 0x74(x15)
#6056 0 800003f0 f00407b7 r 0f         f0040000  lui      x15, -0xffc0
#6057 0 800003f4 0387a783 r 0f         0000000e  lw       x15, 0x38(x15)
#6058 0 800003f8 f4f74ce3 r 00         00000000  blt      x14, x15, . - 0xa8
#6059 0 80000350 f00407b7 r 0f         f0040000  lui      x15, -0xffc0
#6060 0 80000354 0747a783 r 0f         00000006  lw       x15, 0x74(x15)
#6061 0 80000358 f0040737 r 0e         f0040000  lui      x14, -0xffc0
#6062 0 8000035c 00070713 r 0e         f0040000  addi     x14, x14, 0x0
#6063 0 80000360     078a r 0f         00000018  c.slli   x15, 2
#6064 0 80000362     97ba r 0f         f0040018  c.add    x15, x14
#6065 0 80000364     4398 r 0e         00000037  c.lw     x14, 0x0(x15)
#6066 0 80000366 fe842783 r 0f         00000001  lw       x15, -0x18(x8)
#6067 0 8000036a 02f747b3 r 0f         00000037  div      x15, x14, x15
#6068 0 8000036e fef42223 m f0041074   00000037  sw       x15, -0x1c(x8)
#6069 0 80000372 f00407b7 r 0f         f0040000  lui      x15, -0xffc0
#6070 0 80000376 0747a783 r 0f         00000006  lw       x15, 0x74(x15)
#6071 0 8000037a 00178713 r 0e         00000007  addi     x14, x15, 0x1
#6072 0 8000037e f00407b7 r 0f         f0040000  lui      x15, -0xffc0
#6073 0 80000382 06e7ac23 m f0040078   00000007  sw       x14, 0x78(x15)
#6074 0 80000386     a819 r 00         00000000  c.j      . + 0x16
#6075 0 8000039c f00407b7 r 0f         f0040000  lui      x15, -0xffc0
#6076 0 800003a0 0787a783 r 0f         00000007  lw       x15, 0x78(x15)
#6077 0 800003a4 f0040737 r 0e         f0040000  lui      x14, -0xffc0
#6078 0 800003a8 00070713 r 0e         f0040000  addi     x14, x14, 0x0
#6079 0 800003ac     078a r 0f         0000001c  c.slli   x15, 2
#6080 0 800003ae     97ba r 0f         f004001c  c.add    x15, x14
#6081 0 800003b0     4398 r 0e         00000006  c.lw     x14, 0x0(x15)
#6082 0 800003b2 fe842783 r 0f         00000001  lw       x15, -0x18(x8)
#6083 0 800003b6 02f747b3 r 0f         00000006  div      x15, x14, x15
#6084 0 800003ba fe442703 r 0e         00000037  lw       x14, -0x1c(x8)
#6085 0 800003be fcf705e3 r 00         00000000  beq      x14, x15, . - 0x36
#6086 0 800003c2 f00407b7 r 0f         f0040000  lui      x15, -0xffc0
#6087 0 800003c6 0747a703 r 0e         00000006  lw       x14, 0x74(x15)
#6088 0 800003ca f00407b7 r 0f         f0040000  lui      x15, -0xffc0
#6089 0 800003ce 0787a783 r 0f         00000007  lw       x15, 0x78(x15)
#6090 0 800003d2     85be r 0b         00000007  c.mv     x11, x15
#6091 0 800003d4     853a r 0a         00000006  c.mv     x10, x14
#6092 0 800003d6     20a1 r 01         800003d8  c.jal    . + 0x48
#6093 0 8000041e     1101 r 02         f0041050  c.addi   x2, -0x20
#6094 0 80000420     ce22 m f004106c   f0041090  c.swsp   x8, 0x1c
#6095 0 80000422     1000 r 08         f0041070  c.addi4spn  x8, 0x8
#6096 0 80000424 fea42623 m f004105c   00000006  sw       x10, -0x14(x8)
#6097 0 80000428 feb42423 m f0041058   00000007  sw       x11, -0x18(x8)
#6098 0 8000042c f00407b7 r 0f         f0040000  lui      x15, -0xffc0
#6099 0 80000430 fec42703 r 0e         00000006  lw       x14, -0x14(x8)
#6100 0 80000434 06e7aa23 m f0040074   00000006  sw       x14, 0x74(x15)
#6101 0 80000438     aab1 r 00         00000000  c.j      . + 0x15c
#6102 0 80000594 fe842783 r 0f         00000007  lw       x15, -0x18(x8)
#6103 0 80000598 fff78713 r 0e         00000006  addi     x14, x15, -0x1
#6104 0 8000059c f00407b7 r 0f         f0040000  lui      x15, -0xffc0
#6105 0 800005a0 0747a783 r 0f         00000006  lw       x15, 0x74(x15)
#6106 0 800005a4 e8e7cbe3 r 00         00000000  blt      x15, x14, . - 0x16a
#6107 0 800005a8     0001 r 00         00000000  c.nop
#6108 0 800005aa     0001 r 00         00000000  c.nop
#6109 0 800005ac     4472 r 08         f0041090  c.lwsp   x8, 0x1c
#6110 0 800005ae     6105 r 02         f0041070  c.addi16sp 0x2
#6111 0 800005b0     8082 r 00         00000000  c.jr     x1
#6112 0 800003d8 f00407b7 r 0f         f0040000  lui      x15, -0xffc0
#6113 0 800003dc 0787a703 r 0e         00000007  lw       x14, 0x78(x15)
#6114 0 800003e0 f00407b7 r 0f         f0040000  lui      x15, -0xffc0
#6115 0 800003e4 06e7aa23 m f0040074   00000007  sw       x14, 0x74(x15)
#6116 0 800003e8 f00407b7 r 0f         f0040000  lui      x15, -0xffc0
#6117 0 800003ec 0747a703 r 0e         00000007  lw       x14, 0x74(x15)
#6118 0 800003f0 f00407b7 r 0f         f0040000  lui      x15, -0xffc0
#6119 0 800003f4 0387a783 r 0f         0000000e  lw       x15, 0x38(x15)
#6120 0 800003f8 f4f74ce3 r 00         00000000  blt      x14, x15, . - 0xa8
#6121 0 80000350 f00407b7 r 0f         f0040000  lui      x15, -0xffc0
#6122 0 80000354 0747a783 r 0f         00000007  lw       x15, 0x74(x15)
#6123 0 80000358 f0040737 r 0e         f0040000  lui      x14, -0xffc0
#6124 0 8000035c 00070713 r 0e         f0040000  addi     x14, x14, 0x0
#6125 0 80000360     078a r 0f         0000001c  c.slli   x15, 2
#6126 0 80000362     97ba r 0f         f004001c  c.add    x15, x14
#6127 0 80000364     4398 r 0e         00000006  c.lw     x14, 0x0(x15)
#6128 0 80000366 fe842783 r 0f         00000001  lw       x15, -0x18(x8)
#6129 0 8000036a 02f747b3 r 0f         00000006  div      x15, x14, x15
#6130 0 8000036e fef42223 m f0041074   00000006  sw       x15, -0x1c(x8)
#6131 0 80000372 f00407b7 r 0f         f0040000  lui      x15, -0xffc0
#6132 0 80000376 0747a783 r 0f         00000007  lw       x15, 0x74(x15)
#6133 0 8000037a 00178713 r 0e         00000008  addi     x14, x15, 0x1
#6134 0 8000037e f00407b7 r 0f         f0040000  lui      x15, -0xffc0
#6135 0 80000382 06e7ac23 m f0040078   00000008  sw       x14, 0x78(x15)
#6136 0 80000386     a819 r 00         00000000  c.j      . + 0x16
#6137 0 8000039c f00407b7 r 0f         f0040000  lui      x15, -0xffc0
#6138 0 800003a0 0787a783 r 0f         00000008  lw       x15, 0x78(x15)
#6139 0 800003a4 f0040737 r 0e         f0040000  lui      x14, -0xffc0
#6140 0 800003a8 00070713 r 0e         f0040000  addi     x14, x14, 0x0
#6141 0 800003ac     078a r 0f         00000020  c.slli   x15, 2
#6142 0 800003ae     97ba r 0f         f0040020  c.add    x15, x14
#6143 0 800003b0     4398 r 0e         00000007  c.lw     x14, 0x0(x15)
#6144 0 800003b2 fe842783 r 0f         00000001  lw       x15, -0x18(x8)
#6145 0 800003b6 02f747b3 r 0f         00000007  div      x15, x14, x15
#6146 0 800003ba fe442703 r 0e         00000006  lw       x14, -0x1c(x8)
#6147 0 800003be fcf705e3 r 00         00000000  beq      x14, x15, . - 0x36
#6148 0 800003c2 f00407b7 r 0f         f0040000  lui      x15, -0xffc0
#6149 0 800003c6 0747a703 r 0e         00000007  lw       x14, 0x74(x15)
#6150 0 800003ca f00407b7 r 0f         f0040000  lui      x15, -0xffc0
#6151 0 800003ce 0787a783 r 0f         00000008  lw       x15, 0x78(x15)
#6152 0 800003d2     85be r 0b         00000008  c.mv     x11, x15
#6153 0 800003d4     853a r 0a         00000007  c.mv     x10, x14
#6154 0 800003d6     20a1 r 01         800003d8  c.jal    . + 0x48
#6155 0 8000041e     1101 r 02         f0041050  c.addi   x2, -0x20
#6156 0 80000420     ce22 m f004106c   f0041090  c.swsp   x8, 0x1c
#6157 0 80000422     1000 r 08         f0041070  c.addi4spn  x8, 0x8
#6158 0 80000424 fea42623 m f004105c   00000007  sw       x10, -0x14(x8)
#6159 0 80000428 feb42423 m f0041058   00000008  sw       x11, -0x18(x8)
#6160 0 8000042c f00407b7 r 0f         f0040000  lui      x15, -0xffc0
#6161 0 80000430 fec42703 r 0e         00000007  lw       x14, -0x14(x8)
#6162 0 80000434 06e7aa23 m f0040074   00000007  sw       x14, 0x74(x15)
#6163 0 80000438     aab1 r 00         00000000  c.j      . + 0x15c
#6164 0 80000594 fe842783 r 0f         00000008  lw       x15, -0x18(x8)
#6165 0 80000598 fff78713 r 0e         00000007  addi     x14, x15, -0x1
#6166 0 8000059c f00407b7 r 0f         f0040000  lui      x15, -0xffc0
#6167 0 800005a0 0747a783 r 0f         00000007  lw       x15, 0x74(x15)
#6168 0 800005a4 e8e7cbe3 r 00         00000000  blt      x15, x14, . - 0x16a
#6169 0 800005a8     0001 r 00         00000000  c.nop
#6170 0 800005aa     0001 r 00         00000000  c.nop
#6171 0 800005ac     4472 r 08         f0041090  c.lwsp   x8, 0x1c
#6172 0 800005ae     6105 r 02         f0041070  c.addi16sp 0x2
#6173 0 800005b0     8082 r 00         00000000  c.jr     x1
#6174 0 800003d8 f00407b7 r 0f         f0040000  lui      x15, -0xffc0
#6175 0 800003dc 0787a703 r 0e         00000008  lw       x14, 0x78(x15)
#6176 0 800003e0 f00407b7 r 0f         f0040000  lui      x15, -0xffc0
#6177 0 800003e4 06e7aa23 m f0040074   00000008  sw       x14, 0x74(x15)
#6178 0 800003e8 f00407b7 r 0f         f0040000  lui      x15, -0xffc0
#6179 0 800003ec 0747a703 r 0e         00000008  lw       x14, 0x74(x15)
#6180 0 800003f0 f00407b7 r 0f         f0040000  lui      x15, -0xffc0
#6181 0 800003f4 0387a783 r 0f         0000000e  lw       x15, 0x38(x15)
#6182 0 800003f8 f4f74ce3 r 00         00000000  blt      x14, x15, . - 0xa8
#6183 0 80000350 f00407b7 r 0f         f0040000  lui      x15, -0xffc0
#6184 0 80000354 0747a783 r 0f         00000008  lw       x15, 0x74(x15)
#6185 0 80000358 f0040737 r 0e         f0040000  lui      x14, -0xffc0
#6186 0 8000035c 00070713 r 0e         f0040000  addi     x14, x14, 0x0
#6187 0 80000360     078a r 0f         00000020  c.slli   x15, 2
#6188 0 80000362     97ba r 0f         f0040020  c.add    x15, x14
#6189 0 80000364     4398 r 0e         00000007  c.lw     x14, 0x0(x15)
#6190 0 80000366 fe842783 r 0f         00000001  lw       x15, -0x18(x8)
#6191 0 8000036a 02f747b3 r 0f         00000007  div      x15, x14, x15
#6192 0 8000036e fef42223 m f0041074   00000007  sw       x15, -0x1c(x8)
#6193 0 80000372 f00407b7 r 0f         f0040000  lui      x15, -0xffc0
#6194 0 80000376 0747a783 r 0f         00000008  lw       x15, 0x74(x15)
#6195 0 8000037a 00178713 r 0e         00000009  addi     x14, x15, 0x1
#6196 0 8000037e f00407b7 r 0f         f0040000  lui      x15, -0xffc0
#6197 0 80000382 06e7ac23 m f0040078   00000009  sw       x14, 0x78(x15)
#6198 0 80000386     a819 r 00         00000000  c.j      . + 0x16
#6199 0 8000039c f00407b7 r 0f         f0040000  lui      x15, -0xffc0
#6200 0 800003a0 0787a783 r 0f         00000009  lw       x15, 0x78(x15)
#6201 0 800003a4 f0040737 r 0e         f0040000  lui      x14, -0xffc0
#6202 0 800003a8 00070713 r 0e         f0040000  addi     x14, x14, 0x0
#6203 0 800003ac     078a r 0f         00000024  c.slli   x15, 2
#6204 0 800003ae     97ba r 0f         f0040024  c.add    x15, x14
#6205 0 800003b0     4398 r 0e         00000048  c.lw     x14, 0x0(x15)
#6206 0 800003b2 fe842783 r 0f         00000001  lw       x15, -0x18(x8)
#6207 0 800003b6 02f747b3 r 0f         00000048  div      x15, x14, x15
#6208 0 800003ba fe442703 r 0e         00000007  lw       x14, -0x1c(x8)
#6209 0 800003be fcf705e3 r 00         00000000  beq      x14, x15, . - 0x36
#6210 0 800003c2 f00407b7 r 0f         f0040000  lui      x15, -0xffc0
#6211 0 800003c6 0747a703 r 0e         00000008  lw       x14, 0x74(x15)
#6212 0 800003ca f00407b7 r 0f         f0040000  lui      x15, -0xffc0
#6213 0 800003ce 0787a783 r 0f         00000009  lw       x15, 0x78(x15)
#6214 0 800003d2     85be r 0b         00000009  c.mv     x11, x15
#6215 0 800003d4     853a r 0a         00000008  c.mv     x10, x14
#6216 0 800003d6     20a1 r 01         800003d8  c.jal    . + 0x48
#6217 0 8000041e     1101 r 02         f0041050  c.addi   x2, -0x20
#6218 0 80000420     ce22 m f004106c   f0041090  c.swsp   x8, 0x1c
#6219 0 80000422     1000 r 08         f0041070  c.addi4spn  x8, 0x8
#6220 0 80000424 fea42623 m f004105c   00000008  sw       x10, -0x14(x8)
#6221 0 80000428 feb42423 m f0041058   00000009  sw       x11, -0x18(x8)
#6222 0 8000042c f00407b7 r 0f         f0040000  lui      x15, -0xffc0
#6223 0 80000430 fec42703 r 0e         00000008  lw       x14, -0x14(x8)
#6224 0 80000434 06e7aa23 m f0040074   00000008  sw       x14, 0x74(x15)
#6225 0 80000438     aab1 r 00         00000000  c.j      . + 0x15c
#6226 0 80000594 fe842783 r 0f         00000009  lw       x15, -0x18(x8)
#6227 0 80000598 fff78713 r 0e         00000008  addi     x14, x15, -0x1
#6228 0 8000059c f00407b7 r 0f         f0040000  lui      x15, -0xffc0
#6229 0 800005a0 0747a783 r 0f         00000008  lw       x15, 0x74(x15)
#6230 0 800005a4 e8e7cbe3 r 00         00000000  blt      x15, x14, . - 0x16a
#6231 0 800005a8     0001 r 00         00000000  c.nop
#6232 0 800005aa     0001 r 00         00000000  c.nop
#6233 0 800005ac     4472 r 08         f0041090  c.lwsp   x8, 0x1c
#6234 0 800005ae     6105 r 02         f0041070  c.addi16sp 0x2
#6235 0 800005b0     8082 r 00         00000000  c.jr     x1
#6236 0 800003d8 f00407b7 r 0f         f0040000  lui      x15, -0xffc0
#6237 0 800003dc 0787a703 r 0e         00000009  lw       x14, 0x78(x15)
#6238 0 800003e0 f00407b7 r 0f         f0040000  lui      x15, -0xffc0
#6239 0 800003e4 06e7aa23 m f0040074   00000009  sw       x14, 0x74(x15)
#6240 0 800003e8 f00407b7 r 0f         f0040000  lui      x15, -0xffc0
#6241 0 800003ec 0747a703 r 0e         00000009  lw       x14, 0x74(x15)
#6242 0 800003f0 f00407b7 r 0f         f0040000  lui      x15, -0xffc0
#6243 0 800003f4 0387a783 r 0f         0000000e  lw       x15, 0x38(x15)
#6244 0 800003f8 f4f74ce3 r 00         00000000  blt      x14, x15, . - 0xa8
#6245 0 80000350 f00407b7 r 0f         f0040000  lui      x15, -0xffc0
#6246 0 80000354 0747a783 r 0f         00000009  lw       x15, 0x74(x15)
#6247 0 80000358 f0040737 r 0e         f0040000  lui      x14, -0xffc0
#6248 0 8000035c 00070713 r 0e         f0040000  addi     x14, x14, 0x0
#6249 0 80000360     078a r 0f         00000024  c.slli   x15, 2
#6250 0 80000362     97ba r 0f         f0040024  c.add    x15, x14
#6251 0 80000364     4398 r 0e         00000048  c.lw     x14, 0x0(x15)
#6252 0 80000366 fe842783 r 0f         00000001  lw       x15, -0x18(x8)
#6253 0 8000036a 02f747b3 r 0f         00000048  div      x15, x14, x15
#6254 0 8000036e fef42223 m f0041074   00000048  sw       x15, -0x1c(x8)
#6255 0 80000372 f00407b7 r 0f         f0040000  lui      x15, -0xffc0
#6256 0 80000376 0747a783 r 0f         00000009  lw       x15, 0x74(x15)
#6257 0 8000037a 00178713 r 0e         0000000a  addi     x14, x15, 0x1
#6258 0 8000037e f00407b7 r 0f         f0040000  lui      x15, -0xffc0
#6259 0 80000382 06e7ac23 m f0040078   0000000a  sw       x14, 0x78(x15)
#6260 0 80000386     a819 r 00         00000000  c.j      . + 0x16
#6261 0 8000039c f00407b7 r 0f         f0040000  lui      x15, -0xffc0
#6262 0 800003a0 0787a783 r 0f         0000000a  lw       x15, 0x78(x15)
#6263 0 800003a4 f0040737 r 0e         f0040000  lui      x14, -0xffc0
#6264 0 800003a8 00070713 r 0e         f0040000  addi     x14, x14, 0x0
#6265 0 800003ac     078a r 0f         00000028  c.slli   x15, 2
#6266 0 800003ae     97ba r 0f         f0040028  c.add    x15, x14
#6267 0 800003b0     4398 r 0e         0000004e  c.lw     x14, 0x0(x15)
#6268 0 800003b2 fe842783 r 0f         00000001  lw       x15, -0x18(x8)
#6269 0 800003b6 02f747b3 r 0f         0000004e  div      x15, x14, x15
#6270 0 800003ba fe442703 r 0e         00000048  lw       x14, -0x1c(x8)
#6271 0 800003be fcf705e3 r 00         00000000  beq      x14, x15, . - 0x36
#6272 0 800003c2 f00407b7 r 0f         f0040000  lui      x15, -0xffc0
#6273 0 800003c6 0747a703 r 0e         00000009  lw       x14, 0x74(x15)
#6274 0 800003ca f00407b7 r 0f         f0040000  lui      x15, -0xffc0
#6275 0 800003ce 0787a783 r 0f         0000000a  lw       x15, 0x78(x15)
#6276 0 800003d2     85be r 0b         0000000a  c.mv     x11, x15
#6277 0 800003d4     853a r 0a         00000009  c.mv     x10, x14
#6278 0 800003d6     20a1 r 01         800003d8  c.jal    . + 0x48
#6279 0 8000041e     1101 r 02         f0041050  c.addi   x2, -0x20
#6280 0 80000420     ce22 m f004106c   f0041090  c.swsp   x8, 0x1c
#6281 0 80000422     1000 r 08         f0041070  c.addi4spn  x8, 0x8
#6282 0 80000424 fea42623 m f004105c   00000009  sw       x10, -0x14(x8)
#6283 0 80000428 feb42423 m f0041058   0000000a  sw       x11, -0x18(x8)
#6284 0 8000042c f00407b7 r 0f         f0040000  lui      x15, -0xffc0
#6285 0 80000430 fec42703 r 0e         00000009  lw       x14, -0x14(x8)
#6286 0 80000434 06e7aa23 m f0040074   00000009  sw       x14, 0x74(x15)
#6287 0 80000438     aab1 r 00         00000000  c.j      . + 0x15c
#6288 0 80000594 fe842783 r 0f         0000000a  lw       x15, -0x18(x8)
#6289 0 80000598 fff78713 r 0e         00000009  addi     x14, x15, -0x1
#6290 0 8000059c f00407b7 r 0f         f0040000  lui      x15, -0xffc0
#6291 0 800005a0 0747a783 r 0f         00000009  lw       x15, 0x74(x15)
#6292 0 800005a4 e8e7cbe3 r 00         00000000  blt      x15, x14, . - 0x16a
#6293 0 800005a8     0001 r 00         00000000  c.nop
#6294 0 800005aa     0001 r 00         00000000  c.nop
#6295 0 800005ac     4472 r 08         f0041090  c.lwsp   x8, 0x1c
#6296 0 800005ae     6105 r 02         f0041070  c.addi16sp 0x2
#6297 0 800005b0     8082 r 00         00000000  c.jr     x1
#6298 0 800003d8 f00407b7 r 0f         f0040000  lui      x15, -0xffc0
#6299 0 800003dc 0787a703 r 0e         0000000a  lw       x14, 0x78(x15)
#6300 0 800003e0 f00407b7 r 0f         f0040000  lui      x15, -0xffc0
#6301 0 800003e4 06e7aa23 m f0040074   0000000a  sw       x14, 0x74(x15)
#6302 0 800003e8 f00407b7 r 0f         f0040000  lui      x15, -0xffc0
#6303 0 800003ec 0747a703 r 0e         0000000a  lw       x14, 0x74(x15)
#6304 0 800003f0 f00407b7 r 0f         f0040000  lui      x15, -0xffc0
#6305 0 800003f4 0387a783 r 0f         0000000e  lw       x15, 0x38(x15)
#6306 0 800003f8 f4f74ce3 r 00         00000000  blt      x14, x15, . - 0xa8
#6307 0 80000350 f00407b7 r 0f         f0040000  lui      x15, -0xffc0
#6308 0 80000354 0747a783 r 0f         0000000a  lw       x15, 0x74(x15)
#6309 0 80000358 f0040737 r 0e         f0040000  lui      x14, -0xffc0
#6310 0 8000035c 00070713 r 0e         f0040000  addi     x14, x14, 0x0
#6311 0 80000360     078a r 0f         00000028  c.slli   x15, 2
#6312 0 80000362     97ba r 0f         f0040028  c.add    x15, x14
#6313 0 80000364     4398 r 0e         0000004e  c.lw     x14, 0x0(x15)
#6314 0 80000366 fe842783 r 0f         00000001  lw       x15, -0x18(x8)
#6315 0 8000036a 02f747b3 r 0f         0000004e  div      x15, x14, x15
#6316 0 8000036e fef42223 m f0041074   0000004e  sw       x15, -0x1c(x8)
#6317 0 80000372 f00407b7 r 0f         f0040000  lui      x15, -0xffc0
#6318 0 80000376 0747a783 r 0f         0000000a  lw       x15, 0x74(x15)
#6319 0 8000037a 00178713 r 0e         0000000b  addi     x14, x15, 0x1
#6320 0 8000037e f00407b7 r 0f         f0040000  lui      x15, -0xffc0
#6321 0 80000382 06e7ac23 m f0040078   0000000b  sw       x14, 0x78(x15)
#6322 0 80000386     a819 r 00         00000000  c.j      . + 0x16
#6323 0 8000039c f00407b7 r 0f         f0040000  lui      x15, -0xffc0
#6324 0 800003a0 0787a783 r 0f         0000000b  lw       x15, 0x78(x15)
#6325 0 800003a4 f0040737 r 0e         f0040000  lui      x14, -0xffc0
#6326 0 800003a8 00070713 r 0e         f0040000  addi     x14, x14, 0x0
#6327 0 800003ac     078a r 0f         0000002c  c.slli   x15, 2
#6328 0 800003ae     97ba r 0f         f004002c  c.add    x15, x14
#6329 0 800003b0     4398 r 0e         00000008  c.lw     x14, 0x0(x15)
#6330 0 800003b2 fe842783 r 0f         00000001  lw       x15, -0x18(x8)
#6331 0 800003b6 02f747b3 r 0f         00000008  div      x15, x14, x15
#6332 0 800003ba fe442703 r 0e         0000004e  lw       x14, -0x1c(x8)
#6333 0 800003be fcf705e3 r 00         00000000  beq      x14, x15, . - 0x36
#6334 0 800003c2 f00407b7 r 0f         f0040000  lui      x15, -0xffc0
#6335 0 800003c6 0747a703 r 0e         0000000a  lw       x14, 0x74(x15)
#6336 0 800003ca f00407b7 r 0f         f0040000  lui      x15, -0xffc0
#6337 0 800003ce 0787a783 r 0f         0000000b  lw       x15, 0x78(x15)
#6338 0 800003d2     85be r 0b         0000000b  c.mv     x11, x15
#6339 0 800003d4     853a r 0a         0000000a  c.mv     x10, x14
#6340 0 800003d6     20a1 r 01         800003d8  c.jal    . + 0x48
#6341 0 8000041e     1101 r 02         f0041050  c.addi   x2, -0x20
#6342 0 80000420     ce22 m f004106c   f0041090  c.swsp   x8, 0x1c
#6343 0 80000422     1000 r 08         f0041070  c.addi4spn  x8, 0x8
#6344 0 80000424 fea42623 m f004105c   0000000a  sw       x10, -0x14(x8)
#6345 0 80000428 feb42423 m f0041058   0000000b  sw       x11, -0x18(x8)
#6346 0 8000042c f00407b7 r 0f         f0040000  lui      x15, -0xffc0
#6347 0 80000430 fec42703 r 0e         0000000a  lw       x14, -0x14(x8)
#6348 0 80000434 06e7aa23 m f0040074   0000000a  sw       x14, 0x74(x15)
#6349 0 80000438     aab1 r 00         00000000  c.j      . + 0x15c
#6350 0 80000594 fe842783 r 0f         0000000b  lw       x15, -0x18(x8)
#6351 0 80000598 fff78713 r 0e         0000000a  addi     x14, x15, -0x1
#6352 0 8000059c f00407b7 r 0f         f0040000  lui      x15, -0xffc0
#6353 0 800005a0 0747a783 r 0f         0000000a  lw       x15, 0x74(x15)
#6354 0 800005a4 e8e7cbe3 r 00         00000000  blt      x15, x14, . - 0x16a
#6355 0 800005a8     0001 r 00         00000000  c.nop
#6356 0 800005aa     0001 r 00         00000000  c.nop
#6357 0 800005ac     4472 r 08         f0041090  c.lwsp   x8, 0x1c
#6358 0 800005ae     6105 r 02         f0041070  c.addi16sp 0x2
#6359 0 800005b0     8082 r 00         00000000  c.jr     x1
#6360 0 800003d8 f00407b7 r 0f         f0040000  lui      x15, -0xffc0
#6361 0 800003dc 0787a703 r 0e         0000000b  lw       x14, 0x78(x15)
#6362 0 800003e0 f00407b7 r 0f         f0040000  lui      x15, -0xffc0
#6363 0 800003e4 06e7aa23 m f0040074   0000000b  sw       x14, 0x74(x15)
#6364 0 800003e8 f00407b7 r 0f         f0040000  lui      x15, -0xffc0
#6365 0 800003ec 0747a703 r 0e         0000000b  lw       x14, 0x74(x15)
#6366 0 800003f0 f00407b7 r 0f         f0040000  lui      x15, -0xffc0
#6367 0 800003f4 0387a783 r 0f         0000000e  lw       x15, 0x38(x15)
#6368 0 800003f8 f4f74ce3 r 00         00000000  blt      x14, x15, . - 0xa8
#6369 0 80000350 f00407b7 r 0f         f0040000  lui      x15, -0xffc0
#6370 0 80000354 0747a783 r 0f         0000000b  lw       x15, 0x74(x15)
#6371 0 80000358 f0040737 r 0e         f0040000  lui      x14, -0xffc0
#6372 0 8000035c 00070713 r 0e         f0040000  addi     x14, x14, 0x0
#6373 0 80000360     078a r 0f         0000002c  c.slli   x15, 2
#6374 0 80000362     97ba r 0f         f004002c  c.add    x15, x14
#6375 0 80000364     4398 r 0e         00000008  c.lw     x14, 0x0(x15)
#6376 0 80000366 fe842783 r 0f         00000001  lw       x15, -0x18(x8)
#6377 0 8000036a 02f747b3 r 0f         00000008  div      x15, x14, x15
#6378 0 8000036e fef42223 m f0041074   00000008  sw       x15, -0x1c(x8)
#6379 0 80000372 f00407b7 r 0f         f0040000  lui      x15, -0xffc0
#6380 0 80000376 0747a783 r 0f         0000000b  lw       x15, 0x74(x15)
#6381 0 8000037a 00178713 r 0e         0000000c  addi     x14, x15, 0x1
#6382 0 8000037e f00407b7 r 0f         f0040000  lui      x15, -0xffc0
#6383 0 80000382 06e7ac23 m f0040078   0000000c  sw       x14, 0x78(x15)
#6384 0 80000386     a819 r 00         00000000  c.j      . + 0x16
#6385 0 8000039c f00407b7 r 0f         f0040000  lui      x15, -0xffc0
#6386 0 800003a0 0787a783 r 0f         0000000c  lw       x15, 0x78(x15)
#6387 0 800003a4 f0040737 r 0e         f0040000  lui      x14, -0xffc0
#6388 0 800003a8 00070713 r 0e         f0040000  addi     x14, x14, 0x0
#6389 0 800003ac     078a r 0f         00000030  c.slli   x15, 2
#6390 0 800003ae     97ba r 0f         f0040030  c.add    x15, x14
#6391 0 800003b0     4398 r 0e         00000009  c.lw     x14, 0x0(x15)
#6392 0 800003b2 fe842783 r 0f         00000001  lw       x15, -0x18(x8)
#6393 0 800003b6 02f747b3 r 0f         00000009  div      x15, x14, x15
#6394 0 800003ba fe442703 r 0e         00000008  lw       x14, -0x1c(x8)
#6395 0 800003be fcf705e3 r 00         00000000  beq      x14, x15, . - 0x36
#6396 0 800003c2 f00407b7 r 0f         f0040000  lui      x15, -0xffc0
#6397 0 800003c6 0747a703 r 0e         0000000b  lw       x14, 0x74(x15)
#6398 0 800003ca f00407b7 r 0f         f0040000  lui      x15, -0xffc0
#6399 0 800003ce 0787a783 r 0f         0000000c  lw       x15, 0x78(x15)
#6400 0 800003d2     85be r 0b         0000000c  c.mv     x11, x15
#6401 0 800003d4     853a r 0a         0000000b  c.mv     x10, x14
#6402 0 800003d6     20a1 r 01         800003d8  c.jal    . + 0x48
#6403 0 8000041e     1101 r 02         f0041050  c.addi   x2, -0x20
#6404 0 80000420     ce22 m f004106c   f0041090  c.swsp   x8, 0x1c
#6405 0 80000422     1000 r 08         f0041070  c.addi4spn  x8, 0x8
#6406 0 80000424 fea42623 m f004105c   0000000b  sw       x10, -0x14(x8)
#6407 0 80000428 feb42423 m f0041058   0000000c  sw       x11, -0x18(x8)
#6408 0 8000042c f00407b7 r 0f         f0040000  lui      x15, -0xffc0
#6409 0 80000430 fec42703 r 0e         0000000b  lw       x14, -0x14(x8)
#6410 0 80000434 06e7aa23 m f0040074   0000000b  sw       x14, 0x74(x15)
#6411 0 80000438     aab1 r 00         00000000  c.j      . + 0x15c
#6412 0 80000594 fe842783 r 0f         0000000c  lw       x15, -0x18(x8)
#6413 0 80000598 fff78713 r 0e         0000000b  addi     x14, x15, -0x1
#6414 0 8000059c f00407b7 r 0f         f0040000  lui      x15, -0xffc0
#6415 0 800005a0 0747a783 r 0f         0000000b  lw       x15, 0x74(x15)
#6416 0 800005a4 e8e7cbe3 r 00         00000000  blt      x15, x14, . - 0x16a
#6417 0 800005a8     0001 r 00         00000000  c.nop
#6418 0 800005aa     0001 r 00         00000000  c.nop
#6419 0 800005ac     4472 r 08         f0041090  c.lwsp   x8, 0x1c
#6420 0 800005ae     6105 r 02         f0041070  c.addi16sp 0x2
#6421 0 800005b0     8082 r 00         00000000  c.jr     x1
#6422 0 800003d8 f00407b7 r 0f         f0040000  lui      x15, -0xffc0
#6423 0 800003dc 0787a703 r 0e         0000000c  lw       x14, 0x78(x15)
#6424 0 800003e0 f00407b7 r 0f         f0040000  lui      x15, -0xffc0
#6425 0 800003e4 06e7aa23 m f0040074   0000000c  sw       x14, 0x74(x15)
#6426 0 800003e8 f00407b7 r 0f         f0040000  lui      x15, -0xffc0
#6427 0 800003ec 0747a703 r 0e         0000000c  lw       x14, 0x74(x15)
#6428 0 800003f0 f00407b7 r 0f         f0040000  lui      x15, -0xffc0
#6429 0 800003f4 0387a783 r 0f         0000000e  lw       x15, 0x38(x15)
#6430 0 800003f8 f4f74ce3 r 00         00000000  blt      x14, x15, . - 0xa8
#6431 0 80000350 f00407b7 r 0f         f0040000  lui      x15, -0xffc0
#6432 0 80000354 0747a783 r 0f         0000000c  lw       x15, 0x74(x15)
#6433 0 80000358 f0040737 r 0e         f0040000  lui      x14, -0xffc0
#6434 0 8000035c 00070713 r 0e         f0040000  addi     x14, x14, 0x0
#6435 0 80000360     078a r 0f         00000030  c.slli   x15, 2
#6436 0 80000362     97ba r 0f         f0040030  c.add    x15, x14
#6437 0 80000364     4398 r 0e         00000009  c.lw     x14, 0x0(x15)
#6438 0 80000366 fe842783 r 0f         00000001  lw       x15, -0x18(x8)
#6439 0 8000036a 02f747b3 r 0f         00000009  div      x15, x14, x15
#6440 0 8000036e fef42223 m f0041074   00000009  sw       x15, -0x1c(x8)
#6441 0 80000372 f00407b7 r 0f         f0040000  lui      x15, -0xffc0
#6442 0 80000376 0747a783 r 0f         0000000c  lw       x15, 0x74(x15)
#6443 0 8000037a 00178713 r 0e         0000000d  addi     x14, x15, 0x1
#6444 0 8000037e f00407b7 r 0f         f0040000  lui      x15, -0xffc0
#6445 0 80000382 06e7ac23 m f0040078   0000000d  sw       x14, 0x78(x15)
#6446 0 80000386     a819 r 00         00000000  c.j      . + 0x16
#6447 0 8000039c f00407b7 r 0f         f0040000  lui      x15, -0xffc0
#6448 0 800003a0 0787a783 r 0f         0000000d  lw       x15, 0x78(x15)
#6449 0 800003a4 f0040737 r 0e         f0040000  lui      x14, -0xffc0
#6450 0 800003a8 00070713 r 0e         f0040000  addi     x14, x14, 0x0
#6451 0 800003ac     078a r 0f         00000034  c.slli   x15, 2
#6452 0 800003ae     97ba r 0f         f0040034  c.add    x15, x14
#6453 0 800003b0     4398 r 0e         0000005a  c.lw     x14, 0x0(x15)
#6454 0 800003b2 fe842783 r 0f         00000001  lw       x15, -0x18(x8)
#6455 0 800003b6 02f747b3 r 0f         0000005a  div      x15, x14, x15
#6456 0 800003ba fe442703 r 0e         00000009  lw       x14, -0x1c(x8)
#6457 0 800003be fcf705e3 r 00         00000000  beq      x14, x15, . - 0x36
#6458 0 800003c2 f00407b7 r 0f         f0040000  lui      x15, -0xffc0
#6459 0 800003c6 0747a703 r 0e         0000000c  lw       x14, 0x74(x15)
#6460 0 800003ca f00407b7 r 0f         f0040000  lui      x15, -0xffc0
#6461 0 800003ce 0787a783 r 0f         0000000d  lw       x15, 0x78(x15)
#6462 0 800003d2     85be r 0b         0000000d  c.mv     x11, x15
#6463 0 800003d4     853a r 0a         0000000c  c.mv     x10, x14
#6464 0 800003d6     20a1 r 01         800003d8  c.jal    . + 0x48
#6465 0 8000041e     1101 r 02         f0041050  c.addi   x2, -0x20
#6466 0 80000420     ce22 m f004106c   f0041090  c.swsp   x8, 0x1c
#6467 0 80000422     1000 r 08         f0041070  c.addi4spn  x8, 0x8
#6468 0 80000424 fea42623 m f004105c   0000000c  sw       x10, -0x14(x8)
#6469 0 80000428 feb42423 m f0041058   0000000d  sw       x11, -0x18(x8)
#6470 0 8000042c f00407b7 r 0f         f0040000  lui      x15, -0xffc0
#6471 0 80000430 fec42703 r 0e         0000000c  lw       x14, -0x14(x8)
#6472 0 80000434 06e7aa23 m f0040074   0000000c  sw       x14, 0x74(x15)
#6473 0 80000438     aab1 r 00         00000000  c.j      . + 0x15c
#6474 0 80000594 fe842783 r 0f         0000000d  lw       x15, -0x18(x8)
#6475 0 80000598 fff78713 r 0e         0000000c  addi     x14, x15, -0x1
#6476 0 8000059c f00407b7 r 0f         f0040000  lui      x15, -0xffc0
#6477 0 800005a0 0747a783 r 0f         0000000c  lw       x15, 0x74(x15)
#6478 0 800005a4 e8e7cbe3 r 00         00000000  blt      x15, x14, . - 0x16a
#6479 0 800005a8     0001 r 00         00000000  c.nop
#6480 0 800005aa     0001 r 00         00000000  c.nop
#6481 0 800005ac     4472 r 08         f0041090  c.lwsp   x8, 0x1c
#6482 0 800005ae     6105 r 02         f0041070  c.addi16sp 0x2
#6483 0 800005b0     8082 r 00         00000000  c.jr     x1
#6484 0 800003d8 f00407b7 r 0f         f0040000  lui      x15, -0xffc0
#6485 0 800003dc 0787a703 r 0e         0000000d  lw       x14, 0x78(x15)
#6486 0 800003e0 f00407b7 r 0f         f0040000  lui      x15, -0xffc0
#6487 0 800003e4 06e7aa23 m f0040074   0000000d  sw       x14, 0x74(x15)
#6488 0 800003e8 f00407b7 r 0f         f0040000  lui      x15, -0xffc0
#6489 0 800003ec 0747a703 r 0e         0000000d  lw       x14, 0x74(x15)
#6490 0 800003f0 f00407b7 r 0f         f0040000  lui      x15, -0xffc0
#6491 0 800003f4 0387a783 r 0f         0000000e  lw       x15, 0x38(x15)
#6492 0 800003f8 f4f74ce3 r 00         00000000  blt      x14, x15, . - 0xa8
#6493 0 80000350 f00407b7 r 0f         f0040000  lui      x15, -0xffc0
#6494 0 80000354 0747a783 r 0f         0000000d  lw       x15, 0x74(x15)
#6495 0 80000358 f0040737 r 0e         f0040000  lui      x14, -0xffc0
#6496 0 8000035c 00070713 r 0e         f0040000  addi     x14, x14, 0x0
#6497 0 80000360     078a r 0f         00000034  c.slli   x15, 2
#6498 0 80000362     97ba r 0f         f0040034  c.add    x15, x14
#6499 0 80000364     4398 r 0e         0000005a  c.lw     x14, 0x0(x15)
#6500 0 80000366 fe842783 r 0f         00000001  lw       x15, -0x18(x8)
#6501 0 8000036a 02f747b3 r 0f         0000005a  div      x15, x14, x15
#6502 0 8000036e fef42223 m f0041074   0000005a  sw       x15, -0x1c(x8)
#6503 0 80000372 f00407b7 r 0f         f0040000  lui      x15, -0xffc0
#6504 0 80000376 0747a783 r 0f         0000000d  lw       x15, 0x74(x15)
#6505 0 8000037a 00178713 r 0e         0000000e  addi     x14, x15, 0x1
#6506 0 8000037e f00407b7 r 0f         f0040000  lui      x15, -0xffc0
#6507 0 80000382 06e7ac23 m f0040078   0000000e  sw       x14, 0x78(x15)
#6508 0 80000386     a819 r 00         00000000  c.j      . + 0x16
#6509 0 8000039c f00407b7 r 0f         f0040000  lui      x15, -0xffc0
#6510 0 800003a0 0787a783 r 0f         0000000e  lw       x15, 0x78(x15)
#6511 0 800003a4 f0040737 r 0e         f0040000  lui      x14, -0xffc0
#6512 0 800003a8 00070713 r 0e         f0040000  addi     x14, x14, 0x0
#6513 0 800003ac     078a r 0f         00000038  c.slli   x15, 2
#6514 0 800003ae     97ba r 0f         f0040038  c.add    x15, x14
#6515 0 800003b0     4398 r 0e         0000000e  c.lw     x14, 0x0(x15)
#6516 0 800003b2 fe842783 r 0f         00000001  lw       x15, -0x18(x8)
#6517 0 800003b6 02f747b3 r 0f         0000000e  div      x15, x14, x15
#6518 0 800003ba fe442703 r 0e         0000005a  lw       x14, -0x1c(x8)
#6519 0 800003be fcf705e3 r 00         00000000  beq      x14, x15, . - 0x36
#6520 0 800003c2 f00407b7 r 0f         f0040000  lui      x15, -0xffc0
#6521 0 800003c6 0747a703 r 0e         0000000d  lw       x14, 0x74(x15)
#6522 0 800003ca f00407b7 r 0f         f0040000  lui      x15, -0xffc0
#6523 0 800003ce 0787a783 r 0f         0000000e  lw       x15, 0x78(x15)
#6524 0 800003d2     85be r 0b         0000000e  c.mv     x11, x15
#6525 0 800003d4     853a r 0a         0000000d  c.mv     x10, x14
#6526 0 800003d6     20a1 r 01         800003d8  c.jal    . + 0x48
#6527 0 8000041e     1101 r 02         f0041050  c.addi   x2, -0x20
#6528 0 80000420     ce22 m f004106c   f0041090  c.swsp   x8, 0x1c
#6529 0 80000422     1000 r 08         f0041070  c.addi4spn  x8, 0x8
#6530 0 80000424 fea42623 m f004105c   0000000d  sw       x10, -0x14(x8)
#6531 0 80000428 feb42423 m f0041058   0000000e  sw       x11, -0x18(x8)
#6532 0 8000042c f00407b7 r 0f         f0040000  lui      x15, -0xffc0
#6533 0 80000430 fec42703 r 0e         0000000d  lw       x14, -0x14(x8)
#6534 0 80000434 06e7aa23 m f0040074   0000000d  sw       x14, 0x74(x15)
#6535 0 80000438     aab1 r 00         00000000  c.j      . + 0x15c
#6536 0 80000594 fe842783 r 0f         0000000e  lw       x15, -0x18(x8)
#6537 0 80000598 fff78713 r 0e         0000000d  addi     x14, x15, -0x1
#6538 0 8000059c f00407b7 r 0f         f0040000  lui      x15, -0xffc0
#6539 0 800005a0 0747a783 r 0f         0000000d  lw       x15, 0x74(x15)
#6540 0 800005a4 e8e7cbe3 r 00         00000000  blt      x15, x14, . - 0x16a
#6541 0 800005a8     0001 r 00         00000000  c.nop
#6542 0 800005aa     0001 r 00         00000000  c.nop
#6543 0 800005ac     4472 r 08         f0041090  c.lwsp   x8, 0x1c
#6544 0 800005ae     6105 r 02         f0041070  c.addi16sp 0x2
#6545 0 800005b0     8082 r 00         00000000  c.jr     x1
#6546 0 800003d8 f00407b7 r 0f         f0040000  lui      x15, -0xffc0
#6547 0 800003dc 0787a703 r 0e         0000000e  lw       x14, 0x78(x15)
#6548 0 800003e0 f00407b7 r 0f         f0040000  lui      x15, -0xffc0
#6549 0 800003e4 06e7aa23 m f0040074   0000000e  sw       x14, 0x74(x15)
#6550 0 800003e8 f00407b7 r 0f         f0040000  lui      x15, -0xffc0
#6551 0 800003ec 0747a703 r 0e         0000000e  lw       x14, 0x74(x15)
#6552 0 800003f0 f00407b7 r 0f         f0040000  lui      x15, -0xffc0
#6553 0 800003f4 0387a783 r 0f         0000000e  lw       x15, 0x38(x15)
#6554 0 800003f8 f4f74ce3 r 00         00000000  blt      x14, x15, . - 0xa8
#6555 0 800003fc fe842703 r 0e         00000001  lw       x14, -0x18(x8)
#6556 0 80000400     47a9 r 0f         0000000a  c.li     x15, 0xa
#6557 0 80000402 02f747b3 r 0f         00000000  div      x15, x14, x15
#6558 0 80000406 fef42423 m f0041078   00000000  sw       x15, -0x18(x8)
#6559 0 8000040a fe842783 r 0f         00000000  lw       x15, -0x18(x8)
#6560 0 8000040e f2f04ce3 r 00         00000000  blt      x0, x15, . - 0xc8
#6561 0 80000412     0001 r 00         00000000  c.nop
#6562 0 80000414     0001 r 00         00000000  c.nop
#6563 0 80000416     40f2 r 01         80000018  c.lwsp   x1, 0x1c
#6564 0 80000418     4462 r 08         00000000  c.lwsp   x8, 0x18
#6565 0 8000041a     6105 r 02         f0041090  c.addi16sp 0x2
#6566 0 8000041c     8082 r 00         00000000  c.jr     x1
#6567 0 80000018 50580297 r 05         d0580018  auipc    x5, 0x50580
#6568 0 8000001c fe828293 r 05         d0580000  addi     x5, x5, -0x18
#6569 0 80000020 0ff00313 r 06         000000ff  addi     x6, x0, 0xff
#6570 0 80000024 00628023 m d0580000   000000ff  sb       x6, 0x0(x5)
