#1 0 80000000 595552b7 r 05         59555000  lui      x5, 0x59555
#2 0 80000004 55528293 r 05         59555555  addi     x5, x5, 0x555
#3 0 80000008 7c029073 c 07c0       59555555  csrrw    x0, mrac, x5
#4 0 8000000c 70041117 r 02         f004100c  auipc    x2, 0x70041
#5 0 80000010 01410113 r 02         f0041020  addi     x2, x2, 0x14
#6 0 80000014 154000ef r 01         80000018  jal      x1, . + 0x154
#7 0 80000168     7179 r 02         f0040ff0  c.addi16sp -0x3
#8 0 8000016a     d606 m f004101c   80000018  c.swsp   x1, 0x2c
#9 0 8000016c     d422 m f0041018   00000000  c.swsp   x8, 0x28
#10 0 8000016e     1800 r 08         f0041020  c.addi4spn  x8, 0xc
#11 0 80000170 f00407b7 r 0f         f0040000  lui      x15, -0xffc0
#12 0 80000174 00078793 r 0f         f0040000  addi     x15, x15, 0x0
#13 0 80000178 0007a803 r 10         00000008  lw       x16, 0x0(x15)
#14 0 8000017c     43c8 r 0a         00000002  c.lw     x10, 0x4(x15)
#15 0 8000017e     478c r 0b         00000005  c.lw     x11, 0x8(x15)
#16 0 80000180     47d0 r 0c         00000009  c.lw     x12, 0xc(x15)
#17 0 80000182     4b94 r 0d         00000003  c.lw     x13, 0x10(x15)
#18 0 80000184     4bd8 r 0e         00000001  c.lw     x14, 0x14(x15)
#19 0 80000186     4f9c r 0f         00000000  c.lw     x15, 0x18(x15)
#20 0 80000188 fd042823 m f0040ff0   00000008  sw       x16, -0x30(x8)
#21 0 8000018c fca42a23 m f0040ff4   00000002  sw       x10, -0x2c(x8)
#22 0 80000190 fcb42c23 m f0040ff8   00000005  sw       x11, -0x28(x8)
#23 0 80000194 fcc42e23 m f0040ffc   00000009  sw       x12, -0x24(x8)
#24 0 80000198 fed42023 m f0041000   00000003  sw       x13, -0x20(x8)
#25 0 8000019c fee42223 m f0041004   00000001  sw       x14, -0x1c(x8)
#26 0 800001a0 fef42423 m f0041008   00000000  sw       x15, -0x18(x8)
#27 0 800001a4     479d r 0f         00000007  c.li     x15, 0x7
#28 0 800001a6 fef42623 m f004100c   00000007  sw       x15, -0x14(x8)
#29 0 800001aa fd040793 r 0f         f0040ff0  addi     x15, x8, -0x30
#30 0 800001ae fec42583 r 0b         00000007  lw       x11, -0x14(x8)
#31 0 800001b2     853e r 0a         f0040ff0  c.mv     x10, x15
#32 0 800001b4     35d9 r 01         800001b6  c.jal    . - 0x13a
#33 0 8000007a     7179 r 02         f0040fc0  c.addi16sp -0x3
#34 0 8000007c     d622 m f0040fec   f0041020  c.swsp   x8, 0x2c
#35 0 8000007e     1800 r 08         f0040ff0  c.addi4spn  x8, 0xc
#36 0 80000080 fca42e23 m f0040fcc   f0040ff0  sw       x10, -0x24(x8)
#37 0 80000084 fcb42c23 m f0040fc8   00000007  sw       x11, -0x28(x8)
#38 0 80000088 fd842783 r 0f         00000007  lw       x15, -0x28(x8)
#39 0 8000008c 01f7d713 r 0e         00000000  srli     x14, x15, 0x1f
#40 0 80000090     97ba r 0f         00000007  c.add    x15, x14
#41 0 80000092     8785 r 0f         00000003  c.srai   x15, 0x1
#42 0 80000094 fef42623 m f0040fdc   00000003  sw       x15, -0x14(x8)
#43 0 80000098     a87d r 00         00000000  c.j      . + 0xbe
#44 0 80000156 fec42783 r 0f         00000003  lw       x15, -0x14(x8)
#45 0 8000015a f4f040e3 r 00         00000000  blt      x0, x15, . - 0xc0
#46 0 8000009a fec42783 r 0f         00000003  lw       x15, -0x14(x8)
#47 0 8000009e fef42423 m f0040fd8   00000003  sw       x15, -0x18(x8)
#48 0 800000a2     a861 r 00         00000000  c.j      . + 0x98
#49 0 8000013a fe842703 r 0e         00000003  lw       x14, -0x18(x8)
#50 0 8000013e fd842783 r 0f         00000007  lw       x15, -0x28(x8)
#51 0 80000142 f6f741e3 r 00         00000000  blt      x14, x15, . - 0x9e
#52 0 800000a4 fe842783 r 0f         00000003  lw       x15, -0x18(x8)
#53 0 800000a8     078a r 0f         0000000c  c.slli   x15, 2
#54 0 800000aa fdc42703 r 0e         f0040ff0  lw       x14, -0x24(x8)
#55 0 800000ae     97ba r 0f         f0040ffc  c.add    x15, x14
#56 0 800000b0     439c r 0f         00000009  c.lw     x15, 0x0(x15)
#57 0 800000b2 fef42023 m f0040fd0   00000009  sw       x15, -0x20(x8)
#58 0 800000b6 fe842783 r 0f         00000003  lw       x15, -0x18(x8)
#59 0 800000ba fef42223 m f0040fd4   00000003  sw       x15, -0x1c(x8)
#60 0 800000be     a81d r 00         00000000  c.j      . + 0x36
#61 0 800000f4 fe442703 r 0e         00000003  lw       x14, -0x1c(x8)
#62 0 800000f8 fec42783 r 0f         00000003  lw       x15, -0x14(x8)
#63 0 800000fc 02f74163 r 00         00000000  blt      x14, x15, . + 0x22
#64 0 80000100 fe442703 r 0e         00000003  lw       x14, -0x1c(x8)
#65 0 80000104 fec42783 r 0f         00000003  lw       x15, -0x14(x8)
#66 0 80000108 40f707b3 r 0f         00000000  sub      x15, x14, x15
#67 0 8000010c     078a r 0f         00000000  c.slli   x15, 2
#68 0 8000010e fdc42703 r 0e         f0040ff0  lw       x14, -0x24(x8)
#69 0 80000112     97ba r 0f         f0040ff0  c.add    x15, x14
#70 0 80000114     439c r 0f         00000008  c.lw     x15, 0x0(x15)
#71 0 80000116 fe042703 r 0e         00000009  lw       x14, -0x20(x8)
#72 0 8000011a faf743e3 r 00         00000000  blt      x14, x15, . - 0x5a
#73 0 8000011e fe442783 r 0f         00000003  lw       x15, -0x1c(x8)
#74 0 80000122     078a r 0f         0000000c  c.slli   x15, 2
#75 0 80000124 fdc42703 r 0e         f0040ff0  lw       x14, -0x24(x8)
#76 0 80000128     97ba r 0f         f0040ffc  c.add    x15, x14
#77 0 8000012a fe042703 r 0e         00000009  lw       x14, -0x20(x8)
#78 0 8000012e     c398 m f0040ffc   00000009  c.sw     x14, 0x0(x15)
#79 0 80000130 fe842783 r 0f         00000003  lw       x15, -0x18(x8)
#80 0 80000134     0785 r 0f         00000004  c.addi   x15, 0x1
#81 0 80000136 fef42423 m f0040fd8   00000004  sw       x15, -0x18(x8)
#82 0 8000013a fe842703 r 0e         00000004  lw       x14, -0x18(x8)
#83 0 8000013e fd842783 r 0f         00000007  lw       x15, -0x28(x8)
#84 0 80000142 f6f741e3 r 00         00000000  blt      x14, x15, . - 0x9e
#85 0 800000a4 fe842783 r 0f         00000004  lw       x15, -0x18(x8)
#86 0 800000a8     078a r 0f         00000010  c.slli   x15, 2
#87 0 800000aa fdc42703 r 0e         f0040ff0  lw       x14, -0x24(x8)
#88 0 800000ae     97ba r 0f         f0041000  c.add    x15, x14
#89 0 800000b0     439c r 0f         00000003  c.lw     x15, 0x0(x15)
#90 0 800000b2 fef42023 m f0040fd0   00000003  sw       x15, -0x20(x8)
#91 0 800000b6 fe842783 r 0f         00000004  lw       x15, -0x18(x8)
#92 0 800000ba fef42223 m f0040fd4   00000004  sw       x15, -0x1c(x8)
#93 0 800000be     a81d r 00         00000000  c.j      . + 0x36
#94 0 800000f4 fe442703 r 0e         00000004  lw       x14, -0x1c(x8)
#95 0 800000f8 fec42783 r 0f         00000003  lw       x15, -0x14(x8)
#96 0 800000fc 02f74163 r 00         00000000  blt      x14, x15, . + 0x22
#97 0 80000100 fe442703 r 0e         00000004  lw       x14, -0x1c(x8)
#98 0 80000104 fec42783 r 0f         00000003  lw       x15, -0x14(x8)
#99 0 80000108 40f707b3 r 0f         00000001  sub      x15, x14, x15
#100 0 8000010c     078a r 0f         00000004  c.slli   x15, 2
#101 0 8000010e fdc42703 r 0e         f0040ff0  lw       x14, -0x24(x8)
#102 0 80000112     97ba r 0f         f0040ff4  c.add    x15, x14
#103 0 80000114     439c r 0f         00000002  c.lw     x15, 0x0(x15)
#104 0 80000116 fe042703 r 0e         00000003  lw       x14, -0x20(x8)
#105 0 8000011a faf743e3 r 00         00000000  blt      x14, x15, . - 0x5a
#106 0 8000011e fe442783 r 0f         00000004  lw       x15, -0x1c(x8)
#107 0 80000122     078a r 0f         00000010  c.slli   x15, 2
#108 0 80000124 fdc42703 r 0e         f0040ff0  lw       x14, -0x24(x8)
#109 0 80000128     97ba r 0f         f0041000  c.add    x15, x14
#110 0 8000012a fe042703 r 0e         00000003  lw       x14, -0x20(x8)
#111 0 8000012e     c398 m f0041000   00000003  c.sw     x14, 0x0(x15)
#112 0 80000130 fe842783 r 0f         00000004  lw       x15, -0x18(x8)
#113 0 80000134     0785 r 0f         00000005  c.addi   x15, 0x1
#114 0 80000136 fef42423 m f0040fd8   00000005  sw       x15, -0x18(x8)
#115 0 8000013a fe842703 r 0e         00000005  lw       x14, -0x18(x8)
#116 0 8000013e fd842783 r 0f         00000007  lw       x15, -0x28(x8)
#117 0 80000142 f6f741e3 r 00         00000000  blt      x14, x15, . - 0x9e
#118 0 800000a4 fe842783 r 0f         00000005  lw       x15, -0x18(x8)
#119 0 800000a8     078a r 0f         00000014  c.slli   x15, 2
#120 0 800000aa fdc42703 r 0e         f0040ff0  lw       x14, -0x24(x8)
#121 0 800000ae     97ba r 0f         f0041004  c.add    x15, x14
#122 0 800000b0     439c r 0f         00000001  c.lw     x15, 0x0(x15)
#123 0 800000b2 fef42023 m f0040fd0   00000001  sw       x15, -0x20(x8)
#124 0 800000b6 fe842783 r 0f         00000005  lw       x15, -0x18(x8)
#125 0 800000ba fef42223 m f0040fd4   00000005  sw       x15, -0x1c(x8)
#126 0 800000be     a81d r 00         00000000  c.j      . + 0x36
#127 0 800000f4 fe442703 r 0e         00000005  lw       x14, -0x1c(x8)
#128 0 800000f8 fec42783 r 0f         00000003  lw       x15, -0x14(x8)
#129 0 800000fc 02f74163 r 00         00000000  blt      x14, x15, . + 0x22
#130 0 80000100 fe442703 r 0e         00000005  lw       x14, -0x1c(x8)
#131 0 80000104 fec42783 r 0f         00000003  lw       x15, -0x14(x8)
#132 0 80000108 40f707b3 r 0f         00000002  sub      x15, x14, x15
#133 0 8000010c     078a r 0f         00000008  c.slli   x15, 2
#134 0 8000010e fdc42703 r 0e         f0040ff0  lw       x14, -0x24(x8)
#135 0 80000112     97ba r 0f         f0040ff8  c.add    x15, x14
#136 0 80000114     439c r 0f         00000005  c.lw     x15, 0x0(x15)
#137 0 80000116 fe042703 r 0e         00000001  lw       x14, -0x20(x8)
#138 0 8000011a faf743e3 r 00         00000000  blt      x14, x15, . - 0x5a
#139 0 800000c0 fe442703 r 0e         00000005  lw       x14, -0x1c(x8)
#140 0 800000c4 fec42783 r 0f         00000003  lw       x15, -0x14(x8)
#141 0 800000c8 40f707b3 r 0f         00000002  sub      x15, x14, x15
#142 0 800000cc     078a r 0f         00000008  c.slli   x15, 2
#143 0 800000ce fdc42703 r 0e         f0040ff0  lw       x14, -0x24(x8)
#144 0 800000d2     973e r 0e         f0040ff8  c.add    x14, x15
#145 0 800000d4 fe442783 r 0f         00000005  lw       x15, -0x1c(x8)
#146 0 800000d8     078a r 0f         00000014  c.slli   x15, 2
#147 0 800000da fdc42683 r 0d         f0040ff0  lw       x13, -0x24(x8)
#148 0 800000de     97b6 r 0f         f0041004  c.add    x15, x13
#149 0 800000e0     4318 r 0e         00000005  c.lw     x14, 0x0(x14)
#150 0 800000e2     c398 m f0041004   00000005  c.sw     x14, 0x0(x15)
#151 0 800000e4 fe442703 r 0e         00000005  lw       x14, -0x1c(x8)
#152 0 800000e8 fec42783 r 0f         00000003  lw       x15, -0x14(x8)
#153 0 800000ec 40f707b3 r 0f         00000002  sub      x15, x14, x15
#154 0 800000f0 fef42223 m f0040fd4   00000002  sw       x15, -0x1c(x8)
#155 0 800000f4 fe442703 r 0e         00000002  lw       x14, -0x1c(x8)
#156 0 800000f8 fec42783 r 0f         00000003  lw       x15, -0x14(x8)
#157 0 800000fc 02f74163 r 00         00000000  blt      x14, x15, . + 0x22
#158 0 8000011e fe442783 r 0f         00000002  lw       x15, -0x1c(x8)
#159 0 80000122     078a r 0f         00000008  c.slli   x15, 2
#160 0 80000124 fdc42703 r 0e         f0040ff0  lw       x14, -0x24(x8)
#161 0 80000128     97ba r 0f         f0040ff8  c.add    x15, x14
#162 0 8000012a fe042703 r 0e         00000001  lw       x14, -0x20(x8)
#163 0 8000012e     c398 m f0040ff8   00000001  c.sw     x14, 0x0(x15)
#164 0 80000130 fe842783 r 0f         00000005  lw       x15, -0x18(x8)
#165 0 80000134     0785 r 0f         00000006  c.addi   x15, 0x1
#166 0 80000136 fef42423 m f0040fd8   00000006  sw       x15, -0x18(x8)
#167 0 8000013a fe842703 r 0e         00000006  lw       x14, -0x18(x8)
#168 0 8000013e fd842783 r 0f         00000007  lw       x15, -0x28(x8)
#169 0 80000142 f6f741e3 r 00         00000000  blt      x14, x15, . - 0x9e
#170 0 800000a4 fe842783 r 0f         00000006  lw       x15, -0x18(x8)
#171 0 800000a8     078a r 0f         00000018  c.slli   x15, 2
#172 0 800000aa fdc42703 r 0e         f0040ff0  lw       x14, -0x24(x8)
#173 0 800000ae     97ba r 0f         f0041008  c.add    x15, x14
#174 0 800000b0     439c r 0f         00000000  c.lw     x15, 0x0(x15)
#175 0 800000b2 fef42023 m f0040fd0   00000000  sw       x15, -0x20(x8)
#176 0 800000b6 fe842783 r 0f         00000006  lw       x15, -0x18(x8)
#177 0 800000ba fef42223 m f0040fd4   00000006  sw       x15, -0x1c(x8)
#178 0 800000be     a81d r 00         00000000  c.j      . + 0x36
#179 0 800000f4 fe442703 r 0e         00000006  lw       x14, -0x1c(x8)
#180 0 800000f8 fec42783 r 0f         00000003  lw       x15, -0x14(x8)
#181 0 800000fc 02f74163 r 00         00000000  blt      x14, x15, . + 0x22
#182 0 80000100 fe442703 r 0e         00000006  lw       x14, -0x1c(x8)
#183 0 80000104 fec42783 r 0f         00000003  lw       x15, -0x14(x8)
#184 0 80000108 40f707b3 r 0f         00000003  sub      x15, x14, x15
#185 0 8000010c     078a r 0f         0000000c  c.slli   x15, 2
#186 0 8000010e fdc42703 r 0e         f0040ff0  lw       x14, -0x24(x8)
#187 0 80000112     97ba r 0f         f0040ffc  c.add    x15, x14
#188 0 80000114     439c r 0f         00000009  c.lw     x15, 0x0(x15)
#189 0 80000116 fe042703 r 0e         00000000  lw       x14, -0x20(x8)
#190 0 8000011a faf743e3 r 00         00000000  blt      x14, x15, . - 0x5a
#191 0 800000c0 fe442703 r 0e         00000006  lw       x14, -0x1c(x8)
#192 0 800000c4 fec42783 r 0f         00000003  lw       x15, -0x14(x8)
#193 0 800000c8 40f707b3 r 0f         00000003  sub      x15, x14, x15
#194 0 800000cc     078a r 0f         0000000c  c.slli   x15, 2
#195 0 800000ce fdc42703 r 0e         f0040ff0  lw       x14, -0x24(x8)
#196 0 800000d2     973e r 0e         f0040ffc  c.add    x14, x15
#197 0 800000d4 fe442783 r 0f         00000006  lw       x15, -0x1c(x8)
#198 0 800000d8     078a r 0f         00000018  c.slli   x15, 2
#199 0 800000da fdc42683 r 0d         f0040ff0  lw       x13, -0x24(x8)
#200 0 800000de     97b6 r 0f         f0041008  c.add    x15, x13
#201 0 800000e0     4318 r 0e         00000009  c.lw     x14, 0x0(x14)
#202 0 800000e2     c398 m f0041008   00000009  c.sw     x14, 0x0(x15)
#203 0 800000e4 fe442703 r 0e         00000006  lw       x14, -0x1c(x8)
#204 0 800000e8 fec42783 r 0f         00000003  lw       x15, -0x14(x8)
#205 0 800000ec 40f707b3 r 0f         00000003  sub      x15, x14, x15
#206 0 800000f0 fef42223 m f0040fd4   00000003  sw       x15, -0x1c(x8)
#207 0 800000f4 fe442703 r 0e         00000003  lw       x14, -0x1c(x8)
#208 0 800000f8 fec42783 r 0f         00000003  lw       x15, -0x14(x8)
#209 0 800000fc 02f74163 r 00         00000000  blt      x14, x15, . + 0x22
#210 0 80000100 fe442703 r 0e         00000003  lw       x14, -0x1c(x8)
#211 0 80000104 fec42783 r 0f         00000003  lw       x15, -0x14(x8)
#212 0 80000108 40f707b3 r 0f         00000000  sub      x15, x14, x15
#213 0 8000010c     078a r 0f         00000000  c.slli   x15, 2
#214 0 8000010e fdc42703 r 0e         f0040ff0  lw       x14, -0x24(x8)
#215 0 80000112     97ba r 0f         f0040ff0  c.add    x15, x14
#216 0 80000114     439c r 0f         00000008  c.lw     x15, 0x0(x15)
#217 0 80000116 fe042703 r 0e         00000000  lw       x14, -0x20(x8)
#218 0 8000011a faf743e3 r 00         00000000  blt      x14, x15, . - 0x5a
#219 0 800000c0 fe442703 r 0e         00000003  lw       x14, -0x1c(x8)
#220 0 800000c4 fec42783 r 0f         00000003  lw       x15, -0x14(x8)
#221 0 800000c8 40f707b3 r 0f         00000000  sub      x15, x14, x15
#222 0 800000cc     078a r 0f         00000000  c.slli   x15, 2
#223 0 800000ce fdc42703 r 0e         f0040ff0  lw       x14, -0x24(x8)
#224 0 800000d2     973e r 0e         f0040ff0  c.add    x14, x15
#225 0 800000d4 fe442783 r 0f         00000003  lw       x15, -0x1c(x8)
#226 0 800000d8     078a r 0f         0000000c  c.slli   x15, 2
#227 0 800000da fdc42683 r 0d         f0040ff0  lw       x13, -0x24(x8)
#228 0 800000de     97b6 r 0f         f0040ffc  c.add    x15, x13
#229 0 800000e0     4318 r 0e         00000008  c.lw     x14, 0x0(x14)
#230 0 800000e2     c398 m f0040ffc   00000008  c.sw     x14, 0x0(x15)
#231 0 800000e4 fe442703 r 0e         00000003  lw       x14, -0x1c(x8)
#232 0 800000e8 fec42783 r 0f         00000003  lw       x15, -0x14(x8)
#233 0 800000ec 40f707b3 r 0f         00000000  sub      x15, x14, x15
#234 0 800000f0 fef42223 m f0040fd4   00000000  sw       x15, -0x1c(x8)
#235 0 800000f4 fe442703 r 0e         00000000  lw       x14, -0x1c(x8)
#236 0 800000f8 fec42783 r 0f         00000003  lw       x15, -0x14(x8)
#237 0 800000fc 02f74163 r 00         00000000  blt      x14, x15, . + 0x22
#238 0 8000011e fe442783 r 0f         00000000  lw       x15, -0x1c(x8)
#239 0 80000122     078a r 0f         00000000  c.slli   x15, 2
#240 0 80000124 fdc42703 r 0e         f0040ff0  lw       x14, -0x24(x8)
#241 0 80000128     97ba r 0f         f0040ff0  c.add    x15, x14
#242 0 8000012a fe042703 r 0e         00000000  lw       x14, -0x20(x8)
#243 0 8000012e     c398 m f0040ff0   00000000  c.sw     x14, 0x0(x15)
#244 0 80000130 fe842783 r 0f         00000006  lw       x15, -0x18(x8)
#245 0 80000134     0785 r 0f         00000007  c.addi   x15, 0x1
#246 0 80000136 fef42423 m f0040fd8   00000007  sw       x15, -0x18(x8)
#247 0 8000013a fe842703 r 0e         00000007  lw       x14, -0x18(x8)
#248 0 8000013e fd842783 r 0f         00000007  lw       x15, -0x28(x8)
#249 0 80000142 f6f741e3 r 00         00000000  blt      x14, x15, . - 0x9e
#250 0 80000146 fec42783 r 0f         00000003  lw       x15, -0x14(x8)
#251 0 8000014a 01f7d713 r 0e         00000000  srli     x14, x15, 0x1f
#252 0 8000014e     97ba r 0f         00000003  c.add    x15, x14
#253 0 80000150     8785 r 0f         00000001  c.srai   x15, 0x1
#254 0 80000152 fef42623 m f0040fdc   00000001  sw       x15, -0x14(x8)
#255 0 80000156 fec42783 r 0f         00000001  lw       x15, -0x14(x8)
#256 0 8000015a f4f040e3 r 00         00000000  blt      x0, x15, . - 0xc0
#257 0 8000009a fec42783 r 0f         00000001  lw       x15, -0x14(x8)
#258 0 8000009e fef42423 m f0040fd8   00000001  sw       x15, -0x18(x8)
#259 0 800000a2     a861 r 00         00000000  c.j      . + 0x98
#260 0 8000013a fe842703 r 0e         00000001  lw       x14, -0x18(x8)
#261 0 8000013e fd842783 r 0f         00000007  lw       x15, -0x28(x8)
#262 0 80000142 f6f741e3 r 00         00000000  blt      x14, x15, . - 0x9e
#263 0 800000a4 fe842783 r 0f         00000001  lw       x15, -0x18(x8)
#264 0 800000a8     078a r 0f         00000004  c.slli   x15, 2
#265 0 800000aa fdc42703 r 0e         f0040ff0  lw       x14, -0x24(x8)
#266 0 800000ae     97ba r 0f         f0040ff4  c.add    x15, x14
#267 0 800000b0     439c r 0f         00000002  c.lw     x15, 0x0(x15)
#268 0 800000b2 fef42023 m f0040fd0   00000002  sw       x15, -0x20(x8)
#269 0 800000b6 fe842783 r 0f         00000001  lw       x15, -0x18(x8)
#270 0 800000ba fef42223 m f0040fd4   00000001  sw       x15, -0x1c(x8)
#271 0 800000be     a81d r 00         00000000  c.j      . + 0x36
#272 0 800000f4 fe442703 r 0e         00000001  lw       x14, -0x1c(x8)
#273 0 800000f8 fec42783 r 0f         00000001  lw       x15, -0x14(x8)
#274 0 800000fc 02f74163 r 00         00000000  blt      x14, x15, . + 0x22
#275 0 80000100 fe442703 r 0e         00000001  lw       x14, -0x1c(x8)
#276 0 80000104 fec42783 r 0f         00000001  lw       x15, -0x14(x8)
#277 0 80000108 40f707b3 r 0f         00000000  sub      x15, x14, x15
#278 0 8000010c     078a r 0f         00000000  c.slli   x15, 2
#279 0 8000010e fdc42703 r 0e         f0040ff0  lw       x14, -0x24(x8)
#280 0 80000112     97ba r 0f         f0040ff0  c.add    x15, x14
#281 0 80000114     439c r 0f         00000000  c.lw     x15, 0x0(x15)
#282 0 80000116 fe042703 r 0e         00000002  lw       x14, -0x20(x8)
#283 0 8000011a faf743e3 r 00         00000000  blt      x14, x15, . - 0x5a
#284 0 8000011e fe442783 r 0f         00000001  lw       x15, -0x1c(x8)
#285 0 80000122     078a r 0f         00000004  c.slli   x15, 2
#286 0 80000124 fdc42703 r 0e         f0040ff0  lw       x14, -0x24(x8)
#287 0 80000128     97ba r 0f         f0040ff4  c.add    x15, x14
#288 0 8000012a fe042703 r 0e         00000002  lw       x14, -0x20(x8)
#289 0 8000012e     c398 m f0040ff4   00000002  c.sw     x14, 0x0(x15)
#290 0 80000130 fe842783 r 0f         00000001  lw       x15, -0x18(x8)
#291 0 80000134     0785 r 0f         00000002  c.addi   x15, 0x1
#292 0 80000136 fef42423 m f0040fd8   00000002  sw       x15, -0x18(x8)
#293 0 8000013a fe842703 r 0e         00000002  lw       x14, -0x18(x8)
#294 0 8000013e fd842783 r 0f         00000007  lw       x15, -0x28(x8)
#295 0 80000142 f6f741e3 r 00         00000000  blt      x14, x15, . - 0x9e
#296 0 800000a4 fe842783 r 0f         00000002  lw       x15, -0x18(x8)
#297 0 800000a8     078a r 0f         00000008  c.slli   x15, 2
#298 0 800000aa fdc42703 r 0e         f0040ff0  lw       x14, -0x24(x8)
#299 0 800000ae     97ba r 0f         f0040ff8  c.add    x15, x14
#300 0 800000b0     439c r 0f         00000001  c.lw     x15, 0x0(x15)
#301 0 800000b2 fef42023 m f0040fd0   00000001  sw       x15, -0x20(x8)
#302 0 800000b6 fe842783 r 0f         00000002  lw       x15, -0x18(x8)
#303 0 800000ba fef42223 m f0040fd4   00000002  sw       x15, -0x1c(x8)
#304 0 800000be     a81d r 00         00000000  c.j      . + 0x36
#305 0 800000f4 fe442703 r 0e         00000002  lw       x14, -0x1c(x8)
#306 0 800000f8 fec42783 r 0f         00000001  lw       x15, -0x14(x8)
#307 0 800000fc 02f74163 r 00         00000000  blt      x14, x15, . + 0x22
#308 0 80000100 fe442703 r 0e         00000002  lw       x14, -0x1c(x8)
#309 0 80000104 fec42783 r 0f         00000001  lw       x15, -0x14(x8)
#310 0 80000108 40f707b3 r 0f         00000001  sub      x15, x14, x15
#311 0 8000010c     078a r 0f         00000004  c.slli   x15, 2
#312 0 8000010e fdc42703 r 0e         f0040ff0  lw       x14, -0x24(x8)
#313 0 80000112     97ba r 0f         f0040ff4  c.add    x15, x14
#314 0 80000114     439c r 0f         00000002  c.lw     x15, 0x0(x15)
#315 0 80000116 fe042703 r 0e         00000001  lw       x14, -0x20(x8)
#316 0 8000011a faf743e3 r 00         00000000  blt      x14, x15, . - 0x5a
#317 0 800000c0 fe442703 r 0e         00000002  lw       x14, -0x1c(x8)
#318 0 800000c4 fec42783 r 0f         00000001  lw       x15, -0x14(x8)
#319 0 800000c8 40f707b3 r 0f         00000001  sub      x15, x14, x15
#320 0 800000cc     078a r 0f         00000004  c.slli   x15, 2
#321 0 800000ce fdc42703 r 0e         f0040ff0  lw       x14, -0x24(x8)
#322 0 800000d2     973e r 0e         f0040ff4  c.add    x14, x15
#323 0 800000d4 fe442783 r 0f         00000002  lw       x15, -0x1c(x8)
#324 0 800000d8     078a r 0f         00000008  c.slli   x15, 2
#325 0 800000da fdc42683 r 0d         f0040ff0  lw       x13, -0x24(x8)
#326 0 800000de     97b6 r 0f         f0040ff8  c.add    x15, x13
#327 0 800000e0     4318 r 0e         00000002  c.lw     x14, 0x0(x14)
#328 0 800000e2     c398 m f0040ff8   00000002  c.sw     x14, 0x0(x15)
#329 0 800000e4 fe442703 r 0e         00000002  lw       x14, -0x1c(x8)
#330 0 800000e8 fec42783 r 0f         00000001  lw       x15, -0x14(x8)
#331 0 800000ec 40f707b3 r 0f         00000001  sub      x15, x14, x15
#332 0 800000f0 fef42223 m f0040fd4   00000001  sw       x15, -0x1c(x8)
#333 0 800000f4 fe442703 r 0e         00000001  lw       x14, -0x1c(x8)
#334 0 800000f8 fec42783 r 0f         00000001  lw       x15, -0x14(x8)
#335 0 800000fc 02f74163 r 00         00000000  blt      x14, x15, . + 0x22
#336 0 80000100 fe442703 r 0e         00000001  lw       x14, -0x1c(x8)
#337 0 80000104 fec42783 r 0f         00000001  lw       x15, -0x14(x8)
#338 0 80000108 40f707b3 r 0f         00000000  sub      x15, x14, x15
#339 0 8000010c     078a r 0f         00000000  c.slli   x15, 2
#340 0 8000010e fdc42703 r 0e         f0040ff0  lw       x14, -0x24(x8)
#341 0 80000112     97ba r 0f         f0040ff0  c.add    x15, x14
#342 0 80000114     439c r 0f         00000000  c.lw     x15, 0x0(x15)
#343 0 80000116 fe042703 r 0e         00000001  lw       x14, -0x20(x8)
#344 0 8000011a faf743e3 r 00         00000000  blt      x14, x15, . - 0x5a
#345 0 8000011e fe442783 r 0f         00000001  lw       x15, -0x1c(x8)
#346 0 80000122     078a r 0f         00000004  c.slli   x15, 2
#347 0 80000124 fdc42703 r 0e         f0040ff0  lw       x14, -0x24(x8)
#348 0 80000128     97ba r 0f         f0040ff4  c.add    x15, x14
#349 0 8000012a fe042703 r 0e         00000001  lw       x14, -0x20(x8)
#350 0 8000012e     c398 m f0040ff4   00000001  c.sw     x14, 0x0(x15)
#351 0 80000130 fe842783 r 0f         00000002  lw       x15, -0x18(x8)
#352 0 80000134     0785 r 0f         00000003  c.addi   x15, 0x1
#353 0 80000136 fef42423 m f0040fd8   00000003  sw       x15, -0x18(x8)
#354 0 8000013a fe842703 r 0e         00000003  lw       x14, -0x18(x8)
#355 0 8000013e fd842783 r 0f         00000007  lw       x15, -0x28(x8)
#356 0 80000142 f6f741e3 r 00         00000000  blt      x14, x15, . - 0x9e
#357 0 800000a4 fe842783 r 0f         00000003  lw       x15, -0x18(x8)
#358 0 800000a8     078a r 0f         0000000c  c.slli   x15, 2
#359 0 800000aa fdc42703 r 0e         f0040ff0  lw       x14, -0x24(x8)
#360 0 800000ae     97ba r 0f         f0040ffc  c.add    x15, x14
#361 0 800000b0     439c r 0f         00000008  c.lw     x15, 0x0(x15)
#362 0 800000b2 fef42023 m f0040fd0   00000008  sw       x15, -0x20(x8)
#363 0 800000b6 fe842783 r 0f         00000003  lw       x15, -0x18(x8)
#364 0 800000ba fef42223 m f0040fd4   00000003  sw       x15, -0x1c(x8)
#365 0 800000be     a81d r 00         00000000  c.j      . + 0x36
#366 0 800000f4 fe442703 r 0e         00000003  lw       x14, -0x1c(x8)
#367 0 800000f8 fec42783 r 0f         00000001  lw       x15, -0x14(x8)
#368 0 800000fc 02f74163 r 00         00000000  blt      x14, x15, . + 0x22
#369 0 80000100 fe442703 r 0e         00000003  lw       x14, -0x1c(x8)
#370 0 80000104 fec42783 r 0f         00000001  lw       x15, -0x14(x8)
#371 0 80000108 40f707b3 r 0f         00000002  sub      x15, x14, x15
#372 0 8000010c     078a r 0f         00000008  c.slli   x15, 2
#373 0 8000010e fdc42703 r 0e         f0040ff0  lw       x14, -0x24(x8)
#374 0 80000112     97ba r 0f         f0040ff8  c.add    x15, x14
#375 0 80000114     439c r 0f         00000002  c.lw     x15, 0x0(x15)
#376 0 80000116 fe042703 r 0e         00000008  lw       x14, -0x20(x8)
#377 0 8000011a faf743e3 r 00         00000000  blt      x14, x15, . - 0x5a
#378 0 8000011e fe442783 r 0f         00000003  lw       x15, -0x1c(x8)
#379 0 80000122     078a r 0f         0000000c  c.slli   x15, 2
#380 0 80000124 fdc42703 r 0e         f0040ff0  lw       x14, -0x24(x8)
#381 0 80000128     97ba r 0f         f0040ffc  c.add    x15, x14
#382 0 8000012a fe042703 r 0e         00000008  lw       x14, -0x20(x8)
#383 0 8000012e     c398 m f0040ffc   00000008  c.sw     x14, 0x0(x15)
#384 0 80000130 fe842783 r 0f         00000003  lw       x15, -0x18(x8)
#385 0 80000134     0785 r 0f         00000004  c.addi   x15, 0x1
#386 0 80000136 fef42423 m f0040fd8   00000004  sw       x15, -0x18(x8)
#387 0 8000013a fe842703 r 0e         00000004  lw       x14, -0x18(x8)
#388 0 8000013e fd842783 r 0f         00000007  lw       x15, -0x28(x8)
#389 0 80000142 f6f741e3 r 00         00000000  blt      x14, x15, . - 0x9e
#390 0 800000a4 fe842783 r 0f         00000004  lw       x15, -0x18(x8)
#391 0 800000a8     078a r 0f         00000010  c.slli   x15, 2
#392 0 800000aa fdc42703 r 0e         f0040ff0  lw       x14, -0x24(x8)
#393 0 800000ae     97ba r 0f         f0041000  c.add    x15, x14
#394 0 800000b0     439c r 0f         00000003  c.lw     x15, 0x0(x15)
#395 0 800000b2 fef42023 m f0040fd0   00000003  sw       x15, -0x20(x8)
#396 0 800000b6 fe842783 r 0f         00000004  lw       x15, -0x18(x8)
#397 0 800000ba fef42223 m f0040fd4   00000004  sw       x15, -0x1c(x8)
#398 0 800000be     a81d r 00         00000000  c.j      . + 0x36
#399 0 800000f4 fe442703 r 0e         00000004  lw       x14, -0x1c(x8)
#400 0 800000f8 fec42783 r 0f         00000001  lw       x15, -0x14(x8)
#401 0 800000fc 02f74163 r 00         00000000  blt      x14, x15, . + 0x22
#402 0 80000100 fe442703 r 0e         00000004  lw       x14, -0x1c(x8)
#403 0 80000104 fec42783 r 0f         00000001  lw       x15, -0x14(x8)
#404 0 80000108 40f707b3 r 0f         00000003  sub      x15, x14, x15
#405 0 8000010c     078a r 0f         0000000c  c.slli   x15, 2
#406 0 8000010e fdc42703 r 0e         f0040ff0  lw       x14, -0x24(x8)
#407 0 80000112     97ba r 0f         f0040ffc  c.add    x15, x14
#408 0 80000114     439c r 0f         00000008  c.lw     x15, 0x0(x15)
#409 0 80000116 fe042703 r 0e         00000003  lw       x14, -0x20(x8)
#410 0 8000011a faf743e3 r 00         00000000  blt      x14, x15, . - 0x5a
#411 0 800000c0 fe442703 r 0e         00000004  lw       x14, -0x1c(x8)
#412 0 800000c4 fec42783 r 0f         00000001  lw       x15, -0x14(x8)
#413 0 800000c8 40f707b3 r 0f         00000003  sub      x15, x14, x15
#414 0 800000cc     078a r 0f         0000000c  c.slli   x15, 2
#415 0 800000ce fdc42703 r 0e         f0040ff0  lw       x14, -0x24(x8)
#416 0 800000d2     973e r 0e         f0040ffc  c.add    x14, x15
#417 0 800000d4 fe442783 r 0f         00000004  lw       x15, -0x1c(x8)
#418 0 800000d8     078a r 0f         00000010  c.slli   x15, 2
#419 0 800000da fdc42683 r 0d         f0040ff0  lw       x13, -0x24(x8)
#420 0 800000de     97b6 r 0f         f0041000  c.add    x15, x13
#421 0 800000e0     4318 r 0e         00000008  c.lw     x14, 0x0(x14)
#422 0 800000e2     c398 m f0041000   00000008  c.sw     x14, 0x0(x15)
#423 0 800000e4 fe442703 r 0e         00000004  lw       x14, -0x1c(x8)
#424 0 800000e8 fec42783 r 0f         00000001  lw       x15, -0x14(x8)
#425 0 800000ec 40f707b3 r 0f         00000003  sub      x15, x14, x15
#426 0 800000f0 fef42223 m f0040fd4   00000003  sw       x15, -0x1c(x8)
#427 0 800000f4 fe442703 r 0e         00000003  lw       x14, -0x1c(x8)
#428 0 800000f8 fec42783 r 0f         00000001  lw       x15, -0x14(x8)
#429 0 800000fc 02f74163 r 00         00000000  blt      x14, x15, . + 0x22
#430 0 80000100 fe442703 r 0e         00000003  lw       x14, -0x1c(x8)
#431 0 80000104 fec42783 r 0f         00000001  lw       x15, -0x14(x8)
#432 0 80000108 40f707b3 r 0f         00000002  sub      x15, x14, x15
#433 0 8000010c     078a r 0f         00000008  c.slli   x15, 2
#434 0 8000010e fdc42703 r 0e         f0040ff0  lw       x14, -0x24(x8)
#435 0 80000112     97ba r 0f         f0040ff8  c.add    x15, x14
#436 0 80000114     439c r 0f         00000002  c.lw     x15, 0x0(x15)
#437 0 80000116 fe042703 r 0e         00000003  lw       x14, -0x20(x8)
#438 0 8000011a faf743e3 r 00         00000000  blt      x14, x15, . - 0x5a
#439 0 8000011e fe442783 r 0f         00000003  lw       x15, -0x1c(x8)
#440 0 80000122     078a r 0f         0000000c  c.slli   x15, 2
#441 0 80000124 fdc42703 r 0e         f0040ff0  lw       x14, -0x24(x8)
#442 0 80000128     97ba r 0f         f0040ffc  c.add    x15, x14
#443 0 8000012a fe042703 r 0e         00000003  lw       x14, -0x20(x8)
#444 0 8000012e     c398 m f0040ffc   00000003  c.sw     x14, 0x0(x15)
#445 0 80000130 fe842783 r 0f         00000004  lw       x15, -0x18(x8)
#446 0 80000134     0785 r 0f         00000005  c.addi   x15, 0x1
#447 0 80000136 fef42423 m f0040fd8   00000005  sw       x15, -0x18(x8)
#448 0 8000013a fe842703 r 0e         00000005  lw       x14, -0x18(x8)
#449 0 8000013e fd842783 r 0f         00000007  lw       x15, -0x28(x8)
#450 0 80000142 f6f741e3 r 00         00000000  blt      x14, x15, . - 0x9e
#451 0 800000a4 fe842783 r 0f         00000005  lw       x15, -0x18(x8)
#452 0 800000a8     078a r 0f         00000014  c.slli   x15, 2
#453 0 800000aa fdc42703 r 0e         f0040ff0  lw       x14, -0x24(x8)
#454 0 800000ae     97ba r 0f         f0041004  c.add    x15, x14
#455 0 800000b0     439c r 0f         00000005  c.lw     x15, 0x0(x15)
#456 0 800000b2 fef42023 m f0040fd0   00000005  sw       x15, -0x20(x8)
#457 0 800000b6 fe842783 r 0f         00000005  lw       x15, -0x18(x8)
#458 0 800000ba fef42223 m f0040fd4   00000005  sw       x15, -0x1c(x8)
#459 0 800000be     a81d r 00         00000000  c.j      . + 0x36
#460 0 800000f4 fe442703 r 0e         00000005  lw       x14, -0x1c(x8)
#461 0 800000f8 fec42783 r 0f         00000001  lw       x15, -0x14(x8)
#462 0 800000fc 02f74163 r 00         00000000  blt      x14, x15, . + 0x22
#463 0 80000100 fe442703 r 0e         00000005  lw       x14, -0x1c(x8)
#464 0 80000104 fec42783 r 0f         00000001  lw       x15, -0x14(x8)
#465 0 80000108 40f707b3 r 0f         00000004  sub      x15, x14, x15
#466 0 8000010c     078a r 0f         00000010  c.slli   x15, 2
#467 0 8000010e fdc42703 r 0e         f0040ff0  lw       x14, -0x24(x8)
#468 0 80000112     97ba r 0f         f0041000  c.add    x15, x14
#469 0 80000114     439c r 0f         00000008  c.lw     x15, 0x0(x15)
#470 0 80000116 fe042703 r 0e         00000005  lw       x14, -0x20(x8)
#471 0 8000011a faf743e3 r 00         00000000  blt      x14, x15, . - 0x5a
#472 0 800000c0 fe442703 r 0e         00000005  lw       x14, -0x1c(x8)
#473 0 800000c4 fec42783 r 0f         00000001  lw       x15, -0x14(x8)
#474 0 800000c8 40f707b3 r 0f         00000004  sub      x15, x14, x15
#475 0 800000cc     078a r 0f         00000010  c.slli   x15, 2
#476 0 800000ce fdc42703 r 0e         f0040ff0  lw       x14, -0x24(x8)
#477 0 800000d2     973e r 0e         f0041000  c.add    x14, x15
#478 0 800000d4 fe442783 r 0f         00000005  lw       x15, -0x1c(x8)
#479 0 800000d8     078a r 0f         00000014  c.slli   x15, 2
#480 0 800000da fdc42683 r 0d         f0040ff0  lw       x13, -0x24(x8)
#481 0 800000de     97b6 r 0f         f0041004  c.add    x15, x13
#482 0 800000e0     4318 r 0e         00000008  c.lw     x14, 0x0(x14)
#483 0 800000e2     c398 m f0041004   00000008  c.sw     x14, 0x0(x15)
#484 0 800000e4 fe442703 r 0e         00000005  lw       x14, -0x1c(x8)
#485 0 800000e8 fec42783 r 0f         00000001  lw       x15, -0x14(x8)
#486 0 800000ec 40f707b3 r 0f         00000004  sub      x15, x14, x15
#487 0 800000f0 fef42223 m f0040fd4   00000004  sw       x15, -0x1c(x8)
#488 0 800000f4 fe442703 r 0e         00000004  lw       x14, -0x1c(x8)
#489 0 800000f8 fec42783 r 0f         00000001  lw       x15, -0x14(x8)
#490 0 800000fc 02f74163 r 00         00000000  blt      x14, x15, . + 0x22
#491 0 80000100 fe442703 r 0e         00000004  lw       x14, -0x1c(x8)
#492 0 80000104 fec42783 r 0f         00000001  lw       x15, -0x14(x8)
#493 0 80000108 40f707b3 r 0f         00000003  sub      x15, x14, x15
#494 0 8000010c     078a r 0f         0000000c  c.slli   x15, 2
#495 0 8000010e fdc42703 r 0e         f0040ff0  lw       x14, -0x24(x8)
#496 0 80000112     97ba r 0f         f0040ffc  c.add    x15, x14
#497 0 80000114     439c r 0f         00000003  c.lw     x15, 0x0(x15)
#498 0 80000116 fe042703 r 0e         00000005  lw       x14, -0x20(x8)
#499 0 8000011a faf743e3 r 00         00000000  blt      x14, x15, . - 0x5a
#500 0 8000011e fe442783 r 0f         00000004  lw       x15, -0x1c(x8)
#501 0 80000122     078a r 0f         00000010  c.slli   x15, 2
#502 0 80000124 fdc42703 r 0e         f0040ff0  lw       x14, -0x24(x8)
#503 0 80000128     97ba r 0f         f0041000  c.add    x15, x14
#504 0 8000012a fe042703 r 0e         00000005  lw       x14, -0x20(x8)
#505 0 8000012e     c398 m f0041000   00000005  c.sw     x14, 0x0(x15)
#506 0 80000130 fe842783 r 0f         00000005  lw       x15, -0x18(x8)
#507 0 80000134     0785 r 0f         00000006  c.addi   x15, 0x1
#508 0 80000136 fef42423 m f0040fd8   00000006  sw       x15, -0x18(x8)
#509 0 8000013a fe842703 r 0e         00000006  lw       x14, -0x18(x8)
#510 0 8000013e fd842783 r 0f         00000007  lw       x15, -0x28(x8)
#511 0 80000142 f6f741e3 r 00         00000000  blt      x14, x15, . - 0x9e
#512 0 800000a4 fe842783 r 0f         00000006  lw       x15, -0x18(x8)
#513 0 800000a8     078a r 0f         00000018  c.slli   x15, 2
#514 0 800000aa fdc42703 r 0e         f0040ff0  lw       x14, -0x24(x8)
#515 0 800000ae     97ba r 0f         f0041008  c.add    x15, x14
#516 0 800000b0     439c r 0f         00000009  c.lw     x15, 0x0(x15)
#517 0 800000b2 fef42023 m f0040fd0   00000009  sw       x15, -0x20(x8)
#518 0 800000b6 fe842783 r 0f         00000006  lw       x15, -0x18(x8)
#519 0 800000ba fef42223 m f0040fd4   00000006  sw       x15, -0x1c(x8)
#520 0 800000be     a81d r 00         00000000  c.j      . + 0x36
#521 0 800000f4 fe442703 r 0e         00000006  lw       x14, -0x1c(x8)
#522 0 800000f8 fec42783 r 0f         00000001  lw       x15, -0x14(x8)
#523 0 800000fc 02f74163 r 00         00000000  blt      x14, x15, . + 0x22
#524 0 80000100 fe442703 r 0e         00000006  lw       x14, -0x1c(x8)
#525 0 80000104 fec42783 r 0f         00000001  lw       x15, -0x14(x8)
#526 0 80000108 40f707b3 r 0f         00000005  sub      x15, x14, x15
#527 0 8000010c     078a r 0f         00000014  c.slli   x15, 2
#528 0 8000010e fdc42703 r 0e         f0040ff0  lw       x14, -0x24(x8)
#529 0 80000112     97ba r 0f         f0041004  c.add    x15, x14
#530 0 80000114     439c r 0f         00000008  c.lw     x15, 0x0(x15)
#531 0 80000116 fe042703 r 0e         00000009  lw       x14, -0x20(x8)
#532 0 8000011a faf743e3 r 00         00000000  blt      x14, x15, . - 0x5a
#533 0 8000011e fe442783 r 0f         00000006  lw       x15, -0x1c(x8)
#534 0 80000122     078a r 0f         00000018  c.slli   x15, 2
#535 0 80000124 fdc42703 r 0e         f0040ff0  lw       x14, -0x24(x8)
#536 0 80000128     97ba r 0f         f0041008  c.add    x15, x14
#537 0 8000012a fe042703 r 0e         00000009  lw       x14, -0x20(x8)
#538 0 8000012e     c398 m f0041008   00000009  c.sw     x14, 0x0(x15)
#539 0 80000130 fe842783 r 0f         00000006  lw       x15, -0x18(x8)
#540 0 80000134     0785 r 0f         00000007  c.addi   x15, 0x1
#541 0 80000136 fef42423 m f0040fd8   00000007  sw       x15, -0x18(x8)
#542 0 8000013a fe842703 r 0e         00000007  lw       x14, -0x18(x8)
#543 0 8000013e fd842783 r 0f         00000007  lw       x15, -0x28(x8)
#544 0 80000142 f6f741e3 r 00         00000000  blt      x14, x15, . - 0x9e
#545 0 80000146 fec42783 r 0f         00000001  lw       x15, -0x14(x8)
#546 0 8000014a 01f7d713 r 0e         00000000  srli     x14, x15, 0x1f
#547 0 8000014e     97ba r 0f         00000001  c.add    x15, x14
#548 0 80000150     8785 r 0f         00000000  c.srai   x15, 0x1
#549 0 80000152 fef42623 m f0040fdc   00000000  sw       x15, -0x14(x8)
#550 0 80000156 fec42783 r 0f         00000000  lw       x15, -0x14(x8)
#551 0 8000015a f4f040e3 r 00         00000000  blt      x0, x15, . - 0xc0
#552 0 8000015e     0001 r 00         00000000  c.nop
#553 0 80000160     0001 r 00         00000000  c.nop
#554 0 80000162     5432 r 08         f0041020  c.lwsp   x8, 0x2c
#555 0 80000164     6145 r 02         f0040ff0  c.addi16sp 0x3
#556 0 80000166     8082 r 00         00000000  c.jr     x1
#557 0 800001b6     0001 r 00         00000000  c.nop
#558 0 800001b8     50b2 r 01         80000018  c.lwsp   x1, 0x2c
#559 0 800001ba     5422 r 08         00000000  c.lwsp   x8, 0x28
#560 0 800001bc     6145 r 02         f0041020  c.addi16sp 0x3
#561 0 800001be     8082 r 00         00000000  c.jr     x1
#562 0 80000018 50580297 r 05         d0580018  auipc    x5, 0x50580
#563 0 8000001c fe828293 r 05         d0580000  addi     x5, x5, -0x18
#564 0 80000020 0ff00313 r 06         000000ff  addi     x6, x0, 0xff
#565 0 80000024 00628023 m d0580000   000000ff  sb       x6, 0x0(x5)
