#1 0 80000000 595552b7 r 05         59555000  lui      x5, 0x59555
#2 0 80000004 55528293 r 05         59555555  addi     x5, x5, 0x555
#3 0 80000008 7c029073 c 07c0       59555555  csrrw    x0, mrac, x5
#4 0 8000000c 70041117 r 02         f004100c  auipc    x2, 0x70041
#5 0 80000010 03410113 r 02         f0041040  addi     x2, x2, 0x34
#6 0 80000014 1bc000ef r 01         80000018  jal      x1, . + 0x1bc
#7 0 800001d0     711d r 02         f0040fe0  c.addi16sp -0x6
#8 0 800001d2     ce86 m f004103c   80000018  c.swsp   x1, 0x5c
#9 0 800001d4     cca2 m f0041038   00000000  c.swsp   x8, 0x58
#10 0 800001d6     1080 r 08         f0041040  c.addi4spn  x8, 0x18
#11 0 800001d8 f00407b7 r 0f         f0040000  lui      x15, -0xffc0
#12 0 800001dc 00078793 r 0f         f0040000  addi     x15, x15, 0x0
#13 0 800001e0 0007a883 r 11         00000004  lw       x17, 0x0(x15)
#14 0 800001e4 0047a803 r 10         00000005  lw       x16, 0x4(x15)
#15 0 800001e8     4788 r 0a         00000003  c.lw     x10, 0x8(x15)
#16 0 800001ea     47cc r 0b         00000002  c.lw     x11, 0xc(x15)
#17 0 800001ec     4b90 r 0c         00000002  c.lw     x12, 0x10(x15)
#18 0 800001ee     4bd4 r 0d         0000000a  c.lw     x13, 0x14(x15)
#19 0 800001f0     4f98 r 0e         00000001  c.lw     x14, 0x18(x15)
#20 0 800001f2     4fdc r 0f         00000004  c.lw     x15, 0x1c(x15)
#21 0 800001f4 fd142823 m f0041010   00000004  sw       x17, -0x30(x8)
#22 0 800001f8 fd042a23 m f0041014   00000005  sw       x16, -0x2c(x8)
#23 0 800001fc fca42c23 m f0041018   00000003  sw       x10, -0x28(x8)
#24 0 80000200 fcb42e23 m f004101c   00000002  sw       x11, -0x24(x8)
#25 0 80000204 fec42023 m f0041020   00000002  sw       x12, -0x20(x8)
#26 0 80000208 fed42223 m f0041024   0000000a  sw       x13, -0x1c(x8)
#27 0 8000020c fee42423 m f0041028   00000001  sw       x14, -0x18(x8)
#28 0 80000210 fef42623 m f004102c   00000004  sw       x15, -0x14(x8)
#29 0 80000214 f00407b7 r 0f         f0040000  lui      x15, -0xffc0
#30 0 80000218 02078793 r 0f         f0040020  addi     x15, x15, 0x20
#31 0 8000021c 0007a883 r 11         00000000  lw       x17, 0x0(x15)
#32 0 80000220 0047a803 r 10         00000007  lw       x16, 0x4(x15)
#33 0 80000224     4788 r 0a         00000004  c.lw     x10, 0x8(x15)
#34 0 80000226     47cc r 0b         00000005  c.lw     x11, 0xc(x15)
#35 0 80000228     4b90 r 0c         00000000  c.lw     x12, 0x10(x15)
#36 0 8000022a     4bd4 r 0d         00000009  c.lw     x13, 0x14(x15)
#37 0 8000022c     4f98 r 0e         00000002  c.lw     x14, 0x18(x15)
#38 0 8000022e     4fdc r 0f         00000008  c.lw     x15, 0x1c(x15)
#39 0 80000230 fb142823 m f0040ff0   00000000  sw       x17, -0x50(x8)
#40 0 80000234 fb042a23 m f0040ff4   00000007  sw       x16, -0x4c(x8)
#41 0 80000238 faa42c23 m f0040ff8   00000004  sw       x10, -0x48(x8)
#42 0 8000023c fab42e23 m f0040ffc   00000005  sw       x11, -0x44(x8)
#43 0 80000240 fcc42023 m f0041000   00000000  sw       x12, -0x40(x8)
#44 0 80000244 fcd42223 m f0041004   00000009  sw       x13, -0x3c(x8)
#45 0 80000248 fce42423 m f0041008   00000002  sw       x14, -0x38(x8)
#46 0 8000024c fcf42623 m f004100c   00000008  sw       x15, -0x34(x8)
#47 0 80000250     47a9 r 0f         0000000a  c.li     x15, 0xa
#48 0 80000252 faf42423 m f0040fe8   0000000a  sw       x15, -0x58(x8)
#49 0 80000256     47b1 r 0f         0000000c  c.li     x15, 0xc
#50 0 80000258 faf42623 m f0040fec   0000000c  sw       x15, -0x54(x8)
#51 0 8000025c     47c9 r 0f         00000012  c.li     x15, 0x12
#52 0 8000025e faf42023 m f0040fe0   00000012  sw       x15, -0x60(x8)
#53 0 80000262     479d r 0f         00000007  c.li     x15, 0x7
#54 0 80000264 faf42223 m f0040fe4   00000007  sw       x15, -0x5c(x8)
#55 0 80000268 fa040693 r 0d         f0040fe0  addi     x13, x8, -0x60
#56 0 8000026c fa840613 r 0c         f0040fe8  addi     x12, x8, -0x58
#57 0 80000270 fb040713 r 0e         f0040ff0  addi     x14, x8, -0x50
#58 0 80000274 fd040793 r 0f         f0041010  addi     x15, x8, -0x30
#59 0 80000278     85ba r 0b         f0040ff0  c.mv     x11, x14
#60 0 8000027a     853e r 0a         f0041010  c.mv     x10, x15
#61 0 8000027c     33fd r 01         8000027e  c.jal    . - 0x212
#62 0 8000006a     715d r 02         f0040f90  c.addi16sp -0x5
#63 0 8000006c     c686 m f0040fdc   8000027e  c.swsp   x1, 0x4c
#64 0 8000006e     c4a2 m f0040fd8   f0041040  c.swsp   x8, 0x48
#65 0 80000070     0880 r 08         f0040fe0  c.addi4spn  x8, 0x14
#66 0 80000072 faa42e23 m f0040f9c   f0041010  sw       x10, -0x44(x8)
#67 0 80000076 fab42c23 m f0040f98   f0040ff0  sw       x11, -0x48(x8)
#68 0 8000007a fac42a23 m f0040f94   f0040fe8  sw       x12, -0x4c(x8)
#69 0 8000007e fad42823 m f0040f90   f0040fe0  sw       x13, -0x50(x8)
#70 0 80000082 fb442783 r 0f         f0040fe8  lw       x15, -0x4c(x8)
#71 0 80000086     4398 r 0e         0000000a  c.lw     x14, 0x0(x15)
#72 0 80000088 fbc42783 r 0f         f0041010  lw       x15, -0x44(x8)
#73 0 8000008c     439c r 0f         00000004  c.lw     x15, 0x0(x15)
#74 0 8000008e     97ba r 0f         0000000e  c.add    x15, x14
#75 0 80000090 fcf42e23 m f0040fbc   0000000e  sw       x15, -0x24(x8)
#76 0 80000094 fb442783 r 0f         f0040fe8  lw       x15, -0x4c(x8)
#77 0 80000098     0791 r 0f         f0040fec  c.addi   x15, 0x4
#78 0 8000009a     4398 r 0e         0000000c  c.lw     x14, 0x0(x15)
#79 0 8000009c fbc42783 r 0f         f0041010  lw       x15, -0x44(x8)
#80 0 800000a0     07c1 r 0f         f0041020  c.addi   x15, 0x10
#81 0 800000a2     439c r 0f         00000002  c.lw     x15, 0x0(x15)
#82 0 800000a4     97ba r 0f         0000000e  c.add    x15, x14
#83 0 800000a6 fcf42623 m f0040fac   0000000e  sw       x15, -0x34(x8)
#84 0 800000aa     4785 r 0f         00000001  c.li     x15, 0x1
#85 0 800000ac fef42623 m f0040fcc   00000001  sw       x15, -0x14(x8)
#86 0 800000b0     a0e5 r 00         00000000  c.j      . + 0xe8
#87 0 80000198 fec42703 r 0e         00000001  lw       x14, -0x14(x8)
#88 0 8000019c     478d r 0f         00000003  c.li     x15, 0x3
#89 0 8000019e f0e7dae3 r 00         00000000  bge      x15, x14, . - 0xec
#90 0 800000b2 fec42783 r 0f         00000001  lw       x15, -0x14(x8)
#91 0 800000b6     17fd r 0f         00000000  c.addi   x15, -0x1
#92 0 800000b8     078a r 0f         00000000  c.slli   x15, 2
#93 0 800000ba     17c1 r 0f         fffffff0  c.addi   x15, -0x10
#94 0 800000bc     97a2 r 0f         f0040fd0  c.add    x15, x8
#95 0 800000be fec7a703 r 0e         0000000e  lw       x14, -0x14(x15)
#96 0 800000c2 fbc42683 r 0d         f0041010  lw       x13, -0x44(x8)
#97 0 800000c6 fec42783 r 0f         00000001  lw       x15, -0x14(x8)
#98 0 800000ca     078a r 0f         00000004  c.slli   x15, 2
#99 0 800000cc     97b6 r 0f         f0041014  c.add    x15, x13
#100 0 800000ce     439c r 0f         00000005  c.lw     x15, 0x0(x15)
#101 0 800000d0 00f70633 r 0c         00000013  add      x12, x14, x15
#102 0 800000d4 fec42783 r 0f         00000001  lw       x15, -0x14(x8)
#103 0 800000d8     17fd r 0f         00000000  c.addi   x15, -0x1
#104 0 800000da     078a r 0f         00000000  c.slli   x15, 2
#105 0 800000dc     17c1 r 0f         fffffff0  c.addi   x15, -0x10
#106 0 800000de     97a2 r 0f         f0040fd0  c.add    x15, x8
#107 0 800000e0 fdc7a703 r 0e         0000000e  lw       x14, -0x24(x15)
#108 0 800000e4 fb842783 r 0f         f0040ff0  lw       x15, -0x48(x8)
#109 0 800000e8 01078693 r 0d         f0041000  addi     x13, x15, 0x10
#110 0 800000ec fec42783 r 0f         00000001  lw       x15, -0x14(x8)
#111 0 800000f0     078a r 0f         00000004  c.slli   x15, 2
#112 0 800000f2     97b6 r 0f         f0041004  c.add    x15, x13
#113 0 800000f4     439c r 0f         00000009  c.lw     x15, 0x0(x15)
#114 0 800000f6     973e r 0e         00000017  c.add    x14, x15
#115 0 800000f8 fbc42683 r 0d         f0041010  lw       x13, -0x44(x8)
#116 0 800000fc fec42783 r 0f         00000001  lw       x15, -0x14(x8)
#117 0 80000100     078a r 0f         00000004  c.slli   x15, 2
#118 0 80000102     97b6 r 0f         f0041014  c.add    x15, x13
#119 0 80000104     439c r 0f         00000005  c.lw     x15, 0x0(x15)
#120 0 80000106     97ba r 0f         0000001c  c.add    x15, x14
#121 0 80000108     85be r 0b         0000001c  c.mv     x11, x15
#122 0 8000010a     8532 r 0a         00000013  c.mv     x10, x12
#123 0 8000010c     3f2d r 01         8000010e  c.jal    . - 0xc6
#124 0 80000046     1101 r 02         f0040f70  c.addi   x2, -0x20
#125 0 80000048     ce22 m f0040f8c   f0040fe0  c.swsp   x8, 0x1c
#126 0 8000004a     1000 r 08         f0040f90  c.addi4spn  x8, 0x8
#127 0 8000004c fea42623 m f0040f7c   00000013  sw       x10, -0x14(x8)
#128 0 80000050 feb42423 m f0040f78   0000001c  sw       x11, -0x18(x8)
#129 0 80000054 fec42703 r 0e         00000013  lw       x14, -0x14(x8)
#130 0 80000058 fe842783 r 0f         0000001c  lw       x15, -0x18(x8)
#131 0 8000005c 00f75363 r 00         00000000  bge      x14, x15, . + 0x6
#132 0 80000060     87ba r 0f         00000013  c.mv     x15, x14
#133 0 80000062     853e r 0a         00000013  c.mv     x10, x15
#134 0 80000064     4472 r 08         f0040fe0  c.lwsp   x8, 0x1c
#135 0 80000066     6105 r 02         f0040f90  c.addi16sp 0x2
#136 0 80000068     8082 r 00         00000000  c.jr     x1
#137 0 8000010e     872a r 0e         00000013  c.mv     x14, x10
#138 0 80000110 fec42783 r 0f         00000001  lw       x15, -0x14(x8)
#139 0 80000114     078a r 0f         00000004  c.slli   x15, 2
#140 0 80000116     17c1 r 0f         fffffff4  c.addi   x15, -0x10
#141 0 80000118     97a2 r 0f         f0040fd4  c.add    x15, x8
#142 0 8000011a fee7a623 m f0040fc0   00000013  sw       x14, -0x14(x15)
#143 0 8000011e fec42783 r 0f         00000001  lw       x15, -0x14(x8)
#144 0 80000122     17fd r 0f         00000000  c.addi   x15, -0x1
#145 0 80000124     078a r 0f         00000000  c.slli   x15, 2
#146 0 80000126     17c1 r 0f         fffffff0  c.addi   x15, -0x10
#147 0 80000128     97a2 r 0f         f0040fd0  c.add    x15, x8
#148 0 8000012a fdc7a703 r 0e         0000000e  lw       x14, -0x24(x15)
#149 0 8000012e fbc42783 r 0f         f0041010  lw       x15, -0x44(x8)
#150 0 80000132 01078693 r 0d         f0041020  addi     x13, x15, 0x10
#151 0 80000136 fec42783 r 0f         00000001  lw       x15, -0x14(x8)
#152 0 8000013a     078a r 0f         00000004  c.slli   x15, 2
#153 0 8000013c     97b6 r 0f         f0041024  c.add    x15, x13
#154 0 8000013e     439c r 0f         0000000a  c.lw     x15, 0x0(x15)
#155 0 80000140 00f70633 r 0c         00000018  add      x12, x14, x15
#156 0 80000144 fec42783 r 0f         00000001  lw       x15, -0x14(x8)
#157 0 80000148     17fd r 0f         00000000  c.addi   x15, -0x1
#158 0 8000014a     078a r 0f         00000000  c.slli   x15, 2
#159 0 8000014c     17c1 r 0f         fffffff0  c.addi   x15, -0x10
#160 0 8000014e     97a2 r 0f         f0040fd0  c.add    x15, x8
#161 0 80000150 fec7a703 r 0e         0000000e  lw       x14, -0x14(x15)
#162 0 80000154 fb842683 r 0d         f0040ff0  lw       x13, -0x48(x8)
#163 0 80000158 fec42783 r 0f         00000001  lw       x15, -0x14(x8)
#164 0 8000015c     078a r 0f         00000004  c.slli   x15, 2
#165 0 8000015e     97b6 r 0f         f0040ff4  c.add    x15, x13
#166 0 80000160     439c r 0f         00000007  c.lw     x15, 0x0(x15)
#167 0 80000162     973e r 0e         00000015  c.add    x14, x15
#168 0 80000164 fbc42783 r 0f         f0041010  lw       x15, -0x44(x8)
#169 0 80000168 01078693 r 0d         f0041020  addi     x13, x15, 0x10
#170 0 8000016c fec42783 r 0f         00000001  lw       x15, -0x14(x8)
#171 0 80000170     078a r 0f         00000004  c.slli   x15, 2
#172 0 80000172     97b6 r 0f         f0041024  c.add    x15, x13
#173 0 80000174     439c r 0f         0000000a  c.lw     x15, 0x0(x15)
#174 0 80000176     97ba r 0f         0000001f  c.add    x15, x14
#175 0 80000178     85be r 0b         0000001f  c.mv     x11, x15
#176 0 8000017a     8532 r 0a         00000018  c.mv     x10, x12
#177 0 8000017c     35e9 r 01         8000017e  c.jal    . - 0x136
#178 0 80000046     1101 r 02         f0040f70  c.addi   x2, -0x20
#179 0 80000048     ce22 m f0040f8c   f0040fe0  c.swsp   x8, 0x1c
#180 0 8000004a     1000 r 08         f0040f90  c.addi4spn  x8, 0x8
#181 0 8000004c fea42623 m f0040f7c   00000018  sw       x10, -0x14(x8)
#182 0 80000050 feb42423 m f0040f78   0000001f  sw       x11, -0x18(x8)
#183 0 80000054 fec42703 r 0e         00000018  lw       x14, -0x14(x8)
#184 0 80000058 fe842783 r 0f         0000001f  lw       x15, -0x18(x8)
#185 0 8000005c 00f75363 r 00         00000000  bge      x14, x15, . + 0x6
#186 0 80000060     87ba r 0f         00000018  c.mv     x15, x14
#187 0 80000062     853e r 0a         00000018  c.mv     x10, x15
#188 0 80000064     4472 r 08         f0040fe0  c.lwsp   x8, 0x1c
#189 0 80000066     6105 r 02         f0040f90  c.addi16sp 0x2
#190 0 80000068     8082 r 00         00000000  c.jr     x1
#191 0 8000017e     872a r 0e         00000018  c.mv     x14, x10
#192 0 80000180 fec42783 r 0f         00000001  lw       x15, -0x14(x8)
#193 0 80000184     078a r 0f         00000004  c.slli   x15, 2
#194 0 80000186     17c1 r 0f         fffffff4  c.addi   x15, -0x10
#195 0 80000188     97a2 r 0f         f0040fd4  c.add    x15, x8
#196 0 8000018a fce7ae23 m f0040fb0   00000018  sw       x14, -0x24(x15)
#197 0 8000018e fec42783 r 0f         00000001  lw       x15, -0x14(x8)
#198 0 80000192     0785 r 0f         00000002  c.addi   x15, 0x1
#199 0 80000194 fef42623 m f0040fcc   00000002  sw       x15, -0x14(x8)
#200 0 80000198 fec42703 r 0e         00000002  lw       x14, -0x14(x8)
#201 0 8000019c     478d r 0f         00000003  c.li     x15, 0x3
#202 0 8000019e f0e7dae3 r 00         00000000  bge      x15, x14, . - 0xec
#203 0 800000b2 fec42783 r 0f         00000002  lw       x15, -0x14(x8)
#204 0 800000b6     17fd r 0f         00000001  c.addi   x15, -0x1
#205 0 800000b8     078a r 0f         00000004  c.slli   x15, 2
#206 0 800000ba     17c1 r 0f         fffffff4  c.addi   x15, -0x10
#207 0 800000bc     97a2 r 0f         f0040fd4  c.add    x15, x8
#208 0 800000be fec7a703 r 0e         00000013  lw       x14, -0x14(x15)
#209 0 800000c2 fbc42683 r 0d         f0041010  lw       x13, -0x44(x8)
#210 0 800000c6 fec42783 r 0f         00000002  lw       x15, -0x14(x8)
#211 0 800000ca     078a r 0f         00000008  c.slli   x15, 2
#212 0 800000cc     97b6 r 0f         f0041018  c.add    x15, x13
#213 0 800000ce     439c r 0f         00000003  c.lw     x15, 0x0(x15)
#214 0 800000d0 00f70633 r 0c         00000016  add      x12, x14, x15
#215 0 800000d4 fec42783 r 0f         00000002  lw       x15, -0x14(x8)
#216 0 800000d8     17fd r 0f         00000001  c.addi   x15, -0x1
#217 0 800000da     078a r 0f         00000004  c.slli   x15, 2
#218 0 800000dc     17c1 r 0f         fffffff4  c.addi   x15, -0x10
#219 0 800000de     97a2 r 0f         f0040fd4  c.add    x15, x8
#220 0 800000e0 fdc7a703 r 0e         00000018  lw       x14, -0x24(x15)
#221 0 800000e4 fb842783 r 0f         f0040ff0  lw       x15, -0x48(x8)
#222 0 800000e8 01078693 r 0d         f0041000  addi     x13, x15, 0x10
#223 0 800000ec fec42783 r 0f         00000002  lw       x15, -0x14(x8)
#224 0 800000f0     078a r 0f         00000008  c.slli   x15, 2
#225 0 800000f2     97b6 r 0f         f0041008  c.add    x15, x13
#226 0 800000f4     439c r 0f         00000002  c.lw     x15, 0x0(x15)
#227 0 800000f6     973e r 0e         0000001a  c.add    x14, x15
#228 0 800000f8 fbc42683 r 0d         f0041010  lw       x13, -0x44(x8)
#229 0 800000fc fec42783 r 0f         00000002  lw       x15, -0x14(x8)
#230 0 80000100     078a r 0f         00000008  c.slli   x15, 2
#231 0 80000102     97b6 r 0f         f0041018  c.add    x15, x13
#232 0 80000104     439c r 0f         00000003  c.lw     x15, 0x0(x15)
#233 0 80000106     97ba r 0f         0000001d  c.add    x15, x14
#234 0 80000108     85be r 0b         0000001d  c.mv     x11, x15
#235 0 8000010a     8532 r 0a         00000016  c.mv     x10, x12
#236 0 8000010c     3f2d r 01         8000010e  c.jal    . - 0xc6
#237 0 80000046     1101 r 02         f0040f70  c.addi   x2, -0x20
#238 0 80000048     ce22 m f0040f8c   f0040fe0  c.swsp   x8, 0x1c
#239 0 8000004a     1000 r 08         f0040f90  c.addi4spn  x8, 0x8
#240 0 8000004c fea42623 m f0040f7c   00000016  sw       x10, -0x14(x8)
#241 0 80000050 feb42423 m f0040f78   0000001d  sw       x11, -0x18(x8)
#242 0 80000054 fec42703 r 0e         00000016  lw       x14, -0x14(x8)
#243 0 80000058 fe842783 r 0f         0000001d  lw       x15, -0x18(x8)
#244 0 8000005c 00f75363 r 00         00000000  bge      x14, x15, . + 0x6
#245 0 80000060     87ba r 0f         00000016  c.mv     x15, x14
#246 0 80000062     853e r 0a         00000016  c.mv     x10, x15
#247 0 80000064     4472 r 08         f0040fe0  c.lwsp   x8, 0x1c
#248 0 80000066     6105 r 02         f0040f90  c.addi16sp 0x2
#249 0 80000068     8082 r 00         00000000  c.jr     x1
#250 0 8000010e     872a r 0e         00000016  c.mv     x14, x10
#251 0 80000110 fec42783 r 0f         00000002  lw       x15, -0x14(x8)
#252 0 80000114     078a r 0f         00000008  c.slli   x15, 2
#253 0 80000116     17c1 r 0f         fffffff8  c.addi   x15, -0x10
#254 0 80000118     97a2 r 0f         f0040fd8  c.add    x15, x8
#255 0 8000011a fee7a623 m f0040fc4   00000016  sw       x14, -0x14(x15)
#256 0 8000011e fec42783 r 0f         00000002  lw       x15, -0x14(x8)
#257 0 80000122     17fd r 0f         00000001  c.addi   x15, -0x1
#258 0 80000124     078a r 0f         00000004  c.slli   x15, 2
#259 0 80000126     17c1 r 0f         fffffff4  c.addi   x15, -0x10
#260 0 80000128     97a2 r 0f         f0040fd4  c.add    x15, x8
#261 0 8000012a fdc7a703 r 0e         00000018  lw       x14, -0x24(x15)
#262 0 8000012e fbc42783 r 0f         f0041010  lw       x15, -0x44(x8)
#263 0 80000132 01078693 r 0d         f0041020  addi     x13, x15, 0x10
#264 0 80000136 fec42783 r 0f         00000002  lw       x15, -0x14(x8)
#265 0 8000013a     078a r 0f         00000008  c.slli   x15, 2
#266 0 8000013c     97b6 r 0f         f0041028  c.add    x15, x13
#267 0 8000013e     439c r 0f         00000001  c.lw     x15, 0x0(x15)
#268 0 80000140 00f70633 r 0c         00000019  add      x12, x14, x15
#269 0 80000144 fec42783 r 0f         00000002  lw       x15, -0x14(x8)
#270 0 80000148     17fd r 0f         00000001  c.addi   x15, -0x1
#271 0 8000014a     078a r 0f         00000004  c.slli   x15, 2
#272 0 8000014c     17c1 r 0f         fffffff4  c.addi   x15, -0x10
#273 0 8000014e     97a2 r 0f         f0040fd4  c.add    x15, x8
#274 0 80000150 fec7a703 r 0e         00000013  lw       x14, -0x14(x15)
#275 0 80000154 fb842683 r 0d         f0040ff0  lw       x13, -0x48(x8)
#276 0 80000158 fec42783 r 0f         00000002  lw       x15, -0x14(x8)
#277 0 8000015c     078a r 0f         00000008  c.slli   x15, 2
#278 0 8000015e     97b6 r 0f         f0040ff8  c.add    x15, x13
#279 0 80000160     439c r 0f         00000004  c.lw     x15, 0x0(x15)
#280 0 80000162     973e r 0e         00000017  c.add    x14, x15
#281 0 80000164 fbc42783 r 0f         f0041010  lw       x15, -0x44(x8)
#282 0 80000168 01078693 r 0d         f0041020  addi     x13, x15, 0x10
#283 0 8000016c fec42783 r 0f         00000002  lw       x15, -0x14(x8)
#284 0 80000170     078a r 0f         00000008  c.slli   x15, 2
#285 0 80000172     97b6 r 0f         f0041028  c.add    x15, x13
#286 0 80000174     439c r 0f         00000001  c.lw     x15, 0x0(x15)
#287 0 80000176     97ba r 0f         00000018  c.add    x15, x14
#288 0 80000178     85be r 0b         00000018  c.mv     x11, x15
#289 0 8000017a     8532 r 0a         00000019  c.mv     x10, x12
#290 0 8000017c     35e9 r 01         8000017e  c.jal    . - 0x136
#291 0 80000046     1101 r 02         f0040f70  c.addi   x2, -0x20
#292 0 80000048     ce22 m f0040f8c   f0040fe0  c.swsp   x8, 0x1c
#293 0 8000004a     1000 r 08         f0040f90  c.addi4spn  x8, 0x8
#294 0 8000004c fea42623 m f0040f7c   00000019  sw       x10, -0x14(x8)
#295 0 80000050 feb42423 m f0040f78   00000018  sw       x11, -0x18(x8)
#296 0 80000054 fec42703 r 0e         00000019  lw       x14, -0x14(x8)
#297 0 80000058 fe842783 r 0f         00000018  lw       x15, -0x18(x8)
#298 0 8000005c 00f75363 r 00         00000000  bge      x14, x15, . + 0x6
#299 0 80000062     853e r 0a         00000018  c.mv     x10, x15
#300 0 80000064     4472 r 08         f0040fe0  c.lwsp   x8, 0x1c
#301 0 80000066     6105 r 02         f0040f90  c.addi16sp 0x2
#302 0 80000068     8082 r 00         00000000  c.jr     x1
#303 0 8000017e     872a r 0e         00000018  c.mv     x14, x10
#304 0 80000180 fec42783 r 0f         00000002  lw       x15, -0x14(x8)
#305 0 80000184     078a r 0f         00000008  c.slli   x15, 2
#306 0 80000186     17c1 r 0f         fffffff8  c.addi   x15, -0x10
#307 0 80000188     97a2 r 0f         f0040fd8  c.add    x15, x8
#308 0 8000018a fce7ae23 m f0040fb4   00000018  sw       x14, -0x24(x15)
#309 0 8000018e fec42783 r 0f         00000002  lw       x15, -0x14(x8)
#310 0 80000192     0785 r 0f         00000003  c.addi   x15, 0x1
#311 0 80000194 fef42623 m f0040fcc   00000003  sw       x15, -0x14(x8)
#312 0 80000198 fec42703 r 0e         00000003  lw       x14, -0x14(x8)
#313 0 8000019c     478d r 0f         00000003  c.li     x15, 0x3
#314 0 8000019e f0e7dae3 r 00         00000000  bge      x15, x14, . - 0xec
#315 0 800000b2 fec42783 r 0f         00000003  lw       x15, -0x14(x8)
#316 0 800000b6     17fd r 0f         00000002  c.addi   x15, -0x1
#317 0 800000b8     078a r 0f         00000008  c.slli   x15, 2
#318 0 800000ba     17c1 r 0f         fffffff8  c.addi   x15, -0x10
#319 0 800000bc     97a2 r 0f         f0040fd8  c.add    x15, x8
#320 0 800000be fec7a703 r 0e         00000016  lw       x14, -0x14(x15)
#321 0 800000c2 fbc42683 r 0d         f0041010  lw       x13, -0x44(x8)
#322 0 800000c6 fec42783 r 0f         00000003  lw       x15, -0x14(x8)
#323 0 800000ca     078a r 0f         0000000c  c.slli   x15, 2
#324 0 800000cc     97b6 r 0f         f004101c  c.add    x15, x13
#325 0 800000ce     439c r 0f         00000002  c.lw     x15, 0x0(x15)
#326 0 800000d0 00f70633 r 0c         00000018  add      x12, x14, x15
#327 0 800000d4 fec42783 r 0f         00000003  lw       x15, -0x14(x8)
#328 0 800000d8     17fd r 0f         00000002  c.addi   x15, -0x1
#329 0 800000da     078a r 0f         00000008  c.slli   x15, 2
#330 0 800000dc     17c1 r 0f         fffffff8  c.addi   x15, -0x10
#331 0 800000de     97a2 r 0f         f0040fd8  c.add    x15, x8
#332 0 800000e0 fdc7a703 r 0e         00000018  lw       x14, -0x24(x15)
#333 0 800000e4 fb842783 r 0f         f0040ff0  lw       x15, -0x48(x8)
#334 0 800000e8 01078693 r 0d         f0041000  addi     x13, x15, 0x10
#335 0 800000ec fec42783 r 0f         00000003  lw       x15, -0x14(x8)
#336 0 800000f0     078a r 0f         0000000c  c.slli   x15, 2
#337 0 800000f2     97b6 r 0f         f004100c  c.add    x15, x13
#338 0 800000f4     439c r 0f         00000008  c.lw     x15, 0x0(x15)
#339 0 800000f6     973e r 0e         00000020  c.add    x14, x15
#340 0 800000f8 fbc42683 r 0d         f0041010  lw       x13, -0x44(x8)
#341 0 800000fc fec42783 r 0f         00000003  lw       x15, -0x14(x8)
#342 0 80000100     078a r 0f         0000000c  c.slli   x15, 2
#343 0 80000102     97b6 r 0f         f004101c  c.add    x15, x13
#344 0 80000104     439c r 0f         00000002  c.lw     x15, 0x0(x15)
#345 0 80000106     97ba r 0f         00000022  c.add    x15, x14
#346 0 80000108     85be r 0b         00000022  c.mv     x11, x15
#347 0 8000010a     8532 r 0a         00000018  c.mv     x10, x12
#348 0 8000010c     3f2d r 01         8000010e  c.jal    . - 0xc6
#349 0 80000046     1101 r 02         f0040f70  c.addi   x2, -0x20
#350 0 80000048     ce22 m f0040f8c   f0040fe0  c.swsp   x8, 0x1c
#351 0 8000004a     1000 r 08         f0040f90  c.addi4spn  x8, 0x8
#352 0 8000004c fea42623 m f0040f7c   00000018  sw       x10, -0x14(x8)
#353 0 80000050 feb42423 m f0040f78   00000022  sw       x11, -0x18(x8)
#354 0 80000054 fec42703 r 0e         00000018  lw       x14, -0x14(x8)
#355 0 80000058 fe842783 r 0f         00000022  lw       x15, -0x18(x8)
#356 0 8000005c 00f75363 r 00         00000000  bge      x14, x15, . + 0x6
#357 0 80000060     87ba r 0f         00000018  c.mv     x15, x14
#358 0 80000062     853e r 0a         00000018  c.mv     x10, x15
#359 0 80000064     4472 r 08         f0040fe0  c.lwsp   x8, 0x1c
#360 0 80000066     6105 r 02         f0040f90  c.addi16sp 0x2
#361 0 80000068     8082 r 00         00000000  c.jr     x1
#362 0 8000010e     872a r 0e         00000018  c.mv     x14, x10
#363 0 80000110 fec42783 r 0f         00000003  lw       x15, -0x14(x8)
#364 0 80000114     078a r 0f         0000000c  c.slli   x15, 2
#365 0 80000116     17c1 r 0f         fffffffc  c.addi   x15, -0x10
#366 0 80000118     97a2 r 0f         f0040fdc  c.add    x15, x8
#367 0 8000011a fee7a623 m f0040fc8   00000018  sw       x14, -0x14(x15)
#368 0 8000011e fec42783 r 0f         00000003  lw       x15, -0x14(x8)
#369 0 80000122     17fd r 0f         00000002  c.addi   x15, -0x1
#370 0 80000124     078a r 0f         00000008  c.slli   x15, 2
#371 0 80000126     17c1 r 0f         fffffff8  c.addi   x15, -0x10
#372 0 80000128     97a2 r 0f         f0040fd8  c.add    x15, x8
#373 0 8000012a fdc7a703 r 0e         00000018  lw       x14, -0x24(x15)
#374 0 8000012e fbc42783 r 0f         f0041010  lw       x15, -0x44(x8)
#375 0 80000132 01078693 r 0d         f0041020  addi     x13, x15, 0x10
#376 0 80000136 fec42783 r 0f         00000003  lw       x15, -0x14(x8)
#377 0 8000013a     078a r 0f         0000000c  c.slli   x15, 2
#378 0 8000013c     97b6 r 0f         f004102c  c.add    x15, x13
#379 0 8000013e     439c r 0f         00000004  c.lw     x15, 0x0(x15)
#380 0 80000140 00f70633 r 0c         0000001c  add      x12, x14, x15
#381 0 80000144 fec42783 r 0f         00000003  lw       x15, -0x14(x8)
#382 0 80000148     17fd r 0f         00000002  c.addi   x15, -0x1
#383 0 8000014a     078a r 0f         00000008  c.slli   x15, 2
#384 0 8000014c     17c1 r 0f         fffffff8  c.addi   x15, -0x10
#385 0 8000014e     97a2 r 0f         f0040fd8  c.add    x15, x8
#386 0 80000150 fec7a703 r 0e         00000016  lw       x14, -0x14(x15)
#387 0 80000154 fb842683 r 0d         f0040ff0  lw       x13, -0x48(x8)
#388 0 80000158 fec42783 r 0f         00000003  lw       x15, -0x14(x8)
#389 0 8000015c     078a r 0f         0000000c  c.slli   x15, 2
#390 0 8000015e     97b6 r 0f         f0040ffc  c.add    x15, x13
#391 0 80000160     439c r 0f         00000005  c.lw     x15, 0x0(x15)
#392 0 80000162     973e r 0e         0000001b  c.add    x14, x15
#393 0 80000164 fbc42783 r 0f         f0041010  lw       x15, -0x44(x8)
#394 0 80000168 01078693 r 0d         f0041020  addi     x13, x15, 0x10
#395 0 8000016c fec42783 r 0f         00000003  lw       x15, -0x14(x8)
#396 0 80000170     078a r 0f         0000000c  c.slli   x15, 2
#397 0 80000172     97b6 r 0f         f004102c  c.add    x15, x13
#398 0 80000174     439c r 0f         00000004  c.lw     x15, 0x0(x15)
#399 0 80000176     97ba r 0f         0000001f  c.add    x15, x14
#400 0 80000178     85be r 0b         0000001f  c.mv     x11, x15
#401 0 8000017a     8532 r 0a         0000001c  c.mv     x10, x12
#402 0 8000017c     35e9 r 01         8000017e  c.jal    . - 0x136
#403 0 80000046     1101 r 02         f0040f70  c.addi   x2, -0x20
#404 0 80000048     ce22 m f0040f8c   f0040fe0  c.swsp   x8, 0x1c
#405 0 8000004a     1000 r 08         f0040f90  c.addi4spn  x8, 0x8
#406 0 8000004c fea42623 m f0040f7c   0000001c  sw       x10, -0x14(x8)
#407 0 80000050 feb42423 m f0040f78   0000001f  sw       x11, -0x18(x8)
#408 0 80000054 fec42703 r 0e         0000001c  lw       x14, -0x14(x8)
#409 0 80000058 fe842783 r 0f         0000001f  lw       x15, -0x18(x8)
#410 0 8000005c 00f75363 r 00         00000000  bge      x14, x15, . + 0x6
#411 0 80000060     87ba r 0f         0000001c  c.mv     x15, x14
#412 0 80000062     853e r 0a         0000001c  c.mv     x10, x15
#413 0 80000064     4472 r 08         f0040fe0  c.lwsp   x8, 0x1c
#414 0 80000066     6105 r 02         f0040f90  c.addi16sp 0x2
#415 0 80000068     8082 r 00         00000000  c.jr     x1
#416 0 8000017e     872a r 0e         0000001c  c.mv     x14, x10
#417 0 80000180 fec42783 r 0f         00000003  lw       x15, -0x14(x8)
#418 0 80000184     078a r 0f         0000000c  c.slli   x15, 2
#419 0 80000186     17c1 r 0f         fffffffc  c.addi   x15, -0x10
#420 0 80000188     97a2 r 0f         f0040fdc  c.add    x15, x8
#421 0 8000018a fce7ae23 m f0040fb8   0000001c  sw       x14, -0x24(x15)
#422 0 8000018e fec42783 r 0f         00000003  lw       x15, -0x14(x8)
#423 0 80000192     0785 r 0f         00000004  c.addi   x15, 0x1
#424 0 80000194 fef42623 m f0040fcc   00000004  sw       x15, -0x14(x8)
#425 0 80000198 fec42703 r 0e         00000004  lw       x14, -0x14(x8)
#426 0 8000019c     478d r 0f         00000003  c.li     x15, 0x3
#427 0 8000019e f0e7dae3 r 00         00000000  bge      x15, x14, . - 0xec
#428 0 800001a2 fe842703 r 0e         00000018  lw       x14, -0x18(x8)
#429 0 800001a6 fb042783 r 0f         f0040fe0  lw       x15, -0x50(x8)
#430 0 800001aa     439c r 0f         00000012  c.lw     x15, 0x0(x15)
#431 0 800001ac 00f706b3 r 0d         0000002a  add      x13, x14, x15
#432 0 800001b0 fd842703 r 0e         0000001c  lw       x14, -0x28(x8)
#433 0 800001b4 fb042783 r 0f         f0040fe0  lw       x15, -0x50(x8)
#434 0 800001b8     0791 r 0f         f0040fe4  c.addi   x15, 0x4
#435 0 800001ba     439c r 0f         00000007  c.lw     x15, 0x0(x15)
#436 0 800001bc     97ba r 0f         00000023  c.add    x15, x14
#437 0 800001be     85be r 0b         00000023  c.mv     x11, x15
#438 0 800001c0     8536 r 0a         0000002a  c.mv     x10, x13
#439 0 800001c2     3551 r 01         800001c4  c.jal    . - 0x17c
#440 0 80000046     1101 r 02         f0040f70  c.addi   x2, -0x20
#441 0 80000048     ce22 m f0040f8c   f0040fe0  c.swsp   x8, 0x1c
#442 0 8000004a     1000 r 08         f0040f90  c.addi4spn  x8, 0x8
#443 0 8000004c fea42623 m f0040f7c   0000002a  sw       x10, -0x14(x8)
#444 0 80000050 feb42423 m f0040f78   00000023  sw       x11, -0x18(x8)
#445 0 80000054 fec42703 r 0e         0000002a  lw       x14, -0x14(x8)
#446 0 80000058 fe842783 r 0f         00000023  lw       x15, -0x18(x8)
#447 0 8000005c 00f75363 r 00         00000000  bge      x14, x15, . + 0x6
#448 0 80000062     853e r 0a         00000023  c.mv     x10, x15
#449 0 80000064     4472 r 08         f0040fe0  c.lwsp   x8, 0x1c
#450 0 80000066     6105 r 02         f0040f90  c.addi16sp 0x2
#451 0 80000068     8082 r 00         00000000  c.jr     x1
#452 0 800001c4     87aa r 0f         00000023  c.mv     x15, x10
#453 0 800001c6     853e r 0a         00000023  c.mv     x10, x15
#454 0 800001c8     40b6 r 01         8000027e  c.lwsp   x1, 0x4c
#455 0 800001ca     4426 r 08         f0041040  c.lwsp   x8, 0x48
#456 0 800001cc     6161 r 02         f0040fe0  c.addi16sp 0x5
#457 0 800001ce     8082 r 00         00000000  c.jr     x1
#458 0 8000027e     0001 r 00         00000000  c.nop
#459 0 80000280     40f6 r 01         80000018  c.lwsp   x1, 0x5c
#460 0 80000282     4466 r 08         00000000  c.lwsp   x8, 0x58
#461 0 80000284     6125 r 02         f0041040  c.addi16sp 0x6
#462 0 80000286     8082 r 00         00000000  c.jr     x1
#463 0 80000018 50580297 r 05         d0580018  auipc    x5, 0x50580
#464 0 8000001c fe828293 r 05         d0580000  addi     x5, x5, -0x18
#465 0 80000020 0ff00313 r 06         000000ff  addi     x6, x0, 0xff
#466 0 80000024 00628023 m d0580000   000000ff  sb       x6, 0x0(x5)
