core   0: 0x0000000000001000 (0x00000297) auipc   t0, 0x0
3 0x00001000 (0x00000297) x 5 0x00001000
core   0: 0x0000000000001004 (0x02028593) addi    a1, t0, 32
3 0x00001004 (0x02028593) x11 0x00001020
core   0: 0x0000000000001008 (0xf1402573) csrr    a0, mhartid
3 0x00001008 (0xf1402573) x10 0x00000000
core   0: 0x000000000000100c (0x0182a283) lw      t0, 24(t0)
3 0x0000100c (0x0182a283) x 5 0x00100080 mem 0x00001018
core   0: 0x0000000000001010 (0x00028067) jr      t0
3 0x00001010 (0x00028067)
core   0: 0x0000000000100080 (0x0480006f) j       pc + 0x48
3 0x00100080 (0x0480006f)
core   0: 0x00000000001000c8 (0xf1402573) csrr    a0, mhartid
3 0x001000c8 (0xf1402573) x10 0x00000000
core   0: 0x00000000001000cc (0x00051063) bnez    a0, pc + 0
3 0x001000cc (0x00051063)
core   0: 0x00000000001000d0 (0x00000193) li      gp, 0
3 0x001000d0 (0x00000193) x 3 0x00000000
core   0: 0x00000000001000d4 (0x00000297) auipc   t0, 0x0
3 0x001000d4 (0x00000297) x 5 0x001000d4
core   0: 0x00000000001000d8 (0xfb028293) addi    t0, t0, -80
3 0x001000d8 (0xfb028293) x 5 0x00100084
core   0: 0x00000000001000dc (0x30529073) csrw    mtvec, t0
3 0x001000dc (0x30529073) c773_mtvec 0x00100084
core   0: 0x00000000001000e0 (0x00100513) li      a0, 1
3 0x001000e0 (0x00100513) x10 0x00000001
core   0: 0x00000000001000e4 (0x01f51513) slli    a0, a0, 31
3 0x001000e4 (0x01f51513) x10 0x80000000
core   0: 0x00000000001000e8 (0x00054863) bltz    a0, pc + 16
3 0x001000e8 (0x00054863)
core   0: 0x00000000001000f8 (0x00000293) li      t0, 0
3 0x001000f8 (0x00000293) x 5 0x00000000
core   0: 0x00000000001000fc (0x00028e63) beqz    t0, pc + 28
3 0x001000fc (0x00028e63)
core   0: 0x0000000000100118 (0x30005073) csrwi   mstatus, 0
3 0x00100118 (0x30005073) c768_mstatus 0x00000000
core   0: 0x000000000010011c (0x00002537) lui     a0, 0x2
3 0x0010011c (0x00002537) x10 0x00002000
core   0: 0x0000000000100120 (0x80050513) addi    a0, a0, -2048
3 0x00100120 (0x80050513) x10 0x00001800
core   0: 0x0000000000100124 (0x30052073) csrs    mstatus, a0
3 0x00100124 (0x30052073) c768_mstatus 0x00001800
core   0: 0x0000000000100128 (0x00000297) auipc   t0, 0x0
3 0x00100128 (0x00000297) x 5 0x00100128
core   0: 0x000000000010012c (0x01428293) addi    t0, t0, 20
3 0x0010012c (0x01428293) x 5 0x0010013c
core   0: 0x0000000000100130 (0x34129073) csrw    mepc, t0
3 0x00100130 (0x34129073) c833_mepc 0x0010013c
core   0: 0x0000000000100134 (0xf1402573) csrr    a0, mhartid
3 0x00100134 (0xf1402573) x10 0x00000000
core   0: 0x0000000000100138 (0x30200073) mret
3 0x00100138 (0x30200073) c768_mstatus 0x00000080
core   0: 0x000000000010013c (0x00000013) nop
3 0x0010013c (0x00000013)
core   0: 0x0000000000100140 (0xfeedc0b7) lui     ra, 0xfeedc
3 0x00100140 (0xfeedc0b7) x 1 0xfeedc000
core   0: 0x0000000000100144 (0xead08093) addi    ra, ra, -339
3 0x00100144 (0xead08093) x 1 0xfeedbead
core   0: 0x0000000000100148 (0xff76e137) lui     sp, 0xff76e
3 0x00100148 (0xff76e137) x 2 0xff76e000
core   0: 0x000000000010014c (0xf5610113) addi    sp, sp, -170
3 0x0010014c (0xf5610113) x 2 0xff76df56
core   0: 0x0000000000100150 (0x7fbb71b7) lui     gp, 0x7fbb7
3 0x00100150 (0x7fbb71b7) x 3 0x7fbb7000
core   0: 0x0000000000100154 (0xfab18193) addi    gp, gp, -85
3 0x00100154 (0xfab18193) x 3 0x7fbb6fab
core   0: 0x0000000000100158 (0xbfddb237) lui     tp, 0xbfddb
3 0x00100158 (0xbfddb237) x 4 0xbfddb000
core   0: 0x000000000010015c (0x7d520213) addi    tp, tp, 2005
3 0x0010015c (0x7d520213) x 4 0xbfddb7d5
core   0: 0x0000000000100160 (0x00000297) auipc   t0, 0x0
3 0x00100160 (0x00000297) x 5 0x00100160
core   0: 0x0000000000100164 (0x0d828293) addi    t0, t0, 216
3 0x00100164 (0x0d828293) x 5 0x00100238
core   0: 0x0000000000100168 (0x00000317) auipc   t1, 0x0
3 0x00100168 (0x00000317) x 6 0x00100168
core   0: 0x000000000010016c (0x69830313) addi    t1, t1, 1688
3 0x0010016c (0x69830313) x 6 0x00100800
core   0: 0x0000000000100170 (0xb7fbb3b7) lui     t2, 0xb7fbb
3 0x00100170 (0xb7fbb3b7) x 7 0xb7fbb000
core   0: 0x0000000000100174 (0x6fa38393) addi    t2, t2, 1786
3 0x00100174 (0x6fa38393) x 7 0xb7fbb6fa
core   0: 0x0000000000100178 (0x5bfde437) lui     s0, 0x5bfde
3 0x00100178 (0x5bfde437) x 8 0x5bfde000
core   0: 0x000000000010017c (0xb7d40413) addi    s0, s0, -1155
3 0x0010017c (0xb7d40413) x 8 0x5bfddb7d
core   0: 0x0000000000100180 (0xadfef4b7) lui     s1, 0xadfef
3 0x00100180 (0xadfef4b7) x 9 0xadfef000
core   0: 0x0000000000100184 (0xdbe48493) addi    s1, s1, -578
3 0x00100184 (0xdbe48493) x 9 0xadfeedbe
core   0: 0x0000000000100188 (0x56ff7537) lui     a0, 0x56ff7
3 0x00100188 (0x56ff7537) x10 0x56ff7000
core   0: 0x000000000010018c (0x6df50513) addi    a0, a0, 1759
3 0x0010018c (0x6df50513) x10 0x56ff76df
core   0: 0x0000000000100190 (0xab7fc5b7) lui     a1, 0xab7fc
3 0x00100190 (0xab7fc5b7) x11 0xab7fc000
core   0: 0x0000000000100194 (0xb6f58593) addi    a1, a1, -1169
3 0x00100194 (0xb6f58593) x11 0xab7fbb6f
core   0: 0x0000000000100198 (0xd5bfe637) lui     a2, 0xd5bfe
3 0x00100198 (0xd5bfe637) x12 0xd5bfe000
core   0: 0x000000000010019c (0xdb760613) addi    a2, a2, -585
3 0x0010019c (0xdb760613) x12 0xd5bfddb7
core   0: 0x00000000001001a0 (0xeadff6b7) lui     a3, 0xeadff
3 0x001001a0 (0xeadff6b7) x13 0xeadff000
core   0: 0x00000000001001a4 (0xedb68693) addi    a3, a3, -293
3 0x001001a4 (0xedb68693) x13 0xeadfeedb
core   0: 0x00000000001001a8 (0xf56ff737) lui     a4, 0xf56ff
3 0x001001a8 (0xf56ff737) x14 0xf56ff000
core   0: 0x00000000001001ac (0x76d70713) addi    a4, a4, 1901
3 0x001001ac (0x76d70713) x14 0xf56ff76d
core   0: 0x00000000001001b0 (0xfab807b7) lui     a5, 0xfab80
3 0x001001b0 (0xfab807b7) x15 0xfab80000
core   0: 0x00000000001001b4 (0xbb678793) addi    a5, a5, -1098
3 0x001001b4 (0xbb678793) x15 0xfab7fbb6
core   0: 0x00000000001001b8 (0x7d5c0837) lui     a6, 0x7d5c0
3 0x001001b8 (0x7d5c0837) x16 0x7d5c0000
core   0: 0x00000000001001bc (0xddb80813) addi    a6, a6, -549
3 0x001001bc (0xddb80813) x16 0x7d5bfddb
core   0: 0x00000000001001c0 (0xbeae08b7) lui     a7, 0xbeae0
3 0x001001c0 (0xbeae08b7) x17 0xbeae0000
core   0: 0x00000000001001c4 (0xeed88893) addi    a7, a7, -275
3 0x001001c4 (0xeed88893) x17 0xbeadfeed
core   0: 0x00000000001001c8 (0xdf570937) lui     s2, 0xdf570
3 0x001001c8 (0xdf570937) x18 0xdf570000
core   0: 0x00000000001001cc (0xf7690913) addi    s2, s2, -138
3 0x001001cc (0xf7690913) x18 0xdf56ff76
core   0: 0x00000000001001d0 (0x6fab89b7) lui     s3, 0x6fab8
3 0x001001d0 (0x6fab89b7) x19 0x6fab8000
core   0: 0x00000000001001d4 (0xfbb98993) addi    s3, s3, -69
3 0x001001d4 (0xfbb98993) x19 0x6fab7fbb
core   0: 0x00000000001001d8 (0xb7d5ca37) lui     s4, 0xb7d5c
3 0x001001d8 (0xb7d5ca37) x20 0xb7d5c000
core   0: 0x00000000001001dc (0xfdda0a13) addi    s4, s4, -35
3 0x001001dc (0xfdda0a13) x20 0xb7d5bfdd
core   0: 0x00000000001001e0 (0xdbeaeab7) lui     s5, 0xdbeae
3 0x001001e0 (0xdbeaeab7) x21 0xdbeae000
core   0: 0x00000000001001e4 (0xfeea8a93) addi    s5, s5, -18
3 0x001001e4 (0xfeea8a93) x21 0xdbeadfee
core   0: 0x00000000001001e8 (0x6df57b37) lui     s6, 0x6df57
3 0x001001e8 (0x6df57b37) x22 0x6df57000
core   0: 0x00000000001001ec (0xff7b0b13) addi    s6, s6, -9
3 0x001001ec (0xff7b0b13) x22 0x6df56ff7
core   0: 0x00000000001001f0 (0xb6fabbb7) lui     s7, 0xb6fab
3 0x001001f0 (0xb6fabbb7) x23 0xb6fab000
core   0: 0x00000000001001f4 (0x7fbb8b93) addi    s7, s7, 2043
3 0x001001f4 (0x7fbb8b93) x23 0xb6fab7fb
core   0: 0x00000000001001f8 (0xdb7d6c37) lui     s8, 0xdb7d6
3 0x001001f8 (0xdb7d6c37) x24 0xdb7d6000
core   0: 0x00000000001001fc (0xbfdc0c13) addi    s8, s8, -1027
3 0x001001fc (0xbfdc0c13) x24 0xdb7d5bfd
core   0: 0x0000000000100200 (0xedbebcb7) lui     s9, 0xedbeb
3 0x00100200 (0xedbebcb7) x25 0xedbeb000
core   0: 0x0000000000100204 (0xdfec8c93) addi    s9, s9, -514
3 0x00100204 (0xdfec8c93) x25 0xedbeadfe
core   0: 0x0000000000100208 (0x76df5d37) lui     s10, 0x76df5
3 0x00100208 (0x76df5d37) x26 0x76df5000
core   0: 0x000000000010020c (0x6ffd0d13) addi    s10, s10, 1791
3 0x0010020c (0x6ffd0d13) x26 0x76df56ff
core   0: 0x0000000000100210 (0xbb6fbdb7) lui     s11, 0xbb6fb
3 0x00100210 (0xbb6fbdb7) x27 0xbb6fb000
core   0: 0x0000000000100214 (0xb7fd8d93) addi    s11, s11, -1153
3 0x00100214 (0xb7fd8d93) x27 0xbb6fab7f
core   0: 0x0000000000100218 (0xddb7de37) lui     t3, 0xddb7d
3 0x00100218 (0xddb7de37) x28 0xddb7d000
core   0: 0x000000000010021c (0x5bfe0e13) addi    t3, t3, 1471
3 0x0010021c (0x5bfe0e13) x28 0xddb7d5bf
core   0: 0x0000000000100220 (0xeedbfeb7) lui     t4, 0xeedbf
3 0x00100220 (0xeedbfeb7) x29 0xeedbf000
core   0: 0x0000000000100224 (0xadfe8e93) addi    t4, t4, -1313
3 0x00100224 (0xadfe8e93) x29 0xeedbeadf
core   0: 0x0000000000100228 (0xf76dff37) lui     t5, 0xf76df
3 0x00100228 (0xf76dff37) x30 0xf76df000
core   0: 0x000000000010022c (0x56ff0f13) addi    t5, t5, 1391
3 0x0010022c (0x56ff0f13) x30 0xf76df56f
core   0: 0x0000000000100230 (0xfbb70fb7) lui     t6, 0xfbb70
3 0x00100230 (0xfbb70fb7) x31 0xfbb70000
core   0: 0x0000000000100234 (0xab7f8f93) addi    t6, t6, -1353
3 0x00100234 (0xab7f8f93) x31 0xfbb6fab7
core   0: 0x0000000000100238 (0x000020b7) lui     ra, 0x2
3 0x00100238 (0x000020b7) x 1 0x00002000
core   0: 0x000000000010023c (0x3000a073) csrs    mstatus, ra
3 0x0010023c (0x3000a073) c768_mstatus 0x00002080
core   0: 0x0000000000100240 (0x04000093) li      ra, 64
3 0x00100240 (0x04000093) x 1 0x00000040
core   0: 0x0000000000100244 (0x00309073) csrw    fcsr, ra
3 0x00100244 (0x00309073) c3_fcsr 0x00000002
core   0: 0x0000000000100248 (0x00000297) auipc   t0, 0x0
3 0x00100248 (0x00000297) x 5 0x00100248
core   0: 0x000000000010024c (0x5c828293) addi    t0, t0, 1480
3 0x0010024c (0x5c828293) x 5 0x00100810
core   0: 0x0000000000100250 (0xbf8003b7) lui     t2, 0xbf800
3 0x00100250 (0xbf8003b7) x 7 0xbf800000
core   0: 0x0000000000100254 (0x3f9e0337) lui     t1, 0x3f9e0
3 0x00100254 (0x3f9e0337) x 6 0x3f9e0000
core   0: 0x0000000000100258 (0x41930313) addi    t1, t1, 1049
3 0x00100258 (0x41930313) x 6 0x3f9e0419
core   0: 0x000000000010025c (0xf0038853) fmv.w.x fa6, t2
3 0x0010025c (0xf0038853) f16 0xbf800000
core   0: 0x0000000000100260 (0xf0030f53) fmv.w.x ft10, t1
3 0x00100260 (0xf0030f53) f30 0x3f9e0419
core   0: 0x0000000000100264 (0x190f7053) fdiv.s  ft0, ft10, fa6
3 0x00100264 (0x190f7053) f 0 0xbf9e0419
core   0: 0x0000000000100268 (0x003ff373) csrrci  t1, fcsr, 31
3 0x00100268 (0x003ff373) x 6 0x00000040 c3_fcsr 0x00000002
core   0: 0x000000000010026c (0x0062a023) sw      t1, 0(t0)
3 0x0010026c (0x0062a023) mem 0x00100810 0x00000040
core   0: 0x0000000000100270 (0xe00003d3) fmv.x.w t2, ft0
3 0x00100270 (0xe00003d3) x 7 0xbf9e0419
core   0: 0x0000000000100274 (0x0002a227) fsw     ft0, 4(t0)
3 0x00100274 (0x0002a227) mem 0x00100814 0xbf9e0419
core   0: 0x0000000000100278 (0x3a2b53b7) lui     t2, 0x3a2b5
3 0x00100278 (0x3a2b53b7) x 7 0x3a2b5000
core   0: 0x000000000010027c (0x8ef38393) addi    t2, t2, -1809
3 0x0010027c (0x8ef38393) x 7 0x3a2b48ef
core   0: 0x0000000000100280 (0x00000313) li      t1, 0
3 0x00100280 (0x00000313) x 6 0x00000000
core   0: 0x0000000000100284 (0xf00387d3) fmv.w.x fa5, t2
3 0x00100284 (0xf00387d3) f15 0x3a2b48ef
core   0: 0x0000000000100288 (0xf0030ed3) fmv.w.x ft9, t1
3 0x00100288 (0xf0030ed3) f29 0x00000000
core   0: 0x000000000010028c (0x18fef0d3) fdiv.s  ft1, ft9, fa5
3 0x0010028c (0x18fef0d3) f 1 0x00000000
core   0: 0x0000000000100290 (0x003ff373) csrrci  t1, fcsr, 31
3 0x00100290 (0x003ff373) x 6 0x00000040 c3_fcsr 0x00000002
core   0: 0x0000000000100294 (0x0062a423) sw      t1, 8(t0)
3 0x00100294 (0x0062a423) mem 0x00100818 0x00000040
core   0: 0x0000000000100298 (0xe00083d3) fmv.x.w t2, ft1
3 0x00100298 (0xe00083d3) x 7 0x00000000
core   0: 0x000000000010029c (0x0012a627) fsw     ft1, 12(t0)
3 0x0010029c (0x0012a627) mem 0x0010081c 0x00000000
core   0: 0x00000000001002a0 (0x3f8003b7) lui     t2, 0x3f800
3 0x001002a0 (0x3f8003b7) x 7 0x3f800000
core   0: 0x00000000001002a4 (0xc1458337) lui     t1, 0xc1458
3 0x001002a4 (0xc1458337) x 6 0xc1458000
core   0: 0x00000000001002a8 (0x79430313) addi    t1, t1, 1940
3 0x001002a8 (0x79430313) x 6 0xc1458794
core   0: 0x00000000001002ac (0xf0038753) fmv.w.x fa4, t2
3 0x001002ac (0xf0038753) f14 0x3f800000
core   0: 0x00000000001002b0 (0xf0030e53) fmv.w.x ft8, t1
3 0x001002b0 (0xf0030e53) f28 0xc1458794
core   0: 0x00000000001002b4 (0x18ee7153) fdiv.s  ft2, ft8, fa4
3 0x001002b4 (0x18ee7153) f 2 0xc1458794
core   0: 0x00000000001002b8 (0x003ff373) csrrci  t1, fcsr, 31
3 0x001002b8 (0x003ff373) x 6 0x00000040 c3_fcsr 0x00000002
core   0: 0x00000000001002bc (0x0062a823) sw      t1, 16(t0)
3 0x001002bc (0x0062a823) mem 0x00100820 0x00000040
core   0: 0x00000000001002c0 (0xe00103d3) fmv.x.w t2, ft2
3 0x001002c0 (0xe00103d3) x 7 0xc1458794
core   0: 0x00000000001002c4 (0x0022aa27) fsw     ft2, 20(t0)
3 0x001002c4 (0x0022aa27) mem 0x00100824 0xc1458794
core   0: 0x00000000001002c8 (0x4c50e3b7) lui     t2, 0x4c50e
3 0x001002c8 (0x4c50e3b7) x 7 0x4c50e000
core   0: 0x00000000001002cc (0x7e738393) addi    t2, t2, 2023
3 0x001002cc (0x7e738393) x 7 0x4c50e7e7
core   0: 0x00000000001002d0 (0xc61a5337) lui     t1, 0xc61a5
3 0x001002d0 (0xc61a5337) x 6 0xc61a5000
core   0: 0x00000000001002d4 (0x22930313) addi    t1, t1, 553
3 0x001002d4 (0x22930313) x 6 0xc61a5229
core   0: 0x00000000001002d8 (0xf00386d3) fmv.w.x fa3, t2
3 0x001002d8 (0xf00386d3) f13 0x4c50e7e7
core   0: 0x00000000001002dc (0xf0030dd3) fmv.w.x fs11, t1
3 0x001002dc (0xf0030dd3) f27 0xc61a5229
core   0: 0x00000000001002e0 (0x18ddf1d3) fdiv.s  ft3, fs11, fa3
3 0x001002e0 (0x18ddf1d3) f 3 0xb93d1c20
core   0: 0x00000000001002e4 (0x003ff373) csrrci  t1, fcsr, 31
3 0x001002e4 (0x003ff373) x 6 0x00000041 c3_fcsr 0x00000002
core   0: 0x00000000001002e8 (0x0062ac23) sw      t1, 24(t0)
3 0x001002e8 (0x0062ac23) mem 0x00100828 0x00000041
core   0: 0x00000000001002ec (0xe00183d3) fmv.x.w t2, ft3
3 0x001002ec (0xe00183d3) x 7 0xb93d1c20
core   0: 0x00000000001002f0 (0x0032ae27) fsw     ft3, 28(t0)
3 0x001002f0 (0x0032ae27) mem 0x0010082c 0xb93d1c20
core   0: 0x00000000001002f4 (0xc61a53b7) lui     t2, 0xc61a5
3 0x001002f4 (0xc61a53b7) x 7 0xc61a5000
core   0: 0x00000000001002f8 (0x22938393) addi    t2, t2, 553
3 0x001002f8 (0x22938393) x 7 0xc61a5229
core   0: 0x00000000001002fc (0x4c50e337) lui     t1, 0x4c50e
3 0x001002fc (0x4c50e337) x 6 0x4c50e000
core   0: 0x0000000000100300 (0x7e730313) addi    t1, t1, 2023
3 0x00100300 (0x7e730313) x 6 0x4c50e7e7
core   0: 0x0000000000100304 (0xf0038653) fmv.w.x fa2, t2
3 0x00100304 (0xf0038653) f12 0xc61a5229
core   0: 0x0000000000100308 (0xf0030d53) fmv.w.x fs10, t1
3 0x00100308 (0xf0030d53) f26 0x4c50e7e7
core   0: 0x000000000010030c (0x18cd7253) fdiv.s  ft4, fs10, fa2
3 0x0010030c (0x18cd7253) f 4 0xc5ad4663
core   0: 0x0000000000100310 (0x003ff373) csrrci  t1, fcsr, 31
3 0x00100310 (0x003ff373) x 6 0x00000041 c3_fcsr 0x00000002
core   0: 0x0000000000100314 (0x0262a023) sw      t1, 32(t0)
3 0x00100314 (0x0262a023) mem 0x00100830 0x00000041
core   0: 0x0000000000100318 (0xe00203d3) fmv.x.w t2, ft4
3 0x00100318 (0xe00203d3) x 7 0xc5ad4663
core   0: 0x000000000010031c (0x0242a227) fsw     ft4, 36(t0)
3 0x0010031c (0x0242a227) mem 0x00100834 0xc5ad4663
core   0: 0x0000000000100320 (0x00000097) auipc   ra, 0x0
3 0x00100320 (0x00000097) x 1 0x00100320
core   0: 0x0000000000100324 (0x51808093) addi    ra, ra, 1304
3 0x00100324 (0x51808093) x 1 0x00100838
core   0: 0x0000000000100328 (0xc14581b7) lui     gp, 0xc1458
3 0x00100328 (0xc14581b7) x 3 0xc1458000
core   0: 0x000000000010032c (0x79418193) addi    gp, gp, 1940
3 0x0010032c (0x79418193) x 3 0xc1458794
core   0: 0x0000000000100330 (0x3f800137) lui     sp, 0x3f800
3 0x00100330 (0x3f800137) x 2 0x3f800000
core   0: 0x0000000000100334 (0xf00185d3) fmv.w.x fa1, gp
3 0x00100334 (0xf00185d3) f11 0xc1458794
core   0: 0x0000000000100338 (0xf0010cd3) fmv.w.x fs9, sp
3 0x00100338 (0xf0010cd3) f25 0x3f800000
core   0: 0x000000000010033c (0x18bcf2d3) fdiv.s  ft5, fs9, fa1
3 0x0010033c (0x18bcf2d3) f 5 0xbda5e39a
core   0: 0x0000000000100340 (0x003ff173) csrrci  sp, fcsr, 31
3 0x00100340 (0x003ff173) x 2 0x00000041 c3_fcsr 0x00000002
core   0: 0x0000000000100344 (0x0020a023) sw      sp, 0(ra)
3 0x00100344 (0x0020a023) mem 0x00100838 0x00000041
core   0: 0x0000000000100348 (0xe00281d3) fmv.x.w gp, ft5
3 0x00100348 (0xe00281d3) x 3 0xbda5e39a
core   0: 0x000000000010034c (0x0050a227) fsw     ft5, 4(ra)
3 0x0010034c (0x0050a227) mem 0x0010083c 0xbda5e39a
core   0: 0x0000000000100350 (0x00000193) li      gp, 0
3 0x00100350 (0x00000193) x 3 0x00000000
core   0: 0x0000000000100354 (0x3a2b5137) lui     sp, 0x3a2b5
3 0x00100354 (0x3a2b5137) x 2 0x3a2b5000
core   0: 0x0000000000100358 (0x8ef10113) addi    sp, sp, -1809
3 0x00100358 (0x8ef10113) x 2 0x3a2b48ef
core   0: 0x000000000010035c (0xf0018553) fmv.w.x fa0, gp
3 0x0010035c (0xf0018553) f10 0x00000000
core   0: 0x0000000000100360 (0xf0010c53) fmv.w.x fs8, sp
3 0x00100360 (0xf0010c53) f24 0x3a2b48ef
core   0: 0x0000000000100364 (0x18ac7353) fdiv.s  ft6, fs8, fa0
3 0x00100364 (0x18ac7353) f 6 0x7f800000
core   0: 0x0000000000100368 (0x003ff173) csrrci  sp, fcsr, 31
3 0x00100368 (0x003ff173) x 2 0x00000048 c3_fcsr 0x00000002
core   0: 0x000000000010036c (0x0020a423) sw      sp, 8(ra)
3 0x0010036c (0x0020a423) mem 0x00100840 0x00000048
core   0: 0x0000000000100370 (0xe00301d3) fmv.x.w gp, ft6
3 0x00100370 (0xe00301d3) x 3 0x7f800000
core   0: 0x0000000000100374 (0x0060a627) fsw     ft6, 12(ra)
3 0x00100374 (0x0060a627) mem 0x00100844 0x7f800000
core   0: 0x0000000000100378 (0x3f9e01b7) lui     gp, 0x3f9e0
3 0x00100378 (0x3f9e01b7) x 3 0x3f9e0000
core   0: 0x000000000010037c (0x41918193) addi    gp, gp, 1049
3 0x0010037c (0x41918193) x 3 0x3f9e0419
core   0: 0x0000000000100380 (0xbf800137) lui     sp, 0xbf800
3 0x00100380 (0xbf800137) x 2 0xbf800000
core   0: 0x0000000000100384 (0xf00184d3) fmv.w.x fs1, gp
3 0x00100384 (0xf00184d3) f 9 0x3f9e0419
core   0: 0x0000000000100388 (0xf0010bd3) fmv.w.x fs7, sp
3 0x00100388 (0xf0010bd3) f23 0xbf800000
core   0: 0x000000000010038c (0x189bf3d3) fdiv.s  ft7, fs7, fs1
3 0x0010038c (0x189bf3d3) f 7 0xbf4f5f14
core   0: 0x0000000000100390 (0x003ff173) csrrci  sp, fcsr, 31
3 0x00100390 (0x003ff173) x 2 0x00000041 c3_fcsr 0x00000002
core   0: 0x0000000000100394 (0x0020a823) sw      sp, 16(ra)
3 0x00100394 (0x0020a823) mem 0x00100848 0x00000041
core   0: 0x0000000000100398 (0xe00381d3) fmv.x.w gp, ft7
3 0x00100398 (0xe00381d3) x 3 0xbf4f5f14
core   0: 0x000000000010039c (0x0070aa27) fsw     ft7, 20(ra)
3 0x0010039c (0x0070aa27) mem 0x0010084c 0xbf4f5f14
core   0: 0x00000000001003a0 (0xbf8001b7) lui     gp, 0xbf800
3 0x001003a0 (0xbf8001b7) x 3 0xbf800000
core   0: 0x00000000001003a4 (0x3f9e0137) lui     sp, 0x3f9e0
3 0x001003a4 (0x3f9e0137) x 2 0x3f9e0000
core   0: 0x00000000001003a8 (0x41910113) addi    sp, sp, 1049
3 0x001003a8 (0x41910113) x 2 0x3f9e0419
core   0: 0x00000000001003ac (0xf0018453) fmv.w.x fs0, gp
3 0x001003ac (0xf0018453) f 8 0xbf800000
core   0: 0x00000000001003b0 (0xf0010b53) fmv.w.x fs6, sp
3 0x001003b0 (0xf0010b53) f22 0x3f9e0419
core   0: 0x00000000001003b4 (0x188b7453) fdiv.s  fs0, fs6, fs0
3 0x001003b4 (0x188b7453) f 8 0xbf9e0419
core   0: 0x00000000001003b8 (0x003ff173) csrrci  sp, fcsr, 31
3 0x001003b8 (0x003ff173) x 2 0x00000040 c3_fcsr 0x00000002
core   0: 0x00000000001003bc (0x0020ac23) sw      sp, 24(ra)
3 0x001003bc (0x0020ac23) mem 0x00100850 0x00000040
core   0: 0x00000000001003c0 (0xe00401d3) fmv.x.w gp, fs0
3 0x001003c0 (0xe00401d3) x 3 0xbf9e0419
core   0: 0x00000000001003c4 (0x0080ae27) fsw     fs0, 28(ra)
3 0x001003c4 (0x0080ae27) mem 0x00100854 0xbf9e0419
core   0: 0x00000000001003c8 (0x3a2b51b7) lui     gp, 0x3a2b5
3 0x001003c8 (0x3a2b51b7) x 3 0x3a2b5000
core   0: 0x00000000001003cc (0x8ef18193) addi    gp, gp, -1809
3 0x001003cc (0x8ef18193) x 3 0x3a2b48ef
core   0: 0x00000000001003d0 (0x00000113) li      sp, 0
3 0x001003d0 (0x00000113) x 2 0x00000000
core   0: 0x00000000001003d4 (0xf00183d3) fmv.w.x ft7, gp
3 0x001003d4 (0xf00183d3) f 7 0x3a2b48ef
core   0: 0x00000000001003d8 (0xf0010ad3) fmv.w.x fs5, sp
3 0x001003d8 (0xf0010ad3) f21 0x00000000
core   0: 0x00000000001003dc (0x187af4d3) fdiv.s  fs1, fs5, ft7
3 0x001003dc (0x187af4d3) f 9 0x00000000
core   0: 0x00000000001003e0 (0x003ff173) csrrci  sp, fcsr, 31
3 0x001003e0 (0x003ff173) x 2 0x00000040 c3_fcsr 0x00000002
core   0: 0x00000000001003e4 (0x0220a023) sw      sp, 32(ra)
3 0x001003e4 (0x0220a023) mem 0x00100858 0x00000040
core   0: 0x00000000001003e8 (0xe00481d3) fmv.x.w gp, fs1
3 0x001003e8 (0xe00481d3) x 3 0x00000000
core   0: 0x00000000001003ec (0x0290a227) fsw     fs1, 36(ra)
3 0x001003ec (0x0290a227) mem 0x0010085c 0x00000000
core   0: 0x00000000001003f0 (0x00000097) auipc   ra, 0x0
3 0x001003f0 (0x00000097) x 1 0x001003f0
core   0: 0x00000000001003f4 (0x47008093) addi    ra, ra, 1136
3 0x001003f4 (0x47008093) x 1 0x00100860
core   0: 0x00000000001003f8 (0x3f800437) lui     s0, 0x3f800
3 0x001003f8 (0x3f800437) x 8 0x3f800000
core   0: 0x00000000001003fc (0xc14583b7) lui     t2, 0xc1458
3 0x001003fc (0xc14583b7) x 7 0xc1458000
core   0: 0x0000000000100400 (0x79438393) addi    t2, t2, 1940
3 0x00100400 (0x79438393) x 7 0xc1458794
core   0: 0x0000000000100404 (0xf0040353) fmv.w.x ft6, s0
3 0x00100404 (0xf0040353) f 6 0x3f800000
core   0: 0x0000000000100408 (0xf0038a53) fmv.w.x fs4, t2
3 0x00100408 (0xf0038a53) f20 0xc1458794
core   0: 0x000000000010040c (0x186a7553) fdiv.s  fa0, fs4, ft6
3 0x0010040c (0x186a7553) f10 0xc1458794
core   0: 0x0000000000100410 (0x003ff3f3) csrrci  t2, fcsr, 31
3 0x00100410 (0x003ff3f3) x 7 0x00000040 c3_fcsr 0x00000002
core   0: 0x0000000000100414 (0x0070a023) sw      t2, 0(ra)
3 0x00100414 (0x0070a023) mem 0x00100860 0x00000040
core   0: 0x0000000000100418 (0xe0050453) fmv.x.w s0, fa0
3 0x00100418 (0xe0050453) x 8 0xc1458794
core   0: 0x000000000010041c (0x00a0a227) fsw     fa0, 4(ra)
3 0x0010041c (0x00a0a227) mem 0x00100864 0xc1458794
core   0: 0x0000000000100420 (0x4c50e437) lui     s0, 0x4c50e
3 0x00100420 (0x4c50e437) x 8 0x4c50e000
core   0: 0x0000000000100424 (0x7e740413) addi    s0, s0, 2023
3 0x00100424 (0x7e740413) x 8 0x4c50e7e7
core   0: 0x0000000000100428 (0xc61a53b7) lui     t2, 0xc61a5
3 0x00100428 (0xc61a53b7) x 7 0xc61a5000
core   0: 0x000000000010042c (0x22938393) addi    t2, t2, 553
3 0x0010042c (0x22938393) x 7 0xc61a5229
core   0: 0x0000000000100430 (0xf00402d3) fmv.w.x ft5, s0
3 0x00100430 (0xf00402d3) f 5 0x4c50e7e7
core   0: 0x0000000000100434 (0xf00389d3) fmv.w.x fs3, t2
3 0x00100434 (0xf00389d3) f19 0xc61a5229
core   0: 0x0000000000100438 (0x1859f5d3) fdiv.s  fa1, fs3, ft5
3 0x00100438 (0x1859f5d3) f11 0xb93d1c20
core   0: 0x000000000010043c (0x003ff3f3) csrrci  t2, fcsr, 31
3 0x0010043c (0x003ff3f3) x 7 0x00000041 c3_fcsr 0x00000002
core   0: 0x0000000000100440 (0x0070a423) sw      t2, 8(ra)
3 0x00100440 (0x0070a423) mem 0x00100868 0x00000041
core   0: 0x0000000000100444 (0xe0058453) fmv.x.w s0, fa1
3 0x00100444 (0xe0058453) x 8 0xb93d1c20
core   0: 0x0000000000100448 (0x00b0a627) fsw     fa1, 12(ra)
3 0x00100448 (0x00b0a627) mem 0x0010086c 0xb93d1c20
core   0: 0x000000000010044c (0xc61a5437) lui     s0, 0xc61a5
3 0x0010044c (0xc61a5437) x 8 0xc61a5000
core   0: 0x0000000000100450 (0x22940413) addi    s0, s0, 553
3 0x00100450 (0x22940413) x 8 0xc61a5229
core   0: 0x0000000000100454 (0x4c50e3b7) lui     t2, 0x4c50e
3 0x00100454 (0x4c50e3b7) x 7 0x4c50e000
core   0: 0x0000000000100458 (0x7e738393) addi    t2, t2, 2023
3 0x00100458 (0x7e738393) x 7 0x4c50e7e7
core   0: 0x000000000010045c (0xf0040253) fmv.w.x ft4, s0
3 0x0010045c (0xf0040253) f 4 0xc61a5229
core   0: 0x0000000000100460 (0xf0038953) fmv.w.x fs2, t2
3 0x00100460 (0xf0038953) f18 0x4c50e7e7
core   0: 0x0000000000100464 (0x18497653) fdiv.s  fa2, fs2, ft4
3 0x00100464 (0x18497653) f12 0xc5ad4663
core   0: 0x0000000000100468 (0x003ff3f3) csrrci  t2, fcsr, 31
3 0x00100468 (0x003ff3f3) x 7 0x00000041 c3_fcsr 0x00000002
core   0: 0x000000000010046c (0x0070a823) sw      t2, 16(ra)
3 0x0010046c (0x0070a823) mem 0x00100870 0x00000041
core   0: 0x0000000000100470 (0xe0060453) fmv.x.w s0, fa2
3 0x00100470 (0xe0060453) x 8 0xc5ad4663
core   0: 0x0000000000100474 (0x00c0aa27) fsw     fa2, 20(ra)
3 0x00100474 (0x00c0aa27) mem 0x00100874 0xc5ad4663
core   0: 0x0000000000100478 (0xc1458437) lui     s0, 0xc1458
3 0x00100478 (0xc1458437) x 8 0xc1458000
core   0: 0x000000000010047c (0x79440413) addi    s0, s0, 1940
3 0x0010047c (0x79440413) x 8 0xc1458794
core   0: 0x0000000000100480 (0x3f8003b7) lui     t2, 0x3f800
3 0x00100480 (0x3f8003b7) x 7 0x3f800000
core   0: 0x0000000000100484 (0xf00401d3) fmv.w.x ft3, s0
3 0x00100484 (0xf00401d3) f 3 0xc1458794
core   0: 0x0000000000100488 (0xf00388d3) fmv.w.x fa7, t2
3 0x00100488 (0xf00388d3) f17 0x3f800000
core   0: 0x000000000010048c (0x1838f6d3) fdiv.s  fa3, fa7, ft3
3 0x0010048c (0x1838f6d3) f13 0xbda5e39a
core   0: 0x0000000000100490 (0x003ff3f3) csrrci  t2, fcsr, 31
3 0x00100490 (0x003ff3f3) x 7 0x00000041 c3_fcsr 0x00000002
core   0: 0x0000000000100494 (0x0070ac23) sw      t2, 24(ra)
3 0x00100494 (0x0070ac23) mem 0x00100878 0x00000041
core   0: 0x0000000000100498 (0xe0068453) fmv.x.w s0, fa3
3 0x00100498 (0xe0068453) x 8 0xbda5e39a
core   0: 0x000000000010049c (0x00d0ae27) fsw     fa3, 28(ra)
3 0x0010049c (0x00d0ae27) mem 0x0010087c 0xbda5e39a
core   0: 0x00000000001004a0 (0x00000413) li      s0, 0
3 0x001004a0 (0x00000413) x 8 0x00000000
core   0: 0x00000000001004a4 (0x3a2b53b7) lui     t2, 0x3a2b5
3 0x001004a4 (0x3a2b53b7) x 7 0x3a2b5000
core   0: 0x00000000001004a8 (0x8ef38393) addi    t2, t2, -1809
3 0x001004a8 (0x8ef38393) x 7 0x3a2b48ef
core   0: 0x00000000001004ac (0xf0040153) fmv.w.x ft2, s0
3 0x001004ac (0xf0040153) f 2 0x00000000
core   0: 0x00000000001004b0 (0xf0038853) fmv.w.x fa6, t2
3 0x001004b0 (0xf0038853) f16 0x3a2b48ef
core   0: 0x00000000001004b4 (0x18287753) fdiv.s  fa4, fa6, ft2
3 0x001004b4 (0x18287753) f14 0x7f800000
core   0: 0x00000000001004b8 (0x003ff3f3) csrrci  t2, fcsr, 31
3 0x001004b8 (0x003ff3f3) x 7 0x00000048 c3_fcsr 0x00000002
core   0: 0x00000000001004bc (0x0270a023) sw      t2, 32(ra)
3 0x001004bc (0x0270a023) mem 0x00100880 0x00000048
core   0: 0x00000000001004c0 (0xe0070453) fmv.x.w s0, fa4
3 0x001004c0 (0xe0070453) x 8 0x7f800000
core   0: 0x00000000001004c4 (0x02e0a227) fsw     fa4, 36(ra)
3 0x001004c4 (0x02e0a227) mem 0x00100884 0x7f800000
core   0: 0x00000000001004c8 (0x00000117) auipc   sp, 0x0
3 0x001004c8 (0x00000117) x 2 0x001004c8
core   0: 0x00000000001004cc (0x3c010113) addi    sp, sp, 960
3 0x001004cc (0x3c010113) x 2 0x00100888
core   0: 0x00000000001004d0 (0x3f9e0237) lui     tp, 0x3f9e0
3 0x001004d0 (0x3f9e0237) x 4 0x3f9e0000
core   0: 0x00000000001004d4 (0x41920213) addi    tp, tp, 1049
3 0x001004d4 (0x41920213) x 4 0x3f9e0419
core   0: 0x00000000001004d8 (0xbf8001b7) lui     gp, 0xbf800
3 0x001004d8 (0xbf8001b7) x 3 0xbf800000
core   0: 0x00000000001004dc (0xf00200d3) fmv.w.x ft1, tp
3 0x001004dc (0xf00200d3) f 1 0x3f9e0419
core   0: 0x00000000001004e0 (0xf00187d3) fmv.w.x fa5, gp
3 0x001004e0 (0xf00187d3) f15 0xbf800000
core   0: 0x00000000001004e4 (0x1817f7d3) fdiv.s  fa5, fa5, ft1
3 0x001004e4 (0x1817f7d3) f15 0xbf4f5f14
core   0: 0x00000000001004e8 (0x003ff1f3) csrrci  gp, fcsr, 31
3 0x001004e8 (0x003ff1f3) x 3 0x00000041 c3_fcsr 0x00000002
core   0: 0x00000000001004ec (0x00312023) sw      gp, 0(sp)
3 0x001004ec (0x00312023) mem 0x00100888 0x00000041
core   0: 0x00000000001004f0 (0xe0078253) fmv.x.w tp, fa5
3 0x001004f0 (0xe0078253) x 4 0xbf4f5f14
core   0: 0x00000000001004f4 (0x00f12227) fsw     fa5, 4(sp)
3 0x001004f4 (0x00f12227) mem 0x0010088c 0xbf4f5f14
core   0: 0x00000000001004f8 (0xbf800237) lui     tp, 0xbf800
3 0x001004f8 (0xbf800237) x 4 0xbf800000
core   0: 0x00000000001004fc (0x3f9e01b7) lui     gp, 0x3f9e0
3 0x001004fc (0x3f9e01b7) x 3 0x3f9e0000
core   0: 0x0000000000100500 (0x41918193) addi    gp, gp, 1049
3 0x00100500 (0x41918193) x 3 0x3f9e0419
core   0: 0x0000000000100504 (0xf0020053) fmv.w.x ft0, tp
3 0x00100504 (0xf0020053) f 0 0xbf800000
core   0: 0x0000000000100508 (0xf0018753) fmv.w.x fa4, gp
3 0x00100508 (0xf0018753) f14 0x3f9e0419
core   0: 0x000000000010050c (0x18077853) fdiv.s  fa6, fa4, ft0
3 0x0010050c (0x18077853) f16 0xbf9e0419
core   0: 0x0000000000100510 (0x003ff1f3) csrrci  gp, fcsr, 31
3 0x00100510 (0x003ff1f3) x 3 0x00000040 c3_fcsr 0x00000002
core   0: 0x0000000000100514 (0x00312423) sw      gp, 8(sp)
3 0x00100514 (0x00312423) mem 0x00100890 0x00000040
core   0: 0x0000000000100518 (0xe0080253) fmv.x.w tp, fa6
3 0x00100518 (0xe0080253) x 4 0xbf9e0419
core   0: 0x000000000010051c (0x01012627) fsw     fa6, 12(sp)
3 0x0010051c (0x01012627) mem 0x00100894 0xbf9e0419
core   0: 0x0000000000100520 (0x3a2b5237) lui     tp, 0x3a2b5
3 0x00100520 (0x3a2b5237) x 4 0x3a2b5000
core   0: 0x0000000000100524 (0x8ef20213) addi    tp, tp, -1809
3 0x00100524 (0x8ef20213) x 4 0x3a2b48ef
core   0: 0x0000000000100528 (0x00000193) li      gp, 0
3 0x00100528 (0x00000193) x 3 0x00000000
core   0: 0x000000000010052c (0xf0020f53) fmv.w.x ft10, tp
3 0x0010052c (0xf0020f53) f30 0x3a2b48ef
core   0: 0x0000000000100530 (0xf00186d3) fmv.w.x fa3, gp
3 0x00100530 (0xf00186d3) f13 0x00000000
core   0: 0x0000000000100534 (0x19e6f8d3) fdiv.s  fa7, fa3, ft10
3 0x00100534 (0x19e6f8d3) f17 0x00000000
core   0: 0x0000000000100538 (0x003ff1f3) csrrci  gp, fcsr, 31
3 0x00100538 (0x003ff1f3) x 3 0x00000040 c3_fcsr 0x00000002
core   0: 0x000000000010053c (0x00312823) sw      gp, 16(sp)
3 0x0010053c (0x00312823) mem 0x00100898 0x00000040
core   0: 0x0000000000100540 (0xe0088253) fmv.x.w tp, fa7
3 0x00100540 (0xe0088253) x 4 0x00000000
core   0: 0x0000000000100544 (0x01112a27) fsw     fa7, 20(sp)
3 0x00100544 (0x01112a27) mem 0x0010089c 0x00000000
core   0: 0x0000000000100548 (0x3f800237) lui     tp, 0x3f800
3 0x00100548 (0x3f800237) x 4 0x3f800000
core   0: 0x000000000010054c (0xc14581b7) lui     gp, 0xc1458
3 0x0010054c (0xc14581b7) x 3 0xc1458000
core   0: 0x0000000000100550 (0x79418193) addi    gp, gp, 1940
3 0x00100550 (0x79418193) x 3 0xc1458794
core   0: 0x0000000000100554 (0xf0020ed3) fmv.w.x ft9, tp
3 0x00100554 (0xf0020ed3) f29 0x3f800000
core   0: 0x0000000000100558 (0xf0018653) fmv.w.x fa2, gp
3 0x00100558 (0xf0018653) f12 0xc1458794
core   0: 0x000000000010055c (0x19d67953) fdiv.s  fs2, fa2, ft9
3 0x0010055c (0x19d67953) f18 0xc1458794
core   0: 0x0000000000100560 (0x003ff1f3) csrrci  gp, fcsr, 31
3 0x00100560 (0x003ff1f3) x 3 0x00000040 c3_fcsr 0x00000002
core   0: 0x0000000000100564 (0x00312c23) sw      gp, 24(sp)
3 0x00100564 (0x00312c23) mem 0x001008a0 0x00000040
core   0: 0x0000000000100568 (0xe0090253) fmv.x.w tp, fs2
3 0x00100568 (0xe0090253) x 4 0xc1458794
core   0: 0x000000000010056c (0x01212e27) fsw     fs2, 28(sp)
3 0x0010056c (0x01212e27) mem 0x001008a4 0xc1458794
core   0: 0x0000000000100570 (0x4c50e237) lui     tp, 0x4c50e
3 0x00100570 (0x4c50e237) x 4 0x4c50e000
core   0: 0x0000000000100574 (0x7e720213) addi    tp, tp, 2023
3 0x00100574 (0x7e720213) x 4 0x4c50e7e7
core   0: 0x0000000000100578 (0xc61a51b7) lui     gp, 0xc61a5
3 0x00100578 (0xc61a51b7) x 3 0xc61a5000
core   0: 0x000000000010057c (0x22918193) addi    gp, gp, 553
3 0x0010057c (0x22918193) x 3 0xc61a5229
core   0: 0x0000000000100580 (0xf0020e53) fmv.w.x ft8, tp
3 0x00100580 (0xf0020e53) f28 0x4c50e7e7
core   0: 0x0000000000100584 (0xf00185d3) fmv.w.x fa1, gp
3 0x00100584 (0xf00185d3) f11 0xc61a5229
core   0: 0x0000000000100588 (0x19c5f9d3) fdiv.s  fs3, fa1, ft8
3 0x00100588 (0x19c5f9d3) f19 0xb93d1c20
core   0: 0x000000000010058c (0x003ff1f3) csrrci  gp, fcsr, 31
3 0x0010058c (0x003ff1f3) x 3 0x00000041 c3_fcsr 0x00000002
core   0: 0x0000000000100590 (0x02312023) sw      gp, 32(sp)
3 0x00100590 (0x02312023) mem 0x001008a8 0x00000041
core   0: 0x0000000000100594 (0xe0098253) fmv.x.w tp, fs3
3 0x00100594 (0xe0098253) x 4 0xb93d1c20
core   0: 0x0000000000100598 (0x03312227) fsw     fs3, 36(sp)
3 0x00100598 (0x03312227) mem 0x001008ac 0xb93d1c20
core   0: 0x000000000010059c (0x00000097) auipc   ra, 0x0
3 0x0010059c (0x00000097) x 1 0x0010059c
core   0: 0x00000000001005a0 (0x31408093) addi    ra, ra, 788
3 0x001005a0 (0x31408093) x 1 0x001008b0
core   0: 0x00000000001005a4 (0xc61a51b7) lui     gp, 0xc61a5
3 0x001005a4 (0xc61a51b7) x 3 0xc61a5000
core   0: 0x00000000001005a8 (0x22918193) addi    gp, gp, 553
3 0x001005a8 (0x22918193) x 3 0xc61a5229
core   0: 0x00000000001005ac (0x4c50e137) lui     sp, 0x4c50e
3 0x001005ac (0x4c50e137) x 2 0x4c50e000
core   0: 0x00000000001005b0 (0x7e710113) addi    sp, sp, 2023
3 0x001005b0 (0x7e710113) x 2 0x4c50e7e7
core   0: 0x00000000001005b4 (0xf0018dd3) fmv.w.x fs11, gp
3 0x001005b4 (0xf0018dd3) f27 0xc61a5229
core   0: 0x00000000001005b8 (0xf0010553) fmv.w.x fa0, sp
3 0x001005b8 (0xf0010553) f10 0x4c50e7e7
core   0: 0x00000000001005bc (0x19b57a53) fdiv.s  fs4, fa0, fs11
3 0x001005bc (0x19b57a53) f20 0xc5ad4663
core   0: 0x00000000001005c0 (0x003ff173) csrrci  sp, fcsr, 31
3 0x001005c0 (0x003ff173) x 2 0x00000041 c3_fcsr 0x00000002
core   0: 0x00000000001005c4 (0x0020a023) sw      sp, 0(ra)
3 0x001005c4 (0x0020a023) mem 0x001008b0 0x00000041
core   0: 0x00000000001005c8 (0xe00a01d3) fmv.x.w gp, fs4
3 0x001005c8 (0xe00a01d3) x 3 0xc5ad4663
core   0: 0x00000000001005cc (0x0140a227) fsw     fs4, 4(ra)
3 0x001005cc (0x0140a227) mem 0x001008b4 0xc5ad4663
core   0: 0x00000000001005d0 (0xc14581b7) lui     gp, 0xc1458
3 0x001005d0 (0xc14581b7) x 3 0xc1458000
core   0: 0x00000000001005d4 (0x79418193) addi    gp, gp, 1940
3 0x001005d4 (0x79418193) x 3 0xc1458794
core   0: 0x00000000001005d8 (0x3f800137) lui     sp, 0x3f800
3 0x001005d8 (0x3f800137) x 2 0x3f800000
core   0: 0x00000000001005dc (0xf0018d53) fmv.w.x fs10, gp
3 0x001005dc (0xf0018d53) f26 0xc1458794
core   0: 0x00000000001005e0 (0xf00104d3) fmv.w.x fs1, sp
3 0x001005e0 (0xf00104d3) f 9 0x3f800000
core   0: 0x00000000001005e4 (0x19a4fad3) fdiv.s  fs5, fs1, fs10
3 0x001005e4 (0x19a4fad3) f21 0xbda5e39a
core   0: 0x00000000001005e8 (0x003ff173) csrrci  sp, fcsr, 31
3 0x001005e8 (0x003ff173) x 2 0x00000041 c3_fcsr 0x00000002
core   0: 0x00000000001005ec (0x0020a423) sw      sp, 8(ra)
3 0x001005ec (0x0020a423) mem 0x001008b8 0x00000041
core   0: 0x00000000001005f0 (0xe00a81d3) fmv.x.w gp, fs5
3 0x001005f0 (0xe00a81d3) x 3 0xbda5e39a
core   0: 0x00000000001005f4 (0x0150a627) fsw     fs5, 12(ra)
3 0x001005f4 (0x0150a627) mem 0x001008bc 0xbda5e39a
core   0: 0x00000000001005f8 (0x00000193) li      gp, 0
3 0x001005f8 (0x00000193) x 3 0x00000000
core   0: 0x00000000001005fc (0x3a2b5137) lui     sp, 0x3a2b5
3 0x001005fc (0x3a2b5137) x 2 0x3a2b5000
core   0: 0x0000000000100600 (0x8ef10113) addi    sp, sp, -1809
3 0x00100600 (0x8ef10113) x 2 0x3a2b48ef
core   0: 0x0000000000100604 (0xf0018cd3) fmv.w.x fs9, gp
3 0x00100604 (0xf0018cd3) f25 0x00000000
core   0: 0x0000000000100608 (0xf0010453) fmv.w.x fs0, sp
3 0x00100608 (0xf0010453) f 8 0x3a2b48ef
core   0: 0x000000000010060c (0x19947b53) fdiv.s  fs6, fs0, fs9
3 0x0010060c (0x19947b53) f22 0x7f800000
core   0: 0x0000000000100610 (0x003ff173) csrrci  sp, fcsr, 31
3 0x00100610 (0x003ff173) x 2 0x00000048 c3_fcsr 0x00000002
core   0: 0x0000000000100614 (0x0020a823) sw      sp, 16(ra)
3 0x00100614 (0x0020a823) mem 0x001008c0 0x00000048
core   0: 0x0000000000100618 (0xe00b01d3) fmv.x.w gp, fs6
3 0x00100618 (0xe00b01d3) x 3 0x7f800000
core   0: 0x000000000010061c (0x0160aa27) fsw     fs6, 20(ra)
3 0x0010061c (0x0160aa27) mem 0x001008c4 0x7f800000
core   0: 0x0000000000100620 (0x3f9e01b7) lui     gp, 0x3f9e0
3 0x00100620 (0x3f9e01b7) x 3 0x3f9e0000
core   0: 0x0000000000100624 (0x41918193) addi    gp, gp, 1049
3 0x00100624 (0x41918193) x 3 0x3f9e0419
core   0: 0x0000000000100628 (0xbf800137) lui     sp, 0xbf800
3 0x00100628 (0xbf800137) x 2 0xbf800000
core   0: 0x000000000010062c (0xf0018c53) fmv.w.x fs8, gp
3 0x0010062c (0xf0018c53) f24 0x3f9e0419
core   0: 0x0000000000100630 (0xf00103d3) fmv.w.x ft7, sp
3 0x00100630 (0xf00103d3) f 7 0xbf800000
core   0: 0x0000000000100634 (0x1983fbd3) fdiv.s  fs7, ft7, fs8
3 0x00100634 (0x1983fbd3) f23 0xbf4f5f14
core   0: 0x0000000000100638 (0x003ff173) csrrci  sp, fcsr, 31
3 0x00100638 (0x003ff173) x 2 0x00000041 c3_fcsr 0x00000002
core   0: 0x000000000010063c (0x0020ac23) sw      sp, 24(ra)
3 0x0010063c (0x0020ac23) mem 0x001008c8 0x00000041
core   0: 0x0000000000100640 (0xe00b81d3) fmv.x.w gp, fs7
3 0x00100640 (0xe00b81d3) x 3 0xbf4f5f14
core   0: 0x0000000000100644 (0x0170ae27) fsw     fs7, 28(ra)
3 0x00100644 (0x0170ae27) mem 0x001008cc 0xbf4f5f14
core   0: 0x0000000000100648 (0xbf8001b7) lui     gp, 0xbf800
3 0x00100648 (0xbf8001b7) x 3 0xbf800000
core   0: 0x000000000010064c (0x3f9e0137) lui     sp, 0x3f9e0
3 0x0010064c (0x3f9e0137) x 2 0x3f9e0000
core   0: 0x0000000000100650 (0x41910113) addi    sp, sp, 1049
3 0x00100650 (0x41910113) x 2 0x3f9e0419
core   0: 0x0000000000100654 (0xf0018bd3) fmv.w.x fs7, gp
3 0x00100654 (0xf0018bd3) f23 0xbf800000
core   0: 0x0000000000100658 (0xf0010353) fmv.w.x ft6, sp
3 0x00100658 (0xf0010353) f 6 0x3f9e0419
core   0: 0x000000000010065c (0x19737c53) fdiv.s  fs8, ft6, fs7
3 0x0010065c (0x19737c53) f24 0xbf9e0419
core   0: 0x0000000000100660 (0x003ff173) csrrci  sp, fcsr, 31
3 0x00100660 (0x003ff173) x 2 0x00000040 c3_fcsr 0x00000002
core   0: 0x0000000000100664 (0x0220a023) sw      sp, 32(ra)
3 0x00100664 (0x0220a023) mem 0x001008d0 0x00000040
core   0: 0x0000000000100668 (0xe00c01d3) fmv.x.w gp, fs8
3 0x00100668 (0xe00c01d3) x 3 0xbf9e0419
core   0: 0x000000000010066c (0x0380a227) fsw     fs8, 36(ra)
3 0x0010066c (0x0380a227) mem 0x001008d4 0xbf9e0419
core   0: 0x0000000000100670 (0x00000317) auipc   t1, 0x0
3 0x00100670 (0x00000317) x 6 0x00100670
core   0: 0x0000000000100674 (0x26830313) addi    t1, t1, 616
3 0x00100674 (0x26830313) x 6 0x001008d8
core   0: 0x0000000000100678 (0x3a2b5437) lui     s0, 0x3a2b5
3 0x00100678 (0x3a2b5437) x 8 0x3a2b5000
core   0: 0x000000000010067c (0x8ef40413) addi    s0, s0, -1809
3 0x0010067c (0x8ef40413) x 8 0x3a2b48ef
core   0: 0x0000000000100680 (0x00000393) li      t2, 0
3 0x00100680 (0x00000393) x 7 0x00000000
core   0: 0x0000000000100684 (0xf0040b53) fmv.w.x fs6, s0
3 0x00100684 (0xf0040b53) f22 0x3a2b48ef
core   0: 0x0000000000100688 (0xf00382d3) fmv.w.x ft5, t2
3 0x00100688 (0xf00382d3) f 5 0x00000000
core   0: 0x000000000010068c (0x1962fcd3) fdiv.s  fs9, ft5, fs6
3 0x0010068c (0x1962fcd3) f25 0x00000000
core   0: 0x0000000000100690 (0x003ff3f3) csrrci  t2, fcsr, 31
3 0x00100690 (0x003ff3f3) x 7 0x00000040 c3_fcsr 0x00000002
core   0: 0x0000000000100694 (0x00732023) sw      t2, 0(t1)
3 0x00100694 (0x00732023) mem 0x001008d8 0x00000040
core   0: 0x0000000000100698 (0xe00c8453) fmv.x.w s0, fs9
3 0x00100698 (0xe00c8453) x 8 0x00000000
core   0: 0x000000000010069c (0x01932227) fsw     fs9, 4(t1)
3 0x0010069c (0x01932227) mem 0x001008dc 0x00000000
core   0: 0x00000000001006a0 (0x3f800437) lui     s0, 0x3f800
3 0x001006a0 (0x3f800437) x 8 0x3f800000
core   0: 0x00000000001006a4 (0xc14583b7) lui     t2, 0xc1458
3 0x001006a4 (0xc14583b7) x 7 0xc1458000
core   0: 0x00000000001006a8 (0x79438393) addi    t2, t2, 1940
3 0x001006a8 (0x79438393) x 7 0xc1458794
core   0: 0x00000000001006ac (0xf0040ad3) fmv.w.x fs5, s0
3 0x001006ac (0xf0040ad3) f21 0x3f800000
core   0: 0x00000000001006b0 (0xf0038253) fmv.w.x ft4, t2
3 0x001006b0 (0xf0038253) f 4 0xc1458794
core   0: 0x00000000001006b4 (0x19527d53) fdiv.s  fs10, ft4, fs5
3 0x001006b4 (0x19527d53) f26 0xc1458794
core   0: 0x00000000001006b8 (0x003ff3f3) csrrci  t2, fcsr, 31
3 0x001006b8 (0x003ff3f3) x 7 0x00000040 c3_fcsr 0x00000002
core   0: 0x00000000001006bc (0x00732423) sw      t2, 8(t1)
3 0x001006bc (0x00732423) mem 0x001008e0 0x00000040
core   0: 0x00000000001006c0 (0xe00d0453) fmv.x.w s0, fs10
3 0x001006c0 (0xe00d0453) x 8 0xc1458794
core   0: 0x00000000001006c4 (0x01a32627) fsw     fs10, 12(t1)
3 0x001006c4 (0x01a32627) mem 0x001008e4 0xc1458794
core   0: 0x00000000001006c8 (0x4c50e437) lui     s0, 0x4c50e
3 0x001006c8 (0x4c50e437) x 8 0x4c50e000
core   0: 0x00000000001006cc (0x7e740413) addi    s0, s0, 2023
3 0x001006cc (0x7e740413) x 8 0x4c50e7e7
core   0: 0x00000000001006d0 (0xc61a53b7) lui     t2, 0xc61a5
3 0x001006d0 (0xc61a53b7) x 7 0xc61a5000
core   0: 0x00000000001006d4 (0x22938393) addi    t2, t2, 553
3 0x001006d4 (0x22938393) x 7 0xc61a5229
core   0: 0x00000000001006d8 (0xf0040a53) fmv.w.x fs4, s0
3 0x001006d8 (0xf0040a53) f20 0x4c50e7e7
core   0: 0x00000000001006dc (0xf00381d3) fmv.w.x ft3, t2
3 0x001006dc (0xf00381d3) f 3 0xc61a5229
core   0: 0x00000000001006e0 (0x1941fdd3) fdiv.s  fs11, ft3, fs4
3 0x001006e0 (0x1941fdd3) f27 0xb93d1c20
core   0: 0x00000000001006e4 (0x003ff3f3) csrrci  t2, fcsr, 31
3 0x001006e4 (0x003ff3f3) x 7 0x00000041 c3_fcsr 0x00000002
core   0: 0x00000000001006e8 (0x00732823) sw      t2, 16(t1)
3 0x001006e8 (0x00732823) mem 0x001008e8 0x00000041
core   0: 0x00000000001006ec (0xe00d8453) fmv.x.w s0, fs11
3 0x001006ec (0xe00d8453) x 8 0xb93d1c20
core   0: 0x00000000001006f0 (0x01b32a27) fsw     fs11, 20(t1)
3 0x001006f0 (0x01b32a27) mem 0x001008ec 0xb93d1c20
core   0: 0x00000000001006f4 (0xc61a5437) lui     s0, 0xc61a5
3 0x001006f4 (0xc61a5437) x 8 0xc61a5000
core   0: 0x00000000001006f8 (0x22940413) addi    s0, s0, 553
3 0x001006f8 (0x22940413) x 8 0xc61a5229
core   0: 0x00000000001006fc (0x4c50e3b7) lui     t2, 0x4c50e
3 0x001006fc (0x4c50e3b7) x 7 0x4c50e000
core   0: 0x0000000000100700 (0x7e738393) addi    t2, t2, 2023
3 0x00100700 (0x7e738393) x 7 0x4c50e7e7
core   0: 0x0000000000100704 (0xf00409d3) fmv.w.x fs3, s0
3 0x00100704 (0xf00409d3) f19 0xc61a5229
core   0: 0x0000000000100708 (0xf0038153) fmv.w.x ft2, t2
3 0x00100708 (0xf0038153) f 2 0x4c50e7e7
core   0: 0x000000000010070c (0x19317e53) fdiv.s  ft8, ft2, fs3
3 0x0010070c (0x19317e53) f28 0xc5ad4663
core   0: 0x0000000000100710 (0x003ff3f3) csrrci  t2, fcsr, 31
3 0x00100710 (0x003ff3f3) x 7 0x00000041 c3_fcsr 0x00000002
core   0: 0x0000000000100714 (0x00732c23) sw      t2, 24(t1)
3 0x00100714 (0x00732c23) mem 0x001008f0 0x00000041
core   0: 0x0000000000100718 (0xe00e0453) fmv.x.w s0, ft8
3 0x00100718 (0xe00e0453) x 8 0xc5ad4663
core   0: 0x000000000010071c (0x01c32e27) fsw     ft8, 28(t1)
3 0x0010071c (0x01c32e27) mem 0x001008f4 0xc5ad4663
core   0: 0x0000000000100720 (0xc1458437) lui     s0, 0xc1458
3 0x00100720 (0xc1458437) x 8 0xc1458000
core   0: 0x0000000000100724 (0x79440413) addi    s0, s0, 1940
3 0x00100724 (0x79440413) x 8 0xc1458794
core   0: 0x0000000000100728 (0x3f8003b7) lui     t2, 0x3f800
3 0x00100728 (0x3f8003b7) x 7 0x3f800000
core   0: 0x000000000010072c (0xf0040953) fmv.w.x fs2, s0
3 0x0010072c (0xf0040953) f18 0xc1458794
core   0: 0x0000000000100730 (0xf00380d3) fmv.w.x ft1, t2
3 0x00100730 (0xf00380d3) f 1 0x3f800000
core   0: 0x0000000000100734 (0x1920fed3) fdiv.s  ft9, ft1, fs2
3 0x00100734 (0x1920fed3) f29 0xbda5e39a
core   0: 0x0000000000100738 (0x003ff3f3) csrrci  t2, fcsr, 31
3 0x00100738 (0x003ff3f3) x 7 0x00000041 c3_fcsr 0x00000002
core   0: 0x000000000010073c (0x02732023) sw      t2, 32(t1)
3 0x0010073c (0x02732023) mem 0x001008f8 0x00000041
core   0: 0x0000000000100740 (0xe00e8453) fmv.x.w s0, ft9
3 0x00100740 (0xe00e8453) x 8 0xbda5e39a
core   0: 0x0000000000100744 (0x03d32227) fsw     ft9, 36(t1)
3 0x00100744 (0x03d32227) mem 0x001008fc 0xbda5e39a
core   0: 0x0000000000100748 (0x00000097) auipc   ra, 0x0
3 0x00100748 (0x00000097) x 1 0x00100748
core   0: 0x000000000010074c (0x1b808093) addi    ra, ra, 440
3 0x0010074c (0x1b808093) x 1 0x00100900
core   0: 0x0000000000100750 (0x00000193) li      gp, 0
3 0x00100750 (0x00000193) x 3 0x00000000
core   0: 0x0000000000100754 (0x3a2b5137) lui     sp, 0x3a2b5
3 0x00100754 (0x3a2b5137) x 2 0x3a2b5000
core   0: 0x0000000000100758 (0x8ef10113) addi    sp, sp, -1809
3 0x00100758 (0x8ef10113) x 2 0x3a2b48ef
core   0: 0x000000000010075c (0xf00188d3) fmv.w.x fa7, gp
3 0x0010075c (0xf00188d3) f17 0x00000000
core   0: 0x0000000000100760 (0xf0010053) fmv.w.x ft0, sp
3 0x00100760 (0xf0010053) f 0 0x3a2b48ef
core   0: 0x0000000000100764 (0x19107f53) fdiv.s  ft10, ft0, fa7
3 0x00100764 (0x19107f53) f30 0x7f800000
core   0: 0x0000000000100768 (0x003ff173) csrrci  sp, fcsr, 31
3 0x00100768 (0x003ff173) x 2 0x00000048 c3_fcsr 0x00000002
core   0: 0x000000000010076c (0x0020a023) sw      sp, 0(ra)
3 0x0010076c (0x0020a023) mem 0x00100900 0x00000048
core   0: 0x0000000000100770 (0xe00f01d3) fmv.x.w gp, ft10
3 0x00100770 (0xe00f01d3) x 3 0x7f800000
core   0: 0x0000000000100774 (0x01e0a227) fsw     ft10, 4(ra)
3 0x00100774 (0x01e0a227) mem 0x00100904 0x7f800000
core   0: 0x0000000000100778 (0x00000013) nop
3 0x00100778 (0x00000013)
core   0: 0x000000000010077c (0x00000013) nop
3 0x0010077c (0x00000013)
core   0: 0x0000000000100780 (0x00000297) auipc   t0, 0x0
3 0x00100780 (0x00000297) x 5 0x00100780
core   0: 0x0000000000100784 (0x09028293) addi    t0, t0, 144
3 0x00100784 (0x09028293) x 5 0x00100810
core   0: 0x0000000000100788 (0x00020337) lui     t1, 0x20
3 0x00100788 (0x00020337) x 6 0x00020000
core   0: 0x000000000010078c (0x00430313) addi    t1, t1, 4
3 0x0010078c (0x00430313) x 6 0x00020004
core   0: 0x0000000000100790 (0x00532023) sw      t0, 0(t1)
3 0x00100790 (0x00532023) mem 0x00020004 0x00100810
core   0: 0x0000000000100794 (0x00000297) auipc   t0, 0x0
3 0x00100794 (0x00000297) x 5 0x00100794
core   0: 0x0000000000100798 (0x19c28293) addi    t0, t0, 412
3 0x00100798 (0x19c28293) x 5 0x00100930
core   0: 0x000000000010079c (0x00020337) lui     t1, 0x20
3 0x0010079c (0x00020337) x 6 0x00020000
core   0: 0x00000000001007a0 (0x00830313) addi    t1, t1, 8
3 0x001007a0 (0x00830313) x 6 0x00020008
core   0: 0x00000000001007a4 (0x00532023) sw      t0, 0(t1)
3 0x001007a4 (0x00532023) mem 0x00020008 0x00100930
core   0: 0x00000000001007a8 (0x00100293) li      t0, 1
3 0x001007a8 (0x00100293) x 5 0x00000001
core   0: 0x00000000001007ac (0x00020337) lui     t1, 0x20
3 0x001007ac (0x00020337) x 6 0x00020000
core   0: 0x00000000001007b0 (0x00532023) sw      t0, 0(t1)
3 0x001007b0 (0x00532023) mem 0x00020000 0x00000001
core   0: 0x00000000001007b4 (0x0ff0000f) fence
3 0x001007b4 (0x0ff0000f)
core   0: 0x00000000001007b8 (0x00100193) li      gp, 1
3 0x001007b8 (0x00100193) x 3 0x00000001
core   0: 0x00000000001007bc (0x00000073) ecall
core   0: exception trap_machine_ecall, epc 0x00000000001007bc
terminate called after throwing an instance of 'std::runtime_error'
  what():  bad syscall #0
