Info 1: 'riscvOVPsim/cpu', 0x0000000080000000(rvtest_entry_point): 0440006f j       80000044
Info 2: 'riscvOVPsim/cpu', 0x0000000080000044(reset_vector): 00002537 lui     a0,0x2
Info   a0 00000000 -> 00002000
Info 3: 'riscvOVPsim/cpu', 0x0000000080000048(reset_vector+4): 80050513 addi    a0,a0,-2048
Info   a0 00002000 -> 00001800
Info 4: 'riscvOVPsim/cpu', 0x000000008000004c(reset_vector+8): 30052073 csrs    mstatus,a0
Info   mstatus 00000000 -> 00001800
Info 5: 'riscvOVPsim/cpu', 0x0000000080000050(reset_vector+c): 00000297 auipc   t0,0x0
Info   t0 00000000 -> 80000050
Info 6: 'riscvOVPsim/cpu', 0x0000000080000054(reset_vector+10): fb428293 addi    t0,t0,-76
Info   t0 80000050 -> 80000004
Info 7: 'riscvOVPsim/cpu', 0x0000000080000058(reset_vector+14): 30529073 csrw    mtvec,t0
Info   mtvec 00000000 -> 80000004
Info 8: 'riscvOVPsim/cpu', 0x000000008000005c(reset_vector+18): 00000297 auipc   t0,0x0
Info   t0 80000004 -> 8000005c
Info 9: 'riscvOVPsim/cpu', 0x0000000080000060(reset_vector+1c): 02428293 addi    t0,t0,36
Info   t0 8000005c -> 80000080
Info 10: 'riscvOVPsim/cpu', 0x0000000080000064(reset_vector+20): 34129073 csrw    mepc,t0
Info   mepc 00000000 -> 80000080
Info 11: 'riscvOVPsim/cpu', 0x0000000080000068(reset_vector+24): f1402573 csrr    a0,mhartid
Info   a0 00001800 -> 00000000
Info 12: 'riscvOVPsim/cpu', 0x000000008000006c(reset_vector+28): 30200073 mret
Info   mstatus 00001800 -> 00000080
Info 13: 'riscvOVPsim/cpu', 0x0000000080000080(rvtest_init): feedc0b7 lui     ra,0xfeedc
Info   ra 00000000 -> feedc000
Info 14: 'riscvOVPsim/cpu', 0x0000000080000084(rvtest_init+4): ead08093 addi    ra,ra,-339
Info   ra feedc000 -> feedbead
Info 15: 'riscvOVPsim/cpu', 0x0000000080000088(rvtest_init+8): ff76e137 lui     sp,0xff76e
Info   sp 00000000 -> ff76e000
Info 16: 'riscvOVPsim/cpu', 0x000000008000008c(rvtest_init+c): f5610113 addi    sp,sp,-170
Info   sp ff76e000 -> ff76df56
Info 17: 'riscvOVPsim/cpu', 0x0000000080000090(rvtest_init+10): 7fbb71b7 lui     gp,0x7fbb7
Info   gp 00000000 -> 7fbb7000
Info 18: 'riscvOVPsim/cpu', 0x0000000080000094(rvtest_init+14): fab18193 addi    gp,gp,-85
Info   gp 7fbb7000 -> 7fbb6fab
Info 19: 'riscvOVPsim/cpu', 0x0000000080000098(rvtest_init+18): bfddb237 lui     tp,0xbfddb
Info   tp 00000000 -> bfddb000
Info 20: 'riscvOVPsim/cpu', 0x000000008000009c(rvtest_init+1c): 7d520213 addi    tp,tp,2005
Info   tp bfddb000 -> bfddb7d5
Info 21: 'riscvOVPsim/cpu', 0x00000000800000a0(rvtest_init+20): 00000297 auipc   t0,0x0
Info   t0 80000080 -> 800000a0
Info 22: 'riscvOVPsim/cpu', 0x00000000800000a4(rvtest_init+24): 0d828293 addi    t0,t0,216
Info   t0 800000a0 -> 80000178
Info 23: 'riscvOVPsim/cpu', 0x00000000800000a8(rvtest_init+28): 00002317 auipc   t1,0x2
Info   t1 00000000 -> 800020a8
Info 24: 'riscvOVPsim/cpu', 0x00000000800000ac(rvtest_init+2c): f5830313 addi    t1,t1,-168
Info   t1 800020a8 -> 80002000
Info 25: 'riscvOVPsim/cpu', 0x00000000800000b0(rvtest_init+30): b7fbb3b7 lui     t2,0xb7fbb
Info   t2 00000000 -> b7fbb000
Info 26: 'riscvOVPsim/cpu', 0x00000000800000b4(rvtest_init+34): 6fa38393 addi    t2,t2,1786
Info   t2 b7fbb000 -> b7fbb6fa
Info 27: 'riscvOVPsim/cpu', 0x00000000800000b8(rvtest_init+38): 5bfde437 lui     s0,0x5bfde
Info   s0 00000000 -> 5bfde000
Info 28: 'riscvOVPsim/cpu', 0x00000000800000bc(rvtest_init+3c): b7d40413 addi    s0,s0,-1155
Info   s0 5bfde000 -> 5bfddb7d
Info 29: 'riscvOVPsim/cpu', 0x00000000800000c0(rvtest_init+40): adfef4b7 lui     s1,0xadfef
Info   s1 00000000 -> adfef000
Info 30: 'riscvOVPsim/cpu', 0x00000000800000c4(rvtest_init+44): dbe48493 addi    s1,s1,-578
Info   s1 adfef000 -> adfeedbe
Info 31: 'riscvOVPsim/cpu', 0x00000000800000c8(rvtest_init+48): 56ff7537 lui     a0,0x56ff7
Info   a0 00000000 -> 56ff7000
Info 32: 'riscvOVPsim/cpu', 0x00000000800000cc(rvtest_init+4c): 6df50513 addi    a0,a0,1759
Info   a0 56ff7000 -> 56ff76df
Info 33: 'riscvOVPsim/cpu', 0x00000000800000d0(rvtest_init+50): ab7fc5b7 lui     a1,0xab7fc
Info   a1 00000000 -> ab7fc000
Info 34: 'riscvOVPsim/cpu', 0x00000000800000d4(rvtest_init+54): b6f58593 addi    a1,a1,-1169
Info   a1 ab7fc000 -> ab7fbb6f
Info 35: 'riscvOVPsim/cpu', 0x00000000800000d8(rvtest_init+58): d5bfe637 lui     a2,0xd5bfe
Info   a2 00000000 -> d5bfe000
Info 36: 'riscvOVPsim/cpu', 0x00000000800000dc(rvtest_init+5c): db760613 addi    a2,a2,-585
Info   a2 d5bfe000 -> d5bfddb7
Info 37: 'riscvOVPsim/cpu', 0x00000000800000e0(rvtest_init+60): eadff6b7 lui     a3,0xeadff
Info   a3 00000000 -> eadff000
Info 38: 'riscvOVPsim/cpu', 0x00000000800000e4(rvtest_init+64): edb68693 addi    a3,a3,-293
Info   a3 eadff000 -> eadfeedb
Info 39: 'riscvOVPsim/cpu', 0x00000000800000e8(rvtest_init+68): f56ff737 lui     a4,0xf56ff
Info   a4 00000000 -> f56ff000
Info 40: 'riscvOVPsim/cpu', 0x00000000800000ec(rvtest_init+6c): 76d70713 addi    a4,a4,1901
Info   a4 f56ff000 -> f56ff76d
Info 41: 'riscvOVPsim/cpu', 0x00000000800000f0(rvtest_init+70): fab807b7 lui     a5,0xfab80
Info   a5 00000000 -> fab80000
Info 42: 'riscvOVPsim/cpu', 0x00000000800000f4(rvtest_init+74): bb678793 addi    a5,a5,-1098
Info   a5 fab80000 -> fab7fbb6
Info 43: 'riscvOVPsim/cpu', 0x00000000800000f8(rvtest_init+78): 7d5c0837 lui     a6,0x7d5c0
Info   a6 00000000 -> 7d5c0000
Info 44: 'riscvOVPsim/cpu', 0x00000000800000fc(rvtest_init+7c): ddb80813 addi    a6,a6,-549
Info   a6 7d5c0000 -> 7d5bfddb
Info 45: 'riscvOVPsim/cpu', 0x0000000080000100(rvtest_init+80): beae08b7 lui     a7,0xbeae0
Info   a7 00000000 -> beae0000
Info 46: 'riscvOVPsim/cpu', 0x0000000080000104(rvtest_init+84): eed88893 addi    a7,a7,-275
Info   a7 beae0000 -> beadfeed
Info 47: 'riscvOVPsim/cpu', 0x0000000080000108(rvtest_init+88): df570937 lui     s2,0xdf570
Info   s2 00000000 -> df570000
Info 48: 'riscvOVPsim/cpu', 0x000000008000010c(rvtest_init+8c): f7690913 addi    s2,s2,-138
Info   s2 df570000 -> df56ff76
Info 49: 'riscvOVPsim/cpu', 0x0000000080000110(rvtest_init+90): 6fab89b7 lui     s3,0x6fab8
Info   s3 00000000 -> 6fab8000
Info 50: 'riscvOVPsim/cpu', 0x0000000080000114(rvtest_init+94): fbb98993 addi    s3,s3,-69
Info   s3 6fab8000 -> 6fab7fbb
Info 51: 'riscvOVPsim/cpu', 0x0000000080000118(rvtest_init+98): b7d5ca37 lui     s4,0xb7d5c
Info   s4 00000000 -> b7d5c000
Info 52: 'riscvOVPsim/cpu', 0x000000008000011c(rvtest_init+9c): fdda0a13 addi    s4,s4,-35
Info   s4 b7d5c000 -> b7d5bfdd
Info 53: 'riscvOVPsim/cpu', 0x0000000080000120(rvtest_init+a0): dbeaeab7 lui     s5,0xdbeae
Info   s5 00000000 -> dbeae000
Info 54: 'riscvOVPsim/cpu', 0x0000000080000124(rvtest_init+a4): feea8a93 addi    s5,s5,-18
Info   s5 dbeae000 -> dbeadfee
Info 55: 'riscvOVPsim/cpu', 0x0000000080000128(rvtest_init+a8): 6df57b37 lui     s6,0x6df57
Info   s6 00000000 -> 6df57000
Info 56: 'riscvOVPsim/cpu', 0x000000008000012c(rvtest_init+ac): ff7b0b13 addi    s6,s6,-9
Info   s6 6df57000 -> 6df56ff7
Info 57: 'riscvOVPsim/cpu', 0x0000000080000130(rvtest_init+b0): b6fabbb7 lui     s7,0xb6fab
Info   s7 00000000 -> b6fab000
Info 58: 'riscvOVPsim/cpu', 0x0000000080000134(rvtest_init+b4): 7fbb8b93 addi    s7,s7,2043
Info   s7 b6fab000 -> b6fab7fb
Info 59: 'riscvOVPsim/cpu', 0x0000000080000138(rvtest_init+b8): db7d6c37 lui     s8,0xdb7d6
Info   s8 00000000 -> db7d6000
Info 60: 'riscvOVPsim/cpu', 0x000000008000013c(rvtest_init+bc): bfdc0c13 addi    s8,s8,-1027
Info   s8 db7d6000 -> db7d5bfd
Info 61: 'riscvOVPsim/cpu', 0x0000000080000140(rvtest_init+c0): edbebcb7 lui     s9,0xedbeb
Info   s9 00000000 -> edbeb000
Info 62: 'riscvOVPsim/cpu', 0x0000000080000144(rvtest_init+c4): dfec8c93 addi    s9,s9,-514
Info   s9 edbeb000 -> edbeadfe
Info 63: 'riscvOVPsim/cpu', 0x0000000080000148(rvtest_init+c8): 76df5d37 lui     s10,0x76df5
Info   s10 00000000 -> 76df5000
Info 64: 'riscvOVPsim/cpu', 0x000000008000014c(rvtest_init+cc): 6ffd0d13 addi    s10,s10,1791
Info   s10 76df5000 -> 76df56ff
Info 65: 'riscvOVPsim/cpu', 0x0000000080000150(rvtest_init+d0): bb6fbdb7 lui     s11,0xbb6fb
Info   s11 00000000 -> bb6fb000
Info 66: 'riscvOVPsim/cpu', 0x0000000080000154(rvtest_init+d4): b7fd8d93 addi    s11,s11,-1153
Info   s11 bb6fb000 -> bb6fab7f
Info 67: 'riscvOVPsim/cpu', 0x0000000080000158(rvtest_init+d8): ddb7de37 lui     t3,0xddb7d
Info   t3 00000000 -> ddb7d000
Info 68: 'riscvOVPsim/cpu', 0x000000008000015c(rvtest_init+dc): 5bfe0e13 addi    t3,t3,1471
Info   t3 ddb7d000 -> ddb7d5bf
Info 69: 'riscvOVPsim/cpu', 0x0000000080000160(rvtest_init+e0): eedbfeb7 lui     t4,0xeedbf
Info   t4 00000000 -> eedbf000
Info 70: 'riscvOVPsim/cpu', 0x0000000080000164(rvtest_init+e4): adfe8e93 addi    t4,t4,-1313
Info   t4 eedbf000 -> eedbeadf
Info 71: 'riscvOVPsim/cpu', 0x0000000080000168(rvtest_init+e8): f76dff37 lui     t5,0xf76df
Info   t5 00000000 -> f76df000
Info 72: 'riscvOVPsim/cpu', 0x000000008000016c(rvtest_init+ec): 56ff0f13 addi    t5,t5,1391
Info   t5 f76df000 -> f76df56f
Info 73: 'riscvOVPsim/cpu', 0x0000000080000170(rvtest_init+f0): fbb70fb7 lui     t6,0xfbb70
Info   t6 00000000 -> fbb70000
Info 74: 'riscvOVPsim/cpu', 0x0000000080000174(rvtest_init+f4): ab7f8f93 addi    t6,t6,-1353
Info   t6 fbb70000 -> fbb6fab7
Info 75: 'riscvOVPsim/cpu', 0x0000000080000178(rvtest_code_begin): 000020b7 lui     ra,0x2
Info   ra feedbead -> 00002000
Info 76: 'riscvOVPsim/cpu', 0x000000008000017c(rvtest_code_begin+4): 3000a073 csrs    mstatus,ra
Info   sstatus 00000000 -> 00002000
Info   mstatus 00000080 -> 00002080
Info 77: 'riscvOVPsim/cpu', 0x0000000080000180(rvtest_code_begin+8): 00000093 mv      ra,zero
Info   ra 00002000 -> 00000000
Info 78: 'riscvOVPsim/cpu', 0x0000000080000184(rvtest_code_begin+c): 00309073 fssr    ra
Info   sstatus 00002000 -> 80006000
Info   mstatus 00002080 -> 80006080
Info 79: 'riscvOVPsim/cpu', 0x0000000080000188(rvtest_code_begin+10): 00002297 auipc   t0,0x2
Info   t0 80000178 -> 80002188
Info 80: 'riscvOVPsim/cpu', 0x000000008000018c(rvtest_code_begin+14): e8828293 addi    t0,t0,-376
Info   t0 80002188 -> 80002010
Info 81: 'riscvOVPsim/cpu', 0x0000000080000190(rvtest_code_begin+18): 0002a023 sw      zero,0(t0)
Info 82: 'riscvOVPsim/cpu', 0x0000000080000194(rvtest_code_begin+1c): bf8003b7 lui     t2,0xbf800
Info   t2 b7fbb6fa -> bf800000
Info 83: 'riscvOVPsim/cpu', 0x0000000080000198(rvtest_code_begin+20): f0038853 fmv.s.x fa6,t2
Info   fa6 0000000000000000 -> ffffffffbf800000
Info 84: 'riscvOVPsim/cpu', 0x000000008000019c(rvtest_code_begin+24): 00028f13 mv      t5,t0
Info   t5 f76df56f -> 80002010
Info 85: 'riscvOVPsim/cpu', 0x00000000800001a0(rvtest_code_begin+28): 00001337 lui     t1,0x1
Info   t1 80002000 -> 00001000
Info 86: 'riscvOVPsim/cpu', 0x00000000800001a4(rvtest_code_begin+2c): 80030313 addi    t1,t1,-2048
Info   t1 00001000 -> 00000800
Info 87: 'riscvOVPsim/cpu', 0x00000000800001a8(rvtest_code_begin+30): 006f0f33 add     t5,t5,t1
Info   t5 80002010 -> 80002810
Info 88: 'riscvOVPsim/cpu', 0x00000000800001ac(rvtest_code_begin+34): 810f2027 fsw     fa6,-2048(t5)
Info 89: 'riscvOVPsim/cpu', 0x00000000800001b0(rvtest_code_begin+38): 0002a383 lw      t2,0(t0)
Info 90: 'riscvOVPsim/cpu', 0x00000000800001b4(rvtest_code_begin+3c): 0002a223 sw      zero,4(t0)
Info 91: 'riscvOVPsim/cpu', 0x00000000800001b8(rvtest_code_begin+40): 3a2b53b7 lui     t2,0x3a2b5
Info   t2 bf800000 -> 3a2b5000
Info 92: 'riscvOVPsim/cpu', 0x00000000800001bc(rvtest_code_begin+44): 8ef38393 addi    t2,t2,-1809
Info   t2 3a2b5000 -> 3a2b48ef
Info 93: 'riscvOVPsim/cpu', 0x00000000800001c0(rvtest_code_begin+48): f00387d3 fmv.s.x fa5,t2
Info   fa5 0000000000000000 -> ffffffff3a2b48ef
Info 94: 'riscvOVPsim/cpu', 0x00000000800001c4(rvtest_code_begin+4c): 00428e93 addi    t4,t0,4
Info   t4 eedbeadf -> 80002014
Info 95: 'riscvOVPsim/cpu', 0x00000000800001c8(rvtest_code_begin+50): 00001337 lui     t1,0x1
Info   t1 00000800 -> 00001000
Info 96: 'riscvOVPsim/cpu', 0x00000000800001cc(rvtest_code_begin+54): 80030313 addi    t1,t1,-2048
Info   t1 00001000 -> 00000800
Info 97: 'riscvOVPsim/cpu', 0x00000000800001d0(rvtest_code_begin+58): 006e8eb3 add     t4,t4,t1
Info   t4 80002014 -> 80002814
Info 98: 'riscvOVPsim/cpu', 0x00000000800001d4(rvtest_code_begin+5c): 80fea027 fsw     fa5,-2048(t4)
Info 99: 'riscvOVPsim/cpu', 0x00000000800001d8(rvtest_code_begin+60): 0042a383 lw      t2,4(t0)
Info 100: 'riscvOVPsim/cpu', 0x00000000800001dc(rvtest_code_begin+64): 0002a423 sw      zero,8(t0)
Info 101: 'riscvOVPsim/cpu', 0x00000000800001e0(rvtest_code_begin+68): 3f8003b7 lui     t2,0x3f800
Info   t2 3a2b48ef -> 3f800000
Info 102: 'riscvOVPsim/cpu', 0x00000000800001e4(rvtest_code_begin+6c): f0038753 fmv.s.x fa4,t2
Info   fa4 0000000000000000 -> ffffffff3f800000
Info 103: 'riscvOVPsim/cpu', 0x00000000800001e8(rvtest_code_begin+70): 00828e13 addi    t3,t0,8
Info   t3 ddb7d5bf -> 80002018
Info 104: 'riscvOVPsim/cpu', 0x00000000800001ec(rvtest_code_begin+74): 00001337 lui     t1,0x1
Info   t1 00000800 -> 00001000
Info 105: 'riscvOVPsim/cpu', 0x00000000800001f0(rvtest_code_begin+78): 80030313 addi    t1,t1,-2048
Info   t1 00001000 -> 00000800
Info 106: 'riscvOVPsim/cpu', 0x00000000800001f4(rvtest_code_begin+7c): 006e0e33 add     t3,t3,t1
Info   t3 80002018 -> 80002818
Info 107: 'riscvOVPsim/cpu', 0x00000000800001f8(rvtest_code_begin+80): 80ee2027 fsw     fa4,-2048(t3)
Info 108: 'riscvOVPsim/cpu', 0x00000000800001fc(rvtest_code_begin+84): 0082a383 lw      t2,8(t0)
Info 109: 'riscvOVPsim/cpu', 0x0000000080000200(rvtest_code_begin+88): 0002a623 sw      zero,12(t0)
Info 110: 'riscvOVPsim/cpu', 0x0000000080000204(rvtest_code_begin+8c): 4c50e3b7 lui     t2,0x4c50e
Info   t2 3f800000 -> 4c50e000
Info 111: 'riscvOVPsim/cpu', 0x0000000080000208(rvtest_code_begin+90): 7e738393 addi    t2,t2,2023
Info   t2 4c50e000 -> 4c50e7e7
Info 112: 'riscvOVPsim/cpu', 0x000000008000020c(rvtest_code_begin+94): f00386d3 fmv.s.x fa3,t2
Info   fa3 0000000000000000 -> ffffffff4c50e7e7
Info 113: 'riscvOVPsim/cpu', 0x0000000080000210(rvtest_code_begin+98): 00c28d93 addi    s11,t0,12
Info   s11 bb6fab7f -> 8000201c
Info 114: 'riscvOVPsim/cpu', 0x0000000080000214(rvtest_code_begin+9c): 00001337 lui     t1,0x1
Info   t1 00000800 -> 00001000
Info 115: 'riscvOVPsim/cpu', 0x0000000080000218(rvtest_code_begin+a0): 80030313 addi    t1,t1,-2048
Info   t1 00001000 -> 00000800
Info 116: 'riscvOVPsim/cpu', 0x000000008000021c(rvtest_code_begin+a4): 006d8db3 add     s11,s11,t1
Info   s11 8000201c -> 8000281c
Info 117: 'riscvOVPsim/cpu', 0x0000000080000220(rvtest_code_begin+a8): 80dda027 fsw     fa3,-2048(s11)
Info 118: 'riscvOVPsim/cpu', 0x0000000080000224(rvtest_code_begin+ac): 00c2a383 lw      t2,12(t0)
Info 119: 'riscvOVPsim/cpu', 0x0000000080000228(rvtest_code_begin+b0): 0002a823 sw      zero,16(t0)
Info 120: 'riscvOVPsim/cpu', 0x000000008000022c(rvtest_code_begin+b4): c61a53b7 lui     t2,0xc61a5
Info   t2 4c50e7e7 -> c61a5000
Info 121: 'riscvOVPsim/cpu', 0x0000000080000230(rvtest_code_begin+b8): 22938393 addi    t2,t2,553
Info   t2 c61a5000 -> c61a5229
Info 122: 'riscvOVPsim/cpu', 0x0000000080000234(rvtest_code_begin+bc): f0038653 fmv.s.x fa2,t2
Info   fa2 0000000000000000 -> ffffffffc61a5229
Info 123: 'riscvOVPsim/cpu', 0x0000000080000238(rvtest_code_begin+c0): 01028d13 addi    s10,t0,16
Info   s10 76df56ff -> 80002020
Info 124: 'riscvOVPsim/cpu', 0x000000008000023c(rvtest_code_begin+c4): 00001337 lui     t1,0x1
Info   t1 00000800 -> 00001000
Info 125: 'riscvOVPsim/cpu', 0x0000000080000240(rvtest_code_begin+c8): 80030313 addi    t1,t1,-2048
Info   t1 00001000 -> 00000800
Info 126: 'riscvOVPsim/cpu', 0x0000000080000244(rvtest_code_begin+cc): 006d0d33 add     s10,s10,t1
Info   s10 80002020 -> 80002820
Info 127: 'riscvOVPsim/cpu', 0x0000000080000248(rvtest_code_begin+d0): 80cd2027 fsw     fa2,-2048(s10)
Info 128: 'riscvOVPsim/cpu', 0x000000008000024c(rvtest_code_begin+d4): 0102a383 lw      t2,16(t0)
Info 129: 'riscvOVPsim/cpu', 0x0000000080000250(rvtest_code_begin+d8): 00002097 auipc   ra,0x2
Info   ra 00000000 -> 80002250
Info 130: 'riscvOVPsim/cpu', 0x0000000080000254(rvtest_code_begin+dc): de808093 addi    ra,ra,-536
Info   ra 80002250 -> 80002038
Info 131: 'riscvOVPsim/cpu', 0x0000000080000258(rvtest_code_begin+e0): 0000a023 sw      zero,0(ra)
Info 132: 'riscvOVPsim/cpu', 0x000000008000025c(rvtest_code_begin+e4): c14581b7 lui     gp,0xc1458
Info   gp 7fbb6fab -> c1458000
Info 133: 'riscvOVPsim/cpu', 0x0000000080000260(rvtest_code_begin+e8): 79418193 addi    gp,gp,1940
Info   gp c1458000 -> c1458794
Info 134: 'riscvOVPsim/cpu', 0x0000000080000264(rvtest_code_begin+ec): f00185d3 fmv.s.x fa1,gp
Info   fa1 0000000000000000 -> ffffffffc1458794
Info 135: 'riscvOVPsim/cpu', 0x0000000080000268(rvtest_code_begin+f0): 00008c93 mv      s9,ra
Info   s9 edbeadfe -> 80002038
Info 136: 'riscvOVPsim/cpu', 0x000000008000026c(rvtest_code_begin+f4): 00001137 lui     sp,0x1
Info   sp ff76df56 -> 00001000
Info 137: 'riscvOVPsim/cpu', 0x0000000080000270(rvtest_code_begin+f8): 80010113 addi    sp,sp,-2048
Info   sp 00001000 -> 00000800
Info 138: 'riscvOVPsim/cpu', 0x0000000080000274(rvtest_code_begin+fc): 002c8cb3 add     s9,s9,sp
Info   s9 80002038 -> 80002838
Info 139: 'riscvOVPsim/cpu', 0x0000000080000278(rvtest_code_begin+100): 80bca027 fsw     fa1,-2048(s9)
Info 140: 'riscvOVPsim/cpu', 0x000000008000027c(rvtest_code_begin+104): 0000a183 lw      gp,0(ra)
Info 141: 'riscvOVPsim/cpu', 0x0000000080000280(rvtest_code_begin+108): 0000a223 sw      zero,4(ra)
Info 142: 'riscvOVPsim/cpu', 0x0000000080000284(rvtest_code_begin+10c): 00000193 mv      gp,zero
Info   gp c1458794 -> 00000000
Info 143: 'riscvOVPsim/cpu', 0x0000000080000288(rvtest_code_begin+110): f0018553 fmv.s.x fa0,gp
Info   fa0 0000000000000000 -> ffffffff00000000
Info 144: 'riscvOVPsim/cpu', 0x000000008000028c(rvtest_code_begin+114): 00408c13 addi    s8,ra,4
Info   s8 db7d5bfd -> 8000203c
Info 145: 'riscvOVPsim/cpu', 0x0000000080000290(rvtest_code_begin+118): 00000113 mv      sp,zero
Info   sp 00000800 -> 00000000
Info 146: 'riscvOVPsim/cpu', 0x0000000080000294(rvtest_code_begin+11c): 002c0c33 add     s8,s8,sp
Info 147: 'riscvOVPsim/cpu', 0x0000000080000298(rvtest_code_begin+120): 00ac2027 fsw     fa0,0(s8)
Info 148: 'riscvOVPsim/cpu', 0x000000008000029c(rvtest_code_begin+124): 0040a183 lw      gp,4(ra)
Info 149: 'riscvOVPsim/cpu', 0x00000000800002a0(rvtest_code_begin+128): 0000a423 sw      zero,8(ra)
Info 150: 'riscvOVPsim/cpu', 0x00000000800002a4(rvtest_code_begin+12c): 3f9e01b7 lui     gp,0x3f9e0
Info   gp 00000000 -> 3f9e0000
Info 151: 'riscvOVPsim/cpu', 0x00000000800002a8(rvtest_code_begin+130): 41918193 addi    gp,gp,1049
Info   gp 3f9e0000 -> 3f9e0419
Info 152: 'riscvOVPsim/cpu', 0x00000000800002ac(rvtest_code_begin+134): f00184d3 fmv.s.x fs1,gp
Info   fs1 0000000000000000 -> ffffffff3f9e0419
Info 153: 'riscvOVPsim/cpu', 0x00000000800002b0(rvtest_code_begin+138): 00808b93 addi    s7,ra,8
Info   s7 b6fab7fb -> 80002040
Info 154: 'riscvOVPsim/cpu', 0x00000000800002b4(rvtest_code_begin+13c): 00001137 lui     sp,0x1
Info   sp 00000000 -> 00001000
Info 155: 'riscvOVPsim/cpu', 0x00000000800002b8(rvtest_code_begin+140): 80010113 addi    sp,sp,-2048
Info   sp 00001000 -> 00000800
Info 156: 'riscvOVPsim/cpu', 0x00000000800002bc(rvtest_code_begin+144): 002b8bb3 add     s7,s7,sp
Info   s7 80002040 -> 80002840
Info 157: 'riscvOVPsim/cpu', 0x00000000800002c0(rvtest_code_begin+148): 809ba027 fsw     fs1,-2048(s7)
Info 158: 'riscvOVPsim/cpu', 0x00000000800002c4(rvtest_code_begin+14c): 0080a183 lw      gp,8(ra)
Info 159: 'riscvOVPsim/cpu', 0x00000000800002c8(rvtest_code_begin+150): 0000a623 sw      zero,12(ra)
Info 160: 'riscvOVPsim/cpu', 0x00000000800002cc(rvtest_code_begin+154): bf8001b7 lui     gp,0xbf800
Info   gp 3f9e0419 -> bf800000
Info 161: 'riscvOVPsim/cpu', 0x00000000800002d0(rvtest_code_begin+158): f0018453 fmv.s.x fs0,gp
Info   fs0 0000000000000000 -> ffffffffbf800000
Info 162: 'riscvOVPsim/cpu', 0x00000000800002d4(rvtest_code_begin+15c): 00c08b13 addi    s6,ra,12
Info   s6 6df56ff7 -> 80002044
Info 163: 'riscvOVPsim/cpu', 0x00000000800002d8(rvtest_code_begin+160): 00001137 lui     sp,0x1
Info   sp 00000800 -> 00001000
Info 164: 'riscvOVPsim/cpu', 0x00000000800002dc(rvtest_code_begin+164): 80010113 addi    sp,sp,-2048
Info   sp 00001000 -> 00000800
Info 165: 'riscvOVPsim/cpu', 0x00000000800002e0(rvtest_code_begin+168): 002b0b33 add     s6,s6,sp
Info   s6 80002044 -> 80002844
Info 166: 'riscvOVPsim/cpu', 0x00000000800002e4(rvtest_code_begin+16c): 808b2027 fsw     fs0,-2048(s6)
Info 167: 'riscvOVPsim/cpu', 0x00000000800002e8(rvtest_code_begin+170): 00c0a183 lw      gp,12(ra)
Info 168: 'riscvOVPsim/cpu', 0x00000000800002ec(rvtest_code_begin+174): 0000a823 sw      zero,16(ra)
Info 169: 'riscvOVPsim/cpu', 0x00000000800002f0(rvtest_code_begin+178): 3a2b51b7 lui     gp,0x3a2b5
Info   gp bf800000 -> 3a2b5000
Info 170: 'riscvOVPsim/cpu', 0x00000000800002f4(rvtest_code_begin+17c): 8ef18193 addi    gp,gp,-1809
Info   gp 3a2b5000 -> 3a2b48ef
Info 171: 'riscvOVPsim/cpu', 0x00000000800002f8(rvtest_code_begin+180): f00183d3 fmv.s.x ft7,gp
Info   ft7 0000000000000000 -> ffffffff3a2b48ef
Info 172: 'riscvOVPsim/cpu', 0x00000000800002fc(rvtest_code_begin+184): 01008a93 addi    s5,ra,16
Info   s5 dbeadfee -> 80002048
Info 173: 'riscvOVPsim/cpu', 0x0000000080000300(rvtest_code_begin+188): 00001137 lui     sp,0x1
Info   sp 00000800 -> 00001000
Info 174: 'riscvOVPsim/cpu', 0x0000000080000304(rvtest_code_begin+18c): 80010113 addi    sp,sp,-2048
Info   sp 00001000 -> 00000800
Info 175: 'riscvOVPsim/cpu', 0x0000000080000308(rvtest_code_begin+190): 002a8ab3 add     s5,s5,sp
Info   s5 80002048 -> 80002848
Info 176: 'riscvOVPsim/cpu', 0x000000008000030c(rvtest_code_begin+194): 807aa027 fsw     ft7,-2048(s5)
Info 177: 'riscvOVPsim/cpu', 0x0000000080000310(rvtest_code_begin+198): 0100a183 lw      gp,16(ra)
Info 178: 'riscvOVPsim/cpu', 0x0000000080000314(rvtest_code_begin+19c): 00002097 auipc   ra,0x2
Info   ra 80002038 -> 80002314
Info 179: 'riscvOVPsim/cpu', 0x0000000080000318(rvtest_code_begin+1a0): d4c08093 addi    ra,ra,-692
Info   ra 80002314 -> 80002060
Info 180: 'riscvOVPsim/cpu', 0x000000008000031c(rvtest_code_begin+1a4): 0000a023 sw      zero,0(ra)
Info 181: 'riscvOVPsim/cpu', 0x0000000080000320(rvtest_code_begin+1a8): 3f800437 lui     s0,0x3f800
Info   s0 5bfddb7d -> 3f800000
Info 182: 'riscvOVPsim/cpu', 0x0000000080000324(rvtest_code_begin+1ac): f0040353 fmv.s.x ft6,s0
Info   ft6 0000000000000000 -> ffffffff3f800000
Info 183: 'riscvOVPsim/cpu', 0x0000000080000328(rvtest_code_begin+1b0): 00008a13 mv      s4,ra
Info   s4 b7d5bfdd -> 80002060
Info 184: 'riscvOVPsim/cpu', 0x000000008000032c(rvtest_code_begin+1b4): 000013b7 lui     t2,0x1
Info   t2 c61a5229 -> 00001000
Info 185: 'riscvOVPsim/cpu', 0x0000000080000330(rvtest_code_begin+1b8): 80038393 addi    t2,t2,-2048
Info   t2 00001000 -> 00000800
Info 186: 'riscvOVPsim/cpu', 0x0000000080000334(rvtest_code_begin+1bc): 007a0a33 add     s4,s4,t2
Info   s4 80002060 -> 80002860
Info 187: 'riscvOVPsim/cpu', 0x0000000080000338(rvtest_code_begin+1c0): 806a2027 fsw     ft6,-2048(s4)
Info 188: 'riscvOVPsim/cpu', 0x000000008000033c(rvtest_code_begin+1c4): 0000a403 lw      s0,0(ra)
Info 189: 'riscvOVPsim/cpu', 0x0000000080000340(rvtest_code_begin+1c8): 0000a223 sw      zero,4(ra)
Info 190: 'riscvOVPsim/cpu', 0x0000000080000344(rvtest_code_begin+1cc): 4c50e437 lui     s0,0x4c50e
Info   s0 3f800000 -> 4c50e000
Info 191: 'riscvOVPsim/cpu', 0x0000000080000348(rvtest_code_begin+1d0): 7e740413 addi    s0,s0,2023
Info   s0 4c50e000 -> 4c50e7e7
Info 192: 'riscvOVPsim/cpu', 0x000000008000034c(rvtest_code_begin+1d4): f00402d3 fmv.s.x ft5,s0
Info   ft5 0000000000000000 -> ffffffff4c50e7e7
Info 193: 'riscvOVPsim/cpu', 0x0000000080000350(rvtest_code_begin+1d8): 00408993 addi    s3,ra,4
Info   s3 6fab7fbb -> 80002064
Info 194: 'riscvOVPsim/cpu', 0x0000000080000354(rvtest_code_begin+1dc): 000013b7 lui     t2,0x1
Info   t2 00000800 -> 00001000
Info 195: 'riscvOVPsim/cpu', 0x0000000080000358(rvtest_code_begin+1e0): 80038393 addi    t2,t2,-2048
Info   t2 00001000 -> 00000800
Info 196: 'riscvOVPsim/cpu', 0x000000008000035c(rvtest_code_begin+1e4): 007989b3 add     s3,s3,t2
Info   s3 80002064 -> 80002864
Info 197: 'riscvOVPsim/cpu', 0x0000000080000360(rvtest_code_begin+1e8): 8059a027 fsw     ft5,-2048(s3)
Info 198: 'riscvOVPsim/cpu', 0x0000000080000364(rvtest_code_begin+1ec): 0040a403 lw      s0,4(ra)
Info 199: 'riscvOVPsim/cpu', 0x0000000080000368(rvtest_code_begin+1f0): 0000a423 sw      zero,8(ra)
Info 200: 'riscvOVPsim/cpu', 0x000000008000036c(rvtest_code_begin+1f4): c61a5437 lui     s0,0xc61a5
Info   s0 4c50e7e7 -> c61a5000
Info 201: 'riscvOVPsim/cpu', 0x0000000080000370(rvtest_code_begin+1f8): 22940413 addi    s0,s0,553
Info   s0 c61a5000 -> c61a5229
Info 202: 'riscvOVPsim/cpu', 0x0000000080000374(rvtest_code_begin+1fc): f0040253 fmv.s.x ft4,s0
Info   ft4 0000000000000000 -> ffffffffc61a5229
Info 203: 'riscvOVPsim/cpu', 0x0000000080000378(rvtest_code_begin+200): 00808913 addi    s2,ra,8
Info   s2 df56ff76 -> 80002068
Info 204: 'riscvOVPsim/cpu', 0x000000008000037c(rvtest_code_begin+204): 000013b7 lui     t2,0x1
Info   t2 00000800 -> 00001000
Info 205: 'riscvOVPsim/cpu', 0x0000000080000380(rvtest_code_begin+208): 80038393 addi    t2,t2,-2048
Info   t2 00001000 -> 00000800
Info 206: 'riscvOVPsim/cpu', 0x0000000080000384(rvtest_code_begin+20c): 00790933 add     s2,s2,t2
Info   s2 80002068 -> 80002868
Info 207: 'riscvOVPsim/cpu', 0x0000000080000388(rvtest_code_begin+210): 80492027 fsw     ft4,-2048(s2)
Info 208: 'riscvOVPsim/cpu', 0x000000008000038c(rvtest_code_begin+214): 0080a403 lw      s0,8(ra)
Info 209: 'riscvOVPsim/cpu', 0x0000000080000390(rvtest_code_begin+218): 0000a623 sw      zero,12(ra)
Info 210: 'riscvOVPsim/cpu', 0x0000000080000394(rvtest_code_begin+21c): c1458437 lui     s0,0xc1458
Info   s0 c61a5229 -> c1458000
Info 211: 'riscvOVPsim/cpu', 0x0000000080000398(rvtest_code_begin+220): 79440413 addi    s0,s0,1940
Info   s0 c1458000 -> c1458794
Info 212: 'riscvOVPsim/cpu', 0x000000008000039c(rvtest_code_begin+224): f00401d3 fmv.s.x ft3,s0
Info   ft3 0000000000000000 -> ffffffffc1458794
Info 213: 'riscvOVPsim/cpu', 0x00000000800003a0(rvtest_code_begin+228): 00c08893 addi    a7,ra,12
Info   a7 beadfeed -> 8000206c
Info 214: 'riscvOVPsim/cpu', 0x00000000800003a4(rvtest_code_begin+22c): 000013b7 lui     t2,0x1
Info   t2 00000800 -> 00001000
Info 215: 'riscvOVPsim/cpu', 0x00000000800003a8(rvtest_code_begin+230): 80038393 addi    t2,t2,-2048
Info   t2 00001000 -> 00000800
Info 216: 'riscvOVPsim/cpu', 0x00000000800003ac(rvtest_code_begin+234): 007888b3 add     a7,a7,t2
Info   a7 8000206c -> 8000286c
Info 217: 'riscvOVPsim/cpu', 0x00000000800003b0(rvtest_code_begin+238): 8038a027 fsw     ft3,-2048(a7)
Info 218: 'riscvOVPsim/cpu', 0x00000000800003b4(rvtest_code_begin+23c): 00c0a403 lw      s0,12(ra)
Info 219: 'riscvOVPsim/cpu', 0x00000000800003b8(rvtest_code_begin+240): 0000a823 sw      zero,16(ra)
Info 220: 'riscvOVPsim/cpu', 0x00000000800003bc(rvtest_code_begin+244): 00000413 mv      s0,zero
Info   s0 c1458794 -> 00000000
Info 221: 'riscvOVPsim/cpu', 0x00000000800003c0(rvtest_code_begin+248): f0040153 fmv.s.x ft2,s0
Info   ft2 0000000000000000 -> ffffffff00000000
Info 222: 'riscvOVPsim/cpu', 0x00000000800003c4(rvtest_code_begin+24c): 01008813 addi    a6,ra,16
Info   a6 7d5bfddb -> 80002070
Info 223: 'riscvOVPsim/cpu', 0x00000000800003c8(rvtest_code_begin+250): 00000393 mv      t2,zero
Info   t2 00000800 -> 00000000
Info 224: 'riscvOVPsim/cpu', 0x00000000800003cc(rvtest_code_begin+254): 00780833 add     a6,a6,t2
Info 225: 'riscvOVPsim/cpu', 0x00000000800003d0(rvtest_code_begin+258): 00282027 fsw     ft2,0(a6)
Info 226: 'riscvOVPsim/cpu', 0x00000000800003d4(rvtest_code_begin+25c): 0100a403 lw      s0,16(ra)
Info 227: 'riscvOVPsim/cpu', 0x00000000800003d8(rvtest_code_begin+260): 00002117 auipc   sp,0x2
Info   sp 00000800 -> 800023d8
Info 228: 'riscvOVPsim/cpu', 0x00000000800003dc(rvtest_code_begin+264): cb010113 addi    sp,sp,-848
Info   sp 800023d8 -> 80002088
Info 229: 'riscvOVPsim/cpu', 0x00000000800003e0(rvtest_code_begin+268): 00012023 sw      zero,0(sp)
Info 230: 'riscvOVPsim/cpu', 0x00000000800003e4(rvtest_code_begin+26c): 3f9e0237 lui     tp,0x3f9e0
Info   tp bfddb7d5 -> 3f9e0000
Info 231: 'riscvOVPsim/cpu', 0x00000000800003e8(rvtest_code_begin+270): 41920213 addi    tp,tp,1049
Info   tp 3f9e0000 -> 3f9e0419
Info 232: 'riscvOVPsim/cpu', 0x00000000800003ec(rvtest_code_begin+274): f00200d3 fmv.s.x ft1,tp
Info   ft1 0000000000000000 -> ffffffff3f9e0419
Info 233: 'riscvOVPsim/cpu', 0x00000000800003f0(rvtest_code_begin+278): 00010793 mv      a5,sp
Info   a5 fab7fbb6 -> 80002088
Info 234: 'riscvOVPsim/cpu', 0x00000000800003f4(rvtest_code_begin+27c): 000011b7 lui     gp,0x1
Info   gp 3a2b48ef -> 00001000
Info 235: 'riscvOVPsim/cpu', 0x00000000800003f8(rvtest_code_begin+280): 80018193 addi    gp,gp,-2048
Info   gp 00001000 -> 00000800
Info 236: 'riscvOVPsim/cpu', 0x00000000800003fc(rvtest_code_begin+284): 003787b3 add     a5,a5,gp
Info   a5 80002088 -> 80002888
Info 237: 'riscvOVPsim/cpu', 0x0000000080000400(rvtest_code_begin+288): 8017a027 fsw     ft1,-2048(a5)
Info 238: 'riscvOVPsim/cpu', 0x0000000080000404(rvtest_code_begin+28c): 00012203 lw      tp,0(sp)
Info 239: 'riscvOVPsim/cpu', 0x0000000080000408(rvtest_code_begin+290): 00012223 sw      zero,4(sp)
Info 240: 'riscvOVPsim/cpu', 0x000000008000040c(rvtest_code_begin+294): bf800237 lui     tp,0xbf800
Info   tp 3f9e0419 -> bf800000
Info 241: 'riscvOVPsim/cpu', 0x0000000080000410(rvtest_code_begin+298): f0020053 fmv.s.x ft0,tp
Info   ft0 0000000000000000 -> ffffffffbf800000
Info 242: 'riscvOVPsim/cpu', 0x0000000080000414(rvtest_code_begin+29c): 00410713 addi    a4,sp,4
Info   a4 f56ff76d -> 8000208c
Info 243: 'riscvOVPsim/cpu', 0x0000000080000418(rvtest_code_begin+2a0): 000011b7 lui     gp,0x1
Info   gp 00000800 -> 00001000
Info 244: 'riscvOVPsim/cpu', 0x000000008000041c(rvtest_code_begin+2a4): 80018193 addi    gp,gp,-2048
Info   gp 00001000 -> 00000800
Info 245: 'riscvOVPsim/cpu', 0x0000000080000420(rvtest_code_begin+2a8): 00370733 add     a4,a4,gp
Info   a4 8000208c -> 8000288c
Info 246: 'riscvOVPsim/cpu', 0x0000000080000424(rvtest_code_begin+2ac): 80072027 fsw     ft0,-2048(a4)
Info 247: 'riscvOVPsim/cpu', 0x0000000080000428(rvtest_code_begin+2b0): 00412203 lw      tp,4(sp)
Info 248: 'riscvOVPsim/cpu', 0x000000008000042c(rvtest_code_begin+2b4): 00012423 sw      zero,8(sp)
Info 249: 'riscvOVPsim/cpu', 0x0000000080000430(rvtest_code_begin+2b8): 3a2b5237 lui     tp,0x3a2b5
Info   tp bf800000 -> 3a2b5000
Info 250: 'riscvOVPsim/cpu', 0x0000000080000434(rvtest_code_begin+2bc): 8ef20213 addi    tp,tp,-1809
Info   tp 3a2b5000 -> 3a2b48ef
Info 251: 'riscvOVPsim/cpu', 0x0000000080000438(rvtest_code_begin+2c0): f0020f53 fmv.s.x ft10,tp
Info   ft10 0000000000000000 -> ffffffff3a2b48ef
Info 252: 'riscvOVPsim/cpu', 0x000000008000043c(rvtest_code_begin+2c4): 00810693 addi    a3,sp,8
Info   a3 eadfeedb -> 80002090
Info 253: 'riscvOVPsim/cpu', 0x0000000080000440(rvtest_code_begin+2c8): 000011b7 lui     gp,0x1
Info   gp 00000800 -> 00001000
Info 254: 'riscvOVPsim/cpu', 0x0000000080000444(rvtest_code_begin+2cc): 80018193 addi    gp,gp,-2048
Info   gp 00001000 -> 00000800
Info 255: 'riscvOVPsim/cpu', 0x0000000080000448(rvtest_code_begin+2d0): 003686b3 add     a3,a3,gp
Info   a3 80002090 -> 80002890
Info 256: 'riscvOVPsim/cpu', 0x000000008000044c(rvtest_code_begin+2d4): 81e6a027 fsw     ft10,-2048(a3)
Info 257: 'riscvOVPsim/cpu', 0x0000000080000450(rvtest_code_begin+2d8): 00812203 lw      tp,8(sp)
Info 258: 'riscvOVPsim/cpu', 0x0000000080000454(rvtest_code_begin+2dc): 00012623 sw      zero,12(sp)
Info 259: 'riscvOVPsim/cpu', 0x0000000080000458(rvtest_code_begin+2e0): 3f800237 lui     tp,0x3f800
Info   tp 3a2b48ef -> 3f800000
Info 260: 'riscvOVPsim/cpu', 0x000000008000045c(rvtest_code_begin+2e4): f0020ed3 fmv.s.x ft9,tp
Info   ft9 0000000000000000 -> ffffffff3f800000
Info 261: 'riscvOVPsim/cpu', 0x0000000080000460(rvtest_code_begin+2e8): 00c10613 addi    a2,sp,12
Info   a2 d5bfddb7 -> 80002094
Info 262: 'riscvOVPsim/cpu', 0x0000000080000464(rvtest_code_begin+2ec): 000011b7 lui     gp,0x1
Info   gp 00000800 -> 00001000
Info 263: 'riscvOVPsim/cpu', 0x0000000080000468(rvtest_code_begin+2f0): 80018193 addi    gp,gp,-2048
Info   gp 00001000 -> 00000800
Info 264: 'riscvOVPsim/cpu', 0x000000008000046c(rvtest_code_begin+2f4): 00360633 add     a2,a2,gp
Info   a2 80002094 -> 80002894
Info 265: 'riscvOVPsim/cpu', 0x0000000080000470(rvtest_code_begin+2f8): 81d62027 fsw     ft9,-2048(a2)
Info 266: 'riscvOVPsim/cpu', 0x0000000080000474(rvtest_code_begin+2fc): 00c12203 lw      tp,12(sp)
Info 267: 'riscvOVPsim/cpu', 0x0000000080000478(rvtest_code_begin+300): 00012823 sw      zero,16(sp)
Info 268: 'riscvOVPsim/cpu', 0x000000008000047c(rvtest_code_begin+304): 4c50e237 lui     tp,0x4c50e
Info   tp 3f800000 -> 4c50e000
Info 269: 'riscvOVPsim/cpu', 0x0000000080000480(rvtest_code_begin+308): 7e720213 addi    tp,tp,2023
Info   tp 4c50e000 -> 4c50e7e7
Info 270: 'riscvOVPsim/cpu', 0x0000000080000484(rvtest_code_begin+30c): f0020e53 fmv.s.x ft8,tp
Info   ft8 0000000000000000 -> ffffffff4c50e7e7
Info 271: 'riscvOVPsim/cpu', 0x0000000080000488(rvtest_code_begin+310): 01010593 addi    a1,sp,16
Info   a1 ab7fbb6f -> 80002098
Info 272: 'riscvOVPsim/cpu', 0x000000008000048c(rvtest_code_begin+314): 000011b7 lui     gp,0x1
Info   gp 00000800 -> 00001000
Info 273: 'riscvOVPsim/cpu', 0x0000000080000490(rvtest_code_begin+318): 80018193 addi    gp,gp,-2048
Info   gp 00001000 -> 00000800
Info 274: 'riscvOVPsim/cpu', 0x0000000080000494(rvtest_code_begin+31c): 003585b3 add     a1,a1,gp
Info   a1 80002098 -> 80002898
Info 275: 'riscvOVPsim/cpu', 0x0000000080000498(rvtest_code_begin+320): 81c5a027 fsw     ft8,-2048(a1)
Info 276: 'riscvOVPsim/cpu', 0x000000008000049c(rvtest_code_begin+324): 01012203 lw      tp,16(sp)
Info 277: 'riscvOVPsim/cpu', 0x00000000800004a0(rvtest_code_begin+328): 00002097 auipc   ra,0x2
Info   ra 80002060 -> 800024a0
Info 278: 'riscvOVPsim/cpu', 0x00000000800004a4(rvtest_code_begin+32c): c1008093 addi    ra,ra,-1008
Info   ra 800024a0 -> 800020b0
Info 279: 'riscvOVPsim/cpu', 0x00000000800004a8(rvtest_code_begin+330): 0000a023 sw      zero,0(ra)
Info 280: 'riscvOVPsim/cpu', 0x00000000800004ac(rvtest_code_begin+334): c61a51b7 lui     gp,0xc61a5
Info   gp 00000800 -> c61a5000
Info 281: 'riscvOVPsim/cpu', 0x00000000800004b0(rvtest_code_begin+338): 22918193 addi    gp,gp,553
Info   gp c61a5000 -> c61a5229
Info 282: 'riscvOVPsim/cpu', 0x00000000800004b4(rvtest_code_begin+33c): f0018dd3 fmv.s.x fs11,gp
Info   fs11 0000000000000000 -> ffffffffc61a5229
Info 283: 'riscvOVPsim/cpu', 0x00000000800004b8(rvtest_code_begin+340): 00008513 mv      a0,ra
Info   a0 56ff76df -> 800020b0
Info 284: 'riscvOVPsim/cpu', 0x00000000800004bc(rvtest_code_begin+344): 00001137 lui     sp,0x1
Info   sp 80002088 -> 00001000
Info 285: 'riscvOVPsim/cpu', 0x00000000800004c0(rvtest_code_begin+348): 80010113 addi    sp,sp,-2048
Info   sp 00001000 -> 00000800
Info 286: 'riscvOVPsim/cpu', 0x00000000800004c4(rvtest_code_begin+34c): 00250533 add     a0,a0,sp
Info   a0 800020b0 -> 800028b0
Info 287: 'riscvOVPsim/cpu', 0x00000000800004c8(rvtest_code_begin+350): 81b52027 fsw     fs11,-2048(a0)
Info 288: 'riscvOVPsim/cpu', 0x00000000800004cc(rvtest_code_begin+354): 0000a183 lw      gp,0(ra)
Info 289: 'riscvOVPsim/cpu', 0x00000000800004d0(rvtest_code_begin+358): 0000a223 sw      zero,4(ra)
Info 290: 'riscvOVPsim/cpu', 0x00000000800004d4(rvtest_code_begin+35c): c14581b7 lui     gp,0xc1458
Info   gp c61a5229 -> c1458000
Info 291: 'riscvOVPsim/cpu', 0x00000000800004d8(rvtest_code_begin+360): 79418193 addi    gp,gp,1940
Info   gp c1458000 -> c1458794
Info 292: 'riscvOVPsim/cpu', 0x00000000800004dc(rvtest_code_begin+364): f0018d53 fmv.s.x fs10,gp
Info   fs10 0000000000000000 -> ffffffffc1458794
Info 293: 'riscvOVPsim/cpu', 0x00000000800004e0(rvtest_code_begin+368): 00408493 addi    s1,ra,4
Info   s1 adfeedbe -> 800020b4
Info 294: 'riscvOVPsim/cpu', 0x00000000800004e4(rvtest_code_begin+36c): 00001137 lui     sp,0x1
Info   sp 00000800 -> 00001000
Info 295: 'riscvOVPsim/cpu', 0x00000000800004e8(rvtest_code_begin+370): 80010113 addi    sp,sp,-2048
Info   sp 00001000 -> 00000800
Info 296: 'riscvOVPsim/cpu', 0x00000000800004ec(rvtest_code_begin+374): 002484b3 add     s1,s1,sp
Info   s1 800020b4 -> 800028b4
Info 297: 'riscvOVPsim/cpu', 0x00000000800004f0(rvtest_code_begin+378): 81a4a027 fsw     fs10,-2048(s1)
Info 298: 'riscvOVPsim/cpu', 0x00000000800004f4(rvtest_code_begin+37c): 0040a183 lw      gp,4(ra)
Info 299: 'riscvOVPsim/cpu', 0x00000000800004f8(rvtest_code_begin+380): 0000a423 sw      zero,8(ra)
Info 300: 'riscvOVPsim/cpu', 0x00000000800004fc(rvtest_code_begin+384): 00000193 mv      gp,zero
Info   gp c1458794 -> 00000000
Info 301: 'riscvOVPsim/cpu', 0x0000000080000500(rvtest_code_begin+388): f0018cd3 fmv.s.x fs9,gp
Info   fs9 0000000000000000 -> ffffffff00000000
Info 302: 'riscvOVPsim/cpu', 0x0000000080000504(rvtest_code_begin+38c): 00808413 addi    s0,ra,8
Info   s0 00000000 -> 800020b8
Info 303: 'riscvOVPsim/cpu', 0x0000000080000508(rvtest_code_begin+390): 00000113 mv      sp,zero
Info   sp 00000800 -> 00000000
Info 304: 'riscvOVPsim/cpu', 0x000000008000050c(rvtest_code_begin+394): 00240433 add     s0,s0,sp
Info 305: 'riscvOVPsim/cpu', 0x0000000080000510(rvtest_code_begin+398): 01942027 fsw     fs9,0(s0)
Info 306: 'riscvOVPsim/cpu', 0x0000000080000514(rvtest_code_begin+39c): 0080a183 lw      gp,8(ra)
Info 307: 'riscvOVPsim/cpu', 0x0000000080000518(rvtest_code_begin+3a0): 0000a623 sw      zero,12(ra)
Info 308: 'riscvOVPsim/cpu', 0x000000008000051c(rvtest_code_begin+3a4): 3f9e01b7 lui     gp,0x3f9e0
Info   gp 00000000 -> 3f9e0000
Info 309: 'riscvOVPsim/cpu', 0x0000000080000520(rvtest_code_begin+3a8): 41918193 addi    gp,gp,1049
Info   gp 3f9e0000 -> 3f9e0419
Info 310: 'riscvOVPsim/cpu', 0x0000000080000524(rvtest_code_begin+3ac): f0018c53 fmv.s.x fs8,gp
Info   fs8 0000000000000000 -> ffffffff3f9e0419
Info 311: 'riscvOVPsim/cpu', 0x0000000080000528(rvtest_code_begin+3b0): 00c08393 addi    t2,ra,12
Info   t2 00000000 -> 800020bc
Info 312: 'riscvOVPsim/cpu', 0x000000008000052c(rvtest_code_begin+3b4): 00001137 lui     sp,0x1
Info   sp 00000000 -> 00001000
Info 313: 'riscvOVPsim/cpu', 0x0000000080000530(rvtest_code_begin+3b8): 80010113 addi    sp,sp,-2048
Info   sp 00001000 -> 00000800
Info 314: 'riscvOVPsim/cpu', 0x0000000080000534(rvtest_code_begin+3bc): 002383b3 add     t2,t2,sp
Info   t2 800020bc -> 800028bc
Info 315: 'riscvOVPsim/cpu', 0x0000000080000538(rvtest_code_begin+3c0): 8183a027 fsw     fs8,-2048(t2)
Info 316: 'riscvOVPsim/cpu', 0x000000008000053c(rvtest_code_begin+3c4): 00c0a183 lw      gp,12(ra)
Info 317: 'riscvOVPsim/cpu', 0x0000000080000540(rvtest_code_begin+3c8): 0000a823 sw      zero,16(ra)
Info 318: 'riscvOVPsim/cpu', 0x0000000080000544(rvtest_code_begin+3cc): bf8001b7 lui     gp,0xbf800
Info   gp 3f9e0419 -> bf800000
Info 319: 'riscvOVPsim/cpu', 0x0000000080000548(rvtest_code_begin+3d0): f0018bd3 fmv.s.x fs7,gp
Info   fs7 0000000000000000 -> ffffffffbf800000
Info 320: 'riscvOVPsim/cpu', 0x000000008000054c(rvtest_code_begin+3d4): 01008313 addi    t1,ra,16
Info   t1 00000800 -> 800020c0
Info 321: 'riscvOVPsim/cpu', 0x0000000080000550(rvtest_code_begin+3d8): 00001137 lui     sp,0x1
Info   sp 00000800 -> 00001000
Info 322: 'riscvOVPsim/cpu', 0x0000000080000554(rvtest_code_begin+3dc): 80010113 addi    sp,sp,-2048
Info   sp 00001000 -> 00000800
Info 323: 'riscvOVPsim/cpu', 0x0000000080000558(rvtest_code_begin+3e0): 00230333 add     t1,t1,sp
Info   t1 800020c0 -> 800028c0
Info 324: 'riscvOVPsim/cpu', 0x000000008000055c(rvtest_code_begin+3e4): 81732027 fsw     fs7,-2048(t1)
Info 325: 'riscvOVPsim/cpu', 0x0000000080000560(rvtest_code_begin+3e8): 0100a183 lw      gp,16(ra)
Info 326: 'riscvOVPsim/cpu', 0x0000000080000564(rvtest_code_begin+3ec): 00002317 auipc   t1,0x2
Info   t1 800028c0 -> 80002564
Info 327: 'riscvOVPsim/cpu', 0x0000000080000568(rvtest_code_begin+3f0): b7430313 addi    t1,t1,-1164
Info   t1 80002564 -> 800020d8
Info 328: 'riscvOVPsim/cpu', 0x000000008000056c(rvtest_code_begin+3f4): 00032023 sw      zero,0(t1)
Info 329: 'riscvOVPsim/cpu', 0x0000000080000570(rvtest_code_begin+3f8): 3a2b5437 lui     s0,0x3a2b5
Info   s0 800020b8 -> 3a2b5000
Info 330: 'riscvOVPsim/cpu', 0x0000000080000574(rvtest_code_begin+3fc): 8ef40413 addi    s0,s0,-1809
Info   s0 3a2b5000 -> 3a2b48ef
Info 331: 'riscvOVPsim/cpu', 0x0000000080000578(rvtest_code_begin+400): f0040b53 fmv.s.x fs6,s0
Info   fs6 0000000000000000 -> ffffffff3a2b48ef
Info 332: 'riscvOVPsim/cpu', 0x000000008000057c(rvtest_code_begin+404): 00030293 mv      t0,t1
Info   t0 80002010 -> 800020d8
Info 333: 'riscvOVPsim/cpu', 0x0000000080000580(rvtest_code_begin+408): 000013b7 lui     t2,0x1
Info   t2 800028bc -> 00001000
Info 334: 'riscvOVPsim/cpu', 0x0000000080000584(rvtest_code_begin+40c): 80038393 addi    t2,t2,-2048
Info   t2 00001000 -> 00000800
Info 335: 'riscvOVPsim/cpu', 0x0000000080000588(rvtest_code_begin+410): 007282b3 add     t0,t0,t2
Info   t0 800020d8 -> 800028d8
Info 336: 'riscvOVPsim/cpu', 0x000000008000058c(rvtest_code_begin+414): 8162a027 fsw     fs6,-2048(t0)
Info 337: 'riscvOVPsim/cpu', 0x0000000080000590(rvtest_code_begin+418): 00032403 lw      s0,0(t1)
Info 338: 'riscvOVPsim/cpu', 0x0000000080000594(rvtest_code_begin+41c): 00032223 sw      zero,4(t1)
Info 339: 'riscvOVPsim/cpu', 0x0000000080000598(rvtest_code_begin+420): 3f800437 lui     s0,0x3f800
Info   s0 3a2b48ef -> 3f800000
Info 340: 'riscvOVPsim/cpu', 0x000000008000059c(rvtest_code_begin+424): f0040ad3 fmv.s.x fs5,s0
Info   fs5 0000000000000000 -> ffffffff3f800000
Info 341: 'riscvOVPsim/cpu', 0x00000000800005a0(rvtest_code_begin+428): 00430213 addi    tp,t1,4
Info   tp 4c50e7e7 -> 800020dc
Info 342: 'riscvOVPsim/cpu', 0x00000000800005a4(rvtest_code_begin+42c): 000013b7 lui     t2,0x1
Info   t2 00000800 -> 00001000
Info 343: 'riscvOVPsim/cpu', 0x00000000800005a8(rvtest_code_begin+430): 80038393 addi    t2,t2,-2048
Info   t2 00001000 -> 00000800
Info 344: 'riscvOVPsim/cpu', 0x00000000800005ac(rvtest_code_begin+434): 00720233 add     tp,tp,t2
Info   tp 800020dc -> 800028dc
Info 345: 'riscvOVPsim/cpu', 0x00000000800005b0(rvtest_code_begin+438): 81522027 fsw     fs5,-2048(tp)
Info 346: 'riscvOVPsim/cpu', 0x00000000800005b4(rvtest_code_begin+43c): 00432403 lw      s0,4(t1)
Info 347: 'riscvOVPsim/cpu', 0x00000000800005b8(rvtest_code_begin+440): 00032423 sw      zero,8(t1)
Info 348: 'riscvOVPsim/cpu', 0x00000000800005bc(rvtest_code_begin+444): 4c50e437 lui     s0,0x4c50e
Info   s0 3f800000 -> 4c50e000
Info 349: 'riscvOVPsim/cpu', 0x00000000800005c0(rvtest_code_begin+448): 7e740413 addi    s0,s0,2023
Info   s0 4c50e000 -> 4c50e7e7
Info 350: 'riscvOVPsim/cpu', 0x00000000800005c4(rvtest_code_begin+44c): f0040a53 fmv.s.x fs4,s0
Info   fs4 0000000000000000 -> ffffffff4c50e7e7
Info 351: 'riscvOVPsim/cpu', 0x00000000800005c8(rvtest_code_begin+450): 00830193 addi    gp,t1,8
Info   gp bf800000 -> 800020e0
Info 352: 'riscvOVPsim/cpu', 0x00000000800005cc(rvtest_code_begin+454): 000013b7 lui     t2,0x1
Info   t2 00000800 -> 00001000
Info 353: 'riscvOVPsim/cpu', 0x00000000800005d0(rvtest_code_begin+458): 80038393 addi    t2,t2,-2048
Info   t2 00001000 -> 00000800
Info 354: 'riscvOVPsim/cpu', 0x00000000800005d4(rvtest_code_begin+45c): 007181b3 add     gp,gp,t2
Info   gp 800020e0 -> 800028e0
Info 355: 'riscvOVPsim/cpu', 0x00000000800005d8(rvtest_code_begin+460): 8141a027 fsw     fs4,-2048(gp)
Info 356: 'riscvOVPsim/cpu', 0x00000000800005dc(rvtest_code_begin+464): 00832403 lw      s0,8(t1)
Info 357: 'riscvOVPsim/cpu', 0x00000000800005e0(rvtest_code_begin+468): 00032623 sw      zero,12(t1)
Info 358: 'riscvOVPsim/cpu', 0x00000000800005e4(rvtest_code_begin+46c): c61a5437 lui     s0,0xc61a5
Info   s0 4c50e7e7 -> c61a5000
Info 359: 'riscvOVPsim/cpu', 0x00000000800005e8(rvtest_code_begin+470): 22940413 addi    s0,s0,553
Info   s0 c61a5000 -> c61a5229
Info 360: 'riscvOVPsim/cpu', 0x00000000800005ec(rvtest_code_begin+474): f00409d3 fmv.s.x fs3,s0
Info   fs3 0000000000000000 -> ffffffffc61a5229
Info 361: 'riscvOVPsim/cpu', 0x00000000800005f0(rvtest_code_begin+478): 00c30113 addi    sp,t1,12
Info   sp 00000800 -> 800020e4
Info 362: 'riscvOVPsim/cpu', 0x00000000800005f4(rvtest_code_begin+47c): 000013b7 lui     t2,0x1
Info   t2 00000800 -> 00001000
Info 363: 'riscvOVPsim/cpu', 0x00000000800005f8(rvtest_code_begin+480): 80038393 addi    t2,t2,-2048
Info   t2 00001000 -> 00000800
Info 364: 'riscvOVPsim/cpu', 0x00000000800005fc(rvtest_code_begin+484): 00710133 add     sp,sp,t2
Info   sp 800020e4 -> 800028e4
Info 365: 'riscvOVPsim/cpu', 0x0000000080000600(rvtest_code_begin+488): 81312027 fsw     fs3,-2048(sp)
Info 366: 'riscvOVPsim/cpu', 0x0000000080000604(rvtest_code_begin+48c): 00c32403 lw      s0,12(t1)
Info 367: 'riscvOVPsim/cpu', 0x0000000080000608(rvtest_code_begin+490): 00032823 sw      zero,16(t1)
Info 368: 'riscvOVPsim/cpu', 0x000000008000060c(rvtest_code_begin+494): c1458437 lui     s0,0xc1458
Info   s0 c61a5229 -> c1458000
Info 369: 'riscvOVPsim/cpu', 0x0000000080000610(rvtest_code_begin+498): 79440413 addi    s0,s0,1940
Info   s0 c1458000 -> c1458794
Info 370: 'riscvOVPsim/cpu', 0x0000000080000614(rvtest_code_begin+49c): f0040953 fmv.s.x fs2,s0
Info   fs2 0000000000000000 -> ffffffffc1458794
Info 371: 'riscvOVPsim/cpu', 0x0000000080000618(rvtest_code_begin+4a0): 01030093 addi    ra,t1,16
Info   ra 800020b0 -> 800020e8
Info 372: 'riscvOVPsim/cpu', 0x000000008000061c(rvtest_code_begin+4a4): 000013b7 lui     t2,0x1
Info   t2 00000800 -> 00001000
Info 373: 'riscvOVPsim/cpu', 0x0000000080000620(rvtest_code_begin+4a8): 80038393 addi    t2,t2,-2048
Info   t2 00001000 -> 00000800
Info 374: 'riscvOVPsim/cpu', 0x0000000080000624(rvtest_code_begin+4ac): 007080b3 add     ra,ra,t2
Info   ra 800020e8 -> 800028e8
Info 375: 'riscvOVPsim/cpu', 0x0000000080000628(rvtest_code_begin+4b0): 8120a027 fsw     fs2,-2048(ra)
Info 376: 'riscvOVPsim/cpu', 0x000000008000062c(rvtest_code_begin+4b4): 01032403 lw      s0,16(t1)
Info 377: 'riscvOVPsim/cpu', 0x0000000080000630(rvtest_code_begin+4b8): 00002117 auipc   sp,0x2
Info   sp 800028e4 -> 80002630
Info 378: 'riscvOVPsim/cpu', 0x0000000080000634(rvtest_code_begin+4bc): ad010113 addi    sp,sp,-1328
Info   sp 80002630 -> 80002100
Info 379: 'riscvOVPsim/cpu', 0x0000000080000638(rvtest_code_begin+4c0): 00012023 sw      zero,0(sp)
Info 380: 'riscvOVPsim/cpu', 0x000000008000063c(rvtest_code_begin+4c4): 00000213 mv      tp,zero
Info   tp 800028dc -> 00000000
Info 381: 'riscvOVPsim/cpu', 0x0000000080000640(rvtest_code_begin+4c8): f00208d3 fmv.s.x fa7,tp
Info   fa7 0000000000000000 -> ffffffff00000000
Info 382: 'riscvOVPsim/cpu', 0x0000000080000644(rvtest_code_begin+4cc): 00010093 mv      ra,sp
Info   ra 800028e8 -> 80002100
Info 383: 'riscvOVPsim/cpu', 0x0000000080000648(rvtest_code_begin+4d0): 00000193 mv      gp,zero
Info   gp 800028e0 -> 00000000
Info 384: 'riscvOVPsim/cpu', 0x000000008000064c(rvtest_code_begin+4d4): 003080b3 add     ra,ra,gp
Info 385: 'riscvOVPsim/cpu', 0x0000000080000650(rvtest_code_begin+4d8): 0110a027 fsw     fa7,0(ra)
Info 386: 'riscvOVPsim/cpu', 0x0000000080000654(rvtest_code_begin+4dc): 00012203 lw      tp,0(sp)
Info 387: 'riscvOVPsim/cpu', 0x0000000080000658(rvtest_code_begin+4e0): 00000013 nop
Info 388: 'riscvOVPsim/cpu', 0x000000008000065c(rvtest_code_begin+4e4): 00000013 nop
Info 389: 'riscvOVPsim/cpu', 0x0000000080000660(rvtest_code_end): 0ff0000f fence
Info 390: 'riscvOVPsim/cpu', 0x0000000080000664(rvtest_code_end+4): 00000073 ecall
Info   mstatus 80006080 -> 80007800
Info   mepc 80000080 -> 80000664
Info   mcause 00000000 -> 0000000b
Info 391: 'riscvOVPsim/cpu', 0x0000000080000004(trap_vector): 34202f73 csrr    t5,mcause
Info   t5 80002810 -> 0000000b
Info 392: 'riscvOVPsim/cpu', 0x0000000080000008(trap_vector+4): 00800f93 addi    t6,zero,8
Info   t6 fbb6fab7 -> 00000008
Info 393: 'riscvOVPsim/cpu', 0x000000008000000c(trap_vector+8): 03ff0663 beq     t5,t6,80000038
Info 394: 'riscvOVPsim/cpu', 0x0000000080000010(trap_vector+c): 00900f93 addi    t6,zero,9
Info   t6 00000008 -> 00000009
Info 395: 'riscvOVPsim/cpu', 0x0000000080000014(trap_vector+10): 03ff0263 beq     t5,t6,80000038
Info 396: 'riscvOVPsim/cpu', 0x0000000080000018(trap_vector+14): 00b00f93 addi    t6,zero,11
Info   t6 00000009 -> 0000000b
Info 397: 'riscvOVPsim/cpu', 0x000000008000001c(trap_vector+18): 01ff0e63 beq     t5,t6,80000038
Info 398: 'riscvOVPsim/cpu', 0x0000000080000038(write_tohost): 00001f17 auipc   t5,0x1
Info   t5 0000000b -> 80001038
