#1 0 80000000 595552b7 r 05         59555000  lui      x5, 0x59555
#2 0 80000004 55528293 r 05         59555555  addi     x5, x5, 0x555
#3 0 80000008 7c029073 c 07c0       59555555  csrrw    x0, mrac, x5
#4 0 8000000c 70041117 r 02         f004100c  auipc    x2, 0x70041
#5 0 80000010 04410113 r 02         f0041050  addi     x2, x2, 0x44
#6 0 80000014 032000ef r 01         80000018  jal      x1, . + 0x32
#7 0 80000046     7135 r 02         f0040fb0  c.addi16sp -0xa
#8 0 80000048     cf22 m f004104c   00000000  c.swsp   x8, 0x9c
#9 0 8000004a     1100 r 08         f0041050  c.addi4spn  x8, 0x28
#10 0 8000004c f00407b7 r 0f         f0040000  lui      x15, -0xffc0
#11 0 80000050 00078793 r 0f         f0040000  addi     x15, x15, 0x0
#12 0 80000054 0007ae03 r 1c         00000001  lw       x28, 0x0(x15)
#13 0 80000058 0047a303 r 06         00000002  lw       x6, 0x4(x15)
#14 0 8000005c 0087a883 r 11         00000003  lw       x17, 0x8(x15)
#15 0 80000060 00c7a803 r 10         00000004  lw       x16, 0xc(x15)
#16 0 80000064     4b88 r 0a         00000005  c.lw     x10, 0x10(x15)
#17 0 80000066     4bcc r 0b         00000006  c.lw     x11, 0x14(x15)
#18 0 80000068     4f90 r 0c         00000007  c.lw     x12, 0x18(x15)
#19 0 8000006a     4fd4 r 0d         00000008  c.lw     x13, 0x1c(x15)
#20 0 8000006c     5398 r 0e         00000009  c.lw     x14, 0x20(x15)
#21 0 8000006e     53dc r 0f         0000000a  c.lw     x15, 0x24(x15)
#22 0 80000070 fbc42e23 m f004100c   00000001  sw       x28, -0x44(x8)
#23 0 80000074 fc642023 m f0041010   00000002  sw       x6, -0x40(x8)
#24 0 80000078 fd142223 m f0041014   00000003  sw       x17, -0x3c(x8)
#25 0 8000007c fd042423 m f0041018   00000004  sw       x16, -0x38(x8)
#26 0 80000080 fca42623 m f004101c   00000005  sw       x10, -0x34(x8)
#27 0 80000084 fcb42823 m f0041020   00000006  sw       x11, -0x30(x8)
#28 0 80000088 fcc42a23 m f0041024   00000007  sw       x12, -0x2c(x8)
#29 0 8000008c fcd42c23 m f0041028   00000008  sw       x13, -0x28(x8)
#30 0 80000090 fce42e23 m f004102c   00000009  sw       x14, -0x24(x8)
#31 0 80000094 fef42023 m f0041030   0000000a  sw       x15, -0x20(x8)
#32 0 80000098 f00407b7 r 0f         f0040000  lui      x15, -0xffc0
#33 0 8000009c 00078793 r 0f         f0040000  addi     x15, x15, 0x0
#34 0 800000a0 0007ae03 r 1c         00000001  lw       x28, 0x0(x15)
#35 0 800000a4 0047a303 r 06         00000002  lw       x6, 0x4(x15)
#36 0 800000a8 0087a883 r 11         00000003  lw       x17, 0x8(x15)
#37 0 800000ac 00c7a803 r 10         00000004  lw       x16, 0xc(x15)
#38 0 800000b0     4b88 r 0a         00000005  c.lw     x10, 0x10(x15)
#39 0 800000b2     4bcc r 0b         00000006  c.lw     x11, 0x14(x15)
#40 0 800000b4     4f90 r 0c         00000007  c.lw     x12, 0x18(x15)
#41 0 800000b6     4fd4 r 0d         00000008  c.lw     x13, 0x1c(x15)
#42 0 800000b8     5398 r 0e         00000009  c.lw     x14, 0x20(x15)
#43 0 800000ba     53dc r 0f         0000000a  c.lw     x15, 0x24(x15)
#44 0 800000bc f9c42a23 m f0040fe4   00000001  sw       x28, -0x6c(x8)
#45 0 800000c0 f8642c23 m f0040fe8   00000002  sw       x6, -0x68(x8)
#46 0 800000c4 f9142e23 m f0040fec   00000003  sw       x17, -0x64(x8)
#47 0 800000c8 fb042023 m f0040ff0   00000004  sw       x16, -0x60(x8)
#48 0 800000cc faa42223 m f0040ff4   00000005  sw       x10, -0x5c(x8)
#49 0 800000d0 fab42423 m f0040ff8   00000006  sw       x11, -0x58(x8)
#50 0 800000d4 fac42623 m f0040ffc   00000007  sw       x12, -0x54(x8)
#51 0 800000d8 fad42823 m f0041000   00000008  sw       x13, -0x50(x8)
#52 0 800000dc fae42a23 m f0041004   00000009  sw       x14, -0x4c(x8)
#53 0 800000e0 faf42c23 m f0041008   0000000a  sw       x15, -0x48(x8)
#54 0 800000e4 f00407b7 r 0f         f0040000  lui      x15, -0xffc0
#55 0 800000e8 02878793 r 0f         f0040028  addi     x15, x15, 0x28
#56 0 800000ec 0007ae03 r 1c         00000002  lw       x28, 0x0(x15)
#57 0 800000f0 0047a303 r 06         00000004  lw       x6, 0x4(x15)
#58 0 800000f4 0087a883 r 11         00000006  lw       x17, 0x8(x15)
#59 0 800000f8 00c7a803 r 10         00000008  lw       x16, 0xc(x15)
#60 0 800000fc     4b88 r 0a         0000000a  c.lw     x10, 0x10(x15)
#61 0 800000fe     4bcc r 0b         0000000c  c.lw     x11, 0x14(x15)
#62 0 80000100     4f90 r 0c         0000000e  c.lw     x12, 0x18(x15)
#63 0 80000102     4fd4 r 0d         00000010  c.lw     x13, 0x1c(x15)
#64 0 80000104     5398 r 0e         00000012  c.lw     x14, 0x20(x15)
#65 0 80000106     53dc r 0f         00000014  c.lw     x15, 0x24(x15)
#66 0 80000108 f7c42623 m f0040fbc   00000002  sw       x28, -0x94(x8)
#67 0 8000010c f6642823 m f0040fc0   00000004  sw       x6, -0x90(x8)
#68 0 80000110 f7142a23 m f0040fc4   00000006  sw       x17, -0x8c(x8)
#69 0 80000114 f7042c23 m f0040fc8   00000008  sw       x16, -0x88(x8)
#70 0 80000118 f6a42e23 m f0040fcc   0000000a  sw       x10, -0x84(x8)
#71 0 8000011c f8b42023 m f0040fd0   0000000c  sw       x11, -0x80(x8)
#72 0 80000120 f8c42223 m f0040fd4   0000000e  sw       x12, -0x7c(x8)
#73 0 80000124 f8d42423 m f0040fd8   00000010  sw       x13, -0x78(x8)
#74 0 80000128 f8e42623 m f0040fdc   00000012  sw       x14, -0x74(x8)
#75 0 8000012c f8f42823 m f0040fe0   00000014  sw       x15, -0x70(x8)
#76 0 80000130 fe042423 m f0041038   00000000  sw       x0, -0x18(x8)
#77 0 80000134 fe042623 m f004103c   00000000  sw       x0, -0x14(x8)
#78 0 80000138     a0b9 r 00         00000000  c.j      . + 0x4e
#79 0 80000186 fec42703 r 0e         00000000  lw       x14, -0x14(x8)
#80 0 8000018a     47a9 r 0f         0000000a  c.li     x15, 0xa
#81 0 8000018c fae7d7e3 r 00         00000000  bge      x15, x14, . - 0x52
#82 0 8000013a fec42783 r 0f         00000000  lw       x15, -0x14(x8)
#83 0 8000013e     078a r 0f         00000000  c.slli   x15, 2
#84 0 80000140     17c1 r 0f         fffffff0  c.addi   x15, -0x10
#85 0 80000142     97a2 r 0f         f0041040  c.add    x15, x8
#86 0 80000144 fcc7a703 r 0e         00000001  lw       x14, -0x34(x15)
#87 0 80000148 fec42783 r 0f         00000000  lw       x15, -0x14(x8)
#88 0 8000014c     078a r 0f         00000000  c.slli   x15, 2
#89 0 8000014e     17c1 r 0f         fffffff0  c.addi   x15, -0x10
#90 0 80000150     97a2 r 0f         f0041040  c.add    x15, x8
#91 0 80000152 fa47a783 r 0f         00000001  lw       x15, -0x5c(x15)
#92 0 80000156     97ba r 0f         00000002  c.add    x15, x14
#93 0 80000158 fef42223 m f0041034   00000002  sw       x15, -0x1c(x8)
#94 0 8000015c fec42783 r 0f         00000000  lw       x15, -0x14(x8)
#95 0 80000160     078a r 0f         00000000  c.slli   x15, 2
#96 0 80000162     17c1 r 0f         fffffff0  c.addi   x15, -0x10
#97 0 80000164     97a2 r 0f         f0041040  c.add    x15, x8
#98 0 80000166 f7c7a783 r 0f         00000002  lw       x15, -0x84(x15)
#99 0 8000016a fe442703 r 0e         00000002  lw       x14, -0x1c(x8)
#100 0 8000016e 00f71763 r 00         00000000  bne      x14, x15, . + 0xe
#101 0 80000172 fe842783 r 0f         00000000  lw       x15, -0x18(x8)
#102 0 80000176     0785 r 0f         00000001  c.addi   x15, 0x1
#103 0 80000178 fef42423 m f0041038   00000001  sw       x15, -0x18(x8)
#104 0 8000017c fec42783 r 0f         00000000  lw       x15, -0x14(x8)
#105 0 80000180     0785 r 0f         00000001  c.addi   x15, 0x1
#106 0 80000182 fef42623 m f004103c   00000001  sw       x15, -0x14(x8)
#107 0 80000186 fec42703 r 0e         00000001  lw       x14, -0x14(x8)
#108 0 8000018a     47a9 r 0f         0000000a  c.li     x15, 0xa
#109 0 8000018c fae7d7e3 r 00         00000000  bge      x15, x14, . - 0x52
#110 0 8000013a fec42783 r 0f         00000001  lw       x15, -0x14(x8)
#111 0 8000013e     078a r 0f         00000004  c.slli   x15, 2
#112 0 80000140     17c1 r 0f         fffffff4  c.addi   x15, -0x10
#113 0 80000142     97a2 r 0f         f0041044  c.add    x15, x8
#114 0 80000144 fcc7a703 r 0e         00000002  lw       x14, -0x34(x15)
#115 0 80000148 fec42783 r 0f         00000001  lw       x15, -0x14(x8)
#116 0 8000014c     078a r 0f         00000004  c.slli   x15, 2
#117 0 8000014e     17c1 r 0f         fffffff4  c.addi   x15, -0x10
#118 0 80000150     97a2 r 0f         f0041044  c.add    x15, x8
#119 0 80000152 fa47a783 r 0f         00000002  lw       x15, -0x5c(x15)
#120 0 80000156     97ba r 0f         00000004  c.add    x15, x14
#121 0 80000158 fef42223 m f0041034   00000004  sw       x15, -0x1c(x8)
#122 0 8000015c fec42783 r 0f         00000001  lw       x15, -0x14(x8)
#123 0 80000160     078a r 0f         00000004  c.slli   x15, 2
#124 0 80000162     17c1 r 0f         fffffff4  c.addi   x15, -0x10
#125 0 80000164     97a2 r 0f         f0041044  c.add    x15, x8
#126 0 80000166 f7c7a783 r 0f         00000004  lw       x15, -0x84(x15)
#127 0 8000016a fe442703 r 0e         00000004  lw       x14, -0x1c(x8)
#128 0 8000016e 00f71763 r 00         00000000  bne      x14, x15, . + 0xe
#129 0 80000172 fe842783 r 0f         00000001  lw       x15, -0x18(x8)
#130 0 80000176     0785 r 0f         00000002  c.addi   x15, 0x1
#131 0 80000178 fef42423 m f0041038   00000002  sw       x15, -0x18(x8)
#132 0 8000017c fec42783 r 0f         00000001  lw       x15, -0x14(x8)
#133 0 80000180     0785 r 0f         00000002  c.addi   x15, 0x1
#134 0 80000182 fef42623 m f004103c   00000002  sw       x15, -0x14(x8)
#135 0 80000186 fec42703 r 0e         00000002  lw       x14, -0x14(x8)
#136 0 8000018a     47a9 r 0f         0000000a  c.li     x15, 0xa
#137 0 8000018c fae7d7e3 r 00         00000000  bge      x15, x14, . - 0x52
#138 0 8000013a fec42783 r 0f         00000002  lw       x15, -0x14(x8)
#139 0 8000013e     078a r 0f         00000008  c.slli   x15, 2
#140 0 80000140     17c1 r 0f         fffffff8  c.addi   x15, -0x10
#141 0 80000142     97a2 r 0f         f0041048  c.add    x15, x8
#142 0 80000144 fcc7a703 r 0e         00000003  lw       x14, -0x34(x15)
#143 0 80000148 fec42783 r 0f         00000002  lw       x15, -0x14(x8)
#144 0 8000014c     078a r 0f         00000008  c.slli   x15, 2
#145 0 8000014e     17c1 r 0f         fffffff8  c.addi   x15, -0x10
#146 0 80000150     97a2 r 0f         f0041048  c.add    x15, x8
#147 0 80000152 fa47a783 r 0f         00000003  lw       x15, -0x5c(x15)
#148 0 80000156     97ba r 0f         00000006  c.add    x15, x14
#149 0 80000158 fef42223 m f0041034   00000006  sw       x15, -0x1c(x8)
#150 0 8000015c fec42783 r 0f         00000002  lw       x15, -0x14(x8)
#151 0 80000160     078a r 0f         00000008  c.slli   x15, 2
#152 0 80000162     17c1 r 0f         fffffff8  c.addi   x15, -0x10
#153 0 80000164     97a2 r 0f         f0041048  c.add    x15, x8
#154 0 80000166 f7c7a783 r 0f         00000006  lw       x15, -0x84(x15)
#155 0 8000016a fe442703 r 0e         00000006  lw       x14, -0x1c(x8)
#156 0 8000016e 00f71763 r 00         00000000  bne      x14, x15, . + 0xe
#157 0 80000172 fe842783 r 0f         00000002  lw       x15, -0x18(x8)
#158 0 80000176     0785 r 0f         00000003  c.addi   x15, 0x1
#159 0 80000178 fef42423 m f0041038   00000003  sw       x15, -0x18(x8)
#160 0 8000017c fec42783 r 0f         00000002  lw       x15, -0x14(x8)
#161 0 80000180     0785 r 0f         00000003  c.addi   x15, 0x1
#162 0 80000182 fef42623 m f004103c   00000003  sw       x15, -0x14(x8)
#163 0 80000186 fec42703 r 0e         00000003  lw       x14, -0x14(x8)
#164 0 8000018a     47a9 r 0f         0000000a  c.li     x15, 0xa
#165 0 8000018c fae7d7e3 r 00         00000000  bge      x15, x14, . - 0x52
#166 0 8000013a fec42783 r 0f         00000003  lw       x15, -0x14(x8)
#167 0 8000013e     078a r 0f         0000000c  c.slli   x15, 2
#168 0 80000140     17c1 r 0f         fffffffc  c.addi   x15, -0x10
#169 0 80000142     97a2 r 0f         f004104c  c.add    x15, x8
#170 0 80000144 fcc7a703 r 0e         00000004  lw       x14, -0x34(x15)
#171 0 80000148 fec42783 r 0f         00000003  lw       x15, -0x14(x8)
#172 0 8000014c     078a r 0f         0000000c  c.slli   x15, 2
#173 0 8000014e     17c1 r 0f         fffffffc  c.addi   x15, -0x10
#174 0 80000150     97a2 r 0f         f004104c  c.add    x15, x8
#175 0 80000152 fa47a783 r 0f         00000004  lw       x15, -0x5c(x15)
#176 0 80000156     97ba r 0f         00000008  c.add    x15, x14
#177 0 80000158 fef42223 m f0041034   00000008  sw       x15, -0x1c(x8)
#178 0 8000015c fec42783 r 0f         00000003  lw       x15, -0x14(x8)
#179 0 80000160     078a r 0f         0000000c  c.slli   x15, 2
#180 0 80000162     17c1 r 0f         fffffffc  c.addi   x15, -0x10
#181 0 80000164     97a2 r 0f         f004104c  c.add    x15, x8
#182 0 80000166 f7c7a783 r 0f         00000008  lw       x15, -0x84(x15)
#183 0 8000016a fe442703 r 0e         00000008  lw       x14, -0x1c(x8)
#184 0 8000016e 00f71763 r 00         00000000  bne      x14, x15, . + 0xe
#185 0 80000172 fe842783 r 0f         00000003  lw       x15, -0x18(x8)
#186 0 80000176     0785 r 0f         00000004  c.addi   x15, 0x1
#187 0 80000178 fef42423 m f0041038   00000004  sw       x15, -0x18(x8)
#188 0 8000017c fec42783 r 0f         00000003  lw       x15, -0x14(x8)
#189 0 80000180     0785 r 0f         00000004  c.addi   x15, 0x1
#190 0 80000182 fef42623 m f004103c   00000004  sw       x15, -0x14(x8)
#191 0 80000186 fec42703 r 0e         00000004  lw       x14, -0x14(x8)
#192 0 8000018a     47a9 r 0f         0000000a  c.li     x15, 0xa
#193 0 8000018c fae7d7e3 r 00         00000000  bge      x15, x14, . - 0x52
#194 0 8000013a fec42783 r 0f         00000004  lw       x15, -0x14(x8)
#195 0 8000013e     078a r 0f         00000010  c.slli   x15, 2
#196 0 80000140     17c1 r 0f         00000000  c.addi   x15, -0x10
#197 0 80000142     97a2 r 0f         f0041050  c.add    x15, x8
#198 0 80000144 fcc7a703 r 0e         00000005  lw       x14, -0x34(x15)
#199 0 80000148 fec42783 r 0f         00000004  lw       x15, -0x14(x8)
#200 0 8000014c     078a r 0f         00000010  c.slli   x15, 2
#201 0 8000014e     17c1 r 0f         00000000  c.addi   x15, -0x10
#202 0 80000150     97a2 r 0f         f0041050  c.add    x15, x8
#203 0 80000152 fa47a783 r 0f         00000005  lw       x15, -0x5c(x15)
#204 0 80000156     97ba r 0f         0000000a  c.add    x15, x14
#205 0 80000158 fef42223 m f0041034   0000000a  sw       x15, -0x1c(x8)
#206 0 8000015c fec42783 r 0f         00000004  lw       x15, -0x14(x8)
#207 0 80000160     078a r 0f         00000010  c.slli   x15, 2
#208 0 80000162     17c1 r 0f         00000000  c.addi   x15, -0x10
#209 0 80000164     97a2 r 0f         f0041050  c.add    x15, x8
#210 0 80000166 f7c7a783 r 0f         0000000a  lw       x15, -0x84(x15)
#211 0 8000016a fe442703 r 0e         0000000a  lw       x14, -0x1c(x8)
#212 0 8000016e 00f71763 r 00         00000000  bne      x14, x15, . + 0xe
#213 0 80000172 fe842783 r 0f         00000004  lw       x15, -0x18(x8)
#214 0 80000176     0785 r 0f         00000005  c.addi   x15, 0x1
#215 0 80000178 fef42423 m f0041038   00000005  sw       x15, -0x18(x8)
#216 0 8000017c fec42783 r 0f         00000004  lw       x15, -0x14(x8)
#217 0 80000180     0785 r 0f         00000005  c.addi   x15, 0x1
#218 0 80000182 fef42623 m f004103c   00000005  sw       x15, -0x14(x8)
#219 0 80000186 fec42703 r 0e         00000005  lw       x14, -0x14(x8)
#220 0 8000018a     47a9 r 0f         0000000a  c.li     x15, 0xa
#221 0 8000018c fae7d7e3 r 00         00000000  bge      x15, x14, . - 0x52
#222 0 8000013a fec42783 r 0f         00000005  lw       x15, -0x14(x8)
#223 0 8000013e     078a r 0f         00000014  c.slli   x15, 2
#224 0 80000140     17c1 r 0f         00000004  c.addi   x15, -0x10
#225 0 80000142     97a2 r 0f         f0041054  c.add    x15, x8
#226 0 80000144 fcc7a703 r 0e         00000006  lw       x14, -0x34(x15)
#227 0 80000148 fec42783 r 0f         00000005  lw       x15, -0x14(x8)
#228 0 8000014c     078a r 0f         00000014  c.slli   x15, 2
#229 0 8000014e     17c1 r 0f         00000004  c.addi   x15, -0x10
#230 0 80000150     97a2 r 0f         f0041054  c.add    x15, x8
#231 0 80000152 fa47a783 r 0f         00000006  lw       x15, -0x5c(x15)
#232 0 80000156     97ba r 0f         0000000c  c.add    x15, x14
#233 0 80000158 fef42223 m f0041034   0000000c  sw       x15, -0x1c(x8)
#234 0 8000015c fec42783 r 0f         00000005  lw       x15, -0x14(x8)
#235 0 80000160     078a r 0f         00000014  c.slli   x15, 2
#236 0 80000162     17c1 r 0f         00000004  c.addi   x15, -0x10
#237 0 80000164     97a2 r 0f         f0041054  c.add    x15, x8
#238 0 80000166 f7c7a783 r 0f         0000000c  lw       x15, -0x84(x15)
#239 0 8000016a fe442703 r 0e         0000000c  lw       x14, -0x1c(x8)
#240 0 8000016e 00f71763 r 00         00000000  bne      x14, x15, . + 0xe
#241 0 80000172 fe842783 r 0f         00000005  lw       x15, -0x18(x8)
#242 0 80000176     0785 r 0f         00000006  c.addi   x15, 0x1
#243 0 80000178 fef42423 m f0041038   00000006  sw       x15, -0x18(x8)
#244 0 8000017c fec42783 r 0f         00000005  lw       x15, -0x14(x8)
#245 0 80000180     0785 r 0f         00000006  c.addi   x15, 0x1
#246 0 80000182 fef42623 m f004103c   00000006  sw       x15, -0x14(x8)
#247 0 80000186 fec42703 r 0e         00000006  lw       x14, -0x14(x8)
#248 0 8000018a     47a9 r 0f         0000000a  c.li     x15, 0xa
#249 0 8000018c fae7d7e3 r 00         00000000  bge      x15, x14, . - 0x52
#250 0 8000013a fec42783 r 0f         00000006  lw       x15, -0x14(x8)
#251 0 8000013e     078a r 0f         00000018  c.slli   x15, 2
#252 0 80000140     17c1 r 0f         00000008  c.addi   x15, -0x10
#253 0 80000142     97a2 r 0f         f0041058  c.add    x15, x8
#254 0 80000144 fcc7a703 r 0e         00000007  lw       x14, -0x34(x15)
#255 0 80000148 fec42783 r 0f         00000006  lw       x15, -0x14(x8)
#256 0 8000014c     078a r 0f         00000018  c.slli   x15, 2
#257 0 8000014e     17c1 r 0f         00000008  c.addi   x15, -0x10
#258 0 80000150     97a2 r 0f         f0041058  c.add    x15, x8
#259 0 80000152 fa47a783 r 0f         00000007  lw       x15, -0x5c(x15)
#260 0 80000156     97ba r 0f         0000000e  c.add    x15, x14
#261 0 80000158 fef42223 m f0041034   0000000e  sw       x15, -0x1c(x8)
#262 0 8000015c fec42783 r 0f         00000006  lw       x15, -0x14(x8)
#263 0 80000160     078a r 0f         00000018  c.slli   x15, 2
#264 0 80000162     17c1 r 0f         00000008  c.addi   x15, -0x10
#265 0 80000164     97a2 r 0f         f0041058  c.add    x15, x8
#266 0 80000166 f7c7a783 r 0f         0000000e  lw       x15, -0x84(x15)
#267 0 8000016a fe442703 r 0e         0000000e  lw       x14, -0x1c(x8)
#268 0 8000016e 00f71763 r 00         00000000  bne      x14, x15, . + 0xe
#269 0 80000172 fe842783 r 0f         00000006  lw       x15, -0x18(x8)
#270 0 80000176     0785 r 0f         00000007  c.addi   x15, 0x1
#271 0 80000178 fef42423 m f0041038   00000007  sw       x15, -0x18(x8)
#272 0 8000017c fec42783 r 0f         00000006  lw       x15, -0x14(x8)
#273 0 80000180     0785 r 0f         00000007  c.addi   x15, 0x1
#274 0 80000182 fef42623 m f004103c   00000007  sw       x15, -0x14(x8)
#275 0 80000186 fec42703 r 0e         00000007  lw       x14, -0x14(x8)
#276 0 8000018a     47a9 r 0f         0000000a  c.li     x15, 0xa
#277 0 8000018c fae7d7e3 r 00         00000000  bge      x15, x14, . - 0x52
#278 0 8000013a fec42783 r 0f         00000007  lw       x15, -0x14(x8)
#279 0 8000013e     078a r 0f         0000001c  c.slli   x15, 2
#280 0 80000140     17c1 r 0f         0000000c  c.addi   x15, -0x10
#281 0 80000142     97a2 r 0f         f004105c  c.add    x15, x8
#282 0 80000144 fcc7a703 r 0e         00000008  lw       x14, -0x34(x15)
#283 0 80000148 fec42783 r 0f         00000007  lw       x15, -0x14(x8)
#284 0 8000014c     078a r 0f         0000001c  c.slli   x15, 2
#285 0 8000014e     17c1 r 0f         0000000c  c.addi   x15, -0x10
#286 0 80000150     97a2 r 0f         f004105c  c.add    x15, x8
#287 0 80000152 fa47a783 r 0f         00000008  lw       x15, -0x5c(x15)
#288 0 80000156     97ba r 0f         00000010  c.add    x15, x14
#289 0 80000158 fef42223 m f0041034   00000010  sw       x15, -0x1c(x8)
#290 0 8000015c fec42783 r 0f         00000007  lw       x15, -0x14(x8)
#291 0 80000160     078a r 0f         0000001c  c.slli   x15, 2
#292 0 80000162     17c1 r 0f         0000000c  c.addi   x15, -0x10
#293 0 80000164     97a2 r 0f         f004105c  c.add    x15, x8
#294 0 80000166 f7c7a783 r 0f         00000010  lw       x15, -0x84(x15)
#295 0 8000016a fe442703 r 0e         00000010  lw       x14, -0x1c(x8)
#296 0 8000016e 00f71763 r 00         00000000  bne      x14, x15, . + 0xe
#297 0 80000172 fe842783 r 0f         00000007  lw       x15, -0x18(x8)
#298 0 80000176     0785 r 0f         00000008  c.addi   x15, 0x1
#299 0 80000178 fef42423 m f0041038   00000008  sw       x15, -0x18(x8)
#300 0 8000017c fec42783 r 0f         00000007  lw       x15, -0x14(x8)
#301 0 80000180     0785 r 0f         00000008  c.addi   x15, 0x1
#302 0 80000182 fef42623 m f004103c   00000008  sw       x15, -0x14(x8)
#303 0 80000186 fec42703 r 0e         00000008  lw       x14, -0x14(x8)
#304 0 8000018a     47a9 r 0f         0000000a  c.li     x15, 0xa
#305 0 8000018c fae7d7e3 r 00         00000000  bge      x15, x14, . - 0x52
#306 0 8000013a fec42783 r 0f         00000008  lw       x15, -0x14(x8)
#307 0 8000013e     078a r 0f         00000020  c.slli   x15, 2
#308 0 80000140     17c1 r 0f         00000010  c.addi   x15, -0x10
#309 0 80000142     97a2 r 0f         f0041060  c.add    x15, x8
#310 0 80000144 fcc7a703 r 0e         00000009  lw       x14, -0x34(x15)
#311 0 80000148 fec42783 r 0f         00000008  lw       x15, -0x14(x8)
#312 0 8000014c     078a r 0f         00000020  c.slli   x15, 2
#313 0 8000014e     17c1 r 0f         00000010  c.addi   x15, -0x10
#314 0 80000150     97a2 r 0f         f0041060  c.add    x15, x8
#315 0 80000152 fa47a783 r 0f         00000009  lw       x15, -0x5c(x15)
#316 0 80000156     97ba r 0f         00000012  c.add    x15, x14
#317 0 80000158 fef42223 m f0041034   00000012  sw       x15, -0x1c(x8)
#318 0 8000015c fec42783 r 0f         00000008  lw       x15, -0x14(x8)
#319 0 80000160     078a r 0f         00000020  c.slli   x15, 2
#320 0 80000162     17c1 r 0f         00000010  c.addi   x15, -0x10
#321 0 80000164     97a2 r 0f         f0041060  c.add    x15, x8
#322 0 80000166 f7c7a783 r 0f         00000012  lw       x15, -0x84(x15)
#323 0 8000016a fe442703 r 0e         00000012  lw       x14, -0x1c(x8)
#324 0 8000016e 00f71763 r 00         00000000  bne      x14, x15, . + 0xe
#325 0 80000172 fe842783 r 0f         00000008  lw       x15, -0x18(x8)
#326 0 80000176     0785 r 0f         00000009  c.addi   x15, 0x1
#327 0 80000178 fef42423 m f0041038   00000009  sw       x15, -0x18(x8)
#328 0 8000017c fec42783 r 0f         00000008  lw       x15, -0x14(x8)
#329 0 80000180     0785 r 0f         00000009  c.addi   x15, 0x1
#330 0 80000182 fef42623 m f004103c   00000009  sw       x15, -0x14(x8)
#331 0 80000186 fec42703 r 0e         00000009  lw       x14, -0x14(x8)
#332 0 8000018a     47a9 r 0f         0000000a  c.li     x15, 0xa
#333 0 8000018c fae7d7e3 r 00         00000000  bge      x15, x14, . - 0x52
#334 0 8000013a fec42783 r 0f         00000009  lw       x15, -0x14(x8)
#335 0 8000013e     078a r 0f         00000024  c.slli   x15, 2
#336 0 80000140     17c1 r 0f         00000014  c.addi   x15, -0x10
#337 0 80000142     97a2 r 0f         f0041064  c.add    x15, x8
#338 0 80000144 fcc7a703 r 0e         0000000a  lw       x14, -0x34(x15)
#339 0 80000148 fec42783 r 0f         00000009  lw       x15, -0x14(x8)
#340 0 8000014c     078a r 0f         00000024  c.slli   x15, 2
#341 0 8000014e     17c1 r 0f         00000014  c.addi   x15, -0x10
#342 0 80000150     97a2 r 0f         f0041064  c.add    x15, x8
#343 0 80000152 fa47a783 r 0f         0000000a  lw       x15, -0x5c(x15)
#344 0 80000156     97ba r 0f         00000014  c.add    x15, x14
#345 0 80000158 fef42223 m f0041034   00000014  sw       x15, -0x1c(x8)
#346 0 8000015c fec42783 r 0f         00000009  lw       x15, -0x14(x8)
#347 0 80000160     078a r 0f         00000024  c.slli   x15, 2
#348 0 80000162     17c1 r 0f         00000014  c.addi   x15, -0x10
#349 0 80000164     97a2 r 0f         f0041064  c.add    x15, x8
#350 0 80000166 f7c7a783 r 0f         00000014  lw       x15, -0x84(x15)
#351 0 8000016a fe442703 r 0e         00000014  lw       x14, -0x1c(x8)
#352 0 8000016e 00f71763 r 00         00000000  bne      x14, x15, . + 0xe
#353 0 80000172 fe842783 r 0f         00000009  lw       x15, -0x18(x8)
#354 0 80000176     0785 r 0f         0000000a  c.addi   x15, 0x1
#355 0 80000178 fef42423 m f0041038   0000000a  sw       x15, -0x18(x8)
#356 0 8000017c fec42783 r 0f         00000009  lw       x15, -0x14(x8)
#357 0 80000180     0785 r 0f         0000000a  c.addi   x15, 0x1
#358 0 80000182 fef42623 m f004103c   0000000a  sw       x15, -0x14(x8)
#359 0 80000186 fec42703 r 0e         0000000a  lw       x14, -0x14(x8)
#360 0 8000018a     47a9 r 0f         0000000a  c.li     x15, 0xa
#361 0 8000018c fae7d7e3 r 00         00000000  bge      x15, x14, . - 0x52
#362 0 8000013a fec42783 r 0f         0000000a  lw       x15, -0x14(x8)
#363 0 8000013e     078a r 0f         00000028  c.slli   x15, 2
#364 0 80000140     17c1 r 0f         00000018  c.addi   x15, -0x10
#365 0 80000142     97a2 r 0f         f0041068  c.add    x15, x8
#366 0 80000144 fcc7a703 r 0e         00000014  lw       x14, -0x34(x15)
#367 0 80000148 fec42783 r 0f         0000000a  lw       x15, -0x14(x8)
#368 0 8000014c     078a r 0f         00000028  c.slli   x15, 2
#369 0 8000014e     17c1 r 0f         00000018  c.addi   x15, -0x10
#370 0 80000150     97a2 r 0f         f0041068  c.add    x15, x8
#371 0 80000152 fa47a783 r 0f         00000001  lw       x15, -0x5c(x15)
#372 0 80000156     97ba r 0f         00000015  c.add    x15, x14
#373 0 80000158 fef42223 m f0041034   00000015  sw       x15, -0x1c(x8)
#374 0 8000015c fec42783 r 0f         0000000a  lw       x15, -0x14(x8)
#375 0 80000160     078a r 0f         00000028  c.slli   x15, 2
#376 0 80000162     17c1 r 0f         00000018  c.addi   x15, -0x10
#377 0 80000164     97a2 r 0f         f0041068  c.add    x15, x8
#378 0 80000166 f7c7a783 r 0f         00000001  lw       x15, -0x84(x15)
#379 0 8000016a fe442703 r 0e         00000015  lw       x14, -0x1c(x8)
#380 0 8000016e 00f71763 r 00         00000000  bne      x14, x15, . + 0xe
#381 0 8000017c fec42783 r 0f         0000000a  lw       x15, -0x14(x8)
#382 0 80000180     0785 r 0f         0000000b  c.addi   x15, 0x1
#383 0 80000182 fef42623 m f004103c   0000000b  sw       x15, -0x14(x8)
#384 0 80000186 fec42703 r 0e         0000000b  lw       x14, -0x14(x8)
#385 0 8000018a     47a9 r 0f         0000000a  c.li     x15, 0xa
#386 0 8000018c fae7d7e3 r 00         00000000  bge      x15, x14, . - 0x52
#387 0 80000190     4781 r 0f         00000000  c.li     x15, 0x0
#388 0 80000192     853e r 0a         00000000  c.mv     x10, x15
#389 0 80000194     447a r 08         00000000  c.lwsp   x8, 0x9c
#390 0 80000196     610d r 02         f0041050  c.addi16sp 0xa
#391 0 80000198     8082 r 00         00000000  c.jr     x1
#392 0 80000018 50580297 r 05         d0580018  auipc    x5, 0x50580
#393 0 8000001c fe828293 r 05         d0580000  addi     x5, x5, -0x18
#394 0 80000020 0ff00313 r 06         000000ff  addi     x6, x0, 0xff
#395 0 80000024 00628023 m d0580000   000000ff  sb       x6, 0x0(x5)
