#1 0 80000000 595552b7 r 05         59555000  lui      x5, 0x59555
#2 0 80000004 55528293 r 05         59555555  addi     x5, x5, 0x555
#3 0 80000008 7c029073 c 07c0       59555555  csrrw    x0, mrac, x5
#4 0 8000000c 70041117 r 02         f004100c  auipc    x2, 0x70041
#5 0 80000010 0c410113 r 02         f00410d0  addi     x2, x2, 0xc4
#6 0 80000014 032000ef r 01         80000018  jal      x1, . + 0x32
#7 0 80000046     1101 r 02         f00410b0  c.addi   x2, -0x20
#8 0 80000048     ce06 m f00410cc   80000018  c.swsp   x1, 0x1c
#9 0 8000004a     cc22 m f00410c8   00000000  c.swsp   x8, 0x18
#10 0 8000004c     1000 r 08         f00410d0  c.addi4spn  x8, 0x8
#11 0 8000004e     2801 r 01         80000050  c.jal    . + 0x10
#12 0 8000005e     7155 r 02         f0040fe0  c.addi16sp -0xd
#13 0 80000060     c7a2 m f00410ac   f00410d0  c.swsp   x8, 0xcc
#14 0 80000062     0980 r 08         f00410b0  c.addi4spn  x8, 0x34
#15 0 80000064 fe042023 m f0041090   00000000  sw       x0, -0x20(x8)
#16 0 80000068     a0d9 r 00         00000000  c.j      . + 0xc6
#17 0 8000012e f00407b7 r 0f         f0040000  lui      x15, -0xffc0
#18 0 80000132 0647a783 r 0f         00000005  lw       x15, 0x64(x15)
#19 0 80000136 fe042703 r 0e         00000000  lw       x14, -0x20(x8)
#20 0 8000013a f2f748e3 r 00         00000000  blt      x14, x15, . - 0xd0
#21 0 8000006a fc042c23 m f0041088   00000000  sw       x0, -0x28(x8)
#22 0 8000006e     a05d r 00         00000000  c.j      . + 0xa6
#23 0 80000114 f00407b7 r 0f         f0040000  lui      x15, -0xffc0
#24 0 80000118 0647a783 r 0f         00000005  lw       x15, 0x64(x15)
#25 0 8000011c fd842703 r 0e         00000000  lw       x14, -0x28(x8)
#26 0 80000120 f4f748e3 r 00         00000000  blt      x14, x15, . - 0xb0
#27 0 80000070 f00407b7 r 0f         f0040000  lui      x15, -0xffc0
#28 0 80000074 00078693 r 0d         f0040000  addi     x13, x15, 0x0
#29 0 80000078 fe042703 r 0e         00000000  lw       x14, -0x20(x8)
#30 0 8000007c     87ba r 0f         00000000  c.mv     x15, x14
#31 0 8000007e     078a r 0f         00000000  c.slli   x15, 2
#32 0 80000080     97ba r 0f         00000000  c.add    x15, x14
#33 0 80000082 fd842703 r 0e         00000000  lw       x14, -0x28(x8)
#34 0 80000086     97ba r 0f         00000000  c.add    x15, x14
#35 0 80000088     078a r 0f         00000000  c.slli   x15, 2
#36 0 8000008a     97b6 r 0f         f0040000  c.add    x15, x13
#37 0 8000008c     439c r 0f         00000000  c.lw     x15, 0x0(x15)
#38 0 8000008e     e395 r 00         00000000  c.bnez   x15, . + 0x24
#39 0 80000090 fe042703 r 0e         00000000  lw       x14, -0x20(x8)
#40 0 80000094     87ba r 0f         00000000  c.mv     x15, x14
#41 0 80000096     078a r 0f         00000000  c.slli   x15, 2
#42 0 80000098     97ba r 0f         00000000  c.add    x15, x14
#43 0 8000009a fd842703 r 0e         00000000  lw       x14, -0x28(x8)
#44 0 8000009e     97ba r 0f         00000000  c.add    x15, x14
#45 0 800000a0     078a r 0f         00000000  c.slli   x15, 2
#46 0 800000a2     17c1 r 0f         fffffff0  c.addi   x15, -0x10
#47 0 800000a4     97a2 r 0f         f00410a0  c.add    x15, x8
#48 0 800000a6     6709 r 0e         00002000  c.lui    x14, 0x2
#49 0 800000a8 70f70713 r 0e         0000270f  addi     x14, x14, 0x70f
#50 0 800000ac f8e7a023 m f0041020   0000270f  sw       x14, -0x80(x15)
#51 0 800000b0     a82d r 00         00000000  c.j      . + 0x3a
#52 0 800000ea f00407b7 r 0f         f0040000  lui      x15, -0xffc0
#53 0 800000ee 06878693 r 0d         f0040068  addi     x13, x15, 0x68
#54 0 800000f2 fe042703 r 0e         00000000  lw       x14, -0x20(x8)
#55 0 800000f6     87ba r 0f         00000000  c.mv     x15, x14
#56 0 800000f8     078a r 0f         00000000  c.slli   x15, 2
#57 0 800000fa     97ba r 0f         00000000  c.add    x15, x14
#58 0 800000fc fd842703 r 0e         00000000  lw       x14, -0x28(x8)
#59 0 80000100     97ba r 0f         00000000  c.add    x15, x14
#60 0 80000102     078a r 0f         00000000  c.slli   x15, 2
#61 0 80000104     97b6 r 0f         f0040068  c.add    x15, x13
#62 0 80000106 0007a023 m f0040068   00000000  sw       x0, 0x0(x15)
#63 0 8000010a fd842783 r 0f         00000000  lw       x15, -0x28(x8)
#64 0 8000010e     0785 r 0f         00000001  c.addi   x15, 0x1
#65 0 80000110 fcf42c23 m f0041088   00000001  sw       x15, -0x28(x8)
#66 0 80000114 f00407b7 r 0f         f0040000  lui      x15, -0xffc0
#67 0 80000118 0647a783 r 0f         00000005  lw       x15, 0x64(x15)
#68 0 8000011c fd842703 r 0e         00000001  lw       x14, -0x28(x8)
#69 0 80000120 f4f748e3 r 00         00000000  blt      x14, x15, . - 0xb0
#70 0 80000070 f00407b7 r 0f         f0040000  lui      x15, -0xffc0
#71 0 80000074 00078693 r 0d         f0040000  addi     x13, x15, 0x0
#72 0 80000078 fe042703 r 0e         00000000  lw       x14, -0x20(x8)
#73 0 8000007c     87ba r 0f         00000000  c.mv     x15, x14
#74 0 8000007e     078a r 0f         00000000  c.slli   x15, 2
#75 0 80000080     97ba r 0f         00000000  c.add    x15, x14
#76 0 80000082 fd842703 r 0e         00000001  lw       x14, -0x28(x8)
#77 0 80000086     97ba r 0f         00000001  c.add    x15, x14
#78 0 80000088     078a r 0f         00000004  c.slli   x15, 2
#79 0 8000008a     97b6 r 0f         f0040004  c.add    x15, x13
#80 0 8000008c     439c r 0f         0000000a  c.lw     x15, 0x0(x15)
#81 0 8000008e     e395 r 00         00000000  c.bnez   x15, . + 0x24
#82 0 800000b2 f00407b7 r 0f         f0040000  lui      x15, -0xffc0
#83 0 800000b6 00078693 r 0d         f0040000  addi     x13, x15, 0x0
#84 0 800000ba fe042703 r 0e         00000000  lw       x14, -0x20(x8)
#85 0 800000be     87ba r 0f         00000000  c.mv     x15, x14
#86 0 800000c0     078a r 0f         00000000  c.slli   x15, 2
#87 0 800000c2     97ba r 0f         00000000  c.add    x15, x14
#88 0 800000c4 fd842703 r 0e         00000001  lw       x14, -0x28(x8)
#89 0 800000c8     97ba r 0f         00000001  c.add    x15, x14
#90 0 800000ca     078a r 0f         00000004  c.slli   x15, 2
#91 0 800000cc     97b6 r 0f         f0040004  c.add    x15, x13
#92 0 800000ce     4394 r 0d         0000000a  c.lw     x13, 0x0(x15)
#93 0 800000d0 fe042703 r 0e         00000000  lw       x14, -0x20(x8)
#94 0 800000d4     87ba r 0f         00000000  c.mv     x15, x14
#95 0 800000d6     078a r 0f         00000000  c.slli   x15, 2
#96 0 800000d8     97ba r 0f         00000000  c.add    x15, x14
#97 0 800000da fd842703 r 0e         00000001  lw       x14, -0x28(x8)
#98 0 800000de     97ba r 0f         00000001  c.add    x15, x14
#99 0 800000e0     078a r 0f         00000004  c.slli   x15, 2
#100 0 800000e2     17c1 r 0f         fffffff4  c.addi   x15, -0x10
#101 0 800000e4     97a2 r 0f         f00410a4  c.add    x15, x8
#102 0 800000e6 f8d7a023 m f0041024   0000000a  sw       x13, -0x80(x15)
#103 0 800000ea f00407b7 r 0f         f0040000  lui      x15, -0xffc0
#104 0 800000ee 06878693 r 0d         f0040068  addi     x13, x15, 0x68
#105 0 800000f2 fe042703 r 0e         00000000  lw       x14, -0x20(x8)
#106 0 800000f6     87ba r 0f         00000000  c.mv     x15, x14
#107 0 800000f8     078a r 0f         00000000  c.slli   x15, 2
#108 0 800000fa     97ba r 0f         00000000  c.add    x15, x14
#109 0 800000fc fd842703 r 0e         00000001  lw       x14, -0x28(x8)
#110 0 80000100     97ba r 0f         00000001  c.add    x15, x14
#111 0 80000102     078a r 0f         00000004  c.slli   x15, 2
#112 0 80000104     97b6 r 0f         f004006c  c.add    x15, x13
#113 0 80000106 0007a023 m f004006c   00000000  sw       x0, 0x0(x15)
#114 0 8000010a fd842783 r 0f         00000001  lw       x15, -0x28(x8)
#115 0 8000010e     0785 r 0f         00000002  c.addi   x15, 0x1
#116 0 80000110 fcf42c23 m f0041088   00000002  sw       x15, -0x28(x8)
#117 0 80000114 f00407b7 r 0f         f0040000  lui      x15, -0xffc0
#118 0 80000118 0647a783 r 0f         00000005  lw       x15, 0x64(x15)
#119 0 8000011c fd842703 r 0e         00000002  lw       x14, -0x28(x8)
#120 0 80000120 f4f748e3 r 00         00000000  blt      x14, x15, . - 0xb0
#121 0 80000070 f00407b7 r 0f         f0040000  lui      x15, -0xffc0
#122 0 80000074 00078693 r 0d         f0040000  addi     x13, x15, 0x0
#123 0 80000078 fe042703 r 0e         00000000  lw       x14, -0x20(x8)
#124 0 8000007c     87ba r 0f         00000000  c.mv     x15, x14
#125 0 8000007e     078a r 0f         00000000  c.slli   x15, 2
#126 0 80000080     97ba r 0f         00000000  c.add    x15, x14
#127 0 80000082 fd842703 r 0e         00000002  lw       x14, -0x28(x8)
#128 0 80000086     97ba r 0f         00000002  c.add    x15, x14
#129 0 80000088     078a r 0f         00000008  c.slli   x15, 2
#130 0 8000008a     97b6 r 0f         f0040008  c.add    x15, x13
#131 0 8000008c     439c r 0f         00000000  c.lw     x15, 0x0(x15)
#132 0 8000008e     e395 r 00         00000000  c.bnez   x15, . + 0x24
#133 0 80000090 fe042703 r 0e         00000000  lw       x14, -0x20(x8)
#134 0 80000094     87ba r 0f         00000000  c.mv     x15, x14
#135 0 80000096     078a r 0f         00000000  c.slli   x15, 2
#136 0 80000098     97ba r 0f         00000000  c.add    x15, x14
#137 0 8000009a fd842703 r 0e         00000002  lw       x14, -0x28(x8)
#138 0 8000009e     97ba r 0f         00000002  c.add    x15, x14
#139 0 800000a0     078a r 0f         00000008  c.slli   x15, 2
#140 0 800000a2     17c1 r 0f         fffffff8  c.addi   x15, -0x10
#141 0 800000a4     97a2 r 0f         f00410a8  c.add    x15, x8
#142 0 800000a6     6709 r 0e         00002000  c.lui    x14, 0x2
#143 0 800000a8 70f70713 r 0e         0000270f  addi     x14, x14, 0x70f
#144 0 800000ac f8e7a023 m f0041028   0000270f  sw       x14, -0x80(x15)
#145 0 800000b0     a82d r 00         00000000  c.j      . + 0x3a
#146 0 800000ea f00407b7 r 0f         f0040000  lui      x15, -0xffc0
#147 0 800000ee 06878693 r 0d         f0040068  addi     x13, x15, 0x68
#148 0 800000f2 fe042703 r 0e         00000000  lw       x14, -0x20(x8)
#149 0 800000f6     87ba r 0f         00000000  c.mv     x15, x14
#150 0 800000f8     078a r 0f         00000000  c.slli   x15, 2
#151 0 800000fa     97ba r 0f         00000000  c.add    x15, x14
#152 0 800000fc fd842703 r 0e         00000002  lw       x14, -0x28(x8)
#153 0 80000100     97ba r 0f         00000002  c.add    x15, x14
#154 0 80000102     078a r 0f         00000008  c.slli   x15, 2
#155 0 80000104     97b6 r 0f         f0040070  c.add    x15, x13
#156 0 80000106 0007a023 m f0040070   00000000  sw       x0, 0x0(x15)
#157 0 8000010a fd842783 r 0f         00000002  lw       x15, -0x28(x8)
#158 0 8000010e     0785 r 0f         00000003  c.addi   x15, 0x1
#159 0 80000110 fcf42c23 m f0041088   00000003  sw       x15, -0x28(x8)
#160 0 80000114 f00407b7 r 0f         f0040000  lui      x15, -0xffc0
#161 0 80000118 0647a783 r 0f         00000005  lw       x15, 0x64(x15)
#162 0 8000011c fd842703 r 0e         00000003  lw       x14, -0x28(x8)
#163 0 80000120 f4f748e3 r 00         00000000  blt      x14, x15, . - 0xb0
#164 0 80000070 f00407b7 r 0f         f0040000  lui      x15, -0xffc0
#165 0 80000074 00078693 r 0d         f0040000  addi     x13, x15, 0x0
#166 0 80000078 fe042703 r 0e         00000000  lw       x14, -0x20(x8)
#167 0 8000007c     87ba r 0f         00000000  c.mv     x15, x14
#168 0 8000007e     078a r 0f         00000000  c.slli   x15, 2
#169 0 80000080     97ba r 0f         00000000  c.add    x15, x14
#170 0 80000082 fd842703 r 0e         00000003  lw       x14, -0x28(x8)
#171 0 80000086     97ba r 0f         00000003  c.add    x15, x14
#172 0 80000088     078a r 0f         0000000c  c.slli   x15, 2
#173 0 8000008a     97b6 r 0f         f004000c  c.add    x15, x13
#174 0 8000008c     439c r 0f         0000001e  c.lw     x15, 0x0(x15)
#175 0 8000008e     e395 r 00         00000000  c.bnez   x15, . + 0x24
#176 0 800000b2 f00407b7 r 0f         f0040000  lui      x15, -0xffc0
#177 0 800000b6 00078693 r 0d         f0040000  addi     x13, x15, 0x0
#178 0 800000ba fe042703 r 0e         00000000  lw       x14, -0x20(x8)
#179 0 800000be     87ba r 0f         00000000  c.mv     x15, x14
#180 0 800000c0     078a r 0f         00000000  c.slli   x15, 2
#181 0 800000c2     97ba r 0f         00000000  c.add    x15, x14
#182 0 800000c4 fd842703 r 0e         00000003  lw       x14, -0x28(x8)
#183 0 800000c8     97ba r 0f         00000003  c.add    x15, x14
#184 0 800000ca     078a r 0f         0000000c  c.slli   x15, 2
#185 0 800000cc     97b6 r 0f         f004000c  c.add    x15, x13
#186 0 800000ce     4394 r 0d         0000001e  c.lw     x13, 0x0(x15)
#187 0 800000d0 fe042703 r 0e         00000000  lw       x14, -0x20(x8)
#188 0 800000d4     87ba r 0f         00000000  c.mv     x15, x14
#189 0 800000d6     078a r 0f         00000000  c.slli   x15, 2
#190 0 800000d8     97ba r 0f         00000000  c.add    x15, x14
#191 0 800000da fd842703 r 0e         00000003  lw       x14, -0x28(x8)
#192 0 800000de     97ba r 0f         00000003  c.add    x15, x14
#193 0 800000e0     078a r 0f         0000000c  c.slli   x15, 2
#194 0 800000e2     17c1 r 0f         fffffffc  c.addi   x15, -0x10
#195 0 800000e4     97a2 r 0f         f00410ac  c.add    x15, x8
#196 0 800000e6 f8d7a023 m f004102c   0000001e  sw       x13, -0x80(x15)
#197 0 800000ea f00407b7 r 0f         f0040000  lui      x15, -0xffc0
#198 0 800000ee 06878693 r 0d         f0040068  addi     x13, x15, 0x68
#199 0 800000f2 fe042703 r 0e         00000000  lw       x14, -0x20(x8)
#200 0 800000f6     87ba r 0f         00000000  c.mv     x15, x14
#201 0 800000f8     078a r 0f         00000000  c.slli   x15, 2
#202 0 800000fa     97ba r 0f         00000000  c.add    x15, x14
#203 0 800000fc fd842703 r 0e         00000003  lw       x14, -0x28(x8)
#204 0 80000100     97ba r 0f         00000003  c.add    x15, x14
#205 0 80000102     078a r 0f         0000000c  c.slli   x15, 2
#206 0 80000104     97b6 r 0f         f0040074  c.add    x15, x13
#207 0 80000106 0007a023 m f0040074   00000000  sw       x0, 0x0(x15)
#208 0 8000010a fd842783 r 0f         00000003  lw       x15, -0x28(x8)
#209 0 8000010e     0785 r 0f         00000004  c.addi   x15, 0x1
#210 0 80000110 fcf42c23 m f0041088   00000004  sw       x15, -0x28(x8)
#211 0 80000114 f00407b7 r 0f         f0040000  lui      x15, -0xffc0
#212 0 80000118 0647a783 r 0f         00000005  lw       x15, 0x64(x15)
#213 0 8000011c fd842703 r 0e         00000004  lw       x14, -0x28(x8)
#214 0 80000120 f4f748e3 r 00         00000000  blt      x14, x15, . - 0xb0
#215 0 80000070 f00407b7 r 0f         f0040000  lui      x15, -0xffc0
#216 0 80000074 00078693 r 0d         f0040000  addi     x13, x15, 0x0
#217 0 80000078 fe042703 r 0e         00000000  lw       x14, -0x20(x8)
#218 0 8000007c     87ba r 0f         00000000  c.mv     x15, x14
#219 0 8000007e     078a r 0f         00000000  c.slli   x15, 2
#220 0 80000080     97ba r 0f         00000000  c.add    x15, x14
#221 0 80000082 fd842703 r 0e         00000004  lw       x14, -0x28(x8)
#222 0 80000086     97ba r 0f         00000004  c.add    x15, x14
#223 0 80000088     078a r 0f         00000010  c.slli   x15, 2
#224 0 8000008a     97b6 r 0f         f0040010  c.add    x15, x13
#225 0 8000008c     439c r 0f         00000064  c.lw     x15, 0x0(x15)
#226 0 8000008e     e395 r 00         00000000  c.bnez   x15, . + 0x24
#227 0 800000b2 f00407b7 r 0f         f0040000  lui      x15, -0xffc0
#228 0 800000b6 00078693 r 0d         f0040000  addi     x13, x15, 0x0
#229 0 800000ba fe042703 r 0e         00000000  lw       x14, -0x20(x8)
#230 0 800000be     87ba r 0f         00000000  c.mv     x15, x14
#231 0 800000c0     078a r 0f         00000000  c.slli   x15, 2
#232 0 800000c2     97ba r 0f         00000000  c.add    x15, x14
#233 0 800000c4 fd842703 r 0e         00000004  lw       x14, -0x28(x8)
#234 0 800000c8     97ba r 0f         00000004  c.add    x15, x14
#235 0 800000ca     078a r 0f         00000010  c.slli   x15, 2
#236 0 800000cc     97b6 r 0f         f0040010  c.add    x15, x13
#237 0 800000ce     4394 r 0d         00000064  c.lw     x13, 0x0(x15)
#238 0 800000d0 fe042703 r 0e         00000000  lw       x14, -0x20(x8)
#239 0 800000d4     87ba r 0f         00000000  c.mv     x15, x14
#240 0 800000d6     078a r 0f         00000000  c.slli   x15, 2
#241 0 800000d8     97ba r 0f         00000000  c.add    x15, x14
#242 0 800000da fd842703 r 0e         00000004  lw       x14, -0x28(x8)
#243 0 800000de     97ba r 0f         00000004  c.add    x15, x14
#244 0 800000e0     078a r 0f         00000010  c.slli   x15, 2
#245 0 800000e2     17c1 r 0f         00000000  c.addi   x15, -0x10
#246 0 800000e4     97a2 r 0f         f00410b0  c.add    x15, x8
#247 0 800000e6 f8d7a023 m f0041030   00000064  sw       x13, -0x80(x15)
#248 0 800000ea f00407b7 r 0f         f0040000  lui      x15, -0xffc0
#249 0 800000ee 06878693 r 0d         f0040068  addi     x13, x15, 0x68
#250 0 800000f2 fe042703 r 0e         00000000  lw       x14, -0x20(x8)
#251 0 800000f6     87ba r 0f         00000000  c.mv     x15, x14
#252 0 800000f8     078a r 0f         00000000  c.slli   x15, 2
#253 0 800000fa     97ba r 0f         00000000  c.add    x15, x14
#254 0 800000fc fd842703 r 0e         00000004  lw       x14, -0x28(x8)
#255 0 80000100     97ba r 0f         00000004  c.add    x15, x14
#256 0 80000102     078a r 0f         00000010  c.slli   x15, 2
#257 0 80000104     97b6 r 0f         f0040078  c.add    x15, x13
#258 0 80000106 0007a023 m f0040078   00000000  sw       x0, 0x0(x15)
#259 0 8000010a fd842783 r 0f         00000004  lw       x15, -0x28(x8)
#260 0 8000010e     0785 r 0f         00000005  c.addi   x15, 0x1
#261 0 80000110 fcf42c23 m f0041088   00000005  sw       x15, -0x28(x8)
#262 0 80000114 f00407b7 r 0f         f0040000  lui      x15, -0xffc0
#263 0 80000118 0647a783 r 0f         00000005  lw       x15, 0x64(x15)
#264 0 8000011c fd842703 r 0e         00000005  lw       x14, -0x28(x8)
#265 0 80000120 f4f748e3 r 00         00000000  blt      x14, x15, . - 0xb0
#266 0 80000124 fe042783 r 0f         00000000  lw       x15, -0x20(x8)
#267 0 80000128     0785 r 0f         00000001  c.addi   x15, 0x1
#268 0 8000012a fef42023 m f0041090   00000001  sw       x15, -0x20(x8)
#269 0 8000012e f00407b7 r 0f         f0040000  lui      x15, -0xffc0
#270 0 80000132 0647a783 r 0f         00000005  lw       x15, 0x64(x15)
#271 0 80000136 fe042703 r 0e         00000001  lw       x14, -0x20(x8)
#272 0 8000013a f2f748e3 r 00         00000000  blt      x14, x15, . - 0xd0
#273 0 8000006a fc042c23 m f0041088   00000000  sw       x0, -0x28(x8)
#274 0 8000006e     a05d r 00         00000000  c.j      . + 0xa6
#275 0 80000114 f00407b7 r 0f         f0040000  lui      x15, -0xffc0
#276 0 80000118 0647a783 r 0f         00000005  lw       x15, 0x64(x15)
#277 0 8000011c fd842703 r 0e         00000000  lw       x14, -0x28(x8)
#278 0 80000120 f4f748e3 r 00         00000000  blt      x14, x15, . - 0xb0
#279 0 80000070 f00407b7 r 0f         f0040000  lui      x15, -0xffc0
#280 0 80000074 00078693 r 0d         f0040000  addi     x13, x15, 0x0
#281 0 80000078 fe042703 r 0e         00000001  lw       x14, -0x20(x8)
#282 0 8000007c     87ba r 0f         00000001  c.mv     x15, x14
#283 0 8000007e     078a r 0f         00000004  c.slli   x15, 2
#284 0 80000080     97ba r 0f         00000005  c.add    x15, x14
#285 0 80000082 fd842703 r 0e         00000000  lw       x14, -0x28(x8)
#286 0 80000086     97ba r 0f         00000005  c.add    x15, x14
#287 0 80000088     078a r 0f         00000014  c.slli   x15, 2
#288 0 8000008a     97b6 r 0f         f0040014  c.add    x15, x13
#289 0 8000008c     439c r 0f         0000000a  c.lw     x15, 0x0(x15)
#290 0 8000008e     e395 r 00         00000000  c.bnez   x15, . + 0x24
#291 0 800000b2 f00407b7 r 0f         f0040000  lui      x15, -0xffc0
#292 0 800000b6 00078693 r 0d         f0040000  addi     x13, x15, 0x0
#293 0 800000ba fe042703 r 0e         00000001  lw       x14, -0x20(x8)
#294 0 800000be     87ba r 0f         00000001  c.mv     x15, x14
#295 0 800000c0     078a r 0f         00000004  c.slli   x15, 2
#296 0 800000c2     97ba r 0f         00000005  c.add    x15, x14
#297 0 800000c4 fd842703 r 0e         00000000  lw       x14, -0x28(x8)
#298 0 800000c8     97ba r 0f         00000005  c.add    x15, x14
#299 0 800000ca     078a r 0f         00000014  c.slli   x15, 2
#300 0 800000cc     97b6 r 0f         f0040014  c.add    x15, x13
#301 0 800000ce     4394 r 0d         0000000a  c.lw     x13, 0x0(x15)
#302 0 800000d0 fe042703 r 0e         00000001  lw       x14, -0x20(x8)
#303 0 800000d4     87ba r 0f         00000001  c.mv     x15, x14
#304 0 800000d6     078a r 0f         00000004  c.slli   x15, 2
#305 0 800000d8     97ba r 0f         00000005  c.add    x15, x14
#306 0 800000da fd842703 r 0e         00000000  lw       x14, -0x28(x8)
#307 0 800000de     97ba r 0f         00000005  c.add    x15, x14
#308 0 800000e0     078a r 0f         00000014  c.slli   x15, 2
#309 0 800000e2     17c1 r 0f         00000004  c.addi   x15, -0x10
#310 0 800000e4     97a2 r 0f         f00410b4  c.add    x15, x8
#311 0 800000e6 f8d7a023 m f0041034   0000000a  sw       x13, -0x80(x15)
#312 0 800000ea f00407b7 r 0f         f0040000  lui      x15, -0xffc0
#313 0 800000ee 06878693 r 0d         f0040068  addi     x13, x15, 0x68
#314 0 800000f2 fe042703 r 0e         00000001  lw       x14, -0x20(x8)
#315 0 800000f6     87ba r 0f         00000001  c.mv     x15, x14
#316 0 800000f8     078a r 0f         00000004  c.slli   x15, 2
#317 0 800000fa     97ba r 0f         00000005  c.add    x15, x14
#318 0 800000fc fd842703 r 0e         00000000  lw       x14, -0x28(x8)
#319 0 80000100     97ba r 0f         00000005  c.add    x15, x14
#320 0 80000102     078a r 0f         00000014  c.slli   x15, 2
#321 0 80000104     97b6 r 0f         f004007c  c.add    x15, x13
#322 0 80000106 0007a023 m f004007c   00000000  sw       x0, 0x0(x15)
#323 0 8000010a fd842783 r 0f         00000000  lw       x15, -0x28(x8)
#324 0 8000010e     0785 r 0f         00000001  c.addi   x15, 0x1
#325 0 80000110 fcf42c23 m f0041088   00000001  sw       x15, -0x28(x8)
#326 0 80000114 f00407b7 r 0f         f0040000  lui      x15, -0xffc0
#327 0 80000118 0647a783 r 0f         00000005  lw       x15, 0x64(x15)
#328 0 8000011c fd842703 r 0e         00000001  lw       x14, -0x28(x8)
#329 0 80000120 f4f748e3 r 00         00000000  blt      x14, x15, . - 0xb0
#330 0 80000070 f00407b7 r 0f         f0040000  lui      x15, -0xffc0
#331 0 80000074 00078693 r 0d         f0040000  addi     x13, x15, 0x0
#332 0 80000078 fe042703 r 0e         00000001  lw       x14, -0x20(x8)
#333 0 8000007c     87ba r 0f         00000001  c.mv     x15, x14
#334 0 8000007e     078a r 0f         00000004  c.slli   x15, 2
#335 0 80000080     97ba r 0f         00000005  c.add    x15, x14
#336 0 80000082 fd842703 r 0e         00000001  lw       x14, -0x28(x8)
#337 0 80000086     97ba r 0f         00000006  c.add    x15, x14
#338 0 80000088     078a r 0f         00000018  c.slli   x15, 2
#339 0 8000008a     97b6 r 0f         f0040018  c.add    x15, x13
#340 0 8000008c     439c r 0f         00000000  c.lw     x15, 0x0(x15)
#341 0 8000008e     e395 r 00         00000000  c.bnez   x15, . + 0x24
#342 0 80000090 fe042703 r 0e         00000001  lw       x14, -0x20(x8)
#343 0 80000094     87ba r 0f         00000001  c.mv     x15, x14
#344 0 80000096     078a r 0f         00000004  c.slli   x15, 2
#345 0 80000098     97ba r 0f         00000005  c.add    x15, x14
#346 0 8000009a fd842703 r 0e         00000001  lw       x14, -0x28(x8)
#347 0 8000009e     97ba r 0f         00000006  c.add    x15, x14
#348 0 800000a0     078a r 0f         00000018  c.slli   x15, 2
#349 0 800000a2     17c1 r 0f         00000008  c.addi   x15, -0x10
#350 0 800000a4     97a2 r 0f         f00410b8  c.add    x15, x8
#351 0 800000a6     6709 r 0e         00002000  c.lui    x14, 0x2
#352 0 800000a8 70f70713 r 0e         0000270f  addi     x14, x14, 0x70f
#353 0 800000ac f8e7a023 m f0041038   0000270f  sw       x14, -0x80(x15)
#354 0 800000b0     a82d r 00         00000000  c.j      . + 0x3a
#355 0 800000ea f00407b7 r 0f         f0040000  lui      x15, -0xffc0
#356 0 800000ee 06878693 r 0d         f0040068  addi     x13, x15, 0x68
#357 0 800000f2 fe042703 r 0e         00000001  lw       x14, -0x20(x8)
#358 0 800000f6     87ba r 0f         00000001  c.mv     x15, x14
#359 0 800000f8     078a r 0f         00000004  c.slli   x15, 2
#360 0 800000fa     97ba r 0f         00000005  c.add    x15, x14
#361 0 800000fc fd842703 r 0e         00000001  lw       x14, -0x28(x8)
#362 0 80000100     97ba r 0f         00000006  c.add    x15, x14
#363 0 80000102     078a r 0f         00000018  c.slli   x15, 2
#364 0 80000104     97b6 r 0f         f0040080  c.add    x15, x13
#365 0 80000106 0007a023 m f0040080   00000000  sw       x0, 0x0(x15)
#366 0 8000010a fd842783 r 0f         00000001  lw       x15, -0x28(x8)
#367 0 8000010e     0785 r 0f         00000002  c.addi   x15, 0x1
#368 0 80000110 fcf42c23 m f0041088   00000002  sw       x15, -0x28(x8)
#369 0 80000114 f00407b7 r 0f         f0040000  lui      x15, -0xffc0
#370 0 80000118 0647a783 r 0f         00000005  lw       x15, 0x64(x15)
#371 0 8000011c fd842703 r 0e         00000002  lw       x14, -0x28(x8)
#372 0 80000120 f4f748e3 r 00         00000000  blt      x14, x15, . - 0xb0
#373 0 80000070 f00407b7 r 0f         f0040000  lui      x15, -0xffc0
#374 0 80000074 00078693 r 0d         f0040000  addi     x13, x15, 0x0
#375 0 80000078 fe042703 r 0e         00000001  lw       x14, -0x20(x8)
#376 0 8000007c     87ba r 0f         00000001  c.mv     x15, x14
#377 0 8000007e     078a r 0f         00000004  c.slli   x15, 2
#378 0 80000080     97ba r 0f         00000005  c.add    x15, x14
#379 0 80000082 fd842703 r 0e         00000002  lw       x14, -0x28(x8)
#380 0 80000086     97ba r 0f         00000007  c.add    x15, x14
#381 0 80000088     078a r 0f         0000001c  c.slli   x15, 2
#382 0 8000008a     97b6 r 0f         f004001c  c.add    x15, x13
#383 0 8000008c     439c r 0f         00000032  c.lw     x15, 0x0(x15)
#384 0 8000008e     e395 r 00         00000000  c.bnez   x15, . + 0x24
#385 0 800000b2 f00407b7 r 0f         f0040000  lui      x15, -0xffc0
#386 0 800000b6 00078693 r 0d         f0040000  addi     x13, x15, 0x0
#387 0 800000ba fe042703 r 0e         00000001  lw       x14, -0x20(x8)
#388 0 800000be     87ba r 0f         00000001  c.mv     x15, x14
#389 0 800000c0     078a r 0f         00000004  c.slli   x15, 2
#390 0 800000c2     97ba r 0f         00000005  c.add    x15, x14
#391 0 800000c4 fd842703 r 0e         00000002  lw       x14, -0x28(x8)
#392 0 800000c8     97ba r 0f         00000007  c.add    x15, x14
#393 0 800000ca     078a r 0f         0000001c  c.slli   x15, 2
#394 0 800000cc     97b6 r 0f         f004001c  c.add    x15, x13
#395 0 800000ce     4394 r 0d         00000032  c.lw     x13, 0x0(x15)
#396 0 800000d0 fe042703 r 0e         00000001  lw       x14, -0x20(x8)
#397 0 800000d4     87ba r 0f         00000001  c.mv     x15, x14
#398 0 800000d6     078a r 0f         00000004  c.slli   x15, 2
#399 0 800000d8     97ba r 0f         00000005  c.add    x15, x14
#400 0 800000da fd842703 r 0e         00000002  lw       x14, -0x28(x8)
#401 0 800000de     97ba r 0f         00000007  c.add    x15, x14
#402 0 800000e0     078a r 0f         0000001c  c.slli   x15, 2
#403 0 800000e2     17c1 r 0f         0000000c  c.addi   x15, -0x10
#404 0 800000e4     97a2 r 0f         f00410bc  c.add    x15, x8
#405 0 800000e6 f8d7a023 m f004103c   00000032  sw       x13, -0x80(x15)
#406 0 800000ea f00407b7 r 0f         f0040000  lui      x15, -0xffc0
#407 0 800000ee 06878693 r 0d         f0040068  addi     x13, x15, 0x68
#408 0 800000f2 fe042703 r 0e         00000001  lw       x14, -0x20(x8)
#409 0 800000f6     87ba r 0f         00000001  c.mv     x15, x14
#410 0 800000f8     078a r 0f         00000004  c.slli   x15, 2
#411 0 800000fa     97ba r 0f         00000005  c.add    x15, x14
#412 0 800000fc fd842703 r 0e         00000002  lw       x14, -0x28(x8)
#413 0 80000100     97ba r 0f         00000007  c.add    x15, x14
#414 0 80000102     078a r 0f         0000001c  c.slli   x15, 2
#415 0 80000104     97b6 r 0f         f0040084  c.add    x15, x13
#416 0 80000106 0007a023 m f0040084   00000000  sw       x0, 0x0(x15)
#417 0 8000010a fd842783 r 0f         00000002  lw       x15, -0x28(x8)
#418 0 8000010e     0785 r 0f         00000003  c.addi   x15, 0x1
#419 0 80000110 fcf42c23 m f0041088   00000003  sw       x15, -0x28(x8)
#420 0 80000114 f00407b7 r 0f         f0040000  lui      x15, -0xffc0
#421 0 80000118 0647a783 r 0f         00000005  lw       x15, 0x64(x15)
#422 0 8000011c fd842703 r 0e         00000003  lw       x14, -0x28(x8)
#423 0 80000120 f4f748e3 r 00         00000000  blt      x14, x15, . - 0xb0
#424 0 80000070 f00407b7 r 0f         f0040000  lui      x15, -0xffc0
#425 0 80000074 00078693 r 0d         f0040000  addi     x13, x15, 0x0
#426 0 80000078 fe042703 r 0e         00000001  lw       x14, -0x20(x8)
#427 0 8000007c     87ba r 0f         00000001  c.mv     x15, x14
#428 0 8000007e     078a r 0f         00000004  c.slli   x15, 2
#429 0 80000080     97ba r 0f         00000005  c.add    x15, x14
#430 0 80000082 fd842703 r 0e         00000003  lw       x14, -0x28(x8)
#431 0 80000086     97ba r 0f         00000008  c.add    x15, x14
#432 0 80000088     078a r 0f         00000020  c.slli   x15, 2
#433 0 8000008a     97b6 r 0f         f0040020  c.add    x15, x13
#434 0 8000008c     439c r 0f         00000000  c.lw     x15, 0x0(x15)
#435 0 8000008e     e395 r 00         00000000  c.bnez   x15, . + 0x24
#436 0 80000090 fe042703 r 0e         00000001  lw       x14, -0x20(x8)
#437 0 80000094     87ba r 0f         00000001  c.mv     x15, x14
#438 0 80000096     078a r 0f         00000004  c.slli   x15, 2
#439 0 80000098     97ba r 0f         00000005  c.add    x15, x14
#440 0 8000009a fd842703 r 0e         00000003  lw       x14, -0x28(x8)
#441 0 8000009e     97ba r 0f         00000008  c.add    x15, x14
#442 0 800000a0     078a r 0f         00000020  c.slli   x15, 2
#443 0 800000a2     17c1 r 0f         00000010  c.addi   x15, -0x10
#444 0 800000a4     97a2 r 0f         f00410c0  c.add    x15, x8
#445 0 800000a6     6709 r 0e         00002000  c.lui    x14, 0x2
#446 0 800000a8 70f70713 r 0e         0000270f  addi     x14, x14, 0x70f
#447 0 800000ac f8e7a023 m f0041040   0000270f  sw       x14, -0x80(x15)
#448 0 800000b0     a82d r 00         00000000  c.j      . + 0x3a
#449 0 800000ea f00407b7 r 0f         f0040000  lui      x15, -0xffc0
#450 0 800000ee 06878693 r 0d         f0040068  addi     x13, x15, 0x68
#451 0 800000f2 fe042703 r 0e         00000001  lw       x14, -0x20(x8)
#452 0 800000f6     87ba r 0f         00000001  c.mv     x15, x14
#453 0 800000f8     078a r 0f         00000004  c.slli   x15, 2
#454 0 800000fa     97ba r 0f         00000005  c.add    x15, x14
#455 0 800000fc fd842703 r 0e         00000003  lw       x14, -0x28(x8)
#456 0 80000100     97ba r 0f         00000008  c.add    x15, x14
#457 0 80000102     078a r 0f         00000020  c.slli   x15, 2
#458 0 80000104     97b6 r 0f         f0040088  c.add    x15, x13
#459 0 80000106 0007a023 m f0040088   00000000  sw       x0, 0x0(x15)
#460 0 8000010a fd842783 r 0f         00000003  lw       x15, -0x28(x8)
#461 0 8000010e     0785 r 0f         00000004  c.addi   x15, 0x1
#462 0 80000110 fcf42c23 m f0041088   00000004  sw       x15, -0x28(x8)
#463 0 80000114 f00407b7 r 0f         f0040000  lui      x15, -0xffc0
#464 0 80000118 0647a783 r 0f         00000005  lw       x15, 0x64(x15)
#465 0 8000011c fd842703 r 0e         00000004  lw       x14, -0x28(x8)
#466 0 80000120 f4f748e3 r 00         00000000  blt      x14, x15, . - 0xb0
#467 0 80000070 f00407b7 r 0f         f0040000  lui      x15, -0xffc0
#468 0 80000074 00078693 r 0d         f0040000  addi     x13, x15, 0x0
#469 0 80000078 fe042703 r 0e         00000001  lw       x14, -0x20(x8)
#470 0 8000007c     87ba r 0f         00000001  c.mv     x15, x14
#471 0 8000007e     078a r 0f         00000004  c.slli   x15, 2
#472 0 80000080     97ba r 0f         00000005  c.add    x15, x14
#473 0 80000082 fd842703 r 0e         00000004  lw       x14, -0x28(x8)
#474 0 80000086     97ba r 0f         00000009  c.add    x15, x14
#475 0 80000088     078a r 0f         00000024  c.slli   x15, 2
#476 0 8000008a     97b6 r 0f         f0040024  c.add    x15, x13
#477 0 8000008c     439c r 0f         00000000  c.lw     x15, 0x0(x15)
#478 0 8000008e     e395 r 00         00000000  c.bnez   x15, . + 0x24
#479 0 80000090 fe042703 r 0e         00000001  lw       x14, -0x20(x8)
#480 0 80000094     87ba r 0f         00000001  c.mv     x15, x14
#481 0 80000096     078a r 0f         00000004  c.slli   x15, 2
#482 0 80000098     97ba r 0f         00000005  c.add    x15, x14
#483 0 8000009a fd842703 r 0e         00000004  lw       x14, -0x28(x8)
#484 0 8000009e     97ba r 0f         00000009  c.add    x15, x14
#485 0 800000a0     078a r 0f         00000024  c.slli   x15, 2
#486 0 800000a2     17c1 r 0f         00000014  c.addi   x15, -0x10
#487 0 800000a4     97a2 r 0f         f00410c4  c.add    x15, x8
#488 0 800000a6     6709 r 0e         00002000  c.lui    x14, 0x2
#489 0 800000a8 70f70713 r 0e         0000270f  addi     x14, x14, 0x70f
#490 0 800000ac f8e7a023 m f0041044   0000270f  sw       x14, -0x80(x15)
#491 0 800000b0     a82d r 00         00000000  c.j      . + 0x3a
#492 0 800000ea f00407b7 r 0f         f0040000  lui      x15, -0xffc0
#493 0 800000ee 06878693 r 0d         f0040068  addi     x13, x15, 0x68
#494 0 800000f2 fe042703 r 0e         00000001  lw       x14, -0x20(x8)
#495 0 800000f6     87ba r 0f         00000001  c.mv     x15, x14
#496 0 800000f8     078a r 0f         00000004  c.slli   x15, 2
#497 0 800000fa     97ba r 0f         00000005  c.add    x15, x14
#498 0 800000fc fd842703 r 0e         00000004  lw       x14, -0x28(x8)
#499 0 80000100     97ba r 0f         00000009  c.add    x15, x14
#500 0 80000102     078a r 0f         00000024  c.slli   x15, 2
#501 0 80000104     97b6 r 0f         f004008c  c.add    x15, x13
#502 0 80000106 0007a023 m f004008c   00000000  sw       x0, 0x0(x15)
#503 0 8000010a fd842783 r 0f         00000004  lw       x15, -0x28(x8)
#504 0 8000010e     0785 r 0f         00000005  c.addi   x15, 0x1
#505 0 80000110 fcf42c23 m f0041088   00000005  sw       x15, -0x28(x8)
#506 0 80000114 f00407b7 r 0f         f0040000  lui      x15, -0xffc0
#507 0 80000118 0647a783 r 0f         00000005  lw       x15, 0x64(x15)
#508 0 8000011c fd842703 r 0e         00000005  lw       x14, -0x28(x8)
#509 0 80000120 f4f748e3 r 00         00000000  blt      x14, x15, . - 0xb0
#510 0 80000124 fe042783 r 0f         00000001  lw       x15, -0x20(x8)
#511 0 80000128     0785 r 0f         00000002  c.addi   x15, 0x1
#512 0 8000012a fef42023 m f0041090   00000002  sw       x15, -0x20(x8)
#513 0 8000012e f00407b7 r 0f         f0040000  lui      x15, -0xffc0
#514 0 80000132 0647a783 r 0f         00000005  lw       x15, 0x64(x15)
#515 0 80000136 fe042703 r 0e         00000002  lw       x14, -0x20(x8)
#516 0 8000013a f2f748e3 r 00         00000000  blt      x14, x15, . - 0xd0
#517 0 8000006a fc042c23 m f0041088   00000000  sw       x0, -0x28(x8)
#518 0 8000006e     a05d r 00         00000000  c.j      . + 0xa6
#519 0 80000114 f00407b7 r 0f         f0040000  lui      x15, -0xffc0
#520 0 80000118 0647a783 r 0f         00000005  lw       x15, 0x64(x15)
#521 0 8000011c fd842703 r 0e         00000000  lw       x14, -0x28(x8)
#522 0 80000120 f4f748e3 r 00         00000000  blt      x14, x15, . - 0xb0
#523 0 80000070 f00407b7 r 0f         f0040000  lui      x15, -0xffc0
#524 0 80000074 00078693 r 0d         f0040000  addi     x13, x15, 0x0
#525 0 80000078 fe042703 r 0e         00000002  lw       x14, -0x20(x8)
#526 0 8000007c     87ba r 0f         00000002  c.mv     x15, x14
#527 0 8000007e     078a r 0f         00000008  c.slli   x15, 2
#528 0 80000080     97ba r 0f         0000000a  c.add    x15, x14
#529 0 80000082 fd842703 r 0e         00000000  lw       x14, -0x28(x8)
#530 0 80000086     97ba r 0f         0000000a  c.add    x15, x14
#531 0 80000088     078a r 0f         00000028  c.slli   x15, 2
#532 0 8000008a     97b6 r 0f         f0040028  c.add    x15, x13
#533 0 8000008c     439c r 0f         00000000  c.lw     x15, 0x0(x15)
#534 0 8000008e     e395 r 00         00000000  c.bnez   x15, . + 0x24
#535 0 80000090 fe042703 r 0e         00000002  lw       x14, -0x20(x8)
#536 0 80000094     87ba r 0f         00000002  c.mv     x15, x14
#537 0 80000096     078a r 0f         00000008  c.slli   x15, 2
#538 0 80000098     97ba r 0f         0000000a  c.add    x15, x14
#539 0 8000009a fd842703 r 0e         00000000  lw       x14, -0x28(x8)
#540 0 8000009e     97ba r 0f         0000000a  c.add    x15, x14
#541 0 800000a0     078a r 0f         00000028  c.slli   x15, 2
#542 0 800000a2     17c1 r 0f         00000018  c.addi   x15, -0x10
#543 0 800000a4     97a2 r 0f         f00410c8  c.add    x15, x8
#544 0 800000a6     6709 r 0e         00002000  c.lui    x14, 0x2
#545 0 800000a8 70f70713 r 0e         0000270f  addi     x14, x14, 0x70f
#546 0 800000ac f8e7a023 m f0041048   0000270f  sw       x14, -0x80(x15)
#547 0 800000b0     a82d r 00         00000000  c.j      . + 0x3a
#548 0 800000ea f00407b7 r 0f         f0040000  lui      x15, -0xffc0
#549 0 800000ee 06878693 r 0d         f0040068  addi     x13, x15, 0x68
#550 0 800000f2 fe042703 r 0e         00000002  lw       x14, -0x20(x8)
#551 0 800000f6     87ba r 0f         00000002  c.mv     x15, x14
#552 0 800000f8     078a r 0f         00000008  c.slli   x15, 2
#553 0 800000fa     97ba r 0f         0000000a  c.add    x15, x14
#554 0 800000fc fd842703 r 0e         00000000  lw       x14, -0x28(x8)
#555 0 80000100     97ba r 0f         0000000a  c.add    x15, x14
#556 0 80000102     078a r 0f         00000028  c.slli   x15, 2
#557 0 80000104     97b6 r 0f         f0040090  c.add    x15, x13
#558 0 80000106 0007a023 m f0040090   00000000  sw       x0, 0x0(x15)
#559 0 8000010a fd842783 r 0f         00000000  lw       x15, -0x28(x8)
#560 0 8000010e     0785 r 0f         00000001  c.addi   x15, 0x1
#561 0 80000110 fcf42c23 m f0041088   00000001  sw       x15, -0x28(x8)
#562 0 80000114 f00407b7 r 0f         f0040000  lui      x15, -0xffc0
#563 0 80000118 0647a783 r 0f         00000005  lw       x15, 0x64(x15)
#564 0 8000011c fd842703 r 0e         00000001  lw       x14, -0x28(x8)
#565 0 80000120 f4f748e3 r 00         00000000  blt      x14, x15, . - 0xb0
#566 0 80000070 f00407b7 r 0f         f0040000  lui      x15, -0xffc0
#567 0 80000074 00078693 r 0d         f0040000  addi     x13, x15, 0x0
#568 0 80000078 fe042703 r 0e         00000002  lw       x14, -0x20(x8)
#569 0 8000007c     87ba r 0f         00000002  c.mv     x15, x14
#570 0 8000007e     078a r 0f         00000008  c.slli   x15, 2
#571 0 80000080     97ba r 0f         0000000a  c.add    x15, x14
#572 0 80000082 fd842703 r 0e         00000001  lw       x14, -0x28(x8)
#573 0 80000086     97ba r 0f         0000000b  c.add    x15, x14
#574 0 80000088     078a r 0f         0000002c  c.slli   x15, 2
#575 0 8000008a     97b6 r 0f         f004002c  c.add    x15, x13
#576 0 8000008c     439c r 0f         00000032  c.lw     x15, 0x0(x15)
#577 0 8000008e     e395 r 00         00000000  c.bnez   x15, . + 0x24
#578 0 800000b2 f00407b7 r 0f         f0040000  lui      x15, -0xffc0
#579 0 800000b6 00078693 r 0d         f0040000  addi     x13, x15, 0x0
#580 0 800000ba fe042703 r 0e         00000002  lw       x14, -0x20(x8)
#581 0 800000be     87ba r 0f         00000002  c.mv     x15, x14
#582 0 800000c0     078a r 0f         00000008  c.slli   x15, 2
#583 0 800000c2     97ba r 0f         0000000a  c.add    x15, x14
#584 0 800000c4 fd842703 r 0e         00000001  lw       x14, -0x28(x8)
#585 0 800000c8     97ba r 0f         0000000b  c.add    x15, x14
#586 0 800000ca     078a r 0f         0000002c  c.slli   x15, 2
#587 0 800000cc     97b6 r 0f         f004002c  c.add    x15, x13
#588 0 800000ce     4394 r 0d         00000032  c.lw     x13, 0x0(x15)
#589 0 800000d0 fe042703 r 0e         00000002  lw       x14, -0x20(x8)
#590 0 800000d4     87ba r 0f         00000002  c.mv     x15, x14
#591 0 800000d6     078a r 0f         00000008  c.slli   x15, 2
#592 0 800000d8     97ba r 0f         0000000a  c.add    x15, x14
#593 0 800000da fd842703 r 0e         00000001  lw       x14, -0x28(x8)
#594 0 800000de     97ba r 0f         0000000b  c.add    x15, x14
#595 0 800000e0     078a r 0f         0000002c  c.slli   x15, 2
#596 0 800000e2     17c1 r 0f         0000001c  c.addi   x15, -0x10
#597 0 800000e4     97a2 r 0f         f00410cc  c.add    x15, x8
#598 0 800000e6 f8d7a023 m f004104c   00000032  sw       x13, -0x80(x15)
#599 0 800000ea f00407b7 r 0f         f0040000  lui      x15, -0xffc0
#600 0 800000ee 06878693 r 0d         f0040068  addi     x13, x15, 0x68
#601 0 800000f2 fe042703 r 0e         00000002  lw       x14, -0x20(x8)
#602 0 800000f6     87ba r 0f         00000002  c.mv     x15, x14
#603 0 800000f8     078a r 0f         00000008  c.slli   x15, 2
#604 0 800000fa     97ba r 0f         0000000a  c.add    x15, x14
#605 0 800000fc fd842703 r 0e         00000001  lw       x14, -0x28(x8)
#606 0 80000100     97ba r 0f         0000000b  c.add    x15, x14
#607 0 80000102     078a r 0f         0000002c  c.slli   x15, 2
#608 0 80000104     97b6 r 0f         f0040094  c.add    x15, x13
#609 0 80000106 0007a023 m f0040094   00000000  sw       x0, 0x0(x15)
#610 0 8000010a fd842783 r 0f         00000001  lw       x15, -0x28(x8)
#611 0 8000010e     0785 r 0f         00000002  c.addi   x15, 0x1
#612 0 80000110 fcf42c23 m f0041088   00000002  sw       x15, -0x28(x8)
#613 0 80000114 f00407b7 r 0f         f0040000  lui      x15, -0xffc0
#614 0 80000118 0647a783 r 0f         00000005  lw       x15, 0x64(x15)
#615 0 8000011c fd842703 r 0e         00000002  lw       x14, -0x28(x8)
#616 0 80000120 f4f748e3 r 00         00000000  blt      x14, x15, . - 0xb0
#617 0 80000070 f00407b7 r 0f         f0040000  lui      x15, -0xffc0
#618 0 80000074 00078693 r 0d         f0040000  addi     x13, x15, 0x0
#619 0 80000078 fe042703 r 0e         00000002  lw       x14, -0x20(x8)
#620 0 8000007c     87ba r 0f         00000002  c.mv     x15, x14
#621 0 8000007e     078a r 0f         00000008  c.slli   x15, 2
#622 0 80000080     97ba r 0f         0000000a  c.add    x15, x14
#623 0 80000082 fd842703 r 0e         00000002  lw       x14, -0x28(x8)
#624 0 80000086     97ba r 0f         0000000c  c.add    x15, x14
#625 0 80000088     078a r 0f         00000030  c.slli   x15, 2
#626 0 8000008a     97b6 r 0f         f0040030  c.add    x15, x13
#627 0 8000008c     439c r 0f         00000000  c.lw     x15, 0x0(x15)
#628 0 8000008e     e395 r 00         00000000  c.bnez   x15, . + 0x24
#629 0 80000090 fe042703 r 0e         00000002  lw       x14, -0x20(x8)
#630 0 80000094     87ba r 0f         00000002  c.mv     x15, x14
#631 0 80000096     078a r 0f         00000008  c.slli   x15, 2
#632 0 80000098     97ba r 0f         0000000a  c.add    x15, x14
#633 0 8000009a fd842703 r 0e         00000002  lw       x14, -0x28(x8)
#634 0 8000009e     97ba r 0f         0000000c  c.add    x15, x14
#635 0 800000a0     078a r 0f         00000030  c.slli   x15, 2
#636 0 800000a2     17c1 r 0f         00000020  c.addi   x15, -0x10
#637 0 800000a4     97a2 r 0f         f00410d0  c.add    x15, x8
#638 0 800000a6     6709 r 0e         00002000  c.lui    x14, 0x2
#639 0 800000a8 70f70713 r 0e         0000270f  addi     x14, x14, 0x70f
#640 0 800000ac f8e7a023 m f0041050   0000270f  sw       x14, -0x80(x15)
#641 0 800000b0     a82d r 00         00000000  c.j      . + 0x3a
#642 0 800000ea f00407b7 r 0f         f0040000  lui      x15, -0xffc0
#643 0 800000ee 06878693 r 0d         f0040068  addi     x13, x15, 0x68
#644 0 800000f2 fe042703 r 0e         00000002  lw       x14, -0x20(x8)
#645 0 800000f6     87ba r 0f         00000002  c.mv     x15, x14
#646 0 800000f8     078a r 0f         00000008  c.slli   x15, 2
#647 0 800000fa     97ba r 0f         0000000a  c.add    x15, x14
#648 0 800000fc fd842703 r 0e         00000002  lw       x14, -0x28(x8)
#649 0 80000100     97ba r 0f         0000000c  c.add    x15, x14
#650 0 80000102     078a r 0f         00000030  c.slli   x15, 2
#651 0 80000104     97b6 r 0f         f0040098  c.add    x15, x13
#652 0 80000106 0007a023 m f0040098   00000000  sw       x0, 0x0(x15)
#653 0 8000010a fd842783 r 0f         00000002  lw       x15, -0x28(x8)
#654 0 8000010e     0785 r 0f         00000003  c.addi   x15, 0x1
#655 0 80000110 fcf42c23 m f0041088   00000003  sw       x15, -0x28(x8)
#656 0 80000114 f00407b7 r 0f         f0040000  lui      x15, -0xffc0
#657 0 80000118 0647a783 r 0f         00000005  lw       x15, 0x64(x15)
#658 0 8000011c fd842703 r 0e         00000003  lw       x14, -0x28(x8)
#659 0 80000120 f4f748e3 r 00         00000000  blt      x14, x15, . - 0xb0
#660 0 80000070 f00407b7 r 0f         f0040000  lui      x15, -0xffc0
#661 0 80000074 00078693 r 0d         f0040000  addi     x13, x15, 0x0
#662 0 80000078 fe042703 r 0e         00000002  lw       x14, -0x20(x8)
#663 0 8000007c     87ba r 0f         00000002  c.mv     x15, x14
#664 0 8000007e     078a r 0f         00000008  c.slli   x15, 2
#665 0 80000080     97ba r 0f         0000000a  c.add    x15, x14
#666 0 80000082 fd842703 r 0e         00000003  lw       x14, -0x28(x8)
#667 0 80000086     97ba r 0f         0000000d  c.add    x15, x14
#668 0 80000088     078a r 0f         00000034  c.slli   x15, 2
#669 0 8000008a     97b6 r 0f         f0040034  c.add    x15, x13
#670 0 8000008c     439c r 0f         00000014  c.lw     x15, 0x0(x15)
#671 0 8000008e     e395 r 00         00000000  c.bnez   x15, . + 0x24
#672 0 800000b2 f00407b7 r 0f         f0040000  lui      x15, -0xffc0
#673 0 800000b6 00078693 r 0d         f0040000  addi     x13, x15, 0x0
#674 0 800000ba fe042703 r 0e         00000002  lw       x14, -0x20(x8)
#675 0 800000be     87ba r 0f         00000002  c.mv     x15, x14
#676 0 800000c0     078a r 0f         00000008  c.slli   x15, 2
#677 0 800000c2     97ba r 0f         0000000a  c.add    x15, x14
#678 0 800000c4 fd842703 r 0e         00000003  lw       x14, -0x28(x8)
#679 0 800000c8     97ba r 0f         0000000d  c.add    x15, x14
#680 0 800000ca     078a r 0f         00000034  c.slli   x15, 2
#681 0 800000cc     97b6 r 0f         f0040034  c.add    x15, x13
#682 0 800000ce     4394 r 0d         00000014  c.lw     x13, 0x0(x15)
#683 0 800000d0 fe042703 r 0e         00000002  lw       x14, -0x20(x8)
#684 0 800000d4     87ba r 0f         00000002  c.mv     x15, x14
#685 0 800000d6     078a r 0f         00000008  c.slli   x15, 2
#686 0 800000d8     97ba r 0f         0000000a  c.add    x15, x14
#687 0 800000da fd842703 r 0e         00000003  lw       x14, -0x28(x8)
#688 0 800000de     97ba r 0f         0000000d  c.add    x15, x14
#689 0 800000e0     078a r 0f         00000034  c.slli   x15, 2
#690 0 800000e2     17c1 r 0f         00000024  c.addi   x15, -0x10
#691 0 800000e4     97a2 r 0f         f00410d4  c.add    x15, x8
#692 0 800000e6 f8d7a023 m f0041054   00000014  sw       x13, -0x80(x15)
#693 0 800000ea f00407b7 r 0f         f0040000  lui      x15, -0xffc0
#694 0 800000ee 06878693 r 0d         f0040068  addi     x13, x15, 0x68
#695 0 800000f2 fe042703 r 0e         00000002  lw       x14, -0x20(x8)
#696 0 800000f6     87ba r 0f         00000002  c.mv     x15, x14
#697 0 800000f8     078a r 0f         00000008  c.slli   x15, 2
#698 0 800000fa     97ba r 0f         0000000a  c.add    x15, x14
#699 0 800000fc fd842703 r 0e         00000003  lw       x14, -0x28(x8)
#700 0 80000100     97ba r 0f         0000000d  c.add    x15, x14
#701 0 80000102     078a r 0f         00000034  c.slli   x15, 2
#702 0 80000104     97b6 r 0f         f004009c  c.add    x15, x13
#703 0 80000106 0007a023 m f004009c   00000000  sw       x0, 0x0(x15)
#704 0 8000010a fd842783 r 0f         00000003  lw       x15, -0x28(x8)
#705 0 8000010e     0785 r 0f         00000004  c.addi   x15, 0x1
#706 0 80000110 fcf42c23 m f0041088   00000004  sw       x15, -0x28(x8)
#707 0 80000114 f00407b7 r 0f         f0040000  lui      x15, -0xffc0
#708 0 80000118 0647a783 r 0f         00000005  lw       x15, 0x64(x15)
#709 0 8000011c fd842703 r 0e         00000004  lw       x14, -0x28(x8)
#710 0 80000120 f4f748e3 r 00         00000000  blt      x14, x15, . - 0xb0
#711 0 80000070 f00407b7 r 0f         f0040000  lui      x15, -0xffc0
#712 0 80000074 00078693 r 0d         f0040000  addi     x13, x15, 0x0
#713 0 80000078 fe042703 r 0e         00000002  lw       x14, -0x20(x8)
#714 0 8000007c     87ba r 0f         00000002  c.mv     x15, x14
#715 0 8000007e     078a r 0f         00000008  c.slli   x15, 2
#716 0 80000080     97ba r 0f         0000000a  c.add    x15, x14
#717 0 80000082 fd842703 r 0e         00000004  lw       x14, -0x28(x8)
#718 0 80000086     97ba r 0f         0000000e  c.add    x15, x14
#719 0 80000088     078a r 0f         00000038  c.slli   x15, 2
#720 0 8000008a     97b6 r 0f         f0040038  c.add    x15, x13
#721 0 8000008c     439c r 0f         0000000a  c.lw     x15, 0x0(x15)
#722 0 8000008e     e395 r 00         00000000  c.bnez   x15, . + 0x24
#723 0 800000b2 f00407b7 r 0f         f0040000  lui      x15, -0xffc0
#724 0 800000b6 00078693 r 0d         f0040000  addi     x13, x15, 0x0
#725 0 800000ba fe042703 r 0e         00000002  lw       x14, -0x20(x8)
#726 0 800000be     87ba r 0f         00000002  c.mv     x15, x14
#727 0 800000c0     078a r 0f         00000008  c.slli   x15, 2
#728 0 800000c2     97ba r 0f         0000000a  c.add    x15, x14
#729 0 800000c4 fd842703 r 0e         00000004  lw       x14, -0x28(x8)
#730 0 800000c8     97ba r 0f         0000000e  c.add    x15, x14
#731 0 800000ca     078a r 0f         00000038  c.slli   x15, 2
#732 0 800000cc     97b6 r 0f         f0040038  c.add    x15, x13
#733 0 800000ce     4394 r 0d         0000000a  c.lw     x13, 0x0(x15)
#734 0 800000d0 fe042703 r 0e         00000002  lw       x14, -0x20(x8)
#735 0 800000d4     87ba r 0f         00000002  c.mv     x15, x14
#736 0 800000d6     078a r 0f         00000008  c.slli   x15, 2
#737 0 800000d8     97ba r 0f         0000000a  c.add    x15, x14
#738 0 800000da fd842703 r 0e         00000004  lw       x14, -0x28(x8)
#739 0 800000de     97ba r 0f         0000000e  c.add    x15, x14
#740 0 800000e0     078a r 0f         00000038  c.slli   x15, 2
#741 0 800000e2     17c1 r 0f         00000028  c.addi   x15, -0x10
#742 0 800000e4     97a2 r 0f         f00410d8  c.add    x15, x8
#743 0 800000e6 f8d7a023 m f0041058   0000000a  sw       x13, -0x80(x15)
#744 0 800000ea f00407b7 r 0f         f0040000  lui      x15, -0xffc0
#745 0 800000ee 06878693 r 0d         f0040068  addi     x13, x15, 0x68
#746 0 800000f2 fe042703 r 0e         00000002  lw       x14, -0x20(x8)
#747 0 800000f6     87ba r 0f         00000002  c.mv     x15, x14
#748 0 800000f8     078a r 0f         00000008  c.slli   x15, 2
#749 0 800000fa     97ba r 0f         0000000a  c.add    x15, x14
#750 0 800000fc fd842703 r 0e         00000004  lw       x14, -0x28(x8)
#751 0 80000100     97ba r 0f         0000000e  c.add    x15, x14
#752 0 80000102     078a r 0f         00000038  c.slli   x15, 2
#753 0 80000104     97b6 r 0f         f00400a0  c.add    x15, x13
#754 0 80000106 0007a023 m f00400a0   00000000  sw       x0, 0x0(x15)
#755 0 8000010a fd842783 r 0f         00000004  lw       x15, -0x28(x8)
#756 0 8000010e     0785 r 0f         00000005  c.addi   x15, 0x1
#757 0 80000110 fcf42c23 m f0041088   00000005  sw       x15, -0x28(x8)
#758 0 80000114 f00407b7 r 0f         f0040000  lui      x15, -0xffc0
#759 0 80000118 0647a783 r 0f         00000005  lw       x15, 0x64(x15)
#760 0 8000011c fd842703 r 0e         00000005  lw       x14, -0x28(x8)
#761 0 80000120 f4f748e3 r 00         00000000  blt      x14, x15, . - 0xb0
#762 0 80000124 fe042783 r 0f         00000002  lw       x15, -0x20(x8)
#763 0 80000128     0785 r 0f         00000003  c.addi   x15, 0x1
#764 0 8000012a fef42023 m f0041090   00000003  sw       x15, -0x20(x8)
#765 0 8000012e f00407b7 r 0f         f0040000  lui      x15, -0xffc0
#766 0 80000132 0647a783 r 0f         00000005  lw       x15, 0x64(x15)
#767 0 80000136 fe042703 r 0e         00000003  lw       x14, -0x20(x8)
#768 0 8000013a f2f748e3 r 00         00000000  blt      x14, x15, . - 0xd0
#769 0 8000006a fc042c23 m f0041088   00000000  sw       x0, -0x28(x8)
#770 0 8000006e     a05d r 00         00000000  c.j      . + 0xa6
#771 0 80000114 f00407b7 r 0f         f0040000  lui      x15, -0xffc0
#772 0 80000118 0647a783 r 0f         00000005  lw       x15, 0x64(x15)
#773 0 8000011c fd842703 r 0e         00000000  lw       x14, -0x28(x8)
#774 0 80000120 f4f748e3 r 00         00000000  blt      x14, x15, . - 0xb0
#775 0 80000070 f00407b7 r 0f         f0040000  lui      x15, -0xffc0
#776 0 80000074 00078693 r 0d         f0040000  addi     x13, x15, 0x0
#777 0 80000078 fe042703 r 0e         00000003  lw       x14, -0x20(x8)
#778 0 8000007c     87ba r 0f         00000003  c.mv     x15, x14
#779 0 8000007e     078a r 0f         0000000c  c.slli   x15, 2
#780 0 80000080     97ba r 0f         0000000f  c.add    x15, x14
#781 0 80000082 fd842703 r 0e         00000000  lw       x14, -0x28(x8)
#782 0 80000086     97ba r 0f         0000000f  c.add    x15, x14
#783 0 80000088     078a r 0f         0000003c  c.slli   x15, 2
#784 0 8000008a     97b6 r 0f         f004003c  c.add    x15, x13
#785 0 8000008c     439c r 0f         0000001e  c.lw     x15, 0x0(x15)
#786 0 8000008e     e395 r 00         00000000  c.bnez   x15, . + 0x24
#787 0 800000b2 f00407b7 r 0f         f0040000  lui      x15, -0xffc0
#788 0 800000b6 00078693 r 0d         f0040000  addi     x13, x15, 0x0
#789 0 800000ba fe042703 r 0e         00000003  lw       x14, -0x20(x8)
#790 0 800000be     87ba r 0f         00000003  c.mv     x15, x14
#791 0 800000c0     078a r 0f         0000000c  c.slli   x15, 2
#792 0 800000c2     97ba r 0f         0000000f  c.add    x15, x14
#793 0 800000c4 fd842703 r 0e         00000000  lw       x14, -0x28(x8)
#794 0 800000c8     97ba r 0f         0000000f  c.add    x15, x14
#795 0 800000ca     078a r 0f         0000003c  c.slli   x15, 2
#796 0 800000cc     97b6 r 0f         f004003c  c.add    x15, x13
#797 0 800000ce     4394 r 0d         0000001e  c.lw     x13, 0x0(x15)
#798 0 800000d0 fe042703 r 0e         00000003  lw       x14, -0x20(x8)
#799 0 800000d4     87ba r 0f         00000003  c.mv     x15, x14
#800 0 800000d6     078a r 0f         0000000c  c.slli   x15, 2
#801 0 800000d8     97ba r 0f         0000000f  c.add    x15, x14
#802 0 800000da fd842703 r 0e         00000000  lw       x14, -0x28(x8)
#803 0 800000de     97ba r 0f         0000000f  c.add    x15, x14
#804 0 800000e0     078a r 0f         0000003c  c.slli   x15, 2
#805 0 800000e2     17c1 r 0f         0000002c  c.addi   x15, -0x10
#806 0 800000e4     97a2 r 0f         f00410dc  c.add    x15, x8
#807 0 800000e6 f8d7a023 m f004105c   0000001e  sw       x13, -0x80(x15)
#808 0 800000ea f00407b7 r 0f         f0040000  lui      x15, -0xffc0
#809 0 800000ee 06878693 r 0d         f0040068  addi     x13, x15, 0x68
#810 0 800000f2 fe042703 r 0e         00000003  lw       x14, -0x20(x8)
#811 0 800000f6     87ba r 0f         00000003  c.mv     x15, x14
#812 0 800000f8     078a r 0f         0000000c  c.slli   x15, 2
#813 0 800000fa     97ba r 0f         0000000f  c.add    x15, x14
#814 0 800000fc fd842703 r 0e         00000000  lw       x14, -0x28(x8)
#815 0 80000100     97ba r 0f         0000000f  c.add    x15, x14
#816 0 80000102     078a r 0f         0000003c  c.slli   x15, 2
#817 0 80000104     97b6 r 0f         f00400a4  c.add    x15, x13
#818 0 80000106 0007a023 m f00400a4   00000000  sw       x0, 0x0(x15)
#819 0 8000010a fd842783 r 0f         00000000  lw       x15, -0x28(x8)
#820 0 8000010e     0785 r 0f         00000001  c.addi   x15, 0x1
#821 0 80000110 fcf42c23 m f0041088   00000001  sw       x15, -0x28(x8)
#822 0 80000114 f00407b7 r 0f         f0040000  lui      x15, -0xffc0
#823 0 80000118 0647a783 r 0f         00000005  lw       x15, 0x64(x15)
#824 0 8000011c fd842703 r 0e         00000001  lw       x14, -0x28(x8)
#825 0 80000120 f4f748e3 r 00         00000000  blt      x14, x15, . - 0xb0
#826 0 80000070 f00407b7 r 0f         f0040000  lui      x15, -0xffc0
#827 0 80000074 00078693 r 0d         f0040000  addi     x13, x15, 0x0
#828 0 80000078 fe042703 r 0e         00000003  lw       x14, -0x20(x8)
#829 0 8000007c     87ba r 0f         00000003  c.mv     x15, x14
#830 0 8000007e     078a r 0f         0000000c  c.slli   x15, 2
#831 0 80000080     97ba r 0f         0000000f  c.add    x15, x14
#832 0 80000082 fd842703 r 0e         00000001  lw       x14, -0x28(x8)
#833 0 80000086     97ba r 0f         00000010  c.add    x15, x14
#834 0 80000088     078a r 0f         00000040  c.slli   x15, 2
#835 0 8000008a     97b6 r 0f         f0040040  c.add    x15, x13
#836 0 8000008c     439c r 0f         00000000  c.lw     x15, 0x0(x15)
#837 0 8000008e     e395 r 00         00000000  c.bnez   x15, . + 0x24
#838 0 80000090 fe042703 r 0e         00000003  lw       x14, -0x20(x8)
#839 0 80000094     87ba r 0f         00000003  c.mv     x15, x14
#840 0 80000096     078a r 0f         0000000c  c.slli   x15, 2
#841 0 80000098     97ba r 0f         0000000f  c.add    x15, x14
#842 0 8000009a fd842703 r 0e         00000001  lw       x14, -0x28(x8)
#843 0 8000009e     97ba r 0f         00000010  c.add    x15, x14
#844 0 800000a0     078a r 0f         00000040  c.slli   x15, 2
#845 0 800000a2     17c1 r 0f         00000030  c.addi   x15, -0x10
#846 0 800000a4     97a2 r 0f         f00410e0  c.add    x15, x8
#847 0 800000a6     6709 r 0e         00002000  c.lui    x14, 0x2
#848 0 800000a8 70f70713 r 0e         0000270f  addi     x14, x14, 0x70f
#849 0 800000ac f8e7a023 m f0041060   0000270f  sw       x14, -0x80(x15)
#850 0 800000b0     a82d r 00         00000000  c.j      . + 0x3a
#851 0 800000ea f00407b7 r 0f         f0040000  lui      x15, -0xffc0
#852 0 800000ee 06878693 r 0d         f0040068  addi     x13, x15, 0x68
#853 0 800000f2 fe042703 r 0e         00000003  lw       x14, -0x20(x8)
#854 0 800000f6     87ba r 0f         00000003  c.mv     x15, x14
#855 0 800000f8     078a r 0f         0000000c  c.slli   x15, 2
#856 0 800000fa     97ba r 0f         0000000f  c.add    x15, x14
#857 0 800000fc fd842703 r 0e         00000001  lw       x14, -0x28(x8)
#858 0 80000100     97ba r 0f         00000010  c.add    x15, x14
#859 0 80000102     078a r 0f         00000040  c.slli   x15, 2
#860 0 80000104     97b6 r 0f         f00400a8  c.add    x15, x13
#861 0 80000106 0007a023 m f00400a8   00000000  sw       x0, 0x0(x15)
#862 0 8000010a fd842783 r 0f         00000001  lw       x15, -0x28(x8)
#863 0 8000010e     0785 r 0f         00000002  c.addi   x15, 0x1
#864 0 80000110 fcf42c23 m f0041088   00000002  sw       x15, -0x28(x8)
#865 0 80000114 f00407b7 r 0f         f0040000  lui      x15, -0xffc0
#866 0 80000118 0647a783 r 0f         00000005  lw       x15, 0x64(x15)
#867 0 8000011c fd842703 r 0e         00000002  lw       x14, -0x28(x8)
#868 0 80000120 f4f748e3 r 00         00000000  blt      x14, x15, . - 0xb0
#869 0 80000070 f00407b7 r 0f         f0040000  lui      x15, -0xffc0
#870 0 80000074 00078693 r 0d         f0040000  addi     x13, x15, 0x0
#871 0 80000078 fe042703 r 0e         00000003  lw       x14, -0x20(x8)
#872 0 8000007c     87ba r 0f         00000003  c.mv     x15, x14
#873 0 8000007e     078a r 0f         0000000c  c.slli   x15, 2
#874 0 80000080     97ba r 0f         0000000f  c.add    x15, x14
#875 0 80000082 fd842703 r 0e         00000002  lw       x14, -0x28(x8)
#876 0 80000086     97ba r 0f         00000011  c.add    x15, x14
#877 0 80000088     078a r 0f         00000044  c.slli   x15, 2
#878 0 8000008a     97b6 r 0f         f0040044  c.add    x15, x13
#879 0 8000008c     439c r 0f         00000014  c.lw     x15, 0x0(x15)
#880 0 8000008e     e395 r 00         00000000  c.bnez   x15, . + 0x24
#881 0 800000b2 f00407b7 r 0f         f0040000  lui      x15, -0xffc0
#882 0 800000b6 00078693 r 0d         f0040000  addi     x13, x15, 0x0
#883 0 800000ba fe042703 r 0e         00000003  lw       x14, -0x20(x8)
#884 0 800000be     87ba r 0f         00000003  c.mv     x15, x14
#885 0 800000c0     078a r 0f         0000000c  c.slli   x15, 2
#886 0 800000c2     97ba r 0f         0000000f  c.add    x15, x14
#887 0 800000c4 fd842703 r 0e         00000002  lw       x14, -0x28(x8)
#888 0 800000c8     97ba r 0f         00000011  c.add    x15, x14
#889 0 800000ca     078a r 0f         00000044  c.slli   x15, 2
#890 0 800000cc     97b6 r 0f         f0040044  c.add    x15, x13
#891 0 800000ce     4394 r 0d         00000014  c.lw     x13, 0x0(x15)
#892 0 800000d0 fe042703 r 0e         00000003  lw       x14, -0x20(x8)
#893 0 800000d4     87ba r 0f         00000003  c.mv     x15, x14
#894 0 800000d6     078a r 0f         0000000c  c.slli   x15, 2
#895 0 800000d8     97ba r 0f         0000000f  c.add    x15, x14
#896 0 800000da fd842703 r 0e         00000002  lw       x14, -0x28(x8)
#897 0 800000de     97ba r 0f         00000011  c.add    x15, x14
#898 0 800000e0     078a r 0f         00000044  c.slli   x15, 2
#899 0 800000e2     17c1 r 0f         00000034  c.addi   x15, -0x10
#900 0 800000e4     97a2 r 0f         f00410e4  c.add    x15, x8
#901 0 800000e6 f8d7a023 m f0041064   00000014  sw       x13, -0x80(x15)
#902 0 800000ea f00407b7 r 0f         f0040000  lui      x15, -0xffc0
#903 0 800000ee 06878693 r 0d         f0040068  addi     x13, x15, 0x68
#904 0 800000f2 fe042703 r 0e         00000003  lw       x14, -0x20(x8)
#905 0 800000f6     87ba r 0f         00000003  c.mv     x15, x14
#906 0 800000f8     078a r 0f         0000000c  c.slli   x15, 2
#907 0 800000fa     97ba r 0f         0000000f  c.add    x15, x14
#908 0 800000fc fd842703 r 0e         00000002  lw       x14, -0x28(x8)
#909 0 80000100     97ba r 0f         00000011  c.add    x15, x14
#910 0 80000102     078a r 0f         00000044  c.slli   x15, 2
#911 0 80000104     97b6 r 0f         f00400ac  c.add    x15, x13
#912 0 80000106 0007a023 m f00400ac   00000000  sw       x0, 0x0(x15)
#913 0 8000010a fd842783 r 0f         00000002  lw       x15, -0x28(x8)
#914 0 8000010e     0785 r 0f         00000003  c.addi   x15, 0x1
#915 0 80000110 fcf42c23 m f0041088   00000003  sw       x15, -0x28(x8)
#916 0 80000114 f00407b7 r 0f         f0040000  lui      x15, -0xffc0
#917 0 80000118 0647a783 r 0f         00000005  lw       x15, 0x64(x15)
#918 0 8000011c fd842703 r 0e         00000003  lw       x14, -0x28(x8)
#919 0 80000120 f4f748e3 r 00         00000000  blt      x14, x15, . - 0xb0
#920 0 80000070 f00407b7 r 0f         f0040000  lui      x15, -0xffc0
#921 0 80000074 00078693 r 0d         f0040000  addi     x13, x15, 0x0
#922 0 80000078 fe042703 r 0e         00000003  lw       x14, -0x20(x8)
#923 0 8000007c     87ba r 0f         00000003  c.mv     x15, x14
#924 0 8000007e     078a r 0f         0000000c  c.slli   x15, 2
#925 0 80000080     97ba r 0f         0000000f  c.add    x15, x14
#926 0 80000082 fd842703 r 0e         00000003  lw       x14, -0x28(x8)
#927 0 80000086     97ba r 0f         00000012  c.add    x15, x14
#928 0 80000088     078a r 0f         00000048  c.slli   x15, 2
#929 0 8000008a     97b6 r 0f         f0040048  c.add    x15, x13
#930 0 8000008c     439c r 0f         00000000  c.lw     x15, 0x0(x15)
#931 0 8000008e     e395 r 00         00000000  c.bnez   x15, . + 0x24
#932 0 80000090 fe042703 r 0e         00000003  lw       x14, -0x20(x8)
#933 0 80000094     87ba r 0f         00000003  c.mv     x15, x14
#934 0 80000096     078a r 0f         0000000c  c.slli   x15, 2
#935 0 80000098     97ba r 0f         0000000f  c.add    x15, x14
#936 0 8000009a fd842703 r 0e         00000003  lw       x14, -0x28(x8)
#937 0 8000009e     97ba r 0f         00000012  c.add    x15, x14
#938 0 800000a0     078a r 0f         00000048  c.slli   x15, 2
#939 0 800000a2     17c1 r 0f         00000038  c.addi   x15, -0x10
#940 0 800000a4     97a2 r 0f         f00410e8  c.add    x15, x8
#941 0 800000a6     6709 r 0e         00002000  c.lui    x14, 0x2
#942 0 800000a8 70f70713 r 0e         0000270f  addi     x14, x14, 0x70f
#943 0 800000ac f8e7a023 m f0041068   0000270f  sw       x14, -0x80(x15)
#944 0 800000b0     a82d r 00         00000000  c.j      . + 0x3a
#945 0 800000ea f00407b7 r 0f         f0040000  lui      x15, -0xffc0
#946 0 800000ee 06878693 r 0d         f0040068  addi     x13, x15, 0x68
#947 0 800000f2 fe042703 r 0e         00000003  lw       x14, -0x20(x8)
#948 0 800000f6     87ba r 0f         00000003  c.mv     x15, x14
#949 0 800000f8     078a r 0f         0000000c  c.slli   x15, 2
#950 0 800000fa     97ba r 0f         0000000f  c.add    x15, x14
#951 0 800000fc fd842703 r 0e         00000003  lw       x14, -0x28(x8)
#952 0 80000100     97ba r 0f         00000012  c.add    x15, x14
#953 0 80000102     078a r 0f         00000048  c.slli   x15, 2
#954 0 80000104     97b6 r 0f         f00400b0  c.add    x15, x13
#955 0 80000106 0007a023 m f00400b0   00000000  sw       x0, 0x0(x15)
#956 0 8000010a fd842783 r 0f         00000003  lw       x15, -0x28(x8)
#957 0 8000010e     0785 r 0f         00000004  c.addi   x15, 0x1
#958 0 80000110 fcf42c23 m f0041088   00000004  sw       x15, -0x28(x8)
#959 0 80000114 f00407b7 r 0f         f0040000  lui      x15, -0xffc0
#960 0 80000118 0647a783 r 0f         00000005  lw       x15, 0x64(x15)
#961 0 8000011c fd842703 r 0e         00000004  lw       x14, -0x28(x8)
#962 0 80000120 f4f748e3 r 00         00000000  blt      x14, x15, . - 0xb0
#963 0 80000070 f00407b7 r 0f         f0040000  lui      x15, -0xffc0
#964 0 80000074 00078693 r 0d         f0040000  addi     x13, x15, 0x0
#965 0 80000078 fe042703 r 0e         00000003  lw       x14, -0x20(x8)
#966 0 8000007c     87ba r 0f         00000003  c.mv     x15, x14
#967 0 8000007e     078a r 0f         0000000c  c.slli   x15, 2
#968 0 80000080     97ba r 0f         0000000f  c.add    x15, x14
#969 0 80000082 fd842703 r 0e         00000004  lw       x14, -0x28(x8)
#970 0 80000086     97ba r 0f         00000013  c.add    x15, x14
#971 0 80000088     078a r 0f         0000004c  c.slli   x15, 2
#972 0 8000008a     97b6 r 0f         f004004c  c.add    x15, x13
#973 0 8000008c     439c r 0f         0000003c  c.lw     x15, 0x0(x15)
#974 0 8000008e     e395 r 00         00000000  c.bnez   x15, . + 0x24
#975 0 800000b2 f00407b7 r 0f         f0040000  lui      x15, -0xffc0
#976 0 800000b6 00078693 r 0d         f0040000  addi     x13, x15, 0x0
#977 0 800000ba fe042703 r 0e         00000003  lw       x14, -0x20(x8)
#978 0 800000be     87ba r 0f         00000003  c.mv     x15, x14
#979 0 800000c0     078a r 0f         0000000c  c.slli   x15, 2
#980 0 800000c2     97ba r 0f         0000000f  c.add    x15, x14
#981 0 800000c4 fd842703 r 0e         00000004  lw       x14, -0x28(x8)
#982 0 800000c8     97ba r 0f         00000013  c.add    x15, x14
#983 0 800000ca     078a r 0f         0000004c  c.slli   x15, 2
#984 0 800000cc     97b6 r 0f         f004004c  c.add    x15, x13
#985 0 800000ce     4394 r 0d         0000003c  c.lw     x13, 0x0(x15)
#986 0 800000d0 fe042703 r 0e         00000003  lw       x14, -0x20(x8)
#987 0 800000d4     87ba r 0f         00000003  c.mv     x15, x14
#988 0 800000d6     078a r 0f         0000000c  c.slli   x15, 2
#989 0 800000d8     97ba r 0f         0000000f  c.add    x15, x14
#990 0 800000da fd842703 r 0e         00000004  lw       x14, -0x28(x8)
#991 0 800000de     97ba r 0f         00000013  c.add    x15, x14
#992 0 800000e0     078a r 0f         0000004c  c.slli   x15, 2
#993 0 800000e2     17c1 r 0f         0000003c  c.addi   x15, -0x10
#994 0 800000e4     97a2 r 0f         f00410ec  c.add    x15, x8
#995 0 800000e6 f8d7a023 m f004106c   0000003c  sw       x13, -0x80(x15)
#996 0 800000ea f00407b7 r 0f         f0040000  lui      x15, -0xffc0
#997 0 800000ee 06878693 r 0d         f0040068  addi     x13, x15, 0x68
#998 0 800000f2 fe042703 r 0e         00000003  lw       x14, -0x20(x8)
#999 0 800000f6     87ba r 0f         00000003  c.mv     x15, x14
#1000 0 800000f8     078a r 0f         0000000c  c.slli   x15, 2
#1001 0 800000fa     97ba r 0f         0000000f  c.add    x15, x14
#1002 0 800000fc fd842703 r 0e         00000004  lw       x14, -0x28(x8)
#1003 0 80000100     97ba r 0f         00000013  c.add    x15, x14
#1004 0 80000102     078a r 0f         0000004c  c.slli   x15, 2
#1005 0 80000104     97b6 r 0f         f00400b4  c.add    x15, x13
#1006 0 80000106 0007a023 m f00400b4   00000000  sw       x0, 0x0(x15)
#1007 0 8000010a fd842783 r 0f         00000004  lw       x15, -0x28(x8)
#1008 0 8000010e     0785 r 0f         00000005  c.addi   x15, 0x1
#1009 0 80000110 fcf42c23 m f0041088   00000005  sw       x15, -0x28(x8)
#1010 0 80000114 f00407b7 r 0f         f0040000  lui      x15, -0xffc0
#1011 0 80000118 0647a783 r 0f         00000005  lw       x15, 0x64(x15)
#1012 0 8000011c fd842703 r 0e         00000005  lw       x14, -0x28(x8)
#1013 0 80000120 f4f748e3 r 00         00000000  blt      x14, x15, . - 0xb0
#1014 0 80000124 fe042783 r 0f         00000003  lw       x15, -0x20(x8)
#1015 0 80000128     0785 r 0f         00000004  c.addi   x15, 0x1
#1016 0 8000012a fef42023 m f0041090   00000004  sw       x15, -0x20(x8)
#1017 0 8000012e f00407b7 r 0f         f0040000  lui      x15, -0xffc0
#1018 0 80000132 0647a783 r 0f         00000005  lw       x15, 0x64(x15)
#1019 0 80000136 fe042703 r 0e         00000004  lw       x14, -0x20(x8)
#1020 0 8000013a f2f748e3 r 00         00000000  blt      x14, x15, . - 0xd0
#1021 0 8000006a fc042c23 m f0041088   00000000  sw       x0, -0x28(x8)
#1022 0 8000006e     a05d r 00         00000000  c.j      . + 0xa6
#1023 0 80000114 f00407b7 r 0f         f0040000  lui      x15, -0xffc0
#1024 0 80000118 0647a783 r 0f         00000005  lw       x15, 0x64(x15)
#1025 0 8000011c fd842703 r 0e         00000000  lw       x14, -0x28(x8)
#1026 0 80000120 f4f748e3 r 00         00000000  blt      x14, x15, . - 0xb0
#1027 0 80000070 f00407b7 r 0f         f0040000  lui      x15, -0xffc0
#1028 0 80000074 00078693 r 0d         f0040000  addi     x13, x15, 0x0
#1029 0 80000078 fe042703 r 0e         00000004  lw       x14, -0x20(x8)
#1030 0 8000007c     87ba r 0f         00000004  c.mv     x15, x14
#1031 0 8000007e     078a r 0f         00000010  c.slli   x15, 2
#1032 0 80000080     97ba r 0f         00000014  c.add    x15, x14
#1033 0 80000082 fd842703 r 0e         00000000  lw       x14, -0x28(x8)
#1034 0 80000086     97ba r 0f         00000014  c.add    x15, x14
#1035 0 80000088     078a r 0f         00000050  c.slli   x15, 2
#1036 0 8000008a     97b6 r 0f         f0040050  c.add    x15, x13
#1037 0 8000008c     439c r 0f         00000064  c.lw     x15, 0x0(x15)
#1038 0 8000008e     e395 r 00         00000000  c.bnez   x15, . + 0x24
#1039 0 800000b2 f00407b7 r 0f         f0040000  lui      x15, -0xffc0
#1040 0 800000b6 00078693 r 0d         f0040000  addi     x13, x15, 0x0
#1041 0 800000ba fe042703 r 0e         00000004  lw       x14, -0x20(x8)
#1042 0 800000be     87ba r 0f         00000004  c.mv     x15, x14
#1043 0 800000c0     078a r 0f         00000010  c.slli   x15, 2
#1044 0 800000c2     97ba r 0f         00000014  c.add    x15, x14
#1045 0 800000c4 fd842703 r 0e         00000000  lw       x14, -0x28(x8)
#1046 0 800000c8     97ba r 0f         00000014  c.add    x15, x14
#1047 0 800000ca     078a r 0f         00000050  c.slli   x15, 2
#1048 0 800000cc     97b6 r 0f         f0040050  c.add    x15, x13
#1049 0 800000ce     4394 r 0d         00000064  c.lw     x13, 0x0(x15)
#1050 0 800000d0 fe042703 r 0e         00000004  lw       x14, -0x20(x8)
#1051 0 800000d4     87ba r 0f         00000004  c.mv     x15, x14
#1052 0 800000d6     078a r 0f         00000010  c.slli   x15, 2
#1053 0 800000d8     97ba r 0f         00000014  c.add    x15, x14
#1054 0 800000da fd842703 r 0e         00000000  lw       x14, -0x28(x8)
#1055 0 800000de     97ba r 0f         00000014  c.add    x15, x14
#1056 0 800000e0     078a r 0f         00000050  c.slli   x15, 2
#1057 0 800000e2     17c1 r 0f         00000040  c.addi   x15, -0x10
#1058 0 800000e4     97a2 r 0f         f00410f0  c.add    x15, x8
#1059 0 800000e6 f8d7a023 m f0041070   00000064  sw       x13, -0x80(x15)
#1060 0 800000ea f00407b7 r 0f         f0040000  lui      x15, -0xffc0
#1061 0 800000ee 06878693 r 0d         f0040068  addi     x13, x15, 0x68
#1062 0 800000f2 fe042703 r 0e         00000004  lw       x14, -0x20(x8)
#1063 0 800000f6     87ba r 0f         00000004  c.mv     x15, x14
#1064 0 800000f8     078a r 0f         00000010  c.slli   x15, 2
#1065 0 800000fa     97ba r 0f         00000014  c.add    x15, x14
#1066 0 800000fc fd842703 r 0e         00000000  lw       x14, -0x28(x8)
#1067 0 80000100     97ba r 0f         00000014  c.add    x15, x14
#1068 0 80000102     078a r 0f         00000050  c.slli   x15, 2
#1069 0 80000104     97b6 r 0f         f00400b8  c.add    x15, x13
#1070 0 80000106 0007a023 m f00400b8   00000000  sw       x0, 0x0(x15)
#1071 0 8000010a fd842783 r 0f         00000000  lw       x15, -0x28(x8)
#1072 0 8000010e     0785 r 0f         00000001  c.addi   x15, 0x1
#1073 0 80000110 fcf42c23 m f0041088   00000001  sw       x15, -0x28(x8)
#1074 0 80000114 f00407b7 r 0f         f0040000  lui      x15, -0xffc0
#1075 0 80000118 0647a783 r 0f         00000005  lw       x15, 0x64(x15)
#1076 0 8000011c fd842703 r 0e         00000001  lw       x14, -0x28(x8)
#1077 0 80000120 f4f748e3 r 00         00000000  blt      x14, x15, . - 0xb0
#1078 0 80000070 f00407b7 r 0f         f0040000  lui      x15, -0xffc0
#1079 0 80000074 00078693 r 0d         f0040000  addi     x13, x15, 0x0
#1080 0 80000078 fe042703 r 0e         00000004  lw       x14, -0x20(x8)
#1081 0 8000007c     87ba r 0f         00000004  c.mv     x15, x14
#1082 0 8000007e     078a r 0f         00000010  c.slli   x15, 2
#1083 0 80000080     97ba r 0f         00000014  c.add    x15, x14
#1084 0 80000082 fd842703 r 0e         00000001  lw       x14, -0x28(x8)
#1085 0 80000086     97ba r 0f         00000015  c.add    x15, x14
#1086 0 80000088     078a r 0f         00000054  c.slli   x15, 2
#1087 0 8000008a     97b6 r 0f         f0040054  c.add    x15, x13
#1088 0 8000008c     439c r 0f         00000000  c.lw     x15, 0x0(x15)
#1089 0 8000008e     e395 r 00         00000000  c.bnez   x15, . + 0x24
#1090 0 80000090 fe042703 r 0e         00000004  lw       x14, -0x20(x8)
#1091 0 80000094     87ba r 0f         00000004  c.mv     x15, x14
#1092 0 80000096     078a r 0f         00000010  c.slli   x15, 2
#1093 0 80000098     97ba r 0f         00000014  c.add    x15, x14
#1094 0 8000009a fd842703 r 0e         00000001  lw       x14, -0x28(x8)
#1095 0 8000009e     97ba r 0f         00000015  c.add    x15, x14
#1096 0 800000a0     078a r 0f         00000054  c.slli   x15, 2
#1097 0 800000a2     17c1 r 0f         00000044  c.addi   x15, -0x10
#1098 0 800000a4     97a2 r 0f         f00410f4  c.add    x15, x8
#1099 0 800000a6     6709 r 0e         00002000  c.lui    x14, 0x2
#1100 0 800000a8 70f70713 r 0e         0000270f  addi     x14, x14, 0x70f
#1101 0 800000ac f8e7a023 m f0041074   0000270f  sw       x14, -0x80(x15)
#1102 0 800000b0     a82d r 00         00000000  c.j      . + 0x3a
#1103 0 800000ea f00407b7 r 0f         f0040000  lui      x15, -0xffc0
#1104 0 800000ee 06878693 r 0d         f0040068  addi     x13, x15, 0x68
#1105 0 800000f2 fe042703 r 0e         00000004  lw       x14, -0x20(x8)
#1106 0 800000f6     87ba r 0f         00000004  c.mv     x15, x14
#1107 0 800000f8     078a r 0f         00000010  c.slli   x15, 2
#1108 0 800000fa     97ba r 0f         00000014  c.add    x15, x14
#1109 0 800000fc fd842703 r 0e         00000001  lw       x14, -0x28(x8)
#1110 0 80000100     97ba r 0f         00000015  c.add    x15, x14
#1111 0 80000102     078a r 0f         00000054  c.slli   x15, 2
#1112 0 80000104     97b6 r 0f         f00400bc  c.add    x15, x13
#1113 0 80000106 0007a023 m f00400bc   00000000  sw       x0, 0x0(x15)
#1114 0 8000010a fd842783 r 0f         00000001  lw       x15, -0x28(x8)
#1115 0 8000010e     0785 r 0f         00000002  c.addi   x15, 0x1
#1116 0 80000110 fcf42c23 m f0041088   00000002  sw       x15, -0x28(x8)
#1117 0 80000114 f00407b7 r 0f         f0040000  lui      x15, -0xffc0
#1118 0 80000118 0647a783 r 0f         00000005  lw       x15, 0x64(x15)
#1119 0 8000011c fd842703 r 0e         00000002  lw       x14, -0x28(x8)
#1120 0 80000120 f4f748e3 r 00         00000000  blt      x14, x15, . - 0xb0
#1121 0 80000070 f00407b7 r 0f         f0040000  lui      x15, -0xffc0
#1122 0 80000074 00078693 r 0d         f0040000  addi     x13, x15, 0x0
#1123 0 80000078 fe042703 r 0e         00000004  lw       x14, -0x20(x8)
#1124 0 8000007c     87ba r 0f         00000004  c.mv     x15, x14
#1125 0 8000007e     078a r 0f         00000010  c.slli   x15, 2
#1126 0 80000080     97ba r 0f         00000014  c.add    x15, x14
#1127 0 80000082 fd842703 r 0e         00000002  lw       x14, -0x28(x8)
#1128 0 80000086     97ba r 0f         00000016  c.add    x15, x14
#1129 0 80000088     078a r 0f         00000058  c.slli   x15, 2
#1130 0 8000008a     97b6 r 0f         f0040058  c.add    x15, x13
#1131 0 8000008c     439c r 0f         0000000a  c.lw     x15, 0x0(x15)
#1132 0 8000008e     e395 r 00         00000000  c.bnez   x15, . + 0x24
#1133 0 800000b2 f00407b7 r 0f         f0040000  lui      x15, -0xffc0
#1134 0 800000b6 00078693 r 0d         f0040000  addi     x13, x15, 0x0
#1135 0 800000ba fe042703 r 0e         00000004  lw       x14, -0x20(x8)
#1136 0 800000be     87ba r 0f         00000004  c.mv     x15, x14
#1137 0 800000c0     078a r 0f         00000010  c.slli   x15, 2
#1138 0 800000c2     97ba r 0f         00000014  c.add    x15, x14
#1139 0 800000c4 fd842703 r 0e         00000002  lw       x14, -0x28(x8)
#1140 0 800000c8     97ba r 0f         00000016  c.add    x15, x14
#1141 0 800000ca     078a r 0f         00000058  c.slli   x15, 2
#1142 0 800000cc     97b6 r 0f         f0040058  c.add    x15, x13
#1143 0 800000ce     4394 r 0d         0000000a  c.lw     x13, 0x0(x15)
#1144 0 800000d0 fe042703 r 0e         00000004  lw       x14, -0x20(x8)
#1145 0 800000d4     87ba r 0f         00000004  c.mv     x15, x14
#1146 0 800000d6     078a r 0f         00000010  c.slli   x15, 2
#1147 0 800000d8     97ba r 0f         00000014  c.add    x15, x14
#1148 0 800000da fd842703 r 0e         00000002  lw       x14, -0x28(x8)
#1149 0 800000de     97ba r 0f         00000016  c.add    x15, x14
#1150 0 800000e0     078a r 0f         00000058  c.slli   x15, 2
#1151 0 800000e2     17c1 r 0f         00000048  c.addi   x15, -0x10
#1152 0 800000e4     97a2 r 0f         f00410f8  c.add    x15, x8
#1153 0 800000e6 f8d7a023 m f0041078   0000000a  sw       x13, -0x80(x15)
#1154 0 800000ea f00407b7 r 0f         f0040000  lui      x15, -0xffc0
#1155 0 800000ee 06878693 r 0d         f0040068  addi     x13, x15, 0x68
#1156 0 800000f2 fe042703 r 0e         00000004  lw       x14, -0x20(x8)
#1157 0 800000f6     87ba r 0f         00000004  c.mv     x15, x14
#1158 0 800000f8     078a r 0f         00000010  c.slli   x15, 2
#1159 0 800000fa     97ba r 0f         00000014  c.add    x15, x14
#1160 0 800000fc fd842703 r 0e         00000002  lw       x14, -0x28(x8)
#1161 0 80000100     97ba r 0f         00000016  c.add    x15, x14
#1162 0 80000102     078a r 0f         00000058  c.slli   x15, 2
#1163 0 80000104     97b6 r 0f         f00400c0  c.add    x15, x13
#1164 0 80000106 0007a023 m f00400c0   00000000  sw       x0, 0x0(x15)
#1165 0 8000010a fd842783 r 0f         00000002  lw       x15, -0x28(x8)
#1166 0 8000010e     0785 r 0f         00000003  c.addi   x15, 0x1
#1167 0 80000110 fcf42c23 m f0041088   00000003  sw       x15, -0x28(x8)
#1168 0 80000114 f00407b7 r 0f         f0040000  lui      x15, -0xffc0
#1169 0 80000118 0647a783 r 0f         00000005  lw       x15, 0x64(x15)
#1170 0 8000011c fd842703 r 0e         00000003  lw       x14, -0x28(x8)
#1171 0 80000120 f4f748e3 r 00         00000000  blt      x14, x15, . - 0xb0
#1172 0 80000070 f00407b7 r 0f         f0040000  lui      x15, -0xffc0
#1173 0 80000074 00078693 r 0d         f0040000  addi     x13, x15, 0x0
#1174 0 80000078 fe042703 r 0e         00000004  lw       x14, -0x20(x8)
#1175 0 8000007c     87ba r 0f         00000004  c.mv     x15, x14
#1176 0 8000007e     078a r 0f         00000010  c.slli   x15, 2
#1177 0 80000080     97ba r 0f         00000014  c.add    x15, x14
#1178 0 80000082 fd842703 r 0e         00000003  lw       x14, -0x28(x8)
#1179 0 80000086     97ba r 0f         00000017  c.add    x15, x14
#1180 0 80000088     078a r 0f         0000005c  c.slli   x15, 2
#1181 0 8000008a     97b6 r 0f         f004005c  c.add    x15, x13
#1182 0 8000008c     439c r 0f         0000003c  c.lw     x15, 0x0(x15)
#1183 0 8000008e     e395 r 00         00000000  c.bnez   x15, . + 0x24
#1184 0 800000b2 f00407b7 r 0f         f0040000  lui      x15, -0xffc0
#1185 0 800000b6 00078693 r 0d         f0040000  addi     x13, x15, 0x0
#1186 0 800000ba fe042703 r 0e         00000004  lw       x14, -0x20(x8)
#1187 0 800000be     87ba r 0f         00000004  c.mv     x15, x14
#1188 0 800000c0     078a r 0f         00000010  c.slli   x15, 2
#1189 0 800000c2     97ba r 0f         00000014  c.add    x15, x14
#1190 0 800000c4 fd842703 r 0e         00000003  lw       x14, -0x28(x8)
#1191 0 800000c8     97ba r 0f         00000017  c.add    x15, x14
#1192 0 800000ca     078a r 0f         0000005c  c.slli   x15, 2
#1193 0 800000cc     97b6 r 0f         f004005c  c.add    x15, x13
#1194 0 800000ce     4394 r 0d         0000003c  c.lw     x13, 0x0(x15)
#1195 0 800000d0 fe042703 r 0e         00000004  lw       x14, -0x20(x8)
#1196 0 800000d4     87ba r 0f         00000004  c.mv     x15, x14
#1197 0 800000d6     078a r 0f         00000010  c.slli   x15, 2
#1198 0 800000d8     97ba r 0f         00000014  c.add    x15, x14
#1199 0 800000da fd842703 r 0e         00000003  lw       x14, -0x28(x8)
#1200 0 800000de     97ba r 0f         00000017  c.add    x15, x14
#1201 0 800000e0     078a r 0f         0000005c  c.slli   x15, 2
#1202 0 800000e2     17c1 r 0f         0000004c  c.addi   x15, -0x10
#1203 0 800000e4     97a2 r 0f         f00410fc  c.add    x15, x8
#1204 0 800000e6 f8d7a023 m f004107c   0000003c  sw       x13, -0x80(x15)
#1205 0 800000ea f00407b7 r 0f         f0040000  lui      x15, -0xffc0
#1206 0 800000ee 06878693 r 0d         f0040068  addi     x13, x15, 0x68
#1207 0 800000f2 fe042703 r 0e         00000004  lw       x14, -0x20(x8)
#1208 0 800000f6     87ba r 0f         00000004  c.mv     x15, x14
#1209 0 800000f8     078a r 0f         00000010  c.slli   x15, 2
#1210 0 800000fa     97ba r 0f         00000014  c.add    x15, x14
#1211 0 800000fc fd842703 r 0e         00000003  lw       x14, -0x28(x8)
#1212 0 80000100     97ba r 0f         00000017  c.add    x15, x14
#1213 0 80000102     078a r 0f         0000005c  c.slli   x15, 2
#1214 0 80000104     97b6 r 0f         f00400c4  c.add    x15, x13
#1215 0 80000106 0007a023 m f00400c4   00000000  sw       x0, 0x0(x15)
#1216 0 8000010a fd842783 r 0f         00000003  lw       x15, -0x28(x8)
#1217 0 8000010e     0785 r 0f         00000004  c.addi   x15, 0x1
#1218 0 80000110 fcf42c23 m f0041088   00000004  sw       x15, -0x28(x8)
#1219 0 80000114 f00407b7 r 0f         f0040000  lui      x15, -0xffc0
#1220 0 80000118 0647a783 r 0f         00000005  lw       x15, 0x64(x15)
#1221 0 8000011c fd842703 r 0e         00000004  lw       x14, -0x28(x8)
#1222 0 80000120 f4f748e3 r 00         00000000  blt      x14, x15, . - 0xb0
#1223 0 80000070 f00407b7 r 0f         f0040000  lui      x15, -0xffc0
#1224 0 80000074 00078693 r 0d         f0040000  addi     x13, x15, 0x0
#1225 0 80000078 fe042703 r 0e         00000004  lw       x14, -0x20(x8)
#1226 0 8000007c     87ba r 0f         00000004  c.mv     x15, x14
#1227 0 8000007e     078a r 0f         00000010  c.slli   x15, 2
#1228 0 80000080     97ba r 0f         00000014  c.add    x15, x14
#1229 0 80000082 fd842703 r 0e         00000004  lw       x14, -0x28(x8)
#1230 0 80000086     97ba r 0f         00000018  c.add    x15, x14
#1231 0 80000088     078a r 0f         00000060  c.slli   x15, 2
#1232 0 8000008a     97b6 r 0f         f0040060  c.add    x15, x13
#1233 0 8000008c     439c r 0f         00000000  c.lw     x15, 0x0(x15)
#1234 0 8000008e     e395 r 00         00000000  c.bnez   x15, . + 0x24
#1235 0 80000090 fe042703 r 0e         00000004  lw       x14, -0x20(x8)
#1236 0 80000094     87ba r 0f         00000004  c.mv     x15, x14
#1237 0 80000096     078a r 0f         00000010  c.slli   x15, 2
#1238 0 80000098     97ba r 0f         00000014  c.add    x15, x14
#1239 0 8000009a fd842703 r 0e         00000004  lw       x14, -0x28(x8)
#1240 0 8000009e     97ba r 0f         00000018  c.add    x15, x14
#1241 0 800000a0     078a r 0f         00000060  c.slli   x15, 2
#1242 0 800000a2     17c1 r 0f         00000050  c.addi   x15, -0x10
#1243 0 800000a4     97a2 r 0f         f0041100  c.add    x15, x8
#1244 0 800000a6     6709 r 0e         00002000  c.lui    x14, 0x2
#1245 0 800000a8 70f70713 r 0e         0000270f  addi     x14, x14, 0x70f
#1246 0 800000ac f8e7a023 m f0041080   0000270f  sw       x14, -0x80(x15)
#1247 0 800000b0     a82d r 00         00000000  c.j      . + 0x3a
#1248 0 800000ea f00407b7 r 0f         f0040000  lui      x15, -0xffc0
#1249 0 800000ee 06878693 r 0d         f0040068  addi     x13, x15, 0x68
#1250 0 800000f2 fe042703 r 0e         00000004  lw       x14, -0x20(x8)
#1251 0 800000f6     87ba r 0f         00000004  c.mv     x15, x14
#1252 0 800000f8     078a r 0f         00000010  c.slli   x15, 2
#1253 0 800000fa     97ba r 0f         00000014  c.add    x15, x14
#1254 0 800000fc fd842703 r 0e         00000004  lw       x14, -0x28(x8)
#1255 0 80000100     97ba r 0f         00000018  c.add    x15, x14
#1256 0 80000102     078a r 0f         00000060  c.slli   x15, 2
#1257 0 80000104     97b6 r 0f         f00400c8  c.add    x15, x13
#1258 0 80000106 0007a023 m f00400c8   00000000  sw       x0, 0x0(x15)
#1259 0 8000010a fd842783 r 0f         00000004  lw       x15, -0x28(x8)
#1260 0 8000010e     0785 r 0f         00000005  c.addi   x15, 0x1
#1261 0 80000110 fcf42c23 m f0041088   00000005  sw       x15, -0x28(x8)
#1262 0 80000114 f00407b7 r 0f         f0040000  lui      x15, -0xffc0
#1263 0 80000118 0647a783 r 0f         00000005  lw       x15, 0x64(x15)
#1264 0 8000011c fd842703 r 0e         00000005  lw       x14, -0x28(x8)
#1265 0 80000120 f4f748e3 r 00         00000000  blt      x14, x15, . - 0xb0
#1266 0 80000124 fe042783 r 0f         00000004  lw       x15, -0x20(x8)
#1267 0 80000128     0785 r 0f         00000005  c.addi   x15, 0x1
#1268 0 8000012a fef42023 m f0041090   00000005  sw       x15, -0x20(x8)
#1269 0 8000012e f00407b7 r 0f         f0040000  lui      x15, -0xffc0
#1270 0 80000132 0647a783 r 0f         00000005  lw       x15, 0x64(x15)
#1271 0 80000136 fe042703 r 0e         00000005  lw       x14, -0x20(x8)
#1272 0 8000013a f2f748e3 r 00         00000000  blt      x14, x15, . - 0xd0
#1273 0 8000013e f4042e23 m f004100c   00000000  sw       x0, -0xa4(x8)
#1274 0 80000142     4785 r 0f         00000001  c.li     x15, 0x1
#1275 0 80000144 f2f42a23 m f0040fe4   00000001  sw       x15, -0xcc(x8)
#1276 0 80000148     4785 r 0f         00000001  c.li     x15, 0x1
#1277 0 8000014a fef42023 m f0041090   00000001  sw       x15, -0x20(x8)
#1278 0 8000014e     a091 r 00         00000000  c.j      . + 0x44
#1279 0 80000192 f00407b7 r 0f         f0040000  lui      x15, -0xffc0
#1280 0 80000196 0647a783 r 0f         00000005  lw       x15, 0x64(x15)
#1281 0 8000019a fe042703 r 0e         00000001  lw       x14, -0x20(x8)
#1282 0 8000019e faf749e3 r 00         00000000  blt      x14, x15, . - 0x4e
#1283 0 80000150 fe042783 r 0f         00000001  lw       x15, -0x20(x8)
#1284 0 80000154     078a r 0f         00000004  c.slli   x15, 2
#1285 0 80000156     17c1 r 0f         fffffff4  c.addi   x15, -0x10
#1286 0 80000158     97a2 r 0f         f00410a4  c.add    x15, x8
#1287 0 8000015a f807a703 r 0e         0000000a  lw       x14, -0x80(x15)
#1288 0 8000015e fe042783 r 0f         00000001  lw       x15, -0x20(x8)
#1289 0 80000162     078a r 0f         00000004  c.slli   x15, 2
#1290 0 80000164     17c1 r 0f         fffffff4  c.addi   x15, -0x10
#1291 0 80000166     97a2 r 0f         f00410a4  c.add    x15, x8
#1292 0 80000168 f6e7a623 m f0041010   0000000a  sw       x14, -0x94(x15)
#1293 0 8000016c fe042783 r 0f         00000001  lw       x15, -0x20(x8)
#1294 0 80000170     078a r 0f         00000004  c.slli   x15, 2
#1295 0 80000172     17c1 r 0f         fffffff4  c.addi   x15, -0x10
#1296 0 80000174     97a2 r 0f         f00410a4  c.add    x15, x8
#1297 0 80000176 f407ac23 m f0040ffc   00000000  sw       x0, -0xa8(x15)
#1298 0 8000017a fe042783 r 0f         00000001  lw       x15, -0x20(x8)
#1299 0 8000017e     078a r 0f         00000004  c.slli   x15, 2
#1300 0 80000180     17c1 r 0f         fffffff4  c.addi   x15, -0x10
#1301 0 80000182     97a2 r 0f         f00410a4  c.add    x15, x8
#1302 0 80000184 f407a223 m f0040fe8   00000000  sw       x0, -0xbc(x15)
#1303 0 80000188 fe042783 r 0f         00000001  lw       x15, -0x20(x8)
#1304 0 8000018c     0785 r 0f         00000002  c.addi   x15, 0x1
#1305 0 8000018e fef42023 m f0041090   00000002  sw       x15, -0x20(x8)
#1306 0 80000192 f00407b7 r 0f         f0040000  lui      x15, -0xffc0
#1307 0 80000196 0647a783 r 0f         00000005  lw       x15, 0x64(x15)
#1308 0 8000019a fe042703 r 0e         00000002  lw       x14, -0x20(x8)
#1309 0 8000019e faf749e3 r 00         00000000  blt      x14, x15, . - 0x4e
#1310 0 80000150 fe042783 r 0f         00000002  lw       x15, -0x20(x8)
#1311 0 80000154     078a r 0f         00000008  c.slli   x15, 2
#1312 0 80000156     17c1 r 0f         fffffff8  c.addi   x15, -0x10
#1313 0 80000158     97a2 r 0f         f00410a8  c.add    x15, x8
#1314 0 8000015a f807a703 r 0e         0000270f  lw       x14, -0x80(x15)
#1315 0 8000015e fe042783 r 0f         00000002  lw       x15, -0x20(x8)
#1316 0 80000162     078a r 0f         00000008  c.slli   x15, 2
#1317 0 80000164     17c1 r 0f         fffffff8  c.addi   x15, -0x10
#1318 0 80000166     97a2 r 0f         f00410a8  c.add    x15, x8
#1319 0 80000168 f6e7a623 m f0041014   0000270f  sw       x14, -0x94(x15)
#1320 0 8000016c fe042783 r 0f         00000002  lw       x15, -0x20(x8)
#1321 0 80000170     078a r 0f         00000008  c.slli   x15, 2
#1322 0 80000172     17c1 r 0f         fffffff8  c.addi   x15, -0x10
#1323 0 80000174     97a2 r 0f         f00410a8  c.add    x15, x8
#1324 0 80000176 f407ac23 m f0041000   00000000  sw       x0, -0xa8(x15)
#1325 0 8000017a fe042783 r 0f         00000002  lw       x15, -0x20(x8)
#1326 0 8000017e     078a r 0f         00000008  c.slli   x15, 2
#1327 0 80000180     17c1 r 0f         fffffff8  c.addi   x15, -0x10
#1328 0 80000182     97a2 r 0f         f00410a8  c.add    x15, x8
#1329 0 80000184 f407a223 m f0040fec   00000000  sw       x0, -0xbc(x15)
#1330 0 80000188 fe042783 r 0f         00000002  lw       x15, -0x20(x8)
#1331 0 8000018c     0785 r 0f         00000003  c.addi   x15, 0x1
#1332 0 8000018e fef42023 m f0041090   00000003  sw       x15, -0x20(x8)
#1333 0 80000192 f00407b7 r 0f         f0040000  lui      x15, -0xffc0
#1334 0 80000196 0647a783 r 0f         00000005  lw       x15, 0x64(x15)
#1335 0 8000019a fe042703 r 0e         00000003  lw       x14, -0x20(x8)
#1336 0 8000019e faf749e3 r 00         00000000  blt      x14, x15, . - 0x4e
#1337 0 80000150 fe042783 r 0f         00000003  lw       x15, -0x20(x8)
#1338 0 80000154     078a r 0f         0000000c  c.slli   x15, 2
#1339 0 80000156     17c1 r 0f         fffffffc  c.addi   x15, -0x10
#1340 0 80000158     97a2 r 0f         f00410ac  c.add    x15, x8
#1341 0 8000015a f807a703 r 0e         0000001e  lw       x14, -0x80(x15)
#1342 0 8000015e fe042783 r 0f         00000003  lw       x15, -0x20(x8)
#1343 0 80000162     078a r 0f         0000000c  c.slli   x15, 2
#1344 0 80000164     17c1 r 0f         fffffffc  c.addi   x15, -0x10
#1345 0 80000166     97a2 r 0f         f00410ac  c.add    x15, x8
#1346 0 80000168 f6e7a623 m f0041018   0000001e  sw       x14, -0x94(x15)
#1347 0 8000016c fe042783 r 0f         00000003  lw       x15, -0x20(x8)
#1348 0 80000170     078a r 0f         0000000c  c.slli   x15, 2
#1349 0 80000172     17c1 r 0f         fffffffc  c.addi   x15, -0x10
#1350 0 80000174     97a2 r 0f         f00410ac  c.add    x15, x8
#1351 0 80000176 f407ac23 m f0041004   00000000  sw       x0, -0xa8(x15)
#1352 0 8000017a fe042783 r 0f         00000003  lw       x15, -0x20(x8)
#1353 0 8000017e     078a r 0f         0000000c  c.slli   x15, 2
#1354 0 80000180     17c1 r 0f         fffffffc  c.addi   x15, -0x10
#1355 0 80000182     97a2 r 0f         f00410ac  c.add    x15, x8
#1356 0 80000184 f407a223 m f0040ff0   00000000  sw       x0, -0xbc(x15)
#1357 0 80000188 fe042783 r 0f         00000003  lw       x15, -0x20(x8)
#1358 0 8000018c     0785 r 0f         00000004  c.addi   x15, 0x1
#1359 0 8000018e fef42023 m f0041090   00000004  sw       x15, -0x20(x8)
#1360 0 80000192 f00407b7 r 0f         f0040000  lui      x15, -0xffc0
#1361 0 80000196 0647a783 r 0f         00000005  lw       x15, 0x64(x15)
#1362 0 8000019a fe042703 r 0e         00000004  lw       x14, -0x20(x8)
#1363 0 8000019e faf749e3 r 00         00000000  blt      x14, x15, . - 0x4e
#1364 0 80000150 fe042783 r 0f         00000004  lw       x15, -0x20(x8)
#1365 0 80000154     078a r 0f         00000010  c.slli   x15, 2
#1366 0 80000156     17c1 r 0f         00000000  c.addi   x15, -0x10
#1367 0 80000158     97a2 r 0f         f00410b0  c.add    x15, x8
#1368 0 8000015a f807a703 r 0e         00000064  lw       x14, -0x80(x15)
#1369 0 8000015e fe042783 r 0f         00000004  lw       x15, -0x20(x8)
#1370 0 80000162     078a r 0f         00000010  c.slli   x15, 2
#1371 0 80000164     17c1 r 0f         00000000  c.addi   x15, -0x10
#1372 0 80000166     97a2 r 0f         f00410b0  c.add    x15, x8
#1373 0 80000168 f6e7a623 m f004101c   00000064  sw       x14, -0x94(x15)
#1374 0 8000016c fe042783 r 0f         00000004  lw       x15, -0x20(x8)
#1375 0 80000170     078a r 0f         00000010  c.slli   x15, 2
#1376 0 80000172     17c1 r 0f         00000000  c.addi   x15, -0x10
#1377 0 80000174     97a2 r 0f         f00410b0  c.add    x15, x8
#1378 0 80000176 f407ac23 m f0041008   00000000  sw       x0, -0xa8(x15)
#1379 0 8000017a fe042783 r 0f         00000004  lw       x15, -0x20(x8)
#1380 0 8000017e     078a r 0f         00000010  c.slli   x15, 2
#1381 0 80000180     17c1 r 0f         00000000  c.addi   x15, -0x10
#1382 0 80000182     97a2 r 0f         f00410b0  c.add    x15, x8
#1383 0 80000184 f407a223 m f0040ff4   00000000  sw       x0, -0xbc(x15)
#1384 0 80000188 fe042783 r 0f         00000004  lw       x15, -0x20(x8)
#1385 0 8000018c     0785 r 0f         00000005  c.addi   x15, 0x1
#1386 0 8000018e fef42023 m f0041090   00000005  sw       x15, -0x20(x8)
#1387 0 80000192 f00407b7 r 0f         f0040000  lui      x15, -0xffc0
#1388 0 80000196 0647a783 r 0f         00000005  lw       x15, 0x64(x15)
#1389 0 8000019a fe042703 r 0e         00000005  lw       x14, -0x20(x8)
#1390 0 8000019e faf749e3 r 00         00000000  blt      x14, x15, . - 0x4e
#1391 0 800001a2 fc042e23 m f004108c   00000000  sw       x0, -0x24(x8)
#1392 0 800001a6 f00407b7 r 0f         f0040000  lui      x15, -0xffc0
#1393 0 800001aa 0647a783 r 0f         00000005  lw       x15, 0x64(x15)
#1394 0 800001ae     17fd r 0f         00000004  c.addi   x15, -0x1
#1395 0 800001b0 fef42223 m f0041094   00000004  sw       x15, -0x1c(x8)
#1396 0 800001b4     a27d r 00         00000000  c.j      . + 0x1ae
#1397 0 80000362 fe442783 r 0f         00000004  lw       x15, -0x1c(x8)
#1398 0 80000366 e4f048e3 r 00         00000000  blt      x0, x15, . - 0x1b0
#1399 0 800001b6     6789 r 0f         00002000  c.lui    x15, 0x2
#1400 0 800001b8 70f78793 r 0f         0000270f  addi     x15, x15, 0x70f
#1401 0 800001bc fef42423 m f0041098   0000270f  sw       x15, -0x18(x8)
#1402 0 800001c0     4785 r 0f         00000001  c.li     x15, 0x1
#1403 0 800001c2 fef42023 m f0041090   00000001  sw       x15, -0x20(x8)
#1404 0 800001c6     a0b1 r 00         00000000  c.j      . + 0x4c
#1405 0 80000212 f00407b7 r 0f         f0040000  lui      x15, -0xffc0
#1406 0 80000216 0647a783 r 0f         00000005  lw       x15, 0x64(x15)
#1407 0 8000021a fe042703 r 0e         00000001  lw       x14, -0x20(x8)
#1408 0 8000021e faf745e3 r 00         00000000  blt      x14, x15, . - 0x56
#1409 0 800001c8 fe042783 r 0f         00000001  lw       x15, -0x20(x8)
#1410 0 800001cc     078a r 0f         00000004  c.slli   x15, 2
#1411 0 800001ce     17c1 r 0f         fffffff4  c.addi   x15, -0x10
#1412 0 800001d0     97a2 r 0f         f00410a4  c.add    x15, x8
#1413 0 800001d2 f447a783 r 0f         00000000  lw       x15, -0xbc(x15)
#1414 0 800001d6     eb8d r 00         00000000  c.bnez   x15, . + 0x32
#1415 0 800001d8 fe042783 r 0f         00000001  lw       x15, -0x20(x8)
#1416 0 800001dc     078a r 0f         00000004  c.slli   x15, 2
#1417 0 800001de     17c1 r 0f         fffffff4  c.addi   x15, -0x10
#1418 0 800001e0     97a2 r 0f         f00410a4  c.add    x15, x8
#1419 0 800001e2 f6c7a783 r 0f         0000000a  lw       x15, -0x94(x15)
#1420 0 800001e6 fe842703 r 0e         0000270f  lw       x14, -0x18(x8)
#1421 0 800001ea 00e7df63 r 00         00000000  bge      x15, x14, . + 0x1e
#1422 0 800001ee fe042783 r 0f         00000001  lw       x15, -0x20(x8)
#1423 0 800001f2 fef42623 m f004109c   00000001  sw       x15, -0x14(x8)
#1424 0 800001f6 fe042783 r 0f         00000001  lw       x15, -0x20(x8)
#1425 0 800001fa     078a r 0f         00000004  c.slli   x15, 2
#1426 0 800001fc     17c1 r 0f         fffffff4  c.addi   x15, -0x10
#1427 0 800001fe     97a2 r 0f         f00410a4  c.add    x15, x8
#1428 0 80000200 f6c7a783 r 0f         0000000a  lw       x15, -0x94(x15)
#1429 0 80000204 fef42423 m f0041098   0000000a  sw       x15, -0x18(x8)
#1430 0 80000208 fe042783 r 0f         00000001  lw       x15, -0x20(x8)
#1431 0 8000020c     0785 r 0f         00000002  c.addi   x15, 0x1
#1432 0 8000020e fef42023 m f0041090   00000002  sw       x15, -0x20(x8)
#1433 0 80000212 f00407b7 r 0f         f0040000  lui      x15, -0xffc0
#1434 0 80000216 0647a783 r 0f         00000005  lw       x15, 0x64(x15)
#1435 0 8000021a fe042703 r 0e         00000002  lw       x14, -0x20(x8)
#1436 0 8000021e faf745e3 r 00         00000000  blt      x14, x15, . - 0x56
#1437 0 800001c8 fe042783 r 0f         00000002  lw       x15, -0x20(x8)
#1438 0 800001cc     078a r 0f         00000008  c.slli   x15, 2
#1439 0 800001ce     17c1 r 0f         fffffff8  c.addi   x15, -0x10
#1440 0 800001d0     97a2 r 0f         f00410a8  c.add    x15, x8
#1441 0 800001d2 f447a783 r 0f         00000000  lw       x15, -0xbc(x15)
#1442 0 800001d6     eb8d r 00         00000000  c.bnez   x15, . + 0x32
#1443 0 800001d8 fe042783 r 0f         00000002  lw       x15, -0x20(x8)
#1444 0 800001dc     078a r 0f         00000008  c.slli   x15, 2
#1445 0 800001de     17c1 r 0f         fffffff8  c.addi   x15, -0x10
#1446 0 800001e0     97a2 r 0f         f00410a8  c.add    x15, x8
#1447 0 800001e2 f6c7a783 r 0f         0000270f  lw       x15, -0x94(x15)
#1448 0 800001e6 fe842703 r 0e         0000000a  lw       x14, -0x18(x8)
#1449 0 800001ea 00e7df63 r 00         00000000  bge      x15, x14, . + 0x1e
#1450 0 80000208 fe042783 r 0f         00000002  lw       x15, -0x20(x8)
#1451 0 8000020c     0785 r 0f         00000003  c.addi   x15, 0x1
#1452 0 8000020e fef42023 m f0041090   00000003  sw       x15, -0x20(x8)
#1453 0 80000212 f00407b7 r 0f         f0040000  lui      x15, -0xffc0
#1454 0 80000216 0647a783 r 0f         00000005  lw       x15, 0x64(x15)
#1455 0 8000021a fe042703 r 0e         00000003  lw       x14, -0x20(x8)
#1456 0 8000021e faf745e3 r 00         00000000  blt      x14, x15, . - 0x56
#1457 0 800001c8 fe042783 r 0f         00000003  lw       x15, -0x20(x8)
#1458 0 800001cc     078a r 0f         0000000c  c.slli   x15, 2
#1459 0 800001ce     17c1 r 0f         fffffffc  c.addi   x15, -0x10
#1460 0 800001d0     97a2 r 0f         f00410ac  c.add    x15, x8
#1461 0 800001d2 f447a783 r 0f         00000000  lw       x15, -0xbc(x15)
#1462 0 800001d6     eb8d r 00         00000000  c.bnez   x15, . + 0x32
#1463 0 800001d8 fe042783 r 0f         00000003  lw       x15, -0x20(x8)
#1464 0 800001dc     078a r 0f         0000000c  c.slli   x15, 2
#1465 0 800001de     17c1 r 0f         fffffffc  c.addi   x15, -0x10
#1466 0 800001e0     97a2 r 0f         f00410ac  c.add    x15, x8
#1467 0 800001e2 f6c7a783 r 0f         0000001e  lw       x15, -0x94(x15)
#1468 0 800001e6 fe842703 r 0e         0000000a  lw       x14, -0x18(x8)
#1469 0 800001ea 00e7df63 r 00         00000000  bge      x15, x14, . + 0x1e
#1470 0 80000208 fe042783 r 0f         00000003  lw       x15, -0x20(x8)
#1471 0 8000020c     0785 r 0f         00000004  c.addi   x15, 0x1
#1472 0 8000020e fef42023 m f0041090   00000004  sw       x15, -0x20(x8)
#1473 0 80000212 f00407b7 r 0f         f0040000  lui      x15, -0xffc0
#1474 0 80000216 0647a783 r 0f         00000005  lw       x15, 0x64(x15)
#1475 0 8000021a fe042703 r 0e         00000004  lw       x14, -0x20(x8)
#1476 0 8000021e faf745e3 r 00         00000000  blt      x14, x15, . - 0x56
#1477 0 800001c8 fe042783 r 0f         00000004  lw       x15, -0x20(x8)
#1478 0 800001cc     078a r 0f         00000010  c.slli   x15, 2
#1479 0 800001ce     17c1 r 0f         00000000  c.addi   x15, -0x10
#1480 0 800001d0     97a2 r 0f         f00410b0  c.add    x15, x8
#1481 0 800001d2 f447a783 r 0f         00000000  lw       x15, -0xbc(x15)
#1482 0 800001d6     eb8d r 00         00000000  c.bnez   x15, . + 0x32
#1483 0 800001d8 fe042783 r 0f         00000004  lw       x15, -0x20(x8)
#1484 0 800001dc     078a r 0f         00000010  c.slli   x15, 2
#1485 0 800001de     17c1 r 0f         00000000  c.addi   x15, -0x10
#1486 0 800001e0     97a2 r 0f         f00410b0  c.add    x15, x8
#1487 0 800001e2 f6c7a783 r 0f         00000064  lw       x15, -0x94(x15)
#1488 0 800001e6 fe842703 r 0e         0000000a  lw       x14, -0x18(x8)
#1489 0 800001ea 00e7df63 r 00         00000000  bge      x15, x14, . + 0x1e
#1490 0 80000208 fe042783 r 0f         00000004  lw       x15, -0x20(x8)
#1491 0 8000020c     0785 r 0f         00000005  c.addi   x15, 0x1
#1492 0 8000020e fef42023 m f0041090   00000005  sw       x15, -0x20(x8)
#1493 0 80000212 f00407b7 r 0f         f0040000  lui      x15, -0xffc0
#1494 0 80000216 0647a783 r 0f         00000005  lw       x15, 0x64(x15)
#1495 0 8000021a fe042703 r 0e         00000005  lw       x14, -0x20(x8)
#1496 0 8000021e faf745e3 r 00         00000000  blt      x14, x15, . - 0x56
#1497 0 80000222 fec42783 r 0f         00000001  lw       x15, -0x14(x8)
#1498 0 80000226     078a r 0f         00000004  c.slli   x15, 2
#1499 0 80000228     17c1 r 0f         fffffff4  c.addi   x15, -0x10
#1500 0 8000022a     97a2 r 0f         f00410a4  c.add    x15, x8
#1501 0 8000022c f587a783 r 0f         00000000  lw       x15, -0xa8(x15)
#1502 0 80000230 fcf42a23 m f0041084   00000000  sw       x15, -0x2c(x8)
#1503 0 80000234 fec42783 r 0f         00000001  lw       x15, -0x14(x8)
#1504 0 80000238     078a r 0f         00000004  c.slli   x15, 2
#1505 0 8000023a     17c1 r 0f         fffffff4  c.addi   x15, -0x10
#1506 0 8000023c     97a2 r 0f         f00410a4  c.add    x15, x8
#1507 0 8000023e f6c7a683 r 0d         0000000a  lw       x13, -0x94(x15)
#1508 0 80000242 f00407b7 r 0f         f0040000  lui      x15, -0xffc0
#1509 0 80000246 06878613 r 0c         f0040068  addi     x12, x15, 0x68
#1510 0 8000024a fd442703 r 0e         00000000  lw       x14, -0x2c(x8)
#1511 0 8000024e     87ba r 0f         00000000  c.mv     x15, x14
#1512 0 80000250     078a r 0f         00000000  c.slli   x15, 2
#1513 0 80000252     97ba r 0f         00000000  c.add    x15, x14
#1514 0 80000254 fec42703 r 0e         00000001  lw       x14, -0x14(x8)
#1515 0 80000258     97ba r 0f         00000001  c.add    x15, x14
#1516 0 8000025a     078a r 0f         00000004  c.slli   x15, 2
#1517 0 8000025c     97b2 r 0f         f004006c  c.add    x15, x12
#1518 0 8000025e     c394 m f004006c   0000000a  c.sw     x13, 0x0(x15)
#1519 0 80000260 fec42783 r 0f         00000001  lw       x15, -0x14(x8)
#1520 0 80000264     078a r 0f         00000004  c.slli   x15, 2
#1521 0 80000266     17c1 r 0f         fffffff4  c.addi   x15, -0x10
#1522 0 80000268     97a2 r 0f         f00410a4  c.add    x15, x8
#1523 0 8000026a f6c7a683 r 0d         0000000a  lw       x13, -0x94(x15)
#1524 0 8000026e f00407b7 r 0f         f0040000  lui      x15, -0xffc0
#1525 0 80000272 06878613 r 0c         f0040068  addi     x12, x15, 0x68
#1526 0 80000276 fec42703 r 0e         00000001  lw       x14, -0x14(x8)
#1527 0 8000027a     87ba r 0f         00000001  c.mv     x15, x14
#1528 0 8000027c     078a r 0f         00000004  c.slli   x15, 2
#1529 0 8000027e     97ba r 0f         00000005  c.add    x15, x14
#1530 0 80000280 fd442703 r 0e         00000000  lw       x14, -0x2c(x8)
#1531 0 80000284     97ba r 0f         00000005  c.add    x15, x14
#1532 0 80000286     078a r 0f         00000014  c.slli   x15, 2
#1533 0 80000288     97b2 r 0f         f004007c  c.add    x15, x12
#1534 0 8000028a     c394 m f004007c   0000000a  c.sw     x13, 0x0(x15)
#1535 0 8000028c fe442783 r 0f         00000004  lw       x15, -0x1c(x8)
#1536 0 80000290     17fd r 0f         00000003  c.addi   x15, -0x1
#1537 0 80000292 fef42223 m f0041094   00000003  sw       x15, -0x1c(x8)
#1538 0 80000296 fec42783 r 0f         00000001  lw       x15, -0x14(x8)
#1539 0 8000029a     078a r 0f         00000004  c.slli   x15, 2
#1540 0 8000029c     17c1 r 0f         fffffff4  c.addi   x15, -0x10
#1541 0 8000029e     97a2 r 0f         f00410a4  c.add    x15, x8
#1542 0 800002a0     4705 r 0e         00000001  c.li     x14, 0x1
#1543 0 800002a2 f4e7a223 m f0040fe8   00000001  sw       x14, -0xbc(x15)
#1544 0 800002a6     4785 r 0f         00000001  c.li     x15, 0x1
#1545 0 800002a8 fef42023 m f0041090   00000001  sw       x15, -0x20(x8)
#1546 0 800002ac     a049 r 00         00000000  c.j      . + 0x82
#1547 0 8000032e f00407b7 r 0f         f0040000  lui      x15, -0xffc0
#1548 0 80000332 0647a783 r 0f         00000005  lw       x15, 0x64(x15)
#1549 0 80000336 fe042703 r 0e         00000001  lw       x14, -0x20(x8)
#1550 0 8000033a f6f74ae3 r 00         00000000  blt      x14, x15, . - 0x8c
#1551 0 800002ae fe042783 r 0f         00000001  lw       x15, -0x20(x8)
#1552 0 800002b2     078a r 0f         00000004  c.slli   x15, 2
#1553 0 800002b4     17c1 r 0f         fffffff4  c.addi   x15, -0x10
#1554 0 800002b6     97a2 r 0f         f00410a4  c.add    x15, x8
#1555 0 800002b8 f447a783 r 0f         00000001  lw       x15, -0xbc(x15)
#1556 0 800002bc     e7a5 r 00         00000000  c.bnez   x15, . + 0x68
#1557 0 80000324 fe042783 r 0f         00000001  lw       x15, -0x20(x8)
#1558 0 80000328     0785 r 0f         00000002  c.addi   x15, 0x1
#1559 0 8000032a fef42023 m f0041090   00000002  sw       x15, -0x20(x8)
#1560 0 8000032e f00407b7 r 0f         f0040000  lui      x15, -0xffc0
#1561 0 80000332 0647a783 r 0f         00000005  lw       x15, 0x64(x15)
#1562 0 80000336 fe042703 r 0e         00000002  lw       x14, -0x20(x8)
#1563 0 8000033a f6f74ae3 r 00         00000000  blt      x14, x15, . - 0x8c
#1564 0 800002ae fe042783 r 0f         00000002  lw       x15, -0x20(x8)
#1565 0 800002b2     078a r 0f         00000008  c.slli   x15, 2
#1566 0 800002b4     17c1 r 0f         fffffff8  c.addi   x15, -0x10
#1567 0 800002b6     97a2 r 0f         f00410a8  c.add    x15, x8
#1568 0 800002b8 f447a783 r 0f         00000000  lw       x15, -0xbc(x15)
#1569 0 800002bc     e7a5 r 00         00000000  c.bnez   x15, . + 0x68
#1570 0 800002be fe042703 r 0e         00000002  lw       x14, -0x20(x8)
#1571 0 800002c2     87ba r 0f         00000002  c.mv     x15, x14
#1572 0 800002c4     078a r 0f         00000008  c.slli   x15, 2
#1573 0 800002c6     97ba r 0f         0000000a  c.add    x15, x14
#1574 0 800002c8 fec42703 r 0e         00000001  lw       x14, -0x14(x8)
#1575 0 800002cc     97ba r 0f         0000000b  c.add    x15, x14
#1576 0 800002ce     078a r 0f         0000002c  c.slli   x15, 2
#1577 0 800002d0     17c1 r 0f         0000001c  c.addi   x15, -0x10
#1578 0 800002d2     97a2 r 0f         f00410cc  c.add    x15, x8
#1579 0 800002d4 f807a703 r 0e         00000032  lw       x14, -0x80(x15)
#1580 0 800002d8 fe042783 r 0f         00000002  lw       x15, -0x20(x8)
#1581 0 800002dc     078a r 0f         00000008  c.slli   x15, 2
#1582 0 800002de     17c1 r 0f         fffffff8  c.addi   x15, -0x10
#1583 0 800002e0     97a2 r 0f         f00410a8  c.add    x15, x8
#1584 0 800002e2 f6c7a783 r 0f         0000270f  lw       x15, -0x94(x15)
#1585 0 800002e6 02f75f63 r 00         00000000  bge      x14, x15, . + 0x3e
#1586 0 800002ea fe042703 r 0e         00000002  lw       x14, -0x20(x8)
#1587 0 800002ee     87ba r 0f         00000002  c.mv     x15, x14
#1588 0 800002f0     078a r 0f         00000008  c.slli   x15, 2
#1589 0 800002f2     97ba r 0f         0000000a  c.add    x15, x14
#1590 0 800002f4 fec42703 r 0e         00000001  lw       x14, -0x14(x8)
#1591 0 800002f8     97ba r 0f         0000000b  c.add    x15, x14
#1592 0 800002fa     078a r 0f         0000002c  c.slli   x15, 2
#1593 0 800002fc     17c1 r 0f         0000001c  c.addi   x15, -0x10
#1594 0 800002fe     97a2 r 0f         f00410cc  c.add    x15, x8
#1595 0 80000300 f807a703 r 0e         00000032  lw       x14, -0x80(x15)
#1596 0 80000304 fe042783 r 0f         00000002  lw       x15, -0x20(x8)
#1597 0 80000308     078a r 0f         00000008  c.slli   x15, 2
#1598 0 8000030a     17c1 r 0f         fffffff8  c.addi   x15, -0x10
#1599 0 8000030c     97a2 r 0f         f00410a8  c.add    x15, x8
#1600 0 8000030e f6e7a623 m f0041014   00000032  sw       x14, -0x94(x15)
#1601 0 80000312 fe042783 r 0f         00000002  lw       x15, -0x20(x8)
#1602 0 80000316     078a r 0f         00000008  c.slli   x15, 2
#1603 0 80000318     17c1 r 0f         fffffff8  c.addi   x15, -0x10
#1604 0 8000031a     97a2 r 0f         f00410a8  c.add    x15, x8
#1605 0 8000031c fec42703 r 0e         00000001  lw       x14, -0x14(x8)
#1606 0 80000320 f4e7ac23 m f0041000   00000001  sw       x14, -0xa8(x15)
#1607 0 80000324 fe042783 r 0f         00000002  lw       x15, -0x20(x8)
#1608 0 80000328     0785 r 0f         00000003  c.addi   x15, 0x1
#1609 0 8000032a fef42023 m f0041090   00000003  sw       x15, -0x20(x8)
#1610 0 8000032e f00407b7 r 0f         f0040000  lui      x15, -0xffc0
#1611 0 80000332 0647a783 r 0f         00000005  lw       x15, 0x64(x15)
#1612 0 80000336 fe042703 r 0e         00000003  lw       x14, -0x20(x8)
#1613 0 8000033a f6f74ae3 r 00         00000000  blt      x14, x15, . - 0x8c
#1614 0 800002ae fe042783 r 0f         00000003  lw       x15, -0x20(x8)
#1615 0 800002b2     078a r 0f         0000000c  c.slli   x15, 2
#1616 0 800002b4     17c1 r 0f         fffffffc  c.addi   x15, -0x10
#1617 0 800002b6     97a2 r 0f         f00410ac  c.add    x15, x8
#1618 0 800002b8 f447a783 r 0f         00000000  lw       x15, -0xbc(x15)
#1619 0 800002bc     e7a5 r 00         00000000  c.bnez   x15, . + 0x68
#1620 0 800002be fe042703 r 0e         00000003  lw       x14, -0x20(x8)
#1621 0 800002c2     87ba r 0f         00000003  c.mv     x15, x14
#1622 0 800002c4     078a r 0f         0000000c  c.slli   x15, 2
#1623 0 800002c6     97ba r 0f         0000000f  c.add    x15, x14
#1624 0 800002c8 fec42703 r 0e         00000001  lw       x14, -0x14(x8)
#1625 0 800002cc     97ba r 0f         00000010  c.add    x15, x14
#1626 0 800002ce     078a r 0f         00000040  c.slli   x15, 2
#1627 0 800002d0     17c1 r 0f         00000030  c.addi   x15, -0x10
#1628 0 800002d2     97a2 r 0f         f00410e0  c.add    x15, x8
#1629 0 800002d4 f807a703 r 0e         0000270f  lw       x14, -0x80(x15)
#1630 0 800002d8 fe042783 r 0f         00000003  lw       x15, -0x20(x8)
#1631 0 800002dc     078a r 0f         0000000c  c.slli   x15, 2
#1632 0 800002de     17c1 r 0f         fffffffc  c.addi   x15, -0x10
#1633 0 800002e0     97a2 r 0f         f00410ac  c.add    x15, x8
#1634 0 800002e2 f6c7a783 r 0f         0000001e  lw       x15, -0x94(x15)
#1635 0 800002e6 02f75f63 r 00         00000000  bge      x14, x15, . + 0x3e
#1636 0 80000324 fe042783 r 0f         00000003  lw       x15, -0x20(x8)
#1637 0 80000328     0785 r 0f         00000004  c.addi   x15, 0x1
#1638 0 8000032a fef42023 m f0041090   00000004  sw       x15, -0x20(x8)
#1639 0 8000032e f00407b7 r 0f         f0040000  lui      x15, -0xffc0
#1640 0 80000332 0647a783 r 0f         00000005  lw       x15, 0x64(x15)
#1641 0 80000336 fe042703 r 0e         00000004  lw       x14, -0x20(x8)
#1642 0 8000033a f6f74ae3 r 00         00000000  blt      x14, x15, . - 0x8c
#1643 0 800002ae fe042783 r 0f         00000004  lw       x15, -0x20(x8)
#1644 0 800002b2     078a r 0f         00000010  c.slli   x15, 2
#1645 0 800002b4     17c1 r 0f         00000000  c.addi   x15, -0x10
#1646 0 800002b6     97a2 r 0f         f00410b0  c.add    x15, x8
#1647 0 800002b8 f447a783 r 0f         00000000  lw       x15, -0xbc(x15)
#1648 0 800002bc     e7a5 r 00         00000000  c.bnez   x15, . + 0x68
#1649 0 800002be fe042703 r 0e         00000004  lw       x14, -0x20(x8)
#1650 0 800002c2     87ba r 0f         00000004  c.mv     x15, x14
#1651 0 800002c4     078a r 0f         00000010  c.slli   x15, 2
#1652 0 800002c6     97ba r 0f         00000014  c.add    x15, x14
#1653 0 800002c8 fec42703 r 0e         00000001  lw       x14, -0x14(x8)
#1654 0 800002cc     97ba r 0f         00000015  c.add    x15, x14
#1655 0 800002ce     078a r 0f         00000054  c.slli   x15, 2
#1656 0 800002d0     17c1 r 0f         00000044  c.addi   x15, -0x10
#1657 0 800002d2     97a2 r 0f         f00410f4  c.add    x15, x8
#1658 0 800002d4 f807a703 r 0e         0000270f  lw       x14, -0x80(x15)
#1659 0 800002d8 fe042783 r 0f         00000004  lw       x15, -0x20(x8)
#1660 0 800002dc     078a r 0f         00000010  c.slli   x15, 2
#1661 0 800002de     17c1 r 0f         00000000  c.addi   x15, -0x10
#1662 0 800002e0     97a2 r 0f         f00410b0  c.add    x15, x8
#1663 0 800002e2 f6c7a783 r 0f         00000064  lw       x15, -0x94(x15)
#1664 0 800002e6 02f75f63 r 00         00000000  bge      x14, x15, . + 0x3e
#1665 0 80000324 fe042783 r 0f         00000004  lw       x15, -0x20(x8)
#1666 0 80000328     0785 r 0f         00000005  c.addi   x15, 0x1
#1667 0 8000032a fef42023 m f0041090   00000005  sw       x15, -0x20(x8)
#1668 0 8000032e f00407b7 r 0f         f0040000  lui      x15, -0xffc0
#1669 0 80000332 0647a783 r 0f         00000005  lw       x15, 0x64(x15)
#1670 0 80000336 fe042703 r 0e         00000005  lw       x14, -0x20(x8)
#1671 0 8000033a f6f74ae3 r 00         00000000  blt      x14, x15, . - 0x8c
#1672 0 8000033e fd442703 r 0e         00000000  lw       x14, -0x2c(x8)
#1673 0 80000342     87ba r 0f         00000000  c.mv     x15, x14
#1674 0 80000344     078a r 0f         00000000  c.slli   x15, 2
#1675 0 80000346     97ba r 0f         00000000  c.add    x15, x14
#1676 0 80000348 fec42703 r 0e         00000001  lw       x14, -0x14(x8)
#1677 0 8000034c     97ba r 0f         00000001  c.add    x15, x14
#1678 0 8000034e     078a r 0f         00000004  c.slli   x15, 2
#1679 0 80000350     17c1 r 0f         fffffff4  c.addi   x15, -0x10
#1680 0 80000352     97a2 r 0f         f00410a4  c.add    x15, x8
#1681 0 80000354 f807a783 r 0f         0000000a  lw       x15, -0x80(x15)
#1682 0 80000358 fdc42703 r 0e         00000000  lw       x14, -0x24(x8)
#1683 0 8000035c     97ba r 0f         0000000a  c.add    x15, x14
#1684 0 8000035e fcf42e23 m f004108c   0000000a  sw       x15, -0x24(x8)
#1685 0 80000362 fe442783 r 0f         00000003  lw       x15, -0x1c(x8)
#1686 0 80000366 e4f048e3 r 00         00000000  blt      x0, x15, . - 0x1b0
#1687 0 800001b6     6789 r 0f         00002000  c.lui    x15, 0x2
#1688 0 800001b8 70f78793 r 0f         0000270f  addi     x15, x15, 0x70f
#1689 0 800001bc fef42423 m f0041098   0000270f  sw       x15, -0x18(x8)
#1690 0 800001c0     4785 r 0f         00000001  c.li     x15, 0x1
#1691 0 800001c2 fef42023 m f0041090   00000001  sw       x15, -0x20(x8)
#1692 0 800001c6     a0b1 r 00         00000000  c.j      . + 0x4c
#1693 0 80000212 f00407b7 r 0f         f0040000  lui      x15, -0xffc0
#1694 0 80000216 0647a783 r 0f         00000005  lw       x15, 0x64(x15)
#1695 0 8000021a fe042703 r 0e         00000001  lw       x14, -0x20(x8)
#1696 0 8000021e faf745e3 r 00         00000000  blt      x14, x15, . - 0x56
#1697 0 800001c8 fe042783 r 0f         00000001  lw       x15, -0x20(x8)
#1698 0 800001cc     078a r 0f         00000004  c.slli   x15, 2
#1699 0 800001ce     17c1 r 0f         fffffff4  c.addi   x15, -0x10
#1700 0 800001d0     97a2 r 0f         f00410a4  c.add    x15, x8
#1701 0 800001d2 f447a783 r 0f         00000001  lw       x15, -0xbc(x15)
#1702 0 800001d6     eb8d r 00         00000000  c.bnez   x15, . + 0x32
#1703 0 80000208 fe042783 r 0f         00000001  lw       x15, -0x20(x8)
#1704 0 8000020c     0785 r 0f         00000002  c.addi   x15, 0x1
#1705 0 8000020e fef42023 m f0041090   00000002  sw       x15, -0x20(x8)
#1706 0 80000212 f00407b7 r 0f         f0040000  lui      x15, -0xffc0
#1707 0 80000216 0647a783 r 0f         00000005  lw       x15, 0x64(x15)
#1708 0 8000021a fe042703 r 0e         00000002  lw       x14, -0x20(x8)
#1709 0 8000021e faf745e3 r 00         00000000  blt      x14, x15, . - 0x56
#1710 0 800001c8 fe042783 r 0f         00000002  lw       x15, -0x20(x8)
#1711 0 800001cc     078a r 0f         00000008  c.slli   x15, 2
#1712 0 800001ce     17c1 r 0f         fffffff8  c.addi   x15, -0x10
#1713 0 800001d0     97a2 r 0f         f00410a8  c.add    x15, x8
#1714 0 800001d2 f447a783 r 0f         00000000  lw       x15, -0xbc(x15)
#1715 0 800001d6     eb8d r 00         00000000  c.bnez   x15, . + 0x32
#1716 0 800001d8 fe042783 r 0f         00000002  lw       x15, -0x20(x8)
#1717 0 800001dc     078a r 0f         00000008  c.slli   x15, 2
#1718 0 800001de     17c1 r 0f         fffffff8  c.addi   x15, -0x10
#1719 0 800001e0     97a2 r 0f         f00410a8  c.add    x15, x8
#1720 0 800001e2 f6c7a783 r 0f         00000032  lw       x15, -0x94(x15)
#1721 0 800001e6 fe842703 r 0e         0000270f  lw       x14, -0x18(x8)
#1722 0 800001ea 00e7df63 r 00         00000000  bge      x15, x14, . + 0x1e
#1723 0 800001ee fe042783 r 0f         00000002  lw       x15, -0x20(x8)
#1724 0 800001f2 fef42623 m f004109c   00000002  sw       x15, -0x14(x8)
#1725 0 800001f6 fe042783 r 0f         00000002  lw       x15, -0x20(x8)
#1726 0 800001fa     078a r 0f         00000008  c.slli   x15, 2
#1727 0 800001fc     17c1 r 0f         fffffff8  c.addi   x15, -0x10
#1728 0 800001fe     97a2 r 0f         f00410a8  c.add    x15, x8
#1729 0 80000200 f6c7a783 r 0f         00000032  lw       x15, -0x94(x15)
#1730 0 80000204 fef42423 m f0041098   00000032  sw       x15, -0x18(x8)
#1731 0 80000208 fe042783 r 0f         00000002  lw       x15, -0x20(x8)
#1732 0 8000020c     0785 r 0f         00000003  c.addi   x15, 0x1
#1733 0 8000020e fef42023 m f0041090   00000003  sw       x15, -0x20(x8)
#1734 0 80000212 f00407b7 r 0f         f0040000  lui      x15, -0xffc0
#1735 0 80000216 0647a783 r 0f         00000005  lw       x15, 0x64(x15)
#1736 0 8000021a fe042703 r 0e         00000003  lw       x14, -0x20(x8)
#1737 0 8000021e faf745e3 r 00         00000000  blt      x14, x15, . - 0x56
#1738 0 800001c8 fe042783 r 0f         00000003  lw       x15, -0x20(x8)
#1739 0 800001cc     078a r 0f         0000000c  c.slli   x15, 2
#1740 0 800001ce     17c1 r 0f         fffffffc  c.addi   x15, -0x10
#1741 0 800001d0     97a2 r 0f         f00410ac  c.add    x15, x8
#1742 0 800001d2 f447a783 r 0f         00000000  lw       x15, -0xbc(x15)
#1743 0 800001d6     eb8d r 00         00000000  c.bnez   x15, . + 0x32
#1744 0 800001d8 fe042783 r 0f         00000003  lw       x15, -0x20(x8)
#1745 0 800001dc     078a r 0f         0000000c  c.slli   x15, 2
#1746 0 800001de     17c1 r 0f         fffffffc  c.addi   x15, -0x10
#1747 0 800001e0     97a2 r 0f         f00410ac  c.add    x15, x8
#1748 0 800001e2 f6c7a783 r 0f         0000001e  lw       x15, -0x94(x15)
#1749 0 800001e6 fe842703 r 0e         00000032  lw       x14, -0x18(x8)
#1750 0 800001ea 00e7df63 r 00         00000000  bge      x15, x14, . + 0x1e
#1751 0 800001ee fe042783 r 0f         00000003  lw       x15, -0x20(x8)
#1752 0 800001f2 fef42623 m f004109c   00000003  sw       x15, -0x14(x8)
#1753 0 800001f6 fe042783 r 0f         00000003  lw       x15, -0x20(x8)
#1754 0 800001fa     078a r 0f         0000000c  c.slli   x15, 2
#1755 0 800001fc     17c1 r 0f         fffffffc  c.addi   x15, -0x10
#1756 0 800001fe     97a2 r 0f         f00410ac  c.add    x15, x8
#1757 0 80000200 f6c7a783 r 0f         0000001e  lw       x15, -0x94(x15)
#1758 0 80000204 fef42423 m f0041098   0000001e  sw       x15, -0x18(x8)
#1759 0 80000208 fe042783 r 0f         00000003  lw       x15, -0x20(x8)
#1760 0 8000020c     0785 r 0f         00000004  c.addi   x15, 0x1
#1761 0 8000020e fef42023 m f0041090   00000004  sw       x15, -0x20(x8)
#1762 0 80000212 f00407b7 r 0f         f0040000  lui      x15, -0xffc0
#1763 0 80000216 0647a783 r 0f         00000005  lw       x15, 0x64(x15)
#1764 0 8000021a fe042703 r 0e         00000004  lw       x14, -0x20(x8)
#1765 0 8000021e faf745e3 r 00         00000000  blt      x14, x15, . - 0x56
#1766 0 800001c8 fe042783 r 0f         00000004  lw       x15, -0x20(x8)
#1767 0 800001cc     078a r 0f         00000010  c.slli   x15, 2
#1768 0 800001ce     17c1 r 0f         00000000  c.addi   x15, -0x10
#1769 0 800001d0     97a2 r 0f         f00410b0  c.add    x15, x8
#1770 0 800001d2 f447a783 r 0f         00000000  lw       x15, -0xbc(x15)
#1771 0 800001d6     eb8d r 00         00000000  c.bnez   x15, . + 0x32
#1772 0 800001d8 fe042783 r 0f         00000004  lw       x15, -0x20(x8)
#1773 0 800001dc     078a r 0f         00000010  c.slli   x15, 2
#1774 0 800001de     17c1 r 0f         00000000  c.addi   x15, -0x10
#1775 0 800001e0     97a2 r 0f         f00410b0  c.add    x15, x8
#1776 0 800001e2 f6c7a783 r 0f         00000064  lw       x15, -0x94(x15)
#1777 0 800001e6 fe842703 r 0e         0000001e  lw       x14, -0x18(x8)
#1778 0 800001ea 00e7df63 r 00         00000000  bge      x15, x14, . + 0x1e
#1779 0 80000208 fe042783 r 0f         00000004  lw       x15, -0x20(x8)
#1780 0 8000020c     0785 r 0f         00000005  c.addi   x15, 0x1
#1781 0 8000020e fef42023 m f0041090   00000005  sw       x15, -0x20(x8)
#1782 0 80000212 f00407b7 r 0f         f0040000  lui      x15, -0xffc0
#1783 0 80000216 0647a783 r 0f         00000005  lw       x15, 0x64(x15)
#1784 0 8000021a fe042703 r 0e         00000005  lw       x14, -0x20(x8)
#1785 0 8000021e faf745e3 r 00         00000000  blt      x14, x15, . - 0x56
#1786 0 80000222 fec42783 r 0f         00000003  lw       x15, -0x14(x8)
#1787 0 80000226     078a r 0f         0000000c  c.slli   x15, 2
#1788 0 80000228     17c1 r 0f         fffffffc  c.addi   x15, -0x10
#1789 0 8000022a     97a2 r 0f         f00410ac  c.add    x15, x8
#1790 0 8000022c f587a783 r 0f         00000000  lw       x15, -0xa8(x15)
#1791 0 80000230 fcf42a23 m f0041084   00000000  sw       x15, -0x2c(x8)
#1792 0 80000234 fec42783 r 0f         00000003  lw       x15, -0x14(x8)
#1793 0 80000238     078a r 0f         0000000c  c.slli   x15, 2
#1794 0 8000023a     17c1 r 0f         fffffffc  c.addi   x15, -0x10
#1795 0 8000023c     97a2 r 0f         f00410ac  c.add    x15, x8
#1796 0 8000023e f6c7a683 r 0d         0000001e  lw       x13, -0x94(x15)
#1797 0 80000242 f00407b7 r 0f         f0040000  lui      x15, -0xffc0
#1798 0 80000246 06878613 r 0c         f0040068  addi     x12, x15, 0x68
#1799 0 8000024a fd442703 r 0e         00000000  lw       x14, -0x2c(x8)
#1800 0 8000024e     87ba r 0f         00000000  c.mv     x15, x14
#1801 0 80000250     078a r 0f         00000000  c.slli   x15, 2
#1802 0 80000252     97ba r 0f         00000000  c.add    x15, x14
#1803 0 80000254 fec42703 r 0e         00000003  lw       x14, -0x14(x8)
#1804 0 80000258     97ba r 0f         00000003  c.add    x15, x14
#1805 0 8000025a     078a r 0f         0000000c  c.slli   x15, 2
#1806 0 8000025c     97b2 r 0f         f0040074  c.add    x15, x12
#1807 0 8000025e     c394 m f0040074   0000001e  c.sw     x13, 0x0(x15)
#1808 0 80000260 fec42783 r 0f         00000003  lw       x15, -0x14(x8)
#1809 0 80000264     078a r 0f         0000000c  c.slli   x15, 2
#1810 0 80000266     17c1 r 0f         fffffffc  c.addi   x15, -0x10
#1811 0 80000268     97a2 r 0f         f00410ac  c.add    x15, x8
#1812 0 8000026a f6c7a683 r 0d         0000001e  lw       x13, -0x94(x15)
#1813 0 8000026e f00407b7 r 0f         f0040000  lui      x15, -0xffc0
#1814 0 80000272 06878613 r 0c         f0040068  addi     x12, x15, 0x68
#1815 0 80000276 fec42703 r 0e         00000003  lw       x14, -0x14(x8)
#1816 0 8000027a     87ba r 0f         00000003  c.mv     x15, x14
#1817 0 8000027c     078a r 0f         0000000c  c.slli   x15, 2
#1818 0 8000027e     97ba r 0f         0000000f  c.add    x15, x14
#1819 0 80000280 fd442703 r 0e         00000000  lw       x14, -0x2c(x8)
#1820 0 80000284     97ba r 0f         0000000f  c.add    x15, x14
#1821 0 80000286     078a r 0f         0000003c  c.slli   x15, 2
#1822 0 80000288     97b2 r 0f         f00400a4  c.add    x15, x12
#1823 0 8000028a     c394 m f00400a4   0000001e  c.sw     x13, 0x0(x15)
#1824 0 8000028c fe442783 r 0f         00000003  lw       x15, -0x1c(x8)
#1825 0 80000290     17fd r 0f         00000002  c.addi   x15, -0x1
#1826 0 80000292 fef42223 m f0041094   00000002  sw       x15, -0x1c(x8)
#1827 0 80000296 fec42783 r 0f         00000003  lw       x15, -0x14(x8)
#1828 0 8000029a     078a r 0f         0000000c  c.slli   x15, 2
#1829 0 8000029c     17c1 r 0f         fffffffc  c.addi   x15, -0x10
#1830 0 8000029e     97a2 r 0f         f00410ac  c.add    x15, x8
#1831 0 800002a0     4705 r 0e         00000001  c.li     x14, 0x1
#1832 0 800002a2 f4e7a223 m f0040ff0   00000001  sw       x14, -0xbc(x15)
#1833 0 800002a6     4785 r 0f         00000001  c.li     x15, 0x1
#1834 0 800002a8 fef42023 m f0041090   00000001  sw       x15, -0x20(x8)
#1835 0 800002ac     a049 r 00         00000000  c.j      . + 0x82
#1836 0 8000032e f00407b7 r 0f         f0040000  lui      x15, -0xffc0
#1837 0 80000332 0647a783 r 0f         00000005  lw       x15, 0x64(x15)
#1838 0 80000336 fe042703 r 0e         00000001  lw       x14, -0x20(x8)
#1839 0 8000033a f6f74ae3 r 00         00000000  blt      x14, x15, . - 0x8c
#1840 0 800002ae fe042783 r 0f         00000001  lw       x15, -0x20(x8)
#1841 0 800002b2     078a r 0f         00000004  c.slli   x15, 2
#1842 0 800002b4     17c1 r 0f         fffffff4  c.addi   x15, -0x10
#1843 0 800002b6     97a2 r 0f         f00410a4  c.add    x15, x8
#1844 0 800002b8 f447a783 r 0f         00000001  lw       x15, -0xbc(x15)
#1845 0 800002bc     e7a5 r 00         00000000  c.bnez   x15, . + 0x68
#1846 0 80000324 fe042783 r 0f         00000001  lw       x15, -0x20(x8)
#1847 0 80000328     0785 r 0f         00000002  c.addi   x15, 0x1
#1848 0 8000032a fef42023 m f0041090   00000002  sw       x15, -0x20(x8)
#1849 0 8000032e f00407b7 r 0f         f0040000  lui      x15, -0xffc0
#1850 0 80000332 0647a783 r 0f         00000005  lw       x15, 0x64(x15)
#1851 0 80000336 fe042703 r 0e         00000002  lw       x14, -0x20(x8)
#1852 0 8000033a f6f74ae3 r 00         00000000  blt      x14, x15, . - 0x8c
#1853 0 800002ae fe042783 r 0f         00000002  lw       x15, -0x20(x8)
#1854 0 800002b2     078a r 0f         00000008  c.slli   x15, 2
#1855 0 800002b4     17c1 r 0f         fffffff8  c.addi   x15, -0x10
#1856 0 800002b6     97a2 r 0f         f00410a8  c.add    x15, x8
#1857 0 800002b8 f447a783 r 0f         00000000  lw       x15, -0xbc(x15)
#1858 0 800002bc     e7a5 r 00         00000000  c.bnez   x15, . + 0x68
#1859 0 800002be fe042703 r 0e         00000002  lw       x14, -0x20(x8)
#1860 0 800002c2     87ba r 0f         00000002  c.mv     x15, x14
#1861 0 800002c4     078a r 0f         00000008  c.slli   x15, 2
#1862 0 800002c6     97ba r 0f         0000000a  c.add    x15, x14
#1863 0 800002c8 fec42703 r 0e         00000003  lw       x14, -0x14(x8)
#1864 0 800002cc     97ba r 0f         0000000d  c.add    x15, x14
#1865 0 800002ce     078a r 0f         00000034  c.slli   x15, 2
#1866 0 800002d0     17c1 r 0f         00000024  c.addi   x15, -0x10
#1867 0 800002d2     97a2 r 0f         f00410d4  c.add    x15, x8
#1868 0 800002d4 f807a703 r 0e         00000014  lw       x14, -0x80(x15)
#1869 0 800002d8 fe042783 r 0f         00000002  lw       x15, -0x20(x8)
#1870 0 800002dc     078a r 0f         00000008  c.slli   x15, 2
#1871 0 800002de     17c1 r 0f         fffffff8  c.addi   x15, -0x10
#1872 0 800002e0     97a2 r 0f         f00410a8  c.add    x15, x8
#1873 0 800002e2 f6c7a783 r 0f         00000032  lw       x15, -0x94(x15)
#1874 0 800002e6 02f75f63 r 00         00000000  bge      x14, x15, . + 0x3e
#1875 0 800002ea fe042703 r 0e         00000002  lw       x14, -0x20(x8)
#1876 0 800002ee     87ba r 0f         00000002  c.mv     x15, x14
#1877 0 800002f0     078a r 0f         00000008  c.slli   x15, 2
#1878 0 800002f2     97ba r 0f         0000000a  c.add    x15, x14
#1879 0 800002f4 fec42703 r 0e         00000003  lw       x14, -0x14(x8)
#1880 0 800002f8     97ba r 0f         0000000d  c.add    x15, x14
#1881 0 800002fa     078a r 0f         00000034  c.slli   x15, 2
#1882 0 800002fc     17c1 r 0f         00000024  c.addi   x15, -0x10
#1883 0 800002fe     97a2 r 0f         f00410d4  c.add    x15, x8
#1884 0 80000300 f807a703 r 0e         00000014  lw       x14, -0x80(x15)
#1885 0 80000304 fe042783 r 0f         00000002  lw       x15, -0x20(x8)
#1886 0 80000308     078a r 0f         00000008  c.slli   x15, 2
#1887 0 8000030a     17c1 r 0f         fffffff8  c.addi   x15, -0x10
#1888 0 8000030c     97a2 r 0f         f00410a8  c.add    x15, x8
#1889 0 8000030e f6e7a623 m f0041014   00000014  sw       x14, -0x94(x15)
#1890 0 80000312 fe042783 r 0f         00000002  lw       x15, -0x20(x8)
#1891 0 80000316     078a r 0f         00000008  c.slli   x15, 2
#1892 0 80000318     17c1 r 0f         fffffff8  c.addi   x15, -0x10
#1893 0 8000031a     97a2 r 0f         f00410a8  c.add    x15, x8
#1894 0 8000031c fec42703 r 0e         00000003  lw       x14, -0x14(x8)
#1895 0 80000320 f4e7ac23 m f0041000   00000003  sw       x14, -0xa8(x15)
#1896 0 80000324 fe042783 r 0f         00000002  lw       x15, -0x20(x8)
#1897 0 80000328     0785 r 0f         00000003  c.addi   x15, 0x1
#1898 0 8000032a fef42023 m f0041090   00000003  sw       x15, -0x20(x8)
#1899 0 8000032e f00407b7 r 0f         f0040000  lui      x15, -0xffc0
#1900 0 80000332 0647a783 r 0f         00000005  lw       x15, 0x64(x15)
#1901 0 80000336 fe042703 r 0e         00000003  lw       x14, -0x20(x8)
#1902 0 8000033a f6f74ae3 r 00         00000000  blt      x14, x15, . - 0x8c
#1903 0 800002ae fe042783 r 0f         00000003  lw       x15, -0x20(x8)
#1904 0 800002b2     078a r 0f         0000000c  c.slli   x15, 2
#1905 0 800002b4     17c1 r 0f         fffffffc  c.addi   x15, -0x10
#1906 0 800002b6     97a2 r 0f         f00410ac  c.add    x15, x8
#1907 0 800002b8 f447a783 r 0f         00000001  lw       x15, -0xbc(x15)
#1908 0 800002bc     e7a5 r 00         00000000  c.bnez   x15, . + 0x68
#1909 0 80000324 fe042783 r 0f         00000003  lw       x15, -0x20(x8)
#1910 0 80000328     0785 r 0f         00000004  c.addi   x15, 0x1
#1911 0 8000032a fef42023 m f0041090   00000004  sw       x15, -0x20(x8)
#1912 0 8000032e f00407b7 r 0f         f0040000  lui      x15, -0xffc0
#1913 0 80000332 0647a783 r 0f         00000005  lw       x15, 0x64(x15)
#1914 0 80000336 fe042703 r 0e         00000004  lw       x14, -0x20(x8)
#1915 0 8000033a f6f74ae3 r 00         00000000  blt      x14, x15, . - 0x8c
#1916 0 800002ae fe042783 r 0f         00000004  lw       x15, -0x20(x8)
#1917 0 800002b2     078a r 0f         00000010  c.slli   x15, 2
#1918 0 800002b4     17c1 r 0f         00000000  c.addi   x15, -0x10
#1919 0 800002b6     97a2 r 0f         f00410b0  c.add    x15, x8
#1920 0 800002b8 f447a783 r 0f         00000000  lw       x15, -0xbc(x15)
#1921 0 800002bc     e7a5 r 00         00000000  c.bnez   x15, . + 0x68
#1922 0 800002be fe042703 r 0e         00000004  lw       x14, -0x20(x8)
#1923 0 800002c2     87ba r 0f         00000004  c.mv     x15, x14
#1924 0 800002c4     078a r 0f         00000010  c.slli   x15, 2
#1925 0 800002c6     97ba r 0f         00000014  c.add    x15, x14
#1926 0 800002c8 fec42703 r 0e         00000003  lw       x14, -0x14(x8)
#1927 0 800002cc     97ba r 0f         00000017  c.add    x15, x14
#1928 0 800002ce     078a r 0f         0000005c  c.slli   x15, 2
#1929 0 800002d0     17c1 r 0f         0000004c  c.addi   x15, -0x10
#1930 0 800002d2     97a2 r 0f         f00410fc  c.add    x15, x8
#1931 0 800002d4 f807a703 r 0e         0000003c  lw       x14, -0x80(x15)
#1932 0 800002d8 fe042783 r 0f         00000004  lw       x15, -0x20(x8)
#1933 0 800002dc     078a r 0f         00000010  c.slli   x15, 2
#1934 0 800002de     17c1 r 0f         00000000  c.addi   x15, -0x10
#1935 0 800002e0     97a2 r 0f         f00410b0  c.add    x15, x8
#1936 0 800002e2 f6c7a783 r 0f         00000064  lw       x15, -0x94(x15)
#1937 0 800002e6 02f75f63 r 00         00000000  bge      x14, x15, . + 0x3e
#1938 0 800002ea fe042703 r 0e         00000004  lw       x14, -0x20(x8)
#1939 0 800002ee     87ba r 0f         00000004  c.mv     x15, x14
#1940 0 800002f0     078a r 0f         00000010  c.slli   x15, 2
#1941 0 800002f2     97ba r 0f         00000014  c.add    x15, x14
#1942 0 800002f4 fec42703 r 0e         00000003  lw       x14, -0x14(x8)
#1943 0 800002f8     97ba r 0f         00000017  c.add    x15, x14
#1944 0 800002fa     078a r 0f         0000005c  c.slli   x15, 2
#1945 0 800002fc     17c1 r 0f         0000004c  c.addi   x15, -0x10
#1946 0 800002fe     97a2 r 0f         f00410fc  c.add    x15, x8
#1947 0 80000300 f807a703 r 0e         0000003c  lw       x14, -0x80(x15)
#1948 0 80000304 fe042783 r 0f         00000004  lw       x15, -0x20(x8)
#1949 0 80000308     078a r 0f         00000010  c.slli   x15, 2
#1950 0 8000030a     17c1 r 0f         00000000  c.addi   x15, -0x10
#1951 0 8000030c     97a2 r 0f         f00410b0  c.add    x15, x8
#1952 0 8000030e f6e7a623 m f004101c   0000003c  sw       x14, -0x94(x15)
#1953 0 80000312 fe042783 r 0f         00000004  lw       x15, -0x20(x8)
#1954 0 80000316     078a r 0f         00000010  c.slli   x15, 2
#1955 0 80000318     17c1 r 0f         00000000  c.addi   x15, -0x10
#1956 0 8000031a     97a2 r 0f         f00410b0  c.add    x15, x8
#1957 0 8000031c fec42703 r 0e         00000003  lw       x14, -0x14(x8)
#1958 0 80000320 f4e7ac23 m f0041008   00000003  sw       x14, -0xa8(x15)
#1959 0 80000324 fe042783 r 0f         00000004  lw       x15, -0x20(x8)
#1960 0 80000328     0785 r 0f         00000005  c.addi   x15, 0x1
#1961 0 8000032a fef42023 m f0041090   00000005  sw       x15, -0x20(x8)
#1962 0 8000032e f00407b7 r 0f         f0040000  lui      x15, -0xffc0
#1963 0 80000332 0647a783 r 0f         00000005  lw       x15, 0x64(x15)
#1964 0 80000336 fe042703 r 0e         00000005  lw       x14, -0x20(x8)
#1965 0 8000033a f6f74ae3 r 00         00000000  blt      x14, x15, . - 0x8c
#1966 0 8000033e fd442703 r 0e         00000000  lw       x14, -0x2c(x8)
#1967 0 80000342     87ba r 0f         00000000  c.mv     x15, x14
#1968 0 80000344     078a r 0f         00000000  c.slli   x15, 2
#1969 0 80000346     97ba r 0f         00000000  c.add    x15, x14
#1970 0 80000348 fec42703 r 0e         00000003  lw       x14, -0x14(x8)
#1971 0 8000034c     97ba r 0f         00000003  c.add    x15, x14
#1972 0 8000034e     078a r 0f         0000000c  c.slli   x15, 2
#1973 0 80000350     17c1 r 0f         fffffffc  c.addi   x15, -0x10
#1974 0 80000352     97a2 r 0f         f00410ac  c.add    x15, x8
#1975 0 80000354 f807a783 r 0f         0000001e  lw       x15, -0x80(x15)
#1976 0 80000358 fdc42703 r 0e         0000000a  lw       x14, -0x24(x8)
#1977 0 8000035c     97ba r 0f         00000028  c.add    x15, x14
#1978 0 8000035e fcf42e23 m f004108c   00000028  sw       x15, -0x24(x8)
#1979 0 80000362 fe442783 r 0f         00000002  lw       x15, -0x1c(x8)
#1980 0 80000366 e4f048e3 r 00         00000000  blt      x0, x15, . - 0x1b0
#1981 0 800001b6     6789 r 0f         00002000  c.lui    x15, 0x2
#1982 0 800001b8 70f78793 r 0f         0000270f  addi     x15, x15, 0x70f
#1983 0 800001bc fef42423 m f0041098   0000270f  sw       x15, -0x18(x8)
#1984 0 800001c0     4785 r 0f         00000001  c.li     x15, 0x1
#1985 0 800001c2 fef42023 m f0041090   00000001  sw       x15, -0x20(x8)
#1986 0 800001c6     a0b1 r 00         00000000  c.j      . + 0x4c
#1987 0 80000212 f00407b7 r 0f         f0040000  lui      x15, -0xffc0
#1988 0 80000216 0647a783 r 0f         00000005  lw       x15, 0x64(x15)
#1989 0 8000021a fe042703 r 0e         00000001  lw       x14, -0x20(x8)
#1990 0 8000021e faf745e3 r 00         00000000  blt      x14, x15, . - 0x56
#1991 0 800001c8 fe042783 r 0f         00000001  lw       x15, -0x20(x8)
#1992 0 800001cc     078a r 0f         00000004  c.slli   x15, 2
#1993 0 800001ce     17c1 r 0f         fffffff4  c.addi   x15, -0x10
#1994 0 800001d0     97a2 r 0f         f00410a4  c.add    x15, x8
#1995 0 800001d2 f447a783 r 0f         00000001  lw       x15, -0xbc(x15)
#1996 0 800001d6     eb8d r 00         00000000  c.bnez   x15, . + 0x32
#1997 0 80000208 fe042783 r 0f         00000001  lw       x15, -0x20(x8)
#1998 0 8000020c     0785 r 0f         00000002  c.addi   x15, 0x1
#1999 0 8000020e fef42023 m f0041090   00000002  sw       x15, -0x20(x8)
#2000 0 80000212 f00407b7 r 0f         f0040000  lui      x15, -0xffc0
#2001 0 80000216 0647a783 r 0f         00000005  lw       x15, 0x64(x15)
#2002 0 8000021a fe042703 r 0e         00000002  lw       x14, -0x20(x8)
#2003 0 8000021e faf745e3 r 00         00000000  blt      x14, x15, . - 0x56
#2004 0 800001c8 fe042783 r 0f         00000002  lw       x15, -0x20(x8)
#2005 0 800001cc     078a r 0f         00000008  c.slli   x15, 2
#2006 0 800001ce     17c1 r 0f         fffffff8  c.addi   x15, -0x10
#2007 0 800001d0     97a2 r 0f         f00410a8  c.add    x15, x8
#2008 0 800001d2 f447a783 r 0f         00000000  lw       x15, -0xbc(x15)
#2009 0 800001d6     eb8d r 00         00000000  c.bnez   x15, . + 0x32
#2010 0 800001d8 fe042783 r 0f         00000002  lw       x15, -0x20(x8)
#2011 0 800001dc     078a r 0f         00000008  c.slli   x15, 2
#2012 0 800001de     17c1 r 0f         fffffff8  c.addi   x15, -0x10
#2013 0 800001e0     97a2 r 0f         f00410a8  c.add    x15, x8
#2014 0 800001e2 f6c7a783 r 0f         00000014  lw       x15, -0x94(x15)
#2015 0 800001e6 fe842703 r 0e         0000270f  lw       x14, -0x18(x8)
#2016 0 800001ea 00e7df63 r 00         00000000  bge      x15, x14, . + 0x1e
#2017 0 800001ee fe042783 r 0f         00000002  lw       x15, -0x20(x8)
#2018 0 800001f2 fef42623 m f004109c   00000002  sw       x15, -0x14(x8)
#2019 0 800001f6 fe042783 r 0f         00000002  lw       x15, -0x20(x8)
#2020 0 800001fa     078a r 0f         00000008  c.slli   x15, 2
#2021 0 800001fc     17c1 r 0f         fffffff8  c.addi   x15, -0x10
#2022 0 800001fe     97a2 r 0f         f00410a8  c.add    x15, x8
#2023 0 80000200 f6c7a783 r 0f         00000014  lw       x15, -0x94(x15)
#2024 0 80000204 fef42423 m f0041098   00000014  sw       x15, -0x18(x8)
#2025 0 80000208 fe042783 r 0f         00000002  lw       x15, -0x20(x8)
#2026 0 8000020c     0785 r 0f         00000003  c.addi   x15, 0x1
#2027 0 8000020e fef42023 m f0041090   00000003  sw       x15, -0x20(x8)
#2028 0 80000212 f00407b7 r 0f         f0040000  lui      x15, -0xffc0
#2029 0 80000216 0647a783 r 0f         00000005  lw       x15, 0x64(x15)
#2030 0 8000021a fe042703 r 0e         00000003  lw       x14, -0x20(x8)
#2031 0 8000021e faf745e3 r 00         00000000  blt      x14, x15, . - 0x56
#2032 0 800001c8 fe042783 r 0f         00000003  lw       x15, -0x20(x8)
#2033 0 800001cc     078a r 0f         0000000c  c.slli   x15, 2
#2034 0 800001ce     17c1 r 0f         fffffffc  c.addi   x15, -0x10
#2035 0 800001d0     97a2 r 0f         f00410ac  c.add    x15, x8
#2036 0 800001d2 f447a783 r 0f         00000001  lw       x15, -0xbc(x15)
#2037 0 800001d6     eb8d r 00         00000000  c.bnez   x15, . + 0x32
#2038 0 80000208 fe042783 r 0f         00000003  lw       x15, -0x20(x8)
#2039 0 8000020c     0785 r 0f         00000004  c.addi   x15, 0x1
#2040 0 8000020e fef42023 m f0041090   00000004  sw       x15, -0x20(x8)
#2041 0 80000212 f00407b7 r 0f         f0040000  lui      x15, -0xffc0
#2042 0 80000216 0647a783 r 0f         00000005  lw       x15, 0x64(x15)
#2043 0 8000021a fe042703 r 0e         00000004  lw       x14, -0x20(x8)
#2044 0 8000021e faf745e3 r 00         00000000  blt      x14, x15, . - 0x56
#2045 0 800001c8 fe042783 r 0f         00000004  lw       x15, -0x20(x8)
#2046 0 800001cc     078a r 0f         00000010  c.slli   x15, 2
#2047 0 800001ce     17c1 r 0f         00000000  c.addi   x15, -0x10
#2048 0 800001d0     97a2 r 0f         f00410b0  c.add    x15, x8
#2049 0 800001d2 f447a783 r 0f         00000000  lw       x15, -0xbc(x15)
#2050 0 800001d6     eb8d r 00         00000000  c.bnez   x15, . + 0x32
#2051 0 800001d8 fe042783 r 0f         00000004  lw       x15, -0x20(x8)
#2052 0 800001dc     078a r 0f         00000010  c.slli   x15, 2
#2053 0 800001de     17c1 r 0f         00000000  c.addi   x15, -0x10
#2054 0 800001e0     97a2 r 0f         f00410b0  c.add    x15, x8
#2055 0 800001e2 f6c7a783 r 0f         0000003c  lw       x15, -0x94(x15)
#2056 0 800001e6 fe842703 r 0e         00000014  lw       x14, -0x18(x8)
#2057 0 800001ea 00e7df63 r 00         00000000  bge      x15, x14, . + 0x1e
#2058 0 80000208 fe042783 r 0f         00000004  lw       x15, -0x20(x8)
#2059 0 8000020c     0785 r 0f         00000005  c.addi   x15, 0x1
#2060 0 8000020e fef42023 m f0041090   00000005  sw       x15, -0x20(x8)
#2061 0 80000212 f00407b7 r 0f         f0040000  lui      x15, -0xffc0
#2062 0 80000216 0647a783 r 0f         00000005  lw       x15, 0x64(x15)
#2063 0 8000021a fe042703 r 0e         00000005  lw       x14, -0x20(x8)
#2064 0 8000021e faf745e3 r 00         00000000  blt      x14, x15, . - 0x56
#2065 0 80000222 fec42783 r 0f         00000002  lw       x15, -0x14(x8)
#2066 0 80000226     078a r 0f         00000008  c.slli   x15, 2
#2067 0 80000228     17c1 r 0f         fffffff8  c.addi   x15, -0x10
#2068 0 8000022a     97a2 r 0f         f00410a8  c.add    x15, x8
#2069 0 8000022c f587a783 r 0f         00000003  lw       x15, -0xa8(x15)
#2070 0 80000230 fcf42a23 m f0041084   00000003  sw       x15, -0x2c(x8)
#2071 0 80000234 fec42783 r 0f         00000002  lw       x15, -0x14(x8)
#2072 0 80000238     078a r 0f         00000008  c.slli   x15, 2
#2073 0 8000023a     17c1 r 0f         fffffff8  c.addi   x15, -0x10
#2074 0 8000023c     97a2 r 0f         f00410a8  c.add    x15, x8
#2075 0 8000023e f6c7a683 r 0d         00000014  lw       x13, -0x94(x15)
#2076 0 80000242 f00407b7 r 0f         f0040000  lui      x15, -0xffc0
#2077 0 80000246 06878613 r 0c         f0040068  addi     x12, x15, 0x68
#2078 0 8000024a fd442703 r 0e         00000003  lw       x14, -0x2c(x8)
#2079 0 8000024e     87ba r 0f         00000003  c.mv     x15, x14
#2080 0 80000250     078a r 0f         0000000c  c.slli   x15, 2
#2081 0 80000252     97ba r 0f         0000000f  c.add    x15, x14
#2082 0 80000254 fec42703 r 0e         00000002  lw       x14, -0x14(x8)
#2083 0 80000258     97ba r 0f         00000011  c.add    x15, x14
#2084 0 8000025a     078a r 0f         00000044  c.slli   x15, 2
#2085 0 8000025c     97b2 r 0f         f00400ac  c.add    x15, x12
#2086 0 8000025e     c394 m f00400ac   00000014  c.sw     x13, 0x0(x15)
#2087 0 80000260 fec42783 r 0f         00000002  lw       x15, -0x14(x8)
#2088 0 80000264     078a r 0f         00000008  c.slli   x15, 2
#2089 0 80000266     17c1 r 0f         fffffff8  c.addi   x15, -0x10
#2090 0 80000268     97a2 r 0f         f00410a8  c.add    x15, x8
#2091 0 8000026a f6c7a683 r 0d         00000014  lw       x13, -0x94(x15)
#2092 0 8000026e f00407b7 r 0f         f0040000  lui      x15, -0xffc0
#2093 0 80000272 06878613 r 0c         f0040068  addi     x12, x15, 0x68
#2094 0 80000276 fec42703 r 0e         00000002  lw       x14, -0x14(x8)
#2095 0 8000027a     87ba r 0f         00000002  c.mv     x15, x14
#2096 0 8000027c     078a r 0f         00000008  c.slli   x15, 2
#2097 0 8000027e     97ba r 0f         0000000a  c.add    x15, x14
#2098 0 80000280 fd442703 r 0e         00000003  lw       x14, -0x2c(x8)
#2099 0 80000284     97ba r 0f         0000000d  c.add    x15, x14
#2100 0 80000286     078a r 0f         00000034  c.slli   x15, 2
#2101 0 80000288     97b2 r 0f         f004009c  c.add    x15, x12
#2102 0 8000028a     c394 m f004009c   00000014  c.sw     x13, 0x0(x15)
#2103 0 8000028c fe442783 r 0f         00000002  lw       x15, -0x1c(x8)
#2104 0 80000290     17fd r 0f         00000001  c.addi   x15, -0x1
#2105 0 80000292 fef42223 m f0041094   00000001  sw       x15, -0x1c(x8)
#2106 0 80000296 fec42783 r 0f         00000002  lw       x15, -0x14(x8)
#2107 0 8000029a     078a r 0f         00000008  c.slli   x15, 2
#2108 0 8000029c     17c1 r 0f         fffffff8  c.addi   x15, -0x10
#2109 0 8000029e     97a2 r 0f         f00410a8  c.add    x15, x8
#2110 0 800002a0     4705 r 0e         00000001  c.li     x14, 0x1
#2111 0 800002a2 f4e7a223 m f0040fec   00000001  sw       x14, -0xbc(x15)
#2112 0 800002a6     4785 r 0f         00000001  c.li     x15, 0x1
#2113 0 800002a8 fef42023 m f0041090   00000001  sw       x15, -0x20(x8)
#2114 0 800002ac     a049 r 00         00000000  c.j      . + 0x82
#2115 0 8000032e f00407b7 r 0f         f0040000  lui      x15, -0xffc0
#2116 0 80000332 0647a783 r 0f         00000005  lw       x15, 0x64(x15)
#2117 0 80000336 fe042703 r 0e         00000001  lw       x14, -0x20(x8)
#2118 0 8000033a f6f74ae3 r 00         00000000  blt      x14, x15, . - 0x8c
#2119 0 800002ae fe042783 r 0f         00000001  lw       x15, -0x20(x8)
#2120 0 800002b2     078a r 0f         00000004  c.slli   x15, 2
#2121 0 800002b4     17c1 r 0f         fffffff4  c.addi   x15, -0x10
#2122 0 800002b6     97a2 r 0f         f00410a4  c.add    x15, x8
#2123 0 800002b8 f447a783 r 0f         00000001  lw       x15, -0xbc(x15)
#2124 0 800002bc     e7a5 r 00         00000000  c.bnez   x15, . + 0x68
#2125 0 80000324 fe042783 r 0f         00000001  lw       x15, -0x20(x8)
#2126 0 80000328     0785 r 0f         00000002  c.addi   x15, 0x1
#2127 0 8000032a fef42023 m f0041090   00000002  sw       x15, -0x20(x8)
#2128 0 8000032e f00407b7 r 0f         f0040000  lui      x15, -0xffc0
#2129 0 80000332 0647a783 r 0f         00000005  lw       x15, 0x64(x15)
#2130 0 80000336 fe042703 r 0e         00000002  lw       x14, -0x20(x8)
#2131 0 8000033a f6f74ae3 r 00         00000000  blt      x14, x15, . - 0x8c
#2132 0 800002ae fe042783 r 0f         00000002  lw       x15, -0x20(x8)
#2133 0 800002b2     078a r 0f         00000008  c.slli   x15, 2
#2134 0 800002b4     17c1 r 0f         fffffff8  c.addi   x15, -0x10
#2135 0 800002b6     97a2 r 0f         f00410a8  c.add    x15, x8
#2136 0 800002b8 f447a783 r 0f         00000001  lw       x15, -0xbc(x15)
#2137 0 800002bc     e7a5 r 00         00000000  c.bnez   x15, . + 0x68
#2138 0 80000324 fe042783 r 0f         00000002  lw       x15, -0x20(x8)
#2139 0 80000328     0785 r 0f         00000003  c.addi   x15, 0x1
#2140 0 8000032a fef42023 m f0041090   00000003  sw       x15, -0x20(x8)
#2141 0 8000032e f00407b7 r 0f         f0040000  lui      x15, -0xffc0
#2142 0 80000332 0647a783 r 0f         00000005  lw       x15, 0x64(x15)
#2143 0 80000336 fe042703 r 0e         00000003  lw       x14, -0x20(x8)
#2144 0 8000033a f6f74ae3 r 00         00000000  blt      x14, x15, . - 0x8c
#2145 0 800002ae fe042783 r 0f         00000003  lw       x15, -0x20(x8)
#2146 0 800002b2     078a r 0f         0000000c  c.slli   x15, 2
#2147 0 800002b4     17c1 r 0f         fffffffc  c.addi   x15, -0x10
#2148 0 800002b6     97a2 r 0f         f00410ac  c.add    x15, x8
#2149 0 800002b8 f447a783 r 0f         00000001  lw       x15, -0xbc(x15)
#2150 0 800002bc     e7a5 r 00         00000000  c.bnez   x15, . + 0x68
#2151 0 80000324 fe042783 r 0f         00000003  lw       x15, -0x20(x8)
#2152 0 80000328     0785 r 0f         00000004  c.addi   x15, 0x1
#2153 0 8000032a fef42023 m f0041090   00000004  sw       x15, -0x20(x8)
#2154 0 8000032e f00407b7 r 0f         f0040000  lui      x15, -0xffc0
#2155 0 80000332 0647a783 r 0f         00000005  lw       x15, 0x64(x15)
#2156 0 80000336 fe042703 r 0e         00000004  lw       x14, -0x20(x8)
#2157 0 8000033a f6f74ae3 r 00         00000000  blt      x14, x15, . - 0x8c
#2158 0 800002ae fe042783 r 0f         00000004  lw       x15, -0x20(x8)
#2159 0 800002b2     078a r 0f         00000010  c.slli   x15, 2
#2160 0 800002b4     17c1 r 0f         00000000  c.addi   x15, -0x10
#2161 0 800002b6     97a2 r 0f         f00410b0  c.add    x15, x8
#2162 0 800002b8 f447a783 r 0f         00000000  lw       x15, -0xbc(x15)
#2163 0 800002bc     e7a5 r 00         00000000  c.bnez   x15, . + 0x68
#2164 0 800002be fe042703 r 0e         00000004  lw       x14, -0x20(x8)
#2165 0 800002c2     87ba r 0f         00000004  c.mv     x15, x14
#2166 0 800002c4     078a r 0f         00000010  c.slli   x15, 2
#2167 0 800002c6     97ba r 0f         00000014  c.add    x15, x14
#2168 0 800002c8 fec42703 r 0e         00000002  lw       x14, -0x14(x8)
#2169 0 800002cc     97ba r 0f         00000016  c.add    x15, x14
#2170 0 800002ce     078a r 0f         00000058  c.slli   x15, 2
#2171 0 800002d0     17c1 r 0f         00000048  c.addi   x15, -0x10
#2172 0 800002d2     97a2 r 0f         f00410f8  c.add    x15, x8
#2173 0 800002d4 f807a703 r 0e         0000000a  lw       x14, -0x80(x15)
#2174 0 800002d8 fe042783 r 0f         00000004  lw       x15, -0x20(x8)
#2175 0 800002dc     078a r 0f         00000010  c.slli   x15, 2
#2176 0 800002de     17c1 r 0f         00000000  c.addi   x15, -0x10
#2177 0 800002e0     97a2 r 0f         f00410b0  c.add    x15, x8
#2178 0 800002e2 f6c7a783 r 0f         0000003c  lw       x15, -0x94(x15)
#2179 0 800002e6 02f75f63 r 00         00000000  bge      x14, x15, . + 0x3e
#2180 0 800002ea fe042703 r 0e         00000004  lw       x14, -0x20(x8)
#2181 0 800002ee     87ba r 0f         00000004  c.mv     x15, x14
#2182 0 800002f0     078a r 0f         00000010  c.slli   x15, 2
#2183 0 800002f2     97ba r 0f         00000014  c.add    x15, x14
#2184 0 800002f4 fec42703 r 0e         00000002  lw       x14, -0x14(x8)
#2185 0 800002f8     97ba r 0f         00000016  c.add    x15, x14
#2186 0 800002fa     078a r 0f         00000058  c.slli   x15, 2
#2187 0 800002fc     17c1 r 0f         00000048  c.addi   x15, -0x10
#2188 0 800002fe     97a2 r 0f         f00410f8  c.add    x15, x8
#2189 0 80000300 f807a703 r 0e         0000000a  lw       x14, -0x80(x15)
#2190 0 80000304 fe042783 r 0f         00000004  lw       x15, -0x20(x8)
#2191 0 80000308     078a r 0f         00000010  c.slli   x15, 2
#2192 0 8000030a     17c1 r 0f         00000000  c.addi   x15, -0x10
#2193 0 8000030c     97a2 r 0f         f00410b0  c.add    x15, x8
#2194 0 8000030e f6e7a623 m f004101c   0000000a  sw       x14, -0x94(x15)
#2195 0 80000312 fe042783 r 0f         00000004  lw       x15, -0x20(x8)
#2196 0 80000316     078a r 0f         00000010  c.slli   x15, 2
#2197 0 80000318     17c1 r 0f         00000000  c.addi   x15, -0x10
#2198 0 8000031a     97a2 r 0f         f00410b0  c.add    x15, x8
#2199 0 8000031c fec42703 r 0e         00000002  lw       x14, -0x14(x8)
#2200 0 80000320 f4e7ac23 m f0041008   00000002  sw       x14, -0xa8(x15)
#2201 0 80000324 fe042783 r 0f         00000004  lw       x15, -0x20(x8)
#2202 0 80000328     0785 r 0f         00000005  c.addi   x15, 0x1
#2203 0 8000032a fef42023 m f0041090   00000005  sw       x15, -0x20(x8)
#2204 0 8000032e f00407b7 r 0f         f0040000  lui      x15, -0xffc0
#2205 0 80000332 0647a783 r 0f         00000005  lw       x15, 0x64(x15)
#2206 0 80000336 fe042703 r 0e         00000005  lw       x14, -0x20(x8)
#2207 0 8000033a f6f74ae3 r 00         00000000  blt      x14, x15, . - 0x8c
#2208 0 8000033e fd442703 r 0e         00000003  lw       x14, -0x2c(x8)
#2209 0 80000342     87ba r 0f         00000003  c.mv     x15, x14
#2210 0 80000344     078a r 0f         0000000c  c.slli   x15, 2
#2211 0 80000346     97ba r 0f         0000000f  c.add    x15, x14
#2212 0 80000348 fec42703 r 0e         00000002  lw       x14, -0x14(x8)
#2213 0 8000034c     97ba r 0f         00000011  c.add    x15, x14
#2214 0 8000034e     078a r 0f         00000044  c.slli   x15, 2
#2215 0 80000350     17c1 r 0f         00000034  c.addi   x15, -0x10
#2216 0 80000352     97a2 r 0f         f00410e4  c.add    x15, x8
#2217 0 80000354 f807a783 r 0f         00000014  lw       x15, -0x80(x15)
#2218 0 80000358 fdc42703 r 0e         00000028  lw       x14, -0x24(x8)
#2219 0 8000035c     97ba r 0f         0000003c  c.add    x15, x14
#2220 0 8000035e fcf42e23 m f004108c   0000003c  sw       x15, -0x24(x8)
#2221 0 80000362 fe442783 r 0f         00000001  lw       x15, -0x1c(x8)
#2222 0 80000366 e4f048e3 r 00         00000000  blt      x0, x15, . - 0x1b0
#2223 0 800001b6     6789 r 0f         00002000  c.lui    x15, 0x2
#2224 0 800001b8 70f78793 r 0f         0000270f  addi     x15, x15, 0x70f
#2225 0 800001bc fef42423 m f0041098   0000270f  sw       x15, -0x18(x8)
#2226 0 800001c0     4785 r 0f         00000001  c.li     x15, 0x1
#2227 0 800001c2 fef42023 m f0041090   00000001  sw       x15, -0x20(x8)
#2228 0 800001c6     a0b1 r 00         00000000  c.j      . + 0x4c
#2229 0 80000212 f00407b7 r 0f         f0040000  lui      x15, -0xffc0
#2230 0 80000216 0647a783 r 0f         00000005  lw       x15, 0x64(x15)
#2231 0 8000021a fe042703 r 0e         00000001  lw       x14, -0x20(x8)
#2232 0 8000021e faf745e3 r 00         00000000  blt      x14, x15, . - 0x56
#2233 0 800001c8 fe042783 r 0f         00000001  lw       x15, -0x20(x8)
#2234 0 800001cc     078a r 0f         00000004  c.slli   x15, 2
#2235 0 800001ce     17c1 r 0f         fffffff4  c.addi   x15, -0x10
#2236 0 800001d0     97a2 r 0f         f00410a4  c.add    x15, x8
#2237 0 800001d2 f447a783 r 0f         00000001  lw       x15, -0xbc(x15)
#2238 0 800001d6     eb8d r 00         00000000  c.bnez   x15, . + 0x32
#2239 0 80000208 fe042783 r 0f         00000001  lw       x15, -0x20(x8)
#2240 0 8000020c     0785 r 0f         00000002  c.addi   x15, 0x1
#2241 0 8000020e fef42023 m f0041090   00000002  sw       x15, -0x20(x8)
#2242 0 80000212 f00407b7 r 0f         f0040000  lui      x15, -0xffc0
#2243 0 80000216 0647a783 r 0f         00000005  lw       x15, 0x64(x15)
#2244 0 8000021a fe042703 r 0e         00000002  lw       x14, -0x20(x8)
#2245 0 8000021e faf745e3 r 00         00000000  blt      x14, x15, . - 0x56
#2246 0 800001c8 fe042783 r 0f         00000002  lw       x15, -0x20(x8)
#2247 0 800001cc     078a r 0f         00000008  c.slli   x15, 2
#2248 0 800001ce     17c1 r 0f         fffffff8  c.addi   x15, -0x10
#2249 0 800001d0     97a2 r 0f         f00410a8  c.add    x15, x8
#2250 0 800001d2 f447a783 r 0f         00000001  lw       x15, -0xbc(x15)
#2251 0 800001d6     eb8d r 00         00000000  c.bnez   x15, . + 0x32
#2252 0 80000208 fe042783 r 0f         00000002  lw       x15, -0x20(x8)
#2253 0 8000020c     0785 r 0f         00000003  c.addi   x15, 0x1
#2254 0 8000020e fef42023 m f0041090   00000003  sw       x15, -0x20(x8)
#2255 0 80000212 f00407b7 r 0f         f0040000  lui      x15, -0xffc0
#2256 0 80000216 0647a783 r 0f         00000005  lw       x15, 0x64(x15)
#2257 0 8000021a fe042703 r 0e         00000003  lw       x14, -0x20(x8)
#2258 0 8000021e faf745e3 r 00         00000000  blt      x14, x15, . - 0x56
#2259 0 800001c8 fe042783 r 0f         00000003  lw       x15, -0x20(x8)
#2260 0 800001cc     078a r 0f         0000000c  c.slli   x15, 2
#2261 0 800001ce     17c1 r 0f         fffffffc  c.addi   x15, -0x10
#2262 0 800001d0     97a2 r 0f         f00410ac  c.add    x15, x8
#2263 0 800001d2 f447a783 r 0f         00000001  lw       x15, -0xbc(x15)
#2264 0 800001d6     eb8d r 00         00000000  c.bnez   x15, . + 0x32
#2265 0 80000208 fe042783 r 0f         00000003  lw       x15, -0x20(x8)
#2266 0 8000020c     0785 r 0f         00000004  c.addi   x15, 0x1
#2267 0 8000020e fef42023 m f0041090   00000004  sw       x15, -0x20(x8)
#2268 0 80000212 f00407b7 r 0f         f0040000  lui      x15, -0xffc0
#2269 0 80000216 0647a783 r 0f         00000005  lw       x15, 0x64(x15)
#2270 0 8000021a fe042703 r 0e         00000004  lw       x14, -0x20(x8)
#2271 0 8000021e faf745e3 r 00         00000000  blt      x14, x15, . - 0x56
#2272 0 800001c8 fe042783 r 0f         00000004  lw       x15, -0x20(x8)
#2273 0 800001cc     078a r 0f         00000010  c.slli   x15, 2
#2274 0 800001ce     17c1 r 0f         00000000  c.addi   x15, -0x10
#2275 0 800001d0     97a2 r 0f         f00410b0  c.add    x15, x8
#2276 0 800001d2 f447a783 r 0f         00000000  lw       x15, -0xbc(x15)
#2277 0 800001d6     eb8d r 00         00000000  c.bnez   x15, . + 0x32
#2278 0 800001d8 fe042783 r 0f         00000004  lw       x15, -0x20(x8)
#2279 0 800001dc     078a r 0f         00000010  c.slli   x15, 2
#2280 0 800001de     17c1 r 0f         00000000  c.addi   x15, -0x10
#2281 0 800001e0     97a2 r 0f         f00410b0  c.add    x15, x8
#2282 0 800001e2 f6c7a783 r 0f         0000000a  lw       x15, -0x94(x15)
#2283 0 800001e6 fe842703 r 0e         0000270f  lw       x14, -0x18(x8)
#2284 0 800001ea 00e7df63 r 00         00000000  bge      x15, x14, . + 0x1e
#2285 0 800001ee fe042783 r 0f         00000004  lw       x15, -0x20(x8)
#2286 0 800001f2 fef42623 m f004109c   00000004  sw       x15, -0x14(x8)
#2287 0 800001f6 fe042783 r 0f         00000004  lw       x15, -0x20(x8)
#2288 0 800001fa     078a r 0f         00000010  c.slli   x15, 2
#2289 0 800001fc     17c1 r 0f         00000000  c.addi   x15, -0x10
#2290 0 800001fe     97a2 r 0f         f00410b0  c.add    x15, x8
#2291 0 80000200 f6c7a783 r 0f         0000000a  lw       x15, -0x94(x15)
#2292 0 80000204 fef42423 m f0041098   0000000a  sw       x15, -0x18(x8)
#2293 0 80000208 fe042783 r 0f         00000004  lw       x15, -0x20(x8)
#2294 0 8000020c     0785 r 0f         00000005  c.addi   x15, 0x1
#2295 0 8000020e fef42023 m f0041090   00000005  sw       x15, -0x20(x8)
#2296 0 80000212 f00407b7 r 0f         f0040000  lui      x15, -0xffc0
#2297 0 80000216 0647a783 r 0f         00000005  lw       x15, 0x64(x15)
#2298 0 8000021a fe042703 r 0e         00000005  lw       x14, -0x20(x8)
#2299 0 8000021e faf745e3 r 00         00000000  blt      x14, x15, . - 0x56
#2300 0 80000222 fec42783 r 0f         00000004  lw       x15, -0x14(x8)
#2301 0 80000226     078a r 0f         00000010  c.slli   x15, 2
#2302 0 80000228     17c1 r 0f         00000000  c.addi   x15, -0x10
#2303 0 8000022a     97a2 r 0f         f00410b0  c.add    x15, x8
#2304 0 8000022c f587a783 r 0f         00000002  lw       x15, -0xa8(x15)
#2305 0 80000230 fcf42a23 m f0041084   00000002  sw       x15, -0x2c(x8)
#2306 0 80000234 fec42783 r 0f         00000004  lw       x15, -0x14(x8)
#2307 0 80000238     078a r 0f         00000010  c.slli   x15, 2
#2308 0 8000023a     17c1 r 0f         00000000  c.addi   x15, -0x10
#2309 0 8000023c     97a2 r 0f         f00410b0  c.add    x15, x8
#2310 0 8000023e f6c7a683 r 0d         0000000a  lw       x13, -0x94(x15)
#2311 0 80000242 f00407b7 r 0f         f0040000  lui      x15, -0xffc0
#2312 0 80000246 06878613 r 0c         f0040068  addi     x12, x15, 0x68
#2313 0 8000024a fd442703 r 0e         00000002  lw       x14, -0x2c(x8)
#2314 0 8000024e     87ba r 0f         00000002  c.mv     x15, x14
#2315 0 80000250     078a r 0f         00000008  c.slli   x15, 2
#2316 0 80000252     97ba r 0f         0000000a  c.add    x15, x14
#2317 0 80000254 fec42703 r 0e         00000004  lw       x14, -0x14(x8)
#2318 0 80000258     97ba r 0f         0000000e  c.add    x15, x14
#2319 0 8000025a     078a r 0f         00000038  c.slli   x15, 2
#2320 0 8000025c     97b2 r 0f         f00400a0  c.add    x15, x12
#2321 0 8000025e     c394 m f00400a0   0000000a  c.sw     x13, 0x0(x15)
#2322 0 80000260 fec42783 r 0f         00000004  lw       x15, -0x14(x8)
#2323 0 80000264     078a r 0f         00000010  c.slli   x15, 2
#2324 0 80000266     17c1 r 0f         00000000  c.addi   x15, -0x10
#2325 0 80000268     97a2 r 0f         f00410b0  c.add    x15, x8
#2326 0 8000026a f6c7a683 r 0d         0000000a  lw       x13, -0x94(x15)
#2327 0 8000026e f00407b7 r 0f         f0040000  lui      x15, -0xffc0
#2328 0 80000272 06878613 r 0c         f0040068  addi     x12, x15, 0x68
#2329 0 80000276 fec42703 r 0e         00000004  lw       x14, -0x14(x8)
#2330 0 8000027a     87ba r 0f         00000004  c.mv     x15, x14
#2331 0 8000027c     078a r 0f         00000010  c.slli   x15, 2
#2332 0 8000027e     97ba r 0f         00000014  c.add    x15, x14
#2333 0 80000280 fd442703 r 0e         00000002  lw       x14, -0x2c(x8)
#2334 0 80000284     97ba r 0f         00000016  c.add    x15, x14
#2335 0 80000286     078a r 0f         00000058  c.slli   x15, 2
#2336 0 80000288     97b2 r 0f         f00400c0  c.add    x15, x12
#2337 0 8000028a     c394 m f00400c0   0000000a  c.sw     x13, 0x0(x15)
#2338 0 8000028c fe442783 r 0f         00000001  lw       x15, -0x1c(x8)
#2339 0 80000290     17fd r 0f         00000000  c.addi   x15, -0x1
#2340 0 80000292 fef42223 m f0041094   00000000  sw       x15, -0x1c(x8)
#2341 0 80000296 fec42783 r 0f         00000004  lw       x15, -0x14(x8)
#2342 0 8000029a     078a r 0f         00000010  c.slli   x15, 2
#2343 0 8000029c     17c1 r 0f         00000000  c.addi   x15, -0x10
#2344 0 8000029e     97a2 r 0f         f00410b0  c.add    x15, x8
#2345 0 800002a0     4705 r 0e         00000001  c.li     x14, 0x1
#2346 0 800002a2 f4e7a223 m f0040ff4   00000001  sw       x14, -0xbc(x15)
#2347 0 800002a6     4785 r 0f         00000001  c.li     x15, 0x1
#2348 0 800002a8 fef42023 m f0041090   00000001  sw       x15, -0x20(x8)
#2349 0 800002ac     a049 r 00         00000000  c.j      . + 0x82
#2350 0 8000032e f00407b7 r 0f         f0040000  lui      x15, -0xffc0
#2351 0 80000332 0647a783 r 0f         00000005  lw       x15, 0x64(x15)
#2352 0 80000336 fe042703 r 0e         00000001  lw       x14, -0x20(x8)
#2353 0 8000033a f6f74ae3 r 00         00000000  blt      x14, x15, . - 0x8c
#2354 0 800002ae fe042783 r 0f         00000001  lw       x15, -0x20(x8)
#2355 0 800002b2     078a r 0f         00000004  c.slli   x15, 2
#2356 0 800002b4     17c1 r 0f         fffffff4  c.addi   x15, -0x10
#2357 0 800002b6     97a2 r 0f         f00410a4  c.add    x15, x8
#2358 0 800002b8 f447a783 r 0f         00000001  lw       x15, -0xbc(x15)
#2359 0 800002bc     e7a5 r 00         00000000  c.bnez   x15, . + 0x68
#2360 0 80000324 fe042783 r 0f         00000001  lw       x15, -0x20(x8)
#2361 0 80000328     0785 r 0f         00000002  c.addi   x15, 0x1
#2362 0 8000032a fef42023 m f0041090   00000002  sw       x15, -0x20(x8)
#2363 0 8000032e f00407b7 r 0f         f0040000  lui      x15, -0xffc0
#2364 0 80000332 0647a783 r 0f         00000005  lw       x15, 0x64(x15)
#2365 0 80000336 fe042703 r 0e         00000002  lw       x14, -0x20(x8)
#2366 0 8000033a f6f74ae3 r 00         00000000  blt      x14, x15, . - 0x8c
#2367 0 800002ae fe042783 r 0f         00000002  lw       x15, -0x20(x8)
#2368 0 800002b2     078a r 0f         00000008  c.slli   x15, 2
#2369 0 800002b4     17c1 r 0f         fffffff8  c.addi   x15, -0x10
#2370 0 800002b6     97a2 r 0f         f00410a8  c.add    x15, x8
#2371 0 800002b8 f447a783 r 0f         00000001  lw       x15, -0xbc(x15)
#2372 0 800002bc     e7a5 r 00         00000000  c.bnez   x15, . + 0x68
#2373 0 80000324 fe042783 r 0f         00000002  lw       x15, -0x20(x8)
#2374 0 80000328     0785 r 0f         00000003  c.addi   x15, 0x1
#2375 0 8000032a fef42023 m f0041090   00000003  sw       x15, -0x20(x8)
#2376 0 8000032e f00407b7 r 0f         f0040000  lui      x15, -0xffc0
#2377 0 80000332 0647a783 r 0f         00000005  lw       x15, 0x64(x15)
#2378 0 80000336 fe042703 r 0e         00000003  lw       x14, -0x20(x8)
#2379 0 8000033a f6f74ae3 r 00         00000000  blt      x14, x15, . - 0x8c
#2380 0 800002ae fe042783 r 0f         00000003  lw       x15, -0x20(x8)
#2381 0 800002b2     078a r 0f         0000000c  c.slli   x15, 2
#2382 0 800002b4     17c1 r 0f         fffffffc  c.addi   x15, -0x10
#2383 0 800002b6     97a2 r 0f         f00410ac  c.add    x15, x8
#2384 0 800002b8 f447a783 r 0f         00000001  lw       x15, -0xbc(x15)
#2385 0 800002bc     e7a5 r 00         00000000  c.bnez   x15, . + 0x68
#2386 0 80000324 fe042783 r 0f         00000003  lw       x15, -0x20(x8)
#2387 0 80000328     0785 r 0f         00000004  c.addi   x15, 0x1
#2388 0 8000032a fef42023 m f0041090   00000004  sw       x15, -0x20(x8)
#2389 0 8000032e f00407b7 r 0f         f0040000  lui      x15, -0xffc0
#2390 0 80000332 0647a783 r 0f         00000005  lw       x15, 0x64(x15)
#2391 0 80000336 fe042703 r 0e         00000004  lw       x14, -0x20(x8)
#2392 0 8000033a f6f74ae3 r 00         00000000  blt      x14, x15, . - 0x8c
#2393 0 800002ae fe042783 r 0f         00000004  lw       x15, -0x20(x8)
#2394 0 800002b2     078a r 0f         00000010  c.slli   x15, 2
#2395 0 800002b4     17c1 r 0f         00000000  c.addi   x15, -0x10
#2396 0 800002b6     97a2 r 0f         f00410b0  c.add    x15, x8
#2397 0 800002b8 f447a783 r 0f         00000001  lw       x15, -0xbc(x15)
#2398 0 800002bc     e7a5 r 00         00000000  c.bnez   x15, . + 0x68
#2399 0 80000324 fe042783 r 0f         00000004  lw       x15, -0x20(x8)
#2400 0 80000328     0785 r 0f         00000005  c.addi   x15, 0x1
#2401 0 8000032a fef42023 m f0041090   00000005  sw       x15, -0x20(x8)
#2402 0 8000032e f00407b7 r 0f         f0040000  lui      x15, -0xffc0
#2403 0 80000332 0647a783 r 0f         00000005  lw       x15, 0x64(x15)
#2404 0 80000336 fe042703 r 0e         00000005  lw       x14, -0x20(x8)
#2405 0 8000033a f6f74ae3 r 00         00000000  blt      x14, x15, . - 0x8c
#2406 0 8000033e fd442703 r 0e         00000002  lw       x14, -0x2c(x8)
#2407 0 80000342     87ba r 0f         00000002  c.mv     x15, x14
#2408 0 80000344     078a r 0f         00000008  c.slli   x15, 2
#2409 0 80000346     97ba r 0f         0000000a  c.add    x15, x14
#2410 0 80000348 fec42703 r 0e         00000004  lw       x14, -0x14(x8)
#2411 0 8000034c     97ba r 0f         0000000e  c.add    x15, x14
#2412 0 8000034e     078a r 0f         00000038  c.slli   x15, 2
#2413 0 80000350     17c1 r 0f         00000028  c.addi   x15, -0x10
#2414 0 80000352     97a2 r 0f         f00410d8  c.add    x15, x8
#2415 0 80000354 f807a783 r 0f         0000000a  lw       x15, -0x80(x15)
#2416 0 80000358 fdc42703 r 0e         0000003c  lw       x14, -0x24(x8)
#2417 0 8000035c     97ba r 0f         00000046  c.add    x15, x14
#2418 0 8000035e fcf42e23 m f004108c   00000046  sw       x15, -0x24(x8)
#2419 0 80000362 fe442783 r 0f         00000000  lw       x15, -0x1c(x8)
#2420 0 80000366 e4f048e3 r 00         00000000  blt      x0, x15, . - 0x1b0
#2421 0 8000036a fdc42783 r 0f         00000046  lw       x15, -0x24(x8)
#2422 0 8000036e     853e r 0a         00000046  c.mv     x10, x15
#2423 0 80000370     443e r 08         f00410d0  c.lwsp   x8, 0xcc
#2424 0 80000372     6169 r 02         f00410b0  c.addi16sp 0xd
#2425 0 80000374     8082 r 00         00000000  c.jr     x1
#2426 0 80000050 fea42623 m f00410bc   00000046  sw       x10, -0x14(x8)
#2427 0 80000054     0001 r 00         00000000  c.nop
#2428 0 80000056     40f2 r 01         80000018  c.lwsp   x1, 0x1c
#2429 0 80000058     4462 r 08         00000000  c.lwsp   x8, 0x18
#2430 0 8000005a     6105 r 02         f00410d0  c.addi16sp 0x2
#2431 0 8000005c     8082 r 00         00000000  c.jr     x1
#2432 0 80000018 50580297 r 05         d0580018  auipc    x5, 0x50580
#2433 0 8000001c fe828293 r 05         d0580000  addi     x5, x5, -0x18
#2434 0 80000020 0ff00313 r 06         000000ff  addi     x6, x0, 0xff
#2435 0 80000024 00628023 m d0580000   000000ff  sb       x6, 0x0(x5)
