#1 0 80000000 595552b7 r 05         59555000  lui      x5, 0x59555
#2 0 80000004 55528293 r 05         59555555  addi     x5, x5, 0x555
#3 0 80000008 7c029073 c 07c0       59555555  csrrw    x0, mrac, x5
#4 0 8000000c 70041117 r 02         f004100c  auipc    x2, 0x70041
#5 0 80000010 05410113 r 02         f0041060  addi     x2, x2, 0x54
#6 0 80000014 23a000ef r 01         80000018  jal      x1, . + 0x23a
#7 0 8000024e     1141 r 02         f0041050  c.addi   x2, -0x10
#8 0 80000250     c606 m f004105c   80000018  c.swsp   x1, 0xc
#9 0 80000252     c422 m f0041058   00000000  c.swsp   x8, 0x8
#10 0 80000254     0800 r 08         f0041060  c.addi4spn  x8, 0x4
#11 0 80000256     45a9 r 0b         0000000a  c.li     x11, 0xa
#12 0 80000258     4501 r 0a         00000000  c.li     x10, 0x0
#13 0 8000025a     3f41 r 01         8000025c  c.jal    . - 0x70
#14 0 800001ea     7179 r 02         f0041020  c.addi16sp -0x3
#15 0 800001ec     d606 m f004104c   8000025c  c.swsp   x1, 0x2c
#16 0 800001ee     d422 m f0041048   f0041060  c.swsp   x8, 0x28
#17 0 800001f0     1800 r 08         f0041050  c.addi4spn  x8, 0xc
#18 0 800001f2 fca42e23 m f004102c   00000000  sw       x10, -0x24(x8)
#19 0 800001f6 fcb42c23 m f0041028   0000000a  sw       x11, -0x28(x8)
#20 0 800001fa fdc42703 r 0e         00000000  lw       x14, -0x24(x8)
#21 0 800001fe fd842783 r 0f         0000000a  lw       x15, -0x28(x8)
#22 0 80000202 04f75163 r 00         00000000  bge      x14, x15, . + 0x42
#23 0 80000206 fdc42703 r 0e         00000000  lw       x14, -0x24(x8)
#24 0 8000020a fd842783 r 0f         0000000a  lw       x15, -0x28(x8)
#25 0 8000020e     97ba r 0f         0000000a  c.add    x15, x14
#26 0 80000210 01f7d713 r 0e         00000000  srli     x14, x15, 0x1f
#27 0 80000214     97ba r 0f         0000000a  c.add    x15, x14
#28 0 80000216     8785 r 0f         00000005  c.srai   x15, 0x1
#29 0 80000218 fef42623 m f004103c   00000005  sw       x15, -0x14(x8)
#30 0 8000021c fec42583 r 0b         00000005  lw       x11, -0x14(x8)
#31 0 80000220 fdc42503 r 0a         00000000  lw       x10, -0x24(x8)
#32 0 80000224     37d9 r 01         80000226  c.jal    . - 0x3a
#33 0 800001ea     7179 r 02         f0040ff0  c.addi16sp -0x3
#34 0 800001ec     d606 m f004101c   80000226  c.swsp   x1, 0x2c
#35 0 800001ee     d422 m f0041018   f0041050  c.swsp   x8, 0x28
#36 0 800001f0     1800 r 08         f0041020  c.addi4spn  x8, 0xc
#37 0 800001f2 fca42e23 m f0040ffc   00000000  sw       x10, -0x24(x8)
#38 0 800001f6 fcb42c23 m f0040ff8   00000005  sw       x11, -0x28(x8)
#39 0 800001fa fdc42703 r 0e         00000000  lw       x14, -0x24(x8)
#40 0 800001fe fd842783 r 0f         00000005  lw       x15, -0x28(x8)
#41 0 80000202 04f75163 r 00         00000000  bge      x14, x15, . + 0x42
#42 0 80000206 fdc42703 r 0e         00000000  lw       x14, -0x24(x8)
#43 0 8000020a fd842783 r 0f         00000005  lw       x15, -0x28(x8)
#44 0 8000020e     97ba r 0f         00000005  c.add    x15, x14
#45 0 80000210 01f7d713 r 0e         00000000  srli     x14, x15, 0x1f
#46 0 80000214     97ba r 0f         00000005  c.add    x15, x14
#47 0 80000216     8785 r 0f         00000002  c.srai   x15, 0x1
#48 0 80000218 fef42623 m f004100c   00000002  sw       x15, -0x14(x8)
#49 0 8000021c fec42583 r 0b         00000002  lw       x11, -0x14(x8)
#50 0 80000220 fdc42503 r 0a         00000000  lw       x10, -0x24(x8)
#51 0 80000224     37d9 r 01         80000226  c.jal    . - 0x3a
#52 0 800001ea     7179 r 02         f0040fc0  c.addi16sp -0x3
#53 0 800001ec     d606 m f0040fec   80000226  c.swsp   x1, 0x2c
#54 0 800001ee     d422 m f0040fe8   f0041020  c.swsp   x8, 0x28
#55 0 800001f0     1800 r 08         f0040ff0  c.addi4spn  x8, 0xc
#56 0 800001f2 fca42e23 m f0040fcc   00000000  sw       x10, -0x24(x8)
#57 0 800001f6 fcb42c23 m f0040fc8   00000002  sw       x11, -0x28(x8)
#58 0 800001fa fdc42703 r 0e         00000000  lw       x14, -0x24(x8)
#59 0 800001fe fd842783 r 0f         00000002  lw       x15, -0x28(x8)
#60 0 80000202 04f75163 r 00         00000000  bge      x14, x15, . + 0x42
#61 0 80000206 fdc42703 r 0e         00000000  lw       x14, -0x24(x8)
#62 0 8000020a fd842783 r 0f         00000002  lw       x15, -0x28(x8)
#63 0 8000020e     97ba r 0f         00000002  c.add    x15, x14
#64 0 80000210 01f7d713 r 0e         00000000  srli     x14, x15, 0x1f
#65 0 80000214     97ba r 0f         00000002  c.add    x15, x14
#66 0 80000216     8785 r 0f         00000001  c.srai   x15, 0x1
#67 0 80000218 fef42623 m f0040fdc   00000001  sw       x15, -0x14(x8)
#68 0 8000021c fec42583 r 0b         00000001  lw       x11, -0x14(x8)
#69 0 80000220 fdc42503 r 0a         00000000  lw       x10, -0x24(x8)
#70 0 80000224     37d9 r 01         80000226  c.jal    . - 0x3a
#71 0 800001ea     7179 r 02         f0040f90  c.addi16sp -0x3
#72 0 800001ec     d606 m f0040fbc   80000226  c.swsp   x1, 0x2c
#73 0 800001ee     d422 m f0040fb8   f0040ff0  c.swsp   x8, 0x28
#74 0 800001f0     1800 r 08         f0040fc0  c.addi4spn  x8, 0xc
#75 0 800001f2 fca42e23 m f0040f9c   00000000  sw       x10, -0x24(x8)
#76 0 800001f6 fcb42c23 m f0040f98   00000001  sw       x11, -0x28(x8)
#77 0 800001fa fdc42703 r 0e         00000000  lw       x14, -0x24(x8)
#78 0 800001fe fd842783 r 0f         00000001  lw       x15, -0x28(x8)
#79 0 80000202 04f75163 r 00         00000000  bge      x14, x15, . + 0x42
#80 0 80000206 fdc42703 r 0e         00000000  lw       x14, -0x24(x8)
#81 0 8000020a fd842783 r 0f         00000001  lw       x15, -0x28(x8)
#82 0 8000020e     97ba r 0f         00000001  c.add    x15, x14
#83 0 80000210 01f7d713 r 0e         00000000  srli     x14, x15, 0x1f
#84 0 80000214     97ba r 0f         00000001  c.add    x15, x14
#85 0 80000216     8785 r 0f         00000000  c.srai   x15, 0x1
#86 0 80000218 fef42623 m f0040fac   00000000  sw       x15, -0x14(x8)
#87 0 8000021c fec42583 r 0b         00000000  lw       x11, -0x14(x8)
#88 0 80000220 fdc42503 r 0a         00000000  lw       x10, -0x24(x8)
#89 0 80000224     37d9 r 01         80000226  c.jal    . - 0x3a
#90 0 800001ea     7179 r 02         f0040f60  c.addi16sp -0x3
#91 0 800001ec     d606 m f0040f8c   80000226  c.swsp   x1, 0x2c
#92 0 800001ee     d422 m f0040f88   f0040fc0  c.swsp   x8, 0x28
#93 0 800001f0     1800 r 08         f0040f90  c.addi4spn  x8, 0xc
#94 0 800001f2 fca42e23 m f0040f6c   00000000  sw       x10, -0x24(x8)
#95 0 800001f6 fcb42c23 m f0040f68   00000000  sw       x11, -0x28(x8)
#96 0 800001fa fdc42703 r 0e         00000000  lw       x14, -0x24(x8)
#97 0 800001fe fd842783 r 0f         00000000  lw       x15, -0x28(x8)
#98 0 80000202 04f75163 r 00         00000000  bge      x14, x15, . + 0x42
#99 0 80000244     0001 r 00         00000000  c.nop
#100 0 80000246     50b2 r 01         80000226  c.lwsp   x1, 0x2c
#101 0 80000248     5422 r 08         f0040fc0  c.lwsp   x8, 0x28
#102 0 8000024a     6145 r 02         f0040f90  c.addi16sp 0x3
#103 0 8000024c     8082 r 00         00000000  c.jr     x1
#104 0 80000226 fec42783 r 0f         00000000  lw       x15, -0x14(x8)
#105 0 8000022a     0785 r 0f         00000001  c.addi   x15, 0x1
#106 0 8000022c fd842583 r 0b         00000001  lw       x11, -0x28(x8)
#107 0 80000230     853e r 0a         00000001  c.mv     x10, x15
#108 0 80000232     3f65 r 01         80000234  c.jal    . - 0x48
#109 0 800001ea     7179 r 02         f0040f60  c.addi16sp -0x3
#110 0 800001ec     d606 m f0040f8c   80000234  c.swsp   x1, 0x2c
#111 0 800001ee     d422 m f0040f88   f0040fc0  c.swsp   x8, 0x28
#112 0 800001f0     1800 r 08         f0040f90  c.addi4spn  x8, 0xc
#113 0 800001f2 fca42e23 m f0040f6c   00000001  sw       x10, -0x24(x8)
#114 0 800001f6 fcb42c23 m f0040f68   00000001  sw       x11, -0x28(x8)
#115 0 800001fa fdc42703 r 0e         00000001  lw       x14, -0x24(x8)
#116 0 800001fe fd842783 r 0f         00000001  lw       x15, -0x28(x8)
#117 0 80000202 04f75163 r 00         00000000  bge      x14, x15, . + 0x42
#118 0 80000244     0001 r 00         00000000  c.nop
#119 0 80000246     50b2 r 01         80000234  c.lwsp   x1, 0x2c
#120 0 80000248     5422 r 08         f0040fc0  c.lwsp   x8, 0x28
#121 0 8000024a     6145 r 02         f0040f90  c.addi16sp 0x3
#122 0 8000024c     8082 r 00         00000000  c.jr     x1
#123 0 80000234 fd842603 r 0c         00000001  lw       x12, -0x28(x8)
#124 0 80000238 fec42583 r 0b         00000000  lw       x11, -0x14(x8)
#125 0 8000023c fdc42503 r 0a         00000000  lw       x10, -0x24(x8)
#126 0 80000240     3519 r 01         80000242  c.jal    . - 0x1fa
#127 0 80000046     7179 r 02         f0040f60  c.addi16sp -0x3
#128 0 80000048     d622 m f0040f8c   f0040fc0  c.swsp   x8, 0x2c
#129 0 8000004a     1800 r 08         f0040f90  c.addi4spn  x8, 0xc
#130 0 8000004c fca42e23 m f0040f6c   00000000  sw       x10, -0x24(x8)
#131 0 80000050 fcb42c23 m f0040f68   00000000  sw       x11, -0x28(x8)
#132 0 80000054 fcc42a23 m f0040f64   00000001  sw       x12, -0x2c(x8)
#133 0 80000058 fdc42783 r 0f         00000000  lw       x15, -0x24(x8)
#134 0 8000005c fef42623 m f0040f7c   00000000  sw       x15, -0x14(x8)
#135 0 80000060 fd842783 r 0f         00000000  lw       x15, -0x28(x8)
#136 0 80000064     0785 r 0f         00000001  c.addi   x15, 0x1
#137 0 80000066 fef42423 m f0040f78   00000001  sw       x15, -0x18(x8)
#138 0 8000006a fdc42783 r 0f         00000000  lw       x15, -0x24(x8)
#139 0 8000006e fef42223 m f0040f74   00000000  sw       x15, -0x1c(x8)
#140 0 80000072     a079 r 00         00000000  c.j      . + 0x8e
#141 0 80000100 fec42703 r 0e         00000000  lw       x14, -0x14(x8)
#142 0 80000104 fd842783 r 0f         00000000  lw       x15, -0x28(x8)
#143 0 80000108 04e7c363 r 00         00000000  blt      x15, x14, . + 0x46
#144 0 8000010c fe842703 r 0e         00000001  lw       x14, -0x18(x8)
#145 0 80000110 fd442783 r 0f         00000001  lw       x15, -0x2c(x8)
#146 0 80000114 f6e7d0e3 r 00         00000000  bge      x15, x14, . - 0xa0
#147 0 80000074 f00407b7 r 0f         f0040000  lui      x15, -0xffc0
#148 0 80000078 00078713 r 0e         f0040000  addi     x14, x15, 0x0
#149 0 8000007c fec42783 r 0f         00000000  lw       x15, -0x14(x8)
#150 0 80000080     078a r 0f         00000000  c.slli   x15, 2
#151 0 80000082     97ba r 0f         f0040000  c.add    x15, x14
#152 0 80000084     4398 r 0e         0000000a  c.lw     x14, 0x0(x15)
#153 0 80000086 f00407b7 r 0f         f0040000  lui      x15, -0xffc0
#154 0 8000008a 00078693 r 0d         f0040000  addi     x13, x15, 0x0
#155 0 8000008e fe842783 r 0f         00000001  lw       x15, -0x18(x8)
#156 0 80000092     078a r 0f         00000004  c.slli   x15, 2
#157 0 80000094     97b6 r 0f         f0040004  c.add    x15, x13
#158 0 80000096     439c r 0f         0000000e  c.lw     x15, 0x0(x15)
#159 0 80000098 02e7c963 r 00         00000000  blt      x15, x14, . + 0x32
#160 0 8000009c fec42783 r 0f         00000000  lw       x15, -0x14(x8)
#161 0 800000a0 00178713 r 0e         00000001  addi     x14, x15, 0x1
#162 0 800000a4 fee42623 m f0040f7c   00000001  sw       x14, -0x14(x8)
#163 0 800000a8 f0040737 r 0e         f0040000  lui      x14, -0xffc0
#164 0 800000ac 00070713 r 0e         f0040000  addi     x14, x14, 0x0
#165 0 800000b0     078a r 0f         00000000  c.slli   x15, 2
#166 0 800000b2     97ba r 0f         f0040000  c.add    x15, x14
#167 0 800000b4     4398 r 0e         0000000a  c.lw     x14, 0x0(x15)
#168 0 800000b6 f00407b7 r 0f         f0040000  lui      x15, -0xffc0
#169 0 800000ba 02c78693 r 0d         f004002c  addi     x13, x15, 0x2c
#170 0 800000be fe442783 r 0f         00000000  lw       x15, -0x1c(x8)
#171 0 800000c2     078a r 0f         00000000  c.slli   x15, 2
#172 0 800000c4     97b6 r 0f         f004002c  c.add    x15, x13
#173 0 800000c6     c398 m f004002c   0000000a  c.sw     x14, 0x0(x15)
#174 0 800000c8     a03d r 00         00000000  c.j      . + 0x2e
#175 0 800000f6 fe442783 r 0f         00000000  lw       x15, -0x1c(x8)
#176 0 800000fa     0785 r 0f         00000001  c.addi   x15, 0x1
#177 0 800000fc fef42223 m f0040f74   00000001  sw       x15, -0x1c(x8)
#178 0 80000100 fec42703 r 0e         00000001  lw       x14, -0x14(x8)
#179 0 80000104 fd842783 r 0f         00000000  lw       x15, -0x28(x8)
#180 0 80000108 04e7c363 r 00         00000000  blt      x15, x14, . + 0x46
#181 0 8000014e fec42703 r 0e         00000001  lw       x14, -0x14(x8)
#182 0 80000152 fd842783 r 0f         00000000  lw       x15, -0x28(x8)
#183 0 80000156 fce7d2e3 r 00         00000000  bge      x15, x14, . - 0x3c
#184 0 8000015a     a81d r 00         00000000  c.j      . + 0x36
#185 0 80000190 fe842703 r 0e         00000001  lw       x14, -0x18(x8)
#186 0 80000194 fd442783 r 0f         00000001  lw       x15, -0x2c(x8)
#187 0 80000198 fce7d2e3 r 00         00000000  bge      x15, x14, . - 0x3c
#188 0 8000015c fe842703 r 0e         00000001  lw       x14, -0x18(x8)
#189 0 80000160 00170793 r 0f         00000002  addi     x15, x14, 0x1
#190 0 80000164 fef42423 m f0040f78   00000002  sw       x15, -0x18(x8)
#191 0 80000168 fe442783 r 0f         00000001  lw       x15, -0x1c(x8)
#192 0 8000016c 00178693 r 0d         00000002  addi     x13, x15, 0x1
#193 0 80000170 fed42223 m f0040f74   00000002  sw       x13, -0x1c(x8)
#194 0 80000174 f00406b7 r 0d         f0040000  lui      x13, -0xffc0
#195 0 80000178 00068693 r 0d         f0040000  addi     x13, x13, 0x0
#196 0 8000017c     070a r 0e         00000004  c.slli   x14, 2
#197 0 8000017e     9736 r 0e         f0040004  c.add    x14, x13
#198 0 80000180     4318 r 0e         0000000e  c.lw     x14, 0x0(x14)
#199 0 80000182 f00406b7 r 0d         f0040000  lui      x13, -0xffc0
#200 0 80000186 02c68693 r 0d         f004002c  addi     x13, x13, 0x2c
#201 0 8000018a     078a r 0f         00000004  c.slli   x15, 2
#202 0 8000018c     97b6 r 0f         f0040030  c.add    x15, x13
#203 0 8000018e     c398 m f0040030   0000000e  c.sw     x14, 0x0(x15)
#204 0 80000190 fe842703 r 0e         00000002  lw       x14, -0x18(x8)
#205 0 80000194 fd442783 r 0f         00000001  lw       x15, -0x2c(x8)
#206 0 80000198 fce7d2e3 r 00         00000000  bge      x15, x14, . - 0x3c
#207 0 8000019c fdc42783 r 0f         00000000  lw       x15, -0x24(x8)
#208 0 800001a0 fef42223 m f0040f74   00000000  sw       x15, -0x1c(x8)
#209 0 800001a4     a805 r 00         00000000  c.j      . + 0x30
#210 0 800001d4 fe442703 r 0e         00000000  lw       x14, -0x1c(x8)
#211 0 800001d8 fd442783 r 0f         00000001  lw       x15, -0x2c(x8)
#212 0 800001dc fce7d5e3 r 00         00000000  bge      x15, x14, . - 0x36
#213 0 800001a6 f00407b7 r 0f         f0040000  lui      x15, -0xffc0
#214 0 800001aa 02c78713 r 0e         f004002c  addi     x14, x15, 0x2c
#215 0 800001ae fe442783 r 0f         00000000  lw       x15, -0x1c(x8)
#216 0 800001b2     078a r 0f         00000000  c.slli   x15, 2
#217 0 800001b4     97ba r 0f         f004002c  c.add    x15, x14
#218 0 800001b6     4398 r 0e         0000000a  c.lw     x14, 0x0(x15)
#219 0 800001b8 f00407b7 r 0f         f0040000  lui      x15, -0xffc0
#220 0 800001bc 00078693 r 0d         f0040000  addi     x13, x15, 0x0
#221 0 800001c0 fe442783 r 0f         00000000  lw       x15, -0x1c(x8)
#222 0 800001c4     078a r 0f         00000000  c.slli   x15, 2
#223 0 800001c6     97b6 r 0f         f0040000  c.add    x15, x13
#224 0 800001c8     c398 m f0040000   0000000a  c.sw     x14, 0x0(x15)
#225 0 800001ca fe442783 r 0f         00000000  lw       x15, -0x1c(x8)
#226 0 800001ce     0785 r 0f         00000001  c.addi   x15, 0x1
#227 0 800001d0 fef42223 m f0040f74   00000001  sw       x15, -0x1c(x8)
#228 0 800001d4 fe442703 r 0e         00000001  lw       x14, -0x1c(x8)
#229 0 800001d8 fd442783 r 0f         00000001  lw       x15, -0x2c(x8)
#230 0 800001dc fce7d5e3 r 00         00000000  bge      x15, x14, . - 0x36
#231 0 800001a6 f00407b7 r 0f         f0040000  lui      x15, -0xffc0
#232 0 800001aa 02c78713 r 0e         f004002c  addi     x14, x15, 0x2c
#233 0 800001ae fe442783 r 0f         00000001  lw       x15, -0x1c(x8)
#234 0 800001b2     078a r 0f         00000004  c.slli   x15, 2
#235 0 800001b4     97ba r 0f         f0040030  c.add    x15, x14
#236 0 800001b6     4398 r 0e         0000000e  c.lw     x14, 0x0(x15)
#237 0 800001b8 f00407b7 r 0f         f0040000  lui      x15, -0xffc0
#238 0 800001bc 00078693 r 0d         f0040000  addi     x13, x15, 0x0
#239 0 800001c0 fe442783 r 0f         00000001  lw       x15, -0x1c(x8)
#240 0 800001c4     078a r 0f         00000004  c.slli   x15, 2
#241 0 800001c6     97b6 r 0f         f0040004  c.add    x15, x13
#242 0 800001c8     c398 m f0040004   0000000e  c.sw     x14, 0x0(x15)
#243 0 800001ca fe442783 r 0f         00000001  lw       x15, -0x1c(x8)
#244 0 800001ce     0785 r 0f         00000002  c.addi   x15, 0x1
#245 0 800001d0 fef42223 m f0040f74   00000002  sw       x15, -0x1c(x8)
#246 0 800001d4 fe442703 r 0e         00000002  lw       x14, -0x1c(x8)
#247 0 800001d8 fd442783 r 0f         00000001  lw       x15, -0x2c(x8)
#248 0 800001dc fce7d5e3 r 00         00000000  bge      x15, x14, . - 0x36
#249 0 800001e0     0001 r 00         00000000  c.nop
#250 0 800001e2     0001 r 00         00000000  c.nop
#251 0 800001e4     5432 r 08         f0040fc0  c.lwsp   x8, 0x2c
#252 0 800001e6     6145 r 02         f0040f90  c.addi16sp 0x3
#253 0 800001e8     8082 r 00         00000000  c.jr     x1
#254 0 80000242     a011 r 00         00000000  c.j      . + 0x4
#255 0 80000246     50b2 r 01         80000226  c.lwsp   x1, 0x2c
#256 0 80000248     5422 r 08         f0040ff0  c.lwsp   x8, 0x28
#257 0 8000024a     6145 r 02         f0040fc0  c.addi16sp 0x3
#258 0 8000024c     8082 r 00         00000000  c.jr     x1
#259 0 80000226 fec42783 r 0f         00000001  lw       x15, -0x14(x8)
#260 0 8000022a     0785 r 0f         00000002  c.addi   x15, 0x1
#261 0 8000022c fd842583 r 0b         00000002  lw       x11, -0x28(x8)
#262 0 80000230     853e r 0a         00000002  c.mv     x10, x15
#263 0 80000232     3f65 r 01         80000234  c.jal    . - 0x48
#264 0 800001ea     7179 r 02         f0040f90  c.addi16sp -0x3
#265 0 800001ec     d606 m f0040fbc   80000234  c.swsp   x1, 0x2c
#266 0 800001ee     d422 m f0040fb8   f0040ff0  c.swsp   x8, 0x28
#267 0 800001f0     1800 r 08         f0040fc0  c.addi4spn  x8, 0xc
#268 0 800001f2 fca42e23 m f0040f9c   00000002  sw       x10, -0x24(x8)
#269 0 800001f6 fcb42c23 m f0040f98   00000002  sw       x11, -0x28(x8)
#270 0 800001fa fdc42703 r 0e         00000002  lw       x14, -0x24(x8)
#271 0 800001fe fd842783 r 0f         00000002  lw       x15, -0x28(x8)
#272 0 80000202 04f75163 r 00         00000000  bge      x14, x15, . + 0x42
#273 0 80000244     0001 r 00         00000000  c.nop
#274 0 80000246     50b2 r 01         80000234  c.lwsp   x1, 0x2c
#275 0 80000248     5422 r 08         f0040ff0  c.lwsp   x8, 0x28
#276 0 8000024a     6145 r 02         f0040fc0  c.addi16sp 0x3
#277 0 8000024c     8082 r 00         00000000  c.jr     x1
#278 0 80000234 fd842603 r 0c         00000002  lw       x12, -0x28(x8)
#279 0 80000238 fec42583 r 0b         00000001  lw       x11, -0x14(x8)
#280 0 8000023c fdc42503 r 0a         00000000  lw       x10, -0x24(x8)
#281 0 80000240     3519 r 01         80000242  c.jal    . - 0x1fa
#282 0 80000046     7179 r 02         f0040f90  c.addi16sp -0x3
#283 0 80000048     d622 m f0040fbc   f0040ff0  c.swsp   x8, 0x2c
#284 0 8000004a     1800 r 08         f0040fc0  c.addi4spn  x8, 0xc
#285 0 8000004c fca42e23 m f0040f9c   00000000  sw       x10, -0x24(x8)
#286 0 80000050 fcb42c23 m f0040f98   00000001  sw       x11, -0x28(x8)
#287 0 80000054 fcc42a23 m f0040f94   00000002  sw       x12, -0x2c(x8)
#288 0 80000058 fdc42783 r 0f         00000000  lw       x15, -0x24(x8)
#289 0 8000005c fef42623 m f0040fac   00000000  sw       x15, -0x14(x8)
#290 0 80000060 fd842783 r 0f         00000001  lw       x15, -0x28(x8)
#291 0 80000064     0785 r 0f         00000002  c.addi   x15, 0x1
#292 0 80000066 fef42423 m f0040fa8   00000002  sw       x15, -0x18(x8)
#293 0 8000006a fdc42783 r 0f         00000000  lw       x15, -0x24(x8)
#294 0 8000006e fef42223 m f0040fa4   00000000  sw       x15, -0x1c(x8)
#295 0 80000072     a079 r 00         00000000  c.j      . + 0x8e
#296 0 80000100 fec42703 r 0e         00000000  lw       x14, -0x14(x8)
#297 0 80000104 fd842783 r 0f         00000001  lw       x15, -0x28(x8)
#298 0 80000108 04e7c363 r 00         00000000  blt      x15, x14, . + 0x46
#299 0 8000010c fe842703 r 0e         00000002  lw       x14, -0x18(x8)
#300 0 80000110 fd442783 r 0f         00000002  lw       x15, -0x2c(x8)
#301 0 80000114 f6e7d0e3 r 00         00000000  bge      x15, x14, . - 0xa0
#302 0 80000074 f00407b7 r 0f         f0040000  lui      x15, -0xffc0
#303 0 80000078 00078713 r 0e         f0040000  addi     x14, x15, 0x0
#304 0 8000007c fec42783 r 0f         00000000  lw       x15, -0x14(x8)
#305 0 80000080     078a r 0f         00000000  c.slli   x15, 2
#306 0 80000082     97ba r 0f         f0040000  c.add    x15, x14
#307 0 80000084     4398 r 0e         0000000a  c.lw     x14, 0x0(x15)
#308 0 80000086 f00407b7 r 0f         f0040000  lui      x15, -0xffc0
#309 0 8000008a 00078693 r 0d         f0040000  addi     x13, x15, 0x0
#310 0 8000008e fe842783 r 0f         00000002  lw       x15, -0x18(x8)
#311 0 80000092     078a r 0f         00000008  c.slli   x15, 2
#312 0 80000094     97b6 r 0f         f0040008  c.add    x15, x13
#313 0 80000096     439c r 0f         00000013  c.lw     x15, 0x0(x15)
#314 0 80000098 02e7c963 r 00         00000000  blt      x15, x14, . + 0x32
#315 0 8000009c fec42783 r 0f         00000000  lw       x15, -0x14(x8)
#316 0 800000a0 00178713 r 0e         00000001  addi     x14, x15, 0x1
#317 0 800000a4 fee42623 m f0040fac   00000001  sw       x14, -0x14(x8)
#318 0 800000a8 f0040737 r 0e         f0040000  lui      x14, -0xffc0
#319 0 800000ac 00070713 r 0e         f0040000  addi     x14, x14, 0x0
#320 0 800000b0     078a r 0f         00000000  c.slli   x15, 2
#321 0 800000b2     97ba r 0f         f0040000  c.add    x15, x14
#322 0 800000b4     4398 r 0e         0000000a  c.lw     x14, 0x0(x15)
#323 0 800000b6 f00407b7 r 0f         f0040000  lui      x15, -0xffc0
#324 0 800000ba 02c78693 r 0d         f004002c  addi     x13, x15, 0x2c
#325 0 800000be fe442783 r 0f         00000000  lw       x15, -0x1c(x8)
#326 0 800000c2     078a r 0f         00000000  c.slli   x15, 2
#327 0 800000c4     97b6 r 0f         f004002c  c.add    x15, x13
#328 0 800000c6     c398 m f004002c   0000000a  c.sw     x14, 0x0(x15)
#329 0 800000c8     a03d r 00         00000000  c.j      . + 0x2e
#330 0 800000f6 fe442783 r 0f         00000000  lw       x15, -0x1c(x8)
#331 0 800000fa     0785 r 0f         00000001  c.addi   x15, 0x1
#332 0 800000fc fef42223 m f0040fa4   00000001  sw       x15, -0x1c(x8)
#333 0 80000100 fec42703 r 0e         00000001  lw       x14, -0x14(x8)
#334 0 80000104 fd842783 r 0f         00000001  lw       x15, -0x28(x8)
#335 0 80000108 04e7c363 r 00         00000000  blt      x15, x14, . + 0x46
#336 0 8000010c fe842703 r 0e         00000002  lw       x14, -0x18(x8)
#337 0 80000110 fd442783 r 0f         00000002  lw       x15, -0x2c(x8)
#338 0 80000114 f6e7d0e3 r 00         00000000  bge      x15, x14, . - 0xa0
#339 0 80000074 f00407b7 r 0f         f0040000  lui      x15, -0xffc0
#340 0 80000078 00078713 r 0e         f0040000  addi     x14, x15, 0x0
#341 0 8000007c fec42783 r 0f         00000001  lw       x15, -0x14(x8)
#342 0 80000080     078a r 0f         00000004  c.slli   x15, 2
#343 0 80000082     97ba r 0f         f0040004  c.add    x15, x14
#344 0 80000084     4398 r 0e         0000000e  c.lw     x14, 0x0(x15)
#345 0 80000086 f00407b7 r 0f         f0040000  lui      x15, -0xffc0
#346 0 8000008a 00078693 r 0d         f0040000  addi     x13, x15, 0x0
#347 0 8000008e fe842783 r 0f         00000002  lw       x15, -0x18(x8)
#348 0 80000092     078a r 0f         00000008  c.slli   x15, 2
#349 0 80000094     97b6 r 0f         f0040008  c.add    x15, x13
#350 0 80000096     439c r 0f         00000013  c.lw     x15, 0x0(x15)
#351 0 80000098 02e7c963 r 00         00000000  blt      x15, x14, . + 0x32
#352 0 8000009c fec42783 r 0f         00000001  lw       x15, -0x14(x8)
#353 0 800000a0 00178713 r 0e         00000002  addi     x14, x15, 0x1
#354 0 800000a4 fee42623 m f0040fac   00000002  sw       x14, -0x14(x8)
#355 0 800000a8 f0040737 r 0e         f0040000  lui      x14, -0xffc0
#356 0 800000ac 00070713 r 0e         f0040000  addi     x14, x14, 0x0
#357 0 800000b0     078a r 0f         00000004  c.slli   x15, 2
#358 0 800000b2     97ba r 0f         f0040004  c.add    x15, x14
#359 0 800000b4     4398 r 0e         0000000e  c.lw     x14, 0x0(x15)
#360 0 800000b6 f00407b7 r 0f         f0040000  lui      x15, -0xffc0
#361 0 800000ba 02c78693 r 0d         f004002c  addi     x13, x15, 0x2c
#362 0 800000be fe442783 r 0f         00000001  lw       x15, -0x1c(x8)
#363 0 800000c2     078a r 0f         00000004  c.slli   x15, 2
#364 0 800000c4     97b6 r 0f         f0040030  c.add    x15, x13
#365 0 800000c6     c398 m f0040030   0000000e  c.sw     x14, 0x0(x15)
#366 0 800000c8     a03d r 00         00000000  c.j      . + 0x2e
#367 0 800000f6 fe442783 r 0f         00000001  lw       x15, -0x1c(x8)
#368 0 800000fa     0785 r 0f         00000002  c.addi   x15, 0x1
#369 0 800000fc fef42223 m f0040fa4   00000002  sw       x15, -0x1c(x8)
#370 0 80000100 fec42703 r 0e         00000002  lw       x14, -0x14(x8)
#371 0 80000104 fd842783 r 0f         00000001  lw       x15, -0x28(x8)
#372 0 80000108 04e7c363 r 00         00000000  blt      x15, x14, . + 0x46
#373 0 8000014e fec42703 r 0e         00000002  lw       x14, -0x14(x8)
#374 0 80000152 fd842783 r 0f         00000001  lw       x15, -0x28(x8)
#375 0 80000156 fce7d2e3 r 00         00000000  bge      x15, x14, . - 0x3c
#376 0 8000015a     a81d r 00         00000000  c.j      . + 0x36
#377 0 80000190 fe842703 r 0e         00000002  lw       x14, -0x18(x8)
#378 0 80000194 fd442783 r 0f         00000002  lw       x15, -0x2c(x8)
#379 0 80000198 fce7d2e3 r 00         00000000  bge      x15, x14, . - 0x3c
#380 0 8000015c fe842703 r 0e         00000002  lw       x14, -0x18(x8)
#381 0 80000160 00170793 r 0f         00000003  addi     x15, x14, 0x1
#382 0 80000164 fef42423 m f0040fa8   00000003  sw       x15, -0x18(x8)
#383 0 80000168 fe442783 r 0f         00000002  lw       x15, -0x1c(x8)
#384 0 8000016c 00178693 r 0d         00000003  addi     x13, x15, 0x1
#385 0 80000170 fed42223 m f0040fa4   00000003  sw       x13, -0x1c(x8)
#386 0 80000174 f00406b7 r 0d         f0040000  lui      x13, -0xffc0
#387 0 80000178 00068693 r 0d         f0040000  addi     x13, x13, 0x0
#388 0 8000017c     070a r 0e         00000008  c.slli   x14, 2
#389 0 8000017e     9736 r 0e         f0040008  c.add    x14, x13
#390 0 80000180     4318 r 0e         00000013  c.lw     x14, 0x0(x14)
#391 0 80000182 f00406b7 r 0d         f0040000  lui      x13, -0xffc0
#392 0 80000186 02c68693 r 0d         f004002c  addi     x13, x13, 0x2c
#393 0 8000018a     078a r 0f         00000008  c.slli   x15, 2
#394 0 8000018c     97b6 r 0f         f0040034  c.add    x15, x13
#395 0 8000018e     c398 m f0040034   00000013  c.sw     x14, 0x0(x15)
#396 0 80000190 fe842703 r 0e         00000003  lw       x14, -0x18(x8)
#397 0 80000194 fd442783 r 0f         00000002  lw       x15, -0x2c(x8)
#398 0 80000198 fce7d2e3 r 00         00000000  bge      x15, x14, . - 0x3c
#399 0 8000019c fdc42783 r 0f         00000000  lw       x15, -0x24(x8)
#400 0 800001a0 fef42223 m f0040fa4   00000000  sw       x15, -0x1c(x8)
#401 0 800001a4     a805 r 00         00000000  c.j      . + 0x30
#402 0 800001d4 fe442703 r 0e         00000000  lw       x14, -0x1c(x8)
#403 0 800001d8 fd442783 r 0f         00000002  lw       x15, -0x2c(x8)
#404 0 800001dc fce7d5e3 r 00         00000000  bge      x15, x14, . - 0x36
#405 0 800001a6 f00407b7 r 0f         f0040000  lui      x15, -0xffc0
#406 0 800001aa 02c78713 r 0e         f004002c  addi     x14, x15, 0x2c
#407 0 800001ae fe442783 r 0f         00000000  lw       x15, -0x1c(x8)
#408 0 800001b2     078a r 0f         00000000  c.slli   x15, 2
#409 0 800001b4     97ba r 0f         f004002c  c.add    x15, x14
#410 0 800001b6     4398 r 0e         0000000a  c.lw     x14, 0x0(x15)
#411 0 800001b8 f00407b7 r 0f         f0040000  lui      x15, -0xffc0
#412 0 800001bc 00078693 r 0d         f0040000  addi     x13, x15, 0x0
#413 0 800001c0 fe442783 r 0f         00000000  lw       x15, -0x1c(x8)
#414 0 800001c4     078a r 0f         00000000  c.slli   x15, 2
#415 0 800001c6     97b6 r 0f         f0040000  c.add    x15, x13
#416 0 800001c8     c398 m f0040000   0000000a  c.sw     x14, 0x0(x15)
#417 0 800001ca fe442783 r 0f         00000000  lw       x15, -0x1c(x8)
#418 0 800001ce     0785 r 0f         00000001  c.addi   x15, 0x1
#419 0 800001d0 fef42223 m f0040fa4   00000001  sw       x15, -0x1c(x8)
#420 0 800001d4 fe442703 r 0e         00000001  lw       x14, -0x1c(x8)
#421 0 800001d8 fd442783 r 0f         00000002  lw       x15, -0x2c(x8)
#422 0 800001dc fce7d5e3 r 00         00000000  bge      x15, x14, . - 0x36
#423 0 800001a6 f00407b7 r 0f         f0040000  lui      x15, -0xffc0
#424 0 800001aa 02c78713 r 0e         f004002c  addi     x14, x15, 0x2c
#425 0 800001ae fe442783 r 0f         00000001  lw       x15, -0x1c(x8)
#426 0 800001b2     078a r 0f         00000004  c.slli   x15, 2
#427 0 800001b4     97ba r 0f         f0040030  c.add    x15, x14
#428 0 800001b6     4398 r 0e         0000000e  c.lw     x14, 0x0(x15)
#429 0 800001b8 f00407b7 r 0f         f0040000  lui      x15, -0xffc0
#430 0 800001bc 00078693 r 0d         f0040000  addi     x13, x15, 0x0
#431 0 800001c0 fe442783 r 0f         00000001  lw       x15, -0x1c(x8)
#432 0 800001c4     078a r 0f         00000004  c.slli   x15, 2
#433 0 800001c6     97b6 r 0f         f0040004  c.add    x15, x13
#434 0 800001c8     c398 m f0040004   0000000e  c.sw     x14, 0x0(x15)
#435 0 800001ca fe442783 r 0f         00000001  lw       x15, -0x1c(x8)
#436 0 800001ce     0785 r 0f         00000002  c.addi   x15, 0x1
#437 0 800001d0 fef42223 m f0040fa4   00000002  sw       x15, -0x1c(x8)
#438 0 800001d4 fe442703 r 0e         00000002  lw       x14, -0x1c(x8)
#439 0 800001d8 fd442783 r 0f         00000002  lw       x15, -0x2c(x8)
#440 0 800001dc fce7d5e3 r 00         00000000  bge      x15, x14, . - 0x36
#441 0 800001a6 f00407b7 r 0f         f0040000  lui      x15, -0xffc0
#442 0 800001aa 02c78713 r 0e         f004002c  addi     x14, x15, 0x2c
#443 0 800001ae fe442783 r 0f         00000002  lw       x15, -0x1c(x8)
#444 0 800001b2     078a r 0f         00000008  c.slli   x15, 2
#445 0 800001b4     97ba r 0f         f0040034  c.add    x15, x14
#446 0 800001b6     4398 r 0e         00000013  c.lw     x14, 0x0(x15)
#447 0 800001b8 f00407b7 r 0f         f0040000  lui      x15, -0xffc0
#448 0 800001bc 00078693 r 0d         f0040000  addi     x13, x15, 0x0
#449 0 800001c0 fe442783 r 0f         00000002  lw       x15, -0x1c(x8)
#450 0 800001c4     078a r 0f         00000008  c.slli   x15, 2
#451 0 800001c6     97b6 r 0f         f0040008  c.add    x15, x13
#452 0 800001c8     c398 m f0040008   00000013  c.sw     x14, 0x0(x15)
#453 0 800001ca fe442783 r 0f         00000002  lw       x15, -0x1c(x8)
#454 0 800001ce     0785 r 0f         00000003  c.addi   x15, 0x1
#455 0 800001d0 fef42223 m f0040fa4   00000003  sw       x15, -0x1c(x8)
#456 0 800001d4 fe442703 r 0e         00000003  lw       x14, -0x1c(x8)
#457 0 800001d8 fd442783 r 0f         00000002  lw       x15, -0x2c(x8)
#458 0 800001dc fce7d5e3 r 00         00000000  bge      x15, x14, . - 0x36
#459 0 800001e0     0001 r 00         00000000  c.nop
#460 0 800001e2     0001 r 00         00000000  c.nop
#461 0 800001e4     5432 r 08         f0040ff0  c.lwsp   x8, 0x2c
#462 0 800001e6     6145 r 02         f0040fc0  c.addi16sp 0x3
#463 0 800001e8     8082 r 00         00000000  c.jr     x1
#464 0 80000242     a011 r 00         00000000  c.j      . + 0x4
#465 0 80000246     50b2 r 01         80000226  c.lwsp   x1, 0x2c
#466 0 80000248     5422 r 08         f0041020  c.lwsp   x8, 0x28
#467 0 8000024a     6145 r 02         f0040ff0  c.addi16sp 0x3
#468 0 8000024c     8082 r 00         00000000  c.jr     x1
#469 0 80000226 fec42783 r 0f         00000002  lw       x15, -0x14(x8)
#470 0 8000022a     0785 r 0f         00000003  c.addi   x15, 0x1
#471 0 8000022c fd842583 r 0b         00000005  lw       x11, -0x28(x8)
#472 0 80000230     853e r 0a         00000003  c.mv     x10, x15
#473 0 80000232     3f65 r 01         80000234  c.jal    . - 0x48
#474 0 800001ea     7179 r 02         f0040fc0  c.addi16sp -0x3
#475 0 800001ec     d606 m f0040fec   80000234  c.swsp   x1, 0x2c
#476 0 800001ee     d422 m f0040fe8   f0041020  c.swsp   x8, 0x28
#477 0 800001f0     1800 r 08         f0040ff0  c.addi4spn  x8, 0xc
#478 0 800001f2 fca42e23 m f0040fcc   00000003  sw       x10, -0x24(x8)
#479 0 800001f6 fcb42c23 m f0040fc8   00000005  sw       x11, -0x28(x8)
#480 0 800001fa fdc42703 r 0e         00000003  lw       x14, -0x24(x8)
#481 0 800001fe fd842783 r 0f         00000005  lw       x15, -0x28(x8)
#482 0 80000202 04f75163 r 00         00000000  bge      x14, x15, . + 0x42
#483 0 80000206 fdc42703 r 0e         00000003  lw       x14, -0x24(x8)
#484 0 8000020a fd842783 r 0f         00000005  lw       x15, -0x28(x8)
#485 0 8000020e     97ba r 0f         00000008  c.add    x15, x14
#486 0 80000210 01f7d713 r 0e         00000000  srli     x14, x15, 0x1f
#487 0 80000214     97ba r 0f         00000008  c.add    x15, x14
#488 0 80000216     8785 r 0f         00000004  c.srai   x15, 0x1
#489 0 80000218 fef42623 m f0040fdc   00000004  sw       x15, -0x14(x8)
#490 0 8000021c fec42583 r 0b         00000004  lw       x11, -0x14(x8)
#491 0 80000220 fdc42503 r 0a         00000003  lw       x10, -0x24(x8)
#492 0 80000224     37d9 r 01         80000226  c.jal    . - 0x3a
#493 0 800001ea     7179 r 02         f0040f90  c.addi16sp -0x3
#494 0 800001ec     d606 m f0040fbc   80000226  c.swsp   x1, 0x2c
#495 0 800001ee     d422 m f0040fb8   f0040ff0  c.swsp   x8, 0x28
#496 0 800001f0     1800 r 08         f0040fc0  c.addi4spn  x8, 0xc
#497 0 800001f2 fca42e23 m f0040f9c   00000003  sw       x10, -0x24(x8)
#498 0 800001f6 fcb42c23 m f0040f98   00000004  sw       x11, -0x28(x8)
#499 0 800001fa fdc42703 r 0e         00000003  lw       x14, -0x24(x8)
#500 0 800001fe fd842783 r 0f         00000004  lw       x15, -0x28(x8)
#501 0 80000202 04f75163 r 00         00000000  bge      x14, x15, . + 0x42
#502 0 80000206 fdc42703 r 0e         00000003  lw       x14, -0x24(x8)
#503 0 8000020a fd842783 r 0f         00000004  lw       x15, -0x28(x8)
#504 0 8000020e     97ba r 0f         00000007  c.add    x15, x14
#505 0 80000210 01f7d713 r 0e         00000000  srli     x14, x15, 0x1f
#506 0 80000214     97ba r 0f         00000007  c.add    x15, x14
#507 0 80000216     8785 r 0f         00000003  c.srai   x15, 0x1
#508 0 80000218 fef42623 m f0040fac   00000003  sw       x15, -0x14(x8)
#509 0 8000021c fec42583 r 0b         00000003  lw       x11, -0x14(x8)
#510 0 80000220 fdc42503 r 0a         00000003  lw       x10, -0x24(x8)
#511 0 80000224     37d9 r 01         80000226  c.jal    . - 0x3a
#512 0 800001ea     7179 r 02         f0040f60  c.addi16sp -0x3
#513 0 800001ec     d606 m f0040f8c   80000226  c.swsp   x1, 0x2c
#514 0 800001ee     d422 m f0040f88   f0040fc0  c.swsp   x8, 0x28
#515 0 800001f0     1800 r 08         f0040f90  c.addi4spn  x8, 0xc
#516 0 800001f2 fca42e23 m f0040f6c   00000003  sw       x10, -0x24(x8)
#517 0 800001f6 fcb42c23 m f0040f68   00000003  sw       x11, -0x28(x8)
#518 0 800001fa fdc42703 r 0e         00000003  lw       x14, -0x24(x8)
#519 0 800001fe fd842783 r 0f         00000003  lw       x15, -0x28(x8)
#520 0 80000202 04f75163 r 00         00000000  bge      x14, x15, . + 0x42
#521 0 80000244     0001 r 00         00000000  c.nop
#522 0 80000246     50b2 r 01         80000226  c.lwsp   x1, 0x2c
#523 0 80000248     5422 r 08         f0040fc0  c.lwsp   x8, 0x28
#524 0 8000024a     6145 r 02         f0040f90  c.addi16sp 0x3
#525 0 8000024c     8082 r 00         00000000  c.jr     x1
#526 0 80000226 fec42783 r 0f         00000003  lw       x15, -0x14(x8)
#527 0 8000022a     0785 r 0f         00000004  c.addi   x15, 0x1
#528 0 8000022c fd842583 r 0b         00000004  lw       x11, -0x28(x8)
#529 0 80000230     853e r 0a         00000004  c.mv     x10, x15
#530 0 80000232     3f65 r 01         80000234  c.jal    . - 0x48
#531 0 800001ea     7179 r 02         f0040f60  c.addi16sp -0x3
#532 0 800001ec     d606 m f0040f8c   80000234  c.swsp   x1, 0x2c
#533 0 800001ee     d422 m f0040f88   f0040fc0  c.swsp   x8, 0x28
#534 0 800001f0     1800 r 08         f0040f90  c.addi4spn  x8, 0xc
#535 0 800001f2 fca42e23 m f0040f6c   00000004  sw       x10, -0x24(x8)
#536 0 800001f6 fcb42c23 m f0040f68   00000004  sw       x11, -0x28(x8)
#537 0 800001fa fdc42703 r 0e         00000004  lw       x14, -0x24(x8)
#538 0 800001fe fd842783 r 0f         00000004  lw       x15, -0x28(x8)
#539 0 80000202 04f75163 r 00         00000000  bge      x14, x15, . + 0x42
#540 0 80000244     0001 r 00         00000000  c.nop
#541 0 80000246     50b2 r 01         80000234  c.lwsp   x1, 0x2c
#542 0 80000248     5422 r 08         f0040fc0  c.lwsp   x8, 0x28
#543 0 8000024a     6145 r 02         f0040f90  c.addi16sp 0x3
#544 0 8000024c     8082 r 00         00000000  c.jr     x1
#545 0 80000234 fd842603 r 0c         00000004  lw       x12, -0x28(x8)
#546 0 80000238 fec42583 r 0b         00000003  lw       x11, -0x14(x8)
#547 0 8000023c fdc42503 r 0a         00000003  lw       x10, -0x24(x8)
#548 0 80000240     3519 r 01         80000242  c.jal    . - 0x1fa
#549 0 80000046     7179 r 02         f0040f60  c.addi16sp -0x3
#550 0 80000048     d622 m f0040f8c   f0040fc0  c.swsp   x8, 0x2c
#551 0 8000004a     1800 r 08         f0040f90  c.addi4spn  x8, 0xc
#552 0 8000004c fca42e23 m f0040f6c   00000003  sw       x10, -0x24(x8)
#553 0 80000050 fcb42c23 m f0040f68   00000003  sw       x11, -0x28(x8)
#554 0 80000054 fcc42a23 m f0040f64   00000004  sw       x12, -0x2c(x8)
#555 0 80000058 fdc42783 r 0f         00000003  lw       x15, -0x24(x8)
#556 0 8000005c fef42623 m f0040f7c   00000003  sw       x15, -0x14(x8)
#557 0 80000060 fd842783 r 0f         00000003  lw       x15, -0x28(x8)
#558 0 80000064     0785 r 0f         00000004  c.addi   x15, 0x1
#559 0 80000066 fef42423 m f0040f78   00000004  sw       x15, -0x18(x8)
#560 0 8000006a fdc42783 r 0f         00000003  lw       x15, -0x24(x8)
#561 0 8000006e fef42223 m f0040f74   00000003  sw       x15, -0x1c(x8)
#562 0 80000072     a079 r 00         00000000  c.j      . + 0x8e
#563 0 80000100 fec42703 r 0e         00000003  lw       x14, -0x14(x8)
#564 0 80000104 fd842783 r 0f         00000003  lw       x15, -0x28(x8)
#565 0 80000108 04e7c363 r 00         00000000  blt      x15, x14, . + 0x46
#566 0 8000010c fe842703 r 0e         00000004  lw       x14, -0x18(x8)
#567 0 80000110 fd442783 r 0f         00000004  lw       x15, -0x2c(x8)
#568 0 80000114 f6e7d0e3 r 00         00000000  bge      x15, x14, . - 0xa0
#569 0 80000074 f00407b7 r 0f         f0040000  lui      x15, -0xffc0
#570 0 80000078 00078713 r 0e         f0040000  addi     x14, x15, 0x0
#571 0 8000007c fec42783 r 0f         00000003  lw       x15, -0x14(x8)
#572 0 80000080     078a r 0f         0000000c  c.slli   x15, 2
#573 0 80000082     97ba r 0f         f004000c  c.add    x15, x14
#574 0 80000084     4398 r 0e         0000001a  c.lw     x14, 0x0(x15)
#575 0 80000086 f00407b7 r 0f         f0040000  lui      x15, -0xffc0
#576 0 8000008a 00078693 r 0d         f0040000  addi     x13, x15, 0x0
#577 0 8000008e fe842783 r 0f         00000004  lw       x15, -0x18(x8)
#578 0 80000092     078a r 0f         00000010  c.slli   x15, 2
#579 0 80000094     97b6 r 0f         f0040010  c.add    x15, x13
#580 0 80000096     439c r 0f         0000001b  c.lw     x15, 0x0(x15)
#581 0 80000098 02e7c963 r 00         00000000  blt      x15, x14, . + 0x32
#582 0 8000009c fec42783 r 0f         00000003  lw       x15, -0x14(x8)
#583 0 800000a0 00178713 r 0e         00000004  addi     x14, x15, 0x1
#584 0 800000a4 fee42623 m f0040f7c   00000004  sw       x14, -0x14(x8)
#585 0 800000a8 f0040737 r 0e         f0040000  lui      x14, -0xffc0
#586 0 800000ac 00070713 r 0e         f0040000  addi     x14, x14, 0x0
#587 0 800000b0     078a r 0f         0000000c  c.slli   x15, 2
#588 0 800000b2     97ba r 0f         f004000c  c.add    x15, x14
#589 0 800000b4     4398 r 0e         0000001a  c.lw     x14, 0x0(x15)
#590 0 800000b6 f00407b7 r 0f         f0040000  lui      x15, -0xffc0
#591 0 800000ba 02c78693 r 0d         f004002c  addi     x13, x15, 0x2c
#592 0 800000be fe442783 r 0f         00000003  lw       x15, -0x1c(x8)
#593 0 800000c2     078a r 0f         0000000c  c.slli   x15, 2
#594 0 800000c4     97b6 r 0f         f0040038  c.add    x15, x13
#595 0 800000c6     c398 m f0040038   0000001a  c.sw     x14, 0x0(x15)
#596 0 800000c8     a03d r 00         00000000  c.j      . + 0x2e
#597 0 800000f6 fe442783 r 0f         00000003  lw       x15, -0x1c(x8)
#598 0 800000fa     0785 r 0f         00000004  c.addi   x15, 0x1
#599 0 800000fc fef42223 m f0040f74   00000004  sw       x15, -0x1c(x8)
#600 0 80000100 fec42703 r 0e         00000004  lw       x14, -0x14(x8)
#601 0 80000104 fd842783 r 0f         00000003  lw       x15, -0x28(x8)
#602 0 80000108 04e7c363 r 00         00000000  blt      x15, x14, . + 0x46
#603 0 8000014e fec42703 r 0e         00000004  lw       x14, -0x14(x8)
#604 0 80000152 fd842783 r 0f         00000003  lw       x15, -0x28(x8)
#605 0 80000156 fce7d2e3 r 00         00000000  bge      x15, x14, . - 0x3c
#606 0 8000015a     a81d r 00         00000000  c.j      . + 0x36
#607 0 80000190 fe842703 r 0e         00000004  lw       x14, -0x18(x8)
#608 0 80000194 fd442783 r 0f         00000004  lw       x15, -0x2c(x8)
#609 0 80000198 fce7d2e3 r 00         00000000  bge      x15, x14, . - 0x3c
#610 0 8000015c fe842703 r 0e         00000004  lw       x14, -0x18(x8)
#611 0 80000160 00170793 r 0f         00000005  addi     x15, x14, 0x1
#612 0 80000164 fef42423 m f0040f78   00000005  sw       x15, -0x18(x8)
#613 0 80000168 fe442783 r 0f         00000004  lw       x15, -0x1c(x8)
#614 0 8000016c 00178693 r 0d         00000005  addi     x13, x15, 0x1
#615 0 80000170 fed42223 m f0040f74   00000005  sw       x13, -0x1c(x8)
#616 0 80000174 f00406b7 r 0d         f0040000  lui      x13, -0xffc0
#617 0 80000178 00068693 r 0d         f0040000  addi     x13, x13, 0x0
#618 0 8000017c     070a r 0e         00000010  c.slli   x14, 2
#619 0 8000017e     9736 r 0e         f0040010  c.add    x14, x13
#620 0 80000180     4318 r 0e         0000001b  c.lw     x14, 0x0(x14)
#621 0 80000182 f00406b7 r 0d         f0040000  lui      x13, -0xffc0
#622 0 80000186 02c68693 r 0d         f004002c  addi     x13, x13, 0x2c
#623 0 8000018a     078a r 0f         00000010  c.slli   x15, 2
#624 0 8000018c     97b6 r 0f         f004003c  c.add    x15, x13
#625 0 8000018e     c398 m f004003c   0000001b  c.sw     x14, 0x0(x15)
#626 0 80000190 fe842703 r 0e         00000005  lw       x14, -0x18(x8)
#627 0 80000194 fd442783 r 0f         00000004  lw       x15, -0x2c(x8)
#628 0 80000198 fce7d2e3 r 00         00000000  bge      x15, x14, . - 0x3c
#629 0 8000019c fdc42783 r 0f         00000003  lw       x15, -0x24(x8)
#630 0 800001a0 fef42223 m f0040f74   00000003  sw       x15, -0x1c(x8)
#631 0 800001a4     a805 r 00         00000000  c.j      . + 0x30
#632 0 800001d4 fe442703 r 0e         00000003  lw       x14, -0x1c(x8)
#633 0 800001d8 fd442783 r 0f         00000004  lw       x15, -0x2c(x8)
#634 0 800001dc fce7d5e3 r 00         00000000  bge      x15, x14, . - 0x36
#635 0 800001a6 f00407b7 r 0f         f0040000  lui      x15, -0xffc0
#636 0 800001aa 02c78713 r 0e         f004002c  addi     x14, x15, 0x2c
#637 0 800001ae fe442783 r 0f         00000003  lw       x15, -0x1c(x8)
#638 0 800001b2     078a r 0f         0000000c  c.slli   x15, 2
#639 0 800001b4     97ba r 0f         f0040038  c.add    x15, x14
#640 0 800001b6     4398 r 0e         0000001a  c.lw     x14, 0x0(x15)
#641 0 800001b8 f00407b7 r 0f         f0040000  lui      x15, -0xffc0
#642 0 800001bc 00078693 r 0d         f0040000  addi     x13, x15, 0x0
#643 0 800001c0 fe442783 r 0f         00000003  lw       x15, -0x1c(x8)
#644 0 800001c4     078a r 0f         0000000c  c.slli   x15, 2
#645 0 800001c6     97b6 r 0f         f004000c  c.add    x15, x13
#646 0 800001c8     c398 m f004000c   0000001a  c.sw     x14, 0x0(x15)
#647 0 800001ca fe442783 r 0f         00000003  lw       x15, -0x1c(x8)
#648 0 800001ce     0785 r 0f         00000004  c.addi   x15, 0x1
#649 0 800001d0 fef42223 m f0040f74   00000004  sw       x15, -0x1c(x8)
#650 0 800001d4 fe442703 r 0e         00000004  lw       x14, -0x1c(x8)
#651 0 800001d8 fd442783 r 0f         00000004  lw       x15, -0x2c(x8)
#652 0 800001dc fce7d5e3 r 00         00000000  bge      x15, x14, . - 0x36
#653 0 800001a6 f00407b7 r 0f         f0040000  lui      x15, -0xffc0
#654 0 800001aa 02c78713 r 0e         f004002c  addi     x14, x15, 0x2c
#655 0 800001ae fe442783 r 0f         00000004  lw       x15, -0x1c(x8)
#656 0 800001b2     078a r 0f         00000010  c.slli   x15, 2
#657 0 800001b4     97ba r 0f         f004003c  c.add    x15, x14
#658 0 800001b6     4398 r 0e         0000001b  c.lw     x14, 0x0(x15)
#659 0 800001b8 f00407b7 r 0f         f0040000  lui      x15, -0xffc0
#660 0 800001bc 00078693 r 0d         f0040000  addi     x13, x15, 0x0
#661 0 800001c0 fe442783 r 0f         00000004  lw       x15, -0x1c(x8)
#662 0 800001c4     078a r 0f         00000010  c.slli   x15, 2
#663 0 800001c6     97b6 r 0f         f0040010  c.add    x15, x13
#664 0 800001c8     c398 m f0040010   0000001b  c.sw     x14, 0x0(x15)
#665 0 800001ca fe442783 r 0f         00000004  lw       x15, -0x1c(x8)
#666 0 800001ce     0785 r 0f         00000005  c.addi   x15, 0x1
#667 0 800001d0 fef42223 m f0040f74   00000005  sw       x15, -0x1c(x8)
#668 0 800001d4 fe442703 r 0e         00000005  lw       x14, -0x1c(x8)
#669 0 800001d8 fd442783 r 0f         00000004  lw       x15, -0x2c(x8)
#670 0 800001dc fce7d5e3 r 00         00000000  bge      x15, x14, . - 0x36
#671 0 800001e0     0001 r 00         00000000  c.nop
#672 0 800001e2     0001 r 00         00000000  c.nop
#673 0 800001e4     5432 r 08         f0040fc0  c.lwsp   x8, 0x2c
#674 0 800001e6     6145 r 02         f0040f90  c.addi16sp 0x3
#675 0 800001e8     8082 r 00         00000000  c.jr     x1
#676 0 80000242     a011 r 00         00000000  c.j      . + 0x4
#677 0 80000246     50b2 r 01         80000226  c.lwsp   x1, 0x2c
#678 0 80000248     5422 r 08         f0040ff0  c.lwsp   x8, 0x28
#679 0 8000024a     6145 r 02         f0040fc0  c.addi16sp 0x3
#680 0 8000024c     8082 r 00         00000000  c.jr     x1
#681 0 80000226 fec42783 r 0f         00000004  lw       x15, -0x14(x8)
#682 0 8000022a     0785 r 0f         00000005  c.addi   x15, 0x1
#683 0 8000022c fd842583 r 0b         00000005  lw       x11, -0x28(x8)
#684 0 80000230     853e r 0a         00000005  c.mv     x10, x15
#685 0 80000232     3f65 r 01         80000234  c.jal    . - 0x48
#686 0 800001ea     7179 r 02         f0040f90  c.addi16sp -0x3
#687 0 800001ec     d606 m f0040fbc   80000234  c.swsp   x1, 0x2c
#688 0 800001ee     d422 m f0040fb8   f0040ff0  c.swsp   x8, 0x28
#689 0 800001f0     1800 r 08         f0040fc0  c.addi4spn  x8, 0xc
#690 0 800001f2 fca42e23 m f0040f9c   00000005  sw       x10, -0x24(x8)
#691 0 800001f6 fcb42c23 m f0040f98   00000005  sw       x11, -0x28(x8)
#692 0 800001fa fdc42703 r 0e         00000005  lw       x14, -0x24(x8)
#693 0 800001fe fd842783 r 0f         00000005  lw       x15, -0x28(x8)
#694 0 80000202 04f75163 r 00         00000000  bge      x14, x15, . + 0x42
#695 0 80000244     0001 r 00         00000000  c.nop
#696 0 80000246     50b2 r 01         80000234  c.lwsp   x1, 0x2c
#697 0 80000248     5422 r 08         f0040ff0  c.lwsp   x8, 0x28
#698 0 8000024a     6145 r 02         f0040fc0  c.addi16sp 0x3
#699 0 8000024c     8082 r 00         00000000  c.jr     x1
#700 0 80000234 fd842603 r 0c         00000005  lw       x12, -0x28(x8)
#701 0 80000238 fec42583 r 0b         00000004  lw       x11, -0x14(x8)
#702 0 8000023c fdc42503 r 0a         00000003  lw       x10, -0x24(x8)
#703 0 80000240     3519 r 01         80000242  c.jal    . - 0x1fa
#704 0 80000046     7179 r 02         f0040f90  c.addi16sp -0x3
#705 0 80000048     d622 m f0040fbc   f0040ff0  c.swsp   x8, 0x2c
#706 0 8000004a     1800 r 08         f0040fc0  c.addi4spn  x8, 0xc
#707 0 8000004c fca42e23 m f0040f9c   00000003  sw       x10, -0x24(x8)
#708 0 80000050 fcb42c23 m f0040f98   00000004  sw       x11, -0x28(x8)
#709 0 80000054 fcc42a23 m f0040f94   00000005  sw       x12, -0x2c(x8)
#710 0 80000058 fdc42783 r 0f         00000003  lw       x15, -0x24(x8)
#711 0 8000005c fef42623 m f0040fac   00000003  sw       x15, -0x14(x8)
#712 0 80000060 fd842783 r 0f         00000004  lw       x15, -0x28(x8)
#713 0 80000064     0785 r 0f         00000005  c.addi   x15, 0x1
#714 0 80000066 fef42423 m f0040fa8   00000005  sw       x15, -0x18(x8)
#715 0 8000006a fdc42783 r 0f         00000003  lw       x15, -0x24(x8)
#716 0 8000006e fef42223 m f0040fa4   00000003  sw       x15, -0x1c(x8)
#717 0 80000072     a079 r 00         00000000  c.j      . + 0x8e
#718 0 80000100 fec42703 r 0e         00000003  lw       x14, -0x14(x8)
#719 0 80000104 fd842783 r 0f         00000004  lw       x15, -0x28(x8)
#720 0 80000108 04e7c363 r 00         00000000  blt      x15, x14, . + 0x46
#721 0 8000010c fe842703 r 0e         00000005  lw       x14, -0x18(x8)
#722 0 80000110 fd442783 r 0f         00000005  lw       x15, -0x2c(x8)
#723 0 80000114 f6e7d0e3 r 00         00000000  bge      x15, x14, . - 0xa0
#724 0 80000074 f00407b7 r 0f         f0040000  lui      x15, -0xffc0
#725 0 80000078 00078713 r 0e         f0040000  addi     x14, x15, 0x0
#726 0 8000007c fec42783 r 0f         00000003  lw       x15, -0x14(x8)
#727 0 80000080     078a r 0f         0000000c  c.slli   x15, 2
#728 0 80000082     97ba r 0f         f004000c  c.add    x15, x14
#729 0 80000084     4398 r 0e         0000001a  c.lw     x14, 0x0(x15)
#730 0 80000086 f00407b7 r 0f         f0040000  lui      x15, -0xffc0
#731 0 8000008a 00078693 r 0d         f0040000  addi     x13, x15, 0x0
#732 0 8000008e fe842783 r 0f         00000005  lw       x15, -0x18(x8)
#733 0 80000092     078a r 0f         00000014  c.slli   x15, 2
#734 0 80000094     97b6 r 0f         f0040014  c.add    x15, x13
#735 0 80000096     439c r 0f         0000001f  c.lw     x15, 0x0(x15)
#736 0 80000098 02e7c963 r 00         00000000  blt      x15, x14, . + 0x32
#737 0 8000009c fec42783 r 0f         00000003  lw       x15, -0x14(x8)
#738 0 800000a0 00178713 r 0e         00000004  addi     x14, x15, 0x1
#739 0 800000a4 fee42623 m f0040fac   00000004  sw       x14, -0x14(x8)
#740 0 800000a8 f0040737 r 0e         f0040000  lui      x14, -0xffc0
#741 0 800000ac 00070713 r 0e         f0040000  addi     x14, x14, 0x0
#742 0 800000b0     078a r 0f         0000000c  c.slli   x15, 2
#743 0 800000b2     97ba r 0f         f004000c  c.add    x15, x14
#744 0 800000b4     4398 r 0e         0000001a  c.lw     x14, 0x0(x15)
#745 0 800000b6 f00407b7 r 0f         f0040000  lui      x15, -0xffc0
#746 0 800000ba 02c78693 r 0d         f004002c  addi     x13, x15, 0x2c
#747 0 800000be fe442783 r 0f         00000003  lw       x15, -0x1c(x8)
#748 0 800000c2     078a r 0f         0000000c  c.slli   x15, 2
#749 0 800000c4     97b6 r 0f         f0040038  c.add    x15, x13
#750 0 800000c6     c398 m f0040038   0000001a  c.sw     x14, 0x0(x15)
#751 0 800000c8     a03d r 00         00000000  c.j      . + 0x2e
#752 0 800000f6 fe442783 r 0f         00000003  lw       x15, -0x1c(x8)
#753 0 800000fa     0785 r 0f         00000004  c.addi   x15, 0x1
#754 0 800000fc fef42223 m f0040fa4   00000004  sw       x15, -0x1c(x8)
#755 0 80000100 fec42703 r 0e         00000004  lw       x14, -0x14(x8)
#756 0 80000104 fd842783 r 0f         00000004  lw       x15, -0x28(x8)
#757 0 80000108 04e7c363 r 00         00000000  blt      x15, x14, . + 0x46
#758 0 8000010c fe842703 r 0e         00000005  lw       x14, -0x18(x8)
#759 0 80000110 fd442783 r 0f         00000005  lw       x15, -0x2c(x8)
#760 0 80000114 f6e7d0e3 r 00         00000000  bge      x15, x14, . - 0xa0
#761 0 80000074 f00407b7 r 0f         f0040000  lui      x15, -0xffc0
#762 0 80000078 00078713 r 0e         f0040000  addi     x14, x15, 0x0
#763 0 8000007c fec42783 r 0f         00000004  lw       x15, -0x14(x8)
#764 0 80000080     078a r 0f         00000010  c.slli   x15, 2
#765 0 80000082     97ba r 0f         f0040010  c.add    x15, x14
#766 0 80000084     4398 r 0e         0000001b  c.lw     x14, 0x0(x15)
#767 0 80000086 f00407b7 r 0f         f0040000  lui      x15, -0xffc0
#768 0 8000008a 00078693 r 0d         f0040000  addi     x13, x15, 0x0
#769 0 8000008e fe842783 r 0f         00000005  lw       x15, -0x18(x8)
#770 0 80000092     078a r 0f         00000014  c.slli   x15, 2
#771 0 80000094     97b6 r 0f         f0040014  c.add    x15, x13
#772 0 80000096     439c r 0f         0000001f  c.lw     x15, 0x0(x15)
#773 0 80000098 02e7c963 r 00         00000000  blt      x15, x14, . + 0x32
#774 0 8000009c fec42783 r 0f         00000004  lw       x15, -0x14(x8)
#775 0 800000a0 00178713 r 0e         00000005  addi     x14, x15, 0x1
#776 0 800000a4 fee42623 m f0040fac   00000005  sw       x14, -0x14(x8)
#777 0 800000a8 f0040737 r 0e         f0040000  lui      x14, -0xffc0
#778 0 800000ac 00070713 r 0e         f0040000  addi     x14, x14, 0x0
#779 0 800000b0     078a r 0f         00000010  c.slli   x15, 2
#780 0 800000b2     97ba r 0f         f0040010  c.add    x15, x14
#781 0 800000b4     4398 r 0e         0000001b  c.lw     x14, 0x0(x15)
#782 0 800000b6 f00407b7 r 0f         f0040000  lui      x15, -0xffc0
#783 0 800000ba 02c78693 r 0d         f004002c  addi     x13, x15, 0x2c
#784 0 800000be fe442783 r 0f         00000004  lw       x15, -0x1c(x8)
#785 0 800000c2     078a r 0f         00000010  c.slli   x15, 2
#786 0 800000c4     97b6 r 0f         f004003c  c.add    x15, x13
#787 0 800000c6     c398 m f004003c   0000001b  c.sw     x14, 0x0(x15)
#788 0 800000c8     a03d r 00         00000000  c.j      . + 0x2e
#789 0 800000f6 fe442783 r 0f         00000004  lw       x15, -0x1c(x8)
#790 0 800000fa     0785 r 0f         00000005  c.addi   x15, 0x1
#791 0 800000fc fef42223 m f0040fa4   00000005  sw       x15, -0x1c(x8)
#792 0 80000100 fec42703 r 0e         00000005  lw       x14, -0x14(x8)
#793 0 80000104 fd842783 r 0f         00000004  lw       x15, -0x28(x8)
#794 0 80000108 04e7c363 r 00         00000000  blt      x15, x14, . + 0x46
#795 0 8000014e fec42703 r 0e         00000005  lw       x14, -0x14(x8)
#796 0 80000152 fd842783 r 0f         00000004  lw       x15, -0x28(x8)
#797 0 80000156 fce7d2e3 r 00         00000000  bge      x15, x14, . - 0x3c
#798 0 8000015a     a81d r 00         00000000  c.j      . + 0x36
#799 0 80000190 fe842703 r 0e         00000005  lw       x14, -0x18(x8)
#800 0 80000194 fd442783 r 0f         00000005  lw       x15, -0x2c(x8)
#801 0 80000198 fce7d2e3 r 00         00000000  bge      x15, x14, . - 0x3c
#802 0 8000015c fe842703 r 0e         00000005  lw       x14, -0x18(x8)
#803 0 80000160 00170793 r 0f         00000006  addi     x15, x14, 0x1
#804 0 80000164 fef42423 m f0040fa8   00000006  sw       x15, -0x18(x8)
#805 0 80000168 fe442783 r 0f         00000005  lw       x15, -0x1c(x8)
#806 0 8000016c 00178693 r 0d         00000006  addi     x13, x15, 0x1
#807 0 80000170 fed42223 m f0040fa4   00000006  sw       x13, -0x1c(x8)
#808 0 80000174 f00406b7 r 0d         f0040000  lui      x13, -0xffc0
#809 0 80000178 00068693 r 0d         f0040000  addi     x13, x13, 0x0
#810 0 8000017c     070a r 0e         00000014  c.slli   x14, 2
#811 0 8000017e     9736 r 0e         f0040014  c.add    x14, x13
#812 0 80000180     4318 r 0e         0000001f  c.lw     x14, 0x0(x14)
#813 0 80000182 f00406b7 r 0d         f0040000  lui      x13, -0xffc0
#814 0 80000186 02c68693 r 0d         f004002c  addi     x13, x13, 0x2c
#815 0 8000018a     078a r 0f         00000014  c.slli   x15, 2
#816 0 8000018c     97b6 r 0f         f0040040  c.add    x15, x13
#817 0 8000018e     c398 m f0040040   0000001f  c.sw     x14, 0x0(x15)
#818 0 80000190 fe842703 r 0e         00000006  lw       x14, -0x18(x8)
#819 0 80000194 fd442783 r 0f         00000005  lw       x15, -0x2c(x8)
#820 0 80000198 fce7d2e3 r 00         00000000  bge      x15, x14, . - 0x3c
#821 0 8000019c fdc42783 r 0f         00000003  lw       x15, -0x24(x8)
#822 0 800001a0 fef42223 m f0040fa4   00000003  sw       x15, -0x1c(x8)
#823 0 800001a4     a805 r 00         00000000  c.j      . + 0x30
#824 0 800001d4 fe442703 r 0e         00000003  lw       x14, -0x1c(x8)
#825 0 800001d8 fd442783 r 0f         00000005  lw       x15, -0x2c(x8)
#826 0 800001dc fce7d5e3 r 00         00000000  bge      x15, x14, . - 0x36
#827 0 800001a6 f00407b7 r 0f         f0040000  lui      x15, -0xffc0
#828 0 800001aa 02c78713 r 0e         f004002c  addi     x14, x15, 0x2c
#829 0 800001ae fe442783 r 0f         00000003  lw       x15, -0x1c(x8)
#830 0 800001b2     078a r 0f         0000000c  c.slli   x15, 2
#831 0 800001b4     97ba r 0f         f0040038  c.add    x15, x14
#832 0 800001b6     4398 r 0e         0000001a  c.lw     x14, 0x0(x15)
#833 0 800001b8 f00407b7 r 0f         f0040000  lui      x15, -0xffc0
#834 0 800001bc 00078693 r 0d         f0040000  addi     x13, x15, 0x0
#835 0 800001c0 fe442783 r 0f         00000003  lw       x15, -0x1c(x8)
#836 0 800001c4     078a r 0f         0000000c  c.slli   x15, 2
#837 0 800001c6     97b6 r 0f         f004000c  c.add    x15, x13
#838 0 800001c8     c398 m f004000c   0000001a  c.sw     x14, 0x0(x15)
#839 0 800001ca fe442783 r 0f         00000003  lw       x15, -0x1c(x8)
#840 0 800001ce     0785 r 0f         00000004  c.addi   x15, 0x1
#841 0 800001d0 fef42223 m f0040fa4   00000004  sw       x15, -0x1c(x8)
#842 0 800001d4 fe442703 r 0e         00000004  lw       x14, -0x1c(x8)
#843 0 800001d8 fd442783 r 0f         00000005  lw       x15, -0x2c(x8)
#844 0 800001dc fce7d5e3 r 00         00000000  bge      x15, x14, . - 0x36
#845 0 800001a6 f00407b7 r 0f         f0040000  lui      x15, -0xffc0
#846 0 800001aa 02c78713 r 0e         f004002c  addi     x14, x15, 0x2c
#847 0 800001ae fe442783 r 0f         00000004  lw       x15, -0x1c(x8)
#848 0 800001b2     078a r 0f         00000010  c.slli   x15, 2
#849 0 800001b4     97ba r 0f         f004003c  c.add    x15, x14
#850 0 800001b6     4398 r 0e         0000001b  c.lw     x14, 0x0(x15)
#851 0 800001b8 f00407b7 r 0f         f0040000  lui      x15, -0xffc0
#852 0 800001bc 00078693 r 0d         f0040000  addi     x13, x15, 0x0
#853 0 800001c0 fe442783 r 0f         00000004  lw       x15, -0x1c(x8)
#854 0 800001c4     078a r 0f         00000010  c.slli   x15, 2
#855 0 800001c6     97b6 r 0f         f0040010  c.add    x15, x13
#856 0 800001c8     c398 m f0040010   0000001b  c.sw     x14, 0x0(x15)
#857 0 800001ca fe442783 r 0f         00000004  lw       x15, -0x1c(x8)
#858 0 800001ce     0785 r 0f         00000005  c.addi   x15, 0x1
#859 0 800001d0 fef42223 m f0040fa4   00000005  sw       x15, -0x1c(x8)
#860 0 800001d4 fe442703 r 0e         00000005  lw       x14, -0x1c(x8)
#861 0 800001d8 fd442783 r 0f         00000005  lw       x15, -0x2c(x8)
#862 0 800001dc fce7d5e3 r 00         00000000  bge      x15, x14, . - 0x36
#863 0 800001a6 f00407b7 r 0f         f0040000  lui      x15, -0xffc0
#864 0 800001aa 02c78713 r 0e         f004002c  addi     x14, x15, 0x2c
#865 0 800001ae fe442783 r 0f         00000005  lw       x15, -0x1c(x8)
#866 0 800001b2     078a r 0f         00000014  c.slli   x15, 2
#867 0 800001b4     97ba r 0f         f0040040  c.add    x15, x14
#868 0 800001b6     4398 r 0e         0000001f  c.lw     x14, 0x0(x15)
#869 0 800001b8 f00407b7 r 0f         f0040000  lui      x15, -0xffc0
#870 0 800001bc 00078693 r 0d         f0040000  addi     x13, x15, 0x0
#871 0 800001c0 fe442783 r 0f         00000005  lw       x15, -0x1c(x8)
#872 0 800001c4     078a r 0f         00000014  c.slli   x15, 2
#873 0 800001c6     97b6 r 0f         f0040014  c.add    x15, x13
#874 0 800001c8     c398 m f0040014   0000001f  c.sw     x14, 0x0(x15)
#875 0 800001ca fe442783 r 0f         00000005  lw       x15, -0x1c(x8)
#876 0 800001ce     0785 r 0f         00000006  c.addi   x15, 0x1
#877 0 800001d0 fef42223 m f0040fa4   00000006  sw       x15, -0x1c(x8)
#878 0 800001d4 fe442703 r 0e         00000006  lw       x14, -0x1c(x8)
#879 0 800001d8 fd442783 r 0f         00000005  lw       x15, -0x2c(x8)
#880 0 800001dc fce7d5e3 r 00         00000000  bge      x15, x14, . - 0x36
#881 0 800001e0     0001 r 00         00000000  c.nop
#882 0 800001e2     0001 r 00         00000000  c.nop
#883 0 800001e4     5432 r 08         f0040ff0  c.lwsp   x8, 0x2c
#884 0 800001e6     6145 r 02         f0040fc0  c.addi16sp 0x3
#885 0 800001e8     8082 r 00         00000000  c.jr     x1
#886 0 80000242     a011 r 00         00000000  c.j      . + 0x4
#887 0 80000246     50b2 r 01         80000234  c.lwsp   x1, 0x2c
#888 0 80000248     5422 r 08         f0041020  c.lwsp   x8, 0x28
#889 0 8000024a     6145 r 02         f0040ff0  c.addi16sp 0x3
#890 0 8000024c     8082 r 00         00000000  c.jr     x1
#891 0 80000234 fd842603 r 0c         00000005  lw       x12, -0x28(x8)
#892 0 80000238 fec42583 r 0b         00000002  lw       x11, -0x14(x8)
#893 0 8000023c fdc42503 r 0a         00000000  lw       x10, -0x24(x8)
#894 0 80000240     3519 r 01         80000242  c.jal    . - 0x1fa
#895 0 80000046     7179 r 02         f0040fc0  c.addi16sp -0x3
#896 0 80000048     d622 m f0040fec   f0041020  c.swsp   x8, 0x2c
#897 0 8000004a     1800 r 08         f0040ff0  c.addi4spn  x8, 0xc
#898 0 8000004c fca42e23 m f0040fcc   00000000  sw       x10, -0x24(x8)
#899 0 80000050 fcb42c23 m f0040fc8   00000002  sw       x11, -0x28(x8)
#900 0 80000054 fcc42a23 m f0040fc4   00000005  sw       x12, -0x2c(x8)
#901 0 80000058 fdc42783 r 0f         00000000  lw       x15, -0x24(x8)
#902 0 8000005c fef42623 m f0040fdc   00000000  sw       x15, -0x14(x8)
#903 0 80000060 fd842783 r 0f         00000002  lw       x15, -0x28(x8)
#904 0 80000064     0785 r 0f         00000003  c.addi   x15, 0x1
#905 0 80000066 fef42423 m f0040fd8   00000003  sw       x15, -0x18(x8)
#906 0 8000006a fdc42783 r 0f         00000000  lw       x15, -0x24(x8)
#907 0 8000006e fef42223 m f0040fd4   00000000  sw       x15, -0x1c(x8)
#908 0 80000072     a079 r 00         00000000  c.j      . + 0x8e
#909 0 80000100 fec42703 r 0e         00000000  lw       x14, -0x14(x8)
#910 0 80000104 fd842783 r 0f         00000002  lw       x15, -0x28(x8)
#911 0 80000108 04e7c363 r 00         00000000  blt      x15, x14, . + 0x46
#912 0 8000010c fe842703 r 0e         00000003  lw       x14, -0x18(x8)
#913 0 80000110 fd442783 r 0f         00000005  lw       x15, -0x2c(x8)
#914 0 80000114 f6e7d0e3 r 00         00000000  bge      x15, x14, . - 0xa0
#915 0 80000074 f00407b7 r 0f         f0040000  lui      x15, -0xffc0
#916 0 80000078 00078713 r 0e         f0040000  addi     x14, x15, 0x0
#917 0 8000007c fec42783 r 0f         00000000  lw       x15, -0x14(x8)
#918 0 80000080     078a r 0f         00000000  c.slli   x15, 2
#919 0 80000082     97ba r 0f         f0040000  c.add    x15, x14
#920 0 80000084     4398 r 0e         0000000a  c.lw     x14, 0x0(x15)
#921 0 80000086 f00407b7 r 0f         f0040000  lui      x15, -0xffc0
#922 0 8000008a 00078693 r 0d         f0040000  addi     x13, x15, 0x0
#923 0 8000008e fe842783 r 0f         00000003  lw       x15, -0x18(x8)
#924 0 80000092     078a r 0f         0000000c  c.slli   x15, 2
#925 0 80000094     97b6 r 0f         f004000c  c.add    x15, x13
#926 0 80000096     439c r 0f         0000001a  c.lw     x15, 0x0(x15)
#927 0 80000098 02e7c963 r 00         00000000  blt      x15, x14, . + 0x32
#928 0 8000009c fec42783 r 0f         00000000  lw       x15, -0x14(x8)
#929 0 800000a0 00178713 r 0e         00000001  addi     x14, x15, 0x1
#930 0 800000a4 fee42623 m f0040fdc   00000001  sw       x14, -0x14(x8)
#931 0 800000a8 f0040737 r 0e         f0040000  lui      x14, -0xffc0
#932 0 800000ac 00070713 r 0e         f0040000  addi     x14, x14, 0x0
#933 0 800000b0     078a r 0f         00000000  c.slli   x15, 2
#934 0 800000b2     97ba r 0f         f0040000  c.add    x15, x14
#935 0 800000b4     4398 r 0e         0000000a  c.lw     x14, 0x0(x15)
#936 0 800000b6 f00407b7 r 0f         f0040000  lui      x15, -0xffc0
#937 0 800000ba 02c78693 r 0d         f004002c  addi     x13, x15, 0x2c
#938 0 800000be fe442783 r 0f         00000000  lw       x15, -0x1c(x8)
#939 0 800000c2     078a r 0f         00000000  c.slli   x15, 2
#940 0 800000c4     97b6 r 0f         f004002c  c.add    x15, x13
#941 0 800000c6     c398 m f004002c   0000000a  c.sw     x14, 0x0(x15)
#942 0 800000c8     a03d r 00         00000000  c.j      . + 0x2e
#943 0 800000f6 fe442783 r 0f         00000000  lw       x15, -0x1c(x8)
#944 0 800000fa     0785 r 0f         00000001  c.addi   x15, 0x1
#945 0 800000fc fef42223 m f0040fd4   00000001  sw       x15, -0x1c(x8)
#946 0 80000100 fec42703 r 0e         00000001  lw       x14, -0x14(x8)
#947 0 80000104 fd842783 r 0f         00000002  lw       x15, -0x28(x8)
#948 0 80000108 04e7c363 r 00         00000000  blt      x15, x14, . + 0x46
#949 0 8000010c fe842703 r 0e         00000003  lw       x14, -0x18(x8)
#950 0 80000110 fd442783 r 0f         00000005  lw       x15, -0x2c(x8)
#951 0 80000114 f6e7d0e3 r 00         00000000  bge      x15, x14, . - 0xa0
#952 0 80000074 f00407b7 r 0f         f0040000  lui      x15, -0xffc0
#953 0 80000078 00078713 r 0e         f0040000  addi     x14, x15, 0x0
#954 0 8000007c fec42783 r 0f         00000001  lw       x15, -0x14(x8)
#955 0 80000080     078a r 0f         00000004  c.slli   x15, 2
#956 0 80000082     97ba r 0f         f0040004  c.add    x15, x14
#957 0 80000084     4398 r 0e         0000000e  c.lw     x14, 0x0(x15)
#958 0 80000086 f00407b7 r 0f         f0040000  lui      x15, -0xffc0
#959 0 8000008a 00078693 r 0d         f0040000  addi     x13, x15, 0x0
#960 0 8000008e fe842783 r 0f         00000003  lw       x15, -0x18(x8)
#961 0 80000092     078a r 0f         0000000c  c.slli   x15, 2
#962 0 80000094     97b6 r 0f         f004000c  c.add    x15, x13
#963 0 80000096     439c r 0f         0000001a  c.lw     x15, 0x0(x15)
#964 0 80000098 02e7c963 r 00         00000000  blt      x15, x14, . + 0x32
#965 0 8000009c fec42783 r 0f         00000001  lw       x15, -0x14(x8)
#966 0 800000a0 00178713 r 0e         00000002  addi     x14, x15, 0x1
#967 0 800000a4 fee42623 m f0040fdc   00000002  sw       x14, -0x14(x8)
#968 0 800000a8 f0040737 r 0e         f0040000  lui      x14, -0xffc0
#969 0 800000ac 00070713 r 0e         f0040000  addi     x14, x14, 0x0
#970 0 800000b0     078a r 0f         00000004  c.slli   x15, 2
#971 0 800000b2     97ba r 0f         f0040004  c.add    x15, x14
#972 0 800000b4     4398 r 0e         0000000e  c.lw     x14, 0x0(x15)
#973 0 800000b6 f00407b7 r 0f         f0040000  lui      x15, -0xffc0
#974 0 800000ba 02c78693 r 0d         f004002c  addi     x13, x15, 0x2c
#975 0 800000be fe442783 r 0f         00000001  lw       x15, -0x1c(x8)
#976 0 800000c2     078a r 0f         00000004  c.slli   x15, 2
#977 0 800000c4     97b6 r 0f         f0040030  c.add    x15, x13
#978 0 800000c6     c398 m f0040030   0000000e  c.sw     x14, 0x0(x15)
#979 0 800000c8     a03d r 00         00000000  c.j      . + 0x2e
#980 0 800000f6 fe442783 r 0f         00000001  lw       x15, -0x1c(x8)
#981 0 800000fa     0785 r 0f         00000002  c.addi   x15, 0x1
#982 0 800000fc fef42223 m f0040fd4   00000002  sw       x15, -0x1c(x8)
#983 0 80000100 fec42703 r 0e         00000002  lw       x14, -0x14(x8)
#984 0 80000104 fd842783 r 0f         00000002  lw       x15, -0x28(x8)
#985 0 80000108 04e7c363 r 00         00000000  blt      x15, x14, . + 0x46
#986 0 8000010c fe842703 r 0e         00000003  lw       x14, -0x18(x8)
#987 0 80000110 fd442783 r 0f         00000005  lw       x15, -0x2c(x8)
#988 0 80000114 f6e7d0e3 r 00         00000000  bge      x15, x14, . - 0xa0
#989 0 80000074 f00407b7 r 0f         f0040000  lui      x15, -0xffc0
#990 0 80000078 00078713 r 0e         f0040000  addi     x14, x15, 0x0
#991 0 8000007c fec42783 r 0f         00000002  lw       x15, -0x14(x8)
#992 0 80000080     078a r 0f         00000008  c.slli   x15, 2
#993 0 80000082     97ba r 0f         f0040008  c.add    x15, x14
#994 0 80000084     4398 r 0e         00000013  c.lw     x14, 0x0(x15)
#995 0 80000086 f00407b7 r 0f         f0040000  lui      x15, -0xffc0
#996 0 8000008a 00078693 r 0d         f0040000  addi     x13, x15, 0x0
#997 0 8000008e fe842783 r 0f         00000003  lw       x15, -0x18(x8)
#998 0 80000092     078a r 0f         0000000c  c.slli   x15, 2
#999 0 80000094     97b6 r 0f         f004000c  c.add    x15, x13
#1000 0 80000096     439c r 0f         0000001a  c.lw     x15, 0x0(x15)
#1001 0 80000098 02e7c963 r 00         00000000  blt      x15, x14, . + 0x32
#1002 0 8000009c fec42783 r 0f         00000002  lw       x15, -0x14(x8)
#1003 0 800000a0 00178713 r 0e         00000003  addi     x14, x15, 0x1
#1004 0 800000a4 fee42623 m f0040fdc   00000003  sw       x14, -0x14(x8)
#1005 0 800000a8 f0040737 r 0e         f0040000  lui      x14, -0xffc0
#1006 0 800000ac 00070713 r 0e         f0040000  addi     x14, x14, 0x0
#1007 0 800000b0     078a r 0f         00000008  c.slli   x15, 2
#1008 0 800000b2     97ba r 0f         f0040008  c.add    x15, x14
#1009 0 800000b4     4398 r 0e         00000013  c.lw     x14, 0x0(x15)
#1010 0 800000b6 f00407b7 r 0f         f0040000  lui      x15, -0xffc0
#1011 0 800000ba 02c78693 r 0d         f004002c  addi     x13, x15, 0x2c
#1012 0 800000be fe442783 r 0f         00000002  lw       x15, -0x1c(x8)
#1013 0 800000c2     078a r 0f         00000008  c.slli   x15, 2
#1014 0 800000c4     97b6 r 0f         f0040034  c.add    x15, x13
#1015 0 800000c6     c398 m f0040034   00000013  c.sw     x14, 0x0(x15)
#1016 0 800000c8     a03d r 00         00000000  c.j      . + 0x2e
#1017 0 800000f6 fe442783 r 0f         00000002  lw       x15, -0x1c(x8)
#1018 0 800000fa     0785 r 0f         00000003  c.addi   x15, 0x1
#1019 0 800000fc fef42223 m f0040fd4   00000003  sw       x15, -0x1c(x8)
#1020 0 80000100 fec42703 r 0e         00000003  lw       x14, -0x14(x8)
#1021 0 80000104 fd842783 r 0f         00000002  lw       x15, -0x28(x8)
#1022 0 80000108 04e7c363 r 00         00000000  blt      x15, x14, . + 0x46
#1023 0 8000014e fec42703 r 0e         00000003  lw       x14, -0x14(x8)
#1024 0 80000152 fd842783 r 0f         00000002  lw       x15, -0x28(x8)
#1025 0 80000156 fce7d2e3 r 00         00000000  bge      x15, x14, . - 0x3c
#1026 0 8000015a     a81d r 00         00000000  c.j      . + 0x36
#1027 0 80000190 fe842703 r 0e         00000003  lw       x14, -0x18(x8)
#1028 0 80000194 fd442783 r 0f         00000005  lw       x15, -0x2c(x8)
#1029 0 80000198 fce7d2e3 r 00         00000000  bge      x15, x14, . - 0x3c
#1030 0 8000015c fe842703 r 0e         00000003  lw       x14, -0x18(x8)
#1031 0 80000160 00170793 r 0f         00000004  addi     x15, x14, 0x1
#1032 0 80000164 fef42423 m f0040fd8   00000004  sw       x15, -0x18(x8)
#1033 0 80000168 fe442783 r 0f         00000003  lw       x15, -0x1c(x8)
#1034 0 8000016c 00178693 r 0d         00000004  addi     x13, x15, 0x1
#1035 0 80000170 fed42223 m f0040fd4   00000004  sw       x13, -0x1c(x8)
#1036 0 80000174 f00406b7 r 0d         f0040000  lui      x13, -0xffc0
#1037 0 80000178 00068693 r 0d         f0040000  addi     x13, x13, 0x0
#1038 0 8000017c     070a r 0e         0000000c  c.slli   x14, 2
#1039 0 8000017e     9736 r 0e         f004000c  c.add    x14, x13
#1040 0 80000180     4318 r 0e         0000001a  c.lw     x14, 0x0(x14)
#1041 0 80000182 f00406b7 r 0d         f0040000  lui      x13, -0xffc0
#1042 0 80000186 02c68693 r 0d         f004002c  addi     x13, x13, 0x2c
#1043 0 8000018a     078a r 0f         0000000c  c.slli   x15, 2
#1044 0 8000018c     97b6 r 0f         f0040038  c.add    x15, x13
#1045 0 8000018e     c398 m f0040038   0000001a  c.sw     x14, 0x0(x15)
#1046 0 80000190 fe842703 r 0e         00000004  lw       x14, -0x18(x8)
#1047 0 80000194 fd442783 r 0f         00000005  lw       x15, -0x2c(x8)
#1048 0 80000198 fce7d2e3 r 00         00000000  bge      x15, x14, . - 0x3c
#1049 0 8000015c fe842703 r 0e         00000004  lw       x14, -0x18(x8)
#1050 0 80000160 00170793 r 0f         00000005  addi     x15, x14, 0x1
#1051 0 80000164 fef42423 m f0040fd8   00000005  sw       x15, -0x18(x8)
#1052 0 80000168 fe442783 r 0f         00000004  lw       x15, -0x1c(x8)
#1053 0 8000016c 00178693 r 0d         00000005  addi     x13, x15, 0x1
#1054 0 80000170 fed42223 m f0040fd4   00000005  sw       x13, -0x1c(x8)
#1055 0 80000174 f00406b7 r 0d         f0040000  lui      x13, -0xffc0
#1056 0 80000178 00068693 r 0d         f0040000  addi     x13, x13, 0x0
#1057 0 8000017c     070a r 0e         00000010  c.slli   x14, 2
#1058 0 8000017e     9736 r 0e         f0040010  c.add    x14, x13
#1059 0 80000180     4318 r 0e         0000001b  c.lw     x14, 0x0(x14)
#1060 0 80000182 f00406b7 r 0d         f0040000  lui      x13, -0xffc0
#1061 0 80000186 02c68693 r 0d         f004002c  addi     x13, x13, 0x2c
#1062 0 8000018a     078a r 0f         00000010  c.slli   x15, 2
#1063 0 8000018c     97b6 r 0f         f004003c  c.add    x15, x13
#1064 0 8000018e     c398 m f004003c   0000001b  c.sw     x14, 0x0(x15)
#1065 0 80000190 fe842703 r 0e         00000005  lw       x14, -0x18(x8)
#1066 0 80000194 fd442783 r 0f         00000005  lw       x15, -0x2c(x8)
#1067 0 80000198 fce7d2e3 r 00         00000000  bge      x15, x14, . - 0x3c
#1068 0 8000015c fe842703 r 0e         00000005  lw       x14, -0x18(x8)
#1069 0 80000160 00170793 r 0f         00000006  addi     x15, x14, 0x1
#1070 0 80000164 fef42423 m f0040fd8   00000006  sw       x15, -0x18(x8)
#1071 0 80000168 fe442783 r 0f         00000005  lw       x15, -0x1c(x8)
#1072 0 8000016c 00178693 r 0d         00000006  addi     x13, x15, 0x1
#1073 0 80000170 fed42223 m f0040fd4   00000006  sw       x13, -0x1c(x8)
#1074 0 80000174 f00406b7 r 0d         f0040000  lui      x13, -0xffc0
#1075 0 80000178 00068693 r 0d         f0040000  addi     x13, x13, 0x0
#1076 0 8000017c     070a r 0e         00000014  c.slli   x14, 2
#1077 0 8000017e     9736 r 0e         f0040014  c.add    x14, x13
#1078 0 80000180     4318 r 0e         0000001f  c.lw     x14, 0x0(x14)
#1079 0 80000182 f00406b7 r 0d         f0040000  lui      x13, -0xffc0
#1080 0 80000186 02c68693 r 0d         f004002c  addi     x13, x13, 0x2c
#1081 0 8000018a     078a r 0f         00000014  c.slli   x15, 2
#1082 0 8000018c     97b6 r 0f         f0040040  c.add    x15, x13
#1083 0 8000018e     c398 m f0040040   0000001f  c.sw     x14, 0x0(x15)
#1084 0 80000190 fe842703 r 0e         00000006  lw       x14, -0x18(x8)
#1085 0 80000194 fd442783 r 0f         00000005  lw       x15, -0x2c(x8)
#1086 0 80000198 fce7d2e3 r 00         00000000  bge      x15, x14, . - 0x3c
#1087 0 8000019c fdc42783 r 0f         00000000  lw       x15, -0x24(x8)
#1088 0 800001a0 fef42223 m f0040fd4   00000000  sw       x15, -0x1c(x8)
#1089 0 800001a4     a805 r 00         00000000  c.j      . + 0x30
#1090 0 800001d4 fe442703 r 0e         00000000  lw       x14, -0x1c(x8)
#1091 0 800001d8 fd442783 r 0f         00000005  lw       x15, -0x2c(x8)
#1092 0 800001dc fce7d5e3 r 00         00000000  bge      x15, x14, . - 0x36
#1093 0 800001a6 f00407b7 r 0f         f0040000  lui      x15, -0xffc0
#1094 0 800001aa 02c78713 r 0e         f004002c  addi     x14, x15, 0x2c
#1095 0 800001ae fe442783 r 0f         00000000  lw       x15, -0x1c(x8)
#1096 0 800001b2     078a r 0f         00000000  c.slli   x15, 2
#1097 0 800001b4     97ba r 0f         f004002c  c.add    x15, x14
#1098 0 800001b6     4398 r 0e         0000000a  c.lw     x14, 0x0(x15)
#1099 0 800001b8 f00407b7 r 0f         f0040000  lui      x15, -0xffc0
#1100 0 800001bc 00078693 r 0d         f0040000  addi     x13, x15, 0x0
#1101 0 800001c0 fe442783 r 0f         00000000  lw       x15, -0x1c(x8)
#1102 0 800001c4     078a r 0f         00000000  c.slli   x15, 2
#1103 0 800001c6     97b6 r 0f         f0040000  c.add    x15, x13
#1104 0 800001c8     c398 m f0040000   0000000a  c.sw     x14, 0x0(x15)
#1105 0 800001ca fe442783 r 0f         00000000  lw       x15, -0x1c(x8)
#1106 0 800001ce     0785 r 0f         00000001  c.addi   x15, 0x1
#1107 0 800001d0 fef42223 m f0040fd4   00000001  sw       x15, -0x1c(x8)
#1108 0 800001d4 fe442703 r 0e         00000001  lw       x14, -0x1c(x8)
#1109 0 800001d8 fd442783 r 0f         00000005  lw       x15, -0x2c(x8)
#1110 0 800001dc fce7d5e3 r 00         00000000  bge      x15, x14, . - 0x36
#1111 0 800001a6 f00407b7 r 0f         f0040000  lui      x15, -0xffc0
#1112 0 800001aa 02c78713 r 0e         f004002c  addi     x14, x15, 0x2c
#1113 0 800001ae fe442783 r 0f         00000001  lw       x15, -0x1c(x8)
#1114 0 800001b2     078a r 0f         00000004  c.slli   x15, 2
#1115 0 800001b4     97ba r 0f         f0040030  c.add    x15, x14
#1116 0 800001b6     4398 r 0e         0000000e  c.lw     x14, 0x0(x15)
#1117 0 800001b8 f00407b7 r 0f         f0040000  lui      x15, -0xffc0
#1118 0 800001bc 00078693 r 0d         f0040000  addi     x13, x15, 0x0
#1119 0 800001c0 fe442783 r 0f         00000001  lw       x15, -0x1c(x8)
#1120 0 800001c4     078a r 0f         00000004  c.slli   x15, 2
#1121 0 800001c6     97b6 r 0f         f0040004  c.add    x15, x13
#1122 0 800001c8     c398 m f0040004   0000000e  c.sw     x14, 0x0(x15)
#1123 0 800001ca fe442783 r 0f         00000001  lw       x15, -0x1c(x8)
#1124 0 800001ce     0785 r 0f         00000002  c.addi   x15, 0x1
#1125 0 800001d0 fef42223 m f0040fd4   00000002  sw       x15, -0x1c(x8)
#1126 0 800001d4 fe442703 r 0e         00000002  lw       x14, -0x1c(x8)
#1127 0 800001d8 fd442783 r 0f         00000005  lw       x15, -0x2c(x8)
#1128 0 800001dc fce7d5e3 r 00         00000000  bge      x15, x14, . - 0x36
#1129 0 800001a6 f00407b7 r 0f         f0040000  lui      x15, -0xffc0
#1130 0 800001aa 02c78713 r 0e         f004002c  addi     x14, x15, 0x2c
#1131 0 800001ae fe442783 r 0f         00000002  lw       x15, -0x1c(x8)
#1132 0 800001b2     078a r 0f         00000008  c.slli   x15, 2
#1133 0 800001b4     97ba r 0f         f0040034  c.add    x15, x14
#1134 0 800001b6     4398 r 0e         00000013  c.lw     x14, 0x0(x15)
#1135 0 800001b8 f00407b7 r 0f         f0040000  lui      x15, -0xffc0
#1136 0 800001bc 00078693 r 0d         f0040000  addi     x13, x15, 0x0
#1137 0 800001c0 fe442783 r 0f         00000002  lw       x15, -0x1c(x8)
#1138 0 800001c4     078a r 0f         00000008  c.slli   x15, 2
#1139 0 800001c6     97b6 r 0f         f0040008  c.add    x15, x13
#1140 0 800001c8     c398 m f0040008   00000013  c.sw     x14, 0x0(x15)
#1141 0 800001ca fe442783 r 0f         00000002  lw       x15, -0x1c(x8)
#1142 0 800001ce     0785 r 0f         00000003  c.addi   x15, 0x1
#1143 0 800001d0 fef42223 m f0040fd4   00000003  sw       x15, -0x1c(x8)
#1144 0 800001d4 fe442703 r 0e         00000003  lw       x14, -0x1c(x8)
#1145 0 800001d8 fd442783 r 0f         00000005  lw       x15, -0x2c(x8)
#1146 0 800001dc fce7d5e3 r 00         00000000  bge      x15, x14, . - 0x36
#1147 0 800001a6 f00407b7 r 0f         f0040000  lui      x15, -0xffc0
#1148 0 800001aa 02c78713 r 0e         f004002c  addi     x14, x15, 0x2c
#1149 0 800001ae fe442783 r 0f         00000003  lw       x15, -0x1c(x8)
#1150 0 800001b2     078a r 0f         0000000c  c.slli   x15, 2
#1151 0 800001b4     97ba r 0f         f0040038  c.add    x15, x14
#1152 0 800001b6     4398 r 0e         0000001a  c.lw     x14, 0x0(x15)
#1153 0 800001b8 f00407b7 r 0f         f0040000  lui      x15, -0xffc0
#1154 0 800001bc 00078693 r 0d         f0040000  addi     x13, x15, 0x0
#1155 0 800001c0 fe442783 r 0f         00000003  lw       x15, -0x1c(x8)
#1156 0 800001c4     078a r 0f         0000000c  c.slli   x15, 2
#1157 0 800001c6     97b6 r 0f         f004000c  c.add    x15, x13
#1158 0 800001c8     c398 m f004000c   0000001a  c.sw     x14, 0x0(x15)
#1159 0 800001ca fe442783 r 0f         00000003  lw       x15, -0x1c(x8)
#1160 0 800001ce     0785 r 0f         00000004  c.addi   x15, 0x1
#1161 0 800001d0 fef42223 m f0040fd4   00000004  sw       x15, -0x1c(x8)
#1162 0 800001d4 fe442703 r 0e         00000004  lw       x14, -0x1c(x8)
#1163 0 800001d8 fd442783 r 0f         00000005  lw       x15, -0x2c(x8)
#1164 0 800001dc fce7d5e3 r 00         00000000  bge      x15, x14, . - 0x36
#1165 0 800001a6 f00407b7 r 0f         f0040000  lui      x15, -0xffc0
#1166 0 800001aa 02c78713 r 0e         f004002c  addi     x14, x15, 0x2c
#1167 0 800001ae fe442783 r 0f         00000004  lw       x15, -0x1c(x8)
#1168 0 800001b2     078a r 0f         00000010  c.slli   x15, 2
#1169 0 800001b4     97ba r 0f         f004003c  c.add    x15, x14
#1170 0 800001b6     4398 r 0e         0000001b  c.lw     x14, 0x0(x15)
#1171 0 800001b8 f00407b7 r 0f         f0040000  lui      x15, -0xffc0
#1172 0 800001bc 00078693 r 0d         f0040000  addi     x13, x15, 0x0
#1173 0 800001c0 fe442783 r 0f         00000004  lw       x15, -0x1c(x8)
#1174 0 800001c4     078a r 0f         00000010  c.slli   x15, 2
#1175 0 800001c6     97b6 r 0f         f0040010  c.add    x15, x13
#1176 0 800001c8     c398 m f0040010   0000001b  c.sw     x14, 0x0(x15)
#1177 0 800001ca fe442783 r 0f         00000004  lw       x15, -0x1c(x8)
#1178 0 800001ce     0785 r 0f         00000005  c.addi   x15, 0x1
#1179 0 800001d0 fef42223 m f0040fd4   00000005  sw       x15, -0x1c(x8)
#1180 0 800001d4 fe442703 r 0e         00000005  lw       x14, -0x1c(x8)
#1181 0 800001d8 fd442783 r 0f         00000005  lw       x15, -0x2c(x8)
#1182 0 800001dc fce7d5e3 r 00         00000000  bge      x15, x14, . - 0x36
#1183 0 800001a6 f00407b7 r 0f         f0040000  lui      x15, -0xffc0
#1184 0 800001aa 02c78713 r 0e         f004002c  addi     x14, x15, 0x2c
#1185 0 800001ae fe442783 r 0f         00000005  lw       x15, -0x1c(x8)
#1186 0 800001b2     078a r 0f         00000014  c.slli   x15, 2
#1187 0 800001b4     97ba r 0f         f0040040  c.add    x15, x14
#1188 0 800001b6     4398 r 0e         0000001f  c.lw     x14, 0x0(x15)
#1189 0 800001b8 f00407b7 r 0f         f0040000  lui      x15, -0xffc0
#1190 0 800001bc 00078693 r 0d         f0040000  addi     x13, x15, 0x0
#1191 0 800001c0 fe442783 r 0f         00000005  lw       x15, -0x1c(x8)
#1192 0 800001c4     078a r 0f         00000014  c.slli   x15, 2
#1193 0 800001c6     97b6 r 0f         f0040014  c.add    x15, x13
#1194 0 800001c8     c398 m f0040014   0000001f  c.sw     x14, 0x0(x15)
#1195 0 800001ca fe442783 r 0f         00000005  lw       x15, -0x1c(x8)
#1196 0 800001ce     0785 r 0f         00000006  c.addi   x15, 0x1
#1197 0 800001d0 fef42223 m f0040fd4   00000006  sw       x15, -0x1c(x8)
#1198 0 800001d4 fe442703 r 0e         00000006  lw       x14, -0x1c(x8)
#1199 0 800001d8 fd442783 r 0f         00000005  lw       x15, -0x2c(x8)
#1200 0 800001dc fce7d5e3 r 00         00000000  bge      x15, x14, . - 0x36
#1201 0 800001e0     0001 r 00         00000000  c.nop
#1202 0 800001e2     0001 r 00         00000000  c.nop
#1203 0 800001e4     5432 r 08         f0041020  c.lwsp   x8, 0x2c
#1204 0 800001e6     6145 r 02         f0040ff0  c.addi16sp 0x3
#1205 0 800001e8     8082 r 00         00000000  c.jr     x1
#1206 0 80000242     a011 r 00         00000000  c.j      . + 0x4
#1207 0 80000246     50b2 r 01         80000226  c.lwsp   x1, 0x2c
#1208 0 80000248     5422 r 08         f0041050  c.lwsp   x8, 0x28
#1209 0 8000024a     6145 r 02         f0041020  c.addi16sp 0x3
#1210 0 8000024c     8082 r 00         00000000  c.jr     x1
#1211 0 80000226 fec42783 r 0f         00000005  lw       x15, -0x14(x8)
#1212 0 8000022a     0785 r 0f         00000006  c.addi   x15, 0x1
#1213 0 8000022c fd842583 r 0b         0000000a  lw       x11, -0x28(x8)
#1214 0 80000230     853e r 0a         00000006  c.mv     x10, x15
#1215 0 80000232     3f65 r 01         80000234  c.jal    . - 0x48
#1216 0 800001ea     7179 r 02         f0040ff0  c.addi16sp -0x3
#1217 0 800001ec     d606 m f004101c   80000234  c.swsp   x1, 0x2c
#1218 0 800001ee     d422 m f0041018   f0041050  c.swsp   x8, 0x28
#1219 0 800001f0     1800 r 08         f0041020  c.addi4spn  x8, 0xc
#1220 0 800001f2 fca42e23 m f0040ffc   00000006  sw       x10, -0x24(x8)
#1221 0 800001f6 fcb42c23 m f0040ff8   0000000a  sw       x11, -0x28(x8)
#1222 0 800001fa fdc42703 r 0e         00000006  lw       x14, -0x24(x8)
#1223 0 800001fe fd842783 r 0f         0000000a  lw       x15, -0x28(x8)
#1224 0 80000202 04f75163 r 00         00000000  bge      x14, x15, . + 0x42
#1225 0 80000206 fdc42703 r 0e         00000006  lw       x14, -0x24(x8)
#1226 0 8000020a fd842783 r 0f         0000000a  lw       x15, -0x28(x8)
#1227 0 8000020e     97ba r 0f         00000010  c.add    x15, x14
#1228 0 80000210 01f7d713 r 0e         00000000  srli     x14, x15, 0x1f
#1229 0 80000214     97ba r 0f         00000010  c.add    x15, x14
#1230 0 80000216     8785 r 0f         00000008  c.srai   x15, 0x1
#1231 0 80000218 fef42623 m f004100c   00000008  sw       x15, -0x14(x8)
#1232 0 8000021c fec42583 r 0b         00000008  lw       x11, -0x14(x8)
#1233 0 80000220 fdc42503 r 0a         00000006  lw       x10, -0x24(x8)
#1234 0 80000224     37d9 r 01         80000226  c.jal    . - 0x3a
#1235 0 800001ea     7179 r 02         f0040fc0  c.addi16sp -0x3
#1236 0 800001ec     d606 m f0040fec   80000226  c.swsp   x1, 0x2c
#1237 0 800001ee     d422 m f0040fe8   f0041020  c.swsp   x8, 0x28
#1238 0 800001f0     1800 r 08         f0040ff0  c.addi4spn  x8, 0xc
#1239 0 800001f2 fca42e23 m f0040fcc   00000006  sw       x10, -0x24(x8)
#1240 0 800001f6 fcb42c23 m f0040fc8   00000008  sw       x11, -0x28(x8)
#1241 0 800001fa fdc42703 r 0e         00000006  lw       x14, -0x24(x8)
#1242 0 800001fe fd842783 r 0f         00000008  lw       x15, -0x28(x8)
#1243 0 80000202 04f75163 r 00         00000000  bge      x14, x15, . + 0x42
#1244 0 80000206 fdc42703 r 0e         00000006  lw       x14, -0x24(x8)
#1245 0 8000020a fd842783 r 0f         00000008  lw       x15, -0x28(x8)
#1246 0 8000020e     97ba r 0f         0000000e  c.add    x15, x14
#1247 0 80000210 01f7d713 r 0e         00000000  srli     x14, x15, 0x1f
#1248 0 80000214     97ba r 0f         0000000e  c.add    x15, x14
#1249 0 80000216     8785 r 0f         00000007  c.srai   x15, 0x1
#1250 0 80000218 fef42623 m f0040fdc   00000007  sw       x15, -0x14(x8)
#1251 0 8000021c fec42583 r 0b         00000007  lw       x11, -0x14(x8)
#1252 0 80000220 fdc42503 r 0a         00000006  lw       x10, -0x24(x8)
#1253 0 80000224     37d9 r 01         80000226  c.jal    . - 0x3a
#1254 0 800001ea     7179 r 02         f0040f90  c.addi16sp -0x3
#1255 0 800001ec     d606 m f0040fbc   80000226  c.swsp   x1, 0x2c
#1256 0 800001ee     d422 m f0040fb8   f0040ff0  c.swsp   x8, 0x28
#1257 0 800001f0     1800 r 08         f0040fc0  c.addi4spn  x8, 0xc
#1258 0 800001f2 fca42e23 m f0040f9c   00000006  sw       x10, -0x24(x8)
#1259 0 800001f6 fcb42c23 m f0040f98   00000007  sw       x11, -0x28(x8)
#1260 0 800001fa fdc42703 r 0e         00000006  lw       x14, -0x24(x8)
#1261 0 800001fe fd842783 r 0f         00000007  lw       x15, -0x28(x8)
#1262 0 80000202 04f75163 r 00         00000000  bge      x14, x15, . + 0x42
#1263 0 80000206 fdc42703 r 0e         00000006  lw       x14, -0x24(x8)
#1264 0 8000020a fd842783 r 0f         00000007  lw       x15, -0x28(x8)
#1265 0 8000020e     97ba r 0f         0000000d  c.add    x15, x14
#1266 0 80000210 01f7d713 r 0e         00000000  srli     x14, x15, 0x1f
#1267 0 80000214     97ba r 0f         0000000d  c.add    x15, x14
#1268 0 80000216     8785 r 0f         00000006  c.srai   x15, 0x1
#1269 0 80000218 fef42623 m f0040fac   00000006  sw       x15, -0x14(x8)
#1270 0 8000021c fec42583 r 0b         00000006  lw       x11, -0x14(x8)
#1271 0 80000220 fdc42503 r 0a         00000006  lw       x10, -0x24(x8)
#1272 0 80000224     37d9 r 01         80000226  c.jal    . - 0x3a
#1273 0 800001ea     7179 r 02         f0040f60  c.addi16sp -0x3
#1274 0 800001ec     d606 m f0040f8c   80000226  c.swsp   x1, 0x2c
#1275 0 800001ee     d422 m f0040f88   f0040fc0  c.swsp   x8, 0x28
#1276 0 800001f0     1800 r 08         f0040f90  c.addi4spn  x8, 0xc
#1277 0 800001f2 fca42e23 m f0040f6c   00000006  sw       x10, -0x24(x8)
#1278 0 800001f6 fcb42c23 m f0040f68   00000006  sw       x11, -0x28(x8)
#1279 0 800001fa fdc42703 r 0e         00000006  lw       x14, -0x24(x8)
#1280 0 800001fe fd842783 r 0f         00000006  lw       x15, -0x28(x8)
#1281 0 80000202 04f75163 r 00         00000000  bge      x14, x15, . + 0x42
#1282 0 80000244     0001 r 00         00000000  c.nop
#1283 0 80000246     50b2 r 01         80000226  c.lwsp   x1, 0x2c
#1284 0 80000248     5422 r 08         f0040fc0  c.lwsp   x8, 0x28
#1285 0 8000024a     6145 r 02         f0040f90  c.addi16sp 0x3
#1286 0 8000024c     8082 r 00         00000000  c.jr     x1
#1287 0 80000226 fec42783 r 0f         00000006  lw       x15, -0x14(x8)
#1288 0 8000022a     0785 r 0f         00000007  c.addi   x15, 0x1
#1289 0 8000022c fd842583 r 0b         00000007  lw       x11, -0x28(x8)
#1290 0 80000230     853e r 0a         00000007  c.mv     x10, x15
#1291 0 80000232     3f65 r 01         80000234  c.jal    . - 0x48
#1292 0 800001ea     7179 r 02         f0040f60  c.addi16sp -0x3
#1293 0 800001ec     d606 m f0040f8c   80000234  c.swsp   x1, 0x2c
#1294 0 800001ee     d422 m f0040f88   f0040fc0  c.swsp   x8, 0x28
#1295 0 800001f0     1800 r 08         f0040f90  c.addi4spn  x8, 0xc
#1296 0 800001f2 fca42e23 m f0040f6c   00000007  sw       x10, -0x24(x8)
#1297 0 800001f6 fcb42c23 m f0040f68   00000007  sw       x11, -0x28(x8)
#1298 0 800001fa fdc42703 r 0e         00000007  lw       x14, -0x24(x8)
#1299 0 800001fe fd842783 r 0f         00000007  lw       x15, -0x28(x8)
#1300 0 80000202 04f75163 r 00         00000000  bge      x14, x15, . + 0x42
#1301 0 80000244     0001 r 00         00000000  c.nop
#1302 0 80000246     50b2 r 01         80000234  c.lwsp   x1, 0x2c
#1303 0 80000248     5422 r 08         f0040fc0  c.lwsp   x8, 0x28
#1304 0 8000024a     6145 r 02         f0040f90  c.addi16sp 0x3
#1305 0 8000024c     8082 r 00         00000000  c.jr     x1
#1306 0 80000234 fd842603 r 0c         00000007  lw       x12, -0x28(x8)
#1307 0 80000238 fec42583 r 0b         00000006  lw       x11, -0x14(x8)
#1308 0 8000023c fdc42503 r 0a         00000006  lw       x10, -0x24(x8)
#1309 0 80000240     3519 r 01         80000242  c.jal    . - 0x1fa
#1310 0 80000046     7179 r 02         f0040f60  c.addi16sp -0x3
#1311 0 80000048     d622 m f0040f8c   f0040fc0  c.swsp   x8, 0x2c
#1312 0 8000004a     1800 r 08         f0040f90  c.addi4spn  x8, 0xc
#1313 0 8000004c fca42e23 m f0040f6c   00000006  sw       x10, -0x24(x8)
#1314 0 80000050 fcb42c23 m f0040f68   00000006  sw       x11, -0x28(x8)
#1315 0 80000054 fcc42a23 m f0040f64   00000007  sw       x12, -0x2c(x8)
#1316 0 80000058 fdc42783 r 0f         00000006  lw       x15, -0x24(x8)
#1317 0 8000005c fef42623 m f0040f7c   00000006  sw       x15, -0x14(x8)
#1318 0 80000060 fd842783 r 0f         00000006  lw       x15, -0x28(x8)
#1319 0 80000064     0785 r 0f         00000007  c.addi   x15, 0x1
#1320 0 80000066 fef42423 m f0040f78   00000007  sw       x15, -0x18(x8)
#1321 0 8000006a fdc42783 r 0f         00000006  lw       x15, -0x24(x8)
#1322 0 8000006e fef42223 m f0040f74   00000006  sw       x15, -0x1c(x8)
#1323 0 80000072     a079 r 00         00000000  c.j      . + 0x8e
#1324 0 80000100 fec42703 r 0e         00000006  lw       x14, -0x14(x8)
#1325 0 80000104 fd842783 r 0f         00000006  lw       x15, -0x28(x8)
#1326 0 80000108 04e7c363 r 00         00000000  blt      x15, x14, . + 0x46
#1327 0 8000010c fe842703 r 0e         00000007  lw       x14, -0x18(x8)
#1328 0 80000110 fd442783 r 0f         00000007  lw       x15, -0x2c(x8)
#1329 0 80000114 f6e7d0e3 r 00         00000000  bge      x15, x14, . - 0xa0
#1330 0 80000074 f00407b7 r 0f         f0040000  lui      x15, -0xffc0
#1331 0 80000078 00078713 r 0e         f0040000  addi     x14, x15, 0x0
#1332 0 8000007c fec42783 r 0f         00000006  lw       x15, -0x14(x8)
#1333 0 80000080     078a r 0f         00000018  c.slli   x15, 2
#1334 0 80000082     97ba r 0f         f0040018  c.add    x15, x14
#1335 0 80000084     4398 r 0e         00000021  c.lw     x14, 0x0(x15)
#1336 0 80000086 f00407b7 r 0f         f0040000  lui      x15, -0xffc0
#1337 0 8000008a 00078693 r 0d         f0040000  addi     x13, x15, 0x0
#1338 0 8000008e fe842783 r 0f         00000007  lw       x15, -0x18(x8)
#1339 0 80000092     078a r 0f         0000001c  c.slli   x15, 2
#1340 0 80000094     97b6 r 0f         f004001c  c.add    x15, x13
#1341 0 80000096     439c r 0f         00000023  c.lw     x15, 0x0(x15)
#1342 0 80000098 02e7c963 r 00         00000000  blt      x15, x14, . + 0x32
#1343 0 8000009c fec42783 r 0f         00000006  lw       x15, -0x14(x8)
#1344 0 800000a0 00178713 r 0e         00000007  addi     x14, x15, 0x1
#1345 0 800000a4 fee42623 m f0040f7c   00000007  sw       x14, -0x14(x8)
#1346 0 800000a8 f0040737 r 0e         f0040000  lui      x14, -0xffc0
#1347 0 800000ac 00070713 r 0e         f0040000  addi     x14, x14, 0x0
#1348 0 800000b0     078a r 0f         00000018  c.slli   x15, 2
#1349 0 800000b2     97ba r 0f         f0040018  c.add    x15, x14
#1350 0 800000b4     4398 r 0e         00000021  c.lw     x14, 0x0(x15)
#1351 0 800000b6 f00407b7 r 0f         f0040000  lui      x15, -0xffc0
#1352 0 800000ba 02c78693 r 0d         f004002c  addi     x13, x15, 0x2c
#1353 0 800000be fe442783 r 0f         00000006  lw       x15, -0x1c(x8)
#1354 0 800000c2     078a r 0f         00000018  c.slli   x15, 2
#1355 0 800000c4     97b6 r 0f         f0040044  c.add    x15, x13
#1356 0 800000c6     c398 m f0040044   00000021  c.sw     x14, 0x0(x15)
#1357 0 800000c8     a03d r 00         00000000  c.j      . + 0x2e
#1358 0 800000f6 fe442783 r 0f         00000006  lw       x15, -0x1c(x8)
#1359 0 800000fa     0785 r 0f         00000007  c.addi   x15, 0x1
#1360 0 800000fc fef42223 m f0040f74   00000007  sw       x15, -0x1c(x8)
#1361 0 80000100 fec42703 r 0e         00000007  lw       x14, -0x14(x8)
#1362 0 80000104 fd842783 r 0f         00000006  lw       x15, -0x28(x8)
#1363 0 80000108 04e7c363 r 00         00000000  blt      x15, x14, . + 0x46
#1364 0 8000014e fec42703 r 0e         00000007  lw       x14, -0x14(x8)
#1365 0 80000152 fd842783 r 0f         00000006  lw       x15, -0x28(x8)
#1366 0 80000156 fce7d2e3 r 00         00000000  bge      x15, x14, . - 0x3c
#1367 0 8000015a     a81d r 00         00000000  c.j      . + 0x36
#1368 0 80000190 fe842703 r 0e         00000007  lw       x14, -0x18(x8)
#1369 0 80000194 fd442783 r 0f         00000007  lw       x15, -0x2c(x8)
#1370 0 80000198 fce7d2e3 r 00         00000000  bge      x15, x14, . - 0x3c
#1371 0 8000015c fe842703 r 0e         00000007  lw       x14, -0x18(x8)
#1372 0 80000160 00170793 r 0f         00000008  addi     x15, x14, 0x1
#1373 0 80000164 fef42423 m f0040f78   00000008  sw       x15, -0x18(x8)
#1374 0 80000168 fe442783 r 0f         00000007  lw       x15, -0x1c(x8)
#1375 0 8000016c 00178693 r 0d         00000008  addi     x13, x15, 0x1
#1376 0 80000170 fed42223 m f0040f74   00000008  sw       x13, -0x1c(x8)
#1377 0 80000174 f00406b7 r 0d         f0040000  lui      x13, -0xffc0
#1378 0 80000178 00068693 r 0d         f0040000  addi     x13, x13, 0x0
#1379 0 8000017c     070a r 0e         0000001c  c.slli   x14, 2
#1380 0 8000017e     9736 r 0e         f004001c  c.add    x14, x13
#1381 0 80000180     4318 r 0e         00000023  c.lw     x14, 0x0(x14)
#1382 0 80000182 f00406b7 r 0d         f0040000  lui      x13, -0xffc0
#1383 0 80000186 02c68693 r 0d         f004002c  addi     x13, x13, 0x2c
#1384 0 8000018a     078a r 0f         0000001c  c.slli   x15, 2
#1385 0 8000018c     97b6 r 0f         f0040048  c.add    x15, x13
#1386 0 8000018e     c398 m f0040048   00000023  c.sw     x14, 0x0(x15)
#1387 0 80000190 fe842703 r 0e         00000008  lw       x14, -0x18(x8)
#1388 0 80000194 fd442783 r 0f         00000007  lw       x15, -0x2c(x8)
#1389 0 80000198 fce7d2e3 r 00         00000000  bge      x15, x14, . - 0x3c
#1390 0 8000019c fdc42783 r 0f         00000006  lw       x15, -0x24(x8)
#1391 0 800001a0 fef42223 m f0040f74   00000006  sw       x15, -0x1c(x8)
#1392 0 800001a4     a805 r 00         00000000  c.j      . + 0x30
#1393 0 800001d4 fe442703 r 0e         00000006  lw       x14, -0x1c(x8)
#1394 0 800001d8 fd442783 r 0f         00000007  lw       x15, -0x2c(x8)
#1395 0 800001dc fce7d5e3 r 00         00000000  bge      x15, x14, . - 0x36
#1396 0 800001a6 f00407b7 r 0f         f0040000  lui      x15, -0xffc0
#1397 0 800001aa 02c78713 r 0e         f004002c  addi     x14, x15, 0x2c
#1398 0 800001ae fe442783 r 0f         00000006  lw       x15, -0x1c(x8)
#1399 0 800001b2     078a r 0f         00000018  c.slli   x15, 2
#1400 0 800001b4     97ba r 0f         f0040044  c.add    x15, x14
#1401 0 800001b6     4398 r 0e         00000021  c.lw     x14, 0x0(x15)
#1402 0 800001b8 f00407b7 r 0f         f0040000  lui      x15, -0xffc0
#1403 0 800001bc 00078693 r 0d         f0040000  addi     x13, x15, 0x0
#1404 0 800001c0 fe442783 r 0f         00000006  lw       x15, -0x1c(x8)
#1405 0 800001c4     078a r 0f         00000018  c.slli   x15, 2
#1406 0 800001c6     97b6 r 0f         f0040018  c.add    x15, x13
#1407 0 800001c8     c398 m f0040018   00000021  c.sw     x14, 0x0(x15)
#1408 0 800001ca fe442783 r 0f         00000006  lw       x15, -0x1c(x8)
#1409 0 800001ce     0785 r 0f         00000007  c.addi   x15, 0x1
#1410 0 800001d0 fef42223 m f0040f74   00000007  sw       x15, -0x1c(x8)
#1411 0 800001d4 fe442703 r 0e         00000007  lw       x14, -0x1c(x8)
#1412 0 800001d8 fd442783 r 0f         00000007  lw       x15, -0x2c(x8)
#1413 0 800001dc fce7d5e3 r 00         00000000  bge      x15, x14, . - 0x36
#1414 0 800001a6 f00407b7 r 0f         f0040000  lui      x15, -0xffc0
#1415 0 800001aa 02c78713 r 0e         f004002c  addi     x14, x15, 0x2c
#1416 0 800001ae fe442783 r 0f         00000007  lw       x15, -0x1c(x8)
#1417 0 800001b2     078a r 0f         0000001c  c.slli   x15, 2
#1418 0 800001b4     97ba r 0f         f0040048  c.add    x15, x14
#1419 0 800001b6     4398 r 0e         00000023  c.lw     x14, 0x0(x15)
#1420 0 800001b8 f00407b7 r 0f         f0040000  lui      x15, -0xffc0
#1421 0 800001bc 00078693 r 0d         f0040000  addi     x13, x15, 0x0
#1422 0 800001c0 fe442783 r 0f         00000007  lw       x15, -0x1c(x8)
#1423 0 800001c4     078a r 0f         0000001c  c.slli   x15, 2
#1424 0 800001c6     97b6 r 0f         f004001c  c.add    x15, x13
#1425 0 800001c8     c398 m f004001c   00000023  c.sw     x14, 0x0(x15)
#1426 0 800001ca fe442783 r 0f         00000007  lw       x15, -0x1c(x8)
#1427 0 800001ce     0785 r 0f         00000008  c.addi   x15, 0x1
#1428 0 800001d0 fef42223 m f0040f74   00000008  sw       x15, -0x1c(x8)
#1429 0 800001d4 fe442703 r 0e         00000008  lw       x14, -0x1c(x8)
#1430 0 800001d8 fd442783 r 0f         00000007  lw       x15, -0x2c(x8)
#1431 0 800001dc fce7d5e3 r 00         00000000  bge      x15, x14, . - 0x36
#1432 0 800001e0     0001 r 00         00000000  c.nop
#1433 0 800001e2     0001 r 00         00000000  c.nop
#1434 0 800001e4     5432 r 08         f0040fc0  c.lwsp   x8, 0x2c
#1435 0 800001e6     6145 r 02         f0040f90  c.addi16sp 0x3
#1436 0 800001e8     8082 r 00         00000000  c.jr     x1
#1437 0 80000242     a011 r 00         00000000  c.j      . + 0x4
#1438 0 80000246     50b2 r 01         80000226  c.lwsp   x1, 0x2c
#1439 0 80000248     5422 r 08         f0040ff0  c.lwsp   x8, 0x28
#1440 0 8000024a     6145 r 02         f0040fc0  c.addi16sp 0x3
#1441 0 8000024c     8082 r 00         00000000  c.jr     x1
#1442 0 80000226 fec42783 r 0f         00000007  lw       x15, -0x14(x8)
#1443 0 8000022a     0785 r 0f         00000008  c.addi   x15, 0x1
#1444 0 8000022c fd842583 r 0b         00000008  lw       x11, -0x28(x8)
#1445 0 80000230     853e r 0a         00000008  c.mv     x10, x15
#1446 0 80000232     3f65 r 01         80000234  c.jal    . - 0x48
#1447 0 800001ea     7179 r 02         f0040f90  c.addi16sp -0x3
#1448 0 800001ec     d606 m f0040fbc   80000234  c.swsp   x1, 0x2c
#1449 0 800001ee     d422 m f0040fb8   f0040ff0  c.swsp   x8, 0x28
#1450 0 800001f0     1800 r 08         f0040fc0  c.addi4spn  x8, 0xc
#1451 0 800001f2 fca42e23 m f0040f9c   00000008  sw       x10, -0x24(x8)
#1452 0 800001f6 fcb42c23 m f0040f98   00000008  sw       x11, -0x28(x8)
#1453 0 800001fa fdc42703 r 0e         00000008  lw       x14, -0x24(x8)
#1454 0 800001fe fd842783 r 0f         00000008  lw       x15, -0x28(x8)
#1455 0 80000202 04f75163 r 00         00000000  bge      x14, x15, . + 0x42
#1456 0 80000244     0001 r 00         00000000  c.nop
#1457 0 80000246     50b2 r 01         80000234  c.lwsp   x1, 0x2c
#1458 0 80000248     5422 r 08         f0040ff0  c.lwsp   x8, 0x28
#1459 0 8000024a     6145 r 02         f0040fc0  c.addi16sp 0x3
#1460 0 8000024c     8082 r 00         00000000  c.jr     x1
#1461 0 80000234 fd842603 r 0c         00000008  lw       x12, -0x28(x8)
#1462 0 80000238 fec42583 r 0b         00000007  lw       x11, -0x14(x8)
#1463 0 8000023c fdc42503 r 0a         00000006  lw       x10, -0x24(x8)
#1464 0 80000240     3519 r 01         80000242  c.jal    . - 0x1fa
#1465 0 80000046     7179 r 02         f0040f90  c.addi16sp -0x3
#1466 0 80000048     d622 m f0040fbc   f0040ff0  c.swsp   x8, 0x2c
#1467 0 8000004a     1800 r 08         f0040fc0  c.addi4spn  x8, 0xc
#1468 0 8000004c fca42e23 m f0040f9c   00000006  sw       x10, -0x24(x8)
#1469 0 80000050 fcb42c23 m f0040f98   00000007  sw       x11, -0x28(x8)
#1470 0 80000054 fcc42a23 m f0040f94   00000008  sw       x12, -0x2c(x8)
#1471 0 80000058 fdc42783 r 0f         00000006  lw       x15, -0x24(x8)
#1472 0 8000005c fef42623 m f0040fac   00000006  sw       x15, -0x14(x8)
#1473 0 80000060 fd842783 r 0f         00000007  lw       x15, -0x28(x8)
#1474 0 80000064     0785 r 0f         00000008  c.addi   x15, 0x1
#1475 0 80000066 fef42423 m f0040fa8   00000008  sw       x15, -0x18(x8)
#1476 0 8000006a fdc42783 r 0f         00000006  lw       x15, -0x24(x8)
#1477 0 8000006e fef42223 m f0040fa4   00000006  sw       x15, -0x1c(x8)
#1478 0 80000072     a079 r 00         00000000  c.j      . + 0x8e
#1479 0 80000100 fec42703 r 0e         00000006  lw       x14, -0x14(x8)
#1480 0 80000104 fd842783 r 0f         00000007  lw       x15, -0x28(x8)
#1481 0 80000108 04e7c363 r 00         00000000  blt      x15, x14, . + 0x46
#1482 0 8000010c fe842703 r 0e         00000008  lw       x14, -0x18(x8)
#1483 0 80000110 fd442783 r 0f         00000008  lw       x15, -0x2c(x8)
#1484 0 80000114 f6e7d0e3 r 00         00000000  bge      x15, x14, . - 0xa0
#1485 0 80000074 f00407b7 r 0f         f0040000  lui      x15, -0xffc0
#1486 0 80000078 00078713 r 0e         f0040000  addi     x14, x15, 0x0
#1487 0 8000007c fec42783 r 0f         00000006  lw       x15, -0x14(x8)
#1488 0 80000080     078a r 0f         00000018  c.slli   x15, 2
#1489 0 80000082     97ba r 0f         f0040018  c.add    x15, x14
#1490 0 80000084     4398 r 0e         00000021  c.lw     x14, 0x0(x15)
#1491 0 80000086 f00407b7 r 0f         f0040000  lui      x15, -0xffc0
#1492 0 8000008a 00078693 r 0d         f0040000  addi     x13, x15, 0x0
#1493 0 8000008e fe842783 r 0f         00000008  lw       x15, -0x18(x8)
#1494 0 80000092     078a r 0f         00000020  c.slli   x15, 2
#1495 0 80000094     97b6 r 0f         f0040020  c.add    x15, x13
#1496 0 80000096     439c r 0f         0000002a  c.lw     x15, 0x0(x15)
#1497 0 80000098 02e7c963 r 00         00000000  blt      x15, x14, . + 0x32
#1498 0 8000009c fec42783 r 0f         00000006  lw       x15, -0x14(x8)
#1499 0 800000a0 00178713 r 0e         00000007  addi     x14, x15, 0x1
#1500 0 800000a4 fee42623 m f0040fac   00000007  sw       x14, -0x14(x8)
#1501 0 800000a8 f0040737 r 0e         f0040000  lui      x14, -0xffc0
#1502 0 800000ac 00070713 r 0e         f0040000  addi     x14, x14, 0x0
#1503 0 800000b0     078a r 0f         00000018  c.slli   x15, 2
#1504 0 800000b2     97ba r 0f         f0040018  c.add    x15, x14
#1505 0 800000b4     4398 r 0e         00000021  c.lw     x14, 0x0(x15)
#1506 0 800000b6 f00407b7 r 0f         f0040000  lui      x15, -0xffc0
#1507 0 800000ba 02c78693 r 0d         f004002c  addi     x13, x15, 0x2c
#1508 0 800000be fe442783 r 0f         00000006  lw       x15, -0x1c(x8)
#1509 0 800000c2     078a r 0f         00000018  c.slli   x15, 2
#1510 0 800000c4     97b6 r 0f         f0040044  c.add    x15, x13
#1511 0 800000c6     c398 m f0040044   00000021  c.sw     x14, 0x0(x15)
#1512 0 800000c8     a03d r 00         00000000  c.j      . + 0x2e
#1513 0 800000f6 fe442783 r 0f         00000006  lw       x15, -0x1c(x8)
#1514 0 800000fa     0785 r 0f         00000007  c.addi   x15, 0x1
#1515 0 800000fc fef42223 m f0040fa4   00000007  sw       x15, -0x1c(x8)
#1516 0 80000100 fec42703 r 0e         00000007  lw       x14, -0x14(x8)
#1517 0 80000104 fd842783 r 0f         00000007  lw       x15, -0x28(x8)
#1518 0 80000108 04e7c363 r 00         00000000  blt      x15, x14, . + 0x46
#1519 0 8000010c fe842703 r 0e         00000008  lw       x14, -0x18(x8)
#1520 0 80000110 fd442783 r 0f         00000008  lw       x15, -0x2c(x8)
#1521 0 80000114 f6e7d0e3 r 00         00000000  bge      x15, x14, . - 0xa0
#1522 0 80000074 f00407b7 r 0f         f0040000  lui      x15, -0xffc0
#1523 0 80000078 00078713 r 0e         f0040000  addi     x14, x15, 0x0
#1524 0 8000007c fec42783 r 0f         00000007  lw       x15, -0x14(x8)
#1525 0 80000080     078a r 0f         0000001c  c.slli   x15, 2
#1526 0 80000082     97ba r 0f         f004001c  c.add    x15, x14
#1527 0 80000084     4398 r 0e         00000023  c.lw     x14, 0x0(x15)
#1528 0 80000086 f00407b7 r 0f         f0040000  lui      x15, -0xffc0
#1529 0 8000008a 00078693 r 0d         f0040000  addi     x13, x15, 0x0
#1530 0 8000008e fe842783 r 0f         00000008  lw       x15, -0x18(x8)
#1531 0 80000092     078a r 0f         00000020  c.slli   x15, 2
#1532 0 80000094     97b6 r 0f         f0040020  c.add    x15, x13
#1533 0 80000096     439c r 0f         0000002a  c.lw     x15, 0x0(x15)
#1534 0 80000098 02e7c963 r 00         00000000  blt      x15, x14, . + 0x32
#1535 0 8000009c fec42783 r 0f         00000007  lw       x15, -0x14(x8)
#1536 0 800000a0 00178713 r 0e         00000008  addi     x14, x15, 0x1
#1537 0 800000a4 fee42623 m f0040fac   00000008  sw       x14, -0x14(x8)
#1538 0 800000a8 f0040737 r 0e         f0040000  lui      x14, -0xffc0
#1539 0 800000ac 00070713 r 0e         f0040000  addi     x14, x14, 0x0
#1540 0 800000b0     078a r 0f         0000001c  c.slli   x15, 2
#1541 0 800000b2     97ba r 0f         f004001c  c.add    x15, x14
#1542 0 800000b4     4398 r 0e         00000023  c.lw     x14, 0x0(x15)
#1543 0 800000b6 f00407b7 r 0f         f0040000  lui      x15, -0xffc0
#1544 0 800000ba 02c78693 r 0d         f004002c  addi     x13, x15, 0x2c
#1545 0 800000be fe442783 r 0f         00000007  lw       x15, -0x1c(x8)
#1546 0 800000c2     078a r 0f         0000001c  c.slli   x15, 2
#1547 0 800000c4     97b6 r 0f         f0040048  c.add    x15, x13
#1548 0 800000c6     c398 m f0040048   00000023  c.sw     x14, 0x0(x15)
#1549 0 800000c8     a03d r 00         00000000  c.j      . + 0x2e
#1550 0 800000f6 fe442783 r 0f         00000007  lw       x15, -0x1c(x8)
#1551 0 800000fa     0785 r 0f         00000008  c.addi   x15, 0x1
#1552 0 800000fc fef42223 m f0040fa4   00000008  sw       x15, -0x1c(x8)
#1553 0 80000100 fec42703 r 0e         00000008  lw       x14, -0x14(x8)
#1554 0 80000104 fd842783 r 0f         00000007  lw       x15, -0x28(x8)
#1555 0 80000108 04e7c363 r 00         00000000  blt      x15, x14, . + 0x46
#1556 0 8000014e fec42703 r 0e         00000008  lw       x14, -0x14(x8)
#1557 0 80000152 fd842783 r 0f         00000007  lw       x15, -0x28(x8)
#1558 0 80000156 fce7d2e3 r 00         00000000  bge      x15, x14, . - 0x3c
#1559 0 8000015a     a81d r 00         00000000  c.j      . + 0x36
#1560 0 80000190 fe842703 r 0e         00000008  lw       x14, -0x18(x8)
#1561 0 80000194 fd442783 r 0f         00000008  lw       x15, -0x2c(x8)
#1562 0 80000198 fce7d2e3 r 00         00000000  bge      x15, x14, . - 0x3c
#1563 0 8000015c fe842703 r 0e         00000008  lw       x14, -0x18(x8)
#1564 0 80000160 00170793 r 0f         00000009  addi     x15, x14, 0x1
#1565 0 80000164 fef42423 m f0040fa8   00000009  sw       x15, -0x18(x8)
#1566 0 80000168 fe442783 r 0f         00000008  lw       x15, -0x1c(x8)
#1567 0 8000016c 00178693 r 0d         00000009  addi     x13, x15, 0x1
#1568 0 80000170 fed42223 m f0040fa4   00000009  sw       x13, -0x1c(x8)
#1569 0 80000174 f00406b7 r 0d         f0040000  lui      x13, -0xffc0
#1570 0 80000178 00068693 r 0d         f0040000  addi     x13, x13, 0x0
#1571 0 8000017c     070a r 0e         00000020  c.slli   x14, 2
#1572 0 8000017e     9736 r 0e         f0040020  c.add    x14, x13
#1573 0 80000180     4318 r 0e         0000002a  c.lw     x14, 0x0(x14)
#1574 0 80000182 f00406b7 r 0d         f0040000  lui      x13, -0xffc0
#1575 0 80000186 02c68693 r 0d         f004002c  addi     x13, x13, 0x2c
#1576 0 8000018a     078a r 0f         00000020  c.slli   x15, 2
#1577 0 8000018c     97b6 r 0f         f004004c  c.add    x15, x13
#1578 0 8000018e     c398 m f004004c   0000002a  c.sw     x14, 0x0(x15)
#1579 0 80000190 fe842703 r 0e         00000009  lw       x14, -0x18(x8)
#1580 0 80000194 fd442783 r 0f         00000008  lw       x15, -0x2c(x8)
#1581 0 80000198 fce7d2e3 r 00         00000000  bge      x15, x14, . - 0x3c
#1582 0 8000019c fdc42783 r 0f         00000006  lw       x15, -0x24(x8)
#1583 0 800001a0 fef42223 m f0040fa4   00000006  sw       x15, -0x1c(x8)
#1584 0 800001a4     a805 r 00         00000000  c.j      . + 0x30
#1585 0 800001d4 fe442703 r 0e         00000006  lw       x14, -0x1c(x8)
#1586 0 800001d8 fd442783 r 0f         00000008  lw       x15, -0x2c(x8)
#1587 0 800001dc fce7d5e3 r 00         00000000  bge      x15, x14, . - 0x36
#1588 0 800001a6 f00407b7 r 0f         f0040000  lui      x15, -0xffc0
#1589 0 800001aa 02c78713 r 0e         f004002c  addi     x14, x15, 0x2c
#1590 0 800001ae fe442783 r 0f         00000006  lw       x15, -0x1c(x8)
#1591 0 800001b2     078a r 0f         00000018  c.slli   x15, 2
#1592 0 800001b4     97ba r 0f         f0040044  c.add    x15, x14
#1593 0 800001b6     4398 r 0e         00000021  c.lw     x14, 0x0(x15)
#1594 0 800001b8 f00407b7 r 0f         f0040000  lui      x15, -0xffc0
#1595 0 800001bc 00078693 r 0d         f0040000  addi     x13, x15, 0x0
#1596 0 800001c0 fe442783 r 0f         00000006  lw       x15, -0x1c(x8)
#1597 0 800001c4     078a r 0f         00000018  c.slli   x15, 2
#1598 0 800001c6     97b6 r 0f         f0040018  c.add    x15, x13
#1599 0 800001c8     c398 m f0040018   00000021  c.sw     x14, 0x0(x15)
#1600 0 800001ca fe442783 r 0f         00000006  lw       x15, -0x1c(x8)
#1601 0 800001ce     0785 r 0f         00000007  c.addi   x15, 0x1
#1602 0 800001d0 fef42223 m f0040fa4   00000007  sw       x15, -0x1c(x8)
#1603 0 800001d4 fe442703 r 0e         00000007  lw       x14, -0x1c(x8)
#1604 0 800001d8 fd442783 r 0f         00000008  lw       x15, -0x2c(x8)
#1605 0 800001dc fce7d5e3 r 00         00000000  bge      x15, x14, . - 0x36
#1606 0 800001a6 f00407b7 r 0f         f0040000  lui      x15, -0xffc0
#1607 0 800001aa 02c78713 r 0e         f004002c  addi     x14, x15, 0x2c
#1608 0 800001ae fe442783 r 0f         00000007  lw       x15, -0x1c(x8)
#1609 0 800001b2     078a r 0f         0000001c  c.slli   x15, 2
#1610 0 800001b4     97ba r 0f         f0040048  c.add    x15, x14
#1611 0 800001b6     4398 r 0e         00000023  c.lw     x14, 0x0(x15)
#1612 0 800001b8 f00407b7 r 0f         f0040000  lui      x15, -0xffc0
#1613 0 800001bc 00078693 r 0d         f0040000  addi     x13, x15, 0x0
#1614 0 800001c0 fe442783 r 0f         00000007  lw       x15, -0x1c(x8)
#1615 0 800001c4     078a r 0f         0000001c  c.slli   x15, 2
#1616 0 800001c6     97b6 r 0f         f004001c  c.add    x15, x13
#1617 0 800001c8     c398 m f004001c   00000023  c.sw     x14, 0x0(x15)
#1618 0 800001ca fe442783 r 0f         00000007  lw       x15, -0x1c(x8)
#1619 0 800001ce     0785 r 0f         00000008  c.addi   x15, 0x1
#1620 0 800001d0 fef42223 m f0040fa4   00000008  sw       x15, -0x1c(x8)
#1621 0 800001d4 fe442703 r 0e         00000008  lw       x14, -0x1c(x8)
#1622 0 800001d8 fd442783 r 0f         00000008  lw       x15, -0x2c(x8)
#1623 0 800001dc fce7d5e3 r 00         00000000  bge      x15, x14, . - 0x36
#1624 0 800001a6 f00407b7 r 0f         f0040000  lui      x15, -0xffc0
#1625 0 800001aa 02c78713 r 0e         f004002c  addi     x14, x15, 0x2c
#1626 0 800001ae fe442783 r 0f         00000008  lw       x15, -0x1c(x8)
#1627 0 800001b2     078a r 0f         00000020  c.slli   x15, 2
#1628 0 800001b4     97ba r 0f         f004004c  c.add    x15, x14
#1629 0 800001b6     4398 r 0e         0000002a  c.lw     x14, 0x0(x15)
#1630 0 800001b8 f00407b7 r 0f         f0040000  lui      x15, -0xffc0
#1631 0 800001bc 00078693 r 0d         f0040000  addi     x13, x15, 0x0
#1632 0 800001c0 fe442783 r 0f         00000008  lw       x15, -0x1c(x8)
#1633 0 800001c4     078a r 0f         00000020  c.slli   x15, 2
#1634 0 800001c6     97b6 r 0f         f0040020  c.add    x15, x13
#1635 0 800001c8     c398 m f0040020   0000002a  c.sw     x14, 0x0(x15)
#1636 0 800001ca fe442783 r 0f         00000008  lw       x15, -0x1c(x8)
#1637 0 800001ce     0785 r 0f         00000009  c.addi   x15, 0x1
#1638 0 800001d0 fef42223 m f0040fa4   00000009  sw       x15, -0x1c(x8)
#1639 0 800001d4 fe442703 r 0e         00000009  lw       x14, -0x1c(x8)
#1640 0 800001d8 fd442783 r 0f         00000008  lw       x15, -0x2c(x8)
#1641 0 800001dc fce7d5e3 r 00         00000000  bge      x15, x14, . - 0x36
#1642 0 800001e0     0001 r 00         00000000  c.nop
#1643 0 800001e2     0001 r 00         00000000  c.nop
#1644 0 800001e4     5432 r 08         f0040ff0  c.lwsp   x8, 0x2c
#1645 0 800001e6     6145 r 02         f0040fc0  c.addi16sp 0x3
#1646 0 800001e8     8082 r 00         00000000  c.jr     x1
#1647 0 80000242     a011 r 00         00000000  c.j      . + 0x4
#1648 0 80000246     50b2 r 01         80000226  c.lwsp   x1, 0x2c
#1649 0 80000248     5422 r 08         f0041020  c.lwsp   x8, 0x28
#1650 0 8000024a     6145 r 02         f0040ff0  c.addi16sp 0x3
#1651 0 8000024c     8082 r 00         00000000  c.jr     x1
#1652 0 80000226 fec42783 r 0f         00000008  lw       x15, -0x14(x8)
#1653 0 8000022a     0785 r 0f         00000009  c.addi   x15, 0x1
#1654 0 8000022c fd842583 r 0b         0000000a  lw       x11, -0x28(x8)
#1655 0 80000230     853e r 0a         00000009  c.mv     x10, x15
#1656 0 80000232     3f65 r 01         80000234  c.jal    . - 0x48
#1657 0 800001ea     7179 r 02         f0040fc0  c.addi16sp -0x3
#1658 0 800001ec     d606 m f0040fec   80000234  c.swsp   x1, 0x2c
#1659 0 800001ee     d422 m f0040fe8   f0041020  c.swsp   x8, 0x28
#1660 0 800001f0     1800 r 08         f0040ff0  c.addi4spn  x8, 0xc
#1661 0 800001f2 fca42e23 m f0040fcc   00000009  sw       x10, -0x24(x8)
#1662 0 800001f6 fcb42c23 m f0040fc8   0000000a  sw       x11, -0x28(x8)
#1663 0 800001fa fdc42703 r 0e         00000009  lw       x14, -0x24(x8)
#1664 0 800001fe fd842783 r 0f         0000000a  lw       x15, -0x28(x8)
#1665 0 80000202 04f75163 r 00         00000000  bge      x14, x15, . + 0x42
#1666 0 80000206 fdc42703 r 0e         00000009  lw       x14, -0x24(x8)
#1667 0 8000020a fd842783 r 0f         0000000a  lw       x15, -0x28(x8)
#1668 0 8000020e     97ba r 0f         00000013  c.add    x15, x14
#1669 0 80000210 01f7d713 r 0e         00000000  srli     x14, x15, 0x1f
#1670 0 80000214     97ba r 0f         00000013  c.add    x15, x14
#1671 0 80000216     8785 r 0f         00000009  c.srai   x15, 0x1
#1672 0 80000218 fef42623 m f0040fdc   00000009  sw       x15, -0x14(x8)
#1673 0 8000021c fec42583 r 0b         00000009  lw       x11, -0x14(x8)
#1674 0 80000220 fdc42503 r 0a         00000009  lw       x10, -0x24(x8)
#1675 0 80000224     37d9 r 01         80000226  c.jal    . - 0x3a
#1676 0 800001ea     7179 r 02         f0040f90  c.addi16sp -0x3
#1677 0 800001ec     d606 m f0040fbc   80000226  c.swsp   x1, 0x2c
#1678 0 800001ee     d422 m f0040fb8   f0040ff0  c.swsp   x8, 0x28
#1679 0 800001f0     1800 r 08         f0040fc0  c.addi4spn  x8, 0xc
#1680 0 800001f2 fca42e23 m f0040f9c   00000009  sw       x10, -0x24(x8)
#1681 0 800001f6 fcb42c23 m f0040f98   00000009  sw       x11, -0x28(x8)
#1682 0 800001fa fdc42703 r 0e         00000009  lw       x14, -0x24(x8)
#1683 0 800001fe fd842783 r 0f         00000009  lw       x15, -0x28(x8)
#1684 0 80000202 04f75163 r 00         00000000  bge      x14, x15, . + 0x42
#1685 0 80000244     0001 r 00         00000000  c.nop
#1686 0 80000246     50b2 r 01         80000226  c.lwsp   x1, 0x2c
#1687 0 80000248     5422 r 08         f0040ff0  c.lwsp   x8, 0x28
#1688 0 8000024a     6145 r 02         f0040fc0  c.addi16sp 0x3
#1689 0 8000024c     8082 r 00         00000000  c.jr     x1
#1690 0 80000226 fec42783 r 0f         00000009  lw       x15, -0x14(x8)
#1691 0 8000022a     0785 r 0f         0000000a  c.addi   x15, 0x1
#1692 0 8000022c fd842583 r 0b         0000000a  lw       x11, -0x28(x8)
#1693 0 80000230     853e r 0a         0000000a  c.mv     x10, x15
#1694 0 80000232     3f65 r 01         80000234  c.jal    . - 0x48
#1695 0 800001ea     7179 r 02         f0040f90  c.addi16sp -0x3
#1696 0 800001ec     d606 m f0040fbc   80000234  c.swsp   x1, 0x2c
#1697 0 800001ee     d422 m f0040fb8   f0040ff0  c.swsp   x8, 0x28
#1698 0 800001f0     1800 r 08         f0040fc0  c.addi4spn  x8, 0xc
#1699 0 800001f2 fca42e23 m f0040f9c   0000000a  sw       x10, -0x24(x8)
#1700 0 800001f6 fcb42c23 m f0040f98   0000000a  sw       x11, -0x28(x8)
#1701 0 800001fa fdc42703 r 0e         0000000a  lw       x14, -0x24(x8)
#1702 0 800001fe fd842783 r 0f         0000000a  lw       x15, -0x28(x8)
#1703 0 80000202 04f75163 r 00         00000000  bge      x14, x15, . + 0x42
#1704 0 80000244     0001 r 00         00000000  c.nop
#1705 0 80000246     50b2 r 01         80000234  c.lwsp   x1, 0x2c
#1706 0 80000248     5422 r 08         f0040ff0  c.lwsp   x8, 0x28
#1707 0 8000024a     6145 r 02         f0040fc0  c.addi16sp 0x3
#1708 0 8000024c     8082 r 00         00000000  c.jr     x1
#1709 0 80000234 fd842603 r 0c         0000000a  lw       x12, -0x28(x8)
#1710 0 80000238 fec42583 r 0b         00000009  lw       x11, -0x14(x8)
#1711 0 8000023c fdc42503 r 0a         00000009  lw       x10, -0x24(x8)
#1712 0 80000240     3519 r 01         80000242  c.jal    . - 0x1fa
#1713 0 80000046     7179 r 02         f0040f90  c.addi16sp -0x3
#1714 0 80000048     d622 m f0040fbc   f0040ff0  c.swsp   x8, 0x2c
#1715 0 8000004a     1800 r 08         f0040fc0  c.addi4spn  x8, 0xc
#1716 0 8000004c fca42e23 m f0040f9c   00000009  sw       x10, -0x24(x8)
#1717 0 80000050 fcb42c23 m f0040f98   00000009  sw       x11, -0x28(x8)
#1718 0 80000054 fcc42a23 m f0040f94   0000000a  sw       x12, -0x2c(x8)
#1719 0 80000058 fdc42783 r 0f         00000009  lw       x15, -0x24(x8)
#1720 0 8000005c fef42623 m f0040fac   00000009  sw       x15, -0x14(x8)
#1721 0 80000060 fd842783 r 0f         00000009  lw       x15, -0x28(x8)
#1722 0 80000064     0785 r 0f         0000000a  c.addi   x15, 0x1
#1723 0 80000066 fef42423 m f0040fa8   0000000a  sw       x15, -0x18(x8)
#1724 0 8000006a fdc42783 r 0f         00000009  lw       x15, -0x24(x8)
#1725 0 8000006e fef42223 m f0040fa4   00000009  sw       x15, -0x1c(x8)
#1726 0 80000072     a079 r 00         00000000  c.j      . + 0x8e
#1727 0 80000100 fec42703 r 0e         00000009  lw       x14, -0x14(x8)
#1728 0 80000104 fd842783 r 0f         00000009  lw       x15, -0x28(x8)
#1729 0 80000108 04e7c363 r 00         00000000  blt      x15, x14, . + 0x46
#1730 0 8000010c fe842703 r 0e         0000000a  lw       x14, -0x18(x8)
#1731 0 80000110 fd442783 r 0f         0000000a  lw       x15, -0x2c(x8)
#1732 0 80000114 f6e7d0e3 r 00         00000000  bge      x15, x14, . - 0xa0
#1733 0 80000074 f00407b7 r 0f         f0040000  lui      x15, -0xffc0
#1734 0 80000078 00078713 r 0e         f0040000  addi     x14, x15, 0x0
#1735 0 8000007c fec42783 r 0f         00000009  lw       x15, -0x14(x8)
#1736 0 80000080     078a r 0f         00000024  c.slli   x15, 2
#1737 0 80000082     97ba r 0f         f0040024  c.add    x15, x14
#1738 0 80000084     4398 r 0e         0000002c  c.lw     x14, 0x0(x15)
#1739 0 80000086 f00407b7 r 0f         f0040000  lui      x15, -0xffc0
#1740 0 8000008a 00078693 r 0d         f0040000  addi     x13, x15, 0x0
#1741 0 8000008e fe842783 r 0f         0000000a  lw       x15, -0x18(x8)
#1742 0 80000092     078a r 0f         00000028  c.slli   x15, 2
#1743 0 80000094     97b6 r 0f         f0040028  c.add    x15, x13
#1744 0 80000096     439c r 0f         00000000  c.lw     x15, 0x0(x15)
#1745 0 80000098 02e7c963 r 00         00000000  blt      x15, x14, . + 0x32
#1746 0 800000ca fe842783 r 0f         0000000a  lw       x15, -0x18(x8)
#1747 0 800000ce 00178713 r 0e         0000000b  addi     x14, x15, 0x1
#1748 0 800000d2 fee42423 m f0040fa8   0000000b  sw       x14, -0x18(x8)
#1749 0 800000d6 f0040737 r 0e         f0040000  lui      x14, -0xffc0
#1750 0 800000da 00070713 r 0e         f0040000  addi     x14, x14, 0x0
#1751 0 800000de     078a r 0f         00000028  c.slli   x15, 2
#1752 0 800000e0     97ba r 0f         f0040028  c.add    x15, x14
#1753 0 800000e2     4398 r 0e         00000000  c.lw     x14, 0x0(x15)
#1754 0 800000e4 f00407b7 r 0f         f0040000  lui      x15, -0xffc0
#1755 0 800000e8 02c78693 r 0d         f004002c  addi     x13, x15, 0x2c
#1756 0 800000ec fe442783 r 0f         00000009  lw       x15, -0x1c(x8)
#1757 0 800000f0     078a r 0f         00000024  c.slli   x15, 2
#1758 0 800000f2     97b6 r 0f         f0040050  c.add    x15, x13
#1759 0 800000f4     c398 m f0040050   00000000  c.sw     x14, 0x0(x15)
#1760 0 800000f6 fe442783 r 0f         00000009  lw       x15, -0x1c(x8)
#1761 0 800000fa     0785 r 0f         0000000a  c.addi   x15, 0x1
#1762 0 800000fc fef42223 m f0040fa4   0000000a  sw       x15, -0x1c(x8)
#1763 0 80000100 fec42703 r 0e         00000009  lw       x14, -0x14(x8)
#1764 0 80000104 fd842783 r 0f         00000009  lw       x15, -0x28(x8)
#1765 0 80000108 04e7c363 r 00         00000000  blt      x15, x14, . + 0x46
#1766 0 8000010c fe842703 r 0e         0000000b  lw       x14, -0x18(x8)
#1767 0 80000110 fd442783 r 0f         0000000a  lw       x15, -0x2c(x8)
#1768 0 80000114 f6e7d0e3 r 00         00000000  bge      x15, x14, . - 0xa0
#1769 0 80000118     a81d r 00         00000000  c.j      . + 0x36
#1770 0 8000014e fec42703 r 0e         00000009  lw       x14, -0x14(x8)
#1771 0 80000152 fd842783 r 0f         00000009  lw       x15, -0x28(x8)
#1772 0 80000156 fce7d2e3 r 00         00000000  bge      x15, x14, . - 0x3c
#1773 0 8000011a fec42703 r 0e         00000009  lw       x14, -0x14(x8)
#1774 0 8000011e 00170793 r 0f         0000000a  addi     x15, x14, 0x1
#1775 0 80000122 fef42623 m f0040fac   0000000a  sw       x15, -0x14(x8)
#1776 0 80000126 fe442783 r 0f         0000000a  lw       x15, -0x1c(x8)
#1777 0 8000012a 00178693 r 0d         0000000b  addi     x13, x15, 0x1
#1778 0 8000012e fed42223 m f0040fa4   0000000b  sw       x13, -0x1c(x8)
#1779 0 80000132 f00406b7 r 0d         f0040000  lui      x13, -0xffc0
#1780 0 80000136 00068693 r 0d         f0040000  addi     x13, x13, 0x0
#1781 0 8000013a     070a r 0e         00000024  c.slli   x14, 2
#1782 0 8000013c     9736 r 0e         f0040024  c.add    x14, x13
#1783 0 8000013e     4318 r 0e         0000002c  c.lw     x14, 0x0(x14)
#1784 0 80000140 f00406b7 r 0d         f0040000  lui      x13, -0xffc0
#1785 0 80000144 02c68693 r 0d         f004002c  addi     x13, x13, 0x2c
#1786 0 80000148     078a r 0f         00000028  c.slli   x15, 2
#1787 0 8000014a     97b6 r 0f         f0040054  c.add    x15, x13
#1788 0 8000014c     c398 m f0040054   0000002c  c.sw     x14, 0x0(x15)
#1789 0 8000014e fec42703 r 0e         0000000a  lw       x14, -0x14(x8)
#1790 0 80000152 fd842783 r 0f         00000009  lw       x15, -0x28(x8)
#1791 0 80000156 fce7d2e3 r 00         00000000  bge      x15, x14, . - 0x3c
#1792 0 8000015a     a81d r 00         00000000  c.j      . + 0x36
#1793 0 80000190 fe842703 r 0e         0000000b  lw       x14, -0x18(x8)
#1794 0 80000194 fd442783 r 0f         0000000a  lw       x15, -0x2c(x8)
#1795 0 80000198 fce7d2e3 r 00         00000000  bge      x15, x14, . - 0x3c
#1796 0 8000019c fdc42783 r 0f         00000009  lw       x15, -0x24(x8)
#1797 0 800001a0 fef42223 m f0040fa4   00000009  sw       x15, -0x1c(x8)
#1798 0 800001a4     a805 r 00         00000000  c.j      . + 0x30
#1799 0 800001d4 fe442703 r 0e         00000009  lw       x14, -0x1c(x8)
#1800 0 800001d8 fd442783 r 0f         0000000a  lw       x15, -0x2c(x8)
#1801 0 800001dc fce7d5e3 r 00         00000000  bge      x15, x14, . - 0x36
#1802 0 800001a6 f00407b7 r 0f         f0040000  lui      x15, -0xffc0
#1803 0 800001aa 02c78713 r 0e         f004002c  addi     x14, x15, 0x2c
#1804 0 800001ae fe442783 r 0f         00000009  lw       x15, -0x1c(x8)
#1805 0 800001b2     078a r 0f         00000024  c.slli   x15, 2
#1806 0 800001b4     97ba r 0f         f0040050  c.add    x15, x14
#1807 0 800001b6     4398 r 0e         00000000  c.lw     x14, 0x0(x15)
#1808 0 800001b8 f00407b7 r 0f         f0040000  lui      x15, -0xffc0
#1809 0 800001bc 00078693 r 0d         f0040000  addi     x13, x15, 0x0
#1810 0 800001c0 fe442783 r 0f         00000009  lw       x15, -0x1c(x8)
#1811 0 800001c4     078a r 0f         00000024  c.slli   x15, 2
#1812 0 800001c6     97b6 r 0f         f0040024  c.add    x15, x13
#1813 0 800001c8     c398 m f0040024   00000000  c.sw     x14, 0x0(x15)
#1814 0 800001ca fe442783 r 0f         00000009  lw       x15, -0x1c(x8)
#1815 0 800001ce     0785 r 0f         0000000a  c.addi   x15, 0x1
#1816 0 800001d0 fef42223 m f0040fa4   0000000a  sw       x15, -0x1c(x8)
#1817 0 800001d4 fe442703 r 0e         0000000a  lw       x14, -0x1c(x8)
#1818 0 800001d8 fd442783 r 0f         0000000a  lw       x15, -0x2c(x8)
#1819 0 800001dc fce7d5e3 r 00         00000000  bge      x15, x14, . - 0x36
#1820 0 800001a6 f00407b7 r 0f         f0040000  lui      x15, -0xffc0
#1821 0 800001aa 02c78713 r 0e         f004002c  addi     x14, x15, 0x2c
#1822 0 800001ae fe442783 r 0f         0000000a  lw       x15, -0x1c(x8)
#1823 0 800001b2     078a r 0f         00000028  c.slli   x15, 2
#1824 0 800001b4     97ba r 0f         f0040054  c.add    x15, x14
#1825 0 800001b6     4398 r 0e         0000002c  c.lw     x14, 0x0(x15)
#1826 0 800001b8 f00407b7 r 0f         f0040000  lui      x15, -0xffc0
#1827 0 800001bc 00078693 r 0d         f0040000  addi     x13, x15, 0x0
#1828 0 800001c0 fe442783 r 0f         0000000a  lw       x15, -0x1c(x8)
#1829 0 800001c4     078a r 0f         00000028  c.slli   x15, 2
#1830 0 800001c6     97b6 r 0f         f0040028  c.add    x15, x13
#1831 0 800001c8     c398 m f0040028   0000002c  c.sw     x14, 0x0(x15)
#1832 0 800001ca fe442783 r 0f         0000000a  lw       x15, -0x1c(x8)
#1833 0 800001ce     0785 r 0f         0000000b  c.addi   x15, 0x1
#1834 0 800001d0 fef42223 m f0040fa4   0000000b  sw       x15, -0x1c(x8)
#1835 0 800001d4 fe442703 r 0e         0000000b  lw       x14, -0x1c(x8)
#1836 0 800001d8 fd442783 r 0f         0000000a  lw       x15, -0x2c(x8)
#1837 0 800001dc fce7d5e3 r 00         00000000  bge      x15, x14, . - 0x36
#1838 0 800001e0     0001 r 00         00000000  c.nop
#1839 0 800001e2     0001 r 00         00000000  c.nop
#1840 0 800001e4     5432 r 08         f0040ff0  c.lwsp   x8, 0x2c
#1841 0 800001e6     6145 r 02         f0040fc0  c.addi16sp 0x3
#1842 0 800001e8     8082 r 00         00000000  c.jr     x1
#1843 0 80000242     a011 r 00         00000000  c.j      . + 0x4
#1844 0 80000246     50b2 r 01         80000234  c.lwsp   x1, 0x2c
#1845 0 80000248     5422 r 08         f0041020  c.lwsp   x8, 0x28
#1846 0 8000024a     6145 r 02         f0040ff0  c.addi16sp 0x3
#1847 0 8000024c     8082 r 00         00000000  c.jr     x1
#1848 0 80000234 fd842603 r 0c         0000000a  lw       x12, -0x28(x8)
#1849 0 80000238 fec42583 r 0b         00000008  lw       x11, -0x14(x8)
#1850 0 8000023c fdc42503 r 0a         00000006  lw       x10, -0x24(x8)
#1851 0 80000240     3519 r 01         80000242  c.jal    . - 0x1fa
#1852 0 80000046     7179 r 02         f0040fc0  c.addi16sp -0x3
#1853 0 80000048     d622 m f0040fec   f0041020  c.swsp   x8, 0x2c
#1854 0 8000004a     1800 r 08         f0040ff0  c.addi4spn  x8, 0xc
#1855 0 8000004c fca42e23 m f0040fcc   00000006  sw       x10, -0x24(x8)
#1856 0 80000050 fcb42c23 m f0040fc8   00000008  sw       x11, -0x28(x8)
#1857 0 80000054 fcc42a23 m f0040fc4   0000000a  sw       x12, -0x2c(x8)
#1858 0 80000058 fdc42783 r 0f         00000006  lw       x15, -0x24(x8)
#1859 0 8000005c fef42623 m f0040fdc   00000006  sw       x15, -0x14(x8)
#1860 0 80000060 fd842783 r 0f         00000008  lw       x15, -0x28(x8)
#1861 0 80000064     0785 r 0f         00000009  c.addi   x15, 0x1
#1862 0 80000066 fef42423 m f0040fd8   00000009  sw       x15, -0x18(x8)
#1863 0 8000006a fdc42783 r 0f         00000006  lw       x15, -0x24(x8)
#1864 0 8000006e fef42223 m f0040fd4   00000006  sw       x15, -0x1c(x8)
#1865 0 80000072     a079 r 00         00000000  c.j      . + 0x8e
#1866 0 80000100 fec42703 r 0e         00000006  lw       x14, -0x14(x8)
#1867 0 80000104 fd842783 r 0f         00000008  lw       x15, -0x28(x8)
#1868 0 80000108 04e7c363 r 00         00000000  blt      x15, x14, . + 0x46
#1869 0 8000010c fe842703 r 0e         00000009  lw       x14, -0x18(x8)
#1870 0 80000110 fd442783 r 0f         0000000a  lw       x15, -0x2c(x8)
#1871 0 80000114 f6e7d0e3 r 00         00000000  bge      x15, x14, . - 0xa0
#1872 0 80000074 f00407b7 r 0f         f0040000  lui      x15, -0xffc0
#1873 0 80000078 00078713 r 0e         f0040000  addi     x14, x15, 0x0
#1874 0 8000007c fec42783 r 0f         00000006  lw       x15, -0x14(x8)
#1875 0 80000080     078a r 0f         00000018  c.slli   x15, 2
#1876 0 80000082     97ba r 0f         f0040018  c.add    x15, x14
#1877 0 80000084     4398 r 0e         00000021  c.lw     x14, 0x0(x15)
#1878 0 80000086 f00407b7 r 0f         f0040000  lui      x15, -0xffc0
#1879 0 8000008a 00078693 r 0d         f0040000  addi     x13, x15, 0x0
#1880 0 8000008e fe842783 r 0f         00000009  lw       x15, -0x18(x8)
#1881 0 80000092     078a r 0f         00000024  c.slli   x15, 2
#1882 0 80000094     97b6 r 0f         f0040024  c.add    x15, x13
#1883 0 80000096     439c r 0f         00000000  c.lw     x15, 0x0(x15)
#1884 0 80000098 02e7c963 r 00         00000000  blt      x15, x14, . + 0x32
#1885 0 800000ca fe842783 r 0f         00000009  lw       x15, -0x18(x8)
#1886 0 800000ce 00178713 r 0e         0000000a  addi     x14, x15, 0x1
#1887 0 800000d2 fee42423 m f0040fd8   0000000a  sw       x14, -0x18(x8)
#1888 0 800000d6 f0040737 r 0e         f0040000  lui      x14, -0xffc0
#1889 0 800000da 00070713 r 0e         f0040000  addi     x14, x14, 0x0
#1890 0 800000de     078a r 0f         00000024  c.slli   x15, 2
#1891 0 800000e0     97ba r 0f         f0040024  c.add    x15, x14
#1892 0 800000e2     4398 r 0e         00000000  c.lw     x14, 0x0(x15)
#1893 0 800000e4 f00407b7 r 0f         f0040000  lui      x15, -0xffc0
#1894 0 800000e8 02c78693 r 0d         f004002c  addi     x13, x15, 0x2c
#1895 0 800000ec fe442783 r 0f         00000006  lw       x15, -0x1c(x8)
#1896 0 800000f0     078a r 0f         00000018  c.slli   x15, 2
#1897 0 800000f2     97b6 r 0f         f0040044  c.add    x15, x13
#1898 0 800000f4     c398 m f0040044   00000000  c.sw     x14, 0x0(x15)
#1899 0 800000f6 fe442783 r 0f         00000006  lw       x15, -0x1c(x8)
#1900 0 800000fa     0785 r 0f         00000007  c.addi   x15, 0x1
#1901 0 800000fc fef42223 m f0040fd4   00000007  sw       x15, -0x1c(x8)
#1902 0 80000100 fec42703 r 0e         00000006  lw       x14, -0x14(x8)
#1903 0 80000104 fd842783 r 0f         00000008  lw       x15, -0x28(x8)
#1904 0 80000108 04e7c363 r 00         00000000  blt      x15, x14, . + 0x46
#1905 0 8000010c fe842703 r 0e         0000000a  lw       x14, -0x18(x8)
#1906 0 80000110 fd442783 r 0f         0000000a  lw       x15, -0x2c(x8)
#1907 0 80000114 f6e7d0e3 r 00         00000000  bge      x15, x14, . - 0xa0
#1908 0 80000074 f00407b7 r 0f         f0040000  lui      x15, -0xffc0
#1909 0 80000078 00078713 r 0e         f0040000  addi     x14, x15, 0x0
#1910 0 8000007c fec42783 r 0f         00000006  lw       x15, -0x14(x8)
#1911 0 80000080     078a r 0f         00000018  c.slli   x15, 2
#1912 0 80000082     97ba r 0f         f0040018  c.add    x15, x14
#1913 0 80000084     4398 r 0e         00000021  c.lw     x14, 0x0(x15)
#1914 0 80000086 f00407b7 r 0f         f0040000  lui      x15, -0xffc0
#1915 0 8000008a 00078693 r 0d         f0040000  addi     x13, x15, 0x0
#1916 0 8000008e fe842783 r 0f         0000000a  lw       x15, -0x18(x8)
#1917 0 80000092     078a r 0f         00000028  c.slli   x15, 2
#1918 0 80000094     97b6 r 0f         f0040028  c.add    x15, x13
#1919 0 80000096     439c r 0f         0000002c  c.lw     x15, 0x0(x15)
#1920 0 80000098 02e7c963 r 00         00000000  blt      x15, x14, . + 0x32
#1921 0 8000009c fec42783 r 0f         00000006  lw       x15, -0x14(x8)
#1922 0 800000a0 00178713 r 0e         00000007  addi     x14, x15, 0x1
#1923 0 800000a4 fee42623 m f0040fdc   00000007  sw       x14, -0x14(x8)
#1924 0 800000a8 f0040737 r 0e         f0040000  lui      x14, -0xffc0
#1925 0 800000ac 00070713 r 0e         f0040000  addi     x14, x14, 0x0
#1926 0 800000b0     078a r 0f         00000018  c.slli   x15, 2
#1927 0 800000b2     97ba r 0f         f0040018  c.add    x15, x14
#1928 0 800000b4     4398 r 0e         00000021  c.lw     x14, 0x0(x15)
#1929 0 800000b6 f00407b7 r 0f         f0040000  lui      x15, -0xffc0
#1930 0 800000ba 02c78693 r 0d         f004002c  addi     x13, x15, 0x2c
#1931 0 800000be fe442783 r 0f         00000007  lw       x15, -0x1c(x8)
#1932 0 800000c2     078a r 0f         0000001c  c.slli   x15, 2
#1933 0 800000c4     97b6 r 0f         f0040048  c.add    x15, x13
#1934 0 800000c6     c398 m f0040048   00000021  c.sw     x14, 0x0(x15)
#1935 0 800000c8     a03d r 00         00000000  c.j      . + 0x2e
#1936 0 800000f6 fe442783 r 0f         00000007  lw       x15, -0x1c(x8)
#1937 0 800000fa     0785 r 0f         00000008  c.addi   x15, 0x1
#1938 0 800000fc fef42223 m f0040fd4   00000008  sw       x15, -0x1c(x8)
#1939 0 80000100 fec42703 r 0e         00000007  lw       x14, -0x14(x8)
#1940 0 80000104 fd842783 r 0f         00000008  lw       x15, -0x28(x8)
#1941 0 80000108 04e7c363 r 00         00000000  blt      x15, x14, . + 0x46
#1942 0 8000010c fe842703 r 0e         0000000a  lw       x14, -0x18(x8)
#1943 0 80000110 fd442783 r 0f         0000000a  lw       x15, -0x2c(x8)
#1944 0 80000114 f6e7d0e3 r 00         00000000  bge      x15, x14, . - 0xa0
#1945 0 80000074 f00407b7 r 0f         f0040000  lui      x15, -0xffc0
#1946 0 80000078 00078713 r 0e         f0040000  addi     x14, x15, 0x0
#1947 0 8000007c fec42783 r 0f         00000007  lw       x15, -0x14(x8)
#1948 0 80000080     078a r 0f         0000001c  c.slli   x15, 2
#1949 0 80000082     97ba r 0f         f004001c  c.add    x15, x14
#1950 0 80000084     4398 r 0e         00000023  c.lw     x14, 0x0(x15)
#1951 0 80000086 f00407b7 r 0f         f0040000  lui      x15, -0xffc0
#1952 0 8000008a 00078693 r 0d         f0040000  addi     x13, x15, 0x0
#1953 0 8000008e fe842783 r 0f         0000000a  lw       x15, -0x18(x8)
#1954 0 80000092     078a r 0f         00000028  c.slli   x15, 2
#1955 0 80000094     97b6 r 0f         f0040028  c.add    x15, x13
#1956 0 80000096     439c r 0f         0000002c  c.lw     x15, 0x0(x15)
#1957 0 80000098 02e7c963 r 00         00000000  blt      x15, x14, . + 0x32
#1958 0 8000009c fec42783 r 0f         00000007  lw       x15, -0x14(x8)
#1959 0 800000a0 00178713 r 0e         00000008  addi     x14, x15, 0x1
#1960 0 800000a4 fee42623 m f0040fdc   00000008  sw       x14, -0x14(x8)
#1961 0 800000a8 f0040737 r 0e         f0040000  lui      x14, -0xffc0
#1962 0 800000ac 00070713 r 0e         f0040000  addi     x14, x14, 0x0
#1963 0 800000b0     078a r 0f         0000001c  c.slli   x15, 2
#1964 0 800000b2     97ba r 0f         f004001c  c.add    x15, x14
#1965 0 800000b4     4398 r 0e         00000023  c.lw     x14, 0x0(x15)
#1966 0 800000b6 f00407b7 r 0f         f0040000  lui      x15, -0xffc0
#1967 0 800000ba 02c78693 r 0d         f004002c  addi     x13, x15, 0x2c
#1968 0 800000be fe442783 r 0f         00000008  lw       x15, -0x1c(x8)
#1969 0 800000c2     078a r 0f         00000020  c.slli   x15, 2
#1970 0 800000c4     97b6 r 0f         f004004c  c.add    x15, x13
#1971 0 800000c6     c398 m f004004c   00000023  c.sw     x14, 0x0(x15)
#1972 0 800000c8     a03d r 00         00000000  c.j      . + 0x2e
#1973 0 800000f6 fe442783 r 0f         00000008  lw       x15, -0x1c(x8)
#1974 0 800000fa     0785 r 0f         00000009  c.addi   x15, 0x1
#1975 0 800000fc fef42223 m f0040fd4   00000009  sw       x15, -0x1c(x8)
#1976 0 80000100 fec42703 r 0e         00000008  lw       x14, -0x14(x8)
#1977 0 80000104 fd842783 r 0f         00000008  lw       x15, -0x28(x8)
#1978 0 80000108 04e7c363 r 00         00000000  blt      x15, x14, . + 0x46
#1979 0 8000010c fe842703 r 0e         0000000a  lw       x14, -0x18(x8)
#1980 0 80000110 fd442783 r 0f         0000000a  lw       x15, -0x2c(x8)
#1981 0 80000114 f6e7d0e3 r 00         00000000  bge      x15, x14, . - 0xa0
#1982 0 80000074 f00407b7 r 0f         f0040000  lui      x15, -0xffc0
#1983 0 80000078 00078713 r 0e         f0040000  addi     x14, x15, 0x0
#1984 0 8000007c fec42783 r 0f         00000008  lw       x15, -0x14(x8)
#1985 0 80000080     078a r 0f         00000020  c.slli   x15, 2
#1986 0 80000082     97ba r 0f         f0040020  c.add    x15, x14
#1987 0 80000084     4398 r 0e         0000002a  c.lw     x14, 0x0(x15)
#1988 0 80000086 f00407b7 r 0f         f0040000  lui      x15, -0xffc0
#1989 0 8000008a 00078693 r 0d         f0040000  addi     x13, x15, 0x0
#1990 0 8000008e fe842783 r 0f         0000000a  lw       x15, -0x18(x8)
#1991 0 80000092     078a r 0f         00000028  c.slli   x15, 2
#1992 0 80000094     97b6 r 0f         f0040028  c.add    x15, x13
#1993 0 80000096     439c r 0f         0000002c  c.lw     x15, 0x0(x15)
#1994 0 80000098 02e7c963 r 00         00000000  blt      x15, x14, . + 0x32
#1995 0 8000009c fec42783 r 0f         00000008  lw       x15, -0x14(x8)
#1996 0 800000a0 00178713 r 0e         00000009  addi     x14, x15, 0x1
#1997 0 800000a4 fee42623 m f0040fdc   00000009  sw       x14, -0x14(x8)
#1998 0 800000a8 f0040737 r 0e         f0040000  lui      x14, -0xffc0
#1999 0 800000ac 00070713 r 0e         f0040000  addi     x14, x14, 0x0
#2000 0 800000b0     078a r 0f         00000020  c.slli   x15, 2
#2001 0 800000b2     97ba r 0f         f0040020  c.add    x15, x14
#2002 0 800000b4     4398 r 0e         0000002a  c.lw     x14, 0x0(x15)
#2003 0 800000b6 f00407b7 r 0f         f0040000  lui      x15, -0xffc0
#2004 0 800000ba 02c78693 r 0d         f004002c  addi     x13, x15, 0x2c
#2005 0 800000be fe442783 r 0f         00000009  lw       x15, -0x1c(x8)
#2006 0 800000c2     078a r 0f         00000024  c.slli   x15, 2
#2007 0 800000c4     97b6 r 0f         f0040050  c.add    x15, x13
#2008 0 800000c6     c398 m f0040050   0000002a  c.sw     x14, 0x0(x15)
#2009 0 800000c8     a03d r 00         00000000  c.j      . + 0x2e
#2010 0 800000f6 fe442783 r 0f         00000009  lw       x15, -0x1c(x8)
#2011 0 800000fa     0785 r 0f         0000000a  c.addi   x15, 0x1
#2012 0 800000fc fef42223 m f0040fd4   0000000a  sw       x15, -0x1c(x8)
#2013 0 80000100 fec42703 r 0e         00000009  lw       x14, -0x14(x8)
#2014 0 80000104 fd842783 r 0f         00000008  lw       x15, -0x28(x8)
#2015 0 80000108 04e7c363 r 00         00000000  blt      x15, x14, . + 0x46
#2016 0 8000014e fec42703 r 0e         00000009  lw       x14, -0x14(x8)
#2017 0 80000152 fd842783 r 0f         00000008  lw       x15, -0x28(x8)
#2018 0 80000156 fce7d2e3 r 00         00000000  bge      x15, x14, . - 0x3c
#2019 0 8000015a     a81d r 00         00000000  c.j      . + 0x36
#2020 0 80000190 fe842703 r 0e         0000000a  lw       x14, -0x18(x8)
#2021 0 80000194 fd442783 r 0f         0000000a  lw       x15, -0x2c(x8)
#2022 0 80000198 fce7d2e3 r 00         00000000  bge      x15, x14, . - 0x3c
#2023 0 8000015c fe842703 r 0e         0000000a  lw       x14, -0x18(x8)
#2024 0 80000160 00170793 r 0f         0000000b  addi     x15, x14, 0x1
#2025 0 80000164 fef42423 m f0040fd8   0000000b  sw       x15, -0x18(x8)
#2026 0 80000168 fe442783 r 0f         0000000a  lw       x15, -0x1c(x8)
#2027 0 8000016c 00178693 r 0d         0000000b  addi     x13, x15, 0x1
#2028 0 80000170 fed42223 m f0040fd4   0000000b  sw       x13, -0x1c(x8)
#2029 0 80000174 f00406b7 r 0d         f0040000  lui      x13, -0xffc0
#2030 0 80000178 00068693 r 0d         f0040000  addi     x13, x13, 0x0
#2031 0 8000017c     070a r 0e         00000028  c.slli   x14, 2
#2032 0 8000017e     9736 r 0e         f0040028  c.add    x14, x13
#2033 0 80000180     4318 r 0e         0000002c  c.lw     x14, 0x0(x14)
#2034 0 80000182 f00406b7 r 0d         f0040000  lui      x13, -0xffc0
#2035 0 80000186 02c68693 r 0d         f004002c  addi     x13, x13, 0x2c
#2036 0 8000018a     078a r 0f         00000028  c.slli   x15, 2
#2037 0 8000018c     97b6 r 0f         f0040054  c.add    x15, x13
#2038 0 8000018e     c398 m f0040054   0000002c  c.sw     x14, 0x0(x15)
#2039 0 80000190 fe842703 r 0e         0000000b  lw       x14, -0x18(x8)
#2040 0 80000194 fd442783 r 0f         0000000a  lw       x15, -0x2c(x8)
#2041 0 80000198 fce7d2e3 r 00         00000000  bge      x15, x14, . - 0x3c
#2042 0 8000019c fdc42783 r 0f         00000006  lw       x15, -0x24(x8)
#2043 0 800001a0 fef42223 m f0040fd4   00000006  sw       x15, -0x1c(x8)
#2044 0 800001a4     a805 r 00         00000000  c.j      . + 0x30
#2045 0 800001d4 fe442703 r 0e         00000006  lw       x14, -0x1c(x8)
#2046 0 800001d8 fd442783 r 0f         0000000a  lw       x15, -0x2c(x8)
#2047 0 800001dc fce7d5e3 r 00         00000000  bge      x15, x14, . - 0x36
#2048 0 800001a6 f00407b7 r 0f         f0040000  lui      x15, -0xffc0
#2049 0 800001aa 02c78713 r 0e         f004002c  addi     x14, x15, 0x2c
#2050 0 800001ae fe442783 r 0f         00000006  lw       x15, -0x1c(x8)
#2051 0 800001b2     078a r 0f         00000018  c.slli   x15, 2
#2052 0 800001b4     97ba r 0f         f0040044  c.add    x15, x14
#2053 0 800001b6     4398 r 0e         00000000  c.lw     x14, 0x0(x15)
#2054 0 800001b8 f00407b7 r 0f         f0040000  lui      x15, -0xffc0
#2055 0 800001bc 00078693 r 0d         f0040000  addi     x13, x15, 0x0
#2056 0 800001c0 fe442783 r 0f         00000006  lw       x15, -0x1c(x8)
#2057 0 800001c4     078a r 0f         00000018  c.slli   x15, 2
#2058 0 800001c6     97b6 r 0f         f0040018  c.add    x15, x13
#2059 0 800001c8     c398 m f0040018   00000000  c.sw     x14, 0x0(x15)
#2060 0 800001ca fe442783 r 0f         00000006  lw       x15, -0x1c(x8)
#2061 0 800001ce     0785 r 0f         00000007  c.addi   x15, 0x1
#2062 0 800001d0 fef42223 m f0040fd4   00000007  sw       x15, -0x1c(x8)
#2063 0 800001d4 fe442703 r 0e         00000007  lw       x14, -0x1c(x8)
#2064 0 800001d8 fd442783 r 0f         0000000a  lw       x15, -0x2c(x8)
#2065 0 800001dc fce7d5e3 r 00         00000000  bge      x15, x14, . - 0x36
#2066 0 800001a6 f00407b7 r 0f         f0040000  lui      x15, -0xffc0
#2067 0 800001aa 02c78713 r 0e         f004002c  addi     x14, x15, 0x2c
#2068 0 800001ae fe442783 r 0f         00000007  lw       x15, -0x1c(x8)
#2069 0 800001b2     078a r 0f         0000001c  c.slli   x15, 2
#2070 0 800001b4     97ba r 0f         f0040048  c.add    x15, x14
#2071 0 800001b6     4398 r 0e         00000021  c.lw     x14, 0x0(x15)
#2072 0 800001b8 f00407b7 r 0f         f0040000  lui      x15, -0xffc0
#2073 0 800001bc 00078693 r 0d         f0040000  addi     x13, x15, 0x0
#2074 0 800001c0 fe442783 r 0f         00000007  lw       x15, -0x1c(x8)
#2075 0 800001c4     078a r 0f         0000001c  c.slli   x15, 2
#2076 0 800001c6     97b6 r 0f         f004001c  c.add    x15, x13
#2077 0 800001c8     c398 m f004001c   00000021  c.sw     x14, 0x0(x15)
#2078 0 800001ca fe442783 r 0f         00000007  lw       x15, -0x1c(x8)
#2079 0 800001ce     0785 r 0f         00000008  c.addi   x15, 0x1
#2080 0 800001d0 fef42223 m f0040fd4   00000008  sw       x15, -0x1c(x8)
#2081 0 800001d4 fe442703 r 0e         00000008  lw       x14, -0x1c(x8)
#2082 0 800001d8 fd442783 r 0f         0000000a  lw       x15, -0x2c(x8)
#2083 0 800001dc fce7d5e3 r 00         00000000  bge      x15, x14, . - 0x36
#2084 0 800001a6 f00407b7 r 0f         f0040000  lui      x15, -0xffc0
#2085 0 800001aa 02c78713 r 0e         f004002c  addi     x14, x15, 0x2c
#2086 0 800001ae fe442783 r 0f         00000008  lw       x15, -0x1c(x8)
#2087 0 800001b2     078a r 0f         00000020  c.slli   x15, 2
#2088 0 800001b4     97ba r 0f         f004004c  c.add    x15, x14
#2089 0 800001b6     4398 r 0e         00000023  c.lw     x14, 0x0(x15)
#2090 0 800001b8 f00407b7 r 0f         f0040000  lui      x15, -0xffc0
#2091 0 800001bc 00078693 r 0d         f0040000  addi     x13, x15, 0x0
#2092 0 800001c0 fe442783 r 0f         00000008  lw       x15, -0x1c(x8)
#2093 0 800001c4     078a r 0f         00000020  c.slli   x15, 2
#2094 0 800001c6     97b6 r 0f         f0040020  c.add    x15, x13
#2095 0 800001c8     c398 m f0040020   00000023  c.sw     x14, 0x0(x15)
#2096 0 800001ca fe442783 r 0f         00000008  lw       x15, -0x1c(x8)
#2097 0 800001ce     0785 r 0f         00000009  c.addi   x15, 0x1
#2098 0 800001d0 fef42223 m f0040fd4   00000009  sw       x15, -0x1c(x8)
#2099 0 800001d4 fe442703 r 0e         00000009  lw       x14, -0x1c(x8)
#2100 0 800001d8 fd442783 r 0f         0000000a  lw       x15, -0x2c(x8)
#2101 0 800001dc fce7d5e3 r 00         00000000  bge      x15, x14, . - 0x36
#2102 0 800001a6 f00407b7 r 0f         f0040000  lui      x15, -0xffc0
#2103 0 800001aa 02c78713 r 0e         f004002c  addi     x14, x15, 0x2c
#2104 0 800001ae fe442783 r 0f         00000009  lw       x15, -0x1c(x8)
#2105 0 800001b2     078a r 0f         00000024  c.slli   x15, 2
#2106 0 800001b4     97ba r 0f         f0040050  c.add    x15, x14
#2107 0 800001b6     4398 r 0e         0000002a  c.lw     x14, 0x0(x15)
#2108 0 800001b8 f00407b7 r 0f         f0040000  lui      x15, -0xffc0
#2109 0 800001bc 00078693 r 0d         f0040000  addi     x13, x15, 0x0
#2110 0 800001c0 fe442783 r 0f         00000009  lw       x15, -0x1c(x8)
#2111 0 800001c4     078a r 0f         00000024  c.slli   x15, 2
#2112 0 800001c6     97b6 r 0f         f0040024  c.add    x15, x13
#2113 0 800001c8     c398 m f0040024   0000002a  c.sw     x14, 0x0(x15)
#2114 0 800001ca fe442783 r 0f         00000009  lw       x15, -0x1c(x8)
#2115 0 800001ce     0785 r 0f         0000000a  c.addi   x15, 0x1
#2116 0 800001d0 fef42223 m f0040fd4   0000000a  sw       x15, -0x1c(x8)
#2117 0 800001d4 fe442703 r 0e         0000000a  lw       x14, -0x1c(x8)
#2118 0 800001d8 fd442783 r 0f         0000000a  lw       x15, -0x2c(x8)
#2119 0 800001dc fce7d5e3 r 00         00000000  bge      x15, x14, . - 0x36
#2120 0 800001a6 f00407b7 r 0f         f0040000  lui      x15, -0xffc0
#2121 0 800001aa 02c78713 r 0e         f004002c  addi     x14, x15, 0x2c
#2122 0 800001ae fe442783 r 0f         0000000a  lw       x15, -0x1c(x8)
#2123 0 800001b2     078a r 0f         00000028  c.slli   x15, 2
#2124 0 800001b4     97ba r 0f         f0040054  c.add    x15, x14
#2125 0 800001b6     4398 r 0e         0000002c  c.lw     x14, 0x0(x15)
#2126 0 800001b8 f00407b7 r 0f         f0040000  lui      x15, -0xffc0
#2127 0 800001bc 00078693 r 0d         f0040000  addi     x13, x15, 0x0
#2128 0 800001c0 fe442783 r 0f         0000000a  lw       x15, -0x1c(x8)
#2129 0 800001c4     078a r 0f         00000028  c.slli   x15, 2
#2130 0 800001c6     97b6 r 0f         f0040028  c.add    x15, x13
#2131 0 800001c8     c398 m f0040028   0000002c  c.sw     x14, 0x0(x15)
#2132 0 800001ca fe442783 r 0f         0000000a  lw       x15, -0x1c(x8)
#2133 0 800001ce     0785 r 0f         0000000b  c.addi   x15, 0x1
#2134 0 800001d0 fef42223 m f0040fd4   0000000b  sw       x15, -0x1c(x8)
#2135 0 800001d4 fe442703 r 0e         0000000b  lw       x14, -0x1c(x8)
#2136 0 800001d8 fd442783 r 0f         0000000a  lw       x15, -0x2c(x8)
#2137 0 800001dc fce7d5e3 r 00         00000000  bge      x15, x14, . - 0x36
#2138 0 800001e0     0001 r 00         00000000  c.nop
#2139 0 800001e2     0001 r 00         00000000  c.nop
#2140 0 800001e4     5432 r 08         f0041020  c.lwsp   x8, 0x2c
#2141 0 800001e6     6145 r 02         f0040ff0  c.addi16sp 0x3
#2142 0 800001e8     8082 r 00         00000000  c.jr     x1
#2143 0 80000242     a011 r 00         00000000  c.j      . + 0x4
#2144 0 80000246     50b2 r 01         80000234  c.lwsp   x1, 0x2c
#2145 0 80000248     5422 r 08         f0041050  c.lwsp   x8, 0x28
#2146 0 8000024a     6145 r 02         f0041020  c.addi16sp 0x3
#2147 0 8000024c     8082 r 00         00000000  c.jr     x1
#2148 0 80000234 fd842603 r 0c         0000000a  lw       x12, -0x28(x8)
#2149 0 80000238 fec42583 r 0b         00000005  lw       x11, -0x14(x8)
#2150 0 8000023c fdc42503 r 0a         00000000  lw       x10, -0x24(x8)
#2151 0 80000240     3519 r 01         80000242  c.jal    . - 0x1fa
#2152 0 80000046     7179 r 02         f0040ff0  c.addi16sp -0x3
#2153 0 80000048     d622 m f004101c   f0041050  c.swsp   x8, 0x2c
#2154 0 8000004a     1800 r 08         f0041020  c.addi4spn  x8, 0xc
#2155 0 8000004c fca42e23 m f0040ffc   00000000  sw       x10, -0x24(x8)
#2156 0 80000050 fcb42c23 m f0040ff8   00000005  sw       x11, -0x28(x8)
#2157 0 80000054 fcc42a23 m f0040ff4   0000000a  sw       x12, -0x2c(x8)
#2158 0 80000058 fdc42783 r 0f         00000000  lw       x15, -0x24(x8)
#2159 0 8000005c fef42623 m f004100c   00000000  sw       x15, -0x14(x8)
#2160 0 80000060 fd842783 r 0f         00000005  lw       x15, -0x28(x8)
#2161 0 80000064     0785 r 0f         00000006  c.addi   x15, 0x1
#2162 0 80000066 fef42423 m f0041008   00000006  sw       x15, -0x18(x8)
#2163 0 8000006a fdc42783 r 0f         00000000  lw       x15, -0x24(x8)
#2164 0 8000006e fef42223 m f0041004   00000000  sw       x15, -0x1c(x8)
#2165 0 80000072     a079 r 00         00000000  c.j      . + 0x8e
#2166 0 80000100 fec42703 r 0e         00000000  lw       x14, -0x14(x8)
#2167 0 80000104 fd842783 r 0f         00000005  lw       x15, -0x28(x8)
#2168 0 80000108 04e7c363 r 00         00000000  blt      x15, x14, . + 0x46
#2169 0 8000010c fe842703 r 0e         00000006  lw       x14, -0x18(x8)
#2170 0 80000110 fd442783 r 0f         0000000a  lw       x15, -0x2c(x8)
#2171 0 80000114 f6e7d0e3 r 00         00000000  bge      x15, x14, . - 0xa0
#2172 0 80000074 f00407b7 r 0f         f0040000  lui      x15, -0xffc0
#2173 0 80000078 00078713 r 0e         f0040000  addi     x14, x15, 0x0
#2174 0 8000007c fec42783 r 0f         00000000  lw       x15, -0x14(x8)
#2175 0 80000080     078a r 0f         00000000  c.slli   x15, 2
#2176 0 80000082     97ba r 0f         f0040000  c.add    x15, x14
#2177 0 80000084     4398 r 0e         0000000a  c.lw     x14, 0x0(x15)
#2178 0 80000086 f00407b7 r 0f         f0040000  lui      x15, -0xffc0
#2179 0 8000008a 00078693 r 0d         f0040000  addi     x13, x15, 0x0
#2180 0 8000008e fe842783 r 0f         00000006  lw       x15, -0x18(x8)
#2181 0 80000092     078a r 0f         00000018  c.slli   x15, 2
#2182 0 80000094     97b6 r 0f         f0040018  c.add    x15, x13
#2183 0 80000096     439c r 0f         00000000  c.lw     x15, 0x0(x15)
#2184 0 80000098 02e7c963 r 00         00000000  blt      x15, x14, . + 0x32
#2185 0 800000ca fe842783 r 0f         00000006  lw       x15, -0x18(x8)
#2186 0 800000ce 00178713 r 0e         00000007  addi     x14, x15, 0x1
#2187 0 800000d2 fee42423 m f0041008   00000007  sw       x14, -0x18(x8)
#2188 0 800000d6 f0040737 r 0e         f0040000  lui      x14, -0xffc0
#2189 0 800000da 00070713 r 0e         f0040000  addi     x14, x14, 0x0
#2190 0 800000de     078a r 0f         00000018  c.slli   x15, 2
#2191 0 800000e0     97ba r 0f         f0040018  c.add    x15, x14
#2192 0 800000e2     4398 r 0e         00000000  c.lw     x14, 0x0(x15)
#2193 0 800000e4 f00407b7 r 0f         f0040000  lui      x15, -0xffc0
#2194 0 800000e8 02c78693 r 0d         f004002c  addi     x13, x15, 0x2c
#2195 0 800000ec fe442783 r 0f         00000000  lw       x15, -0x1c(x8)
#2196 0 800000f0     078a r 0f         00000000  c.slli   x15, 2
#2197 0 800000f2     97b6 r 0f         f004002c  c.add    x15, x13
#2198 0 800000f4     c398 m f004002c   00000000  c.sw     x14, 0x0(x15)
#2199 0 800000f6 fe442783 r 0f         00000000  lw       x15, -0x1c(x8)
#2200 0 800000fa     0785 r 0f         00000001  c.addi   x15, 0x1
#2201 0 800000fc fef42223 m f0041004   00000001  sw       x15, -0x1c(x8)
#2202 0 80000100 fec42703 r 0e         00000000  lw       x14, -0x14(x8)
#2203 0 80000104 fd842783 r 0f         00000005  lw       x15, -0x28(x8)
#2204 0 80000108 04e7c363 r 00         00000000  blt      x15, x14, . + 0x46
#2205 0 8000010c fe842703 r 0e         00000007  lw       x14, -0x18(x8)
#2206 0 80000110 fd442783 r 0f         0000000a  lw       x15, -0x2c(x8)
#2207 0 80000114 f6e7d0e3 r 00         00000000  bge      x15, x14, . - 0xa0
#2208 0 80000074 f00407b7 r 0f         f0040000  lui      x15, -0xffc0
#2209 0 80000078 00078713 r 0e         f0040000  addi     x14, x15, 0x0
#2210 0 8000007c fec42783 r 0f         00000000  lw       x15, -0x14(x8)
#2211 0 80000080     078a r 0f         00000000  c.slli   x15, 2
#2212 0 80000082     97ba r 0f         f0040000  c.add    x15, x14
#2213 0 80000084     4398 r 0e         0000000a  c.lw     x14, 0x0(x15)
#2214 0 80000086 f00407b7 r 0f         f0040000  lui      x15, -0xffc0
#2215 0 8000008a 00078693 r 0d         f0040000  addi     x13, x15, 0x0
#2216 0 8000008e fe842783 r 0f         00000007  lw       x15, -0x18(x8)
#2217 0 80000092     078a r 0f         0000001c  c.slli   x15, 2
#2218 0 80000094     97b6 r 0f         f004001c  c.add    x15, x13
#2219 0 80000096     439c r 0f         00000021  c.lw     x15, 0x0(x15)
#2220 0 80000098 02e7c963 r 00         00000000  blt      x15, x14, . + 0x32
#2221 0 8000009c fec42783 r 0f         00000000  lw       x15, -0x14(x8)
#2222 0 800000a0 00178713 r 0e         00000001  addi     x14, x15, 0x1
#2223 0 800000a4 fee42623 m f004100c   00000001  sw       x14, -0x14(x8)
#2224 0 800000a8 f0040737 r 0e         f0040000  lui      x14, -0xffc0
#2225 0 800000ac 00070713 r 0e         f0040000  addi     x14, x14, 0x0
#2226 0 800000b0     078a r 0f         00000000  c.slli   x15, 2
#2227 0 800000b2     97ba r 0f         f0040000  c.add    x15, x14
#2228 0 800000b4     4398 r 0e         0000000a  c.lw     x14, 0x0(x15)
#2229 0 800000b6 f00407b7 r 0f         f0040000  lui      x15, -0xffc0
#2230 0 800000ba 02c78693 r 0d         f004002c  addi     x13, x15, 0x2c
#2231 0 800000be fe442783 r 0f         00000001  lw       x15, -0x1c(x8)
#2232 0 800000c2     078a r 0f         00000004  c.slli   x15, 2
#2233 0 800000c4     97b6 r 0f         f0040030  c.add    x15, x13
#2234 0 800000c6     c398 m f0040030   0000000a  c.sw     x14, 0x0(x15)
#2235 0 800000c8     a03d r 00         00000000  c.j      . + 0x2e
#2236 0 800000f6 fe442783 r 0f         00000001  lw       x15, -0x1c(x8)
#2237 0 800000fa     0785 r 0f         00000002  c.addi   x15, 0x1
#2238 0 800000fc fef42223 m f0041004   00000002  sw       x15, -0x1c(x8)
#2239 0 80000100 fec42703 r 0e         00000001  lw       x14, -0x14(x8)
#2240 0 80000104 fd842783 r 0f         00000005  lw       x15, -0x28(x8)
#2241 0 80000108 04e7c363 r 00         00000000  blt      x15, x14, . + 0x46
#2242 0 8000010c fe842703 r 0e         00000007  lw       x14, -0x18(x8)
#2243 0 80000110 fd442783 r 0f         0000000a  lw       x15, -0x2c(x8)
#2244 0 80000114 f6e7d0e3 r 00         00000000  bge      x15, x14, . - 0xa0
#2245 0 80000074 f00407b7 r 0f         f0040000  lui      x15, -0xffc0
#2246 0 80000078 00078713 r 0e         f0040000  addi     x14, x15, 0x0
#2247 0 8000007c fec42783 r 0f         00000001  lw       x15, -0x14(x8)
#2248 0 80000080     078a r 0f         00000004  c.slli   x15, 2
#2249 0 80000082     97ba r 0f         f0040004  c.add    x15, x14
#2250 0 80000084     4398 r 0e         0000000e  c.lw     x14, 0x0(x15)
#2251 0 80000086 f00407b7 r 0f         f0040000  lui      x15, -0xffc0
#2252 0 8000008a 00078693 r 0d         f0040000  addi     x13, x15, 0x0
#2253 0 8000008e fe842783 r 0f         00000007  lw       x15, -0x18(x8)
#2254 0 80000092     078a r 0f         0000001c  c.slli   x15, 2
#2255 0 80000094     97b6 r 0f         f004001c  c.add    x15, x13
#2256 0 80000096     439c r 0f         00000021  c.lw     x15, 0x0(x15)
#2257 0 80000098 02e7c963 r 00         00000000  blt      x15, x14, . + 0x32
#2258 0 8000009c fec42783 r 0f         00000001  lw       x15, -0x14(x8)
#2259 0 800000a0 00178713 r 0e         00000002  addi     x14, x15, 0x1
#2260 0 800000a4 fee42623 m f004100c   00000002  sw       x14, -0x14(x8)
#2261 0 800000a8 f0040737 r 0e         f0040000  lui      x14, -0xffc0
#2262 0 800000ac 00070713 r 0e         f0040000  addi     x14, x14, 0x0
#2263 0 800000b0     078a r 0f         00000004  c.slli   x15, 2
#2264 0 800000b2     97ba r 0f         f0040004  c.add    x15, x14
#2265 0 800000b4     4398 r 0e         0000000e  c.lw     x14, 0x0(x15)
#2266 0 800000b6 f00407b7 r 0f         f0040000  lui      x15, -0xffc0
#2267 0 800000ba 02c78693 r 0d         f004002c  addi     x13, x15, 0x2c
#2268 0 800000be fe442783 r 0f         00000002  lw       x15, -0x1c(x8)
#2269 0 800000c2     078a r 0f         00000008  c.slli   x15, 2
#2270 0 800000c4     97b6 r 0f         f0040034  c.add    x15, x13
#2271 0 800000c6     c398 m f0040034   0000000e  c.sw     x14, 0x0(x15)
#2272 0 800000c8     a03d r 00         00000000  c.j      . + 0x2e
#2273 0 800000f6 fe442783 r 0f         00000002  lw       x15, -0x1c(x8)
#2274 0 800000fa     0785 r 0f         00000003  c.addi   x15, 0x1
#2275 0 800000fc fef42223 m f0041004   00000003  sw       x15, -0x1c(x8)
#2276 0 80000100 fec42703 r 0e         00000002  lw       x14, -0x14(x8)
#2277 0 80000104 fd842783 r 0f         00000005  lw       x15, -0x28(x8)
#2278 0 80000108 04e7c363 r 00         00000000  blt      x15, x14, . + 0x46
#2279 0 8000010c fe842703 r 0e         00000007  lw       x14, -0x18(x8)
#2280 0 80000110 fd442783 r 0f         0000000a  lw       x15, -0x2c(x8)
#2281 0 80000114 f6e7d0e3 r 00         00000000  bge      x15, x14, . - 0xa0
#2282 0 80000074 f00407b7 r 0f         f0040000  lui      x15, -0xffc0
#2283 0 80000078 00078713 r 0e         f0040000  addi     x14, x15, 0x0
#2284 0 8000007c fec42783 r 0f         00000002  lw       x15, -0x14(x8)
#2285 0 80000080     078a r 0f         00000008  c.slli   x15, 2
#2286 0 80000082     97ba r 0f         f0040008  c.add    x15, x14
#2287 0 80000084     4398 r 0e         00000013  c.lw     x14, 0x0(x15)
#2288 0 80000086 f00407b7 r 0f         f0040000  lui      x15, -0xffc0
#2289 0 8000008a 00078693 r 0d         f0040000  addi     x13, x15, 0x0
#2290 0 8000008e fe842783 r 0f         00000007  lw       x15, -0x18(x8)
#2291 0 80000092     078a r 0f         0000001c  c.slli   x15, 2
#2292 0 80000094     97b6 r 0f         f004001c  c.add    x15, x13
#2293 0 80000096     439c r 0f         00000021  c.lw     x15, 0x0(x15)
#2294 0 80000098 02e7c963 r 00         00000000  blt      x15, x14, . + 0x32
#2295 0 8000009c fec42783 r 0f         00000002  lw       x15, -0x14(x8)
#2296 0 800000a0 00178713 r 0e         00000003  addi     x14, x15, 0x1
#2297 0 800000a4 fee42623 m f004100c   00000003  sw       x14, -0x14(x8)
#2298 0 800000a8 f0040737 r 0e         f0040000  lui      x14, -0xffc0
#2299 0 800000ac 00070713 r 0e         f0040000  addi     x14, x14, 0x0
#2300 0 800000b0     078a r 0f         00000008  c.slli   x15, 2
#2301 0 800000b2     97ba r 0f         f0040008  c.add    x15, x14
#2302 0 800000b4     4398 r 0e         00000013  c.lw     x14, 0x0(x15)
#2303 0 800000b6 f00407b7 r 0f         f0040000  lui      x15, -0xffc0
#2304 0 800000ba 02c78693 r 0d         f004002c  addi     x13, x15, 0x2c
#2305 0 800000be fe442783 r 0f         00000003  lw       x15, -0x1c(x8)
#2306 0 800000c2     078a r 0f         0000000c  c.slli   x15, 2
#2307 0 800000c4     97b6 r 0f         f0040038  c.add    x15, x13
#2308 0 800000c6     c398 m f0040038   00000013  c.sw     x14, 0x0(x15)
#2309 0 800000c8     a03d r 00         00000000  c.j      . + 0x2e
#2310 0 800000f6 fe442783 r 0f         00000003  lw       x15, -0x1c(x8)
#2311 0 800000fa     0785 r 0f         00000004  c.addi   x15, 0x1
#2312 0 800000fc fef42223 m f0041004   00000004  sw       x15, -0x1c(x8)
#2313 0 80000100 fec42703 r 0e         00000003  lw       x14, -0x14(x8)
#2314 0 80000104 fd842783 r 0f         00000005  lw       x15, -0x28(x8)
#2315 0 80000108 04e7c363 r 00         00000000  blt      x15, x14, . + 0x46
#2316 0 8000010c fe842703 r 0e         00000007  lw       x14, -0x18(x8)
#2317 0 80000110 fd442783 r 0f         0000000a  lw       x15, -0x2c(x8)
#2318 0 80000114 f6e7d0e3 r 00         00000000  bge      x15, x14, . - 0xa0
#2319 0 80000074 f00407b7 r 0f         f0040000  lui      x15, -0xffc0
#2320 0 80000078 00078713 r 0e         f0040000  addi     x14, x15, 0x0
#2321 0 8000007c fec42783 r 0f         00000003  lw       x15, -0x14(x8)
#2322 0 80000080     078a r 0f         0000000c  c.slli   x15, 2
#2323 0 80000082     97ba r 0f         f004000c  c.add    x15, x14
#2324 0 80000084     4398 r 0e         0000001a  c.lw     x14, 0x0(x15)
#2325 0 80000086 f00407b7 r 0f         f0040000  lui      x15, -0xffc0
#2326 0 8000008a 00078693 r 0d         f0040000  addi     x13, x15, 0x0
#2327 0 8000008e fe842783 r 0f         00000007  lw       x15, -0x18(x8)
#2328 0 80000092     078a r 0f         0000001c  c.slli   x15, 2
#2329 0 80000094     97b6 r 0f         f004001c  c.add    x15, x13
#2330 0 80000096     439c r 0f         00000021  c.lw     x15, 0x0(x15)
#2331 0 80000098 02e7c963 r 00         00000000  blt      x15, x14, . + 0x32
#2332 0 8000009c fec42783 r 0f         00000003  lw       x15, -0x14(x8)
#2333 0 800000a0 00178713 r 0e         00000004  addi     x14, x15, 0x1
#2334 0 800000a4 fee42623 m f004100c   00000004  sw       x14, -0x14(x8)
#2335 0 800000a8 f0040737 r 0e         f0040000  lui      x14, -0xffc0
#2336 0 800000ac 00070713 r 0e         f0040000  addi     x14, x14, 0x0
#2337 0 800000b0     078a r 0f         0000000c  c.slli   x15, 2
#2338 0 800000b2     97ba r 0f         f004000c  c.add    x15, x14
#2339 0 800000b4     4398 r 0e         0000001a  c.lw     x14, 0x0(x15)
#2340 0 800000b6 f00407b7 r 0f         f0040000  lui      x15, -0xffc0
#2341 0 800000ba 02c78693 r 0d         f004002c  addi     x13, x15, 0x2c
#2342 0 800000be fe442783 r 0f         00000004  lw       x15, -0x1c(x8)
#2343 0 800000c2     078a r 0f         00000010  c.slli   x15, 2
#2344 0 800000c4     97b6 r 0f         f004003c  c.add    x15, x13
#2345 0 800000c6     c398 m f004003c   0000001a  c.sw     x14, 0x0(x15)
#2346 0 800000c8     a03d r 00         00000000  c.j      . + 0x2e
#2347 0 800000f6 fe442783 r 0f         00000004  lw       x15, -0x1c(x8)
#2348 0 800000fa     0785 r 0f         00000005  c.addi   x15, 0x1
#2349 0 800000fc fef42223 m f0041004   00000005  sw       x15, -0x1c(x8)
#2350 0 80000100 fec42703 r 0e         00000004  lw       x14, -0x14(x8)
#2351 0 80000104 fd842783 r 0f         00000005  lw       x15, -0x28(x8)
#2352 0 80000108 04e7c363 r 00         00000000  blt      x15, x14, . + 0x46
#2353 0 8000010c fe842703 r 0e         00000007  lw       x14, -0x18(x8)
#2354 0 80000110 fd442783 r 0f         0000000a  lw       x15, -0x2c(x8)
#2355 0 80000114 f6e7d0e3 r 00         00000000  bge      x15, x14, . - 0xa0
#2356 0 80000074 f00407b7 r 0f         f0040000  lui      x15, -0xffc0
#2357 0 80000078 00078713 r 0e         f0040000  addi     x14, x15, 0x0
#2358 0 8000007c fec42783 r 0f         00000004  lw       x15, -0x14(x8)
#2359 0 80000080     078a r 0f         00000010  c.slli   x15, 2
#2360 0 80000082     97ba r 0f         f0040010  c.add    x15, x14
#2361 0 80000084     4398 r 0e         0000001b  c.lw     x14, 0x0(x15)
#2362 0 80000086 f00407b7 r 0f         f0040000  lui      x15, -0xffc0
#2363 0 8000008a 00078693 r 0d         f0040000  addi     x13, x15, 0x0
#2364 0 8000008e fe842783 r 0f         00000007  lw       x15, -0x18(x8)
#2365 0 80000092     078a r 0f         0000001c  c.slli   x15, 2
#2366 0 80000094     97b6 r 0f         f004001c  c.add    x15, x13
#2367 0 80000096     439c r 0f         00000021  c.lw     x15, 0x0(x15)
#2368 0 80000098 02e7c963 r 00         00000000  blt      x15, x14, . + 0x32
#2369 0 8000009c fec42783 r 0f         00000004  lw       x15, -0x14(x8)
#2370 0 800000a0 00178713 r 0e         00000005  addi     x14, x15, 0x1
#2371 0 800000a4 fee42623 m f004100c   00000005  sw       x14, -0x14(x8)
#2372 0 800000a8 f0040737 r 0e         f0040000  lui      x14, -0xffc0
#2373 0 800000ac 00070713 r 0e         f0040000  addi     x14, x14, 0x0
#2374 0 800000b0     078a r 0f         00000010  c.slli   x15, 2
#2375 0 800000b2     97ba r 0f         f0040010  c.add    x15, x14
#2376 0 800000b4     4398 r 0e         0000001b  c.lw     x14, 0x0(x15)
#2377 0 800000b6 f00407b7 r 0f         f0040000  lui      x15, -0xffc0
#2378 0 800000ba 02c78693 r 0d         f004002c  addi     x13, x15, 0x2c
#2379 0 800000be fe442783 r 0f         00000005  lw       x15, -0x1c(x8)
#2380 0 800000c2     078a r 0f         00000014  c.slli   x15, 2
#2381 0 800000c4     97b6 r 0f         f0040040  c.add    x15, x13
#2382 0 800000c6     c398 m f0040040   0000001b  c.sw     x14, 0x0(x15)
#2383 0 800000c8     a03d r 00         00000000  c.j      . + 0x2e
#2384 0 800000f6 fe442783 r 0f         00000005  lw       x15, -0x1c(x8)
#2385 0 800000fa     0785 r 0f         00000006  c.addi   x15, 0x1
#2386 0 800000fc fef42223 m f0041004   00000006  sw       x15, -0x1c(x8)
#2387 0 80000100 fec42703 r 0e         00000005  lw       x14, -0x14(x8)
#2388 0 80000104 fd842783 r 0f         00000005  lw       x15, -0x28(x8)
#2389 0 80000108 04e7c363 r 00         00000000  blt      x15, x14, . + 0x46
#2390 0 8000010c fe842703 r 0e         00000007  lw       x14, -0x18(x8)
#2391 0 80000110 fd442783 r 0f         0000000a  lw       x15, -0x2c(x8)
#2392 0 80000114 f6e7d0e3 r 00         00000000  bge      x15, x14, . - 0xa0
#2393 0 80000074 f00407b7 r 0f         f0040000  lui      x15, -0xffc0
#2394 0 80000078 00078713 r 0e         f0040000  addi     x14, x15, 0x0
#2395 0 8000007c fec42783 r 0f         00000005  lw       x15, -0x14(x8)
#2396 0 80000080     078a r 0f         00000014  c.slli   x15, 2
#2397 0 80000082     97ba r 0f         f0040014  c.add    x15, x14
#2398 0 80000084     4398 r 0e         0000001f  c.lw     x14, 0x0(x15)
#2399 0 80000086 f00407b7 r 0f         f0040000  lui      x15, -0xffc0
#2400 0 8000008a 00078693 r 0d         f0040000  addi     x13, x15, 0x0
#2401 0 8000008e fe842783 r 0f         00000007  lw       x15, -0x18(x8)
#2402 0 80000092     078a r 0f         0000001c  c.slli   x15, 2
#2403 0 80000094     97b6 r 0f         f004001c  c.add    x15, x13
#2404 0 80000096     439c r 0f         00000021  c.lw     x15, 0x0(x15)
#2405 0 80000098 02e7c963 r 00         00000000  blt      x15, x14, . + 0x32
#2406 0 8000009c fec42783 r 0f         00000005  lw       x15, -0x14(x8)
#2407 0 800000a0 00178713 r 0e         00000006  addi     x14, x15, 0x1
#2408 0 800000a4 fee42623 m f004100c   00000006  sw       x14, -0x14(x8)
#2409 0 800000a8 f0040737 r 0e         f0040000  lui      x14, -0xffc0
#2410 0 800000ac 00070713 r 0e         f0040000  addi     x14, x14, 0x0
#2411 0 800000b0     078a r 0f         00000014  c.slli   x15, 2
#2412 0 800000b2     97ba r 0f         f0040014  c.add    x15, x14
#2413 0 800000b4     4398 r 0e         0000001f  c.lw     x14, 0x0(x15)
#2414 0 800000b6 f00407b7 r 0f         f0040000  lui      x15, -0xffc0
#2415 0 800000ba 02c78693 r 0d         f004002c  addi     x13, x15, 0x2c
#2416 0 800000be fe442783 r 0f         00000006  lw       x15, -0x1c(x8)
#2417 0 800000c2     078a r 0f         00000018  c.slli   x15, 2
#2418 0 800000c4     97b6 r 0f         f0040044  c.add    x15, x13
#2419 0 800000c6     c398 m f0040044   0000001f  c.sw     x14, 0x0(x15)
#2420 0 800000c8     a03d r 00         00000000  c.j      . + 0x2e
#2421 0 800000f6 fe442783 r 0f         00000006  lw       x15, -0x1c(x8)
#2422 0 800000fa     0785 r 0f         00000007  c.addi   x15, 0x1
#2423 0 800000fc fef42223 m f0041004   00000007  sw       x15, -0x1c(x8)
#2424 0 80000100 fec42703 r 0e         00000006  lw       x14, -0x14(x8)
#2425 0 80000104 fd842783 r 0f         00000005  lw       x15, -0x28(x8)
#2426 0 80000108 04e7c363 r 00         00000000  blt      x15, x14, . + 0x46
#2427 0 8000014e fec42703 r 0e         00000006  lw       x14, -0x14(x8)
#2428 0 80000152 fd842783 r 0f         00000005  lw       x15, -0x28(x8)
#2429 0 80000156 fce7d2e3 r 00         00000000  bge      x15, x14, . - 0x3c
#2430 0 8000015a     a81d r 00         00000000  c.j      . + 0x36
#2431 0 80000190 fe842703 r 0e         00000007  lw       x14, -0x18(x8)
#2432 0 80000194 fd442783 r 0f         0000000a  lw       x15, -0x2c(x8)
#2433 0 80000198 fce7d2e3 r 00         00000000  bge      x15, x14, . - 0x3c
#2434 0 8000015c fe842703 r 0e         00000007  lw       x14, -0x18(x8)
#2435 0 80000160 00170793 r 0f         00000008  addi     x15, x14, 0x1
#2436 0 80000164 fef42423 m f0041008   00000008  sw       x15, -0x18(x8)
#2437 0 80000168 fe442783 r 0f         00000007  lw       x15, -0x1c(x8)
#2438 0 8000016c 00178693 r 0d         00000008  addi     x13, x15, 0x1
#2439 0 80000170 fed42223 m f0041004   00000008  sw       x13, -0x1c(x8)
#2440 0 80000174 f00406b7 r 0d         f0040000  lui      x13, -0xffc0
#2441 0 80000178 00068693 r 0d         f0040000  addi     x13, x13, 0x0
#2442 0 8000017c     070a r 0e         0000001c  c.slli   x14, 2
#2443 0 8000017e     9736 r 0e         f004001c  c.add    x14, x13
#2444 0 80000180     4318 r 0e         00000021  c.lw     x14, 0x0(x14)
#2445 0 80000182 f00406b7 r 0d         f0040000  lui      x13, -0xffc0
#2446 0 80000186 02c68693 r 0d         f004002c  addi     x13, x13, 0x2c
#2447 0 8000018a     078a r 0f         0000001c  c.slli   x15, 2
#2448 0 8000018c     97b6 r 0f         f0040048  c.add    x15, x13
#2449 0 8000018e     c398 m f0040048   00000021  c.sw     x14, 0x0(x15)
#2450 0 80000190 fe842703 r 0e         00000008  lw       x14, -0x18(x8)
#2451 0 80000194 fd442783 r 0f         0000000a  lw       x15, -0x2c(x8)
#2452 0 80000198 fce7d2e3 r 00         00000000  bge      x15, x14, . - 0x3c
#2453 0 8000015c fe842703 r 0e         00000008  lw       x14, -0x18(x8)
#2454 0 80000160 00170793 r 0f         00000009  addi     x15, x14, 0x1
#2455 0 80000164 fef42423 m f0041008   00000009  sw       x15, -0x18(x8)
#2456 0 80000168 fe442783 r 0f         00000008  lw       x15, -0x1c(x8)
#2457 0 8000016c 00178693 r 0d         00000009  addi     x13, x15, 0x1
#2458 0 80000170 fed42223 m f0041004   00000009  sw       x13, -0x1c(x8)
#2459 0 80000174 f00406b7 r 0d         f0040000  lui      x13, -0xffc0
#2460 0 80000178 00068693 r 0d         f0040000  addi     x13, x13, 0x0
#2461 0 8000017c     070a r 0e         00000020  c.slli   x14, 2
#2462 0 8000017e     9736 r 0e         f0040020  c.add    x14, x13
#2463 0 80000180     4318 r 0e         00000023  c.lw     x14, 0x0(x14)
#2464 0 80000182 f00406b7 r 0d         f0040000  lui      x13, -0xffc0
#2465 0 80000186 02c68693 r 0d         f004002c  addi     x13, x13, 0x2c
#2466 0 8000018a     078a r 0f         00000020  c.slli   x15, 2
#2467 0 8000018c     97b6 r 0f         f004004c  c.add    x15, x13
#2468 0 8000018e     c398 m f004004c   00000023  c.sw     x14, 0x0(x15)
#2469 0 80000190 fe842703 r 0e         00000009  lw       x14, -0x18(x8)
#2470 0 80000194 fd442783 r 0f         0000000a  lw       x15, -0x2c(x8)
#2471 0 80000198 fce7d2e3 r 00         00000000  bge      x15, x14, . - 0x3c
#2472 0 8000015c fe842703 r 0e         00000009  lw       x14, -0x18(x8)
#2473 0 80000160 00170793 r 0f         0000000a  addi     x15, x14, 0x1
#2474 0 80000164 fef42423 m f0041008   0000000a  sw       x15, -0x18(x8)
#2475 0 80000168 fe442783 r 0f         00000009  lw       x15, -0x1c(x8)
#2476 0 8000016c 00178693 r 0d         0000000a  addi     x13, x15, 0x1
#2477 0 80000170 fed42223 m f0041004   0000000a  sw       x13, -0x1c(x8)
#2478 0 80000174 f00406b7 r 0d         f0040000  lui      x13, -0xffc0
#2479 0 80000178 00068693 r 0d         f0040000  addi     x13, x13, 0x0
#2480 0 8000017c     070a r 0e         00000024  c.slli   x14, 2
#2481 0 8000017e     9736 r 0e         f0040024  c.add    x14, x13
#2482 0 80000180     4318 r 0e         0000002a  c.lw     x14, 0x0(x14)
#2483 0 80000182 f00406b7 r 0d         f0040000  lui      x13, -0xffc0
#2484 0 80000186 02c68693 r 0d         f004002c  addi     x13, x13, 0x2c
#2485 0 8000018a     078a r 0f         00000024  c.slli   x15, 2
#2486 0 8000018c     97b6 r 0f         f0040050  c.add    x15, x13
#2487 0 8000018e     c398 m f0040050   0000002a  c.sw     x14, 0x0(x15)
#2488 0 80000190 fe842703 r 0e         0000000a  lw       x14, -0x18(x8)
#2489 0 80000194 fd442783 r 0f         0000000a  lw       x15, -0x2c(x8)
#2490 0 80000198 fce7d2e3 r 00         00000000  bge      x15, x14, . - 0x3c
#2491 0 8000015c fe842703 r 0e         0000000a  lw       x14, -0x18(x8)
#2492 0 80000160 00170793 r 0f         0000000b  addi     x15, x14, 0x1
#2493 0 80000164 fef42423 m f0041008   0000000b  sw       x15, -0x18(x8)
#2494 0 80000168 fe442783 r 0f         0000000a  lw       x15, -0x1c(x8)
#2495 0 8000016c 00178693 r 0d         0000000b  addi     x13, x15, 0x1
#2496 0 80000170 fed42223 m f0041004   0000000b  sw       x13, -0x1c(x8)
#2497 0 80000174 f00406b7 r 0d         f0040000  lui      x13, -0xffc0
#2498 0 80000178 00068693 r 0d         f0040000  addi     x13, x13, 0x0
#2499 0 8000017c     070a r 0e         00000028  c.slli   x14, 2
#2500 0 8000017e     9736 r 0e         f0040028  c.add    x14, x13
#2501 0 80000180     4318 r 0e         0000002c  c.lw     x14, 0x0(x14)
#2502 0 80000182 f00406b7 r 0d         f0040000  lui      x13, -0xffc0
#2503 0 80000186 02c68693 r 0d         f004002c  addi     x13, x13, 0x2c
#2504 0 8000018a     078a r 0f         00000028  c.slli   x15, 2
#2505 0 8000018c     97b6 r 0f         f0040054  c.add    x15, x13
#2506 0 8000018e     c398 m f0040054   0000002c  c.sw     x14, 0x0(x15)
#2507 0 80000190 fe842703 r 0e         0000000b  lw       x14, -0x18(x8)
#2508 0 80000194 fd442783 r 0f         0000000a  lw       x15, -0x2c(x8)
#2509 0 80000198 fce7d2e3 r 00         00000000  bge      x15, x14, . - 0x3c
#2510 0 8000019c fdc42783 r 0f         00000000  lw       x15, -0x24(x8)
#2511 0 800001a0 fef42223 m f0041004   00000000  sw       x15, -0x1c(x8)
#2512 0 800001a4     a805 r 00         00000000  c.j      . + 0x30
#2513 0 800001d4 fe442703 r 0e         00000000  lw       x14, -0x1c(x8)
#2514 0 800001d8 fd442783 r 0f         0000000a  lw       x15, -0x2c(x8)
#2515 0 800001dc fce7d5e3 r 00         00000000  bge      x15, x14, . - 0x36
#2516 0 800001a6 f00407b7 r 0f         f0040000  lui      x15, -0xffc0
#2517 0 800001aa 02c78713 r 0e         f004002c  addi     x14, x15, 0x2c
#2518 0 800001ae fe442783 r 0f         00000000  lw       x15, -0x1c(x8)
#2519 0 800001b2     078a r 0f         00000000  c.slli   x15, 2
#2520 0 800001b4     97ba r 0f         f004002c  c.add    x15, x14
#2521 0 800001b6     4398 r 0e         00000000  c.lw     x14, 0x0(x15)
#2522 0 800001b8 f00407b7 r 0f         f0040000  lui      x15, -0xffc0
#2523 0 800001bc 00078693 r 0d         f0040000  addi     x13, x15, 0x0
#2524 0 800001c0 fe442783 r 0f         00000000  lw       x15, -0x1c(x8)
#2525 0 800001c4     078a r 0f         00000000  c.slli   x15, 2
#2526 0 800001c6     97b6 r 0f         f0040000  c.add    x15, x13
#2527 0 800001c8     c398 m f0040000   00000000  c.sw     x14, 0x0(x15)
#2528 0 800001ca fe442783 r 0f         00000000  lw       x15, -0x1c(x8)
#2529 0 800001ce     0785 r 0f         00000001  c.addi   x15, 0x1
#2530 0 800001d0 fef42223 m f0041004   00000001  sw       x15, -0x1c(x8)
#2531 0 800001d4 fe442703 r 0e         00000001  lw       x14, -0x1c(x8)
#2532 0 800001d8 fd442783 r 0f         0000000a  lw       x15, -0x2c(x8)
#2533 0 800001dc fce7d5e3 r 00         00000000  bge      x15, x14, . - 0x36
#2534 0 800001a6 f00407b7 r 0f         f0040000  lui      x15, -0xffc0
#2535 0 800001aa 02c78713 r 0e         f004002c  addi     x14, x15, 0x2c
#2536 0 800001ae fe442783 r 0f         00000001  lw       x15, -0x1c(x8)
#2537 0 800001b2     078a r 0f         00000004  c.slli   x15, 2
#2538 0 800001b4     97ba r 0f         f0040030  c.add    x15, x14
#2539 0 800001b6     4398 r 0e         0000000a  c.lw     x14, 0x0(x15)
#2540 0 800001b8 f00407b7 r 0f         f0040000  lui      x15, -0xffc0
#2541 0 800001bc 00078693 r 0d         f0040000  addi     x13, x15, 0x0
#2542 0 800001c0 fe442783 r 0f         00000001  lw       x15, -0x1c(x8)
#2543 0 800001c4     078a r 0f         00000004  c.slli   x15, 2
#2544 0 800001c6     97b6 r 0f         f0040004  c.add    x15, x13
#2545 0 800001c8     c398 m f0040004   0000000a  c.sw     x14, 0x0(x15)
#2546 0 800001ca fe442783 r 0f         00000001  lw       x15, -0x1c(x8)
#2547 0 800001ce     0785 r 0f         00000002  c.addi   x15, 0x1
#2548 0 800001d0 fef42223 m f0041004   00000002  sw       x15, -0x1c(x8)
#2549 0 800001d4 fe442703 r 0e         00000002  lw       x14, -0x1c(x8)
#2550 0 800001d8 fd442783 r 0f         0000000a  lw       x15, -0x2c(x8)
#2551 0 800001dc fce7d5e3 r 00         00000000  bge      x15, x14, . - 0x36
#2552 0 800001a6 f00407b7 r 0f         f0040000  lui      x15, -0xffc0
#2553 0 800001aa 02c78713 r 0e         f004002c  addi     x14, x15, 0x2c
#2554 0 800001ae fe442783 r 0f         00000002  lw       x15, -0x1c(x8)
#2555 0 800001b2     078a r 0f         00000008  c.slli   x15, 2
#2556 0 800001b4     97ba r 0f         f0040034  c.add    x15, x14
#2557 0 800001b6     4398 r 0e         0000000e  c.lw     x14, 0x0(x15)
#2558 0 800001b8 f00407b7 r 0f         f0040000  lui      x15, -0xffc0
#2559 0 800001bc 00078693 r 0d         f0040000  addi     x13, x15, 0x0
#2560 0 800001c0 fe442783 r 0f         00000002  lw       x15, -0x1c(x8)
#2561 0 800001c4     078a r 0f         00000008  c.slli   x15, 2
#2562 0 800001c6     97b6 r 0f         f0040008  c.add    x15, x13
#2563 0 800001c8     c398 m f0040008   0000000e  c.sw     x14, 0x0(x15)
#2564 0 800001ca fe442783 r 0f         00000002  lw       x15, -0x1c(x8)
#2565 0 800001ce     0785 r 0f         00000003  c.addi   x15, 0x1
#2566 0 800001d0 fef42223 m f0041004   00000003  sw       x15, -0x1c(x8)
#2567 0 800001d4 fe442703 r 0e         00000003  lw       x14, -0x1c(x8)
#2568 0 800001d8 fd442783 r 0f         0000000a  lw       x15, -0x2c(x8)
#2569 0 800001dc fce7d5e3 r 00         00000000  bge      x15, x14, . - 0x36
#2570 0 800001a6 f00407b7 r 0f         f0040000  lui      x15, -0xffc0
#2571 0 800001aa 02c78713 r 0e         f004002c  addi     x14, x15, 0x2c
#2572 0 800001ae fe442783 r 0f         00000003  lw       x15, -0x1c(x8)
#2573 0 800001b2     078a r 0f         0000000c  c.slli   x15, 2
#2574 0 800001b4     97ba r 0f         f0040038  c.add    x15, x14
#2575 0 800001b6     4398 r 0e         00000013  c.lw     x14, 0x0(x15)
#2576 0 800001b8 f00407b7 r 0f         f0040000  lui      x15, -0xffc0
#2577 0 800001bc 00078693 r 0d         f0040000  addi     x13, x15, 0x0
#2578 0 800001c0 fe442783 r 0f         00000003  lw       x15, -0x1c(x8)
#2579 0 800001c4     078a r 0f         0000000c  c.slli   x15, 2
#2580 0 800001c6     97b6 r 0f         f004000c  c.add    x15, x13
#2581 0 800001c8     c398 m f004000c   00000013  c.sw     x14, 0x0(x15)
#2582 0 800001ca fe442783 r 0f         00000003  lw       x15, -0x1c(x8)
#2583 0 800001ce     0785 r 0f         00000004  c.addi   x15, 0x1
#2584 0 800001d0 fef42223 m f0041004   00000004  sw       x15, -0x1c(x8)
#2585 0 800001d4 fe442703 r 0e         00000004  lw       x14, -0x1c(x8)
#2586 0 800001d8 fd442783 r 0f         0000000a  lw       x15, -0x2c(x8)
#2587 0 800001dc fce7d5e3 r 00         00000000  bge      x15, x14, . - 0x36
#2588 0 800001a6 f00407b7 r 0f         f0040000  lui      x15, -0xffc0
#2589 0 800001aa 02c78713 r 0e         f004002c  addi     x14, x15, 0x2c
#2590 0 800001ae fe442783 r 0f         00000004  lw       x15, -0x1c(x8)
#2591 0 800001b2     078a r 0f         00000010  c.slli   x15, 2
#2592 0 800001b4     97ba r 0f         f004003c  c.add    x15, x14
#2593 0 800001b6     4398 r 0e         0000001a  c.lw     x14, 0x0(x15)
#2594 0 800001b8 f00407b7 r 0f         f0040000  lui      x15, -0xffc0
#2595 0 800001bc 00078693 r 0d         f0040000  addi     x13, x15, 0x0
#2596 0 800001c0 fe442783 r 0f         00000004  lw       x15, -0x1c(x8)
#2597 0 800001c4     078a r 0f         00000010  c.slli   x15, 2
#2598 0 800001c6     97b6 r 0f         f0040010  c.add    x15, x13
#2599 0 800001c8     c398 m f0040010   0000001a  c.sw     x14, 0x0(x15)
#2600 0 800001ca fe442783 r 0f         00000004  lw       x15, -0x1c(x8)
#2601 0 800001ce     0785 r 0f         00000005  c.addi   x15, 0x1
#2602 0 800001d0 fef42223 m f0041004   00000005  sw       x15, -0x1c(x8)
#2603 0 800001d4 fe442703 r 0e         00000005  lw       x14, -0x1c(x8)
#2604 0 800001d8 fd442783 r 0f         0000000a  lw       x15, -0x2c(x8)
#2605 0 800001dc fce7d5e3 r 00         00000000  bge      x15, x14, . - 0x36
#2606 0 800001a6 f00407b7 r 0f         f0040000  lui      x15, -0xffc0
#2607 0 800001aa 02c78713 r 0e         f004002c  addi     x14, x15, 0x2c
#2608 0 800001ae fe442783 r 0f         00000005  lw       x15, -0x1c(x8)
#2609 0 800001b2     078a r 0f         00000014  c.slli   x15, 2
#2610 0 800001b4     97ba r 0f         f0040040  c.add    x15, x14
#2611 0 800001b6     4398 r 0e         0000001b  c.lw     x14, 0x0(x15)
#2612 0 800001b8 f00407b7 r 0f         f0040000  lui      x15, -0xffc0
#2613 0 800001bc 00078693 r 0d         f0040000  addi     x13, x15, 0x0
#2614 0 800001c0 fe442783 r 0f         00000005  lw       x15, -0x1c(x8)
#2615 0 800001c4     078a r 0f         00000014  c.slli   x15, 2
#2616 0 800001c6     97b6 r 0f         f0040014  c.add    x15, x13
#2617 0 800001c8     c398 m f0040014   0000001b  c.sw     x14, 0x0(x15)
#2618 0 800001ca fe442783 r 0f         00000005  lw       x15, -0x1c(x8)
#2619 0 800001ce     0785 r 0f         00000006  c.addi   x15, 0x1
#2620 0 800001d0 fef42223 m f0041004   00000006  sw       x15, -0x1c(x8)
#2621 0 800001d4 fe442703 r 0e         00000006  lw       x14, -0x1c(x8)
#2622 0 800001d8 fd442783 r 0f         0000000a  lw       x15, -0x2c(x8)
#2623 0 800001dc fce7d5e3 r 00         00000000  bge      x15, x14, . - 0x36
#2624 0 800001a6 f00407b7 r 0f         f0040000  lui      x15, -0xffc0
#2625 0 800001aa 02c78713 r 0e         f004002c  addi     x14, x15, 0x2c
#2626 0 800001ae fe442783 r 0f         00000006  lw       x15, -0x1c(x8)
#2627 0 800001b2     078a r 0f         00000018  c.slli   x15, 2
#2628 0 800001b4     97ba r 0f         f0040044  c.add    x15, x14
#2629 0 800001b6     4398 r 0e         0000001f  c.lw     x14, 0x0(x15)
#2630 0 800001b8 f00407b7 r 0f         f0040000  lui      x15, -0xffc0
#2631 0 800001bc 00078693 r 0d         f0040000  addi     x13, x15, 0x0
#2632 0 800001c0 fe442783 r 0f         00000006  lw       x15, -0x1c(x8)
#2633 0 800001c4     078a r 0f         00000018  c.slli   x15, 2
#2634 0 800001c6     97b6 r 0f         f0040018  c.add    x15, x13
#2635 0 800001c8     c398 m f0040018   0000001f  c.sw     x14, 0x0(x15)
#2636 0 800001ca fe442783 r 0f         00000006  lw       x15, -0x1c(x8)
#2637 0 800001ce     0785 r 0f         00000007  c.addi   x15, 0x1
#2638 0 800001d0 fef42223 m f0041004   00000007  sw       x15, -0x1c(x8)
#2639 0 800001d4 fe442703 r 0e         00000007  lw       x14, -0x1c(x8)
#2640 0 800001d8 fd442783 r 0f         0000000a  lw       x15, -0x2c(x8)
#2641 0 800001dc fce7d5e3 r 00         00000000  bge      x15, x14, . - 0x36
#2642 0 800001a6 f00407b7 r 0f         f0040000  lui      x15, -0xffc0
#2643 0 800001aa 02c78713 r 0e         f004002c  addi     x14, x15, 0x2c
#2644 0 800001ae fe442783 r 0f         00000007  lw       x15, -0x1c(x8)
#2645 0 800001b2     078a r 0f         0000001c  c.slli   x15, 2
#2646 0 800001b4     97ba r 0f         f0040048  c.add    x15, x14
#2647 0 800001b6     4398 r 0e         00000021  c.lw     x14, 0x0(x15)
#2648 0 800001b8 f00407b7 r 0f         f0040000  lui      x15, -0xffc0
#2649 0 800001bc 00078693 r 0d         f0040000  addi     x13, x15, 0x0
#2650 0 800001c0 fe442783 r 0f         00000007  lw       x15, -0x1c(x8)
#2651 0 800001c4     078a r 0f         0000001c  c.slli   x15, 2
#2652 0 800001c6     97b6 r 0f         f004001c  c.add    x15, x13
#2653 0 800001c8     c398 m f004001c   00000021  c.sw     x14, 0x0(x15)
#2654 0 800001ca fe442783 r 0f         00000007  lw       x15, -0x1c(x8)
#2655 0 800001ce     0785 r 0f         00000008  c.addi   x15, 0x1
#2656 0 800001d0 fef42223 m f0041004   00000008  sw       x15, -0x1c(x8)
#2657 0 800001d4 fe442703 r 0e         00000008  lw       x14, -0x1c(x8)
#2658 0 800001d8 fd442783 r 0f         0000000a  lw       x15, -0x2c(x8)
#2659 0 800001dc fce7d5e3 r 00         00000000  bge      x15, x14, . - 0x36
#2660 0 800001a6 f00407b7 r 0f         f0040000  lui      x15, -0xffc0
#2661 0 800001aa 02c78713 r 0e         f004002c  addi     x14, x15, 0x2c
#2662 0 800001ae fe442783 r 0f         00000008  lw       x15, -0x1c(x8)
#2663 0 800001b2     078a r 0f         00000020  c.slli   x15, 2
#2664 0 800001b4     97ba r 0f         f004004c  c.add    x15, x14
#2665 0 800001b6     4398 r 0e         00000023  c.lw     x14, 0x0(x15)
#2666 0 800001b8 f00407b7 r 0f         f0040000  lui      x15, -0xffc0
#2667 0 800001bc 00078693 r 0d         f0040000  addi     x13, x15, 0x0
#2668 0 800001c0 fe442783 r 0f         00000008  lw       x15, -0x1c(x8)
#2669 0 800001c4     078a r 0f         00000020  c.slli   x15, 2
#2670 0 800001c6     97b6 r 0f         f0040020  c.add    x15, x13
#2671 0 800001c8     c398 m f0040020   00000023  c.sw     x14, 0x0(x15)
#2672 0 800001ca fe442783 r 0f         00000008  lw       x15, -0x1c(x8)
#2673 0 800001ce     0785 r 0f         00000009  c.addi   x15, 0x1
#2674 0 800001d0 fef42223 m f0041004   00000009  sw       x15, -0x1c(x8)
#2675 0 800001d4 fe442703 r 0e         00000009  lw       x14, -0x1c(x8)
#2676 0 800001d8 fd442783 r 0f         0000000a  lw       x15, -0x2c(x8)
#2677 0 800001dc fce7d5e3 r 00         00000000  bge      x15, x14, . - 0x36
#2678 0 800001a6 f00407b7 r 0f         f0040000  lui      x15, -0xffc0
#2679 0 800001aa 02c78713 r 0e         f004002c  addi     x14, x15, 0x2c
#2680 0 800001ae fe442783 r 0f         00000009  lw       x15, -0x1c(x8)
#2681 0 800001b2     078a r 0f         00000024  c.slli   x15, 2
#2682 0 800001b4     97ba r 0f         f0040050  c.add    x15, x14
#2683 0 800001b6     4398 r 0e         0000002a  c.lw     x14, 0x0(x15)
#2684 0 800001b8 f00407b7 r 0f         f0040000  lui      x15, -0xffc0
#2685 0 800001bc 00078693 r 0d         f0040000  addi     x13, x15, 0x0
#2686 0 800001c0 fe442783 r 0f         00000009  lw       x15, -0x1c(x8)
#2687 0 800001c4     078a r 0f         00000024  c.slli   x15, 2
#2688 0 800001c6     97b6 r 0f         f0040024  c.add    x15, x13
#2689 0 800001c8     c398 m f0040024   0000002a  c.sw     x14, 0x0(x15)
#2690 0 800001ca fe442783 r 0f         00000009  lw       x15, -0x1c(x8)
#2691 0 800001ce     0785 r 0f         0000000a  c.addi   x15, 0x1
#2692 0 800001d0 fef42223 m f0041004   0000000a  sw       x15, -0x1c(x8)
#2693 0 800001d4 fe442703 r 0e         0000000a  lw       x14, -0x1c(x8)
#2694 0 800001d8 fd442783 r 0f         0000000a  lw       x15, -0x2c(x8)
#2695 0 800001dc fce7d5e3 r 00         00000000  bge      x15, x14, . - 0x36
#2696 0 800001a6 f00407b7 r 0f         f0040000  lui      x15, -0xffc0
#2697 0 800001aa 02c78713 r 0e         f004002c  addi     x14, x15, 0x2c
#2698 0 800001ae fe442783 r 0f         0000000a  lw       x15, -0x1c(x8)
#2699 0 800001b2     078a r 0f         00000028  c.slli   x15, 2
#2700 0 800001b4     97ba r 0f         f0040054  c.add    x15, x14
#2701 0 800001b6     4398 r 0e         0000002c  c.lw     x14, 0x0(x15)
#2702 0 800001b8 f00407b7 r 0f         f0040000  lui      x15, -0xffc0
#2703 0 800001bc 00078693 r 0d         f0040000  addi     x13, x15, 0x0
#2704 0 800001c0 fe442783 r 0f         0000000a  lw       x15, -0x1c(x8)
#2705 0 800001c4     078a r 0f         00000028  c.slli   x15, 2
#2706 0 800001c6     97b6 r 0f         f0040028  c.add    x15, x13
#2707 0 800001c8     c398 m f0040028   0000002c  c.sw     x14, 0x0(x15)
#2708 0 800001ca fe442783 r 0f         0000000a  lw       x15, -0x1c(x8)
#2709 0 800001ce     0785 r 0f         0000000b  c.addi   x15, 0x1
#2710 0 800001d0 fef42223 m f0041004   0000000b  sw       x15, -0x1c(x8)
#2711 0 800001d4 fe442703 r 0e         0000000b  lw       x14, -0x1c(x8)
#2712 0 800001d8 fd442783 r 0f         0000000a  lw       x15, -0x2c(x8)
#2713 0 800001dc fce7d5e3 r 00         00000000  bge      x15, x14, . - 0x36
#2714 0 800001e0     0001 r 00         00000000  c.nop
#2715 0 800001e2     0001 r 00         00000000  c.nop
#2716 0 800001e4     5432 r 08         f0041050  c.lwsp   x8, 0x2c
#2717 0 800001e6     6145 r 02         f0041020  c.addi16sp 0x3
#2718 0 800001e8     8082 r 00         00000000  c.jr     x1
#2719 0 80000242     a011 r 00         00000000  c.j      . + 0x4
#2720 0 80000246     50b2 r 01         8000025c  c.lwsp   x1, 0x2c
#2721 0 80000248     5422 r 08         f0041060  c.lwsp   x8, 0x28
#2722 0 8000024a     6145 r 02         f0041050  c.addi16sp 0x3
#2723 0 8000024c     8082 r 00         00000000  c.jr     x1
#2724 0 8000025c     4781 r 0f         00000000  c.li     x15, 0x0
#2725 0 8000025e     853e r 0a         00000000  c.mv     x10, x15
#2726 0 80000260     40b2 r 01         80000018  c.lwsp   x1, 0xc
#2727 0 80000262     4422 r 08         00000000  c.lwsp   x8, 0x8
#2728 0 80000264     0141 r 02         f0041060  c.addi   x2, 0x10
#2729 0 80000266     8082 r 00         00000000  c.jr     x1
#2730 0 80000018 50580297 r 05         d0580018  auipc    x5, 0x50580
#2731 0 8000001c fe828293 r 05         d0580000  addi     x5, x5, -0x18
#2732 0 80000020 0ff00313 r 06         000000ff  addi     x6, x0, 0xff
#2733 0 80000024 00628023 m d0580000   000000ff  sb       x6, 0x0(x5)
