#1 0 80000000 595552b7 r 05         59555000  lui      x5, 0x59555
#2 0 80000004 55528293 r 05         59555555  addi     x5, x5, 0x555
#3 0 80000008 7c029073 c 07c0       59555555  csrrw    x0, mrac, x5
#4 0 8000000c 70041117 r 02         f004100c  auipc    x2, 0x70041
#5 0 80000010 ff410113 r 02         f0041000  addi     x2, x2, -0xc
#6 0 80000014     2805 r 01         80000016  c.jal    . + 0x30
#7 0 80000044     1101 r 02         f0040fe0  c.addi   x2, -0x20
#8 0 80000046     ce22 m f0040ffc   00000000  c.swsp   x8, 0x1c
#9 0 80000048     1000 r 08         f0041000  c.addi4spn  x8, 0x8
#10 0 8000004a     479d r 0f         00000007  c.li     x15, 0x7
#11 0 8000004c fef42223 m f0040fe4   00000007  sw       x15, -0x1c(x8)
#12 0 80000050     4785 r 0f         00000001  c.li     x15, 0x1
#13 0 80000052 fef42423 m f0040fe8   00000001  sw       x15, -0x18(x8)
#14 0 80000056     4785 r 0f         00000001  c.li     x15, 0x1
#15 0 80000058 fef42623 m f0040fec   00000001  sw       x15, -0x14(x8)
#16 0 8000005c     a831 r 00         00000000  c.j      . + 0x1c
#17 0 80000078 fec42703 r 0e         00000001  lw       x14, -0x14(x8)
#18 0 8000007c fe442783 r 0f         00000007  lw       x15, -0x1c(x8)
#19 0 80000080 fce7dfe3 r 00         00000000  bge      x15, x14, . - 0x22
#20 0 8000005e fe842703 r 0e         00000001  lw       x14, -0x18(x8)
#21 0 80000062 fec42783 r 0f         00000001  lw       x15, -0x14(x8)
#22 0 80000066 02f707b3 r 0f         00000001  mul      x15, x14, x15
#23 0 8000006a fef42423 m f0040fe8   00000001  sw       x15, -0x18(x8)
#24 0 8000006e fec42783 r 0f         00000001  lw       x15, -0x14(x8)
#25 0 80000072     0785 r 0f         00000002  c.addi   x15, 0x1
#26 0 80000074 fef42623 m f0040fec   00000002  sw       x15, -0x14(x8)
#27 0 80000078 fec42703 r 0e         00000002  lw       x14, -0x14(x8)
#28 0 8000007c fe442783 r 0f         00000007  lw       x15, -0x1c(x8)
#29 0 80000080 fce7dfe3 r 00         00000000  bge      x15, x14, . - 0x22
#30 0 8000005e fe842703 r 0e         00000001  lw       x14, -0x18(x8)
#31 0 80000062 fec42783 r 0f         00000002  lw       x15, -0x14(x8)
#32 0 80000066 02f707b3 r 0f         00000002  mul      x15, x14, x15
#33 0 8000006a fef42423 m f0040fe8   00000002  sw       x15, -0x18(x8)
#34 0 8000006e fec42783 r 0f         00000002  lw       x15, -0x14(x8)
#35 0 80000072     0785 r 0f         00000003  c.addi   x15, 0x1
#36 0 80000074 fef42623 m f0040fec   00000003  sw       x15, -0x14(x8)
#37 0 80000078 fec42703 r 0e         00000003  lw       x14, -0x14(x8)
#38 0 8000007c fe442783 r 0f         00000007  lw       x15, -0x1c(x8)
#39 0 80000080 fce7dfe3 r 00         00000000  bge      x15, x14, . - 0x22
#40 0 8000005e fe842703 r 0e         00000002  lw       x14, -0x18(x8)
#41 0 80000062 fec42783 r 0f         00000003  lw       x15, -0x14(x8)
#42 0 80000066 02f707b3 r 0f         00000006  mul      x15, x14, x15
#43 0 8000006a fef42423 m f0040fe8   00000006  sw       x15, -0x18(x8)
#44 0 8000006e fec42783 r 0f         00000003  lw       x15, -0x14(x8)
#45 0 80000072     0785 r 0f         00000004  c.addi   x15, 0x1
#46 0 80000074 fef42623 m f0040fec   00000004  sw       x15, -0x14(x8)
#47 0 80000078 fec42703 r 0e         00000004  lw       x14, -0x14(x8)
#48 0 8000007c fe442783 r 0f         00000007  lw       x15, -0x1c(x8)
#49 0 80000080 fce7dfe3 r 00         00000000  bge      x15, x14, . - 0x22
#50 0 8000005e fe842703 r 0e         00000006  lw       x14, -0x18(x8)
#51 0 80000062 fec42783 r 0f         00000004  lw       x15, -0x14(x8)
#52 0 80000066 02f707b3 r 0f         00000018  mul      x15, x14, x15
#53 0 8000006a fef42423 m f0040fe8   00000018  sw       x15, -0x18(x8)
#54 0 8000006e fec42783 r 0f         00000004  lw       x15, -0x14(x8)
#55 0 80000072     0785 r 0f         00000005  c.addi   x15, 0x1
#56 0 80000074 fef42623 m f0040fec   00000005  sw       x15, -0x14(x8)
#57 0 80000078 fec42703 r 0e         00000005  lw       x14, -0x14(x8)
#58 0 8000007c fe442783 r 0f         00000007  lw       x15, -0x1c(x8)
#59 0 80000080 fce7dfe3 r 00         00000000  bge      x15, x14, . - 0x22
#60 0 8000005e fe842703 r 0e         00000018  lw       x14, -0x18(x8)
#61 0 80000062 fec42783 r 0f         00000005  lw       x15, -0x14(x8)
#62 0 80000066 02f707b3 r 0f         00000078  mul      x15, x14, x15
#63 0 8000006a fef42423 m f0040fe8   00000078  sw       x15, -0x18(x8)
#64 0 8000006e fec42783 r 0f         00000005  lw       x15, -0x14(x8)
#65 0 80000072     0785 r 0f         00000006  c.addi   x15, 0x1
#66 0 80000074 fef42623 m f0040fec   00000006  sw       x15, -0x14(x8)
#67 0 80000078 fec42703 r 0e         00000006  lw       x14, -0x14(x8)
#68 0 8000007c fe442783 r 0f         00000007  lw       x15, -0x1c(x8)
#69 0 80000080 fce7dfe3 r 00         00000000  bge      x15, x14, . - 0x22
#70 0 8000005e fe842703 r 0e         00000078  lw       x14, -0x18(x8)
#71 0 80000062 fec42783 r 0f         00000006  lw       x15, -0x14(x8)
#72 0 80000066 02f707b3 r 0f         000002d0  mul      x15, x14, x15
#73 0 8000006a fef42423 m f0040fe8   000002d0  sw       x15, -0x18(x8)
#74 0 8000006e fec42783 r 0f         00000006  lw       x15, -0x14(x8)
#75 0 80000072     0785 r 0f         00000007  c.addi   x15, 0x1
#76 0 80000074 fef42623 m f0040fec   00000007  sw       x15, -0x14(x8)
#77 0 80000078 fec42703 r 0e         00000007  lw       x14, -0x14(x8)
#78 0 8000007c fe442783 r 0f         00000007  lw       x15, -0x1c(x8)
#79 0 80000080 fce7dfe3 r 00         00000000  bge      x15, x14, . - 0x22
#80 0 8000005e fe842703 r 0e         000002d0  lw       x14, -0x18(x8)
#81 0 80000062 fec42783 r 0f         00000007  lw       x15, -0x14(x8)
#82 0 80000066 02f707b3 r 0f         000013b0  mul      x15, x14, x15
#83 0 8000006a fef42423 m f0040fe8   000013b0  sw       x15, -0x18(x8)
#84 0 8000006e fec42783 r 0f         00000007  lw       x15, -0x14(x8)
#85 0 80000072     0785 r 0f         00000008  c.addi   x15, 0x1
#86 0 80000074 fef42623 m f0040fec   00000008  sw       x15, -0x14(x8)
#87 0 80000078 fec42703 r 0e         00000008  lw       x14, -0x14(x8)
#88 0 8000007c fe442783 r 0f         00000007  lw       x15, -0x1c(x8)
#89 0 80000080 fce7dfe3 r 00         00000000  bge      x15, x14, . - 0x22
#90 0 80000084     0001 r 00         00000000  c.nop
#91 0 80000086     0001 r 00         00000000  c.nop
#92 0 80000088     4472 r 08         00000000  c.lwsp   x8, 0x1c
#93 0 8000008a     6105 r 02         f0041000  c.addi16sp 0x2
#94 0 8000008c     8082 r 00         00000000  c.jr     x1
#95 0 80000016 50580297 r 05         d0580016  auipc    x5, 0x50580
#96 0 8000001a fea28293 r 05         d0580000  addi     x5, x5, -0x16
#97 0 8000001e 0ff00313 r 06         000000ff  addi     x6, x0, 0xff
#98 0 80000022 00628023 m d0580000   000000ff  sb       x6, 0x0(x5)
