#1 0 80000000 595552b7 r 05         59555000  lui      x5, 0x59555
#2 0 80000004 55528293 r 05         59555555  addi     x5, x5, 0x555
#3 0 80000008 7c029073 c 07c0       59555555  csrrw    x0, mrac, x5
#4 0 8000000c 70041117 r 02         f004100c  auipc    x2, 0x70041
#5 0 80000010 ff410113 r 02         f0041000  addi     x2, x2, -0xc
#6 0 80000014     2851 r 01         80000016  c.jal    . + 0x94
#7 0 800000a8     1101 r 02         f0040fe0  c.addi   x2, -0x20
#8 0 800000aa     ce06 m f0040ffc   80000016  c.swsp   x1, 0x1c
#9 0 800000ac     cc22 m f0040ff8   00000000  c.swsp   x8, 0x18
#10 0 800000ae     1000 r 08         f0041000  c.addi4spn  x8, 0x8
#11 0 800000b0     478d r 0f         00000003  c.li     x15, 0x3
#12 0 800000b2 fef42623 m f0040fec   00000003  sw       x15, -0x14(x8)
#13 0 800000b6     47ad r 0f         0000000b  c.li     x15, 0xb
#14 0 800000b8 fef42423 m f0040fe8   0000000b  sw       x15, -0x18(x8)
#15 0 800000bc fe842583 r 0b         0000000b  lw       x11, -0x18(x8)
#16 0 800000c0 fec42503 r 0a         00000003  lw       x10, -0x14(x8)
#17 0 800000c4     3741 r 01         800000c6  c.jal    . - 0x80
#18 0 80000044     7179 r 02         f0040fb0  c.addi16sp -0x3
#19 0 80000046     d622 m f0040fdc   f0041000  c.swsp   x8, 0x2c
#20 0 80000048     1800 r 08         f0040fe0  c.addi4spn  x8, 0xc
#21 0 8000004a fca42e23 m f0040fbc   00000003  sw       x10, -0x24(x8)
#22 0 8000004e fcb42c23 m f0040fb8   0000000b  sw       x11, -0x28(x8)
#23 0 80000052     4785 r 0f         00000001  c.li     x15, 0x1
#24 0 80000054 fef42623 m f0040fcc   00000001  sw       x15, -0x14(x8)
#25 0 80000058     a835 r 00         00000000  c.j      . + 0x3c
#26 0 80000094 fec42703 r 0e         00000001  lw       x14, -0x14(x8)
#27 0 80000098 fd842783 r 0f         0000000b  lw       x15, -0x28(x8)
#28 0 8000009c faf74fe3 r 00         00000000  blt      x14, x15, . - 0x42
#29 0 8000005a fdc42703 r 0e         00000003  lw       x14, -0x24(x8)
#30 0 8000005e fd842783 r 0f         0000000b  lw       x15, -0x28(x8)
#31 0 80000062 02f76733 r 0e         00000003  rem      x14, x14, x15
#32 0 80000066 fec42683 r 0d         00000001  lw       x13, -0x14(x8)
#33 0 8000006a fd842783 r 0f         0000000b  lw       x15, -0x28(x8)
#34 0 8000006e 02f6e7b3 r 0f         00000001  rem      x15, x13, x15
#35 0 80000072 02f70733 r 0e         00000003  mul      x14, x14, x15
#36 0 80000076 fd842783 r 0f         0000000b  lw       x15, -0x28(x8)
#37 0 8000007a 02f76733 r 0e         00000003  rem      x14, x14, x15
#38 0 8000007e     4785 r 0f         00000001  c.li     x15, 0x1
#39 0 80000080 00f71563 r 00         00000000  bne      x14, x15, . + 0xa
#40 0 8000008a fec42783 r 0f         00000001  lw       x15, -0x14(x8)
#41 0 8000008e     0785 r 0f         00000002  c.addi   x15, 0x1
#42 0 80000090 fef42623 m f0040fcc   00000002  sw       x15, -0x14(x8)
#43 0 80000094 fec42703 r 0e         00000002  lw       x14, -0x14(x8)
#44 0 80000098 fd842783 r 0f         0000000b  lw       x15, -0x28(x8)
#45 0 8000009c faf74fe3 r 00         00000000  blt      x14, x15, . - 0x42
#46 0 8000005a fdc42703 r 0e         00000003  lw       x14, -0x24(x8)
#47 0 8000005e fd842783 r 0f         0000000b  lw       x15, -0x28(x8)
#48 0 80000062 02f76733 r 0e         00000003  rem      x14, x14, x15
#49 0 80000066 fec42683 r 0d         00000002  lw       x13, -0x14(x8)
#50 0 8000006a fd842783 r 0f         0000000b  lw       x15, -0x28(x8)
#51 0 8000006e 02f6e7b3 r 0f         00000002  rem      x15, x13, x15
#52 0 80000072 02f70733 r 0e         00000006  mul      x14, x14, x15
#53 0 80000076 fd842783 r 0f         0000000b  lw       x15, -0x28(x8)
#54 0 8000007a 02f76733 r 0e         00000006  rem      x14, x14, x15
#55 0 8000007e     4785 r 0f         00000001  c.li     x15, 0x1
#56 0 80000080 00f71563 r 00         00000000  bne      x14, x15, . + 0xa
#57 0 8000008a fec42783 r 0f         00000002  lw       x15, -0x14(x8)
#58 0 8000008e     0785 r 0f         00000003  c.addi   x15, 0x1
#59 0 80000090 fef42623 m f0040fcc   00000003  sw       x15, -0x14(x8)
#60 0 80000094 fec42703 r 0e         00000003  lw       x14, -0x14(x8)
#61 0 80000098 fd842783 r 0f         0000000b  lw       x15, -0x28(x8)
#62 0 8000009c faf74fe3 r 00         00000000  blt      x14, x15, . - 0x42
#63 0 8000005a fdc42703 r 0e         00000003  lw       x14, -0x24(x8)
#64 0 8000005e fd842783 r 0f         0000000b  lw       x15, -0x28(x8)
#65 0 80000062 02f76733 r 0e         00000003  rem      x14, x14, x15
#66 0 80000066 fec42683 r 0d         00000003  lw       x13, -0x14(x8)
#67 0 8000006a fd842783 r 0f         0000000b  lw       x15, -0x28(x8)
#68 0 8000006e 02f6e7b3 r 0f         00000003  rem      x15, x13, x15
#69 0 80000072 02f70733 r 0e         00000009  mul      x14, x14, x15
#70 0 80000076 fd842783 r 0f         0000000b  lw       x15, -0x28(x8)
#71 0 8000007a 02f76733 r 0e         00000009  rem      x14, x14, x15
#72 0 8000007e     4785 r 0f         00000001  c.li     x15, 0x1
#73 0 80000080 00f71563 r 00         00000000  bne      x14, x15, . + 0xa
#74 0 8000008a fec42783 r 0f         00000003  lw       x15, -0x14(x8)
#75 0 8000008e     0785 r 0f         00000004  c.addi   x15, 0x1
#76 0 80000090 fef42623 m f0040fcc   00000004  sw       x15, -0x14(x8)
#77 0 80000094 fec42703 r 0e         00000004  lw       x14, -0x14(x8)
#78 0 80000098 fd842783 r 0f         0000000b  lw       x15, -0x28(x8)
#79 0 8000009c faf74fe3 r 00         00000000  blt      x14, x15, . - 0x42
#80 0 8000005a fdc42703 r 0e         00000003  lw       x14, -0x24(x8)
#81 0 8000005e fd842783 r 0f         0000000b  lw       x15, -0x28(x8)
#82 0 80000062 02f76733 r 0e         00000003  rem      x14, x14, x15
#83 0 80000066 fec42683 r 0d         00000004  lw       x13, -0x14(x8)
#84 0 8000006a fd842783 r 0f         0000000b  lw       x15, -0x28(x8)
#85 0 8000006e 02f6e7b3 r 0f         00000004  rem      x15, x13, x15
#86 0 80000072 02f70733 r 0e         0000000c  mul      x14, x14, x15
#87 0 80000076 fd842783 r 0f         0000000b  lw       x15, -0x28(x8)
#88 0 8000007a 02f76733 r 0e         00000001  rem      x14, x14, x15
#89 0 8000007e     4785 r 0f         00000001  c.li     x15, 0x1
#90 0 80000080 00f71563 r 00         00000000  bne      x14, x15, . + 0xa
#91 0 80000084 fec42783 r 0f         00000004  lw       x15, -0x14(x8)
#92 0 80000088     a821 r 00         00000000  c.j      . + 0x18
#93 0 800000a0     853e r 0a         00000004  c.mv     x10, x15
#94 0 800000a2     5432 r 08         f0041000  c.lwsp   x8, 0x2c
#95 0 800000a4     6145 r 02         f0040fe0  c.addi16sp 0x3
#96 0 800000a6     8082 r 00         00000000  c.jr     x1
#97 0 800000c6     0001 r 00         00000000  c.nop
#98 0 800000c8     40f2 r 01         80000016  c.lwsp   x1, 0x1c
#99 0 800000ca     4462 r 08         00000000  c.lwsp   x8, 0x18
#100 0 800000cc     6105 r 02         f0041000  c.addi16sp 0x2
#101 0 800000ce     8082 r 00         00000000  c.jr     x1
#102 0 80000016 50580297 r 05         d0580016  auipc    x5, 0x50580
#103 0 8000001a fea28293 r 05         d0580000  addi     x5, x5, -0x16
#104 0 8000001e 0ff00313 r 06         000000ff  addi     x6, x0, 0xff
#105 0 80000022 00628023 m d0580000   000000ff  sb       x6, 0x0(x5)
