#1 0 80000000 595552b7 r 05         59555000  lui      x5, 0x59555
#2 0 80000004 55528293 r 05         59555555  addi     x5, x5, 0x555
#3 0 80000008 7c029073 c 07c0       59555555  csrrw    x0, mrac, x5
#4 0 8000000c 70041117 r 02         f004100c  auipc    x2, 0x70041
#5 0 80000010 ff410113 r 02         f0041000  addi     x2, x2, -0xc
#6 0 80000014     20e1 r 01         80000016  c.jal    . + 0xc8
#7 0 800000dc     1101 r 02         f0040fe0  c.addi   x2, -0x20
#8 0 800000de     ce06 m f0040ffc   80000016  c.swsp   x1, 0x1c
#9 0 800000e0     cc22 m f0040ff8   00000000  c.swsp   x8, 0x18
#10 0 800000e2     1000 r 08         f0041000  c.addi4spn  x8, 0x8
#11 0 800000e4     4785 r 0f         00000001  c.li     x15, 0x1
#12 0 800000e6 fef42623 m f0040fec   00000001  sw       x15, -0x14(x8)
#13 0 800000ea     a811 r 00         00000000  c.j      . + 0x14
#14 0 800000fe fec42703 r 0e         00000001  lw       x14, -0x14(x8)
#15 0 80000102     47a9 r 0f         0000000a  c.li     x15, 0xa
#16 0 80000104 fee7d4e3 r 00         00000000  bge      x15, x14, . - 0x18
#17 0 800000ec fec42783 r 0f         00000001  lw       x15, -0x14(x8)
#18 0 800000f0     853e r 0a         00000001  c.mv     x10, x15
#19 0 800000f2     3779 r 01         800000f4  c.jal    . - 0x72
#20 0 80000080     7179 r 02         f0040fb0  c.addi16sp -0x3
#21 0 80000082     d606 m f0040fdc   800000f4  c.swsp   x1, 0x2c
#22 0 80000084     d422 m f0040fd8   f0041000  c.swsp   x8, 0x28
#23 0 80000086     1800 r 08         f0040fe0  c.addi4spn  x8, 0xc
#24 0 80000088 fca42e23 m f0040fbc   00000001  sw       x10, -0x24(x8)
#25 0 8000008c     4785 r 0f         00000001  c.li     x15, 0x1
#26 0 8000008e fef42623 m f0040fcc   00000001  sw       x15, -0x14(x8)
#27 0 80000092     4789 r 0f         00000002  c.li     x15, 0x2
#28 0 80000094 fef42423 m f0040fc8   00000002  sw       x15, -0x18(x8)
#29 0 80000098     a02d r 00         00000000  c.j      . + 0x2a
#30 0 800000c2 fe842783 r 0f         00000002  lw       x15, -0x18(x8)
#31 0 800000c6 fdc42703 r 0e         00000001  lw       x14, -0x24(x8)
#32 0 800000ca fce7e8e3 r 00         00000000  bltu     x15, x14, . - 0x30
#33 0 800000ce fec42783 r 0f         00000001  lw       x15, -0x14(x8)
#34 0 800000d2     853e r 0a         00000001  c.mv     x10, x15
#35 0 800000d4     50b2 r 01         800000f4  c.lwsp   x1, 0x2c
#36 0 800000d6     5422 r 08         f0041000  c.lwsp   x8, 0x28
#37 0 800000d8     6145 r 02         f0040fe0  c.addi16sp 0x3
#38 0 800000da     8082 r 00         00000000  c.jr     x1
#39 0 800000f4 fec42783 r 0f         00000001  lw       x15, -0x14(x8)
#40 0 800000f8     0785 r 0f         00000002  c.addi   x15, 0x1
#41 0 800000fa fef42623 m f0040fec   00000002  sw       x15, -0x14(x8)
#42 0 800000fe fec42703 r 0e         00000002  lw       x14, -0x14(x8)
#43 0 80000102     47a9 r 0f         0000000a  c.li     x15, 0xa
#44 0 80000104 fee7d4e3 r 00         00000000  bge      x15, x14, . - 0x18
#45 0 800000ec fec42783 r 0f         00000002  lw       x15, -0x14(x8)
#46 0 800000f0     853e r 0a         00000002  c.mv     x10, x15
#47 0 800000f2     3779 r 01         800000f4  c.jal    . - 0x72
#48 0 80000080     7179 r 02         f0040fb0  c.addi16sp -0x3
#49 0 80000082     d606 m f0040fdc   800000f4  c.swsp   x1, 0x2c
#50 0 80000084     d422 m f0040fd8   f0041000  c.swsp   x8, 0x28
#51 0 80000086     1800 r 08         f0040fe0  c.addi4spn  x8, 0xc
#52 0 80000088 fca42e23 m f0040fbc   00000002  sw       x10, -0x24(x8)
#53 0 8000008c     4785 r 0f         00000001  c.li     x15, 0x1
#54 0 8000008e fef42623 m f0040fcc   00000001  sw       x15, -0x14(x8)
#55 0 80000092     4789 r 0f         00000002  c.li     x15, 0x2
#56 0 80000094 fef42423 m f0040fc8   00000002  sw       x15, -0x18(x8)
#57 0 80000098     a02d r 00         00000000  c.j      . + 0x2a
#58 0 800000c2 fe842783 r 0f         00000002  lw       x15, -0x18(x8)
#59 0 800000c6 fdc42703 r 0e         00000002  lw       x14, -0x24(x8)
#60 0 800000ca fce7e8e3 r 00         00000000  bltu     x15, x14, . - 0x30
#61 0 800000ce fec42783 r 0f         00000001  lw       x15, -0x14(x8)
#62 0 800000d2     853e r 0a         00000001  c.mv     x10, x15
#63 0 800000d4     50b2 r 01         800000f4  c.lwsp   x1, 0x2c
#64 0 800000d6     5422 r 08         f0041000  c.lwsp   x8, 0x28
#65 0 800000d8     6145 r 02         f0040fe0  c.addi16sp 0x3
#66 0 800000da     8082 r 00         00000000  c.jr     x1
#67 0 800000f4 fec42783 r 0f         00000002  lw       x15, -0x14(x8)
#68 0 800000f8     0785 r 0f         00000003  c.addi   x15, 0x1
#69 0 800000fa fef42623 m f0040fec   00000003  sw       x15, -0x14(x8)
#70 0 800000fe fec42703 r 0e         00000003  lw       x14, -0x14(x8)
#71 0 80000102     47a9 r 0f         0000000a  c.li     x15, 0xa
#72 0 80000104 fee7d4e3 r 00         00000000  bge      x15, x14, . - 0x18
#73 0 800000ec fec42783 r 0f         00000003  lw       x15, -0x14(x8)
#74 0 800000f0     853e r 0a         00000003  c.mv     x10, x15
#75 0 800000f2     3779 r 01         800000f4  c.jal    . - 0x72
#76 0 80000080     7179 r 02         f0040fb0  c.addi16sp -0x3
#77 0 80000082     d606 m f0040fdc   800000f4  c.swsp   x1, 0x2c
#78 0 80000084     d422 m f0040fd8   f0041000  c.swsp   x8, 0x28
#79 0 80000086     1800 r 08         f0040fe0  c.addi4spn  x8, 0xc
#80 0 80000088 fca42e23 m f0040fbc   00000003  sw       x10, -0x24(x8)
#81 0 8000008c     4785 r 0f         00000001  c.li     x15, 0x1
#82 0 8000008e fef42623 m f0040fcc   00000001  sw       x15, -0x14(x8)
#83 0 80000092     4789 r 0f         00000002  c.li     x15, 0x2
#84 0 80000094 fef42423 m f0040fc8   00000002  sw       x15, -0x18(x8)
#85 0 80000098     a02d r 00         00000000  c.j      . + 0x2a
#86 0 800000c2 fe842783 r 0f         00000002  lw       x15, -0x18(x8)
#87 0 800000c6 fdc42703 r 0e         00000003  lw       x14, -0x24(x8)
#88 0 800000ca fce7e8e3 r 00         00000000  bltu     x15, x14, . - 0x30
#89 0 8000009a fdc42783 r 0f         00000003  lw       x15, -0x24(x8)
#90 0 8000009e     85be r 0b         00000003  c.mv     x11, x15
#91 0 800000a0 fe842503 r 0a         00000002  lw       x10, -0x18(x8)
#92 0 800000a4     3745 r 01         800000a6  c.jal    . - 0x60
#93 0 80000044     1101 r 02         f0040f90  c.addi   x2, -0x20
#94 0 80000046     ce06 m f0040fac   800000a6  c.swsp   x1, 0x1c
#95 0 80000048     cc22 m f0040fa8   f0040fe0  c.swsp   x8, 0x18
#96 0 8000004a     1000 r 08         f0040fb0  c.addi4spn  x8, 0x8
#97 0 8000004c fea42623 m f0040f9c   00000002  sw       x10, -0x14(x8)
#98 0 80000050 feb42423 m f0040f98   00000003  sw       x11, -0x18(x8)
#99 0 80000054 fec42783 r 0f         00000002  lw       x15, -0x14(x8)
#100 0 80000058     e781 r 00         00000000  c.bnez   x15, . + 0x8
#101 0 80000060 fe842703 r 0e         00000003  lw       x14, -0x18(x8)
#102 0 80000064 fec42783 r 0f         00000002  lw       x15, -0x14(x8)
#103 0 80000068 02f767b3 r 0f         00000001  rem      x15, x14, x15
#104 0 8000006c fec42583 r 0b         00000002  lw       x11, -0x14(x8)
#105 0 80000070     853e r 0a         00000001  c.mv     x10, x15
#106 0 80000072     3fc9 r 01         80000074  c.jal    . - 0x2e
#107 0 80000044     1101 r 02         f0040f70  c.addi   x2, -0x20
#108 0 80000046     ce06 m f0040f8c   80000074  c.swsp   x1, 0x1c
#109 0 80000048     cc22 m f0040f88   f0040fb0  c.swsp   x8, 0x18
#110 0 8000004a     1000 r 08         f0040f90  c.addi4spn  x8, 0x8
#111 0 8000004c fea42623 m f0040f7c   00000001  sw       x10, -0x14(x8)
#112 0 80000050 feb42423 m f0040f78   00000002  sw       x11, -0x18(x8)
#113 0 80000054 fec42783 r 0f         00000001  lw       x15, -0x14(x8)
#114 0 80000058     e781 r 00         00000000  c.bnez   x15, . + 0x8
#115 0 80000060 fe842703 r 0e         00000002  lw       x14, -0x18(x8)
#116 0 80000064 fec42783 r 0f         00000001  lw       x15, -0x14(x8)
#117 0 80000068 02f767b3 r 0f         00000000  rem      x15, x14, x15
#118 0 8000006c fec42583 r 0b         00000001  lw       x11, -0x14(x8)
#119 0 80000070     853e r 0a         00000000  c.mv     x10, x15
#120 0 80000072     3fc9 r 01         80000074  c.jal    . - 0x2e
#121 0 80000044     1101 r 02         f0040f50  c.addi   x2, -0x20
#122 0 80000046     ce06 m f0040f6c   80000074  c.swsp   x1, 0x1c
#123 0 80000048     cc22 m f0040f68   f0040f90  c.swsp   x8, 0x18
#124 0 8000004a     1000 r 08         f0040f70  c.addi4spn  x8, 0x8
#125 0 8000004c fea42623 m f0040f5c   00000000  sw       x10, -0x14(x8)
#126 0 80000050 feb42423 m f0040f58   00000001  sw       x11, -0x18(x8)
#127 0 80000054 fec42783 r 0f         00000000  lw       x15, -0x14(x8)
#128 0 80000058     e781 r 00         00000000  c.bnez   x15, . + 0x8
#129 0 8000005a fe842783 r 0f         00000001  lw       x15, -0x18(x8)
#130 0 8000005e     a821 r 00         00000000  c.j      . + 0x18
#131 0 80000076     853e r 0a         00000001  c.mv     x10, x15
#132 0 80000078     40f2 r 01         80000074  c.lwsp   x1, 0x1c
#133 0 8000007a     4462 r 08         f0040f90  c.lwsp   x8, 0x18
#134 0 8000007c     6105 r 02         f0040f70  c.addi16sp 0x2
#135 0 8000007e     8082 r 00         00000000  c.jr     x1
#136 0 80000074     87aa r 0f         00000001  c.mv     x15, x10
#137 0 80000076     853e r 0a         00000001  c.mv     x10, x15
#138 0 80000078     40f2 r 01         80000074  c.lwsp   x1, 0x1c
#139 0 8000007a     4462 r 08         f0040fb0  c.lwsp   x8, 0x18
#140 0 8000007c     6105 r 02         f0040f90  c.addi16sp 0x2
#141 0 8000007e     8082 r 00         00000000  c.jr     x1
#142 0 80000074     87aa r 0f         00000001  c.mv     x15, x10
#143 0 80000076     853e r 0a         00000001  c.mv     x10, x15
#144 0 80000078     40f2 r 01         800000a6  c.lwsp   x1, 0x1c
#145 0 8000007a     4462 r 08         f0040fe0  c.lwsp   x8, 0x18
#146 0 8000007c     6105 r 02         f0040fb0  c.addi16sp 0x2
#147 0 8000007e     8082 r 00         00000000  c.jr     x1
#148 0 800000a6     872a r 0e         00000001  c.mv     x14, x10
#149 0 800000a8     4785 r 0f         00000001  c.li     x15, 0x1
#150 0 800000aa 00f71763 r 00         00000000  bne      x14, x15, . + 0xe
#151 0 800000ae fec42783 r 0f         00000001  lw       x15, -0x14(x8)
#152 0 800000b2     0785 r 0f         00000002  c.addi   x15, 0x1
#153 0 800000b4 fef42623 m f0040fcc   00000002  sw       x15, -0x14(x8)
#154 0 800000b8 fe842783 r 0f         00000002  lw       x15, -0x18(x8)
#155 0 800000bc     0785 r 0f         00000003  c.addi   x15, 0x1
#156 0 800000be fef42423 m f0040fc8   00000003  sw       x15, -0x18(x8)
#157 0 800000c2 fe842783 r 0f         00000003  lw       x15, -0x18(x8)
#158 0 800000c6 fdc42703 r 0e         00000003  lw       x14, -0x24(x8)
#159 0 800000ca fce7e8e3 r 00         00000000  bltu     x15, x14, . - 0x30
#160 0 800000ce fec42783 r 0f         00000002  lw       x15, -0x14(x8)
#161 0 800000d2     853e r 0a         00000002  c.mv     x10, x15
#162 0 800000d4     50b2 r 01         800000f4  c.lwsp   x1, 0x2c
#163 0 800000d6     5422 r 08         f0041000  c.lwsp   x8, 0x28
#164 0 800000d8     6145 r 02         f0040fe0  c.addi16sp 0x3
#165 0 800000da     8082 r 00         00000000  c.jr     x1
#166 0 800000f4 fec42783 r 0f         00000003  lw       x15, -0x14(x8)
#167 0 800000f8     0785 r 0f         00000004  c.addi   x15, 0x1
#168 0 800000fa fef42623 m f0040fec   00000004  sw       x15, -0x14(x8)
#169 0 800000fe fec42703 r 0e         00000004  lw       x14, -0x14(x8)
#170 0 80000102     47a9 r 0f         0000000a  c.li     x15, 0xa
#171 0 80000104 fee7d4e3 r 00         00000000  bge      x15, x14, . - 0x18
#172 0 800000ec fec42783 r 0f         00000004  lw       x15, -0x14(x8)
#173 0 800000f0     853e r 0a         00000004  c.mv     x10, x15
#174 0 800000f2     3779 r 01         800000f4  c.jal    . - 0x72
#175 0 80000080     7179 r 02         f0040fb0  c.addi16sp -0x3
#176 0 80000082     d606 m f0040fdc   800000f4  c.swsp   x1, 0x2c
#177 0 80000084     d422 m f0040fd8   f0041000  c.swsp   x8, 0x28
#178 0 80000086     1800 r 08         f0040fe0  c.addi4spn  x8, 0xc
#179 0 80000088 fca42e23 m f0040fbc   00000004  sw       x10, -0x24(x8)
#180 0 8000008c     4785 r 0f         00000001  c.li     x15, 0x1
#181 0 8000008e fef42623 m f0040fcc   00000001  sw       x15, -0x14(x8)
#182 0 80000092     4789 r 0f         00000002  c.li     x15, 0x2
#183 0 80000094 fef42423 m f0040fc8   00000002  sw       x15, -0x18(x8)
#184 0 80000098     a02d r 00         00000000  c.j      . + 0x2a
#185 0 800000c2 fe842783 r 0f         00000002  lw       x15, -0x18(x8)
#186 0 800000c6 fdc42703 r 0e         00000004  lw       x14, -0x24(x8)
#187 0 800000ca fce7e8e3 r 00         00000000  bltu     x15, x14, . - 0x30
#188 0 8000009a fdc42783 r 0f         00000004  lw       x15, -0x24(x8)
#189 0 8000009e     85be r 0b         00000004  c.mv     x11, x15
#190 0 800000a0 fe842503 r 0a         00000002  lw       x10, -0x18(x8)
#191 0 800000a4     3745 r 01         800000a6  c.jal    . - 0x60
#192 0 80000044     1101 r 02         f0040f90  c.addi   x2, -0x20
#193 0 80000046     ce06 m f0040fac   800000a6  c.swsp   x1, 0x1c
#194 0 80000048     cc22 m f0040fa8   f0040fe0  c.swsp   x8, 0x18
#195 0 8000004a     1000 r 08         f0040fb0  c.addi4spn  x8, 0x8
#196 0 8000004c fea42623 m f0040f9c   00000002  sw       x10, -0x14(x8)
#197 0 80000050 feb42423 m f0040f98   00000004  sw       x11, -0x18(x8)
#198 0 80000054 fec42783 r 0f         00000002  lw       x15, -0x14(x8)
#199 0 80000058     e781 r 00         00000000  c.bnez   x15, . + 0x8
#200 0 80000060 fe842703 r 0e         00000004  lw       x14, -0x18(x8)
#201 0 80000064 fec42783 r 0f         00000002  lw       x15, -0x14(x8)
#202 0 80000068 02f767b3 r 0f         00000000  rem      x15, x14, x15
#203 0 8000006c fec42583 r 0b         00000002  lw       x11, -0x14(x8)
#204 0 80000070     853e r 0a         00000000  c.mv     x10, x15
#205 0 80000072     3fc9 r 01         80000074  c.jal    . - 0x2e
#206 0 80000044     1101 r 02         f0040f70  c.addi   x2, -0x20
#207 0 80000046     ce06 m f0040f8c   80000074  c.swsp   x1, 0x1c
#208 0 80000048     cc22 m f0040f88   f0040fb0  c.swsp   x8, 0x18
#209 0 8000004a     1000 r 08         f0040f90  c.addi4spn  x8, 0x8
#210 0 8000004c fea42623 m f0040f7c   00000000  sw       x10, -0x14(x8)
#211 0 80000050 feb42423 m f0040f78   00000002  sw       x11, -0x18(x8)
#212 0 80000054 fec42783 r 0f         00000000  lw       x15, -0x14(x8)
#213 0 80000058     e781 r 00         00000000  c.bnez   x15, . + 0x8
#214 0 8000005a fe842783 r 0f         00000002  lw       x15, -0x18(x8)
#215 0 8000005e     a821 r 00         00000000  c.j      . + 0x18
#216 0 80000076     853e r 0a         00000002  c.mv     x10, x15
#217 0 80000078     40f2 r 01         80000074  c.lwsp   x1, 0x1c
#218 0 8000007a     4462 r 08         f0040fb0  c.lwsp   x8, 0x18
#219 0 8000007c     6105 r 02         f0040f90  c.addi16sp 0x2
#220 0 8000007e     8082 r 00         00000000  c.jr     x1
#221 0 80000074     87aa r 0f         00000002  c.mv     x15, x10
#222 0 80000076     853e r 0a         00000002  c.mv     x10, x15
#223 0 80000078     40f2 r 01         800000a6  c.lwsp   x1, 0x1c
#224 0 8000007a     4462 r 08         f0040fe0  c.lwsp   x8, 0x18
#225 0 8000007c     6105 r 02         f0040fb0  c.addi16sp 0x2
#226 0 8000007e     8082 r 00         00000000  c.jr     x1
#227 0 800000a6     872a r 0e         00000002  c.mv     x14, x10
#228 0 800000a8     4785 r 0f         00000001  c.li     x15, 0x1
#229 0 800000aa 00f71763 r 00         00000000  bne      x14, x15, . + 0xe
#230 0 800000b8 fe842783 r 0f         00000002  lw       x15, -0x18(x8)
#231 0 800000bc     0785 r 0f         00000003  c.addi   x15, 0x1
#232 0 800000be fef42423 m f0040fc8   00000003  sw       x15, -0x18(x8)
#233 0 800000c2 fe842783 r 0f         00000003  lw       x15, -0x18(x8)
#234 0 800000c6 fdc42703 r 0e         00000004  lw       x14, -0x24(x8)
#235 0 800000ca fce7e8e3 r 00         00000000  bltu     x15, x14, . - 0x30
#236 0 8000009a fdc42783 r 0f         00000004  lw       x15, -0x24(x8)
#237 0 8000009e     85be r 0b         00000004  c.mv     x11, x15
#238 0 800000a0 fe842503 r 0a         00000003  lw       x10, -0x18(x8)
#239 0 800000a4     3745 r 01         800000a6  c.jal    . - 0x60
#240 0 80000044     1101 r 02         f0040f90  c.addi   x2, -0x20
#241 0 80000046     ce06 m f0040fac   800000a6  c.swsp   x1, 0x1c
#242 0 80000048     cc22 m f0040fa8   f0040fe0  c.swsp   x8, 0x18
#243 0 8000004a     1000 r 08         f0040fb0  c.addi4spn  x8, 0x8
#244 0 8000004c fea42623 m f0040f9c   00000003  sw       x10, -0x14(x8)
#245 0 80000050 feb42423 m f0040f98   00000004  sw       x11, -0x18(x8)
#246 0 80000054 fec42783 r 0f         00000003  lw       x15, -0x14(x8)
#247 0 80000058     e781 r 00         00000000  c.bnez   x15, . + 0x8
#248 0 80000060 fe842703 r 0e         00000004  lw       x14, -0x18(x8)
#249 0 80000064 fec42783 r 0f         00000003  lw       x15, -0x14(x8)
#250 0 80000068 02f767b3 r 0f         00000001  rem      x15, x14, x15
#251 0 8000006c fec42583 r 0b         00000003  lw       x11, -0x14(x8)
#252 0 80000070     853e r 0a         00000001  c.mv     x10, x15
#253 0 80000072     3fc9 r 01         80000074  c.jal    . - 0x2e
#254 0 80000044     1101 r 02         f0040f70  c.addi   x2, -0x20
#255 0 80000046     ce06 m f0040f8c   80000074  c.swsp   x1, 0x1c
#256 0 80000048     cc22 m f0040f88   f0040fb0  c.swsp   x8, 0x18
#257 0 8000004a     1000 r 08         f0040f90  c.addi4spn  x8, 0x8
#258 0 8000004c fea42623 m f0040f7c   00000001  sw       x10, -0x14(x8)
#259 0 80000050 feb42423 m f0040f78   00000003  sw       x11, -0x18(x8)
#260 0 80000054 fec42783 r 0f         00000001  lw       x15, -0x14(x8)
#261 0 80000058     e781 r 00         00000000  c.bnez   x15, . + 0x8
#262 0 80000060 fe842703 r 0e         00000003  lw       x14, -0x18(x8)
#263 0 80000064 fec42783 r 0f         00000001  lw       x15, -0x14(x8)
#264 0 80000068 02f767b3 r 0f         00000000  rem      x15, x14, x15
#265 0 8000006c fec42583 r 0b         00000001  lw       x11, -0x14(x8)
#266 0 80000070     853e r 0a         00000000  c.mv     x10, x15
#267 0 80000072     3fc9 r 01         80000074  c.jal    . - 0x2e
#268 0 80000044     1101 r 02         f0040f50  c.addi   x2, -0x20
#269 0 80000046     ce06 m f0040f6c   80000074  c.swsp   x1, 0x1c
#270 0 80000048     cc22 m f0040f68   f0040f90  c.swsp   x8, 0x18
#271 0 8000004a     1000 r 08         f0040f70  c.addi4spn  x8, 0x8
#272 0 8000004c fea42623 m f0040f5c   00000000  sw       x10, -0x14(x8)
#273 0 80000050 feb42423 m f0040f58   00000001  sw       x11, -0x18(x8)
#274 0 80000054 fec42783 r 0f         00000000  lw       x15, -0x14(x8)
#275 0 80000058     e781 r 00         00000000  c.bnez   x15, . + 0x8
#276 0 8000005a fe842783 r 0f         00000001  lw       x15, -0x18(x8)
#277 0 8000005e     a821 r 00         00000000  c.j      . + 0x18
#278 0 80000076     853e r 0a         00000001  c.mv     x10, x15
#279 0 80000078     40f2 r 01         80000074  c.lwsp   x1, 0x1c
#280 0 8000007a     4462 r 08         f0040f90  c.lwsp   x8, 0x18
#281 0 8000007c     6105 r 02         f0040f70  c.addi16sp 0x2
#282 0 8000007e     8082 r 00         00000000  c.jr     x1
#283 0 80000074     87aa r 0f         00000001  c.mv     x15, x10
#284 0 80000076     853e r 0a         00000001  c.mv     x10, x15
#285 0 80000078     40f2 r 01         80000074  c.lwsp   x1, 0x1c
#286 0 8000007a     4462 r 08         f0040fb0  c.lwsp   x8, 0x18
#287 0 8000007c     6105 r 02         f0040f90  c.addi16sp 0x2
#288 0 8000007e     8082 r 00         00000000  c.jr     x1
#289 0 80000074     87aa r 0f         00000001  c.mv     x15, x10
#290 0 80000076     853e r 0a         00000001  c.mv     x10, x15
#291 0 80000078     40f2 r 01         800000a6  c.lwsp   x1, 0x1c
#292 0 8000007a     4462 r 08         f0040fe0  c.lwsp   x8, 0x18
#293 0 8000007c     6105 r 02         f0040fb0  c.addi16sp 0x2
#294 0 8000007e     8082 r 00         00000000  c.jr     x1
#295 0 800000a6     872a r 0e         00000001  c.mv     x14, x10
#296 0 800000a8     4785 r 0f         00000001  c.li     x15, 0x1
#297 0 800000aa 00f71763 r 00         00000000  bne      x14, x15, . + 0xe
#298 0 800000ae fec42783 r 0f         00000001  lw       x15, -0x14(x8)
#299 0 800000b2     0785 r 0f         00000002  c.addi   x15, 0x1
#300 0 800000b4 fef42623 m f0040fcc   00000002  sw       x15, -0x14(x8)
#301 0 800000b8 fe842783 r 0f         00000003  lw       x15, -0x18(x8)
#302 0 800000bc     0785 r 0f         00000004  c.addi   x15, 0x1
#303 0 800000be fef42423 m f0040fc8   00000004  sw       x15, -0x18(x8)
#304 0 800000c2 fe842783 r 0f         00000004  lw       x15, -0x18(x8)
#305 0 800000c6 fdc42703 r 0e         00000004  lw       x14, -0x24(x8)
#306 0 800000ca fce7e8e3 r 00         00000000  bltu     x15, x14, . - 0x30
#307 0 800000ce fec42783 r 0f         00000002  lw       x15, -0x14(x8)
#308 0 800000d2     853e r 0a         00000002  c.mv     x10, x15
#309 0 800000d4     50b2 r 01         800000f4  c.lwsp   x1, 0x2c
#310 0 800000d6     5422 r 08         f0041000  c.lwsp   x8, 0x28
#311 0 800000d8     6145 r 02         f0040fe0  c.addi16sp 0x3
#312 0 800000da     8082 r 00         00000000  c.jr     x1
#313 0 800000f4 fec42783 r 0f         00000004  lw       x15, -0x14(x8)
#314 0 800000f8     0785 r 0f         00000005  c.addi   x15, 0x1
#315 0 800000fa fef42623 m f0040fec   00000005  sw       x15, -0x14(x8)
#316 0 800000fe fec42703 r 0e         00000005  lw       x14, -0x14(x8)
#317 0 80000102     47a9 r 0f         0000000a  c.li     x15, 0xa
#318 0 80000104 fee7d4e3 r 00         00000000  bge      x15, x14, . - 0x18
#319 0 800000ec fec42783 r 0f         00000005  lw       x15, -0x14(x8)
#320 0 800000f0     853e r 0a         00000005  c.mv     x10, x15
#321 0 800000f2     3779 r 01         800000f4  c.jal    . - 0x72
#322 0 80000080     7179 r 02         f0040fb0  c.addi16sp -0x3
#323 0 80000082     d606 m f0040fdc   800000f4  c.swsp   x1, 0x2c
#324 0 80000084     d422 m f0040fd8   f0041000  c.swsp   x8, 0x28
#325 0 80000086     1800 r 08         f0040fe0  c.addi4spn  x8, 0xc
#326 0 80000088 fca42e23 m f0040fbc   00000005  sw       x10, -0x24(x8)
#327 0 8000008c     4785 r 0f         00000001  c.li     x15, 0x1
#328 0 8000008e fef42623 m f0040fcc   00000001  sw       x15, -0x14(x8)
#329 0 80000092     4789 r 0f         00000002  c.li     x15, 0x2
#330 0 80000094 fef42423 m f0040fc8   00000002  sw       x15, -0x18(x8)
#331 0 80000098     a02d r 00         00000000  c.j      . + 0x2a
#332 0 800000c2 fe842783 r 0f         00000002  lw       x15, -0x18(x8)
#333 0 800000c6 fdc42703 r 0e         00000005  lw       x14, -0x24(x8)
#334 0 800000ca fce7e8e3 r 00         00000000  bltu     x15, x14, . - 0x30
#335 0 8000009a fdc42783 r 0f         00000005  lw       x15, -0x24(x8)
#336 0 8000009e     85be r 0b         00000005  c.mv     x11, x15
#337 0 800000a0 fe842503 r 0a         00000002  lw       x10, -0x18(x8)
#338 0 800000a4     3745 r 01         800000a6  c.jal    . - 0x60
#339 0 80000044     1101 r 02         f0040f90  c.addi   x2, -0x20
#340 0 80000046     ce06 m f0040fac   800000a6  c.swsp   x1, 0x1c
#341 0 80000048     cc22 m f0040fa8   f0040fe0  c.swsp   x8, 0x18
#342 0 8000004a     1000 r 08         f0040fb0  c.addi4spn  x8, 0x8
#343 0 8000004c fea42623 m f0040f9c   00000002  sw       x10, -0x14(x8)
#344 0 80000050 feb42423 m f0040f98   00000005  sw       x11, -0x18(x8)
#345 0 80000054 fec42783 r 0f         00000002  lw       x15, -0x14(x8)
#346 0 80000058     e781 r 00         00000000  c.bnez   x15, . + 0x8
#347 0 80000060 fe842703 r 0e         00000005  lw       x14, -0x18(x8)
#348 0 80000064 fec42783 r 0f         00000002  lw       x15, -0x14(x8)
#349 0 80000068 02f767b3 r 0f         00000001  rem      x15, x14, x15
#350 0 8000006c fec42583 r 0b         00000002  lw       x11, -0x14(x8)
#351 0 80000070     853e r 0a         00000001  c.mv     x10, x15
#352 0 80000072     3fc9 r 01         80000074  c.jal    . - 0x2e
#353 0 80000044     1101 r 02         f0040f70  c.addi   x2, -0x20
#354 0 80000046     ce06 m f0040f8c   80000074  c.swsp   x1, 0x1c
#355 0 80000048     cc22 m f0040f88   f0040fb0  c.swsp   x8, 0x18
#356 0 8000004a     1000 r 08         f0040f90  c.addi4spn  x8, 0x8
#357 0 8000004c fea42623 m f0040f7c   00000001  sw       x10, -0x14(x8)
#358 0 80000050 feb42423 m f0040f78   00000002  sw       x11, -0x18(x8)
#359 0 80000054 fec42783 r 0f         00000001  lw       x15, -0x14(x8)
#360 0 80000058     e781 r 00         00000000  c.bnez   x15, . + 0x8
#361 0 80000060 fe842703 r 0e         00000002  lw       x14, -0x18(x8)
#362 0 80000064 fec42783 r 0f         00000001  lw       x15, -0x14(x8)
#363 0 80000068 02f767b3 r 0f         00000000  rem      x15, x14, x15
#364 0 8000006c fec42583 r 0b         00000001  lw       x11, -0x14(x8)
#365 0 80000070     853e r 0a         00000000  c.mv     x10, x15
#366 0 80000072     3fc9 r 01         80000074  c.jal    . - 0x2e
#367 0 80000044     1101 r 02         f0040f50  c.addi   x2, -0x20
#368 0 80000046     ce06 m f0040f6c   80000074  c.swsp   x1, 0x1c
#369 0 80000048     cc22 m f0040f68   f0040f90  c.swsp   x8, 0x18
#370 0 8000004a     1000 r 08         f0040f70  c.addi4spn  x8, 0x8
#371 0 8000004c fea42623 m f0040f5c   00000000  sw       x10, -0x14(x8)
#372 0 80000050 feb42423 m f0040f58   00000001  sw       x11, -0x18(x8)
#373 0 80000054 fec42783 r 0f         00000000  lw       x15, -0x14(x8)
#374 0 80000058     e781 r 00         00000000  c.bnez   x15, . + 0x8
#375 0 8000005a fe842783 r 0f         00000001  lw       x15, -0x18(x8)
#376 0 8000005e     a821 r 00         00000000  c.j      . + 0x18
#377 0 80000076     853e r 0a         00000001  c.mv     x10, x15
#378 0 80000078     40f2 r 01         80000074  c.lwsp   x1, 0x1c
#379 0 8000007a     4462 r 08         f0040f90  c.lwsp   x8, 0x18
#380 0 8000007c     6105 r 02         f0040f70  c.addi16sp 0x2
#381 0 8000007e     8082 r 00         00000000  c.jr     x1
#382 0 80000074     87aa r 0f         00000001  c.mv     x15, x10
#383 0 80000076     853e r 0a         00000001  c.mv     x10, x15
#384 0 80000078     40f2 r 01         80000074  c.lwsp   x1, 0x1c
#385 0 8000007a     4462 r 08         f0040fb0  c.lwsp   x8, 0x18
#386 0 8000007c     6105 r 02         f0040f90  c.addi16sp 0x2
#387 0 8000007e     8082 r 00         00000000  c.jr     x1
#388 0 80000074     87aa r 0f         00000001  c.mv     x15, x10
#389 0 80000076     853e r 0a         00000001  c.mv     x10, x15
#390 0 80000078     40f2 r 01         800000a6  c.lwsp   x1, 0x1c
#391 0 8000007a     4462 r 08         f0040fe0  c.lwsp   x8, 0x18
#392 0 8000007c     6105 r 02         f0040fb0  c.addi16sp 0x2
#393 0 8000007e     8082 r 00         00000000  c.jr     x1
#394 0 800000a6     872a r 0e         00000001  c.mv     x14, x10
#395 0 800000a8     4785 r 0f         00000001  c.li     x15, 0x1
#396 0 800000aa 00f71763 r 00         00000000  bne      x14, x15, . + 0xe
#397 0 800000ae fec42783 r 0f         00000001  lw       x15, -0x14(x8)
#398 0 800000b2     0785 r 0f         00000002  c.addi   x15, 0x1
#399 0 800000b4 fef42623 m f0040fcc   00000002  sw       x15, -0x14(x8)
#400 0 800000b8 fe842783 r 0f         00000002  lw       x15, -0x18(x8)
#401 0 800000bc     0785 r 0f         00000003  c.addi   x15, 0x1
#402 0 800000be fef42423 m f0040fc8   00000003  sw       x15, -0x18(x8)
#403 0 800000c2 fe842783 r 0f         00000003  lw       x15, -0x18(x8)
#404 0 800000c6 fdc42703 r 0e         00000005  lw       x14, -0x24(x8)
#405 0 800000ca fce7e8e3 r 00         00000000  bltu     x15, x14, . - 0x30
#406 0 8000009a fdc42783 r 0f         00000005  lw       x15, -0x24(x8)
#407 0 8000009e     85be r 0b         00000005  c.mv     x11, x15
#408 0 800000a0 fe842503 r 0a         00000003  lw       x10, -0x18(x8)
#409 0 800000a4     3745 r 01         800000a6  c.jal    . - 0x60
#410 0 80000044     1101 r 02         f0040f90  c.addi   x2, -0x20
#411 0 80000046     ce06 m f0040fac   800000a6  c.swsp   x1, 0x1c
#412 0 80000048     cc22 m f0040fa8   f0040fe0  c.swsp   x8, 0x18
#413 0 8000004a     1000 r 08         f0040fb0  c.addi4spn  x8, 0x8
#414 0 8000004c fea42623 m f0040f9c   00000003  sw       x10, -0x14(x8)
#415 0 80000050 feb42423 m f0040f98   00000005  sw       x11, -0x18(x8)
#416 0 80000054 fec42783 r 0f         00000003  lw       x15, -0x14(x8)
#417 0 80000058     e781 r 00         00000000  c.bnez   x15, . + 0x8
#418 0 80000060 fe842703 r 0e         00000005  lw       x14, -0x18(x8)
#419 0 80000064 fec42783 r 0f         00000003  lw       x15, -0x14(x8)
#420 0 80000068 02f767b3 r 0f         00000002  rem      x15, x14, x15
#421 0 8000006c fec42583 r 0b         00000003  lw       x11, -0x14(x8)
#422 0 80000070     853e r 0a         00000002  c.mv     x10, x15
#423 0 80000072     3fc9 r 01         80000074  c.jal    . - 0x2e
#424 0 80000044     1101 r 02         f0040f70  c.addi   x2, -0x20
#425 0 80000046     ce06 m f0040f8c   80000074  c.swsp   x1, 0x1c
#426 0 80000048     cc22 m f0040f88   f0040fb0  c.swsp   x8, 0x18
#427 0 8000004a     1000 r 08         f0040f90  c.addi4spn  x8, 0x8
#428 0 8000004c fea42623 m f0040f7c   00000002  sw       x10, -0x14(x8)
#429 0 80000050 feb42423 m f0040f78   00000003  sw       x11, -0x18(x8)
#430 0 80000054 fec42783 r 0f         00000002  lw       x15, -0x14(x8)
#431 0 80000058     e781 r 00         00000000  c.bnez   x15, . + 0x8
#432 0 80000060 fe842703 r 0e         00000003  lw       x14, -0x18(x8)
#433 0 80000064 fec42783 r 0f         00000002  lw       x15, -0x14(x8)
#434 0 80000068 02f767b3 r 0f         00000001  rem      x15, x14, x15
#435 0 8000006c fec42583 r 0b         00000002  lw       x11, -0x14(x8)
#436 0 80000070     853e r 0a         00000001  c.mv     x10, x15
#437 0 80000072     3fc9 r 01         80000074  c.jal    . - 0x2e
#438 0 80000044     1101 r 02         f0040f50  c.addi   x2, -0x20
#439 0 80000046     ce06 m f0040f6c   80000074  c.swsp   x1, 0x1c
#440 0 80000048     cc22 m f0040f68   f0040f90  c.swsp   x8, 0x18
#441 0 8000004a     1000 r 08         f0040f70  c.addi4spn  x8, 0x8
#442 0 8000004c fea42623 m f0040f5c   00000001  sw       x10, -0x14(x8)
#443 0 80000050 feb42423 m f0040f58   00000002  sw       x11, -0x18(x8)
#444 0 80000054 fec42783 r 0f         00000001  lw       x15, -0x14(x8)
#445 0 80000058     e781 r 00         00000000  c.bnez   x15, . + 0x8
#446 0 80000060 fe842703 r 0e         00000002  lw       x14, -0x18(x8)
#447 0 80000064 fec42783 r 0f         00000001  lw       x15, -0x14(x8)
#448 0 80000068 02f767b3 r 0f         00000000  rem      x15, x14, x15
#449 0 8000006c fec42583 r 0b         00000001  lw       x11, -0x14(x8)
#450 0 80000070     853e r 0a         00000000  c.mv     x10, x15
#451 0 80000072     3fc9 r 01         80000074  c.jal    . - 0x2e
#452 0 80000044     1101 r 02         f0040f30  c.addi   x2, -0x20
#453 0 80000046     ce06 m f0040f4c   80000074  c.swsp   x1, 0x1c
#454 0 80000048     cc22 m f0040f48   f0040f70  c.swsp   x8, 0x18
#455 0 8000004a     1000 r 08         f0040f50  c.addi4spn  x8, 0x8
#456 0 8000004c fea42623 m f0040f3c   00000000  sw       x10, -0x14(x8)
#457 0 80000050 feb42423 m f0040f38   00000001  sw       x11, -0x18(x8)
#458 0 80000054 fec42783 r 0f         00000000  lw       x15, -0x14(x8)
#459 0 80000058     e781 r 00         00000000  c.bnez   x15, . + 0x8
#460 0 8000005a fe842783 r 0f         00000001  lw       x15, -0x18(x8)
#461 0 8000005e     a821 r 00         00000000  c.j      . + 0x18
#462 0 80000076     853e r 0a         00000001  c.mv     x10, x15
#463 0 80000078     40f2 r 01         80000074  c.lwsp   x1, 0x1c
#464 0 8000007a     4462 r 08         f0040f70  c.lwsp   x8, 0x18
#465 0 8000007c     6105 r 02         f0040f50  c.addi16sp 0x2
#466 0 8000007e     8082 r 00         00000000  c.jr     x1
#467 0 80000074     87aa r 0f         00000001  c.mv     x15, x10
#468 0 80000076     853e r 0a         00000001  c.mv     x10, x15
#469 0 80000078     40f2 r 01         80000074  c.lwsp   x1, 0x1c
#470 0 8000007a     4462 r 08         f0040f90  c.lwsp   x8, 0x18
#471 0 8000007c     6105 r 02         f0040f70  c.addi16sp 0x2
#472 0 8000007e     8082 r 00         00000000  c.jr     x1
#473 0 80000074     87aa r 0f         00000001  c.mv     x15, x10
#474 0 80000076     853e r 0a         00000001  c.mv     x10, x15
#475 0 80000078     40f2 r 01         80000074  c.lwsp   x1, 0x1c
#476 0 8000007a     4462 r 08         f0040fb0  c.lwsp   x8, 0x18
#477 0 8000007c     6105 r 02         f0040f90  c.addi16sp 0x2
#478 0 8000007e     8082 r 00         00000000  c.jr     x1
#479 0 80000074     87aa r 0f         00000001  c.mv     x15, x10
#480 0 80000076     853e r 0a         00000001  c.mv     x10, x15
#481 0 80000078     40f2 r 01         800000a6  c.lwsp   x1, 0x1c
#482 0 8000007a     4462 r 08         f0040fe0  c.lwsp   x8, 0x18
#483 0 8000007c     6105 r 02         f0040fb0  c.addi16sp 0x2
#484 0 8000007e     8082 r 00         00000000  c.jr     x1
#485 0 800000a6     872a r 0e         00000001  c.mv     x14, x10
#486 0 800000a8     4785 r 0f         00000001  c.li     x15, 0x1
#487 0 800000aa 00f71763 r 00         00000000  bne      x14, x15, . + 0xe
#488 0 800000ae fec42783 r 0f         00000002  lw       x15, -0x14(x8)
#489 0 800000b2     0785 r 0f         00000003  c.addi   x15, 0x1
#490 0 800000b4 fef42623 m f0040fcc   00000003  sw       x15, -0x14(x8)
#491 0 800000b8 fe842783 r 0f         00000003  lw       x15, -0x18(x8)
#492 0 800000bc     0785 r 0f         00000004  c.addi   x15, 0x1
#493 0 800000be fef42423 m f0040fc8   00000004  sw       x15, -0x18(x8)
#494 0 800000c2 fe842783 r 0f         00000004  lw       x15, -0x18(x8)
#495 0 800000c6 fdc42703 r 0e         00000005  lw       x14, -0x24(x8)
#496 0 800000ca fce7e8e3 r 00         00000000  bltu     x15, x14, . - 0x30
#497 0 8000009a fdc42783 r 0f         00000005  lw       x15, -0x24(x8)
#498 0 8000009e     85be r 0b         00000005  c.mv     x11, x15
#499 0 800000a0 fe842503 r 0a         00000004  lw       x10, -0x18(x8)
#500 0 800000a4     3745 r 01         800000a6  c.jal    . - 0x60
#501 0 80000044     1101 r 02         f0040f90  c.addi   x2, -0x20
#502 0 80000046     ce06 m f0040fac   800000a6  c.swsp   x1, 0x1c
#503 0 80000048     cc22 m f0040fa8   f0040fe0  c.swsp   x8, 0x18
#504 0 8000004a     1000 r 08         f0040fb0  c.addi4spn  x8, 0x8
#505 0 8000004c fea42623 m f0040f9c   00000004  sw       x10, -0x14(x8)
#506 0 80000050 feb42423 m f0040f98   00000005  sw       x11, -0x18(x8)
#507 0 80000054 fec42783 r 0f         00000004  lw       x15, -0x14(x8)
#508 0 80000058     e781 r 00         00000000  c.bnez   x15, . + 0x8
#509 0 80000060 fe842703 r 0e         00000005  lw       x14, -0x18(x8)
#510 0 80000064 fec42783 r 0f         00000004  lw       x15, -0x14(x8)
#511 0 80000068 02f767b3 r 0f         00000001  rem      x15, x14, x15
#512 0 8000006c fec42583 r 0b         00000004  lw       x11, -0x14(x8)
#513 0 80000070     853e r 0a         00000001  c.mv     x10, x15
#514 0 80000072     3fc9 r 01         80000074  c.jal    . - 0x2e
#515 0 80000044     1101 r 02         f0040f70  c.addi   x2, -0x20
#516 0 80000046     ce06 m f0040f8c   80000074  c.swsp   x1, 0x1c
#517 0 80000048     cc22 m f0040f88   f0040fb0  c.swsp   x8, 0x18
#518 0 8000004a     1000 r 08         f0040f90  c.addi4spn  x8, 0x8
#519 0 8000004c fea42623 m f0040f7c   00000001  sw       x10, -0x14(x8)
#520 0 80000050 feb42423 m f0040f78   00000004  sw       x11, -0x18(x8)
#521 0 80000054 fec42783 r 0f         00000001  lw       x15, -0x14(x8)
#522 0 80000058     e781 r 00         00000000  c.bnez   x15, . + 0x8
#523 0 80000060 fe842703 r 0e         00000004  lw       x14, -0x18(x8)
#524 0 80000064 fec42783 r 0f         00000001  lw       x15, -0x14(x8)
#525 0 80000068 02f767b3 r 0f         00000000  rem      x15, x14, x15
#526 0 8000006c fec42583 r 0b         00000001  lw       x11, -0x14(x8)
#527 0 80000070     853e r 0a         00000000  c.mv     x10, x15
#528 0 80000072     3fc9 r 01         80000074  c.jal    . - 0x2e
#529 0 80000044     1101 r 02         f0040f50  c.addi   x2, -0x20
#530 0 80000046     ce06 m f0040f6c   80000074  c.swsp   x1, 0x1c
#531 0 80000048     cc22 m f0040f68   f0040f90  c.swsp   x8, 0x18
#532 0 8000004a     1000 r 08         f0040f70  c.addi4spn  x8, 0x8
#533 0 8000004c fea42623 m f0040f5c   00000000  sw       x10, -0x14(x8)
#534 0 80000050 feb42423 m f0040f58   00000001  sw       x11, -0x18(x8)
#535 0 80000054 fec42783 r 0f         00000000  lw       x15, -0x14(x8)
#536 0 80000058     e781 r 00         00000000  c.bnez   x15, . + 0x8
#537 0 8000005a fe842783 r 0f         00000001  lw       x15, -0x18(x8)
#538 0 8000005e     a821 r 00         00000000  c.j      . + 0x18
#539 0 80000076     853e r 0a         00000001  c.mv     x10, x15
#540 0 80000078     40f2 r 01         80000074  c.lwsp   x1, 0x1c
#541 0 8000007a     4462 r 08         f0040f90  c.lwsp   x8, 0x18
#542 0 8000007c     6105 r 02         f0040f70  c.addi16sp 0x2
#543 0 8000007e     8082 r 00         00000000  c.jr     x1
#544 0 80000074     87aa r 0f         00000001  c.mv     x15, x10
#545 0 80000076     853e r 0a         00000001  c.mv     x10, x15
#546 0 80000078     40f2 r 01         80000074  c.lwsp   x1, 0x1c
#547 0 8000007a     4462 r 08         f0040fb0  c.lwsp   x8, 0x18
#548 0 8000007c     6105 r 02         f0040f90  c.addi16sp 0x2
#549 0 8000007e     8082 r 00         00000000  c.jr     x1
#550 0 80000074     87aa r 0f         00000001  c.mv     x15, x10
#551 0 80000076     853e r 0a         00000001  c.mv     x10, x15
#552 0 80000078     40f2 r 01         800000a6  c.lwsp   x1, 0x1c
#553 0 8000007a     4462 r 08         f0040fe0  c.lwsp   x8, 0x18
#554 0 8000007c     6105 r 02         f0040fb0  c.addi16sp 0x2
#555 0 8000007e     8082 r 00         00000000  c.jr     x1
#556 0 800000a6     872a r 0e         00000001  c.mv     x14, x10
#557 0 800000a8     4785 r 0f         00000001  c.li     x15, 0x1
#558 0 800000aa 00f71763 r 00         00000000  bne      x14, x15, . + 0xe
#559 0 800000ae fec42783 r 0f         00000003  lw       x15, -0x14(x8)
#560 0 800000b2     0785 r 0f         00000004  c.addi   x15, 0x1
#561 0 800000b4 fef42623 m f0040fcc   00000004  sw       x15, -0x14(x8)
#562 0 800000b8 fe842783 r 0f         00000004  lw       x15, -0x18(x8)
#563 0 800000bc     0785 r 0f         00000005  c.addi   x15, 0x1
#564 0 800000be fef42423 m f0040fc8   00000005  sw       x15, -0x18(x8)
#565 0 800000c2 fe842783 r 0f         00000005  lw       x15, -0x18(x8)
#566 0 800000c6 fdc42703 r 0e         00000005  lw       x14, -0x24(x8)
#567 0 800000ca fce7e8e3 r 00         00000000  bltu     x15, x14, . - 0x30
#568 0 800000ce fec42783 r 0f         00000004  lw       x15, -0x14(x8)
#569 0 800000d2     853e r 0a         00000004  c.mv     x10, x15
#570 0 800000d4     50b2 r 01         800000f4  c.lwsp   x1, 0x2c
#571 0 800000d6     5422 r 08         f0041000  c.lwsp   x8, 0x28
#572 0 800000d8     6145 r 02         f0040fe0  c.addi16sp 0x3
#573 0 800000da     8082 r 00         00000000  c.jr     x1
#574 0 800000f4 fec42783 r 0f         00000005  lw       x15, -0x14(x8)
#575 0 800000f8     0785 r 0f         00000006  c.addi   x15, 0x1
#576 0 800000fa fef42623 m f0040fec   00000006  sw       x15, -0x14(x8)
#577 0 800000fe fec42703 r 0e         00000006  lw       x14, -0x14(x8)
#578 0 80000102     47a9 r 0f         0000000a  c.li     x15, 0xa
#579 0 80000104 fee7d4e3 r 00         00000000  bge      x15, x14, . - 0x18
#580 0 800000ec fec42783 r 0f         00000006  lw       x15, -0x14(x8)
#581 0 800000f0     853e r 0a         00000006  c.mv     x10, x15
#582 0 800000f2     3779 r 01         800000f4  c.jal    . - 0x72
#583 0 80000080     7179 r 02         f0040fb0  c.addi16sp -0x3
#584 0 80000082     d606 m f0040fdc   800000f4  c.swsp   x1, 0x2c
#585 0 80000084     d422 m f0040fd8   f0041000  c.swsp   x8, 0x28
#586 0 80000086     1800 r 08         f0040fe0  c.addi4spn  x8, 0xc
#587 0 80000088 fca42e23 m f0040fbc   00000006  sw       x10, -0x24(x8)
#588 0 8000008c     4785 r 0f         00000001  c.li     x15, 0x1
#589 0 8000008e fef42623 m f0040fcc   00000001  sw       x15, -0x14(x8)
#590 0 80000092     4789 r 0f         00000002  c.li     x15, 0x2
#591 0 80000094 fef42423 m f0040fc8   00000002  sw       x15, -0x18(x8)
#592 0 80000098     a02d r 00         00000000  c.j      . + 0x2a
#593 0 800000c2 fe842783 r 0f         00000002  lw       x15, -0x18(x8)
#594 0 800000c6 fdc42703 r 0e         00000006  lw       x14, -0x24(x8)
#595 0 800000ca fce7e8e3 r 00         00000000  bltu     x15, x14, . - 0x30
#596 0 8000009a fdc42783 r 0f         00000006  lw       x15, -0x24(x8)
#597 0 8000009e     85be r 0b         00000006  c.mv     x11, x15
#598 0 800000a0 fe842503 r 0a         00000002  lw       x10, -0x18(x8)
#599 0 800000a4     3745 r 01         800000a6  c.jal    . - 0x60
#600 0 80000044     1101 r 02         f0040f90  c.addi   x2, -0x20
#601 0 80000046     ce06 m f0040fac   800000a6  c.swsp   x1, 0x1c
#602 0 80000048     cc22 m f0040fa8   f0040fe0  c.swsp   x8, 0x18
#603 0 8000004a     1000 r 08         f0040fb0  c.addi4spn  x8, 0x8
#604 0 8000004c fea42623 m f0040f9c   00000002  sw       x10, -0x14(x8)
#605 0 80000050 feb42423 m f0040f98   00000006  sw       x11, -0x18(x8)
#606 0 80000054 fec42783 r 0f         00000002  lw       x15, -0x14(x8)
#607 0 80000058     e781 r 00         00000000  c.bnez   x15, . + 0x8
#608 0 80000060 fe842703 r 0e         00000006  lw       x14, -0x18(x8)
#609 0 80000064 fec42783 r 0f         00000002  lw       x15, -0x14(x8)
#610 0 80000068 02f767b3 r 0f         00000000  rem      x15, x14, x15
#611 0 8000006c fec42583 r 0b         00000002  lw       x11, -0x14(x8)
#612 0 80000070     853e r 0a         00000000  c.mv     x10, x15
#613 0 80000072     3fc9 r 01         80000074  c.jal    . - 0x2e
#614 0 80000044     1101 r 02         f0040f70  c.addi   x2, -0x20
#615 0 80000046     ce06 m f0040f8c   80000074  c.swsp   x1, 0x1c
#616 0 80000048     cc22 m f0040f88   f0040fb0  c.swsp   x8, 0x18
#617 0 8000004a     1000 r 08         f0040f90  c.addi4spn  x8, 0x8
#618 0 8000004c fea42623 m f0040f7c   00000000  sw       x10, -0x14(x8)
#619 0 80000050 feb42423 m f0040f78   00000002  sw       x11, -0x18(x8)
#620 0 80000054 fec42783 r 0f         00000000  lw       x15, -0x14(x8)
#621 0 80000058     e781 r 00         00000000  c.bnez   x15, . + 0x8
#622 0 8000005a fe842783 r 0f         00000002  lw       x15, -0x18(x8)
#623 0 8000005e     a821 r 00         00000000  c.j      . + 0x18
#624 0 80000076     853e r 0a         00000002  c.mv     x10, x15
#625 0 80000078     40f2 r 01         80000074  c.lwsp   x1, 0x1c
#626 0 8000007a     4462 r 08         f0040fb0  c.lwsp   x8, 0x18
#627 0 8000007c     6105 r 02         f0040f90  c.addi16sp 0x2
#628 0 8000007e     8082 r 00         00000000  c.jr     x1
#629 0 80000074     87aa r 0f         00000002  c.mv     x15, x10
#630 0 80000076     853e r 0a         00000002  c.mv     x10, x15
#631 0 80000078     40f2 r 01         800000a6  c.lwsp   x1, 0x1c
#632 0 8000007a     4462 r 08         f0040fe0  c.lwsp   x8, 0x18
#633 0 8000007c     6105 r 02         f0040fb0  c.addi16sp 0x2
#634 0 8000007e     8082 r 00         00000000  c.jr     x1
#635 0 800000a6     872a r 0e         00000002  c.mv     x14, x10
#636 0 800000a8     4785 r 0f         00000001  c.li     x15, 0x1
#637 0 800000aa 00f71763 r 00         00000000  bne      x14, x15, . + 0xe
#638 0 800000b8 fe842783 r 0f         00000002  lw       x15, -0x18(x8)
#639 0 800000bc     0785 r 0f         00000003  c.addi   x15, 0x1
#640 0 800000be fef42423 m f0040fc8   00000003  sw       x15, -0x18(x8)
#641 0 800000c2 fe842783 r 0f         00000003  lw       x15, -0x18(x8)
#642 0 800000c6 fdc42703 r 0e         00000006  lw       x14, -0x24(x8)
#643 0 800000ca fce7e8e3 r 00         00000000  bltu     x15, x14, . - 0x30
#644 0 8000009a fdc42783 r 0f         00000006  lw       x15, -0x24(x8)
#645 0 8000009e     85be r 0b         00000006  c.mv     x11, x15
#646 0 800000a0 fe842503 r 0a         00000003  lw       x10, -0x18(x8)
#647 0 800000a4     3745 r 01         800000a6  c.jal    . - 0x60
#648 0 80000044     1101 r 02         f0040f90  c.addi   x2, -0x20
#649 0 80000046     ce06 m f0040fac   800000a6  c.swsp   x1, 0x1c
#650 0 80000048     cc22 m f0040fa8   f0040fe0  c.swsp   x8, 0x18
#651 0 8000004a     1000 r 08         f0040fb0  c.addi4spn  x8, 0x8
#652 0 8000004c fea42623 m f0040f9c   00000003  sw       x10, -0x14(x8)
#653 0 80000050 feb42423 m f0040f98   00000006  sw       x11, -0x18(x8)
#654 0 80000054 fec42783 r 0f         00000003  lw       x15, -0x14(x8)
#655 0 80000058     e781 r 00         00000000  c.bnez   x15, . + 0x8
#656 0 80000060 fe842703 r 0e         00000006  lw       x14, -0x18(x8)
#657 0 80000064 fec42783 r 0f         00000003  lw       x15, -0x14(x8)
#658 0 80000068 02f767b3 r 0f         00000000  rem      x15, x14, x15
#659 0 8000006c fec42583 r 0b         00000003  lw       x11, -0x14(x8)
#660 0 80000070     853e r 0a         00000000  c.mv     x10, x15
#661 0 80000072     3fc9 r 01         80000074  c.jal    . - 0x2e
#662 0 80000044     1101 r 02         f0040f70  c.addi   x2, -0x20
#663 0 80000046     ce06 m f0040f8c   80000074  c.swsp   x1, 0x1c
#664 0 80000048     cc22 m f0040f88   f0040fb0  c.swsp   x8, 0x18
#665 0 8000004a     1000 r 08         f0040f90  c.addi4spn  x8, 0x8
#666 0 8000004c fea42623 m f0040f7c   00000000  sw       x10, -0x14(x8)
#667 0 80000050 feb42423 m f0040f78   00000003  sw       x11, -0x18(x8)
#668 0 80000054 fec42783 r 0f         00000000  lw       x15, -0x14(x8)
#669 0 80000058     e781 r 00         00000000  c.bnez   x15, . + 0x8
#670 0 8000005a fe842783 r 0f         00000003  lw       x15, -0x18(x8)
#671 0 8000005e     a821 r 00         00000000  c.j      . + 0x18
#672 0 80000076     853e r 0a         00000003  c.mv     x10, x15
#673 0 80000078     40f2 r 01         80000074  c.lwsp   x1, 0x1c
#674 0 8000007a     4462 r 08         f0040fb0  c.lwsp   x8, 0x18
#675 0 8000007c     6105 r 02         f0040f90  c.addi16sp 0x2
#676 0 8000007e     8082 r 00         00000000  c.jr     x1
#677 0 80000074     87aa r 0f         00000003  c.mv     x15, x10
#678 0 80000076     853e r 0a         00000003  c.mv     x10, x15
#679 0 80000078     40f2 r 01         800000a6  c.lwsp   x1, 0x1c
#680 0 8000007a     4462 r 08         f0040fe0  c.lwsp   x8, 0x18
#681 0 8000007c     6105 r 02         f0040fb0  c.addi16sp 0x2
#682 0 8000007e     8082 r 00         00000000  c.jr     x1
#683 0 800000a6     872a r 0e         00000003  c.mv     x14, x10
#684 0 800000a8     4785 r 0f         00000001  c.li     x15, 0x1
#685 0 800000aa 00f71763 r 00         00000000  bne      x14, x15, . + 0xe
#686 0 800000b8 fe842783 r 0f         00000003  lw       x15, -0x18(x8)
#687 0 800000bc     0785 r 0f         00000004  c.addi   x15, 0x1
#688 0 800000be fef42423 m f0040fc8   00000004  sw       x15, -0x18(x8)
#689 0 800000c2 fe842783 r 0f         00000004  lw       x15, -0x18(x8)
#690 0 800000c6 fdc42703 r 0e         00000006  lw       x14, -0x24(x8)
#691 0 800000ca fce7e8e3 r 00         00000000  bltu     x15, x14, . - 0x30
#692 0 8000009a fdc42783 r 0f         00000006  lw       x15, -0x24(x8)
#693 0 8000009e     85be r 0b         00000006  c.mv     x11, x15
#694 0 800000a0 fe842503 r 0a         00000004  lw       x10, -0x18(x8)
#695 0 800000a4     3745 r 01         800000a6  c.jal    . - 0x60
#696 0 80000044     1101 r 02         f0040f90  c.addi   x2, -0x20
#697 0 80000046     ce06 m f0040fac   800000a6  c.swsp   x1, 0x1c
#698 0 80000048     cc22 m f0040fa8   f0040fe0  c.swsp   x8, 0x18
#699 0 8000004a     1000 r 08         f0040fb0  c.addi4spn  x8, 0x8
#700 0 8000004c fea42623 m f0040f9c   00000004  sw       x10, -0x14(x8)
#701 0 80000050 feb42423 m f0040f98   00000006  sw       x11, -0x18(x8)
#702 0 80000054 fec42783 r 0f         00000004  lw       x15, -0x14(x8)
#703 0 80000058     e781 r 00         00000000  c.bnez   x15, . + 0x8
#704 0 80000060 fe842703 r 0e         00000006  lw       x14, -0x18(x8)
#705 0 80000064 fec42783 r 0f         00000004  lw       x15, -0x14(x8)
#706 0 80000068 02f767b3 r 0f         00000002  rem      x15, x14, x15
#707 0 8000006c fec42583 r 0b         00000004  lw       x11, -0x14(x8)
#708 0 80000070     853e r 0a         00000002  c.mv     x10, x15
#709 0 80000072     3fc9 r 01         80000074  c.jal    . - 0x2e
#710 0 80000044     1101 r 02         f0040f70  c.addi   x2, -0x20
#711 0 80000046     ce06 m f0040f8c   80000074  c.swsp   x1, 0x1c
#712 0 80000048     cc22 m f0040f88   f0040fb0  c.swsp   x8, 0x18
#713 0 8000004a     1000 r 08         f0040f90  c.addi4spn  x8, 0x8
#714 0 8000004c fea42623 m f0040f7c   00000002  sw       x10, -0x14(x8)
#715 0 80000050 feb42423 m f0040f78   00000004  sw       x11, -0x18(x8)
#716 0 80000054 fec42783 r 0f         00000002  lw       x15, -0x14(x8)
#717 0 80000058     e781 r 00         00000000  c.bnez   x15, . + 0x8
#718 0 80000060 fe842703 r 0e         00000004  lw       x14, -0x18(x8)
#719 0 80000064 fec42783 r 0f         00000002  lw       x15, -0x14(x8)
#720 0 80000068 02f767b3 r 0f         00000000  rem      x15, x14, x15
#721 0 8000006c fec42583 r 0b         00000002  lw       x11, -0x14(x8)
#722 0 80000070     853e r 0a         00000000  c.mv     x10, x15
#723 0 80000072     3fc9 r 01         80000074  c.jal    . - 0x2e
#724 0 80000044     1101 r 02         f0040f50  c.addi   x2, -0x20
#725 0 80000046     ce06 m f0040f6c   80000074  c.swsp   x1, 0x1c
#726 0 80000048     cc22 m f0040f68   f0040f90  c.swsp   x8, 0x18
#727 0 8000004a     1000 r 08         f0040f70  c.addi4spn  x8, 0x8
#728 0 8000004c fea42623 m f0040f5c   00000000  sw       x10, -0x14(x8)
#729 0 80000050 feb42423 m f0040f58   00000002  sw       x11, -0x18(x8)
#730 0 80000054 fec42783 r 0f         00000000  lw       x15, -0x14(x8)
#731 0 80000058     e781 r 00         00000000  c.bnez   x15, . + 0x8
#732 0 8000005a fe842783 r 0f         00000002  lw       x15, -0x18(x8)
#733 0 8000005e     a821 r 00         00000000  c.j      . + 0x18
#734 0 80000076     853e r 0a         00000002  c.mv     x10, x15
#735 0 80000078     40f2 r 01         80000074  c.lwsp   x1, 0x1c
#736 0 8000007a     4462 r 08         f0040f90  c.lwsp   x8, 0x18
#737 0 8000007c     6105 r 02         f0040f70  c.addi16sp 0x2
#738 0 8000007e     8082 r 00         00000000  c.jr     x1
#739 0 80000074     87aa r 0f         00000002  c.mv     x15, x10
#740 0 80000076     853e r 0a         00000002  c.mv     x10, x15
#741 0 80000078     40f2 r 01         80000074  c.lwsp   x1, 0x1c
#742 0 8000007a     4462 r 08         f0040fb0  c.lwsp   x8, 0x18
#743 0 8000007c     6105 r 02         f0040f90  c.addi16sp 0x2
#744 0 8000007e     8082 r 00         00000000  c.jr     x1
#745 0 80000074     87aa r 0f         00000002  c.mv     x15, x10
#746 0 80000076     853e r 0a         00000002  c.mv     x10, x15
#747 0 80000078     40f2 r 01         800000a6  c.lwsp   x1, 0x1c
#748 0 8000007a     4462 r 08         f0040fe0  c.lwsp   x8, 0x18
#749 0 8000007c     6105 r 02         f0040fb0  c.addi16sp 0x2
#750 0 8000007e     8082 r 00         00000000  c.jr     x1
#751 0 800000a6     872a r 0e         00000002  c.mv     x14, x10
#752 0 800000a8     4785 r 0f         00000001  c.li     x15, 0x1
#753 0 800000aa 00f71763 r 00         00000000  bne      x14, x15, . + 0xe
#754 0 800000b8 fe842783 r 0f         00000004  lw       x15, -0x18(x8)
#755 0 800000bc     0785 r 0f         00000005  c.addi   x15, 0x1
#756 0 800000be fef42423 m f0040fc8   00000005  sw       x15, -0x18(x8)
#757 0 800000c2 fe842783 r 0f         00000005  lw       x15, -0x18(x8)
#758 0 800000c6 fdc42703 r 0e         00000006  lw       x14, -0x24(x8)
#759 0 800000ca fce7e8e3 r 00         00000000  bltu     x15, x14, . - 0x30
#760 0 8000009a fdc42783 r 0f         00000006  lw       x15, -0x24(x8)
#761 0 8000009e     85be r 0b         00000006  c.mv     x11, x15
#762 0 800000a0 fe842503 r 0a         00000005  lw       x10, -0x18(x8)
#763 0 800000a4     3745 r 01         800000a6  c.jal    . - 0x60
#764 0 80000044     1101 r 02         f0040f90  c.addi   x2, -0x20
#765 0 80000046     ce06 m f0040fac   800000a6  c.swsp   x1, 0x1c
#766 0 80000048     cc22 m f0040fa8   f0040fe0  c.swsp   x8, 0x18
#767 0 8000004a     1000 r 08         f0040fb0  c.addi4spn  x8, 0x8
#768 0 8000004c fea42623 m f0040f9c   00000005  sw       x10, -0x14(x8)
#769 0 80000050 feb42423 m f0040f98   00000006  sw       x11, -0x18(x8)
#770 0 80000054 fec42783 r 0f         00000005  lw       x15, -0x14(x8)
#771 0 80000058     e781 r 00         00000000  c.bnez   x15, . + 0x8
#772 0 80000060 fe842703 r 0e         00000006  lw       x14, -0x18(x8)
#773 0 80000064 fec42783 r 0f         00000005  lw       x15, -0x14(x8)
#774 0 80000068 02f767b3 r 0f         00000001  rem      x15, x14, x15
#775 0 8000006c fec42583 r 0b         00000005  lw       x11, -0x14(x8)
#776 0 80000070     853e r 0a         00000001  c.mv     x10, x15
#777 0 80000072     3fc9 r 01         80000074  c.jal    . - 0x2e
#778 0 80000044     1101 r 02         f0040f70  c.addi   x2, -0x20
#779 0 80000046     ce06 m f0040f8c   80000074  c.swsp   x1, 0x1c
#780 0 80000048     cc22 m f0040f88   f0040fb0  c.swsp   x8, 0x18
#781 0 8000004a     1000 r 08         f0040f90  c.addi4spn  x8, 0x8
#782 0 8000004c fea42623 m f0040f7c   00000001  sw       x10, -0x14(x8)
#783 0 80000050 feb42423 m f0040f78   00000005  sw       x11, -0x18(x8)
#784 0 80000054 fec42783 r 0f         00000001  lw       x15, -0x14(x8)
#785 0 80000058     e781 r 00         00000000  c.bnez   x15, . + 0x8
#786 0 80000060 fe842703 r 0e         00000005  lw       x14, -0x18(x8)
#787 0 80000064 fec42783 r 0f         00000001  lw       x15, -0x14(x8)
#788 0 80000068 02f767b3 r 0f         00000000  rem      x15, x14, x15
#789 0 8000006c fec42583 r 0b         00000001  lw       x11, -0x14(x8)
#790 0 80000070     853e r 0a         00000000  c.mv     x10, x15
#791 0 80000072     3fc9 r 01         80000074  c.jal    . - 0x2e
#792 0 80000044     1101 r 02         f0040f50  c.addi   x2, -0x20
#793 0 80000046     ce06 m f0040f6c   80000074  c.swsp   x1, 0x1c
#794 0 80000048     cc22 m f0040f68   f0040f90  c.swsp   x8, 0x18
#795 0 8000004a     1000 r 08         f0040f70  c.addi4spn  x8, 0x8
#796 0 8000004c fea42623 m f0040f5c   00000000  sw       x10, -0x14(x8)
#797 0 80000050 feb42423 m f0040f58   00000001  sw       x11, -0x18(x8)
#798 0 80000054 fec42783 r 0f         00000000  lw       x15, -0x14(x8)
#799 0 80000058     e781 r 00         00000000  c.bnez   x15, . + 0x8
#800 0 8000005a fe842783 r 0f         00000001  lw       x15, -0x18(x8)
#801 0 8000005e     a821 r 00         00000000  c.j      . + 0x18
#802 0 80000076     853e r 0a         00000001  c.mv     x10, x15
#803 0 80000078     40f2 r 01         80000074  c.lwsp   x1, 0x1c
#804 0 8000007a     4462 r 08         f0040f90  c.lwsp   x8, 0x18
#805 0 8000007c     6105 r 02         f0040f70  c.addi16sp 0x2
#806 0 8000007e     8082 r 00         00000000  c.jr     x1
#807 0 80000074     87aa r 0f         00000001  c.mv     x15, x10
#808 0 80000076     853e r 0a         00000001  c.mv     x10, x15
#809 0 80000078     40f2 r 01         80000074  c.lwsp   x1, 0x1c
#810 0 8000007a     4462 r 08         f0040fb0  c.lwsp   x8, 0x18
#811 0 8000007c     6105 r 02         f0040f90  c.addi16sp 0x2
#812 0 8000007e     8082 r 00         00000000  c.jr     x1
#813 0 80000074     87aa r 0f         00000001  c.mv     x15, x10
#814 0 80000076     853e r 0a         00000001  c.mv     x10, x15
#815 0 80000078     40f2 r 01         800000a6  c.lwsp   x1, 0x1c
#816 0 8000007a     4462 r 08         f0040fe0  c.lwsp   x8, 0x18
#817 0 8000007c     6105 r 02         f0040fb0  c.addi16sp 0x2
#818 0 8000007e     8082 r 00         00000000  c.jr     x1
#819 0 800000a6     872a r 0e         00000001  c.mv     x14, x10
#820 0 800000a8     4785 r 0f         00000001  c.li     x15, 0x1
#821 0 800000aa 00f71763 r 00         00000000  bne      x14, x15, . + 0xe
#822 0 800000ae fec42783 r 0f         00000001  lw       x15, -0x14(x8)
#823 0 800000b2     0785 r 0f         00000002  c.addi   x15, 0x1
#824 0 800000b4 fef42623 m f0040fcc   00000002  sw       x15, -0x14(x8)
#825 0 800000b8 fe842783 r 0f         00000005  lw       x15, -0x18(x8)
#826 0 800000bc     0785 r 0f         00000006  c.addi   x15, 0x1
#827 0 800000be fef42423 m f0040fc8   00000006  sw       x15, -0x18(x8)
#828 0 800000c2 fe842783 r 0f         00000006  lw       x15, -0x18(x8)
#829 0 800000c6 fdc42703 r 0e         00000006  lw       x14, -0x24(x8)
#830 0 800000ca fce7e8e3 r 00         00000000  bltu     x15, x14, . - 0x30
#831 0 800000ce fec42783 r 0f         00000002  lw       x15, -0x14(x8)
#832 0 800000d2     853e r 0a         00000002  c.mv     x10, x15
#833 0 800000d4     50b2 r 01         800000f4  c.lwsp   x1, 0x2c
#834 0 800000d6     5422 r 08         f0041000  c.lwsp   x8, 0x28
#835 0 800000d8     6145 r 02         f0040fe0  c.addi16sp 0x3
#836 0 800000da     8082 r 00         00000000  c.jr     x1
#837 0 800000f4 fec42783 r 0f         00000006  lw       x15, -0x14(x8)
#838 0 800000f8     0785 r 0f         00000007  c.addi   x15, 0x1
#839 0 800000fa fef42623 m f0040fec   00000007  sw       x15, -0x14(x8)
#840 0 800000fe fec42703 r 0e         00000007  lw       x14, -0x14(x8)
#841 0 80000102     47a9 r 0f         0000000a  c.li     x15, 0xa
#842 0 80000104 fee7d4e3 r 00         00000000  bge      x15, x14, . - 0x18
#843 0 800000ec fec42783 r 0f         00000007  lw       x15, -0x14(x8)
#844 0 800000f0     853e r 0a         00000007  c.mv     x10, x15
#845 0 800000f2     3779 r 01         800000f4  c.jal    . - 0x72
#846 0 80000080     7179 r 02         f0040fb0  c.addi16sp -0x3
#847 0 80000082     d606 m f0040fdc   800000f4  c.swsp   x1, 0x2c
#848 0 80000084     d422 m f0040fd8   f0041000  c.swsp   x8, 0x28
#849 0 80000086     1800 r 08         f0040fe0  c.addi4spn  x8, 0xc
#850 0 80000088 fca42e23 m f0040fbc   00000007  sw       x10, -0x24(x8)
#851 0 8000008c     4785 r 0f         00000001  c.li     x15, 0x1
#852 0 8000008e fef42623 m f0040fcc   00000001  sw       x15, -0x14(x8)
#853 0 80000092     4789 r 0f         00000002  c.li     x15, 0x2
#854 0 80000094 fef42423 m f0040fc8   00000002  sw       x15, -0x18(x8)
#855 0 80000098     a02d r 00         00000000  c.j      . + 0x2a
#856 0 800000c2 fe842783 r 0f         00000002  lw       x15, -0x18(x8)
#857 0 800000c6 fdc42703 r 0e         00000007  lw       x14, -0x24(x8)
#858 0 800000ca fce7e8e3 r 00         00000000  bltu     x15, x14, . - 0x30
#859 0 8000009a fdc42783 r 0f         00000007  lw       x15, -0x24(x8)
#860 0 8000009e     85be r 0b         00000007  c.mv     x11, x15
#861 0 800000a0 fe842503 r 0a         00000002  lw       x10, -0x18(x8)
#862 0 800000a4     3745 r 01         800000a6  c.jal    . - 0x60
#863 0 80000044     1101 r 02         f0040f90  c.addi   x2, -0x20
#864 0 80000046     ce06 m f0040fac   800000a6  c.swsp   x1, 0x1c
#865 0 80000048     cc22 m f0040fa8   f0040fe0  c.swsp   x8, 0x18
#866 0 8000004a     1000 r 08         f0040fb0  c.addi4spn  x8, 0x8
#867 0 8000004c fea42623 m f0040f9c   00000002  sw       x10, -0x14(x8)
#868 0 80000050 feb42423 m f0040f98   00000007  sw       x11, -0x18(x8)
#869 0 80000054 fec42783 r 0f         00000002  lw       x15, -0x14(x8)
#870 0 80000058     e781 r 00         00000000  c.bnez   x15, . + 0x8
#871 0 80000060 fe842703 r 0e         00000007  lw       x14, -0x18(x8)
#872 0 80000064 fec42783 r 0f         00000002  lw       x15, -0x14(x8)
#873 0 80000068 02f767b3 r 0f         00000001  rem      x15, x14, x15
#874 0 8000006c fec42583 r 0b         00000002  lw       x11, -0x14(x8)
#875 0 80000070     853e r 0a         00000001  c.mv     x10, x15
#876 0 80000072     3fc9 r 01         80000074  c.jal    . - 0x2e
#877 0 80000044     1101 r 02         f0040f70  c.addi   x2, -0x20
#878 0 80000046     ce06 m f0040f8c   80000074  c.swsp   x1, 0x1c
#879 0 80000048     cc22 m f0040f88   f0040fb0  c.swsp   x8, 0x18
#880 0 8000004a     1000 r 08         f0040f90  c.addi4spn  x8, 0x8
#881 0 8000004c fea42623 m f0040f7c   00000001  sw       x10, -0x14(x8)
#882 0 80000050 feb42423 m f0040f78   00000002  sw       x11, -0x18(x8)
#883 0 80000054 fec42783 r 0f         00000001  lw       x15, -0x14(x8)
#884 0 80000058     e781 r 00         00000000  c.bnez   x15, . + 0x8
#885 0 80000060 fe842703 r 0e         00000002  lw       x14, -0x18(x8)
#886 0 80000064 fec42783 r 0f         00000001  lw       x15, -0x14(x8)
#887 0 80000068 02f767b3 r 0f         00000000  rem      x15, x14, x15
#888 0 8000006c fec42583 r 0b         00000001  lw       x11, -0x14(x8)
#889 0 80000070     853e r 0a         00000000  c.mv     x10, x15
#890 0 80000072     3fc9 r 01         80000074  c.jal    . - 0x2e
#891 0 80000044     1101 r 02         f0040f50  c.addi   x2, -0x20
#892 0 80000046     ce06 m f0040f6c   80000074  c.swsp   x1, 0x1c
#893 0 80000048     cc22 m f0040f68   f0040f90  c.swsp   x8, 0x18
#894 0 8000004a     1000 r 08         f0040f70  c.addi4spn  x8, 0x8
#895 0 8000004c fea42623 m f0040f5c   00000000  sw       x10, -0x14(x8)
#896 0 80000050 feb42423 m f0040f58   00000001  sw       x11, -0x18(x8)
#897 0 80000054 fec42783 r 0f         00000000  lw       x15, -0x14(x8)
#898 0 80000058     e781 r 00         00000000  c.bnez   x15, . + 0x8
#899 0 8000005a fe842783 r 0f         00000001  lw       x15, -0x18(x8)
#900 0 8000005e     a821 r 00         00000000  c.j      . + 0x18
#901 0 80000076     853e r 0a         00000001  c.mv     x10, x15
#902 0 80000078     40f2 r 01         80000074  c.lwsp   x1, 0x1c
#903 0 8000007a     4462 r 08         f0040f90  c.lwsp   x8, 0x18
#904 0 8000007c     6105 r 02         f0040f70  c.addi16sp 0x2
#905 0 8000007e     8082 r 00         00000000  c.jr     x1
#906 0 80000074     87aa r 0f         00000001  c.mv     x15, x10
#907 0 80000076     853e r 0a         00000001  c.mv     x10, x15
#908 0 80000078     40f2 r 01         80000074  c.lwsp   x1, 0x1c
#909 0 8000007a     4462 r 08         f0040fb0  c.lwsp   x8, 0x18
#910 0 8000007c     6105 r 02         f0040f90  c.addi16sp 0x2
#911 0 8000007e     8082 r 00         00000000  c.jr     x1
#912 0 80000074     87aa r 0f         00000001  c.mv     x15, x10
#913 0 80000076     853e r 0a         00000001  c.mv     x10, x15
#914 0 80000078     40f2 r 01         800000a6  c.lwsp   x1, 0x1c
#915 0 8000007a     4462 r 08         f0040fe0  c.lwsp   x8, 0x18
#916 0 8000007c     6105 r 02         f0040fb0  c.addi16sp 0x2
#917 0 8000007e     8082 r 00         00000000  c.jr     x1
#918 0 800000a6     872a r 0e         00000001  c.mv     x14, x10
#919 0 800000a8     4785 r 0f         00000001  c.li     x15, 0x1
#920 0 800000aa 00f71763 r 00         00000000  bne      x14, x15, . + 0xe
#921 0 800000ae fec42783 r 0f         00000001  lw       x15, -0x14(x8)
#922 0 800000b2     0785 r 0f         00000002  c.addi   x15, 0x1
#923 0 800000b4 fef42623 m f0040fcc   00000002  sw       x15, -0x14(x8)
#924 0 800000b8 fe842783 r 0f         00000002  lw       x15, -0x18(x8)
#925 0 800000bc     0785 r 0f         00000003  c.addi   x15, 0x1
#926 0 800000be fef42423 m f0040fc8   00000003  sw       x15, -0x18(x8)
#927 0 800000c2 fe842783 r 0f         00000003  lw       x15, -0x18(x8)
#928 0 800000c6 fdc42703 r 0e         00000007  lw       x14, -0x24(x8)
#929 0 800000ca fce7e8e3 r 00         00000000  bltu     x15, x14, . - 0x30
#930 0 8000009a fdc42783 r 0f         00000007  lw       x15, -0x24(x8)
#931 0 8000009e     85be r 0b         00000007  c.mv     x11, x15
#932 0 800000a0 fe842503 r 0a         00000003  lw       x10, -0x18(x8)
#933 0 800000a4     3745 r 01         800000a6  c.jal    . - 0x60
#934 0 80000044     1101 r 02         f0040f90  c.addi   x2, -0x20
#935 0 80000046     ce06 m f0040fac   800000a6  c.swsp   x1, 0x1c
#936 0 80000048     cc22 m f0040fa8   f0040fe0  c.swsp   x8, 0x18
#937 0 8000004a     1000 r 08         f0040fb0  c.addi4spn  x8, 0x8
#938 0 8000004c fea42623 m f0040f9c   00000003  sw       x10, -0x14(x8)
#939 0 80000050 feb42423 m f0040f98   00000007  sw       x11, -0x18(x8)
#940 0 80000054 fec42783 r 0f         00000003  lw       x15, -0x14(x8)
#941 0 80000058     e781 r 00         00000000  c.bnez   x15, . + 0x8
#942 0 80000060 fe842703 r 0e         00000007  lw       x14, -0x18(x8)
#943 0 80000064 fec42783 r 0f         00000003  lw       x15, -0x14(x8)
#944 0 80000068 02f767b3 r 0f         00000001  rem      x15, x14, x15
#945 0 8000006c fec42583 r 0b         00000003  lw       x11, -0x14(x8)
#946 0 80000070     853e r 0a         00000001  c.mv     x10, x15
#947 0 80000072     3fc9 r 01         80000074  c.jal    . - 0x2e
#948 0 80000044     1101 r 02         f0040f70  c.addi   x2, -0x20
#949 0 80000046     ce06 m f0040f8c   80000074  c.swsp   x1, 0x1c
#950 0 80000048     cc22 m f0040f88   f0040fb0  c.swsp   x8, 0x18
#951 0 8000004a     1000 r 08         f0040f90  c.addi4spn  x8, 0x8
#952 0 8000004c fea42623 m f0040f7c   00000001  sw       x10, -0x14(x8)
#953 0 80000050 feb42423 m f0040f78   00000003  sw       x11, -0x18(x8)
#954 0 80000054 fec42783 r 0f         00000001  lw       x15, -0x14(x8)
#955 0 80000058     e781 r 00         00000000  c.bnez   x15, . + 0x8
#956 0 80000060 fe842703 r 0e         00000003  lw       x14, -0x18(x8)
#957 0 80000064 fec42783 r 0f         00000001  lw       x15, -0x14(x8)
#958 0 80000068 02f767b3 r 0f         00000000  rem      x15, x14, x15
#959 0 8000006c fec42583 r 0b         00000001  lw       x11, -0x14(x8)
#960 0 80000070     853e r 0a         00000000  c.mv     x10, x15
#961 0 80000072     3fc9 r 01         80000074  c.jal    . - 0x2e
#962 0 80000044     1101 r 02         f0040f50  c.addi   x2, -0x20
#963 0 80000046     ce06 m f0040f6c   80000074  c.swsp   x1, 0x1c
#964 0 80000048     cc22 m f0040f68   f0040f90  c.swsp   x8, 0x18
#965 0 8000004a     1000 r 08         f0040f70  c.addi4spn  x8, 0x8
#966 0 8000004c fea42623 m f0040f5c   00000000  sw       x10, -0x14(x8)
#967 0 80000050 feb42423 m f0040f58   00000001  sw       x11, -0x18(x8)
#968 0 80000054 fec42783 r 0f         00000000  lw       x15, -0x14(x8)
#969 0 80000058     e781 r 00         00000000  c.bnez   x15, . + 0x8
#970 0 8000005a fe842783 r 0f         00000001  lw       x15, -0x18(x8)
#971 0 8000005e     a821 r 00         00000000  c.j      . + 0x18
#972 0 80000076     853e r 0a         00000001  c.mv     x10, x15
#973 0 80000078     40f2 r 01         80000074  c.lwsp   x1, 0x1c
#974 0 8000007a     4462 r 08         f0040f90  c.lwsp   x8, 0x18
#975 0 8000007c     6105 r 02         f0040f70  c.addi16sp 0x2
#976 0 8000007e     8082 r 00         00000000  c.jr     x1
#977 0 80000074     87aa r 0f         00000001  c.mv     x15, x10
#978 0 80000076     853e r 0a         00000001  c.mv     x10, x15
#979 0 80000078     40f2 r 01         80000074  c.lwsp   x1, 0x1c
#980 0 8000007a     4462 r 08         f0040fb0  c.lwsp   x8, 0x18
#981 0 8000007c     6105 r 02         f0040f90  c.addi16sp 0x2
#982 0 8000007e     8082 r 00         00000000  c.jr     x1
#983 0 80000074     87aa r 0f         00000001  c.mv     x15, x10
#984 0 80000076     853e r 0a         00000001  c.mv     x10, x15
#985 0 80000078     40f2 r 01         800000a6  c.lwsp   x1, 0x1c
#986 0 8000007a     4462 r 08         f0040fe0  c.lwsp   x8, 0x18
#987 0 8000007c     6105 r 02         f0040fb0  c.addi16sp 0x2
#988 0 8000007e     8082 r 00         00000000  c.jr     x1
#989 0 800000a6     872a r 0e         00000001  c.mv     x14, x10
#990 0 800000a8     4785 r 0f         00000001  c.li     x15, 0x1
#991 0 800000aa 00f71763 r 00         00000000  bne      x14, x15, . + 0xe
#992 0 800000ae fec42783 r 0f         00000002  lw       x15, -0x14(x8)
#993 0 800000b2     0785 r 0f         00000003  c.addi   x15, 0x1
#994 0 800000b4 fef42623 m f0040fcc   00000003  sw       x15, -0x14(x8)
#995 0 800000b8 fe842783 r 0f         00000003  lw       x15, -0x18(x8)
#996 0 800000bc     0785 r 0f         00000004  c.addi   x15, 0x1
#997 0 800000be fef42423 m f0040fc8   00000004  sw       x15, -0x18(x8)
#998 0 800000c2 fe842783 r 0f         00000004  lw       x15, -0x18(x8)
#999 0 800000c6 fdc42703 r 0e         00000007  lw       x14, -0x24(x8)
#1000 0 800000ca fce7e8e3 r 00         00000000  bltu     x15, x14, . - 0x30
#1001 0 8000009a fdc42783 r 0f         00000007  lw       x15, -0x24(x8)
#1002 0 8000009e     85be r 0b         00000007  c.mv     x11, x15
#1003 0 800000a0 fe842503 r 0a         00000004  lw       x10, -0x18(x8)
#1004 0 800000a4     3745 r 01         800000a6  c.jal    . - 0x60
#1005 0 80000044     1101 r 02         f0040f90  c.addi   x2, -0x20
#1006 0 80000046     ce06 m f0040fac   800000a6  c.swsp   x1, 0x1c
#1007 0 80000048     cc22 m f0040fa8   f0040fe0  c.swsp   x8, 0x18
#1008 0 8000004a     1000 r 08         f0040fb0  c.addi4spn  x8, 0x8
#1009 0 8000004c fea42623 m f0040f9c   00000004  sw       x10, -0x14(x8)
#1010 0 80000050 feb42423 m f0040f98   00000007  sw       x11, -0x18(x8)
#1011 0 80000054 fec42783 r 0f         00000004  lw       x15, -0x14(x8)
#1012 0 80000058     e781 r 00         00000000  c.bnez   x15, . + 0x8
#1013 0 80000060 fe842703 r 0e         00000007  lw       x14, -0x18(x8)
#1014 0 80000064 fec42783 r 0f         00000004  lw       x15, -0x14(x8)
#1015 0 80000068 02f767b3 r 0f         00000003  rem      x15, x14, x15
#1016 0 8000006c fec42583 r 0b         00000004  lw       x11, -0x14(x8)
#1017 0 80000070     853e r 0a         00000003  c.mv     x10, x15
#1018 0 80000072     3fc9 r 01         80000074  c.jal    . - 0x2e
#1019 0 80000044     1101 r 02         f0040f70  c.addi   x2, -0x20
#1020 0 80000046     ce06 m f0040f8c   80000074  c.swsp   x1, 0x1c
#1021 0 80000048     cc22 m f0040f88   f0040fb0  c.swsp   x8, 0x18
#1022 0 8000004a     1000 r 08         f0040f90  c.addi4spn  x8, 0x8
#1023 0 8000004c fea42623 m f0040f7c   00000003  sw       x10, -0x14(x8)
#1024 0 80000050 feb42423 m f0040f78   00000004  sw       x11, -0x18(x8)
#1025 0 80000054 fec42783 r 0f         00000003  lw       x15, -0x14(x8)
#1026 0 80000058     e781 r 00         00000000  c.bnez   x15, . + 0x8
#1027 0 80000060 fe842703 r 0e         00000004  lw       x14, -0x18(x8)
#1028 0 80000064 fec42783 r 0f         00000003  lw       x15, -0x14(x8)
#1029 0 80000068 02f767b3 r 0f         00000001  rem      x15, x14, x15
#1030 0 8000006c fec42583 r 0b         00000003  lw       x11, -0x14(x8)
#1031 0 80000070     853e r 0a         00000001  c.mv     x10, x15
#1032 0 80000072     3fc9 r 01         80000074  c.jal    . - 0x2e
#1033 0 80000044     1101 r 02         f0040f50  c.addi   x2, -0x20
#1034 0 80000046     ce06 m f0040f6c   80000074  c.swsp   x1, 0x1c
#1035 0 80000048     cc22 m f0040f68   f0040f90  c.swsp   x8, 0x18
#1036 0 8000004a     1000 r 08         f0040f70  c.addi4spn  x8, 0x8
#1037 0 8000004c fea42623 m f0040f5c   00000001  sw       x10, -0x14(x8)
#1038 0 80000050 feb42423 m f0040f58   00000003  sw       x11, -0x18(x8)
#1039 0 80000054 fec42783 r 0f         00000001  lw       x15, -0x14(x8)
#1040 0 80000058     e781 r 00         00000000  c.bnez   x15, . + 0x8
#1041 0 80000060 fe842703 r 0e         00000003  lw       x14, -0x18(x8)
#1042 0 80000064 fec42783 r 0f         00000001  lw       x15, -0x14(x8)
#1043 0 80000068 02f767b3 r 0f         00000000  rem      x15, x14, x15
#1044 0 8000006c fec42583 r 0b         00000001  lw       x11, -0x14(x8)
#1045 0 80000070     853e r 0a         00000000  c.mv     x10, x15
#1046 0 80000072     3fc9 r 01         80000074  c.jal    . - 0x2e
#1047 0 80000044     1101 r 02         f0040f30  c.addi   x2, -0x20
#1048 0 80000046     ce06 m f0040f4c   80000074  c.swsp   x1, 0x1c
#1049 0 80000048     cc22 m f0040f48   f0040f70  c.swsp   x8, 0x18
#1050 0 8000004a     1000 r 08         f0040f50  c.addi4spn  x8, 0x8
#1051 0 8000004c fea42623 m f0040f3c   00000000  sw       x10, -0x14(x8)
#1052 0 80000050 feb42423 m f0040f38   00000001  sw       x11, -0x18(x8)
#1053 0 80000054 fec42783 r 0f         00000000  lw       x15, -0x14(x8)
#1054 0 80000058     e781 r 00         00000000  c.bnez   x15, . + 0x8
#1055 0 8000005a fe842783 r 0f         00000001  lw       x15, -0x18(x8)
#1056 0 8000005e     a821 r 00         00000000  c.j      . + 0x18
#1057 0 80000076     853e r 0a         00000001  c.mv     x10, x15
#1058 0 80000078     40f2 r 01         80000074  c.lwsp   x1, 0x1c
#1059 0 8000007a     4462 r 08         f0040f70  c.lwsp   x8, 0x18
#1060 0 8000007c     6105 r 02         f0040f50  c.addi16sp 0x2
#1061 0 8000007e     8082 r 00         00000000  c.jr     x1
#1062 0 80000074     87aa r 0f         00000001  c.mv     x15, x10
#1063 0 80000076     853e r 0a         00000001  c.mv     x10, x15
#1064 0 80000078     40f2 r 01         80000074  c.lwsp   x1, 0x1c
#1065 0 8000007a     4462 r 08         f0040f90  c.lwsp   x8, 0x18
#1066 0 8000007c     6105 r 02         f0040f70  c.addi16sp 0x2
#1067 0 8000007e     8082 r 00         00000000  c.jr     x1
#1068 0 80000074     87aa r 0f         00000001  c.mv     x15, x10
#1069 0 80000076     853e r 0a         00000001  c.mv     x10, x15
#1070 0 80000078     40f2 r 01         80000074  c.lwsp   x1, 0x1c
#1071 0 8000007a     4462 r 08         f0040fb0  c.lwsp   x8, 0x18
#1072 0 8000007c     6105 r 02         f0040f90  c.addi16sp 0x2
#1073 0 8000007e     8082 r 00         00000000  c.jr     x1
#1074 0 80000074     87aa r 0f         00000001  c.mv     x15, x10
#1075 0 80000076     853e r 0a         00000001  c.mv     x10, x15
#1076 0 80000078     40f2 r 01         800000a6  c.lwsp   x1, 0x1c
#1077 0 8000007a     4462 r 08         f0040fe0  c.lwsp   x8, 0x18
#1078 0 8000007c     6105 r 02         f0040fb0  c.addi16sp 0x2
#1079 0 8000007e     8082 r 00         00000000  c.jr     x1
#1080 0 800000a6     872a r 0e         00000001  c.mv     x14, x10
#1081 0 800000a8     4785 r 0f         00000001  c.li     x15, 0x1
#1082 0 800000aa 00f71763 r 00         00000000  bne      x14, x15, . + 0xe
#1083 0 800000ae fec42783 r 0f         00000003  lw       x15, -0x14(x8)
#1084 0 800000b2     0785 r 0f         00000004  c.addi   x15, 0x1
#1085 0 800000b4 fef42623 m f0040fcc   00000004  sw       x15, -0x14(x8)
#1086 0 800000b8 fe842783 r 0f         00000004  lw       x15, -0x18(x8)
#1087 0 800000bc     0785 r 0f         00000005  c.addi   x15, 0x1
#1088 0 800000be fef42423 m f0040fc8   00000005  sw       x15, -0x18(x8)
#1089 0 800000c2 fe842783 r 0f         00000005  lw       x15, -0x18(x8)
#1090 0 800000c6 fdc42703 r 0e         00000007  lw       x14, -0x24(x8)
#1091 0 800000ca fce7e8e3 r 00         00000000  bltu     x15, x14, . - 0x30
#1092 0 8000009a fdc42783 r 0f         00000007  lw       x15, -0x24(x8)
#1093 0 8000009e     85be r 0b         00000007  c.mv     x11, x15
#1094 0 800000a0 fe842503 r 0a         00000005  lw       x10, -0x18(x8)
#1095 0 800000a4     3745 r 01         800000a6  c.jal    . - 0x60
#1096 0 80000044     1101 r 02         f0040f90  c.addi   x2, -0x20
#1097 0 80000046     ce06 m f0040fac   800000a6  c.swsp   x1, 0x1c
#1098 0 80000048     cc22 m f0040fa8   f0040fe0  c.swsp   x8, 0x18
#1099 0 8000004a     1000 r 08         f0040fb0  c.addi4spn  x8, 0x8
#1100 0 8000004c fea42623 m f0040f9c   00000005  sw       x10, -0x14(x8)
#1101 0 80000050 feb42423 m f0040f98   00000007  sw       x11, -0x18(x8)
#1102 0 80000054 fec42783 r 0f         00000005  lw       x15, -0x14(x8)
#1103 0 80000058     e781 r 00         00000000  c.bnez   x15, . + 0x8
#1104 0 80000060 fe842703 r 0e         00000007  lw       x14, -0x18(x8)
#1105 0 80000064 fec42783 r 0f         00000005  lw       x15, -0x14(x8)
#1106 0 80000068 02f767b3 r 0f         00000002  rem      x15, x14, x15
#1107 0 8000006c fec42583 r 0b         00000005  lw       x11, -0x14(x8)
#1108 0 80000070     853e r 0a         00000002  c.mv     x10, x15
#1109 0 80000072     3fc9 r 01         80000074  c.jal    . - 0x2e
#1110 0 80000044     1101 r 02         f0040f70  c.addi   x2, -0x20
#1111 0 80000046     ce06 m f0040f8c   80000074  c.swsp   x1, 0x1c
#1112 0 80000048     cc22 m f0040f88   f0040fb0  c.swsp   x8, 0x18
#1113 0 8000004a     1000 r 08         f0040f90  c.addi4spn  x8, 0x8
#1114 0 8000004c fea42623 m f0040f7c   00000002  sw       x10, -0x14(x8)
#1115 0 80000050 feb42423 m f0040f78   00000005  sw       x11, -0x18(x8)
#1116 0 80000054 fec42783 r 0f         00000002  lw       x15, -0x14(x8)
#1117 0 80000058     e781 r 00         00000000  c.bnez   x15, . + 0x8
#1118 0 80000060 fe842703 r 0e         00000005  lw       x14, -0x18(x8)
#1119 0 80000064 fec42783 r 0f         00000002  lw       x15, -0x14(x8)
#1120 0 80000068 02f767b3 r 0f         00000001  rem      x15, x14, x15
#1121 0 8000006c fec42583 r 0b         00000002  lw       x11, -0x14(x8)
#1122 0 80000070     853e r 0a         00000001  c.mv     x10, x15
#1123 0 80000072     3fc9 r 01         80000074  c.jal    . - 0x2e
#1124 0 80000044     1101 r 02         f0040f50  c.addi   x2, -0x20
#1125 0 80000046     ce06 m f0040f6c   80000074  c.swsp   x1, 0x1c
#1126 0 80000048     cc22 m f0040f68   f0040f90  c.swsp   x8, 0x18
#1127 0 8000004a     1000 r 08         f0040f70  c.addi4spn  x8, 0x8
#1128 0 8000004c fea42623 m f0040f5c   00000001  sw       x10, -0x14(x8)
#1129 0 80000050 feb42423 m f0040f58   00000002  sw       x11, -0x18(x8)
#1130 0 80000054 fec42783 r 0f         00000001  lw       x15, -0x14(x8)
#1131 0 80000058     e781 r 00         00000000  c.bnez   x15, . + 0x8
#1132 0 80000060 fe842703 r 0e         00000002  lw       x14, -0x18(x8)
#1133 0 80000064 fec42783 r 0f         00000001  lw       x15, -0x14(x8)
#1134 0 80000068 02f767b3 r 0f         00000000  rem      x15, x14, x15
#1135 0 8000006c fec42583 r 0b         00000001  lw       x11, -0x14(x8)
#1136 0 80000070     853e r 0a         00000000  c.mv     x10, x15
#1137 0 80000072     3fc9 r 01         80000074  c.jal    . - 0x2e
#1138 0 80000044     1101 r 02         f0040f30  c.addi   x2, -0x20
#1139 0 80000046     ce06 m f0040f4c   80000074  c.swsp   x1, 0x1c
#1140 0 80000048     cc22 m f0040f48   f0040f70  c.swsp   x8, 0x18
#1141 0 8000004a     1000 r 08         f0040f50  c.addi4spn  x8, 0x8
#1142 0 8000004c fea42623 m f0040f3c   00000000  sw       x10, -0x14(x8)
#1143 0 80000050 feb42423 m f0040f38   00000001  sw       x11, -0x18(x8)
#1144 0 80000054 fec42783 r 0f         00000000  lw       x15, -0x14(x8)
#1145 0 80000058     e781 r 00         00000000  c.bnez   x15, . + 0x8
#1146 0 8000005a fe842783 r 0f         00000001  lw       x15, -0x18(x8)
#1147 0 8000005e     a821 r 00         00000000  c.j      . + 0x18
#1148 0 80000076     853e r 0a         00000001  c.mv     x10, x15
#1149 0 80000078     40f2 r 01         80000074  c.lwsp   x1, 0x1c
#1150 0 8000007a     4462 r 08         f0040f70  c.lwsp   x8, 0x18
#1151 0 8000007c     6105 r 02         f0040f50  c.addi16sp 0x2
#1152 0 8000007e     8082 r 00         00000000  c.jr     x1
#1153 0 80000074     87aa r 0f         00000001  c.mv     x15, x10
#1154 0 80000076     853e r 0a         00000001  c.mv     x10, x15
#1155 0 80000078     40f2 r 01         80000074  c.lwsp   x1, 0x1c
#1156 0 8000007a     4462 r 08         f0040f90  c.lwsp   x8, 0x18
#1157 0 8000007c     6105 r 02         f0040f70  c.addi16sp 0x2
#1158 0 8000007e     8082 r 00         00000000  c.jr     x1
#1159 0 80000074     87aa r 0f         00000001  c.mv     x15, x10
#1160 0 80000076     853e r 0a         00000001  c.mv     x10, x15
#1161 0 80000078     40f2 r 01         80000074  c.lwsp   x1, 0x1c
#1162 0 8000007a     4462 r 08         f0040fb0  c.lwsp   x8, 0x18
#1163 0 8000007c     6105 r 02         f0040f90  c.addi16sp 0x2
#1164 0 8000007e     8082 r 00         00000000  c.jr     x1
#1165 0 80000074     87aa r 0f         00000001  c.mv     x15, x10
#1166 0 80000076     853e r 0a         00000001  c.mv     x10, x15
#1167 0 80000078     40f2 r 01         800000a6  c.lwsp   x1, 0x1c
#1168 0 8000007a     4462 r 08         f0040fe0  c.lwsp   x8, 0x18
#1169 0 8000007c     6105 r 02         f0040fb0  c.addi16sp 0x2
#1170 0 8000007e     8082 r 00         00000000  c.jr     x1
#1171 0 800000a6     872a r 0e         00000001  c.mv     x14, x10
#1172 0 800000a8     4785 r 0f         00000001  c.li     x15, 0x1
#1173 0 800000aa 00f71763 r 00         00000000  bne      x14, x15, . + 0xe
#1174 0 800000ae fec42783 r 0f         00000004  lw       x15, -0x14(x8)
#1175 0 800000b2     0785 r 0f         00000005  c.addi   x15, 0x1
#1176 0 800000b4 fef42623 m f0040fcc   00000005  sw       x15, -0x14(x8)
#1177 0 800000b8 fe842783 r 0f         00000005  lw       x15, -0x18(x8)
#1178 0 800000bc     0785 r 0f         00000006  c.addi   x15, 0x1
#1179 0 800000be fef42423 m f0040fc8   00000006  sw       x15, -0x18(x8)
#1180 0 800000c2 fe842783 r 0f         00000006  lw       x15, -0x18(x8)
#1181 0 800000c6 fdc42703 r 0e         00000007  lw       x14, -0x24(x8)
#1182 0 800000ca fce7e8e3 r 00         00000000  bltu     x15, x14, . - 0x30
#1183 0 8000009a fdc42783 r 0f         00000007  lw       x15, -0x24(x8)
#1184 0 8000009e     85be r 0b         00000007  c.mv     x11, x15
#1185 0 800000a0 fe842503 r 0a         00000006  lw       x10, -0x18(x8)
#1186 0 800000a4     3745 r 01         800000a6  c.jal    . - 0x60
#1187 0 80000044     1101 r 02         f0040f90  c.addi   x2, -0x20
#1188 0 80000046     ce06 m f0040fac   800000a6  c.swsp   x1, 0x1c
#1189 0 80000048     cc22 m f0040fa8   f0040fe0  c.swsp   x8, 0x18
#1190 0 8000004a     1000 r 08         f0040fb0  c.addi4spn  x8, 0x8
#1191 0 8000004c fea42623 m f0040f9c   00000006  sw       x10, -0x14(x8)
#1192 0 80000050 feb42423 m f0040f98   00000007  sw       x11, -0x18(x8)
#1193 0 80000054 fec42783 r 0f         00000006  lw       x15, -0x14(x8)
#1194 0 80000058     e781 r 00         00000000  c.bnez   x15, . + 0x8
#1195 0 80000060 fe842703 r 0e         00000007  lw       x14, -0x18(x8)
#1196 0 80000064 fec42783 r 0f         00000006  lw       x15, -0x14(x8)
#1197 0 80000068 02f767b3 r 0f         00000001  rem      x15, x14, x15
#1198 0 8000006c fec42583 r 0b         00000006  lw       x11, -0x14(x8)
#1199 0 80000070     853e r 0a         00000001  c.mv     x10, x15
#1200 0 80000072     3fc9 r 01         80000074  c.jal    . - 0x2e
#1201 0 80000044     1101 r 02         f0040f70  c.addi   x2, -0x20
#1202 0 80000046     ce06 m f0040f8c   80000074  c.swsp   x1, 0x1c
#1203 0 80000048     cc22 m f0040f88   f0040fb0  c.swsp   x8, 0x18
#1204 0 8000004a     1000 r 08         f0040f90  c.addi4spn  x8, 0x8
#1205 0 8000004c fea42623 m f0040f7c   00000001  sw       x10, -0x14(x8)
#1206 0 80000050 feb42423 m f0040f78   00000006  sw       x11, -0x18(x8)
#1207 0 80000054 fec42783 r 0f         00000001  lw       x15, -0x14(x8)
#1208 0 80000058     e781 r 00         00000000  c.bnez   x15, . + 0x8
#1209 0 80000060 fe842703 r 0e         00000006  lw       x14, -0x18(x8)
#1210 0 80000064 fec42783 r 0f         00000001  lw       x15, -0x14(x8)
#1211 0 80000068 02f767b3 r 0f         00000000  rem      x15, x14, x15
#1212 0 8000006c fec42583 r 0b         00000001  lw       x11, -0x14(x8)
#1213 0 80000070     853e r 0a         00000000  c.mv     x10, x15
#1214 0 80000072     3fc9 r 01         80000074  c.jal    . - 0x2e
#1215 0 80000044     1101 r 02         f0040f50  c.addi   x2, -0x20
#1216 0 80000046     ce06 m f0040f6c   80000074  c.swsp   x1, 0x1c
#1217 0 80000048     cc22 m f0040f68   f0040f90  c.swsp   x8, 0x18
#1218 0 8000004a     1000 r 08         f0040f70  c.addi4spn  x8, 0x8
#1219 0 8000004c fea42623 m f0040f5c   00000000  sw       x10, -0x14(x8)
#1220 0 80000050 feb42423 m f0040f58   00000001  sw       x11, -0x18(x8)
#1221 0 80000054 fec42783 r 0f         00000000  lw       x15, -0x14(x8)
#1222 0 80000058     e781 r 00         00000000  c.bnez   x15, . + 0x8
#1223 0 8000005a fe842783 r 0f         00000001  lw       x15, -0x18(x8)
#1224 0 8000005e     a821 r 00         00000000  c.j      . + 0x18
#1225 0 80000076     853e r 0a         00000001  c.mv     x10, x15
#1226 0 80000078     40f2 r 01         80000074  c.lwsp   x1, 0x1c
#1227 0 8000007a     4462 r 08         f0040f90  c.lwsp   x8, 0x18
#1228 0 8000007c     6105 r 02         f0040f70  c.addi16sp 0x2
#1229 0 8000007e     8082 r 00         00000000  c.jr     x1
#1230 0 80000074     87aa r 0f         00000001  c.mv     x15, x10
#1231 0 80000076     853e r 0a         00000001  c.mv     x10, x15
#1232 0 80000078     40f2 r 01         80000074  c.lwsp   x1, 0x1c
#1233 0 8000007a     4462 r 08         f0040fb0  c.lwsp   x8, 0x18
#1234 0 8000007c     6105 r 02         f0040f90  c.addi16sp 0x2
#1235 0 8000007e     8082 r 00         00000000  c.jr     x1
#1236 0 80000074     87aa r 0f         00000001  c.mv     x15, x10
#1237 0 80000076     853e r 0a         00000001  c.mv     x10, x15
#1238 0 80000078     40f2 r 01         800000a6  c.lwsp   x1, 0x1c
#1239 0 8000007a     4462 r 08         f0040fe0  c.lwsp   x8, 0x18
#1240 0 8000007c     6105 r 02         f0040fb0  c.addi16sp 0x2
#1241 0 8000007e     8082 r 00         00000000  c.jr     x1
#1242 0 800000a6     872a r 0e         00000001  c.mv     x14, x10
#1243 0 800000a8     4785 r 0f         00000001  c.li     x15, 0x1
#1244 0 800000aa 00f71763 r 00         00000000  bne      x14, x15, . + 0xe
#1245 0 800000ae fec42783 r 0f         00000005  lw       x15, -0x14(x8)
#1246 0 800000b2     0785 r 0f         00000006  c.addi   x15, 0x1
#1247 0 800000b4 fef42623 m f0040fcc   00000006  sw       x15, -0x14(x8)
#1248 0 800000b8 fe842783 r 0f         00000006  lw       x15, -0x18(x8)
#1249 0 800000bc     0785 r 0f         00000007  c.addi   x15, 0x1
#1250 0 800000be fef42423 m f0040fc8   00000007  sw       x15, -0x18(x8)
#1251 0 800000c2 fe842783 r 0f         00000007  lw       x15, -0x18(x8)
#1252 0 800000c6 fdc42703 r 0e         00000007  lw       x14, -0x24(x8)
#1253 0 800000ca fce7e8e3 r 00         00000000  bltu     x15, x14, . - 0x30
#1254 0 800000ce fec42783 r 0f         00000006  lw       x15, -0x14(x8)
#1255 0 800000d2     853e r 0a         00000006  c.mv     x10, x15
#1256 0 800000d4     50b2 r 01         800000f4  c.lwsp   x1, 0x2c
#1257 0 800000d6     5422 r 08         f0041000  c.lwsp   x8, 0x28
#1258 0 800000d8     6145 r 02         f0040fe0  c.addi16sp 0x3
#1259 0 800000da     8082 r 00         00000000  c.jr     x1
#1260 0 800000f4 fec42783 r 0f         00000007  lw       x15, -0x14(x8)
#1261 0 800000f8     0785 r 0f         00000008  c.addi   x15, 0x1
#1262 0 800000fa fef42623 m f0040fec   00000008  sw       x15, -0x14(x8)
#1263 0 800000fe fec42703 r 0e         00000008  lw       x14, -0x14(x8)
#1264 0 80000102     47a9 r 0f         0000000a  c.li     x15, 0xa
#1265 0 80000104 fee7d4e3 r 00         00000000  bge      x15, x14, . - 0x18
#1266 0 800000ec fec42783 r 0f         00000008  lw       x15, -0x14(x8)
#1267 0 800000f0     853e r 0a         00000008  c.mv     x10, x15
#1268 0 800000f2     3779 r 01         800000f4  c.jal    . - 0x72
#1269 0 80000080     7179 r 02         f0040fb0  c.addi16sp -0x3
#1270 0 80000082     d606 m f0040fdc   800000f4  c.swsp   x1, 0x2c
#1271 0 80000084     d422 m f0040fd8   f0041000  c.swsp   x8, 0x28
#1272 0 80000086     1800 r 08         f0040fe0  c.addi4spn  x8, 0xc
#1273 0 80000088 fca42e23 m f0040fbc   00000008  sw       x10, -0x24(x8)
#1274 0 8000008c     4785 r 0f         00000001  c.li     x15, 0x1
#1275 0 8000008e fef42623 m f0040fcc   00000001  sw       x15, -0x14(x8)
#1276 0 80000092     4789 r 0f         00000002  c.li     x15, 0x2
#1277 0 80000094 fef42423 m f0040fc8   00000002  sw       x15, -0x18(x8)
#1278 0 80000098     a02d r 00         00000000  c.j      . + 0x2a
#1279 0 800000c2 fe842783 r 0f         00000002  lw       x15, -0x18(x8)
#1280 0 800000c6 fdc42703 r 0e         00000008  lw       x14, -0x24(x8)
#1281 0 800000ca fce7e8e3 r 00         00000000  bltu     x15, x14, . - 0x30
#1282 0 8000009a fdc42783 r 0f         00000008  lw       x15, -0x24(x8)
#1283 0 8000009e     85be r 0b         00000008  c.mv     x11, x15
#1284 0 800000a0 fe842503 r 0a         00000002  lw       x10, -0x18(x8)
#1285 0 800000a4     3745 r 01         800000a6  c.jal    . - 0x60
#1286 0 80000044     1101 r 02         f0040f90  c.addi   x2, -0x20
#1287 0 80000046     ce06 m f0040fac   800000a6  c.swsp   x1, 0x1c
#1288 0 80000048     cc22 m f0040fa8   f0040fe0  c.swsp   x8, 0x18
#1289 0 8000004a     1000 r 08         f0040fb0  c.addi4spn  x8, 0x8
#1290 0 8000004c fea42623 m f0040f9c   00000002  sw       x10, -0x14(x8)
#1291 0 80000050 feb42423 m f0040f98   00000008  sw       x11, -0x18(x8)
#1292 0 80000054 fec42783 r 0f         00000002  lw       x15, -0x14(x8)
#1293 0 80000058     e781 r 00         00000000  c.bnez   x15, . + 0x8
#1294 0 80000060 fe842703 r 0e         00000008  lw       x14, -0x18(x8)
#1295 0 80000064 fec42783 r 0f         00000002  lw       x15, -0x14(x8)
#1296 0 80000068 02f767b3 r 0f         00000000  rem      x15, x14, x15
#1297 0 8000006c fec42583 r 0b         00000002  lw       x11, -0x14(x8)
#1298 0 80000070     853e r 0a         00000000  c.mv     x10, x15
#1299 0 80000072     3fc9 r 01         80000074  c.jal    . - 0x2e
#1300 0 80000044     1101 r 02         f0040f70  c.addi   x2, -0x20
#1301 0 80000046     ce06 m f0040f8c   80000074  c.swsp   x1, 0x1c
#1302 0 80000048     cc22 m f0040f88   f0040fb0  c.swsp   x8, 0x18
#1303 0 8000004a     1000 r 08         f0040f90  c.addi4spn  x8, 0x8
#1304 0 8000004c fea42623 m f0040f7c   00000000  sw       x10, -0x14(x8)
#1305 0 80000050 feb42423 m f0040f78   00000002  sw       x11, -0x18(x8)
#1306 0 80000054 fec42783 r 0f         00000000  lw       x15, -0x14(x8)
#1307 0 80000058     e781 r 00         00000000  c.bnez   x15, . + 0x8
#1308 0 8000005a fe842783 r 0f         00000002  lw       x15, -0x18(x8)
#1309 0 8000005e     a821 r 00         00000000  c.j      . + 0x18
#1310 0 80000076     853e r 0a         00000002  c.mv     x10, x15
#1311 0 80000078     40f2 r 01         80000074  c.lwsp   x1, 0x1c
#1312 0 8000007a     4462 r 08         f0040fb0  c.lwsp   x8, 0x18
#1313 0 8000007c     6105 r 02         f0040f90  c.addi16sp 0x2
#1314 0 8000007e     8082 r 00         00000000  c.jr     x1
#1315 0 80000074     87aa r 0f         00000002  c.mv     x15, x10
#1316 0 80000076     853e r 0a         00000002  c.mv     x10, x15
#1317 0 80000078     40f2 r 01         800000a6  c.lwsp   x1, 0x1c
#1318 0 8000007a     4462 r 08         f0040fe0  c.lwsp   x8, 0x18
#1319 0 8000007c     6105 r 02         f0040fb0  c.addi16sp 0x2
#1320 0 8000007e     8082 r 00         00000000  c.jr     x1
#1321 0 800000a6     872a r 0e         00000002  c.mv     x14, x10
#1322 0 800000a8     4785 r 0f         00000001  c.li     x15, 0x1
#1323 0 800000aa 00f71763 r 00         00000000  bne      x14, x15, . + 0xe
#1324 0 800000b8 fe842783 r 0f         00000002  lw       x15, -0x18(x8)
#1325 0 800000bc     0785 r 0f         00000003  c.addi   x15, 0x1
#1326 0 800000be fef42423 m f0040fc8   00000003  sw       x15, -0x18(x8)
#1327 0 800000c2 fe842783 r 0f         00000003  lw       x15, -0x18(x8)
#1328 0 800000c6 fdc42703 r 0e         00000008  lw       x14, -0x24(x8)
#1329 0 800000ca fce7e8e3 r 00         00000000  bltu     x15, x14, . - 0x30
#1330 0 8000009a fdc42783 r 0f         00000008  lw       x15, -0x24(x8)
#1331 0 8000009e     85be r 0b         00000008  c.mv     x11, x15
#1332 0 800000a0 fe842503 r 0a         00000003  lw       x10, -0x18(x8)
#1333 0 800000a4     3745 r 01         800000a6  c.jal    . - 0x60
#1334 0 80000044     1101 r 02         f0040f90  c.addi   x2, -0x20
#1335 0 80000046     ce06 m f0040fac   800000a6  c.swsp   x1, 0x1c
#1336 0 80000048     cc22 m f0040fa8   f0040fe0  c.swsp   x8, 0x18
#1337 0 8000004a     1000 r 08         f0040fb0  c.addi4spn  x8, 0x8
#1338 0 8000004c fea42623 m f0040f9c   00000003  sw       x10, -0x14(x8)
#1339 0 80000050 feb42423 m f0040f98   00000008  sw       x11, -0x18(x8)
#1340 0 80000054 fec42783 r 0f         00000003  lw       x15, -0x14(x8)
#1341 0 80000058     e781 r 00         00000000  c.bnez   x15, . + 0x8
#1342 0 80000060 fe842703 r 0e         00000008  lw       x14, -0x18(x8)
#1343 0 80000064 fec42783 r 0f         00000003  lw       x15, -0x14(x8)
#1344 0 80000068 02f767b3 r 0f         00000002  rem      x15, x14, x15
#1345 0 8000006c fec42583 r 0b         00000003  lw       x11, -0x14(x8)
#1346 0 80000070     853e r 0a         00000002  c.mv     x10, x15
#1347 0 80000072     3fc9 r 01         80000074  c.jal    . - 0x2e
#1348 0 80000044     1101 r 02         f0040f70  c.addi   x2, -0x20
#1349 0 80000046     ce06 m f0040f8c   80000074  c.swsp   x1, 0x1c
#1350 0 80000048     cc22 m f0040f88   f0040fb0  c.swsp   x8, 0x18
#1351 0 8000004a     1000 r 08         f0040f90  c.addi4spn  x8, 0x8
#1352 0 8000004c fea42623 m f0040f7c   00000002  sw       x10, -0x14(x8)
#1353 0 80000050 feb42423 m f0040f78   00000003  sw       x11, -0x18(x8)
#1354 0 80000054 fec42783 r 0f         00000002  lw       x15, -0x14(x8)
#1355 0 80000058     e781 r 00         00000000  c.bnez   x15, . + 0x8
#1356 0 80000060 fe842703 r 0e         00000003  lw       x14, -0x18(x8)
#1357 0 80000064 fec42783 r 0f         00000002  lw       x15, -0x14(x8)
#1358 0 80000068 02f767b3 r 0f         00000001  rem      x15, x14, x15
#1359 0 8000006c fec42583 r 0b         00000002  lw       x11, -0x14(x8)
#1360 0 80000070     853e r 0a         00000001  c.mv     x10, x15
#1361 0 80000072     3fc9 r 01         80000074  c.jal    . - 0x2e
#1362 0 80000044     1101 r 02         f0040f50  c.addi   x2, -0x20
#1363 0 80000046     ce06 m f0040f6c   80000074  c.swsp   x1, 0x1c
#1364 0 80000048     cc22 m f0040f68   f0040f90  c.swsp   x8, 0x18
#1365 0 8000004a     1000 r 08         f0040f70  c.addi4spn  x8, 0x8
#1366 0 8000004c fea42623 m f0040f5c   00000001  sw       x10, -0x14(x8)
#1367 0 80000050 feb42423 m f0040f58   00000002  sw       x11, -0x18(x8)
#1368 0 80000054 fec42783 r 0f         00000001  lw       x15, -0x14(x8)
#1369 0 80000058     e781 r 00         00000000  c.bnez   x15, . + 0x8
#1370 0 80000060 fe842703 r 0e         00000002  lw       x14, -0x18(x8)
#1371 0 80000064 fec42783 r 0f         00000001  lw       x15, -0x14(x8)
#1372 0 80000068 02f767b3 r 0f         00000000  rem      x15, x14, x15
#1373 0 8000006c fec42583 r 0b         00000001  lw       x11, -0x14(x8)
#1374 0 80000070     853e r 0a         00000000  c.mv     x10, x15
#1375 0 80000072     3fc9 r 01         80000074  c.jal    . - 0x2e
#1376 0 80000044     1101 r 02         f0040f30  c.addi   x2, -0x20
#1377 0 80000046     ce06 m f0040f4c   80000074  c.swsp   x1, 0x1c
#1378 0 80000048     cc22 m f0040f48   f0040f70  c.swsp   x8, 0x18
#1379 0 8000004a     1000 r 08         f0040f50  c.addi4spn  x8, 0x8
#1380 0 8000004c fea42623 m f0040f3c   00000000  sw       x10, -0x14(x8)
#1381 0 80000050 feb42423 m f0040f38   00000001  sw       x11, -0x18(x8)
#1382 0 80000054 fec42783 r 0f         00000000  lw       x15, -0x14(x8)
#1383 0 80000058     e781 r 00         00000000  c.bnez   x15, . + 0x8
#1384 0 8000005a fe842783 r 0f         00000001  lw       x15, -0x18(x8)
#1385 0 8000005e     a821 r 00         00000000  c.j      . + 0x18
#1386 0 80000076     853e r 0a         00000001  c.mv     x10, x15
#1387 0 80000078     40f2 r 01         80000074  c.lwsp   x1, 0x1c
#1388 0 8000007a     4462 r 08         f0040f70  c.lwsp   x8, 0x18
#1389 0 8000007c     6105 r 02         f0040f50  c.addi16sp 0x2
#1390 0 8000007e     8082 r 00         00000000  c.jr     x1
#1391 0 80000074     87aa r 0f         00000001  c.mv     x15, x10
#1392 0 80000076     853e r 0a         00000001  c.mv     x10, x15
#1393 0 80000078     40f2 r 01         80000074  c.lwsp   x1, 0x1c
#1394 0 8000007a     4462 r 08         f0040f90  c.lwsp   x8, 0x18
#1395 0 8000007c     6105 r 02         f0040f70  c.addi16sp 0x2
#1396 0 8000007e     8082 r 00         00000000  c.jr     x1
#1397 0 80000074     87aa r 0f         00000001  c.mv     x15, x10
#1398 0 80000076     853e r 0a         00000001  c.mv     x10, x15
#1399 0 80000078     40f2 r 01         80000074  c.lwsp   x1, 0x1c
#1400 0 8000007a     4462 r 08         f0040fb0  c.lwsp   x8, 0x18
#1401 0 8000007c     6105 r 02         f0040f90  c.addi16sp 0x2
#1402 0 8000007e     8082 r 00         00000000  c.jr     x1
#1403 0 80000074     87aa r 0f         00000001  c.mv     x15, x10
#1404 0 80000076     853e r 0a         00000001  c.mv     x10, x15
#1405 0 80000078     40f2 r 01         800000a6  c.lwsp   x1, 0x1c
#1406 0 8000007a     4462 r 08         f0040fe0  c.lwsp   x8, 0x18
#1407 0 8000007c     6105 r 02         f0040fb0  c.addi16sp 0x2
#1408 0 8000007e     8082 r 00         00000000  c.jr     x1
#1409 0 800000a6     872a r 0e         00000001  c.mv     x14, x10
#1410 0 800000a8     4785 r 0f         00000001  c.li     x15, 0x1
#1411 0 800000aa 00f71763 r 00         00000000  bne      x14, x15, . + 0xe
#1412 0 800000ae fec42783 r 0f         00000001  lw       x15, -0x14(x8)
#1413 0 800000b2     0785 r 0f         00000002  c.addi   x15, 0x1
#1414 0 800000b4 fef42623 m f0040fcc   00000002  sw       x15, -0x14(x8)
#1415 0 800000b8 fe842783 r 0f         00000003  lw       x15, -0x18(x8)
#1416 0 800000bc     0785 r 0f         00000004  c.addi   x15, 0x1
#1417 0 800000be fef42423 m f0040fc8   00000004  sw       x15, -0x18(x8)
#1418 0 800000c2 fe842783 r 0f         00000004  lw       x15, -0x18(x8)
#1419 0 800000c6 fdc42703 r 0e         00000008  lw       x14, -0x24(x8)
#1420 0 800000ca fce7e8e3 r 00         00000000  bltu     x15, x14, . - 0x30
#1421 0 8000009a fdc42783 r 0f         00000008  lw       x15, -0x24(x8)
#1422 0 8000009e     85be r 0b         00000008  c.mv     x11, x15
#1423 0 800000a0 fe842503 r 0a         00000004  lw       x10, -0x18(x8)
#1424 0 800000a4     3745 r 01         800000a6  c.jal    . - 0x60
#1425 0 80000044     1101 r 02         f0040f90  c.addi   x2, -0x20
#1426 0 80000046     ce06 m f0040fac   800000a6  c.swsp   x1, 0x1c
#1427 0 80000048     cc22 m f0040fa8   f0040fe0  c.swsp   x8, 0x18
#1428 0 8000004a     1000 r 08         f0040fb0  c.addi4spn  x8, 0x8
#1429 0 8000004c fea42623 m f0040f9c   00000004  sw       x10, -0x14(x8)
#1430 0 80000050 feb42423 m f0040f98   00000008  sw       x11, -0x18(x8)
#1431 0 80000054 fec42783 r 0f         00000004  lw       x15, -0x14(x8)
#1432 0 80000058     e781 r 00         00000000  c.bnez   x15, . + 0x8
#1433 0 80000060 fe842703 r 0e         00000008  lw       x14, -0x18(x8)
#1434 0 80000064 fec42783 r 0f         00000004  lw       x15, -0x14(x8)
#1435 0 80000068 02f767b3 r 0f         00000000  rem      x15, x14, x15
#1436 0 8000006c fec42583 r 0b         00000004  lw       x11, -0x14(x8)
#1437 0 80000070     853e r 0a         00000000  c.mv     x10, x15
#1438 0 80000072     3fc9 r 01         80000074  c.jal    . - 0x2e
#1439 0 80000044     1101 r 02         f0040f70  c.addi   x2, -0x20
#1440 0 80000046     ce06 m f0040f8c   80000074  c.swsp   x1, 0x1c
#1441 0 80000048     cc22 m f0040f88   f0040fb0  c.swsp   x8, 0x18
#1442 0 8000004a     1000 r 08         f0040f90  c.addi4spn  x8, 0x8
#1443 0 8000004c fea42623 m f0040f7c   00000000  sw       x10, -0x14(x8)
#1444 0 80000050 feb42423 m f0040f78   00000004  sw       x11, -0x18(x8)
#1445 0 80000054 fec42783 r 0f         00000000  lw       x15, -0x14(x8)
#1446 0 80000058     e781 r 00         00000000  c.bnez   x15, . + 0x8
#1447 0 8000005a fe842783 r 0f         00000004  lw       x15, -0x18(x8)
#1448 0 8000005e     a821 r 00         00000000  c.j      . + 0x18
#1449 0 80000076     853e r 0a         00000004  c.mv     x10, x15
#1450 0 80000078     40f2 r 01         80000074  c.lwsp   x1, 0x1c
#1451 0 8000007a     4462 r 08         f0040fb0  c.lwsp   x8, 0x18
#1452 0 8000007c     6105 r 02         f0040f90  c.addi16sp 0x2
#1453 0 8000007e     8082 r 00         00000000  c.jr     x1
#1454 0 80000074     87aa r 0f         00000004  c.mv     x15, x10
#1455 0 80000076     853e r 0a         00000004  c.mv     x10, x15
#1456 0 80000078     40f2 r 01         800000a6  c.lwsp   x1, 0x1c
#1457 0 8000007a     4462 r 08         f0040fe0  c.lwsp   x8, 0x18
#1458 0 8000007c     6105 r 02         f0040fb0  c.addi16sp 0x2
#1459 0 8000007e     8082 r 00         00000000  c.jr     x1
#1460 0 800000a6     872a r 0e         00000004  c.mv     x14, x10
#1461 0 800000a8     4785 r 0f         00000001  c.li     x15, 0x1
#1462 0 800000aa 00f71763 r 00         00000000  bne      x14, x15, . + 0xe
#1463 0 800000b8 fe842783 r 0f         00000004  lw       x15, -0x18(x8)
#1464 0 800000bc     0785 r 0f         00000005  c.addi   x15, 0x1
#1465 0 800000be fef42423 m f0040fc8   00000005  sw       x15, -0x18(x8)
#1466 0 800000c2 fe842783 r 0f         00000005  lw       x15, -0x18(x8)
#1467 0 800000c6 fdc42703 r 0e         00000008  lw       x14, -0x24(x8)
#1468 0 800000ca fce7e8e3 r 00         00000000  bltu     x15, x14, . - 0x30
#1469 0 8000009a fdc42783 r 0f         00000008  lw       x15, -0x24(x8)
#1470 0 8000009e     85be r 0b         00000008  c.mv     x11, x15
#1471 0 800000a0 fe842503 r 0a         00000005  lw       x10, -0x18(x8)
#1472 0 800000a4     3745 r 01         800000a6  c.jal    . - 0x60
#1473 0 80000044     1101 r 02         f0040f90  c.addi   x2, -0x20
#1474 0 80000046     ce06 m f0040fac   800000a6  c.swsp   x1, 0x1c
#1475 0 80000048     cc22 m f0040fa8   f0040fe0  c.swsp   x8, 0x18
#1476 0 8000004a     1000 r 08         f0040fb0  c.addi4spn  x8, 0x8
#1477 0 8000004c fea42623 m f0040f9c   00000005  sw       x10, -0x14(x8)
#1478 0 80000050 feb42423 m f0040f98   00000008  sw       x11, -0x18(x8)
#1479 0 80000054 fec42783 r 0f         00000005  lw       x15, -0x14(x8)
#1480 0 80000058     e781 r 00         00000000  c.bnez   x15, . + 0x8
#1481 0 80000060 fe842703 r 0e         00000008  lw       x14, -0x18(x8)
#1482 0 80000064 fec42783 r 0f         00000005  lw       x15, -0x14(x8)
#1483 0 80000068 02f767b3 r 0f         00000003  rem      x15, x14, x15
#1484 0 8000006c fec42583 r 0b         00000005  lw       x11, -0x14(x8)
#1485 0 80000070     853e r 0a         00000003  c.mv     x10, x15
#1486 0 80000072     3fc9 r 01         80000074  c.jal    . - 0x2e
#1487 0 80000044     1101 r 02         f0040f70  c.addi   x2, -0x20
#1488 0 80000046     ce06 m f0040f8c   80000074  c.swsp   x1, 0x1c
#1489 0 80000048     cc22 m f0040f88   f0040fb0  c.swsp   x8, 0x18
#1490 0 8000004a     1000 r 08         f0040f90  c.addi4spn  x8, 0x8
#1491 0 8000004c fea42623 m f0040f7c   00000003  sw       x10, -0x14(x8)
#1492 0 80000050 feb42423 m f0040f78   00000005  sw       x11, -0x18(x8)
#1493 0 80000054 fec42783 r 0f         00000003  lw       x15, -0x14(x8)
#1494 0 80000058     e781 r 00         00000000  c.bnez   x15, . + 0x8
#1495 0 80000060 fe842703 r 0e         00000005  lw       x14, -0x18(x8)
#1496 0 80000064 fec42783 r 0f         00000003  lw       x15, -0x14(x8)
#1497 0 80000068 02f767b3 r 0f         00000002  rem      x15, x14, x15
#1498 0 8000006c fec42583 r 0b         00000003  lw       x11, -0x14(x8)
#1499 0 80000070     853e r 0a         00000002  c.mv     x10, x15
#1500 0 80000072     3fc9 r 01         80000074  c.jal    . - 0x2e
#1501 0 80000044     1101 r 02         f0040f50  c.addi   x2, -0x20
#1502 0 80000046     ce06 m f0040f6c   80000074  c.swsp   x1, 0x1c
#1503 0 80000048     cc22 m f0040f68   f0040f90  c.swsp   x8, 0x18
#1504 0 8000004a     1000 r 08         f0040f70  c.addi4spn  x8, 0x8
#1505 0 8000004c fea42623 m f0040f5c   00000002  sw       x10, -0x14(x8)
#1506 0 80000050 feb42423 m f0040f58   00000003  sw       x11, -0x18(x8)
#1507 0 80000054 fec42783 r 0f         00000002  lw       x15, -0x14(x8)
#1508 0 80000058     e781 r 00         00000000  c.bnez   x15, . + 0x8
#1509 0 80000060 fe842703 r 0e         00000003  lw       x14, -0x18(x8)
#1510 0 80000064 fec42783 r 0f         00000002  lw       x15, -0x14(x8)
#1511 0 80000068 02f767b3 r 0f         00000001  rem      x15, x14, x15
#1512 0 8000006c fec42583 r 0b         00000002  lw       x11, -0x14(x8)
#1513 0 80000070     853e r 0a         00000001  c.mv     x10, x15
#1514 0 80000072     3fc9 r 01         80000074  c.jal    . - 0x2e
#1515 0 80000044     1101 r 02         f0040f30  c.addi   x2, -0x20
#1516 0 80000046     ce06 m f0040f4c   80000074  c.swsp   x1, 0x1c
#1517 0 80000048     cc22 m f0040f48   f0040f70  c.swsp   x8, 0x18
#1518 0 8000004a     1000 r 08         f0040f50  c.addi4spn  x8, 0x8
#1519 0 8000004c fea42623 m f0040f3c   00000001  sw       x10, -0x14(x8)
#1520 0 80000050 feb42423 m f0040f38   00000002  sw       x11, -0x18(x8)
#1521 0 80000054 fec42783 r 0f         00000001  lw       x15, -0x14(x8)
#1522 0 80000058     e781 r 00         00000000  c.bnez   x15, . + 0x8
#1523 0 80000060 fe842703 r 0e         00000002  lw       x14, -0x18(x8)
#1524 0 80000064 fec42783 r 0f         00000001  lw       x15, -0x14(x8)
#1525 0 80000068 02f767b3 r 0f         00000000  rem      x15, x14, x15
#1526 0 8000006c fec42583 r 0b         00000001  lw       x11, -0x14(x8)
#1527 0 80000070     853e r 0a         00000000  c.mv     x10, x15
#1528 0 80000072     3fc9 r 01         80000074  c.jal    . - 0x2e
#1529 0 80000044     1101 r 02         f0040f10  c.addi   x2, -0x20
#1530 0 80000046     ce06 m f0040f2c   80000074  c.swsp   x1, 0x1c
#1531 0 80000048     cc22 m f0040f28   f0040f50  c.swsp   x8, 0x18
#1532 0 8000004a     1000 r 08         f0040f30  c.addi4spn  x8, 0x8
#1533 0 8000004c fea42623 m f0040f1c   00000000  sw       x10, -0x14(x8)
#1534 0 80000050 feb42423 m f0040f18   00000001  sw       x11, -0x18(x8)
#1535 0 80000054 fec42783 r 0f         00000000  lw       x15, -0x14(x8)
#1536 0 80000058     e781 r 00         00000000  c.bnez   x15, . + 0x8
#1537 0 8000005a fe842783 r 0f         00000001  lw       x15, -0x18(x8)
#1538 0 8000005e     a821 r 00         00000000  c.j      . + 0x18
#1539 0 80000076     853e r 0a         00000001  c.mv     x10, x15
#1540 0 80000078     40f2 r 01         80000074  c.lwsp   x1, 0x1c
#1541 0 8000007a     4462 r 08         f0040f50  c.lwsp   x8, 0x18
#1542 0 8000007c     6105 r 02         f0040f30  c.addi16sp 0x2
#1543 0 8000007e     8082 r 00         00000000  c.jr     x1
#1544 0 80000074     87aa r 0f         00000001  c.mv     x15, x10
#1545 0 80000076     853e r 0a         00000001  c.mv     x10, x15
#1546 0 80000078     40f2 r 01         80000074  c.lwsp   x1, 0x1c
#1547 0 8000007a     4462 r 08         f0040f70  c.lwsp   x8, 0x18
#1548 0 8000007c     6105 r 02         f0040f50  c.addi16sp 0x2
#1549 0 8000007e     8082 r 00         00000000  c.jr     x1
#1550 0 80000074     87aa r 0f         00000001  c.mv     x15, x10
#1551 0 80000076     853e r 0a         00000001  c.mv     x10, x15
#1552 0 80000078     40f2 r 01         80000074  c.lwsp   x1, 0x1c
#1553 0 8000007a     4462 r 08         f0040f90  c.lwsp   x8, 0x18
#1554 0 8000007c     6105 r 02         f0040f70  c.addi16sp 0x2
#1555 0 8000007e     8082 r 00         00000000  c.jr     x1
#1556 0 80000074     87aa r 0f         00000001  c.mv     x15, x10
#1557 0 80000076     853e r 0a         00000001  c.mv     x10, x15
#1558 0 80000078     40f2 r 01         80000074  c.lwsp   x1, 0x1c
#1559 0 8000007a     4462 r 08         f0040fb0  c.lwsp   x8, 0x18
#1560 0 8000007c     6105 r 02         f0040f90  c.addi16sp 0x2
#1561 0 8000007e     8082 r 00         00000000  c.jr     x1
#1562 0 80000074     87aa r 0f         00000001  c.mv     x15, x10
#1563 0 80000076     853e r 0a         00000001  c.mv     x10, x15
#1564 0 80000078     40f2 r 01         800000a6  c.lwsp   x1, 0x1c
#1565 0 8000007a     4462 r 08         f0040fe0  c.lwsp   x8, 0x18
#1566 0 8000007c     6105 r 02         f0040fb0  c.addi16sp 0x2
#1567 0 8000007e     8082 r 00         00000000  c.jr     x1
#1568 0 800000a6     872a r 0e         00000001  c.mv     x14, x10
#1569 0 800000a8     4785 r 0f         00000001  c.li     x15, 0x1
#1570 0 800000aa 00f71763 r 00         00000000  bne      x14, x15, . + 0xe
#1571 0 800000ae fec42783 r 0f         00000002  lw       x15, -0x14(x8)
#1572 0 800000b2     0785 r 0f         00000003  c.addi   x15, 0x1
#1573 0 800000b4 fef42623 m f0040fcc   00000003  sw       x15, -0x14(x8)
#1574 0 800000b8 fe842783 r 0f         00000005  lw       x15, -0x18(x8)
#1575 0 800000bc     0785 r 0f         00000006  c.addi   x15, 0x1
#1576 0 800000be fef42423 m f0040fc8   00000006  sw       x15, -0x18(x8)
#1577 0 800000c2 fe842783 r 0f         00000006  lw       x15, -0x18(x8)
#1578 0 800000c6 fdc42703 r 0e         00000008  lw       x14, -0x24(x8)
#1579 0 800000ca fce7e8e3 r 00         00000000  bltu     x15, x14, . - 0x30
#1580 0 8000009a fdc42783 r 0f         00000008  lw       x15, -0x24(x8)
#1581 0 8000009e     85be r 0b         00000008  c.mv     x11, x15
#1582 0 800000a0 fe842503 r 0a         00000006  lw       x10, -0x18(x8)
#1583 0 800000a4     3745 r 01         800000a6  c.jal    . - 0x60
#1584 0 80000044     1101 r 02         f0040f90  c.addi   x2, -0x20
#1585 0 80000046     ce06 m f0040fac   800000a6  c.swsp   x1, 0x1c
#1586 0 80000048     cc22 m f0040fa8   f0040fe0  c.swsp   x8, 0x18
#1587 0 8000004a     1000 r 08         f0040fb0  c.addi4spn  x8, 0x8
#1588 0 8000004c fea42623 m f0040f9c   00000006  sw       x10, -0x14(x8)
#1589 0 80000050 feb42423 m f0040f98   00000008  sw       x11, -0x18(x8)
#1590 0 80000054 fec42783 r 0f         00000006  lw       x15, -0x14(x8)
#1591 0 80000058     e781 r 00         00000000  c.bnez   x15, . + 0x8
#1592 0 80000060 fe842703 r 0e         00000008  lw       x14, -0x18(x8)
#1593 0 80000064 fec42783 r 0f         00000006  lw       x15, -0x14(x8)
#1594 0 80000068 02f767b3 r 0f         00000002  rem      x15, x14, x15
#1595 0 8000006c fec42583 r 0b         00000006  lw       x11, -0x14(x8)
#1596 0 80000070     853e r 0a         00000002  c.mv     x10, x15
#1597 0 80000072     3fc9 r 01         80000074  c.jal    . - 0x2e
#1598 0 80000044     1101 r 02         f0040f70  c.addi   x2, -0x20
#1599 0 80000046     ce06 m f0040f8c   80000074  c.swsp   x1, 0x1c
#1600 0 80000048     cc22 m f0040f88   f0040fb0  c.swsp   x8, 0x18
#1601 0 8000004a     1000 r 08         f0040f90  c.addi4spn  x8, 0x8
#1602 0 8000004c fea42623 m f0040f7c   00000002  sw       x10, -0x14(x8)
#1603 0 80000050 feb42423 m f0040f78   00000006  sw       x11, -0x18(x8)
#1604 0 80000054 fec42783 r 0f         00000002  lw       x15, -0x14(x8)
#1605 0 80000058     e781 r 00         00000000  c.bnez   x15, . + 0x8
#1606 0 80000060 fe842703 r 0e         00000006  lw       x14, -0x18(x8)
#1607 0 80000064 fec42783 r 0f         00000002  lw       x15, -0x14(x8)
#1608 0 80000068 02f767b3 r 0f         00000000  rem      x15, x14, x15
#1609 0 8000006c fec42583 r 0b         00000002  lw       x11, -0x14(x8)
#1610 0 80000070     853e r 0a         00000000  c.mv     x10, x15
#1611 0 80000072     3fc9 r 01         80000074  c.jal    . - 0x2e
#1612 0 80000044     1101 r 02         f0040f50  c.addi   x2, -0x20
#1613 0 80000046     ce06 m f0040f6c   80000074  c.swsp   x1, 0x1c
#1614 0 80000048     cc22 m f0040f68   f0040f90  c.swsp   x8, 0x18
#1615 0 8000004a     1000 r 08         f0040f70  c.addi4spn  x8, 0x8
#1616 0 8000004c fea42623 m f0040f5c   00000000  sw       x10, -0x14(x8)
#1617 0 80000050 feb42423 m f0040f58   00000002  sw       x11, -0x18(x8)
#1618 0 80000054 fec42783 r 0f         00000000  lw       x15, -0x14(x8)
#1619 0 80000058     e781 r 00         00000000  c.bnez   x15, . + 0x8
#1620 0 8000005a fe842783 r 0f         00000002  lw       x15, -0x18(x8)
#1621 0 8000005e     a821 r 00         00000000  c.j      . + 0x18
#1622 0 80000076     853e r 0a         00000002  c.mv     x10, x15
#1623 0 80000078     40f2 r 01         80000074  c.lwsp   x1, 0x1c
#1624 0 8000007a     4462 r 08         f0040f90  c.lwsp   x8, 0x18
#1625 0 8000007c     6105 r 02         f0040f70  c.addi16sp 0x2
#1626 0 8000007e     8082 r 00         00000000  c.jr     x1
#1627 0 80000074     87aa r 0f         00000002  c.mv     x15, x10
#1628 0 80000076     853e r 0a         00000002  c.mv     x10, x15
#1629 0 80000078     40f2 r 01         80000074  c.lwsp   x1, 0x1c
#1630 0 8000007a     4462 r 08         f0040fb0  c.lwsp   x8, 0x18
#1631 0 8000007c     6105 r 02         f0040f90  c.addi16sp 0x2
#1632 0 8000007e     8082 r 00         00000000  c.jr     x1
#1633 0 80000074     87aa r 0f         00000002  c.mv     x15, x10
#1634 0 80000076     853e r 0a         00000002  c.mv     x10, x15
#1635 0 80000078     40f2 r 01         800000a6  c.lwsp   x1, 0x1c
#1636 0 8000007a     4462 r 08         f0040fe0  c.lwsp   x8, 0x18
#1637 0 8000007c     6105 r 02         f0040fb0  c.addi16sp 0x2
#1638 0 8000007e     8082 r 00         00000000  c.jr     x1
#1639 0 800000a6     872a r 0e         00000002  c.mv     x14, x10
#1640 0 800000a8     4785 r 0f         00000001  c.li     x15, 0x1
#1641 0 800000aa 00f71763 r 00         00000000  bne      x14, x15, . + 0xe
#1642 0 800000b8 fe842783 r 0f         00000006  lw       x15, -0x18(x8)
#1643 0 800000bc     0785 r 0f         00000007  c.addi   x15, 0x1
#1644 0 800000be fef42423 m f0040fc8   00000007  sw       x15, -0x18(x8)
#1645 0 800000c2 fe842783 r 0f         00000007  lw       x15, -0x18(x8)
#1646 0 800000c6 fdc42703 r 0e         00000008  lw       x14, -0x24(x8)
#1647 0 800000ca fce7e8e3 r 00         00000000  bltu     x15, x14, . - 0x30
#1648 0 8000009a fdc42783 r 0f         00000008  lw       x15, -0x24(x8)
#1649 0 8000009e     85be r 0b         00000008  c.mv     x11, x15
#1650 0 800000a0 fe842503 r 0a         00000007  lw       x10, -0x18(x8)
#1651 0 800000a4     3745 r 01         800000a6  c.jal    . - 0x60
#1652 0 80000044     1101 r 02         f0040f90  c.addi   x2, -0x20
#1653 0 80000046     ce06 m f0040fac   800000a6  c.swsp   x1, 0x1c
#1654 0 80000048     cc22 m f0040fa8   f0040fe0  c.swsp   x8, 0x18
#1655 0 8000004a     1000 r 08         f0040fb0  c.addi4spn  x8, 0x8
#1656 0 8000004c fea42623 m f0040f9c   00000007  sw       x10, -0x14(x8)
#1657 0 80000050 feb42423 m f0040f98   00000008  sw       x11, -0x18(x8)
#1658 0 80000054 fec42783 r 0f         00000007  lw       x15, -0x14(x8)
#1659 0 80000058     e781 r 00         00000000  c.bnez   x15, . + 0x8
#1660 0 80000060 fe842703 r 0e         00000008  lw       x14, -0x18(x8)
#1661 0 80000064 fec42783 r 0f         00000007  lw       x15, -0x14(x8)
#1662 0 80000068 02f767b3 r 0f         00000001  rem      x15, x14, x15
#1663 0 8000006c fec42583 r 0b         00000007  lw       x11, -0x14(x8)
#1664 0 80000070     853e r 0a         00000001  c.mv     x10, x15
#1665 0 80000072     3fc9 r 01         80000074  c.jal    . - 0x2e
#1666 0 80000044     1101 r 02         f0040f70  c.addi   x2, -0x20
#1667 0 80000046     ce06 m f0040f8c   80000074  c.swsp   x1, 0x1c
#1668 0 80000048     cc22 m f0040f88   f0040fb0  c.swsp   x8, 0x18
#1669 0 8000004a     1000 r 08         f0040f90  c.addi4spn  x8, 0x8
#1670 0 8000004c fea42623 m f0040f7c   00000001  sw       x10, -0x14(x8)
#1671 0 80000050 feb42423 m f0040f78   00000007  sw       x11, -0x18(x8)
#1672 0 80000054 fec42783 r 0f         00000001  lw       x15, -0x14(x8)
#1673 0 80000058     e781 r 00         00000000  c.bnez   x15, . + 0x8
#1674 0 80000060 fe842703 r 0e         00000007  lw       x14, -0x18(x8)
#1675 0 80000064 fec42783 r 0f         00000001  lw       x15, -0x14(x8)
#1676 0 80000068 02f767b3 r 0f         00000000  rem      x15, x14, x15
#1677 0 8000006c fec42583 r 0b         00000001  lw       x11, -0x14(x8)
#1678 0 80000070     853e r 0a         00000000  c.mv     x10, x15
#1679 0 80000072     3fc9 r 01         80000074  c.jal    . - 0x2e
#1680 0 80000044     1101 r 02         f0040f50  c.addi   x2, -0x20
#1681 0 80000046     ce06 m f0040f6c   80000074  c.swsp   x1, 0x1c
#1682 0 80000048     cc22 m f0040f68   f0040f90  c.swsp   x8, 0x18
#1683 0 8000004a     1000 r 08         f0040f70  c.addi4spn  x8, 0x8
#1684 0 8000004c fea42623 m f0040f5c   00000000  sw       x10, -0x14(x8)
#1685 0 80000050 feb42423 m f0040f58   00000001  sw       x11, -0x18(x8)
#1686 0 80000054 fec42783 r 0f         00000000  lw       x15, -0x14(x8)
#1687 0 80000058     e781 r 00         00000000  c.bnez   x15, . + 0x8
#1688 0 8000005a fe842783 r 0f         00000001  lw       x15, -0x18(x8)
#1689 0 8000005e     a821 r 00         00000000  c.j      . + 0x18
#1690 0 80000076     853e r 0a         00000001  c.mv     x10, x15
#1691 0 80000078     40f2 r 01         80000074  c.lwsp   x1, 0x1c
#1692 0 8000007a     4462 r 08         f0040f90  c.lwsp   x8, 0x18
#1693 0 8000007c     6105 r 02         f0040f70  c.addi16sp 0x2
#1694 0 8000007e     8082 r 00         00000000  c.jr     x1
#1695 0 80000074     87aa r 0f         00000001  c.mv     x15, x10
#1696 0 80000076     853e r 0a         00000001  c.mv     x10, x15
#1697 0 80000078     40f2 r 01         80000074  c.lwsp   x1, 0x1c
#1698 0 8000007a     4462 r 08         f0040fb0  c.lwsp   x8, 0x18
#1699 0 8000007c     6105 r 02         f0040f90  c.addi16sp 0x2
#1700 0 8000007e     8082 r 00         00000000  c.jr     x1
#1701 0 80000074     87aa r 0f         00000001  c.mv     x15, x10
#1702 0 80000076     853e r 0a         00000001  c.mv     x10, x15
#1703 0 80000078     40f2 r 01         800000a6  c.lwsp   x1, 0x1c
#1704 0 8000007a     4462 r 08         f0040fe0  c.lwsp   x8, 0x18
#1705 0 8000007c     6105 r 02         f0040fb0  c.addi16sp 0x2
#1706 0 8000007e     8082 r 00         00000000  c.jr     x1
#1707 0 800000a6     872a r 0e         00000001  c.mv     x14, x10
#1708 0 800000a8     4785 r 0f         00000001  c.li     x15, 0x1
#1709 0 800000aa 00f71763 r 00         00000000  bne      x14, x15, . + 0xe
#1710 0 800000ae fec42783 r 0f         00000003  lw       x15, -0x14(x8)
#1711 0 800000b2     0785 r 0f         00000004  c.addi   x15, 0x1
#1712 0 800000b4 fef42623 m f0040fcc   00000004  sw       x15, -0x14(x8)
#1713 0 800000b8 fe842783 r 0f         00000007  lw       x15, -0x18(x8)
#1714 0 800000bc     0785 r 0f         00000008  c.addi   x15, 0x1
#1715 0 800000be fef42423 m f0040fc8   00000008  sw       x15, -0x18(x8)
#1716 0 800000c2 fe842783 r 0f         00000008  lw       x15, -0x18(x8)
#1717 0 800000c6 fdc42703 r 0e         00000008  lw       x14, -0x24(x8)
#1718 0 800000ca fce7e8e3 r 00         00000000  bltu     x15, x14, . - 0x30
#1719 0 800000ce fec42783 r 0f         00000004  lw       x15, -0x14(x8)
#1720 0 800000d2     853e r 0a         00000004  c.mv     x10, x15
#1721 0 800000d4     50b2 r 01         800000f4  c.lwsp   x1, 0x2c
#1722 0 800000d6     5422 r 08         f0041000  c.lwsp   x8, 0x28
#1723 0 800000d8     6145 r 02         f0040fe0  c.addi16sp 0x3
#1724 0 800000da     8082 r 00         00000000  c.jr     x1
#1725 0 800000f4 fec42783 r 0f         00000008  lw       x15, -0x14(x8)
#1726 0 800000f8     0785 r 0f         00000009  c.addi   x15, 0x1
#1727 0 800000fa fef42623 m f0040fec   00000009  sw       x15, -0x14(x8)
#1728 0 800000fe fec42703 r 0e         00000009  lw       x14, -0x14(x8)
#1729 0 80000102     47a9 r 0f         0000000a  c.li     x15, 0xa
#1730 0 80000104 fee7d4e3 r 00         00000000  bge      x15, x14, . - 0x18
#1731 0 800000ec fec42783 r 0f         00000009  lw       x15, -0x14(x8)
#1732 0 800000f0     853e r 0a         00000009  c.mv     x10, x15
#1733 0 800000f2     3779 r 01         800000f4  c.jal    . - 0x72
#1734 0 80000080     7179 r 02         f0040fb0  c.addi16sp -0x3
#1735 0 80000082     d606 m f0040fdc   800000f4  c.swsp   x1, 0x2c
#1736 0 80000084     d422 m f0040fd8   f0041000  c.swsp   x8, 0x28
#1737 0 80000086     1800 r 08         f0040fe0  c.addi4spn  x8, 0xc
#1738 0 80000088 fca42e23 m f0040fbc   00000009  sw       x10, -0x24(x8)
#1739 0 8000008c     4785 r 0f         00000001  c.li     x15, 0x1
#1740 0 8000008e fef42623 m f0040fcc   00000001  sw       x15, -0x14(x8)
#1741 0 80000092     4789 r 0f         00000002  c.li     x15, 0x2
#1742 0 80000094 fef42423 m f0040fc8   00000002  sw       x15, -0x18(x8)
#1743 0 80000098     a02d r 00         00000000  c.j      . + 0x2a
#1744 0 800000c2 fe842783 r 0f         00000002  lw       x15, -0x18(x8)
#1745 0 800000c6 fdc42703 r 0e         00000009  lw       x14, -0x24(x8)
#1746 0 800000ca fce7e8e3 r 00         00000000  bltu     x15, x14, . - 0x30
#1747 0 8000009a fdc42783 r 0f         00000009  lw       x15, -0x24(x8)
#1748 0 8000009e     85be r 0b         00000009  c.mv     x11, x15
#1749 0 800000a0 fe842503 r 0a         00000002  lw       x10, -0x18(x8)
#1750 0 800000a4     3745 r 01         800000a6  c.jal    . - 0x60
#1751 0 80000044     1101 r 02         f0040f90  c.addi   x2, -0x20
#1752 0 80000046     ce06 m f0040fac   800000a6  c.swsp   x1, 0x1c
#1753 0 80000048     cc22 m f0040fa8   f0040fe0  c.swsp   x8, 0x18
#1754 0 8000004a     1000 r 08         f0040fb0  c.addi4spn  x8, 0x8
#1755 0 8000004c fea42623 m f0040f9c   00000002  sw       x10, -0x14(x8)
#1756 0 80000050 feb42423 m f0040f98   00000009  sw       x11, -0x18(x8)
#1757 0 80000054 fec42783 r 0f         00000002  lw       x15, -0x14(x8)
#1758 0 80000058     e781 r 00         00000000  c.bnez   x15, . + 0x8
#1759 0 80000060 fe842703 r 0e         00000009  lw       x14, -0x18(x8)
#1760 0 80000064 fec42783 r 0f         00000002  lw       x15, -0x14(x8)
#1761 0 80000068 02f767b3 r 0f         00000001  rem      x15, x14, x15
#1762 0 8000006c fec42583 r 0b         00000002  lw       x11, -0x14(x8)
#1763 0 80000070     853e r 0a         00000001  c.mv     x10, x15
#1764 0 80000072     3fc9 r 01         80000074  c.jal    . - 0x2e
#1765 0 80000044     1101 r 02         f0040f70  c.addi   x2, -0x20
#1766 0 80000046     ce06 m f0040f8c   80000074  c.swsp   x1, 0x1c
#1767 0 80000048     cc22 m f0040f88   f0040fb0  c.swsp   x8, 0x18
#1768 0 8000004a     1000 r 08         f0040f90  c.addi4spn  x8, 0x8
#1769 0 8000004c fea42623 m f0040f7c   00000001  sw       x10, -0x14(x8)
#1770 0 80000050 feb42423 m f0040f78   00000002  sw       x11, -0x18(x8)
#1771 0 80000054 fec42783 r 0f         00000001  lw       x15, -0x14(x8)
#1772 0 80000058     e781 r 00         00000000  c.bnez   x15, . + 0x8
#1773 0 80000060 fe842703 r 0e         00000002  lw       x14, -0x18(x8)
#1774 0 80000064 fec42783 r 0f         00000001  lw       x15, -0x14(x8)
#1775 0 80000068 02f767b3 r 0f         00000000  rem      x15, x14, x15
#1776 0 8000006c fec42583 r 0b         00000001  lw       x11, -0x14(x8)
#1777 0 80000070     853e r 0a         00000000  c.mv     x10, x15
#1778 0 80000072     3fc9 r 01         80000074  c.jal    . - 0x2e
#1779 0 80000044     1101 r 02         f0040f50  c.addi   x2, -0x20
#1780 0 80000046     ce06 m f0040f6c   80000074  c.swsp   x1, 0x1c
#1781 0 80000048     cc22 m f0040f68   f0040f90  c.swsp   x8, 0x18
#1782 0 8000004a     1000 r 08         f0040f70  c.addi4spn  x8, 0x8
#1783 0 8000004c fea42623 m f0040f5c   00000000  sw       x10, -0x14(x8)
#1784 0 80000050 feb42423 m f0040f58   00000001  sw       x11, -0x18(x8)
#1785 0 80000054 fec42783 r 0f         00000000  lw       x15, -0x14(x8)
#1786 0 80000058     e781 r 00         00000000  c.bnez   x15, . + 0x8
#1787 0 8000005a fe842783 r 0f         00000001  lw       x15, -0x18(x8)
#1788 0 8000005e     a821 r 00         00000000  c.j      . + 0x18
#1789 0 80000076     853e r 0a         00000001  c.mv     x10, x15
#1790 0 80000078     40f2 r 01         80000074  c.lwsp   x1, 0x1c
#1791 0 8000007a     4462 r 08         f0040f90  c.lwsp   x8, 0x18
#1792 0 8000007c     6105 r 02         f0040f70  c.addi16sp 0x2
#1793 0 8000007e     8082 r 00         00000000  c.jr     x1
#1794 0 80000074     87aa r 0f         00000001  c.mv     x15, x10
#1795 0 80000076     853e r 0a         00000001  c.mv     x10, x15
#1796 0 80000078     40f2 r 01         80000074  c.lwsp   x1, 0x1c
#1797 0 8000007a     4462 r 08         f0040fb0  c.lwsp   x8, 0x18
#1798 0 8000007c     6105 r 02         f0040f90  c.addi16sp 0x2
#1799 0 8000007e     8082 r 00         00000000  c.jr     x1
#1800 0 80000074     87aa r 0f         00000001  c.mv     x15, x10
#1801 0 80000076     853e r 0a         00000001  c.mv     x10, x15
#1802 0 80000078     40f2 r 01         800000a6  c.lwsp   x1, 0x1c
#1803 0 8000007a     4462 r 08         f0040fe0  c.lwsp   x8, 0x18
#1804 0 8000007c     6105 r 02         f0040fb0  c.addi16sp 0x2
#1805 0 8000007e     8082 r 00         00000000  c.jr     x1
#1806 0 800000a6     872a r 0e         00000001  c.mv     x14, x10
#1807 0 800000a8     4785 r 0f         00000001  c.li     x15, 0x1
#1808 0 800000aa 00f71763 r 00         00000000  bne      x14, x15, . + 0xe
#1809 0 800000ae fec42783 r 0f         00000001  lw       x15, -0x14(x8)
#1810 0 800000b2     0785 r 0f         00000002  c.addi   x15, 0x1
#1811 0 800000b4 fef42623 m f0040fcc   00000002  sw       x15, -0x14(x8)
#1812 0 800000b8 fe842783 r 0f         00000002  lw       x15, -0x18(x8)
#1813 0 800000bc     0785 r 0f         00000003  c.addi   x15, 0x1
#1814 0 800000be fef42423 m f0040fc8   00000003  sw       x15, -0x18(x8)
#1815 0 800000c2 fe842783 r 0f         00000003  lw       x15, -0x18(x8)
#1816 0 800000c6 fdc42703 r 0e         00000009  lw       x14, -0x24(x8)
#1817 0 800000ca fce7e8e3 r 00         00000000  bltu     x15, x14, . - 0x30
#1818 0 8000009a fdc42783 r 0f         00000009  lw       x15, -0x24(x8)
#1819 0 8000009e     85be r 0b         00000009  c.mv     x11, x15
#1820 0 800000a0 fe842503 r 0a         00000003  lw       x10, -0x18(x8)
#1821 0 800000a4     3745 r 01         800000a6  c.jal    . - 0x60
#1822 0 80000044     1101 r 02         f0040f90  c.addi   x2, -0x20
#1823 0 80000046     ce06 m f0040fac   800000a6  c.swsp   x1, 0x1c
#1824 0 80000048     cc22 m f0040fa8   f0040fe0  c.swsp   x8, 0x18
#1825 0 8000004a     1000 r 08         f0040fb0  c.addi4spn  x8, 0x8
#1826 0 8000004c fea42623 m f0040f9c   00000003  sw       x10, -0x14(x8)
#1827 0 80000050 feb42423 m f0040f98   00000009  sw       x11, -0x18(x8)
#1828 0 80000054 fec42783 r 0f         00000003  lw       x15, -0x14(x8)
#1829 0 80000058     e781 r 00         00000000  c.bnez   x15, . + 0x8
#1830 0 80000060 fe842703 r 0e         00000009  lw       x14, -0x18(x8)
#1831 0 80000064 fec42783 r 0f         00000003  lw       x15, -0x14(x8)
#1832 0 80000068 02f767b3 r 0f         00000000  rem      x15, x14, x15
#1833 0 8000006c fec42583 r 0b         00000003  lw       x11, -0x14(x8)
#1834 0 80000070     853e r 0a         00000000  c.mv     x10, x15
#1835 0 80000072     3fc9 r 01         80000074  c.jal    . - 0x2e
#1836 0 80000044     1101 r 02         f0040f70  c.addi   x2, -0x20
#1837 0 80000046     ce06 m f0040f8c   80000074  c.swsp   x1, 0x1c
#1838 0 80000048     cc22 m f0040f88   f0040fb0  c.swsp   x8, 0x18
#1839 0 8000004a     1000 r 08         f0040f90  c.addi4spn  x8, 0x8
#1840 0 8000004c fea42623 m f0040f7c   00000000  sw       x10, -0x14(x8)
#1841 0 80000050 feb42423 m f0040f78   00000003  sw       x11, -0x18(x8)
#1842 0 80000054 fec42783 r 0f         00000000  lw       x15, -0x14(x8)
#1843 0 80000058     e781 r 00         00000000  c.bnez   x15, . + 0x8
#1844 0 8000005a fe842783 r 0f         00000003  lw       x15, -0x18(x8)
#1845 0 8000005e     a821 r 00         00000000  c.j      . + 0x18
#1846 0 80000076     853e r 0a         00000003  c.mv     x10, x15
#1847 0 80000078     40f2 r 01         80000074  c.lwsp   x1, 0x1c
#1848 0 8000007a     4462 r 08         f0040fb0  c.lwsp   x8, 0x18
#1849 0 8000007c     6105 r 02         f0040f90  c.addi16sp 0x2
#1850 0 8000007e     8082 r 00         00000000  c.jr     x1
#1851 0 80000074     87aa r 0f         00000003  c.mv     x15, x10
#1852 0 80000076     853e r 0a         00000003  c.mv     x10, x15
#1853 0 80000078     40f2 r 01         800000a6  c.lwsp   x1, 0x1c
#1854 0 8000007a     4462 r 08         f0040fe0  c.lwsp   x8, 0x18
#1855 0 8000007c     6105 r 02         f0040fb0  c.addi16sp 0x2
#1856 0 8000007e     8082 r 00         00000000  c.jr     x1
#1857 0 800000a6     872a r 0e         00000003  c.mv     x14, x10
#1858 0 800000a8     4785 r 0f         00000001  c.li     x15, 0x1
#1859 0 800000aa 00f71763 r 00         00000000  bne      x14, x15, . + 0xe
#1860 0 800000b8 fe842783 r 0f         00000003  lw       x15, -0x18(x8)
#1861 0 800000bc     0785 r 0f         00000004  c.addi   x15, 0x1
#1862 0 800000be fef42423 m f0040fc8   00000004  sw       x15, -0x18(x8)
#1863 0 800000c2 fe842783 r 0f         00000004  lw       x15, -0x18(x8)
#1864 0 800000c6 fdc42703 r 0e         00000009  lw       x14, -0x24(x8)
#1865 0 800000ca fce7e8e3 r 00         00000000  bltu     x15, x14, . - 0x30
#1866 0 8000009a fdc42783 r 0f         00000009  lw       x15, -0x24(x8)
#1867 0 8000009e     85be r 0b         00000009  c.mv     x11, x15
#1868 0 800000a0 fe842503 r 0a         00000004  lw       x10, -0x18(x8)
#1869 0 800000a4     3745 r 01         800000a6  c.jal    . - 0x60
#1870 0 80000044     1101 r 02         f0040f90  c.addi   x2, -0x20
#1871 0 80000046     ce06 m f0040fac   800000a6  c.swsp   x1, 0x1c
#1872 0 80000048     cc22 m f0040fa8   f0040fe0  c.swsp   x8, 0x18
#1873 0 8000004a     1000 r 08         f0040fb0  c.addi4spn  x8, 0x8
#1874 0 8000004c fea42623 m f0040f9c   00000004  sw       x10, -0x14(x8)
#1875 0 80000050 feb42423 m f0040f98   00000009  sw       x11, -0x18(x8)
#1876 0 80000054 fec42783 r 0f         00000004  lw       x15, -0x14(x8)
#1877 0 80000058     e781 r 00         00000000  c.bnez   x15, . + 0x8
#1878 0 80000060 fe842703 r 0e         00000009  lw       x14, -0x18(x8)
#1879 0 80000064 fec42783 r 0f         00000004  lw       x15, -0x14(x8)
#1880 0 80000068 02f767b3 r 0f         00000001  rem      x15, x14, x15
#1881 0 8000006c fec42583 r 0b         00000004  lw       x11, -0x14(x8)
#1882 0 80000070     853e r 0a         00000001  c.mv     x10, x15
#1883 0 80000072     3fc9 r 01         80000074  c.jal    . - 0x2e
#1884 0 80000044     1101 r 02         f0040f70  c.addi   x2, -0x20
#1885 0 80000046     ce06 m f0040f8c   80000074  c.swsp   x1, 0x1c
#1886 0 80000048     cc22 m f0040f88   f0040fb0  c.swsp   x8, 0x18
#1887 0 8000004a     1000 r 08         f0040f90  c.addi4spn  x8, 0x8
#1888 0 8000004c fea42623 m f0040f7c   00000001  sw       x10, -0x14(x8)
#1889 0 80000050 feb42423 m f0040f78   00000004  sw       x11, -0x18(x8)
#1890 0 80000054 fec42783 r 0f         00000001  lw       x15, -0x14(x8)
#1891 0 80000058     e781 r 00         00000000  c.bnez   x15, . + 0x8
#1892 0 80000060 fe842703 r 0e         00000004  lw       x14, -0x18(x8)
#1893 0 80000064 fec42783 r 0f         00000001  lw       x15, -0x14(x8)
#1894 0 80000068 02f767b3 r 0f         00000000  rem      x15, x14, x15
#1895 0 8000006c fec42583 r 0b         00000001  lw       x11, -0x14(x8)
#1896 0 80000070     853e r 0a         00000000  c.mv     x10, x15
#1897 0 80000072     3fc9 r 01         80000074  c.jal    . - 0x2e
#1898 0 80000044     1101 r 02         f0040f50  c.addi   x2, -0x20
#1899 0 80000046     ce06 m f0040f6c   80000074  c.swsp   x1, 0x1c
#1900 0 80000048     cc22 m f0040f68   f0040f90  c.swsp   x8, 0x18
#1901 0 8000004a     1000 r 08         f0040f70  c.addi4spn  x8, 0x8
#1902 0 8000004c fea42623 m f0040f5c   00000000  sw       x10, -0x14(x8)
#1903 0 80000050 feb42423 m f0040f58   00000001  sw       x11, -0x18(x8)
#1904 0 80000054 fec42783 r 0f         00000000  lw       x15, -0x14(x8)
#1905 0 80000058     e781 r 00         00000000  c.bnez   x15, . + 0x8
#1906 0 8000005a fe842783 r 0f         00000001  lw       x15, -0x18(x8)
#1907 0 8000005e     a821 r 00         00000000  c.j      . + 0x18
#1908 0 80000076     853e r 0a         00000001  c.mv     x10, x15
#1909 0 80000078     40f2 r 01         80000074  c.lwsp   x1, 0x1c
#1910 0 8000007a     4462 r 08         f0040f90  c.lwsp   x8, 0x18
#1911 0 8000007c     6105 r 02         f0040f70  c.addi16sp 0x2
#1912 0 8000007e     8082 r 00         00000000  c.jr     x1
#1913 0 80000074     87aa r 0f         00000001  c.mv     x15, x10
#1914 0 80000076     853e r 0a         00000001  c.mv     x10, x15
#1915 0 80000078     40f2 r 01         80000074  c.lwsp   x1, 0x1c
#1916 0 8000007a     4462 r 08         f0040fb0  c.lwsp   x8, 0x18
#1917 0 8000007c     6105 r 02         f0040f90  c.addi16sp 0x2
#1918 0 8000007e     8082 r 00         00000000  c.jr     x1
#1919 0 80000074     87aa r 0f         00000001  c.mv     x15, x10
#1920 0 80000076     853e r 0a         00000001  c.mv     x10, x15
#1921 0 80000078     40f2 r 01         800000a6  c.lwsp   x1, 0x1c
#1922 0 8000007a     4462 r 08         f0040fe0  c.lwsp   x8, 0x18
#1923 0 8000007c     6105 r 02         f0040fb0  c.addi16sp 0x2
#1924 0 8000007e     8082 r 00         00000000  c.jr     x1
#1925 0 800000a6     872a r 0e         00000001  c.mv     x14, x10
#1926 0 800000a8     4785 r 0f         00000001  c.li     x15, 0x1
#1927 0 800000aa 00f71763 r 00         00000000  bne      x14, x15, . + 0xe
#1928 0 800000ae fec42783 r 0f         00000002  lw       x15, -0x14(x8)
#1929 0 800000b2     0785 r 0f         00000003  c.addi   x15, 0x1
#1930 0 800000b4 fef42623 m f0040fcc   00000003  sw       x15, -0x14(x8)
#1931 0 800000b8 fe842783 r 0f         00000004  lw       x15, -0x18(x8)
#1932 0 800000bc     0785 r 0f         00000005  c.addi   x15, 0x1
#1933 0 800000be fef42423 m f0040fc8   00000005  sw       x15, -0x18(x8)
#1934 0 800000c2 fe842783 r 0f         00000005  lw       x15, -0x18(x8)
#1935 0 800000c6 fdc42703 r 0e         00000009  lw       x14, -0x24(x8)
#1936 0 800000ca fce7e8e3 r 00         00000000  bltu     x15, x14, . - 0x30
#1937 0 8000009a fdc42783 r 0f         00000009  lw       x15, -0x24(x8)
#1938 0 8000009e     85be r 0b         00000009  c.mv     x11, x15
#1939 0 800000a0 fe842503 r 0a         00000005  lw       x10, -0x18(x8)
#1940 0 800000a4     3745 r 01         800000a6  c.jal    . - 0x60
#1941 0 80000044     1101 r 02         f0040f90  c.addi   x2, -0x20
#1942 0 80000046     ce06 m f0040fac   800000a6  c.swsp   x1, 0x1c
#1943 0 80000048     cc22 m f0040fa8   f0040fe0  c.swsp   x8, 0x18
#1944 0 8000004a     1000 r 08         f0040fb0  c.addi4spn  x8, 0x8
#1945 0 8000004c fea42623 m f0040f9c   00000005  sw       x10, -0x14(x8)
#1946 0 80000050 feb42423 m f0040f98   00000009  sw       x11, -0x18(x8)
#1947 0 80000054 fec42783 r 0f         00000005  lw       x15, -0x14(x8)
#1948 0 80000058     e781 r 00         00000000  c.bnez   x15, . + 0x8
#1949 0 80000060 fe842703 r 0e         00000009  lw       x14, -0x18(x8)
#1950 0 80000064 fec42783 r 0f         00000005  lw       x15, -0x14(x8)
#1951 0 80000068 02f767b3 r 0f         00000004  rem      x15, x14, x15
#1952 0 8000006c fec42583 r 0b         00000005  lw       x11, -0x14(x8)
#1953 0 80000070     853e r 0a         00000004  c.mv     x10, x15
#1954 0 80000072     3fc9 r 01         80000074  c.jal    . - 0x2e
#1955 0 80000044     1101 r 02         f0040f70  c.addi   x2, -0x20
#1956 0 80000046     ce06 m f0040f8c   80000074  c.swsp   x1, 0x1c
#1957 0 80000048     cc22 m f0040f88   f0040fb0  c.swsp   x8, 0x18
#1958 0 8000004a     1000 r 08         f0040f90  c.addi4spn  x8, 0x8
#1959 0 8000004c fea42623 m f0040f7c   00000004  sw       x10, -0x14(x8)
#1960 0 80000050 feb42423 m f0040f78   00000005  sw       x11, -0x18(x8)
#1961 0 80000054 fec42783 r 0f         00000004  lw       x15, -0x14(x8)
#1962 0 80000058     e781 r 00         00000000  c.bnez   x15, . + 0x8
#1963 0 80000060 fe842703 r 0e         00000005  lw       x14, -0x18(x8)
#1964 0 80000064 fec42783 r 0f         00000004  lw       x15, -0x14(x8)
#1965 0 80000068 02f767b3 r 0f         00000001  rem      x15, x14, x15
#1966 0 8000006c fec42583 r 0b         00000004  lw       x11, -0x14(x8)
#1967 0 80000070     853e r 0a         00000001  c.mv     x10, x15
#1968 0 80000072     3fc9 r 01         80000074  c.jal    . - 0x2e
#1969 0 80000044     1101 r 02         f0040f50  c.addi   x2, -0x20
#1970 0 80000046     ce06 m f0040f6c   80000074  c.swsp   x1, 0x1c
#1971 0 80000048     cc22 m f0040f68   f0040f90  c.swsp   x8, 0x18
#1972 0 8000004a     1000 r 08         f0040f70  c.addi4spn  x8, 0x8
#1973 0 8000004c fea42623 m f0040f5c   00000001  sw       x10, -0x14(x8)
#1974 0 80000050 feb42423 m f0040f58   00000004  sw       x11, -0x18(x8)
#1975 0 80000054 fec42783 r 0f         00000001  lw       x15, -0x14(x8)
#1976 0 80000058     e781 r 00         00000000  c.bnez   x15, . + 0x8
#1977 0 80000060 fe842703 r 0e         00000004  lw       x14, -0x18(x8)
#1978 0 80000064 fec42783 r 0f         00000001  lw       x15, -0x14(x8)
#1979 0 80000068 02f767b3 r 0f         00000000  rem      x15, x14, x15
#1980 0 8000006c fec42583 r 0b         00000001  lw       x11, -0x14(x8)
#1981 0 80000070     853e r 0a         00000000  c.mv     x10, x15
#1982 0 80000072     3fc9 r 01         80000074  c.jal    . - 0x2e
#1983 0 80000044     1101 r 02         f0040f30  c.addi   x2, -0x20
#1984 0 80000046     ce06 m f0040f4c   80000074  c.swsp   x1, 0x1c
#1985 0 80000048     cc22 m f0040f48   f0040f70  c.swsp   x8, 0x18
#1986 0 8000004a     1000 r 08         f0040f50  c.addi4spn  x8, 0x8
#1987 0 8000004c fea42623 m f0040f3c   00000000  sw       x10, -0x14(x8)
#1988 0 80000050 feb42423 m f0040f38   00000001  sw       x11, -0x18(x8)
#1989 0 80000054 fec42783 r 0f         00000000  lw       x15, -0x14(x8)
#1990 0 80000058     e781 r 00         00000000  c.bnez   x15, . + 0x8
#1991 0 8000005a fe842783 r 0f         00000001  lw       x15, -0x18(x8)
#1992 0 8000005e     a821 r 00         00000000  c.j      . + 0x18
#1993 0 80000076     853e r 0a         00000001  c.mv     x10, x15
#1994 0 80000078     40f2 r 01         80000074  c.lwsp   x1, 0x1c
#1995 0 8000007a     4462 r 08         f0040f70  c.lwsp   x8, 0x18
#1996 0 8000007c     6105 r 02         f0040f50  c.addi16sp 0x2
#1997 0 8000007e     8082 r 00         00000000  c.jr     x1
#1998 0 80000074     87aa r 0f         00000001  c.mv     x15, x10
#1999 0 80000076     853e r 0a         00000001  c.mv     x10, x15
#2000 0 80000078     40f2 r 01         80000074  c.lwsp   x1, 0x1c
#2001 0 8000007a     4462 r 08         f0040f90  c.lwsp   x8, 0x18
#2002 0 8000007c     6105 r 02         f0040f70  c.addi16sp 0x2
#2003 0 8000007e     8082 r 00         00000000  c.jr     x1
#2004 0 80000074     87aa r 0f         00000001  c.mv     x15, x10
#2005 0 80000076     853e r 0a         00000001  c.mv     x10, x15
#2006 0 80000078     40f2 r 01         80000074  c.lwsp   x1, 0x1c
#2007 0 8000007a     4462 r 08         f0040fb0  c.lwsp   x8, 0x18
#2008 0 8000007c     6105 r 02         f0040f90  c.addi16sp 0x2
#2009 0 8000007e     8082 r 00         00000000  c.jr     x1
#2010 0 80000074     87aa r 0f         00000001  c.mv     x15, x10
#2011 0 80000076     853e r 0a         00000001  c.mv     x10, x15
#2012 0 80000078     40f2 r 01         800000a6  c.lwsp   x1, 0x1c
#2013 0 8000007a     4462 r 08         f0040fe0  c.lwsp   x8, 0x18
#2014 0 8000007c     6105 r 02         f0040fb0  c.addi16sp 0x2
#2015 0 8000007e     8082 r 00         00000000  c.jr     x1
#2016 0 800000a6     872a r 0e         00000001  c.mv     x14, x10
#2017 0 800000a8     4785 r 0f         00000001  c.li     x15, 0x1
#2018 0 800000aa 00f71763 r 00         00000000  bne      x14, x15, . + 0xe
#2019 0 800000ae fec42783 r 0f         00000003  lw       x15, -0x14(x8)
#2020 0 800000b2     0785 r 0f         00000004  c.addi   x15, 0x1
#2021 0 800000b4 fef42623 m f0040fcc   00000004  sw       x15, -0x14(x8)
#2022 0 800000b8 fe842783 r 0f         00000005  lw       x15, -0x18(x8)
#2023 0 800000bc     0785 r 0f         00000006  c.addi   x15, 0x1
#2024 0 800000be fef42423 m f0040fc8   00000006  sw       x15, -0x18(x8)
#2025 0 800000c2 fe842783 r 0f         00000006  lw       x15, -0x18(x8)
#2026 0 800000c6 fdc42703 r 0e         00000009  lw       x14, -0x24(x8)
#2027 0 800000ca fce7e8e3 r 00         00000000  bltu     x15, x14, . - 0x30
#2028 0 8000009a fdc42783 r 0f         00000009  lw       x15, -0x24(x8)
#2029 0 8000009e     85be r 0b         00000009  c.mv     x11, x15
#2030 0 800000a0 fe842503 r 0a         00000006  lw       x10, -0x18(x8)
#2031 0 800000a4     3745 r 01         800000a6  c.jal    . - 0x60
#2032 0 80000044     1101 r 02         f0040f90  c.addi   x2, -0x20
#2033 0 80000046     ce06 m f0040fac   800000a6  c.swsp   x1, 0x1c
#2034 0 80000048     cc22 m f0040fa8   f0040fe0  c.swsp   x8, 0x18
#2035 0 8000004a     1000 r 08         f0040fb0  c.addi4spn  x8, 0x8
#2036 0 8000004c fea42623 m f0040f9c   00000006  sw       x10, -0x14(x8)
#2037 0 80000050 feb42423 m f0040f98   00000009  sw       x11, -0x18(x8)
#2038 0 80000054 fec42783 r 0f         00000006  lw       x15, -0x14(x8)
#2039 0 80000058     e781 r 00         00000000  c.bnez   x15, . + 0x8
#2040 0 80000060 fe842703 r 0e         00000009  lw       x14, -0x18(x8)
#2041 0 80000064 fec42783 r 0f         00000006  lw       x15, -0x14(x8)
#2042 0 80000068 02f767b3 r 0f         00000003  rem      x15, x14, x15
#2043 0 8000006c fec42583 r 0b         00000006  lw       x11, -0x14(x8)
#2044 0 80000070     853e r 0a         00000003  c.mv     x10, x15
#2045 0 80000072     3fc9 r 01         80000074  c.jal    . - 0x2e
#2046 0 80000044     1101 r 02         f0040f70  c.addi   x2, -0x20
#2047 0 80000046     ce06 m f0040f8c   80000074  c.swsp   x1, 0x1c
#2048 0 80000048     cc22 m f0040f88   f0040fb0  c.swsp   x8, 0x18
#2049 0 8000004a     1000 r 08         f0040f90  c.addi4spn  x8, 0x8
#2050 0 8000004c fea42623 m f0040f7c   00000003  sw       x10, -0x14(x8)
#2051 0 80000050 feb42423 m f0040f78   00000006  sw       x11, -0x18(x8)
#2052 0 80000054 fec42783 r 0f         00000003  lw       x15, -0x14(x8)
#2053 0 80000058     e781 r 00         00000000  c.bnez   x15, . + 0x8
#2054 0 80000060 fe842703 r 0e         00000006  lw       x14, -0x18(x8)
#2055 0 80000064 fec42783 r 0f         00000003  lw       x15, -0x14(x8)
#2056 0 80000068 02f767b3 r 0f         00000000  rem      x15, x14, x15
#2057 0 8000006c fec42583 r 0b         00000003  lw       x11, -0x14(x8)
#2058 0 80000070     853e r 0a         00000000  c.mv     x10, x15
#2059 0 80000072     3fc9 r 01         80000074  c.jal    . - 0x2e
#2060 0 80000044     1101 r 02         f0040f50  c.addi   x2, -0x20
#2061 0 80000046     ce06 m f0040f6c   80000074  c.swsp   x1, 0x1c
#2062 0 80000048     cc22 m f0040f68   f0040f90  c.swsp   x8, 0x18
#2063 0 8000004a     1000 r 08         f0040f70  c.addi4spn  x8, 0x8
#2064 0 8000004c fea42623 m f0040f5c   00000000  sw       x10, -0x14(x8)
#2065 0 80000050 feb42423 m f0040f58   00000003  sw       x11, -0x18(x8)
#2066 0 80000054 fec42783 r 0f         00000000  lw       x15, -0x14(x8)
#2067 0 80000058     e781 r 00         00000000  c.bnez   x15, . + 0x8
#2068 0 8000005a fe842783 r 0f         00000003  lw       x15, -0x18(x8)
#2069 0 8000005e     a821 r 00         00000000  c.j      . + 0x18
#2070 0 80000076     853e r 0a         00000003  c.mv     x10, x15
#2071 0 80000078     40f2 r 01         80000074  c.lwsp   x1, 0x1c
#2072 0 8000007a     4462 r 08         f0040f90  c.lwsp   x8, 0x18
#2073 0 8000007c     6105 r 02         f0040f70  c.addi16sp 0x2
#2074 0 8000007e     8082 r 00         00000000  c.jr     x1
#2075 0 80000074     87aa r 0f         00000003  c.mv     x15, x10
#2076 0 80000076     853e r 0a         00000003  c.mv     x10, x15
#2077 0 80000078     40f2 r 01         80000074  c.lwsp   x1, 0x1c
#2078 0 8000007a     4462 r 08         f0040fb0  c.lwsp   x8, 0x18
#2079 0 8000007c     6105 r 02         f0040f90  c.addi16sp 0x2
#2080 0 8000007e     8082 r 00         00000000  c.jr     x1
#2081 0 80000074     87aa r 0f         00000003  c.mv     x15, x10
#2082 0 80000076     853e r 0a         00000003  c.mv     x10, x15
#2083 0 80000078     40f2 r 01         800000a6  c.lwsp   x1, 0x1c
#2084 0 8000007a     4462 r 08         f0040fe0  c.lwsp   x8, 0x18
#2085 0 8000007c     6105 r 02         f0040fb0  c.addi16sp 0x2
#2086 0 8000007e     8082 r 00         00000000  c.jr     x1
#2087 0 800000a6     872a r 0e         00000003  c.mv     x14, x10
#2088 0 800000a8     4785 r 0f         00000001  c.li     x15, 0x1
#2089 0 800000aa 00f71763 r 00         00000000  bne      x14, x15, . + 0xe
#2090 0 800000b8 fe842783 r 0f         00000006  lw       x15, -0x18(x8)
#2091 0 800000bc     0785 r 0f         00000007  c.addi   x15, 0x1
#2092 0 800000be fef42423 m f0040fc8   00000007  sw       x15, -0x18(x8)
#2093 0 800000c2 fe842783 r 0f         00000007  lw       x15, -0x18(x8)
#2094 0 800000c6 fdc42703 r 0e         00000009  lw       x14, -0x24(x8)
#2095 0 800000ca fce7e8e3 r 00         00000000  bltu     x15, x14, . - 0x30
#2096 0 8000009a fdc42783 r 0f         00000009  lw       x15, -0x24(x8)
#2097 0 8000009e     85be r 0b         00000009  c.mv     x11, x15
#2098 0 800000a0 fe842503 r 0a         00000007  lw       x10, -0x18(x8)
#2099 0 800000a4     3745 r 01         800000a6  c.jal    . - 0x60
#2100 0 80000044     1101 r 02         f0040f90  c.addi   x2, -0x20
#2101 0 80000046     ce06 m f0040fac   800000a6  c.swsp   x1, 0x1c
#2102 0 80000048     cc22 m f0040fa8   f0040fe0  c.swsp   x8, 0x18
#2103 0 8000004a     1000 r 08         f0040fb0  c.addi4spn  x8, 0x8
#2104 0 8000004c fea42623 m f0040f9c   00000007  sw       x10, -0x14(x8)
#2105 0 80000050 feb42423 m f0040f98   00000009  sw       x11, -0x18(x8)
#2106 0 80000054 fec42783 r 0f         00000007  lw       x15, -0x14(x8)
#2107 0 80000058     e781 r 00         00000000  c.bnez   x15, . + 0x8
#2108 0 80000060 fe842703 r 0e         00000009  lw       x14, -0x18(x8)
#2109 0 80000064 fec42783 r 0f         00000007  lw       x15, -0x14(x8)
#2110 0 80000068 02f767b3 r 0f         00000002  rem      x15, x14, x15
#2111 0 8000006c fec42583 r 0b         00000007  lw       x11, -0x14(x8)
#2112 0 80000070     853e r 0a         00000002  c.mv     x10, x15
#2113 0 80000072     3fc9 r 01         80000074  c.jal    . - 0x2e
#2114 0 80000044     1101 r 02         f0040f70  c.addi   x2, -0x20
#2115 0 80000046     ce06 m f0040f8c   80000074  c.swsp   x1, 0x1c
#2116 0 80000048     cc22 m f0040f88   f0040fb0  c.swsp   x8, 0x18
#2117 0 8000004a     1000 r 08         f0040f90  c.addi4spn  x8, 0x8
#2118 0 8000004c fea42623 m f0040f7c   00000002  sw       x10, -0x14(x8)
#2119 0 80000050 feb42423 m f0040f78   00000007  sw       x11, -0x18(x8)
#2120 0 80000054 fec42783 r 0f         00000002  lw       x15, -0x14(x8)
#2121 0 80000058     e781 r 00         00000000  c.bnez   x15, . + 0x8
#2122 0 80000060 fe842703 r 0e         00000007  lw       x14, -0x18(x8)
#2123 0 80000064 fec42783 r 0f         00000002  lw       x15, -0x14(x8)
#2124 0 80000068 02f767b3 r 0f         00000001  rem      x15, x14, x15
#2125 0 8000006c fec42583 r 0b         00000002  lw       x11, -0x14(x8)
#2126 0 80000070     853e r 0a         00000001  c.mv     x10, x15
#2127 0 80000072     3fc9 r 01         80000074  c.jal    . - 0x2e
#2128 0 80000044     1101 r 02         f0040f50  c.addi   x2, -0x20
#2129 0 80000046     ce06 m f0040f6c   80000074  c.swsp   x1, 0x1c
#2130 0 80000048     cc22 m f0040f68   f0040f90  c.swsp   x8, 0x18
#2131 0 8000004a     1000 r 08         f0040f70  c.addi4spn  x8, 0x8
#2132 0 8000004c fea42623 m f0040f5c   00000001  sw       x10, -0x14(x8)
#2133 0 80000050 feb42423 m f0040f58   00000002  sw       x11, -0x18(x8)
#2134 0 80000054 fec42783 r 0f         00000001  lw       x15, -0x14(x8)
#2135 0 80000058     e781 r 00         00000000  c.bnez   x15, . + 0x8
#2136 0 80000060 fe842703 r 0e         00000002  lw       x14, -0x18(x8)
#2137 0 80000064 fec42783 r 0f         00000001  lw       x15, -0x14(x8)
#2138 0 80000068 02f767b3 r 0f         00000000  rem      x15, x14, x15
#2139 0 8000006c fec42583 r 0b         00000001  lw       x11, -0x14(x8)
#2140 0 80000070     853e r 0a         00000000  c.mv     x10, x15
#2141 0 80000072     3fc9 r 01         80000074  c.jal    . - 0x2e
#2142 0 80000044     1101 r 02         f0040f30  c.addi   x2, -0x20
#2143 0 80000046     ce06 m f0040f4c   80000074  c.swsp   x1, 0x1c
#2144 0 80000048     cc22 m f0040f48   f0040f70  c.swsp   x8, 0x18
#2145 0 8000004a     1000 r 08         f0040f50  c.addi4spn  x8, 0x8
#2146 0 8000004c fea42623 m f0040f3c   00000000  sw       x10, -0x14(x8)
#2147 0 80000050 feb42423 m f0040f38   00000001  sw       x11, -0x18(x8)
#2148 0 80000054 fec42783 r 0f         00000000  lw       x15, -0x14(x8)
#2149 0 80000058     e781 r 00         00000000  c.bnez   x15, . + 0x8
#2150 0 8000005a fe842783 r 0f         00000001  lw       x15, -0x18(x8)
#2151 0 8000005e     a821 r 00         00000000  c.j      . + 0x18
#2152 0 80000076     853e r 0a         00000001  c.mv     x10, x15
#2153 0 80000078     40f2 r 01         80000074  c.lwsp   x1, 0x1c
#2154 0 8000007a     4462 r 08         f0040f70  c.lwsp   x8, 0x18
#2155 0 8000007c     6105 r 02         f0040f50  c.addi16sp 0x2
#2156 0 8000007e     8082 r 00         00000000  c.jr     x1
#2157 0 80000074     87aa r 0f         00000001  c.mv     x15, x10
#2158 0 80000076     853e r 0a         00000001  c.mv     x10, x15
#2159 0 80000078     40f2 r 01         80000074  c.lwsp   x1, 0x1c
#2160 0 8000007a     4462 r 08         f0040f90  c.lwsp   x8, 0x18
#2161 0 8000007c     6105 r 02         f0040f70  c.addi16sp 0x2
#2162 0 8000007e     8082 r 00         00000000  c.jr     x1
#2163 0 80000074     87aa r 0f         00000001  c.mv     x15, x10
#2164 0 80000076     853e r 0a         00000001  c.mv     x10, x15
#2165 0 80000078     40f2 r 01         80000074  c.lwsp   x1, 0x1c
#2166 0 8000007a     4462 r 08         f0040fb0  c.lwsp   x8, 0x18
#2167 0 8000007c     6105 r 02         f0040f90  c.addi16sp 0x2
#2168 0 8000007e     8082 r 00         00000000  c.jr     x1
#2169 0 80000074     87aa r 0f         00000001  c.mv     x15, x10
#2170 0 80000076     853e r 0a         00000001  c.mv     x10, x15
#2171 0 80000078     40f2 r 01         800000a6  c.lwsp   x1, 0x1c
#2172 0 8000007a     4462 r 08         f0040fe0  c.lwsp   x8, 0x18
#2173 0 8000007c     6105 r 02         f0040fb0  c.addi16sp 0x2
#2174 0 8000007e     8082 r 00         00000000  c.jr     x1
#2175 0 800000a6     872a r 0e         00000001  c.mv     x14, x10
#2176 0 800000a8     4785 r 0f         00000001  c.li     x15, 0x1
#2177 0 800000aa 00f71763 r 00         00000000  bne      x14, x15, . + 0xe
#2178 0 800000ae fec42783 r 0f         00000004  lw       x15, -0x14(x8)
#2179 0 800000b2     0785 r 0f         00000005  c.addi   x15, 0x1
#2180 0 800000b4 fef42623 m f0040fcc   00000005  sw       x15, -0x14(x8)
#2181 0 800000b8 fe842783 r 0f         00000007  lw       x15, -0x18(x8)
#2182 0 800000bc     0785 r 0f         00000008  c.addi   x15, 0x1
#2183 0 800000be fef42423 m f0040fc8   00000008  sw       x15, -0x18(x8)
#2184 0 800000c2 fe842783 r 0f         00000008  lw       x15, -0x18(x8)
#2185 0 800000c6 fdc42703 r 0e         00000009  lw       x14, -0x24(x8)
#2186 0 800000ca fce7e8e3 r 00         00000000  bltu     x15, x14, . - 0x30
#2187 0 8000009a fdc42783 r 0f         00000009  lw       x15, -0x24(x8)
#2188 0 8000009e     85be r 0b         00000009  c.mv     x11, x15
#2189 0 800000a0 fe842503 r 0a         00000008  lw       x10, -0x18(x8)
#2190 0 800000a4     3745 r 01         800000a6  c.jal    . - 0x60
#2191 0 80000044     1101 r 02         f0040f90  c.addi   x2, -0x20
#2192 0 80000046     ce06 m f0040fac   800000a6  c.swsp   x1, 0x1c
#2193 0 80000048     cc22 m f0040fa8   f0040fe0  c.swsp   x8, 0x18
#2194 0 8000004a     1000 r 08         f0040fb0  c.addi4spn  x8, 0x8
#2195 0 8000004c fea42623 m f0040f9c   00000008  sw       x10, -0x14(x8)
#2196 0 80000050 feb42423 m f0040f98   00000009  sw       x11, -0x18(x8)
#2197 0 80000054 fec42783 r 0f         00000008  lw       x15, -0x14(x8)
#2198 0 80000058     e781 r 00         00000000  c.bnez   x15, . + 0x8
#2199 0 80000060 fe842703 r 0e         00000009  lw       x14, -0x18(x8)
#2200 0 80000064 fec42783 r 0f         00000008  lw       x15, -0x14(x8)
#2201 0 80000068 02f767b3 r 0f         00000001  rem      x15, x14, x15
#2202 0 8000006c fec42583 r 0b         00000008  lw       x11, -0x14(x8)
#2203 0 80000070     853e r 0a         00000001  c.mv     x10, x15
#2204 0 80000072     3fc9 r 01         80000074  c.jal    . - 0x2e
#2205 0 80000044     1101 r 02         f0040f70  c.addi   x2, -0x20
#2206 0 80000046     ce06 m f0040f8c   80000074  c.swsp   x1, 0x1c
#2207 0 80000048     cc22 m f0040f88   f0040fb0  c.swsp   x8, 0x18
#2208 0 8000004a     1000 r 08         f0040f90  c.addi4spn  x8, 0x8
#2209 0 8000004c fea42623 m f0040f7c   00000001  sw       x10, -0x14(x8)
#2210 0 80000050 feb42423 m f0040f78   00000008  sw       x11, -0x18(x8)
#2211 0 80000054 fec42783 r 0f         00000001  lw       x15, -0x14(x8)
#2212 0 80000058     e781 r 00         00000000  c.bnez   x15, . + 0x8
#2213 0 80000060 fe842703 r 0e         00000008  lw       x14, -0x18(x8)
#2214 0 80000064 fec42783 r 0f         00000001  lw       x15, -0x14(x8)
#2215 0 80000068 02f767b3 r 0f         00000000  rem      x15, x14, x15
#2216 0 8000006c fec42583 r 0b         00000001  lw       x11, -0x14(x8)
#2217 0 80000070     853e r 0a         00000000  c.mv     x10, x15
#2218 0 80000072     3fc9 r 01         80000074  c.jal    . - 0x2e
#2219 0 80000044     1101 r 02         f0040f50  c.addi   x2, -0x20
#2220 0 80000046     ce06 m f0040f6c   80000074  c.swsp   x1, 0x1c
#2221 0 80000048     cc22 m f0040f68   f0040f90  c.swsp   x8, 0x18
#2222 0 8000004a     1000 r 08         f0040f70  c.addi4spn  x8, 0x8
#2223 0 8000004c fea42623 m f0040f5c   00000000  sw       x10, -0x14(x8)
#2224 0 80000050 feb42423 m f0040f58   00000001  sw       x11, -0x18(x8)
#2225 0 80000054 fec42783 r 0f         00000000  lw       x15, -0x14(x8)
#2226 0 80000058     e781 r 00         00000000  c.bnez   x15, . + 0x8
#2227 0 8000005a fe842783 r 0f         00000001  lw       x15, -0x18(x8)
#2228 0 8000005e     a821 r 00         00000000  c.j      . + 0x18
#2229 0 80000076     853e r 0a         00000001  c.mv     x10, x15
#2230 0 80000078     40f2 r 01         80000074  c.lwsp   x1, 0x1c
#2231 0 8000007a     4462 r 08         f0040f90  c.lwsp   x8, 0x18
#2232 0 8000007c     6105 r 02         f0040f70  c.addi16sp 0x2
#2233 0 8000007e     8082 r 00         00000000  c.jr     x1
#2234 0 80000074     87aa r 0f         00000001  c.mv     x15, x10
#2235 0 80000076     853e r 0a         00000001  c.mv     x10, x15
#2236 0 80000078     40f2 r 01         80000074  c.lwsp   x1, 0x1c
#2237 0 8000007a     4462 r 08         f0040fb0  c.lwsp   x8, 0x18
#2238 0 8000007c     6105 r 02         f0040f90  c.addi16sp 0x2
#2239 0 8000007e     8082 r 00         00000000  c.jr     x1
#2240 0 80000074     87aa r 0f         00000001  c.mv     x15, x10
#2241 0 80000076     853e r 0a         00000001  c.mv     x10, x15
#2242 0 80000078     40f2 r 01         800000a6  c.lwsp   x1, 0x1c
#2243 0 8000007a     4462 r 08         f0040fe0  c.lwsp   x8, 0x18
#2244 0 8000007c     6105 r 02         f0040fb0  c.addi16sp 0x2
#2245 0 8000007e     8082 r 00         00000000  c.jr     x1
#2246 0 800000a6     872a r 0e         00000001  c.mv     x14, x10
#2247 0 800000a8     4785 r 0f         00000001  c.li     x15, 0x1
#2248 0 800000aa 00f71763 r 00         00000000  bne      x14, x15, . + 0xe
#2249 0 800000ae fec42783 r 0f         00000005  lw       x15, -0x14(x8)
#2250 0 800000b2     0785 r 0f         00000006  c.addi   x15, 0x1
#2251 0 800000b4 fef42623 m f0040fcc   00000006  sw       x15, -0x14(x8)
#2252 0 800000b8 fe842783 r 0f         00000008  lw       x15, -0x18(x8)
#2253 0 800000bc     0785 r 0f         00000009  c.addi   x15, 0x1
#2254 0 800000be fef42423 m f0040fc8   00000009  sw       x15, -0x18(x8)
#2255 0 800000c2 fe842783 r 0f         00000009  lw       x15, -0x18(x8)
#2256 0 800000c6 fdc42703 r 0e         00000009  lw       x14, -0x24(x8)
#2257 0 800000ca fce7e8e3 r 00         00000000  bltu     x15, x14, . - 0x30
#2258 0 800000ce fec42783 r 0f         00000006  lw       x15, -0x14(x8)
#2259 0 800000d2     853e r 0a         00000006  c.mv     x10, x15
#2260 0 800000d4     50b2 r 01         800000f4  c.lwsp   x1, 0x2c
#2261 0 800000d6     5422 r 08         f0041000  c.lwsp   x8, 0x28
#2262 0 800000d8     6145 r 02         f0040fe0  c.addi16sp 0x3
#2263 0 800000da     8082 r 00         00000000  c.jr     x1
#2264 0 800000f4 fec42783 r 0f         00000009  lw       x15, -0x14(x8)
#2265 0 800000f8     0785 r 0f         0000000a  c.addi   x15, 0x1
#2266 0 800000fa fef42623 m f0040fec   0000000a  sw       x15, -0x14(x8)
#2267 0 800000fe fec42703 r 0e         0000000a  lw       x14, -0x14(x8)
#2268 0 80000102     47a9 r 0f         0000000a  c.li     x15, 0xa
#2269 0 80000104 fee7d4e3 r 00         00000000  bge      x15, x14, . - 0x18
#2270 0 800000ec fec42783 r 0f         0000000a  lw       x15, -0x14(x8)
#2271 0 800000f0     853e r 0a         0000000a  c.mv     x10, x15
#2272 0 800000f2     3779 r 01         800000f4  c.jal    . - 0x72
#2273 0 80000080     7179 r 02         f0040fb0  c.addi16sp -0x3
#2274 0 80000082     d606 m f0040fdc   800000f4  c.swsp   x1, 0x2c
#2275 0 80000084     d422 m f0040fd8   f0041000  c.swsp   x8, 0x28
#2276 0 80000086     1800 r 08         f0040fe0  c.addi4spn  x8, 0xc
#2277 0 80000088 fca42e23 m f0040fbc   0000000a  sw       x10, -0x24(x8)
#2278 0 8000008c     4785 r 0f         00000001  c.li     x15, 0x1
#2279 0 8000008e fef42623 m f0040fcc   00000001  sw       x15, -0x14(x8)
#2280 0 80000092     4789 r 0f         00000002  c.li     x15, 0x2
#2281 0 80000094 fef42423 m f0040fc8   00000002  sw       x15, -0x18(x8)
#2282 0 80000098     a02d r 00         00000000  c.j      . + 0x2a
#2283 0 800000c2 fe842783 r 0f         00000002  lw       x15, -0x18(x8)
#2284 0 800000c6 fdc42703 r 0e         0000000a  lw       x14, -0x24(x8)
#2285 0 800000ca fce7e8e3 r 00         00000000  bltu     x15, x14, . - 0x30
#2286 0 8000009a fdc42783 r 0f         0000000a  lw       x15, -0x24(x8)
#2287 0 8000009e     85be r 0b         0000000a  c.mv     x11, x15
#2288 0 800000a0 fe842503 r 0a         00000002  lw       x10, -0x18(x8)
#2289 0 800000a4     3745 r 01         800000a6  c.jal    . - 0x60
#2290 0 80000044     1101 r 02         f0040f90  c.addi   x2, -0x20
#2291 0 80000046     ce06 m f0040fac   800000a6  c.swsp   x1, 0x1c
#2292 0 80000048     cc22 m f0040fa8   f0040fe0  c.swsp   x8, 0x18
#2293 0 8000004a     1000 r 08         f0040fb0  c.addi4spn  x8, 0x8
#2294 0 8000004c fea42623 m f0040f9c   00000002  sw       x10, -0x14(x8)
#2295 0 80000050 feb42423 m f0040f98   0000000a  sw       x11, -0x18(x8)
#2296 0 80000054 fec42783 r 0f         00000002  lw       x15, -0x14(x8)
#2297 0 80000058     e781 r 00         00000000  c.bnez   x15, . + 0x8
#2298 0 80000060 fe842703 r 0e         0000000a  lw       x14, -0x18(x8)
#2299 0 80000064 fec42783 r 0f         00000002  lw       x15, -0x14(x8)
#2300 0 80000068 02f767b3 r 0f         00000000  rem      x15, x14, x15
#2301 0 8000006c fec42583 r 0b         00000002  lw       x11, -0x14(x8)
#2302 0 80000070     853e r 0a         00000000  c.mv     x10, x15
#2303 0 80000072     3fc9 r 01         80000074  c.jal    . - 0x2e
#2304 0 80000044     1101 r 02         f0040f70  c.addi   x2, -0x20
#2305 0 80000046     ce06 m f0040f8c   80000074  c.swsp   x1, 0x1c
#2306 0 80000048     cc22 m f0040f88   f0040fb0  c.swsp   x8, 0x18
#2307 0 8000004a     1000 r 08         f0040f90  c.addi4spn  x8, 0x8
#2308 0 8000004c fea42623 m f0040f7c   00000000  sw       x10, -0x14(x8)
#2309 0 80000050 feb42423 m f0040f78   00000002  sw       x11, -0x18(x8)
#2310 0 80000054 fec42783 r 0f         00000000  lw       x15, -0x14(x8)
#2311 0 80000058     e781 r 00         00000000  c.bnez   x15, . + 0x8
#2312 0 8000005a fe842783 r 0f         00000002  lw       x15, -0x18(x8)
#2313 0 8000005e     a821 r 00         00000000  c.j      . + 0x18
#2314 0 80000076     853e r 0a         00000002  c.mv     x10, x15
#2315 0 80000078     40f2 r 01         80000074  c.lwsp   x1, 0x1c
#2316 0 8000007a     4462 r 08         f0040fb0  c.lwsp   x8, 0x18
#2317 0 8000007c     6105 r 02         f0040f90  c.addi16sp 0x2
#2318 0 8000007e     8082 r 00         00000000  c.jr     x1
#2319 0 80000074     87aa r 0f         00000002  c.mv     x15, x10
#2320 0 80000076     853e r 0a         00000002  c.mv     x10, x15
#2321 0 80000078     40f2 r 01         800000a6  c.lwsp   x1, 0x1c
#2322 0 8000007a     4462 r 08         f0040fe0  c.lwsp   x8, 0x18
#2323 0 8000007c     6105 r 02         f0040fb0  c.addi16sp 0x2
#2324 0 8000007e     8082 r 00         00000000  c.jr     x1
#2325 0 800000a6     872a r 0e         00000002  c.mv     x14, x10
#2326 0 800000a8     4785 r 0f         00000001  c.li     x15, 0x1
#2327 0 800000aa 00f71763 r 00         00000000  bne      x14, x15, . + 0xe
#2328 0 800000b8 fe842783 r 0f         00000002  lw       x15, -0x18(x8)
#2329 0 800000bc     0785 r 0f         00000003  c.addi   x15, 0x1
#2330 0 800000be fef42423 m f0040fc8   00000003  sw       x15, -0x18(x8)
#2331 0 800000c2 fe842783 r 0f         00000003  lw       x15, -0x18(x8)
#2332 0 800000c6 fdc42703 r 0e         0000000a  lw       x14, -0x24(x8)
#2333 0 800000ca fce7e8e3 r 00         00000000  bltu     x15, x14, . - 0x30
#2334 0 8000009a fdc42783 r 0f         0000000a  lw       x15, -0x24(x8)
#2335 0 8000009e     85be r 0b         0000000a  c.mv     x11, x15
#2336 0 800000a0 fe842503 r 0a         00000003  lw       x10, -0x18(x8)
#2337 0 800000a4     3745 r 01         800000a6  c.jal    . - 0x60
#2338 0 80000044     1101 r 02         f0040f90  c.addi   x2, -0x20
#2339 0 80000046     ce06 m f0040fac   800000a6  c.swsp   x1, 0x1c
#2340 0 80000048     cc22 m f0040fa8   f0040fe0  c.swsp   x8, 0x18
#2341 0 8000004a     1000 r 08         f0040fb0  c.addi4spn  x8, 0x8
#2342 0 8000004c fea42623 m f0040f9c   00000003  sw       x10, -0x14(x8)
#2343 0 80000050 feb42423 m f0040f98   0000000a  sw       x11, -0x18(x8)
#2344 0 80000054 fec42783 r 0f         00000003  lw       x15, -0x14(x8)
#2345 0 80000058     e781 r 00         00000000  c.bnez   x15, . + 0x8
#2346 0 80000060 fe842703 r 0e         0000000a  lw       x14, -0x18(x8)
#2347 0 80000064 fec42783 r 0f         00000003  lw       x15, -0x14(x8)
#2348 0 80000068 02f767b3 r 0f         00000001  rem      x15, x14, x15
#2349 0 8000006c fec42583 r 0b         00000003  lw       x11, -0x14(x8)
#2350 0 80000070     853e r 0a         00000001  c.mv     x10, x15
#2351 0 80000072     3fc9 r 01         80000074  c.jal    . - 0x2e
#2352 0 80000044     1101 r 02         f0040f70  c.addi   x2, -0x20
#2353 0 80000046     ce06 m f0040f8c   80000074  c.swsp   x1, 0x1c
#2354 0 80000048     cc22 m f0040f88   f0040fb0  c.swsp   x8, 0x18
#2355 0 8000004a     1000 r 08         f0040f90  c.addi4spn  x8, 0x8
#2356 0 8000004c fea42623 m f0040f7c   00000001  sw       x10, -0x14(x8)
#2357 0 80000050 feb42423 m f0040f78   00000003  sw       x11, -0x18(x8)
#2358 0 80000054 fec42783 r 0f         00000001  lw       x15, -0x14(x8)
#2359 0 80000058     e781 r 00         00000000  c.bnez   x15, . + 0x8
#2360 0 80000060 fe842703 r 0e         00000003  lw       x14, -0x18(x8)
#2361 0 80000064 fec42783 r 0f         00000001  lw       x15, -0x14(x8)
#2362 0 80000068 02f767b3 r 0f         00000000  rem      x15, x14, x15
#2363 0 8000006c fec42583 r 0b         00000001  lw       x11, -0x14(x8)
#2364 0 80000070     853e r 0a         00000000  c.mv     x10, x15
#2365 0 80000072     3fc9 r 01         80000074  c.jal    . - 0x2e
#2366 0 80000044     1101 r 02         f0040f50  c.addi   x2, -0x20
#2367 0 80000046     ce06 m f0040f6c   80000074  c.swsp   x1, 0x1c
#2368 0 80000048     cc22 m f0040f68   f0040f90  c.swsp   x8, 0x18
#2369 0 8000004a     1000 r 08         f0040f70  c.addi4spn  x8, 0x8
#2370 0 8000004c fea42623 m f0040f5c   00000000  sw       x10, -0x14(x8)
#2371 0 80000050 feb42423 m f0040f58   00000001  sw       x11, -0x18(x8)
#2372 0 80000054 fec42783 r 0f         00000000  lw       x15, -0x14(x8)
#2373 0 80000058     e781 r 00         00000000  c.bnez   x15, . + 0x8
#2374 0 8000005a fe842783 r 0f         00000001  lw       x15, -0x18(x8)
#2375 0 8000005e     a821 r 00         00000000  c.j      . + 0x18
#2376 0 80000076     853e r 0a         00000001  c.mv     x10, x15
#2377 0 80000078     40f2 r 01         80000074  c.lwsp   x1, 0x1c
#2378 0 8000007a     4462 r 08         f0040f90  c.lwsp   x8, 0x18
#2379 0 8000007c     6105 r 02         f0040f70  c.addi16sp 0x2
#2380 0 8000007e     8082 r 00         00000000  c.jr     x1
#2381 0 80000074     87aa r 0f         00000001  c.mv     x15, x10
#2382 0 80000076     853e r 0a         00000001  c.mv     x10, x15
#2383 0 80000078     40f2 r 01         80000074  c.lwsp   x1, 0x1c
#2384 0 8000007a     4462 r 08         f0040fb0  c.lwsp   x8, 0x18
#2385 0 8000007c     6105 r 02         f0040f90  c.addi16sp 0x2
#2386 0 8000007e     8082 r 00         00000000  c.jr     x1
#2387 0 80000074     87aa r 0f         00000001  c.mv     x15, x10
#2388 0 80000076     853e r 0a         00000001  c.mv     x10, x15
#2389 0 80000078     40f2 r 01         800000a6  c.lwsp   x1, 0x1c
#2390 0 8000007a     4462 r 08         f0040fe0  c.lwsp   x8, 0x18
#2391 0 8000007c     6105 r 02         f0040fb0  c.addi16sp 0x2
#2392 0 8000007e     8082 r 00         00000000  c.jr     x1
#2393 0 800000a6     872a r 0e         00000001  c.mv     x14, x10
#2394 0 800000a8     4785 r 0f         00000001  c.li     x15, 0x1
#2395 0 800000aa 00f71763 r 00         00000000  bne      x14, x15, . + 0xe
#2396 0 800000ae fec42783 r 0f         00000001  lw       x15, -0x14(x8)
#2397 0 800000b2     0785 r 0f         00000002  c.addi   x15, 0x1
#2398 0 800000b4 fef42623 m f0040fcc   00000002  sw       x15, -0x14(x8)
#2399 0 800000b8 fe842783 r 0f         00000003  lw       x15, -0x18(x8)
#2400 0 800000bc     0785 r 0f         00000004  c.addi   x15, 0x1
#2401 0 800000be fef42423 m f0040fc8   00000004  sw       x15, -0x18(x8)
#2402 0 800000c2 fe842783 r 0f         00000004  lw       x15, -0x18(x8)
#2403 0 800000c6 fdc42703 r 0e         0000000a  lw       x14, -0x24(x8)
#2404 0 800000ca fce7e8e3 r 00         00000000  bltu     x15, x14, . - 0x30
#2405 0 8000009a fdc42783 r 0f         0000000a  lw       x15, -0x24(x8)
#2406 0 8000009e     85be r 0b         0000000a  c.mv     x11, x15
#2407 0 800000a0 fe842503 r 0a         00000004  lw       x10, -0x18(x8)
#2408 0 800000a4     3745 r 01         800000a6  c.jal    . - 0x60
#2409 0 80000044     1101 r 02         f0040f90  c.addi   x2, -0x20
#2410 0 80000046     ce06 m f0040fac   800000a6  c.swsp   x1, 0x1c
#2411 0 80000048     cc22 m f0040fa8   f0040fe0  c.swsp   x8, 0x18
#2412 0 8000004a     1000 r 08         f0040fb0  c.addi4spn  x8, 0x8
#2413 0 8000004c fea42623 m f0040f9c   00000004  sw       x10, -0x14(x8)
#2414 0 80000050 feb42423 m f0040f98   0000000a  sw       x11, -0x18(x8)
#2415 0 80000054 fec42783 r 0f         00000004  lw       x15, -0x14(x8)
#2416 0 80000058     e781 r 00         00000000  c.bnez   x15, . + 0x8
#2417 0 80000060 fe842703 r 0e         0000000a  lw       x14, -0x18(x8)
#2418 0 80000064 fec42783 r 0f         00000004  lw       x15, -0x14(x8)
#2419 0 80000068 02f767b3 r 0f         00000002  rem      x15, x14, x15
#2420 0 8000006c fec42583 r 0b         00000004  lw       x11, -0x14(x8)
#2421 0 80000070     853e r 0a         00000002  c.mv     x10, x15
#2422 0 80000072     3fc9 r 01         80000074  c.jal    . - 0x2e
#2423 0 80000044     1101 r 02         f0040f70  c.addi   x2, -0x20
#2424 0 80000046     ce06 m f0040f8c   80000074  c.swsp   x1, 0x1c
#2425 0 80000048     cc22 m f0040f88   f0040fb0  c.swsp   x8, 0x18
#2426 0 8000004a     1000 r 08         f0040f90  c.addi4spn  x8, 0x8
#2427 0 8000004c fea42623 m f0040f7c   00000002  sw       x10, -0x14(x8)
#2428 0 80000050 feb42423 m f0040f78   00000004  sw       x11, -0x18(x8)
#2429 0 80000054 fec42783 r 0f         00000002  lw       x15, -0x14(x8)
#2430 0 80000058     e781 r 00         00000000  c.bnez   x15, . + 0x8
#2431 0 80000060 fe842703 r 0e         00000004  lw       x14, -0x18(x8)
#2432 0 80000064 fec42783 r 0f         00000002  lw       x15, -0x14(x8)
#2433 0 80000068 02f767b3 r 0f         00000000  rem      x15, x14, x15
#2434 0 8000006c fec42583 r 0b         00000002  lw       x11, -0x14(x8)
#2435 0 80000070     853e r 0a         00000000  c.mv     x10, x15
#2436 0 80000072     3fc9 r 01         80000074  c.jal    . - 0x2e
#2437 0 80000044     1101 r 02         f0040f50  c.addi   x2, -0x20
#2438 0 80000046     ce06 m f0040f6c   80000074  c.swsp   x1, 0x1c
#2439 0 80000048     cc22 m f0040f68   f0040f90  c.swsp   x8, 0x18
#2440 0 8000004a     1000 r 08         f0040f70  c.addi4spn  x8, 0x8
#2441 0 8000004c fea42623 m f0040f5c   00000000  sw       x10, -0x14(x8)
#2442 0 80000050 feb42423 m f0040f58   00000002  sw       x11, -0x18(x8)
#2443 0 80000054 fec42783 r 0f         00000000  lw       x15, -0x14(x8)
#2444 0 80000058     e781 r 00         00000000  c.bnez   x15, . + 0x8
#2445 0 8000005a fe842783 r 0f         00000002  lw       x15, -0x18(x8)
#2446 0 8000005e     a821 r 00         00000000  c.j      . + 0x18
#2447 0 80000076     853e r 0a         00000002  c.mv     x10, x15
#2448 0 80000078     40f2 r 01         80000074  c.lwsp   x1, 0x1c
#2449 0 8000007a     4462 r 08         f0040f90  c.lwsp   x8, 0x18
#2450 0 8000007c     6105 r 02         f0040f70  c.addi16sp 0x2
#2451 0 8000007e     8082 r 00         00000000  c.jr     x1
#2452 0 80000074     87aa r 0f         00000002  c.mv     x15, x10
#2453 0 80000076     853e r 0a         00000002  c.mv     x10, x15
#2454 0 80000078     40f2 r 01         80000074  c.lwsp   x1, 0x1c
#2455 0 8000007a     4462 r 08         f0040fb0  c.lwsp   x8, 0x18
#2456 0 8000007c     6105 r 02         f0040f90  c.addi16sp 0x2
#2457 0 8000007e     8082 r 00         00000000  c.jr     x1
#2458 0 80000074     87aa r 0f         00000002  c.mv     x15, x10
#2459 0 80000076     853e r 0a         00000002  c.mv     x10, x15
#2460 0 80000078     40f2 r 01         800000a6  c.lwsp   x1, 0x1c
#2461 0 8000007a     4462 r 08         f0040fe0  c.lwsp   x8, 0x18
#2462 0 8000007c     6105 r 02         f0040fb0  c.addi16sp 0x2
#2463 0 8000007e     8082 r 00         00000000  c.jr     x1
#2464 0 800000a6     872a r 0e         00000002  c.mv     x14, x10
#2465 0 800000a8     4785 r 0f         00000001  c.li     x15, 0x1
#2466 0 800000aa 00f71763 r 00         00000000  bne      x14, x15, . + 0xe
#2467 0 800000b8 fe842783 r 0f         00000004  lw       x15, -0x18(x8)
#2468 0 800000bc     0785 r 0f         00000005  c.addi   x15, 0x1
#2469 0 800000be fef42423 m f0040fc8   00000005  sw       x15, -0x18(x8)
#2470 0 800000c2 fe842783 r 0f         00000005  lw       x15, -0x18(x8)
#2471 0 800000c6 fdc42703 r 0e         0000000a  lw       x14, -0x24(x8)
#2472 0 800000ca fce7e8e3 r 00         00000000  bltu     x15, x14, . - 0x30
#2473 0 8000009a fdc42783 r 0f         0000000a  lw       x15, -0x24(x8)
#2474 0 8000009e     85be r 0b         0000000a  c.mv     x11, x15
#2475 0 800000a0 fe842503 r 0a         00000005  lw       x10, -0x18(x8)
#2476 0 800000a4     3745 r 01         800000a6  c.jal    . - 0x60
#2477 0 80000044     1101 r 02         f0040f90  c.addi   x2, -0x20
#2478 0 80000046     ce06 m f0040fac   800000a6  c.swsp   x1, 0x1c
#2479 0 80000048     cc22 m f0040fa8   f0040fe0  c.swsp   x8, 0x18
#2480 0 8000004a     1000 r 08         f0040fb0  c.addi4spn  x8, 0x8
#2481 0 8000004c fea42623 m f0040f9c   00000005  sw       x10, -0x14(x8)
#2482 0 80000050 feb42423 m f0040f98   0000000a  sw       x11, -0x18(x8)
#2483 0 80000054 fec42783 r 0f         00000005  lw       x15, -0x14(x8)
#2484 0 80000058     e781 r 00         00000000  c.bnez   x15, . + 0x8
#2485 0 80000060 fe842703 r 0e         0000000a  lw       x14, -0x18(x8)
#2486 0 80000064 fec42783 r 0f         00000005  lw       x15, -0x14(x8)
#2487 0 80000068 02f767b3 r 0f         00000000  rem      x15, x14, x15
#2488 0 8000006c fec42583 r 0b         00000005  lw       x11, -0x14(x8)
#2489 0 80000070     853e r 0a         00000000  c.mv     x10, x15
#2490 0 80000072     3fc9 r 01         80000074  c.jal    . - 0x2e
#2491 0 80000044     1101 r 02         f0040f70  c.addi   x2, -0x20
#2492 0 80000046     ce06 m f0040f8c   80000074  c.swsp   x1, 0x1c
#2493 0 80000048     cc22 m f0040f88   f0040fb0  c.swsp   x8, 0x18
#2494 0 8000004a     1000 r 08         f0040f90  c.addi4spn  x8, 0x8
#2495 0 8000004c fea42623 m f0040f7c   00000000  sw       x10, -0x14(x8)
#2496 0 80000050 feb42423 m f0040f78   00000005  sw       x11, -0x18(x8)
#2497 0 80000054 fec42783 r 0f         00000000  lw       x15, -0x14(x8)
#2498 0 80000058     e781 r 00         00000000  c.bnez   x15, . + 0x8
#2499 0 8000005a fe842783 r 0f         00000005  lw       x15, -0x18(x8)
#2500 0 8000005e     a821 r 00         00000000  c.j      . + 0x18
#2501 0 80000076     853e r 0a         00000005  c.mv     x10, x15
#2502 0 80000078     40f2 r 01         80000074  c.lwsp   x1, 0x1c
#2503 0 8000007a     4462 r 08         f0040fb0  c.lwsp   x8, 0x18
#2504 0 8000007c     6105 r 02         f0040f90  c.addi16sp 0x2
#2505 0 8000007e     8082 r 00         00000000  c.jr     x1
#2506 0 80000074     87aa r 0f         00000005  c.mv     x15, x10
#2507 0 80000076     853e r 0a         00000005  c.mv     x10, x15
#2508 0 80000078     40f2 r 01         800000a6  c.lwsp   x1, 0x1c
#2509 0 8000007a     4462 r 08         f0040fe0  c.lwsp   x8, 0x18
#2510 0 8000007c     6105 r 02         f0040fb0  c.addi16sp 0x2
#2511 0 8000007e     8082 r 00         00000000  c.jr     x1
#2512 0 800000a6     872a r 0e         00000005  c.mv     x14, x10
#2513 0 800000a8     4785 r 0f         00000001  c.li     x15, 0x1
#2514 0 800000aa 00f71763 r 00         00000000  bne      x14, x15, . + 0xe
#2515 0 800000b8 fe842783 r 0f         00000005  lw       x15, -0x18(x8)
#2516 0 800000bc     0785 r 0f         00000006  c.addi   x15, 0x1
#2517 0 800000be fef42423 m f0040fc8   00000006  sw       x15, -0x18(x8)
#2518 0 800000c2 fe842783 r 0f         00000006  lw       x15, -0x18(x8)
#2519 0 800000c6 fdc42703 r 0e         0000000a  lw       x14, -0x24(x8)
#2520 0 800000ca fce7e8e3 r 00         00000000  bltu     x15, x14, . - 0x30
#2521 0 8000009a fdc42783 r 0f         0000000a  lw       x15, -0x24(x8)
#2522 0 8000009e     85be r 0b         0000000a  c.mv     x11, x15
#2523 0 800000a0 fe842503 r 0a         00000006  lw       x10, -0x18(x8)
#2524 0 800000a4     3745 r 01         800000a6  c.jal    . - 0x60
#2525 0 80000044     1101 r 02         f0040f90  c.addi   x2, -0x20
#2526 0 80000046     ce06 m f0040fac   800000a6  c.swsp   x1, 0x1c
#2527 0 80000048     cc22 m f0040fa8   f0040fe0  c.swsp   x8, 0x18
#2528 0 8000004a     1000 r 08         f0040fb0  c.addi4spn  x8, 0x8
#2529 0 8000004c fea42623 m f0040f9c   00000006  sw       x10, -0x14(x8)
#2530 0 80000050 feb42423 m f0040f98   0000000a  sw       x11, -0x18(x8)
#2531 0 80000054 fec42783 r 0f         00000006  lw       x15, -0x14(x8)
#2532 0 80000058     e781 r 00         00000000  c.bnez   x15, . + 0x8
#2533 0 80000060 fe842703 r 0e         0000000a  lw       x14, -0x18(x8)
#2534 0 80000064 fec42783 r 0f         00000006  lw       x15, -0x14(x8)
#2535 0 80000068 02f767b3 r 0f         00000004  rem      x15, x14, x15
#2536 0 8000006c fec42583 r 0b         00000006  lw       x11, -0x14(x8)
#2537 0 80000070     853e r 0a         00000004  c.mv     x10, x15
#2538 0 80000072     3fc9 r 01         80000074  c.jal    . - 0x2e
#2539 0 80000044     1101 r 02         f0040f70  c.addi   x2, -0x20
#2540 0 80000046     ce06 m f0040f8c   80000074  c.swsp   x1, 0x1c
#2541 0 80000048     cc22 m f0040f88   f0040fb0  c.swsp   x8, 0x18
#2542 0 8000004a     1000 r 08         f0040f90  c.addi4spn  x8, 0x8
#2543 0 8000004c fea42623 m f0040f7c   00000004  sw       x10, -0x14(x8)
#2544 0 80000050 feb42423 m f0040f78   00000006  sw       x11, -0x18(x8)
#2545 0 80000054 fec42783 r 0f         00000004  lw       x15, -0x14(x8)
#2546 0 80000058     e781 r 00         00000000  c.bnez   x15, . + 0x8
#2547 0 80000060 fe842703 r 0e         00000006  lw       x14, -0x18(x8)
#2548 0 80000064 fec42783 r 0f         00000004  lw       x15, -0x14(x8)
#2549 0 80000068 02f767b3 r 0f         00000002  rem      x15, x14, x15
#2550 0 8000006c fec42583 r 0b         00000004  lw       x11, -0x14(x8)
#2551 0 80000070     853e r 0a         00000002  c.mv     x10, x15
#2552 0 80000072     3fc9 r 01         80000074  c.jal    . - 0x2e
#2553 0 80000044     1101 r 02         f0040f50  c.addi   x2, -0x20
#2554 0 80000046     ce06 m f0040f6c   80000074  c.swsp   x1, 0x1c
#2555 0 80000048     cc22 m f0040f68   f0040f90  c.swsp   x8, 0x18
#2556 0 8000004a     1000 r 08         f0040f70  c.addi4spn  x8, 0x8
#2557 0 8000004c fea42623 m f0040f5c   00000002  sw       x10, -0x14(x8)
#2558 0 80000050 feb42423 m f0040f58   00000004  sw       x11, -0x18(x8)
#2559 0 80000054 fec42783 r 0f         00000002  lw       x15, -0x14(x8)
#2560 0 80000058     e781 r 00         00000000  c.bnez   x15, . + 0x8
#2561 0 80000060 fe842703 r 0e         00000004  lw       x14, -0x18(x8)
#2562 0 80000064 fec42783 r 0f         00000002  lw       x15, -0x14(x8)
#2563 0 80000068 02f767b3 r 0f         00000000  rem      x15, x14, x15
#2564 0 8000006c fec42583 r 0b         00000002  lw       x11, -0x14(x8)
#2565 0 80000070     853e r 0a         00000000  c.mv     x10, x15
#2566 0 80000072     3fc9 r 01         80000074  c.jal    . - 0x2e
#2567 0 80000044     1101 r 02         f0040f30  c.addi   x2, -0x20
#2568 0 80000046     ce06 m f0040f4c   80000074  c.swsp   x1, 0x1c
#2569 0 80000048     cc22 m f0040f48   f0040f70  c.swsp   x8, 0x18
#2570 0 8000004a     1000 r 08         f0040f50  c.addi4spn  x8, 0x8
#2571 0 8000004c fea42623 m f0040f3c   00000000  sw       x10, -0x14(x8)
#2572 0 80000050 feb42423 m f0040f38   00000002  sw       x11, -0x18(x8)
#2573 0 80000054 fec42783 r 0f         00000000  lw       x15, -0x14(x8)
#2574 0 80000058     e781 r 00         00000000  c.bnez   x15, . + 0x8
#2575 0 8000005a fe842783 r 0f         00000002  lw       x15, -0x18(x8)
#2576 0 8000005e     a821 r 00         00000000  c.j      . + 0x18
#2577 0 80000076     853e r 0a         00000002  c.mv     x10, x15
#2578 0 80000078     40f2 r 01         80000074  c.lwsp   x1, 0x1c
#2579 0 8000007a     4462 r 08         f0040f70  c.lwsp   x8, 0x18
#2580 0 8000007c     6105 r 02         f0040f50  c.addi16sp 0x2
#2581 0 8000007e     8082 r 00         00000000  c.jr     x1
#2582 0 80000074     87aa r 0f         00000002  c.mv     x15, x10
#2583 0 80000076     853e r 0a         00000002  c.mv     x10, x15
#2584 0 80000078     40f2 r 01         80000074  c.lwsp   x1, 0x1c
#2585 0 8000007a     4462 r 08         f0040f90  c.lwsp   x8, 0x18
#2586 0 8000007c     6105 r 02         f0040f70  c.addi16sp 0x2
#2587 0 8000007e     8082 r 00         00000000  c.jr     x1
#2588 0 80000074     87aa r 0f         00000002  c.mv     x15, x10
#2589 0 80000076     853e r 0a         00000002  c.mv     x10, x15
#2590 0 80000078     40f2 r 01         80000074  c.lwsp   x1, 0x1c
#2591 0 8000007a     4462 r 08         f0040fb0  c.lwsp   x8, 0x18
#2592 0 8000007c     6105 r 02         f0040f90  c.addi16sp 0x2
#2593 0 8000007e     8082 r 00         00000000  c.jr     x1
#2594 0 80000074     87aa r 0f         00000002  c.mv     x15, x10
#2595 0 80000076     853e r 0a         00000002  c.mv     x10, x15
#2596 0 80000078     40f2 r 01         800000a6  c.lwsp   x1, 0x1c
#2597 0 8000007a     4462 r 08         f0040fe0  c.lwsp   x8, 0x18
#2598 0 8000007c     6105 r 02         f0040fb0  c.addi16sp 0x2
#2599 0 8000007e     8082 r 00         00000000  c.jr     x1
#2600 0 800000a6     872a r 0e         00000002  c.mv     x14, x10
#2601 0 800000a8     4785 r 0f         00000001  c.li     x15, 0x1
#2602 0 800000aa 00f71763 r 00         00000000  bne      x14, x15, . + 0xe
#2603 0 800000b8 fe842783 r 0f         00000006  lw       x15, -0x18(x8)
#2604 0 800000bc     0785 r 0f         00000007  c.addi   x15, 0x1
#2605 0 800000be fef42423 m f0040fc8   00000007  sw       x15, -0x18(x8)
#2606 0 800000c2 fe842783 r 0f         00000007  lw       x15, -0x18(x8)
#2607 0 800000c6 fdc42703 r 0e         0000000a  lw       x14, -0x24(x8)
#2608 0 800000ca fce7e8e3 r 00         00000000  bltu     x15, x14, . - 0x30
#2609 0 8000009a fdc42783 r 0f         0000000a  lw       x15, -0x24(x8)
#2610 0 8000009e     85be r 0b         0000000a  c.mv     x11, x15
#2611 0 800000a0 fe842503 r 0a         00000007  lw       x10, -0x18(x8)
#2612 0 800000a4     3745 r 01         800000a6  c.jal    . - 0x60
#2613 0 80000044     1101 r 02         f0040f90  c.addi   x2, -0x20
#2614 0 80000046     ce06 m f0040fac   800000a6  c.swsp   x1, 0x1c
#2615 0 80000048     cc22 m f0040fa8   f0040fe0  c.swsp   x8, 0x18
#2616 0 8000004a     1000 r 08         f0040fb0  c.addi4spn  x8, 0x8
#2617 0 8000004c fea42623 m f0040f9c   00000007  sw       x10, -0x14(x8)
#2618 0 80000050 feb42423 m f0040f98   0000000a  sw       x11, -0x18(x8)
#2619 0 80000054 fec42783 r 0f         00000007  lw       x15, -0x14(x8)
#2620 0 80000058     e781 r 00         00000000  c.bnez   x15, . + 0x8
#2621 0 80000060 fe842703 r 0e         0000000a  lw       x14, -0x18(x8)
#2622 0 80000064 fec42783 r 0f         00000007  lw       x15, -0x14(x8)
#2623 0 80000068 02f767b3 r 0f         00000003  rem      x15, x14, x15
#2624 0 8000006c fec42583 r 0b         00000007  lw       x11, -0x14(x8)
#2625 0 80000070     853e r 0a         00000003  c.mv     x10, x15
#2626 0 80000072     3fc9 r 01         80000074  c.jal    . - 0x2e
#2627 0 80000044     1101 r 02         f0040f70  c.addi   x2, -0x20
#2628 0 80000046     ce06 m f0040f8c   80000074  c.swsp   x1, 0x1c
#2629 0 80000048     cc22 m f0040f88   f0040fb0  c.swsp   x8, 0x18
#2630 0 8000004a     1000 r 08         f0040f90  c.addi4spn  x8, 0x8
#2631 0 8000004c fea42623 m f0040f7c   00000003  sw       x10, -0x14(x8)
#2632 0 80000050 feb42423 m f0040f78   00000007  sw       x11, -0x18(x8)
#2633 0 80000054 fec42783 r 0f         00000003  lw       x15, -0x14(x8)
#2634 0 80000058     e781 r 00         00000000  c.bnez   x15, . + 0x8
#2635 0 80000060 fe842703 r 0e         00000007  lw       x14, -0x18(x8)
#2636 0 80000064 fec42783 r 0f         00000003  lw       x15, -0x14(x8)
#2637 0 80000068 02f767b3 r 0f         00000001  rem      x15, x14, x15
#2638 0 8000006c fec42583 r 0b         00000003  lw       x11, -0x14(x8)
#2639 0 80000070     853e r 0a         00000001  c.mv     x10, x15
#2640 0 80000072     3fc9 r 01         80000074  c.jal    . - 0x2e
#2641 0 80000044     1101 r 02         f0040f50  c.addi   x2, -0x20
#2642 0 80000046     ce06 m f0040f6c   80000074  c.swsp   x1, 0x1c
#2643 0 80000048     cc22 m f0040f68   f0040f90  c.swsp   x8, 0x18
#2644 0 8000004a     1000 r 08         f0040f70  c.addi4spn  x8, 0x8
#2645 0 8000004c fea42623 m f0040f5c   00000001  sw       x10, -0x14(x8)
#2646 0 80000050 feb42423 m f0040f58   00000003  sw       x11, -0x18(x8)
#2647 0 80000054 fec42783 r 0f         00000001  lw       x15, -0x14(x8)
#2648 0 80000058     e781 r 00         00000000  c.bnez   x15, . + 0x8
#2649 0 80000060 fe842703 r 0e         00000003  lw       x14, -0x18(x8)
#2650 0 80000064 fec42783 r 0f         00000001  lw       x15, -0x14(x8)
#2651 0 80000068 02f767b3 r 0f         00000000  rem      x15, x14, x15
#2652 0 8000006c fec42583 r 0b         00000001  lw       x11, -0x14(x8)
#2653 0 80000070     853e r 0a         00000000  c.mv     x10, x15
#2654 0 80000072     3fc9 r 01         80000074  c.jal    . - 0x2e
#2655 0 80000044     1101 r 02         f0040f30  c.addi   x2, -0x20
#2656 0 80000046     ce06 m f0040f4c   80000074  c.swsp   x1, 0x1c
#2657 0 80000048     cc22 m f0040f48   f0040f70  c.swsp   x8, 0x18
#2658 0 8000004a     1000 r 08         f0040f50  c.addi4spn  x8, 0x8
#2659 0 8000004c fea42623 m f0040f3c   00000000  sw       x10, -0x14(x8)
#2660 0 80000050 feb42423 m f0040f38   00000001  sw       x11, -0x18(x8)
#2661 0 80000054 fec42783 r 0f         00000000  lw       x15, -0x14(x8)
#2662 0 80000058     e781 r 00         00000000  c.bnez   x15, . + 0x8
#2663 0 8000005a fe842783 r 0f         00000001  lw       x15, -0x18(x8)
#2664 0 8000005e     a821 r 00         00000000  c.j      . + 0x18
#2665 0 80000076     853e r 0a         00000001  c.mv     x10, x15
#2666 0 80000078     40f2 r 01         80000074  c.lwsp   x1, 0x1c
#2667 0 8000007a     4462 r 08         f0040f70  c.lwsp   x8, 0x18
#2668 0 8000007c     6105 r 02         f0040f50  c.addi16sp 0x2
#2669 0 8000007e     8082 r 00         00000000  c.jr     x1
#2670 0 80000074     87aa r 0f         00000001  c.mv     x15, x10
#2671 0 80000076     853e r 0a         00000001  c.mv     x10, x15
#2672 0 80000078     40f2 r 01         80000074  c.lwsp   x1, 0x1c
#2673 0 8000007a     4462 r 08         f0040f90  c.lwsp   x8, 0x18
#2674 0 8000007c     6105 r 02         f0040f70  c.addi16sp 0x2
#2675 0 8000007e     8082 r 00         00000000  c.jr     x1
#2676 0 80000074     87aa r 0f         00000001  c.mv     x15, x10
#2677 0 80000076     853e r 0a         00000001  c.mv     x10, x15
#2678 0 80000078     40f2 r 01         80000074  c.lwsp   x1, 0x1c
#2679 0 8000007a     4462 r 08         f0040fb0  c.lwsp   x8, 0x18
#2680 0 8000007c     6105 r 02         f0040f90  c.addi16sp 0x2
#2681 0 8000007e     8082 r 00         00000000  c.jr     x1
#2682 0 80000074     87aa r 0f         00000001  c.mv     x15, x10
#2683 0 80000076     853e r 0a         00000001  c.mv     x10, x15
#2684 0 80000078     40f2 r 01         800000a6  c.lwsp   x1, 0x1c
#2685 0 8000007a     4462 r 08         f0040fe0  c.lwsp   x8, 0x18
#2686 0 8000007c     6105 r 02         f0040fb0  c.addi16sp 0x2
#2687 0 8000007e     8082 r 00         00000000  c.jr     x1
#2688 0 800000a6     872a r 0e         00000001  c.mv     x14, x10
#2689 0 800000a8     4785 r 0f         00000001  c.li     x15, 0x1
#2690 0 800000aa 00f71763 r 00         00000000  bne      x14, x15, . + 0xe
#2691 0 800000ae fec42783 r 0f         00000002  lw       x15, -0x14(x8)
#2692 0 800000b2     0785 r 0f         00000003  c.addi   x15, 0x1
#2693 0 800000b4 fef42623 m f0040fcc   00000003  sw       x15, -0x14(x8)
#2694 0 800000b8 fe842783 r 0f         00000007  lw       x15, -0x18(x8)
#2695 0 800000bc     0785 r 0f         00000008  c.addi   x15, 0x1
#2696 0 800000be fef42423 m f0040fc8   00000008  sw       x15, -0x18(x8)
#2697 0 800000c2 fe842783 r 0f         00000008  lw       x15, -0x18(x8)
#2698 0 800000c6 fdc42703 r 0e         0000000a  lw       x14, -0x24(x8)
#2699 0 800000ca fce7e8e3 r 00         00000000  bltu     x15, x14, . - 0x30
#2700 0 8000009a fdc42783 r 0f         0000000a  lw       x15, -0x24(x8)
#2701 0 8000009e     85be r 0b         0000000a  c.mv     x11, x15
#2702 0 800000a0 fe842503 r 0a         00000008  lw       x10, -0x18(x8)
#2703 0 800000a4     3745 r 01         800000a6  c.jal    . - 0x60
#2704 0 80000044     1101 r 02         f0040f90  c.addi   x2, -0x20
#2705 0 80000046     ce06 m f0040fac   800000a6  c.swsp   x1, 0x1c
#2706 0 80000048     cc22 m f0040fa8   f0040fe0  c.swsp   x8, 0x18
#2707 0 8000004a     1000 r 08         f0040fb0  c.addi4spn  x8, 0x8
#2708 0 8000004c fea42623 m f0040f9c   00000008  sw       x10, -0x14(x8)
#2709 0 80000050 feb42423 m f0040f98   0000000a  sw       x11, -0x18(x8)
#2710 0 80000054 fec42783 r 0f         00000008  lw       x15, -0x14(x8)
#2711 0 80000058     e781 r 00         00000000  c.bnez   x15, . + 0x8
#2712 0 80000060 fe842703 r 0e         0000000a  lw       x14, -0x18(x8)
#2713 0 80000064 fec42783 r 0f         00000008  lw       x15, -0x14(x8)
#2714 0 80000068 02f767b3 r 0f         00000002  rem      x15, x14, x15
#2715 0 8000006c fec42583 r 0b         00000008  lw       x11, -0x14(x8)
#2716 0 80000070     853e r 0a         00000002  c.mv     x10, x15
#2717 0 80000072     3fc9 r 01         80000074  c.jal    . - 0x2e
#2718 0 80000044     1101 r 02         f0040f70  c.addi   x2, -0x20
#2719 0 80000046     ce06 m f0040f8c   80000074  c.swsp   x1, 0x1c
#2720 0 80000048     cc22 m f0040f88   f0040fb0  c.swsp   x8, 0x18
#2721 0 8000004a     1000 r 08         f0040f90  c.addi4spn  x8, 0x8
#2722 0 8000004c fea42623 m f0040f7c   00000002  sw       x10, -0x14(x8)
#2723 0 80000050 feb42423 m f0040f78   00000008  sw       x11, -0x18(x8)
#2724 0 80000054 fec42783 r 0f         00000002  lw       x15, -0x14(x8)
#2725 0 80000058     e781 r 00         00000000  c.bnez   x15, . + 0x8
#2726 0 80000060 fe842703 r 0e         00000008  lw       x14, -0x18(x8)
#2727 0 80000064 fec42783 r 0f         00000002  lw       x15, -0x14(x8)
#2728 0 80000068 02f767b3 r 0f         00000000  rem      x15, x14, x15
#2729 0 8000006c fec42583 r 0b         00000002  lw       x11, -0x14(x8)
#2730 0 80000070     853e r 0a         00000000  c.mv     x10, x15
#2731 0 80000072     3fc9 r 01         80000074  c.jal    . - 0x2e
#2732 0 80000044     1101 r 02         f0040f50  c.addi   x2, -0x20
#2733 0 80000046     ce06 m f0040f6c   80000074  c.swsp   x1, 0x1c
#2734 0 80000048     cc22 m f0040f68   f0040f90  c.swsp   x8, 0x18
#2735 0 8000004a     1000 r 08         f0040f70  c.addi4spn  x8, 0x8
#2736 0 8000004c fea42623 m f0040f5c   00000000  sw       x10, -0x14(x8)
#2737 0 80000050 feb42423 m f0040f58   00000002  sw       x11, -0x18(x8)
#2738 0 80000054 fec42783 r 0f         00000000  lw       x15, -0x14(x8)
#2739 0 80000058     e781 r 00         00000000  c.bnez   x15, . + 0x8
#2740 0 8000005a fe842783 r 0f         00000002  lw       x15, -0x18(x8)
#2741 0 8000005e     a821 r 00         00000000  c.j      . + 0x18
#2742 0 80000076     853e r 0a         00000002  c.mv     x10, x15
#2743 0 80000078     40f2 r 01         80000074  c.lwsp   x1, 0x1c
#2744 0 8000007a     4462 r 08         f0040f90  c.lwsp   x8, 0x18
#2745 0 8000007c     6105 r 02         f0040f70  c.addi16sp 0x2
#2746 0 8000007e     8082 r 00         00000000  c.jr     x1
#2747 0 80000074     87aa r 0f         00000002  c.mv     x15, x10
#2748 0 80000076     853e r 0a         00000002  c.mv     x10, x15
#2749 0 80000078     40f2 r 01         80000074  c.lwsp   x1, 0x1c
#2750 0 8000007a     4462 r 08         f0040fb0  c.lwsp   x8, 0x18
#2751 0 8000007c     6105 r 02         f0040f90  c.addi16sp 0x2
#2752 0 8000007e     8082 r 00         00000000  c.jr     x1
#2753 0 80000074     87aa r 0f         00000002  c.mv     x15, x10
#2754 0 80000076     853e r 0a         00000002  c.mv     x10, x15
#2755 0 80000078     40f2 r 01         800000a6  c.lwsp   x1, 0x1c
#2756 0 8000007a     4462 r 08         f0040fe0  c.lwsp   x8, 0x18
#2757 0 8000007c     6105 r 02         f0040fb0  c.addi16sp 0x2
#2758 0 8000007e     8082 r 00         00000000  c.jr     x1
#2759 0 800000a6     872a r 0e         00000002  c.mv     x14, x10
#2760 0 800000a8     4785 r 0f         00000001  c.li     x15, 0x1
#2761 0 800000aa 00f71763 r 00         00000000  bne      x14, x15, . + 0xe
#2762 0 800000b8 fe842783 r 0f         00000008  lw       x15, -0x18(x8)
#2763 0 800000bc     0785 r 0f         00000009  c.addi   x15, 0x1
#2764 0 800000be fef42423 m f0040fc8   00000009  sw       x15, -0x18(x8)
#2765 0 800000c2 fe842783 r 0f         00000009  lw       x15, -0x18(x8)
#2766 0 800000c6 fdc42703 r 0e         0000000a  lw       x14, -0x24(x8)
#2767 0 800000ca fce7e8e3 r 00         00000000  bltu     x15, x14, . - 0x30
#2768 0 8000009a fdc42783 r 0f         0000000a  lw       x15, -0x24(x8)
#2769 0 8000009e     85be r 0b         0000000a  c.mv     x11, x15
#2770 0 800000a0 fe842503 r 0a         00000009  lw       x10, -0x18(x8)
#2771 0 800000a4     3745 r 01         800000a6  c.jal    . - 0x60
#2772 0 80000044     1101 r 02         f0040f90  c.addi   x2, -0x20
#2773 0 80000046     ce06 m f0040fac   800000a6  c.swsp   x1, 0x1c
#2774 0 80000048     cc22 m f0040fa8   f0040fe0  c.swsp   x8, 0x18
#2775 0 8000004a     1000 r 08         f0040fb0  c.addi4spn  x8, 0x8
#2776 0 8000004c fea42623 m f0040f9c   00000009  sw       x10, -0x14(x8)
#2777 0 80000050 feb42423 m f0040f98   0000000a  sw       x11, -0x18(x8)
#2778 0 80000054 fec42783 r 0f         00000009  lw       x15, -0x14(x8)
#2779 0 80000058     e781 r 00         00000000  c.bnez   x15, . + 0x8
#2780 0 80000060 fe842703 r 0e         0000000a  lw       x14, -0x18(x8)
#2781 0 80000064 fec42783 r 0f         00000009  lw       x15, -0x14(x8)
#2782 0 80000068 02f767b3 r 0f         00000001  rem      x15, x14, x15
#2783 0 8000006c fec42583 r 0b         00000009  lw       x11, -0x14(x8)
#2784 0 80000070     853e r 0a         00000001  c.mv     x10, x15
#2785 0 80000072     3fc9 r 01         80000074  c.jal    . - 0x2e
#2786 0 80000044     1101 r 02         f0040f70  c.addi   x2, -0x20
#2787 0 80000046     ce06 m f0040f8c   80000074  c.swsp   x1, 0x1c
#2788 0 80000048     cc22 m f0040f88   f0040fb0  c.swsp   x8, 0x18
#2789 0 8000004a     1000 r 08         f0040f90  c.addi4spn  x8, 0x8
#2790 0 8000004c fea42623 m f0040f7c   00000001  sw       x10, -0x14(x8)
#2791 0 80000050 feb42423 m f0040f78   00000009  sw       x11, -0x18(x8)
#2792 0 80000054 fec42783 r 0f         00000001  lw       x15, -0x14(x8)
#2793 0 80000058     e781 r 00         00000000  c.bnez   x15, . + 0x8
#2794 0 80000060 fe842703 r 0e         00000009  lw       x14, -0x18(x8)
#2795 0 80000064 fec42783 r 0f         00000001  lw       x15, -0x14(x8)
#2796 0 80000068 02f767b3 r 0f         00000000  rem      x15, x14, x15
#2797 0 8000006c fec42583 r 0b         00000001  lw       x11, -0x14(x8)
#2798 0 80000070     853e r 0a         00000000  c.mv     x10, x15
#2799 0 80000072     3fc9 r 01         80000074  c.jal    . - 0x2e
#2800 0 80000044     1101 r 02         f0040f50  c.addi   x2, -0x20
#2801 0 80000046     ce06 m f0040f6c   80000074  c.swsp   x1, 0x1c
#2802 0 80000048     cc22 m f0040f68   f0040f90  c.swsp   x8, 0x18
#2803 0 8000004a     1000 r 08         f0040f70  c.addi4spn  x8, 0x8
#2804 0 8000004c fea42623 m f0040f5c   00000000  sw       x10, -0x14(x8)
#2805 0 80000050 feb42423 m f0040f58   00000001  sw       x11, -0x18(x8)
#2806 0 80000054 fec42783 r 0f         00000000  lw       x15, -0x14(x8)
#2807 0 80000058     e781 r 00         00000000  c.bnez   x15, . + 0x8
#2808 0 8000005a fe842783 r 0f         00000001  lw       x15, -0x18(x8)
#2809 0 8000005e     a821 r 00         00000000  c.j      . + 0x18
#2810 0 80000076     853e r 0a         00000001  c.mv     x10, x15
#2811 0 80000078     40f2 r 01         80000074  c.lwsp   x1, 0x1c
#2812 0 8000007a     4462 r 08         f0040f90  c.lwsp   x8, 0x18
#2813 0 8000007c     6105 r 02         f0040f70  c.addi16sp 0x2
#2814 0 8000007e     8082 r 00         00000000  c.jr     x1
#2815 0 80000074     87aa r 0f         00000001  c.mv     x15, x10
#2816 0 80000076     853e r 0a         00000001  c.mv     x10, x15
#2817 0 80000078     40f2 r 01         80000074  c.lwsp   x1, 0x1c
#2818 0 8000007a     4462 r 08         f0040fb0  c.lwsp   x8, 0x18
#2819 0 8000007c     6105 r 02         f0040f90  c.addi16sp 0x2
#2820 0 8000007e     8082 r 00         00000000  c.jr     x1
#2821 0 80000074     87aa r 0f         00000001  c.mv     x15, x10
#2822 0 80000076     853e r 0a         00000001  c.mv     x10, x15
#2823 0 80000078     40f2 r 01         800000a6  c.lwsp   x1, 0x1c
#2824 0 8000007a     4462 r 08         f0040fe0  c.lwsp   x8, 0x18
#2825 0 8000007c     6105 r 02         f0040fb0  c.addi16sp 0x2
#2826 0 8000007e     8082 r 00         00000000  c.jr     x1
#2827 0 800000a6     872a r 0e         00000001  c.mv     x14, x10
#2828 0 800000a8     4785 r 0f         00000001  c.li     x15, 0x1
#2829 0 800000aa 00f71763 r 00         00000000  bne      x14, x15, . + 0xe
#2830 0 800000ae fec42783 r 0f         00000003  lw       x15, -0x14(x8)
#2831 0 800000b2     0785 r 0f         00000004  c.addi   x15, 0x1
#2832 0 800000b4 fef42623 m f0040fcc   00000004  sw       x15, -0x14(x8)
#2833 0 800000b8 fe842783 r 0f         00000009  lw       x15, -0x18(x8)
#2834 0 800000bc     0785 r 0f         0000000a  c.addi   x15, 0x1
#2835 0 800000be fef42423 m f0040fc8   0000000a  sw       x15, -0x18(x8)
#2836 0 800000c2 fe842783 r 0f         0000000a  lw       x15, -0x18(x8)
#2837 0 800000c6 fdc42703 r 0e         0000000a  lw       x14, -0x24(x8)
#2838 0 800000ca fce7e8e3 r 00         00000000  bltu     x15, x14, . - 0x30
#2839 0 800000ce fec42783 r 0f         00000004  lw       x15, -0x14(x8)
#2840 0 800000d2     853e r 0a         00000004  c.mv     x10, x15
#2841 0 800000d4     50b2 r 01         800000f4  c.lwsp   x1, 0x2c
#2842 0 800000d6     5422 r 08         f0041000  c.lwsp   x8, 0x28
#2843 0 800000d8     6145 r 02         f0040fe0  c.addi16sp 0x3
#2844 0 800000da     8082 r 00         00000000  c.jr     x1
#2845 0 800000f4 fec42783 r 0f         0000000a  lw       x15, -0x14(x8)
#2846 0 800000f8     0785 r 0f         0000000b  c.addi   x15, 0x1
#2847 0 800000fa fef42623 m f0040fec   0000000b  sw       x15, -0x14(x8)
#2848 0 800000fe fec42703 r 0e         0000000b  lw       x14, -0x14(x8)
#2849 0 80000102     47a9 r 0f         0000000a  c.li     x15, 0xa
#2850 0 80000104 fee7d4e3 r 00         00000000  bge      x15, x14, . - 0x18
#2851 0 80000108     0001 r 00         00000000  c.nop
#2852 0 8000010a     0001 r 00         00000000  c.nop
#2853 0 8000010c     40f2 r 01         80000016  c.lwsp   x1, 0x1c
#2854 0 8000010e     4462 r 08         00000000  c.lwsp   x8, 0x18
#2855 0 80000110     6105 r 02         f0041000  c.addi16sp 0x2
#2856 0 80000112     8082 r 00         00000000  c.jr     x1
#2857 0 80000016 50580297 r 05         d0580016  auipc    x5, 0x50580
#2858 0 8000001a fea28293 r 05         d0580000  addi     x5, x5, -0x16
#2859 0 8000001e 0ff00313 r 06         000000ff  addi     x6, x0, 0xff
#2860 0 80000022 00628023 m d0580000   000000ff  sb       x6, 0x0(x5)
