#1 0 80000000 595552b7 r 05         59555000  lui      x5, 0x59555
#2 0 80000004 55528293 r 05         59555555  addi     x5, x5, 0x555
#3 0 80000008 7c029073 c 07c0       59555555  csrrw    x0, mrac, x5
#4 0 8000000c 70041117 r 02         f004100c  auipc    x2, 0x70041
#5 0 80000010 02410113 r 02         f0041030  addi     x2, x2, 0x24
#6 0 80000014 0a6000ef r 01         80000018  jal      x1, . + 0xa6
#7 0 800000ba     7139 r 02         f0040ff0  c.addi16sp -0x4
#8 0 800000bc     de06 m f004102c   80000018  c.swsp   x1, 0x3c
#9 0 800000be     dc22 m f0041028   00000000  c.swsp   x8, 0x38
#10 0 800000c0     0080 r 08         f0041030  c.addi4spn  x8, 0x10
#11 0 800000c2     47ad r 0f         0000000b  c.li     x15, 0xb
#12 0 800000c4 fef42623 m f004101c   0000000b  sw       x15, -0x14(x8)
#13 0 800000c8 f00407b7 r 0f         f0040000  lui      x15, -0xffc0
#14 0 800000cc 00078793 r 0f         f0040000  addi     x15, x15, 0x0
#15 0 800000d0 0007ae83 r 1d         00000001  lw       x29, 0x0(x15)
#16 0 800000d4 0047ae03 r 1c         00000002  lw       x28, 0x4(x15)
#17 0 800000d8 0087a303 r 06         00000003  lw       x6, 0x8(x15)
#18 0 800000dc 00c7a883 r 11         00000004  lw       x17, 0xc(x15)
#19 0 800000e0 0107a803 r 10         00000005  lw       x16, 0x10(x15)
#20 0 800000e4     4bc8 r 0a         00000006  c.lw     x10, 0x14(x15)
#21 0 800000e6     4f8c r 0b         00000007  c.lw     x11, 0x18(x15)
#22 0 800000e8     4fd0 r 0c         00000008  c.lw     x12, 0x1c(x15)
#23 0 800000ea     5394 r 0d         00000009  c.lw     x13, 0x20(x15)
#24 0 800000ec     53d8 r 0e         0000000a  c.lw     x14, 0x24(x15)
#25 0 800000ee     579c r 0f         0000000b  c.lw     x15, 0x28(x15)
#26 0 800000f0 fdd42023 m f0040ff0   00000001  sw       x29, -0x40(x8)
#27 0 800000f4 fdc42223 m f0040ff4   00000002  sw       x28, -0x3c(x8)
#28 0 800000f8 fc642423 m f0040ff8   00000003  sw       x6, -0x38(x8)
#29 0 800000fc fd142623 m f0040ffc   00000004  sw       x17, -0x34(x8)
#30 0 80000100 fd042823 m f0041000   00000005  sw       x16, -0x30(x8)
#31 0 80000104 fca42a23 m f0041004   00000006  sw       x10, -0x2c(x8)
#32 0 80000108 fcb42c23 m f0041008   00000007  sw       x11, -0x28(x8)
#33 0 8000010c fcc42e23 m f004100c   00000008  sw       x12, -0x24(x8)
#34 0 80000110 fed42023 m f0041010   00000009  sw       x13, -0x20(x8)
#35 0 80000114 fee42223 m f0041014   0000000a  sw       x14, -0x1c(x8)
#36 0 80000118 fef42423 m f0041018   0000000b  sw       x15, -0x18(x8)
#37 0 8000011c fc040793 r 0f         f0040ff0  addi     x15, x8, -0x40
#38 0 80000120 fec42583 r 0b         0000000b  lw       x11, -0x14(x8)
#39 0 80000124     853e r 0a         f0040ff0  c.mv     x10, x15
#40 0 80000126     3705 r 01         80000128  c.jal    . - 0xe0
#41 0 80000046     7179 r 02         f0040fc0  c.addi16sp -0x3
#42 0 80000048     d622 m f0040fec   f0041030  c.swsp   x8, 0x2c
#43 0 8000004a     1800 r 08         f0040ff0  c.addi4spn  x8, 0xc
#44 0 8000004c fca42e23 m f0040fcc   f0040ff0  sw       x10, -0x24(x8)
#45 0 80000050 fcb42c23 m f0040fc8   0000000b  sw       x11, -0x28(x8)
#46 0 80000054 fe042423 m f0040fd8   00000000  sw       x0, -0x18(x8)
#47 0 80000058 fe042223 m f0040fd4   00000000  sw       x0, -0x1c(x8)
#48 0 8000005c fe042623 m f0040fdc   00000000  sw       x0, -0x14(x8)
#49 0 80000060     a091 r 00         00000000  c.j      . + 0x44
#50 0 800000a4 fec42703 r 0e         00000000  lw       x14, -0x14(x8)
#51 0 800000a8 fd842783 r 0f         0000000b  lw       x15, -0x28(x8)
#52 0 800000ac faf74be3 r 00         00000000  blt      x14, x15, . - 0x4a
#53 0 80000062 fec42783 r 0f         00000000  lw       x15, -0x14(x8)
#54 0 80000066     078a r 0f         00000000  c.slli   x15, 2
#55 0 80000068 fdc42703 r 0e         f0040ff0  lw       x14, -0x24(x8)
#56 0 8000006c     97ba r 0f         f0040ff0  c.add    x15, x14
#57 0 8000006e     439c r 0f         00000001  c.lw     x15, 0x0(x15)
#58 0 80000070 fe442703 r 0e         00000000  lw       x14, -0x1c(x8)
#59 0 80000074     97ba r 0f         00000001  c.add    x15, x14
#60 0 80000076 fef42223 m f0040fd4   00000001  sw       x15, -0x1c(x8)
#61 0 8000007a fe442783 r 0f         00000001  lw       x15, -0x1c(x8)
#62 0 8000007e 0007d463 r 00         00000000  bge      x15, x0, . + 0x8
#63 0 80000086 fe842703 r 0e         00000000  lw       x14, -0x18(x8)
#64 0 8000008a fe442783 r 0f         00000001  lw       x15, -0x1c(x8)
#65 0 8000008e 00f75663 r 00         00000000  bge      x14, x15, . + 0xc
#66 0 80000092 fe442783 r 0f         00000001  lw       x15, -0x1c(x8)
#67 0 80000096 fef42423 m f0040fd8   00000001  sw       x15, -0x18(x8)
#68 0 8000009a fec42783 r 0f         00000000  lw       x15, -0x14(x8)
#69 0 8000009e     0785 r 0f         00000001  c.addi   x15, 0x1
#70 0 800000a0 fef42623 m f0040fdc   00000001  sw       x15, -0x14(x8)
#71 0 800000a4 fec42703 r 0e         00000001  lw       x14, -0x14(x8)
#72 0 800000a8 fd842783 r 0f         0000000b  lw       x15, -0x28(x8)
#73 0 800000ac faf74be3 r 00         00000000  blt      x14, x15, . - 0x4a
#74 0 80000062 fec42783 r 0f         00000001  lw       x15, -0x14(x8)
#75 0 80000066     078a r 0f         00000004  c.slli   x15, 2
#76 0 80000068 fdc42703 r 0e         f0040ff0  lw       x14, -0x24(x8)
#77 0 8000006c     97ba r 0f         f0040ff4  c.add    x15, x14
#78 0 8000006e     439c r 0f         00000002  c.lw     x15, 0x0(x15)
#79 0 80000070 fe442703 r 0e         00000001  lw       x14, -0x1c(x8)
#80 0 80000074     97ba r 0f         00000003  c.add    x15, x14
#81 0 80000076 fef42223 m f0040fd4   00000003  sw       x15, -0x1c(x8)
#82 0 8000007a fe442783 r 0f         00000003  lw       x15, -0x1c(x8)
#83 0 8000007e 0007d463 r 00         00000000  bge      x15, x0, . + 0x8
#84 0 80000086 fe842703 r 0e         00000001  lw       x14, -0x18(x8)
#85 0 8000008a fe442783 r 0f         00000003  lw       x15, -0x1c(x8)
#86 0 8000008e 00f75663 r 00         00000000  bge      x14, x15, . + 0xc
#87 0 80000092 fe442783 r 0f         00000003  lw       x15, -0x1c(x8)
#88 0 80000096 fef42423 m f0040fd8   00000003  sw       x15, -0x18(x8)
#89 0 8000009a fec42783 r 0f         00000001  lw       x15, -0x14(x8)
#90 0 8000009e     0785 r 0f         00000002  c.addi   x15, 0x1
#91 0 800000a0 fef42623 m f0040fdc   00000002  sw       x15, -0x14(x8)
#92 0 800000a4 fec42703 r 0e         00000002  lw       x14, -0x14(x8)
#93 0 800000a8 fd842783 r 0f         0000000b  lw       x15, -0x28(x8)
#94 0 800000ac faf74be3 r 00         00000000  blt      x14, x15, . - 0x4a
#95 0 80000062 fec42783 r 0f         00000002  lw       x15, -0x14(x8)
#96 0 80000066     078a r 0f         00000008  c.slli   x15, 2
#97 0 80000068 fdc42703 r 0e         f0040ff0  lw       x14, -0x24(x8)
#98 0 8000006c     97ba r 0f         f0040ff8  c.add    x15, x14
#99 0 8000006e     439c r 0f         00000003  c.lw     x15, 0x0(x15)
#100 0 80000070 fe442703 r 0e         00000003  lw       x14, -0x1c(x8)
#101 0 80000074     97ba r 0f         00000006  c.add    x15, x14
#102 0 80000076 fef42223 m f0040fd4   00000006  sw       x15, -0x1c(x8)
#103 0 8000007a fe442783 r 0f         00000006  lw       x15, -0x1c(x8)
#104 0 8000007e 0007d463 r 00         00000000  bge      x15, x0, . + 0x8
#105 0 80000086 fe842703 r 0e         00000003  lw       x14, -0x18(x8)
#106 0 8000008a fe442783 r 0f         00000006  lw       x15, -0x1c(x8)
#107 0 8000008e 00f75663 r 00         00000000  bge      x14, x15, . + 0xc
#108 0 80000092 fe442783 r 0f         00000006  lw       x15, -0x1c(x8)
#109 0 80000096 fef42423 m f0040fd8   00000006  sw       x15, -0x18(x8)
#110 0 8000009a fec42783 r 0f         00000002  lw       x15, -0x14(x8)
#111 0 8000009e     0785 r 0f         00000003  c.addi   x15, 0x1
#112 0 800000a0 fef42623 m f0040fdc   00000003  sw       x15, -0x14(x8)
#113 0 800000a4 fec42703 r 0e         00000003  lw       x14, -0x14(x8)
#114 0 800000a8 fd842783 r 0f         0000000b  lw       x15, -0x28(x8)
#115 0 800000ac faf74be3 r 00         00000000  blt      x14, x15, . - 0x4a
#116 0 80000062 fec42783 r 0f         00000003  lw       x15, -0x14(x8)
#117 0 80000066     078a r 0f         0000000c  c.slli   x15, 2
#118 0 80000068 fdc42703 r 0e         f0040ff0  lw       x14, -0x24(x8)
#119 0 8000006c     97ba r 0f         f0040ffc  c.add    x15, x14
#120 0 8000006e     439c r 0f         00000004  c.lw     x15, 0x0(x15)
#121 0 80000070 fe442703 r 0e         00000006  lw       x14, -0x1c(x8)
#122 0 80000074     97ba r 0f         0000000a  c.add    x15, x14
#123 0 80000076 fef42223 m f0040fd4   0000000a  sw       x15, -0x1c(x8)
#124 0 8000007a fe442783 r 0f         0000000a  lw       x15, -0x1c(x8)
#125 0 8000007e 0007d463 r 00         00000000  bge      x15, x0, . + 0x8
#126 0 80000086 fe842703 r 0e         00000006  lw       x14, -0x18(x8)
#127 0 8000008a fe442783 r 0f         0000000a  lw       x15, -0x1c(x8)
#128 0 8000008e 00f75663 r 00         00000000  bge      x14, x15, . + 0xc
#129 0 80000092 fe442783 r 0f         0000000a  lw       x15, -0x1c(x8)
#130 0 80000096 fef42423 m f0040fd8   0000000a  sw       x15, -0x18(x8)
#131 0 8000009a fec42783 r 0f         00000003  lw       x15, -0x14(x8)
#132 0 8000009e     0785 r 0f         00000004  c.addi   x15, 0x1
#133 0 800000a0 fef42623 m f0040fdc   00000004  sw       x15, -0x14(x8)
#134 0 800000a4 fec42703 r 0e         00000004  lw       x14, -0x14(x8)
#135 0 800000a8 fd842783 r 0f         0000000b  lw       x15, -0x28(x8)
#136 0 800000ac faf74be3 r 00         00000000  blt      x14, x15, . - 0x4a
#137 0 80000062 fec42783 r 0f         00000004  lw       x15, -0x14(x8)
#138 0 80000066     078a r 0f         00000010  c.slli   x15, 2
#139 0 80000068 fdc42703 r 0e         f0040ff0  lw       x14, -0x24(x8)
#140 0 8000006c     97ba r 0f         f0041000  c.add    x15, x14
#141 0 8000006e     439c r 0f         00000005  c.lw     x15, 0x0(x15)
#142 0 80000070 fe442703 r 0e         0000000a  lw       x14, -0x1c(x8)
#143 0 80000074     97ba r 0f         0000000f  c.add    x15, x14
#144 0 80000076 fef42223 m f0040fd4   0000000f  sw       x15, -0x1c(x8)
#145 0 8000007a fe442783 r 0f         0000000f  lw       x15, -0x1c(x8)
#146 0 8000007e 0007d463 r 00         00000000  bge      x15, x0, . + 0x8
#147 0 80000086 fe842703 r 0e         0000000a  lw       x14, -0x18(x8)
#148 0 8000008a fe442783 r 0f         0000000f  lw       x15, -0x1c(x8)
#149 0 8000008e 00f75663 r 00         00000000  bge      x14, x15, . + 0xc
#150 0 80000092 fe442783 r 0f         0000000f  lw       x15, -0x1c(x8)
#151 0 80000096 fef42423 m f0040fd8   0000000f  sw       x15, -0x18(x8)
#152 0 8000009a fec42783 r 0f         00000004  lw       x15, -0x14(x8)
#153 0 8000009e     0785 r 0f         00000005  c.addi   x15, 0x1
#154 0 800000a0 fef42623 m f0040fdc   00000005  sw       x15, -0x14(x8)
#155 0 800000a4 fec42703 r 0e         00000005  lw       x14, -0x14(x8)
#156 0 800000a8 fd842783 r 0f         0000000b  lw       x15, -0x28(x8)
#157 0 800000ac faf74be3 r 00         00000000  blt      x14, x15, . - 0x4a
#158 0 80000062 fec42783 r 0f         00000005  lw       x15, -0x14(x8)
#159 0 80000066     078a r 0f         00000014  c.slli   x15, 2
#160 0 80000068 fdc42703 r 0e         f0040ff0  lw       x14, -0x24(x8)
#161 0 8000006c     97ba r 0f         f0041004  c.add    x15, x14
#162 0 8000006e     439c r 0f         00000006  c.lw     x15, 0x0(x15)
#163 0 80000070 fe442703 r 0e         0000000f  lw       x14, -0x1c(x8)
#164 0 80000074     97ba r 0f         00000015  c.add    x15, x14
#165 0 80000076 fef42223 m f0040fd4   00000015  sw       x15, -0x1c(x8)
#166 0 8000007a fe442783 r 0f         00000015  lw       x15, -0x1c(x8)
#167 0 8000007e 0007d463 r 00         00000000  bge      x15, x0, . + 0x8
#168 0 80000086 fe842703 r 0e         0000000f  lw       x14, -0x18(x8)
#169 0 8000008a fe442783 r 0f         00000015  lw       x15, -0x1c(x8)
#170 0 8000008e 00f75663 r 00         00000000  bge      x14, x15, . + 0xc
#171 0 80000092 fe442783 r 0f         00000015  lw       x15, -0x1c(x8)
#172 0 80000096 fef42423 m f0040fd8   00000015  sw       x15, -0x18(x8)
#173 0 8000009a fec42783 r 0f         00000005  lw       x15, -0x14(x8)
#174 0 8000009e     0785 r 0f         00000006  c.addi   x15, 0x1
#175 0 800000a0 fef42623 m f0040fdc   00000006  sw       x15, -0x14(x8)
#176 0 800000a4 fec42703 r 0e         00000006  lw       x14, -0x14(x8)
#177 0 800000a8 fd842783 r 0f         0000000b  lw       x15, -0x28(x8)
#178 0 800000ac faf74be3 r 00         00000000  blt      x14, x15, . - 0x4a
#179 0 80000062 fec42783 r 0f         00000006  lw       x15, -0x14(x8)
#180 0 80000066     078a r 0f         00000018  c.slli   x15, 2
#181 0 80000068 fdc42703 r 0e         f0040ff0  lw       x14, -0x24(x8)
#182 0 8000006c     97ba r 0f         f0041008  c.add    x15, x14
#183 0 8000006e     439c r 0f         00000007  c.lw     x15, 0x0(x15)
#184 0 80000070 fe442703 r 0e         00000015  lw       x14, -0x1c(x8)
#185 0 80000074     97ba r 0f         0000001c  c.add    x15, x14
#186 0 80000076 fef42223 m f0040fd4   0000001c  sw       x15, -0x1c(x8)
#187 0 8000007a fe442783 r 0f         0000001c  lw       x15, -0x1c(x8)
#188 0 8000007e 0007d463 r 00         00000000  bge      x15, x0, . + 0x8
#189 0 80000086 fe842703 r 0e         00000015  lw       x14, -0x18(x8)
#190 0 8000008a fe442783 r 0f         0000001c  lw       x15, -0x1c(x8)
#191 0 8000008e 00f75663 r 00         00000000  bge      x14, x15, . + 0xc
#192 0 80000092 fe442783 r 0f         0000001c  lw       x15, -0x1c(x8)
#193 0 80000096 fef42423 m f0040fd8   0000001c  sw       x15, -0x18(x8)
#194 0 8000009a fec42783 r 0f         00000006  lw       x15, -0x14(x8)
#195 0 8000009e     0785 r 0f         00000007  c.addi   x15, 0x1
#196 0 800000a0 fef42623 m f0040fdc   00000007  sw       x15, -0x14(x8)
#197 0 800000a4 fec42703 r 0e         00000007  lw       x14, -0x14(x8)
#198 0 800000a8 fd842783 r 0f         0000000b  lw       x15, -0x28(x8)
#199 0 800000ac faf74be3 r 00         00000000  blt      x14, x15, . - 0x4a
#200 0 80000062 fec42783 r 0f         00000007  lw       x15, -0x14(x8)
#201 0 80000066     078a r 0f         0000001c  c.slli   x15, 2
#202 0 80000068 fdc42703 r 0e         f0040ff0  lw       x14, -0x24(x8)
#203 0 8000006c     97ba r 0f         f004100c  c.add    x15, x14
#204 0 8000006e     439c r 0f         00000008  c.lw     x15, 0x0(x15)
#205 0 80000070 fe442703 r 0e         0000001c  lw       x14, -0x1c(x8)
#206 0 80000074     97ba r 0f         00000024  c.add    x15, x14
#207 0 80000076 fef42223 m f0040fd4   00000024  sw       x15, -0x1c(x8)
#208 0 8000007a fe442783 r 0f         00000024  lw       x15, -0x1c(x8)
#209 0 8000007e 0007d463 r 00         00000000  bge      x15, x0, . + 0x8
#210 0 80000086 fe842703 r 0e         0000001c  lw       x14, -0x18(x8)
#211 0 8000008a fe442783 r 0f         00000024  lw       x15, -0x1c(x8)
#212 0 8000008e 00f75663 r 00         00000000  bge      x14, x15, . + 0xc
#213 0 80000092 fe442783 r 0f         00000024  lw       x15, -0x1c(x8)
#214 0 80000096 fef42423 m f0040fd8   00000024  sw       x15, -0x18(x8)
#215 0 8000009a fec42783 r 0f         00000007  lw       x15, -0x14(x8)
#216 0 8000009e     0785 r 0f         00000008  c.addi   x15, 0x1
#217 0 800000a0 fef42623 m f0040fdc   00000008  sw       x15, -0x14(x8)
#218 0 800000a4 fec42703 r 0e         00000008  lw       x14, -0x14(x8)
#219 0 800000a8 fd842783 r 0f         0000000b  lw       x15, -0x28(x8)
#220 0 800000ac faf74be3 r 00         00000000  blt      x14, x15, . - 0x4a
#221 0 80000062 fec42783 r 0f         00000008  lw       x15, -0x14(x8)
#222 0 80000066     078a r 0f         00000020  c.slli   x15, 2
#223 0 80000068 fdc42703 r 0e         f0040ff0  lw       x14, -0x24(x8)
#224 0 8000006c     97ba r 0f         f0041010  c.add    x15, x14
#225 0 8000006e     439c r 0f         00000009  c.lw     x15, 0x0(x15)
#226 0 80000070 fe442703 r 0e         00000024  lw       x14, -0x1c(x8)
#227 0 80000074     97ba r 0f         0000002d  c.add    x15, x14
#228 0 80000076 fef42223 m f0040fd4   0000002d  sw       x15, -0x1c(x8)
#229 0 8000007a fe442783 r 0f         0000002d  lw       x15, -0x1c(x8)
#230 0 8000007e 0007d463 r 00         00000000  bge      x15, x0, . + 0x8
#231 0 80000086 fe842703 r 0e         00000024  lw       x14, -0x18(x8)
#232 0 8000008a fe442783 r 0f         0000002d  lw       x15, -0x1c(x8)
#233 0 8000008e 00f75663 r 00         00000000  bge      x14, x15, . + 0xc
#234 0 80000092 fe442783 r 0f         0000002d  lw       x15, -0x1c(x8)
#235 0 80000096 fef42423 m f0040fd8   0000002d  sw       x15, -0x18(x8)
#236 0 8000009a fec42783 r 0f         00000008  lw       x15, -0x14(x8)
#237 0 8000009e     0785 r 0f         00000009  c.addi   x15, 0x1
#238 0 800000a0 fef42623 m f0040fdc   00000009  sw       x15, -0x14(x8)
#239 0 800000a4 fec42703 r 0e         00000009  lw       x14, -0x14(x8)
#240 0 800000a8 fd842783 r 0f         0000000b  lw       x15, -0x28(x8)
#241 0 800000ac faf74be3 r 00         00000000  blt      x14, x15, . - 0x4a
#242 0 80000062 fec42783 r 0f         00000009  lw       x15, -0x14(x8)
#243 0 80000066     078a r 0f         00000024  c.slli   x15, 2
#244 0 80000068 fdc42703 r 0e         f0040ff0  lw       x14, -0x24(x8)
#245 0 8000006c     97ba r 0f         f0041014  c.add    x15, x14
#246 0 8000006e     439c r 0f         0000000a  c.lw     x15, 0x0(x15)
#247 0 80000070 fe442703 r 0e         0000002d  lw       x14, -0x1c(x8)
#248 0 80000074     97ba r 0f         00000037  c.add    x15, x14
#249 0 80000076 fef42223 m f0040fd4   00000037  sw       x15, -0x1c(x8)
#250 0 8000007a fe442783 r 0f         00000037  lw       x15, -0x1c(x8)
#251 0 8000007e 0007d463 r 00         00000000  bge      x15, x0, . + 0x8
#252 0 80000086 fe842703 r 0e         0000002d  lw       x14, -0x18(x8)
#253 0 8000008a fe442783 r 0f         00000037  lw       x15, -0x1c(x8)
#254 0 8000008e 00f75663 r 00         00000000  bge      x14, x15, . + 0xc
#255 0 80000092 fe442783 r 0f         00000037  lw       x15, -0x1c(x8)
#256 0 80000096 fef42423 m f0040fd8   00000037  sw       x15, -0x18(x8)
#257 0 8000009a fec42783 r 0f         00000009  lw       x15, -0x14(x8)
#258 0 8000009e     0785 r 0f         0000000a  c.addi   x15, 0x1
#259 0 800000a0 fef42623 m f0040fdc   0000000a  sw       x15, -0x14(x8)
#260 0 800000a4 fec42703 r 0e         0000000a  lw       x14, -0x14(x8)
#261 0 800000a8 fd842783 r 0f         0000000b  lw       x15, -0x28(x8)
#262 0 800000ac faf74be3 r 00         00000000  blt      x14, x15, . - 0x4a
#263 0 80000062 fec42783 r 0f         0000000a  lw       x15, -0x14(x8)
#264 0 80000066     078a r 0f         00000028  c.slli   x15, 2
#265 0 80000068 fdc42703 r 0e         f0040ff0  lw       x14, -0x24(x8)
#266 0 8000006c     97ba r 0f         f0041018  c.add    x15, x14
#267 0 8000006e     439c r 0f         0000000b  c.lw     x15, 0x0(x15)
#268 0 80000070 fe442703 r 0e         00000037  lw       x14, -0x1c(x8)
#269 0 80000074     97ba r 0f         00000042  c.add    x15, x14
#270 0 80000076 fef42223 m f0040fd4   00000042  sw       x15, -0x1c(x8)
#271 0 8000007a fe442783 r 0f         00000042  lw       x15, -0x1c(x8)
#272 0 8000007e 0007d463 r 00         00000000  bge      x15, x0, . + 0x8
#273 0 80000086 fe842703 r 0e         00000037  lw       x14, -0x18(x8)
#274 0 8000008a fe442783 r 0f         00000042  lw       x15, -0x1c(x8)
#275 0 8000008e 00f75663 r 00         00000000  bge      x14, x15, . + 0xc
#276 0 80000092 fe442783 r 0f         00000042  lw       x15, -0x1c(x8)
#277 0 80000096 fef42423 m f0040fd8   00000042  sw       x15, -0x18(x8)
#278 0 8000009a fec42783 r 0f         0000000a  lw       x15, -0x14(x8)
#279 0 8000009e     0785 r 0f         0000000b  c.addi   x15, 0x1
#280 0 800000a0 fef42623 m f0040fdc   0000000b  sw       x15, -0x14(x8)
#281 0 800000a4 fec42703 r 0e         0000000b  lw       x14, -0x14(x8)
#282 0 800000a8 fd842783 r 0f         0000000b  lw       x15, -0x28(x8)
#283 0 800000ac faf74be3 r 00         00000000  blt      x14, x15, . - 0x4a
#284 0 800000b0     0001 r 00         00000000  c.nop
#285 0 800000b2     0001 r 00         00000000  c.nop
#286 0 800000b4     5432 r 08         f0041030  c.lwsp   x8, 0x2c
#287 0 800000b6     6145 r 02         f0040ff0  c.addi16sp 0x3
#288 0 800000b8     8082 r 00         00000000  c.jr     x1
#289 0 80000128     0001 r 00         00000000  c.nop
#290 0 8000012a     50f2 r 01         80000018  c.lwsp   x1, 0x3c
#291 0 8000012c     5462 r 08         00000000  c.lwsp   x8, 0x38
#292 0 8000012e     6121 r 02         f0041030  c.addi16sp 0x4
#293 0 80000130     8082 r 00         00000000  c.jr     x1
#294 0 80000018 50580297 r 05         d0580018  auipc    x5, 0x50580
#295 0 8000001c fe828293 r 05         d0580000  addi     x5, x5, -0x18
#296 0 80000020 0ff00313 r 06         000000ff  addi     x6, x0, 0xff
#297 0 80000024 00628023 m d0580000   000000ff  sb       x6, 0x0(x5)
