#1 0 80000000 595552b7 r 05         59555000  lui      x5, 0x59555
#2 0 80000004 55528293 r 05         59555555  addi     x5, x5, 0x555
#3 0 80000008 7c029073 c 07c0       59555555  csrrw    x0, mrac, x5
#4 0 8000000c 70041117 r 02         f004100c  auipc    x2, 0x70041
#5 0 80000010 04410113 r 02         f0041050  addi     x2, x2, 0x44
#6 0 80000014 032000ef r 01         80000018  jal      x1, . + 0x32
#7 0 80000046     1141 r 02         f0041040  c.addi   x2, -0x10
#8 0 80000048     c606 m f004104c   80000018  c.swsp   x1, 0xc
#9 0 8000004a     c422 m f0041048   00000000  c.swsp   x8, 0x8
#10 0 8000004c     0800 r 08         f0041050  c.addi4spn  x8, 0x4
#11 0 8000004e f00407b7 r 0f         f0040000  lui      x15, -0xffc0
#12 0 80000052 00078793 r 0f         f0040000  addi     x15, x15, 0x0
#13 0 80000056     4398 r 0e         0000002d  c.lw     x14, 0x0(x15)
#14 0 80000058 f00407b7 r 0f         f0040000  lui      x15, -0xffc0
#15 0 8000005c 02e7ae23 m f004003c   0000002d  sw       x14, 0x3c(x15)
#16 0 80000060 f00407b7 r 0f         f0040000  lui      x15, -0xffc0
#17 0 80000064 00078793 r 0f         f0040000  addi     x15, x15, 0x0
#18 0 80000068     4398 r 0e         0000002d  c.lw     x14, 0x0(x15)
#19 0 8000006a f00407b7 r 0f         f0040000  lui      x15, -0xffc0
#20 0 8000006e 04e7a023 m f0040040   0000002d  sw       x14, 0x40(x15)
#21 0 80000072 f00407b7 r 0f         f0040000  lui      x15, -0xffc0
#22 0 80000076     4705 r 0e         00000001  c.li     x14, 0x1
#23 0 80000078 02e7ac23 m f0040038   00000001  sw       x14, 0x38(x15)
#24 0 8000007c     a859 r 00         00000000  c.j      . + 0x96
#25 0 80000112 f00407b7 r 0f         f0040000  lui      x15, -0xffc0
#26 0 80000116 0387a703 r 0e         00000001  lw       x14, 0x38(x15)
#27 0 8000011a     47b5 r 0f         0000000d  c.li     x15, 0xd
#28 0 8000011c f6e7d1e3 r 00         00000000  bge      x15, x14, . - 0x9e
#29 0 8000007e f00407b7 r 0f         f0040000  lui      x15, -0xffc0
#30 0 80000082 0387a783 r 0f         00000001  lw       x15, 0x38(x15)
#31 0 80000086 f0040737 r 0e         f0040000  lui      x14, -0xffc0
#32 0 8000008a 00070713 r 0e         f0040000  addi     x14, x14, 0x0
#33 0 8000008e     078a r 0f         00000004  c.slli   x15, 2
#34 0 80000090     97ba r 0f         f0040004  c.add    x15, x14
#35 0 80000092     4398 r 0e         00000043  c.lw     x14, 0x0(x15)
#36 0 80000094 f00407b7 r 0f         f0040000  lui      x15, -0xffc0
#37 0 80000098 03c7a783 r 0f         0000002d  lw       x15, 0x3c(x15)
#38 0 8000009c 02f75163 r 00         00000000  bge      x14, x15, . + 0x22
#39 0 800000be f00407b7 r 0f         f0040000  lui      x15, -0xffc0
#40 0 800000c2 0387a783 r 0f         00000001  lw       x15, 0x38(x15)
#41 0 800000c6 f0040737 r 0e         f0040000  lui      x14, -0xffc0
#42 0 800000ca 00070713 r 0e         f0040000  addi     x14, x14, 0x0
#43 0 800000ce     078a r 0f         00000004  c.slli   x15, 2
#44 0 800000d0     97ba r 0f         f0040004  c.add    x15, x14
#45 0 800000d2     4398 r 0e         00000043  c.lw     x14, 0x0(x15)
#46 0 800000d4 f00407b7 r 0f         f0040000  lui      x15, -0xffc0
#47 0 800000d8 0407a783 r 0f         0000002d  lw       x15, 0x40(x15)
#48 0 800000dc 02e7d163 r 00         00000000  bge      x15, x14, . + 0x22
#49 0 800000e0 f00407b7 r 0f         f0040000  lui      x15, -0xffc0
#50 0 800000e4 0387a783 r 0f         00000001  lw       x15, 0x38(x15)
#51 0 800000e8 f0040737 r 0e         f0040000  lui      x14, -0xffc0
#52 0 800000ec 00070713 r 0e         f0040000  addi     x14, x14, 0x0
#53 0 800000f0     078a r 0f         00000004  c.slli   x15, 2
#54 0 800000f2     97ba r 0f         f0040004  c.add    x15, x14
#55 0 800000f4     4398 r 0e         00000043  c.lw     x14, 0x0(x15)
#56 0 800000f6 f00407b7 r 0f         f0040000  lui      x15, -0xffc0
#57 0 800000fa 04e7a023 m f0040040   00000043  sw       x14, 0x40(x15)
#58 0 800000fe f00407b7 r 0f         f0040000  lui      x15, -0xffc0
#59 0 80000102 0387a783 r 0f         00000001  lw       x15, 0x38(x15)
#60 0 80000106 00178713 r 0e         00000002  addi     x14, x15, 0x1
#61 0 8000010a f00407b7 r 0f         f0040000  lui      x15, -0xffc0
#62 0 8000010e 02e7ac23 m f0040038   00000002  sw       x14, 0x38(x15)
#63 0 80000112 f00407b7 r 0f         f0040000  lui      x15, -0xffc0
#64 0 80000116 0387a703 r 0e         00000002  lw       x14, 0x38(x15)
#65 0 8000011a     47b5 r 0f         0000000d  c.li     x15, 0xd
#66 0 8000011c f6e7d1e3 r 00         00000000  bge      x15, x14, . - 0x9e
#67 0 8000007e f00407b7 r 0f         f0040000  lui      x15, -0xffc0
#68 0 80000082 0387a783 r 0f         00000002  lw       x15, 0x38(x15)
#69 0 80000086 f0040737 r 0e         f0040000  lui      x14, -0xffc0
#70 0 8000008a 00070713 r 0e         f0040000  addi     x14, x14, 0x0
#71 0 8000008e     078a r 0f         00000008  c.slli   x15, 2
#72 0 80000090     97ba r 0f         f0040008  c.add    x15, x14
#73 0 80000092     4398 r 0e         0000000c  c.lw     x14, 0x0(x15)
#74 0 80000094 f00407b7 r 0f         f0040000  lui      x15, -0xffc0
#75 0 80000098 03c7a783 r 0f         0000002d  lw       x15, 0x3c(x15)
#76 0 8000009c 02f75163 r 00         00000000  bge      x14, x15, . + 0x22
#77 0 800000a0 f00407b7 r 0f         f0040000  lui      x15, -0xffc0
#78 0 800000a4 0387a783 r 0f         00000002  lw       x15, 0x38(x15)
#79 0 800000a8 f0040737 r 0e         f0040000  lui      x14, -0xffc0
#80 0 800000ac 00070713 r 0e         f0040000  addi     x14, x14, 0x0
#81 0 800000b0     078a r 0f         00000008  c.slli   x15, 2
#82 0 800000b2     97ba r 0f         f0040008  c.add    x15, x14
#83 0 800000b4     4398 r 0e         0000000c  c.lw     x14, 0x0(x15)
#84 0 800000b6 f00407b7 r 0f         f0040000  lui      x15, -0xffc0
#85 0 800000ba 02e7ae23 m f004003c   0000000c  sw       x14, 0x3c(x15)
#86 0 800000be f00407b7 r 0f         f0040000  lui      x15, -0xffc0
#87 0 800000c2 0387a783 r 0f         00000002  lw       x15, 0x38(x15)
#88 0 800000c6 f0040737 r 0e         f0040000  lui      x14, -0xffc0
#89 0 800000ca 00070713 r 0e         f0040000  addi     x14, x14, 0x0
#90 0 800000ce     078a r 0f         00000008  c.slli   x15, 2
#91 0 800000d0     97ba r 0f         f0040008  c.add    x15, x14
#92 0 800000d2     4398 r 0e         0000000c  c.lw     x14, 0x0(x15)
#93 0 800000d4 f00407b7 r 0f         f0040000  lui      x15, -0xffc0
#94 0 800000d8 0407a783 r 0f         00000043  lw       x15, 0x40(x15)
#95 0 800000dc 02e7d163 r 00         00000000  bge      x15, x14, . + 0x22
#96 0 800000fe f00407b7 r 0f         f0040000  lui      x15, -0xffc0
#97 0 80000102 0387a783 r 0f         00000002  lw       x15, 0x38(x15)
#98 0 80000106 00178713 r 0e         00000003  addi     x14, x15, 0x1
#99 0 8000010a f00407b7 r 0f         f0040000  lui      x15, -0xffc0
#100 0 8000010e 02e7ac23 m f0040038   00000003  sw       x14, 0x38(x15)
#101 0 80000112 f00407b7 r 0f         f0040000  lui      x15, -0xffc0
#102 0 80000116 0387a703 r 0e         00000003  lw       x14, 0x38(x15)
#103 0 8000011a     47b5 r 0f         0000000d  c.li     x15, 0xd
#104 0 8000011c f6e7d1e3 r 00         00000000  bge      x15, x14, . - 0x9e
#105 0 8000007e f00407b7 r 0f         f0040000  lui      x15, -0xffc0
#106 0 80000082 0387a783 r 0f         00000003  lw       x15, 0x38(x15)
#107 0 80000086 f0040737 r 0e         f0040000  lui      x14, -0xffc0
#108 0 8000008a 00070713 r 0e         f0040000  addi     x14, x14, 0x0
#109 0 8000008e     078a r 0f         0000000c  c.slli   x15, 2
#110 0 80000090     97ba r 0f         f004000c  c.add    x15, x14
#111 0 80000092     4398 r 0e         00000059  c.lw     x14, 0x0(x15)
#112 0 80000094 f00407b7 r 0f         f0040000  lui      x15, -0xffc0
#113 0 80000098 03c7a783 r 0f         0000000c  lw       x15, 0x3c(x15)
#114 0 8000009c 02f75163 r 00         00000000  bge      x14, x15, . + 0x22
#115 0 800000be f00407b7 r 0f         f0040000  lui      x15, -0xffc0
#116 0 800000c2 0387a783 r 0f         00000003  lw       x15, 0x38(x15)
#117 0 800000c6 f0040737 r 0e         f0040000  lui      x14, -0xffc0
#118 0 800000ca 00070713 r 0e         f0040000  addi     x14, x14, 0x0
#119 0 800000ce     078a r 0f         0000000c  c.slli   x15, 2
#120 0 800000d0     97ba r 0f         f004000c  c.add    x15, x14
#121 0 800000d2     4398 r 0e         00000059  c.lw     x14, 0x0(x15)
#122 0 800000d4 f00407b7 r 0f         f0040000  lui      x15, -0xffc0
#123 0 800000d8 0407a783 r 0f         00000043  lw       x15, 0x40(x15)
#124 0 800000dc 02e7d163 r 00         00000000  bge      x15, x14, . + 0x22
#125 0 800000e0 f00407b7 r 0f         f0040000  lui      x15, -0xffc0
#126 0 800000e4 0387a783 r 0f         00000003  lw       x15, 0x38(x15)
#127 0 800000e8 f0040737 r 0e         f0040000  lui      x14, -0xffc0
#128 0 800000ec 00070713 r 0e         f0040000  addi     x14, x14, 0x0
#129 0 800000f0     078a r 0f         0000000c  c.slli   x15, 2
#130 0 800000f2     97ba r 0f         f004000c  c.add    x15, x14
#131 0 800000f4     4398 r 0e         00000059  c.lw     x14, 0x0(x15)
#132 0 800000f6 f00407b7 r 0f         f0040000  lui      x15, -0xffc0
#133 0 800000fa 04e7a023 m f0040040   00000059  sw       x14, 0x40(x15)
#134 0 800000fe f00407b7 r 0f         f0040000  lui      x15, -0xffc0
#135 0 80000102 0387a783 r 0f         00000003  lw       x15, 0x38(x15)
#136 0 80000106 00178713 r 0e         00000004  addi     x14, x15, 0x1
#137 0 8000010a f00407b7 r 0f         f0040000  lui      x15, -0xffc0
#138 0 8000010e 02e7ac23 m f0040038   00000004  sw       x14, 0x38(x15)
#139 0 80000112 f00407b7 r 0f         f0040000  lui      x15, -0xffc0
#140 0 80000116 0387a703 r 0e         00000004  lw       x14, 0x38(x15)
#141 0 8000011a     47b5 r 0f         0000000d  c.li     x15, 0xd
#142 0 8000011c f6e7d1e3 r 00         00000000  bge      x15, x14, . - 0x9e
#143 0 8000007e f00407b7 r 0f         f0040000  lui      x15, -0xffc0
#144 0 80000082 0387a783 r 0f         00000004  lw       x15, 0x38(x15)
#145 0 80000086 f0040737 r 0e         f0040000  lui      x14, -0xffc0
#146 0 8000008a 00070713 r 0e         f0040000  addi     x14, x14, 0x0
#147 0 8000008e     078a r 0f         00000010  c.slli   x15, 2
#148 0 80000090     97ba r 0f         f0040010  c.add    x15, x14
#149 0 80000092     4398 r 0e         0000002c  c.lw     x14, 0x0(x15)
#150 0 80000094 f00407b7 r 0f         f0040000  lui      x15, -0xffc0
#151 0 80000098 03c7a783 r 0f         0000000c  lw       x15, 0x3c(x15)
#152 0 8000009c 02f75163 r 00         00000000  bge      x14, x15, . + 0x22
#153 0 800000be f00407b7 r 0f         f0040000  lui      x15, -0xffc0
#154 0 800000c2 0387a783 r 0f         00000004  lw       x15, 0x38(x15)
#155 0 800000c6 f0040737 r 0e         f0040000  lui      x14, -0xffc0
#156 0 800000ca 00070713 r 0e         f0040000  addi     x14, x14, 0x0
#157 0 800000ce     078a r 0f         00000010  c.slli   x15, 2
#158 0 800000d0     97ba r 0f         f0040010  c.add    x15, x14
#159 0 800000d2     4398 r 0e         0000002c  c.lw     x14, 0x0(x15)
#160 0 800000d4 f00407b7 r 0f         f0040000  lui      x15, -0xffc0
#161 0 800000d8 0407a783 r 0f         00000059  lw       x15, 0x40(x15)
#162 0 800000dc 02e7d163 r 00         00000000  bge      x15, x14, . + 0x22
#163 0 800000fe f00407b7 r 0f         f0040000  lui      x15, -0xffc0
#164 0 80000102 0387a783 r 0f         00000004  lw       x15, 0x38(x15)
#165 0 80000106 00178713 r 0e         00000005  addi     x14, x15, 0x1
#166 0 8000010a f00407b7 r 0f         f0040000  lui      x15, -0xffc0
#167 0 8000010e 02e7ac23 m f0040038   00000005  sw       x14, 0x38(x15)
#168 0 80000112 f00407b7 r 0f         f0040000  lui      x15, -0xffc0
#169 0 80000116 0387a703 r 0e         00000005  lw       x14, 0x38(x15)
#170 0 8000011a     47b5 r 0f         0000000d  c.li     x15, 0xd
#171 0 8000011c f6e7d1e3 r 00         00000000  bge      x15, x14, . - 0x9e
#172 0 8000007e f00407b7 r 0f         f0040000  lui      x15, -0xffc0
#173 0 80000082 0387a783 r 0f         00000005  lw       x15, 0x38(x15)
#174 0 80000086 f0040737 r 0e         f0040000  lui      x14, -0xffc0
#175 0 8000008a 00070713 r 0e         f0040000  addi     x14, x14, 0x0
#176 0 8000008e     078a r 0f         00000014  c.slli   x15, 2
#177 0 80000090     97ba r 0f         f0040014  c.add    x15, x14
#178 0 80000092     4398 r 0e         00000017  c.lw     x14, 0x0(x15)
#179 0 80000094 f00407b7 r 0f         f0040000  lui      x15, -0xffc0
#180 0 80000098 03c7a783 r 0f         0000000c  lw       x15, 0x3c(x15)
#181 0 8000009c 02f75163 r 00         00000000  bge      x14, x15, . + 0x22
#182 0 800000be f00407b7 r 0f         f0040000  lui      x15, -0xffc0
#183 0 800000c2 0387a783 r 0f         00000005  lw       x15, 0x38(x15)
#184 0 800000c6 f0040737 r 0e         f0040000  lui      x14, -0xffc0
#185 0 800000ca 00070713 r 0e         f0040000  addi     x14, x14, 0x0
#186 0 800000ce     078a r 0f         00000014  c.slli   x15, 2
#187 0 800000d0     97ba r 0f         f0040014  c.add    x15, x14
#188 0 800000d2     4398 r 0e         00000017  c.lw     x14, 0x0(x15)
#189 0 800000d4 f00407b7 r 0f         f0040000  lui      x15, -0xffc0
#190 0 800000d8 0407a783 r 0f         00000059  lw       x15, 0x40(x15)
#191 0 800000dc 02e7d163 r 00         00000000  bge      x15, x14, . + 0x22
#192 0 800000fe f00407b7 r 0f         f0040000  lui      x15, -0xffc0
#193 0 80000102 0387a783 r 0f         00000005  lw       x15, 0x38(x15)
#194 0 80000106 00178713 r 0e         00000006  addi     x14, x15, 0x1
#195 0 8000010a f00407b7 r 0f         f0040000  lui      x15, -0xffc0
#196 0 8000010e 02e7ac23 m f0040038   00000006  sw       x14, 0x38(x15)
#197 0 80000112 f00407b7 r 0f         f0040000  lui      x15, -0xffc0
#198 0 80000116 0387a703 r 0e         00000006  lw       x14, 0x38(x15)
#199 0 8000011a     47b5 r 0f         0000000d  c.li     x15, 0xd
#200 0 8000011c f6e7d1e3 r 00         00000000  bge      x15, x14, . - 0x9e
#201 0 8000007e f00407b7 r 0f         f0040000  lui      x15, -0xffc0
#202 0 80000082 0387a783 r 0f         00000006  lw       x15, 0x38(x15)
#203 0 80000086 f0040737 r 0e         f0040000  lui      x14, -0xffc0
#204 0 8000008a 00070713 r 0e         f0040000  addi     x14, x14, 0x0
#205 0 8000008e     078a r 0f         00000018  c.slli   x15, 2
#206 0 80000090     97ba r 0f         f0040018  c.add    x15, x14
#207 0 80000092     4398 r 0e         00000058  c.lw     x14, 0x0(x15)
#208 0 80000094 f00407b7 r 0f         f0040000  lui      x15, -0xffc0
#209 0 80000098 03c7a783 r 0f         0000000c  lw       x15, 0x3c(x15)
#210 0 8000009c 02f75163 r 00         00000000  bge      x14, x15, . + 0x22
#211 0 800000be f00407b7 r 0f         f0040000  lui      x15, -0xffc0
#212 0 800000c2 0387a783 r 0f         00000006  lw       x15, 0x38(x15)
#213 0 800000c6 f0040737 r 0e         f0040000  lui      x14, -0xffc0
#214 0 800000ca 00070713 r 0e         f0040000  addi     x14, x14, 0x0
#215 0 800000ce     078a r 0f         00000018  c.slli   x15, 2
#216 0 800000d0     97ba r 0f         f0040018  c.add    x15, x14
#217 0 800000d2     4398 r 0e         00000058  c.lw     x14, 0x0(x15)
#218 0 800000d4 f00407b7 r 0f         f0040000  lui      x15, -0xffc0
#219 0 800000d8 0407a783 r 0f         00000059  lw       x15, 0x40(x15)
#220 0 800000dc 02e7d163 r 00         00000000  bge      x15, x14, . + 0x22
#221 0 800000fe f00407b7 r 0f         f0040000  lui      x15, -0xffc0
#222 0 80000102 0387a783 r 0f         00000006  lw       x15, 0x38(x15)
#223 0 80000106 00178713 r 0e         00000007  addi     x14, x15, 0x1
#224 0 8000010a f00407b7 r 0f         f0040000  lui      x15, -0xffc0
#225 0 8000010e 02e7ac23 m f0040038   00000007  sw       x14, 0x38(x15)
#226 0 80000112 f00407b7 r 0f         f0040000  lui      x15, -0xffc0
#227 0 80000116 0387a703 r 0e         00000007  lw       x14, 0x38(x15)
#228 0 8000011a     47b5 r 0f         0000000d  c.li     x15, 0xd
#229 0 8000011c f6e7d1e3 r 00         00000000  bge      x15, x14, . - 0x9e
#230 0 8000007e f00407b7 r 0f         f0040000  lui      x15, -0xffc0
#231 0 80000082 0387a783 r 0f         00000007  lw       x15, 0x38(x15)
#232 0 80000086 f0040737 r 0e         f0040000  lui      x14, -0xffc0
#233 0 8000008a 00070713 r 0e         f0040000  addi     x14, x14, 0x0
#234 0 8000008e     078a r 0f         0000001c  c.slli   x15, 2
#235 0 80000090     97ba r 0f         f004001c  c.add    x15, x14
#236 0 80000092     4398 r 0e         0000000b  c.lw     x14, 0x0(x15)
#237 0 80000094 f00407b7 r 0f         f0040000  lui      x15, -0xffc0
#238 0 80000098 03c7a783 r 0f         0000000c  lw       x15, 0x3c(x15)
#239 0 8000009c 02f75163 r 00         00000000  bge      x14, x15, . + 0x22
#240 0 800000a0 f00407b7 r 0f         f0040000  lui      x15, -0xffc0
#241 0 800000a4 0387a783 r 0f         00000007  lw       x15, 0x38(x15)
#242 0 800000a8 f0040737 r 0e         f0040000  lui      x14, -0xffc0
#243 0 800000ac 00070713 r 0e         f0040000  addi     x14, x14, 0x0
#244 0 800000b0     078a r 0f         0000001c  c.slli   x15, 2
#245 0 800000b2     97ba r 0f         f004001c  c.add    x15, x14
#246 0 800000b4     4398 r 0e         0000000b  c.lw     x14, 0x0(x15)
#247 0 800000b6 f00407b7 r 0f         f0040000  lui      x15, -0xffc0
#248 0 800000ba 02e7ae23 m f004003c   0000000b  sw       x14, 0x3c(x15)
#249 0 800000be f00407b7 r 0f         f0040000  lui      x15, -0xffc0
#250 0 800000c2 0387a783 r 0f         00000007  lw       x15, 0x38(x15)
#251 0 800000c6 f0040737 r 0e         f0040000  lui      x14, -0xffc0
#252 0 800000ca 00070713 r 0e         f0040000  addi     x14, x14, 0x0
#253 0 800000ce     078a r 0f         0000001c  c.slli   x15, 2
#254 0 800000d0     97ba r 0f         f004001c  c.add    x15, x14
#255 0 800000d2     4398 r 0e         0000000b  c.lw     x14, 0x0(x15)
#256 0 800000d4 f00407b7 r 0f         f0040000  lui      x15, -0xffc0
#257 0 800000d8 0407a783 r 0f         00000059  lw       x15, 0x40(x15)
#258 0 800000dc 02e7d163 r 00         00000000  bge      x15, x14, . + 0x22
#259 0 800000fe f00407b7 r 0f         f0040000  lui      x15, -0xffc0
#260 0 80000102 0387a783 r 0f         00000007  lw       x15, 0x38(x15)
#261 0 80000106 00178713 r 0e         00000008  addi     x14, x15, 0x1
#262 0 8000010a f00407b7 r 0f         f0040000  lui      x15, -0xffc0
#263 0 8000010e 02e7ac23 m f0040038   00000008  sw       x14, 0x38(x15)
#264 0 80000112 f00407b7 r 0f         f0040000  lui      x15, -0xffc0
#265 0 80000116 0387a703 r 0e         00000008  lw       x14, 0x38(x15)
#266 0 8000011a     47b5 r 0f         0000000d  c.li     x15, 0xd
#267 0 8000011c f6e7d1e3 r 00         00000000  bge      x15, x14, . - 0x9e
#268 0 8000007e f00407b7 r 0f         f0040000  lui      x15, -0xffc0
#269 0 80000082 0387a783 r 0f         00000008  lw       x15, 0x38(x15)
#270 0 80000086 f0040737 r 0e         f0040000  lui      x14, -0xffc0
#271 0 8000008a 00070713 r 0e         f0040000  addi     x14, x14, 0x0
#272 0 8000008e     078a r 0f         00000020  c.slli   x15, 2
#273 0 80000090     97ba r 0f         f0040020  c.add    x15, x14
#274 0 80000092     4398 r 0e         0000005a  c.lw     x14, 0x0(x15)
#275 0 80000094 f00407b7 r 0f         f0040000  lui      x15, -0xffc0
#276 0 80000098 03c7a783 r 0f         0000000b  lw       x15, 0x3c(x15)
#277 0 8000009c 02f75163 r 00         00000000  bge      x14, x15, . + 0x22
#278 0 800000be f00407b7 r 0f         f0040000  lui      x15, -0xffc0
#279 0 800000c2 0387a783 r 0f         00000008  lw       x15, 0x38(x15)
#280 0 800000c6 f0040737 r 0e         f0040000  lui      x14, -0xffc0
#281 0 800000ca 00070713 r 0e         f0040000  addi     x14, x14, 0x0
#282 0 800000ce     078a r 0f         00000020  c.slli   x15, 2
#283 0 800000d0     97ba r 0f         f0040020  c.add    x15, x14
#284 0 800000d2     4398 r 0e         0000005a  c.lw     x14, 0x0(x15)
#285 0 800000d4 f00407b7 r 0f         f0040000  lui      x15, -0xffc0
#286 0 800000d8 0407a783 r 0f         00000059  lw       x15, 0x40(x15)
#287 0 800000dc 02e7d163 r 00         00000000  bge      x15, x14, . + 0x22
#288 0 800000e0 f00407b7 r 0f         f0040000  lui      x15, -0xffc0
#289 0 800000e4 0387a783 r 0f         00000008  lw       x15, 0x38(x15)
#290 0 800000e8 f0040737 r 0e         f0040000  lui      x14, -0xffc0
#291 0 800000ec 00070713 r 0e         f0040000  addi     x14, x14, 0x0
#292 0 800000f0     078a r 0f         00000020  c.slli   x15, 2
#293 0 800000f2     97ba r 0f         f0040020  c.add    x15, x14
#294 0 800000f4     4398 r 0e         0000005a  c.lw     x14, 0x0(x15)
#295 0 800000f6 f00407b7 r 0f         f0040000  lui      x15, -0xffc0
#296 0 800000fa 04e7a023 m f0040040   0000005a  sw       x14, 0x40(x15)
#297 0 800000fe f00407b7 r 0f         f0040000  lui      x15, -0xffc0
#298 0 80000102 0387a783 r 0f         00000008  lw       x15, 0x38(x15)
#299 0 80000106 00178713 r 0e         00000009  addi     x14, x15, 0x1
#300 0 8000010a f00407b7 r 0f         f0040000  lui      x15, -0xffc0
#301 0 8000010e 02e7ac23 m f0040038   00000009  sw       x14, 0x38(x15)
#302 0 80000112 f00407b7 r 0f         f0040000  lui      x15, -0xffc0
#303 0 80000116 0387a703 r 0e         00000009  lw       x14, 0x38(x15)
#304 0 8000011a     47b5 r 0f         0000000d  c.li     x15, 0xd
#305 0 8000011c f6e7d1e3 r 00         00000000  bge      x15, x14, . - 0x9e
#306 0 8000007e f00407b7 r 0f         f0040000  lui      x15, -0xffc0
#307 0 80000082 0387a783 r 0f         00000009  lw       x15, 0x38(x15)
#308 0 80000086 f0040737 r 0e         f0040000  lui      x14, -0xffc0
#309 0 8000008a 00070713 r 0e         f0040000  addi     x14, x14, 0x0
#310 0 8000008e     078a r 0f         00000024  c.slli   x15, 2
#311 0 80000090     97ba r 0f         f0040024  c.add    x15, x14
#312 0 80000092     4398 r 0e         00000048  c.lw     x14, 0x0(x15)
#313 0 80000094 f00407b7 r 0f         f0040000  lui      x15, -0xffc0
#314 0 80000098 03c7a783 r 0f         0000000b  lw       x15, 0x3c(x15)
#315 0 8000009c 02f75163 r 00         00000000  bge      x14, x15, . + 0x22
#316 0 800000be f00407b7 r 0f         f0040000  lui      x15, -0xffc0
#317 0 800000c2 0387a783 r 0f         00000009  lw       x15, 0x38(x15)
#318 0 800000c6 f0040737 r 0e         f0040000  lui      x14, -0xffc0
#319 0 800000ca 00070713 r 0e         f0040000  addi     x14, x14, 0x0
#320 0 800000ce     078a r 0f         00000024  c.slli   x15, 2
#321 0 800000d0     97ba r 0f         f0040024  c.add    x15, x14
#322 0 800000d2     4398 r 0e         00000048  c.lw     x14, 0x0(x15)
#323 0 800000d4 f00407b7 r 0f         f0040000  lui      x15, -0xffc0
#324 0 800000d8 0407a783 r 0f         0000005a  lw       x15, 0x40(x15)
#325 0 800000dc 02e7d163 r 00         00000000  bge      x15, x14, . + 0x22
#326 0 800000fe f00407b7 r 0f         f0040000  lui      x15, -0xffc0
#327 0 80000102 0387a783 r 0f         00000009  lw       x15, 0x38(x15)
#328 0 80000106 00178713 r 0e         0000000a  addi     x14, x15, 0x1
#329 0 8000010a f00407b7 r 0f         f0040000  lui      x15, -0xffc0
#330 0 8000010e 02e7ac23 m f0040038   0000000a  sw       x14, 0x38(x15)
#331 0 80000112 f00407b7 r 0f         f0040000  lui      x15, -0xffc0
#332 0 80000116 0387a703 r 0e         0000000a  lw       x14, 0x38(x15)
#333 0 8000011a     47b5 r 0f         0000000d  c.li     x15, 0xd
#334 0 8000011c f6e7d1e3 r 00         00000000  bge      x15, x14, . - 0x9e
#335 0 8000007e f00407b7 r 0f         f0040000  lui      x15, -0xffc0
#336 0 80000082 0387a783 r 0f         0000000a  lw       x15, 0x38(x15)
#337 0 80000086 f0040737 r 0e         f0040000  lui      x14, -0xffc0
#338 0 8000008a 00070713 r 0e         f0040000  addi     x14, x14, 0x0
#339 0 8000008e     078a r 0f         00000028  c.slli   x15, 2
#340 0 80000090     97ba r 0f         f0040028  c.add    x15, x14
#341 0 80000092     4398 r 0e         0000004e  c.lw     x14, 0x0(x15)
#342 0 80000094 f00407b7 r 0f         f0040000  lui      x15, -0xffc0
#343 0 80000098 03c7a783 r 0f         0000000b  lw       x15, 0x3c(x15)
#344 0 8000009c 02f75163 r 00         00000000  bge      x14, x15, . + 0x22
#345 0 800000be f00407b7 r 0f         f0040000  lui      x15, -0xffc0
#346 0 800000c2 0387a783 r 0f         0000000a  lw       x15, 0x38(x15)
#347 0 800000c6 f0040737 r 0e         f0040000  lui      x14, -0xffc0
#348 0 800000ca 00070713 r 0e         f0040000  addi     x14, x14, 0x0
#349 0 800000ce     078a r 0f         00000028  c.slli   x15, 2
#350 0 800000d0     97ba r 0f         f0040028  c.add    x15, x14
#351 0 800000d2     4398 r 0e         0000004e  c.lw     x14, 0x0(x15)
#352 0 800000d4 f00407b7 r 0f         f0040000  lui      x15, -0xffc0
#353 0 800000d8 0407a783 r 0f         0000005a  lw       x15, 0x40(x15)
#354 0 800000dc 02e7d163 r 00         00000000  bge      x15, x14, . + 0x22
#355 0 800000fe f00407b7 r 0f         f0040000  lui      x15, -0xffc0
#356 0 80000102 0387a783 r 0f         0000000a  lw       x15, 0x38(x15)
#357 0 80000106 00178713 r 0e         0000000b  addi     x14, x15, 0x1
#358 0 8000010a f00407b7 r 0f         f0040000  lui      x15, -0xffc0
#359 0 8000010e 02e7ac23 m f0040038   0000000b  sw       x14, 0x38(x15)
#360 0 80000112 f00407b7 r 0f         f0040000  lui      x15, -0xffc0
#361 0 80000116 0387a703 r 0e         0000000b  lw       x14, 0x38(x15)
#362 0 8000011a     47b5 r 0f         0000000d  c.li     x15, 0xd
#363 0 8000011c f6e7d1e3 r 00         00000000  bge      x15, x14, . - 0x9e
#364 0 8000007e f00407b7 r 0f         f0040000  lui      x15, -0xffc0
#365 0 80000082 0387a783 r 0f         0000000b  lw       x15, 0x38(x15)
#366 0 80000086 f0040737 r 0e         f0040000  lui      x14, -0xffc0
#367 0 8000008a 00070713 r 0e         f0040000  addi     x14, x14, 0x0
#368 0 8000008e     078a r 0f         0000002c  c.slli   x15, 2
#369 0 80000090     97ba r 0f         f004002c  c.add    x15, x14
#370 0 80000092     4398 r 0e         00000022  c.lw     x14, 0x0(x15)
#371 0 80000094 f00407b7 r 0f         f0040000  lui      x15, -0xffc0
#372 0 80000098 03c7a783 r 0f         0000000b  lw       x15, 0x3c(x15)
#373 0 8000009c 02f75163 r 00         00000000  bge      x14, x15, . + 0x22
#374 0 800000be f00407b7 r 0f         f0040000  lui      x15, -0xffc0
#375 0 800000c2 0387a783 r 0f         0000000b  lw       x15, 0x38(x15)
#376 0 800000c6 f0040737 r 0e         f0040000  lui      x14, -0xffc0
#377 0 800000ca 00070713 r 0e         f0040000  addi     x14, x14, 0x0
#378 0 800000ce     078a r 0f         0000002c  c.slli   x15, 2
#379 0 800000d0     97ba r 0f         f004002c  c.add    x15, x14
#380 0 800000d2     4398 r 0e         00000022  c.lw     x14, 0x0(x15)
#381 0 800000d4 f00407b7 r 0f         f0040000  lui      x15, -0xffc0
#382 0 800000d8 0407a783 r 0f         0000005a  lw       x15, 0x40(x15)
#383 0 800000dc 02e7d163 r 00         00000000  bge      x15, x14, . + 0x22
#384 0 800000fe f00407b7 r 0f         f0040000  lui      x15, -0xffc0
#385 0 80000102 0387a783 r 0f         0000000b  lw       x15, 0x38(x15)
#386 0 80000106 00178713 r 0e         0000000c  addi     x14, x15, 0x1
#387 0 8000010a f00407b7 r 0f         f0040000  lui      x15, -0xffc0
#388 0 8000010e 02e7ac23 m f0040038   0000000c  sw       x14, 0x38(x15)
#389 0 80000112 f00407b7 r 0f         f0040000  lui      x15, -0xffc0
#390 0 80000116 0387a703 r 0e         0000000c  lw       x14, 0x38(x15)
#391 0 8000011a     47b5 r 0f         0000000d  c.li     x15, 0xd
#392 0 8000011c f6e7d1e3 r 00         00000000  bge      x15, x14, . - 0x9e
#393 0 8000007e f00407b7 r 0f         f0040000  lui      x15, -0xffc0
#394 0 80000082 0387a783 r 0f         0000000c  lw       x15, 0x38(x15)
#395 0 80000086 f0040737 r 0e         f0040000  lui      x14, -0xffc0
#396 0 8000008a 00070713 r 0e         f0040000  addi     x14, x14, 0x0
#397 0 8000008e     078a r 0f         00000030  c.slli   x15, 2
#398 0 80000090     97ba r 0f         f0040030  c.add    x15, x14
#399 0 80000092     4398 r 0e         00000042  c.lw     x14, 0x0(x15)
#400 0 80000094 f00407b7 r 0f         f0040000  lui      x15, -0xffc0
#401 0 80000098 03c7a783 r 0f         0000000b  lw       x15, 0x3c(x15)
#402 0 8000009c 02f75163 r 00         00000000  bge      x14, x15, . + 0x22
#403 0 800000be f00407b7 r 0f         f0040000  lui      x15, -0xffc0
#404 0 800000c2 0387a783 r 0f         0000000c  lw       x15, 0x38(x15)
#405 0 800000c6 f0040737 r 0e         f0040000  lui      x14, -0xffc0
#406 0 800000ca 00070713 r 0e         f0040000  addi     x14, x14, 0x0
#407 0 800000ce     078a r 0f         00000030  c.slli   x15, 2
#408 0 800000d0     97ba r 0f         f0040030  c.add    x15, x14
#409 0 800000d2     4398 r 0e         00000042  c.lw     x14, 0x0(x15)
#410 0 800000d4 f00407b7 r 0f         f0040000  lui      x15, -0xffc0
#411 0 800000d8 0407a783 r 0f         0000005a  lw       x15, 0x40(x15)
#412 0 800000dc 02e7d163 r 00         00000000  bge      x15, x14, . + 0x22
#413 0 800000fe f00407b7 r 0f         f0040000  lui      x15, -0xffc0
#414 0 80000102 0387a783 r 0f         0000000c  lw       x15, 0x38(x15)
#415 0 80000106 00178713 r 0e         0000000d  addi     x14, x15, 0x1
#416 0 8000010a f00407b7 r 0f         f0040000  lui      x15, -0xffc0
#417 0 8000010e 02e7ac23 m f0040038   0000000d  sw       x14, 0x38(x15)
#418 0 80000112 f00407b7 r 0f         f0040000  lui      x15, -0xffc0
#419 0 80000116 0387a703 r 0e         0000000d  lw       x14, 0x38(x15)
#420 0 8000011a     47b5 r 0f         0000000d  c.li     x15, 0xd
#421 0 8000011c f6e7d1e3 r 00         00000000  bge      x15, x14, . - 0x9e
#422 0 8000007e f00407b7 r 0f         f0040000  lui      x15, -0xffc0
#423 0 80000082 0387a783 r 0f         0000000d  lw       x15, 0x38(x15)
#424 0 80000086 f0040737 r 0e         f0040000  lui      x14, -0xffc0
#425 0 8000008a 00070713 r 0e         f0040000  addi     x14, x14, 0x0
#426 0 8000008e     078a r 0f         00000034  c.slli   x15, 2
#427 0 80000090     97ba r 0f         f0040034  c.add    x15, x14
#428 0 80000092     4398 r 0e         00000000  c.lw     x14, 0x0(x15)
#429 0 80000094 f00407b7 r 0f         f0040000  lui      x15, -0xffc0
#430 0 80000098 03c7a783 r 0f         0000000b  lw       x15, 0x3c(x15)
#431 0 8000009c 02f75163 r 00         00000000  bge      x14, x15, . + 0x22
#432 0 800000a0 f00407b7 r 0f         f0040000  lui      x15, -0xffc0
#433 0 800000a4 0387a783 r 0f         0000000d  lw       x15, 0x38(x15)
#434 0 800000a8 f0040737 r 0e         f0040000  lui      x14, -0xffc0
#435 0 800000ac 00070713 r 0e         f0040000  addi     x14, x14, 0x0
#436 0 800000b0     078a r 0f         00000034  c.slli   x15, 2
#437 0 800000b2     97ba r 0f         f0040034  c.add    x15, x14
#438 0 800000b4     4398 r 0e         00000000  c.lw     x14, 0x0(x15)
#439 0 800000b6 f00407b7 r 0f         f0040000  lui      x15, -0xffc0
#440 0 800000ba 02e7ae23 m f004003c   00000000  sw       x14, 0x3c(x15)
#441 0 800000be f00407b7 r 0f         f0040000  lui      x15, -0xffc0
#442 0 800000c2 0387a783 r 0f         0000000d  lw       x15, 0x38(x15)
#443 0 800000c6 f0040737 r 0e         f0040000  lui      x14, -0xffc0
#444 0 800000ca 00070713 r 0e         f0040000  addi     x14, x14, 0x0
#445 0 800000ce     078a r 0f         00000034  c.slli   x15, 2
#446 0 800000d0     97ba r 0f         f0040034  c.add    x15, x14
#447 0 800000d2     4398 r 0e         00000000  c.lw     x14, 0x0(x15)
#448 0 800000d4 f00407b7 r 0f         f0040000  lui      x15, -0xffc0
#449 0 800000d8 0407a783 r 0f         0000005a  lw       x15, 0x40(x15)
#450 0 800000dc 02e7d163 r 00         00000000  bge      x15, x14, . + 0x22
#451 0 800000fe f00407b7 r 0f         f0040000  lui      x15, -0xffc0
#452 0 80000102 0387a783 r 0f         0000000d  lw       x15, 0x38(x15)
#453 0 80000106 00178713 r 0e         0000000e  addi     x14, x15, 0x1
#454 0 8000010a f00407b7 r 0f         f0040000  lui      x15, -0xffc0
#455 0 8000010e 02e7ac23 m f0040038   0000000e  sw       x14, 0x38(x15)
#456 0 80000112 f00407b7 r 0f         f0040000  lui      x15, -0xffc0
#457 0 80000116 0387a703 r 0e         0000000e  lw       x14, 0x38(x15)
#458 0 8000011a     47b5 r 0f         0000000d  c.li     x15, 0xd
#459 0 8000011c f6e7d1e3 r 00         00000000  bge      x15, x14, . - 0x9e
#460 0 80000120 f00407b7 r 0f         f0040000  lui      x15, -0xffc0
#461 0 80000124 03c7a703 r 0e         00000000  lw       x14, 0x3c(x15)
#462 0 80000128 f00407b7 r 0f         f0040000  lui      x15, -0xffc0
#463 0 8000012c 0407a683 r 0d         0000005a  lw       x13, 0x40(x15)
#464 0 80000130 f00407b7 r 0f         f0040000  lui      x15, -0xffc0
#465 0 80000134 00078613 r 0c         f0040000  addi     x12, x15, 0x0
#466 0 80000138     85b6 r 0b         0000005a  c.mv     x11, x13
#467 0 8000013a     853a r 0a         00000000  c.mv     x10, x14
#468 0 8000013c     2031 r 01         8000013e  c.jal    . + 0xc
#469 0 80000148     7139 r 02         f0041000  c.addi16sp -0x4
#470 0 8000014a     de22 m f004103c   f0041050  c.swsp   x8, 0x3c
#471 0 8000014c     0080 r 08         f0041040  c.addi4spn  x8, 0x10
#472 0 8000014e fca42623 m f004100c   00000000  sw       x10, -0x34(x8)
#473 0 80000152 fcb42423 m f0041008   0000005a  sw       x11, -0x38(x8)
#474 0 80000156 fcc42223 m f0041004   f0040000  sw       x12, -0x3c(x8)
#475 0 8000015a     868a r 0d         f0041000  c.mv     x13, x2
#476 0 8000015c     85b6 r 0b         f0041000  c.mv     x11, x13
#477 0 8000015e fe042223 m f0041024   00000000  sw       x0, -0x1c(x8)
#478 0 80000162 fc442683 r 0d         f0040000  lw       x13, -0x3c(x8)
#479 0 80000166 fed42623 m f004102c   f0040000  sw       x13, -0x14(x8)
#480 0 8000016a fc842603 r 0c         0000005a  lw       x12, -0x38(x8)
#481 0 8000016e fcc42683 r 0d         00000000  lw       x13, -0x34(x8)
#482 0 80000172 40d606b3 r 0d         0000005a  sub      x13, x12, x13
#483 0 80000176     0685 r 0d         0000005b  c.addi   x13, 0x1
#484 0 80000178 fed42023 m f0041020   0000005b  sw       x13, -0x20(x8)
#485 0 8000017c fe042683 r 0d         0000005b  lw       x13, -0x20(x8)
#486 0 80000180 fff68613 r 0c         0000005a  addi     x12, x13, -0x1
#487 0 80000184 fcc42e23 m f004101c   0000005a  sw       x12, -0x24(x8)
#488 0 80000188     8636 r 0c         0000005b  c.mv     x12, x13
#489 0 8000018a     8e32 r 1c         0000005b  c.mv     x28, x12
#490 0 8000018c     4e81 r 1d         00000000  c.li     x29, 0x0
#491 0 8000018e 01be5613 r 0c         00000000  srli     x12, x28, 0x1b
#492 0 80000192 005e9893 r 11         00000000  slli     x17, x29, 0x5
#493 0 80000196 011668b3 r 11         00000000  or       x17, x12, x17
#494 0 8000019a 005e1813 r 10         00000b60  slli     x16, x28, 0x5
#495 0 8000019e     8636 r 0c         0000005b  c.mv     x12, x13
#496 0 800001a0     8332 r 06         0000005b  c.mv     x6, x12
#497 0 800001a2     4381 r 07         00000000  c.li     x7, 0x0
#498 0 800001a4 01b35613 r 0c         00000000  srli     x12, x6, 0x1b
#499 0 800001a8 00539793 r 0f         00000000  slli     x15, x7, 0x5
#500 0 800001ac     8fd1 r 0f         00000000  c.or     x15, x12
#501 0 800001ae 00531713 r 0e         00000b60  slli     x14, x6, 0x5
#502 0 800001b2     87b6 r 0f         0000005b  c.mv     x15, x13
#503 0 800001b4     078a r 0f         0000016c  c.slli   x15, 2
#504 0 800001b6     07bd r 0f         0000017b  c.addi   x15, 0xf
#505 0 800001b8     8391 r 0f         00000017  c.srli   x15, 0x4
#506 0 800001ba     0792 r 0f         00000170  c.slli   x15, 4
#507 0 800001bc 40f10133 r 02         f0040e90  sub      x2, x2, x15
#508 0 800001c0     878a r 0f         f0040e90  c.mv     x15, x2
#509 0 800001c2     078d r 0f         f0040e93  c.addi   x15, 0x3
#510 0 800001c4     8389 r 0f         3c0103a4  c.srli   x15, 0x2
#511 0 800001c6     078a r 0f         f0040e90  c.slli   x15, 2
#512 0 800001c8 fcf42c23 m f0041018   f0040e90  sw       x15, -0x28(x8)
#513 0 800001cc fe042423 m f0041028   00000000  sw       x0, -0x18(x8)
#514 0 800001d0     a831 r 00         00000000  c.j      . + 0x1c
#515 0 800001ec fe842703 r 0e         00000000  lw       x14, -0x18(x8)
#516 0 800001f0 fe042783 r 0f         0000005b  lw       x15, -0x20(x8)
#517 0 800001f4 fcf74fe3 r 00         00000000  blt      x14, x15, . - 0x22
#518 0 800001d2 fd842703 r 0e         f0040e90  lw       x14, -0x28(x8)
#519 0 800001d6 fe842783 r 0f         00000000  lw       x15, -0x18(x8)
#520 0 800001da     078a r 0f         00000000  c.slli   x15, 2
#521 0 800001dc     97ba r 0f         f0040e90  c.add    x15, x14
#522 0 800001de 0007a023 m f0040e90   00000000  sw       x0, 0x0(x15)
#523 0 800001e2 fe842783 r 0f         00000000  lw       x15, -0x18(x8)
#524 0 800001e6     0785 r 0f         00000001  c.addi   x15, 0x1
#525 0 800001e8 fef42423 m f0041028   00000001  sw       x15, -0x18(x8)
#526 0 800001ec fe842703 r 0e         00000001  lw       x14, -0x18(x8)
#527 0 800001f0 fe042783 r 0f         0000005b  lw       x15, -0x20(x8)
#528 0 800001f4 fcf74fe3 r 00         00000000  blt      x14, x15, . - 0x22
#529 0 800001d2 fd842703 r 0e         f0040e90  lw       x14, -0x28(x8)
#530 0 800001d6 fe842783 r 0f         00000001  lw       x15, -0x18(x8)
#531 0 800001da     078a r 0f         00000004  c.slli   x15, 2
#532 0 800001dc     97ba r 0f         f0040e94  c.add    x15, x14
#533 0 800001de 0007a023 m f0040e94   00000000  sw       x0, 0x0(x15)
#534 0 800001e2 fe842783 r 0f         00000001  lw       x15, -0x18(x8)
#535 0 800001e6     0785 r 0f         00000002  c.addi   x15, 0x1
#536 0 800001e8 fef42423 m f0041028   00000002  sw       x15, -0x18(x8)
#537 0 800001ec fe842703 r 0e         00000002  lw       x14, -0x18(x8)
#538 0 800001f0 fe042783 r 0f         0000005b  lw       x15, -0x20(x8)
#539 0 800001f4 fcf74fe3 r 00         00000000  blt      x14, x15, . - 0x22
#540 0 800001d2 fd842703 r 0e         f0040e90  lw       x14, -0x28(x8)
#541 0 800001d6 fe842783 r 0f         00000002  lw       x15, -0x18(x8)
#542 0 800001da     078a r 0f         00000008  c.slli   x15, 2
#543 0 800001dc     97ba r 0f         f0040e98  c.add    x15, x14
#544 0 800001de 0007a023 m f0040e98   00000000  sw       x0, 0x0(x15)
#545 0 800001e2 fe842783 r 0f         00000002  lw       x15, -0x18(x8)
#546 0 800001e6     0785 r 0f         00000003  c.addi   x15, 0x1
#547 0 800001e8 fef42423 m f0041028   00000003  sw       x15, -0x18(x8)
#548 0 800001ec fe842703 r 0e         00000003  lw       x14, -0x18(x8)
#549 0 800001f0 fe042783 r 0f         0000005b  lw       x15, -0x20(x8)
#550 0 800001f4 fcf74fe3 r 00         00000000  blt      x14, x15, . - 0x22
#551 0 800001d2 fd842703 r 0e         f0040e90  lw       x14, -0x28(x8)
#552 0 800001d6 fe842783 r 0f         00000003  lw       x15, -0x18(x8)
#553 0 800001da     078a r 0f         0000000c  c.slli   x15, 2
#554 0 800001dc     97ba r 0f         f0040e9c  c.add    x15, x14
#555 0 800001de 0007a023 m f0040e9c   00000000  sw       x0, 0x0(x15)
#556 0 800001e2 fe842783 r 0f         00000003  lw       x15, -0x18(x8)
#557 0 800001e6     0785 r 0f         00000004  c.addi   x15, 0x1
#558 0 800001e8 fef42423 m f0041028   00000004  sw       x15, -0x18(x8)
#559 0 800001ec fe842703 r 0e         00000004  lw       x14, -0x18(x8)
#560 0 800001f0 fe042783 r 0f         0000005b  lw       x15, -0x20(x8)
#561 0 800001f4 fcf74fe3 r 00         00000000  blt      x14, x15, . - 0x22
#562 0 800001d2 fd842703 r 0e         f0040e90  lw       x14, -0x28(x8)
#563 0 800001d6 fe842783 r 0f         00000004  lw       x15, -0x18(x8)
#564 0 800001da     078a r 0f         00000010  c.slli   x15, 2
#565 0 800001dc     97ba r 0f         f0040ea0  c.add    x15, x14
#566 0 800001de 0007a023 m f0040ea0   00000000  sw       x0, 0x0(x15)
#567 0 800001e2 fe842783 r 0f         00000004  lw       x15, -0x18(x8)
#568 0 800001e6     0785 r 0f         00000005  c.addi   x15, 0x1
#569 0 800001e8 fef42423 m f0041028   00000005  sw       x15, -0x18(x8)
#570 0 800001ec fe842703 r 0e         00000005  lw       x14, -0x18(x8)
#571 0 800001f0 fe042783 r 0f         0000005b  lw       x15, -0x20(x8)
#572 0 800001f4 fcf74fe3 r 00         00000000  blt      x14, x15, . - 0x22
#573 0 800001d2 fd842703 r 0e         f0040e90  lw       x14, -0x28(x8)
#574 0 800001d6 fe842783 r 0f         00000005  lw       x15, -0x18(x8)
#575 0 800001da     078a r 0f         00000014  c.slli   x15, 2
#576 0 800001dc     97ba r 0f         f0040ea4  c.add    x15, x14
#577 0 800001de 0007a023 m f0040ea4   00000000  sw       x0, 0x0(x15)
#578 0 800001e2 fe842783 r 0f         00000005  lw       x15, -0x18(x8)
#579 0 800001e6     0785 r 0f         00000006  c.addi   x15, 0x1
#580 0 800001e8 fef42423 m f0041028   00000006  sw       x15, -0x18(x8)
#581 0 800001ec fe842703 r 0e         00000006  lw       x14, -0x18(x8)
#582 0 800001f0 fe042783 r 0f         0000005b  lw       x15, -0x20(x8)
#583 0 800001f4 fcf74fe3 r 00         00000000  blt      x14, x15, . - 0x22
#584 0 800001d2 fd842703 r 0e         f0040e90  lw       x14, -0x28(x8)
#585 0 800001d6 fe842783 r 0f         00000006  lw       x15, -0x18(x8)
#586 0 800001da     078a r 0f         00000018  c.slli   x15, 2
#587 0 800001dc     97ba r 0f         f0040ea8  c.add    x15, x14
#588 0 800001de 0007a023 m f0040ea8   00000000  sw       x0, 0x0(x15)
#589 0 800001e2 fe842783 r 0f         00000006  lw       x15, -0x18(x8)
#590 0 800001e6     0785 r 0f         00000007  c.addi   x15, 0x1
#591 0 800001e8 fef42423 m f0041028   00000007  sw       x15, -0x18(x8)
#592 0 800001ec fe842703 r 0e         00000007  lw       x14, -0x18(x8)
#593 0 800001f0 fe042783 r 0f         0000005b  lw       x15, -0x20(x8)
#594 0 800001f4 fcf74fe3 r 00         00000000  blt      x14, x15, . - 0x22
#595 0 800001d2 fd842703 r 0e         f0040e90  lw       x14, -0x28(x8)
#596 0 800001d6 fe842783 r 0f         00000007  lw       x15, -0x18(x8)
#597 0 800001da     078a r 0f         0000001c  c.slli   x15, 2
#598 0 800001dc     97ba r 0f         f0040eac  c.add    x15, x14
#599 0 800001de 0007a023 m f0040eac   00000000  sw       x0, 0x0(x15)
#600 0 800001e2 fe842783 r 0f         00000007  lw       x15, -0x18(x8)
#601 0 800001e6     0785 r 0f         00000008  c.addi   x15, 0x1
#602 0 800001e8 fef42423 m f0041028   00000008  sw       x15, -0x18(x8)
#603 0 800001ec fe842703 r 0e         00000008  lw       x14, -0x18(x8)
#604 0 800001f0 fe042783 r 0f         0000005b  lw       x15, -0x20(x8)
#605 0 800001f4 fcf74fe3 r 00         00000000  blt      x14, x15, . - 0x22
#606 0 800001d2 fd842703 r 0e         f0040e90  lw       x14, -0x28(x8)
#607 0 800001d6 fe842783 r 0f         00000008  lw       x15, -0x18(x8)
#608 0 800001da     078a r 0f         00000020  c.slli   x15, 2
#609 0 800001dc     97ba r 0f         f0040eb0  c.add    x15, x14
#610 0 800001de 0007a023 m f0040eb0   00000000  sw       x0, 0x0(x15)
#611 0 800001e2 fe842783 r 0f         00000008  lw       x15, -0x18(x8)
#612 0 800001e6     0785 r 0f         00000009  c.addi   x15, 0x1
#613 0 800001e8 fef42423 m f0041028   00000009  sw       x15, -0x18(x8)
#614 0 800001ec fe842703 r 0e         00000009  lw       x14, -0x18(x8)
#615 0 800001f0 fe042783 r 0f         0000005b  lw       x15, -0x20(x8)
#616 0 800001f4 fcf74fe3 r 00         00000000  blt      x14, x15, . - 0x22
#617 0 800001d2 fd842703 r 0e         f0040e90  lw       x14, -0x28(x8)
#618 0 800001d6 fe842783 r 0f         00000009  lw       x15, -0x18(x8)
#619 0 800001da     078a r 0f         00000024  c.slli   x15, 2
#620 0 800001dc     97ba r 0f         f0040eb4  c.add    x15, x14
#621 0 800001de 0007a023 m f0040eb4   00000000  sw       x0, 0x0(x15)
#622 0 800001e2 fe842783 r 0f         00000009  lw       x15, -0x18(x8)
#623 0 800001e6     0785 r 0f         0000000a  c.addi   x15, 0x1
#624 0 800001e8 fef42423 m f0041028   0000000a  sw       x15, -0x18(x8)
#625 0 800001ec fe842703 r 0e         0000000a  lw       x14, -0x18(x8)
#626 0 800001f0 fe042783 r 0f         0000005b  lw       x15, -0x20(x8)
#627 0 800001f4 fcf74fe3 r 00         00000000  blt      x14, x15, . - 0x22
#628 0 800001d2 fd842703 r 0e         f0040e90  lw       x14, -0x28(x8)
#629 0 800001d6 fe842783 r 0f         0000000a  lw       x15, -0x18(x8)
#630 0 800001da     078a r 0f         00000028  c.slli   x15, 2
#631 0 800001dc     97ba r 0f         f0040eb8  c.add    x15, x14
#632 0 800001de 0007a023 m f0040eb8   00000000  sw       x0, 0x0(x15)
#633 0 800001e2 fe842783 r 0f         0000000a  lw       x15, -0x18(x8)
#634 0 800001e6     0785 r 0f         0000000b  c.addi   x15, 0x1
#635 0 800001e8 fef42423 m f0041028   0000000b  sw       x15, -0x18(x8)
#636 0 800001ec fe842703 r 0e         0000000b  lw       x14, -0x18(x8)
#637 0 800001f0 fe042783 r 0f         0000005b  lw       x15, -0x20(x8)
#638 0 800001f4 fcf74fe3 r 00         00000000  blt      x14, x15, . - 0x22
#639 0 800001d2 fd842703 r 0e         f0040e90  lw       x14, -0x28(x8)
#640 0 800001d6 fe842783 r 0f         0000000b  lw       x15, -0x18(x8)
#641 0 800001da     078a r 0f         0000002c  c.slli   x15, 2
#642 0 800001dc     97ba r 0f         f0040ebc  c.add    x15, x14
#643 0 800001de 0007a023 m f0040ebc   00000000  sw       x0, 0x0(x15)
#644 0 800001e2 fe842783 r 0f         0000000b  lw       x15, -0x18(x8)
#645 0 800001e6     0785 r 0f         0000000c  c.addi   x15, 0x1
#646 0 800001e8 fef42423 m f0041028   0000000c  sw       x15, -0x18(x8)
#647 0 800001ec fe842703 r 0e         0000000c  lw       x14, -0x18(x8)
#648 0 800001f0 fe042783 r 0f         0000005b  lw       x15, -0x20(x8)
#649 0 800001f4 fcf74fe3 r 00         00000000  blt      x14, x15, . - 0x22
#650 0 800001d2 fd842703 r 0e         f0040e90  lw       x14, -0x28(x8)
#651 0 800001d6 fe842783 r 0f         0000000c  lw       x15, -0x18(x8)
#652 0 800001da     078a r 0f         00000030  c.slli   x15, 2
#653 0 800001dc     97ba r 0f         f0040ec0  c.add    x15, x14
#654 0 800001de 0007a023 m f0040ec0   00000000  sw       x0, 0x0(x15)
#655 0 800001e2 fe842783 r 0f         0000000c  lw       x15, -0x18(x8)
#656 0 800001e6     0785 r 0f         0000000d  c.addi   x15, 0x1
#657 0 800001e8 fef42423 m f0041028   0000000d  sw       x15, -0x18(x8)
#658 0 800001ec fe842703 r 0e         0000000d  lw       x14, -0x18(x8)
#659 0 800001f0 fe042783 r 0f         0000005b  lw       x15, -0x20(x8)
#660 0 800001f4 fcf74fe3 r 00         00000000  blt      x14, x15, . - 0x22
#661 0 800001d2 fd842703 r 0e         f0040e90  lw       x14, -0x28(x8)
#662 0 800001d6 fe842783 r 0f         0000000d  lw       x15, -0x18(x8)
#663 0 800001da     078a r 0f         00000034  c.slli   x15, 2
#664 0 800001dc     97ba r 0f         f0040ec4  c.add    x15, x14
#665 0 800001de 0007a023 m f0040ec4   00000000  sw       x0, 0x0(x15)
#666 0 800001e2 fe842783 r 0f         0000000d  lw       x15, -0x18(x8)
#667 0 800001e6     0785 r 0f         0000000e  c.addi   x15, 0x1
#668 0 800001e8 fef42423 m f0041028   0000000e  sw       x15, -0x18(x8)
#669 0 800001ec fe842703 r 0e         0000000e  lw       x14, -0x18(x8)
#670 0 800001f0 fe042783 r 0f         0000005b  lw       x15, -0x20(x8)
#671 0 800001f4 fcf74fe3 r 00         00000000  blt      x14, x15, . - 0x22
#672 0 800001d2 fd842703 r 0e         f0040e90  lw       x14, -0x28(x8)
#673 0 800001d6 fe842783 r 0f         0000000e  lw       x15, -0x18(x8)
#674 0 800001da     078a r 0f         00000038  c.slli   x15, 2
#675 0 800001dc     97ba r 0f         f0040ec8  c.add    x15, x14
#676 0 800001de 0007a023 m f0040ec8   00000000  sw       x0, 0x0(x15)
#677 0 800001e2 fe842783 r 0f         0000000e  lw       x15, -0x18(x8)
#678 0 800001e6     0785 r 0f         0000000f  c.addi   x15, 0x1
#679 0 800001e8 fef42423 m f0041028   0000000f  sw       x15, -0x18(x8)
#680 0 800001ec fe842703 r 0e         0000000f  lw       x14, -0x18(x8)
#681 0 800001f0 fe042783 r 0f         0000005b  lw       x15, -0x20(x8)
#682 0 800001f4 fcf74fe3 r 00         00000000  blt      x14, x15, . - 0x22
#683 0 800001d2 fd842703 r 0e         f0040e90  lw       x14, -0x28(x8)
#684 0 800001d6 fe842783 r 0f         0000000f  lw       x15, -0x18(x8)
#685 0 800001da     078a r 0f         0000003c  c.slli   x15, 2
#686 0 800001dc     97ba r 0f         f0040ecc  c.add    x15, x14
#687 0 800001de 0007a023 m f0040ecc   00000000  sw       x0, 0x0(x15)
#688 0 800001e2 fe842783 r 0f         0000000f  lw       x15, -0x18(x8)
#689 0 800001e6     0785 r 0f         00000010  c.addi   x15, 0x1
#690 0 800001e8 fef42423 m f0041028   00000010  sw       x15, -0x18(x8)
#691 0 800001ec fe842703 r 0e         00000010  lw       x14, -0x18(x8)
#692 0 800001f0 fe042783 r 0f         0000005b  lw       x15, -0x20(x8)
#693 0 800001f4 fcf74fe3 r 00         00000000  blt      x14, x15, . - 0x22
#694 0 800001d2 fd842703 r 0e         f0040e90  lw       x14, -0x28(x8)
#695 0 800001d6 fe842783 r 0f         00000010  lw       x15, -0x18(x8)
#696 0 800001da     078a r 0f         00000040  c.slli   x15, 2
#697 0 800001dc     97ba r 0f         f0040ed0  c.add    x15, x14
#698 0 800001de 0007a023 m f0040ed0   00000000  sw       x0, 0x0(x15)
#699 0 800001e2 fe842783 r 0f         00000010  lw       x15, -0x18(x8)
#700 0 800001e6     0785 r 0f         00000011  c.addi   x15, 0x1
#701 0 800001e8 fef42423 m f0041028   00000011  sw       x15, -0x18(x8)
#702 0 800001ec fe842703 r 0e         00000011  lw       x14, -0x18(x8)
#703 0 800001f0 fe042783 r 0f         0000005b  lw       x15, -0x20(x8)
#704 0 800001f4 fcf74fe3 r 00         00000000  blt      x14, x15, . - 0x22
#705 0 800001d2 fd842703 r 0e         f0040e90  lw       x14, -0x28(x8)
#706 0 800001d6 fe842783 r 0f         00000011  lw       x15, -0x18(x8)
#707 0 800001da     078a r 0f         00000044  c.slli   x15, 2
#708 0 800001dc     97ba r 0f         f0040ed4  c.add    x15, x14
#709 0 800001de 0007a023 m f0040ed4   00000000  sw       x0, 0x0(x15)
#710 0 800001e2 fe842783 r 0f         00000011  lw       x15, -0x18(x8)
#711 0 800001e6     0785 r 0f         00000012  c.addi   x15, 0x1
#712 0 800001e8 fef42423 m f0041028   00000012  sw       x15, -0x18(x8)
#713 0 800001ec fe842703 r 0e         00000012  lw       x14, -0x18(x8)
#714 0 800001f0 fe042783 r 0f         0000005b  lw       x15, -0x20(x8)
#715 0 800001f4 fcf74fe3 r 00         00000000  blt      x14, x15, . - 0x22
#716 0 800001d2 fd842703 r 0e         f0040e90  lw       x14, -0x28(x8)
#717 0 800001d6 fe842783 r 0f         00000012  lw       x15, -0x18(x8)
#718 0 800001da     078a r 0f         00000048  c.slli   x15, 2
#719 0 800001dc     97ba r 0f         f0040ed8  c.add    x15, x14
#720 0 800001de 0007a023 m f0040ed8   00000000  sw       x0, 0x0(x15)
#721 0 800001e2 fe842783 r 0f         00000012  lw       x15, -0x18(x8)
#722 0 800001e6     0785 r 0f         00000013  c.addi   x15, 0x1
#723 0 800001e8 fef42423 m f0041028   00000013  sw       x15, -0x18(x8)
#724 0 800001ec fe842703 r 0e         00000013  lw       x14, -0x18(x8)
#725 0 800001f0 fe042783 r 0f         0000005b  lw       x15, -0x20(x8)
#726 0 800001f4 fcf74fe3 r 00         00000000  blt      x14, x15, . - 0x22
#727 0 800001d2 fd842703 r 0e         f0040e90  lw       x14, -0x28(x8)
#728 0 800001d6 fe842783 r 0f         00000013  lw       x15, -0x18(x8)
#729 0 800001da     078a r 0f         0000004c  c.slli   x15, 2
#730 0 800001dc     97ba r 0f         f0040edc  c.add    x15, x14
#731 0 800001de 0007a023 m f0040edc   00000000  sw       x0, 0x0(x15)
#732 0 800001e2 fe842783 r 0f         00000013  lw       x15, -0x18(x8)
#733 0 800001e6     0785 r 0f         00000014  c.addi   x15, 0x1
#734 0 800001e8 fef42423 m f0041028   00000014  sw       x15, -0x18(x8)
#735 0 800001ec fe842703 r 0e         00000014  lw       x14, -0x18(x8)
#736 0 800001f0 fe042783 r 0f         0000005b  lw       x15, -0x20(x8)
#737 0 800001f4 fcf74fe3 r 00         00000000  blt      x14, x15, . - 0x22
#738 0 800001d2 fd842703 r 0e         f0040e90  lw       x14, -0x28(x8)
#739 0 800001d6 fe842783 r 0f         00000014  lw       x15, -0x18(x8)
#740 0 800001da     078a r 0f         00000050  c.slli   x15, 2
#741 0 800001dc     97ba r 0f         f0040ee0  c.add    x15, x14
#742 0 800001de 0007a023 m f0040ee0   00000000  sw       x0, 0x0(x15)
#743 0 800001e2 fe842783 r 0f         00000014  lw       x15, -0x18(x8)
#744 0 800001e6     0785 r 0f         00000015  c.addi   x15, 0x1
#745 0 800001e8 fef42423 m f0041028   00000015  sw       x15, -0x18(x8)
#746 0 800001ec fe842703 r 0e         00000015  lw       x14, -0x18(x8)
#747 0 800001f0 fe042783 r 0f         0000005b  lw       x15, -0x20(x8)
#748 0 800001f4 fcf74fe3 r 00         00000000  blt      x14, x15, . - 0x22
#749 0 800001d2 fd842703 r 0e         f0040e90  lw       x14, -0x28(x8)
#750 0 800001d6 fe842783 r 0f         00000015  lw       x15, -0x18(x8)
#751 0 800001da     078a r 0f         00000054  c.slli   x15, 2
#752 0 800001dc     97ba r 0f         f0040ee4  c.add    x15, x14
#753 0 800001de 0007a023 m f0040ee4   00000000  sw       x0, 0x0(x15)
#754 0 800001e2 fe842783 r 0f         00000015  lw       x15, -0x18(x8)
#755 0 800001e6     0785 r 0f         00000016  c.addi   x15, 0x1
#756 0 800001e8 fef42423 m f0041028   00000016  sw       x15, -0x18(x8)
#757 0 800001ec fe842703 r 0e         00000016  lw       x14, -0x18(x8)
#758 0 800001f0 fe042783 r 0f         0000005b  lw       x15, -0x20(x8)
#759 0 800001f4 fcf74fe3 r 00         00000000  blt      x14, x15, . - 0x22
#760 0 800001d2 fd842703 r 0e         f0040e90  lw       x14, -0x28(x8)
#761 0 800001d6 fe842783 r 0f         00000016  lw       x15, -0x18(x8)
#762 0 800001da     078a r 0f         00000058  c.slli   x15, 2
#763 0 800001dc     97ba r 0f         f0040ee8  c.add    x15, x14
#764 0 800001de 0007a023 m f0040ee8   00000000  sw       x0, 0x0(x15)
#765 0 800001e2 fe842783 r 0f         00000016  lw       x15, -0x18(x8)
#766 0 800001e6     0785 r 0f         00000017  c.addi   x15, 0x1
#767 0 800001e8 fef42423 m f0041028   00000017  sw       x15, -0x18(x8)
#768 0 800001ec fe842703 r 0e         00000017  lw       x14, -0x18(x8)
#769 0 800001f0 fe042783 r 0f         0000005b  lw       x15, -0x20(x8)
#770 0 800001f4 fcf74fe3 r 00         00000000  blt      x14, x15, . - 0x22
#771 0 800001d2 fd842703 r 0e         f0040e90  lw       x14, -0x28(x8)
#772 0 800001d6 fe842783 r 0f         00000017  lw       x15, -0x18(x8)
#773 0 800001da     078a r 0f         0000005c  c.slli   x15, 2
#774 0 800001dc     97ba r 0f         f0040eec  c.add    x15, x14
#775 0 800001de 0007a023 m f0040eec   00000000  sw       x0, 0x0(x15)
#776 0 800001e2 fe842783 r 0f         00000017  lw       x15, -0x18(x8)
#777 0 800001e6     0785 r 0f         00000018  c.addi   x15, 0x1
#778 0 800001e8 fef42423 m f0041028   00000018  sw       x15, -0x18(x8)
#779 0 800001ec fe842703 r 0e         00000018  lw       x14, -0x18(x8)
#780 0 800001f0 fe042783 r 0f         0000005b  lw       x15, -0x20(x8)
#781 0 800001f4 fcf74fe3 r 00         00000000  blt      x14, x15, . - 0x22
#782 0 800001d2 fd842703 r 0e         f0040e90  lw       x14, -0x28(x8)
#783 0 800001d6 fe842783 r 0f         00000018  lw       x15, -0x18(x8)
#784 0 800001da     078a r 0f         00000060  c.slli   x15, 2
#785 0 800001dc     97ba r 0f         f0040ef0  c.add    x15, x14
#786 0 800001de 0007a023 m f0040ef0   00000000  sw       x0, 0x0(x15)
#787 0 800001e2 fe842783 r 0f         00000018  lw       x15, -0x18(x8)
#788 0 800001e6     0785 r 0f         00000019  c.addi   x15, 0x1
#789 0 800001e8 fef42423 m f0041028   00000019  sw       x15, -0x18(x8)
#790 0 800001ec fe842703 r 0e         00000019  lw       x14, -0x18(x8)
#791 0 800001f0 fe042783 r 0f         0000005b  lw       x15, -0x20(x8)
#792 0 800001f4 fcf74fe3 r 00         00000000  blt      x14, x15, . - 0x22
#793 0 800001d2 fd842703 r 0e         f0040e90  lw       x14, -0x28(x8)
#794 0 800001d6 fe842783 r 0f         00000019  lw       x15, -0x18(x8)
#795 0 800001da     078a r 0f         00000064  c.slli   x15, 2
#796 0 800001dc     97ba r 0f         f0040ef4  c.add    x15, x14
#797 0 800001de 0007a023 m f0040ef4   00000000  sw       x0, 0x0(x15)
#798 0 800001e2 fe842783 r 0f         00000019  lw       x15, -0x18(x8)
#799 0 800001e6     0785 r 0f         0000001a  c.addi   x15, 0x1
#800 0 800001e8 fef42423 m f0041028   0000001a  sw       x15, -0x18(x8)
#801 0 800001ec fe842703 r 0e         0000001a  lw       x14, -0x18(x8)
#802 0 800001f0 fe042783 r 0f         0000005b  lw       x15, -0x20(x8)
#803 0 800001f4 fcf74fe3 r 00         00000000  blt      x14, x15, . - 0x22
#804 0 800001d2 fd842703 r 0e         f0040e90  lw       x14, -0x28(x8)
#805 0 800001d6 fe842783 r 0f         0000001a  lw       x15, -0x18(x8)
#806 0 800001da     078a r 0f         00000068  c.slli   x15, 2
#807 0 800001dc     97ba r 0f         f0040ef8  c.add    x15, x14
#808 0 800001de 0007a023 m f0040ef8   00000000  sw       x0, 0x0(x15)
#809 0 800001e2 fe842783 r 0f         0000001a  lw       x15, -0x18(x8)
#810 0 800001e6     0785 r 0f         0000001b  c.addi   x15, 0x1
#811 0 800001e8 fef42423 m f0041028   0000001b  sw       x15, -0x18(x8)
#812 0 800001ec fe842703 r 0e         0000001b  lw       x14, -0x18(x8)
#813 0 800001f0 fe042783 r 0f         0000005b  lw       x15, -0x20(x8)
#814 0 800001f4 fcf74fe3 r 00         00000000  blt      x14, x15, . - 0x22
#815 0 800001d2 fd842703 r 0e         f0040e90  lw       x14, -0x28(x8)
#816 0 800001d6 fe842783 r 0f         0000001b  lw       x15, -0x18(x8)
#817 0 800001da     078a r 0f         0000006c  c.slli   x15, 2
#818 0 800001dc     97ba r 0f         f0040efc  c.add    x15, x14
#819 0 800001de 0007a023 m f0040efc   00000000  sw       x0, 0x0(x15)
#820 0 800001e2 fe842783 r 0f         0000001b  lw       x15, -0x18(x8)
#821 0 800001e6     0785 r 0f         0000001c  c.addi   x15, 0x1
#822 0 800001e8 fef42423 m f0041028   0000001c  sw       x15, -0x18(x8)
#823 0 800001ec fe842703 r 0e         0000001c  lw       x14, -0x18(x8)
#824 0 800001f0 fe042783 r 0f         0000005b  lw       x15, -0x20(x8)
#825 0 800001f4 fcf74fe3 r 00         00000000  blt      x14, x15, . - 0x22
#826 0 800001d2 fd842703 r 0e         f0040e90  lw       x14, -0x28(x8)
#827 0 800001d6 fe842783 r 0f         0000001c  lw       x15, -0x18(x8)
#828 0 800001da     078a r 0f         00000070  c.slli   x15, 2
#829 0 800001dc     97ba r 0f         f0040f00  c.add    x15, x14
#830 0 800001de 0007a023 m f0040f00   00000000  sw       x0, 0x0(x15)
#831 0 800001e2 fe842783 r 0f         0000001c  lw       x15, -0x18(x8)
#832 0 800001e6     0785 r 0f         0000001d  c.addi   x15, 0x1
#833 0 800001e8 fef42423 m f0041028   0000001d  sw       x15, -0x18(x8)
#834 0 800001ec fe842703 r 0e         0000001d  lw       x14, -0x18(x8)
#835 0 800001f0 fe042783 r 0f         0000005b  lw       x15, -0x20(x8)
#836 0 800001f4 fcf74fe3 r 00         00000000  blt      x14, x15, . - 0x22
#837 0 800001d2 fd842703 r 0e         f0040e90  lw       x14, -0x28(x8)
#838 0 800001d6 fe842783 r 0f         0000001d  lw       x15, -0x18(x8)
#839 0 800001da     078a r 0f         00000074  c.slli   x15, 2
#840 0 800001dc     97ba r 0f         f0040f04  c.add    x15, x14
#841 0 800001de 0007a023 m f0040f04   00000000  sw       x0, 0x0(x15)
#842 0 800001e2 fe842783 r 0f         0000001d  lw       x15, -0x18(x8)
#843 0 800001e6     0785 r 0f         0000001e  c.addi   x15, 0x1
#844 0 800001e8 fef42423 m f0041028   0000001e  sw       x15, -0x18(x8)
#845 0 800001ec fe842703 r 0e         0000001e  lw       x14, -0x18(x8)
#846 0 800001f0 fe042783 r 0f         0000005b  lw       x15, -0x20(x8)
#847 0 800001f4 fcf74fe3 r 00         00000000  blt      x14, x15, . - 0x22
#848 0 800001d2 fd842703 r 0e         f0040e90  lw       x14, -0x28(x8)
#849 0 800001d6 fe842783 r 0f         0000001e  lw       x15, -0x18(x8)
#850 0 800001da     078a r 0f         00000078  c.slli   x15, 2
#851 0 800001dc     97ba r 0f         f0040f08  c.add    x15, x14
#852 0 800001de 0007a023 m f0040f08   00000000  sw       x0, 0x0(x15)
#853 0 800001e2 fe842783 r 0f         0000001e  lw       x15, -0x18(x8)
#854 0 800001e6     0785 r 0f         0000001f  c.addi   x15, 0x1
#855 0 800001e8 fef42423 m f0041028   0000001f  sw       x15, -0x18(x8)
#856 0 800001ec fe842703 r 0e         0000001f  lw       x14, -0x18(x8)
#857 0 800001f0 fe042783 r 0f         0000005b  lw       x15, -0x20(x8)
#858 0 800001f4 fcf74fe3 r 00         00000000  blt      x14, x15, . - 0x22
#859 0 800001d2 fd842703 r 0e         f0040e90  lw       x14, -0x28(x8)
#860 0 800001d6 fe842783 r 0f         0000001f  lw       x15, -0x18(x8)
#861 0 800001da     078a r 0f         0000007c  c.slli   x15, 2
#862 0 800001dc     97ba r 0f         f0040f0c  c.add    x15, x14
#863 0 800001de 0007a023 m f0040f0c   00000000  sw       x0, 0x0(x15)
#864 0 800001e2 fe842783 r 0f         0000001f  lw       x15, -0x18(x8)
#865 0 800001e6     0785 r 0f         00000020  c.addi   x15, 0x1
#866 0 800001e8 fef42423 m f0041028   00000020  sw       x15, -0x18(x8)
#867 0 800001ec fe842703 r 0e         00000020  lw       x14, -0x18(x8)
#868 0 800001f0 fe042783 r 0f         0000005b  lw       x15, -0x20(x8)
#869 0 800001f4 fcf74fe3 r 00         00000000  blt      x14, x15, . - 0x22
#870 0 800001d2 fd842703 r 0e         f0040e90  lw       x14, -0x28(x8)
#871 0 800001d6 fe842783 r 0f         00000020  lw       x15, -0x18(x8)
#872 0 800001da     078a r 0f         00000080  c.slli   x15, 2
#873 0 800001dc     97ba r 0f         f0040f10  c.add    x15, x14
#874 0 800001de 0007a023 m f0040f10   00000000  sw       x0, 0x0(x15)
#875 0 800001e2 fe842783 r 0f         00000020  lw       x15, -0x18(x8)
#876 0 800001e6     0785 r 0f         00000021  c.addi   x15, 0x1
#877 0 800001e8 fef42423 m f0041028   00000021  sw       x15, -0x18(x8)
#878 0 800001ec fe842703 r 0e         00000021  lw       x14, -0x18(x8)
#879 0 800001f0 fe042783 r 0f         0000005b  lw       x15, -0x20(x8)
#880 0 800001f4 fcf74fe3 r 00         00000000  blt      x14, x15, . - 0x22
#881 0 800001d2 fd842703 r 0e         f0040e90  lw       x14, -0x28(x8)
#882 0 800001d6 fe842783 r 0f         00000021  lw       x15, -0x18(x8)
#883 0 800001da     078a r 0f         00000084  c.slli   x15, 2
#884 0 800001dc     97ba r 0f         f0040f14  c.add    x15, x14
#885 0 800001de 0007a023 m f0040f14   00000000  sw       x0, 0x0(x15)
#886 0 800001e2 fe842783 r 0f         00000021  lw       x15, -0x18(x8)
#887 0 800001e6     0785 r 0f         00000022  c.addi   x15, 0x1
#888 0 800001e8 fef42423 m f0041028   00000022  sw       x15, -0x18(x8)
#889 0 800001ec fe842703 r 0e         00000022  lw       x14, -0x18(x8)
#890 0 800001f0 fe042783 r 0f         0000005b  lw       x15, -0x20(x8)
#891 0 800001f4 fcf74fe3 r 00         00000000  blt      x14, x15, . - 0x22
#892 0 800001d2 fd842703 r 0e         f0040e90  lw       x14, -0x28(x8)
#893 0 800001d6 fe842783 r 0f         00000022  lw       x15, -0x18(x8)
#894 0 800001da     078a r 0f         00000088  c.slli   x15, 2
#895 0 800001dc     97ba r 0f         f0040f18  c.add    x15, x14
#896 0 800001de 0007a023 m f0040f18   00000000  sw       x0, 0x0(x15)
#897 0 800001e2 fe842783 r 0f         00000022  lw       x15, -0x18(x8)
#898 0 800001e6     0785 r 0f         00000023  c.addi   x15, 0x1
#899 0 800001e8 fef42423 m f0041028   00000023  sw       x15, -0x18(x8)
#900 0 800001ec fe842703 r 0e         00000023  lw       x14, -0x18(x8)
#901 0 800001f0 fe042783 r 0f         0000005b  lw       x15, -0x20(x8)
#902 0 800001f4 fcf74fe3 r 00         00000000  blt      x14, x15, . - 0x22
#903 0 800001d2 fd842703 r 0e         f0040e90  lw       x14, -0x28(x8)
#904 0 800001d6 fe842783 r 0f         00000023  lw       x15, -0x18(x8)
#905 0 800001da     078a r 0f         0000008c  c.slli   x15, 2
#906 0 800001dc     97ba r 0f         f0040f1c  c.add    x15, x14
#907 0 800001de 0007a023 m f0040f1c   00000000  sw       x0, 0x0(x15)
#908 0 800001e2 fe842783 r 0f         00000023  lw       x15, -0x18(x8)
#909 0 800001e6     0785 r 0f         00000024  c.addi   x15, 0x1
#910 0 800001e8 fef42423 m f0041028   00000024  sw       x15, -0x18(x8)
#911 0 800001ec fe842703 r 0e         00000024  lw       x14, -0x18(x8)
#912 0 800001f0 fe042783 r 0f         0000005b  lw       x15, -0x20(x8)
#913 0 800001f4 fcf74fe3 r 00         00000000  blt      x14, x15, . - 0x22
#914 0 800001d2 fd842703 r 0e         f0040e90  lw       x14, -0x28(x8)
#915 0 800001d6 fe842783 r 0f         00000024  lw       x15, -0x18(x8)
#916 0 800001da     078a r 0f         00000090  c.slli   x15, 2
#917 0 800001dc     97ba r 0f         f0040f20  c.add    x15, x14
#918 0 800001de 0007a023 m f0040f20   00000000  sw       x0, 0x0(x15)
#919 0 800001e2 fe842783 r 0f         00000024  lw       x15, -0x18(x8)
#920 0 800001e6     0785 r 0f         00000025  c.addi   x15, 0x1
#921 0 800001e8 fef42423 m f0041028   00000025  sw       x15, -0x18(x8)
#922 0 800001ec fe842703 r 0e         00000025  lw       x14, -0x18(x8)
#923 0 800001f0 fe042783 r 0f         0000005b  lw       x15, -0x20(x8)
#924 0 800001f4 fcf74fe3 r 00         00000000  blt      x14, x15, . - 0x22
#925 0 800001d2 fd842703 r 0e         f0040e90  lw       x14, -0x28(x8)
#926 0 800001d6 fe842783 r 0f         00000025  lw       x15, -0x18(x8)
#927 0 800001da     078a r 0f         00000094  c.slli   x15, 2
#928 0 800001dc     97ba r 0f         f0040f24  c.add    x15, x14
#929 0 800001de 0007a023 m f0040f24   00000000  sw       x0, 0x0(x15)
#930 0 800001e2 fe842783 r 0f         00000025  lw       x15, -0x18(x8)
#931 0 800001e6     0785 r 0f         00000026  c.addi   x15, 0x1
#932 0 800001e8 fef42423 m f0041028   00000026  sw       x15, -0x18(x8)
#933 0 800001ec fe842703 r 0e         00000026  lw       x14, -0x18(x8)
#934 0 800001f0 fe042783 r 0f         0000005b  lw       x15, -0x20(x8)
#935 0 800001f4 fcf74fe3 r 00         00000000  blt      x14, x15, . - 0x22
#936 0 800001d2 fd842703 r 0e         f0040e90  lw       x14, -0x28(x8)
#937 0 800001d6 fe842783 r 0f         00000026  lw       x15, -0x18(x8)
#938 0 800001da     078a r 0f         00000098  c.slli   x15, 2
#939 0 800001dc     97ba r 0f         f0040f28  c.add    x15, x14
#940 0 800001de 0007a023 m f0040f28   00000000  sw       x0, 0x0(x15)
#941 0 800001e2 fe842783 r 0f         00000026  lw       x15, -0x18(x8)
#942 0 800001e6     0785 r 0f         00000027  c.addi   x15, 0x1
#943 0 800001e8 fef42423 m f0041028   00000027  sw       x15, -0x18(x8)
#944 0 800001ec fe842703 r 0e         00000027  lw       x14, -0x18(x8)
#945 0 800001f0 fe042783 r 0f         0000005b  lw       x15, -0x20(x8)
#946 0 800001f4 fcf74fe3 r 00         00000000  blt      x14, x15, . - 0x22
#947 0 800001d2 fd842703 r 0e         f0040e90  lw       x14, -0x28(x8)
#948 0 800001d6 fe842783 r 0f         00000027  lw       x15, -0x18(x8)
#949 0 800001da     078a r 0f         0000009c  c.slli   x15, 2
#950 0 800001dc     97ba r 0f         f0040f2c  c.add    x15, x14
#951 0 800001de 0007a023 m f0040f2c   00000000  sw       x0, 0x0(x15)
#952 0 800001e2 fe842783 r 0f         00000027  lw       x15, -0x18(x8)
#953 0 800001e6     0785 r 0f         00000028  c.addi   x15, 0x1
#954 0 800001e8 fef42423 m f0041028   00000028  sw       x15, -0x18(x8)
#955 0 800001ec fe842703 r 0e         00000028  lw       x14, -0x18(x8)
#956 0 800001f0 fe042783 r 0f         0000005b  lw       x15, -0x20(x8)
#957 0 800001f4 fcf74fe3 r 00         00000000  blt      x14, x15, . - 0x22
#958 0 800001d2 fd842703 r 0e         f0040e90  lw       x14, -0x28(x8)
#959 0 800001d6 fe842783 r 0f         00000028  lw       x15, -0x18(x8)
#960 0 800001da     078a r 0f         000000a0  c.slli   x15, 2
#961 0 800001dc     97ba r 0f         f0040f30  c.add    x15, x14
#962 0 800001de 0007a023 m f0040f30   00000000  sw       x0, 0x0(x15)
#963 0 800001e2 fe842783 r 0f         00000028  lw       x15, -0x18(x8)
#964 0 800001e6     0785 r 0f         00000029  c.addi   x15, 0x1
#965 0 800001e8 fef42423 m f0041028   00000029  sw       x15, -0x18(x8)
#966 0 800001ec fe842703 r 0e         00000029  lw       x14, -0x18(x8)
#967 0 800001f0 fe042783 r 0f         0000005b  lw       x15, -0x20(x8)
#968 0 800001f4 fcf74fe3 r 00         00000000  blt      x14, x15, . - 0x22
#969 0 800001d2 fd842703 r 0e         f0040e90  lw       x14, -0x28(x8)
#970 0 800001d6 fe842783 r 0f         00000029  lw       x15, -0x18(x8)
#971 0 800001da     078a r 0f         000000a4  c.slli   x15, 2
#972 0 800001dc     97ba r 0f         f0040f34  c.add    x15, x14
#973 0 800001de 0007a023 m f0040f34   00000000  sw       x0, 0x0(x15)
#974 0 800001e2 fe842783 r 0f         00000029  lw       x15, -0x18(x8)
#975 0 800001e6     0785 r 0f         0000002a  c.addi   x15, 0x1
#976 0 800001e8 fef42423 m f0041028   0000002a  sw       x15, -0x18(x8)
#977 0 800001ec fe842703 r 0e         0000002a  lw       x14, -0x18(x8)
#978 0 800001f0 fe042783 r 0f         0000005b  lw       x15, -0x20(x8)
#979 0 800001f4 fcf74fe3 r 00         00000000  blt      x14, x15, . - 0x22
#980 0 800001d2 fd842703 r 0e         f0040e90  lw       x14, -0x28(x8)
#981 0 800001d6 fe842783 r 0f         0000002a  lw       x15, -0x18(x8)
#982 0 800001da     078a r 0f         000000a8  c.slli   x15, 2
#983 0 800001dc     97ba r 0f         f0040f38  c.add    x15, x14
#984 0 800001de 0007a023 m f0040f38   00000000  sw       x0, 0x0(x15)
#985 0 800001e2 fe842783 r 0f         0000002a  lw       x15, -0x18(x8)
#986 0 800001e6     0785 r 0f         0000002b  c.addi   x15, 0x1
#987 0 800001e8 fef42423 m f0041028   0000002b  sw       x15, -0x18(x8)
#988 0 800001ec fe842703 r 0e         0000002b  lw       x14, -0x18(x8)
#989 0 800001f0 fe042783 r 0f         0000005b  lw       x15, -0x20(x8)
#990 0 800001f4 fcf74fe3 r 00         00000000  blt      x14, x15, . - 0x22
#991 0 800001d2 fd842703 r 0e         f0040e90  lw       x14, -0x28(x8)
#992 0 800001d6 fe842783 r 0f         0000002b  lw       x15, -0x18(x8)
#993 0 800001da     078a r 0f         000000ac  c.slli   x15, 2
#994 0 800001dc     97ba r 0f         f0040f3c  c.add    x15, x14
#995 0 800001de 0007a023 m f0040f3c   00000000  sw       x0, 0x0(x15)
#996 0 800001e2 fe842783 r 0f         0000002b  lw       x15, -0x18(x8)
#997 0 800001e6     0785 r 0f         0000002c  c.addi   x15, 0x1
#998 0 800001e8 fef42423 m f0041028   0000002c  sw       x15, -0x18(x8)
#999 0 800001ec fe842703 r 0e         0000002c  lw       x14, -0x18(x8)
#1000 0 800001f0 fe042783 r 0f         0000005b  lw       x15, -0x20(x8)
#1001 0 800001f4 fcf74fe3 r 00         00000000  blt      x14, x15, . - 0x22
#1002 0 800001d2 fd842703 r 0e         f0040e90  lw       x14, -0x28(x8)
#1003 0 800001d6 fe842783 r 0f         0000002c  lw       x15, -0x18(x8)
#1004 0 800001da     078a r 0f         000000b0  c.slli   x15, 2
#1005 0 800001dc     97ba r 0f         f0040f40  c.add    x15, x14
#1006 0 800001de 0007a023 m f0040f40   00000000  sw       x0, 0x0(x15)
#1007 0 800001e2 fe842783 r 0f         0000002c  lw       x15, -0x18(x8)
#1008 0 800001e6     0785 r 0f         0000002d  c.addi   x15, 0x1
#1009 0 800001e8 fef42423 m f0041028   0000002d  sw       x15, -0x18(x8)
#1010 0 800001ec fe842703 r 0e         0000002d  lw       x14, -0x18(x8)
#1011 0 800001f0 fe042783 r 0f         0000005b  lw       x15, -0x20(x8)
#1012 0 800001f4 fcf74fe3 r 00         00000000  blt      x14, x15, . - 0x22
#1013 0 800001d2 fd842703 r 0e         f0040e90  lw       x14, -0x28(x8)
#1014 0 800001d6 fe842783 r 0f         0000002d  lw       x15, -0x18(x8)
#1015 0 800001da     078a r 0f         000000b4  c.slli   x15, 2
#1016 0 800001dc     97ba r 0f         f0040f44  c.add    x15, x14
#1017 0 800001de 0007a023 m f0040f44   00000000  sw       x0, 0x0(x15)
#1018 0 800001e2 fe842783 r 0f         0000002d  lw       x15, -0x18(x8)
#1019 0 800001e6     0785 r 0f         0000002e  c.addi   x15, 0x1
#1020 0 800001e8 fef42423 m f0041028   0000002e  sw       x15, -0x18(x8)
#1021 0 800001ec fe842703 r 0e         0000002e  lw       x14, -0x18(x8)
#1022 0 800001f0 fe042783 r 0f         0000005b  lw       x15, -0x20(x8)
#1023 0 800001f4 fcf74fe3 r 00         00000000  blt      x14, x15, . - 0x22
#1024 0 800001d2 fd842703 r 0e         f0040e90  lw       x14, -0x28(x8)
#1025 0 800001d6 fe842783 r 0f         0000002e  lw       x15, -0x18(x8)
#1026 0 800001da     078a r 0f         000000b8  c.slli   x15, 2
#1027 0 800001dc     97ba r 0f         f0040f48  c.add    x15, x14
#1028 0 800001de 0007a023 m f0040f48   00000000  sw       x0, 0x0(x15)
#1029 0 800001e2 fe842783 r 0f         0000002e  lw       x15, -0x18(x8)
#1030 0 800001e6     0785 r 0f         0000002f  c.addi   x15, 0x1
#1031 0 800001e8 fef42423 m f0041028   0000002f  sw       x15, -0x18(x8)
#1032 0 800001ec fe842703 r 0e         0000002f  lw       x14, -0x18(x8)
#1033 0 800001f0 fe042783 r 0f         0000005b  lw       x15, -0x20(x8)
#1034 0 800001f4 fcf74fe3 r 00         00000000  blt      x14, x15, . - 0x22
#1035 0 800001d2 fd842703 r 0e         f0040e90  lw       x14, -0x28(x8)
#1036 0 800001d6 fe842783 r 0f         0000002f  lw       x15, -0x18(x8)
#1037 0 800001da     078a r 0f         000000bc  c.slli   x15, 2
#1038 0 800001dc     97ba r 0f         f0040f4c  c.add    x15, x14
#1039 0 800001de 0007a023 m f0040f4c   00000000  sw       x0, 0x0(x15)
#1040 0 800001e2 fe842783 r 0f         0000002f  lw       x15, -0x18(x8)
#1041 0 800001e6     0785 r 0f         00000030  c.addi   x15, 0x1
#1042 0 800001e8 fef42423 m f0041028   00000030  sw       x15, -0x18(x8)
#1043 0 800001ec fe842703 r 0e         00000030  lw       x14, -0x18(x8)
#1044 0 800001f0 fe042783 r 0f         0000005b  lw       x15, -0x20(x8)
#1045 0 800001f4 fcf74fe3 r 00         00000000  blt      x14, x15, . - 0x22
#1046 0 800001d2 fd842703 r 0e         f0040e90  lw       x14, -0x28(x8)
#1047 0 800001d6 fe842783 r 0f         00000030  lw       x15, -0x18(x8)
#1048 0 800001da     078a r 0f         000000c0  c.slli   x15, 2
#1049 0 800001dc     97ba r 0f         f0040f50  c.add    x15, x14
#1050 0 800001de 0007a023 m f0040f50   00000000  sw       x0, 0x0(x15)
#1051 0 800001e2 fe842783 r 0f         00000030  lw       x15, -0x18(x8)
#1052 0 800001e6     0785 r 0f         00000031  c.addi   x15, 0x1
#1053 0 800001e8 fef42423 m f0041028   00000031  sw       x15, -0x18(x8)
#1054 0 800001ec fe842703 r 0e         00000031  lw       x14, -0x18(x8)
#1055 0 800001f0 fe042783 r 0f         0000005b  lw       x15, -0x20(x8)
#1056 0 800001f4 fcf74fe3 r 00         00000000  blt      x14, x15, . - 0x22
#1057 0 800001d2 fd842703 r 0e         f0040e90  lw       x14, -0x28(x8)
#1058 0 800001d6 fe842783 r 0f         00000031  lw       x15, -0x18(x8)
#1059 0 800001da     078a r 0f         000000c4  c.slli   x15, 2
#1060 0 800001dc     97ba r 0f         f0040f54  c.add    x15, x14
#1061 0 800001de 0007a023 m f0040f54   00000000  sw       x0, 0x0(x15)
#1062 0 800001e2 fe842783 r 0f         00000031  lw       x15, -0x18(x8)
#1063 0 800001e6     0785 r 0f         00000032  c.addi   x15, 0x1
#1064 0 800001e8 fef42423 m f0041028   00000032  sw       x15, -0x18(x8)
#1065 0 800001ec fe842703 r 0e         00000032  lw       x14, -0x18(x8)
#1066 0 800001f0 fe042783 r 0f         0000005b  lw       x15, -0x20(x8)
#1067 0 800001f4 fcf74fe3 r 00         00000000  blt      x14, x15, . - 0x22
#1068 0 800001d2 fd842703 r 0e         f0040e90  lw       x14, -0x28(x8)
#1069 0 800001d6 fe842783 r 0f         00000032  lw       x15, -0x18(x8)
#1070 0 800001da     078a r 0f         000000c8  c.slli   x15, 2
#1071 0 800001dc     97ba r 0f         f0040f58  c.add    x15, x14
#1072 0 800001de 0007a023 m f0040f58   00000000  sw       x0, 0x0(x15)
#1073 0 800001e2 fe842783 r 0f         00000032  lw       x15, -0x18(x8)
#1074 0 800001e6     0785 r 0f         00000033  c.addi   x15, 0x1
#1075 0 800001e8 fef42423 m f0041028   00000033  sw       x15, -0x18(x8)
#1076 0 800001ec fe842703 r 0e         00000033  lw       x14, -0x18(x8)
#1077 0 800001f0 fe042783 r 0f         0000005b  lw       x15, -0x20(x8)
#1078 0 800001f4 fcf74fe3 r 00         00000000  blt      x14, x15, . - 0x22
#1079 0 800001d2 fd842703 r 0e         f0040e90  lw       x14, -0x28(x8)
#1080 0 800001d6 fe842783 r 0f         00000033  lw       x15, -0x18(x8)
#1081 0 800001da     078a r 0f         000000cc  c.slli   x15, 2
#1082 0 800001dc     97ba r 0f         f0040f5c  c.add    x15, x14
#1083 0 800001de 0007a023 m f0040f5c   00000000  sw       x0, 0x0(x15)
#1084 0 800001e2 fe842783 r 0f         00000033  lw       x15, -0x18(x8)
#1085 0 800001e6     0785 r 0f         00000034  c.addi   x15, 0x1
#1086 0 800001e8 fef42423 m f0041028   00000034  sw       x15, -0x18(x8)
#1087 0 800001ec fe842703 r 0e         00000034  lw       x14, -0x18(x8)
#1088 0 800001f0 fe042783 r 0f         0000005b  lw       x15, -0x20(x8)
#1089 0 800001f4 fcf74fe3 r 00         00000000  blt      x14, x15, . - 0x22
#1090 0 800001d2 fd842703 r 0e         f0040e90  lw       x14, -0x28(x8)
#1091 0 800001d6 fe842783 r 0f         00000034  lw       x15, -0x18(x8)
#1092 0 800001da     078a r 0f         000000d0  c.slli   x15, 2
#1093 0 800001dc     97ba r 0f         f0040f60  c.add    x15, x14
#1094 0 800001de 0007a023 m f0040f60   00000000  sw       x0, 0x0(x15)
#1095 0 800001e2 fe842783 r 0f         00000034  lw       x15, -0x18(x8)
#1096 0 800001e6     0785 r 0f         00000035  c.addi   x15, 0x1
#1097 0 800001e8 fef42423 m f0041028   00000035  sw       x15, -0x18(x8)
#1098 0 800001ec fe842703 r 0e         00000035  lw       x14, -0x18(x8)
#1099 0 800001f0 fe042783 r 0f         0000005b  lw       x15, -0x20(x8)
#1100 0 800001f4 fcf74fe3 r 00         00000000  blt      x14, x15, . - 0x22
#1101 0 800001d2 fd842703 r 0e         f0040e90  lw       x14, -0x28(x8)
#1102 0 800001d6 fe842783 r 0f         00000035  lw       x15, -0x18(x8)
#1103 0 800001da     078a r 0f         000000d4  c.slli   x15, 2
#1104 0 800001dc     97ba r 0f         f0040f64  c.add    x15, x14
#1105 0 800001de 0007a023 m f0040f64   00000000  sw       x0, 0x0(x15)
#1106 0 800001e2 fe842783 r 0f         00000035  lw       x15, -0x18(x8)
#1107 0 800001e6     0785 r 0f         00000036  c.addi   x15, 0x1
#1108 0 800001e8 fef42423 m f0041028   00000036  sw       x15, -0x18(x8)
#1109 0 800001ec fe842703 r 0e         00000036  lw       x14, -0x18(x8)
#1110 0 800001f0 fe042783 r 0f         0000005b  lw       x15, -0x20(x8)
#1111 0 800001f4 fcf74fe3 r 00         00000000  blt      x14, x15, . - 0x22
#1112 0 800001d2 fd842703 r 0e         f0040e90  lw       x14, -0x28(x8)
#1113 0 800001d6 fe842783 r 0f         00000036  lw       x15, -0x18(x8)
#1114 0 800001da     078a r 0f         000000d8  c.slli   x15, 2
#1115 0 800001dc     97ba r 0f         f0040f68  c.add    x15, x14
#1116 0 800001de 0007a023 m f0040f68   00000000  sw       x0, 0x0(x15)
#1117 0 800001e2 fe842783 r 0f         00000036  lw       x15, -0x18(x8)
#1118 0 800001e6     0785 r 0f         00000037  c.addi   x15, 0x1
#1119 0 800001e8 fef42423 m f0041028   00000037  sw       x15, -0x18(x8)
#1120 0 800001ec fe842703 r 0e         00000037  lw       x14, -0x18(x8)
#1121 0 800001f0 fe042783 r 0f         0000005b  lw       x15, -0x20(x8)
#1122 0 800001f4 fcf74fe3 r 00         00000000  blt      x14, x15, . - 0x22
#1123 0 800001d2 fd842703 r 0e         f0040e90  lw       x14, -0x28(x8)
#1124 0 800001d6 fe842783 r 0f         00000037  lw       x15, -0x18(x8)
#1125 0 800001da     078a r 0f         000000dc  c.slli   x15, 2
#1126 0 800001dc     97ba r 0f         f0040f6c  c.add    x15, x14
#1127 0 800001de 0007a023 m f0040f6c   00000000  sw       x0, 0x0(x15)
#1128 0 800001e2 fe842783 r 0f         00000037  lw       x15, -0x18(x8)
#1129 0 800001e6     0785 r 0f         00000038  c.addi   x15, 0x1
#1130 0 800001e8 fef42423 m f0041028   00000038  sw       x15, -0x18(x8)
#1131 0 800001ec fe842703 r 0e         00000038  lw       x14, -0x18(x8)
#1132 0 800001f0 fe042783 r 0f         0000005b  lw       x15, -0x20(x8)
#1133 0 800001f4 fcf74fe3 r 00         00000000  blt      x14, x15, . - 0x22
#1134 0 800001d2 fd842703 r 0e         f0040e90  lw       x14, -0x28(x8)
#1135 0 800001d6 fe842783 r 0f         00000038  lw       x15, -0x18(x8)
#1136 0 800001da     078a r 0f         000000e0  c.slli   x15, 2
#1137 0 800001dc     97ba r 0f         f0040f70  c.add    x15, x14
#1138 0 800001de 0007a023 m f0040f70   00000000  sw       x0, 0x0(x15)
#1139 0 800001e2 fe842783 r 0f         00000038  lw       x15, -0x18(x8)
#1140 0 800001e6     0785 r 0f         00000039  c.addi   x15, 0x1
#1141 0 800001e8 fef42423 m f0041028   00000039  sw       x15, -0x18(x8)
#1142 0 800001ec fe842703 r 0e         00000039  lw       x14, -0x18(x8)
#1143 0 800001f0 fe042783 r 0f         0000005b  lw       x15, -0x20(x8)
#1144 0 800001f4 fcf74fe3 r 00         00000000  blt      x14, x15, . - 0x22
#1145 0 800001d2 fd842703 r 0e         f0040e90  lw       x14, -0x28(x8)
#1146 0 800001d6 fe842783 r 0f         00000039  lw       x15, -0x18(x8)
#1147 0 800001da     078a r 0f         000000e4  c.slli   x15, 2
#1148 0 800001dc     97ba r 0f         f0040f74  c.add    x15, x14
#1149 0 800001de 0007a023 m f0040f74   00000000  sw       x0, 0x0(x15)
#1150 0 800001e2 fe842783 r 0f         00000039  lw       x15, -0x18(x8)
#1151 0 800001e6     0785 r 0f         0000003a  c.addi   x15, 0x1
#1152 0 800001e8 fef42423 m f0041028   0000003a  sw       x15, -0x18(x8)
#1153 0 800001ec fe842703 r 0e         0000003a  lw       x14, -0x18(x8)
#1154 0 800001f0 fe042783 r 0f         0000005b  lw       x15, -0x20(x8)
#1155 0 800001f4 fcf74fe3 r 00         00000000  blt      x14, x15, . - 0x22
#1156 0 800001d2 fd842703 r 0e         f0040e90  lw       x14, -0x28(x8)
#1157 0 800001d6 fe842783 r 0f         0000003a  lw       x15, -0x18(x8)
#1158 0 800001da     078a r 0f         000000e8  c.slli   x15, 2
#1159 0 800001dc     97ba r 0f         f0040f78  c.add    x15, x14
#1160 0 800001de 0007a023 m f0040f78   00000000  sw       x0, 0x0(x15)
#1161 0 800001e2 fe842783 r 0f         0000003a  lw       x15, -0x18(x8)
#1162 0 800001e6     0785 r 0f         0000003b  c.addi   x15, 0x1
#1163 0 800001e8 fef42423 m f0041028   0000003b  sw       x15, -0x18(x8)
#1164 0 800001ec fe842703 r 0e         0000003b  lw       x14, -0x18(x8)
#1165 0 800001f0 fe042783 r 0f         0000005b  lw       x15, -0x20(x8)
#1166 0 800001f4 fcf74fe3 r 00         00000000  blt      x14, x15, . - 0x22
#1167 0 800001d2 fd842703 r 0e         f0040e90  lw       x14, -0x28(x8)
#1168 0 800001d6 fe842783 r 0f         0000003b  lw       x15, -0x18(x8)
#1169 0 800001da     078a r 0f         000000ec  c.slli   x15, 2
#1170 0 800001dc     97ba r 0f         f0040f7c  c.add    x15, x14
#1171 0 800001de 0007a023 m f0040f7c   00000000  sw       x0, 0x0(x15)
#1172 0 800001e2 fe842783 r 0f         0000003b  lw       x15, -0x18(x8)
#1173 0 800001e6     0785 r 0f         0000003c  c.addi   x15, 0x1
#1174 0 800001e8 fef42423 m f0041028   0000003c  sw       x15, -0x18(x8)
#1175 0 800001ec fe842703 r 0e         0000003c  lw       x14, -0x18(x8)
#1176 0 800001f0 fe042783 r 0f         0000005b  lw       x15, -0x20(x8)
#1177 0 800001f4 fcf74fe3 r 00         00000000  blt      x14, x15, . - 0x22
#1178 0 800001d2 fd842703 r 0e         f0040e90  lw       x14, -0x28(x8)
#1179 0 800001d6 fe842783 r 0f         0000003c  lw       x15, -0x18(x8)
#1180 0 800001da     078a r 0f         000000f0  c.slli   x15, 2
#1181 0 800001dc     97ba r 0f         f0040f80  c.add    x15, x14
#1182 0 800001de 0007a023 m f0040f80   00000000  sw       x0, 0x0(x15)
#1183 0 800001e2 fe842783 r 0f         0000003c  lw       x15, -0x18(x8)
#1184 0 800001e6     0785 r 0f         0000003d  c.addi   x15, 0x1
#1185 0 800001e8 fef42423 m f0041028   0000003d  sw       x15, -0x18(x8)
#1186 0 800001ec fe842703 r 0e         0000003d  lw       x14, -0x18(x8)
#1187 0 800001f0 fe042783 r 0f         0000005b  lw       x15, -0x20(x8)
#1188 0 800001f4 fcf74fe3 r 00         00000000  blt      x14, x15, . - 0x22
#1189 0 800001d2 fd842703 r 0e         f0040e90  lw       x14, -0x28(x8)
#1190 0 800001d6 fe842783 r 0f         0000003d  lw       x15, -0x18(x8)
#1191 0 800001da     078a r 0f         000000f4  c.slli   x15, 2
#1192 0 800001dc     97ba r 0f         f0040f84  c.add    x15, x14
#1193 0 800001de 0007a023 m f0040f84   00000000  sw       x0, 0x0(x15)
#1194 0 800001e2 fe842783 r 0f         0000003d  lw       x15, -0x18(x8)
#1195 0 800001e6     0785 r 0f         0000003e  c.addi   x15, 0x1
#1196 0 800001e8 fef42423 m f0041028   0000003e  sw       x15, -0x18(x8)
#1197 0 800001ec fe842703 r 0e         0000003e  lw       x14, -0x18(x8)
#1198 0 800001f0 fe042783 r 0f         0000005b  lw       x15, -0x20(x8)
#1199 0 800001f4 fcf74fe3 r 00         00000000  blt      x14, x15, . - 0x22
#1200 0 800001d2 fd842703 r 0e         f0040e90  lw       x14, -0x28(x8)
#1201 0 800001d6 fe842783 r 0f         0000003e  lw       x15, -0x18(x8)
#1202 0 800001da     078a r 0f         000000f8  c.slli   x15, 2
#1203 0 800001dc     97ba r 0f         f0040f88  c.add    x15, x14
#1204 0 800001de 0007a023 m f0040f88   00000000  sw       x0, 0x0(x15)
#1205 0 800001e2 fe842783 r 0f         0000003e  lw       x15, -0x18(x8)
#1206 0 800001e6     0785 r 0f         0000003f  c.addi   x15, 0x1
#1207 0 800001e8 fef42423 m f0041028   0000003f  sw       x15, -0x18(x8)
#1208 0 800001ec fe842703 r 0e         0000003f  lw       x14, -0x18(x8)
#1209 0 800001f0 fe042783 r 0f         0000005b  lw       x15, -0x20(x8)
#1210 0 800001f4 fcf74fe3 r 00         00000000  blt      x14, x15, . - 0x22
#1211 0 800001d2 fd842703 r 0e         f0040e90  lw       x14, -0x28(x8)
#1212 0 800001d6 fe842783 r 0f         0000003f  lw       x15, -0x18(x8)
#1213 0 800001da     078a r 0f         000000fc  c.slli   x15, 2
#1214 0 800001dc     97ba r 0f         f0040f8c  c.add    x15, x14
#1215 0 800001de 0007a023 m f0040f8c   00000000  sw       x0, 0x0(x15)
#1216 0 800001e2 fe842783 r 0f         0000003f  lw       x15, -0x18(x8)
#1217 0 800001e6     0785 r 0f         00000040  c.addi   x15, 0x1
#1218 0 800001e8 fef42423 m f0041028   00000040  sw       x15, -0x18(x8)
#1219 0 800001ec fe842703 r 0e         00000040  lw       x14, -0x18(x8)
#1220 0 800001f0 fe042783 r 0f         0000005b  lw       x15, -0x20(x8)
#1221 0 800001f4 fcf74fe3 r 00         00000000  blt      x14, x15, . - 0x22
#1222 0 800001d2 fd842703 r 0e         f0040e90  lw       x14, -0x28(x8)
#1223 0 800001d6 fe842783 r 0f         00000040  lw       x15, -0x18(x8)
#1224 0 800001da     078a r 0f         00000100  c.slli   x15, 2
#1225 0 800001dc     97ba r 0f         f0040f90  c.add    x15, x14
#1226 0 800001de 0007a023 m f0040f90   00000000  sw       x0, 0x0(x15)
#1227 0 800001e2 fe842783 r 0f         00000040  lw       x15, -0x18(x8)
#1228 0 800001e6     0785 r 0f         00000041  c.addi   x15, 0x1
#1229 0 800001e8 fef42423 m f0041028   00000041  sw       x15, -0x18(x8)
#1230 0 800001ec fe842703 r 0e         00000041  lw       x14, -0x18(x8)
#1231 0 800001f0 fe042783 r 0f         0000005b  lw       x15, -0x20(x8)
#1232 0 800001f4 fcf74fe3 r 00         00000000  blt      x14, x15, . - 0x22
#1233 0 800001d2 fd842703 r 0e         f0040e90  lw       x14, -0x28(x8)
#1234 0 800001d6 fe842783 r 0f         00000041  lw       x15, -0x18(x8)
#1235 0 800001da     078a r 0f         00000104  c.slli   x15, 2
#1236 0 800001dc     97ba r 0f         f0040f94  c.add    x15, x14
#1237 0 800001de 0007a023 m f0040f94   00000000  sw       x0, 0x0(x15)
#1238 0 800001e2 fe842783 r 0f         00000041  lw       x15, -0x18(x8)
#1239 0 800001e6     0785 r 0f         00000042  c.addi   x15, 0x1
#1240 0 800001e8 fef42423 m f0041028   00000042  sw       x15, -0x18(x8)
#1241 0 800001ec fe842703 r 0e         00000042  lw       x14, -0x18(x8)
#1242 0 800001f0 fe042783 r 0f         0000005b  lw       x15, -0x20(x8)
#1243 0 800001f4 fcf74fe3 r 00         00000000  blt      x14, x15, . - 0x22
#1244 0 800001d2 fd842703 r 0e         f0040e90  lw       x14, -0x28(x8)
#1245 0 800001d6 fe842783 r 0f         00000042  lw       x15, -0x18(x8)
#1246 0 800001da     078a r 0f         00000108  c.slli   x15, 2
#1247 0 800001dc     97ba r 0f         f0040f98  c.add    x15, x14
#1248 0 800001de 0007a023 m f0040f98   00000000  sw       x0, 0x0(x15)
#1249 0 800001e2 fe842783 r 0f         00000042  lw       x15, -0x18(x8)
#1250 0 800001e6     0785 r 0f         00000043  c.addi   x15, 0x1
#1251 0 800001e8 fef42423 m f0041028   00000043  sw       x15, -0x18(x8)
#1252 0 800001ec fe842703 r 0e         00000043  lw       x14, -0x18(x8)
#1253 0 800001f0 fe042783 r 0f         0000005b  lw       x15, -0x20(x8)
#1254 0 800001f4 fcf74fe3 r 00         00000000  blt      x14, x15, . - 0x22
#1255 0 800001d2 fd842703 r 0e         f0040e90  lw       x14, -0x28(x8)
#1256 0 800001d6 fe842783 r 0f         00000043  lw       x15, -0x18(x8)
#1257 0 800001da     078a r 0f         0000010c  c.slli   x15, 2
#1258 0 800001dc     97ba r 0f         f0040f9c  c.add    x15, x14
#1259 0 800001de 0007a023 m f0040f9c   00000000  sw       x0, 0x0(x15)
#1260 0 800001e2 fe842783 r 0f         00000043  lw       x15, -0x18(x8)
#1261 0 800001e6     0785 r 0f         00000044  c.addi   x15, 0x1
#1262 0 800001e8 fef42423 m f0041028   00000044  sw       x15, -0x18(x8)
#1263 0 800001ec fe842703 r 0e         00000044  lw       x14, -0x18(x8)
#1264 0 800001f0 fe042783 r 0f         0000005b  lw       x15, -0x20(x8)
#1265 0 800001f4 fcf74fe3 r 00         00000000  blt      x14, x15, . - 0x22
#1266 0 800001d2 fd842703 r 0e         f0040e90  lw       x14, -0x28(x8)
#1267 0 800001d6 fe842783 r 0f         00000044  lw       x15, -0x18(x8)
#1268 0 800001da     078a r 0f         00000110  c.slli   x15, 2
#1269 0 800001dc     97ba r 0f         f0040fa0  c.add    x15, x14
#1270 0 800001de 0007a023 m f0040fa0   00000000  sw       x0, 0x0(x15)
#1271 0 800001e2 fe842783 r 0f         00000044  lw       x15, -0x18(x8)
#1272 0 800001e6     0785 r 0f         00000045  c.addi   x15, 0x1
#1273 0 800001e8 fef42423 m f0041028   00000045  sw       x15, -0x18(x8)
#1274 0 800001ec fe842703 r 0e         00000045  lw       x14, -0x18(x8)
#1275 0 800001f0 fe042783 r 0f         0000005b  lw       x15, -0x20(x8)
#1276 0 800001f4 fcf74fe3 r 00         00000000  blt      x14, x15, . - 0x22
#1277 0 800001d2 fd842703 r 0e         f0040e90  lw       x14, -0x28(x8)
#1278 0 800001d6 fe842783 r 0f         00000045  lw       x15, -0x18(x8)
#1279 0 800001da     078a r 0f         00000114  c.slli   x15, 2
#1280 0 800001dc     97ba r 0f         f0040fa4  c.add    x15, x14
#1281 0 800001de 0007a023 m f0040fa4   00000000  sw       x0, 0x0(x15)
#1282 0 800001e2 fe842783 r 0f         00000045  lw       x15, -0x18(x8)
#1283 0 800001e6     0785 r 0f         00000046  c.addi   x15, 0x1
#1284 0 800001e8 fef42423 m f0041028   00000046  sw       x15, -0x18(x8)
#1285 0 800001ec fe842703 r 0e         00000046  lw       x14, -0x18(x8)
#1286 0 800001f0 fe042783 r 0f         0000005b  lw       x15, -0x20(x8)
#1287 0 800001f4 fcf74fe3 r 00         00000000  blt      x14, x15, . - 0x22
#1288 0 800001d2 fd842703 r 0e         f0040e90  lw       x14, -0x28(x8)
#1289 0 800001d6 fe842783 r 0f         00000046  lw       x15, -0x18(x8)
#1290 0 800001da     078a r 0f         00000118  c.slli   x15, 2
#1291 0 800001dc     97ba r 0f         f0040fa8  c.add    x15, x14
#1292 0 800001de 0007a023 m f0040fa8   00000000  sw       x0, 0x0(x15)
#1293 0 800001e2 fe842783 r 0f         00000046  lw       x15, -0x18(x8)
#1294 0 800001e6     0785 r 0f         00000047  c.addi   x15, 0x1
#1295 0 800001e8 fef42423 m f0041028   00000047  sw       x15, -0x18(x8)
#1296 0 800001ec fe842703 r 0e         00000047  lw       x14, -0x18(x8)
#1297 0 800001f0 fe042783 r 0f         0000005b  lw       x15, -0x20(x8)
#1298 0 800001f4 fcf74fe3 r 00         00000000  blt      x14, x15, . - 0x22
#1299 0 800001d2 fd842703 r 0e         f0040e90  lw       x14, -0x28(x8)
#1300 0 800001d6 fe842783 r 0f         00000047  lw       x15, -0x18(x8)
#1301 0 800001da     078a r 0f         0000011c  c.slli   x15, 2
#1302 0 800001dc     97ba r 0f         f0040fac  c.add    x15, x14
#1303 0 800001de 0007a023 m f0040fac   00000000  sw       x0, 0x0(x15)
#1304 0 800001e2 fe842783 r 0f         00000047  lw       x15, -0x18(x8)
#1305 0 800001e6     0785 r 0f         00000048  c.addi   x15, 0x1
#1306 0 800001e8 fef42423 m f0041028   00000048  sw       x15, -0x18(x8)
#1307 0 800001ec fe842703 r 0e         00000048  lw       x14, -0x18(x8)
#1308 0 800001f0 fe042783 r 0f         0000005b  lw       x15, -0x20(x8)
#1309 0 800001f4 fcf74fe3 r 00         00000000  blt      x14, x15, . - 0x22
#1310 0 800001d2 fd842703 r 0e         f0040e90  lw       x14, -0x28(x8)
#1311 0 800001d6 fe842783 r 0f         00000048  lw       x15, -0x18(x8)
#1312 0 800001da     078a r 0f         00000120  c.slli   x15, 2
#1313 0 800001dc     97ba r 0f         f0040fb0  c.add    x15, x14
#1314 0 800001de 0007a023 m f0040fb0   00000000  sw       x0, 0x0(x15)
#1315 0 800001e2 fe842783 r 0f         00000048  lw       x15, -0x18(x8)
#1316 0 800001e6     0785 r 0f         00000049  c.addi   x15, 0x1
#1317 0 800001e8 fef42423 m f0041028   00000049  sw       x15, -0x18(x8)
#1318 0 800001ec fe842703 r 0e         00000049  lw       x14, -0x18(x8)
#1319 0 800001f0 fe042783 r 0f         0000005b  lw       x15, -0x20(x8)
#1320 0 800001f4 fcf74fe3 r 00         00000000  blt      x14, x15, . - 0x22
#1321 0 800001d2 fd842703 r 0e         f0040e90  lw       x14, -0x28(x8)
#1322 0 800001d6 fe842783 r 0f         00000049  lw       x15, -0x18(x8)
#1323 0 800001da     078a r 0f         00000124  c.slli   x15, 2
#1324 0 800001dc     97ba r 0f         f0040fb4  c.add    x15, x14
#1325 0 800001de 0007a023 m f0040fb4   00000000  sw       x0, 0x0(x15)
#1326 0 800001e2 fe842783 r 0f         00000049  lw       x15, -0x18(x8)
#1327 0 800001e6     0785 r 0f         0000004a  c.addi   x15, 0x1
#1328 0 800001e8 fef42423 m f0041028   0000004a  sw       x15, -0x18(x8)
#1329 0 800001ec fe842703 r 0e         0000004a  lw       x14, -0x18(x8)
#1330 0 800001f0 fe042783 r 0f         0000005b  lw       x15, -0x20(x8)
#1331 0 800001f4 fcf74fe3 r 00         00000000  blt      x14, x15, . - 0x22
#1332 0 800001d2 fd842703 r 0e         f0040e90  lw       x14, -0x28(x8)
#1333 0 800001d6 fe842783 r 0f         0000004a  lw       x15, -0x18(x8)
#1334 0 800001da     078a r 0f         00000128  c.slli   x15, 2
#1335 0 800001dc     97ba r 0f         f0040fb8  c.add    x15, x14
#1336 0 800001de 0007a023 m f0040fb8   00000000  sw       x0, 0x0(x15)
#1337 0 800001e2 fe842783 r 0f         0000004a  lw       x15, -0x18(x8)
#1338 0 800001e6     0785 r 0f         0000004b  c.addi   x15, 0x1
#1339 0 800001e8 fef42423 m f0041028   0000004b  sw       x15, -0x18(x8)
#1340 0 800001ec fe842703 r 0e         0000004b  lw       x14, -0x18(x8)
#1341 0 800001f0 fe042783 r 0f         0000005b  lw       x15, -0x20(x8)
#1342 0 800001f4 fcf74fe3 r 00         00000000  blt      x14, x15, . - 0x22
#1343 0 800001d2 fd842703 r 0e         f0040e90  lw       x14, -0x28(x8)
#1344 0 800001d6 fe842783 r 0f         0000004b  lw       x15, -0x18(x8)
#1345 0 800001da     078a r 0f         0000012c  c.slli   x15, 2
#1346 0 800001dc     97ba r 0f         f0040fbc  c.add    x15, x14
#1347 0 800001de 0007a023 m f0040fbc   00000000  sw       x0, 0x0(x15)
#1348 0 800001e2 fe842783 r 0f         0000004b  lw       x15, -0x18(x8)
#1349 0 800001e6     0785 r 0f         0000004c  c.addi   x15, 0x1
#1350 0 800001e8 fef42423 m f0041028   0000004c  sw       x15, -0x18(x8)
#1351 0 800001ec fe842703 r 0e         0000004c  lw       x14, -0x18(x8)
#1352 0 800001f0 fe042783 r 0f         0000005b  lw       x15, -0x20(x8)
#1353 0 800001f4 fcf74fe3 r 00         00000000  blt      x14, x15, . - 0x22
#1354 0 800001d2 fd842703 r 0e         f0040e90  lw       x14, -0x28(x8)
#1355 0 800001d6 fe842783 r 0f         0000004c  lw       x15, -0x18(x8)
#1356 0 800001da     078a r 0f         00000130  c.slli   x15, 2
#1357 0 800001dc     97ba r 0f         f0040fc0  c.add    x15, x14
#1358 0 800001de 0007a023 m f0040fc0   00000000  sw       x0, 0x0(x15)
#1359 0 800001e2 fe842783 r 0f         0000004c  lw       x15, -0x18(x8)
#1360 0 800001e6     0785 r 0f         0000004d  c.addi   x15, 0x1
#1361 0 800001e8 fef42423 m f0041028   0000004d  sw       x15, -0x18(x8)
#1362 0 800001ec fe842703 r 0e         0000004d  lw       x14, -0x18(x8)
#1363 0 800001f0 fe042783 r 0f         0000005b  lw       x15, -0x20(x8)
#1364 0 800001f4 fcf74fe3 r 00         00000000  blt      x14, x15, . - 0x22
#1365 0 800001d2 fd842703 r 0e         f0040e90  lw       x14, -0x28(x8)
#1366 0 800001d6 fe842783 r 0f         0000004d  lw       x15, -0x18(x8)
#1367 0 800001da     078a r 0f         00000134  c.slli   x15, 2
#1368 0 800001dc     97ba r 0f         f0040fc4  c.add    x15, x14
#1369 0 800001de 0007a023 m f0040fc4   00000000  sw       x0, 0x0(x15)
#1370 0 800001e2 fe842783 r 0f         0000004d  lw       x15, -0x18(x8)
#1371 0 800001e6     0785 r 0f         0000004e  c.addi   x15, 0x1
#1372 0 800001e8 fef42423 m f0041028   0000004e  sw       x15, -0x18(x8)
#1373 0 800001ec fe842703 r 0e         0000004e  lw       x14, -0x18(x8)
#1374 0 800001f0 fe042783 r 0f         0000005b  lw       x15, -0x20(x8)
#1375 0 800001f4 fcf74fe3 r 00         00000000  blt      x14, x15, . - 0x22
#1376 0 800001d2 fd842703 r 0e         f0040e90  lw       x14, -0x28(x8)
#1377 0 800001d6 fe842783 r 0f         0000004e  lw       x15, -0x18(x8)
#1378 0 800001da     078a r 0f         00000138  c.slli   x15, 2
#1379 0 800001dc     97ba r 0f         f0040fc8  c.add    x15, x14
#1380 0 800001de 0007a023 m f0040fc8   00000000  sw       x0, 0x0(x15)
#1381 0 800001e2 fe842783 r 0f         0000004e  lw       x15, -0x18(x8)
#1382 0 800001e6     0785 r 0f         0000004f  c.addi   x15, 0x1
#1383 0 800001e8 fef42423 m f0041028   0000004f  sw       x15, -0x18(x8)
#1384 0 800001ec fe842703 r 0e         0000004f  lw       x14, -0x18(x8)
#1385 0 800001f0 fe042783 r 0f         0000005b  lw       x15, -0x20(x8)
#1386 0 800001f4 fcf74fe3 r 00         00000000  blt      x14, x15, . - 0x22
#1387 0 800001d2 fd842703 r 0e         f0040e90  lw       x14, -0x28(x8)
#1388 0 800001d6 fe842783 r 0f         0000004f  lw       x15, -0x18(x8)
#1389 0 800001da     078a r 0f         0000013c  c.slli   x15, 2
#1390 0 800001dc     97ba r 0f         f0040fcc  c.add    x15, x14
#1391 0 800001de 0007a023 m f0040fcc   00000000  sw       x0, 0x0(x15)
#1392 0 800001e2 fe842783 r 0f         0000004f  lw       x15, -0x18(x8)
#1393 0 800001e6     0785 r 0f         00000050  c.addi   x15, 0x1
#1394 0 800001e8 fef42423 m f0041028   00000050  sw       x15, -0x18(x8)
#1395 0 800001ec fe842703 r 0e         00000050  lw       x14, -0x18(x8)
#1396 0 800001f0 fe042783 r 0f         0000005b  lw       x15, -0x20(x8)
#1397 0 800001f4 fcf74fe3 r 00         00000000  blt      x14, x15, . - 0x22
#1398 0 800001d2 fd842703 r 0e         f0040e90  lw       x14, -0x28(x8)
#1399 0 800001d6 fe842783 r 0f         00000050  lw       x15, -0x18(x8)
#1400 0 800001da     078a r 0f         00000140  c.slli   x15, 2
#1401 0 800001dc     97ba r 0f         f0040fd0  c.add    x15, x14
#1402 0 800001de 0007a023 m f0040fd0   00000000  sw       x0, 0x0(x15)
#1403 0 800001e2 fe842783 r 0f         00000050  lw       x15, -0x18(x8)
#1404 0 800001e6     0785 r 0f         00000051  c.addi   x15, 0x1
#1405 0 800001e8 fef42423 m f0041028   00000051  sw       x15, -0x18(x8)
#1406 0 800001ec fe842703 r 0e         00000051  lw       x14, -0x18(x8)
#1407 0 800001f0 fe042783 r 0f         0000005b  lw       x15, -0x20(x8)
#1408 0 800001f4 fcf74fe3 r 00         00000000  blt      x14, x15, . - 0x22
#1409 0 800001d2 fd842703 r 0e         f0040e90  lw       x14, -0x28(x8)
#1410 0 800001d6 fe842783 r 0f         00000051  lw       x15, -0x18(x8)
#1411 0 800001da     078a r 0f         00000144  c.slli   x15, 2
#1412 0 800001dc     97ba r 0f         f0040fd4  c.add    x15, x14
#1413 0 800001de 0007a023 m f0040fd4   00000000  sw       x0, 0x0(x15)
#1414 0 800001e2 fe842783 r 0f         00000051  lw       x15, -0x18(x8)
#1415 0 800001e6     0785 r 0f         00000052  c.addi   x15, 0x1
#1416 0 800001e8 fef42423 m f0041028   00000052  sw       x15, -0x18(x8)
#1417 0 800001ec fe842703 r 0e         00000052  lw       x14, -0x18(x8)
#1418 0 800001f0 fe042783 r 0f         0000005b  lw       x15, -0x20(x8)
#1419 0 800001f4 fcf74fe3 r 00         00000000  blt      x14, x15, . - 0x22
#1420 0 800001d2 fd842703 r 0e         f0040e90  lw       x14, -0x28(x8)
#1421 0 800001d6 fe842783 r 0f         00000052  lw       x15, -0x18(x8)
#1422 0 800001da     078a r 0f         00000148  c.slli   x15, 2
#1423 0 800001dc     97ba r 0f         f0040fd8  c.add    x15, x14
#1424 0 800001de 0007a023 m f0040fd8   00000000  sw       x0, 0x0(x15)
#1425 0 800001e2 fe842783 r 0f         00000052  lw       x15, -0x18(x8)
#1426 0 800001e6     0785 r 0f         00000053  c.addi   x15, 0x1
#1427 0 800001e8 fef42423 m f0041028   00000053  sw       x15, -0x18(x8)
#1428 0 800001ec fe842703 r 0e         00000053  lw       x14, -0x18(x8)
#1429 0 800001f0 fe042783 r 0f         0000005b  lw       x15, -0x20(x8)
#1430 0 800001f4 fcf74fe3 r 00         00000000  blt      x14, x15, . - 0x22
#1431 0 800001d2 fd842703 r 0e         f0040e90  lw       x14, -0x28(x8)
#1432 0 800001d6 fe842783 r 0f         00000053  lw       x15, -0x18(x8)
#1433 0 800001da     078a r 0f         0000014c  c.slli   x15, 2
#1434 0 800001dc     97ba r 0f         f0040fdc  c.add    x15, x14
#1435 0 800001de 0007a023 m f0040fdc   00000000  sw       x0, 0x0(x15)
#1436 0 800001e2 fe842783 r 0f         00000053  lw       x15, -0x18(x8)
#1437 0 800001e6     0785 r 0f         00000054  c.addi   x15, 0x1
#1438 0 800001e8 fef42423 m f0041028   00000054  sw       x15, -0x18(x8)
#1439 0 800001ec fe842703 r 0e         00000054  lw       x14, -0x18(x8)
#1440 0 800001f0 fe042783 r 0f         0000005b  lw       x15, -0x20(x8)
#1441 0 800001f4 fcf74fe3 r 00         00000000  blt      x14, x15, . - 0x22
#1442 0 800001d2 fd842703 r 0e         f0040e90  lw       x14, -0x28(x8)
#1443 0 800001d6 fe842783 r 0f         00000054  lw       x15, -0x18(x8)
#1444 0 800001da     078a r 0f         00000150  c.slli   x15, 2
#1445 0 800001dc     97ba r 0f         f0040fe0  c.add    x15, x14
#1446 0 800001de 0007a023 m f0040fe0   00000000  sw       x0, 0x0(x15)
#1447 0 800001e2 fe842783 r 0f         00000054  lw       x15, -0x18(x8)
#1448 0 800001e6     0785 r 0f         00000055  c.addi   x15, 0x1
#1449 0 800001e8 fef42423 m f0041028   00000055  sw       x15, -0x18(x8)
#1450 0 800001ec fe842703 r 0e         00000055  lw       x14, -0x18(x8)
#1451 0 800001f0 fe042783 r 0f         0000005b  lw       x15, -0x20(x8)
#1452 0 800001f4 fcf74fe3 r 00         00000000  blt      x14, x15, . - 0x22
#1453 0 800001d2 fd842703 r 0e         f0040e90  lw       x14, -0x28(x8)
#1454 0 800001d6 fe842783 r 0f         00000055  lw       x15, -0x18(x8)
#1455 0 800001da     078a r 0f         00000154  c.slli   x15, 2
#1456 0 800001dc     97ba r 0f         f0040fe4  c.add    x15, x14
#1457 0 800001de 0007a023 m f0040fe4   00000000  sw       x0, 0x0(x15)
#1458 0 800001e2 fe842783 r 0f         00000055  lw       x15, -0x18(x8)
#1459 0 800001e6     0785 r 0f         00000056  c.addi   x15, 0x1
#1460 0 800001e8 fef42423 m f0041028   00000056  sw       x15, -0x18(x8)
#1461 0 800001ec fe842703 r 0e         00000056  lw       x14, -0x18(x8)
#1462 0 800001f0 fe042783 r 0f         0000005b  lw       x15, -0x20(x8)
#1463 0 800001f4 fcf74fe3 r 00         00000000  blt      x14, x15, . - 0x22
#1464 0 800001d2 fd842703 r 0e         f0040e90  lw       x14, -0x28(x8)
#1465 0 800001d6 fe842783 r 0f         00000056  lw       x15, -0x18(x8)
#1466 0 800001da     078a r 0f         00000158  c.slli   x15, 2
#1467 0 800001dc     97ba r 0f         f0040fe8  c.add    x15, x14
#1468 0 800001de 0007a023 m f0040fe8   00000000  sw       x0, 0x0(x15)
#1469 0 800001e2 fe842783 r 0f         00000056  lw       x15, -0x18(x8)
#1470 0 800001e6     0785 r 0f         00000057  c.addi   x15, 0x1
#1471 0 800001e8 fef42423 m f0041028   00000057  sw       x15, -0x18(x8)
#1472 0 800001ec fe842703 r 0e         00000057  lw       x14, -0x18(x8)
#1473 0 800001f0 fe042783 r 0f         0000005b  lw       x15, -0x20(x8)
#1474 0 800001f4 fcf74fe3 r 00         00000000  blt      x14, x15, . - 0x22
#1475 0 800001d2 fd842703 r 0e         f0040e90  lw       x14, -0x28(x8)
#1476 0 800001d6 fe842783 r 0f         00000057  lw       x15, -0x18(x8)
#1477 0 800001da     078a r 0f         0000015c  c.slli   x15, 2
#1478 0 800001dc     97ba r 0f         f0040fec  c.add    x15, x14
#1479 0 800001de 0007a023 m f0040fec   00000000  sw       x0, 0x0(x15)
#1480 0 800001e2 fe842783 r 0f         00000057  lw       x15, -0x18(x8)
#1481 0 800001e6     0785 r 0f         00000058  c.addi   x15, 0x1
#1482 0 800001e8 fef42423 m f0041028   00000058  sw       x15, -0x18(x8)
#1483 0 800001ec fe842703 r 0e         00000058  lw       x14, -0x18(x8)
#1484 0 800001f0 fe042783 r 0f         0000005b  lw       x15, -0x20(x8)
#1485 0 800001f4 fcf74fe3 r 00         00000000  blt      x14, x15, . - 0x22
#1486 0 800001d2 fd842703 r 0e         f0040e90  lw       x14, -0x28(x8)
#1487 0 800001d6 fe842783 r 0f         00000058  lw       x15, -0x18(x8)
#1488 0 800001da     078a r 0f         00000160  c.slli   x15, 2
#1489 0 800001dc     97ba r 0f         f0040ff0  c.add    x15, x14
#1490 0 800001de 0007a023 m f0040ff0   00000000  sw       x0, 0x0(x15)
#1491 0 800001e2 fe842783 r 0f         00000058  lw       x15, -0x18(x8)
#1492 0 800001e6     0785 r 0f         00000059  c.addi   x15, 0x1
#1493 0 800001e8 fef42423 m f0041028   00000059  sw       x15, -0x18(x8)
#1494 0 800001ec fe842703 r 0e         00000059  lw       x14, -0x18(x8)
#1495 0 800001f0 fe042783 r 0f         0000005b  lw       x15, -0x20(x8)
#1496 0 800001f4 fcf74fe3 r 00         00000000  blt      x14, x15, . - 0x22
#1497 0 800001d2 fd842703 r 0e         f0040e90  lw       x14, -0x28(x8)
#1498 0 800001d6 fe842783 r 0f         00000059  lw       x15, -0x18(x8)
#1499 0 800001da     078a r 0f         00000164  c.slli   x15, 2
#1500 0 800001dc     97ba r 0f         f0040ff4  c.add    x15, x14
#1501 0 800001de 0007a023 m f0040ff4   00000000  sw       x0, 0x0(x15)
#1502 0 800001e2 fe842783 r 0f         00000059  lw       x15, -0x18(x8)
#1503 0 800001e6     0785 r 0f         0000005a  c.addi   x15, 0x1
#1504 0 800001e8 fef42423 m f0041028   0000005a  sw       x15, -0x18(x8)
#1505 0 800001ec fe842703 r 0e         0000005a  lw       x14, -0x18(x8)
#1506 0 800001f0 fe042783 r 0f         0000005b  lw       x15, -0x20(x8)
#1507 0 800001f4 fcf74fe3 r 00         00000000  blt      x14, x15, . - 0x22
#1508 0 800001d2 fd842703 r 0e         f0040e90  lw       x14, -0x28(x8)
#1509 0 800001d6 fe842783 r 0f         0000005a  lw       x15, -0x18(x8)
#1510 0 800001da     078a r 0f         00000168  c.slli   x15, 2
#1511 0 800001dc     97ba r 0f         f0040ff8  c.add    x15, x14
#1512 0 800001de 0007a023 m f0040ff8   00000000  sw       x0, 0x0(x15)
#1513 0 800001e2 fe842783 r 0f         0000005a  lw       x15, -0x18(x8)
#1514 0 800001e6     0785 r 0f         0000005b  c.addi   x15, 0x1
#1515 0 800001e8 fef42423 m f0041028   0000005b  sw       x15, -0x18(x8)
#1516 0 800001ec fe842703 r 0e         0000005b  lw       x14, -0x18(x8)
#1517 0 800001f0 fe042783 r 0f         0000005b  lw       x15, -0x20(x8)
#1518 0 800001f4 fcf74fe3 r 00         00000000  blt      x14, x15, . - 0x22
#1519 0 800001f8 fe042423 m f0041028   00000000  sw       x0, -0x18(x8)
#1520 0 800001fc     a0a1 r 00         00000000  c.j      . + 0x48
#1521 0 80000244 fe842703 r 0e         00000000  lw       x14, -0x18(x8)
#1522 0 80000248 fe042783 r 0f         0000005b  lw       x15, -0x20(x8)
#1523 0 8000024c faf749e3 r 00         00000000  blt      x14, x15, . - 0x4e
#1524 0 800001fe fec42783 r 0f         f0040000  lw       x15, -0x14(x8)
#1525 0 80000202     4398 r 0e         0000002d  c.lw     x14, 0x0(x15)
#1526 0 80000204 fcc42783 r 0f         00000000  lw       x15, -0x34(x8)
#1527 0 80000208 40f707b3 r 0f         0000002d  sub      x15, x14, x15
#1528 0 8000020c fd842703 r 0e         f0040e90  lw       x14, -0x28(x8)
#1529 0 80000210     078a r 0f         000000b4  c.slli   x15, 2
#1530 0 80000212     97ba r 0f         f0040f44  c.add    x15, x14
#1531 0 80000214     4398 r 0e         00000000  c.lw     x14, 0x0(x15)
#1532 0 80000216 fec42783 r 0f         f0040000  lw       x15, -0x14(x8)
#1533 0 8000021a     4394 r 0d         0000002d  c.lw     x13, 0x0(x15)
#1534 0 8000021c fcc42783 r 0f         00000000  lw       x15, -0x34(x8)
#1535 0 80000220 40f687b3 r 0f         0000002d  sub      x15, x13, x15
#1536 0 80000224     0705 r 0e         00000001  c.addi   x14, 0x1
#1537 0 80000226 fd842683 r 0d         f0040e90  lw       x13, -0x28(x8)
#1538 0 8000022a     078a r 0f         000000b4  c.slli   x15, 2
#1539 0 8000022c     97b6 r 0f         f0040f44  c.add    x15, x13
#1540 0 8000022e     c398 m f0040f44   00000001  c.sw     x14, 0x0(x15)
#1541 0 80000230 fe842783 r 0f         00000000  lw       x15, -0x18(x8)
#1542 0 80000234     0785 r 0f         00000001  c.addi   x15, 0x1
#1543 0 80000236 fef42423 m f0041028   00000001  sw       x15, -0x18(x8)
#1544 0 8000023a fec42783 r 0f         f0040000  lw       x15, -0x14(x8)
#1545 0 8000023e     0791 r 0f         f0040004  c.addi   x15, 0x4
#1546 0 80000240 fef42623 m f004102c   f0040004  sw       x15, -0x14(x8)
#1547 0 80000244 fe842703 r 0e         00000001  lw       x14, -0x18(x8)
#1548 0 80000248 fe042783 r 0f         0000005b  lw       x15, -0x20(x8)
#1549 0 8000024c faf749e3 r 00         00000000  blt      x14, x15, . - 0x4e
#1550 0 800001fe fec42783 r 0f         f0040004  lw       x15, -0x14(x8)
#1551 0 80000202     4398 r 0e         00000043  c.lw     x14, 0x0(x15)
#1552 0 80000204 fcc42783 r 0f         00000000  lw       x15, -0x34(x8)
#1553 0 80000208 40f707b3 r 0f         00000043  sub      x15, x14, x15
#1554 0 8000020c fd842703 r 0e         f0040e90  lw       x14, -0x28(x8)
#1555 0 80000210     078a r 0f         0000010c  c.slli   x15, 2
#1556 0 80000212     97ba r 0f         f0040f9c  c.add    x15, x14
#1557 0 80000214     4398 r 0e         00000000  c.lw     x14, 0x0(x15)
#1558 0 80000216 fec42783 r 0f         f0040004  lw       x15, -0x14(x8)
#1559 0 8000021a     4394 r 0d         00000043  c.lw     x13, 0x0(x15)
#1560 0 8000021c fcc42783 r 0f         00000000  lw       x15, -0x34(x8)
#1561 0 80000220 40f687b3 r 0f         00000043  sub      x15, x13, x15
#1562 0 80000224     0705 r 0e         00000001  c.addi   x14, 0x1
#1563 0 80000226 fd842683 r 0d         f0040e90  lw       x13, -0x28(x8)
#1564 0 8000022a     078a r 0f         0000010c  c.slli   x15, 2
#1565 0 8000022c     97b6 r 0f         f0040f9c  c.add    x15, x13
#1566 0 8000022e     c398 m f0040f9c   00000001  c.sw     x14, 0x0(x15)
#1567 0 80000230 fe842783 r 0f         00000001  lw       x15, -0x18(x8)
#1568 0 80000234     0785 r 0f         00000002  c.addi   x15, 0x1
#1569 0 80000236 fef42423 m f0041028   00000002  sw       x15, -0x18(x8)
#1570 0 8000023a fec42783 r 0f         f0040004  lw       x15, -0x14(x8)
#1571 0 8000023e     0791 r 0f         f0040008  c.addi   x15, 0x4
#1572 0 80000240 fef42623 m f004102c   f0040008  sw       x15, -0x14(x8)
#1573 0 80000244 fe842703 r 0e         00000002  lw       x14, -0x18(x8)
#1574 0 80000248 fe042783 r 0f         0000005b  lw       x15, -0x20(x8)
#1575 0 8000024c faf749e3 r 00         00000000  blt      x14, x15, . - 0x4e
#1576 0 800001fe fec42783 r 0f         f0040008  lw       x15, -0x14(x8)
#1577 0 80000202     4398 r 0e         0000000c  c.lw     x14, 0x0(x15)
#1578 0 80000204 fcc42783 r 0f         00000000  lw       x15, -0x34(x8)
#1579 0 80000208 40f707b3 r 0f         0000000c  sub      x15, x14, x15
#1580 0 8000020c fd842703 r 0e         f0040e90  lw       x14, -0x28(x8)
#1581 0 80000210     078a r 0f         00000030  c.slli   x15, 2
#1582 0 80000212     97ba r 0f         f0040ec0  c.add    x15, x14
#1583 0 80000214     4398 r 0e         00000000  c.lw     x14, 0x0(x15)
#1584 0 80000216 fec42783 r 0f         f0040008  lw       x15, -0x14(x8)
#1585 0 8000021a     4394 r 0d         0000000c  c.lw     x13, 0x0(x15)
#1586 0 8000021c fcc42783 r 0f         00000000  lw       x15, -0x34(x8)
#1587 0 80000220 40f687b3 r 0f         0000000c  sub      x15, x13, x15
#1588 0 80000224     0705 r 0e         00000001  c.addi   x14, 0x1
#1589 0 80000226 fd842683 r 0d         f0040e90  lw       x13, -0x28(x8)
#1590 0 8000022a     078a r 0f         00000030  c.slli   x15, 2
#1591 0 8000022c     97b6 r 0f         f0040ec0  c.add    x15, x13
#1592 0 8000022e     c398 m f0040ec0   00000001  c.sw     x14, 0x0(x15)
#1593 0 80000230 fe842783 r 0f         00000002  lw       x15, -0x18(x8)
#1594 0 80000234     0785 r 0f         00000003  c.addi   x15, 0x1
#1595 0 80000236 fef42423 m f0041028   00000003  sw       x15, -0x18(x8)
#1596 0 8000023a fec42783 r 0f         f0040008  lw       x15, -0x14(x8)
#1597 0 8000023e     0791 r 0f         f004000c  c.addi   x15, 0x4
#1598 0 80000240 fef42623 m f004102c   f004000c  sw       x15, -0x14(x8)
#1599 0 80000244 fe842703 r 0e         00000003  lw       x14, -0x18(x8)
#1600 0 80000248 fe042783 r 0f         0000005b  lw       x15, -0x20(x8)
#1601 0 8000024c faf749e3 r 00         00000000  blt      x14, x15, . - 0x4e
#1602 0 800001fe fec42783 r 0f         f004000c  lw       x15, -0x14(x8)
#1603 0 80000202     4398 r 0e         00000059  c.lw     x14, 0x0(x15)
#1604 0 80000204 fcc42783 r 0f         00000000  lw       x15, -0x34(x8)
#1605 0 80000208 40f707b3 r 0f         00000059  sub      x15, x14, x15
#1606 0 8000020c fd842703 r 0e         f0040e90  lw       x14, -0x28(x8)
#1607 0 80000210     078a r 0f         00000164  c.slli   x15, 2
#1608 0 80000212     97ba r 0f         f0040ff4  c.add    x15, x14
#1609 0 80000214     4398 r 0e         00000000  c.lw     x14, 0x0(x15)
#1610 0 80000216 fec42783 r 0f         f004000c  lw       x15, -0x14(x8)
#1611 0 8000021a     4394 r 0d         00000059  c.lw     x13, 0x0(x15)
#1612 0 8000021c fcc42783 r 0f         00000000  lw       x15, -0x34(x8)
#1613 0 80000220 40f687b3 r 0f         00000059  sub      x15, x13, x15
#1614 0 80000224     0705 r 0e         00000001  c.addi   x14, 0x1
#1615 0 80000226 fd842683 r 0d         f0040e90  lw       x13, -0x28(x8)
#1616 0 8000022a     078a r 0f         00000164  c.slli   x15, 2
#1617 0 8000022c     97b6 r 0f         f0040ff4  c.add    x15, x13
#1618 0 8000022e     c398 m f0040ff4   00000001  c.sw     x14, 0x0(x15)
#1619 0 80000230 fe842783 r 0f         00000003  lw       x15, -0x18(x8)
#1620 0 80000234     0785 r 0f         00000004  c.addi   x15, 0x1
#1621 0 80000236 fef42423 m f0041028   00000004  sw       x15, -0x18(x8)
#1622 0 8000023a fec42783 r 0f         f004000c  lw       x15, -0x14(x8)
#1623 0 8000023e     0791 r 0f         f0040010  c.addi   x15, 0x4
#1624 0 80000240 fef42623 m f004102c   f0040010  sw       x15, -0x14(x8)
#1625 0 80000244 fe842703 r 0e         00000004  lw       x14, -0x18(x8)
#1626 0 80000248 fe042783 r 0f         0000005b  lw       x15, -0x20(x8)
#1627 0 8000024c faf749e3 r 00         00000000  blt      x14, x15, . - 0x4e
#1628 0 800001fe fec42783 r 0f         f0040010  lw       x15, -0x14(x8)
#1629 0 80000202     4398 r 0e         0000002c  c.lw     x14, 0x0(x15)
#1630 0 80000204 fcc42783 r 0f         00000000  lw       x15, -0x34(x8)
#1631 0 80000208 40f707b3 r 0f         0000002c  sub      x15, x14, x15
#1632 0 8000020c fd842703 r 0e         f0040e90  lw       x14, -0x28(x8)
#1633 0 80000210     078a r 0f         000000b0  c.slli   x15, 2
#1634 0 80000212     97ba r 0f         f0040f40  c.add    x15, x14
#1635 0 80000214     4398 r 0e         00000000  c.lw     x14, 0x0(x15)
#1636 0 80000216 fec42783 r 0f         f0040010  lw       x15, -0x14(x8)
#1637 0 8000021a     4394 r 0d         0000002c  c.lw     x13, 0x0(x15)
#1638 0 8000021c fcc42783 r 0f         00000000  lw       x15, -0x34(x8)
#1639 0 80000220 40f687b3 r 0f         0000002c  sub      x15, x13, x15
#1640 0 80000224     0705 r 0e         00000001  c.addi   x14, 0x1
#1641 0 80000226 fd842683 r 0d         f0040e90  lw       x13, -0x28(x8)
#1642 0 8000022a     078a r 0f         000000b0  c.slli   x15, 2
#1643 0 8000022c     97b6 r 0f         f0040f40  c.add    x15, x13
#1644 0 8000022e     c398 m f0040f40   00000001  c.sw     x14, 0x0(x15)
#1645 0 80000230 fe842783 r 0f         00000004  lw       x15, -0x18(x8)
#1646 0 80000234     0785 r 0f         00000005  c.addi   x15, 0x1
#1647 0 80000236 fef42423 m f0041028   00000005  sw       x15, -0x18(x8)
#1648 0 8000023a fec42783 r 0f         f0040010  lw       x15, -0x14(x8)
#1649 0 8000023e     0791 r 0f         f0040014  c.addi   x15, 0x4
#1650 0 80000240 fef42623 m f004102c   f0040014  sw       x15, -0x14(x8)
#1651 0 80000244 fe842703 r 0e         00000005  lw       x14, -0x18(x8)
#1652 0 80000248 fe042783 r 0f         0000005b  lw       x15, -0x20(x8)
#1653 0 8000024c faf749e3 r 00         00000000  blt      x14, x15, . - 0x4e
#1654 0 800001fe fec42783 r 0f         f0040014  lw       x15, -0x14(x8)
#1655 0 80000202     4398 r 0e         00000017  c.lw     x14, 0x0(x15)
#1656 0 80000204 fcc42783 r 0f         00000000  lw       x15, -0x34(x8)
#1657 0 80000208 40f707b3 r 0f         00000017  sub      x15, x14, x15
#1658 0 8000020c fd842703 r 0e         f0040e90  lw       x14, -0x28(x8)
#1659 0 80000210     078a r 0f         0000005c  c.slli   x15, 2
#1660 0 80000212     97ba r 0f         f0040eec  c.add    x15, x14
#1661 0 80000214     4398 r 0e         00000000  c.lw     x14, 0x0(x15)
#1662 0 80000216 fec42783 r 0f         f0040014  lw       x15, -0x14(x8)
#1663 0 8000021a     4394 r 0d         00000017  c.lw     x13, 0x0(x15)
#1664 0 8000021c fcc42783 r 0f         00000000  lw       x15, -0x34(x8)
#1665 0 80000220 40f687b3 r 0f         00000017  sub      x15, x13, x15
#1666 0 80000224     0705 r 0e         00000001  c.addi   x14, 0x1
#1667 0 80000226 fd842683 r 0d         f0040e90  lw       x13, -0x28(x8)
#1668 0 8000022a     078a r 0f         0000005c  c.slli   x15, 2
#1669 0 8000022c     97b6 r 0f         f0040eec  c.add    x15, x13
#1670 0 8000022e     c398 m f0040eec   00000001  c.sw     x14, 0x0(x15)
#1671 0 80000230 fe842783 r 0f         00000005  lw       x15, -0x18(x8)
#1672 0 80000234     0785 r 0f         00000006  c.addi   x15, 0x1
#1673 0 80000236 fef42423 m f0041028   00000006  sw       x15, -0x18(x8)
#1674 0 8000023a fec42783 r 0f         f0040014  lw       x15, -0x14(x8)
#1675 0 8000023e     0791 r 0f         f0040018  c.addi   x15, 0x4
#1676 0 80000240 fef42623 m f004102c   f0040018  sw       x15, -0x14(x8)
#1677 0 80000244 fe842703 r 0e         00000006  lw       x14, -0x18(x8)
#1678 0 80000248 fe042783 r 0f         0000005b  lw       x15, -0x20(x8)
#1679 0 8000024c faf749e3 r 00         00000000  blt      x14, x15, . - 0x4e
#1680 0 800001fe fec42783 r 0f         f0040018  lw       x15, -0x14(x8)
#1681 0 80000202     4398 r 0e         00000058  c.lw     x14, 0x0(x15)
#1682 0 80000204 fcc42783 r 0f         00000000  lw       x15, -0x34(x8)
#1683 0 80000208 40f707b3 r 0f         00000058  sub      x15, x14, x15
#1684 0 8000020c fd842703 r 0e         f0040e90  lw       x14, -0x28(x8)
#1685 0 80000210     078a r 0f         00000160  c.slli   x15, 2
#1686 0 80000212     97ba r 0f         f0040ff0  c.add    x15, x14
#1687 0 80000214     4398 r 0e         00000000  c.lw     x14, 0x0(x15)
#1688 0 80000216 fec42783 r 0f         f0040018  lw       x15, -0x14(x8)
#1689 0 8000021a     4394 r 0d         00000058  c.lw     x13, 0x0(x15)
#1690 0 8000021c fcc42783 r 0f         00000000  lw       x15, -0x34(x8)
#1691 0 80000220 40f687b3 r 0f         00000058  sub      x15, x13, x15
#1692 0 80000224     0705 r 0e         00000001  c.addi   x14, 0x1
#1693 0 80000226 fd842683 r 0d         f0040e90  lw       x13, -0x28(x8)
#1694 0 8000022a     078a r 0f         00000160  c.slli   x15, 2
#1695 0 8000022c     97b6 r 0f         f0040ff0  c.add    x15, x13
#1696 0 8000022e     c398 m f0040ff0   00000001  c.sw     x14, 0x0(x15)
#1697 0 80000230 fe842783 r 0f         00000006  lw       x15, -0x18(x8)
#1698 0 80000234     0785 r 0f         00000007  c.addi   x15, 0x1
#1699 0 80000236 fef42423 m f0041028   00000007  sw       x15, -0x18(x8)
#1700 0 8000023a fec42783 r 0f         f0040018  lw       x15, -0x14(x8)
#1701 0 8000023e     0791 r 0f         f004001c  c.addi   x15, 0x4
#1702 0 80000240 fef42623 m f004102c   f004001c  sw       x15, -0x14(x8)
#1703 0 80000244 fe842703 r 0e         00000007  lw       x14, -0x18(x8)
#1704 0 80000248 fe042783 r 0f         0000005b  lw       x15, -0x20(x8)
#1705 0 8000024c faf749e3 r 00         00000000  blt      x14, x15, . - 0x4e
#1706 0 800001fe fec42783 r 0f         f004001c  lw       x15, -0x14(x8)
#1707 0 80000202     4398 r 0e         0000000b  c.lw     x14, 0x0(x15)
#1708 0 80000204 fcc42783 r 0f         00000000  lw       x15, -0x34(x8)
#1709 0 80000208 40f707b3 r 0f         0000000b  sub      x15, x14, x15
#1710 0 8000020c fd842703 r 0e         f0040e90  lw       x14, -0x28(x8)
#1711 0 80000210     078a r 0f         0000002c  c.slli   x15, 2
#1712 0 80000212     97ba r 0f         f0040ebc  c.add    x15, x14
#1713 0 80000214     4398 r 0e         00000000  c.lw     x14, 0x0(x15)
#1714 0 80000216 fec42783 r 0f         f004001c  lw       x15, -0x14(x8)
#1715 0 8000021a     4394 r 0d         0000000b  c.lw     x13, 0x0(x15)
#1716 0 8000021c fcc42783 r 0f         00000000  lw       x15, -0x34(x8)
#1717 0 80000220 40f687b3 r 0f         0000000b  sub      x15, x13, x15
#1718 0 80000224     0705 r 0e         00000001  c.addi   x14, 0x1
#1719 0 80000226 fd842683 r 0d         f0040e90  lw       x13, -0x28(x8)
#1720 0 8000022a     078a r 0f         0000002c  c.slli   x15, 2
#1721 0 8000022c     97b6 r 0f         f0040ebc  c.add    x15, x13
#1722 0 8000022e     c398 m f0040ebc   00000001  c.sw     x14, 0x0(x15)
#1723 0 80000230 fe842783 r 0f         00000007  lw       x15, -0x18(x8)
#1724 0 80000234     0785 r 0f         00000008  c.addi   x15, 0x1
#1725 0 80000236 fef42423 m f0041028   00000008  sw       x15, -0x18(x8)
#1726 0 8000023a fec42783 r 0f         f004001c  lw       x15, -0x14(x8)
#1727 0 8000023e     0791 r 0f         f0040020  c.addi   x15, 0x4
#1728 0 80000240 fef42623 m f004102c   f0040020  sw       x15, -0x14(x8)
#1729 0 80000244 fe842703 r 0e         00000008  lw       x14, -0x18(x8)
#1730 0 80000248 fe042783 r 0f         0000005b  lw       x15, -0x20(x8)
#1731 0 8000024c faf749e3 r 00         00000000  blt      x14, x15, . - 0x4e
#1732 0 800001fe fec42783 r 0f         f0040020  lw       x15, -0x14(x8)
#1733 0 80000202     4398 r 0e         0000005a  c.lw     x14, 0x0(x15)
#1734 0 80000204 fcc42783 r 0f         00000000  lw       x15, -0x34(x8)
#1735 0 80000208 40f707b3 r 0f         0000005a  sub      x15, x14, x15
#1736 0 8000020c fd842703 r 0e         f0040e90  lw       x14, -0x28(x8)
#1737 0 80000210     078a r 0f         00000168  c.slli   x15, 2
#1738 0 80000212     97ba r 0f         f0040ff8  c.add    x15, x14
#1739 0 80000214     4398 r 0e         00000000  c.lw     x14, 0x0(x15)
#1740 0 80000216 fec42783 r 0f         f0040020  lw       x15, -0x14(x8)
#1741 0 8000021a     4394 r 0d         0000005a  c.lw     x13, 0x0(x15)
#1742 0 8000021c fcc42783 r 0f         00000000  lw       x15, -0x34(x8)
#1743 0 80000220 40f687b3 r 0f         0000005a  sub      x15, x13, x15
#1744 0 80000224     0705 r 0e         00000001  c.addi   x14, 0x1
#1745 0 80000226 fd842683 r 0d         f0040e90  lw       x13, -0x28(x8)
#1746 0 8000022a     078a r 0f         00000168  c.slli   x15, 2
#1747 0 8000022c     97b6 r 0f         f0040ff8  c.add    x15, x13
#1748 0 8000022e     c398 m f0040ff8   00000001  c.sw     x14, 0x0(x15)
#1749 0 80000230 fe842783 r 0f         00000008  lw       x15, -0x18(x8)
#1750 0 80000234     0785 r 0f         00000009  c.addi   x15, 0x1
#1751 0 80000236 fef42423 m f0041028   00000009  sw       x15, -0x18(x8)
#1752 0 8000023a fec42783 r 0f         f0040020  lw       x15, -0x14(x8)
#1753 0 8000023e     0791 r 0f         f0040024  c.addi   x15, 0x4
#1754 0 80000240 fef42623 m f004102c   f0040024  sw       x15, -0x14(x8)
#1755 0 80000244 fe842703 r 0e         00000009  lw       x14, -0x18(x8)
#1756 0 80000248 fe042783 r 0f         0000005b  lw       x15, -0x20(x8)
#1757 0 8000024c faf749e3 r 00         00000000  blt      x14, x15, . - 0x4e
#1758 0 800001fe fec42783 r 0f         f0040024  lw       x15, -0x14(x8)
#1759 0 80000202     4398 r 0e         00000048  c.lw     x14, 0x0(x15)
#1760 0 80000204 fcc42783 r 0f         00000000  lw       x15, -0x34(x8)
#1761 0 80000208 40f707b3 r 0f         00000048  sub      x15, x14, x15
#1762 0 8000020c fd842703 r 0e         f0040e90  lw       x14, -0x28(x8)
#1763 0 80000210     078a r 0f         00000120  c.slli   x15, 2
#1764 0 80000212     97ba r 0f         f0040fb0  c.add    x15, x14
#1765 0 80000214     4398 r 0e         00000000  c.lw     x14, 0x0(x15)
#1766 0 80000216 fec42783 r 0f         f0040024  lw       x15, -0x14(x8)
#1767 0 8000021a     4394 r 0d         00000048  c.lw     x13, 0x0(x15)
#1768 0 8000021c fcc42783 r 0f         00000000  lw       x15, -0x34(x8)
#1769 0 80000220 40f687b3 r 0f         00000048  sub      x15, x13, x15
#1770 0 80000224     0705 r 0e         00000001  c.addi   x14, 0x1
#1771 0 80000226 fd842683 r 0d         f0040e90  lw       x13, -0x28(x8)
#1772 0 8000022a     078a r 0f         00000120  c.slli   x15, 2
#1773 0 8000022c     97b6 r 0f         f0040fb0  c.add    x15, x13
#1774 0 8000022e     c398 m f0040fb0   00000001  c.sw     x14, 0x0(x15)
#1775 0 80000230 fe842783 r 0f         00000009  lw       x15, -0x18(x8)
#1776 0 80000234     0785 r 0f         0000000a  c.addi   x15, 0x1
#1777 0 80000236 fef42423 m f0041028   0000000a  sw       x15, -0x18(x8)
#1778 0 8000023a fec42783 r 0f         f0040024  lw       x15, -0x14(x8)
#1779 0 8000023e     0791 r 0f         f0040028  c.addi   x15, 0x4
#1780 0 80000240 fef42623 m f004102c   f0040028  sw       x15, -0x14(x8)
#1781 0 80000244 fe842703 r 0e         0000000a  lw       x14, -0x18(x8)
#1782 0 80000248 fe042783 r 0f         0000005b  lw       x15, -0x20(x8)
#1783 0 8000024c faf749e3 r 00         00000000  blt      x14, x15, . - 0x4e
#1784 0 800001fe fec42783 r 0f         f0040028  lw       x15, -0x14(x8)
#1785 0 80000202     4398 r 0e         0000004e  c.lw     x14, 0x0(x15)
#1786 0 80000204 fcc42783 r 0f         00000000  lw       x15, -0x34(x8)
#1787 0 80000208 40f707b3 r 0f         0000004e  sub      x15, x14, x15
#1788 0 8000020c fd842703 r 0e         f0040e90  lw       x14, -0x28(x8)
#1789 0 80000210     078a r 0f         00000138  c.slli   x15, 2
#1790 0 80000212     97ba r 0f         f0040fc8  c.add    x15, x14
#1791 0 80000214     4398 r 0e         00000000  c.lw     x14, 0x0(x15)
#1792 0 80000216 fec42783 r 0f         f0040028  lw       x15, -0x14(x8)
#1793 0 8000021a     4394 r 0d         0000004e  c.lw     x13, 0x0(x15)
#1794 0 8000021c fcc42783 r 0f         00000000  lw       x15, -0x34(x8)
#1795 0 80000220 40f687b3 r 0f         0000004e  sub      x15, x13, x15
#1796 0 80000224     0705 r 0e         00000001  c.addi   x14, 0x1
#1797 0 80000226 fd842683 r 0d         f0040e90  lw       x13, -0x28(x8)
#1798 0 8000022a     078a r 0f         00000138  c.slli   x15, 2
#1799 0 8000022c     97b6 r 0f         f0040fc8  c.add    x15, x13
#1800 0 8000022e     c398 m f0040fc8   00000001  c.sw     x14, 0x0(x15)
#1801 0 80000230 fe842783 r 0f         0000000a  lw       x15, -0x18(x8)
#1802 0 80000234     0785 r 0f         0000000b  c.addi   x15, 0x1
#1803 0 80000236 fef42423 m f0041028   0000000b  sw       x15, -0x18(x8)
#1804 0 8000023a fec42783 r 0f         f0040028  lw       x15, -0x14(x8)
#1805 0 8000023e     0791 r 0f         f004002c  c.addi   x15, 0x4
#1806 0 80000240 fef42623 m f004102c   f004002c  sw       x15, -0x14(x8)
#1807 0 80000244 fe842703 r 0e         0000000b  lw       x14, -0x18(x8)
#1808 0 80000248 fe042783 r 0f         0000005b  lw       x15, -0x20(x8)
#1809 0 8000024c faf749e3 r 00         00000000  blt      x14, x15, . - 0x4e
#1810 0 800001fe fec42783 r 0f         f004002c  lw       x15, -0x14(x8)
#1811 0 80000202     4398 r 0e         00000022  c.lw     x14, 0x0(x15)
#1812 0 80000204 fcc42783 r 0f         00000000  lw       x15, -0x34(x8)
#1813 0 80000208 40f707b3 r 0f         00000022  sub      x15, x14, x15
#1814 0 8000020c fd842703 r 0e         f0040e90  lw       x14, -0x28(x8)
#1815 0 80000210     078a r 0f         00000088  c.slli   x15, 2
#1816 0 80000212     97ba r 0f         f0040f18  c.add    x15, x14
#1817 0 80000214     4398 r 0e         00000000  c.lw     x14, 0x0(x15)
#1818 0 80000216 fec42783 r 0f         f004002c  lw       x15, -0x14(x8)
#1819 0 8000021a     4394 r 0d         00000022  c.lw     x13, 0x0(x15)
#1820 0 8000021c fcc42783 r 0f         00000000  lw       x15, -0x34(x8)
#1821 0 80000220 40f687b3 r 0f         00000022  sub      x15, x13, x15
#1822 0 80000224     0705 r 0e         00000001  c.addi   x14, 0x1
#1823 0 80000226 fd842683 r 0d         f0040e90  lw       x13, -0x28(x8)
#1824 0 8000022a     078a r 0f         00000088  c.slli   x15, 2
#1825 0 8000022c     97b6 r 0f         f0040f18  c.add    x15, x13
#1826 0 8000022e     c398 m f0040f18   00000001  c.sw     x14, 0x0(x15)
#1827 0 80000230 fe842783 r 0f         0000000b  lw       x15, -0x18(x8)
#1828 0 80000234     0785 r 0f         0000000c  c.addi   x15, 0x1
#1829 0 80000236 fef42423 m f0041028   0000000c  sw       x15, -0x18(x8)
#1830 0 8000023a fec42783 r 0f         f004002c  lw       x15, -0x14(x8)
#1831 0 8000023e     0791 r 0f         f0040030  c.addi   x15, 0x4
#1832 0 80000240 fef42623 m f004102c   f0040030  sw       x15, -0x14(x8)
#1833 0 80000244 fe842703 r 0e         0000000c  lw       x14, -0x18(x8)
#1834 0 80000248 fe042783 r 0f         0000005b  lw       x15, -0x20(x8)
#1835 0 8000024c faf749e3 r 00         00000000  blt      x14, x15, . - 0x4e
#1836 0 800001fe fec42783 r 0f         f0040030  lw       x15, -0x14(x8)
#1837 0 80000202     4398 r 0e         00000042  c.lw     x14, 0x0(x15)
#1838 0 80000204 fcc42783 r 0f         00000000  lw       x15, -0x34(x8)
#1839 0 80000208 40f707b3 r 0f         00000042  sub      x15, x14, x15
#1840 0 8000020c fd842703 r 0e         f0040e90  lw       x14, -0x28(x8)
#1841 0 80000210     078a r 0f         00000108  c.slli   x15, 2
#1842 0 80000212     97ba r 0f         f0040f98  c.add    x15, x14
#1843 0 80000214     4398 r 0e         00000000  c.lw     x14, 0x0(x15)
#1844 0 80000216 fec42783 r 0f         f0040030  lw       x15, -0x14(x8)
#1845 0 8000021a     4394 r 0d         00000042  c.lw     x13, 0x0(x15)
#1846 0 8000021c fcc42783 r 0f         00000000  lw       x15, -0x34(x8)
#1847 0 80000220 40f687b3 r 0f         00000042  sub      x15, x13, x15
#1848 0 80000224     0705 r 0e         00000001  c.addi   x14, 0x1
#1849 0 80000226 fd842683 r 0d         f0040e90  lw       x13, -0x28(x8)
#1850 0 8000022a     078a r 0f         00000108  c.slli   x15, 2
#1851 0 8000022c     97b6 r 0f         f0040f98  c.add    x15, x13
#1852 0 8000022e     c398 m f0040f98   00000001  c.sw     x14, 0x0(x15)
#1853 0 80000230 fe842783 r 0f         0000000c  lw       x15, -0x18(x8)
#1854 0 80000234     0785 r 0f         0000000d  c.addi   x15, 0x1
#1855 0 80000236 fef42423 m f0041028   0000000d  sw       x15, -0x18(x8)
#1856 0 8000023a fec42783 r 0f         f0040030  lw       x15, -0x14(x8)
#1857 0 8000023e     0791 r 0f         f0040034  c.addi   x15, 0x4
#1858 0 80000240 fef42623 m f004102c   f0040034  sw       x15, -0x14(x8)
#1859 0 80000244 fe842703 r 0e         0000000d  lw       x14, -0x18(x8)
#1860 0 80000248 fe042783 r 0f         0000005b  lw       x15, -0x20(x8)
#1861 0 8000024c faf749e3 r 00         00000000  blt      x14, x15, . - 0x4e
#1862 0 800001fe fec42783 r 0f         f0040034  lw       x15, -0x14(x8)
#1863 0 80000202     4398 r 0e         00000000  c.lw     x14, 0x0(x15)
#1864 0 80000204 fcc42783 r 0f         00000000  lw       x15, -0x34(x8)
#1865 0 80000208 40f707b3 r 0f         00000000  sub      x15, x14, x15
#1866 0 8000020c fd842703 r 0e         f0040e90  lw       x14, -0x28(x8)
#1867 0 80000210     078a r 0f         00000000  c.slli   x15, 2
#1868 0 80000212     97ba r 0f         f0040e90  c.add    x15, x14
#1869 0 80000214     4398 r 0e         00000000  c.lw     x14, 0x0(x15)
#1870 0 80000216 fec42783 r 0f         f0040034  lw       x15, -0x14(x8)
#1871 0 8000021a     4394 r 0d         00000000  c.lw     x13, 0x0(x15)
#1872 0 8000021c fcc42783 r 0f         00000000  lw       x15, -0x34(x8)
#1873 0 80000220 40f687b3 r 0f         00000000  sub      x15, x13, x15
#1874 0 80000224     0705 r 0e         00000001  c.addi   x14, 0x1
#1875 0 80000226 fd842683 r 0d         f0040e90  lw       x13, -0x28(x8)
#1876 0 8000022a     078a r 0f         00000000  c.slli   x15, 2
#1877 0 8000022c     97b6 r 0f         f0040e90  c.add    x15, x13
#1878 0 8000022e     c398 m f0040e90   00000001  c.sw     x14, 0x0(x15)
#1879 0 80000230 fe842783 r 0f         0000000d  lw       x15, -0x18(x8)
#1880 0 80000234     0785 r 0f         0000000e  c.addi   x15, 0x1
#1881 0 80000236 fef42423 m f0041028   0000000e  sw       x15, -0x18(x8)
#1882 0 8000023a fec42783 r 0f         f0040034  lw       x15, -0x14(x8)
#1883 0 8000023e     0791 r 0f         f0040038  c.addi   x15, 0x4
#1884 0 80000240 fef42623 m f004102c   f0040038  sw       x15, -0x14(x8)
#1885 0 80000244 fe842703 r 0e         0000000e  lw       x14, -0x18(x8)
#1886 0 80000248 fe042783 r 0f         0000005b  lw       x15, -0x20(x8)
#1887 0 8000024c faf749e3 r 00         00000000  blt      x14, x15, . - 0x4e
#1888 0 800001fe fec42783 r 0f         f0040038  lw       x15, -0x14(x8)
#1889 0 80000202     4398 r 0e         0000000e  c.lw     x14, 0x0(x15)
#1890 0 80000204 fcc42783 r 0f         00000000  lw       x15, -0x34(x8)
#1891 0 80000208 40f707b3 r 0f         0000000e  sub      x15, x14, x15
#1892 0 8000020c fd842703 r 0e         f0040e90  lw       x14, -0x28(x8)
#1893 0 80000210     078a r 0f         00000038  c.slli   x15, 2
#1894 0 80000212     97ba r 0f         f0040ec8  c.add    x15, x14
#1895 0 80000214     4398 r 0e         00000000  c.lw     x14, 0x0(x15)
#1896 0 80000216 fec42783 r 0f         f0040038  lw       x15, -0x14(x8)
#1897 0 8000021a     4394 r 0d         0000000e  c.lw     x13, 0x0(x15)
#1898 0 8000021c fcc42783 r 0f         00000000  lw       x15, -0x34(x8)
#1899 0 80000220 40f687b3 r 0f         0000000e  sub      x15, x13, x15
#1900 0 80000224     0705 r 0e         00000001  c.addi   x14, 0x1
#1901 0 80000226 fd842683 r 0d         f0040e90  lw       x13, -0x28(x8)
#1902 0 8000022a     078a r 0f         00000038  c.slli   x15, 2
#1903 0 8000022c     97b6 r 0f         f0040ec8  c.add    x15, x13
#1904 0 8000022e     c398 m f0040ec8   00000001  c.sw     x14, 0x0(x15)
#1905 0 80000230 fe842783 r 0f         0000000e  lw       x15, -0x18(x8)
#1906 0 80000234     0785 r 0f         0000000f  c.addi   x15, 0x1
#1907 0 80000236 fef42423 m f0041028   0000000f  sw       x15, -0x18(x8)
#1908 0 8000023a fec42783 r 0f         f0040038  lw       x15, -0x14(x8)
#1909 0 8000023e     0791 r 0f         f004003c  c.addi   x15, 0x4
#1910 0 80000240 fef42623 m f004102c   f004003c  sw       x15, -0x14(x8)
#1911 0 80000244 fe842703 r 0e         0000000f  lw       x14, -0x18(x8)
#1912 0 80000248 fe042783 r 0f         0000005b  lw       x15, -0x20(x8)
#1913 0 8000024c faf749e3 r 00         00000000  blt      x14, x15, . - 0x4e
#1914 0 800001fe fec42783 r 0f         f004003c  lw       x15, -0x14(x8)
#1915 0 80000202     4398 r 0e         00000000  c.lw     x14, 0x0(x15)
#1916 0 80000204 fcc42783 r 0f         00000000  lw       x15, -0x34(x8)
#1917 0 80000208 40f707b3 r 0f         00000000  sub      x15, x14, x15
#1918 0 8000020c fd842703 r 0e         f0040e90  lw       x14, -0x28(x8)
#1919 0 80000210     078a r 0f         00000000  c.slli   x15, 2
#1920 0 80000212     97ba r 0f         f0040e90  c.add    x15, x14
#1921 0 80000214     4398 r 0e         00000001  c.lw     x14, 0x0(x15)
#1922 0 80000216 fec42783 r 0f         f004003c  lw       x15, -0x14(x8)
#1923 0 8000021a     4394 r 0d         00000000  c.lw     x13, 0x0(x15)
#1924 0 8000021c fcc42783 r 0f         00000000  lw       x15, -0x34(x8)
#1925 0 80000220 40f687b3 r 0f         00000000  sub      x15, x13, x15
#1926 0 80000224     0705 r 0e         00000002  c.addi   x14, 0x1
#1927 0 80000226 fd842683 r 0d         f0040e90  lw       x13, -0x28(x8)
#1928 0 8000022a     078a r 0f         00000000  c.slli   x15, 2
#1929 0 8000022c     97b6 r 0f         f0040e90  c.add    x15, x13
#1930 0 8000022e     c398 m f0040e90   00000002  c.sw     x14, 0x0(x15)
#1931 0 80000230 fe842783 r 0f         0000000f  lw       x15, -0x18(x8)
#1932 0 80000234     0785 r 0f         00000010  c.addi   x15, 0x1
#1933 0 80000236 fef42423 m f0041028   00000010  sw       x15, -0x18(x8)
#1934 0 8000023a fec42783 r 0f         f004003c  lw       x15, -0x14(x8)
#1935 0 8000023e     0791 r 0f         f0040040  c.addi   x15, 0x4
#1936 0 80000240 fef42623 m f004102c   f0040040  sw       x15, -0x14(x8)
#1937 0 80000244 fe842703 r 0e         00000010  lw       x14, -0x18(x8)
#1938 0 80000248 fe042783 r 0f         0000005b  lw       x15, -0x20(x8)
#1939 0 8000024c faf749e3 r 00         00000000  blt      x14, x15, . - 0x4e
#1940 0 800001fe fec42783 r 0f         f0040040  lw       x15, -0x14(x8)
#1941 0 80000202     4398 r 0e         0000005a  c.lw     x14, 0x0(x15)
#1942 0 80000204 fcc42783 r 0f         00000000  lw       x15, -0x34(x8)
#1943 0 80000208 40f707b3 r 0f         0000005a  sub      x15, x14, x15
#1944 0 8000020c fd842703 r 0e         f0040e90  lw       x14, -0x28(x8)
#1945 0 80000210     078a r 0f         00000168  c.slli   x15, 2
#1946 0 80000212     97ba r 0f         f0040ff8  c.add    x15, x14
#1947 0 80000214     4398 r 0e         00000001  c.lw     x14, 0x0(x15)
#1948 0 80000216 fec42783 r 0f         f0040040  lw       x15, -0x14(x8)
#1949 0 8000021a     4394 r 0d         0000005a  c.lw     x13, 0x0(x15)
#1950 0 8000021c fcc42783 r 0f         00000000  lw       x15, -0x34(x8)
#1951 0 80000220 40f687b3 r 0f         0000005a  sub      x15, x13, x15
#1952 0 80000224     0705 r 0e         00000002  c.addi   x14, 0x1
#1953 0 80000226 fd842683 r 0d         f0040e90  lw       x13, -0x28(x8)
#1954 0 8000022a     078a r 0f         00000168  c.slli   x15, 2
#1955 0 8000022c     97b6 r 0f         f0040ff8  c.add    x15, x13
#1956 0 8000022e     c398 m f0040ff8   00000002  c.sw     x14, 0x0(x15)
#1957 0 80000230 fe842783 r 0f         00000010  lw       x15, -0x18(x8)
#1958 0 80000234     0785 r 0f         00000011  c.addi   x15, 0x1
#1959 0 80000236 fef42423 m f0041028   00000011  sw       x15, -0x18(x8)
#1960 0 8000023a fec42783 r 0f         f0040040  lw       x15, -0x14(x8)
#1961 0 8000023e     0791 r 0f         f0040044  c.addi   x15, 0x4
#1962 0 80000240 fef42623 m f004102c   f0040044  sw       x15, -0x14(x8)
#1963 0 80000244 fe842703 r 0e         00000011  lw       x14, -0x18(x8)
#1964 0 80000248 fe042783 r 0f         0000005b  lw       x15, -0x20(x8)
#1965 0 8000024c faf749e3 r 00         00000000  blt      x14, x15, . - 0x4e
#1966 0 800001fe fec42783 r 0f         f0040044  lw       x15, -0x14(x8)
#1967 0 80000202     4398 r 0e         00000000  c.lw     x14, 0x0(x15)
#1968 0 80000204 fcc42783 r 0f         00000000  lw       x15, -0x34(x8)
#1969 0 80000208 40f707b3 r 0f         00000000  sub      x15, x14, x15
#1970 0 8000020c fd842703 r 0e         f0040e90  lw       x14, -0x28(x8)
#1971 0 80000210     078a r 0f         00000000  c.slli   x15, 2
#1972 0 80000212     97ba r 0f         f0040e90  c.add    x15, x14
#1973 0 80000214     4398 r 0e         00000002  c.lw     x14, 0x0(x15)
#1974 0 80000216 fec42783 r 0f         f0040044  lw       x15, -0x14(x8)
#1975 0 8000021a     4394 r 0d         00000000  c.lw     x13, 0x0(x15)
#1976 0 8000021c fcc42783 r 0f         00000000  lw       x15, -0x34(x8)
#1977 0 80000220 40f687b3 r 0f         00000000  sub      x15, x13, x15
#1978 0 80000224     0705 r 0e         00000003  c.addi   x14, 0x1
#1979 0 80000226 fd842683 r 0d         f0040e90  lw       x13, -0x28(x8)
#1980 0 8000022a     078a r 0f         00000000  c.slli   x15, 2
#1981 0 8000022c     97b6 r 0f         f0040e90  c.add    x15, x13
#1982 0 8000022e     c398 m f0040e90   00000003  c.sw     x14, 0x0(x15)
#1983 0 80000230 fe842783 r 0f         00000011  lw       x15, -0x18(x8)
#1984 0 80000234     0785 r 0f         00000012  c.addi   x15, 0x1
#1985 0 80000236 fef42423 m f0041028   00000012  sw       x15, -0x18(x8)
#1986 0 8000023a fec42783 r 0f         f0040044  lw       x15, -0x14(x8)
#1987 0 8000023e     0791 r 0f         f0040048  c.addi   x15, 0x4
#1988 0 80000240 fef42623 m f004102c   f0040048  sw       x15, -0x14(x8)
#1989 0 80000244 fe842703 r 0e         00000012  lw       x14, -0x18(x8)
#1990 0 80000248 fe042783 r 0f         0000005b  lw       x15, -0x20(x8)
#1991 0 8000024c faf749e3 r 00         00000000  blt      x14, x15, . - 0x4e
#1992 0 800001fe fec42783 r 0f         f0040048  lw       x15, -0x14(x8)
#1993 0 80000202     4398 r 0e         00000000  c.lw     x14, 0x0(x15)
#1994 0 80000204 fcc42783 r 0f         00000000  lw       x15, -0x34(x8)
#1995 0 80000208 40f707b3 r 0f         00000000  sub      x15, x14, x15
#1996 0 8000020c fd842703 r 0e         f0040e90  lw       x14, -0x28(x8)
#1997 0 80000210     078a r 0f         00000000  c.slli   x15, 2
#1998 0 80000212     97ba r 0f         f0040e90  c.add    x15, x14
#1999 0 80000214     4398 r 0e         00000003  c.lw     x14, 0x0(x15)
#2000 0 80000216 fec42783 r 0f         f0040048  lw       x15, -0x14(x8)
#2001 0 8000021a     4394 r 0d         00000000  c.lw     x13, 0x0(x15)
#2002 0 8000021c fcc42783 r 0f         00000000  lw       x15, -0x34(x8)
#2003 0 80000220 40f687b3 r 0f         00000000  sub      x15, x13, x15
#2004 0 80000224     0705 r 0e         00000004  c.addi   x14, 0x1
#2005 0 80000226 fd842683 r 0d         f0040e90  lw       x13, -0x28(x8)
#2006 0 8000022a     078a r 0f         00000000  c.slli   x15, 2
#2007 0 8000022c     97b6 r 0f         f0040e90  c.add    x15, x13
#2008 0 8000022e     c398 m f0040e90   00000004  c.sw     x14, 0x0(x15)
#2009 0 80000230 fe842783 r 0f         00000012  lw       x15, -0x18(x8)
#2010 0 80000234     0785 r 0f         00000013  c.addi   x15, 0x1
#2011 0 80000236 fef42423 m f0041028   00000013  sw       x15, -0x18(x8)
#2012 0 8000023a fec42783 r 0f         f0040048  lw       x15, -0x14(x8)
#2013 0 8000023e     0791 r 0f         f004004c  c.addi   x15, 0x4
#2014 0 80000240 fef42623 m f004102c   f004004c  sw       x15, -0x14(x8)
#2015 0 80000244 fe842703 r 0e         00000013  lw       x14, -0x18(x8)
#2016 0 80000248 fe042783 r 0f         0000005b  lw       x15, -0x20(x8)
#2017 0 8000024c faf749e3 r 00         00000000  blt      x14, x15, . - 0x4e
#2018 0 800001fe fec42783 r 0f         f004004c  lw       x15, -0x14(x8)
#2019 0 80000202     4398 r 0e         00000000  c.lw     x14, 0x0(x15)
#2020 0 80000204 fcc42783 r 0f         00000000  lw       x15, -0x34(x8)
#2021 0 80000208 40f707b3 r 0f         00000000  sub      x15, x14, x15
#2022 0 8000020c fd842703 r 0e         f0040e90  lw       x14, -0x28(x8)
#2023 0 80000210     078a r 0f         00000000  c.slli   x15, 2
#2024 0 80000212     97ba r 0f         f0040e90  c.add    x15, x14
#2025 0 80000214     4398 r 0e         00000004  c.lw     x14, 0x0(x15)
#2026 0 80000216 fec42783 r 0f         f004004c  lw       x15, -0x14(x8)
#2027 0 8000021a     4394 r 0d         00000000  c.lw     x13, 0x0(x15)
#2028 0 8000021c fcc42783 r 0f         00000000  lw       x15, -0x34(x8)
#2029 0 80000220 40f687b3 r 0f         00000000  sub      x15, x13, x15
#2030 0 80000224     0705 r 0e         00000005  c.addi   x14, 0x1
#2031 0 80000226 fd842683 r 0d         f0040e90  lw       x13, -0x28(x8)
#2032 0 8000022a     078a r 0f         00000000  c.slli   x15, 2
#2033 0 8000022c     97b6 r 0f         f0040e90  c.add    x15, x13
#2034 0 8000022e     c398 m f0040e90   00000005  c.sw     x14, 0x0(x15)
#2035 0 80000230 fe842783 r 0f         00000013  lw       x15, -0x18(x8)
#2036 0 80000234     0785 r 0f         00000014  c.addi   x15, 0x1
#2037 0 80000236 fef42423 m f0041028   00000014  sw       x15, -0x18(x8)
#2038 0 8000023a fec42783 r 0f         f004004c  lw       x15, -0x14(x8)
#2039 0 8000023e     0791 r 0f         f0040050  c.addi   x15, 0x4
#2040 0 80000240 fef42623 m f004102c   f0040050  sw       x15, -0x14(x8)
#2041 0 80000244 fe842703 r 0e         00000014  lw       x14, -0x18(x8)
#2042 0 80000248 fe042783 r 0f         0000005b  lw       x15, -0x20(x8)
#2043 0 8000024c faf749e3 r 00         00000000  blt      x14, x15, . - 0x4e
#2044 0 800001fe fec42783 r 0f         f0040050  lw       x15, -0x14(x8)
#2045 0 80000202     4398 r 0e         00000000  c.lw     x14, 0x0(x15)
#2046 0 80000204 fcc42783 r 0f         00000000  lw       x15, -0x34(x8)
#2047 0 80000208 40f707b3 r 0f         00000000  sub      x15, x14, x15
#2048 0 8000020c fd842703 r 0e         f0040e90  lw       x14, -0x28(x8)
#2049 0 80000210     078a r 0f         00000000  c.slli   x15, 2
#2050 0 80000212     97ba r 0f         f0040e90  c.add    x15, x14
#2051 0 80000214     4398 r 0e         00000005  c.lw     x14, 0x0(x15)
#2052 0 80000216 fec42783 r 0f         f0040050  lw       x15, -0x14(x8)
#2053 0 8000021a     4394 r 0d         00000000  c.lw     x13, 0x0(x15)
#2054 0 8000021c fcc42783 r 0f         00000000  lw       x15, -0x34(x8)
#2055 0 80000220 40f687b3 r 0f         00000000  sub      x15, x13, x15
#2056 0 80000224     0705 r 0e         00000006  c.addi   x14, 0x1
#2057 0 80000226 fd842683 r 0d         f0040e90  lw       x13, -0x28(x8)
#2058 0 8000022a     078a r 0f         00000000  c.slli   x15, 2
#2059 0 8000022c     97b6 r 0f         f0040e90  c.add    x15, x13
#2060 0 8000022e     c398 m f0040e90   00000006  c.sw     x14, 0x0(x15)
#2061 0 80000230 fe842783 r 0f         00000014  lw       x15, -0x18(x8)
#2062 0 80000234     0785 r 0f         00000015  c.addi   x15, 0x1
#2063 0 80000236 fef42423 m f0041028   00000015  sw       x15, -0x18(x8)
#2064 0 8000023a fec42783 r 0f         f0040050  lw       x15, -0x14(x8)
#2065 0 8000023e     0791 r 0f         f0040054  c.addi   x15, 0x4
#2066 0 80000240 fef42623 m f004102c   f0040054  sw       x15, -0x14(x8)
#2067 0 80000244 fe842703 r 0e         00000015  lw       x14, -0x18(x8)
#2068 0 80000248 fe042783 r 0f         0000005b  lw       x15, -0x20(x8)
#2069 0 8000024c faf749e3 r 00         00000000  blt      x14, x15, . - 0x4e
#2070 0 800001fe fec42783 r 0f         f0040054  lw       x15, -0x14(x8)
#2071 0 80000202     4398 r 0e         00000000  c.lw     x14, 0x0(x15)
#2072 0 80000204 fcc42783 r 0f         00000000  lw       x15, -0x34(x8)
#2073 0 80000208 40f707b3 r 0f         00000000  sub      x15, x14, x15
#2074 0 8000020c fd842703 r 0e         f0040e90  lw       x14, -0x28(x8)
#2075 0 80000210     078a r 0f         00000000  c.slli   x15, 2
#2076 0 80000212     97ba r 0f         f0040e90  c.add    x15, x14
#2077 0 80000214     4398 r 0e         00000006  c.lw     x14, 0x0(x15)
#2078 0 80000216 fec42783 r 0f         f0040054  lw       x15, -0x14(x8)
#2079 0 8000021a     4394 r 0d         00000000  c.lw     x13, 0x0(x15)
#2080 0 8000021c fcc42783 r 0f         00000000  lw       x15, -0x34(x8)
#2081 0 80000220 40f687b3 r 0f         00000000  sub      x15, x13, x15
#2082 0 80000224     0705 r 0e         00000007  c.addi   x14, 0x1
#2083 0 80000226 fd842683 r 0d         f0040e90  lw       x13, -0x28(x8)
#2084 0 8000022a     078a r 0f         00000000  c.slli   x15, 2
#2085 0 8000022c     97b6 r 0f         f0040e90  c.add    x15, x13
#2086 0 8000022e     c398 m f0040e90   00000007  c.sw     x14, 0x0(x15)
#2087 0 80000230 fe842783 r 0f         00000015  lw       x15, -0x18(x8)
#2088 0 80000234     0785 r 0f         00000016  c.addi   x15, 0x1
#2089 0 80000236 fef42423 m f0041028   00000016  sw       x15, -0x18(x8)
#2090 0 8000023a fec42783 r 0f         f0040054  lw       x15, -0x14(x8)
#2091 0 8000023e     0791 r 0f         f0040058  c.addi   x15, 0x4
#2092 0 80000240 fef42623 m f004102c   f0040058  sw       x15, -0x14(x8)
#2093 0 80000244 fe842703 r 0e         00000016  lw       x14, -0x18(x8)
#2094 0 80000248 fe042783 r 0f         0000005b  lw       x15, -0x20(x8)
#2095 0 8000024c faf749e3 r 00         00000000  blt      x14, x15, . - 0x4e
#2096 0 800001fe fec42783 r 0f         f0040058  lw       x15, -0x14(x8)
#2097 0 80000202     4398 r 0e         00000000  c.lw     x14, 0x0(x15)
#2098 0 80000204 fcc42783 r 0f         00000000  lw       x15, -0x34(x8)
#2099 0 80000208 40f707b3 r 0f         00000000  sub      x15, x14, x15
#2100 0 8000020c fd842703 r 0e         f0040e90  lw       x14, -0x28(x8)
#2101 0 80000210     078a r 0f         00000000  c.slli   x15, 2
#2102 0 80000212     97ba r 0f         f0040e90  c.add    x15, x14
#2103 0 80000214     4398 r 0e         00000007  c.lw     x14, 0x0(x15)
#2104 0 80000216 fec42783 r 0f         f0040058  lw       x15, -0x14(x8)
#2105 0 8000021a     4394 r 0d         00000000  c.lw     x13, 0x0(x15)
#2106 0 8000021c fcc42783 r 0f         00000000  lw       x15, -0x34(x8)
#2107 0 80000220 40f687b3 r 0f         00000000  sub      x15, x13, x15
#2108 0 80000224     0705 r 0e         00000008  c.addi   x14, 0x1
#2109 0 80000226 fd842683 r 0d         f0040e90  lw       x13, -0x28(x8)
#2110 0 8000022a     078a r 0f         00000000  c.slli   x15, 2
#2111 0 8000022c     97b6 r 0f         f0040e90  c.add    x15, x13
#2112 0 8000022e     c398 m f0040e90   00000008  c.sw     x14, 0x0(x15)
#2113 0 80000230 fe842783 r 0f         00000016  lw       x15, -0x18(x8)
#2114 0 80000234     0785 r 0f         00000017  c.addi   x15, 0x1
#2115 0 80000236 fef42423 m f0041028   00000017  sw       x15, -0x18(x8)
#2116 0 8000023a fec42783 r 0f         f0040058  lw       x15, -0x14(x8)
#2117 0 8000023e     0791 r 0f         f004005c  c.addi   x15, 0x4
#2118 0 80000240 fef42623 m f004102c   f004005c  sw       x15, -0x14(x8)
#2119 0 80000244 fe842703 r 0e         00000017  lw       x14, -0x18(x8)
#2120 0 80000248 fe042783 r 0f         0000005b  lw       x15, -0x20(x8)
#2121 0 8000024c faf749e3 r 00         00000000  blt      x14, x15, . - 0x4e
#2122 0 800001fe fec42783 r 0f         f004005c  lw       x15, -0x14(x8)
#2123 0 80000202     4398 r 0e         00000000  c.lw     x14, 0x0(x15)
#2124 0 80000204 fcc42783 r 0f         00000000  lw       x15, -0x34(x8)
#2125 0 80000208 40f707b3 r 0f         00000000  sub      x15, x14, x15
#2126 0 8000020c fd842703 r 0e         f0040e90  lw       x14, -0x28(x8)
#2127 0 80000210     078a r 0f         00000000  c.slli   x15, 2
#2128 0 80000212     97ba r 0f         f0040e90  c.add    x15, x14
#2129 0 80000214     4398 r 0e         00000008  c.lw     x14, 0x0(x15)
#2130 0 80000216 fec42783 r 0f         f004005c  lw       x15, -0x14(x8)
#2131 0 8000021a     4394 r 0d         00000000  c.lw     x13, 0x0(x15)
#2132 0 8000021c fcc42783 r 0f         00000000  lw       x15, -0x34(x8)
#2133 0 80000220 40f687b3 r 0f         00000000  sub      x15, x13, x15
#2134 0 80000224     0705 r 0e         00000009  c.addi   x14, 0x1
#2135 0 80000226 fd842683 r 0d         f0040e90  lw       x13, -0x28(x8)
#2136 0 8000022a     078a r 0f         00000000  c.slli   x15, 2
#2137 0 8000022c     97b6 r 0f         f0040e90  c.add    x15, x13
#2138 0 8000022e     c398 m f0040e90   00000009  c.sw     x14, 0x0(x15)
#2139 0 80000230 fe842783 r 0f         00000017  lw       x15, -0x18(x8)
#2140 0 80000234     0785 r 0f         00000018  c.addi   x15, 0x1
#2141 0 80000236 fef42423 m f0041028   00000018  sw       x15, -0x18(x8)
#2142 0 8000023a fec42783 r 0f         f004005c  lw       x15, -0x14(x8)
#2143 0 8000023e     0791 r 0f         f0040060  c.addi   x15, 0x4
#2144 0 80000240 fef42623 m f004102c   f0040060  sw       x15, -0x14(x8)
#2145 0 80000244 fe842703 r 0e         00000018  lw       x14, -0x18(x8)
#2146 0 80000248 fe042783 r 0f         0000005b  lw       x15, -0x20(x8)
#2147 0 8000024c faf749e3 r 00         00000000  blt      x14, x15, . - 0x4e
#2148 0 800001fe fec42783 r 0f         f0040060  lw       x15, -0x14(x8)
#2149 0 80000202     4398 r 0e         00000000  c.lw     x14, 0x0(x15)
#2150 0 80000204 fcc42783 r 0f         00000000  lw       x15, -0x34(x8)
#2151 0 80000208 40f707b3 r 0f         00000000  sub      x15, x14, x15
#2152 0 8000020c fd842703 r 0e         f0040e90  lw       x14, -0x28(x8)
#2153 0 80000210     078a r 0f         00000000  c.slli   x15, 2
#2154 0 80000212     97ba r 0f         f0040e90  c.add    x15, x14
#2155 0 80000214     4398 r 0e         00000009  c.lw     x14, 0x0(x15)
#2156 0 80000216 fec42783 r 0f         f0040060  lw       x15, -0x14(x8)
#2157 0 8000021a     4394 r 0d         00000000  c.lw     x13, 0x0(x15)
#2158 0 8000021c fcc42783 r 0f         00000000  lw       x15, -0x34(x8)
#2159 0 80000220 40f687b3 r 0f         00000000  sub      x15, x13, x15
#2160 0 80000224     0705 r 0e         0000000a  c.addi   x14, 0x1
#2161 0 80000226 fd842683 r 0d         f0040e90  lw       x13, -0x28(x8)
#2162 0 8000022a     078a r 0f         00000000  c.slli   x15, 2
#2163 0 8000022c     97b6 r 0f         f0040e90  c.add    x15, x13
#2164 0 8000022e     c398 m f0040e90   0000000a  c.sw     x14, 0x0(x15)
#2165 0 80000230 fe842783 r 0f         00000018  lw       x15, -0x18(x8)
#2166 0 80000234     0785 r 0f         00000019  c.addi   x15, 0x1
#2167 0 80000236 fef42423 m f0041028   00000019  sw       x15, -0x18(x8)
#2168 0 8000023a fec42783 r 0f         f0040060  lw       x15, -0x14(x8)
#2169 0 8000023e     0791 r 0f         f0040064  c.addi   x15, 0x4
#2170 0 80000240 fef42623 m f004102c   f0040064  sw       x15, -0x14(x8)
#2171 0 80000244 fe842703 r 0e         00000019  lw       x14, -0x18(x8)
#2172 0 80000248 fe042783 r 0f         0000005b  lw       x15, -0x20(x8)
#2173 0 8000024c faf749e3 r 00         00000000  blt      x14, x15, . - 0x4e
#2174 0 800001fe fec42783 r 0f         f0040064  lw       x15, -0x14(x8)
#2175 0 80000202     4398 r 0e         00000000  c.lw     x14, 0x0(x15)
#2176 0 80000204 fcc42783 r 0f         00000000  lw       x15, -0x34(x8)
#2177 0 80000208 40f707b3 r 0f         00000000  sub      x15, x14, x15
#2178 0 8000020c fd842703 r 0e         f0040e90  lw       x14, -0x28(x8)
#2179 0 80000210     078a r 0f         00000000  c.slli   x15, 2
#2180 0 80000212     97ba r 0f         f0040e90  c.add    x15, x14
#2181 0 80000214     4398 r 0e         0000000a  c.lw     x14, 0x0(x15)
#2182 0 80000216 fec42783 r 0f         f0040064  lw       x15, -0x14(x8)
#2183 0 8000021a     4394 r 0d         00000000  c.lw     x13, 0x0(x15)
#2184 0 8000021c fcc42783 r 0f         00000000  lw       x15, -0x34(x8)
#2185 0 80000220 40f687b3 r 0f         00000000  sub      x15, x13, x15
#2186 0 80000224     0705 r 0e         0000000b  c.addi   x14, 0x1
#2187 0 80000226 fd842683 r 0d         f0040e90  lw       x13, -0x28(x8)
#2188 0 8000022a     078a r 0f         00000000  c.slli   x15, 2
#2189 0 8000022c     97b6 r 0f         f0040e90  c.add    x15, x13
#2190 0 8000022e     c398 m f0040e90   0000000b  c.sw     x14, 0x0(x15)
#2191 0 80000230 fe842783 r 0f         00000019  lw       x15, -0x18(x8)
#2192 0 80000234     0785 r 0f         0000001a  c.addi   x15, 0x1
#2193 0 80000236 fef42423 m f0041028   0000001a  sw       x15, -0x18(x8)
#2194 0 8000023a fec42783 r 0f         f0040064  lw       x15, -0x14(x8)
#2195 0 8000023e     0791 r 0f         f0040068  c.addi   x15, 0x4
#2196 0 80000240 fef42623 m f004102c   f0040068  sw       x15, -0x14(x8)
#2197 0 80000244 fe842703 r 0e         0000001a  lw       x14, -0x18(x8)
#2198 0 80000248 fe042783 r 0f         0000005b  lw       x15, -0x20(x8)
#2199 0 8000024c faf749e3 r 00         00000000  blt      x14, x15, . - 0x4e
#2200 0 800001fe fec42783 r 0f         f0040068  lw       x15, -0x14(x8)
#2201 0 80000202     4398 r 0e         00000000  c.lw     x14, 0x0(x15)
#2202 0 80000204 fcc42783 r 0f         00000000  lw       x15, -0x34(x8)
#2203 0 80000208 40f707b3 r 0f         00000000  sub      x15, x14, x15
#2204 0 8000020c fd842703 r 0e         f0040e90  lw       x14, -0x28(x8)
#2205 0 80000210     078a r 0f         00000000  c.slli   x15, 2
#2206 0 80000212     97ba r 0f         f0040e90  c.add    x15, x14
#2207 0 80000214     4398 r 0e         0000000b  c.lw     x14, 0x0(x15)
#2208 0 80000216 fec42783 r 0f         f0040068  lw       x15, -0x14(x8)
#2209 0 8000021a     4394 r 0d         00000000  c.lw     x13, 0x0(x15)
#2210 0 8000021c fcc42783 r 0f         00000000  lw       x15, -0x34(x8)
#2211 0 80000220 40f687b3 r 0f         00000000  sub      x15, x13, x15
#2212 0 80000224     0705 r 0e         0000000c  c.addi   x14, 0x1
#2213 0 80000226 fd842683 r 0d         f0040e90  lw       x13, -0x28(x8)
#2214 0 8000022a     078a r 0f         00000000  c.slli   x15, 2
#2215 0 8000022c     97b6 r 0f         f0040e90  c.add    x15, x13
#2216 0 8000022e     c398 m f0040e90   0000000c  c.sw     x14, 0x0(x15)
#2217 0 80000230 fe842783 r 0f         0000001a  lw       x15, -0x18(x8)
#2218 0 80000234     0785 r 0f         0000001b  c.addi   x15, 0x1
#2219 0 80000236 fef42423 m f0041028   0000001b  sw       x15, -0x18(x8)
#2220 0 8000023a fec42783 r 0f         f0040068  lw       x15, -0x14(x8)
#2221 0 8000023e     0791 r 0f         f004006c  c.addi   x15, 0x4
#2222 0 80000240 fef42623 m f004102c   f004006c  sw       x15, -0x14(x8)
#2223 0 80000244 fe842703 r 0e         0000001b  lw       x14, -0x18(x8)
#2224 0 80000248 fe042783 r 0f         0000005b  lw       x15, -0x20(x8)
#2225 0 8000024c faf749e3 r 00         00000000  blt      x14, x15, . - 0x4e
#2226 0 800001fe fec42783 r 0f         f004006c  lw       x15, -0x14(x8)
#2227 0 80000202     4398 r 0e         00000000  c.lw     x14, 0x0(x15)
#2228 0 80000204 fcc42783 r 0f         00000000  lw       x15, -0x34(x8)
#2229 0 80000208 40f707b3 r 0f         00000000  sub      x15, x14, x15
#2230 0 8000020c fd842703 r 0e         f0040e90  lw       x14, -0x28(x8)
#2231 0 80000210     078a r 0f         00000000  c.slli   x15, 2
#2232 0 80000212     97ba r 0f         f0040e90  c.add    x15, x14
#2233 0 80000214     4398 r 0e         0000000c  c.lw     x14, 0x0(x15)
#2234 0 80000216 fec42783 r 0f         f004006c  lw       x15, -0x14(x8)
#2235 0 8000021a     4394 r 0d         00000000  c.lw     x13, 0x0(x15)
#2236 0 8000021c fcc42783 r 0f         00000000  lw       x15, -0x34(x8)
#2237 0 80000220 40f687b3 r 0f         00000000  sub      x15, x13, x15
#2238 0 80000224     0705 r 0e         0000000d  c.addi   x14, 0x1
#2239 0 80000226 fd842683 r 0d         f0040e90  lw       x13, -0x28(x8)
#2240 0 8000022a     078a r 0f         00000000  c.slli   x15, 2
#2241 0 8000022c     97b6 r 0f         f0040e90  c.add    x15, x13
#2242 0 8000022e     c398 m f0040e90   0000000d  c.sw     x14, 0x0(x15)
#2243 0 80000230 fe842783 r 0f         0000001b  lw       x15, -0x18(x8)
#2244 0 80000234     0785 r 0f         0000001c  c.addi   x15, 0x1
#2245 0 80000236 fef42423 m f0041028   0000001c  sw       x15, -0x18(x8)
#2246 0 8000023a fec42783 r 0f         f004006c  lw       x15, -0x14(x8)
#2247 0 8000023e     0791 r 0f         f0040070  c.addi   x15, 0x4
#2248 0 80000240 fef42623 m f004102c   f0040070  sw       x15, -0x14(x8)
#2249 0 80000244 fe842703 r 0e         0000001c  lw       x14, -0x18(x8)
#2250 0 80000248 fe042783 r 0f         0000005b  lw       x15, -0x20(x8)
#2251 0 8000024c faf749e3 r 00         00000000  blt      x14, x15, . - 0x4e
#2252 0 800001fe fec42783 r 0f         f0040070  lw       x15, -0x14(x8)
#2253 0 80000202     4398 r 0e         00000000  c.lw     x14, 0x0(x15)
#2254 0 80000204 fcc42783 r 0f         00000000  lw       x15, -0x34(x8)
#2255 0 80000208 40f707b3 r 0f         00000000  sub      x15, x14, x15
#2256 0 8000020c fd842703 r 0e         f0040e90  lw       x14, -0x28(x8)
#2257 0 80000210     078a r 0f         00000000  c.slli   x15, 2
#2258 0 80000212     97ba r 0f         f0040e90  c.add    x15, x14
#2259 0 80000214     4398 r 0e         0000000d  c.lw     x14, 0x0(x15)
#2260 0 80000216 fec42783 r 0f         f0040070  lw       x15, -0x14(x8)
#2261 0 8000021a     4394 r 0d         00000000  c.lw     x13, 0x0(x15)
#2262 0 8000021c fcc42783 r 0f         00000000  lw       x15, -0x34(x8)
#2263 0 80000220 40f687b3 r 0f         00000000  sub      x15, x13, x15
#2264 0 80000224     0705 r 0e         0000000e  c.addi   x14, 0x1
#2265 0 80000226 fd842683 r 0d         f0040e90  lw       x13, -0x28(x8)
#2266 0 8000022a     078a r 0f         00000000  c.slli   x15, 2
#2267 0 8000022c     97b6 r 0f         f0040e90  c.add    x15, x13
#2268 0 8000022e     c398 m f0040e90   0000000e  c.sw     x14, 0x0(x15)
#2269 0 80000230 fe842783 r 0f         0000001c  lw       x15, -0x18(x8)
#2270 0 80000234     0785 r 0f         0000001d  c.addi   x15, 0x1
#2271 0 80000236 fef42423 m f0041028   0000001d  sw       x15, -0x18(x8)
#2272 0 8000023a fec42783 r 0f         f0040070  lw       x15, -0x14(x8)
#2273 0 8000023e     0791 r 0f         f0040074  c.addi   x15, 0x4
#2274 0 80000240 fef42623 m f004102c   f0040074  sw       x15, -0x14(x8)
#2275 0 80000244 fe842703 r 0e         0000001d  lw       x14, -0x18(x8)
#2276 0 80000248 fe042783 r 0f         0000005b  lw       x15, -0x20(x8)
#2277 0 8000024c faf749e3 r 00         00000000  blt      x14, x15, . - 0x4e
#2278 0 800001fe fec42783 r 0f         f0040074  lw       x15, -0x14(x8)
#2279 0 80000202     4398 r 0e         00000000  c.lw     x14, 0x0(x15)
#2280 0 80000204 fcc42783 r 0f         00000000  lw       x15, -0x34(x8)
#2281 0 80000208 40f707b3 r 0f         00000000  sub      x15, x14, x15
#2282 0 8000020c fd842703 r 0e         f0040e90  lw       x14, -0x28(x8)
#2283 0 80000210     078a r 0f         00000000  c.slli   x15, 2
#2284 0 80000212     97ba r 0f         f0040e90  c.add    x15, x14
#2285 0 80000214     4398 r 0e         0000000e  c.lw     x14, 0x0(x15)
#2286 0 80000216 fec42783 r 0f         f0040074  lw       x15, -0x14(x8)
#2287 0 8000021a     4394 r 0d         00000000  c.lw     x13, 0x0(x15)
#2288 0 8000021c fcc42783 r 0f         00000000  lw       x15, -0x34(x8)
#2289 0 80000220 40f687b3 r 0f         00000000  sub      x15, x13, x15
#2290 0 80000224     0705 r 0e         0000000f  c.addi   x14, 0x1
#2291 0 80000226 fd842683 r 0d         f0040e90  lw       x13, -0x28(x8)
#2292 0 8000022a     078a r 0f         00000000  c.slli   x15, 2
#2293 0 8000022c     97b6 r 0f         f0040e90  c.add    x15, x13
#2294 0 8000022e     c398 m f0040e90   0000000f  c.sw     x14, 0x0(x15)
#2295 0 80000230 fe842783 r 0f         0000001d  lw       x15, -0x18(x8)
#2296 0 80000234     0785 r 0f         0000001e  c.addi   x15, 0x1
#2297 0 80000236 fef42423 m f0041028   0000001e  sw       x15, -0x18(x8)
#2298 0 8000023a fec42783 r 0f         f0040074  lw       x15, -0x14(x8)
#2299 0 8000023e     0791 r 0f         f0040078  c.addi   x15, 0x4
#2300 0 80000240 fef42623 m f004102c   f0040078  sw       x15, -0x14(x8)
#2301 0 80000244 fe842703 r 0e         0000001e  lw       x14, -0x18(x8)
#2302 0 80000248 fe042783 r 0f         0000005b  lw       x15, -0x20(x8)
#2303 0 8000024c faf749e3 r 00         00000000  blt      x14, x15, . - 0x4e
#2304 0 800001fe fec42783 r 0f         f0040078  lw       x15, -0x14(x8)
#2305 0 80000202     4398 r 0e         00000000  c.lw     x14, 0x0(x15)
#2306 0 80000204 fcc42783 r 0f         00000000  lw       x15, -0x34(x8)
#2307 0 80000208 40f707b3 r 0f         00000000  sub      x15, x14, x15
#2308 0 8000020c fd842703 r 0e         f0040e90  lw       x14, -0x28(x8)
#2309 0 80000210     078a r 0f         00000000  c.slli   x15, 2
#2310 0 80000212     97ba r 0f         f0040e90  c.add    x15, x14
#2311 0 80000214     4398 r 0e         0000000f  c.lw     x14, 0x0(x15)
#2312 0 80000216 fec42783 r 0f         f0040078  lw       x15, -0x14(x8)
#2313 0 8000021a     4394 r 0d         00000000  c.lw     x13, 0x0(x15)
#2314 0 8000021c fcc42783 r 0f         00000000  lw       x15, -0x34(x8)
#2315 0 80000220 40f687b3 r 0f         00000000  sub      x15, x13, x15
#2316 0 80000224     0705 r 0e         00000010  c.addi   x14, 0x1
#2317 0 80000226 fd842683 r 0d         f0040e90  lw       x13, -0x28(x8)
#2318 0 8000022a     078a r 0f         00000000  c.slli   x15, 2
#2319 0 8000022c     97b6 r 0f         f0040e90  c.add    x15, x13
#2320 0 8000022e     c398 m f0040e90   00000010  c.sw     x14, 0x0(x15)
#2321 0 80000230 fe842783 r 0f         0000001e  lw       x15, -0x18(x8)
#2322 0 80000234     0785 r 0f         0000001f  c.addi   x15, 0x1
#2323 0 80000236 fef42423 m f0041028   0000001f  sw       x15, -0x18(x8)
#2324 0 8000023a fec42783 r 0f         f0040078  lw       x15, -0x14(x8)
#2325 0 8000023e     0791 r 0f         f004007c  c.addi   x15, 0x4
#2326 0 80000240 fef42623 m f004102c   f004007c  sw       x15, -0x14(x8)
#2327 0 80000244 fe842703 r 0e         0000001f  lw       x14, -0x18(x8)
#2328 0 80000248 fe042783 r 0f         0000005b  lw       x15, -0x20(x8)
#2329 0 8000024c faf749e3 r 00         00000000  blt      x14, x15, . - 0x4e
#2330 0 800001fe fec42783 r 0f         f004007c  lw       x15, -0x14(x8)
#2331 0 80000202     4398 r 0e         00000000  c.lw     x14, 0x0(x15)
#2332 0 80000204 fcc42783 r 0f         00000000  lw       x15, -0x34(x8)
#2333 0 80000208 40f707b3 r 0f         00000000  sub      x15, x14, x15
#2334 0 8000020c fd842703 r 0e         f0040e90  lw       x14, -0x28(x8)
#2335 0 80000210     078a r 0f         00000000  c.slli   x15, 2
#2336 0 80000212     97ba r 0f         f0040e90  c.add    x15, x14
#2337 0 80000214     4398 r 0e         00000010  c.lw     x14, 0x0(x15)
#2338 0 80000216 fec42783 r 0f         f004007c  lw       x15, -0x14(x8)
#2339 0 8000021a     4394 r 0d         00000000  c.lw     x13, 0x0(x15)
#2340 0 8000021c fcc42783 r 0f         00000000  lw       x15, -0x34(x8)
#2341 0 80000220 40f687b3 r 0f         00000000  sub      x15, x13, x15
#2342 0 80000224     0705 r 0e         00000011  c.addi   x14, 0x1
#2343 0 80000226 fd842683 r 0d         f0040e90  lw       x13, -0x28(x8)
#2344 0 8000022a     078a r 0f         00000000  c.slli   x15, 2
#2345 0 8000022c     97b6 r 0f         f0040e90  c.add    x15, x13
#2346 0 8000022e     c398 m f0040e90   00000011  c.sw     x14, 0x0(x15)
#2347 0 80000230 fe842783 r 0f         0000001f  lw       x15, -0x18(x8)
#2348 0 80000234     0785 r 0f         00000020  c.addi   x15, 0x1
#2349 0 80000236 fef42423 m f0041028   00000020  sw       x15, -0x18(x8)
#2350 0 8000023a fec42783 r 0f         f004007c  lw       x15, -0x14(x8)
#2351 0 8000023e     0791 r 0f         f0040080  c.addi   x15, 0x4
#2352 0 80000240 fef42623 m f004102c   f0040080  sw       x15, -0x14(x8)
#2353 0 80000244 fe842703 r 0e         00000020  lw       x14, -0x18(x8)
#2354 0 80000248 fe042783 r 0f         0000005b  lw       x15, -0x20(x8)
#2355 0 8000024c faf749e3 r 00         00000000  blt      x14, x15, . - 0x4e
#2356 0 800001fe fec42783 r 0f         f0040080  lw       x15, -0x14(x8)
#2357 0 80000202     4398 r 0e         00000000  c.lw     x14, 0x0(x15)
#2358 0 80000204 fcc42783 r 0f         00000000  lw       x15, -0x34(x8)
#2359 0 80000208 40f707b3 r 0f         00000000  sub      x15, x14, x15
#2360 0 8000020c fd842703 r 0e         f0040e90  lw       x14, -0x28(x8)
#2361 0 80000210     078a r 0f         00000000  c.slli   x15, 2
#2362 0 80000212     97ba r 0f         f0040e90  c.add    x15, x14
#2363 0 80000214     4398 r 0e         00000011  c.lw     x14, 0x0(x15)
#2364 0 80000216 fec42783 r 0f         f0040080  lw       x15, -0x14(x8)
#2365 0 8000021a     4394 r 0d         00000000  c.lw     x13, 0x0(x15)
#2366 0 8000021c fcc42783 r 0f         00000000  lw       x15, -0x34(x8)
#2367 0 80000220 40f687b3 r 0f         00000000  sub      x15, x13, x15
#2368 0 80000224     0705 r 0e         00000012  c.addi   x14, 0x1
#2369 0 80000226 fd842683 r 0d         f0040e90  lw       x13, -0x28(x8)
#2370 0 8000022a     078a r 0f         00000000  c.slli   x15, 2
#2371 0 8000022c     97b6 r 0f         f0040e90  c.add    x15, x13
#2372 0 8000022e     c398 m f0040e90   00000012  c.sw     x14, 0x0(x15)
#2373 0 80000230 fe842783 r 0f         00000020  lw       x15, -0x18(x8)
#2374 0 80000234     0785 r 0f         00000021  c.addi   x15, 0x1
#2375 0 80000236 fef42423 m f0041028   00000021  sw       x15, -0x18(x8)
#2376 0 8000023a fec42783 r 0f         f0040080  lw       x15, -0x14(x8)
#2377 0 8000023e     0791 r 0f         f0040084  c.addi   x15, 0x4
#2378 0 80000240 fef42623 m f004102c   f0040084  sw       x15, -0x14(x8)
#2379 0 80000244 fe842703 r 0e         00000021  lw       x14, -0x18(x8)
#2380 0 80000248 fe042783 r 0f         0000005b  lw       x15, -0x20(x8)
#2381 0 8000024c faf749e3 r 00         00000000  blt      x14, x15, . - 0x4e
#2382 0 800001fe fec42783 r 0f         f0040084  lw       x15, -0x14(x8)
#2383 0 80000202     4398 r 0e         00000000  c.lw     x14, 0x0(x15)
#2384 0 80000204 fcc42783 r 0f         00000000  lw       x15, -0x34(x8)
#2385 0 80000208 40f707b3 r 0f         00000000  sub      x15, x14, x15
#2386 0 8000020c fd842703 r 0e         f0040e90  lw       x14, -0x28(x8)
#2387 0 80000210     078a r 0f         00000000  c.slli   x15, 2
#2388 0 80000212     97ba r 0f         f0040e90  c.add    x15, x14
#2389 0 80000214     4398 r 0e         00000012  c.lw     x14, 0x0(x15)
#2390 0 80000216 fec42783 r 0f         f0040084  lw       x15, -0x14(x8)
#2391 0 8000021a     4394 r 0d         00000000  c.lw     x13, 0x0(x15)
#2392 0 8000021c fcc42783 r 0f         00000000  lw       x15, -0x34(x8)
#2393 0 80000220 40f687b3 r 0f         00000000  sub      x15, x13, x15
#2394 0 80000224     0705 r 0e         00000013  c.addi   x14, 0x1
#2395 0 80000226 fd842683 r 0d         f0040e90  lw       x13, -0x28(x8)
#2396 0 8000022a     078a r 0f         00000000  c.slli   x15, 2
#2397 0 8000022c     97b6 r 0f         f0040e90  c.add    x15, x13
#2398 0 8000022e     c398 m f0040e90   00000013  c.sw     x14, 0x0(x15)
#2399 0 80000230 fe842783 r 0f         00000021  lw       x15, -0x18(x8)
#2400 0 80000234     0785 r 0f         00000022  c.addi   x15, 0x1
#2401 0 80000236 fef42423 m f0041028   00000022  sw       x15, -0x18(x8)
#2402 0 8000023a fec42783 r 0f         f0040084  lw       x15, -0x14(x8)
#2403 0 8000023e     0791 r 0f         f0040088  c.addi   x15, 0x4
#2404 0 80000240 fef42623 m f004102c   f0040088  sw       x15, -0x14(x8)
#2405 0 80000244 fe842703 r 0e         00000022  lw       x14, -0x18(x8)
#2406 0 80000248 fe042783 r 0f         0000005b  lw       x15, -0x20(x8)
#2407 0 8000024c faf749e3 r 00         00000000  blt      x14, x15, . - 0x4e
#2408 0 800001fe fec42783 r 0f         f0040088  lw       x15, -0x14(x8)
#2409 0 80000202     4398 r 0e         00000000  c.lw     x14, 0x0(x15)
#2410 0 80000204 fcc42783 r 0f         00000000  lw       x15, -0x34(x8)
#2411 0 80000208 40f707b3 r 0f         00000000  sub      x15, x14, x15
#2412 0 8000020c fd842703 r 0e         f0040e90  lw       x14, -0x28(x8)
#2413 0 80000210     078a r 0f         00000000  c.slli   x15, 2
#2414 0 80000212     97ba r 0f         f0040e90  c.add    x15, x14
#2415 0 80000214     4398 r 0e         00000013  c.lw     x14, 0x0(x15)
#2416 0 80000216 fec42783 r 0f         f0040088  lw       x15, -0x14(x8)
#2417 0 8000021a     4394 r 0d         00000000  c.lw     x13, 0x0(x15)
#2418 0 8000021c fcc42783 r 0f         00000000  lw       x15, -0x34(x8)
#2419 0 80000220 40f687b3 r 0f         00000000  sub      x15, x13, x15
#2420 0 80000224     0705 r 0e         00000014  c.addi   x14, 0x1
#2421 0 80000226 fd842683 r 0d         f0040e90  lw       x13, -0x28(x8)
#2422 0 8000022a     078a r 0f         00000000  c.slli   x15, 2
#2423 0 8000022c     97b6 r 0f         f0040e90  c.add    x15, x13
#2424 0 8000022e     c398 m f0040e90   00000014  c.sw     x14, 0x0(x15)
#2425 0 80000230 fe842783 r 0f         00000022  lw       x15, -0x18(x8)
#2426 0 80000234     0785 r 0f         00000023  c.addi   x15, 0x1
#2427 0 80000236 fef42423 m f0041028   00000023  sw       x15, -0x18(x8)
#2428 0 8000023a fec42783 r 0f         f0040088  lw       x15, -0x14(x8)
#2429 0 8000023e     0791 r 0f         f004008c  c.addi   x15, 0x4
#2430 0 80000240 fef42623 m f004102c   f004008c  sw       x15, -0x14(x8)
#2431 0 80000244 fe842703 r 0e         00000023  lw       x14, -0x18(x8)
#2432 0 80000248 fe042783 r 0f         0000005b  lw       x15, -0x20(x8)
#2433 0 8000024c faf749e3 r 00         00000000  blt      x14, x15, . - 0x4e
#2434 0 800001fe fec42783 r 0f         f004008c  lw       x15, -0x14(x8)
#2435 0 80000202     4398 r 0e         00000000  c.lw     x14, 0x0(x15)
#2436 0 80000204 fcc42783 r 0f         00000000  lw       x15, -0x34(x8)
#2437 0 80000208 40f707b3 r 0f         00000000  sub      x15, x14, x15
#2438 0 8000020c fd842703 r 0e         f0040e90  lw       x14, -0x28(x8)
#2439 0 80000210     078a r 0f         00000000  c.slli   x15, 2
#2440 0 80000212     97ba r 0f         f0040e90  c.add    x15, x14
#2441 0 80000214     4398 r 0e         00000014  c.lw     x14, 0x0(x15)
#2442 0 80000216 fec42783 r 0f         f004008c  lw       x15, -0x14(x8)
#2443 0 8000021a     4394 r 0d         00000000  c.lw     x13, 0x0(x15)
#2444 0 8000021c fcc42783 r 0f         00000000  lw       x15, -0x34(x8)
#2445 0 80000220 40f687b3 r 0f         00000000  sub      x15, x13, x15
#2446 0 80000224     0705 r 0e         00000015  c.addi   x14, 0x1
#2447 0 80000226 fd842683 r 0d         f0040e90  lw       x13, -0x28(x8)
#2448 0 8000022a     078a r 0f         00000000  c.slli   x15, 2
#2449 0 8000022c     97b6 r 0f         f0040e90  c.add    x15, x13
#2450 0 8000022e     c398 m f0040e90   00000015  c.sw     x14, 0x0(x15)
#2451 0 80000230 fe842783 r 0f         00000023  lw       x15, -0x18(x8)
#2452 0 80000234     0785 r 0f         00000024  c.addi   x15, 0x1
#2453 0 80000236 fef42423 m f0041028   00000024  sw       x15, -0x18(x8)
#2454 0 8000023a fec42783 r 0f         f004008c  lw       x15, -0x14(x8)
#2455 0 8000023e     0791 r 0f         f0040090  c.addi   x15, 0x4
#2456 0 80000240 fef42623 m f004102c   f0040090  sw       x15, -0x14(x8)
#2457 0 80000244 fe842703 r 0e         00000024  lw       x14, -0x18(x8)
#2458 0 80000248 fe042783 r 0f         0000005b  lw       x15, -0x20(x8)
#2459 0 8000024c faf749e3 r 00         00000000  blt      x14, x15, . - 0x4e
#2460 0 800001fe fec42783 r 0f         f0040090  lw       x15, -0x14(x8)
#2461 0 80000202     4398 r 0e         00000000  c.lw     x14, 0x0(x15)
#2462 0 80000204 fcc42783 r 0f         00000000  lw       x15, -0x34(x8)
#2463 0 80000208 40f707b3 r 0f         00000000  sub      x15, x14, x15
#2464 0 8000020c fd842703 r 0e         f0040e90  lw       x14, -0x28(x8)
#2465 0 80000210     078a r 0f         00000000  c.slli   x15, 2
#2466 0 80000212     97ba r 0f         f0040e90  c.add    x15, x14
#2467 0 80000214     4398 r 0e         00000015  c.lw     x14, 0x0(x15)
#2468 0 80000216 fec42783 r 0f         f0040090  lw       x15, -0x14(x8)
#2469 0 8000021a     4394 r 0d         00000000  c.lw     x13, 0x0(x15)
#2470 0 8000021c fcc42783 r 0f         00000000  lw       x15, -0x34(x8)
#2471 0 80000220 40f687b3 r 0f         00000000  sub      x15, x13, x15
#2472 0 80000224     0705 r 0e         00000016  c.addi   x14, 0x1
#2473 0 80000226 fd842683 r 0d         f0040e90  lw       x13, -0x28(x8)
#2474 0 8000022a     078a r 0f         00000000  c.slli   x15, 2
#2475 0 8000022c     97b6 r 0f         f0040e90  c.add    x15, x13
#2476 0 8000022e     c398 m f0040e90   00000016  c.sw     x14, 0x0(x15)
#2477 0 80000230 fe842783 r 0f         00000024  lw       x15, -0x18(x8)
#2478 0 80000234     0785 r 0f         00000025  c.addi   x15, 0x1
#2479 0 80000236 fef42423 m f0041028   00000025  sw       x15, -0x18(x8)
#2480 0 8000023a fec42783 r 0f         f0040090  lw       x15, -0x14(x8)
#2481 0 8000023e     0791 r 0f         f0040094  c.addi   x15, 0x4
#2482 0 80000240 fef42623 m f004102c   f0040094  sw       x15, -0x14(x8)
#2483 0 80000244 fe842703 r 0e         00000025  lw       x14, -0x18(x8)
#2484 0 80000248 fe042783 r 0f         0000005b  lw       x15, -0x20(x8)
#2485 0 8000024c faf749e3 r 00         00000000  blt      x14, x15, . - 0x4e
#2486 0 800001fe fec42783 r 0f         f0040094  lw       x15, -0x14(x8)
#2487 0 80000202     4398 r 0e         00000000  c.lw     x14, 0x0(x15)
#2488 0 80000204 fcc42783 r 0f         00000000  lw       x15, -0x34(x8)
#2489 0 80000208 40f707b3 r 0f         00000000  sub      x15, x14, x15
#2490 0 8000020c fd842703 r 0e         f0040e90  lw       x14, -0x28(x8)
#2491 0 80000210     078a r 0f         00000000  c.slli   x15, 2
#2492 0 80000212     97ba r 0f         f0040e90  c.add    x15, x14
#2493 0 80000214     4398 r 0e         00000016  c.lw     x14, 0x0(x15)
#2494 0 80000216 fec42783 r 0f         f0040094  lw       x15, -0x14(x8)
#2495 0 8000021a     4394 r 0d         00000000  c.lw     x13, 0x0(x15)
#2496 0 8000021c fcc42783 r 0f         00000000  lw       x15, -0x34(x8)
#2497 0 80000220 40f687b3 r 0f         00000000  sub      x15, x13, x15
#2498 0 80000224     0705 r 0e         00000017  c.addi   x14, 0x1
#2499 0 80000226 fd842683 r 0d         f0040e90  lw       x13, -0x28(x8)
#2500 0 8000022a     078a r 0f         00000000  c.slli   x15, 2
#2501 0 8000022c     97b6 r 0f         f0040e90  c.add    x15, x13
#2502 0 8000022e     c398 m f0040e90   00000017  c.sw     x14, 0x0(x15)
#2503 0 80000230 fe842783 r 0f         00000025  lw       x15, -0x18(x8)
#2504 0 80000234     0785 r 0f         00000026  c.addi   x15, 0x1
#2505 0 80000236 fef42423 m f0041028   00000026  sw       x15, -0x18(x8)
#2506 0 8000023a fec42783 r 0f         f0040094  lw       x15, -0x14(x8)
#2507 0 8000023e     0791 r 0f         f0040098  c.addi   x15, 0x4
#2508 0 80000240 fef42623 m f004102c   f0040098  sw       x15, -0x14(x8)
#2509 0 80000244 fe842703 r 0e         00000026  lw       x14, -0x18(x8)
#2510 0 80000248 fe042783 r 0f         0000005b  lw       x15, -0x20(x8)
#2511 0 8000024c faf749e3 r 00         00000000  blt      x14, x15, . - 0x4e
#2512 0 800001fe fec42783 r 0f         f0040098  lw       x15, -0x14(x8)
#2513 0 80000202     4398 r 0e         00000000  c.lw     x14, 0x0(x15)
#2514 0 80000204 fcc42783 r 0f         00000000  lw       x15, -0x34(x8)
#2515 0 80000208 40f707b3 r 0f         00000000  sub      x15, x14, x15
#2516 0 8000020c fd842703 r 0e         f0040e90  lw       x14, -0x28(x8)
#2517 0 80000210     078a r 0f         00000000  c.slli   x15, 2
#2518 0 80000212     97ba r 0f         f0040e90  c.add    x15, x14
#2519 0 80000214     4398 r 0e         00000017  c.lw     x14, 0x0(x15)
#2520 0 80000216 fec42783 r 0f         f0040098  lw       x15, -0x14(x8)
#2521 0 8000021a     4394 r 0d         00000000  c.lw     x13, 0x0(x15)
#2522 0 8000021c fcc42783 r 0f         00000000  lw       x15, -0x34(x8)
#2523 0 80000220 40f687b3 r 0f         00000000  sub      x15, x13, x15
#2524 0 80000224     0705 r 0e         00000018  c.addi   x14, 0x1
#2525 0 80000226 fd842683 r 0d         f0040e90  lw       x13, -0x28(x8)
#2526 0 8000022a     078a r 0f         00000000  c.slli   x15, 2
#2527 0 8000022c     97b6 r 0f         f0040e90  c.add    x15, x13
#2528 0 8000022e     c398 m f0040e90   00000018  c.sw     x14, 0x0(x15)
#2529 0 80000230 fe842783 r 0f         00000026  lw       x15, -0x18(x8)
#2530 0 80000234     0785 r 0f         00000027  c.addi   x15, 0x1
#2531 0 80000236 fef42423 m f0041028   00000027  sw       x15, -0x18(x8)
#2532 0 8000023a fec42783 r 0f         f0040098  lw       x15, -0x14(x8)
#2533 0 8000023e     0791 r 0f         f004009c  c.addi   x15, 0x4
#2534 0 80000240 fef42623 m f004102c   f004009c  sw       x15, -0x14(x8)
#2535 0 80000244 fe842703 r 0e         00000027  lw       x14, -0x18(x8)
#2536 0 80000248 fe042783 r 0f         0000005b  lw       x15, -0x20(x8)
#2537 0 8000024c faf749e3 r 00         00000000  blt      x14, x15, . - 0x4e
#2538 0 800001fe fec42783 r 0f         f004009c  lw       x15, -0x14(x8)
#2539 0 80000202     4398 r 0e         00000000  c.lw     x14, 0x0(x15)
#2540 0 80000204 fcc42783 r 0f         00000000  lw       x15, -0x34(x8)
#2541 0 80000208 40f707b3 r 0f         00000000  sub      x15, x14, x15
#2542 0 8000020c fd842703 r 0e         f0040e90  lw       x14, -0x28(x8)
#2543 0 80000210     078a r 0f         00000000  c.slli   x15, 2
#2544 0 80000212     97ba r 0f         f0040e90  c.add    x15, x14
#2545 0 80000214     4398 r 0e         00000018  c.lw     x14, 0x0(x15)
#2546 0 80000216 fec42783 r 0f         f004009c  lw       x15, -0x14(x8)
#2547 0 8000021a     4394 r 0d         00000000  c.lw     x13, 0x0(x15)
#2548 0 8000021c fcc42783 r 0f         00000000  lw       x15, -0x34(x8)
#2549 0 80000220 40f687b3 r 0f         00000000  sub      x15, x13, x15
#2550 0 80000224     0705 r 0e         00000019  c.addi   x14, 0x1
#2551 0 80000226 fd842683 r 0d         f0040e90  lw       x13, -0x28(x8)
#2552 0 8000022a     078a r 0f         00000000  c.slli   x15, 2
#2553 0 8000022c     97b6 r 0f         f0040e90  c.add    x15, x13
#2554 0 8000022e     c398 m f0040e90   00000019  c.sw     x14, 0x0(x15)
#2555 0 80000230 fe842783 r 0f         00000027  lw       x15, -0x18(x8)
#2556 0 80000234     0785 r 0f         00000028  c.addi   x15, 0x1
#2557 0 80000236 fef42423 m f0041028   00000028  sw       x15, -0x18(x8)
#2558 0 8000023a fec42783 r 0f         f004009c  lw       x15, -0x14(x8)
#2559 0 8000023e     0791 r 0f         f00400a0  c.addi   x15, 0x4
#2560 0 80000240 fef42623 m f004102c   f00400a0  sw       x15, -0x14(x8)
#2561 0 80000244 fe842703 r 0e         00000028  lw       x14, -0x18(x8)
#2562 0 80000248 fe042783 r 0f         0000005b  lw       x15, -0x20(x8)
#2563 0 8000024c faf749e3 r 00         00000000  blt      x14, x15, . - 0x4e
#2564 0 800001fe fec42783 r 0f         f00400a0  lw       x15, -0x14(x8)
#2565 0 80000202     4398 r 0e         00000000  c.lw     x14, 0x0(x15)
#2566 0 80000204 fcc42783 r 0f         00000000  lw       x15, -0x34(x8)
#2567 0 80000208 40f707b3 r 0f         00000000  sub      x15, x14, x15
#2568 0 8000020c fd842703 r 0e         f0040e90  lw       x14, -0x28(x8)
#2569 0 80000210     078a r 0f         00000000  c.slli   x15, 2
#2570 0 80000212     97ba r 0f         f0040e90  c.add    x15, x14
#2571 0 80000214     4398 r 0e         00000019  c.lw     x14, 0x0(x15)
#2572 0 80000216 fec42783 r 0f         f00400a0  lw       x15, -0x14(x8)
#2573 0 8000021a     4394 r 0d         00000000  c.lw     x13, 0x0(x15)
#2574 0 8000021c fcc42783 r 0f         00000000  lw       x15, -0x34(x8)
#2575 0 80000220 40f687b3 r 0f         00000000  sub      x15, x13, x15
#2576 0 80000224     0705 r 0e         0000001a  c.addi   x14, 0x1
#2577 0 80000226 fd842683 r 0d         f0040e90  lw       x13, -0x28(x8)
#2578 0 8000022a     078a r 0f         00000000  c.slli   x15, 2
#2579 0 8000022c     97b6 r 0f         f0040e90  c.add    x15, x13
#2580 0 8000022e     c398 m f0040e90   0000001a  c.sw     x14, 0x0(x15)
#2581 0 80000230 fe842783 r 0f         00000028  lw       x15, -0x18(x8)
#2582 0 80000234     0785 r 0f         00000029  c.addi   x15, 0x1
#2583 0 80000236 fef42423 m f0041028   00000029  sw       x15, -0x18(x8)
#2584 0 8000023a fec42783 r 0f         f00400a0  lw       x15, -0x14(x8)
#2585 0 8000023e     0791 r 0f         f00400a4  c.addi   x15, 0x4
#2586 0 80000240 fef42623 m f004102c   f00400a4  sw       x15, -0x14(x8)
#2587 0 80000244 fe842703 r 0e         00000029  lw       x14, -0x18(x8)
#2588 0 80000248 fe042783 r 0f         0000005b  lw       x15, -0x20(x8)
#2589 0 8000024c faf749e3 r 00         00000000  blt      x14, x15, . - 0x4e
#2590 0 800001fe fec42783 r 0f         f00400a4  lw       x15, -0x14(x8)
#2591 0 80000202     4398 r 0e         00000000  c.lw     x14, 0x0(x15)
#2592 0 80000204 fcc42783 r 0f         00000000  lw       x15, -0x34(x8)
#2593 0 80000208 40f707b3 r 0f         00000000  sub      x15, x14, x15
#2594 0 8000020c fd842703 r 0e         f0040e90  lw       x14, -0x28(x8)
#2595 0 80000210     078a r 0f         00000000  c.slli   x15, 2
#2596 0 80000212     97ba r 0f         f0040e90  c.add    x15, x14
#2597 0 80000214     4398 r 0e         0000001a  c.lw     x14, 0x0(x15)
#2598 0 80000216 fec42783 r 0f         f00400a4  lw       x15, -0x14(x8)
#2599 0 8000021a     4394 r 0d         00000000  c.lw     x13, 0x0(x15)
#2600 0 8000021c fcc42783 r 0f         00000000  lw       x15, -0x34(x8)
#2601 0 80000220 40f687b3 r 0f         00000000  sub      x15, x13, x15
#2602 0 80000224     0705 r 0e         0000001b  c.addi   x14, 0x1
#2603 0 80000226 fd842683 r 0d         f0040e90  lw       x13, -0x28(x8)
#2604 0 8000022a     078a r 0f         00000000  c.slli   x15, 2
#2605 0 8000022c     97b6 r 0f         f0040e90  c.add    x15, x13
#2606 0 8000022e     c398 m f0040e90   0000001b  c.sw     x14, 0x0(x15)
#2607 0 80000230 fe842783 r 0f         00000029  lw       x15, -0x18(x8)
#2608 0 80000234     0785 r 0f         0000002a  c.addi   x15, 0x1
#2609 0 80000236 fef42423 m f0041028   0000002a  sw       x15, -0x18(x8)
#2610 0 8000023a fec42783 r 0f         f00400a4  lw       x15, -0x14(x8)
#2611 0 8000023e     0791 r 0f         f00400a8  c.addi   x15, 0x4
#2612 0 80000240 fef42623 m f004102c   f00400a8  sw       x15, -0x14(x8)
#2613 0 80000244 fe842703 r 0e         0000002a  lw       x14, -0x18(x8)
#2614 0 80000248 fe042783 r 0f         0000005b  lw       x15, -0x20(x8)
#2615 0 8000024c faf749e3 r 00         00000000  blt      x14, x15, . - 0x4e
#2616 0 800001fe fec42783 r 0f         f00400a8  lw       x15, -0x14(x8)
#2617 0 80000202     4398 r 0e         00000000  c.lw     x14, 0x0(x15)
#2618 0 80000204 fcc42783 r 0f         00000000  lw       x15, -0x34(x8)
#2619 0 80000208 40f707b3 r 0f         00000000  sub      x15, x14, x15
#2620 0 8000020c fd842703 r 0e         f0040e90  lw       x14, -0x28(x8)
#2621 0 80000210     078a r 0f         00000000  c.slli   x15, 2
#2622 0 80000212     97ba r 0f         f0040e90  c.add    x15, x14
#2623 0 80000214     4398 r 0e         0000001b  c.lw     x14, 0x0(x15)
#2624 0 80000216 fec42783 r 0f         f00400a8  lw       x15, -0x14(x8)
#2625 0 8000021a     4394 r 0d         00000000  c.lw     x13, 0x0(x15)
#2626 0 8000021c fcc42783 r 0f         00000000  lw       x15, -0x34(x8)
#2627 0 80000220 40f687b3 r 0f         00000000  sub      x15, x13, x15
#2628 0 80000224     0705 r 0e         0000001c  c.addi   x14, 0x1
#2629 0 80000226 fd842683 r 0d         f0040e90  lw       x13, -0x28(x8)
#2630 0 8000022a     078a r 0f         00000000  c.slli   x15, 2
#2631 0 8000022c     97b6 r 0f         f0040e90  c.add    x15, x13
#2632 0 8000022e     c398 m f0040e90   0000001c  c.sw     x14, 0x0(x15)
#2633 0 80000230 fe842783 r 0f         0000002a  lw       x15, -0x18(x8)
#2634 0 80000234     0785 r 0f         0000002b  c.addi   x15, 0x1
#2635 0 80000236 fef42423 m f0041028   0000002b  sw       x15, -0x18(x8)
#2636 0 8000023a fec42783 r 0f         f00400a8  lw       x15, -0x14(x8)
#2637 0 8000023e     0791 r 0f         f00400ac  c.addi   x15, 0x4
#2638 0 80000240 fef42623 m f004102c   f00400ac  sw       x15, -0x14(x8)
#2639 0 80000244 fe842703 r 0e         0000002b  lw       x14, -0x18(x8)
#2640 0 80000248 fe042783 r 0f         0000005b  lw       x15, -0x20(x8)
#2641 0 8000024c faf749e3 r 00         00000000  blt      x14, x15, . - 0x4e
#2642 0 800001fe fec42783 r 0f         f00400ac  lw       x15, -0x14(x8)
#2643 0 80000202     4398 r 0e         00000000  c.lw     x14, 0x0(x15)
#2644 0 80000204 fcc42783 r 0f         00000000  lw       x15, -0x34(x8)
#2645 0 80000208 40f707b3 r 0f         00000000  sub      x15, x14, x15
#2646 0 8000020c fd842703 r 0e         f0040e90  lw       x14, -0x28(x8)
#2647 0 80000210     078a r 0f         00000000  c.slli   x15, 2
#2648 0 80000212     97ba r 0f         f0040e90  c.add    x15, x14
#2649 0 80000214     4398 r 0e         0000001c  c.lw     x14, 0x0(x15)
#2650 0 80000216 fec42783 r 0f         f00400ac  lw       x15, -0x14(x8)
#2651 0 8000021a     4394 r 0d         00000000  c.lw     x13, 0x0(x15)
#2652 0 8000021c fcc42783 r 0f         00000000  lw       x15, -0x34(x8)
#2653 0 80000220 40f687b3 r 0f         00000000  sub      x15, x13, x15
#2654 0 80000224     0705 r 0e         0000001d  c.addi   x14, 0x1
#2655 0 80000226 fd842683 r 0d         f0040e90  lw       x13, -0x28(x8)
#2656 0 8000022a     078a r 0f         00000000  c.slli   x15, 2
#2657 0 8000022c     97b6 r 0f         f0040e90  c.add    x15, x13
#2658 0 8000022e     c398 m f0040e90   0000001d  c.sw     x14, 0x0(x15)
#2659 0 80000230 fe842783 r 0f         0000002b  lw       x15, -0x18(x8)
#2660 0 80000234     0785 r 0f         0000002c  c.addi   x15, 0x1
#2661 0 80000236 fef42423 m f0041028   0000002c  sw       x15, -0x18(x8)
#2662 0 8000023a fec42783 r 0f         f00400ac  lw       x15, -0x14(x8)
#2663 0 8000023e     0791 r 0f         f00400b0  c.addi   x15, 0x4
#2664 0 80000240 fef42623 m f004102c   f00400b0  sw       x15, -0x14(x8)
#2665 0 80000244 fe842703 r 0e         0000002c  lw       x14, -0x18(x8)
#2666 0 80000248 fe042783 r 0f         0000005b  lw       x15, -0x20(x8)
#2667 0 8000024c faf749e3 r 00         00000000  blt      x14, x15, . - 0x4e
#2668 0 800001fe fec42783 r 0f         f00400b0  lw       x15, -0x14(x8)
#2669 0 80000202     4398 r 0e         00000000  c.lw     x14, 0x0(x15)
#2670 0 80000204 fcc42783 r 0f         00000000  lw       x15, -0x34(x8)
#2671 0 80000208 40f707b3 r 0f         00000000  sub      x15, x14, x15
#2672 0 8000020c fd842703 r 0e         f0040e90  lw       x14, -0x28(x8)
#2673 0 80000210     078a r 0f         00000000  c.slli   x15, 2
#2674 0 80000212     97ba r 0f         f0040e90  c.add    x15, x14
#2675 0 80000214     4398 r 0e         0000001d  c.lw     x14, 0x0(x15)
#2676 0 80000216 fec42783 r 0f         f00400b0  lw       x15, -0x14(x8)
#2677 0 8000021a     4394 r 0d         00000000  c.lw     x13, 0x0(x15)
#2678 0 8000021c fcc42783 r 0f         00000000  lw       x15, -0x34(x8)
#2679 0 80000220 40f687b3 r 0f         00000000  sub      x15, x13, x15
#2680 0 80000224     0705 r 0e         0000001e  c.addi   x14, 0x1
#2681 0 80000226 fd842683 r 0d         f0040e90  lw       x13, -0x28(x8)
#2682 0 8000022a     078a r 0f         00000000  c.slli   x15, 2
#2683 0 8000022c     97b6 r 0f         f0040e90  c.add    x15, x13
#2684 0 8000022e     c398 m f0040e90   0000001e  c.sw     x14, 0x0(x15)
#2685 0 80000230 fe842783 r 0f         0000002c  lw       x15, -0x18(x8)
#2686 0 80000234     0785 r 0f         0000002d  c.addi   x15, 0x1
#2687 0 80000236 fef42423 m f0041028   0000002d  sw       x15, -0x18(x8)
#2688 0 8000023a fec42783 r 0f         f00400b0  lw       x15, -0x14(x8)
#2689 0 8000023e     0791 r 0f         f00400b4  c.addi   x15, 0x4
#2690 0 80000240 fef42623 m f004102c   f00400b4  sw       x15, -0x14(x8)
#2691 0 80000244 fe842703 r 0e         0000002d  lw       x14, -0x18(x8)
#2692 0 80000248 fe042783 r 0f         0000005b  lw       x15, -0x20(x8)
#2693 0 8000024c faf749e3 r 00         00000000  blt      x14, x15, . - 0x4e
#2694 0 800001fe fec42783 r 0f         f00400b4  lw       x15, -0x14(x8)
#2695 0 80000202     4398 r 0e         00000000  c.lw     x14, 0x0(x15)
#2696 0 80000204 fcc42783 r 0f         00000000  lw       x15, -0x34(x8)
#2697 0 80000208 40f707b3 r 0f         00000000  sub      x15, x14, x15
#2698 0 8000020c fd842703 r 0e         f0040e90  lw       x14, -0x28(x8)
#2699 0 80000210     078a r 0f         00000000  c.slli   x15, 2
#2700 0 80000212     97ba r 0f         f0040e90  c.add    x15, x14
#2701 0 80000214     4398 r 0e         0000001e  c.lw     x14, 0x0(x15)
#2702 0 80000216 fec42783 r 0f         f00400b4  lw       x15, -0x14(x8)
#2703 0 8000021a     4394 r 0d         00000000  c.lw     x13, 0x0(x15)
#2704 0 8000021c fcc42783 r 0f         00000000  lw       x15, -0x34(x8)
#2705 0 80000220 40f687b3 r 0f         00000000  sub      x15, x13, x15
#2706 0 80000224     0705 r 0e         0000001f  c.addi   x14, 0x1
#2707 0 80000226 fd842683 r 0d         f0040e90  lw       x13, -0x28(x8)
#2708 0 8000022a     078a r 0f         00000000  c.slli   x15, 2
#2709 0 8000022c     97b6 r 0f         f0040e90  c.add    x15, x13
#2710 0 8000022e     c398 m f0040e90   0000001f  c.sw     x14, 0x0(x15)
#2711 0 80000230 fe842783 r 0f         0000002d  lw       x15, -0x18(x8)
#2712 0 80000234     0785 r 0f         0000002e  c.addi   x15, 0x1
#2713 0 80000236 fef42423 m f0041028   0000002e  sw       x15, -0x18(x8)
#2714 0 8000023a fec42783 r 0f         f00400b4  lw       x15, -0x14(x8)
#2715 0 8000023e     0791 r 0f         f00400b8  c.addi   x15, 0x4
#2716 0 80000240 fef42623 m f004102c   f00400b8  sw       x15, -0x14(x8)
#2717 0 80000244 fe842703 r 0e         0000002e  lw       x14, -0x18(x8)
#2718 0 80000248 fe042783 r 0f         0000005b  lw       x15, -0x20(x8)
#2719 0 8000024c faf749e3 r 00         00000000  blt      x14, x15, . - 0x4e
#2720 0 800001fe fec42783 r 0f         f00400b8  lw       x15, -0x14(x8)
#2721 0 80000202     4398 r 0e         00000000  c.lw     x14, 0x0(x15)
#2722 0 80000204 fcc42783 r 0f         00000000  lw       x15, -0x34(x8)
#2723 0 80000208 40f707b3 r 0f         00000000  sub      x15, x14, x15
#2724 0 8000020c fd842703 r 0e         f0040e90  lw       x14, -0x28(x8)
#2725 0 80000210     078a r 0f         00000000  c.slli   x15, 2
#2726 0 80000212     97ba r 0f         f0040e90  c.add    x15, x14
#2727 0 80000214     4398 r 0e         0000001f  c.lw     x14, 0x0(x15)
#2728 0 80000216 fec42783 r 0f         f00400b8  lw       x15, -0x14(x8)
#2729 0 8000021a     4394 r 0d         00000000  c.lw     x13, 0x0(x15)
#2730 0 8000021c fcc42783 r 0f         00000000  lw       x15, -0x34(x8)
#2731 0 80000220 40f687b3 r 0f         00000000  sub      x15, x13, x15
#2732 0 80000224     0705 r 0e         00000020  c.addi   x14, 0x1
#2733 0 80000226 fd842683 r 0d         f0040e90  lw       x13, -0x28(x8)
#2734 0 8000022a     078a r 0f         00000000  c.slli   x15, 2
#2735 0 8000022c     97b6 r 0f         f0040e90  c.add    x15, x13
#2736 0 8000022e     c398 m f0040e90   00000020  c.sw     x14, 0x0(x15)
#2737 0 80000230 fe842783 r 0f         0000002e  lw       x15, -0x18(x8)
#2738 0 80000234     0785 r 0f         0000002f  c.addi   x15, 0x1
#2739 0 80000236 fef42423 m f0041028   0000002f  sw       x15, -0x18(x8)
#2740 0 8000023a fec42783 r 0f         f00400b8  lw       x15, -0x14(x8)
#2741 0 8000023e     0791 r 0f         f00400bc  c.addi   x15, 0x4
#2742 0 80000240 fef42623 m f004102c   f00400bc  sw       x15, -0x14(x8)
#2743 0 80000244 fe842703 r 0e         0000002f  lw       x14, -0x18(x8)
#2744 0 80000248 fe042783 r 0f         0000005b  lw       x15, -0x20(x8)
#2745 0 8000024c faf749e3 r 00         00000000  blt      x14, x15, . - 0x4e
#2746 0 800001fe fec42783 r 0f         f00400bc  lw       x15, -0x14(x8)
#2747 0 80000202     4398 r 0e         00000000  c.lw     x14, 0x0(x15)
#2748 0 80000204 fcc42783 r 0f         00000000  lw       x15, -0x34(x8)
#2749 0 80000208 40f707b3 r 0f         00000000  sub      x15, x14, x15
#2750 0 8000020c fd842703 r 0e         f0040e90  lw       x14, -0x28(x8)
#2751 0 80000210     078a r 0f         00000000  c.slli   x15, 2
#2752 0 80000212     97ba r 0f         f0040e90  c.add    x15, x14
#2753 0 80000214     4398 r 0e         00000020  c.lw     x14, 0x0(x15)
#2754 0 80000216 fec42783 r 0f         f00400bc  lw       x15, -0x14(x8)
#2755 0 8000021a     4394 r 0d         00000000  c.lw     x13, 0x0(x15)
#2756 0 8000021c fcc42783 r 0f         00000000  lw       x15, -0x34(x8)
#2757 0 80000220 40f687b3 r 0f         00000000  sub      x15, x13, x15
#2758 0 80000224     0705 r 0e         00000021  c.addi   x14, 0x1
#2759 0 80000226 fd842683 r 0d         f0040e90  lw       x13, -0x28(x8)
#2760 0 8000022a     078a r 0f         00000000  c.slli   x15, 2
#2761 0 8000022c     97b6 r 0f         f0040e90  c.add    x15, x13
#2762 0 8000022e     c398 m f0040e90   00000021  c.sw     x14, 0x0(x15)
#2763 0 80000230 fe842783 r 0f         0000002f  lw       x15, -0x18(x8)
#2764 0 80000234     0785 r 0f         00000030  c.addi   x15, 0x1
#2765 0 80000236 fef42423 m f0041028   00000030  sw       x15, -0x18(x8)
#2766 0 8000023a fec42783 r 0f         f00400bc  lw       x15, -0x14(x8)
#2767 0 8000023e     0791 r 0f         f00400c0  c.addi   x15, 0x4
#2768 0 80000240 fef42623 m f004102c   f00400c0  sw       x15, -0x14(x8)
#2769 0 80000244 fe842703 r 0e         00000030  lw       x14, -0x18(x8)
#2770 0 80000248 fe042783 r 0f         0000005b  lw       x15, -0x20(x8)
#2771 0 8000024c faf749e3 r 00         00000000  blt      x14, x15, . - 0x4e
#2772 0 800001fe fec42783 r 0f         f00400c0  lw       x15, -0x14(x8)
#2773 0 80000202     4398 r 0e         00000000  c.lw     x14, 0x0(x15)
#2774 0 80000204 fcc42783 r 0f         00000000  lw       x15, -0x34(x8)
#2775 0 80000208 40f707b3 r 0f         00000000  sub      x15, x14, x15
#2776 0 8000020c fd842703 r 0e         f0040e90  lw       x14, -0x28(x8)
#2777 0 80000210     078a r 0f         00000000  c.slli   x15, 2
#2778 0 80000212     97ba r 0f         f0040e90  c.add    x15, x14
#2779 0 80000214     4398 r 0e         00000021  c.lw     x14, 0x0(x15)
#2780 0 80000216 fec42783 r 0f         f00400c0  lw       x15, -0x14(x8)
#2781 0 8000021a     4394 r 0d         00000000  c.lw     x13, 0x0(x15)
#2782 0 8000021c fcc42783 r 0f         00000000  lw       x15, -0x34(x8)
#2783 0 80000220 40f687b3 r 0f         00000000  sub      x15, x13, x15
#2784 0 80000224     0705 r 0e         00000022  c.addi   x14, 0x1
#2785 0 80000226 fd842683 r 0d         f0040e90  lw       x13, -0x28(x8)
#2786 0 8000022a     078a r 0f         00000000  c.slli   x15, 2
#2787 0 8000022c     97b6 r 0f         f0040e90  c.add    x15, x13
#2788 0 8000022e     c398 m f0040e90   00000022  c.sw     x14, 0x0(x15)
#2789 0 80000230 fe842783 r 0f         00000030  lw       x15, -0x18(x8)
#2790 0 80000234     0785 r 0f         00000031  c.addi   x15, 0x1
#2791 0 80000236 fef42423 m f0041028   00000031  sw       x15, -0x18(x8)
#2792 0 8000023a fec42783 r 0f         f00400c0  lw       x15, -0x14(x8)
#2793 0 8000023e     0791 r 0f         f00400c4  c.addi   x15, 0x4
#2794 0 80000240 fef42623 m f004102c   f00400c4  sw       x15, -0x14(x8)
#2795 0 80000244 fe842703 r 0e         00000031  lw       x14, -0x18(x8)
#2796 0 80000248 fe042783 r 0f         0000005b  lw       x15, -0x20(x8)
#2797 0 8000024c faf749e3 r 00         00000000  blt      x14, x15, . - 0x4e
#2798 0 800001fe fec42783 r 0f         f00400c4  lw       x15, -0x14(x8)
#2799 0 80000202     4398 r 0e         00000000  c.lw     x14, 0x0(x15)
#2800 0 80000204 fcc42783 r 0f         00000000  lw       x15, -0x34(x8)
#2801 0 80000208 40f707b3 r 0f         00000000  sub      x15, x14, x15
#2802 0 8000020c fd842703 r 0e         f0040e90  lw       x14, -0x28(x8)
#2803 0 80000210     078a r 0f         00000000  c.slli   x15, 2
#2804 0 80000212     97ba r 0f         f0040e90  c.add    x15, x14
#2805 0 80000214     4398 r 0e         00000022  c.lw     x14, 0x0(x15)
#2806 0 80000216 fec42783 r 0f         f00400c4  lw       x15, -0x14(x8)
#2807 0 8000021a     4394 r 0d         00000000  c.lw     x13, 0x0(x15)
#2808 0 8000021c fcc42783 r 0f         00000000  lw       x15, -0x34(x8)
#2809 0 80000220 40f687b3 r 0f         00000000  sub      x15, x13, x15
#2810 0 80000224     0705 r 0e         00000023  c.addi   x14, 0x1
#2811 0 80000226 fd842683 r 0d         f0040e90  lw       x13, -0x28(x8)
#2812 0 8000022a     078a r 0f         00000000  c.slli   x15, 2
#2813 0 8000022c     97b6 r 0f         f0040e90  c.add    x15, x13
#2814 0 8000022e     c398 m f0040e90   00000023  c.sw     x14, 0x0(x15)
#2815 0 80000230 fe842783 r 0f         00000031  lw       x15, -0x18(x8)
#2816 0 80000234     0785 r 0f         00000032  c.addi   x15, 0x1
#2817 0 80000236 fef42423 m f0041028   00000032  sw       x15, -0x18(x8)
#2818 0 8000023a fec42783 r 0f         f00400c4  lw       x15, -0x14(x8)
#2819 0 8000023e     0791 r 0f         f00400c8  c.addi   x15, 0x4
#2820 0 80000240 fef42623 m f004102c   f00400c8  sw       x15, -0x14(x8)
#2821 0 80000244 fe842703 r 0e         00000032  lw       x14, -0x18(x8)
#2822 0 80000248 fe042783 r 0f         0000005b  lw       x15, -0x20(x8)
#2823 0 8000024c faf749e3 r 00         00000000  blt      x14, x15, . - 0x4e
#2824 0 800001fe fec42783 r 0f         f00400c8  lw       x15, -0x14(x8)
#2825 0 80000202     4398 r 0e         00000000  c.lw     x14, 0x0(x15)
#2826 0 80000204 fcc42783 r 0f         00000000  lw       x15, -0x34(x8)
#2827 0 80000208 40f707b3 r 0f         00000000  sub      x15, x14, x15
#2828 0 8000020c fd842703 r 0e         f0040e90  lw       x14, -0x28(x8)
#2829 0 80000210     078a r 0f         00000000  c.slli   x15, 2
#2830 0 80000212     97ba r 0f         f0040e90  c.add    x15, x14
#2831 0 80000214     4398 r 0e         00000023  c.lw     x14, 0x0(x15)
#2832 0 80000216 fec42783 r 0f         f00400c8  lw       x15, -0x14(x8)
#2833 0 8000021a     4394 r 0d         00000000  c.lw     x13, 0x0(x15)
#2834 0 8000021c fcc42783 r 0f         00000000  lw       x15, -0x34(x8)
#2835 0 80000220 40f687b3 r 0f         00000000  sub      x15, x13, x15
#2836 0 80000224     0705 r 0e         00000024  c.addi   x14, 0x1
#2837 0 80000226 fd842683 r 0d         f0040e90  lw       x13, -0x28(x8)
#2838 0 8000022a     078a r 0f         00000000  c.slli   x15, 2
#2839 0 8000022c     97b6 r 0f         f0040e90  c.add    x15, x13
#2840 0 8000022e     c398 m f0040e90   00000024  c.sw     x14, 0x0(x15)
#2841 0 80000230 fe842783 r 0f         00000032  lw       x15, -0x18(x8)
#2842 0 80000234     0785 r 0f         00000033  c.addi   x15, 0x1
#2843 0 80000236 fef42423 m f0041028   00000033  sw       x15, -0x18(x8)
#2844 0 8000023a fec42783 r 0f         f00400c8  lw       x15, -0x14(x8)
#2845 0 8000023e     0791 r 0f         f00400cc  c.addi   x15, 0x4
#2846 0 80000240 fef42623 m f004102c   f00400cc  sw       x15, -0x14(x8)
#2847 0 80000244 fe842703 r 0e         00000033  lw       x14, -0x18(x8)
#2848 0 80000248 fe042783 r 0f         0000005b  lw       x15, -0x20(x8)
#2849 0 8000024c faf749e3 r 00         00000000  blt      x14, x15, . - 0x4e
#2850 0 800001fe fec42783 r 0f         f00400cc  lw       x15, -0x14(x8)
#2851 0 80000202     4398 r 0e         00000000  c.lw     x14, 0x0(x15)
#2852 0 80000204 fcc42783 r 0f         00000000  lw       x15, -0x34(x8)
#2853 0 80000208 40f707b3 r 0f         00000000  sub      x15, x14, x15
#2854 0 8000020c fd842703 r 0e         f0040e90  lw       x14, -0x28(x8)
#2855 0 80000210     078a r 0f         00000000  c.slli   x15, 2
#2856 0 80000212     97ba r 0f         f0040e90  c.add    x15, x14
#2857 0 80000214     4398 r 0e         00000024  c.lw     x14, 0x0(x15)
#2858 0 80000216 fec42783 r 0f         f00400cc  lw       x15, -0x14(x8)
#2859 0 8000021a     4394 r 0d         00000000  c.lw     x13, 0x0(x15)
#2860 0 8000021c fcc42783 r 0f         00000000  lw       x15, -0x34(x8)
#2861 0 80000220 40f687b3 r 0f         00000000  sub      x15, x13, x15
#2862 0 80000224     0705 r 0e         00000025  c.addi   x14, 0x1
#2863 0 80000226 fd842683 r 0d         f0040e90  lw       x13, -0x28(x8)
#2864 0 8000022a     078a r 0f         00000000  c.slli   x15, 2
#2865 0 8000022c     97b6 r 0f         f0040e90  c.add    x15, x13
#2866 0 8000022e     c398 m f0040e90   00000025  c.sw     x14, 0x0(x15)
#2867 0 80000230 fe842783 r 0f         00000033  lw       x15, -0x18(x8)
#2868 0 80000234     0785 r 0f         00000034  c.addi   x15, 0x1
#2869 0 80000236 fef42423 m f0041028   00000034  sw       x15, -0x18(x8)
#2870 0 8000023a fec42783 r 0f         f00400cc  lw       x15, -0x14(x8)
#2871 0 8000023e     0791 r 0f         f00400d0  c.addi   x15, 0x4
#2872 0 80000240 fef42623 m f004102c   f00400d0  sw       x15, -0x14(x8)
#2873 0 80000244 fe842703 r 0e         00000034  lw       x14, -0x18(x8)
#2874 0 80000248 fe042783 r 0f         0000005b  lw       x15, -0x20(x8)
#2875 0 8000024c faf749e3 r 00         00000000  blt      x14, x15, . - 0x4e
#2876 0 800001fe fec42783 r 0f         f00400d0  lw       x15, -0x14(x8)
#2877 0 80000202     4398 r 0e         00000000  c.lw     x14, 0x0(x15)
#2878 0 80000204 fcc42783 r 0f         00000000  lw       x15, -0x34(x8)
#2879 0 80000208 40f707b3 r 0f         00000000  sub      x15, x14, x15
#2880 0 8000020c fd842703 r 0e         f0040e90  lw       x14, -0x28(x8)
#2881 0 80000210     078a r 0f         00000000  c.slli   x15, 2
#2882 0 80000212     97ba r 0f         f0040e90  c.add    x15, x14
#2883 0 80000214     4398 r 0e         00000025  c.lw     x14, 0x0(x15)
#2884 0 80000216 fec42783 r 0f         f00400d0  lw       x15, -0x14(x8)
#2885 0 8000021a     4394 r 0d         00000000  c.lw     x13, 0x0(x15)
#2886 0 8000021c fcc42783 r 0f         00000000  lw       x15, -0x34(x8)
#2887 0 80000220 40f687b3 r 0f         00000000  sub      x15, x13, x15
#2888 0 80000224     0705 r 0e         00000026  c.addi   x14, 0x1
#2889 0 80000226 fd842683 r 0d         f0040e90  lw       x13, -0x28(x8)
#2890 0 8000022a     078a r 0f         00000000  c.slli   x15, 2
#2891 0 8000022c     97b6 r 0f         f0040e90  c.add    x15, x13
#2892 0 8000022e     c398 m f0040e90   00000026  c.sw     x14, 0x0(x15)
#2893 0 80000230 fe842783 r 0f         00000034  lw       x15, -0x18(x8)
#2894 0 80000234     0785 r 0f         00000035  c.addi   x15, 0x1
#2895 0 80000236 fef42423 m f0041028   00000035  sw       x15, -0x18(x8)
#2896 0 8000023a fec42783 r 0f         f00400d0  lw       x15, -0x14(x8)
#2897 0 8000023e     0791 r 0f         f00400d4  c.addi   x15, 0x4
#2898 0 80000240 fef42623 m f004102c   f00400d4  sw       x15, -0x14(x8)
#2899 0 80000244 fe842703 r 0e         00000035  lw       x14, -0x18(x8)
#2900 0 80000248 fe042783 r 0f         0000005b  lw       x15, -0x20(x8)
#2901 0 8000024c faf749e3 r 00         00000000  blt      x14, x15, . - 0x4e
#2902 0 800001fe fec42783 r 0f         f00400d4  lw       x15, -0x14(x8)
#2903 0 80000202     4398 r 0e         00000000  c.lw     x14, 0x0(x15)
#2904 0 80000204 fcc42783 r 0f         00000000  lw       x15, -0x34(x8)
#2905 0 80000208 40f707b3 r 0f         00000000  sub      x15, x14, x15
#2906 0 8000020c fd842703 r 0e         f0040e90  lw       x14, -0x28(x8)
#2907 0 80000210     078a r 0f         00000000  c.slli   x15, 2
#2908 0 80000212     97ba r 0f         f0040e90  c.add    x15, x14
#2909 0 80000214     4398 r 0e         00000026  c.lw     x14, 0x0(x15)
#2910 0 80000216 fec42783 r 0f         f00400d4  lw       x15, -0x14(x8)
#2911 0 8000021a     4394 r 0d         00000000  c.lw     x13, 0x0(x15)
#2912 0 8000021c fcc42783 r 0f         00000000  lw       x15, -0x34(x8)
#2913 0 80000220 40f687b3 r 0f         00000000  sub      x15, x13, x15
#2914 0 80000224     0705 r 0e         00000027  c.addi   x14, 0x1
#2915 0 80000226 fd842683 r 0d         f0040e90  lw       x13, -0x28(x8)
#2916 0 8000022a     078a r 0f         00000000  c.slli   x15, 2
#2917 0 8000022c     97b6 r 0f         f0040e90  c.add    x15, x13
#2918 0 8000022e     c398 m f0040e90   00000027  c.sw     x14, 0x0(x15)
#2919 0 80000230 fe842783 r 0f         00000035  lw       x15, -0x18(x8)
#2920 0 80000234     0785 r 0f         00000036  c.addi   x15, 0x1
#2921 0 80000236 fef42423 m f0041028   00000036  sw       x15, -0x18(x8)
#2922 0 8000023a fec42783 r 0f         f00400d4  lw       x15, -0x14(x8)
#2923 0 8000023e     0791 r 0f         f00400d8  c.addi   x15, 0x4
#2924 0 80000240 fef42623 m f004102c   f00400d8  sw       x15, -0x14(x8)
#2925 0 80000244 fe842703 r 0e         00000036  lw       x14, -0x18(x8)
#2926 0 80000248 fe042783 r 0f         0000005b  lw       x15, -0x20(x8)
#2927 0 8000024c faf749e3 r 00         00000000  blt      x14, x15, . - 0x4e
#2928 0 800001fe fec42783 r 0f         f00400d8  lw       x15, -0x14(x8)
#2929 0 80000202     4398 r 0e         00000000  c.lw     x14, 0x0(x15)
#2930 0 80000204 fcc42783 r 0f         00000000  lw       x15, -0x34(x8)
#2931 0 80000208 40f707b3 r 0f         00000000  sub      x15, x14, x15
#2932 0 8000020c fd842703 r 0e         f0040e90  lw       x14, -0x28(x8)
#2933 0 80000210     078a r 0f         00000000  c.slli   x15, 2
#2934 0 80000212     97ba r 0f         f0040e90  c.add    x15, x14
#2935 0 80000214     4398 r 0e         00000027  c.lw     x14, 0x0(x15)
#2936 0 80000216 fec42783 r 0f         f00400d8  lw       x15, -0x14(x8)
#2937 0 8000021a     4394 r 0d         00000000  c.lw     x13, 0x0(x15)
#2938 0 8000021c fcc42783 r 0f         00000000  lw       x15, -0x34(x8)
#2939 0 80000220 40f687b3 r 0f         00000000  sub      x15, x13, x15
#2940 0 80000224     0705 r 0e         00000028  c.addi   x14, 0x1
#2941 0 80000226 fd842683 r 0d         f0040e90  lw       x13, -0x28(x8)
#2942 0 8000022a     078a r 0f         00000000  c.slli   x15, 2
#2943 0 8000022c     97b6 r 0f         f0040e90  c.add    x15, x13
#2944 0 8000022e     c398 m f0040e90   00000028  c.sw     x14, 0x0(x15)
#2945 0 80000230 fe842783 r 0f         00000036  lw       x15, -0x18(x8)
#2946 0 80000234     0785 r 0f         00000037  c.addi   x15, 0x1
#2947 0 80000236 fef42423 m f0041028   00000037  sw       x15, -0x18(x8)
#2948 0 8000023a fec42783 r 0f         f00400d8  lw       x15, -0x14(x8)
#2949 0 8000023e     0791 r 0f         f00400dc  c.addi   x15, 0x4
#2950 0 80000240 fef42623 m f004102c   f00400dc  sw       x15, -0x14(x8)
#2951 0 80000244 fe842703 r 0e         00000037  lw       x14, -0x18(x8)
#2952 0 80000248 fe042783 r 0f         0000005b  lw       x15, -0x20(x8)
#2953 0 8000024c faf749e3 r 00         00000000  blt      x14, x15, . - 0x4e
#2954 0 800001fe fec42783 r 0f         f00400dc  lw       x15, -0x14(x8)
#2955 0 80000202     4398 r 0e         00000000  c.lw     x14, 0x0(x15)
#2956 0 80000204 fcc42783 r 0f         00000000  lw       x15, -0x34(x8)
#2957 0 80000208 40f707b3 r 0f         00000000  sub      x15, x14, x15
#2958 0 8000020c fd842703 r 0e         f0040e90  lw       x14, -0x28(x8)
#2959 0 80000210     078a r 0f         00000000  c.slli   x15, 2
#2960 0 80000212     97ba r 0f         f0040e90  c.add    x15, x14
#2961 0 80000214     4398 r 0e         00000028  c.lw     x14, 0x0(x15)
#2962 0 80000216 fec42783 r 0f         f00400dc  lw       x15, -0x14(x8)
#2963 0 8000021a     4394 r 0d         00000000  c.lw     x13, 0x0(x15)
#2964 0 8000021c fcc42783 r 0f         00000000  lw       x15, -0x34(x8)
#2965 0 80000220 40f687b3 r 0f         00000000  sub      x15, x13, x15
#2966 0 80000224     0705 r 0e         00000029  c.addi   x14, 0x1
#2967 0 80000226 fd842683 r 0d         f0040e90  lw       x13, -0x28(x8)
#2968 0 8000022a     078a r 0f         00000000  c.slli   x15, 2
#2969 0 8000022c     97b6 r 0f         f0040e90  c.add    x15, x13
#2970 0 8000022e     c398 m f0040e90   00000029  c.sw     x14, 0x0(x15)
#2971 0 80000230 fe842783 r 0f         00000037  lw       x15, -0x18(x8)
#2972 0 80000234     0785 r 0f         00000038  c.addi   x15, 0x1
#2973 0 80000236 fef42423 m f0041028   00000038  sw       x15, -0x18(x8)
#2974 0 8000023a fec42783 r 0f         f00400dc  lw       x15, -0x14(x8)
#2975 0 8000023e     0791 r 0f         f00400e0  c.addi   x15, 0x4
#2976 0 80000240 fef42623 m f004102c   f00400e0  sw       x15, -0x14(x8)
#2977 0 80000244 fe842703 r 0e         00000038  lw       x14, -0x18(x8)
#2978 0 80000248 fe042783 r 0f         0000005b  lw       x15, -0x20(x8)
#2979 0 8000024c faf749e3 r 00         00000000  blt      x14, x15, . - 0x4e
#2980 0 800001fe fec42783 r 0f         f00400e0  lw       x15, -0x14(x8)
#2981 0 80000202     4398 r 0e         00000000  c.lw     x14, 0x0(x15)
#2982 0 80000204 fcc42783 r 0f         00000000  lw       x15, -0x34(x8)
#2983 0 80000208 40f707b3 r 0f         00000000  sub      x15, x14, x15
#2984 0 8000020c fd842703 r 0e         f0040e90  lw       x14, -0x28(x8)
#2985 0 80000210     078a r 0f         00000000  c.slli   x15, 2
#2986 0 80000212     97ba r 0f         f0040e90  c.add    x15, x14
#2987 0 80000214     4398 r 0e         00000029  c.lw     x14, 0x0(x15)
#2988 0 80000216 fec42783 r 0f         f00400e0  lw       x15, -0x14(x8)
#2989 0 8000021a     4394 r 0d         00000000  c.lw     x13, 0x0(x15)
#2990 0 8000021c fcc42783 r 0f         00000000  lw       x15, -0x34(x8)
#2991 0 80000220 40f687b3 r 0f         00000000  sub      x15, x13, x15
#2992 0 80000224     0705 r 0e         0000002a  c.addi   x14, 0x1
#2993 0 80000226 fd842683 r 0d         f0040e90  lw       x13, -0x28(x8)
#2994 0 8000022a     078a r 0f         00000000  c.slli   x15, 2
#2995 0 8000022c     97b6 r 0f         f0040e90  c.add    x15, x13
#2996 0 8000022e     c398 m f0040e90   0000002a  c.sw     x14, 0x0(x15)
#2997 0 80000230 fe842783 r 0f         00000038  lw       x15, -0x18(x8)
#2998 0 80000234     0785 r 0f         00000039  c.addi   x15, 0x1
#2999 0 80000236 fef42423 m f0041028   00000039  sw       x15, -0x18(x8)
#3000 0 8000023a fec42783 r 0f         f00400e0  lw       x15, -0x14(x8)
#3001 0 8000023e     0791 r 0f         f00400e4  c.addi   x15, 0x4
#3002 0 80000240 fef42623 m f004102c   f00400e4  sw       x15, -0x14(x8)
#3003 0 80000244 fe842703 r 0e         00000039  lw       x14, -0x18(x8)
#3004 0 80000248 fe042783 r 0f         0000005b  lw       x15, -0x20(x8)
#3005 0 8000024c faf749e3 r 00         00000000  blt      x14, x15, . - 0x4e
#3006 0 800001fe fec42783 r 0f         f00400e4  lw       x15, -0x14(x8)
#3007 0 80000202     4398 r 0e         00000000  c.lw     x14, 0x0(x15)
#3008 0 80000204 fcc42783 r 0f         00000000  lw       x15, -0x34(x8)
#3009 0 80000208 40f707b3 r 0f         00000000  sub      x15, x14, x15
#3010 0 8000020c fd842703 r 0e         f0040e90  lw       x14, -0x28(x8)
#3011 0 80000210     078a r 0f         00000000  c.slli   x15, 2
#3012 0 80000212     97ba r 0f         f0040e90  c.add    x15, x14
#3013 0 80000214     4398 r 0e         0000002a  c.lw     x14, 0x0(x15)
#3014 0 80000216 fec42783 r 0f         f00400e4  lw       x15, -0x14(x8)
#3015 0 8000021a     4394 r 0d         00000000  c.lw     x13, 0x0(x15)
#3016 0 8000021c fcc42783 r 0f         00000000  lw       x15, -0x34(x8)
#3017 0 80000220 40f687b3 r 0f         00000000  sub      x15, x13, x15
#3018 0 80000224     0705 r 0e         0000002b  c.addi   x14, 0x1
#3019 0 80000226 fd842683 r 0d         f0040e90  lw       x13, -0x28(x8)
#3020 0 8000022a     078a r 0f         00000000  c.slli   x15, 2
#3021 0 8000022c     97b6 r 0f         f0040e90  c.add    x15, x13
#3022 0 8000022e     c398 m f0040e90   0000002b  c.sw     x14, 0x0(x15)
#3023 0 80000230 fe842783 r 0f         00000039  lw       x15, -0x18(x8)
#3024 0 80000234     0785 r 0f         0000003a  c.addi   x15, 0x1
#3025 0 80000236 fef42423 m f0041028   0000003a  sw       x15, -0x18(x8)
#3026 0 8000023a fec42783 r 0f         f00400e4  lw       x15, -0x14(x8)
#3027 0 8000023e     0791 r 0f         f00400e8  c.addi   x15, 0x4
#3028 0 80000240 fef42623 m f004102c   f00400e8  sw       x15, -0x14(x8)
#3029 0 80000244 fe842703 r 0e         0000003a  lw       x14, -0x18(x8)
#3030 0 80000248 fe042783 r 0f         0000005b  lw       x15, -0x20(x8)
#3031 0 8000024c faf749e3 r 00         00000000  blt      x14, x15, . - 0x4e
#3032 0 800001fe fec42783 r 0f         f00400e8  lw       x15, -0x14(x8)
#3033 0 80000202     4398 r 0e         00000000  c.lw     x14, 0x0(x15)
#3034 0 80000204 fcc42783 r 0f         00000000  lw       x15, -0x34(x8)
#3035 0 80000208 40f707b3 r 0f         00000000  sub      x15, x14, x15
#3036 0 8000020c fd842703 r 0e         f0040e90  lw       x14, -0x28(x8)
#3037 0 80000210     078a r 0f         00000000  c.slli   x15, 2
#3038 0 80000212     97ba r 0f         f0040e90  c.add    x15, x14
#3039 0 80000214     4398 r 0e         0000002b  c.lw     x14, 0x0(x15)
#3040 0 80000216 fec42783 r 0f         f00400e8  lw       x15, -0x14(x8)
#3041 0 8000021a     4394 r 0d         00000000  c.lw     x13, 0x0(x15)
#3042 0 8000021c fcc42783 r 0f         00000000  lw       x15, -0x34(x8)
#3043 0 80000220 40f687b3 r 0f         00000000  sub      x15, x13, x15
#3044 0 80000224     0705 r 0e         0000002c  c.addi   x14, 0x1
#3045 0 80000226 fd842683 r 0d         f0040e90  lw       x13, -0x28(x8)
#3046 0 8000022a     078a r 0f         00000000  c.slli   x15, 2
#3047 0 8000022c     97b6 r 0f         f0040e90  c.add    x15, x13
#3048 0 8000022e     c398 m f0040e90   0000002c  c.sw     x14, 0x0(x15)
#3049 0 80000230 fe842783 r 0f         0000003a  lw       x15, -0x18(x8)
#3050 0 80000234     0785 r 0f         0000003b  c.addi   x15, 0x1
#3051 0 80000236 fef42423 m f0041028   0000003b  sw       x15, -0x18(x8)
#3052 0 8000023a fec42783 r 0f         f00400e8  lw       x15, -0x14(x8)
#3053 0 8000023e     0791 r 0f         f00400ec  c.addi   x15, 0x4
#3054 0 80000240 fef42623 m f004102c   f00400ec  sw       x15, -0x14(x8)
#3055 0 80000244 fe842703 r 0e         0000003b  lw       x14, -0x18(x8)
#3056 0 80000248 fe042783 r 0f         0000005b  lw       x15, -0x20(x8)
#3057 0 8000024c faf749e3 r 00         00000000  blt      x14, x15, . - 0x4e
#3058 0 800001fe fec42783 r 0f         f00400ec  lw       x15, -0x14(x8)
#3059 0 80000202     4398 r 0e         00000000  c.lw     x14, 0x0(x15)
#3060 0 80000204 fcc42783 r 0f         00000000  lw       x15, -0x34(x8)
#3061 0 80000208 40f707b3 r 0f         00000000  sub      x15, x14, x15
#3062 0 8000020c fd842703 r 0e         f0040e90  lw       x14, -0x28(x8)
#3063 0 80000210     078a r 0f         00000000  c.slli   x15, 2
#3064 0 80000212     97ba r 0f         f0040e90  c.add    x15, x14
#3065 0 80000214     4398 r 0e         0000002c  c.lw     x14, 0x0(x15)
#3066 0 80000216 fec42783 r 0f         f00400ec  lw       x15, -0x14(x8)
#3067 0 8000021a     4394 r 0d         00000000  c.lw     x13, 0x0(x15)
#3068 0 8000021c fcc42783 r 0f         00000000  lw       x15, -0x34(x8)
#3069 0 80000220 40f687b3 r 0f         00000000  sub      x15, x13, x15
#3070 0 80000224     0705 r 0e         0000002d  c.addi   x14, 0x1
#3071 0 80000226 fd842683 r 0d         f0040e90  lw       x13, -0x28(x8)
#3072 0 8000022a     078a r 0f         00000000  c.slli   x15, 2
#3073 0 8000022c     97b6 r 0f         f0040e90  c.add    x15, x13
#3074 0 8000022e     c398 m f0040e90   0000002d  c.sw     x14, 0x0(x15)
#3075 0 80000230 fe842783 r 0f         0000003b  lw       x15, -0x18(x8)
#3076 0 80000234     0785 r 0f         0000003c  c.addi   x15, 0x1
#3077 0 80000236 fef42423 m f0041028   0000003c  sw       x15, -0x18(x8)
#3078 0 8000023a fec42783 r 0f         f00400ec  lw       x15, -0x14(x8)
#3079 0 8000023e     0791 r 0f         f00400f0  c.addi   x15, 0x4
#3080 0 80000240 fef42623 m f004102c   f00400f0  sw       x15, -0x14(x8)
#3081 0 80000244 fe842703 r 0e         0000003c  lw       x14, -0x18(x8)
#3082 0 80000248 fe042783 r 0f         0000005b  lw       x15, -0x20(x8)
#3083 0 8000024c faf749e3 r 00         00000000  blt      x14, x15, . - 0x4e
#3084 0 800001fe fec42783 r 0f         f00400f0  lw       x15, -0x14(x8)
#3085 0 80000202     4398 r 0e         00000000  c.lw     x14, 0x0(x15)
#3086 0 80000204 fcc42783 r 0f         00000000  lw       x15, -0x34(x8)
#3087 0 80000208 40f707b3 r 0f         00000000  sub      x15, x14, x15
#3088 0 8000020c fd842703 r 0e         f0040e90  lw       x14, -0x28(x8)
#3089 0 80000210     078a r 0f         00000000  c.slli   x15, 2
#3090 0 80000212     97ba r 0f         f0040e90  c.add    x15, x14
#3091 0 80000214     4398 r 0e         0000002d  c.lw     x14, 0x0(x15)
#3092 0 80000216 fec42783 r 0f         f00400f0  lw       x15, -0x14(x8)
#3093 0 8000021a     4394 r 0d         00000000  c.lw     x13, 0x0(x15)
#3094 0 8000021c fcc42783 r 0f         00000000  lw       x15, -0x34(x8)
#3095 0 80000220 40f687b3 r 0f         00000000  sub      x15, x13, x15
#3096 0 80000224     0705 r 0e         0000002e  c.addi   x14, 0x1
#3097 0 80000226 fd842683 r 0d         f0040e90  lw       x13, -0x28(x8)
#3098 0 8000022a     078a r 0f         00000000  c.slli   x15, 2
#3099 0 8000022c     97b6 r 0f         f0040e90  c.add    x15, x13
#3100 0 8000022e     c398 m f0040e90   0000002e  c.sw     x14, 0x0(x15)
#3101 0 80000230 fe842783 r 0f         0000003c  lw       x15, -0x18(x8)
#3102 0 80000234     0785 r 0f         0000003d  c.addi   x15, 0x1
#3103 0 80000236 fef42423 m f0041028   0000003d  sw       x15, -0x18(x8)
#3104 0 8000023a fec42783 r 0f         f00400f0  lw       x15, -0x14(x8)
#3105 0 8000023e     0791 r 0f         f00400f4  c.addi   x15, 0x4
#3106 0 80000240 fef42623 m f004102c   f00400f4  sw       x15, -0x14(x8)
#3107 0 80000244 fe842703 r 0e         0000003d  lw       x14, -0x18(x8)
#3108 0 80000248 fe042783 r 0f         0000005b  lw       x15, -0x20(x8)
#3109 0 8000024c faf749e3 r 00         00000000  blt      x14, x15, . - 0x4e
#3110 0 800001fe fec42783 r 0f         f00400f4  lw       x15, -0x14(x8)
#3111 0 80000202     4398 r 0e         00000000  c.lw     x14, 0x0(x15)
#3112 0 80000204 fcc42783 r 0f         00000000  lw       x15, -0x34(x8)
#3113 0 80000208 40f707b3 r 0f         00000000  sub      x15, x14, x15
#3114 0 8000020c fd842703 r 0e         f0040e90  lw       x14, -0x28(x8)
#3115 0 80000210     078a r 0f         00000000  c.slli   x15, 2
#3116 0 80000212     97ba r 0f         f0040e90  c.add    x15, x14
#3117 0 80000214     4398 r 0e         0000002e  c.lw     x14, 0x0(x15)
#3118 0 80000216 fec42783 r 0f         f00400f4  lw       x15, -0x14(x8)
#3119 0 8000021a     4394 r 0d         00000000  c.lw     x13, 0x0(x15)
#3120 0 8000021c fcc42783 r 0f         00000000  lw       x15, -0x34(x8)
#3121 0 80000220 40f687b3 r 0f         00000000  sub      x15, x13, x15
#3122 0 80000224     0705 r 0e         0000002f  c.addi   x14, 0x1
#3123 0 80000226 fd842683 r 0d         f0040e90  lw       x13, -0x28(x8)
#3124 0 8000022a     078a r 0f         00000000  c.slli   x15, 2
#3125 0 8000022c     97b6 r 0f         f0040e90  c.add    x15, x13
#3126 0 8000022e     c398 m f0040e90   0000002f  c.sw     x14, 0x0(x15)
#3127 0 80000230 fe842783 r 0f         0000003d  lw       x15, -0x18(x8)
#3128 0 80000234     0785 r 0f         0000003e  c.addi   x15, 0x1
#3129 0 80000236 fef42423 m f0041028   0000003e  sw       x15, -0x18(x8)
#3130 0 8000023a fec42783 r 0f         f00400f4  lw       x15, -0x14(x8)
#3131 0 8000023e     0791 r 0f         f00400f8  c.addi   x15, 0x4
#3132 0 80000240 fef42623 m f004102c   f00400f8  sw       x15, -0x14(x8)
#3133 0 80000244 fe842703 r 0e         0000003e  lw       x14, -0x18(x8)
#3134 0 80000248 fe042783 r 0f         0000005b  lw       x15, -0x20(x8)
#3135 0 8000024c faf749e3 r 00         00000000  blt      x14, x15, . - 0x4e
#3136 0 800001fe fec42783 r 0f         f00400f8  lw       x15, -0x14(x8)
#3137 0 80000202     4398 r 0e         00000000  c.lw     x14, 0x0(x15)
#3138 0 80000204 fcc42783 r 0f         00000000  lw       x15, -0x34(x8)
#3139 0 80000208 40f707b3 r 0f         00000000  sub      x15, x14, x15
#3140 0 8000020c fd842703 r 0e         f0040e90  lw       x14, -0x28(x8)
#3141 0 80000210     078a r 0f         00000000  c.slli   x15, 2
#3142 0 80000212     97ba r 0f         f0040e90  c.add    x15, x14
#3143 0 80000214     4398 r 0e         0000002f  c.lw     x14, 0x0(x15)
#3144 0 80000216 fec42783 r 0f         f00400f8  lw       x15, -0x14(x8)
#3145 0 8000021a     4394 r 0d         00000000  c.lw     x13, 0x0(x15)
#3146 0 8000021c fcc42783 r 0f         00000000  lw       x15, -0x34(x8)
#3147 0 80000220 40f687b3 r 0f         00000000  sub      x15, x13, x15
#3148 0 80000224     0705 r 0e         00000030  c.addi   x14, 0x1
#3149 0 80000226 fd842683 r 0d         f0040e90  lw       x13, -0x28(x8)
#3150 0 8000022a     078a r 0f         00000000  c.slli   x15, 2
#3151 0 8000022c     97b6 r 0f         f0040e90  c.add    x15, x13
#3152 0 8000022e     c398 m f0040e90   00000030  c.sw     x14, 0x0(x15)
#3153 0 80000230 fe842783 r 0f         0000003e  lw       x15, -0x18(x8)
#3154 0 80000234     0785 r 0f         0000003f  c.addi   x15, 0x1
#3155 0 80000236 fef42423 m f0041028   0000003f  sw       x15, -0x18(x8)
#3156 0 8000023a fec42783 r 0f         f00400f8  lw       x15, -0x14(x8)
#3157 0 8000023e     0791 r 0f         f00400fc  c.addi   x15, 0x4
#3158 0 80000240 fef42623 m f004102c   f00400fc  sw       x15, -0x14(x8)
#3159 0 80000244 fe842703 r 0e         0000003f  lw       x14, -0x18(x8)
#3160 0 80000248 fe042783 r 0f         0000005b  lw       x15, -0x20(x8)
#3161 0 8000024c faf749e3 r 00         00000000  blt      x14, x15, . - 0x4e
#3162 0 800001fe fec42783 r 0f         f00400fc  lw       x15, -0x14(x8)
#3163 0 80000202     4398 r 0e         00000000  c.lw     x14, 0x0(x15)
#3164 0 80000204 fcc42783 r 0f         00000000  lw       x15, -0x34(x8)
#3165 0 80000208 40f707b3 r 0f         00000000  sub      x15, x14, x15
#3166 0 8000020c fd842703 r 0e         f0040e90  lw       x14, -0x28(x8)
#3167 0 80000210     078a r 0f         00000000  c.slli   x15, 2
#3168 0 80000212     97ba r 0f         f0040e90  c.add    x15, x14
#3169 0 80000214     4398 r 0e         00000030  c.lw     x14, 0x0(x15)
#3170 0 80000216 fec42783 r 0f         f00400fc  lw       x15, -0x14(x8)
#3171 0 8000021a     4394 r 0d         00000000  c.lw     x13, 0x0(x15)
#3172 0 8000021c fcc42783 r 0f         00000000  lw       x15, -0x34(x8)
#3173 0 80000220 40f687b3 r 0f         00000000  sub      x15, x13, x15
#3174 0 80000224     0705 r 0e         00000031  c.addi   x14, 0x1
#3175 0 80000226 fd842683 r 0d         f0040e90  lw       x13, -0x28(x8)
#3176 0 8000022a     078a r 0f         00000000  c.slli   x15, 2
#3177 0 8000022c     97b6 r 0f         f0040e90  c.add    x15, x13
#3178 0 8000022e     c398 m f0040e90   00000031  c.sw     x14, 0x0(x15)
#3179 0 80000230 fe842783 r 0f         0000003f  lw       x15, -0x18(x8)
#3180 0 80000234     0785 r 0f         00000040  c.addi   x15, 0x1
#3181 0 80000236 fef42423 m f0041028   00000040  sw       x15, -0x18(x8)
#3182 0 8000023a fec42783 r 0f         f00400fc  lw       x15, -0x14(x8)
#3183 0 8000023e     0791 r 0f         f0040100  c.addi   x15, 0x4
#3184 0 80000240 fef42623 m f004102c   f0040100  sw       x15, -0x14(x8)
#3185 0 80000244 fe842703 r 0e         00000040  lw       x14, -0x18(x8)
#3186 0 80000248 fe042783 r 0f         0000005b  lw       x15, -0x20(x8)
#3187 0 8000024c faf749e3 r 00         00000000  blt      x14, x15, . - 0x4e
#3188 0 800001fe fec42783 r 0f         f0040100  lw       x15, -0x14(x8)
#3189 0 80000202     4398 r 0e         00000000  c.lw     x14, 0x0(x15)
#3190 0 80000204 fcc42783 r 0f         00000000  lw       x15, -0x34(x8)
#3191 0 80000208 40f707b3 r 0f         00000000  sub      x15, x14, x15
#3192 0 8000020c fd842703 r 0e         f0040e90  lw       x14, -0x28(x8)
#3193 0 80000210     078a r 0f         00000000  c.slli   x15, 2
#3194 0 80000212     97ba r 0f         f0040e90  c.add    x15, x14
#3195 0 80000214     4398 r 0e         00000031  c.lw     x14, 0x0(x15)
#3196 0 80000216 fec42783 r 0f         f0040100  lw       x15, -0x14(x8)
#3197 0 8000021a     4394 r 0d         00000000  c.lw     x13, 0x0(x15)
#3198 0 8000021c fcc42783 r 0f         00000000  lw       x15, -0x34(x8)
#3199 0 80000220 40f687b3 r 0f         00000000  sub      x15, x13, x15
#3200 0 80000224     0705 r 0e         00000032  c.addi   x14, 0x1
#3201 0 80000226 fd842683 r 0d         f0040e90  lw       x13, -0x28(x8)
#3202 0 8000022a     078a r 0f         00000000  c.slli   x15, 2
#3203 0 8000022c     97b6 r 0f         f0040e90  c.add    x15, x13
#3204 0 8000022e     c398 m f0040e90   00000032  c.sw     x14, 0x0(x15)
#3205 0 80000230 fe842783 r 0f         00000040  lw       x15, -0x18(x8)
#3206 0 80000234     0785 r 0f         00000041  c.addi   x15, 0x1
#3207 0 80000236 fef42423 m f0041028   00000041  sw       x15, -0x18(x8)
#3208 0 8000023a fec42783 r 0f         f0040100  lw       x15, -0x14(x8)
#3209 0 8000023e     0791 r 0f         f0040104  c.addi   x15, 0x4
#3210 0 80000240 fef42623 m f004102c   f0040104  sw       x15, -0x14(x8)
#3211 0 80000244 fe842703 r 0e         00000041  lw       x14, -0x18(x8)
#3212 0 80000248 fe042783 r 0f         0000005b  lw       x15, -0x20(x8)
#3213 0 8000024c faf749e3 r 00         00000000  blt      x14, x15, . - 0x4e
#3214 0 800001fe fec42783 r 0f         f0040104  lw       x15, -0x14(x8)
#3215 0 80000202     4398 r 0e         00000000  c.lw     x14, 0x0(x15)
#3216 0 80000204 fcc42783 r 0f         00000000  lw       x15, -0x34(x8)
#3217 0 80000208 40f707b3 r 0f         00000000  sub      x15, x14, x15
#3218 0 8000020c fd842703 r 0e         f0040e90  lw       x14, -0x28(x8)
#3219 0 80000210     078a r 0f         00000000  c.slli   x15, 2
#3220 0 80000212     97ba r 0f         f0040e90  c.add    x15, x14
#3221 0 80000214     4398 r 0e         00000032  c.lw     x14, 0x0(x15)
#3222 0 80000216 fec42783 r 0f         f0040104  lw       x15, -0x14(x8)
#3223 0 8000021a     4394 r 0d         00000000  c.lw     x13, 0x0(x15)
#3224 0 8000021c fcc42783 r 0f         00000000  lw       x15, -0x34(x8)
#3225 0 80000220 40f687b3 r 0f         00000000  sub      x15, x13, x15
#3226 0 80000224     0705 r 0e         00000033  c.addi   x14, 0x1
#3227 0 80000226 fd842683 r 0d         f0040e90  lw       x13, -0x28(x8)
#3228 0 8000022a     078a r 0f         00000000  c.slli   x15, 2
#3229 0 8000022c     97b6 r 0f         f0040e90  c.add    x15, x13
#3230 0 8000022e     c398 m f0040e90   00000033  c.sw     x14, 0x0(x15)
#3231 0 80000230 fe842783 r 0f         00000041  lw       x15, -0x18(x8)
#3232 0 80000234     0785 r 0f         00000042  c.addi   x15, 0x1
#3233 0 80000236 fef42423 m f0041028   00000042  sw       x15, -0x18(x8)
#3234 0 8000023a fec42783 r 0f         f0040104  lw       x15, -0x14(x8)
#3235 0 8000023e     0791 r 0f         f0040108  c.addi   x15, 0x4
#3236 0 80000240 fef42623 m f004102c   f0040108  sw       x15, -0x14(x8)
#3237 0 80000244 fe842703 r 0e         00000042  lw       x14, -0x18(x8)
#3238 0 80000248 fe042783 r 0f         0000005b  lw       x15, -0x20(x8)
#3239 0 8000024c faf749e3 r 00         00000000  blt      x14, x15, . - 0x4e
#3240 0 800001fe fec42783 r 0f         f0040108  lw       x15, -0x14(x8)
#3241 0 80000202     4398 r 0e         00000000  c.lw     x14, 0x0(x15)
#3242 0 80000204 fcc42783 r 0f         00000000  lw       x15, -0x34(x8)
#3243 0 80000208 40f707b3 r 0f         00000000  sub      x15, x14, x15
#3244 0 8000020c fd842703 r 0e         f0040e90  lw       x14, -0x28(x8)
#3245 0 80000210     078a r 0f         00000000  c.slli   x15, 2
#3246 0 80000212     97ba r 0f         f0040e90  c.add    x15, x14
#3247 0 80000214     4398 r 0e         00000033  c.lw     x14, 0x0(x15)
#3248 0 80000216 fec42783 r 0f         f0040108  lw       x15, -0x14(x8)
#3249 0 8000021a     4394 r 0d         00000000  c.lw     x13, 0x0(x15)
#3250 0 8000021c fcc42783 r 0f         00000000  lw       x15, -0x34(x8)
#3251 0 80000220 40f687b3 r 0f         00000000  sub      x15, x13, x15
#3252 0 80000224     0705 r 0e         00000034  c.addi   x14, 0x1
#3253 0 80000226 fd842683 r 0d         f0040e90  lw       x13, -0x28(x8)
#3254 0 8000022a     078a r 0f         00000000  c.slli   x15, 2
#3255 0 8000022c     97b6 r 0f         f0040e90  c.add    x15, x13
#3256 0 8000022e     c398 m f0040e90   00000034  c.sw     x14, 0x0(x15)
#3257 0 80000230 fe842783 r 0f         00000042  lw       x15, -0x18(x8)
#3258 0 80000234     0785 r 0f         00000043  c.addi   x15, 0x1
#3259 0 80000236 fef42423 m f0041028   00000043  sw       x15, -0x18(x8)
#3260 0 8000023a fec42783 r 0f         f0040108  lw       x15, -0x14(x8)
#3261 0 8000023e     0791 r 0f         f004010c  c.addi   x15, 0x4
#3262 0 80000240 fef42623 m f004102c   f004010c  sw       x15, -0x14(x8)
#3263 0 80000244 fe842703 r 0e         00000043  lw       x14, -0x18(x8)
#3264 0 80000248 fe042783 r 0f         0000005b  lw       x15, -0x20(x8)
#3265 0 8000024c faf749e3 r 00         00000000  blt      x14, x15, . - 0x4e
#3266 0 800001fe fec42783 r 0f         f004010c  lw       x15, -0x14(x8)
#3267 0 80000202     4398 r 0e         00000000  c.lw     x14, 0x0(x15)
#3268 0 80000204 fcc42783 r 0f         00000000  lw       x15, -0x34(x8)
#3269 0 80000208 40f707b3 r 0f         00000000  sub      x15, x14, x15
#3270 0 8000020c fd842703 r 0e         f0040e90  lw       x14, -0x28(x8)
#3271 0 80000210     078a r 0f         00000000  c.slli   x15, 2
#3272 0 80000212     97ba r 0f         f0040e90  c.add    x15, x14
#3273 0 80000214     4398 r 0e         00000034  c.lw     x14, 0x0(x15)
#3274 0 80000216 fec42783 r 0f         f004010c  lw       x15, -0x14(x8)
#3275 0 8000021a     4394 r 0d         00000000  c.lw     x13, 0x0(x15)
#3276 0 8000021c fcc42783 r 0f         00000000  lw       x15, -0x34(x8)
#3277 0 80000220 40f687b3 r 0f         00000000  sub      x15, x13, x15
#3278 0 80000224     0705 r 0e         00000035  c.addi   x14, 0x1
#3279 0 80000226 fd842683 r 0d         f0040e90  lw       x13, -0x28(x8)
#3280 0 8000022a     078a r 0f         00000000  c.slli   x15, 2
#3281 0 8000022c     97b6 r 0f         f0040e90  c.add    x15, x13
#3282 0 8000022e     c398 m f0040e90   00000035  c.sw     x14, 0x0(x15)
#3283 0 80000230 fe842783 r 0f         00000043  lw       x15, -0x18(x8)
#3284 0 80000234     0785 r 0f         00000044  c.addi   x15, 0x1
#3285 0 80000236 fef42423 m f0041028   00000044  sw       x15, -0x18(x8)
#3286 0 8000023a fec42783 r 0f         f004010c  lw       x15, -0x14(x8)
#3287 0 8000023e     0791 r 0f         f0040110  c.addi   x15, 0x4
#3288 0 80000240 fef42623 m f004102c   f0040110  sw       x15, -0x14(x8)
#3289 0 80000244 fe842703 r 0e         00000044  lw       x14, -0x18(x8)
#3290 0 80000248 fe042783 r 0f         0000005b  lw       x15, -0x20(x8)
#3291 0 8000024c faf749e3 r 00         00000000  blt      x14, x15, . - 0x4e
#3292 0 800001fe fec42783 r 0f         f0040110  lw       x15, -0x14(x8)
#3293 0 80000202     4398 r 0e         00000000  c.lw     x14, 0x0(x15)
#3294 0 80000204 fcc42783 r 0f         00000000  lw       x15, -0x34(x8)
#3295 0 80000208 40f707b3 r 0f         00000000  sub      x15, x14, x15
#3296 0 8000020c fd842703 r 0e         f0040e90  lw       x14, -0x28(x8)
#3297 0 80000210     078a r 0f         00000000  c.slli   x15, 2
#3298 0 80000212     97ba r 0f         f0040e90  c.add    x15, x14
#3299 0 80000214     4398 r 0e         00000035  c.lw     x14, 0x0(x15)
#3300 0 80000216 fec42783 r 0f         f0040110  lw       x15, -0x14(x8)
#3301 0 8000021a     4394 r 0d         00000000  c.lw     x13, 0x0(x15)
#3302 0 8000021c fcc42783 r 0f         00000000  lw       x15, -0x34(x8)
#3303 0 80000220 40f687b3 r 0f         00000000  sub      x15, x13, x15
#3304 0 80000224     0705 r 0e         00000036  c.addi   x14, 0x1
#3305 0 80000226 fd842683 r 0d         f0040e90  lw       x13, -0x28(x8)
#3306 0 8000022a     078a r 0f         00000000  c.slli   x15, 2
#3307 0 8000022c     97b6 r 0f         f0040e90  c.add    x15, x13
#3308 0 8000022e     c398 m f0040e90   00000036  c.sw     x14, 0x0(x15)
#3309 0 80000230 fe842783 r 0f         00000044  lw       x15, -0x18(x8)
#3310 0 80000234     0785 r 0f         00000045  c.addi   x15, 0x1
#3311 0 80000236 fef42423 m f0041028   00000045  sw       x15, -0x18(x8)
#3312 0 8000023a fec42783 r 0f         f0040110  lw       x15, -0x14(x8)
#3313 0 8000023e     0791 r 0f         f0040114  c.addi   x15, 0x4
#3314 0 80000240 fef42623 m f004102c   f0040114  sw       x15, -0x14(x8)
#3315 0 80000244 fe842703 r 0e         00000045  lw       x14, -0x18(x8)
#3316 0 80000248 fe042783 r 0f         0000005b  lw       x15, -0x20(x8)
#3317 0 8000024c faf749e3 r 00         00000000  blt      x14, x15, . - 0x4e
#3318 0 800001fe fec42783 r 0f         f0040114  lw       x15, -0x14(x8)
#3319 0 80000202     4398 r 0e         00000000  c.lw     x14, 0x0(x15)
#3320 0 80000204 fcc42783 r 0f         00000000  lw       x15, -0x34(x8)
#3321 0 80000208 40f707b3 r 0f         00000000  sub      x15, x14, x15
#3322 0 8000020c fd842703 r 0e         f0040e90  lw       x14, -0x28(x8)
#3323 0 80000210     078a r 0f         00000000  c.slli   x15, 2
#3324 0 80000212     97ba r 0f         f0040e90  c.add    x15, x14
#3325 0 80000214     4398 r 0e         00000036  c.lw     x14, 0x0(x15)
#3326 0 80000216 fec42783 r 0f         f0040114  lw       x15, -0x14(x8)
#3327 0 8000021a     4394 r 0d         00000000  c.lw     x13, 0x0(x15)
#3328 0 8000021c fcc42783 r 0f         00000000  lw       x15, -0x34(x8)
#3329 0 80000220 40f687b3 r 0f         00000000  sub      x15, x13, x15
#3330 0 80000224     0705 r 0e         00000037  c.addi   x14, 0x1
#3331 0 80000226 fd842683 r 0d         f0040e90  lw       x13, -0x28(x8)
#3332 0 8000022a     078a r 0f         00000000  c.slli   x15, 2
#3333 0 8000022c     97b6 r 0f         f0040e90  c.add    x15, x13
#3334 0 8000022e     c398 m f0040e90   00000037  c.sw     x14, 0x0(x15)
#3335 0 80000230 fe842783 r 0f         00000045  lw       x15, -0x18(x8)
#3336 0 80000234     0785 r 0f         00000046  c.addi   x15, 0x1
#3337 0 80000236 fef42423 m f0041028   00000046  sw       x15, -0x18(x8)
#3338 0 8000023a fec42783 r 0f         f0040114  lw       x15, -0x14(x8)
#3339 0 8000023e     0791 r 0f         f0040118  c.addi   x15, 0x4
#3340 0 80000240 fef42623 m f004102c   f0040118  sw       x15, -0x14(x8)
#3341 0 80000244 fe842703 r 0e         00000046  lw       x14, -0x18(x8)
#3342 0 80000248 fe042783 r 0f         0000005b  lw       x15, -0x20(x8)
#3343 0 8000024c faf749e3 r 00         00000000  blt      x14, x15, . - 0x4e
#3344 0 800001fe fec42783 r 0f         f0040118  lw       x15, -0x14(x8)
#3345 0 80000202     4398 r 0e         00000000  c.lw     x14, 0x0(x15)
#3346 0 80000204 fcc42783 r 0f         00000000  lw       x15, -0x34(x8)
#3347 0 80000208 40f707b3 r 0f         00000000  sub      x15, x14, x15
#3348 0 8000020c fd842703 r 0e         f0040e90  lw       x14, -0x28(x8)
#3349 0 80000210     078a r 0f         00000000  c.slli   x15, 2
#3350 0 80000212     97ba r 0f         f0040e90  c.add    x15, x14
#3351 0 80000214     4398 r 0e         00000037  c.lw     x14, 0x0(x15)
#3352 0 80000216 fec42783 r 0f         f0040118  lw       x15, -0x14(x8)
#3353 0 8000021a     4394 r 0d         00000000  c.lw     x13, 0x0(x15)
#3354 0 8000021c fcc42783 r 0f         00000000  lw       x15, -0x34(x8)
#3355 0 80000220 40f687b3 r 0f         00000000  sub      x15, x13, x15
#3356 0 80000224     0705 r 0e         00000038  c.addi   x14, 0x1
#3357 0 80000226 fd842683 r 0d         f0040e90  lw       x13, -0x28(x8)
#3358 0 8000022a     078a r 0f         00000000  c.slli   x15, 2
#3359 0 8000022c     97b6 r 0f         f0040e90  c.add    x15, x13
#3360 0 8000022e     c398 m f0040e90   00000038  c.sw     x14, 0x0(x15)
#3361 0 80000230 fe842783 r 0f         00000046  lw       x15, -0x18(x8)
#3362 0 80000234     0785 r 0f         00000047  c.addi   x15, 0x1
#3363 0 80000236 fef42423 m f0041028   00000047  sw       x15, -0x18(x8)
#3364 0 8000023a fec42783 r 0f         f0040118  lw       x15, -0x14(x8)
#3365 0 8000023e     0791 r 0f         f004011c  c.addi   x15, 0x4
#3366 0 80000240 fef42623 m f004102c   f004011c  sw       x15, -0x14(x8)
#3367 0 80000244 fe842703 r 0e         00000047  lw       x14, -0x18(x8)
#3368 0 80000248 fe042783 r 0f         0000005b  lw       x15, -0x20(x8)
#3369 0 8000024c faf749e3 r 00         00000000  blt      x14, x15, . - 0x4e
#3370 0 800001fe fec42783 r 0f         f004011c  lw       x15, -0x14(x8)
#3371 0 80000202     4398 r 0e         00000000  c.lw     x14, 0x0(x15)
#3372 0 80000204 fcc42783 r 0f         00000000  lw       x15, -0x34(x8)
#3373 0 80000208 40f707b3 r 0f         00000000  sub      x15, x14, x15
#3374 0 8000020c fd842703 r 0e         f0040e90  lw       x14, -0x28(x8)
#3375 0 80000210     078a r 0f         00000000  c.slli   x15, 2
#3376 0 80000212     97ba r 0f         f0040e90  c.add    x15, x14
#3377 0 80000214     4398 r 0e         00000038  c.lw     x14, 0x0(x15)
#3378 0 80000216 fec42783 r 0f         f004011c  lw       x15, -0x14(x8)
#3379 0 8000021a     4394 r 0d         00000000  c.lw     x13, 0x0(x15)
#3380 0 8000021c fcc42783 r 0f         00000000  lw       x15, -0x34(x8)
#3381 0 80000220 40f687b3 r 0f         00000000  sub      x15, x13, x15
#3382 0 80000224     0705 r 0e         00000039  c.addi   x14, 0x1
#3383 0 80000226 fd842683 r 0d         f0040e90  lw       x13, -0x28(x8)
#3384 0 8000022a     078a r 0f         00000000  c.slli   x15, 2
#3385 0 8000022c     97b6 r 0f         f0040e90  c.add    x15, x13
#3386 0 8000022e     c398 m f0040e90   00000039  c.sw     x14, 0x0(x15)
#3387 0 80000230 fe842783 r 0f         00000047  lw       x15, -0x18(x8)
#3388 0 80000234     0785 r 0f         00000048  c.addi   x15, 0x1
#3389 0 80000236 fef42423 m f0041028   00000048  sw       x15, -0x18(x8)
#3390 0 8000023a fec42783 r 0f         f004011c  lw       x15, -0x14(x8)
#3391 0 8000023e     0791 r 0f         f0040120  c.addi   x15, 0x4
#3392 0 80000240 fef42623 m f004102c   f0040120  sw       x15, -0x14(x8)
#3393 0 80000244 fe842703 r 0e         00000048  lw       x14, -0x18(x8)
#3394 0 80000248 fe042783 r 0f         0000005b  lw       x15, -0x20(x8)
#3395 0 8000024c faf749e3 r 00         00000000  blt      x14, x15, . - 0x4e
#3396 0 800001fe fec42783 r 0f         f0040120  lw       x15, -0x14(x8)
#3397 0 80000202     4398 r 0e         00000000  c.lw     x14, 0x0(x15)
#3398 0 80000204 fcc42783 r 0f         00000000  lw       x15, -0x34(x8)
#3399 0 80000208 40f707b3 r 0f         00000000  sub      x15, x14, x15
#3400 0 8000020c fd842703 r 0e         f0040e90  lw       x14, -0x28(x8)
#3401 0 80000210     078a r 0f         00000000  c.slli   x15, 2
#3402 0 80000212     97ba r 0f         f0040e90  c.add    x15, x14
#3403 0 80000214     4398 r 0e         00000039  c.lw     x14, 0x0(x15)
#3404 0 80000216 fec42783 r 0f         f0040120  lw       x15, -0x14(x8)
#3405 0 8000021a     4394 r 0d         00000000  c.lw     x13, 0x0(x15)
#3406 0 8000021c fcc42783 r 0f         00000000  lw       x15, -0x34(x8)
#3407 0 80000220 40f687b3 r 0f         00000000  sub      x15, x13, x15
#3408 0 80000224     0705 r 0e         0000003a  c.addi   x14, 0x1
#3409 0 80000226 fd842683 r 0d         f0040e90  lw       x13, -0x28(x8)
#3410 0 8000022a     078a r 0f         00000000  c.slli   x15, 2
#3411 0 8000022c     97b6 r 0f         f0040e90  c.add    x15, x13
#3412 0 8000022e     c398 m f0040e90   0000003a  c.sw     x14, 0x0(x15)
#3413 0 80000230 fe842783 r 0f         00000048  lw       x15, -0x18(x8)
#3414 0 80000234     0785 r 0f         00000049  c.addi   x15, 0x1
#3415 0 80000236 fef42423 m f0041028   00000049  sw       x15, -0x18(x8)
#3416 0 8000023a fec42783 r 0f         f0040120  lw       x15, -0x14(x8)
#3417 0 8000023e     0791 r 0f         f0040124  c.addi   x15, 0x4
#3418 0 80000240 fef42623 m f004102c   f0040124  sw       x15, -0x14(x8)
#3419 0 80000244 fe842703 r 0e         00000049  lw       x14, -0x18(x8)
#3420 0 80000248 fe042783 r 0f         0000005b  lw       x15, -0x20(x8)
#3421 0 8000024c faf749e3 r 00         00000000  blt      x14, x15, . - 0x4e
#3422 0 800001fe fec42783 r 0f         f0040124  lw       x15, -0x14(x8)
#3423 0 80000202     4398 r 0e         00000000  c.lw     x14, 0x0(x15)
#3424 0 80000204 fcc42783 r 0f         00000000  lw       x15, -0x34(x8)
#3425 0 80000208 40f707b3 r 0f         00000000  sub      x15, x14, x15
#3426 0 8000020c fd842703 r 0e         f0040e90  lw       x14, -0x28(x8)
#3427 0 80000210     078a r 0f         00000000  c.slli   x15, 2
#3428 0 80000212     97ba r 0f         f0040e90  c.add    x15, x14
#3429 0 80000214     4398 r 0e         0000003a  c.lw     x14, 0x0(x15)
#3430 0 80000216 fec42783 r 0f         f0040124  lw       x15, -0x14(x8)
#3431 0 8000021a     4394 r 0d         00000000  c.lw     x13, 0x0(x15)
#3432 0 8000021c fcc42783 r 0f         00000000  lw       x15, -0x34(x8)
#3433 0 80000220 40f687b3 r 0f         00000000  sub      x15, x13, x15
#3434 0 80000224     0705 r 0e         0000003b  c.addi   x14, 0x1
#3435 0 80000226 fd842683 r 0d         f0040e90  lw       x13, -0x28(x8)
#3436 0 8000022a     078a r 0f         00000000  c.slli   x15, 2
#3437 0 8000022c     97b6 r 0f         f0040e90  c.add    x15, x13
#3438 0 8000022e     c398 m f0040e90   0000003b  c.sw     x14, 0x0(x15)
#3439 0 80000230 fe842783 r 0f         00000049  lw       x15, -0x18(x8)
#3440 0 80000234     0785 r 0f         0000004a  c.addi   x15, 0x1
#3441 0 80000236 fef42423 m f0041028   0000004a  sw       x15, -0x18(x8)
#3442 0 8000023a fec42783 r 0f         f0040124  lw       x15, -0x14(x8)
#3443 0 8000023e     0791 r 0f         f0040128  c.addi   x15, 0x4
#3444 0 80000240 fef42623 m f004102c   f0040128  sw       x15, -0x14(x8)
#3445 0 80000244 fe842703 r 0e         0000004a  lw       x14, -0x18(x8)
#3446 0 80000248 fe042783 r 0f         0000005b  lw       x15, -0x20(x8)
#3447 0 8000024c faf749e3 r 00         00000000  blt      x14, x15, . - 0x4e
#3448 0 800001fe fec42783 r 0f         f0040128  lw       x15, -0x14(x8)
#3449 0 80000202     4398 r 0e         00000000  c.lw     x14, 0x0(x15)
#3450 0 80000204 fcc42783 r 0f         00000000  lw       x15, -0x34(x8)
#3451 0 80000208 40f707b3 r 0f         00000000  sub      x15, x14, x15
#3452 0 8000020c fd842703 r 0e         f0040e90  lw       x14, -0x28(x8)
#3453 0 80000210     078a r 0f         00000000  c.slli   x15, 2
#3454 0 80000212     97ba r 0f         f0040e90  c.add    x15, x14
#3455 0 80000214     4398 r 0e         0000003b  c.lw     x14, 0x0(x15)
#3456 0 80000216 fec42783 r 0f         f0040128  lw       x15, -0x14(x8)
#3457 0 8000021a     4394 r 0d         00000000  c.lw     x13, 0x0(x15)
#3458 0 8000021c fcc42783 r 0f         00000000  lw       x15, -0x34(x8)
#3459 0 80000220 40f687b3 r 0f         00000000  sub      x15, x13, x15
#3460 0 80000224     0705 r 0e         0000003c  c.addi   x14, 0x1
#3461 0 80000226 fd842683 r 0d         f0040e90  lw       x13, -0x28(x8)
#3462 0 8000022a     078a r 0f         00000000  c.slli   x15, 2
#3463 0 8000022c     97b6 r 0f         f0040e90  c.add    x15, x13
#3464 0 8000022e     c398 m f0040e90   0000003c  c.sw     x14, 0x0(x15)
#3465 0 80000230 fe842783 r 0f         0000004a  lw       x15, -0x18(x8)
#3466 0 80000234     0785 r 0f         0000004b  c.addi   x15, 0x1
#3467 0 80000236 fef42423 m f0041028   0000004b  sw       x15, -0x18(x8)
#3468 0 8000023a fec42783 r 0f         f0040128  lw       x15, -0x14(x8)
#3469 0 8000023e     0791 r 0f         f004012c  c.addi   x15, 0x4
#3470 0 80000240 fef42623 m f004102c   f004012c  sw       x15, -0x14(x8)
#3471 0 80000244 fe842703 r 0e         0000004b  lw       x14, -0x18(x8)
#3472 0 80000248 fe042783 r 0f         0000005b  lw       x15, -0x20(x8)
#3473 0 8000024c faf749e3 r 00         00000000  blt      x14, x15, . - 0x4e
#3474 0 800001fe fec42783 r 0f         f004012c  lw       x15, -0x14(x8)
#3475 0 80000202     4398 r 0e         00000000  c.lw     x14, 0x0(x15)
#3476 0 80000204 fcc42783 r 0f         00000000  lw       x15, -0x34(x8)
#3477 0 80000208 40f707b3 r 0f         00000000  sub      x15, x14, x15
#3478 0 8000020c fd842703 r 0e         f0040e90  lw       x14, -0x28(x8)
#3479 0 80000210     078a r 0f         00000000  c.slli   x15, 2
#3480 0 80000212     97ba r 0f         f0040e90  c.add    x15, x14
#3481 0 80000214     4398 r 0e         0000003c  c.lw     x14, 0x0(x15)
#3482 0 80000216 fec42783 r 0f         f004012c  lw       x15, -0x14(x8)
#3483 0 8000021a     4394 r 0d         00000000  c.lw     x13, 0x0(x15)
#3484 0 8000021c fcc42783 r 0f         00000000  lw       x15, -0x34(x8)
#3485 0 80000220 40f687b3 r 0f         00000000  sub      x15, x13, x15
#3486 0 80000224     0705 r 0e         0000003d  c.addi   x14, 0x1
#3487 0 80000226 fd842683 r 0d         f0040e90  lw       x13, -0x28(x8)
#3488 0 8000022a     078a r 0f         00000000  c.slli   x15, 2
#3489 0 8000022c     97b6 r 0f         f0040e90  c.add    x15, x13
#3490 0 8000022e     c398 m f0040e90   0000003d  c.sw     x14, 0x0(x15)
#3491 0 80000230 fe842783 r 0f         0000004b  lw       x15, -0x18(x8)
#3492 0 80000234     0785 r 0f         0000004c  c.addi   x15, 0x1
#3493 0 80000236 fef42423 m f0041028   0000004c  sw       x15, -0x18(x8)
#3494 0 8000023a fec42783 r 0f         f004012c  lw       x15, -0x14(x8)
#3495 0 8000023e     0791 r 0f         f0040130  c.addi   x15, 0x4
#3496 0 80000240 fef42623 m f004102c   f0040130  sw       x15, -0x14(x8)
#3497 0 80000244 fe842703 r 0e         0000004c  lw       x14, -0x18(x8)
#3498 0 80000248 fe042783 r 0f         0000005b  lw       x15, -0x20(x8)
#3499 0 8000024c faf749e3 r 00         00000000  blt      x14, x15, . - 0x4e
#3500 0 800001fe fec42783 r 0f         f0040130  lw       x15, -0x14(x8)
#3501 0 80000202     4398 r 0e         00000000  c.lw     x14, 0x0(x15)
#3502 0 80000204 fcc42783 r 0f         00000000  lw       x15, -0x34(x8)
#3503 0 80000208 40f707b3 r 0f         00000000  sub      x15, x14, x15
#3504 0 8000020c fd842703 r 0e         f0040e90  lw       x14, -0x28(x8)
#3505 0 80000210     078a r 0f         00000000  c.slli   x15, 2
#3506 0 80000212     97ba r 0f         f0040e90  c.add    x15, x14
#3507 0 80000214     4398 r 0e         0000003d  c.lw     x14, 0x0(x15)
#3508 0 80000216 fec42783 r 0f         f0040130  lw       x15, -0x14(x8)
#3509 0 8000021a     4394 r 0d         00000000  c.lw     x13, 0x0(x15)
#3510 0 8000021c fcc42783 r 0f         00000000  lw       x15, -0x34(x8)
#3511 0 80000220 40f687b3 r 0f         00000000  sub      x15, x13, x15
#3512 0 80000224     0705 r 0e         0000003e  c.addi   x14, 0x1
#3513 0 80000226 fd842683 r 0d         f0040e90  lw       x13, -0x28(x8)
#3514 0 8000022a     078a r 0f         00000000  c.slli   x15, 2
#3515 0 8000022c     97b6 r 0f         f0040e90  c.add    x15, x13
#3516 0 8000022e     c398 m f0040e90   0000003e  c.sw     x14, 0x0(x15)
#3517 0 80000230 fe842783 r 0f         0000004c  lw       x15, -0x18(x8)
#3518 0 80000234     0785 r 0f         0000004d  c.addi   x15, 0x1
#3519 0 80000236 fef42423 m f0041028   0000004d  sw       x15, -0x18(x8)
#3520 0 8000023a fec42783 r 0f         f0040130  lw       x15, -0x14(x8)
#3521 0 8000023e     0791 r 0f         f0040134  c.addi   x15, 0x4
#3522 0 80000240 fef42623 m f004102c   f0040134  sw       x15, -0x14(x8)
#3523 0 80000244 fe842703 r 0e         0000004d  lw       x14, -0x18(x8)
#3524 0 80000248 fe042783 r 0f         0000005b  lw       x15, -0x20(x8)
#3525 0 8000024c faf749e3 r 00         00000000  blt      x14, x15, . - 0x4e
#3526 0 800001fe fec42783 r 0f         f0040134  lw       x15, -0x14(x8)
#3527 0 80000202     4398 r 0e         00000000  c.lw     x14, 0x0(x15)
#3528 0 80000204 fcc42783 r 0f         00000000  lw       x15, -0x34(x8)
#3529 0 80000208 40f707b3 r 0f         00000000  sub      x15, x14, x15
#3530 0 8000020c fd842703 r 0e         f0040e90  lw       x14, -0x28(x8)
#3531 0 80000210     078a r 0f         00000000  c.slli   x15, 2
#3532 0 80000212     97ba r 0f         f0040e90  c.add    x15, x14
#3533 0 80000214     4398 r 0e         0000003e  c.lw     x14, 0x0(x15)
#3534 0 80000216 fec42783 r 0f         f0040134  lw       x15, -0x14(x8)
#3535 0 8000021a     4394 r 0d         00000000  c.lw     x13, 0x0(x15)
#3536 0 8000021c fcc42783 r 0f         00000000  lw       x15, -0x34(x8)
#3537 0 80000220 40f687b3 r 0f         00000000  sub      x15, x13, x15
#3538 0 80000224     0705 r 0e         0000003f  c.addi   x14, 0x1
#3539 0 80000226 fd842683 r 0d         f0040e90  lw       x13, -0x28(x8)
#3540 0 8000022a     078a r 0f         00000000  c.slli   x15, 2
#3541 0 8000022c     97b6 r 0f         f0040e90  c.add    x15, x13
#3542 0 8000022e     c398 m f0040e90   0000003f  c.sw     x14, 0x0(x15)
#3543 0 80000230 fe842783 r 0f         0000004d  lw       x15, -0x18(x8)
#3544 0 80000234     0785 r 0f         0000004e  c.addi   x15, 0x1
#3545 0 80000236 fef42423 m f0041028   0000004e  sw       x15, -0x18(x8)
#3546 0 8000023a fec42783 r 0f         f0040134  lw       x15, -0x14(x8)
#3547 0 8000023e     0791 r 0f         f0040138  c.addi   x15, 0x4
#3548 0 80000240 fef42623 m f004102c   f0040138  sw       x15, -0x14(x8)
#3549 0 80000244 fe842703 r 0e         0000004e  lw       x14, -0x18(x8)
#3550 0 80000248 fe042783 r 0f         0000005b  lw       x15, -0x20(x8)
#3551 0 8000024c faf749e3 r 00         00000000  blt      x14, x15, . - 0x4e
#3552 0 800001fe fec42783 r 0f         f0040138  lw       x15, -0x14(x8)
#3553 0 80000202     4398 r 0e         00000000  c.lw     x14, 0x0(x15)
#3554 0 80000204 fcc42783 r 0f         00000000  lw       x15, -0x34(x8)
#3555 0 80000208 40f707b3 r 0f         00000000  sub      x15, x14, x15
#3556 0 8000020c fd842703 r 0e         f0040e90  lw       x14, -0x28(x8)
#3557 0 80000210     078a r 0f         00000000  c.slli   x15, 2
#3558 0 80000212     97ba r 0f         f0040e90  c.add    x15, x14
#3559 0 80000214     4398 r 0e         0000003f  c.lw     x14, 0x0(x15)
#3560 0 80000216 fec42783 r 0f         f0040138  lw       x15, -0x14(x8)
#3561 0 8000021a     4394 r 0d         00000000  c.lw     x13, 0x0(x15)
#3562 0 8000021c fcc42783 r 0f         00000000  lw       x15, -0x34(x8)
#3563 0 80000220 40f687b3 r 0f         00000000  sub      x15, x13, x15
#3564 0 80000224     0705 r 0e         00000040  c.addi   x14, 0x1
#3565 0 80000226 fd842683 r 0d         f0040e90  lw       x13, -0x28(x8)
#3566 0 8000022a     078a r 0f         00000000  c.slli   x15, 2
#3567 0 8000022c     97b6 r 0f         f0040e90  c.add    x15, x13
#3568 0 8000022e     c398 m f0040e90   00000040  c.sw     x14, 0x0(x15)
#3569 0 80000230 fe842783 r 0f         0000004e  lw       x15, -0x18(x8)
#3570 0 80000234     0785 r 0f         0000004f  c.addi   x15, 0x1
#3571 0 80000236 fef42423 m f0041028   0000004f  sw       x15, -0x18(x8)
#3572 0 8000023a fec42783 r 0f         f0040138  lw       x15, -0x14(x8)
#3573 0 8000023e     0791 r 0f         f004013c  c.addi   x15, 0x4
#3574 0 80000240 fef42623 m f004102c   f004013c  sw       x15, -0x14(x8)
#3575 0 80000244 fe842703 r 0e         0000004f  lw       x14, -0x18(x8)
#3576 0 80000248 fe042783 r 0f         0000005b  lw       x15, -0x20(x8)
#3577 0 8000024c faf749e3 r 00         00000000  blt      x14, x15, . - 0x4e
#3578 0 800001fe fec42783 r 0f         f004013c  lw       x15, -0x14(x8)
#3579 0 80000202     4398 r 0e         00000000  c.lw     x14, 0x0(x15)
#3580 0 80000204 fcc42783 r 0f         00000000  lw       x15, -0x34(x8)
#3581 0 80000208 40f707b3 r 0f         00000000  sub      x15, x14, x15
#3582 0 8000020c fd842703 r 0e         f0040e90  lw       x14, -0x28(x8)
#3583 0 80000210     078a r 0f         00000000  c.slli   x15, 2
#3584 0 80000212     97ba r 0f         f0040e90  c.add    x15, x14
#3585 0 80000214     4398 r 0e         00000040  c.lw     x14, 0x0(x15)
#3586 0 80000216 fec42783 r 0f         f004013c  lw       x15, -0x14(x8)
#3587 0 8000021a     4394 r 0d         00000000  c.lw     x13, 0x0(x15)
#3588 0 8000021c fcc42783 r 0f         00000000  lw       x15, -0x34(x8)
#3589 0 80000220 40f687b3 r 0f         00000000  sub      x15, x13, x15
#3590 0 80000224     0705 r 0e         00000041  c.addi   x14, 0x1
#3591 0 80000226 fd842683 r 0d         f0040e90  lw       x13, -0x28(x8)
#3592 0 8000022a     078a r 0f         00000000  c.slli   x15, 2
#3593 0 8000022c     97b6 r 0f         f0040e90  c.add    x15, x13
#3594 0 8000022e     c398 m f0040e90   00000041  c.sw     x14, 0x0(x15)
#3595 0 80000230 fe842783 r 0f         0000004f  lw       x15, -0x18(x8)
#3596 0 80000234     0785 r 0f         00000050  c.addi   x15, 0x1
#3597 0 80000236 fef42423 m f0041028   00000050  sw       x15, -0x18(x8)
#3598 0 8000023a fec42783 r 0f         f004013c  lw       x15, -0x14(x8)
#3599 0 8000023e     0791 r 0f         f0040140  c.addi   x15, 0x4
#3600 0 80000240 fef42623 m f004102c   f0040140  sw       x15, -0x14(x8)
#3601 0 80000244 fe842703 r 0e         00000050  lw       x14, -0x18(x8)
#3602 0 80000248 fe042783 r 0f         0000005b  lw       x15, -0x20(x8)
#3603 0 8000024c faf749e3 r 00         00000000  blt      x14, x15, . - 0x4e
#3604 0 800001fe fec42783 r 0f         f0040140  lw       x15, -0x14(x8)
#3605 0 80000202     4398 r 0e         00000000  c.lw     x14, 0x0(x15)
#3606 0 80000204 fcc42783 r 0f         00000000  lw       x15, -0x34(x8)
#3607 0 80000208 40f707b3 r 0f         00000000  sub      x15, x14, x15
#3608 0 8000020c fd842703 r 0e         f0040e90  lw       x14, -0x28(x8)
#3609 0 80000210     078a r 0f         00000000  c.slli   x15, 2
#3610 0 80000212     97ba r 0f         f0040e90  c.add    x15, x14
#3611 0 80000214     4398 r 0e         00000041  c.lw     x14, 0x0(x15)
#3612 0 80000216 fec42783 r 0f         f0040140  lw       x15, -0x14(x8)
#3613 0 8000021a     4394 r 0d         00000000  c.lw     x13, 0x0(x15)
#3614 0 8000021c fcc42783 r 0f         00000000  lw       x15, -0x34(x8)
#3615 0 80000220 40f687b3 r 0f         00000000  sub      x15, x13, x15
#3616 0 80000224     0705 r 0e         00000042  c.addi   x14, 0x1
#3617 0 80000226 fd842683 r 0d         f0040e90  lw       x13, -0x28(x8)
#3618 0 8000022a     078a r 0f         00000000  c.slli   x15, 2
#3619 0 8000022c     97b6 r 0f         f0040e90  c.add    x15, x13
#3620 0 8000022e     c398 m f0040e90   00000042  c.sw     x14, 0x0(x15)
#3621 0 80000230 fe842783 r 0f         00000050  lw       x15, -0x18(x8)
#3622 0 80000234     0785 r 0f         00000051  c.addi   x15, 0x1
#3623 0 80000236 fef42423 m f0041028   00000051  sw       x15, -0x18(x8)
#3624 0 8000023a fec42783 r 0f         f0040140  lw       x15, -0x14(x8)
#3625 0 8000023e     0791 r 0f         f0040144  c.addi   x15, 0x4
#3626 0 80000240 fef42623 m f004102c   f0040144  sw       x15, -0x14(x8)
#3627 0 80000244 fe842703 r 0e         00000051  lw       x14, -0x18(x8)
#3628 0 80000248 fe042783 r 0f         0000005b  lw       x15, -0x20(x8)
#3629 0 8000024c faf749e3 r 00         00000000  blt      x14, x15, . - 0x4e
#3630 0 800001fe fec42783 r 0f         f0040144  lw       x15, -0x14(x8)
#3631 0 80000202     4398 r 0e         00000000  c.lw     x14, 0x0(x15)
#3632 0 80000204 fcc42783 r 0f         00000000  lw       x15, -0x34(x8)
#3633 0 80000208 40f707b3 r 0f         00000000  sub      x15, x14, x15
#3634 0 8000020c fd842703 r 0e         f0040e90  lw       x14, -0x28(x8)
#3635 0 80000210     078a r 0f         00000000  c.slli   x15, 2
#3636 0 80000212     97ba r 0f         f0040e90  c.add    x15, x14
#3637 0 80000214     4398 r 0e         00000042  c.lw     x14, 0x0(x15)
#3638 0 80000216 fec42783 r 0f         f0040144  lw       x15, -0x14(x8)
#3639 0 8000021a     4394 r 0d         00000000  c.lw     x13, 0x0(x15)
#3640 0 8000021c fcc42783 r 0f         00000000  lw       x15, -0x34(x8)
#3641 0 80000220 40f687b3 r 0f         00000000  sub      x15, x13, x15
#3642 0 80000224     0705 r 0e         00000043  c.addi   x14, 0x1
#3643 0 80000226 fd842683 r 0d         f0040e90  lw       x13, -0x28(x8)
#3644 0 8000022a     078a r 0f         00000000  c.slli   x15, 2
#3645 0 8000022c     97b6 r 0f         f0040e90  c.add    x15, x13
#3646 0 8000022e     c398 m f0040e90   00000043  c.sw     x14, 0x0(x15)
#3647 0 80000230 fe842783 r 0f         00000051  lw       x15, -0x18(x8)
#3648 0 80000234     0785 r 0f         00000052  c.addi   x15, 0x1
#3649 0 80000236 fef42423 m f0041028   00000052  sw       x15, -0x18(x8)
#3650 0 8000023a fec42783 r 0f         f0040144  lw       x15, -0x14(x8)
#3651 0 8000023e     0791 r 0f         f0040148  c.addi   x15, 0x4
#3652 0 80000240 fef42623 m f004102c   f0040148  sw       x15, -0x14(x8)
#3653 0 80000244 fe842703 r 0e         00000052  lw       x14, -0x18(x8)
#3654 0 80000248 fe042783 r 0f         0000005b  lw       x15, -0x20(x8)
#3655 0 8000024c faf749e3 r 00         00000000  blt      x14, x15, . - 0x4e
#3656 0 800001fe fec42783 r 0f         f0040148  lw       x15, -0x14(x8)
#3657 0 80000202     4398 r 0e         00000000  c.lw     x14, 0x0(x15)
#3658 0 80000204 fcc42783 r 0f         00000000  lw       x15, -0x34(x8)
#3659 0 80000208 40f707b3 r 0f         00000000  sub      x15, x14, x15
#3660 0 8000020c fd842703 r 0e         f0040e90  lw       x14, -0x28(x8)
#3661 0 80000210     078a r 0f         00000000  c.slli   x15, 2
#3662 0 80000212     97ba r 0f         f0040e90  c.add    x15, x14
#3663 0 80000214     4398 r 0e         00000043  c.lw     x14, 0x0(x15)
#3664 0 80000216 fec42783 r 0f         f0040148  lw       x15, -0x14(x8)
#3665 0 8000021a     4394 r 0d         00000000  c.lw     x13, 0x0(x15)
#3666 0 8000021c fcc42783 r 0f         00000000  lw       x15, -0x34(x8)
#3667 0 80000220 40f687b3 r 0f         00000000  sub      x15, x13, x15
#3668 0 80000224     0705 r 0e         00000044  c.addi   x14, 0x1
#3669 0 80000226 fd842683 r 0d         f0040e90  lw       x13, -0x28(x8)
#3670 0 8000022a     078a r 0f         00000000  c.slli   x15, 2
#3671 0 8000022c     97b6 r 0f         f0040e90  c.add    x15, x13
#3672 0 8000022e     c398 m f0040e90   00000044  c.sw     x14, 0x0(x15)
#3673 0 80000230 fe842783 r 0f         00000052  lw       x15, -0x18(x8)
#3674 0 80000234     0785 r 0f         00000053  c.addi   x15, 0x1
#3675 0 80000236 fef42423 m f0041028   00000053  sw       x15, -0x18(x8)
#3676 0 8000023a fec42783 r 0f         f0040148  lw       x15, -0x14(x8)
#3677 0 8000023e     0791 r 0f         f004014c  c.addi   x15, 0x4
#3678 0 80000240 fef42623 m f004102c   f004014c  sw       x15, -0x14(x8)
#3679 0 80000244 fe842703 r 0e         00000053  lw       x14, -0x18(x8)
#3680 0 80000248 fe042783 r 0f         0000005b  lw       x15, -0x20(x8)
#3681 0 8000024c faf749e3 r 00         00000000  blt      x14, x15, . - 0x4e
#3682 0 800001fe fec42783 r 0f         f004014c  lw       x15, -0x14(x8)
#3683 0 80000202     4398 r 0e         00000000  c.lw     x14, 0x0(x15)
#3684 0 80000204 fcc42783 r 0f         00000000  lw       x15, -0x34(x8)
#3685 0 80000208 40f707b3 r 0f         00000000  sub      x15, x14, x15
#3686 0 8000020c fd842703 r 0e         f0040e90  lw       x14, -0x28(x8)
#3687 0 80000210     078a r 0f         00000000  c.slli   x15, 2
#3688 0 80000212     97ba r 0f         f0040e90  c.add    x15, x14
#3689 0 80000214     4398 r 0e         00000044  c.lw     x14, 0x0(x15)
#3690 0 80000216 fec42783 r 0f         f004014c  lw       x15, -0x14(x8)
#3691 0 8000021a     4394 r 0d         00000000  c.lw     x13, 0x0(x15)
#3692 0 8000021c fcc42783 r 0f         00000000  lw       x15, -0x34(x8)
#3693 0 80000220 40f687b3 r 0f         00000000  sub      x15, x13, x15
#3694 0 80000224     0705 r 0e         00000045  c.addi   x14, 0x1
#3695 0 80000226 fd842683 r 0d         f0040e90  lw       x13, -0x28(x8)
#3696 0 8000022a     078a r 0f         00000000  c.slli   x15, 2
#3697 0 8000022c     97b6 r 0f         f0040e90  c.add    x15, x13
#3698 0 8000022e     c398 m f0040e90   00000045  c.sw     x14, 0x0(x15)
#3699 0 80000230 fe842783 r 0f         00000053  lw       x15, -0x18(x8)
#3700 0 80000234     0785 r 0f         00000054  c.addi   x15, 0x1
#3701 0 80000236 fef42423 m f0041028   00000054  sw       x15, -0x18(x8)
#3702 0 8000023a fec42783 r 0f         f004014c  lw       x15, -0x14(x8)
#3703 0 8000023e     0791 r 0f         f0040150  c.addi   x15, 0x4
#3704 0 80000240 fef42623 m f004102c   f0040150  sw       x15, -0x14(x8)
#3705 0 80000244 fe842703 r 0e         00000054  lw       x14, -0x18(x8)
#3706 0 80000248 fe042783 r 0f         0000005b  lw       x15, -0x20(x8)
#3707 0 8000024c faf749e3 r 00         00000000  blt      x14, x15, . - 0x4e
#3708 0 800001fe fec42783 r 0f         f0040150  lw       x15, -0x14(x8)
#3709 0 80000202     4398 r 0e         00000000  c.lw     x14, 0x0(x15)
#3710 0 80000204 fcc42783 r 0f         00000000  lw       x15, -0x34(x8)
#3711 0 80000208 40f707b3 r 0f         00000000  sub      x15, x14, x15
#3712 0 8000020c fd842703 r 0e         f0040e90  lw       x14, -0x28(x8)
#3713 0 80000210     078a r 0f         00000000  c.slli   x15, 2
#3714 0 80000212     97ba r 0f         f0040e90  c.add    x15, x14
#3715 0 80000214     4398 r 0e         00000045  c.lw     x14, 0x0(x15)
#3716 0 80000216 fec42783 r 0f         f0040150  lw       x15, -0x14(x8)
#3717 0 8000021a     4394 r 0d         00000000  c.lw     x13, 0x0(x15)
#3718 0 8000021c fcc42783 r 0f         00000000  lw       x15, -0x34(x8)
#3719 0 80000220 40f687b3 r 0f         00000000  sub      x15, x13, x15
#3720 0 80000224     0705 r 0e         00000046  c.addi   x14, 0x1
#3721 0 80000226 fd842683 r 0d         f0040e90  lw       x13, -0x28(x8)
#3722 0 8000022a     078a r 0f         00000000  c.slli   x15, 2
#3723 0 8000022c     97b6 r 0f         f0040e90  c.add    x15, x13
#3724 0 8000022e     c398 m f0040e90   00000046  c.sw     x14, 0x0(x15)
#3725 0 80000230 fe842783 r 0f         00000054  lw       x15, -0x18(x8)
#3726 0 80000234     0785 r 0f         00000055  c.addi   x15, 0x1
#3727 0 80000236 fef42423 m f0041028   00000055  sw       x15, -0x18(x8)
#3728 0 8000023a fec42783 r 0f         f0040150  lw       x15, -0x14(x8)
#3729 0 8000023e     0791 r 0f         f0040154  c.addi   x15, 0x4
#3730 0 80000240 fef42623 m f004102c   f0040154  sw       x15, -0x14(x8)
#3731 0 80000244 fe842703 r 0e         00000055  lw       x14, -0x18(x8)
#3732 0 80000248 fe042783 r 0f         0000005b  lw       x15, -0x20(x8)
#3733 0 8000024c faf749e3 r 00         00000000  blt      x14, x15, . - 0x4e
#3734 0 800001fe fec42783 r 0f         f0040154  lw       x15, -0x14(x8)
#3735 0 80000202     4398 r 0e         00000000  c.lw     x14, 0x0(x15)
#3736 0 80000204 fcc42783 r 0f         00000000  lw       x15, -0x34(x8)
#3737 0 80000208 40f707b3 r 0f         00000000  sub      x15, x14, x15
#3738 0 8000020c fd842703 r 0e         f0040e90  lw       x14, -0x28(x8)
#3739 0 80000210     078a r 0f         00000000  c.slli   x15, 2
#3740 0 80000212     97ba r 0f         f0040e90  c.add    x15, x14
#3741 0 80000214     4398 r 0e         00000046  c.lw     x14, 0x0(x15)
#3742 0 80000216 fec42783 r 0f         f0040154  lw       x15, -0x14(x8)
#3743 0 8000021a     4394 r 0d         00000000  c.lw     x13, 0x0(x15)
#3744 0 8000021c fcc42783 r 0f         00000000  lw       x15, -0x34(x8)
#3745 0 80000220 40f687b3 r 0f         00000000  sub      x15, x13, x15
#3746 0 80000224     0705 r 0e         00000047  c.addi   x14, 0x1
#3747 0 80000226 fd842683 r 0d         f0040e90  lw       x13, -0x28(x8)
#3748 0 8000022a     078a r 0f         00000000  c.slli   x15, 2
#3749 0 8000022c     97b6 r 0f         f0040e90  c.add    x15, x13
#3750 0 8000022e     c398 m f0040e90   00000047  c.sw     x14, 0x0(x15)
#3751 0 80000230 fe842783 r 0f         00000055  lw       x15, -0x18(x8)
#3752 0 80000234     0785 r 0f         00000056  c.addi   x15, 0x1
#3753 0 80000236 fef42423 m f0041028   00000056  sw       x15, -0x18(x8)
#3754 0 8000023a fec42783 r 0f         f0040154  lw       x15, -0x14(x8)
#3755 0 8000023e     0791 r 0f         f0040158  c.addi   x15, 0x4
#3756 0 80000240 fef42623 m f004102c   f0040158  sw       x15, -0x14(x8)
#3757 0 80000244 fe842703 r 0e         00000056  lw       x14, -0x18(x8)
#3758 0 80000248 fe042783 r 0f         0000005b  lw       x15, -0x20(x8)
#3759 0 8000024c faf749e3 r 00         00000000  blt      x14, x15, . - 0x4e
#3760 0 800001fe fec42783 r 0f         f0040158  lw       x15, -0x14(x8)
#3761 0 80000202     4398 r 0e         00000000  c.lw     x14, 0x0(x15)
#3762 0 80000204 fcc42783 r 0f         00000000  lw       x15, -0x34(x8)
#3763 0 80000208 40f707b3 r 0f         00000000  sub      x15, x14, x15
#3764 0 8000020c fd842703 r 0e         f0040e90  lw       x14, -0x28(x8)
#3765 0 80000210     078a r 0f         00000000  c.slli   x15, 2
#3766 0 80000212     97ba r 0f         f0040e90  c.add    x15, x14
#3767 0 80000214     4398 r 0e         00000047  c.lw     x14, 0x0(x15)
#3768 0 80000216 fec42783 r 0f         f0040158  lw       x15, -0x14(x8)
#3769 0 8000021a     4394 r 0d         00000000  c.lw     x13, 0x0(x15)
#3770 0 8000021c fcc42783 r 0f         00000000  lw       x15, -0x34(x8)
#3771 0 80000220 40f687b3 r 0f         00000000  sub      x15, x13, x15
#3772 0 80000224     0705 r 0e         00000048  c.addi   x14, 0x1
#3773 0 80000226 fd842683 r 0d         f0040e90  lw       x13, -0x28(x8)
#3774 0 8000022a     078a r 0f         00000000  c.slli   x15, 2
#3775 0 8000022c     97b6 r 0f         f0040e90  c.add    x15, x13
#3776 0 8000022e     c398 m f0040e90   00000048  c.sw     x14, 0x0(x15)
#3777 0 80000230 fe842783 r 0f         00000056  lw       x15, -0x18(x8)
#3778 0 80000234     0785 r 0f         00000057  c.addi   x15, 0x1
#3779 0 80000236 fef42423 m f0041028   00000057  sw       x15, -0x18(x8)
#3780 0 8000023a fec42783 r 0f         f0040158  lw       x15, -0x14(x8)
#3781 0 8000023e     0791 r 0f         f004015c  c.addi   x15, 0x4
#3782 0 80000240 fef42623 m f004102c   f004015c  sw       x15, -0x14(x8)
#3783 0 80000244 fe842703 r 0e         00000057  lw       x14, -0x18(x8)
#3784 0 80000248 fe042783 r 0f         0000005b  lw       x15, -0x20(x8)
#3785 0 8000024c faf749e3 r 00         00000000  blt      x14, x15, . - 0x4e
#3786 0 800001fe fec42783 r 0f         f004015c  lw       x15, -0x14(x8)
#3787 0 80000202     4398 r 0e         00000000  c.lw     x14, 0x0(x15)
#3788 0 80000204 fcc42783 r 0f         00000000  lw       x15, -0x34(x8)
#3789 0 80000208 40f707b3 r 0f         00000000  sub      x15, x14, x15
#3790 0 8000020c fd842703 r 0e         f0040e90  lw       x14, -0x28(x8)
#3791 0 80000210     078a r 0f         00000000  c.slli   x15, 2
#3792 0 80000212     97ba r 0f         f0040e90  c.add    x15, x14
#3793 0 80000214     4398 r 0e         00000048  c.lw     x14, 0x0(x15)
#3794 0 80000216 fec42783 r 0f         f004015c  lw       x15, -0x14(x8)
#3795 0 8000021a     4394 r 0d         00000000  c.lw     x13, 0x0(x15)
#3796 0 8000021c fcc42783 r 0f         00000000  lw       x15, -0x34(x8)
#3797 0 80000220 40f687b3 r 0f         00000000  sub      x15, x13, x15
#3798 0 80000224     0705 r 0e         00000049  c.addi   x14, 0x1
#3799 0 80000226 fd842683 r 0d         f0040e90  lw       x13, -0x28(x8)
#3800 0 8000022a     078a r 0f         00000000  c.slli   x15, 2
#3801 0 8000022c     97b6 r 0f         f0040e90  c.add    x15, x13
#3802 0 8000022e     c398 m f0040e90   00000049  c.sw     x14, 0x0(x15)
#3803 0 80000230 fe842783 r 0f         00000057  lw       x15, -0x18(x8)
#3804 0 80000234     0785 r 0f         00000058  c.addi   x15, 0x1
#3805 0 80000236 fef42423 m f0041028   00000058  sw       x15, -0x18(x8)
#3806 0 8000023a fec42783 r 0f         f004015c  lw       x15, -0x14(x8)
#3807 0 8000023e     0791 r 0f         f0040160  c.addi   x15, 0x4
#3808 0 80000240 fef42623 m f004102c   f0040160  sw       x15, -0x14(x8)
#3809 0 80000244 fe842703 r 0e         00000058  lw       x14, -0x18(x8)
#3810 0 80000248 fe042783 r 0f         0000005b  lw       x15, -0x20(x8)
#3811 0 8000024c faf749e3 r 00         00000000  blt      x14, x15, . - 0x4e
#3812 0 800001fe fec42783 r 0f         f0040160  lw       x15, -0x14(x8)
#3813 0 80000202     4398 r 0e         00000000  c.lw     x14, 0x0(x15)
#3814 0 80000204 fcc42783 r 0f         00000000  lw       x15, -0x34(x8)
#3815 0 80000208 40f707b3 r 0f         00000000  sub      x15, x14, x15
#3816 0 8000020c fd842703 r 0e         f0040e90  lw       x14, -0x28(x8)
#3817 0 80000210     078a r 0f         00000000  c.slli   x15, 2
#3818 0 80000212     97ba r 0f         f0040e90  c.add    x15, x14
#3819 0 80000214     4398 r 0e         00000049  c.lw     x14, 0x0(x15)
#3820 0 80000216 fec42783 r 0f         f0040160  lw       x15, -0x14(x8)
#3821 0 8000021a     4394 r 0d         00000000  c.lw     x13, 0x0(x15)
#3822 0 8000021c fcc42783 r 0f         00000000  lw       x15, -0x34(x8)
#3823 0 80000220 40f687b3 r 0f         00000000  sub      x15, x13, x15
#3824 0 80000224     0705 r 0e         0000004a  c.addi   x14, 0x1
#3825 0 80000226 fd842683 r 0d         f0040e90  lw       x13, -0x28(x8)
#3826 0 8000022a     078a r 0f         00000000  c.slli   x15, 2
#3827 0 8000022c     97b6 r 0f         f0040e90  c.add    x15, x13
#3828 0 8000022e     c398 m f0040e90   0000004a  c.sw     x14, 0x0(x15)
#3829 0 80000230 fe842783 r 0f         00000058  lw       x15, -0x18(x8)
#3830 0 80000234     0785 r 0f         00000059  c.addi   x15, 0x1
#3831 0 80000236 fef42423 m f0041028   00000059  sw       x15, -0x18(x8)
#3832 0 8000023a fec42783 r 0f         f0040160  lw       x15, -0x14(x8)
#3833 0 8000023e     0791 r 0f         f0040164  c.addi   x15, 0x4
#3834 0 80000240 fef42623 m f004102c   f0040164  sw       x15, -0x14(x8)
#3835 0 80000244 fe842703 r 0e         00000059  lw       x14, -0x18(x8)
#3836 0 80000248 fe042783 r 0f         0000005b  lw       x15, -0x20(x8)
#3837 0 8000024c faf749e3 r 00         00000000  blt      x14, x15, . - 0x4e
#3838 0 800001fe fec42783 r 0f         f0040164  lw       x15, -0x14(x8)
#3839 0 80000202     4398 r 0e         00000000  c.lw     x14, 0x0(x15)
#3840 0 80000204 fcc42783 r 0f         00000000  lw       x15, -0x34(x8)
#3841 0 80000208 40f707b3 r 0f         00000000  sub      x15, x14, x15
#3842 0 8000020c fd842703 r 0e         f0040e90  lw       x14, -0x28(x8)
#3843 0 80000210     078a r 0f         00000000  c.slli   x15, 2
#3844 0 80000212     97ba r 0f         f0040e90  c.add    x15, x14
#3845 0 80000214     4398 r 0e         0000004a  c.lw     x14, 0x0(x15)
#3846 0 80000216 fec42783 r 0f         f0040164  lw       x15, -0x14(x8)
#3847 0 8000021a     4394 r 0d         00000000  c.lw     x13, 0x0(x15)
#3848 0 8000021c fcc42783 r 0f         00000000  lw       x15, -0x34(x8)
#3849 0 80000220 40f687b3 r 0f         00000000  sub      x15, x13, x15
#3850 0 80000224     0705 r 0e         0000004b  c.addi   x14, 0x1
#3851 0 80000226 fd842683 r 0d         f0040e90  lw       x13, -0x28(x8)
#3852 0 8000022a     078a r 0f         00000000  c.slli   x15, 2
#3853 0 8000022c     97b6 r 0f         f0040e90  c.add    x15, x13
#3854 0 8000022e     c398 m f0040e90   0000004b  c.sw     x14, 0x0(x15)
#3855 0 80000230 fe842783 r 0f         00000059  lw       x15, -0x18(x8)
#3856 0 80000234     0785 r 0f         0000005a  c.addi   x15, 0x1
#3857 0 80000236 fef42423 m f0041028   0000005a  sw       x15, -0x18(x8)
#3858 0 8000023a fec42783 r 0f         f0040164  lw       x15, -0x14(x8)
#3859 0 8000023e     0791 r 0f         f0040168  c.addi   x15, 0x4
#3860 0 80000240 fef42623 m f004102c   f0040168  sw       x15, -0x14(x8)
#3861 0 80000244 fe842703 r 0e         0000005a  lw       x14, -0x18(x8)
#3862 0 80000248 fe042783 r 0f         0000005b  lw       x15, -0x20(x8)
#3863 0 8000024c faf749e3 r 00         00000000  blt      x14, x15, . - 0x4e
#3864 0 800001fe fec42783 r 0f         f0040168  lw       x15, -0x14(x8)
#3865 0 80000202     4398 r 0e         00000000  c.lw     x14, 0x0(x15)
#3866 0 80000204 fcc42783 r 0f         00000000  lw       x15, -0x34(x8)
#3867 0 80000208 40f707b3 r 0f         00000000  sub      x15, x14, x15
#3868 0 8000020c fd842703 r 0e         f0040e90  lw       x14, -0x28(x8)
#3869 0 80000210     078a r 0f         00000000  c.slli   x15, 2
#3870 0 80000212     97ba r 0f         f0040e90  c.add    x15, x14
#3871 0 80000214     4398 r 0e         0000004b  c.lw     x14, 0x0(x15)
#3872 0 80000216 fec42783 r 0f         f0040168  lw       x15, -0x14(x8)
#3873 0 8000021a     4394 r 0d         00000000  c.lw     x13, 0x0(x15)
#3874 0 8000021c fcc42783 r 0f         00000000  lw       x15, -0x34(x8)
#3875 0 80000220 40f687b3 r 0f         00000000  sub      x15, x13, x15
#3876 0 80000224     0705 r 0e         0000004c  c.addi   x14, 0x1
#3877 0 80000226 fd842683 r 0d         f0040e90  lw       x13, -0x28(x8)
#3878 0 8000022a     078a r 0f         00000000  c.slli   x15, 2
#3879 0 8000022c     97b6 r 0f         f0040e90  c.add    x15, x13
#3880 0 8000022e     c398 m f0040e90   0000004c  c.sw     x14, 0x0(x15)
#3881 0 80000230 fe842783 r 0f         0000005a  lw       x15, -0x18(x8)
#3882 0 80000234     0785 r 0f         0000005b  c.addi   x15, 0x1
#3883 0 80000236 fef42423 m f0041028   0000005b  sw       x15, -0x18(x8)
#3884 0 8000023a fec42783 r 0f         f0040168  lw       x15, -0x14(x8)
#3885 0 8000023e     0791 r 0f         f004016c  c.addi   x15, 0x4
#3886 0 80000240 fef42623 m f004102c   f004016c  sw       x15, -0x14(x8)
#3887 0 80000244 fe842703 r 0e         0000005b  lw       x14, -0x18(x8)
#3888 0 80000248 fe042783 r 0f         0000005b  lw       x15, -0x20(x8)
#3889 0 8000024c faf749e3 r 00         00000000  blt      x14, x15, . - 0x4e
#3890 0 80000250 fe042223 m f0041024   00000000  sw       x0, -0x1c(x8)
#3891 0 80000254 fc442783 r 0f         f0040000  lw       x15, -0x3c(x8)
#3892 0 80000258 fef42623 m f004102c   f0040000  sw       x15, -0x14(x8)
#3893 0 8000025c     a0a1 r 00         00000000  c.j      . + 0x48
#3894 0 800002a4 fe442703 r 0e         00000000  lw       x14, -0x1c(x8)
#3895 0 800002a8 fe042783 r 0f         0000005b  lw       x15, -0x20(x8)
#3896 0 800002ac fcf745e3 r 00         00000000  blt      x14, x15, . - 0x36
#3897 0 80000276 fd842703 r 0e         f0040e90  lw       x14, -0x28(x8)
#3898 0 8000027a fe442783 r 0f         00000000  lw       x15, -0x1c(x8)
#3899 0 8000027e     078a r 0f         00000000  c.slli   x15, 2
#3900 0 80000280     97ba r 0f         f0040e90  c.add    x15, x14
#3901 0 80000282     439c r 0f         0000004c  c.lw     x15, 0x0(x15)
#3902 0 80000284 fff78693 r 0d         0000004b  addi     x13, x15, -0x1
#3903 0 80000288 fd842603 r 0c         f0040e90  lw       x12, -0x28(x8)
#3904 0 8000028c fe442703 r 0e         00000000  lw       x14, -0x1c(x8)
#3905 0 80000290     070a r 0e         00000000  c.slli   x14, 2
#3906 0 80000292     9732 r 0e         f0040e90  c.add    x14, x12
#3907 0 80000294     c314 m f0040e90   0000004b  c.sw     x13, 0x0(x14)
#3908 0 80000296 fcf044e3 r 00         00000000  blt      x0, x15, . - 0x38
#3909 0 8000025e fec42783 r 0f         f0040000  lw       x15, -0x14(x8)
#3910 0 80000262 00478713 r 0e         f0040004  addi     x14, x15, 0x4
#3911 0 80000266 fee42623 m f004102c   f0040004  sw       x14, -0x14(x8)
#3912 0 8000026a fe442683 r 0d         00000000  lw       x13, -0x1c(x8)
#3913 0 8000026e fcc42703 r 0e         00000000  lw       x14, -0x34(x8)
#3914 0 80000272     9736 r 0e         00000000  c.add    x14, x13
#3915 0 80000274     c398 m f0040000   00000000  c.sw     x14, 0x0(x15)
#3916 0 80000276 fd842703 r 0e         f0040e90  lw       x14, -0x28(x8)
#3917 0 8000027a fe442783 r 0f         00000000  lw       x15, -0x1c(x8)
#3918 0 8000027e     078a r 0f         00000000  c.slli   x15, 2
#3919 0 80000280     97ba r 0f         f0040e90  c.add    x15, x14
#3920 0 80000282     439c r 0f         0000004b  c.lw     x15, 0x0(x15)
#3921 0 80000284 fff78693 r 0d         0000004a  addi     x13, x15, -0x1
#3922 0 80000288 fd842603 r 0c         f0040e90  lw       x12, -0x28(x8)
#3923 0 8000028c fe442703 r 0e         00000000  lw       x14, -0x1c(x8)
#3924 0 80000290     070a r 0e         00000000  c.slli   x14, 2
#3925 0 80000292     9732 r 0e         f0040e90  c.add    x14, x12
#3926 0 80000294     c314 m f0040e90   0000004a  c.sw     x13, 0x0(x14)
#3927 0 80000296 fcf044e3 r 00         00000000  blt      x0, x15, . - 0x38
#3928 0 8000025e fec42783 r 0f         f0040004  lw       x15, -0x14(x8)
#3929 0 80000262 00478713 r 0e         f0040008  addi     x14, x15, 0x4
#3930 0 80000266 fee42623 m f004102c   f0040008  sw       x14, -0x14(x8)
#3931 0 8000026a fe442683 r 0d         00000000  lw       x13, -0x1c(x8)
#3932 0 8000026e fcc42703 r 0e         00000000  lw       x14, -0x34(x8)
#3933 0 80000272     9736 r 0e         00000000  c.add    x14, x13
#3934 0 80000274     c398 m f0040004   00000000  c.sw     x14, 0x0(x15)
#3935 0 80000276 fd842703 r 0e         f0040e90  lw       x14, -0x28(x8)
#3936 0 8000027a fe442783 r 0f         00000000  lw       x15, -0x1c(x8)
#3937 0 8000027e     078a r 0f         00000000  c.slli   x15, 2
#3938 0 80000280     97ba r 0f         f0040e90  c.add    x15, x14
#3939 0 80000282     439c r 0f         0000004a  c.lw     x15, 0x0(x15)
#3940 0 80000284 fff78693 r 0d         00000049  addi     x13, x15, -0x1
#3941 0 80000288 fd842603 r 0c         f0040e90  lw       x12, -0x28(x8)
#3942 0 8000028c fe442703 r 0e         00000000  lw       x14, -0x1c(x8)
#3943 0 80000290     070a r 0e         00000000  c.slli   x14, 2
#3944 0 80000292     9732 r 0e         f0040e90  c.add    x14, x12
#3945 0 80000294     c314 m f0040e90   00000049  c.sw     x13, 0x0(x14)
#3946 0 80000296 fcf044e3 r 00         00000000  blt      x0, x15, . - 0x38
#3947 0 8000025e fec42783 r 0f         f0040008  lw       x15, -0x14(x8)
#3948 0 80000262 00478713 r 0e         f004000c  addi     x14, x15, 0x4
#3949 0 80000266 fee42623 m f004102c   f004000c  sw       x14, -0x14(x8)
#3950 0 8000026a fe442683 r 0d         00000000  lw       x13, -0x1c(x8)
#3951 0 8000026e fcc42703 r 0e         00000000  lw       x14, -0x34(x8)
#3952 0 80000272     9736 r 0e         00000000  c.add    x14, x13
#3953 0 80000274     c398 m f0040008   00000000  c.sw     x14, 0x0(x15)
#3954 0 80000276 fd842703 r 0e         f0040e90  lw       x14, -0x28(x8)
#3955 0 8000027a fe442783 r 0f         00000000  lw       x15, -0x1c(x8)
#3956 0 8000027e     078a r 0f         00000000  c.slli   x15, 2
#3957 0 80000280     97ba r 0f         f0040e90  c.add    x15, x14
#3958 0 80000282     439c r 0f         00000049  c.lw     x15, 0x0(x15)
#3959 0 80000284 fff78693 r 0d         00000048  addi     x13, x15, -0x1
#3960 0 80000288 fd842603 r 0c         f0040e90  lw       x12, -0x28(x8)
#3961 0 8000028c fe442703 r 0e         00000000  lw       x14, -0x1c(x8)
#3962 0 80000290     070a r 0e         00000000  c.slli   x14, 2
#3963 0 80000292     9732 r 0e         f0040e90  c.add    x14, x12
#3964 0 80000294     c314 m f0040e90   00000048  c.sw     x13, 0x0(x14)
#3965 0 80000296 fcf044e3 r 00         00000000  blt      x0, x15, . - 0x38
#3966 0 8000025e fec42783 r 0f         f004000c  lw       x15, -0x14(x8)
#3967 0 80000262 00478713 r 0e         f0040010  addi     x14, x15, 0x4
#3968 0 80000266 fee42623 m f004102c   f0040010  sw       x14, -0x14(x8)
#3969 0 8000026a fe442683 r 0d         00000000  lw       x13, -0x1c(x8)
#3970 0 8000026e fcc42703 r 0e         00000000  lw       x14, -0x34(x8)
#3971 0 80000272     9736 r 0e         00000000  c.add    x14, x13
#3972 0 80000274     c398 m f004000c   00000000  c.sw     x14, 0x0(x15)
#3973 0 80000276 fd842703 r 0e         f0040e90  lw       x14, -0x28(x8)
#3974 0 8000027a fe442783 r 0f         00000000  lw       x15, -0x1c(x8)
#3975 0 8000027e     078a r 0f         00000000  c.slli   x15, 2
#3976 0 80000280     97ba r 0f         f0040e90  c.add    x15, x14
#3977 0 80000282     439c r 0f         00000048  c.lw     x15, 0x0(x15)
#3978 0 80000284 fff78693 r 0d         00000047  addi     x13, x15, -0x1
#3979 0 80000288 fd842603 r 0c         f0040e90  lw       x12, -0x28(x8)
#3980 0 8000028c fe442703 r 0e         00000000  lw       x14, -0x1c(x8)
#3981 0 80000290     070a r 0e         00000000  c.slli   x14, 2
#3982 0 80000292     9732 r 0e         f0040e90  c.add    x14, x12
#3983 0 80000294     c314 m f0040e90   00000047  c.sw     x13, 0x0(x14)
#3984 0 80000296 fcf044e3 r 00         00000000  blt      x0, x15, . - 0x38
#3985 0 8000025e fec42783 r 0f         f0040010  lw       x15, -0x14(x8)
#3986 0 80000262 00478713 r 0e         f0040014  addi     x14, x15, 0x4
#3987 0 80000266 fee42623 m f004102c   f0040014  sw       x14, -0x14(x8)
#3988 0 8000026a fe442683 r 0d         00000000  lw       x13, -0x1c(x8)
#3989 0 8000026e fcc42703 r 0e         00000000  lw       x14, -0x34(x8)
#3990 0 80000272     9736 r 0e         00000000  c.add    x14, x13
#3991 0 80000274     c398 m f0040010   00000000  c.sw     x14, 0x0(x15)
#3992 0 80000276 fd842703 r 0e         f0040e90  lw       x14, -0x28(x8)
#3993 0 8000027a fe442783 r 0f         00000000  lw       x15, -0x1c(x8)
#3994 0 8000027e     078a r 0f         00000000  c.slli   x15, 2
#3995 0 80000280     97ba r 0f         f0040e90  c.add    x15, x14
#3996 0 80000282     439c r 0f         00000047  c.lw     x15, 0x0(x15)
#3997 0 80000284 fff78693 r 0d         00000046  addi     x13, x15, -0x1
#3998 0 80000288 fd842603 r 0c         f0040e90  lw       x12, -0x28(x8)
#3999 0 8000028c fe442703 r 0e         00000000  lw       x14, -0x1c(x8)
#4000 0 80000290     070a r 0e         00000000  c.slli   x14, 2
#4001 0 80000292     9732 r 0e         f0040e90  c.add    x14, x12
#4002 0 80000294     c314 m f0040e90   00000046  c.sw     x13, 0x0(x14)
#4003 0 80000296 fcf044e3 r 00         00000000  blt      x0, x15, . - 0x38
#4004 0 8000025e fec42783 r 0f         f0040014  lw       x15, -0x14(x8)
#4005 0 80000262 00478713 r 0e         f0040018  addi     x14, x15, 0x4
#4006 0 80000266 fee42623 m f004102c   f0040018  sw       x14, -0x14(x8)
#4007 0 8000026a fe442683 r 0d         00000000  lw       x13, -0x1c(x8)
#4008 0 8000026e fcc42703 r 0e         00000000  lw       x14, -0x34(x8)
#4009 0 80000272     9736 r 0e         00000000  c.add    x14, x13
#4010 0 80000274     c398 m f0040014   00000000  c.sw     x14, 0x0(x15)
#4011 0 80000276 fd842703 r 0e         f0040e90  lw       x14, -0x28(x8)
#4012 0 8000027a fe442783 r 0f         00000000  lw       x15, -0x1c(x8)
#4013 0 8000027e     078a r 0f         00000000  c.slli   x15, 2
#4014 0 80000280     97ba r 0f         f0040e90  c.add    x15, x14
#4015 0 80000282     439c r 0f         00000046  c.lw     x15, 0x0(x15)
#4016 0 80000284 fff78693 r 0d         00000045  addi     x13, x15, -0x1
#4017 0 80000288 fd842603 r 0c         f0040e90  lw       x12, -0x28(x8)
#4018 0 8000028c fe442703 r 0e         00000000  lw       x14, -0x1c(x8)
#4019 0 80000290     070a r 0e         00000000  c.slli   x14, 2
#4020 0 80000292     9732 r 0e         f0040e90  c.add    x14, x12
#4021 0 80000294     c314 m f0040e90   00000045  c.sw     x13, 0x0(x14)
#4022 0 80000296 fcf044e3 r 00         00000000  blt      x0, x15, . - 0x38
#4023 0 8000025e fec42783 r 0f         f0040018  lw       x15, -0x14(x8)
#4024 0 80000262 00478713 r 0e         f004001c  addi     x14, x15, 0x4
#4025 0 80000266 fee42623 m f004102c   f004001c  sw       x14, -0x14(x8)
#4026 0 8000026a fe442683 r 0d         00000000  lw       x13, -0x1c(x8)
#4027 0 8000026e fcc42703 r 0e         00000000  lw       x14, -0x34(x8)
#4028 0 80000272     9736 r 0e         00000000  c.add    x14, x13
#4029 0 80000274     c398 m f0040018   00000000  c.sw     x14, 0x0(x15)
#4030 0 80000276 fd842703 r 0e         f0040e90  lw       x14, -0x28(x8)
#4031 0 8000027a fe442783 r 0f         00000000  lw       x15, -0x1c(x8)
#4032 0 8000027e     078a r 0f         00000000  c.slli   x15, 2
#4033 0 80000280     97ba r 0f         f0040e90  c.add    x15, x14
#4034 0 80000282     439c r 0f         00000045  c.lw     x15, 0x0(x15)
#4035 0 80000284 fff78693 r 0d         00000044  addi     x13, x15, -0x1
#4036 0 80000288 fd842603 r 0c         f0040e90  lw       x12, -0x28(x8)
#4037 0 8000028c fe442703 r 0e         00000000  lw       x14, -0x1c(x8)
#4038 0 80000290     070a r 0e         00000000  c.slli   x14, 2
#4039 0 80000292     9732 r 0e         f0040e90  c.add    x14, x12
#4040 0 80000294     c314 m f0040e90   00000044  c.sw     x13, 0x0(x14)
#4041 0 80000296 fcf044e3 r 00         00000000  blt      x0, x15, . - 0x38
#4042 0 8000025e fec42783 r 0f         f004001c  lw       x15, -0x14(x8)
#4043 0 80000262 00478713 r 0e         f0040020  addi     x14, x15, 0x4
#4044 0 80000266 fee42623 m f004102c   f0040020  sw       x14, -0x14(x8)
#4045 0 8000026a fe442683 r 0d         00000000  lw       x13, -0x1c(x8)
#4046 0 8000026e fcc42703 r 0e         00000000  lw       x14, -0x34(x8)
#4047 0 80000272     9736 r 0e         00000000  c.add    x14, x13
#4048 0 80000274     c398 m f004001c   00000000  c.sw     x14, 0x0(x15)
#4049 0 80000276 fd842703 r 0e         f0040e90  lw       x14, -0x28(x8)
#4050 0 8000027a fe442783 r 0f         00000000  lw       x15, -0x1c(x8)
#4051 0 8000027e     078a r 0f         00000000  c.slli   x15, 2
#4052 0 80000280     97ba r 0f         f0040e90  c.add    x15, x14
#4053 0 80000282     439c r 0f         00000044  c.lw     x15, 0x0(x15)
#4054 0 80000284 fff78693 r 0d         00000043  addi     x13, x15, -0x1
#4055 0 80000288 fd842603 r 0c         f0040e90  lw       x12, -0x28(x8)
#4056 0 8000028c fe442703 r 0e         00000000  lw       x14, -0x1c(x8)
#4057 0 80000290     070a r 0e         00000000  c.slli   x14, 2
#4058 0 80000292     9732 r 0e         f0040e90  c.add    x14, x12
#4059 0 80000294     c314 m f0040e90   00000043  c.sw     x13, 0x0(x14)
#4060 0 80000296 fcf044e3 r 00         00000000  blt      x0, x15, . - 0x38
#4061 0 8000025e fec42783 r 0f         f0040020  lw       x15, -0x14(x8)
#4062 0 80000262 00478713 r 0e         f0040024  addi     x14, x15, 0x4
#4063 0 80000266 fee42623 m f004102c   f0040024  sw       x14, -0x14(x8)
#4064 0 8000026a fe442683 r 0d         00000000  lw       x13, -0x1c(x8)
#4065 0 8000026e fcc42703 r 0e         00000000  lw       x14, -0x34(x8)
#4066 0 80000272     9736 r 0e         00000000  c.add    x14, x13
#4067 0 80000274     c398 m f0040020   00000000  c.sw     x14, 0x0(x15)
#4068 0 80000276 fd842703 r 0e         f0040e90  lw       x14, -0x28(x8)
#4069 0 8000027a fe442783 r 0f         00000000  lw       x15, -0x1c(x8)
#4070 0 8000027e     078a r 0f         00000000  c.slli   x15, 2
#4071 0 80000280     97ba r 0f         f0040e90  c.add    x15, x14
#4072 0 80000282     439c r 0f         00000043  c.lw     x15, 0x0(x15)
#4073 0 80000284 fff78693 r 0d         00000042  addi     x13, x15, -0x1
#4074 0 80000288 fd842603 r 0c         f0040e90  lw       x12, -0x28(x8)
#4075 0 8000028c fe442703 r 0e         00000000  lw       x14, -0x1c(x8)
#4076 0 80000290     070a r 0e         00000000  c.slli   x14, 2
#4077 0 80000292     9732 r 0e         f0040e90  c.add    x14, x12
#4078 0 80000294     c314 m f0040e90   00000042  c.sw     x13, 0x0(x14)
#4079 0 80000296 fcf044e3 r 00         00000000  blt      x0, x15, . - 0x38
#4080 0 8000025e fec42783 r 0f         f0040024  lw       x15, -0x14(x8)
#4081 0 80000262 00478713 r 0e         f0040028  addi     x14, x15, 0x4
#4082 0 80000266 fee42623 m f004102c   f0040028  sw       x14, -0x14(x8)
#4083 0 8000026a fe442683 r 0d         00000000  lw       x13, -0x1c(x8)
#4084 0 8000026e fcc42703 r 0e         00000000  lw       x14, -0x34(x8)
#4085 0 80000272     9736 r 0e         00000000  c.add    x14, x13
#4086 0 80000274     c398 m f0040024   00000000  c.sw     x14, 0x0(x15)
#4087 0 80000276 fd842703 r 0e         f0040e90  lw       x14, -0x28(x8)
#4088 0 8000027a fe442783 r 0f         00000000  lw       x15, -0x1c(x8)
#4089 0 8000027e     078a r 0f         00000000  c.slli   x15, 2
#4090 0 80000280     97ba r 0f         f0040e90  c.add    x15, x14
#4091 0 80000282     439c r 0f         00000042  c.lw     x15, 0x0(x15)
#4092 0 80000284 fff78693 r 0d         00000041  addi     x13, x15, -0x1
#4093 0 80000288 fd842603 r 0c         f0040e90  lw       x12, -0x28(x8)
#4094 0 8000028c fe442703 r 0e         00000000  lw       x14, -0x1c(x8)
#4095 0 80000290     070a r 0e         00000000  c.slli   x14, 2
#4096 0 80000292     9732 r 0e         f0040e90  c.add    x14, x12
#4097 0 80000294     c314 m f0040e90   00000041  c.sw     x13, 0x0(x14)
#4098 0 80000296 fcf044e3 r 00         00000000  blt      x0, x15, . - 0x38
#4099 0 8000025e fec42783 r 0f         f0040028  lw       x15, -0x14(x8)
#4100 0 80000262 00478713 r 0e         f004002c  addi     x14, x15, 0x4
#4101 0 80000266 fee42623 m f004102c   f004002c  sw       x14, -0x14(x8)
#4102 0 8000026a fe442683 r 0d         00000000  lw       x13, -0x1c(x8)
#4103 0 8000026e fcc42703 r 0e         00000000  lw       x14, -0x34(x8)
#4104 0 80000272     9736 r 0e         00000000  c.add    x14, x13
#4105 0 80000274     c398 m f0040028   00000000  c.sw     x14, 0x0(x15)
#4106 0 80000276 fd842703 r 0e         f0040e90  lw       x14, -0x28(x8)
#4107 0 8000027a fe442783 r 0f         00000000  lw       x15, -0x1c(x8)
#4108 0 8000027e     078a r 0f         00000000  c.slli   x15, 2
#4109 0 80000280     97ba r 0f         f0040e90  c.add    x15, x14
#4110 0 80000282     439c r 0f         00000041  c.lw     x15, 0x0(x15)
#4111 0 80000284 fff78693 r 0d         00000040  addi     x13, x15, -0x1
#4112 0 80000288 fd842603 r 0c         f0040e90  lw       x12, -0x28(x8)
#4113 0 8000028c fe442703 r 0e         00000000  lw       x14, -0x1c(x8)
#4114 0 80000290     070a r 0e         00000000  c.slli   x14, 2
#4115 0 80000292     9732 r 0e         f0040e90  c.add    x14, x12
#4116 0 80000294     c314 m f0040e90   00000040  c.sw     x13, 0x0(x14)
#4117 0 80000296 fcf044e3 r 00         00000000  blt      x0, x15, . - 0x38
#4118 0 8000025e fec42783 r 0f         f004002c  lw       x15, -0x14(x8)
#4119 0 80000262 00478713 r 0e         f0040030  addi     x14, x15, 0x4
#4120 0 80000266 fee42623 m f004102c   f0040030  sw       x14, -0x14(x8)
#4121 0 8000026a fe442683 r 0d         00000000  lw       x13, -0x1c(x8)
#4122 0 8000026e fcc42703 r 0e         00000000  lw       x14, -0x34(x8)
#4123 0 80000272     9736 r 0e         00000000  c.add    x14, x13
#4124 0 80000274     c398 m f004002c   00000000  c.sw     x14, 0x0(x15)
#4125 0 80000276 fd842703 r 0e         f0040e90  lw       x14, -0x28(x8)
#4126 0 8000027a fe442783 r 0f         00000000  lw       x15, -0x1c(x8)
#4127 0 8000027e     078a r 0f         00000000  c.slli   x15, 2
#4128 0 80000280     97ba r 0f         f0040e90  c.add    x15, x14
#4129 0 80000282     439c r 0f         00000040  c.lw     x15, 0x0(x15)
#4130 0 80000284 fff78693 r 0d         0000003f  addi     x13, x15, -0x1
#4131 0 80000288 fd842603 r 0c         f0040e90  lw       x12, -0x28(x8)
#4132 0 8000028c fe442703 r 0e         00000000  lw       x14, -0x1c(x8)
#4133 0 80000290     070a r 0e         00000000  c.slli   x14, 2
#4134 0 80000292     9732 r 0e         f0040e90  c.add    x14, x12
#4135 0 80000294     c314 m f0040e90   0000003f  c.sw     x13, 0x0(x14)
#4136 0 80000296 fcf044e3 r 00         00000000  blt      x0, x15, . - 0x38
#4137 0 8000025e fec42783 r 0f         f0040030  lw       x15, -0x14(x8)
#4138 0 80000262 00478713 r 0e         f0040034  addi     x14, x15, 0x4
#4139 0 80000266 fee42623 m f004102c   f0040034  sw       x14, -0x14(x8)
#4140 0 8000026a fe442683 r 0d         00000000  lw       x13, -0x1c(x8)
#4141 0 8000026e fcc42703 r 0e         00000000  lw       x14, -0x34(x8)
#4142 0 80000272     9736 r 0e         00000000  c.add    x14, x13
#4143 0 80000274     c398 m f0040030   00000000  c.sw     x14, 0x0(x15)
#4144 0 80000276 fd842703 r 0e         f0040e90  lw       x14, -0x28(x8)
#4145 0 8000027a fe442783 r 0f         00000000  lw       x15, -0x1c(x8)
#4146 0 8000027e     078a r 0f         00000000  c.slli   x15, 2
#4147 0 80000280     97ba r 0f         f0040e90  c.add    x15, x14
#4148 0 80000282     439c r 0f         0000003f  c.lw     x15, 0x0(x15)
#4149 0 80000284 fff78693 r 0d         0000003e  addi     x13, x15, -0x1
#4150 0 80000288 fd842603 r 0c         f0040e90  lw       x12, -0x28(x8)
#4151 0 8000028c fe442703 r 0e         00000000  lw       x14, -0x1c(x8)
#4152 0 80000290     070a r 0e         00000000  c.slli   x14, 2
#4153 0 80000292     9732 r 0e         f0040e90  c.add    x14, x12
#4154 0 80000294     c314 m f0040e90   0000003e  c.sw     x13, 0x0(x14)
#4155 0 80000296 fcf044e3 r 00         00000000  blt      x0, x15, . - 0x38
#4156 0 8000025e fec42783 r 0f         f0040034  lw       x15, -0x14(x8)
#4157 0 80000262 00478713 r 0e         f0040038  addi     x14, x15, 0x4
#4158 0 80000266 fee42623 m f004102c   f0040038  sw       x14, -0x14(x8)
#4159 0 8000026a fe442683 r 0d         00000000  lw       x13, -0x1c(x8)
#4160 0 8000026e fcc42703 r 0e         00000000  lw       x14, -0x34(x8)
#4161 0 80000272     9736 r 0e         00000000  c.add    x14, x13
#4162 0 80000274     c398 m f0040034   00000000  c.sw     x14, 0x0(x15)
#4163 0 80000276 fd842703 r 0e         f0040e90  lw       x14, -0x28(x8)
#4164 0 8000027a fe442783 r 0f         00000000  lw       x15, -0x1c(x8)
#4165 0 8000027e     078a r 0f         00000000  c.slli   x15, 2
#4166 0 80000280     97ba r 0f         f0040e90  c.add    x15, x14
#4167 0 80000282     439c r 0f         0000003e  c.lw     x15, 0x0(x15)
#4168 0 80000284 fff78693 r 0d         0000003d  addi     x13, x15, -0x1
#4169 0 80000288 fd842603 r 0c         f0040e90  lw       x12, -0x28(x8)
#4170 0 8000028c fe442703 r 0e         00000000  lw       x14, -0x1c(x8)
#4171 0 80000290     070a r 0e         00000000  c.slli   x14, 2
#4172 0 80000292     9732 r 0e         f0040e90  c.add    x14, x12
#4173 0 80000294     c314 m f0040e90   0000003d  c.sw     x13, 0x0(x14)
#4174 0 80000296 fcf044e3 r 00         00000000  blt      x0, x15, . - 0x38
#4175 0 8000025e fec42783 r 0f         f0040038  lw       x15, -0x14(x8)
#4176 0 80000262 00478713 r 0e         f004003c  addi     x14, x15, 0x4
#4177 0 80000266 fee42623 m f004102c   f004003c  sw       x14, -0x14(x8)
#4178 0 8000026a fe442683 r 0d         00000000  lw       x13, -0x1c(x8)
#4179 0 8000026e fcc42703 r 0e         00000000  lw       x14, -0x34(x8)
#4180 0 80000272     9736 r 0e         00000000  c.add    x14, x13
#4181 0 80000274     c398 m f0040038   00000000  c.sw     x14, 0x0(x15)
#4182 0 80000276 fd842703 r 0e         f0040e90  lw       x14, -0x28(x8)
#4183 0 8000027a fe442783 r 0f         00000000  lw       x15, -0x1c(x8)
#4184 0 8000027e     078a r 0f         00000000  c.slli   x15, 2
#4185 0 80000280     97ba r 0f         f0040e90  c.add    x15, x14
#4186 0 80000282     439c r 0f         0000003d  c.lw     x15, 0x0(x15)
#4187 0 80000284 fff78693 r 0d         0000003c  addi     x13, x15, -0x1
#4188 0 80000288 fd842603 r 0c         f0040e90  lw       x12, -0x28(x8)
#4189 0 8000028c fe442703 r 0e         00000000  lw       x14, -0x1c(x8)
#4190 0 80000290     070a r 0e         00000000  c.slli   x14, 2
#4191 0 80000292     9732 r 0e         f0040e90  c.add    x14, x12
#4192 0 80000294     c314 m f0040e90   0000003c  c.sw     x13, 0x0(x14)
#4193 0 80000296 fcf044e3 r 00         00000000  blt      x0, x15, . - 0x38
#4194 0 8000025e fec42783 r 0f         f004003c  lw       x15, -0x14(x8)
#4195 0 80000262 00478713 r 0e         f0040040  addi     x14, x15, 0x4
#4196 0 80000266 fee42623 m f004102c   f0040040  sw       x14, -0x14(x8)
#4197 0 8000026a fe442683 r 0d         00000000  lw       x13, -0x1c(x8)
#4198 0 8000026e fcc42703 r 0e         00000000  lw       x14, -0x34(x8)
#4199 0 80000272     9736 r 0e         00000000  c.add    x14, x13
#4200 0 80000274     c398 m f004003c   00000000  c.sw     x14, 0x0(x15)
#4201 0 80000276 fd842703 r 0e         f0040e90  lw       x14, -0x28(x8)
#4202 0 8000027a fe442783 r 0f         00000000  lw       x15, -0x1c(x8)
#4203 0 8000027e     078a r 0f         00000000  c.slli   x15, 2
#4204 0 80000280     97ba r 0f         f0040e90  c.add    x15, x14
#4205 0 80000282     439c r 0f         0000003c  c.lw     x15, 0x0(x15)
#4206 0 80000284 fff78693 r 0d         0000003b  addi     x13, x15, -0x1
#4207 0 80000288 fd842603 r 0c         f0040e90  lw       x12, -0x28(x8)
#4208 0 8000028c fe442703 r 0e         00000000  lw       x14, -0x1c(x8)
#4209 0 80000290     070a r 0e         00000000  c.slli   x14, 2
#4210 0 80000292     9732 r 0e         f0040e90  c.add    x14, x12
#4211 0 80000294     c314 m f0040e90   0000003b  c.sw     x13, 0x0(x14)
#4212 0 80000296 fcf044e3 r 00         00000000  blt      x0, x15, . - 0x38
#4213 0 8000025e fec42783 r 0f         f0040040  lw       x15, -0x14(x8)
#4214 0 80000262 00478713 r 0e         f0040044  addi     x14, x15, 0x4
#4215 0 80000266 fee42623 m f004102c   f0040044  sw       x14, -0x14(x8)
#4216 0 8000026a fe442683 r 0d         00000000  lw       x13, -0x1c(x8)
#4217 0 8000026e fcc42703 r 0e         00000000  lw       x14, -0x34(x8)
#4218 0 80000272     9736 r 0e         00000000  c.add    x14, x13
#4219 0 80000274     c398 m f0040040   00000000  c.sw     x14, 0x0(x15)
#4220 0 80000276 fd842703 r 0e         f0040e90  lw       x14, -0x28(x8)
#4221 0 8000027a fe442783 r 0f         00000000  lw       x15, -0x1c(x8)
#4222 0 8000027e     078a r 0f         00000000  c.slli   x15, 2
#4223 0 80000280     97ba r 0f         f0040e90  c.add    x15, x14
#4224 0 80000282     439c r 0f         0000003b  c.lw     x15, 0x0(x15)
#4225 0 80000284 fff78693 r 0d         0000003a  addi     x13, x15, -0x1
#4226 0 80000288 fd842603 r 0c         f0040e90  lw       x12, -0x28(x8)
#4227 0 8000028c fe442703 r 0e         00000000  lw       x14, -0x1c(x8)
#4228 0 80000290     070a r 0e         00000000  c.slli   x14, 2
#4229 0 80000292     9732 r 0e         f0040e90  c.add    x14, x12
#4230 0 80000294     c314 m f0040e90   0000003a  c.sw     x13, 0x0(x14)
#4231 0 80000296 fcf044e3 r 00         00000000  blt      x0, x15, . - 0x38
#4232 0 8000025e fec42783 r 0f         f0040044  lw       x15, -0x14(x8)
#4233 0 80000262 00478713 r 0e         f0040048  addi     x14, x15, 0x4
#4234 0 80000266 fee42623 m f004102c   f0040048  sw       x14, -0x14(x8)
#4235 0 8000026a fe442683 r 0d         00000000  lw       x13, -0x1c(x8)
#4236 0 8000026e fcc42703 r 0e         00000000  lw       x14, -0x34(x8)
#4237 0 80000272     9736 r 0e         00000000  c.add    x14, x13
#4238 0 80000274     c398 m f0040044   00000000  c.sw     x14, 0x0(x15)
#4239 0 80000276 fd842703 r 0e         f0040e90  lw       x14, -0x28(x8)
#4240 0 8000027a fe442783 r 0f         00000000  lw       x15, -0x1c(x8)
#4241 0 8000027e     078a r 0f         00000000  c.slli   x15, 2
#4242 0 80000280     97ba r 0f         f0040e90  c.add    x15, x14
#4243 0 80000282     439c r 0f         0000003a  c.lw     x15, 0x0(x15)
#4244 0 80000284 fff78693 r 0d         00000039  addi     x13, x15, -0x1
#4245 0 80000288 fd842603 r 0c         f0040e90  lw       x12, -0x28(x8)
#4246 0 8000028c fe442703 r 0e         00000000  lw       x14, -0x1c(x8)
#4247 0 80000290     070a r 0e         00000000  c.slli   x14, 2
#4248 0 80000292     9732 r 0e         f0040e90  c.add    x14, x12
#4249 0 80000294     c314 m f0040e90   00000039  c.sw     x13, 0x0(x14)
#4250 0 80000296 fcf044e3 r 00         00000000  blt      x0, x15, . - 0x38
#4251 0 8000025e fec42783 r 0f         f0040048  lw       x15, -0x14(x8)
#4252 0 80000262 00478713 r 0e         f004004c  addi     x14, x15, 0x4
#4253 0 80000266 fee42623 m f004102c   f004004c  sw       x14, -0x14(x8)
#4254 0 8000026a fe442683 r 0d         00000000  lw       x13, -0x1c(x8)
#4255 0 8000026e fcc42703 r 0e         00000000  lw       x14, -0x34(x8)
#4256 0 80000272     9736 r 0e         00000000  c.add    x14, x13
#4257 0 80000274     c398 m f0040048   00000000  c.sw     x14, 0x0(x15)
#4258 0 80000276 fd842703 r 0e         f0040e90  lw       x14, -0x28(x8)
#4259 0 8000027a fe442783 r 0f         00000000  lw       x15, -0x1c(x8)
#4260 0 8000027e     078a r 0f         00000000  c.slli   x15, 2
#4261 0 80000280     97ba r 0f         f0040e90  c.add    x15, x14
#4262 0 80000282     439c r 0f         00000039  c.lw     x15, 0x0(x15)
#4263 0 80000284 fff78693 r 0d         00000038  addi     x13, x15, -0x1
#4264 0 80000288 fd842603 r 0c         f0040e90  lw       x12, -0x28(x8)
#4265 0 8000028c fe442703 r 0e         00000000  lw       x14, -0x1c(x8)
#4266 0 80000290     070a r 0e         00000000  c.slli   x14, 2
#4267 0 80000292     9732 r 0e         f0040e90  c.add    x14, x12
#4268 0 80000294     c314 m f0040e90   00000038  c.sw     x13, 0x0(x14)
#4269 0 80000296 fcf044e3 r 00         00000000  blt      x0, x15, . - 0x38
#4270 0 8000025e fec42783 r 0f         f004004c  lw       x15, -0x14(x8)
#4271 0 80000262 00478713 r 0e         f0040050  addi     x14, x15, 0x4
#4272 0 80000266 fee42623 m f004102c   f0040050  sw       x14, -0x14(x8)
#4273 0 8000026a fe442683 r 0d         00000000  lw       x13, -0x1c(x8)
#4274 0 8000026e fcc42703 r 0e         00000000  lw       x14, -0x34(x8)
#4275 0 80000272     9736 r 0e         00000000  c.add    x14, x13
#4276 0 80000274     c398 m f004004c   00000000  c.sw     x14, 0x0(x15)
#4277 0 80000276 fd842703 r 0e         f0040e90  lw       x14, -0x28(x8)
#4278 0 8000027a fe442783 r 0f         00000000  lw       x15, -0x1c(x8)
#4279 0 8000027e     078a r 0f         00000000  c.slli   x15, 2
#4280 0 80000280     97ba r 0f         f0040e90  c.add    x15, x14
#4281 0 80000282     439c r 0f         00000038  c.lw     x15, 0x0(x15)
#4282 0 80000284 fff78693 r 0d         00000037  addi     x13, x15, -0x1
#4283 0 80000288 fd842603 r 0c         f0040e90  lw       x12, -0x28(x8)
#4284 0 8000028c fe442703 r 0e         00000000  lw       x14, -0x1c(x8)
#4285 0 80000290     070a r 0e         00000000  c.slli   x14, 2
#4286 0 80000292     9732 r 0e         f0040e90  c.add    x14, x12
#4287 0 80000294     c314 m f0040e90   00000037  c.sw     x13, 0x0(x14)
#4288 0 80000296 fcf044e3 r 00         00000000  blt      x0, x15, . - 0x38
#4289 0 8000025e fec42783 r 0f         f0040050  lw       x15, -0x14(x8)
#4290 0 80000262 00478713 r 0e         f0040054  addi     x14, x15, 0x4
#4291 0 80000266 fee42623 m f004102c   f0040054  sw       x14, -0x14(x8)
#4292 0 8000026a fe442683 r 0d         00000000  lw       x13, -0x1c(x8)
#4293 0 8000026e fcc42703 r 0e         00000000  lw       x14, -0x34(x8)
#4294 0 80000272     9736 r 0e         00000000  c.add    x14, x13
#4295 0 80000274     c398 m f0040050   00000000  c.sw     x14, 0x0(x15)
#4296 0 80000276 fd842703 r 0e         f0040e90  lw       x14, -0x28(x8)
#4297 0 8000027a fe442783 r 0f         00000000  lw       x15, -0x1c(x8)
#4298 0 8000027e     078a r 0f         00000000  c.slli   x15, 2
#4299 0 80000280     97ba r 0f         f0040e90  c.add    x15, x14
#4300 0 80000282     439c r 0f         00000037  c.lw     x15, 0x0(x15)
#4301 0 80000284 fff78693 r 0d         00000036  addi     x13, x15, -0x1
#4302 0 80000288 fd842603 r 0c         f0040e90  lw       x12, -0x28(x8)
#4303 0 8000028c fe442703 r 0e         00000000  lw       x14, -0x1c(x8)
#4304 0 80000290     070a r 0e         00000000  c.slli   x14, 2
#4305 0 80000292     9732 r 0e         f0040e90  c.add    x14, x12
#4306 0 80000294     c314 m f0040e90   00000036  c.sw     x13, 0x0(x14)
#4307 0 80000296 fcf044e3 r 00         00000000  blt      x0, x15, . - 0x38
#4308 0 8000025e fec42783 r 0f         f0040054  lw       x15, -0x14(x8)
#4309 0 80000262 00478713 r 0e         f0040058  addi     x14, x15, 0x4
#4310 0 80000266 fee42623 m f004102c   f0040058  sw       x14, -0x14(x8)
#4311 0 8000026a fe442683 r 0d         00000000  lw       x13, -0x1c(x8)
#4312 0 8000026e fcc42703 r 0e         00000000  lw       x14, -0x34(x8)
#4313 0 80000272     9736 r 0e         00000000  c.add    x14, x13
#4314 0 80000274     c398 m f0040054   00000000  c.sw     x14, 0x0(x15)
#4315 0 80000276 fd842703 r 0e         f0040e90  lw       x14, -0x28(x8)
#4316 0 8000027a fe442783 r 0f         00000000  lw       x15, -0x1c(x8)
#4317 0 8000027e     078a r 0f         00000000  c.slli   x15, 2
#4318 0 80000280     97ba r 0f         f0040e90  c.add    x15, x14
#4319 0 80000282     439c r 0f         00000036  c.lw     x15, 0x0(x15)
#4320 0 80000284 fff78693 r 0d         00000035  addi     x13, x15, -0x1
#4321 0 80000288 fd842603 r 0c         f0040e90  lw       x12, -0x28(x8)
#4322 0 8000028c fe442703 r 0e         00000000  lw       x14, -0x1c(x8)
#4323 0 80000290     070a r 0e         00000000  c.slli   x14, 2
#4324 0 80000292     9732 r 0e         f0040e90  c.add    x14, x12
#4325 0 80000294     c314 m f0040e90   00000035  c.sw     x13, 0x0(x14)
#4326 0 80000296 fcf044e3 r 00         00000000  blt      x0, x15, . - 0x38
#4327 0 8000025e fec42783 r 0f         f0040058  lw       x15, -0x14(x8)
#4328 0 80000262 00478713 r 0e         f004005c  addi     x14, x15, 0x4
#4329 0 80000266 fee42623 m f004102c   f004005c  sw       x14, -0x14(x8)
#4330 0 8000026a fe442683 r 0d         00000000  lw       x13, -0x1c(x8)
#4331 0 8000026e fcc42703 r 0e         00000000  lw       x14, -0x34(x8)
#4332 0 80000272     9736 r 0e         00000000  c.add    x14, x13
#4333 0 80000274     c398 m f0040058   00000000  c.sw     x14, 0x0(x15)
#4334 0 80000276 fd842703 r 0e         f0040e90  lw       x14, -0x28(x8)
#4335 0 8000027a fe442783 r 0f         00000000  lw       x15, -0x1c(x8)
#4336 0 8000027e     078a r 0f         00000000  c.slli   x15, 2
#4337 0 80000280     97ba r 0f         f0040e90  c.add    x15, x14
#4338 0 80000282     439c r 0f         00000035  c.lw     x15, 0x0(x15)
#4339 0 80000284 fff78693 r 0d         00000034  addi     x13, x15, -0x1
#4340 0 80000288 fd842603 r 0c         f0040e90  lw       x12, -0x28(x8)
#4341 0 8000028c fe442703 r 0e         00000000  lw       x14, -0x1c(x8)
#4342 0 80000290     070a r 0e         00000000  c.slli   x14, 2
#4343 0 80000292     9732 r 0e         f0040e90  c.add    x14, x12
#4344 0 80000294     c314 m f0040e90   00000034  c.sw     x13, 0x0(x14)
#4345 0 80000296 fcf044e3 r 00         00000000  blt      x0, x15, . - 0x38
#4346 0 8000025e fec42783 r 0f         f004005c  lw       x15, -0x14(x8)
#4347 0 80000262 00478713 r 0e         f0040060  addi     x14, x15, 0x4
#4348 0 80000266 fee42623 m f004102c   f0040060  sw       x14, -0x14(x8)
#4349 0 8000026a fe442683 r 0d         00000000  lw       x13, -0x1c(x8)
#4350 0 8000026e fcc42703 r 0e         00000000  lw       x14, -0x34(x8)
#4351 0 80000272     9736 r 0e         00000000  c.add    x14, x13
#4352 0 80000274     c398 m f004005c   00000000  c.sw     x14, 0x0(x15)
#4353 0 80000276 fd842703 r 0e         f0040e90  lw       x14, -0x28(x8)
#4354 0 8000027a fe442783 r 0f         00000000  lw       x15, -0x1c(x8)
#4355 0 8000027e     078a r 0f         00000000  c.slli   x15, 2
#4356 0 80000280     97ba r 0f         f0040e90  c.add    x15, x14
#4357 0 80000282     439c r 0f         00000034  c.lw     x15, 0x0(x15)
#4358 0 80000284 fff78693 r 0d         00000033  addi     x13, x15, -0x1
#4359 0 80000288 fd842603 r 0c         f0040e90  lw       x12, -0x28(x8)
#4360 0 8000028c fe442703 r 0e         00000000  lw       x14, -0x1c(x8)
#4361 0 80000290     070a r 0e         00000000  c.slli   x14, 2
#4362 0 80000292     9732 r 0e         f0040e90  c.add    x14, x12
#4363 0 80000294     c314 m f0040e90   00000033  c.sw     x13, 0x0(x14)
#4364 0 80000296 fcf044e3 r 00         00000000  blt      x0, x15, . - 0x38
#4365 0 8000025e fec42783 r 0f         f0040060  lw       x15, -0x14(x8)
#4366 0 80000262 00478713 r 0e         f0040064  addi     x14, x15, 0x4
#4367 0 80000266 fee42623 m f004102c   f0040064  sw       x14, -0x14(x8)
#4368 0 8000026a fe442683 r 0d         00000000  lw       x13, -0x1c(x8)
#4369 0 8000026e fcc42703 r 0e         00000000  lw       x14, -0x34(x8)
#4370 0 80000272     9736 r 0e         00000000  c.add    x14, x13
#4371 0 80000274     c398 m f0040060   00000000  c.sw     x14, 0x0(x15)
#4372 0 80000276 fd842703 r 0e         f0040e90  lw       x14, -0x28(x8)
#4373 0 8000027a fe442783 r 0f         00000000  lw       x15, -0x1c(x8)
#4374 0 8000027e     078a r 0f         00000000  c.slli   x15, 2
#4375 0 80000280     97ba r 0f         f0040e90  c.add    x15, x14
#4376 0 80000282     439c r 0f         00000033  c.lw     x15, 0x0(x15)
#4377 0 80000284 fff78693 r 0d         00000032  addi     x13, x15, -0x1
#4378 0 80000288 fd842603 r 0c         f0040e90  lw       x12, -0x28(x8)
#4379 0 8000028c fe442703 r 0e         00000000  lw       x14, -0x1c(x8)
#4380 0 80000290     070a r 0e         00000000  c.slli   x14, 2
#4381 0 80000292     9732 r 0e         f0040e90  c.add    x14, x12
#4382 0 80000294     c314 m f0040e90   00000032  c.sw     x13, 0x0(x14)
#4383 0 80000296 fcf044e3 r 00         00000000  blt      x0, x15, . - 0x38
#4384 0 8000025e fec42783 r 0f         f0040064  lw       x15, -0x14(x8)
#4385 0 80000262 00478713 r 0e         f0040068  addi     x14, x15, 0x4
#4386 0 80000266 fee42623 m f004102c   f0040068  sw       x14, -0x14(x8)
#4387 0 8000026a fe442683 r 0d         00000000  lw       x13, -0x1c(x8)
#4388 0 8000026e fcc42703 r 0e         00000000  lw       x14, -0x34(x8)
#4389 0 80000272     9736 r 0e         00000000  c.add    x14, x13
#4390 0 80000274     c398 m f0040064   00000000  c.sw     x14, 0x0(x15)
#4391 0 80000276 fd842703 r 0e         f0040e90  lw       x14, -0x28(x8)
#4392 0 8000027a fe442783 r 0f         00000000  lw       x15, -0x1c(x8)
#4393 0 8000027e     078a r 0f         00000000  c.slli   x15, 2
#4394 0 80000280     97ba r 0f         f0040e90  c.add    x15, x14
#4395 0 80000282     439c r 0f         00000032  c.lw     x15, 0x0(x15)
#4396 0 80000284 fff78693 r 0d         00000031  addi     x13, x15, -0x1
#4397 0 80000288 fd842603 r 0c         f0040e90  lw       x12, -0x28(x8)
#4398 0 8000028c fe442703 r 0e         00000000  lw       x14, -0x1c(x8)
#4399 0 80000290     070a r 0e         00000000  c.slli   x14, 2
#4400 0 80000292     9732 r 0e         f0040e90  c.add    x14, x12
#4401 0 80000294     c314 m f0040e90   00000031  c.sw     x13, 0x0(x14)
#4402 0 80000296 fcf044e3 r 00         00000000  blt      x0, x15, . - 0x38
#4403 0 8000025e fec42783 r 0f         f0040068  lw       x15, -0x14(x8)
#4404 0 80000262 00478713 r 0e         f004006c  addi     x14, x15, 0x4
#4405 0 80000266 fee42623 m f004102c   f004006c  sw       x14, -0x14(x8)
#4406 0 8000026a fe442683 r 0d         00000000  lw       x13, -0x1c(x8)
#4407 0 8000026e fcc42703 r 0e         00000000  lw       x14, -0x34(x8)
#4408 0 80000272     9736 r 0e         00000000  c.add    x14, x13
#4409 0 80000274     c398 m f0040068   00000000  c.sw     x14, 0x0(x15)
#4410 0 80000276 fd842703 r 0e         f0040e90  lw       x14, -0x28(x8)
#4411 0 8000027a fe442783 r 0f         00000000  lw       x15, -0x1c(x8)
#4412 0 8000027e     078a r 0f         00000000  c.slli   x15, 2
#4413 0 80000280     97ba r 0f         f0040e90  c.add    x15, x14
#4414 0 80000282     439c r 0f         00000031  c.lw     x15, 0x0(x15)
#4415 0 80000284 fff78693 r 0d         00000030  addi     x13, x15, -0x1
#4416 0 80000288 fd842603 r 0c         f0040e90  lw       x12, -0x28(x8)
#4417 0 8000028c fe442703 r 0e         00000000  lw       x14, -0x1c(x8)
#4418 0 80000290     070a r 0e         00000000  c.slli   x14, 2
#4419 0 80000292     9732 r 0e         f0040e90  c.add    x14, x12
#4420 0 80000294     c314 m f0040e90   00000030  c.sw     x13, 0x0(x14)
#4421 0 80000296 fcf044e3 r 00         00000000  blt      x0, x15, . - 0x38
#4422 0 8000025e fec42783 r 0f         f004006c  lw       x15, -0x14(x8)
#4423 0 80000262 00478713 r 0e         f0040070  addi     x14, x15, 0x4
#4424 0 80000266 fee42623 m f004102c   f0040070  sw       x14, -0x14(x8)
#4425 0 8000026a fe442683 r 0d         00000000  lw       x13, -0x1c(x8)
#4426 0 8000026e fcc42703 r 0e         00000000  lw       x14, -0x34(x8)
#4427 0 80000272     9736 r 0e         00000000  c.add    x14, x13
#4428 0 80000274     c398 m f004006c   00000000  c.sw     x14, 0x0(x15)
#4429 0 80000276 fd842703 r 0e         f0040e90  lw       x14, -0x28(x8)
#4430 0 8000027a fe442783 r 0f         00000000  lw       x15, -0x1c(x8)
#4431 0 8000027e     078a r 0f         00000000  c.slli   x15, 2
#4432 0 80000280     97ba r 0f         f0040e90  c.add    x15, x14
#4433 0 80000282     439c r 0f         00000030  c.lw     x15, 0x0(x15)
#4434 0 80000284 fff78693 r 0d         0000002f  addi     x13, x15, -0x1
#4435 0 80000288 fd842603 r 0c         f0040e90  lw       x12, -0x28(x8)
#4436 0 8000028c fe442703 r 0e         00000000  lw       x14, -0x1c(x8)
#4437 0 80000290     070a r 0e         00000000  c.slli   x14, 2
#4438 0 80000292     9732 r 0e         f0040e90  c.add    x14, x12
#4439 0 80000294     c314 m f0040e90   0000002f  c.sw     x13, 0x0(x14)
#4440 0 80000296 fcf044e3 r 00         00000000  blt      x0, x15, . - 0x38
#4441 0 8000025e fec42783 r 0f         f0040070  lw       x15, -0x14(x8)
#4442 0 80000262 00478713 r 0e         f0040074  addi     x14, x15, 0x4
#4443 0 80000266 fee42623 m f004102c   f0040074  sw       x14, -0x14(x8)
#4444 0 8000026a fe442683 r 0d         00000000  lw       x13, -0x1c(x8)
#4445 0 8000026e fcc42703 r 0e         00000000  lw       x14, -0x34(x8)
#4446 0 80000272     9736 r 0e         00000000  c.add    x14, x13
#4447 0 80000274     c398 m f0040070   00000000  c.sw     x14, 0x0(x15)
#4448 0 80000276 fd842703 r 0e         f0040e90  lw       x14, -0x28(x8)
#4449 0 8000027a fe442783 r 0f         00000000  lw       x15, -0x1c(x8)
#4450 0 8000027e     078a r 0f         00000000  c.slli   x15, 2
#4451 0 80000280     97ba r 0f         f0040e90  c.add    x15, x14
#4452 0 80000282     439c r 0f         0000002f  c.lw     x15, 0x0(x15)
#4453 0 80000284 fff78693 r 0d         0000002e  addi     x13, x15, -0x1
#4454 0 80000288 fd842603 r 0c         f0040e90  lw       x12, -0x28(x8)
#4455 0 8000028c fe442703 r 0e         00000000  lw       x14, -0x1c(x8)
#4456 0 80000290     070a r 0e         00000000  c.slli   x14, 2
#4457 0 80000292     9732 r 0e         f0040e90  c.add    x14, x12
#4458 0 80000294     c314 m f0040e90   0000002e  c.sw     x13, 0x0(x14)
#4459 0 80000296 fcf044e3 r 00         00000000  blt      x0, x15, . - 0x38
#4460 0 8000025e fec42783 r 0f         f0040074  lw       x15, -0x14(x8)
#4461 0 80000262 00478713 r 0e         f0040078  addi     x14, x15, 0x4
#4462 0 80000266 fee42623 m f004102c   f0040078  sw       x14, -0x14(x8)
#4463 0 8000026a fe442683 r 0d         00000000  lw       x13, -0x1c(x8)
#4464 0 8000026e fcc42703 r 0e         00000000  lw       x14, -0x34(x8)
#4465 0 80000272     9736 r 0e         00000000  c.add    x14, x13
#4466 0 80000274     c398 m f0040074   00000000  c.sw     x14, 0x0(x15)
#4467 0 80000276 fd842703 r 0e         f0040e90  lw       x14, -0x28(x8)
#4468 0 8000027a fe442783 r 0f         00000000  lw       x15, -0x1c(x8)
#4469 0 8000027e     078a r 0f         00000000  c.slli   x15, 2
#4470 0 80000280     97ba r 0f         f0040e90  c.add    x15, x14
#4471 0 80000282     439c r 0f         0000002e  c.lw     x15, 0x0(x15)
#4472 0 80000284 fff78693 r 0d         0000002d  addi     x13, x15, -0x1
#4473 0 80000288 fd842603 r 0c         f0040e90  lw       x12, -0x28(x8)
#4474 0 8000028c fe442703 r 0e         00000000  lw       x14, -0x1c(x8)
#4475 0 80000290     070a r 0e         00000000  c.slli   x14, 2
#4476 0 80000292     9732 r 0e         f0040e90  c.add    x14, x12
#4477 0 80000294     c314 m f0040e90   0000002d  c.sw     x13, 0x0(x14)
#4478 0 80000296 fcf044e3 r 00         00000000  blt      x0, x15, . - 0x38
#4479 0 8000025e fec42783 r 0f         f0040078  lw       x15, -0x14(x8)
#4480 0 80000262 00478713 r 0e         f004007c  addi     x14, x15, 0x4
#4481 0 80000266 fee42623 m f004102c   f004007c  sw       x14, -0x14(x8)
#4482 0 8000026a fe442683 r 0d         00000000  lw       x13, -0x1c(x8)
#4483 0 8000026e fcc42703 r 0e         00000000  lw       x14, -0x34(x8)
#4484 0 80000272     9736 r 0e         00000000  c.add    x14, x13
#4485 0 80000274     c398 m f0040078   00000000  c.sw     x14, 0x0(x15)
#4486 0 80000276 fd842703 r 0e         f0040e90  lw       x14, -0x28(x8)
#4487 0 8000027a fe442783 r 0f         00000000  lw       x15, -0x1c(x8)
#4488 0 8000027e     078a r 0f         00000000  c.slli   x15, 2
#4489 0 80000280     97ba r 0f         f0040e90  c.add    x15, x14
#4490 0 80000282     439c r 0f         0000002d  c.lw     x15, 0x0(x15)
#4491 0 80000284 fff78693 r 0d         0000002c  addi     x13, x15, -0x1
#4492 0 80000288 fd842603 r 0c         f0040e90  lw       x12, -0x28(x8)
#4493 0 8000028c fe442703 r 0e         00000000  lw       x14, -0x1c(x8)
#4494 0 80000290     070a r 0e         00000000  c.slli   x14, 2
#4495 0 80000292     9732 r 0e         f0040e90  c.add    x14, x12
#4496 0 80000294     c314 m f0040e90   0000002c  c.sw     x13, 0x0(x14)
#4497 0 80000296 fcf044e3 r 00         00000000  blt      x0, x15, . - 0x38
#4498 0 8000025e fec42783 r 0f         f004007c  lw       x15, -0x14(x8)
#4499 0 80000262 00478713 r 0e         f0040080  addi     x14, x15, 0x4
#4500 0 80000266 fee42623 m f004102c   f0040080  sw       x14, -0x14(x8)
#4501 0 8000026a fe442683 r 0d         00000000  lw       x13, -0x1c(x8)
#4502 0 8000026e fcc42703 r 0e         00000000  lw       x14, -0x34(x8)
#4503 0 80000272     9736 r 0e         00000000  c.add    x14, x13
#4504 0 80000274     c398 m f004007c   00000000  c.sw     x14, 0x0(x15)
#4505 0 80000276 fd842703 r 0e         f0040e90  lw       x14, -0x28(x8)
#4506 0 8000027a fe442783 r 0f         00000000  lw       x15, -0x1c(x8)
#4507 0 8000027e     078a r 0f         00000000  c.slli   x15, 2
#4508 0 80000280     97ba r 0f         f0040e90  c.add    x15, x14
#4509 0 80000282     439c r 0f         0000002c  c.lw     x15, 0x0(x15)
#4510 0 80000284 fff78693 r 0d         0000002b  addi     x13, x15, -0x1
#4511 0 80000288 fd842603 r 0c         f0040e90  lw       x12, -0x28(x8)
#4512 0 8000028c fe442703 r 0e         00000000  lw       x14, -0x1c(x8)
#4513 0 80000290     070a r 0e         00000000  c.slli   x14, 2
#4514 0 80000292     9732 r 0e         f0040e90  c.add    x14, x12
#4515 0 80000294     c314 m f0040e90   0000002b  c.sw     x13, 0x0(x14)
#4516 0 80000296 fcf044e3 r 00         00000000  blt      x0, x15, . - 0x38
#4517 0 8000025e fec42783 r 0f         f0040080  lw       x15, -0x14(x8)
#4518 0 80000262 00478713 r 0e         f0040084  addi     x14, x15, 0x4
#4519 0 80000266 fee42623 m f004102c   f0040084  sw       x14, -0x14(x8)
#4520 0 8000026a fe442683 r 0d         00000000  lw       x13, -0x1c(x8)
#4521 0 8000026e fcc42703 r 0e         00000000  lw       x14, -0x34(x8)
#4522 0 80000272     9736 r 0e         00000000  c.add    x14, x13
#4523 0 80000274     c398 m f0040080   00000000  c.sw     x14, 0x0(x15)
#4524 0 80000276 fd842703 r 0e         f0040e90  lw       x14, -0x28(x8)
#4525 0 8000027a fe442783 r 0f         00000000  lw       x15, -0x1c(x8)
#4526 0 8000027e     078a r 0f         00000000  c.slli   x15, 2
#4527 0 80000280     97ba r 0f         f0040e90  c.add    x15, x14
#4528 0 80000282     439c r 0f         0000002b  c.lw     x15, 0x0(x15)
#4529 0 80000284 fff78693 r 0d         0000002a  addi     x13, x15, -0x1
#4530 0 80000288 fd842603 r 0c         f0040e90  lw       x12, -0x28(x8)
#4531 0 8000028c fe442703 r 0e         00000000  lw       x14, -0x1c(x8)
#4532 0 80000290     070a r 0e         00000000  c.slli   x14, 2
#4533 0 80000292     9732 r 0e         f0040e90  c.add    x14, x12
#4534 0 80000294     c314 m f0040e90   0000002a  c.sw     x13, 0x0(x14)
#4535 0 80000296 fcf044e3 r 00         00000000  blt      x0, x15, . - 0x38
#4536 0 8000025e fec42783 r 0f         f0040084  lw       x15, -0x14(x8)
#4537 0 80000262 00478713 r 0e         f0040088  addi     x14, x15, 0x4
#4538 0 80000266 fee42623 m f004102c   f0040088  sw       x14, -0x14(x8)
#4539 0 8000026a fe442683 r 0d         00000000  lw       x13, -0x1c(x8)
#4540 0 8000026e fcc42703 r 0e         00000000  lw       x14, -0x34(x8)
#4541 0 80000272     9736 r 0e         00000000  c.add    x14, x13
#4542 0 80000274     c398 m f0040084   00000000  c.sw     x14, 0x0(x15)
#4543 0 80000276 fd842703 r 0e         f0040e90  lw       x14, -0x28(x8)
#4544 0 8000027a fe442783 r 0f         00000000  lw       x15, -0x1c(x8)
#4545 0 8000027e     078a r 0f         00000000  c.slli   x15, 2
#4546 0 80000280     97ba r 0f         f0040e90  c.add    x15, x14
#4547 0 80000282     439c r 0f         0000002a  c.lw     x15, 0x0(x15)
#4548 0 80000284 fff78693 r 0d         00000029  addi     x13, x15, -0x1
#4549 0 80000288 fd842603 r 0c         f0040e90  lw       x12, -0x28(x8)
#4550 0 8000028c fe442703 r 0e         00000000  lw       x14, -0x1c(x8)
#4551 0 80000290     070a r 0e         00000000  c.slli   x14, 2
#4552 0 80000292     9732 r 0e         f0040e90  c.add    x14, x12
#4553 0 80000294     c314 m f0040e90   00000029  c.sw     x13, 0x0(x14)
#4554 0 80000296 fcf044e3 r 00         00000000  blt      x0, x15, . - 0x38
#4555 0 8000025e fec42783 r 0f         f0040088  lw       x15, -0x14(x8)
#4556 0 80000262 00478713 r 0e         f004008c  addi     x14, x15, 0x4
#4557 0 80000266 fee42623 m f004102c   f004008c  sw       x14, -0x14(x8)
#4558 0 8000026a fe442683 r 0d         00000000  lw       x13, -0x1c(x8)
#4559 0 8000026e fcc42703 r 0e         00000000  lw       x14, -0x34(x8)
#4560 0 80000272     9736 r 0e         00000000  c.add    x14, x13
#4561 0 80000274     c398 m f0040088   00000000  c.sw     x14, 0x0(x15)
#4562 0 80000276 fd842703 r 0e         f0040e90  lw       x14, -0x28(x8)
#4563 0 8000027a fe442783 r 0f         00000000  lw       x15, -0x1c(x8)
#4564 0 8000027e     078a r 0f         00000000  c.slli   x15, 2
#4565 0 80000280     97ba r 0f         f0040e90  c.add    x15, x14
#4566 0 80000282     439c r 0f         00000029  c.lw     x15, 0x0(x15)
#4567 0 80000284 fff78693 r 0d         00000028  addi     x13, x15, -0x1
#4568 0 80000288 fd842603 r 0c         f0040e90  lw       x12, -0x28(x8)
#4569 0 8000028c fe442703 r 0e         00000000  lw       x14, -0x1c(x8)
#4570 0 80000290     070a r 0e         00000000  c.slli   x14, 2
#4571 0 80000292     9732 r 0e         f0040e90  c.add    x14, x12
#4572 0 80000294     c314 m f0040e90   00000028  c.sw     x13, 0x0(x14)
#4573 0 80000296 fcf044e3 r 00         00000000  blt      x0, x15, . - 0x38
#4574 0 8000025e fec42783 r 0f         f004008c  lw       x15, -0x14(x8)
#4575 0 80000262 00478713 r 0e         f0040090  addi     x14, x15, 0x4
#4576 0 80000266 fee42623 m f004102c   f0040090  sw       x14, -0x14(x8)
#4577 0 8000026a fe442683 r 0d         00000000  lw       x13, -0x1c(x8)
#4578 0 8000026e fcc42703 r 0e         00000000  lw       x14, -0x34(x8)
#4579 0 80000272     9736 r 0e         00000000  c.add    x14, x13
#4580 0 80000274     c398 m f004008c   00000000  c.sw     x14, 0x0(x15)
#4581 0 80000276 fd842703 r 0e         f0040e90  lw       x14, -0x28(x8)
#4582 0 8000027a fe442783 r 0f         00000000  lw       x15, -0x1c(x8)
#4583 0 8000027e     078a r 0f         00000000  c.slli   x15, 2
#4584 0 80000280     97ba r 0f         f0040e90  c.add    x15, x14
#4585 0 80000282     439c r 0f         00000028  c.lw     x15, 0x0(x15)
#4586 0 80000284 fff78693 r 0d         00000027  addi     x13, x15, -0x1
#4587 0 80000288 fd842603 r 0c         f0040e90  lw       x12, -0x28(x8)
#4588 0 8000028c fe442703 r 0e         00000000  lw       x14, -0x1c(x8)
#4589 0 80000290     070a r 0e         00000000  c.slli   x14, 2
#4590 0 80000292     9732 r 0e         f0040e90  c.add    x14, x12
#4591 0 80000294     c314 m f0040e90   00000027  c.sw     x13, 0x0(x14)
#4592 0 80000296 fcf044e3 r 00         00000000  blt      x0, x15, . - 0x38
#4593 0 8000025e fec42783 r 0f         f0040090  lw       x15, -0x14(x8)
#4594 0 80000262 00478713 r 0e         f0040094  addi     x14, x15, 0x4
#4595 0 80000266 fee42623 m f004102c   f0040094  sw       x14, -0x14(x8)
#4596 0 8000026a fe442683 r 0d         00000000  lw       x13, -0x1c(x8)
#4597 0 8000026e fcc42703 r 0e         00000000  lw       x14, -0x34(x8)
#4598 0 80000272     9736 r 0e         00000000  c.add    x14, x13
#4599 0 80000274     c398 m f0040090   00000000  c.sw     x14, 0x0(x15)
#4600 0 80000276 fd842703 r 0e         f0040e90  lw       x14, -0x28(x8)
#4601 0 8000027a fe442783 r 0f         00000000  lw       x15, -0x1c(x8)
#4602 0 8000027e     078a r 0f         00000000  c.slli   x15, 2
#4603 0 80000280     97ba r 0f         f0040e90  c.add    x15, x14
#4604 0 80000282     439c r 0f         00000027  c.lw     x15, 0x0(x15)
#4605 0 80000284 fff78693 r 0d         00000026  addi     x13, x15, -0x1
#4606 0 80000288 fd842603 r 0c         f0040e90  lw       x12, -0x28(x8)
#4607 0 8000028c fe442703 r 0e         00000000  lw       x14, -0x1c(x8)
#4608 0 80000290     070a r 0e         00000000  c.slli   x14, 2
#4609 0 80000292     9732 r 0e         f0040e90  c.add    x14, x12
#4610 0 80000294     c314 m f0040e90   00000026  c.sw     x13, 0x0(x14)
#4611 0 80000296 fcf044e3 r 00         00000000  blt      x0, x15, . - 0x38
#4612 0 8000025e fec42783 r 0f         f0040094  lw       x15, -0x14(x8)
#4613 0 80000262 00478713 r 0e         f0040098  addi     x14, x15, 0x4
#4614 0 80000266 fee42623 m f004102c   f0040098  sw       x14, -0x14(x8)
#4615 0 8000026a fe442683 r 0d         00000000  lw       x13, -0x1c(x8)
#4616 0 8000026e fcc42703 r 0e         00000000  lw       x14, -0x34(x8)
#4617 0 80000272     9736 r 0e         00000000  c.add    x14, x13
#4618 0 80000274     c398 m f0040094   00000000  c.sw     x14, 0x0(x15)
#4619 0 80000276 fd842703 r 0e         f0040e90  lw       x14, -0x28(x8)
#4620 0 8000027a fe442783 r 0f         00000000  lw       x15, -0x1c(x8)
#4621 0 8000027e     078a r 0f         00000000  c.slli   x15, 2
#4622 0 80000280     97ba r 0f         f0040e90  c.add    x15, x14
#4623 0 80000282     439c r 0f         00000026  c.lw     x15, 0x0(x15)
#4624 0 80000284 fff78693 r 0d         00000025  addi     x13, x15, -0x1
#4625 0 80000288 fd842603 r 0c         f0040e90  lw       x12, -0x28(x8)
#4626 0 8000028c fe442703 r 0e         00000000  lw       x14, -0x1c(x8)
#4627 0 80000290     070a r 0e         00000000  c.slli   x14, 2
#4628 0 80000292     9732 r 0e         f0040e90  c.add    x14, x12
#4629 0 80000294     c314 m f0040e90   00000025  c.sw     x13, 0x0(x14)
#4630 0 80000296 fcf044e3 r 00         00000000  blt      x0, x15, . - 0x38
#4631 0 8000025e fec42783 r 0f         f0040098  lw       x15, -0x14(x8)
#4632 0 80000262 00478713 r 0e         f004009c  addi     x14, x15, 0x4
#4633 0 80000266 fee42623 m f004102c   f004009c  sw       x14, -0x14(x8)
#4634 0 8000026a fe442683 r 0d         00000000  lw       x13, -0x1c(x8)
#4635 0 8000026e fcc42703 r 0e         00000000  lw       x14, -0x34(x8)
#4636 0 80000272     9736 r 0e         00000000  c.add    x14, x13
#4637 0 80000274     c398 m f0040098   00000000  c.sw     x14, 0x0(x15)
#4638 0 80000276 fd842703 r 0e         f0040e90  lw       x14, -0x28(x8)
#4639 0 8000027a fe442783 r 0f         00000000  lw       x15, -0x1c(x8)
#4640 0 8000027e     078a r 0f         00000000  c.slli   x15, 2
#4641 0 80000280     97ba r 0f         f0040e90  c.add    x15, x14
#4642 0 80000282     439c r 0f         00000025  c.lw     x15, 0x0(x15)
#4643 0 80000284 fff78693 r 0d         00000024  addi     x13, x15, -0x1
#4644 0 80000288 fd842603 r 0c         f0040e90  lw       x12, -0x28(x8)
#4645 0 8000028c fe442703 r 0e         00000000  lw       x14, -0x1c(x8)
#4646 0 80000290     070a r 0e         00000000  c.slli   x14, 2
#4647 0 80000292     9732 r 0e         f0040e90  c.add    x14, x12
#4648 0 80000294     c314 m f0040e90   00000024  c.sw     x13, 0x0(x14)
#4649 0 80000296 fcf044e3 r 00         00000000  blt      x0, x15, . - 0x38
#4650 0 8000025e fec42783 r 0f         f004009c  lw       x15, -0x14(x8)
#4651 0 80000262 00478713 r 0e         f00400a0  addi     x14, x15, 0x4
#4652 0 80000266 fee42623 m f004102c   f00400a0  sw       x14, -0x14(x8)
#4653 0 8000026a fe442683 r 0d         00000000  lw       x13, -0x1c(x8)
#4654 0 8000026e fcc42703 r 0e         00000000  lw       x14, -0x34(x8)
#4655 0 80000272     9736 r 0e         00000000  c.add    x14, x13
#4656 0 80000274     c398 m f004009c   00000000  c.sw     x14, 0x0(x15)
#4657 0 80000276 fd842703 r 0e         f0040e90  lw       x14, -0x28(x8)
#4658 0 8000027a fe442783 r 0f         00000000  lw       x15, -0x1c(x8)
#4659 0 8000027e     078a r 0f         00000000  c.slli   x15, 2
#4660 0 80000280     97ba r 0f         f0040e90  c.add    x15, x14
#4661 0 80000282     439c r 0f         00000024  c.lw     x15, 0x0(x15)
#4662 0 80000284 fff78693 r 0d         00000023  addi     x13, x15, -0x1
#4663 0 80000288 fd842603 r 0c         f0040e90  lw       x12, -0x28(x8)
#4664 0 8000028c fe442703 r 0e         00000000  lw       x14, -0x1c(x8)
#4665 0 80000290     070a r 0e         00000000  c.slli   x14, 2
#4666 0 80000292     9732 r 0e         f0040e90  c.add    x14, x12
#4667 0 80000294     c314 m f0040e90   00000023  c.sw     x13, 0x0(x14)
#4668 0 80000296 fcf044e3 r 00         00000000  blt      x0, x15, . - 0x38
#4669 0 8000025e fec42783 r 0f         f00400a0  lw       x15, -0x14(x8)
#4670 0 80000262 00478713 r 0e         f00400a4  addi     x14, x15, 0x4
#4671 0 80000266 fee42623 m f004102c   f00400a4  sw       x14, -0x14(x8)
#4672 0 8000026a fe442683 r 0d         00000000  lw       x13, -0x1c(x8)
#4673 0 8000026e fcc42703 r 0e         00000000  lw       x14, -0x34(x8)
#4674 0 80000272     9736 r 0e         00000000  c.add    x14, x13
#4675 0 80000274     c398 m f00400a0   00000000  c.sw     x14, 0x0(x15)
#4676 0 80000276 fd842703 r 0e         f0040e90  lw       x14, -0x28(x8)
#4677 0 8000027a fe442783 r 0f         00000000  lw       x15, -0x1c(x8)
#4678 0 8000027e     078a r 0f         00000000  c.slli   x15, 2
#4679 0 80000280     97ba r 0f         f0040e90  c.add    x15, x14
#4680 0 80000282     439c r 0f         00000023  c.lw     x15, 0x0(x15)
#4681 0 80000284 fff78693 r 0d         00000022  addi     x13, x15, -0x1
#4682 0 80000288 fd842603 r 0c         f0040e90  lw       x12, -0x28(x8)
#4683 0 8000028c fe442703 r 0e         00000000  lw       x14, -0x1c(x8)
#4684 0 80000290     070a r 0e         00000000  c.slli   x14, 2
#4685 0 80000292     9732 r 0e         f0040e90  c.add    x14, x12
#4686 0 80000294     c314 m f0040e90   00000022  c.sw     x13, 0x0(x14)
#4687 0 80000296 fcf044e3 r 00         00000000  blt      x0, x15, . - 0x38
#4688 0 8000025e fec42783 r 0f         f00400a4  lw       x15, -0x14(x8)
#4689 0 80000262 00478713 r 0e         f00400a8  addi     x14, x15, 0x4
#4690 0 80000266 fee42623 m f004102c   f00400a8  sw       x14, -0x14(x8)
#4691 0 8000026a fe442683 r 0d         00000000  lw       x13, -0x1c(x8)
#4692 0 8000026e fcc42703 r 0e         00000000  lw       x14, -0x34(x8)
#4693 0 80000272     9736 r 0e         00000000  c.add    x14, x13
#4694 0 80000274     c398 m f00400a4   00000000  c.sw     x14, 0x0(x15)
#4695 0 80000276 fd842703 r 0e         f0040e90  lw       x14, -0x28(x8)
#4696 0 8000027a fe442783 r 0f         00000000  lw       x15, -0x1c(x8)
#4697 0 8000027e     078a r 0f         00000000  c.slli   x15, 2
#4698 0 80000280     97ba r 0f         f0040e90  c.add    x15, x14
#4699 0 80000282     439c r 0f         00000022  c.lw     x15, 0x0(x15)
#4700 0 80000284 fff78693 r 0d         00000021  addi     x13, x15, -0x1
#4701 0 80000288 fd842603 r 0c         f0040e90  lw       x12, -0x28(x8)
#4702 0 8000028c fe442703 r 0e         00000000  lw       x14, -0x1c(x8)
#4703 0 80000290     070a r 0e         00000000  c.slli   x14, 2
#4704 0 80000292     9732 r 0e         f0040e90  c.add    x14, x12
#4705 0 80000294     c314 m f0040e90   00000021  c.sw     x13, 0x0(x14)
#4706 0 80000296 fcf044e3 r 00         00000000  blt      x0, x15, . - 0x38
#4707 0 8000025e fec42783 r 0f         f00400a8  lw       x15, -0x14(x8)
#4708 0 80000262 00478713 r 0e         f00400ac  addi     x14, x15, 0x4
#4709 0 80000266 fee42623 m f004102c   f00400ac  sw       x14, -0x14(x8)
#4710 0 8000026a fe442683 r 0d         00000000  lw       x13, -0x1c(x8)
#4711 0 8000026e fcc42703 r 0e         00000000  lw       x14, -0x34(x8)
#4712 0 80000272     9736 r 0e         00000000  c.add    x14, x13
#4713 0 80000274     c398 m f00400a8   00000000  c.sw     x14, 0x0(x15)
#4714 0 80000276 fd842703 r 0e         f0040e90  lw       x14, -0x28(x8)
#4715 0 8000027a fe442783 r 0f         00000000  lw       x15, -0x1c(x8)
#4716 0 8000027e     078a r 0f         00000000  c.slli   x15, 2
#4717 0 80000280     97ba r 0f         f0040e90  c.add    x15, x14
#4718 0 80000282     439c r 0f         00000021  c.lw     x15, 0x0(x15)
#4719 0 80000284 fff78693 r 0d         00000020  addi     x13, x15, -0x1
#4720 0 80000288 fd842603 r 0c         f0040e90  lw       x12, -0x28(x8)
#4721 0 8000028c fe442703 r 0e         00000000  lw       x14, -0x1c(x8)
#4722 0 80000290     070a r 0e         00000000  c.slli   x14, 2
#4723 0 80000292     9732 r 0e         f0040e90  c.add    x14, x12
#4724 0 80000294     c314 m f0040e90   00000020  c.sw     x13, 0x0(x14)
#4725 0 80000296 fcf044e3 r 00         00000000  blt      x0, x15, . - 0x38
#4726 0 8000025e fec42783 r 0f         f00400ac  lw       x15, -0x14(x8)
#4727 0 80000262 00478713 r 0e         f00400b0  addi     x14, x15, 0x4
#4728 0 80000266 fee42623 m f004102c   f00400b0  sw       x14, -0x14(x8)
#4729 0 8000026a fe442683 r 0d         00000000  lw       x13, -0x1c(x8)
#4730 0 8000026e fcc42703 r 0e         00000000  lw       x14, -0x34(x8)
#4731 0 80000272     9736 r 0e         00000000  c.add    x14, x13
#4732 0 80000274     c398 m f00400ac   00000000  c.sw     x14, 0x0(x15)
#4733 0 80000276 fd842703 r 0e         f0040e90  lw       x14, -0x28(x8)
#4734 0 8000027a fe442783 r 0f         00000000  lw       x15, -0x1c(x8)
#4735 0 8000027e     078a r 0f         00000000  c.slli   x15, 2
#4736 0 80000280     97ba r 0f         f0040e90  c.add    x15, x14
#4737 0 80000282     439c r 0f         00000020  c.lw     x15, 0x0(x15)
#4738 0 80000284 fff78693 r 0d         0000001f  addi     x13, x15, -0x1
#4739 0 80000288 fd842603 r 0c         f0040e90  lw       x12, -0x28(x8)
#4740 0 8000028c fe442703 r 0e         00000000  lw       x14, -0x1c(x8)
#4741 0 80000290     070a r 0e         00000000  c.slli   x14, 2
#4742 0 80000292     9732 r 0e         f0040e90  c.add    x14, x12
#4743 0 80000294     c314 m f0040e90   0000001f  c.sw     x13, 0x0(x14)
#4744 0 80000296 fcf044e3 r 00         00000000  blt      x0, x15, . - 0x38
#4745 0 8000025e fec42783 r 0f         f00400b0  lw       x15, -0x14(x8)
#4746 0 80000262 00478713 r 0e         f00400b4  addi     x14, x15, 0x4
#4747 0 80000266 fee42623 m f004102c   f00400b4  sw       x14, -0x14(x8)
#4748 0 8000026a fe442683 r 0d         00000000  lw       x13, -0x1c(x8)
#4749 0 8000026e fcc42703 r 0e         00000000  lw       x14, -0x34(x8)
#4750 0 80000272     9736 r 0e         00000000  c.add    x14, x13
#4751 0 80000274     c398 m f00400b0   00000000  c.sw     x14, 0x0(x15)
#4752 0 80000276 fd842703 r 0e         f0040e90  lw       x14, -0x28(x8)
#4753 0 8000027a fe442783 r 0f         00000000  lw       x15, -0x1c(x8)
#4754 0 8000027e     078a r 0f         00000000  c.slli   x15, 2
#4755 0 80000280     97ba r 0f         f0040e90  c.add    x15, x14
#4756 0 80000282     439c r 0f         0000001f  c.lw     x15, 0x0(x15)
#4757 0 80000284 fff78693 r 0d         0000001e  addi     x13, x15, -0x1
#4758 0 80000288 fd842603 r 0c         f0040e90  lw       x12, -0x28(x8)
#4759 0 8000028c fe442703 r 0e         00000000  lw       x14, -0x1c(x8)
#4760 0 80000290     070a r 0e         00000000  c.slli   x14, 2
#4761 0 80000292     9732 r 0e         f0040e90  c.add    x14, x12
#4762 0 80000294     c314 m f0040e90   0000001e  c.sw     x13, 0x0(x14)
#4763 0 80000296 fcf044e3 r 00         00000000  blt      x0, x15, . - 0x38
#4764 0 8000025e fec42783 r 0f         f00400b4  lw       x15, -0x14(x8)
#4765 0 80000262 00478713 r 0e         f00400b8  addi     x14, x15, 0x4
#4766 0 80000266 fee42623 m f004102c   f00400b8  sw       x14, -0x14(x8)
#4767 0 8000026a fe442683 r 0d         00000000  lw       x13, -0x1c(x8)
#4768 0 8000026e fcc42703 r 0e         00000000  lw       x14, -0x34(x8)
#4769 0 80000272     9736 r 0e         00000000  c.add    x14, x13
#4770 0 80000274     c398 m f00400b4   00000000  c.sw     x14, 0x0(x15)
#4771 0 80000276 fd842703 r 0e         f0040e90  lw       x14, -0x28(x8)
#4772 0 8000027a fe442783 r 0f         00000000  lw       x15, -0x1c(x8)
#4773 0 8000027e     078a r 0f         00000000  c.slli   x15, 2
#4774 0 80000280     97ba r 0f         f0040e90  c.add    x15, x14
#4775 0 80000282     439c r 0f         0000001e  c.lw     x15, 0x0(x15)
#4776 0 80000284 fff78693 r 0d         0000001d  addi     x13, x15, -0x1
#4777 0 80000288 fd842603 r 0c         f0040e90  lw       x12, -0x28(x8)
#4778 0 8000028c fe442703 r 0e         00000000  lw       x14, -0x1c(x8)
#4779 0 80000290     070a r 0e         00000000  c.slli   x14, 2
#4780 0 80000292     9732 r 0e         f0040e90  c.add    x14, x12
#4781 0 80000294     c314 m f0040e90   0000001d  c.sw     x13, 0x0(x14)
#4782 0 80000296 fcf044e3 r 00         00000000  blt      x0, x15, . - 0x38
#4783 0 8000025e fec42783 r 0f         f00400b8  lw       x15, -0x14(x8)
#4784 0 80000262 00478713 r 0e         f00400bc  addi     x14, x15, 0x4
#4785 0 80000266 fee42623 m f004102c   f00400bc  sw       x14, -0x14(x8)
#4786 0 8000026a fe442683 r 0d         00000000  lw       x13, -0x1c(x8)
#4787 0 8000026e fcc42703 r 0e         00000000  lw       x14, -0x34(x8)
#4788 0 80000272     9736 r 0e         00000000  c.add    x14, x13
#4789 0 80000274     c398 m f00400b8   00000000  c.sw     x14, 0x0(x15)
#4790 0 80000276 fd842703 r 0e         f0040e90  lw       x14, -0x28(x8)
#4791 0 8000027a fe442783 r 0f         00000000  lw       x15, -0x1c(x8)
#4792 0 8000027e     078a r 0f         00000000  c.slli   x15, 2
#4793 0 80000280     97ba r 0f         f0040e90  c.add    x15, x14
#4794 0 80000282     439c r 0f         0000001d  c.lw     x15, 0x0(x15)
#4795 0 80000284 fff78693 r 0d         0000001c  addi     x13, x15, -0x1
#4796 0 80000288 fd842603 r 0c         f0040e90  lw       x12, -0x28(x8)
#4797 0 8000028c fe442703 r 0e         00000000  lw       x14, -0x1c(x8)
#4798 0 80000290     070a r 0e         00000000  c.slli   x14, 2
#4799 0 80000292     9732 r 0e         f0040e90  c.add    x14, x12
#4800 0 80000294     c314 m f0040e90   0000001c  c.sw     x13, 0x0(x14)
#4801 0 80000296 fcf044e3 r 00         00000000  blt      x0, x15, . - 0x38
#4802 0 8000025e fec42783 r 0f         f00400bc  lw       x15, -0x14(x8)
#4803 0 80000262 00478713 r 0e         f00400c0  addi     x14, x15, 0x4
#4804 0 80000266 fee42623 m f004102c   f00400c0  sw       x14, -0x14(x8)
#4805 0 8000026a fe442683 r 0d         00000000  lw       x13, -0x1c(x8)
#4806 0 8000026e fcc42703 r 0e         00000000  lw       x14, -0x34(x8)
#4807 0 80000272     9736 r 0e         00000000  c.add    x14, x13
#4808 0 80000274     c398 m f00400bc   00000000  c.sw     x14, 0x0(x15)
#4809 0 80000276 fd842703 r 0e         f0040e90  lw       x14, -0x28(x8)
#4810 0 8000027a fe442783 r 0f         00000000  lw       x15, -0x1c(x8)
#4811 0 8000027e     078a r 0f         00000000  c.slli   x15, 2
#4812 0 80000280     97ba r 0f         f0040e90  c.add    x15, x14
#4813 0 80000282     439c r 0f         0000001c  c.lw     x15, 0x0(x15)
#4814 0 80000284 fff78693 r 0d         0000001b  addi     x13, x15, -0x1
#4815 0 80000288 fd842603 r 0c         f0040e90  lw       x12, -0x28(x8)
#4816 0 8000028c fe442703 r 0e         00000000  lw       x14, -0x1c(x8)
#4817 0 80000290     070a r 0e         00000000  c.slli   x14, 2
#4818 0 80000292     9732 r 0e         f0040e90  c.add    x14, x12
#4819 0 80000294     c314 m f0040e90   0000001b  c.sw     x13, 0x0(x14)
#4820 0 80000296 fcf044e3 r 00         00000000  blt      x0, x15, . - 0x38
#4821 0 8000025e fec42783 r 0f         f00400c0  lw       x15, -0x14(x8)
#4822 0 80000262 00478713 r 0e         f00400c4  addi     x14, x15, 0x4
#4823 0 80000266 fee42623 m f004102c   f00400c4  sw       x14, -0x14(x8)
#4824 0 8000026a fe442683 r 0d         00000000  lw       x13, -0x1c(x8)
#4825 0 8000026e fcc42703 r 0e         00000000  lw       x14, -0x34(x8)
#4826 0 80000272     9736 r 0e         00000000  c.add    x14, x13
#4827 0 80000274     c398 m f00400c0   00000000  c.sw     x14, 0x0(x15)
#4828 0 80000276 fd842703 r 0e         f0040e90  lw       x14, -0x28(x8)
#4829 0 8000027a fe442783 r 0f         00000000  lw       x15, -0x1c(x8)
#4830 0 8000027e     078a r 0f         00000000  c.slli   x15, 2
#4831 0 80000280     97ba r 0f         f0040e90  c.add    x15, x14
#4832 0 80000282     439c r 0f         0000001b  c.lw     x15, 0x0(x15)
#4833 0 80000284 fff78693 r 0d         0000001a  addi     x13, x15, -0x1
#4834 0 80000288 fd842603 r 0c         f0040e90  lw       x12, -0x28(x8)
#4835 0 8000028c fe442703 r 0e         00000000  lw       x14, -0x1c(x8)
#4836 0 80000290     070a r 0e         00000000  c.slli   x14, 2
#4837 0 80000292     9732 r 0e         f0040e90  c.add    x14, x12
#4838 0 80000294     c314 m f0040e90   0000001a  c.sw     x13, 0x0(x14)
#4839 0 80000296 fcf044e3 r 00         00000000  blt      x0, x15, . - 0x38
#4840 0 8000025e fec42783 r 0f         f00400c4  lw       x15, -0x14(x8)
#4841 0 80000262 00478713 r 0e         f00400c8  addi     x14, x15, 0x4
#4842 0 80000266 fee42623 m f004102c   f00400c8  sw       x14, -0x14(x8)
#4843 0 8000026a fe442683 r 0d         00000000  lw       x13, -0x1c(x8)
#4844 0 8000026e fcc42703 r 0e         00000000  lw       x14, -0x34(x8)
#4845 0 80000272     9736 r 0e         00000000  c.add    x14, x13
#4846 0 80000274     c398 m f00400c4   00000000  c.sw     x14, 0x0(x15)
#4847 0 80000276 fd842703 r 0e         f0040e90  lw       x14, -0x28(x8)
#4848 0 8000027a fe442783 r 0f         00000000  lw       x15, -0x1c(x8)
#4849 0 8000027e     078a r 0f         00000000  c.slli   x15, 2
#4850 0 80000280     97ba r 0f         f0040e90  c.add    x15, x14
#4851 0 80000282     439c r 0f         0000001a  c.lw     x15, 0x0(x15)
#4852 0 80000284 fff78693 r 0d         00000019  addi     x13, x15, -0x1
#4853 0 80000288 fd842603 r 0c         f0040e90  lw       x12, -0x28(x8)
#4854 0 8000028c fe442703 r 0e         00000000  lw       x14, -0x1c(x8)
#4855 0 80000290     070a r 0e         00000000  c.slli   x14, 2
#4856 0 80000292     9732 r 0e         f0040e90  c.add    x14, x12
#4857 0 80000294     c314 m f0040e90   00000019  c.sw     x13, 0x0(x14)
#4858 0 80000296 fcf044e3 r 00         00000000  blt      x0, x15, . - 0x38
#4859 0 8000025e fec42783 r 0f         f00400c8  lw       x15, -0x14(x8)
#4860 0 80000262 00478713 r 0e         f00400cc  addi     x14, x15, 0x4
#4861 0 80000266 fee42623 m f004102c   f00400cc  sw       x14, -0x14(x8)
#4862 0 8000026a fe442683 r 0d         00000000  lw       x13, -0x1c(x8)
#4863 0 8000026e fcc42703 r 0e         00000000  lw       x14, -0x34(x8)
#4864 0 80000272     9736 r 0e         00000000  c.add    x14, x13
#4865 0 80000274     c398 m f00400c8   00000000  c.sw     x14, 0x0(x15)
#4866 0 80000276 fd842703 r 0e         f0040e90  lw       x14, -0x28(x8)
#4867 0 8000027a fe442783 r 0f         00000000  lw       x15, -0x1c(x8)
#4868 0 8000027e     078a r 0f         00000000  c.slli   x15, 2
#4869 0 80000280     97ba r 0f         f0040e90  c.add    x15, x14
#4870 0 80000282     439c r 0f         00000019  c.lw     x15, 0x0(x15)
#4871 0 80000284 fff78693 r 0d         00000018  addi     x13, x15, -0x1
#4872 0 80000288 fd842603 r 0c         f0040e90  lw       x12, -0x28(x8)
#4873 0 8000028c fe442703 r 0e         00000000  lw       x14, -0x1c(x8)
#4874 0 80000290     070a r 0e         00000000  c.slli   x14, 2
#4875 0 80000292     9732 r 0e         f0040e90  c.add    x14, x12
#4876 0 80000294     c314 m f0040e90   00000018  c.sw     x13, 0x0(x14)
#4877 0 80000296 fcf044e3 r 00         00000000  blt      x0, x15, . - 0x38
#4878 0 8000025e fec42783 r 0f         f00400cc  lw       x15, -0x14(x8)
#4879 0 80000262 00478713 r 0e         f00400d0  addi     x14, x15, 0x4
#4880 0 80000266 fee42623 m f004102c   f00400d0  sw       x14, -0x14(x8)
#4881 0 8000026a fe442683 r 0d         00000000  lw       x13, -0x1c(x8)
#4882 0 8000026e fcc42703 r 0e         00000000  lw       x14, -0x34(x8)
#4883 0 80000272     9736 r 0e         00000000  c.add    x14, x13
#4884 0 80000274     c398 m f00400cc   00000000  c.sw     x14, 0x0(x15)
#4885 0 80000276 fd842703 r 0e         f0040e90  lw       x14, -0x28(x8)
#4886 0 8000027a fe442783 r 0f         00000000  lw       x15, -0x1c(x8)
#4887 0 8000027e     078a r 0f         00000000  c.slli   x15, 2
#4888 0 80000280     97ba r 0f         f0040e90  c.add    x15, x14
#4889 0 80000282     439c r 0f         00000018  c.lw     x15, 0x0(x15)
#4890 0 80000284 fff78693 r 0d         00000017  addi     x13, x15, -0x1
#4891 0 80000288 fd842603 r 0c         f0040e90  lw       x12, -0x28(x8)
#4892 0 8000028c fe442703 r 0e         00000000  lw       x14, -0x1c(x8)
#4893 0 80000290     070a r 0e         00000000  c.slli   x14, 2
#4894 0 80000292     9732 r 0e         f0040e90  c.add    x14, x12
#4895 0 80000294     c314 m f0040e90   00000017  c.sw     x13, 0x0(x14)
#4896 0 80000296 fcf044e3 r 00         00000000  blt      x0, x15, . - 0x38
#4897 0 8000025e fec42783 r 0f         f00400d0  lw       x15, -0x14(x8)
#4898 0 80000262 00478713 r 0e         f00400d4  addi     x14, x15, 0x4
#4899 0 80000266 fee42623 m f004102c   f00400d4  sw       x14, -0x14(x8)
#4900 0 8000026a fe442683 r 0d         00000000  lw       x13, -0x1c(x8)
#4901 0 8000026e fcc42703 r 0e         00000000  lw       x14, -0x34(x8)
#4902 0 80000272     9736 r 0e         00000000  c.add    x14, x13
#4903 0 80000274     c398 m f00400d0   00000000  c.sw     x14, 0x0(x15)
#4904 0 80000276 fd842703 r 0e         f0040e90  lw       x14, -0x28(x8)
#4905 0 8000027a fe442783 r 0f         00000000  lw       x15, -0x1c(x8)
#4906 0 8000027e     078a r 0f         00000000  c.slli   x15, 2
#4907 0 80000280     97ba r 0f         f0040e90  c.add    x15, x14
#4908 0 80000282     439c r 0f         00000017  c.lw     x15, 0x0(x15)
#4909 0 80000284 fff78693 r 0d         00000016  addi     x13, x15, -0x1
#4910 0 80000288 fd842603 r 0c         f0040e90  lw       x12, -0x28(x8)
#4911 0 8000028c fe442703 r 0e         00000000  lw       x14, -0x1c(x8)
#4912 0 80000290     070a r 0e         00000000  c.slli   x14, 2
#4913 0 80000292     9732 r 0e         f0040e90  c.add    x14, x12
#4914 0 80000294     c314 m f0040e90   00000016  c.sw     x13, 0x0(x14)
#4915 0 80000296 fcf044e3 r 00         00000000  blt      x0, x15, . - 0x38
#4916 0 8000025e fec42783 r 0f         f00400d4  lw       x15, -0x14(x8)
#4917 0 80000262 00478713 r 0e         f00400d8  addi     x14, x15, 0x4
#4918 0 80000266 fee42623 m f004102c   f00400d8  sw       x14, -0x14(x8)
#4919 0 8000026a fe442683 r 0d         00000000  lw       x13, -0x1c(x8)
#4920 0 8000026e fcc42703 r 0e         00000000  lw       x14, -0x34(x8)
#4921 0 80000272     9736 r 0e         00000000  c.add    x14, x13
#4922 0 80000274     c398 m f00400d4   00000000  c.sw     x14, 0x0(x15)
#4923 0 80000276 fd842703 r 0e         f0040e90  lw       x14, -0x28(x8)
#4924 0 8000027a fe442783 r 0f         00000000  lw       x15, -0x1c(x8)
#4925 0 8000027e     078a r 0f         00000000  c.slli   x15, 2
#4926 0 80000280     97ba r 0f         f0040e90  c.add    x15, x14
#4927 0 80000282     439c r 0f         00000016  c.lw     x15, 0x0(x15)
#4928 0 80000284 fff78693 r 0d         00000015  addi     x13, x15, -0x1
#4929 0 80000288 fd842603 r 0c         f0040e90  lw       x12, -0x28(x8)
#4930 0 8000028c fe442703 r 0e         00000000  lw       x14, -0x1c(x8)
#4931 0 80000290     070a r 0e         00000000  c.slli   x14, 2
#4932 0 80000292     9732 r 0e         f0040e90  c.add    x14, x12
#4933 0 80000294     c314 m f0040e90   00000015  c.sw     x13, 0x0(x14)
#4934 0 80000296 fcf044e3 r 00         00000000  blt      x0, x15, . - 0x38
#4935 0 8000025e fec42783 r 0f         f00400d8  lw       x15, -0x14(x8)
#4936 0 80000262 00478713 r 0e         f00400dc  addi     x14, x15, 0x4
#4937 0 80000266 fee42623 m f004102c   f00400dc  sw       x14, -0x14(x8)
#4938 0 8000026a fe442683 r 0d         00000000  lw       x13, -0x1c(x8)
#4939 0 8000026e fcc42703 r 0e         00000000  lw       x14, -0x34(x8)
#4940 0 80000272     9736 r 0e         00000000  c.add    x14, x13
#4941 0 80000274     c398 m f00400d8   00000000  c.sw     x14, 0x0(x15)
#4942 0 80000276 fd842703 r 0e         f0040e90  lw       x14, -0x28(x8)
#4943 0 8000027a fe442783 r 0f         00000000  lw       x15, -0x1c(x8)
#4944 0 8000027e     078a r 0f         00000000  c.slli   x15, 2
#4945 0 80000280     97ba r 0f         f0040e90  c.add    x15, x14
#4946 0 80000282     439c r 0f         00000015  c.lw     x15, 0x0(x15)
#4947 0 80000284 fff78693 r 0d         00000014  addi     x13, x15, -0x1
#4948 0 80000288 fd842603 r 0c         f0040e90  lw       x12, -0x28(x8)
#4949 0 8000028c fe442703 r 0e         00000000  lw       x14, -0x1c(x8)
#4950 0 80000290     070a r 0e         00000000  c.slli   x14, 2
#4951 0 80000292     9732 r 0e         f0040e90  c.add    x14, x12
#4952 0 80000294     c314 m f0040e90   00000014  c.sw     x13, 0x0(x14)
#4953 0 80000296 fcf044e3 r 00         00000000  blt      x0, x15, . - 0x38
#4954 0 8000025e fec42783 r 0f         f00400dc  lw       x15, -0x14(x8)
#4955 0 80000262 00478713 r 0e         f00400e0  addi     x14, x15, 0x4
#4956 0 80000266 fee42623 m f004102c   f00400e0  sw       x14, -0x14(x8)
#4957 0 8000026a fe442683 r 0d         00000000  lw       x13, -0x1c(x8)
#4958 0 8000026e fcc42703 r 0e         00000000  lw       x14, -0x34(x8)
#4959 0 80000272     9736 r 0e         00000000  c.add    x14, x13
#4960 0 80000274     c398 m f00400dc   00000000  c.sw     x14, 0x0(x15)
#4961 0 80000276 fd842703 r 0e         f0040e90  lw       x14, -0x28(x8)
#4962 0 8000027a fe442783 r 0f         00000000  lw       x15, -0x1c(x8)
#4963 0 8000027e     078a r 0f         00000000  c.slli   x15, 2
#4964 0 80000280     97ba r 0f         f0040e90  c.add    x15, x14
#4965 0 80000282     439c r 0f         00000014  c.lw     x15, 0x0(x15)
#4966 0 80000284 fff78693 r 0d         00000013  addi     x13, x15, -0x1
#4967 0 80000288 fd842603 r 0c         f0040e90  lw       x12, -0x28(x8)
#4968 0 8000028c fe442703 r 0e         00000000  lw       x14, -0x1c(x8)
#4969 0 80000290     070a r 0e         00000000  c.slli   x14, 2
#4970 0 80000292     9732 r 0e         f0040e90  c.add    x14, x12
#4971 0 80000294     c314 m f0040e90   00000013  c.sw     x13, 0x0(x14)
#4972 0 80000296 fcf044e3 r 00         00000000  blt      x0, x15, . - 0x38
#4973 0 8000025e fec42783 r 0f         f00400e0  lw       x15, -0x14(x8)
#4974 0 80000262 00478713 r 0e         f00400e4  addi     x14, x15, 0x4
#4975 0 80000266 fee42623 m f004102c   f00400e4  sw       x14, -0x14(x8)
#4976 0 8000026a fe442683 r 0d         00000000  lw       x13, -0x1c(x8)
#4977 0 8000026e fcc42703 r 0e         00000000  lw       x14, -0x34(x8)
#4978 0 80000272     9736 r 0e         00000000  c.add    x14, x13
#4979 0 80000274     c398 m f00400e0   00000000  c.sw     x14, 0x0(x15)
#4980 0 80000276 fd842703 r 0e         f0040e90  lw       x14, -0x28(x8)
#4981 0 8000027a fe442783 r 0f         00000000  lw       x15, -0x1c(x8)
#4982 0 8000027e     078a r 0f         00000000  c.slli   x15, 2
#4983 0 80000280     97ba r 0f         f0040e90  c.add    x15, x14
#4984 0 80000282     439c r 0f         00000013  c.lw     x15, 0x0(x15)
#4985 0 80000284 fff78693 r 0d         00000012  addi     x13, x15, -0x1
#4986 0 80000288 fd842603 r 0c         f0040e90  lw       x12, -0x28(x8)
#4987 0 8000028c fe442703 r 0e         00000000  lw       x14, -0x1c(x8)
#4988 0 80000290     070a r 0e         00000000  c.slli   x14, 2
#4989 0 80000292     9732 r 0e         f0040e90  c.add    x14, x12
#4990 0 80000294     c314 m f0040e90   00000012  c.sw     x13, 0x0(x14)
#4991 0 80000296 fcf044e3 r 00         00000000  blt      x0, x15, . - 0x38
#4992 0 8000025e fec42783 r 0f         f00400e4  lw       x15, -0x14(x8)
#4993 0 80000262 00478713 r 0e         f00400e8  addi     x14, x15, 0x4
#4994 0 80000266 fee42623 m f004102c   f00400e8  sw       x14, -0x14(x8)
#4995 0 8000026a fe442683 r 0d         00000000  lw       x13, -0x1c(x8)
#4996 0 8000026e fcc42703 r 0e         00000000  lw       x14, -0x34(x8)
#4997 0 80000272     9736 r 0e         00000000  c.add    x14, x13
#4998 0 80000274     c398 m f00400e4   00000000  c.sw     x14, 0x0(x15)
#4999 0 80000276 fd842703 r 0e         f0040e90  lw       x14, -0x28(x8)
#5000 0 8000027a fe442783 r 0f         00000000  lw       x15, -0x1c(x8)
#5001 0 8000027e     078a r 0f         00000000  c.slli   x15, 2
#5002 0 80000280     97ba r 0f         f0040e90  c.add    x15, x14
#5003 0 80000282     439c r 0f         00000012  c.lw     x15, 0x0(x15)
#5004 0 80000284 fff78693 r 0d         00000011  addi     x13, x15, -0x1
#5005 0 80000288 fd842603 r 0c         f0040e90  lw       x12, -0x28(x8)
#5006 0 8000028c fe442703 r 0e         00000000  lw       x14, -0x1c(x8)
#5007 0 80000290     070a r 0e         00000000  c.slli   x14, 2
#5008 0 80000292     9732 r 0e         f0040e90  c.add    x14, x12
#5009 0 80000294     c314 m f0040e90   00000011  c.sw     x13, 0x0(x14)
#5010 0 80000296 fcf044e3 r 00         00000000  blt      x0, x15, . - 0x38
#5011 0 8000025e fec42783 r 0f         f00400e8  lw       x15, -0x14(x8)
#5012 0 80000262 00478713 r 0e         f00400ec  addi     x14, x15, 0x4
#5013 0 80000266 fee42623 m f004102c   f00400ec  sw       x14, -0x14(x8)
#5014 0 8000026a fe442683 r 0d         00000000  lw       x13, -0x1c(x8)
#5015 0 8000026e fcc42703 r 0e         00000000  lw       x14, -0x34(x8)
#5016 0 80000272     9736 r 0e         00000000  c.add    x14, x13
#5017 0 80000274     c398 m f00400e8   00000000  c.sw     x14, 0x0(x15)
#5018 0 80000276 fd842703 r 0e         f0040e90  lw       x14, -0x28(x8)
#5019 0 8000027a fe442783 r 0f         00000000  lw       x15, -0x1c(x8)
#5020 0 8000027e     078a r 0f         00000000  c.slli   x15, 2
#5021 0 80000280     97ba r 0f         f0040e90  c.add    x15, x14
#5022 0 80000282     439c r 0f         00000011  c.lw     x15, 0x0(x15)
#5023 0 80000284 fff78693 r 0d         00000010  addi     x13, x15, -0x1
#5024 0 80000288 fd842603 r 0c         f0040e90  lw       x12, -0x28(x8)
#5025 0 8000028c fe442703 r 0e         00000000  lw       x14, -0x1c(x8)
#5026 0 80000290     070a r 0e         00000000  c.slli   x14, 2
#5027 0 80000292     9732 r 0e         f0040e90  c.add    x14, x12
#5028 0 80000294     c314 m f0040e90   00000010  c.sw     x13, 0x0(x14)
#5029 0 80000296 fcf044e3 r 00         00000000  blt      x0, x15, . - 0x38
#5030 0 8000025e fec42783 r 0f         f00400ec  lw       x15, -0x14(x8)
#5031 0 80000262 00478713 r 0e         f00400f0  addi     x14, x15, 0x4
#5032 0 80000266 fee42623 m f004102c   f00400f0  sw       x14, -0x14(x8)
#5033 0 8000026a fe442683 r 0d         00000000  lw       x13, -0x1c(x8)
#5034 0 8000026e fcc42703 r 0e         00000000  lw       x14, -0x34(x8)
#5035 0 80000272     9736 r 0e         00000000  c.add    x14, x13
#5036 0 80000274     c398 m f00400ec   00000000  c.sw     x14, 0x0(x15)
#5037 0 80000276 fd842703 r 0e         f0040e90  lw       x14, -0x28(x8)
#5038 0 8000027a fe442783 r 0f         00000000  lw       x15, -0x1c(x8)
#5039 0 8000027e     078a r 0f         00000000  c.slli   x15, 2
#5040 0 80000280     97ba r 0f         f0040e90  c.add    x15, x14
#5041 0 80000282     439c r 0f         00000010  c.lw     x15, 0x0(x15)
#5042 0 80000284 fff78693 r 0d         0000000f  addi     x13, x15, -0x1
#5043 0 80000288 fd842603 r 0c         f0040e90  lw       x12, -0x28(x8)
#5044 0 8000028c fe442703 r 0e         00000000  lw       x14, -0x1c(x8)
#5045 0 80000290     070a r 0e         00000000  c.slli   x14, 2
#5046 0 80000292     9732 r 0e         f0040e90  c.add    x14, x12
#5047 0 80000294     c314 m f0040e90   0000000f  c.sw     x13, 0x0(x14)
#5048 0 80000296 fcf044e3 r 00         00000000  blt      x0, x15, . - 0x38
#5049 0 8000025e fec42783 r 0f         f00400f0  lw       x15, -0x14(x8)
#5050 0 80000262 00478713 r 0e         f00400f4  addi     x14, x15, 0x4
#5051 0 80000266 fee42623 m f004102c   f00400f4  sw       x14, -0x14(x8)
#5052 0 8000026a fe442683 r 0d         00000000  lw       x13, -0x1c(x8)
#5053 0 8000026e fcc42703 r 0e         00000000  lw       x14, -0x34(x8)
#5054 0 80000272     9736 r 0e         00000000  c.add    x14, x13
#5055 0 80000274     c398 m f00400f0   00000000  c.sw     x14, 0x0(x15)
#5056 0 80000276 fd842703 r 0e         f0040e90  lw       x14, -0x28(x8)
#5057 0 8000027a fe442783 r 0f         00000000  lw       x15, -0x1c(x8)
#5058 0 8000027e     078a r 0f         00000000  c.slli   x15, 2
#5059 0 80000280     97ba r 0f         f0040e90  c.add    x15, x14
#5060 0 80000282     439c r 0f         0000000f  c.lw     x15, 0x0(x15)
#5061 0 80000284 fff78693 r 0d         0000000e  addi     x13, x15, -0x1
#5062 0 80000288 fd842603 r 0c         f0040e90  lw       x12, -0x28(x8)
#5063 0 8000028c fe442703 r 0e         00000000  lw       x14, -0x1c(x8)
#5064 0 80000290     070a r 0e         00000000  c.slli   x14, 2
#5065 0 80000292     9732 r 0e         f0040e90  c.add    x14, x12
#5066 0 80000294     c314 m f0040e90   0000000e  c.sw     x13, 0x0(x14)
#5067 0 80000296 fcf044e3 r 00         00000000  blt      x0, x15, . - 0x38
#5068 0 8000025e fec42783 r 0f         f00400f4  lw       x15, -0x14(x8)
#5069 0 80000262 00478713 r 0e         f00400f8  addi     x14, x15, 0x4
#5070 0 80000266 fee42623 m f004102c   f00400f8  sw       x14, -0x14(x8)
#5071 0 8000026a fe442683 r 0d         00000000  lw       x13, -0x1c(x8)
#5072 0 8000026e fcc42703 r 0e         00000000  lw       x14, -0x34(x8)
#5073 0 80000272     9736 r 0e         00000000  c.add    x14, x13
#5074 0 80000274     c398 m f00400f4   00000000  c.sw     x14, 0x0(x15)
#5075 0 80000276 fd842703 r 0e         f0040e90  lw       x14, -0x28(x8)
#5076 0 8000027a fe442783 r 0f         00000000  lw       x15, -0x1c(x8)
#5077 0 8000027e     078a r 0f         00000000  c.slli   x15, 2
#5078 0 80000280     97ba r 0f         f0040e90  c.add    x15, x14
#5079 0 80000282     439c r 0f         0000000e  c.lw     x15, 0x0(x15)
#5080 0 80000284 fff78693 r 0d         0000000d  addi     x13, x15, -0x1
#5081 0 80000288 fd842603 r 0c         f0040e90  lw       x12, -0x28(x8)
#5082 0 8000028c fe442703 r 0e         00000000  lw       x14, -0x1c(x8)
#5083 0 80000290     070a r 0e         00000000  c.slli   x14, 2
#5084 0 80000292     9732 r 0e         f0040e90  c.add    x14, x12
#5085 0 80000294     c314 m f0040e90   0000000d  c.sw     x13, 0x0(x14)
#5086 0 80000296 fcf044e3 r 00         00000000  blt      x0, x15, . - 0x38
#5087 0 8000025e fec42783 r 0f         f00400f8  lw       x15, -0x14(x8)
#5088 0 80000262 00478713 r 0e         f00400fc  addi     x14, x15, 0x4
#5089 0 80000266 fee42623 m f004102c   f00400fc  sw       x14, -0x14(x8)
#5090 0 8000026a fe442683 r 0d         00000000  lw       x13, -0x1c(x8)
#5091 0 8000026e fcc42703 r 0e         00000000  lw       x14, -0x34(x8)
#5092 0 80000272     9736 r 0e         00000000  c.add    x14, x13
#5093 0 80000274     c398 m f00400f8   00000000  c.sw     x14, 0x0(x15)
#5094 0 80000276 fd842703 r 0e         f0040e90  lw       x14, -0x28(x8)
#5095 0 8000027a fe442783 r 0f         00000000  lw       x15, -0x1c(x8)
#5096 0 8000027e     078a r 0f         00000000  c.slli   x15, 2
#5097 0 80000280     97ba r 0f         f0040e90  c.add    x15, x14
#5098 0 80000282     439c r 0f         0000000d  c.lw     x15, 0x0(x15)
#5099 0 80000284 fff78693 r 0d         0000000c  addi     x13, x15, -0x1
#5100 0 80000288 fd842603 r 0c         f0040e90  lw       x12, -0x28(x8)
#5101 0 8000028c fe442703 r 0e         00000000  lw       x14, -0x1c(x8)
#5102 0 80000290     070a r 0e         00000000  c.slli   x14, 2
#5103 0 80000292     9732 r 0e         f0040e90  c.add    x14, x12
#5104 0 80000294     c314 m f0040e90   0000000c  c.sw     x13, 0x0(x14)
#5105 0 80000296 fcf044e3 r 00         00000000  blt      x0, x15, . - 0x38
#5106 0 8000025e fec42783 r 0f         f00400fc  lw       x15, -0x14(x8)
#5107 0 80000262 00478713 r 0e         f0040100  addi     x14, x15, 0x4
#5108 0 80000266 fee42623 m f004102c   f0040100  sw       x14, -0x14(x8)
#5109 0 8000026a fe442683 r 0d         00000000  lw       x13, -0x1c(x8)
#5110 0 8000026e fcc42703 r 0e         00000000  lw       x14, -0x34(x8)
#5111 0 80000272     9736 r 0e         00000000  c.add    x14, x13
#5112 0 80000274     c398 m f00400fc   00000000  c.sw     x14, 0x0(x15)
#5113 0 80000276 fd842703 r 0e         f0040e90  lw       x14, -0x28(x8)
#5114 0 8000027a fe442783 r 0f         00000000  lw       x15, -0x1c(x8)
#5115 0 8000027e     078a r 0f         00000000  c.slli   x15, 2
#5116 0 80000280     97ba r 0f         f0040e90  c.add    x15, x14
#5117 0 80000282     439c r 0f         0000000c  c.lw     x15, 0x0(x15)
#5118 0 80000284 fff78693 r 0d         0000000b  addi     x13, x15, -0x1
#5119 0 80000288 fd842603 r 0c         f0040e90  lw       x12, -0x28(x8)
#5120 0 8000028c fe442703 r 0e         00000000  lw       x14, -0x1c(x8)
#5121 0 80000290     070a r 0e         00000000  c.slli   x14, 2
#5122 0 80000292     9732 r 0e         f0040e90  c.add    x14, x12
#5123 0 80000294     c314 m f0040e90   0000000b  c.sw     x13, 0x0(x14)
#5124 0 80000296 fcf044e3 r 00         00000000  blt      x0, x15, . - 0x38
#5125 0 8000025e fec42783 r 0f         f0040100  lw       x15, -0x14(x8)
#5126 0 80000262 00478713 r 0e         f0040104  addi     x14, x15, 0x4
#5127 0 80000266 fee42623 m f004102c   f0040104  sw       x14, -0x14(x8)
#5128 0 8000026a fe442683 r 0d         00000000  lw       x13, -0x1c(x8)
#5129 0 8000026e fcc42703 r 0e         00000000  lw       x14, -0x34(x8)
#5130 0 80000272     9736 r 0e         00000000  c.add    x14, x13
#5131 0 80000274     c398 m f0040100   00000000  c.sw     x14, 0x0(x15)
#5132 0 80000276 fd842703 r 0e         f0040e90  lw       x14, -0x28(x8)
#5133 0 8000027a fe442783 r 0f         00000000  lw       x15, -0x1c(x8)
#5134 0 8000027e     078a r 0f         00000000  c.slli   x15, 2
#5135 0 80000280     97ba r 0f         f0040e90  c.add    x15, x14
#5136 0 80000282     439c r 0f         0000000b  c.lw     x15, 0x0(x15)
#5137 0 80000284 fff78693 r 0d         0000000a  addi     x13, x15, -0x1
#5138 0 80000288 fd842603 r 0c         f0040e90  lw       x12, -0x28(x8)
#5139 0 8000028c fe442703 r 0e         00000000  lw       x14, -0x1c(x8)
#5140 0 80000290     070a r 0e         00000000  c.slli   x14, 2
#5141 0 80000292     9732 r 0e         f0040e90  c.add    x14, x12
#5142 0 80000294     c314 m f0040e90   0000000a  c.sw     x13, 0x0(x14)
#5143 0 80000296 fcf044e3 r 00         00000000  blt      x0, x15, . - 0x38
#5144 0 8000025e fec42783 r 0f         f0040104  lw       x15, -0x14(x8)
#5145 0 80000262 00478713 r 0e         f0040108  addi     x14, x15, 0x4
#5146 0 80000266 fee42623 m f004102c   f0040108  sw       x14, -0x14(x8)
#5147 0 8000026a fe442683 r 0d         00000000  lw       x13, -0x1c(x8)
#5148 0 8000026e fcc42703 r 0e         00000000  lw       x14, -0x34(x8)
#5149 0 80000272     9736 r 0e         00000000  c.add    x14, x13
#5150 0 80000274     c398 m f0040104   00000000  c.sw     x14, 0x0(x15)
#5151 0 80000276 fd842703 r 0e         f0040e90  lw       x14, -0x28(x8)
#5152 0 8000027a fe442783 r 0f         00000000  lw       x15, -0x1c(x8)
#5153 0 8000027e     078a r 0f         00000000  c.slli   x15, 2
#5154 0 80000280     97ba r 0f         f0040e90  c.add    x15, x14
#5155 0 80000282     439c r 0f         0000000a  c.lw     x15, 0x0(x15)
#5156 0 80000284 fff78693 r 0d         00000009  addi     x13, x15, -0x1
#5157 0 80000288 fd842603 r 0c         f0040e90  lw       x12, -0x28(x8)
#5158 0 8000028c fe442703 r 0e         00000000  lw       x14, -0x1c(x8)
#5159 0 80000290     070a r 0e         00000000  c.slli   x14, 2
#5160 0 80000292     9732 r 0e         f0040e90  c.add    x14, x12
#5161 0 80000294     c314 m f0040e90   00000009  c.sw     x13, 0x0(x14)
#5162 0 80000296 fcf044e3 r 00         00000000  blt      x0, x15, . - 0x38
#5163 0 8000025e fec42783 r 0f         f0040108  lw       x15, -0x14(x8)
#5164 0 80000262 00478713 r 0e         f004010c  addi     x14, x15, 0x4
#5165 0 80000266 fee42623 m f004102c   f004010c  sw       x14, -0x14(x8)
#5166 0 8000026a fe442683 r 0d         00000000  lw       x13, -0x1c(x8)
#5167 0 8000026e fcc42703 r 0e         00000000  lw       x14, -0x34(x8)
#5168 0 80000272     9736 r 0e         00000000  c.add    x14, x13
#5169 0 80000274     c398 m f0040108   00000000  c.sw     x14, 0x0(x15)
#5170 0 80000276 fd842703 r 0e         f0040e90  lw       x14, -0x28(x8)
#5171 0 8000027a fe442783 r 0f         00000000  lw       x15, -0x1c(x8)
#5172 0 8000027e     078a r 0f         00000000  c.slli   x15, 2
#5173 0 80000280     97ba r 0f         f0040e90  c.add    x15, x14
#5174 0 80000282     439c r 0f         00000009  c.lw     x15, 0x0(x15)
#5175 0 80000284 fff78693 r 0d         00000008  addi     x13, x15, -0x1
#5176 0 80000288 fd842603 r 0c         f0040e90  lw       x12, -0x28(x8)
#5177 0 8000028c fe442703 r 0e         00000000  lw       x14, -0x1c(x8)
#5178 0 80000290     070a r 0e         00000000  c.slli   x14, 2
#5179 0 80000292     9732 r 0e         f0040e90  c.add    x14, x12
#5180 0 80000294     c314 m f0040e90   00000008  c.sw     x13, 0x0(x14)
#5181 0 80000296 fcf044e3 r 00         00000000  blt      x0, x15, . - 0x38
#5182 0 8000025e fec42783 r 0f         f004010c  lw       x15, -0x14(x8)
#5183 0 80000262 00478713 r 0e         f0040110  addi     x14, x15, 0x4
#5184 0 80000266 fee42623 m f004102c   f0040110  sw       x14, -0x14(x8)
#5185 0 8000026a fe442683 r 0d         00000000  lw       x13, -0x1c(x8)
#5186 0 8000026e fcc42703 r 0e         00000000  lw       x14, -0x34(x8)
#5187 0 80000272     9736 r 0e         00000000  c.add    x14, x13
#5188 0 80000274     c398 m f004010c   00000000  c.sw     x14, 0x0(x15)
#5189 0 80000276 fd842703 r 0e         f0040e90  lw       x14, -0x28(x8)
#5190 0 8000027a fe442783 r 0f         00000000  lw       x15, -0x1c(x8)
#5191 0 8000027e     078a r 0f         00000000  c.slli   x15, 2
#5192 0 80000280     97ba r 0f         f0040e90  c.add    x15, x14
#5193 0 80000282     439c r 0f         00000008  c.lw     x15, 0x0(x15)
#5194 0 80000284 fff78693 r 0d         00000007  addi     x13, x15, -0x1
#5195 0 80000288 fd842603 r 0c         f0040e90  lw       x12, -0x28(x8)
#5196 0 8000028c fe442703 r 0e         00000000  lw       x14, -0x1c(x8)
#5197 0 80000290     070a r 0e         00000000  c.slli   x14, 2
#5198 0 80000292     9732 r 0e         f0040e90  c.add    x14, x12
#5199 0 80000294     c314 m f0040e90   00000007  c.sw     x13, 0x0(x14)
#5200 0 80000296 fcf044e3 r 00         00000000  blt      x0, x15, . - 0x38
#5201 0 8000025e fec42783 r 0f         f0040110  lw       x15, -0x14(x8)
#5202 0 80000262 00478713 r 0e         f0040114  addi     x14, x15, 0x4
#5203 0 80000266 fee42623 m f004102c   f0040114  sw       x14, -0x14(x8)
#5204 0 8000026a fe442683 r 0d         00000000  lw       x13, -0x1c(x8)
#5205 0 8000026e fcc42703 r 0e         00000000  lw       x14, -0x34(x8)
#5206 0 80000272     9736 r 0e         00000000  c.add    x14, x13
#5207 0 80000274     c398 m f0040110   00000000  c.sw     x14, 0x0(x15)
#5208 0 80000276 fd842703 r 0e         f0040e90  lw       x14, -0x28(x8)
#5209 0 8000027a fe442783 r 0f         00000000  lw       x15, -0x1c(x8)
#5210 0 8000027e     078a r 0f         00000000  c.slli   x15, 2
#5211 0 80000280     97ba r 0f         f0040e90  c.add    x15, x14
#5212 0 80000282     439c r 0f         00000007  c.lw     x15, 0x0(x15)
#5213 0 80000284 fff78693 r 0d         00000006  addi     x13, x15, -0x1
#5214 0 80000288 fd842603 r 0c         f0040e90  lw       x12, -0x28(x8)
#5215 0 8000028c fe442703 r 0e         00000000  lw       x14, -0x1c(x8)
#5216 0 80000290     070a r 0e         00000000  c.slli   x14, 2
#5217 0 80000292     9732 r 0e         f0040e90  c.add    x14, x12
#5218 0 80000294     c314 m f0040e90   00000006  c.sw     x13, 0x0(x14)
#5219 0 80000296 fcf044e3 r 00         00000000  blt      x0, x15, . - 0x38
#5220 0 8000025e fec42783 r 0f         f0040114  lw       x15, -0x14(x8)
#5221 0 80000262 00478713 r 0e         f0040118  addi     x14, x15, 0x4
#5222 0 80000266 fee42623 m f004102c   f0040118  sw       x14, -0x14(x8)
#5223 0 8000026a fe442683 r 0d         00000000  lw       x13, -0x1c(x8)
#5224 0 8000026e fcc42703 r 0e         00000000  lw       x14, -0x34(x8)
#5225 0 80000272     9736 r 0e         00000000  c.add    x14, x13
#5226 0 80000274     c398 m f0040114   00000000  c.sw     x14, 0x0(x15)
#5227 0 80000276 fd842703 r 0e         f0040e90  lw       x14, -0x28(x8)
#5228 0 8000027a fe442783 r 0f         00000000  lw       x15, -0x1c(x8)
#5229 0 8000027e     078a r 0f         00000000  c.slli   x15, 2
#5230 0 80000280     97ba r 0f         f0040e90  c.add    x15, x14
#5231 0 80000282     439c r 0f         00000006  c.lw     x15, 0x0(x15)
#5232 0 80000284 fff78693 r 0d         00000005  addi     x13, x15, -0x1
#5233 0 80000288 fd842603 r 0c         f0040e90  lw       x12, -0x28(x8)
#5234 0 8000028c fe442703 r 0e         00000000  lw       x14, -0x1c(x8)
#5235 0 80000290     070a r 0e         00000000  c.slli   x14, 2
#5236 0 80000292     9732 r 0e         f0040e90  c.add    x14, x12
#5237 0 80000294     c314 m f0040e90   00000005  c.sw     x13, 0x0(x14)
#5238 0 80000296 fcf044e3 r 00         00000000  blt      x0, x15, . - 0x38
#5239 0 8000025e fec42783 r 0f         f0040118  lw       x15, -0x14(x8)
#5240 0 80000262 00478713 r 0e         f004011c  addi     x14, x15, 0x4
#5241 0 80000266 fee42623 m f004102c   f004011c  sw       x14, -0x14(x8)
#5242 0 8000026a fe442683 r 0d         00000000  lw       x13, -0x1c(x8)
#5243 0 8000026e fcc42703 r 0e         00000000  lw       x14, -0x34(x8)
#5244 0 80000272     9736 r 0e         00000000  c.add    x14, x13
#5245 0 80000274     c398 m f0040118   00000000  c.sw     x14, 0x0(x15)
#5246 0 80000276 fd842703 r 0e         f0040e90  lw       x14, -0x28(x8)
#5247 0 8000027a fe442783 r 0f         00000000  lw       x15, -0x1c(x8)
#5248 0 8000027e     078a r 0f         00000000  c.slli   x15, 2
#5249 0 80000280     97ba r 0f         f0040e90  c.add    x15, x14
#5250 0 80000282     439c r 0f         00000005  c.lw     x15, 0x0(x15)
#5251 0 80000284 fff78693 r 0d         00000004  addi     x13, x15, -0x1
#5252 0 80000288 fd842603 r 0c         f0040e90  lw       x12, -0x28(x8)
#5253 0 8000028c fe442703 r 0e         00000000  lw       x14, -0x1c(x8)
#5254 0 80000290     070a r 0e         00000000  c.slli   x14, 2
#5255 0 80000292     9732 r 0e         f0040e90  c.add    x14, x12
#5256 0 80000294     c314 m f0040e90   00000004  c.sw     x13, 0x0(x14)
#5257 0 80000296 fcf044e3 r 00         00000000  blt      x0, x15, . - 0x38
#5258 0 8000025e fec42783 r 0f         f004011c  lw       x15, -0x14(x8)
#5259 0 80000262 00478713 r 0e         f0040120  addi     x14, x15, 0x4
#5260 0 80000266 fee42623 m f004102c   f0040120  sw       x14, -0x14(x8)
#5261 0 8000026a fe442683 r 0d         00000000  lw       x13, -0x1c(x8)
#5262 0 8000026e fcc42703 r 0e         00000000  lw       x14, -0x34(x8)
#5263 0 80000272     9736 r 0e         00000000  c.add    x14, x13
#5264 0 80000274     c398 m f004011c   00000000  c.sw     x14, 0x0(x15)
#5265 0 80000276 fd842703 r 0e         f0040e90  lw       x14, -0x28(x8)
#5266 0 8000027a fe442783 r 0f         00000000  lw       x15, -0x1c(x8)
#5267 0 8000027e     078a r 0f         00000000  c.slli   x15, 2
#5268 0 80000280     97ba r 0f         f0040e90  c.add    x15, x14
#5269 0 80000282     439c r 0f         00000004  c.lw     x15, 0x0(x15)
#5270 0 80000284 fff78693 r 0d         00000003  addi     x13, x15, -0x1
#5271 0 80000288 fd842603 r 0c         f0040e90  lw       x12, -0x28(x8)
#5272 0 8000028c fe442703 r 0e         00000000  lw       x14, -0x1c(x8)
#5273 0 80000290     070a r 0e         00000000  c.slli   x14, 2
#5274 0 80000292     9732 r 0e         f0040e90  c.add    x14, x12
#5275 0 80000294     c314 m f0040e90   00000003  c.sw     x13, 0x0(x14)
#5276 0 80000296 fcf044e3 r 00         00000000  blt      x0, x15, . - 0x38
#5277 0 8000025e fec42783 r 0f         f0040120  lw       x15, -0x14(x8)
#5278 0 80000262 00478713 r 0e         f0040124  addi     x14, x15, 0x4
#5279 0 80000266 fee42623 m f004102c   f0040124  sw       x14, -0x14(x8)
#5280 0 8000026a fe442683 r 0d         00000000  lw       x13, -0x1c(x8)
#5281 0 8000026e fcc42703 r 0e         00000000  lw       x14, -0x34(x8)
#5282 0 80000272     9736 r 0e         00000000  c.add    x14, x13
#5283 0 80000274     c398 m f0040120   00000000  c.sw     x14, 0x0(x15)
#5284 0 80000276 fd842703 r 0e         f0040e90  lw       x14, -0x28(x8)
#5285 0 8000027a fe442783 r 0f         00000000  lw       x15, -0x1c(x8)
#5286 0 8000027e     078a r 0f         00000000  c.slli   x15, 2
#5287 0 80000280     97ba r 0f         f0040e90  c.add    x15, x14
#5288 0 80000282     439c r 0f         00000003  c.lw     x15, 0x0(x15)
#5289 0 80000284 fff78693 r 0d         00000002  addi     x13, x15, -0x1
#5290 0 80000288 fd842603 r 0c         f0040e90  lw       x12, -0x28(x8)
#5291 0 8000028c fe442703 r 0e         00000000  lw       x14, -0x1c(x8)
#5292 0 80000290     070a r 0e         00000000  c.slli   x14, 2
#5293 0 80000292     9732 r 0e         f0040e90  c.add    x14, x12
#5294 0 80000294     c314 m f0040e90   00000002  c.sw     x13, 0x0(x14)
#5295 0 80000296 fcf044e3 r 00         00000000  blt      x0, x15, . - 0x38
#5296 0 8000025e fec42783 r 0f         f0040124  lw       x15, -0x14(x8)
#5297 0 80000262 00478713 r 0e         f0040128  addi     x14, x15, 0x4
#5298 0 80000266 fee42623 m f004102c   f0040128  sw       x14, -0x14(x8)
#5299 0 8000026a fe442683 r 0d         00000000  lw       x13, -0x1c(x8)
#5300 0 8000026e fcc42703 r 0e         00000000  lw       x14, -0x34(x8)
#5301 0 80000272     9736 r 0e         00000000  c.add    x14, x13
#5302 0 80000274     c398 m f0040124   00000000  c.sw     x14, 0x0(x15)
#5303 0 80000276 fd842703 r 0e         f0040e90  lw       x14, -0x28(x8)
#5304 0 8000027a fe442783 r 0f         00000000  lw       x15, -0x1c(x8)
#5305 0 8000027e     078a r 0f         00000000  c.slli   x15, 2
#5306 0 80000280     97ba r 0f         f0040e90  c.add    x15, x14
#5307 0 80000282     439c r 0f         00000002  c.lw     x15, 0x0(x15)
#5308 0 80000284 fff78693 r 0d         00000001  addi     x13, x15, -0x1
#5309 0 80000288 fd842603 r 0c         f0040e90  lw       x12, -0x28(x8)
#5310 0 8000028c fe442703 r 0e         00000000  lw       x14, -0x1c(x8)
#5311 0 80000290     070a r 0e         00000000  c.slli   x14, 2
#5312 0 80000292     9732 r 0e         f0040e90  c.add    x14, x12
#5313 0 80000294     c314 m f0040e90   00000001  c.sw     x13, 0x0(x14)
#5314 0 80000296 fcf044e3 r 00         00000000  blt      x0, x15, . - 0x38
#5315 0 8000025e fec42783 r 0f         f0040128  lw       x15, -0x14(x8)
#5316 0 80000262 00478713 r 0e         f004012c  addi     x14, x15, 0x4
#5317 0 80000266 fee42623 m f004102c   f004012c  sw       x14, -0x14(x8)
#5318 0 8000026a fe442683 r 0d         00000000  lw       x13, -0x1c(x8)
#5319 0 8000026e fcc42703 r 0e         00000000  lw       x14, -0x34(x8)
#5320 0 80000272     9736 r 0e         00000000  c.add    x14, x13
#5321 0 80000274     c398 m f0040128   00000000  c.sw     x14, 0x0(x15)
#5322 0 80000276 fd842703 r 0e         f0040e90  lw       x14, -0x28(x8)
#5323 0 8000027a fe442783 r 0f         00000000  lw       x15, -0x1c(x8)
#5324 0 8000027e     078a r 0f         00000000  c.slli   x15, 2
#5325 0 80000280     97ba r 0f         f0040e90  c.add    x15, x14
#5326 0 80000282     439c r 0f         00000001  c.lw     x15, 0x0(x15)
#5327 0 80000284 fff78693 r 0d         00000000  addi     x13, x15, -0x1
#5328 0 80000288 fd842603 r 0c         f0040e90  lw       x12, -0x28(x8)
#5329 0 8000028c fe442703 r 0e         00000000  lw       x14, -0x1c(x8)
#5330 0 80000290     070a r 0e         00000000  c.slli   x14, 2
#5331 0 80000292     9732 r 0e         f0040e90  c.add    x14, x12
#5332 0 80000294     c314 m f0040e90   00000000  c.sw     x13, 0x0(x14)
#5333 0 80000296 fcf044e3 r 00         00000000  blt      x0, x15, . - 0x38
#5334 0 8000025e fec42783 r 0f         f004012c  lw       x15, -0x14(x8)
#5335 0 80000262 00478713 r 0e         f0040130  addi     x14, x15, 0x4
#5336 0 80000266 fee42623 m f004102c   f0040130  sw       x14, -0x14(x8)
#5337 0 8000026a fe442683 r 0d         00000000  lw       x13, -0x1c(x8)
#5338 0 8000026e fcc42703 r 0e         00000000  lw       x14, -0x34(x8)
#5339 0 80000272     9736 r 0e         00000000  c.add    x14, x13
#5340 0 80000274     c398 m f004012c   00000000  c.sw     x14, 0x0(x15)
#5341 0 80000276 fd842703 r 0e         f0040e90  lw       x14, -0x28(x8)
#5342 0 8000027a fe442783 r 0f         00000000  lw       x15, -0x1c(x8)
#5343 0 8000027e     078a r 0f         00000000  c.slli   x15, 2
#5344 0 80000280     97ba r 0f         f0040e90  c.add    x15, x14
#5345 0 80000282     439c r 0f         00000000  c.lw     x15, 0x0(x15)
#5346 0 80000284 fff78693 r 0d         ffffffff  addi     x13, x15, -0x1
#5347 0 80000288 fd842603 r 0c         f0040e90  lw       x12, -0x28(x8)
#5348 0 8000028c fe442703 r 0e         00000000  lw       x14, -0x1c(x8)
#5349 0 80000290     070a r 0e         00000000  c.slli   x14, 2
#5350 0 80000292     9732 r 0e         f0040e90  c.add    x14, x12
#5351 0 80000294     c314 m f0040e90   ffffffff  c.sw     x13, 0x0(x14)
#5352 0 80000296 fcf044e3 r 00         00000000  blt      x0, x15, . - 0x38
#5353 0 8000029a fe442783 r 0f         00000000  lw       x15, -0x1c(x8)
#5354 0 8000029e     0785 r 0f         00000001  c.addi   x15, 0x1
#5355 0 800002a0 fef42223 m f0041024   00000001  sw       x15, -0x1c(x8)
#5356 0 800002a4 fe442703 r 0e         00000001  lw       x14, -0x1c(x8)
#5357 0 800002a8 fe042783 r 0f         0000005b  lw       x15, -0x20(x8)
#5358 0 800002ac fcf745e3 r 00         00000000  blt      x14, x15, . - 0x36
#5359 0 80000276 fd842703 r 0e         f0040e90  lw       x14, -0x28(x8)
#5360 0 8000027a fe442783 r 0f         00000001  lw       x15, -0x1c(x8)
#5361 0 8000027e     078a r 0f         00000004  c.slli   x15, 2
#5362 0 80000280     97ba r 0f         f0040e94  c.add    x15, x14
#5363 0 80000282     439c r 0f         00000000  c.lw     x15, 0x0(x15)
#5364 0 80000284 fff78693 r 0d         ffffffff  addi     x13, x15, -0x1
#5365 0 80000288 fd842603 r 0c         f0040e90  lw       x12, -0x28(x8)
#5366 0 8000028c fe442703 r 0e         00000001  lw       x14, -0x1c(x8)
#5367 0 80000290     070a r 0e         00000004  c.slli   x14, 2
#5368 0 80000292     9732 r 0e         f0040e94  c.add    x14, x12
#5369 0 80000294     c314 m f0040e94   ffffffff  c.sw     x13, 0x0(x14)
#5370 0 80000296 fcf044e3 r 00         00000000  blt      x0, x15, . - 0x38
#5371 0 8000029a fe442783 r 0f         00000001  lw       x15, -0x1c(x8)
#5372 0 8000029e     0785 r 0f         00000002  c.addi   x15, 0x1
#5373 0 800002a0 fef42223 m f0041024   00000002  sw       x15, -0x1c(x8)
#5374 0 800002a4 fe442703 r 0e         00000002  lw       x14, -0x1c(x8)
#5375 0 800002a8 fe042783 r 0f         0000005b  lw       x15, -0x20(x8)
#5376 0 800002ac fcf745e3 r 00         00000000  blt      x14, x15, . - 0x36
#5377 0 80000276 fd842703 r 0e         f0040e90  lw       x14, -0x28(x8)
#5378 0 8000027a fe442783 r 0f         00000002  lw       x15, -0x1c(x8)
#5379 0 8000027e     078a r 0f         00000008  c.slli   x15, 2
#5380 0 80000280     97ba r 0f         f0040e98  c.add    x15, x14
#5381 0 80000282     439c r 0f         00000000  c.lw     x15, 0x0(x15)
#5382 0 80000284 fff78693 r 0d         ffffffff  addi     x13, x15, -0x1
#5383 0 80000288 fd842603 r 0c         f0040e90  lw       x12, -0x28(x8)
#5384 0 8000028c fe442703 r 0e         00000002  lw       x14, -0x1c(x8)
#5385 0 80000290     070a r 0e         00000008  c.slli   x14, 2
#5386 0 80000292     9732 r 0e         f0040e98  c.add    x14, x12
#5387 0 80000294     c314 m f0040e98   ffffffff  c.sw     x13, 0x0(x14)
#5388 0 80000296 fcf044e3 r 00         00000000  blt      x0, x15, . - 0x38
#5389 0 8000029a fe442783 r 0f         00000002  lw       x15, -0x1c(x8)
#5390 0 8000029e     0785 r 0f         00000003  c.addi   x15, 0x1
#5391 0 800002a0 fef42223 m f0041024   00000003  sw       x15, -0x1c(x8)
#5392 0 800002a4 fe442703 r 0e         00000003  lw       x14, -0x1c(x8)
#5393 0 800002a8 fe042783 r 0f         0000005b  lw       x15, -0x20(x8)
#5394 0 800002ac fcf745e3 r 00         00000000  blt      x14, x15, . - 0x36
#5395 0 80000276 fd842703 r 0e         f0040e90  lw       x14, -0x28(x8)
#5396 0 8000027a fe442783 r 0f         00000003  lw       x15, -0x1c(x8)
#5397 0 8000027e     078a r 0f         0000000c  c.slli   x15, 2
#5398 0 80000280     97ba r 0f         f0040e9c  c.add    x15, x14
#5399 0 80000282     439c r 0f         00000000  c.lw     x15, 0x0(x15)
#5400 0 80000284 fff78693 r 0d         ffffffff  addi     x13, x15, -0x1
#5401 0 80000288 fd842603 r 0c         f0040e90  lw       x12, -0x28(x8)
#5402 0 8000028c fe442703 r 0e         00000003  lw       x14, -0x1c(x8)
#5403 0 80000290     070a r 0e         0000000c  c.slli   x14, 2
#5404 0 80000292     9732 r 0e         f0040e9c  c.add    x14, x12
#5405 0 80000294     c314 m f0040e9c   ffffffff  c.sw     x13, 0x0(x14)
#5406 0 80000296 fcf044e3 r 00         00000000  blt      x0, x15, . - 0x38
#5407 0 8000029a fe442783 r 0f         00000003  lw       x15, -0x1c(x8)
#5408 0 8000029e     0785 r 0f         00000004  c.addi   x15, 0x1
#5409 0 800002a0 fef42223 m f0041024   00000004  sw       x15, -0x1c(x8)
#5410 0 800002a4 fe442703 r 0e         00000004  lw       x14, -0x1c(x8)
#5411 0 800002a8 fe042783 r 0f         0000005b  lw       x15, -0x20(x8)
#5412 0 800002ac fcf745e3 r 00         00000000  blt      x14, x15, . - 0x36
#5413 0 80000276 fd842703 r 0e         f0040e90  lw       x14, -0x28(x8)
#5414 0 8000027a fe442783 r 0f         00000004  lw       x15, -0x1c(x8)
#5415 0 8000027e     078a r 0f         00000010  c.slli   x15, 2
#5416 0 80000280     97ba r 0f         f0040ea0  c.add    x15, x14
#5417 0 80000282     439c r 0f         00000000  c.lw     x15, 0x0(x15)
#5418 0 80000284 fff78693 r 0d         ffffffff  addi     x13, x15, -0x1
#5419 0 80000288 fd842603 r 0c         f0040e90  lw       x12, -0x28(x8)
#5420 0 8000028c fe442703 r 0e         00000004  lw       x14, -0x1c(x8)
#5421 0 80000290     070a r 0e         00000010  c.slli   x14, 2
#5422 0 80000292     9732 r 0e         f0040ea0  c.add    x14, x12
#5423 0 80000294     c314 m f0040ea0   ffffffff  c.sw     x13, 0x0(x14)
#5424 0 80000296 fcf044e3 r 00         00000000  blt      x0, x15, . - 0x38
#5425 0 8000029a fe442783 r 0f         00000004  lw       x15, -0x1c(x8)
#5426 0 8000029e     0785 r 0f         00000005  c.addi   x15, 0x1
#5427 0 800002a0 fef42223 m f0041024   00000005  sw       x15, -0x1c(x8)
#5428 0 800002a4 fe442703 r 0e         00000005  lw       x14, -0x1c(x8)
#5429 0 800002a8 fe042783 r 0f         0000005b  lw       x15, -0x20(x8)
#5430 0 800002ac fcf745e3 r 00         00000000  blt      x14, x15, . - 0x36
#5431 0 80000276 fd842703 r 0e         f0040e90  lw       x14, -0x28(x8)
#5432 0 8000027a fe442783 r 0f         00000005  lw       x15, -0x1c(x8)
#5433 0 8000027e     078a r 0f         00000014  c.slli   x15, 2
#5434 0 80000280     97ba r 0f         f0040ea4  c.add    x15, x14
#5435 0 80000282     439c r 0f         00000000  c.lw     x15, 0x0(x15)
#5436 0 80000284 fff78693 r 0d         ffffffff  addi     x13, x15, -0x1
#5437 0 80000288 fd842603 r 0c         f0040e90  lw       x12, -0x28(x8)
#5438 0 8000028c fe442703 r 0e         00000005  lw       x14, -0x1c(x8)
#5439 0 80000290     070a r 0e         00000014  c.slli   x14, 2
#5440 0 80000292     9732 r 0e         f0040ea4  c.add    x14, x12
#5441 0 80000294     c314 m f0040ea4   ffffffff  c.sw     x13, 0x0(x14)
#5442 0 80000296 fcf044e3 r 00         00000000  blt      x0, x15, . - 0x38
#5443 0 8000029a fe442783 r 0f         00000005  lw       x15, -0x1c(x8)
#5444 0 8000029e     0785 r 0f         00000006  c.addi   x15, 0x1
#5445 0 800002a0 fef42223 m f0041024   00000006  sw       x15, -0x1c(x8)
#5446 0 800002a4 fe442703 r 0e         00000006  lw       x14, -0x1c(x8)
#5447 0 800002a8 fe042783 r 0f         0000005b  lw       x15, -0x20(x8)
#5448 0 800002ac fcf745e3 r 00         00000000  blt      x14, x15, . - 0x36
#5449 0 80000276 fd842703 r 0e         f0040e90  lw       x14, -0x28(x8)
#5450 0 8000027a fe442783 r 0f         00000006  lw       x15, -0x1c(x8)
#5451 0 8000027e     078a r 0f         00000018  c.slli   x15, 2
#5452 0 80000280     97ba r 0f         f0040ea8  c.add    x15, x14
#5453 0 80000282     439c r 0f         00000000  c.lw     x15, 0x0(x15)
#5454 0 80000284 fff78693 r 0d         ffffffff  addi     x13, x15, -0x1
#5455 0 80000288 fd842603 r 0c         f0040e90  lw       x12, -0x28(x8)
#5456 0 8000028c fe442703 r 0e         00000006  lw       x14, -0x1c(x8)
#5457 0 80000290     070a r 0e         00000018  c.slli   x14, 2
#5458 0 80000292     9732 r 0e         f0040ea8  c.add    x14, x12
#5459 0 80000294     c314 m f0040ea8   ffffffff  c.sw     x13, 0x0(x14)
#5460 0 80000296 fcf044e3 r 00         00000000  blt      x0, x15, . - 0x38
#5461 0 8000029a fe442783 r 0f         00000006  lw       x15, -0x1c(x8)
#5462 0 8000029e     0785 r 0f         00000007  c.addi   x15, 0x1
#5463 0 800002a0 fef42223 m f0041024   00000007  sw       x15, -0x1c(x8)
#5464 0 800002a4 fe442703 r 0e         00000007  lw       x14, -0x1c(x8)
#5465 0 800002a8 fe042783 r 0f         0000005b  lw       x15, -0x20(x8)
#5466 0 800002ac fcf745e3 r 00         00000000  blt      x14, x15, . - 0x36
#5467 0 80000276 fd842703 r 0e         f0040e90  lw       x14, -0x28(x8)
#5468 0 8000027a fe442783 r 0f         00000007  lw       x15, -0x1c(x8)
#5469 0 8000027e     078a r 0f         0000001c  c.slli   x15, 2
#5470 0 80000280     97ba r 0f         f0040eac  c.add    x15, x14
#5471 0 80000282     439c r 0f         00000000  c.lw     x15, 0x0(x15)
#5472 0 80000284 fff78693 r 0d         ffffffff  addi     x13, x15, -0x1
#5473 0 80000288 fd842603 r 0c         f0040e90  lw       x12, -0x28(x8)
#5474 0 8000028c fe442703 r 0e         00000007  lw       x14, -0x1c(x8)
#5475 0 80000290     070a r 0e         0000001c  c.slli   x14, 2
#5476 0 80000292     9732 r 0e         f0040eac  c.add    x14, x12
#5477 0 80000294     c314 m f0040eac   ffffffff  c.sw     x13, 0x0(x14)
#5478 0 80000296 fcf044e3 r 00         00000000  blt      x0, x15, . - 0x38
#5479 0 8000029a fe442783 r 0f         00000007  lw       x15, -0x1c(x8)
#5480 0 8000029e     0785 r 0f         00000008  c.addi   x15, 0x1
#5481 0 800002a0 fef42223 m f0041024   00000008  sw       x15, -0x1c(x8)
#5482 0 800002a4 fe442703 r 0e         00000008  lw       x14, -0x1c(x8)
#5483 0 800002a8 fe042783 r 0f         0000005b  lw       x15, -0x20(x8)
#5484 0 800002ac fcf745e3 r 00         00000000  blt      x14, x15, . - 0x36
#5485 0 80000276 fd842703 r 0e         f0040e90  lw       x14, -0x28(x8)
#5486 0 8000027a fe442783 r 0f         00000008  lw       x15, -0x1c(x8)
#5487 0 8000027e     078a r 0f         00000020  c.slli   x15, 2
#5488 0 80000280     97ba r 0f         f0040eb0  c.add    x15, x14
#5489 0 80000282     439c r 0f         00000000  c.lw     x15, 0x0(x15)
#5490 0 80000284 fff78693 r 0d         ffffffff  addi     x13, x15, -0x1
#5491 0 80000288 fd842603 r 0c         f0040e90  lw       x12, -0x28(x8)
#5492 0 8000028c fe442703 r 0e         00000008  lw       x14, -0x1c(x8)
#5493 0 80000290     070a r 0e         00000020  c.slli   x14, 2
#5494 0 80000292     9732 r 0e         f0040eb0  c.add    x14, x12
#5495 0 80000294     c314 m f0040eb0   ffffffff  c.sw     x13, 0x0(x14)
#5496 0 80000296 fcf044e3 r 00         00000000  blt      x0, x15, . - 0x38
#5497 0 8000029a fe442783 r 0f         00000008  lw       x15, -0x1c(x8)
#5498 0 8000029e     0785 r 0f         00000009  c.addi   x15, 0x1
#5499 0 800002a0 fef42223 m f0041024   00000009  sw       x15, -0x1c(x8)
#5500 0 800002a4 fe442703 r 0e         00000009  lw       x14, -0x1c(x8)
#5501 0 800002a8 fe042783 r 0f         0000005b  lw       x15, -0x20(x8)
#5502 0 800002ac fcf745e3 r 00         00000000  blt      x14, x15, . - 0x36
#5503 0 80000276 fd842703 r 0e         f0040e90  lw       x14, -0x28(x8)
#5504 0 8000027a fe442783 r 0f         00000009  lw       x15, -0x1c(x8)
#5505 0 8000027e     078a r 0f         00000024  c.slli   x15, 2
#5506 0 80000280     97ba r 0f         f0040eb4  c.add    x15, x14
#5507 0 80000282     439c r 0f         00000000  c.lw     x15, 0x0(x15)
#5508 0 80000284 fff78693 r 0d         ffffffff  addi     x13, x15, -0x1
#5509 0 80000288 fd842603 r 0c         f0040e90  lw       x12, -0x28(x8)
#5510 0 8000028c fe442703 r 0e         00000009  lw       x14, -0x1c(x8)
#5511 0 80000290     070a r 0e         00000024  c.slli   x14, 2
#5512 0 80000292     9732 r 0e         f0040eb4  c.add    x14, x12
#5513 0 80000294     c314 m f0040eb4   ffffffff  c.sw     x13, 0x0(x14)
#5514 0 80000296 fcf044e3 r 00         00000000  blt      x0, x15, . - 0x38
#5515 0 8000029a fe442783 r 0f         00000009  lw       x15, -0x1c(x8)
#5516 0 8000029e     0785 r 0f         0000000a  c.addi   x15, 0x1
#5517 0 800002a0 fef42223 m f0041024   0000000a  sw       x15, -0x1c(x8)
#5518 0 800002a4 fe442703 r 0e         0000000a  lw       x14, -0x1c(x8)
#5519 0 800002a8 fe042783 r 0f         0000005b  lw       x15, -0x20(x8)
#5520 0 800002ac fcf745e3 r 00         00000000  blt      x14, x15, . - 0x36
#5521 0 80000276 fd842703 r 0e         f0040e90  lw       x14, -0x28(x8)
#5522 0 8000027a fe442783 r 0f         0000000a  lw       x15, -0x1c(x8)
#5523 0 8000027e     078a r 0f         00000028  c.slli   x15, 2
#5524 0 80000280     97ba r 0f         f0040eb8  c.add    x15, x14
#5525 0 80000282     439c r 0f         00000000  c.lw     x15, 0x0(x15)
#5526 0 80000284 fff78693 r 0d         ffffffff  addi     x13, x15, -0x1
#5527 0 80000288 fd842603 r 0c         f0040e90  lw       x12, -0x28(x8)
#5528 0 8000028c fe442703 r 0e         0000000a  lw       x14, -0x1c(x8)
#5529 0 80000290     070a r 0e         00000028  c.slli   x14, 2
#5530 0 80000292     9732 r 0e         f0040eb8  c.add    x14, x12
#5531 0 80000294     c314 m f0040eb8   ffffffff  c.sw     x13, 0x0(x14)
#5532 0 80000296 fcf044e3 r 00         00000000  blt      x0, x15, . - 0x38
#5533 0 8000029a fe442783 r 0f         0000000a  lw       x15, -0x1c(x8)
#5534 0 8000029e     0785 r 0f         0000000b  c.addi   x15, 0x1
#5535 0 800002a0 fef42223 m f0041024   0000000b  sw       x15, -0x1c(x8)
#5536 0 800002a4 fe442703 r 0e         0000000b  lw       x14, -0x1c(x8)
#5537 0 800002a8 fe042783 r 0f         0000005b  lw       x15, -0x20(x8)
#5538 0 800002ac fcf745e3 r 00         00000000  blt      x14, x15, . - 0x36
#5539 0 80000276 fd842703 r 0e         f0040e90  lw       x14, -0x28(x8)
#5540 0 8000027a fe442783 r 0f         0000000b  lw       x15, -0x1c(x8)
#5541 0 8000027e     078a r 0f         0000002c  c.slli   x15, 2
#5542 0 80000280     97ba r 0f         f0040ebc  c.add    x15, x14
#5543 0 80000282     439c r 0f         00000001  c.lw     x15, 0x0(x15)
#5544 0 80000284 fff78693 r 0d         00000000  addi     x13, x15, -0x1
#5545 0 80000288 fd842603 r 0c         f0040e90  lw       x12, -0x28(x8)
#5546 0 8000028c fe442703 r 0e         0000000b  lw       x14, -0x1c(x8)
#5547 0 80000290     070a r 0e         0000002c  c.slli   x14, 2
#5548 0 80000292     9732 r 0e         f0040ebc  c.add    x14, x12
#5549 0 80000294     c314 m f0040ebc   00000000  c.sw     x13, 0x0(x14)
#5550 0 80000296 fcf044e3 r 00         00000000  blt      x0, x15, . - 0x38
#5551 0 8000025e fec42783 r 0f         f0040130  lw       x15, -0x14(x8)
#5552 0 80000262 00478713 r 0e         f0040134  addi     x14, x15, 0x4
#5553 0 80000266 fee42623 m f004102c   f0040134  sw       x14, -0x14(x8)
#5554 0 8000026a fe442683 r 0d         0000000b  lw       x13, -0x1c(x8)
#5555 0 8000026e fcc42703 r 0e         00000000  lw       x14, -0x34(x8)
#5556 0 80000272     9736 r 0e         0000000b  c.add    x14, x13
#5557 0 80000274     c398 m f0040130   0000000b  c.sw     x14, 0x0(x15)
#5558 0 80000276 fd842703 r 0e         f0040e90  lw       x14, -0x28(x8)
#5559 0 8000027a fe442783 r 0f         0000000b  lw       x15, -0x1c(x8)
#5560 0 8000027e     078a r 0f         0000002c  c.slli   x15, 2
#5561 0 80000280     97ba r 0f         f0040ebc  c.add    x15, x14
#5562 0 80000282     439c r 0f         00000000  c.lw     x15, 0x0(x15)
#5563 0 80000284 fff78693 r 0d         ffffffff  addi     x13, x15, -0x1
#5564 0 80000288 fd842603 r 0c         f0040e90  lw       x12, -0x28(x8)
#5565 0 8000028c fe442703 r 0e         0000000b  lw       x14, -0x1c(x8)
#5566 0 80000290     070a r 0e         0000002c  c.slli   x14, 2
#5567 0 80000292     9732 r 0e         f0040ebc  c.add    x14, x12
#5568 0 80000294     c314 m f0040ebc   ffffffff  c.sw     x13, 0x0(x14)
#5569 0 80000296 fcf044e3 r 00         00000000  blt      x0, x15, . - 0x38
#5570 0 8000029a fe442783 r 0f         0000000b  lw       x15, -0x1c(x8)
#5571 0 8000029e     0785 r 0f         0000000c  c.addi   x15, 0x1
#5572 0 800002a0 fef42223 m f0041024   0000000c  sw       x15, -0x1c(x8)
#5573 0 800002a4 fe442703 r 0e         0000000c  lw       x14, -0x1c(x8)
#5574 0 800002a8 fe042783 r 0f         0000005b  lw       x15, -0x20(x8)
#5575 0 800002ac fcf745e3 r 00         00000000  blt      x14, x15, . - 0x36
#5576 0 80000276 fd842703 r 0e         f0040e90  lw       x14, -0x28(x8)
#5577 0 8000027a fe442783 r 0f         0000000c  lw       x15, -0x1c(x8)
#5578 0 8000027e     078a r 0f         00000030  c.slli   x15, 2
#5579 0 80000280     97ba r 0f         f0040ec0  c.add    x15, x14
#5580 0 80000282     439c r 0f         00000001  c.lw     x15, 0x0(x15)
#5581 0 80000284 fff78693 r 0d         00000000  addi     x13, x15, -0x1
#5582 0 80000288 fd842603 r 0c         f0040e90  lw       x12, -0x28(x8)
#5583 0 8000028c fe442703 r 0e         0000000c  lw       x14, -0x1c(x8)
#5584 0 80000290     070a r 0e         00000030  c.slli   x14, 2
#5585 0 80000292     9732 r 0e         f0040ec0  c.add    x14, x12
#5586 0 80000294     c314 m f0040ec0   00000000  c.sw     x13, 0x0(x14)
#5587 0 80000296 fcf044e3 r 00         00000000  blt      x0, x15, . - 0x38
#5588 0 8000025e fec42783 r 0f         f0040134  lw       x15, -0x14(x8)
#5589 0 80000262 00478713 r 0e         f0040138  addi     x14, x15, 0x4
#5590 0 80000266 fee42623 m f004102c   f0040138  sw       x14, -0x14(x8)
#5591 0 8000026a fe442683 r 0d         0000000c  lw       x13, -0x1c(x8)
#5592 0 8000026e fcc42703 r 0e         00000000  lw       x14, -0x34(x8)
#5593 0 80000272     9736 r 0e         0000000c  c.add    x14, x13
#5594 0 80000274     c398 m f0040134   0000000c  c.sw     x14, 0x0(x15)
#5595 0 80000276 fd842703 r 0e         f0040e90  lw       x14, -0x28(x8)
#5596 0 8000027a fe442783 r 0f         0000000c  lw       x15, -0x1c(x8)
#5597 0 8000027e     078a r 0f         00000030  c.slli   x15, 2
#5598 0 80000280     97ba r 0f         f0040ec0  c.add    x15, x14
#5599 0 80000282     439c r 0f         00000000  c.lw     x15, 0x0(x15)
#5600 0 80000284 fff78693 r 0d         ffffffff  addi     x13, x15, -0x1
#5601 0 80000288 fd842603 r 0c         f0040e90  lw       x12, -0x28(x8)
#5602 0 8000028c fe442703 r 0e         0000000c  lw       x14, -0x1c(x8)
#5603 0 80000290     070a r 0e         00000030  c.slli   x14, 2
#5604 0 80000292     9732 r 0e         f0040ec0  c.add    x14, x12
#5605 0 80000294     c314 m f0040ec0   ffffffff  c.sw     x13, 0x0(x14)
#5606 0 80000296 fcf044e3 r 00         00000000  blt      x0, x15, . - 0x38
#5607 0 8000029a fe442783 r 0f         0000000c  lw       x15, -0x1c(x8)
#5608 0 8000029e     0785 r 0f         0000000d  c.addi   x15, 0x1
#5609 0 800002a0 fef42223 m f0041024   0000000d  sw       x15, -0x1c(x8)
#5610 0 800002a4 fe442703 r 0e         0000000d  lw       x14, -0x1c(x8)
#5611 0 800002a8 fe042783 r 0f         0000005b  lw       x15, -0x20(x8)
#5612 0 800002ac fcf745e3 r 00         00000000  blt      x14, x15, . - 0x36
#5613 0 80000276 fd842703 r 0e         f0040e90  lw       x14, -0x28(x8)
#5614 0 8000027a fe442783 r 0f         0000000d  lw       x15, -0x1c(x8)
#5615 0 8000027e     078a r 0f         00000034  c.slli   x15, 2
#5616 0 80000280     97ba r 0f         f0040ec4  c.add    x15, x14
#5617 0 80000282     439c r 0f         00000000  c.lw     x15, 0x0(x15)
#5618 0 80000284 fff78693 r 0d         ffffffff  addi     x13, x15, -0x1
#5619 0 80000288 fd842603 r 0c         f0040e90  lw       x12, -0x28(x8)
#5620 0 8000028c fe442703 r 0e         0000000d  lw       x14, -0x1c(x8)
#5621 0 80000290     070a r 0e         00000034  c.slli   x14, 2
#5622 0 80000292     9732 r 0e         f0040ec4  c.add    x14, x12
#5623 0 80000294     c314 m f0040ec4   ffffffff  c.sw     x13, 0x0(x14)
#5624 0 80000296 fcf044e3 r 00         00000000  blt      x0, x15, . - 0x38
#5625 0 8000029a fe442783 r 0f         0000000d  lw       x15, -0x1c(x8)
#5626 0 8000029e     0785 r 0f         0000000e  c.addi   x15, 0x1
#5627 0 800002a0 fef42223 m f0041024   0000000e  sw       x15, -0x1c(x8)
#5628 0 800002a4 fe442703 r 0e         0000000e  lw       x14, -0x1c(x8)
#5629 0 800002a8 fe042783 r 0f         0000005b  lw       x15, -0x20(x8)
#5630 0 800002ac fcf745e3 r 00         00000000  blt      x14, x15, . - 0x36
#5631 0 80000276 fd842703 r 0e         f0040e90  lw       x14, -0x28(x8)
#5632 0 8000027a fe442783 r 0f         0000000e  lw       x15, -0x1c(x8)
#5633 0 8000027e     078a r 0f         00000038  c.slli   x15, 2
#5634 0 80000280     97ba r 0f         f0040ec8  c.add    x15, x14
#5635 0 80000282     439c r 0f         00000001  c.lw     x15, 0x0(x15)
#5636 0 80000284 fff78693 r 0d         00000000  addi     x13, x15, -0x1
#5637 0 80000288 fd842603 r 0c         f0040e90  lw       x12, -0x28(x8)
#5638 0 8000028c fe442703 r 0e         0000000e  lw       x14, -0x1c(x8)
#5639 0 80000290     070a r 0e         00000038  c.slli   x14, 2
#5640 0 80000292     9732 r 0e         f0040ec8  c.add    x14, x12
#5641 0 80000294     c314 m f0040ec8   00000000  c.sw     x13, 0x0(x14)
#5642 0 80000296 fcf044e3 r 00         00000000  blt      x0, x15, . - 0x38
#5643 0 8000025e fec42783 r 0f         f0040138  lw       x15, -0x14(x8)
#5644 0 80000262 00478713 r 0e         f004013c  addi     x14, x15, 0x4
#5645 0 80000266 fee42623 m f004102c   f004013c  sw       x14, -0x14(x8)
#5646 0 8000026a fe442683 r 0d         0000000e  lw       x13, -0x1c(x8)
#5647 0 8000026e fcc42703 r 0e         00000000  lw       x14, -0x34(x8)
#5648 0 80000272     9736 r 0e         0000000e  c.add    x14, x13
#5649 0 80000274     c398 m f0040138   0000000e  c.sw     x14, 0x0(x15)
#5650 0 80000276 fd842703 r 0e         f0040e90  lw       x14, -0x28(x8)
#5651 0 8000027a fe442783 r 0f         0000000e  lw       x15, -0x1c(x8)
#5652 0 8000027e     078a r 0f         00000038  c.slli   x15, 2
#5653 0 80000280     97ba r 0f         f0040ec8  c.add    x15, x14
#5654 0 80000282     439c r 0f         00000000  c.lw     x15, 0x0(x15)
#5655 0 80000284 fff78693 r 0d         ffffffff  addi     x13, x15, -0x1
#5656 0 80000288 fd842603 r 0c         f0040e90  lw       x12, -0x28(x8)
#5657 0 8000028c fe442703 r 0e         0000000e  lw       x14, -0x1c(x8)
#5658 0 80000290     070a r 0e         00000038  c.slli   x14, 2
#5659 0 80000292     9732 r 0e         f0040ec8  c.add    x14, x12
#5660 0 80000294     c314 m f0040ec8   ffffffff  c.sw     x13, 0x0(x14)
#5661 0 80000296 fcf044e3 r 00         00000000  blt      x0, x15, . - 0x38
#5662 0 8000029a fe442783 r 0f         0000000e  lw       x15, -0x1c(x8)
#5663 0 8000029e     0785 r 0f         0000000f  c.addi   x15, 0x1
#5664 0 800002a0 fef42223 m f0041024   0000000f  sw       x15, -0x1c(x8)
#5665 0 800002a4 fe442703 r 0e         0000000f  lw       x14, -0x1c(x8)
#5666 0 800002a8 fe042783 r 0f         0000005b  lw       x15, -0x20(x8)
#5667 0 800002ac fcf745e3 r 00         00000000  blt      x14, x15, . - 0x36
#5668 0 80000276 fd842703 r 0e         f0040e90  lw       x14, -0x28(x8)
#5669 0 8000027a fe442783 r 0f         0000000f  lw       x15, -0x1c(x8)
#5670 0 8000027e     078a r 0f         0000003c  c.slli   x15, 2
#5671 0 80000280     97ba r 0f         f0040ecc  c.add    x15, x14
#5672 0 80000282     439c r 0f         00000000  c.lw     x15, 0x0(x15)
#5673 0 80000284 fff78693 r 0d         ffffffff  addi     x13, x15, -0x1
#5674 0 80000288 fd842603 r 0c         f0040e90  lw       x12, -0x28(x8)
#5675 0 8000028c fe442703 r 0e         0000000f  lw       x14, -0x1c(x8)
#5676 0 80000290     070a r 0e         0000003c  c.slli   x14, 2
#5677 0 80000292     9732 r 0e         f0040ecc  c.add    x14, x12
#5678 0 80000294     c314 m f0040ecc   ffffffff  c.sw     x13, 0x0(x14)
#5679 0 80000296 fcf044e3 r 00         00000000  blt      x0, x15, . - 0x38
#5680 0 8000029a fe442783 r 0f         0000000f  lw       x15, -0x1c(x8)
#5681 0 8000029e     0785 r 0f         00000010  c.addi   x15, 0x1
#5682 0 800002a0 fef42223 m f0041024   00000010  sw       x15, -0x1c(x8)
#5683 0 800002a4 fe442703 r 0e         00000010  lw       x14, -0x1c(x8)
#5684 0 800002a8 fe042783 r 0f         0000005b  lw       x15, -0x20(x8)
#5685 0 800002ac fcf745e3 r 00         00000000  blt      x14, x15, . - 0x36
#5686 0 80000276 fd842703 r 0e         f0040e90  lw       x14, -0x28(x8)
#5687 0 8000027a fe442783 r 0f         00000010  lw       x15, -0x1c(x8)
#5688 0 8000027e     078a r 0f         00000040  c.slli   x15, 2
#5689 0 80000280     97ba r 0f         f0040ed0  c.add    x15, x14
#5690 0 80000282     439c r 0f         00000000  c.lw     x15, 0x0(x15)
#5691 0 80000284 fff78693 r 0d         ffffffff  addi     x13, x15, -0x1
#5692 0 80000288 fd842603 r 0c         f0040e90  lw       x12, -0x28(x8)
#5693 0 8000028c fe442703 r 0e         00000010  lw       x14, -0x1c(x8)
#5694 0 80000290     070a r 0e         00000040  c.slli   x14, 2
#5695 0 80000292     9732 r 0e         f0040ed0  c.add    x14, x12
#5696 0 80000294     c314 m f0040ed0   ffffffff  c.sw     x13, 0x0(x14)
#5697 0 80000296 fcf044e3 r 00         00000000  blt      x0, x15, . - 0x38
#5698 0 8000029a fe442783 r 0f         00000010  lw       x15, -0x1c(x8)
#5699 0 8000029e     0785 r 0f         00000011  c.addi   x15, 0x1
#5700 0 800002a0 fef42223 m f0041024   00000011  sw       x15, -0x1c(x8)
#5701 0 800002a4 fe442703 r 0e         00000011  lw       x14, -0x1c(x8)
#5702 0 800002a8 fe042783 r 0f         0000005b  lw       x15, -0x20(x8)
#5703 0 800002ac fcf745e3 r 00         00000000  blt      x14, x15, . - 0x36
#5704 0 80000276 fd842703 r 0e         f0040e90  lw       x14, -0x28(x8)
#5705 0 8000027a fe442783 r 0f         00000011  lw       x15, -0x1c(x8)
#5706 0 8000027e     078a r 0f         00000044  c.slli   x15, 2
#5707 0 80000280     97ba r 0f         f0040ed4  c.add    x15, x14
#5708 0 80000282     439c r 0f         00000000  c.lw     x15, 0x0(x15)
#5709 0 80000284 fff78693 r 0d         ffffffff  addi     x13, x15, -0x1
#5710 0 80000288 fd842603 r 0c         f0040e90  lw       x12, -0x28(x8)
#5711 0 8000028c fe442703 r 0e         00000011  lw       x14, -0x1c(x8)
#5712 0 80000290     070a r 0e         00000044  c.slli   x14, 2
#5713 0 80000292     9732 r 0e         f0040ed4  c.add    x14, x12
#5714 0 80000294     c314 m f0040ed4   ffffffff  c.sw     x13, 0x0(x14)
#5715 0 80000296 fcf044e3 r 00         00000000  blt      x0, x15, . - 0x38
#5716 0 8000029a fe442783 r 0f         00000011  lw       x15, -0x1c(x8)
#5717 0 8000029e     0785 r 0f         00000012  c.addi   x15, 0x1
#5718 0 800002a0 fef42223 m f0041024   00000012  sw       x15, -0x1c(x8)
#5719 0 800002a4 fe442703 r 0e         00000012  lw       x14, -0x1c(x8)
#5720 0 800002a8 fe042783 r 0f         0000005b  lw       x15, -0x20(x8)
#5721 0 800002ac fcf745e3 r 00         00000000  blt      x14, x15, . - 0x36
#5722 0 80000276 fd842703 r 0e         f0040e90  lw       x14, -0x28(x8)
#5723 0 8000027a fe442783 r 0f         00000012  lw       x15, -0x1c(x8)
#5724 0 8000027e     078a r 0f         00000048  c.slli   x15, 2
#5725 0 80000280     97ba r 0f         f0040ed8  c.add    x15, x14
#5726 0 80000282     439c r 0f         00000000  c.lw     x15, 0x0(x15)
#5727 0 80000284 fff78693 r 0d         ffffffff  addi     x13, x15, -0x1
#5728 0 80000288 fd842603 r 0c         f0040e90  lw       x12, -0x28(x8)
#5729 0 8000028c fe442703 r 0e         00000012  lw       x14, -0x1c(x8)
#5730 0 80000290     070a r 0e         00000048  c.slli   x14, 2
#5731 0 80000292     9732 r 0e         f0040ed8  c.add    x14, x12
#5732 0 80000294     c314 m f0040ed8   ffffffff  c.sw     x13, 0x0(x14)
#5733 0 80000296 fcf044e3 r 00         00000000  blt      x0, x15, . - 0x38
#5734 0 8000029a fe442783 r 0f         00000012  lw       x15, -0x1c(x8)
#5735 0 8000029e     0785 r 0f         00000013  c.addi   x15, 0x1
#5736 0 800002a0 fef42223 m f0041024   00000013  sw       x15, -0x1c(x8)
#5737 0 800002a4 fe442703 r 0e         00000013  lw       x14, -0x1c(x8)
#5738 0 800002a8 fe042783 r 0f         0000005b  lw       x15, -0x20(x8)
#5739 0 800002ac fcf745e3 r 00         00000000  blt      x14, x15, . - 0x36
#5740 0 80000276 fd842703 r 0e         f0040e90  lw       x14, -0x28(x8)
#5741 0 8000027a fe442783 r 0f         00000013  lw       x15, -0x1c(x8)
#5742 0 8000027e     078a r 0f         0000004c  c.slli   x15, 2
#5743 0 80000280     97ba r 0f         f0040edc  c.add    x15, x14
#5744 0 80000282     439c r 0f         00000000  c.lw     x15, 0x0(x15)
#5745 0 80000284 fff78693 r 0d         ffffffff  addi     x13, x15, -0x1
#5746 0 80000288 fd842603 r 0c         f0040e90  lw       x12, -0x28(x8)
#5747 0 8000028c fe442703 r 0e         00000013  lw       x14, -0x1c(x8)
#5748 0 80000290     070a r 0e         0000004c  c.slli   x14, 2
#5749 0 80000292     9732 r 0e         f0040edc  c.add    x14, x12
#5750 0 80000294     c314 m f0040edc   ffffffff  c.sw     x13, 0x0(x14)
#5751 0 80000296 fcf044e3 r 00         00000000  blt      x0, x15, . - 0x38
#5752 0 8000029a fe442783 r 0f         00000013  lw       x15, -0x1c(x8)
#5753 0 8000029e     0785 r 0f         00000014  c.addi   x15, 0x1
#5754 0 800002a0 fef42223 m f0041024   00000014  sw       x15, -0x1c(x8)
#5755 0 800002a4 fe442703 r 0e         00000014  lw       x14, -0x1c(x8)
#5756 0 800002a8 fe042783 r 0f         0000005b  lw       x15, -0x20(x8)
#5757 0 800002ac fcf745e3 r 00         00000000  blt      x14, x15, . - 0x36
#5758 0 80000276 fd842703 r 0e         f0040e90  lw       x14, -0x28(x8)
#5759 0 8000027a fe442783 r 0f         00000014  lw       x15, -0x1c(x8)
#5760 0 8000027e     078a r 0f         00000050  c.slli   x15, 2
#5761 0 80000280     97ba r 0f         f0040ee0  c.add    x15, x14
#5762 0 80000282     439c r 0f         00000000  c.lw     x15, 0x0(x15)
#5763 0 80000284 fff78693 r 0d         ffffffff  addi     x13, x15, -0x1
#5764 0 80000288 fd842603 r 0c         f0040e90  lw       x12, -0x28(x8)
#5765 0 8000028c fe442703 r 0e         00000014  lw       x14, -0x1c(x8)
#5766 0 80000290     070a r 0e         00000050  c.slli   x14, 2
#5767 0 80000292     9732 r 0e         f0040ee0  c.add    x14, x12
#5768 0 80000294     c314 m f0040ee0   ffffffff  c.sw     x13, 0x0(x14)
#5769 0 80000296 fcf044e3 r 00         00000000  blt      x0, x15, . - 0x38
#5770 0 8000029a fe442783 r 0f         00000014  lw       x15, -0x1c(x8)
#5771 0 8000029e     0785 r 0f         00000015  c.addi   x15, 0x1
#5772 0 800002a0 fef42223 m f0041024   00000015  sw       x15, -0x1c(x8)
#5773 0 800002a4 fe442703 r 0e         00000015  lw       x14, -0x1c(x8)
#5774 0 800002a8 fe042783 r 0f         0000005b  lw       x15, -0x20(x8)
#5775 0 800002ac fcf745e3 r 00         00000000  blt      x14, x15, . - 0x36
#5776 0 80000276 fd842703 r 0e         f0040e90  lw       x14, -0x28(x8)
#5777 0 8000027a fe442783 r 0f         00000015  lw       x15, -0x1c(x8)
#5778 0 8000027e     078a r 0f         00000054  c.slli   x15, 2
#5779 0 80000280     97ba r 0f         f0040ee4  c.add    x15, x14
#5780 0 80000282     439c r 0f         00000000  c.lw     x15, 0x0(x15)
#5781 0 80000284 fff78693 r 0d         ffffffff  addi     x13, x15, -0x1
#5782 0 80000288 fd842603 r 0c         f0040e90  lw       x12, -0x28(x8)
#5783 0 8000028c fe442703 r 0e         00000015  lw       x14, -0x1c(x8)
#5784 0 80000290     070a r 0e         00000054  c.slli   x14, 2
#5785 0 80000292     9732 r 0e         f0040ee4  c.add    x14, x12
#5786 0 80000294     c314 m f0040ee4   ffffffff  c.sw     x13, 0x0(x14)
#5787 0 80000296 fcf044e3 r 00         00000000  blt      x0, x15, . - 0x38
#5788 0 8000029a fe442783 r 0f         00000015  lw       x15, -0x1c(x8)
#5789 0 8000029e     0785 r 0f         00000016  c.addi   x15, 0x1
#5790 0 800002a0 fef42223 m f0041024   00000016  sw       x15, -0x1c(x8)
#5791 0 800002a4 fe442703 r 0e         00000016  lw       x14, -0x1c(x8)
#5792 0 800002a8 fe042783 r 0f         0000005b  lw       x15, -0x20(x8)
#5793 0 800002ac fcf745e3 r 00         00000000  blt      x14, x15, . - 0x36
#5794 0 80000276 fd842703 r 0e         f0040e90  lw       x14, -0x28(x8)
#5795 0 8000027a fe442783 r 0f         00000016  lw       x15, -0x1c(x8)
#5796 0 8000027e     078a r 0f         00000058  c.slli   x15, 2
#5797 0 80000280     97ba r 0f         f0040ee8  c.add    x15, x14
#5798 0 80000282     439c r 0f         00000000  c.lw     x15, 0x0(x15)
#5799 0 80000284 fff78693 r 0d         ffffffff  addi     x13, x15, -0x1
#5800 0 80000288 fd842603 r 0c         f0040e90  lw       x12, -0x28(x8)
#5801 0 8000028c fe442703 r 0e         00000016  lw       x14, -0x1c(x8)
#5802 0 80000290     070a r 0e         00000058  c.slli   x14, 2
#5803 0 80000292     9732 r 0e         f0040ee8  c.add    x14, x12
#5804 0 80000294     c314 m f0040ee8   ffffffff  c.sw     x13, 0x0(x14)
#5805 0 80000296 fcf044e3 r 00         00000000  blt      x0, x15, . - 0x38
#5806 0 8000029a fe442783 r 0f         00000016  lw       x15, -0x1c(x8)
#5807 0 8000029e     0785 r 0f         00000017  c.addi   x15, 0x1
#5808 0 800002a0 fef42223 m f0041024   00000017  sw       x15, -0x1c(x8)
#5809 0 800002a4 fe442703 r 0e         00000017  lw       x14, -0x1c(x8)
#5810 0 800002a8 fe042783 r 0f         0000005b  lw       x15, -0x20(x8)
#5811 0 800002ac fcf745e3 r 00         00000000  blt      x14, x15, . - 0x36
#5812 0 80000276 fd842703 r 0e         f0040e90  lw       x14, -0x28(x8)
#5813 0 8000027a fe442783 r 0f         00000017  lw       x15, -0x1c(x8)
#5814 0 8000027e     078a r 0f         0000005c  c.slli   x15, 2
#5815 0 80000280     97ba r 0f         f0040eec  c.add    x15, x14
#5816 0 80000282     439c r 0f         00000001  c.lw     x15, 0x0(x15)
#5817 0 80000284 fff78693 r 0d         00000000  addi     x13, x15, -0x1
#5818 0 80000288 fd842603 r 0c         f0040e90  lw       x12, -0x28(x8)
#5819 0 8000028c fe442703 r 0e         00000017  lw       x14, -0x1c(x8)
#5820 0 80000290     070a r 0e         0000005c  c.slli   x14, 2
#5821 0 80000292     9732 r 0e         f0040eec  c.add    x14, x12
#5822 0 80000294     c314 m f0040eec   00000000  c.sw     x13, 0x0(x14)
#5823 0 80000296 fcf044e3 r 00         00000000  blt      x0, x15, . - 0x38
#5824 0 8000025e fec42783 r 0f         f004013c  lw       x15, -0x14(x8)
#5825 0 80000262 00478713 r 0e         f0040140  addi     x14, x15, 0x4
#5826 0 80000266 fee42623 m f004102c   f0040140  sw       x14, -0x14(x8)
#5827 0 8000026a fe442683 r 0d         00000017  lw       x13, -0x1c(x8)
#5828 0 8000026e fcc42703 r 0e         00000000  lw       x14, -0x34(x8)
#5829 0 80000272     9736 r 0e         00000017  c.add    x14, x13
#5830 0 80000274     c398 m f004013c   00000017  c.sw     x14, 0x0(x15)
#5831 0 80000276 fd842703 r 0e         f0040e90  lw       x14, -0x28(x8)
#5832 0 8000027a fe442783 r 0f         00000017  lw       x15, -0x1c(x8)
#5833 0 8000027e     078a r 0f         0000005c  c.slli   x15, 2
#5834 0 80000280     97ba r 0f         f0040eec  c.add    x15, x14
#5835 0 80000282     439c r 0f         00000000  c.lw     x15, 0x0(x15)
#5836 0 80000284 fff78693 r 0d         ffffffff  addi     x13, x15, -0x1
#5837 0 80000288 fd842603 r 0c         f0040e90  lw       x12, -0x28(x8)
#5838 0 8000028c fe442703 r 0e         00000017  lw       x14, -0x1c(x8)
#5839 0 80000290     070a r 0e         0000005c  c.slli   x14, 2
#5840 0 80000292     9732 r 0e         f0040eec  c.add    x14, x12
#5841 0 80000294     c314 m f0040eec   ffffffff  c.sw     x13, 0x0(x14)
#5842 0 80000296 fcf044e3 r 00         00000000  blt      x0, x15, . - 0x38
#5843 0 8000029a fe442783 r 0f         00000017  lw       x15, -0x1c(x8)
#5844 0 8000029e     0785 r 0f         00000018  c.addi   x15, 0x1
#5845 0 800002a0 fef42223 m f0041024   00000018  sw       x15, -0x1c(x8)
#5846 0 800002a4 fe442703 r 0e         00000018  lw       x14, -0x1c(x8)
#5847 0 800002a8 fe042783 r 0f         0000005b  lw       x15, -0x20(x8)
#5848 0 800002ac fcf745e3 r 00         00000000  blt      x14, x15, . - 0x36
#5849 0 80000276 fd842703 r 0e         f0040e90  lw       x14, -0x28(x8)
#5850 0 8000027a fe442783 r 0f         00000018  lw       x15, -0x1c(x8)
#5851 0 8000027e     078a r 0f         00000060  c.slli   x15, 2
#5852 0 80000280     97ba r 0f         f0040ef0  c.add    x15, x14
#5853 0 80000282     439c r 0f         00000000  c.lw     x15, 0x0(x15)
#5854 0 80000284 fff78693 r 0d         ffffffff  addi     x13, x15, -0x1
#5855 0 80000288 fd842603 r 0c         f0040e90  lw       x12, -0x28(x8)
#5856 0 8000028c fe442703 r 0e         00000018  lw       x14, -0x1c(x8)
#5857 0 80000290     070a r 0e         00000060  c.slli   x14, 2
#5858 0 80000292     9732 r 0e         f0040ef0  c.add    x14, x12
#5859 0 80000294     c314 m f0040ef0   ffffffff  c.sw     x13, 0x0(x14)
#5860 0 80000296 fcf044e3 r 00         00000000  blt      x0, x15, . - 0x38
#5861 0 8000029a fe442783 r 0f         00000018  lw       x15, -0x1c(x8)
#5862 0 8000029e     0785 r 0f         00000019  c.addi   x15, 0x1
#5863 0 800002a0 fef42223 m f0041024   00000019  sw       x15, -0x1c(x8)
#5864 0 800002a4 fe442703 r 0e         00000019  lw       x14, -0x1c(x8)
#5865 0 800002a8 fe042783 r 0f         0000005b  lw       x15, -0x20(x8)
#5866 0 800002ac fcf745e3 r 00         00000000  blt      x14, x15, . - 0x36
#5867 0 80000276 fd842703 r 0e         f0040e90  lw       x14, -0x28(x8)
#5868 0 8000027a fe442783 r 0f         00000019  lw       x15, -0x1c(x8)
#5869 0 8000027e     078a r 0f         00000064  c.slli   x15, 2
#5870 0 80000280     97ba r 0f         f0040ef4  c.add    x15, x14
#5871 0 80000282     439c r 0f         00000000  c.lw     x15, 0x0(x15)
#5872 0 80000284 fff78693 r 0d         ffffffff  addi     x13, x15, -0x1
#5873 0 80000288 fd842603 r 0c         f0040e90  lw       x12, -0x28(x8)
#5874 0 8000028c fe442703 r 0e         00000019  lw       x14, -0x1c(x8)
#5875 0 80000290     070a r 0e         00000064  c.slli   x14, 2
#5876 0 80000292     9732 r 0e         f0040ef4  c.add    x14, x12
#5877 0 80000294     c314 m f0040ef4   ffffffff  c.sw     x13, 0x0(x14)
#5878 0 80000296 fcf044e3 r 00         00000000  blt      x0, x15, . - 0x38
#5879 0 8000029a fe442783 r 0f         00000019  lw       x15, -0x1c(x8)
#5880 0 8000029e     0785 r 0f         0000001a  c.addi   x15, 0x1
#5881 0 800002a0 fef42223 m f0041024   0000001a  sw       x15, -0x1c(x8)
#5882 0 800002a4 fe442703 r 0e         0000001a  lw       x14, -0x1c(x8)
#5883 0 800002a8 fe042783 r 0f         0000005b  lw       x15, -0x20(x8)
#5884 0 800002ac fcf745e3 r 00         00000000  blt      x14, x15, . - 0x36
#5885 0 80000276 fd842703 r 0e         f0040e90  lw       x14, -0x28(x8)
#5886 0 8000027a fe442783 r 0f         0000001a  lw       x15, -0x1c(x8)
#5887 0 8000027e     078a r 0f         00000068  c.slli   x15, 2
#5888 0 80000280     97ba r 0f         f0040ef8  c.add    x15, x14
#5889 0 80000282     439c r 0f         00000000  c.lw     x15, 0x0(x15)
#5890 0 80000284 fff78693 r 0d         ffffffff  addi     x13, x15, -0x1
#5891 0 80000288 fd842603 r 0c         f0040e90  lw       x12, -0x28(x8)
#5892 0 8000028c fe442703 r 0e         0000001a  lw       x14, -0x1c(x8)
#5893 0 80000290     070a r 0e         00000068  c.slli   x14, 2
#5894 0 80000292     9732 r 0e         f0040ef8  c.add    x14, x12
#5895 0 80000294     c314 m f0040ef8   ffffffff  c.sw     x13, 0x0(x14)
#5896 0 80000296 fcf044e3 r 00         00000000  blt      x0, x15, . - 0x38
#5897 0 8000029a fe442783 r 0f         0000001a  lw       x15, -0x1c(x8)
#5898 0 8000029e     0785 r 0f         0000001b  c.addi   x15, 0x1
#5899 0 800002a0 fef42223 m f0041024   0000001b  sw       x15, -0x1c(x8)
#5900 0 800002a4 fe442703 r 0e         0000001b  lw       x14, -0x1c(x8)
#5901 0 800002a8 fe042783 r 0f         0000005b  lw       x15, -0x20(x8)
#5902 0 800002ac fcf745e3 r 00         00000000  blt      x14, x15, . - 0x36
#5903 0 80000276 fd842703 r 0e         f0040e90  lw       x14, -0x28(x8)
#5904 0 8000027a fe442783 r 0f         0000001b  lw       x15, -0x1c(x8)
#5905 0 8000027e     078a r 0f         0000006c  c.slli   x15, 2
#5906 0 80000280     97ba r 0f         f0040efc  c.add    x15, x14
#5907 0 80000282     439c r 0f         00000000  c.lw     x15, 0x0(x15)
#5908 0 80000284 fff78693 r 0d         ffffffff  addi     x13, x15, -0x1
#5909 0 80000288 fd842603 r 0c         f0040e90  lw       x12, -0x28(x8)
#5910 0 8000028c fe442703 r 0e         0000001b  lw       x14, -0x1c(x8)
#5911 0 80000290     070a r 0e         0000006c  c.slli   x14, 2
#5912 0 80000292     9732 r 0e         f0040efc  c.add    x14, x12
#5913 0 80000294     c314 m f0040efc   ffffffff  c.sw     x13, 0x0(x14)
#5914 0 80000296 fcf044e3 r 00         00000000  blt      x0, x15, . - 0x38
#5915 0 8000029a fe442783 r 0f         0000001b  lw       x15, -0x1c(x8)
#5916 0 8000029e     0785 r 0f         0000001c  c.addi   x15, 0x1
#5917 0 800002a0 fef42223 m f0041024   0000001c  sw       x15, -0x1c(x8)
#5918 0 800002a4 fe442703 r 0e         0000001c  lw       x14, -0x1c(x8)
#5919 0 800002a8 fe042783 r 0f         0000005b  lw       x15, -0x20(x8)
#5920 0 800002ac fcf745e3 r 00         00000000  blt      x14, x15, . - 0x36
#5921 0 80000276 fd842703 r 0e         f0040e90  lw       x14, -0x28(x8)
#5922 0 8000027a fe442783 r 0f         0000001c  lw       x15, -0x1c(x8)
#5923 0 8000027e     078a r 0f         00000070  c.slli   x15, 2
#5924 0 80000280     97ba r 0f         f0040f00  c.add    x15, x14
#5925 0 80000282     439c r 0f         00000000  c.lw     x15, 0x0(x15)
#5926 0 80000284 fff78693 r 0d         ffffffff  addi     x13, x15, -0x1
#5927 0 80000288 fd842603 r 0c         f0040e90  lw       x12, -0x28(x8)
#5928 0 8000028c fe442703 r 0e         0000001c  lw       x14, -0x1c(x8)
#5929 0 80000290     070a r 0e         00000070  c.slli   x14, 2
#5930 0 80000292     9732 r 0e         f0040f00  c.add    x14, x12
#5931 0 80000294     c314 m f0040f00   ffffffff  c.sw     x13, 0x0(x14)
#5932 0 80000296 fcf044e3 r 00         00000000  blt      x0, x15, . - 0x38
#5933 0 8000029a fe442783 r 0f         0000001c  lw       x15, -0x1c(x8)
#5934 0 8000029e     0785 r 0f         0000001d  c.addi   x15, 0x1
#5935 0 800002a0 fef42223 m f0041024   0000001d  sw       x15, -0x1c(x8)
#5936 0 800002a4 fe442703 r 0e         0000001d  lw       x14, -0x1c(x8)
#5937 0 800002a8 fe042783 r 0f         0000005b  lw       x15, -0x20(x8)
#5938 0 800002ac fcf745e3 r 00         00000000  blt      x14, x15, . - 0x36
#5939 0 80000276 fd842703 r 0e         f0040e90  lw       x14, -0x28(x8)
#5940 0 8000027a fe442783 r 0f         0000001d  lw       x15, -0x1c(x8)
#5941 0 8000027e     078a r 0f         00000074  c.slli   x15, 2
#5942 0 80000280     97ba r 0f         f0040f04  c.add    x15, x14
#5943 0 80000282     439c r 0f         00000000  c.lw     x15, 0x0(x15)
#5944 0 80000284 fff78693 r 0d         ffffffff  addi     x13, x15, -0x1
#5945 0 80000288 fd842603 r 0c         f0040e90  lw       x12, -0x28(x8)
#5946 0 8000028c fe442703 r 0e         0000001d  lw       x14, -0x1c(x8)
#5947 0 80000290     070a r 0e         00000074  c.slli   x14, 2
#5948 0 80000292     9732 r 0e         f0040f04  c.add    x14, x12
#5949 0 80000294     c314 m f0040f04   ffffffff  c.sw     x13, 0x0(x14)
#5950 0 80000296 fcf044e3 r 00         00000000  blt      x0, x15, . - 0x38
#5951 0 8000029a fe442783 r 0f         0000001d  lw       x15, -0x1c(x8)
#5952 0 8000029e     0785 r 0f         0000001e  c.addi   x15, 0x1
#5953 0 800002a0 fef42223 m f0041024   0000001e  sw       x15, -0x1c(x8)
#5954 0 800002a4 fe442703 r 0e         0000001e  lw       x14, -0x1c(x8)
#5955 0 800002a8 fe042783 r 0f         0000005b  lw       x15, -0x20(x8)
#5956 0 800002ac fcf745e3 r 00         00000000  blt      x14, x15, . - 0x36
#5957 0 80000276 fd842703 r 0e         f0040e90  lw       x14, -0x28(x8)
#5958 0 8000027a fe442783 r 0f         0000001e  lw       x15, -0x1c(x8)
#5959 0 8000027e     078a r 0f         00000078  c.slli   x15, 2
#5960 0 80000280     97ba r 0f         f0040f08  c.add    x15, x14
#5961 0 80000282     439c r 0f         00000000  c.lw     x15, 0x0(x15)
#5962 0 80000284 fff78693 r 0d         ffffffff  addi     x13, x15, -0x1
#5963 0 80000288 fd842603 r 0c         f0040e90  lw       x12, -0x28(x8)
#5964 0 8000028c fe442703 r 0e         0000001e  lw       x14, -0x1c(x8)
#5965 0 80000290     070a r 0e         00000078  c.slli   x14, 2
#5966 0 80000292     9732 r 0e         f0040f08  c.add    x14, x12
#5967 0 80000294     c314 m f0040f08   ffffffff  c.sw     x13, 0x0(x14)
#5968 0 80000296 fcf044e3 r 00         00000000  blt      x0, x15, . - 0x38
#5969 0 8000029a fe442783 r 0f         0000001e  lw       x15, -0x1c(x8)
#5970 0 8000029e     0785 r 0f         0000001f  c.addi   x15, 0x1
#5971 0 800002a0 fef42223 m f0041024   0000001f  sw       x15, -0x1c(x8)
#5972 0 800002a4 fe442703 r 0e         0000001f  lw       x14, -0x1c(x8)
#5973 0 800002a8 fe042783 r 0f         0000005b  lw       x15, -0x20(x8)
#5974 0 800002ac fcf745e3 r 00         00000000  blt      x14, x15, . - 0x36
#5975 0 80000276 fd842703 r 0e         f0040e90  lw       x14, -0x28(x8)
#5976 0 8000027a fe442783 r 0f         0000001f  lw       x15, -0x1c(x8)
#5977 0 8000027e     078a r 0f         0000007c  c.slli   x15, 2
#5978 0 80000280     97ba r 0f         f0040f0c  c.add    x15, x14
#5979 0 80000282     439c r 0f         00000000  c.lw     x15, 0x0(x15)
#5980 0 80000284 fff78693 r 0d         ffffffff  addi     x13, x15, -0x1
#5981 0 80000288 fd842603 r 0c         f0040e90  lw       x12, -0x28(x8)
#5982 0 8000028c fe442703 r 0e         0000001f  lw       x14, -0x1c(x8)
#5983 0 80000290     070a r 0e         0000007c  c.slli   x14, 2
#5984 0 80000292     9732 r 0e         f0040f0c  c.add    x14, x12
#5985 0 80000294     c314 m f0040f0c   ffffffff  c.sw     x13, 0x0(x14)
#5986 0 80000296 fcf044e3 r 00         00000000  blt      x0, x15, . - 0x38
#5987 0 8000029a fe442783 r 0f         0000001f  lw       x15, -0x1c(x8)
#5988 0 8000029e     0785 r 0f         00000020  c.addi   x15, 0x1
#5989 0 800002a0 fef42223 m f0041024   00000020  sw       x15, -0x1c(x8)
#5990 0 800002a4 fe442703 r 0e         00000020  lw       x14, -0x1c(x8)
#5991 0 800002a8 fe042783 r 0f         0000005b  lw       x15, -0x20(x8)
#5992 0 800002ac fcf745e3 r 00         00000000  blt      x14, x15, . - 0x36
#5993 0 80000276 fd842703 r 0e         f0040e90  lw       x14, -0x28(x8)
#5994 0 8000027a fe442783 r 0f         00000020  lw       x15, -0x1c(x8)
#5995 0 8000027e     078a r 0f         00000080  c.slli   x15, 2
#5996 0 80000280     97ba r 0f         f0040f10  c.add    x15, x14
#5997 0 80000282     439c r 0f         00000000  c.lw     x15, 0x0(x15)
#5998 0 80000284 fff78693 r 0d         ffffffff  addi     x13, x15, -0x1
#5999 0 80000288 fd842603 r 0c         f0040e90  lw       x12, -0x28(x8)
#6000 0 8000028c fe442703 r 0e         00000020  lw       x14, -0x1c(x8)
#6001 0 80000290     070a r 0e         00000080  c.slli   x14, 2
#6002 0 80000292     9732 r 0e         f0040f10  c.add    x14, x12
#6003 0 80000294     c314 m f0040f10   ffffffff  c.sw     x13, 0x0(x14)
#6004 0 80000296 fcf044e3 r 00         00000000  blt      x0, x15, . - 0x38
#6005 0 8000029a fe442783 r 0f         00000020  lw       x15, -0x1c(x8)
#6006 0 8000029e     0785 r 0f         00000021  c.addi   x15, 0x1
#6007 0 800002a0 fef42223 m f0041024   00000021  sw       x15, -0x1c(x8)
#6008 0 800002a4 fe442703 r 0e         00000021  lw       x14, -0x1c(x8)
#6009 0 800002a8 fe042783 r 0f         0000005b  lw       x15, -0x20(x8)
#6010 0 800002ac fcf745e3 r 00         00000000  blt      x14, x15, . - 0x36
#6011 0 80000276 fd842703 r 0e         f0040e90  lw       x14, -0x28(x8)
#6012 0 8000027a fe442783 r 0f         00000021  lw       x15, -0x1c(x8)
#6013 0 8000027e     078a r 0f         00000084  c.slli   x15, 2
#6014 0 80000280     97ba r 0f         f0040f14  c.add    x15, x14
#6015 0 80000282     439c r 0f         00000000  c.lw     x15, 0x0(x15)
#6016 0 80000284 fff78693 r 0d         ffffffff  addi     x13, x15, -0x1
#6017 0 80000288 fd842603 r 0c         f0040e90  lw       x12, -0x28(x8)
#6018 0 8000028c fe442703 r 0e         00000021  lw       x14, -0x1c(x8)
#6019 0 80000290     070a r 0e         00000084  c.slli   x14, 2
#6020 0 80000292     9732 r 0e         f0040f14  c.add    x14, x12
#6021 0 80000294     c314 m f0040f14   ffffffff  c.sw     x13, 0x0(x14)
#6022 0 80000296 fcf044e3 r 00         00000000  blt      x0, x15, . - 0x38
#6023 0 8000029a fe442783 r 0f         00000021  lw       x15, -0x1c(x8)
#6024 0 8000029e     0785 r 0f         00000022  c.addi   x15, 0x1
#6025 0 800002a0 fef42223 m f0041024   00000022  sw       x15, -0x1c(x8)
#6026 0 800002a4 fe442703 r 0e         00000022  lw       x14, -0x1c(x8)
#6027 0 800002a8 fe042783 r 0f         0000005b  lw       x15, -0x20(x8)
#6028 0 800002ac fcf745e3 r 00         00000000  blt      x14, x15, . - 0x36
#6029 0 80000276 fd842703 r 0e         f0040e90  lw       x14, -0x28(x8)
#6030 0 8000027a fe442783 r 0f         00000022  lw       x15, -0x1c(x8)
#6031 0 8000027e     078a r 0f         00000088  c.slli   x15, 2
#6032 0 80000280     97ba r 0f         f0040f18  c.add    x15, x14
#6033 0 80000282     439c r 0f         00000001  c.lw     x15, 0x0(x15)
#6034 0 80000284 fff78693 r 0d         00000000  addi     x13, x15, -0x1
#6035 0 80000288 fd842603 r 0c         f0040e90  lw       x12, -0x28(x8)
#6036 0 8000028c fe442703 r 0e         00000022  lw       x14, -0x1c(x8)
#6037 0 80000290     070a r 0e         00000088  c.slli   x14, 2
#6038 0 80000292     9732 r 0e         f0040f18  c.add    x14, x12
#6039 0 80000294     c314 m f0040f18   00000000  c.sw     x13, 0x0(x14)
#6040 0 80000296 fcf044e3 r 00         00000000  blt      x0, x15, . - 0x38
#6041 0 8000025e fec42783 r 0f         f0040140  lw       x15, -0x14(x8)
#6042 0 80000262 00478713 r 0e         f0040144  addi     x14, x15, 0x4
#6043 0 80000266 fee42623 m f004102c   f0040144  sw       x14, -0x14(x8)
#6044 0 8000026a fe442683 r 0d         00000022  lw       x13, -0x1c(x8)
#6045 0 8000026e fcc42703 r 0e         00000000  lw       x14, -0x34(x8)
#6046 0 80000272     9736 r 0e         00000022  c.add    x14, x13
#6047 0 80000274     c398 m f0040140   00000022  c.sw     x14, 0x0(x15)
#6048 0 80000276 fd842703 r 0e         f0040e90  lw       x14, -0x28(x8)
#6049 0 8000027a fe442783 r 0f         00000022  lw       x15, -0x1c(x8)
#6050 0 8000027e     078a r 0f         00000088  c.slli   x15, 2
#6051 0 80000280     97ba r 0f         f0040f18  c.add    x15, x14
#6052 0 80000282     439c r 0f         00000000  c.lw     x15, 0x0(x15)
#6053 0 80000284 fff78693 r 0d         ffffffff  addi     x13, x15, -0x1
#6054 0 80000288 fd842603 r 0c         f0040e90  lw       x12, -0x28(x8)
#6055 0 8000028c fe442703 r 0e         00000022  lw       x14, -0x1c(x8)
#6056 0 80000290     070a r 0e         00000088  c.slli   x14, 2
#6057 0 80000292     9732 r 0e         f0040f18  c.add    x14, x12
#6058 0 80000294     c314 m f0040f18   ffffffff  c.sw     x13, 0x0(x14)
#6059 0 80000296 fcf044e3 r 00         00000000  blt      x0, x15, . - 0x38
#6060 0 8000029a fe442783 r 0f         00000022  lw       x15, -0x1c(x8)
#6061 0 8000029e     0785 r 0f         00000023  c.addi   x15, 0x1
#6062 0 800002a0 fef42223 m f0041024   00000023  sw       x15, -0x1c(x8)
#6063 0 800002a4 fe442703 r 0e         00000023  lw       x14, -0x1c(x8)
#6064 0 800002a8 fe042783 r 0f         0000005b  lw       x15, -0x20(x8)
#6065 0 800002ac fcf745e3 r 00         00000000  blt      x14, x15, . - 0x36
#6066 0 80000276 fd842703 r 0e         f0040e90  lw       x14, -0x28(x8)
#6067 0 8000027a fe442783 r 0f         00000023  lw       x15, -0x1c(x8)
#6068 0 8000027e     078a r 0f         0000008c  c.slli   x15, 2
#6069 0 80000280     97ba r 0f         f0040f1c  c.add    x15, x14
#6070 0 80000282     439c r 0f         00000000  c.lw     x15, 0x0(x15)
#6071 0 80000284 fff78693 r 0d         ffffffff  addi     x13, x15, -0x1
#6072 0 80000288 fd842603 r 0c         f0040e90  lw       x12, -0x28(x8)
#6073 0 8000028c fe442703 r 0e         00000023  lw       x14, -0x1c(x8)
#6074 0 80000290     070a r 0e         0000008c  c.slli   x14, 2
#6075 0 80000292     9732 r 0e         f0040f1c  c.add    x14, x12
#6076 0 80000294     c314 m f0040f1c   ffffffff  c.sw     x13, 0x0(x14)
#6077 0 80000296 fcf044e3 r 00         00000000  blt      x0, x15, . - 0x38
#6078 0 8000029a fe442783 r 0f         00000023  lw       x15, -0x1c(x8)
#6079 0 8000029e     0785 r 0f         00000024  c.addi   x15, 0x1
#6080 0 800002a0 fef42223 m f0041024   00000024  sw       x15, -0x1c(x8)
#6081 0 800002a4 fe442703 r 0e         00000024  lw       x14, -0x1c(x8)
#6082 0 800002a8 fe042783 r 0f         0000005b  lw       x15, -0x20(x8)
#6083 0 800002ac fcf745e3 r 00         00000000  blt      x14, x15, . - 0x36
#6084 0 80000276 fd842703 r 0e         f0040e90  lw       x14, -0x28(x8)
#6085 0 8000027a fe442783 r 0f         00000024  lw       x15, -0x1c(x8)
#6086 0 8000027e     078a r 0f         00000090  c.slli   x15, 2
#6087 0 80000280     97ba r 0f         f0040f20  c.add    x15, x14
#6088 0 80000282     439c r 0f         00000000  c.lw     x15, 0x0(x15)
#6089 0 80000284 fff78693 r 0d         ffffffff  addi     x13, x15, -0x1
#6090 0 80000288 fd842603 r 0c         f0040e90  lw       x12, -0x28(x8)
#6091 0 8000028c fe442703 r 0e         00000024  lw       x14, -0x1c(x8)
#6092 0 80000290     070a r 0e         00000090  c.slli   x14, 2
#6093 0 80000292     9732 r 0e         f0040f20  c.add    x14, x12
#6094 0 80000294     c314 m f0040f20   ffffffff  c.sw     x13, 0x0(x14)
#6095 0 80000296 fcf044e3 r 00         00000000  blt      x0, x15, . - 0x38
#6096 0 8000029a fe442783 r 0f         00000024  lw       x15, -0x1c(x8)
#6097 0 8000029e     0785 r 0f         00000025  c.addi   x15, 0x1
#6098 0 800002a0 fef42223 m f0041024   00000025  sw       x15, -0x1c(x8)
#6099 0 800002a4 fe442703 r 0e         00000025  lw       x14, -0x1c(x8)
#6100 0 800002a8 fe042783 r 0f         0000005b  lw       x15, -0x20(x8)
#6101 0 800002ac fcf745e3 r 00         00000000  blt      x14, x15, . - 0x36
#6102 0 80000276 fd842703 r 0e         f0040e90  lw       x14, -0x28(x8)
#6103 0 8000027a fe442783 r 0f         00000025  lw       x15, -0x1c(x8)
#6104 0 8000027e     078a r 0f         00000094  c.slli   x15, 2
#6105 0 80000280     97ba r 0f         f0040f24  c.add    x15, x14
#6106 0 80000282     439c r 0f         00000000  c.lw     x15, 0x0(x15)
#6107 0 80000284 fff78693 r 0d         ffffffff  addi     x13, x15, -0x1
#6108 0 80000288 fd842603 r 0c         f0040e90  lw       x12, -0x28(x8)
#6109 0 8000028c fe442703 r 0e         00000025  lw       x14, -0x1c(x8)
#6110 0 80000290     070a r 0e         00000094  c.slli   x14, 2
#6111 0 80000292     9732 r 0e         f0040f24  c.add    x14, x12
#6112 0 80000294     c314 m f0040f24   ffffffff  c.sw     x13, 0x0(x14)
#6113 0 80000296 fcf044e3 r 00         00000000  blt      x0, x15, . - 0x38
#6114 0 8000029a fe442783 r 0f         00000025  lw       x15, -0x1c(x8)
#6115 0 8000029e     0785 r 0f         00000026  c.addi   x15, 0x1
#6116 0 800002a0 fef42223 m f0041024   00000026  sw       x15, -0x1c(x8)
#6117 0 800002a4 fe442703 r 0e         00000026  lw       x14, -0x1c(x8)
#6118 0 800002a8 fe042783 r 0f         0000005b  lw       x15, -0x20(x8)
#6119 0 800002ac fcf745e3 r 00         00000000  blt      x14, x15, . - 0x36
#6120 0 80000276 fd842703 r 0e         f0040e90  lw       x14, -0x28(x8)
#6121 0 8000027a fe442783 r 0f         00000026  lw       x15, -0x1c(x8)
#6122 0 8000027e     078a r 0f         00000098  c.slli   x15, 2
#6123 0 80000280     97ba r 0f         f0040f28  c.add    x15, x14
#6124 0 80000282     439c r 0f         00000000  c.lw     x15, 0x0(x15)
#6125 0 80000284 fff78693 r 0d         ffffffff  addi     x13, x15, -0x1
#6126 0 80000288 fd842603 r 0c         f0040e90  lw       x12, -0x28(x8)
#6127 0 8000028c fe442703 r 0e         00000026  lw       x14, -0x1c(x8)
#6128 0 80000290     070a r 0e         00000098  c.slli   x14, 2
#6129 0 80000292     9732 r 0e         f0040f28  c.add    x14, x12
#6130 0 80000294     c314 m f0040f28   ffffffff  c.sw     x13, 0x0(x14)
#6131 0 80000296 fcf044e3 r 00         00000000  blt      x0, x15, . - 0x38
#6132 0 8000029a fe442783 r 0f         00000026  lw       x15, -0x1c(x8)
#6133 0 8000029e     0785 r 0f         00000027  c.addi   x15, 0x1
#6134 0 800002a0 fef42223 m f0041024   00000027  sw       x15, -0x1c(x8)
#6135 0 800002a4 fe442703 r 0e         00000027  lw       x14, -0x1c(x8)
#6136 0 800002a8 fe042783 r 0f         0000005b  lw       x15, -0x20(x8)
#6137 0 800002ac fcf745e3 r 00         00000000  blt      x14, x15, . - 0x36
#6138 0 80000276 fd842703 r 0e         f0040e90  lw       x14, -0x28(x8)
#6139 0 8000027a fe442783 r 0f         00000027  lw       x15, -0x1c(x8)
#6140 0 8000027e     078a r 0f         0000009c  c.slli   x15, 2
#6141 0 80000280     97ba r 0f         f0040f2c  c.add    x15, x14
#6142 0 80000282     439c r 0f         00000000  c.lw     x15, 0x0(x15)
#6143 0 80000284 fff78693 r 0d         ffffffff  addi     x13, x15, -0x1
#6144 0 80000288 fd842603 r 0c         f0040e90  lw       x12, -0x28(x8)
#6145 0 8000028c fe442703 r 0e         00000027  lw       x14, -0x1c(x8)
#6146 0 80000290     070a r 0e         0000009c  c.slli   x14, 2
#6147 0 80000292     9732 r 0e         f0040f2c  c.add    x14, x12
#6148 0 80000294     c314 m f0040f2c   ffffffff  c.sw     x13, 0x0(x14)
#6149 0 80000296 fcf044e3 r 00         00000000  blt      x0, x15, . - 0x38
#6150 0 8000029a fe442783 r 0f         00000027  lw       x15, -0x1c(x8)
#6151 0 8000029e     0785 r 0f         00000028  c.addi   x15, 0x1
#6152 0 800002a0 fef42223 m f0041024   00000028  sw       x15, -0x1c(x8)
#6153 0 800002a4 fe442703 r 0e         00000028  lw       x14, -0x1c(x8)
#6154 0 800002a8 fe042783 r 0f         0000005b  lw       x15, -0x20(x8)
#6155 0 800002ac fcf745e3 r 00         00000000  blt      x14, x15, . - 0x36
#6156 0 80000276 fd842703 r 0e         f0040e90  lw       x14, -0x28(x8)
#6157 0 8000027a fe442783 r 0f         00000028  lw       x15, -0x1c(x8)
#6158 0 8000027e     078a r 0f         000000a0  c.slli   x15, 2
#6159 0 80000280     97ba r 0f         f0040f30  c.add    x15, x14
#6160 0 80000282     439c r 0f         00000000  c.lw     x15, 0x0(x15)
#6161 0 80000284 fff78693 r 0d         ffffffff  addi     x13, x15, -0x1
#6162 0 80000288 fd842603 r 0c         f0040e90  lw       x12, -0x28(x8)
#6163 0 8000028c fe442703 r 0e         00000028  lw       x14, -0x1c(x8)
#6164 0 80000290     070a r 0e         000000a0  c.slli   x14, 2
#6165 0 80000292     9732 r 0e         f0040f30  c.add    x14, x12
#6166 0 80000294     c314 m f0040f30   ffffffff  c.sw     x13, 0x0(x14)
#6167 0 80000296 fcf044e3 r 00         00000000  blt      x0, x15, . - 0x38
#6168 0 8000029a fe442783 r 0f         00000028  lw       x15, -0x1c(x8)
#6169 0 8000029e     0785 r 0f         00000029  c.addi   x15, 0x1
#6170 0 800002a0 fef42223 m f0041024   00000029  sw       x15, -0x1c(x8)
#6171 0 800002a4 fe442703 r 0e         00000029  lw       x14, -0x1c(x8)
#6172 0 800002a8 fe042783 r 0f         0000005b  lw       x15, -0x20(x8)
#6173 0 800002ac fcf745e3 r 00         00000000  blt      x14, x15, . - 0x36
#6174 0 80000276 fd842703 r 0e         f0040e90  lw       x14, -0x28(x8)
#6175 0 8000027a fe442783 r 0f         00000029  lw       x15, -0x1c(x8)
#6176 0 8000027e     078a r 0f         000000a4  c.slli   x15, 2
#6177 0 80000280     97ba r 0f         f0040f34  c.add    x15, x14
#6178 0 80000282     439c r 0f         00000000  c.lw     x15, 0x0(x15)
#6179 0 80000284 fff78693 r 0d         ffffffff  addi     x13, x15, -0x1
#6180 0 80000288 fd842603 r 0c         f0040e90  lw       x12, -0x28(x8)
#6181 0 8000028c fe442703 r 0e         00000029  lw       x14, -0x1c(x8)
#6182 0 80000290     070a r 0e         000000a4  c.slli   x14, 2
#6183 0 80000292     9732 r 0e         f0040f34  c.add    x14, x12
#6184 0 80000294     c314 m f0040f34   ffffffff  c.sw     x13, 0x0(x14)
#6185 0 80000296 fcf044e3 r 00         00000000  blt      x0, x15, . - 0x38
#6186 0 8000029a fe442783 r 0f         00000029  lw       x15, -0x1c(x8)
#6187 0 8000029e     0785 r 0f         0000002a  c.addi   x15, 0x1
#6188 0 800002a0 fef42223 m f0041024   0000002a  sw       x15, -0x1c(x8)
#6189 0 800002a4 fe442703 r 0e         0000002a  lw       x14, -0x1c(x8)
#6190 0 800002a8 fe042783 r 0f         0000005b  lw       x15, -0x20(x8)
#6191 0 800002ac fcf745e3 r 00         00000000  blt      x14, x15, . - 0x36
#6192 0 80000276 fd842703 r 0e         f0040e90  lw       x14, -0x28(x8)
#6193 0 8000027a fe442783 r 0f         0000002a  lw       x15, -0x1c(x8)
#6194 0 8000027e     078a r 0f         000000a8  c.slli   x15, 2
#6195 0 80000280     97ba r 0f         f0040f38  c.add    x15, x14
#6196 0 80000282     439c r 0f         00000000  c.lw     x15, 0x0(x15)
#6197 0 80000284 fff78693 r 0d         ffffffff  addi     x13, x15, -0x1
#6198 0 80000288 fd842603 r 0c         f0040e90  lw       x12, -0x28(x8)
#6199 0 8000028c fe442703 r 0e         0000002a  lw       x14, -0x1c(x8)
#6200 0 80000290     070a r 0e         000000a8  c.slli   x14, 2
#6201 0 80000292     9732 r 0e         f0040f38  c.add    x14, x12
#6202 0 80000294     c314 m f0040f38   ffffffff  c.sw     x13, 0x0(x14)
#6203 0 80000296 fcf044e3 r 00         00000000  blt      x0, x15, . - 0x38
#6204 0 8000029a fe442783 r 0f         0000002a  lw       x15, -0x1c(x8)
#6205 0 8000029e     0785 r 0f         0000002b  c.addi   x15, 0x1
#6206 0 800002a0 fef42223 m f0041024   0000002b  sw       x15, -0x1c(x8)
#6207 0 800002a4 fe442703 r 0e         0000002b  lw       x14, -0x1c(x8)
#6208 0 800002a8 fe042783 r 0f         0000005b  lw       x15, -0x20(x8)
#6209 0 800002ac fcf745e3 r 00         00000000  blt      x14, x15, . - 0x36
#6210 0 80000276 fd842703 r 0e         f0040e90  lw       x14, -0x28(x8)
#6211 0 8000027a fe442783 r 0f         0000002b  lw       x15, -0x1c(x8)
#6212 0 8000027e     078a r 0f         000000ac  c.slli   x15, 2
#6213 0 80000280     97ba r 0f         f0040f3c  c.add    x15, x14
#6214 0 80000282     439c r 0f         00000000  c.lw     x15, 0x0(x15)
#6215 0 80000284 fff78693 r 0d         ffffffff  addi     x13, x15, -0x1
#6216 0 80000288 fd842603 r 0c         f0040e90  lw       x12, -0x28(x8)
#6217 0 8000028c fe442703 r 0e         0000002b  lw       x14, -0x1c(x8)
#6218 0 80000290     070a r 0e         000000ac  c.slli   x14, 2
#6219 0 80000292     9732 r 0e         f0040f3c  c.add    x14, x12
#6220 0 80000294     c314 m f0040f3c   ffffffff  c.sw     x13, 0x0(x14)
#6221 0 80000296 fcf044e3 r 00         00000000  blt      x0, x15, . - 0x38
#6222 0 8000029a fe442783 r 0f         0000002b  lw       x15, -0x1c(x8)
#6223 0 8000029e     0785 r 0f         0000002c  c.addi   x15, 0x1
#6224 0 800002a0 fef42223 m f0041024   0000002c  sw       x15, -0x1c(x8)
#6225 0 800002a4 fe442703 r 0e         0000002c  lw       x14, -0x1c(x8)
#6226 0 800002a8 fe042783 r 0f         0000005b  lw       x15, -0x20(x8)
#6227 0 800002ac fcf745e3 r 00         00000000  blt      x14, x15, . - 0x36
#6228 0 80000276 fd842703 r 0e         f0040e90  lw       x14, -0x28(x8)
#6229 0 8000027a fe442783 r 0f         0000002c  lw       x15, -0x1c(x8)
#6230 0 8000027e     078a r 0f         000000b0  c.slli   x15, 2
#6231 0 80000280     97ba r 0f         f0040f40  c.add    x15, x14
#6232 0 80000282     439c r 0f         00000001  c.lw     x15, 0x0(x15)
#6233 0 80000284 fff78693 r 0d         00000000  addi     x13, x15, -0x1
#6234 0 80000288 fd842603 r 0c         f0040e90  lw       x12, -0x28(x8)
#6235 0 8000028c fe442703 r 0e         0000002c  lw       x14, -0x1c(x8)
#6236 0 80000290     070a r 0e         000000b0  c.slli   x14, 2
#6237 0 80000292     9732 r 0e         f0040f40  c.add    x14, x12
#6238 0 80000294     c314 m f0040f40   00000000  c.sw     x13, 0x0(x14)
#6239 0 80000296 fcf044e3 r 00         00000000  blt      x0, x15, . - 0x38
#6240 0 8000025e fec42783 r 0f         f0040144  lw       x15, -0x14(x8)
#6241 0 80000262 00478713 r 0e         f0040148  addi     x14, x15, 0x4
#6242 0 80000266 fee42623 m f004102c   f0040148  sw       x14, -0x14(x8)
#6243 0 8000026a fe442683 r 0d         0000002c  lw       x13, -0x1c(x8)
#6244 0 8000026e fcc42703 r 0e         00000000  lw       x14, -0x34(x8)
#6245 0 80000272     9736 r 0e         0000002c  c.add    x14, x13
#6246 0 80000274     c398 m f0040144   0000002c  c.sw     x14, 0x0(x15)
#6247 0 80000276 fd842703 r 0e         f0040e90  lw       x14, -0x28(x8)
#6248 0 8000027a fe442783 r 0f         0000002c  lw       x15, -0x1c(x8)
#6249 0 8000027e     078a r 0f         000000b0  c.slli   x15, 2
#6250 0 80000280     97ba r 0f         f0040f40  c.add    x15, x14
#6251 0 80000282     439c r 0f         00000000  c.lw     x15, 0x0(x15)
#6252 0 80000284 fff78693 r 0d         ffffffff  addi     x13, x15, -0x1
#6253 0 80000288 fd842603 r 0c         f0040e90  lw       x12, -0x28(x8)
#6254 0 8000028c fe442703 r 0e         0000002c  lw       x14, -0x1c(x8)
#6255 0 80000290     070a r 0e         000000b0  c.slli   x14, 2
#6256 0 80000292     9732 r 0e         f0040f40  c.add    x14, x12
#6257 0 80000294     c314 m f0040f40   ffffffff  c.sw     x13, 0x0(x14)
#6258 0 80000296 fcf044e3 r 00         00000000  blt      x0, x15, . - 0x38
#6259 0 8000029a fe442783 r 0f         0000002c  lw       x15, -0x1c(x8)
#6260 0 8000029e     0785 r 0f         0000002d  c.addi   x15, 0x1
#6261 0 800002a0 fef42223 m f0041024   0000002d  sw       x15, -0x1c(x8)
#6262 0 800002a4 fe442703 r 0e         0000002d  lw       x14, -0x1c(x8)
#6263 0 800002a8 fe042783 r 0f         0000005b  lw       x15, -0x20(x8)
#6264 0 800002ac fcf745e3 r 00         00000000  blt      x14, x15, . - 0x36
#6265 0 80000276 fd842703 r 0e         f0040e90  lw       x14, -0x28(x8)
#6266 0 8000027a fe442783 r 0f         0000002d  lw       x15, -0x1c(x8)
#6267 0 8000027e     078a r 0f         000000b4  c.slli   x15, 2
#6268 0 80000280     97ba r 0f         f0040f44  c.add    x15, x14
#6269 0 80000282     439c r 0f         00000001  c.lw     x15, 0x0(x15)
#6270 0 80000284 fff78693 r 0d         00000000  addi     x13, x15, -0x1
#6271 0 80000288 fd842603 r 0c         f0040e90  lw       x12, -0x28(x8)
#6272 0 8000028c fe442703 r 0e         0000002d  lw       x14, -0x1c(x8)
#6273 0 80000290     070a r 0e         000000b4  c.slli   x14, 2
#6274 0 80000292     9732 r 0e         f0040f44  c.add    x14, x12
#6275 0 80000294     c314 m f0040f44   00000000  c.sw     x13, 0x0(x14)
#6276 0 80000296 fcf044e3 r 00         00000000  blt      x0, x15, . - 0x38
#6277 0 8000025e fec42783 r 0f         f0040148  lw       x15, -0x14(x8)
#6278 0 80000262 00478713 r 0e         f004014c  addi     x14, x15, 0x4
#6279 0 80000266 fee42623 m f004102c   f004014c  sw       x14, -0x14(x8)
#6280 0 8000026a fe442683 r 0d         0000002d  lw       x13, -0x1c(x8)
#6281 0 8000026e fcc42703 r 0e         00000000  lw       x14, -0x34(x8)
#6282 0 80000272     9736 r 0e         0000002d  c.add    x14, x13
#6283 0 80000274     c398 m f0040148   0000002d  c.sw     x14, 0x0(x15)
#6284 0 80000276 fd842703 r 0e         f0040e90  lw       x14, -0x28(x8)
#6285 0 8000027a fe442783 r 0f         0000002d  lw       x15, -0x1c(x8)
#6286 0 8000027e     078a r 0f         000000b4  c.slli   x15, 2
#6287 0 80000280     97ba r 0f         f0040f44  c.add    x15, x14
#6288 0 80000282     439c r 0f         00000000  c.lw     x15, 0x0(x15)
#6289 0 80000284 fff78693 r 0d         ffffffff  addi     x13, x15, -0x1
#6290 0 80000288 fd842603 r 0c         f0040e90  lw       x12, -0x28(x8)
#6291 0 8000028c fe442703 r 0e         0000002d  lw       x14, -0x1c(x8)
#6292 0 80000290     070a r 0e         000000b4  c.slli   x14, 2
#6293 0 80000292     9732 r 0e         f0040f44  c.add    x14, x12
#6294 0 80000294     c314 m f0040f44   ffffffff  c.sw     x13, 0x0(x14)
#6295 0 80000296 fcf044e3 r 00         00000000  blt      x0, x15, . - 0x38
#6296 0 8000029a fe442783 r 0f         0000002d  lw       x15, -0x1c(x8)
#6297 0 8000029e     0785 r 0f         0000002e  c.addi   x15, 0x1
#6298 0 800002a0 fef42223 m f0041024   0000002e  sw       x15, -0x1c(x8)
#6299 0 800002a4 fe442703 r 0e         0000002e  lw       x14, -0x1c(x8)
#6300 0 800002a8 fe042783 r 0f         0000005b  lw       x15, -0x20(x8)
#6301 0 800002ac fcf745e3 r 00         00000000  blt      x14, x15, . - 0x36
#6302 0 80000276 fd842703 r 0e         f0040e90  lw       x14, -0x28(x8)
#6303 0 8000027a fe442783 r 0f         0000002e  lw       x15, -0x1c(x8)
#6304 0 8000027e     078a r 0f         000000b8  c.slli   x15, 2
#6305 0 80000280     97ba r 0f         f0040f48  c.add    x15, x14
#6306 0 80000282     439c r 0f         00000000  c.lw     x15, 0x0(x15)
#6307 0 80000284 fff78693 r 0d         ffffffff  addi     x13, x15, -0x1
#6308 0 80000288 fd842603 r 0c         f0040e90  lw       x12, -0x28(x8)
#6309 0 8000028c fe442703 r 0e         0000002e  lw       x14, -0x1c(x8)
#6310 0 80000290     070a r 0e         000000b8  c.slli   x14, 2
#6311 0 80000292     9732 r 0e         f0040f48  c.add    x14, x12
#6312 0 80000294     c314 m f0040f48   ffffffff  c.sw     x13, 0x0(x14)
#6313 0 80000296 fcf044e3 r 00         00000000  blt      x0, x15, . - 0x38
#6314 0 8000029a fe442783 r 0f         0000002e  lw       x15, -0x1c(x8)
#6315 0 8000029e     0785 r 0f         0000002f  c.addi   x15, 0x1
#6316 0 800002a0 fef42223 m f0041024   0000002f  sw       x15, -0x1c(x8)
#6317 0 800002a4 fe442703 r 0e         0000002f  lw       x14, -0x1c(x8)
#6318 0 800002a8 fe042783 r 0f         0000005b  lw       x15, -0x20(x8)
#6319 0 800002ac fcf745e3 r 00         00000000  blt      x14, x15, . - 0x36
#6320 0 80000276 fd842703 r 0e         f0040e90  lw       x14, -0x28(x8)
#6321 0 8000027a fe442783 r 0f         0000002f  lw       x15, -0x1c(x8)
#6322 0 8000027e     078a r 0f         000000bc  c.slli   x15, 2
#6323 0 80000280     97ba r 0f         f0040f4c  c.add    x15, x14
#6324 0 80000282     439c r 0f         00000000  c.lw     x15, 0x0(x15)
#6325 0 80000284 fff78693 r 0d         ffffffff  addi     x13, x15, -0x1
#6326 0 80000288 fd842603 r 0c         f0040e90  lw       x12, -0x28(x8)
#6327 0 8000028c fe442703 r 0e         0000002f  lw       x14, -0x1c(x8)
#6328 0 80000290     070a r 0e         000000bc  c.slli   x14, 2
#6329 0 80000292     9732 r 0e         f0040f4c  c.add    x14, x12
#6330 0 80000294     c314 m f0040f4c   ffffffff  c.sw     x13, 0x0(x14)
#6331 0 80000296 fcf044e3 r 00         00000000  blt      x0, x15, . - 0x38
#6332 0 8000029a fe442783 r 0f         0000002f  lw       x15, -0x1c(x8)
#6333 0 8000029e     0785 r 0f         00000030  c.addi   x15, 0x1
#6334 0 800002a0 fef42223 m f0041024   00000030  sw       x15, -0x1c(x8)
#6335 0 800002a4 fe442703 r 0e         00000030  lw       x14, -0x1c(x8)
#6336 0 800002a8 fe042783 r 0f         0000005b  lw       x15, -0x20(x8)
#6337 0 800002ac fcf745e3 r 00         00000000  blt      x14, x15, . - 0x36
#6338 0 80000276 fd842703 r 0e         f0040e90  lw       x14, -0x28(x8)
#6339 0 8000027a fe442783 r 0f         00000030  lw       x15, -0x1c(x8)
#6340 0 8000027e     078a r 0f         000000c0  c.slli   x15, 2
#6341 0 80000280     97ba r 0f         f0040f50  c.add    x15, x14
#6342 0 80000282     439c r 0f         00000000  c.lw     x15, 0x0(x15)
#6343 0 80000284 fff78693 r 0d         ffffffff  addi     x13, x15, -0x1
#6344 0 80000288 fd842603 r 0c         f0040e90  lw       x12, -0x28(x8)
#6345 0 8000028c fe442703 r 0e         00000030  lw       x14, -0x1c(x8)
#6346 0 80000290     070a r 0e         000000c0  c.slli   x14, 2
#6347 0 80000292     9732 r 0e         f0040f50  c.add    x14, x12
#6348 0 80000294     c314 m f0040f50   ffffffff  c.sw     x13, 0x0(x14)
#6349 0 80000296 fcf044e3 r 00         00000000  blt      x0, x15, . - 0x38
#6350 0 8000029a fe442783 r 0f         00000030  lw       x15, -0x1c(x8)
#6351 0 8000029e     0785 r 0f         00000031  c.addi   x15, 0x1
#6352 0 800002a0 fef42223 m f0041024   00000031  sw       x15, -0x1c(x8)
#6353 0 800002a4 fe442703 r 0e         00000031  lw       x14, -0x1c(x8)
#6354 0 800002a8 fe042783 r 0f         0000005b  lw       x15, -0x20(x8)
#6355 0 800002ac fcf745e3 r 00         00000000  blt      x14, x15, . - 0x36
#6356 0 80000276 fd842703 r 0e         f0040e90  lw       x14, -0x28(x8)
#6357 0 8000027a fe442783 r 0f         00000031  lw       x15, -0x1c(x8)
#6358 0 8000027e     078a r 0f         000000c4  c.slli   x15, 2
#6359 0 80000280     97ba r 0f         f0040f54  c.add    x15, x14
#6360 0 80000282     439c r 0f         00000000  c.lw     x15, 0x0(x15)
#6361 0 80000284 fff78693 r 0d         ffffffff  addi     x13, x15, -0x1
#6362 0 80000288 fd842603 r 0c         f0040e90  lw       x12, -0x28(x8)
#6363 0 8000028c fe442703 r 0e         00000031  lw       x14, -0x1c(x8)
#6364 0 80000290     070a r 0e         000000c4  c.slli   x14, 2
#6365 0 80000292     9732 r 0e         f0040f54  c.add    x14, x12
#6366 0 80000294     c314 m f0040f54   ffffffff  c.sw     x13, 0x0(x14)
#6367 0 80000296 fcf044e3 r 00         00000000  blt      x0, x15, . - 0x38
#6368 0 8000029a fe442783 r 0f         00000031  lw       x15, -0x1c(x8)
#6369 0 8000029e     0785 r 0f         00000032  c.addi   x15, 0x1
#6370 0 800002a0 fef42223 m f0041024   00000032  sw       x15, -0x1c(x8)
#6371 0 800002a4 fe442703 r 0e         00000032  lw       x14, -0x1c(x8)
#6372 0 800002a8 fe042783 r 0f         0000005b  lw       x15, -0x20(x8)
#6373 0 800002ac fcf745e3 r 00         00000000  blt      x14, x15, . - 0x36
#6374 0 80000276 fd842703 r 0e         f0040e90  lw       x14, -0x28(x8)
#6375 0 8000027a fe442783 r 0f         00000032  lw       x15, -0x1c(x8)
#6376 0 8000027e     078a r 0f         000000c8  c.slli   x15, 2
#6377 0 80000280     97ba r 0f         f0040f58  c.add    x15, x14
#6378 0 80000282     439c r 0f         00000000  c.lw     x15, 0x0(x15)
#6379 0 80000284 fff78693 r 0d         ffffffff  addi     x13, x15, -0x1
#6380 0 80000288 fd842603 r 0c         f0040e90  lw       x12, -0x28(x8)
#6381 0 8000028c fe442703 r 0e         00000032  lw       x14, -0x1c(x8)
#6382 0 80000290     070a r 0e         000000c8  c.slli   x14, 2
#6383 0 80000292     9732 r 0e         f0040f58  c.add    x14, x12
#6384 0 80000294     c314 m f0040f58   ffffffff  c.sw     x13, 0x0(x14)
#6385 0 80000296 fcf044e3 r 00         00000000  blt      x0, x15, . - 0x38
#6386 0 8000029a fe442783 r 0f         00000032  lw       x15, -0x1c(x8)
#6387 0 8000029e     0785 r 0f         00000033  c.addi   x15, 0x1
#6388 0 800002a0 fef42223 m f0041024   00000033  sw       x15, -0x1c(x8)
#6389 0 800002a4 fe442703 r 0e         00000033  lw       x14, -0x1c(x8)
#6390 0 800002a8 fe042783 r 0f         0000005b  lw       x15, -0x20(x8)
#6391 0 800002ac fcf745e3 r 00         00000000  blt      x14, x15, . - 0x36
#6392 0 80000276 fd842703 r 0e         f0040e90  lw       x14, -0x28(x8)
#6393 0 8000027a fe442783 r 0f         00000033  lw       x15, -0x1c(x8)
#6394 0 8000027e     078a r 0f         000000cc  c.slli   x15, 2
#6395 0 80000280     97ba r 0f         f0040f5c  c.add    x15, x14
#6396 0 80000282     439c r 0f         00000000  c.lw     x15, 0x0(x15)
#6397 0 80000284 fff78693 r 0d         ffffffff  addi     x13, x15, -0x1
#6398 0 80000288 fd842603 r 0c         f0040e90  lw       x12, -0x28(x8)
#6399 0 8000028c fe442703 r 0e         00000033  lw       x14, -0x1c(x8)
#6400 0 80000290     070a r 0e         000000cc  c.slli   x14, 2
#6401 0 80000292     9732 r 0e         f0040f5c  c.add    x14, x12
#6402 0 80000294     c314 m f0040f5c   ffffffff  c.sw     x13, 0x0(x14)
#6403 0 80000296 fcf044e3 r 00         00000000  blt      x0, x15, . - 0x38
#6404 0 8000029a fe442783 r 0f         00000033  lw       x15, -0x1c(x8)
#6405 0 8000029e     0785 r 0f         00000034  c.addi   x15, 0x1
#6406 0 800002a0 fef42223 m f0041024   00000034  sw       x15, -0x1c(x8)
#6407 0 800002a4 fe442703 r 0e         00000034  lw       x14, -0x1c(x8)
#6408 0 800002a8 fe042783 r 0f         0000005b  lw       x15, -0x20(x8)
#6409 0 800002ac fcf745e3 r 00         00000000  blt      x14, x15, . - 0x36
#6410 0 80000276 fd842703 r 0e         f0040e90  lw       x14, -0x28(x8)
#6411 0 8000027a fe442783 r 0f         00000034  lw       x15, -0x1c(x8)
#6412 0 8000027e     078a r 0f         000000d0  c.slli   x15, 2
#6413 0 80000280     97ba r 0f         f0040f60  c.add    x15, x14
#6414 0 80000282     439c r 0f         00000000  c.lw     x15, 0x0(x15)
#6415 0 80000284 fff78693 r 0d         ffffffff  addi     x13, x15, -0x1
#6416 0 80000288 fd842603 r 0c         f0040e90  lw       x12, -0x28(x8)
#6417 0 8000028c fe442703 r 0e         00000034  lw       x14, -0x1c(x8)
#6418 0 80000290     070a r 0e         000000d0  c.slli   x14, 2
#6419 0 80000292     9732 r 0e         f0040f60  c.add    x14, x12
#6420 0 80000294     c314 m f0040f60   ffffffff  c.sw     x13, 0x0(x14)
#6421 0 80000296 fcf044e3 r 00         00000000  blt      x0, x15, . - 0x38
#6422 0 8000029a fe442783 r 0f         00000034  lw       x15, -0x1c(x8)
#6423 0 8000029e     0785 r 0f         00000035  c.addi   x15, 0x1
#6424 0 800002a0 fef42223 m f0041024   00000035  sw       x15, -0x1c(x8)
#6425 0 800002a4 fe442703 r 0e         00000035  lw       x14, -0x1c(x8)
#6426 0 800002a8 fe042783 r 0f         0000005b  lw       x15, -0x20(x8)
#6427 0 800002ac fcf745e3 r 00         00000000  blt      x14, x15, . - 0x36
#6428 0 80000276 fd842703 r 0e         f0040e90  lw       x14, -0x28(x8)
#6429 0 8000027a fe442783 r 0f         00000035  lw       x15, -0x1c(x8)
#6430 0 8000027e     078a r 0f         000000d4  c.slli   x15, 2
#6431 0 80000280     97ba r 0f         f0040f64  c.add    x15, x14
#6432 0 80000282     439c r 0f         00000000  c.lw     x15, 0x0(x15)
#6433 0 80000284 fff78693 r 0d         ffffffff  addi     x13, x15, -0x1
#6434 0 80000288 fd842603 r 0c         f0040e90  lw       x12, -0x28(x8)
#6435 0 8000028c fe442703 r 0e         00000035  lw       x14, -0x1c(x8)
#6436 0 80000290     070a r 0e         000000d4  c.slli   x14, 2
#6437 0 80000292     9732 r 0e         f0040f64  c.add    x14, x12
#6438 0 80000294     c314 m f0040f64   ffffffff  c.sw     x13, 0x0(x14)
#6439 0 80000296 fcf044e3 r 00         00000000  blt      x0, x15, . - 0x38
#6440 0 8000029a fe442783 r 0f         00000035  lw       x15, -0x1c(x8)
#6441 0 8000029e     0785 r 0f         00000036  c.addi   x15, 0x1
#6442 0 800002a0 fef42223 m f0041024   00000036  sw       x15, -0x1c(x8)
#6443 0 800002a4 fe442703 r 0e         00000036  lw       x14, -0x1c(x8)
#6444 0 800002a8 fe042783 r 0f         0000005b  lw       x15, -0x20(x8)
#6445 0 800002ac fcf745e3 r 00         00000000  blt      x14, x15, . - 0x36
#6446 0 80000276 fd842703 r 0e         f0040e90  lw       x14, -0x28(x8)
#6447 0 8000027a fe442783 r 0f         00000036  lw       x15, -0x1c(x8)
#6448 0 8000027e     078a r 0f         000000d8  c.slli   x15, 2
#6449 0 80000280     97ba r 0f         f0040f68  c.add    x15, x14
#6450 0 80000282     439c r 0f         00000000  c.lw     x15, 0x0(x15)
#6451 0 80000284 fff78693 r 0d         ffffffff  addi     x13, x15, -0x1
#6452 0 80000288 fd842603 r 0c         f0040e90  lw       x12, -0x28(x8)
#6453 0 8000028c fe442703 r 0e         00000036  lw       x14, -0x1c(x8)
#6454 0 80000290     070a r 0e         000000d8  c.slli   x14, 2
#6455 0 80000292     9732 r 0e         f0040f68  c.add    x14, x12
#6456 0 80000294     c314 m f0040f68   ffffffff  c.sw     x13, 0x0(x14)
#6457 0 80000296 fcf044e3 r 00         00000000  blt      x0, x15, . - 0x38
#6458 0 8000029a fe442783 r 0f         00000036  lw       x15, -0x1c(x8)
#6459 0 8000029e     0785 r 0f         00000037  c.addi   x15, 0x1
#6460 0 800002a0 fef42223 m f0041024   00000037  sw       x15, -0x1c(x8)
#6461 0 800002a4 fe442703 r 0e         00000037  lw       x14, -0x1c(x8)
#6462 0 800002a8 fe042783 r 0f         0000005b  lw       x15, -0x20(x8)
#6463 0 800002ac fcf745e3 r 00         00000000  blt      x14, x15, . - 0x36
#6464 0 80000276 fd842703 r 0e         f0040e90  lw       x14, -0x28(x8)
#6465 0 8000027a fe442783 r 0f         00000037  lw       x15, -0x1c(x8)
#6466 0 8000027e     078a r 0f         000000dc  c.slli   x15, 2
#6467 0 80000280     97ba r 0f         f0040f6c  c.add    x15, x14
#6468 0 80000282     439c r 0f         00000000  c.lw     x15, 0x0(x15)
#6469 0 80000284 fff78693 r 0d         ffffffff  addi     x13, x15, -0x1
#6470 0 80000288 fd842603 r 0c         f0040e90  lw       x12, -0x28(x8)
#6471 0 8000028c fe442703 r 0e         00000037  lw       x14, -0x1c(x8)
#6472 0 80000290     070a r 0e         000000dc  c.slli   x14, 2
#6473 0 80000292     9732 r 0e         f0040f6c  c.add    x14, x12
#6474 0 80000294     c314 m f0040f6c   ffffffff  c.sw     x13, 0x0(x14)
#6475 0 80000296 fcf044e3 r 00         00000000  blt      x0, x15, . - 0x38
#6476 0 8000029a fe442783 r 0f         00000037  lw       x15, -0x1c(x8)
#6477 0 8000029e     0785 r 0f         00000038  c.addi   x15, 0x1
#6478 0 800002a0 fef42223 m f0041024   00000038  sw       x15, -0x1c(x8)
#6479 0 800002a4 fe442703 r 0e         00000038  lw       x14, -0x1c(x8)
#6480 0 800002a8 fe042783 r 0f         0000005b  lw       x15, -0x20(x8)
#6481 0 800002ac fcf745e3 r 00         00000000  blt      x14, x15, . - 0x36
#6482 0 80000276 fd842703 r 0e         f0040e90  lw       x14, -0x28(x8)
#6483 0 8000027a fe442783 r 0f         00000038  lw       x15, -0x1c(x8)
#6484 0 8000027e     078a r 0f         000000e0  c.slli   x15, 2
#6485 0 80000280     97ba r 0f         f0040f70  c.add    x15, x14
#6486 0 80000282     439c r 0f         00000000  c.lw     x15, 0x0(x15)
#6487 0 80000284 fff78693 r 0d         ffffffff  addi     x13, x15, -0x1
#6488 0 80000288 fd842603 r 0c         f0040e90  lw       x12, -0x28(x8)
#6489 0 8000028c fe442703 r 0e         00000038  lw       x14, -0x1c(x8)
#6490 0 80000290     070a r 0e         000000e0  c.slli   x14, 2
#6491 0 80000292     9732 r 0e         f0040f70  c.add    x14, x12
#6492 0 80000294     c314 m f0040f70   ffffffff  c.sw     x13, 0x0(x14)
#6493 0 80000296 fcf044e3 r 00         00000000  blt      x0, x15, . - 0x38
#6494 0 8000029a fe442783 r 0f         00000038  lw       x15, -0x1c(x8)
#6495 0 8000029e     0785 r 0f         00000039  c.addi   x15, 0x1
#6496 0 800002a0 fef42223 m f0041024   00000039  sw       x15, -0x1c(x8)
#6497 0 800002a4 fe442703 r 0e         00000039  lw       x14, -0x1c(x8)
#6498 0 800002a8 fe042783 r 0f         0000005b  lw       x15, -0x20(x8)
#6499 0 800002ac fcf745e3 r 00         00000000  blt      x14, x15, . - 0x36
#6500 0 80000276 fd842703 r 0e         f0040e90  lw       x14, -0x28(x8)
#6501 0 8000027a fe442783 r 0f         00000039  lw       x15, -0x1c(x8)
#6502 0 8000027e     078a r 0f         000000e4  c.slli   x15, 2
#6503 0 80000280     97ba r 0f         f0040f74  c.add    x15, x14
#6504 0 80000282     439c r 0f         00000000  c.lw     x15, 0x0(x15)
#6505 0 80000284 fff78693 r 0d         ffffffff  addi     x13, x15, -0x1
#6506 0 80000288 fd842603 r 0c         f0040e90  lw       x12, -0x28(x8)
#6507 0 8000028c fe442703 r 0e         00000039  lw       x14, -0x1c(x8)
#6508 0 80000290     070a r 0e         000000e4  c.slli   x14, 2
#6509 0 80000292     9732 r 0e         f0040f74  c.add    x14, x12
#6510 0 80000294     c314 m f0040f74   ffffffff  c.sw     x13, 0x0(x14)
#6511 0 80000296 fcf044e3 r 00         00000000  blt      x0, x15, . - 0x38
#6512 0 8000029a fe442783 r 0f         00000039  lw       x15, -0x1c(x8)
#6513 0 8000029e     0785 r 0f         0000003a  c.addi   x15, 0x1
#6514 0 800002a0 fef42223 m f0041024   0000003a  sw       x15, -0x1c(x8)
#6515 0 800002a4 fe442703 r 0e         0000003a  lw       x14, -0x1c(x8)
#6516 0 800002a8 fe042783 r 0f         0000005b  lw       x15, -0x20(x8)
#6517 0 800002ac fcf745e3 r 00         00000000  blt      x14, x15, . - 0x36
#6518 0 80000276 fd842703 r 0e         f0040e90  lw       x14, -0x28(x8)
#6519 0 8000027a fe442783 r 0f         0000003a  lw       x15, -0x1c(x8)
#6520 0 8000027e     078a r 0f         000000e8  c.slli   x15, 2
#6521 0 80000280     97ba r 0f         f0040f78  c.add    x15, x14
#6522 0 80000282     439c r 0f         00000000  c.lw     x15, 0x0(x15)
#6523 0 80000284 fff78693 r 0d         ffffffff  addi     x13, x15, -0x1
#6524 0 80000288 fd842603 r 0c         f0040e90  lw       x12, -0x28(x8)
#6525 0 8000028c fe442703 r 0e         0000003a  lw       x14, -0x1c(x8)
#6526 0 80000290     070a r 0e         000000e8  c.slli   x14, 2
#6527 0 80000292     9732 r 0e         f0040f78  c.add    x14, x12
#6528 0 80000294     c314 m f0040f78   ffffffff  c.sw     x13, 0x0(x14)
#6529 0 80000296 fcf044e3 r 00         00000000  blt      x0, x15, . - 0x38
#6530 0 8000029a fe442783 r 0f         0000003a  lw       x15, -0x1c(x8)
#6531 0 8000029e     0785 r 0f         0000003b  c.addi   x15, 0x1
#6532 0 800002a0 fef42223 m f0041024   0000003b  sw       x15, -0x1c(x8)
#6533 0 800002a4 fe442703 r 0e         0000003b  lw       x14, -0x1c(x8)
#6534 0 800002a8 fe042783 r 0f         0000005b  lw       x15, -0x20(x8)
#6535 0 800002ac fcf745e3 r 00         00000000  blt      x14, x15, . - 0x36
#6536 0 80000276 fd842703 r 0e         f0040e90  lw       x14, -0x28(x8)
#6537 0 8000027a fe442783 r 0f         0000003b  lw       x15, -0x1c(x8)
#6538 0 8000027e     078a r 0f         000000ec  c.slli   x15, 2
#6539 0 80000280     97ba r 0f         f0040f7c  c.add    x15, x14
#6540 0 80000282     439c r 0f         00000000  c.lw     x15, 0x0(x15)
#6541 0 80000284 fff78693 r 0d         ffffffff  addi     x13, x15, -0x1
#6542 0 80000288 fd842603 r 0c         f0040e90  lw       x12, -0x28(x8)
#6543 0 8000028c fe442703 r 0e         0000003b  lw       x14, -0x1c(x8)
#6544 0 80000290     070a r 0e         000000ec  c.slli   x14, 2
#6545 0 80000292     9732 r 0e         f0040f7c  c.add    x14, x12
#6546 0 80000294     c314 m f0040f7c   ffffffff  c.sw     x13, 0x0(x14)
#6547 0 80000296 fcf044e3 r 00         00000000  blt      x0, x15, . - 0x38
#6548 0 8000029a fe442783 r 0f         0000003b  lw       x15, -0x1c(x8)
#6549 0 8000029e     0785 r 0f         0000003c  c.addi   x15, 0x1
#6550 0 800002a0 fef42223 m f0041024   0000003c  sw       x15, -0x1c(x8)
#6551 0 800002a4 fe442703 r 0e         0000003c  lw       x14, -0x1c(x8)
#6552 0 800002a8 fe042783 r 0f         0000005b  lw       x15, -0x20(x8)
#6553 0 800002ac fcf745e3 r 00         00000000  blt      x14, x15, . - 0x36
#6554 0 80000276 fd842703 r 0e         f0040e90  lw       x14, -0x28(x8)
#6555 0 8000027a fe442783 r 0f         0000003c  lw       x15, -0x1c(x8)
#6556 0 8000027e     078a r 0f         000000f0  c.slli   x15, 2
#6557 0 80000280     97ba r 0f         f0040f80  c.add    x15, x14
#6558 0 80000282     439c r 0f         00000000  c.lw     x15, 0x0(x15)
#6559 0 80000284 fff78693 r 0d         ffffffff  addi     x13, x15, -0x1
#6560 0 80000288 fd842603 r 0c         f0040e90  lw       x12, -0x28(x8)
#6561 0 8000028c fe442703 r 0e         0000003c  lw       x14, -0x1c(x8)
#6562 0 80000290     070a r 0e         000000f0  c.slli   x14, 2
#6563 0 80000292     9732 r 0e         f0040f80  c.add    x14, x12
#6564 0 80000294     c314 m f0040f80   ffffffff  c.sw     x13, 0x0(x14)
#6565 0 80000296 fcf044e3 r 00         00000000  blt      x0, x15, . - 0x38
#6566 0 8000029a fe442783 r 0f         0000003c  lw       x15, -0x1c(x8)
#6567 0 8000029e     0785 r 0f         0000003d  c.addi   x15, 0x1
#6568 0 800002a0 fef42223 m f0041024   0000003d  sw       x15, -0x1c(x8)
#6569 0 800002a4 fe442703 r 0e         0000003d  lw       x14, -0x1c(x8)
#6570 0 800002a8 fe042783 r 0f         0000005b  lw       x15, -0x20(x8)
#6571 0 800002ac fcf745e3 r 00         00000000  blt      x14, x15, . - 0x36
#6572 0 80000276 fd842703 r 0e         f0040e90  lw       x14, -0x28(x8)
#6573 0 8000027a fe442783 r 0f         0000003d  lw       x15, -0x1c(x8)
#6574 0 8000027e     078a r 0f         000000f4  c.slli   x15, 2
#6575 0 80000280     97ba r 0f         f0040f84  c.add    x15, x14
#6576 0 80000282     439c r 0f         00000000  c.lw     x15, 0x0(x15)
#6577 0 80000284 fff78693 r 0d         ffffffff  addi     x13, x15, -0x1
#6578 0 80000288 fd842603 r 0c         f0040e90  lw       x12, -0x28(x8)
#6579 0 8000028c fe442703 r 0e         0000003d  lw       x14, -0x1c(x8)
#6580 0 80000290     070a r 0e         000000f4  c.slli   x14, 2
#6581 0 80000292     9732 r 0e         f0040f84  c.add    x14, x12
#6582 0 80000294     c314 m f0040f84   ffffffff  c.sw     x13, 0x0(x14)
#6583 0 80000296 fcf044e3 r 00         00000000  blt      x0, x15, . - 0x38
#6584 0 8000029a fe442783 r 0f         0000003d  lw       x15, -0x1c(x8)
#6585 0 8000029e     0785 r 0f         0000003e  c.addi   x15, 0x1
#6586 0 800002a0 fef42223 m f0041024   0000003e  sw       x15, -0x1c(x8)
#6587 0 800002a4 fe442703 r 0e         0000003e  lw       x14, -0x1c(x8)
#6588 0 800002a8 fe042783 r 0f         0000005b  lw       x15, -0x20(x8)
#6589 0 800002ac fcf745e3 r 00         00000000  blt      x14, x15, . - 0x36
#6590 0 80000276 fd842703 r 0e         f0040e90  lw       x14, -0x28(x8)
#6591 0 8000027a fe442783 r 0f         0000003e  lw       x15, -0x1c(x8)
#6592 0 8000027e     078a r 0f         000000f8  c.slli   x15, 2
#6593 0 80000280     97ba r 0f         f0040f88  c.add    x15, x14
#6594 0 80000282     439c r 0f         00000000  c.lw     x15, 0x0(x15)
#6595 0 80000284 fff78693 r 0d         ffffffff  addi     x13, x15, -0x1
#6596 0 80000288 fd842603 r 0c         f0040e90  lw       x12, -0x28(x8)
#6597 0 8000028c fe442703 r 0e         0000003e  lw       x14, -0x1c(x8)
#6598 0 80000290     070a r 0e         000000f8  c.slli   x14, 2
#6599 0 80000292     9732 r 0e         f0040f88  c.add    x14, x12
#6600 0 80000294     c314 m f0040f88   ffffffff  c.sw     x13, 0x0(x14)
#6601 0 80000296 fcf044e3 r 00         00000000  blt      x0, x15, . - 0x38
#6602 0 8000029a fe442783 r 0f         0000003e  lw       x15, -0x1c(x8)
#6603 0 8000029e     0785 r 0f         0000003f  c.addi   x15, 0x1
#6604 0 800002a0 fef42223 m f0041024   0000003f  sw       x15, -0x1c(x8)
#6605 0 800002a4 fe442703 r 0e         0000003f  lw       x14, -0x1c(x8)
#6606 0 800002a8 fe042783 r 0f         0000005b  lw       x15, -0x20(x8)
#6607 0 800002ac fcf745e3 r 00         00000000  blt      x14, x15, . - 0x36
#6608 0 80000276 fd842703 r 0e         f0040e90  lw       x14, -0x28(x8)
#6609 0 8000027a fe442783 r 0f         0000003f  lw       x15, -0x1c(x8)
#6610 0 8000027e     078a r 0f         000000fc  c.slli   x15, 2
#6611 0 80000280     97ba r 0f         f0040f8c  c.add    x15, x14
#6612 0 80000282     439c r 0f         00000000  c.lw     x15, 0x0(x15)
#6613 0 80000284 fff78693 r 0d         ffffffff  addi     x13, x15, -0x1
#6614 0 80000288 fd842603 r 0c         f0040e90  lw       x12, -0x28(x8)
#6615 0 8000028c fe442703 r 0e         0000003f  lw       x14, -0x1c(x8)
#6616 0 80000290     070a r 0e         000000fc  c.slli   x14, 2
#6617 0 80000292     9732 r 0e         f0040f8c  c.add    x14, x12
#6618 0 80000294     c314 m f0040f8c   ffffffff  c.sw     x13, 0x0(x14)
#6619 0 80000296 fcf044e3 r 00         00000000  blt      x0, x15, . - 0x38
#6620 0 8000029a fe442783 r 0f         0000003f  lw       x15, -0x1c(x8)
#6621 0 8000029e     0785 r 0f         00000040  c.addi   x15, 0x1
#6622 0 800002a0 fef42223 m f0041024   00000040  sw       x15, -0x1c(x8)
#6623 0 800002a4 fe442703 r 0e         00000040  lw       x14, -0x1c(x8)
#6624 0 800002a8 fe042783 r 0f         0000005b  lw       x15, -0x20(x8)
#6625 0 800002ac fcf745e3 r 00         00000000  blt      x14, x15, . - 0x36
#6626 0 80000276 fd842703 r 0e         f0040e90  lw       x14, -0x28(x8)
#6627 0 8000027a fe442783 r 0f         00000040  lw       x15, -0x1c(x8)
#6628 0 8000027e     078a r 0f         00000100  c.slli   x15, 2
#6629 0 80000280     97ba r 0f         f0040f90  c.add    x15, x14
#6630 0 80000282     439c r 0f         00000000  c.lw     x15, 0x0(x15)
#6631 0 80000284 fff78693 r 0d         ffffffff  addi     x13, x15, -0x1
#6632 0 80000288 fd842603 r 0c         f0040e90  lw       x12, -0x28(x8)
#6633 0 8000028c fe442703 r 0e         00000040  lw       x14, -0x1c(x8)
#6634 0 80000290     070a r 0e         00000100  c.slli   x14, 2
#6635 0 80000292     9732 r 0e         f0040f90  c.add    x14, x12
#6636 0 80000294     c314 m f0040f90   ffffffff  c.sw     x13, 0x0(x14)
#6637 0 80000296 fcf044e3 r 00         00000000  blt      x0, x15, . - 0x38
#6638 0 8000029a fe442783 r 0f         00000040  lw       x15, -0x1c(x8)
#6639 0 8000029e     0785 r 0f         00000041  c.addi   x15, 0x1
#6640 0 800002a0 fef42223 m f0041024   00000041  sw       x15, -0x1c(x8)
#6641 0 800002a4 fe442703 r 0e         00000041  lw       x14, -0x1c(x8)
#6642 0 800002a8 fe042783 r 0f         0000005b  lw       x15, -0x20(x8)
#6643 0 800002ac fcf745e3 r 00         00000000  blt      x14, x15, . - 0x36
#6644 0 80000276 fd842703 r 0e         f0040e90  lw       x14, -0x28(x8)
#6645 0 8000027a fe442783 r 0f         00000041  lw       x15, -0x1c(x8)
#6646 0 8000027e     078a r 0f         00000104  c.slli   x15, 2
#6647 0 80000280     97ba r 0f         f0040f94  c.add    x15, x14
#6648 0 80000282     439c r 0f         00000000  c.lw     x15, 0x0(x15)
#6649 0 80000284 fff78693 r 0d         ffffffff  addi     x13, x15, -0x1
#6650 0 80000288 fd842603 r 0c         f0040e90  lw       x12, -0x28(x8)
#6651 0 8000028c fe442703 r 0e         00000041  lw       x14, -0x1c(x8)
#6652 0 80000290     070a r 0e         00000104  c.slli   x14, 2
#6653 0 80000292     9732 r 0e         f0040f94  c.add    x14, x12
#6654 0 80000294     c314 m f0040f94   ffffffff  c.sw     x13, 0x0(x14)
#6655 0 80000296 fcf044e3 r 00         00000000  blt      x0, x15, . - 0x38
#6656 0 8000029a fe442783 r 0f         00000041  lw       x15, -0x1c(x8)
#6657 0 8000029e     0785 r 0f         00000042  c.addi   x15, 0x1
#6658 0 800002a0 fef42223 m f0041024   00000042  sw       x15, -0x1c(x8)
#6659 0 800002a4 fe442703 r 0e         00000042  lw       x14, -0x1c(x8)
#6660 0 800002a8 fe042783 r 0f         0000005b  lw       x15, -0x20(x8)
#6661 0 800002ac fcf745e3 r 00         00000000  blt      x14, x15, . - 0x36
#6662 0 80000276 fd842703 r 0e         f0040e90  lw       x14, -0x28(x8)
#6663 0 8000027a fe442783 r 0f         00000042  lw       x15, -0x1c(x8)
#6664 0 8000027e     078a r 0f         00000108  c.slli   x15, 2
#6665 0 80000280     97ba r 0f         f0040f98  c.add    x15, x14
#6666 0 80000282     439c r 0f         00000001  c.lw     x15, 0x0(x15)
#6667 0 80000284 fff78693 r 0d         00000000  addi     x13, x15, -0x1
#6668 0 80000288 fd842603 r 0c         f0040e90  lw       x12, -0x28(x8)
#6669 0 8000028c fe442703 r 0e         00000042  lw       x14, -0x1c(x8)
#6670 0 80000290     070a r 0e         00000108  c.slli   x14, 2
#6671 0 80000292     9732 r 0e         f0040f98  c.add    x14, x12
#6672 0 80000294     c314 m f0040f98   00000000  c.sw     x13, 0x0(x14)
#6673 0 80000296 fcf044e3 r 00         00000000  blt      x0, x15, . - 0x38
#6674 0 8000025e fec42783 r 0f         f004014c  lw       x15, -0x14(x8)
#6675 0 80000262 00478713 r 0e         f0040150  addi     x14, x15, 0x4
#6676 0 80000266 fee42623 m f004102c   f0040150  sw       x14, -0x14(x8)
#6677 0 8000026a fe442683 r 0d         00000042  lw       x13, -0x1c(x8)
#6678 0 8000026e fcc42703 r 0e         00000000  lw       x14, -0x34(x8)
#6679 0 80000272     9736 r 0e         00000042  c.add    x14, x13
#6680 0 80000274     c398 m f004014c   00000042  c.sw     x14, 0x0(x15)
#6681 0 80000276 fd842703 r 0e         f0040e90  lw       x14, -0x28(x8)
#6682 0 8000027a fe442783 r 0f         00000042  lw       x15, -0x1c(x8)
#6683 0 8000027e     078a r 0f         00000108  c.slli   x15, 2
#6684 0 80000280     97ba r 0f         f0040f98  c.add    x15, x14
#6685 0 80000282     439c r 0f         00000000  c.lw     x15, 0x0(x15)
#6686 0 80000284 fff78693 r 0d         ffffffff  addi     x13, x15, -0x1
#6687 0 80000288 fd842603 r 0c         f0040e90  lw       x12, -0x28(x8)
#6688 0 8000028c fe442703 r 0e         00000042  lw       x14, -0x1c(x8)
#6689 0 80000290     070a r 0e         00000108  c.slli   x14, 2
#6690 0 80000292     9732 r 0e         f0040f98  c.add    x14, x12
#6691 0 80000294     c314 m f0040f98   ffffffff  c.sw     x13, 0x0(x14)
#6692 0 80000296 fcf044e3 r 00         00000000  blt      x0, x15, . - 0x38
#6693 0 8000029a fe442783 r 0f         00000042  lw       x15, -0x1c(x8)
#6694 0 8000029e     0785 r 0f         00000043  c.addi   x15, 0x1
#6695 0 800002a0 fef42223 m f0041024   00000043  sw       x15, -0x1c(x8)
#6696 0 800002a4 fe442703 r 0e         00000043  lw       x14, -0x1c(x8)
#6697 0 800002a8 fe042783 r 0f         0000005b  lw       x15, -0x20(x8)
#6698 0 800002ac fcf745e3 r 00         00000000  blt      x14, x15, . - 0x36
#6699 0 80000276 fd842703 r 0e         f0040e90  lw       x14, -0x28(x8)
#6700 0 8000027a fe442783 r 0f         00000043  lw       x15, -0x1c(x8)
#6701 0 8000027e     078a r 0f         0000010c  c.slli   x15, 2
#6702 0 80000280     97ba r 0f         f0040f9c  c.add    x15, x14
#6703 0 80000282     439c r 0f         00000001  c.lw     x15, 0x0(x15)
#6704 0 80000284 fff78693 r 0d         00000000  addi     x13, x15, -0x1
#6705 0 80000288 fd842603 r 0c         f0040e90  lw       x12, -0x28(x8)
#6706 0 8000028c fe442703 r 0e         00000043  lw       x14, -0x1c(x8)
#6707 0 80000290     070a r 0e         0000010c  c.slli   x14, 2
#6708 0 80000292     9732 r 0e         f0040f9c  c.add    x14, x12
#6709 0 80000294     c314 m f0040f9c   00000000  c.sw     x13, 0x0(x14)
#6710 0 80000296 fcf044e3 r 00         00000000  blt      x0, x15, . - 0x38
#6711 0 8000025e fec42783 r 0f         f0040150  lw       x15, -0x14(x8)
#6712 0 80000262 00478713 r 0e         f0040154  addi     x14, x15, 0x4
#6713 0 80000266 fee42623 m f004102c   f0040154  sw       x14, -0x14(x8)
#6714 0 8000026a fe442683 r 0d         00000043  lw       x13, -0x1c(x8)
#6715 0 8000026e fcc42703 r 0e         00000000  lw       x14, -0x34(x8)
#6716 0 80000272     9736 r 0e         00000043  c.add    x14, x13
#6717 0 80000274     c398 m f0040150   00000043  c.sw     x14, 0x0(x15)
#6718 0 80000276 fd842703 r 0e         f0040e90  lw       x14, -0x28(x8)
#6719 0 8000027a fe442783 r 0f         00000043  lw       x15, -0x1c(x8)
#6720 0 8000027e     078a r 0f         0000010c  c.slli   x15, 2
#6721 0 80000280     97ba r 0f         f0040f9c  c.add    x15, x14
#6722 0 80000282     439c r 0f         00000000  c.lw     x15, 0x0(x15)
#6723 0 80000284 fff78693 r 0d         ffffffff  addi     x13, x15, -0x1
#6724 0 80000288 fd842603 r 0c         f0040e90  lw       x12, -0x28(x8)
#6725 0 8000028c fe442703 r 0e         00000043  lw       x14, -0x1c(x8)
#6726 0 80000290     070a r 0e         0000010c  c.slli   x14, 2
#6727 0 80000292     9732 r 0e         f0040f9c  c.add    x14, x12
#6728 0 80000294     c314 m f0040f9c   ffffffff  c.sw     x13, 0x0(x14)
#6729 0 80000296 fcf044e3 r 00         00000000  blt      x0, x15, . - 0x38
#6730 0 8000029a fe442783 r 0f         00000043  lw       x15, -0x1c(x8)
#6731 0 8000029e     0785 r 0f         00000044  c.addi   x15, 0x1
#6732 0 800002a0 fef42223 m f0041024   00000044  sw       x15, -0x1c(x8)
#6733 0 800002a4 fe442703 r 0e         00000044  lw       x14, -0x1c(x8)
#6734 0 800002a8 fe042783 r 0f         0000005b  lw       x15, -0x20(x8)
#6735 0 800002ac fcf745e3 r 00         00000000  blt      x14, x15, . - 0x36
#6736 0 80000276 fd842703 r 0e         f0040e90  lw       x14, -0x28(x8)
#6737 0 8000027a fe442783 r 0f         00000044  lw       x15, -0x1c(x8)
#6738 0 8000027e     078a r 0f         00000110  c.slli   x15, 2
#6739 0 80000280     97ba r 0f         f0040fa0  c.add    x15, x14
#6740 0 80000282     439c r 0f         00000000  c.lw     x15, 0x0(x15)
#6741 0 80000284 fff78693 r 0d         ffffffff  addi     x13, x15, -0x1
#6742 0 80000288 fd842603 r 0c         f0040e90  lw       x12, -0x28(x8)
#6743 0 8000028c fe442703 r 0e         00000044  lw       x14, -0x1c(x8)
#6744 0 80000290     070a r 0e         00000110  c.slli   x14, 2
#6745 0 80000292     9732 r 0e         f0040fa0  c.add    x14, x12
#6746 0 80000294     c314 m f0040fa0   ffffffff  c.sw     x13, 0x0(x14)
#6747 0 80000296 fcf044e3 r 00         00000000  blt      x0, x15, . - 0x38
#6748 0 8000029a fe442783 r 0f         00000044  lw       x15, -0x1c(x8)
#6749 0 8000029e     0785 r 0f         00000045  c.addi   x15, 0x1
#6750 0 800002a0 fef42223 m f0041024   00000045  sw       x15, -0x1c(x8)
#6751 0 800002a4 fe442703 r 0e         00000045  lw       x14, -0x1c(x8)
#6752 0 800002a8 fe042783 r 0f         0000005b  lw       x15, -0x20(x8)
#6753 0 800002ac fcf745e3 r 00         00000000  blt      x14, x15, . - 0x36
#6754 0 80000276 fd842703 r 0e         f0040e90  lw       x14, -0x28(x8)
#6755 0 8000027a fe442783 r 0f         00000045  lw       x15, -0x1c(x8)
#6756 0 8000027e     078a r 0f         00000114  c.slli   x15, 2
#6757 0 80000280     97ba r 0f         f0040fa4  c.add    x15, x14
#6758 0 80000282     439c r 0f         00000000  c.lw     x15, 0x0(x15)
#6759 0 80000284 fff78693 r 0d         ffffffff  addi     x13, x15, -0x1
#6760 0 80000288 fd842603 r 0c         f0040e90  lw       x12, -0x28(x8)
#6761 0 8000028c fe442703 r 0e         00000045  lw       x14, -0x1c(x8)
#6762 0 80000290     070a r 0e         00000114  c.slli   x14, 2
#6763 0 80000292     9732 r 0e         f0040fa4  c.add    x14, x12
#6764 0 80000294     c314 m f0040fa4   ffffffff  c.sw     x13, 0x0(x14)
#6765 0 80000296 fcf044e3 r 00         00000000  blt      x0, x15, . - 0x38
#6766 0 8000029a fe442783 r 0f         00000045  lw       x15, -0x1c(x8)
#6767 0 8000029e     0785 r 0f         00000046  c.addi   x15, 0x1
#6768 0 800002a0 fef42223 m f0041024   00000046  sw       x15, -0x1c(x8)
#6769 0 800002a4 fe442703 r 0e         00000046  lw       x14, -0x1c(x8)
#6770 0 800002a8 fe042783 r 0f         0000005b  lw       x15, -0x20(x8)
#6771 0 800002ac fcf745e3 r 00         00000000  blt      x14, x15, . - 0x36
#6772 0 80000276 fd842703 r 0e         f0040e90  lw       x14, -0x28(x8)
#6773 0 8000027a fe442783 r 0f         00000046  lw       x15, -0x1c(x8)
#6774 0 8000027e     078a r 0f         00000118  c.slli   x15, 2
#6775 0 80000280     97ba r 0f         f0040fa8  c.add    x15, x14
#6776 0 80000282     439c r 0f         00000000  c.lw     x15, 0x0(x15)
#6777 0 80000284 fff78693 r 0d         ffffffff  addi     x13, x15, -0x1
#6778 0 80000288 fd842603 r 0c         f0040e90  lw       x12, -0x28(x8)
#6779 0 8000028c fe442703 r 0e         00000046  lw       x14, -0x1c(x8)
#6780 0 80000290     070a r 0e         00000118  c.slli   x14, 2
#6781 0 80000292     9732 r 0e         f0040fa8  c.add    x14, x12
#6782 0 80000294     c314 m f0040fa8   ffffffff  c.sw     x13, 0x0(x14)
#6783 0 80000296 fcf044e3 r 00         00000000  blt      x0, x15, . - 0x38
#6784 0 8000029a fe442783 r 0f         00000046  lw       x15, -0x1c(x8)
#6785 0 8000029e     0785 r 0f         00000047  c.addi   x15, 0x1
#6786 0 800002a0 fef42223 m f0041024   00000047  sw       x15, -0x1c(x8)
#6787 0 800002a4 fe442703 r 0e         00000047  lw       x14, -0x1c(x8)
#6788 0 800002a8 fe042783 r 0f         0000005b  lw       x15, -0x20(x8)
#6789 0 800002ac fcf745e3 r 00         00000000  blt      x14, x15, . - 0x36
#6790 0 80000276 fd842703 r 0e         f0040e90  lw       x14, -0x28(x8)
#6791 0 8000027a fe442783 r 0f         00000047  lw       x15, -0x1c(x8)
#6792 0 8000027e     078a r 0f         0000011c  c.slli   x15, 2
#6793 0 80000280     97ba r 0f         f0040fac  c.add    x15, x14
#6794 0 80000282     439c r 0f         00000000  c.lw     x15, 0x0(x15)
#6795 0 80000284 fff78693 r 0d         ffffffff  addi     x13, x15, -0x1
#6796 0 80000288 fd842603 r 0c         f0040e90  lw       x12, -0x28(x8)
#6797 0 8000028c fe442703 r 0e         00000047  lw       x14, -0x1c(x8)
#6798 0 80000290     070a r 0e         0000011c  c.slli   x14, 2
#6799 0 80000292     9732 r 0e         f0040fac  c.add    x14, x12
#6800 0 80000294     c314 m f0040fac   ffffffff  c.sw     x13, 0x0(x14)
#6801 0 80000296 fcf044e3 r 00         00000000  blt      x0, x15, . - 0x38
#6802 0 8000029a fe442783 r 0f         00000047  lw       x15, -0x1c(x8)
#6803 0 8000029e     0785 r 0f         00000048  c.addi   x15, 0x1
#6804 0 800002a0 fef42223 m f0041024   00000048  sw       x15, -0x1c(x8)
#6805 0 800002a4 fe442703 r 0e         00000048  lw       x14, -0x1c(x8)
#6806 0 800002a8 fe042783 r 0f         0000005b  lw       x15, -0x20(x8)
#6807 0 800002ac fcf745e3 r 00         00000000  blt      x14, x15, . - 0x36
#6808 0 80000276 fd842703 r 0e         f0040e90  lw       x14, -0x28(x8)
#6809 0 8000027a fe442783 r 0f         00000048  lw       x15, -0x1c(x8)
#6810 0 8000027e     078a r 0f         00000120  c.slli   x15, 2
#6811 0 80000280     97ba r 0f         f0040fb0  c.add    x15, x14
#6812 0 80000282     439c r 0f         00000001  c.lw     x15, 0x0(x15)
#6813 0 80000284 fff78693 r 0d         00000000  addi     x13, x15, -0x1
#6814 0 80000288 fd842603 r 0c         f0040e90  lw       x12, -0x28(x8)
#6815 0 8000028c fe442703 r 0e         00000048  lw       x14, -0x1c(x8)
#6816 0 80000290     070a r 0e         00000120  c.slli   x14, 2
#6817 0 80000292     9732 r 0e         f0040fb0  c.add    x14, x12
#6818 0 80000294     c314 m f0040fb0   00000000  c.sw     x13, 0x0(x14)
#6819 0 80000296 fcf044e3 r 00         00000000  blt      x0, x15, . - 0x38
#6820 0 8000025e fec42783 r 0f         f0040154  lw       x15, -0x14(x8)
#6821 0 80000262 00478713 r 0e         f0040158  addi     x14, x15, 0x4
#6822 0 80000266 fee42623 m f004102c   f0040158  sw       x14, -0x14(x8)
#6823 0 8000026a fe442683 r 0d         00000048  lw       x13, -0x1c(x8)
#6824 0 8000026e fcc42703 r 0e         00000000  lw       x14, -0x34(x8)
#6825 0 80000272     9736 r 0e         00000048  c.add    x14, x13
#6826 0 80000274     c398 m f0040154   00000048  c.sw     x14, 0x0(x15)
#6827 0 80000276 fd842703 r 0e         f0040e90  lw       x14, -0x28(x8)
#6828 0 8000027a fe442783 r 0f         00000048  lw       x15, -0x1c(x8)
#6829 0 8000027e     078a r 0f         00000120  c.slli   x15, 2
#6830 0 80000280     97ba r 0f         f0040fb0  c.add    x15, x14
#6831 0 80000282     439c r 0f         00000000  c.lw     x15, 0x0(x15)
#6832 0 80000284 fff78693 r 0d         ffffffff  addi     x13, x15, -0x1
#6833 0 80000288 fd842603 r 0c         f0040e90  lw       x12, -0x28(x8)
#6834 0 8000028c fe442703 r 0e         00000048  lw       x14, -0x1c(x8)
#6835 0 80000290     070a r 0e         00000120  c.slli   x14, 2
#6836 0 80000292     9732 r 0e         f0040fb0  c.add    x14, x12
#6837 0 80000294     c314 m f0040fb0   ffffffff  c.sw     x13, 0x0(x14)
#6838 0 80000296 fcf044e3 r 00         00000000  blt      x0, x15, . - 0x38
#6839 0 8000029a fe442783 r 0f         00000048  lw       x15, -0x1c(x8)
#6840 0 8000029e     0785 r 0f         00000049  c.addi   x15, 0x1
#6841 0 800002a0 fef42223 m f0041024   00000049  sw       x15, -0x1c(x8)
#6842 0 800002a4 fe442703 r 0e         00000049  lw       x14, -0x1c(x8)
#6843 0 800002a8 fe042783 r 0f         0000005b  lw       x15, -0x20(x8)
#6844 0 800002ac fcf745e3 r 00         00000000  blt      x14, x15, . - 0x36
#6845 0 80000276 fd842703 r 0e         f0040e90  lw       x14, -0x28(x8)
#6846 0 8000027a fe442783 r 0f         00000049  lw       x15, -0x1c(x8)
#6847 0 8000027e     078a r 0f         00000124  c.slli   x15, 2
#6848 0 80000280     97ba r 0f         f0040fb4  c.add    x15, x14
#6849 0 80000282     439c r 0f         00000000  c.lw     x15, 0x0(x15)
#6850 0 80000284 fff78693 r 0d         ffffffff  addi     x13, x15, -0x1
#6851 0 80000288 fd842603 r 0c         f0040e90  lw       x12, -0x28(x8)
#6852 0 8000028c fe442703 r 0e         00000049  lw       x14, -0x1c(x8)
#6853 0 80000290     070a r 0e         00000124  c.slli   x14, 2
#6854 0 80000292     9732 r 0e         f0040fb4  c.add    x14, x12
#6855 0 80000294     c314 m f0040fb4   ffffffff  c.sw     x13, 0x0(x14)
#6856 0 80000296 fcf044e3 r 00         00000000  blt      x0, x15, . - 0x38
#6857 0 8000029a fe442783 r 0f         00000049  lw       x15, -0x1c(x8)
#6858 0 8000029e     0785 r 0f         0000004a  c.addi   x15, 0x1
#6859 0 800002a0 fef42223 m f0041024   0000004a  sw       x15, -0x1c(x8)
#6860 0 800002a4 fe442703 r 0e         0000004a  lw       x14, -0x1c(x8)
#6861 0 800002a8 fe042783 r 0f         0000005b  lw       x15, -0x20(x8)
#6862 0 800002ac fcf745e3 r 00         00000000  blt      x14, x15, . - 0x36
#6863 0 80000276 fd842703 r 0e         f0040e90  lw       x14, -0x28(x8)
#6864 0 8000027a fe442783 r 0f         0000004a  lw       x15, -0x1c(x8)
#6865 0 8000027e     078a r 0f         00000128  c.slli   x15, 2
#6866 0 80000280     97ba r 0f         f0040fb8  c.add    x15, x14
#6867 0 80000282     439c r 0f         00000000  c.lw     x15, 0x0(x15)
#6868 0 80000284 fff78693 r 0d         ffffffff  addi     x13, x15, -0x1
#6869 0 80000288 fd842603 r 0c         f0040e90  lw       x12, -0x28(x8)
#6870 0 8000028c fe442703 r 0e         0000004a  lw       x14, -0x1c(x8)
#6871 0 80000290     070a r 0e         00000128  c.slli   x14, 2
#6872 0 80000292     9732 r 0e         f0040fb8  c.add    x14, x12
#6873 0 80000294     c314 m f0040fb8   ffffffff  c.sw     x13, 0x0(x14)
#6874 0 80000296 fcf044e3 r 00         00000000  blt      x0, x15, . - 0x38
#6875 0 8000029a fe442783 r 0f         0000004a  lw       x15, -0x1c(x8)
#6876 0 8000029e     0785 r 0f         0000004b  c.addi   x15, 0x1
#6877 0 800002a0 fef42223 m f0041024   0000004b  sw       x15, -0x1c(x8)
#6878 0 800002a4 fe442703 r 0e         0000004b  lw       x14, -0x1c(x8)
#6879 0 800002a8 fe042783 r 0f         0000005b  lw       x15, -0x20(x8)
#6880 0 800002ac fcf745e3 r 00         00000000  blt      x14, x15, . - 0x36
#6881 0 80000276 fd842703 r 0e         f0040e90  lw       x14, -0x28(x8)
#6882 0 8000027a fe442783 r 0f         0000004b  lw       x15, -0x1c(x8)
#6883 0 8000027e     078a r 0f         0000012c  c.slli   x15, 2
#6884 0 80000280     97ba r 0f         f0040fbc  c.add    x15, x14
#6885 0 80000282     439c r 0f         00000000  c.lw     x15, 0x0(x15)
#6886 0 80000284 fff78693 r 0d         ffffffff  addi     x13, x15, -0x1
#6887 0 80000288 fd842603 r 0c         f0040e90  lw       x12, -0x28(x8)
#6888 0 8000028c fe442703 r 0e         0000004b  lw       x14, -0x1c(x8)
#6889 0 80000290     070a r 0e         0000012c  c.slli   x14, 2
#6890 0 80000292     9732 r 0e         f0040fbc  c.add    x14, x12
#6891 0 80000294     c314 m f0040fbc   ffffffff  c.sw     x13, 0x0(x14)
#6892 0 80000296 fcf044e3 r 00         00000000  blt      x0, x15, . - 0x38
#6893 0 8000029a fe442783 r 0f         0000004b  lw       x15, -0x1c(x8)
#6894 0 8000029e     0785 r 0f         0000004c  c.addi   x15, 0x1
#6895 0 800002a0 fef42223 m f0041024   0000004c  sw       x15, -0x1c(x8)
#6896 0 800002a4 fe442703 r 0e         0000004c  lw       x14, -0x1c(x8)
#6897 0 800002a8 fe042783 r 0f         0000005b  lw       x15, -0x20(x8)
#6898 0 800002ac fcf745e3 r 00         00000000  blt      x14, x15, . - 0x36
#6899 0 80000276 fd842703 r 0e         f0040e90  lw       x14, -0x28(x8)
#6900 0 8000027a fe442783 r 0f         0000004c  lw       x15, -0x1c(x8)
#6901 0 8000027e     078a r 0f         00000130  c.slli   x15, 2
#6902 0 80000280     97ba r 0f         f0040fc0  c.add    x15, x14
#6903 0 80000282     439c r 0f         00000000  c.lw     x15, 0x0(x15)
#6904 0 80000284 fff78693 r 0d         ffffffff  addi     x13, x15, -0x1
#6905 0 80000288 fd842603 r 0c         f0040e90  lw       x12, -0x28(x8)
#6906 0 8000028c fe442703 r 0e         0000004c  lw       x14, -0x1c(x8)
#6907 0 80000290     070a r 0e         00000130  c.slli   x14, 2
#6908 0 80000292     9732 r 0e         f0040fc0  c.add    x14, x12
#6909 0 80000294     c314 m f0040fc0   ffffffff  c.sw     x13, 0x0(x14)
#6910 0 80000296 fcf044e3 r 00         00000000  blt      x0, x15, . - 0x38
#6911 0 8000029a fe442783 r 0f         0000004c  lw       x15, -0x1c(x8)
#6912 0 8000029e     0785 r 0f         0000004d  c.addi   x15, 0x1
#6913 0 800002a0 fef42223 m f0041024   0000004d  sw       x15, -0x1c(x8)
#6914 0 800002a4 fe442703 r 0e         0000004d  lw       x14, -0x1c(x8)
#6915 0 800002a8 fe042783 r 0f         0000005b  lw       x15, -0x20(x8)
#6916 0 800002ac fcf745e3 r 00         00000000  blt      x14, x15, . - 0x36
#6917 0 80000276 fd842703 r 0e         f0040e90  lw       x14, -0x28(x8)
#6918 0 8000027a fe442783 r 0f         0000004d  lw       x15, -0x1c(x8)
#6919 0 8000027e     078a r 0f         00000134  c.slli   x15, 2
#6920 0 80000280     97ba r 0f         f0040fc4  c.add    x15, x14
#6921 0 80000282     439c r 0f         00000000  c.lw     x15, 0x0(x15)
#6922 0 80000284 fff78693 r 0d         ffffffff  addi     x13, x15, -0x1
#6923 0 80000288 fd842603 r 0c         f0040e90  lw       x12, -0x28(x8)
#6924 0 8000028c fe442703 r 0e         0000004d  lw       x14, -0x1c(x8)
#6925 0 80000290     070a r 0e         00000134  c.slli   x14, 2
#6926 0 80000292     9732 r 0e         f0040fc4  c.add    x14, x12
#6927 0 80000294     c314 m f0040fc4   ffffffff  c.sw     x13, 0x0(x14)
#6928 0 80000296 fcf044e3 r 00         00000000  blt      x0, x15, . - 0x38
#6929 0 8000029a fe442783 r 0f         0000004d  lw       x15, -0x1c(x8)
#6930 0 8000029e     0785 r 0f         0000004e  c.addi   x15, 0x1
#6931 0 800002a0 fef42223 m f0041024   0000004e  sw       x15, -0x1c(x8)
#6932 0 800002a4 fe442703 r 0e         0000004e  lw       x14, -0x1c(x8)
#6933 0 800002a8 fe042783 r 0f         0000005b  lw       x15, -0x20(x8)
#6934 0 800002ac fcf745e3 r 00         00000000  blt      x14, x15, . - 0x36
#6935 0 80000276 fd842703 r 0e         f0040e90  lw       x14, -0x28(x8)
#6936 0 8000027a fe442783 r 0f         0000004e  lw       x15, -0x1c(x8)
#6937 0 8000027e     078a r 0f         00000138  c.slli   x15, 2
#6938 0 80000280     97ba r 0f         f0040fc8  c.add    x15, x14
#6939 0 80000282     439c r 0f         00000001  c.lw     x15, 0x0(x15)
#6940 0 80000284 fff78693 r 0d         00000000  addi     x13, x15, -0x1
#6941 0 80000288 fd842603 r 0c         f0040e90  lw       x12, -0x28(x8)
#6942 0 8000028c fe442703 r 0e         0000004e  lw       x14, -0x1c(x8)
#6943 0 80000290     070a r 0e         00000138  c.slli   x14, 2
#6944 0 80000292     9732 r 0e         f0040fc8  c.add    x14, x12
#6945 0 80000294     c314 m f0040fc8   00000000  c.sw     x13, 0x0(x14)
#6946 0 80000296 fcf044e3 r 00         00000000  blt      x0, x15, . - 0x38
#6947 0 8000025e fec42783 r 0f         f0040158  lw       x15, -0x14(x8)
#6948 0 80000262 00478713 r 0e         f004015c  addi     x14, x15, 0x4
#6949 0 80000266 fee42623 m f004102c   f004015c  sw       x14, -0x14(x8)
#6950 0 8000026a fe442683 r 0d         0000004e  lw       x13, -0x1c(x8)
#6951 0 8000026e fcc42703 r 0e         00000000  lw       x14, -0x34(x8)
#6952 0 80000272     9736 r 0e         0000004e  c.add    x14, x13
#6953 0 80000274     c398 m f0040158   0000004e  c.sw     x14, 0x0(x15)
#6954 0 80000276 fd842703 r 0e         f0040e90  lw       x14, -0x28(x8)
#6955 0 8000027a fe442783 r 0f         0000004e  lw       x15, -0x1c(x8)
#6956 0 8000027e     078a r 0f         00000138  c.slli   x15, 2
#6957 0 80000280     97ba r 0f         f0040fc8  c.add    x15, x14
#6958 0 80000282     439c r 0f         00000000  c.lw     x15, 0x0(x15)
#6959 0 80000284 fff78693 r 0d         ffffffff  addi     x13, x15, -0x1
#6960 0 80000288 fd842603 r 0c         f0040e90  lw       x12, -0x28(x8)
#6961 0 8000028c fe442703 r 0e         0000004e  lw       x14, -0x1c(x8)
#6962 0 80000290     070a r 0e         00000138  c.slli   x14, 2
#6963 0 80000292     9732 r 0e         f0040fc8  c.add    x14, x12
#6964 0 80000294     c314 m f0040fc8   ffffffff  c.sw     x13, 0x0(x14)
#6965 0 80000296 fcf044e3 r 00         00000000  blt      x0, x15, . - 0x38
#6966 0 8000029a fe442783 r 0f         0000004e  lw       x15, -0x1c(x8)
#6967 0 8000029e     0785 r 0f         0000004f  c.addi   x15, 0x1
#6968 0 800002a0 fef42223 m f0041024   0000004f  sw       x15, -0x1c(x8)
#6969 0 800002a4 fe442703 r 0e         0000004f  lw       x14, -0x1c(x8)
#6970 0 800002a8 fe042783 r 0f         0000005b  lw       x15, -0x20(x8)
#6971 0 800002ac fcf745e3 r 00         00000000  blt      x14, x15, . - 0x36
#6972 0 80000276 fd842703 r 0e         f0040e90  lw       x14, -0x28(x8)
#6973 0 8000027a fe442783 r 0f         0000004f  lw       x15, -0x1c(x8)
#6974 0 8000027e     078a r 0f         0000013c  c.slli   x15, 2
#6975 0 80000280     97ba r 0f         f0040fcc  c.add    x15, x14
#6976 0 80000282     439c r 0f         00000000  c.lw     x15, 0x0(x15)
#6977 0 80000284 fff78693 r 0d         ffffffff  addi     x13, x15, -0x1
#6978 0 80000288 fd842603 r 0c         f0040e90  lw       x12, -0x28(x8)
#6979 0 8000028c fe442703 r 0e         0000004f  lw       x14, -0x1c(x8)
#6980 0 80000290     070a r 0e         0000013c  c.slli   x14, 2
#6981 0 80000292     9732 r 0e         f0040fcc  c.add    x14, x12
#6982 0 80000294     c314 m f0040fcc   ffffffff  c.sw     x13, 0x0(x14)
#6983 0 80000296 fcf044e3 r 00         00000000  blt      x0, x15, . - 0x38
#6984 0 8000029a fe442783 r 0f         0000004f  lw       x15, -0x1c(x8)
#6985 0 8000029e     0785 r 0f         00000050  c.addi   x15, 0x1
#6986 0 800002a0 fef42223 m f0041024   00000050  sw       x15, -0x1c(x8)
#6987 0 800002a4 fe442703 r 0e         00000050  lw       x14, -0x1c(x8)
#6988 0 800002a8 fe042783 r 0f         0000005b  lw       x15, -0x20(x8)
#6989 0 800002ac fcf745e3 r 00         00000000  blt      x14, x15, . - 0x36
#6990 0 80000276 fd842703 r 0e         f0040e90  lw       x14, -0x28(x8)
#6991 0 8000027a fe442783 r 0f         00000050  lw       x15, -0x1c(x8)
#6992 0 8000027e     078a r 0f         00000140  c.slli   x15, 2
#6993 0 80000280     97ba r 0f         f0040fd0  c.add    x15, x14
#6994 0 80000282     439c r 0f         00000000  c.lw     x15, 0x0(x15)
#6995 0 80000284 fff78693 r 0d         ffffffff  addi     x13, x15, -0x1
#6996 0 80000288 fd842603 r 0c         f0040e90  lw       x12, -0x28(x8)
#6997 0 8000028c fe442703 r 0e         00000050  lw       x14, -0x1c(x8)
#6998 0 80000290     070a r 0e         00000140  c.slli   x14, 2
#6999 0 80000292     9732 r 0e         f0040fd0  c.add    x14, x12
#7000 0 80000294     c314 m f0040fd0   ffffffff  c.sw     x13, 0x0(x14)
#7001 0 80000296 fcf044e3 r 00         00000000  blt      x0, x15, . - 0x38
#7002 0 8000029a fe442783 r 0f         00000050  lw       x15, -0x1c(x8)
#7003 0 8000029e     0785 r 0f         00000051  c.addi   x15, 0x1
#7004 0 800002a0 fef42223 m f0041024   00000051  sw       x15, -0x1c(x8)
#7005 0 800002a4 fe442703 r 0e         00000051  lw       x14, -0x1c(x8)
#7006 0 800002a8 fe042783 r 0f         0000005b  lw       x15, -0x20(x8)
#7007 0 800002ac fcf745e3 r 00         00000000  blt      x14, x15, . - 0x36
#7008 0 80000276 fd842703 r 0e         f0040e90  lw       x14, -0x28(x8)
#7009 0 8000027a fe442783 r 0f         00000051  lw       x15, -0x1c(x8)
#7010 0 8000027e     078a r 0f         00000144  c.slli   x15, 2
#7011 0 80000280     97ba r 0f         f0040fd4  c.add    x15, x14
#7012 0 80000282     439c r 0f         00000000  c.lw     x15, 0x0(x15)
#7013 0 80000284 fff78693 r 0d         ffffffff  addi     x13, x15, -0x1
#7014 0 80000288 fd842603 r 0c         f0040e90  lw       x12, -0x28(x8)
#7015 0 8000028c fe442703 r 0e         00000051  lw       x14, -0x1c(x8)
#7016 0 80000290     070a r 0e         00000144  c.slli   x14, 2
#7017 0 80000292     9732 r 0e         f0040fd4  c.add    x14, x12
#7018 0 80000294     c314 m f0040fd4   ffffffff  c.sw     x13, 0x0(x14)
#7019 0 80000296 fcf044e3 r 00         00000000  blt      x0, x15, . - 0x38
#7020 0 8000029a fe442783 r 0f         00000051  lw       x15, -0x1c(x8)
#7021 0 8000029e     0785 r 0f         00000052  c.addi   x15, 0x1
#7022 0 800002a0 fef42223 m f0041024   00000052  sw       x15, -0x1c(x8)
#7023 0 800002a4 fe442703 r 0e         00000052  lw       x14, -0x1c(x8)
#7024 0 800002a8 fe042783 r 0f         0000005b  lw       x15, -0x20(x8)
#7025 0 800002ac fcf745e3 r 00         00000000  blt      x14, x15, . - 0x36
#7026 0 80000276 fd842703 r 0e         f0040e90  lw       x14, -0x28(x8)
#7027 0 8000027a fe442783 r 0f         00000052  lw       x15, -0x1c(x8)
#7028 0 8000027e     078a r 0f         00000148  c.slli   x15, 2
#7029 0 80000280     97ba r 0f         f0040fd8  c.add    x15, x14
#7030 0 80000282     439c r 0f         00000000  c.lw     x15, 0x0(x15)
#7031 0 80000284 fff78693 r 0d         ffffffff  addi     x13, x15, -0x1
#7032 0 80000288 fd842603 r 0c         f0040e90  lw       x12, -0x28(x8)
#7033 0 8000028c fe442703 r 0e         00000052  lw       x14, -0x1c(x8)
#7034 0 80000290     070a r 0e         00000148  c.slli   x14, 2
#7035 0 80000292     9732 r 0e         f0040fd8  c.add    x14, x12
#7036 0 80000294     c314 m f0040fd8   ffffffff  c.sw     x13, 0x0(x14)
#7037 0 80000296 fcf044e3 r 00         00000000  blt      x0, x15, . - 0x38
#7038 0 8000029a fe442783 r 0f         00000052  lw       x15, -0x1c(x8)
#7039 0 8000029e     0785 r 0f         00000053  c.addi   x15, 0x1
#7040 0 800002a0 fef42223 m f0041024   00000053  sw       x15, -0x1c(x8)
#7041 0 800002a4 fe442703 r 0e         00000053  lw       x14, -0x1c(x8)
#7042 0 800002a8 fe042783 r 0f         0000005b  lw       x15, -0x20(x8)
#7043 0 800002ac fcf745e3 r 00         00000000  blt      x14, x15, . - 0x36
#7044 0 80000276 fd842703 r 0e         f0040e90  lw       x14, -0x28(x8)
#7045 0 8000027a fe442783 r 0f         00000053  lw       x15, -0x1c(x8)
#7046 0 8000027e     078a r 0f         0000014c  c.slli   x15, 2
#7047 0 80000280     97ba r 0f         f0040fdc  c.add    x15, x14
#7048 0 80000282     439c r 0f         00000000  c.lw     x15, 0x0(x15)
#7049 0 80000284 fff78693 r 0d         ffffffff  addi     x13, x15, -0x1
#7050 0 80000288 fd842603 r 0c         f0040e90  lw       x12, -0x28(x8)
#7051 0 8000028c fe442703 r 0e         00000053  lw       x14, -0x1c(x8)
#7052 0 80000290     070a r 0e         0000014c  c.slli   x14, 2
#7053 0 80000292     9732 r 0e         f0040fdc  c.add    x14, x12
#7054 0 80000294     c314 m f0040fdc   ffffffff  c.sw     x13, 0x0(x14)
#7055 0 80000296 fcf044e3 r 00         00000000  blt      x0, x15, . - 0x38
#7056 0 8000029a fe442783 r 0f         00000053  lw       x15, -0x1c(x8)
#7057 0 8000029e     0785 r 0f         00000054  c.addi   x15, 0x1
#7058 0 800002a0 fef42223 m f0041024   00000054  sw       x15, -0x1c(x8)
#7059 0 800002a4 fe442703 r 0e         00000054  lw       x14, -0x1c(x8)
#7060 0 800002a8 fe042783 r 0f         0000005b  lw       x15, -0x20(x8)
#7061 0 800002ac fcf745e3 r 00         00000000  blt      x14, x15, . - 0x36
#7062 0 80000276 fd842703 r 0e         f0040e90  lw       x14, -0x28(x8)
#7063 0 8000027a fe442783 r 0f         00000054  lw       x15, -0x1c(x8)
#7064 0 8000027e     078a r 0f         00000150  c.slli   x15, 2
#7065 0 80000280     97ba r 0f         f0040fe0  c.add    x15, x14
#7066 0 80000282     439c r 0f         00000000  c.lw     x15, 0x0(x15)
#7067 0 80000284 fff78693 r 0d         ffffffff  addi     x13, x15, -0x1
#7068 0 80000288 fd842603 r 0c         f0040e90  lw       x12, -0x28(x8)
#7069 0 8000028c fe442703 r 0e         00000054  lw       x14, -0x1c(x8)
#7070 0 80000290     070a r 0e         00000150  c.slli   x14, 2
#7071 0 80000292     9732 r 0e         f0040fe0  c.add    x14, x12
#7072 0 80000294     c314 m f0040fe0   ffffffff  c.sw     x13, 0x0(x14)
#7073 0 80000296 fcf044e3 r 00         00000000  blt      x0, x15, . - 0x38
#7074 0 8000029a fe442783 r 0f         00000054  lw       x15, -0x1c(x8)
#7075 0 8000029e     0785 r 0f         00000055  c.addi   x15, 0x1
#7076 0 800002a0 fef42223 m f0041024   00000055  sw       x15, -0x1c(x8)
#7077 0 800002a4 fe442703 r 0e         00000055  lw       x14, -0x1c(x8)
#7078 0 800002a8 fe042783 r 0f         0000005b  lw       x15, -0x20(x8)
#7079 0 800002ac fcf745e3 r 00         00000000  blt      x14, x15, . - 0x36
#7080 0 80000276 fd842703 r 0e         f0040e90  lw       x14, -0x28(x8)
#7081 0 8000027a fe442783 r 0f         00000055  lw       x15, -0x1c(x8)
#7082 0 8000027e     078a r 0f         00000154  c.slli   x15, 2
#7083 0 80000280     97ba r 0f         f0040fe4  c.add    x15, x14
#7084 0 80000282     439c r 0f         00000000  c.lw     x15, 0x0(x15)
#7085 0 80000284 fff78693 r 0d         ffffffff  addi     x13, x15, -0x1
#7086 0 80000288 fd842603 r 0c         f0040e90  lw       x12, -0x28(x8)
#7087 0 8000028c fe442703 r 0e         00000055  lw       x14, -0x1c(x8)
#7088 0 80000290     070a r 0e         00000154  c.slli   x14, 2
#7089 0 80000292     9732 r 0e         f0040fe4  c.add    x14, x12
#7090 0 80000294     c314 m f0040fe4   ffffffff  c.sw     x13, 0x0(x14)
#7091 0 80000296 fcf044e3 r 00         00000000  blt      x0, x15, . - 0x38
#7092 0 8000029a fe442783 r 0f         00000055  lw       x15, -0x1c(x8)
#7093 0 8000029e     0785 r 0f         00000056  c.addi   x15, 0x1
#7094 0 800002a0 fef42223 m f0041024   00000056  sw       x15, -0x1c(x8)
#7095 0 800002a4 fe442703 r 0e         00000056  lw       x14, -0x1c(x8)
#7096 0 800002a8 fe042783 r 0f         0000005b  lw       x15, -0x20(x8)
#7097 0 800002ac fcf745e3 r 00         00000000  blt      x14, x15, . - 0x36
#7098 0 80000276 fd842703 r 0e         f0040e90  lw       x14, -0x28(x8)
#7099 0 8000027a fe442783 r 0f         00000056  lw       x15, -0x1c(x8)
#7100 0 8000027e     078a r 0f         00000158  c.slli   x15, 2
#7101 0 80000280     97ba r 0f         f0040fe8  c.add    x15, x14
#7102 0 80000282     439c r 0f         00000000  c.lw     x15, 0x0(x15)
#7103 0 80000284 fff78693 r 0d         ffffffff  addi     x13, x15, -0x1
#7104 0 80000288 fd842603 r 0c         f0040e90  lw       x12, -0x28(x8)
#7105 0 8000028c fe442703 r 0e         00000056  lw       x14, -0x1c(x8)
#7106 0 80000290     070a r 0e         00000158  c.slli   x14, 2
#7107 0 80000292     9732 r 0e         f0040fe8  c.add    x14, x12
#7108 0 80000294     c314 m f0040fe8   ffffffff  c.sw     x13, 0x0(x14)
#7109 0 80000296 fcf044e3 r 00         00000000  blt      x0, x15, . - 0x38
#7110 0 8000029a fe442783 r 0f         00000056  lw       x15, -0x1c(x8)
#7111 0 8000029e     0785 r 0f         00000057  c.addi   x15, 0x1
#7112 0 800002a0 fef42223 m f0041024   00000057  sw       x15, -0x1c(x8)
#7113 0 800002a4 fe442703 r 0e         00000057  lw       x14, -0x1c(x8)
#7114 0 800002a8 fe042783 r 0f         0000005b  lw       x15, -0x20(x8)
#7115 0 800002ac fcf745e3 r 00         00000000  blt      x14, x15, . - 0x36
#7116 0 80000276 fd842703 r 0e         f0040e90  lw       x14, -0x28(x8)
#7117 0 8000027a fe442783 r 0f         00000057  lw       x15, -0x1c(x8)
#7118 0 8000027e     078a r 0f         0000015c  c.slli   x15, 2
#7119 0 80000280     97ba r 0f         f0040fec  c.add    x15, x14
#7120 0 80000282     439c r 0f         00000000  c.lw     x15, 0x0(x15)
#7121 0 80000284 fff78693 r 0d         ffffffff  addi     x13, x15, -0x1
#7122 0 80000288 fd842603 r 0c         f0040e90  lw       x12, -0x28(x8)
#7123 0 8000028c fe442703 r 0e         00000057  lw       x14, -0x1c(x8)
#7124 0 80000290     070a r 0e         0000015c  c.slli   x14, 2
#7125 0 80000292     9732 r 0e         f0040fec  c.add    x14, x12
#7126 0 80000294     c314 m f0040fec   ffffffff  c.sw     x13, 0x0(x14)
#7127 0 80000296 fcf044e3 r 00         00000000  blt      x0, x15, . - 0x38
#7128 0 8000029a fe442783 r 0f         00000057  lw       x15, -0x1c(x8)
#7129 0 8000029e     0785 r 0f         00000058  c.addi   x15, 0x1
#7130 0 800002a0 fef42223 m f0041024   00000058  sw       x15, -0x1c(x8)
#7131 0 800002a4 fe442703 r 0e         00000058  lw       x14, -0x1c(x8)
#7132 0 800002a8 fe042783 r 0f         0000005b  lw       x15, -0x20(x8)
#7133 0 800002ac fcf745e3 r 00         00000000  blt      x14, x15, . - 0x36
#7134 0 80000276 fd842703 r 0e         f0040e90  lw       x14, -0x28(x8)
#7135 0 8000027a fe442783 r 0f         00000058  lw       x15, -0x1c(x8)
#7136 0 8000027e     078a r 0f         00000160  c.slli   x15, 2
#7137 0 80000280     97ba r 0f         f0040ff0  c.add    x15, x14
#7138 0 80000282     439c r 0f         00000001  c.lw     x15, 0x0(x15)
#7139 0 80000284 fff78693 r 0d         00000000  addi     x13, x15, -0x1
#7140 0 80000288 fd842603 r 0c         f0040e90  lw       x12, -0x28(x8)
#7141 0 8000028c fe442703 r 0e         00000058  lw       x14, -0x1c(x8)
#7142 0 80000290     070a r 0e         00000160  c.slli   x14, 2
#7143 0 80000292     9732 r 0e         f0040ff0  c.add    x14, x12
#7144 0 80000294     c314 m f0040ff0   00000000  c.sw     x13, 0x0(x14)
#7145 0 80000296 fcf044e3 r 00         00000000  blt      x0, x15, . - 0x38
#7146 0 8000025e fec42783 r 0f         f004015c  lw       x15, -0x14(x8)
#7147 0 80000262 00478713 r 0e         f0040160  addi     x14, x15, 0x4
#7148 0 80000266 fee42623 m f004102c   f0040160  sw       x14, -0x14(x8)
#7149 0 8000026a fe442683 r 0d         00000058  lw       x13, -0x1c(x8)
#7150 0 8000026e fcc42703 r 0e         00000000  lw       x14, -0x34(x8)
#7151 0 80000272     9736 r 0e         00000058  c.add    x14, x13
#7152 0 80000274     c398 m f004015c   00000058  c.sw     x14, 0x0(x15)
#7153 0 80000276 fd842703 r 0e         f0040e90  lw       x14, -0x28(x8)
#7154 0 8000027a fe442783 r 0f         00000058  lw       x15, -0x1c(x8)
#7155 0 8000027e     078a r 0f         00000160  c.slli   x15, 2
#7156 0 80000280     97ba r 0f         f0040ff0  c.add    x15, x14
#7157 0 80000282     439c r 0f         00000000  c.lw     x15, 0x0(x15)
#7158 0 80000284 fff78693 r 0d         ffffffff  addi     x13, x15, -0x1
#7159 0 80000288 fd842603 r 0c         f0040e90  lw       x12, -0x28(x8)
#7160 0 8000028c fe442703 r 0e         00000058  lw       x14, -0x1c(x8)
#7161 0 80000290     070a r 0e         00000160  c.slli   x14, 2
#7162 0 80000292     9732 r 0e         f0040ff0  c.add    x14, x12
#7163 0 80000294     c314 m f0040ff0   ffffffff  c.sw     x13, 0x0(x14)
#7164 0 80000296 fcf044e3 r 00         00000000  blt      x0, x15, . - 0x38
#7165 0 8000029a fe442783 r 0f         00000058  lw       x15, -0x1c(x8)
#7166 0 8000029e     0785 r 0f         00000059  c.addi   x15, 0x1
#7167 0 800002a0 fef42223 m f0041024   00000059  sw       x15, -0x1c(x8)
#7168 0 800002a4 fe442703 r 0e         00000059  lw       x14, -0x1c(x8)
#7169 0 800002a8 fe042783 r 0f         0000005b  lw       x15, -0x20(x8)
#7170 0 800002ac fcf745e3 r 00         00000000  blt      x14, x15, . - 0x36
#7171 0 80000276 fd842703 r 0e         f0040e90  lw       x14, -0x28(x8)
#7172 0 8000027a fe442783 r 0f         00000059  lw       x15, -0x1c(x8)
#7173 0 8000027e     078a r 0f         00000164  c.slli   x15, 2
#7174 0 80000280     97ba r 0f         f0040ff4  c.add    x15, x14
#7175 0 80000282     439c r 0f         00000001  c.lw     x15, 0x0(x15)
#7176 0 80000284 fff78693 r 0d         00000000  addi     x13, x15, -0x1
#7177 0 80000288 fd842603 r 0c         f0040e90  lw       x12, -0x28(x8)
#7178 0 8000028c fe442703 r 0e         00000059  lw       x14, -0x1c(x8)
#7179 0 80000290     070a r 0e         00000164  c.slli   x14, 2
#7180 0 80000292     9732 r 0e         f0040ff4  c.add    x14, x12
#7181 0 80000294     c314 m f0040ff4   00000000  c.sw     x13, 0x0(x14)
#7182 0 80000296 fcf044e3 r 00         00000000  blt      x0, x15, . - 0x38
#7183 0 8000025e fec42783 r 0f         f0040160  lw       x15, -0x14(x8)
#7184 0 80000262 00478713 r 0e         f0040164  addi     x14, x15, 0x4
#7185 0 80000266 fee42623 m f004102c   f0040164  sw       x14, -0x14(x8)
#7186 0 8000026a fe442683 r 0d         00000059  lw       x13, -0x1c(x8)
#7187 0 8000026e fcc42703 r 0e         00000000  lw       x14, -0x34(x8)
#7188 0 80000272     9736 r 0e         00000059  c.add    x14, x13
#7189 0 80000274     c398 m f0040160   00000059  c.sw     x14, 0x0(x15)
#7190 0 80000276 fd842703 r 0e         f0040e90  lw       x14, -0x28(x8)
#7191 0 8000027a fe442783 r 0f         00000059  lw       x15, -0x1c(x8)
#7192 0 8000027e     078a r 0f         00000164  c.slli   x15, 2
#7193 0 80000280     97ba r 0f         f0040ff4  c.add    x15, x14
#7194 0 80000282     439c r 0f         00000000  c.lw     x15, 0x0(x15)
#7195 0 80000284 fff78693 r 0d         ffffffff  addi     x13, x15, -0x1
#7196 0 80000288 fd842603 r 0c         f0040e90  lw       x12, -0x28(x8)
#7197 0 8000028c fe442703 r 0e         00000059  lw       x14, -0x1c(x8)
#7198 0 80000290     070a r 0e         00000164  c.slli   x14, 2
#7199 0 80000292     9732 r 0e         f0040ff4  c.add    x14, x12
#7200 0 80000294     c314 m f0040ff4   ffffffff  c.sw     x13, 0x0(x14)
#7201 0 80000296 fcf044e3 r 00         00000000  blt      x0, x15, . - 0x38
#7202 0 8000029a fe442783 r 0f         00000059  lw       x15, -0x1c(x8)
#7203 0 8000029e     0785 r 0f         0000005a  c.addi   x15, 0x1
#7204 0 800002a0 fef42223 m f0041024   0000005a  sw       x15, -0x1c(x8)
#7205 0 800002a4 fe442703 r 0e         0000005a  lw       x14, -0x1c(x8)
#7206 0 800002a8 fe042783 r 0f         0000005b  lw       x15, -0x20(x8)
#7207 0 800002ac fcf745e3 r 00         00000000  blt      x14, x15, . - 0x36
#7208 0 80000276 fd842703 r 0e         f0040e90  lw       x14, -0x28(x8)
#7209 0 8000027a fe442783 r 0f         0000005a  lw       x15, -0x1c(x8)
#7210 0 8000027e     078a r 0f         00000168  c.slli   x15, 2
#7211 0 80000280     97ba r 0f         f0040ff8  c.add    x15, x14
#7212 0 80000282     439c r 0f         00000002  c.lw     x15, 0x0(x15)
#7213 0 80000284 fff78693 r 0d         00000001  addi     x13, x15, -0x1
#7214 0 80000288 fd842603 r 0c         f0040e90  lw       x12, -0x28(x8)
#7215 0 8000028c fe442703 r 0e         0000005a  lw       x14, -0x1c(x8)
#7216 0 80000290     070a r 0e         00000168  c.slli   x14, 2
#7217 0 80000292     9732 r 0e         f0040ff8  c.add    x14, x12
#7218 0 80000294     c314 m f0040ff8   00000001  c.sw     x13, 0x0(x14)
#7219 0 80000296 fcf044e3 r 00         00000000  blt      x0, x15, . - 0x38
#7220 0 8000025e fec42783 r 0f         f0040164  lw       x15, -0x14(x8)
#7221 0 80000262 00478713 r 0e         f0040168  addi     x14, x15, 0x4
#7222 0 80000266 fee42623 m f004102c   f0040168  sw       x14, -0x14(x8)
#7223 0 8000026a fe442683 r 0d         0000005a  lw       x13, -0x1c(x8)
#7224 0 8000026e fcc42703 r 0e         00000000  lw       x14, -0x34(x8)
#7225 0 80000272     9736 r 0e         0000005a  c.add    x14, x13
#7226 0 80000274     c398 m f0040164   0000005a  c.sw     x14, 0x0(x15)
#7227 0 80000276 fd842703 r 0e         f0040e90  lw       x14, -0x28(x8)
#7228 0 8000027a fe442783 r 0f         0000005a  lw       x15, -0x1c(x8)
#7229 0 8000027e     078a r 0f         00000168  c.slli   x15, 2
#7230 0 80000280     97ba r 0f         f0040ff8  c.add    x15, x14
#7231 0 80000282     439c r 0f         00000001  c.lw     x15, 0x0(x15)
#7232 0 80000284 fff78693 r 0d         00000000  addi     x13, x15, -0x1
#7233 0 80000288 fd842603 r 0c         f0040e90  lw       x12, -0x28(x8)
#7234 0 8000028c fe442703 r 0e         0000005a  lw       x14, -0x1c(x8)
#7235 0 80000290     070a r 0e         00000168  c.slli   x14, 2
#7236 0 80000292     9732 r 0e         f0040ff8  c.add    x14, x12
#7237 0 80000294     c314 m f0040ff8   00000000  c.sw     x13, 0x0(x14)
#7238 0 80000296 fcf044e3 r 00         00000000  blt      x0, x15, . - 0x38
#7239 0 8000025e fec42783 r 0f         f0040168  lw       x15, -0x14(x8)
#7240 0 80000262 00478713 r 0e         f004016c  addi     x14, x15, 0x4
#7241 0 80000266 fee42623 m f004102c   f004016c  sw       x14, -0x14(x8)
#7242 0 8000026a fe442683 r 0d         0000005a  lw       x13, -0x1c(x8)
#7243 0 8000026e fcc42703 r 0e         00000000  lw       x14, -0x34(x8)
#7244 0 80000272     9736 r 0e         0000005a  c.add    x14, x13
#7245 0 80000274     c398 m f0040168   0000005a  c.sw     x14, 0x0(x15)
#7246 0 80000276 fd842703 r 0e         f0040e90  lw       x14, -0x28(x8)
#7247 0 8000027a fe442783 r 0f         0000005a  lw       x15, -0x1c(x8)
#7248 0 8000027e     078a r 0f         00000168  c.slli   x15, 2
#7249 0 80000280     97ba r 0f         f0040ff8  c.add    x15, x14
#7250 0 80000282     439c r 0f         00000000  c.lw     x15, 0x0(x15)
#7251 0 80000284 fff78693 r 0d         ffffffff  addi     x13, x15, -0x1
#7252 0 80000288 fd842603 r 0c         f0040e90  lw       x12, -0x28(x8)
#7253 0 8000028c fe442703 r 0e         0000005a  lw       x14, -0x1c(x8)
#7254 0 80000290     070a r 0e         00000168  c.slli   x14, 2
#7255 0 80000292     9732 r 0e         f0040ff8  c.add    x14, x12
#7256 0 80000294     c314 m f0040ff8   ffffffff  c.sw     x13, 0x0(x14)
#7257 0 80000296 fcf044e3 r 00         00000000  blt      x0, x15, . - 0x38
#7258 0 8000029a fe442783 r 0f         0000005a  lw       x15, -0x1c(x8)
#7259 0 8000029e     0785 r 0f         0000005b  c.addi   x15, 0x1
#7260 0 800002a0 fef42223 m f0041024   0000005b  sw       x15, -0x1c(x8)
#7261 0 800002a4 fe442703 r 0e         0000005b  lw       x14, -0x1c(x8)
#7262 0 800002a8 fe042783 r 0f         0000005b  lw       x15, -0x20(x8)
#7263 0 800002ac fcf745e3 r 00         00000000  blt      x14, x15, . - 0x36
#7264 0 800002b0     812e r 02         f0041000  c.mv     x2, x11
#7265 0 800002b2     0001 r 00         00000000  c.nop
#7266 0 800002b4 fc040113 r 02         f0041000  addi     x2, x8, -0x40
#7267 0 800002b8     5472 r 08         f0041050  c.lwsp   x8, 0x3c
#7268 0 800002ba     6121 r 02         f0041040  c.addi16sp 0x4
#7269 0 800002bc     8082 r 00         00000000  c.jr     x1
#7270 0 8000013e     0001 r 00         00000000  c.nop
#7271 0 80000140     40b2 r 01         80000018  c.lwsp   x1, 0xc
#7272 0 80000142     4422 r 08         00000000  c.lwsp   x8, 0x8
#7273 0 80000144     0141 r 02         f0041050  c.addi   x2, 0x10
#7274 0 80000146     8082 r 00         00000000  c.jr     x1
#7275 0 80000018 50580297 r 05         d0580018  auipc    x5, 0x50580
#7276 0 8000001c fe828293 r 05         d0580000  addi     x5, x5, -0x18
#7277 0 80000020 0ff00313 r 06         000000ff  addi     x6, x0, 0xff
#7278 0 80000024 00628023 m d0580000   000000ff  sb       x6, 0x0(x5)
