#1 0 80000000 595552b7 r 05         59555000  lui      x5, 0x59555
#2 0 80000004 55528293 r 05         59555555  addi     x5, x5, 0x555
#3 0 80000008 7c029073 c 07c0       59555555  csrrw    x0, mrac, x5
#4 0 8000000c 70041117 r 02         f004100c  auipc    x2, 0x70041
#5 0 80000010 ff410113 r 02         f0041000  addi     x2, x2, -0xc
#6 0 80000014     2805 r 01         80000016  c.jal    . + 0x30
#7 0 80000044     1101 r 02         f0040fe0  c.addi   x2, -0x20
#8 0 80000046     ce22 m f0040ffc   00000000  c.swsp   x8, 0x1c
#9 0 80000048     1000 r 08         f0041000  c.addi4spn  x8, 0x8
#10 0 8000004a 06400793 r 0f         00000064  addi     x15, x0, 0x64
#11 0 8000004e fef42223 m f0040fe4   00000064  sw       x15, -0x1c(x8)
#12 0 80000052     4785 r 0f         00000001  c.li     x15, 0x1
#13 0 80000054 fef42423 m f0040fe8   00000001  sw       x15, -0x18(x8)
#14 0 80000058     4785 r 0f         00000001  c.li     x15, 0x1
#15 0 8000005a fef42623 m f0040fec   00000001  sw       x15, -0x14(x8)
#16 0 8000005e     a831 r 00         00000000  c.j      . + 0x1c
#17 0 8000007a fec42703 r 0e         00000001  lw       x14, -0x14(x8)
#18 0 8000007e fe442783 r 0f         00000064  lw       x15, -0x1c(x8)
#19 0 80000082 fce7dfe3 r 00         00000000  bge      x15, x14, . - 0x22
#20 0 80000060 fe842703 r 0e         00000001  lw       x14, -0x18(x8)
#21 0 80000064 fec42783 r 0f         00000001  lw       x15, -0x14(x8)
#22 0 80000068 02f707b3 r 0f         00000001  mul      x15, x14, x15
#23 0 8000006c fef42423 m f0040fe8   00000001  sw       x15, -0x18(x8)
#24 0 80000070 fec42783 r 0f         00000001  lw       x15, -0x14(x8)
#25 0 80000074     0785 r 0f         00000002  c.addi   x15, 0x1
#26 0 80000076 fef42623 m f0040fec   00000002  sw       x15, -0x14(x8)
#27 0 8000007a fec42703 r 0e         00000002  lw       x14, -0x14(x8)
#28 0 8000007e fe442783 r 0f         00000064  lw       x15, -0x1c(x8)
#29 0 80000082 fce7dfe3 r 00         00000000  bge      x15, x14, . - 0x22
#30 0 80000060 fe842703 r 0e         00000001  lw       x14, -0x18(x8)
#31 0 80000064 fec42783 r 0f         00000002  lw       x15, -0x14(x8)
#32 0 80000068 02f707b3 r 0f         00000002  mul      x15, x14, x15
#33 0 8000006c fef42423 m f0040fe8   00000002  sw       x15, -0x18(x8)
#34 0 80000070 fec42783 r 0f         00000002  lw       x15, -0x14(x8)
#35 0 80000074     0785 r 0f         00000003  c.addi   x15, 0x1
#36 0 80000076 fef42623 m f0040fec   00000003  sw       x15, -0x14(x8)
#37 0 8000007a fec42703 r 0e         00000003  lw       x14, -0x14(x8)
#38 0 8000007e fe442783 r 0f         00000064  lw       x15, -0x1c(x8)
#39 0 80000082 fce7dfe3 r 00         00000000  bge      x15, x14, . - 0x22
#40 0 80000060 fe842703 r 0e         00000002  lw       x14, -0x18(x8)
#41 0 80000064 fec42783 r 0f         00000003  lw       x15, -0x14(x8)
#42 0 80000068 02f707b3 r 0f         00000006  mul      x15, x14, x15
#43 0 8000006c fef42423 m f0040fe8   00000006  sw       x15, -0x18(x8)
#44 0 80000070 fec42783 r 0f         00000003  lw       x15, -0x14(x8)
#45 0 80000074     0785 r 0f         00000004  c.addi   x15, 0x1
#46 0 80000076 fef42623 m f0040fec   00000004  sw       x15, -0x14(x8)
#47 0 8000007a fec42703 r 0e         00000004  lw       x14, -0x14(x8)
#48 0 8000007e fe442783 r 0f         00000064  lw       x15, -0x1c(x8)
#49 0 80000082 fce7dfe3 r 00         00000000  bge      x15, x14, . - 0x22
#50 0 80000060 fe842703 r 0e         00000006  lw       x14, -0x18(x8)
#51 0 80000064 fec42783 r 0f         00000004  lw       x15, -0x14(x8)
#52 0 80000068 02f707b3 r 0f         00000018  mul      x15, x14, x15
#53 0 8000006c fef42423 m f0040fe8   00000018  sw       x15, -0x18(x8)
#54 0 80000070 fec42783 r 0f         00000004  lw       x15, -0x14(x8)
#55 0 80000074     0785 r 0f         00000005  c.addi   x15, 0x1
#56 0 80000076 fef42623 m f0040fec   00000005  sw       x15, -0x14(x8)
#57 0 8000007a fec42703 r 0e         00000005  lw       x14, -0x14(x8)
#58 0 8000007e fe442783 r 0f         00000064  lw       x15, -0x1c(x8)
#59 0 80000082 fce7dfe3 r 00         00000000  bge      x15, x14, . - 0x22
#60 0 80000060 fe842703 r 0e         00000018  lw       x14, -0x18(x8)
#61 0 80000064 fec42783 r 0f         00000005  lw       x15, -0x14(x8)
#62 0 80000068 02f707b3 r 0f         00000078  mul      x15, x14, x15
#63 0 8000006c fef42423 m f0040fe8   00000078  sw       x15, -0x18(x8)
#64 0 80000070 fec42783 r 0f         00000005  lw       x15, -0x14(x8)
#65 0 80000074     0785 r 0f         00000006  c.addi   x15, 0x1
#66 0 80000076 fef42623 m f0040fec   00000006  sw       x15, -0x14(x8)
#67 0 8000007a fec42703 r 0e         00000006  lw       x14, -0x14(x8)
#68 0 8000007e fe442783 r 0f         00000064  lw       x15, -0x1c(x8)
#69 0 80000082 fce7dfe3 r 00         00000000  bge      x15, x14, . - 0x22
#70 0 80000060 fe842703 r 0e         00000078  lw       x14, -0x18(x8)
#71 0 80000064 fec42783 r 0f         00000006  lw       x15, -0x14(x8)
#72 0 80000068 02f707b3 r 0f         000002d0  mul      x15, x14, x15
#73 0 8000006c fef42423 m f0040fe8   000002d0  sw       x15, -0x18(x8)
#74 0 80000070 fec42783 r 0f         00000006  lw       x15, -0x14(x8)
#75 0 80000074     0785 r 0f         00000007  c.addi   x15, 0x1
#76 0 80000076 fef42623 m f0040fec   00000007  sw       x15, -0x14(x8)
#77 0 8000007a fec42703 r 0e         00000007  lw       x14, -0x14(x8)
#78 0 8000007e fe442783 r 0f         00000064  lw       x15, -0x1c(x8)
#79 0 80000082 fce7dfe3 r 00         00000000  bge      x15, x14, . - 0x22
#80 0 80000060 fe842703 r 0e         000002d0  lw       x14, -0x18(x8)
#81 0 80000064 fec42783 r 0f         00000007  lw       x15, -0x14(x8)
#82 0 80000068 02f707b3 r 0f         000013b0  mul      x15, x14, x15
#83 0 8000006c fef42423 m f0040fe8   000013b0  sw       x15, -0x18(x8)
#84 0 80000070 fec42783 r 0f         00000007  lw       x15, -0x14(x8)
#85 0 80000074     0785 r 0f         00000008  c.addi   x15, 0x1
#86 0 80000076 fef42623 m f0040fec   00000008  sw       x15, -0x14(x8)
#87 0 8000007a fec42703 r 0e         00000008  lw       x14, -0x14(x8)
#88 0 8000007e fe442783 r 0f         00000064  lw       x15, -0x1c(x8)
#89 0 80000082 fce7dfe3 r 00         00000000  bge      x15, x14, . - 0x22
#90 0 80000060 fe842703 r 0e         000013b0  lw       x14, -0x18(x8)
#91 0 80000064 fec42783 r 0f         00000008  lw       x15, -0x14(x8)
#92 0 80000068 02f707b3 r 0f         00009d80  mul      x15, x14, x15
#93 0 8000006c fef42423 m f0040fe8   00009d80  sw       x15, -0x18(x8)
#94 0 80000070 fec42783 r 0f         00000008  lw       x15, -0x14(x8)
#95 0 80000074     0785 r 0f         00000009  c.addi   x15, 0x1
#96 0 80000076 fef42623 m f0040fec   00000009  sw       x15, -0x14(x8)
#97 0 8000007a fec42703 r 0e         00000009  lw       x14, -0x14(x8)
#98 0 8000007e fe442783 r 0f         00000064  lw       x15, -0x1c(x8)
#99 0 80000082 fce7dfe3 r 00         00000000  bge      x15, x14, . - 0x22
#100 0 80000060 fe842703 r 0e         00009d80  lw       x14, -0x18(x8)
#101 0 80000064 fec42783 r 0f         00000009  lw       x15, -0x14(x8)
#102 0 80000068 02f707b3 r 0f         00058980  mul      x15, x14, x15
#103 0 8000006c fef42423 m f0040fe8   00058980  sw       x15, -0x18(x8)
#104 0 80000070 fec42783 r 0f         00000009  lw       x15, -0x14(x8)
#105 0 80000074     0785 r 0f         0000000a  c.addi   x15, 0x1
#106 0 80000076 fef42623 m f0040fec   0000000a  sw       x15, -0x14(x8)
#107 0 8000007a fec42703 r 0e         0000000a  lw       x14, -0x14(x8)
#108 0 8000007e fe442783 r 0f         00000064  lw       x15, -0x1c(x8)
#109 0 80000082 fce7dfe3 r 00         00000000  bge      x15, x14, . - 0x22
#110 0 80000060 fe842703 r 0e         00058980  lw       x14, -0x18(x8)
#111 0 80000064 fec42783 r 0f         0000000a  lw       x15, -0x14(x8)
#112 0 80000068 02f707b3 r 0f         00375f00  mul      x15, x14, x15
#113 0 8000006c fef42423 m f0040fe8   00375f00  sw       x15, -0x18(x8)
#114 0 80000070 fec42783 r 0f         0000000a  lw       x15, -0x14(x8)
#115 0 80000074     0785 r 0f         0000000b  c.addi   x15, 0x1
#116 0 80000076 fef42623 m f0040fec   0000000b  sw       x15, -0x14(x8)
#117 0 8000007a fec42703 r 0e         0000000b  lw       x14, -0x14(x8)
#118 0 8000007e fe442783 r 0f         00000064  lw       x15, -0x1c(x8)
#119 0 80000082 fce7dfe3 r 00         00000000  bge      x15, x14, . - 0x22
#120 0 80000060 fe842703 r 0e         00375f00  lw       x14, -0x18(x8)
#121 0 80000064 fec42783 r 0f         0000000b  lw       x15, -0x14(x8)
#122 0 80000068 02f707b3 r 0f         02611500  mul      x15, x14, x15
#123 0 8000006c fef42423 m f0040fe8   02611500  sw       x15, -0x18(x8)
#124 0 80000070 fec42783 r 0f         0000000b  lw       x15, -0x14(x8)
#125 0 80000074     0785 r 0f         0000000c  c.addi   x15, 0x1
#126 0 80000076 fef42623 m f0040fec   0000000c  sw       x15, -0x14(x8)
#127 0 8000007a fec42703 r 0e         0000000c  lw       x14, -0x14(x8)
#128 0 8000007e fe442783 r 0f         00000064  lw       x15, -0x1c(x8)
#129 0 80000082 fce7dfe3 r 00         00000000  bge      x15, x14, . - 0x22
#130 0 80000060 fe842703 r 0e         02611500  lw       x14, -0x18(x8)
#131 0 80000064 fec42783 r 0f         0000000c  lw       x15, -0x14(x8)
#132 0 80000068 02f707b3 r 0f         1c8cfc00  mul      x15, x14, x15
#133 0 8000006c fef42423 m f0040fe8   1c8cfc00  sw       x15, -0x18(x8)
#134 0 80000070 fec42783 r 0f         0000000c  lw       x15, -0x14(x8)
#135 0 80000074     0785 r 0f         0000000d  c.addi   x15, 0x1
#136 0 80000076 fef42623 m f0040fec   0000000d  sw       x15, -0x14(x8)
#137 0 8000007a fec42703 r 0e         0000000d  lw       x14, -0x14(x8)
#138 0 8000007e fe442783 r 0f         00000064  lw       x15, -0x1c(x8)
#139 0 80000082 fce7dfe3 r 00         00000000  bge      x15, x14, . - 0x22
#140 0 80000060 fe842703 r 0e         1c8cfc00  lw       x14, -0x18(x8)
#141 0 80000064 fec42783 r 0f         0000000d  lw       x15, -0x14(x8)
#142 0 80000068 02f707b3 r 0f         7328cc00  mul      x15, x14, x15
#143 0 8000006c fef42423 m f0040fe8   7328cc00  sw       x15, -0x18(x8)
#144 0 80000070 fec42783 r 0f         0000000d  lw       x15, -0x14(x8)
#145 0 80000074     0785 r 0f         0000000e  c.addi   x15, 0x1
#146 0 80000076 fef42623 m f0040fec   0000000e  sw       x15, -0x14(x8)
#147 0 8000007a fec42703 r 0e         0000000e  lw       x14, -0x14(x8)
#148 0 8000007e fe442783 r 0f         00000064  lw       x15, -0x1c(x8)
#149 0 80000082 fce7dfe3 r 00         00000000  bge      x15, x14, . - 0x22
#150 0 80000060 fe842703 r 0e         7328cc00  lw       x14, -0x18(x8)
#151 0 80000064 fec42783 r 0f         0000000e  lw       x15, -0x14(x8)
#152 0 80000068 02f707b3 r 0f         4c3b2800  mul      x15, x14, x15
#153 0 8000006c fef42423 m f0040fe8   4c3b2800  sw       x15, -0x18(x8)
#154 0 80000070 fec42783 r 0f         0000000e  lw       x15, -0x14(x8)
#155 0 80000074     0785 r 0f         0000000f  c.addi   x15, 0x1
#156 0 80000076 fef42623 m f0040fec   0000000f  sw       x15, -0x14(x8)
#157 0 8000007a fec42703 r 0e         0000000f  lw       x14, -0x14(x8)
#158 0 8000007e fe442783 r 0f         00000064  lw       x15, -0x1c(x8)
#159 0 80000082 fce7dfe3 r 00         00000000  bge      x15, x14, . - 0x22
#160 0 80000060 fe842703 r 0e         4c3b2800  lw       x14, -0x18(x8)
#161 0 80000064 fec42783 r 0f         0000000f  lw       x15, -0x14(x8)
#162 0 80000068 02f707b3 r 0f         77775800  mul      x15, x14, x15
#163 0 8000006c fef42423 m f0040fe8   77775800  sw       x15, -0x18(x8)
#164 0 80000070 fec42783 r 0f         0000000f  lw       x15, -0x14(x8)
#165 0 80000074     0785 r 0f         00000010  c.addi   x15, 0x1
#166 0 80000076 fef42623 m f0040fec   00000010  sw       x15, -0x14(x8)
#167 0 8000007a fec42703 r 0e         00000010  lw       x14, -0x14(x8)
#168 0 8000007e fe442783 r 0f         00000064  lw       x15, -0x1c(x8)
#169 0 80000082 fce7dfe3 r 00         00000000  bge      x15, x14, . - 0x22
#170 0 80000060 fe842703 r 0e         77775800  lw       x14, -0x18(x8)
#171 0 80000064 fec42783 r 0f         00000010  lw       x15, -0x14(x8)
#172 0 80000068 02f707b3 r 0f         77758000  mul      x15, x14, x15
#173 0 8000006c fef42423 m f0040fe8   77758000  sw       x15, -0x18(x8)
#174 0 80000070 fec42783 r 0f         00000010  lw       x15, -0x14(x8)
#175 0 80000074     0785 r 0f         00000011  c.addi   x15, 0x1
#176 0 80000076 fef42623 m f0040fec   00000011  sw       x15, -0x14(x8)
#177 0 8000007a fec42703 r 0e         00000011  lw       x14, -0x14(x8)
#178 0 8000007e fe442783 r 0f         00000064  lw       x15, -0x1c(x8)
#179 0 80000082 fce7dfe3 r 00         00000000  bge      x15, x14, . - 0x22
#180 0 80000060 fe842703 r 0e         77758000  lw       x14, -0x18(x8)
#181 0 80000064 fec42783 r 0f         00000011  lw       x15, -0x14(x8)
#182 0 80000068 02f707b3 r 0f         eecd8000  mul      x15, x14, x15
#183 0 8000006c fef42423 m f0040fe8   eecd8000  sw       x15, -0x18(x8)
#184 0 80000070 fec42783 r 0f         00000011  lw       x15, -0x14(x8)
#185 0 80000074     0785 r 0f         00000012  c.addi   x15, 0x1
#186 0 80000076 fef42623 m f0040fec   00000012  sw       x15, -0x14(x8)
#187 0 8000007a fec42703 r 0e         00000012  lw       x14, -0x14(x8)
#188 0 8000007e fe442783 r 0f         00000064  lw       x15, -0x1c(x8)
#189 0 80000082 fce7dfe3 r 00         00000000  bge      x15, x14, . - 0x22
#190 0 80000060 fe842703 r 0e         eecd8000  lw       x14, -0x18(x8)
#191 0 80000064 fec42783 r 0f         00000012  lw       x15, -0x14(x8)
#192 0 80000068 02f707b3 r 0f         ca730000  mul      x15, x14, x15
#193 0 8000006c fef42423 m f0040fe8   ca730000  sw       x15, -0x18(x8)
#194 0 80000070 fec42783 r 0f         00000012  lw       x15, -0x14(x8)
#195 0 80000074     0785 r 0f         00000013  c.addi   x15, 0x1
#196 0 80000076 fef42623 m f0040fec   00000013  sw       x15, -0x14(x8)
#197 0 8000007a fec42703 r 0e         00000013  lw       x14, -0x14(x8)
#198 0 8000007e fe442783 r 0f         00000064  lw       x15, -0x1c(x8)
#199 0 80000082 fce7dfe3 r 00         00000000  bge      x15, x14, . - 0x22
#200 0 80000060 fe842703 r 0e         ca730000  lw       x14, -0x18(x8)
#201 0 80000064 fec42783 r 0f         00000013  lw       x15, -0x14(x8)
#202 0 80000068 02f707b3 r 0f         06890000  mul      x15, x14, x15
#203 0 8000006c fef42423 m f0040fe8   06890000  sw       x15, -0x18(x8)
#204 0 80000070 fec42783 r 0f         00000013  lw       x15, -0x14(x8)
#205 0 80000074     0785 r 0f         00000014  c.addi   x15, 0x1
#206 0 80000076 fef42623 m f0040fec   00000014  sw       x15, -0x14(x8)
#207 0 8000007a fec42703 r 0e         00000014  lw       x14, -0x14(x8)
#208 0 8000007e fe442783 r 0f         00000064  lw       x15, -0x1c(x8)
#209 0 80000082 fce7dfe3 r 00         00000000  bge      x15, x14, . - 0x22
#210 0 80000060 fe842703 r 0e         06890000  lw       x14, -0x18(x8)
#211 0 80000064 fec42783 r 0f         00000014  lw       x15, -0x14(x8)
#212 0 80000068 02f707b3 r 0f         82b40000  mul      x15, x14, x15
#213 0 8000006c fef42423 m f0040fe8   82b40000  sw       x15, -0x18(x8)
#214 0 80000070 fec42783 r 0f         00000014  lw       x15, -0x14(x8)
#215 0 80000074     0785 r 0f         00000015  c.addi   x15, 0x1
#216 0 80000076 fef42623 m f0040fec   00000015  sw       x15, -0x14(x8)
#217 0 8000007a fec42703 r 0e         00000015  lw       x14, -0x14(x8)
#218 0 8000007e fe442783 r 0f         00000064  lw       x15, -0x1c(x8)
#219 0 80000082 fce7dfe3 r 00         00000000  bge      x15, x14, . - 0x22
#220 0 80000060 fe842703 r 0e         82b40000  lw       x14, -0x18(x8)
#221 0 80000064 fec42783 r 0f         00000015  lw       x15, -0x14(x8)
#222 0 80000068 02f707b3 r 0f         b8c40000  mul      x15, x14, x15
#223 0 8000006c fef42423 m f0040fe8   b8c40000  sw       x15, -0x18(x8)
#224 0 80000070 fec42783 r 0f         00000015  lw       x15, -0x14(x8)
#225 0 80000074     0785 r 0f         00000016  c.addi   x15, 0x1
#226 0 80000076 fef42623 m f0040fec   00000016  sw       x15, -0x14(x8)
#227 0 8000007a fec42703 r 0e         00000016  lw       x14, -0x14(x8)
#228 0 8000007e fe442783 r 0f         00000064  lw       x15, -0x1c(x8)
#229 0 80000082 fce7dfe3 r 00         00000000  bge      x15, x14, . - 0x22
#230 0 80000060 fe842703 r 0e         b8c40000  lw       x14, -0x18(x8)
#231 0 80000064 fec42783 r 0f         00000016  lw       x15, -0x14(x8)
#232 0 80000068 02f707b3 r 0f         e0d80000  mul      x15, x14, x15
#233 0 8000006c fef42423 m f0040fe8   e0d80000  sw       x15, -0x18(x8)
#234 0 80000070 fec42783 r 0f         00000016  lw       x15, -0x14(x8)
#235 0 80000074     0785 r 0f         00000017  c.addi   x15, 0x1
#236 0 80000076 fef42623 m f0040fec   00000017  sw       x15, -0x14(x8)
#237 0 8000007a fec42703 r 0e         00000017  lw       x14, -0x14(x8)
#238 0 8000007e fe442783 r 0f         00000064  lw       x15, -0x1c(x8)
#239 0 80000082 fce7dfe3 r 00         00000000  bge      x15, x14, . - 0x22
#240 0 80000060 fe842703 r 0e         e0d80000  lw       x14, -0x18(x8)
#241 0 80000064 fec42783 r 0f         00000017  lw       x15, -0x14(x8)
#242 0 80000068 02f707b3 r 0f         33680000  mul      x15, x14, x15
#243 0 8000006c fef42423 m f0040fe8   33680000  sw       x15, -0x18(x8)
#244 0 80000070 fec42783 r 0f         00000017  lw       x15, -0x14(x8)
#245 0 80000074     0785 r 0f         00000018  c.addi   x15, 0x1
#246 0 80000076 fef42623 m f0040fec   00000018  sw       x15, -0x14(x8)
#247 0 8000007a fec42703 r 0e         00000018  lw       x14, -0x14(x8)
#248 0 8000007e fe442783 r 0f         00000064  lw       x15, -0x1c(x8)
#249 0 80000082 fce7dfe3 r 00         00000000  bge      x15, x14, . - 0x22
#250 0 80000060 fe842703 r 0e         33680000  lw       x14, -0x18(x8)
#251 0 80000064 fec42783 r 0f         00000018  lw       x15, -0x14(x8)
#252 0 80000068 02f707b3 r 0f         d1c00000  mul      x15, x14, x15
#253 0 8000006c fef42423 m f0040fe8   d1c00000  sw       x15, -0x18(x8)
#254 0 80000070 fec42783 r 0f         00000018  lw       x15, -0x14(x8)
#255 0 80000074     0785 r 0f         00000019  c.addi   x15, 0x1
#256 0 80000076 fef42623 m f0040fec   00000019  sw       x15, -0x14(x8)
#257 0 8000007a fec42703 r 0e         00000019  lw       x14, -0x14(x8)
#258 0 8000007e fe442783 r 0f         00000064  lw       x15, -0x1c(x8)
#259 0 80000082 fce7dfe3 r 00         00000000  bge      x15, x14, . - 0x22
#260 0 80000060 fe842703 r 0e         d1c00000  lw       x14, -0x18(x8)
#261 0 80000064 fec42783 r 0f         00000019  lw       x15, -0x14(x8)
#262 0 80000068 02f707b3 r 0f         7bc00000  mul      x15, x14, x15
#263 0 8000006c fef42423 m f0040fe8   7bc00000  sw       x15, -0x18(x8)
#264 0 80000070 fec42783 r 0f         00000019  lw       x15, -0x14(x8)
#265 0 80000074     0785 r 0f         0000001a  c.addi   x15, 0x1
#266 0 80000076 fef42623 m f0040fec   0000001a  sw       x15, -0x14(x8)
#267 0 8000007a fec42703 r 0e         0000001a  lw       x14, -0x14(x8)
#268 0 8000007e fe442783 r 0f         00000064  lw       x15, -0x1c(x8)
#269 0 80000082 fce7dfe3 r 00         00000000  bge      x15, x14, . - 0x22
#270 0 80000060 fe842703 r 0e         7bc00000  lw       x14, -0x18(x8)
#271 0 80000064 fec42783 r 0f         0000001a  lw       x15, -0x14(x8)
#272 0 80000068 02f707b3 r 0f         91800000  mul      x15, x14, x15
#273 0 8000006c fef42423 m f0040fe8   91800000  sw       x15, -0x18(x8)
#274 0 80000070 fec42783 r 0f         0000001a  lw       x15, -0x14(x8)
#275 0 80000074     0785 r 0f         0000001b  c.addi   x15, 0x1
#276 0 80000076 fef42623 m f0040fec   0000001b  sw       x15, -0x14(x8)
#277 0 8000007a fec42703 r 0e         0000001b  lw       x14, -0x14(x8)
#278 0 8000007e fe442783 r 0f         00000064  lw       x15, -0x1c(x8)
#279 0 80000082 fce7dfe3 r 00         00000000  bge      x15, x14, . - 0x22
#280 0 80000060 fe842703 r 0e         91800000  lw       x14, -0x18(x8)
#281 0 80000064 fec42783 r 0f         0000001b  lw       x15, -0x14(x8)
#282 0 80000068 02f707b3 r 0f         58800000  mul      x15, x14, x15
#283 0 8000006c fef42423 m f0040fe8   58800000  sw       x15, -0x18(x8)
#284 0 80000070 fec42783 r 0f         0000001b  lw       x15, -0x14(x8)
#285 0 80000074     0785 r 0f         0000001c  c.addi   x15, 0x1
#286 0 80000076 fef42623 m f0040fec   0000001c  sw       x15, -0x14(x8)
#287 0 8000007a fec42703 r 0e         0000001c  lw       x14, -0x14(x8)
#288 0 8000007e fe442783 r 0f         00000064  lw       x15, -0x1c(x8)
#289 0 80000082 fce7dfe3 r 00         00000000  bge      x15, x14, . - 0x22
#290 0 80000060 fe842703 r 0e         58800000  lw       x14, -0x18(x8)
#291 0 80000064 fec42783 r 0f         0000001c  lw       x15, -0x14(x8)
#292 0 80000068 02f707b3 r 0f         ae000000  mul      x15, x14, x15
#293 0 8000006c fef42423 m f0040fe8   ae000000  sw       x15, -0x18(x8)
#294 0 80000070 fec42783 r 0f         0000001c  lw       x15, -0x14(x8)
#295 0 80000074     0785 r 0f         0000001d  c.addi   x15, 0x1
#296 0 80000076 fef42623 m f0040fec   0000001d  sw       x15, -0x14(x8)
#297 0 8000007a fec42703 r 0e         0000001d  lw       x14, -0x14(x8)
#298 0 8000007e fe442783 r 0f         00000064  lw       x15, -0x1c(x8)
#299 0 80000082 fce7dfe3 r 00         00000000  bge      x15, x14, . - 0x22
#300 0 80000060 fe842703 r 0e         ae000000  lw       x14, -0x18(x8)
#301 0 80000064 fec42783 r 0f         0000001d  lw       x15, -0x14(x8)
#302 0 80000068 02f707b3 r 0f         b6000000  mul      x15, x14, x15
#303 0 8000006c fef42423 m f0040fe8   b6000000  sw       x15, -0x18(x8)
#304 0 80000070 fec42783 r 0f         0000001d  lw       x15, -0x14(x8)
#305 0 80000074     0785 r 0f         0000001e  c.addi   x15, 0x1
#306 0 80000076 fef42623 m f0040fec   0000001e  sw       x15, -0x14(x8)
#307 0 8000007a fec42703 r 0e         0000001e  lw       x14, -0x14(x8)
#308 0 8000007e fe442783 r 0f         00000064  lw       x15, -0x1c(x8)
#309 0 80000082 fce7dfe3 r 00         00000000  bge      x15, x14, . - 0x22
#310 0 80000060 fe842703 r 0e         b6000000  lw       x14, -0x18(x8)
#311 0 80000064 fec42783 r 0f         0000001e  lw       x15, -0x14(x8)
#312 0 80000068 02f707b3 r 0f         54000000  mul      x15, x14, x15
#313 0 8000006c fef42423 m f0040fe8   54000000  sw       x15, -0x18(x8)
#314 0 80000070 fec42783 r 0f         0000001e  lw       x15, -0x14(x8)
#315 0 80000074     0785 r 0f         0000001f  c.addi   x15, 0x1
#316 0 80000076 fef42623 m f0040fec   0000001f  sw       x15, -0x14(x8)
#317 0 8000007a fec42703 r 0e         0000001f  lw       x14, -0x14(x8)
#318 0 8000007e fe442783 r 0f         00000064  lw       x15, -0x1c(x8)
#319 0 80000082 fce7dfe3 r 00         00000000  bge      x15, x14, . - 0x22
#320 0 80000060 fe842703 r 0e         54000000  lw       x14, -0x18(x8)
#321 0 80000064 fec42783 r 0f         0000001f  lw       x15, -0x14(x8)
#322 0 80000068 02f707b3 r 0f         2c000000  mul      x15, x14, x15
#323 0 8000006c fef42423 m f0040fe8   2c000000  sw       x15, -0x18(x8)
#324 0 80000070 fec42783 r 0f         0000001f  lw       x15, -0x14(x8)
#325 0 80000074     0785 r 0f         00000020  c.addi   x15, 0x1
#326 0 80000076 fef42623 m f0040fec   00000020  sw       x15, -0x14(x8)
#327 0 8000007a fec42703 r 0e         00000020  lw       x14, -0x14(x8)
#328 0 8000007e fe442783 r 0f         00000064  lw       x15, -0x1c(x8)
#329 0 80000082 fce7dfe3 r 00         00000000  bge      x15, x14, . - 0x22
#330 0 80000060 fe842703 r 0e         2c000000  lw       x14, -0x18(x8)
#331 0 80000064 fec42783 r 0f         00000020  lw       x15, -0x14(x8)
#332 0 80000068 02f707b3 r 0f         80000000  mul      x15, x14, x15
#333 0 8000006c fef42423 m f0040fe8   80000000  sw       x15, -0x18(x8)
#334 0 80000070 fec42783 r 0f         00000020  lw       x15, -0x14(x8)
#335 0 80000074     0785 r 0f         00000021  c.addi   x15, 0x1
#336 0 80000076 fef42623 m f0040fec   00000021  sw       x15, -0x14(x8)
#337 0 8000007a fec42703 r 0e         00000021  lw       x14, -0x14(x8)
#338 0 8000007e fe442783 r 0f         00000064  lw       x15, -0x1c(x8)
#339 0 80000082 fce7dfe3 r 00         00000000  bge      x15, x14, . - 0x22
#340 0 80000060 fe842703 r 0e         80000000  lw       x14, -0x18(x8)
#341 0 80000064 fec42783 r 0f         00000021  lw       x15, -0x14(x8)
#342 0 80000068 02f707b3 r 0f         80000000  mul      x15, x14, x15
#343 0 8000006c fef42423 m f0040fe8   80000000  sw       x15, -0x18(x8)
#344 0 80000070 fec42783 r 0f         00000021  lw       x15, -0x14(x8)
#345 0 80000074     0785 r 0f         00000022  c.addi   x15, 0x1
#346 0 80000076 fef42623 m f0040fec   00000022  sw       x15, -0x14(x8)
#347 0 8000007a fec42703 r 0e         00000022  lw       x14, -0x14(x8)
#348 0 8000007e fe442783 r 0f         00000064  lw       x15, -0x1c(x8)
#349 0 80000082 fce7dfe3 r 00         00000000  bge      x15, x14, . - 0x22
#350 0 80000060 fe842703 r 0e         80000000  lw       x14, -0x18(x8)
#351 0 80000064 fec42783 r 0f         00000022  lw       x15, -0x14(x8)
#352 0 80000068 02f707b3 r 0f         00000000  mul      x15, x14, x15
#353 0 8000006c fef42423 m f0040fe8   00000000  sw       x15, -0x18(x8)
#354 0 80000070 fec42783 r 0f         00000022  lw       x15, -0x14(x8)
#355 0 80000074     0785 r 0f         00000023  c.addi   x15, 0x1
#356 0 80000076 fef42623 m f0040fec   00000023  sw       x15, -0x14(x8)
#357 0 8000007a fec42703 r 0e         00000023  lw       x14, -0x14(x8)
#358 0 8000007e fe442783 r 0f         00000064  lw       x15, -0x1c(x8)
#359 0 80000082 fce7dfe3 r 00         00000000  bge      x15, x14, . - 0x22
#360 0 80000060 fe842703 r 0e         00000000  lw       x14, -0x18(x8)
#361 0 80000064 fec42783 r 0f         00000023  lw       x15, -0x14(x8)
#362 0 80000068 02f707b3 r 0f         00000000  mul      x15, x14, x15
#363 0 8000006c fef42423 m f0040fe8   00000000  sw       x15, -0x18(x8)
#364 0 80000070 fec42783 r 0f         00000023  lw       x15, -0x14(x8)
#365 0 80000074     0785 r 0f         00000024  c.addi   x15, 0x1
#366 0 80000076 fef42623 m f0040fec   00000024  sw       x15, -0x14(x8)
#367 0 8000007a fec42703 r 0e         00000024  lw       x14, -0x14(x8)
#368 0 8000007e fe442783 r 0f         00000064  lw       x15, -0x1c(x8)
#369 0 80000082 fce7dfe3 r 00         00000000  bge      x15, x14, . - 0x22
#370 0 80000060 fe842703 r 0e         00000000  lw       x14, -0x18(x8)
#371 0 80000064 fec42783 r 0f         00000024  lw       x15, -0x14(x8)
#372 0 80000068 02f707b3 r 0f         00000000  mul      x15, x14, x15
#373 0 8000006c fef42423 m f0040fe8   00000000  sw       x15, -0x18(x8)
#374 0 80000070 fec42783 r 0f         00000024  lw       x15, -0x14(x8)
#375 0 80000074     0785 r 0f         00000025  c.addi   x15, 0x1
#376 0 80000076 fef42623 m f0040fec   00000025  sw       x15, -0x14(x8)
#377 0 8000007a fec42703 r 0e         00000025  lw       x14, -0x14(x8)
#378 0 8000007e fe442783 r 0f         00000064  lw       x15, -0x1c(x8)
#379 0 80000082 fce7dfe3 r 00         00000000  bge      x15, x14, . - 0x22
#380 0 80000060 fe842703 r 0e         00000000  lw       x14, -0x18(x8)
#381 0 80000064 fec42783 r 0f         00000025  lw       x15, -0x14(x8)
#382 0 80000068 02f707b3 r 0f         00000000  mul      x15, x14, x15
#383 0 8000006c fef42423 m f0040fe8   00000000  sw       x15, -0x18(x8)
#384 0 80000070 fec42783 r 0f         00000025  lw       x15, -0x14(x8)
#385 0 80000074     0785 r 0f         00000026  c.addi   x15, 0x1
#386 0 80000076 fef42623 m f0040fec   00000026  sw       x15, -0x14(x8)
#387 0 8000007a fec42703 r 0e         00000026  lw       x14, -0x14(x8)
#388 0 8000007e fe442783 r 0f         00000064  lw       x15, -0x1c(x8)
#389 0 80000082 fce7dfe3 r 00         00000000  bge      x15, x14, . - 0x22
#390 0 80000060 fe842703 r 0e         00000000  lw       x14, -0x18(x8)
#391 0 80000064 fec42783 r 0f         00000026  lw       x15, -0x14(x8)
#392 0 80000068 02f707b3 r 0f         00000000  mul      x15, x14, x15
#393 0 8000006c fef42423 m f0040fe8   00000000  sw       x15, -0x18(x8)
#394 0 80000070 fec42783 r 0f         00000026  lw       x15, -0x14(x8)
#395 0 80000074     0785 r 0f         00000027  c.addi   x15, 0x1
#396 0 80000076 fef42623 m f0040fec   00000027  sw       x15, -0x14(x8)
#397 0 8000007a fec42703 r 0e         00000027  lw       x14, -0x14(x8)
#398 0 8000007e fe442783 r 0f         00000064  lw       x15, -0x1c(x8)
#399 0 80000082 fce7dfe3 r 00         00000000  bge      x15, x14, . - 0x22
#400 0 80000060 fe842703 r 0e         00000000  lw       x14, -0x18(x8)
#401 0 80000064 fec42783 r 0f         00000027  lw       x15, -0x14(x8)
#402 0 80000068 02f707b3 r 0f         00000000  mul      x15, x14, x15
#403 0 8000006c fef42423 m f0040fe8   00000000  sw       x15, -0x18(x8)
#404 0 80000070 fec42783 r 0f         00000027  lw       x15, -0x14(x8)
#405 0 80000074     0785 r 0f         00000028  c.addi   x15, 0x1
#406 0 80000076 fef42623 m f0040fec   00000028  sw       x15, -0x14(x8)
#407 0 8000007a fec42703 r 0e         00000028  lw       x14, -0x14(x8)
#408 0 8000007e fe442783 r 0f         00000064  lw       x15, -0x1c(x8)
#409 0 80000082 fce7dfe3 r 00         00000000  bge      x15, x14, . - 0x22
#410 0 80000060 fe842703 r 0e         00000000  lw       x14, -0x18(x8)
#411 0 80000064 fec42783 r 0f         00000028  lw       x15, -0x14(x8)
#412 0 80000068 02f707b3 r 0f         00000000  mul      x15, x14, x15
#413 0 8000006c fef42423 m f0040fe8   00000000  sw       x15, -0x18(x8)
#414 0 80000070 fec42783 r 0f         00000028  lw       x15, -0x14(x8)
#415 0 80000074     0785 r 0f         00000029  c.addi   x15, 0x1
#416 0 80000076 fef42623 m f0040fec   00000029  sw       x15, -0x14(x8)
#417 0 8000007a fec42703 r 0e         00000029  lw       x14, -0x14(x8)
#418 0 8000007e fe442783 r 0f         00000064  lw       x15, -0x1c(x8)
#419 0 80000082 fce7dfe3 r 00         00000000  bge      x15, x14, . - 0x22
#420 0 80000060 fe842703 r 0e         00000000  lw       x14, -0x18(x8)
#421 0 80000064 fec42783 r 0f         00000029  lw       x15, -0x14(x8)
#422 0 80000068 02f707b3 r 0f         00000000  mul      x15, x14, x15
#423 0 8000006c fef42423 m f0040fe8   00000000  sw       x15, -0x18(x8)
#424 0 80000070 fec42783 r 0f         00000029  lw       x15, -0x14(x8)
#425 0 80000074     0785 r 0f         0000002a  c.addi   x15, 0x1
#426 0 80000076 fef42623 m f0040fec   0000002a  sw       x15, -0x14(x8)
#427 0 8000007a fec42703 r 0e         0000002a  lw       x14, -0x14(x8)
#428 0 8000007e fe442783 r 0f         00000064  lw       x15, -0x1c(x8)
#429 0 80000082 fce7dfe3 r 00         00000000  bge      x15, x14, . - 0x22
#430 0 80000060 fe842703 r 0e         00000000  lw       x14, -0x18(x8)
#431 0 80000064 fec42783 r 0f         0000002a  lw       x15, -0x14(x8)
#432 0 80000068 02f707b3 r 0f         00000000  mul      x15, x14, x15
#433 0 8000006c fef42423 m f0040fe8   00000000  sw       x15, -0x18(x8)
#434 0 80000070 fec42783 r 0f         0000002a  lw       x15, -0x14(x8)
#435 0 80000074     0785 r 0f         0000002b  c.addi   x15, 0x1
#436 0 80000076 fef42623 m f0040fec   0000002b  sw       x15, -0x14(x8)
#437 0 8000007a fec42703 r 0e         0000002b  lw       x14, -0x14(x8)
#438 0 8000007e fe442783 r 0f         00000064  lw       x15, -0x1c(x8)
#439 0 80000082 fce7dfe3 r 00         00000000  bge      x15, x14, . - 0x22
#440 0 80000060 fe842703 r 0e         00000000  lw       x14, -0x18(x8)
#441 0 80000064 fec42783 r 0f         0000002b  lw       x15, -0x14(x8)
#442 0 80000068 02f707b3 r 0f         00000000  mul      x15, x14, x15
#443 0 8000006c fef42423 m f0040fe8   00000000  sw       x15, -0x18(x8)
#444 0 80000070 fec42783 r 0f         0000002b  lw       x15, -0x14(x8)
#445 0 80000074     0785 r 0f         0000002c  c.addi   x15, 0x1
#446 0 80000076 fef42623 m f0040fec   0000002c  sw       x15, -0x14(x8)
#447 0 8000007a fec42703 r 0e         0000002c  lw       x14, -0x14(x8)
#448 0 8000007e fe442783 r 0f         00000064  lw       x15, -0x1c(x8)
#449 0 80000082 fce7dfe3 r 00         00000000  bge      x15, x14, . - 0x22
#450 0 80000060 fe842703 r 0e         00000000  lw       x14, -0x18(x8)
#451 0 80000064 fec42783 r 0f         0000002c  lw       x15, -0x14(x8)
#452 0 80000068 02f707b3 r 0f         00000000  mul      x15, x14, x15
#453 0 8000006c fef42423 m f0040fe8   00000000  sw       x15, -0x18(x8)
#454 0 80000070 fec42783 r 0f         0000002c  lw       x15, -0x14(x8)
#455 0 80000074     0785 r 0f         0000002d  c.addi   x15, 0x1
#456 0 80000076 fef42623 m f0040fec   0000002d  sw       x15, -0x14(x8)
#457 0 8000007a fec42703 r 0e         0000002d  lw       x14, -0x14(x8)
#458 0 8000007e fe442783 r 0f         00000064  lw       x15, -0x1c(x8)
#459 0 80000082 fce7dfe3 r 00         00000000  bge      x15, x14, . - 0x22
#460 0 80000060 fe842703 r 0e         00000000  lw       x14, -0x18(x8)
#461 0 80000064 fec42783 r 0f         0000002d  lw       x15, -0x14(x8)
#462 0 80000068 02f707b3 r 0f         00000000  mul      x15, x14, x15
#463 0 8000006c fef42423 m f0040fe8   00000000  sw       x15, -0x18(x8)
#464 0 80000070 fec42783 r 0f         0000002d  lw       x15, -0x14(x8)
#465 0 80000074     0785 r 0f         0000002e  c.addi   x15, 0x1
#466 0 80000076 fef42623 m f0040fec   0000002e  sw       x15, -0x14(x8)
#467 0 8000007a fec42703 r 0e         0000002e  lw       x14, -0x14(x8)
#468 0 8000007e fe442783 r 0f         00000064  lw       x15, -0x1c(x8)
#469 0 80000082 fce7dfe3 r 00         00000000  bge      x15, x14, . - 0x22
#470 0 80000060 fe842703 r 0e         00000000  lw       x14, -0x18(x8)
#471 0 80000064 fec42783 r 0f         0000002e  lw       x15, -0x14(x8)
#472 0 80000068 02f707b3 r 0f         00000000  mul      x15, x14, x15
#473 0 8000006c fef42423 m f0040fe8   00000000  sw       x15, -0x18(x8)
#474 0 80000070 fec42783 r 0f         0000002e  lw       x15, -0x14(x8)
#475 0 80000074     0785 r 0f         0000002f  c.addi   x15, 0x1
#476 0 80000076 fef42623 m f0040fec   0000002f  sw       x15, -0x14(x8)
#477 0 8000007a fec42703 r 0e         0000002f  lw       x14, -0x14(x8)
#478 0 8000007e fe442783 r 0f         00000064  lw       x15, -0x1c(x8)
#479 0 80000082 fce7dfe3 r 00         00000000  bge      x15, x14, . - 0x22
#480 0 80000060 fe842703 r 0e         00000000  lw       x14, -0x18(x8)
#481 0 80000064 fec42783 r 0f         0000002f  lw       x15, -0x14(x8)
#482 0 80000068 02f707b3 r 0f         00000000  mul      x15, x14, x15
#483 0 8000006c fef42423 m f0040fe8   00000000  sw       x15, -0x18(x8)
#484 0 80000070 fec42783 r 0f         0000002f  lw       x15, -0x14(x8)
#485 0 80000074     0785 r 0f         00000030  c.addi   x15, 0x1
#486 0 80000076 fef42623 m f0040fec   00000030  sw       x15, -0x14(x8)
#487 0 8000007a fec42703 r 0e         00000030  lw       x14, -0x14(x8)
#488 0 8000007e fe442783 r 0f         00000064  lw       x15, -0x1c(x8)
#489 0 80000082 fce7dfe3 r 00         00000000  bge      x15, x14, . - 0x22
#490 0 80000060 fe842703 r 0e         00000000  lw       x14, -0x18(x8)
#491 0 80000064 fec42783 r 0f         00000030  lw       x15, -0x14(x8)
#492 0 80000068 02f707b3 r 0f         00000000  mul      x15, x14, x15
#493 0 8000006c fef42423 m f0040fe8   00000000  sw       x15, -0x18(x8)
#494 0 80000070 fec42783 r 0f         00000030  lw       x15, -0x14(x8)
#495 0 80000074     0785 r 0f         00000031  c.addi   x15, 0x1
#496 0 80000076 fef42623 m f0040fec   00000031  sw       x15, -0x14(x8)
#497 0 8000007a fec42703 r 0e         00000031  lw       x14, -0x14(x8)
#498 0 8000007e fe442783 r 0f         00000064  lw       x15, -0x1c(x8)
#499 0 80000082 fce7dfe3 r 00         00000000  bge      x15, x14, . - 0x22
#500 0 80000060 fe842703 r 0e         00000000  lw       x14, -0x18(x8)
#501 0 80000064 fec42783 r 0f         00000031  lw       x15, -0x14(x8)
#502 0 80000068 02f707b3 r 0f         00000000  mul      x15, x14, x15
#503 0 8000006c fef42423 m f0040fe8   00000000  sw       x15, -0x18(x8)
#504 0 80000070 fec42783 r 0f         00000031  lw       x15, -0x14(x8)
#505 0 80000074     0785 r 0f         00000032  c.addi   x15, 0x1
#506 0 80000076 fef42623 m f0040fec   00000032  sw       x15, -0x14(x8)
#507 0 8000007a fec42703 r 0e         00000032  lw       x14, -0x14(x8)
#508 0 8000007e fe442783 r 0f         00000064  lw       x15, -0x1c(x8)
#509 0 80000082 fce7dfe3 r 00         00000000  bge      x15, x14, . - 0x22
#510 0 80000060 fe842703 r 0e         00000000  lw       x14, -0x18(x8)
#511 0 80000064 fec42783 r 0f         00000032  lw       x15, -0x14(x8)
#512 0 80000068 02f707b3 r 0f         00000000  mul      x15, x14, x15
#513 0 8000006c fef42423 m f0040fe8   00000000  sw       x15, -0x18(x8)
#514 0 80000070 fec42783 r 0f         00000032  lw       x15, -0x14(x8)
#515 0 80000074     0785 r 0f         00000033  c.addi   x15, 0x1
#516 0 80000076 fef42623 m f0040fec   00000033  sw       x15, -0x14(x8)
#517 0 8000007a fec42703 r 0e         00000033  lw       x14, -0x14(x8)
#518 0 8000007e fe442783 r 0f         00000064  lw       x15, -0x1c(x8)
#519 0 80000082 fce7dfe3 r 00         00000000  bge      x15, x14, . - 0x22
#520 0 80000060 fe842703 r 0e         00000000  lw       x14, -0x18(x8)
#521 0 80000064 fec42783 r 0f         00000033  lw       x15, -0x14(x8)
#522 0 80000068 02f707b3 r 0f         00000000  mul      x15, x14, x15
#523 0 8000006c fef42423 m f0040fe8   00000000  sw       x15, -0x18(x8)
#524 0 80000070 fec42783 r 0f         00000033  lw       x15, -0x14(x8)
#525 0 80000074     0785 r 0f         00000034  c.addi   x15, 0x1
#526 0 80000076 fef42623 m f0040fec   00000034  sw       x15, -0x14(x8)
#527 0 8000007a fec42703 r 0e         00000034  lw       x14, -0x14(x8)
#528 0 8000007e fe442783 r 0f         00000064  lw       x15, -0x1c(x8)
#529 0 80000082 fce7dfe3 r 00         00000000  bge      x15, x14, . - 0x22
#530 0 80000060 fe842703 r 0e         00000000  lw       x14, -0x18(x8)
#531 0 80000064 fec42783 r 0f         00000034  lw       x15, -0x14(x8)
#532 0 80000068 02f707b3 r 0f         00000000  mul      x15, x14, x15
#533 0 8000006c fef42423 m f0040fe8   00000000  sw       x15, -0x18(x8)
#534 0 80000070 fec42783 r 0f         00000034  lw       x15, -0x14(x8)
#535 0 80000074     0785 r 0f         00000035  c.addi   x15, 0x1
#536 0 80000076 fef42623 m f0040fec   00000035  sw       x15, -0x14(x8)
#537 0 8000007a fec42703 r 0e         00000035  lw       x14, -0x14(x8)
#538 0 8000007e fe442783 r 0f         00000064  lw       x15, -0x1c(x8)
#539 0 80000082 fce7dfe3 r 00         00000000  bge      x15, x14, . - 0x22
#540 0 80000060 fe842703 r 0e         00000000  lw       x14, -0x18(x8)
#541 0 80000064 fec42783 r 0f         00000035  lw       x15, -0x14(x8)
#542 0 80000068 02f707b3 r 0f         00000000  mul      x15, x14, x15
#543 0 8000006c fef42423 m f0040fe8   00000000  sw       x15, -0x18(x8)
#544 0 80000070 fec42783 r 0f         00000035  lw       x15, -0x14(x8)
#545 0 80000074     0785 r 0f         00000036  c.addi   x15, 0x1
#546 0 80000076 fef42623 m f0040fec   00000036  sw       x15, -0x14(x8)
#547 0 8000007a fec42703 r 0e         00000036  lw       x14, -0x14(x8)
#548 0 8000007e fe442783 r 0f         00000064  lw       x15, -0x1c(x8)
#549 0 80000082 fce7dfe3 r 00         00000000  bge      x15, x14, . - 0x22
#550 0 80000060 fe842703 r 0e         00000000  lw       x14, -0x18(x8)
#551 0 80000064 fec42783 r 0f         00000036  lw       x15, -0x14(x8)
#552 0 80000068 02f707b3 r 0f         00000000  mul      x15, x14, x15
#553 0 8000006c fef42423 m f0040fe8   00000000  sw       x15, -0x18(x8)
#554 0 80000070 fec42783 r 0f         00000036  lw       x15, -0x14(x8)
#555 0 80000074     0785 r 0f         00000037  c.addi   x15, 0x1
#556 0 80000076 fef42623 m f0040fec   00000037  sw       x15, -0x14(x8)
#557 0 8000007a fec42703 r 0e         00000037  lw       x14, -0x14(x8)
#558 0 8000007e fe442783 r 0f         00000064  lw       x15, -0x1c(x8)
#559 0 80000082 fce7dfe3 r 00         00000000  bge      x15, x14, . - 0x22
#560 0 80000060 fe842703 r 0e         00000000  lw       x14, -0x18(x8)
#561 0 80000064 fec42783 r 0f         00000037  lw       x15, -0x14(x8)
#562 0 80000068 02f707b3 r 0f         00000000  mul      x15, x14, x15
#563 0 8000006c fef42423 m f0040fe8   00000000  sw       x15, -0x18(x8)
#564 0 80000070 fec42783 r 0f         00000037  lw       x15, -0x14(x8)
#565 0 80000074     0785 r 0f         00000038  c.addi   x15, 0x1
#566 0 80000076 fef42623 m f0040fec   00000038  sw       x15, -0x14(x8)
#567 0 8000007a fec42703 r 0e         00000038  lw       x14, -0x14(x8)
#568 0 8000007e fe442783 r 0f         00000064  lw       x15, -0x1c(x8)
#569 0 80000082 fce7dfe3 r 00         00000000  bge      x15, x14, . - 0x22
#570 0 80000060 fe842703 r 0e         00000000  lw       x14, -0x18(x8)
#571 0 80000064 fec42783 r 0f         00000038  lw       x15, -0x14(x8)
#572 0 80000068 02f707b3 r 0f         00000000  mul      x15, x14, x15
#573 0 8000006c fef42423 m f0040fe8   00000000  sw       x15, -0x18(x8)
#574 0 80000070 fec42783 r 0f         00000038  lw       x15, -0x14(x8)
#575 0 80000074     0785 r 0f         00000039  c.addi   x15, 0x1
#576 0 80000076 fef42623 m f0040fec   00000039  sw       x15, -0x14(x8)
#577 0 8000007a fec42703 r 0e         00000039  lw       x14, -0x14(x8)
#578 0 8000007e fe442783 r 0f         00000064  lw       x15, -0x1c(x8)
#579 0 80000082 fce7dfe3 r 00         00000000  bge      x15, x14, . - 0x22
#580 0 80000060 fe842703 r 0e         00000000  lw       x14, -0x18(x8)
#581 0 80000064 fec42783 r 0f         00000039  lw       x15, -0x14(x8)
#582 0 80000068 02f707b3 r 0f         00000000  mul      x15, x14, x15
#583 0 8000006c fef42423 m f0040fe8   00000000  sw       x15, -0x18(x8)
#584 0 80000070 fec42783 r 0f         00000039  lw       x15, -0x14(x8)
#585 0 80000074     0785 r 0f         0000003a  c.addi   x15, 0x1
#586 0 80000076 fef42623 m f0040fec   0000003a  sw       x15, -0x14(x8)
#587 0 8000007a fec42703 r 0e         0000003a  lw       x14, -0x14(x8)
#588 0 8000007e fe442783 r 0f         00000064  lw       x15, -0x1c(x8)
#589 0 80000082 fce7dfe3 r 00         00000000  bge      x15, x14, . - 0x22
#590 0 80000060 fe842703 r 0e         00000000  lw       x14, -0x18(x8)
#591 0 80000064 fec42783 r 0f         0000003a  lw       x15, -0x14(x8)
#592 0 80000068 02f707b3 r 0f         00000000  mul      x15, x14, x15
#593 0 8000006c fef42423 m f0040fe8   00000000  sw       x15, -0x18(x8)
#594 0 80000070 fec42783 r 0f         0000003a  lw       x15, -0x14(x8)
#595 0 80000074     0785 r 0f         0000003b  c.addi   x15, 0x1
#596 0 80000076 fef42623 m f0040fec   0000003b  sw       x15, -0x14(x8)
#597 0 8000007a fec42703 r 0e         0000003b  lw       x14, -0x14(x8)
#598 0 8000007e fe442783 r 0f         00000064  lw       x15, -0x1c(x8)
#599 0 80000082 fce7dfe3 r 00         00000000  bge      x15, x14, . - 0x22
#600 0 80000060 fe842703 r 0e         00000000  lw       x14, -0x18(x8)
#601 0 80000064 fec42783 r 0f         0000003b  lw       x15, -0x14(x8)
#602 0 80000068 02f707b3 r 0f         00000000  mul      x15, x14, x15
#603 0 8000006c fef42423 m f0040fe8   00000000  sw       x15, -0x18(x8)
#604 0 80000070 fec42783 r 0f         0000003b  lw       x15, -0x14(x8)
#605 0 80000074     0785 r 0f         0000003c  c.addi   x15, 0x1
#606 0 80000076 fef42623 m f0040fec   0000003c  sw       x15, -0x14(x8)
#607 0 8000007a fec42703 r 0e         0000003c  lw       x14, -0x14(x8)
#608 0 8000007e fe442783 r 0f         00000064  lw       x15, -0x1c(x8)
#609 0 80000082 fce7dfe3 r 00         00000000  bge      x15, x14, . - 0x22
#610 0 80000060 fe842703 r 0e         00000000  lw       x14, -0x18(x8)
#611 0 80000064 fec42783 r 0f         0000003c  lw       x15, -0x14(x8)
#612 0 80000068 02f707b3 r 0f         00000000  mul      x15, x14, x15
#613 0 8000006c fef42423 m f0040fe8   00000000  sw       x15, -0x18(x8)
#614 0 80000070 fec42783 r 0f         0000003c  lw       x15, -0x14(x8)
#615 0 80000074     0785 r 0f         0000003d  c.addi   x15, 0x1
#616 0 80000076 fef42623 m f0040fec   0000003d  sw       x15, -0x14(x8)
#617 0 8000007a fec42703 r 0e         0000003d  lw       x14, -0x14(x8)
#618 0 8000007e fe442783 r 0f         00000064  lw       x15, -0x1c(x8)
#619 0 80000082 fce7dfe3 r 00         00000000  bge      x15, x14, . - 0x22
#620 0 80000060 fe842703 r 0e         00000000  lw       x14, -0x18(x8)
#621 0 80000064 fec42783 r 0f         0000003d  lw       x15, -0x14(x8)
#622 0 80000068 02f707b3 r 0f         00000000  mul      x15, x14, x15
#623 0 8000006c fef42423 m f0040fe8   00000000  sw       x15, -0x18(x8)
#624 0 80000070 fec42783 r 0f         0000003d  lw       x15, -0x14(x8)
#625 0 80000074     0785 r 0f         0000003e  c.addi   x15, 0x1
#626 0 80000076 fef42623 m f0040fec   0000003e  sw       x15, -0x14(x8)
#627 0 8000007a fec42703 r 0e         0000003e  lw       x14, -0x14(x8)
#628 0 8000007e fe442783 r 0f         00000064  lw       x15, -0x1c(x8)
#629 0 80000082 fce7dfe3 r 00         00000000  bge      x15, x14, . - 0x22
#630 0 80000060 fe842703 r 0e         00000000  lw       x14, -0x18(x8)
#631 0 80000064 fec42783 r 0f         0000003e  lw       x15, -0x14(x8)
#632 0 80000068 02f707b3 r 0f         00000000  mul      x15, x14, x15
#633 0 8000006c fef42423 m f0040fe8   00000000  sw       x15, -0x18(x8)
#634 0 80000070 fec42783 r 0f         0000003e  lw       x15, -0x14(x8)
#635 0 80000074     0785 r 0f         0000003f  c.addi   x15, 0x1
#636 0 80000076 fef42623 m f0040fec   0000003f  sw       x15, -0x14(x8)
#637 0 8000007a fec42703 r 0e         0000003f  lw       x14, -0x14(x8)
#638 0 8000007e fe442783 r 0f         00000064  lw       x15, -0x1c(x8)
#639 0 80000082 fce7dfe3 r 00         00000000  bge      x15, x14, . - 0x22
#640 0 80000060 fe842703 r 0e         00000000  lw       x14, -0x18(x8)
#641 0 80000064 fec42783 r 0f         0000003f  lw       x15, -0x14(x8)
#642 0 80000068 02f707b3 r 0f         00000000  mul      x15, x14, x15
#643 0 8000006c fef42423 m f0040fe8   00000000  sw       x15, -0x18(x8)
#644 0 80000070 fec42783 r 0f         0000003f  lw       x15, -0x14(x8)
#645 0 80000074     0785 r 0f         00000040  c.addi   x15, 0x1
#646 0 80000076 fef42623 m f0040fec   00000040  sw       x15, -0x14(x8)
#647 0 8000007a fec42703 r 0e         00000040  lw       x14, -0x14(x8)
#648 0 8000007e fe442783 r 0f         00000064  lw       x15, -0x1c(x8)
#649 0 80000082 fce7dfe3 r 00         00000000  bge      x15, x14, . - 0x22
#650 0 80000060 fe842703 r 0e         00000000  lw       x14, -0x18(x8)
#651 0 80000064 fec42783 r 0f         00000040  lw       x15, -0x14(x8)
#652 0 80000068 02f707b3 r 0f         00000000  mul      x15, x14, x15
#653 0 8000006c fef42423 m f0040fe8   00000000  sw       x15, -0x18(x8)
#654 0 80000070 fec42783 r 0f         00000040  lw       x15, -0x14(x8)
#655 0 80000074     0785 r 0f         00000041  c.addi   x15, 0x1
#656 0 80000076 fef42623 m f0040fec   00000041  sw       x15, -0x14(x8)
#657 0 8000007a fec42703 r 0e         00000041  lw       x14, -0x14(x8)
#658 0 8000007e fe442783 r 0f         00000064  lw       x15, -0x1c(x8)
#659 0 80000082 fce7dfe3 r 00         00000000  bge      x15, x14, . - 0x22
#660 0 80000060 fe842703 r 0e         00000000  lw       x14, -0x18(x8)
#661 0 80000064 fec42783 r 0f         00000041  lw       x15, -0x14(x8)
#662 0 80000068 02f707b3 r 0f         00000000  mul      x15, x14, x15
#663 0 8000006c fef42423 m f0040fe8   00000000  sw       x15, -0x18(x8)
#664 0 80000070 fec42783 r 0f         00000041  lw       x15, -0x14(x8)
#665 0 80000074     0785 r 0f         00000042  c.addi   x15, 0x1
#666 0 80000076 fef42623 m f0040fec   00000042  sw       x15, -0x14(x8)
#667 0 8000007a fec42703 r 0e         00000042  lw       x14, -0x14(x8)
#668 0 8000007e fe442783 r 0f         00000064  lw       x15, -0x1c(x8)
#669 0 80000082 fce7dfe3 r 00         00000000  bge      x15, x14, . - 0x22
#670 0 80000060 fe842703 r 0e         00000000  lw       x14, -0x18(x8)
#671 0 80000064 fec42783 r 0f         00000042  lw       x15, -0x14(x8)
#672 0 80000068 02f707b3 r 0f         00000000  mul      x15, x14, x15
#673 0 8000006c fef42423 m f0040fe8   00000000  sw       x15, -0x18(x8)
#674 0 80000070 fec42783 r 0f         00000042  lw       x15, -0x14(x8)
#675 0 80000074     0785 r 0f         00000043  c.addi   x15, 0x1
#676 0 80000076 fef42623 m f0040fec   00000043  sw       x15, -0x14(x8)
#677 0 8000007a fec42703 r 0e         00000043  lw       x14, -0x14(x8)
#678 0 8000007e fe442783 r 0f         00000064  lw       x15, -0x1c(x8)
#679 0 80000082 fce7dfe3 r 00         00000000  bge      x15, x14, . - 0x22
#680 0 80000060 fe842703 r 0e         00000000  lw       x14, -0x18(x8)
#681 0 80000064 fec42783 r 0f         00000043  lw       x15, -0x14(x8)
#682 0 80000068 02f707b3 r 0f         00000000  mul      x15, x14, x15
#683 0 8000006c fef42423 m f0040fe8   00000000  sw       x15, -0x18(x8)
#684 0 80000070 fec42783 r 0f         00000043  lw       x15, -0x14(x8)
#685 0 80000074     0785 r 0f         00000044  c.addi   x15, 0x1
#686 0 80000076 fef42623 m f0040fec   00000044  sw       x15, -0x14(x8)
#687 0 8000007a fec42703 r 0e         00000044  lw       x14, -0x14(x8)
#688 0 8000007e fe442783 r 0f         00000064  lw       x15, -0x1c(x8)
#689 0 80000082 fce7dfe3 r 00         00000000  bge      x15, x14, . - 0x22
#690 0 80000060 fe842703 r 0e         00000000  lw       x14, -0x18(x8)
#691 0 80000064 fec42783 r 0f         00000044  lw       x15, -0x14(x8)
#692 0 80000068 02f707b3 r 0f         00000000  mul      x15, x14, x15
#693 0 8000006c fef42423 m f0040fe8   00000000  sw       x15, -0x18(x8)
#694 0 80000070 fec42783 r 0f         00000044  lw       x15, -0x14(x8)
#695 0 80000074     0785 r 0f         00000045  c.addi   x15, 0x1
#696 0 80000076 fef42623 m f0040fec   00000045  sw       x15, -0x14(x8)
#697 0 8000007a fec42703 r 0e         00000045  lw       x14, -0x14(x8)
#698 0 8000007e fe442783 r 0f         00000064  lw       x15, -0x1c(x8)
#699 0 80000082 fce7dfe3 r 00         00000000  bge      x15, x14, . - 0x22
#700 0 80000060 fe842703 r 0e         00000000  lw       x14, -0x18(x8)
#701 0 80000064 fec42783 r 0f         00000045  lw       x15, -0x14(x8)
#702 0 80000068 02f707b3 r 0f         00000000  mul      x15, x14, x15
#703 0 8000006c fef42423 m f0040fe8   00000000  sw       x15, -0x18(x8)
#704 0 80000070 fec42783 r 0f         00000045  lw       x15, -0x14(x8)
#705 0 80000074     0785 r 0f         00000046  c.addi   x15, 0x1
#706 0 80000076 fef42623 m f0040fec   00000046  sw       x15, -0x14(x8)
#707 0 8000007a fec42703 r 0e         00000046  lw       x14, -0x14(x8)
#708 0 8000007e fe442783 r 0f         00000064  lw       x15, -0x1c(x8)
#709 0 80000082 fce7dfe3 r 00         00000000  bge      x15, x14, . - 0x22
#710 0 80000060 fe842703 r 0e         00000000  lw       x14, -0x18(x8)
#711 0 80000064 fec42783 r 0f         00000046  lw       x15, -0x14(x8)
#712 0 80000068 02f707b3 r 0f         00000000  mul      x15, x14, x15
#713 0 8000006c fef42423 m f0040fe8   00000000  sw       x15, -0x18(x8)
#714 0 80000070 fec42783 r 0f         00000046  lw       x15, -0x14(x8)
#715 0 80000074     0785 r 0f         00000047  c.addi   x15, 0x1
#716 0 80000076 fef42623 m f0040fec   00000047  sw       x15, -0x14(x8)
#717 0 8000007a fec42703 r 0e         00000047  lw       x14, -0x14(x8)
#718 0 8000007e fe442783 r 0f         00000064  lw       x15, -0x1c(x8)
#719 0 80000082 fce7dfe3 r 00         00000000  bge      x15, x14, . - 0x22
#720 0 80000060 fe842703 r 0e         00000000  lw       x14, -0x18(x8)
#721 0 80000064 fec42783 r 0f         00000047  lw       x15, -0x14(x8)
#722 0 80000068 02f707b3 r 0f         00000000  mul      x15, x14, x15
#723 0 8000006c fef42423 m f0040fe8   00000000  sw       x15, -0x18(x8)
#724 0 80000070 fec42783 r 0f         00000047  lw       x15, -0x14(x8)
#725 0 80000074     0785 r 0f         00000048  c.addi   x15, 0x1
#726 0 80000076 fef42623 m f0040fec   00000048  sw       x15, -0x14(x8)
#727 0 8000007a fec42703 r 0e         00000048  lw       x14, -0x14(x8)
#728 0 8000007e fe442783 r 0f         00000064  lw       x15, -0x1c(x8)
#729 0 80000082 fce7dfe3 r 00         00000000  bge      x15, x14, . - 0x22
#730 0 80000060 fe842703 r 0e         00000000  lw       x14, -0x18(x8)
#731 0 80000064 fec42783 r 0f         00000048  lw       x15, -0x14(x8)
#732 0 80000068 02f707b3 r 0f         00000000  mul      x15, x14, x15
#733 0 8000006c fef42423 m f0040fe8   00000000  sw       x15, -0x18(x8)
#734 0 80000070 fec42783 r 0f         00000048  lw       x15, -0x14(x8)
#735 0 80000074     0785 r 0f         00000049  c.addi   x15, 0x1
#736 0 80000076 fef42623 m f0040fec   00000049  sw       x15, -0x14(x8)
#737 0 8000007a fec42703 r 0e         00000049  lw       x14, -0x14(x8)
#738 0 8000007e fe442783 r 0f         00000064  lw       x15, -0x1c(x8)
#739 0 80000082 fce7dfe3 r 00         00000000  bge      x15, x14, . - 0x22
#740 0 80000060 fe842703 r 0e         00000000  lw       x14, -0x18(x8)
#741 0 80000064 fec42783 r 0f         00000049  lw       x15, -0x14(x8)
#742 0 80000068 02f707b3 r 0f         00000000  mul      x15, x14, x15
#743 0 8000006c fef42423 m f0040fe8   00000000  sw       x15, -0x18(x8)
#744 0 80000070 fec42783 r 0f         00000049  lw       x15, -0x14(x8)
#745 0 80000074     0785 r 0f         0000004a  c.addi   x15, 0x1
#746 0 80000076 fef42623 m f0040fec   0000004a  sw       x15, -0x14(x8)
#747 0 8000007a fec42703 r 0e         0000004a  lw       x14, -0x14(x8)
#748 0 8000007e fe442783 r 0f         00000064  lw       x15, -0x1c(x8)
#749 0 80000082 fce7dfe3 r 00         00000000  bge      x15, x14, . - 0x22
#750 0 80000060 fe842703 r 0e         00000000  lw       x14, -0x18(x8)
#751 0 80000064 fec42783 r 0f         0000004a  lw       x15, -0x14(x8)
#752 0 80000068 02f707b3 r 0f         00000000  mul      x15, x14, x15
#753 0 8000006c fef42423 m f0040fe8   00000000  sw       x15, -0x18(x8)
#754 0 80000070 fec42783 r 0f         0000004a  lw       x15, -0x14(x8)
#755 0 80000074     0785 r 0f         0000004b  c.addi   x15, 0x1
#756 0 80000076 fef42623 m f0040fec   0000004b  sw       x15, -0x14(x8)
#757 0 8000007a fec42703 r 0e         0000004b  lw       x14, -0x14(x8)
#758 0 8000007e fe442783 r 0f         00000064  lw       x15, -0x1c(x8)
#759 0 80000082 fce7dfe3 r 00         00000000  bge      x15, x14, . - 0x22
#760 0 80000060 fe842703 r 0e         00000000  lw       x14, -0x18(x8)
#761 0 80000064 fec42783 r 0f         0000004b  lw       x15, -0x14(x8)
#762 0 80000068 02f707b3 r 0f         00000000  mul      x15, x14, x15
#763 0 8000006c fef42423 m f0040fe8   00000000  sw       x15, -0x18(x8)
#764 0 80000070 fec42783 r 0f         0000004b  lw       x15, -0x14(x8)
#765 0 80000074     0785 r 0f         0000004c  c.addi   x15, 0x1
#766 0 80000076 fef42623 m f0040fec   0000004c  sw       x15, -0x14(x8)
#767 0 8000007a fec42703 r 0e         0000004c  lw       x14, -0x14(x8)
#768 0 8000007e fe442783 r 0f         00000064  lw       x15, -0x1c(x8)
#769 0 80000082 fce7dfe3 r 00         00000000  bge      x15, x14, . - 0x22
#770 0 80000060 fe842703 r 0e         00000000  lw       x14, -0x18(x8)
#771 0 80000064 fec42783 r 0f         0000004c  lw       x15, -0x14(x8)
#772 0 80000068 02f707b3 r 0f         00000000  mul      x15, x14, x15
#773 0 8000006c fef42423 m f0040fe8   00000000  sw       x15, -0x18(x8)
#774 0 80000070 fec42783 r 0f         0000004c  lw       x15, -0x14(x8)
#775 0 80000074     0785 r 0f         0000004d  c.addi   x15, 0x1
#776 0 80000076 fef42623 m f0040fec   0000004d  sw       x15, -0x14(x8)
#777 0 8000007a fec42703 r 0e         0000004d  lw       x14, -0x14(x8)
#778 0 8000007e fe442783 r 0f         00000064  lw       x15, -0x1c(x8)
#779 0 80000082 fce7dfe3 r 00         00000000  bge      x15, x14, . - 0x22
#780 0 80000060 fe842703 r 0e         00000000  lw       x14, -0x18(x8)
#781 0 80000064 fec42783 r 0f         0000004d  lw       x15, -0x14(x8)
#782 0 80000068 02f707b3 r 0f         00000000  mul      x15, x14, x15
#783 0 8000006c fef42423 m f0040fe8   00000000  sw       x15, -0x18(x8)
#784 0 80000070 fec42783 r 0f         0000004d  lw       x15, -0x14(x8)
#785 0 80000074     0785 r 0f         0000004e  c.addi   x15, 0x1
#786 0 80000076 fef42623 m f0040fec   0000004e  sw       x15, -0x14(x8)
#787 0 8000007a fec42703 r 0e         0000004e  lw       x14, -0x14(x8)
#788 0 8000007e fe442783 r 0f         00000064  lw       x15, -0x1c(x8)
#789 0 80000082 fce7dfe3 r 00         00000000  bge      x15, x14, . - 0x22
#790 0 80000060 fe842703 r 0e         00000000  lw       x14, -0x18(x8)
#791 0 80000064 fec42783 r 0f         0000004e  lw       x15, -0x14(x8)
#792 0 80000068 02f707b3 r 0f         00000000  mul      x15, x14, x15
#793 0 8000006c fef42423 m f0040fe8   00000000  sw       x15, -0x18(x8)
#794 0 80000070 fec42783 r 0f         0000004e  lw       x15, -0x14(x8)
#795 0 80000074     0785 r 0f         0000004f  c.addi   x15, 0x1
#796 0 80000076 fef42623 m f0040fec   0000004f  sw       x15, -0x14(x8)
#797 0 8000007a fec42703 r 0e         0000004f  lw       x14, -0x14(x8)
#798 0 8000007e fe442783 r 0f         00000064  lw       x15, -0x1c(x8)
#799 0 80000082 fce7dfe3 r 00         00000000  bge      x15, x14, . - 0x22
#800 0 80000060 fe842703 r 0e         00000000  lw       x14, -0x18(x8)
#801 0 80000064 fec42783 r 0f         0000004f  lw       x15, -0x14(x8)
#802 0 80000068 02f707b3 r 0f         00000000  mul      x15, x14, x15
#803 0 8000006c fef42423 m f0040fe8   00000000  sw       x15, -0x18(x8)
#804 0 80000070 fec42783 r 0f         0000004f  lw       x15, -0x14(x8)
#805 0 80000074     0785 r 0f         00000050  c.addi   x15, 0x1
#806 0 80000076 fef42623 m f0040fec   00000050  sw       x15, -0x14(x8)
#807 0 8000007a fec42703 r 0e         00000050  lw       x14, -0x14(x8)
#808 0 8000007e fe442783 r 0f         00000064  lw       x15, -0x1c(x8)
#809 0 80000082 fce7dfe3 r 00         00000000  bge      x15, x14, . - 0x22
#810 0 80000060 fe842703 r 0e         00000000  lw       x14, -0x18(x8)
#811 0 80000064 fec42783 r 0f         00000050  lw       x15, -0x14(x8)
#812 0 80000068 02f707b3 r 0f         00000000  mul      x15, x14, x15
#813 0 8000006c fef42423 m f0040fe8   00000000  sw       x15, -0x18(x8)
#814 0 80000070 fec42783 r 0f         00000050  lw       x15, -0x14(x8)
#815 0 80000074     0785 r 0f         00000051  c.addi   x15, 0x1
#816 0 80000076 fef42623 m f0040fec   00000051  sw       x15, -0x14(x8)
#817 0 8000007a fec42703 r 0e         00000051  lw       x14, -0x14(x8)
#818 0 8000007e fe442783 r 0f         00000064  lw       x15, -0x1c(x8)
#819 0 80000082 fce7dfe3 r 00         00000000  bge      x15, x14, . - 0x22
#820 0 80000060 fe842703 r 0e         00000000  lw       x14, -0x18(x8)
#821 0 80000064 fec42783 r 0f         00000051  lw       x15, -0x14(x8)
#822 0 80000068 02f707b3 r 0f         00000000  mul      x15, x14, x15
#823 0 8000006c fef42423 m f0040fe8   00000000  sw       x15, -0x18(x8)
#824 0 80000070 fec42783 r 0f         00000051  lw       x15, -0x14(x8)
#825 0 80000074     0785 r 0f         00000052  c.addi   x15, 0x1
#826 0 80000076 fef42623 m f0040fec   00000052  sw       x15, -0x14(x8)
#827 0 8000007a fec42703 r 0e         00000052  lw       x14, -0x14(x8)
#828 0 8000007e fe442783 r 0f         00000064  lw       x15, -0x1c(x8)
#829 0 80000082 fce7dfe3 r 00         00000000  bge      x15, x14, . - 0x22
#830 0 80000060 fe842703 r 0e         00000000  lw       x14, -0x18(x8)
#831 0 80000064 fec42783 r 0f         00000052  lw       x15, -0x14(x8)
#832 0 80000068 02f707b3 r 0f         00000000  mul      x15, x14, x15
#833 0 8000006c fef42423 m f0040fe8   00000000  sw       x15, -0x18(x8)
#834 0 80000070 fec42783 r 0f         00000052  lw       x15, -0x14(x8)
#835 0 80000074     0785 r 0f         00000053  c.addi   x15, 0x1
#836 0 80000076 fef42623 m f0040fec   00000053  sw       x15, -0x14(x8)
#837 0 8000007a fec42703 r 0e         00000053  lw       x14, -0x14(x8)
#838 0 8000007e fe442783 r 0f         00000064  lw       x15, -0x1c(x8)
#839 0 80000082 fce7dfe3 r 00         00000000  bge      x15, x14, . - 0x22
#840 0 80000060 fe842703 r 0e         00000000  lw       x14, -0x18(x8)
#841 0 80000064 fec42783 r 0f         00000053  lw       x15, -0x14(x8)
#842 0 80000068 02f707b3 r 0f         00000000  mul      x15, x14, x15
#843 0 8000006c fef42423 m f0040fe8   00000000  sw       x15, -0x18(x8)
#844 0 80000070 fec42783 r 0f         00000053  lw       x15, -0x14(x8)
#845 0 80000074     0785 r 0f         00000054  c.addi   x15, 0x1
#846 0 80000076 fef42623 m f0040fec   00000054  sw       x15, -0x14(x8)
#847 0 8000007a fec42703 r 0e         00000054  lw       x14, -0x14(x8)
#848 0 8000007e fe442783 r 0f         00000064  lw       x15, -0x1c(x8)
#849 0 80000082 fce7dfe3 r 00         00000000  bge      x15, x14, . - 0x22
#850 0 80000060 fe842703 r 0e         00000000  lw       x14, -0x18(x8)
#851 0 80000064 fec42783 r 0f         00000054  lw       x15, -0x14(x8)
#852 0 80000068 02f707b3 r 0f         00000000  mul      x15, x14, x15
#853 0 8000006c fef42423 m f0040fe8   00000000  sw       x15, -0x18(x8)
#854 0 80000070 fec42783 r 0f         00000054  lw       x15, -0x14(x8)
#855 0 80000074     0785 r 0f         00000055  c.addi   x15, 0x1
#856 0 80000076 fef42623 m f0040fec   00000055  sw       x15, -0x14(x8)
#857 0 8000007a fec42703 r 0e         00000055  lw       x14, -0x14(x8)
#858 0 8000007e fe442783 r 0f         00000064  lw       x15, -0x1c(x8)
#859 0 80000082 fce7dfe3 r 00         00000000  bge      x15, x14, . - 0x22
#860 0 80000060 fe842703 r 0e         00000000  lw       x14, -0x18(x8)
#861 0 80000064 fec42783 r 0f         00000055  lw       x15, -0x14(x8)
#862 0 80000068 02f707b3 r 0f         00000000  mul      x15, x14, x15
#863 0 8000006c fef42423 m f0040fe8   00000000  sw       x15, -0x18(x8)
#864 0 80000070 fec42783 r 0f         00000055  lw       x15, -0x14(x8)
#865 0 80000074     0785 r 0f         00000056  c.addi   x15, 0x1
#866 0 80000076 fef42623 m f0040fec   00000056  sw       x15, -0x14(x8)
#867 0 8000007a fec42703 r 0e         00000056  lw       x14, -0x14(x8)
#868 0 8000007e fe442783 r 0f         00000064  lw       x15, -0x1c(x8)
#869 0 80000082 fce7dfe3 r 00         00000000  bge      x15, x14, . - 0x22
#870 0 80000060 fe842703 r 0e         00000000  lw       x14, -0x18(x8)
#871 0 80000064 fec42783 r 0f         00000056  lw       x15, -0x14(x8)
#872 0 80000068 02f707b3 r 0f         00000000  mul      x15, x14, x15
#873 0 8000006c fef42423 m f0040fe8   00000000  sw       x15, -0x18(x8)
#874 0 80000070 fec42783 r 0f         00000056  lw       x15, -0x14(x8)
#875 0 80000074     0785 r 0f         00000057  c.addi   x15, 0x1
#876 0 80000076 fef42623 m f0040fec   00000057  sw       x15, -0x14(x8)
#877 0 8000007a fec42703 r 0e         00000057  lw       x14, -0x14(x8)
#878 0 8000007e fe442783 r 0f         00000064  lw       x15, -0x1c(x8)
#879 0 80000082 fce7dfe3 r 00         00000000  bge      x15, x14, . - 0x22
#880 0 80000060 fe842703 r 0e         00000000  lw       x14, -0x18(x8)
#881 0 80000064 fec42783 r 0f         00000057  lw       x15, -0x14(x8)
#882 0 80000068 02f707b3 r 0f         00000000  mul      x15, x14, x15
#883 0 8000006c fef42423 m f0040fe8   00000000  sw       x15, -0x18(x8)
#884 0 80000070 fec42783 r 0f         00000057  lw       x15, -0x14(x8)
#885 0 80000074     0785 r 0f         00000058  c.addi   x15, 0x1
#886 0 80000076 fef42623 m f0040fec   00000058  sw       x15, -0x14(x8)
#887 0 8000007a fec42703 r 0e         00000058  lw       x14, -0x14(x8)
#888 0 8000007e fe442783 r 0f         00000064  lw       x15, -0x1c(x8)
#889 0 80000082 fce7dfe3 r 00         00000000  bge      x15, x14, . - 0x22
#890 0 80000060 fe842703 r 0e         00000000  lw       x14, -0x18(x8)
#891 0 80000064 fec42783 r 0f         00000058  lw       x15, -0x14(x8)
#892 0 80000068 02f707b3 r 0f         00000000  mul      x15, x14, x15
#893 0 8000006c fef42423 m f0040fe8   00000000  sw       x15, -0x18(x8)
#894 0 80000070 fec42783 r 0f         00000058  lw       x15, -0x14(x8)
#895 0 80000074     0785 r 0f         00000059  c.addi   x15, 0x1
#896 0 80000076 fef42623 m f0040fec   00000059  sw       x15, -0x14(x8)
#897 0 8000007a fec42703 r 0e         00000059  lw       x14, -0x14(x8)
#898 0 8000007e fe442783 r 0f         00000064  lw       x15, -0x1c(x8)
#899 0 80000082 fce7dfe3 r 00         00000000  bge      x15, x14, . - 0x22
#900 0 80000060 fe842703 r 0e         00000000  lw       x14, -0x18(x8)
#901 0 80000064 fec42783 r 0f         00000059  lw       x15, -0x14(x8)
#902 0 80000068 02f707b3 r 0f         00000000  mul      x15, x14, x15
#903 0 8000006c fef42423 m f0040fe8   00000000  sw       x15, -0x18(x8)
#904 0 80000070 fec42783 r 0f         00000059  lw       x15, -0x14(x8)
#905 0 80000074     0785 r 0f         0000005a  c.addi   x15, 0x1
#906 0 80000076 fef42623 m f0040fec   0000005a  sw       x15, -0x14(x8)
#907 0 8000007a fec42703 r 0e         0000005a  lw       x14, -0x14(x8)
#908 0 8000007e fe442783 r 0f         00000064  lw       x15, -0x1c(x8)
#909 0 80000082 fce7dfe3 r 00         00000000  bge      x15, x14, . - 0x22
#910 0 80000060 fe842703 r 0e         00000000  lw       x14, -0x18(x8)
#911 0 80000064 fec42783 r 0f         0000005a  lw       x15, -0x14(x8)
#912 0 80000068 02f707b3 r 0f         00000000  mul      x15, x14, x15
#913 0 8000006c fef42423 m f0040fe8   00000000  sw       x15, -0x18(x8)
#914 0 80000070 fec42783 r 0f         0000005a  lw       x15, -0x14(x8)
#915 0 80000074     0785 r 0f         0000005b  c.addi   x15, 0x1
#916 0 80000076 fef42623 m f0040fec   0000005b  sw       x15, -0x14(x8)
#917 0 8000007a fec42703 r 0e         0000005b  lw       x14, -0x14(x8)
#918 0 8000007e fe442783 r 0f         00000064  lw       x15, -0x1c(x8)
#919 0 80000082 fce7dfe3 r 00         00000000  bge      x15, x14, . - 0x22
#920 0 80000060 fe842703 r 0e         00000000  lw       x14, -0x18(x8)
#921 0 80000064 fec42783 r 0f         0000005b  lw       x15, -0x14(x8)
#922 0 80000068 02f707b3 r 0f         00000000  mul      x15, x14, x15
#923 0 8000006c fef42423 m f0040fe8   00000000  sw       x15, -0x18(x8)
#924 0 80000070 fec42783 r 0f         0000005b  lw       x15, -0x14(x8)
#925 0 80000074     0785 r 0f         0000005c  c.addi   x15, 0x1
#926 0 80000076 fef42623 m f0040fec   0000005c  sw       x15, -0x14(x8)
#927 0 8000007a fec42703 r 0e         0000005c  lw       x14, -0x14(x8)
#928 0 8000007e fe442783 r 0f         00000064  lw       x15, -0x1c(x8)
#929 0 80000082 fce7dfe3 r 00         00000000  bge      x15, x14, . - 0x22
#930 0 80000060 fe842703 r 0e         00000000  lw       x14, -0x18(x8)
#931 0 80000064 fec42783 r 0f         0000005c  lw       x15, -0x14(x8)
#932 0 80000068 02f707b3 r 0f         00000000  mul      x15, x14, x15
#933 0 8000006c fef42423 m f0040fe8   00000000  sw       x15, -0x18(x8)
#934 0 80000070 fec42783 r 0f         0000005c  lw       x15, -0x14(x8)
#935 0 80000074     0785 r 0f         0000005d  c.addi   x15, 0x1
#936 0 80000076 fef42623 m f0040fec   0000005d  sw       x15, -0x14(x8)
#937 0 8000007a fec42703 r 0e         0000005d  lw       x14, -0x14(x8)
#938 0 8000007e fe442783 r 0f         00000064  lw       x15, -0x1c(x8)
#939 0 80000082 fce7dfe3 r 00         00000000  bge      x15, x14, . - 0x22
#940 0 80000060 fe842703 r 0e         00000000  lw       x14, -0x18(x8)
#941 0 80000064 fec42783 r 0f         0000005d  lw       x15, -0x14(x8)
#942 0 80000068 02f707b3 r 0f         00000000  mul      x15, x14, x15
#943 0 8000006c fef42423 m f0040fe8   00000000  sw       x15, -0x18(x8)
#944 0 80000070 fec42783 r 0f         0000005d  lw       x15, -0x14(x8)
#945 0 80000074     0785 r 0f         0000005e  c.addi   x15, 0x1
#946 0 80000076 fef42623 m f0040fec   0000005e  sw       x15, -0x14(x8)
#947 0 8000007a fec42703 r 0e         0000005e  lw       x14, -0x14(x8)
#948 0 8000007e fe442783 r 0f         00000064  lw       x15, -0x1c(x8)
#949 0 80000082 fce7dfe3 r 00         00000000  bge      x15, x14, . - 0x22
#950 0 80000060 fe842703 r 0e         00000000  lw       x14, -0x18(x8)
#951 0 80000064 fec42783 r 0f         0000005e  lw       x15, -0x14(x8)
#952 0 80000068 02f707b3 r 0f         00000000  mul      x15, x14, x15
#953 0 8000006c fef42423 m f0040fe8   00000000  sw       x15, -0x18(x8)
#954 0 80000070 fec42783 r 0f         0000005e  lw       x15, -0x14(x8)
#955 0 80000074     0785 r 0f         0000005f  c.addi   x15, 0x1
#956 0 80000076 fef42623 m f0040fec   0000005f  sw       x15, -0x14(x8)
#957 0 8000007a fec42703 r 0e         0000005f  lw       x14, -0x14(x8)
#958 0 8000007e fe442783 r 0f         00000064  lw       x15, -0x1c(x8)
#959 0 80000082 fce7dfe3 r 00         00000000  bge      x15, x14, . - 0x22
#960 0 80000060 fe842703 r 0e         00000000  lw       x14, -0x18(x8)
#961 0 80000064 fec42783 r 0f         0000005f  lw       x15, -0x14(x8)
#962 0 80000068 02f707b3 r 0f         00000000  mul      x15, x14, x15
#963 0 8000006c fef42423 m f0040fe8   00000000  sw       x15, -0x18(x8)
#964 0 80000070 fec42783 r 0f         0000005f  lw       x15, -0x14(x8)
#965 0 80000074     0785 r 0f         00000060  c.addi   x15, 0x1
#966 0 80000076 fef42623 m f0040fec   00000060  sw       x15, -0x14(x8)
#967 0 8000007a fec42703 r 0e         00000060  lw       x14, -0x14(x8)
#968 0 8000007e fe442783 r 0f         00000064  lw       x15, -0x1c(x8)
#969 0 80000082 fce7dfe3 r 00         00000000  bge      x15, x14, . - 0x22
#970 0 80000060 fe842703 r 0e         00000000  lw       x14, -0x18(x8)
#971 0 80000064 fec42783 r 0f         00000060  lw       x15, -0x14(x8)
#972 0 80000068 02f707b3 r 0f         00000000  mul      x15, x14, x15
#973 0 8000006c fef42423 m f0040fe8   00000000  sw       x15, -0x18(x8)
#974 0 80000070 fec42783 r 0f         00000060  lw       x15, -0x14(x8)
#975 0 80000074     0785 r 0f         00000061  c.addi   x15, 0x1
#976 0 80000076 fef42623 m f0040fec   00000061  sw       x15, -0x14(x8)
#977 0 8000007a fec42703 r 0e         00000061  lw       x14, -0x14(x8)
#978 0 8000007e fe442783 r 0f         00000064  lw       x15, -0x1c(x8)
#979 0 80000082 fce7dfe3 r 00         00000000  bge      x15, x14, . - 0x22
#980 0 80000060 fe842703 r 0e         00000000  lw       x14, -0x18(x8)
#981 0 80000064 fec42783 r 0f         00000061  lw       x15, -0x14(x8)
#982 0 80000068 02f707b3 r 0f         00000000  mul      x15, x14, x15
#983 0 8000006c fef42423 m f0040fe8   00000000  sw       x15, -0x18(x8)
#984 0 80000070 fec42783 r 0f         00000061  lw       x15, -0x14(x8)
#985 0 80000074     0785 r 0f         00000062  c.addi   x15, 0x1
#986 0 80000076 fef42623 m f0040fec   00000062  sw       x15, -0x14(x8)
#987 0 8000007a fec42703 r 0e         00000062  lw       x14, -0x14(x8)
#988 0 8000007e fe442783 r 0f         00000064  lw       x15, -0x1c(x8)
#989 0 80000082 fce7dfe3 r 00         00000000  bge      x15, x14, . - 0x22
#990 0 80000060 fe842703 r 0e         00000000  lw       x14, -0x18(x8)
#991 0 80000064 fec42783 r 0f         00000062  lw       x15, -0x14(x8)
#992 0 80000068 02f707b3 r 0f         00000000  mul      x15, x14, x15
#993 0 8000006c fef42423 m f0040fe8   00000000  sw       x15, -0x18(x8)
#994 0 80000070 fec42783 r 0f         00000062  lw       x15, -0x14(x8)
#995 0 80000074     0785 r 0f         00000063  c.addi   x15, 0x1
#996 0 80000076 fef42623 m f0040fec   00000063  sw       x15, -0x14(x8)
#997 0 8000007a fec42703 r 0e         00000063  lw       x14, -0x14(x8)
#998 0 8000007e fe442783 r 0f         00000064  lw       x15, -0x1c(x8)
#999 0 80000082 fce7dfe3 r 00         00000000  bge      x15, x14, . - 0x22
#1000 0 80000060 fe842703 r 0e         00000000  lw       x14, -0x18(x8)
#1001 0 80000064 fec42783 r 0f         00000063  lw       x15, -0x14(x8)
#1002 0 80000068 02f707b3 r 0f         00000000  mul      x15, x14, x15
#1003 0 8000006c fef42423 m f0040fe8   00000000  sw       x15, -0x18(x8)
#1004 0 80000070 fec42783 r 0f         00000063  lw       x15, -0x14(x8)
#1005 0 80000074     0785 r 0f         00000064  c.addi   x15, 0x1
#1006 0 80000076 fef42623 m f0040fec   00000064  sw       x15, -0x14(x8)
#1007 0 8000007a fec42703 r 0e         00000064  lw       x14, -0x14(x8)
#1008 0 8000007e fe442783 r 0f         00000064  lw       x15, -0x1c(x8)
#1009 0 80000082 fce7dfe3 r 00         00000000  bge      x15, x14, . - 0x22
#1010 0 80000060 fe842703 r 0e         00000000  lw       x14, -0x18(x8)
#1011 0 80000064 fec42783 r 0f         00000064  lw       x15, -0x14(x8)
#1012 0 80000068 02f707b3 r 0f         00000000  mul      x15, x14, x15
#1013 0 8000006c fef42423 m f0040fe8   00000000  sw       x15, -0x18(x8)
#1014 0 80000070 fec42783 r 0f         00000064  lw       x15, -0x14(x8)
#1015 0 80000074     0785 r 0f         00000065  c.addi   x15, 0x1
#1016 0 80000076 fef42623 m f0040fec   00000065  sw       x15, -0x14(x8)
#1017 0 8000007a fec42703 r 0e         00000065  lw       x14, -0x14(x8)
#1018 0 8000007e fe442783 r 0f         00000064  lw       x15, -0x1c(x8)
#1019 0 80000082 fce7dfe3 r 00         00000000  bge      x15, x14, . - 0x22
#1020 0 80000086     0001 r 00         00000000  c.nop
#1021 0 80000088     0001 r 00         00000000  c.nop
#1022 0 8000008a     4472 r 08         00000000  c.lwsp   x8, 0x1c
#1023 0 8000008c     6105 r 02         f0041000  c.addi16sp 0x2
#1024 0 8000008e     8082 r 00         00000000  c.jr     x1
#1025 0 80000016 50580297 r 05         d0580016  auipc    x5, 0x50580
#1026 0 8000001a fea28293 r 05         d0580000  addi     x5, x5, -0x16
#1027 0 8000001e 0ff00313 r 06         000000ff  addi     x6, x0, 0xff
#1028 0 80000022 00628023 m d0580000   000000ff  sb       x6, 0x0(x5)
