#1 0 80000000 595552b7 r 05         59555000  lui      x5, 0x59555
#2 0 80000004 55528293 r 05         59555555  addi     x5, x5, 0x555
#3 0 80000008 7c029073 c 07c0       59555555  csrrw    x0, mrac, x5
#4 0 8000000c 70041117 r 02         f004100c  auipc    x2, 0x70041
#5 0 80000010 02410113 r 02         f0041030  addi     x2, x2, 0x24
#6 0 80000014 138000ef r 01         80000018  jal      x1, . + 0x138
#7 0 8000014c     1101 r 02         f0041010  c.addi   x2, -0x20
#8 0 8000014e     ce06 m f004102c   80000018  c.swsp   x1, 0x1c
#9 0 80000150     cc22 m f0041028   00000000  c.swsp   x8, 0x18
#10 0 80000152     1000 r 08         f0041030  c.addi4spn  x8, 0x8
#11 0 80000154     450d r 0a         00000003  c.li     x10, 0x3
#12 0 80000156     376d r 01         80000158  c.jal    . - 0x56
#13 0 80000100     1101 r 02         f0040ff0  c.addi   x2, -0x20
#14 0 80000102     ce06 m f004100c   80000158  c.swsp   x1, 0x1c
#15 0 80000104     cc22 m f0041008   f0041030  c.swsp   x8, 0x18
#16 0 80000106     1000 r 08         f0041010  c.addi4spn  x8, 0x8
#17 0 80000108 fea42623 m f0040ffc   00000003  sw       x10, -0x14(x8)
#18 0 8000010c     3fb1 r 01         8000010e  c.jal    . - 0xa4
#19 0 80000068     1141 r 02         f0040fe0  c.addi   x2, -0x10
#20 0 8000006a     c622 m f0040fec   f0041010  c.swsp   x8, 0xc
#21 0 8000006c     0800 r 08         f0040ff0  c.addi4spn  x8, 0x4
#22 0 8000006e f00407b7 r 0f         f0040000  lui      x15, -0xffc0
#23 0 80000072 0047a703 r 0e         ffffffff  lw       x14, 0x4(x15)
#24 0 80000076 f00407b7 r 0f         f0040000  lui      x15, -0xffc0
#25 0 8000007a 0007a783 r 0f         00000008  lw       x15, 0x0(x15)
#26 0 8000007e 00f71463 r 00         00000000  bne      x14, x15, . + 0x8
#27 0 80000086     4781 r 0f         00000000  c.li     x15, 0x0
#28 0 80000088     853e r 0a         00000000  c.mv     x10, x15
#29 0 8000008a     4432 r 08         f0041010  c.lwsp   x8, 0xc
#30 0 8000008c     0141 r 02         f0040ff0  c.addi   x2, 0x10
#31 0 8000008e     8082 r 00         00000000  c.jr     x1
#32 0 8000010e     87aa r 0f         00000000  c.mv     x15, x10
#33 0 80000110     eb85 r 00         00000000  c.bnez   x15, . + 0x30
#34 0 80000112 f00407b7 r 0f         f0040000  lui      x15, -0xffc0
#35 0 80000116 0047a783 r 0f         ffffffff  lw       x15, 0x4(x15)
#36 0 8000011a 00178713 r 0e         00000000  addi     x14, x15, 0x1
#37 0 8000011e f00407b7 r 0f         f0040000  lui      x15, -0xffc0
#38 0 80000122 00e7a223 m f0040004   00000000  sw       x14, 0x4(x15)
#39 0 80000126 f00407b7 r 0f         f0040000  lui      x15, -0xffc0
#40 0 8000012a 0047a783 r 0f         00000000  lw       x15, 0x4(x15)
#41 0 8000012e f0040737 r 0e         f0040000  lui      x14, -0xffc0
#42 0 80000132 00870713 r 0e         f0040008  addi     x14, x14, 0x8
#43 0 80000136     078a r 0f         00000000  c.slli   x15, 2
#44 0 80000138     97ba r 0f         f0040008  c.add    x15, x14
#45 0 8000013a fec42703 r 0e         00000003  lw       x14, -0x14(x8)
#46 0 8000013e     c398 m f0040008   00000003  c.sw     x14, 0x0(x15)
#47 0 80000140     0001 r 00         00000000  c.nop
#48 0 80000142     853e r 0a         f0040008  c.mv     x10, x15
#49 0 80000144     40f2 r 01         80000158  c.lwsp   x1, 0x1c
#50 0 80000146     4462 r 08         f0041030  c.lwsp   x8, 0x18
#51 0 80000148     6105 r 02         f0041010  c.addi16sp 0x2
#52 0 8000014a     8082 r 00         00000000  c.jr     x1
#53 0 80000158     4515 r 0a         00000005  c.li     x10, 0x5
#54 0 8000015a     375d r 01         8000015c  c.jal    . - 0x5a
#55 0 80000100     1101 r 02         f0040ff0  c.addi   x2, -0x20
#56 0 80000102     ce06 m f004100c   8000015c  c.swsp   x1, 0x1c
#57 0 80000104     cc22 m f0041008   f0041030  c.swsp   x8, 0x18
#58 0 80000106     1000 r 08         f0041010  c.addi4spn  x8, 0x8
#59 0 80000108 fea42623 m f0040ffc   00000005  sw       x10, -0x14(x8)
#60 0 8000010c     3fb1 r 01         8000010e  c.jal    . - 0xa4
#61 0 80000068     1141 r 02         f0040fe0  c.addi   x2, -0x10
#62 0 8000006a     c622 m f0040fec   f0041010  c.swsp   x8, 0xc
#63 0 8000006c     0800 r 08         f0040ff0  c.addi4spn  x8, 0x4
#64 0 8000006e f00407b7 r 0f         f0040000  lui      x15, -0xffc0
#65 0 80000072 0047a703 r 0e         00000000  lw       x14, 0x4(x15)
#66 0 80000076 f00407b7 r 0f         f0040000  lui      x15, -0xffc0
#67 0 8000007a 0007a783 r 0f         00000008  lw       x15, 0x0(x15)
#68 0 8000007e 00f71463 r 00         00000000  bne      x14, x15, . + 0x8
#69 0 80000086     4781 r 0f         00000000  c.li     x15, 0x0
#70 0 80000088     853e r 0a         00000000  c.mv     x10, x15
#71 0 8000008a     4432 r 08         f0041010  c.lwsp   x8, 0xc
#72 0 8000008c     0141 r 02         f0040ff0  c.addi   x2, 0x10
#73 0 8000008e     8082 r 00         00000000  c.jr     x1
#74 0 8000010e     87aa r 0f         00000000  c.mv     x15, x10
#75 0 80000110     eb85 r 00         00000000  c.bnez   x15, . + 0x30
#76 0 80000112 f00407b7 r 0f         f0040000  lui      x15, -0xffc0
#77 0 80000116 0047a783 r 0f         00000000  lw       x15, 0x4(x15)
#78 0 8000011a 00178713 r 0e         00000001  addi     x14, x15, 0x1
#79 0 8000011e f00407b7 r 0f         f0040000  lui      x15, -0xffc0
#80 0 80000122 00e7a223 m f0040004   00000001  sw       x14, 0x4(x15)
#81 0 80000126 f00407b7 r 0f         f0040000  lui      x15, -0xffc0
#82 0 8000012a 0047a783 r 0f         00000001  lw       x15, 0x4(x15)
#83 0 8000012e f0040737 r 0e         f0040000  lui      x14, -0xffc0
#84 0 80000132 00870713 r 0e         f0040008  addi     x14, x14, 0x8
#85 0 80000136     078a r 0f         00000004  c.slli   x15, 2
#86 0 80000138     97ba r 0f         f004000c  c.add    x15, x14
#87 0 8000013a fec42703 r 0e         00000005  lw       x14, -0x14(x8)
#88 0 8000013e     c398 m f004000c   00000005  c.sw     x14, 0x0(x15)
#89 0 80000140     0001 r 00         00000000  c.nop
#90 0 80000142     853e r 0a         f004000c  c.mv     x10, x15
#91 0 80000144     40f2 r 01         8000015c  c.lwsp   x1, 0x1c
#92 0 80000146     4462 r 08         f0041030  c.lwsp   x8, 0x18
#93 0 80000148     6105 r 02         f0041010  c.addi16sp 0x2
#94 0 8000014a     8082 r 00         00000000  c.jr     x1
#95 0 8000015c     4525 r 0a         00000009  c.li     x10, 0x9
#96 0 8000015e     374d r 01         80000160  c.jal    . - 0x5e
#97 0 80000100     1101 r 02         f0040ff0  c.addi   x2, -0x20
#98 0 80000102     ce06 m f004100c   80000160  c.swsp   x1, 0x1c
#99 0 80000104     cc22 m f0041008   f0041030  c.swsp   x8, 0x18
#100 0 80000106     1000 r 08         f0041010  c.addi4spn  x8, 0x8
#101 0 80000108 fea42623 m f0040ffc   00000009  sw       x10, -0x14(x8)
#102 0 8000010c     3fb1 r 01         8000010e  c.jal    . - 0xa4
#103 0 80000068     1141 r 02         f0040fe0  c.addi   x2, -0x10
#104 0 8000006a     c622 m f0040fec   f0041010  c.swsp   x8, 0xc
#105 0 8000006c     0800 r 08         f0040ff0  c.addi4spn  x8, 0x4
#106 0 8000006e f00407b7 r 0f         f0040000  lui      x15, -0xffc0
#107 0 80000072 0047a703 r 0e         00000001  lw       x14, 0x4(x15)
#108 0 80000076 f00407b7 r 0f         f0040000  lui      x15, -0xffc0
#109 0 8000007a 0007a783 r 0f         00000008  lw       x15, 0x0(x15)
#110 0 8000007e 00f71463 r 00         00000000  bne      x14, x15, . + 0x8
#111 0 80000086     4781 r 0f         00000000  c.li     x15, 0x0
#112 0 80000088     853e r 0a         00000000  c.mv     x10, x15
#113 0 8000008a     4432 r 08         f0041010  c.lwsp   x8, 0xc
#114 0 8000008c     0141 r 02         f0040ff0  c.addi   x2, 0x10
#115 0 8000008e     8082 r 00         00000000  c.jr     x1
#116 0 8000010e     87aa r 0f         00000000  c.mv     x15, x10
#117 0 80000110     eb85 r 00         00000000  c.bnez   x15, . + 0x30
#118 0 80000112 f00407b7 r 0f         f0040000  lui      x15, -0xffc0
#119 0 80000116 0047a783 r 0f         00000001  lw       x15, 0x4(x15)
#120 0 8000011a 00178713 r 0e         00000002  addi     x14, x15, 0x1
#121 0 8000011e f00407b7 r 0f         f0040000  lui      x15, -0xffc0
#122 0 80000122 00e7a223 m f0040004   00000002  sw       x14, 0x4(x15)
#123 0 80000126 f00407b7 r 0f         f0040000  lui      x15, -0xffc0
#124 0 8000012a 0047a783 r 0f         00000002  lw       x15, 0x4(x15)
#125 0 8000012e f0040737 r 0e         f0040000  lui      x14, -0xffc0
#126 0 80000132 00870713 r 0e         f0040008  addi     x14, x14, 0x8
#127 0 80000136     078a r 0f         00000008  c.slli   x15, 2
#128 0 80000138     97ba r 0f         f0040010  c.add    x15, x14
#129 0 8000013a fec42703 r 0e         00000009  lw       x14, -0x14(x8)
#130 0 8000013e     c398 m f0040010   00000009  c.sw     x14, 0x0(x15)
#131 0 80000140     0001 r 00         00000000  c.nop
#132 0 80000142     853e r 0a         f0040010  c.mv     x10, x15
#133 0 80000144     40f2 r 01         80000160  c.lwsp   x1, 0x1c
#134 0 80000146     4462 r 08         f0041030  c.lwsp   x8, 0x18
#135 0 80000148     6105 r 02         f0041010  c.addi16sp 0x2
#136 0 8000014a     8082 r 00         00000000  c.jr     x1
#137 0 80000160     4505 r 0a         00000001  c.li     x10, 0x1
#138 0 80000162     3f79 r 01         80000164  c.jal    . - 0x62
#139 0 80000100     1101 r 02         f0040ff0  c.addi   x2, -0x20
#140 0 80000102     ce06 m f004100c   80000164  c.swsp   x1, 0x1c
#141 0 80000104     cc22 m f0041008   f0041030  c.swsp   x8, 0x18
#142 0 80000106     1000 r 08         f0041010  c.addi4spn  x8, 0x8
#143 0 80000108 fea42623 m f0040ffc   00000001  sw       x10, -0x14(x8)
#144 0 8000010c     3fb1 r 01         8000010e  c.jal    . - 0xa4
#145 0 80000068     1141 r 02         f0040fe0  c.addi   x2, -0x10
#146 0 8000006a     c622 m f0040fec   f0041010  c.swsp   x8, 0xc
#147 0 8000006c     0800 r 08         f0040ff0  c.addi4spn  x8, 0x4
#148 0 8000006e f00407b7 r 0f         f0040000  lui      x15, -0xffc0
#149 0 80000072 0047a703 r 0e         00000002  lw       x14, 0x4(x15)
#150 0 80000076 f00407b7 r 0f         f0040000  lui      x15, -0xffc0
#151 0 8000007a 0007a783 r 0f         00000008  lw       x15, 0x0(x15)
#152 0 8000007e 00f71463 r 00         00000000  bne      x14, x15, . + 0x8
#153 0 80000086     4781 r 0f         00000000  c.li     x15, 0x0
#154 0 80000088     853e r 0a         00000000  c.mv     x10, x15
#155 0 8000008a     4432 r 08         f0041010  c.lwsp   x8, 0xc
#156 0 8000008c     0141 r 02         f0040ff0  c.addi   x2, 0x10
#157 0 8000008e     8082 r 00         00000000  c.jr     x1
#158 0 8000010e     87aa r 0f         00000000  c.mv     x15, x10
#159 0 80000110     eb85 r 00         00000000  c.bnez   x15, . + 0x30
#160 0 80000112 f00407b7 r 0f         f0040000  lui      x15, -0xffc0
#161 0 80000116 0047a783 r 0f         00000002  lw       x15, 0x4(x15)
#162 0 8000011a 00178713 r 0e         00000003  addi     x14, x15, 0x1
#163 0 8000011e f00407b7 r 0f         f0040000  lui      x15, -0xffc0
#164 0 80000122 00e7a223 m f0040004   00000003  sw       x14, 0x4(x15)
#165 0 80000126 f00407b7 r 0f         f0040000  lui      x15, -0xffc0
#166 0 8000012a 0047a783 r 0f         00000003  lw       x15, 0x4(x15)
#167 0 8000012e f0040737 r 0e         f0040000  lui      x14, -0xffc0
#168 0 80000132 00870713 r 0e         f0040008  addi     x14, x14, 0x8
#169 0 80000136     078a r 0f         0000000c  c.slli   x15, 2
#170 0 80000138     97ba r 0f         f0040014  c.add    x15, x14
#171 0 8000013a fec42703 r 0e         00000001  lw       x14, -0x14(x8)
#172 0 8000013e     c398 m f0040014   00000001  c.sw     x14, 0x0(x15)
#173 0 80000140     0001 r 00         00000000  c.nop
#174 0 80000142     853e r 0a         f0040014  c.mv     x10, x15
#175 0 80000144     40f2 r 01         80000164  c.lwsp   x1, 0x1c
#176 0 80000146     4462 r 08         f0041030  c.lwsp   x8, 0x18
#177 0 80000148     6105 r 02         f0041010  c.addi16sp 0x2
#178 0 8000014a     8082 r 00         00000000  c.jr     x1
#179 0 80000164     4531 r 0a         0000000c  c.li     x10, 0xc
#180 0 80000166     3f69 r 01         80000168  c.jal    . - 0x66
#181 0 80000100     1101 r 02         f0040ff0  c.addi   x2, -0x20
#182 0 80000102     ce06 m f004100c   80000168  c.swsp   x1, 0x1c
#183 0 80000104     cc22 m f0041008   f0041030  c.swsp   x8, 0x18
#184 0 80000106     1000 r 08         f0041010  c.addi4spn  x8, 0x8
#185 0 80000108 fea42623 m f0040ffc   0000000c  sw       x10, -0x14(x8)
#186 0 8000010c     3fb1 r 01         8000010e  c.jal    . - 0xa4
#187 0 80000068     1141 r 02         f0040fe0  c.addi   x2, -0x10
#188 0 8000006a     c622 m f0040fec   f0041010  c.swsp   x8, 0xc
#189 0 8000006c     0800 r 08         f0040ff0  c.addi4spn  x8, 0x4
#190 0 8000006e f00407b7 r 0f         f0040000  lui      x15, -0xffc0
#191 0 80000072 0047a703 r 0e         00000003  lw       x14, 0x4(x15)
#192 0 80000076 f00407b7 r 0f         f0040000  lui      x15, -0xffc0
#193 0 8000007a 0007a783 r 0f         00000008  lw       x15, 0x0(x15)
#194 0 8000007e 00f71463 r 00         00000000  bne      x14, x15, . + 0x8
#195 0 80000086     4781 r 0f         00000000  c.li     x15, 0x0
#196 0 80000088     853e r 0a         00000000  c.mv     x10, x15
#197 0 8000008a     4432 r 08         f0041010  c.lwsp   x8, 0xc
#198 0 8000008c     0141 r 02         f0040ff0  c.addi   x2, 0x10
#199 0 8000008e     8082 r 00         00000000  c.jr     x1
#200 0 8000010e     87aa r 0f         00000000  c.mv     x15, x10
#201 0 80000110     eb85 r 00         00000000  c.bnez   x15, . + 0x30
#202 0 80000112 f00407b7 r 0f         f0040000  lui      x15, -0xffc0
#203 0 80000116 0047a783 r 0f         00000003  lw       x15, 0x4(x15)
#204 0 8000011a 00178713 r 0e         00000004  addi     x14, x15, 0x1
#205 0 8000011e f00407b7 r 0f         f0040000  lui      x15, -0xffc0
#206 0 80000122 00e7a223 m f0040004   00000004  sw       x14, 0x4(x15)
#207 0 80000126 f00407b7 r 0f         f0040000  lui      x15, -0xffc0
#208 0 8000012a 0047a783 r 0f         00000004  lw       x15, 0x4(x15)
#209 0 8000012e f0040737 r 0e         f0040000  lui      x14, -0xffc0
#210 0 80000132 00870713 r 0e         f0040008  addi     x14, x14, 0x8
#211 0 80000136     078a r 0f         00000010  c.slli   x15, 2
#212 0 80000138     97ba r 0f         f0040018  c.add    x15, x14
#213 0 8000013a fec42703 r 0e         0000000c  lw       x14, -0x14(x8)
#214 0 8000013e     c398 m f0040018   0000000c  c.sw     x14, 0x0(x15)
#215 0 80000140     0001 r 00         00000000  c.nop
#216 0 80000142     853e r 0a         f0040018  c.mv     x10, x15
#217 0 80000144     40f2 r 01         80000168  c.lwsp   x1, 0x1c
#218 0 80000146     4462 r 08         f0041030  c.lwsp   x8, 0x18
#219 0 80000148     6105 r 02         f0041010  c.addi16sp 0x2
#220 0 8000014a     8082 r 00         00000000  c.jr     x1
#221 0 80000168     453d r 0a         0000000f  c.li     x10, 0xf
#222 0 8000016a     3f59 r 01         8000016c  c.jal    . - 0x6a
#223 0 80000100     1101 r 02         f0040ff0  c.addi   x2, -0x20
#224 0 80000102     ce06 m f004100c   8000016c  c.swsp   x1, 0x1c
#225 0 80000104     cc22 m f0041008   f0041030  c.swsp   x8, 0x18
#226 0 80000106     1000 r 08         f0041010  c.addi4spn  x8, 0x8
#227 0 80000108 fea42623 m f0040ffc   0000000f  sw       x10, -0x14(x8)
#228 0 8000010c     3fb1 r 01         8000010e  c.jal    . - 0xa4
#229 0 80000068     1141 r 02         f0040fe0  c.addi   x2, -0x10
#230 0 8000006a     c622 m f0040fec   f0041010  c.swsp   x8, 0xc
#231 0 8000006c     0800 r 08         f0040ff0  c.addi4spn  x8, 0x4
#232 0 8000006e f00407b7 r 0f         f0040000  lui      x15, -0xffc0
#233 0 80000072 0047a703 r 0e         00000004  lw       x14, 0x4(x15)
#234 0 80000076 f00407b7 r 0f         f0040000  lui      x15, -0xffc0
#235 0 8000007a 0007a783 r 0f         00000008  lw       x15, 0x0(x15)
#236 0 8000007e 00f71463 r 00         00000000  bne      x14, x15, . + 0x8
#237 0 80000086     4781 r 0f         00000000  c.li     x15, 0x0
#238 0 80000088     853e r 0a         00000000  c.mv     x10, x15
#239 0 8000008a     4432 r 08         f0041010  c.lwsp   x8, 0xc
#240 0 8000008c     0141 r 02         f0040ff0  c.addi   x2, 0x10
#241 0 8000008e     8082 r 00         00000000  c.jr     x1
#242 0 8000010e     87aa r 0f         00000000  c.mv     x15, x10
#243 0 80000110     eb85 r 00         00000000  c.bnez   x15, . + 0x30
#244 0 80000112 f00407b7 r 0f         f0040000  lui      x15, -0xffc0
#245 0 80000116 0047a783 r 0f         00000004  lw       x15, 0x4(x15)
#246 0 8000011a 00178713 r 0e         00000005  addi     x14, x15, 0x1
#247 0 8000011e f00407b7 r 0f         f0040000  lui      x15, -0xffc0
#248 0 80000122 00e7a223 m f0040004   00000005  sw       x14, 0x4(x15)
#249 0 80000126 f00407b7 r 0f         f0040000  lui      x15, -0xffc0
#250 0 8000012a 0047a783 r 0f         00000005  lw       x15, 0x4(x15)
#251 0 8000012e f0040737 r 0e         f0040000  lui      x14, -0xffc0
#252 0 80000132 00870713 r 0e         f0040008  addi     x14, x14, 0x8
#253 0 80000136     078a r 0f         00000014  c.slli   x15, 2
#254 0 80000138     97ba r 0f         f004001c  c.add    x15, x14
#255 0 8000013a fec42703 r 0e         0000000f  lw       x14, -0x14(x8)
#256 0 8000013e     c398 m f004001c   0000000f  c.sw     x14, 0x0(x15)
#257 0 80000140     0001 r 00         00000000  c.nop
#258 0 80000142     853e r 0a         f004001c  c.mv     x10, x15
#259 0 80000144     40f2 r 01         8000016c  c.lwsp   x1, 0x1c
#260 0 80000146     4462 r 08         f0041030  c.lwsp   x8, 0x18
#261 0 80000148     6105 r 02         f0041010  c.addi16sp 0x2
#262 0 8000014a     8082 r 00         00000000  c.jr     x1
#263 0 8000016c     a021 r 00         00000000  c.j      . + 0x8
#264 0 80000174     3dc9 r 01         80000176  c.jal    . - 0x12e
#265 0 80000046     1141 r 02         f0041000  c.addi   x2, -0x10
#266 0 80000048     c622 m f004100c   f0041030  c.swsp   x8, 0xc
#267 0 8000004a     0800 r 08         f0041010  c.addi4spn  x8, 0x4
#268 0 8000004c f00407b7 r 0f         f0040000  lui      x15, -0xffc0
#269 0 80000050 0047a703 r 0e         00000005  lw       x14, 0x4(x15)
#270 0 80000054     57fd r 0f         ffffffff  c.li     x15, -0x1
#271 0 80000056 00f71463 r 00         00000000  bne      x14, x15, . + 0x8
#272 0 8000005e     4781 r 0f         00000000  c.li     x15, 0x0
#273 0 80000060     853e r 0a         00000000  c.mv     x10, x15
#274 0 80000062     4432 r 08         f0041030  c.lwsp   x8, 0xc
#275 0 80000064     0141 r 02         f0041010  c.addi   x2, 0x10
#276 0 80000066     8082 r 00         00000000  c.jr     x1
#277 0 80000176     87aa r 0f         00000000  c.mv     x15, x10
#278 0 80000178     dbfd r 00         00000000  c.beqz   x15, . - 0xa
#279 0 8000016e     3799 r 01         80000170  c.jal    . - 0xba
#280 0 800000b4     1101 r 02         f0040ff0  c.addi   x2, -0x20
#281 0 800000b6     ce06 m f004100c   80000170  c.swsp   x1, 0x1c
#282 0 800000b8     cc22 m f0041008   f0041030  c.swsp   x8, 0x18
#283 0 800000ba     1000 r 08         f0041010  c.addi4spn  x8, 0x8
#284 0 800000bc     3769 r 01         800000be  c.jal    . - 0x76
#285 0 80000046     1141 r 02         f0040fe0  c.addi   x2, -0x10
#286 0 80000048     c622 m f0040fec   f0041010  c.swsp   x8, 0xc
#287 0 8000004a     0800 r 08         f0040ff0  c.addi4spn  x8, 0x4
#288 0 8000004c f00407b7 r 0f         f0040000  lui      x15, -0xffc0
#289 0 80000050 0047a703 r 0e         00000005  lw       x14, 0x4(x15)
#290 0 80000054     57fd r 0f         ffffffff  c.li     x15, -0x1
#291 0 80000056 00f71463 r 00         00000000  bne      x14, x15, . + 0x8
#292 0 8000005e     4781 r 0f         00000000  c.li     x15, 0x0
#293 0 80000060     853e r 0a         00000000  c.mv     x10, x15
#294 0 80000062     4432 r 08         f0041010  c.lwsp   x8, 0xc
#295 0 80000064     0141 r 02         f0040ff0  c.addi   x2, 0x10
#296 0 80000066     8082 r 00         00000000  c.jr     x1
#297 0 800000be     87aa r 0f         00000000  c.mv     x15, x10
#298 0 800000c0     eb9d r 00         00000000  c.bnez   x15, . + 0x36
#299 0 800000c2 f00407b7 r 0f         f0040000  lui      x15, -0xffc0
#300 0 800000c6 0047a783 r 0f         00000005  lw       x15, 0x4(x15)
#301 0 800000ca f0040737 r 0e         f0040000  lui      x14, -0xffc0
#302 0 800000ce 00870713 r 0e         f0040008  addi     x14, x14, 0x8
#303 0 800000d2     078a r 0f         00000014  c.slli   x15, 2
#304 0 800000d4     97ba r 0f         f004001c  c.add    x15, x14
#305 0 800000d6     439c r 0f         0000000f  c.lw     x15, 0x0(x15)
#306 0 800000d8 fef42623 m f0040ffc   0000000f  sw       x15, -0x14(x8)
#307 0 800000dc f00407b7 r 0f         f0040000  lui      x15, -0xffc0
#308 0 800000e0 0047a783 r 0f         00000005  lw       x15, 0x4(x15)
#309 0 800000e4 fff78713 r 0e         00000004  addi     x14, x15, -0x1
#310 0 800000e8 f00407b7 r 0f         f0040000  lui      x15, -0xffc0
#311 0 800000ec 00e7a223 m f0040004   00000004  sw       x14, 0x4(x15)
#312 0 800000f0 fec42783 r 0f         0000000f  lw       x15, -0x14(x8)
#313 0 800000f4     a009 r 00         00000000  c.j      . + 0x2
#314 0 800000f6     853e r 0a         0000000f  c.mv     x10, x15
#315 0 800000f8     40f2 r 01         80000170  c.lwsp   x1, 0x1c
#316 0 800000fa     4462 r 08         f0041030  c.lwsp   x8, 0x18
#317 0 800000fc     6105 r 02         f0041010  c.addi16sp 0x2
#318 0 800000fe     8082 r 00         00000000  c.jr     x1
#319 0 80000170 fea42623 m f004101c   0000000f  sw       x10, -0x14(x8)
#320 0 80000174     3dc9 r 01         80000176  c.jal    . - 0x12e
#321 0 80000046     1141 r 02         f0041000  c.addi   x2, -0x10
#322 0 80000048     c622 m f004100c   f0041030  c.swsp   x8, 0xc
#323 0 8000004a     0800 r 08         f0041010  c.addi4spn  x8, 0x4
#324 0 8000004c f00407b7 r 0f         f0040000  lui      x15, -0xffc0
#325 0 80000050 0047a703 r 0e         00000004  lw       x14, 0x4(x15)
#326 0 80000054     57fd r 0f         ffffffff  c.li     x15, -0x1
#327 0 80000056 00f71463 r 00         00000000  bne      x14, x15, . + 0x8
#328 0 8000005e     4781 r 0f         00000000  c.li     x15, 0x0
#329 0 80000060     853e r 0a         00000000  c.mv     x10, x15
#330 0 80000062     4432 r 08         f0041030  c.lwsp   x8, 0xc
#331 0 80000064     0141 r 02         f0041010  c.addi   x2, 0x10
#332 0 80000066     8082 r 00         00000000  c.jr     x1
#333 0 80000176     87aa r 0f         00000000  c.mv     x15, x10
#334 0 80000178     dbfd r 00         00000000  c.beqz   x15, . - 0xa
#335 0 8000016e     3799 r 01         80000170  c.jal    . - 0xba
#336 0 800000b4     1101 r 02         f0040ff0  c.addi   x2, -0x20
#337 0 800000b6     ce06 m f004100c   80000170  c.swsp   x1, 0x1c
#338 0 800000b8     cc22 m f0041008   f0041030  c.swsp   x8, 0x18
#339 0 800000ba     1000 r 08         f0041010  c.addi4spn  x8, 0x8
#340 0 800000bc     3769 r 01         800000be  c.jal    . - 0x76
#341 0 80000046     1141 r 02         f0040fe0  c.addi   x2, -0x10
#342 0 80000048     c622 m f0040fec   f0041010  c.swsp   x8, 0xc
#343 0 8000004a     0800 r 08         f0040ff0  c.addi4spn  x8, 0x4
#344 0 8000004c f00407b7 r 0f         f0040000  lui      x15, -0xffc0
#345 0 80000050 0047a703 r 0e         00000004  lw       x14, 0x4(x15)
#346 0 80000054     57fd r 0f         ffffffff  c.li     x15, -0x1
#347 0 80000056 00f71463 r 00         00000000  bne      x14, x15, . + 0x8
#348 0 8000005e     4781 r 0f         00000000  c.li     x15, 0x0
#349 0 80000060     853e r 0a         00000000  c.mv     x10, x15
#350 0 80000062     4432 r 08         f0041010  c.lwsp   x8, 0xc
#351 0 80000064     0141 r 02         f0040ff0  c.addi   x2, 0x10
#352 0 80000066     8082 r 00         00000000  c.jr     x1
#353 0 800000be     87aa r 0f         00000000  c.mv     x15, x10
#354 0 800000c0     eb9d r 00         00000000  c.bnez   x15, . + 0x36
#355 0 800000c2 f00407b7 r 0f         f0040000  lui      x15, -0xffc0
#356 0 800000c6 0047a783 r 0f         00000004  lw       x15, 0x4(x15)
#357 0 800000ca f0040737 r 0e         f0040000  lui      x14, -0xffc0
#358 0 800000ce 00870713 r 0e         f0040008  addi     x14, x14, 0x8
#359 0 800000d2     078a r 0f         00000010  c.slli   x15, 2
#360 0 800000d4     97ba r 0f         f0040018  c.add    x15, x14
#361 0 800000d6     439c r 0f         0000000c  c.lw     x15, 0x0(x15)
#362 0 800000d8 fef42623 m f0040ffc   0000000c  sw       x15, -0x14(x8)
#363 0 800000dc f00407b7 r 0f         f0040000  lui      x15, -0xffc0
#364 0 800000e0 0047a783 r 0f         00000004  lw       x15, 0x4(x15)
#365 0 800000e4 fff78713 r 0e         00000003  addi     x14, x15, -0x1
#366 0 800000e8 f00407b7 r 0f         f0040000  lui      x15, -0xffc0
#367 0 800000ec 00e7a223 m f0040004   00000003  sw       x14, 0x4(x15)
#368 0 800000f0 fec42783 r 0f         0000000c  lw       x15, -0x14(x8)
#369 0 800000f4     a009 r 00         00000000  c.j      . + 0x2
#370 0 800000f6     853e r 0a         0000000c  c.mv     x10, x15
#371 0 800000f8     40f2 r 01         80000170  c.lwsp   x1, 0x1c
#372 0 800000fa     4462 r 08         f0041030  c.lwsp   x8, 0x18
#373 0 800000fc     6105 r 02         f0041010  c.addi16sp 0x2
#374 0 800000fe     8082 r 00         00000000  c.jr     x1
#375 0 80000170 fea42623 m f004101c   0000000c  sw       x10, -0x14(x8)
#376 0 80000174     3dc9 r 01         80000176  c.jal    . - 0x12e
#377 0 80000046     1141 r 02         f0041000  c.addi   x2, -0x10
#378 0 80000048     c622 m f004100c   f0041030  c.swsp   x8, 0xc
#379 0 8000004a     0800 r 08         f0041010  c.addi4spn  x8, 0x4
#380 0 8000004c f00407b7 r 0f         f0040000  lui      x15, -0xffc0
#381 0 80000050 0047a703 r 0e         00000003  lw       x14, 0x4(x15)
#382 0 80000054     57fd r 0f         ffffffff  c.li     x15, -0x1
#383 0 80000056 00f71463 r 00         00000000  bne      x14, x15, . + 0x8
#384 0 8000005e     4781 r 0f         00000000  c.li     x15, 0x0
#385 0 80000060     853e r 0a         00000000  c.mv     x10, x15
#386 0 80000062     4432 r 08         f0041030  c.lwsp   x8, 0xc
#387 0 80000064     0141 r 02         f0041010  c.addi   x2, 0x10
#388 0 80000066     8082 r 00         00000000  c.jr     x1
#389 0 80000176     87aa r 0f         00000000  c.mv     x15, x10
#390 0 80000178     dbfd r 00         00000000  c.beqz   x15, . - 0xa
#391 0 8000016e     3799 r 01         80000170  c.jal    . - 0xba
#392 0 800000b4     1101 r 02         f0040ff0  c.addi   x2, -0x20
#393 0 800000b6     ce06 m f004100c   80000170  c.swsp   x1, 0x1c
#394 0 800000b8     cc22 m f0041008   f0041030  c.swsp   x8, 0x18
#395 0 800000ba     1000 r 08         f0041010  c.addi4spn  x8, 0x8
#396 0 800000bc     3769 r 01         800000be  c.jal    . - 0x76
#397 0 80000046     1141 r 02         f0040fe0  c.addi   x2, -0x10
#398 0 80000048     c622 m f0040fec   f0041010  c.swsp   x8, 0xc
#399 0 8000004a     0800 r 08         f0040ff0  c.addi4spn  x8, 0x4
#400 0 8000004c f00407b7 r 0f         f0040000  lui      x15, -0xffc0
#401 0 80000050 0047a703 r 0e         00000003  lw       x14, 0x4(x15)
#402 0 80000054     57fd r 0f         ffffffff  c.li     x15, -0x1
#403 0 80000056 00f71463 r 00         00000000  bne      x14, x15, . + 0x8
#404 0 8000005e     4781 r 0f         00000000  c.li     x15, 0x0
#405 0 80000060     853e r 0a         00000000  c.mv     x10, x15
#406 0 80000062     4432 r 08         f0041010  c.lwsp   x8, 0xc
#407 0 80000064     0141 r 02         f0040ff0  c.addi   x2, 0x10
#408 0 80000066     8082 r 00         00000000  c.jr     x1
#409 0 800000be     87aa r 0f         00000000  c.mv     x15, x10
#410 0 800000c0     eb9d r 00         00000000  c.bnez   x15, . + 0x36
#411 0 800000c2 f00407b7 r 0f         f0040000  lui      x15, -0xffc0
#412 0 800000c6 0047a783 r 0f         00000003  lw       x15, 0x4(x15)
#413 0 800000ca f0040737 r 0e         f0040000  lui      x14, -0xffc0
#414 0 800000ce 00870713 r 0e         f0040008  addi     x14, x14, 0x8
#415 0 800000d2     078a r 0f         0000000c  c.slli   x15, 2
#416 0 800000d4     97ba r 0f         f0040014  c.add    x15, x14
#417 0 800000d6     439c r 0f         00000001  c.lw     x15, 0x0(x15)
#418 0 800000d8 fef42623 m f0040ffc   00000001  sw       x15, -0x14(x8)
#419 0 800000dc f00407b7 r 0f         f0040000  lui      x15, -0xffc0
#420 0 800000e0 0047a783 r 0f         00000003  lw       x15, 0x4(x15)
#421 0 800000e4 fff78713 r 0e         00000002  addi     x14, x15, -0x1
#422 0 800000e8 f00407b7 r 0f         f0040000  lui      x15, -0xffc0
#423 0 800000ec 00e7a223 m f0040004   00000002  sw       x14, 0x4(x15)
#424 0 800000f0 fec42783 r 0f         00000001  lw       x15, -0x14(x8)
#425 0 800000f4     a009 r 00         00000000  c.j      . + 0x2
#426 0 800000f6     853e r 0a         00000001  c.mv     x10, x15
#427 0 800000f8     40f2 r 01         80000170  c.lwsp   x1, 0x1c
#428 0 800000fa     4462 r 08         f0041030  c.lwsp   x8, 0x18
#429 0 800000fc     6105 r 02         f0041010  c.addi16sp 0x2
#430 0 800000fe     8082 r 00         00000000  c.jr     x1
#431 0 80000170 fea42623 m f004101c   00000001  sw       x10, -0x14(x8)
#432 0 80000174     3dc9 r 01         80000176  c.jal    . - 0x12e
#433 0 80000046     1141 r 02         f0041000  c.addi   x2, -0x10
#434 0 80000048     c622 m f004100c   f0041030  c.swsp   x8, 0xc
#435 0 8000004a     0800 r 08         f0041010  c.addi4spn  x8, 0x4
#436 0 8000004c f00407b7 r 0f         f0040000  lui      x15, -0xffc0
#437 0 80000050 0047a703 r 0e         00000002  lw       x14, 0x4(x15)
#438 0 80000054     57fd r 0f         ffffffff  c.li     x15, -0x1
#439 0 80000056 00f71463 r 00         00000000  bne      x14, x15, . + 0x8
#440 0 8000005e     4781 r 0f         00000000  c.li     x15, 0x0
#441 0 80000060     853e r 0a         00000000  c.mv     x10, x15
#442 0 80000062     4432 r 08         f0041030  c.lwsp   x8, 0xc
#443 0 80000064     0141 r 02         f0041010  c.addi   x2, 0x10
#444 0 80000066     8082 r 00         00000000  c.jr     x1
#445 0 80000176     87aa r 0f         00000000  c.mv     x15, x10
#446 0 80000178     dbfd r 00         00000000  c.beqz   x15, . - 0xa
#447 0 8000016e     3799 r 01         80000170  c.jal    . - 0xba
#448 0 800000b4     1101 r 02         f0040ff0  c.addi   x2, -0x20
#449 0 800000b6     ce06 m f004100c   80000170  c.swsp   x1, 0x1c
#450 0 800000b8     cc22 m f0041008   f0041030  c.swsp   x8, 0x18
#451 0 800000ba     1000 r 08         f0041010  c.addi4spn  x8, 0x8
#452 0 800000bc     3769 r 01         800000be  c.jal    . - 0x76
#453 0 80000046     1141 r 02         f0040fe0  c.addi   x2, -0x10
#454 0 80000048     c622 m f0040fec   f0041010  c.swsp   x8, 0xc
#455 0 8000004a     0800 r 08         f0040ff0  c.addi4spn  x8, 0x4
#456 0 8000004c f00407b7 r 0f         f0040000  lui      x15, -0xffc0
#457 0 80000050 0047a703 r 0e         00000002  lw       x14, 0x4(x15)
#458 0 80000054     57fd r 0f         ffffffff  c.li     x15, -0x1
#459 0 80000056 00f71463 r 00         00000000  bne      x14, x15, . + 0x8
#460 0 8000005e     4781 r 0f         00000000  c.li     x15, 0x0
#461 0 80000060     853e r 0a         00000000  c.mv     x10, x15
#462 0 80000062     4432 r 08         f0041010  c.lwsp   x8, 0xc
#463 0 80000064     0141 r 02         f0040ff0  c.addi   x2, 0x10
#464 0 80000066     8082 r 00         00000000  c.jr     x1
#465 0 800000be     87aa r 0f         00000000  c.mv     x15, x10
#466 0 800000c0     eb9d r 00         00000000  c.bnez   x15, . + 0x36
#467 0 800000c2 f00407b7 r 0f         f0040000  lui      x15, -0xffc0
#468 0 800000c6 0047a783 r 0f         00000002  lw       x15, 0x4(x15)
#469 0 800000ca f0040737 r 0e         f0040000  lui      x14, -0xffc0
#470 0 800000ce 00870713 r 0e         f0040008  addi     x14, x14, 0x8
#471 0 800000d2     078a r 0f         00000008  c.slli   x15, 2
#472 0 800000d4     97ba r 0f         f0040010  c.add    x15, x14
#473 0 800000d6     439c r 0f         00000009  c.lw     x15, 0x0(x15)
#474 0 800000d8 fef42623 m f0040ffc   00000009  sw       x15, -0x14(x8)
#475 0 800000dc f00407b7 r 0f         f0040000  lui      x15, -0xffc0
#476 0 800000e0 0047a783 r 0f         00000002  lw       x15, 0x4(x15)
#477 0 800000e4 fff78713 r 0e         00000001  addi     x14, x15, -0x1
#478 0 800000e8 f00407b7 r 0f         f0040000  lui      x15, -0xffc0
#479 0 800000ec 00e7a223 m f0040004   00000001  sw       x14, 0x4(x15)
#480 0 800000f0 fec42783 r 0f         00000009  lw       x15, -0x14(x8)
#481 0 800000f4     a009 r 00         00000000  c.j      . + 0x2
#482 0 800000f6     853e r 0a         00000009  c.mv     x10, x15
#483 0 800000f8     40f2 r 01         80000170  c.lwsp   x1, 0x1c
#484 0 800000fa     4462 r 08         f0041030  c.lwsp   x8, 0x18
#485 0 800000fc     6105 r 02         f0041010  c.addi16sp 0x2
#486 0 800000fe     8082 r 00         00000000  c.jr     x1
#487 0 80000170 fea42623 m f004101c   00000009  sw       x10, -0x14(x8)
#488 0 80000174     3dc9 r 01         80000176  c.jal    . - 0x12e
#489 0 80000046     1141 r 02         f0041000  c.addi   x2, -0x10
#490 0 80000048     c622 m f004100c   f0041030  c.swsp   x8, 0xc
#491 0 8000004a     0800 r 08         f0041010  c.addi4spn  x8, 0x4
#492 0 8000004c f00407b7 r 0f         f0040000  lui      x15, -0xffc0
#493 0 80000050 0047a703 r 0e         00000001  lw       x14, 0x4(x15)
#494 0 80000054     57fd r 0f         ffffffff  c.li     x15, -0x1
#495 0 80000056 00f71463 r 00         00000000  bne      x14, x15, . + 0x8
#496 0 8000005e     4781 r 0f         00000000  c.li     x15, 0x0
#497 0 80000060     853e r 0a         00000000  c.mv     x10, x15
#498 0 80000062     4432 r 08         f0041030  c.lwsp   x8, 0xc
#499 0 80000064     0141 r 02         f0041010  c.addi   x2, 0x10
#500 0 80000066     8082 r 00         00000000  c.jr     x1
#501 0 80000176     87aa r 0f         00000000  c.mv     x15, x10
#502 0 80000178     dbfd r 00         00000000  c.beqz   x15, . - 0xa
#503 0 8000016e     3799 r 01         80000170  c.jal    . - 0xba
#504 0 800000b4     1101 r 02         f0040ff0  c.addi   x2, -0x20
#505 0 800000b6     ce06 m f004100c   80000170  c.swsp   x1, 0x1c
#506 0 800000b8     cc22 m f0041008   f0041030  c.swsp   x8, 0x18
#507 0 800000ba     1000 r 08         f0041010  c.addi4spn  x8, 0x8
#508 0 800000bc     3769 r 01         800000be  c.jal    . - 0x76
#509 0 80000046     1141 r 02         f0040fe0  c.addi   x2, -0x10
#510 0 80000048     c622 m f0040fec   f0041010  c.swsp   x8, 0xc
#511 0 8000004a     0800 r 08         f0040ff0  c.addi4spn  x8, 0x4
#512 0 8000004c f00407b7 r 0f         f0040000  lui      x15, -0xffc0
#513 0 80000050 0047a703 r 0e         00000001  lw       x14, 0x4(x15)
#514 0 80000054     57fd r 0f         ffffffff  c.li     x15, -0x1
#515 0 80000056 00f71463 r 00         00000000  bne      x14, x15, . + 0x8
#516 0 8000005e     4781 r 0f         00000000  c.li     x15, 0x0
#517 0 80000060     853e r 0a         00000000  c.mv     x10, x15
#518 0 80000062     4432 r 08         f0041010  c.lwsp   x8, 0xc
#519 0 80000064     0141 r 02         f0040ff0  c.addi   x2, 0x10
#520 0 80000066     8082 r 00         00000000  c.jr     x1
#521 0 800000be     87aa r 0f         00000000  c.mv     x15, x10
#522 0 800000c0     eb9d r 00         00000000  c.bnez   x15, . + 0x36
#523 0 800000c2 f00407b7 r 0f         f0040000  lui      x15, -0xffc0
#524 0 800000c6 0047a783 r 0f         00000001  lw       x15, 0x4(x15)
#525 0 800000ca f0040737 r 0e         f0040000  lui      x14, -0xffc0
#526 0 800000ce 00870713 r 0e         f0040008  addi     x14, x14, 0x8
#527 0 800000d2     078a r 0f         00000004  c.slli   x15, 2
#528 0 800000d4     97ba r 0f         f004000c  c.add    x15, x14
#529 0 800000d6     439c r 0f         00000005  c.lw     x15, 0x0(x15)
#530 0 800000d8 fef42623 m f0040ffc   00000005  sw       x15, -0x14(x8)
#531 0 800000dc f00407b7 r 0f         f0040000  lui      x15, -0xffc0
#532 0 800000e0 0047a783 r 0f         00000001  lw       x15, 0x4(x15)
#533 0 800000e4 fff78713 r 0e         00000000  addi     x14, x15, -0x1
#534 0 800000e8 f00407b7 r 0f         f0040000  lui      x15, -0xffc0
#535 0 800000ec 00e7a223 m f0040004   00000000  sw       x14, 0x4(x15)
#536 0 800000f0 fec42783 r 0f         00000005  lw       x15, -0x14(x8)
#537 0 800000f4     a009 r 00         00000000  c.j      . + 0x2
#538 0 800000f6     853e r 0a         00000005  c.mv     x10, x15
#539 0 800000f8     40f2 r 01         80000170  c.lwsp   x1, 0x1c
#540 0 800000fa     4462 r 08         f0041030  c.lwsp   x8, 0x18
#541 0 800000fc     6105 r 02         f0041010  c.addi16sp 0x2
#542 0 800000fe     8082 r 00         00000000  c.jr     x1
#543 0 80000170 fea42623 m f004101c   00000005  sw       x10, -0x14(x8)
#544 0 80000174     3dc9 r 01         80000176  c.jal    . - 0x12e
#545 0 80000046     1141 r 02         f0041000  c.addi   x2, -0x10
#546 0 80000048     c622 m f004100c   f0041030  c.swsp   x8, 0xc
#547 0 8000004a     0800 r 08         f0041010  c.addi4spn  x8, 0x4
#548 0 8000004c f00407b7 r 0f         f0040000  lui      x15, -0xffc0
#549 0 80000050 0047a703 r 0e         00000000  lw       x14, 0x4(x15)
#550 0 80000054     57fd r 0f         ffffffff  c.li     x15, -0x1
#551 0 80000056 00f71463 r 00         00000000  bne      x14, x15, . + 0x8
#552 0 8000005e     4781 r 0f         00000000  c.li     x15, 0x0
#553 0 80000060     853e r 0a         00000000  c.mv     x10, x15
#554 0 80000062     4432 r 08         f0041030  c.lwsp   x8, 0xc
#555 0 80000064     0141 r 02         f0041010  c.addi   x2, 0x10
#556 0 80000066     8082 r 00         00000000  c.jr     x1
#557 0 80000176     87aa r 0f         00000000  c.mv     x15, x10
#558 0 80000178     dbfd r 00         00000000  c.beqz   x15, . - 0xa
#559 0 8000016e     3799 r 01         80000170  c.jal    . - 0xba
#560 0 800000b4     1101 r 02         f0040ff0  c.addi   x2, -0x20
#561 0 800000b6     ce06 m f004100c   80000170  c.swsp   x1, 0x1c
#562 0 800000b8     cc22 m f0041008   f0041030  c.swsp   x8, 0x18
#563 0 800000ba     1000 r 08         f0041010  c.addi4spn  x8, 0x8
#564 0 800000bc     3769 r 01         800000be  c.jal    . - 0x76
#565 0 80000046     1141 r 02         f0040fe0  c.addi   x2, -0x10
#566 0 80000048     c622 m f0040fec   f0041010  c.swsp   x8, 0xc
#567 0 8000004a     0800 r 08         f0040ff0  c.addi4spn  x8, 0x4
#568 0 8000004c f00407b7 r 0f         f0040000  lui      x15, -0xffc0
#569 0 80000050 0047a703 r 0e         00000000  lw       x14, 0x4(x15)
#570 0 80000054     57fd r 0f         ffffffff  c.li     x15, -0x1
#571 0 80000056 00f71463 r 00         00000000  bne      x14, x15, . + 0x8
#572 0 8000005e     4781 r 0f         00000000  c.li     x15, 0x0
#573 0 80000060     853e r 0a         00000000  c.mv     x10, x15
#574 0 80000062     4432 r 08         f0041010  c.lwsp   x8, 0xc
#575 0 80000064     0141 r 02         f0040ff0  c.addi   x2, 0x10
#576 0 80000066     8082 r 00         00000000  c.jr     x1
#577 0 800000be     87aa r 0f         00000000  c.mv     x15, x10
#578 0 800000c0     eb9d r 00         00000000  c.bnez   x15, . + 0x36
#579 0 800000c2 f00407b7 r 0f         f0040000  lui      x15, -0xffc0
#580 0 800000c6 0047a783 r 0f         00000000  lw       x15, 0x4(x15)
#581 0 800000ca f0040737 r 0e         f0040000  lui      x14, -0xffc0
#582 0 800000ce 00870713 r 0e         f0040008  addi     x14, x14, 0x8
#583 0 800000d2     078a r 0f         00000000  c.slli   x15, 2
#584 0 800000d4     97ba r 0f         f0040008  c.add    x15, x14
#585 0 800000d6     439c r 0f         00000003  c.lw     x15, 0x0(x15)
#586 0 800000d8 fef42623 m f0040ffc   00000003  sw       x15, -0x14(x8)
#587 0 800000dc f00407b7 r 0f         f0040000  lui      x15, -0xffc0
#588 0 800000e0 0047a783 r 0f         00000000  lw       x15, 0x4(x15)
#589 0 800000e4 fff78713 r 0e         ffffffff  addi     x14, x15, -0x1
#590 0 800000e8 f00407b7 r 0f         f0040000  lui      x15, -0xffc0
#591 0 800000ec 00e7a223 m f0040004   ffffffff  sw       x14, 0x4(x15)
#592 0 800000f0 fec42783 r 0f         00000003  lw       x15, -0x14(x8)
#593 0 800000f4     a009 r 00         00000000  c.j      . + 0x2
#594 0 800000f6     853e r 0a         00000003  c.mv     x10, x15
#595 0 800000f8     40f2 r 01         80000170  c.lwsp   x1, 0x1c
#596 0 800000fa     4462 r 08         f0041030  c.lwsp   x8, 0x18
#597 0 800000fc     6105 r 02         f0041010  c.addi16sp 0x2
#598 0 800000fe     8082 r 00         00000000  c.jr     x1
#599 0 80000170 fea42623 m f004101c   00000003  sw       x10, -0x14(x8)
#600 0 80000174     3dc9 r 01         80000176  c.jal    . - 0x12e
#601 0 80000046     1141 r 02         f0041000  c.addi   x2, -0x10
#602 0 80000048     c622 m f004100c   f0041030  c.swsp   x8, 0xc
#603 0 8000004a     0800 r 08         f0041010  c.addi4spn  x8, 0x4
#604 0 8000004c f00407b7 r 0f         f0040000  lui      x15, -0xffc0
#605 0 80000050 0047a703 r 0e         ffffffff  lw       x14, 0x4(x15)
#606 0 80000054     57fd r 0f         ffffffff  c.li     x15, -0x1
#607 0 80000056 00f71463 r 00         00000000  bne      x14, x15, . + 0x8
#608 0 8000005a     4785 r 0f         00000001  c.li     x15, 0x1
#609 0 8000005c     a011 r 00         00000000  c.j      . + 0x4
#610 0 80000060     853e r 0a         00000001  c.mv     x10, x15
#611 0 80000062     4432 r 08         f0041030  c.lwsp   x8, 0xc
#612 0 80000064     0141 r 02         f0041010  c.addi   x2, 0x10
#613 0 80000066     8082 r 00         00000000  c.jr     x1
#614 0 80000176     87aa r 0f         00000001  c.mv     x15, x10
#615 0 80000178     dbfd r 00         00000000  c.beqz   x15, . - 0xa
#616 0 8000017a     35fd r 01         8000017c  c.jal    . - 0x112
#617 0 80000068     1141 r 02         f0041000  c.addi   x2, -0x10
#618 0 8000006a     c622 m f004100c   f0041030  c.swsp   x8, 0xc
#619 0 8000006c     0800 r 08         f0041010  c.addi4spn  x8, 0x4
#620 0 8000006e f00407b7 r 0f         f0040000  lui      x15, -0xffc0
#621 0 80000072 0047a703 r 0e         ffffffff  lw       x14, 0x4(x15)
#622 0 80000076 f00407b7 r 0f         f0040000  lui      x15, -0xffc0
#623 0 8000007a 0007a783 r 0f         00000008  lw       x15, 0x0(x15)
#624 0 8000007e 00f71463 r 00         00000000  bne      x14, x15, . + 0x8
#625 0 80000086     4781 r 0f         00000000  c.li     x15, 0x0
#626 0 80000088     853e r 0a         00000000  c.mv     x10, x15
#627 0 8000008a     4432 r 08         f0041030  c.lwsp   x8, 0xc
#628 0 8000008c     0141 r 02         f0041010  c.addi   x2, 0x10
#629 0 8000008e     8082 r 00         00000000  c.jr     x1
#630 0 8000017c     35e9 r 01         8000017e  c.jal    . - 0x136
#631 0 80000046     1141 r 02         f0041000  c.addi   x2, -0x10
#632 0 80000048     c622 m f004100c   f0041030  c.swsp   x8, 0xc
#633 0 8000004a     0800 r 08         f0041010  c.addi4spn  x8, 0x4
#634 0 8000004c f00407b7 r 0f         f0040000  lui      x15, -0xffc0
#635 0 80000050 0047a703 r 0e         ffffffff  lw       x14, 0x4(x15)
#636 0 80000054     57fd r 0f         ffffffff  c.li     x15, -0x1
#637 0 80000056 00f71463 r 00         00000000  bne      x14, x15, . + 0x8
#638 0 8000005a     4785 r 0f         00000001  c.li     x15, 0x1
#639 0 8000005c     a011 r 00         00000000  c.j      . + 0x4
#640 0 80000060     853e r 0a         00000001  c.mv     x10, x15
#641 0 80000062     4432 r 08         f0041030  c.lwsp   x8, 0xc
#642 0 80000064     0141 r 02         f0041010  c.addi   x2, 0x10
#643 0 80000066     8082 r 00         00000000  c.jr     x1
#644 0 8000017e     0001 r 00         00000000  c.nop
#645 0 80000180     40f2 r 01         80000018  c.lwsp   x1, 0x1c
#646 0 80000182     4462 r 08         00000000  c.lwsp   x8, 0x18
#647 0 80000184     6105 r 02         f0041030  c.addi16sp 0x2
#648 0 80000186     8082 r 00         00000000  c.jr     x1
#649 0 80000018 50580297 r 05         d0580018  auipc    x5, 0x50580
#650 0 8000001c fe828293 r 05         d0580000  addi     x5, x5, -0x18
#651 0 80000020 0ff00313 r 06         000000ff  addi     x6, x0, 0xff
#652 0 80000024 00628023 m d0580000   000000ff  sb       x6, 0x0(x5)
